<?xml version="1.0" encoding="UTF-8"?>
<testsuite xmlns:xsi="http://www.w3.org/2001/XMLSchema-instance" xsi:noNamespaceSchemaLocation="https://maven.apache.org/surefire/maven-surefire-plugin/xsd/surefire-test-report.xsd" name="org.apache.hadoop.ozone.freon.TestRandomKeyGenerator" time="145.844" tests="5" errors="1" skipped="0" failures="0">
  <properties>
    <property name="awt.toolkit" value="sun.awt.X11.XToolkit"/>
    <property name="file.encoding.pkg" value="sun.io"/>
    <property name="java.specification.version" value="1.8"/>
    <property name="sun.cpu.isalist" value=""/>
    <property name="sun.jnu.encoding" value="UTF-8"/>
    <property name="java.class.path" value="/tmp/workdir/hadoop-ozone/tools/target/test-classes:/tmp/workdir/hadoop-ozone/tools/target/classes:/tmp/workdir/hadoop-ozone/ozone-manager/target/classes:/tmp/workdir/hadoop-hdds/docs/target/classes:/home/user/.m2/repository/org/bouncycastle/bcprov-jdk15on/1.60/bcprov-jdk15on-1.60.jar:/tmp/workdir/hadoop-ozone/common/target/classes:/home/user/.m2/repository/org/apache/commons/commons-compress/1.4.1/commons-compress-1.4.1.jar:/home/user/.m2/repository/org/tukaani/xz/1.0/xz-1.0.jar:/home/user/.m2/repository/org/apache/hadoop/hadoop-hdfs-client/3.2.0/hadoop-hdfs-client-3.2.0.jar:/home/user/.m2/repository/com/fasterxml/jackson/core/jackson-annotations/2.9.5/jackson-annotations-2.9.5.jar:/tmp/workdir/hadoop-hdds/common/target/classes:/tmp/workdir/hadoop-hdds/config/target/classes:/home/user/.m2/repository/javax/annotation/javax.annotation-api/1.2/javax.annotation-api-1.2.jar:/home/user/.m2/repository/org/apache/ratis/ratis-server/0.4.0-2337318-SNAPSHOT/ratis-server-0.4.0-2337318-SNAPSHOT.jar:/home/user/.m2/repository/org/apache/ratis/ratis-thirdparty-misc/0.2.0/ratis-thirdparty-misc-0.2.0.jar:/home/user/.m2/repository/org/apache/ratis/ratis-proto/0.4.0-2337318-SNAPSHOT/ratis-proto-0.4.0-2337318-SNAPSHOT.jar:/home/user/.m2/repository/org/apache/ratis/ratis-common/0.4.0-2337318-SNAPSHOT/ratis-common-0.4.0-2337318-SNAPSHOT.jar:/home/user/.m2/repository/org/apache/ratis/ratis-client/0.4.0-2337318-SNAPSHOT/ratis-client-0.4.0-2337318-SNAPSHOT.jar:/home/user/.m2/repository/org/apache/ratis/ratis-metrics/0.4.0-2337318-SNAPSHOT/ratis-metrics-0.4.0-2337318-SNAPSHOT.jar:/home/user/.m2/repository/org/apache/ratis/ratis-netty/0.4.0-2337318-SNAPSHOT/ratis-netty-0.4.0-2337318-SNAPSHOT.jar:/home/user/.m2/repository/org/apache/ratis/ratis-grpc/0.4.0-2337318-SNAPSHOT/ratis-grpc-0.4.0-2337318-SNAPSHOT.jar:/home/user/.m2/repository/org/rocksdb/rocksdbjni/6.0.1/rocksdbjni-6.0.1.jar:/home/user/.m2/repository/org/apache/logging/log4j/log4j-api/2.11.0/log4j-api-2.11.0.jar:/home/user/.m2/repository/org/apache/logging/log4j/log4j-core/2.11.0/log4j-core-2.11.0.jar:/home/user/.m2/repository/com/lmax/disruptor/3.4.2/disruptor-3.4.2.jar:/home/user/.m2/repository/org/apache/commons/commons-pool2/2.6.0/commons-pool2-2.6.0.jar:/home/user/.m2/repository/org/bouncycastle/bcpkix-jdk15on/1.60/bcpkix-jdk15on-1.60.jar:/home/user/.m2/repository/commons-validator/commons-validator/1.6/commons-validator-1.6.jar:/home/user/.m2/repository/commons-digester/commons-digester/1.8.1/commons-digester-1.8.1.jar:/home/user/.m2/repository/io/jaegertracing/jaeger-client/0.33.1/jaeger-client-0.33.1.jar:/home/user/.m2/repository/io/jaegertracing/jaeger-thrift/0.33.1/jaeger-thrift-0.33.1.jar:/home/user/.m2/repository/org/apache/thrift/libthrift/0.11.0/libthrift-0.11.0.jar:/home/user/.m2/repository/com/squareup/okhttp3/okhttp/3.9.0/okhttp-3.9.0.jar:/home/user/.m2/repository/com/squareup/okio/okio/1.13.0/okio-1.13.0.jar:/home/user/.m2/repository/io/jaegertracing/jaeger-core/0.33.1/jaeger-core-0.33.1.jar:/home/user/.m2/repository/io/jaegertracing/jaeger-tracerresolver/0.33.1/jaeger-tracerresolver-0.33.1.jar:/home/user/.m2/repository/io/opentracing/contrib/opentracing-tracerresolver/0.1.5/opentracing-tracerresolver-0.1.5.jar:/home/user/.m2/repository/io/opentracing/opentracing-util/0.31.0/opentracing-util-0.31.0.jar:/home/user/.m2/repository/io/opentracing/opentracing-api/0.31.0/opentracing-api-0.31.0.jar:/home/user/.m2/repository/io/opentracing/opentracing-noop/0.31.0/opentracing-noop-0.31.0.jar:/home/user/.m2/repository/org/yaml/snakeyaml/1.16/snakeyaml-1.16.jar:/tmp/workdir/hadoop-hdds/container-service/target/classes:/tmp/workdir/hadoop-hdds/client/target/classes:/tmp/workdir/hadoop-hdds/tools/target/classes:/home/user/.m2/repository/org/xerial/sqlite-jdbc/3.25.2/sqlite-jdbc-3.25.2.jar:/tmp/workdir/hadoop-hdds/server-scm/target/classes:/home/user/.m2/repository/org/hamcrest/hamcrest-all/1.3/hamcrest-all-1.3.jar:/home/user/.m2/repository/info/picocli/picocli/3.9.6/picocli-3.9.6.jar:/home/user/.m2/repository/com/google/protobuf/protobuf-java/2.5.0/protobuf-java-2.5.0.jar:/home/user/.m2/repository/com/google/guava/guava/11.0.2/guava-11.0.2.jar:/tmp/workdir/hadoop-ozone/client/target/classes:/home/user/.m2/repository/org/apache/hadoop/hadoop-ozone-filesystem/0.5.0-SNAPSHOT/hadoop-ozone-filesystem-0.5.0-SNAPSHOT.jar:/tmp/workdir/hadoop-hdds/framework/target/classes:/home/user/.m2/repository/org/apache/hadoop/hadoop-common/3.2.0/hadoop-common-3.2.0.jar:/home/user/.m2/repository/org/apache/hadoop/hadoop-annotations/3.2.0/hadoop-annotations-3.2.0.jar:/usr/lib/jvm/java-1.8-openjdk/jre/../lib/tools.jar:/home/user/.m2/repository/commons-cli/commons-cli/1.2/commons-cli-1.2.jar:/home/user/.m2/repository/org/apache/commons/commons-math3/3.1.1/commons-math3-3.1.1.jar:/home/user/.m2/repository/org/apache/httpcomponents/httpclient/4.5.2/httpclient-4.5.2.jar:/home/user/.m2/repository/org/apache/httpcomponents/httpcore/4.4.4/httpcore-4.4.4.jar:/home/user/.m2/repository/commons-codec/commons-codec/1.11/commons-codec-1.11.jar:/home/user/.m2/repository/commons-io/commons-io/2.5/commons-io-2.5.jar:/home/user/.m2/repository/commons-net/commons-net/3.6/commons-net-3.6.jar:/home/user/.m2/repository/commons-collections/commons-collections/3.2.2/commons-collections-3.2.2.jar:/home/user/.m2/repository/javax/servlet/javax.servlet-api/3.1.0/javax.servlet-api-3.1.0.jar:/home/user/.m2/repository/org/eclipse/jetty/jetty-server/9.3.24.v20180605/jetty-server-9.3.24.v20180605.jar:/home/user/.m2/repository/org/eclipse/jetty/jetty-http/9.3.24.v20180605/jetty-http-9.3.24.v20180605.jar:/home/user/.m2/repository/org/eclipse/jetty/jetty-io/9.3.24.v20180605/jetty-io-9.3.24.v20180605.jar:/home/user/.m2/repository/org/eclipse/jetty/jetty-util/9.3.24.v20180605/jetty-util-9.3.24.v20180605.jar:/home/user/.m2/repository/org/eclipse/jetty/jetty-servlet/9.3.24.v20180605/jetty-servlet-9.3.24.v20180605.jar:/home/user/.m2/repository/org/eclipse/jetty/jetty-security/9.3.24.v20180605/jetty-security-9.3.24.v20180605.jar:/home/user/.m2/repository/org/eclipse/jetty/jetty-webapp/9.3.24.v20180605/jetty-webapp-9.3.24.v20180605.jar:/home/user/.m2/repository/org/eclipse/jetty/jetty-xml/9.3.24.v20180605/jetty-xml-9.3.24.v20180605.jar:/home/user/.m2/repository/javax/servlet/jsp/jsp-api/2.1/jsp-api-2.1.jar:/home/user/.m2/repository/com/sun/jersey/jersey-core/1.19/jersey-core-1.19.jar:/home/user/.m2/repository/javax/ws/rs/jsr311-api/1.1.1/jsr311-api-1.1.1.jar:/home/user/.m2/repository/com/sun/jersey/jersey-servlet/1.19/jersey-servlet-1.19.jar:/home/user/.m2/repository/com/sun/jersey/jersey-json/1.19/jersey-json-1.19.jar:/home/user/.m2/repository/org/codehaus/jettison/jettison/1.1/jettison-1.1.jar:/home/user/.m2/repository/com/sun/xml/bind/jaxb-impl/2.3.0.1/jaxb-impl-2.3.0.1.jar:/home/user/.m2/repository/org/codehaus/jackson/jackson-core-asl/1.9.13/jackson-core-asl-1.9.13.jar:/home/user/.m2/repository/org/codehaus/jackson/jackson-mapper-asl/1.9.13/jackson-mapper-asl-1.9.13.jar:/home/user/.m2/repository/org/codehaus/jackson/jackson-jaxrs/1.9.13/jackson-jaxrs-1.9.13.jar:/home/user/.m2/repository/org/codehaus/jackson/jackson-xc/1.9.13/jackson-xc-1.9.13.jar:/home/user/.m2/repository/com/sun/jersey/jersey-server/1.19/jersey-server-1.19.jar:/home/user/.m2/repository/commons-logging/commons-logging/1.1.3/commons-logging-1.1.3.jar:/home/user/.m2/repository/log4j/log4j/1.2.17/log4j-1.2.17.jar:/home/user/.m2/repository/commons-beanutils/commons-beanutils/1.9.3/commons-beanutils-1.9.3.jar:/home/user/.m2/repository/org/apache/commons/commons-configuration2/2.1.1/commons-configuration2-2.1.1.jar:/home/user/.m2/repository/org/apache/commons/commons-lang3/3.7/commons-lang3-3.7.jar:/home/user/.m2/repository/org/apache/commons/commons-text/1.4/commons-text-1.4.jar:/home/user/.m2/repository/org/slf4j/slf4j-api/1.7.25/slf4j-api-1.7.25.jar:/home/user/.m2/repository/org/slf4j/slf4j-log4j12/1.7.25/slf4j-log4j12-1.7.25.jar:/home/user/.m2/repository/org/apache/avro/avro/1.7.7/avro-1.7.7.jar:/home/user/.m2/repository/com/thoughtworks/paranamer/paranamer/2.3/paranamer-2.3.jar:/home/user/.m2/repository/org/xerial/snappy/snappy-java/1.0.5/snappy-java-1.0.5.jar:/home/user/.m2/repository/com/google/re2j/re2j/1.1/re2j-1.1.jar:/home/user/.m2/repository/com/google/code/gson/gson/2.2.4/gson-2.2.4.jar:/home/user/.m2/repository/org/apache/hadoop/hadoop-auth/3.2.0/hadoop-auth-3.2.0.jar:/home/user/.m2/repository/com/nimbusds/nimbus-jose-jwt/4.41.1/nimbus-jose-jwt-4.41.1.jar:/home/user/.m2/repository/com/github/stephenc/jcip/jcip-annotations/1.0-1/jcip-annotations-1.0-1.jar:/home/user/.m2/repository/net/minidev/json-smart/2.3/json-smart-2.3.jar:/home/user/.m2/repository/net/minidev/accessors-smart/1.2/accessors-smart-1.2.jar:/home/user/.m2/repository/org/apache/curator/curator-framework/2.12.0/curator-framework-2.12.0.jar:/home/user/.m2/repository/com/jcraft/jsch/0.1.54/jsch-0.1.54.jar:/home/user/.m2/repository/org/apache/curator/curator-client/2.12.0/curator-client-2.12.0.jar:/home/user/.m2/repository/org/apache/curator/curator-recipes/2.12.0/curator-recipes-2.12.0.jar:/home/user/.m2/repository/com/google/code/findbugs/jsr305/3.0.0/jsr305-3.0.0.jar:/home/user/.m2/repository/org/apache/htrace/htrace-core4/4.1.0-incubating/htrace-core4-4.1.0-incubating.jar:/home/user/.m2/repository/org/apache/zookeeper/zookeeper/3.4.13/zookeeper-3.4.13.jar:/home/user/.m2/repository/org/apache/yetus/audience-annotations/0.5.0/audience-annotations-0.5.0.jar:/home/user/.m2/repository/org/apache/kerby/kerb-simplekdc/1.0.1/kerb-simplekdc-1.0.1.jar:/home/user/.m2/repository/org/apache/kerby/kerb-client/1.0.1/kerb-client-1.0.1.jar:/home/user/.m2/repository/org/apache/kerby/kerby-config/1.0.1/kerby-config-1.0.1.jar:/home/user/.m2/repository/org/apache/kerby/kerb-core/1.0.1/kerb-core-1.0.1.jar:/home/user/.m2/repository/org/apache/kerby/kerby-pkix/1.0.1/kerby-pkix-1.0.1.jar:/home/user/.m2/repository/org/apache/kerby/kerby-asn1/1.0.1/kerby-asn1-1.0.1.jar:/home/user/.m2/repository/org/apache/kerby/kerby-util/1.0.1/kerby-util-1.0.1.jar:/home/user/.m2/repository/org/apache/kerby/kerb-common/1.0.1/kerb-common-1.0.1.jar:/home/user/.m2/repository/org/apache/kerby/kerb-crypto/1.0.1/kerb-crypto-1.0.1.jar:/home/user/.m2/repository/org/apache/kerby/kerb-util/1.0.1/kerb-util-1.0.1.jar:/home/user/.m2/repository/org/apache/kerby/token-provider/1.0.1/token-provider-1.0.1.jar:/home/user/.m2/repository/org/apache/kerby/kerb-admin/1.0.1/kerb-admin-1.0.1.jar:/home/user/.m2/repository/org/apache/kerby/kerb-server/1.0.1/kerb-server-1.0.1.jar:/home/user/.m2/repository/org/apache/kerby/kerb-identity/1.0.1/kerb-identity-1.0.1.jar:/home/user/.m2/repository/org/apache/kerby/kerby-xdr/1.0.1/kerby-xdr-1.0.1.jar:/home/user/.m2/repository/com/fasterxml/jackson/core/jackson-databind/2.9.5/jackson-databind-2.9.5.jar:/home/user/.m2/repository/com/fasterxml/jackson/core/jackson-core/2.9.5/jackson-core-2.9.5.jar:/home/user/.m2/repository/org/codehaus/woodstox/stax2-api/3.1.4/stax2-api-3.1.4.jar:/home/user/.m2/repository/com/fasterxml/woodstox/woodstox-core/5.0.3/woodstox-core-5.0.3.jar:/home/user/.m2/repository/dnsjava/dnsjava/2.1.7/dnsjava-2.1.7.jar:/home/user/.m2/repository/org/apache/hadoop/hadoop-hdfs/3.2.0/hadoop-hdfs-3.2.0.jar:/home/user/.m2/repository/org/eclipse/jetty/jetty-util-ajax/9.3.24.v20180605/jetty-util-ajax-9.3.24.v20180605.jar:/home/user/.m2/repository/commons-daemon/commons-daemon/1.0.13/commons-daemon-1.0.13.jar:/home/user/.m2/repository/io/netty/netty/3.10.5.Final/netty-3.10.5.Final.jar:/home/user/.m2/repository/io/netty/netty-all/4.0.52.Final/netty-all-4.0.52.Final.jar:/home/user/.m2/repository/org/fusesource/leveldbjni/leveldbjni-all/1.8/leveldbjni-all-1.8.jar:/home/user/.m2/repository/com/sun/xml/bind/jaxb-core/2.3.0.1/jaxb-core-2.3.0.1.jar:/home/user/.m2/repository/javax/xml/bind/jaxb-api/2.3.0/jaxb-api-2.3.0.jar:/home/user/.m2/repository/javax/activation/activation/1.1.1/activation-1.1.1.jar:/home/user/.m2/repository/io/dropwizard/metrics/metrics-core/3.2.4/metrics-core-3.2.4.jar:/home/user/.m2/repository/org/openjdk/jmh/jmh-core/1.19/jmh-core-1.19.jar:/home/user/.m2/repository/net/sf/jopt-simple/jopt-simple/4.6/jopt-simple-4.6.jar:/home/user/.m2/repository/org/openjdk/jmh/jmh-generator-annprocess/1.19/jmh-generator-annprocess-1.19.jar:/home/user/.m2/repository/com/google/code/findbugs/findbugs/3.0.1/findbugs-3.0.1.jar:/home/user/.m2/repository/net/jcip/jcip-annotations/1.0/jcip-annotations-1.0.jar:/home/user/.m2/repository/com/google/code/findbugs/bcel-findbugs/6.0/bcel-findbugs-6.0.jar:/home/user/.m2/repository/com/google/code/findbugs/jFormatString/2.0.1/jFormatString-2.0.1.jar:/home/user/.m2/repository/dom4j/dom4j/1.6.1/dom4j-1.6.1.jar:/home/user/.m2/repository/xml-apis/xml-apis/1.0.b2/xml-apis-1.0.b2.jar:/home/user/.m2/repository/org/ow2/asm/asm-debug-all/5.0.2/asm-debug-all-5.0.2.jar:/home/user/.m2/repository/org/ow2/asm/asm-commons/5.0.2/asm-commons-5.0.2.jar:/home/user/.m2/repository/org/ow2/asm/asm-tree/5.0.2/asm-tree-5.0.2.jar:/home/user/.m2/repository/org/ow2/asm/asm/5.0.4/asm-5.0.4.jar:/home/user/.m2/repository/commons-lang/commons-lang/2.6/commons-lang-2.6.jar:/home/user/.m2/repository/com/apple/AppleJavaExtensions/1.4/AppleJavaExtensions-1.4.jar:/home/user/.m2/repository/jaxen/jaxen/1.1.6/jaxen-1.1.6.jar:/home/user/.m2/repository/junit/junit/4.11/junit-4.11.jar:/home/user/.m2/repository/org/hamcrest/hamcrest-core/1.3/hamcrest-core-1.3.jar:/home/user/.m2/repository/org/apache/hadoop/hadoop-common/3.2.0/hadoop-common-3.2.0-tests.jar:/home/user/.m2/repository/org/apache/hadoop/hadoop-ozone-integration-test/0.5.0-SNAPSHOT/hadoop-ozone-integration-test-0.5.0-SNAPSHOT-tests.jar:/tmp/workdir/hadoop-ozone/objectstore-service/target/classes:/tmp/workdir/hadoop-ozone/s3gateway/target/classes:/home/user/.m2/repository/org/jboss/weld/servlet/weld-servlet/2.4.7.Final/weld-servlet-2.4.7.Final.jar:/home/user/.m2/repository/org/glassfish/jersey/containers/jersey-container-servlet-core/2.27/jersey-container-servlet-core-2.27.jar:/home/user/.m2/repository/org/glassfish/hk2/external/javax.inject/2.5.0-b42/javax.inject-2.5.0-b42.jar:/home/user/.m2/repository/org/glassfish/jersey/core/jersey-common/2.27/jersey-common-2.27.jar:/home/user/.m2/repository/org/glassfish/hk2/osgi-resource-locator/1.0.1/osgi-resource-locator-1.0.1.jar:/home/user/.m2/repository/javax/ws/rs/javax.ws.rs-api/2.1/javax.ws.rs-api-2.1.jar:/home/user/.m2/repository/org/glassfish/jersey/ext/cdi/jersey-cdi1x/2.27/jersey-cdi1x-2.27.jar:/home/user/.m2/repository/org/glassfish/jersey/inject/jersey-hk2/2.27/jersey-hk2-2.27.jar:/home/user/.m2/repository/org/glassfish/hk2/hk2-locator/2.5.0-b42/hk2-locator-2.5.0-b42.jar:/home/user/.m2/repository/org/javassist/javassist/3.22.0-CR2/javassist-3.22.0-CR2.jar:/home/user/.m2/repository/org/glassfish/hk2/hk2-api/2.5.0/hk2-api-2.5.0.jar:/home/user/.m2/repository/org/glassfish/hk2/external/jakarta.inject/2.5.0/jakarta.inject-2.5.0.jar:/home/user/.m2/repository/org/glassfish/hk2/hk2-utils/2.5.0/hk2-utils-2.5.0.jar:/home/user/.m2/repository/jakarta/annotation/jakarta.annotation-api/1.3.4/jakarta.annotation-api-1.3.4.jar:/home/user/.m2/repository/org/glassfish/hk2/external/aopalliance-repackaged/2.5.0/aopalliance-repackaged-2.5.0.jar:/home/user/.m2/repository/com/fasterxml/jackson/dataformat/jackson-dataformat-xml/2.9.0/jackson-dataformat-xml-2.9.0.jar:/home/user/.m2/repository/com/fasterxml/jackson/module/jackson-module-jaxb-annotations/2.9.5/jackson-module-jaxb-annotations-2.9.5.jar:/home/user/.m2/repository/javax/enterprise/cdi-api/1.2/cdi-api-1.2.jar:/home/user/.m2/repository/javax/el/javax.el-api/3.0.0/javax.el-api-3.0.0.jar:/home/user/.m2/repository/javax/interceptor/javax.interceptor-api/1.2/javax.interceptor-api-1.2.jar:/home/user/.m2/repository/javax/inject/javax.inject/1/javax.inject-1.jar:/tmp/workdir/hadoop-ozone/csi/target/classes:/home/user/.m2/repository/com/google/protobuf/protobuf-java-util/3.5.1/protobuf-java-util-3.5.1.jar:/home/user/.m2/repository/io/grpc/grpc-netty/1.17.1/grpc-netty-1.17.1.jar:/home/user/.m2/repository/io/grpc/grpc-core/1.17.1/grpc-core-1.17.1.jar:/home/user/.m2/repository/io/grpc/grpc-context/1.17.1/grpc-context-1.17.1.jar:/home/user/.m2/repository/com/google/errorprone/error_prone_annotations/2.2.0/error_prone_annotations-2.2.0.jar:/home/user/.m2/repository/org/codehaus/mojo/animal-sniffer-annotations/1.17/animal-sniffer-annotations-1.17.jar:/home/user/.m2/repository/io/opencensus/opencensus-api/0.17.0/opencensus-api-0.17.0.jar:/home/user/.m2/repository/io/opencensus/opencensus-contrib-grpc-metrics/0.17.0/opencensus-contrib-grpc-metrics-0.17.0.jar:/home/user/.m2/repository/io/netty/netty-codec-http2/4.1.30.Final/netty-codec-http2-4.1.30.Final.jar:/home/user/.m2/repository/io/netty/netty-codec-http/4.1.30.Final/netty-codec-http-4.1.30.Final.jar:/home/user/.m2/repository/io/netty/netty-codec/4.1.30.Final/netty-codec-4.1.30.Final.jar:/home/user/.m2/repository/io/netty/netty-handler/4.1.30.Final/netty-handler-4.1.30.Final.jar:/home/user/.m2/repository/io/netty/netty-handler-proxy/4.1.30.Final/netty-handler-proxy-4.1.30.Final.jar:/home/user/.m2/repository/io/netty/netty-codec-socks/4.1.30.Final/netty-codec-socks-4.1.30.Final.jar:/home/user/.m2/repository/io/netty/netty-transport-native-epoll/4.1.30.Final/netty-transport-native-epoll-4.1.30.Final.jar:/home/user/.m2/repository/io/netty/netty-common/4.1.30.Final/netty-common-4.1.30.Final.jar:/home/user/.m2/repository/io/netty/netty-buffer/4.1.30.Final/netty-buffer-4.1.30.Final.jar:/home/user/.m2/repository/io/netty/netty-transport/4.1.30.Final/netty-transport-4.1.30.Final.jar:/home/user/.m2/repository/io/netty/netty-resolver/4.1.30.Final/netty-resolver-4.1.30.Final.jar:/home/user/.m2/repository/io/netty/netty-transport-native-unix-common/4.1.30.Final/netty-transport-native-unix-common-4.1.30.Final.jar:/home/user/.m2/repository/io/grpc/grpc-protobuf/1.17.1/grpc-protobuf-1.17.1.jar:/home/user/.m2/repository/com/google/api/grpc/proto-google-common-protos/1.0.0/proto-google-common-protos-1.0.0.jar:/home/user/.m2/repository/io/grpc/grpc-protobuf-lite/1.17.1/grpc-protobuf-lite-1.17.1.jar:/home/user/.m2/repository/io/grpc/grpc-stub/1.17.1/grpc-stub-1.17.1.jar:/tmp/workdir/hadoop-ozone/ozone-recon/target/classes:/tmp/workdir/hadoop-ozone/ozone-recon-codegen/target/classes:/home/user/.m2/repository/com/google/inject/extensions/guice-multibindings/4.0/guice-multibindings-4.0.jar:/home/user/.m2/repository/com/google/inject/guice/4.0/guice-4.0.jar:/home/user/.m2/repository/aopalliance/aopalliance/1.0/aopalliance-1.0.jar:/home/user/.m2/repository/com/google/inject/extensions/guice-servlet/4.0/guice-servlet-4.0.jar:/home/user/.m2/repository/org/glassfish/jersey/containers/jersey-container-servlet/2.27/jersey-container-servlet-2.27.jar:/home/user/.m2/repository/org/glassfish/hk2/guice-bridge/2.5.0/guice-bridge-2.5.0.jar:/home/user/.m2/repository/org/glassfish/jersey/core/jersey-server/2.27/jersey-server-2.27.jar:/home/user/.m2/repository/org/glassfish/jersey/core/jersey-client/2.27/jersey-client-2.27.jar:/home/user/.m2/repository/org/glassfish/jersey/media/jersey-media-jaxb/2.27/jersey-media-jaxb-2.27.jar:/home/user/.m2/repository/javax/validation/validation-api/1.1.0.Final/validation-api-1.1.0.Final.jar:/home/user/.m2/repository/org/glassfish/jersey/media/jersey-media-json-jackson/2.27/jersey-media-json-jackson-2.27.jar:/home/user/.m2/repository/org/glassfish/jersey/ext/jersey-entity-filtering/2.27/jersey-entity-filtering-2.27.jar:/home/user/.m2/repository/com/google/inject/extensions/guice-assistedinject/4.0/guice-assistedinject-4.0.jar:/home/user/.m2/repository/org/jooq/jooq/3.11.10/jooq-3.11.10.jar:/home/user/.m2/repository/org/jooq/jooq-meta/3.11.10/jooq-meta-3.11.10.jar:/home/user/.m2/repository/org/jooq/jooq-codegen/3.11.10/jooq-codegen-3.11.10.jar:/home/user/.m2/repository/com/jolbox/bonecp/0.8.0.RELEASE/bonecp-0.8.0.RELEASE.jar:/home/user/.m2/repository/org/springframework/spring-jdbc/5.1.3.RELEASE/spring-jdbc-5.1.3.RELEASE.jar:/home/user/.m2/repository/org/springframework/spring-beans/5.1.3.RELEASE/spring-beans-5.1.3.RELEASE.jar:/home/user/.m2/repository/org/springframework/spring-core/5.1.3.RELEASE/spring-core-5.1.3.RELEASE.jar:/home/user/.m2/repository/org/springframework/spring-jcl/5.1.3.RELEASE/spring-jcl-5.1.3.RELEASE.jar:/home/user/.m2/repository/org/springframework/spring-tx/5.1.3.RELEASE/spring-tx-5.1.3.RELEASE.jar:/home/user/.m2/repository/org/mockito/mockito-core/2.15.0/mockito-core-2.15.0.jar:/home/user/.m2/repository/net/bytebuddy/byte-buddy/1.7.9/byte-buddy-1.7.9.jar:/home/user/.m2/repository/net/bytebuddy/byte-buddy-agent/1.7.9/byte-buddy-agent-1.7.9.jar:/home/user/.m2/repository/org/objenesis/objenesis/1.0/objenesis-1.0.jar:"/>
    <property name="java.vm.vendor" value="IcedTea"/>
    <property name="sun.arch.data.model" value="64"/>
    <property name="test.build.dir" value="/tmp/workdir/hadoop-ozone/tools/target/test-dir"/>
    <property name="test.cache.data" value=""/>
    <property name="java.vendor.url" value="https://icedtea.classpath.org"/>
    <property name="user.timezone" value=""/>
    <property name="java.vm.specification.version" value="1.8"/>
    <property name="os.name" value="Linux"/>
    <property name="test.build.data" value="/tmp/workdir/hadoop-ozone/tools/target/test-dir"/>
    <property name="user.country" value="US"/>
    <property name="sun.java.launcher" value="SUN_STANDARD"/>
    <property name="sun.boot.library.path" value="/usr/lib/jvm/java-1.8-openjdk/jre/lib/amd64"/>
    <property name="sun.java.command" value="/tmp/workdir/hadoop-ozone/tools/target/surefire/surefirebooter7299010389490993521.jar /tmp/workdir/hadoop-ozone/tools/target/surefire 2019-07-14T04-11-15_679-jvmRun1 surefire5734275736153369037tmp surefire_1018027892630834181675tmp"/>
    <property name="surefire.test.class.path" value="/tmp/workdir/hadoop-ozone/tools/target/test-classes:/tmp/workdir/hadoop-ozone/tools/target/classes:/tmp/workdir/hadoop-ozone/ozone-manager/target/classes:/tmp/workdir/hadoop-hdds/docs/target/classes:/home/user/.m2/repository/org/bouncycastle/bcprov-jdk15on/1.60/bcprov-jdk15on-1.60.jar:/tmp/workdir/hadoop-ozone/common/target/classes:/home/user/.m2/repository/org/apache/commons/commons-compress/1.4.1/commons-compress-1.4.1.jar:/home/user/.m2/repository/org/tukaani/xz/1.0/xz-1.0.jar:/home/user/.m2/repository/org/apache/hadoop/hadoop-hdfs-client/3.2.0/hadoop-hdfs-client-3.2.0.jar:/home/user/.m2/repository/com/fasterxml/jackson/core/jackson-annotations/2.9.5/jackson-annotations-2.9.5.jar:/tmp/workdir/hadoop-hdds/common/target/classes:/tmp/workdir/hadoop-hdds/config/target/classes:/home/user/.m2/repository/javax/annotation/javax.annotation-api/1.2/javax.annotation-api-1.2.jar:/home/user/.m2/repository/org/apache/ratis/ratis-server/0.4.0-2337318-SNAPSHOT/ratis-server-0.4.0-2337318-SNAPSHOT.jar:/home/user/.m2/repository/org/apache/ratis/ratis-thirdparty-misc/0.2.0/ratis-thirdparty-misc-0.2.0.jar:/home/user/.m2/repository/org/apache/ratis/ratis-proto/0.4.0-2337318-SNAPSHOT/ratis-proto-0.4.0-2337318-SNAPSHOT.jar:/home/user/.m2/repository/org/apache/ratis/ratis-common/0.4.0-2337318-SNAPSHOT/ratis-common-0.4.0-2337318-SNAPSHOT.jar:/home/user/.m2/repository/org/apache/ratis/ratis-client/0.4.0-2337318-SNAPSHOT/ratis-client-0.4.0-2337318-SNAPSHOT.jar:/home/user/.m2/repository/org/apache/ratis/ratis-metrics/0.4.0-2337318-SNAPSHOT/ratis-metrics-0.4.0-2337318-SNAPSHOT.jar:/home/user/.m2/repository/org/apache/ratis/ratis-netty/0.4.0-2337318-SNAPSHOT/ratis-netty-0.4.0-2337318-SNAPSHOT.jar:/home/user/.m2/repository/org/apache/ratis/ratis-grpc/0.4.0-2337318-SNAPSHOT/ratis-grpc-0.4.0-2337318-SNAPSHOT.jar:/home/user/.m2/repository/org/rocksdb/rocksdbjni/6.0.1/rocksdbjni-6.0.1.jar:/home/user/.m2/repository/org/apache/logging/log4j/log4j-api/2.11.0/log4j-api-2.11.0.jar:/home/user/.m2/repository/org/apache/logging/log4j/log4j-core/2.11.0/log4j-core-2.11.0.jar:/home/user/.m2/repository/com/lmax/disruptor/3.4.2/disruptor-3.4.2.jar:/home/user/.m2/repository/org/apache/commons/commons-pool2/2.6.0/commons-pool2-2.6.0.jar:/home/user/.m2/repository/org/bouncycastle/bcpkix-jdk15on/1.60/bcpkix-jdk15on-1.60.jar:/home/user/.m2/repository/commons-validator/commons-validator/1.6/commons-validator-1.6.jar:/home/user/.m2/repository/commons-digester/commons-digester/1.8.1/commons-digester-1.8.1.jar:/home/user/.m2/repository/io/jaegertracing/jaeger-client/0.33.1/jaeger-client-0.33.1.jar:/home/user/.m2/repository/io/jaegertracing/jaeger-thrift/0.33.1/jaeger-thrift-0.33.1.jar:/home/user/.m2/repository/org/apache/thrift/libthrift/0.11.0/libthrift-0.11.0.jar:/home/user/.m2/repository/com/squareup/okhttp3/okhttp/3.9.0/okhttp-3.9.0.jar:/home/user/.m2/repository/com/squareup/okio/okio/1.13.0/okio-1.13.0.jar:/home/user/.m2/repository/io/jaegertracing/jaeger-core/0.33.1/jaeger-core-0.33.1.jar:/home/user/.m2/repository/io/jaegertracing/jaeger-tracerresolver/0.33.1/jaeger-tracerresolver-0.33.1.jar:/home/user/.m2/repository/io/opentracing/contrib/opentracing-tracerresolver/0.1.5/opentracing-tracerresolver-0.1.5.jar:/home/user/.m2/repository/io/opentracing/opentracing-util/0.31.0/opentracing-util-0.31.0.jar:/home/user/.m2/repository/io/opentracing/opentracing-api/0.31.0/opentracing-api-0.31.0.jar:/home/user/.m2/repository/io/opentracing/opentracing-noop/0.31.0/opentracing-noop-0.31.0.jar:/home/user/.m2/repository/org/yaml/snakeyaml/1.16/snakeyaml-1.16.jar:/tmp/workdir/hadoop-hdds/container-service/target/classes:/tmp/workdir/hadoop-hdds/client/target/classes:/tmp/workdir/hadoop-hdds/tools/target/classes:/home/user/.m2/repository/org/xerial/sqlite-jdbc/3.25.2/sqlite-jdbc-3.25.2.jar:/tmp/workdir/hadoop-hdds/server-scm/target/classes:/home/user/.m2/repository/org/hamcrest/hamcrest-all/1.3/hamcrest-all-1.3.jar:/home/user/.m2/repository/info/picocli/picocli/3.9.6/picocli-3.9.6.jar:/home/user/.m2/repository/com/google/protobuf/protobuf-java/2.5.0/protobuf-java-2.5.0.jar:/home/user/.m2/repository/com/google/guava/guava/11.0.2/guava-11.0.2.jar:/tmp/workdir/hadoop-ozone/client/target/classes:/home/user/.m2/repository/org/apache/hadoop/hadoop-ozone-filesystem/0.5.0-SNAPSHOT/hadoop-ozone-filesystem-0.5.0-SNAPSHOT.jar:/tmp/workdir/hadoop-hdds/framework/target/classes:/home/user/.m2/repository/org/apache/hadoop/hadoop-common/3.2.0/hadoop-common-3.2.0.jar:/home/user/.m2/repository/org/apache/hadoop/hadoop-annotations/3.2.0/hadoop-annotations-3.2.0.jar:/usr/lib/jvm/java-1.8-openjdk/jre/../lib/tools.jar:/home/user/.m2/repository/commons-cli/commons-cli/1.2/commons-cli-1.2.jar:/home/user/.m2/repository/org/apache/commons/commons-math3/3.1.1/commons-math3-3.1.1.jar:/home/user/.m2/repository/org/apache/httpcomponents/httpclient/4.5.2/httpclient-4.5.2.jar:/home/user/.m2/repository/org/apache/httpcomponents/httpcore/4.4.4/httpcore-4.4.4.jar:/home/user/.m2/repository/commons-codec/commons-codec/1.11/commons-codec-1.11.jar:/home/user/.m2/repository/commons-io/commons-io/2.5/commons-io-2.5.jar:/home/user/.m2/repository/commons-net/commons-net/3.6/commons-net-3.6.jar:/home/user/.m2/repository/commons-collections/commons-collections/3.2.2/commons-collections-3.2.2.jar:/home/user/.m2/repository/javax/servlet/javax.servlet-api/3.1.0/javax.servlet-api-3.1.0.jar:/home/user/.m2/repository/org/eclipse/jetty/jetty-server/9.3.24.v20180605/jetty-server-9.3.24.v20180605.jar:/home/user/.m2/repository/org/eclipse/jetty/jetty-http/9.3.24.v20180605/jetty-http-9.3.24.v20180605.jar:/home/user/.m2/repository/org/eclipse/jetty/jetty-io/9.3.24.v20180605/jetty-io-9.3.24.v20180605.jar:/home/user/.m2/repository/org/eclipse/jetty/jetty-util/9.3.24.v20180605/jetty-util-9.3.24.v20180605.jar:/home/user/.m2/repository/org/eclipse/jetty/jetty-servlet/9.3.24.v20180605/jetty-servlet-9.3.24.v20180605.jar:/home/user/.m2/repository/org/eclipse/jetty/jetty-security/9.3.24.v20180605/jetty-security-9.3.24.v20180605.jar:/home/user/.m2/repository/org/eclipse/jetty/jetty-webapp/9.3.24.v20180605/jetty-webapp-9.3.24.v20180605.jar:/home/user/.m2/repository/org/eclipse/jetty/jetty-xml/9.3.24.v20180605/jetty-xml-9.3.24.v20180605.jar:/home/user/.m2/repository/javax/servlet/jsp/jsp-api/2.1/jsp-api-2.1.jar:/home/user/.m2/repository/com/sun/jersey/jersey-core/1.19/jersey-core-1.19.jar:/home/user/.m2/repository/javax/ws/rs/jsr311-api/1.1.1/jsr311-api-1.1.1.jar:/home/user/.m2/repository/com/sun/jersey/jersey-servlet/1.19/jersey-servlet-1.19.jar:/home/user/.m2/repository/com/sun/jersey/jersey-json/1.19/jersey-json-1.19.jar:/home/user/.m2/repository/org/codehaus/jettison/jettison/1.1/jettison-1.1.jar:/home/user/.m2/repository/com/sun/xml/bind/jaxb-impl/2.3.0.1/jaxb-impl-2.3.0.1.jar:/home/user/.m2/repository/org/codehaus/jackson/jackson-core-asl/1.9.13/jackson-core-asl-1.9.13.jar:/home/user/.m2/repository/org/codehaus/jackson/jackson-mapper-asl/1.9.13/jackson-mapper-asl-1.9.13.jar:/home/user/.m2/repository/org/codehaus/jackson/jackson-jaxrs/1.9.13/jackson-jaxrs-1.9.13.jar:/home/user/.m2/repository/org/codehaus/jackson/jackson-xc/1.9.13/jackson-xc-1.9.13.jar:/home/user/.m2/repository/com/sun/jersey/jersey-server/1.19/jersey-server-1.19.jar:/home/user/.m2/repository/commons-logging/commons-logging/1.1.3/commons-logging-1.1.3.jar:/home/user/.m2/repository/log4j/log4j/1.2.17/log4j-1.2.17.jar:/home/user/.m2/repository/commons-beanutils/commons-beanutils/1.9.3/commons-beanutils-1.9.3.jar:/home/user/.m2/repository/org/apache/commons/commons-configuration2/2.1.1/commons-configuration2-2.1.1.jar:/home/user/.m2/repository/org/apache/commons/commons-lang3/3.7/commons-lang3-3.7.jar:/home/user/.m2/repository/org/apache/commons/commons-text/1.4/commons-text-1.4.jar:/home/user/.m2/repository/org/slf4j/slf4j-api/1.7.25/slf4j-api-1.7.25.jar:/home/user/.m2/repository/org/slf4j/slf4j-log4j12/1.7.25/slf4j-log4j12-1.7.25.jar:/home/user/.m2/repository/org/apache/avro/avro/1.7.7/avro-1.7.7.jar:/home/user/.m2/repository/com/thoughtworks/paranamer/paranamer/2.3/paranamer-2.3.jar:/home/user/.m2/repository/org/xerial/snappy/snappy-java/1.0.5/snappy-java-1.0.5.jar:/home/user/.m2/repository/com/google/re2j/re2j/1.1/re2j-1.1.jar:/home/user/.m2/repository/com/google/code/gson/gson/2.2.4/gson-2.2.4.jar:/home/user/.m2/repository/org/apache/hadoop/hadoop-auth/3.2.0/hadoop-auth-3.2.0.jar:/home/user/.m2/repository/com/nimbusds/nimbus-jose-jwt/4.41.1/nimbus-jose-jwt-4.41.1.jar:/home/user/.m2/repository/com/github/stephenc/jcip/jcip-annotations/1.0-1/jcip-annotations-1.0-1.jar:/home/user/.m2/repository/net/minidev/json-smart/2.3/json-smart-2.3.jar:/home/user/.m2/repository/net/minidev/accessors-smart/1.2/accessors-smart-1.2.jar:/home/user/.m2/repository/org/apache/curator/curator-framework/2.12.0/curator-framework-2.12.0.jar:/home/user/.m2/repository/com/jcraft/jsch/0.1.54/jsch-0.1.54.jar:/home/user/.m2/repository/org/apache/curator/curator-client/2.12.0/curator-client-2.12.0.jar:/home/user/.m2/repository/org/apache/curator/curator-recipes/2.12.0/curator-recipes-2.12.0.jar:/home/user/.m2/repository/com/google/code/findbugs/jsr305/3.0.0/jsr305-3.0.0.jar:/home/user/.m2/repository/org/apache/htrace/htrace-core4/4.1.0-incubating/htrace-core4-4.1.0-incubating.jar:/home/user/.m2/repository/org/apache/zookeeper/zookeeper/3.4.13/zookeeper-3.4.13.jar:/home/user/.m2/repository/org/apache/yetus/audience-annotations/0.5.0/audience-annotations-0.5.0.jar:/home/user/.m2/repository/org/apache/kerby/kerb-simplekdc/1.0.1/kerb-simplekdc-1.0.1.jar:/home/user/.m2/repository/org/apache/kerby/kerb-client/1.0.1/kerb-client-1.0.1.jar:/home/user/.m2/repository/org/apache/kerby/kerby-config/1.0.1/kerby-config-1.0.1.jar:/home/user/.m2/repository/org/apache/kerby/kerb-core/1.0.1/kerb-core-1.0.1.jar:/home/user/.m2/repository/org/apache/kerby/kerby-pkix/1.0.1/kerby-pkix-1.0.1.jar:/home/user/.m2/repository/org/apache/kerby/kerby-asn1/1.0.1/kerby-asn1-1.0.1.jar:/home/user/.m2/repository/org/apache/kerby/kerby-util/1.0.1/kerby-util-1.0.1.jar:/home/user/.m2/repository/org/apache/kerby/kerb-common/1.0.1/kerb-common-1.0.1.jar:/home/user/.m2/repository/org/apache/kerby/kerb-crypto/1.0.1/kerb-crypto-1.0.1.jar:/home/user/.m2/repository/org/apache/kerby/kerb-util/1.0.1/kerb-util-1.0.1.jar:/home/user/.m2/repository/org/apache/kerby/token-provider/1.0.1/token-provider-1.0.1.jar:/home/user/.m2/repository/org/apache/kerby/kerb-admin/1.0.1/kerb-admin-1.0.1.jar:/home/user/.m2/repository/org/apache/kerby/kerb-server/1.0.1/kerb-server-1.0.1.jar:/home/user/.m2/repository/org/apache/kerby/kerb-identity/1.0.1/kerb-identity-1.0.1.jar:/home/user/.m2/repository/org/apache/kerby/kerby-xdr/1.0.1/kerby-xdr-1.0.1.jar:/home/user/.m2/repository/com/fasterxml/jackson/core/jackson-databind/2.9.5/jackson-databind-2.9.5.jar:/home/user/.m2/repository/com/fasterxml/jackson/core/jackson-core/2.9.5/jackson-core-2.9.5.jar:/home/user/.m2/repository/org/codehaus/woodstox/stax2-api/3.1.4/stax2-api-3.1.4.jar:/home/user/.m2/repository/com/fasterxml/woodstox/woodstox-core/5.0.3/woodstox-core-5.0.3.jar:/home/user/.m2/repository/dnsjava/dnsjava/2.1.7/dnsjava-2.1.7.jar:/home/user/.m2/repository/org/apache/hadoop/hadoop-hdfs/3.2.0/hadoop-hdfs-3.2.0.jar:/home/user/.m2/repository/org/eclipse/jetty/jetty-util-ajax/9.3.24.v20180605/jetty-util-ajax-9.3.24.v20180605.jar:/home/user/.m2/repository/commons-daemon/commons-daemon/1.0.13/commons-daemon-1.0.13.jar:/home/user/.m2/repository/io/netty/netty/3.10.5.Final/netty-3.10.5.Final.jar:/home/user/.m2/repository/io/netty/netty-all/4.0.52.Final/netty-all-4.0.52.Final.jar:/home/user/.m2/repository/org/fusesource/leveldbjni/leveldbjni-all/1.8/leveldbjni-all-1.8.jar:/home/user/.m2/repository/com/sun/xml/bind/jaxb-core/2.3.0.1/jaxb-core-2.3.0.1.jar:/home/user/.m2/repository/javax/xml/bind/jaxb-api/2.3.0/jaxb-api-2.3.0.jar:/home/user/.m2/repository/javax/activation/activation/1.1.1/activation-1.1.1.jar:/home/user/.m2/repository/io/dropwizard/metrics/metrics-core/3.2.4/metrics-core-3.2.4.jar:/home/user/.m2/repository/org/openjdk/jmh/jmh-core/1.19/jmh-core-1.19.jar:/home/user/.m2/repository/net/sf/jopt-simple/jopt-simple/4.6/jopt-simple-4.6.jar:/home/user/.m2/repository/org/openjdk/jmh/jmh-generator-annprocess/1.19/jmh-generator-annprocess-1.19.jar:/home/user/.m2/repository/com/google/code/findbugs/findbugs/3.0.1/findbugs-3.0.1.jar:/home/user/.m2/repository/net/jcip/jcip-annotations/1.0/jcip-annotations-1.0.jar:/home/user/.m2/repository/com/google/code/findbugs/bcel-findbugs/6.0/bcel-findbugs-6.0.jar:/home/user/.m2/repository/com/google/code/findbugs/jFormatString/2.0.1/jFormatString-2.0.1.jar:/home/user/.m2/repository/dom4j/dom4j/1.6.1/dom4j-1.6.1.jar:/home/user/.m2/repository/xml-apis/xml-apis/1.0.b2/xml-apis-1.0.b2.jar:/home/user/.m2/repository/org/ow2/asm/asm-debug-all/5.0.2/asm-debug-all-5.0.2.jar:/home/user/.m2/repository/org/ow2/asm/asm-commons/5.0.2/asm-commons-5.0.2.jar:/home/user/.m2/repository/org/ow2/asm/asm-tree/5.0.2/asm-tree-5.0.2.jar:/home/user/.m2/repository/org/ow2/asm/asm/5.0.4/asm-5.0.4.jar:/home/user/.m2/repository/commons-lang/commons-lang/2.6/commons-lang-2.6.jar:/home/user/.m2/repository/com/apple/AppleJavaExtensions/1.4/AppleJavaExtensions-1.4.jar:/home/user/.m2/repository/jaxen/jaxen/1.1.6/jaxen-1.1.6.jar:/home/user/.m2/repository/junit/junit/4.11/junit-4.11.jar:/home/user/.m2/repository/org/hamcrest/hamcrest-core/1.3/hamcrest-core-1.3.jar:/home/user/.m2/repository/org/apache/hadoop/hadoop-common/3.2.0/hadoop-common-3.2.0-tests.jar:/home/user/.m2/repository/org/apache/hadoop/hadoop-ozone-integration-test/0.5.0-SNAPSHOT/hadoop-ozone-integration-test-0.5.0-SNAPSHOT-tests.jar:/tmp/workdir/hadoop-ozone/objectstore-service/target/classes:/tmp/workdir/hadoop-ozone/s3gateway/target/classes:/home/user/.m2/repository/org/jboss/weld/servlet/weld-servlet/2.4.7.Final/weld-servlet-2.4.7.Final.jar:/home/user/.m2/repository/org/glassfish/jersey/containers/jersey-container-servlet-core/2.27/jersey-container-servlet-core-2.27.jar:/home/user/.m2/repository/org/glassfish/hk2/external/javax.inject/2.5.0-b42/javax.inject-2.5.0-b42.jar:/home/user/.m2/repository/org/glassfish/jersey/core/jersey-common/2.27/jersey-common-2.27.jar:/home/user/.m2/repository/org/glassfish/hk2/osgi-resource-locator/1.0.1/osgi-resource-locator-1.0.1.jar:/home/user/.m2/repository/javax/ws/rs/javax.ws.rs-api/2.1/javax.ws.rs-api-2.1.jar:/home/user/.m2/repository/org/glassfish/jersey/ext/cdi/jersey-cdi1x/2.27/jersey-cdi1x-2.27.jar:/home/user/.m2/repository/org/glassfish/jersey/inject/jersey-hk2/2.27/jersey-hk2-2.27.jar:/home/user/.m2/repository/org/glassfish/hk2/hk2-locator/2.5.0-b42/hk2-locator-2.5.0-b42.jar:/home/user/.m2/repository/org/javassist/javassist/3.22.0-CR2/javassist-3.22.0-CR2.jar:/home/user/.m2/repository/org/glassfish/hk2/hk2-api/2.5.0/hk2-api-2.5.0.jar:/home/user/.m2/repository/org/glassfish/hk2/external/jakarta.inject/2.5.0/jakarta.inject-2.5.0.jar:/home/user/.m2/repository/org/glassfish/hk2/hk2-utils/2.5.0/hk2-utils-2.5.0.jar:/home/user/.m2/repository/jakarta/annotation/jakarta.annotation-api/1.3.4/jakarta.annotation-api-1.3.4.jar:/home/user/.m2/repository/org/glassfish/hk2/external/aopalliance-repackaged/2.5.0/aopalliance-repackaged-2.5.0.jar:/home/user/.m2/repository/com/fasterxml/jackson/dataformat/jackson-dataformat-xml/2.9.0/jackson-dataformat-xml-2.9.0.jar:/home/user/.m2/repository/com/fasterxml/jackson/module/jackson-module-jaxb-annotations/2.9.5/jackson-module-jaxb-annotations-2.9.5.jar:/home/user/.m2/repository/javax/enterprise/cdi-api/1.2/cdi-api-1.2.jar:/home/user/.m2/repository/javax/el/javax.el-api/3.0.0/javax.el-api-3.0.0.jar:/home/user/.m2/repository/javax/interceptor/javax.interceptor-api/1.2/javax.interceptor-api-1.2.jar:/home/user/.m2/repository/javax/inject/javax.inject/1/javax.inject-1.jar:/tmp/workdir/hadoop-ozone/csi/target/classes:/home/user/.m2/repository/com/google/protobuf/protobuf-java-util/3.5.1/protobuf-java-util-3.5.1.jar:/home/user/.m2/repository/io/grpc/grpc-netty/1.17.1/grpc-netty-1.17.1.jar:/home/user/.m2/repository/io/grpc/grpc-core/1.17.1/grpc-core-1.17.1.jar:/home/user/.m2/repository/io/grpc/grpc-context/1.17.1/grpc-context-1.17.1.jar:/home/user/.m2/repository/com/google/errorprone/error_prone_annotations/2.2.0/error_prone_annotations-2.2.0.jar:/home/user/.m2/repository/org/codehaus/mojo/animal-sniffer-annotations/1.17/animal-sniffer-annotations-1.17.jar:/home/user/.m2/repository/io/opencensus/opencensus-api/0.17.0/opencensus-api-0.17.0.jar:/home/user/.m2/repository/io/opencensus/opencensus-contrib-grpc-metrics/0.17.0/opencensus-contrib-grpc-metrics-0.17.0.jar:/home/user/.m2/repository/io/netty/netty-codec-http2/4.1.30.Final/netty-codec-http2-4.1.30.Final.jar:/home/user/.m2/repository/io/netty/netty-codec-http/4.1.30.Final/netty-codec-http-4.1.30.Final.jar:/home/user/.m2/repository/io/netty/netty-codec/4.1.30.Final/netty-codec-4.1.30.Final.jar:/home/user/.m2/repository/io/netty/netty-handler/4.1.30.Final/netty-handler-4.1.30.Final.jar:/home/user/.m2/repository/io/netty/netty-handler-proxy/4.1.30.Final/netty-handler-proxy-4.1.30.Final.jar:/home/user/.m2/repository/io/netty/netty-codec-socks/4.1.30.Final/netty-codec-socks-4.1.30.Final.jar:/home/user/.m2/repository/io/netty/netty-transport-native-epoll/4.1.30.Final/netty-transport-native-epoll-4.1.30.Final.jar:/home/user/.m2/repository/io/netty/netty-common/4.1.30.Final/netty-common-4.1.30.Final.jar:/home/user/.m2/repository/io/netty/netty-buffer/4.1.30.Final/netty-buffer-4.1.30.Final.jar:/home/user/.m2/repository/io/netty/netty-transport/4.1.30.Final/netty-transport-4.1.30.Final.jar:/home/user/.m2/repository/io/netty/netty-resolver/4.1.30.Final/netty-resolver-4.1.30.Final.jar:/home/user/.m2/repository/io/netty/netty-transport-native-unix-common/4.1.30.Final/netty-transport-native-unix-common-4.1.30.Final.jar:/home/user/.m2/repository/io/grpc/grpc-protobuf/1.17.1/grpc-protobuf-1.17.1.jar:/home/user/.m2/repository/com/google/api/grpc/proto-google-common-protos/1.0.0/proto-google-common-protos-1.0.0.jar:/home/user/.m2/repository/io/grpc/grpc-protobuf-lite/1.17.1/grpc-protobuf-lite-1.17.1.jar:/home/user/.m2/repository/io/grpc/grpc-stub/1.17.1/grpc-stub-1.17.1.jar:/tmp/workdir/hadoop-ozone/ozone-recon/target/classes:/tmp/workdir/hadoop-ozone/ozone-recon-codegen/target/classes:/home/user/.m2/repository/com/google/inject/extensions/guice-multibindings/4.0/guice-multibindings-4.0.jar:/home/user/.m2/repository/com/google/inject/guice/4.0/guice-4.0.jar:/home/user/.m2/repository/aopalliance/aopalliance/1.0/aopalliance-1.0.jar:/home/user/.m2/repository/com/google/inject/extensions/guice-servlet/4.0/guice-servlet-4.0.jar:/home/user/.m2/repository/org/glassfish/jersey/containers/jersey-container-servlet/2.27/jersey-container-servlet-2.27.jar:/home/user/.m2/repository/org/glassfish/hk2/guice-bridge/2.5.0/guice-bridge-2.5.0.jar:/home/user/.m2/repository/org/glassfish/jersey/core/jersey-server/2.27/jersey-server-2.27.jar:/home/user/.m2/repository/org/glassfish/jersey/core/jersey-client/2.27/jersey-client-2.27.jar:/home/user/.m2/repository/org/glassfish/jersey/media/jersey-media-jaxb/2.27/jersey-media-jaxb-2.27.jar:/home/user/.m2/repository/javax/validation/validation-api/1.1.0.Final/validation-api-1.1.0.Final.jar:/home/user/.m2/repository/org/glassfish/jersey/media/jersey-media-json-jackson/2.27/jersey-media-json-jackson-2.27.jar:/home/user/.m2/repository/org/glassfish/jersey/ext/jersey-entity-filtering/2.27/jersey-entity-filtering-2.27.jar:/home/user/.m2/repository/com/google/inject/extensions/guice-assistedinject/4.0/guice-assistedinject-4.0.jar:/home/user/.m2/repository/org/jooq/jooq/3.11.10/jooq-3.11.10.jar:/home/user/.m2/repository/org/jooq/jooq-meta/3.11.10/jooq-meta-3.11.10.jar:/home/user/.m2/repository/org/jooq/jooq-codegen/3.11.10/jooq-codegen-3.11.10.jar:/home/user/.m2/repository/com/jolbox/bonecp/0.8.0.RELEASE/bonecp-0.8.0.RELEASE.jar:/home/user/.m2/repository/org/springframework/spring-jdbc/5.1.3.RELEASE/spring-jdbc-5.1.3.RELEASE.jar:/home/user/.m2/repository/org/springframework/spring-beans/5.1.3.RELEASE/spring-beans-5.1.3.RELEASE.jar:/home/user/.m2/repository/org/springframework/spring-core/5.1.3.RELEASE/spring-core-5.1.3.RELEASE.jar:/home/user/.m2/repository/org/springframework/spring-jcl/5.1.3.RELEASE/spring-jcl-5.1.3.RELEASE.jar:/home/user/.m2/repository/org/springframework/spring-tx/5.1.3.RELEASE/spring-tx-5.1.3.RELEASE.jar:/home/user/.m2/repository/org/mockito/mockito-core/2.15.0/mockito-core-2.15.0.jar:/home/user/.m2/repository/net/bytebuddy/byte-buddy/1.7.9/byte-buddy-1.7.9.jar:/home/user/.m2/repository/net/bytebuddy/byte-buddy-agent/1.7.9/byte-buddy-agent-1.7.9.jar:/home/user/.m2/repository/org/objenesis/objenesis/1.0/objenesis-1.0.jar:"/>
    <property name="sun.cpu.endian" value="little"/>
    <property name="user.home" value="/home/user"/>
    <property name="user.language" value="en"/>
    <property name="java.specification.vendor" value="Oracle Corporation"/>
    <property name="java.home" value="/usr/lib/jvm/java-1.8-openjdk/jre"/>
    <property name="java.security.krb5.conf" value="/tmp/workdir/hadoop-ozone/tools/target/test-classes/krb5.conf"/>
    <property name="basedir" value="/tmp/workdir/hadoop-ozone/tools"/>
    <property name="file.separator" value="/"/>
    <property name="line.separator" value="&#10;"/>
    <property name="java.vm.specification.vendor" value="Oracle Corporation"/>
    <property name="java.specification.name" value="Java Platform API Specification"/>
    <property name="java.awt.graphicsenv" value="sun.awt.X11GraphicsEnvironment"/>
    <property name="surefire.real.class.path" value="/tmp/workdir/hadoop-ozone/tools/target/surefire/surefirebooter7299010389490993521.jar"/>
    <property name="hadoop.log.dir" value="/tmp/workdir/hadoop-ozone/tools/target/log"/>
    <property name="sun.boot.class.path" value="/usr/lib/jvm/java-1.8-openjdk/jre/lib/resources.jar:/usr/lib/jvm/java-1.8-openjdk/jre/lib/rt.jar:/usr/lib/jvm/java-1.8-openjdk/jre/lib/sunrsasign.jar:/usr/lib/jvm/java-1.8-openjdk/jre/lib/jsse.jar:/usr/lib/jvm/java-1.8-openjdk/jre/lib/jce.jar:/usr/lib/jvm/java-1.8-openjdk/jre/lib/charsets.jar:/usr/lib/jvm/java-1.8-openjdk/jre/lib/jfr.jar:/usr/lib/jvm/java-1.8-openjdk/jre/classes"/>
    <property name="sun.management.compiler" value="HotSpot 64-Bit Tiered Compilers"/>
    <property name="java.runtime.version" value="1.8.0_212-b04"/>
    <property name="java.net.preferIPv4Stack" value="true"/>
    <property name="user.name" value="jenkins1000"/>
    <property name="path.separator" value=":"/>
    <property name="java.security.egd" value="file:///dev/urandom"/>
    <property name="os.version" value="3.10.0-957.12.2.el7.x86_64"/>
    <property name="java.endorsed.dirs" value="/usr/lib/jvm/java-1.8-openjdk/jre/lib/endorsed"/>
    <property name="java.runtime.name" value="OpenJDK Runtime Environment"/>
    <property name="file.encoding" value="UTF-8"/>
    <property name="java.vm.name" value="OpenJDK 64-Bit Server VM"/>
    <property name="test.build.webapps" value=""/>
    <property name="localRepository" value="/home/user/.m2/repository"/>
    <property name="java.vendor.url.bug" value="https://icedtea.classpath.org/bugzilla"/>
    <property name="java.io.tmpdir" value="/tmp"/>
    <property name="require.test.libhadoop" value=""/>
    <property name="java.version" value="1.8.0_212"/>
    <property name="user.dir" value="/tmp/workdir/hadoop-ozone/tools"/>
    <property name="os.arch" value="amd64"/>
    <property name="java.vm.specification.name" value="Java Virtual Machine Specification"/>
    <property name="test.build.classes" value="/tmp/workdir/hadoop-ozone/tools/target/test-classes"/>
    <property name="java.awt.printerjob" value="sun.print.PSPrinterJob"/>
    <property name="sun.os.patch.level" value="unknown"/>
    <property name="hadoop.tmp.dir" value="/tmp/workdir/hadoop-ozone/tools/target/tmp"/>
    <property name="java.library.path" value="/usr/lib/jvm/java-1.8-openjdk/jre/lib/amd64/server:/usr/lib/jvm/java-1.8-openjdk/jre/lib/amd64:/usr/lib/jvm/java-1.8-openjdk/jre/../lib/amd64:/tmp/workdir/hadoop-ozone/tools/target/native/target/usr/local/lib:/tmp/workdir/hadoop-ozone/tools/../../hadoop-common-project/hadoop-common/target/native/target/usr/local/lib:/usr/java/packages/lib/amd64:/usr/lib64:/lib64:/lib:/usr/lib"/>
    <property name="java.vm.info" value="mixed mode"/>
    <property name="java.vendor" value="IcedTea"/>
    <property name="java.vm.version" value="25.212-b04"/>
    <property name="java.ext.dirs" value="/usr/lib/jvm/java-1.8-openjdk/jre/lib/ext:/usr/java/packages/lib/ext"/>
    <property name="sun.io.unicode.encoding" value="UnicodeLittle"/>
    <property name="java.class.version" value="52.0"/>
  </properties>
  <testcase name="ratisTest3" classname="org.apache.hadoop.ozone.freon.TestRandomKeyGenerator" time="15.326"/>
  <testcase name="testThreadPoolSize" classname="org.apache.hadoop.ozone.freon.TestRandomKeyGenerator" time="5.053"/>
  <testcase name="defaultTest" classname="org.apache.hadoop.ozone.freon.TestRandomKeyGenerator" time="5.021"/>
  <testcase name="bigFileThan2GB" classname="org.apache.hadoop.ozone.freon.TestRandomKeyGenerator" time="86.983">
    <error type="java.lang.UnsupportedOperationException">java.lang.UnsupportedOperationException
	at java.util.AbstractList.add(AbstractList.java:148)
	at java.util.AbstractList.add(AbstractList.java:108)
	at java.util.AbstractCollection.addAll(AbstractCollection.java:344)
	at org.apache.hadoop.hdds.scm.storage.BlockOutputStream.watchForCommit(BlockOutputStream.java:363)
	at org.apache.hadoop.hdds.scm.storage.BlockOutputStream.handleFullBuffer(BlockOutputStream.java:332)
	at org.apache.hadoop.hdds.scm.storage.BlockOutputStream.write(BlockOutputStream.java:259)
	at org.apache.hadoop.ozone.client.io.BlockOutputStreamEntry.write(BlockOutputStreamEntry.java:129)
	at org.apache.hadoop.ozone.client.io.KeyOutputStream.handleWrite(KeyOutputStream.java:211)
	at org.apache.hadoop.ozone.client.io.KeyOutputStream.write(KeyOutputStream.java:193)
	at org.apache.hadoop.ozone.client.io.OzoneOutputStream.write(OzoneOutputStream.java:49)
	at org.apache.hadoop.ozone.freon.RandomKeyGenerator$KeyProcessor.run(RandomKeyGenerator.java:693)
	at java.util.concurrent.Executors$RunnableAdapter.call(Executors.java:511)
	at java.util.concurrent.FutureTask.run(FutureTask.java:266)
	at java.util.concurrent.ThreadPoolExecutor.runWorker(ThreadPoolExecutor.java:1149)
	at java.util.concurrent.ThreadPoolExecutor$Worker.run(ThreadPoolExecutor.java:624)
	at java.lang.Thread.run(Thread.java:748)
</error>
    <system-out><![CDATA[2019-07-14 04:23:35,161 INFO  freon.RandomKeyGenerator (RandomKeyGenerator.java:call(262)) - Number of Threads: 1
2019-07-14 04:23:35,162 INFO  freon.RandomKeyGenerator (RandomKeyGenerator.java:call(267)) - Number of Volumes: 1.
2019-07-14 04:23:35,162 INFO  freon.RandomKeyGenerator (RandomKeyGenerator.java:call(268)) - Number of Buckets per Volume: 1.
2019-07-14 04:23:35,162 INFO  freon.RandomKeyGenerator (RandomKeyGenerator.java:call(269)) - Number of Keys per Bucket: 1.
2019-07-14 04:23:35,162 INFO  freon.RandomKeyGenerator (RandomKeyGenerator.java:call(270)) - Key size: 2147483657 bytes
2019-07-14 04:23:35,162 INFO  freon.RandomKeyGenerator (RandomKeyGenerator.java:call(271)) - Buffer size: 4096 bytes
2019-07-14 04:23:35,163 INFO  rpc.RpcClient (RpcClient.java:createVolume(287)) - Creating Volume: vol-0-02195, with jenkins1000 as owner.
2019-07-14 04:23:35,163 INFO  freon.RandomKeyGenerator (RandomKeyGenerator.java:call(286)) - Data validation is enabled.
2019-07-14 04:23:35,164 INFO  freon.RandomKeyGenerator (RandomKeyGenerator.java:call(299)) - Starting progress bar Thread.

 0.00% |█                                                                                                    |  0/1 Time: 0:00:002019-07-14 04:23:35,172 INFO  rpc.RpcClient (RpcClient.java:createBucket(424)) - Creating Bucket: vol-0-02195/bucket-0-79557, with Versioning false and Storage Type set to DISK and Encryption set to false 
2019-07-14 04:23:35,249 INFO  client.GrpcClientProtocolClient (GrpcClientProtocolClient.java:onNext(255)) - client-8DB4338F17D0->d2a7b1fa-fac6-4c6f-8c6d-9ac7414c70c3: receive RaftClientReply:client-8DB4338F17D0->d2a7b1fa-fac6-4c6f-8c6d-9ac7414c70c3@group-4A9565783204, cid=600, FAILED org.apache.ratis.protocol.NotLeaderException: Server d2a7b1fa-fac6-4c6f-8c6d-9ac7414c70c3 is not the leader (b5da6a4a-1459-46a4-9479-d2035163dbe2:192.168.5.136:45470). Request must be sent to leader., logIndex=0, commits[d2a7b1fa-fac6-4c6f-8c6d-9ac7414c70c3:c703, b5da6a4a-1459-46a4-9479-d2035163dbe2:c703, 69c25b61-d669-4f17-b36d-41bca3df1f31:c703]
2019-07-14 04:23:35,295 INFO  client.GrpcClientProtocolClient (GrpcClientProtocolClient.java:onNext(255)) - client-8DB4338F17D0->b5da6a4a-1459-46a4-9479-d2035163dbe2: receive RaftClientReply:client-8DB4338F17D0->b5da6a4a-1459-46a4-9479-d2035163dbe2@group-4A9565783204, cid=600, SUCCESS, logIndex=704, commits[b5da6a4a-1459-46a4-9479-d2035163dbe2:c704, 69c25b61-d669-4f17-b36d-41bca3df1f31:c703, d2a7b1fa-fac6-4c6f-8c6d-9ac7414c70c3:c703]
2019-07-14 04:23:35,320 INFO  client.GrpcClientProtocolClient (GrpcClientProtocolClient.java:onNext(255)) - client-8DB4338F17D0->b5da6a4a-1459-46a4-9479-d2035163dbe2: receive RaftClientReply:client-8DB4338F17D0->b5da6a4a-1459-46a4-9479-d2035163dbe2@group-4A9565783204, cid=601, SUCCESS, logIndex=706, commits[b5da6a4a-1459-46a4-9479-d2035163dbe2:c707, 69c25b61-d669-4f17-b36d-41bca3df1f31:c705, d2a7b1fa-fac6-4c6f-8c6d-9ac7414c70c3:c705]
2019-07-14 04:23:35,323 INFO  client.GrpcClientProtocolClient (GrpcClientProtocolClient.java:onNext(255)) - client-8DB4338F17D0->b5da6a4a-1459-46a4-9479-d2035163dbe2: receive RaftClientReply:client-8DB4338F17D0->b5da6a4a-1459-46a4-9479-d2035163dbe2@group-4A9565783204, cid=602, SUCCESS, logIndex=707, commits[b5da6a4a-1459-46a4-9479-d2035163dbe2:c708, 69c25b61-d669-4f17-b36d-41bca3df1f31:c705, d2a7b1fa-fac6-4c6f-8c6d-9ac7414c70c3:c705]
2019-07-14 04:23:35,323 INFO  client.GrpcClientProtocolClient (GrpcClientProtocolClient.java:onNext(255)) - client-8DB4338F17D0->b5da6a4a-1459-46a4-9479-d2035163dbe2: receive RaftClientReply:client-8DB4338F17D0->b5da6a4a-1459-46a4-9479-d2035163dbe2@group-4A9565783204, cid=603, SUCCESS, logIndex=708, commits[b5da6a4a-1459-46a4-9479-d2035163dbe2:c709, 69c25b61-d669-4f17-b36d-41bca3df1f31:c706, d2a7b1fa-fac6-4c6f-8c6d-9ac7414c70c3:c706]
2019-07-14 04:23:35,357 INFO  client.GrpcClientProtocolClient (GrpcClientProtocolClient.java:onNext(255)) - client-8DB4338F17D0->b5da6a4a-1459-46a4-9479-d2035163dbe2: receive RaftClientReply:client-8DB4338F17D0->b5da6a4a-1459-46a4-9479-d2035163dbe2@group-4A9565783204, cid=604, SUCCESS, logIndex=712, commits[b5da6a4a-1459-46a4-9479-d2035163dbe2:c713, 69c25b61-d669-4f17-b36d-41bca3df1f31:c708, d2a7b1fa-fac6-4c6f-8c6d-9ac7414c70c3:c710]
2019-07-14 04:23:35,360 INFO  client.GrpcClientProtocolClient (GrpcClientProtocolClient.java:onNext(255)) - client-8DB4338F17D0->b5da6a4a-1459-46a4-9479-d2035163dbe2: receive RaftClientReply:client-8DB4338F17D0->b5da6a4a-1459-46a4-9479-d2035163dbe2@group-4A9565783204, cid=605, SUCCESS, logIndex=713, commits[b5da6a4a-1459-46a4-9479-d2035163dbe2:c713, 69c25b61-d669-4f17-b36d-41bca3df1f31:c710, d2a7b1fa-fac6-4c6f-8c6d-9ac7414c70c3:c710]
2019-07-14 04:23:35,383 INFO  client.GrpcClientProtocolClient (GrpcClientProtocolClient.java:onNext(255)) - client-8DB4338F17D0->b5da6a4a-1459-46a4-9479-d2035163dbe2: receive RaftClientReply:client-8DB4338F17D0->b5da6a4a-1459-46a4-9479-d2035163dbe2@group-4A9565783204, cid=606, SUCCESS, logIndex=716, commits[b5da6a4a-1459-46a4-9479-d2035163dbe2:c717, 69c25b61-d669-4f17-b36d-41bca3df1f31:c714, d2a7b1fa-fac6-4c6f-8c6d-9ac7414c70c3:c715]
2019-07-14 04:23:35,386 INFO  client.GrpcClientProtocolClient (GrpcClientProtocolClient.java:onNext(255)) - client-8DB4338F17D0->b5da6a4a-1459-46a4-9479-d2035163dbe2: receive RaftClientReply:client-8DB4338F17D0->b5da6a4a-1459-46a4-9479-d2035163dbe2@group-4A9565783204, cid=607, SUCCESS, logIndex=717, commits[b5da6a4a-1459-46a4-9479-d2035163dbe2:c717, 69c25b61-d669-4f17-b36d-41bca3df1f31:c715, d2a7b1fa-fac6-4c6f-8c6d-9ac7414c70c3:c715]
2019-07-14 04:23:35,398 INFO  client.GrpcClientProtocolClient (GrpcClientProtocolClient.java:onNext(255)) - client-8DB4338F17D0->b5da6a4a-1459-46a4-9479-d2035163dbe2: receive RaftClientReply:client-8DB4338F17D0->b5da6a4a-1459-46a4-9479-d2035163dbe2@group-4A9565783204, cid=608, SUCCESS, logIndex=0, commits[b5da6a4a-1459-46a4-9479-d2035163dbe2:c718, 69c25b61-d669-4f17-b36d-41bca3df1f31:c717, d2a7b1fa-fac6-4c6f-8c6d-9ac7414c70c3:c717]
2019-07-14 04:23:35,624 INFO  client.GrpcClientProtocolClient (GrpcClientProtocolClient.java:onNext(255)) - client-8DB4338F17D0->b5da6a4a-1459-46a4-9479-d2035163dbe2: receive RaftClientReply:client-8DB4338F17D0->b5da6a4a-1459-46a4-9479-d2035163dbe2@group-4A9565783204, cid=609, SUCCESS, logIndex=720, commits[b5da6a4a-1459-46a4-9479-d2035163dbe2:c721, 69c25b61-d669-4f17-b36d-41bca3df1f31:c717, d2a7b1fa-fac6-4c6f-8c6d-9ac7414c70c3:c719]
2019-07-14 04:23:35,626 INFO  client.GrpcClientProtocolClient (GrpcClientProtocolClient.java:onNext(255)) - client-8DB4338F17D0->b5da6a4a-1459-46a4-9479-d2035163dbe2: receive RaftClientReply:client-8DB4338F17D0->b5da6a4a-1459-46a4-9479-d2035163dbe2@group-4A9565783204, cid=610, SUCCESS, logIndex=721, commits[b5da6a4a-1459-46a4-9479-d2035163dbe2:c721, 69c25b61-d669-4f17-b36d-41bca3df1f31:c719, d2a7b1fa-fac6-4c6f-8c6d-9ac7414c70c3:c719]
2019-07-14 04:23:35,627 INFO  client.GrpcClientProtocolClient (GrpcClientProtocolClient.java:onNext(255)) - client-8DB4338F17D0->b5da6a4a-1459-46a4-9479-d2035163dbe2: receive RaftClientReply:client-8DB4338F17D0->b5da6a4a-1459-46a4-9479-d2035163dbe2@group-4A9565783204, cid=611, SUCCESS, logIndex=722, commits[b5da6a4a-1459-46a4-9479-d2035163dbe2:c724, 69c25b61-d669-4f17-b36d-41bca3df1f31:c721, d2a7b1fa-fac6-4c6f-8c6d-9ac7414c70c3:c719]
2019-07-14 04:23:35,627 INFO  client.GrpcClientProtocolClient (GrpcClientProtocolClient.java:onNext(255)) - client-8DB4338F17D0->b5da6a4a-1459-46a4-9479-d2035163dbe2: receive RaftClientReply:client-8DB4338F17D0->b5da6a4a-1459-46a4-9479-d2035163dbe2@group-4A9565783204, cid=612, SUCCESS, logIndex=723, commits[b5da6a4a-1459-46a4-9479-d2035163dbe2:c725, 69c25b61-d669-4f17-b36d-41bca3df1f31:c721, d2a7b1fa-fac6-4c6f-8c6d-9ac7414c70c3:c719]
2019-07-14 04:23:35,629 INFO  client.GrpcClientProtocolClient (GrpcClientProtocolClient.java:onNext(255)) - client-8DB4338F17D0->b5da6a4a-1459-46a4-9479-d2035163dbe2: receive RaftClientReply:client-8DB4338F17D0->b5da6a4a-1459-46a4-9479-d2035163dbe2@group-4A9565783204, cid=613, SUCCESS, logIndex=0, commits[b5da6a4a-1459-46a4-9479-d2035163dbe2:c725, 69c25b61-d669-4f17-b36d-41bca3df1f31:c721, d2a7b1fa-fac6-4c6f-8c6d-9ac7414c70c3:c721]
2019-07-14 04:23:35,652 INFO  client.GrpcClientProtocolClient (GrpcClientProtocolClient.java:onNext(255)) - client-8DB4338F17D0->b5da6a4a-1459-46a4-9479-d2035163dbe2: receive RaftClientReply:client-8DB4338F17D0->b5da6a4a-1459-46a4-9479-d2035163dbe2@group-4A9565783204, cid=614, SUCCESS, logIndex=728, commits[b5da6a4a-1459-46a4-9479-d2035163dbe2:c729, 69c25b61-d669-4f17-b36d-41bca3df1f31:c727, d2a7b1fa-fac6-4c6f-8c6d-9ac7414c70c3:c727]
2019-07-14 04:23:35,653 INFO  client.GrpcClientProtocolClient (GrpcClientProtocolClient.java:onNext(255)) - client-8DB4338F17D0->b5da6a4a-1459-46a4-9479-d2035163dbe2: receive RaftClientReply:client-8DB4338F17D0->b5da6a4a-1459-46a4-9479-d2035163dbe2@group-4A9565783204, cid=615, SUCCESS, logIndex=729, commits[b5da6a4a-1459-46a4-9479-d2035163dbe2:c729, 69c25b61-d669-4f17-b36d-41bca3df1f31:c727, d2a7b1fa-fac6-4c6f-8c6d-9ac7414c70c3:c727]
2019-07-14 04:23:35,678 INFO  client.GrpcClientProtocolClient (GrpcClientProtocolClient.java:onNext(255)) - client-8DB4338F17D0->b5da6a4a-1459-46a4-9479-d2035163dbe2: receive RaftClientReply:client-8DB4338F17D0->b5da6a4a-1459-46a4-9479-d2035163dbe2@group-4A9565783204, cid=616, SUCCESS, logIndex=732, commits[b5da6a4a-1459-46a4-9479-d2035163dbe2:c733, 69c25b61-d669-4f17-b36d-41bca3df1f31:c730, d2a7b1fa-fac6-4c6f-8c6d-9ac7414c70c3:c730]
2019-07-14 04:23:35,678 INFO  client.GrpcClientProtocolClient (GrpcClientProtocolClient.java:onNext(255)) - client-8DB4338F17D0->b5da6a4a-1459-46a4-9479-d2035163dbe2: receive RaftClientReply:client-8DB4338F17D0->b5da6a4a-1459-46a4-9479-d2035163dbe2@group-4A9565783204, cid=617, SUCCESS, logIndex=733, commits[b5da6a4a-1459-46a4-9479-d2035163dbe2:c733, 69c25b61-d669-4f17-b36d-41bca3df1f31:c730, d2a7b1fa-fac6-4c6f-8c6d-9ac7414c70c3:c730]
2019-07-14 04:23:35,682 INFO  client.GrpcClientProtocolClient (GrpcClientProtocolClient.java:onNext(255)) - client-8DB4338F17D0->b5da6a4a-1459-46a4-9479-d2035163dbe2: receive RaftClientReply:client-8DB4338F17D0->b5da6a4a-1459-46a4-9479-d2035163dbe2@group-4A9565783204, cid=618, SUCCESS, logIndex=0, commits[b5da6a4a-1459-46a4-9479-d2035163dbe2:c734, 69c25b61-d669-4f17-b36d-41bca3df1f31:c733, d2a7b1fa-fac6-4c6f-8c6d-9ac7414c70c3:c733]
2019-07-14 04:23:35,706 INFO  client.GrpcClientProtocolClient (GrpcClientProtocolClient.java:onNext(255)) - client-8DB4338F17D0->b5da6a4a-1459-46a4-9479-d2035163dbe2: receive RaftClientReply:client-8DB4338F17D0->b5da6a4a-1459-46a4-9479-d2035163dbe2@group-4A9565783204, cid=619, SUCCESS, logIndex=736, commits[b5da6a4a-1459-46a4-9479-d2035163dbe2:c737, 69c25b61-d669-4f17-b36d-41bca3df1f31:c735, d2a7b1fa-fac6-4c6f-8c6d-9ac7414c70c3:c735]
2019-07-14 04:23:35,706 INFO  client.GrpcClientProtocolClient (GrpcClientProtocolClient.java:onNext(255)) - client-8DB4338F17D0->b5da6a4a-1459-46a4-9479-d2035163dbe2: receive RaftClientReply:client-8DB4338F17D0->b5da6a4a-1459-46a4-9479-d2035163dbe2@group-4A9565783204, cid=620, SUCCESS, logIndex=737, commits[b5da6a4a-1459-46a4-9479-d2035163dbe2:c739, 69c25b61-d669-4f17-b36d-41bca3df1f31:c735, d2a7b1fa-fac6-4c6f-8c6d-9ac7414c70c3:c735]
2019-07-14 04:23:35,707 INFO  client.GrpcClientProtocolClient (GrpcClientProtocolClient.java:onNext(255)) - client-8DB4338F17D0->b5da6a4a-1459-46a4-9479-d2035163dbe2: receive RaftClientReply:client-8DB4338F17D0->b5da6a4a-1459-46a4-9479-d2035163dbe2@group-4A9565783204, cid=621, SUCCESS, logIndex=738, commits[b5da6a4a-1459-46a4-9479-d2035163dbe2:c739, 69c25b61-d669-4f17-b36d-41bca3df1f31:c735, d2a7b1fa-fac6-4c6f-8c6d-9ac7414c70c3:c735]
2019-07-14 04:23:35,707 INFO  client.GrpcClientProtocolClient (GrpcClientProtocolClient.java:onNext(255)) - client-8DB4338F17D0->b5da6a4a-1459-46a4-9479-d2035163dbe2: receive RaftClientReply:client-8DB4338F17D0->b5da6a4a-1459-46a4-9479-d2035163dbe2@group-4A9565783204, cid=622, SUCCESS, logIndex=739, commits[b5da6a4a-1459-46a4-9479-d2035163dbe2:c739, 69c25b61-d669-4f17-b36d-41bca3df1f31:c735, d2a7b1fa-fac6-4c6f-8c6d-9ac7414c70c3:c735]
2019-07-14 04:23:35,709 INFO  client.GrpcClientProtocolClient (GrpcClientProtocolClient.java:onNext(255)) - client-8DB4338F17D0->b5da6a4a-1459-46a4-9479-d2035163dbe2: receive RaftClientReply:client-8DB4338F17D0->b5da6a4a-1459-46a4-9479-d2035163dbe2@group-4A9565783204, cid=623, SUCCESS, logIndex=0, commits[b5da6a4a-1459-46a4-9479-d2035163dbe2:c740, 69c25b61-d669-4f17-b36d-41bca3df1f31:c737, d2a7b1fa-fac6-4c6f-8c6d-9ac7414c70c3:c737]
2019-07-14 04:23:35,726 INFO  client.GrpcClientProtocolClient (GrpcClientProtocolClient.java:onNext(255)) - client-8DB4338F17D0->b5da6a4a-1459-46a4-9479-d2035163dbe2: receive RaftClientReply:client-8DB4338F17D0->b5da6a4a-1459-46a4-9479-d2035163dbe2@group-4A9565783204, cid=624, SUCCESS, logIndex=744, commits[b5da6a4a-1459-46a4-9479-d2035163dbe2:c745, 69c25b61-d669-4f17-b36d-41bca3df1f31:c743, d2a7b1fa-fac6-4c6f-8c6d-9ac7414c70c3:c743]
2019-07-14 04:23:35,726 INFO  client.GrpcClientProtocolClient (GrpcClientProtocolClient.java:onNext(255)) - client-8DB4338F17D0->b5da6a4a-1459-46a4-9479-d2035163dbe2: receive RaftClientReply:client-8DB4338F17D0->b5da6a4a-1459-46a4-9479-d2035163dbe2@group-4A9565783204, cid=625, SUCCESS, logIndex=745, commits[b5da6a4a-1459-46a4-9479-d2035163dbe2:c745, 69c25b61-d669-4f17-b36d-41bca3df1f31:c743, d2a7b1fa-fac6-4c6f-8c6d-9ac7414c70c3:c743]
2019-07-14 04:23:35,749 INFO  client.GrpcClientProtocolClient (GrpcClientProtocolClient.java:onNext(255)) - client-8DB4338F17D0->b5da6a4a-1459-46a4-9479-d2035163dbe2: receive RaftClientReply:client-8DB4338F17D0->b5da6a4a-1459-46a4-9479-d2035163dbe2@group-4A9565783204, cid=626, SUCCESS, logIndex=748, commits[b5da6a4a-1459-46a4-9479-d2035163dbe2:c749, 69c25b61-d669-4f17-b36d-41bca3df1f31:c747, d2a7b1fa-fac6-4c6f-8c6d-9ac7414c70c3:c747]
2019-07-14 04:23:35,749 INFO  client.GrpcClientProtocolClient (GrpcClientProtocolClient.java:onNext(255)) - client-8DB4338F17D0->b5da6a4a-1459-46a4-9479-d2035163dbe2: receive RaftClientReply:client-8DB4338F17D0->b5da6a4a-1459-46a4-9479-d2035163dbe2@group-4A9565783204, cid=627, SUCCESS, logIndex=749, commits[b5da6a4a-1459-46a4-9479-d2035163dbe2:c749, 69c25b61-d669-4f17-b36d-41bca3df1f31:c747, d2a7b1fa-fac6-4c6f-8c6d-9ac7414c70c3:c747]
2019-07-14 04:23:35,752 INFO  client.GrpcClientProtocolClient (GrpcClientProtocolClient.java:onNext(255)) - client-8DB4338F17D0->b5da6a4a-1459-46a4-9479-d2035163dbe2: receive RaftClientReply:client-8DB4338F17D0->b5da6a4a-1459-46a4-9479-d2035163dbe2@group-4A9565783204, cid=628, SUCCESS, logIndex=0, commits[b5da6a4a-1459-46a4-9479-d2035163dbe2:c751, 69c25b61-d669-4f17-b36d-41bca3df1f31:c749, d2a7b1fa-fac6-4c6f-8c6d-9ac7414c70c3:c749]
2019-07-14 04:23:35,773 INFO  client.GrpcClientProtocolClient (GrpcClientProtocolClient.java:onNext(255)) - client-8DB4338F17D0->b5da6a4a-1459-46a4-9479-d2035163dbe2: receive RaftClientReply:client-8DB4338F17D0->b5da6a4a-1459-46a4-9479-d2035163dbe2@group-4A9565783204, cid=629, SUCCESS, logIndex=752, commits[b5da6a4a-1459-46a4-9479-d2035163dbe2:c753, 69c25b61-d669-4f17-b36d-41bca3df1f31:c751, d2a7b1fa-fac6-4c6f-8c6d-9ac7414c70c3:c751]
2019-07-14 04:23:35,774 INFO  client.GrpcClientProtocolClient (GrpcClientProtocolClient.java:onNext(255)) - client-8DB4338F17D0->b5da6a4a-1459-46a4-9479-d2035163dbe2: receive RaftClientReply:client-8DB4338F17D0->b5da6a4a-1459-46a4-9479-d2035163dbe2@group-4A9565783204, cid=630, SUCCESS, logIndex=753, commits[b5da6a4a-1459-46a4-9479-d2035163dbe2:c755, 69c25b61-d669-4f17-b36d-41bca3df1f31:c751, d2a7b1fa-fac6-4c6f-8c6d-9ac7414c70c3:c751]
2019-07-14 04:23:35,775 INFO  client.GrpcClientProtocolClient (GrpcClientProtocolClient.java:onNext(255)) - client-8DB4338F17D0->b5da6a4a-1459-46a4-9479-d2035163dbe2: receive RaftClientReply:client-8DB4338F17D0->b5da6a4a-1459-46a4-9479-d2035163dbe2@group-4A9565783204, cid=631, SUCCESS, logIndex=754, commits[b5da6a4a-1459-46a4-9479-d2035163dbe2:c755, 69c25b61-d669-4f17-b36d-41bca3df1f31:c751, d2a7b1fa-fac6-4c6f-8c6d-9ac7414c70c3:c751]
2019-07-14 04:23:35,775 INFO  client.GrpcClientProtocolClient (GrpcClientProtocolClient.java:onNext(255)) - client-8DB4338F17D0->b5da6a4a-1459-46a4-9479-d2035163dbe2: receive RaftClientReply:client-8DB4338F17D0->b5da6a4a-1459-46a4-9479-d2035163dbe2@group-4A9565783204, cid=632, SUCCESS, logIndex=755, commits[b5da6a4a-1459-46a4-9479-d2035163dbe2:c756, 69c25b61-d669-4f17-b36d-41bca3df1f31:c752, d2a7b1fa-fac6-4c6f-8c6d-9ac7414c70c3:c751]
2019-07-14 04:23:35,778 INFO  client.GrpcClientProtocolClient (GrpcClientProtocolClient.java:onNext(255)) - client-8DB4338F17D0->b5da6a4a-1459-46a4-9479-d2035163dbe2: receive RaftClientReply:client-8DB4338F17D0->b5da6a4a-1459-46a4-9479-d2035163dbe2@group-4A9565783204, cid=633, SUCCESS, logIndex=0, commits[b5da6a4a-1459-46a4-9479-d2035163dbe2:c757, 69c25b61-d669-4f17-b36d-41bca3df1f31:c753, d2a7b1fa-fac6-4c6f-8c6d-9ac7414c70c3:c753]
2019-07-14 04:23:35,792 INFO  client.GrpcClientProtocolClient (GrpcClientProtocolClient.java:onNext(255)) - client-8DB4338F17D0->b5da6a4a-1459-46a4-9479-d2035163dbe2: receive RaftClientReply:client-8DB4338F17D0->b5da6a4a-1459-46a4-9479-d2035163dbe2@group-4A9565783204, cid=634, SUCCESS, logIndex=760, commits[b5da6a4a-1459-46a4-9479-d2035163dbe2:c761, 69c25b61-d669-4f17-b36d-41bca3df1f31:c759, d2a7b1fa-fac6-4c6f-8c6d-9ac7414c70c3:c759]
2019-07-14 04:23:35,793 INFO  client.GrpcClientProtocolClient (GrpcClientProtocolClient.java:onNext(255)) - client-8DB4338F17D0->b5da6a4a-1459-46a4-9479-d2035163dbe2: receive RaftClientReply:client-8DB4338F17D0->b5da6a4a-1459-46a4-9479-d2035163dbe2@group-4A9565783204, cid=635, SUCCESS, logIndex=761, commits[b5da6a4a-1459-46a4-9479-d2035163dbe2:c761, 69c25b61-d669-4f17-b36d-41bca3df1f31:c759, d2a7b1fa-fac6-4c6f-8c6d-9ac7414c70c3:c759]
2019-07-14 04:23:35,807 INFO  client.GrpcClientProtocolClient (GrpcClientProtocolClient.java:onNext(255)) - client-8DB4338F17D0->b5da6a4a-1459-46a4-9479-d2035163dbe2: receive RaftClientReply:client-8DB4338F17D0->b5da6a4a-1459-46a4-9479-d2035163dbe2@group-4A9565783204, cid=636, SUCCESS, logIndex=764, commits[b5da6a4a-1459-46a4-9479-d2035163dbe2:c765, 69c25b61-d669-4f17-b36d-41bca3df1f31:c763, d2a7b1fa-fac6-4c6f-8c6d-9ac7414c70c3:c763]
2019-07-14 04:23:35,808 INFO  client.GrpcClientProtocolClient (GrpcClientProtocolClient.java:onNext(255)) - client-8DB4338F17D0->b5da6a4a-1459-46a4-9479-d2035163dbe2: receive RaftClientReply:client-8DB4338F17D0->b5da6a4a-1459-46a4-9479-d2035163dbe2@group-4A9565783204, cid=637, SUCCESS, logIndex=765, commits[b5da6a4a-1459-46a4-9479-d2035163dbe2:c765, 69c25b61-d669-4f17-b36d-41bca3df1f31:c763, d2a7b1fa-fac6-4c6f-8c6d-9ac7414c70c3:c763]
2019-07-14 04:23:35,810 INFO  client.GrpcClientProtocolClient (GrpcClientProtocolClient.java:onNext(255)) - client-8DB4338F17D0->b5da6a4a-1459-46a4-9479-d2035163dbe2: receive RaftClientReply:client-8DB4338F17D0->b5da6a4a-1459-46a4-9479-d2035163dbe2@group-4A9565783204, cid=638, SUCCESS, logIndex=0, commits[b5da6a4a-1459-46a4-9479-d2035163dbe2:c766, 69c25b61-d669-4f17-b36d-41bca3df1f31:c765, d2a7b1fa-fac6-4c6f-8c6d-9ac7414c70c3:c765]
2019-07-14 04:23:35,830 INFO  client.GrpcClientProtocolClient (GrpcClientProtocolClient.java:onNext(255)) - client-8DB4338F17D0->b5da6a4a-1459-46a4-9479-d2035163dbe2: receive RaftClientReply:client-8DB4338F17D0->b5da6a4a-1459-46a4-9479-d2035163dbe2@group-4A9565783204, cid=639, SUCCESS, logIndex=768, commits[b5da6a4a-1459-46a4-9479-d2035163dbe2:c769, 69c25b61-d669-4f17-b36d-41bca3df1f31:c767, d2a7b1fa-fac6-4c6f-8c6d-9ac7414c70c3:c767]
2019-07-14 04:23:35,830 INFO  client.GrpcClientProtocolClient (GrpcClientProtocolClient.java:onNext(255)) - client-8DB4338F17D0->b5da6a4a-1459-46a4-9479-d2035163dbe2: receive RaftClientReply:client-8DB4338F17D0->b5da6a4a-1459-46a4-9479-d2035163dbe2@group-4A9565783204, cid=640, SUCCESS, logIndex=769, commits[b5da6a4a-1459-46a4-9479-d2035163dbe2:c771, 69c25b61-d669-4f17-b36d-41bca3df1f31:c767, d2a7b1fa-fac6-4c6f-8c6d-9ac7414c70c3:c767]
2019-07-14 04:23:35,831 INFO  client.GrpcClientProtocolClient (GrpcClientProtocolClient.java:onNext(255)) - client-8DB4338F17D0->b5da6a4a-1459-46a4-9479-d2035163dbe2: receive RaftClientReply:client-8DB4338F17D0->b5da6a4a-1459-46a4-9479-d2035163dbe2@group-4A9565783204, cid=641, SUCCESS, logIndex=770, commits[b5da6a4a-1459-46a4-9479-d2035163dbe2:c771, 69c25b61-d669-4f17-b36d-41bca3df1f31:c767, d2a7b1fa-fac6-4c6f-8c6d-9ac7414c70c3:c767]
2019-07-14 04:23:35,831 INFO  client.GrpcClientProtocolClient (GrpcClientProtocolClient.java:onNext(255)) - client-8DB4338F17D0->b5da6a4a-1459-46a4-9479-d2035163dbe2: receive RaftClientReply:client-8DB4338F17D0->b5da6a4a-1459-46a4-9479-d2035163dbe2@group-4A9565783204, cid=642, SUCCESS, logIndex=771, commits[b5da6a4a-1459-46a4-9479-d2035163dbe2:c771, 69c25b61-d669-4f17-b36d-41bca3df1f31:c767, d2a7b1fa-fac6-4c6f-8c6d-9ac7414c70c3:c767]
2019-07-14 04:23:35,834 INFO  client.GrpcClientProtocolClient (GrpcClientProtocolClient.java:onNext(255)) - client-8DB4338F17D0->b5da6a4a-1459-46a4-9479-d2035163dbe2: receive RaftClientReply:client-8DB4338F17D0->b5da6a4a-1459-46a4-9479-d2035163dbe2@group-4A9565783204, cid=643, SUCCESS, logIndex=0, commits[b5da6a4a-1459-46a4-9479-d2035163dbe2:c775, 69c25b61-d669-4f17-b36d-41bca3df1f31:c771, d2a7b1fa-fac6-4c6f-8c6d-9ac7414c70c3:c769]
2019-07-14 04:23:35,855 INFO  client.GrpcClientProtocolClient (GrpcClientProtocolClient.java:onNext(255)) - client-8DB4338F17D0->b5da6a4a-1459-46a4-9479-d2035163dbe2: receive RaftClientReply:client-8DB4338F17D0->b5da6a4a-1459-46a4-9479-d2035163dbe2@group-4A9565783204, cid=644, SUCCESS, logIndex=776, commits[b5da6a4a-1459-46a4-9479-d2035163dbe2:c777, 69c25b61-d669-4f17-b36d-41bca3df1f31:c775, d2a7b1fa-fac6-4c6f-8c6d-9ac7414c70c3:c775]
2019-07-14 04:23:35,856 INFO  client.GrpcClientProtocolClient (GrpcClientProtocolClient.java:onNext(255)) - client-8DB4338F17D0->b5da6a4a-1459-46a4-9479-d2035163dbe2: receive RaftClientReply:client-8DB4338F17D0->b5da6a4a-1459-46a4-9479-d2035163dbe2@group-4A9565783204, cid=645, SUCCESS, logIndex=777, commits[b5da6a4a-1459-46a4-9479-d2035163dbe2:c777, 69c25b61-d669-4f17-b36d-41bca3df1f31:c775, d2a7b1fa-fac6-4c6f-8c6d-9ac7414c70c3:c775]
2019-07-14 04:23:35,876 INFO  client.GrpcClientProtocolClient (GrpcClientProtocolClient.java:onNext(255)) - client-8DB4338F17D0->b5da6a4a-1459-46a4-9479-d2035163dbe2: receive RaftClientReply:client-8DB4338F17D0->b5da6a4a-1459-46a4-9479-d2035163dbe2@group-4A9565783204, cid=646, SUCCESS, logIndex=780, commits[b5da6a4a-1459-46a4-9479-d2035163dbe2:c781, 69c25b61-d669-4f17-b36d-41bca3df1f31:c779, d2a7b1fa-fac6-4c6f-8c6d-9ac7414c70c3:c779]
2019-07-14 04:23:35,877 INFO  client.GrpcClientProtocolClient (GrpcClientProtocolClient.java:onNext(255)) - client-8DB4338F17D0->b5da6a4a-1459-46a4-9479-d2035163dbe2: receive RaftClientReply:client-8DB4338F17D0->b5da6a4a-1459-46a4-9479-d2035163dbe2@group-4A9565783204, cid=647, SUCCESS, logIndex=781, commits[b5da6a4a-1459-46a4-9479-d2035163dbe2:c781, 69c25b61-d669-4f17-b36d-41bca3df1f31:c779, d2a7b1fa-fac6-4c6f-8c6d-9ac7414c70c3:c779]
2019-07-14 04:23:35,889 INFO  client.GrpcClientProtocolClient (GrpcClientProtocolClient.java:onNext(255)) - client-8DB4338F17D0->b5da6a4a-1459-46a4-9479-d2035163dbe2: receive RaftClientReply:client-8DB4338F17D0->b5da6a4a-1459-46a4-9479-d2035163dbe2@group-4A9565783204, cid=648, SUCCESS, logIndex=0, commits[b5da6a4a-1459-46a4-9479-d2035163dbe2:c783, 69c25b61-d669-4f17-b36d-41bca3df1f31:c781, d2a7b1fa-fac6-4c6f-8c6d-9ac7414c70c3:c781]
2019-07-14 04:23:35,906 INFO  client.GrpcClientProtocolClient (GrpcClientProtocolClient.java:onNext(255)) - client-8DB4338F17D0->b5da6a4a-1459-46a4-9479-d2035163dbe2: receive RaftClientReply:client-8DB4338F17D0->b5da6a4a-1459-46a4-9479-d2035163dbe2@group-4A9565783204, cid=649, SUCCESS, logIndex=784, commits[b5da6a4a-1459-46a4-9479-d2035163dbe2:c787, 69c25b61-d669-4f17-b36d-41bca3df1f31:c783, d2a7b1fa-fac6-4c6f-8c6d-9ac7414c70c3:c781]
2019-07-14 04:23:35,907 INFO  client.GrpcClientProtocolClient (GrpcClientProtocolClient.java:onNext(255)) - client-8DB4338F17D0->b5da6a4a-1459-46a4-9479-d2035163dbe2: receive RaftClientReply:client-8DB4338F17D0->b5da6a4a-1459-46a4-9479-d2035163dbe2@group-4A9565783204, cid=650, SUCCESS, logIndex=785, commits[b5da6a4a-1459-46a4-9479-d2035163dbe2:c787, 69c25b61-d669-4f17-b36d-41bca3df1f31:c783, d2a7b1fa-fac6-4c6f-8c6d-9ac7414c70c3:c781]
2019-07-14 04:23:35,907 INFO  client.GrpcClientProtocolClient (GrpcClientProtocolClient.java:onNext(255)) - client-8DB4338F17D0->b5da6a4a-1459-46a4-9479-d2035163dbe2: receive RaftClientReply:client-8DB4338F17D0->b5da6a4a-1459-46a4-9479-d2035163dbe2@group-4A9565783204, cid=651, SUCCESS, logIndex=786, commits[b5da6a4a-1459-46a4-9479-d2035163dbe2:c787, 69c25b61-d669-4f17-b36d-41bca3df1f31:c783, d2a7b1fa-fac6-4c6f-8c6d-9ac7414c70c3:c783]
2019-07-14 04:23:35,908 INFO  client.GrpcClientProtocolClient (GrpcClientProtocolClient.java:onNext(255)) - client-8DB4338F17D0->b5da6a4a-1459-46a4-9479-d2035163dbe2: receive RaftClientReply:client-8DB4338F17D0->b5da6a4a-1459-46a4-9479-d2035163dbe2@group-4A9565783204, cid=652, SUCCESS, logIndex=787, commits[b5da6a4a-1459-46a4-9479-d2035163dbe2:c787, 69c25b61-d669-4f17-b36d-41bca3df1f31:c783, d2a7b1fa-fac6-4c6f-8c6d-9ac7414c70c3:c783]
2019-07-14 04:23:35,910 INFO  client.GrpcClientProtocolClient (GrpcClientProtocolClient.java:onNext(255)) - client-8DB4338F17D0->b5da6a4a-1459-46a4-9479-d2035163dbe2: receive RaftClientReply:client-8DB4338F17D0->b5da6a4a-1459-46a4-9479-d2035163dbe2@group-4A9565783204, cid=653, SUCCESS, logIndex=0, commits[b5da6a4a-1459-46a4-9479-d2035163dbe2:c791, 69c25b61-d669-4f17-b36d-41bca3df1f31:c785, d2a7b1fa-fac6-4c6f-8c6d-9ac7414c70c3:c787]
2019-07-14 04:23:35,929 INFO  client.GrpcClientProtocolClient (GrpcClientProtocolClient.java:onNext(255)) - client-8DB4338F17D0->b5da6a4a-1459-46a4-9479-d2035163dbe2: receive RaftClientReply:client-8DB4338F17D0->b5da6a4a-1459-46a4-9479-d2035163dbe2@group-4A9565783204, cid=654, SUCCESS, logIndex=792, commits[b5da6a4a-1459-46a4-9479-d2035163dbe2:c793, 69c25b61-d669-4f17-b36d-41bca3df1f31:c791, d2a7b1fa-fac6-4c6f-8c6d-9ac7414c70c3:c791]
2019-07-14 04:23:35,929 INFO  client.GrpcClientProtocolClient (GrpcClientProtocolClient.java:onNext(255)) - client-8DB4338F17D0->b5da6a4a-1459-46a4-9479-d2035163dbe2: receive RaftClientReply:client-8DB4338F17D0->b5da6a4a-1459-46a4-9479-d2035163dbe2@group-4A9565783204, cid=655, SUCCESS, logIndex=793, commits[b5da6a4a-1459-46a4-9479-d2035163dbe2:c793, 69c25b61-d669-4f17-b36d-41bca3df1f31:c791, d2a7b1fa-fac6-4c6f-8c6d-9ac7414c70c3:c791]
2019-07-14 04:23:35,943 INFO  client.GrpcClientProtocolClient (GrpcClientProtocolClient.java:onNext(255)) - client-8DB4338F17D0->b5da6a4a-1459-46a4-9479-d2035163dbe2: receive RaftClientReply:client-8DB4338F17D0->b5da6a4a-1459-46a4-9479-d2035163dbe2@group-4A9565783204, cid=656, SUCCESS, logIndex=796, commits[b5da6a4a-1459-46a4-9479-d2035163dbe2:c797, 69c25b61-d669-4f17-b36d-41bca3df1f31:c795, d2a7b1fa-fac6-4c6f-8c6d-9ac7414c70c3:c793]
2019-07-14 04:23:35,943 INFO  client.GrpcClientProtocolClient (GrpcClientProtocolClient.java:onNext(255)) - client-8DB4338F17D0->b5da6a4a-1459-46a4-9479-d2035163dbe2: receive RaftClientReply:client-8DB4338F17D0->b5da6a4a-1459-46a4-9479-d2035163dbe2@group-4A9565783204, cid=657, SUCCESS, logIndex=797, commits[b5da6a4a-1459-46a4-9479-d2035163dbe2:c797, 69c25b61-d669-4f17-b36d-41bca3df1f31:c795, d2a7b1fa-fac6-4c6f-8c6d-9ac7414c70c3:c795]
2019-07-14 04:23:35,947 INFO  client.GrpcClientProtocolClient (GrpcClientProtocolClient.java:onNext(255)) - client-8DB4338F17D0->b5da6a4a-1459-46a4-9479-d2035163dbe2: receive RaftClientReply:client-8DB4338F17D0->b5da6a4a-1459-46a4-9479-d2035163dbe2@group-4A9565783204, cid=658, SUCCESS, logIndex=0, commits[b5da6a4a-1459-46a4-9479-d2035163dbe2:c799, 69c25b61-d669-4f17-b36d-41bca3df1f31:c797, d2a7b1fa-fac6-4c6f-8c6d-9ac7414c70c3:c797]
2019-07-14 04:23:35,960 INFO  client.GrpcClientProtocolClient (GrpcClientProtocolClient.java:onNext(255)) - client-8DB4338F17D0->b5da6a4a-1459-46a4-9479-d2035163dbe2: receive RaftClientReply:client-8DB4338F17D0->b5da6a4a-1459-46a4-9479-d2035163dbe2@group-4A9565783204, cid=659, SUCCESS, logIndex=800, commits[b5da6a4a-1459-46a4-9479-d2035163dbe2:c801, 69c25b61-d669-4f17-b36d-41bca3df1f31:c797, d2a7b1fa-fac6-4c6f-8c6d-9ac7414c70c3:c799]
2019-07-14 04:23:35,961 INFO  client.GrpcClientProtocolClient (GrpcClientProtocolClient.java:onNext(255)) - client-8DB4338F17D0->b5da6a4a-1459-46a4-9479-d2035163dbe2: receive RaftClientReply:client-8DB4338F17D0->b5da6a4a-1459-46a4-9479-d2035163dbe2@group-4A9565783204, cid=660, SUCCESS, logIndex=801, commits[b5da6a4a-1459-46a4-9479-d2035163dbe2:c801, 69c25b61-d669-4f17-b36d-41bca3df1f31:c799, d2a7b1fa-fac6-4c6f-8c6d-9ac7414c70c3:c799]
2019-07-14 04:23:35,971 INFO  client.GrpcClientProtocolClient (GrpcClientProtocolClient.java:onNext(255)) - client-8DB4338F17D0->b5da6a4a-1459-46a4-9479-d2035163dbe2: receive RaftClientReply:client-8DB4338F17D0->b5da6a4a-1459-46a4-9479-d2035163dbe2@group-4A9565783204, cid=661, SUCCESS, logIndex=802, commits[b5da6a4a-1459-46a4-9479-d2035163dbe2:c803, 69c25b61-d669-4f17-b36d-41bca3df1f31:c799, d2a7b1fa-fac6-4c6f-8c6d-9ac7414c70c3:c799]
2019-07-14 04:23:35,972 INFO  client.GrpcClientProtocolClient (GrpcClientProtocolClient.java:onNext(255)) - client-8DB4338F17D0->b5da6a4a-1459-46a4-9479-d2035163dbe2: receive RaftClientReply:client-8DB4338F17D0->b5da6a4a-1459-46a4-9479-d2035163dbe2@group-4A9565783204, cid=662, SUCCESS, logIndex=803, commits[b5da6a4a-1459-46a4-9479-d2035163dbe2:c804, 69c25b61-d669-4f17-b36d-41bca3df1f31:c800, d2a7b1fa-fac6-4c6f-8c6d-9ac7414c70c3:c799]
2019-07-14 04:23:35,973 INFO  client.GrpcClientProtocolClient (GrpcClientProtocolClient.java:onNext(255)) - client-8DB4338F17D0->b5da6a4a-1459-46a4-9479-d2035163dbe2: receive RaftClientReply:client-8DB4338F17D0->b5da6a4a-1459-46a4-9479-d2035163dbe2@group-4A9565783204, cid=663, SUCCESS, logIndex=0, commits[b5da6a4a-1459-46a4-9479-d2035163dbe2:c805, 69c25b61-d669-4f17-b36d-41bca3df1f31:c801, d2a7b1fa-fac6-4c6f-8c6d-9ac7414c70c3:c801]
2019-07-14 04:23:35,995 INFO  client.GrpcClientProtocolClient (GrpcClientProtocolClient.java:onNext(255)) - client-8DB4338F17D0->b5da6a4a-1459-46a4-9479-d2035163dbe2: receive RaftClientReply:client-8DB4338F17D0->b5da6a4a-1459-46a4-9479-d2035163dbe2@group-4A9565783204, cid=664, SUCCESS, logIndex=808, commits[b5da6a4a-1459-46a4-9479-d2035163dbe2:c809, 69c25b61-d669-4f17-b36d-41bca3df1f31:c803, d2a7b1fa-fac6-4c6f-8c6d-9ac7414c70c3:c805]
2019-07-14 04:23:35,996 INFO  client.GrpcClientProtocolClient (GrpcClientProtocolClient.java:onNext(255)) - client-8DB4338F17D0->b5da6a4a-1459-46a4-9479-d2035163dbe2: receive RaftClientReply:client-8DB4338F17D0->b5da6a4a-1459-46a4-9479-d2035163dbe2@group-4A9565783204, cid=665, SUCCESS, logIndex=809, commits[b5da6a4a-1459-46a4-9479-d2035163dbe2:c809, 69c25b61-d669-4f17-b36d-41bca3df1f31:c805, d2a7b1fa-fac6-4c6f-8c6d-9ac7414c70c3:c805]
2019-07-14 04:23:36,009 INFO  client.GrpcClientProtocolClient (GrpcClientProtocolClient.java:onNext(255)) - client-8DB4338F17D0->b5da6a4a-1459-46a4-9479-d2035163dbe2: receive RaftClientReply:client-8DB4338F17D0->b5da6a4a-1459-46a4-9479-d2035163dbe2@group-4A9565783204, cid=666, SUCCESS, logIndex=812, commits[b5da6a4a-1459-46a4-9479-d2035163dbe2:c813, 69c25b61-d669-4f17-b36d-41bca3df1f31:c811, d2a7b1fa-fac6-4c6f-8c6d-9ac7414c70c3:c809]
2019-07-14 04:23:36,009 INFO  client.GrpcClientProtocolClient (GrpcClientProtocolClient.java:onNext(255)) - client-8DB4338F17D0->b5da6a4a-1459-46a4-9479-d2035163dbe2: receive RaftClientReply:client-8DB4338F17D0->b5da6a4a-1459-46a4-9479-d2035163dbe2@group-4A9565783204, cid=667, SUCCESS, logIndex=813, commits[b5da6a4a-1459-46a4-9479-d2035163dbe2:c813, 69c25b61-d669-4f17-b36d-41bca3df1f31:c811, d2a7b1fa-fac6-4c6f-8c6d-9ac7414c70c3:c811]
2019-07-14 04:23:36,011 INFO  client.GrpcClientProtocolClient (GrpcClientProtocolClient.java:onNext(255)) - client-8DB4338F17D0->b5da6a4a-1459-46a4-9479-d2035163dbe2: receive RaftClientReply:client-8DB4338F17D0->b5da6a4a-1459-46a4-9479-d2035163dbe2@group-4A9565783204, cid=668, SUCCESS, logIndex=0, commits[b5da6a4a-1459-46a4-9479-d2035163dbe2:c814, 69c25b61-d669-4f17-b36d-41bca3df1f31:c813, d2a7b1fa-fac6-4c6f-8c6d-9ac7414c70c3:c813]
2019-07-14 04:23:36,034 INFO  client.GrpcClientProtocolClient (GrpcClientProtocolClient.java:onNext(255)) - client-8DB4338F17D0->b5da6a4a-1459-46a4-9479-d2035163dbe2: receive RaftClientReply:client-8DB4338F17D0->b5da6a4a-1459-46a4-9479-d2035163dbe2@group-4A9565783204, cid=669, SUCCESS, logIndex=816, commits[b5da6a4a-1459-46a4-9479-d2035163dbe2:c817, 69c25b61-d669-4f17-b36d-41bca3df1f31:c815, d2a7b1fa-fac6-4c6f-8c6d-9ac7414c70c3:c815]
2019-07-14 04:23:36,035 INFO  client.GrpcClientProtocolClient (GrpcClientProtocolClient.java:onNext(255)) - client-8DB4338F17D0->b5da6a4a-1459-46a4-9479-d2035163dbe2: receive RaftClientReply:client-8DB4338F17D0->b5da6a4a-1459-46a4-9479-d2035163dbe2@group-4A9565783204, cid=670, SUCCESS, logIndex=817, commits[b5da6a4a-1459-46a4-9479-d2035163dbe2:c818, 69c25b61-d669-4f17-b36d-41bca3df1f31:c815, d2a7b1fa-fac6-4c6f-8c6d-9ac7414c70c3:c815]
2019-07-14 04:23:36,035 INFO  client.GrpcClientProtocolClient (GrpcClientProtocolClient.java:onNext(255)) - client-8DB4338F17D0->b5da6a4a-1459-46a4-9479-d2035163dbe2: receive RaftClientReply:client-8DB4338F17D0->b5da6a4a-1459-46a4-9479-d2035163dbe2@group-4A9565783204, cid=671, SUCCESS, logIndex=818, commits[b5da6a4a-1459-46a4-9479-d2035163dbe2:c819, 69c25b61-d669-4f17-b36d-41bca3df1f31:c815, d2a7b1fa-fac6-4c6f-8c6d-9ac7414c70c3:c815]
2019-07-14 04:23:36,036 INFO  client.GrpcClientProtocolClient (GrpcClientProtocolClient.java:onNext(255)) - client-8DB4338F17D0->b5da6a4a-1459-46a4-9479-d2035163dbe2: receive RaftClientReply:client-8DB4338F17D0->b5da6a4a-1459-46a4-9479-d2035163dbe2@group-4A9565783204, cid=672, SUCCESS, logIndex=819, commits[b5da6a4a-1459-46a4-9479-d2035163dbe2:c819, 69c25b61-d669-4f17-b36d-41bca3df1f31:c815, d2a7b1fa-fac6-4c6f-8c6d-9ac7414c70c3:c815]
2019-07-14 04:23:36,039 INFO  client.GrpcClientProtocolClient (GrpcClientProtocolClient.java:onNext(255)) - client-8DB4338F17D0->b5da6a4a-1459-46a4-9479-d2035163dbe2: receive RaftClientReply:client-8DB4338F17D0->b5da6a4a-1459-46a4-9479-d2035163dbe2@group-4A9565783204, cid=673, SUCCESS, logIndex=0, commits[b5da6a4a-1459-46a4-9479-d2035163dbe2:c820, 69c25b61-d669-4f17-b36d-41bca3df1f31:c817, d2a7b1fa-fac6-4c6f-8c6d-9ac7414c70c3:c817]
2019-07-14 04:23:36,057 INFO  client.GrpcClientProtocolClient (GrpcClientProtocolClient.java:onNext(255)) - client-8DB4338F17D0->b5da6a4a-1459-46a4-9479-d2035163dbe2: receive RaftClientReply:client-8DB4338F17D0->b5da6a4a-1459-46a4-9479-d2035163dbe2@group-4A9565783204, cid=674, SUCCESS, logIndex=824, commits[b5da6a4a-1459-46a4-9479-d2035163dbe2:c824, 69c25b61-d669-4f17-b36d-41bca3df1f31:c823, d2a7b1fa-fac6-4c6f-8c6d-9ac7414c70c3:c823]
2019-07-14 04:23:36,058 INFO  client.GrpcClientProtocolClient (GrpcClientProtocolClient.java:onNext(255)) - client-8DB4338F17D0->b5da6a4a-1459-46a4-9479-d2035163dbe2: receive RaftClientReply:client-8DB4338F17D0->b5da6a4a-1459-46a4-9479-d2035163dbe2@group-4A9565783204, cid=675, SUCCESS, logIndex=825, commits[b5da6a4a-1459-46a4-9479-d2035163dbe2:c825, 69c25b61-d669-4f17-b36d-41bca3df1f31:c823, d2a7b1fa-fac6-4c6f-8c6d-9ac7414c70c3:c823]
2019-07-14 04:23:36,071 INFO  client.GrpcClientProtocolClient (GrpcClientProtocolClient.java:onNext(255)) - client-8DB4338F17D0->b5da6a4a-1459-46a4-9479-d2035163dbe2: receive RaftClientReply:client-8DB4338F17D0->b5da6a4a-1459-46a4-9479-d2035163dbe2@group-4A9565783204, cid=676, SUCCESS, logIndex=828, commits[b5da6a4a-1459-46a4-9479-d2035163dbe2:c829, 69c25b61-d669-4f17-b36d-41bca3df1f31:c825, d2a7b1fa-fac6-4c6f-8c6d-9ac7414c70c3:c824]
2019-07-14 04:23:36,072 INFO  client.GrpcClientProtocolClient (GrpcClientProtocolClient.java:onNext(255)) - client-8DB4338F17D0->b5da6a4a-1459-46a4-9479-d2035163dbe2: receive RaftClientReply:client-8DB4338F17D0->b5da6a4a-1459-46a4-9479-d2035163dbe2@group-4A9565783204, cid=677, SUCCESS, logIndex=829, commits[b5da6a4a-1459-46a4-9479-d2035163dbe2:c829, 69c25b61-d669-4f17-b36d-41bca3df1f31:c825, d2a7b1fa-fac6-4c6f-8c6d-9ac7414c70c3:c824]
2019-07-14 04:23:36,078 INFO  client.GrpcClientProtocolClient (GrpcClientProtocolClient.java:onNext(255)) - client-8DB4338F17D0->b5da6a4a-1459-46a4-9479-d2035163dbe2: receive RaftClientReply:client-8DB4338F17D0->b5da6a4a-1459-46a4-9479-d2035163dbe2@group-4A9565783204, cid=678, SUCCESS, logIndex=0, commits[b5da6a4a-1459-46a4-9479-d2035163dbe2:c830, 69c25b61-d669-4f17-b36d-41bca3df1f31:c828, d2a7b1fa-fac6-4c6f-8c6d-9ac7414c70c3:c825]
2019-07-14 04:23:36,081 INFO  client.GrpcClientProtocolClient (GrpcClientProtocolClient.java:onNext(255)) - client-8DB4338F17D0->b5da6a4a-1459-46a4-9479-d2035163dbe2: receive RaftClientReply:client-8DB4338F17D0->b5da6a4a-1459-46a4-9479-d2035163dbe2@group-4A9565783204, cid=679, SUCCESS, logIndex=0, commits[b5da6a4a-1459-46a4-9479-d2035163dbe2:c831, 69c25b61-d669-4f17-b36d-41bca3df1f31:c829, d2a7b1fa-fac6-4c6f-8c6d-9ac7414c70c3:c829]
2019-07-14 04:23:36,100 INFO  client.GrpcClientProtocolClient (GrpcClientProtocolClient.java:onNext(255)) - client-8DB4338F17D0->b5da6a4a-1459-46a4-9479-d2035163dbe2: receive RaftClientReply:client-8DB4338F17D0->b5da6a4a-1459-46a4-9479-d2035163dbe2@group-4A9565783204, cid=680, SUCCESS, logIndex=832, commits[b5da6a4a-1459-46a4-9479-d2035163dbe2:c833, 69c25b61-d669-4f17-b36d-41bca3df1f31:c831, d2a7b1fa-fac6-4c6f-8c6d-9ac7414c70c3:c831]
2019-07-14 04:23:36,101 INFO  client.GrpcClientProtocolClient (GrpcClientProtocolClient.java:onNext(255)) - client-8DB4338F17D0->b5da6a4a-1459-46a4-9479-d2035163dbe2: receive RaftClientReply:client-8DB4338F17D0->b5da6a4a-1459-46a4-9479-d2035163dbe2@group-4A9565783204, cid=681, SUCCESS, logIndex=833, commits[b5da6a4a-1459-46a4-9479-d2035163dbe2:c833, 69c25b61-d669-4f17-b36d-41bca3df1f31:c831, d2a7b1fa-fac6-4c6f-8c6d-9ac7414c70c3:c831]
2019-07-14 04:23:36,102 INFO  client.GrpcClientProtocolClient (GrpcClientProtocolClient.java:onNext(255)) - client-8DB4338F17D0->b5da6a4a-1459-46a4-9479-d2035163dbe2: receive RaftClientReply:client-8DB4338F17D0->b5da6a4a-1459-46a4-9479-d2035163dbe2@group-4A9565783204, cid=682, SUCCESS, logIndex=834, commits[b5da6a4a-1459-46a4-9479-d2035163dbe2:c834, 69c25b61-d669-4f17-b36d-41bca3df1f31:c831, d2a7b1fa-fac6-4c6f-8c6d-9ac7414c70c3:c831]
2019-07-14 04:23:36,102 INFO  client.GrpcClientProtocolClient (GrpcClientProtocolClient.java:onNext(255)) - client-8DB4338F17D0->b5da6a4a-1459-46a4-9479-d2035163dbe2: receive RaftClientReply:client-8DB4338F17D0->b5da6a4a-1459-46a4-9479-d2035163dbe2@group-4A9565783204, cid=683, SUCCESS, logIndex=835, commits[b5da6a4a-1459-46a4-9479-d2035163dbe2:c835, 69c25b61-d669-4f17-b36d-41bca3df1f31:c831, d2a7b1fa-fac6-4c6f-8c6d-9ac7414c70c3:c831]
2019-07-14 04:23:36,104 INFO  client.GrpcClientProtocolClient (GrpcClientProtocolClient.java:onNext(255)) - client-8DB4338F17D0->b5da6a4a-1459-46a4-9479-d2035163dbe2: receive RaftClientReply:client-8DB4338F17D0->b5da6a4a-1459-46a4-9479-d2035163dbe2@group-4A9565783204, cid=684, SUCCESS, logIndex=0, commits[b5da6a4a-1459-46a4-9479-d2035163dbe2:c836, 69c25b61-d669-4f17-b36d-41bca3df1f31:c833, d2a7b1fa-fac6-4c6f-8c6d-9ac7414c70c3:c833]
2019-07-14 04:23:36,129 INFO  client.GrpcClientProtocolClient (GrpcClientProtocolClient.java:onNext(255)) - client-8DB4338F17D0->b5da6a4a-1459-46a4-9479-d2035163dbe2: receive RaftClientReply:client-8DB4338F17D0->b5da6a4a-1459-46a4-9479-d2035163dbe2@group-4A9565783204, cid=685, SUCCESS, logIndex=840, commits[b5da6a4a-1459-46a4-9479-d2035163dbe2:c841, 69c25b61-d669-4f17-b36d-41bca3df1f31:c839, d2a7b1fa-fac6-4c6f-8c6d-9ac7414c70c3:c839]
2019-07-14 04:23:36,129 INFO  client.GrpcClientProtocolClient (GrpcClientProtocolClient.java:onNext(255)) - client-8DB4338F17D0->b5da6a4a-1459-46a4-9479-d2035163dbe2: receive RaftClientReply:client-8DB4338F17D0->b5da6a4a-1459-46a4-9479-d2035163dbe2@group-4A9565783204, cid=686, SUCCESS, logIndex=841, commits[b5da6a4a-1459-46a4-9479-d2035163dbe2:c841, 69c25b61-d669-4f17-b36d-41bca3df1f31:c839, d2a7b1fa-fac6-4c6f-8c6d-9ac7414c70c3:c839]
2019-07-14 04:23:36,143 INFO  client.GrpcClientProtocolClient (GrpcClientProtocolClient.java:onNext(255)) - client-8DB4338F17D0->b5da6a4a-1459-46a4-9479-d2035163dbe2: receive RaftClientReply:client-8DB4338F17D0->b5da6a4a-1459-46a4-9479-d2035163dbe2@group-4A9565783204, cid=687, SUCCESS, logIndex=844, commits[b5da6a4a-1459-46a4-9479-d2035163dbe2:c844, 69c25b61-d669-4f17-b36d-41bca3df1f31:c842, d2a7b1fa-fac6-4c6f-8c6d-9ac7414c70c3:c842]
2019-07-14 04:23:36,143 INFO  client.GrpcClientProtocolClient (GrpcClientProtocolClient.java:onNext(255)) - client-8DB4338F17D0->b5da6a4a-1459-46a4-9479-d2035163dbe2: receive RaftClientReply:client-8DB4338F17D0->b5da6a4a-1459-46a4-9479-d2035163dbe2@group-4A9565783204, cid=688, SUCCESS, logIndex=845, commits[b5da6a4a-1459-46a4-9479-d2035163dbe2:c845, 69c25b61-d669-4f17-b36d-41bca3df1f31:c843, d2a7b1fa-fac6-4c6f-8c6d-9ac7414c70c3:c843]
2019-07-14 04:23:36,148 INFO  client.GrpcClientProtocolClient (GrpcClientProtocolClient.java:onNext(255)) - client-8DB4338F17D0->b5da6a4a-1459-46a4-9479-d2035163dbe2: receive RaftClientReply:client-8DB4338F17D0->b5da6a4a-1459-46a4-9479-d2035163dbe2@group-4A9565783204, cid=689, SUCCESS, logIndex=0, commits[b5da6a4a-1459-46a4-9479-d2035163dbe2:c847, 69c25b61-d669-4f17-b36d-41bca3df1f31:c845, d2a7b1fa-fac6-4c6f-8c6d-9ac7414c70c3:c845]
 0.00% |█                                                                                                    |  0/1 Time: 0:00:012019-07-14 04:23:36,169 INFO  client.GrpcClientProtocolClient (GrpcClientProtocolClient.java:onNext(255)) - client-8DB4338F17D0->b5da6a4a-1459-46a4-9479-d2035163dbe2: receive RaftClientReply:client-8DB4338F17D0->b5da6a4a-1459-46a4-9479-d2035163dbe2@group-4A9565783204, cid=690, SUCCESS, logIndex=848, commits[b5da6a4a-1459-46a4-9479-d2035163dbe2:c849, 69c25b61-d669-4f17-b36d-41bca3df1f31:c847, d2a7b1fa-fac6-4c6f-8c6d-9ac7414c70c3:c847]
2019-07-14 04:23:36,170 INFO  client.GrpcClientProtocolClient (GrpcClientProtocolClient.java:onNext(255)) - client-8DB4338F17D0->b5da6a4a-1459-46a4-9479-d2035163dbe2: receive RaftClientReply:client-8DB4338F17D0->b5da6a4a-1459-46a4-9479-d2035163dbe2@group-4A9565783204, cid=691, SUCCESS, logIndex=849, commits[b5da6a4a-1459-46a4-9479-d2035163dbe2:c851, 69c25b61-d669-4f17-b36d-41bca3df1f31:c847, d2a7b1fa-fac6-4c6f-8c6d-9ac7414c70c3:c847]
2019-07-14 04:23:36,170 INFO  client.GrpcClientProtocolClient (GrpcClientProtocolClient.java:onNext(255)) - client-8DB4338F17D0->b5da6a4a-1459-46a4-9479-d2035163dbe2: receive RaftClientReply:client-8DB4338F17D0->b5da6a4a-1459-46a4-9479-d2035163dbe2@group-4A9565783204, cid=692, SUCCESS, logIndex=850, commits[b5da6a4a-1459-46a4-9479-d2035163dbe2:c851, 69c25b61-d669-4f17-b36d-41bca3df1f31:c847, d2a7b1fa-fac6-4c6f-8c6d-9ac7414c70c3:c847]
2019-07-14 04:23:36,170 INFO  client.GrpcClientProtocolClient (GrpcClientProtocolClient.java:onNext(255)) - client-8DB4338F17D0->b5da6a4a-1459-46a4-9479-d2035163dbe2: receive RaftClientReply:client-8DB4338F17D0->b5da6a4a-1459-46a4-9479-d2035163dbe2@group-4A9565783204, cid=693, SUCCESS, logIndex=851, commits[b5da6a4a-1459-46a4-9479-d2035163dbe2:c851, 69c25b61-d669-4f17-b36d-41bca3df1f31:c847, d2a7b1fa-fac6-4c6f-8c6d-9ac7414c70c3:c847]
2019-07-14 04:23:36,173 INFO  client.GrpcClientProtocolClient (GrpcClientProtocolClient.java:onNext(255)) - client-8DB4338F17D0->b5da6a4a-1459-46a4-9479-d2035163dbe2: receive RaftClientReply:client-8DB4338F17D0->b5da6a4a-1459-46a4-9479-d2035163dbe2@group-4A9565783204, cid=694, SUCCESS, logIndex=0, commits[b5da6a4a-1459-46a4-9479-d2035163dbe2:c852, 69c25b61-d669-4f17-b36d-41bca3df1f31:c849, d2a7b1fa-fac6-4c6f-8c6d-9ac7414c70c3:c849]
2019-07-14 04:23:36,277 INFO  client.GrpcClientProtocolClient (GrpcClientProtocolClient.java:onNext(255)) - client-8DB4338F17D0->b5da6a4a-1459-46a4-9479-d2035163dbe2: receive RaftClientReply:client-8DB4338F17D0->b5da6a4a-1459-46a4-9479-d2035163dbe2@group-4A9565783204, cid=695, SUCCESS, logIndex=855, commits[b5da6a4a-1459-46a4-9479-d2035163dbe2:c856, 69c25b61-d669-4f17-b36d-41bca3df1f31:c854, d2a7b1fa-fac6-4c6f-8c6d-9ac7414c70c3:c854]
2019-07-14 04:23:36,278 INFO  client.GrpcClientProtocolClient (GrpcClientProtocolClient.java:onNext(255)) - client-8DB4338F17D0->b5da6a4a-1459-46a4-9479-d2035163dbe2: receive RaftClientReply:client-8DB4338F17D0->b5da6a4a-1459-46a4-9479-d2035163dbe2@group-4A9565783204, cid=696, SUCCESS, logIndex=856, commits[b5da6a4a-1459-46a4-9479-d2035163dbe2:c856, 69c25b61-d669-4f17-b36d-41bca3df1f31:c854, d2a7b1fa-fac6-4c6f-8c6d-9ac7414c70c3:c854]
2019-07-14 04:23:36,304 INFO  client.GrpcClientProtocolClient (GrpcClientProtocolClient.java:onNext(255)) - client-8DB4338F17D0->b5da6a4a-1459-46a4-9479-d2035163dbe2: receive RaftClientReply:client-8DB4338F17D0->b5da6a4a-1459-46a4-9479-d2035163dbe2@group-4A9565783204, cid=697, SUCCESS, logIndex=859, commits[b5da6a4a-1459-46a4-9479-d2035163dbe2:c860, 69c25b61-d669-4f17-b36d-41bca3df1f31:c856, d2a7b1fa-fac6-4c6f-8c6d-9ac7414c70c3:c856]
2019-07-14 04:23:36,305 INFO  client.GrpcClientProtocolClient (GrpcClientProtocolClient.java:onNext(255)) - client-8DB4338F17D0->b5da6a4a-1459-46a4-9479-d2035163dbe2: receive RaftClientReply:client-8DB4338F17D0->b5da6a4a-1459-46a4-9479-d2035163dbe2@group-4A9565783204, cid=698, SUCCESS, logIndex=860, commits[b5da6a4a-1459-46a4-9479-d2035163dbe2:c860, 69c25b61-d669-4f17-b36d-41bca3df1f31:c856, d2a7b1fa-fac6-4c6f-8c6d-9ac7414c70c3:c856]
2019-07-14 04:23:36,314 INFO  client.GrpcClientProtocolClient (GrpcClientProtocolClient.java:onNext(255)) - client-8DB4338F17D0->b5da6a4a-1459-46a4-9479-d2035163dbe2: receive RaftClientReply:client-8DB4338F17D0->b5da6a4a-1459-46a4-9479-d2035163dbe2@group-4A9565783204, cid=699, SUCCESS, logIndex=0, commits[b5da6a4a-1459-46a4-9479-d2035163dbe2:c861, 69c25b61-d669-4f17-b36d-41bca3df1f31:c860, d2a7b1fa-fac6-4c6f-8c6d-9ac7414c70c3:c860]
2019-07-14 04:23:36,333 INFO  client.GrpcClientProtocolClient (GrpcClientProtocolClient.java:onNext(255)) - client-8DB4338F17D0->b5da6a4a-1459-46a4-9479-d2035163dbe2: receive RaftClientReply:client-8DB4338F17D0->b5da6a4a-1459-46a4-9479-d2035163dbe2@group-4A9565783204, cid=700, SUCCESS, logIndex=863, commits[b5da6a4a-1459-46a4-9479-d2035163dbe2:c864, 69c25b61-d669-4f17-b36d-41bca3df1f31:c860, d2a7b1fa-fac6-4c6f-8c6d-9ac7414c70c3:c862]
2019-07-14 04:23:36,333 INFO  client.GrpcClientProtocolClient (GrpcClientProtocolClient.java:onNext(255)) - client-8DB4338F17D0->b5da6a4a-1459-46a4-9479-d2035163dbe2: receive RaftClientReply:client-8DB4338F17D0->b5da6a4a-1459-46a4-9479-d2035163dbe2@group-4A9565783204, cid=701, SUCCESS, logIndex=864, commits[b5da6a4a-1459-46a4-9479-d2035163dbe2:c864, 69c25b61-d669-4f17-b36d-41bca3df1f31:c860, d2a7b1fa-fac6-4c6f-8c6d-9ac7414c70c3:c862]
2019-07-14 04:23:36,336 INFO  client.GrpcClientProtocolClient (GrpcClientProtocolClient.java:onNext(255)) - client-8DB4338F17D0->b5da6a4a-1459-46a4-9479-d2035163dbe2: receive RaftClientReply:client-8DB4338F17D0->b5da6a4a-1459-46a4-9479-d2035163dbe2@group-4A9565783204, cid=702, SUCCESS, logIndex=865, commits[b5da6a4a-1459-46a4-9479-d2035163dbe2:c868, 69c25b61-d669-4f17-b36d-41bca3df1f31:c860, d2a7b1fa-fac6-4c6f-8c6d-9ac7414c70c3:c864]
2019-07-14 04:23:36,337 INFO  client.GrpcClientProtocolClient (GrpcClientProtocolClient.java:onNext(255)) - client-8DB4338F17D0->b5da6a4a-1459-46a4-9479-d2035163dbe2: receive RaftClientReply:client-8DB4338F17D0->b5da6a4a-1459-46a4-9479-d2035163dbe2@group-4A9565783204, cid=703, SUCCESS, logIndex=866, commits[b5da6a4a-1459-46a4-9479-d2035163dbe2:c868, 69c25b61-d669-4f17-b36d-41bca3df1f31:c860, d2a7b1fa-fac6-4c6f-8c6d-9ac7414c70c3:c864]
2019-07-14 04:23:36,338 INFO  client.GrpcClientProtocolClient (GrpcClientProtocolClient.java:onNext(255)) - client-8DB4338F17D0->b5da6a4a-1459-46a4-9479-d2035163dbe2: receive RaftClientReply:client-8DB4338F17D0->b5da6a4a-1459-46a4-9479-d2035163dbe2@group-4A9565783204, cid=704, SUCCESS, logIndex=0, commits[b5da6a4a-1459-46a4-9479-d2035163dbe2:c868, 69c25b61-d669-4f17-b36d-41bca3df1f31:c864, d2a7b1fa-fac6-4c6f-8c6d-9ac7414c70c3:c864]
2019-07-14 04:23:36,354 INFO  client.GrpcClientProtocolClient (GrpcClientProtocolClient.java:onNext(255)) - client-8DB4338F17D0->b5da6a4a-1459-46a4-9479-d2035163dbe2: receive RaftClientReply:client-8DB4338F17D0->b5da6a4a-1459-46a4-9479-d2035163dbe2@group-4A9565783204, cid=705, SUCCESS, logIndex=871, commits[b5da6a4a-1459-46a4-9479-d2035163dbe2:c872, 69c25b61-d669-4f17-b36d-41bca3df1f31:c870, d2a7b1fa-fac6-4c6f-8c6d-9ac7414c70c3:c870]
2019-07-14 04:23:36,354 INFO  client.GrpcClientProtocolClient (GrpcClientProtocolClient.java:onNext(255)) - client-8DB4338F17D0->b5da6a4a-1459-46a4-9479-d2035163dbe2: receive RaftClientReply:client-8DB4338F17D0->b5da6a4a-1459-46a4-9479-d2035163dbe2@group-4A9565783204, cid=706, SUCCESS, logIndex=872, commits[b5da6a4a-1459-46a4-9479-d2035163dbe2:c872, 69c25b61-d669-4f17-b36d-41bca3df1f31:c870, d2a7b1fa-fac6-4c6f-8c6d-9ac7414c70c3:c870]
2019-07-14 04:23:36,373 INFO  client.GrpcClientProtocolClient (GrpcClientProtocolClient.java:onNext(255)) - client-8DB4338F17D0->b5da6a4a-1459-46a4-9479-d2035163dbe2: receive RaftClientReply:client-8DB4338F17D0->b5da6a4a-1459-46a4-9479-d2035163dbe2@group-4A9565783204, cid=707, SUCCESS, logIndex=875, commits[b5da6a4a-1459-46a4-9479-d2035163dbe2:c876, 69c25b61-d669-4f17-b36d-41bca3df1f31:c872, d2a7b1fa-fac6-4c6f-8c6d-9ac7414c70c3:c872]
2019-07-14 04:23:36,374 INFO  client.GrpcClientProtocolClient (GrpcClientProtocolClient.java:onNext(255)) - client-8DB4338F17D0->b5da6a4a-1459-46a4-9479-d2035163dbe2: receive RaftClientReply:client-8DB4338F17D0->b5da6a4a-1459-46a4-9479-d2035163dbe2@group-4A9565783204, cid=708, SUCCESS, logIndex=876, commits[b5da6a4a-1459-46a4-9479-d2035163dbe2:c876, 69c25b61-d669-4f17-b36d-41bca3df1f31:c872, d2a7b1fa-fac6-4c6f-8c6d-9ac7414c70c3:c872]
2019-07-14 04:23:36,380 INFO  client.GrpcClientProtocolClient (GrpcClientProtocolClient.java:onNext(255)) - client-8DB4338F17D0->b5da6a4a-1459-46a4-9479-d2035163dbe2: receive RaftClientReply:client-8DB4338F17D0->b5da6a4a-1459-46a4-9479-d2035163dbe2@group-4A9565783204, cid=709, SUCCESS, logIndex=0, commits[b5da6a4a-1459-46a4-9479-d2035163dbe2:c878, 69c25b61-d669-4f17-b36d-41bca3df1f31:c876, d2a7b1fa-fac6-4c6f-8c6d-9ac7414c70c3:c876]
2019-07-14 04:23:36,396 INFO  client.GrpcClientProtocolClient (GrpcClientProtocolClient.java:onNext(255)) - client-8DB4338F17D0->b5da6a4a-1459-46a4-9479-d2035163dbe2: receive RaftClientReply:client-8DB4338F17D0->b5da6a4a-1459-46a4-9479-d2035163dbe2@group-4A9565783204, cid=710, SUCCESS, logIndex=879, commits[b5da6a4a-1459-46a4-9479-d2035163dbe2:c880, 69c25b61-d669-4f17-b36d-41bca3df1f31:c876, d2a7b1fa-fac6-4c6f-8c6d-9ac7414c70c3:c878]
2019-07-14 04:23:36,397 INFO  client.GrpcClientProtocolClient (GrpcClientProtocolClient.java:onNext(255)) - client-8DB4338F17D0->b5da6a4a-1459-46a4-9479-d2035163dbe2: receive RaftClientReply:client-8DB4338F17D0->b5da6a4a-1459-46a4-9479-d2035163dbe2@group-4A9565783204, cid=711, SUCCESS, logIndex=880, commits[b5da6a4a-1459-46a4-9479-d2035163dbe2:c880, 69c25b61-d669-4f17-b36d-41bca3df1f31:c876, d2a7b1fa-fac6-4c6f-8c6d-9ac7414c70c3:c878]
2019-07-14 04:23:36,401 INFO  client.GrpcClientProtocolClient (GrpcClientProtocolClient.java:onNext(255)) - client-8DB4338F17D0->b5da6a4a-1459-46a4-9479-d2035163dbe2: receive RaftClientReply:client-8DB4338F17D0->b5da6a4a-1459-46a4-9479-d2035163dbe2@group-4A9565783204, cid=712, SUCCESS, logIndex=881, commits[b5da6a4a-1459-46a4-9479-d2035163dbe2:c883, 69c25b61-d669-4f17-b36d-41bca3df1f31:c880, d2a7b1fa-fac6-4c6f-8c6d-9ac7414c70c3:c878]
2019-07-14 04:23:36,402 INFO  client.GrpcClientProtocolClient (GrpcClientProtocolClient.java:onNext(255)) - client-8DB4338F17D0->b5da6a4a-1459-46a4-9479-d2035163dbe2: receive RaftClientReply:client-8DB4338F17D0->b5da6a4a-1459-46a4-9479-d2035163dbe2@group-4A9565783204, cid=713, SUCCESS, logIndex=882, commits[b5da6a4a-1459-46a4-9479-d2035163dbe2:c884, 69c25b61-d669-4f17-b36d-41bca3df1f31:c880, d2a7b1fa-fac6-4c6f-8c6d-9ac7414c70c3:c880]
2019-07-14 04:23:36,416 INFO  client.GrpcClientProtocolClient (GrpcClientProtocolClient.java:onNext(255)) - client-8DB4338F17D0->b5da6a4a-1459-46a4-9479-d2035163dbe2: receive RaftClientReply:client-8DB4338F17D0->b5da6a4a-1459-46a4-9479-d2035163dbe2@group-4A9565783204, cid=714, SUCCESS, logIndex=887, commits[b5da6a4a-1459-46a4-9479-d2035163dbe2:c888, 69c25b61-d669-4f17-b36d-41bca3df1f31:c886, d2a7b1fa-fac6-4c6f-8c6d-9ac7414c70c3:c883]
2019-07-14 04:23:36,417 INFO  client.GrpcClientProtocolClient (GrpcClientProtocolClient.java:onNext(255)) - client-8DB4338F17D0->b5da6a4a-1459-46a4-9479-d2035163dbe2: receive RaftClientReply:client-8DB4338F17D0->b5da6a4a-1459-46a4-9479-d2035163dbe2@group-4A9565783204, cid=715, SUCCESS, logIndex=888, commits[b5da6a4a-1459-46a4-9479-d2035163dbe2:c888, 69c25b61-d669-4f17-b36d-41bca3df1f31:c886, d2a7b1fa-fac6-4c6f-8c6d-9ac7414c70c3:c883]
2019-07-14 04:23:36,439 INFO  client.GrpcClientProtocolClient (GrpcClientProtocolClient.java:onNext(255)) - client-8DB4338F17D0->b5da6a4a-1459-46a4-9479-d2035163dbe2: receive RaftClientReply:client-8DB4338F17D0->b5da6a4a-1459-46a4-9479-d2035163dbe2@group-4A9565783204, cid=716, SUCCESS, logIndex=891, commits[b5da6a4a-1459-46a4-9479-d2035163dbe2:c892, 69c25b61-d669-4f17-b36d-41bca3df1f31:c890, d2a7b1fa-fac6-4c6f-8c6d-9ac7414c70c3:c890]
2019-07-14 04:23:36,439 INFO  client.GrpcClientProtocolClient (GrpcClientProtocolClient.java:onNext(255)) - client-8DB4338F17D0->b5da6a4a-1459-46a4-9479-d2035163dbe2: receive RaftClientReply:client-8DB4338F17D0->b5da6a4a-1459-46a4-9479-d2035163dbe2@group-4A9565783204, cid=717, SUCCESS, logIndex=892, commits[b5da6a4a-1459-46a4-9479-d2035163dbe2:c892, 69c25b61-d669-4f17-b36d-41bca3df1f31:c890, d2a7b1fa-fac6-4c6f-8c6d-9ac7414c70c3:c890]
2019-07-14 04:23:36,440 INFO  client.GrpcClientProtocolClient (GrpcClientProtocolClient.java:onNext(255)) - client-8DB4338F17D0->b5da6a4a-1459-46a4-9479-d2035163dbe2: receive RaftClientReply:client-8DB4338F17D0->b5da6a4a-1459-46a4-9479-d2035163dbe2@group-4A9565783204, cid=718, SUCCESS, logIndex=0, commits[b5da6a4a-1459-46a4-9479-d2035163dbe2:c893, 69c25b61-d669-4f17-b36d-41bca3df1f31:c892, d2a7b1fa-fac6-4c6f-8c6d-9ac7414c70c3:c892]
2019-07-14 04:23:36,461 INFO  client.GrpcClientProtocolClient (GrpcClientProtocolClient.java:onNext(255)) - client-8DB4338F17D0->b5da6a4a-1459-46a4-9479-d2035163dbe2: receive RaftClientReply:client-8DB4338F17D0->b5da6a4a-1459-46a4-9479-d2035163dbe2@group-4A9565783204, cid=719, SUCCESS, logIndex=895, commits[b5da6a4a-1459-46a4-9479-d2035163dbe2:c897, 69c25b61-d669-4f17-b36d-41bca3df1f31:c894, d2a7b1fa-fac6-4c6f-8c6d-9ac7414c70c3:c894]
2019-07-14 04:23:36,461 INFO  client.GrpcClientProtocolClient (GrpcClientProtocolClient.java:onNext(255)) - client-8DB4338F17D0->b5da6a4a-1459-46a4-9479-d2035163dbe2: receive RaftClientReply:client-8DB4338F17D0->b5da6a4a-1459-46a4-9479-d2035163dbe2@group-4A9565783204, cid=720, SUCCESS, logIndex=896, commits[b5da6a4a-1459-46a4-9479-d2035163dbe2:c898, 69c25b61-d669-4f17-b36d-41bca3df1f31:c894, d2a7b1fa-fac6-4c6f-8c6d-9ac7414c70c3:c894]
2019-07-14 04:23:36,462 INFO  client.GrpcClientProtocolClient (GrpcClientProtocolClient.java:onNext(255)) - client-8DB4338F17D0->b5da6a4a-1459-46a4-9479-d2035163dbe2: receive RaftClientReply:client-8DB4338F17D0->b5da6a4a-1459-46a4-9479-d2035163dbe2@group-4A9565783204, cid=721, SUCCESS, logIndex=897, commits[b5da6a4a-1459-46a4-9479-d2035163dbe2:c898, 69c25b61-d669-4f17-b36d-41bca3df1f31:c894, d2a7b1fa-fac6-4c6f-8c6d-9ac7414c70c3:c894]
2019-07-14 04:23:36,462 INFO  client.GrpcClientProtocolClient (GrpcClientProtocolClient.java:onNext(255)) - client-8DB4338F17D0->b5da6a4a-1459-46a4-9479-d2035163dbe2: receive RaftClientReply:client-8DB4338F17D0->b5da6a4a-1459-46a4-9479-d2035163dbe2@group-4A9565783204, cid=722, SUCCESS, logIndex=898, commits[b5da6a4a-1459-46a4-9479-d2035163dbe2:c898, 69c25b61-d669-4f17-b36d-41bca3df1f31:c894, d2a7b1fa-fac6-4c6f-8c6d-9ac7414c70c3:c894]
2019-07-14 04:23:36,464 INFO  client.GrpcClientProtocolClient (GrpcClientProtocolClient.java:onNext(255)) - client-8DB4338F17D0->b5da6a4a-1459-46a4-9479-d2035163dbe2: receive RaftClientReply:client-8DB4338F17D0->b5da6a4a-1459-46a4-9479-d2035163dbe2@group-4A9565783204, cid=723, SUCCESS, logIndex=0, commits[b5da6a4a-1459-46a4-9479-d2035163dbe2:c899, 69c25b61-d669-4f17-b36d-41bca3df1f31:c896, d2a7b1fa-fac6-4c6f-8c6d-9ac7414c70c3:c896]
2019-07-14 04:23:36,487 INFO  client.GrpcClientProtocolClient (GrpcClientProtocolClient.java:onNext(255)) - client-8DB4338F17D0->b5da6a4a-1459-46a4-9479-d2035163dbe2: receive RaftClientReply:client-8DB4338F17D0->b5da6a4a-1459-46a4-9479-d2035163dbe2@group-4A9565783204, cid=724, SUCCESS, logIndex=903, commits[b5da6a4a-1459-46a4-9479-d2035163dbe2:c904, 69c25b61-d669-4f17-b36d-41bca3df1f31:c902, d2a7b1fa-fac6-4c6f-8c6d-9ac7414c70c3:c902]
2019-07-14 04:23:36,487 INFO  client.GrpcClientProtocolClient (GrpcClientProtocolClient.java:onNext(255)) - client-8DB4338F17D0->b5da6a4a-1459-46a4-9479-d2035163dbe2: receive RaftClientReply:client-8DB4338F17D0->b5da6a4a-1459-46a4-9479-d2035163dbe2@group-4A9565783204, cid=725, SUCCESS, logIndex=904, commits[b5da6a4a-1459-46a4-9479-d2035163dbe2:c904, 69c25b61-d669-4f17-b36d-41bca3df1f31:c902, d2a7b1fa-fac6-4c6f-8c6d-9ac7414c70c3:c902]
2019-07-14 04:23:36,501 INFO  client.GrpcClientProtocolClient (GrpcClientProtocolClient.java:onNext(255)) - client-8DB4338F17D0->b5da6a4a-1459-46a4-9479-d2035163dbe2: receive RaftClientReply:client-8DB4338F17D0->b5da6a4a-1459-46a4-9479-d2035163dbe2@group-4A9565783204, cid=726, SUCCESS, logIndex=907, commits[b5da6a4a-1459-46a4-9479-d2035163dbe2:c908, 69c25b61-d669-4f17-b36d-41bca3df1f31:c904, d2a7b1fa-fac6-4c6f-8c6d-9ac7414c70c3:c904]
2019-07-14 04:23:36,501 INFO  client.GrpcClientProtocolClient (GrpcClientProtocolClient.java:onNext(255)) - client-8DB4338F17D0->b5da6a4a-1459-46a4-9479-d2035163dbe2: receive RaftClientReply:client-8DB4338F17D0->b5da6a4a-1459-46a4-9479-d2035163dbe2@group-4A9565783204, cid=727, SUCCESS, logIndex=908, commits[b5da6a4a-1459-46a4-9479-d2035163dbe2:c908, 69c25b61-d669-4f17-b36d-41bca3df1f31:c904, d2a7b1fa-fac6-4c6f-8c6d-9ac7414c70c3:c904]
2019-07-14 04:23:36,503 INFO  client.GrpcClientProtocolClient (GrpcClientProtocolClient.java:onNext(255)) - client-8DB4338F17D0->b5da6a4a-1459-46a4-9479-d2035163dbe2: receive RaftClientReply:client-8DB4338F17D0->b5da6a4a-1459-46a4-9479-d2035163dbe2@group-4A9565783204, cid=728, SUCCESS, logIndex=0, commits[b5da6a4a-1459-46a4-9479-d2035163dbe2:c910, 69c25b61-d669-4f17-b36d-41bca3df1f31:c908, d2a7b1fa-fac6-4c6f-8c6d-9ac7414c70c3:c908]
2019-07-14 04:23:36,524 INFO  client.GrpcClientProtocolClient (GrpcClientProtocolClient.java:onNext(255)) - client-8DB4338F17D0->b5da6a4a-1459-46a4-9479-d2035163dbe2: receive RaftClientReply:client-8DB4338F17D0->b5da6a4a-1459-46a4-9479-d2035163dbe2@group-4A9565783204, cid=729, SUCCESS, logIndex=911, commits[b5da6a4a-1459-46a4-9479-d2035163dbe2:c912, 69c25b61-d669-4f17-b36d-41bca3df1f31:c910, d2a7b1fa-fac6-4c6f-8c6d-9ac7414c70c3:c910]
2019-07-14 04:23:36,525 INFO  client.GrpcClientProtocolClient (GrpcClientProtocolClient.java:onNext(255)) - client-8DB4338F17D0->b5da6a4a-1459-46a4-9479-d2035163dbe2: receive RaftClientReply:client-8DB4338F17D0->b5da6a4a-1459-46a4-9479-d2035163dbe2@group-4A9565783204, cid=730, SUCCESS, logIndex=912, commits[b5da6a4a-1459-46a4-9479-d2035163dbe2:c914, 69c25b61-d669-4f17-b36d-41bca3df1f31:c910, d2a7b1fa-fac6-4c6f-8c6d-9ac7414c70c3:c910]
2019-07-14 04:23:36,525 INFO  client.GrpcClientProtocolClient (GrpcClientProtocolClient.java:onNext(255)) - client-8DB4338F17D0->b5da6a4a-1459-46a4-9479-d2035163dbe2: receive RaftClientReply:client-8DB4338F17D0->b5da6a4a-1459-46a4-9479-d2035163dbe2@group-4A9565783204, cid=731, SUCCESS, logIndex=913, commits[b5da6a4a-1459-46a4-9479-d2035163dbe2:c914, 69c25b61-d669-4f17-b36d-41bca3df1f31:c910, d2a7b1fa-fac6-4c6f-8c6d-9ac7414c70c3:c910]
2019-07-14 04:23:36,525 INFO  client.GrpcClientProtocolClient (GrpcClientProtocolClient.java:onNext(255)) - client-8DB4338F17D0->b5da6a4a-1459-46a4-9479-d2035163dbe2: receive RaftClientReply:client-8DB4338F17D0->b5da6a4a-1459-46a4-9479-d2035163dbe2@group-4A9565783204, cid=732, SUCCESS, logIndex=914, commits[b5da6a4a-1459-46a4-9479-d2035163dbe2:c914, 69c25b61-d669-4f17-b36d-41bca3df1f31:c910, d2a7b1fa-fac6-4c6f-8c6d-9ac7414c70c3:c910]
2019-07-14 04:23:36,528 INFO  client.GrpcClientProtocolClient (GrpcClientProtocolClient.java:onNext(255)) - client-8DB4338F17D0->b5da6a4a-1459-46a4-9479-d2035163dbe2: receive RaftClientReply:client-8DB4338F17D0->b5da6a4a-1459-46a4-9479-d2035163dbe2@group-4A9565783204, cid=733, SUCCESS, logIndex=0, commits[b5da6a4a-1459-46a4-9479-d2035163dbe2:c918, 69c25b61-d669-4f17-b36d-41bca3df1f31:c912, d2a7b1fa-fac6-4c6f-8c6d-9ac7414c70c3:c914]
2019-07-14 04:23:36,547 INFO  client.GrpcClientProtocolClient (GrpcClientProtocolClient.java:onNext(255)) - client-8DB4338F17D0->b5da6a4a-1459-46a4-9479-d2035163dbe2: receive RaftClientReply:client-8DB4338F17D0->b5da6a4a-1459-46a4-9479-d2035163dbe2@group-4A9565783204, cid=734, SUCCESS, logIndex=919, commits[b5da6a4a-1459-46a4-9479-d2035163dbe2:c920, 69c25b61-d669-4f17-b36d-41bca3df1f31:c918, d2a7b1fa-fac6-4c6f-8c6d-9ac7414c70c3:c918]
2019-07-14 04:23:36,548 INFO  client.GrpcClientProtocolClient (GrpcClientProtocolClient.java:onNext(255)) - client-8DB4338F17D0->b5da6a4a-1459-46a4-9479-d2035163dbe2: receive RaftClientReply:client-8DB4338F17D0->b5da6a4a-1459-46a4-9479-d2035163dbe2@group-4A9565783204, cid=735, SUCCESS, logIndex=920, commits[b5da6a4a-1459-46a4-9479-d2035163dbe2:c920, 69c25b61-d669-4f17-b36d-41bca3df1f31:c918, d2a7b1fa-fac6-4c6f-8c6d-9ac7414c70c3:c918]
2019-07-14 04:23:36,569 INFO  client.GrpcClientProtocolClient (GrpcClientProtocolClient.java:onNext(255)) - client-8DB4338F17D0->b5da6a4a-1459-46a4-9479-d2035163dbe2: receive RaftClientReply:client-8DB4338F17D0->b5da6a4a-1459-46a4-9479-d2035163dbe2@group-4A9565783204, cid=736, SUCCESS, logIndex=923, commits[b5da6a4a-1459-46a4-9479-d2035163dbe2:c924, 69c25b61-d669-4f17-b36d-41bca3df1f31:c922, d2a7b1fa-fac6-4c6f-8c6d-9ac7414c70c3:c922]
2019-07-14 04:23:36,569 INFO  client.GrpcClientProtocolClient (GrpcClientProtocolClient.java:onNext(255)) - client-8DB4338F17D0->b5da6a4a-1459-46a4-9479-d2035163dbe2: receive RaftClientReply:client-8DB4338F17D0->b5da6a4a-1459-46a4-9479-d2035163dbe2@group-4A9565783204, cid=737, SUCCESS, logIndex=924, commits[b5da6a4a-1459-46a4-9479-d2035163dbe2:c924, 69c25b61-d669-4f17-b36d-41bca3df1f31:c922, d2a7b1fa-fac6-4c6f-8c6d-9ac7414c70c3:c922]
2019-07-14 04:23:36,583 INFO  client.GrpcClientProtocolClient (GrpcClientProtocolClient.java:onNext(255)) - client-8DB4338F17D0->b5da6a4a-1459-46a4-9479-d2035163dbe2: receive RaftClientReply:client-8DB4338F17D0->b5da6a4a-1459-46a4-9479-d2035163dbe2@group-4A9565783204, cid=738, SUCCESS, logIndex=0, commits[b5da6a4a-1459-46a4-9479-d2035163dbe2:c925, 69c25b61-d669-4f17-b36d-41bca3df1f31:c924, d2a7b1fa-fac6-4c6f-8c6d-9ac7414c70c3:c924]
2019-07-14 04:23:36,606 INFO  client.GrpcClientProtocolClient (GrpcClientProtocolClient.java:onNext(255)) - client-8DB4338F17D0->b5da6a4a-1459-46a4-9479-d2035163dbe2: receive RaftClientReply:client-8DB4338F17D0->b5da6a4a-1459-46a4-9479-d2035163dbe2@group-4A9565783204, cid=739, SUCCESS, logIndex=927, commits[b5da6a4a-1459-46a4-9479-d2035163dbe2:c928, 69c25b61-d669-4f17-b36d-41bca3df1f31:c924, d2a7b1fa-fac6-4c6f-8c6d-9ac7414c70c3:c926]
2019-07-14 04:23:36,607 INFO  client.GrpcClientProtocolClient (GrpcClientProtocolClient.java:onNext(255)) - client-8DB4338F17D0->b5da6a4a-1459-46a4-9479-d2035163dbe2: receive RaftClientReply:client-8DB4338F17D0->b5da6a4a-1459-46a4-9479-d2035163dbe2@group-4A9565783204, cid=740, SUCCESS, logIndex=928, commits[b5da6a4a-1459-46a4-9479-d2035163dbe2:c928, 69c25b61-d669-4f17-b36d-41bca3df1f31:c924, d2a7b1fa-fac6-4c6f-8c6d-9ac7414c70c3:c926]
2019-07-14 04:23:36,608 INFO  client.GrpcClientProtocolClient (GrpcClientProtocolClient.java:onNext(255)) - client-8DB4338F17D0->b5da6a4a-1459-46a4-9479-d2035163dbe2: receive RaftClientReply:client-8DB4338F17D0->b5da6a4a-1459-46a4-9479-d2035163dbe2@group-4A9565783204, cid=741, SUCCESS, logIndex=929, commits[b5da6a4a-1459-46a4-9479-d2035163dbe2:c930, 69c25b61-d669-4f17-b36d-41bca3df1f31:c926, d2a7b1fa-fac6-4c6f-8c6d-9ac7414c70c3:c926]
2019-07-14 04:23:36,609 INFO  client.GrpcClientProtocolClient (GrpcClientProtocolClient.java:onNext(255)) - client-8DB4338F17D0->b5da6a4a-1459-46a4-9479-d2035163dbe2: receive RaftClientReply:client-8DB4338F17D0->b5da6a4a-1459-46a4-9479-d2035163dbe2@group-4A9565783204, cid=742, SUCCESS, logIndex=930, commits[b5da6a4a-1459-46a4-9479-d2035163dbe2:c930, 69c25b61-d669-4f17-b36d-41bca3df1f31:c926, d2a7b1fa-fac6-4c6f-8c6d-9ac7414c70c3:c926]
2019-07-14 04:23:36,611 INFO  client.GrpcClientProtocolClient (GrpcClientProtocolClient.java:onNext(255)) - client-8DB4338F17D0->b5da6a4a-1459-46a4-9479-d2035163dbe2: receive RaftClientReply:client-8DB4338F17D0->b5da6a4a-1459-46a4-9479-d2035163dbe2@group-4A9565783204, cid=743, SUCCESS, logIndex=0, commits[b5da6a4a-1459-46a4-9479-d2035163dbe2:c932, 69c25b61-d669-4f17-b36d-41bca3df1f31:c928, d2a7b1fa-fac6-4c6f-8c6d-9ac7414c70c3:c928]
2019-07-14 04:23:36,624 INFO  client.GrpcClientProtocolClient (GrpcClientProtocolClient.java:onNext(255)) - client-8DB4338F17D0->b5da6a4a-1459-46a4-9479-d2035163dbe2: receive RaftClientReply:client-8DB4338F17D0->b5da6a4a-1459-46a4-9479-d2035163dbe2@group-4A9565783204, cid=744, SUCCESS, logIndex=935, commits[b5da6a4a-1459-46a4-9479-d2035163dbe2:c936, 69c25b61-d669-4f17-b36d-41bca3df1f31:c934, d2a7b1fa-fac6-4c6f-8c6d-9ac7414c70c3:c930]
2019-07-14 04:23:36,625 INFO  client.GrpcClientProtocolClient (GrpcClientProtocolClient.java:onNext(255)) - client-8DB4338F17D0->b5da6a4a-1459-46a4-9479-d2035163dbe2: receive RaftClientReply:client-8DB4338F17D0->b5da6a4a-1459-46a4-9479-d2035163dbe2@group-4A9565783204, cid=745, SUCCESS, logIndex=936, commits[b5da6a4a-1459-46a4-9479-d2035163dbe2:c936, 69c25b61-d669-4f17-b36d-41bca3df1f31:c934, d2a7b1fa-fac6-4c6f-8c6d-9ac7414c70c3:c934]
2019-07-14 04:23:36,638 INFO  client.GrpcClientProtocolClient (GrpcClientProtocolClient.java:onNext(255)) - client-8DB4338F17D0->b5da6a4a-1459-46a4-9479-d2035163dbe2: receive RaftClientReply:client-8DB4338F17D0->b5da6a4a-1459-46a4-9479-d2035163dbe2@group-4A9565783204, cid=746, SUCCESS, logIndex=939, commits[b5da6a4a-1459-46a4-9479-d2035163dbe2:c940, 69c25b61-d669-4f17-b36d-41bca3df1f31:c936, d2a7b1fa-fac6-4c6f-8c6d-9ac7414c70c3:c936]
2019-07-14 04:23:36,639 INFO  client.GrpcClientProtocolClient (GrpcClientProtocolClient.java:onNext(255)) - client-8DB4338F17D0->b5da6a4a-1459-46a4-9479-d2035163dbe2: receive RaftClientReply:client-8DB4338F17D0->b5da6a4a-1459-46a4-9479-d2035163dbe2@group-4A9565783204, cid=747, SUCCESS, logIndex=940, commits[b5da6a4a-1459-46a4-9479-d2035163dbe2:c940, 69c25b61-d669-4f17-b36d-41bca3df1f31:c936, d2a7b1fa-fac6-4c6f-8c6d-9ac7414c70c3:c936]
2019-07-14 04:23:36,643 INFO  client.GrpcClientProtocolClient (GrpcClientProtocolClient.java:onNext(255)) - client-8DB4338F17D0->b5da6a4a-1459-46a4-9479-d2035163dbe2: receive RaftClientReply:client-8DB4338F17D0->b5da6a4a-1459-46a4-9479-d2035163dbe2@group-4A9565783204, cid=748, SUCCESS, logIndex=0, commits[b5da6a4a-1459-46a4-9479-d2035163dbe2:c941, 69c25b61-d669-4f17-b36d-41bca3df1f31:c940, d2a7b1fa-fac6-4c6f-8c6d-9ac7414c70c3:c940]
2019-07-14 04:23:36,657 INFO  client.GrpcClientProtocolClient (GrpcClientProtocolClient.java:onNext(255)) - client-8DB4338F17D0->b5da6a4a-1459-46a4-9479-d2035163dbe2: receive RaftClientReply:client-8DB4338F17D0->b5da6a4a-1459-46a4-9479-d2035163dbe2@group-4A9565783204, cid=749, SUCCESS, logIndex=943, commits[b5da6a4a-1459-46a4-9479-d2035163dbe2:c944, 69c25b61-d669-4f17-b36d-41bca3df1f31:c942, d2a7b1fa-fac6-4c6f-8c6d-9ac7414c70c3:c942]
2019-07-14 04:23:36,658 INFO  client.GrpcClientProtocolClient (GrpcClientProtocolClient.java:onNext(255)) - client-8DB4338F17D0->b5da6a4a-1459-46a4-9479-d2035163dbe2: receive RaftClientReply:client-8DB4338F17D0->b5da6a4a-1459-46a4-9479-d2035163dbe2@group-4A9565783204, cid=750, SUCCESS, logIndex=944, commits[b5da6a4a-1459-46a4-9479-d2035163dbe2:c944, 69c25b61-d669-4f17-b36d-41bca3df1f31:c942, d2a7b1fa-fac6-4c6f-8c6d-9ac7414c70c3:c942]
2019-07-14 04:23:36,659 INFO  client.GrpcClientProtocolClient (GrpcClientProtocolClient.java:onNext(255)) - client-8DB4338F17D0->b5da6a4a-1459-46a4-9479-d2035163dbe2: receive RaftClientReply:client-8DB4338F17D0->b5da6a4a-1459-46a4-9479-d2035163dbe2@group-4A9565783204, cid=751, SUCCESS, logIndex=945, commits[b5da6a4a-1459-46a4-9479-d2035163dbe2:c947, 69c25b61-d669-4f17-b36d-41bca3df1f31:c942, d2a7b1fa-fac6-4c6f-8c6d-9ac7414c70c3:c943]
2019-07-14 04:23:36,660 INFO  client.GrpcClientProtocolClient (GrpcClientProtocolClient.java:onNext(255)) - client-8DB4338F17D0->b5da6a4a-1459-46a4-9479-d2035163dbe2: receive RaftClientReply:client-8DB4338F17D0->b5da6a4a-1459-46a4-9479-d2035163dbe2@group-4A9565783204, cid=752, SUCCESS, logIndex=946, commits[b5da6a4a-1459-46a4-9479-d2035163dbe2:c948, 69c25b61-d669-4f17-b36d-41bca3df1f31:c942, d2a7b1fa-fac6-4c6f-8c6d-9ac7414c70c3:c944]
2019-07-14 04:23:36,661 INFO  client.GrpcClientProtocolClient (GrpcClientProtocolClient.java:onNext(255)) - client-8DB4338F17D0->b5da6a4a-1459-46a4-9479-d2035163dbe2: receive RaftClientReply:client-8DB4338F17D0->b5da6a4a-1459-46a4-9479-d2035163dbe2@group-4A9565783204, cid=753, SUCCESS, logIndex=0, commits[b5da6a4a-1459-46a4-9479-d2035163dbe2:c948, 69c25b61-d669-4f17-b36d-41bca3df1f31:c944, d2a7b1fa-fac6-4c6f-8c6d-9ac7414c70c3:c944]
2019-07-14 04:23:36,674 INFO  client.GrpcClientProtocolClient (GrpcClientProtocolClient.java:onNext(255)) - client-8DB4338F17D0->b5da6a4a-1459-46a4-9479-d2035163dbe2: receive RaftClientReply:client-8DB4338F17D0->b5da6a4a-1459-46a4-9479-d2035163dbe2@group-4A9565783204, cid=754, SUCCESS, logIndex=951, commits[b5da6a4a-1459-46a4-9479-d2035163dbe2:c952, 69c25b61-d669-4f17-b36d-41bca3df1f31:c950, d2a7b1fa-fac6-4c6f-8c6d-9ac7414c70c3:c950]
2019-07-14 04:23:36,674 INFO  client.GrpcClientProtocolClient (GrpcClientProtocolClient.java:onNext(255)) - client-8DB4338F17D0->b5da6a4a-1459-46a4-9479-d2035163dbe2: receive RaftClientReply:client-8DB4338F17D0->b5da6a4a-1459-46a4-9479-d2035163dbe2@group-4A9565783204, cid=755, SUCCESS, logIndex=952, commits[b5da6a4a-1459-46a4-9479-d2035163dbe2:c952, 69c25b61-d669-4f17-b36d-41bca3df1f31:c950, d2a7b1fa-fac6-4c6f-8c6d-9ac7414c70c3:c950]
2019-07-14 04:23:36,692 INFO  client.GrpcClientProtocolClient (GrpcClientProtocolClient.java:onNext(255)) - client-8DB4338F17D0->b5da6a4a-1459-46a4-9479-d2035163dbe2: receive RaftClientReply:client-8DB4338F17D0->b5da6a4a-1459-46a4-9479-d2035163dbe2@group-4A9565783204, cid=756, SUCCESS, logIndex=955, commits[b5da6a4a-1459-46a4-9479-d2035163dbe2:c956, 69c25b61-d669-4f17-b36d-41bca3df1f31:c954, d2a7b1fa-fac6-4c6f-8c6d-9ac7414c70c3:c954]
2019-07-14 04:23:36,693 INFO  client.GrpcClientProtocolClient (GrpcClientProtocolClient.java:onNext(255)) - client-8DB4338F17D0->b5da6a4a-1459-46a4-9479-d2035163dbe2: receive RaftClientReply:client-8DB4338F17D0->b5da6a4a-1459-46a4-9479-d2035163dbe2@group-4A9565783204, cid=757, SUCCESS, logIndex=956, commits[b5da6a4a-1459-46a4-9479-d2035163dbe2:c956, 69c25b61-d669-4f17-b36d-41bca3df1f31:c954, d2a7b1fa-fac6-4c6f-8c6d-9ac7414c70c3:c954]
2019-07-14 04:23:36,705 INFO  client.GrpcClientProtocolClient (GrpcClientProtocolClient.java:onNext(255)) - client-8DB4338F17D0->b5da6a4a-1459-46a4-9479-d2035163dbe2: receive RaftClientReply:client-8DB4338F17D0->b5da6a4a-1459-46a4-9479-d2035163dbe2@group-4A9565783204, cid=758, SUCCESS, logIndex=0, commits[b5da6a4a-1459-46a4-9479-d2035163dbe2:c957, 69c25b61-d669-4f17-b36d-41bca3df1f31:c956, d2a7b1fa-fac6-4c6f-8c6d-9ac7414c70c3:c956]
2019-07-14 04:23:36,718 INFO  client.GrpcClientProtocolClient (GrpcClientProtocolClient.java:onNext(255)) - client-8DB4338F17D0->b5da6a4a-1459-46a4-9479-d2035163dbe2: receive RaftClientReply:client-8DB4338F17D0->b5da6a4a-1459-46a4-9479-d2035163dbe2@group-4A9565783204, cid=759, SUCCESS, logIndex=959, commits[b5da6a4a-1459-46a4-9479-d2035163dbe2:c960, 69c25b61-d669-4f17-b36d-41bca3df1f31:c956, d2a7b1fa-fac6-4c6f-8c6d-9ac7414c70c3:c958]
2019-07-14 04:23:36,719 INFO  client.GrpcClientProtocolClient (GrpcClientProtocolClient.java:onNext(255)) - client-8DB4338F17D0->b5da6a4a-1459-46a4-9479-d2035163dbe2: receive RaftClientReply:client-8DB4338F17D0->b5da6a4a-1459-46a4-9479-d2035163dbe2@group-4A9565783204, cid=760, SUCCESS, logIndex=960, commits[b5da6a4a-1459-46a4-9479-d2035163dbe2:c960, 69c25b61-d669-4f17-b36d-41bca3df1f31:c958, d2a7b1fa-fac6-4c6f-8c6d-9ac7414c70c3:c958]
2019-07-14 04:23:36,720 INFO  client.GrpcClientProtocolClient (GrpcClientProtocolClient.java:onNext(255)) - client-8DB4338F17D0->b5da6a4a-1459-46a4-9479-d2035163dbe2: receive RaftClientReply:client-8DB4338F17D0->b5da6a4a-1459-46a4-9479-d2035163dbe2@group-4A9565783204, cid=761, SUCCESS, logIndex=961, commits[b5da6a4a-1459-46a4-9479-d2035163dbe2:c962, 69c25b61-d669-4f17-b36d-41bca3df1f31:c958, d2a7b1fa-fac6-4c6f-8c6d-9ac7414c70c3:c958]
2019-07-14 04:23:36,720 INFO  client.GrpcClientProtocolClient (GrpcClientProtocolClient.java:onNext(255)) - client-8DB4338F17D0->b5da6a4a-1459-46a4-9479-d2035163dbe2: receive RaftClientReply:client-8DB4338F17D0->b5da6a4a-1459-46a4-9479-d2035163dbe2@group-4A9565783204, cid=762, SUCCESS, logIndex=962, commits[b5da6a4a-1459-46a4-9479-d2035163dbe2:c962, 69c25b61-d669-4f17-b36d-41bca3df1f31:c958, d2a7b1fa-fac6-4c6f-8c6d-9ac7414c70c3:c958]
2019-07-14 04:23:36,723 INFO  client.GrpcClientProtocolClient (GrpcClientProtocolClient.java:onNext(255)) - client-8DB4338F17D0->b5da6a4a-1459-46a4-9479-d2035163dbe2: receive RaftClientReply:client-8DB4338F17D0->b5da6a4a-1459-46a4-9479-d2035163dbe2@group-4A9565783204, cid=763, SUCCESS, logIndex=0, commits[b5da6a4a-1459-46a4-9479-d2035163dbe2:c964, 69c25b61-d669-4f17-b36d-41bca3df1f31:c960, d2a7b1fa-fac6-4c6f-8c6d-9ac7414c70c3:c960]
2019-07-14 04:23:36,736 INFO  client.GrpcClientProtocolClient (GrpcClientProtocolClient.java:onNext(255)) - client-8DB4338F17D0->b5da6a4a-1459-46a4-9479-d2035163dbe2: receive RaftClientReply:client-8DB4338F17D0->b5da6a4a-1459-46a4-9479-d2035163dbe2@group-4A9565783204, cid=764, SUCCESS, logIndex=967, commits[b5da6a4a-1459-46a4-9479-d2035163dbe2:c968, 69c25b61-d669-4f17-b36d-41bca3df1f31:c966, d2a7b1fa-fac6-4c6f-8c6d-9ac7414c70c3:c966]
2019-07-14 04:23:36,736 INFO  client.GrpcClientProtocolClient (GrpcClientProtocolClient.java:onNext(255)) - client-8DB4338F17D0->b5da6a4a-1459-46a4-9479-d2035163dbe2: receive RaftClientReply:client-8DB4338F17D0->b5da6a4a-1459-46a4-9479-d2035163dbe2@group-4A9565783204, cid=765, SUCCESS, logIndex=968, commits[b5da6a4a-1459-46a4-9479-d2035163dbe2:c968, 69c25b61-d669-4f17-b36d-41bca3df1f31:c966, d2a7b1fa-fac6-4c6f-8c6d-9ac7414c70c3:c966]
2019-07-14 04:23:36,757 INFO  client.GrpcClientProtocolClient (GrpcClientProtocolClient.java:onNext(255)) - client-8DB4338F17D0->b5da6a4a-1459-46a4-9479-d2035163dbe2: receive RaftClientReply:client-8DB4338F17D0->b5da6a4a-1459-46a4-9479-d2035163dbe2@group-4A9565783204, cid=766, SUCCESS, logIndex=971, commits[b5da6a4a-1459-46a4-9479-d2035163dbe2:c972, 69c25b61-d669-4f17-b36d-41bca3df1f31:c968, d2a7b1fa-fac6-4c6f-8c6d-9ac7414c70c3:c970]
2019-07-14 04:23:36,757 INFO  client.GrpcClientProtocolClient (GrpcClientProtocolClient.java:onNext(255)) - client-8DB4338F17D0->b5da6a4a-1459-46a4-9479-d2035163dbe2: receive RaftClientReply:client-8DB4338F17D0->b5da6a4a-1459-46a4-9479-d2035163dbe2@group-4A9565783204, cid=767, SUCCESS, logIndex=972, commits[b5da6a4a-1459-46a4-9479-d2035163dbe2:c972, 69c25b61-d669-4f17-b36d-41bca3df1f31:c970, d2a7b1fa-fac6-4c6f-8c6d-9ac7414c70c3:c970]
2019-07-14 04:23:36,762 INFO  client.GrpcClientProtocolClient (GrpcClientProtocolClient.java:onNext(255)) - client-8DB4338F17D0->b5da6a4a-1459-46a4-9479-d2035163dbe2: receive RaftClientReply:client-8DB4338F17D0->b5da6a4a-1459-46a4-9479-d2035163dbe2@group-4A9565783204, cid=768, SUCCESS, logIndex=0, commits[b5da6a4a-1459-46a4-9479-d2035163dbe2:c974, 69c25b61-d669-4f17-b36d-41bca3df1f31:c972, d2a7b1fa-fac6-4c6f-8c6d-9ac7414c70c3:c972]
2019-07-14 04:23:36,780 INFO  client.GrpcClientProtocolClient (GrpcClientProtocolClient.java:onNext(255)) - client-8DB4338F17D0->b5da6a4a-1459-46a4-9479-d2035163dbe2: receive RaftClientReply:client-8DB4338F17D0->b5da6a4a-1459-46a4-9479-d2035163dbe2@group-4A9565783204, cid=769, SUCCESS, logIndex=975, commits[b5da6a4a-1459-46a4-9479-d2035163dbe2:c976, 69c25b61-d669-4f17-b36d-41bca3df1f31:c974, d2a7b1fa-fac6-4c6f-8c6d-9ac7414c70c3:c974]
2019-07-14 04:23:36,781 INFO  client.GrpcClientProtocolClient (GrpcClientProtocolClient.java:onNext(255)) - client-8DB4338F17D0->b5da6a4a-1459-46a4-9479-d2035163dbe2: receive RaftClientReply:client-8DB4338F17D0->b5da6a4a-1459-46a4-9479-d2035163dbe2@group-4A9565783204, cid=770, SUCCESS, logIndex=976, commits[b5da6a4a-1459-46a4-9479-d2035163dbe2:c976, 69c25b61-d669-4f17-b36d-41bca3df1f31:c974, d2a7b1fa-fac6-4c6f-8c6d-9ac7414c70c3:c974]
2019-07-14 04:23:36,782 INFO  client.GrpcClientProtocolClient (GrpcClientProtocolClient.java:onNext(255)) - client-8DB4338F17D0->b5da6a4a-1459-46a4-9479-d2035163dbe2: receive RaftClientReply:client-8DB4338F17D0->b5da6a4a-1459-46a4-9479-d2035163dbe2@group-4A9565783204, cid=771, SUCCESS, logIndex=977, commits[b5da6a4a-1459-46a4-9479-d2035163dbe2:c978, 69c25b61-d669-4f17-b36d-41bca3df1f31:c974, d2a7b1fa-fac6-4c6f-8c6d-9ac7414c70c3:c974]
2019-07-14 04:23:36,782 INFO  client.GrpcClientProtocolClient (GrpcClientProtocolClient.java:onNext(255)) - client-8DB4338F17D0->b5da6a4a-1459-46a4-9479-d2035163dbe2: receive RaftClientReply:client-8DB4338F17D0->b5da6a4a-1459-46a4-9479-d2035163dbe2@group-4A9565783204, cid=772, SUCCESS, logIndex=978, commits[b5da6a4a-1459-46a4-9479-d2035163dbe2:c978, 69c25b61-d669-4f17-b36d-41bca3df1f31:c974, d2a7b1fa-fac6-4c6f-8c6d-9ac7414c70c3:c974]
2019-07-14 04:23:36,785 INFO  client.GrpcClientProtocolClient (GrpcClientProtocolClient.java:onNext(255)) - client-8DB4338F17D0->b5da6a4a-1459-46a4-9479-d2035163dbe2: receive RaftClientReply:client-8DB4338F17D0->b5da6a4a-1459-46a4-9479-d2035163dbe2@group-4A9565783204, cid=773, SUCCESS, logIndex=0, commits[b5da6a4a-1459-46a4-9479-d2035163dbe2:c980, 69c25b61-d669-4f17-b36d-41bca3df1f31:c976, d2a7b1fa-fac6-4c6f-8c6d-9ac7414c70c3:c976]
2019-07-14 04:23:36,807 INFO  client.GrpcClientProtocolClient (GrpcClientProtocolClient.java:onNext(255)) - client-8DB4338F17D0->b5da6a4a-1459-46a4-9479-d2035163dbe2: receive RaftClientReply:client-8DB4338F17D0->b5da6a4a-1459-46a4-9479-d2035163dbe2@group-4A9565783204, cid=774, SUCCESS, logIndex=983, commits[b5da6a4a-1459-46a4-9479-d2035163dbe2:c984, 69c25b61-d669-4f17-b36d-41bca3df1f31:c982, d2a7b1fa-fac6-4c6f-8c6d-9ac7414c70c3:c982]
2019-07-14 04:23:36,807 INFO  client.GrpcClientProtocolClient (GrpcClientProtocolClient.java:onNext(255)) - client-8DB4338F17D0->b5da6a4a-1459-46a4-9479-d2035163dbe2: receive RaftClientReply:client-8DB4338F17D0->b5da6a4a-1459-46a4-9479-d2035163dbe2@group-4A9565783204, cid=775, SUCCESS, logIndex=984, commits[b5da6a4a-1459-46a4-9479-d2035163dbe2:c984, 69c25b61-d669-4f17-b36d-41bca3df1f31:c982, d2a7b1fa-fac6-4c6f-8c6d-9ac7414c70c3:c982]
2019-07-14 04:23:36,827 INFO  client.GrpcClientProtocolClient (GrpcClientProtocolClient.java:onNext(255)) - client-8DB4338F17D0->b5da6a4a-1459-46a4-9479-d2035163dbe2: receive RaftClientReply:client-8DB4338F17D0->b5da6a4a-1459-46a4-9479-d2035163dbe2@group-4A9565783204, cid=776, SUCCESS, logIndex=987, commits[b5da6a4a-1459-46a4-9479-d2035163dbe2:c988, 69c25b61-d669-4f17-b36d-41bca3df1f31:c984, d2a7b1fa-fac6-4c6f-8c6d-9ac7414c70c3:c986]
2019-07-14 04:23:36,827 INFO  client.GrpcClientProtocolClient (GrpcClientProtocolClient.java:onNext(255)) - client-8DB4338F17D0->b5da6a4a-1459-46a4-9479-d2035163dbe2: receive RaftClientReply:client-8DB4338F17D0->b5da6a4a-1459-46a4-9479-d2035163dbe2@group-4A9565783204, cid=777, SUCCESS, logIndex=988, commits[b5da6a4a-1459-46a4-9479-d2035163dbe2:c988, 69c25b61-d669-4f17-b36d-41bca3df1f31:c986, d2a7b1fa-fac6-4c6f-8c6d-9ac7414c70c3:c986]
2019-07-14 04:23:36,831 INFO  client.GrpcClientProtocolClient (GrpcClientProtocolClient.java:onNext(255)) - client-8DB4338F17D0->b5da6a4a-1459-46a4-9479-d2035163dbe2: receive RaftClientReply:client-8DB4338F17D0->b5da6a4a-1459-46a4-9479-d2035163dbe2@group-4A9565783204, cid=778, SUCCESS, logIndex=0, commits[b5da6a4a-1459-46a4-9479-d2035163dbe2:c989, 69c25b61-d669-4f17-b36d-41bca3df1f31:c988, d2a7b1fa-fac6-4c6f-8c6d-9ac7414c70c3:c988]
2019-07-14 04:23:36,853 INFO  client.GrpcClientProtocolClient (GrpcClientProtocolClient.java:onNext(255)) - client-8DB4338F17D0->b5da6a4a-1459-46a4-9479-d2035163dbe2: receive RaftClientReply:client-8DB4338F17D0->b5da6a4a-1459-46a4-9479-d2035163dbe2@group-4A9565783204, cid=779, SUCCESS, logIndex=991, commits[b5da6a4a-1459-46a4-9479-d2035163dbe2:c992, 69c25b61-d669-4f17-b36d-41bca3df1f31:c988, d2a7b1fa-fac6-4c6f-8c6d-9ac7414c70c3:c990]
2019-07-14 04:23:36,965 INFO  client.GrpcClientProtocolClient (GrpcClientProtocolClient.java:onNext(255)) - client-8DB4338F17D0->b5da6a4a-1459-46a4-9479-d2035163dbe2: receive RaftClientReply:client-8DB4338F17D0->b5da6a4a-1459-46a4-9479-d2035163dbe2@group-4A9565783204, cid=780, SUCCESS, logIndex=992, commits[b5da6a4a-1459-46a4-9479-d2035163dbe2:c992, 69c25b61-d669-4f17-b36d-41bca3df1f31:c988, d2a7b1fa-fac6-4c6f-8c6d-9ac7414c70c3:c990]
2019-07-14 04:23:36,966 INFO  client.GrpcClientProtocolClient (GrpcClientProtocolClient.java:onNext(255)) - client-8DB4338F17D0->b5da6a4a-1459-46a4-9479-d2035163dbe2: receive RaftClientReply:client-8DB4338F17D0->b5da6a4a-1459-46a4-9479-d2035163dbe2@group-4A9565783204, cid=781, SUCCESS, logIndex=993, commits[b5da6a4a-1459-46a4-9479-d2035163dbe2:c994, 69c25b61-d669-4f17-b36d-41bca3df1f31:c990, d2a7b1fa-fac6-4c6f-8c6d-9ac7414c70c3:c990]
2019-07-14 04:23:36,967 INFO  client.GrpcClientProtocolClient (GrpcClientProtocolClient.java:onNext(255)) - client-8DB4338F17D0->b5da6a4a-1459-46a4-9479-d2035163dbe2: receive RaftClientReply:client-8DB4338F17D0->b5da6a4a-1459-46a4-9479-d2035163dbe2@group-4A9565783204, cid=782, SUCCESS, logIndex=994, commits[b5da6a4a-1459-46a4-9479-d2035163dbe2:c994, 69c25b61-d669-4f17-b36d-41bca3df1f31:c990, d2a7b1fa-fac6-4c6f-8c6d-9ac7414c70c3:c990]
2019-07-14 04:23:36,990 INFO  client.GrpcClientProtocolClient (GrpcClientProtocolClient.java:onNext(255)) - client-8DB4338F17D0->b5da6a4a-1459-46a4-9479-d2035163dbe2: receive RaftClientReply:client-8DB4338F17D0->b5da6a4a-1459-46a4-9479-d2035163dbe2@group-4A9565783204, cid=783, SUCCESS, logIndex=0, commits[b5da6a4a-1459-46a4-9479-d2035163dbe2:c998, 69c25b61-d669-4f17-b36d-41bca3df1f31:c992, d2a7b1fa-fac6-4c6f-8c6d-9ac7414c70c3:c994]
2019-07-14 04:23:37,008 INFO  client.GrpcClientProtocolClient (GrpcClientProtocolClient.java:onNext(255)) - client-8DB4338F17D0->b5da6a4a-1459-46a4-9479-d2035163dbe2: receive RaftClientReply:client-8DB4338F17D0->b5da6a4a-1459-46a4-9479-d2035163dbe2@group-4A9565783204, cid=784, SUCCESS, logIndex=999, commits[b5da6a4a-1459-46a4-9479-d2035163dbe2:c1000, 69c25b61-d669-4f17-b36d-41bca3df1f31:c998, d2a7b1fa-fac6-4c6f-8c6d-9ac7414c70c3:c998]
2019-07-14 04:23:37,009 INFO  client.GrpcClientProtocolClient (GrpcClientProtocolClient.java:onNext(255)) - client-8DB4338F17D0->b5da6a4a-1459-46a4-9479-d2035163dbe2: receive RaftClientReply:client-8DB4338F17D0->b5da6a4a-1459-46a4-9479-d2035163dbe2@group-4A9565783204, cid=785, SUCCESS, logIndex=1000, commits[b5da6a4a-1459-46a4-9479-d2035163dbe2:c1000, 69c25b61-d669-4f17-b36d-41bca3df1f31:c998, d2a7b1fa-fac6-4c6f-8c6d-9ac7414c70c3:c998]
2019-07-14 04:23:37,031 INFO  client.GrpcClientProtocolClient (GrpcClientProtocolClient.java:onNext(255)) - client-8DB4338F17D0->b5da6a4a-1459-46a4-9479-d2035163dbe2: receive RaftClientReply:client-8DB4338F17D0->b5da6a4a-1459-46a4-9479-d2035163dbe2@group-4A9565783204, cid=786, SUCCESS, logIndex=1003, commits[b5da6a4a-1459-46a4-9479-d2035163dbe2:c1004, 69c25b61-d669-4f17-b36d-41bca3df1f31:c1002, d2a7b1fa-fac6-4c6f-8c6d-9ac7414c70c3:c1002]
2019-07-14 04:23:37,032 INFO  client.GrpcClientProtocolClient (GrpcClientProtocolClient.java:onNext(255)) - client-8DB4338F17D0->b5da6a4a-1459-46a4-9479-d2035163dbe2: receive RaftClientReply:client-8DB4338F17D0->b5da6a4a-1459-46a4-9479-d2035163dbe2@group-4A9565783204, cid=787, SUCCESS, logIndex=1004, commits[b5da6a4a-1459-46a4-9479-d2035163dbe2:c1004, 69c25b61-d669-4f17-b36d-41bca3df1f31:c1002, d2a7b1fa-fac6-4c6f-8c6d-9ac7414c70c3:c1002]
2019-07-14 04:23:37,037 INFO  client.GrpcClientProtocolClient (GrpcClientProtocolClient.java:onNext(255)) - client-8DB4338F17D0->b5da6a4a-1459-46a4-9479-d2035163dbe2: receive RaftClientReply:client-8DB4338F17D0->b5da6a4a-1459-46a4-9479-d2035163dbe2@group-4A9565783204, cid=788, SUCCESS, logIndex=0, commits[b5da6a4a-1459-46a4-9479-d2035163dbe2:c1006, 69c25b61-d669-4f17-b36d-41bca3df1f31:c1004, d2a7b1fa-fac6-4c6f-8c6d-9ac7414c70c3:c1004]
2019-07-14 04:23:37,052 INFO  client.GrpcClientProtocolClient (GrpcClientProtocolClient.java:onNext(255)) - client-8DB4338F17D0->b5da6a4a-1459-46a4-9479-d2035163dbe2: receive RaftClientReply:client-8DB4338F17D0->b5da6a4a-1459-46a4-9479-d2035163dbe2@group-4A9565783204, cid=789, SUCCESS, logIndex=1007, commits[b5da6a4a-1459-46a4-9479-d2035163dbe2:c1008, 69c25b61-d669-4f17-b36d-41bca3df1f31:c1004, d2a7b1fa-fac6-4c6f-8c6d-9ac7414c70c3:c1006]
2019-07-14 04:23:37,053 INFO  client.GrpcClientProtocolClient (GrpcClientProtocolClient.java:onNext(255)) - client-8DB4338F17D0->b5da6a4a-1459-46a4-9479-d2035163dbe2: receive RaftClientReply:client-8DB4338F17D0->b5da6a4a-1459-46a4-9479-d2035163dbe2@group-4A9565783204, cid=790, SUCCESS, logIndex=1008, commits[b5da6a4a-1459-46a4-9479-d2035163dbe2:c1008, 69c25b61-d669-4f17-b36d-41bca3df1f31:c1004, d2a7b1fa-fac6-4c6f-8c6d-9ac7414c70c3:c1006]
2019-07-14 04:23:37,057 INFO  client.GrpcClientProtocolClient (GrpcClientProtocolClient.java:onNext(255)) - client-8DB4338F17D0->b5da6a4a-1459-46a4-9479-d2035163dbe2: receive RaftClientReply:client-8DB4338F17D0->b5da6a4a-1459-46a4-9479-d2035163dbe2@group-4A9565783204, cid=791, SUCCESS, logIndex=1009, commits[b5da6a4a-1459-46a4-9479-d2035163dbe2:c1010, 69c25b61-d669-4f17-b36d-41bca3df1f31:c1006, d2a7b1fa-fac6-4c6f-8c6d-9ac7414c70c3:c1006]
2019-07-14 04:23:37,058 INFO  client.GrpcClientProtocolClient (GrpcClientProtocolClient.java:onNext(255)) - client-8DB4338F17D0->b5da6a4a-1459-46a4-9479-d2035163dbe2: receive RaftClientReply:client-8DB4338F17D0->b5da6a4a-1459-46a4-9479-d2035163dbe2@group-4A9565783204, cid=792, SUCCESS, logIndex=1010, commits[b5da6a4a-1459-46a4-9479-d2035163dbe2:c1012, 69c25b61-d669-4f17-b36d-41bca3df1f31:c1008, d2a7b1fa-fac6-4c6f-8c6d-9ac7414c70c3:c1006]
2019-07-14 04:23:37,060 INFO  client.GrpcClientProtocolClient (GrpcClientProtocolClient.java:onNext(255)) - client-8DB4338F17D0->b5da6a4a-1459-46a4-9479-d2035163dbe2: receive RaftClientReply:client-8DB4338F17D0->b5da6a4a-1459-46a4-9479-d2035163dbe2@group-4A9565783204, cid=793, SUCCESS, logIndex=0, commits[b5da6a4a-1459-46a4-9479-d2035163dbe2:c1013, 69c25b61-d669-4f17-b36d-41bca3df1f31:c1009, d2a7b1fa-fac6-4c6f-8c6d-9ac7414c70c3:c1010]
2019-07-14 04:23:37,082 INFO  client.GrpcClientProtocolClient (GrpcClientProtocolClient.java:onNext(255)) - client-8DB4338F17D0->b5da6a4a-1459-46a4-9479-d2035163dbe2: receive RaftClientReply:client-8DB4338F17D0->b5da6a4a-1459-46a4-9479-d2035163dbe2@group-4A9565783204, cid=794, SUCCESS, logIndex=1015, commits[b5da6a4a-1459-46a4-9479-d2035163dbe2:c1016, 69c25b61-d669-4f17-b36d-41bca3df1f31:c1014, d2a7b1fa-fac6-4c6f-8c6d-9ac7414c70c3:c1014]
2019-07-14 04:23:37,082 INFO  client.GrpcClientProtocolClient (GrpcClientProtocolClient.java:onNext(255)) - client-8DB4338F17D0->b5da6a4a-1459-46a4-9479-d2035163dbe2: receive RaftClientReply:client-8DB4338F17D0->b5da6a4a-1459-46a4-9479-d2035163dbe2@group-4A9565783204, cid=795, SUCCESS, logIndex=1016, commits[b5da6a4a-1459-46a4-9479-d2035163dbe2:c1016, 69c25b61-d669-4f17-b36d-41bca3df1f31:c1014, d2a7b1fa-fac6-4c6f-8c6d-9ac7414c70c3:c1014]
2019-07-14 04:23:37,096 INFO  client.GrpcClientProtocolClient (GrpcClientProtocolClient.java:onNext(255)) - client-8DB4338F17D0->b5da6a4a-1459-46a4-9479-d2035163dbe2: receive RaftClientReply:client-8DB4338F17D0->b5da6a4a-1459-46a4-9479-d2035163dbe2@group-4A9565783204, cid=796, SUCCESS, logIndex=1019, commits[b5da6a4a-1459-46a4-9479-d2035163dbe2:c1020, 69c25b61-d669-4f17-b36d-41bca3df1f31:c1015, d2a7b1fa-fac6-4c6f-8c6d-9ac7414c70c3:c1016]
2019-07-14 04:23:37,096 INFO  client.GrpcClientProtocolClient (GrpcClientProtocolClient.java:onNext(255)) - client-8DB4338F17D0->b5da6a4a-1459-46a4-9479-d2035163dbe2: receive RaftClientReply:client-8DB4338F17D0->b5da6a4a-1459-46a4-9479-d2035163dbe2@group-4A9565783204, cid=797, SUCCESS, logIndex=1020, commits[b5da6a4a-1459-46a4-9479-d2035163dbe2:c1020, 69c25b61-d669-4f17-b36d-41bca3df1f31:c1015, d2a7b1fa-fac6-4c6f-8c6d-9ac7414c70c3:c1016]
2019-07-14 04:23:37,098 INFO  client.GrpcClientProtocolClient (GrpcClientProtocolClient.java:onNext(255)) - client-8DB4338F17D0->b5da6a4a-1459-46a4-9479-d2035163dbe2: receive RaftClientReply:client-8DB4338F17D0->b5da6a4a-1459-46a4-9479-d2035163dbe2@group-4A9565783204, cid=798, SUCCESS, logIndex=0, commits[b5da6a4a-1459-46a4-9479-d2035163dbe2:c1020, 69c25b61-d669-4f17-b36d-41bca3df1f31:c1016, d2a7b1fa-fac6-4c6f-8c6d-9ac7414c70c3:c1016]
2019-07-14 04:23:37,101 INFO  client.GrpcClientProtocolClient (GrpcClientProtocolClient.java:onNext(255)) - client-8DB4338F17D0->b5da6a4a-1459-46a4-9479-d2035163dbe2: receive RaftClientReply:client-8DB4338F17D0->b5da6a4a-1459-46a4-9479-d2035163dbe2@group-4A9565783204, cid=799, SUCCESS, logIndex=0, commits[b5da6a4a-1459-46a4-9479-d2035163dbe2:c1021, 69c25b61-d669-4f17-b36d-41bca3df1f31:c1020, d2a7b1fa-fac6-4c6f-8c6d-9ac7414c70c3:c1020]
2019-07-14 04:23:37,122 INFO  client.GrpcClientProtocolClient (GrpcClientProtocolClient.java:onNext(255)) - client-8DB4338F17D0->b5da6a4a-1459-46a4-9479-d2035163dbe2: receive RaftClientReply:client-8DB4338F17D0->b5da6a4a-1459-46a4-9479-d2035163dbe2@group-4A9565783204, cid=800, SUCCESS, logIndex=1023, commits[b5da6a4a-1459-46a4-9479-d2035163dbe2:c1024, 69c25b61-d669-4f17-b36d-41bca3df1f31:c1022, d2a7b1fa-fac6-4c6f-8c6d-9ac7414c70c3:c1022]
2019-07-14 04:23:37,123 INFO  client.GrpcClientProtocolClient (GrpcClientProtocolClient.java:onNext(255)) - client-8DB4338F17D0->b5da6a4a-1459-46a4-9479-d2035163dbe2: receive RaftClientReply:client-8DB4338F17D0->b5da6a4a-1459-46a4-9479-d2035163dbe2@group-4A9565783204, cid=801, SUCCESS, logIndex=1024, commits[b5da6a4a-1459-46a4-9479-d2035163dbe2:c1024, 69c25b61-d669-4f17-b36d-41bca3df1f31:c1022, d2a7b1fa-fac6-4c6f-8c6d-9ac7414c70c3:c1022]
2019-07-14 04:23:37,124 INFO  client.GrpcClientProtocolClient (GrpcClientProtocolClient.java:onNext(255)) - client-8DB4338F17D0->b5da6a4a-1459-46a4-9479-d2035163dbe2: receive RaftClientReply:client-8DB4338F17D0->b5da6a4a-1459-46a4-9479-d2035163dbe2@group-4A9565783204, cid=802, SUCCESS, logIndex=1025, commits[b5da6a4a-1459-46a4-9479-d2035163dbe2:c1026, 69c25b61-d669-4f17-b36d-41bca3df1f31:c1022, d2a7b1fa-fac6-4c6f-8c6d-9ac7414c70c3:c1022]
2019-07-14 04:23:37,124 INFO  client.GrpcClientProtocolClient (GrpcClientProtocolClient.java:onNext(255)) - client-8DB4338F17D0->b5da6a4a-1459-46a4-9479-d2035163dbe2: receive RaftClientReply:client-8DB4338F17D0->b5da6a4a-1459-46a4-9479-d2035163dbe2@group-4A9565783204, cid=803, SUCCESS, logIndex=1026, commits[b5da6a4a-1459-46a4-9479-d2035163dbe2:c1026, 69c25b61-d669-4f17-b36d-41bca3df1f31:c1022, d2a7b1fa-fac6-4c6f-8c6d-9ac7414c70c3:c1022]
2019-07-14 04:23:37,126 INFO  client.GrpcClientProtocolClient (GrpcClientProtocolClient.java:onNext(255)) - client-8DB4338F17D0->b5da6a4a-1459-46a4-9479-d2035163dbe2: receive RaftClientReply:client-8DB4338F17D0->b5da6a4a-1459-46a4-9479-d2035163dbe2@group-4A9565783204, cid=804, SUCCESS, logIndex=0, commits[b5da6a4a-1459-46a4-9479-d2035163dbe2:c1028, 69c25b61-d669-4f17-b36d-41bca3df1f31:c1024, d2a7b1fa-fac6-4c6f-8c6d-9ac7414c70c3:c1026]
2019-07-14 04:23:37,142 INFO  client.GrpcClientProtocolClient (GrpcClientProtocolClient.java:onNext(255)) - client-8DB4338F17D0->b5da6a4a-1459-46a4-9479-d2035163dbe2: receive RaftClientReply:client-8DB4338F17D0->b5da6a4a-1459-46a4-9479-d2035163dbe2@group-4A9565783204, cid=805, SUCCESS, logIndex=1031, commits[b5da6a4a-1459-46a4-9479-d2035163dbe2:c1031, 69c25b61-d669-4f17-b36d-41bca3df1f31:c1030, d2a7b1fa-fac6-4c6f-8c6d-9ac7414c70c3:c1030]
2019-07-14 04:23:37,143 INFO  client.GrpcClientProtocolClient (GrpcClientProtocolClient.java:onNext(255)) - client-8DB4338F17D0->b5da6a4a-1459-46a4-9479-d2035163dbe2: receive RaftClientReply:client-8DB4338F17D0->b5da6a4a-1459-46a4-9479-d2035163dbe2@group-4A9565783204, cid=806, SUCCESS, logIndex=1032, commits[b5da6a4a-1459-46a4-9479-d2035163dbe2:c1032, 69c25b61-d669-4f17-b36d-41bca3df1f31:c1030, d2a7b1fa-fac6-4c6f-8c6d-9ac7414c70c3:c1030]
 0.00% |█                                                                                                    |  0/1 Time: 0:00:022019-07-14 04:23:37,165 INFO  client.GrpcClientProtocolClient (GrpcClientProtocolClient.java:onNext(255)) - client-8DB4338F17D0->b5da6a4a-1459-46a4-9479-d2035163dbe2: receive RaftClientReply:client-8DB4338F17D0->b5da6a4a-1459-46a4-9479-d2035163dbe2@group-4A9565783204, cid=807, SUCCESS, logIndex=1035, commits[b5da6a4a-1459-46a4-9479-d2035163dbe2:c1036, 69c25b61-d669-4f17-b36d-41bca3df1f31:c1032, d2a7b1fa-fac6-4c6f-8c6d-9ac7414c70c3:c1032]
2019-07-14 04:23:37,166 INFO  client.GrpcClientProtocolClient (GrpcClientProtocolClient.java:onNext(255)) - client-8DB4338F17D0->b5da6a4a-1459-46a4-9479-d2035163dbe2: receive RaftClientReply:client-8DB4338F17D0->b5da6a4a-1459-46a4-9479-d2035163dbe2@group-4A9565783204, cid=808, SUCCESS, logIndex=1036, commits[b5da6a4a-1459-46a4-9479-d2035163dbe2:c1036, 69c25b61-d669-4f17-b36d-41bca3df1f31:c1032, d2a7b1fa-fac6-4c6f-8c6d-9ac7414c70c3:c1032]
2019-07-14 04:23:37,168 INFO  client.GrpcClientProtocolClient (GrpcClientProtocolClient.java:onNext(255)) - client-8DB4338F17D0->b5da6a4a-1459-46a4-9479-d2035163dbe2: receive RaftClientReply:client-8DB4338F17D0->b5da6a4a-1459-46a4-9479-d2035163dbe2@group-4A9565783204, cid=809, SUCCESS, logIndex=0, commits[b5da6a4a-1459-46a4-9479-d2035163dbe2:c1037, 69c25b61-d669-4f17-b36d-41bca3df1f31:c1036, d2a7b1fa-fac6-4c6f-8c6d-9ac7414c70c3:c1036]
2019-07-14 04:23:37,182 INFO  client.GrpcClientProtocolClient (GrpcClientProtocolClient.java:onNext(255)) - client-8DB4338F17D0->b5da6a4a-1459-46a4-9479-d2035163dbe2: receive RaftClientReply:client-8DB4338F17D0->b5da6a4a-1459-46a4-9479-d2035163dbe2@group-4A9565783204, cid=810, SUCCESS, logIndex=1039, commits[b5da6a4a-1459-46a4-9479-d2035163dbe2:c1040, 69c25b61-d669-4f17-b36d-41bca3df1f31:c1037, d2a7b1fa-fac6-4c6f-8c6d-9ac7414c70c3:c1037]
2019-07-14 04:23:37,182 INFO  client.GrpcClientProtocolClient (GrpcClientProtocolClient.java:onNext(255)) - client-8DB4338F17D0->b5da6a4a-1459-46a4-9479-d2035163dbe2: receive RaftClientReply:client-8DB4338F17D0->b5da6a4a-1459-46a4-9479-d2035163dbe2@group-4A9565783204, cid=811, SUCCESS, logIndex=1040, commits[b5da6a4a-1459-46a4-9479-d2035163dbe2:c1040, 69c25b61-d669-4f17-b36d-41bca3df1f31:c1037, d2a7b1fa-fac6-4c6f-8c6d-9ac7414c70c3:c1037]
2019-07-14 04:23:37,186 INFO  client.GrpcClientProtocolClient (GrpcClientProtocolClient.java:onNext(255)) - client-8DB4338F17D0->b5da6a4a-1459-46a4-9479-d2035163dbe2: receive RaftClientReply:client-8DB4338F17D0->b5da6a4a-1459-46a4-9479-d2035163dbe2@group-4A9565783204, cid=812, SUCCESS, logIndex=1041, commits[b5da6a4a-1459-46a4-9479-d2035163dbe2:c1044, 69c25b61-d669-4f17-b36d-41bca3df1f31:c1037, d2a7b1fa-fac6-4c6f-8c6d-9ac7414c70c3:c1040]
2019-07-14 04:23:37,186 INFO  client.GrpcClientProtocolClient (GrpcClientProtocolClient.java:onNext(255)) - client-8DB4338F17D0->b5da6a4a-1459-46a4-9479-d2035163dbe2: receive RaftClientReply:client-8DB4338F17D0->b5da6a4a-1459-46a4-9479-d2035163dbe2@group-4A9565783204, cid=813, SUCCESS, logIndex=1042, commits[b5da6a4a-1459-46a4-9479-d2035163dbe2:c1044, 69c25b61-d669-4f17-b36d-41bca3df1f31:c1037, d2a7b1fa-fac6-4c6f-8c6d-9ac7414c70c3:c1040]
2019-07-14 04:23:37,187 INFO  client.GrpcClientProtocolClient (GrpcClientProtocolClient.java:onNext(255)) - client-8DB4338F17D0->b5da6a4a-1459-46a4-9479-d2035163dbe2: receive RaftClientReply:client-8DB4338F17D0->b5da6a4a-1459-46a4-9479-d2035163dbe2@group-4A9565783204, cid=814, SUCCESS, logIndex=0, commits[b5da6a4a-1459-46a4-9479-d2035163dbe2:c1044, 69c25b61-d669-4f17-b36d-41bca3df1f31:c1040, d2a7b1fa-fac6-4c6f-8c6d-9ac7414c70c3:c1042]
2019-07-14 04:23:37,207 INFO  client.GrpcClientProtocolClient (GrpcClientProtocolClient.java:onNext(255)) - client-8DB4338F17D0->b5da6a4a-1459-46a4-9479-d2035163dbe2: receive RaftClientReply:client-8DB4338F17D0->b5da6a4a-1459-46a4-9479-d2035163dbe2@group-4A9565783204, cid=815, SUCCESS, logIndex=1047, commits[b5da6a4a-1459-46a4-9479-d2035163dbe2:c1048, 69c25b61-d669-4f17-b36d-41bca3df1f31:c1046, d2a7b1fa-fac6-4c6f-8c6d-9ac7414c70c3:c1046]
2019-07-14 04:23:37,207 INFO  client.GrpcClientProtocolClient (GrpcClientProtocolClient.java:onNext(255)) - client-8DB4338F17D0->b5da6a4a-1459-46a4-9479-d2035163dbe2: receive RaftClientReply:client-8DB4338F17D0->b5da6a4a-1459-46a4-9479-d2035163dbe2@group-4A9565783204, cid=816, SUCCESS, logIndex=1048, commits[b5da6a4a-1459-46a4-9479-d2035163dbe2:c1048, 69c25b61-d669-4f17-b36d-41bca3df1f31:c1046, d2a7b1fa-fac6-4c6f-8c6d-9ac7414c70c3:c1046]
2019-07-14 04:23:37,220 INFO  client.GrpcClientProtocolClient (GrpcClientProtocolClient.java:onNext(255)) - client-8DB4338F17D0->b5da6a4a-1459-46a4-9479-d2035163dbe2: receive RaftClientReply:client-8DB4338F17D0->b5da6a4a-1459-46a4-9479-d2035163dbe2@group-4A9565783204, cid=817, SUCCESS, logIndex=1051, commits[b5da6a4a-1459-46a4-9479-d2035163dbe2:c1052, 69c25b61-d669-4f17-b36d-41bca3df1f31:c1050, d2a7b1fa-fac6-4c6f-8c6d-9ac7414c70c3:c1048]
2019-07-14 04:23:37,220 INFO  client.GrpcClientProtocolClient (GrpcClientProtocolClient.java:onNext(255)) - client-8DB4338F17D0->b5da6a4a-1459-46a4-9479-d2035163dbe2: receive RaftClientReply:client-8DB4338F17D0->b5da6a4a-1459-46a4-9479-d2035163dbe2@group-4A9565783204, cid=818, SUCCESS, logIndex=1052, commits[b5da6a4a-1459-46a4-9479-d2035163dbe2:c1052, 69c25b61-d669-4f17-b36d-41bca3df1f31:c1050, d2a7b1fa-fac6-4c6f-8c6d-9ac7414c70c3:c1050]
2019-07-14 04:23:37,223 INFO  client.GrpcClientProtocolClient (GrpcClientProtocolClient.java:onNext(255)) - client-8DB4338F17D0->b5da6a4a-1459-46a4-9479-d2035163dbe2: receive RaftClientReply:client-8DB4338F17D0->b5da6a4a-1459-46a4-9479-d2035163dbe2@group-4A9565783204, cid=819, SUCCESS, logIndex=0, commits[b5da6a4a-1459-46a4-9479-d2035163dbe2:c1053, 69c25b61-d669-4f17-b36d-41bca3df1f31:c1052, d2a7b1fa-fac6-4c6f-8c6d-9ac7414c70c3:c1052]
2019-07-14 04:23:37,243 INFO  client.GrpcClientProtocolClient (GrpcClientProtocolClient.java:onNext(255)) - client-8DB4338F17D0->b5da6a4a-1459-46a4-9479-d2035163dbe2: receive RaftClientReply:client-8DB4338F17D0->b5da6a4a-1459-46a4-9479-d2035163dbe2@group-4A9565783204, cid=820, SUCCESS, logIndex=1055, commits[b5da6a4a-1459-46a4-9479-d2035163dbe2:c1056, 69c25b61-d669-4f17-b36d-41bca3df1f31:c1054, d2a7b1fa-fac6-4c6f-8c6d-9ac7414c70c3:c1054]
2019-07-14 04:23:37,244 INFO  client.GrpcClientProtocolClient (GrpcClientProtocolClient.java:onNext(255)) - client-8DB4338F17D0->b5da6a4a-1459-46a4-9479-d2035163dbe2: receive RaftClientReply:client-8DB4338F17D0->b5da6a4a-1459-46a4-9479-d2035163dbe2@group-4A9565783204, cid=821, SUCCESS, logIndex=1056, commits[b5da6a4a-1459-46a4-9479-d2035163dbe2:c1056, 69c25b61-d669-4f17-b36d-41bca3df1f31:c1054, d2a7b1fa-fac6-4c6f-8c6d-9ac7414c70c3:c1054]
2019-07-14 04:23:37,244 INFO  client.GrpcClientProtocolClient (GrpcClientProtocolClient.java:onNext(255)) - client-8DB4338F17D0->b5da6a4a-1459-46a4-9479-d2035163dbe2: receive RaftClientReply:client-8DB4338F17D0->b5da6a4a-1459-46a4-9479-d2035163dbe2@group-4A9565783204, cid=822, SUCCESS, logIndex=1057, commits[b5da6a4a-1459-46a4-9479-d2035163dbe2:c1058, 69c25b61-d669-4f17-b36d-41bca3df1f31:c1054, d2a7b1fa-fac6-4c6f-8c6d-9ac7414c70c3:c1054]
2019-07-14 04:23:37,245 INFO  client.GrpcClientProtocolClient (GrpcClientProtocolClient.java:onNext(255)) - client-8DB4338F17D0->b5da6a4a-1459-46a4-9479-d2035163dbe2: receive RaftClientReply:client-8DB4338F17D0->b5da6a4a-1459-46a4-9479-d2035163dbe2@group-4A9565783204, cid=823, SUCCESS, logIndex=1058, commits[b5da6a4a-1459-46a4-9479-d2035163dbe2:c1058, 69c25b61-d669-4f17-b36d-41bca3df1f31:c1054, d2a7b1fa-fac6-4c6f-8c6d-9ac7414c70c3:c1054]
2019-07-14 04:23:37,248 INFO  client.GrpcClientProtocolClient (GrpcClientProtocolClient.java:onNext(255)) - client-8DB4338F17D0->b5da6a4a-1459-46a4-9479-d2035163dbe2: receive RaftClientReply:client-8DB4338F17D0->b5da6a4a-1459-46a4-9479-d2035163dbe2@group-4A9565783204, cid=824, SUCCESS, logIndex=0, commits[b5da6a4a-1459-46a4-9479-d2035163dbe2:c1060, 69c25b61-d669-4f17-b36d-41bca3df1f31:c1056, d2a7b1fa-fac6-4c6f-8c6d-9ac7414c70c3:c1056]
2019-07-14 04:23:37,261 INFO  client.GrpcClientProtocolClient (GrpcClientProtocolClient.java:onNext(255)) - client-8DB4338F17D0->b5da6a4a-1459-46a4-9479-d2035163dbe2: receive RaftClientReply:client-8DB4338F17D0->b5da6a4a-1459-46a4-9479-d2035163dbe2@group-4A9565783204, cid=825, SUCCESS, logIndex=1063, commits[b5da6a4a-1459-46a4-9479-d2035163dbe2:c1064, 69c25b61-d669-4f17-b36d-41bca3df1f31:c1062, d2a7b1fa-fac6-4c6f-8c6d-9ac7414c70c3:c1058]
2019-07-14 04:23:37,261 INFO  client.GrpcClientProtocolClient (GrpcClientProtocolClient.java:onNext(255)) - client-8DB4338F17D0->b5da6a4a-1459-46a4-9479-d2035163dbe2: receive RaftClientReply:client-8DB4338F17D0->b5da6a4a-1459-46a4-9479-d2035163dbe2@group-4A9565783204, cid=826, SUCCESS, logIndex=1064, commits[b5da6a4a-1459-46a4-9479-d2035163dbe2:c1064, 69c25b61-d669-4f17-b36d-41bca3df1f31:c1062, d2a7b1fa-fac6-4c6f-8c6d-9ac7414c70c3:c1062]
2019-07-14 04:23:37,273 INFO  client.GrpcClientProtocolClient (GrpcClientProtocolClient.java:onNext(255)) - client-8DB4338F17D0->b5da6a4a-1459-46a4-9479-d2035163dbe2: receive RaftClientReply:client-8DB4338F17D0->b5da6a4a-1459-46a4-9479-d2035163dbe2@group-4A9565783204, cid=827, SUCCESS, logIndex=1067, commits[b5da6a4a-1459-46a4-9479-d2035163dbe2:c1068, 69c25b61-d669-4f17-b36d-41bca3df1f31:c1064, d2a7b1fa-fac6-4c6f-8c6d-9ac7414c70c3:c1066]
2019-07-14 04:23:37,274 INFO  client.GrpcClientProtocolClient (GrpcClientProtocolClient.java:onNext(255)) - client-8DB4338F17D0->b5da6a4a-1459-46a4-9479-d2035163dbe2: receive RaftClientReply:client-8DB4338F17D0->b5da6a4a-1459-46a4-9479-d2035163dbe2@group-4A9565783204, cid=828, SUCCESS, logIndex=1068, commits[b5da6a4a-1459-46a4-9479-d2035163dbe2:c1068, 69c25b61-d669-4f17-b36d-41bca3df1f31:c1066, d2a7b1fa-fac6-4c6f-8c6d-9ac7414c70c3:c1066]
2019-07-14 04:23:37,277 INFO  client.GrpcClientProtocolClient (GrpcClientProtocolClient.java:onNext(255)) - client-8DB4338F17D0->b5da6a4a-1459-46a4-9479-d2035163dbe2: receive RaftClientReply:client-8DB4338F17D0->b5da6a4a-1459-46a4-9479-d2035163dbe2@group-4A9565783204, cid=829, SUCCESS, logIndex=0, commits[b5da6a4a-1459-46a4-9479-d2035163dbe2:c1068, 69c25b61-d669-4f17-b36d-41bca3df1f31:c1068, d2a7b1fa-fac6-4c6f-8c6d-9ac7414c70c3:c1068]
2019-07-14 04:23:37,298 INFO  client.GrpcClientProtocolClient (GrpcClientProtocolClient.java:onNext(255)) - client-8DB4338F17D0->b5da6a4a-1459-46a4-9479-d2035163dbe2: receive RaftClientReply:client-8DB4338F17D0->b5da6a4a-1459-46a4-9479-d2035163dbe2@group-4A9565783204, cid=830, SUCCESS, logIndex=1071, commits[b5da6a4a-1459-46a4-9479-d2035163dbe2:c1072, 69c25b61-d669-4f17-b36d-41bca3df1f31:c1070, d2a7b1fa-fac6-4c6f-8c6d-9ac7414c70c3:c1070]
2019-07-14 04:23:37,299 INFO  client.GrpcClientProtocolClient (GrpcClientProtocolClient.java:onNext(255)) - client-8DB4338F17D0->b5da6a4a-1459-46a4-9479-d2035163dbe2: receive RaftClientReply:client-8DB4338F17D0->b5da6a4a-1459-46a4-9479-d2035163dbe2@group-4A9565783204, cid=831, SUCCESS, logIndex=1072, commits[b5da6a4a-1459-46a4-9479-d2035163dbe2:c1072, 69c25b61-d669-4f17-b36d-41bca3df1f31:c1070, d2a7b1fa-fac6-4c6f-8c6d-9ac7414c70c3:c1070]
2019-07-14 04:23:37,299 INFO  client.GrpcClientProtocolClient (GrpcClientProtocolClient.java:onNext(255)) - client-8DB4338F17D0->b5da6a4a-1459-46a4-9479-d2035163dbe2: receive RaftClientReply:client-8DB4338F17D0->b5da6a4a-1459-46a4-9479-d2035163dbe2@group-4A9565783204, cid=832, SUCCESS, logIndex=1073, commits[b5da6a4a-1459-46a4-9479-d2035163dbe2:c1074, 69c25b61-d669-4f17-b36d-41bca3df1f31:c1070, d2a7b1fa-fac6-4c6f-8c6d-9ac7414c70c3:c1070]
2019-07-14 04:23:37,299 INFO  client.GrpcClientProtocolClient (GrpcClientProtocolClient.java:onNext(255)) - client-8DB4338F17D0->b5da6a4a-1459-46a4-9479-d2035163dbe2: receive RaftClientReply:client-8DB4338F17D0->b5da6a4a-1459-46a4-9479-d2035163dbe2@group-4A9565783204, cid=833, SUCCESS, logIndex=1074, commits[b5da6a4a-1459-46a4-9479-d2035163dbe2:c1074, 69c25b61-d669-4f17-b36d-41bca3df1f31:c1070, d2a7b1fa-fac6-4c6f-8c6d-9ac7414c70c3:c1070]
2019-07-14 04:23:37,301 INFO  client.GrpcClientProtocolClient (GrpcClientProtocolClient.java:onNext(255)) - client-8DB4338F17D0->b5da6a4a-1459-46a4-9479-d2035163dbe2: receive RaftClientReply:client-8DB4338F17D0->b5da6a4a-1459-46a4-9479-d2035163dbe2@group-4A9565783204, cid=834, SUCCESS, logIndex=0, commits[b5da6a4a-1459-46a4-9479-d2035163dbe2:c1075, 69c25b61-d669-4f17-b36d-41bca3df1f31:c1072, d2a7b1fa-fac6-4c6f-8c6d-9ac7414c70c3:c1072]
2019-07-14 04:23:37,327 INFO  client.GrpcClientProtocolClient (GrpcClientProtocolClient.java:onNext(255)) - client-8DB4338F17D0->b5da6a4a-1459-46a4-9479-d2035163dbe2: receive RaftClientReply:client-8DB4338F17D0->b5da6a4a-1459-46a4-9479-d2035163dbe2@group-4A9565783204, cid=835, SUCCESS, logIndex=1079, commits[b5da6a4a-1459-46a4-9479-d2035163dbe2:c1080, 69c25b61-d669-4f17-b36d-41bca3df1f31:c1078, d2a7b1fa-fac6-4c6f-8c6d-9ac7414c70c3:c1078]
2019-07-14 04:23:37,328 INFO  client.GrpcClientProtocolClient (GrpcClientProtocolClient.java:onNext(255)) - client-8DB4338F17D0->b5da6a4a-1459-46a4-9479-d2035163dbe2: receive RaftClientReply:client-8DB4338F17D0->b5da6a4a-1459-46a4-9479-d2035163dbe2@group-4A9565783204, cid=836, SUCCESS, logIndex=1080, commits[b5da6a4a-1459-46a4-9479-d2035163dbe2:c1080, 69c25b61-d669-4f17-b36d-41bca3df1f31:c1078, d2a7b1fa-fac6-4c6f-8c6d-9ac7414c70c3:c1078]
2019-07-14 04:23:37,340 INFO  client.GrpcClientProtocolClient (GrpcClientProtocolClient.java:onNext(255)) - client-8DB4338F17D0->b5da6a4a-1459-46a4-9479-d2035163dbe2: receive RaftClientReply:client-8DB4338F17D0->b5da6a4a-1459-46a4-9479-d2035163dbe2@group-4A9565783204, cid=837, SUCCESS, logIndex=1083, commits[b5da6a4a-1459-46a4-9479-d2035163dbe2:c1084, 69c25b61-d669-4f17-b36d-41bca3df1f31:c1079, d2a7b1fa-fac6-4c6f-8c6d-9ac7414c70c3:c1080]
2019-07-14 04:23:37,340 INFO  client.GrpcClientProtocolClient (GrpcClientProtocolClient.java:onNext(255)) - client-8DB4338F17D0->b5da6a4a-1459-46a4-9479-d2035163dbe2: receive RaftClientReply:client-8DB4338F17D0->b5da6a4a-1459-46a4-9479-d2035163dbe2@group-4A9565783204, cid=838, SUCCESS, logIndex=1084, commits[b5da6a4a-1459-46a4-9479-d2035163dbe2:c1084, 69c25b61-d669-4f17-b36d-41bca3df1f31:c1079, d2a7b1fa-fac6-4c6f-8c6d-9ac7414c70c3:c1080]
2019-07-14 04:23:37,341 INFO  client.GrpcClientProtocolClient (GrpcClientProtocolClient.java:onNext(255)) - client-8DB4338F17D0->b5da6a4a-1459-46a4-9479-d2035163dbe2: receive RaftClientReply:client-8DB4338F17D0->b5da6a4a-1459-46a4-9479-d2035163dbe2@group-4A9565783204, cid=839, SUCCESS, logIndex=0, commits[b5da6a4a-1459-46a4-9479-d2035163dbe2:c1084, 69c25b61-d669-4f17-b36d-41bca3df1f31:c1080, d2a7b1fa-fac6-4c6f-8c6d-9ac7414c70c3:c1080]
2019-07-14 04:23:37,346 INFO  client.GrpcClientProtocolClient (GrpcClientProtocolClient.java:onNext(255)) - client-8DB4338F17D0->b5da6a4a-1459-46a4-9479-d2035163dbe2: receive RaftClientReply:client-8DB4338F17D0->b5da6a4a-1459-46a4-9479-d2035163dbe2@group-4A9565783204, cid=840, SUCCESS, logIndex=0, commits[b5da6a4a-1459-46a4-9479-d2035163dbe2:c1086, 69c25b61-d669-4f17-b36d-41bca3df1f31:c1084, d2a7b1fa-fac6-4c6f-8c6d-9ac7414c70c3:c1084]
2019-07-14 04:23:37,367 INFO  client.GrpcClientProtocolClient (GrpcClientProtocolClient.java:onNext(255)) - client-8DB4338F17D0->b5da6a4a-1459-46a4-9479-d2035163dbe2: receive RaftClientReply:client-8DB4338F17D0->b5da6a4a-1459-46a4-9479-d2035163dbe2@group-4A9565783204, cid=841, SUCCESS, logIndex=1087, commits[b5da6a4a-1459-46a4-9479-d2035163dbe2:c1088, 69c25b61-d669-4f17-b36d-41bca3df1f31:c1086, d2a7b1fa-fac6-4c6f-8c6d-9ac7414c70c3:c1086]
2019-07-14 04:23:37,368 INFO  client.GrpcClientProtocolClient (GrpcClientProtocolClient.java:onNext(255)) - client-8DB4338F17D0->b5da6a4a-1459-46a4-9479-d2035163dbe2: receive RaftClientReply:client-8DB4338F17D0->b5da6a4a-1459-46a4-9479-d2035163dbe2@group-4A9565783204, cid=842, SUCCESS, logIndex=1088, commits[b5da6a4a-1459-46a4-9479-d2035163dbe2:c1088, 69c25b61-d669-4f17-b36d-41bca3df1f31:c1086, d2a7b1fa-fac6-4c6f-8c6d-9ac7414c70c3:c1086]
2019-07-14 04:23:37,369 INFO  client.GrpcClientProtocolClient (GrpcClientProtocolClient.java:onNext(255)) - client-8DB4338F17D0->b5da6a4a-1459-46a4-9479-d2035163dbe2: receive RaftClientReply:client-8DB4338F17D0->b5da6a4a-1459-46a4-9479-d2035163dbe2@group-4A9565783204, cid=843, SUCCESS, logIndex=1089, commits[b5da6a4a-1459-46a4-9479-d2035163dbe2:c1089, 69c25b61-d669-4f17-b36d-41bca3df1f31:c1086, d2a7b1fa-fac6-4c6f-8c6d-9ac7414c70c3:c1086]
2019-07-14 04:23:37,369 INFO  client.GrpcClientProtocolClient (GrpcClientProtocolClient.java:onNext(255)) - client-8DB4338F17D0->b5da6a4a-1459-46a4-9479-d2035163dbe2: receive RaftClientReply:client-8DB4338F17D0->b5da6a4a-1459-46a4-9479-d2035163dbe2@group-4A9565783204, cid=844, SUCCESS, logIndex=1090, commits[b5da6a4a-1459-46a4-9479-d2035163dbe2:c1090, 69c25b61-d669-4f17-b36d-41bca3df1f31:c1086, d2a7b1fa-fac6-4c6f-8c6d-9ac7414c70c3:c1086]
2019-07-14 04:23:37,371 INFO  client.GrpcClientProtocolClient (GrpcClientProtocolClient.java:onNext(255)) - client-8DB4338F17D0->b5da6a4a-1459-46a4-9479-d2035163dbe2: receive RaftClientReply:client-8DB4338F17D0->b5da6a4a-1459-46a4-9479-d2035163dbe2@group-4A9565783204, cid=845, SUCCESS, logIndex=0, commits[b5da6a4a-1459-46a4-9479-d2035163dbe2:c1092, 69c25b61-d669-4f17-b36d-41bca3df1f31:c1088, d2a7b1fa-fac6-4c6f-8c6d-9ac7414c70c3:c1088]
2019-07-14 04:23:37,383 INFO  client.GrpcClientProtocolClient (GrpcClientProtocolClient.java:onNext(255)) - client-8DB4338F17D0->b5da6a4a-1459-46a4-9479-d2035163dbe2: receive RaftClientReply:client-8DB4338F17D0->b5da6a4a-1459-46a4-9479-d2035163dbe2@group-4A9565783204, cid=846, SUCCESS, logIndex=1095, commits[b5da6a4a-1459-46a4-9479-d2035163dbe2:c1096, 69c25b61-d669-4f17-b36d-41bca3df1f31:c1090, d2a7b1fa-fac6-4c6f-8c6d-9ac7414c70c3:c1094]
2019-07-14 04:23:37,384 INFO  client.GrpcClientProtocolClient (GrpcClientProtocolClient.java:onNext(255)) - client-8DB4338F17D0->b5da6a4a-1459-46a4-9479-d2035163dbe2: receive RaftClientReply:client-8DB4338F17D0->b5da6a4a-1459-46a4-9479-d2035163dbe2@group-4A9565783204, cid=847, SUCCESS, logIndex=1096, commits[b5da6a4a-1459-46a4-9479-d2035163dbe2:c1096, 69c25b61-d669-4f17-b36d-41bca3df1f31:c1090, d2a7b1fa-fac6-4c6f-8c6d-9ac7414c70c3:c1094]
2019-07-14 04:23:37,396 INFO  client.GrpcClientProtocolClient (GrpcClientProtocolClient.java:onNext(255)) - client-8DB4338F17D0->b5da6a4a-1459-46a4-9479-d2035163dbe2: receive RaftClientReply:client-8DB4338F17D0->b5da6a4a-1459-46a4-9479-d2035163dbe2@group-4A9565783204, cid=848, SUCCESS, logIndex=1099, commits[b5da6a4a-1459-46a4-9479-d2035163dbe2:c1100, 69c25b61-d669-4f17-b36d-41bca3df1f31:c1098, d2a7b1fa-fac6-4c6f-8c6d-9ac7414c70c3:c1096]
2019-07-14 04:23:37,397 INFO  client.GrpcClientProtocolClient (GrpcClientProtocolClient.java:onNext(255)) - client-8DB4338F17D0->b5da6a4a-1459-46a4-9479-d2035163dbe2: receive RaftClientReply:client-8DB4338F17D0->b5da6a4a-1459-46a4-9479-d2035163dbe2@group-4A9565783204, cid=849, SUCCESS, logIndex=1100, commits[b5da6a4a-1459-46a4-9479-d2035163dbe2:c1100, 69c25b61-d669-4f17-b36d-41bca3df1f31:c1098, d2a7b1fa-fac6-4c6f-8c6d-9ac7414c70c3:c1098]
2019-07-14 04:23:37,400 INFO  client.GrpcClientProtocolClient (GrpcClientProtocolClient.java:onNext(255)) - client-8DB4338F17D0->b5da6a4a-1459-46a4-9479-d2035163dbe2: receive RaftClientReply:client-8DB4338F17D0->b5da6a4a-1459-46a4-9479-d2035163dbe2@group-4A9565783204, cid=850, SUCCESS, logIndex=0, commits[b5da6a4a-1459-46a4-9479-d2035163dbe2:c1101, 69c25b61-d669-4f17-b36d-41bca3df1f31:c1100, d2a7b1fa-fac6-4c6f-8c6d-9ac7414c70c3:c1100]
2019-07-14 04:23:37,418 INFO  client.GrpcClientProtocolClient (GrpcClientProtocolClient.java:onNext(255)) - client-8DB4338F17D0->b5da6a4a-1459-46a4-9479-d2035163dbe2: receive RaftClientReply:client-8DB4338F17D0->b5da6a4a-1459-46a4-9479-d2035163dbe2@group-4A9565783204, cid=851, SUCCESS, logIndex=1103, commits[b5da6a4a-1459-46a4-9479-d2035163dbe2:c1104, 69c25b61-d669-4f17-b36d-41bca3df1f31:c1102, d2a7b1fa-fac6-4c6f-8c6d-9ac7414c70c3:c1102]
2019-07-14 04:23:37,419 INFO  client.GrpcClientProtocolClient (GrpcClientProtocolClient.java:onNext(255)) - client-8DB4338F17D0->b5da6a4a-1459-46a4-9479-d2035163dbe2: receive RaftClientReply:client-8DB4338F17D0->b5da6a4a-1459-46a4-9479-d2035163dbe2@group-4A9565783204, cid=852, SUCCESS, logIndex=1104, commits[b5da6a4a-1459-46a4-9479-d2035163dbe2:c1104, 69c25b61-d669-4f17-b36d-41bca3df1f31:c1102, d2a7b1fa-fac6-4c6f-8c6d-9ac7414c70c3:c1102]
2019-07-14 04:23:37,419 INFO  client.GrpcClientProtocolClient (GrpcClientProtocolClient.java:onNext(255)) - client-8DB4338F17D0->b5da6a4a-1459-46a4-9479-d2035163dbe2: receive RaftClientReply:client-8DB4338F17D0->b5da6a4a-1459-46a4-9479-d2035163dbe2@group-4A9565783204, cid=853, SUCCESS, logIndex=1105, commits[b5da6a4a-1459-46a4-9479-d2035163dbe2:c1106, 69c25b61-d669-4f17-b36d-41bca3df1f31:c1102, d2a7b1fa-fac6-4c6f-8c6d-9ac7414c70c3:c1102]
2019-07-14 04:23:37,420 INFO  client.GrpcClientProtocolClient (GrpcClientProtocolClient.java:onNext(255)) - client-8DB4338F17D0->b5da6a4a-1459-46a4-9479-d2035163dbe2: receive RaftClientReply:client-8DB4338F17D0->b5da6a4a-1459-46a4-9479-d2035163dbe2@group-4A9565783204, cid=854, SUCCESS, logIndex=1106, commits[b5da6a4a-1459-46a4-9479-d2035163dbe2:c1106, 69c25b61-d669-4f17-b36d-41bca3df1f31:c1102, d2a7b1fa-fac6-4c6f-8c6d-9ac7414c70c3:c1102]
2019-07-14 04:23:37,524 INFO  client.GrpcClientProtocolClient (GrpcClientProtocolClient.java:onNext(255)) - client-8DB4338F17D0->b5da6a4a-1459-46a4-9479-d2035163dbe2: receive RaftClientReply:client-8DB4338F17D0->b5da6a4a-1459-46a4-9479-d2035163dbe2@group-4A9565783204, cid=855, SUCCESS, logIndex=0, commits[b5da6a4a-1459-46a4-9479-d2035163dbe2:c1108, 69c25b61-d669-4f17-b36d-41bca3df1f31:c1104, d2a7b1fa-fac6-4c6f-8c6d-9ac7414c70c3:c1104]
2019-07-14 04:23:37,539 INFO  client.GrpcClientProtocolClient (GrpcClientProtocolClient.java:onNext(255)) - client-8DB4338F17D0->b5da6a4a-1459-46a4-9479-d2035163dbe2: receive RaftClientReply:client-8DB4338F17D0->b5da6a4a-1459-46a4-9479-d2035163dbe2@group-4A9565783204, cid=856, SUCCESS, logIndex=1110, commits[b5da6a4a-1459-46a4-9479-d2035163dbe2:c1111, 69c25b61-d669-4f17-b36d-41bca3df1f31:c1106, d2a7b1fa-fac6-4c6f-8c6d-9ac7414c70c3:c1109]
2019-07-14 04:23:37,540 INFO  client.GrpcClientProtocolClient (GrpcClientProtocolClient.java:onNext(255)) - client-8DB4338F17D0->b5da6a4a-1459-46a4-9479-d2035163dbe2: receive RaftClientReply:client-8DB4338F17D0->b5da6a4a-1459-46a4-9479-d2035163dbe2@group-4A9565783204, cid=857, SUCCESS, logIndex=1111, commits[b5da6a4a-1459-46a4-9479-d2035163dbe2:c1111, 69c25b61-d669-4f17-b36d-41bca3df1f31:c1109, d2a7b1fa-fac6-4c6f-8c6d-9ac7414c70c3:c1109]
2019-07-14 04:23:37,563 INFO  client.GrpcClientProtocolClient (GrpcClientProtocolClient.java:onNext(255)) - client-8DB4338F17D0->b5da6a4a-1459-46a4-9479-d2035163dbe2: receive RaftClientReply:client-8DB4338F17D0->b5da6a4a-1459-46a4-9479-d2035163dbe2@group-4A9565783204, cid=858, SUCCESS, logIndex=1114, commits[b5da6a4a-1459-46a4-9479-d2035163dbe2:c1115, 69c25b61-d669-4f17-b36d-41bca3df1f31:c1111, d2a7b1fa-fac6-4c6f-8c6d-9ac7414c70c3:c1113]
2019-07-14 04:23:37,564 INFO  client.GrpcClientProtocolClient (GrpcClientProtocolClient.java:onNext(255)) - client-8DB4338F17D0->b5da6a4a-1459-46a4-9479-d2035163dbe2: receive RaftClientReply:client-8DB4338F17D0->b5da6a4a-1459-46a4-9479-d2035163dbe2@group-4A9565783204, cid=859, SUCCESS, logIndex=1115, commits[b5da6a4a-1459-46a4-9479-d2035163dbe2:c1115, 69c25b61-d669-4f17-b36d-41bca3df1f31:c1113, d2a7b1fa-fac6-4c6f-8c6d-9ac7414c70c3:c1113]
2019-07-14 04:23:37,574 INFO  client.GrpcClientProtocolClient (GrpcClientProtocolClient.java:onNext(255)) - client-8DB4338F17D0->b5da6a4a-1459-46a4-9479-d2035163dbe2: receive RaftClientReply:client-8DB4338F17D0->b5da6a4a-1459-46a4-9479-d2035163dbe2@group-4A9565783204, cid=860, SUCCESS, logIndex=0, commits[b5da6a4a-1459-46a4-9479-d2035163dbe2:c1116, 69c25b61-d669-4f17-b36d-41bca3df1f31:c1115, d2a7b1fa-fac6-4c6f-8c6d-9ac7414c70c3:c1115]
2019-07-14 04:23:37,595 INFO  client.GrpcClientProtocolClient (GrpcClientProtocolClient.java:onNext(255)) - client-8DB4338F17D0->b5da6a4a-1459-46a4-9479-d2035163dbe2: receive RaftClientReply:client-8DB4338F17D0->b5da6a4a-1459-46a4-9479-d2035163dbe2@group-4A9565783204, cid=861, SUCCESS, logIndex=1118, commits[b5da6a4a-1459-46a4-9479-d2035163dbe2:c1119, 69c25b61-d669-4f17-b36d-41bca3df1f31:c1117, d2a7b1fa-fac6-4c6f-8c6d-9ac7414c70c3:c1117]
2019-07-14 04:23:37,596 INFO  client.GrpcClientProtocolClient (GrpcClientProtocolClient.java:onNext(255)) - client-8DB4338F17D0->b5da6a4a-1459-46a4-9479-d2035163dbe2: receive RaftClientReply:client-8DB4338F17D0->b5da6a4a-1459-46a4-9479-d2035163dbe2@group-4A9565783204, cid=862, SUCCESS, logIndex=1119, commits[b5da6a4a-1459-46a4-9479-d2035163dbe2:c1120, 69c25b61-d669-4f17-b36d-41bca3df1f31:c1117, d2a7b1fa-fac6-4c6f-8c6d-9ac7414c70c3:c1117]
2019-07-14 04:23:37,596 INFO  client.GrpcClientProtocolClient (GrpcClientProtocolClient.java:onNext(255)) - client-8DB4338F17D0->b5da6a4a-1459-46a4-9479-d2035163dbe2: receive RaftClientReply:client-8DB4338F17D0->b5da6a4a-1459-46a4-9479-d2035163dbe2@group-4A9565783204, cid=863, SUCCESS, logIndex=1120, commits[b5da6a4a-1459-46a4-9479-d2035163dbe2:c1121, 69c25b61-d669-4f17-b36d-41bca3df1f31:c1117, d2a7b1fa-fac6-4c6f-8c6d-9ac7414c70c3:c1117]
2019-07-14 04:23:37,596 INFO  client.GrpcClientProtocolClient (GrpcClientProtocolClient.java:onNext(255)) - client-8DB4338F17D0->b5da6a4a-1459-46a4-9479-d2035163dbe2: receive RaftClientReply:client-8DB4338F17D0->b5da6a4a-1459-46a4-9479-d2035163dbe2@group-4A9565783204, cid=864, SUCCESS, logIndex=1121, commits[b5da6a4a-1459-46a4-9479-d2035163dbe2:c1121, 69c25b61-d669-4f17-b36d-41bca3df1f31:c1117, d2a7b1fa-fac6-4c6f-8c6d-9ac7414c70c3:c1117]
2019-07-14 04:23:37,601 INFO  client.GrpcClientProtocolClient (GrpcClientProtocolClient.java:onNext(255)) - client-8DB4338F17D0->b5da6a4a-1459-46a4-9479-d2035163dbe2: receive RaftClientReply:client-8DB4338F17D0->b5da6a4a-1459-46a4-9479-d2035163dbe2@group-4A9565783204, cid=865, SUCCESS, logIndex=0, commits[b5da6a4a-1459-46a4-9479-d2035163dbe2:c1123, 69c25b61-d669-4f17-b36d-41bca3df1f31:c1119, d2a7b1fa-fac6-4c6f-8c6d-9ac7414c70c3:c1119]
2019-07-14 04:23:37,620 INFO  client.GrpcClientProtocolClient (GrpcClientProtocolClient.java:onNext(255)) - client-8DB4338F17D0->b5da6a4a-1459-46a4-9479-d2035163dbe2: receive RaftClientReply:client-8DB4338F17D0->b5da6a4a-1459-46a4-9479-d2035163dbe2@group-4A9565783204, cid=866, SUCCESS, logIndex=1126, commits[b5da6a4a-1459-46a4-9479-d2035163dbe2:c1127, 69c25b61-d669-4f17-b36d-41bca3df1f31:c1125, d2a7b1fa-fac6-4c6f-8c6d-9ac7414c70c3:c1125]
2019-07-14 04:23:37,621 INFO  client.GrpcClientProtocolClient (GrpcClientProtocolClient.java:onNext(255)) - client-8DB4338F17D0->b5da6a4a-1459-46a4-9479-d2035163dbe2: receive RaftClientReply:client-8DB4338F17D0->b5da6a4a-1459-46a4-9479-d2035163dbe2@group-4A9565783204, cid=867, SUCCESS, logIndex=1127, commits[b5da6a4a-1459-46a4-9479-d2035163dbe2:c1127, 69c25b61-d669-4f17-b36d-41bca3df1f31:c1125, d2a7b1fa-fac6-4c6f-8c6d-9ac7414c70c3:c1125]
2019-07-14 04:23:37,637 INFO  client.GrpcClientProtocolClient (GrpcClientProtocolClient.java:onNext(255)) - client-8DB4338F17D0->b5da6a4a-1459-46a4-9479-d2035163dbe2: receive RaftClientReply:client-8DB4338F17D0->b5da6a4a-1459-46a4-9479-d2035163dbe2@group-4A9565783204, cid=868, SUCCESS, logIndex=1130, commits[b5da6a4a-1459-46a4-9479-d2035163dbe2:c1131, 69c25b61-d669-4f17-b36d-41bca3df1f31:c1127, d2a7b1fa-fac6-4c6f-8c6d-9ac7414c70c3:c1127]
2019-07-14 04:23:37,638 INFO  client.GrpcClientProtocolClient (GrpcClientProtocolClient.java:onNext(255)) - client-8DB4338F17D0->b5da6a4a-1459-46a4-9479-d2035163dbe2: receive RaftClientReply:client-8DB4338F17D0->b5da6a4a-1459-46a4-9479-d2035163dbe2@group-4A9565783204, cid=869, SUCCESS, logIndex=1131, commits[b5da6a4a-1459-46a4-9479-d2035163dbe2:c1131, 69c25b61-d669-4f17-b36d-41bca3df1f31:c1127, d2a7b1fa-fac6-4c6f-8c6d-9ac7414c70c3:c1127]
2019-07-14 04:23:37,641 INFO  client.GrpcClientProtocolClient (GrpcClientProtocolClient.java:onNext(255)) - client-8DB4338F17D0->b5da6a4a-1459-46a4-9479-d2035163dbe2: receive RaftClientReply:client-8DB4338F17D0->b5da6a4a-1459-46a4-9479-d2035163dbe2@group-4A9565783204, cid=870, SUCCESS, logIndex=0, commits[b5da6a4a-1459-46a4-9479-d2035163dbe2:c1132, 69c25b61-d669-4f17-b36d-41bca3df1f31:c1131, d2a7b1fa-fac6-4c6f-8c6d-9ac7414c70c3:c1131]
2019-07-14 04:23:37,662 INFO  client.GrpcClientProtocolClient (GrpcClientProtocolClient.java:onNext(255)) - client-8DB4338F17D0->b5da6a4a-1459-46a4-9479-d2035163dbe2: receive RaftClientReply:client-8DB4338F17D0->b5da6a4a-1459-46a4-9479-d2035163dbe2@group-4A9565783204, cid=871, SUCCESS, logIndex=1134, commits[b5da6a4a-1459-46a4-9479-d2035163dbe2:c1135, 69c25b61-d669-4f17-b36d-41bca3df1f31:c1133, d2a7b1fa-fac6-4c6f-8c6d-9ac7414c70c3:c1133]
2019-07-14 04:23:37,662 INFO  client.GrpcClientProtocolClient (GrpcClientProtocolClient.java:onNext(255)) - client-8DB4338F17D0->b5da6a4a-1459-46a4-9479-d2035163dbe2: receive RaftClientReply:client-8DB4338F17D0->b5da6a4a-1459-46a4-9479-d2035163dbe2@group-4A9565783204, cid=872, SUCCESS, logIndex=1135, commits[b5da6a4a-1459-46a4-9479-d2035163dbe2:c1135, 69c25b61-d669-4f17-b36d-41bca3df1f31:c1133, d2a7b1fa-fac6-4c6f-8c6d-9ac7414c70c3:c1133]
2019-07-14 04:23:37,663 INFO  client.GrpcClientProtocolClient (GrpcClientProtocolClient.java:onNext(255)) - client-8DB4338F17D0->b5da6a4a-1459-46a4-9479-d2035163dbe2: receive RaftClientReply:client-8DB4338F17D0->b5da6a4a-1459-46a4-9479-d2035163dbe2@group-4A9565783204, cid=873, SUCCESS, logIndex=1136, commits[b5da6a4a-1459-46a4-9479-d2035163dbe2:c1137, 69c25b61-d669-4f17-b36d-41bca3df1f31:c1133, d2a7b1fa-fac6-4c6f-8c6d-9ac7414c70c3:c1133]
2019-07-14 04:23:37,663 INFO  client.GrpcClientProtocolClient (GrpcClientProtocolClient.java:onNext(255)) - client-8DB4338F17D0->b5da6a4a-1459-46a4-9479-d2035163dbe2: receive RaftClientReply:client-8DB4338F17D0->b5da6a4a-1459-46a4-9479-d2035163dbe2@group-4A9565783204, cid=874, SUCCESS, logIndex=1137, commits[b5da6a4a-1459-46a4-9479-d2035163dbe2:c1137, 69c25b61-d669-4f17-b36d-41bca3df1f31:c1133, d2a7b1fa-fac6-4c6f-8c6d-9ac7414c70c3:c1133]
2019-07-14 04:23:37,666 INFO  client.GrpcClientProtocolClient (GrpcClientProtocolClient.java:onNext(255)) - client-8DB4338F17D0->b5da6a4a-1459-46a4-9479-d2035163dbe2: receive RaftClientReply:client-8DB4338F17D0->b5da6a4a-1459-46a4-9479-d2035163dbe2@group-4A9565783204, cid=875, SUCCESS, logIndex=0, commits[b5da6a4a-1459-46a4-9479-d2035163dbe2:c1139, 69c25b61-d669-4f17-b36d-41bca3df1f31:c1135, d2a7b1fa-fac6-4c6f-8c6d-9ac7414c70c3:c1135]
2019-07-14 04:23:37,681 INFO  client.GrpcClientProtocolClient (GrpcClientProtocolClient.java:onNext(255)) - client-8DB4338F17D0->b5da6a4a-1459-46a4-9479-d2035163dbe2: receive RaftClientReply:client-8DB4338F17D0->b5da6a4a-1459-46a4-9479-d2035163dbe2@group-4A9565783204, cid=876, SUCCESS, logIndex=1142, commits[b5da6a4a-1459-46a4-9479-d2035163dbe2:c1143, 69c25b61-d669-4f17-b36d-41bca3df1f31:c1137, d2a7b1fa-fac6-4c6f-8c6d-9ac7414c70c3:c1141]
2019-07-14 04:23:37,682 INFO  client.GrpcClientProtocolClient (GrpcClientProtocolClient.java:onNext(255)) - client-8DB4338F17D0->b5da6a4a-1459-46a4-9479-d2035163dbe2: receive RaftClientReply:client-8DB4338F17D0->b5da6a4a-1459-46a4-9479-d2035163dbe2@group-4A9565783204, cid=877, SUCCESS, logIndex=1143, commits[b5da6a4a-1459-46a4-9479-d2035163dbe2:c1143, 69c25b61-d669-4f17-b36d-41bca3df1f31:c1141, d2a7b1fa-fac6-4c6f-8c6d-9ac7414c70c3:c1141]
2019-07-14 04:23:37,703 INFO  client.GrpcClientProtocolClient (GrpcClientProtocolClient.java:onNext(255)) - client-8DB4338F17D0->b5da6a4a-1459-46a4-9479-d2035163dbe2: receive RaftClientReply:client-8DB4338F17D0->b5da6a4a-1459-46a4-9479-d2035163dbe2@group-4A9565783204, cid=878, SUCCESS, logIndex=1146, commits[b5da6a4a-1459-46a4-9479-d2035163dbe2:c1147, 69c25b61-d669-4f17-b36d-41bca3df1f31:c1145, d2a7b1fa-fac6-4c6f-8c6d-9ac7414c70c3:c1145]
2019-07-14 04:23:37,704 INFO  client.GrpcClientProtocolClient (GrpcClientProtocolClient.java:onNext(255)) - client-8DB4338F17D0->b5da6a4a-1459-46a4-9479-d2035163dbe2: receive RaftClientReply:client-8DB4338F17D0->b5da6a4a-1459-46a4-9479-d2035163dbe2@group-4A9565783204, cid=879, SUCCESS, logIndex=1147, commits[b5da6a4a-1459-46a4-9479-d2035163dbe2:c1147, 69c25b61-d669-4f17-b36d-41bca3df1f31:c1145, d2a7b1fa-fac6-4c6f-8c6d-9ac7414c70c3:c1145]
2019-07-14 04:23:37,707 INFO  client.GrpcClientProtocolClient (GrpcClientProtocolClient.java:onNext(255)) - client-8DB4338F17D0->b5da6a4a-1459-46a4-9479-d2035163dbe2: receive RaftClientReply:client-8DB4338F17D0->b5da6a4a-1459-46a4-9479-d2035163dbe2@group-4A9565783204, cid=880, SUCCESS, logIndex=0, commits[b5da6a4a-1459-46a4-9479-d2035163dbe2:c1148, 69c25b61-d669-4f17-b36d-41bca3df1f31:c1147, d2a7b1fa-fac6-4c6f-8c6d-9ac7414c70c3:c1147]
2019-07-14 04:23:37,728 INFO  client.GrpcClientProtocolClient (GrpcClientProtocolClient.java:onNext(255)) - client-8DB4338F17D0->b5da6a4a-1459-46a4-9479-d2035163dbe2: receive RaftClientReply:client-8DB4338F17D0->b5da6a4a-1459-46a4-9479-d2035163dbe2@group-4A9565783204, cid=881, SUCCESS, logIndex=1149, commits[b5da6a4a-1459-46a4-9479-d2035163dbe2:c1150, 69c25b61-d669-4f17-b36d-41bca3df1f31:c1147, d2a7b1fa-fac6-4c6f-8c6d-9ac7414c70c3:c1148]
2019-07-14 04:23:37,729 INFO  client.GrpcClientProtocolClient (GrpcClientProtocolClient.java:onNext(255)) - client-8DB4338F17D0->b5da6a4a-1459-46a4-9479-d2035163dbe2: receive RaftClientReply:client-8DB4338F17D0->b5da6a4a-1459-46a4-9479-d2035163dbe2@group-4A9565783204, cid=882, SUCCESS, logIndex=1150, commits[b5da6a4a-1459-46a4-9479-d2035163dbe2:c1150, 69c25b61-d669-4f17-b36d-41bca3df1f31:c1148, d2a7b1fa-fac6-4c6f-8c6d-9ac7414c70c3:c1148]
2019-07-14 04:23:37,729 INFO  client.GrpcClientProtocolClient (GrpcClientProtocolClient.java:onNext(255)) - client-8DB4338F17D0->b5da6a4a-1459-46a4-9479-d2035163dbe2: receive RaftClientReply:client-8DB4338F17D0->b5da6a4a-1459-46a4-9479-d2035163dbe2@group-4A9565783204, cid=883, SUCCESS, logIndex=1151, commits[b5da6a4a-1459-46a4-9479-d2035163dbe2:c1152, 69c25b61-d669-4f17-b36d-41bca3df1f31:c1148, d2a7b1fa-fac6-4c6f-8c6d-9ac7414c70c3:c1148]
2019-07-14 04:23:37,729 INFO  client.GrpcClientProtocolClient (GrpcClientProtocolClient.java:onNext(255)) - client-8DB4338F17D0->b5da6a4a-1459-46a4-9479-d2035163dbe2: receive RaftClientReply:client-8DB4338F17D0->b5da6a4a-1459-46a4-9479-d2035163dbe2@group-4A9565783204, cid=884, SUCCESS, logIndex=1152, commits[b5da6a4a-1459-46a4-9479-d2035163dbe2:c1152, 69c25b61-d669-4f17-b36d-41bca3df1f31:c1148, d2a7b1fa-fac6-4c6f-8c6d-9ac7414c70c3:c1148]
2019-07-14 04:23:37,733 INFO  client.GrpcClientProtocolClient (GrpcClientProtocolClient.java:onNext(255)) - client-8DB4338F17D0->b5da6a4a-1459-46a4-9479-d2035163dbe2: receive RaftClientReply:client-8DB4338F17D0->b5da6a4a-1459-46a4-9479-d2035163dbe2@group-4A9565783204, cid=885, SUCCESS, logIndex=0, commits[b5da6a4a-1459-46a4-9479-d2035163dbe2:c1154, 69c25b61-d669-4f17-b36d-41bca3df1f31:c1150, d2a7b1fa-fac6-4c6f-8c6d-9ac7414c70c3:c1150]
2019-07-14 04:23:37,747 INFO  client.GrpcClientProtocolClient (GrpcClientProtocolClient.java:onNext(255)) - client-8DB4338F17D0->b5da6a4a-1459-46a4-9479-d2035163dbe2: receive RaftClientReply:client-8DB4338F17D0->b5da6a4a-1459-46a4-9479-d2035163dbe2@group-4A9565783204, cid=886, SUCCESS, logIndex=1157, commits[b5da6a4a-1459-46a4-9479-d2035163dbe2:c1158, 69c25b61-d669-4f17-b36d-41bca3df1f31:c1152, d2a7b1fa-fac6-4c6f-8c6d-9ac7414c70c3:c1156]
2019-07-14 04:23:37,748 INFO  client.GrpcClientProtocolClient (GrpcClientProtocolClient.java:onNext(255)) - client-8DB4338F17D0->b5da6a4a-1459-46a4-9479-d2035163dbe2: receive RaftClientReply:client-8DB4338F17D0->b5da6a4a-1459-46a4-9479-d2035163dbe2@group-4A9565783204, cid=887, SUCCESS, logIndex=1158, commits[b5da6a4a-1459-46a4-9479-d2035163dbe2:c1158, 69c25b61-d669-4f17-b36d-41bca3df1f31:c1156, d2a7b1fa-fac6-4c6f-8c6d-9ac7414c70c3:c1156]
2019-07-14 04:23:37,762 INFO  client.GrpcClientProtocolClient (GrpcClientProtocolClient.java:onNext(255)) - client-8DB4338F17D0->b5da6a4a-1459-46a4-9479-d2035163dbe2: receive RaftClientReply:client-8DB4338F17D0->b5da6a4a-1459-46a4-9479-d2035163dbe2@group-4A9565783204, cid=888, SUCCESS, logIndex=1161, commits[b5da6a4a-1459-46a4-9479-d2035163dbe2:c1162, 69c25b61-d669-4f17-b36d-41bca3df1f31:c1160, d2a7b1fa-fac6-4c6f-8c6d-9ac7414c70c3:c1160]
2019-07-14 04:23:37,763 INFO  client.GrpcClientProtocolClient (GrpcClientProtocolClient.java:onNext(255)) - client-8DB4338F17D0->b5da6a4a-1459-46a4-9479-d2035163dbe2: receive RaftClientReply:client-8DB4338F17D0->b5da6a4a-1459-46a4-9479-d2035163dbe2@group-4A9565783204, cid=889, SUCCESS, logIndex=1162, commits[b5da6a4a-1459-46a4-9479-d2035163dbe2:c1162, 69c25b61-d669-4f17-b36d-41bca3df1f31:c1160, d2a7b1fa-fac6-4c6f-8c6d-9ac7414c70c3:c1160]
2019-07-14 04:23:37,773 INFO  client.GrpcClientProtocolClient (GrpcClientProtocolClient.java:onNext(255)) - client-8DB4338F17D0->b5da6a4a-1459-46a4-9479-d2035163dbe2: receive RaftClientReply:client-8DB4338F17D0->b5da6a4a-1459-46a4-9479-d2035163dbe2@group-4A9565783204, cid=890, SUCCESS, logIndex=0, commits[b5da6a4a-1459-46a4-9479-d2035163dbe2:c1163, 69c25b61-d669-4f17-b36d-41bca3df1f31:c1162, d2a7b1fa-fac6-4c6f-8c6d-9ac7414c70c3:c1162]
2019-07-14 04:23:37,786 INFO  client.GrpcClientProtocolClient (GrpcClientProtocolClient.java:onNext(255)) - client-8DB4338F17D0->b5da6a4a-1459-46a4-9479-d2035163dbe2: receive RaftClientReply:client-8DB4338F17D0->b5da6a4a-1459-46a4-9479-d2035163dbe2@group-4A9565783204, cid=891, SUCCESS, logIndex=1165, commits[b5da6a4a-1459-46a4-9479-d2035163dbe2:c1166, 69c25b61-d669-4f17-b36d-41bca3df1f31:c1164, d2a7b1fa-fac6-4c6f-8c6d-9ac7414c70c3:c1162]
2019-07-14 04:23:37,786 INFO  client.GrpcClientProtocolClient (GrpcClientProtocolClient.java:onNext(255)) - client-8DB4338F17D0->b5da6a4a-1459-46a4-9479-d2035163dbe2: receive RaftClientReply:client-8DB4338F17D0->b5da6a4a-1459-46a4-9479-d2035163dbe2@group-4A9565783204, cid=892, SUCCESS, logIndex=1166, commits[b5da6a4a-1459-46a4-9479-d2035163dbe2:c1166, 69c25b61-d669-4f17-b36d-41bca3df1f31:c1164, d2a7b1fa-fac6-4c6f-8c6d-9ac7414c70c3:c1162]
2019-07-14 04:23:37,789 INFO  client.GrpcClientProtocolClient (GrpcClientProtocolClient.java:onNext(255)) - client-8DB4338F17D0->b5da6a4a-1459-46a4-9479-d2035163dbe2: receive RaftClientReply:client-8DB4338F17D0->b5da6a4a-1459-46a4-9479-d2035163dbe2@group-4A9565783204, cid=893, SUCCESS, logIndex=1167, commits[b5da6a4a-1459-46a4-9479-d2035163dbe2:c1168, 69c25b61-d669-4f17-b36d-41bca3df1f31:c1166, d2a7b1fa-fac6-4c6f-8c6d-9ac7414c70c3:c1164]
2019-07-14 04:23:37,790 INFO  client.GrpcClientProtocolClient (GrpcClientProtocolClient.java:onNext(255)) - client-8DB4338F17D0->b5da6a4a-1459-46a4-9479-d2035163dbe2: receive RaftClientReply:client-8DB4338F17D0->b5da6a4a-1459-46a4-9479-d2035163dbe2@group-4A9565783204, cid=894, SUCCESS, logIndex=1168, commits[b5da6a4a-1459-46a4-9479-d2035163dbe2:c1170, 69c25b61-d669-4f17-b36d-41bca3df1f31:c1166, d2a7b1fa-fac6-4c6f-8c6d-9ac7414c70c3:c1166]
2019-07-14 04:23:37,804 INFO  client.GrpcClientProtocolClient (GrpcClientProtocolClient.java:onNext(255)) - client-8DB4338F17D0->b5da6a4a-1459-46a4-9479-d2035163dbe2: receive RaftClientReply:client-8DB4338F17D0->b5da6a4a-1459-46a4-9479-d2035163dbe2@group-4A9565783204, cid=895, SUCCESS, logIndex=1173, commits[b5da6a4a-1459-46a4-9479-d2035163dbe2:c1174, 69c25b61-d669-4f17-b36d-41bca3df1f31:c1171, d2a7b1fa-fac6-4c6f-8c6d-9ac7414c70c3:c1171]
2019-07-14 04:23:37,804 INFO  client.GrpcClientProtocolClient (GrpcClientProtocolClient.java:onNext(255)) - client-8DB4338F17D0->b5da6a4a-1459-46a4-9479-d2035163dbe2: receive RaftClientReply:client-8DB4338F17D0->b5da6a4a-1459-46a4-9479-d2035163dbe2@group-4A9565783204, cid=896, SUCCESS, logIndex=1174, commits[b5da6a4a-1459-46a4-9479-d2035163dbe2:c1174, 69c25b61-d669-4f17-b36d-41bca3df1f31:c1171, d2a7b1fa-fac6-4c6f-8c6d-9ac7414c70c3:c1171]
2019-07-14 04:23:37,821 INFO  client.GrpcClientProtocolClient (GrpcClientProtocolClient.java:onNext(255)) - client-8DB4338F17D0->b5da6a4a-1459-46a4-9479-d2035163dbe2: receive RaftClientReply:client-8DB4338F17D0->b5da6a4a-1459-46a4-9479-d2035163dbe2@group-4A9565783204, cid=897, SUCCESS, logIndex=1177, commits[b5da6a4a-1459-46a4-9479-d2035163dbe2:c1178, 69c25b61-d669-4f17-b36d-41bca3df1f31:c1175, d2a7b1fa-fac6-4c6f-8c6d-9ac7414c70c3:c1175]
2019-07-14 04:23:37,822 INFO  client.GrpcClientProtocolClient (GrpcClientProtocolClient.java:onNext(255)) - client-8DB4338F17D0->b5da6a4a-1459-46a4-9479-d2035163dbe2: receive RaftClientReply:client-8DB4338F17D0->b5da6a4a-1459-46a4-9479-d2035163dbe2@group-4A9565783204, cid=898, SUCCESS, logIndex=1178, commits[b5da6a4a-1459-46a4-9479-d2035163dbe2:c1178, 69c25b61-d669-4f17-b36d-41bca3df1f31:c1175, d2a7b1fa-fac6-4c6f-8c6d-9ac7414c70c3:c1175]
2019-07-14 04:23:37,826 INFO  client.GrpcClientProtocolClient (GrpcClientProtocolClient.java:onNext(255)) - client-8DB4338F17D0->b5da6a4a-1459-46a4-9479-d2035163dbe2: receive RaftClientReply:client-8DB4338F17D0->b5da6a4a-1459-46a4-9479-d2035163dbe2@group-4A9565783204, cid=899, SUCCESS, logIndex=0, commits[b5da6a4a-1459-46a4-9479-d2035163dbe2:c1179, 69c25b61-d669-4f17-b36d-41bca3df1f31:c1178, d2a7b1fa-fac6-4c6f-8c6d-9ac7414c70c3:c1178]
2019-07-14 04:23:37,845 INFO  client.GrpcClientProtocolClient (GrpcClientProtocolClient.java:onNext(255)) - client-8DB4338F17D0->b5da6a4a-1459-46a4-9479-d2035163dbe2: receive RaftClientReply:client-8DB4338F17D0->b5da6a4a-1459-46a4-9479-d2035163dbe2@group-4A9565783204, cid=900, SUCCESS, logIndex=1181, commits[b5da6a4a-1459-46a4-9479-d2035163dbe2:c1182, 69c25b61-d669-4f17-b36d-41bca3df1f31:c1180, d2a7b1fa-fac6-4c6f-8c6d-9ac7414c70c3:c1180]
2019-07-14 04:23:37,845 INFO  client.GrpcClientProtocolClient (GrpcClientProtocolClient.java:onNext(255)) - client-8DB4338F17D0->b5da6a4a-1459-46a4-9479-d2035163dbe2: receive RaftClientReply:client-8DB4338F17D0->b5da6a4a-1459-46a4-9479-d2035163dbe2@group-4A9565783204, cid=901, SUCCESS, logIndex=1182, commits[b5da6a4a-1459-46a4-9479-d2035163dbe2:c1182, 69c25b61-d669-4f17-b36d-41bca3df1f31:c1180, d2a7b1fa-fac6-4c6f-8c6d-9ac7414c70c3:c1180]
2019-07-14 04:23:37,847 INFO  client.GrpcClientProtocolClient (GrpcClientProtocolClient.java:onNext(255)) - client-8DB4338F17D0->b5da6a4a-1459-46a4-9479-d2035163dbe2: receive RaftClientReply:client-8DB4338F17D0->b5da6a4a-1459-46a4-9479-d2035163dbe2@group-4A9565783204, cid=902, SUCCESS, logIndex=1183, commits[b5da6a4a-1459-46a4-9479-d2035163dbe2:c1183, 69c25b61-d669-4f17-b36d-41bca3df1f31:c1180, d2a7b1fa-fac6-4c6f-8c6d-9ac7414c70c3:c1180]
2019-07-14 04:23:37,847 INFO  client.GrpcClientProtocolClient (GrpcClientProtocolClient.java:onNext(255)) - client-8DB4338F17D0->b5da6a4a-1459-46a4-9479-d2035163dbe2: receive RaftClientReply:client-8DB4338F17D0->b5da6a4a-1459-46a4-9479-d2035163dbe2@group-4A9565783204, cid=903, SUCCESS, logIndex=1184, commits[b5da6a4a-1459-46a4-9479-d2035163dbe2:c1184, 69c25b61-d669-4f17-b36d-41bca3df1f31:c1180, d2a7b1fa-fac6-4c6f-8c6d-9ac7414c70c3:c1180]
2019-07-14 04:23:37,849 INFO  client.GrpcClientProtocolClient (GrpcClientProtocolClient.java:onNext(255)) - client-8DB4338F17D0->b5da6a4a-1459-46a4-9479-d2035163dbe2: receive RaftClientReply:client-8DB4338F17D0->b5da6a4a-1459-46a4-9479-d2035163dbe2@group-4A9565783204, cid=904, SUCCESS, logIndex=0, commits[b5da6a4a-1459-46a4-9479-d2035163dbe2:c1186, 69c25b61-d669-4f17-b36d-41bca3df1f31:c1182, d2a7b1fa-fac6-4c6f-8c6d-9ac7414c70c3:c1182]
2019-07-14 04:23:37,859 INFO  client.GrpcClientProtocolClient (GrpcClientProtocolClient.java:onNext(255)) - client-8DB4338F17D0->b5da6a4a-1459-46a4-9479-d2035163dbe2: receive RaftClientReply:client-8DB4338F17D0->b5da6a4a-1459-46a4-9479-d2035163dbe2@group-4A9565783204, cid=905, SUCCESS, logIndex=1189, commits[b5da6a4a-1459-46a4-9479-d2035163dbe2:c1190, 69c25b61-d669-4f17-b36d-41bca3df1f31:c1188, d2a7b1fa-fac6-4c6f-8c6d-9ac7414c70c3:c1184]
2019-07-14 04:23:37,860 INFO  client.GrpcClientProtocolClient (GrpcClientProtocolClient.java:onNext(255)) - client-8DB4338F17D0->b5da6a4a-1459-46a4-9479-d2035163dbe2: receive RaftClientReply:client-8DB4338F17D0->b5da6a4a-1459-46a4-9479-d2035163dbe2@group-4A9565783204, cid=906, SUCCESS, logIndex=1190, commits[b5da6a4a-1459-46a4-9479-d2035163dbe2:c1190, 69c25b61-d669-4f17-b36d-41bca3df1f31:c1188, d2a7b1fa-fac6-4c6f-8c6d-9ac7414c70c3:c1188]
2019-07-14 04:23:37,879 INFO  client.GrpcClientProtocolClient (GrpcClientProtocolClient.java:onNext(255)) - client-8DB4338F17D0->b5da6a4a-1459-46a4-9479-d2035163dbe2: receive RaftClientReply:client-8DB4338F17D0->b5da6a4a-1459-46a4-9479-d2035163dbe2@group-4A9565783204, cid=907, SUCCESS, logIndex=1192, commits[b5da6a4a-1459-46a4-9479-d2035163dbe2:c1193, 69c25b61-d669-4f17-b36d-41bca3df1f31:c1191, d2a7b1fa-fac6-4c6f-8c6d-9ac7414c70c3:c1190]
2019-07-14 04:23:37,879 INFO  client.GrpcClientProtocolClient (GrpcClientProtocolClient.java:onNext(255)) - client-8DB4338F17D0->b5da6a4a-1459-46a4-9479-d2035163dbe2: receive RaftClientReply:client-8DB4338F17D0->b5da6a4a-1459-46a4-9479-d2035163dbe2@group-4A9565783204, cid=908, SUCCESS, logIndex=1193, commits[b5da6a4a-1459-46a4-9479-d2035163dbe2:c1193, 69c25b61-d669-4f17-b36d-41bca3df1f31:c1191, d2a7b1fa-fac6-4c6f-8c6d-9ac7414c70c3:c1191]
2019-07-14 04:23:37,883 INFO  client.GrpcClientProtocolClient (GrpcClientProtocolClient.java:onNext(255)) - client-8DB4338F17D0->b5da6a4a-1459-46a4-9479-d2035163dbe2: receive RaftClientReply:client-8DB4338F17D0->b5da6a4a-1459-46a4-9479-d2035163dbe2@group-4A9565783204, cid=909, SUCCESS, logIndex=0, commits[b5da6a4a-1459-46a4-9479-d2035163dbe2:c1194, 69c25b61-d669-4f17-b36d-41bca3df1f31:c1193, d2a7b1fa-fac6-4c6f-8c6d-9ac7414c70c3:c1193]
2019-07-14 04:23:37,903 INFO  client.GrpcClientProtocolClient (GrpcClientProtocolClient.java:onNext(255)) - client-8DB4338F17D0->b5da6a4a-1459-46a4-9479-d2035163dbe2: receive RaftClientReply:client-8DB4338F17D0->b5da6a4a-1459-46a4-9479-d2035163dbe2@group-4A9565783204, cid=910, SUCCESS, logIndex=1196, commits[b5da6a4a-1459-46a4-9479-d2035163dbe2:c1197, 69c25b61-d669-4f17-b36d-41bca3df1f31:c1193, d2a7b1fa-fac6-4c6f-8c6d-9ac7414c70c3:c1195]
2019-07-14 04:23:37,904 INFO  client.GrpcClientProtocolClient (GrpcClientProtocolClient.java:onNext(255)) - client-8DB4338F17D0->b5da6a4a-1459-46a4-9479-d2035163dbe2: receive RaftClientReply:client-8DB4338F17D0->b5da6a4a-1459-46a4-9479-d2035163dbe2@group-4A9565783204, cid=911, SUCCESS, logIndex=1197, commits[b5da6a4a-1459-46a4-9479-d2035163dbe2:c1197, 69c25b61-d669-4f17-b36d-41bca3df1f31:c1193, d2a7b1fa-fac6-4c6f-8c6d-9ac7414c70c3:c1195]
2019-07-14 04:23:37,904 INFO  client.GrpcClientProtocolClient (GrpcClientProtocolClient.java:onNext(255)) - client-8DB4338F17D0->b5da6a4a-1459-46a4-9479-d2035163dbe2: receive RaftClientReply:client-8DB4338F17D0->b5da6a4a-1459-46a4-9479-d2035163dbe2@group-4A9565783204, cid=912, SUCCESS, logIndex=1198, commits[b5da6a4a-1459-46a4-9479-d2035163dbe2:c1199, 69c25b61-d669-4f17-b36d-41bca3df1f31:c1195, d2a7b1fa-fac6-4c6f-8c6d-9ac7414c70c3:c1195]
2019-07-14 04:23:37,905 INFO  client.GrpcClientProtocolClient (GrpcClientProtocolClient.java:onNext(255)) - client-8DB4338F17D0->b5da6a4a-1459-46a4-9479-d2035163dbe2: receive RaftClientReply:client-8DB4338F17D0->b5da6a4a-1459-46a4-9479-d2035163dbe2@group-4A9565783204, cid=913, SUCCESS, logIndex=1199, commits[b5da6a4a-1459-46a4-9479-d2035163dbe2:c1199, 69c25b61-d669-4f17-b36d-41bca3df1f31:c1195, d2a7b1fa-fac6-4c6f-8c6d-9ac7414c70c3:c1195]
2019-07-14 04:23:37,907 INFO  client.GrpcClientProtocolClient (GrpcClientProtocolClient.java:onNext(255)) - client-8DB4338F17D0->b5da6a4a-1459-46a4-9479-d2035163dbe2: receive RaftClientReply:client-8DB4338F17D0->b5da6a4a-1459-46a4-9479-d2035163dbe2@group-4A9565783204, cid=914, SUCCESS, logIndex=0, commits[b5da6a4a-1459-46a4-9479-d2035163dbe2:c1201, 69c25b61-d669-4f17-b36d-41bca3df1f31:c1197, d2a7b1fa-fac6-4c6f-8c6d-9ac7414c70c3:c1197]
2019-07-14 04:23:37,926 INFO  client.GrpcClientProtocolClient (GrpcClientProtocolClient.java:onNext(255)) - client-8DB4338F17D0->b5da6a4a-1459-46a4-9479-d2035163dbe2: receive RaftClientReply:client-8DB4338F17D0->b5da6a4a-1459-46a4-9479-d2035163dbe2@group-4A9565783204, cid=915, SUCCESS, logIndex=1204, commits[b5da6a4a-1459-46a4-9479-d2035163dbe2:c1205, 69c25b61-d669-4f17-b36d-41bca3df1f31:c1203, d2a7b1fa-fac6-4c6f-8c6d-9ac7414c70c3:c1203]
2019-07-14 04:23:37,926 INFO  client.GrpcClientProtocolClient (GrpcClientProtocolClient.java:onNext(255)) - client-8DB4338F17D0->b5da6a4a-1459-46a4-9479-d2035163dbe2: receive RaftClientReply:client-8DB4338F17D0->b5da6a4a-1459-46a4-9479-d2035163dbe2@group-4A9565783204, cid=916, SUCCESS, logIndex=1205, commits[b5da6a4a-1459-46a4-9479-d2035163dbe2:c1205, 69c25b61-d669-4f17-b36d-41bca3df1f31:c1203, d2a7b1fa-fac6-4c6f-8c6d-9ac7414c70c3:c1203]
2019-07-14 04:23:37,949 INFO  client.GrpcClientProtocolClient (GrpcClientProtocolClient.java:onNext(255)) - client-8DB4338F17D0->b5da6a4a-1459-46a4-9479-d2035163dbe2: receive RaftClientReply:client-8DB4338F17D0->b5da6a4a-1459-46a4-9479-d2035163dbe2@group-4A9565783204, cid=917, SUCCESS, logIndex=1208, commits[b5da6a4a-1459-46a4-9479-d2035163dbe2:c1209, 69c25b61-d669-4f17-b36d-41bca3df1f31:c1205, d2a7b1fa-fac6-4c6f-8c6d-9ac7414c70c3:c1205]
2019-07-14 04:23:37,949 INFO  client.GrpcClientProtocolClient (GrpcClientProtocolClient.java:onNext(255)) - client-8DB4338F17D0->b5da6a4a-1459-46a4-9479-d2035163dbe2: receive RaftClientReply:client-8DB4338F17D0->b5da6a4a-1459-46a4-9479-d2035163dbe2@group-4A9565783204, cid=918, SUCCESS, logIndex=1209, commits[b5da6a4a-1459-46a4-9479-d2035163dbe2:c1209, 69c25b61-d669-4f17-b36d-41bca3df1f31:c1205, d2a7b1fa-fac6-4c6f-8c6d-9ac7414c70c3:c1205]
2019-07-14 04:23:37,956 INFO  client.GrpcClientProtocolClient (GrpcClientProtocolClient.java:onNext(255)) - client-8DB4338F17D0->b5da6a4a-1459-46a4-9479-d2035163dbe2: receive RaftClientReply:client-8DB4338F17D0->b5da6a4a-1459-46a4-9479-d2035163dbe2@group-4A9565783204, cid=919, SUCCESS, logIndex=0, commits[b5da6a4a-1459-46a4-9479-d2035163dbe2:c1210, 69c25b61-d669-4f17-b36d-41bca3df1f31:c1209, d2a7b1fa-fac6-4c6f-8c6d-9ac7414c70c3:c1209]
2019-07-14 04:23:37,969 INFO  client.GrpcClientProtocolClient (GrpcClientProtocolClient.java:onNext(255)) - client-8DB4338F17D0->b5da6a4a-1459-46a4-9479-d2035163dbe2: receive RaftClientReply:client-8DB4338F17D0->b5da6a4a-1459-46a4-9479-d2035163dbe2@group-4A9565783204, cid=920, SUCCESS, logIndex=1212, commits[b5da6a4a-1459-46a4-9479-d2035163dbe2:c1213, 69c25b61-d669-4f17-b36d-41bca3df1f31:c1209, d2a7b1fa-fac6-4c6f-8c6d-9ac7414c70c3:c1211]
2019-07-14 04:23:37,969 INFO  client.GrpcClientProtocolClient (GrpcClientProtocolClient.java:onNext(255)) - client-8DB4338F17D0->b5da6a4a-1459-46a4-9479-d2035163dbe2: receive RaftClientReply:client-8DB4338F17D0->b5da6a4a-1459-46a4-9479-d2035163dbe2@group-4A9565783204, cid=921, SUCCESS, logIndex=1213, commits[b5da6a4a-1459-46a4-9479-d2035163dbe2:c1213, 69c25b61-d669-4f17-b36d-41bca3df1f31:c1209, d2a7b1fa-fac6-4c6f-8c6d-9ac7414c70c3:c1211]
2019-07-14 04:23:37,972 INFO  client.GrpcClientProtocolClient (GrpcClientProtocolClient.java:onNext(255)) - client-8DB4338F17D0->b5da6a4a-1459-46a4-9479-d2035163dbe2: receive RaftClientReply:client-8DB4338F17D0->b5da6a4a-1459-46a4-9479-d2035163dbe2@group-4A9565783204, cid=922, SUCCESS, logIndex=1214, commits[b5da6a4a-1459-46a4-9479-d2035163dbe2:c1215, 69c25b61-d669-4f17-b36d-41bca3df1f31:c1211, d2a7b1fa-fac6-4c6f-8c6d-9ac7414c70c3:c1211]
2019-07-14 04:23:37,972 INFO  client.GrpcClientProtocolClient (GrpcClientProtocolClient.java:onNext(255)) - client-8DB4338F17D0->b5da6a4a-1459-46a4-9479-d2035163dbe2: receive RaftClientReply:client-8DB4338F17D0->b5da6a4a-1459-46a4-9479-d2035163dbe2@group-4A9565783204, cid=923, SUCCESS, logIndex=1215, commits[b5da6a4a-1459-46a4-9479-d2035163dbe2:c1217, 69c25b61-d669-4f17-b36d-41bca3df1f31:c1211, d2a7b1fa-fac6-4c6f-8c6d-9ac7414c70c3:c1213]
2019-07-14 04:23:37,973 INFO  client.GrpcClientProtocolClient (GrpcClientProtocolClient.java:onNext(255)) - client-8DB4338F17D0->b5da6a4a-1459-46a4-9479-d2035163dbe2: receive RaftClientReply:client-8DB4338F17D0->b5da6a4a-1459-46a4-9479-d2035163dbe2@group-4A9565783204, cid=924, SUCCESS, logIndex=0, commits[b5da6a4a-1459-46a4-9479-d2035163dbe2:c1217, 69c25b61-d669-4f17-b36d-41bca3df1f31:c1213, d2a7b1fa-fac6-4c6f-8c6d-9ac7414c70c3:c1213]
2019-07-14 04:23:38,120 INFO  client.GrpcClientProtocolClient (GrpcClientProtocolClient.java:onNext(255)) - client-8DB4338F17D0->b5da6a4a-1459-46a4-9479-d2035163dbe2: receive RaftClientReply:client-8DB4338F17D0->b5da6a4a-1459-46a4-9479-d2035163dbe2@group-4A9565783204, cid=925, SUCCESS, logIndex=1220, commits[b5da6a4a-1459-46a4-9479-d2035163dbe2:c1221, 69c25b61-d669-4f17-b36d-41bca3df1f31:c1217, d2a7b1fa-fac6-4c6f-8c6d-9ac7414c70c3:c1215]
2019-07-14 04:23:38,121 INFO  client.GrpcClientProtocolClient (GrpcClientProtocolClient.java:onNext(255)) - client-8DB4338F17D0->b5da6a4a-1459-46a4-9479-d2035163dbe2: receive RaftClientReply:client-8DB4338F17D0->b5da6a4a-1459-46a4-9479-d2035163dbe2@group-4A9565783204, cid=926, SUCCESS, logIndex=1221, commits[b5da6a4a-1459-46a4-9479-d2035163dbe2:c1221, 69c25b61-d669-4f17-b36d-41bca3df1f31:c1217, d2a7b1fa-fac6-4c6f-8c6d-9ac7414c70c3:c1217]
2019-07-14 04:23:38,137 INFO  client.GrpcClientProtocolClient (GrpcClientProtocolClient.java:onNext(255)) - client-8DB4338F17D0->b5da6a4a-1459-46a4-9479-d2035163dbe2: receive RaftClientReply:client-8DB4338F17D0->b5da6a4a-1459-46a4-9479-d2035163dbe2@group-4A9565783204, cid=927, SUCCESS, logIndex=1224, commits[b5da6a4a-1459-46a4-9479-d2035163dbe2:c1225, 69c25b61-d669-4f17-b36d-41bca3df1f31:c1221, d2a7b1fa-fac6-4c6f-8c6d-9ac7414c70c3:c1221]
2019-07-14 04:23:38,138 INFO  client.GrpcClientProtocolClient (GrpcClientProtocolClient.java:onNext(255)) - client-8DB4338F17D0->b5da6a4a-1459-46a4-9479-d2035163dbe2: receive RaftClientReply:client-8DB4338F17D0->b5da6a4a-1459-46a4-9479-d2035163dbe2@group-4A9565783204, cid=928, SUCCESS, logIndex=1225, commits[b5da6a4a-1459-46a4-9479-d2035163dbe2:c1225, 69c25b61-d669-4f17-b36d-41bca3df1f31:c1221, d2a7b1fa-fac6-4c6f-8c6d-9ac7414c70c3:c1221]
2019-07-14 04:23:38,141 INFO  client.GrpcClientProtocolClient (GrpcClientProtocolClient.java:onNext(255)) - client-8DB4338F17D0->b5da6a4a-1459-46a4-9479-d2035163dbe2: receive RaftClientReply:client-8DB4338F17D0->b5da6a4a-1459-46a4-9479-d2035163dbe2@group-4A9565783204, cid=929, SUCCESS, logIndex=0, commits[b5da6a4a-1459-46a4-9479-d2035163dbe2:c1226, 69c25b61-d669-4f17-b36d-41bca3df1f31:c1225, d2a7b1fa-fac6-4c6f-8c6d-9ac7414c70c3:c1225]
2019-07-14 04:23:38,163 INFO  client.GrpcClientProtocolClient (GrpcClientProtocolClient.java:onNext(255)) - client-8DB4338F17D0->b5da6a4a-1459-46a4-9479-d2035163dbe2: receive RaftClientReply:client-8DB4338F17D0->b5da6a4a-1459-46a4-9479-d2035163dbe2@group-4A9565783204, cid=930, SUCCESS, logIndex=1228, commits[b5da6a4a-1459-46a4-9479-d2035163dbe2:c1229, 69c25b61-d669-4f17-b36d-41bca3df1f31:c1227, d2a7b1fa-fac6-4c6f-8c6d-9ac7414c70c3:c1227]
2019-07-14 04:23:38,164 INFO  client.GrpcClientProtocolClient (GrpcClientProtocolClient.java:onNext(255)) - client-8DB4338F17D0->b5da6a4a-1459-46a4-9479-d2035163dbe2: receive RaftClientReply:client-8DB4338F17D0->b5da6a4a-1459-46a4-9479-d2035163dbe2@group-4A9565783204, cid=931, SUCCESS, logIndex=1229, commits[b5da6a4a-1459-46a4-9479-d2035163dbe2:c1229, 69c25b61-d669-4f17-b36d-41bca3df1f31:c1227, d2a7b1fa-fac6-4c6f-8c6d-9ac7414c70c3:c1227]
2019-07-14 04:23:38,164 INFO  client.GrpcClientProtocolClient (GrpcClientProtocolClient.java:onNext(255)) - client-8DB4338F17D0->b5da6a4a-1459-46a4-9479-d2035163dbe2: receive RaftClientReply:client-8DB4338F17D0->b5da6a4a-1459-46a4-9479-d2035163dbe2@group-4A9565783204, cid=932, SUCCESS, logIndex=1230, commits[b5da6a4a-1459-46a4-9479-d2035163dbe2:c1231, 69c25b61-d669-4f17-b36d-41bca3df1f31:c1227, d2a7b1fa-fac6-4c6f-8c6d-9ac7414c70c3:c1227]
2019-07-14 04:23:38,164 INFO  client.GrpcClientProtocolClient (GrpcClientProtocolClient.java:onNext(255)) - client-8DB4338F17D0->b5da6a4a-1459-46a4-9479-d2035163dbe2: receive RaftClientReply:client-8DB4338F17D0->b5da6a4a-1459-46a4-9479-d2035163dbe2@group-4A9565783204, cid=933, SUCCESS, logIndex=1231, commits[b5da6a4a-1459-46a4-9479-d2035163dbe2:c1231, 69c25b61-d669-4f17-b36d-41bca3df1f31:c1227, d2a7b1fa-fac6-4c6f-8c6d-9ac7414c70c3:c1227]
 0.00% |█                                                                                                    |  0/1 Time: 0:00:032019-07-14 04:23:38,168 INFO  client.GrpcClientProtocolClient (GrpcClientProtocolClient.java:onNext(255)) - client-8DB4338F17D0->b5da6a4a-1459-46a4-9479-d2035163dbe2: receive RaftClientReply:client-8DB4338F17D0->b5da6a4a-1459-46a4-9479-d2035163dbe2@group-4A9565783204, cid=934, SUCCESS, logIndex=0, commits[b5da6a4a-1459-46a4-9479-d2035163dbe2:c1233, 69c25b61-d669-4f17-b36d-41bca3df1f31:c1229, d2a7b1fa-fac6-4c6f-8c6d-9ac7414c70c3:c1229]
2019-07-14 04:23:38,189 INFO  client.GrpcClientProtocolClient (GrpcClientProtocolClient.java:onNext(255)) - client-8DB4338F17D0->b5da6a4a-1459-46a4-9479-d2035163dbe2: receive RaftClientReply:client-8DB4338F17D0->b5da6a4a-1459-46a4-9479-d2035163dbe2@group-4A9565783204, cid=935, SUCCESS, logIndex=1236, commits[b5da6a4a-1459-46a4-9479-d2035163dbe2:c1236, 69c25b61-d669-4f17-b36d-41bca3df1f31:c1235, d2a7b1fa-fac6-4c6f-8c6d-9ac7414c70c3:c1235]
2019-07-14 04:23:38,190 INFO  client.GrpcClientProtocolClient (GrpcClientProtocolClient.java:onNext(255)) - client-8DB4338F17D0->b5da6a4a-1459-46a4-9479-d2035163dbe2: receive RaftClientReply:client-8DB4338F17D0->b5da6a4a-1459-46a4-9479-d2035163dbe2@group-4A9565783204, cid=936, SUCCESS, logIndex=1237, commits[b5da6a4a-1459-46a4-9479-d2035163dbe2:c1237, 69c25b61-d669-4f17-b36d-41bca3df1f31:c1235, d2a7b1fa-fac6-4c6f-8c6d-9ac7414c70c3:c1235]
2019-07-14 04:23:38,210 INFO  client.GrpcClientProtocolClient (GrpcClientProtocolClient.java:onNext(255)) - client-8DB4338F17D0->b5da6a4a-1459-46a4-9479-d2035163dbe2: receive RaftClientReply:client-8DB4338F17D0->b5da6a4a-1459-46a4-9479-d2035163dbe2@group-4A9565783204, cid=937, SUCCESS, logIndex=1240, commits[b5da6a4a-1459-46a4-9479-d2035163dbe2:c1241, 69c25b61-d669-4f17-b36d-41bca3df1f31:c1237, d2a7b1fa-fac6-4c6f-8c6d-9ac7414c70c3:c1237]
2019-07-14 04:23:38,210 INFO  client.GrpcClientProtocolClient (GrpcClientProtocolClient.java:onNext(255)) - client-8DB4338F17D0->b5da6a4a-1459-46a4-9479-d2035163dbe2: receive RaftClientReply:client-8DB4338F17D0->b5da6a4a-1459-46a4-9479-d2035163dbe2@group-4A9565783204, cid=938, SUCCESS, logIndex=1241, commits[b5da6a4a-1459-46a4-9479-d2035163dbe2:c1241, 69c25b61-d669-4f17-b36d-41bca3df1f31:c1237, d2a7b1fa-fac6-4c6f-8c6d-9ac7414c70c3:c1237]
2019-07-14 04:23:38,223 INFO  client.GrpcClientProtocolClient (GrpcClientProtocolClient.java:onNext(255)) - client-8DB4338F17D0->b5da6a4a-1459-46a4-9479-d2035163dbe2: receive RaftClientReply:client-8DB4338F17D0->b5da6a4a-1459-46a4-9479-d2035163dbe2@group-4A9565783204, cid=939, SUCCESS, logIndex=0, commits[b5da6a4a-1459-46a4-9479-d2035163dbe2:c1242, 69c25b61-d669-4f17-b36d-41bca3df1f31:c1241, d2a7b1fa-fac6-4c6f-8c6d-9ac7414c70c3:c1241]
2019-07-14 04:23:38,244 INFO  client.GrpcClientProtocolClient (GrpcClientProtocolClient.java:onNext(255)) - client-8DB4338F17D0->b5da6a4a-1459-46a4-9479-d2035163dbe2: receive RaftClientReply:client-8DB4338F17D0->b5da6a4a-1459-46a4-9479-d2035163dbe2@group-4A9565783204, cid=940, SUCCESS, logIndex=1244, commits[b5da6a4a-1459-46a4-9479-d2035163dbe2:c1245, 69c25b61-d669-4f17-b36d-41bca3df1f31:c1243, d2a7b1fa-fac6-4c6f-8c6d-9ac7414c70c3:c1243]
2019-07-14 04:23:38,245 INFO  client.GrpcClientProtocolClient (GrpcClientProtocolClient.java:onNext(255)) - client-8DB4338F17D0->b5da6a4a-1459-46a4-9479-d2035163dbe2: receive RaftClientReply:client-8DB4338F17D0->b5da6a4a-1459-46a4-9479-d2035163dbe2@group-4A9565783204, cid=941, SUCCESS, logIndex=1245, commits[b5da6a4a-1459-46a4-9479-d2035163dbe2:c1245, 69c25b61-d669-4f17-b36d-41bca3df1f31:c1243, d2a7b1fa-fac6-4c6f-8c6d-9ac7414c70c3:c1243]
2019-07-14 04:23:38,247 INFO  client.GrpcClientProtocolClient (GrpcClientProtocolClient.java:onNext(255)) - client-8DB4338F17D0->b5da6a4a-1459-46a4-9479-d2035163dbe2: receive RaftClientReply:client-8DB4338F17D0->b5da6a4a-1459-46a4-9479-d2035163dbe2@group-4A9565783204, cid=942, SUCCESS, logIndex=1246, commits[b5da6a4a-1459-46a4-9479-d2035163dbe2:c1247, 69c25b61-d669-4f17-b36d-41bca3df1f31:c1243, d2a7b1fa-fac6-4c6f-8c6d-9ac7414c70c3:c1243]
2019-07-14 04:23:38,247 INFO  client.GrpcClientProtocolClient (GrpcClientProtocolClient.java:onNext(255)) - client-8DB4338F17D0->b5da6a4a-1459-46a4-9479-d2035163dbe2: receive RaftClientReply:client-8DB4338F17D0->b5da6a4a-1459-46a4-9479-d2035163dbe2@group-4A9565783204, cid=943, SUCCESS, logIndex=1247, commits[b5da6a4a-1459-46a4-9479-d2035163dbe2:c1247, 69c25b61-d669-4f17-b36d-41bca3df1f31:c1243, d2a7b1fa-fac6-4c6f-8c6d-9ac7414c70c3:c1243]
2019-07-14 04:23:38,257 INFO  client.GrpcClientProtocolClient (GrpcClientProtocolClient.java:onNext(255)) - client-8DB4338F17D0->b5da6a4a-1459-46a4-9479-d2035163dbe2: receive RaftClientReply:client-8DB4338F17D0->b5da6a4a-1459-46a4-9479-d2035163dbe2@group-4A9565783204, cid=944, SUCCESS, logIndex=0, commits[b5da6a4a-1459-46a4-9479-d2035163dbe2:c1249, 69c25b61-d669-4f17-b36d-41bca3df1f31:c1245, d2a7b1fa-fac6-4c6f-8c6d-9ac7414c70c3:c1245]
2019-07-14 04:23:38,275 INFO  client.GrpcClientProtocolClient (GrpcClientProtocolClient.java:onNext(255)) - client-8DB4338F17D0->b5da6a4a-1459-46a4-9479-d2035163dbe2: receive RaftClientReply:client-8DB4338F17D0->b5da6a4a-1459-46a4-9479-d2035163dbe2@group-4A9565783204, cid=945, SUCCESS, logIndex=1252, commits[b5da6a4a-1459-46a4-9479-d2035163dbe2:c1253, 69c25b61-d669-4f17-b36d-41bca3df1f31:c1251, d2a7b1fa-fac6-4c6f-8c6d-9ac7414c70c3:c1251]
2019-07-14 04:23:38,276 INFO  client.GrpcClientProtocolClient (GrpcClientProtocolClient.java:onNext(255)) - client-8DB4338F17D0->b5da6a4a-1459-46a4-9479-d2035163dbe2: receive RaftClientReply:client-8DB4338F17D0->b5da6a4a-1459-46a4-9479-d2035163dbe2@group-4A9565783204, cid=946, SUCCESS, logIndex=1253, commits[b5da6a4a-1459-46a4-9479-d2035163dbe2:c1253, 69c25b61-d669-4f17-b36d-41bca3df1f31:c1251, d2a7b1fa-fac6-4c6f-8c6d-9ac7414c70c3:c1251]
2019-07-14 04:23:38,295 INFO  client.GrpcClientProtocolClient (GrpcClientProtocolClient.java:onNext(255)) - client-8DB4338F17D0->b5da6a4a-1459-46a4-9479-d2035163dbe2: receive RaftClientReply:client-8DB4338F17D0->b5da6a4a-1459-46a4-9479-d2035163dbe2@group-4A9565783204, cid=947, SUCCESS, logIndex=1256, commits[b5da6a4a-1459-46a4-9479-d2035163dbe2:c1257, 69c25b61-d669-4f17-b36d-41bca3df1f31:c1255, d2a7b1fa-fac6-4c6f-8c6d-9ac7414c70c3:c1255]
2019-07-14 04:23:38,296 INFO  client.GrpcClientProtocolClient (GrpcClientProtocolClient.java:onNext(255)) - client-8DB4338F17D0->b5da6a4a-1459-46a4-9479-d2035163dbe2: receive RaftClientReply:client-8DB4338F17D0->b5da6a4a-1459-46a4-9479-d2035163dbe2@group-4A9565783204, cid=948, SUCCESS, logIndex=1257, commits[b5da6a4a-1459-46a4-9479-d2035163dbe2:c1257, 69c25b61-d669-4f17-b36d-41bca3df1f31:c1255, d2a7b1fa-fac6-4c6f-8c6d-9ac7414c70c3:c1255]
2019-07-14 04:23:38,302 INFO  client.GrpcClientProtocolClient (GrpcClientProtocolClient.java:onNext(255)) - client-8DB4338F17D0->b5da6a4a-1459-46a4-9479-d2035163dbe2: receive RaftClientReply:client-8DB4338F17D0->b5da6a4a-1459-46a4-9479-d2035163dbe2@group-4A9565783204, cid=949, SUCCESS, logIndex=0, commits[b5da6a4a-1459-46a4-9479-d2035163dbe2:c1259, 69c25b61-d669-4f17-b36d-41bca3df1f31:c1257, d2a7b1fa-fac6-4c6f-8c6d-9ac7414c70c3:c1257]
2019-07-14 04:23:38,323 INFO  client.GrpcClientProtocolClient (GrpcClientProtocolClient.java:onNext(255)) - client-8DB4338F17D0->b5da6a4a-1459-46a4-9479-d2035163dbe2: receive RaftClientReply:client-8DB4338F17D0->b5da6a4a-1459-46a4-9479-d2035163dbe2@group-4A9565783204, cid=950, SUCCESS, logIndex=1260, commits[b5da6a4a-1459-46a4-9479-d2035163dbe2:c1261, 69c25b61-d669-4f17-b36d-41bca3df1f31:c1259, d2a7b1fa-fac6-4c6f-8c6d-9ac7414c70c3:c1259]
2019-07-14 04:23:38,325 INFO  client.GrpcClientProtocolClient (GrpcClientProtocolClient.java:onNext(255)) - client-8DB4338F17D0->b5da6a4a-1459-46a4-9479-d2035163dbe2: receive RaftClientReply:client-8DB4338F17D0->b5da6a4a-1459-46a4-9479-d2035163dbe2@group-4A9565783204, cid=951, SUCCESS, logIndex=1261, commits[b5da6a4a-1459-46a4-9479-d2035163dbe2:c1261, 69c25b61-d669-4f17-b36d-41bca3df1f31:c1259, d2a7b1fa-fac6-4c6f-8c6d-9ac7414c70c3:c1259]
2019-07-14 04:23:38,325 INFO  client.GrpcClientProtocolClient (GrpcClientProtocolClient.java:onNext(255)) - client-8DB4338F17D0->b5da6a4a-1459-46a4-9479-d2035163dbe2: receive RaftClientReply:client-8DB4338F17D0->b5da6a4a-1459-46a4-9479-d2035163dbe2@group-4A9565783204, cid=952, SUCCESS, logIndex=1262, commits[b5da6a4a-1459-46a4-9479-d2035163dbe2:c1263, 69c25b61-d669-4f17-b36d-41bca3df1f31:c1259, d2a7b1fa-fac6-4c6f-8c6d-9ac7414c70c3:c1259]
2019-07-14 04:23:38,325 INFO  client.GrpcClientProtocolClient (GrpcClientProtocolClient.java:onNext(255)) - client-8DB4338F17D0->b5da6a4a-1459-46a4-9479-d2035163dbe2: receive RaftClientReply:client-8DB4338F17D0->b5da6a4a-1459-46a4-9479-d2035163dbe2@group-4A9565783204, cid=953, SUCCESS, logIndex=1263, commits[b5da6a4a-1459-46a4-9479-d2035163dbe2:c1263, 69c25b61-d669-4f17-b36d-41bca3df1f31:c1259, d2a7b1fa-fac6-4c6f-8c6d-9ac7414c70c3:c1259]
2019-07-14 04:23:38,340 INFO  client.GrpcClientProtocolClient (GrpcClientProtocolClient.java:onNext(255)) - client-8DB4338F17D0->b5da6a4a-1459-46a4-9479-d2035163dbe2: receive RaftClientReply:client-8DB4338F17D0->b5da6a4a-1459-46a4-9479-d2035163dbe2@group-4A9565783204, cid=954, SUCCESS, logIndex=0, commits[b5da6a4a-1459-46a4-9479-d2035163dbe2:c1265, 69c25b61-d669-4f17-b36d-41bca3df1f31:c1261, d2a7b1fa-fac6-4c6f-8c6d-9ac7414c70c3:c1261]
2019-07-14 04:23:38,360 INFO  client.GrpcClientProtocolClient (GrpcClientProtocolClient.java:onNext(255)) - client-8DB4338F17D0->b5da6a4a-1459-46a4-9479-d2035163dbe2: receive RaftClientReply:client-8DB4338F17D0->b5da6a4a-1459-46a4-9479-d2035163dbe2@group-4A9565783204, cid=955, SUCCESS, logIndex=1268, commits[b5da6a4a-1459-46a4-9479-d2035163dbe2:c1268, 69c25b61-d669-4f17-b36d-41bca3df1f31:c1267, d2a7b1fa-fac6-4c6f-8c6d-9ac7414c70c3:c1267]
2019-07-14 04:23:38,361 INFO  client.GrpcClientProtocolClient (GrpcClientProtocolClient.java:onNext(255)) - client-8DB4338F17D0->b5da6a4a-1459-46a4-9479-d2035163dbe2: receive RaftClientReply:client-8DB4338F17D0->b5da6a4a-1459-46a4-9479-d2035163dbe2@group-4A9565783204, cid=956, SUCCESS, logIndex=1269, commits[b5da6a4a-1459-46a4-9479-d2035163dbe2:c1269, 69c25b61-d669-4f17-b36d-41bca3df1f31:c1267, d2a7b1fa-fac6-4c6f-8c6d-9ac7414c70c3:c1267]
2019-07-14 04:23:38,374 INFO  client.GrpcClientProtocolClient (GrpcClientProtocolClient.java:onNext(255)) - client-8DB4338F17D0->b5da6a4a-1459-46a4-9479-d2035163dbe2: receive RaftClientReply:client-8DB4338F17D0->b5da6a4a-1459-46a4-9479-d2035163dbe2@group-4A9565783204, cid=957, SUCCESS, logIndex=1272, commits[b5da6a4a-1459-46a4-9479-d2035163dbe2:c1273, 69c25b61-d669-4f17-b36d-41bca3df1f31:c1269, d2a7b1fa-fac6-4c6f-8c6d-9ac7414c70c3:c1269]
2019-07-14 04:23:38,375 INFO  client.GrpcClientProtocolClient (GrpcClientProtocolClient.java:onNext(255)) - client-8DB4338F17D0->b5da6a4a-1459-46a4-9479-d2035163dbe2: receive RaftClientReply:client-8DB4338F17D0->b5da6a4a-1459-46a4-9479-d2035163dbe2@group-4A9565783204, cid=958, SUCCESS, logIndex=1273, commits[b5da6a4a-1459-46a4-9479-d2035163dbe2:c1273, 69c25b61-d669-4f17-b36d-41bca3df1f31:c1269, d2a7b1fa-fac6-4c6f-8c6d-9ac7414c70c3:c1269]
2019-07-14 04:23:38,378 INFO  client.GrpcClientProtocolClient (GrpcClientProtocolClient.java:onNext(255)) - client-8DB4338F17D0->b5da6a4a-1459-46a4-9479-d2035163dbe2: receive RaftClientReply:client-8DB4338F17D0->b5da6a4a-1459-46a4-9479-d2035163dbe2@group-4A9565783204, cid=959, SUCCESS, logIndex=0, commits[b5da6a4a-1459-46a4-9479-d2035163dbe2:c1274, 69c25b61-d669-4f17-b36d-41bca3df1f31:c1273, d2a7b1fa-fac6-4c6f-8c6d-9ac7414c70c3:c1273]
2019-07-14 04:23:38,399 INFO  client.GrpcClientProtocolClient (GrpcClientProtocolClient.java:onNext(255)) - client-8DB4338F17D0->b5da6a4a-1459-46a4-9479-d2035163dbe2: receive RaftClientReply:client-8DB4338F17D0->b5da6a4a-1459-46a4-9479-d2035163dbe2@group-4A9565783204, cid=960, SUCCESS, logIndex=1276, commits[b5da6a4a-1459-46a4-9479-d2035163dbe2:c1277, 69c25b61-d669-4f17-b36d-41bca3df1f31:c1275, d2a7b1fa-fac6-4c6f-8c6d-9ac7414c70c3:c1275]
2019-07-14 04:23:38,400 INFO  client.GrpcClientProtocolClient (GrpcClientProtocolClient.java:onNext(255)) - client-8DB4338F17D0->b5da6a4a-1459-46a4-9479-d2035163dbe2: receive RaftClientReply:client-8DB4338F17D0->b5da6a4a-1459-46a4-9479-d2035163dbe2@group-4A9565783204, cid=961, SUCCESS, logIndex=1277, commits[b5da6a4a-1459-46a4-9479-d2035163dbe2:c1277, 69c25b61-d669-4f17-b36d-41bca3df1f31:c1275, d2a7b1fa-fac6-4c6f-8c6d-9ac7414c70c3:c1275]
2019-07-14 04:23:38,402 INFO  client.GrpcClientProtocolClient (GrpcClientProtocolClient.java:onNext(255)) - client-8DB4338F17D0->b5da6a4a-1459-46a4-9479-d2035163dbe2: receive RaftClientReply:client-8DB4338F17D0->b5da6a4a-1459-46a4-9479-d2035163dbe2@group-4A9565783204, cid=962, SUCCESS, logIndex=1278, commits[b5da6a4a-1459-46a4-9479-d2035163dbe2:c1279, 69c25b61-d669-4f17-b36d-41bca3df1f31:c1275, d2a7b1fa-fac6-4c6f-8c6d-9ac7414c70c3:c1275]
2019-07-14 04:23:38,403 INFO  client.GrpcClientProtocolClient (GrpcClientProtocolClient.java:onNext(255)) - client-8DB4338F17D0->b5da6a4a-1459-46a4-9479-d2035163dbe2: receive RaftClientReply:client-8DB4338F17D0->b5da6a4a-1459-46a4-9479-d2035163dbe2@group-4A9565783204, cid=963, SUCCESS, logIndex=1279, commits[b5da6a4a-1459-46a4-9479-d2035163dbe2:c1279, 69c25b61-d669-4f17-b36d-41bca3df1f31:c1275, d2a7b1fa-fac6-4c6f-8c6d-9ac7414c70c3:c1275]
2019-07-14 04:23:38,406 INFO  client.GrpcClientProtocolClient (GrpcClientProtocolClient.java:onNext(255)) - client-8DB4338F17D0->b5da6a4a-1459-46a4-9479-d2035163dbe2: receive RaftClientReply:client-8DB4338F17D0->b5da6a4a-1459-46a4-9479-d2035163dbe2@group-4A9565783204, cid=964, SUCCESS, logIndex=0, commits[b5da6a4a-1459-46a4-9479-d2035163dbe2:c1280, 69c25b61-d669-4f17-b36d-41bca3df1f31:c1277, d2a7b1fa-fac6-4c6f-8c6d-9ac7414c70c3:c1277]
2019-07-14 04:23:38,419 INFO  client.GrpcClientProtocolClient (GrpcClientProtocolClient.java:onNext(255)) - client-8DB4338F17D0->b5da6a4a-1459-46a4-9479-d2035163dbe2: receive RaftClientReply:client-8DB4338F17D0->b5da6a4a-1459-46a4-9479-d2035163dbe2@group-4A9565783204, cid=965, SUCCESS, logIndex=1284, commits[b5da6a4a-1459-46a4-9479-d2035163dbe2:c1285, 69c25b61-d669-4f17-b36d-41bca3df1f31:c1283, d2a7b1fa-fac6-4c6f-8c6d-9ac7414c70c3:c1279]
2019-07-14 04:23:38,419 INFO  client.GrpcClientProtocolClient (GrpcClientProtocolClient.java:onNext(255)) - client-8DB4338F17D0->b5da6a4a-1459-46a4-9479-d2035163dbe2: receive RaftClientReply:client-8DB4338F17D0->b5da6a4a-1459-46a4-9479-d2035163dbe2@group-4A9565783204, cid=966, SUCCESS, logIndex=1285, commits[b5da6a4a-1459-46a4-9479-d2035163dbe2:c1285, 69c25b61-d669-4f17-b36d-41bca3df1f31:c1283, d2a7b1fa-fac6-4c6f-8c6d-9ac7414c70c3:c1283]
2019-07-14 04:23:38,441 INFO  client.GrpcClientProtocolClient (GrpcClientProtocolClient.java:onNext(255)) - client-8DB4338F17D0->b5da6a4a-1459-46a4-9479-d2035163dbe2: receive RaftClientReply:client-8DB4338F17D0->b5da6a4a-1459-46a4-9479-d2035163dbe2@group-4A9565783204, cid=967, SUCCESS, logIndex=1288, commits[b5da6a4a-1459-46a4-9479-d2035163dbe2:c1289, 69c25b61-d669-4f17-b36d-41bca3df1f31:c1287, d2a7b1fa-fac6-4c6f-8c6d-9ac7414c70c3:c1285]
2019-07-14 04:23:38,441 INFO  client.GrpcClientProtocolClient (GrpcClientProtocolClient.java:onNext(255)) - client-8DB4338F17D0->b5da6a4a-1459-46a4-9479-d2035163dbe2: receive RaftClientReply:client-8DB4338F17D0->b5da6a4a-1459-46a4-9479-d2035163dbe2@group-4A9565783204, cid=968, SUCCESS, logIndex=1289, commits[b5da6a4a-1459-46a4-9479-d2035163dbe2:c1289, 69c25b61-d669-4f17-b36d-41bca3df1f31:c1287, d2a7b1fa-fac6-4c6f-8c6d-9ac7414c70c3:c1287]
2019-07-14 04:23:38,444 INFO  client.GrpcClientProtocolClient (GrpcClientProtocolClient.java:onNext(255)) - client-8DB4338F17D0->b5da6a4a-1459-46a4-9479-d2035163dbe2: receive RaftClientReply:client-8DB4338F17D0->b5da6a4a-1459-46a4-9479-d2035163dbe2@group-4A9565783204, cid=969, SUCCESS, logIndex=0, commits[b5da6a4a-1459-46a4-9479-d2035163dbe2:c1291, 69c25b61-d669-4f17-b36d-41bca3df1f31:c1289, d2a7b1fa-fac6-4c6f-8c6d-9ac7414c70c3:c1289]
2019-07-14 04:23:38,456 INFO  client.GrpcClientProtocolClient (GrpcClientProtocolClient.java:onNext(255)) - client-8DB4338F17D0->b5da6a4a-1459-46a4-9479-d2035163dbe2: receive RaftClientReply:client-8DB4338F17D0->b5da6a4a-1459-46a4-9479-d2035163dbe2@group-4A9565783204, cid=970, SUCCESS, logIndex=1292, commits[b5da6a4a-1459-46a4-9479-d2035163dbe2:c1293, 69c25b61-d669-4f17-b36d-41bca3df1f31:c1289, d2a7b1fa-fac6-4c6f-8c6d-9ac7414c70c3:c1291]
2019-07-14 04:23:38,457 INFO  client.GrpcClientProtocolClient (GrpcClientProtocolClient.java:onNext(255)) - client-8DB4338F17D0->b5da6a4a-1459-46a4-9479-d2035163dbe2: receive RaftClientReply:client-8DB4338F17D0->b5da6a4a-1459-46a4-9479-d2035163dbe2@group-4A9565783204, cid=971, SUCCESS, logIndex=1293, commits[b5da6a4a-1459-46a4-9479-d2035163dbe2:c1293, 69c25b61-d669-4f17-b36d-41bca3df1f31:c1289, d2a7b1fa-fac6-4c6f-8c6d-9ac7414c70c3:c1291]
2019-07-14 04:23:38,459 INFO  client.GrpcClientProtocolClient (GrpcClientProtocolClient.java:onNext(255)) - client-8DB4338F17D0->b5da6a4a-1459-46a4-9479-d2035163dbe2: receive RaftClientReply:client-8DB4338F17D0->b5da6a4a-1459-46a4-9479-d2035163dbe2@group-4A9565783204, cid=972, SUCCESS, logIndex=1294, commits[b5da6a4a-1459-46a4-9479-d2035163dbe2:c1295, 69c25b61-d669-4f17-b36d-41bca3df1f31:c1291, d2a7b1fa-fac6-4c6f-8c6d-9ac7414c70c3:c1291]
2019-07-14 04:23:38,459 INFO  client.GrpcClientProtocolClient (GrpcClientProtocolClient.java:onNext(255)) - client-8DB4338F17D0->b5da6a4a-1459-46a4-9479-d2035163dbe2: receive RaftClientReply:client-8DB4338F17D0->b5da6a4a-1459-46a4-9479-d2035163dbe2@group-4A9565783204, cid=973, SUCCESS, logIndex=1295, commits[b5da6a4a-1459-46a4-9479-d2035163dbe2:c1295, 69c25b61-d669-4f17-b36d-41bca3df1f31:c1291, d2a7b1fa-fac6-4c6f-8c6d-9ac7414c70c3:c1291]
2019-07-14 04:23:38,460 INFO  client.GrpcClientProtocolClient (GrpcClientProtocolClient.java:onNext(255)) - client-8DB4338F17D0->b5da6a4a-1459-46a4-9479-d2035163dbe2: receive RaftClientReply:client-8DB4338F17D0->b5da6a4a-1459-46a4-9479-d2035163dbe2@group-4A9565783204, cid=974, SUCCESS, logIndex=0, commits[b5da6a4a-1459-46a4-9479-d2035163dbe2:c1297, 69c25b61-d669-4f17-b36d-41bca3df1f31:c1293, d2a7b1fa-fac6-4c6f-8c6d-9ac7414c70c3:c1293]
2019-07-14 04:23:38,474 INFO  client.GrpcClientProtocolClient (GrpcClientProtocolClient.java:onNext(255)) - client-8DB4338F17D0->b5da6a4a-1459-46a4-9479-d2035163dbe2: receive RaftClientReply:client-8DB4338F17D0->b5da6a4a-1459-46a4-9479-d2035163dbe2@group-4A9565783204, cid=975, SUCCESS, logIndex=1300, commits[b5da6a4a-1459-46a4-9479-d2035163dbe2:c1301, 69c25b61-d669-4f17-b36d-41bca3df1f31:c1297, d2a7b1fa-fac6-4c6f-8c6d-9ac7414c70c3:c1297]
2019-07-14 04:23:38,475 INFO  client.GrpcClientProtocolClient (GrpcClientProtocolClient.java:onNext(255)) - client-8DB4338F17D0->b5da6a4a-1459-46a4-9479-d2035163dbe2: receive RaftClientReply:client-8DB4338F17D0->b5da6a4a-1459-46a4-9479-d2035163dbe2@group-4A9565783204, cid=976, SUCCESS, logIndex=1301, commits[b5da6a4a-1459-46a4-9479-d2035163dbe2:c1301, 69c25b61-d669-4f17-b36d-41bca3df1f31:c1297, d2a7b1fa-fac6-4c6f-8c6d-9ac7414c70c3:c1297]
2019-07-14 04:23:38,489 INFO  client.GrpcClientProtocolClient (GrpcClientProtocolClient.java:onNext(255)) - client-8DB4338F17D0->b5da6a4a-1459-46a4-9479-d2035163dbe2: receive RaftClientReply:client-8DB4338F17D0->b5da6a4a-1459-46a4-9479-d2035163dbe2@group-4A9565783204, cid=977, SUCCESS, logIndex=1304, commits[b5da6a4a-1459-46a4-9479-d2035163dbe2:c1305, 69c25b61-d669-4f17-b36d-41bca3df1f31:c1301, d2a7b1fa-fac6-4c6f-8c6d-9ac7414c70c3:c1301]
2019-07-14 04:23:38,489 INFO  client.GrpcClientProtocolClient (GrpcClientProtocolClient.java:onNext(255)) - client-8DB4338F17D0->b5da6a4a-1459-46a4-9479-d2035163dbe2: receive RaftClientReply:client-8DB4338F17D0->b5da6a4a-1459-46a4-9479-d2035163dbe2@group-4A9565783204, cid=978, SUCCESS, logIndex=1305, commits[b5da6a4a-1459-46a4-9479-d2035163dbe2:c1305, 69c25b61-d669-4f17-b36d-41bca3df1f31:c1301, d2a7b1fa-fac6-4c6f-8c6d-9ac7414c70c3:c1301]
2019-07-14 04:23:38,502 INFO  client.GrpcClientProtocolClient (GrpcClientProtocolClient.java:onNext(255)) - client-8DB4338F17D0->b5da6a4a-1459-46a4-9479-d2035163dbe2: receive RaftClientReply:client-8DB4338F17D0->b5da6a4a-1459-46a4-9479-d2035163dbe2@group-4A9565783204, cid=979, SUCCESS, logIndex=0, commits[b5da6a4a-1459-46a4-9479-d2035163dbe2:c1307, 69c25b61-d669-4f17-b36d-41bca3df1f31:c1305, d2a7b1fa-fac6-4c6f-8c6d-9ac7414c70c3:c1305]
2019-07-14 04:23:38,525 INFO  client.GrpcClientProtocolClient (GrpcClientProtocolClient.java:onNext(255)) - client-8DB4338F17D0->b5da6a4a-1459-46a4-9479-d2035163dbe2: receive RaftClientReply:client-8DB4338F17D0->b5da6a4a-1459-46a4-9479-d2035163dbe2@group-4A9565783204, cid=980, SUCCESS, logIndex=1308, commits[b5da6a4a-1459-46a4-9479-d2035163dbe2:c1309, 69c25b61-d669-4f17-b36d-41bca3df1f31:c1307, d2a7b1fa-fac6-4c6f-8c6d-9ac7414c70c3:c1305]
2019-07-14 04:23:38,526 INFO  client.GrpcClientProtocolClient (GrpcClientProtocolClient.java:onNext(255)) - client-8DB4338F17D0->b5da6a4a-1459-46a4-9479-d2035163dbe2: receive RaftClientReply:client-8DB4338F17D0->b5da6a4a-1459-46a4-9479-d2035163dbe2@group-4A9565783204, cid=981, SUCCESS, logIndex=1309, commits[b5da6a4a-1459-46a4-9479-d2035163dbe2:c1311, 69c25b61-d669-4f17-b36d-41bca3df1f31:c1307, d2a7b1fa-fac6-4c6f-8c6d-9ac7414c70c3:c1307]
2019-07-14 04:23:38,526 INFO  client.GrpcClientProtocolClient (GrpcClientProtocolClient.java:onNext(255)) - client-8DB4338F17D0->b5da6a4a-1459-46a4-9479-d2035163dbe2: receive RaftClientReply:client-8DB4338F17D0->b5da6a4a-1459-46a4-9479-d2035163dbe2@group-4A9565783204, cid=982, SUCCESS, logIndex=1310, commits[b5da6a4a-1459-46a4-9479-d2035163dbe2:c1311, 69c25b61-d669-4f17-b36d-41bca3df1f31:c1307, d2a7b1fa-fac6-4c6f-8c6d-9ac7414c70c3:c1307]
2019-07-14 04:23:38,527 INFO  client.GrpcClientProtocolClient (GrpcClientProtocolClient.java:onNext(255)) - client-8DB4338F17D0->b5da6a4a-1459-46a4-9479-d2035163dbe2: receive RaftClientReply:client-8DB4338F17D0->b5da6a4a-1459-46a4-9479-d2035163dbe2@group-4A9565783204, cid=983, SUCCESS, logIndex=1311, commits[b5da6a4a-1459-46a4-9479-d2035163dbe2:c1311, 69c25b61-d669-4f17-b36d-41bca3df1f31:c1307, d2a7b1fa-fac6-4c6f-8c6d-9ac7414c70c3:c1307]
2019-07-14 04:23:38,528 INFO  client.GrpcClientProtocolClient (GrpcClientProtocolClient.java:onNext(255)) - client-8DB4338F17D0->b5da6a4a-1459-46a4-9479-d2035163dbe2: receive RaftClientReply:client-8DB4338F17D0->b5da6a4a-1459-46a4-9479-d2035163dbe2@group-4A9565783204, cid=984, SUCCESS, logIndex=0, commits[b5da6a4a-1459-46a4-9479-d2035163dbe2:c1312, 69c25b61-d669-4f17-b36d-41bca3df1f31:c1309, d2a7b1fa-fac6-4c6f-8c6d-9ac7414c70c3:c1309]
2019-07-14 04:23:38,547 INFO  client.GrpcClientProtocolClient (GrpcClientProtocolClient.java:onNext(255)) - client-8DB4338F17D0->b5da6a4a-1459-46a4-9479-d2035163dbe2: receive RaftClientReply:client-8DB4338F17D0->b5da6a4a-1459-46a4-9479-d2035163dbe2@group-4A9565783204, cid=985, SUCCESS, logIndex=1315, commits[b5da6a4a-1459-46a4-9479-d2035163dbe2:c1316, 69c25b61-d669-4f17-b36d-41bca3df1f31:c1314, d2a7b1fa-fac6-4c6f-8c6d-9ac7414c70c3:c1314]
2019-07-14 04:23:38,548 INFO  client.GrpcClientProtocolClient (GrpcClientProtocolClient.java:onNext(255)) - client-8DB4338F17D0->b5da6a4a-1459-46a4-9479-d2035163dbe2: receive RaftClientReply:client-8DB4338F17D0->b5da6a4a-1459-46a4-9479-d2035163dbe2@group-4A9565783204, cid=986, SUCCESS, logIndex=1316, commits[b5da6a4a-1459-46a4-9479-d2035163dbe2:c1316, 69c25b61-d669-4f17-b36d-41bca3df1f31:c1314, d2a7b1fa-fac6-4c6f-8c6d-9ac7414c70c3:c1314]
2019-07-14 04:23:38,563 INFO  client.GrpcClientProtocolClient (GrpcClientProtocolClient.java:onNext(255)) - client-8DB4338F17D0->b5da6a4a-1459-46a4-9479-d2035163dbe2: receive RaftClientReply:client-8DB4338F17D0->b5da6a4a-1459-46a4-9479-d2035163dbe2@group-4A9565783204, cid=987, SUCCESS, logIndex=1319, commits[b5da6a4a-1459-46a4-9479-d2035163dbe2:c1320, 69c25b61-d669-4f17-b36d-41bca3df1f31:c1316, d2a7b1fa-fac6-4c6f-8c6d-9ac7414c70c3:c1316]
2019-07-14 04:23:38,563 INFO  client.GrpcClientProtocolClient (GrpcClientProtocolClient.java:onNext(255)) - client-8DB4338F17D0->b5da6a4a-1459-46a4-9479-d2035163dbe2: receive RaftClientReply:client-8DB4338F17D0->b5da6a4a-1459-46a4-9479-d2035163dbe2@group-4A9565783204, cid=988, SUCCESS, logIndex=1320, commits[b5da6a4a-1459-46a4-9479-d2035163dbe2:c1320, 69c25b61-d669-4f17-b36d-41bca3df1f31:c1316, d2a7b1fa-fac6-4c6f-8c6d-9ac7414c70c3:c1316]
2019-07-14 04:23:38,566 INFO  client.GrpcClientProtocolClient (GrpcClientProtocolClient.java:onNext(255)) - client-8DB4338F17D0->b5da6a4a-1459-46a4-9479-d2035163dbe2: receive RaftClientReply:client-8DB4338F17D0->b5da6a4a-1459-46a4-9479-d2035163dbe2@group-4A9565783204, cid=989, SUCCESS, logIndex=0, commits[b5da6a4a-1459-46a4-9479-d2035163dbe2:c1321, 69c25b61-d669-4f17-b36d-41bca3df1f31:c1320, d2a7b1fa-fac6-4c6f-8c6d-9ac7414c70c3:c1320]
2019-07-14 04:23:38,583 INFO  client.GrpcClientProtocolClient (GrpcClientProtocolClient.java:onNext(255)) - client-8DB4338F17D0->b5da6a4a-1459-46a4-9479-d2035163dbe2: receive RaftClientReply:client-8DB4338F17D0->b5da6a4a-1459-46a4-9479-d2035163dbe2@group-4A9565783204, cid=990, SUCCESS, logIndex=1323, commits[b5da6a4a-1459-46a4-9479-d2035163dbe2:c1324, 69c25b61-d669-4f17-b36d-41bca3df1f31:c1322, d2a7b1fa-fac6-4c6f-8c6d-9ac7414c70c3:c1322]
2019-07-14 04:23:38,584 INFO  client.GrpcClientProtocolClient (GrpcClientProtocolClient.java:onNext(255)) - client-8DB4338F17D0->b5da6a4a-1459-46a4-9479-d2035163dbe2: receive RaftClientReply:client-8DB4338F17D0->b5da6a4a-1459-46a4-9479-d2035163dbe2@group-4A9565783204, cid=991, SUCCESS, logIndex=1324, commits[b5da6a4a-1459-46a4-9479-d2035163dbe2:c1325, 69c25b61-d669-4f17-b36d-41bca3df1f31:c1322, d2a7b1fa-fac6-4c6f-8c6d-9ac7414c70c3:c1322]
2019-07-14 04:23:38,584 INFO  client.GrpcClientProtocolClient (GrpcClientProtocolClient.java:onNext(255)) - client-8DB4338F17D0->b5da6a4a-1459-46a4-9479-d2035163dbe2: receive RaftClientReply:client-8DB4338F17D0->b5da6a4a-1459-46a4-9479-d2035163dbe2@group-4A9565783204, cid=992, SUCCESS, logIndex=1325, commits[b5da6a4a-1459-46a4-9479-d2035163dbe2:c1326, 69c25b61-d669-4f17-b36d-41bca3df1f31:c1322, d2a7b1fa-fac6-4c6f-8c6d-9ac7414c70c3:c1322]
2019-07-14 04:23:38,584 INFO  client.GrpcClientProtocolClient (GrpcClientProtocolClient.java:onNext(255)) - client-8DB4338F17D0->b5da6a4a-1459-46a4-9479-d2035163dbe2: receive RaftClientReply:client-8DB4338F17D0->b5da6a4a-1459-46a4-9479-d2035163dbe2@group-4A9565783204, cid=993, SUCCESS, logIndex=1326, commits[b5da6a4a-1459-46a4-9479-d2035163dbe2:c1326, 69c25b61-d669-4f17-b36d-41bca3df1f31:c1322, d2a7b1fa-fac6-4c6f-8c6d-9ac7414c70c3:c1322]
2019-07-14 04:23:38,598 INFO  client.GrpcClientProtocolClient (GrpcClientProtocolClient.java:onNext(255)) - client-8DB4338F17D0->b5da6a4a-1459-46a4-9479-d2035163dbe2: receive RaftClientReply:client-8DB4338F17D0->b5da6a4a-1459-46a4-9479-d2035163dbe2@group-4A9565783204, cid=994, SUCCESS, logIndex=0, commits[b5da6a4a-1459-46a4-9479-d2035163dbe2:c1328, 69c25b61-d669-4f17-b36d-41bca3df1f31:c1324, d2a7b1fa-fac6-4c6f-8c6d-9ac7414c70c3:c1324]
2019-07-14 04:23:38,740 INFO  client.GrpcClientProtocolClient (GrpcClientProtocolClient.java:onNext(255)) - client-8DB4338F17D0->b5da6a4a-1459-46a4-9479-d2035163dbe2: receive RaftClientReply:client-8DB4338F17D0->b5da6a4a-1459-46a4-9479-d2035163dbe2@group-4A9565783204, cid=995, SUCCESS, logIndex=1331, commits[b5da6a4a-1459-46a4-9479-d2035163dbe2:c1332, 69c25b61-d669-4f17-b36d-41bca3df1f31:c1330, d2a7b1fa-fac6-4c6f-8c6d-9ac7414c70c3:c1330]
2019-07-14 04:23:38,741 INFO  client.GrpcClientProtocolClient (GrpcClientProtocolClient.java:onNext(255)) - client-8DB4338F17D0->b5da6a4a-1459-46a4-9479-d2035163dbe2: receive RaftClientReply:client-8DB4338F17D0->b5da6a4a-1459-46a4-9479-d2035163dbe2@group-4A9565783204, cid=996, SUCCESS, logIndex=1332, commits[b5da6a4a-1459-46a4-9479-d2035163dbe2:c1332, 69c25b61-d669-4f17-b36d-41bca3df1f31:c1330, d2a7b1fa-fac6-4c6f-8c6d-9ac7414c70c3:c1330]
2019-07-14 04:23:38,765 INFO  client.GrpcClientProtocolClient (GrpcClientProtocolClient.java:onNext(255)) - client-8DB4338F17D0->b5da6a4a-1459-46a4-9479-d2035163dbe2: receive RaftClientReply:client-8DB4338F17D0->b5da6a4a-1459-46a4-9479-d2035163dbe2@group-4A9565783204, cid=997, SUCCESS, logIndex=1335, commits[b5da6a4a-1459-46a4-9479-d2035163dbe2:c1336, 69c25b61-d669-4f17-b36d-41bca3df1f31:c1334, d2a7b1fa-fac6-4c6f-8c6d-9ac7414c70c3:c1334]
2019-07-14 04:23:38,765 INFO  client.GrpcClientProtocolClient (GrpcClientProtocolClient.java:onNext(255)) - client-8DB4338F17D0->b5da6a4a-1459-46a4-9479-d2035163dbe2: receive RaftClientReply:client-8DB4338F17D0->b5da6a4a-1459-46a4-9479-d2035163dbe2@group-4A9565783204, cid=998, SUCCESS, logIndex=1336, commits[b5da6a4a-1459-46a4-9479-d2035163dbe2:c1336, 69c25b61-d669-4f17-b36d-41bca3df1f31:c1334, d2a7b1fa-fac6-4c6f-8c6d-9ac7414c70c3:c1334]
2019-07-14 04:23:38,775 INFO  client.GrpcClientProtocolClient (GrpcClientProtocolClient.java:onNext(255)) - client-8DB4338F17D0->b5da6a4a-1459-46a4-9479-d2035163dbe2: receive RaftClientReply:client-8DB4338F17D0->b5da6a4a-1459-46a4-9479-d2035163dbe2@group-4A9565783204, cid=999, SUCCESS, logIndex=0, commits[b5da6a4a-1459-46a4-9479-d2035163dbe2:c1336, 69c25b61-d669-4f17-b36d-41bca3df1f31:c1336, d2a7b1fa-fac6-4c6f-8c6d-9ac7414c70c3:c1336]
2019-07-14 04:23:38,797 INFO  client.GrpcClientProtocolClient (GrpcClientProtocolClient.java:onNext(255)) - client-8DB4338F17D0->b5da6a4a-1459-46a4-9479-d2035163dbe2: receive RaftClientReply:client-8DB4338F17D0->b5da6a4a-1459-46a4-9479-d2035163dbe2@group-4A9565783204, cid=1000, SUCCESS, logIndex=1339, commits[b5da6a4a-1459-46a4-9479-d2035163dbe2:c1340, 69c25b61-d669-4f17-b36d-41bca3df1f31:c1338, d2a7b1fa-fac6-4c6f-8c6d-9ac7414c70c3:c1338]
2019-07-14 04:23:38,798 INFO  client.GrpcClientProtocolClient (GrpcClientProtocolClient.java:onNext(255)) - client-8DB4338F17D0->b5da6a4a-1459-46a4-9479-d2035163dbe2: receive RaftClientReply:client-8DB4338F17D0->b5da6a4a-1459-46a4-9479-d2035163dbe2@group-4A9565783204, cid=1001, SUCCESS, logIndex=1340, commits[b5da6a4a-1459-46a4-9479-d2035163dbe2:c1342, 69c25b61-d669-4f17-b36d-41bca3df1f31:c1338, d2a7b1fa-fac6-4c6f-8c6d-9ac7414c70c3:c1338]
2019-07-14 04:23:38,799 INFO  client.GrpcClientProtocolClient (GrpcClientProtocolClient.java:onNext(255)) - client-8DB4338F17D0->b5da6a4a-1459-46a4-9479-d2035163dbe2: receive RaftClientReply:client-8DB4338F17D0->b5da6a4a-1459-46a4-9479-d2035163dbe2@group-4A9565783204, cid=1002, SUCCESS, logIndex=1341, commits[b5da6a4a-1459-46a4-9479-d2035163dbe2:c1342, 69c25b61-d669-4f17-b36d-41bca3df1f31:c1338, d2a7b1fa-fac6-4c6f-8c6d-9ac7414c70c3:c1338]
2019-07-14 04:23:38,799 INFO  client.GrpcClientProtocolClient (GrpcClientProtocolClient.java:onNext(255)) - client-8DB4338F17D0->b5da6a4a-1459-46a4-9479-d2035163dbe2: receive RaftClientReply:client-8DB4338F17D0->b5da6a4a-1459-46a4-9479-d2035163dbe2@group-4A9565783204, cid=1003, SUCCESS, logIndex=1342, commits[b5da6a4a-1459-46a4-9479-d2035163dbe2:c1342, 69c25b61-d669-4f17-b36d-41bca3df1f31:c1338, d2a7b1fa-fac6-4c6f-8c6d-9ac7414c70c3:c1338]
2019-07-14 04:23:38,810 INFO  client.GrpcClientProtocolClient (GrpcClientProtocolClient.java:onNext(255)) - client-8DB4338F17D0->b5da6a4a-1459-46a4-9479-d2035163dbe2: receive RaftClientReply:client-8DB4338F17D0->b5da6a4a-1459-46a4-9479-d2035163dbe2@group-4A9565783204, cid=1004, SUCCESS, logIndex=0, commits[b5da6a4a-1459-46a4-9479-d2035163dbe2:c1345, 69c25b61-d669-4f17-b36d-41bca3df1f31:c1340, d2a7b1fa-fac6-4c6f-8c6d-9ac7414c70c3:c1341]
2019-07-14 04:23:38,831 INFO  client.GrpcClientProtocolClient (GrpcClientProtocolClient.java:onNext(255)) - client-8DB4338F17D0->b5da6a4a-1459-46a4-9479-d2035163dbe2: receive RaftClientReply:client-8DB4338F17D0->b5da6a4a-1459-46a4-9479-d2035163dbe2@group-4A9565783204, cid=1005, SUCCESS, logIndex=1347, commits[b5da6a4a-1459-46a4-9479-d2035163dbe2:c1348, 69c25b61-d669-4f17-b36d-41bca3df1f31:c1346, d2a7b1fa-fac6-4c6f-8c6d-9ac7414c70c3:c1346]
2019-07-14 04:23:38,831 INFO  client.GrpcClientProtocolClient (GrpcClientProtocolClient.java:onNext(255)) - client-8DB4338F17D0->b5da6a4a-1459-46a4-9479-d2035163dbe2: receive RaftClientReply:client-8DB4338F17D0->b5da6a4a-1459-46a4-9479-d2035163dbe2@group-4A9565783204, cid=1006, SUCCESS, logIndex=1348, commits[b5da6a4a-1459-46a4-9479-d2035163dbe2:c1348, 69c25b61-d669-4f17-b36d-41bca3df1f31:c1346, d2a7b1fa-fac6-4c6f-8c6d-9ac7414c70c3:c1346]
2019-07-14 04:23:38,854 INFO  client.GrpcClientProtocolClient (GrpcClientProtocolClient.java:onNext(255)) - client-8DB4338F17D0->b5da6a4a-1459-46a4-9479-d2035163dbe2: receive RaftClientReply:client-8DB4338F17D0->b5da6a4a-1459-46a4-9479-d2035163dbe2@group-4A9565783204, cid=1007, SUCCESS, logIndex=1351, commits[b5da6a4a-1459-46a4-9479-d2035163dbe2:c1352, 69c25b61-d669-4f17-b36d-41bca3df1f31:c1348, d2a7b1fa-fac6-4c6f-8c6d-9ac7414c70c3:c1348]
2019-07-14 04:23:38,854 INFO  client.GrpcClientProtocolClient (GrpcClientProtocolClient.java:onNext(255)) - client-8DB4338F17D0->b5da6a4a-1459-46a4-9479-d2035163dbe2: receive RaftClientReply:client-8DB4338F17D0->b5da6a4a-1459-46a4-9479-d2035163dbe2@group-4A9565783204, cid=1008, SUCCESS, logIndex=1352, commits[b5da6a4a-1459-46a4-9479-d2035163dbe2:c1352, 69c25b61-d669-4f17-b36d-41bca3df1f31:c1348, d2a7b1fa-fac6-4c6f-8c6d-9ac7414c70c3:c1348]
2019-07-14 04:23:38,859 INFO  client.GrpcClientProtocolClient (GrpcClientProtocolClient.java:onNext(255)) - client-8DB4338F17D0->b5da6a4a-1459-46a4-9479-d2035163dbe2: receive RaftClientReply:client-8DB4338F17D0->b5da6a4a-1459-46a4-9479-d2035163dbe2@group-4A9565783204, cid=1009, SUCCESS, logIndex=0, commits[b5da6a4a-1459-46a4-9479-d2035163dbe2:c1353, 69c25b61-d669-4f17-b36d-41bca3df1f31:c1352, d2a7b1fa-fac6-4c6f-8c6d-9ac7414c70c3:c1352]
2019-07-14 04:23:38,878 INFO  client.GrpcClientProtocolClient (GrpcClientProtocolClient.java:onNext(255)) - client-8DB4338F17D0->b5da6a4a-1459-46a4-9479-d2035163dbe2: receive RaftClientReply:client-8DB4338F17D0->b5da6a4a-1459-46a4-9479-d2035163dbe2@group-4A9565783204, cid=1010, SUCCESS, logIndex=1355, commits[b5da6a4a-1459-46a4-9479-d2035163dbe2:c1356, 69c25b61-d669-4f17-b36d-41bca3df1f31:c1354, d2a7b1fa-fac6-4c6f-8c6d-9ac7414c70c3:c1354]
2019-07-14 04:23:38,879 INFO  client.GrpcClientProtocolClient (GrpcClientProtocolClient.java:onNext(255)) - client-8DB4338F17D0->b5da6a4a-1459-46a4-9479-d2035163dbe2: receive RaftClientReply:client-8DB4338F17D0->b5da6a4a-1459-46a4-9479-d2035163dbe2@group-4A9565783204, cid=1011, SUCCESS, logIndex=1356, commits[b5da6a4a-1459-46a4-9479-d2035163dbe2:c1356, 69c25b61-d669-4f17-b36d-41bca3df1f31:c1354, d2a7b1fa-fac6-4c6f-8c6d-9ac7414c70c3:c1354]
2019-07-14 04:23:38,881 INFO  client.GrpcClientProtocolClient (GrpcClientProtocolClient.java:onNext(255)) - client-8DB4338F17D0->b5da6a4a-1459-46a4-9479-d2035163dbe2: receive RaftClientReply:client-8DB4338F17D0->b5da6a4a-1459-46a4-9479-d2035163dbe2@group-4A9565783204, cid=1012, SUCCESS, logIndex=1357, commits[b5da6a4a-1459-46a4-9479-d2035163dbe2:c1357, 69c25b61-d669-4f17-b36d-41bca3df1f31:c1354, d2a7b1fa-fac6-4c6f-8c6d-9ac7414c70c3:c1354]
2019-07-14 04:23:38,881 INFO  client.GrpcClientProtocolClient (GrpcClientProtocolClient.java:onNext(255)) - client-8DB4338F17D0->b5da6a4a-1459-46a4-9479-d2035163dbe2: receive RaftClientReply:client-8DB4338F17D0->b5da6a4a-1459-46a4-9479-d2035163dbe2@group-4A9565783204, cid=1013, SUCCESS, logIndex=1358, commits[b5da6a4a-1459-46a4-9479-d2035163dbe2:c1358, 69c25b61-d669-4f17-b36d-41bca3df1f31:c1354, d2a7b1fa-fac6-4c6f-8c6d-9ac7414c70c3:c1354]
2019-07-14 04:23:38,883 INFO  client.GrpcClientProtocolClient (GrpcClientProtocolClient.java:onNext(255)) - client-8DB4338F17D0->b5da6a4a-1459-46a4-9479-d2035163dbe2: receive RaftClientReply:client-8DB4338F17D0->b5da6a4a-1459-46a4-9479-d2035163dbe2@group-4A9565783204, cid=1014, SUCCESS, logIndex=0, commits[b5da6a4a-1459-46a4-9479-d2035163dbe2:c1360, 69c25b61-d669-4f17-b36d-41bca3df1f31:c1356, d2a7b1fa-fac6-4c6f-8c6d-9ac7414c70c3:c1356]
2019-07-14 04:23:38,895 INFO  client.GrpcClientProtocolClient (GrpcClientProtocolClient.java:onNext(255)) - client-8DB4338F17D0->b5da6a4a-1459-46a4-9479-d2035163dbe2: receive RaftClientReply:client-8DB4338F17D0->b5da6a4a-1459-46a4-9479-d2035163dbe2@group-4A9565783204, cid=1015, SUCCESS, logIndex=1363, commits[b5da6a4a-1459-46a4-9479-d2035163dbe2:c1364, 69c25b61-d669-4f17-b36d-41bca3df1f31:c1362, d2a7b1fa-fac6-4c6f-8c6d-9ac7414c70c3:c1362]
2019-07-14 04:23:38,896 INFO  client.GrpcClientProtocolClient (GrpcClientProtocolClient.java:onNext(255)) - client-8DB4338F17D0->b5da6a4a-1459-46a4-9479-d2035163dbe2: receive RaftClientReply:client-8DB4338F17D0->b5da6a4a-1459-46a4-9479-d2035163dbe2@group-4A9565783204, cid=1016, SUCCESS, logIndex=1364, commits[b5da6a4a-1459-46a4-9479-d2035163dbe2:c1364, 69c25b61-d669-4f17-b36d-41bca3df1f31:c1362, d2a7b1fa-fac6-4c6f-8c6d-9ac7414c70c3:c1362]
2019-07-14 04:23:38,916 INFO  client.GrpcClientProtocolClient (GrpcClientProtocolClient.java:onNext(255)) - client-8DB4338F17D0->b5da6a4a-1459-46a4-9479-d2035163dbe2: receive RaftClientReply:client-8DB4338F17D0->b5da6a4a-1459-46a4-9479-d2035163dbe2@group-4A9565783204, cid=1017, SUCCESS, logIndex=1367, commits[b5da6a4a-1459-46a4-9479-d2035163dbe2:c1368, 69c25b61-d669-4f17-b36d-41bca3df1f31:c1364, d2a7b1fa-fac6-4c6f-8c6d-9ac7414c70c3:c1366]
2019-07-14 04:23:38,916 INFO  client.GrpcClientProtocolClient (GrpcClientProtocolClient.java:onNext(255)) - client-8DB4338F17D0->b5da6a4a-1459-46a4-9479-d2035163dbe2: receive RaftClientReply:client-8DB4338F17D0->b5da6a4a-1459-46a4-9479-d2035163dbe2@group-4A9565783204, cid=1018, SUCCESS, logIndex=1368, commits[b5da6a4a-1459-46a4-9479-d2035163dbe2:c1368, 69c25b61-d669-4f17-b36d-41bca3df1f31:c1366, d2a7b1fa-fac6-4c6f-8c6d-9ac7414c70c3:c1366]
2019-07-14 04:23:38,918 INFO  client.GrpcClientProtocolClient (GrpcClientProtocolClient.java:onNext(255)) - client-8DB4338F17D0->b5da6a4a-1459-46a4-9479-d2035163dbe2: receive RaftClientReply:client-8DB4338F17D0->b5da6a4a-1459-46a4-9479-d2035163dbe2@group-4A9565783204, cid=1019, SUCCESS, logIndex=0, commits[b5da6a4a-1459-46a4-9479-d2035163dbe2:c1369, 69c25b61-d669-4f17-b36d-41bca3df1f31:c1368, d2a7b1fa-fac6-4c6f-8c6d-9ac7414c70c3:c1368]
2019-07-14 04:23:38,930 INFO  client.GrpcClientProtocolClient (GrpcClientProtocolClient.java:onNext(255)) - client-8DB4338F17D0->b5da6a4a-1459-46a4-9479-d2035163dbe2: receive RaftClientReply:client-8DB4338F17D0->b5da6a4a-1459-46a4-9479-d2035163dbe2@group-4A9565783204, cid=1020, SUCCESS, logIndex=1371, commits[b5da6a4a-1459-46a4-9479-d2035163dbe2:c1372, 69c25b61-d669-4f17-b36d-41bca3df1f31:c1368, d2a7b1fa-fac6-4c6f-8c6d-9ac7414c70c3:c1370]
2019-07-14 04:23:38,931 INFO  client.GrpcClientProtocolClient (GrpcClientProtocolClient.java:onNext(255)) - client-8DB4338F17D0->b5da6a4a-1459-46a4-9479-d2035163dbe2: receive RaftClientReply:client-8DB4338F17D0->b5da6a4a-1459-46a4-9479-d2035163dbe2@group-4A9565783204, cid=1021, SUCCESS, logIndex=1372, commits[b5da6a4a-1459-46a4-9479-d2035163dbe2:c1372, 69c25b61-d669-4f17-b36d-41bca3df1f31:c1368, d2a7b1fa-fac6-4c6f-8c6d-9ac7414c70c3:c1370]
2019-07-14 04:23:38,933 INFO  client.GrpcClientProtocolClient (GrpcClientProtocolClient.java:onNext(255)) - client-8DB4338F17D0->b5da6a4a-1459-46a4-9479-d2035163dbe2: receive RaftClientReply:client-8DB4338F17D0->b5da6a4a-1459-46a4-9479-d2035163dbe2@group-4A9565783204, cid=1022, SUCCESS, logIndex=1373, commits[b5da6a4a-1459-46a4-9479-d2035163dbe2:c1374, 69c25b61-d669-4f17-b36d-41bca3df1f31:c1371, d2a7b1fa-fac6-4c6f-8c6d-9ac7414c70c3:c1370]
2019-07-14 04:23:38,933 INFO  client.GrpcClientProtocolClient (GrpcClientProtocolClient.java:onNext(255)) - client-8DB4338F17D0->b5da6a4a-1459-46a4-9479-d2035163dbe2: receive RaftClientReply:client-8DB4338F17D0->b5da6a4a-1459-46a4-9479-d2035163dbe2@group-4A9565783204, cid=1023, SUCCESS, logIndex=1374, commits[b5da6a4a-1459-46a4-9479-d2035163dbe2:c1376, 69c25b61-d669-4f17-b36d-41bca3df1f31:c1372, d2a7b1fa-fac6-4c6f-8c6d-9ac7414c70c3:c1370]
2019-07-14 04:23:38,935 INFO  client.GrpcClientProtocolClient (GrpcClientProtocolClient.java:onNext(255)) - client-8DB4338F17D0->b5da6a4a-1459-46a4-9479-d2035163dbe2: receive RaftClientReply:client-8DB4338F17D0->b5da6a4a-1459-46a4-9479-d2035163dbe2@group-4A9565783204, cid=1024, SUCCESS, logIndex=0, commits[b5da6a4a-1459-46a4-9479-d2035163dbe2:c1376, 69c25b61-d669-4f17-b36d-41bca3df1f31:c1372, d2a7b1fa-fac6-4c6f-8c6d-9ac7414c70c3:c1372]
2019-07-14 04:23:38,955 INFO  client.GrpcClientProtocolClient (GrpcClientProtocolClient.java:onNext(255)) - client-8DB4338F17D0->b5da6a4a-1459-46a4-9479-d2035163dbe2: receive RaftClientReply:client-8DB4338F17D0->b5da6a4a-1459-46a4-9479-d2035163dbe2@group-4A9565783204, cid=1025, SUCCESS, logIndex=1379, commits[b5da6a4a-1459-46a4-9479-d2035163dbe2:c1380, 69c25b61-d669-4f17-b36d-41bca3df1f31:c1378, d2a7b1fa-fac6-4c6f-8c6d-9ac7414c70c3:c1378]
2019-07-14 04:23:38,956 INFO  client.GrpcClientProtocolClient (GrpcClientProtocolClient.java:onNext(255)) - client-8DB4338F17D0->b5da6a4a-1459-46a4-9479-d2035163dbe2: receive RaftClientReply:client-8DB4338F17D0->b5da6a4a-1459-46a4-9479-d2035163dbe2@group-4A9565783204, cid=1026, SUCCESS, logIndex=1380, commits[b5da6a4a-1459-46a4-9479-d2035163dbe2:c1380, 69c25b61-d669-4f17-b36d-41bca3df1f31:c1378, d2a7b1fa-fac6-4c6f-8c6d-9ac7414c70c3:c1378]
2019-07-14 04:23:38,970 INFO  client.GrpcClientProtocolClient (GrpcClientProtocolClient.java:onNext(255)) - client-8DB4338F17D0->b5da6a4a-1459-46a4-9479-d2035163dbe2: receive RaftClientReply:client-8DB4338F17D0->b5da6a4a-1459-46a4-9479-d2035163dbe2@group-4A9565783204, cid=1027, SUCCESS, logIndex=1383, commits[b5da6a4a-1459-46a4-9479-d2035163dbe2:c1384, 69c25b61-d669-4f17-b36d-41bca3df1f31:c1381, d2a7b1fa-fac6-4c6f-8c6d-9ac7414c70c3:c1381]
2019-07-14 04:23:38,971 INFO  client.GrpcClientProtocolClient (GrpcClientProtocolClient.java:onNext(255)) - client-8DB4338F17D0->b5da6a4a-1459-46a4-9479-d2035163dbe2: receive RaftClientReply:client-8DB4338F17D0->b5da6a4a-1459-46a4-9479-d2035163dbe2@group-4A9565783204, cid=1028, SUCCESS, logIndex=1384, commits[b5da6a4a-1459-46a4-9479-d2035163dbe2:c1384, 69c25b61-d669-4f17-b36d-41bca3df1f31:c1381, d2a7b1fa-fac6-4c6f-8c6d-9ac7414c70c3:c1381]
2019-07-14 04:23:38,984 INFO  client.GrpcClientProtocolClient (GrpcClientProtocolClient.java:onNext(255)) - client-8DB4338F17D0->b5da6a4a-1459-46a4-9479-d2035163dbe2: receive RaftClientReply:client-8DB4338F17D0->b5da6a4a-1459-46a4-9479-d2035163dbe2@group-4A9565783204, cid=1029, SUCCESS, logIndex=0, commits[b5da6a4a-1459-46a4-9479-d2035163dbe2:c1386, 69c25b61-d669-4f17-b36d-41bca3df1f31:c1384, d2a7b1fa-fac6-4c6f-8c6d-9ac7414c70c3:c1384]
2019-07-14 04:23:39,007 INFO  client.GrpcClientProtocolClient (GrpcClientProtocolClient.java:onNext(255)) - client-8DB4338F17D0->b5da6a4a-1459-46a4-9479-d2035163dbe2: receive RaftClientReply:client-8DB4338F17D0->b5da6a4a-1459-46a4-9479-d2035163dbe2@group-4A9565783204, cid=1030, SUCCESS, logIndex=1387, commits[b5da6a4a-1459-46a4-9479-d2035163dbe2:c1389, 69c25b61-d669-4f17-b36d-41bca3df1f31:c1386, d2a7b1fa-fac6-4c6f-8c6d-9ac7414c70c3:c1386]
2019-07-14 04:23:39,008 INFO  client.GrpcClientProtocolClient (GrpcClientProtocolClient.java:onNext(255)) - client-8DB4338F17D0->b5da6a4a-1459-46a4-9479-d2035163dbe2: receive RaftClientReply:client-8DB4338F17D0->b5da6a4a-1459-46a4-9479-d2035163dbe2@group-4A9565783204, cid=1031, SUCCESS, logIndex=1388, commits[b5da6a4a-1459-46a4-9479-d2035163dbe2:c1390, 69c25b61-d669-4f17-b36d-41bca3df1f31:c1386, d2a7b1fa-fac6-4c6f-8c6d-9ac7414c70c3:c1386]
2019-07-14 04:23:39,008 INFO  client.GrpcClientProtocolClient (GrpcClientProtocolClient.java:onNext(255)) - client-8DB4338F17D0->b5da6a4a-1459-46a4-9479-d2035163dbe2: receive RaftClientReply:client-8DB4338F17D0->b5da6a4a-1459-46a4-9479-d2035163dbe2@group-4A9565783204, cid=1032, SUCCESS, logIndex=1389, commits[b5da6a4a-1459-46a4-9479-d2035163dbe2:c1390, 69c25b61-d669-4f17-b36d-41bca3df1f31:c1386, d2a7b1fa-fac6-4c6f-8c6d-9ac7414c70c3:c1386]
2019-07-14 04:23:39,008 INFO  client.GrpcClientProtocolClient (GrpcClientProtocolClient.java:onNext(255)) - client-8DB4338F17D0->b5da6a4a-1459-46a4-9479-d2035163dbe2: receive RaftClientReply:client-8DB4338F17D0->b5da6a4a-1459-46a4-9479-d2035163dbe2@group-4A9565783204, cid=1033, SUCCESS, logIndex=1390, commits[b5da6a4a-1459-46a4-9479-d2035163dbe2:c1390, 69c25b61-d669-4f17-b36d-41bca3df1f31:c1386, d2a7b1fa-fac6-4c6f-8c6d-9ac7414c70c3:c1386]
2019-07-14 04:23:39,020 INFO  client.GrpcClientProtocolClient (GrpcClientProtocolClient.java:onNext(255)) - client-8DB4338F17D0->b5da6a4a-1459-46a4-9479-d2035163dbe2: receive RaftClientReply:client-8DB4338F17D0->b5da6a4a-1459-46a4-9479-d2035163dbe2@group-4A9565783204, cid=1034, SUCCESS, logIndex=0, commits[b5da6a4a-1459-46a4-9479-d2035163dbe2:c1394, 69c25b61-d669-4f17-b36d-41bca3df1f31:c1390, d2a7b1fa-fac6-4c6f-8c6d-9ac7414c70c3:c1388]
2019-07-14 04:23:39,042 INFO  client.GrpcClientProtocolClient (GrpcClientProtocolClient.java:onNext(255)) - client-8DB4338F17D0->b5da6a4a-1459-46a4-9479-d2035163dbe2: receive RaftClientReply:client-8DB4338F17D0->b5da6a4a-1459-46a4-9479-d2035163dbe2@group-4A9565783204, cid=1035, SUCCESS, logIndex=1395, commits[b5da6a4a-1459-46a4-9479-d2035163dbe2:c1396, 69c25b61-d669-4f17-b36d-41bca3df1f31:c1394, d2a7b1fa-fac6-4c6f-8c6d-9ac7414c70c3:c1390]
2019-07-14 04:23:39,043 INFO  client.GrpcClientProtocolClient (GrpcClientProtocolClient.java:onNext(255)) - client-8DB4338F17D0->b5da6a4a-1459-46a4-9479-d2035163dbe2: receive RaftClientReply:client-8DB4338F17D0->b5da6a4a-1459-46a4-9479-d2035163dbe2@group-4A9565783204, cid=1036, SUCCESS, logIndex=1396, commits[b5da6a4a-1459-46a4-9479-d2035163dbe2:c1396, 69c25b61-d669-4f17-b36d-41bca3df1f31:c1394, d2a7b1fa-fac6-4c6f-8c6d-9ac7414c70c3:c1394]
2019-07-14 04:23:39,062 INFO  client.GrpcClientProtocolClient (GrpcClientProtocolClient.java:onNext(255)) - client-8DB4338F17D0->b5da6a4a-1459-46a4-9479-d2035163dbe2: receive RaftClientReply:client-8DB4338F17D0->b5da6a4a-1459-46a4-9479-d2035163dbe2@group-4A9565783204, cid=1037, SUCCESS, logIndex=1399, commits[b5da6a4a-1459-46a4-9479-d2035163dbe2:c1399, 69c25b61-d669-4f17-b36d-41bca3df1f31:c1398, d2a7b1fa-fac6-4c6f-8c6d-9ac7414c70c3:c1398]
2019-07-14 04:23:39,063 INFO  client.GrpcClientProtocolClient (GrpcClientProtocolClient.java:onNext(255)) - client-8DB4338F17D0->b5da6a4a-1459-46a4-9479-d2035163dbe2: receive RaftClientReply:client-8DB4338F17D0->b5da6a4a-1459-46a4-9479-d2035163dbe2@group-4A9565783204, cid=1038, SUCCESS, logIndex=1400, commits[b5da6a4a-1459-46a4-9479-d2035163dbe2:c1400, 69c25b61-d669-4f17-b36d-41bca3df1f31:c1398, d2a7b1fa-fac6-4c6f-8c6d-9ac7414c70c3:c1398]
2019-07-14 04:23:39,068 INFO  client.GrpcClientProtocolClient (GrpcClientProtocolClient.java:onNext(255)) - client-8DB4338F17D0->b5da6a4a-1459-46a4-9479-d2035163dbe2: receive RaftClientReply:client-8DB4338F17D0->b5da6a4a-1459-46a4-9479-d2035163dbe2@group-4A9565783204, cid=1039, SUCCESS, logIndex=0, commits[b5da6a4a-1459-46a4-9479-d2035163dbe2:c1402, 69c25b61-d669-4f17-b36d-41bca3df1f31:c1400, d2a7b1fa-fac6-4c6f-8c6d-9ac7414c70c3:c1400]
2019-07-14 04:23:39,090 INFO  client.GrpcClientProtocolClient (GrpcClientProtocolClient.java:onNext(255)) - client-8DB4338F17D0->b5da6a4a-1459-46a4-9479-d2035163dbe2: receive RaftClientReply:client-8DB4338F17D0->b5da6a4a-1459-46a4-9479-d2035163dbe2@group-4A9565783204, cid=1040, SUCCESS, logIndex=1403, commits[b5da6a4a-1459-46a4-9479-d2035163dbe2:c1404, 69c25b61-d669-4f17-b36d-41bca3df1f31:c1402, d2a7b1fa-fac6-4c6f-8c6d-9ac7414c70c3:c1402]
2019-07-14 04:23:39,093 INFO  client.GrpcClientProtocolClient (GrpcClientProtocolClient.java:onNext(255)) - client-8DB4338F17D0->b5da6a4a-1459-46a4-9479-d2035163dbe2: receive RaftClientReply:client-8DB4338F17D0->b5da6a4a-1459-46a4-9479-d2035163dbe2@group-4A9565783204, cid=1041, SUCCESS, logIndex=1404, commits[b5da6a4a-1459-46a4-9479-d2035163dbe2:c1404, 69c25b61-d669-4f17-b36d-41bca3df1f31:c1402, d2a7b1fa-fac6-4c6f-8c6d-9ac7414c70c3:c1402]
2019-07-14 04:23:39,094 INFO  client.GrpcClientProtocolClient (GrpcClientProtocolClient.java:onNext(255)) - client-8DB4338F17D0->b5da6a4a-1459-46a4-9479-d2035163dbe2: receive RaftClientReply:client-8DB4338F17D0->b5da6a4a-1459-46a4-9479-d2035163dbe2@group-4A9565783204, cid=1042, SUCCESS, logIndex=1405, commits[b5da6a4a-1459-46a4-9479-d2035163dbe2:c1406, 69c25b61-d669-4f17-b36d-41bca3df1f31:c1402, d2a7b1fa-fac6-4c6f-8c6d-9ac7414c70c3:c1402]
2019-07-14 04:23:39,095 INFO  client.GrpcClientProtocolClient (GrpcClientProtocolClient.java:onNext(255)) - client-8DB4338F17D0->b5da6a4a-1459-46a4-9479-d2035163dbe2: receive RaftClientReply:client-8DB4338F17D0->b5da6a4a-1459-46a4-9479-d2035163dbe2@group-4A9565783204, cid=1043, SUCCESS, logIndex=1406, commits[b5da6a4a-1459-46a4-9479-d2035163dbe2:c1406, 69c25b61-d669-4f17-b36d-41bca3df1f31:c1402, d2a7b1fa-fac6-4c6f-8c6d-9ac7414c70c3:c1402]
2019-07-14 04:23:39,099 INFO  client.GrpcClientProtocolClient (GrpcClientProtocolClient.java:onNext(255)) - client-8DB4338F17D0->b5da6a4a-1459-46a4-9479-d2035163dbe2: receive RaftClientReply:client-8DB4338F17D0->b5da6a4a-1459-46a4-9479-d2035163dbe2@group-4A9565783204, cid=1044, SUCCESS, logIndex=0, commits[b5da6a4a-1459-46a4-9479-d2035163dbe2:c1408, 69c25b61-d669-4f17-b36d-41bca3df1f31:c1404, d2a7b1fa-fac6-4c6f-8c6d-9ac7414c70c3:c1404]
2019-07-14 04:23:39,123 INFO  client.GrpcClientProtocolClient (GrpcClientProtocolClient.java:onNext(255)) - client-8DB4338F17D0->b5da6a4a-1459-46a4-9479-d2035163dbe2: receive RaftClientReply:client-8DB4338F17D0->b5da6a4a-1459-46a4-9479-d2035163dbe2@group-4A9565783204, cid=1045, SUCCESS, logIndex=1411, commits[b5da6a4a-1459-46a4-9479-d2035163dbe2:c1412, 69c25b61-d669-4f17-b36d-41bca3df1f31:c1410, d2a7b1fa-fac6-4c6f-8c6d-9ac7414c70c3:c1410]
2019-07-14 04:23:39,124 INFO  client.GrpcClientProtocolClient (GrpcClientProtocolClient.java:onNext(255)) - client-8DB4338F17D0->b5da6a4a-1459-46a4-9479-d2035163dbe2: receive RaftClientReply:client-8DB4338F17D0->b5da6a4a-1459-46a4-9479-d2035163dbe2@group-4A9565783204, cid=1046, SUCCESS, logIndex=1412, commits[b5da6a4a-1459-46a4-9479-d2035163dbe2:c1412, 69c25b61-d669-4f17-b36d-41bca3df1f31:c1410, d2a7b1fa-fac6-4c6f-8c6d-9ac7414c70c3:c1410]
2019-07-14 04:23:39,146 INFO  client.GrpcClientProtocolClient (GrpcClientProtocolClient.java:onNext(255)) - client-8DB4338F17D0->b5da6a4a-1459-46a4-9479-d2035163dbe2: receive RaftClientReply:client-8DB4338F17D0->b5da6a4a-1459-46a4-9479-d2035163dbe2@group-4A9565783204, cid=1047, SUCCESS, logIndex=1415, commits[b5da6a4a-1459-46a4-9479-d2035163dbe2:c1416, 69c25b61-d669-4f17-b36d-41bca3df1f31:c1414, d2a7b1fa-fac6-4c6f-8c6d-9ac7414c70c3:c1414]
2019-07-14 04:23:39,146 INFO  client.GrpcClientProtocolClient (GrpcClientProtocolClient.java:onNext(255)) - client-8DB4338F17D0->b5da6a4a-1459-46a4-9479-d2035163dbe2: receive RaftClientReply:client-8DB4338F17D0->b5da6a4a-1459-46a4-9479-d2035163dbe2@group-4A9565783204, cid=1048, SUCCESS, logIndex=1416, commits[b5da6a4a-1459-46a4-9479-d2035163dbe2:c1416, 69c25b61-d669-4f17-b36d-41bca3df1f31:c1414, d2a7b1fa-fac6-4c6f-8c6d-9ac7414c70c3:c1414]
2019-07-14 04:23:39,162 INFO  client.GrpcClientProtocolClient (GrpcClientProtocolClient.java:onNext(255)) - client-8DB4338F17D0->b5da6a4a-1459-46a4-9479-d2035163dbe2: receive RaftClientReply:client-8DB4338F17D0->b5da6a4a-1459-46a4-9479-d2035163dbe2@group-4A9565783204, cid=1049, SUCCESS, logIndex=0, commits[b5da6a4a-1459-46a4-9479-d2035163dbe2:c1418, 69c25b61-d669-4f17-b36d-41bca3df1f31:c1416, d2a7b1fa-fac6-4c6f-8c6d-9ac7414c70c3:c1416]
 0.00% |█                                                                                                    |  0/1 Time: 0:00:042019-07-14 04:23:39,184 INFO  client.GrpcClientProtocolClient (GrpcClientProtocolClient.java:onNext(255)) - client-8DB4338F17D0->b5da6a4a-1459-46a4-9479-d2035163dbe2: receive RaftClientReply:client-8DB4338F17D0->b5da6a4a-1459-46a4-9479-d2035163dbe2@group-4A9565783204, cid=1050, SUCCESS, logIndex=1419, commits[b5da6a4a-1459-46a4-9479-d2035163dbe2:c1420, 69c25b61-d669-4f17-b36d-41bca3df1f31:c1418, d2a7b1fa-fac6-4c6f-8c6d-9ac7414c70c3:c1418]
2019-07-14 04:23:39,184 INFO  client.GrpcClientProtocolClient (GrpcClientProtocolClient.java:onNext(255)) - client-8DB4338F17D0->b5da6a4a-1459-46a4-9479-d2035163dbe2: receive RaftClientReply:client-8DB4338F17D0->b5da6a4a-1459-46a4-9479-d2035163dbe2@group-4A9565783204, cid=1051, SUCCESS, logIndex=1420, commits[b5da6a4a-1459-46a4-9479-d2035163dbe2:c1420, 69c25b61-d669-4f17-b36d-41bca3df1f31:c1418, d2a7b1fa-fac6-4c6f-8c6d-9ac7414c70c3:c1418]
2019-07-14 04:23:39,186 INFO  client.GrpcClientProtocolClient (GrpcClientProtocolClient.java:onNext(255)) - client-8DB4338F17D0->b5da6a4a-1459-46a4-9479-d2035163dbe2: receive RaftClientReply:client-8DB4338F17D0->b5da6a4a-1459-46a4-9479-d2035163dbe2@group-4A9565783204, cid=1052, SUCCESS, logIndex=1421, commits[b5da6a4a-1459-46a4-9479-d2035163dbe2:c1422, 69c25b61-d669-4f17-b36d-41bca3df1f31:c1418, d2a7b1fa-fac6-4c6f-8c6d-9ac7414c70c3:c1418]
2019-07-14 04:23:39,187 INFO  client.GrpcClientProtocolClient (GrpcClientProtocolClient.java:onNext(255)) - client-8DB4338F17D0->b5da6a4a-1459-46a4-9479-d2035163dbe2: receive RaftClientReply:client-8DB4338F17D0->b5da6a4a-1459-46a4-9479-d2035163dbe2@group-4A9565783204, cid=1053, SUCCESS, logIndex=1422, commits[b5da6a4a-1459-46a4-9479-d2035163dbe2:c1422, 69c25b61-d669-4f17-b36d-41bca3df1f31:c1418, d2a7b1fa-fac6-4c6f-8c6d-9ac7414c70c3:c1418]
2019-07-14 04:23:39,190 INFO  client.GrpcClientProtocolClient (GrpcClientProtocolClient.java:onNext(255)) - client-8DB4338F17D0->b5da6a4a-1459-46a4-9479-d2035163dbe2: receive RaftClientReply:client-8DB4338F17D0->b5da6a4a-1459-46a4-9479-d2035163dbe2@group-4A9565783204, cid=1054, SUCCESS, logIndex=0, commits[b5da6a4a-1459-46a4-9479-d2035163dbe2:c1424, 69c25b61-d669-4f17-b36d-41bca3df1f31:c1420, d2a7b1fa-fac6-4c6f-8c6d-9ac7414c70c3:c1420]
2019-07-14 04:23:39,201 INFO  client.GrpcClientProtocolClient (GrpcClientProtocolClient.java:onNext(255)) - client-8DB4338F17D0->b5da6a4a-1459-46a4-9479-d2035163dbe2: receive RaftClientReply:client-8DB4338F17D0->b5da6a4a-1459-46a4-9479-d2035163dbe2@group-4A9565783204, cid=1055, SUCCESS, logIndex=1427, commits[b5da6a4a-1459-46a4-9479-d2035163dbe2:c1428, 69c25b61-d669-4f17-b36d-41bca3df1f31:c1424, d2a7b1fa-fac6-4c6f-8c6d-9ac7414c70c3:c1422]
2019-07-14 04:23:39,202 INFO  client.GrpcClientProtocolClient (GrpcClientProtocolClient.java:onNext(255)) - client-8DB4338F17D0->b5da6a4a-1459-46a4-9479-d2035163dbe2: receive RaftClientReply:client-8DB4338F17D0->b5da6a4a-1459-46a4-9479-d2035163dbe2@group-4A9565783204, cid=1056, SUCCESS, logIndex=1428, commits[b5da6a4a-1459-46a4-9479-d2035163dbe2:c1428, 69c25b61-d669-4f17-b36d-41bca3df1f31:c1424, d2a7b1fa-fac6-4c6f-8c6d-9ac7414c70c3:c1422]
2019-07-14 04:23:39,222 INFO  client.GrpcClientProtocolClient (GrpcClientProtocolClient.java:onNext(255)) - client-8DB4338F17D0->b5da6a4a-1459-46a4-9479-d2035163dbe2: receive RaftClientReply:client-8DB4338F17D0->b5da6a4a-1459-46a4-9479-d2035163dbe2@group-4A9565783204, cid=1057, SUCCESS, logIndex=1431, commits[b5da6a4a-1459-46a4-9479-d2035163dbe2:c1432, 69c25b61-d669-4f17-b36d-41bca3df1f31:c1430, d2a7b1fa-fac6-4c6f-8c6d-9ac7414c70c3:c1428]
2019-07-14 04:23:39,223 INFO  client.GrpcClientProtocolClient (GrpcClientProtocolClient.java:onNext(255)) - client-8DB4338F17D0->b5da6a4a-1459-46a4-9479-d2035163dbe2: receive RaftClientReply:client-8DB4338F17D0->b5da6a4a-1459-46a4-9479-d2035163dbe2@group-4A9565783204, cid=1058, SUCCESS, logIndex=1432, commits[b5da6a4a-1459-46a4-9479-d2035163dbe2:c1432, 69c25b61-d669-4f17-b36d-41bca3df1f31:c1430, d2a7b1fa-fac6-4c6f-8c6d-9ac7414c70c3:c1430]
2019-07-14 04:23:39,227 INFO  client.GrpcClientProtocolClient (GrpcClientProtocolClient.java:onNext(255)) - client-8DB4338F17D0->b5da6a4a-1459-46a4-9479-d2035163dbe2: receive RaftClientReply:client-8DB4338F17D0->b5da6a4a-1459-46a4-9479-d2035163dbe2@group-4A9565783204, cid=1059, SUCCESS, logIndex=0, commits[b5da6a4a-1459-46a4-9479-d2035163dbe2:c1433, 69c25b61-d669-4f17-b36d-41bca3df1f31:c1432, d2a7b1fa-fac6-4c6f-8c6d-9ac7414c70c3:c1432]
2019-07-14 04:23:39,242 INFO  client.GrpcClientProtocolClient (GrpcClientProtocolClient.java:onNext(255)) - client-8DB4338F17D0->b5da6a4a-1459-46a4-9479-d2035163dbe2: receive RaftClientReply:client-8DB4338F17D0->b5da6a4a-1459-46a4-9479-d2035163dbe2@group-4A9565783204, cid=1060, SUCCESS, logIndex=1435, commits[b5da6a4a-1459-46a4-9479-d2035163dbe2:c1436, 69c25b61-d669-4f17-b36d-41bca3df1f31:c1434, d2a7b1fa-fac6-4c6f-8c6d-9ac7414c70c3:c1434]
2019-07-14 04:23:39,243 INFO  client.GrpcClientProtocolClient (GrpcClientProtocolClient.java:onNext(255)) - client-8DB4338F17D0->b5da6a4a-1459-46a4-9479-d2035163dbe2: receive RaftClientReply:client-8DB4338F17D0->b5da6a4a-1459-46a4-9479-d2035163dbe2@group-4A9565783204, cid=1061, SUCCESS, logIndex=1436, commits[b5da6a4a-1459-46a4-9479-d2035163dbe2:c1436, 69c25b61-d669-4f17-b36d-41bca3df1f31:c1434, d2a7b1fa-fac6-4c6f-8c6d-9ac7414c70c3:c1434]
2019-07-14 04:23:39,245 INFO  client.GrpcClientProtocolClient (GrpcClientProtocolClient.java:onNext(255)) - client-8DB4338F17D0->b5da6a4a-1459-46a4-9479-d2035163dbe2: receive RaftClientReply:client-8DB4338F17D0->b5da6a4a-1459-46a4-9479-d2035163dbe2@group-4A9565783204, cid=1062, SUCCESS, logIndex=1437, commits[b5da6a4a-1459-46a4-9479-d2035163dbe2:c1438, 69c25b61-d669-4f17-b36d-41bca3df1f31:c1434, d2a7b1fa-fac6-4c6f-8c6d-9ac7414c70c3:c1434]
2019-07-14 04:23:39,245 INFO  client.GrpcClientProtocolClient (GrpcClientProtocolClient.java:onNext(255)) - client-8DB4338F17D0->b5da6a4a-1459-46a4-9479-d2035163dbe2: receive RaftClientReply:client-8DB4338F17D0->b5da6a4a-1459-46a4-9479-d2035163dbe2@group-4A9565783204, cid=1063, SUCCESS, logIndex=1438, commits[b5da6a4a-1459-46a4-9479-d2035163dbe2:c1438, 69c25b61-d669-4f17-b36d-41bca3df1f31:c1434, d2a7b1fa-fac6-4c6f-8c6d-9ac7414c70c3:c1434]
2019-07-14 04:23:39,248 INFO  client.GrpcClientProtocolClient (GrpcClientProtocolClient.java:onNext(255)) - client-8DB4338F17D0->b5da6a4a-1459-46a4-9479-d2035163dbe2: receive RaftClientReply:client-8DB4338F17D0->b5da6a4a-1459-46a4-9479-d2035163dbe2@group-4A9565783204, cid=1064, SUCCESS, logIndex=0, commits[b5da6a4a-1459-46a4-9479-d2035163dbe2:c1440, 69c25b61-d669-4f17-b36d-41bca3df1f31:c1436, d2a7b1fa-fac6-4c6f-8c6d-9ac7414c70c3:c1436]
2019-07-14 04:23:39,259 INFO  client.GrpcClientProtocolClient (GrpcClientProtocolClient.java:onNext(255)) - client-8DB4338F17D0->b5da6a4a-1459-46a4-9479-d2035163dbe2: receive RaftClientReply:client-8DB4338F17D0->b5da6a4a-1459-46a4-9479-d2035163dbe2@group-4A9565783204, cid=1065, SUCCESS, logIndex=1443, commits[b5da6a4a-1459-46a4-9479-d2035163dbe2:c1444, 69c25b61-d669-4f17-b36d-41bca3df1f31:c1438, d2a7b1fa-fac6-4c6f-8c6d-9ac7414c70c3:c1442]
2019-07-14 04:23:39,260 INFO  client.GrpcClientProtocolClient (GrpcClientProtocolClient.java:onNext(255)) - client-8DB4338F17D0->b5da6a4a-1459-46a4-9479-d2035163dbe2: receive RaftClientReply:client-8DB4338F17D0->b5da6a4a-1459-46a4-9479-d2035163dbe2@group-4A9565783204, cid=1066, SUCCESS, logIndex=1444, commits[b5da6a4a-1459-46a4-9479-d2035163dbe2:c1444, 69c25b61-d669-4f17-b36d-41bca3df1f31:c1438, d2a7b1fa-fac6-4c6f-8c6d-9ac7414c70c3:c1442]
2019-07-14 04:23:39,399 INFO  client.GrpcClientProtocolClient (GrpcClientProtocolClient.java:onNext(255)) - client-8DB4338F17D0->b5da6a4a-1459-46a4-9479-d2035163dbe2: receive RaftClientReply:client-8DB4338F17D0->b5da6a4a-1459-46a4-9479-d2035163dbe2@group-4A9565783204, cid=1067, SUCCESS, logIndex=1447, commits[b5da6a4a-1459-46a4-9479-d2035163dbe2:c1448, 69c25b61-d669-4f17-b36d-41bca3df1f31:c1444, d2a7b1fa-fac6-4c6f-8c6d-9ac7414c70c3:c1446]
2019-07-14 04:23:39,400 INFO  client.GrpcClientProtocolClient (GrpcClientProtocolClient.java:onNext(255)) - client-8DB4338F17D0->b5da6a4a-1459-46a4-9479-d2035163dbe2: receive RaftClientReply:client-8DB4338F17D0->b5da6a4a-1459-46a4-9479-d2035163dbe2@group-4A9565783204, cid=1068, SUCCESS, logIndex=1448, commits[b5da6a4a-1459-46a4-9479-d2035163dbe2:c1448, 69c25b61-d669-4f17-b36d-41bca3df1f31:c1446, d2a7b1fa-fac6-4c6f-8c6d-9ac7414c70c3:c1446]
2019-07-14 04:23:39,403 INFO  client.GrpcClientProtocolClient (GrpcClientProtocolClient.java:onNext(255)) - client-8DB4338F17D0->b5da6a4a-1459-46a4-9479-d2035163dbe2: receive RaftClientReply:client-8DB4338F17D0->b5da6a4a-1459-46a4-9479-d2035163dbe2@group-4A9565783204, cid=1069, SUCCESS, logIndex=0, commits[b5da6a4a-1459-46a4-9479-d2035163dbe2:c1449, 69c25b61-d669-4f17-b36d-41bca3df1f31:c1448, d2a7b1fa-fac6-4c6f-8c6d-9ac7414c70c3:c1448]
2019-07-14 04:23:39,426 INFO  client.GrpcClientProtocolClient (GrpcClientProtocolClient.java:onNext(255)) - client-8DB4338F17D0->b5da6a4a-1459-46a4-9479-d2035163dbe2: receive RaftClientReply:client-8DB4338F17D0->b5da6a4a-1459-46a4-9479-d2035163dbe2@group-4A9565783204, cid=1070, SUCCESS, logIndex=1451, commits[b5da6a4a-1459-46a4-9479-d2035163dbe2:c1452, 69c25b61-d669-4f17-b36d-41bca3df1f31:c1450, d2a7b1fa-fac6-4c6f-8c6d-9ac7414c70c3:c1450]
2019-07-14 04:23:39,426 INFO  client.GrpcClientProtocolClient (GrpcClientProtocolClient.java:onNext(255)) - client-8DB4338F17D0->b5da6a4a-1459-46a4-9479-d2035163dbe2: receive RaftClientReply:client-8DB4338F17D0->b5da6a4a-1459-46a4-9479-d2035163dbe2@group-4A9565783204, cid=1071, SUCCESS, logIndex=1452, commits[b5da6a4a-1459-46a4-9479-d2035163dbe2:c1452, 69c25b61-d669-4f17-b36d-41bca3df1f31:c1450, d2a7b1fa-fac6-4c6f-8c6d-9ac7414c70c3:c1450]
2019-07-14 04:23:39,428 INFO  client.GrpcClientProtocolClient (GrpcClientProtocolClient.java:onNext(255)) - client-8DB4338F17D0->b5da6a4a-1459-46a4-9479-d2035163dbe2: receive RaftClientReply:client-8DB4338F17D0->b5da6a4a-1459-46a4-9479-d2035163dbe2@group-4A9565783204, cid=1072, SUCCESS, logIndex=1453, commits[b5da6a4a-1459-46a4-9479-d2035163dbe2:c1453, 69c25b61-d669-4f17-b36d-41bca3df1f31:c1450, d2a7b1fa-fac6-4c6f-8c6d-9ac7414c70c3:c1450]
2019-07-14 04:23:39,428 INFO  client.GrpcClientProtocolClient (GrpcClientProtocolClient.java:onNext(255)) - client-8DB4338F17D0->b5da6a4a-1459-46a4-9479-d2035163dbe2: receive RaftClientReply:client-8DB4338F17D0->b5da6a4a-1459-46a4-9479-d2035163dbe2@group-4A9565783204, cid=1073, SUCCESS, logIndex=1454, commits[b5da6a4a-1459-46a4-9479-d2035163dbe2:c1454, 69c25b61-d669-4f17-b36d-41bca3df1f31:c1450, d2a7b1fa-fac6-4c6f-8c6d-9ac7414c70c3:c1450]
2019-07-14 04:23:39,430 INFO  client.GrpcClientProtocolClient (GrpcClientProtocolClient.java:onNext(255)) - client-8DB4338F17D0->b5da6a4a-1459-46a4-9479-d2035163dbe2: receive RaftClientReply:client-8DB4338F17D0->b5da6a4a-1459-46a4-9479-d2035163dbe2@group-4A9565783204, cid=1074, SUCCESS, logIndex=0, commits[b5da6a4a-1459-46a4-9479-d2035163dbe2:c1457, 69c25b61-d669-4f17-b36d-41bca3df1f31:c1452, d2a7b1fa-fac6-4c6f-8c6d-9ac7414c70c3:c1454]
2019-07-14 04:23:39,442 INFO  client.GrpcClientProtocolClient (GrpcClientProtocolClient.java:onNext(255)) - client-8DB4338F17D0->b5da6a4a-1459-46a4-9479-d2035163dbe2: receive RaftClientReply:client-8DB4338F17D0->b5da6a4a-1459-46a4-9479-d2035163dbe2@group-4A9565783204, cid=1075, SUCCESS, logIndex=1459, commits[b5da6a4a-1459-46a4-9479-d2035163dbe2:c1460, 69c25b61-d669-4f17-b36d-41bca3df1f31:c1458, d2a7b1fa-fac6-4c6f-8c6d-9ac7414c70c3:c1458]
2019-07-14 04:23:39,443 INFO  client.GrpcClientProtocolClient (GrpcClientProtocolClient.java:onNext(255)) - client-8DB4338F17D0->b5da6a4a-1459-46a4-9479-d2035163dbe2: receive RaftClientReply:client-8DB4338F17D0->b5da6a4a-1459-46a4-9479-d2035163dbe2@group-4A9565783204, cid=1076, SUCCESS, logIndex=1460, commits[b5da6a4a-1459-46a4-9479-d2035163dbe2:c1460, 69c25b61-d669-4f17-b36d-41bca3df1f31:c1458, d2a7b1fa-fac6-4c6f-8c6d-9ac7414c70c3:c1458]
2019-07-14 04:23:39,455 INFO  client.GrpcClientProtocolClient (GrpcClientProtocolClient.java:onNext(255)) - client-8DB4338F17D0->b5da6a4a-1459-46a4-9479-d2035163dbe2: receive RaftClientReply:client-8DB4338F17D0->b5da6a4a-1459-46a4-9479-d2035163dbe2@group-4A9565783204, cid=1077, SUCCESS, logIndex=1463, commits[b5da6a4a-1459-46a4-9479-d2035163dbe2:c1464, 69c25b61-d669-4f17-b36d-41bca3df1f31:c1460, d2a7b1fa-fac6-4c6f-8c6d-9ac7414c70c3:c1462]
2019-07-14 04:23:39,456 INFO  client.GrpcClientProtocolClient (GrpcClientProtocolClient.java:onNext(255)) - client-8DB4338F17D0->b5da6a4a-1459-46a4-9479-d2035163dbe2: receive RaftClientReply:client-8DB4338F17D0->b5da6a4a-1459-46a4-9479-d2035163dbe2@group-4A9565783204, cid=1078, SUCCESS, logIndex=1464, commits[b5da6a4a-1459-46a4-9479-d2035163dbe2:c1464, 69c25b61-d669-4f17-b36d-41bca3df1f31:c1462, d2a7b1fa-fac6-4c6f-8c6d-9ac7414c70c3:c1462]
2019-07-14 04:23:39,457 INFO  client.GrpcClientProtocolClient (GrpcClientProtocolClient.java:onNext(255)) - client-8DB4338F17D0->b5da6a4a-1459-46a4-9479-d2035163dbe2: receive RaftClientReply:client-8DB4338F17D0->b5da6a4a-1459-46a4-9479-d2035163dbe2@group-4A9565783204, cid=1079, SUCCESS, logIndex=0, commits[b5da6a4a-1459-46a4-9479-d2035163dbe2:c1465, 69c25b61-d669-4f17-b36d-41bca3df1f31:c1464, d2a7b1fa-fac6-4c6f-8c6d-9ac7414c70c3:c1464]
2019-07-14 04:23:39,477 INFO  client.GrpcClientProtocolClient (GrpcClientProtocolClient.java:onNext(255)) - client-8DB4338F17D0->b5da6a4a-1459-46a4-9479-d2035163dbe2: receive RaftClientReply:client-8DB4338F17D0->b5da6a4a-1459-46a4-9479-d2035163dbe2@group-4A9565783204, cid=1080, SUCCESS, logIndex=1467, commits[b5da6a4a-1459-46a4-9479-d2035163dbe2:c1468, 69c25b61-d669-4f17-b36d-41bca3df1f31:c1464, d2a7b1fa-fac6-4c6f-8c6d-9ac7414c70c3:c1466]
2019-07-14 04:23:39,478 INFO  client.GrpcClientProtocolClient (GrpcClientProtocolClient.java:onNext(255)) - client-8DB4338F17D0->b5da6a4a-1459-46a4-9479-d2035163dbe2: receive RaftClientReply:client-8DB4338F17D0->b5da6a4a-1459-46a4-9479-d2035163dbe2@group-4A9565783204, cid=1081, SUCCESS, logIndex=1468, commits[b5da6a4a-1459-46a4-9479-d2035163dbe2:c1468, 69c25b61-d669-4f17-b36d-41bca3df1f31:c1466, d2a7b1fa-fac6-4c6f-8c6d-9ac7414c70c3:c1466]
2019-07-14 04:23:39,479 INFO  client.GrpcClientProtocolClient (GrpcClientProtocolClient.java:onNext(255)) - client-8DB4338F17D0->b5da6a4a-1459-46a4-9479-d2035163dbe2: receive RaftClientReply:client-8DB4338F17D0->b5da6a4a-1459-46a4-9479-d2035163dbe2@group-4A9565783204, cid=1082, SUCCESS, logIndex=1469, commits[b5da6a4a-1459-46a4-9479-d2035163dbe2:c1470, 69c25b61-d669-4f17-b36d-41bca3df1f31:c1466, d2a7b1fa-fac6-4c6f-8c6d-9ac7414c70c3:c1466]
2019-07-14 04:23:39,479 INFO  client.GrpcClientProtocolClient (GrpcClientProtocolClient.java:onNext(255)) - client-8DB4338F17D0->b5da6a4a-1459-46a4-9479-d2035163dbe2: receive RaftClientReply:client-8DB4338F17D0->b5da6a4a-1459-46a4-9479-d2035163dbe2@group-4A9565783204, cid=1083, SUCCESS, logIndex=1470, commits[b5da6a4a-1459-46a4-9479-d2035163dbe2:c1470, 69c25b61-d669-4f17-b36d-41bca3df1f31:c1466, d2a7b1fa-fac6-4c6f-8c6d-9ac7414c70c3:c1466]
2019-07-14 04:23:39,482 INFO  client.GrpcClientProtocolClient (GrpcClientProtocolClient.java:onNext(255)) - client-8DB4338F17D0->b5da6a4a-1459-46a4-9479-d2035163dbe2: receive RaftClientReply:client-8DB4338F17D0->b5da6a4a-1459-46a4-9479-d2035163dbe2@group-4A9565783204, cid=1084, SUCCESS, logIndex=0, commits[b5da6a4a-1459-46a4-9479-d2035163dbe2:c1472, 69c25b61-d669-4f17-b36d-41bca3df1f31:c1468, d2a7b1fa-fac6-4c6f-8c6d-9ac7414c70c3:c1468]
2019-07-14 04:23:39,494 INFO  client.GrpcClientProtocolClient (GrpcClientProtocolClient.java:onNext(255)) - client-8DB4338F17D0->b5da6a4a-1459-46a4-9479-d2035163dbe2: receive RaftClientReply:client-8DB4338F17D0->b5da6a4a-1459-46a4-9479-d2035163dbe2@group-4A9565783204, cid=1085, SUCCESS, logIndex=1475, commits[b5da6a4a-1459-46a4-9479-d2035163dbe2:c1476, 69c25b61-d669-4f17-b36d-41bca3df1f31:c1474, d2a7b1fa-fac6-4c6f-8c6d-9ac7414c70c3:c1470]
2019-07-14 04:23:39,495 INFO  client.GrpcClientProtocolClient (GrpcClientProtocolClient.java:onNext(255)) - client-8DB4338F17D0->b5da6a4a-1459-46a4-9479-d2035163dbe2: receive RaftClientReply:client-8DB4338F17D0->b5da6a4a-1459-46a4-9479-d2035163dbe2@group-4A9565783204, cid=1086, SUCCESS, logIndex=1476, commits[b5da6a4a-1459-46a4-9479-d2035163dbe2:c1476, 69c25b61-d669-4f17-b36d-41bca3df1f31:c1474, d2a7b1fa-fac6-4c6f-8c6d-9ac7414c70c3:c1474]
2019-07-14 04:23:39,506 INFO  client.GrpcClientProtocolClient (GrpcClientProtocolClient.java:onNext(255)) - client-8DB4338F17D0->b5da6a4a-1459-46a4-9479-d2035163dbe2: receive RaftClientReply:client-8DB4338F17D0->b5da6a4a-1459-46a4-9479-d2035163dbe2@group-4A9565783204, cid=1087, SUCCESS, logIndex=1479, commits[b5da6a4a-1459-46a4-9479-d2035163dbe2:c1480, 69c25b61-d669-4f17-b36d-41bca3df1f31:c1478, d2a7b1fa-fac6-4c6f-8c6d-9ac7414c70c3:c1478]
2019-07-14 04:23:39,506 INFO  client.GrpcClientProtocolClient (GrpcClientProtocolClient.java:onNext(255)) - client-8DB4338F17D0->b5da6a4a-1459-46a4-9479-d2035163dbe2: receive RaftClientReply:client-8DB4338F17D0->b5da6a4a-1459-46a4-9479-d2035163dbe2@group-4A9565783204, cid=1088, SUCCESS, logIndex=1480, commits[b5da6a4a-1459-46a4-9479-d2035163dbe2:c1480, 69c25b61-d669-4f17-b36d-41bca3df1f31:c1478, d2a7b1fa-fac6-4c6f-8c6d-9ac7414c70c3:c1478]
2019-07-14 04:23:39,508 INFO  client.GrpcClientProtocolClient (GrpcClientProtocolClient.java:onNext(255)) - client-8DB4338F17D0->b5da6a4a-1459-46a4-9479-d2035163dbe2: receive RaftClientReply:client-8DB4338F17D0->b5da6a4a-1459-46a4-9479-d2035163dbe2@group-4A9565783204, cid=1089, SUCCESS, logIndex=0, commits[b5da6a4a-1459-46a4-9479-d2035163dbe2:c1481, 69c25b61-d669-4f17-b36d-41bca3df1f31:c1480, d2a7b1fa-fac6-4c6f-8c6d-9ac7414c70c3:c1480]
2019-07-14 04:23:39,527 INFO  client.GrpcClientProtocolClient (GrpcClientProtocolClient.java:onNext(255)) - client-8DB4338F17D0->b5da6a4a-1459-46a4-9479-d2035163dbe2: receive RaftClientReply:client-8DB4338F17D0->b5da6a4a-1459-46a4-9479-d2035163dbe2@group-4A9565783204, cid=1090, SUCCESS, logIndex=1483, commits[b5da6a4a-1459-46a4-9479-d2035163dbe2:c1484, 69c25b61-d669-4f17-b36d-41bca3df1f31:c1482, d2a7b1fa-fac6-4c6f-8c6d-9ac7414c70c3:c1482]
2019-07-14 04:23:39,527 INFO  client.GrpcClientProtocolClient (GrpcClientProtocolClient.java:onNext(255)) - client-8DB4338F17D0->b5da6a4a-1459-46a4-9479-d2035163dbe2: receive RaftClientReply:client-8DB4338F17D0->b5da6a4a-1459-46a4-9479-d2035163dbe2@group-4A9565783204, cid=1091, SUCCESS, logIndex=1484, commits[b5da6a4a-1459-46a4-9479-d2035163dbe2:c1484, 69c25b61-d669-4f17-b36d-41bca3df1f31:c1482, d2a7b1fa-fac6-4c6f-8c6d-9ac7414c70c3:c1482]
2019-07-14 04:23:39,528 INFO  client.GrpcClientProtocolClient (GrpcClientProtocolClient.java:onNext(255)) - client-8DB4338F17D0->b5da6a4a-1459-46a4-9479-d2035163dbe2: receive RaftClientReply:client-8DB4338F17D0->b5da6a4a-1459-46a4-9479-d2035163dbe2@group-4A9565783204, cid=1092, SUCCESS, logIndex=1485, commits[b5da6a4a-1459-46a4-9479-d2035163dbe2:c1485, 69c25b61-d669-4f17-b36d-41bca3df1f31:c1482, d2a7b1fa-fac6-4c6f-8c6d-9ac7414c70c3:c1482]
2019-07-14 04:23:39,528 INFO  client.GrpcClientProtocolClient (GrpcClientProtocolClient.java:onNext(255)) - client-8DB4338F17D0->b5da6a4a-1459-46a4-9479-d2035163dbe2: receive RaftClientReply:client-8DB4338F17D0->b5da6a4a-1459-46a4-9479-d2035163dbe2@group-4A9565783204, cid=1093, SUCCESS, logIndex=1486, commits[b5da6a4a-1459-46a4-9479-d2035163dbe2:c1486, 69c25b61-d669-4f17-b36d-41bca3df1f31:c1482, d2a7b1fa-fac6-4c6f-8c6d-9ac7414c70c3:c1482]
2019-07-14 04:23:39,531 INFO  client.GrpcClientProtocolClient (GrpcClientProtocolClient.java:onNext(255)) - client-8DB4338F17D0->b5da6a4a-1459-46a4-9479-d2035163dbe2: receive RaftClientReply:client-8DB4338F17D0->b5da6a4a-1459-46a4-9479-d2035163dbe2@group-4A9565783204, cid=1094, SUCCESS, logIndex=0, commits[b5da6a4a-1459-46a4-9479-d2035163dbe2:c1488, 69c25b61-d669-4f17-b36d-41bca3df1f31:c1484, d2a7b1fa-fac6-4c6f-8c6d-9ac7414c70c3:c1484]
2019-07-14 04:23:39,554 INFO  client.GrpcClientProtocolClient (GrpcClientProtocolClient.java:onNext(255)) - client-8DB4338F17D0->b5da6a4a-1459-46a4-9479-d2035163dbe2: receive RaftClientReply:client-8DB4338F17D0->b5da6a4a-1459-46a4-9479-d2035163dbe2@group-4A9565783204, cid=1095, SUCCESS, logIndex=1491, commits[b5da6a4a-1459-46a4-9479-d2035163dbe2:c1492, 69c25b61-d669-4f17-b36d-41bca3df1f31:c1490, d2a7b1fa-fac6-4c6f-8c6d-9ac7414c70c3:c1490]
2019-07-14 04:23:39,554 INFO  client.GrpcClientProtocolClient (GrpcClientProtocolClient.java:onNext(255)) - client-8DB4338F17D0->b5da6a4a-1459-46a4-9479-d2035163dbe2: receive RaftClientReply:client-8DB4338F17D0->b5da6a4a-1459-46a4-9479-d2035163dbe2@group-4A9565783204, cid=1096, SUCCESS, logIndex=1492, commits[b5da6a4a-1459-46a4-9479-d2035163dbe2:c1492, 69c25b61-d669-4f17-b36d-41bca3df1f31:c1490, d2a7b1fa-fac6-4c6f-8c6d-9ac7414c70c3:c1490]
2019-07-14 04:23:39,572 INFO  client.GrpcClientProtocolClient (GrpcClientProtocolClient.java:onNext(255)) - client-8DB4338F17D0->b5da6a4a-1459-46a4-9479-d2035163dbe2: receive RaftClientReply:client-8DB4338F17D0->b5da6a4a-1459-46a4-9479-d2035163dbe2@group-4A9565783204, cid=1097, SUCCESS, logIndex=1495, commits[b5da6a4a-1459-46a4-9479-d2035163dbe2:c1496, 69c25b61-d669-4f17-b36d-41bca3df1f31:c1494, d2a7b1fa-fac6-4c6f-8c6d-9ac7414c70c3:c1494]
2019-07-14 04:23:39,572 INFO  client.GrpcClientProtocolClient (GrpcClientProtocolClient.java:onNext(255)) - client-8DB4338F17D0->b5da6a4a-1459-46a4-9479-d2035163dbe2: receive RaftClientReply:client-8DB4338F17D0->b5da6a4a-1459-46a4-9479-d2035163dbe2@group-4A9565783204, cid=1098, SUCCESS, logIndex=1496, commits[b5da6a4a-1459-46a4-9479-d2035163dbe2:c1496, 69c25b61-d669-4f17-b36d-41bca3df1f31:c1494, d2a7b1fa-fac6-4c6f-8c6d-9ac7414c70c3:c1494]
2019-07-14 04:23:39,577 INFO  client.GrpcClientProtocolClient (GrpcClientProtocolClient.java:onNext(255)) - client-8DB4338F17D0->b5da6a4a-1459-46a4-9479-d2035163dbe2: receive RaftClientReply:client-8DB4338F17D0->b5da6a4a-1459-46a4-9479-d2035163dbe2@group-4A9565783204, cid=1099, SUCCESS, logIndex=0, commits[b5da6a4a-1459-46a4-9479-d2035163dbe2:c1498, 69c25b61-d669-4f17-b36d-41bca3df1f31:c1496, d2a7b1fa-fac6-4c6f-8c6d-9ac7414c70c3:c1496]
2019-07-14 04:23:39,594 INFO  client.GrpcClientProtocolClient (GrpcClientProtocolClient.java:onNext(255)) - client-8DB4338F17D0->b5da6a4a-1459-46a4-9479-d2035163dbe2: receive RaftClientReply:client-8DB4338F17D0->b5da6a4a-1459-46a4-9479-d2035163dbe2@group-4A9565783204, cid=1100, SUCCESS, logIndex=1499, commits[b5da6a4a-1459-46a4-9479-d2035163dbe2:c1500, 69c25b61-d669-4f17-b36d-41bca3df1f31:c1498, d2a7b1fa-fac6-4c6f-8c6d-9ac7414c70c3:c1498]
2019-07-14 04:23:39,595 INFO  client.GrpcClientProtocolClient (GrpcClientProtocolClient.java:onNext(255)) - client-8DB4338F17D0->b5da6a4a-1459-46a4-9479-d2035163dbe2: receive RaftClientReply:client-8DB4338F17D0->b5da6a4a-1459-46a4-9479-d2035163dbe2@group-4A9565783204, cid=1101, SUCCESS, logIndex=1500, commits[b5da6a4a-1459-46a4-9479-d2035163dbe2:c1500, 69c25b61-d669-4f17-b36d-41bca3df1f31:c1498, d2a7b1fa-fac6-4c6f-8c6d-9ac7414c70c3:c1498]
2019-07-14 04:23:39,595 INFO  client.GrpcClientProtocolClient (GrpcClientProtocolClient.java:onNext(255)) - client-8DB4338F17D0->b5da6a4a-1459-46a4-9479-d2035163dbe2: receive RaftClientReply:client-8DB4338F17D0->b5da6a4a-1459-46a4-9479-d2035163dbe2@group-4A9565783204, cid=1102, SUCCESS, logIndex=1501, commits[b5da6a4a-1459-46a4-9479-d2035163dbe2:c1502, 69c25b61-d669-4f17-b36d-41bca3df1f31:c1498, d2a7b1fa-fac6-4c6f-8c6d-9ac7414c70c3:c1498]
2019-07-14 04:23:39,595 INFO  client.GrpcClientProtocolClient (GrpcClientProtocolClient.java:onNext(255)) - client-8DB4338F17D0->b5da6a4a-1459-46a4-9479-d2035163dbe2: receive RaftClientReply:client-8DB4338F17D0->b5da6a4a-1459-46a4-9479-d2035163dbe2@group-4A9565783204, cid=1103, SUCCESS, logIndex=1502, commits[b5da6a4a-1459-46a4-9479-d2035163dbe2:c1502, 69c25b61-d669-4f17-b36d-41bca3df1f31:c1498, d2a7b1fa-fac6-4c6f-8c6d-9ac7414c70c3:c1498]
2019-07-14 04:23:39,599 INFO  client.GrpcClientProtocolClient (GrpcClientProtocolClient.java:onNext(255)) - client-8DB4338F17D0->b5da6a4a-1459-46a4-9479-d2035163dbe2: receive RaftClientReply:client-8DB4338F17D0->b5da6a4a-1459-46a4-9479-d2035163dbe2@group-4A9565783204, cid=1104, SUCCESS, logIndex=0, commits[b5da6a4a-1459-46a4-9479-d2035163dbe2:c1504, 69c25b61-d669-4f17-b36d-41bca3df1f31:c1500, d2a7b1fa-fac6-4c6f-8c6d-9ac7414c70c3:c1500]
2019-07-14 04:23:39,609 INFO  client.GrpcClientProtocolClient (GrpcClientProtocolClient.java:onNext(255)) - client-8DB4338F17D0->b5da6a4a-1459-46a4-9479-d2035163dbe2: receive RaftClientReply:client-8DB4338F17D0->b5da6a4a-1459-46a4-9479-d2035163dbe2@group-4A9565783204, cid=1105, SUCCESS, logIndex=1507, commits[b5da6a4a-1459-46a4-9479-d2035163dbe2:c1508, 69c25b61-d669-4f17-b36d-41bca3df1f31:c1502, d2a7b1fa-fac6-4c6f-8c6d-9ac7414c70c3:c1506]
2019-07-14 04:23:39,609 INFO  client.GrpcClientProtocolClient (GrpcClientProtocolClient.java:onNext(255)) - client-8DB4338F17D0->b5da6a4a-1459-46a4-9479-d2035163dbe2: receive RaftClientReply:client-8DB4338F17D0->b5da6a4a-1459-46a4-9479-d2035163dbe2@group-4A9565783204, cid=1106, SUCCESS, logIndex=1508, commits[b5da6a4a-1459-46a4-9479-d2035163dbe2:c1508, 69c25b61-d669-4f17-b36d-41bca3df1f31:c1506, d2a7b1fa-fac6-4c6f-8c6d-9ac7414c70c3:c1506]
2019-07-14 04:23:39,626 INFO  client.GrpcClientProtocolClient (GrpcClientProtocolClient.java:onNext(255)) - client-8DB4338F17D0->b5da6a4a-1459-46a4-9479-d2035163dbe2: receive RaftClientReply:client-8DB4338F17D0->b5da6a4a-1459-46a4-9479-d2035163dbe2@group-4A9565783204, cid=1107, SUCCESS, logIndex=1511, commits[b5da6a4a-1459-46a4-9479-d2035163dbe2:c1512, 69c25b61-d669-4f17-b36d-41bca3df1f31:c1509, d2a7b1fa-fac6-4c6f-8c6d-9ac7414c70c3:c1509]
2019-07-14 04:23:39,626 INFO  client.GrpcClientProtocolClient (GrpcClientProtocolClient.java:onNext(255)) - client-8DB4338F17D0->b5da6a4a-1459-46a4-9479-d2035163dbe2: receive RaftClientReply:client-8DB4338F17D0->b5da6a4a-1459-46a4-9479-d2035163dbe2@group-4A9565783204, cid=1108, SUCCESS, logIndex=1512, commits[b5da6a4a-1459-46a4-9479-d2035163dbe2:c1512, 69c25b61-d669-4f17-b36d-41bca3df1f31:c1509, d2a7b1fa-fac6-4c6f-8c6d-9ac7414c70c3:c1509]
2019-07-14 04:23:39,640 INFO  client.GrpcClientProtocolClient (GrpcClientProtocolClient.java:onNext(255)) - client-8DB4338F17D0->b5da6a4a-1459-46a4-9479-d2035163dbe2: receive RaftClientReply:client-8DB4338F17D0->b5da6a4a-1459-46a4-9479-d2035163dbe2@group-4A9565783204, cid=1109, SUCCESS, logIndex=0, commits[b5da6a4a-1459-46a4-9479-d2035163dbe2:c1514, 69c25b61-d669-4f17-b36d-41bca3df1f31:c1512, d2a7b1fa-fac6-4c6f-8c6d-9ac7414c70c3:c1512]
2019-07-14 04:23:39,658 INFO  client.GrpcClientProtocolClient (GrpcClientProtocolClient.java:onNext(255)) - client-8DB4338F17D0->b5da6a4a-1459-46a4-9479-d2035163dbe2: receive RaftClientReply:client-8DB4338F17D0->b5da6a4a-1459-46a4-9479-d2035163dbe2@group-4A9565783204, cid=1110, SUCCESS, logIndex=1515, commits[b5da6a4a-1459-46a4-9479-d2035163dbe2:c1517, 69c25b61-d669-4f17-b36d-41bca3df1f31:c1514, d2a7b1fa-fac6-4c6f-8c6d-9ac7414c70c3:c1514]
2019-07-14 04:23:39,659 INFO  client.GrpcClientProtocolClient (GrpcClientProtocolClient.java:onNext(255)) - client-8DB4338F17D0->b5da6a4a-1459-46a4-9479-d2035163dbe2: receive RaftClientReply:client-8DB4338F17D0->b5da6a4a-1459-46a4-9479-d2035163dbe2@group-4A9565783204, cid=1111, SUCCESS, logIndex=1516, commits[b5da6a4a-1459-46a4-9479-d2035163dbe2:c1518, 69c25b61-d669-4f17-b36d-41bca3df1f31:c1514, d2a7b1fa-fac6-4c6f-8c6d-9ac7414c70c3:c1514]
2019-07-14 04:23:39,659 INFO  client.GrpcClientProtocolClient (GrpcClientProtocolClient.java:onNext(255)) - client-8DB4338F17D0->b5da6a4a-1459-46a4-9479-d2035163dbe2: receive RaftClientReply:client-8DB4338F17D0->b5da6a4a-1459-46a4-9479-d2035163dbe2@group-4A9565783204, cid=1112, SUCCESS, logIndex=1517, commits[b5da6a4a-1459-46a4-9479-d2035163dbe2:c1518, 69c25b61-d669-4f17-b36d-41bca3df1f31:c1514, d2a7b1fa-fac6-4c6f-8c6d-9ac7414c70c3:c1514]
2019-07-14 04:23:39,659 INFO  client.GrpcClientProtocolClient (GrpcClientProtocolClient.java:onNext(255)) - client-8DB4338F17D0->b5da6a4a-1459-46a4-9479-d2035163dbe2: receive RaftClientReply:client-8DB4338F17D0->b5da6a4a-1459-46a4-9479-d2035163dbe2@group-4A9565783204, cid=1113, SUCCESS, logIndex=1518, commits[b5da6a4a-1459-46a4-9479-d2035163dbe2:c1518, 69c25b61-d669-4f17-b36d-41bca3df1f31:c1514, d2a7b1fa-fac6-4c6f-8c6d-9ac7414c70c3:c1514]
2019-07-14 04:23:39,664 INFO  client.GrpcClientProtocolClient (GrpcClientProtocolClient.java:onNext(255)) - client-8DB4338F17D0->b5da6a4a-1459-46a4-9479-d2035163dbe2: receive RaftClientReply:client-8DB4338F17D0->b5da6a4a-1459-46a4-9479-d2035163dbe2@group-4A9565783204, cid=1114, SUCCESS, logIndex=0, commits[b5da6a4a-1459-46a4-9479-d2035163dbe2:c1520, 69c25b61-d669-4f17-b36d-41bca3df1f31:c1516, d2a7b1fa-fac6-4c6f-8c6d-9ac7414c70c3:c1516]
2019-07-14 04:23:39,674 INFO  client.GrpcClientProtocolClient (GrpcClientProtocolClient.java:onNext(255)) - client-8DB4338F17D0->b5da6a4a-1459-46a4-9479-d2035163dbe2: receive RaftClientReply:client-8DB4338F17D0->b5da6a4a-1459-46a4-9479-d2035163dbe2@group-4A9565783204, cid=1115, SUCCESS, logIndex=1523, commits[b5da6a4a-1459-46a4-9479-d2035163dbe2:c1524, 69c25b61-d669-4f17-b36d-41bca3df1f31:c1522, d2a7b1fa-fac6-4c6f-8c6d-9ac7414c70c3:c1518]
2019-07-14 04:23:39,674 INFO  client.GrpcClientProtocolClient (GrpcClientProtocolClient.java:onNext(255)) - client-8DB4338F17D0->b5da6a4a-1459-46a4-9479-d2035163dbe2: receive RaftClientReply:client-8DB4338F17D0->b5da6a4a-1459-46a4-9479-d2035163dbe2@group-4A9565783204, cid=1116, SUCCESS, logIndex=1524, commits[b5da6a4a-1459-46a4-9479-d2035163dbe2:c1524, 69c25b61-d669-4f17-b36d-41bca3df1f31:c1522, d2a7b1fa-fac6-4c6f-8c6d-9ac7414c70c3:c1522]
2019-07-14 04:23:39,693 INFO  client.GrpcClientProtocolClient (GrpcClientProtocolClient.java:onNext(255)) - client-8DB4338F17D0->b5da6a4a-1459-46a4-9479-d2035163dbe2: receive RaftClientReply:client-8DB4338F17D0->b5da6a4a-1459-46a4-9479-d2035163dbe2@group-4A9565783204, cid=1117, SUCCESS, logIndex=1527, commits[b5da6a4a-1459-46a4-9479-d2035163dbe2:c1528, 69c25b61-d669-4f17-b36d-41bca3df1f31:c1524, d2a7b1fa-fac6-4c6f-8c6d-9ac7414c70c3:c1526]
2019-07-14 04:23:39,694 INFO  client.GrpcClientProtocolClient (GrpcClientProtocolClient.java:onNext(255)) - client-8DB4338F17D0->b5da6a4a-1459-46a4-9479-d2035163dbe2: receive RaftClientReply:client-8DB4338F17D0->b5da6a4a-1459-46a4-9479-d2035163dbe2@group-4A9565783204, cid=1118, SUCCESS, logIndex=1528, commits[b5da6a4a-1459-46a4-9479-d2035163dbe2:c1528, 69c25b61-d669-4f17-b36d-41bca3df1f31:c1524, d2a7b1fa-fac6-4c6f-8c6d-9ac7414c70c3:c1526]
2019-07-14 04:23:39,700 INFO  client.GrpcClientProtocolClient (GrpcClientProtocolClient.java:onNext(255)) - client-8DB4338F17D0->b5da6a4a-1459-46a4-9479-d2035163dbe2: receive RaftClientReply:client-8DB4338F17D0->b5da6a4a-1459-46a4-9479-d2035163dbe2@group-4A9565783204, cid=1119, SUCCESS, logIndex=0, commits[b5da6a4a-1459-46a4-9479-d2035163dbe2:c1529, 69c25b61-d669-4f17-b36d-41bca3df1f31:c1528, d2a7b1fa-fac6-4c6f-8c6d-9ac7414c70c3:c1528]
2019-07-14 04:23:39,718 INFO  client.GrpcClientProtocolClient (GrpcClientProtocolClient.java:onNext(255)) - client-8DB4338F17D0->b5da6a4a-1459-46a4-9479-d2035163dbe2: receive RaftClientReply:client-8DB4338F17D0->b5da6a4a-1459-46a4-9479-d2035163dbe2@group-4A9565783204, cid=1120, SUCCESS, logIndex=1531, commits[b5da6a4a-1459-46a4-9479-d2035163dbe2:c1531, 69c25b61-d669-4f17-b36d-41bca3df1f31:c1530, d2a7b1fa-fac6-4c6f-8c6d-9ac7414c70c3:c1530]
2019-07-14 04:23:39,720 INFO  client.GrpcClientProtocolClient (GrpcClientProtocolClient.java:onNext(255)) - client-8DB4338F17D0->b5da6a4a-1459-46a4-9479-d2035163dbe2: receive RaftClientReply:client-8DB4338F17D0->b5da6a4a-1459-46a4-9479-d2035163dbe2@group-4A9565783204, cid=1121, SUCCESS, logIndex=1532, commits[b5da6a4a-1459-46a4-9479-d2035163dbe2:c1535, 69c25b61-d669-4f17-b36d-41bca3df1f31:c1531, d2a7b1fa-fac6-4c6f-8c6d-9ac7414c70c3:c1531]
2019-07-14 04:23:39,721 INFO  client.GrpcClientProtocolClient (GrpcClientProtocolClient.java:onNext(255)) - client-8DB4338F17D0->b5da6a4a-1459-46a4-9479-d2035163dbe2: receive RaftClientReply:client-8DB4338F17D0->b5da6a4a-1459-46a4-9479-d2035163dbe2@group-4A9565783204, cid=1122, SUCCESS, logIndex=1533, commits[b5da6a4a-1459-46a4-9479-d2035163dbe2:c1535, 69c25b61-d669-4f17-b36d-41bca3df1f31:c1531, d2a7b1fa-fac6-4c6f-8c6d-9ac7414c70c3:c1531]
2019-07-14 04:23:39,721 INFO  client.GrpcClientProtocolClient (GrpcClientProtocolClient.java:onNext(255)) - client-8DB4338F17D0->b5da6a4a-1459-46a4-9479-d2035163dbe2: receive RaftClientReply:client-8DB4338F17D0->b5da6a4a-1459-46a4-9479-d2035163dbe2@group-4A9565783204, cid=1123, SUCCESS, logIndex=1534, commits[b5da6a4a-1459-46a4-9479-d2035163dbe2:c1537, 69c25b61-d669-4f17-b36d-41bca3df1f31:c1532, d2a7b1fa-fac6-4c6f-8c6d-9ac7414c70c3:c1534]
2019-07-14 04:23:39,732 INFO  client.GrpcClientProtocolClient (GrpcClientProtocolClient.java:onNext(255)) - client-8DB4338F17D0->b5da6a4a-1459-46a4-9479-d2035163dbe2: receive RaftClientReply:client-8DB4338F17D0->b5da6a4a-1459-46a4-9479-d2035163dbe2@group-4A9565783204, cid=1124, SUCCESS, logIndex=1539, commits[b5da6a4a-1459-46a4-9479-d2035163dbe2:c1540, 69c25b61-d669-4f17-b36d-41bca3df1f31:c1538, d2a7b1fa-fac6-4c6f-8c6d-9ac7414c70c3:c1538]
2019-07-14 04:23:39,733 INFO  client.GrpcClientProtocolClient (GrpcClientProtocolClient.java:onNext(255)) - client-8DB4338F17D0->b5da6a4a-1459-46a4-9479-d2035163dbe2: receive RaftClientReply:client-8DB4338F17D0->b5da6a4a-1459-46a4-9479-d2035163dbe2@group-4A9565783204, cid=1125, SUCCESS, logIndex=1540, commits[b5da6a4a-1459-46a4-9479-d2035163dbe2:c1540, 69c25b61-d669-4f17-b36d-41bca3df1f31:c1538, d2a7b1fa-fac6-4c6f-8c6d-9ac7414c70c3:c1538]
2019-07-14 04:23:39,749 INFO  client.GrpcClientProtocolClient (GrpcClientProtocolClient.java:onNext(255)) - client-8DB4338F17D0->b5da6a4a-1459-46a4-9479-d2035163dbe2: receive RaftClientReply:client-8DB4338F17D0->b5da6a4a-1459-46a4-9479-d2035163dbe2@group-4A9565783204, cid=1126, SUCCESS, logIndex=1543, commits[b5da6a4a-1459-46a4-9479-d2035163dbe2:c1544, 69c25b61-d669-4f17-b36d-41bca3df1f31:c1542, d2a7b1fa-fac6-4c6f-8c6d-9ac7414c70c3:c1542]
2019-07-14 04:23:39,749 INFO  client.GrpcClientProtocolClient (GrpcClientProtocolClient.java:onNext(255)) - client-8DB4338F17D0->b5da6a4a-1459-46a4-9479-d2035163dbe2: receive RaftClientReply:client-8DB4338F17D0->b5da6a4a-1459-46a4-9479-d2035163dbe2@group-4A9565783204, cid=1127, SUCCESS, logIndex=1544, commits[b5da6a4a-1459-46a4-9479-d2035163dbe2:c1544, 69c25b61-d669-4f17-b36d-41bca3df1f31:c1542, d2a7b1fa-fac6-4c6f-8c6d-9ac7414c70c3:c1542]
2019-07-14 04:23:39,753 INFO  client.GrpcClientProtocolClient (GrpcClientProtocolClient.java:onNext(255)) - client-8DB4338F17D0->b5da6a4a-1459-46a4-9479-d2035163dbe2: receive RaftClientReply:client-8DB4338F17D0->b5da6a4a-1459-46a4-9479-d2035163dbe2@group-4A9565783204, cid=1128, SUCCESS, logIndex=0, commits[b5da6a4a-1459-46a4-9479-d2035163dbe2:c1546, 69c25b61-d669-4f17-b36d-41bca3df1f31:c1544, d2a7b1fa-fac6-4c6f-8c6d-9ac7414c70c3:c1544]
2019-07-14 04:23:39,766 INFO  client.GrpcClientProtocolClient (GrpcClientProtocolClient.java:onNext(255)) - client-8DB4338F17D0->b5da6a4a-1459-46a4-9479-d2035163dbe2: receive RaftClientReply:client-8DB4338F17D0->b5da6a4a-1459-46a4-9479-d2035163dbe2@group-4A9565783204, cid=1129, SUCCESS, logIndex=1547, commits[b5da6a4a-1459-46a4-9479-d2035163dbe2:c1550, 69c25b61-d669-4f17-b36d-41bca3df1f31:c1546, d2a7b1fa-fac6-4c6f-8c6d-9ac7414c70c3:c1546]
2019-07-14 04:23:39,767 INFO  client.GrpcClientProtocolClient (GrpcClientProtocolClient.java:onNext(255)) - client-8DB4338F17D0->b5da6a4a-1459-46a4-9479-d2035163dbe2: receive RaftClientReply:client-8DB4338F17D0->b5da6a4a-1459-46a4-9479-d2035163dbe2@group-4A9565783204, cid=1130, SUCCESS, logIndex=1548, commits[b5da6a4a-1459-46a4-9479-d2035163dbe2:c1550, 69c25b61-d669-4f17-b36d-41bca3df1f31:c1546, d2a7b1fa-fac6-4c6f-8c6d-9ac7414c70c3:c1546]
2019-07-14 04:23:39,767 INFO  client.GrpcClientProtocolClient (GrpcClientProtocolClient.java:onNext(255)) - client-8DB4338F17D0->b5da6a4a-1459-46a4-9479-d2035163dbe2: receive RaftClientReply:client-8DB4338F17D0->b5da6a4a-1459-46a4-9479-d2035163dbe2@group-4A9565783204, cid=1131, SUCCESS, logIndex=1549, commits[b5da6a4a-1459-46a4-9479-d2035163dbe2:c1550, 69c25b61-d669-4f17-b36d-41bca3df1f31:c1546, d2a7b1fa-fac6-4c6f-8c6d-9ac7414c70c3:c1546]
2019-07-14 04:23:39,768 INFO  client.GrpcClientProtocolClient (GrpcClientProtocolClient.java:onNext(255)) - client-8DB4338F17D0->b5da6a4a-1459-46a4-9479-d2035163dbe2: receive RaftClientReply:client-8DB4338F17D0->b5da6a4a-1459-46a4-9479-d2035163dbe2@group-4A9565783204, cid=1132, SUCCESS, logIndex=1550, commits[b5da6a4a-1459-46a4-9479-d2035163dbe2:c1550, 69c25b61-d669-4f17-b36d-41bca3df1f31:c1546, d2a7b1fa-fac6-4c6f-8c6d-9ac7414c70c3:c1546]
2019-07-14 04:23:39,768 INFO  client.GrpcClientProtocolClient (GrpcClientProtocolClient.java:onNext(255)) - client-8DB4338F17D0->b5da6a4a-1459-46a4-9479-d2035163dbe2: receive RaftClientReply:client-8DB4338F17D0->b5da6a4a-1459-46a4-9479-d2035163dbe2@group-4A9565783204, cid=1133, SUCCESS, logIndex=0, commits[b5da6a4a-1459-46a4-9479-d2035163dbe2:c1551, 69c25b61-d669-4f17-b36d-41bca3df1f31:c1549, d2a7b1fa-fac6-4c6f-8c6d-9ac7414c70c3:c1549]
2019-07-14 04:23:39,787 INFO  client.GrpcClientProtocolClient (GrpcClientProtocolClient.java:onNext(255)) - client-8DB4338F17D0->b5da6a4a-1459-46a4-9479-d2035163dbe2: receive RaftClientReply:client-8DB4338F17D0->b5da6a4a-1459-46a4-9479-d2035163dbe2@group-4A9565783204, cid=1134, SUCCESS, logIndex=1554, commits[b5da6a4a-1459-46a4-9479-d2035163dbe2:c1555, 69c25b61-d669-4f17-b36d-41bca3df1f31:c1553, d2a7b1fa-fac6-4c6f-8c6d-9ac7414c70c3:c1553]
2019-07-14 04:23:39,787 INFO  client.GrpcClientProtocolClient (GrpcClientProtocolClient.java:onNext(255)) - client-8DB4338F17D0->b5da6a4a-1459-46a4-9479-d2035163dbe2: receive RaftClientReply:client-8DB4338F17D0->b5da6a4a-1459-46a4-9479-d2035163dbe2@group-4A9565783204, cid=1135, SUCCESS, logIndex=1555, commits[b5da6a4a-1459-46a4-9479-d2035163dbe2:c1555, 69c25b61-d669-4f17-b36d-41bca3df1f31:c1553, d2a7b1fa-fac6-4c6f-8c6d-9ac7414c70c3:c1553]
2019-07-14 04:23:39,886 INFO  client.GrpcClientProtocolClient (GrpcClientProtocolClient.java:onNext(255)) - client-8DB4338F17D0->b5da6a4a-1459-46a4-9479-d2035163dbe2: receive RaftClientReply:client-8DB4338F17D0->b5da6a4a-1459-46a4-9479-d2035163dbe2@group-4A9565783204, cid=1136, SUCCESS, logIndex=1558, commits[b5da6a4a-1459-46a4-9479-d2035163dbe2:c1559, 69c25b61-d669-4f17-b36d-41bca3df1f31:c1557, d2a7b1fa-fac6-4c6f-8c6d-9ac7414c70c3:c1555]
2019-07-14 04:23:39,887 INFO  client.GrpcClientProtocolClient (GrpcClientProtocolClient.java:onNext(255)) - client-8DB4338F17D0->b5da6a4a-1459-46a4-9479-d2035163dbe2: receive RaftClientReply:client-8DB4338F17D0->b5da6a4a-1459-46a4-9479-d2035163dbe2@group-4A9565783204, cid=1137, SUCCESS, logIndex=1559, commits[b5da6a4a-1459-46a4-9479-d2035163dbe2:c1559, 69c25b61-d669-4f17-b36d-41bca3df1f31:c1557, d2a7b1fa-fac6-4c6f-8c6d-9ac7414c70c3:c1557]
2019-07-14 04:23:39,896 INFO  client.GrpcClientProtocolClient (GrpcClientProtocolClient.java:onNext(255)) - client-8DB4338F17D0->b5da6a4a-1459-46a4-9479-d2035163dbe2: receive RaftClientReply:client-8DB4338F17D0->b5da6a4a-1459-46a4-9479-d2035163dbe2@group-4A9565783204, cid=1138, SUCCESS, logIndex=0, commits[b5da6a4a-1459-46a4-9479-d2035163dbe2:c1560, 69c25b61-d669-4f17-b36d-41bca3df1f31:c1559, d2a7b1fa-fac6-4c6f-8c6d-9ac7414c70c3:c1559]
2019-07-14 04:23:39,907 INFO  client.GrpcClientProtocolClient (GrpcClientProtocolClient.java:onNext(255)) - client-8DB4338F17D0->b5da6a4a-1459-46a4-9479-d2035163dbe2: receive RaftClientReply:client-8DB4338F17D0->b5da6a4a-1459-46a4-9479-d2035163dbe2@group-4A9565783204, cid=1139, SUCCESS, logIndex=1562, commits[b5da6a4a-1459-46a4-9479-d2035163dbe2:c1563, 69c25b61-d669-4f17-b36d-41bca3df1f31:c1559, d2a7b1fa-fac6-4c6f-8c6d-9ac7414c70c3:c1561]
2019-07-14 04:23:39,908 INFO  client.GrpcClientProtocolClient (GrpcClientProtocolClient.java:onNext(255)) - client-8DB4338F17D0->b5da6a4a-1459-46a4-9479-d2035163dbe2: receive RaftClientReply:client-8DB4338F17D0->b5da6a4a-1459-46a4-9479-d2035163dbe2@group-4A9565783204, cid=1140, SUCCESS, logIndex=1563, commits[b5da6a4a-1459-46a4-9479-d2035163dbe2:c1563, 69c25b61-d669-4f17-b36d-41bca3df1f31:c1559, d2a7b1fa-fac6-4c6f-8c6d-9ac7414c70c3:c1561]
2019-07-14 04:23:39,910 INFO  client.GrpcClientProtocolClient (GrpcClientProtocolClient.java:onNext(255)) - client-8DB4338F17D0->b5da6a4a-1459-46a4-9479-d2035163dbe2: receive RaftClientReply:client-8DB4338F17D0->b5da6a4a-1459-46a4-9479-d2035163dbe2@group-4A9565783204, cid=1141, SUCCESS, logIndex=1564, commits[b5da6a4a-1459-46a4-9479-d2035163dbe2:c1565, 69c25b61-d669-4f17-b36d-41bca3df1f31:c1561, d2a7b1fa-fac6-4c6f-8c6d-9ac7414c70c3:c1561]
2019-07-14 04:23:39,910 INFO  client.GrpcClientProtocolClient (GrpcClientProtocolClient.java:onNext(255)) - client-8DB4338F17D0->b5da6a4a-1459-46a4-9479-d2035163dbe2: receive RaftClientReply:client-8DB4338F17D0->b5da6a4a-1459-46a4-9479-d2035163dbe2@group-4A9565783204, cid=1142, SUCCESS, logIndex=1565, commits[b5da6a4a-1459-46a4-9479-d2035163dbe2:c1567, 69c25b61-d669-4f17-b36d-41bca3df1f31:c1563, d2a7b1fa-fac6-4c6f-8c6d-9ac7414c70c3:c1563]
2019-07-14 04:23:39,930 INFO  client.GrpcClientProtocolClient (GrpcClientProtocolClient.java:onNext(255)) - client-8DB4338F17D0->b5da6a4a-1459-46a4-9479-d2035163dbe2: receive RaftClientReply:client-8DB4338F17D0->b5da6a4a-1459-46a4-9479-d2035163dbe2@group-4A9565783204, cid=1143, SUCCESS, logIndex=1570, commits[b5da6a4a-1459-46a4-9479-d2035163dbe2:c1571, 69c25b61-d669-4f17-b36d-41bca3df1f31:c1569, d2a7b1fa-fac6-4c6f-8c6d-9ac7414c70c3:c1569]
2019-07-14 04:23:39,930 INFO  client.GrpcClientProtocolClient (GrpcClientProtocolClient.java:onNext(255)) - client-8DB4338F17D0->b5da6a4a-1459-46a4-9479-d2035163dbe2: receive RaftClientReply:client-8DB4338F17D0->b5da6a4a-1459-46a4-9479-d2035163dbe2@group-4A9565783204, cid=1144, SUCCESS, logIndex=1571, commits[b5da6a4a-1459-46a4-9479-d2035163dbe2:c1571, 69c25b61-d669-4f17-b36d-41bca3df1f31:c1569, d2a7b1fa-fac6-4c6f-8c6d-9ac7414c70c3:c1569]
2019-07-14 04:23:39,943 INFO  client.GrpcClientProtocolClient (GrpcClientProtocolClient.java:onNext(255)) - client-8DB4338F17D0->b5da6a4a-1459-46a4-9479-d2035163dbe2: receive RaftClientReply:client-8DB4338F17D0->b5da6a4a-1459-46a4-9479-d2035163dbe2@group-4A9565783204, cid=1145, SUCCESS, logIndex=1574, commits[b5da6a4a-1459-46a4-9479-d2035163dbe2:c1575, 69c25b61-d669-4f17-b36d-41bca3df1f31:c1571, d2a7b1fa-fac6-4c6f-8c6d-9ac7414c70c3:c1571]
2019-07-14 04:23:39,944 INFO  client.GrpcClientProtocolClient (GrpcClientProtocolClient.java:onNext(255)) - client-8DB4338F17D0->b5da6a4a-1459-46a4-9479-d2035163dbe2: receive RaftClientReply:client-8DB4338F17D0->b5da6a4a-1459-46a4-9479-d2035163dbe2@group-4A9565783204, cid=1146, SUCCESS, logIndex=1575, commits[b5da6a4a-1459-46a4-9479-d2035163dbe2:c1575, 69c25b61-d669-4f17-b36d-41bca3df1f31:c1571, d2a7b1fa-fac6-4c6f-8c6d-9ac7414c70c3:c1571]
2019-07-14 04:23:39,947 INFO  client.GrpcClientProtocolClient (GrpcClientProtocolClient.java:onNext(255)) - client-8DB4338F17D0->b5da6a4a-1459-46a4-9479-d2035163dbe2: receive RaftClientReply:client-8DB4338F17D0->b5da6a4a-1459-46a4-9479-d2035163dbe2@group-4A9565783204, cid=1147, SUCCESS, logIndex=0, commits[b5da6a4a-1459-46a4-9479-d2035163dbe2:c1577, 69c25b61-d669-4f17-b36d-41bca3df1f31:c1575, d2a7b1fa-fac6-4c6f-8c6d-9ac7414c70c3:c1575]
2019-07-14 04:23:39,964 INFO  client.GrpcClientProtocolClient (GrpcClientProtocolClient.java:onNext(255)) - client-8DB4338F17D0->b5da6a4a-1459-46a4-9479-d2035163dbe2: receive RaftClientReply:client-8DB4338F17D0->b5da6a4a-1459-46a4-9479-d2035163dbe2@group-4A9565783204, cid=1148, SUCCESS, logIndex=1578, commits[b5da6a4a-1459-46a4-9479-d2035163dbe2:c1579, 69c25b61-d669-4f17-b36d-41bca3df1f31:c1577, d2a7b1fa-fac6-4c6f-8c6d-9ac7414c70c3:c1577]
2019-07-14 04:23:39,965 INFO  client.GrpcClientProtocolClient (GrpcClientProtocolClient.java:onNext(255)) - client-8DB4338F17D0->b5da6a4a-1459-46a4-9479-d2035163dbe2: receive RaftClientReply:client-8DB4338F17D0->b5da6a4a-1459-46a4-9479-d2035163dbe2@group-4A9565783204, cid=1149, SUCCESS, logIndex=1579, commits[b5da6a4a-1459-46a4-9479-d2035163dbe2:c1579, 69c25b61-d669-4f17-b36d-41bca3df1f31:c1577, d2a7b1fa-fac6-4c6f-8c6d-9ac7414c70c3:c1577]
2019-07-14 04:23:39,965 INFO  client.GrpcClientProtocolClient (GrpcClientProtocolClient.java:onNext(255)) - client-8DB4338F17D0->b5da6a4a-1459-46a4-9479-d2035163dbe2: receive RaftClientReply:client-8DB4338F17D0->b5da6a4a-1459-46a4-9479-d2035163dbe2@group-4A9565783204, cid=1150, SUCCESS, logIndex=1580, commits[b5da6a4a-1459-46a4-9479-d2035163dbe2:c1581, 69c25b61-d669-4f17-b36d-41bca3df1f31:c1577, d2a7b1fa-fac6-4c6f-8c6d-9ac7414c70c3:c1577]
2019-07-14 04:23:39,965 INFO  client.GrpcClientProtocolClient (GrpcClientProtocolClient.java:onNext(255)) - client-8DB4338F17D0->b5da6a4a-1459-46a4-9479-d2035163dbe2: receive RaftClientReply:client-8DB4338F17D0->b5da6a4a-1459-46a4-9479-d2035163dbe2@group-4A9565783204, cid=1151, SUCCESS, logIndex=1581, commits[b5da6a4a-1459-46a4-9479-d2035163dbe2:c1581, 69c25b61-d669-4f17-b36d-41bca3df1f31:c1577, d2a7b1fa-fac6-4c6f-8c6d-9ac7414c70c3:c1577]
2019-07-14 04:23:39,968 INFO  client.GrpcClientProtocolClient (GrpcClientProtocolClient.java:onNext(255)) - client-8DB4338F17D0->b5da6a4a-1459-46a4-9479-d2035163dbe2: receive RaftClientReply:client-8DB4338F17D0->b5da6a4a-1459-46a4-9479-d2035163dbe2@group-4A9565783204, cid=1152, SUCCESS, logIndex=0, commits[b5da6a4a-1459-46a4-9479-d2035163dbe2:c1583, 69c25b61-d669-4f17-b36d-41bca3df1f31:c1579, d2a7b1fa-fac6-4c6f-8c6d-9ac7414c70c3:c1579]
2019-07-14 04:23:39,986 INFO  client.GrpcClientProtocolClient (GrpcClientProtocolClient.java:onNext(255)) - client-8DB4338F17D0->b5da6a4a-1459-46a4-9479-d2035163dbe2: receive RaftClientReply:client-8DB4338F17D0->b5da6a4a-1459-46a4-9479-d2035163dbe2@group-4A9565783204, cid=1153, SUCCESS, logIndex=1586, commits[b5da6a4a-1459-46a4-9479-d2035163dbe2:c1587, 69c25b61-d669-4f17-b36d-41bca3df1f31:c1585, d2a7b1fa-fac6-4c6f-8c6d-9ac7414c70c3:c1585]
2019-07-14 04:23:39,986 INFO  client.GrpcClientProtocolClient (GrpcClientProtocolClient.java:onNext(255)) - client-8DB4338F17D0->b5da6a4a-1459-46a4-9479-d2035163dbe2: receive RaftClientReply:client-8DB4338F17D0->b5da6a4a-1459-46a4-9479-d2035163dbe2@group-4A9565783204, cid=1154, SUCCESS, logIndex=1587, commits[b5da6a4a-1459-46a4-9479-d2035163dbe2:c1587, 69c25b61-d669-4f17-b36d-41bca3df1f31:c1585, d2a7b1fa-fac6-4c6f-8c6d-9ac7414c70c3:c1585]
2019-07-14 04:23:39,998 INFO  client.GrpcClientProtocolClient (GrpcClientProtocolClient.java:onNext(255)) - client-8DB4338F17D0->b5da6a4a-1459-46a4-9479-d2035163dbe2: receive RaftClientReply:client-8DB4338F17D0->b5da6a4a-1459-46a4-9479-d2035163dbe2@group-4A9565783204, cid=1155, SUCCESS, logIndex=1590, commits[b5da6a4a-1459-46a4-9479-d2035163dbe2:c1591, 69c25b61-d669-4f17-b36d-41bca3df1f31:c1587, d2a7b1fa-fac6-4c6f-8c6d-9ac7414c70c3:c1587]
2019-07-14 04:23:39,999 INFO  client.GrpcClientProtocolClient (GrpcClientProtocolClient.java:onNext(255)) - client-8DB4338F17D0->b5da6a4a-1459-46a4-9479-d2035163dbe2: receive RaftClientReply:client-8DB4338F17D0->b5da6a4a-1459-46a4-9479-d2035163dbe2@group-4A9565783204, cid=1156, SUCCESS, logIndex=1591, commits[b5da6a4a-1459-46a4-9479-d2035163dbe2:c1591, 69c25b61-d669-4f17-b36d-41bca3df1f31:c1587, d2a7b1fa-fac6-4c6f-8c6d-9ac7414c70c3:c1587]
2019-07-14 04:23:40,008 INFO  client.GrpcClientProtocolClient (GrpcClientProtocolClient.java:onNext(255)) - client-8DB4338F17D0->b5da6a4a-1459-46a4-9479-d2035163dbe2: receive RaftClientReply:client-8DB4338F17D0->b5da6a4a-1459-46a4-9479-d2035163dbe2@group-4A9565783204, cid=1157, SUCCESS, logIndex=0, commits[b5da6a4a-1459-46a4-9479-d2035163dbe2:c1592, 69c25b61-d669-4f17-b36d-41bca3df1f31:c1591, d2a7b1fa-fac6-4c6f-8c6d-9ac7414c70c3:c1591]
2019-07-14 04:23:40,018 INFO  client.GrpcClientProtocolClient (GrpcClientProtocolClient.java:onNext(255)) - client-8DB4338F17D0->b5da6a4a-1459-46a4-9479-d2035163dbe2: receive RaftClientReply:client-8DB4338F17D0->b5da6a4a-1459-46a4-9479-d2035163dbe2@group-4A9565783204, cid=1158, SUCCESS, logIndex=1594, commits[b5da6a4a-1459-46a4-9479-d2035163dbe2:c1595, 69c25b61-d669-4f17-b36d-41bca3df1f31:c1591, d2a7b1fa-fac6-4c6f-8c6d-9ac7414c70c3:c1593]
2019-07-14 04:23:40,019 INFO  client.GrpcClientProtocolClient (GrpcClientProtocolClient.java:onNext(255)) - client-8DB4338F17D0->b5da6a4a-1459-46a4-9479-d2035163dbe2: receive RaftClientReply:client-8DB4338F17D0->b5da6a4a-1459-46a4-9479-d2035163dbe2@group-4A9565783204, cid=1159, SUCCESS, logIndex=1595, commits[b5da6a4a-1459-46a4-9479-d2035163dbe2:c1595, 69c25b61-d669-4f17-b36d-41bca3df1f31:c1593, d2a7b1fa-fac6-4c6f-8c6d-9ac7414c70c3:c1593]
2019-07-14 04:23:40,021 INFO  client.GrpcClientProtocolClient (GrpcClientProtocolClient.java:onNext(255)) - client-8DB4338F17D0->b5da6a4a-1459-46a4-9479-d2035163dbe2: receive RaftClientReply:client-8DB4338F17D0->b5da6a4a-1459-46a4-9479-d2035163dbe2@group-4A9565783204, cid=1160, SUCCESS, logIndex=1596, commits[b5da6a4a-1459-46a4-9479-d2035163dbe2:c1598, 69c25b61-d669-4f17-b36d-41bca3df1f31:c1593, d2a7b1fa-fac6-4c6f-8c6d-9ac7414c70c3:c1595]
2019-07-14 04:23:40,021 INFO  client.GrpcClientProtocolClient (GrpcClientProtocolClient.java:onNext(255)) - client-8DB4338F17D0->b5da6a4a-1459-46a4-9479-d2035163dbe2: receive RaftClientReply:client-8DB4338F17D0->b5da6a4a-1459-46a4-9479-d2035163dbe2@group-4A9565783204, cid=1161, SUCCESS, logIndex=1597, commits[b5da6a4a-1459-46a4-9479-d2035163dbe2:c1599, 69c25b61-d669-4f17-b36d-41bca3df1f31:c1593, d2a7b1fa-fac6-4c6f-8c6d-9ac7414c70c3:c1595]
2019-07-14 04:23:40,022 INFO  client.GrpcClientProtocolClient (GrpcClientProtocolClient.java:onNext(255)) - client-8DB4338F17D0->b5da6a4a-1459-46a4-9479-d2035163dbe2: receive RaftClientReply:client-8DB4338F17D0->b5da6a4a-1459-46a4-9479-d2035163dbe2@group-4A9565783204, cid=1162, SUCCESS, logIndex=0, commits[b5da6a4a-1459-46a4-9479-d2035163dbe2:c1600, 69c25b61-d669-4f17-b36d-41bca3df1f31:c1595, d2a7b1fa-fac6-4c6f-8c6d-9ac7414c70c3:c1596]
2019-07-14 04:23:40,039 INFO  client.GrpcClientProtocolClient (GrpcClientProtocolClient.java:onNext(255)) - client-8DB4338F17D0->b5da6a4a-1459-46a4-9479-d2035163dbe2: receive RaftClientReply:client-8DB4338F17D0->b5da6a4a-1459-46a4-9479-d2035163dbe2@group-4A9565783204, cid=1163, SUCCESS, logIndex=1602, commits[b5da6a4a-1459-46a4-9479-d2035163dbe2:c1603, 69c25b61-d669-4f17-b36d-41bca3df1f31:c1601, d2a7b1fa-fac6-4c6f-8c6d-9ac7414c70c3:c1601]
2019-07-14 04:23:40,039 INFO  client.GrpcClientProtocolClient (GrpcClientProtocolClient.java:onNext(255)) - client-8DB4338F17D0->b5da6a4a-1459-46a4-9479-d2035163dbe2: receive RaftClientReply:client-8DB4338F17D0->b5da6a4a-1459-46a4-9479-d2035163dbe2@group-4A9565783204, cid=1164, SUCCESS, logIndex=1603, commits[b5da6a4a-1459-46a4-9479-d2035163dbe2:c1603, 69c25b61-d669-4f17-b36d-41bca3df1f31:c1601, d2a7b1fa-fac6-4c6f-8c6d-9ac7414c70c3:c1601]
2019-07-14 04:23:40,058 INFO  client.GrpcClientProtocolClient (GrpcClientProtocolClient.java:onNext(255)) - client-8DB4338F17D0->b5da6a4a-1459-46a4-9479-d2035163dbe2: receive RaftClientReply:client-8DB4338F17D0->b5da6a4a-1459-46a4-9479-d2035163dbe2@group-4A9565783204, cid=1165, SUCCESS, logIndex=1606, commits[b5da6a4a-1459-46a4-9479-d2035163dbe2:c1607, 69c25b61-d669-4f17-b36d-41bca3df1f31:c1605, d2a7b1fa-fac6-4c6f-8c6d-9ac7414c70c3:c1605]
2019-07-14 04:23:40,058 INFO  client.GrpcClientProtocolClient (GrpcClientProtocolClient.java:onNext(255)) - client-8DB4338F17D0->b5da6a4a-1459-46a4-9479-d2035163dbe2: receive RaftClientReply:client-8DB4338F17D0->b5da6a4a-1459-46a4-9479-d2035163dbe2@group-4A9565783204, cid=1166, SUCCESS, logIndex=1607, commits[b5da6a4a-1459-46a4-9479-d2035163dbe2:c1607, 69c25b61-d669-4f17-b36d-41bca3df1f31:c1605, d2a7b1fa-fac6-4c6f-8c6d-9ac7414c70c3:c1605]
2019-07-14 04:23:40,062 INFO  client.GrpcClientProtocolClient (GrpcClientProtocolClient.java:onNext(255)) - client-8DB4338F17D0->b5da6a4a-1459-46a4-9479-d2035163dbe2: receive RaftClientReply:client-8DB4338F17D0->b5da6a4a-1459-46a4-9479-d2035163dbe2@group-4A9565783204, cid=1167, SUCCESS, logIndex=0, commits[b5da6a4a-1459-46a4-9479-d2035163dbe2:c1609, 69c25b61-d669-4f17-b36d-41bca3df1f31:c1607, d2a7b1fa-fac6-4c6f-8c6d-9ac7414c70c3:c1607]
2019-07-14 04:23:40,079 INFO  client.GrpcClientProtocolClient (GrpcClientProtocolClient.java:onNext(255)) - client-8DB4338F17D0->b5da6a4a-1459-46a4-9479-d2035163dbe2: receive RaftClientReply:client-8DB4338F17D0->b5da6a4a-1459-46a4-9479-d2035163dbe2@group-4A9565783204, cid=1168, SUCCESS, logIndex=1610, commits[b5da6a4a-1459-46a4-9479-d2035163dbe2:c1611, 69c25b61-d669-4f17-b36d-41bca3df1f31:c1609, d2a7b1fa-fac6-4c6f-8c6d-9ac7414c70c3:c1609]
2019-07-14 04:23:40,080 INFO  client.GrpcClientProtocolClient (GrpcClientProtocolClient.java:onNext(255)) - client-8DB4338F17D0->b5da6a4a-1459-46a4-9479-d2035163dbe2: receive RaftClientReply:client-8DB4338F17D0->b5da6a4a-1459-46a4-9479-d2035163dbe2@group-4A9565783204, cid=1169, SUCCESS, logIndex=1611, commits[b5da6a4a-1459-46a4-9479-d2035163dbe2:c1611, 69c25b61-d669-4f17-b36d-41bca3df1f31:c1609, d2a7b1fa-fac6-4c6f-8c6d-9ac7414c70c3:c1609]
2019-07-14 04:23:40,080 INFO  client.GrpcClientProtocolClient (GrpcClientProtocolClient.java:onNext(255)) - client-8DB4338F17D0->b5da6a4a-1459-46a4-9479-d2035163dbe2: receive RaftClientReply:client-8DB4338F17D0->b5da6a4a-1459-46a4-9479-d2035163dbe2@group-4A9565783204, cid=1170, SUCCESS, logIndex=1612, commits[b5da6a4a-1459-46a4-9479-d2035163dbe2:c1613, 69c25b61-d669-4f17-b36d-41bca3df1f31:c1609, d2a7b1fa-fac6-4c6f-8c6d-9ac7414c70c3:c1609]
2019-07-14 04:23:40,081 INFO  client.GrpcClientProtocolClient (GrpcClientProtocolClient.java:onNext(255)) - client-8DB4338F17D0->b5da6a4a-1459-46a4-9479-d2035163dbe2: receive RaftClientReply:client-8DB4338F17D0->b5da6a4a-1459-46a4-9479-d2035163dbe2@group-4A9565783204, cid=1171, SUCCESS, logIndex=1613, commits[b5da6a4a-1459-46a4-9479-d2035163dbe2:c1613, 69c25b61-d669-4f17-b36d-41bca3df1f31:c1609, d2a7b1fa-fac6-4c6f-8c6d-9ac7414c70c3:c1609]
2019-07-14 04:23:40,093 INFO  client.GrpcClientProtocolClient (GrpcClientProtocolClient.java:onNext(255)) - client-8DB4338F17D0->b5da6a4a-1459-46a4-9479-d2035163dbe2: receive RaftClientReply:client-8DB4338F17D0->b5da6a4a-1459-46a4-9479-d2035163dbe2@group-4A9565783204, cid=1172, SUCCESS, logIndex=0, commits[b5da6a4a-1459-46a4-9479-d2035163dbe2:c1615, 69c25b61-d669-4f17-b36d-41bca3df1f31:c1611, d2a7b1fa-fac6-4c6f-8c6d-9ac7414c70c3:c1611]
2019-07-14 04:23:40,102 INFO  client.GrpcClientProtocolClient (GrpcClientProtocolClient.java:onNext(255)) - client-8DB4338F17D0->b5da6a4a-1459-46a4-9479-d2035163dbe2: receive RaftClientReply:client-8DB4338F17D0->b5da6a4a-1459-46a4-9479-d2035163dbe2@group-4A9565783204, cid=1173, SUCCESS, logIndex=1618, commits[b5da6a4a-1459-46a4-9479-d2035163dbe2:c1619, 69c25b61-d669-4f17-b36d-41bca3df1f31:c1617, d2a7b1fa-fac6-4c6f-8c6d-9ac7414c70c3:c1617]
2019-07-14 04:23:40,103 INFO  client.GrpcClientProtocolClient (GrpcClientProtocolClient.java:onNext(255)) - client-8DB4338F17D0->b5da6a4a-1459-46a4-9479-d2035163dbe2: receive RaftClientReply:client-8DB4338F17D0->b5da6a4a-1459-46a4-9479-d2035163dbe2@group-4A9565783204, cid=1174, SUCCESS, logIndex=1619, commits[b5da6a4a-1459-46a4-9479-d2035163dbe2:c1619, 69c25b61-d669-4f17-b36d-41bca3df1f31:c1617, d2a7b1fa-fac6-4c6f-8c6d-9ac7414c70c3:c1617]
2019-07-14 04:23:40,121 INFO  client.GrpcClientProtocolClient (GrpcClientProtocolClient.java:onNext(255)) - client-8DB4338F17D0->b5da6a4a-1459-46a4-9479-d2035163dbe2: receive RaftClientReply:client-8DB4338F17D0->b5da6a4a-1459-46a4-9479-d2035163dbe2@group-4A9565783204, cid=1175, SUCCESS, logIndex=1622, commits[b5da6a4a-1459-46a4-9479-d2035163dbe2:c1623, 69c25b61-d669-4f17-b36d-41bca3df1f31:c1621, d2a7b1fa-fac6-4c6f-8c6d-9ac7414c70c3:c1621]
2019-07-14 04:23:40,121 INFO  client.GrpcClientProtocolClient (GrpcClientProtocolClient.java:onNext(255)) - client-8DB4338F17D0->b5da6a4a-1459-46a4-9479-d2035163dbe2: receive RaftClientReply:client-8DB4338F17D0->b5da6a4a-1459-46a4-9479-d2035163dbe2@group-4A9565783204, cid=1176, SUCCESS, logIndex=1623, commits[b5da6a4a-1459-46a4-9479-d2035163dbe2:c1623, 69c25b61-d669-4f17-b36d-41bca3df1f31:c1621, d2a7b1fa-fac6-4c6f-8c6d-9ac7414c70c3:c1621]
2019-07-14 04:23:40,123 INFO  client.GrpcClientProtocolClient (GrpcClientProtocolClient.java:onNext(255)) - client-8DB4338F17D0->b5da6a4a-1459-46a4-9479-d2035163dbe2: receive RaftClientReply:client-8DB4338F17D0->b5da6a4a-1459-46a4-9479-d2035163dbe2@group-4A9565783204, cid=1177, SUCCESS, logIndex=0, commits[b5da6a4a-1459-46a4-9479-d2035163dbe2:c1624, 69c25b61-d669-4f17-b36d-41bca3df1f31:c1623, d2a7b1fa-fac6-4c6f-8c6d-9ac7414c70c3:c1623]
2019-07-14 04:23:40,134 INFO  client.GrpcClientProtocolClient (GrpcClientProtocolClient.java:onNext(255)) - client-8DB4338F17D0->b5da6a4a-1459-46a4-9479-d2035163dbe2: receive RaftClientReply:client-8DB4338F17D0->b5da6a4a-1459-46a4-9479-d2035163dbe2@group-4A9565783204, cid=1178, SUCCESS, logIndex=1626, commits[b5da6a4a-1459-46a4-9479-d2035163dbe2:c1627, 69c25b61-d669-4f17-b36d-41bca3df1f31:c1625, d2a7b1fa-fac6-4c6f-8c6d-9ac7414c70c3:c1625]
2019-07-14 04:23:40,135 INFO  client.GrpcClientProtocolClient (GrpcClientProtocolClient.java:onNext(255)) - client-8DB4338F17D0->b5da6a4a-1459-46a4-9479-d2035163dbe2: receive RaftClientReply:client-8DB4338F17D0->b5da6a4a-1459-46a4-9479-d2035163dbe2@group-4A9565783204, cid=1179, SUCCESS, logIndex=1627, commits[b5da6a4a-1459-46a4-9479-d2035163dbe2:c1627, 69c25b61-d669-4f17-b36d-41bca3df1f31:c1625, d2a7b1fa-fac6-4c6f-8c6d-9ac7414c70c3:c1625]
2019-07-14 04:23:40,135 INFO  client.GrpcClientProtocolClient (GrpcClientProtocolClient.java:onNext(255)) - client-8DB4338F17D0->b5da6a4a-1459-46a4-9479-d2035163dbe2: receive RaftClientReply:client-8DB4338F17D0->b5da6a4a-1459-46a4-9479-d2035163dbe2@group-4A9565783204, cid=1180, SUCCESS, logIndex=1628, commits[b5da6a4a-1459-46a4-9479-d2035163dbe2:c1629, 69c25b61-d669-4f17-b36d-41bca3df1f31:c1625, d2a7b1fa-fac6-4c6f-8c6d-9ac7414c70c3:c1625]
2019-07-14 04:23:40,135 INFO  client.GrpcClientProtocolClient (GrpcClientProtocolClient.java:onNext(255)) - client-8DB4338F17D0->b5da6a4a-1459-46a4-9479-d2035163dbe2: receive RaftClientReply:client-8DB4338F17D0->b5da6a4a-1459-46a4-9479-d2035163dbe2@group-4A9565783204, cid=1181, SUCCESS, logIndex=1629, commits[b5da6a4a-1459-46a4-9479-d2035163dbe2:c1629, 69c25b61-d669-4f17-b36d-41bca3df1f31:c1625, d2a7b1fa-fac6-4c6f-8c6d-9ac7414c70c3:c1625]
2019-07-14 04:23:40,139 INFO  client.GrpcClientProtocolClient (GrpcClientProtocolClient.java:onNext(255)) - client-8DB4338F17D0->b5da6a4a-1459-46a4-9479-d2035163dbe2: receive RaftClientReply:client-8DB4338F17D0->b5da6a4a-1459-46a4-9479-d2035163dbe2@group-4A9565783204, cid=1182, SUCCESS, logIndex=0, commits[b5da6a4a-1459-46a4-9479-d2035163dbe2:c1631, 69c25b61-d669-4f17-b36d-41bca3df1f31:c1627, d2a7b1fa-fac6-4c6f-8c6d-9ac7414c70c3:c1627]
2019-07-14 04:23:40,156 INFO  client.GrpcClientProtocolClient (GrpcClientProtocolClient.java:onNext(255)) - client-8DB4338F17D0->b5da6a4a-1459-46a4-9479-d2035163dbe2: receive RaftClientReply:client-8DB4338F17D0->b5da6a4a-1459-46a4-9479-d2035163dbe2@group-4A9565783204, cid=1183, SUCCESS, logIndex=1634, commits[b5da6a4a-1459-46a4-9479-d2035163dbe2:c1635, 69c25b61-d669-4f17-b36d-41bca3df1f31:c1633, d2a7b1fa-fac6-4c6f-8c6d-9ac7414c70c3:c1633]
2019-07-14 04:23:40,156 INFO  client.GrpcClientProtocolClient (GrpcClientProtocolClient.java:onNext(255)) - client-8DB4338F17D0->b5da6a4a-1459-46a4-9479-d2035163dbe2: receive RaftClientReply:client-8DB4338F17D0->b5da6a4a-1459-46a4-9479-d2035163dbe2@group-4A9565783204, cid=1184, SUCCESS, logIndex=1635, commits[b5da6a4a-1459-46a4-9479-d2035163dbe2:c1635, 69c25b61-d669-4f17-b36d-41bca3df1f31:c1633, d2a7b1fa-fac6-4c6f-8c6d-9ac7414c70c3:c1633]
 0.00% |█                                                                                                    |  0/1 Time: 0:00:052019-07-14 04:23:40,170 INFO  client.GrpcClientProtocolClient (GrpcClientProtocolClient.java:onNext(255)) - client-8DB4338F17D0->b5da6a4a-1459-46a4-9479-d2035163dbe2: receive RaftClientReply:client-8DB4338F17D0->b5da6a4a-1459-46a4-9479-d2035163dbe2@group-4A9565783204, cid=1185, SUCCESS, logIndex=1638, commits[b5da6a4a-1459-46a4-9479-d2035163dbe2:c1639, 69c25b61-d669-4f17-b36d-41bca3df1f31:c1635, d2a7b1fa-fac6-4c6f-8c6d-9ac7414c70c3:c1635]
2019-07-14 04:23:40,170 INFO  client.GrpcClientProtocolClient (GrpcClientProtocolClient.java:onNext(255)) - client-8DB4338F17D0->b5da6a4a-1459-46a4-9479-d2035163dbe2: receive RaftClientReply:client-8DB4338F17D0->b5da6a4a-1459-46a4-9479-d2035163dbe2@group-4A9565783204, cid=1186, SUCCESS, logIndex=1639, commits[b5da6a4a-1459-46a4-9479-d2035163dbe2:c1639, 69c25b61-d669-4f17-b36d-41bca3df1f31:c1635, d2a7b1fa-fac6-4c6f-8c6d-9ac7414c70c3:c1635]
2019-07-14 04:23:40,175 INFO  client.GrpcClientProtocolClient (GrpcClientProtocolClient.java:onNext(255)) - client-8DB4338F17D0->b5da6a4a-1459-46a4-9479-d2035163dbe2: receive RaftClientReply:client-8DB4338F17D0->b5da6a4a-1459-46a4-9479-d2035163dbe2@group-4A9565783204, cid=1187, SUCCESS, logIndex=0, commits[b5da6a4a-1459-46a4-9479-d2035163dbe2:c1641, 69c25b61-d669-4f17-b36d-41bca3df1f31:c1639, d2a7b1fa-fac6-4c6f-8c6d-9ac7414c70c3:c1639]
2019-07-14 04:23:40,186 INFO  client.GrpcClientProtocolClient (GrpcClientProtocolClient.java:onNext(255)) - client-8DB4338F17D0->b5da6a4a-1459-46a4-9479-d2035163dbe2: receive RaftClientReply:client-8DB4338F17D0->b5da6a4a-1459-46a4-9479-d2035163dbe2@group-4A9565783204, cid=1188, SUCCESS, logIndex=1642, commits[b5da6a4a-1459-46a4-9479-d2035163dbe2:c1643, 69c25b61-d669-4f17-b36d-41bca3df1f31:c1641, d2a7b1fa-fac6-4c6f-8c6d-9ac7414c70c3:c1641]
2019-07-14 04:23:40,186 INFO  client.GrpcClientProtocolClient (GrpcClientProtocolClient.java:onNext(255)) - client-8DB4338F17D0->b5da6a4a-1459-46a4-9479-d2035163dbe2: receive RaftClientReply:client-8DB4338F17D0->b5da6a4a-1459-46a4-9479-d2035163dbe2@group-4A9565783204, cid=1189, SUCCESS, logIndex=1643, commits[b5da6a4a-1459-46a4-9479-d2035163dbe2:c1643, 69c25b61-d669-4f17-b36d-41bca3df1f31:c1641, d2a7b1fa-fac6-4c6f-8c6d-9ac7414c70c3:c1641]
2019-07-14 04:23:40,187 INFO  client.GrpcClientProtocolClient (GrpcClientProtocolClient.java:onNext(255)) - client-8DB4338F17D0->b5da6a4a-1459-46a4-9479-d2035163dbe2: receive RaftClientReply:client-8DB4338F17D0->b5da6a4a-1459-46a4-9479-d2035163dbe2@group-4A9565783204, cid=1190, SUCCESS, logIndex=1644, commits[b5da6a4a-1459-46a4-9479-d2035163dbe2:c1645, 69c25b61-d669-4f17-b36d-41bca3df1f31:c1643, d2a7b1fa-fac6-4c6f-8c6d-9ac7414c70c3:c1641]
2019-07-14 04:23:40,188 INFO  client.GrpcClientProtocolClient (GrpcClientProtocolClient.java:onNext(255)) - client-8DB4338F17D0->b5da6a4a-1459-46a4-9479-d2035163dbe2: receive RaftClientReply:client-8DB4338F17D0->b5da6a4a-1459-46a4-9479-d2035163dbe2@group-4A9565783204, cid=1191, SUCCESS, logIndex=1645, commits[b5da6a4a-1459-46a4-9479-d2035163dbe2:c1647, 69c25b61-d669-4f17-b36d-41bca3df1f31:c1643, d2a7b1fa-fac6-4c6f-8c6d-9ac7414c70c3:c1643]
2019-07-14 04:23:40,200 INFO  client.GrpcClientProtocolClient (GrpcClientProtocolClient.java:onNext(255)) - client-8DB4338F17D0->b5da6a4a-1459-46a4-9479-d2035163dbe2: receive RaftClientReply:client-8DB4338F17D0->b5da6a4a-1459-46a4-9479-d2035163dbe2@group-4A9565783204, cid=1192, SUCCESS, logIndex=1650, commits[b5da6a4a-1459-46a4-9479-d2035163dbe2:c1651, 69c25b61-d669-4f17-b36d-41bca3df1f31:c1645, d2a7b1fa-fac6-4c6f-8c6d-9ac7414c70c3:c1648]
2019-07-14 04:23:40,200 INFO  client.GrpcClientProtocolClient (GrpcClientProtocolClient.java:onNext(255)) - client-8DB4338F17D0->b5da6a4a-1459-46a4-9479-d2035163dbe2: receive RaftClientReply:client-8DB4338F17D0->b5da6a4a-1459-46a4-9479-d2035163dbe2@group-4A9565783204, cid=1193, SUCCESS, logIndex=1651, commits[b5da6a4a-1459-46a4-9479-d2035163dbe2:c1651, 69c25b61-d669-4f17-b36d-41bca3df1f31:c1648, d2a7b1fa-fac6-4c6f-8c6d-9ac7414c70c3:c1648]
2019-07-14 04:23:40,214 INFO  client.GrpcClientProtocolClient (GrpcClientProtocolClient.java:onNext(255)) - client-8DB4338F17D0->b5da6a4a-1459-46a4-9479-d2035163dbe2: receive RaftClientReply:client-8DB4338F17D0->b5da6a4a-1459-46a4-9479-d2035163dbe2@group-4A9565783204, cid=1194, SUCCESS, logIndex=1654, commits[b5da6a4a-1459-46a4-9479-d2035163dbe2:c1655, 69c25b61-d669-4f17-b36d-41bca3df1f31:c1653, d2a7b1fa-fac6-4c6f-8c6d-9ac7414c70c3:c1653]
2019-07-14 04:23:40,214 INFO  client.GrpcClientProtocolClient (GrpcClientProtocolClient.java:onNext(255)) - client-8DB4338F17D0->b5da6a4a-1459-46a4-9479-d2035163dbe2: receive RaftClientReply:client-8DB4338F17D0->b5da6a4a-1459-46a4-9479-d2035163dbe2@group-4A9565783204, cid=1195, SUCCESS, logIndex=1655, commits[b5da6a4a-1459-46a4-9479-d2035163dbe2:c1655, 69c25b61-d669-4f17-b36d-41bca3df1f31:c1653, d2a7b1fa-fac6-4c6f-8c6d-9ac7414c70c3:c1653]
2019-07-14 04:23:40,218 INFO  client.GrpcClientProtocolClient (GrpcClientProtocolClient.java:onNext(255)) - client-8DB4338F17D0->b5da6a4a-1459-46a4-9479-d2035163dbe2: receive RaftClientReply:client-8DB4338F17D0->b5da6a4a-1459-46a4-9479-d2035163dbe2@group-4A9565783204, cid=1196, SUCCESS, logIndex=0, commits[b5da6a4a-1459-46a4-9479-d2035163dbe2:c1656, 69c25b61-d669-4f17-b36d-41bca3df1f31:c1655, d2a7b1fa-fac6-4c6f-8c6d-9ac7414c70c3:c1655]
2019-07-14 04:23:40,229 INFO  client.GrpcClientProtocolClient (GrpcClientProtocolClient.java:onNext(255)) - client-8DB4338F17D0->b5da6a4a-1459-46a4-9479-d2035163dbe2: receive RaftClientReply:client-8DB4338F17D0->b5da6a4a-1459-46a4-9479-d2035163dbe2@group-4A9565783204, cid=1197, SUCCESS, logIndex=1658, commits[b5da6a4a-1459-46a4-9479-d2035163dbe2:c1659, 69c25b61-d669-4f17-b36d-41bca3df1f31:c1655, d2a7b1fa-fac6-4c6f-8c6d-9ac7414c70c3:c1657]
2019-07-14 04:23:40,229 INFO  client.GrpcClientProtocolClient (GrpcClientProtocolClient.java:onNext(255)) - client-8DB4338F17D0->b5da6a4a-1459-46a4-9479-d2035163dbe2: receive RaftClientReply:client-8DB4338F17D0->b5da6a4a-1459-46a4-9479-d2035163dbe2@group-4A9565783204, cid=1198, SUCCESS, logIndex=1659, commits[b5da6a4a-1459-46a4-9479-d2035163dbe2:c1659, 69c25b61-d669-4f17-b36d-41bca3df1f31:c1657, d2a7b1fa-fac6-4c6f-8c6d-9ac7414c70c3:c1657]
2019-07-14 04:23:40,232 INFO  client.GrpcClientProtocolClient (GrpcClientProtocolClient.java:onNext(255)) - client-8DB4338F17D0->b5da6a4a-1459-46a4-9479-d2035163dbe2: receive RaftClientReply:client-8DB4338F17D0->b5da6a4a-1459-46a4-9479-d2035163dbe2@group-4A9565783204, cid=1199, SUCCESS, logIndex=1660, commits[b5da6a4a-1459-46a4-9479-d2035163dbe2:c1661, 69c25b61-d669-4f17-b36d-41bca3df1f31:c1659, d2a7b1fa-fac6-4c6f-8c6d-9ac7414c70c3:c1657]
2019-07-14 04:23:40,233 INFO  client.GrpcClientProtocolClient (GrpcClientProtocolClient.java:onNext(255)) - client-8DB4338F17D0->b5da6a4a-1459-46a4-9479-d2035163dbe2: receive RaftClientReply:client-8DB4338F17D0->b5da6a4a-1459-46a4-9479-d2035163dbe2@group-4A9565783204, cid=1200, SUCCESS, logIndex=1661, commits[b5da6a4a-1459-46a4-9479-d2035163dbe2:c1661, 69c25b61-d669-4f17-b36d-41bca3df1f31:c1659, d2a7b1fa-fac6-4c6f-8c6d-9ac7414c70c3:c1657]
2019-07-14 04:23:40,234 INFO  client.GrpcClientProtocolClient (GrpcClientProtocolClient.java:onNext(255)) - client-8DB4338F17D0->b5da6a4a-1459-46a4-9479-d2035163dbe2: receive RaftClientReply:client-8DB4338F17D0->b5da6a4a-1459-46a4-9479-d2035163dbe2@group-4A9565783204, cid=1201, SUCCESS, logIndex=0, commits[b5da6a4a-1459-46a4-9479-d2035163dbe2:c1663, 69c25b61-d669-4f17-b36d-41bca3df1f31:c1660, d2a7b1fa-fac6-4c6f-8c6d-9ac7414c70c3:c1659]
2019-07-14 04:23:40,251 INFO  client.GrpcClientProtocolClient (GrpcClientProtocolClient.java:onNext(255)) - client-8DB4338F17D0->b5da6a4a-1459-46a4-9479-d2035163dbe2: receive RaftClientReply:client-8DB4338F17D0->b5da6a4a-1459-46a4-9479-d2035163dbe2@group-4A9565783204, cid=1202, SUCCESS, logIndex=1666, commits[b5da6a4a-1459-46a4-9479-d2035163dbe2:c1667, 69c25b61-d669-4f17-b36d-41bca3df1f31:c1665, d2a7b1fa-fac6-4c6f-8c6d-9ac7414c70c3:c1665]
2019-07-14 04:23:40,252 INFO  client.GrpcClientProtocolClient (GrpcClientProtocolClient.java:onNext(255)) - client-8DB4338F17D0->b5da6a4a-1459-46a4-9479-d2035163dbe2: receive RaftClientReply:client-8DB4338F17D0->b5da6a4a-1459-46a4-9479-d2035163dbe2@group-4A9565783204, cid=1203, SUCCESS, logIndex=1667, commits[b5da6a4a-1459-46a4-9479-d2035163dbe2:c1667, 69c25b61-d669-4f17-b36d-41bca3df1f31:c1665, d2a7b1fa-fac6-4c6f-8c6d-9ac7414c70c3:c1665]
2019-07-14 04:23:40,266 INFO  client.GrpcClientProtocolClient (GrpcClientProtocolClient.java:onNext(255)) - client-8DB4338F17D0->b5da6a4a-1459-46a4-9479-d2035163dbe2: receive RaftClientReply:client-8DB4338F17D0->b5da6a4a-1459-46a4-9479-d2035163dbe2@group-4A9565783204, cid=1204, SUCCESS, logIndex=1670, commits[b5da6a4a-1459-46a4-9479-d2035163dbe2:c1671, 69c25b61-d669-4f17-b36d-41bca3df1f31:c1669, d2a7b1fa-fac6-4c6f-8c6d-9ac7414c70c3:c1669]
2019-07-14 04:23:40,267 INFO  client.GrpcClientProtocolClient (GrpcClientProtocolClient.java:onNext(255)) - client-8DB4338F17D0->b5da6a4a-1459-46a4-9479-d2035163dbe2: receive RaftClientReply:client-8DB4338F17D0->b5da6a4a-1459-46a4-9479-d2035163dbe2@group-4A9565783204, cid=1205, SUCCESS, logIndex=1671, commits[b5da6a4a-1459-46a4-9479-d2035163dbe2:c1671, 69c25b61-d669-4f17-b36d-41bca3df1f31:c1669, d2a7b1fa-fac6-4c6f-8c6d-9ac7414c70c3:c1669]
2019-07-14 04:23:40,269 INFO  client.GrpcClientProtocolClient (GrpcClientProtocolClient.java:onNext(255)) - client-8DB4338F17D0->b5da6a4a-1459-46a4-9479-d2035163dbe2: receive RaftClientReply:client-8DB4338F17D0->b5da6a4a-1459-46a4-9479-d2035163dbe2@group-4A9565783204, cid=1206, SUCCESS, logIndex=0, commits[b5da6a4a-1459-46a4-9479-d2035163dbe2:c1673, 69c25b61-d669-4f17-b36d-41bca3df1f31:c1671, d2a7b1fa-fac6-4c6f-8c6d-9ac7414c70c3:c1671]
2019-07-14 04:23:40,377 INFO  client.GrpcClientProtocolClient (GrpcClientProtocolClient.java:onNext(255)) - client-8DB4338F17D0->b5da6a4a-1459-46a4-9479-d2035163dbe2: receive RaftClientReply:client-8DB4338F17D0->b5da6a4a-1459-46a4-9479-d2035163dbe2@group-4A9565783204, cid=1207, SUCCESS, logIndex=1674, commits[b5da6a4a-1459-46a4-9479-d2035163dbe2:c1675, 69c25b61-d669-4f17-b36d-41bca3df1f31:c1673, d2a7b1fa-fac6-4c6f-8c6d-9ac7414c70c3:c1673]
2019-07-14 04:23:40,377 INFO  client.GrpcClientProtocolClient (GrpcClientProtocolClient.java:onNext(255)) - client-8DB4338F17D0->b5da6a4a-1459-46a4-9479-d2035163dbe2: receive RaftClientReply:client-8DB4338F17D0->b5da6a4a-1459-46a4-9479-d2035163dbe2@group-4A9565783204, cid=1208, SUCCESS, logIndex=1675, commits[b5da6a4a-1459-46a4-9479-d2035163dbe2:c1676, 69c25b61-d669-4f17-b36d-41bca3df1f31:c1673, d2a7b1fa-fac6-4c6f-8c6d-9ac7414c70c3:c1673]
2019-07-14 04:23:40,378 INFO  client.GrpcClientProtocolClient (GrpcClientProtocolClient.java:onNext(255)) - client-8DB4338F17D0->b5da6a4a-1459-46a4-9479-d2035163dbe2: receive RaftClientReply:client-8DB4338F17D0->b5da6a4a-1459-46a4-9479-d2035163dbe2@group-4A9565783204, cid=1209, SUCCESS, logIndex=1676, commits[b5da6a4a-1459-46a4-9479-d2035163dbe2:c1677, 69c25b61-d669-4f17-b36d-41bca3df1f31:c1673, d2a7b1fa-fac6-4c6f-8c6d-9ac7414c70c3:c1673]
2019-07-14 04:23:40,378 INFO  client.GrpcClientProtocolClient (GrpcClientProtocolClient.java:onNext(255)) - client-8DB4338F17D0->b5da6a4a-1459-46a4-9479-d2035163dbe2: receive RaftClientReply:client-8DB4338F17D0->b5da6a4a-1459-46a4-9479-d2035163dbe2@group-4A9565783204, cid=1210, SUCCESS, logIndex=1677, commits[b5da6a4a-1459-46a4-9479-d2035163dbe2:c1677, 69c25b61-d669-4f17-b36d-41bca3df1f31:c1673, d2a7b1fa-fac6-4c6f-8c6d-9ac7414c70c3:c1673]
2019-07-14 04:23:40,380 INFO  client.GrpcClientProtocolClient (GrpcClientProtocolClient.java:onNext(255)) - client-8DB4338F17D0->b5da6a4a-1459-46a4-9479-d2035163dbe2: receive RaftClientReply:client-8DB4338F17D0->b5da6a4a-1459-46a4-9479-d2035163dbe2@group-4A9565783204, cid=1211, SUCCESS, logIndex=0, commits[b5da6a4a-1459-46a4-9479-d2035163dbe2:c1679, 69c25b61-d669-4f17-b36d-41bca3df1f31:c1675, d2a7b1fa-fac6-4c6f-8c6d-9ac7414c70c3:c1675]
2019-07-14 04:23:40,392 INFO  client.GrpcClientProtocolClient (GrpcClientProtocolClient.java:onNext(255)) - client-8DB4338F17D0->b5da6a4a-1459-46a4-9479-d2035163dbe2: receive RaftClientReply:client-8DB4338F17D0->b5da6a4a-1459-46a4-9479-d2035163dbe2@group-4A9565783204, cid=1212, SUCCESS, logIndex=1682, commits[b5da6a4a-1459-46a4-9479-d2035163dbe2:c1683, 69c25b61-d669-4f17-b36d-41bca3df1f31:c1681, d2a7b1fa-fac6-4c6f-8c6d-9ac7414c70c3:c1681]
2019-07-14 04:23:40,393 INFO  client.GrpcClientProtocolClient (GrpcClientProtocolClient.java:onNext(255)) - client-8DB4338F17D0->b5da6a4a-1459-46a4-9479-d2035163dbe2: receive RaftClientReply:client-8DB4338F17D0->b5da6a4a-1459-46a4-9479-d2035163dbe2@group-4A9565783204, cid=1213, SUCCESS, logIndex=1683, commits[b5da6a4a-1459-46a4-9479-d2035163dbe2:c1683, 69c25b61-d669-4f17-b36d-41bca3df1f31:c1681, d2a7b1fa-fac6-4c6f-8c6d-9ac7414c70c3:c1681]
2019-07-14 04:23:40,411 INFO  client.GrpcClientProtocolClient (GrpcClientProtocolClient.java:onNext(255)) - client-8DB4338F17D0->b5da6a4a-1459-46a4-9479-d2035163dbe2: receive RaftClientReply:client-8DB4338F17D0->b5da6a4a-1459-46a4-9479-d2035163dbe2@group-4A9565783204, cid=1214, SUCCESS, logIndex=1686, commits[b5da6a4a-1459-46a4-9479-d2035163dbe2:c1687, 69c25b61-d669-4f17-b36d-41bca3df1f31:c1685, d2a7b1fa-fac6-4c6f-8c6d-9ac7414c70c3:c1685]
2019-07-14 04:23:40,411 INFO  client.GrpcClientProtocolClient (GrpcClientProtocolClient.java:onNext(255)) - client-8DB4338F17D0->b5da6a4a-1459-46a4-9479-d2035163dbe2: receive RaftClientReply:client-8DB4338F17D0->b5da6a4a-1459-46a4-9479-d2035163dbe2@group-4A9565783204, cid=1215, SUCCESS, logIndex=1687, commits[b5da6a4a-1459-46a4-9479-d2035163dbe2:c1687, 69c25b61-d669-4f17-b36d-41bca3df1f31:c1685, d2a7b1fa-fac6-4c6f-8c6d-9ac7414c70c3:c1685]
2019-07-14 04:23:40,424 INFO  client.GrpcClientProtocolClient (GrpcClientProtocolClient.java:onNext(255)) - client-8DB4338F17D0->b5da6a4a-1459-46a4-9479-d2035163dbe2: receive RaftClientReply:client-8DB4338F17D0->b5da6a4a-1459-46a4-9479-d2035163dbe2@group-4A9565783204, cid=1216, SUCCESS, logIndex=0, commits[b5da6a4a-1459-46a4-9479-d2035163dbe2:c1689, 69c25b61-d669-4f17-b36d-41bca3df1f31:c1687, d2a7b1fa-fac6-4c6f-8c6d-9ac7414c70c3:c1687]
2019-07-14 04:23:40,437 INFO  client.GrpcClientProtocolClient (GrpcClientProtocolClient.java:onNext(255)) - client-8DB4338F17D0->b5da6a4a-1459-46a4-9479-d2035163dbe2: receive RaftClientReply:client-8DB4338F17D0->b5da6a4a-1459-46a4-9479-d2035163dbe2@group-4A9565783204, cid=1217, SUCCESS, logIndex=1690, commits[b5da6a4a-1459-46a4-9479-d2035163dbe2:c1691, 69c25b61-d669-4f17-b36d-41bca3df1f31:c1689, d2a7b1fa-fac6-4c6f-8c6d-9ac7414c70c3:c1687]
2019-07-14 04:23:40,437 INFO  client.GrpcClientProtocolClient (GrpcClientProtocolClient.java:onNext(255)) - client-8DB4338F17D0->b5da6a4a-1459-46a4-9479-d2035163dbe2: receive RaftClientReply:client-8DB4338F17D0->b5da6a4a-1459-46a4-9479-d2035163dbe2@group-4A9565783204, cid=1218, SUCCESS, logIndex=1691, commits[b5da6a4a-1459-46a4-9479-d2035163dbe2:c1691, 69c25b61-d669-4f17-b36d-41bca3df1f31:c1689, d2a7b1fa-fac6-4c6f-8c6d-9ac7414c70c3:c1689]
2019-07-14 04:23:40,439 INFO  client.GrpcClientProtocolClient (GrpcClientProtocolClient.java:onNext(255)) - client-8DB4338F17D0->b5da6a4a-1459-46a4-9479-d2035163dbe2: receive RaftClientReply:client-8DB4338F17D0->b5da6a4a-1459-46a4-9479-d2035163dbe2@group-4A9565783204, cid=1219, SUCCESS, logIndex=1692, commits[b5da6a4a-1459-46a4-9479-d2035163dbe2:c1693, 69c25b61-d669-4f17-b36d-41bca3df1f31:c1691, d2a7b1fa-fac6-4c6f-8c6d-9ac7414c70c3:c1689]
2019-07-14 04:23:40,440 INFO  client.GrpcClientProtocolClient (GrpcClientProtocolClient.java:onNext(255)) - client-8DB4338F17D0->b5da6a4a-1459-46a4-9479-d2035163dbe2: receive RaftClientReply:client-8DB4338F17D0->b5da6a4a-1459-46a4-9479-d2035163dbe2@group-4A9565783204, cid=1220, SUCCESS, logIndex=1693, commits[b5da6a4a-1459-46a4-9479-d2035163dbe2:c1695, 69c25b61-d669-4f17-b36d-41bca3df1f31:c1691, d2a7b1fa-fac6-4c6f-8c6d-9ac7414c70c3:c1689]
2019-07-14 04:23:40,441 INFO  client.GrpcClientProtocolClient (GrpcClientProtocolClient.java:onNext(255)) - client-8DB4338F17D0->b5da6a4a-1459-46a4-9479-d2035163dbe2: receive RaftClientReply:client-8DB4338F17D0->b5da6a4a-1459-46a4-9479-d2035163dbe2@group-4A9565783204, cid=1221, SUCCESS, logIndex=0, commits[b5da6a4a-1459-46a4-9479-d2035163dbe2:c1695, 69c25b61-d669-4f17-b36d-41bca3df1f31:c1691, d2a7b1fa-fac6-4c6f-8c6d-9ac7414c70c3:c1691]
2019-07-14 04:23:40,459 INFO  client.GrpcClientProtocolClient (GrpcClientProtocolClient.java:onNext(255)) - client-8DB4338F17D0->b5da6a4a-1459-46a4-9479-d2035163dbe2: receive RaftClientReply:client-8DB4338F17D0->b5da6a4a-1459-46a4-9479-d2035163dbe2@group-4A9565783204, cid=1222, SUCCESS, logIndex=1698, commits[b5da6a4a-1459-46a4-9479-d2035163dbe2:c1699, 69c25b61-d669-4f17-b36d-41bca3df1f31:c1697, d2a7b1fa-fac6-4c6f-8c6d-9ac7414c70c3:c1697]
2019-07-14 04:23:40,460 INFO  client.GrpcClientProtocolClient (GrpcClientProtocolClient.java:onNext(255)) - client-8DB4338F17D0->b5da6a4a-1459-46a4-9479-d2035163dbe2: receive RaftClientReply:client-8DB4338F17D0->b5da6a4a-1459-46a4-9479-d2035163dbe2@group-4A9565783204, cid=1223, SUCCESS, logIndex=1699, commits[b5da6a4a-1459-46a4-9479-d2035163dbe2:c1699, 69c25b61-d669-4f17-b36d-41bca3df1f31:c1697, d2a7b1fa-fac6-4c6f-8c6d-9ac7414c70c3:c1697]
2019-07-14 04:23:40,479 INFO  client.GrpcClientProtocolClient (GrpcClientProtocolClient.java:onNext(255)) - client-8DB4338F17D0->b5da6a4a-1459-46a4-9479-d2035163dbe2: receive RaftClientReply:client-8DB4338F17D0->b5da6a4a-1459-46a4-9479-d2035163dbe2@group-4A9565783204, cid=1224, SUCCESS, logIndex=1702, commits[b5da6a4a-1459-46a4-9479-d2035163dbe2:c1703, 69c25b61-d669-4f17-b36d-41bca3df1f31:c1701, d2a7b1fa-fac6-4c6f-8c6d-9ac7414c70c3:c1701]
2019-07-14 04:23:40,479 INFO  client.GrpcClientProtocolClient (GrpcClientProtocolClient.java:onNext(255)) - client-8DB4338F17D0->b5da6a4a-1459-46a4-9479-d2035163dbe2: receive RaftClientReply:client-8DB4338F17D0->b5da6a4a-1459-46a4-9479-d2035163dbe2@group-4A9565783204, cid=1225, SUCCESS, logIndex=1703, commits[b5da6a4a-1459-46a4-9479-d2035163dbe2:c1703, 69c25b61-d669-4f17-b36d-41bca3df1f31:c1701, d2a7b1fa-fac6-4c6f-8c6d-9ac7414c70c3:c1701]
2019-07-14 04:23:40,482 INFO  client.GrpcClientProtocolClient (GrpcClientProtocolClient.java:onNext(255)) - client-8DB4338F17D0->b5da6a4a-1459-46a4-9479-d2035163dbe2: receive RaftClientReply:client-8DB4338F17D0->b5da6a4a-1459-46a4-9479-d2035163dbe2@group-4A9565783204, cid=1226, SUCCESS, logIndex=0, commits[b5da6a4a-1459-46a4-9479-d2035163dbe2:c1704, 69c25b61-d669-4f17-b36d-41bca3df1f31:c1703, d2a7b1fa-fac6-4c6f-8c6d-9ac7414c70c3:c1703]
2019-07-14 04:23:40,499 INFO  client.GrpcClientProtocolClient (GrpcClientProtocolClient.java:onNext(255)) - client-8DB4338F17D0->b5da6a4a-1459-46a4-9479-d2035163dbe2: receive RaftClientReply:client-8DB4338F17D0->b5da6a4a-1459-46a4-9479-d2035163dbe2@group-4A9565783204, cid=1227, SUCCESS, logIndex=1706, commits[b5da6a4a-1459-46a4-9479-d2035163dbe2:c1707, 69c25b61-d669-4f17-b36d-41bca3df1f31:c1705, d2a7b1fa-fac6-4c6f-8c6d-9ac7414c70c3:c1705]
2019-07-14 04:23:40,499 INFO  client.GrpcClientProtocolClient (GrpcClientProtocolClient.java:onNext(255)) - client-8DB4338F17D0->b5da6a4a-1459-46a4-9479-d2035163dbe2: receive RaftClientReply:client-8DB4338F17D0->b5da6a4a-1459-46a4-9479-d2035163dbe2@group-4A9565783204, cid=1228, SUCCESS, logIndex=1707, commits[b5da6a4a-1459-46a4-9479-d2035163dbe2:c1707, 69c25b61-d669-4f17-b36d-41bca3df1f31:c1705, d2a7b1fa-fac6-4c6f-8c6d-9ac7414c70c3:c1705]
2019-07-14 04:23:40,500 INFO  client.GrpcClientProtocolClient (GrpcClientProtocolClient.java:onNext(255)) - client-8DB4338F17D0->b5da6a4a-1459-46a4-9479-d2035163dbe2: receive RaftClientReply:client-8DB4338F17D0->b5da6a4a-1459-46a4-9479-d2035163dbe2@group-4A9565783204, cid=1229, SUCCESS, logIndex=1708, commits[b5da6a4a-1459-46a4-9479-d2035163dbe2:c1708, 69c25b61-d669-4f17-b36d-41bca3df1f31:c1705, d2a7b1fa-fac6-4c6f-8c6d-9ac7414c70c3:c1705]
2019-07-14 04:23:40,501 INFO  client.GrpcClientProtocolClient (GrpcClientProtocolClient.java:onNext(255)) - client-8DB4338F17D0->b5da6a4a-1459-46a4-9479-d2035163dbe2: receive RaftClientReply:client-8DB4338F17D0->b5da6a4a-1459-46a4-9479-d2035163dbe2@group-4A9565783204, cid=1230, SUCCESS, logIndex=1709, commits[b5da6a4a-1459-46a4-9479-d2035163dbe2:c1709, 69c25b61-d669-4f17-b36d-41bca3df1f31:c1705, d2a7b1fa-fac6-4c6f-8c6d-9ac7414c70c3:c1705]
2019-07-14 04:23:40,503 INFO  client.GrpcClientProtocolClient (GrpcClientProtocolClient.java:onNext(255)) - client-8DB4338F17D0->b5da6a4a-1459-46a4-9479-d2035163dbe2: receive RaftClientReply:client-8DB4338F17D0->b5da6a4a-1459-46a4-9479-d2035163dbe2@group-4A9565783204, cid=1231, SUCCESS, logIndex=0, commits[b5da6a4a-1459-46a4-9479-d2035163dbe2:c1711, 69c25b61-d669-4f17-b36d-41bca3df1f31:c1707, d2a7b1fa-fac6-4c6f-8c6d-9ac7414c70c3:c1707]
2019-07-14 04:23:40,514 INFO  client.GrpcClientProtocolClient (GrpcClientProtocolClient.java:onNext(255)) - client-8DB4338F17D0->b5da6a4a-1459-46a4-9479-d2035163dbe2: receive RaftClientReply:client-8DB4338F17D0->b5da6a4a-1459-46a4-9479-d2035163dbe2@group-4A9565783204, cid=1232, SUCCESS, logIndex=1714, commits[b5da6a4a-1459-46a4-9479-d2035163dbe2:c1714, 69c25b61-d669-4f17-b36d-41bca3df1f31:c1713, d2a7b1fa-fac6-4c6f-8c6d-9ac7414c70c3:c1713]
2019-07-14 04:23:40,515 INFO  client.GrpcClientProtocolClient (GrpcClientProtocolClient.java:onNext(255)) - client-8DB4338F17D0->b5da6a4a-1459-46a4-9479-d2035163dbe2: receive RaftClientReply:client-8DB4338F17D0->b5da6a4a-1459-46a4-9479-d2035163dbe2@group-4A9565783204, cid=1233, SUCCESS, logIndex=1715, commits[b5da6a4a-1459-46a4-9479-d2035163dbe2:c1715, 69c25b61-d669-4f17-b36d-41bca3df1f31:c1713, d2a7b1fa-fac6-4c6f-8c6d-9ac7414c70c3:c1713]
2019-07-14 04:23:40,524 INFO  client.GrpcClientProtocolClient (GrpcClientProtocolClient.java:onNext(255)) - client-8DB4338F17D0->b5da6a4a-1459-46a4-9479-d2035163dbe2: receive RaftClientReply:client-8DB4338F17D0->b5da6a4a-1459-46a4-9479-d2035163dbe2@group-4A9565783204, cid=1234, SUCCESS, logIndex=1718, commits[b5da6a4a-1459-46a4-9479-d2035163dbe2:c1719, 69c25b61-d669-4f17-b36d-41bca3df1f31:c1716, d2a7b1fa-fac6-4c6f-8c6d-9ac7414c70c3:c1717]
2019-07-14 04:23:40,524 INFO  client.GrpcClientProtocolClient (GrpcClientProtocolClient.java:onNext(255)) - client-8DB4338F17D0->b5da6a4a-1459-46a4-9479-d2035163dbe2: receive RaftClientReply:client-8DB4338F17D0->b5da6a4a-1459-46a4-9479-d2035163dbe2@group-4A9565783204, cid=1235, SUCCESS, logIndex=1719, commits[b5da6a4a-1459-46a4-9479-d2035163dbe2:c1719, 69c25b61-d669-4f17-b36d-41bca3df1f31:c1716, d2a7b1fa-fac6-4c6f-8c6d-9ac7414c70c3:c1717]
2019-07-14 04:23:40,537 INFO  client.GrpcClientProtocolClient (GrpcClientProtocolClient.java:onNext(255)) - client-8DB4338F17D0->b5da6a4a-1459-46a4-9479-d2035163dbe2: receive RaftClientReply:client-8DB4338F17D0->b5da6a4a-1459-46a4-9479-d2035163dbe2@group-4A9565783204, cid=1236, SUCCESS, logIndex=0, commits[b5da6a4a-1459-46a4-9479-d2035163dbe2:c1721, 69c25b61-d669-4f17-b36d-41bca3df1f31:c1719, d2a7b1fa-fac6-4c6f-8c6d-9ac7414c70c3:c1719]
2019-07-14 04:23:40,569 INFO  client.GrpcClientProtocolClient (GrpcClientProtocolClient.java:onNext(255)) - client-8DB4338F17D0->b5da6a4a-1459-46a4-9479-d2035163dbe2: receive RaftClientReply:client-8DB4338F17D0->b5da6a4a-1459-46a4-9479-d2035163dbe2@group-4A9565783204, cid=1237, SUCCESS, logIndex=1722, commits[b5da6a4a-1459-46a4-9479-d2035163dbe2:c1723, 69c25b61-d669-4f17-b36d-41bca3df1f31:c1721, d2a7b1fa-fac6-4c6f-8c6d-9ac7414c70c3:c1721]
2019-07-14 04:23:40,570 INFO  client.GrpcClientProtocolClient (GrpcClientProtocolClient.java:onNext(255)) - client-8DB4338F17D0->b5da6a4a-1459-46a4-9479-d2035163dbe2: receive RaftClientReply:client-8DB4338F17D0->b5da6a4a-1459-46a4-9479-d2035163dbe2@group-4A9565783204, cid=1238, SUCCESS, logIndex=1723, commits[b5da6a4a-1459-46a4-9479-d2035163dbe2:c1725, 69c25b61-d669-4f17-b36d-41bca3df1f31:c1721, d2a7b1fa-fac6-4c6f-8c6d-9ac7414c70c3:c1721]
2019-07-14 04:23:40,570 INFO  client.GrpcClientProtocolClient (GrpcClientProtocolClient.java:onNext(255)) - client-8DB4338F17D0->b5da6a4a-1459-46a4-9479-d2035163dbe2: receive RaftClientReply:client-8DB4338F17D0->b5da6a4a-1459-46a4-9479-d2035163dbe2@group-4A9565783204, cid=1239, SUCCESS, logIndex=1724, commits[b5da6a4a-1459-46a4-9479-d2035163dbe2:c1725, 69c25b61-d669-4f17-b36d-41bca3df1f31:c1721, d2a7b1fa-fac6-4c6f-8c6d-9ac7414c70c3:c1721]
2019-07-14 04:23:40,570 INFO  client.GrpcClientProtocolClient (GrpcClientProtocolClient.java:onNext(255)) - client-8DB4338F17D0->b5da6a4a-1459-46a4-9479-d2035163dbe2: receive RaftClientReply:client-8DB4338F17D0->b5da6a4a-1459-46a4-9479-d2035163dbe2@group-4A9565783204, cid=1240, SUCCESS, logIndex=1725, commits[b5da6a4a-1459-46a4-9479-d2035163dbe2:c1725, 69c25b61-d669-4f17-b36d-41bca3df1f31:c1721, d2a7b1fa-fac6-4c6f-8c6d-9ac7414c70c3:c1721]
2019-07-14 04:23:40,574 INFO  client.GrpcClientProtocolClient (GrpcClientProtocolClient.java:onNext(255)) - client-8DB4338F17D0->b5da6a4a-1459-46a4-9479-d2035163dbe2: receive RaftClientReply:client-8DB4338F17D0->b5da6a4a-1459-46a4-9479-d2035163dbe2@group-4A9565783204, cid=1241, SUCCESS, logIndex=0, commits[b5da6a4a-1459-46a4-9479-d2035163dbe2:c1728, 69c25b61-d669-4f17-b36d-41bca3df1f31:c1725, d2a7b1fa-fac6-4c6f-8c6d-9ac7414c70c3:c1723]
2019-07-14 04:23:40,584 INFO  client.GrpcClientProtocolClient (GrpcClientProtocolClient.java:onNext(255)) - client-8DB4338F17D0->b5da6a4a-1459-46a4-9479-d2035163dbe2: receive RaftClientReply:client-8DB4338F17D0->b5da6a4a-1459-46a4-9479-d2035163dbe2@group-4A9565783204, cid=1242, SUCCESS, logIndex=1729, commits[b5da6a4a-1459-46a4-9479-d2035163dbe2:c1730, 69c25b61-d669-4f17-b36d-41bca3df1f31:c1728, d2a7b1fa-fac6-4c6f-8c6d-9ac7414c70c3:c1728]
2019-07-14 04:23:40,585 INFO  client.GrpcClientProtocolClient (GrpcClientProtocolClient.java:onNext(255)) - client-8DB4338F17D0->b5da6a4a-1459-46a4-9479-d2035163dbe2: receive RaftClientReply:client-8DB4338F17D0->b5da6a4a-1459-46a4-9479-d2035163dbe2@group-4A9565783204, cid=1243, SUCCESS, logIndex=1730, commits[b5da6a4a-1459-46a4-9479-d2035163dbe2:c1730, 69c25b61-d669-4f17-b36d-41bca3df1f31:c1728, d2a7b1fa-fac6-4c6f-8c6d-9ac7414c70c3:c1728]
2019-07-14 04:23:40,594 INFO  client.GrpcClientProtocolClient (GrpcClientProtocolClient.java:onNext(255)) - client-8DB4338F17D0->b5da6a4a-1459-46a4-9479-d2035163dbe2: receive RaftClientReply:client-8DB4338F17D0->b5da6a4a-1459-46a4-9479-d2035163dbe2@group-4A9565783204, cid=1244, SUCCESS, logIndex=1733, commits[b5da6a4a-1459-46a4-9479-d2035163dbe2:c1734, 69c25b61-d669-4f17-b36d-41bca3df1f31:c1732, d2a7b1fa-fac6-4c6f-8c6d-9ac7414c70c3:c1730]
2019-07-14 04:23:40,594 INFO  client.GrpcClientProtocolClient (GrpcClientProtocolClient.java:onNext(255)) - client-8DB4338F17D0->b5da6a4a-1459-46a4-9479-d2035163dbe2: receive RaftClientReply:client-8DB4338F17D0->b5da6a4a-1459-46a4-9479-d2035163dbe2@group-4A9565783204, cid=1245, SUCCESS, logIndex=1734, commits[b5da6a4a-1459-46a4-9479-d2035163dbe2:c1734, 69c25b61-d669-4f17-b36d-41bca3df1f31:c1732, d2a7b1fa-fac6-4c6f-8c6d-9ac7414c70c3:c1732]
2019-07-14 04:23:40,598 INFO  client.GrpcClientProtocolClient (GrpcClientProtocolClient.java:onNext(255)) - client-8DB4338F17D0->b5da6a4a-1459-46a4-9479-d2035163dbe2: receive RaftClientReply:client-8DB4338F17D0->b5da6a4a-1459-46a4-9479-d2035163dbe2@group-4A9565783204, cid=1246, SUCCESS, logIndex=0, commits[b5da6a4a-1459-46a4-9479-d2035163dbe2:c1736, 69c25b61-d669-4f17-b36d-41bca3df1f31:c1734, d2a7b1fa-fac6-4c6f-8c6d-9ac7414c70c3:c1734]
2019-07-14 04:23:40,628 INFO  client.GrpcClientProtocolClient (GrpcClientProtocolClient.java:onNext(255)) - client-8DB4338F17D0->b5da6a4a-1459-46a4-9479-d2035163dbe2: receive RaftClientReply:client-8DB4338F17D0->b5da6a4a-1459-46a4-9479-d2035163dbe2@group-4A9565783204, cid=1247, SUCCESS, logIndex=1737, commits[b5da6a4a-1459-46a4-9479-d2035163dbe2:c1738, 69c25b61-d669-4f17-b36d-41bca3df1f31:c1736, d2a7b1fa-fac6-4c6f-8c6d-9ac7414c70c3:c1736]
2019-07-14 04:23:40,629 INFO  client.GrpcClientProtocolClient (GrpcClientProtocolClient.java:onNext(255)) - client-8DB4338F17D0->b5da6a4a-1459-46a4-9479-d2035163dbe2: receive RaftClientReply:client-8DB4338F17D0->b5da6a4a-1459-46a4-9479-d2035163dbe2@group-4A9565783204, cid=1248, SUCCESS, logIndex=1738, commits[b5da6a4a-1459-46a4-9479-d2035163dbe2:c1738, 69c25b61-d669-4f17-b36d-41bca3df1f31:c1736, d2a7b1fa-fac6-4c6f-8c6d-9ac7414c70c3:c1736]
2019-07-14 04:23:40,629 INFO  client.GrpcClientProtocolClient (GrpcClientProtocolClient.java:onNext(255)) - client-8DB4338F17D0->b5da6a4a-1459-46a4-9479-d2035163dbe2: receive RaftClientReply:client-8DB4338F17D0->b5da6a4a-1459-46a4-9479-d2035163dbe2@group-4A9565783204, cid=1249, SUCCESS, logIndex=1739, commits[b5da6a4a-1459-46a4-9479-d2035163dbe2:c1739, 69c25b61-d669-4f17-b36d-41bca3df1f31:c1736, d2a7b1fa-fac6-4c6f-8c6d-9ac7414c70c3:c1736]
2019-07-14 04:23:40,629 INFO  client.GrpcClientProtocolClient (GrpcClientProtocolClient.java:onNext(255)) - client-8DB4338F17D0->b5da6a4a-1459-46a4-9479-d2035163dbe2: receive RaftClientReply:client-8DB4338F17D0->b5da6a4a-1459-46a4-9479-d2035163dbe2@group-4A9565783204, cid=1250, SUCCESS, logIndex=1740, commits[b5da6a4a-1459-46a4-9479-d2035163dbe2:c1740, 69c25b61-d669-4f17-b36d-41bca3df1f31:c1736, d2a7b1fa-fac6-4c6f-8c6d-9ac7414c70c3:c1736]
2019-07-14 04:23:40,632 INFO  client.GrpcClientProtocolClient (GrpcClientProtocolClient.java:onNext(255)) - client-8DB4338F17D0->b5da6a4a-1459-46a4-9479-d2035163dbe2: receive RaftClientReply:client-8DB4338F17D0->b5da6a4a-1459-46a4-9479-d2035163dbe2@group-4A9565783204, cid=1251, SUCCESS, logIndex=0, commits[b5da6a4a-1459-46a4-9479-d2035163dbe2:c1742, 69c25b61-d669-4f17-b36d-41bca3df1f31:c1738, d2a7b1fa-fac6-4c6f-8c6d-9ac7414c70c3:c1738]
2019-07-14 04:23:40,649 INFO  client.GrpcClientProtocolClient (GrpcClientProtocolClient.java:onNext(255)) - client-8DB4338F17D0->b5da6a4a-1459-46a4-9479-d2035163dbe2: receive RaftClientReply:client-8DB4338F17D0->b5da6a4a-1459-46a4-9479-d2035163dbe2@group-4A9565783204, cid=1252, SUCCESS, logIndex=1745, commits[b5da6a4a-1459-46a4-9479-d2035163dbe2:c1746, 69c25b61-d669-4f17-b36d-41bca3df1f31:c1744, d2a7b1fa-fac6-4c6f-8c6d-9ac7414c70c3:c1744]
2019-07-14 04:23:40,649 INFO  client.GrpcClientProtocolClient (GrpcClientProtocolClient.java:onNext(255)) - client-8DB4338F17D0->b5da6a4a-1459-46a4-9479-d2035163dbe2: receive RaftClientReply:client-8DB4338F17D0->b5da6a4a-1459-46a4-9479-d2035163dbe2@group-4A9565783204, cid=1253, SUCCESS, logIndex=1746, commits[b5da6a4a-1459-46a4-9479-d2035163dbe2:c1746, 69c25b61-d669-4f17-b36d-41bca3df1f31:c1744, d2a7b1fa-fac6-4c6f-8c6d-9ac7414c70c3:c1744]
2019-07-14 04:23:40,667 INFO  client.GrpcClientProtocolClient (GrpcClientProtocolClient.java:onNext(255)) - client-8DB4338F17D0->b5da6a4a-1459-46a4-9479-d2035163dbe2: receive RaftClientReply:client-8DB4338F17D0->b5da6a4a-1459-46a4-9479-d2035163dbe2@group-4A9565783204, cid=1254, SUCCESS, logIndex=1749, commits[b5da6a4a-1459-46a4-9479-d2035163dbe2:c1750, 69c25b61-d669-4f17-b36d-41bca3df1f31:c1748, d2a7b1fa-fac6-4c6f-8c6d-9ac7414c70c3:c1748]
2019-07-14 04:23:40,668 INFO  client.GrpcClientProtocolClient (GrpcClientProtocolClient.java:onNext(255)) - client-8DB4338F17D0->b5da6a4a-1459-46a4-9479-d2035163dbe2: receive RaftClientReply:client-8DB4338F17D0->b5da6a4a-1459-46a4-9479-d2035163dbe2@group-4A9565783204, cid=1255, SUCCESS, logIndex=1750, commits[b5da6a4a-1459-46a4-9479-d2035163dbe2:c1750, 69c25b61-d669-4f17-b36d-41bca3df1f31:c1748, d2a7b1fa-fac6-4c6f-8c6d-9ac7414c70c3:c1748]
2019-07-14 04:23:40,671 INFO  client.GrpcClientProtocolClient (GrpcClientProtocolClient.java:onNext(255)) - client-8DB4338F17D0->b5da6a4a-1459-46a4-9479-d2035163dbe2: receive RaftClientReply:client-8DB4338F17D0->b5da6a4a-1459-46a4-9479-d2035163dbe2@group-4A9565783204, cid=1256, SUCCESS, logIndex=0, commits[b5da6a4a-1459-46a4-9479-d2035163dbe2:c1752, 69c25b61-d669-4f17-b36d-41bca3df1f31:c1750, d2a7b1fa-fac6-4c6f-8c6d-9ac7414c70c3:c1750]
2019-07-14 04:23:40,691 INFO  client.GrpcClientProtocolClient (GrpcClientProtocolClient.java:onNext(255)) - client-8DB4338F17D0->b5da6a4a-1459-46a4-9479-d2035163dbe2: receive RaftClientReply:client-8DB4338F17D0->b5da6a4a-1459-46a4-9479-d2035163dbe2@group-4A9565783204, cid=1257, SUCCESS, logIndex=1753, commits[b5da6a4a-1459-46a4-9479-d2035163dbe2:c1754, 69c25b61-d669-4f17-b36d-41bca3df1f31:c1752, d2a7b1fa-fac6-4c6f-8c6d-9ac7414c70c3:c1752]
2019-07-14 04:23:40,692 INFO  client.GrpcClientProtocolClient (GrpcClientProtocolClient.java:onNext(255)) - client-8DB4338F17D0->b5da6a4a-1459-46a4-9479-d2035163dbe2: receive RaftClientReply:client-8DB4338F17D0->b5da6a4a-1459-46a4-9479-d2035163dbe2@group-4A9565783204, cid=1258, SUCCESS, logIndex=1754, commits[b5da6a4a-1459-46a4-9479-d2035163dbe2:c1754, 69c25b61-d669-4f17-b36d-41bca3df1f31:c1752, d2a7b1fa-fac6-4c6f-8c6d-9ac7414c70c3:c1752]
2019-07-14 04:23:40,692 INFO  client.GrpcClientProtocolClient (GrpcClientProtocolClient.java:onNext(255)) - client-8DB4338F17D0->b5da6a4a-1459-46a4-9479-d2035163dbe2: receive RaftClientReply:client-8DB4338F17D0->b5da6a4a-1459-46a4-9479-d2035163dbe2@group-4A9565783204, cid=1259, SUCCESS, logIndex=1755, commits[b5da6a4a-1459-46a4-9479-d2035163dbe2:c1756, 69c25b61-d669-4f17-b36d-41bca3df1f31:c1752, d2a7b1fa-fac6-4c6f-8c6d-9ac7414c70c3:c1752]
2019-07-14 04:23:40,693 INFO  client.GrpcClientProtocolClient (GrpcClientProtocolClient.java:onNext(255)) - client-8DB4338F17D0->b5da6a4a-1459-46a4-9479-d2035163dbe2: receive RaftClientReply:client-8DB4338F17D0->b5da6a4a-1459-46a4-9479-d2035163dbe2@group-4A9565783204, cid=1260, SUCCESS, logIndex=1756, commits[b5da6a4a-1459-46a4-9479-d2035163dbe2:c1756, 69c25b61-d669-4f17-b36d-41bca3df1f31:c1752, d2a7b1fa-fac6-4c6f-8c6d-9ac7414c70c3:c1752]
2019-07-14 04:23:40,694 INFO  client.GrpcClientProtocolClient (GrpcClientProtocolClient.java:onNext(255)) - client-8DB4338F17D0->b5da6a4a-1459-46a4-9479-d2035163dbe2: receive RaftClientReply:client-8DB4338F17D0->b5da6a4a-1459-46a4-9479-d2035163dbe2@group-4A9565783204, cid=1261, SUCCESS, logIndex=0, commits[b5da6a4a-1459-46a4-9479-d2035163dbe2:c1758, 69c25b61-d669-4f17-b36d-41bca3df1f31:c1754, d2a7b1fa-fac6-4c6f-8c6d-9ac7414c70c3:c1754]
2019-07-14 04:23:40,704 INFO  client.GrpcClientProtocolClient (GrpcClientProtocolClient.java:onNext(255)) - client-8DB4338F17D0->b5da6a4a-1459-46a4-9479-d2035163dbe2: receive RaftClientReply:client-8DB4338F17D0->b5da6a4a-1459-46a4-9479-d2035163dbe2@group-4A9565783204, cid=1262, SUCCESS, logIndex=1761, commits[b5da6a4a-1459-46a4-9479-d2035163dbe2:c1762, 69c25b61-d669-4f17-b36d-41bca3df1f31:c1758, d2a7b1fa-fac6-4c6f-8c6d-9ac7414c70c3:c1758]
2019-07-14 04:23:40,704 INFO  client.GrpcClientProtocolClient (GrpcClientProtocolClient.java:onNext(255)) - client-8DB4338F17D0->b5da6a4a-1459-46a4-9479-d2035163dbe2: receive RaftClientReply:client-8DB4338F17D0->b5da6a4a-1459-46a4-9479-d2035163dbe2@group-4A9565783204, cid=1263, SUCCESS, logIndex=1762, commits[b5da6a4a-1459-46a4-9479-d2035163dbe2:c1762, 69c25b61-d669-4f17-b36d-41bca3df1f31:c1758, d2a7b1fa-fac6-4c6f-8c6d-9ac7414c70c3:c1758]
2019-07-14 04:23:40,713 INFO  client.GrpcClientProtocolClient (GrpcClientProtocolClient.java:onNext(255)) - client-8DB4338F17D0->b5da6a4a-1459-46a4-9479-d2035163dbe2: receive RaftClientReply:client-8DB4338F17D0->b5da6a4a-1459-46a4-9479-d2035163dbe2@group-4A9565783204, cid=1264, SUCCESS, logIndex=1765, commits[b5da6a4a-1459-46a4-9479-d2035163dbe2:c1766, 69c25b61-d669-4f17-b36d-41bca3df1f31:c1762, d2a7b1fa-fac6-4c6f-8c6d-9ac7414c70c3:c1764]
2019-07-14 04:23:40,714 INFO  client.GrpcClientProtocolClient (GrpcClientProtocolClient.java:onNext(255)) - client-8DB4338F17D0->b5da6a4a-1459-46a4-9479-d2035163dbe2: receive RaftClientReply:client-8DB4338F17D0->b5da6a4a-1459-46a4-9479-d2035163dbe2@group-4A9565783204, cid=1265, SUCCESS, logIndex=1766, commits[b5da6a4a-1459-46a4-9479-d2035163dbe2:c1766, 69c25b61-d669-4f17-b36d-41bca3df1f31:c1764, d2a7b1fa-fac6-4c6f-8c6d-9ac7414c70c3:c1764]
2019-07-14 04:23:40,726 INFO  client.GrpcClientProtocolClient (GrpcClientProtocolClient.java:onNext(255)) - client-8DB4338F17D0->b5da6a4a-1459-46a4-9479-d2035163dbe2: receive RaftClientReply:client-8DB4338F17D0->b5da6a4a-1459-46a4-9479-d2035163dbe2@group-4A9565783204, cid=1266, SUCCESS, logIndex=0, commits[b5da6a4a-1459-46a4-9479-d2035163dbe2:c1768, 69c25b61-d669-4f17-b36d-41bca3df1f31:c1766, d2a7b1fa-fac6-4c6f-8c6d-9ac7414c70c3:c1766]
2019-07-14 04:23:40,753 INFO  client.GrpcClientProtocolClient (GrpcClientProtocolClient.java:onNext(255)) - client-8DB4338F17D0->b5da6a4a-1459-46a4-9479-d2035163dbe2: receive RaftClientReply:client-8DB4338F17D0->b5da6a4a-1459-46a4-9479-d2035163dbe2@group-4A9565783204, cid=1267, SUCCESS, logIndex=1769, commits[b5da6a4a-1459-46a4-9479-d2035163dbe2:c1770, 69c25b61-d669-4f17-b36d-41bca3df1f31:c1768, d2a7b1fa-fac6-4c6f-8c6d-9ac7414c70c3:c1768]
2019-07-14 04:23:40,753 INFO  client.GrpcClientProtocolClient (GrpcClientProtocolClient.java:onNext(255)) - client-8DB4338F17D0->b5da6a4a-1459-46a4-9479-d2035163dbe2: receive RaftClientReply:client-8DB4338F17D0->b5da6a4a-1459-46a4-9479-d2035163dbe2@group-4A9565783204, cid=1268, SUCCESS, logIndex=1770, commits[b5da6a4a-1459-46a4-9479-d2035163dbe2:c1771, 69c25b61-d669-4f17-b36d-41bca3df1f31:c1768, d2a7b1fa-fac6-4c6f-8c6d-9ac7414c70c3:c1768]
2019-07-14 04:23:40,754 INFO  client.GrpcClientProtocolClient (GrpcClientProtocolClient.java:onNext(255)) - client-8DB4338F17D0->b5da6a4a-1459-46a4-9479-d2035163dbe2: receive RaftClientReply:client-8DB4338F17D0->b5da6a4a-1459-46a4-9479-d2035163dbe2@group-4A9565783204, cid=1269, SUCCESS, logIndex=1771, commits[b5da6a4a-1459-46a4-9479-d2035163dbe2:c1772, 69c25b61-d669-4f17-b36d-41bca3df1f31:c1768, d2a7b1fa-fac6-4c6f-8c6d-9ac7414c70c3:c1768]
2019-07-14 04:23:40,754 INFO  client.GrpcClientProtocolClient (GrpcClientProtocolClient.java:onNext(255)) - client-8DB4338F17D0->b5da6a4a-1459-46a4-9479-d2035163dbe2: receive RaftClientReply:client-8DB4338F17D0->b5da6a4a-1459-46a4-9479-d2035163dbe2@group-4A9565783204, cid=1270, SUCCESS, logIndex=1772, commits[b5da6a4a-1459-46a4-9479-d2035163dbe2:c1772, 69c25b61-d669-4f17-b36d-41bca3df1f31:c1768, d2a7b1fa-fac6-4c6f-8c6d-9ac7414c70c3:c1768]
2019-07-14 04:23:40,756 INFO  client.GrpcClientProtocolClient (GrpcClientProtocolClient.java:onNext(255)) - client-8DB4338F17D0->b5da6a4a-1459-46a4-9479-d2035163dbe2: receive RaftClientReply:client-8DB4338F17D0->b5da6a4a-1459-46a4-9479-d2035163dbe2@group-4A9565783204, cid=1271, SUCCESS, logIndex=0, commits[b5da6a4a-1459-46a4-9479-d2035163dbe2:c1774, 69c25b61-d669-4f17-b36d-41bca3df1f31:c1770, d2a7b1fa-fac6-4c6f-8c6d-9ac7414c70c3:c1770]
2019-07-14 04:23:40,771 INFO  client.GrpcClientProtocolClient (GrpcClientProtocolClient.java:onNext(255)) - client-8DB4338F17D0->b5da6a4a-1459-46a4-9479-d2035163dbe2: receive RaftClientReply:client-8DB4338F17D0->b5da6a4a-1459-46a4-9479-d2035163dbe2@group-4A9565783204, cid=1272, SUCCESS, logIndex=1777, commits[b5da6a4a-1459-46a4-9479-d2035163dbe2:c1778, 69c25b61-d669-4f17-b36d-41bca3df1f31:c1776, d2a7b1fa-fac6-4c6f-8c6d-9ac7414c70c3:c1776]
2019-07-14 04:23:40,771 INFO  client.GrpcClientProtocolClient (GrpcClientProtocolClient.java:onNext(255)) - client-8DB4338F17D0->b5da6a4a-1459-46a4-9479-d2035163dbe2: receive RaftClientReply:client-8DB4338F17D0->b5da6a4a-1459-46a4-9479-d2035163dbe2@group-4A9565783204, cid=1273, SUCCESS, logIndex=1778, commits[b5da6a4a-1459-46a4-9479-d2035163dbe2:c1778, 69c25b61-d669-4f17-b36d-41bca3df1f31:c1776, d2a7b1fa-fac6-4c6f-8c6d-9ac7414c70c3:c1776]
2019-07-14 04:23:40,790 INFO  client.GrpcClientProtocolClient (GrpcClientProtocolClient.java:onNext(255)) - client-8DB4338F17D0->b5da6a4a-1459-46a4-9479-d2035163dbe2: receive RaftClientReply:client-8DB4338F17D0->b5da6a4a-1459-46a4-9479-d2035163dbe2@group-4A9565783204, cid=1274, SUCCESS, logIndex=1781, commits[b5da6a4a-1459-46a4-9479-d2035163dbe2:c1782, 69c25b61-d669-4f17-b36d-41bca3df1f31:c1779, d2a7b1fa-fac6-4c6f-8c6d-9ac7414c70c3:c1779]
2019-07-14 04:23:40,790 INFO  client.GrpcClientProtocolClient (GrpcClientProtocolClient.java:onNext(255)) - client-8DB4338F17D0->b5da6a4a-1459-46a4-9479-d2035163dbe2: receive RaftClientReply:client-8DB4338F17D0->b5da6a4a-1459-46a4-9479-d2035163dbe2@group-4A9565783204, cid=1275, SUCCESS, logIndex=1782, commits[b5da6a4a-1459-46a4-9479-d2035163dbe2:c1782, 69c25b61-d669-4f17-b36d-41bca3df1f31:c1779, d2a7b1fa-fac6-4c6f-8c6d-9ac7414c70c3:c1779]
2019-07-14 04:23:40,800 INFO  client.GrpcClientProtocolClient (GrpcClientProtocolClient.java:onNext(255)) - client-8DB4338F17D0->b5da6a4a-1459-46a4-9479-d2035163dbe2: receive RaftClientReply:client-8DB4338F17D0->b5da6a4a-1459-46a4-9479-d2035163dbe2@group-4A9565783204, cid=1276, SUCCESS, logIndex=0, commits[b5da6a4a-1459-46a4-9479-d2035163dbe2:c1783, 69c25b61-d669-4f17-b36d-41bca3df1f31:c1782, d2a7b1fa-fac6-4c6f-8c6d-9ac7414c70c3:c1782]
2019-07-14 04:23:40,912 INFO  client.GrpcClientProtocolClient (GrpcClientProtocolClient.java:onNext(255)) - client-8DB4338F17D0->b5da6a4a-1459-46a4-9479-d2035163dbe2: receive RaftClientReply:client-8DB4338F17D0->b5da6a4a-1459-46a4-9479-d2035163dbe2@group-4A9565783204, cid=1277, SUCCESS, logIndex=1785, commits[b5da6a4a-1459-46a4-9479-d2035163dbe2:c1786, 69c25b61-d669-4f17-b36d-41bca3df1f31:c1784, d2a7b1fa-fac6-4c6f-8c6d-9ac7414c70c3:c1784]
2019-07-14 04:23:40,913 INFO  client.GrpcClientProtocolClient (GrpcClientProtocolClient.java:onNext(255)) - client-8DB4338F17D0->b5da6a4a-1459-46a4-9479-d2035163dbe2: receive RaftClientReply:client-8DB4338F17D0->b5da6a4a-1459-46a4-9479-d2035163dbe2@group-4A9565783204, cid=1278, SUCCESS, logIndex=1786, commits[b5da6a4a-1459-46a4-9479-d2035163dbe2:c1786, 69c25b61-d669-4f17-b36d-41bca3df1f31:c1784, d2a7b1fa-fac6-4c6f-8c6d-9ac7414c70c3:c1784]
2019-07-14 04:23:40,913 INFO  client.GrpcClientProtocolClient (GrpcClientProtocolClient.java:onNext(255)) - client-8DB4338F17D0->b5da6a4a-1459-46a4-9479-d2035163dbe2: receive RaftClientReply:client-8DB4338F17D0->b5da6a4a-1459-46a4-9479-d2035163dbe2@group-4A9565783204, cid=1279, SUCCESS, logIndex=1787, commits[b5da6a4a-1459-46a4-9479-d2035163dbe2:c1787, 69c25b61-d669-4f17-b36d-41bca3df1f31:c1784, d2a7b1fa-fac6-4c6f-8c6d-9ac7414c70c3:c1784]
2019-07-14 04:23:40,914 INFO  client.GrpcClientProtocolClient (GrpcClientProtocolClient.java:onNext(255)) - client-8DB4338F17D0->b5da6a4a-1459-46a4-9479-d2035163dbe2: receive RaftClientReply:client-8DB4338F17D0->b5da6a4a-1459-46a4-9479-d2035163dbe2@group-4A9565783204, cid=1280, SUCCESS, logIndex=1788, commits[b5da6a4a-1459-46a4-9479-d2035163dbe2:c1788, 69c25b61-d669-4f17-b36d-41bca3df1f31:c1784, d2a7b1fa-fac6-4c6f-8c6d-9ac7414c70c3:c1784]
2019-07-14 04:23:40,917 INFO  client.GrpcClientProtocolClient (GrpcClientProtocolClient.java:onNext(255)) - client-8DB4338F17D0->b5da6a4a-1459-46a4-9479-d2035163dbe2: receive RaftClientReply:client-8DB4338F17D0->b5da6a4a-1459-46a4-9479-d2035163dbe2@group-4A9565783204, cid=1281, SUCCESS, logIndex=0, commits[b5da6a4a-1459-46a4-9479-d2035163dbe2:c1790, 69c25b61-d669-4f17-b36d-41bca3df1f31:c1786, d2a7b1fa-fac6-4c6f-8c6d-9ac7414c70c3:c1786]
2019-07-14 04:23:40,931 INFO  client.GrpcClientProtocolClient (GrpcClientProtocolClient.java:onNext(255)) - client-8DB4338F17D0->b5da6a4a-1459-46a4-9479-d2035163dbe2: receive RaftClientReply:client-8DB4338F17D0->b5da6a4a-1459-46a4-9479-d2035163dbe2@group-4A9565783204, cid=1282, SUCCESS, logIndex=1793, commits[b5da6a4a-1459-46a4-9479-d2035163dbe2:c1794, 69c25b61-d669-4f17-b36d-41bca3df1f31:c1792, d2a7b1fa-fac6-4c6f-8c6d-9ac7414c70c3:c1788]
2019-07-14 04:23:40,931 INFO  client.GrpcClientProtocolClient (GrpcClientProtocolClient.java:onNext(255)) - client-8DB4338F17D0->b5da6a4a-1459-46a4-9479-d2035163dbe2: receive RaftClientReply:client-8DB4338F17D0->b5da6a4a-1459-46a4-9479-d2035163dbe2@group-4A9565783204, cid=1283, SUCCESS, logIndex=1794, commits[b5da6a4a-1459-46a4-9479-d2035163dbe2:c1794, 69c25b61-d669-4f17-b36d-41bca3df1f31:c1792, d2a7b1fa-fac6-4c6f-8c6d-9ac7414c70c3:c1792]
2019-07-14 04:23:40,950 INFO  client.GrpcClientProtocolClient (GrpcClientProtocolClient.java:onNext(255)) - client-8DB4338F17D0->b5da6a4a-1459-46a4-9479-d2035163dbe2: receive RaftClientReply:client-8DB4338F17D0->b5da6a4a-1459-46a4-9479-d2035163dbe2@group-4A9565783204, cid=1284, SUCCESS, logIndex=1797, commits[b5da6a4a-1459-46a4-9479-d2035163dbe2:c1798, 69c25b61-d669-4f17-b36d-41bca3df1f31:c1796, d2a7b1fa-fac6-4c6f-8c6d-9ac7414c70c3:c1796]
2019-07-14 04:23:40,950 INFO  client.GrpcClientProtocolClient (GrpcClientProtocolClient.java:onNext(255)) - client-8DB4338F17D0->b5da6a4a-1459-46a4-9479-d2035163dbe2: receive RaftClientReply:client-8DB4338F17D0->b5da6a4a-1459-46a4-9479-d2035163dbe2@group-4A9565783204, cid=1285, SUCCESS, logIndex=1798, commits[b5da6a4a-1459-46a4-9479-d2035163dbe2:c1798, 69c25b61-d669-4f17-b36d-41bca3df1f31:c1796, d2a7b1fa-fac6-4c6f-8c6d-9ac7414c70c3:c1796]
2019-07-14 04:23:40,956 INFO  client.GrpcClientProtocolClient (GrpcClientProtocolClient.java:onNext(255)) - client-8DB4338F17D0->b5da6a4a-1459-46a4-9479-d2035163dbe2: receive RaftClientReply:client-8DB4338F17D0->b5da6a4a-1459-46a4-9479-d2035163dbe2@group-4A9565783204, cid=1286, SUCCESS, logIndex=0, commits[b5da6a4a-1459-46a4-9479-d2035163dbe2:c1800, 69c25b61-d669-4f17-b36d-41bca3df1f31:c1798, d2a7b1fa-fac6-4c6f-8c6d-9ac7414c70c3:c1798]
2019-07-14 04:23:40,979 INFO  client.GrpcClientProtocolClient (GrpcClientProtocolClient.java:onNext(255)) - client-8DB4338F17D0->b5da6a4a-1459-46a4-9479-d2035163dbe2: receive RaftClientReply:client-8DB4338F17D0->b5da6a4a-1459-46a4-9479-d2035163dbe2@group-4A9565783204, cid=1287, SUCCESS, logIndex=1801, commits[b5da6a4a-1459-46a4-9479-d2035163dbe2:c1802, 69c25b61-d669-4f17-b36d-41bca3df1f31:c1800, d2a7b1fa-fac6-4c6f-8c6d-9ac7414c70c3:c1800]
2019-07-14 04:23:40,979 INFO  client.GrpcClientProtocolClient (GrpcClientProtocolClient.java:onNext(255)) - client-8DB4338F17D0->b5da6a4a-1459-46a4-9479-d2035163dbe2: receive RaftClientReply:client-8DB4338F17D0->b5da6a4a-1459-46a4-9479-d2035163dbe2@group-4A9565783204, cid=1288, SUCCESS, logIndex=1802, commits[b5da6a4a-1459-46a4-9479-d2035163dbe2:c1802, 69c25b61-d669-4f17-b36d-41bca3df1f31:c1800, d2a7b1fa-fac6-4c6f-8c6d-9ac7414c70c3:c1800]
2019-07-14 04:23:40,984 INFO  client.GrpcClientProtocolClient (GrpcClientProtocolClient.java:onNext(255)) - client-8DB4338F17D0->b5da6a4a-1459-46a4-9479-d2035163dbe2: receive RaftClientReply:client-8DB4338F17D0->b5da6a4a-1459-46a4-9479-d2035163dbe2@group-4A9565783204, cid=1289, SUCCESS, logIndex=1803, commits[b5da6a4a-1459-46a4-9479-d2035163dbe2:c1804, 69c25b61-d669-4f17-b36d-41bca3df1f31:c1800, d2a7b1fa-fac6-4c6f-8c6d-9ac7414c70c3:c1800]
2019-07-14 04:23:40,984 INFO  client.GrpcClientProtocolClient (GrpcClientProtocolClient.java:onNext(255)) - client-8DB4338F17D0->b5da6a4a-1459-46a4-9479-d2035163dbe2: receive RaftClientReply:client-8DB4338F17D0->b5da6a4a-1459-46a4-9479-d2035163dbe2@group-4A9565783204, cid=1290, SUCCESS, logIndex=1804, commits[b5da6a4a-1459-46a4-9479-d2035163dbe2:c1806, 69c25b61-d669-4f17-b36d-41bca3df1f31:c1800, d2a7b1fa-fac6-4c6f-8c6d-9ac7414c70c3:c1802]
2019-07-14 04:23:40,985 INFO  client.GrpcClientProtocolClient (GrpcClientProtocolClient.java:onNext(255)) - client-8DB4338F17D0->b5da6a4a-1459-46a4-9479-d2035163dbe2: receive RaftClientReply:client-8DB4338F17D0->b5da6a4a-1459-46a4-9479-d2035163dbe2@group-4A9565783204, cid=1291, SUCCESS, logIndex=0, commits[b5da6a4a-1459-46a4-9479-d2035163dbe2:c1806, 69c25b61-d669-4f17-b36d-41bca3df1f31:c1802, d2a7b1fa-fac6-4c6f-8c6d-9ac7414c70c3:c1802]
2019-07-14 04:23:40,997 INFO  client.GrpcClientProtocolClient (GrpcClientProtocolClient.java:onNext(255)) - client-8DB4338F17D0->b5da6a4a-1459-46a4-9479-d2035163dbe2: receive RaftClientReply:client-8DB4338F17D0->b5da6a4a-1459-46a4-9479-d2035163dbe2@group-4A9565783204, cid=1292, SUCCESS, logIndex=1809, commits[b5da6a4a-1459-46a4-9479-d2035163dbe2:c1809, 69c25b61-d669-4f17-b36d-41bca3df1f31:c1808, d2a7b1fa-fac6-4c6f-8c6d-9ac7414c70c3:c1808]
2019-07-14 04:23:40,998 INFO  client.GrpcClientProtocolClient (GrpcClientProtocolClient.java:onNext(255)) - client-8DB4338F17D0->b5da6a4a-1459-46a4-9479-d2035163dbe2: receive RaftClientReply:client-8DB4338F17D0->b5da6a4a-1459-46a4-9479-d2035163dbe2@group-4A9565783204, cid=1293, SUCCESS, logIndex=1810, commits[b5da6a4a-1459-46a4-9479-d2035163dbe2:c1810, 69c25b61-d669-4f17-b36d-41bca3df1f31:c1808, d2a7b1fa-fac6-4c6f-8c6d-9ac7414c70c3:c1808]
2019-07-14 04:23:41,022 INFO  client.GrpcClientProtocolClient (GrpcClientProtocolClient.java:onNext(255)) - client-8DB4338F17D0->b5da6a4a-1459-46a4-9479-d2035163dbe2: receive RaftClientReply:client-8DB4338F17D0->b5da6a4a-1459-46a4-9479-d2035163dbe2@group-4A9565783204, cid=1294, SUCCESS, logIndex=1813, commits[b5da6a4a-1459-46a4-9479-d2035163dbe2:c1814, 69c25b61-d669-4f17-b36d-41bca3df1f31:c1812, d2a7b1fa-fac6-4c6f-8c6d-9ac7414c70c3:c1812]
2019-07-14 04:23:41,022 INFO  client.GrpcClientProtocolClient (GrpcClientProtocolClient.java:onNext(255)) - client-8DB4338F17D0->b5da6a4a-1459-46a4-9479-d2035163dbe2: receive RaftClientReply:client-8DB4338F17D0->b5da6a4a-1459-46a4-9479-d2035163dbe2@group-4A9565783204, cid=1295, SUCCESS, logIndex=1814, commits[b5da6a4a-1459-46a4-9479-d2035163dbe2:c1814, 69c25b61-d669-4f17-b36d-41bca3df1f31:c1812, d2a7b1fa-fac6-4c6f-8c6d-9ac7414c70c3:c1812]
2019-07-14 04:23:41,024 INFO  client.GrpcClientProtocolClient (GrpcClientProtocolClient.java:onNext(255)) - client-8DB4338F17D0->b5da6a4a-1459-46a4-9479-d2035163dbe2: receive RaftClientReply:client-8DB4338F17D0->b5da6a4a-1459-46a4-9479-d2035163dbe2@group-4A9565783204, cid=1296, SUCCESS, logIndex=0, commits[b5da6a4a-1459-46a4-9479-d2035163dbe2:c1815, 69c25b61-d669-4f17-b36d-41bca3df1f31:c1814, d2a7b1fa-fac6-4c6f-8c6d-9ac7414c70c3:c1814]
2019-07-14 04:23:41,057 INFO  client.GrpcClientProtocolClient (GrpcClientProtocolClient.java:onNext(255)) - client-8DB4338F17D0->b5da6a4a-1459-46a4-9479-d2035163dbe2: receive RaftClientReply:client-8DB4338F17D0->b5da6a4a-1459-46a4-9479-d2035163dbe2@group-4A9565783204, cid=1297, SUCCESS, logIndex=1817, commits[b5da6a4a-1459-46a4-9479-d2035163dbe2:c1819, 69c25b61-d669-4f17-b36d-41bca3df1f31:c1816, d2a7b1fa-fac6-4c6f-8c6d-9ac7414c70c3:c1816]
2019-07-14 04:23:41,057 INFO  client.GrpcClientProtocolClient (GrpcClientProtocolClient.java:onNext(255)) - client-8DB4338F17D0->b5da6a4a-1459-46a4-9479-d2035163dbe2: receive RaftClientReply:client-8DB4338F17D0->b5da6a4a-1459-46a4-9479-d2035163dbe2@group-4A9565783204, cid=1298, SUCCESS, logIndex=1818, commits[b5da6a4a-1459-46a4-9479-d2035163dbe2:c1820, 69c25b61-d669-4f17-b36d-41bca3df1f31:c1816, d2a7b1fa-fac6-4c6f-8c6d-9ac7414c70c3:c1816]
2019-07-14 04:23:41,058 INFO  client.GrpcClientProtocolClient (GrpcClientProtocolClient.java:onNext(255)) - client-8DB4338F17D0->b5da6a4a-1459-46a4-9479-d2035163dbe2: receive RaftClientReply:client-8DB4338F17D0->b5da6a4a-1459-46a4-9479-d2035163dbe2@group-4A9565783204, cid=1299, SUCCESS, logIndex=1819, commits[b5da6a4a-1459-46a4-9479-d2035163dbe2:c1820, 69c25b61-d669-4f17-b36d-41bca3df1f31:c1816, d2a7b1fa-fac6-4c6f-8c6d-9ac7414c70c3:c1816]
2019-07-14 04:23:41,058 INFO  client.GrpcClientProtocolClient (GrpcClientProtocolClient.java:onNext(255)) - client-8DB4338F17D0->b5da6a4a-1459-46a4-9479-d2035163dbe2: receive RaftClientReply:client-8DB4338F17D0->b5da6a4a-1459-46a4-9479-d2035163dbe2@group-4A9565783204, cid=1300, SUCCESS, logIndex=1820, commits[b5da6a4a-1459-46a4-9479-d2035163dbe2:c1820, 69c25b61-d669-4f17-b36d-41bca3df1f31:c1816, d2a7b1fa-fac6-4c6f-8c6d-9ac7414c70c3:c1816]
2019-07-14 04:23:41,067 INFO  client.GrpcClientProtocolClient (GrpcClientProtocolClient.java:onNext(255)) - client-8DB4338F17D0->b5da6a4a-1459-46a4-9479-d2035163dbe2: receive RaftClientReply:client-8DB4338F17D0->b5da6a4a-1459-46a4-9479-d2035163dbe2@group-4A9565783204, cid=1301, SUCCESS, logIndex=0, commits[b5da6a4a-1459-46a4-9479-d2035163dbe2:c1821, 69c25b61-d669-4f17-b36d-41bca3df1f31:c1818, d2a7b1fa-fac6-4c6f-8c6d-9ac7414c70c3:c1818]
2019-07-14 04:23:41,091 INFO  client.GrpcClientProtocolClient (GrpcClientProtocolClient.java:onNext(255)) - client-8DB4338F17D0->b5da6a4a-1459-46a4-9479-d2035163dbe2: receive RaftClientReply:client-8DB4338F17D0->b5da6a4a-1459-46a4-9479-d2035163dbe2@group-4A9565783204, cid=1302, SUCCESS, logIndex=1825, commits[b5da6a4a-1459-46a4-9479-d2035163dbe2:c1826, 69c25b61-d669-4f17-b36d-41bca3df1f31:c1824, d2a7b1fa-fac6-4c6f-8c6d-9ac7414c70c3:c1824]
2019-07-14 04:23:41,092 INFO  client.GrpcClientProtocolClient (GrpcClientProtocolClient.java:onNext(255)) - client-8DB4338F17D0->b5da6a4a-1459-46a4-9479-d2035163dbe2: receive RaftClientReply:client-8DB4338F17D0->b5da6a4a-1459-46a4-9479-d2035163dbe2@group-4A9565783204, cid=1303, SUCCESS, logIndex=1826, commits[b5da6a4a-1459-46a4-9479-d2035163dbe2:c1826, 69c25b61-d669-4f17-b36d-41bca3df1f31:c1824, d2a7b1fa-fac6-4c6f-8c6d-9ac7414c70c3:c1824]
2019-07-14 04:23:41,103 INFO  client.GrpcClientProtocolClient (GrpcClientProtocolClient.java:onNext(255)) - client-8DB4338F17D0->b5da6a4a-1459-46a4-9479-d2035163dbe2: receive RaftClientReply:client-8DB4338F17D0->b5da6a4a-1459-46a4-9479-d2035163dbe2@group-4A9565783204, cid=1304, SUCCESS, logIndex=1829, commits[b5da6a4a-1459-46a4-9479-d2035163dbe2:c1830, 69c25b61-d669-4f17-b36d-41bca3df1f31:c1826, d2a7b1fa-fac6-4c6f-8c6d-9ac7414c70c3:c1828]
2019-07-14 04:23:41,104 INFO  client.GrpcClientProtocolClient (GrpcClientProtocolClient.java:onNext(255)) - client-8DB4338F17D0->b5da6a4a-1459-46a4-9479-d2035163dbe2: receive RaftClientReply:client-8DB4338F17D0->b5da6a4a-1459-46a4-9479-d2035163dbe2@group-4A9565783204, cid=1305, SUCCESS, logIndex=1830, commits[b5da6a4a-1459-46a4-9479-d2035163dbe2:c1830, 69c25b61-d669-4f17-b36d-41bca3df1f31:c1828, d2a7b1fa-fac6-4c6f-8c6d-9ac7414c70c3:c1828]
2019-07-14 04:23:41,105 INFO  client.GrpcClientProtocolClient (GrpcClientProtocolClient.java:onNext(255)) - client-8DB4338F17D0->b5da6a4a-1459-46a4-9479-d2035163dbe2: receive RaftClientReply:client-8DB4338F17D0->b5da6a4a-1459-46a4-9479-d2035163dbe2@group-4A9565783204, cid=1306, SUCCESS, logIndex=0, commits[b5da6a4a-1459-46a4-9479-d2035163dbe2:c1831, 69c25b61-d669-4f17-b36d-41bca3df1f31:c1830, d2a7b1fa-fac6-4c6f-8c6d-9ac7414c70c3:c1830]
2019-07-14 04:23:41,131 INFO  client.GrpcClientProtocolClient (GrpcClientProtocolClient.java:onNext(255)) - client-8DB4338F17D0->b5da6a4a-1459-46a4-9479-d2035163dbe2: receive RaftClientReply:client-8DB4338F17D0->b5da6a4a-1459-46a4-9479-d2035163dbe2@group-4A9565783204, cid=1307, SUCCESS, logIndex=1833, commits[b5da6a4a-1459-46a4-9479-d2035163dbe2:c1834, 69c25b61-d669-4f17-b36d-41bca3df1f31:c1832, d2a7b1fa-fac6-4c6f-8c6d-9ac7414c70c3:c1832]
2019-07-14 04:23:41,131 INFO  client.GrpcClientProtocolClient (GrpcClientProtocolClient.java:onNext(255)) - client-8DB4338F17D0->b5da6a4a-1459-46a4-9479-d2035163dbe2: receive RaftClientReply:client-8DB4338F17D0->b5da6a4a-1459-46a4-9479-d2035163dbe2@group-4A9565783204, cid=1308, SUCCESS, logIndex=1834, commits[b5da6a4a-1459-46a4-9479-d2035163dbe2:c1834, 69c25b61-d669-4f17-b36d-41bca3df1f31:c1832, d2a7b1fa-fac6-4c6f-8c6d-9ac7414c70c3:c1832]
2019-07-14 04:23:41,132 INFO  client.GrpcClientProtocolClient (GrpcClientProtocolClient.java:onNext(255)) - client-8DB4338F17D0->b5da6a4a-1459-46a4-9479-d2035163dbe2: receive RaftClientReply:client-8DB4338F17D0->b5da6a4a-1459-46a4-9479-d2035163dbe2@group-4A9565783204, cid=1309, SUCCESS, logIndex=1835, commits[b5da6a4a-1459-46a4-9479-d2035163dbe2:c1836, 69c25b61-d669-4f17-b36d-41bca3df1f31:c1832, d2a7b1fa-fac6-4c6f-8c6d-9ac7414c70c3:c1832]
2019-07-14 04:23:41,132 INFO  client.GrpcClientProtocolClient (GrpcClientProtocolClient.java:onNext(255)) - client-8DB4338F17D0->b5da6a4a-1459-46a4-9479-d2035163dbe2: receive RaftClientReply:client-8DB4338F17D0->b5da6a4a-1459-46a4-9479-d2035163dbe2@group-4A9565783204, cid=1310, SUCCESS, logIndex=1836, commits[b5da6a4a-1459-46a4-9479-d2035163dbe2:c1836, 69c25b61-d669-4f17-b36d-41bca3df1f31:c1832, d2a7b1fa-fac6-4c6f-8c6d-9ac7414c70c3:c1832]
2019-07-14 04:23:41,134 INFO  client.GrpcClientProtocolClient (GrpcClientProtocolClient.java:onNext(255)) - client-8DB4338F17D0->b5da6a4a-1459-46a4-9479-d2035163dbe2: receive RaftClientReply:client-8DB4338F17D0->b5da6a4a-1459-46a4-9479-d2035163dbe2@group-4A9565783204, cid=1311, SUCCESS, logIndex=0, commits[b5da6a4a-1459-46a4-9479-d2035163dbe2:c1838, 69c25b61-d669-4f17-b36d-41bca3df1f31:c1834, d2a7b1fa-fac6-4c6f-8c6d-9ac7414c70c3:c1834]
2019-07-14 04:23:41,144 INFO  client.GrpcClientProtocolClient (GrpcClientProtocolClient.java:onNext(255)) - client-8DB4338F17D0->b5da6a4a-1459-46a4-9479-d2035163dbe2: receive RaftClientReply:client-8DB4338F17D0->b5da6a4a-1459-46a4-9479-d2035163dbe2@group-4A9565783204, cid=1312, SUCCESS, logIndex=1841, commits[b5da6a4a-1459-46a4-9479-d2035163dbe2:c1842, 69c25b61-d669-4f17-b36d-41bca3df1f31:c1840, d2a7b1fa-fac6-4c6f-8c6d-9ac7414c70c3:c1840]
2019-07-14 04:23:41,145 INFO  client.GrpcClientProtocolClient (GrpcClientProtocolClient.java:onNext(255)) - client-8DB4338F17D0->b5da6a4a-1459-46a4-9479-d2035163dbe2: receive RaftClientReply:client-8DB4338F17D0->b5da6a4a-1459-46a4-9479-d2035163dbe2@group-4A9565783204, cid=1313, SUCCESS, logIndex=1842, commits[b5da6a4a-1459-46a4-9479-d2035163dbe2:c1842, 69c25b61-d669-4f17-b36d-41bca3df1f31:c1840, d2a7b1fa-fac6-4c6f-8c6d-9ac7414c70c3:c1840]
2019-07-14 04:23:41,163 INFO  client.GrpcClientProtocolClient (GrpcClientProtocolClient.java:onNext(255)) - client-8DB4338F17D0->b5da6a4a-1459-46a4-9479-d2035163dbe2: receive RaftClientReply:client-8DB4338F17D0->b5da6a4a-1459-46a4-9479-d2035163dbe2@group-4A9565783204, cid=1314, SUCCESS, logIndex=1845, commits[b5da6a4a-1459-46a4-9479-d2035163dbe2:c1846, 69c25b61-d669-4f17-b36d-41bca3df1f31:c1844, d2a7b1fa-fac6-4c6f-8c6d-9ac7414c70c3:c1842]
2019-07-14 04:23:41,163 INFO  client.GrpcClientProtocolClient (GrpcClientProtocolClient.java:onNext(255)) - client-8DB4338F17D0->b5da6a4a-1459-46a4-9479-d2035163dbe2: receive RaftClientReply:client-8DB4338F17D0->b5da6a4a-1459-46a4-9479-d2035163dbe2@group-4A9565783204, cid=1315, SUCCESS, logIndex=1846, commits[b5da6a4a-1459-46a4-9479-d2035163dbe2:c1846, 69c25b61-d669-4f17-b36d-41bca3df1f31:c1844, d2a7b1fa-fac6-4c6f-8c6d-9ac7414c70c3:c1842]
 0.00% |█                                                                                                    |  0/1 Time: 0:00:062019-07-14 04:23:41,175 INFO  client.GrpcClientProtocolClient (GrpcClientProtocolClient.java:onNext(255)) - client-8DB4338F17D0->b5da6a4a-1459-46a4-9479-d2035163dbe2: receive RaftClientReply:client-8DB4338F17D0->b5da6a4a-1459-46a4-9479-d2035163dbe2@group-4A9565783204, cid=1316, SUCCESS, logIndex=0, commits[b5da6a4a-1459-46a4-9479-d2035163dbe2:c1847, 69c25b61-d669-4f17-b36d-41bca3df1f31:c1846, d2a7b1fa-fac6-4c6f-8c6d-9ac7414c70c3:c1846]
2019-07-14 04:23:41,190 INFO  client.GrpcClientProtocolClient (GrpcClientProtocolClient.java:onNext(255)) - client-8DB4338F17D0->b5da6a4a-1459-46a4-9479-d2035163dbe2: receive RaftClientReply:client-8DB4338F17D0->b5da6a4a-1459-46a4-9479-d2035163dbe2@group-4A9565783204, cid=1317, SUCCESS, logIndex=1849, commits[b5da6a4a-1459-46a4-9479-d2035163dbe2:c1850, 69c25b61-d669-4f17-b36d-41bca3df1f31:c1846, d2a7b1fa-fac6-4c6f-8c6d-9ac7414c70c3:c1848]
2019-07-14 04:23:41,191 INFO  client.GrpcClientProtocolClient (GrpcClientProtocolClient.java:onNext(255)) - client-8DB4338F17D0->b5da6a4a-1459-46a4-9479-d2035163dbe2: receive RaftClientReply:client-8DB4338F17D0->b5da6a4a-1459-46a4-9479-d2035163dbe2@group-4A9565783204, cid=1318, SUCCESS, logIndex=1850, commits[b5da6a4a-1459-46a4-9479-d2035163dbe2:c1850, 69c25b61-d669-4f17-b36d-41bca3df1f31:c1846, d2a7b1fa-fac6-4c6f-8c6d-9ac7414c70c3:c1848]
2019-07-14 04:23:41,193 INFO  client.GrpcClientProtocolClient (GrpcClientProtocolClient.java:onNext(255)) - client-8DB4338F17D0->b5da6a4a-1459-46a4-9479-d2035163dbe2: receive RaftClientReply:client-8DB4338F17D0->b5da6a4a-1459-46a4-9479-d2035163dbe2@group-4A9565783204, cid=1319, SUCCESS, logIndex=1851, commits[b5da6a4a-1459-46a4-9479-d2035163dbe2:c1852, 69c25b61-d669-4f17-b36d-41bca3df1f31:c1848, d2a7b1fa-fac6-4c6f-8c6d-9ac7414c70c3:c1850]
2019-07-14 04:23:41,194 INFO  client.GrpcClientProtocolClient (GrpcClientProtocolClient.java:onNext(255)) - client-8DB4338F17D0->b5da6a4a-1459-46a4-9479-d2035163dbe2: receive RaftClientReply:client-8DB4338F17D0->b5da6a4a-1459-46a4-9479-d2035163dbe2@group-4A9565783204, cid=1320, SUCCESS, logIndex=1852, commits[b5da6a4a-1459-46a4-9479-d2035163dbe2:c1852, 69c25b61-d669-4f17-b36d-41bca3df1f31:c1848, d2a7b1fa-fac6-4c6f-8c6d-9ac7414c70c3:c1850]
2019-07-14 04:23:41,195 INFO  client.GrpcClientProtocolClient (GrpcClientProtocolClient.java:onNext(255)) - client-8DB4338F17D0->b5da6a4a-1459-46a4-9479-d2035163dbe2: receive RaftClientReply:client-8DB4338F17D0->b5da6a4a-1459-46a4-9479-d2035163dbe2@group-4A9565783204, cid=1321, SUCCESS, logIndex=0, commits[b5da6a4a-1459-46a4-9479-d2035163dbe2:c1854, 69c25b61-d669-4f17-b36d-41bca3df1f31:c1850, d2a7b1fa-fac6-4c6f-8c6d-9ac7414c70c3:c1850]
2019-07-14 04:23:41,213 INFO  client.GrpcClientProtocolClient (GrpcClientProtocolClient.java:onNext(255)) - client-8DB4338F17D0->b5da6a4a-1459-46a4-9479-d2035163dbe2: receive RaftClientReply:client-8DB4338F17D0->b5da6a4a-1459-46a4-9479-d2035163dbe2@group-4A9565783204, cid=1322, SUCCESS, logIndex=1857, commits[b5da6a4a-1459-46a4-9479-d2035163dbe2:c1858, 69c25b61-d669-4f17-b36d-41bca3df1f31:c1856, d2a7b1fa-fac6-4c6f-8c6d-9ac7414c70c3:c1852]
2019-07-14 04:23:41,214 INFO  client.GrpcClientProtocolClient (GrpcClientProtocolClient.java:onNext(255)) - client-8DB4338F17D0->b5da6a4a-1459-46a4-9479-d2035163dbe2: receive RaftClientReply:client-8DB4338F17D0->b5da6a4a-1459-46a4-9479-d2035163dbe2@group-4A9565783204, cid=1323, SUCCESS, logIndex=1858, commits[b5da6a4a-1459-46a4-9479-d2035163dbe2:c1858, 69c25b61-d669-4f17-b36d-41bca3df1f31:c1856, d2a7b1fa-fac6-4c6f-8c6d-9ac7414c70c3:c1856]
2019-07-14 04:23:41,224 INFO  client.GrpcClientProtocolClient (GrpcClientProtocolClient.java:onNext(255)) - client-8DB4338F17D0->b5da6a4a-1459-46a4-9479-d2035163dbe2: receive RaftClientReply:client-8DB4338F17D0->b5da6a4a-1459-46a4-9479-d2035163dbe2@group-4A9565783204, cid=1324, SUCCESS, logIndex=1861, commits[b5da6a4a-1459-46a4-9479-d2035163dbe2:c1862, 69c25b61-d669-4f17-b36d-41bca3df1f31:c1858, d2a7b1fa-fac6-4c6f-8c6d-9ac7414c70c3:c1860]
2019-07-14 04:23:41,225 INFO  client.GrpcClientProtocolClient (GrpcClientProtocolClient.java:onNext(255)) - client-8DB4338F17D0->b5da6a4a-1459-46a4-9479-d2035163dbe2: receive RaftClientReply:client-8DB4338F17D0->b5da6a4a-1459-46a4-9479-d2035163dbe2@group-4A9565783204, cid=1325, SUCCESS, logIndex=1862, commits[b5da6a4a-1459-46a4-9479-d2035163dbe2:c1862, 69c25b61-d669-4f17-b36d-41bca3df1f31:c1860, d2a7b1fa-fac6-4c6f-8c6d-9ac7414c70c3:c1860]
2019-07-14 04:23:41,226 INFO  client.GrpcClientProtocolClient (GrpcClientProtocolClient.java:onNext(255)) - client-8DB4338F17D0->b5da6a4a-1459-46a4-9479-d2035163dbe2: receive RaftClientReply:client-8DB4338F17D0->b5da6a4a-1459-46a4-9479-d2035163dbe2@group-4A9565783204, cid=1326, SUCCESS, logIndex=0, commits[b5da6a4a-1459-46a4-9479-d2035163dbe2:c1863, 69c25b61-d669-4f17-b36d-41bca3df1f31:c1862, d2a7b1fa-fac6-4c6f-8c6d-9ac7414c70c3:c1862]
2019-07-14 04:23:41,243 INFO  client.GrpcClientProtocolClient (GrpcClientProtocolClient.java:onNext(255)) - client-8DB4338F17D0->b5da6a4a-1459-46a4-9479-d2035163dbe2: receive RaftClientReply:client-8DB4338F17D0->b5da6a4a-1459-46a4-9479-d2035163dbe2@group-4A9565783204, cid=1327, SUCCESS, logIndex=1865, commits[b5da6a4a-1459-46a4-9479-d2035163dbe2:c1866, 69c25b61-d669-4f17-b36d-41bca3df1f31:c1864, d2a7b1fa-fac6-4c6f-8c6d-9ac7414c70c3:c1862]
2019-07-14 04:23:41,244 INFO  client.GrpcClientProtocolClient (GrpcClientProtocolClient.java:onNext(255)) - client-8DB4338F17D0->b5da6a4a-1459-46a4-9479-d2035163dbe2: receive RaftClientReply:client-8DB4338F17D0->b5da6a4a-1459-46a4-9479-d2035163dbe2@group-4A9565783204, cid=1328, SUCCESS, logIndex=1866, commits[b5da6a4a-1459-46a4-9479-d2035163dbe2:c1866, 69c25b61-d669-4f17-b36d-41bca3df1f31:c1864, d2a7b1fa-fac6-4c6f-8c6d-9ac7414c70c3:c1862]
2019-07-14 04:23:41,246 INFO  client.GrpcClientProtocolClient (GrpcClientProtocolClient.java:onNext(255)) - client-8DB4338F17D0->b5da6a4a-1459-46a4-9479-d2035163dbe2: receive RaftClientReply:client-8DB4338F17D0->b5da6a4a-1459-46a4-9479-d2035163dbe2@group-4A9565783204, cid=1329, SUCCESS, logIndex=1867, commits[b5da6a4a-1459-46a4-9479-d2035163dbe2:c1868, 69c25b61-d669-4f17-b36d-41bca3df1f31:c1864, d2a7b1fa-fac6-4c6f-8c6d-9ac7414c70c3:c1864]
2019-07-14 04:23:41,246 INFO  client.GrpcClientProtocolClient (GrpcClientProtocolClient.java:onNext(255)) - client-8DB4338F17D0->b5da6a4a-1459-46a4-9479-d2035163dbe2: receive RaftClientReply:client-8DB4338F17D0->b5da6a4a-1459-46a4-9479-d2035163dbe2@group-4A9565783204, cid=1330, SUCCESS, logIndex=1868, commits[b5da6a4a-1459-46a4-9479-d2035163dbe2:c1868, 69c25b61-d669-4f17-b36d-41bca3df1f31:c1864, d2a7b1fa-fac6-4c6f-8c6d-9ac7414c70c3:c1864]
2019-07-14 04:23:41,248 INFO  client.GrpcClientProtocolClient (GrpcClientProtocolClient.java:onNext(255)) - client-8DB4338F17D0->b5da6a4a-1459-46a4-9479-d2035163dbe2: receive RaftClientReply:client-8DB4338F17D0->b5da6a4a-1459-46a4-9479-d2035163dbe2@group-4A9565783204, cid=1331, SUCCESS, logIndex=0, commits[b5da6a4a-1459-46a4-9479-d2035163dbe2:c1870, 69c25b61-d669-4f17-b36d-41bca3df1f31:c1866, d2a7b1fa-fac6-4c6f-8c6d-9ac7414c70c3:c1866]
2019-07-14 04:23:41,266 INFO  client.GrpcClientProtocolClient (GrpcClientProtocolClient.java:onNext(255)) - client-8DB4338F17D0->b5da6a4a-1459-46a4-9479-d2035163dbe2: receive RaftClientReply:client-8DB4338F17D0->b5da6a4a-1459-46a4-9479-d2035163dbe2@group-4A9565783204, cid=1332, SUCCESS, logIndex=1872, commits[b5da6a4a-1459-46a4-9479-d2035163dbe2:c1873, 69c25b61-d669-4f17-b36d-41bca3df1f31:c1871, d2a7b1fa-fac6-4c6f-8c6d-9ac7414c70c3:c1871]
2019-07-14 04:23:41,266 INFO  client.GrpcClientProtocolClient (GrpcClientProtocolClient.java:onNext(255)) - client-8DB4338F17D0->b5da6a4a-1459-46a4-9479-d2035163dbe2: receive RaftClientReply:client-8DB4338F17D0->b5da6a4a-1459-46a4-9479-d2035163dbe2@group-4A9565783204, cid=1333, SUCCESS, logIndex=1873, commits[b5da6a4a-1459-46a4-9479-d2035163dbe2:c1873, 69c25b61-d669-4f17-b36d-41bca3df1f31:c1871, d2a7b1fa-fac6-4c6f-8c6d-9ac7414c70c3:c1871]
2019-07-14 04:23:41,288 INFO  client.GrpcClientProtocolClient (GrpcClientProtocolClient.java:onNext(255)) - client-8DB4338F17D0->b5da6a4a-1459-46a4-9479-d2035163dbe2: receive RaftClientReply:client-8DB4338F17D0->b5da6a4a-1459-46a4-9479-d2035163dbe2@group-4A9565783204, cid=1334, SUCCESS, logIndex=1876, commits[b5da6a4a-1459-46a4-9479-d2035163dbe2:c1877, 69c25b61-d669-4f17-b36d-41bca3df1f31:c1874, d2a7b1fa-fac6-4c6f-8c6d-9ac7414c70c3:c1874]
2019-07-14 04:23:41,288 INFO  client.GrpcClientProtocolClient (GrpcClientProtocolClient.java:onNext(255)) - client-8DB4338F17D0->b5da6a4a-1459-46a4-9479-d2035163dbe2: receive RaftClientReply:client-8DB4338F17D0->b5da6a4a-1459-46a4-9479-d2035163dbe2@group-4A9565783204, cid=1335, SUCCESS, logIndex=1877, commits[b5da6a4a-1459-46a4-9479-d2035163dbe2:c1877, 69c25b61-d669-4f17-b36d-41bca3df1f31:c1874, d2a7b1fa-fac6-4c6f-8c6d-9ac7414c70c3:c1874]
2019-07-14 04:23:41,294 INFO  client.GrpcClientProtocolClient (GrpcClientProtocolClient.java:onNext(255)) - client-8DB4338F17D0->b5da6a4a-1459-46a4-9479-d2035163dbe2: receive RaftClientReply:client-8DB4338F17D0->b5da6a4a-1459-46a4-9479-d2035163dbe2@group-4A9565783204, cid=1336, SUCCESS, logIndex=0, commits[b5da6a4a-1459-46a4-9479-d2035163dbe2:c1879, 69c25b61-d669-4f17-b36d-41bca3df1f31:c1877, d2a7b1fa-fac6-4c6f-8c6d-9ac7414c70c3:c1877]
2019-07-14 04:23:41,309 INFO  client.GrpcClientProtocolClient (GrpcClientProtocolClient.java:onNext(255)) - client-8DB4338F17D0->b5da6a4a-1459-46a4-9479-d2035163dbe2: receive RaftClientReply:client-8DB4338F17D0->b5da6a4a-1459-46a4-9479-d2035163dbe2@group-4A9565783204, cid=1337, SUCCESS, logIndex=1880, commits[b5da6a4a-1459-46a4-9479-d2035163dbe2:c1881, 69c25b61-d669-4f17-b36d-41bca3df1f31:c1879, d2a7b1fa-fac6-4c6f-8c6d-9ac7414c70c3:c1879]
2019-07-14 04:23:41,310 INFO  client.GrpcClientProtocolClient (GrpcClientProtocolClient.java:onNext(255)) - client-8DB4338F17D0->b5da6a4a-1459-46a4-9479-d2035163dbe2: receive RaftClientReply:client-8DB4338F17D0->b5da6a4a-1459-46a4-9479-d2035163dbe2@group-4A9565783204, cid=1338, SUCCESS, logIndex=1881, commits[b5da6a4a-1459-46a4-9479-d2035163dbe2:c1881, 69c25b61-d669-4f17-b36d-41bca3df1f31:c1879, d2a7b1fa-fac6-4c6f-8c6d-9ac7414c70c3:c1879]
2019-07-14 04:23:41,313 INFO  client.GrpcClientProtocolClient (GrpcClientProtocolClient.java:onNext(255)) - client-8DB4338F17D0->b5da6a4a-1459-46a4-9479-d2035163dbe2: receive RaftClientReply:client-8DB4338F17D0->b5da6a4a-1459-46a4-9479-d2035163dbe2@group-4A9565783204, cid=1339, SUCCESS, logIndex=1882, commits[b5da6a4a-1459-46a4-9479-d2035163dbe2:c1883, 69c25b61-d669-4f17-b36d-41bca3df1f31:c1879, d2a7b1fa-fac6-4c6f-8c6d-9ac7414c70c3:c1879]
2019-07-14 04:23:41,314 INFO  client.GrpcClientProtocolClient (GrpcClientProtocolClient.java:onNext(255)) - client-8DB4338F17D0->b5da6a4a-1459-46a4-9479-d2035163dbe2: receive RaftClientReply:client-8DB4338F17D0->b5da6a4a-1459-46a4-9479-d2035163dbe2@group-4A9565783204, cid=1340, SUCCESS, logIndex=1883, commits[b5da6a4a-1459-46a4-9479-d2035163dbe2:c1884, 69c25b61-d669-4f17-b36d-41bca3df1f31:c1881, d2a7b1fa-fac6-4c6f-8c6d-9ac7414c70c3:c1879]
2019-07-14 04:23:41,315 INFO  client.GrpcClientProtocolClient (GrpcClientProtocolClient.java:onNext(255)) - client-8DB4338F17D0->b5da6a4a-1459-46a4-9479-d2035163dbe2: receive RaftClientReply:client-8DB4338F17D0->b5da6a4a-1459-46a4-9479-d2035163dbe2@group-4A9565783204, cid=1341, SUCCESS, logIndex=0, commits[b5da6a4a-1459-46a4-9479-d2035163dbe2:c1886, 69c25b61-d669-4f17-b36d-41bca3df1f31:c1882, d2a7b1fa-fac6-4c6f-8c6d-9ac7414c70c3:c1881]
2019-07-14 04:23:41,332 INFO  client.GrpcClientProtocolClient (GrpcClientProtocolClient.java:onNext(255)) - client-8DB4338F17D0->b5da6a4a-1459-46a4-9479-d2035163dbe2: receive RaftClientReply:client-8DB4338F17D0->b5da6a4a-1459-46a4-9479-d2035163dbe2@group-4A9565783204, cid=1342, SUCCESS, logIndex=1888, commits[b5da6a4a-1459-46a4-9479-d2035163dbe2:c1889, 69c25b61-d669-4f17-b36d-41bca3df1f31:c1887, d2a7b1fa-fac6-4c6f-8c6d-9ac7414c70c3:c1883]
2019-07-14 04:23:41,333 INFO  client.GrpcClientProtocolClient (GrpcClientProtocolClient.java:onNext(255)) - client-8DB4338F17D0->b5da6a4a-1459-46a4-9479-d2035163dbe2: receive RaftClientReply:client-8DB4338F17D0->b5da6a4a-1459-46a4-9479-d2035163dbe2@group-4A9565783204, cid=1343, SUCCESS, logIndex=1889, commits[b5da6a4a-1459-46a4-9479-d2035163dbe2:c1889, 69c25b61-d669-4f17-b36d-41bca3df1f31:c1887, d2a7b1fa-fac6-4c6f-8c6d-9ac7414c70c3:c1887]
2019-07-14 04:23:41,348 INFO  client.GrpcClientProtocolClient (GrpcClientProtocolClient.java:onNext(255)) - client-8DB4338F17D0->b5da6a4a-1459-46a4-9479-d2035163dbe2: receive RaftClientReply:client-8DB4338F17D0->b5da6a4a-1459-46a4-9479-d2035163dbe2@group-4A9565783204, cid=1344, SUCCESS, logIndex=1892, commits[b5da6a4a-1459-46a4-9479-d2035163dbe2:c1893, 69c25b61-d669-4f17-b36d-41bca3df1f31:c1890, d2a7b1fa-fac6-4c6f-8c6d-9ac7414c70c3:c1889]
2019-07-14 04:23:41,349 INFO  client.GrpcClientProtocolClient (GrpcClientProtocolClient.java:onNext(255)) - client-8DB4338F17D0->b5da6a4a-1459-46a4-9479-d2035163dbe2: receive RaftClientReply:client-8DB4338F17D0->b5da6a4a-1459-46a4-9479-d2035163dbe2@group-4A9565783204, cid=1345, SUCCESS, logIndex=1893, commits[b5da6a4a-1459-46a4-9479-d2035163dbe2:c1893, 69c25b61-d669-4f17-b36d-41bca3df1f31:c1890, d2a7b1fa-fac6-4c6f-8c6d-9ac7414c70c3:c1890]
2019-07-14 04:23:41,352 INFO  client.GrpcClientProtocolClient (GrpcClientProtocolClient.java:onNext(255)) - client-8DB4338F17D0->b5da6a4a-1459-46a4-9479-d2035163dbe2: receive RaftClientReply:client-8DB4338F17D0->b5da6a4a-1459-46a4-9479-d2035163dbe2@group-4A9565783204, cid=1346, SUCCESS, logIndex=0, commits[b5da6a4a-1459-46a4-9479-d2035163dbe2:c1894, 69c25b61-d669-4f17-b36d-41bca3df1f31:c1893, d2a7b1fa-fac6-4c6f-8c6d-9ac7414c70c3:c1893]
2019-07-14 04:23:41,474 INFO  client.GrpcClientProtocolClient (GrpcClientProtocolClient.java:onNext(255)) - client-8DB4338F17D0->b5da6a4a-1459-46a4-9479-d2035163dbe2: receive RaftClientReply:client-8DB4338F17D0->b5da6a4a-1459-46a4-9479-d2035163dbe2@group-4A9565783204, cid=1347, SUCCESS, logIndex=1896, commits[b5da6a4a-1459-46a4-9479-d2035163dbe2:c1897, 69c25b61-d669-4f17-b36d-41bca3df1f31:c1895, d2a7b1fa-fac6-4c6f-8c6d-9ac7414c70c3:c1895]
2019-07-14 04:23:41,475 INFO  client.GrpcClientProtocolClient (GrpcClientProtocolClient.java:onNext(255)) - client-8DB4338F17D0->b5da6a4a-1459-46a4-9479-d2035163dbe2: receive RaftClientReply:client-8DB4338F17D0->b5da6a4a-1459-46a4-9479-d2035163dbe2@group-4A9565783204, cid=1348, SUCCESS, logIndex=1897, commits[b5da6a4a-1459-46a4-9479-d2035163dbe2:c1897, 69c25b61-d669-4f17-b36d-41bca3df1f31:c1895, d2a7b1fa-fac6-4c6f-8c6d-9ac7414c70c3:c1895]
2019-07-14 04:23:41,477 INFO  client.GrpcClientProtocolClient (GrpcClientProtocolClient.java:onNext(255)) - client-8DB4338F17D0->b5da6a4a-1459-46a4-9479-d2035163dbe2: receive RaftClientReply:client-8DB4338F17D0->b5da6a4a-1459-46a4-9479-d2035163dbe2@group-4A9565783204, cid=1349, SUCCESS, logIndex=1898, commits[b5da6a4a-1459-46a4-9479-d2035163dbe2:c1899, 69c25b61-d669-4f17-b36d-41bca3df1f31:c1895, d2a7b1fa-fac6-4c6f-8c6d-9ac7414c70c3:c1895]
2019-07-14 04:23:41,477 INFO  client.GrpcClientProtocolClient (GrpcClientProtocolClient.java:onNext(255)) - client-8DB4338F17D0->b5da6a4a-1459-46a4-9479-d2035163dbe2: receive RaftClientReply:client-8DB4338F17D0->b5da6a4a-1459-46a4-9479-d2035163dbe2@group-4A9565783204, cid=1350, SUCCESS, logIndex=1899, commits[b5da6a4a-1459-46a4-9479-d2035163dbe2:c1899, 69c25b61-d669-4f17-b36d-41bca3df1f31:c1895, d2a7b1fa-fac6-4c6f-8c6d-9ac7414c70c3:c1895]
2019-07-14 04:23:41,480 INFO  client.GrpcClientProtocolClient (GrpcClientProtocolClient.java:onNext(255)) - client-8DB4338F17D0->b5da6a4a-1459-46a4-9479-d2035163dbe2: receive RaftClientReply:client-8DB4338F17D0->b5da6a4a-1459-46a4-9479-d2035163dbe2@group-4A9565783204, cid=1351, SUCCESS, logIndex=0, commits[b5da6a4a-1459-46a4-9479-d2035163dbe2:c1901, 69c25b61-d669-4f17-b36d-41bca3df1f31:c1897, d2a7b1fa-fac6-4c6f-8c6d-9ac7414c70c3:c1897]
2019-07-14 04:23:41,506 INFO  client.GrpcClientProtocolClient (GrpcClientProtocolClient.java:onNext(255)) - client-8DB4338F17D0->b5da6a4a-1459-46a4-9479-d2035163dbe2: receive RaftClientReply:client-8DB4338F17D0->b5da6a4a-1459-46a4-9479-d2035163dbe2@group-4A9565783204, cid=1352, SUCCESS, logIndex=1904, commits[b5da6a4a-1459-46a4-9479-d2035163dbe2:c1905, 69c25b61-d669-4f17-b36d-41bca3df1f31:c1901, d2a7b1fa-fac6-4c6f-8c6d-9ac7414c70c3:c1901]
2019-07-14 04:23:41,506 INFO  client.GrpcClientProtocolClient (GrpcClientProtocolClient.java:onNext(255)) - client-8DB4338F17D0->b5da6a4a-1459-46a4-9479-d2035163dbe2: receive RaftClientReply:client-8DB4338F17D0->b5da6a4a-1459-46a4-9479-d2035163dbe2@group-4A9565783204, cid=1353, SUCCESS, logIndex=1905, commits[b5da6a4a-1459-46a4-9479-d2035163dbe2:c1905, 69c25b61-d669-4f17-b36d-41bca3df1f31:c1901, d2a7b1fa-fac6-4c6f-8c6d-9ac7414c70c3:c1901]
2019-07-14 04:23:41,521 INFO  client.GrpcClientProtocolClient (GrpcClientProtocolClient.java:onNext(255)) - client-8DB4338F17D0->b5da6a4a-1459-46a4-9479-d2035163dbe2: receive RaftClientReply:client-8DB4338F17D0->b5da6a4a-1459-46a4-9479-d2035163dbe2@group-4A9565783204, cid=1354, SUCCESS, logIndex=1908, commits[b5da6a4a-1459-46a4-9479-d2035163dbe2:c1909, 69c25b61-d669-4f17-b36d-41bca3df1f31:c1905, d2a7b1fa-fac6-4c6f-8c6d-9ac7414c70c3:c1905]
2019-07-14 04:23:41,521 INFO  client.GrpcClientProtocolClient (GrpcClientProtocolClient.java:onNext(255)) - client-8DB4338F17D0->b5da6a4a-1459-46a4-9479-d2035163dbe2: receive RaftClientReply:client-8DB4338F17D0->b5da6a4a-1459-46a4-9479-d2035163dbe2@group-4A9565783204, cid=1355, SUCCESS, logIndex=1909, commits[b5da6a4a-1459-46a4-9479-d2035163dbe2:c1909, 69c25b61-d669-4f17-b36d-41bca3df1f31:c1905, d2a7b1fa-fac6-4c6f-8c6d-9ac7414c70c3:c1905]
2019-07-14 04:23:41,532 INFO  client.GrpcClientProtocolClient (GrpcClientProtocolClient.java:onNext(255)) - client-8DB4338F17D0->b5da6a4a-1459-46a4-9479-d2035163dbe2: receive RaftClientReply:client-8DB4338F17D0->b5da6a4a-1459-46a4-9479-d2035163dbe2@group-4A9565783204, cid=1356, SUCCESS, logIndex=0, commits[b5da6a4a-1459-46a4-9479-d2035163dbe2:c1911, 69c25b61-d669-4f17-b36d-41bca3df1f31:c1909, d2a7b1fa-fac6-4c6f-8c6d-9ac7414c70c3:c1909]
2019-07-14 04:23:41,550 INFO  client.GrpcClientProtocolClient (GrpcClientProtocolClient.java:onNext(255)) - client-8DB4338F17D0->b5da6a4a-1459-46a4-9479-d2035163dbe2: receive RaftClientReply:client-8DB4338F17D0->b5da6a4a-1459-46a4-9479-d2035163dbe2@group-4A9565783204, cid=1357, SUCCESS, logIndex=1912, commits[b5da6a4a-1459-46a4-9479-d2035163dbe2:c1913, 69c25b61-d669-4f17-b36d-41bca3df1f31:c1911, d2a7b1fa-fac6-4c6f-8c6d-9ac7414c70c3:c1911]
2019-07-14 04:23:41,551 INFO  client.GrpcClientProtocolClient (GrpcClientProtocolClient.java:onNext(255)) - client-8DB4338F17D0->b5da6a4a-1459-46a4-9479-d2035163dbe2: receive RaftClientReply:client-8DB4338F17D0->b5da6a4a-1459-46a4-9479-d2035163dbe2@group-4A9565783204, cid=1358, SUCCESS, logIndex=1913, commits[b5da6a4a-1459-46a4-9479-d2035163dbe2:c1913, 69c25b61-d669-4f17-b36d-41bca3df1f31:c1911, d2a7b1fa-fac6-4c6f-8c6d-9ac7414c70c3:c1911]
2019-07-14 04:23:41,551 INFO  client.GrpcClientProtocolClient (GrpcClientProtocolClient.java:onNext(255)) - client-8DB4338F17D0->b5da6a4a-1459-46a4-9479-d2035163dbe2: receive RaftClientReply:client-8DB4338F17D0->b5da6a4a-1459-46a4-9479-d2035163dbe2@group-4A9565783204, cid=1359, SUCCESS, logIndex=1914, commits[b5da6a4a-1459-46a4-9479-d2035163dbe2:c1915, 69c25b61-d669-4f17-b36d-41bca3df1f31:c1911, d2a7b1fa-fac6-4c6f-8c6d-9ac7414c70c3:c1911]
2019-07-14 04:23:41,551 INFO  client.GrpcClientProtocolClient (GrpcClientProtocolClient.java:onNext(255)) - client-8DB4338F17D0->b5da6a4a-1459-46a4-9479-d2035163dbe2: receive RaftClientReply:client-8DB4338F17D0->b5da6a4a-1459-46a4-9479-d2035163dbe2@group-4A9565783204, cid=1360, SUCCESS, logIndex=1915, commits[b5da6a4a-1459-46a4-9479-d2035163dbe2:c1915, 69c25b61-d669-4f17-b36d-41bca3df1f31:c1911, d2a7b1fa-fac6-4c6f-8c6d-9ac7414c70c3:c1911]
2019-07-14 04:23:41,556 INFO  client.GrpcClientProtocolClient (GrpcClientProtocolClient.java:onNext(255)) - client-8DB4338F17D0->b5da6a4a-1459-46a4-9479-d2035163dbe2: receive RaftClientReply:client-8DB4338F17D0->b5da6a4a-1459-46a4-9479-d2035163dbe2@group-4A9565783204, cid=1361, SUCCESS, logIndex=0, commits[b5da6a4a-1459-46a4-9479-d2035163dbe2:c1917, 69c25b61-d669-4f17-b36d-41bca3df1f31:c1913, d2a7b1fa-fac6-4c6f-8c6d-9ac7414c70c3:c1913]
2019-07-14 04:23:41,567 INFO  client.GrpcClientProtocolClient (GrpcClientProtocolClient.java:onNext(255)) - client-8DB4338F17D0->b5da6a4a-1459-46a4-9479-d2035163dbe2: receive RaftClientReply:client-8DB4338F17D0->b5da6a4a-1459-46a4-9479-d2035163dbe2@group-4A9565783204, cid=1362, SUCCESS, logIndex=1920, commits[b5da6a4a-1459-46a4-9479-d2035163dbe2:c1921, 69c25b61-d669-4f17-b36d-41bca3df1f31:c1919, d2a7b1fa-fac6-4c6f-8c6d-9ac7414c70c3:c1919]
2019-07-14 04:23:41,567 INFO  client.GrpcClientProtocolClient (GrpcClientProtocolClient.java:onNext(255)) - client-8DB4338F17D0->b5da6a4a-1459-46a4-9479-d2035163dbe2: receive RaftClientReply:client-8DB4338F17D0->b5da6a4a-1459-46a4-9479-d2035163dbe2@group-4A9565783204, cid=1363, SUCCESS, logIndex=1921, commits[b5da6a4a-1459-46a4-9479-d2035163dbe2:c1921, 69c25b61-d669-4f17-b36d-41bca3df1f31:c1919, d2a7b1fa-fac6-4c6f-8c6d-9ac7414c70c3:c1919]
2019-07-14 04:23:41,576 INFO  client.GrpcClientProtocolClient (GrpcClientProtocolClient.java:onNext(255)) - client-8DB4338F17D0->b5da6a4a-1459-46a4-9479-d2035163dbe2: receive RaftClientReply:client-8DB4338F17D0->b5da6a4a-1459-46a4-9479-d2035163dbe2@group-4A9565783204, cid=1364, SUCCESS, logIndex=1924, commits[b5da6a4a-1459-46a4-9479-d2035163dbe2:c1925, 69c25b61-d669-4f17-b36d-41bca3df1f31:c1922, d2a7b1fa-fac6-4c6f-8c6d-9ac7414c70c3:c1921]
2019-07-14 04:23:41,576 INFO  client.GrpcClientProtocolClient (GrpcClientProtocolClient.java:onNext(255)) - client-8DB4338F17D0->b5da6a4a-1459-46a4-9479-d2035163dbe2: receive RaftClientReply:client-8DB4338F17D0->b5da6a4a-1459-46a4-9479-d2035163dbe2@group-4A9565783204, cid=1365, SUCCESS, logIndex=1925, commits[b5da6a4a-1459-46a4-9479-d2035163dbe2:c1925, 69c25b61-d669-4f17-b36d-41bca3df1f31:c1922, d2a7b1fa-fac6-4c6f-8c6d-9ac7414c70c3:c1922]
2019-07-14 04:23:41,582 INFO  client.GrpcClientProtocolClient (GrpcClientProtocolClient.java:onNext(255)) - client-8DB4338F17D0->b5da6a4a-1459-46a4-9479-d2035163dbe2: receive RaftClientReply:client-8DB4338F17D0->b5da6a4a-1459-46a4-9479-d2035163dbe2@group-4A9565783204, cid=1366, SUCCESS, logIndex=0, commits[b5da6a4a-1459-46a4-9479-d2035163dbe2:c1927, 69c25b61-d669-4f17-b36d-41bca3df1f31:c1925, d2a7b1fa-fac6-4c6f-8c6d-9ac7414c70c3:c1925]
2019-07-14 04:23:41,605 INFO  client.GrpcClientProtocolClient (GrpcClientProtocolClient.java:onNext(255)) - client-8DB4338F17D0->b5da6a4a-1459-46a4-9479-d2035163dbe2: receive RaftClientReply:client-8DB4338F17D0->b5da6a4a-1459-46a4-9479-d2035163dbe2@group-4A9565783204, cid=1367, SUCCESS, logIndex=1928, commits[b5da6a4a-1459-46a4-9479-d2035163dbe2:c1929, 69c25b61-d669-4f17-b36d-41bca3df1f31:c1927, d2a7b1fa-fac6-4c6f-8c6d-9ac7414c70c3:c1927]
2019-07-14 04:23:41,606 INFO  client.GrpcClientProtocolClient (GrpcClientProtocolClient.java:onNext(255)) - client-8DB4338F17D0->b5da6a4a-1459-46a4-9479-d2035163dbe2: receive RaftClientReply:client-8DB4338F17D0->b5da6a4a-1459-46a4-9479-d2035163dbe2@group-4A9565783204, cid=1368, SUCCESS, logIndex=1929, commits[b5da6a4a-1459-46a4-9479-d2035163dbe2:c1929, 69c25b61-d669-4f17-b36d-41bca3df1f31:c1927, d2a7b1fa-fac6-4c6f-8c6d-9ac7414c70c3:c1927]
2019-07-14 04:23:41,608 INFO  client.GrpcClientProtocolClient (GrpcClientProtocolClient.java:onNext(255)) - client-8DB4338F17D0->b5da6a4a-1459-46a4-9479-d2035163dbe2: receive RaftClientReply:client-8DB4338F17D0->b5da6a4a-1459-46a4-9479-d2035163dbe2@group-4A9565783204, cid=1369, SUCCESS, logIndex=1930, commits[b5da6a4a-1459-46a4-9479-d2035163dbe2:c1931, 69c25b61-d669-4f17-b36d-41bca3df1f31:c1927, d2a7b1fa-fac6-4c6f-8c6d-9ac7414c70c3:c1927]
2019-07-14 04:23:41,608 INFO  client.GrpcClientProtocolClient (GrpcClientProtocolClient.java:onNext(255)) - client-8DB4338F17D0->b5da6a4a-1459-46a4-9479-d2035163dbe2: receive RaftClientReply:client-8DB4338F17D0->b5da6a4a-1459-46a4-9479-d2035163dbe2@group-4A9565783204, cid=1370, SUCCESS, logIndex=1931, commits[b5da6a4a-1459-46a4-9479-d2035163dbe2:c1931, 69c25b61-d669-4f17-b36d-41bca3df1f31:c1927, d2a7b1fa-fac6-4c6f-8c6d-9ac7414c70c3:c1927]
2019-07-14 04:23:41,609 INFO  client.GrpcClientProtocolClient (GrpcClientProtocolClient.java:onNext(255)) - client-8DB4338F17D0->b5da6a4a-1459-46a4-9479-d2035163dbe2: receive RaftClientReply:client-8DB4338F17D0->b5da6a4a-1459-46a4-9479-d2035163dbe2@group-4A9565783204, cid=1371, SUCCESS, logIndex=0, commits[b5da6a4a-1459-46a4-9479-d2035163dbe2:c1932, 69c25b61-d669-4f17-b36d-41bca3df1f31:c1929, d2a7b1fa-fac6-4c6f-8c6d-9ac7414c70c3:c1929]
2019-07-14 04:23:41,619 INFO  client.GrpcClientProtocolClient (GrpcClientProtocolClient.java:onNext(255)) - client-8DB4338F17D0->b5da6a4a-1459-46a4-9479-d2035163dbe2: receive RaftClientReply:client-8DB4338F17D0->b5da6a4a-1459-46a4-9479-d2035163dbe2@group-4A9565783204, cid=1372, SUCCESS, logIndex=1936, commits[b5da6a4a-1459-46a4-9479-d2035163dbe2:c1937, 69c25b61-d669-4f17-b36d-41bca3df1f31:c1935, d2a7b1fa-fac6-4c6f-8c6d-9ac7414c70c3:c1931]
2019-07-14 04:23:41,619 INFO  client.GrpcClientProtocolClient (GrpcClientProtocolClient.java:onNext(255)) - client-8DB4338F17D0->b5da6a4a-1459-46a4-9479-d2035163dbe2: receive RaftClientReply:client-8DB4338F17D0->b5da6a4a-1459-46a4-9479-d2035163dbe2@group-4A9565783204, cid=1373, SUCCESS, logIndex=1937, commits[b5da6a4a-1459-46a4-9479-d2035163dbe2:c1937, 69c25b61-d669-4f17-b36d-41bca3df1f31:c1935, d2a7b1fa-fac6-4c6f-8c6d-9ac7414c70c3:c1935]
2019-07-14 04:23:41,637 INFO  client.GrpcClientProtocolClient (GrpcClientProtocolClient.java:onNext(255)) - client-8DB4338F17D0->b5da6a4a-1459-46a4-9479-d2035163dbe2: receive RaftClientReply:client-8DB4338F17D0->b5da6a4a-1459-46a4-9479-d2035163dbe2@group-4A9565783204, cid=1374, SUCCESS, logIndex=1940, commits[b5da6a4a-1459-46a4-9479-d2035163dbe2:c1941, 69c25b61-d669-4f17-b36d-41bca3df1f31:c1939, d2a7b1fa-fac6-4c6f-8c6d-9ac7414c70c3:c1939]
2019-07-14 04:23:41,637 INFO  client.GrpcClientProtocolClient (GrpcClientProtocolClient.java:onNext(255)) - client-8DB4338F17D0->b5da6a4a-1459-46a4-9479-d2035163dbe2: receive RaftClientReply:client-8DB4338F17D0->b5da6a4a-1459-46a4-9479-d2035163dbe2@group-4A9565783204, cid=1375, SUCCESS, logIndex=1941, commits[b5da6a4a-1459-46a4-9479-d2035163dbe2:c1941, 69c25b61-d669-4f17-b36d-41bca3df1f31:c1939, d2a7b1fa-fac6-4c6f-8c6d-9ac7414c70c3:c1939]
2019-07-14 04:23:41,652 INFO  client.GrpcClientProtocolClient (GrpcClientProtocolClient.java:onNext(255)) - client-8DB4338F17D0->b5da6a4a-1459-46a4-9479-d2035163dbe2: receive RaftClientReply:client-8DB4338F17D0->b5da6a4a-1459-46a4-9479-d2035163dbe2@group-4A9565783204, cid=1376, SUCCESS, logIndex=0, commits[b5da6a4a-1459-46a4-9479-d2035163dbe2:c1943, 69c25b61-d669-4f17-b36d-41bca3df1f31:c1941, d2a7b1fa-fac6-4c6f-8c6d-9ac7414c70c3:c1941]
2019-07-14 04:23:41,669 INFO  client.GrpcClientProtocolClient (GrpcClientProtocolClient.java:onNext(255)) - client-8DB4338F17D0->b5da6a4a-1459-46a4-9479-d2035163dbe2: receive RaftClientReply:client-8DB4338F17D0->b5da6a4a-1459-46a4-9479-d2035163dbe2@group-4A9565783204, cid=1377, SUCCESS, logIndex=1944, commits[b5da6a4a-1459-46a4-9479-d2035163dbe2:c1945, 69c25b61-d669-4f17-b36d-41bca3df1f31:c1943, d2a7b1fa-fac6-4c6f-8c6d-9ac7414c70c3:c1943]
2019-07-14 04:23:41,669 INFO  client.GrpcClientProtocolClient (GrpcClientProtocolClient.java:onNext(255)) - client-8DB4338F17D0->b5da6a4a-1459-46a4-9479-d2035163dbe2: receive RaftClientReply:client-8DB4338F17D0->b5da6a4a-1459-46a4-9479-d2035163dbe2@group-4A9565783204, cid=1378, SUCCESS, logIndex=1945, commits[b5da6a4a-1459-46a4-9479-d2035163dbe2:c1945, 69c25b61-d669-4f17-b36d-41bca3df1f31:c1943, d2a7b1fa-fac6-4c6f-8c6d-9ac7414c70c3:c1943]
2019-07-14 04:23:41,672 INFO  client.GrpcClientProtocolClient (GrpcClientProtocolClient.java:onNext(255)) - client-8DB4338F17D0->b5da6a4a-1459-46a4-9479-d2035163dbe2: receive RaftClientReply:client-8DB4338F17D0->b5da6a4a-1459-46a4-9479-d2035163dbe2@group-4A9565783204, cid=1379, SUCCESS, logIndex=1946, commits[b5da6a4a-1459-46a4-9479-d2035163dbe2:c1946, 69c25b61-d669-4f17-b36d-41bca3df1f31:c1943, d2a7b1fa-fac6-4c6f-8c6d-9ac7414c70c3:c1943]
2019-07-14 04:23:41,672 INFO  client.GrpcClientProtocolClient (GrpcClientProtocolClient.java:onNext(255)) - client-8DB4338F17D0->b5da6a4a-1459-46a4-9479-d2035163dbe2: receive RaftClientReply:client-8DB4338F17D0->b5da6a4a-1459-46a4-9479-d2035163dbe2@group-4A9565783204, cid=1380, SUCCESS, logIndex=1947, commits[b5da6a4a-1459-46a4-9479-d2035163dbe2:c1948, 69c25b61-d669-4f17-b36d-41bca3df1f31:c1944, d2a7b1fa-fac6-4c6f-8c6d-9ac7414c70c3:c1944]
2019-07-14 04:23:41,673 INFO  client.GrpcClientProtocolClient (GrpcClientProtocolClient.java:onNext(255)) - client-8DB4338F17D0->b5da6a4a-1459-46a4-9479-d2035163dbe2: receive RaftClientReply:client-8DB4338F17D0->b5da6a4a-1459-46a4-9479-d2035163dbe2@group-4A9565783204, cid=1381, SUCCESS, logIndex=0, commits[b5da6a4a-1459-46a4-9479-d2035163dbe2:c1949, 69c25b61-d669-4f17-b36d-41bca3df1f31:c1945, d2a7b1fa-fac6-4c6f-8c6d-9ac7414c70c3:c1945]
2019-07-14 04:23:41,682 INFO  client.GrpcClientProtocolClient (GrpcClientProtocolClient.java:onNext(255)) - client-8DB4338F17D0->b5da6a4a-1459-46a4-9479-d2035163dbe2: receive RaftClientReply:client-8DB4338F17D0->b5da6a4a-1459-46a4-9479-d2035163dbe2@group-4A9565783204, cid=1382, SUCCESS, logIndex=1952, commits[b5da6a4a-1459-46a4-9479-d2035163dbe2:c1953, 69c25b61-d669-4f17-b36d-41bca3df1f31:c1951, d2a7b1fa-fac6-4c6f-8c6d-9ac7414c70c3:c1948]
2019-07-14 04:23:41,683 INFO  client.GrpcClientProtocolClient (GrpcClientProtocolClient.java:onNext(255)) - client-8DB4338F17D0->b5da6a4a-1459-46a4-9479-d2035163dbe2: receive RaftClientReply:client-8DB4338F17D0->b5da6a4a-1459-46a4-9479-d2035163dbe2@group-4A9565783204, cid=1383, SUCCESS, logIndex=1953, commits[b5da6a4a-1459-46a4-9479-d2035163dbe2:c1953, 69c25b61-d669-4f17-b36d-41bca3df1f31:c1951, d2a7b1fa-fac6-4c6f-8c6d-9ac7414c70c3:c1951]
2019-07-14 04:23:41,692 INFO  client.GrpcClientProtocolClient (GrpcClientProtocolClient.java:onNext(255)) - client-8DB4338F17D0->b5da6a4a-1459-46a4-9479-d2035163dbe2: receive RaftClientReply:client-8DB4338F17D0->b5da6a4a-1459-46a4-9479-d2035163dbe2@group-4A9565783204, cid=1384, SUCCESS, logIndex=1956, commits[b5da6a4a-1459-46a4-9479-d2035163dbe2:c1957, 69c25b61-d669-4f17-b36d-41bca3df1f31:c1955, d2a7b1fa-fac6-4c6f-8c6d-9ac7414c70c3:c1953]
2019-07-14 04:23:41,692 INFO  client.GrpcClientProtocolClient (GrpcClientProtocolClient.java:onNext(255)) - client-8DB4338F17D0->b5da6a4a-1459-46a4-9479-d2035163dbe2: receive RaftClientReply:client-8DB4338F17D0->b5da6a4a-1459-46a4-9479-d2035163dbe2@group-4A9565783204, cid=1385, SUCCESS, logIndex=1957, commits[b5da6a4a-1459-46a4-9479-d2035163dbe2:c1957, 69c25b61-d669-4f17-b36d-41bca3df1f31:c1955, d2a7b1fa-fac6-4c6f-8c6d-9ac7414c70c3:c1955]
2019-07-14 04:23:41,693 INFO  client.GrpcClientProtocolClient (GrpcClientProtocolClient.java:onNext(255)) - client-8DB4338F17D0->b5da6a4a-1459-46a4-9479-d2035163dbe2: receive RaftClientReply:client-8DB4338F17D0->b5da6a4a-1459-46a4-9479-d2035163dbe2@group-4A9565783204, cid=1386, SUCCESS, logIndex=0, commits[b5da6a4a-1459-46a4-9479-d2035163dbe2:c1958, 69c25b61-d669-4f17-b36d-41bca3df1f31:c1957, d2a7b1fa-fac6-4c6f-8c6d-9ac7414c70c3:c1957]
2019-07-14 04:23:41,716 INFO  client.GrpcClientProtocolClient (GrpcClientProtocolClient.java:onNext(255)) - client-8DB4338F17D0->b5da6a4a-1459-46a4-9479-d2035163dbe2: receive RaftClientReply:client-8DB4338F17D0->b5da6a4a-1459-46a4-9479-d2035163dbe2@group-4A9565783204, cid=1387, SUCCESS, logIndex=1960, commits[b5da6a4a-1459-46a4-9479-d2035163dbe2:c1961, 69c25b61-d669-4f17-b36d-41bca3df1f31:c1959, d2a7b1fa-fac6-4c6f-8c6d-9ac7414c70c3:c1959]
2019-07-14 04:23:41,717 INFO  client.GrpcClientProtocolClient (GrpcClientProtocolClient.java:onNext(255)) - client-8DB4338F17D0->b5da6a4a-1459-46a4-9479-d2035163dbe2: receive RaftClientReply:client-8DB4338F17D0->b5da6a4a-1459-46a4-9479-d2035163dbe2@group-4A9565783204, cid=1388, SUCCESS, logIndex=1961, commits[b5da6a4a-1459-46a4-9479-d2035163dbe2:c1961, 69c25b61-d669-4f17-b36d-41bca3df1f31:c1959, d2a7b1fa-fac6-4c6f-8c6d-9ac7414c70c3:c1959]
2019-07-14 04:23:41,717 INFO  client.GrpcClientProtocolClient (GrpcClientProtocolClient.java:onNext(255)) - client-8DB4338F17D0->b5da6a4a-1459-46a4-9479-d2035163dbe2: receive RaftClientReply:client-8DB4338F17D0->b5da6a4a-1459-46a4-9479-d2035163dbe2@group-4A9565783204, cid=1389, SUCCESS, logIndex=1962, commits[b5da6a4a-1459-46a4-9479-d2035163dbe2:c1962, 69c25b61-d669-4f17-b36d-41bca3df1f31:c1959, d2a7b1fa-fac6-4c6f-8c6d-9ac7414c70c3:c1959]
2019-07-14 04:23:41,717 INFO  client.GrpcClientProtocolClient (GrpcClientProtocolClient.java:onNext(255)) - client-8DB4338F17D0->b5da6a4a-1459-46a4-9479-d2035163dbe2: receive RaftClientReply:client-8DB4338F17D0->b5da6a4a-1459-46a4-9479-d2035163dbe2@group-4A9565783204, cid=1390, SUCCESS, logIndex=1963, commits[b5da6a4a-1459-46a4-9479-d2035163dbe2:c1963, 69c25b61-d669-4f17-b36d-41bca3df1f31:c1959, d2a7b1fa-fac6-4c6f-8c6d-9ac7414c70c3:c1959]
2019-07-14 04:23:41,720 INFO  client.GrpcClientProtocolClient (GrpcClientProtocolClient.java:onNext(255)) - client-8DB4338F17D0->b5da6a4a-1459-46a4-9479-d2035163dbe2: receive RaftClientReply:client-8DB4338F17D0->b5da6a4a-1459-46a4-9479-d2035163dbe2@group-4A9565783204, cid=1391, SUCCESS, logIndex=0, commits[b5da6a4a-1459-46a4-9479-d2035163dbe2:c1965, 69c25b61-d669-4f17-b36d-41bca3df1f31:c1961, d2a7b1fa-fac6-4c6f-8c6d-9ac7414c70c3:c1961]
2019-07-14 04:23:41,738 INFO  client.GrpcClientProtocolClient (GrpcClientProtocolClient.java:onNext(255)) - client-8DB4338F17D0->b5da6a4a-1459-46a4-9479-d2035163dbe2: receive RaftClientReply:client-8DB4338F17D0->b5da6a4a-1459-46a4-9479-d2035163dbe2@group-4A9565783204, cid=1392, SUCCESS, logIndex=1968, commits[b5da6a4a-1459-46a4-9479-d2035163dbe2:c1969, 69c25b61-d669-4f17-b36d-41bca3df1f31:c1967, d2a7b1fa-fac6-4c6f-8c6d-9ac7414c70c3:c1967]
2019-07-14 04:23:41,739 INFO  client.GrpcClientProtocolClient (GrpcClientProtocolClient.java:onNext(255)) - client-8DB4338F17D0->b5da6a4a-1459-46a4-9479-d2035163dbe2: receive RaftClientReply:client-8DB4338F17D0->b5da6a4a-1459-46a4-9479-d2035163dbe2@group-4A9565783204, cid=1393, SUCCESS, logIndex=1969, commits[b5da6a4a-1459-46a4-9479-d2035163dbe2:c1969, 69c25b61-d669-4f17-b36d-41bca3df1f31:c1967, d2a7b1fa-fac6-4c6f-8c6d-9ac7414c70c3:c1967]
2019-07-14 04:23:41,748 INFO  client.GrpcClientProtocolClient (GrpcClientProtocolClient.java:onNext(255)) - client-8DB4338F17D0->b5da6a4a-1459-46a4-9479-d2035163dbe2: receive RaftClientReply:client-8DB4338F17D0->b5da6a4a-1459-46a4-9479-d2035163dbe2@group-4A9565783204, cid=1394, SUCCESS, logIndex=1972, commits[b5da6a4a-1459-46a4-9479-d2035163dbe2:c1973, 69c25b61-d669-4f17-b36d-41bca3df1f31:c1970, d2a7b1fa-fac6-4c6f-8c6d-9ac7414c70c3:c1969]
2019-07-14 04:23:41,748 INFO  client.GrpcClientProtocolClient (GrpcClientProtocolClient.java:onNext(255)) - client-8DB4338F17D0->b5da6a4a-1459-46a4-9479-d2035163dbe2: receive RaftClientReply:client-8DB4338F17D0->b5da6a4a-1459-46a4-9479-d2035163dbe2@group-4A9565783204, cid=1395, SUCCESS, logIndex=1973, commits[b5da6a4a-1459-46a4-9479-d2035163dbe2:c1973, 69c25b61-d669-4f17-b36d-41bca3df1f31:c1970, d2a7b1fa-fac6-4c6f-8c6d-9ac7414c70c3:c1969]
2019-07-14 04:23:41,752 INFO  client.GrpcClientProtocolClient (GrpcClientProtocolClient.java:onNext(255)) - client-8DB4338F17D0->b5da6a4a-1459-46a4-9479-d2035163dbe2: receive RaftClientReply:client-8DB4338F17D0->b5da6a4a-1459-46a4-9479-d2035163dbe2@group-4A9565783204, cid=1396, SUCCESS, logIndex=0, commits[b5da6a4a-1459-46a4-9479-d2035163dbe2:c1974, 69c25b61-d669-4f17-b36d-41bca3df1f31:c1973, d2a7b1fa-fac6-4c6f-8c6d-9ac7414c70c3:c1973]
2019-07-14 04:23:41,772 INFO  client.GrpcClientProtocolClient (GrpcClientProtocolClient.java:onNext(255)) - client-8DB4338F17D0->b5da6a4a-1459-46a4-9479-d2035163dbe2: receive RaftClientReply:client-8DB4338F17D0->b5da6a4a-1459-46a4-9479-d2035163dbe2@group-4A9565783204, cid=1397, SUCCESS, logIndex=1976, commits[b5da6a4a-1459-46a4-9479-d2035163dbe2:c1977, 69c25b61-d669-4f17-b36d-41bca3df1f31:c1975, d2a7b1fa-fac6-4c6f-8c6d-9ac7414c70c3:c1975]
2019-07-14 04:23:41,772 INFO  client.GrpcClientProtocolClient (GrpcClientProtocolClient.java:onNext(255)) - client-8DB4338F17D0->b5da6a4a-1459-46a4-9479-d2035163dbe2: receive RaftClientReply:client-8DB4338F17D0->b5da6a4a-1459-46a4-9479-d2035163dbe2@group-4A9565783204, cid=1398, SUCCESS, logIndex=1977, commits[b5da6a4a-1459-46a4-9479-d2035163dbe2:c1977, 69c25b61-d669-4f17-b36d-41bca3df1f31:c1975, d2a7b1fa-fac6-4c6f-8c6d-9ac7414c70c3:c1975]
2019-07-14 04:23:41,773 INFO  client.GrpcClientProtocolClient (GrpcClientProtocolClient.java:onNext(255)) - client-8DB4338F17D0->b5da6a4a-1459-46a4-9479-d2035163dbe2: receive RaftClientReply:client-8DB4338F17D0->b5da6a4a-1459-46a4-9479-d2035163dbe2@group-4A9565783204, cid=1399, SUCCESS, logIndex=1978, commits[b5da6a4a-1459-46a4-9479-d2035163dbe2:c1979, 69c25b61-d669-4f17-b36d-41bca3df1f31:c1975, d2a7b1fa-fac6-4c6f-8c6d-9ac7414c70c3:c1975]
2019-07-14 04:23:41,773 INFO  client.GrpcClientProtocolClient (GrpcClientProtocolClient.java:onNext(255)) - client-8DB4338F17D0->b5da6a4a-1459-46a4-9479-d2035163dbe2: receive RaftClientReply:client-8DB4338F17D0->b5da6a4a-1459-46a4-9479-d2035163dbe2@group-4A9565783204, cid=1400, SUCCESS, logIndex=1979, commits[b5da6a4a-1459-46a4-9479-d2035163dbe2:c1979, 69c25b61-d669-4f17-b36d-41bca3df1f31:c1975, d2a7b1fa-fac6-4c6f-8c6d-9ac7414c70c3:c1975]
2019-07-14 04:23:41,779 INFO  client.GrpcClientProtocolClient (GrpcClientProtocolClient.java:onNext(255)) - client-8DB4338F17D0->b5da6a4a-1459-46a4-9479-d2035163dbe2: receive RaftClientReply:client-8DB4338F17D0->b5da6a4a-1459-46a4-9479-d2035163dbe2@group-4A9565783204, cid=1401, SUCCESS, logIndex=0, commits[b5da6a4a-1459-46a4-9479-d2035163dbe2:c1981, 69c25b61-d669-4f17-b36d-41bca3df1f31:c1977, d2a7b1fa-fac6-4c6f-8c6d-9ac7414c70c3:c1977]
2019-07-14 04:23:41,799 INFO  client.GrpcClientProtocolClient (GrpcClientProtocolClient.java:onNext(255)) - client-8DB4338F17D0->b5da6a4a-1459-46a4-9479-d2035163dbe2: receive RaftClientReply:client-8DB4338F17D0->b5da6a4a-1459-46a4-9479-d2035163dbe2@group-4A9565783204, cid=1402, SUCCESS, logIndex=1984, commits[b5da6a4a-1459-46a4-9479-d2035163dbe2:c1985, 69c25b61-d669-4f17-b36d-41bca3df1f31:c1983, d2a7b1fa-fac6-4c6f-8c6d-9ac7414c70c3:c1983]
2019-07-14 04:23:41,800 INFO  client.GrpcClientProtocolClient (GrpcClientProtocolClient.java:onNext(255)) - client-8DB4338F17D0->b5da6a4a-1459-46a4-9479-d2035163dbe2: receive RaftClientReply:client-8DB4338F17D0->b5da6a4a-1459-46a4-9479-d2035163dbe2@group-4A9565783204, cid=1403, SUCCESS, logIndex=1985, commits[b5da6a4a-1459-46a4-9479-d2035163dbe2:c1985, 69c25b61-d669-4f17-b36d-41bca3df1f31:c1983, d2a7b1fa-fac6-4c6f-8c6d-9ac7414c70c3:c1983]
2019-07-14 04:23:41,813 INFO  client.GrpcClientProtocolClient (GrpcClientProtocolClient.java:onNext(255)) - client-8DB4338F17D0->b5da6a4a-1459-46a4-9479-d2035163dbe2: receive RaftClientReply:client-8DB4338F17D0->b5da6a4a-1459-46a4-9479-d2035163dbe2@group-4A9565783204, cid=1404, SUCCESS, logIndex=1988, commits[b5da6a4a-1459-46a4-9479-d2035163dbe2:c1989, 69c25b61-d669-4f17-b36d-41bca3df1f31:c1985, d2a7b1fa-fac6-4c6f-8c6d-9ac7414c70c3:c1985]
2019-07-14 04:23:41,814 INFO  client.GrpcClientProtocolClient (GrpcClientProtocolClient.java:onNext(255)) - client-8DB4338F17D0->b5da6a4a-1459-46a4-9479-d2035163dbe2: receive RaftClientReply:client-8DB4338F17D0->b5da6a4a-1459-46a4-9479-d2035163dbe2@group-4A9565783204, cid=1405, SUCCESS, logIndex=1989, commits[b5da6a4a-1459-46a4-9479-d2035163dbe2:c1989, 69c25b61-d669-4f17-b36d-41bca3df1f31:c1985, d2a7b1fa-fac6-4c6f-8c6d-9ac7414c70c3:c1985]
2019-07-14 04:23:41,820 INFO  client.GrpcClientProtocolClient (GrpcClientProtocolClient.java:onNext(255)) - client-8DB4338F17D0->b5da6a4a-1459-46a4-9479-d2035163dbe2: receive RaftClientReply:client-8DB4338F17D0->b5da6a4a-1459-46a4-9479-d2035163dbe2@group-4A9565783204, cid=1406, SUCCESS, logIndex=0, commits[b5da6a4a-1459-46a4-9479-d2035163dbe2:c1991, 69c25b61-d669-4f17-b36d-41bca3df1f31:c1989, d2a7b1fa-fac6-4c6f-8c6d-9ac7414c70c3:c1989]
2019-07-14 04:23:41,838 INFO  client.GrpcClientProtocolClient (GrpcClientProtocolClient.java:onNext(255)) - client-8DB4338F17D0->b5da6a4a-1459-46a4-9479-d2035163dbe2: receive RaftClientReply:client-8DB4338F17D0->b5da6a4a-1459-46a4-9479-d2035163dbe2@group-4A9565783204, cid=1407, SUCCESS, logIndex=1992, commits[b5da6a4a-1459-46a4-9479-d2035163dbe2:c1993, 69c25b61-d669-4f17-b36d-41bca3df1f31:c1991, d2a7b1fa-fac6-4c6f-8c6d-9ac7414c70c3:c1991]
2019-07-14 04:23:41,838 INFO  client.GrpcClientProtocolClient (GrpcClientProtocolClient.java:onNext(255)) - client-8DB4338F17D0->b5da6a4a-1459-46a4-9479-d2035163dbe2: receive RaftClientReply:client-8DB4338F17D0->b5da6a4a-1459-46a4-9479-d2035163dbe2@group-4A9565783204, cid=1408, SUCCESS, logIndex=1993, commits[b5da6a4a-1459-46a4-9479-d2035163dbe2:c1993, 69c25b61-d669-4f17-b36d-41bca3df1f31:c1991, d2a7b1fa-fac6-4c6f-8c6d-9ac7414c70c3:c1991]
2019-07-14 04:23:41,841 INFO  client.GrpcClientProtocolClient (GrpcClientProtocolClient.java:onNext(255)) - client-8DB4338F17D0->b5da6a4a-1459-46a4-9479-d2035163dbe2: receive RaftClientReply:client-8DB4338F17D0->b5da6a4a-1459-46a4-9479-d2035163dbe2@group-4A9565783204, cid=1409, SUCCESS, logIndex=1994, commits[b5da6a4a-1459-46a4-9479-d2035163dbe2:c1995, 69c25b61-d669-4f17-b36d-41bca3df1f31:c1991, d2a7b1fa-fac6-4c6f-8c6d-9ac7414c70c3:c1991]
2019-07-14 04:23:41,841 INFO  client.GrpcClientProtocolClient (GrpcClientProtocolClient.java:onNext(255)) - client-8DB4338F17D0->b5da6a4a-1459-46a4-9479-d2035163dbe2: receive RaftClientReply:client-8DB4338F17D0->b5da6a4a-1459-46a4-9479-d2035163dbe2@group-4A9565783204, cid=1410, SUCCESS, logIndex=1995, commits[b5da6a4a-1459-46a4-9479-d2035163dbe2:c1996, 69c25b61-d669-4f17-b36d-41bca3df1f31:c1991, d2a7b1fa-fac6-4c6f-8c6d-9ac7414c70c3:c1993]
2019-07-14 04:23:41,843 INFO  client.GrpcClientProtocolClient (GrpcClientProtocolClient.java:onNext(255)) - client-8DB4338F17D0->b5da6a4a-1459-46a4-9479-d2035163dbe2: receive RaftClientReply:client-8DB4338F17D0->b5da6a4a-1459-46a4-9479-d2035163dbe2@group-4A9565783204, cid=1411, SUCCESS, logIndex=0, commits[b5da6a4a-1459-46a4-9479-d2035163dbe2:c1997, 69c25b61-d669-4f17-b36d-41bca3df1f31:c1993, d2a7b1fa-fac6-4c6f-8c6d-9ac7414c70c3:c1993]
2019-07-14 04:23:41,978 INFO  client.GrpcClientProtocolClient (GrpcClientProtocolClient.java:onNext(255)) - client-8DB4338F17D0->b5da6a4a-1459-46a4-9479-d2035163dbe2: receive RaftClientReply:client-8DB4338F17D0->b5da6a4a-1459-46a4-9479-d2035163dbe2@group-4A9565783204, cid=1412, SUCCESS, logIndex=2000, commits[b5da6a4a-1459-46a4-9479-d2035163dbe2:c2001, 69c25b61-d669-4f17-b36d-41bca3df1f31:c1999, d2a7b1fa-fac6-4c6f-8c6d-9ac7414c70c3:c1999]
2019-07-14 04:23:41,978 INFO  client.GrpcClientProtocolClient (GrpcClientProtocolClient.java:onNext(255)) - client-8DB4338F17D0->b5da6a4a-1459-46a4-9479-d2035163dbe2: receive RaftClientReply:client-8DB4338F17D0->b5da6a4a-1459-46a4-9479-d2035163dbe2@group-4A9565783204, cid=1413, SUCCESS, logIndex=2001, commits[b5da6a4a-1459-46a4-9479-d2035163dbe2:c2001, 69c25b61-d669-4f17-b36d-41bca3df1f31:c1999, d2a7b1fa-fac6-4c6f-8c6d-9ac7414c70c3:c1999]
2019-07-14 04:23:41,992 INFO  client.GrpcClientProtocolClient (GrpcClientProtocolClient.java:onNext(255)) - client-8DB4338F17D0->b5da6a4a-1459-46a4-9479-d2035163dbe2: receive RaftClientReply:client-8DB4338F17D0->b5da6a4a-1459-46a4-9479-d2035163dbe2@group-4A9565783204, cid=1414, SUCCESS, logIndex=2004, commits[b5da6a4a-1459-46a4-9479-d2035163dbe2:c2005, 69c25b61-d669-4f17-b36d-41bca3df1f31:c2001, d2a7b1fa-fac6-4c6f-8c6d-9ac7414c70c3:c2001]
2019-07-14 04:23:41,992 INFO  client.GrpcClientProtocolClient (GrpcClientProtocolClient.java:onNext(255)) - client-8DB4338F17D0->b5da6a4a-1459-46a4-9479-d2035163dbe2: receive RaftClientReply:client-8DB4338F17D0->b5da6a4a-1459-46a4-9479-d2035163dbe2@group-4A9565783204, cid=1415, SUCCESS, logIndex=2005, commits[b5da6a4a-1459-46a4-9479-d2035163dbe2:c2005, 69c25b61-d669-4f17-b36d-41bca3df1f31:c2001, d2a7b1fa-fac6-4c6f-8c6d-9ac7414c70c3:c2001]
2019-07-14 04:23:41,996 INFO  client.GrpcClientProtocolClient (GrpcClientProtocolClient.java:onNext(255)) - client-8DB4338F17D0->b5da6a4a-1459-46a4-9479-d2035163dbe2: receive RaftClientReply:client-8DB4338F17D0->b5da6a4a-1459-46a4-9479-d2035163dbe2@group-4A9565783204, cid=1416, SUCCESS, logIndex=0, commits[b5da6a4a-1459-46a4-9479-d2035163dbe2:c2007, 69c25b61-d669-4f17-b36d-41bca3df1f31:c2005, d2a7b1fa-fac6-4c6f-8c6d-9ac7414c70c3:c2005]
2019-07-14 04:23:42,021 INFO  client.GrpcClientProtocolClient (GrpcClientProtocolClient.java:onNext(255)) - client-8DB4338F17D0->b5da6a4a-1459-46a4-9479-d2035163dbe2: receive RaftClientReply:client-8DB4338F17D0->b5da6a4a-1459-46a4-9479-d2035163dbe2@group-4A9565783204, cid=1417, SUCCESS, logIndex=2008, commits[b5da6a4a-1459-46a4-9479-d2035163dbe2:c2010, 69c25b61-d669-4f17-b36d-41bca3df1f31:c2005, d2a7b1fa-fac6-4c6f-8c6d-9ac7414c70c3:c2007]
2019-07-14 04:23:42,021 INFO  client.GrpcClientProtocolClient (GrpcClientProtocolClient.java:onNext(255)) - client-8DB4338F17D0->b5da6a4a-1459-46a4-9479-d2035163dbe2: receive RaftClientReply:client-8DB4338F17D0->b5da6a4a-1459-46a4-9479-d2035163dbe2@group-4A9565783204, cid=1418, SUCCESS, logIndex=2009, commits[b5da6a4a-1459-46a4-9479-d2035163dbe2:c2011, 69c25b61-d669-4f17-b36d-41bca3df1f31:c2007, d2a7b1fa-fac6-4c6f-8c6d-9ac7414c70c3:c2007]
2019-07-14 04:23:42,022 INFO  client.GrpcClientProtocolClient (GrpcClientProtocolClient.java:onNext(255)) - client-8DB4338F17D0->b5da6a4a-1459-46a4-9479-d2035163dbe2: receive RaftClientReply:client-8DB4338F17D0->b5da6a4a-1459-46a4-9479-d2035163dbe2@group-4A9565783204, cid=1419, SUCCESS, logIndex=2010, commits[b5da6a4a-1459-46a4-9479-d2035163dbe2:c2011, 69c25b61-d669-4f17-b36d-41bca3df1f31:c2007, d2a7b1fa-fac6-4c6f-8c6d-9ac7414c70c3:c2007]
2019-07-14 04:23:42,022 INFO  client.GrpcClientProtocolClient (GrpcClientProtocolClient.java:onNext(255)) - client-8DB4338F17D0->b5da6a4a-1459-46a4-9479-d2035163dbe2: receive RaftClientReply:client-8DB4338F17D0->b5da6a4a-1459-46a4-9479-d2035163dbe2@group-4A9565783204, cid=1420, SUCCESS, logIndex=2011, commits[b5da6a4a-1459-46a4-9479-d2035163dbe2:c2011, 69c25b61-d669-4f17-b36d-41bca3df1f31:c2007, d2a7b1fa-fac6-4c6f-8c6d-9ac7414c70c3:c2007]
2019-07-14 04:23:42,025 INFO  client.GrpcClientProtocolClient (GrpcClientProtocolClient.java:onNext(255)) - client-8DB4338F17D0->b5da6a4a-1459-46a4-9479-d2035163dbe2: receive RaftClientReply:client-8DB4338F17D0->b5da6a4a-1459-46a4-9479-d2035163dbe2@group-4A9565783204, cid=1421, SUCCESS, logIndex=0, commits[b5da6a4a-1459-46a4-9479-d2035163dbe2:c2015, 69c25b61-d669-4f17-b36d-41bca3df1f31:c2009, d2a7b1fa-fac6-4c6f-8c6d-9ac7414c70c3:c2011]
2019-07-14 04:23:42,046 INFO  client.GrpcClientProtocolClient (GrpcClientProtocolClient.java:onNext(255)) - client-8DB4338F17D0->b5da6a4a-1459-46a4-9479-d2035163dbe2: receive RaftClientReply:client-8DB4338F17D0->b5da6a4a-1459-46a4-9479-d2035163dbe2@group-4A9565783204, cid=1422, SUCCESS, logIndex=2016, commits[b5da6a4a-1459-46a4-9479-d2035163dbe2:c2017, 69c25b61-d669-4f17-b36d-41bca3df1f31:c2015, d2a7b1fa-fac6-4c6f-8c6d-9ac7414c70c3:c2015]
2019-07-14 04:23:42,046 INFO  client.GrpcClientProtocolClient (GrpcClientProtocolClient.java:onNext(255)) - client-8DB4338F17D0->b5da6a4a-1459-46a4-9479-d2035163dbe2: receive RaftClientReply:client-8DB4338F17D0->b5da6a4a-1459-46a4-9479-d2035163dbe2@group-4A9565783204, cid=1423, SUCCESS, logIndex=2017, commits[b5da6a4a-1459-46a4-9479-d2035163dbe2:c2017, 69c25b61-d669-4f17-b36d-41bca3df1f31:c2015, d2a7b1fa-fac6-4c6f-8c6d-9ac7414c70c3:c2015]
2019-07-14 04:23:42,060 INFO  client.GrpcClientProtocolClient (GrpcClientProtocolClient.java:onNext(255)) - client-8DB4338F17D0->b5da6a4a-1459-46a4-9479-d2035163dbe2: receive RaftClientReply:client-8DB4338F17D0->b5da6a4a-1459-46a4-9479-d2035163dbe2@group-4A9565783204, cid=1424, SUCCESS, logIndex=2020, commits[b5da6a4a-1459-46a4-9479-d2035163dbe2:c2021, 69c25b61-d669-4f17-b36d-41bca3df1f31:c2017, d2a7b1fa-fac6-4c6f-8c6d-9ac7414c70c3:c2019]
2019-07-14 04:23:42,060 INFO  client.GrpcClientProtocolClient (GrpcClientProtocolClient.java:onNext(255)) - client-8DB4338F17D0->b5da6a4a-1459-46a4-9479-d2035163dbe2: receive RaftClientReply:client-8DB4338F17D0->b5da6a4a-1459-46a4-9479-d2035163dbe2@group-4A9565783204, cid=1425, SUCCESS, logIndex=2021, commits[b5da6a4a-1459-46a4-9479-d2035163dbe2:c2021, 69c25b61-d669-4f17-b36d-41bca3df1f31:c2019, d2a7b1fa-fac6-4c6f-8c6d-9ac7414c70c3:c2019]
2019-07-14 04:23:42,064 INFO  client.GrpcClientProtocolClient (GrpcClientProtocolClient.java:onNext(255)) - client-8DB4338F17D0->b5da6a4a-1459-46a4-9479-d2035163dbe2: receive RaftClientReply:client-8DB4338F17D0->b5da6a4a-1459-46a4-9479-d2035163dbe2@group-4A9565783204, cid=1426, SUCCESS, logIndex=0, commits[b5da6a4a-1459-46a4-9479-d2035163dbe2:c2022, 69c25b61-d669-4f17-b36d-41bca3df1f31:c2021, d2a7b1fa-fac6-4c6f-8c6d-9ac7414c70c3:c2021]
2019-07-14 04:23:42,091 INFO  client.GrpcClientProtocolClient (GrpcClientProtocolClient.java:onNext(255)) - client-8DB4338F17D0->b5da6a4a-1459-46a4-9479-d2035163dbe2: receive RaftClientReply:client-8DB4338F17D0->b5da6a4a-1459-46a4-9479-d2035163dbe2@group-4A9565783204, cid=1427, SUCCESS, logIndex=2024, commits[b5da6a4a-1459-46a4-9479-d2035163dbe2:c2025, 69c25b61-d669-4f17-b36d-41bca3df1f31:c2023, d2a7b1fa-fac6-4c6f-8c6d-9ac7414c70c3:c2023]
2019-07-14 04:23:42,092 INFO  client.GrpcClientProtocolClient (GrpcClientProtocolClient.java:onNext(255)) - client-8DB4338F17D0->b5da6a4a-1459-46a4-9479-d2035163dbe2: receive RaftClientReply:client-8DB4338F17D0->b5da6a4a-1459-46a4-9479-d2035163dbe2@group-4A9565783204, cid=1428, SUCCESS, logIndex=2025, commits[b5da6a4a-1459-46a4-9479-d2035163dbe2:c2025, 69c25b61-d669-4f17-b36d-41bca3df1f31:c2023, d2a7b1fa-fac6-4c6f-8c6d-9ac7414c70c3:c2023]
2019-07-14 04:23:42,093 INFO  client.GrpcClientProtocolClient (GrpcClientProtocolClient.java:onNext(255)) - client-8DB4338F17D0->b5da6a4a-1459-46a4-9479-d2035163dbe2: receive RaftClientReply:client-8DB4338F17D0->b5da6a4a-1459-46a4-9479-d2035163dbe2@group-4A9565783204, cid=1429, SUCCESS, logIndex=2026, commits[b5da6a4a-1459-46a4-9479-d2035163dbe2:c2026, 69c25b61-d669-4f17-b36d-41bca3df1f31:c2023, d2a7b1fa-fac6-4c6f-8c6d-9ac7414c70c3:c2023]
2019-07-14 04:23:42,093 INFO  client.GrpcClientProtocolClient (GrpcClientProtocolClient.java:onNext(255)) - client-8DB4338F17D0->b5da6a4a-1459-46a4-9479-d2035163dbe2: receive RaftClientReply:client-8DB4338F17D0->b5da6a4a-1459-46a4-9479-d2035163dbe2@group-4A9565783204, cid=1430, SUCCESS, logIndex=2027, commits[b5da6a4a-1459-46a4-9479-d2035163dbe2:c2027, 69c25b61-d669-4f17-b36d-41bca3df1f31:c2023, d2a7b1fa-fac6-4c6f-8c6d-9ac7414c70c3:c2023]
2019-07-14 04:23:42,097 INFO  client.GrpcClientProtocolClient (GrpcClientProtocolClient.java:onNext(255)) - client-8DB4338F17D0->b5da6a4a-1459-46a4-9479-d2035163dbe2: receive RaftClientReply:client-8DB4338F17D0->b5da6a4a-1459-46a4-9479-d2035163dbe2@group-4A9565783204, cid=1431, SUCCESS, logIndex=0, commits[b5da6a4a-1459-46a4-9479-d2035163dbe2:c2029, 69c25b61-d669-4f17-b36d-41bca3df1f31:c2025, d2a7b1fa-fac6-4c6f-8c6d-9ac7414c70c3:c2025]
2019-07-14 04:23:42,116 INFO  client.GrpcClientProtocolClient (GrpcClientProtocolClient.java:onNext(255)) - client-8DB4338F17D0->b5da6a4a-1459-46a4-9479-d2035163dbe2: receive RaftClientReply:client-8DB4338F17D0->b5da6a4a-1459-46a4-9479-d2035163dbe2@group-4A9565783204, cid=1432, SUCCESS, logIndex=2032, commits[b5da6a4a-1459-46a4-9479-d2035163dbe2:c2033, 69c25b61-d669-4f17-b36d-41bca3df1f31:c2027, d2a7b1fa-fac6-4c6f-8c6d-9ac7414c70c3:c2031]
2019-07-14 04:23:42,116 INFO  client.GrpcClientProtocolClient (GrpcClientProtocolClient.java:onNext(255)) - client-8DB4338F17D0->b5da6a4a-1459-46a4-9479-d2035163dbe2: receive RaftClientReply:client-8DB4338F17D0->b5da6a4a-1459-46a4-9479-d2035163dbe2@group-4A9565783204, cid=1433, SUCCESS, logIndex=2033, commits[b5da6a4a-1459-46a4-9479-d2035163dbe2:c2033, 69c25b61-d669-4f17-b36d-41bca3df1f31:c2031, d2a7b1fa-fac6-4c6f-8c6d-9ac7414c70c3:c2031]
2019-07-14 04:23:42,135 INFO  client.GrpcClientProtocolClient (GrpcClientProtocolClient.java:onNext(255)) - client-8DB4338F17D0->b5da6a4a-1459-46a4-9479-d2035163dbe2: receive RaftClientReply:client-8DB4338F17D0->b5da6a4a-1459-46a4-9479-d2035163dbe2@group-4A9565783204, cid=1434, SUCCESS, logIndex=2036, commits[b5da6a4a-1459-46a4-9479-d2035163dbe2:c2037, 69c25b61-d669-4f17-b36d-41bca3df1f31:c2034, d2a7b1fa-fac6-4c6f-8c6d-9ac7414c70c3:c2034]
2019-07-14 04:23:42,135 INFO  client.GrpcClientProtocolClient (GrpcClientProtocolClient.java:onNext(255)) - client-8DB4338F17D0->b5da6a4a-1459-46a4-9479-d2035163dbe2: receive RaftClientReply:client-8DB4338F17D0->b5da6a4a-1459-46a4-9479-d2035163dbe2@group-4A9565783204, cid=1435, SUCCESS, logIndex=2037, commits[b5da6a4a-1459-46a4-9479-d2035163dbe2:c2037, 69c25b61-d669-4f17-b36d-41bca3df1f31:c2034, d2a7b1fa-fac6-4c6f-8c6d-9ac7414c70c3:c2034]
2019-07-14 04:23:42,148 INFO  client.GrpcClientProtocolClient (GrpcClientProtocolClient.java:onNext(255)) - client-8DB4338F17D0->b5da6a4a-1459-46a4-9479-d2035163dbe2: receive RaftClientReply:client-8DB4338F17D0->b5da6a4a-1459-46a4-9479-d2035163dbe2@group-4A9565783204, cid=1436, SUCCESS, logIndex=0, commits[b5da6a4a-1459-46a4-9479-d2035163dbe2:c2039, 69c25b61-d669-4f17-b36d-41bca3df1f31:c2037, d2a7b1fa-fac6-4c6f-8c6d-9ac7414c70c3:c2037]
 0.00% |█                                                                                                    |  0/1 Time: 0:00:072019-07-14 04:23:42,176 INFO  client.GrpcClientProtocolClient (GrpcClientProtocolClient.java:onNext(255)) - client-8DB4338F17D0->b5da6a4a-1459-46a4-9479-d2035163dbe2: receive RaftClientReply:client-8DB4338F17D0->b5da6a4a-1459-46a4-9479-d2035163dbe2@group-4A9565783204, cid=1437, SUCCESS, logIndex=2040, commits[b5da6a4a-1459-46a4-9479-d2035163dbe2:c2041, 69c25b61-d669-4f17-b36d-41bca3df1f31:c2039, d2a7b1fa-fac6-4c6f-8c6d-9ac7414c70c3:c2039]
2019-07-14 04:23:42,177 INFO  client.GrpcClientProtocolClient (GrpcClientProtocolClient.java:onNext(255)) - client-8DB4338F17D0->b5da6a4a-1459-46a4-9479-d2035163dbe2: receive RaftClientReply:client-8DB4338F17D0->b5da6a4a-1459-46a4-9479-d2035163dbe2@group-4A9565783204, cid=1438, SUCCESS, logIndex=2041, commits[b5da6a4a-1459-46a4-9479-d2035163dbe2:c2041, 69c25b61-d669-4f17-b36d-41bca3df1f31:c2039, d2a7b1fa-fac6-4c6f-8c6d-9ac7414c70c3:c2039]
2019-07-14 04:23:42,177 INFO  client.GrpcClientProtocolClient (GrpcClientProtocolClient.java:onNext(255)) - client-8DB4338F17D0->b5da6a4a-1459-46a4-9479-d2035163dbe2: receive RaftClientReply:client-8DB4338F17D0->b5da6a4a-1459-46a4-9479-d2035163dbe2@group-4A9565783204, cid=1439, SUCCESS, logIndex=2042, commits[b5da6a4a-1459-46a4-9479-d2035163dbe2:c2043, 69c25b61-d669-4f17-b36d-41bca3df1f31:c2039, d2a7b1fa-fac6-4c6f-8c6d-9ac7414c70c3:c2039]
2019-07-14 04:23:42,178 INFO  client.GrpcClientProtocolClient (GrpcClientProtocolClient.java:onNext(255)) - client-8DB4338F17D0->b5da6a4a-1459-46a4-9479-d2035163dbe2: receive RaftClientReply:client-8DB4338F17D0->b5da6a4a-1459-46a4-9479-d2035163dbe2@group-4A9565783204, cid=1440, SUCCESS, logIndex=2043, commits[b5da6a4a-1459-46a4-9479-d2035163dbe2:c2043, 69c25b61-d669-4f17-b36d-41bca3df1f31:c2039, d2a7b1fa-fac6-4c6f-8c6d-9ac7414c70c3:c2039]
2019-07-14 04:23:42,181 INFO  client.GrpcClientProtocolClient (GrpcClientProtocolClient.java:onNext(255)) - client-8DB4338F17D0->b5da6a4a-1459-46a4-9479-d2035163dbe2: receive RaftClientReply:client-8DB4338F17D0->b5da6a4a-1459-46a4-9479-d2035163dbe2@group-4A9565783204, cid=1441, SUCCESS, logIndex=0, commits[b5da6a4a-1459-46a4-9479-d2035163dbe2:c2045, 69c25b61-d669-4f17-b36d-41bca3df1f31:c2041, d2a7b1fa-fac6-4c6f-8c6d-9ac7414c70c3:c2041]
2019-07-14 04:23:42,199 INFO  client.GrpcClientProtocolClient (GrpcClientProtocolClient.java:onNext(255)) - client-8DB4338F17D0->b5da6a4a-1459-46a4-9479-d2035163dbe2: receive RaftClientReply:client-8DB4338F17D0->b5da6a4a-1459-46a4-9479-d2035163dbe2@group-4A9565783204, cid=1442, SUCCESS, logIndex=2048, commits[b5da6a4a-1459-46a4-9479-d2035163dbe2:c2049, 69c25b61-d669-4f17-b36d-41bca3df1f31:c2047, d2a7b1fa-fac6-4c6f-8c6d-9ac7414c70c3:c2043]
2019-07-14 04:23:42,199 INFO  client.GrpcClientProtocolClient (GrpcClientProtocolClient.java:onNext(255)) - client-8DB4338F17D0->b5da6a4a-1459-46a4-9479-d2035163dbe2: receive RaftClientReply:client-8DB4338F17D0->b5da6a4a-1459-46a4-9479-d2035163dbe2@group-4A9565783204, cid=1443, SUCCESS, logIndex=2049, commits[b5da6a4a-1459-46a4-9479-d2035163dbe2:c2049, 69c25b61-d669-4f17-b36d-41bca3df1f31:c2047, d2a7b1fa-fac6-4c6f-8c6d-9ac7414c70c3:c2047]
2019-07-14 04:23:42,220 INFO  client.GrpcClientProtocolClient (GrpcClientProtocolClient.java:onNext(255)) - client-8DB4338F17D0->b5da6a4a-1459-46a4-9479-d2035163dbe2: receive RaftClientReply:client-8DB4338F17D0->b5da6a4a-1459-46a4-9479-d2035163dbe2@group-4A9565783204, cid=1444, SUCCESS, logIndex=2052, commits[b5da6a4a-1459-46a4-9479-d2035163dbe2:c2053, 69c25b61-d669-4f17-b36d-41bca3df1f31:c2050, d2a7b1fa-fac6-4c6f-8c6d-9ac7414c70c3:c2050]
2019-07-14 04:23:42,220 INFO  client.GrpcClientProtocolClient (GrpcClientProtocolClient.java:onNext(255)) - client-8DB4338F17D0->b5da6a4a-1459-46a4-9479-d2035163dbe2: receive RaftClientReply:client-8DB4338F17D0->b5da6a4a-1459-46a4-9479-d2035163dbe2@group-4A9565783204, cid=1445, SUCCESS, logIndex=2053, commits[b5da6a4a-1459-46a4-9479-d2035163dbe2:c2053, 69c25b61-d669-4f17-b36d-41bca3df1f31:c2050, d2a7b1fa-fac6-4c6f-8c6d-9ac7414c70c3:c2050]
2019-07-14 04:23:42,222 INFO  client.GrpcClientProtocolClient (GrpcClientProtocolClient.java:onNext(255)) - client-8DB4338F17D0->b5da6a4a-1459-46a4-9479-d2035163dbe2: receive RaftClientReply:client-8DB4338F17D0->b5da6a4a-1459-46a4-9479-d2035163dbe2@group-4A9565783204, cid=1446, SUCCESS, logIndex=0, commits[b5da6a4a-1459-46a4-9479-d2035163dbe2:c2054, 69c25b61-d669-4f17-b36d-41bca3df1f31:c2053, d2a7b1fa-fac6-4c6f-8c6d-9ac7414c70c3:c2053]
2019-07-14 04:23:42,241 INFO  client.GrpcClientProtocolClient (GrpcClientProtocolClient.java:onNext(255)) - client-8DB4338F17D0->b5da6a4a-1459-46a4-9479-d2035163dbe2: receive RaftClientReply:client-8DB4338F17D0->b5da6a4a-1459-46a4-9479-d2035163dbe2@group-4A9565783204, cid=1447, SUCCESS, logIndex=2055, commits[b5da6a4a-1459-46a4-9479-d2035163dbe2:c2056, 69c25b61-d669-4f17-b36d-41bca3df1f31:c2054, d2a7b1fa-fac6-4c6f-8c6d-9ac7414c70c3:c2054]
2019-07-14 04:23:42,242 INFO  client.GrpcClientProtocolClient (GrpcClientProtocolClient.java:onNext(255)) - client-8DB4338F17D0->b5da6a4a-1459-46a4-9479-d2035163dbe2: receive RaftClientReply:client-8DB4338F17D0->b5da6a4a-1459-46a4-9479-d2035163dbe2@group-4A9565783204, cid=1448, SUCCESS, logIndex=2056, commits[b5da6a4a-1459-46a4-9479-d2035163dbe2:c2058, 69c25b61-d669-4f17-b36d-41bca3df1f31:c2054, d2a7b1fa-fac6-4c6f-8c6d-9ac7414c70c3:c2054]
2019-07-14 04:23:42,242 INFO  client.GrpcClientProtocolClient (GrpcClientProtocolClient.java:onNext(255)) - client-8DB4338F17D0->b5da6a4a-1459-46a4-9479-d2035163dbe2: receive RaftClientReply:client-8DB4338F17D0->b5da6a4a-1459-46a4-9479-d2035163dbe2@group-4A9565783204, cid=1449, SUCCESS, logIndex=2057, commits[b5da6a4a-1459-46a4-9479-d2035163dbe2:c2058, 69c25b61-d669-4f17-b36d-41bca3df1f31:c2054, d2a7b1fa-fac6-4c6f-8c6d-9ac7414c70c3:c2054]
2019-07-14 04:23:42,242 INFO  client.GrpcClientProtocolClient (GrpcClientProtocolClient.java:onNext(255)) - client-8DB4338F17D0->b5da6a4a-1459-46a4-9479-d2035163dbe2: receive RaftClientReply:client-8DB4338F17D0->b5da6a4a-1459-46a4-9479-d2035163dbe2@group-4A9565783204, cid=1450, SUCCESS, logIndex=2058, commits[b5da6a4a-1459-46a4-9479-d2035163dbe2:c2058, 69c25b61-d669-4f17-b36d-41bca3df1f31:c2054, d2a7b1fa-fac6-4c6f-8c6d-9ac7414c70c3:c2054]
2019-07-14 04:23:42,246 INFO  client.GrpcClientProtocolClient (GrpcClientProtocolClient.java:onNext(255)) - client-8DB4338F17D0->b5da6a4a-1459-46a4-9479-d2035163dbe2: receive RaftClientReply:client-8DB4338F17D0->b5da6a4a-1459-46a4-9479-d2035163dbe2@group-4A9565783204, cid=1451, SUCCESS, logIndex=0, commits[b5da6a4a-1459-46a4-9479-d2035163dbe2:c2061, 69c25b61-d669-4f17-b36d-41bca3df1f31:c2058, d2a7b1fa-fac6-4c6f-8c6d-9ac7414c70c3:c2056]
2019-07-14 04:23:42,258 INFO  client.GrpcClientProtocolClient (GrpcClientProtocolClient.java:onNext(255)) - client-8DB4338F17D0->b5da6a4a-1459-46a4-9479-d2035163dbe2: receive RaftClientReply:client-8DB4338F17D0->b5da6a4a-1459-46a4-9479-d2035163dbe2@group-4A9565783204, cid=1452, SUCCESS, logIndex=2062, commits[b5da6a4a-1459-46a4-9479-d2035163dbe2:c2063, 69c25b61-d669-4f17-b36d-41bca3df1f31:c2061, d2a7b1fa-fac6-4c6f-8c6d-9ac7414c70c3:c2061]
2019-07-14 04:23:42,258 INFO  client.GrpcClientProtocolClient (GrpcClientProtocolClient.java:onNext(255)) - client-8DB4338F17D0->b5da6a4a-1459-46a4-9479-d2035163dbe2: receive RaftClientReply:client-8DB4338F17D0->b5da6a4a-1459-46a4-9479-d2035163dbe2@group-4A9565783204, cid=1453, SUCCESS, logIndex=2063, commits[b5da6a4a-1459-46a4-9479-d2035163dbe2:c2063, 69c25b61-d669-4f17-b36d-41bca3df1f31:c2061, d2a7b1fa-fac6-4c6f-8c6d-9ac7414c70c3:c2061]
2019-07-14 04:23:42,275 INFO  client.GrpcClientProtocolClient (GrpcClientProtocolClient.java:onNext(255)) - client-8DB4338F17D0->b5da6a4a-1459-46a4-9479-d2035163dbe2: receive RaftClientReply:client-8DB4338F17D0->b5da6a4a-1459-46a4-9479-d2035163dbe2@group-4A9565783204, cid=1454, SUCCESS, logIndex=2066, commits[b5da6a4a-1459-46a4-9479-d2035163dbe2:c2067, 69c25b61-d669-4f17-b36d-41bca3df1f31:c2063, d2a7b1fa-fac6-4c6f-8c6d-9ac7414c70c3:c2063]
2019-07-14 04:23:42,276 INFO  client.GrpcClientProtocolClient (GrpcClientProtocolClient.java:onNext(255)) - client-8DB4338F17D0->b5da6a4a-1459-46a4-9479-d2035163dbe2: receive RaftClientReply:client-8DB4338F17D0->b5da6a4a-1459-46a4-9479-d2035163dbe2@group-4A9565783204, cid=1455, SUCCESS, logIndex=2067, commits[b5da6a4a-1459-46a4-9479-d2035163dbe2:c2067, 69c25b61-d669-4f17-b36d-41bca3df1f31:c2063, d2a7b1fa-fac6-4c6f-8c6d-9ac7414c70c3:c2063]
2019-07-14 04:23:42,292 INFO  client.GrpcClientProtocolClient (GrpcClientProtocolClient.java:onNext(255)) - client-8DB4338F17D0->b5da6a4a-1459-46a4-9479-d2035163dbe2: receive RaftClientReply:client-8DB4338F17D0->b5da6a4a-1459-46a4-9479-d2035163dbe2@group-4A9565783204, cid=1456, SUCCESS, logIndex=0, commits[b5da6a4a-1459-46a4-9479-d2035163dbe2:c2068, 69c25b61-d669-4f17-b36d-41bca3df1f31:c2067, d2a7b1fa-fac6-4c6f-8c6d-9ac7414c70c3:c2067]
2019-07-14 04:23:42,318 INFO  client.GrpcClientProtocolClient (GrpcClientProtocolClient.java:onNext(255)) - client-8DB4338F17D0->b5da6a4a-1459-46a4-9479-d2035163dbe2: receive RaftClientReply:client-8DB4338F17D0->b5da6a4a-1459-46a4-9479-d2035163dbe2@group-4A9565783204, cid=1457, SUCCESS, logIndex=2070, commits[b5da6a4a-1459-46a4-9479-d2035163dbe2:c2071, 69c25b61-d669-4f17-b36d-41bca3df1f31:c2069, d2a7b1fa-fac6-4c6f-8c6d-9ac7414c70c3:c2069]
2019-07-14 04:23:42,318 INFO  client.GrpcClientProtocolClient (GrpcClientProtocolClient.java:onNext(255)) - client-8DB4338F17D0->b5da6a4a-1459-46a4-9479-d2035163dbe2: receive RaftClientReply:client-8DB4338F17D0->b5da6a4a-1459-46a4-9479-d2035163dbe2@group-4A9565783204, cid=1458, SUCCESS, logIndex=2071, commits[b5da6a4a-1459-46a4-9479-d2035163dbe2:c2071, 69c25b61-d669-4f17-b36d-41bca3df1f31:c2069, d2a7b1fa-fac6-4c6f-8c6d-9ac7414c70c3:c2069]
2019-07-14 04:23:42,319 INFO  client.GrpcClientProtocolClient (GrpcClientProtocolClient.java:onNext(255)) - client-8DB4338F17D0->b5da6a4a-1459-46a4-9479-d2035163dbe2: receive RaftClientReply:client-8DB4338F17D0->b5da6a4a-1459-46a4-9479-d2035163dbe2@group-4A9565783204, cid=1459, SUCCESS, logIndex=2072, commits[b5da6a4a-1459-46a4-9479-d2035163dbe2:c2073, 69c25b61-d669-4f17-b36d-41bca3df1f31:c2069, d2a7b1fa-fac6-4c6f-8c6d-9ac7414c70c3:c2069]
2019-07-14 04:23:42,321 INFO  client.GrpcClientProtocolClient (GrpcClientProtocolClient.java:onNext(255)) - client-8DB4338F17D0->b5da6a4a-1459-46a4-9479-d2035163dbe2: receive RaftClientReply:client-8DB4338F17D0->b5da6a4a-1459-46a4-9479-d2035163dbe2@group-4A9565783204, cid=1460, SUCCESS, logIndex=2073, commits[b5da6a4a-1459-46a4-9479-d2035163dbe2:c2073, 69c25b61-d669-4f17-b36d-41bca3df1f31:c2069, d2a7b1fa-fac6-4c6f-8c6d-9ac7414c70c3:c2069]
2019-07-14 04:23:42,324 INFO  client.GrpcClientProtocolClient (GrpcClientProtocolClient.java:onNext(255)) - client-8DB4338F17D0->b5da6a4a-1459-46a4-9479-d2035163dbe2: receive RaftClientReply:client-8DB4338F17D0->b5da6a4a-1459-46a4-9479-d2035163dbe2@group-4A9565783204, cid=1461, SUCCESS, logIndex=0, commits[b5da6a4a-1459-46a4-9479-d2035163dbe2:c2075, 69c25b61-d669-4f17-b36d-41bca3df1f31:c2071, d2a7b1fa-fac6-4c6f-8c6d-9ac7414c70c3:c2071]
2019-07-14 04:23:42,336 INFO  client.GrpcClientProtocolClient (GrpcClientProtocolClient.java:onNext(255)) - client-8DB4338F17D0->b5da6a4a-1459-46a4-9479-d2035163dbe2: receive RaftClientReply:client-8DB4338F17D0->b5da6a4a-1459-46a4-9479-d2035163dbe2@group-4A9565783204, cid=1462, SUCCESS, logIndex=2078, commits[b5da6a4a-1459-46a4-9479-d2035163dbe2:c2079, 69c25b61-d669-4f17-b36d-41bca3df1f31:c2073, d2a7b1fa-fac6-4c6f-8c6d-9ac7414c70c3:c2075]
2019-07-14 04:23:42,337 INFO  client.GrpcClientProtocolClient (GrpcClientProtocolClient.java:onNext(255)) - client-8DB4338F17D0->b5da6a4a-1459-46a4-9479-d2035163dbe2: receive RaftClientReply:client-8DB4338F17D0->b5da6a4a-1459-46a4-9479-d2035163dbe2@group-4A9565783204, cid=1463, SUCCESS, logIndex=2079, commits[b5da6a4a-1459-46a4-9479-d2035163dbe2:c2079, 69c25b61-d669-4f17-b36d-41bca3df1f31:c2075, d2a7b1fa-fac6-4c6f-8c6d-9ac7414c70c3:c2075]
2019-07-14 04:23:42,348 INFO  client.GrpcClientProtocolClient (GrpcClientProtocolClient.java:onNext(255)) - client-8DB4338F17D0->b5da6a4a-1459-46a4-9479-d2035163dbe2: receive RaftClientReply:client-8DB4338F17D0->b5da6a4a-1459-46a4-9479-d2035163dbe2@group-4A9565783204, cid=1464, SUCCESS, logIndex=2082, commits[b5da6a4a-1459-46a4-9479-d2035163dbe2:c2083, 69c25b61-d669-4f17-b36d-41bca3df1f31:c2081, d2a7b1fa-fac6-4c6f-8c6d-9ac7414c70c3:c2079]
2019-07-14 04:23:42,349 INFO  client.GrpcClientProtocolClient (GrpcClientProtocolClient.java:onNext(255)) - client-8DB4338F17D0->b5da6a4a-1459-46a4-9479-d2035163dbe2: receive RaftClientReply:client-8DB4338F17D0->b5da6a4a-1459-46a4-9479-d2035163dbe2@group-4A9565783204, cid=1465, SUCCESS, logIndex=2083, commits[b5da6a4a-1459-46a4-9479-d2035163dbe2:c2083, 69c25b61-d669-4f17-b36d-41bca3df1f31:c2081, d2a7b1fa-fac6-4c6f-8c6d-9ac7414c70c3:c2081]
2019-07-14 04:23:42,352 INFO  client.GrpcClientProtocolClient (GrpcClientProtocolClient.java:onNext(255)) - client-8DB4338F17D0->b5da6a4a-1459-46a4-9479-d2035163dbe2: receive RaftClientReply:client-8DB4338F17D0->b5da6a4a-1459-46a4-9479-d2035163dbe2@group-4A9565783204, cid=1466, SUCCESS, logIndex=0, commits[b5da6a4a-1459-46a4-9479-d2035163dbe2:c2085, 69c25b61-d669-4f17-b36d-41bca3df1f31:c2083, d2a7b1fa-fac6-4c6f-8c6d-9ac7414c70c3:c2083]
2019-07-14 04:23:42,377 INFO  client.GrpcClientProtocolClient (GrpcClientProtocolClient.java:onNext(255)) - client-8DB4338F17D0->b5da6a4a-1459-46a4-9479-d2035163dbe2: receive RaftClientReply:client-8DB4338F17D0->b5da6a4a-1459-46a4-9479-d2035163dbe2@group-4A9565783204, cid=1467, SUCCESS, logIndex=2086, commits[b5da6a4a-1459-46a4-9479-d2035163dbe2:c2087, 69c25b61-d669-4f17-b36d-41bca3df1f31:c2085, d2a7b1fa-fac6-4c6f-8c6d-9ac7414c70c3:c2085]
2019-07-14 04:23:42,377 INFO  client.GrpcClientProtocolClient (GrpcClientProtocolClient.java:onNext(255)) - client-8DB4338F17D0->b5da6a4a-1459-46a4-9479-d2035163dbe2: receive RaftClientReply:client-8DB4338F17D0->b5da6a4a-1459-46a4-9479-d2035163dbe2@group-4A9565783204, cid=1468, SUCCESS, logIndex=2087, commits[b5da6a4a-1459-46a4-9479-d2035163dbe2:c2089, 69c25b61-d669-4f17-b36d-41bca3df1f31:c2085, d2a7b1fa-fac6-4c6f-8c6d-9ac7414c70c3:c2085]
2019-07-14 04:23:42,378 INFO  client.GrpcClientProtocolClient (GrpcClientProtocolClient.java:onNext(255)) - client-8DB4338F17D0->b5da6a4a-1459-46a4-9479-d2035163dbe2: receive RaftClientReply:client-8DB4338F17D0->b5da6a4a-1459-46a4-9479-d2035163dbe2@group-4A9565783204, cid=1469, SUCCESS, logIndex=2088, commits[b5da6a4a-1459-46a4-9479-d2035163dbe2:c2089, 69c25b61-d669-4f17-b36d-41bca3df1f31:c2085, d2a7b1fa-fac6-4c6f-8c6d-9ac7414c70c3:c2085]
2019-07-14 04:23:42,378 INFO  client.GrpcClientProtocolClient (GrpcClientProtocolClient.java:onNext(255)) - client-8DB4338F17D0->b5da6a4a-1459-46a4-9479-d2035163dbe2: receive RaftClientReply:client-8DB4338F17D0->b5da6a4a-1459-46a4-9479-d2035163dbe2@group-4A9565783204, cid=1470, SUCCESS, logIndex=2089, commits[b5da6a4a-1459-46a4-9479-d2035163dbe2:c2089, 69c25b61-d669-4f17-b36d-41bca3df1f31:c2085, d2a7b1fa-fac6-4c6f-8c6d-9ac7414c70c3:c2085]
2019-07-14 04:23:42,379 INFO  client.GrpcClientProtocolClient (GrpcClientProtocolClient.java:onNext(255)) - client-8DB4338F17D0->b5da6a4a-1459-46a4-9479-d2035163dbe2: receive RaftClientReply:client-8DB4338F17D0->b5da6a4a-1459-46a4-9479-d2035163dbe2@group-4A9565783204, cid=1471, SUCCESS, logIndex=0, commits[b5da6a4a-1459-46a4-9479-d2035163dbe2:c2091, 69c25b61-d669-4f17-b36d-41bca3df1f31:c2087, d2a7b1fa-fac6-4c6f-8c6d-9ac7414c70c3:c2087]
2019-07-14 04:23:42,397 INFO  client.GrpcClientProtocolClient (GrpcClientProtocolClient.java:onNext(255)) - client-8DB4338F17D0->b5da6a4a-1459-46a4-9479-d2035163dbe2: receive RaftClientReply:client-8DB4338F17D0->b5da6a4a-1459-46a4-9479-d2035163dbe2@group-4A9565783204, cid=1472, SUCCESS, logIndex=2094, commits[b5da6a4a-1459-46a4-9479-d2035163dbe2:c2095, 69c25b61-d669-4f17-b36d-41bca3df1f31:c2093, d2a7b1fa-fac6-4c6f-8c6d-9ac7414c70c3:c2093]
2019-07-14 04:23:42,398 INFO  client.GrpcClientProtocolClient (GrpcClientProtocolClient.java:onNext(255)) - client-8DB4338F17D0->b5da6a4a-1459-46a4-9479-d2035163dbe2: receive RaftClientReply:client-8DB4338F17D0->b5da6a4a-1459-46a4-9479-d2035163dbe2@group-4A9565783204, cid=1473, SUCCESS, logIndex=2095, commits[b5da6a4a-1459-46a4-9479-d2035163dbe2:c2095, 69c25b61-d669-4f17-b36d-41bca3df1f31:c2093, d2a7b1fa-fac6-4c6f-8c6d-9ac7414c70c3:c2093]
2019-07-14 04:23:42,412 INFO  client.GrpcClientProtocolClient (GrpcClientProtocolClient.java:onNext(255)) - client-8DB4338F17D0->b5da6a4a-1459-46a4-9479-d2035163dbe2: receive RaftClientReply:client-8DB4338F17D0->b5da6a4a-1459-46a4-9479-d2035163dbe2@group-4A9565783204, cid=1474, SUCCESS, logIndex=2098, commits[b5da6a4a-1459-46a4-9479-d2035163dbe2:c2099, 69c25b61-d669-4f17-b36d-41bca3df1f31:c2095, d2a7b1fa-fac6-4c6f-8c6d-9ac7414c70c3:c2095]
2019-07-14 04:23:42,412 INFO  client.GrpcClientProtocolClient (GrpcClientProtocolClient.java:onNext(255)) - client-8DB4338F17D0->b5da6a4a-1459-46a4-9479-d2035163dbe2: receive RaftClientReply:client-8DB4338F17D0->b5da6a4a-1459-46a4-9479-d2035163dbe2@group-4A9565783204, cid=1475, SUCCESS, logIndex=2099, commits[b5da6a4a-1459-46a4-9479-d2035163dbe2:c2099, 69c25b61-d669-4f17-b36d-41bca3df1f31:c2095, d2a7b1fa-fac6-4c6f-8c6d-9ac7414c70c3:c2095]
2019-07-14 04:23:42,423 INFO  client.GrpcClientProtocolClient (GrpcClientProtocolClient.java:onNext(255)) - client-8DB4338F17D0->b5da6a4a-1459-46a4-9479-d2035163dbe2: receive RaftClientReply:client-8DB4338F17D0->b5da6a4a-1459-46a4-9479-d2035163dbe2@group-4A9565783204, cid=1476, SUCCESS, logIndex=0, commits[b5da6a4a-1459-46a4-9479-d2035163dbe2:c2100, 69c25b61-d669-4f17-b36d-41bca3df1f31:c2099, d2a7b1fa-fac6-4c6f-8c6d-9ac7414c70c3:c2099]
2019-07-14 04:23:42,489 INFO  client.GrpcClientProtocolClient (GrpcClientProtocolClient.java:onNext(255)) - client-8DB4338F17D0->b5da6a4a-1459-46a4-9479-d2035163dbe2: receive RaftClientReply:client-8DB4338F17D0->b5da6a4a-1459-46a4-9479-d2035163dbe2@group-4A9565783204, cid=1477, SUCCESS, logIndex=2102, commits[b5da6a4a-1459-46a4-9479-d2035163dbe2:c2102, 69c25b61-d669-4f17-b36d-41bca3df1f31:c2101, d2a7b1fa-fac6-4c6f-8c6d-9ac7414c70c3:c2101]
2019-07-14 04:23:42,490 INFO  client.GrpcClientProtocolClient (GrpcClientProtocolClient.java:onNext(255)) - client-8DB4338F17D0->b5da6a4a-1459-46a4-9479-d2035163dbe2: receive RaftClientReply:client-8DB4338F17D0->b5da6a4a-1459-46a4-9479-d2035163dbe2@group-4A9565783204, cid=1478, SUCCESS, logIndex=2103, commits[b5da6a4a-1459-46a4-9479-d2035163dbe2:c2105, 69c25b61-d669-4f17-b36d-41bca3df1f31:c2101, d2a7b1fa-fac6-4c6f-8c6d-9ac7414c70c3:c2101]
2019-07-14 04:23:42,490 INFO  client.GrpcClientProtocolClient (GrpcClientProtocolClient.java:onNext(255)) - client-8DB4338F17D0->b5da6a4a-1459-46a4-9479-d2035163dbe2: receive RaftClientReply:client-8DB4338F17D0->b5da6a4a-1459-46a4-9479-d2035163dbe2@group-4A9565783204, cid=1479, SUCCESS, logIndex=2104, commits[b5da6a4a-1459-46a4-9479-d2035163dbe2:c2105, 69c25b61-d669-4f17-b36d-41bca3df1f31:c2101, d2a7b1fa-fac6-4c6f-8c6d-9ac7414c70c3:c2101]
2019-07-14 04:23:42,491 INFO  client.GrpcClientProtocolClient (GrpcClientProtocolClient.java:onNext(255)) - client-8DB4338F17D0->b5da6a4a-1459-46a4-9479-d2035163dbe2: receive RaftClientReply:client-8DB4338F17D0->b5da6a4a-1459-46a4-9479-d2035163dbe2@group-4A9565783204, cid=1480, SUCCESS, logIndex=2105, commits[b5da6a4a-1459-46a4-9479-d2035163dbe2:c2105, 69c25b61-d669-4f17-b36d-41bca3df1f31:c2101, d2a7b1fa-fac6-4c6f-8c6d-9ac7414c70c3:c2101]
2019-07-14 04:23:42,495 INFO  client.GrpcClientProtocolClient (GrpcClientProtocolClient.java:onNext(255)) - client-8DB4338F17D0->b5da6a4a-1459-46a4-9479-d2035163dbe2: receive RaftClientReply:client-8DB4338F17D0->b5da6a4a-1459-46a4-9479-d2035163dbe2@group-4A9565783204, cid=1481, SUCCESS, logIndex=0, commits[b5da6a4a-1459-46a4-9479-d2035163dbe2:c2108, 69c25b61-d669-4f17-b36d-41bca3df1f31:c2103, d2a7b1fa-fac6-4c6f-8c6d-9ac7414c70c3:c2105]
2019-07-14 04:23:42,610 INFO  client.GrpcClientProtocolClient (GrpcClientProtocolClient.java:onNext(255)) - client-8DB4338F17D0->b5da6a4a-1459-46a4-9479-d2035163dbe2: receive RaftClientReply:client-8DB4338F17D0->b5da6a4a-1459-46a4-9479-d2035163dbe2@group-4A9565783204, cid=1482, SUCCESS, logIndex=2109, commits[b5da6a4a-1459-46a4-9479-d2035163dbe2:c2110, 69c25b61-d669-4f17-b36d-41bca3df1f31:c2108, d2a7b1fa-fac6-4c6f-8c6d-9ac7414c70c3:c2108]
2019-07-14 04:23:42,611 INFO  client.GrpcClientProtocolClient (GrpcClientProtocolClient.java:onNext(255)) - client-8DB4338F17D0->b5da6a4a-1459-46a4-9479-d2035163dbe2: receive RaftClientReply:client-8DB4338F17D0->b5da6a4a-1459-46a4-9479-d2035163dbe2@group-4A9565783204, cid=1483, SUCCESS, logIndex=2110, commits[b5da6a4a-1459-46a4-9479-d2035163dbe2:c2110, 69c25b61-d669-4f17-b36d-41bca3df1f31:c2108, d2a7b1fa-fac6-4c6f-8c6d-9ac7414c70c3:c2108]
2019-07-14 04:23:42,633 INFO  client.GrpcClientProtocolClient (GrpcClientProtocolClient.java:onNext(255)) - client-8DB4338F17D0->b5da6a4a-1459-46a4-9479-d2035163dbe2: receive RaftClientReply:client-8DB4338F17D0->b5da6a4a-1459-46a4-9479-d2035163dbe2@group-4A9565783204, cid=1484, SUCCESS, logIndex=2113, commits[b5da6a4a-1459-46a4-9479-d2035163dbe2:c2114, 69c25b61-d669-4f17-b36d-41bca3df1f31:c2110, d2a7b1fa-fac6-4c6f-8c6d-9ac7414c70c3:c2110]
2019-07-14 04:23:42,634 INFO  client.GrpcClientProtocolClient (GrpcClientProtocolClient.java:onNext(255)) - client-8DB4338F17D0->b5da6a4a-1459-46a4-9479-d2035163dbe2: receive RaftClientReply:client-8DB4338F17D0->b5da6a4a-1459-46a4-9479-d2035163dbe2@group-4A9565783204, cid=1485, SUCCESS, logIndex=2114, commits[b5da6a4a-1459-46a4-9479-d2035163dbe2:c2114, 69c25b61-d669-4f17-b36d-41bca3df1f31:c2110, d2a7b1fa-fac6-4c6f-8c6d-9ac7414c70c3:c2110]
2019-07-14 04:23:42,644 INFO  client.GrpcClientProtocolClient (GrpcClientProtocolClient.java:onNext(255)) - client-8DB4338F17D0->b5da6a4a-1459-46a4-9479-d2035163dbe2: receive RaftClientReply:client-8DB4338F17D0->b5da6a4a-1459-46a4-9479-d2035163dbe2@group-4A9565783204, cid=1486, SUCCESS, logIndex=0, commits[b5da6a4a-1459-46a4-9479-d2035163dbe2:c2115, 69c25b61-d669-4f17-b36d-41bca3df1f31:c2114, d2a7b1fa-fac6-4c6f-8c6d-9ac7414c70c3:c2114]
2019-07-14 04:23:42,672 INFO  client.GrpcClientProtocolClient (GrpcClientProtocolClient.java:onNext(255)) - client-8DB4338F17D0->b5da6a4a-1459-46a4-9479-d2035163dbe2: receive RaftClientReply:client-8DB4338F17D0->b5da6a4a-1459-46a4-9479-d2035163dbe2@group-4A9565783204, cid=1487, SUCCESS, logIndex=2117, commits[b5da6a4a-1459-46a4-9479-d2035163dbe2:c2118, 69c25b61-d669-4f17-b36d-41bca3df1f31:c2116, d2a7b1fa-fac6-4c6f-8c6d-9ac7414c70c3:c2116]
2019-07-14 04:23:42,672 INFO  client.GrpcClientProtocolClient (GrpcClientProtocolClient.java:onNext(255)) - client-8DB4338F17D0->b5da6a4a-1459-46a4-9479-d2035163dbe2: receive RaftClientReply:client-8DB4338F17D0->b5da6a4a-1459-46a4-9479-d2035163dbe2@group-4A9565783204, cid=1488, SUCCESS, logIndex=2118, commits[b5da6a4a-1459-46a4-9479-d2035163dbe2:c2118, 69c25b61-d669-4f17-b36d-41bca3df1f31:c2116, d2a7b1fa-fac6-4c6f-8c6d-9ac7414c70c3:c2116]
2019-07-14 04:23:42,672 INFO  client.GrpcClientProtocolClient (GrpcClientProtocolClient.java:onNext(255)) - client-8DB4338F17D0->b5da6a4a-1459-46a4-9479-d2035163dbe2: receive RaftClientReply:client-8DB4338F17D0->b5da6a4a-1459-46a4-9479-d2035163dbe2@group-4A9565783204, cid=1489, SUCCESS, logIndex=2119, commits[b5da6a4a-1459-46a4-9479-d2035163dbe2:c2120, 69c25b61-d669-4f17-b36d-41bca3df1f31:c2116, d2a7b1fa-fac6-4c6f-8c6d-9ac7414c70c3:c2116]
2019-07-14 04:23:42,673 INFO  client.GrpcClientProtocolClient (GrpcClientProtocolClient.java:onNext(255)) - client-8DB4338F17D0->b5da6a4a-1459-46a4-9479-d2035163dbe2: receive RaftClientReply:client-8DB4338F17D0->b5da6a4a-1459-46a4-9479-d2035163dbe2@group-4A9565783204, cid=1490, SUCCESS, logIndex=2120, commits[b5da6a4a-1459-46a4-9479-d2035163dbe2:c2120, 69c25b61-d669-4f17-b36d-41bca3df1f31:c2116, d2a7b1fa-fac6-4c6f-8c6d-9ac7414c70c3:c2116]
2019-07-14 04:23:42,677 INFO  client.GrpcClientProtocolClient (GrpcClientProtocolClient.java:onNext(255)) - client-8DB4338F17D0->b5da6a4a-1459-46a4-9479-d2035163dbe2: receive RaftClientReply:client-8DB4338F17D0->b5da6a4a-1459-46a4-9479-d2035163dbe2@group-4A9565783204, cid=1491, SUCCESS, logIndex=0, commits[b5da6a4a-1459-46a4-9479-d2035163dbe2:c2122, 69c25b61-d669-4f17-b36d-41bca3df1f31:c2118, d2a7b1fa-fac6-4c6f-8c6d-9ac7414c70c3:c2118]
2019-07-14 04:23:42,698 INFO  client.GrpcClientProtocolClient (GrpcClientProtocolClient.java:onNext(255)) - client-8DB4338F17D0->b5da6a4a-1459-46a4-9479-d2035163dbe2: receive RaftClientReply:client-8DB4338F17D0->b5da6a4a-1459-46a4-9479-d2035163dbe2@group-4A9565783204, cid=1492, SUCCESS, logIndex=2125, commits[b5da6a4a-1459-46a4-9479-d2035163dbe2:c2126, 69c25b61-d669-4f17-b36d-41bca3df1f31:c2124, d2a7b1fa-fac6-4c6f-8c6d-9ac7414c70c3:c2124]
2019-07-14 04:23:42,698 INFO  client.GrpcClientProtocolClient (GrpcClientProtocolClient.java:onNext(255)) - client-8DB4338F17D0->b5da6a4a-1459-46a4-9479-d2035163dbe2: receive RaftClientReply:client-8DB4338F17D0->b5da6a4a-1459-46a4-9479-d2035163dbe2@group-4A9565783204, cid=1493, SUCCESS, logIndex=2126, commits[b5da6a4a-1459-46a4-9479-d2035163dbe2:c2126, 69c25b61-d669-4f17-b36d-41bca3df1f31:c2124, d2a7b1fa-fac6-4c6f-8c6d-9ac7414c70c3:c2124]
2019-07-14 04:23:42,720 INFO  client.GrpcClientProtocolClient (GrpcClientProtocolClient.java:onNext(255)) - client-8DB4338F17D0->b5da6a4a-1459-46a4-9479-d2035163dbe2: receive RaftClientReply:client-8DB4338F17D0->b5da6a4a-1459-46a4-9479-d2035163dbe2@group-4A9565783204, cid=1494, SUCCESS, logIndex=2129, commits[b5da6a4a-1459-46a4-9479-d2035163dbe2:c2129, 69c25b61-d669-4f17-b36d-41bca3df1f31:c2126, d2a7b1fa-fac6-4c6f-8c6d-9ac7414c70c3:c2126]
2019-07-14 04:23:42,720 INFO  client.GrpcClientProtocolClient (GrpcClientProtocolClient.java:onNext(255)) - client-8DB4338F17D0->b5da6a4a-1459-46a4-9479-d2035163dbe2: receive RaftClientReply:client-8DB4338F17D0->b5da6a4a-1459-46a4-9479-d2035163dbe2@group-4A9565783204, cid=1495, SUCCESS, logIndex=2130, commits[b5da6a4a-1459-46a4-9479-d2035163dbe2:c2130, 69c25b61-d669-4f17-b36d-41bca3df1f31:c2126, d2a7b1fa-fac6-4c6f-8c6d-9ac7414c70c3:c2126]
2019-07-14 04:23:42,733 INFO  client.GrpcClientProtocolClient (GrpcClientProtocolClient.java:onNext(255)) - client-8DB4338F17D0->b5da6a4a-1459-46a4-9479-d2035163dbe2: receive RaftClientReply:client-8DB4338F17D0->b5da6a4a-1459-46a4-9479-d2035163dbe2@group-4A9565783204, cid=1496, SUCCESS, logIndex=0, commits[b5da6a4a-1459-46a4-9479-d2035163dbe2:c2132, 69c25b61-d669-4f17-b36d-41bca3df1f31:c2130, d2a7b1fa-fac6-4c6f-8c6d-9ac7414c70c3:c2130]
2019-07-14 04:23:42,753 INFO  client.GrpcClientProtocolClient (GrpcClientProtocolClient.java:onNext(255)) - client-8DB4338F17D0->b5da6a4a-1459-46a4-9479-d2035163dbe2: receive RaftClientReply:client-8DB4338F17D0->b5da6a4a-1459-46a4-9479-d2035163dbe2@group-4A9565783204, cid=1497, SUCCESS, logIndex=2133, commits[b5da6a4a-1459-46a4-9479-d2035163dbe2:c2134, 69c25b61-d669-4f17-b36d-41bca3df1f31:c2132, d2a7b1fa-fac6-4c6f-8c6d-9ac7414c70c3:c2132]
2019-07-14 04:23:42,753 INFO  client.GrpcClientProtocolClient (GrpcClientProtocolClient.java:onNext(255)) - client-8DB4338F17D0->b5da6a4a-1459-46a4-9479-d2035163dbe2: receive RaftClientReply:client-8DB4338F17D0->b5da6a4a-1459-46a4-9479-d2035163dbe2@group-4A9565783204, cid=1498, SUCCESS, logIndex=2134, commits[b5da6a4a-1459-46a4-9479-d2035163dbe2:c2134, 69c25b61-d669-4f17-b36d-41bca3df1f31:c2132, d2a7b1fa-fac6-4c6f-8c6d-9ac7414c70c3:c2132]
2019-07-14 04:23:42,755 INFO  client.GrpcClientProtocolClient (GrpcClientProtocolClient.java:onNext(255)) - client-8DB4338F17D0->b5da6a4a-1459-46a4-9479-d2035163dbe2: receive RaftClientReply:client-8DB4338F17D0->b5da6a4a-1459-46a4-9479-d2035163dbe2@group-4A9565783204, cid=1499, SUCCESS, logIndex=2135, commits[b5da6a4a-1459-46a4-9479-d2035163dbe2:c2137, 69c25b61-d669-4f17-b36d-41bca3df1f31:c2134, d2a7b1fa-fac6-4c6f-8c6d-9ac7414c70c3:c2132]
2019-07-14 04:23:42,755 INFO  client.GrpcClientProtocolClient (GrpcClientProtocolClient.java:onNext(255)) - client-8DB4338F17D0->b5da6a4a-1459-46a4-9479-d2035163dbe2: receive RaftClientReply:client-8DB4338F17D0->b5da6a4a-1459-46a4-9479-d2035163dbe2@group-4A9565783204, cid=1500, SUCCESS, logIndex=2136, commits[b5da6a4a-1459-46a4-9479-d2035163dbe2:c2138, 69c25b61-d669-4f17-b36d-41bca3df1f31:c2134, d2a7b1fa-fac6-4c6f-8c6d-9ac7414c70c3:c2132]
2019-07-14 04:23:42,756 INFO  client.GrpcClientProtocolClient (GrpcClientProtocolClient.java:onNext(255)) - client-8DB4338F17D0->b5da6a4a-1459-46a4-9479-d2035163dbe2: receive RaftClientReply:client-8DB4338F17D0->b5da6a4a-1459-46a4-9479-d2035163dbe2@group-4A9565783204, cid=1501, SUCCESS, logIndex=0, commits[b5da6a4a-1459-46a4-9479-d2035163dbe2:c2139, 69c25b61-d669-4f17-b36d-41bca3df1f31:c2136, d2a7b1fa-fac6-4c6f-8c6d-9ac7414c70c3:c2134]
2019-07-14 04:23:42,776 INFO  client.GrpcClientProtocolClient (GrpcClientProtocolClient.java:onNext(255)) - client-8DB4338F17D0->b5da6a4a-1459-46a4-9479-d2035163dbe2: receive RaftClientReply:client-8DB4338F17D0->b5da6a4a-1459-46a4-9479-d2035163dbe2@group-4A9565783204, cid=1502, SUCCESS, logIndex=2141, commits[b5da6a4a-1459-46a4-9479-d2035163dbe2:c2142, 69c25b61-d669-4f17-b36d-41bca3df1f31:c2140, d2a7b1fa-fac6-4c6f-8c6d-9ac7414c70c3:c2140]
2019-07-14 04:23:42,776 INFO  client.GrpcClientProtocolClient (GrpcClientProtocolClient.java:onNext(255)) - client-8DB4338F17D0->b5da6a4a-1459-46a4-9479-d2035163dbe2: receive RaftClientReply:client-8DB4338F17D0->b5da6a4a-1459-46a4-9479-d2035163dbe2@group-4A9565783204, cid=1503, SUCCESS, logIndex=2142, commits[b5da6a4a-1459-46a4-9479-d2035163dbe2:c2142, 69c25b61-d669-4f17-b36d-41bca3df1f31:c2140, d2a7b1fa-fac6-4c6f-8c6d-9ac7414c70c3:c2140]
2019-07-14 04:23:42,788 INFO  client.GrpcClientProtocolClient (GrpcClientProtocolClient.java:onNext(255)) - client-8DB4338F17D0->b5da6a4a-1459-46a4-9479-d2035163dbe2: receive RaftClientReply:client-8DB4338F17D0->b5da6a4a-1459-46a4-9479-d2035163dbe2@group-4A9565783204, cid=1504, SUCCESS, logIndex=2145, commits[b5da6a4a-1459-46a4-9479-d2035163dbe2:c2146, 69c25b61-d669-4f17-b36d-41bca3df1f31:c2142, d2a7b1fa-fac6-4c6f-8c6d-9ac7414c70c3:c2143]
2019-07-14 04:23:42,789 INFO  client.GrpcClientProtocolClient (GrpcClientProtocolClient.java:onNext(255)) - client-8DB4338F17D0->b5da6a4a-1459-46a4-9479-d2035163dbe2: receive RaftClientReply:client-8DB4338F17D0->b5da6a4a-1459-46a4-9479-d2035163dbe2@group-4A9565783204, cid=1505, SUCCESS, logIndex=2146, commits[b5da6a4a-1459-46a4-9479-d2035163dbe2:c2146, 69c25b61-d669-4f17-b36d-41bca3df1f31:c2143, d2a7b1fa-fac6-4c6f-8c6d-9ac7414c70c3:c2143]
2019-07-14 04:23:42,792 INFO  client.GrpcClientProtocolClient (GrpcClientProtocolClient.java:onNext(255)) - client-8DB4338F17D0->b5da6a4a-1459-46a4-9479-d2035163dbe2: receive RaftClientReply:client-8DB4338F17D0->b5da6a4a-1459-46a4-9479-d2035163dbe2@group-4A9565783204, cid=1506, SUCCESS, logIndex=0, commits[b5da6a4a-1459-46a4-9479-d2035163dbe2:c2147, 69c25b61-d669-4f17-b36d-41bca3df1f31:c2146, d2a7b1fa-fac6-4c6f-8c6d-9ac7414c70c3:c2146]
2019-07-14 04:23:42,815 INFO  client.GrpcClientProtocolClient (GrpcClientProtocolClient.java:onNext(255)) - client-8DB4338F17D0->b5da6a4a-1459-46a4-9479-d2035163dbe2: receive RaftClientReply:client-8DB4338F17D0->b5da6a4a-1459-46a4-9479-d2035163dbe2@group-4A9565783204, cid=1507, SUCCESS, logIndex=2148, commits[b5da6a4a-1459-46a4-9479-d2035163dbe2:c2149, 69c25b61-d669-4f17-b36d-41bca3df1f31:c2146, d2a7b1fa-fac6-4c6f-8c6d-9ac7414c70c3:c2147]
2019-07-14 04:23:42,816 INFO  client.GrpcClientProtocolClient (GrpcClientProtocolClient.java:onNext(255)) - client-8DB4338F17D0->b5da6a4a-1459-46a4-9479-d2035163dbe2: receive RaftClientReply:client-8DB4338F17D0->b5da6a4a-1459-46a4-9479-d2035163dbe2@group-4A9565783204, cid=1508, SUCCESS, logIndex=2149, commits[b5da6a4a-1459-46a4-9479-d2035163dbe2:c2149, 69c25b61-d669-4f17-b36d-41bca3df1f31:c2146, d2a7b1fa-fac6-4c6f-8c6d-9ac7414c70c3:c2147]
2019-07-14 04:23:42,818 INFO  client.GrpcClientProtocolClient (GrpcClientProtocolClient.java:onNext(255)) - client-8DB4338F17D0->b5da6a4a-1459-46a4-9479-d2035163dbe2: receive RaftClientReply:client-8DB4338F17D0->b5da6a4a-1459-46a4-9479-d2035163dbe2@group-4A9565783204, cid=1509, SUCCESS, logIndex=2150, commits[b5da6a4a-1459-46a4-9479-d2035163dbe2:c2153, 69c25b61-d669-4f17-b36d-41bca3df1f31:c2146, d2a7b1fa-fac6-4c6f-8c6d-9ac7414c70c3:c2149]
2019-07-14 04:23:42,818 INFO  client.GrpcClientProtocolClient (GrpcClientProtocolClient.java:onNext(255)) - client-8DB4338F17D0->b5da6a4a-1459-46a4-9479-d2035163dbe2: receive RaftClientReply:client-8DB4338F17D0->b5da6a4a-1459-46a4-9479-d2035163dbe2@group-4A9565783204, cid=1510, SUCCESS, logIndex=2151, commits[b5da6a4a-1459-46a4-9479-d2035163dbe2:c2153, 69c25b61-d669-4f17-b36d-41bca3df1f31:c2146, d2a7b1fa-fac6-4c6f-8c6d-9ac7414c70c3:c2149]
2019-07-14 04:23:42,822 INFO  client.GrpcClientProtocolClient (GrpcClientProtocolClient.java:onNext(255)) - client-8DB4338F17D0->b5da6a4a-1459-46a4-9479-d2035163dbe2: receive RaftClientReply:client-8DB4338F17D0->b5da6a4a-1459-46a4-9479-d2035163dbe2@group-4A9565783204, cid=1511, SUCCESS, logIndex=0, commits[b5da6a4a-1459-46a4-9479-d2035163dbe2:c2155, 69c25b61-d669-4f17-b36d-41bca3df1f31:c2149, d2a7b1fa-fac6-4c6f-8c6d-9ac7414c70c3:c2151]
2019-07-14 04:23:42,843 INFO  client.GrpcClientProtocolClient (GrpcClientProtocolClient.java:onNext(255)) - client-8DB4338F17D0->b5da6a4a-1459-46a4-9479-d2035163dbe2: receive RaftClientReply:client-8DB4338F17D0->b5da6a4a-1459-46a4-9479-d2035163dbe2@group-4A9565783204, cid=1512, SUCCESS, logIndex=2156, commits[b5da6a4a-1459-46a4-9479-d2035163dbe2:c2157, 69c25b61-d669-4f17-b36d-41bca3df1f31:c2155, d2a7b1fa-fac6-4c6f-8c6d-9ac7414c70c3:c2155]
2019-07-14 04:23:42,843 INFO  client.GrpcClientProtocolClient (GrpcClientProtocolClient.java:onNext(255)) - client-8DB4338F17D0->b5da6a4a-1459-46a4-9479-d2035163dbe2: receive RaftClientReply:client-8DB4338F17D0->b5da6a4a-1459-46a4-9479-d2035163dbe2@group-4A9565783204, cid=1513, SUCCESS, logIndex=2157, commits[b5da6a4a-1459-46a4-9479-d2035163dbe2:c2157, 69c25b61-d669-4f17-b36d-41bca3df1f31:c2155, d2a7b1fa-fac6-4c6f-8c6d-9ac7414c70c3:c2155]
2019-07-14 04:23:42,861 INFO  client.GrpcClientProtocolClient (GrpcClientProtocolClient.java:onNext(255)) - client-8DB4338F17D0->b5da6a4a-1459-46a4-9479-d2035163dbe2: receive RaftClientReply:client-8DB4338F17D0->b5da6a4a-1459-46a4-9479-d2035163dbe2@group-4A9565783204, cid=1514, SUCCESS, logIndex=2160, commits[b5da6a4a-1459-46a4-9479-d2035163dbe2:c2161, 69c25b61-d669-4f17-b36d-41bca3df1f31:c2159, d2a7b1fa-fac6-4c6f-8c6d-9ac7414c70c3:c2159]
2019-07-14 04:23:42,862 INFO  client.GrpcClientProtocolClient (GrpcClientProtocolClient.java:onNext(255)) - client-8DB4338F17D0->b5da6a4a-1459-46a4-9479-d2035163dbe2: receive RaftClientReply:client-8DB4338F17D0->b5da6a4a-1459-46a4-9479-d2035163dbe2@group-4A9565783204, cid=1515, SUCCESS, logIndex=2161, commits[b5da6a4a-1459-46a4-9479-d2035163dbe2:c2161, 69c25b61-d669-4f17-b36d-41bca3df1f31:c2159, d2a7b1fa-fac6-4c6f-8c6d-9ac7414c70c3:c2159]
2019-07-14 04:23:42,876 INFO  client.GrpcClientProtocolClient (GrpcClientProtocolClient.java:onNext(255)) - client-8DB4338F17D0->b5da6a4a-1459-46a4-9479-d2035163dbe2: receive RaftClientReply:client-8DB4338F17D0->b5da6a4a-1459-46a4-9479-d2035163dbe2@group-4A9565783204, cid=1516, SUCCESS, logIndex=0, commits[b5da6a4a-1459-46a4-9479-d2035163dbe2:c2163, 69c25b61-d669-4f17-b36d-41bca3df1f31:c2161, d2a7b1fa-fac6-4c6f-8c6d-9ac7414c70c3:c2161]
2019-07-14 04:23:42,905 INFO  client.GrpcClientProtocolClient (GrpcClientProtocolClient.java:onNext(255)) - client-8DB4338F17D0->b5da6a4a-1459-46a4-9479-d2035163dbe2: receive RaftClientReply:client-8DB4338F17D0->b5da6a4a-1459-46a4-9479-d2035163dbe2@group-4A9565783204, cid=1517, SUCCESS, logIndex=2164, commits[b5da6a4a-1459-46a4-9479-d2035163dbe2:c2165, 69c25b61-d669-4f17-b36d-41bca3df1f31:c2163, d2a7b1fa-fac6-4c6f-8c6d-9ac7414c70c3:c2163]
2019-07-14 04:23:42,906 INFO  client.GrpcClientProtocolClient (GrpcClientProtocolClient.java:onNext(255)) - client-8DB4338F17D0->b5da6a4a-1459-46a4-9479-d2035163dbe2: receive RaftClientReply:client-8DB4338F17D0->b5da6a4a-1459-46a4-9479-d2035163dbe2@group-4A9565783204, cid=1518, SUCCESS, logIndex=2165, commits[b5da6a4a-1459-46a4-9479-d2035163dbe2:c2165, 69c25b61-d669-4f17-b36d-41bca3df1f31:c2163, d2a7b1fa-fac6-4c6f-8c6d-9ac7414c70c3:c2163]
2019-07-14 04:23:42,906 INFO  client.GrpcClientProtocolClient (GrpcClientProtocolClient.java:onNext(255)) - client-8DB4338F17D0->b5da6a4a-1459-46a4-9479-d2035163dbe2: receive RaftClientReply:client-8DB4338F17D0->b5da6a4a-1459-46a4-9479-d2035163dbe2@group-4A9565783204, cid=1519, SUCCESS, logIndex=2166, commits[b5da6a4a-1459-46a4-9479-d2035163dbe2:c2166, 69c25b61-d669-4f17-b36d-41bca3df1f31:c2163, d2a7b1fa-fac6-4c6f-8c6d-9ac7414c70c3:c2163]
2019-07-14 04:23:42,907 INFO  client.GrpcClientProtocolClient (GrpcClientProtocolClient.java:onNext(255)) - client-8DB4338F17D0->b5da6a4a-1459-46a4-9479-d2035163dbe2: receive RaftClientReply:client-8DB4338F17D0->b5da6a4a-1459-46a4-9479-d2035163dbe2@group-4A9565783204, cid=1520, SUCCESS, logIndex=2167, commits[b5da6a4a-1459-46a4-9479-d2035163dbe2:c2167, 69c25b61-d669-4f17-b36d-41bca3df1f31:c2163, d2a7b1fa-fac6-4c6f-8c6d-9ac7414c70c3:c2163]
2019-07-14 04:23:42,910 INFO  client.GrpcClientProtocolClient (GrpcClientProtocolClient.java:onNext(255)) - client-8DB4338F17D0->b5da6a4a-1459-46a4-9479-d2035163dbe2: receive RaftClientReply:client-8DB4338F17D0->b5da6a4a-1459-46a4-9479-d2035163dbe2@group-4A9565783204, cid=1521, SUCCESS, logIndex=0, commits[b5da6a4a-1459-46a4-9479-d2035163dbe2:c2169, 69c25b61-d669-4f17-b36d-41bca3df1f31:c2165, d2a7b1fa-fac6-4c6f-8c6d-9ac7414c70c3:c2165]
2019-07-14 04:23:42,930 INFO  client.GrpcClientProtocolClient (GrpcClientProtocolClient.java:onNext(255)) - client-8DB4338F17D0->b5da6a4a-1459-46a4-9479-d2035163dbe2: receive RaftClientReply:client-8DB4338F17D0->b5da6a4a-1459-46a4-9479-d2035163dbe2@group-4A9565783204, cid=1522, SUCCESS, logIndex=2172, commits[b5da6a4a-1459-46a4-9479-d2035163dbe2:c2173, 69c25b61-d669-4f17-b36d-41bca3df1f31:c2167, d2a7b1fa-fac6-4c6f-8c6d-9ac7414c70c3:c2171]
2019-07-14 04:23:42,931 INFO  client.GrpcClientProtocolClient (GrpcClientProtocolClient.java:onNext(255)) - client-8DB4338F17D0->b5da6a4a-1459-46a4-9479-d2035163dbe2: receive RaftClientReply:client-8DB4338F17D0->b5da6a4a-1459-46a4-9479-d2035163dbe2@group-4A9565783204, cid=1523, SUCCESS, logIndex=2173, commits[b5da6a4a-1459-46a4-9479-d2035163dbe2:c2173, 69c25b61-d669-4f17-b36d-41bca3df1f31:c2171, d2a7b1fa-fac6-4c6f-8c6d-9ac7414c70c3:c2171]
2019-07-14 04:23:42,949 INFO  client.GrpcClientProtocolClient (GrpcClientProtocolClient.java:onNext(255)) - client-8DB4338F17D0->b5da6a4a-1459-46a4-9479-d2035163dbe2: receive RaftClientReply:client-8DB4338F17D0->b5da6a4a-1459-46a4-9479-d2035163dbe2@group-4A9565783204, cid=1524, SUCCESS, logIndex=2176, commits[b5da6a4a-1459-46a4-9479-d2035163dbe2:c2177, 69c25b61-d669-4f17-b36d-41bca3df1f31:c2175, d2a7b1fa-fac6-4c6f-8c6d-9ac7414c70c3:c2175]
2019-07-14 04:23:42,950 INFO  client.GrpcClientProtocolClient (GrpcClientProtocolClient.java:onNext(255)) - client-8DB4338F17D0->b5da6a4a-1459-46a4-9479-d2035163dbe2: receive RaftClientReply:client-8DB4338F17D0->b5da6a4a-1459-46a4-9479-d2035163dbe2@group-4A9565783204, cid=1525, SUCCESS, logIndex=2177, commits[b5da6a4a-1459-46a4-9479-d2035163dbe2:c2177, 69c25b61-d669-4f17-b36d-41bca3df1f31:c2175, d2a7b1fa-fac6-4c6f-8c6d-9ac7414c70c3:c2175]
2019-07-14 04:23:42,951 INFO  client.GrpcClientProtocolClient (GrpcClientProtocolClient.java:onNext(255)) - client-8DB4338F17D0->b5da6a4a-1459-46a4-9479-d2035163dbe2: receive RaftClientReply:client-8DB4338F17D0->b5da6a4a-1459-46a4-9479-d2035163dbe2@group-4A9565783204, cid=1526, SUCCESS, logIndex=0, commits[b5da6a4a-1459-46a4-9479-d2035163dbe2:c2178, 69c25b61-d669-4f17-b36d-41bca3df1f31:c2177, d2a7b1fa-fac6-4c6f-8c6d-9ac7414c70c3:c2177]
2019-07-14 04:23:42,978 INFO  client.GrpcClientProtocolClient (GrpcClientProtocolClient.java:onNext(255)) - client-8DB4338F17D0->b5da6a4a-1459-46a4-9479-d2035163dbe2: receive RaftClientReply:client-8DB4338F17D0->b5da6a4a-1459-46a4-9479-d2035163dbe2@group-4A9565783204, cid=1527, SUCCESS, logIndex=2179, commits[b5da6a4a-1459-46a4-9479-d2035163dbe2:c2182, 69c25b61-d669-4f17-b36d-41bca3df1f31:c2178, d2a7b1fa-fac6-4c6f-8c6d-9ac7414c70c3:c2178]
2019-07-14 04:23:42,979 INFO  client.GrpcClientProtocolClient (GrpcClientProtocolClient.java:onNext(255)) - client-8DB4338F17D0->b5da6a4a-1459-46a4-9479-d2035163dbe2: receive RaftClientReply:client-8DB4338F17D0->b5da6a4a-1459-46a4-9479-d2035163dbe2@group-4A9565783204, cid=1528, SUCCESS, logIndex=2180, commits[b5da6a4a-1459-46a4-9479-d2035163dbe2:c2183, 69c25b61-d669-4f17-b36d-41bca3df1f31:c2180, d2a7b1fa-fac6-4c6f-8c6d-9ac7414c70c3:c2178]
2019-07-14 04:23:42,980 INFO  client.GrpcClientProtocolClient (GrpcClientProtocolClient.java:onNext(255)) - client-8DB4338F17D0->b5da6a4a-1459-46a4-9479-d2035163dbe2: receive RaftClientReply:client-8DB4338F17D0->b5da6a4a-1459-46a4-9479-d2035163dbe2@group-4A9565783204, cid=1529, SUCCESS, logIndex=2181, commits[b5da6a4a-1459-46a4-9479-d2035163dbe2:c2185, 69c25b61-d669-4f17-b36d-41bca3df1f31:c2181, d2a7b1fa-fac6-4c6f-8c6d-9ac7414c70c3:c2180]
2019-07-14 04:23:42,980 INFO  client.GrpcClientProtocolClient (GrpcClientProtocolClient.java:onNext(255)) - client-8DB4338F17D0->b5da6a4a-1459-46a4-9479-d2035163dbe2: receive RaftClientReply:client-8DB4338F17D0->b5da6a4a-1459-46a4-9479-d2035163dbe2@group-4A9565783204, cid=1530, SUCCESS, logIndex=2182, commits[b5da6a4a-1459-46a4-9479-d2035163dbe2:c2186, 69c25b61-d669-4f17-b36d-41bca3df1f31:c2182, d2a7b1fa-fac6-4c6f-8c6d-9ac7414c70c3:c2180]
2019-07-14 04:23:42,990 INFO  client.GrpcClientProtocolClient (GrpcClientProtocolClient.java:onNext(255)) - client-8DB4338F17D0->b5da6a4a-1459-46a4-9479-d2035163dbe2: receive RaftClientReply:client-8DB4338F17D0->b5da6a4a-1459-46a4-9479-d2035163dbe2@group-4A9565783204, cid=1531, SUCCESS, logIndex=2187, commits[b5da6a4a-1459-46a4-9479-d2035163dbe2:c2188, 69c25b61-d669-4f17-b36d-41bca3df1f31:c2186, d2a7b1fa-fac6-4c6f-8c6d-9ac7414c70c3:c2182]
2019-07-14 04:23:42,990 INFO  client.GrpcClientProtocolClient (GrpcClientProtocolClient.java:onNext(255)) - client-8DB4338F17D0->b5da6a4a-1459-46a4-9479-d2035163dbe2: receive RaftClientReply:client-8DB4338F17D0->b5da6a4a-1459-46a4-9479-d2035163dbe2@group-4A9565783204, cid=1532, SUCCESS, logIndex=2188, commits[b5da6a4a-1459-46a4-9479-d2035163dbe2:c2188, 69c25b61-d669-4f17-b36d-41bca3df1f31:c2186, d2a7b1fa-fac6-4c6f-8c6d-9ac7414c70c3:c2182]
2019-07-14 04:23:43,012 INFO  client.GrpcClientProtocolClient (GrpcClientProtocolClient.java:onNext(255)) - client-8DB4338F17D0->b5da6a4a-1459-46a4-9479-d2035163dbe2: receive RaftClientReply:client-8DB4338F17D0->b5da6a4a-1459-46a4-9479-d2035163dbe2@group-4A9565783204, cid=1533, SUCCESS, logIndex=2190, commits[b5da6a4a-1459-46a4-9479-d2035163dbe2:c2191, 69c25b61-d669-4f17-b36d-41bca3df1f31:c2189, d2a7b1fa-fac6-4c6f-8c6d-9ac7414c70c3:c2189]
2019-07-14 04:23:43,013 INFO  client.GrpcClientProtocolClient (GrpcClientProtocolClient.java:onNext(255)) - client-8DB4338F17D0->b5da6a4a-1459-46a4-9479-d2035163dbe2: receive RaftClientReply:client-8DB4338F17D0->b5da6a4a-1459-46a4-9479-d2035163dbe2@group-4A9565783204, cid=1534, SUCCESS, logIndex=2191, commits[b5da6a4a-1459-46a4-9479-d2035163dbe2:c2191, 69c25b61-d669-4f17-b36d-41bca3df1f31:c2189, d2a7b1fa-fac6-4c6f-8c6d-9ac7414c70c3:c2189]
2019-07-14 04:23:43,018 INFO  client.GrpcClientProtocolClient (GrpcClientProtocolClient.java:onNext(255)) - client-8DB4338F17D0->b5da6a4a-1459-46a4-9479-d2035163dbe2: receive RaftClientReply:client-8DB4338F17D0->b5da6a4a-1459-46a4-9479-d2035163dbe2@group-4A9565783204, cid=1535, SUCCESS, logIndex=0, commits[b5da6a4a-1459-46a4-9479-d2035163dbe2:c2193, 69c25b61-d669-4f17-b36d-41bca3df1f31:c2191, d2a7b1fa-fac6-4c6f-8c6d-9ac7414c70c3:c2191]
2019-07-14 04:23:43,041 INFO  client.GrpcClientProtocolClient (GrpcClientProtocolClient.java:onNext(255)) - client-8DB4338F17D0->b5da6a4a-1459-46a4-9479-d2035163dbe2: receive RaftClientReply:client-8DB4338F17D0->b5da6a4a-1459-46a4-9479-d2035163dbe2@group-4A9565783204, cid=1536, SUCCESS, logIndex=2194, commits[b5da6a4a-1459-46a4-9479-d2035163dbe2:c2195, 69c25b61-d669-4f17-b36d-41bca3df1f31:c2193, d2a7b1fa-fac6-4c6f-8c6d-9ac7414c70c3:c2191]
2019-07-14 04:23:43,042 INFO  client.GrpcClientProtocolClient (GrpcClientProtocolClient.java:onNext(255)) - client-8DB4338F17D0->b5da6a4a-1459-46a4-9479-d2035163dbe2: receive RaftClientReply:client-8DB4338F17D0->b5da6a4a-1459-46a4-9479-d2035163dbe2@group-4A9565783204, cid=1537, SUCCESS, logIndex=2195, commits[b5da6a4a-1459-46a4-9479-d2035163dbe2:c2195, 69c25b61-d669-4f17-b36d-41bca3df1f31:c2193, d2a7b1fa-fac6-4c6f-8c6d-9ac7414c70c3:c2191]
2019-07-14 04:23:43,042 INFO  client.GrpcClientProtocolClient (GrpcClientProtocolClient.java:onNext(255)) - client-8DB4338F17D0->b5da6a4a-1459-46a4-9479-d2035163dbe2: receive RaftClientReply:client-8DB4338F17D0->b5da6a4a-1459-46a4-9479-d2035163dbe2@group-4A9565783204, cid=1538, SUCCESS, logIndex=2196, commits[b5da6a4a-1459-46a4-9479-d2035163dbe2:c2197, 69c25b61-d669-4f17-b36d-41bca3df1f31:c2193, d2a7b1fa-fac6-4c6f-8c6d-9ac7414c70c3:c2191]
2019-07-14 04:23:43,042 INFO  client.GrpcClientProtocolClient (GrpcClientProtocolClient.java:onNext(255)) - client-8DB4338F17D0->b5da6a4a-1459-46a4-9479-d2035163dbe2: receive RaftClientReply:client-8DB4338F17D0->b5da6a4a-1459-46a4-9479-d2035163dbe2@group-4A9565783204, cid=1539, SUCCESS, logIndex=2197, commits[b5da6a4a-1459-46a4-9479-d2035163dbe2:c2197, 69c25b61-d669-4f17-b36d-41bca3df1f31:c2193, d2a7b1fa-fac6-4c6f-8c6d-9ac7414c70c3:c2191]
2019-07-14 04:23:43,045 INFO  client.GrpcClientProtocolClient (GrpcClientProtocolClient.java:onNext(255)) - client-8DB4338F17D0->b5da6a4a-1459-46a4-9479-d2035163dbe2: receive RaftClientReply:client-8DB4338F17D0->b5da6a4a-1459-46a4-9479-d2035163dbe2@group-4A9565783204, cid=1540, SUCCESS, logIndex=0, commits[b5da6a4a-1459-46a4-9479-d2035163dbe2:c2199, 69c25b61-d669-4f17-b36d-41bca3df1f31:c2195, d2a7b1fa-fac6-4c6f-8c6d-9ac7414c70c3:c2195]
2019-07-14 04:23:43,058 INFO  client.GrpcClientProtocolClient (GrpcClientProtocolClient.java:onNext(255)) - client-8DB4338F17D0->b5da6a4a-1459-46a4-9479-d2035163dbe2: receive RaftClientReply:client-8DB4338F17D0->b5da6a4a-1459-46a4-9479-d2035163dbe2@group-4A9565783204, cid=1541, SUCCESS, logIndex=2202, commits[b5da6a4a-1459-46a4-9479-d2035163dbe2:c2203, 69c25b61-d669-4f17-b36d-41bca3df1f31:c2201, d2a7b1fa-fac6-4c6f-8c6d-9ac7414c70c3:c2197]
2019-07-14 04:23:43,058 INFO  client.GrpcClientProtocolClient (GrpcClientProtocolClient.java:onNext(255)) - client-8DB4338F17D0->b5da6a4a-1459-46a4-9479-d2035163dbe2: receive RaftClientReply:client-8DB4338F17D0->b5da6a4a-1459-46a4-9479-d2035163dbe2@group-4A9565783204, cid=1542, SUCCESS, logIndex=2203, commits[b5da6a4a-1459-46a4-9479-d2035163dbe2:c2203, 69c25b61-d669-4f17-b36d-41bca3df1f31:c2201, d2a7b1fa-fac6-4c6f-8c6d-9ac7414c70c3:c2201]
2019-07-14 04:23:43,070 INFO  client.GrpcClientProtocolClient (GrpcClientProtocolClient.java:onNext(255)) - client-8DB4338F17D0->b5da6a4a-1459-46a4-9479-d2035163dbe2: receive RaftClientReply:client-8DB4338F17D0->b5da6a4a-1459-46a4-9479-d2035163dbe2@group-4A9565783204, cid=1543, SUCCESS, logIndex=2206, commits[b5da6a4a-1459-46a4-9479-d2035163dbe2:c2207, 69c25b61-d669-4f17-b36d-41bca3df1f31:c2203, d2a7b1fa-fac6-4c6f-8c6d-9ac7414c70c3:c2203]
2019-07-14 04:23:43,070 INFO  client.GrpcClientProtocolClient (GrpcClientProtocolClient.java:onNext(255)) - client-8DB4338F17D0->b5da6a4a-1459-46a4-9479-d2035163dbe2: receive RaftClientReply:client-8DB4338F17D0->b5da6a4a-1459-46a4-9479-d2035163dbe2@group-4A9565783204, cid=1544, SUCCESS, logIndex=2207, commits[b5da6a4a-1459-46a4-9479-d2035163dbe2:c2207, 69c25b61-d669-4f17-b36d-41bca3df1f31:c2203, d2a7b1fa-fac6-4c6f-8c6d-9ac7414c70c3:c2203]
2019-07-14 04:23:43,071 INFO  client.GrpcClientProtocolClient (GrpcClientProtocolClient.java:onNext(255)) - client-8DB4338F17D0->b5da6a4a-1459-46a4-9479-d2035163dbe2: receive RaftClientReply:client-8DB4338F17D0->b5da6a4a-1459-46a4-9479-d2035163dbe2@group-4A9565783204, cid=1545, SUCCESS, logIndex=0, commits[b5da6a4a-1459-46a4-9479-d2035163dbe2:c2208, 69c25b61-d669-4f17-b36d-41bca3df1f31:c2207, d2a7b1fa-fac6-4c6f-8c6d-9ac7414c70c3:c2207]
2019-07-14 04:23:43,096 INFO  client.GrpcClientProtocolClient (GrpcClientProtocolClient.java:onNext(255)) - client-8DB4338F17D0->b5da6a4a-1459-46a4-9479-d2035163dbe2: receive RaftClientReply:client-8DB4338F17D0->b5da6a4a-1459-46a4-9479-d2035163dbe2@group-4A9565783204, cid=1546, SUCCESS, logIndex=2210, commits[b5da6a4a-1459-46a4-9479-d2035163dbe2:c2211, 69c25b61-d669-4f17-b36d-41bca3df1f31:c2209, d2a7b1fa-fac6-4c6f-8c6d-9ac7414c70c3:c2209]
2019-07-14 04:23:43,097 INFO  client.GrpcClientProtocolClient (GrpcClientProtocolClient.java:onNext(255)) - client-8DB4338F17D0->b5da6a4a-1459-46a4-9479-d2035163dbe2: receive RaftClientReply:client-8DB4338F17D0->b5da6a4a-1459-46a4-9479-d2035163dbe2@group-4A9565783204, cid=1547, SUCCESS, logIndex=2211, commits[b5da6a4a-1459-46a4-9479-d2035163dbe2:c2211, 69c25b61-d669-4f17-b36d-41bca3df1f31:c2209, d2a7b1fa-fac6-4c6f-8c6d-9ac7414c70c3:c2209]
 0.00% |█                                                                                                    |  0/1 Time: 0:00:082019-07-14 04:23:43,097 INFO  client.GrpcClientProtocolClient (GrpcClientProtocolClient.java:onNext(255)) - client-8DB4338F17D0->b5da6a4a-1459-46a4-9479-d2035163dbe2: receive RaftClientReply:client-8DB4338F17D0->b5da6a4a-1459-46a4-9479-d2035163dbe2@group-4A9565783204, cid=1548, SUCCESS, logIndex=2212, commits[b5da6a4a-1459-46a4-9479-d2035163dbe2:c2213, 69c25b61-d669-4f17-b36d-41bca3df1f31:c2209, d2a7b1fa-fac6-4c6f-8c6d-9ac7414c70c3:c2209]
2019-07-14 04:23:43,194 INFO  client.GrpcClientProtocolClient (GrpcClientProtocolClient.java:onNext(255)) - client-8DB4338F17D0->b5da6a4a-1459-46a4-9479-d2035163dbe2: receive RaftClientReply:client-8DB4338F17D0->b5da6a4a-1459-46a4-9479-d2035163dbe2@group-4A9565783204, cid=1549, SUCCESS, logIndex=2213, commits[b5da6a4a-1459-46a4-9479-d2035163dbe2:c2213, 69c25b61-d669-4f17-b36d-41bca3df1f31:c2209, d2a7b1fa-fac6-4c6f-8c6d-9ac7414c70c3:c2209]
2019-07-14 04:23:43,224 INFO  client.GrpcClientProtocolClient (GrpcClientProtocolClient.java:onNext(255)) - client-8DB4338F17D0->b5da6a4a-1459-46a4-9479-d2035163dbe2: receive RaftClientReply:client-8DB4338F17D0->b5da6a4a-1459-46a4-9479-d2035163dbe2@group-4A9565783204, cid=1550, SUCCESS, logIndex=0, commits[b5da6a4a-1459-46a4-9479-d2035163dbe2:c2215, 69c25b61-d669-4f17-b36d-41bca3df1f31:c2211, d2a7b1fa-fac6-4c6f-8c6d-9ac7414c70c3:c2211]
2019-07-14 04:23:43,246 INFO  client.GrpcClientProtocolClient (GrpcClientProtocolClient.java:onNext(255)) - client-8DB4338F17D0->b5da6a4a-1459-46a4-9479-d2035163dbe2: receive RaftClientReply:client-8DB4338F17D0->b5da6a4a-1459-46a4-9479-d2035163dbe2@group-4A9565783204, cid=1551, SUCCESS, logIndex=2218, commits[b5da6a4a-1459-46a4-9479-d2035163dbe2:c2219, 69c25b61-d669-4f17-b36d-41bca3df1f31:c2217, d2a7b1fa-fac6-4c6f-8c6d-9ac7414c70c3:c2217]
2019-07-14 04:23:43,246 INFO  client.GrpcClientProtocolClient (GrpcClientProtocolClient.java:onNext(255)) - client-8DB4338F17D0->b5da6a4a-1459-46a4-9479-d2035163dbe2: receive RaftClientReply:client-8DB4338F17D0->b5da6a4a-1459-46a4-9479-d2035163dbe2@group-4A9565783204, cid=1552, SUCCESS, logIndex=2219, commits[b5da6a4a-1459-46a4-9479-d2035163dbe2:c2219, 69c25b61-d669-4f17-b36d-41bca3df1f31:c2217, d2a7b1fa-fac6-4c6f-8c6d-9ac7414c70c3:c2217]
2019-07-14 04:23:43,268 INFO  client.GrpcClientProtocolClient (GrpcClientProtocolClient.java:onNext(255)) - client-8DB4338F17D0->b5da6a4a-1459-46a4-9479-d2035163dbe2: receive RaftClientReply:client-8DB4338F17D0->b5da6a4a-1459-46a4-9479-d2035163dbe2@group-4A9565783204, cid=1553, SUCCESS, logIndex=2222, commits[b5da6a4a-1459-46a4-9479-d2035163dbe2:c2223, 69c25b61-d669-4f17-b36d-41bca3df1f31:c2219, d2a7b1fa-fac6-4c6f-8c6d-9ac7414c70c3:c2221]
2019-07-14 04:23:43,269 INFO  client.GrpcClientProtocolClient (GrpcClientProtocolClient.java:onNext(255)) - client-8DB4338F17D0->b5da6a4a-1459-46a4-9479-d2035163dbe2: receive RaftClientReply:client-8DB4338F17D0->b5da6a4a-1459-46a4-9479-d2035163dbe2@group-4A9565783204, cid=1554, SUCCESS, logIndex=2223, commits[b5da6a4a-1459-46a4-9479-d2035163dbe2:c2223, 69c25b61-d669-4f17-b36d-41bca3df1f31:c2221, d2a7b1fa-fac6-4c6f-8c6d-9ac7414c70c3:c2221]
2019-07-14 04:23:43,272 INFO  client.GrpcClientProtocolClient (GrpcClientProtocolClient.java:onNext(255)) - client-8DB4338F17D0->b5da6a4a-1459-46a4-9479-d2035163dbe2: receive RaftClientReply:client-8DB4338F17D0->b5da6a4a-1459-46a4-9479-d2035163dbe2@group-4A9565783204, cid=1555, SUCCESS, logIndex=0, commits[b5da6a4a-1459-46a4-9479-d2035163dbe2:c2224, 69c25b61-d669-4f17-b36d-41bca3df1f31:c2223, d2a7b1fa-fac6-4c6f-8c6d-9ac7414c70c3:c2223]
2019-07-14 04:23:43,298 INFO  client.GrpcClientProtocolClient (GrpcClientProtocolClient.java:onNext(255)) - client-8DB4338F17D0->b5da6a4a-1459-46a4-9479-d2035163dbe2: receive RaftClientReply:client-8DB4338F17D0->b5da6a4a-1459-46a4-9479-d2035163dbe2@group-4A9565783204, cid=1556, SUCCESS, logIndex=2226, commits[b5da6a4a-1459-46a4-9479-d2035163dbe2:c2227, 69c25b61-d669-4f17-b36d-41bca3df1f31:c2223, d2a7b1fa-fac6-4c6f-8c6d-9ac7414c70c3:c2225]
2019-07-14 04:23:43,302 INFO  client.GrpcClientProtocolClient (GrpcClientProtocolClient.java:onNext(255)) - client-8DB4338F17D0->b5da6a4a-1459-46a4-9479-d2035163dbe2: receive RaftClientReply:client-8DB4338F17D0->b5da6a4a-1459-46a4-9479-d2035163dbe2@group-4A9565783204, cid=1557, SUCCESS, logIndex=2227, commits[b5da6a4a-1459-46a4-9479-d2035163dbe2:c2227, 69c25b61-d669-4f17-b36d-41bca3df1f31:c2225, d2a7b1fa-fac6-4c6f-8c6d-9ac7414c70c3:c2225]
2019-07-14 04:23:43,310 INFO  client.GrpcClientProtocolClient (GrpcClientProtocolClient.java:onNext(255)) - client-8DB4338F17D0->b5da6a4a-1459-46a4-9479-d2035163dbe2: receive RaftClientReply:client-8DB4338F17D0->b5da6a4a-1459-46a4-9479-d2035163dbe2@group-4A9565783204, cid=1558, SUCCESS, logIndex=2228, commits[b5da6a4a-1459-46a4-9479-d2035163dbe2:c2229, 69c25b61-d669-4f17-b36d-41bca3df1f31:c2225, d2a7b1fa-fac6-4c6f-8c6d-9ac7414c70c3:c2225]
2019-07-14 04:23:43,311 INFO  client.GrpcClientProtocolClient (GrpcClientProtocolClient.java:onNext(255)) - client-8DB4338F17D0->b5da6a4a-1459-46a4-9479-d2035163dbe2: receive RaftClientReply:client-8DB4338F17D0->b5da6a4a-1459-46a4-9479-d2035163dbe2@group-4A9565783204, cid=1559, SUCCESS, logIndex=2229, commits[b5da6a4a-1459-46a4-9479-d2035163dbe2:c2231, 69c25b61-d669-4f17-b36d-41bca3df1f31:c2227, d2a7b1fa-fac6-4c6f-8c6d-9ac7414c70c3:c2227]
2019-07-14 04:23:43,324 INFO  client.GrpcClientProtocolClient (GrpcClientProtocolClient.java:onNext(255)) - client-8DB4338F17D0->b5da6a4a-1459-46a4-9479-d2035163dbe2: receive RaftClientReply:client-8DB4338F17D0->b5da6a4a-1459-46a4-9479-d2035163dbe2@group-4A9565783204, cid=1560, SUCCESS, logIndex=2234, commits[b5da6a4a-1459-46a4-9479-d2035163dbe2:c2235, 69c25b61-d669-4f17-b36d-41bca3df1f31:c2228, d2a7b1fa-fac6-4c6f-8c6d-9ac7414c70c3:c2231]
2019-07-14 04:23:43,325 INFO  client.GrpcClientProtocolClient (GrpcClientProtocolClient.java:onNext(255)) - client-8DB4338F17D0->b5da6a4a-1459-46a4-9479-d2035163dbe2: receive RaftClientReply:client-8DB4338F17D0->b5da6a4a-1459-46a4-9479-d2035163dbe2@group-4A9565783204, cid=1561, SUCCESS, logIndex=2235, commits[b5da6a4a-1459-46a4-9479-d2035163dbe2:c2235, 69c25b61-d669-4f17-b36d-41bca3df1f31:c2228, d2a7b1fa-fac6-4c6f-8c6d-9ac7414c70c3:c2231]
2019-07-14 04:23:43,326 INFO  client.GrpcClientProtocolClient (GrpcClientProtocolClient.java:onNext(255)) - client-8DB4338F17D0->b5da6a4a-1459-46a4-9479-d2035163dbe2: receive RaftClientReply:client-8DB4338F17D0->b5da6a4a-1459-46a4-9479-d2035163dbe2@group-4A9565783204, cid=1562, SUCCESS, logIndex=0, commits[b5da6a4a-1459-46a4-9479-d2035163dbe2:c2235, 69c25b61-d669-4f17-b36d-41bca3df1f31:c2231, d2a7b1fa-fac6-4c6f-8c6d-9ac7414c70c3:c2231]
2019-07-14 04:23:43,348 INFO  client.GrpcClientProtocolClient (GrpcClientProtocolClient.java:onNext(255)) - client-8DB4338F17D0->b5da6a4a-1459-46a4-9479-d2035163dbe2: receive RaftClientReply:client-8DB4338F17D0->b5da6a4a-1459-46a4-9479-d2035163dbe2@group-4A9565783204, cid=1563, SUCCESS, logIndex=2238, commits[b5da6a4a-1459-46a4-9479-d2035163dbe2:c2239, 69c25b61-d669-4f17-b36d-41bca3df1f31:c2235, d2a7b1fa-fac6-4c6f-8c6d-9ac7414c70c3:c2237]
2019-07-14 04:23:43,349 INFO  client.GrpcClientProtocolClient (GrpcClientProtocolClient.java:onNext(255)) - client-8DB4338F17D0->b5da6a4a-1459-46a4-9479-d2035163dbe2: receive RaftClientReply:client-8DB4338F17D0->b5da6a4a-1459-46a4-9479-d2035163dbe2@group-4A9565783204, cid=1564, SUCCESS, logIndex=2239, commits[b5da6a4a-1459-46a4-9479-d2035163dbe2:c2239, 69c25b61-d669-4f17-b36d-41bca3df1f31:c2237, d2a7b1fa-fac6-4c6f-8c6d-9ac7414c70c3:c2237]
2019-07-14 04:23:43,353 INFO  client.GrpcClientProtocolClient (GrpcClientProtocolClient.java:onNext(255)) - client-8DB4338F17D0->b5da6a4a-1459-46a4-9479-d2035163dbe2: receive RaftClientReply:client-8DB4338F17D0->b5da6a4a-1459-46a4-9479-d2035163dbe2@group-4A9565783204, cid=1565, SUCCESS, logIndex=0, commits[b5da6a4a-1459-46a4-9479-d2035163dbe2:c2241, 69c25b61-d669-4f17-b36d-41bca3df1f31:c2239, d2a7b1fa-fac6-4c6f-8c6d-9ac7414c70c3:c2239]
2019-07-14 04:23:43,374 INFO  client.GrpcClientProtocolClient (GrpcClientProtocolClient.java:onNext(255)) - client-8DB4338F17D0->b5da6a4a-1459-46a4-9479-d2035163dbe2: receive RaftClientReply:client-8DB4338F17D0->b5da6a4a-1459-46a4-9479-d2035163dbe2@group-4A9565783204, cid=1566, SUCCESS, logIndex=2242, commits[b5da6a4a-1459-46a4-9479-d2035163dbe2:c2243, 69c25b61-d669-4f17-b36d-41bca3df1f31:c2239, d2a7b1fa-fac6-4c6f-8c6d-9ac7414c70c3:c2241]
2019-07-14 04:23:43,375 INFO  client.GrpcClientProtocolClient (GrpcClientProtocolClient.java:onNext(255)) - client-8DB4338F17D0->b5da6a4a-1459-46a4-9479-d2035163dbe2: receive RaftClientReply:client-8DB4338F17D0->b5da6a4a-1459-46a4-9479-d2035163dbe2@group-4A9565783204, cid=1567, SUCCESS, logIndex=2243, commits[b5da6a4a-1459-46a4-9479-d2035163dbe2:c2243, 69c25b61-d669-4f17-b36d-41bca3df1f31:c2239, d2a7b1fa-fac6-4c6f-8c6d-9ac7414c70c3:c2241]
2019-07-14 04:23:43,378 INFO  client.GrpcClientProtocolClient (GrpcClientProtocolClient.java:onNext(255)) - client-8DB4338F17D0->b5da6a4a-1459-46a4-9479-d2035163dbe2: receive RaftClientReply:client-8DB4338F17D0->b5da6a4a-1459-46a4-9479-d2035163dbe2@group-4A9565783204, cid=1568, SUCCESS, logIndex=2244, commits[b5da6a4a-1459-46a4-9479-d2035163dbe2:c2246, 69c25b61-d669-4f17-b36d-41bca3df1f31:c2241, d2a7b1fa-fac6-4c6f-8c6d-9ac7414c70c3:c2243]
2019-07-14 04:23:43,379 INFO  client.GrpcClientProtocolClient (GrpcClientProtocolClient.java:onNext(255)) - client-8DB4338F17D0->b5da6a4a-1459-46a4-9479-d2035163dbe2: receive RaftClientReply:client-8DB4338F17D0->b5da6a4a-1459-46a4-9479-d2035163dbe2@group-4A9565783204, cid=1569, SUCCESS, logIndex=2245, commits[b5da6a4a-1459-46a4-9479-d2035163dbe2:c2247, 69c25b61-d669-4f17-b36d-41bca3df1f31:c2241, d2a7b1fa-fac6-4c6f-8c6d-9ac7414c70c3:c2243]
2019-07-14 04:23:43,380 INFO  client.GrpcClientProtocolClient (GrpcClientProtocolClient.java:onNext(255)) - client-8DB4338F17D0->b5da6a4a-1459-46a4-9479-d2035163dbe2: receive RaftClientReply:client-8DB4338F17D0->b5da6a4a-1459-46a4-9479-d2035163dbe2@group-4A9565783204, cid=1570, SUCCESS, logIndex=0, commits[b5da6a4a-1459-46a4-9479-d2035163dbe2:c2247, 69c25b61-d669-4f17-b36d-41bca3df1f31:c2243, d2a7b1fa-fac6-4c6f-8c6d-9ac7414c70c3:c2243]
2019-07-14 04:23:43,395 INFO  client.GrpcClientProtocolClient (GrpcClientProtocolClient.java:onNext(255)) - client-8DB4338F17D0->b5da6a4a-1459-46a4-9479-d2035163dbe2: receive RaftClientReply:client-8DB4338F17D0->b5da6a4a-1459-46a4-9479-d2035163dbe2@group-4A9565783204, cid=1571, SUCCESS, logIndex=2250, commits[b5da6a4a-1459-46a4-9479-d2035163dbe2:c2251, 69c25b61-d669-4f17-b36d-41bca3df1f31:c2249, d2a7b1fa-fac6-4c6f-8c6d-9ac7414c70c3:c2249]
2019-07-14 04:23:43,395 INFO  client.GrpcClientProtocolClient (GrpcClientProtocolClient.java:onNext(255)) - client-8DB4338F17D0->b5da6a4a-1459-46a4-9479-d2035163dbe2: receive RaftClientReply:client-8DB4338F17D0->b5da6a4a-1459-46a4-9479-d2035163dbe2@group-4A9565783204, cid=1572, SUCCESS, logIndex=2251, commits[b5da6a4a-1459-46a4-9479-d2035163dbe2:c2251, 69c25b61-d669-4f17-b36d-41bca3df1f31:c2249, d2a7b1fa-fac6-4c6f-8c6d-9ac7414c70c3:c2249]
2019-07-14 04:23:43,415 INFO  client.GrpcClientProtocolClient (GrpcClientProtocolClient.java:onNext(255)) - client-8DB4338F17D0->b5da6a4a-1459-46a4-9479-d2035163dbe2: receive RaftClientReply:client-8DB4338F17D0->b5da6a4a-1459-46a4-9479-d2035163dbe2@group-4A9565783204, cid=1573, SUCCESS, logIndex=2254, commits[b5da6a4a-1459-46a4-9479-d2035163dbe2:c2255, 69c25b61-d669-4f17-b36d-41bca3df1f31:c2253, d2a7b1fa-fac6-4c6f-8c6d-9ac7414c70c3:c2253]
2019-07-14 04:23:43,415 INFO  client.GrpcClientProtocolClient (GrpcClientProtocolClient.java:onNext(255)) - client-8DB4338F17D0->b5da6a4a-1459-46a4-9479-d2035163dbe2: receive RaftClientReply:client-8DB4338F17D0->b5da6a4a-1459-46a4-9479-d2035163dbe2@group-4A9565783204, cid=1574, SUCCESS, logIndex=2255, commits[b5da6a4a-1459-46a4-9479-d2035163dbe2:c2255, 69c25b61-d669-4f17-b36d-41bca3df1f31:c2253, d2a7b1fa-fac6-4c6f-8c6d-9ac7414c70c3:c2253]
2019-07-14 04:23:43,428 INFO  client.GrpcClientProtocolClient (GrpcClientProtocolClient.java:onNext(255)) - client-8DB4338F17D0->b5da6a4a-1459-46a4-9479-d2035163dbe2: receive RaftClientReply:client-8DB4338F17D0->b5da6a4a-1459-46a4-9479-d2035163dbe2@group-4A9565783204, cid=1575, SUCCESS, logIndex=0, commits[b5da6a4a-1459-46a4-9479-d2035163dbe2:c2256, 69c25b61-d669-4f17-b36d-41bca3df1f31:c2255, d2a7b1fa-fac6-4c6f-8c6d-9ac7414c70c3:c2255]
2019-07-14 04:23:43,456 INFO  client.GrpcClientProtocolClient (GrpcClientProtocolClient.java:onNext(255)) - client-8DB4338F17D0->b5da6a4a-1459-46a4-9479-d2035163dbe2: receive RaftClientReply:client-8DB4338F17D0->b5da6a4a-1459-46a4-9479-d2035163dbe2@group-4A9565783204, cid=1576, SUCCESS, logIndex=2258, commits[b5da6a4a-1459-46a4-9479-d2035163dbe2:c2260, 69c25b61-d669-4f17-b36d-41bca3df1f31:c2257, d2a7b1fa-fac6-4c6f-8c6d-9ac7414c70c3:c2257]
2019-07-14 04:23:43,457 INFO  client.GrpcClientProtocolClient (GrpcClientProtocolClient.java:onNext(255)) - client-8DB4338F17D0->b5da6a4a-1459-46a4-9479-d2035163dbe2: receive RaftClientReply:client-8DB4338F17D0->b5da6a4a-1459-46a4-9479-d2035163dbe2@group-4A9565783204, cid=1577, SUCCESS, logIndex=2259, commits[b5da6a4a-1459-46a4-9479-d2035163dbe2:c2261, 69c25b61-d669-4f17-b36d-41bca3df1f31:c2257, d2a7b1fa-fac6-4c6f-8c6d-9ac7414c70c3:c2257]
2019-07-14 04:23:43,457 INFO  client.GrpcClientProtocolClient (GrpcClientProtocolClient.java:onNext(255)) - client-8DB4338F17D0->b5da6a4a-1459-46a4-9479-d2035163dbe2: receive RaftClientReply:client-8DB4338F17D0->b5da6a4a-1459-46a4-9479-d2035163dbe2@group-4A9565783204, cid=1578, SUCCESS, logIndex=2260, commits[b5da6a4a-1459-46a4-9479-d2035163dbe2:c2261, 69c25b61-d669-4f17-b36d-41bca3df1f31:c2257, d2a7b1fa-fac6-4c6f-8c6d-9ac7414c70c3:c2257]
2019-07-14 04:23:43,457 INFO  client.GrpcClientProtocolClient (GrpcClientProtocolClient.java:onNext(255)) - client-8DB4338F17D0->b5da6a4a-1459-46a4-9479-d2035163dbe2: receive RaftClientReply:client-8DB4338F17D0->b5da6a4a-1459-46a4-9479-d2035163dbe2@group-4A9565783204, cid=1579, SUCCESS, logIndex=2261, commits[b5da6a4a-1459-46a4-9479-d2035163dbe2:c2261, 69c25b61-d669-4f17-b36d-41bca3df1f31:c2257, d2a7b1fa-fac6-4c6f-8c6d-9ac7414c70c3:c2257]
2019-07-14 04:23:43,460 INFO  client.GrpcClientProtocolClient (GrpcClientProtocolClient.java:onNext(255)) - client-8DB4338F17D0->b5da6a4a-1459-46a4-9479-d2035163dbe2: receive RaftClientReply:client-8DB4338F17D0->b5da6a4a-1459-46a4-9479-d2035163dbe2@group-4A9565783204, cid=1580, SUCCESS, logIndex=0, commits[b5da6a4a-1459-46a4-9479-d2035163dbe2:c2262, 69c25b61-d669-4f17-b36d-41bca3df1f31:c2259, d2a7b1fa-fac6-4c6f-8c6d-9ac7414c70c3:c2259]
2019-07-14 04:23:43,480 INFO  client.GrpcClientProtocolClient (GrpcClientProtocolClient.java:onNext(255)) - client-8DB4338F17D0->b5da6a4a-1459-46a4-9479-d2035163dbe2: receive RaftClientReply:client-8DB4338F17D0->b5da6a4a-1459-46a4-9479-d2035163dbe2@group-4A9565783204, cid=1581, SUCCESS, logIndex=2266, commits[b5da6a4a-1459-46a4-9479-d2035163dbe2:c2267, 69c25b61-d669-4f17-b36d-41bca3df1f31:c2265, d2a7b1fa-fac6-4c6f-8c6d-9ac7414c70c3:c2265]
2019-07-14 04:23:43,481 INFO  client.GrpcClientProtocolClient (GrpcClientProtocolClient.java:onNext(255)) - client-8DB4338F17D0->b5da6a4a-1459-46a4-9479-d2035163dbe2: receive RaftClientReply:client-8DB4338F17D0->b5da6a4a-1459-46a4-9479-d2035163dbe2@group-4A9565783204, cid=1582, SUCCESS, logIndex=2267, commits[b5da6a4a-1459-46a4-9479-d2035163dbe2:c2267, 69c25b61-d669-4f17-b36d-41bca3df1f31:c2265, d2a7b1fa-fac6-4c6f-8c6d-9ac7414c70c3:c2265]
2019-07-14 04:23:43,491 INFO  client.GrpcClientProtocolClient (GrpcClientProtocolClient.java:onNext(255)) - client-8DB4338F17D0->b5da6a4a-1459-46a4-9479-d2035163dbe2: receive RaftClientReply:client-8DB4338F17D0->b5da6a4a-1459-46a4-9479-d2035163dbe2@group-4A9565783204, cid=1583, SUCCESS, logIndex=2270, commits[b5da6a4a-1459-46a4-9479-d2035163dbe2:c2271, 69c25b61-d669-4f17-b36d-41bca3df1f31:c2267, d2a7b1fa-fac6-4c6f-8c6d-9ac7414c70c3:c2269]
2019-07-14 04:23:43,491 INFO  client.GrpcClientProtocolClient (GrpcClientProtocolClient.java:onNext(255)) - client-8DB4338F17D0->b5da6a4a-1459-46a4-9479-d2035163dbe2: receive RaftClientReply:client-8DB4338F17D0->b5da6a4a-1459-46a4-9479-d2035163dbe2@group-4A9565783204, cid=1584, SUCCESS, logIndex=2271, commits[b5da6a4a-1459-46a4-9479-d2035163dbe2:c2271, 69c25b61-d669-4f17-b36d-41bca3df1f31:c2269, d2a7b1fa-fac6-4c6f-8c6d-9ac7414c70c3:c2269]
2019-07-14 04:23:43,497 INFO  client.GrpcClientProtocolClient (GrpcClientProtocolClient.java:onNext(255)) - client-8DB4338F17D0->b5da6a4a-1459-46a4-9479-d2035163dbe2: receive RaftClientReply:client-8DB4338F17D0->b5da6a4a-1459-46a4-9479-d2035163dbe2@group-4A9565783204, cid=1585, SUCCESS, logIndex=0, commits[b5da6a4a-1459-46a4-9479-d2035163dbe2:c2273, 69c25b61-d669-4f17-b36d-41bca3df1f31:c2271, d2a7b1fa-fac6-4c6f-8c6d-9ac7414c70c3:c2271]
2019-07-14 04:23:43,517 INFO  client.GrpcClientProtocolClient (GrpcClientProtocolClient.java:onNext(255)) - client-8DB4338F17D0->b5da6a4a-1459-46a4-9479-d2035163dbe2: receive RaftClientReply:client-8DB4338F17D0->b5da6a4a-1459-46a4-9479-d2035163dbe2@group-4A9565783204, cid=1586, SUCCESS, logIndex=2274, commits[b5da6a4a-1459-46a4-9479-d2035163dbe2:c2275, 69c25b61-d669-4f17-b36d-41bca3df1f31:c2273, d2a7b1fa-fac6-4c6f-8c6d-9ac7414c70c3:c2271]
2019-07-14 04:23:43,518 INFO  client.GrpcClientProtocolClient (GrpcClientProtocolClient.java:onNext(255)) - client-8DB4338F17D0->b5da6a4a-1459-46a4-9479-d2035163dbe2: receive RaftClientReply:client-8DB4338F17D0->b5da6a4a-1459-46a4-9479-d2035163dbe2@group-4A9565783204, cid=1587, SUCCESS, logIndex=2275, commits[b5da6a4a-1459-46a4-9479-d2035163dbe2:c2275, 69c25b61-d669-4f17-b36d-41bca3df1f31:c2273, d2a7b1fa-fac6-4c6f-8c6d-9ac7414c70c3:c2271]
2019-07-14 04:23:43,520 INFO  client.GrpcClientProtocolClient (GrpcClientProtocolClient.java:onNext(255)) - client-8DB4338F17D0->b5da6a4a-1459-46a4-9479-d2035163dbe2: receive RaftClientReply:client-8DB4338F17D0->b5da6a4a-1459-46a4-9479-d2035163dbe2@group-4A9565783204, cid=1588, SUCCESS, logIndex=2276, commits[b5da6a4a-1459-46a4-9479-d2035163dbe2:c2277, 69c25b61-d669-4f17-b36d-41bca3df1f31:c2273, d2a7b1fa-fac6-4c6f-8c6d-9ac7414c70c3:c2273]
2019-07-14 04:23:43,520 INFO  client.GrpcClientProtocolClient (GrpcClientProtocolClient.java:onNext(255)) - client-8DB4338F17D0->b5da6a4a-1459-46a4-9479-d2035163dbe2: receive RaftClientReply:client-8DB4338F17D0->b5da6a4a-1459-46a4-9479-d2035163dbe2@group-4A9565783204, cid=1589, SUCCESS, logIndex=2277, commits[b5da6a4a-1459-46a4-9479-d2035163dbe2:c2279, 69c25b61-d669-4f17-b36d-41bca3df1f31:c2273, d2a7b1fa-fac6-4c6f-8c6d-9ac7414c70c3:c2275]
2019-07-14 04:23:43,522 INFO  client.GrpcClientProtocolClient (GrpcClientProtocolClient.java:onNext(255)) - client-8DB4338F17D0->b5da6a4a-1459-46a4-9479-d2035163dbe2: receive RaftClientReply:client-8DB4338F17D0->b5da6a4a-1459-46a4-9479-d2035163dbe2@group-4A9565783204, cid=1590, SUCCESS, logIndex=0, commits[b5da6a4a-1459-46a4-9479-d2035163dbe2:c2280, 69c25b61-d669-4f17-b36d-41bca3df1f31:c2275, d2a7b1fa-fac6-4c6f-8c6d-9ac7414c70c3:c2276]
2019-07-14 04:23:43,546 INFO  client.GrpcClientProtocolClient (GrpcClientProtocolClient.java:onNext(255)) - client-8DB4338F17D0->b5da6a4a-1459-46a4-9479-d2035163dbe2: receive RaftClientReply:client-8DB4338F17D0->b5da6a4a-1459-46a4-9479-d2035163dbe2@group-4A9565783204, cid=1591, SUCCESS, logIndex=2282, commits[b5da6a4a-1459-46a4-9479-d2035163dbe2:c2283, 69c25b61-d669-4f17-b36d-41bca3df1f31:c2281, d2a7b1fa-fac6-4c6f-8c6d-9ac7414c70c3:c2281]
2019-07-14 04:23:43,546 INFO  client.GrpcClientProtocolClient (GrpcClientProtocolClient.java:onNext(255)) - client-8DB4338F17D0->b5da6a4a-1459-46a4-9479-d2035163dbe2: receive RaftClientReply:client-8DB4338F17D0->b5da6a4a-1459-46a4-9479-d2035163dbe2@group-4A9565783204, cid=1592, SUCCESS, logIndex=2283, commits[b5da6a4a-1459-46a4-9479-d2035163dbe2:c2283, 69c25b61-d669-4f17-b36d-41bca3df1f31:c2281, d2a7b1fa-fac6-4c6f-8c6d-9ac7414c70c3:c2281]
2019-07-14 04:23:43,565 INFO  client.GrpcClientProtocolClient (GrpcClientProtocolClient.java:onNext(255)) - client-8DB4338F17D0->b5da6a4a-1459-46a4-9479-d2035163dbe2: receive RaftClientReply:client-8DB4338F17D0->b5da6a4a-1459-46a4-9479-d2035163dbe2@group-4A9565783204, cid=1593, SUCCESS, logIndex=2286, commits[b5da6a4a-1459-46a4-9479-d2035163dbe2:c2287, 69c25b61-d669-4f17-b36d-41bca3df1f31:c2285, d2a7b1fa-fac6-4c6f-8c6d-9ac7414c70c3:c2285]
2019-07-14 04:23:43,565 INFO  client.GrpcClientProtocolClient (GrpcClientProtocolClient.java:onNext(255)) - client-8DB4338F17D0->b5da6a4a-1459-46a4-9479-d2035163dbe2: receive RaftClientReply:client-8DB4338F17D0->b5da6a4a-1459-46a4-9479-d2035163dbe2@group-4A9565783204, cid=1594, SUCCESS, logIndex=2287, commits[b5da6a4a-1459-46a4-9479-d2035163dbe2:c2287, 69c25b61-d669-4f17-b36d-41bca3df1f31:c2285, d2a7b1fa-fac6-4c6f-8c6d-9ac7414c70c3:c2285]
2019-07-14 04:23:43,569 INFO  client.GrpcClientProtocolClient (GrpcClientProtocolClient.java:onNext(255)) - client-8DB4338F17D0->b5da6a4a-1459-46a4-9479-d2035163dbe2: receive RaftClientReply:client-8DB4338F17D0->b5da6a4a-1459-46a4-9479-d2035163dbe2@group-4A9565783204, cid=1595, SUCCESS, logIndex=0, commits[b5da6a4a-1459-46a4-9479-d2035163dbe2:c2288, 69c25b61-d669-4f17-b36d-41bca3df1f31:c2287, d2a7b1fa-fac6-4c6f-8c6d-9ac7414c70c3:c2287]
2019-07-14 04:23:43,594 INFO  client.GrpcClientProtocolClient (GrpcClientProtocolClient.java:onNext(255)) - client-8DB4338F17D0->b5da6a4a-1459-46a4-9479-d2035163dbe2: receive RaftClientReply:client-8DB4338F17D0->b5da6a4a-1459-46a4-9479-d2035163dbe2@group-4A9565783204, cid=1596, SUCCESS, logIndex=2290, commits[b5da6a4a-1459-46a4-9479-d2035163dbe2:c2291, 69c25b61-d669-4f17-b36d-41bca3df1f31:c2289, d2a7b1fa-fac6-4c6f-8c6d-9ac7414c70c3:c2289]
2019-07-14 04:23:43,594 INFO  client.GrpcClientProtocolClient (GrpcClientProtocolClient.java:onNext(255)) - client-8DB4338F17D0->b5da6a4a-1459-46a4-9479-d2035163dbe2: receive RaftClientReply:client-8DB4338F17D0->b5da6a4a-1459-46a4-9479-d2035163dbe2@group-4A9565783204, cid=1597, SUCCESS, logIndex=2291, commits[b5da6a4a-1459-46a4-9479-d2035163dbe2:c2293, 69c25b61-d669-4f17-b36d-41bca3df1f31:c2289, d2a7b1fa-fac6-4c6f-8c6d-9ac7414c70c3:c2289]
2019-07-14 04:23:43,595 INFO  client.GrpcClientProtocolClient (GrpcClientProtocolClient.java:onNext(255)) - client-8DB4338F17D0->b5da6a4a-1459-46a4-9479-d2035163dbe2: receive RaftClientReply:client-8DB4338F17D0->b5da6a4a-1459-46a4-9479-d2035163dbe2@group-4A9565783204, cid=1598, SUCCESS, logIndex=2292, commits[b5da6a4a-1459-46a4-9479-d2035163dbe2:c2293, 69c25b61-d669-4f17-b36d-41bca3df1f31:c2289, d2a7b1fa-fac6-4c6f-8c6d-9ac7414c70c3:c2289]
2019-07-14 04:23:43,595 INFO  client.GrpcClientProtocolClient (GrpcClientProtocolClient.java:onNext(255)) - client-8DB4338F17D0->b5da6a4a-1459-46a4-9479-d2035163dbe2: receive RaftClientReply:client-8DB4338F17D0->b5da6a4a-1459-46a4-9479-d2035163dbe2@group-4A9565783204, cid=1599, SUCCESS, logIndex=2293, commits[b5da6a4a-1459-46a4-9479-d2035163dbe2:c2294, 69c25b61-d669-4f17-b36d-41bca3df1f31:c2290, d2a7b1fa-fac6-4c6f-8c6d-9ac7414c70c3:c2289]
2019-07-14 04:23:43,598 INFO  client.GrpcClientProtocolClient (GrpcClientProtocolClient.java:onNext(255)) - client-8DB4338F17D0->b5da6a4a-1459-46a4-9479-d2035163dbe2: receive RaftClientReply:client-8DB4338F17D0->b5da6a4a-1459-46a4-9479-d2035163dbe2@group-4A9565783204, cid=1600, SUCCESS, logIndex=0, commits[b5da6a4a-1459-46a4-9479-d2035163dbe2:c2296, 69c25b61-d669-4f17-b36d-41bca3df1f31:c2291, d2a7b1fa-fac6-4c6f-8c6d-9ac7414c70c3:c2292]
2019-07-14 04:23:43,617 INFO  client.GrpcClientProtocolClient (GrpcClientProtocolClient.java:onNext(255)) - client-8DB4338F17D0->b5da6a4a-1459-46a4-9479-d2035163dbe2: receive RaftClientReply:client-8DB4338F17D0->b5da6a4a-1459-46a4-9479-d2035163dbe2@group-4A9565783204, cid=1601, SUCCESS, logIndex=2298, commits[b5da6a4a-1459-46a4-9479-d2035163dbe2:c2299, 69c25b61-d669-4f17-b36d-41bca3df1f31:c2297, d2a7b1fa-fac6-4c6f-8c6d-9ac7414c70c3:c2297]
2019-07-14 04:23:43,617 INFO  client.GrpcClientProtocolClient (GrpcClientProtocolClient.java:onNext(255)) - client-8DB4338F17D0->b5da6a4a-1459-46a4-9479-d2035163dbe2: receive RaftClientReply:client-8DB4338F17D0->b5da6a4a-1459-46a4-9479-d2035163dbe2@group-4A9565783204, cid=1602, SUCCESS, logIndex=2299, commits[b5da6a4a-1459-46a4-9479-d2035163dbe2:c2299, 69c25b61-d669-4f17-b36d-41bca3df1f31:c2297, d2a7b1fa-fac6-4c6f-8c6d-9ac7414c70c3:c2297]
2019-07-14 04:23:43,629 INFO  client.GrpcClientProtocolClient (GrpcClientProtocolClient.java:onNext(255)) - client-8DB4338F17D0->b5da6a4a-1459-46a4-9479-d2035163dbe2: receive RaftClientReply:client-8DB4338F17D0->b5da6a4a-1459-46a4-9479-d2035163dbe2@group-4A9565783204, cid=1603, SUCCESS, logIndex=2302, commits[b5da6a4a-1459-46a4-9479-d2035163dbe2:c2303, 69c25b61-d669-4f17-b36d-41bca3df1f31:c2298, d2a7b1fa-fac6-4c6f-8c6d-9ac7414c70c3:c2299]
2019-07-14 04:23:43,629 INFO  client.GrpcClientProtocolClient (GrpcClientProtocolClient.java:onNext(255)) - client-8DB4338F17D0->b5da6a4a-1459-46a4-9479-d2035163dbe2: receive RaftClientReply:client-8DB4338F17D0->b5da6a4a-1459-46a4-9479-d2035163dbe2@group-4A9565783204, cid=1604, SUCCESS, logIndex=2303, commits[b5da6a4a-1459-46a4-9479-d2035163dbe2:c2303, 69c25b61-d669-4f17-b36d-41bca3df1f31:c2299, d2a7b1fa-fac6-4c6f-8c6d-9ac7414c70c3:c2299]
2019-07-14 04:23:43,642 INFO  client.GrpcClientProtocolClient (GrpcClientProtocolClient.java:onNext(255)) - client-8DB4338F17D0->b5da6a4a-1459-46a4-9479-d2035163dbe2: receive RaftClientReply:client-8DB4338F17D0->b5da6a4a-1459-46a4-9479-d2035163dbe2@group-4A9565783204, cid=1605, SUCCESS, logIndex=0, commits[b5da6a4a-1459-46a4-9479-d2035163dbe2:c2304, 69c25b61-d669-4f17-b36d-41bca3df1f31:c2303, d2a7b1fa-fac6-4c6f-8c6d-9ac7414c70c3:c2303]
2019-07-14 04:23:43,672 INFO  client.GrpcClientProtocolClient (GrpcClientProtocolClient.java:onNext(255)) - client-8DB4338F17D0->b5da6a4a-1459-46a4-9479-d2035163dbe2: receive RaftClientReply:client-8DB4338F17D0->b5da6a4a-1459-46a4-9479-d2035163dbe2@group-4A9565783204, cid=1606, SUCCESS, logIndex=2306, commits[b5da6a4a-1459-46a4-9479-d2035163dbe2:c2308, 69c25b61-d669-4f17-b36d-41bca3df1f31:c2305, d2a7b1fa-fac6-4c6f-8c6d-9ac7414c70c3:c2305]
2019-07-14 04:23:43,673 INFO  client.GrpcClientProtocolClient (GrpcClientProtocolClient.java:onNext(255)) - client-8DB4338F17D0->b5da6a4a-1459-46a4-9479-d2035163dbe2: receive RaftClientReply:client-8DB4338F17D0->b5da6a4a-1459-46a4-9479-d2035163dbe2@group-4A9565783204, cid=1607, SUCCESS, logIndex=2307, commits[b5da6a4a-1459-46a4-9479-d2035163dbe2:c2309, 69c25b61-d669-4f17-b36d-41bca3df1f31:c2305, d2a7b1fa-fac6-4c6f-8c6d-9ac7414c70c3:c2305]
2019-07-14 04:23:43,673 INFO  client.GrpcClientProtocolClient (GrpcClientProtocolClient.java:onNext(255)) - client-8DB4338F17D0->b5da6a4a-1459-46a4-9479-d2035163dbe2: receive RaftClientReply:client-8DB4338F17D0->b5da6a4a-1459-46a4-9479-d2035163dbe2@group-4A9565783204, cid=1608, SUCCESS, logIndex=2308, commits[b5da6a4a-1459-46a4-9479-d2035163dbe2:c2309, 69c25b61-d669-4f17-b36d-41bca3df1f31:c2305, d2a7b1fa-fac6-4c6f-8c6d-9ac7414c70c3:c2305]
2019-07-14 04:23:43,673 INFO  client.GrpcClientProtocolClient (GrpcClientProtocolClient.java:onNext(255)) - client-8DB4338F17D0->b5da6a4a-1459-46a4-9479-d2035163dbe2: receive RaftClientReply:client-8DB4338F17D0->b5da6a4a-1459-46a4-9479-d2035163dbe2@group-4A9565783204, cid=1609, SUCCESS, logIndex=2309, commits[b5da6a4a-1459-46a4-9479-d2035163dbe2:c2309, 69c25b61-d669-4f17-b36d-41bca3df1f31:c2305, d2a7b1fa-fac6-4c6f-8c6d-9ac7414c70c3:c2305]
2019-07-14 04:23:43,682 INFO  client.GrpcClientProtocolClient (GrpcClientProtocolClient.java:onNext(255)) - client-8DB4338F17D0->b5da6a4a-1459-46a4-9479-d2035163dbe2: receive RaftClientReply:client-8DB4338F17D0->b5da6a4a-1459-46a4-9479-d2035163dbe2@group-4A9565783204, cid=1610, SUCCESS, logIndex=0, commits[b5da6a4a-1459-46a4-9479-d2035163dbe2:c2313, 69c25b61-d669-4f17-b36d-41bca3df1f31:c2307, d2a7b1fa-fac6-4c6f-8c6d-9ac7414c70c3:c2309]
2019-07-14 04:23:43,703 INFO  client.GrpcClientProtocolClient (GrpcClientProtocolClient.java:onNext(255)) - client-8DB4338F17D0->b5da6a4a-1459-46a4-9479-d2035163dbe2: receive RaftClientReply:client-8DB4338F17D0->b5da6a4a-1459-46a4-9479-d2035163dbe2@group-4A9565783204, cid=1611, SUCCESS, logIndex=2314, commits[b5da6a4a-1459-46a4-9479-d2035163dbe2:c2315, 69c25b61-d669-4f17-b36d-41bca3df1f31:c2313, d2a7b1fa-fac6-4c6f-8c6d-9ac7414c70c3:c2313]
2019-07-14 04:23:43,703 INFO  client.GrpcClientProtocolClient (GrpcClientProtocolClient.java:onNext(255)) - client-8DB4338F17D0->b5da6a4a-1459-46a4-9479-d2035163dbe2: receive RaftClientReply:client-8DB4338F17D0->b5da6a4a-1459-46a4-9479-d2035163dbe2@group-4A9565783204, cid=1612, SUCCESS, logIndex=2315, commits[b5da6a4a-1459-46a4-9479-d2035163dbe2:c2315, 69c25b61-d669-4f17-b36d-41bca3df1f31:c2313, d2a7b1fa-fac6-4c6f-8c6d-9ac7414c70c3:c2313]
2019-07-14 04:23:43,715 INFO  client.GrpcClientProtocolClient (GrpcClientProtocolClient.java:onNext(255)) - client-8DB4338F17D0->b5da6a4a-1459-46a4-9479-d2035163dbe2: receive RaftClientReply:client-8DB4338F17D0->b5da6a4a-1459-46a4-9479-d2035163dbe2@group-4A9565783204, cid=1613, SUCCESS, logIndex=2318, commits[b5da6a4a-1459-46a4-9479-d2035163dbe2:c2319, 69c25b61-d669-4f17-b36d-41bca3df1f31:c2317, d2a7b1fa-fac6-4c6f-8c6d-9ac7414c70c3:c2315]
2019-07-14 04:23:43,715 INFO  client.GrpcClientProtocolClient (GrpcClientProtocolClient.java:onNext(255)) - client-8DB4338F17D0->b5da6a4a-1459-46a4-9479-d2035163dbe2: receive RaftClientReply:client-8DB4338F17D0->b5da6a4a-1459-46a4-9479-d2035163dbe2@group-4A9565783204, cid=1614, SUCCESS, logIndex=2319, commits[b5da6a4a-1459-46a4-9479-d2035163dbe2:c2319, 69c25b61-d669-4f17-b36d-41bca3df1f31:c2317, d2a7b1fa-fac6-4c6f-8c6d-9ac7414c70c3:c2315]
2019-07-14 04:23:43,719 INFO  client.GrpcClientProtocolClient (GrpcClientProtocolClient.java:onNext(255)) - client-8DB4338F17D0->b5da6a4a-1459-46a4-9479-d2035163dbe2: receive RaftClientReply:client-8DB4338F17D0->b5da6a4a-1459-46a4-9479-d2035163dbe2@group-4A9565783204, cid=1615, SUCCESS, logIndex=0, commits[b5da6a4a-1459-46a4-9479-d2035163dbe2:c2320, 69c25b61-d669-4f17-b36d-41bca3df1f31:c2319, d2a7b1fa-fac6-4c6f-8c6d-9ac7414c70c3:c2319]
2019-07-14 04:23:43,849 INFO  client.GrpcClientProtocolClient (GrpcClientProtocolClient.java:onNext(255)) - client-8DB4338F17D0->b5da6a4a-1459-46a4-9479-d2035163dbe2: receive RaftClientReply:client-8DB4338F17D0->b5da6a4a-1459-46a4-9479-d2035163dbe2@group-4A9565783204, cid=1616, SUCCESS, logIndex=2322, commits[b5da6a4a-1459-46a4-9479-d2035163dbe2:c2323, 69c25b61-d669-4f17-b36d-41bca3df1f31:c2319, d2a7b1fa-fac6-4c6f-8c6d-9ac7414c70c3:c2321]
2019-07-14 04:23:43,850 INFO  client.GrpcClientProtocolClient (GrpcClientProtocolClient.java:onNext(255)) - client-8DB4338F17D0->b5da6a4a-1459-46a4-9479-d2035163dbe2: receive RaftClientReply:client-8DB4338F17D0->b5da6a4a-1459-46a4-9479-d2035163dbe2@group-4A9565783204, cid=1617, SUCCESS, logIndex=2323, commits[b5da6a4a-1459-46a4-9479-d2035163dbe2:c2323, 69c25b61-d669-4f17-b36d-41bca3df1f31:c2321, d2a7b1fa-fac6-4c6f-8c6d-9ac7414c70c3:c2321]
2019-07-14 04:23:43,851 INFO  client.GrpcClientProtocolClient (GrpcClientProtocolClient.java:onNext(255)) - client-8DB4338F17D0->b5da6a4a-1459-46a4-9479-d2035163dbe2: receive RaftClientReply:client-8DB4338F17D0->b5da6a4a-1459-46a4-9479-d2035163dbe2@group-4A9565783204, cid=1618, SUCCESS, logIndex=2324, commits[b5da6a4a-1459-46a4-9479-d2035163dbe2:c2324, 69c25b61-d669-4f17-b36d-41bca3df1f31:c2321, d2a7b1fa-fac6-4c6f-8c6d-9ac7414c70c3:c2321]
2019-07-14 04:23:43,851 INFO  client.GrpcClientProtocolClient (GrpcClientProtocolClient.java:onNext(255)) - client-8DB4338F17D0->b5da6a4a-1459-46a4-9479-d2035163dbe2: receive RaftClientReply:client-8DB4338F17D0->b5da6a4a-1459-46a4-9479-d2035163dbe2@group-4A9565783204, cid=1619, SUCCESS, logIndex=2325, commits[b5da6a4a-1459-46a4-9479-d2035163dbe2:c2325, 69c25b61-d669-4f17-b36d-41bca3df1f31:c2321, d2a7b1fa-fac6-4c6f-8c6d-9ac7414c70c3:c2321]
2019-07-14 04:23:43,853 INFO  client.GrpcClientProtocolClient (GrpcClientProtocolClient.java:onNext(255)) - client-8DB4338F17D0->b5da6a4a-1459-46a4-9479-d2035163dbe2: receive RaftClientReply:client-8DB4338F17D0->b5da6a4a-1459-46a4-9479-d2035163dbe2@group-4A9565783204, cid=1620, SUCCESS, logIndex=0, commits[b5da6a4a-1459-46a4-9479-d2035163dbe2:c2327, 69c25b61-d669-4f17-b36d-41bca3df1f31:c2323, d2a7b1fa-fac6-4c6f-8c6d-9ac7414c70c3:c2323]
2019-07-14 04:23:43,870 INFO  client.GrpcClientProtocolClient (GrpcClientProtocolClient.java:onNext(255)) - client-8DB4338F17D0->b5da6a4a-1459-46a4-9479-d2035163dbe2: receive RaftClientReply:client-8DB4338F17D0->b5da6a4a-1459-46a4-9479-d2035163dbe2@group-4A9565783204, cid=1621, SUCCESS, logIndex=2330, commits[b5da6a4a-1459-46a4-9479-d2035163dbe2:c2331, 69c25b61-d669-4f17-b36d-41bca3df1f31:c2329, d2a7b1fa-fac6-4c6f-8c6d-9ac7414c70c3:c2329]
2019-07-14 04:23:43,870 INFO  client.GrpcClientProtocolClient (GrpcClientProtocolClient.java:onNext(255)) - client-8DB4338F17D0->b5da6a4a-1459-46a4-9479-d2035163dbe2: receive RaftClientReply:client-8DB4338F17D0->b5da6a4a-1459-46a4-9479-d2035163dbe2@group-4A9565783204, cid=1622, SUCCESS, logIndex=2331, commits[b5da6a4a-1459-46a4-9479-d2035163dbe2:c2331, 69c25b61-d669-4f17-b36d-41bca3df1f31:c2329, d2a7b1fa-fac6-4c6f-8c6d-9ac7414c70c3:c2329]
2019-07-14 04:23:43,894 INFO  client.GrpcClientProtocolClient (GrpcClientProtocolClient.java:onNext(255)) - client-8DB4338F17D0->b5da6a4a-1459-46a4-9479-d2035163dbe2: receive RaftClientReply:client-8DB4338F17D0->b5da6a4a-1459-46a4-9479-d2035163dbe2@group-4A9565783204, cid=1623, SUCCESS, logIndex=2334, commits[b5da6a4a-1459-46a4-9479-d2035163dbe2:c2335, 69c25b61-d669-4f17-b36d-41bca3df1f31:c2331, d2a7b1fa-fac6-4c6f-8c6d-9ac7414c70c3:c2333]
2019-07-14 04:23:43,894 INFO  client.GrpcClientProtocolClient (GrpcClientProtocolClient.java:onNext(255)) - client-8DB4338F17D0->b5da6a4a-1459-46a4-9479-d2035163dbe2: receive RaftClientReply:client-8DB4338F17D0->b5da6a4a-1459-46a4-9479-d2035163dbe2@group-4A9565783204, cid=1624, SUCCESS, logIndex=2335, commits[b5da6a4a-1459-46a4-9479-d2035163dbe2:c2335, 69c25b61-d669-4f17-b36d-41bca3df1f31:c2333, d2a7b1fa-fac6-4c6f-8c6d-9ac7414c70c3:c2333]
2019-07-14 04:23:43,898 INFO  client.GrpcClientProtocolClient (GrpcClientProtocolClient.java:onNext(255)) - client-8DB4338F17D0->b5da6a4a-1459-46a4-9479-d2035163dbe2: receive RaftClientReply:client-8DB4338F17D0->b5da6a4a-1459-46a4-9479-d2035163dbe2@group-4A9565783204, cid=1625, SUCCESS, logIndex=0, commits[b5da6a4a-1459-46a4-9479-d2035163dbe2:c2337, 69c25b61-d669-4f17-b36d-41bca3df1f31:c2335, d2a7b1fa-fac6-4c6f-8c6d-9ac7414c70c3:c2335]
2019-07-14 04:23:43,928 INFO  client.GrpcClientProtocolClient (GrpcClientProtocolClient.java:onNext(255)) - client-8DB4338F17D0->b5da6a4a-1459-46a4-9479-d2035163dbe2: receive RaftClientReply:client-8DB4338F17D0->b5da6a4a-1459-46a4-9479-d2035163dbe2@group-4A9565783204, cid=1626, SUCCESS, logIndex=2338, commits[b5da6a4a-1459-46a4-9479-d2035163dbe2:c2339, 69c25b61-d669-4f17-b36d-41bca3df1f31:c2337, d2a7b1fa-fac6-4c6f-8c6d-9ac7414c70c3:c2337]
2019-07-14 04:23:43,929 INFO  client.GrpcClientProtocolClient (GrpcClientProtocolClient.java:onNext(255)) - client-8DB4338F17D0->b5da6a4a-1459-46a4-9479-d2035163dbe2: receive RaftClientReply:client-8DB4338F17D0->b5da6a4a-1459-46a4-9479-d2035163dbe2@group-4A9565783204, cid=1627, SUCCESS, logIndex=2339, commits[b5da6a4a-1459-46a4-9479-d2035163dbe2:c2340, 69c25b61-d669-4f17-b36d-41bca3df1f31:c2337, d2a7b1fa-fac6-4c6f-8c6d-9ac7414c70c3:c2337]
2019-07-14 04:23:43,930 INFO  client.GrpcClientProtocolClient (GrpcClientProtocolClient.java:onNext(255)) - client-8DB4338F17D0->b5da6a4a-1459-46a4-9479-d2035163dbe2: receive RaftClientReply:client-8DB4338F17D0->b5da6a4a-1459-46a4-9479-d2035163dbe2@group-4A9565783204, cid=1628, SUCCESS, logIndex=2340, commits[b5da6a4a-1459-46a4-9479-d2035163dbe2:c2341, 69c25b61-d669-4f17-b36d-41bca3df1f31:c2337, d2a7b1fa-fac6-4c6f-8c6d-9ac7414c70c3:c2337]
2019-07-14 04:23:43,930 INFO  client.GrpcClientProtocolClient (GrpcClientProtocolClient.java:onNext(255)) - client-8DB4338F17D0->b5da6a4a-1459-46a4-9479-d2035163dbe2: receive RaftClientReply:client-8DB4338F17D0->b5da6a4a-1459-46a4-9479-d2035163dbe2@group-4A9565783204, cid=1629, SUCCESS, logIndex=2341, commits[b5da6a4a-1459-46a4-9479-d2035163dbe2:c2341, 69c25b61-d669-4f17-b36d-41bca3df1f31:c2337, d2a7b1fa-fac6-4c6f-8c6d-9ac7414c70c3:c2337]
2019-07-14 04:23:43,934 INFO  client.GrpcClientProtocolClient (GrpcClientProtocolClient.java:onNext(255)) - client-8DB4338F17D0->b5da6a4a-1459-46a4-9479-d2035163dbe2: receive RaftClientReply:client-8DB4338F17D0->b5da6a4a-1459-46a4-9479-d2035163dbe2@group-4A9565783204, cid=1630, SUCCESS, logIndex=0, commits[b5da6a4a-1459-46a4-9479-d2035163dbe2:c2343, 69c25b61-d669-4f17-b36d-41bca3df1f31:c2339, d2a7b1fa-fac6-4c6f-8c6d-9ac7414c70c3:c2339]
2019-07-14 04:23:43,955 INFO  client.GrpcClientProtocolClient (GrpcClientProtocolClient.java:onNext(255)) - client-8DB4338F17D0->b5da6a4a-1459-46a4-9479-d2035163dbe2: receive RaftClientReply:client-8DB4338F17D0->b5da6a4a-1459-46a4-9479-d2035163dbe2@group-4A9565783204, cid=1631, SUCCESS, logIndex=2346, commits[b5da6a4a-1459-46a4-9479-d2035163dbe2:c2347, 69c25b61-d669-4f17-b36d-41bca3df1f31:c2345, d2a7b1fa-fac6-4c6f-8c6d-9ac7414c70c3:c2345]
2019-07-14 04:23:43,956 INFO  client.GrpcClientProtocolClient (GrpcClientProtocolClient.java:onNext(255)) - client-8DB4338F17D0->b5da6a4a-1459-46a4-9479-d2035163dbe2: receive RaftClientReply:client-8DB4338F17D0->b5da6a4a-1459-46a4-9479-d2035163dbe2@group-4A9565783204, cid=1632, SUCCESS, logIndex=2347, commits[b5da6a4a-1459-46a4-9479-d2035163dbe2:c2347, 69c25b61-d669-4f17-b36d-41bca3df1f31:c2345, d2a7b1fa-fac6-4c6f-8c6d-9ac7414c70c3:c2345]
2019-07-14 04:23:43,978 INFO  client.GrpcClientProtocolClient (GrpcClientProtocolClient.java:onNext(255)) - client-8DB4338F17D0->b5da6a4a-1459-46a4-9479-d2035163dbe2: receive RaftClientReply:client-8DB4338F17D0->b5da6a4a-1459-46a4-9479-d2035163dbe2@group-4A9565783204, cid=1633, SUCCESS, logIndex=2350, commits[b5da6a4a-1459-46a4-9479-d2035163dbe2:c2351, 69c25b61-d669-4f17-b36d-41bca3df1f31:c2347, d2a7b1fa-fac6-4c6f-8c6d-9ac7414c70c3:c2347]
2019-07-14 04:23:43,978 INFO  client.GrpcClientProtocolClient (GrpcClientProtocolClient.java:onNext(255)) - client-8DB4338F17D0->b5da6a4a-1459-46a4-9479-d2035163dbe2: receive RaftClientReply:client-8DB4338F17D0->b5da6a4a-1459-46a4-9479-d2035163dbe2@group-4A9565783204, cid=1634, SUCCESS, logIndex=2351, commits[b5da6a4a-1459-46a4-9479-d2035163dbe2:c2351, 69c25b61-d669-4f17-b36d-41bca3df1f31:c2347, d2a7b1fa-fac6-4c6f-8c6d-9ac7414c70c3:c2347]
2019-07-14 04:23:43,984 INFO  client.GrpcClientProtocolClient (GrpcClientProtocolClient.java:onNext(255)) - client-8DB4338F17D0->b5da6a4a-1459-46a4-9479-d2035163dbe2: receive RaftClientReply:client-8DB4338F17D0->b5da6a4a-1459-46a4-9479-d2035163dbe2@group-4A9565783204, cid=1635, SUCCESS, logIndex=0, commits[b5da6a4a-1459-46a4-9479-d2035163dbe2:c2353, 69c25b61-d669-4f17-b36d-41bca3df1f31:c2351, d2a7b1fa-fac6-4c6f-8c6d-9ac7414c70c3:c2351]
2019-07-14 04:23:44,013 INFO  client.GrpcClientProtocolClient (GrpcClientProtocolClient.java:onNext(255)) - client-8DB4338F17D0->b5da6a4a-1459-46a4-9479-d2035163dbe2: receive RaftClientReply:client-8DB4338F17D0->b5da6a4a-1459-46a4-9479-d2035163dbe2@group-4A9565783204, cid=1636, SUCCESS, logIndex=2354, commits[b5da6a4a-1459-46a4-9479-d2035163dbe2:c2355, 69c25b61-d669-4f17-b36d-41bca3df1f31:c2353, d2a7b1fa-fac6-4c6f-8c6d-9ac7414c70c3:c2353]
2019-07-14 04:23:44,013 INFO  client.GrpcClientProtocolClient (GrpcClientProtocolClient.java:onNext(255)) - client-8DB4338F17D0->b5da6a4a-1459-46a4-9479-d2035163dbe2: receive RaftClientReply:client-8DB4338F17D0->b5da6a4a-1459-46a4-9479-d2035163dbe2@group-4A9565783204, cid=1637, SUCCESS, logIndex=2355, commits[b5da6a4a-1459-46a4-9479-d2035163dbe2:c2356, 69c25b61-d669-4f17-b36d-41bca3df1f31:c2353, d2a7b1fa-fac6-4c6f-8c6d-9ac7414c70c3:c2353]
2019-07-14 04:23:44,013 INFO  client.GrpcClientProtocolClient (GrpcClientProtocolClient.java:onNext(255)) - client-8DB4338F17D0->b5da6a4a-1459-46a4-9479-d2035163dbe2: receive RaftClientReply:client-8DB4338F17D0->b5da6a4a-1459-46a4-9479-d2035163dbe2@group-4A9565783204, cid=1638, SUCCESS, logIndex=2356, commits[b5da6a4a-1459-46a4-9479-d2035163dbe2:c2357, 69c25b61-d669-4f17-b36d-41bca3df1f31:c2353, d2a7b1fa-fac6-4c6f-8c6d-9ac7414c70c3:c2353]
2019-07-14 04:23:44,014 INFO  client.GrpcClientProtocolClient (GrpcClientProtocolClient.java:onNext(255)) - client-8DB4338F17D0->b5da6a4a-1459-46a4-9479-d2035163dbe2: receive RaftClientReply:client-8DB4338F17D0->b5da6a4a-1459-46a4-9479-d2035163dbe2@group-4A9565783204, cid=1639, SUCCESS, logIndex=2357, commits[b5da6a4a-1459-46a4-9479-d2035163dbe2:c2357, 69c25b61-d669-4f17-b36d-41bca3df1f31:c2353, d2a7b1fa-fac6-4c6f-8c6d-9ac7414c70c3:c2353]
2019-07-14 04:23:44,027 INFO  client.GrpcClientProtocolClient (GrpcClientProtocolClient.java:onNext(255)) - client-8DB4338F17D0->b5da6a4a-1459-46a4-9479-d2035163dbe2: receive RaftClientReply:client-8DB4338F17D0->b5da6a4a-1459-46a4-9479-d2035163dbe2@group-4A9565783204, cid=1640, SUCCESS, logIndex=0, commits[b5da6a4a-1459-46a4-9479-d2035163dbe2:c2359, 69c25b61-d669-4f17-b36d-41bca3df1f31:c2355, d2a7b1fa-fac6-4c6f-8c6d-9ac7414c70c3:c2355]
2019-07-14 04:23:44,046 INFO  client.GrpcClientProtocolClient (GrpcClientProtocolClient.java:onNext(255)) - client-8DB4338F17D0->b5da6a4a-1459-46a4-9479-d2035163dbe2: receive RaftClientReply:client-8DB4338F17D0->b5da6a4a-1459-46a4-9479-d2035163dbe2@group-4A9565783204, cid=1641, SUCCESS, logIndex=2362, commits[b5da6a4a-1459-46a4-9479-d2035163dbe2:c2363, 69c25b61-d669-4f17-b36d-41bca3df1f31:c2361, d2a7b1fa-fac6-4c6f-8c6d-9ac7414c70c3:c2361]
2019-07-14 04:23:44,047 INFO  client.GrpcClientProtocolClient (GrpcClientProtocolClient.java:onNext(255)) - client-8DB4338F17D0->b5da6a4a-1459-46a4-9479-d2035163dbe2: receive RaftClientReply:client-8DB4338F17D0->b5da6a4a-1459-46a4-9479-d2035163dbe2@group-4A9565783204, cid=1642, SUCCESS, logIndex=2363, commits[b5da6a4a-1459-46a4-9479-d2035163dbe2:c2363, 69c25b61-d669-4f17-b36d-41bca3df1f31:c2361, d2a7b1fa-fac6-4c6f-8c6d-9ac7414c70c3:c2361]
2019-07-14 04:23:44,069 INFO  client.GrpcClientProtocolClient (GrpcClientProtocolClient.java:onNext(255)) - client-8DB4338F17D0->b5da6a4a-1459-46a4-9479-d2035163dbe2: receive RaftClientReply:client-8DB4338F17D0->b5da6a4a-1459-46a4-9479-d2035163dbe2@group-4A9565783204, cid=1643, SUCCESS, logIndex=2366, commits[b5da6a4a-1459-46a4-9479-d2035163dbe2:c2367, 69c25b61-d669-4f17-b36d-41bca3df1f31:c2363, d2a7b1fa-fac6-4c6f-8c6d-9ac7414c70c3:c2363]
2019-07-14 04:23:44,070 INFO  client.GrpcClientProtocolClient (GrpcClientProtocolClient.java:onNext(255)) - client-8DB4338F17D0->b5da6a4a-1459-46a4-9479-d2035163dbe2: receive RaftClientReply:client-8DB4338F17D0->b5da6a4a-1459-46a4-9479-d2035163dbe2@group-4A9565783204, cid=1644, SUCCESS, logIndex=2367, commits[b5da6a4a-1459-46a4-9479-d2035163dbe2:c2367, 69c25b61-d669-4f17-b36d-41bca3df1f31:c2363, d2a7b1fa-fac6-4c6f-8c6d-9ac7414c70c3:c2363]
2019-07-14 04:23:44,082 INFO  client.GrpcClientProtocolClient (GrpcClientProtocolClient.java:onNext(255)) - client-8DB4338F17D0->b5da6a4a-1459-46a4-9479-d2035163dbe2: receive RaftClientReply:client-8DB4338F17D0->b5da6a4a-1459-46a4-9479-d2035163dbe2@group-4A9565783204, cid=1645, SUCCESS, logIndex=0, commits[b5da6a4a-1459-46a4-9479-d2035163dbe2:c2368, 69c25b61-d669-4f17-b36d-41bca3df1f31:c2367, d2a7b1fa-fac6-4c6f-8c6d-9ac7414c70c3:c2367]
2019-07-14 04:23:44,103 INFO  client.GrpcClientProtocolClient (GrpcClientProtocolClient.java:onNext(255)) - client-8DB4338F17D0->b5da6a4a-1459-46a4-9479-d2035163dbe2: receive RaftClientReply:client-8DB4338F17D0->b5da6a4a-1459-46a4-9479-d2035163dbe2@group-4A9565783204, cid=1646, SUCCESS, logIndex=2370, commits[b5da6a4a-1459-46a4-9479-d2035163dbe2:c2373, 69c25b61-d669-4f17-b36d-41bca3df1f31:c2369, d2a7b1fa-fac6-4c6f-8c6d-9ac7414c70c3:c2367]
2019-07-14 04:23:44,104 INFO  client.GrpcClientProtocolClient (GrpcClientProtocolClient.java:onNext(255)) - client-8DB4338F17D0->b5da6a4a-1459-46a4-9479-d2035163dbe2: receive RaftClientReply:client-8DB4338F17D0->b5da6a4a-1459-46a4-9479-d2035163dbe2@group-4A9565783204, cid=1647, SUCCESS, logIndex=2371, commits[b5da6a4a-1459-46a4-9479-d2035163dbe2:c2373, 69c25b61-d669-4f17-b36d-41bca3df1f31:c2369, d2a7b1fa-fac6-4c6f-8c6d-9ac7414c70c3:c2367]
2019-07-14 04:23:44,104 INFO  client.GrpcClientProtocolClient (GrpcClientProtocolClient.java:onNext(255)) - client-8DB4338F17D0->b5da6a4a-1459-46a4-9479-d2035163dbe2: receive RaftClientReply:client-8DB4338F17D0->b5da6a4a-1459-46a4-9479-d2035163dbe2@group-4A9565783204, cid=1648, SUCCESS, logIndex=2372, commits[b5da6a4a-1459-46a4-9479-d2035163dbe2:c2373, 69c25b61-d669-4f17-b36d-41bca3df1f31:c2369, d2a7b1fa-fac6-4c6f-8c6d-9ac7414c70c3:c2369]
2019-07-14 04:23:44,105 INFO  client.GrpcClientProtocolClient (GrpcClientProtocolClient.java:onNext(255)) - client-8DB4338F17D0->b5da6a4a-1459-46a4-9479-d2035163dbe2: receive RaftClientReply:client-8DB4338F17D0->b5da6a4a-1459-46a4-9479-d2035163dbe2@group-4A9565783204, cid=1649, SUCCESS, logIndex=2373, commits[b5da6a4a-1459-46a4-9479-d2035163dbe2:c2373, 69c25b61-d669-4f17-b36d-41bca3df1f31:c2369, d2a7b1fa-fac6-4c6f-8c6d-9ac7414c70c3:c2369]
2019-07-14 04:23:44,107 INFO  client.GrpcClientProtocolClient (GrpcClientProtocolClient.java:onNext(255)) - client-8DB4338F17D0->b5da6a4a-1459-46a4-9479-d2035163dbe2: receive RaftClientReply:client-8DB4338F17D0->b5da6a4a-1459-46a4-9479-d2035163dbe2@group-4A9565783204, cid=1650, SUCCESS, logIndex=0, commits[b5da6a4a-1459-46a4-9479-d2035163dbe2:c2374, 69c25b61-d669-4f17-b36d-41bca3df1f31:c2371, d2a7b1fa-fac6-4c6f-8c6d-9ac7414c70c3:c2371]
2019-07-14 04:23:44,127 INFO  client.GrpcClientProtocolClient (GrpcClientProtocolClient.java:onNext(255)) - client-8DB4338F17D0->b5da6a4a-1459-46a4-9479-d2035163dbe2: receive RaftClientReply:client-8DB4338F17D0->b5da6a4a-1459-46a4-9479-d2035163dbe2@group-4A9565783204, cid=1651, SUCCESS, logIndex=2378, commits[b5da6a4a-1459-46a4-9479-d2035163dbe2:c2379, 69c25b61-d669-4f17-b36d-41bca3df1f31:c2377, d2a7b1fa-fac6-4c6f-8c6d-9ac7414c70c3:c2377]
2019-07-14 04:23:44,128 INFO  client.GrpcClientProtocolClient (GrpcClientProtocolClient.java:onNext(255)) - client-8DB4338F17D0->b5da6a4a-1459-46a4-9479-d2035163dbe2: receive RaftClientReply:client-8DB4338F17D0->b5da6a4a-1459-46a4-9479-d2035163dbe2@group-4A9565783204, cid=1652, SUCCESS, logIndex=2379, commits[b5da6a4a-1459-46a4-9479-d2035163dbe2:c2379, 69c25b61-d669-4f17-b36d-41bca3df1f31:c2377, d2a7b1fa-fac6-4c6f-8c6d-9ac7414c70c3:c2377]
2019-07-14 04:23:44,148 INFO  client.GrpcClientProtocolClient (GrpcClientProtocolClient.java:onNext(255)) - client-8DB4338F17D0->b5da6a4a-1459-46a4-9479-d2035163dbe2: receive RaftClientReply:client-8DB4338F17D0->b5da6a4a-1459-46a4-9479-d2035163dbe2@group-4A9565783204, cid=1653, SUCCESS, logIndex=2382, commits[b5da6a4a-1459-46a4-9479-d2035163dbe2:c2382, 69c25b61-d669-4f17-b36d-41bca3df1f31:c2379, d2a7b1fa-fac6-4c6f-8c6d-9ac7414c70c3:c2379]
2019-07-14 04:23:44,148 INFO  client.GrpcClientProtocolClient (GrpcClientProtocolClient.java:onNext(255)) - client-8DB4338F17D0->b5da6a4a-1459-46a4-9479-d2035163dbe2: receive RaftClientReply:client-8DB4338F17D0->b5da6a4a-1459-46a4-9479-d2035163dbe2@group-4A9565783204, cid=1654, SUCCESS, logIndex=2383, commits[b5da6a4a-1459-46a4-9479-d2035163dbe2:c2383, 69c25b61-d669-4f17-b36d-41bca3df1f31:c2379, d2a7b1fa-fac6-4c6f-8c6d-9ac7414c70c3:c2379]
2019-07-14 04:23:44,160 INFO  client.GrpcClientProtocolClient (GrpcClientProtocolClient.java:onNext(255)) - client-8DB4338F17D0->b5da6a4a-1459-46a4-9479-d2035163dbe2: receive RaftClientReply:client-8DB4338F17D0->b5da6a4a-1459-46a4-9479-d2035163dbe2@group-4A9565783204, cid=1655, SUCCESS, logIndex=0, commits[b5da6a4a-1459-46a4-9479-d2035163dbe2:c2385, 69c25b61-d669-4f17-b36d-41bca3df1f31:c2383, d2a7b1fa-fac6-4c6f-8c6d-9ac7414c70c3:c2383]
 0.00% |█                                                                                                    |  0/1 Time: 0:00:092019-07-14 04:23:44,220 INFO  client.GrpcClientProtocolClient (GrpcClientProtocolClient.java:onNext(255)) - client-8DB4338F17D0->b5da6a4a-1459-46a4-9479-d2035163dbe2: receive RaftClientReply:client-8DB4338F17D0->b5da6a4a-1459-46a4-9479-d2035163dbe2@group-4A9565783204, cid=1656, SUCCESS, logIndex=2386, commits[b5da6a4a-1459-46a4-9479-d2035163dbe2:c2387, 69c25b61-d669-4f17-b36d-41bca3df1f31:c2385, d2a7b1fa-fac6-4c6f-8c6d-9ac7414c70c3:c2385]
2019-07-14 04:23:44,220 INFO  client.GrpcClientProtocolClient (GrpcClientProtocolClient.java:onNext(255)) - client-8DB4338F17D0->b5da6a4a-1459-46a4-9479-d2035163dbe2: receive RaftClientReply:client-8DB4338F17D0->b5da6a4a-1459-46a4-9479-d2035163dbe2@group-4A9565783204, cid=1657, SUCCESS, logIndex=2387, commits[b5da6a4a-1459-46a4-9479-d2035163dbe2:c2387, 69c25b61-d669-4f17-b36d-41bca3df1f31:c2385, d2a7b1fa-fac6-4c6f-8c6d-9ac7414c70c3:c2385]
2019-07-14 04:23:44,221 INFO  client.GrpcClientProtocolClient (GrpcClientProtocolClient.java:onNext(255)) - client-8DB4338F17D0->b5da6a4a-1459-46a4-9479-d2035163dbe2: receive RaftClientReply:client-8DB4338F17D0->b5da6a4a-1459-46a4-9479-d2035163dbe2@group-4A9565783204, cid=1658, SUCCESS, logIndex=2388, commits[b5da6a4a-1459-46a4-9479-d2035163dbe2:c2389, 69c25b61-d669-4f17-b36d-41bca3df1f31:c2385, d2a7b1fa-fac6-4c6f-8c6d-9ac7414c70c3:c2385]
2019-07-14 04:23:44,221 INFO  client.GrpcClientProtocolClient (GrpcClientProtocolClient.java:onNext(255)) - client-8DB4338F17D0->b5da6a4a-1459-46a4-9479-d2035163dbe2: receive RaftClientReply:client-8DB4338F17D0->b5da6a4a-1459-46a4-9479-d2035163dbe2@group-4A9565783204, cid=1659, SUCCESS, logIndex=2389, commits[b5da6a4a-1459-46a4-9479-d2035163dbe2:c2389, 69c25b61-d669-4f17-b36d-41bca3df1f31:c2385, d2a7b1fa-fac6-4c6f-8c6d-9ac7414c70c3:c2385]
2019-07-14 04:23:44,225 INFO  client.GrpcClientProtocolClient (GrpcClientProtocolClient.java:onNext(255)) - client-8DB4338F17D0->b5da6a4a-1459-46a4-9479-d2035163dbe2: receive RaftClientReply:client-8DB4338F17D0->b5da6a4a-1459-46a4-9479-d2035163dbe2@group-4A9565783204, cid=1660, SUCCESS, logIndex=0, commits[b5da6a4a-1459-46a4-9479-d2035163dbe2:c2391, 69c25b61-d669-4f17-b36d-41bca3df1f31:c2387, d2a7b1fa-fac6-4c6f-8c6d-9ac7414c70c3:c2387]
2019-07-14 04:23:44,247 INFO  client.GrpcClientProtocolClient (GrpcClientProtocolClient.java:onNext(255)) - client-8DB4338F17D0->b5da6a4a-1459-46a4-9479-d2035163dbe2: receive RaftClientReply:client-8DB4338F17D0->b5da6a4a-1459-46a4-9479-d2035163dbe2@group-4A9565783204, cid=1661, SUCCESS, logIndex=2394, commits[b5da6a4a-1459-46a4-9479-d2035163dbe2:c2395, 69c25b61-d669-4f17-b36d-41bca3df1f31:c2393, d2a7b1fa-fac6-4c6f-8c6d-9ac7414c70c3:c2393]
2019-07-14 04:23:44,247 INFO  client.GrpcClientProtocolClient (GrpcClientProtocolClient.java:onNext(255)) - client-8DB4338F17D0->b5da6a4a-1459-46a4-9479-d2035163dbe2: receive RaftClientReply:client-8DB4338F17D0->b5da6a4a-1459-46a4-9479-d2035163dbe2@group-4A9565783204, cid=1662, SUCCESS, logIndex=2395, commits[b5da6a4a-1459-46a4-9479-d2035163dbe2:c2395, 69c25b61-d669-4f17-b36d-41bca3df1f31:c2393, d2a7b1fa-fac6-4c6f-8c6d-9ac7414c70c3:c2393]
2019-07-14 04:23:44,274 INFO  client.GrpcClientProtocolClient (GrpcClientProtocolClient.java:onNext(255)) - client-8DB4338F17D0->b5da6a4a-1459-46a4-9479-d2035163dbe2: receive RaftClientReply:client-8DB4338F17D0->b5da6a4a-1459-46a4-9479-d2035163dbe2@group-4A9565783204, cid=1663, SUCCESS, logIndex=2398, commits[b5da6a4a-1459-46a4-9479-d2035163dbe2:c2399, 69c25b61-d669-4f17-b36d-41bca3df1f31:c2397, d2a7b1fa-fac6-4c6f-8c6d-9ac7414c70c3:c2397]
2019-07-14 04:23:44,274 INFO  client.GrpcClientProtocolClient (GrpcClientProtocolClient.java:onNext(255)) - client-8DB4338F17D0->b5da6a4a-1459-46a4-9479-d2035163dbe2: receive RaftClientReply:client-8DB4338F17D0->b5da6a4a-1459-46a4-9479-d2035163dbe2@group-4A9565783204, cid=1664, SUCCESS, logIndex=2399, commits[b5da6a4a-1459-46a4-9479-d2035163dbe2:c2399, 69c25b61-d669-4f17-b36d-41bca3df1f31:c2397, d2a7b1fa-fac6-4c6f-8c6d-9ac7414c70c3:c2397]
2019-07-14 04:23:44,295 INFO  client.GrpcClientProtocolClient (GrpcClientProtocolClient.java:onNext(255)) - client-8DB4338F17D0->b5da6a4a-1459-46a4-9479-d2035163dbe2: receive RaftClientReply:client-8DB4338F17D0->b5da6a4a-1459-46a4-9479-d2035163dbe2@group-4A9565783204, cid=1665, SUCCESS, logIndex=0, commits[b5da6a4a-1459-46a4-9479-d2035163dbe2:c2400, 69c25b61-d669-4f17-b36d-41bca3df1f31:c2399, d2a7b1fa-fac6-4c6f-8c6d-9ac7414c70c3:c2399]
2019-07-14 04:23:44,339 INFO  client.GrpcClientProtocolClient (GrpcClientProtocolClient.java:onNext(255)) - client-8DB4338F17D0->b5da6a4a-1459-46a4-9479-d2035163dbe2: receive RaftClientReply:client-8DB4338F17D0->b5da6a4a-1459-46a4-9479-d2035163dbe2@group-4A9565783204, cid=1666, SUCCESS, logIndex=2402, commits[b5da6a4a-1459-46a4-9479-d2035163dbe2:c2404, 69c25b61-d669-4f17-b36d-41bca3df1f31:c2401, d2a7b1fa-fac6-4c6f-8c6d-9ac7414c70c3:c2401]
2019-07-14 04:23:44,340 INFO  client.GrpcClientProtocolClient (GrpcClientProtocolClient.java:onNext(255)) - client-8DB4338F17D0->b5da6a4a-1459-46a4-9479-d2035163dbe2: receive RaftClientReply:client-8DB4338F17D0->b5da6a4a-1459-46a4-9479-d2035163dbe2@group-4A9565783204, cid=1667, SUCCESS, logIndex=2403, commits[b5da6a4a-1459-46a4-9479-d2035163dbe2:c2405, 69c25b61-d669-4f17-b36d-41bca3df1f31:c2401, d2a7b1fa-fac6-4c6f-8c6d-9ac7414c70c3:c2401]
2019-07-14 04:23:44,340 INFO  client.GrpcClientProtocolClient (GrpcClientProtocolClient.java:onNext(255)) - client-8DB4338F17D0->b5da6a4a-1459-46a4-9479-d2035163dbe2: receive RaftClientReply:client-8DB4338F17D0->b5da6a4a-1459-46a4-9479-d2035163dbe2@group-4A9565783204, cid=1668, SUCCESS, logIndex=2404, commits[b5da6a4a-1459-46a4-9479-d2035163dbe2:c2405, 69c25b61-d669-4f17-b36d-41bca3df1f31:c2401, d2a7b1fa-fac6-4c6f-8c6d-9ac7414c70c3:c2401]
2019-07-14 04:23:44,340 INFO  client.GrpcClientProtocolClient (GrpcClientProtocolClient.java:onNext(255)) - client-8DB4338F17D0->b5da6a4a-1459-46a4-9479-d2035163dbe2: receive RaftClientReply:client-8DB4338F17D0->b5da6a4a-1459-46a4-9479-d2035163dbe2@group-4A9565783204, cid=1669, SUCCESS, logIndex=2405, commits[b5da6a4a-1459-46a4-9479-d2035163dbe2:c2405, 69c25b61-d669-4f17-b36d-41bca3df1f31:c2401, d2a7b1fa-fac6-4c6f-8c6d-9ac7414c70c3:c2401]
2019-07-14 04:23:44,350 INFO  client.GrpcClientProtocolClient (GrpcClientProtocolClient.java:onNext(255)) - client-8DB4338F17D0->b5da6a4a-1459-46a4-9479-d2035163dbe2: receive RaftClientReply:client-8DB4338F17D0->b5da6a4a-1459-46a4-9479-d2035163dbe2@group-4A9565783204, cid=1670, SUCCESS, logIndex=0, commits[b5da6a4a-1459-46a4-9479-d2035163dbe2:c2407, 69c25b61-d669-4f17-b36d-41bca3df1f31:c2403, d2a7b1fa-fac6-4c6f-8c6d-9ac7414c70c3:c2403]
2019-07-14 04:23:44,372 INFO  client.GrpcClientProtocolClient (GrpcClientProtocolClient.java:onNext(255)) - client-8DB4338F17D0->b5da6a4a-1459-46a4-9479-d2035163dbe2: receive RaftClientReply:client-8DB4338F17D0->b5da6a4a-1459-46a4-9479-d2035163dbe2@group-4A9565783204, cid=1671, SUCCESS, logIndex=2410, commits[b5da6a4a-1459-46a4-9479-d2035163dbe2:c2411, 69c25b61-d669-4f17-b36d-41bca3df1f31:c2409, d2a7b1fa-fac6-4c6f-8c6d-9ac7414c70c3:c2409]
2019-07-14 04:23:44,372 INFO  client.GrpcClientProtocolClient (GrpcClientProtocolClient.java:onNext(255)) - client-8DB4338F17D0->b5da6a4a-1459-46a4-9479-d2035163dbe2: receive RaftClientReply:client-8DB4338F17D0->b5da6a4a-1459-46a4-9479-d2035163dbe2@group-4A9565783204, cid=1672, SUCCESS, logIndex=2411, commits[b5da6a4a-1459-46a4-9479-d2035163dbe2:c2411, 69c25b61-d669-4f17-b36d-41bca3df1f31:c2409, d2a7b1fa-fac6-4c6f-8c6d-9ac7414c70c3:c2409]
2019-07-14 04:23:44,393 INFO  client.GrpcClientProtocolClient (GrpcClientProtocolClient.java:onNext(255)) - client-8DB4338F17D0->b5da6a4a-1459-46a4-9479-d2035163dbe2: receive RaftClientReply:client-8DB4338F17D0->b5da6a4a-1459-46a4-9479-d2035163dbe2@group-4A9565783204, cid=1673, SUCCESS, logIndex=2414, commits[b5da6a4a-1459-46a4-9479-d2035163dbe2:c2415, 69c25b61-d669-4f17-b36d-41bca3df1f31:c2411, d2a7b1fa-fac6-4c6f-8c6d-9ac7414c70c3:c2413]
2019-07-14 04:23:44,393 INFO  client.GrpcClientProtocolClient (GrpcClientProtocolClient.java:onNext(255)) - client-8DB4338F17D0->b5da6a4a-1459-46a4-9479-d2035163dbe2: receive RaftClientReply:client-8DB4338F17D0->b5da6a4a-1459-46a4-9479-d2035163dbe2@group-4A9565783204, cid=1674, SUCCESS, logIndex=2415, commits[b5da6a4a-1459-46a4-9479-d2035163dbe2:c2415, 69c25b61-d669-4f17-b36d-41bca3df1f31:c2411, d2a7b1fa-fac6-4c6f-8c6d-9ac7414c70c3:c2413]
2019-07-14 04:23:44,395 INFO  client.GrpcClientProtocolClient (GrpcClientProtocolClient.java:onNext(255)) - client-8DB4338F17D0->b5da6a4a-1459-46a4-9479-d2035163dbe2: receive RaftClientReply:client-8DB4338F17D0->b5da6a4a-1459-46a4-9479-d2035163dbe2@group-4A9565783204, cid=1675, SUCCESS, logIndex=0, commits[b5da6a4a-1459-46a4-9479-d2035163dbe2:c2416, 69c25b61-d669-4f17-b36d-41bca3df1f31:c2415, d2a7b1fa-fac6-4c6f-8c6d-9ac7414c70c3:c2415]
2019-07-14 04:23:44,415 INFO  client.GrpcClientProtocolClient (GrpcClientProtocolClient.java:onNext(255)) - client-8DB4338F17D0->b5da6a4a-1459-46a4-9479-d2035163dbe2: receive RaftClientReply:client-8DB4338F17D0->b5da6a4a-1459-46a4-9479-d2035163dbe2@group-4A9565783204, cid=1676, SUCCESS, logIndex=2418, commits[b5da6a4a-1459-46a4-9479-d2035163dbe2:c2419, 69c25b61-d669-4f17-b36d-41bca3df1f31:c2417, d2a7b1fa-fac6-4c6f-8c6d-9ac7414c70c3:c2417]
2019-07-14 04:23:44,415 INFO  client.GrpcClientProtocolClient (GrpcClientProtocolClient.java:onNext(255)) - client-8DB4338F17D0->b5da6a4a-1459-46a4-9479-d2035163dbe2: receive RaftClientReply:client-8DB4338F17D0->b5da6a4a-1459-46a4-9479-d2035163dbe2@group-4A9565783204, cid=1677, SUCCESS, logIndex=2419, commits[b5da6a4a-1459-46a4-9479-d2035163dbe2:c2419, 69c25b61-d669-4f17-b36d-41bca3df1f31:c2417, d2a7b1fa-fac6-4c6f-8c6d-9ac7414c70c3:c2417]
2019-07-14 04:23:44,427 INFO  client.GrpcClientProtocolClient (GrpcClientProtocolClient.java:onNext(255)) - client-8DB4338F17D0->b5da6a4a-1459-46a4-9479-d2035163dbe2: receive RaftClientReply:client-8DB4338F17D0->b5da6a4a-1459-46a4-9479-d2035163dbe2@group-4A9565783204, cid=1678, SUCCESS, logIndex=2420, commits[b5da6a4a-1459-46a4-9479-d2035163dbe2:c2422, 69c25b61-d669-4f17-b36d-41bca3df1f31:c2419, d2a7b1fa-fac6-4c6f-8c6d-9ac7414c70c3:c2417]
2019-07-14 04:23:44,427 INFO  client.GrpcClientProtocolClient (GrpcClientProtocolClient.java:onNext(255)) - client-8DB4338F17D0->b5da6a4a-1459-46a4-9479-d2035163dbe2: receive RaftClientReply:client-8DB4338F17D0->b5da6a4a-1459-46a4-9479-d2035163dbe2@group-4A9565783204, cid=1679, SUCCESS, logIndex=2421, commits[b5da6a4a-1459-46a4-9479-d2035163dbe2:c2423, 69c25b61-d669-4f17-b36d-41bca3df1f31:c2419, d2a7b1fa-fac6-4c6f-8c6d-9ac7414c70c3:c2419]
2019-07-14 04:23:44,446 INFO  client.GrpcClientProtocolClient (GrpcClientProtocolClient.java:onNext(255)) - client-8DB4338F17D0->b5da6a4a-1459-46a4-9479-d2035163dbe2: receive RaftClientReply:client-8DB4338F17D0->b5da6a4a-1459-46a4-9479-d2035163dbe2@group-4A9565783204, cid=1680, SUCCESS, logIndex=2426, commits[b5da6a4a-1459-46a4-9479-d2035163dbe2:c2427, 69c25b61-d669-4f17-b36d-41bca3df1f31:c2425, d2a7b1fa-fac6-4c6f-8c6d-9ac7414c70c3:c2421]
2019-07-14 04:23:44,447 INFO  client.GrpcClientProtocolClient (GrpcClientProtocolClient.java:onNext(255)) - client-8DB4338F17D0->b5da6a4a-1459-46a4-9479-d2035163dbe2: receive RaftClientReply:client-8DB4338F17D0->b5da6a4a-1459-46a4-9479-d2035163dbe2@group-4A9565783204, cid=1681, SUCCESS, logIndex=2427, commits[b5da6a4a-1459-46a4-9479-d2035163dbe2:c2427, 69c25b61-d669-4f17-b36d-41bca3df1f31:c2425, d2a7b1fa-fac6-4c6f-8c6d-9ac7414c70c3:c2421]
2019-07-14 04:23:44,465 INFO  client.GrpcClientProtocolClient (GrpcClientProtocolClient.java:onNext(255)) - client-8DB4338F17D0->b5da6a4a-1459-46a4-9479-d2035163dbe2: receive RaftClientReply:client-8DB4338F17D0->b5da6a4a-1459-46a4-9479-d2035163dbe2@group-4A9565783204, cid=1682, SUCCESS, logIndex=2430, commits[b5da6a4a-1459-46a4-9479-d2035163dbe2:c2431, 69c25b61-d669-4f17-b36d-41bca3df1f31:c2429, d2a7b1fa-fac6-4c6f-8c6d-9ac7414c70c3:c2429]
2019-07-14 04:23:44,465 INFO  client.GrpcClientProtocolClient (GrpcClientProtocolClient.java:onNext(255)) - client-8DB4338F17D0->b5da6a4a-1459-46a4-9479-d2035163dbe2: receive RaftClientReply:client-8DB4338F17D0->b5da6a4a-1459-46a4-9479-d2035163dbe2@group-4A9565783204, cid=1683, SUCCESS, logIndex=2431, commits[b5da6a4a-1459-46a4-9479-d2035163dbe2:c2431, 69c25b61-d669-4f17-b36d-41bca3df1f31:c2429, d2a7b1fa-fac6-4c6f-8c6d-9ac7414c70c3:c2429]
2019-07-14 04:23:44,478 INFO  client.GrpcClientProtocolClient (GrpcClientProtocolClient.java:onNext(255)) - client-8DB4338F17D0->b5da6a4a-1459-46a4-9479-d2035163dbe2: receive RaftClientReply:client-8DB4338F17D0->b5da6a4a-1459-46a4-9479-d2035163dbe2@group-4A9565783204, cid=1684, SUCCESS, logIndex=0, commits[b5da6a4a-1459-46a4-9479-d2035163dbe2:c2433, 69c25b61-d669-4f17-b36d-41bca3df1f31:c2431, d2a7b1fa-fac6-4c6f-8c6d-9ac7414c70c3:c2431]
2019-07-14 04:23:44,589 INFO  client.GrpcClientProtocolClient (GrpcClientProtocolClient.java:onNext(255)) - client-8DB4338F17D0->b5da6a4a-1459-46a4-9479-d2035163dbe2: receive RaftClientReply:client-8DB4338F17D0->b5da6a4a-1459-46a4-9479-d2035163dbe2@group-4A9565783204, cid=1685, SUCCESS, logIndex=2434, commits[b5da6a4a-1459-46a4-9479-d2035163dbe2:c2435, 69c25b61-d669-4f17-b36d-41bca3df1f31:c2433, d2a7b1fa-fac6-4c6f-8c6d-9ac7414c70c3:c2431]
2019-07-14 04:23:44,590 INFO  client.GrpcClientProtocolClient (GrpcClientProtocolClient.java:onNext(255)) - client-8DB4338F17D0->b5da6a4a-1459-46a4-9479-d2035163dbe2: receive RaftClientReply:client-8DB4338F17D0->b5da6a4a-1459-46a4-9479-d2035163dbe2@group-4A9565783204, cid=1686, SUCCESS, logIndex=2435, commits[b5da6a4a-1459-46a4-9479-d2035163dbe2:c2436, 69c25b61-d669-4f17-b36d-41bca3df1f31:c2433, d2a7b1fa-fac6-4c6f-8c6d-9ac7414c70c3:c2433]
2019-07-14 04:23:44,590 INFO  client.GrpcClientProtocolClient (GrpcClientProtocolClient.java:onNext(255)) - client-8DB4338F17D0->b5da6a4a-1459-46a4-9479-d2035163dbe2: receive RaftClientReply:client-8DB4338F17D0->b5da6a4a-1459-46a4-9479-d2035163dbe2@group-4A9565783204, cid=1687, SUCCESS, logIndex=2436, commits[b5da6a4a-1459-46a4-9479-d2035163dbe2:c2437, 69c25b61-d669-4f17-b36d-41bca3df1f31:c2433, d2a7b1fa-fac6-4c6f-8c6d-9ac7414c70c3:c2433]
2019-07-14 04:23:44,591 INFO  client.GrpcClientProtocolClient (GrpcClientProtocolClient.java:onNext(255)) - client-8DB4338F17D0->b5da6a4a-1459-46a4-9479-d2035163dbe2: receive RaftClientReply:client-8DB4338F17D0->b5da6a4a-1459-46a4-9479-d2035163dbe2@group-4A9565783204, cid=1688, SUCCESS, logIndex=2437, commits[b5da6a4a-1459-46a4-9479-d2035163dbe2:c2437, 69c25b61-d669-4f17-b36d-41bca3df1f31:c2433, d2a7b1fa-fac6-4c6f-8c6d-9ac7414c70c3:c2433]
2019-07-14 04:23:44,592 INFO  client.GrpcClientProtocolClient (GrpcClientProtocolClient.java:onNext(255)) - client-8DB4338F17D0->b5da6a4a-1459-46a4-9479-d2035163dbe2: receive RaftClientReply:client-8DB4338F17D0->b5da6a4a-1459-46a4-9479-d2035163dbe2@group-4A9565783204, cid=1689, SUCCESS, logIndex=0, commits[b5da6a4a-1459-46a4-9479-d2035163dbe2:c2438, 69c25b61-d669-4f17-b36d-41bca3df1f31:c2435, d2a7b1fa-fac6-4c6f-8c6d-9ac7414c70c3:c2435]
2019-07-14 04:23:44,607 INFO  client.GrpcClientProtocolClient (GrpcClientProtocolClient.java:onNext(255)) - client-8DB4338F17D0->b5da6a4a-1459-46a4-9479-d2035163dbe2: receive RaftClientReply:client-8DB4338F17D0->b5da6a4a-1459-46a4-9479-d2035163dbe2@group-4A9565783204, cid=1690, SUCCESS, logIndex=2441, commits[b5da6a4a-1459-46a4-9479-d2035163dbe2:c2442, 69c25b61-d669-4f17-b36d-41bca3df1f31:c2438, d2a7b1fa-fac6-4c6f-8c6d-9ac7414c70c3:c2438]
2019-07-14 04:23:44,607 INFO  client.GrpcClientProtocolClient (GrpcClientProtocolClient.java:onNext(255)) - client-8DB4338F17D0->b5da6a4a-1459-46a4-9479-d2035163dbe2: receive RaftClientReply:client-8DB4338F17D0->b5da6a4a-1459-46a4-9479-d2035163dbe2@group-4A9565783204, cid=1691, SUCCESS, logIndex=2442, commits[b5da6a4a-1459-46a4-9479-d2035163dbe2:c2442, 69c25b61-d669-4f17-b36d-41bca3df1f31:c2438, d2a7b1fa-fac6-4c6f-8c6d-9ac7414c70c3:c2438]
2019-07-14 04:23:44,626 INFO  client.GrpcClientProtocolClient (GrpcClientProtocolClient.java:onNext(255)) - client-8DB4338F17D0->b5da6a4a-1459-46a4-9479-d2035163dbe2: receive RaftClientReply:client-8DB4338F17D0->b5da6a4a-1459-46a4-9479-d2035163dbe2@group-4A9565783204, cid=1692, SUCCESS, logIndex=2445, commits[b5da6a4a-1459-46a4-9479-d2035163dbe2:c2445, 69c25b61-d669-4f17-b36d-41bca3df1f31:c2444, d2a7b1fa-fac6-4c6f-8c6d-9ac7414c70c3:c2444]
2019-07-14 04:23:44,626 INFO  client.GrpcClientProtocolClient (GrpcClientProtocolClient.java:onNext(255)) - client-8DB4338F17D0->b5da6a4a-1459-46a4-9479-d2035163dbe2: receive RaftClientReply:client-8DB4338F17D0->b5da6a4a-1459-46a4-9479-d2035163dbe2@group-4A9565783204, cid=1693, SUCCESS, logIndex=2446, commits[b5da6a4a-1459-46a4-9479-d2035163dbe2:c2446, 69c25b61-d669-4f17-b36d-41bca3df1f31:c2444, d2a7b1fa-fac6-4c6f-8c6d-9ac7414c70c3:c2444]
2019-07-14 04:23:44,638 INFO  client.GrpcClientProtocolClient (GrpcClientProtocolClient.java:onNext(255)) - client-8DB4338F17D0->b5da6a4a-1459-46a4-9479-d2035163dbe2: receive RaftClientReply:client-8DB4338F17D0->b5da6a4a-1459-46a4-9479-d2035163dbe2@group-4A9565783204, cid=1694, SUCCESS, logIndex=0, commits[b5da6a4a-1459-46a4-9479-d2035163dbe2:c2448, 69c25b61-d669-4f17-b36d-41bca3df1f31:c2446, d2a7b1fa-fac6-4c6f-8c6d-9ac7414c70c3:c2446]
2019-07-14 04:23:44,666 INFO  client.GrpcClientProtocolClient (GrpcClientProtocolClient.java:onNext(255)) - client-8DB4338F17D0->b5da6a4a-1459-46a4-9479-d2035163dbe2: receive RaftClientReply:client-8DB4338F17D0->b5da6a4a-1459-46a4-9479-d2035163dbe2@group-4A9565783204, cid=1695, SUCCESS, logIndex=2449, commits[b5da6a4a-1459-46a4-9479-d2035163dbe2:c2450, 69c25b61-d669-4f17-b36d-41bca3df1f31:c2448, d2a7b1fa-fac6-4c6f-8c6d-9ac7414c70c3:c2448]
2019-07-14 04:23:44,666 INFO  client.GrpcClientProtocolClient (GrpcClientProtocolClient.java:onNext(255)) - client-8DB4338F17D0->b5da6a4a-1459-46a4-9479-d2035163dbe2: receive RaftClientReply:client-8DB4338F17D0->b5da6a4a-1459-46a4-9479-d2035163dbe2@group-4A9565783204, cid=1696, SUCCESS, logIndex=2450, commits[b5da6a4a-1459-46a4-9479-d2035163dbe2:c2450, 69c25b61-d669-4f17-b36d-41bca3df1f31:c2448, d2a7b1fa-fac6-4c6f-8c6d-9ac7414c70c3:c2448]
2019-07-14 04:23:44,668 INFO  client.GrpcClientProtocolClient (GrpcClientProtocolClient.java:onNext(255)) - client-8DB4338F17D0->b5da6a4a-1459-46a4-9479-d2035163dbe2: receive RaftClientReply:client-8DB4338F17D0->b5da6a4a-1459-46a4-9479-d2035163dbe2@group-4A9565783204, cid=1697, SUCCESS, logIndex=2451, commits[b5da6a4a-1459-46a4-9479-d2035163dbe2:c2451, 69c25b61-d669-4f17-b36d-41bca3df1f31:c2448, d2a7b1fa-fac6-4c6f-8c6d-9ac7414c70c3:c2448]
2019-07-14 04:23:44,669 INFO  client.GrpcClientProtocolClient (GrpcClientProtocolClient.java:onNext(255)) - client-8DB4338F17D0->b5da6a4a-1459-46a4-9479-d2035163dbe2: receive RaftClientReply:client-8DB4338F17D0->b5da6a4a-1459-46a4-9479-d2035163dbe2@group-4A9565783204, cid=1698, SUCCESS, logIndex=2452, commits[b5da6a4a-1459-46a4-9479-d2035163dbe2:c2452, 69c25b61-d669-4f17-b36d-41bca3df1f31:c2448, d2a7b1fa-fac6-4c6f-8c6d-9ac7414c70c3:c2448]
2019-07-14 04:23:44,670 INFO  client.GrpcClientProtocolClient (GrpcClientProtocolClient.java:onNext(255)) - client-8DB4338F17D0->b5da6a4a-1459-46a4-9479-d2035163dbe2: receive RaftClientReply:client-8DB4338F17D0->b5da6a4a-1459-46a4-9479-d2035163dbe2@group-4A9565783204, cid=1699, SUCCESS, logIndex=0, commits[b5da6a4a-1459-46a4-9479-d2035163dbe2:c2454, 69c25b61-d669-4f17-b36d-41bca3df1f31:c2450, d2a7b1fa-fac6-4c6f-8c6d-9ac7414c70c3:c2450]
2019-07-14 04:23:44,689 INFO  client.GrpcClientProtocolClient (GrpcClientProtocolClient.java:onNext(255)) - client-8DB4338F17D0->b5da6a4a-1459-46a4-9479-d2035163dbe2: receive RaftClientReply:client-8DB4338F17D0->b5da6a4a-1459-46a4-9479-d2035163dbe2@group-4A9565783204, cid=1700, SUCCESS, logIndex=2457, commits[b5da6a4a-1459-46a4-9479-d2035163dbe2:c2458, 69c25b61-d669-4f17-b36d-41bca3df1f31:c2456, d2a7b1fa-fac6-4c6f-8c6d-9ac7414c70c3:c2456]
2019-07-14 04:23:44,690 INFO  client.GrpcClientProtocolClient (GrpcClientProtocolClient.java:onNext(255)) - client-8DB4338F17D0->b5da6a4a-1459-46a4-9479-d2035163dbe2: receive RaftClientReply:client-8DB4338F17D0->b5da6a4a-1459-46a4-9479-d2035163dbe2@group-4A9565783204, cid=1701, SUCCESS, logIndex=2458, commits[b5da6a4a-1459-46a4-9479-d2035163dbe2:c2458, 69c25b61-d669-4f17-b36d-41bca3df1f31:c2456, d2a7b1fa-fac6-4c6f-8c6d-9ac7414c70c3:c2456]
2019-07-14 04:23:44,701 INFO  client.GrpcClientProtocolClient (GrpcClientProtocolClient.java:onNext(255)) - client-8DB4338F17D0->b5da6a4a-1459-46a4-9479-d2035163dbe2: receive RaftClientReply:client-8DB4338F17D0->b5da6a4a-1459-46a4-9479-d2035163dbe2@group-4A9565783204, cid=1702, SUCCESS, logIndex=2461, commits[b5da6a4a-1459-46a4-9479-d2035163dbe2:c2462, 69c25b61-d669-4f17-b36d-41bca3df1f31:c2460, d2a7b1fa-fac6-4c6f-8c6d-9ac7414c70c3:c2458]
2019-07-14 04:23:44,701 INFO  client.GrpcClientProtocolClient (GrpcClientProtocolClient.java:onNext(255)) - client-8DB4338F17D0->b5da6a4a-1459-46a4-9479-d2035163dbe2: receive RaftClientReply:client-8DB4338F17D0->b5da6a4a-1459-46a4-9479-d2035163dbe2@group-4A9565783204, cid=1703, SUCCESS, logIndex=2462, commits[b5da6a4a-1459-46a4-9479-d2035163dbe2:c2462, 69c25b61-d669-4f17-b36d-41bca3df1f31:c2460, d2a7b1fa-fac6-4c6f-8c6d-9ac7414c70c3:c2460]
2019-07-14 04:23:44,706 INFO  client.GrpcClientProtocolClient (GrpcClientProtocolClient.java:onNext(255)) - client-8DB4338F17D0->b5da6a4a-1459-46a4-9479-d2035163dbe2: receive RaftClientReply:client-8DB4338F17D0->b5da6a4a-1459-46a4-9479-d2035163dbe2@group-4A9565783204, cid=1704, SUCCESS, logIndex=0, commits[b5da6a4a-1459-46a4-9479-d2035163dbe2:c2464, 69c25b61-d669-4f17-b36d-41bca3df1f31:c2462, d2a7b1fa-fac6-4c6f-8c6d-9ac7414c70c3:c2462]
2019-07-14 04:23:44,725 INFO  client.GrpcClientProtocolClient (GrpcClientProtocolClient.java:onNext(255)) - client-8DB4338F17D0->b5da6a4a-1459-46a4-9479-d2035163dbe2: receive RaftClientReply:client-8DB4338F17D0->b5da6a4a-1459-46a4-9479-d2035163dbe2@group-4A9565783204, cid=1705, SUCCESS, logIndex=2465, commits[b5da6a4a-1459-46a4-9479-d2035163dbe2:c2466, 69c25b61-d669-4f17-b36d-41bca3df1f31:c2464, d2a7b1fa-fac6-4c6f-8c6d-9ac7414c70c3:c2464]
2019-07-14 04:23:44,725 INFO  client.GrpcClientProtocolClient (GrpcClientProtocolClient.java:onNext(255)) - client-8DB4338F17D0->b5da6a4a-1459-46a4-9479-d2035163dbe2: receive RaftClientReply:client-8DB4338F17D0->b5da6a4a-1459-46a4-9479-d2035163dbe2@group-4A9565783204, cid=1706, SUCCESS, logIndex=2466, commits[b5da6a4a-1459-46a4-9479-d2035163dbe2:c2466, 69c25b61-d669-4f17-b36d-41bca3df1f31:c2464, d2a7b1fa-fac6-4c6f-8c6d-9ac7414c70c3:c2464]
2019-07-14 04:23:44,728 INFO  client.GrpcClientProtocolClient (GrpcClientProtocolClient.java:onNext(255)) - client-8DB4338F17D0->b5da6a4a-1459-46a4-9479-d2035163dbe2: receive RaftClientReply:client-8DB4338F17D0->b5da6a4a-1459-46a4-9479-d2035163dbe2@group-4A9565783204, cid=1707, SUCCESS, logIndex=2467, commits[b5da6a4a-1459-46a4-9479-d2035163dbe2:c2468, 69c25b61-d669-4f17-b36d-41bca3df1f31:c2464, d2a7b1fa-fac6-4c6f-8c6d-9ac7414c70c3:c2464]
2019-07-14 04:23:44,729 INFO  client.GrpcClientProtocolClient (GrpcClientProtocolClient.java:onNext(255)) - client-8DB4338F17D0->b5da6a4a-1459-46a4-9479-d2035163dbe2: receive RaftClientReply:client-8DB4338F17D0->b5da6a4a-1459-46a4-9479-d2035163dbe2@group-4A9565783204, cid=1708, SUCCESS, logIndex=2468, commits[b5da6a4a-1459-46a4-9479-d2035163dbe2:c2470, 69c25b61-d669-4f17-b36d-41bca3df1f31:c2466, d2a7b1fa-fac6-4c6f-8c6d-9ac7414c70c3:c2464]
2019-07-14 04:23:44,729 INFO  client.GrpcClientProtocolClient (GrpcClientProtocolClient.java:onNext(255)) - client-8DB4338F17D0->b5da6a4a-1459-46a4-9479-d2035163dbe2: receive RaftClientReply:client-8DB4338F17D0->b5da6a4a-1459-46a4-9479-d2035163dbe2@group-4A9565783204, cid=1709, SUCCESS, logIndex=0, commits[b5da6a4a-1459-46a4-9479-d2035163dbe2:c2471, 69c25b61-d669-4f17-b36d-41bca3df1f31:c2467, d2a7b1fa-fac6-4c6f-8c6d-9ac7414c70c3:c2466]
2019-07-14 04:23:44,740 INFO  client.GrpcClientProtocolClient (GrpcClientProtocolClient.java:onNext(255)) - client-8DB4338F17D0->b5da6a4a-1459-46a4-9479-d2035163dbe2: receive RaftClientReply:client-8DB4338F17D0->b5da6a4a-1459-46a4-9479-d2035163dbe2@group-4A9565783204, cid=1710, SUCCESS, logIndex=2473, commits[b5da6a4a-1459-46a4-9479-d2035163dbe2:c2474, 69c25b61-d669-4f17-b36d-41bca3df1f31:c2472, d2a7b1fa-fac6-4c6f-8c6d-9ac7414c70c3:c2468]
2019-07-14 04:23:44,740 INFO  client.GrpcClientProtocolClient (GrpcClientProtocolClient.java:onNext(255)) - client-8DB4338F17D0->b5da6a4a-1459-46a4-9479-d2035163dbe2: receive RaftClientReply:client-8DB4338F17D0->b5da6a4a-1459-46a4-9479-d2035163dbe2@group-4A9565783204, cid=1711, SUCCESS, logIndex=2474, commits[b5da6a4a-1459-46a4-9479-d2035163dbe2:c2474, 69c25b61-d669-4f17-b36d-41bca3df1f31:c2472, d2a7b1fa-fac6-4c6f-8c6d-9ac7414c70c3:c2472]
2019-07-14 04:23:44,757 INFO  client.GrpcClientProtocolClient (GrpcClientProtocolClient.java:onNext(255)) - client-8DB4338F17D0->b5da6a4a-1459-46a4-9479-d2035163dbe2: receive RaftClientReply:client-8DB4338F17D0->b5da6a4a-1459-46a4-9479-d2035163dbe2@group-4A9565783204, cid=1712, SUCCESS, logIndex=2477, commits[b5da6a4a-1459-46a4-9479-d2035163dbe2:c2478, 69c25b61-d669-4f17-b36d-41bca3df1f31:c2474, d2a7b1fa-fac6-4c6f-8c6d-9ac7414c70c3:c2475]
2019-07-14 04:23:44,757 INFO  client.GrpcClientProtocolClient (GrpcClientProtocolClient.java:onNext(255)) - client-8DB4338F17D0->b5da6a4a-1459-46a4-9479-d2035163dbe2: receive RaftClientReply:client-8DB4338F17D0->b5da6a4a-1459-46a4-9479-d2035163dbe2@group-4A9565783204, cid=1713, SUCCESS, logIndex=2478, commits[b5da6a4a-1459-46a4-9479-d2035163dbe2:c2478, 69c25b61-d669-4f17-b36d-41bca3df1f31:c2474, d2a7b1fa-fac6-4c6f-8c6d-9ac7414c70c3:c2475]
2019-07-14 04:23:44,765 INFO  client.GrpcClientProtocolClient (GrpcClientProtocolClient.java:onNext(255)) - client-8DB4338F17D0->b5da6a4a-1459-46a4-9479-d2035163dbe2: receive RaftClientReply:client-8DB4338F17D0->b5da6a4a-1459-46a4-9479-d2035163dbe2@group-4A9565783204, cid=1714, SUCCESS, logIndex=0, commits[b5da6a4a-1459-46a4-9479-d2035163dbe2:c2480, 69c25b61-d669-4f17-b36d-41bca3df1f31:c2478, d2a7b1fa-fac6-4c6f-8c6d-9ac7414c70c3:c2478]
2019-07-14 04:23:44,791 INFO  client.GrpcClientProtocolClient (GrpcClientProtocolClient.java:onNext(255)) - client-8DB4338F17D0->b5da6a4a-1459-46a4-9479-d2035163dbe2: receive RaftClientReply:client-8DB4338F17D0->b5da6a4a-1459-46a4-9479-d2035163dbe2@group-4A9565783204, cid=1715, SUCCESS, logIndex=2481, commits[b5da6a4a-1459-46a4-9479-d2035163dbe2:c2482, 69c25b61-d669-4f17-b36d-41bca3df1f31:c2480, d2a7b1fa-fac6-4c6f-8c6d-9ac7414c70c3:c2480]
2019-07-14 04:23:44,792 INFO  client.GrpcClientProtocolClient (GrpcClientProtocolClient.java:onNext(255)) - client-8DB4338F17D0->b5da6a4a-1459-46a4-9479-d2035163dbe2: receive RaftClientReply:client-8DB4338F17D0->b5da6a4a-1459-46a4-9479-d2035163dbe2@group-4A9565783204, cid=1716, SUCCESS, logIndex=2482, commits[b5da6a4a-1459-46a4-9479-d2035163dbe2:c2483, 69c25b61-d669-4f17-b36d-41bca3df1f31:c2480, d2a7b1fa-fac6-4c6f-8c6d-9ac7414c70c3:c2480]
2019-07-14 04:23:44,792 INFO  client.GrpcClientProtocolClient (GrpcClientProtocolClient.java:onNext(255)) - client-8DB4338F17D0->b5da6a4a-1459-46a4-9479-d2035163dbe2: receive RaftClientReply:client-8DB4338F17D0->b5da6a4a-1459-46a4-9479-d2035163dbe2@group-4A9565783204, cid=1717, SUCCESS, logIndex=2483, commits[b5da6a4a-1459-46a4-9479-d2035163dbe2:c2484, 69c25b61-d669-4f17-b36d-41bca3df1f31:c2480, d2a7b1fa-fac6-4c6f-8c6d-9ac7414c70c3:c2480]
2019-07-14 04:23:44,792 INFO  client.GrpcClientProtocolClient (GrpcClientProtocolClient.java:onNext(255)) - client-8DB4338F17D0->b5da6a4a-1459-46a4-9479-d2035163dbe2: receive RaftClientReply:client-8DB4338F17D0->b5da6a4a-1459-46a4-9479-d2035163dbe2@group-4A9565783204, cid=1718, SUCCESS, logIndex=2484, commits[b5da6a4a-1459-46a4-9479-d2035163dbe2:c2484, 69c25b61-d669-4f17-b36d-41bca3df1f31:c2480, d2a7b1fa-fac6-4c6f-8c6d-9ac7414c70c3:c2480]
2019-07-14 04:23:44,797 INFO  client.GrpcClientProtocolClient (GrpcClientProtocolClient.java:onNext(255)) - client-8DB4338F17D0->b5da6a4a-1459-46a4-9479-d2035163dbe2: receive RaftClientReply:client-8DB4338F17D0->b5da6a4a-1459-46a4-9479-d2035163dbe2@group-4A9565783204, cid=1719, SUCCESS, logIndex=0, commits[b5da6a4a-1459-46a4-9479-d2035163dbe2:c2488, 69c25b61-d669-4f17-b36d-41bca3df1f31:c2482, d2a7b1fa-fac6-4c6f-8c6d-9ac7414c70c3:c2484]
2019-07-14 04:23:44,816 INFO  client.GrpcClientProtocolClient (GrpcClientProtocolClient.java:onNext(255)) - client-8DB4338F17D0->b5da6a4a-1459-46a4-9479-d2035163dbe2: receive RaftClientReply:client-8DB4338F17D0->b5da6a4a-1459-46a4-9479-d2035163dbe2@group-4A9565783204, cid=1720, SUCCESS, logIndex=2489, commits[b5da6a4a-1459-46a4-9479-d2035163dbe2:c2490, 69c25b61-d669-4f17-b36d-41bca3df1f31:c2484, d2a7b1fa-fac6-4c6f-8c6d-9ac7414c70c3:c2488]
2019-07-14 04:23:44,817 INFO  client.GrpcClientProtocolClient (GrpcClientProtocolClient.java:onNext(255)) - client-8DB4338F17D0->b5da6a4a-1459-46a4-9479-d2035163dbe2: receive RaftClientReply:client-8DB4338F17D0->b5da6a4a-1459-46a4-9479-d2035163dbe2@group-4A9565783204, cid=1721, SUCCESS, logIndex=2490, commits[b5da6a4a-1459-46a4-9479-d2035163dbe2:c2490, 69c25b61-d669-4f17-b36d-41bca3df1f31:c2488, d2a7b1fa-fac6-4c6f-8c6d-9ac7414c70c3:c2488]
2019-07-14 04:23:44,826 INFO  client.GrpcClientProtocolClient (GrpcClientProtocolClient.java:onNext(255)) - client-8DB4338F17D0->b5da6a4a-1459-46a4-9479-d2035163dbe2: receive RaftClientReply:client-8DB4338F17D0->b5da6a4a-1459-46a4-9479-d2035163dbe2@group-4A9565783204, cid=1722, SUCCESS, logIndex=2493, commits[b5da6a4a-1459-46a4-9479-d2035163dbe2:c2494, 69c25b61-d669-4f17-b36d-41bca3df1f31:c2491, d2a7b1fa-fac6-4c6f-8c6d-9ac7414c70c3:c2490]
2019-07-14 04:23:44,826 INFO  client.GrpcClientProtocolClient (GrpcClientProtocolClient.java:onNext(255)) - client-8DB4338F17D0->b5da6a4a-1459-46a4-9479-d2035163dbe2: receive RaftClientReply:client-8DB4338F17D0->b5da6a4a-1459-46a4-9479-d2035163dbe2@group-4A9565783204, cid=1723, SUCCESS, logIndex=2494, commits[b5da6a4a-1459-46a4-9479-d2035163dbe2:c2494, 69c25b61-d669-4f17-b36d-41bca3df1f31:c2491, d2a7b1fa-fac6-4c6f-8c6d-9ac7414c70c3:c2490]
2019-07-14 04:23:44,831 INFO  client.GrpcClientProtocolClient (GrpcClientProtocolClient.java:onNext(255)) - client-8DB4338F17D0->b5da6a4a-1459-46a4-9479-d2035163dbe2: receive RaftClientReply:client-8DB4338F17D0->b5da6a4a-1459-46a4-9479-d2035163dbe2@group-4A9565783204, cid=1724, SUCCESS, logIndex=0, commits[b5da6a4a-1459-46a4-9479-d2035163dbe2:c2495, 69c25b61-d669-4f17-b36d-41bca3df1f31:c2494, d2a7b1fa-fac6-4c6f-8c6d-9ac7414c70c3:c2494]
2019-07-14 04:23:44,850 INFO  client.GrpcClientProtocolClient (GrpcClientProtocolClient.java:onNext(255)) - client-8DB4338F17D0->b5da6a4a-1459-46a4-9479-d2035163dbe2: receive RaftClientReply:client-8DB4338F17D0->b5da6a4a-1459-46a4-9479-d2035163dbe2@group-4A9565783204, cid=1725, SUCCESS, logIndex=2497, commits[b5da6a4a-1459-46a4-9479-d2035163dbe2:c2498, 69c25b61-d669-4f17-b36d-41bca3df1f31:c2496, d2a7b1fa-fac6-4c6f-8c6d-9ac7414c70c3:c2496]
2019-07-14 04:23:44,851 INFO  client.GrpcClientProtocolClient (GrpcClientProtocolClient.java:onNext(255)) - client-8DB4338F17D0->b5da6a4a-1459-46a4-9479-d2035163dbe2: receive RaftClientReply:client-8DB4338F17D0->b5da6a4a-1459-46a4-9479-d2035163dbe2@group-4A9565783204, cid=1726, SUCCESS, logIndex=2498, commits[b5da6a4a-1459-46a4-9479-d2035163dbe2:c2498, 69c25b61-d669-4f17-b36d-41bca3df1f31:c2496, d2a7b1fa-fac6-4c6f-8c6d-9ac7414c70c3:c2496]
2019-07-14 04:23:44,852 INFO  client.GrpcClientProtocolClient (GrpcClientProtocolClient.java:onNext(255)) - client-8DB4338F17D0->b5da6a4a-1459-46a4-9479-d2035163dbe2: receive RaftClientReply:client-8DB4338F17D0->b5da6a4a-1459-46a4-9479-d2035163dbe2@group-4A9565783204, cid=1727, SUCCESS, logIndex=2499, commits[b5da6a4a-1459-46a4-9479-d2035163dbe2:c2500, 69c25b61-d669-4f17-b36d-41bca3df1f31:c2496, d2a7b1fa-fac6-4c6f-8c6d-9ac7414c70c3:c2496]
2019-07-14 04:23:44,852 INFO  client.GrpcClientProtocolClient (GrpcClientProtocolClient.java:onNext(255)) - client-8DB4338F17D0->b5da6a4a-1459-46a4-9479-d2035163dbe2: receive RaftClientReply:client-8DB4338F17D0->b5da6a4a-1459-46a4-9479-d2035163dbe2@group-4A9565783204, cid=1728, SUCCESS, logIndex=2500, commits[b5da6a4a-1459-46a4-9479-d2035163dbe2:c2500, 69c25b61-d669-4f17-b36d-41bca3df1f31:c2496, d2a7b1fa-fac6-4c6f-8c6d-9ac7414c70c3:c2496]
2019-07-14 04:23:44,854 INFO  client.GrpcClientProtocolClient (GrpcClientProtocolClient.java:onNext(255)) - client-8DB4338F17D0->b5da6a4a-1459-46a4-9479-d2035163dbe2: receive RaftClientReply:client-8DB4338F17D0->b5da6a4a-1459-46a4-9479-d2035163dbe2@group-4A9565783204, cid=1729, SUCCESS, logIndex=0, commits[b5da6a4a-1459-46a4-9479-d2035163dbe2:c2502, 69c25b61-d669-4f17-b36d-41bca3df1f31:c2498, d2a7b1fa-fac6-4c6f-8c6d-9ac7414c70c3:c2498]
2019-07-14 04:23:44,872 INFO  client.GrpcClientProtocolClient (GrpcClientProtocolClient.java:onNext(255)) - client-8DB4338F17D0->b5da6a4a-1459-46a4-9479-d2035163dbe2: receive RaftClientReply:client-8DB4338F17D0->b5da6a4a-1459-46a4-9479-d2035163dbe2@group-4A9565783204, cid=1730, SUCCESS, logIndex=2505, commits[b5da6a4a-1459-46a4-9479-d2035163dbe2:c2506, 69c25b61-d669-4f17-b36d-41bca3df1f31:c2504, d2a7b1fa-fac6-4c6f-8c6d-9ac7414c70c3:c2504]
2019-07-14 04:23:44,872 INFO  client.GrpcClientProtocolClient (GrpcClientProtocolClient.java:onNext(255)) - client-8DB4338F17D0->b5da6a4a-1459-46a4-9479-d2035163dbe2: receive RaftClientReply:client-8DB4338F17D0->b5da6a4a-1459-46a4-9479-d2035163dbe2@group-4A9565783204, cid=1731, SUCCESS, logIndex=2506, commits[b5da6a4a-1459-46a4-9479-d2035163dbe2:c2506, 69c25b61-d669-4f17-b36d-41bca3df1f31:c2504, d2a7b1fa-fac6-4c6f-8c6d-9ac7414c70c3:c2504]
2019-07-14 04:23:44,890 INFO  client.GrpcClientProtocolClient (GrpcClientProtocolClient.java:onNext(255)) - client-8DB4338F17D0->b5da6a4a-1459-46a4-9479-d2035163dbe2: receive RaftClientReply:client-8DB4338F17D0->b5da6a4a-1459-46a4-9479-d2035163dbe2@group-4A9565783204, cid=1732, SUCCESS, logIndex=2509, commits[b5da6a4a-1459-46a4-9479-d2035163dbe2:c2510, 69c25b61-d669-4f17-b36d-41bca3df1f31:c2507, d2a7b1fa-fac6-4c6f-8c6d-9ac7414c70c3:c2507]
2019-07-14 04:23:44,890 INFO  client.GrpcClientProtocolClient (GrpcClientProtocolClient.java:onNext(255)) - client-8DB4338F17D0->b5da6a4a-1459-46a4-9479-d2035163dbe2: receive RaftClientReply:client-8DB4338F17D0->b5da6a4a-1459-46a4-9479-d2035163dbe2@group-4A9565783204, cid=1733, SUCCESS, logIndex=2510, commits[b5da6a4a-1459-46a4-9479-d2035163dbe2:c2510, 69c25b61-d669-4f17-b36d-41bca3df1f31:c2507, d2a7b1fa-fac6-4c6f-8c6d-9ac7414c70c3:c2507]
2019-07-14 04:23:44,900 INFO  client.GrpcClientProtocolClient (GrpcClientProtocolClient.java:onNext(255)) - client-8DB4338F17D0->b5da6a4a-1459-46a4-9479-d2035163dbe2: receive RaftClientReply:client-8DB4338F17D0->b5da6a4a-1459-46a4-9479-d2035163dbe2@group-4A9565783204, cid=1734, SUCCESS, logIndex=0, commits[b5da6a4a-1459-46a4-9479-d2035163dbe2:c2511, 69c25b61-d669-4f17-b36d-41bca3df1f31:c2510, d2a7b1fa-fac6-4c6f-8c6d-9ac7414c70c3:c2510]
2019-07-14 04:23:44,924 INFO  client.GrpcClientProtocolClient (GrpcClientProtocolClient.java:onNext(255)) - client-8DB4338F17D0->b5da6a4a-1459-46a4-9479-d2035163dbe2: receive RaftClientReply:client-8DB4338F17D0->b5da6a4a-1459-46a4-9479-d2035163dbe2@group-4A9565783204, cid=1735, SUCCESS, logIndex=2513, commits[b5da6a4a-1459-46a4-9479-d2035163dbe2:c2514, 69c25b61-d669-4f17-b36d-41bca3df1f31:c2510, d2a7b1fa-fac6-4c6f-8c6d-9ac7414c70c3:c2512]
2019-07-14 04:23:44,925 INFO  client.GrpcClientProtocolClient (GrpcClientProtocolClient.java:onNext(255)) - client-8DB4338F17D0->b5da6a4a-1459-46a4-9479-d2035163dbe2: receive RaftClientReply:client-8DB4338F17D0->b5da6a4a-1459-46a4-9479-d2035163dbe2@group-4A9565783204, cid=1736, SUCCESS, logIndex=2514, commits[b5da6a4a-1459-46a4-9479-d2035163dbe2:c2514, 69c25b61-d669-4f17-b36d-41bca3df1f31:c2512, d2a7b1fa-fac6-4c6f-8c6d-9ac7414c70c3:c2512]
2019-07-14 04:23:44,935 INFO  client.GrpcClientProtocolClient (GrpcClientProtocolClient.java:onNext(255)) - client-8DB4338F17D0->b5da6a4a-1459-46a4-9479-d2035163dbe2: receive RaftClientReply:client-8DB4338F17D0->b5da6a4a-1459-46a4-9479-d2035163dbe2@group-4A9565783204, cid=1737, SUCCESS, logIndex=2515, commits[b5da6a4a-1459-46a4-9479-d2035163dbe2:c2516, 69c25b61-d669-4f17-b36d-41bca3df1f31:c2512, d2a7b1fa-fac6-4c6f-8c6d-9ac7414c70c3:c2512]
2019-07-14 04:23:44,935 INFO  client.GrpcClientProtocolClient (GrpcClientProtocolClient.java:onNext(255)) - client-8DB4338F17D0->b5da6a4a-1459-46a4-9479-d2035163dbe2: receive RaftClientReply:client-8DB4338F17D0->b5da6a4a-1459-46a4-9479-d2035163dbe2@group-4A9565783204, cid=1738, SUCCESS, logIndex=2516, commits[b5da6a4a-1459-46a4-9479-d2035163dbe2:c2518, 69c25b61-d669-4f17-b36d-41bca3df1f31:c2514, d2a7b1fa-fac6-4c6f-8c6d-9ac7414c70c3:c2512]
2019-07-14 04:23:44,936 INFO  client.GrpcClientProtocolClient (GrpcClientProtocolClient.java:onNext(255)) - client-8DB4338F17D0->b5da6a4a-1459-46a4-9479-d2035163dbe2: receive RaftClientReply:client-8DB4338F17D0->b5da6a4a-1459-46a4-9479-d2035163dbe2@group-4A9565783204, cid=1739, SUCCESS, logIndex=0, commits[b5da6a4a-1459-46a4-9479-d2035163dbe2:c2518, 69c25b61-d669-4f17-b36d-41bca3df1f31:c2514, d2a7b1fa-fac6-4c6f-8c6d-9ac7414c70c3:c2514]
2019-07-14 04:23:44,947 INFO  client.GrpcClientProtocolClient (GrpcClientProtocolClient.java:onNext(255)) - client-8DB4338F17D0->b5da6a4a-1459-46a4-9479-d2035163dbe2: receive RaftClientReply:client-8DB4338F17D0->b5da6a4a-1459-46a4-9479-d2035163dbe2@group-4A9565783204, cid=1740, SUCCESS, logIndex=2521, commits[b5da6a4a-1459-46a4-9479-d2035163dbe2:c2522, 69c25b61-d669-4f17-b36d-41bca3df1f31:c2520, d2a7b1fa-fac6-4c6f-8c6d-9ac7414c70c3:c2516]
2019-07-14 04:23:44,947 INFO  client.GrpcClientProtocolClient (GrpcClientProtocolClient.java:onNext(255)) - client-8DB4338F17D0->b5da6a4a-1459-46a4-9479-d2035163dbe2: receive RaftClientReply:client-8DB4338F17D0->b5da6a4a-1459-46a4-9479-d2035163dbe2@group-4A9565783204, cid=1741, SUCCESS, logIndex=2522, commits[b5da6a4a-1459-46a4-9479-d2035163dbe2:c2522, 69c25b61-d669-4f17-b36d-41bca3df1f31:c2520, d2a7b1fa-fac6-4c6f-8c6d-9ac7414c70c3:c2516]
2019-07-14 04:23:44,958 INFO  client.GrpcClientProtocolClient (GrpcClientProtocolClient.java:onNext(255)) - client-8DB4338F17D0->b5da6a4a-1459-46a4-9479-d2035163dbe2: receive RaftClientReply:client-8DB4338F17D0->b5da6a4a-1459-46a4-9479-d2035163dbe2@group-4A9565783204, cid=1742, SUCCESS, logIndex=2525, commits[b5da6a4a-1459-46a4-9479-d2035163dbe2:c2526, 69c25b61-d669-4f17-b36d-41bca3df1f31:c2523, d2a7b1fa-fac6-4c6f-8c6d-9ac7414c70c3:c2522]
2019-07-14 04:23:44,958 INFO  client.GrpcClientProtocolClient (GrpcClientProtocolClient.java:onNext(255)) - client-8DB4338F17D0->b5da6a4a-1459-46a4-9479-d2035163dbe2: receive RaftClientReply:client-8DB4338F17D0->b5da6a4a-1459-46a4-9479-d2035163dbe2@group-4A9565783204, cid=1743, SUCCESS, logIndex=2526, commits[b5da6a4a-1459-46a4-9479-d2035163dbe2:c2526, 69c25b61-d669-4f17-b36d-41bca3df1f31:c2523, d2a7b1fa-fac6-4c6f-8c6d-9ac7414c70c3:c2523]
2019-07-14 04:23:44,964 INFO  client.GrpcClientProtocolClient (GrpcClientProtocolClient.java:onNext(255)) - client-8DB4338F17D0->b5da6a4a-1459-46a4-9479-d2035163dbe2: receive RaftClientReply:client-8DB4338F17D0->b5da6a4a-1459-46a4-9479-d2035163dbe2@group-4A9565783204, cid=1744, SUCCESS, logIndex=0, commits[b5da6a4a-1459-46a4-9479-d2035163dbe2:c2528, 69c25b61-d669-4f17-b36d-41bca3df1f31:c2526, d2a7b1fa-fac6-4c6f-8c6d-9ac7414c70c3:c2526]
2019-07-14 04:23:44,990 INFO  client.GrpcClientProtocolClient (GrpcClientProtocolClient.java:onNext(255)) - client-8DB4338F17D0->b5da6a4a-1459-46a4-9479-d2035163dbe2: receive RaftClientReply:client-8DB4338F17D0->b5da6a4a-1459-46a4-9479-d2035163dbe2@group-4A9565783204, cid=1745, SUCCESS, logIndex=2529, commits[b5da6a4a-1459-46a4-9479-d2035163dbe2:c2530, 69c25b61-d669-4f17-b36d-41bca3df1f31:c2528, d2a7b1fa-fac6-4c6f-8c6d-9ac7414c70c3:c2528]
2019-07-14 04:23:44,991 INFO  client.GrpcClientProtocolClient (GrpcClientProtocolClient.java:onNext(255)) - client-8DB4338F17D0->b5da6a4a-1459-46a4-9479-d2035163dbe2: receive RaftClientReply:client-8DB4338F17D0->b5da6a4a-1459-46a4-9479-d2035163dbe2@group-4A9565783204, cid=1746, SUCCESS, logIndex=2530, commits[b5da6a4a-1459-46a4-9479-d2035163dbe2:c2531, 69c25b61-d669-4f17-b36d-41bca3df1f31:c2528, d2a7b1fa-fac6-4c6f-8c6d-9ac7414c70c3:c2528]
2019-07-14 04:23:44,991 INFO  client.GrpcClientProtocolClient (GrpcClientProtocolClient.java:onNext(255)) - client-8DB4338F17D0->b5da6a4a-1459-46a4-9479-d2035163dbe2: receive RaftClientReply:client-8DB4338F17D0->b5da6a4a-1459-46a4-9479-d2035163dbe2@group-4A9565783204, cid=1747, SUCCESS, logIndex=2531, commits[b5da6a4a-1459-46a4-9479-d2035163dbe2:c2532, 69c25b61-d669-4f17-b36d-41bca3df1f31:c2528, d2a7b1fa-fac6-4c6f-8c6d-9ac7414c70c3:c2528]
2019-07-14 04:23:44,991 INFO  client.GrpcClientProtocolClient (GrpcClientProtocolClient.java:onNext(255)) - client-8DB4338F17D0->b5da6a4a-1459-46a4-9479-d2035163dbe2: receive RaftClientReply:client-8DB4338F17D0->b5da6a4a-1459-46a4-9479-d2035163dbe2@group-4A9565783204, cid=1748, SUCCESS, logIndex=2532, commits[b5da6a4a-1459-46a4-9479-d2035163dbe2:c2532, 69c25b61-d669-4f17-b36d-41bca3df1f31:c2528, d2a7b1fa-fac6-4c6f-8c6d-9ac7414c70c3:c2528]
2019-07-14 04:23:44,994 INFO  client.GrpcClientProtocolClient (GrpcClientProtocolClient.java:onNext(255)) - client-8DB4338F17D0->b5da6a4a-1459-46a4-9479-d2035163dbe2: receive RaftClientReply:client-8DB4338F17D0->b5da6a4a-1459-46a4-9479-d2035163dbe2@group-4A9565783204, cid=1749, SUCCESS, logIndex=0, commits[b5da6a4a-1459-46a4-9479-d2035163dbe2:c2534, 69c25b61-d669-4f17-b36d-41bca3df1f31:c2530, d2a7b1fa-fac6-4c6f-8c6d-9ac7414c70c3:c2530]
2019-07-14 04:23:45,011 INFO  client.GrpcClientProtocolClient (GrpcClientProtocolClient.java:onNext(255)) - client-8DB4338F17D0->b5da6a4a-1459-46a4-9479-d2035163dbe2: receive RaftClientReply:client-8DB4338F17D0->b5da6a4a-1459-46a4-9479-d2035163dbe2@group-4A9565783204, cid=1750, SUCCESS, logIndex=2537, commits[b5da6a4a-1459-46a4-9479-d2035163dbe2:c2538, 69c25b61-d669-4f17-b36d-41bca3df1f31:c2536, d2a7b1fa-fac6-4c6f-8c6d-9ac7414c70c3:c2536]
2019-07-14 04:23:45,012 INFO  client.GrpcClientProtocolClient (GrpcClientProtocolClient.java:onNext(255)) - client-8DB4338F17D0->b5da6a4a-1459-46a4-9479-d2035163dbe2: receive RaftClientReply:client-8DB4338F17D0->b5da6a4a-1459-46a4-9479-d2035163dbe2@group-4A9565783204, cid=1751, SUCCESS, logIndex=2538, commits[b5da6a4a-1459-46a4-9479-d2035163dbe2:c2538, 69c25b61-d669-4f17-b36d-41bca3df1f31:c2536, d2a7b1fa-fac6-4c6f-8c6d-9ac7414c70c3:c2536]
2019-07-14 04:23:45,115 INFO  client.GrpcClientProtocolClient (GrpcClientProtocolClient.java:onNext(255)) - client-8DB4338F17D0->b5da6a4a-1459-46a4-9479-d2035163dbe2: receive RaftClientReply:client-8DB4338F17D0->b5da6a4a-1459-46a4-9479-d2035163dbe2@group-4A9565783204, cid=1752, SUCCESS, logIndex=2541, commits[b5da6a4a-1459-46a4-9479-d2035163dbe2:c2541, 69c25b61-d669-4f17-b36d-41bca3df1f31:c2538, d2a7b1fa-fac6-4c6f-8c6d-9ac7414c70c3:c2538]
2019-07-14 04:23:45,116 INFO  client.GrpcClientProtocolClient (GrpcClientProtocolClient.java:onNext(255)) - client-8DB4338F17D0->b5da6a4a-1459-46a4-9479-d2035163dbe2: receive RaftClientReply:client-8DB4338F17D0->b5da6a4a-1459-46a4-9479-d2035163dbe2@group-4A9565783204, cid=1753, SUCCESS, logIndex=2542, commits[b5da6a4a-1459-46a4-9479-d2035163dbe2:c2542, 69c25b61-d669-4f17-b36d-41bca3df1f31:c2538, d2a7b1fa-fac6-4c6f-8c6d-9ac7414c70c3:c2538]
2019-07-14 04:23:45,128 INFO  client.GrpcClientProtocolClient (GrpcClientProtocolClient.java:onNext(255)) - client-8DB4338F17D0->b5da6a4a-1459-46a4-9479-d2035163dbe2: receive RaftClientReply:client-8DB4338F17D0->b5da6a4a-1459-46a4-9479-d2035163dbe2@group-4A9565783204, cid=1754, SUCCESS, logIndex=0, commits[b5da6a4a-1459-46a4-9479-d2035163dbe2:c2544, 69c25b61-d669-4f17-b36d-41bca3df1f31:c2542, d2a7b1fa-fac6-4c6f-8c6d-9ac7414c70c3:c2542]
2019-07-14 04:23:45,149 INFO  client.GrpcClientProtocolClient (GrpcClientProtocolClient.java:onNext(255)) - client-8DB4338F17D0->b5da6a4a-1459-46a4-9479-d2035163dbe2: receive RaftClientReply:client-8DB4338F17D0->b5da6a4a-1459-46a4-9479-d2035163dbe2@group-4A9565783204, cid=1755, SUCCESS, logIndex=2545, commits[b5da6a4a-1459-46a4-9479-d2035163dbe2:c2546, 69c25b61-d669-4f17-b36d-41bca3df1f31:c2542, d2a7b1fa-fac6-4c6f-8c6d-9ac7414c70c3:c2544]
2019-07-14 04:23:45,149 INFO  client.GrpcClientProtocolClient (GrpcClientProtocolClient.java:onNext(255)) - client-8DB4338F17D0->b5da6a4a-1459-46a4-9479-d2035163dbe2: receive RaftClientReply:client-8DB4338F17D0->b5da6a4a-1459-46a4-9479-d2035163dbe2@group-4A9565783204, cid=1756, SUCCESS, logIndex=2546, commits[b5da6a4a-1459-46a4-9479-d2035163dbe2:c2546, 69c25b61-d669-4f17-b36d-41bca3df1f31:c2542, d2a7b1fa-fac6-4c6f-8c6d-9ac7414c70c3:c2544]
2019-07-14 04:23:45,151 INFO  client.GrpcClientProtocolClient (GrpcClientProtocolClient.java:onNext(255)) - client-8DB4338F17D0->b5da6a4a-1459-46a4-9479-d2035163dbe2: receive RaftClientReply:client-8DB4338F17D0->b5da6a4a-1459-46a4-9479-d2035163dbe2@group-4A9565783204, cid=1757, SUCCESS, logIndex=2547, commits[b5da6a4a-1459-46a4-9479-d2035163dbe2:c2548, 69c25b61-d669-4f17-b36d-41bca3df1f31:c2544, d2a7b1fa-fac6-4c6f-8c6d-9ac7414c70c3:c2544]
2019-07-14 04:23:45,151 INFO  client.GrpcClientProtocolClient (GrpcClientProtocolClient.java:onNext(255)) - client-8DB4338F17D0->b5da6a4a-1459-46a4-9479-d2035163dbe2: receive RaftClientReply:client-8DB4338F17D0->b5da6a4a-1459-46a4-9479-d2035163dbe2@group-4A9565783204, cid=1758, SUCCESS, logIndex=2548, commits[b5da6a4a-1459-46a4-9479-d2035163dbe2:c2550, 69c25b61-d669-4f17-b36d-41bca3df1f31:c2546, d2a7b1fa-fac6-4c6f-8c6d-9ac7414c70c3:c2546]
2019-07-14 04:23:45,166 INFO  client.GrpcClientProtocolClient (GrpcClientProtocolClient.java:onNext(255)) - client-8DB4338F17D0->b5da6a4a-1459-46a4-9479-d2035163dbe2: receive RaftClientReply:client-8DB4338F17D0->b5da6a4a-1459-46a4-9479-d2035163dbe2@group-4A9565783204, cid=1759, SUCCESS, logIndex=2553, commits[b5da6a4a-1459-46a4-9479-d2035163dbe2:c2554, 69c25b61-d669-4f17-b36d-41bca3df1f31:c2550, d2a7b1fa-fac6-4c6f-8c6d-9ac7414c70c3:c2550]
2019-07-14 04:23:45,167 INFO  client.GrpcClientProtocolClient (GrpcClientProtocolClient.java:onNext(255)) - client-8DB4338F17D0->b5da6a4a-1459-46a4-9479-d2035163dbe2: receive RaftClientReply:client-8DB4338F17D0->b5da6a4a-1459-46a4-9479-d2035163dbe2@group-4A9565783204, cid=1760, SUCCESS, logIndex=2554, commits[b5da6a4a-1459-46a4-9479-d2035163dbe2:c2554, 69c25b61-d669-4f17-b36d-41bca3df1f31:c2550, d2a7b1fa-fac6-4c6f-8c6d-9ac7414c70c3:c2550]
2019-07-14 04:23:45,180 INFO  client.GrpcClientProtocolClient (GrpcClientProtocolClient.java:onNext(255)) - client-8DB4338F17D0->b5da6a4a-1459-46a4-9479-d2035163dbe2: receive RaftClientReply:client-8DB4338F17D0->b5da6a4a-1459-46a4-9479-d2035163dbe2@group-4A9565783204, cid=1761, SUCCESS, logIndex=2557, commits[b5da6a4a-1459-46a4-9479-d2035163dbe2:c2558, 69c25b61-d669-4f17-b36d-41bca3df1f31:c2554, d2a7b1fa-fac6-4c6f-8c6d-9ac7414c70c3:c2554]
2019-07-14 04:23:45,180 INFO  client.GrpcClientProtocolClient (GrpcClientProtocolClient.java:onNext(255)) - client-8DB4338F17D0->b5da6a4a-1459-46a4-9479-d2035163dbe2: receive RaftClientReply:client-8DB4338F17D0->b5da6a4a-1459-46a4-9479-d2035163dbe2@group-4A9565783204, cid=1762, SUCCESS, logIndex=2558, commits[b5da6a4a-1459-46a4-9479-d2035163dbe2:c2558, 69c25b61-d669-4f17-b36d-41bca3df1f31:c2554, d2a7b1fa-fac6-4c6f-8c6d-9ac7414c70c3:c2554]
 0.00% |█                                                                                                    |  0/1 Time: 0:00:102019-07-14 04:23:45,196 INFO  client.GrpcClientProtocolClient (GrpcClientProtocolClient.java:onNext(255)) - client-8DB4338F17D0->b5da6a4a-1459-46a4-9479-d2035163dbe2: receive RaftClientReply:client-8DB4338F17D0->b5da6a4a-1459-46a4-9479-d2035163dbe2@group-4A9565783204, cid=1763, SUCCESS, logIndex=0, commits[b5da6a4a-1459-46a4-9479-d2035163dbe2:c2560, 69c25b61-d669-4f17-b36d-41bca3df1f31:c2558, d2a7b1fa-fac6-4c6f-8c6d-9ac7414c70c3:c2558]
2019-07-14 04:23:45,219 INFO  client.GrpcClientProtocolClient (GrpcClientProtocolClient.java:onNext(255)) - client-8DB4338F17D0->b5da6a4a-1459-46a4-9479-d2035163dbe2: receive RaftClientReply:client-8DB4338F17D0->b5da6a4a-1459-46a4-9479-d2035163dbe2@group-4A9565783204, cid=1764, SUCCESS, logIndex=2561, commits[b5da6a4a-1459-46a4-9479-d2035163dbe2:c2563, 69c25b61-d669-4f17-b36d-41bca3df1f31:c2558, d2a7b1fa-fac6-4c6f-8c6d-9ac7414c70c3:c2560]
2019-07-14 04:23:45,220 INFO  client.GrpcClientProtocolClient (GrpcClientProtocolClient.java:onNext(255)) - client-8DB4338F17D0->b5da6a4a-1459-46a4-9479-d2035163dbe2: receive RaftClientReply:client-8DB4338F17D0->b5da6a4a-1459-46a4-9479-d2035163dbe2@group-4A9565783204, cid=1765, SUCCESS, logIndex=2562, commits[b5da6a4a-1459-46a4-9479-d2035163dbe2:c2564, 69c25b61-d669-4f17-b36d-41bca3df1f31:c2560, d2a7b1fa-fac6-4c6f-8c6d-9ac7414c70c3:c2560]
2019-07-14 04:23:45,220 INFO  client.GrpcClientProtocolClient (GrpcClientProtocolClient.java:onNext(255)) - client-8DB4338F17D0->b5da6a4a-1459-46a4-9479-d2035163dbe2: receive RaftClientReply:client-8DB4338F17D0->b5da6a4a-1459-46a4-9479-d2035163dbe2@group-4A9565783204, cid=1766, SUCCESS, logIndex=2563, commits[b5da6a4a-1459-46a4-9479-d2035163dbe2:c2564, 69c25b61-d669-4f17-b36d-41bca3df1f31:c2560, d2a7b1fa-fac6-4c6f-8c6d-9ac7414c70c3:c2560]
2019-07-14 04:23:45,220 INFO  client.GrpcClientProtocolClient (GrpcClientProtocolClient.java:onNext(255)) - client-8DB4338F17D0->b5da6a4a-1459-46a4-9479-d2035163dbe2: receive RaftClientReply:client-8DB4338F17D0->b5da6a4a-1459-46a4-9479-d2035163dbe2@group-4A9565783204, cid=1767, SUCCESS, logIndex=2564, commits[b5da6a4a-1459-46a4-9479-d2035163dbe2:c2564, 69c25b61-d669-4f17-b36d-41bca3df1f31:c2560, d2a7b1fa-fac6-4c6f-8c6d-9ac7414c70c3:c2560]
2019-07-14 04:23:45,225 INFO  client.GrpcClientProtocolClient (GrpcClientProtocolClient.java:onNext(255)) - client-8DB4338F17D0->b5da6a4a-1459-46a4-9479-d2035163dbe2: receive RaftClientReply:client-8DB4338F17D0->b5da6a4a-1459-46a4-9479-d2035163dbe2@group-4A9565783204, cid=1768, SUCCESS, logIndex=0, commits[b5da6a4a-1459-46a4-9479-d2035163dbe2:c2566, 69c25b61-d669-4f17-b36d-41bca3df1f31:c2562, d2a7b1fa-fac6-4c6f-8c6d-9ac7414c70c3:c2562]
2019-07-14 04:23:45,245 INFO  client.GrpcClientProtocolClient (GrpcClientProtocolClient.java:onNext(255)) - client-8DB4338F17D0->b5da6a4a-1459-46a4-9479-d2035163dbe2: receive RaftClientReply:client-8DB4338F17D0->b5da6a4a-1459-46a4-9479-d2035163dbe2@group-4A9565783204, cid=1769, SUCCESS, logIndex=2569, commits[b5da6a4a-1459-46a4-9479-d2035163dbe2:c2570, 69c25b61-d669-4f17-b36d-41bca3df1f31:c2568, d2a7b1fa-fac6-4c6f-8c6d-9ac7414c70c3:c2564]
2019-07-14 04:23:45,245 INFO  client.GrpcClientProtocolClient (GrpcClientProtocolClient.java:onNext(255)) - client-8DB4338F17D0->b5da6a4a-1459-46a4-9479-d2035163dbe2: receive RaftClientReply:client-8DB4338F17D0->b5da6a4a-1459-46a4-9479-d2035163dbe2@group-4A9565783204, cid=1770, SUCCESS, logIndex=2570, commits[b5da6a4a-1459-46a4-9479-d2035163dbe2:c2570, 69c25b61-d669-4f17-b36d-41bca3df1f31:c2568, d2a7b1fa-fac6-4c6f-8c6d-9ac7414c70c3:c2564]
2019-07-14 04:23:45,264 INFO  client.GrpcClientProtocolClient (GrpcClientProtocolClient.java:onNext(255)) - client-8DB4338F17D0->b5da6a4a-1459-46a4-9479-d2035163dbe2: receive RaftClientReply:client-8DB4338F17D0->b5da6a4a-1459-46a4-9479-d2035163dbe2@group-4A9565783204, cid=1771, SUCCESS, logIndex=2573, commits[b5da6a4a-1459-46a4-9479-d2035163dbe2:c2574, 69c25b61-d669-4f17-b36d-41bca3df1f31:c2572, d2a7b1fa-fac6-4c6f-8c6d-9ac7414c70c3:c2572]
2019-07-14 04:23:45,265 INFO  client.GrpcClientProtocolClient (GrpcClientProtocolClient.java:onNext(255)) - client-8DB4338F17D0->b5da6a4a-1459-46a4-9479-d2035163dbe2: receive RaftClientReply:client-8DB4338F17D0->b5da6a4a-1459-46a4-9479-d2035163dbe2@group-4A9565783204, cid=1772, SUCCESS, logIndex=2574, commits[b5da6a4a-1459-46a4-9479-d2035163dbe2:c2574, 69c25b61-d669-4f17-b36d-41bca3df1f31:c2572, d2a7b1fa-fac6-4c6f-8c6d-9ac7414c70c3:c2572]
2019-07-14 04:23:45,269 INFO  client.GrpcClientProtocolClient (GrpcClientProtocolClient.java:onNext(255)) - client-8DB4338F17D0->b5da6a4a-1459-46a4-9479-d2035163dbe2: receive RaftClientReply:client-8DB4338F17D0->b5da6a4a-1459-46a4-9479-d2035163dbe2@group-4A9565783204, cid=1773, SUCCESS, logIndex=0, commits[b5da6a4a-1459-46a4-9479-d2035163dbe2:c2576, 69c25b61-d669-4f17-b36d-41bca3df1f31:c2574, d2a7b1fa-fac6-4c6f-8c6d-9ac7414c70c3:c2574]
2019-07-14 04:23:45,291 INFO  client.GrpcClientProtocolClient (GrpcClientProtocolClient.java:onNext(255)) - client-8DB4338F17D0->b5da6a4a-1459-46a4-9479-d2035163dbe2: receive RaftClientReply:client-8DB4338F17D0->b5da6a4a-1459-46a4-9479-d2035163dbe2@group-4A9565783204, cid=1774, SUCCESS, logIndex=2577, commits[b5da6a4a-1459-46a4-9479-d2035163dbe2:c2578, 69c25b61-d669-4f17-b36d-41bca3df1f31:c2574, d2a7b1fa-fac6-4c6f-8c6d-9ac7414c70c3:c2576]
2019-07-14 04:23:45,291 INFO  client.GrpcClientProtocolClient (GrpcClientProtocolClient.java:onNext(255)) - client-8DB4338F17D0->b5da6a4a-1459-46a4-9479-d2035163dbe2: receive RaftClientReply:client-8DB4338F17D0->b5da6a4a-1459-46a4-9479-d2035163dbe2@group-4A9565783204, cid=1775, SUCCESS, logIndex=2578, commits[b5da6a4a-1459-46a4-9479-d2035163dbe2:c2578, 69c25b61-d669-4f17-b36d-41bca3df1f31:c2576, d2a7b1fa-fac6-4c6f-8c6d-9ac7414c70c3:c2576]
2019-07-14 04:23:45,292 INFO  client.GrpcClientProtocolClient (GrpcClientProtocolClient.java:onNext(255)) - client-8DB4338F17D0->b5da6a4a-1459-46a4-9479-d2035163dbe2: receive RaftClientReply:client-8DB4338F17D0->b5da6a4a-1459-46a4-9479-d2035163dbe2@group-4A9565783204, cid=1776, SUCCESS, logIndex=2579, commits[b5da6a4a-1459-46a4-9479-d2035163dbe2:c2579, 69c25b61-d669-4f17-b36d-41bca3df1f31:c2576, d2a7b1fa-fac6-4c6f-8c6d-9ac7414c70c3:c2576]
2019-07-14 04:23:45,292 INFO  client.GrpcClientProtocolClient (GrpcClientProtocolClient.java:onNext(255)) - client-8DB4338F17D0->b5da6a4a-1459-46a4-9479-d2035163dbe2: receive RaftClientReply:client-8DB4338F17D0->b5da6a4a-1459-46a4-9479-d2035163dbe2@group-4A9565783204, cid=1777, SUCCESS, logIndex=2580, commits[b5da6a4a-1459-46a4-9479-d2035163dbe2:c2580, 69c25b61-d669-4f17-b36d-41bca3df1f31:c2576, d2a7b1fa-fac6-4c6f-8c6d-9ac7414c70c3:c2576]
2019-07-14 04:23:45,295 INFO  client.GrpcClientProtocolClient (GrpcClientProtocolClient.java:onNext(255)) - client-8DB4338F17D0->b5da6a4a-1459-46a4-9479-d2035163dbe2: receive RaftClientReply:client-8DB4338F17D0->b5da6a4a-1459-46a4-9479-d2035163dbe2@group-4A9565783204, cid=1778, SUCCESS, logIndex=0, commits[b5da6a4a-1459-46a4-9479-d2035163dbe2:c2581, 69c25b61-d669-4f17-b36d-41bca3df1f31:c2578, d2a7b1fa-fac6-4c6f-8c6d-9ac7414c70c3:c2578]
2019-07-14 04:23:45,316 INFO  client.GrpcClientProtocolClient (GrpcClientProtocolClient.java:onNext(255)) - client-8DB4338F17D0->b5da6a4a-1459-46a4-9479-d2035163dbe2: receive RaftClientReply:client-8DB4338F17D0->b5da6a4a-1459-46a4-9479-d2035163dbe2@group-4A9565783204, cid=1779, SUCCESS, logIndex=2585, commits[b5da6a4a-1459-46a4-9479-d2035163dbe2:c2586, 69c25b61-d669-4f17-b36d-41bca3df1f31:c2584, d2a7b1fa-fac6-4c6f-8c6d-9ac7414c70c3:c2584]
2019-07-14 04:23:45,316 INFO  client.GrpcClientProtocolClient (GrpcClientProtocolClient.java:onNext(255)) - client-8DB4338F17D0->b5da6a4a-1459-46a4-9479-d2035163dbe2: receive RaftClientReply:client-8DB4338F17D0->b5da6a4a-1459-46a4-9479-d2035163dbe2@group-4A9565783204, cid=1780, SUCCESS, logIndex=2586, commits[b5da6a4a-1459-46a4-9479-d2035163dbe2:c2586, 69c25b61-d669-4f17-b36d-41bca3df1f31:c2584, d2a7b1fa-fac6-4c6f-8c6d-9ac7414c70c3:c2584]
2019-07-14 04:23:45,331 INFO  client.GrpcClientProtocolClient (GrpcClientProtocolClient.java:onNext(255)) - client-8DB4338F17D0->b5da6a4a-1459-46a4-9479-d2035163dbe2: receive RaftClientReply:client-8DB4338F17D0->b5da6a4a-1459-46a4-9479-d2035163dbe2@group-4A9565783204, cid=1781, SUCCESS, logIndex=2589, commits[b5da6a4a-1459-46a4-9479-d2035163dbe2:c2589, 69c25b61-d669-4f17-b36d-41bca3df1f31:c2586, d2a7b1fa-fac6-4c6f-8c6d-9ac7414c70c3:c2586]
2019-07-14 04:23:45,331 INFO  client.GrpcClientProtocolClient (GrpcClientProtocolClient.java:onNext(255)) - client-8DB4338F17D0->b5da6a4a-1459-46a4-9479-d2035163dbe2: receive RaftClientReply:client-8DB4338F17D0->b5da6a4a-1459-46a4-9479-d2035163dbe2@group-4A9565783204, cid=1782, SUCCESS, logIndex=2590, commits[b5da6a4a-1459-46a4-9479-d2035163dbe2:c2590, 69c25b61-d669-4f17-b36d-41bca3df1f31:c2586, d2a7b1fa-fac6-4c6f-8c6d-9ac7414c70c3:c2586]
2019-07-14 04:23:45,344 INFO  client.GrpcClientProtocolClient (GrpcClientProtocolClient.java:onNext(255)) - client-8DB4338F17D0->b5da6a4a-1459-46a4-9479-d2035163dbe2: receive RaftClientReply:client-8DB4338F17D0->b5da6a4a-1459-46a4-9479-d2035163dbe2@group-4A9565783204, cid=1783, SUCCESS, logIndex=0, commits[b5da6a4a-1459-46a4-9479-d2035163dbe2:c2592, 69c25b61-d669-4f17-b36d-41bca3df1f31:c2590, d2a7b1fa-fac6-4c6f-8c6d-9ac7414c70c3:c2590]
2019-07-14 04:23:45,371 INFO  client.GrpcClientProtocolClient (GrpcClientProtocolClient.java:onNext(255)) - client-8DB4338F17D0->b5da6a4a-1459-46a4-9479-d2035163dbe2: receive RaftClientReply:client-8DB4338F17D0->b5da6a4a-1459-46a4-9479-d2035163dbe2@group-4A9565783204, cid=1784, SUCCESS, logIndex=2593, commits[b5da6a4a-1459-46a4-9479-d2035163dbe2:c2594, 69c25b61-d669-4f17-b36d-41bca3df1f31:c2592, d2a7b1fa-fac6-4c6f-8c6d-9ac7414c70c3:c2592]
2019-07-14 04:23:45,372 INFO  client.GrpcClientProtocolClient (GrpcClientProtocolClient.java:onNext(255)) - client-8DB4338F17D0->b5da6a4a-1459-46a4-9479-d2035163dbe2: receive RaftClientReply:client-8DB4338F17D0->b5da6a4a-1459-46a4-9479-d2035163dbe2@group-4A9565783204, cid=1785, SUCCESS, logIndex=2594, commits[b5da6a4a-1459-46a4-9479-d2035163dbe2:c2594, 69c25b61-d669-4f17-b36d-41bca3df1f31:c2592, d2a7b1fa-fac6-4c6f-8c6d-9ac7414c70c3:c2592]
2019-07-14 04:23:45,374 INFO  client.GrpcClientProtocolClient (GrpcClientProtocolClient.java:onNext(255)) - client-8DB4338F17D0->b5da6a4a-1459-46a4-9479-d2035163dbe2: receive RaftClientReply:client-8DB4338F17D0->b5da6a4a-1459-46a4-9479-d2035163dbe2@group-4A9565783204, cid=1786, SUCCESS, logIndex=2595, commits[b5da6a4a-1459-46a4-9479-d2035163dbe2:c2596, 69c25b61-d669-4f17-b36d-41bca3df1f31:c2592, d2a7b1fa-fac6-4c6f-8c6d-9ac7414c70c3:c2592]
2019-07-14 04:23:45,375 INFO  client.GrpcClientProtocolClient (GrpcClientProtocolClient.java:onNext(255)) - client-8DB4338F17D0->b5da6a4a-1459-46a4-9479-d2035163dbe2: receive RaftClientReply:client-8DB4338F17D0->b5da6a4a-1459-46a4-9479-d2035163dbe2@group-4A9565783204, cid=1787, SUCCESS, logIndex=2596, commits[b5da6a4a-1459-46a4-9479-d2035163dbe2:c2596, 69c25b61-d669-4f17-b36d-41bca3df1f31:c2592, d2a7b1fa-fac6-4c6f-8c6d-9ac7414c70c3:c2592]
2019-07-14 04:23:45,376 INFO  client.GrpcClientProtocolClient (GrpcClientProtocolClient.java:onNext(255)) - client-8DB4338F17D0->b5da6a4a-1459-46a4-9479-d2035163dbe2: receive RaftClientReply:client-8DB4338F17D0->b5da6a4a-1459-46a4-9479-d2035163dbe2@group-4A9565783204, cid=1788, SUCCESS, logIndex=0, commits[b5da6a4a-1459-46a4-9479-d2035163dbe2:c2598, 69c25b61-d669-4f17-b36d-41bca3df1f31:c2594, d2a7b1fa-fac6-4c6f-8c6d-9ac7414c70c3:c2594]
2019-07-14 04:23:45,391 INFO  client.GrpcClientProtocolClient (GrpcClientProtocolClient.java:onNext(255)) - client-8DB4338F17D0->b5da6a4a-1459-46a4-9479-d2035163dbe2: receive RaftClientReply:client-8DB4338F17D0->b5da6a4a-1459-46a4-9479-d2035163dbe2@group-4A9565783204, cid=1789, SUCCESS, logIndex=2601, commits[b5da6a4a-1459-46a4-9479-d2035163dbe2:c2602, 69c25b61-d669-4f17-b36d-41bca3df1f31:c2600, d2a7b1fa-fac6-4c6f-8c6d-9ac7414c70c3:c2600]
2019-07-14 04:23:45,391 INFO  client.GrpcClientProtocolClient (GrpcClientProtocolClient.java:onNext(255)) - client-8DB4338F17D0->b5da6a4a-1459-46a4-9479-d2035163dbe2: receive RaftClientReply:client-8DB4338F17D0->b5da6a4a-1459-46a4-9479-d2035163dbe2@group-4A9565783204, cid=1790, SUCCESS, logIndex=2602, commits[b5da6a4a-1459-46a4-9479-d2035163dbe2:c2602, 69c25b61-d669-4f17-b36d-41bca3df1f31:c2600, d2a7b1fa-fac6-4c6f-8c6d-9ac7414c70c3:c2600]
2019-07-14 04:23:45,401 INFO  client.GrpcClientProtocolClient (GrpcClientProtocolClient.java:onNext(255)) - client-8DB4338F17D0->b5da6a4a-1459-46a4-9479-d2035163dbe2: receive RaftClientReply:client-8DB4338F17D0->b5da6a4a-1459-46a4-9479-d2035163dbe2@group-4A9565783204, cid=1791, SUCCESS, logIndex=2605, commits[b5da6a4a-1459-46a4-9479-d2035163dbe2:c2606, 69c25b61-d669-4f17-b36d-41bca3df1f31:c2603, d2a7b1fa-fac6-4c6f-8c6d-9ac7414c70c3:c2603]
2019-07-14 04:23:45,401 INFO  client.GrpcClientProtocolClient (GrpcClientProtocolClient.java:onNext(255)) - client-8DB4338F17D0->b5da6a4a-1459-46a4-9479-d2035163dbe2: receive RaftClientReply:client-8DB4338F17D0->b5da6a4a-1459-46a4-9479-d2035163dbe2@group-4A9565783204, cid=1792, SUCCESS, logIndex=2606, commits[b5da6a4a-1459-46a4-9479-d2035163dbe2:c2606, 69c25b61-d669-4f17-b36d-41bca3df1f31:c2603, d2a7b1fa-fac6-4c6f-8c6d-9ac7414c70c3:c2603]
2019-07-14 04:23:45,404 INFO  client.GrpcClientProtocolClient (GrpcClientProtocolClient.java:onNext(255)) - client-8DB4338F17D0->b5da6a4a-1459-46a4-9479-d2035163dbe2: receive RaftClientReply:client-8DB4338F17D0->b5da6a4a-1459-46a4-9479-d2035163dbe2@group-4A9565783204, cid=1793, SUCCESS, logIndex=0, commits[b5da6a4a-1459-46a4-9479-d2035163dbe2:c2607, 69c25b61-d669-4f17-b36d-41bca3df1f31:c2606, d2a7b1fa-fac6-4c6f-8c6d-9ac7414c70c3:c2606]
2019-07-14 04:23:45,433 INFO  client.GrpcClientProtocolClient (GrpcClientProtocolClient.java:onNext(255)) - client-8DB4338F17D0->b5da6a4a-1459-46a4-9479-d2035163dbe2: receive RaftClientReply:client-8DB4338F17D0->b5da6a4a-1459-46a4-9479-d2035163dbe2@group-4A9565783204, cid=1794, SUCCESS, logIndex=2609, commits[b5da6a4a-1459-46a4-9479-d2035163dbe2:c2610, 69c25b61-d669-4f17-b36d-41bca3df1f31:c2606, d2a7b1fa-fac6-4c6f-8c6d-9ac7414c70c3:c2608]
2019-07-14 04:23:45,433 INFO  client.GrpcClientProtocolClient (GrpcClientProtocolClient.java:onNext(255)) - client-8DB4338F17D0->b5da6a4a-1459-46a4-9479-d2035163dbe2: receive RaftClientReply:client-8DB4338F17D0->b5da6a4a-1459-46a4-9479-d2035163dbe2@group-4A9565783204, cid=1795, SUCCESS, logIndex=2610, commits[b5da6a4a-1459-46a4-9479-d2035163dbe2:c2610, 69c25b61-d669-4f17-b36d-41bca3df1f31:c2606, d2a7b1fa-fac6-4c6f-8c6d-9ac7414c70c3:c2608]
2019-07-14 04:23:45,435 INFO  client.GrpcClientProtocolClient (GrpcClientProtocolClient.java:onNext(255)) - client-8DB4338F17D0->b5da6a4a-1459-46a4-9479-d2035163dbe2: receive RaftClientReply:client-8DB4338F17D0->b5da6a4a-1459-46a4-9479-d2035163dbe2@group-4A9565783204, cid=1796, SUCCESS, logIndex=2611, commits[b5da6a4a-1459-46a4-9479-d2035163dbe2:c2612, 69c25b61-d669-4f17-b36d-41bca3df1f31:c2608, d2a7b1fa-fac6-4c6f-8c6d-9ac7414c70c3:c2608]
2019-07-14 04:23:45,436 INFO  client.GrpcClientProtocolClient (GrpcClientProtocolClient.java:onNext(255)) - client-8DB4338F17D0->b5da6a4a-1459-46a4-9479-d2035163dbe2: receive RaftClientReply:client-8DB4338F17D0->b5da6a4a-1459-46a4-9479-d2035163dbe2@group-4A9565783204, cid=1797, SUCCESS, logIndex=2612, commits[b5da6a4a-1459-46a4-9479-d2035163dbe2:c2612, 69c25b61-d669-4f17-b36d-41bca3df1f31:c2608, d2a7b1fa-fac6-4c6f-8c6d-9ac7414c70c3:c2608]
2019-07-14 04:23:45,437 INFO  client.GrpcClientProtocolClient (GrpcClientProtocolClient.java:onNext(255)) - client-8DB4338F17D0->b5da6a4a-1459-46a4-9479-d2035163dbe2: receive RaftClientReply:client-8DB4338F17D0->b5da6a4a-1459-46a4-9479-d2035163dbe2@group-4A9565783204, cid=1798, SUCCESS, logIndex=0, commits[b5da6a4a-1459-46a4-9479-d2035163dbe2:c2614, 69c25b61-d669-4f17-b36d-41bca3df1f31:c2610, d2a7b1fa-fac6-4c6f-8c6d-9ac7414c70c3:c2610]
2019-07-14 04:23:45,457 INFO  client.GrpcClientProtocolClient (GrpcClientProtocolClient.java:onNext(255)) - client-8DB4338F17D0->b5da6a4a-1459-46a4-9479-d2035163dbe2: receive RaftClientReply:client-8DB4338F17D0->b5da6a4a-1459-46a4-9479-d2035163dbe2@group-4A9565783204, cid=1799, SUCCESS, logIndex=2617, commits[b5da6a4a-1459-46a4-9479-d2035163dbe2:c2618, 69c25b61-d669-4f17-b36d-41bca3df1f31:c2616, d2a7b1fa-fac6-4c6f-8c6d-9ac7414c70c3:c2616]
2019-07-14 04:23:45,458 INFO  client.GrpcClientProtocolClient (GrpcClientProtocolClient.java:onNext(255)) - client-8DB4338F17D0->b5da6a4a-1459-46a4-9479-d2035163dbe2: receive RaftClientReply:client-8DB4338F17D0->b5da6a4a-1459-46a4-9479-d2035163dbe2@group-4A9565783204, cid=1800, SUCCESS, logIndex=2618, commits[b5da6a4a-1459-46a4-9479-d2035163dbe2:c2618, 69c25b61-d669-4f17-b36d-41bca3df1f31:c2616, d2a7b1fa-fac6-4c6f-8c6d-9ac7414c70c3:c2616]
2019-07-14 04:23:45,473 INFO  client.GrpcClientProtocolClient (GrpcClientProtocolClient.java:onNext(255)) - client-8DB4338F17D0->b5da6a4a-1459-46a4-9479-d2035163dbe2: receive RaftClientReply:client-8DB4338F17D0->b5da6a4a-1459-46a4-9479-d2035163dbe2@group-4A9565783204, cid=1801, SUCCESS, logIndex=2620, commits[b5da6a4a-1459-46a4-9479-d2035163dbe2:c2621, 69c25b61-d669-4f17-b36d-41bca3df1f31:c2618, d2a7b1fa-fac6-4c6f-8c6d-9ac7414c70c3:c2618]
2019-07-14 04:23:45,473 INFO  client.GrpcClientProtocolClient (GrpcClientProtocolClient.java:onNext(255)) - client-8DB4338F17D0->b5da6a4a-1459-46a4-9479-d2035163dbe2: receive RaftClientReply:client-8DB4338F17D0->b5da6a4a-1459-46a4-9479-d2035163dbe2@group-4A9565783204, cid=1802, SUCCESS, logIndex=2621, commits[b5da6a4a-1459-46a4-9479-d2035163dbe2:c2621, 69c25b61-d669-4f17-b36d-41bca3df1f31:c2618, d2a7b1fa-fac6-4c6f-8c6d-9ac7414c70c3:c2618]
2019-07-14 04:23:45,476 INFO  client.GrpcClientProtocolClient (GrpcClientProtocolClient.java:onNext(255)) - client-8DB4338F17D0->b5da6a4a-1459-46a4-9479-d2035163dbe2: receive RaftClientReply:client-8DB4338F17D0->b5da6a4a-1459-46a4-9479-d2035163dbe2@group-4A9565783204, cid=1803, SUCCESS, logIndex=0, commits[b5da6a4a-1459-46a4-9479-d2035163dbe2:c2622, 69c25b61-d669-4f17-b36d-41bca3df1f31:c2621, d2a7b1fa-fac6-4c6f-8c6d-9ac7414c70c3:c2621]
2019-07-14 04:23:45,503 INFO  client.GrpcClientProtocolClient (GrpcClientProtocolClient.java:onNext(255)) - client-8DB4338F17D0->b5da6a4a-1459-46a4-9479-d2035163dbe2: receive RaftClientReply:client-8DB4338F17D0->b5da6a4a-1459-46a4-9479-d2035163dbe2@group-4A9565783204, cid=1804, SUCCESS, logIndex=2623, commits[b5da6a4a-1459-46a4-9479-d2035163dbe2:c2624, 69c25b61-d669-4f17-b36d-41bca3df1f31:c2622, d2a7b1fa-fac6-4c6f-8c6d-9ac7414c70c3:c2622]
2019-07-14 04:23:45,503 INFO  client.GrpcClientProtocolClient (GrpcClientProtocolClient.java:onNext(255)) - client-8DB4338F17D0->b5da6a4a-1459-46a4-9479-d2035163dbe2: receive RaftClientReply:client-8DB4338F17D0->b5da6a4a-1459-46a4-9479-d2035163dbe2@group-4A9565783204, cid=1805, SUCCESS, logIndex=2624, commits[b5da6a4a-1459-46a4-9479-d2035163dbe2:c2625, 69c25b61-d669-4f17-b36d-41bca3df1f31:c2622, d2a7b1fa-fac6-4c6f-8c6d-9ac7414c70c3:c2622]
2019-07-14 04:23:45,504 INFO  client.GrpcClientProtocolClient (GrpcClientProtocolClient.java:onNext(255)) - client-8DB4338F17D0->b5da6a4a-1459-46a4-9479-d2035163dbe2: receive RaftClientReply:client-8DB4338F17D0->b5da6a4a-1459-46a4-9479-d2035163dbe2@group-4A9565783204, cid=1806, SUCCESS, logIndex=2625, commits[b5da6a4a-1459-46a4-9479-d2035163dbe2:c2626, 69c25b61-d669-4f17-b36d-41bca3df1f31:c2622, d2a7b1fa-fac6-4c6f-8c6d-9ac7414c70c3:c2622]
2019-07-14 04:23:45,504 INFO  client.GrpcClientProtocolClient (GrpcClientProtocolClient.java:onNext(255)) - client-8DB4338F17D0->b5da6a4a-1459-46a4-9479-d2035163dbe2: receive RaftClientReply:client-8DB4338F17D0->b5da6a4a-1459-46a4-9479-d2035163dbe2@group-4A9565783204, cid=1807, SUCCESS, logIndex=2626, commits[b5da6a4a-1459-46a4-9479-d2035163dbe2:c2626, 69c25b61-d669-4f17-b36d-41bca3df1f31:c2622, d2a7b1fa-fac6-4c6f-8c6d-9ac7414c70c3:c2622]
2019-07-14 04:23:45,507 INFO  client.GrpcClientProtocolClient (GrpcClientProtocolClient.java:onNext(255)) - client-8DB4338F17D0->b5da6a4a-1459-46a4-9479-d2035163dbe2: receive RaftClientReply:client-8DB4338F17D0->b5da6a4a-1459-46a4-9479-d2035163dbe2@group-4A9565783204, cid=1808, SUCCESS, logIndex=0, commits[b5da6a4a-1459-46a4-9479-d2035163dbe2:c2628, 69c25b61-d669-4f17-b36d-41bca3df1f31:c2624, d2a7b1fa-fac6-4c6f-8c6d-9ac7414c70c3:c2624]
2019-07-14 04:23:45,527 INFO  client.GrpcClientProtocolClient (GrpcClientProtocolClient.java:onNext(255)) - client-8DB4338F17D0->b5da6a4a-1459-46a4-9479-d2035163dbe2: receive RaftClientReply:client-8DB4338F17D0->b5da6a4a-1459-46a4-9479-d2035163dbe2@group-4A9565783204, cid=1809, SUCCESS, logIndex=2631, commits[b5da6a4a-1459-46a4-9479-d2035163dbe2:c2632, 69c25b61-d669-4f17-b36d-41bca3df1f31:c2630, d2a7b1fa-fac6-4c6f-8c6d-9ac7414c70c3:c2630]
2019-07-14 04:23:45,527 INFO  client.GrpcClientProtocolClient (GrpcClientProtocolClient.java:onNext(255)) - client-8DB4338F17D0->b5da6a4a-1459-46a4-9479-d2035163dbe2: receive RaftClientReply:client-8DB4338F17D0->b5da6a4a-1459-46a4-9479-d2035163dbe2@group-4A9565783204, cid=1810, SUCCESS, logIndex=2632, commits[b5da6a4a-1459-46a4-9479-d2035163dbe2:c2632, 69c25b61-d669-4f17-b36d-41bca3df1f31:c2630, d2a7b1fa-fac6-4c6f-8c6d-9ac7414c70c3:c2630]
2019-07-14 04:23:45,538 INFO  client.GrpcClientProtocolClient (GrpcClientProtocolClient.java:onNext(255)) - client-8DB4338F17D0->b5da6a4a-1459-46a4-9479-d2035163dbe2: receive RaftClientReply:client-8DB4338F17D0->b5da6a4a-1459-46a4-9479-d2035163dbe2@group-4A9565783204, cid=1811, SUCCESS, logIndex=2635, commits[b5da6a4a-1459-46a4-9479-d2035163dbe2:c2636, 69c25b61-d669-4f17-b36d-41bca3df1f31:c2633, d2a7b1fa-fac6-4c6f-8c6d-9ac7414c70c3:c2633]
2019-07-14 04:23:45,539 INFO  client.GrpcClientProtocolClient (GrpcClientProtocolClient.java:onNext(255)) - client-8DB4338F17D0->b5da6a4a-1459-46a4-9479-d2035163dbe2: receive RaftClientReply:client-8DB4338F17D0->b5da6a4a-1459-46a4-9479-d2035163dbe2@group-4A9565783204, cid=1812, SUCCESS, logIndex=2636, commits[b5da6a4a-1459-46a4-9479-d2035163dbe2:c2636, 69c25b61-d669-4f17-b36d-41bca3df1f31:c2633, d2a7b1fa-fac6-4c6f-8c6d-9ac7414c70c3:c2633]
2019-07-14 04:23:45,542 INFO  client.GrpcClientProtocolClient (GrpcClientProtocolClient.java:onNext(255)) - client-8DB4338F17D0->b5da6a4a-1459-46a4-9479-d2035163dbe2: receive RaftClientReply:client-8DB4338F17D0->b5da6a4a-1459-46a4-9479-d2035163dbe2@group-4A9565783204, cid=1813, SUCCESS, logIndex=0, commits[b5da6a4a-1459-46a4-9479-d2035163dbe2:c2638, 69c25b61-d669-4f17-b36d-41bca3df1f31:c2636, d2a7b1fa-fac6-4c6f-8c6d-9ac7414c70c3:c2636]
2019-07-14 04:23:45,571 INFO  client.GrpcClientProtocolClient (GrpcClientProtocolClient.java:onNext(255)) - client-8DB4338F17D0->b5da6a4a-1459-46a4-9479-d2035163dbe2: receive RaftClientReply:client-8DB4338F17D0->b5da6a4a-1459-46a4-9479-d2035163dbe2@group-4A9565783204, cid=1814, SUCCESS, logIndex=2639, commits[b5da6a4a-1459-46a4-9479-d2035163dbe2:c2640, 69c25b61-d669-4f17-b36d-41bca3df1f31:c2638, d2a7b1fa-fac6-4c6f-8c6d-9ac7414c70c3:c2638]
2019-07-14 04:23:45,571 INFO  client.GrpcClientProtocolClient (GrpcClientProtocolClient.java:onNext(255)) - client-8DB4338F17D0->b5da6a4a-1459-46a4-9479-d2035163dbe2: receive RaftClientReply:client-8DB4338F17D0->b5da6a4a-1459-46a4-9479-d2035163dbe2@group-4A9565783204, cid=1815, SUCCESS, logIndex=2640, commits[b5da6a4a-1459-46a4-9479-d2035163dbe2:c2642, 69c25b61-d669-4f17-b36d-41bca3df1f31:c2638, d2a7b1fa-fac6-4c6f-8c6d-9ac7414c70c3:c2638]
2019-07-14 04:23:45,572 INFO  client.GrpcClientProtocolClient (GrpcClientProtocolClient.java:onNext(255)) - client-8DB4338F17D0->b5da6a4a-1459-46a4-9479-d2035163dbe2: receive RaftClientReply:client-8DB4338F17D0->b5da6a4a-1459-46a4-9479-d2035163dbe2@group-4A9565783204, cid=1816, SUCCESS, logIndex=2641, commits[b5da6a4a-1459-46a4-9479-d2035163dbe2:c2642, 69c25b61-d669-4f17-b36d-41bca3df1f31:c2638, d2a7b1fa-fac6-4c6f-8c6d-9ac7414c70c3:c2638]
2019-07-14 04:23:45,572 INFO  client.GrpcClientProtocolClient (GrpcClientProtocolClient.java:onNext(255)) - client-8DB4338F17D0->b5da6a4a-1459-46a4-9479-d2035163dbe2: receive RaftClientReply:client-8DB4338F17D0->b5da6a4a-1459-46a4-9479-d2035163dbe2@group-4A9565783204, cid=1817, SUCCESS, logIndex=2642, commits[b5da6a4a-1459-46a4-9479-d2035163dbe2:c2642, 69c25b61-d669-4f17-b36d-41bca3df1f31:c2638, d2a7b1fa-fac6-4c6f-8c6d-9ac7414c70c3:c2638]
2019-07-14 04:23:45,577 INFO  client.GrpcClientProtocolClient (GrpcClientProtocolClient.java:onNext(255)) - client-8DB4338F17D0->b5da6a4a-1459-46a4-9479-d2035163dbe2: receive RaftClientReply:client-8DB4338F17D0->b5da6a4a-1459-46a4-9479-d2035163dbe2@group-4A9565783204, cid=1818, SUCCESS, logIndex=0, commits[b5da6a4a-1459-46a4-9479-d2035163dbe2:c2645, 69c25b61-d669-4f17-b36d-41bca3df1f31:c2640, d2a7b1fa-fac6-4c6f-8c6d-9ac7414c70c3:c2641]
2019-07-14 04:23:45,595 INFO  client.GrpcClientProtocolClient (GrpcClientProtocolClient.java:onNext(255)) - client-8DB4338F17D0->b5da6a4a-1459-46a4-9479-d2035163dbe2: receive RaftClientReply:client-8DB4338F17D0->b5da6a4a-1459-46a4-9479-d2035163dbe2@group-4A9565783204, cid=1819, SUCCESS, logIndex=2647, commits[b5da6a4a-1459-46a4-9479-d2035163dbe2:c2648, 69c25b61-d669-4f17-b36d-41bca3df1f31:c2646, d2a7b1fa-fac6-4c6f-8c6d-9ac7414c70c3:c2646]
2019-07-14 04:23:46,073 INFO  client.GrpcClientProtocolClient (GrpcClientProtocolClient.java:onNext(255)) - client-8DB4338F17D0->b5da6a4a-1459-46a4-9479-d2035163dbe2: receive RaftClientReply:client-8DB4338F17D0->b5da6a4a-1459-46a4-9479-d2035163dbe2@group-4A9565783204, cid=1820, SUCCESS, logIndex=2648, commits[b5da6a4a-1459-46a4-9479-d2035163dbe2:c2648, 69c25b61-d669-4f17-b36d-41bca3df1f31:c2646, d2a7b1fa-fac6-4c6f-8c6d-9ac7414c70c3:c2646]
2019-07-14 04:23:46,095 INFO  client.GrpcClientProtocolClient (GrpcClientProtocolClient.java:onNext(255)) - client-8DB4338F17D0->b5da6a4a-1459-46a4-9479-d2035163dbe2: receive RaftClientReply:client-8DB4338F17D0->b5da6a4a-1459-46a4-9479-d2035163dbe2@group-4A9565783204, cid=1821, SUCCESS, logIndex=2651, commits[b5da6a4a-1459-46a4-9479-d2035163dbe2:c2652, 69c25b61-d669-4f17-b36d-41bca3df1f31:c2650, d2a7b1fa-fac6-4c6f-8c6d-9ac7414c70c3:c2650]
2019-07-14 04:23:46,095 INFO  client.GrpcClientProtocolClient (GrpcClientProtocolClient.java:onNext(255)) - client-8DB4338F17D0->b5da6a4a-1459-46a4-9479-d2035163dbe2: receive RaftClientReply:client-8DB4338F17D0->b5da6a4a-1459-46a4-9479-d2035163dbe2@group-4A9565783204, cid=1822, SUCCESS, logIndex=2652, commits[b5da6a4a-1459-46a4-9479-d2035163dbe2:c2652, 69c25b61-d669-4f17-b36d-41bca3df1f31:c2650, d2a7b1fa-fac6-4c6f-8c6d-9ac7414c70c3:c2650]
2019-07-14 04:23:46,098 INFO  client.GrpcClientProtocolClient (GrpcClientProtocolClient.java:onNext(255)) - client-8DB4338F17D0->b5da6a4a-1459-46a4-9479-d2035163dbe2: receive RaftClientReply:client-8DB4338F17D0->b5da6a4a-1459-46a4-9479-d2035163dbe2@group-4A9565783204, cid=1823, SUCCESS, logIndex=0, commits[b5da6a4a-1459-46a4-9479-d2035163dbe2:c2653, 69c25b61-d669-4f17-b36d-41bca3df1f31:c2652, d2a7b1fa-fac6-4c6f-8c6d-9ac7414c70c3:c2652]
2019-07-14 04:23:46,125 INFO  client.GrpcClientProtocolClient (GrpcClientProtocolClient.java:onNext(255)) - client-8DB4338F17D0->b5da6a4a-1459-46a4-9479-d2035163dbe2: receive RaftClientReply:client-8DB4338F17D0->b5da6a4a-1459-46a4-9479-d2035163dbe2@group-4A9565783204, cid=1824, SUCCESS, logIndex=2655, commits[b5da6a4a-1459-46a4-9479-d2035163dbe2:c2656, 69c25b61-d669-4f17-b36d-41bca3df1f31:c2654, d2a7b1fa-fac6-4c6f-8c6d-9ac7414c70c3:c2654]
2019-07-14 04:23:46,126 INFO  client.GrpcClientProtocolClient (GrpcClientProtocolClient.java:onNext(255)) - client-8DB4338F17D0->b5da6a4a-1459-46a4-9479-d2035163dbe2: receive RaftClientReply:client-8DB4338F17D0->b5da6a4a-1459-46a4-9479-d2035163dbe2@group-4A9565783204, cid=1825, SUCCESS, logIndex=2656, commits[b5da6a4a-1459-46a4-9479-d2035163dbe2:c2657, 69c25b61-d669-4f17-b36d-41bca3df1f31:c2654, d2a7b1fa-fac6-4c6f-8c6d-9ac7414c70c3:c2654]
2019-07-14 04:23:46,126 INFO  client.GrpcClientProtocolClient (GrpcClientProtocolClient.java:onNext(255)) - client-8DB4338F17D0->b5da6a4a-1459-46a4-9479-d2035163dbe2: receive RaftClientReply:client-8DB4338F17D0->b5da6a4a-1459-46a4-9479-d2035163dbe2@group-4A9565783204, cid=1826, SUCCESS, logIndex=2657, commits[b5da6a4a-1459-46a4-9479-d2035163dbe2:c2658, 69c25b61-d669-4f17-b36d-41bca3df1f31:c2654, d2a7b1fa-fac6-4c6f-8c6d-9ac7414c70c3:c2654]
2019-07-14 04:23:46,126 INFO  client.GrpcClientProtocolClient (GrpcClientProtocolClient.java:onNext(255)) - client-8DB4338F17D0->b5da6a4a-1459-46a4-9479-d2035163dbe2: receive RaftClientReply:client-8DB4338F17D0->b5da6a4a-1459-46a4-9479-d2035163dbe2@group-4A9565783204, cid=1827, SUCCESS, logIndex=2658, commits[b5da6a4a-1459-46a4-9479-d2035163dbe2:c2658, 69c25b61-d669-4f17-b36d-41bca3df1f31:c2654, d2a7b1fa-fac6-4c6f-8c6d-9ac7414c70c3:c2654]
2019-07-14 04:23:46,129 INFO  client.GrpcClientProtocolClient (GrpcClientProtocolClient.java:onNext(255)) - client-8DB4338F17D0->b5da6a4a-1459-46a4-9479-d2035163dbe2: receive RaftClientReply:client-8DB4338F17D0->b5da6a4a-1459-46a4-9479-d2035163dbe2@group-4A9565783204, cid=1828, SUCCESS, logIndex=0, commits[b5da6a4a-1459-46a4-9479-d2035163dbe2:c2660, 69c25b61-d669-4f17-b36d-41bca3df1f31:c2656, d2a7b1fa-fac6-4c6f-8c6d-9ac7414c70c3:c2656]
2019-07-14 04:23:46,142 INFO  client.GrpcClientProtocolClient (GrpcClientProtocolClient.java:onNext(255)) - client-8DB4338F17D0->b5da6a4a-1459-46a4-9479-d2035163dbe2: receive RaftClientReply:client-8DB4338F17D0->b5da6a4a-1459-46a4-9479-d2035163dbe2@group-4A9565783204, cid=1829, SUCCESS, logIndex=2663, commits[b5da6a4a-1459-46a4-9479-d2035163dbe2:c2664, 69c25b61-d669-4f17-b36d-41bca3df1f31:c2662, d2a7b1fa-fac6-4c6f-8c6d-9ac7414c70c3:c2662]
2019-07-14 04:23:46,143 INFO  client.GrpcClientProtocolClient (GrpcClientProtocolClient.java:onNext(255)) - client-8DB4338F17D0->b5da6a4a-1459-46a4-9479-d2035163dbe2: receive RaftClientReply:client-8DB4338F17D0->b5da6a4a-1459-46a4-9479-d2035163dbe2@group-4A9565783204, cid=1830, SUCCESS, logIndex=2664, commits[b5da6a4a-1459-46a4-9479-d2035163dbe2:c2664, 69c25b61-d669-4f17-b36d-41bca3df1f31:c2662, d2a7b1fa-fac6-4c6f-8c6d-9ac7414c70c3:c2662]
2019-07-14 04:23:46,164 INFO  client.GrpcClientProtocolClient (GrpcClientProtocolClient.java:onNext(255)) - client-8DB4338F17D0->b5da6a4a-1459-46a4-9479-d2035163dbe2: receive RaftClientReply:client-8DB4338F17D0->b5da6a4a-1459-46a4-9479-d2035163dbe2@group-4A9565783204, cid=1831, SUCCESS, logIndex=2667, commits[b5da6a4a-1459-46a4-9479-d2035163dbe2:c2668, 69c25b61-d669-4f17-b36d-41bca3df1f31:c2666, d2a7b1fa-fac6-4c6f-8c6d-9ac7414c70c3:c2664]
2019-07-14 04:23:46,165 INFO  client.GrpcClientProtocolClient (GrpcClientProtocolClient.java:onNext(255)) - client-8DB4338F17D0->b5da6a4a-1459-46a4-9479-d2035163dbe2: receive RaftClientReply:client-8DB4338F17D0->b5da6a4a-1459-46a4-9479-d2035163dbe2@group-4A9565783204, cid=1832, SUCCESS, logIndex=2668, commits[b5da6a4a-1459-46a4-9479-d2035163dbe2:c2668, 69c25b61-d669-4f17-b36d-41bca3df1f31:c2666, d2a7b1fa-fac6-4c6f-8c6d-9ac7414c70c3:c2666]
2019-07-14 04:23:46,172 INFO  client.GrpcClientProtocolClient (GrpcClientProtocolClient.java:onNext(255)) - client-8DB4338F17D0->b5da6a4a-1459-46a4-9479-d2035163dbe2: receive RaftClientReply:client-8DB4338F17D0->b5da6a4a-1459-46a4-9479-d2035163dbe2@group-4A9565783204, cid=1833, SUCCESS, logIndex=0, commits[b5da6a4a-1459-46a4-9479-d2035163dbe2:c2669, 69c25b61-d669-4f17-b36d-41bca3df1f31:c2668, d2a7b1fa-fac6-4c6f-8c6d-9ac7414c70c3:c2668]
 0.00% |█                                                                                                    |  0/1 Time: 0:00:112019-07-14 04:23:46,197 INFO  client.GrpcClientProtocolClient (GrpcClientProtocolClient.java:onNext(255)) - client-8DB4338F17D0->b5da6a4a-1459-46a4-9479-d2035163dbe2: receive RaftClientReply:client-8DB4338F17D0->b5da6a4a-1459-46a4-9479-d2035163dbe2@group-4A9565783204, cid=1834, SUCCESS, logIndex=2671, commits[b5da6a4a-1459-46a4-9479-d2035163dbe2:c2672, 69c25b61-d669-4f17-b36d-41bca3df1f31:c2670, d2a7b1fa-fac6-4c6f-8c6d-9ac7414c70c3:c2670]
2019-07-14 04:23:46,198 INFO  client.GrpcClientProtocolClient (GrpcClientProtocolClient.java:onNext(255)) - client-8DB4338F17D0->b5da6a4a-1459-46a4-9479-d2035163dbe2: receive RaftClientReply:client-8DB4338F17D0->b5da6a4a-1459-46a4-9479-d2035163dbe2@group-4A9565783204, cid=1835, SUCCESS, logIndex=2672, commits[b5da6a4a-1459-46a4-9479-d2035163dbe2:c2674, 69c25b61-d669-4f17-b36d-41bca3df1f31:c2670, d2a7b1fa-fac6-4c6f-8c6d-9ac7414c70c3:c2670]
2019-07-14 04:23:46,198 INFO  client.GrpcClientProtocolClient (GrpcClientProtocolClient.java:onNext(255)) - client-8DB4338F17D0->b5da6a4a-1459-46a4-9479-d2035163dbe2: receive RaftClientReply:client-8DB4338F17D0->b5da6a4a-1459-46a4-9479-d2035163dbe2@group-4A9565783204, cid=1836, SUCCESS, logIndex=2673, commits[b5da6a4a-1459-46a4-9479-d2035163dbe2:c2674, 69c25b61-d669-4f17-b36d-41bca3df1f31:c2670, d2a7b1fa-fac6-4c6f-8c6d-9ac7414c70c3:c2670]
2019-07-14 04:23:46,198 INFO  client.GrpcClientProtocolClient (GrpcClientProtocolClient.java:onNext(255)) - client-8DB4338F17D0->b5da6a4a-1459-46a4-9479-d2035163dbe2: receive RaftClientReply:client-8DB4338F17D0->b5da6a4a-1459-46a4-9479-d2035163dbe2@group-4A9565783204, cid=1837, SUCCESS, logIndex=2674, commits[b5da6a4a-1459-46a4-9479-d2035163dbe2:c2674, 69c25b61-d669-4f17-b36d-41bca3df1f31:c2670, d2a7b1fa-fac6-4c6f-8c6d-9ac7414c70c3:c2670]
2019-07-14 04:23:46,203 INFO  client.GrpcClientProtocolClient (GrpcClientProtocolClient.java:onNext(255)) - client-8DB4338F17D0->b5da6a4a-1459-46a4-9479-d2035163dbe2: receive RaftClientReply:client-8DB4338F17D0->b5da6a4a-1459-46a4-9479-d2035163dbe2@group-4A9565783204, cid=1838, SUCCESS, logIndex=0, commits[b5da6a4a-1459-46a4-9479-d2035163dbe2:c2677, 69c25b61-d669-4f17-b36d-41bca3df1f31:c2673, d2a7b1fa-fac6-4c6f-8c6d-9ac7414c70c3:c2672]
2019-07-14 04:23:46,223 INFO  client.GrpcClientProtocolClient (GrpcClientProtocolClient.java:onNext(255)) - client-8DB4338F17D0->b5da6a4a-1459-46a4-9479-d2035163dbe2: receive RaftClientReply:client-8DB4338F17D0->b5da6a4a-1459-46a4-9479-d2035163dbe2@group-4A9565783204, cid=1839, SUCCESS, logIndex=2679, commits[b5da6a4a-1459-46a4-9479-d2035163dbe2:c2680, 69c25b61-d669-4f17-b36d-41bca3df1f31:c2678, d2a7b1fa-fac6-4c6f-8c6d-9ac7414c70c3:c2678]
2019-07-14 04:23:46,223 INFO  client.GrpcClientProtocolClient (GrpcClientProtocolClient.java:onNext(255)) - client-8DB4338F17D0->b5da6a4a-1459-46a4-9479-d2035163dbe2: receive RaftClientReply:client-8DB4338F17D0->b5da6a4a-1459-46a4-9479-d2035163dbe2@group-4A9565783204, cid=1840, SUCCESS, logIndex=2680, commits[b5da6a4a-1459-46a4-9479-d2035163dbe2:c2680, 69c25b61-d669-4f17-b36d-41bca3df1f31:c2678, d2a7b1fa-fac6-4c6f-8c6d-9ac7414c70c3:c2678]
2019-07-14 04:23:46,234 INFO  client.GrpcClientProtocolClient (GrpcClientProtocolClient.java:onNext(255)) - client-8DB4338F17D0->b5da6a4a-1459-46a4-9479-d2035163dbe2: receive RaftClientReply:client-8DB4338F17D0->b5da6a4a-1459-46a4-9479-d2035163dbe2@group-4A9565783204, cid=1841, SUCCESS, logIndex=2683, commits[b5da6a4a-1459-46a4-9479-d2035163dbe2:c2684, 69c25b61-d669-4f17-b36d-41bca3df1f31:c2680, d2a7b1fa-fac6-4c6f-8c6d-9ac7414c70c3:c2680]
2019-07-14 04:23:46,234 INFO  client.GrpcClientProtocolClient (GrpcClientProtocolClient.java:onNext(255)) - client-8DB4338F17D0->b5da6a4a-1459-46a4-9479-d2035163dbe2: receive RaftClientReply:client-8DB4338F17D0->b5da6a4a-1459-46a4-9479-d2035163dbe2@group-4A9565783204, cid=1842, SUCCESS, logIndex=2684, commits[b5da6a4a-1459-46a4-9479-d2035163dbe2:c2684, 69c25b61-d669-4f17-b36d-41bca3df1f31:c2680, d2a7b1fa-fac6-4c6f-8c6d-9ac7414c70c3:c2680]
2019-07-14 04:23:46,239 INFO  client.GrpcClientProtocolClient (GrpcClientProtocolClient.java:onNext(255)) - client-8DB4338F17D0->b5da6a4a-1459-46a4-9479-d2035163dbe2: receive RaftClientReply:client-8DB4338F17D0->b5da6a4a-1459-46a4-9479-d2035163dbe2@group-4A9565783204, cid=1843, SUCCESS, logIndex=0, commits[b5da6a4a-1459-46a4-9479-d2035163dbe2:c2686, 69c25b61-d669-4f17-b36d-41bca3df1f31:c2684, d2a7b1fa-fac6-4c6f-8c6d-9ac7414c70c3:c2684]
2019-07-14 04:23:46,260 INFO  client.GrpcClientProtocolClient (GrpcClientProtocolClient.java:onNext(255)) - client-8DB4338F17D0->b5da6a4a-1459-46a4-9479-d2035163dbe2: receive RaftClientReply:client-8DB4338F17D0->b5da6a4a-1459-46a4-9479-d2035163dbe2@group-4A9565783204, cid=1844, SUCCESS, logIndex=2687, commits[b5da6a4a-1459-46a4-9479-d2035163dbe2:c2688, 69c25b61-d669-4f17-b36d-41bca3df1f31:c2686, d2a7b1fa-fac6-4c6f-8c6d-9ac7414c70c3:c2684]
2019-07-14 04:23:46,261 INFO  client.GrpcClientProtocolClient (GrpcClientProtocolClient.java:onNext(255)) - client-8DB4338F17D0->b5da6a4a-1459-46a4-9479-d2035163dbe2: receive RaftClientReply:client-8DB4338F17D0->b5da6a4a-1459-46a4-9479-d2035163dbe2@group-4A9565783204, cid=1845, SUCCESS, logIndex=2688, commits[b5da6a4a-1459-46a4-9479-d2035163dbe2:c2688, 69c25b61-d669-4f17-b36d-41bca3df1f31:c2686, d2a7b1fa-fac6-4c6f-8c6d-9ac7414c70c3:c2686]
2019-07-14 04:23:46,262 INFO  client.GrpcClientProtocolClient (GrpcClientProtocolClient.java:onNext(255)) - client-8DB4338F17D0->b5da6a4a-1459-46a4-9479-d2035163dbe2: receive RaftClientReply:client-8DB4338F17D0->b5da6a4a-1459-46a4-9479-d2035163dbe2@group-4A9565783204, cid=1846, SUCCESS, logIndex=2689, commits[b5da6a4a-1459-46a4-9479-d2035163dbe2:c2690, 69c25b61-d669-4f17-b36d-41bca3df1f31:c2686, d2a7b1fa-fac6-4c6f-8c6d-9ac7414c70c3:c2686]
2019-07-14 04:23:46,262 INFO  client.GrpcClientProtocolClient (GrpcClientProtocolClient.java:onNext(255)) - client-8DB4338F17D0->b5da6a4a-1459-46a4-9479-d2035163dbe2: receive RaftClientReply:client-8DB4338F17D0->b5da6a4a-1459-46a4-9479-d2035163dbe2@group-4A9565783204, cid=1847, SUCCESS, logIndex=2690, commits[b5da6a4a-1459-46a4-9479-d2035163dbe2:c2690, 69c25b61-d669-4f17-b36d-41bca3df1f31:c2686, d2a7b1fa-fac6-4c6f-8c6d-9ac7414c70c3:c2686]
2019-07-14 04:23:46,263 INFO  client.GrpcClientProtocolClient (GrpcClientProtocolClient.java:onNext(255)) - client-8DB4338F17D0->b5da6a4a-1459-46a4-9479-d2035163dbe2: receive RaftClientReply:client-8DB4338F17D0->b5da6a4a-1459-46a4-9479-d2035163dbe2@group-4A9565783204, cid=1848, SUCCESS, logIndex=0, commits[b5da6a4a-1459-46a4-9479-d2035163dbe2:c2692, 69c25b61-d669-4f17-b36d-41bca3df1f31:c2688, d2a7b1fa-fac6-4c6f-8c6d-9ac7414c70c3:c2688]
2019-07-14 04:23:46,280 INFO  client.GrpcClientProtocolClient (GrpcClientProtocolClient.java:onNext(255)) - client-8DB4338F17D0->b5da6a4a-1459-46a4-9479-d2035163dbe2: receive RaftClientReply:client-8DB4338F17D0->b5da6a4a-1459-46a4-9479-d2035163dbe2@group-4A9565783204, cid=1849, SUCCESS, logIndex=2695, commits[b5da6a4a-1459-46a4-9479-d2035163dbe2:c2696, 69c25b61-d669-4f17-b36d-41bca3df1f31:c2694, d2a7b1fa-fac6-4c6f-8c6d-9ac7414c70c3:c2694]
2019-07-14 04:23:46,281 INFO  client.GrpcClientProtocolClient (GrpcClientProtocolClient.java:onNext(255)) - client-8DB4338F17D0->b5da6a4a-1459-46a4-9479-d2035163dbe2: receive RaftClientReply:client-8DB4338F17D0->b5da6a4a-1459-46a4-9479-d2035163dbe2@group-4A9565783204, cid=1850, SUCCESS, logIndex=2696, commits[b5da6a4a-1459-46a4-9479-d2035163dbe2:c2696, 69c25b61-d669-4f17-b36d-41bca3df1f31:c2694, d2a7b1fa-fac6-4c6f-8c6d-9ac7414c70c3:c2694]
2019-07-14 04:23:46,292 INFO  client.GrpcClientProtocolClient (GrpcClientProtocolClient.java:onNext(255)) - client-8DB4338F17D0->b5da6a4a-1459-46a4-9479-d2035163dbe2: receive RaftClientReply:client-8DB4338F17D0->b5da6a4a-1459-46a4-9479-d2035163dbe2@group-4A9565783204, cid=1851, SUCCESS, logIndex=2699, commits[b5da6a4a-1459-46a4-9479-d2035163dbe2:c2700, 69c25b61-d669-4f17-b36d-41bca3df1f31:c2696, d2a7b1fa-fac6-4c6f-8c6d-9ac7414c70c3:c2696]
2019-07-14 04:23:46,293 INFO  client.GrpcClientProtocolClient (GrpcClientProtocolClient.java:onNext(255)) - client-8DB4338F17D0->b5da6a4a-1459-46a4-9479-d2035163dbe2: receive RaftClientReply:client-8DB4338F17D0->b5da6a4a-1459-46a4-9479-d2035163dbe2@group-4A9565783204, cid=1852, SUCCESS, logIndex=2700, commits[b5da6a4a-1459-46a4-9479-d2035163dbe2:c2700, 69c25b61-d669-4f17-b36d-41bca3df1f31:c2696, d2a7b1fa-fac6-4c6f-8c6d-9ac7414c70c3:c2696]
2019-07-14 04:23:46,305 INFO  client.GrpcClientProtocolClient (GrpcClientProtocolClient.java:onNext(255)) - client-8DB4338F17D0->b5da6a4a-1459-46a4-9479-d2035163dbe2: receive RaftClientReply:client-8DB4338F17D0->b5da6a4a-1459-46a4-9479-d2035163dbe2@group-4A9565783204, cid=1853, SUCCESS, logIndex=0, commits[b5da6a4a-1459-46a4-9479-d2035163dbe2:c2702, 69c25b61-d669-4f17-b36d-41bca3df1f31:c2700, d2a7b1fa-fac6-4c6f-8c6d-9ac7414c70c3:c2700]
2019-07-14 04:23:46,329 INFO  client.GrpcClientProtocolClient (GrpcClientProtocolClient.java:onNext(255)) - client-8DB4338F17D0->b5da6a4a-1459-46a4-9479-d2035163dbe2: receive RaftClientReply:client-8DB4338F17D0->b5da6a4a-1459-46a4-9479-d2035163dbe2@group-4A9565783204, cid=1854, SUCCESS, logIndex=2703, commits[b5da6a4a-1459-46a4-9479-d2035163dbe2:c2705, 69c25b61-d669-4f17-b36d-41bca3df1f31:c2702, d2a7b1fa-fac6-4c6f-8c6d-9ac7414c70c3:c2702]
2019-07-14 04:23:46,329 INFO  client.GrpcClientProtocolClient (GrpcClientProtocolClient.java:onNext(255)) - client-8DB4338F17D0->b5da6a4a-1459-46a4-9479-d2035163dbe2: receive RaftClientReply:client-8DB4338F17D0->b5da6a4a-1459-46a4-9479-d2035163dbe2@group-4A9565783204, cid=1855, SUCCESS, logIndex=2704, commits[b5da6a4a-1459-46a4-9479-d2035163dbe2:c2706, 69c25b61-d669-4f17-b36d-41bca3df1f31:c2702, d2a7b1fa-fac6-4c6f-8c6d-9ac7414c70c3:c2702]
2019-07-14 04:23:46,332 INFO  client.GrpcClientProtocolClient (GrpcClientProtocolClient.java:onNext(255)) - client-8DB4338F17D0->b5da6a4a-1459-46a4-9479-d2035163dbe2: receive RaftClientReply:client-8DB4338F17D0->b5da6a4a-1459-46a4-9479-d2035163dbe2@group-4A9565783204, cid=1856, SUCCESS, logIndex=2705, commits[b5da6a4a-1459-46a4-9479-d2035163dbe2:c2706, 69c25b61-d669-4f17-b36d-41bca3df1f31:c2702, d2a7b1fa-fac6-4c6f-8c6d-9ac7414c70c3:c2702]
2019-07-14 04:23:46,332 INFO  client.GrpcClientProtocolClient (GrpcClientProtocolClient.java:onNext(255)) - client-8DB4338F17D0->b5da6a4a-1459-46a4-9479-d2035163dbe2: receive RaftClientReply:client-8DB4338F17D0->b5da6a4a-1459-46a4-9479-d2035163dbe2@group-4A9565783204, cid=1857, SUCCESS, logIndex=2706, commits[b5da6a4a-1459-46a4-9479-d2035163dbe2:c2706, 69c25b61-d669-4f17-b36d-41bca3df1f31:c2702, d2a7b1fa-fac6-4c6f-8c6d-9ac7414c70c3:c2702]
2019-07-14 04:23:46,335 INFO  client.GrpcClientProtocolClient (GrpcClientProtocolClient.java:onNext(255)) - client-8DB4338F17D0->b5da6a4a-1459-46a4-9479-d2035163dbe2: receive RaftClientReply:client-8DB4338F17D0->b5da6a4a-1459-46a4-9479-d2035163dbe2@group-4A9565783204, cid=1858, SUCCESS, logIndex=0, commits[b5da6a4a-1459-46a4-9479-d2035163dbe2:c2710, 69c25b61-d669-4f17-b36d-41bca3df1f31:c2706, d2a7b1fa-fac6-4c6f-8c6d-9ac7414c70c3:c2704]
2019-07-14 04:23:46,352 INFO  client.GrpcClientProtocolClient (GrpcClientProtocolClient.java:onNext(255)) - client-8DB4338F17D0->b5da6a4a-1459-46a4-9479-d2035163dbe2: receive RaftClientReply:client-8DB4338F17D0->b5da6a4a-1459-46a4-9479-d2035163dbe2@group-4A9565783204, cid=1859, SUCCESS, logIndex=2711, commits[b5da6a4a-1459-46a4-9479-d2035163dbe2:c2712, 69c25b61-d669-4f17-b36d-41bca3df1f31:c2710, d2a7b1fa-fac6-4c6f-8c6d-9ac7414c70c3:c2710]
2019-07-14 04:23:46,352 INFO  client.GrpcClientProtocolClient (GrpcClientProtocolClient.java:onNext(255)) - client-8DB4338F17D0->b5da6a4a-1459-46a4-9479-d2035163dbe2: receive RaftClientReply:client-8DB4338F17D0->b5da6a4a-1459-46a4-9479-d2035163dbe2@group-4A9565783204, cid=1860, SUCCESS, logIndex=2712, commits[b5da6a4a-1459-46a4-9479-d2035163dbe2:c2712, 69c25b61-d669-4f17-b36d-41bca3df1f31:c2710, d2a7b1fa-fac6-4c6f-8c6d-9ac7414c70c3:c2710]
2019-07-14 04:23:46,370 INFO  client.GrpcClientProtocolClient (GrpcClientProtocolClient.java:onNext(255)) - client-8DB4338F17D0->b5da6a4a-1459-46a4-9479-d2035163dbe2: receive RaftClientReply:client-8DB4338F17D0->b5da6a4a-1459-46a4-9479-d2035163dbe2@group-4A9565783204, cid=1861, SUCCESS, logIndex=2715, commits[b5da6a4a-1459-46a4-9479-d2035163dbe2:c2716, 69c25b61-d669-4f17-b36d-41bca3df1f31:c2714, d2a7b1fa-fac6-4c6f-8c6d-9ac7414c70c3:c2714]
2019-07-14 04:23:46,370 INFO  client.GrpcClientProtocolClient (GrpcClientProtocolClient.java:onNext(255)) - client-8DB4338F17D0->b5da6a4a-1459-46a4-9479-d2035163dbe2: receive RaftClientReply:client-8DB4338F17D0->b5da6a4a-1459-46a4-9479-d2035163dbe2@group-4A9565783204, cid=1862, SUCCESS, logIndex=2716, commits[b5da6a4a-1459-46a4-9479-d2035163dbe2:c2716, 69c25b61-d669-4f17-b36d-41bca3df1f31:c2714, d2a7b1fa-fac6-4c6f-8c6d-9ac7414c70c3:c2714]
2019-07-14 04:23:46,371 INFO  client.GrpcClientProtocolClient (GrpcClientProtocolClient.java:onNext(255)) - client-8DB4338F17D0->b5da6a4a-1459-46a4-9479-d2035163dbe2: receive RaftClientReply:client-8DB4338F17D0->b5da6a4a-1459-46a4-9479-d2035163dbe2@group-4A9565783204, cid=1863, SUCCESS, logIndex=0, commits[b5da6a4a-1459-46a4-9479-d2035163dbe2:c2717, 69c25b61-d669-4f17-b36d-41bca3df1f31:c2716, d2a7b1fa-fac6-4c6f-8c6d-9ac7414c70c3:c2716]
2019-07-14 04:23:46,397 INFO  client.GrpcClientProtocolClient (GrpcClientProtocolClient.java:onNext(255)) - client-8DB4338F17D0->b5da6a4a-1459-46a4-9479-d2035163dbe2: receive RaftClientReply:client-8DB4338F17D0->b5da6a4a-1459-46a4-9479-d2035163dbe2@group-4A9565783204, cid=1864, SUCCESS, logIndex=2719, commits[b5da6a4a-1459-46a4-9479-d2035163dbe2:c2720, 69c25b61-d669-4f17-b36d-41bca3df1f31:c2716, d2a7b1fa-fac6-4c6f-8c6d-9ac7414c70c3:c2718]
2019-07-14 04:23:46,398 INFO  client.GrpcClientProtocolClient (GrpcClientProtocolClient.java:onNext(255)) - client-8DB4338F17D0->b5da6a4a-1459-46a4-9479-d2035163dbe2: receive RaftClientReply:client-8DB4338F17D0->b5da6a4a-1459-46a4-9479-d2035163dbe2@group-4A9565783204, cid=1865, SUCCESS, logIndex=2720, commits[b5da6a4a-1459-46a4-9479-d2035163dbe2:c2720, 69c25b61-d669-4f17-b36d-41bca3df1f31:c2716, d2a7b1fa-fac6-4c6f-8c6d-9ac7414c70c3:c2718]
2019-07-14 04:23:46,409 INFO  client.GrpcClientProtocolClient (GrpcClientProtocolClient.java:onNext(255)) - client-8DB4338F17D0->b5da6a4a-1459-46a4-9479-d2035163dbe2: receive RaftClientReply:client-8DB4338F17D0->b5da6a4a-1459-46a4-9479-d2035163dbe2@group-4A9565783204, cid=1866, SUCCESS, logIndex=2721, commits[b5da6a4a-1459-46a4-9479-d2035163dbe2:c2722, 69c25b61-d669-4f17-b36d-41bca3df1f31:c2718, d2a7b1fa-fac6-4c6f-8c6d-9ac7414c70c3:c2718]
2019-07-14 04:23:46,409 INFO  client.GrpcClientProtocolClient (GrpcClientProtocolClient.java:onNext(255)) - client-8DB4338F17D0->b5da6a4a-1459-46a4-9479-d2035163dbe2: receive RaftClientReply:client-8DB4338F17D0->b5da6a4a-1459-46a4-9479-d2035163dbe2@group-4A9565783204, cid=1867, SUCCESS, logIndex=2722, commits[b5da6a4a-1459-46a4-9479-d2035163dbe2:c2722, 69c25b61-d669-4f17-b36d-41bca3df1f31:c2718, d2a7b1fa-fac6-4c6f-8c6d-9ac7414c70c3:c2718]
2019-07-14 04:23:46,413 INFO  client.GrpcClientProtocolClient (GrpcClientProtocolClient.java:onNext(255)) - client-8DB4338F17D0->b5da6a4a-1459-46a4-9479-d2035163dbe2: receive RaftClientReply:client-8DB4338F17D0->b5da6a4a-1459-46a4-9479-d2035163dbe2@group-4A9565783204, cid=1868, SUCCESS, logIndex=0, commits[b5da6a4a-1459-46a4-9479-d2035163dbe2:c2724, 69c25b61-d669-4f17-b36d-41bca3df1f31:c2720, d2a7b1fa-fac6-4c6f-8c6d-9ac7414c70c3:c2720]
2019-07-14 04:23:46,429 INFO  client.GrpcClientProtocolClient (GrpcClientProtocolClient.java:onNext(255)) - client-8DB4338F17D0->b5da6a4a-1459-46a4-9479-d2035163dbe2: receive RaftClientReply:client-8DB4338F17D0->b5da6a4a-1459-46a4-9479-d2035163dbe2@group-4A9565783204, cid=1869, SUCCESS, logIndex=2727, commits[b5da6a4a-1459-46a4-9479-d2035163dbe2:c2728, 69c25b61-d669-4f17-b36d-41bca3df1f31:c2726, d2a7b1fa-fac6-4c6f-8c6d-9ac7414c70c3:c2726]
2019-07-14 04:23:46,429 INFO  client.GrpcClientProtocolClient (GrpcClientProtocolClient.java:onNext(255)) - client-8DB4338F17D0->b5da6a4a-1459-46a4-9479-d2035163dbe2: receive RaftClientReply:client-8DB4338F17D0->b5da6a4a-1459-46a4-9479-d2035163dbe2@group-4A9565783204, cid=1870, SUCCESS, logIndex=2728, commits[b5da6a4a-1459-46a4-9479-d2035163dbe2:c2728, 69c25b61-d669-4f17-b36d-41bca3df1f31:c2726, d2a7b1fa-fac6-4c6f-8c6d-9ac7414c70c3:c2726]
2019-07-14 04:23:46,442 INFO  client.GrpcClientProtocolClient (GrpcClientProtocolClient.java:onNext(255)) - client-8DB4338F17D0->b5da6a4a-1459-46a4-9479-d2035163dbe2: receive RaftClientReply:client-8DB4338F17D0->b5da6a4a-1459-46a4-9479-d2035163dbe2@group-4A9565783204, cid=1871, SUCCESS, logIndex=2731, commits[b5da6a4a-1459-46a4-9479-d2035163dbe2:c2732, 69c25b61-d669-4f17-b36d-41bca3df1f31:c2728, d2a7b1fa-fac6-4c6f-8c6d-9ac7414c70c3:c2728]
2019-07-14 04:23:46,442 INFO  client.GrpcClientProtocolClient (GrpcClientProtocolClient.java:onNext(255)) - client-8DB4338F17D0->b5da6a4a-1459-46a4-9479-d2035163dbe2: receive RaftClientReply:client-8DB4338F17D0->b5da6a4a-1459-46a4-9479-d2035163dbe2@group-4A9565783204, cid=1872, SUCCESS, logIndex=2732, commits[b5da6a4a-1459-46a4-9479-d2035163dbe2:c2732, 69c25b61-d669-4f17-b36d-41bca3df1f31:c2728, d2a7b1fa-fac6-4c6f-8c6d-9ac7414c70c3:c2728]
2019-07-14 04:23:46,456 INFO  client.GrpcClientProtocolClient (GrpcClientProtocolClient.java:onNext(255)) - client-8DB4338F17D0->b5da6a4a-1459-46a4-9479-d2035163dbe2: receive RaftClientReply:client-8DB4338F17D0->b5da6a4a-1459-46a4-9479-d2035163dbe2@group-4A9565783204, cid=1873, SUCCESS, logIndex=0, commits[b5da6a4a-1459-46a4-9479-d2035163dbe2:c2734, 69c25b61-d669-4f17-b36d-41bca3df1f31:c2732, d2a7b1fa-fac6-4c6f-8c6d-9ac7414c70c3:c2732]
2019-07-14 04:23:46,504 INFO  client.GrpcClientProtocolClient (GrpcClientProtocolClient.java:onNext(255)) - client-8DB4338F17D0->b5da6a4a-1459-46a4-9479-d2035163dbe2: receive RaftClientReply:client-8DB4338F17D0->b5da6a4a-1459-46a4-9479-d2035163dbe2@group-4A9565783204, cid=1874, SUCCESS, logIndex=2735, commits[b5da6a4a-1459-46a4-9479-d2035163dbe2:c2736, 69c25b61-d669-4f17-b36d-41bca3df1f31:c2734, d2a7b1fa-fac6-4c6f-8c6d-9ac7414c70c3:c2734]
2019-07-14 04:23:46,505 INFO  client.GrpcClientProtocolClient (GrpcClientProtocolClient.java:onNext(255)) - client-8DB4338F17D0->b5da6a4a-1459-46a4-9479-d2035163dbe2: receive RaftClientReply:client-8DB4338F17D0->b5da6a4a-1459-46a4-9479-d2035163dbe2@group-4A9565783204, cid=1875, SUCCESS, logIndex=2736, commits[b5da6a4a-1459-46a4-9479-d2035163dbe2:c2736, 69c25b61-d669-4f17-b36d-41bca3df1f31:c2734, d2a7b1fa-fac6-4c6f-8c6d-9ac7414c70c3:c2734]
2019-07-14 04:23:46,508 INFO  client.GrpcClientProtocolClient (GrpcClientProtocolClient.java:onNext(255)) - client-8DB4338F17D0->b5da6a4a-1459-46a4-9479-d2035163dbe2: receive RaftClientReply:client-8DB4338F17D0->b5da6a4a-1459-46a4-9479-d2035163dbe2@group-4A9565783204, cid=1876, SUCCESS, logIndex=2737, commits[b5da6a4a-1459-46a4-9479-d2035163dbe2:c2738, 69c25b61-d669-4f17-b36d-41bca3df1f31:c2735, d2a7b1fa-fac6-4c6f-8c6d-9ac7414c70c3:c2734]
2019-07-14 04:23:46,508 INFO  client.GrpcClientProtocolClient (GrpcClientProtocolClient.java:onNext(255)) - client-8DB4338F17D0->b5da6a4a-1459-46a4-9479-d2035163dbe2: receive RaftClientReply:client-8DB4338F17D0->b5da6a4a-1459-46a4-9479-d2035163dbe2@group-4A9565783204, cid=1877, SUCCESS, logIndex=2738, commits[b5da6a4a-1459-46a4-9479-d2035163dbe2:c2738, 69c25b61-d669-4f17-b36d-41bca3df1f31:c2735, d2a7b1fa-fac6-4c6f-8c6d-9ac7414c70c3:c2734]
2019-07-14 04:23:46,509 INFO  client.GrpcClientProtocolClient (GrpcClientProtocolClient.java:onNext(255)) - client-8DB4338F17D0->b5da6a4a-1459-46a4-9479-d2035163dbe2: receive RaftClientReply:client-8DB4338F17D0->b5da6a4a-1459-46a4-9479-d2035163dbe2@group-4A9565783204, cid=1878, SUCCESS, logIndex=0, commits[b5da6a4a-1459-46a4-9479-d2035163dbe2:c2742, 69c25b61-d669-4f17-b36d-41bca3df1f31:c2736, d2a7b1fa-fac6-4c6f-8c6d-9ac7414c70c3:c2736]
2019-07-14 04:23:46,529 INFO  client.GrpcClientProtocolClient (GrpcClientProtocolClient.java:onNext(255)) - client-8DB4338F17D0->b5da6a4a-1459-46a4-9479-d2035163dbe2: receive RaftClientReply:client-8DB4338F17D0->b5da6a4a-1459-46a4-9479-d2035163dbe2@group-4A9565783204, cid=1879, SUCCESS, logIndex=2743, commits[b5da6a4a-1459-46a4-9479-d2035163dbe2:c2744, 69c25b61-d669-4f17-b36d-41bca3df1f31:c2742, d2a7b1fa-fac6-4c6f-8c6d-9ac7414c70c3:c2742]
2019-07-14 04:23:46,529 INFO  client.GrpcClientProtocolClient (GrpcClientProtocolClient.java:onNext(255)) - client-8DB4338F17D0->b5da6a4a-1459-46a4-9479-d2035163dbe2: receive RaftClientReply:client-8DB4338F17D0->b5da6a4a-1459-46a4-9479-d2035163dbe2@group-4A9565783204, cid=1880, SUCCESS, logIndex=2744, commits[b5da6a4a-1459-46a4-9479-d2035163dbe2:c2744, 69c25b61-d669-4f17-b36d-41bca3df1f31:c2742, d2a7b1fa-fac6-4c6f-8c6d-9ac7414c70c3:c2742]
2019-07-14 04:23:46,545 INFO  client.GrpcClientProtocolClient (GrpcClientProtocolClient.java:onNext(255)) - client-8DB4338F17D0->b5da6a4a-1459-46a4-9479-d2035163dbe2: receive RaftClientReply:client-8DB4338F17D0->b5da6a4a-1459-46a4-9479-d2035163dbe2@group-4A9565783204, cid=1881, SUCCESS, logIndex=2747, commits[b5da6a4a-1459-46a4-9479-d2035163dbe2:c2748, 69c25b61-d669-4f17-b36d-41bca3df1f31:c2746, d2a7b1fa-fac6-4c6f-8c6d-9ac7414c70c3:c2746]
2019-07-14 04:23:46,546 INFO  client.GrpcClientProtocolClient (GrpcClientProtocolClient.java:onNext(255)) - client-8DB4338F17D0->b5da6a4a-1459-46a4-9479-d2035163dbe2: receive RaftClientReply:client-8DB4338F17D0->b5da6a4a-1459-46a4-9479-d2035163dbe2@group-4A9565783204, cid=1882, SUCCESS, logIndex=2748, commits[b5da6a4a-1459-46a4-9479-d2035163dbe2:c2748, 69c25b61-d669-4f17-b36d-41bca3df1f31:c2746, d2a7b1fa-fac6-4c6f-8c6d-9ac7414c70c3:c2746]
2019-07-14 04:23:46,549 INFO  client.GrpcClientProtocolClient (GrpcClientProtocolClient.java:onNext(255)) - client-8DB4338F17D0->b5da6a4a-1459-46a4-9479-d2035163dbe2: receive RaftClientReply:client-8DB4338F17D0->b5da6a4a-1459-46a4-9479-d2035163dbe2@group-4A9565783204, cid=1883, SUCCESS, logIndex=0, commits[b5da6a4a-1459-46a4-9479-d2035163dbe2:c2750, 69c25b61-d669-4f17-b36d-41bca3df1f31:c2748, d2a7b1fa-fac6-4c6f-8c6d-9ac7414c70c3:c2748]
2019-07-14 04:23:46,663 INFO  client.GrpcClientProtocolClient (GrpcClientProtocolClient.java:onNext(255)) - client-8DB4338F17D0->b5da6a4a-1459-46a4-9479-d2035163dbe2: receive RaftClientReply:client-8DB4338F17D0->b5da6a4a-1459-46a4-9479-d2035163dbe2@group-4A9565783204, cid=1884, SUCCESS, logIndex=2751, commits[b5da6a4a-1459-46a4-9479-d2035163dbe2:c2752, 69c25b61-d669-4f17-b36d-41bca3df1f31:c2750, d2a7b1fa-fac6-4c6f-8c6d-9ac7414c70c3:c2750]
2019-07-14 04:23:46,663 INFO  client.GrpcClientProtocolClient (GrpcClientProtocolClient.java:onNext(255)) - client-8DB4338F17D0->b5da6a4a-1459-46a4-9479-d2035163dbe2: receive RaftClientReply:client-8DB4338F17D0->b5da6a4a-1459-46a4-9479-d2035163dbe2@group-4A9565783204, cid=1885, SUCCESS, logIndex=2752, commits[b5da6a4a-1459-46a4-9479-d2035163dbe2:c2752, 69c25b61-d669-4f17-b36d-41bca3df1f31:c2750, d2a7b1fa-fac6-4c6f-8c6d-9ac7414c70c3:c2750]
2019-07-14 04:23:46,664 INFO  client.GrpcClientProtocolClient (GrpcClientProtocolClient.java:onNext(255)) - client-8DB4338F17D0->b5da6a4a-1459-46a4-9479-d2035163dbe2: receive RaftClientReply:client-8DB4338F17D0->b5da6a4a-1459-46a4-9479-d2035163dbe2@group-4A9565783204, cid=1886, SUCCESS, logIndex=2753, commits[b5da6a4a-1459-46a4-9479-d2035163dbe2:c2753, 69c25b61-d669-4f17-b36d-41bca3df1f31:c2750, d2a7b1fa-fac6-4c6f-8c6d-9ac7414c70c3:c2750]
2019-07-14 04:23:46,665 INFO  client.GrpcClientProtocolClient (GrpcClientProtocolClient.java:onNext(255)) - client-8DB4338F17D0->b5da6a4a-1459-46a4-9479-d2035163dbe2: receive RaftClientReply:client-8DB4338F17D0->b5da6a4a-1459-46a4-9479-d2035163dbe2@group-4A9565783204, cid=1887, SUCCESS, logIndex=2754, commits[b5da6a4a-1459-46a4-9479-d2035163dbe2:c2754, 69c25b61-d669-4f17-b36d-41bca3df1f31:c2750, d2a7b1fa-fac6-4c6f-8c6d-9ac7414c70c3:c2750]
2019-07-14 04:23:46,666 INFO  client.GrpcClientProtocolClient (GrpcClientProtocolClient.java:onNext(255)) - client-8DB4338F17D0->b5da6a4a-1459-46a4-9479-d2035163dbe2: receive RaftClientReply:client-8DB4338F17D0->b5da6a4a-1459-46a4-9479-d2035163dbe2@group-4A9565783204, cid=1888, SUCCESS, logIndex=0, commits[b5da6a4a-1459-46a4-9479-d2035163dbe2:c2756, 69c25b61-d669-4f17-b36d-41bca3df1f31:c2752, d2a7b1fa-fac6-4c6f-8c6d-9ac7414c70c3:c2752]
2019-07-14 04:23:46,695 INFO  client.GrpcClientProtocolClient (GrpcClientProtocolClient.java:onNext(255)) - client-8DB4338F17D0->b5da6a4a-1459-46a4-9479-d2035163dbe2: receive RaftClientReply:client-8DB4338F17D0->b5da6a4a-1459-46a4-9479-d2035163dbe2@group-4A9565783204, cid=1889, SUCCESS, logIndex=2759, commits[b5da6a4a-1459-46a4-9479-d2035163dbe2:c2760, 69c25b61-d669-4f17-b36d-41bca3df1f31:c2758, d2a7b1fa-fac6-4c6f-8c6d-9ac7414c70c3:c2758]
2019-07-14 04:23:46,695 INFO  client.GrpcClientProtocolClient (GrpcClientProtocolClient.java:onNext(255)) - client-8DB4338F17D0->b5da6a4a-1459-46a4-9479-d2035163dbe2: receive RaftClientReply:client-8DB4338F17D0->b5da6a4a-1459-46a4-9479-d2035163dbe2@group-4A9565783204, cid=1890, SUCCESS, logIndex=2760, commits[b5da6a4a-1459-46a4-9479-d2035163dbe2:c2760, 69c25b61-d669-4f17-b36d-41bca3df1f31:c2758, d2a7b1fa-fac6-4c6f-8c6d-9ac7414c70c3:c2758]
2019-07-14 04:23:46,709 INFO  client.GrpcClientProtocolClient (GrpcClientProtocolClient.java:onNext(255)) - client-8DB4338F17D0->b5da6a4a-1459-46a4-9479-d2035163dbe2: receive RaftClientReply:client-8DB4338F17D0->b5da6a4a-1459-46a4-9479-d2035163dbe2@group-4A9565783204, cid=1891, SUCCESS, logIndex=2763, commits[b5da6a4a-1459-46a4-9479-d2035163dbe2:c2764, 69c25b61-d669-4f17-b36d-41bca3df1f31:c2760, d2a7b1fa-fac6-4c6f-8c6d-9ac7414c70c3:c2762]
2019-07-14 04:23:46,709 INFO  client.GrpcClientProtocolClient (GrpcClientProtocolClient.java:onNext(255)) - client-8DB4338F17D0->b5da6a4a-1459-46a4-9479-d2035163dbe2: receive RaftClientReply:client-8DB4338F17D0->b5da6a4a-1459-46a4-9479-d2035163dbe2@group-4A9565783204, cid=1892, SUCCESS, logIndex=2764, commits[b5da6a4a-1459-46a4-9479-d2035163dbe2:c2764, 69c25b61-d669-4f17-b36d-41bca3df1f31:c2762, d2a7b1fa-fac6-4c6f-8c6d-9ac7414c70c3:c2762]
2019-07-14 04:23:46,712 INFO  client.GrpcClientProtocolClient (GrpcClientProtocolClient.java:onNext(255)) - client-8DB4338F17D0->b5da6a4a-1459-46a4-9479-d2035163dbe2: receive RaftClientReply:client-8DB4338F17D0->b5da6a4a-1459-46a4-9479-d2035163dbe2@group-4A9565783204, cid=1893, SUCCESS, logIndex=0, commits[b5da6a4a-1459-46a4-9479-d2035163dbe2:c2765, 69c25b61-d669-4f17-b36d-41bca3df1f31:c2764, d2a7b1fa-fac6-4c6f-8c6d-9ac7414c70c3:c2764]
2019-07-14 04:23:46,734 INFO  client.GrpcClientProtocolClient (GrpcClientProtocolClient.java:onNext(255)) - client-8DB4338F17D0->b5da6a4a-1459-46a4-9479-d2035163dbe2: receive RaftClientReply:client-8DB4338F17D0->b5da6a4a-1459-46a4-9479-d2035163dbe2@group-4A9565783204, cid=1894, SUCCESS, logIndex=2767, commits[b5da6a4a-1459-46a4-9479-d2035163dbe2:c2768, 69c25b61-d669-4f17-b36d-41bca3df1f31:c2766, d2a7b1fa-fac6-4c6f-8c6d-9ac7414c70c3:c2766]
2019-07-14 04:23:46,735 INFO  client.GrpcClientProtocolClient (GrpcClientProtocolClient.java:onNext(255)) - client-8DB4338F17D0->b5da6a4a-1459-46a4-9479-d2035163dbe2: receive RaftClientReply:client-8DB4338F17D0->b5da6a4a-1459-46a4-9479-d2035163dbe2@group-4A9565783204, cid=1895, SUCCESS, logIndex=2768, commits[b5da6a4a-1459-46a4-9479-d2035163dbe2:c2768, 69c25b61-d669-4f17-b36d-41bca3df1f31:c2766, d2a7b1fa-fac6-4c6f-8c6d-9ac7414c70c3:c2766]
2019-07-14 04:23:46,749 INFO  client.GrpcClientProtocolClient (GrpcClientProtocolClient.java:onNext(255)) - client-8DB4338F17D0->b5da6a4a-1459-46a4-9479-d2035163dbe2: receive RaftClientReply:client-8DB4338F17D0->b5da6a4a-1459-46a4-9479-d2035163dbe2@group-4A9565783204, cid=1896, SUCCESS, logIndex=2769, commits[b5da6a4a-1459-46a4-9479-d2035163dbe2:c2772, 69c25b61-d669-4f17-b36d-41bca3df1f31:c2768, d2a7b1fa-fac6-4c6f-8c6d-9ac7414c70c3:c2768]
2019-07-14 04:23:46,750 INFO  client.GrpcClientProtocolClient (GrpcClientProtocolClient.java:onNext(255)) - client-8DB4338F17D0->b5da6a4a-1459-46a4-9479-d2035163dbe2: receive RaftClientReply:client-8DB4338F17D0->b5da6a4a-1459-46a4-9479-d2035163dbe2@group-4A9565783204, cid=1897, SUCCESS, logIndex=2770, commits[b5da6a4a-1459-46a4-9479-d2035163dbe2:c2772, 69c25b61-d669-4f17-b36d-41bca3df1f31:c2768, d2a7b1fa-fac6-4c6f-8c6d-9ac7414c70c3:c2768]
2019-07-14 04:23:46,768 INFO  client.GrpcClientProtocolClient (GrpcClientProtocolClient.java:onNext(255)) - client-8DB4338F17D0->b5da6a4a-1459-46a4-9479-d2035163dbe2: receive RaftClientReply:client-8DB4338F17D0->b5da6a4a-1459-46a4-9479-d2035163dbe2@group-4A9565783204, cid=1898, SUCCESS, logIndex=2775, commits[b5da6a4a-1459-46a4-9479-d2035163dbe2:c2776, 69c25b61-d669-4f17-b36d-41bca3df1f31:c2774, d2a7b1fa-fac6-4c6f-8c6d-9ac7414c70c3:c2774]
2019-07-14 04:23:46,768 INFO  client.GrpcClientProtocolClient (GrpcClientProtocolClient.java:onNext(255)) - client-8DB4338F17D0->b5da6a4a-1459-46a4-9479-d2035163dbe2: receive RaftClientReply:client-8DB4338F17D0->b5da6a4a-1459-46a4-9479-d2035163dbe2@group-4A9565783204, cid=1899, SUCCESS, logIndex=2776, commits[b5da6a4a-1459-46a4-9479-d2035163dbe2:c2776, 69c25b61-d669-4f17-b36d-41bca3df1f31:c2774, d2a7b1fa-fac6-4c6f-8c6d-9ac7414c70c3:c2774]
2019-07-14 04:23:46,783 INFO  client.GrpcClientProtocolClient (GrpcClientProtocolClient.java:onNext(255)) - client-8DB4338F17D0->b5da6a4a-1459-46a4-9479-d2035163dbe2: receive RaftClientReply:client-8DB4338F17D0->b5da6a4a-1459-46a4-9479-d2035163dbe2@group-4A9565783204, cid=1900, SUCCESS, logIndex=2779, commits[b5da6a4a-1459-46a4-9479-d2035163dbe2:c2780, 69c25b61-d669-4f17-b36d-41bca3df1f31:c2778, d2a7b1fa-fac6-4c6f-8c6d-9ac7414c70c3:c2778]
2019-07-14 04:23:46,783 INFO  client.GrpcClientProtocolClient (GrpcClientProtocolClient.java:onNext(255)) - client-8DB4338F17D0->b5da6a4a-1459-46a4-9479-d2035163dbe2: receive RaftClientReply:client-8DB4338F17D0->b5da6a4a-1459-46a4-9479-d2035163dbe2@group-4A9565783204, cid=1901, SUCCESS, logIndex=2780, commits[b5da6a4a-1459-46a4-9479-d2035163dbe2:c2780, 69c25b61-d669-4f17-b36d-41bca3df1f31:c2778, d2a7b1fa-fac6-4c6f-8c6d-9ac7414c70c3:c2778]
2019-07-14 04:23:46,787 INFO  client.GrpcClientProtocolClient (GrpcClientProtocolClient.java:onNext(255)) - client-8DB4338F17D0->b5da6a4a-1459-46a4-9479-d2035163dbe2: receive RaftClientReply:client-8DB4338F17D0->b5da6a4a-1459-46a4-9479-d2035163dbe2@group-4A9565783204, cid=1902, SUCCESS, logIndex=0, commits[b5da6a4a-1459-46a4-9479-d2035163dbe2:c2782, 69c25b61-d669-4f17-b36d-41bca3df1f31:c2780, d2a7b1fa-fac6-4c6f-8c6d-9ac7414c70c3:c2780]
2019-07-14 04:23:46,803 INFO  client.GrpcClientProtocolClient (GrpcClientProtocolClient.java:onNext(255)) - client-8DB4338F17D0->b5da6a4a-1459-46a4-9479-d2035163dbe2: receive RaftClientReply:client-8DB4338F17D0->b5da6a4a-1459-46a4-9479-d2035163dbe2@group-4A9565783204, cid=1903, SUCCESS, logIndex=2783, commits[b5da6a4a-1459-46a4-9479-d2035163dbe2:c2784, 69c25b61-d669-4f17-b36d-41bca3df1f31:c2780, d2a7b1fa-fac6-4c6f-8c6d-9ac7414c70c3:c2782]
2019-07-14 04:23:46,803 INFO  client.GrpcClientProtocolClient (GrpcClientProtocolClient.java:onNext(255)) - client-8DB4338F17D0->b5da6a4a-1459-46a4-9479-d2035163dbe2: receive RaftClientReply:client-8DB4338F17D0->b5da6a4a-1459-46a4-9479-d2035163dbe2@group-4A9565783204, cid=1904, SUCCESS, logIndex=2784, commits[b5da6a4a-1459-46a4-9479-d2035163dbe2:c2784, 69c25b61-d669-4f17-b36d-41bca3df1f31:c2780, d2a7b1fa-fac6-4c6f-8c6d-9ac7414c70c3:c2782]
2019-07-14 04:23:46,815 INFO  client.GrpcClientProtocolClient (GrpcClientProtocolClient.java:onNext(255)) - client-8DB4338F17D0->b5da6a4a-1459-46a4-9479-d2035163dbe2: receive RaftClientReply:client-8DB4338F17D0->b5da6a4a-1459-46a4-9479-d2035163dbe2@group-4A9565783204, cid=1905, SUCCESS, logIndex=2785, commits[b5da6a4a-1459-46a4-9479-d2035163dbe2:c2788, 69c25b61-d669-4f17-b36d-41bca3df1f31:c2782, d2a7b1fa-fac6-4c6f-8c6d-9ac7414c70c3:c2784]
2019-07-14 04:23:46,815 INFO  client.GrpcClientProtocolClient (GrpcClientProtocolClient.java:onNext(255)) - client-8DB4338F17D0->b5da6a4a-1459-46a4-9479-d2035163dbe2: receive RaftClientReply:client-8DB4338F17D0->b5da6a4a-1459-46a4-9479-d2035163dbe2@group-4A9565783204, cid=1906, SUCCESS, logIndex=2786, commits[b5da6a4a-1459-46a4-9479-d2035163dbe2:c2788, 69c25b61-d669-4f17-b36d-41bca3df1f31:c2782, d2a7b1fa-fac6-4c6f-8c6d-9ac7414c70c3:c2784]
2019-07-14 04:23:46,816 INFO  client.GrpcClientProtocolClient (GrpcClientProtocolClient.java:onNext(255)) - client-8DB4338F17D0->b5da6a4a-1459-46a4-9479-d2035163dbe2: receive RaftClientReply:client-8DB4338F17D0->b5da6a4a-1459-46a4-9479-d2035163dbe2@group-4A9565783204, cid=1907, SUCCESS, logIndex=0, commits[b5da6a4a-1459-46a4-9479-d2035163dbe2:c2788, 69c25b61-d669-4f17-b36d-41bca3df1f31:c2784, d2a7b1fa-fac6-4c6f-8c6d-9ac7414c70c3:c2785]
2019-07-14 04:23:46,836 INFO  client.GrpcClientProtocolClient (GrpcClientProtocolClient.java:onNext(255)) - client-8DB4338F17D0->b5da6a4a-1459-46a4-9479-d2035163dbe2: receive RaftClientReply:client-8DB4338F17D0->b5da6a4a-1459-46a4-9479-d2035163dbe2@group-4A9565783204, cid=1908, SUCCESS, logIndex=2791, commits[b5da6a4a-1459-46a4-9479-d2035163dbe2:c2792, 69c25b61-d669-4f17-b36d-41bca3df1f31:c2790, d2a7b1fa-fac6-4c6f-8c6d-9ac7414c70c3:c2790]
2019-07-14 04:23:46,837 INFO  client.GrpcClientProtocolClient (GrpcClientProtocolClient.java:onNext(255)) - client-8DB4338F17D0->b5da6a4a-1459-46a4-9479-d2035163dbe2: receive RaftClientReply:client-8DB4338F17D0->b5da6a4a-1459-46a4-9479-d2035163dbe2@group-4A9565783204, cid=1909, SUCCESS, logIndex=2792, commits[b5da6a4a-1459-46a4-9479-d2035163dbe2:c2792, 69c25b61-d669-4f17-b36d-41bca3df1f31:c2790, d2a7b1fa-fac6-4c6f-8c6d-9ac7414c70c3:c2790]
2019-07-14 04:23:46,849 INFO  client.GrpcClientProtocolClient (GrpcClientProtocolClient.java:onNext(255)) - client-8DB4338F17D0->b5da6a4a-1459-46a4-9479-d2035163dbe2: receive RaftClientReply:client-8DB4338F17D0->b5da6a4a-1459-46a4-9479-d2035163dbe2@group-4A9565783204, cid=1910, SUCCESS, logIndex=2795, commits[b5da6a4a-1459-46a4-9479-d2035163dbe2:c2796, 69c25b61-d669-4f17-b36d-41bca3df1f31:c2793, d2a7b1fa-fac6-4c6f-8c6d-9ac7414c70c3:c2793]
2019-07-14 04:23:46,850 INFO  client.GrpcClientProtocolClient (GrpcClientProtocolClient.java:onNext(255)) - client-8DB4338F17D0->b5da6a4a-1459-46a4-9479-d2035163dbe2: receive RaftClientReply:client-8DB4338F17D0->b5da6a4a-1459-46a4-9479-d2035163dbe2@group-4A9565783204, cid=1911, SUCCESS, logIndex=2796, commits[b5da6a4a-1459-46a4-9479-d2035163dbe2:c2796, 69c25b61-d669-4f17-b36d-41bca3df1f31:c2793, d2a7b1fa-fac6-4c6f-8c6d-9ac7414c70c3:c2793]
2019-07-14 04:23:46,854 INFO  client.GrpcClientProtocolClient (GrpcClientProtocolClient.java:onNext(255)) - client-8DB4338F17D0->b5da6a4a-1459-46a4-9479-d2035163dbe2: receive RaftClientReply:client-8DB4338F17D0->b5da6a4a-1459-46a4-9479-d2035163dbe2@group-4A9565783204, cid=1912, SUCCESS, logIndex=0, commits[b5da6a4a-1459-46a4-9479-d2035163dbe2:c2798, 69c25b61-d669-4f17-b36d-41bca3df1f31:c2796, d2a7b1fa-fac6-4c6f-8c6d-9ac7414c70c3:c2796]
2019-07-14 04:23:46,880 INFO  client.GrpcClientProtocolClient (GrpcClientProtocolClient.java:onNext(255)) - client-8DB4338F17D0->b5da6a4a-1459-46a4-9479-d2035163dbe2: receive RaftClientReply:client-8DB4338F17D0->b5da6a4a-1459-46a4-9479-d2035163dbe2@group-4A9565783204, cid=1913, SUCCESS, logIndex=2799, commits[b5da6a4a-1459-46a4-9479-d2035163dbe2:c2802, 69c25b61-d669-4f17-b36d-41bca3df1f31:c2798, d2a7b1fa-fac6-4c6f-8c6d-9ac7414c70c3:c2798]
2019-07-14 04:23:46,880 INFO  client.GrpcClientProtocolClient (GrpcClientProtocolClient.java:onNext(255)) - client-8DB4338F17D0->b5da6a4a-1459-46a4-9479-d2035163dbe2: receive RaftClientReply:client-8DB4338F17D0->b5da6a4a-1459-46a4-9479-d2035163dbe2@group-4A9565783204, cid=1914, SUCCESS, logIndex=2800, commits[b5da6a4a-1459-46a4-9479-d2035163dbe2:c2802, 69c25b61-d669-4f17-b36d-41bca3df1f31:c2798, d2a7b1fa-fac6-4c6f-8c6d-9ac7414c70c3:c2798]
2019-07-14 04:23:46,881 INFO  client.GrpcClientProtocolClient (GrpcClientProtocolClient.java:onNext(255)) - client-8DB4338F17D0->b5da6a4a-1459-46a4-9479-d2035163dbe2: receive RaftClientReply:client-8DB4338F17D0->b5da6a4a-1459-46a4-9479-d2035163dbe2@group-4A9565783204, cid=1915, SUCCESS, logIndex=2801, commits[b5da6a4a-1459-46a4-9479-d2035163dbe2:c2802, 69c25b61-d669-4f17-b36d-41bca3df1f31:c2798, d2a7b1fa-fac6-4c6f-8c6d-9ac7414c70c3:c2798]
2019-07-14 04:23:46,881 INFO  client.GrpcClientProtocolClient (GrpcClientProtocolClient.java:onNext(255)) - client-8DB4338F17D0->b5da6a4a-1459-46a4-9479-d2035163dbe2: receive RaftClientReply:client-8DB4338F17D0->b5da6a4a-1459-46a4-9479-d2035163dbe2@group-4A9565783204, cid=1916, SUCCESS, logIndex=2802, commits[b5da6a4a-1459-46a4-9479-d2035163dbe2:c2802, 69c25b61-d669-4f17-b36d-41bca3df1f31:c2798, d2a7b1fa-fac6-4c6f-8c6d-9ac7414c70c3:c2798]
2019-07-14 04:23:46,883 INFO  client.GrpcClientProtocolClient (GrpcClientProtocolClient.java:onNext(255)) - client-8DB4338F17D0->b5da6a4a-1459-46a4-9479-d2035163dbe2: receive RaftClientReply:client-8DB4338F17D0->b5da6a4a-1459-46a4-9479-d2035163dbe2@group-4A9565783204, cid=1917, SUCCESS, logIndex=0, commits[b5da6a4a-1459-46a4-9479-d2035163dbe2:c2806, 69c25b61-d669-4f17-b36d-41bca3df1f31:c2800, d2a7b1fa-fac6-4c6f-8c6d-9ac7414c70c3:c2802]
2019-07-14 04:23:46,899 INFO  client.GrpcClientProtocolClient (GrpcClientProtocolClient.java:onNext(255)) - client-8DB4338F17D0->b5da6a4a-1459-46a4-9479-d2035163dbe2: receive RaftClientReply:client-8DB4338F17D0->b5da6a4a-1459-46a4-9479-d2035163dbe2@group-4A9565783204, cid=1918, SUCCESS, logIndex=2807, commits[b5da6a4a-1459-46a4-9479-d2035163dbe2:c2808, 69c25b61-d669-4f17-b36d-41bca3df1f31:c2806, d2a7b1fa-fac6-4c6f-8c6d-9ac7414c70c3:c2806]
2019-07-14 04:23:46,899 INFO  client.GrpcClientProtocolClient (GrpcClientProtocolClient.java:onNext(255)) - client-8DB4338F17D0->b5da6a4a-1459-46a4-9479-d2035163dbe2: receive RaftClientReply:client-8DB4338F17D0->b5da6a4a-1459-46a4-9479-d2035163dbe2@group-4A9565783204, cid=1919, SUCCESS, logIndex=2808, commits[b5da6a4a-1459-46a4-9479-d2035163dbe2:c2808, 69c25b61-d669-4f17-b36d-41bca3df1f31:c2806, d2a7b1fa-fac6-4c6f-8c6d-9ac7414c70c3:c2806]
2019-07-14 04:23:46,909 INFO  client.GrpcClientProtocolClient (GrpcClientProtocolClient.java:onNext(255)) - client-8DB4338F17D0->b5da6a4a-1459-46a4-9479-d2035163dbe2: receive RaftClientReply:client-8DB4338F17D0->b5da6a4a-1459-46a4-9479-d2035163dbe2@group-4A9565783204, cid=1920, SUCCESS, logIndex=2811, commits[b5da6a4a-1459-46a4-9479-d2035163dbe2:c2812, 69c25b61-d669-4f17-b36d-41bca3df1f31:c2810, d2a7b1fa-fac6-4c6f-8c6d-9ac7414c70c3:c2810]
2019-07-14 04:23:46,909 INFO  client.GrpcClientProtocolClient (GrpcClientProtocolClient.java:onNext(255)) - client-8DB4338F17D0->b5da6a4a-1459-46a4-9479-d2035163dbe2: receive RaftClientReply:client-8DB4338F17D0->b5da6a4a-1459-46a4-9479-d2035163dbe2@group-4A9565783204, cid=1921, SUCCESS, logIndex=2812, commits[b5da6a4a-1459-46a4-9479-d2035163dbe2:c2812, 69c25b61-d669-4f17-b36d-41bca3df1f31:c2810, d2a7b1fa-fac6-4c6f-8c6d-9ac7414c70c3:c2810]
2019-07-14 04:23:46,912 INFO  client.GrpcClientProtocolClient (GrpcClientProtocolClient.java:onNext(255)) - client-8DB4338F17D0->b5da6a4a-1459-46a4-9479-d2035163dbe2: receive RaftClientReply:client-8DB4338F17D0->b5da6a4a-1459-46a4-9479-d2035163dbe2@group-4A9565783204, cid=1922, SUCCESS, logIndex=0, commits[b5da6a4a-1459-46a4-9479-d2035163dbe2:c2813, 69c25b61-d669-4f17-b36d-41bca3df1f31:c2812, d2a7b1fa-fac6-4c6f-8c6d-9ac7414c70c3:c2812]
2019-07-14 04:23:46,928 INFO  client.GrpcClientProtocolClient (GrpcClientProtocolClient.java:onNext(255)) - client-8DB4338F17D0->b5da6a4a-1459-46a4-9479-d2035163dbe2: receive RaftClientReply:client-8DB4338F17D0->b5da6a4a-1459-46a4-9479-d2035163dbe2@group-4A9565783204, cid=1923, SUCCESS, logIndex=2815, commits[b5da6a4a-1459-46a4-9479-d2035163dbe2:c2816, 69c25b61-d669-4f17-b36d-41bca3df1f31:c2812, d2a7b1fa-fac6-4c6f-8c6d-9ac7414c70c3:c2814]
2019-07-14 04:23:46,929 INFO  client.GrpcClientProtocolClient (GrpcClientProtocolClient.java:onNext(255)) - client-8DB4338F17D0->b5da6a4a-1459-46a4-9479-d2035163dbe2: receive RaftClientReply:client-8DB4338F17D0->b5da6a4a-1459-46a4-9479-d2035163dbe2@group-4A9565783204, cid=1924, SUCCESS, logIndex=2816, commits[b5da6a4a-1459-46a4-9479-d2035163dbe2:c2816, 69c25b61-d669-4f17-b36d-41bca3df1f31:c2814, d2a7b1fa-fac6-4c6f-8c6d-9ac7414c70c3:c2814]
2019-07-14 04:23:46,932 INFO  client.GrpcClientProtocolClient (GrpcClientProtocolClient.java:onNext(255)) - client-8DB4338F17D0->b5da6a4a-1459-46a4-9479-d2035163dbe2: receive RaftClientReply:client-8DB4338F17D0->b5da6a4a-1459-46a4-9479-d2035163dbe2@group-4A9565783204, cid=1925, SUCCESS, logIndex=2817, commits[b5da6a4a-1459-46a4-9479-d2035163dbe2:c2820, 69c25b61-d669-4f17-b36d-41bca3df1f31:c2814, d2a7b1fa-fac6-4c6f-8c6d-9ac7414c70c3:c2816]
2019-07-14 04:23:46,932 INFO  client.GrpcClientProtocolClient (GrpcClientProtocolClient.java:onNext(255)) - client-8DB4338F17D0->b5da6a4a-1459-46a4-9479-d2035163dbe2: receive RaftClientReply:client-8DB4338F17D0->b5da6a4a-1459-46a4-9479-d2035163dbe2@group-4A9565783204, cid=1926, SUCCESS, logIndex=2818, commits[b5da6a4a-1459-46a4-9479-d2035163dbe2:c2820, 69c25b61-d669-4f17-b36d-41bca3df1f31:c2814, d2a7b1fa-fac6-4c6f-8c6d-9ac7414c70c3:c2816]
2019-07-14 04:23:46,943 INFO  client.GrpcClientProtocolClient (GrpcClientProtocolClient.java:onNext(255)) - client-8DB4338F17D0->b5da6a4a-1459-46a4-9479-d2035163dbe2: receive RaftClientReply:client-8DB4338F17D0->b5da6a4a-1459-46a4-9479-d2035163dbe2@group-4A9565783204, cid=1927, SUCCESS, logIndex=0, commits[b5da6a4a-1459-46a4-9479-d2035163dbe2:c2822, 69c25b61-d669-4f17-b36d-41bca3df1f31:c2816, d2a7b1fa-fac6-4c6f-8c6d-9ac7414c70c3:c2818]
2019-07-14 04:23:46,957 INFO  client.GrpcClientProtocolClient (GrpcClientProtocolClient.java:onNext(255)) - client-8DB4338F17D0->b5da6a4a-1459-46a4-9479-d2035163dbe2: receive RaftClientReply:client-8DB4338F17D0->b5da6a4a-1459-46a4-9479-d2035163dbe2@group-4A9565783204, cid=1928, SUCCESS, logIndex=2823, commits[b5da6a4a-1459-46a4-9479-d2035163dbe2:c2824, 69c25b61-d669-4f17-b36d-41bca3df1f31:c2822, d2a7b1fa-fac6-4c6f-8c6d-9ac7414c70c3:c2822]
2019-07-14 04:23:46,957 INFO  client.GrpcClientProtocolClient (GrpcClientProtocolClient.java:onNext(255)) - client-8DB4338F17D0->b5da6a4a-1459-46a4-9479-d2035163dbe2: receive RaftClientReply:client-8DB4338F17D0->b5da6a4a-1459-46a4-9479-d2035163dbe2@group-4A9565783204, cid=1929, SUCCESS, logIndex=2824, commits[b5da6a4a-1459-46a4-9479-d2035163dbe2:c2824, 69c25b61-d669-4f17-b36d-41bca3df1f31:c2822, d2a7b1fa-fac6-4c6f-8c6d-9ac7414c70c3:c2822]
2019-07-14 04:23:46,975 INFO  client.GrpcClientProtocolClient (GrpcClientProtocolClient.java:onNext(255)) - client-8DB4338F17D0->b5da6a4a-1459-46a4-9479-d2035163dbe2: receive RaftClientReply:client-8DB4338F17D0->b5da6a4a-1459-46a4-9479-d2035163dbe2@group-4A9565783204, cid=1930, SUCCESS, logIndex=2827, commits[b5da6a4a-1459-46a4-9479-d2035163dbe2:c2828, 69c25b61-d669-4f17-b36d-41bca3df1f31:c2826, d2a7b1fa-fac6-4c6f-8c6d-9ac7414c70c3:c2826]
2019-07-14 04:23:46,975 INFO  client.GrpcClientProtocolClient (GrpcClientProtocolClient.java:onNext(255)) - client-8DB4338F17D0->b5da6a4a-1459-46a4-9479-d2035163dbe2: receive RaftClientReply:client-8DB4338F17D0->b5da6a4a-1459-46a4-9479-d2035163dbe2@group-4A9565783204, cid=1931, SUCCESS, logIndex=2828, commits[b5da6a4a-1459-46a4-9479-d2035163dbe2:c2828, 69c25b61-d669-4f17-b36d-41bca3df1f31:c2826, d2a7b1fa-fac6-4c6f-8c6d-9ac7414c70c3:c2826]
2019-07-14 04:23:46,980 INFO  client.GrpcClientProtocolClient (GrpcClientProtocolClient.java:onNext(255)) - client-8DB4338F17D0->b5da6a4a-1459-46a4-9479-d2035163dbe2: receive RaftClientReply:client-8DB4338F17D0->b5da6a4a-1459-46a4-9479-d2035163dbe2@group-4A9565783204, cid=1932, SUCCESS, logIndex=0, commits[b5da6a4a-1459-46a4-9479-d2035163dbe2:c2830, 69c25b61-d669-4f17-b36d-41bca3df1f31:c2828, d2a7b1fa-fac6-4c6f-8c6d-9ac7414c70c3:c2828]
2019-07-14 04:23:47,002 INFO  client.GrpcClientProtocolClient (GrpcClientProtocolClient.java:onNext(255)) - client-8DB4338F17D0->b5da6a4a-1459-46a4-9479-d2035163dbe2: receive RaftClientReply:client-8DB4338F17D0->b5da6a4a-1459-46a4-9479-d2035163dbe2@group-4A9565783204, cid=1933, SUCCESS, logIndex=2831, commits[b5da6a4a-1459-46a4-9479-d2035163dbe2:c2833, 69c25b61-d669-4f17-b36d-41bca3df1f31:c2830, d2a7b1fa-fac6-4c6f-8c6d-9ac7414c70c3:c2830]
2019-07-14 04:23:47,003 INFO  client.GrpcClientProtocolClient (GrpcClientProtocolClient.java:onNext(255)) - client-8DB4338F17D0->b5da6a4a-1459-46a4-9479-d2035163dbe2: receive RaftClientReply:client-8DB4338F17D0->b5da6a4a-1459-46a4-9479-d2035163dbe2@group-4A9565783204, cid=1934, SUCCESS, logIndex=2832, commits[b5da6a4a-1459-46a4-9479-d2035163dbe2:c2834, 69c25b61-d669-4f17-b36d-41bca3df1f31:c2830, d2a7b1fa-fac6-4c6f-8c6d-9ac7414c70c3:c2830]
2019-07-14 04:23:47,003 INFO  client.GrpcClientProtocolClient (GrpcClientProtocolClient.java:onNext(255)) - client-8DB4338F17D0->b5da6a4a-1459-46a4-9479-d2035163dbe2: receive RaftClientReply:client-8DB4338F17D0->b5da6a4a-1459-46a4-9479-d2035163dbe2@group-4A9565783204, cid=1935, SUCCESS, logIndex=2833, commits[b5da6a4a-1459-46a4-9479-d2035163dbe2:c2834, 69c25b61-d669-4f17-b36d-41bca3df1f31:c2830, d2a7b1fa-fac6-4c6f-8c6d-9ac7414c70c3:c2830]
2019-07-14 04:23:47,003 INFO  client.GrpcClientProtocolClient (GrpcClientProtocolClient.java:onNext(255)) - client-8DB4338F17D0->b5da6a4a-1459-46a4-9479-d2035163dbe2: receive RaftClientReply:client-8DB4338F17D0->b5da6a4a-1459-46a4-9479-d2035163dbe2@group-4A9565783204, cid=1936, SUCCESS, logIndex=2834, commits[b5da6a4a-1459-46a4-9479-d2035163dbe2:c2834, 69c25b61-d669-4f17-b36d-41bca3df1f31:c2830, d2a7b1fa-fac6-4c6f-8c6d-9ac7414c70c3:c2830]
2019-07-14 04:23:47,005 INFO  client.GrpcClientProtocolClient (GrpcClientProtocolClient.java:onNext(255)) - client-8DB4338F17D0->b5da6a4a-1459-46a4-9479-d2035163dbe2: receive RaftClientReply:client-8DB4338F17D0->b5da6a4a-1459-46a4-9479-d2035163dbe2@group-4A9565783204, cid=1937, SUCCESS, logIndex=0, commits[b5da6a4a-1459-46a4-9479-d2035163dbe2:c2836, 69c25b61-d669-4f17-b36d-41bca3df1f31:c2833, d2a7b1fa-fac6-4c6f-8c6d-9ac7414c70c3:c2833]
2019-07-14 04:23:47,022 INFO  client.GrpcClientProtocolClient (GrpcClientProtocolClient.java:onNext(255)) - client-8DB4338F17D0->b5da6a4a-1459-46a4-9479-d2035163dbe2: receive RaftClientReply:client-8DB4338F17D0->b5da6a4a-1459-46a4-9479-d2035163dbe2@group-4A9565783204, cid=1938, SUCCESS, logIndex=2839, commits[b5da6a4a-1459-46a4-9479-d2035163dbe2:c2840, 69c25b61-d669-4f17-b36d-41bca3df1f31:c2838, d2a7b1fa-fac6-4c6f-8c6d-9ac7414c70c3:c2838]
2019-07-14 04:23:47,022 INFO  client.GrpcClientProtocolClient (GrpcClientProtocolClient.java:onNext(255)) - client-8DB4338F17D0->b5da6a4a-1459-46a4-9479-d2035163dbe2: receive RaftClientReply:client-8DB4338F17D0->b5da6a4a-1459-46a4-9479-d2035163dbe2@group-4A9565783204, cid=1939, SUCCESS, logIndex=2840, commits[b5da6a4a-1459-46a4-9479-d2035163dbe2:c2840, 69c25b61-d669-4f17-b36d-41bca3df1f31:c2838, d2a7b1fa-fac6-4c6f-8c6d-9ac7414c70c3:c2838]
2019-07-14 04:23:47,037 INFO  client.GrpcClientProtocolClient (GrpcClientProtocolClient.java:onNext(255)) - client-8DB4338F17D0->b5da6a4a-1459-46a4-9479-d2035163dbe2: receive RaftClientReply:client-8DB4338F17D0->b5da6a4a-1459-46a4-9479-d2035163dbe2@group-4A9565783204, cid=1940, SUCCESS, logIndex=2843, commits[b5da6a4a-1459-46a4-9479-d2035163dbe2:c2844, 69c25b61-d669-4f17-b36d-41bca3df1f31:c2842, d2a7b1fa-fac6-4c6f-8c6d-9ac7414c70c3:c2842]
2019-07-14 04:23:47,037 INFO  client.GrpcClientProtocolClient (GrpcClientProtocolClient.java:onNext(255)) - client-8DB4338F17D0->b5da6a4a-1459-46a4-9479-d2035163dbe2: receive RaftClientReply:client-8DB4338F17D0->b5da6a4a-1459-46a4-9479-d2035163dbe2@group-4A9565783204, cid=1941, SUCCESS, logIndex=2844, commits[b5da6a4a-1459-46a4-9479-d2035163dbe2:c2844, 69c25b61-d669-4f17-b36d-41bca3df1f31:c2842, d2a7b1fa-fac6-4c6f-8c6d-9ac7414c70c3:c2842]
2019-07-14 04:23:47,039 INFO  client.GrpcClientProtocolClient (GrpcClientProtocolClient.java:onNext(255)) - client-8DB4338F17D0->b5da6a4a-1459-46a4-9479-d2035163dbe2: receive RaftClientReply:client-8DB4338F17D0->b5da6a4a-1459-46a4-9479-d2035163dbe2@group-4A9565783204, cid=1942, SUCCESS, logIndex=0, commits[b5da6a4a-1459-46a4-9479-d2035163dbe2:c2846, 69c25b61-d669-4f17-b36d-41bca3df1f31:c2844, d2a7b1fa-fac6-4c6f-8c6d-9ac7414c70c3:c2844]
2019-07-14 04:23:47,066 INFO  client.GrpcClientProtocolClient (GrpcClientProtocolClient.java:onNext(255)) - client-8DB4338F17D0->b5da6a4a-1459-46a4-9479-d2035163dbe2: receive RaftClientReply:client-8DB4338F17D0->b5da6a4a-1459-46a4-9479-d2035163dbe2@group-4A9565783204, cid=1943, SUCCESS, logIndex=2847, commits[b5da6a4a-1459-46a4-9479-d2035163dbe2:c2850, 69c25b61-d669-4f17-b36d-41bca3df1f31:c2846, d2a7b1fa-fac6-4c6f-8c6d-9ac7414c70c3:c2846]
2019-07-14 04:23:47,067 INFO  client.GrpcClientProtocolClient (GrpcClientProtocolClient.java:onNext(255)) - client-8DB4338F17D0->b5da6a4a-1459-46a4-9479-d2035163dbe2: receive RaftClientReply:client-8DB4338F17D0->b5da6a4a-1459-46a4-9479-d2035163dbe2@group-4A9565783204, cid=1944, SUCCESS, logIndex=2848, commits[b5da6a4a-1459-46a4-9479-d2035163dbe2:c2850, 69c25b61-d669-4f17-b36d-41bca3df1f31:c2846, d2a7b1fa-fac6-4c6f-8c6d-9ac7414c70c3:c2846]
2019-07-14 04:23:47,067 INFO  client.GrpcClientProtocolClient (GrpcClientProtocolClient.java:onNext(255)) - client-8DB4338F17D0->b5da6a4a-1459-46a4-9479-d2035163dbe2: receive RaftClientReply:client-8DB4338F17D0->b5da6a4a-1459-46a4-9479-d2035163dbe2@group-4A9565783204, cid=1945, SUCCESS, logIndex=2849, commits[b5da6a4a-1459-46a4-9479-d2035163dbe2:c2850, 69c25b61-d669-4f17-b36d-41bca3df1f31:c2846, d2a7b1fa-fac6-4c6f-8c6d-9ac7414c70c3:c2846]
2019-07-14 04:23:47,067 INFO  client.GrpcClientProtocolClient (GrpcClientProtocolClient.java:onNext(255)) - client-8DB4338F17D0->b5da6a4a-1459-46a4-9479-d2035163dbe2: receive RaftClientReply:client-8DB4338F17D0->b5da6a4a-1459-46a4-9479-d2035163dbe2@group-4A9565783204, cid=1946, SUCCESS, logIndex=2850, commits[b5da6a4a-1459-46a4-9479-d2035163dbe2:c2850, 69c25b61-d669-4f17-b36d-41bca3df1f31:c2846, d2a7b1fa-fac6-4c6f-8c6d-9ac7414c70c3:c2846]
2019-07-14 04:23:47,073 INFO  client.GrpcClientProtocolClient (GrpcClientProtocolClient.java:onNext(255)) - client-8DB4338F17D0->b5da6a4a-1459-46a4-9479-d2035163dbe2: receive RaftClientReply:client-8DB4338F17D0->b5da6a4a-1459-46a4-9479-d2035163dbe2@group-4A9565783204, cid=1947, SUCCESS, logIndex=0, commits[b5da6a4a-1459-46a4-9479-d2035163dbe2:c2853, 69c25b61-d669-4f17-b36d-41bca3df1f31:c2848, d2a7b1fa-fac6-4c6f-8c6d-9ac7414c70c3:c2849]
2019-07-14 04:23:47,177 INFO  client.GrpcClientProtocolClient (GrpcClientProtocolClient.java:onNext(255)) - client-8DB4338F17D0->b5da6a4a-1459-46a4-9479-d2035163dbe2: receive RaftClientReply:client-8DB4338F17D0->b5da6a4a-1459-46a4-9479-d2035163dbe2@group-4A9565783204, cid=1948, SUCCESS, logIndex=2855, commits[b5da6a4a-1459-46a4-9479-d2035163dbe2:c2856, 69c25b61-d669-4f17-b36d-41bca3df1f31:c2854, d2a7b1fa-fac6-4c6f-8c6d-9ac7414c70c3:c2854]
2019-07-14 04:23:47,178 INFO  client.GrpcClientProtocolClient (GrpcClientProtocolClient.java:onNext(255)) - client-8DB4338F17D0->b5da6a4a-1459-46a4-9479-d2035163dbe2: receive RaftClientReply:client-8DB4338F17D0->b5da6a4a-1459-46a4-9479-d2035163dbe2@group-4A9565783204, cid=1949, SUCCESS, logIndex=2856, commits[b5da6a4a-1459-46a4-9479-d2035163dbe2:c2856, 69c25b61-d669-4f17-b36d-41bca3df1f31:c2854, d2a7b1fa-fac6-4c6f-8c6d-9ac7414c70c3:c2854]
2019-07-14 04:23:47,191 INFO  client.GrpcClientProtocolClient (GrpcClientProtocolClient.java:onNext(255)) - client-8DB4338F17D0->b5da6a4a-1459-46a4-9479-d2035163dbe2: receive RaftClientReply:client-8DB4338F17D0->b5da6a4a-1459-46a4-9479-d2035163dbe2@group-4A9565783204, cid=1950, SUCCESS, logIndex=2859, commits[b5da6a4a-1459-46a4-9479-d2035163dbe2:c2860, 69c25b61-d669-4f17-b36d-41bca3df1f31:c2856, d2a7b1fa-fac6-4c6f-8c6d-9ac7414c70c3:c2858]
2019-07-14 04:23:47,191 INFO  client.GrpcClientProtocolClient (GrpcClientProtocolClient.java:onNext(255)) - client-8DB4338F17D0->b5da6a4a-1459-46a4-9479-d2035163dbe2: receive RaftClientReply:client-8DB4338F17D0->b5da6a4a-1459-46a4-9479-d2035163dbe2@group-4A9565783204, cid=1951, SUCCESS, logIndex=2860, commits[b5da6a4a-1459-46a4-9479-d2035163dbe2:c2860, 69c25b61-d669-4f17-b36d-41bca3df1f31:c2858, d2a7b1fa-fac6-4c6f-8c6d-9ac7414c70c3:c2858]
 0.00% |█                                                                                                    |  0/1 Time: 0:00:122019-07-14 04:23:47,195 INFO  client.GrpcClientProtocolClient (GrpcClientProtocolClient.java:onNext(255)) - client-8DB4338F17D0->b5da6a4a-1459-46a4-9479-d2035163dbe2: receive RaftClientReply:client-8DB4338F17D0->b5da6a4a-1459-46a4-9479-d2035163dbe2@group-4A9565783204, cid=1952, SUCCESS, logIndex=0, commits[b5da6a4a-1459-46a4-9479-d2035163dbe2:c2861, 69c25b61-d669-4f17-b36d-41bca3df1f31:c2860, d2a7b1fa-fac6-4c6f-8c6d-9ac7414c70c3:c2860]
2019-07-14 04:23:47,217 INFO  client.GrpcClientProtocolClient (GrpcClientProtocolClient.java:onNext(255)) - client-8DB4338F17D0->b5da6a4a-1459-46a4-9479-d2035163dbe2: receive RaftClientReply:client-8DB4338F17D0->b5da6a4a-1459-46a4-9479-d2035163dbe2@group-4A9565783204, cid=1953, SUCCESS, logIndex=2863, commits[b5da6a4a-1459-46a4-9479-d2035163dbe2:c2864, 69c25b61-d669-4f17-b36d-41bca3df1f31:c2860, d2a7b1fa-fac6-4c6f-8c6d-9ac7414c70c3:c2862]
2019-07-14 04:23:47,217 INFO  client.GrpcClientProtocolClient (GrpcClientProtocolClient.java:onNext(255)) - client-8DB4338F17D0->b5da6a4a-1459-46a4-9479-d2035163dbe2: receive RaftClientReply:client-8DB4338F17D0->b5da6a4a-1459-46a4-9479-d2035163dbe2@group-4A9565783204, cid=1954, SUCCESS, logIndex=2864, commits[b5da6a4a-1459-46a4-9479-d2035163dbe2:c2864, 69c25b61-d669-4f17-b36d-41bca3df1f31:c2862, d2a7b1fa-fac6-4c6f-8c6d-9ac7414c70c3:c2862]
2019-07-14 04:23:47,218 INFO  client.GrpcClientProtocolClient (GrpcClientProtocolClient.java:onNext(255)) - client-8DB4338F17D0->b5da6a4a-1459-46a4-9479-d2035163dbe2: receive RaftClientReply:client-8DB4338F17D0->b5da6a4a-1459-46a4-9479-d2035163dbe2@group-4A9565783204, cid=1955, SUCCESS, logIndex=2865, commits[b5da6a4a-1459-46a4-9479-d2035163dbe2:c2866, 69c25b61-d669-4f17-b36d-41bca3df1f31:c2862, d2a7b1fa-fac6-4c6f-8c6d-9ac7414c70c3:c2862]
2019-07-14 04:23:47,218 INFO  client.GrpcClientProtocolClient (GrpcClientProtocolClient.java:onNext(255)) - client-8DB4338F17D0->b5da6a4a-1459-46a4-9479-d2035163dbe2: receive RaftClientReply:client-8DB4338F17D0->b5da6a4a-1459-46a4-9479-d2035163dbe2@group-4A9565783204, cid=1956, SUCCESS, logIndex=2866, commits[b5da6a4a-1459-46a4-9479-d2035163dbe2:c2866, 69c25b61-d669-4f17-b36d-41bca3df1f31:c2862, d2a7b1fa-fac6-4c6f-8c6d-9ac7414c70c3:c2862]
2019-07-14 04:23:47,221 INFO  client.GrpcClientProtocolClient (GrpcClientProtocolClient.java:onNext(255)) - client-8DB4338F17D0->b5da6a4a-1459-46a4-9479-d2035163dbe2: receive RaftClientReply:client-8DB4338F17D0->b5da6a4a-1459-46a4-9479-d2035163dbe2@group-4A9565783204, cid=1957, SUCCESS, logIndex=0, commits[b5da6a4a-1459-46a4-9479-d2035163dbe2:c2868, 69c25b61-d669-4f17-b36d-41bca3df1f31:c2864, d2a7b1fa-fac6-4c6f-8c6d-9ac7414c70c3:c2864]
2019-07-14 04:23:47,233 INFO  client.GrpcClientProtocolClient (GrpcClientProtocolClient.java:onNext(255)) - client-8DB4338F17D0->b5da6a4a-1459-46a4-9479-d2035163dbe2: receive RaftClientReply:client-8DB4338F17D0->b5da6a4a-1459-46a4-9479-d2035163dbe2@group-4A9565783204, cid=1958, SUCCESS, logIndex=2871, commits[b5da6a4a-1459-46a4-9479-d2035163dbe2:c2872, 69c25b61-d669-4f17-b36d-41bca3df1f31:c2866, d2a7b1fa-fac6-4c6f-8c6d-9ac7414c70c3:c2870]
2019-07-14 04:23:47,234 INFO  client.GrpcClientProtocolClient (GrpcClientProtocolClient.java:onNext(255)) - client-8DB4338F17D0->b5da6a4a-1459-46a4-9479-d2035163dbe2: receive RaftClientReply:client-8DB4338F17D0->b5da6a4a-1459-46a4-9479-d2035163dbe2@group-4A9565783204, cid=1959, SUCCESS, logIndex=2872, commits[b5da6a4a-1459-46a4-9479-d2035163dbe2:c2872, 69c25b61-d669-4f17-b36d-41bca3df1f31:c2866, d2a7b1fa-fac6-4c6f-8c6d-9ac7414c70c3:c2870]
2019-07-14 04:23:47,253 INFO  client.GrpcClientProtocolClient (GrpcClientProtocolClient.java:onNext(255)) - client-8DB4338F17D0->b5da6a4a-1459-46a4-9479-d2035163dbe2: receive RaftClientReply:client-8DB4338F17D0->b5da6a4a-1459-46a4-9479-d2035163dbe2@group-4A9565783204, cid=1960, SUCCESS, logIndex=2875, commits[b5da6a4a-1459-46a4-9479-d2035163dbe2:c2876, 69c25b61-d669-4f17-b36d-41bca3df1f31:c2874, d2a7b1fa-fac6-4c6f-8c6d-9ac7414c70c3:c2874]
2019-07-14 04:23:47,254 INFO  client.GrpcClientProtocolClient (GrpcClientProtocolClient.java:onNext(255)) - client-8DB4338F17D0->b5da6a4a-1459-46a4-9479-d2035163dbe2: receive RaftClientReply:client-8DB4338F17D0->b5da6a4a-1459-46a4-9479-d2035163dbe2@group-4A9565783204, cid=1961, SUCCESS, logIndex=2876, commits[b5da6a4a-1459-46a4-9479-d2035163dbe2:c2876, 69c25b61-d669-4f17-b36d-41bca3df1f31:c2874, d2a7b1fa-fac6-4c6f-8c6d-9ac7414c70c3:c2874]
2019-07-14 04:23:47,259 INFO  client.GrpcClientProtocolClient (GrpcClientProtocolClient.java:onNext(255)) - client-8DB4338F17D0->b5da6a4a-1459-46a4-9479-d2035163dbe2: receive RaftClientReply:client-8DB4338F17D0->b5da6a4a-1459-46a4-9479-d2035163dbe2@group-4A9565783204, cid=1962, SUCCESS, logIndex=0, commits[b5da6a4a-1459-46a4-9479-d2035163dbe2:c2878, 69c25b61-d669-4f17-b36d-41bca3df1f31:c2876, d2a7b1fa-fac6-4c6f-8c6d-9ac7414c70c3:c2876]
2019-07-14 04:23:47,277 INFO  client.GrpcClientProtocolClient (GrpcClientProtocolClient.java:onNext(255)) - client-8DB4338F17D0->b5da6a4a-1459-46a4-9479-d2035163dbe2: receive RaftClientReply:client-8DB4338F17D0->b5da6a4a-1459-46a4-9479-d2035163dbe2@group-4A9565783204, cid=1963, SUCCESS, logIndex=2879, commits[b5da6a4a-1459-46a4-9479-d2035163dbe2:c2880, 69c25b61-d669-4f17-b36d-41bca3df1f31:c2876, d2a7b1fa-fac6-4c6f-8c6d-9ac7414c70c3:c2878]
2019-07-14 04:23:47,277 INFO  client.GrpcClientProtocolClient (GrpcClientProtocolClient.java:onNext(255)) - client-8DB4338F17D0->b5da6a4a-1459-46a4-9479-d2035163dbe2: receive RaftClientReply:client-8DB4338F17D0->b5da6a4a-1459-46a4-9479-d2035163dbe2@group-4A9565783204, cid=1964, SUCCESS, logIndex=2880, commits[b5da6a4a-1459-46a4-9479-d2035163dbe2:c2880, 69c25b61-d669-4f17-b36d-41bca3df1f31:c2876, d2a7b1fa-fac6-4c6f-8c6d-9ac7414c70c3:c2878]
2019-07-14 04:23:47,279 INFO  client.GrpcClientProtocolClient (GrpcClientProtocolClient.java:onNext(255)) - client-8DB4338F17D0->b5da6a4a-1459-46a4-9479-d2035163dbe2: receive RaftClientReply:client-8DB4338F17D0->b5da6a4a-1459-46a4-9479-d2035163dbe2@group-4A9565783204, cid=1965, SUCCESS, logIndex=2881, commits[b5da6a4a-1459-46a4-9479-d2035163dbe2:c2883, 69c25b61-d669-4f17-b36d-41bca3df1f31:c2878, d2a7b1fa-fac6-4c6f-8c6d-9ac7414c70c3:c2879]
2019-07-14 04:23:47,280 INFO  client.GrpcClientProtocolClient (GrpcClientProtocolClient.java:onNext(255)) - client-8DB4338F17D0->b5da6a4a-1459-46a4-9479-d2035163dbe2: receive RaftClientReply:client-8DB4338F17D0->b5da6a4a-1459-46a4-9479-d2035163dbe2@group-4A9565783204, cid=1966, SUCCESS, logIndex=2882, commits[b5da6a4a-1459-46a4-9479-d2035163dbe2:c2884, 69c25b61-d669-4f17-b36d-41bca3df1f31:c2878, d2a7b1fa-fac6-4c6f-8c6d-9ac7414c70c3:c2880]
2019-07-14 04:23:47,280 INFO  client.GrpcClientProtocolClient (GrpcClientProtocolClient.java:onNext(255)) - client-8DB4338F17D0->b5da6a4a-1459-46a4-9479-d2035163dbe2: receive RaftClientReply:client-8DB4338F17D0->b5da6a4a-1459-46a4-9479-d2035163dbe2@group-4A9565783204, cid=1967, SUCCESS, logIndex=0, commits[b5da6a4a-1459-46a4-9479-d2035163dbe2:c2885, 69c25b61-d669-4f17-b36d-41bca3df1f31:c2880, d2a7b1fa-fac6-4c6f-8c6d-9ac7414c70c3:c2882]
2019-07-14 04:23:47,299 INFO  client.GrpcClientProtocolClient (GrpcClientProtocolClient.java:onNext(255)) - client-8DB4338F17D0->b5da6a4a-1459-46a4-9479-d2035163dbe2: receive RaftClientReply:client-8DB4338F17D0->b5da6a4a-1459-46a4-9479-d2035163dbe2@group-4A9565783204, cid=1968, SUCCESS, logIndex=2887, commits[b5da6a4a-1459-46a4-9479-d2035163dbe2:c2888, 69c25b61-d669-4f17-b36d-41bca3df1f31:c2886, d2a7b1fa-fac6-4c6f-8c6d-9ac7414c70c3:c2886]
2019-07-14 04:23:47,299 INFO  client.GrpcClientProtocolClient (GrpcClientProtocolClient.java:onNext(255)) - client-8DB4338F17D0->b5da6a4a-1459-46a4-9479-d2035163dbe2: receive RaftClientReply:client-8DB4338F17D0->b5da6a4a-1459-46a4-9479-d2035163dbe2@group-4A9565783204, cid=1969, SUCCESS, logIndex=2888, commits[b5da6a4a-1459-46a4-9479-d2035163dbe2:c2888, 69c25b61-d669-4f17-b36d-41bca3df1f31:c2886, d2a7b1fa-fac6-4c6f-8c6d-9ac7414c70c3:c2886]
2019-07-14 04:23:47,313 INFO  client.GrpcClientProtocolClient (GrpcClientProtocolClient.java:onNext(255)) - client-8DB4338F17D0->b5da6a4a-1459-46a4-9479-d2035163dbe2: receive RaftClientReply:client-8DB4338F17D0->b5da6a4a-1459-46a4-9479-d2035163dbe2@group-4A9565783204, cid=1970, SUCCESS, logIndex=2891, commits[b5da6a4a-1459-46a4-9479-d2035163dbe2:c2892, 69c25b61-d669-4f17-b36d-41bca3df1f31:c2889, d2a7b1fa-fac6-4c6f-8c6d-9ac7414c70c3:c2889]
2019-07-14 04:23:47,313 INFO  client.GrpcClientProtocolClient (GrpcClientProtocolClient.java:onNext(255)) - client-8DB4338F17D0->b5da6a4a-1459-46a4-9479-d2035163dbe2: receive RaftClientReply:client-8DB4338F17D0->b5da6a4a-1459-46a4-9479-d2035163dbe2@group-4A9565783204, cid=1971, SUCCESS, logIndex=2892, commits[b5da6a4a-1459-46a4-9479-d2035163dbe2:c2892, 69c25b61-d669-4f17-b36d-41bca3df1f31:c2889, d2a7b1fa-fac6-4c6f-8c6d-9ac7414c70c3:c2889]
2019-07-14 04:23:47,326 INFO  client.GrpcClientProtocolClient (GrpcClientProtocolClient.java:onNext(255)) - client-8DB4338F17D0->b5da6a4a-1459-46a4-9479-d2035163dbe2: receive RaftClientReply:client-8DB4338F17D0->b5da6a4a-1459-46a4-9479-d2035163dbe2@group-4A9565783204, cid=1972, SUCCESS, logIndex=0, commits[b5da6a4a-1459-46a4-9479-d2035163dbe2:c2894, 69c25b61-d669-4f17-b36d-41bca3df1f31:c2892, d2a7b1fa-fac6-4c6f-8c6d-9ac7414c70c3:c2892]
2019-07-14 04:23:47,352 INFO  client.GrpcClientProtocolClient (GrpcClientProtocolClient.java:onNext(255)) - client-8DB4338F17D0->b5da6a4a-1459-46a4-9479-d2035163dbe2: receive RaftClientReply:client-8DB4338F17D0->b5da6a4a-1459-46a4-9479-d2035163dbe2@group-4A9565783204, cid=1973, SUCCESS, logIndex=2895, commits[b5da6a4a-1459-46a4-9479-d2035163dbe2:c2896, 69c25b61-d669-4f17-b36d-41bca3df1f31:c2894, d2a7b1fa-fac6-4c6f-8c6d-9ac7414c70c3:c2894]
2019-07-14 04:23:47,353 INFO  client.GrpcClientProtocolClient (GrpcClientProtocolClient.java:onNext(255)) - client-8DB4338F17D0->b5da6a4a-1459-46a4-9479-d2035163dbe2: receive RaftClientReply:client-8DB4338F17D0->b5da6a4a-1459-46a4-9479-d2035163dbe2@group-4A9565783204, cid=1974, SUCCESS, logIndex=2896, commits[b5da6a4a-1459-46a4-9479-d2035163dbe2:c2896, 69c25b61-d669-4f17-b36d-41bca3df1f31:c2894, d2a7b1fa-fac6-4c6f-8c6d-9ac7414c70c3:c2894]
2019-07-14 04:23:47,355 INFO  client.GrpcClientProtocolClient (GrpcClientProtocolClient.java:onNext(255)) - client-8DB4338F17D0->b5da6a4a-1459-46a4-9479-d2035163dbe2: receive RaftClientReply:client-8DB4338F17D0->b5da6a4a-1459-46a4-9479-d2035163dbe2@group-4A9565783204, cid=1975, SUCCESS, logIndex=2897, commits[b5da6a4a-1459-46a4-9479-d2035163dbe2:c2898, 69c25b61-d669-4f17-b36d-41bca3df1f31:c2894, d2a7b1fa-fac6-4c6f-8c6d-9ac7414c70c3:c2894]
2019-07-14 04:23:47,355 INFO  client.GrpcClientProtocolClient (GrpcClientProtocolClient.java:onNext(255)) - client-8DB4338F17D0->b5da6a4a-1459-46a4-9479-d2035163dbe2: receive RaftClientReply:client-8DB4338F17D0->b5da6a4a-1459-46a4-9479-d2035163dbe2@group-4A9565783204, cid=1976, SUCCESS, logIndex=2898, commits[b5da6a4a-1459-46a4-9479-d2035163dbe2:c2898, 69c25b61-d669-4f17-b36d-41bca3df1f31:c2894, d2a7b1fa-fac6-4c6f-8c6d-9ac7414c70c3:c2894]
2019-07-14 04:23:47,358 INFO  client.GrpcClientProtocolClient (GrpcClientProtocolClient.java:onNext(255)) - client-8DB4338F17D0->b5da6a4a-1459-46a4-9479-d2035163dbe2: receive RaftClientReply:client-8DB4338F17D0->b5da6a4a-1459-46a4-9479-d2035163dbe2@group-4A9565783204, cid=1977, SUCCESS, logIndex=0, commits[b5da6a4a-1459-46a4-9479-d2035163dbe2:c2899, 69c25b61-d669-4f17-b36d-41bca3df1f31:c2896, d2a7b1fa-fac6-4c6f-8c6d-9ac7414c70c3:c2896]
2019-07-14 04:23:47,376 INFO  client.GrpcClientProtocolClient (GrpcClientProtocolClient.java:onNext(255)) - client-8DB4338F17D0->b5da6a4a-1459-46a4-9479-d2035163dbe2: receive RaftClientReply:client-8DB4338F17D0->b5da6a4a-1459-46a4-9479-d2035163dbe2@group-4A9565783204, cid=1978, SUCCESS, logIndex=2903, commits[b5da6a4a-1459-46a4-9479-d2035163dbe2:c2904, 69c25b61-d669-4f17-b36d-41bca3df1f31:c2902, d2a7b1fa-fac6-4c6f-8c6d-9ac7414c70c3:c2902]
2019-07-14 04:23:47,377 INFO  client.GrpcClientProtocolClient (GrpcClientProtocolClient.java:onNext(255)) - client-8DB4338F17D0->b5da6a4a-1459-46a4-9479-d2035163dbe2: receive RaftClientReply:client-8DB4338F17D0->b5da6a4a-1459-46a4-9479-d2035163dbe2@group-4A9565783204, cid=1979, SUCCESS, logIndex=2904, commits[b5da6a4a-1459-46a4-9479-d2035163dbe2:c2904, 69c25b61-d669-4f17-b36d-41bca3df1f31:c2902, d2a7b1fa-fac6-4c6f-8c6d-9ac7414c70c3:c2902]
2019-07-14 04:23:47,391 INFO  client.GrpcClientProtocolClient (GrpcClientProtocolClient.java:onNext(255)) - client-8DB4338F17D0->b5da6a4a-1459-46a4-9479-d2035163dbe2: receive RaftClientReply:client-8DB4338F17D0->b5da6a4a-1459-46a4-9479-d2035163dbe2@group-4A9565783204, cid=1980, SUCCESS, logIndex=2907, commits[b5da6a4a-1459-46a4-9479-d2035163dbe2:c2908, 69c25b61-d669-4f17-b36d-41bca3df1f31:c2904, d2a7b1fa-fac6-4c6f-8c6d-9ac7414c70c3:c2904]
2019-07-14 04:23:47,392 INFO  client.GrpcClientProtocolClient (GrpcClientProtocolClient.java:onNext(255)) - client-8DB4338F17D0->b5da6a4a-1459-46a4-9479-d2035163dbe2: receive RaftClientReply:client-8DB4338F17D0->b5da6a4a-1459-46a4-9479-d2035163dbe2@group-4A9565783204, cid=1981, SUCCESS, logIndex=2908, commits[b5da6a4a-1459-46a4-9479-d2035163dbe2:c2908, 69c25b61-d669-4f17-b36d-41bca3df1f31:c2904, d2a7b1fa-fac6-4c6f-8c6d-9ac7414c70c3:c2904]
2019-07-14 04:23:47,397 INFO  client.GrpcClientProtocolClient (GrpcClientProtocolClient.java:onNext(255)) - client-8DB4338F17D0->b5da6a4a-1459-46a4-9479-d2035163dbe2: receive RaftClientReply:client-8DB4338F17D0->b5da6a4a-1459-46a4-9479-d2035163dbe2@group-4A9565783204, cid=1982, SUCCESS, logIndex=0, commits[b5da6a4a-1459-46a4-9479-d2035163dbe2:c2910, 69c25b61-d669-4f17-b36d-41bca3df1f31:c2908, d2a7b1fa-fac6-4c6f-8c6d-9ac7414c70c3:c2908]
2019-07-14 04:23:47,420 INFO  client.GrpcClientProtocolClient (GrpcClientProtocolClient.java:onNext(255)) - client-8DB4338F17D0->b5da6a4a-1459-46a4-9479-d2035163dbe2: receive RaftClientReply:client-8DB4338F17D0->b5da6a4a-1459-46a4-9479-d2035163dbe2@group-4A9565783204, cid=1983, SUCCESS, logIndex=2911, commits[b5da6a4a-1459-46a4-9479-d2035163dbe2:c2912, 69c25b61-d669-4f17-b36d-41bca3df1f31:c2910, d2a7b1fa-fac6-4c6f-8c6d-9ac7414c70c3:c2910]
2019-07-14 04:23:47,421 INFO  client.GrpcClientProtocolClient (GrpcClientProtocolClient.java:onNext(255)) - client-8DB4338F17D0->b5da6a4a-1459-46a4-9479-d2035163dbe2: receive RaftClientReply:client-8DB4338F17D0->b5da6a4a-1459-46a4-9479-d2035163dbe2@group-4A9565783204, cid=1984, SUCCESS, logIndex=2912, commits[b5da6a4a-1459-46a4-9479-d2035163dbe2:c2914, 69c25b61-d669-4f17-b36d-41bca3df1f31:c2910, d2a7b1fa-fac6-4c6f-8c6d-9ac7414c70c3:c2910]
2019-07-14 04:23:47,421 INFO  client.GrpcClientProtocolClient (GrpcClientProtocolClient.java:onNext(255)) - client-8DB4338F17D0->b5da6a4a-1459-46a4-9479-d2035163dbe2: receive RaftClientReply:client-8DB4338F17D0->b5da6a4a-1459-46a4-9479-d2035163dbe2@group-4A9565783204, cid=1985, SUCCESS, logIndex=2913, commits[b5da6a4a-1459-46a4-9479-d2035163dbe2:c2914, 69c25b61-d669-4f17-b36d-41bca3df1f31:c2910, d2a7b1fa-fac6-4c6f-8c6d-9ac7414c70c3:c2910]
2019-07-14 04:23:47,421 INFO  client.GrpcClientProtocolClient (GrpcClientProtocolClient.java:onNext(255)) - client-8DB4338F17D0->b5da6a4a-1459-46a4-9479-d2035163dbe2: receive RaftClientReply:client-8DB4338F17D0->b5da6a4a-1459-46a4-9479-d2035163dbe2@group-4A9565783204, cid=1986, SUCCESS, logIndex=2914, commits[b5da6a4a-1459-46a4-9479-d2035163dbe2:c2914, 69c25b61-d669-4f17-b36d-41bca3df1f31:c2910, d2a7b1fa-fac6-4c6f-8c6d-9ac7414c70c3:c2910]
2019-07-14 04:23:47,424 INFO  client.GrpcClientProtocolClient (GrpcClientProtocolClient.java:onNext(255)) - client-8DB4338F17D0->b5da6a4a-1459-46a4-9479-d2035163dbe2: receive RaftClientReply:client-8DB4338F17D0->b5da6a4a-1459-46a4-9479-d2035163dbe2@group-4A9565783204, cid=1987, SUCCESS, logIndex=0, commits[b5da6a4a-1459-46a4-9479-d2035163dbe2:c2916, 69c25b61-d669-4f17-b36d-41bca3df1f31:c2912, d2a7b1fa-fac6-4c6f-8c6d-9ac7414c70c3:c2912]
2019-07-14 04:23:47,442 INFO  client.GrpcClientProtocolClient (GrpcClientProtocolClient.java:onNext(255)) - client-8DB4338F17D0->b5da6a4a-1459-46a4-9479-d2035163dbe2: receive RaftClientReply:client-8DB4338F17D0->b5da6a4a-1459-46a4-9479-d2035163dbe2@group-4A9565783204, cid=1988, SUCCESS, logIndex=2919, commits[b5da6a4a-1459-46a4-9479-d2035163dbe2:c2920, 69c25b61-d669-4f17-b36d-41bca3df1f31:c2918, d2a7b1fa-fac6-4c6f-8c6d-9ac7414c70c3:c2918]
2019-07-14 04:23:47,443 INFO  client.GrpcClientProtocolClient (GrpcClientProtocolClient.java:onNext(255)) - client-8DB4338F17D0->b5da6a4a-1459-46a4-9479-d2035163dbe2: receive RaftClientReply:client-8DB4338F17D0->b5da6a4a-1459-46a4-9479-d2035163dbe2@group-4A9565783204, cid=1989, SUCCESS, logIndex=2920, commits[b5da6a4a-1459-46a4-9479-d2035163dbe2:c2920, 69c25b61-d669-4f17-b36d-41bca3df1f31:c2918, d2a7b1fa-fac6-4c6f-8c6d-9ac7414c70c3:c2918]
2019-07-14 04:23:47,461 INFO  client.GrpcClientProtocolClient (GrpcClientProtocolClient.java:onNext(255)) - client-8DB4338F17D0->b5da6a4a-1459-46a4-9479-d2035163dbe2: receive RaftClientReply:client-8DB4338F17D0->b5da6a4a-1459-46a4-9479-d2035163dbe2@group-4A9565783204, cid=1990, SUCCESS, logIndex=2923, commits[b5da6a4a-1459-46a4-9479-d2035163dbe2:c2924, 69c25b61-d669-4f17-b36d-41bca3df1f31:c2921, d2a7b1fa-fac6-4c6f-8c6d-9ac7414c70c3:c2921]
2019-07-14 04:23:47,461 INFO  client.GrpcClientProtocolClient (GrpcClientProtocolClient.java:onNext(255)) - client-8DB4338F17D0->b5da6a4a-1459-46a4-9479-d2035163dbe2: receive RaftClientReply:client-8DB4338F17D0->b5da6a4a-1459-46a4-9479-d2035163dbe2@group-4A9565783204, cid=1991, SUCCESS, logIndex=2924, commits[b5da6a4a-1459-46a4-9479-d2035163dbe2:c2924, 69c25b61-d669-4f17-b36d-41bca3df1f31:c2921, d2a7b1fa-fac6-4c6f-8c6d-9ac7414c70c3:c2921]
2019-07-14 04:23:47,467 INFO  client.GrpcClientProtocolClient (GrpcClientProtocolClient.java:onNext(255)) - client-8DB4338F17D0->b5da6a4a-1459-46a4-9479-d2035163dbe2: receive RaftClientReply:client-8DB4338F17D0->b5da6a4a-1459-46a4-9479-d2035163dbe2@group-4A9565783204, cid=1992, SUCCESS, logIndex=0, commits[b5da6a4a-1459-46a4-9479-d2035163dbe2:c2926, 69c25b61-d669-4f17-b36d-41bca3df1f31:c2924, d2a7b1fa-fac6-4c6f-8c6d-9ac7414c70c3:c2924]
2019-07-14 04:23:47,492 INFO  client.GrpcClientProtocolClient (GrpcClientProtocolClient.java:onNext(255)) - client-8DB4338F17D0->b5da6a4a-1459-46a4-9479-d2035163dbe2: receive RaftClientReply:client-8DB4338F17D0->b5da6a4a-1459-46a4-9479-d2035163dbe2@group-4A9565783204, cid=1993, SUCCESS, logIndex=2927, commits[b5da6a4a-1459-46a4-9479-d2035163dbe2:c2928, 69c25b61-d669-4f17-b36d-41bca3df1f31:c2926, d2a7b1fa-fac6-4c6f-8c6d-9ac7414c70c3:c2926]
2019-07-14 04:23:47,492 INFO  client.GrpcClientProtocolClient (GrpcClientProtocolClient.java:onNext(255)) - client-8DB4338F17D0->b5da6a4a-1459-46a4-9479-d2035163dbe2: receive RaftClientReply:client-8DB4338F17D0->b5da6a4a-1459-46a4-9479-d2035163dbe2@group-4A9565783204, cid=1994, SUCCESS, logIndex=2928, commits[b5da6a4a-1459-46a4-9479-d2035163dbe2:c2928, 69c25b61-d669-4f17-b36d-41bca3df1f31:c2926, d2a7b1fa-fac6-4c6f-8c6d-9ac7414c70c3:c2926]
2019-07-14 04:23:47,494 INFO  client.GrpcClientProtocolClient (GrpcClientProtocolClient.java:onNext(255)) - client-8DB4338F17D0->b5da6a4a-1459-46a4-9479-d2035163dbe2: receive RaftClientReply:client-8DB4338F17D0->b5da6a4a-1459-46a4-9479-d2035163dbe2@group-4A9565783204, cid=1995, SUCCESS, logIndex=2929, commits[b5da6a4a-1459-46a4-9479-d2035163dbe2:c2930, 69c25b61-d669-4f17-b36d-41bca3df1f31:c2926, d2a7b1fa-fac6-4c6f-8c6d-9ac7414c70c3:c2926]
2019-07-14 04:23:47,494 INFO  client.GrpcClientProtocolClient (GrpcClientProtocolClient.java:onNext(255)) - client-8DB4338F17D0->b5da6a4a-1459-46a4-9479-d2035163dbe2: receive RaftClientReply:client-8DB4338F17D0->b5da6a4a-1459-46a4-9479-d2035163dbe2@group-4A9565783204, cid=1996, SUCCESS, logIndex=2930, commits[b5da6a4a-1459-46a4-9479-d2035163dbe2:c2930, 69c25b61-d669-4f17-b36d-41bca3df1f31:c2926, d2a7b1fa-fac6-4c6f-8c6d-9ac7414c70c3:c2926]
2019-07-14 04:23:47,497 INFO  client.GrpcClientProtocolClient (GrpcClientProtocolClient.java:onNext(255)) - client-8DB4338F17D0->b5da6a4a-1459-46a4-9479-d2035163dbe2: receive RaftClientReply:client-8DB4338F17D0->b5da6a4a-1459-46a4-9479-d2035163dbe2@group-4A9565783204, cid=1997, SUCCESS, logIndex=0, commits[b5da6a4a-1459-46a4-9479-d2035163dbe2:c2932, 69c25b61-d669-4f17-b36d-41bca3df1f31:c2928, d2a7b1fa-fac6-4c6f-8c6d-9ac7414c70c3:c2928]
2019-07-14 04:23:47,514 INFO  client.GrpcClientProtocolClient (GrpcClientProtocolClient.java:onNext(255)) - client-8DB4338F17D0->b5da6a4a-1459-46a4-9479-d2035163dbe2: receive RaftClientReply:client-8DB4338F17D0->b5da6a4a-1459-46a4-9479-d2035163dbe2@group-4A9565783204, cid=1998, SUCCESS, logIndex=2935, commits[b5da6a4a-1459-46a4-9479-d2035163dbe2:c2936, 69c25b61-d669-4f17-b36d-41bca3df1f31:c2930, d2a7b1fa-fac6-4c6f-8c6d-9ac7414c70c3:c2934]
2019-07-14 04:23:47,515 INFO  client.GrpcClientProtocolClient (GrpcClientProtocolClient.java:onNext(255)) - client-8DB4338F17D0->b5da6a4a-1459-46a4-9479-d2035163dbe2: receive RaftClientReply:client-8DB4338F17D0->b5da6a4a-1459-46a4-9479-d2035163dbe2@group-4A9565783204, cid=1999, SUCCESS, logIndex=2936, commits[b5da6a4a-1459-46a4-9479-d2035163dbe2:c2936, 69c25b61-d669-4f17-b36d-41bca3df1f31:c2934, d2a7b1fa-fac6-4c6f-8c6d-9ac7414c70c3:c2934]
2019-07-14 04:23:47,526 INFO  client.GrpcClientProtocolClient (GrpcClientProtocolClient.java:onNext(255)) - client-8DB4338F17D0->b5da6a4a-1459-46a4-9479-d2035163dbe2: receive RaftClientReply:client-8DB4338F17D0->b5da6a4a-1459-46a4-9479-d2035163dbe2@group-4A9565783204, cid=2000, SUCCESS, logIndex=2939, commits[b5da6a4a-1459-46a4-9479-d2035163dbe2:c2940, 69c25b61-d669-4f17-b36d-41bca3df1f31:c2938, d2a7b1fa-fac6-4c6f-8c6d-9ac7414c70c3:c2938]
2019-07-14 04:23:47,526 INFO  client.GrpcClientProtocolClient (GrpcClientProtocolClient.java:onNext(255)) - client-8DB4338F17D0->b5da6a4a-1459-46a4-9479-d2035163dbe2: receive RaftClientReply:client-8DB4338F17D0->b5da6a4a-1459-46a4-9479-d2035163dbe2@group-4A9565783204, cid=2001, SUCCESS, logIndex=2940, commits[b5da6a4a-1459-46a4-9479-d2035163dbe2:c2940, 69c25b61-d669-4f17-b36d-41bca3df1f31:c2938, d2a7b1fa-fac6-4c6f-8c6d-9ac7414c70c3:c2938]
2019-07-14 04:23:47,530 INFO  client.GrpcClientProtocolClient (GrpcClientProtocolClient.java:onNext(255)) - client-8DB4338F17D0->b5da6a4a-1459-46a4-9479-d2035163dbe2: receive RaftClientReply:client-8DB4338F17D0->b5da6a4a-1459-46a4-9479-d2035163dbe2@group-4A9565783204, cid=2002, SUCCESS, logIndex=0, commits[b5da6a4a-1459-46a4-9479-d2035163dbe2:c2942, 69c25b61-d669-4f17-b36d-41bca3df1f31:c2940, d2a7b1fa-fac6-4c6f-8c6d-9ac7414c70c3:c2940]
2019-07-14 04:23:47,550 INFO  client.GrpcClientProtocolClient (GrpcClientProtocolClient.java:onNext(255)) - client-8DB4338F17D0->b5da6a4a-1459-46a4-9479-d2035163dbe2: receive RaftClientReply:client-8DB4338F17D0->b5da6a4a-1459-46a4-9479-d2035163dbe2@group-4A9565783204, cid=2003, SUCCESS, logIndex=2943, commits[b5da6a4a-1459-46a4-9479-d2035163dbe2:c2945, 69c25b61-d669-4f17-b36d-41bca3df1f31:c2942, d2a7b1fa-fac6-4c6f-8c6d-9ac7414c70c3:c2942]
2019-07-14 04:23:47,550 INFO  client.GrpcClientProtocolClient (GrpcClientProtocolClient.java:onNext(255)) - client-8DB4338F17D0->b5da6a4a-1459-46a4-9479-d2035163dbe2: receive RaftClientReply:client-8DB4338F17D0->b5da6a4a-1459-46a4-9479-d2035163dbe2@group-4A9565783204, cid=2004, SUCCESS, logIndex=2944, commits[b5da6a4a-1459-46a4-9479-d2035163dbe2:c2946, 69c25b61-d669-4f17-b36d-41bca3df1f31:c2942, d2a7b1fa-fac6-4c6f-8c6d-9ac7414c70c3:c2942]
2019-07-14 04:23:47,551 INFO  client.GrpcClientProtocolClient (GrpcClientProtocolClient.java:onNext(255)) - client-8DB4338F17D0->b5da6a4a-1459-46a4-9479-d2035163dbe2: receive RaftClientReply:client-8DB4338F17D0->b5da6a4a-1459-46a4-9479-d2035163dbe2@group-4A9565783204, cid=2005, SUCCESS, logIndex=2945, commits[b5da6a4a-1459-46a4-9479-d2035163dbe2:c2946, 69c25b61-d669-4f17-b36d-41bca3df1f31:c2942, d2a7b1fa-fac6-4c6f-8c6d-9ac7414c70c3:c2942]
2019-07-14 04:23:47,551 INFO  client.GrpcClientProtocolClient (GrpcClientProtocolClient.java:onNext(255)) - client-8DB4338F17D0->b5da6a4a-1459-46a4-9479-d2035163dbe2: receive RaftClientReply:client-8DB4338F17D0->b5da6a4a-1459-46a4-9479-d2035163dbe2@group-4A9565783204, cid=2006, SUCCESS, logIndex=2946, commits[b5da6a4a-1459-46a4-9479-d2035163dbe2:c2946, 69c25b61-d669-4f17-b36d-41bca3df1f31:c2942, d2a7b1fa-fac6-4c6f-8c6d-9ac7414c70c3:c2942]
2019-07-14 04:23:47,562 INFO  client.GrpcClientProtocolClient (GrpcClientProtocolClient.java:onNext(255)) - client-8DB4338F17D0->b5da6a4a-1459-46a4-9479-d2035163dbe2: receive RaftClientReply:client-8DB4338F17D0->b5da6a4a-1459-46a4-9479-d2035163dbe2@group-4A9565783204, cid=2007, SUCCESS, logIndex=0, commits[b5da6a4a-1459-46a4-9479-d2035163dbe2:c2949, 69c25b61-d669-4f17-b36d-41bca3df1f31:c2945, d2a7b1fa-fac6-4c6f-8c6d-9ac7414c70c3:c2944]
2019-07-14 04:23:47,580 INFO  client.GrpcClientProtocolClient (GrpcClientProtocolClient.java:onNext(255)) - client-8DB4338F17D0->b5da6a4a-1459-46a4-9479-d2035163dbe2: receive RaftClientReply:client-8DB4338F17D0->b5da6a4a-1459-46a4-9479-d2035163dbe2@group-4A9565783204, cid=2008, SUCCESS, logIndex=2951, commits[b5da6a4a-1459-46a4-9479-d2035163dbe2:c2952, 69c25b61-d669-4f17-b36d-41bca3df1f31:c2950, d2a7b1fa-fac6-4c6f-8c6d-9ac7414c70c3:c2950]
2019-07-14 04:23:47,580 INFO  client.GrpcClientProtocolClient (GrpcClientProtocolClient.java:onNext(255)) - client-8DB4338F17D0->b5da6a4a-1459-46a4-9479-d2035163dbe2: receive RaftClientReply:client-8DB4338F17D0->b5da6a4a-1459-46a4-9479-d2035163dbe2@group-4A9565783204, cid=2009, SUCCESS, logIndex=2952, commits[b5da6a4a-1459-46a4-9479-d2035163dbe2:c2952, 69c25b61-d669-4f17-b36d-41bca3df1f31:c2950, d2a7b1fa-fac6-4c6f-8c6d-9ac7414c70c3:c2950]
2019-07-14 04:23:47,593 INFO  client.GrpcClientProtocolClient (GrpcClientProtocolClient.java:onNext(255)) - client-8DB4338F17D0->b5da6a4a-1459-46a4-9479-d2035163dbe2: receive RaftClientReply:client-8DB4338F17D0->b5da6a4a-1459-46a4-9479-d2035163dbe2@group-4A9565783204, cid=2010, SUCCESS, logIndex=2955, commits[b5da6a4a-1459-46a4-9479-d2035163dbe2:c2956, 69c25b61-d669-4f17-b36d-41bca3df1f31:c2952, d2a7b1fa-fac6-4c6f-8c6d-9ac7414c70c3:c2952]
2019-07-14 04:23:47,593 INFO  client.GrpcClientProtocolClient (GrpcClientProtocolClient.java:onNext(255)) - client-8DB4338F17D0->b5da6a4a-1459-46a4-9479-d2035163dbe2: receive RaftClientReply:client-8DB4338F17D0->b5da6a4a-1459-46a4-9479-d2035163dbe2@group-4A9565783204, cid=2011, SUCCESS, logIndex=2956, commits[b5da6a4a-1459-46a4-9479-d2035163dbe2:c2956, 69c25b61-d669-4f17-b36d-41bca3df1f31:c2952, d2a7b1fa-fac6-4c6f-8c6d-9ac7414c70c3:c2952]
2019-07-14 04:23:47,604 INFO  client.GrpcClientProtocolClient (GrpcClientProtocolClient.java:onNext(255)) - client-8DB4338F17D0->b5da6a4a-1459-46a4-9479-d2035163dbe2: receive RaftClientReply:client-8DB4338F17D0->b5da6a4a-1459-46a4-9479-d2035163dbe2@group-4A9565783204, cid=2012, SUCCESS, logIndex=0, commits[b5da6a4a-1459-46a4-9479-d2035163dbe2:c2958, 69c25b61-d669-4f17-b36d-41bca3df1f31:c2956, d2a7b1fa-fac6-4c6f-8c6d-9ac7414c70c3:c2956]
2019-07-14 04:23:47,704 INFO  client.GrpcClientProtocolClient (GrpcClientProtocolClient.java:onNext(255)) - client-8DB4338F17D0->b5da6a4a-1459-46a4-9479-d2035163dbe2: receive RaftClientReply:client-8DB4338F17D0->b5da6a4a-1459-46a4-9479-d2035163dbe2@group-4A9565783204, cid=2013, SUCCESS, logIndex=2959, commits[b5da6a4a-1459-46a4-9479-d2035163dbe2:c2960, 69c25b61-d669-4f17-b36d-41bca3df1f31:c2958, d2a7b1fa-fac6-4c6f-8c6d-9ac7414c70c3:c2958]
2019-07-14 04:23:47,705 INFO  client.GrpcClientProtocolClient (GrpcClientProtocolClient.java:onNext(255)) - client-8DB4338F17D0->b5da6a4a-1459-46a4-9479-d2035163dbe2: receive RaftClientReply:client-8DB4338F17D0->b5da6a4a-1459-46a4-9479-d2035163dbe2@group-4A9565783204, cid=2014, SUCCESS, logIndex=2960, commits[b5da6a4a-1459-46a4-9479-d2035163dbe2:c2962, 69c25b61-d669-4f17-b36d-41bca3df1f31:c2958, d2a7b1fa-fac6-4c6f-8c6d-9ac7414c70c3:c2958]
2019-07-14 04:23:47,705 INFO  client.GrpcClientProtocolClient (GrpcClientProtocolClient.java:onNext(255)) - client-8DB4338F17D0->b5da6a4a-1459-46a4-9479-d2035163dbe2: receive RaftClientReply:client-8DB4338F17D0->b5da6a4a-1459-46a4-9479-d2035163dbe2@group-4A9565783204, cid=2015, SUCCESS, logIndex=2961, commits[b5da6a4a-1459-46a4-9479-d2035163dbe2:c2962, 69c25b61-d669-4f17-b36d-41bca3df1f31:c2958, d2a7b1fa-fac6-4c6f-8c6d-9ac7414c70c3:c2958]
2019-07-14 04:23:47,705 INFO  client.GrpcClientProtocolClient (GrpcClientProtocolClient.java:onNext(255)) - client-8DB4338F17D0->b5da6a4a-1459-46a4-9479-d2035163dbe2: receive RaftClientReply:client-8DB4338F17D0->b5da6a4a-1459-46a4-9479-d2035163dbe2@group-4A9565783204, cid=2016, SUCCESS, logIndex=2962, commits[b5da6a4a-1459-46a4-9479-d2035163dbe2:c2962, 69c25b61-d669-4f17-b36d-41bca3df1f31:c2958, d2a7b1fa-fac6-4c6f-8c6d-9ac7414c70c3:c2958]
2019-07-14 04:23:47,709 INFO  client.GrpcClientProtocolClient (GrpcClientProtocolClient.java:onNext(255)) - client-8DB4338F17D0->b5da6a4a-1459-46a4-9479-d2035163dbe2: receive RaftClientReply:client-8DB4338F17D0->b5da6a4a-1459-46a4-9479-d2035163dbe2@group-4A9565783204, cid=2017, SUCCESS, logIndex=0, commits[b5da6a4a-1459-46a4-9479-d2035163dbe2:c2964, 69c25b61-d669-4f17-b36d-41bca3df1f31:c2960, d2a7b1fa-fac6-4c6f-8c6d-9ac7414c70c3:c2960]
2019-07-14 04:23:47,729 INFO  client.GrpcClientProtocolClient (GrpcClientProtocolClient.java:onNext(255)) - client-8DB4338F17D0->b5da6a4a-1459-46a4-9479-d2035163dbe2: receive RaftClientReply:client-8DB4338F17D0->b5da6a4a-1459-46a4-9479-d2035163dbe2@group-4A9565783204, cid=2018, SUCCESS, logIndex=2967, commits[b5da6a4a-1459-46a4-9479-d2035163dbe2:c2968, 69c25b61-d669-4f17-b36d-41bca3df1f31:c2966, d2a7b1fa-fac6-4c6f-8c6d-9ac7414c70c3:c2966]
2019-07-14 04:23:47,729 INFO  client.GrpcClientProtocolClient (GrpcClientProtocolClient.java:onNext(255)) - client-8DB4338F17D0->b5da6a4a-1459-46a4-9479-d2035163dbe2: receive RaftClientReply:client-8DB4338F17D0->b5da6a4a-1459-46a4-9479-d2035163dbe2@group-4A9565783204, cid=2019, SUCCESS, logIndex=2968, commits[b5da6a4a-1459-46a4-9479-d2035163dbe2:c2968, 69c25b61-d669-4f17-b36d-41bca3df1f31:c2966, d2a7b1fa-fac6-4c6f-8c6d-9ac7414c70c3:c2966]
2019-07-14 04:23:47,748 INFO  client.GrpcClientProtocolClient (GrpcClientProtocolClient.java:onNext(255)) - client-8DB4338F17D0->b5da6a4a-1459-46a4-9479-d2035163dbe2: receive RaftClientReply:client-8DB4338F17D0->b5da6a4a-1459-46a4-9479-d2035163dbe2@group-4A9565783204, cid=2020, SUCCESS, logIndex=2971, commits[b5da6a4a-1459-46a4-9479-d2035163dbe2:c2972, 69c25b61-d669-4f17-b36d-41bca3df1f31:c2968, d2a7b1fa-fac6-4c6f-8c6d-9ac7414c70c3:c2968]
2019-07-14 04:23:47,748 INFO  client.GrpcClientProtocolClient (GrpcClientProtocolClient.java:onNext(255)) - client-8DB4338F17D0->b5da6a4a-1459-46a4-9479-d2035163dbe2: receive RaftClientReply:client-8DB4338F17D0->b5da6a4a-1459-46a4-9479-d2035163dbe2@group-4A9565783204, cid=2021, SUCCESS, logIndex=2972, commits[b5da6a4a-1459-46a4-9479-d2035163dbe2:c2972, 69c25b61-d669-4f17-b36d-41bca3df1f31:c2968, d2a7b1fa-fac6-4c6f-8c6d-9ac7414c70c3:c2968]
2019-07-14 04:23:47,758 INFO  client.GrpcClientProtocolClient (GrpcClientProtocolClient.java:onNext(255)) - client-8DB4338F17D0->b5da6a4a-1459-46a4-9479-d2035163dbe2: receive RaftClientReply:client-8DB4338F17D0->b5da6a4a-1459-46a4-9479-d2035163dbe2@group-4A9565783204, cid=2022, SUCCESS, logIndex=0, commits[b5da6a4a-1459-46a4-9479-d2035163dbe2:c2972, 69c25b61-d669-4f17-b36d-41bca3df1f31:c2972, d2a7b1fa-fac6-4c6f-8c6d-9ac7414c70c3:c2972]
2019-07-14 04:23:47,789 INFO  client.GrpcClientProtocolClient (GrpcClientProtocolClient.java:onNext(255)) - client-8DB4338F17D0->b5da6a4a-1459-46a4-9479-d2035163dbe2: receive RaftClientReply:client-8DB4338F17D0->b5da6a4a-1459-46a4-9479-d2035163dbe2@group-4A9565783204, cid=2023, SUCCESS, logIndex=2975, commits[b5da6a4a-1459-46a4-9479-d2035163dbe2:c2978, 69c25b61-d669-4f17-b36d-41bca3df1f31:c2974, d2a7b1fa-fac6-4c6f-8c6d-9ac7414c70c3:c2974]
2019-07-14 04:23:47,789 INFO  client.GrpcClientProtocolClient (GrpcClientProtocolClient.java:onNext(255)) - client-8DB4338F17D0->b5da6a4a-1459-46a4-9479-d2035163dbe2: receive RaftClientReply:client-8DB4338F17D0->b5da6a4a-1459-46a4-9479-d2035163dbe2@group-4A9565783204, cid=2024, SUCCESS, logIndex=2976, commits[b5da6a4a-1459-46a4-9479-d2035163dbe2:c2978, 69c25b61-d669-4f17-b36d-41bca3df1f31:c2974, d2a7b1fa-fac6-4c6f-8c6d-9ac7414c70c3:c2974]
2019-07-14 04:23:47,790 INFO  client.GrpcClientProtocolClient (GrpcClientProtocolClient.java:onNext(255)) - client-8DB4338F17D0->b5da6a4a-1459-46a4-9479-d2035163dbe2: receive RaftClientReply:client-8DB4338F17D0->b5da6a4a-1459-46a4-9479-d2035163dbe2@group-4A9565783204, cid=2025, SUCCESS, logIndex=2977, commits[b5da6a4a-1459-46a4-9479-d2035163dbe2:c2978, 69c25b61-d669-4f17-b36d-41bca3df1f31:c2974, d2a7b1fa-fac6-4c6f-8c6d-9ac7414c70c3:c2974]
2019-07-14 04:23:47,790 INFO  client.GrpcClientProtocolClient (GrpcClientProtocolClient.java:onNext(255)) - client-8DB4338F17D0->b5da6a4a-1459-46a4-9479-d2035163dbe2: receive RaftClientReply:client-8DB4338F17D0->b5da6a4a-1459-46a4-9479-d2035163dbe2@group-4A9565783204, cid=2026, SUCCESS, logIndex=2978, commits[b5da6a4a-1459-46a4-9479-d2035163dbe2:c2978, 69c25b61-d669-4f17-b36d-41bca3df1f31:c2974, d2a7b1fa-fac6-4c6f-8c6d-9ac7414c70c3:c2974]
2019-07-14 04:23:47,796 INFO  client.GrpcClientProtocolClient (GrpcClientProtocolClient.java:onNext(255)) - client-8DB4338F17D0->b5da6a4a-1459-46a4-9479-d2035163dbe2: receive RaftClientReply:client-8DB4338F17D0->b5da6a4a-1459-46a4-9479-d2035163dbe2@group-4A9565783204, cid=2027, SUCCESS, logIndex=0, commits[b5da6a4a-1459-46a4-9479-d2035163dbe2:c2981, 69c25b61-d669-4f17-b36d-41bca3df1f31:c2977, d2a7b1fa-fac6-4c6f-8c6d-9ac7414c70c3:c2978]
2019-07-14 04:23:47,816 INFO  client.GrpcClientProtocolClient (GrpcClientProtocolClient.java:onNext(255)) - client-8DB4338F17D0->b5da6a4a-1459-46a4-9479-d2035163dbe2: receive RaftClientReply:client-8DB4338F17D0->b5da6a4a-1459-46a4-9479-d2035163dbe2@group-4A9565783204, cid=2028, SUCCESS, logIndex=2982, commits[b5da6a4a-1459-46a4-9479-d2035163dbe2:c2983, 69c25b61-d669-4f17-b36d-41bca3df1f31:c2981, d2a7b1fa-fac6-4c6f-8c6d-9ac7414c70c3:c2981]
2019-07-14 04:23:47,816 INFO  client.GrpcClientProtocolClient (GrpcClientProtocolClient.java:onNext(255)) - client-8DB4338F17D0->b5da6a4a-1459-46a4-9479-d2035163dbe2: receive RaftClientReply:client-8DB4338F17D0->b5da6a4a-1459-46a4-9479-d2035163dbe2@group-4A9565783204, cid=2029, SUCCESS, logIndex=2983, commits[b5da6a4a-1459-46a4-9479-d2035163dbe2:c2983, 69c25b61-d669-4f17-b36d-41bca3df1f31:c2981, d2a7b1fa-fac6-4c6f-8c6d-9ac7414c70c3:c2981]
2019-07-14 04:23:47,829 INFO  client.GrpcClientProtocolClient (GrpcClientProtocolClient.java:onNext(255)) - client-8DB4338F17D0->b5da6a4a-1459-46a4-9479-d2035163dbe2: receive RaftClientReply:client-8DB4338F17D0->b5da6a4a-1459-46a4-9479-d2035163dbe2@group-4A9565783204, cid=2030, SUCCESS, logIndex=2986, commits[b5da6a4a-1459-46a4-9479-d2035163dbe2:c2987, 69c25b61-d669-4f17-b36d-41bca3df1f31:c2983, d2a7b1fa-fac6-4c6f-8c6d-9ac7414c70c3:c2983]
2019-07-14 04:23:47,829 INFO  client.GrpcClientProtocolClient (GrpcClientProtocolClient.java:onNext(255)) - client-8DB4338F17D0->b5da6a4a-1459-46a4-9479-d2035163dbe2: receive RaftClientReply:client-8DB4338F17D0->b5da6a4a-1459-46a4-9479-d2035163dbe2@group-4A9565783204, cid=2031, SUCCESS, logIndex=2987, commits[b5da6a4a-1459-46a4-9479-d2035163dbe2:c2987, 69c25b61-d669-4f17-b36d-41bca3df1f31:c2983, d2a7b1fa-fac6-4c6f-8c6d-9ac7414c70c3:c2983]
2019-07-14 04:23:47,833 INFO  client.GrpcClientProtocolClient (GrpcClientProtocolClient.java:onNext(255)) - client-8DB4338F17D0->b5da6a4a-1459-46a4-9479-d2035163dbe2: receive RaftClientReply:client-8DB4338F17D0->b5da6a4a-1459-46a4-9479-d2035163dbe2@group-4A9565783204, cid=2032, SUCCESS, logIndex=0, commits[b5da6a4a-1459-46a4-9479-d2035163dbe2:c2989, 69c25b61-d669-4f17-b36d-41bca3df1f31:c2987, d2a7b1fa-fac6-4c6f-8c6d-9ac7414c70c3:c2987]
2019-07-14 04:23:47,853 INFO  client.GrpcClientProtocolClient (GrpcClientProtocolClient.java:onNext(255)) - client-8DB4338F17D0->b5da6a4a-1459-46a4-9479-d2035163dbe2: receive RaftClientReply:client-8DB4338F17D0->b5da6a4a-1459-46a4-9479-d2035163dbe2@group-4A9565783204, cid=2033, SUCCESS, logIndex=2990, commits[b5da6a4a-1459-46a4-9479-d2035163dbe2:c2991, 69c25b61-d669-4f17-b36d-41bca3df1f31:c2987, d2a7b1fa-fac6-4c6f-8c6d-9ac7414c70c3:c2989]
2019-07-14 04:23:47,854 INFO  client.GrpcClientProtocolClient (GrpcClientProtocolClient.java:onNext(255)) - client-8DB4338F17D0->b5da6a4a-1459-46a4-9479-d2035163dbe2: receive RaftClientReply:client-8DB4338F17D0->b5da6a4a-1459-46a4-9479-d2035163dbe2@group-4A9565783204, cid=2034, SUCCESS, logIndex=2991, commits[b5da6a4a-1459-46a4-9479-d2035163dbe2:c2993, 69c25b61-d669-4f17-b36d-41bca3df1f31:c2989, d2a7b1fa-fac6-4c6f-8c6d-9ac7414c70c3:c2989]
2019-07-14 04:23:47,854 INFO  client.GrpcClientProtocolClient (GrpcClientProtocolClient.java:onNext(255)) - client-8DB4338F17D0->b5da6a4a-1459-46a4-9479-d2035163dbe2: receive RaftClientReply:client-8DB4338F17D0->b5da6a4a-1459-46a4-9479-d2035163dbe2@group-4A9565783204, cid=2035, SUCCESS, logIndex=2992, commits[b5da6a4a-1459-46a4-9479-d2035163dbe2:c2993, 69c25b61-d669-4f17-b36d-41bca3df1f31:c2989, d2a7b1fa-fac6-4c6f-8c6d-9ac7414c70c3:c2989]
2019-07-14 04:23:47,854 INFO  client.GrpcClientProtocolClient (GrpcClientProtocolClient.java:onNext(255)) - client-8DB4338F17D0->b5da6a4a-1459-46a4-9479-d2035163dbe2: receive RaftClientReply:client-8DB4338F17D0->b5da6a4a-1459-46a4-9479-d2035163dbe2@group-4A9565783204, cid=2036, SUCCESS, logIndex=2993, commits[b5da6a4a-1459-46a4-9479-d2035163dbe2:c2993, 69c25b61-d669-4f17-b36d-41bca3df1f31:c2989, d2a7b1fa-fac6-4c6f-8c6d-9ac7414c70c3:c2989]
2019-07-14 04:23:47,855 INFO  client.GrpcClientProtocolClient (GrpcClientProtocolClient.java:onNext(255)) - client-8DB4338F17D0->b5da6a4a-1459-46a4-9479-d2035163dbe2: receive RaftClientReply:client-8DB4338F17D0->b5da6a4a-1459-46a4-9479-d2035163dbe2@group-4A9565783204, cid=2037, SUCCESS, logIndex=0, commits[b5da6a4a-1459-46a4-9479-d2035163dbe2:c2994, 69c25b61-d669-4f17-b36d-41bca3df1f31:c2991, d2a7b1fa-fac6-4c6f-8c6d-9ac7414c70c3:c2991]
2019-07-14 04:23:47,873 INFO  client.GrpcClientProtocolClient (GrpcClientProtocolClient.java:onNext(255)) - client-8DB4338F17D0->b5da6a4a-1459-46a4-9479-d2035163dbe2: receive RaftClientReply:client-8DB4338F17D0->b5da6a4a-1459-46a4-9479-d2035163dbe2@group-4A9565783204, cid=2038, SUCCESS, logIndex=2998, commits[b5da6a4a-1459-46a4-9479-d2035163dbe2:c2999, 69c25b61-d669-4f17-b36d-41bca3df1f31:c2993, d2a7b1fa-fac6-4c6f-8c6d-9ac7414c70c3:c2997]
2019-07-14 04:23:47,873 INFO  client.GrpcClientProtocolClient (GrpcClientProtocolClient.java:onNext(255)) - client-8DB4338F17D0->b5da6a4a-1459-46a4-9479-d2035163dbe2: receive RaftClientReply:client-8DB4338F17D0->b5da6a4a-1459-46a4-9479-d2035163dbe2@group-4A9565783204, cid=2039, SUCCESS, logIndex=2999, commits[b5da6a4a-1459-46a4-9479-d2035163dbe2:c2999, 69c25b61-d669-4f17-b36d-41bca3df1f31:c2997, d2a7b1fa-fac6-4c6f-8c6d-9ac7414c70c3:c2997]
2019-07-14 04:23:47,892 INFO  client.GrpcClientProtocolClient (GrpcClientProtocolClient.java:onNext(255)) - client-8DB4338F17D0->b5da6a4a-1459-46a4-9479-d2035163dbe2: receive RaftClientReply:client-8DB4338F17D0->b5da6a4a-1459-46a4-9479-d2035163dbe2@group-4A9565783204, cid=2040, SUCCESS, logIndex=3002, commits[b5da6a4a-1459-46a4-9479-d2035163dbe2:c3003, 69c25b61-d669-4f17-b36d-41bca3df1f31:c2999, d2a7b1fa-fac6-4c6f-8c6d-9ac7414c70c3:c3001]
2019-07-14 04:23:47,892 INFO  client.GrpcClientProtocolClient (GrpcClientProtocolClient.java:onNext(255)) - client-8DB4338F17D0->b5da6a4a-1459-46a4-9479-d2035163dbe2: receive RaftClientReply:client-8DB4338F17D0->b5da6a4a-1459-46a4-9479-d2035163dbe2@group-4A9565783204, cid=2041, SUCCESS, logIndex=3003, commits[b5da6a4a-1459-46a4-9479-d2035163dbe2:c3003, 69c25b61-d669-4f17-b36d-41bca3df1f31:c3001, d2a7b1fa-fac6-4c6f-8c6d-9ac7414c70c3:c3001]
2019-07-14 04:23:47,895 INFO  client.GrpcClientProtocolClient (GrpcClientProtocolClient.java:onNext(255)) - client-8DB4338F17D0->b5da6a4a-1459-46a4-9479-d2035163dbe2: receive RaftClientReply:client-8DB4338F17D0->b5da6a4a-1459-46a4-9479-d2035163dbe2@group-4A9565783204, cid=2042, SUCCESS, logIndex=0, commits[b5da6a4a-1459-46a4-9479-d2035163dbe2:c3005, 69c25b61-d669-4f17-b36d-41bca3df1f31:c3003, d2a7b1fa-fac6-4c6f-8c6d-9ac7414c70c3:c3003]
2019-07-14 04:23:47,919 INFO  client.GrpcClientProtocolClient (GrpcClientProtocolClient.java:onNext(255)) - client-8DB4338F17D0->b5da6a4a-1459-46a4-9479-d2035163dbe2: receive RaftClientReply:client-8DB4338F17D0->b5da6a4a-1459-46a4-9479-d2035163dbe2@group-4A9565783204, cid=2043, SUCCESS, logIndex=3006, commits[b5da6a4a-1459-46a4-9479-d2035163dbe2:c3007, 69c25b61-d669-4f17-b36d-41bca3df1f31:c3005, d2a7b1fa-fac6-4c6f-8c6d-9ac7414c70c3:c3005]
2019-07-14 04:23:47,919 INFO  client.GrpcClientProtocolClient (GrpcClientProtocolClient.java:onNext(255)) - client-8DB4338F17D0->b5da6a4a-1459-46a4-9479-d2035163dbe2: receive RaftClientReply:client-8DB4338F17D0->b5da6a4a-1459-46a4-9479-d2035163dbe2@group-4A9565783204, cid=2044, SUCCESS, logIndex=3007, commits[b5da6a4a-1459-46a4-9479-d2035163dbe2:c3008, 69c25b61-d669-4f17-b36d-41bca3df1f31:c3005, d2a7b1fa-fac6-4c6f-8c6d-9ac7414c70c3:c3005]
2019-07-14 04:23:47,920 INFO  client.GrpcClientProtocolClient (GrpcClientProtocolClient.java:onNext(255)) - client-8DB4338F17D0->b5da6a4a-1459-46a4-9479-d2035163dbe2: receive RaftClientReply:client-8DB4338F17D0->b5da6a4a-1459-46a4-9479-d2035163dbe2@group-4A9565783204, cid=2045, SUCCESS, logIndex=3008, commits[b5da6a4a-1459-46a4-9479-d2035163dbe2:c3009, 69c25b61-d669-4f17-b36d-41bca3df1f31:c3005, d2a7b1fa-fac6-4c6f-8c6d-9ac7414c70c3:c3005]
2019-07-14 04:23:47,920 INFO  client.GrpcClientProtocolClient (GrpcClientProtocolClient.java:onNext(255)) - client-8DB4338F17D0->b5da6a4a-1459-46a4-9479-d2035163dbe2: receive RaftClientReply:client-8DB4338F17D0->b5da6a4a-1459-46a4-9479-d2035163dbe2@group-4A9565783204, cid=2046, SUCCESS, logIndex=3009, commits[b5da6a4a-1459-46a4-9479-d2035163dbe2:c3009, 69c25b61-d669-4f17-b36d-41bca3df1f31:c3005, d2a7b1fa-fac6-4c6f-8c6d-9ac7414c70c3:c3005]
2019-07-14 04:23:47,923 INFO  client.GrpcClientProtocolClient (GrpcClientProtocolClient.java:onNext(255)) - client-8DB4338F17D0->b5da6a4a-1459-46a4-9479-d2035163dbe2: receive RaftClientReply:client-8DB4338F17D0->b5da6a4a-1459-46a4-9479-d2035163dbe2@group-4A9565783204, cid=2047, SUCCESS, logIndex=0, commits[b5da6a4a-1459-46a4-9479-d2035163dbe2:c3011, 69c25b61-d669-4f17-b36d-41bca3df1f31:c3007, d2a7b1fa-fac6-4c6f-8c6d-9ac7414c70c3:c3007]
2019-07-14 04:23:47,942 INFO  client.GrpcClientProtocolClient (GrpcClientProtocolClient.java:onNext(255)) - client-8DB4338F17D0->b5da6a4a-1459-46a4-9479-d2035163dbe2: receive RaftClientReply:client-8DB4338F17D0->b5da6a4a-1459-46a4-9479-d2035163dbe2@group-4A9565783204, cid=2048, SUCCESS, logIndex=3014, commits[b5da6a4a-1459-46a4-9479-d2035163dbe2:c3015, 69c25b61-d669-4f17-b36d-41bca3df1f31:c3013, d2a7b1fa-fac6-4c6f-8c6d-9ac7414c70c3:c3013]
2019-07-14 04:23:47,943 INFO  client.GrpcClientProtocolClient (GrpcClientProtocolClient.java:onNext(255)) - client-8DB4338F17D0->b5da6a4a-1459-46a4-9479-d2035163dbe2: receive RaftClientReply:client-8DB4338F17D0->b5da6a4a-1459-46a4-9479-d2035163dbe2@group-4A9565783204, cid=2049, SUCCESS, logIndex=3015, commits[b5da6a4a-1459-46a4-9479-d2035163dbe2:c3015, 69c25b61-d669-4f17-b36d-41bca3df1f31:c3013, d2a7b1fa-fac6-4c6f-8c6d-9ac7414c70c3:c3013]
2019-07-14 04:23:47,962 INFO  client.GrpcClientProtocolClient (GrpcClientProtocolClient.java:onNext(255)) - client-8DB4338F17D0->b5da6a4a-1459-46a4-9479-d2035163dbe2: receive RaftClientReply:client-8DB4338F17D0->b5da6a4a-1459-46a4-9479-d2035163dbe2@group-4A9565783204, cid=2050, SUCCESS, logIndex=3017, commits[b5da6a4a-1459-46a4-9479-d2035163dbe2:c3018, 69c25b61-d669-4f17-b36d-41bca3df1f31:c3016, d2a7b1fa-fac6-4c6f-8c6d-9ac7414c70c3:c3016]
2019-07-14 04:23:47,963 INFO  client.GrpcClientProtocolClient (GrpcClientProtocolClient.java:onNext(255)) - client-8DB4338F17D0->b5da6a4a-1459-46a4-9479-d2035163dbe2: receive RaftClientReply:client-8DB4338F17D0->b5da6a4a-1459-46a4-9479-d2035163dbe2@group-4A9565783204, cid=2051, SUCCESS, logIndex=3018, commits[b5da6a4a-1459-46a4-9479-d2035163dbe2:c3018, 69c25b61-d669-4f17-b36d-41bca3df1f31:c3016, d2a7b1fa-fac6-4c6f-8c6d-9ac7414c70c3:c3016]
2019-07-14 04:23:47,974 INFO  client.GrpcClientProtocolClient (GrpcClientProtocolClient.java:onNext(255)) - client-8DB4338F17D0->b5da6a4a-1459-46a4-9479-d2035163dbe2: receive RaftClientReply:client-8DB4338F17D0->b5da6a4a-1459-46a4-9479-d2035163dbe2@group-4A9565783204, cid=2052, SUCCESS, logIndex=0, commits[b5da6a4a-1459-46a4-9479-d2035163dbe2:c3019, 69c25b61-d669-4f17-b36d-41bca3df1f31:c3018, d2a7b1fa-fac6-4c6f-8c6d-9ac7414c70c3:c3018]
2019-07-14 04:23:48,001 INFO  client.GrpcClientProtocolClient (GrpcClientProtocolClient.java:onNext(255)) - client-8DB4338F17D0->b5da6a4a-1459-46a4-9479-d2035163dbe2: receive RaftClientReply:client-8DB4338F17D0->b5da6a4a-1459-46a4-9479-d2035163dbe2@group-4A9565783204, cid=2053, SUCCESS, logIndex=3021, commits[b5da6a4a-1459-46a4-9479-d2035163dbe2:c3022, 69c25b61-d669-4f17-b36d-41bca3df1f31:c3020, d2a7b1fa-fac6-4c6f-8c6d-9ac7414c70c3:c3020]
2019-07-14 04:23:48,002 INFO  client.GrpcClientProtocolClient (GrpcClientProtocolClient.java:onNext(255)) - client-8DB4338F17D0->b5da6a4a-1459-46a4-9479-d2035163dbe2: receive RaftClientReply:client-8DB4338F17D0->b5da6a4a-1459-46a4-9479-d2035163dbe2@group-4A9565783204, cid=2054, SUCCESS, logIndex=3022, commits[b5da6a4a-1459-46a4-9479-d2035163dbe2:c3024, 69c25b61-d669-4f17-b36d-41bca3df1f31:c3020, d2a7b1fa-fac6-4c6f-8c6d-9ac7414c70c3:c3020]
2019-07-14 04:23:48,002 INFO  client.GrpcClientProtocolClient (GrpcClientProtocolClient.java:onNext(255)) - client-8DB4338F17D0->b5da6a4a-1459-46a4-9479-d2035163dbe2: receive RaftClientReply:client-8DB4338F17D0->b5da6a4a-1459-46a4-9479-d2035163dbe2@group-4A9565783204, cid=2055, SUCCESS, logIndex=3023, commits[b5da6a4a-1459-46a4-9479-d2035163dbe2:c3024, 69c25b61-d669-4f17-b36d-41bca3df1f31:c3020, d2a7b1fa-fac6-4c6f-8c6d-9ac7414c70c3:c3020]
2019-07-14 04:23:48,002 INFO  client.GrpcClientProtocolClient (GrpcClientProtocolClient.java:onNext(255)) - client-8DB4338F17D0->b5da6a4a-1459-46a4-9479-d2035163dbe2: receive RaftClientReply:client-8DB4338F17D0->b5da6a4a-1459-46a4-9479-d2035163dbe2@group-4A9565783204, cid=2056, SUCCESS, logIndex=3024, commits[b5da6a4a-1459-46a4-9479-d2035163dbe2:c3024, 69c25b61-d669-4f17-b36d-41bca3df1f31:c3020, d2a7b1fa-fac6-4c6f-8c6d-9ac7414c70c3:c3020]
2019-07-14 04:23:48,007 INFO  client.GrpcClientProtocolClient (GrpcClientProtocolClient.java:onNext(255)) - client-8DB4338F17D0->b5da6a4a-1459-46a4-9479-d2035163dbe2: receive RaftClientReply:client-8DB4338F17D0->b5da6a4a-1459-46a4-9479-d2035163dbe2@group-4A9565783204, cid=2057, SUCCESS, logIndex=0, commits[b5da6a4a-1459-46a4-9479-d2035163dbe2:c3026, 69c25b61-d669-4f17-b36d-41bca3df1f31:c3022, d2a7b1fa-fac6-4c6f-8c6d-9ac7414c70c3:c3022]
2019-07-14 04:23:48,025 INFO  client.GrpcClientProtocolClient (GrpcClientProtocolClient.java:onNext(255)) - client-8DB4338F17D0->b5da6a4a-1459-46a4-9479-d2035163dbe2: receive RaftClientReply:client-8DB4338F17D0->b5da6a4a-1459-46a4-9479-d2035163dbe2@group-4A9565783204, cid=2058, SUCCESS, logIndex=3028, commits[b5da6a4a-1459-46a4-9479-d2035163dbe2:c3028, 69c25b61-d669-4f17-b36d-41bca3df1f31:c3024, d2a7b1fa-fac6-4c6f-8c6d-9ac7414c70c3:c3027]
2019-07-14 04:23:48,025 INFO  client.GrpcClientProtocolClient (GrpcClientProtocolClient.java:onNext(255)) - client-8DB4338F17D0->b5da6a4a-1459-46a4-9479-d2035163dbe2: receive RaftClientReply:client-8DB4338F17D0->b5da6a4a-1459-46a4-9479-d2035163dbe2@group-4A9565783204, cid=2059, SUCCESS, logIndex=3029, commits[b5da6a4a-1459-46a4-9479-d2035163dbe2:c3029, 69c25b61-d669-4f17-b36d-41bca3df1f31:c3027, d2a7b1fa-fac6-4c6f-8c6d-9ac7414c70c3:c3027]
2019-07-14 04:23:48,037 INFO  client.GrpcClientProtocolClient (GrpcClientProtocolClient.java:onNext(255)) - client-8DB4338F17D0->b5da6a4a-1459-46a4-9479-d2035163dbe2: receive RaftClientReply:client-8DB4338F17D0->b5da6a4a-1459-46a4-9479-d2035163dbe2@group-4A9565783204, cid=2060, SUCCESS, logIndex=3032, commits[b5da6a4a-1459-46a4-9479-d2035163dbe2:c3033, 69c25b61-d669-4f17-b36d-41bca3df1f31:c3029, d2a7b1fa-fac6-4c6f-8c6d-9ac7414c70c3:c3029]
2019-07-14 04:23:48,037 INFO  client.GrpcClientProtocolClient (GrpcClientProtocolClient.java:onNext(255)) - client-8DB4338F17D0->b5da6a4a-1459-46a4-9479-d2035163dbe2: receive RaftClientReply:client-8DB4338F17D0->b5da6a4a-1459-46a4-9479-d2035163dbe2@group-4A9565783204, cid=2061, SUCCESS, logIndex=3033, commits[b5da6a4a-1459-46a4-9479-d2035163dbe2:c3033, 69c25b61-d669-4f17-b36d-41bca3df1f31:c3029, d2a7b1fa-fac6-4c6f-8c6d-9ac7414c70c3:c3029]
2019-07-14 04:23:48,053 INFO  client.GrpcClientProtocolClient (GrpcClientProtocolClient.java:onNext(255)) - client-8DB4338F17D0->b5da6a4a-1459-46a4-9479-d2035163dbe2: receive RaftClientReply:client-8DB4338F17D0->b5da6a4a-1459-46a4-9479-d2035163dbe2@group-4A9565783204, cid=2062, SUCCESS, logIndex=0, commits[b5da6a4a-1459-46a4-9479-d2035163dbe2:c3035, 69c25b61-d669-4f17-b36d-41bca3df1f31:c3033, d2a7b1fa-fac6-4c6f-8c6d-9ac7414c70c3:c3033]
2019-07-14 04:23:48,073 INFO  client.GrpcClientProtocolClient (GrpcClientProtocolClient.java:onNext(255)) - client-8DB4338F17D0->b5da6a4a-1459-46a4-9479-d2035163dbe2: receive RaftClientReply:client-8DB4338F17D0->b5da6a4a-1459-46a4-9479-d2035163dbe2@group-4A9565783204, cid=2063, SUCCESS, logIndex=3036, commits[b5da6a4a-1459-46a4-9479-d2035163dbe2:c3037, 69c25b61-d669-4f17-b36d-41bca3df1f31:c3035, d2a7b1fa-fac6-4c6f-8c6d-9ac7414c70c3:c3035]
2019-07-14 04:23:48,073 INFO  client.GrpcClientProtocolClient (GrpcClientProtocolClient.java:onNext(255)) - client-8DB4338F17D0->b5da6a4a-1459-46a4-9479-d2035163dbe2: receive RaftClientReply:client-8DB4338F17D0->b5da6a4a-1459-46a4-9479-d2035163dbe2@group-4A9565783204, cid=2064, SUCCESS, logIndex=3037, commits[b5da6a4a-1459-46a4-9479-d2035163dbe2:c3039, 69c25b61-d669-4f17-b36d-41bca3df1f31:c3035, d2a7b1fa-fac6-4c6f-8c6d-9ac7414c70c3:c3035]
2019-07-14 04:23:48,073 INFO  client.GrpcClientProtocolClient (GrpcClientProtocolClient.java:onNext(255)) - client-8DB4338F17D0->b5da6a4a-1459-46a4-9479-d2035163dbe2: receive RaftClientReply:client-8DB4338F17D0->b5da6a4a-1459-46a4-9479-d2035163dbe2@group-4A9565783204, cid=2065, SUCCESS, logIndex=3038, commits[b5da6a4a-1459-46a4-9479-d2035163dbe2:c3039, 69c25b61-d669-4f17-b36d-41bca3df1f31:c3035, d2a7b1fa-fac6-4c6f-8c6d-9ac7414c70c3:c3035]
2019-07-14 04:23:48,073 INFO  client.GrpcClientProtocolClient (GrpcClientProtocolClient.java:onNext(255)) - client-8DB4338F17D0->b5da6a4a-1459-46a4-9479-d2035163dbe2: receive RaftClientReply:client-8DB4338F17D0->b5da6a4a-1459-46a4-9479-d2035163dbe2@group-4A9565783204, cid=2066, SUCCESS, logIndex=3039, commits[b5da6a4a-1459-46a4-9479-d2035163dbe2:c3039, 69c25b61-d669-4f17-b36d-41bca3df1f31:c3035, d2a7b1fa-fac6-4c6f-8c6d-9ac7414c70c3:c3035]
2019-07-14 04:23:48,083 INFO  client.GrpcClientProtocolClient (GrpcClientProtocolClient.java:onNext(255)) - client-8DB4338F17D0->b5da6a4a-1459-46a4-9479-d2035163dbe2: receive RaftClientReply:client-8DB4338F17D0->b5da6a4a-1459-46a4-9479-d2035163dbe2@group-4A9565783204, cid=2067, SUCCESS, logIndex=0, commits[b5da6a4a-1459-46a4-9479-d2035163dbe2:c3040, 69c25b61-d669-4f17-b36d-41bca3df1f31:c3037, d2a7b1fa-fac6-4c6f-8c6d-9ac7414c70c3:c3037]
2019-07-14 04:23:48,093 INFO  client.GrpcClientProtocolClient (GrpcClientProtocolClient.java:onNext(255)) - client-8DB4338F17D0->b5da6a4a-1459-46a4-9479-d2035163dbe2: receive RaftClientReply:client-8DB4338F17D0->b5da6a4a-1459-46a4-9479-d2035163dbe2@group-4A9565783204, cid=2068, SUCCESS, logIndex=3043, commits[b5da6a4a-1459-46a4-9479-d2035163dbe2:c3044, 69c25b61-d669-4f17-b36d-41bca3df1f31:c3042, d2a7b1fa-fac6-4c6f-8c6d-9ac7414c70c3:c3039]
2019-07-14 04:23:48,093 INFO  client.GrpcClientProtocolClient (GrpcClientProtocolClient.java:onNext(255)) - client-8DB4338F17D0->b5da6a4a-1459-46a4-9479-d2035163dbe2: receive RaftClientReply:client-8DB4338F17D0->b5da6a4a-1459-46a4-9479-d2035163dbe2@group-4A9565783204, cid=2069, SUCCESS, logIndex=3044, commits[b5da6a4a-1459-46a4-9479-d2035163dbe2:c3044, 69c25b61-d669-4f17-b36d-41bca3df1f31:c3042, d2a7b1fa-fac6-4c6f-8c6d-9ac7414c70c3:c3042]
2019-07-14 04:23:48,111 INFO  client.GrpcClientProtocolClient (GrpcClientProtocolClient.java:onNext(255)) - client-8DB4338F17D0->b5da6a4a-1459-46a4-9479-d2035163dbe2: receive RaftClientReply:client-8DB4338F17D0->b5da6a4a-1459-46a4-9479-d2035163dbe2@group-4A9565783204, cid=2070, SUCCESS, logIndex=3047, commits[b5da6a4a-1459-46a4-9479-d2035163dbe2:c3048, 69c25b61-d669-4f17-b36d-41bca3df1f31:c3046, d2a7b1fa-fac6-4c6f-8c6d-9ac7414c70c3:c3046]
2019-07-14 04:23:48,111 INFO  client.GrpcClientProtocolClient (GrpcClientProtocolClient.java:onNext(255)) - client-8DB4338F17D0->b5da6a4a-1459-46a4-9479-d2035163dbe2: receive RaftClientReply:client-8DB4338F17D0->b5da6a4a-1459-46a4-9479-d2035163dbe2@group-4A9565783204, cid=2071, SUCCESS, logIndex=3048, commits[b5da6a4a-1459-46a4-9479-d2035163dbe2:c3048, 69c25b61-d669-4f17-b36d-41bca3df1f31:c3046, d2a7b1fa-fac6-4c6f-8c6d-9ac7414c70c3:c3046]
2019-07-14 04:23:48,121 INFO  client.GrpcClientProtocolClient (GrpcClientProtocolClient.java:onNext(255)) - client-8DB4338F17D0->b5da6a4a-1459-46a4-9479-d2035163dbe2: receive RaftClientReply:client-8DB4338F17D0->b5da6a4a-1459-46a4-9479-d2035163dbe2@group-4A9565783204, cid=2072, SUCCESS, logIndex=0, commits[b5da6a4a-1459-46a4-9479-d2035163dbe2:c3049, 69c25b61-d669-4f17-b36d-41bca3df1f31:c3048, d2a7b1fa-fac6-4c6f-8c6d-9ac7414c70c3:c3048]
2019-07-14 04:23:48,152 INFO  client.GrpcClientProtocolClient (GrpcClientProtocolClient.java:onNext(255)) - client-8DB4338F17D0->b5da6a4a-1459-46a4-9479-d2035163dbe2: receive RaftClientReply:client-8DB4338F17D0->b5da6a4a-1459-46a4-9479-d2035163dbe2@group-4A9565783204, cid=2073, SUCCESS, logIndex=3051, commits[b5da6a4a-1459-46a4-9479-d2035163dbe2:c3053, 69c25b61-d669-4f17-b36d-41bca3df1f31:c3050, d2a7b1fa-fac6-4c6f-8c6d-9ac7414c70c3:c3050]
2019-07-14 04:23:48,152 INFO  client.GrpcClientProtocolClient (GrpcClientProtocolClient.java:onNext(255)) - client-8DB4338F17D0->b5da6a4a-1459-46a4-9479-d2035163dbe2: receive RaftClientReply:client-8DB4338F17D0->b5da6a4a-1459-46a4-9479-d2035163dbe2@group-4A9565783204, cid=2074, SUCCESS, logIndex=3052, commits[b5da6a4a-1459-46a4-9479-d2035163dbe2:c3054, 69c25b61-d669-4f17-b36d-41bca3df1f31:c3050, d2a7b1fa-fac6-4c6f-8c6d-9ac7414c70c3:c3050]
2019-07-14 04:23:48,153 INFO  client.GrpcClientProtocolClient (GrpcClientProtocolClient.java:onNext(255)) - client-8DB4338F17D0->b5da6a4a-1459-46a4-9479-d2035163dbe2: receive RaftClientReply:client-8DB4338F17D0->b5da6a4a-1459-46a4-9479-d2035163dbe2@group-4A9565783204, cid=2075, SUCCESS, logIndex=3053, commits[b5da6a4a-1459-46a4-9479-d2035163dbe2:c3054, 69c25b61-d669-4f17-b36d-41bca3df1f31:c3050, d2a7b1fa-fac6-4c6f-8c6d-9ac7414c70c3:c3050]
2019-07-14 04:23:48,153 INFO  client.GrpcClientProtocolClient (GrpcClientProtocolClient.java:onNext(255)) - client-8DB4338F17D0->b5da6a4a-1459-46a4-9479-d2035163dbe2: receive RaftClientReply:client-8DB4338F17D0->b5da6a4a-1459-46a4-9479-d2035163dbe2@group-4A9565783204, cid=2076, SUCCESS, logIndex=3054, commits[b5da6a4a-1459-46a4-9479-d2035163dbe2:c3054, 69c25b61-d669-4f17-b36d-41bca3df1f31:c3050, d2a7b1fa-fac6-4c6f-8c6d-9ac7414c70c3:c3050]
2019-07-14 04:23:48,155 INFO  client.GrpcClientProtocolClient (GrpcClientProtocolClient.java:onNext(255)) - client-8DB4338F17D0->b5da6a4a-1459-46a4-9479-d2035163dbe2: receive RaftClientReply:client-8DB4338F17D0->b5da6a4a-1459-46a4-9479-d2035163dbe2@group-4A9565783204, cid=2077, SUCCESS, logIndex=0, commits[b5da6a4a-1459-46a4-9479-d2035163dbe2:c3056, 69c25b61-d669-4f17-b36d-41bca3df1f31:c3053, d2a7b1fa-fac6-4c6f-8c6d-9ac7414c70c3:c3053]
2019-07-14 04:23:48,174 INFO  client.GrpcClientProtocolClient (GrpcClientProtocolClient.java:onNext(255)) - client-8DB4338F17D0->b5da6a4a-1459-46a4-9479-d2035163dbe2: receive RaftClientReply:client-8DB4338F17D0->b5da6a4a-1459-46a4-9479-d2035163dbe2@group-4A9565783204, cid=2078, SUCCESS, logIndex=3059, commits[b5da6a4a-1459-46a4-9479-d2035163dbe2:c3060, 69c25b61-d669-4f17-b36d-41bca3df1f31:c3054, d2a7b1fa-fac6-4c6f-8c6d-9ac7414c70c3:c3058]
2019-07-14 04:23:48,174 INFO  client.GrpcClientProtocolClient (GrpcClientProtocolClient.java:onNext(255)) - client-8DB4338F17D0->b5da6a4a-1459-46a4-9479-d2035163dbe2: receive RaftClientReply:client-8DB4338F17D0->b5da6a4a-1459-46a4-9479-d2035163dbe2@group-4A9565783204, cid=2079, SUCCESS, logIndex=3060, commits[b5da6a4a-1459-46a4-9479-d2035163dbe2:c3060, 69c25b61-d669-4f17-b36d-41bca3df1f31:c3058, d2a7b1fa-fac6-4c6f-8c6d-9ac7414c70c3:c3058]
 0.00% |█                                                                                                    |  0/1 Time: 0:00:132019-07-14 04:23:48,260 INFO  client.GrpcClientProtocolClient (GrpcClientProtocolClient.java:onNext(255)) - client-8DB4338F17D0->b5da6a4a-1459-46a4-9479-d2035163dbe2: receive RaftClientReply:client-8DB4338F17D0->b5da6a4a-1459-46a4-9479-d2035163dbe2@group-4A9565783204, cid=2080, SUCCESS, logIndex=3062, commits[b5da6a4a-1459-46a4-9479-d2035163dbe2:c3063, 69c25b61-d669-4f17-b36d-41bca3df1f31:c3061, d2a7b1fa-fac6-4c6f-8c6d-9ac7414c70c3:c3061]
2019-07-14 04:23:48,261 INFO  client.GrpcClientProtocolClient (GrpcClientProtocolClient.java:onNext(255)) - client-8DB4338F17D0->b5da6a4a-1459-46a4-9479-d2035163dbe2: receive RaftClientReply:client-8DB4338F17D0->b5da6a4a-1459-46a4-9479-d2035163dbe2@group-4A9565783204, cid=2081, SUCCESS, logIndex=3063, commits[b5da6a4a-1459-46a4-9479-d2035163dbe2:c3063, 69c25b61-d669-4f17-b36d-41bca3df1f31:c3061, d2a7b1fa-fac6-4c6f-8c6d-9ac7414c70c3:c3061]
2019-07-14 04:23:48,265 INFO  client.GrpcClientProtocolClient (GrpcClientProtocolClient.java:onNext(255)) - client-8DB4338F17D0->b5da6a4a-1459-46a4-9479-d2035163dbe2: receive RaftClientReply:client-8DB4338F17D0->b5da6a4a-1459-46a4-9479-d2035163dbe2@group-4A9565783204, cid=2082, SUCCESS, logIndex=0, commits[b5da6a4a-1459-46a4-9479-d2035163dbe2:c3064, 69c25b61-d669-4f17-b36d-41bca3df1f31:c3063, d2a7b1fa-fac6-4c6f-8c6d-9ac7414c70c3:c3063]
2019-07-14 04:23:48,297 INFO  client.GrpcClientProtocolClient (GrpcClientProtocolClient.java:onNext(255)) - client-8DB4338F17D0->b5da6a4a-1459-46a4-9479-d2035163dbe2: receive RaftClientReply:client-8DB4338F17D0->b5da6a4a-1459-46a4-9479-d2035163dbe2@group-4A9565783204, cid=2083, SUCCESS, logIndex=3066, commits[b5da6a4a-1459-46a4-9479-d2035163dbe2:c3067, 69c25b61-d669-4f17-b36d-41bca3df1f31:c3065, d2a7b1fa-fac6-4c6f-8c6d-9ac7414c70c3:c3065]
2019-07-14 04:23:48,298 INFO  client.GrpcClientProtocolClient (GrpcClientProtocolClient.java:onNext(255)) - client-8DB4338F17D0->b5da6a4a-1459-46a4-9479-d2035163dbe2: receive RaftClientReply:client-8DB4338F17D0->b5da6a4a-1459-46a4-9479-d2035163dbe2@group-4A9565783204, cid=2084, SUCCESS, logIndex=3067, commits[b5da6a4a-1459-46a4-9479-d2035163dbe2:c3070, 69c25b61-d669-4f17-b36d-41bca3df1f31:c3067, d2a7b1fa-fac6-4c6f-8c6d-9ac7414c70c3:c3065]
2019-07-14 04:23:48,298 INFO  client.GrpcClientProtocolClient (GrpcClientProtocolClient.java:onNext(255)) - client-8DB4338F17D0->b5da6a4a-1459-46a4-9479-d2035163dbe2: receive RaftClientReply:client-8DB4338F17D0->b5da6a4a-1459-46a4-9479-d2035163dbe2@group-4A9565783204, cid=2085, SUCCESS, logIndex=3068, commits[b5da6a4a-1459-46a4-9479-d2035163dbe2:c3070, 69c25b61-d669-4f17-b36d-41bca3df1f31:c3067, d2a7b1fa-fac6-4c6f-8c6d-9ac7414c70c3:c3065]
2019-07-14 04:23:48,298 INFO  client.GrpcClientProtocolClient (GrpcClientProtocolClient.java:onNext(255)) - client-8DB4338F17D0->b5da6a4a-1459-46a4-9479-d2035163dbe2: receive RaftClientReply:client-8DB4338F17D0->b5da6a4a-1459-46a4-9479-d2035163dbe2@group-4A9565783204, cid=2086, SUCCESS, logIndex=3069, commits[b5da6a4a-1459-46a4-9479-d2035163dbe2:c3070, 69c25b61-d669-4f17-b36d-41bca3df1f31:c3067, d2a7b1fa-fac6-4c6f-8c6d-9ac7414c70c3:c3065]
2019-07-14 04:23:48,310 INFO  client.GrpcClientProtocolClient (GrpcClientProtocolClient.java:onNext(255)) - client-8DB4338F17D0->b5da6a4a-1459-46a4-9479-d2035163dbe2: receive RaftClientReply:client-8DB4338F17D0->b5da6a4a-1459-46a4-9479-d2035163dbe2@group-4A9565783204, cid=2087, SUCCESS, logIndex=0, commits[b5da6a4a-1459-46a4-9479-d2035163dbe2:c3070, 69c25b61-d669-4f17-b36d-41bca3df1f31:c3067, d2a7b1fa-fac6-4c6f-8c6d-9ac7414c70c3:c3067]
2019-07-14 04:23:48,323 INFO  client.GrpcClientProtocolClient (GrpcClientProtocolClient.java:onNext(255)) - client-8DB4338F17D0->b5da6a4a-1459-46a4-9479-d2035163dbe2: receive RaftClientReply:client-8DB4338F17D0->b5da6a4a-1459-46a4-9479-d2035163dbe2@group-4A9565783204, cid=2088, SUCCESS, logIndex=3072, commits[b5da6a4a-1459-46a4-9479-d2035163dbe2:c3073, 69c25b61-d669-4f17-b36d-41bca3df1f31:c3071, d2a7b1fa-fac6-4c6f-8c6d-9ac7414c70c3:c3071]
2019-07-14 04:23:48,324 INFO  client.GrpcClientProtocolClient (GrpcClientProtocolClient.java:onNext(255)) - client-8DB4338F17D0->b5da6a4a-1459-46a4-9479-d2035163dbe2: receive RaftClientReply:client-8DB4338F17D0->b5da6a4a-1459-46a4-9479-d2035163dbe2@group-4A9565783204, cid=2089, SUCCESS, logIndex=3073, commits[b5da6a4a-1459-46a4-9479-d2035163dbe2:c3073, 69c25b61-d669-4f17-b36d-41bca3df1f31:c3071, d2a7b1fa-fac6-4c6f-8c6d-9ac7414c70c3:c3071]
2019-07-14 04:23:48,339 INFO  client.GrpcClientProtocolClient (GrpcClientProtocolClient.java:onNext(255)) - client-8DB4338F17D0->b5da6a4a-1459-46a4-9479-d2035163dbe2: receive RaftClientReply:client-8DB4338F17D0->b5da6a4a-1459-46a4-9479-d2035163dbe2@group-4A9565783204, cid=2090, SUCCESS, logIndex=3076, commits[b5da6a4a-1459-46a4-9479-d2035163dbe2:c3077, 69c25b61-d669-4f17-b36d-41bca3df1f31:c3073, d2a7b1fa-fac6-4c6f-8c6d-9ac7414c70c3:c3075]
2019-07-14 04:23:48,339 INFO  client.GrpcClientProtocolClient (GrpcClientProtocolClient.java:onNext(255)) - client-8DB4338F17D0->b5da6a4a-1459-46a4-9479-d2035163dbe2: receive RaftClientReply:client-8DB4338F17D0->b5da6a4a-1459-46a4-9479-d2035163dbe2@group-4A9565783204, cid=2091, SUCCESS, logIndex=3077, commits[b5da6a4a-1459-46a4-9479-d2035163dbe2:c3077, 69c25b61-d669-4f17-b36d-41bca3df1f31:c3075, d2a7b1fa-fac6-4c6f-8c6d-9ac7414c70c3:c3075]
2019-07-14 04:23:48,340 INFO  client.GrpcClientProtocolClient (GrpcClientProtocolClient.java:onNext(255)) - client-8DB4338F17D0->b5da6a4a-1459-46a4-9479-d2035163dbe2: receive RaftClientReply:client-8DB4338F17D0->b5da6a4a-1459-46a4-9479-d2035163dbe2@group-4A9565783204, cid=2092, SUCCESS, logIndex=0, commits[b5da6a4a-1459-46a4-9479-d2035163dbe2:c3078, 69c25b61-d669-4f17-b36d-41bca3df1f31:c3077, d2a7b1fa-fac6-4c6f-8c6d-9ac7414c70c3:c3077]
2019-07-14 04:23:48,363 INFO  client.GrpcClientProtocolClient (GrpcClientProtocolClient.java:onNext(255)) - client-8DB4338F17D0->b5da6a4a-1459-46a4-9479-d2035163dbe2: receive RaftClientReply:client-8DB4338F17D0->b5da6a4a-1459-46a4-9479-d2035163dbe2@group-4A9565783204, cid=2093, SUCCESS, logIndex=3080, commits[b5da6a4a-1459-46a4-9479-d2035163dbe2:c3083, 69c25b61-d669-4f17-b36d-41bca3df1f31:c3079, d2a7b1fa-fac6-4c6f-8c6d-9ac7414c70c3:c3077]
2019-07-14 04:23:48,363 INFO  client.GrpcClientProtocolClient (GrpcClientProtocolClient.java:onNext(255)) - client-8DB4338F17D0->b5da6a4a-1459-46a4-9479-d2035163dbe2: receive RaftClientReply:client-8DB4338F17D0->b5da6a4a-1459-46a4-9479-d2035163dbe2@group-4A9565783204, cid=2094, SUCCESS, logIndex=3081, commits[b5da6a4a-1459-46a4-9479-d2035163dbe2:c3083, 69c25b61-d669-4f17-b36d-41bca3df1f31:c3079, d2a7b1fa-fac6-4c6f-8c6d-9ac7414c70c3:c3079]
2019-07-14 04:23:48,363 INFO  client.GrpcClientProtocolClient (GrpcClientProtocolClient.java:onNext(255)) - client-8DB4338F17D0->b5da6a4a-1459-46a4-9479-d2035163dbe2: receive RaftClientReply:client-8DB4338F17D0->b5da6a4a-1459-46a4-9479-d2035163dbe2@group-4A9565783204, cid=2095, SUCCESS, logIndex=3082, commits[b5da6a4a-1459-46a4-9479-d2035163dbe2:c3083, 69c25b61-d669-4f17-b36d-41bca3df1f31:c3079, d2a7b1fa-fac6-4c6f-8c6d-9ac7414c70c3:c3079]
2019-07-14 04:23:48,363 INFO  client.GrpcClientProtocolClient (GrpcClientProtocolClient.java:onNext(255)) - client-8DB4338F17D0->b5da6a4a-1459-46a4-9479-d2035163dbe2: receive RaftClientReply:client-8DB4338F17D0->b5da6a4a-1459-46a4-9479-d2035163dbe2@group-4A9565783204, cid=2096, SUCCESS, logIndex=3083, commits[b5da6a4a-1459-46a4-9479-d2035163dbe2:c3083, 69c25b61-d669-4f17-b36d-41bca3df1f31:c3079, d2a7b1fa-fac6-4c6f-8c6d-9ac7414c70c3:c3079]
2019-07-14 04:23:48,365 INFO  client.GrpcClientProtocolClient (GrpcClientProtocolClient.java:onNext(255)) - client-8DB4338F17D0->b5da6a4a-1459-46a4-9479-d2035163dbe2: receive RaftClientReply:client-8DB4338F17D0->b5da6a4a-1459-46a4-9479-d2035163dbe2@group-4A9565783204, cid=2097, SUCCESS, logIndex=0, commits[b5da6a4a-1459-46a4-9479-d2035163dbe2:c3084, 69c25b61-d669-4f17-b36d-41bca3df1f31:c3081, d2a7b1fa-fac6-4c6f-8c6d-9ac7414c70c3:c3081]
2019-07-14 04:23:48,384 INFO  client.GrpcClientProtocolClient (GrpcClientProtocolClient.java:onNext(255)) - client-8DB4338F17D0->b5da6a4a-1459-46a4-9479-d2035163dbe2: receive RaftClientReply:client-8DB4338F17D0->b5da6a4a-1459-46a4-9479-d2035163dbe2@group-4A9565783204, cid=2098, SUCCESS, logIndex=3087, commits[b5da6a4a-1459-46a4-9479-d2035163dbe2:c3088, 69c25b61-d669-4f17-b36d-41bca3df1f31:c3086, d2a7b1fa-fac6-4c6f-8c6d-9ac7414c70c3:c3086]
2019-07-14 04:23:48,384 INFO  client.GrpcClientProtocolClient (GrpcClientProtocolClient.java:onNext(255)) - client-8DB4338F17D0->b5da6a4a-1459-46a4-9479-d2035163dbe2: receive RaftClientReply:client-8DB4338F17D0->b5da6a4a-1459-46a4-9479-d2035163dbe2@group-4A9565783204, cid=2099, SUCCESS, logIndex=3088, commits[b5da6a4a-1459-46a4-9479-d2035163dbe2:c3088, 69c25b61-d669-4f17-b36d-41bca3df1f31:c3086, d2a7b1fa-fac6-4c6f-8c6d-9ac7414c70c3:c3086]
2019-07-14 04:23:48,396 INFO  client.GrpcClientProtocolClient (GrpcClientProtocolClient.java:onNext(255)) - client-8DB4338F17D0->b5da6a4a-1459-46a4-9479-d2035163dbe2: receive RaftClientReply:client-8DB4338F17D0->b5da6a4a-1459-46a4-9479-d2035163dbe2@group-4A9565783204, cid=2100, SUCCESS, logIndex=3091, commits[b5da6a4a-1459-46a4-9479-d2035163dbe2:c3092, 69c25b61-d669-4f17-b36d-41bca3df1f31:c3087, d2a7b1fa-fac6-4c6f-8c6d-9ac7414c70c3:c3088]
2019-07-14 04:23:48,396 INFO  client.GrpcClientProtocolClient (GrpcClientProtocolClient.java:onNext(255)) - client-8DB4338F17D0->b5da6a4a-1459-46a4-9479-d2035163dbe2: receive RaftClientReply:client-8DB4338F17D0->b5da6a4a-1459-46a4-9479-d2035163dbe2@group-4A9565783204, cid=2101, SUCCESS, logIndex=3092, commits[b5da6a4a-1459-46a4-9479-d2035163dbe2:c3092, 69c25b61-d669-4f17-b36d-41bca3df1f31:c3087, d2a7b1fa-fac6-4c6f-8c6d-9ac7414c70c3:c3088]
2019-07-14 04:23:48,397 INFO  client.GrpcClientProtocolClient (GrpcClientProtocolClient.java:onNext(255)) - client-8DB4338F17D0->b5da6a4a-1459-46a4-9479-d2035163dbe2: receive RaftClientReply:client-8DB4338F17D0->b5da6a4a-1459-46a4-9479-d2035163dbe2@group-4A9565783204, cid=2102, SUCCESS, logIndex=0, commits[b5da6a4a-1459-46a4-9479-d2035163dbe2:c3092, 69c25b61-d669-4f17-b36d-41bca3df1f31:c3088, d2a7b1fa-fac6-4c6f-8c6d-9ac7414c70c3:c3088]
2019-07-14 04:23:48,398 INFO  client.GrpcClientProtocolClient (GrpcClientProtocolClient.java:onNext(255)) - client-8DB4338F17D0->b5da6a4a-1459-46a4-9479-d2035163dbe2: receive RaftClientReply:client-8DB4338F17D0->b5da6a4a-1459-46a4-9479-d2035163dbe2@group-4A9565783204, cid=2103, SUCCESS, logIndex=0, commits[b5da6a4a-1459-46a4-9479-d2035163dbe2:c3094, 69c25b61-d669-4f17-b36d-41bca3df1f31:c3092, d2a7b1fa-fac6-4c6f-8c6d-9ac7414c70c3:c3092]
2019-07-14 04:23:48,425 INFO  client.GrpcClientProtocolClient (GrpcClientProtocolClient.java:onNext(255)) - client-8DB4338F17D0->b5da6a4a-1459-46a4-9479-d2035163dbe2: receive RaftClientReply:client-8DB4338F17D0->b5da6a4a-1459-46a4-9479-d2035163dbe2@group-4A9565783204, cid=2104, SUCCESS, logIndex=3095, commits[b5da6a4a-1459-46a4-9479-d2035163dbe2:c3096, 69c25b61-d669-4f17-b36d-41bca3df1f31:c3094, d2a7b1fa-fac6-4c6f-8c6d-9ac7414c70c3:c3094]
2019-07-14 04:23:48,425 INFO  client.GrpcClientProtocolClient (GrpcClientProtocolClient.java:onNext(255)) - client-8DB4338F17D0->b5da6a4a-1459-46a4-9479-d2035163dbe2: receive RaftClientReply:client-8DB4338F17D0->b5da6a4a-1459-46a4-9479-d2035163dbe2@group-4A9565783204, cid=2105, SUCCESS, logIndex=3096, commits[b5da6a4a-1459-46a4-9479-d2035163dbe2:c3096, 69c25b61-d669-4f17-b36d-41bca3df1f31:c3094, d2a7b1fa-fac6-4c6f-8c6d-9ac7414c70c3:c3094]
2019-07-14 04:23:48,427 INFO  client.GrpcClientProtocolClient (GrpcClientProtocolClient.java:onNext(255)) - client-8DB4338F17D0->b5da6a4a-1459-46a4-9479-d2035163dbe2: receive RaftClientReply:client-8DB4338F17D0->b5da6a4a-1459-46a4-9479-d2035163dbe2@group-4A9565783204, cid=2106, SUCCESS, logIndex=3097, commits[b5da6a4a-1459-46a4-9479-d2035163dbe2:c3097, 69c25b61-d669-4f17-b36d-41bca3df1f31:c3094, d2a7b1fa-fac6-4c6f-8c6d-9ac7414c70c3:c3094]
2019-07-14 04:23:48,428 INFO  client.GrpcClientProtocolClient (GrpcClientProtocolClient.java:onNext(255)) - client-8DB4338F17D0->b5da6a4a-1459-46a4-9479-d2035163dbe2: receive RaftClientReply:client-8DB4338F17D0->b5da6a4a-1459-46a4-9479-d2035163dbe2@group-4A9565783204, cid=2107, SUCCESS, logIndex=3098, commits[b5da6a4a-1459-46a4-9479-d2035163dbe2:c3098, 69c25b61-d669-4f17-b36d-41bca3df1f31:c3094, d2a7b1fa-fac6-4c6f-8c6d-9ac7414c70c3:c3094]
2019-07-14 04:23:48,429 INFO  client.GrpcClientProtocolClient (GrpcClientProtocolClient.java:onNext(255)) - client-8DB4338F17D0->b5da6a4a-1459-46a4-9479-d2035163dbe2: receive RaftClientReply:client-8DB4338F17D0->b5da6a4a-1459-46a4-9479-d2035163dbe2@group-4A9565783204, cid=2108, SUCCESS, logIndex=0, commits[b5da6a4a-1459-46a4-9479-d2035163dbe2:c3100, 69c25b61-d669-4f17-b36d-41bca3df1f31:c3096, d2a7b1fa-fac6-4c6f-8c6d-9ac7414c70c3:c3096]
2019-07-14 04:23:48,448 INFO  client.GrpcClientProtocolClient (GrpcClientProtocolClient.java:onNext(255)) - client-8DB4338F17D0->b5da6a4a-1459-46a4-9479-d2035163dbe2: receive RaftClientReply:client-8DB4338F17D0->b5da6a4a-1459-46a4-9479-d2035163dbe2@group-4A9565783204, cid=2109, SUCCESS, logIndex=3103, commits[b5da6a4a-1459-46a4-9479-d2035163dbe2:c3104, 69c25b61-d669-4f17-b36d-41bca3df1f31:c3102, d2a7b1fa-fac6-4c6f-8c6d-9ac7414c70c3:c3102]
2019-07-14 04:23:48,448 INFO  client.GrpcClientProtocolClient (GrpcClientProtocolClient.java:onNext(255)) - client-8DB4338F17D0->b5da6a4a-1459-46a4-9479-d2035163dbe2: receive RaftClientReply:client-8DB4338F17D0->b5da6a4a-1459-46a4-9479-d2035163dbe2@group-4A9565783204, cid=2110, SUCCESS, logIndex=3104, commits[b5da6a4a-1459-46a4-9479-d2035163dbe2:c3104, 69c25b61-d669-4f17-b36d-41bca3df1f31:c3102, d2a7b1fa-fac6-4c6f-8c6d-9ac7414c70c3:c3102]
2019-07-14 04:23:48,464 INFO  client.GrpcClientProtocolClient (GrpcClientProtocolClient.java:onNext(255)) - client-8DB4338F17D0->b5da6a4a-1459-46a4-9479-d2035163dbe2: receive RaftClientReply:client-8DB4338F17D0->b5da6a4a-1459-46a4-9479-d2035163dbe2@group-4A9565783204, cid=2111, SUCCESS, logIndex=3107, commits[b5da6a4a-1459-46a4-9479-d2035163dbe2:c3108, 69c25b61-d669-4f17-b36d-41bca3df1f31:c3103, d2a7b1fa-fac6-4c6f-8c6d-9ac7414c70c3:c3104]
2019-07-14 04:23:48,465 INFO  client.GrpcClientProtocolClient (GrpcClientProtocolClient.java:onNext(255)) - client-8DB4338F17D0->b5da6a4a-1459-46a4-9479-d2035163dbe2: receive RaftClientReply:client-8DB4338F17D0->b5da6a4a-1459-46a4-9479-d2035163dbe2@group-4A9565783204, cid=2112, SUCCESS, logIndex=3108, commits[b5da6a4a-1459-46a4-9479-d2035163dbe2:c3108, 69c25b61-d669-4f17-b36d-41bca3df1f31:c3103, d2a7b1fa-fac6-4c6f-8c6d-9ac7414c70c3:c3104]
2019-07-14 04:23:48,473 INFO  client.GrpcClientProtocolClient (GrpcClientProtocolClient.java:onNext(255)) - client-8DB4338F17D0->b5da6a4a-1459-46a4-9479-d2035163dbe2: receive RaftClientReply:client-8DB4338F17D0->b5da6a4a-1459-46a4-9479-d2035163dbe2@group-4A9565783204, cid=2113, SUCCESS, logIndex=0, commits[b5da6a4a-1459-46a4-9479-d2035163dbe2:c3108, 69c25b61-d669-4f17-b36d-41bca3df1f31:c3104, d2a7b1fa-fac6-4c6f-8c6d-9ac7414c70c3:c3104]
2019-07-14 04:23:48,474 INFO  client.GrpcClientProtocolClient (GrpcClientProtocolClient.java:onNext(255)) - client-8DB4338F17D0->b5da6a4a-1459-46a4-9479-d2035163dbe2: receive RaftClientReply:client-8DB4338F17D0->b5da6a4a-1459-46a4-9479-d2035163dbe2@group-4A9565783204, cid=2114, SUCCESS, logIndex=0, commits[b5da6a4a-1459-46a4-9479-d2035163dbe2:c3110, 69c25b61-d669-4f17-b36d-41bca3df1f31:c3108, d2a7b1fa-fac6-4c6f-8c6d-9ac7414c70c3:c3108]
2019-07-14 04:23:48,501 INFO  client.GrpcClientProtocolClient (GrpcClientProtocolClient.java:onNext(255)) - client-8DB4338F17D0->b5da6a4a-1459-46a4-9479-d2035163dbe2: receive RaftClientReply:client-8DB4338F17D0->b5da6a4a-1459-46a4-9479-d2035163dbe2@group-4A9565783204, cid=2115, SUCCESS, logIndex=3111, commits[b5da6a4a-1459-46a4-9479-d2035163dbe2:c3112, 69c25b61-d669-4f17-b36d-41bca3df1f31:c3108, d2a7b1fa-fac6-4c6f-8c6d-9ac7414c70c3:c3110]
2019-07-14 04:23:48,502 INFO  client.GrpcClientProtocolClient (GrpcClientProtocolClient.java:onNext(255)) - client-8DB4338F17D0->b5da6a4a-1459-46a4-9479-d2035163dbe2: receive RaftClientReply:client-8DB4338F17D0->b5da6a4a-1459-46a4-9479-d2035163dbe2@group-4A9565783204, cid=2116, SUCCESS, logIndex=3112, commits[b5da6a4a-1459-46a4-9479-d2035163dbe2:c3112, 69c25b61-d669-4f17-b36d-41bca3df1f31:c3108, d2a7b1fa-fac6-4c6f-8c6d-9ac7414c70c3:c3110]
2019-07-14 04:23:48,504 INFO  client.GrpcClientProtocolClient (GrpcClientProtocolClient.java:onNext(255)) - client-8DB4338F17D0->b5da6a4a-1459-46a4-9479-d2035163dbe2: receive RaftClientReply:client-8DB4338F17D0->b5da6a4a-1459-46a4-9479-d2035163dbe2@group-4A9565783204, cid=2117, SUCCESS, logIndex=3113, commits[b5da6a4a-1459-46a4-9479-d2035163dbe2:c3114, 69c25b61-d669-4f17-b36d-41bca3df1f31:c3112, d2a7b1fa-fac6-4c6f-8c6d-9ac7414c70c3:c3110]
2019-07-14 04:23:48,504 INFO  client.GrpcClientProtocolClient (GrpcClientProtocolClient.java:onNext(255)) - client-8DB4338F17D0->b5da6a4a-1459-46a4-9479-d2035163dbe2: receive RaftClientReply:client-8DB4338F17D0->b5da6a4a-1459-46a4-9479-d2035163dbe2@group-4A9565783204, cid=2118, SUCCESS, logIndex=3114, commits[b5da6a4a-1459-46a4-9479-d2035163dbe2:c3116, 69c25b61-d669-4f17-b36d-41bca3df1f31:c3112, d2a7b1fa-fac6-4c6f-8c6d-9ac7414c70c3:c3112]
2019-07-14 04:23:48,516 INFO  client.GrpcClientProtocolClient (GrpcClientProtocolClient.java:onNext(255)) - client-8DB4338F17D0->b5da6a4a-1459-46a4-9479-d2035163dbe2: receive RaftClientReply:client-8DB4338F17D0->b5da6a4a-1459-46a4-9479-d2035163dbe2@group-4A9565783204, cid=2119, SUCCESS, logIndex=3119, commits[b5da6a4a-1459-46a4-9479-d2035163dbe2:c3120, 69c25b61-d669-4f17-b36d-41bca3df1f31:c3118, d2a7b1fa-fac6-4c6f-8c6d-9ac7414c70c3:c3114]
2019-07-14 04:23:48,516 INFO  client.GrpcClientProtocolClient (GrpcClientProtocolClient.java:onNext(255)) - client-8DB4338F17D0->b5da6a4a-1459-46a4-9479-d2035163dbe2: receive RaftClientReply:client-8DB4338F17D0->b5da6a4a-1459-46a4-9479-d2035163dbe2@group-4A9565783204, cid=2120, SUCCESS, logIndex=3120, commits[b5da6a4a-1459-46a4-9479-d2035163dbe2:c3120, 69c25b61-d669-4f17-b36d-41bca3df1f31:c3118, d2a7b1fa-fac6-4c6f-8c6d-9ac7414c70c3:c3118]
2019-07-14 04:23:48,535 INFO  client.GrpcClientProtocolClient (GrpcClientProtocolClient.java:onNext(255)) - client-8DB4338F17D0->b5da6a4a-1459-46a4-9479-d2035163dbe2: receive RaftClientReply:client-8DB4338F17D0->b5da6a4a-1459-46a4-9479-d2035163dbe2@group-4A9565783204, cid=2121, SUCCESS, logIndex=3123, commits[b5da6a4a-1459-46a4-9479-d2035163dbe2:c3124, 69c25b61-d669-4f17-b36d-41bca3df1f31:c3120, d2a7b1fa-fac6-4c6f-8c6d-9ac7414c70c3:c3122]
2019-07-14 04:23:48,536 INFO  client.GrpcClientProtocolClient (GrpcClientProtocolClient.java:onNext(255)) - client-8DB4338F17D0->b5da6a4a-1459-46a4-9479-d2035163dbe2: receive RaftClientReply:client-8DB4338F17D0->b5da6a4a-1459-46a4-9479-d2035163dbe2@group-4A9565783204, cid=2122, SUCCESS, logIndex=3124, commits[b5da6a4a-1459-46a4-9479-d2035163dbe2:c3124, 69c25b61-d669-4f17-b36d-41bca3df1f31:c3122, d2a7b1fa-fac6-4c6f-8c6d-9ac7414c70c3:c3122]
2019-07-14 04:23:48,537 INFO  client.GrpcClientProtocolClient (GrpcClientProtocolClient.java:onNext(255)) - client-8DB4338F17D0->b5da6a4a-1459-46a4-9479-d2035163dbe2: receive RaftClientReply:client-8DB4338F17D0->b5da6a4a-1459-46a4-9479-d2035163dbe2@group-4A9565783204, cid=2123, SUCCESS, logIndex=0, commits[b5da6a4a-1459-46a4-9479-d2035163dbe2:c3125, 69c25b61-d669-4f17-b36d-41bca3df1f31:c3124, d2a7b1fa-fac6-4c6f-8c6d-9ac7414c70c3:c3124]
2019-07-14 04:23:48,568 INFO  client.GrpcClientProtocolClient (GrpcClientProtocolClient.java:onNext(255)) - client-8DB4338F17D0->b5da6a4a-1459-46a4-9479-d2035163dbe2: receive RaftClientReply:client-8DB4338F17D0->b5da6a4a-1459-46a4-9479-d2035163dbe2@group-4A9565783204, cid=2124, SUCCESS, logIndex=3127, commits[b5da6a4a-1459-46a4-9479-d2035163dbe2:c3128, 69c25b61-d669-4f17-b36d-41bca3df1f31:c3126, d2a7b1fa-fac6-4c6f-8c6d-9ac7414c70c3:c3126]
2019-07-14 04:23:48,568 INFO  client.GrpcClientProtocolClient (GrpcClientProtocolClient.java:onNext(255)) - client-8DB4338F17D0->b5da6a4a-1459-46a4-9479-d2035163dbe2: receive RaftClientReply:client-8DB4338F17D0->b5da6a4a-1459-46a4-9479-d2035163dbe2@group-4A9565783204, cid=2125, SUCCESS, logIndex=3128, commits[b5da6a4a-1459-46a4-9479-d2035163dbe2:c3128, 69c25b61-d669-4f17-b36d-41bca3df1f31:c3126, d2a7b1fa-fac6-4c6f-8c6d-9ac7414c70c3:c3126]
2019-07-14 04:23:48,572 INFO  client.GrpcClientProtocolClient (GrpcClientProtocolClient.java:onNext(255)) - client-8DB4338F17D0->b5da6a4a-1459-46a4-9479-d2035163dbe2: receive RaftClientReply:client-8DB4338F17D0->b5da6a4a-1459-46a4-9479-d2035163dbe2@group-4A9565783204, cid=2126, SUCCESS, logIndex=3129, commits[b5da6a4a-1459-46a4-9479-d2035163dbe2:c3130, 69c25b61-d669-4f17-b36d-41bca3df1f31:c3126, d2a7b1fa-fac6-4c6f-8c6d-9ac7414c70c3:c3126]
2019-07-14 04:23:48,572 INFO  client.GrpcClientProtocolClient (GrpcClientProtocolClient.java:onNext(255)) - client-8DB4338F17D0->b5da6a4a-1459-46a4-9479-d2035163dbe2: receive RaftClientReply:client-8DB4338F17D0->b5da6a4a-1459-46a4-9479-d2035163dbe2@group-4A9565783204, cid=2127, SUCCESS, logIndex=3130, commits[b5da6a4a-1459-46a4-9479-d2035163dbe2:c3130, 69c25b61-d669-4f17-b36d-41bca3df1f31:c3126, d2a7b1fa-fac6-4c6f-8c6d-9ac7414c70c3:c3126]
2019-07-14 04:23:48,574 INFO  client.GrpcClientProtocolClient (GrpcClientProtocolClient.java:onNext(255)) - client-8DB4338F17D0->b5da6a4a-1459-46a4-9479-d2035163dbe2: receive RaftClientReply:client-8DB4338F17D0->b5da6a4a-1459-46a4-9479-d2035163dbe2@group-4A9565783204, cid=2128, SUCCESS, logIndex=0, commits[b5da6a4a-1459-46a4-9479-d2035163dbe2:c3133, 69c25b61-d669-4f17-b36d-41bca3df1f31:c3128, d2a7b1fa-fac6-4c6f-8c6d-9ac7414c70c3:c3130]
2019-07-14 04:23:48,587 INFO  client.GrpcClientProtocolClient (GrpcClientProtocolClient.java:onNext(255)) - client-8DB4338F17D0->b5da6a4a-1459-46a4-9479-d2035163dbe2: receive RaftClientReply:client-8DB4338F17D0->b5da6a4a-1459-46a4-9479-d2035163dbe2@group-4A9565783204, cid=2129, SUCCESS, logIndex=3134, commits[b5da6a4a-1459-46a4-9479-d2035163dbe2:c3135, 69c25b61-d669-4f17-b36d-41bca3df1f31:c3133, d2a7b1fa-fac6-4c6f-8c6d-9ac7414c70c3:c3133]
2019-07-14 04:23:48,587 INFO  client.GrpcClientProtocolClient (GrpcClientProtocolClient.java:onNext(255)) - client-8DB4338F17D0->b5da6a4a-1459-46a4-9479-d2035163dbe2: receive RaftClientReply:client-8DB4338F17D0->b5da6a4a-1459-46a4-9479-d2035163dbe2@group-4A9565783204, cid=2130, SUCCESS, logIndex=3135, commits[b5da6a4a-1459-46a4-9479-d2035163dbe2:c3135, 69c25b61-d669-4f17-b36d-41bca3df1f31:c3133, d2a7b1fa-fac6-4c6f-8c6d-9ac7414c70c3:c3133]
2019-07-14 04:23:48,602 INFO  client.GrpcClientProtocolClient (GrpcClientProtocolClient.java:onNext(255)) - client-8DB4338F17D0->b5da6a4a-1459-46a4-9479-d2035163dbe2: receive RaftClientReply:client-8DB4338F17D0->b5da6a4a-1459-46a4-9479-d2035163dbe2@group-4A9565783204, cid=2131, SUCCESS, logIndex=3138, commits[b5da6a4a-1459-46a4-9479-d2035163dbe2:c3139, 69c25b61-d669-4f17-b36d-41bca3df1f31:c3137, d2a7b1fa-fac6-4c6f-8c6d-9ac7414c70c3:c3137]
2019-07-14 04:23:48,603 INFO  client.GrpcClientProtocolClient (GrpcClientProtocolClient.java:onNext(255)) - client-8DB4338F17D0->b5da6a4a-1459-46a4-9479-d2035163dbe2: receive RaftClientReply:client-8DB4338F17D0->b5da6a4a-1459-46a4-9479-d2035163dbe2@group-4A9565783204, cid=2132, SUCCESS, logIndex=3139, commits[b5da6a4a-1459-46a4-9479-d2035163dbe2:c3139, 69c25b61-d669-4f17-b36d-41bca3df1f31:c3137, d2a7b1fa-fac6-4c6f-8c6d-9ac7414c70c3:c3137]
2019-07-14 04:23:48,612 INFO  client.GrpcClientProtocolClient (GrpcClientProtocolClient.java:onNext(255)) - client-8DB4338F17D0->b5da6a4a-1459-46a4-9479-d2035163dbe2: receive RaftClientReply:client-8DB4338F17D0->b5da6a4a-1459-46a4-9479-d2035163dbe2@group-4A9565783204, cid=2133, SUCCESS, logIndex=0, commits[b5da6a4a-1459-46a4-9479-d2035163dbe2:c3140, 69c25b61-d669-4f17-b36d-41bca3df1f31:c3139, d2a7b1fa-fac6-4c6f-8c6d-9ac7414c70c3:c3139]
2019-07-14 04:23:48,641 INFO  client.GrpcClientProtocolClient (GrpcClientProtocolClient.java:onNext(255)) - client-8DB4338F17D0->b5da6a4a-1459-46a4-9479-d2035163dbe2: receive RaftClientReply:client-8DB4338F17D0->b5da6a4a-1459-46a4-9479-d2035163dbe2@group-4A9565783204, cid=2134, SUCCESS, logIndex=3142, commits[b5da6a4a-1459-46a4-9479-d2035163dbe2:c3143, 69c25b61-d669-4f17-b36d-41bca3df1f31:c3141, d2a7b1fa-fac6-4c6f-8c6d-9ac7414c70c3:c3141]
2019-07-14 04:23:48,642 INFO  client.GrpcClientProtocolClient (GrpcClientProtocolClient.java:onNext(255)) - client-8DB4338F17D0->b5da6a4a-1459-46a4-9479-d2035163dbe2: receive RaftClientReply:client-8DB4338F17D0->b5da6a4a-1459-46a4-9479-d2035163dbe2@group-4A9565783204, cid=2135, SUCCESS, logIndex=3143, commits[b5da6a4a-1459-46a4-9479-d2035163dbe2:c3145, 69c25b61-d669-4f17-b36d-41bca3df1f31:c3141, d2a7b1fa-fac6-4c6f-8c6d-9ac7414c70c3:c3141]
2019-07-14 04:23:48,642 INFO  client.GrpcClientProtocolClient (GrpcClientProtocolClient.java:onNext(255)) - client-8DB4338F17D0->b5da6a4a-1459-46a4-9479-d2035163dbe2: receive RaftClientReply:client-8DB4338F17D0->b5da6a4a-1459-46a4-9479-d2035163dbe2@group-4A9565783204, cid=2136, SUCCESS, logIndex=3144, commits[b5da6a4a-1459-46a4-9479-d2035163dbe2:c3145, 69c25b61-d669-4f17-b36d-41bca3df1f31:c3141, d2a7b1fa-fac6-4c6f-8c6d-9ac7414c70c3:c3141]
2019-07-14 04:23:48,642 INFO  client.GrpcClientProtocolClient (GrpcClientProtocolClient.java:onNext(255)) - client-8DB4338F17D0->b5da6a4a-1459-46a4-9479-d2035163dbe2: receive RaftClientReply:client-8DB4338F17D0->b5da6a4a-1459-46a4-9479-d2035163dbe2@group-4A9565783204, cid=2137, SUCCESS, logIndex=3145, commits[b5da6a4a-1459-46a4-9479-d2035163dbe2:c3145, 69c25b61-d669-4f17-b36d-41bca3df1f31:c3141, d2a7b1fa-fac6-4c6f-8c6d-9ac7414c70c3:c3141]
2019-07-14 04:23:48,644 INFO  client.GrpcClientProtocolClient (GrpcClientProtocolClient.java:onNext(255)) - client-8DB4338F17D0->b5da6a4a-1459-46a4-9479-d2035163dbe2: receive RaftClientReply:client-8DB4338F17D0->b5da6a4a-1459-46a4-9479-d2035163dbe2@group-4A9565783204, cid=2138, SUCCESS, logIndex=0, commits[b5da6a4a-1459-46a4-9479-d2035163dbe2:c3147, 69c25b61-d669-4f17-b36d-41bca3df1f31:c3143, d2a7b1fa-fac6-4c6f-8c6d-9ac7414c70c3:c3143]
2019-07-14 04:23:48,664 INFO  client.GrpcClientProtocolClient (GrpcClientProtocolClient.java:onNext(255)) - client-8DB4338F17D0->b5da6a4a-1459-46a4-9479-d2035163dbe2: receive RaftClientReply:client-8DB4338F17D0->b5da6a4a-1459-46a4-9479-d2035163dbe2@group-4A9565783204, cid=2139, SUCCESS, logIndex=3149, commits[b5da6a4a-1459-46a4-9479-d2035163dbe2:c3150, 69c25b61-d669-4f17-b36d-41bca3df1f31:c3148, d2a7b1fa-fac6-4c6f-8c6d-9ac7414c70c3:c3145]
2019-07-14 04:23:48,664 INFO  client.GrpcClientProtocolClient (GrpcClientProtocolClient.java:onNext(255)) - client-8DB4338F17D0->b5da6a4a-1459-46a4-9479-d2035163dbe2: receive RaftClientReply:client-8DB4338F17D0->b5da6a4a-1459-46a4-9479-d2035163dbe2@group-4A9565783204, cid=2140, SUCCESS, logIndex=3150, commits[b5da6a4a-1459-46a4-9479-d2035163dbe2:c3150, 69c25b61-d669-4f17-b36d-41bca3df1f31:c3148, d2a7b1fa-fac6-4c6f-8c6d-9ac7414c70c3:c3148]
2019-07-14 04:23:48,682 INFO  client.GrpcClientProtocolClient (GrpcClientProtocolClient.java:onNext(255)) - client-8DB4338F17D0->b5da6a4a-1459-46a4-9479-d2035163dbe2: receive RaftClientReply:client-8DB4338F17D0->b5da6a4a-1459-46a4-9479-d2035163dbe2@group-4A9565783204, cid=2141, SUCCESS, logIndex=3153, commits[b5da6a4a-1459-46a4-9479-d2035163dbe2:c3154, 69c25b61-d669-4f17-b36d-41bca3df1f31:c3152, d2a7b1fa-fac6-4c6f-8c6d-9ac7414c70c3:c3152]
2019-07-14 04:23:48,683 INFO  client.GrpcClientProtocolClient (GrpcClientProtocolClient.java:onNext(255)) - client-8DB4338F17D0->b5da6a4a-1459-46a4-9479-d2035163dbe2: receive RaftClientReply:client-8DB4338F17D0->b5da6a4a-1459-46a4-9479-d2035163dbe2@group-4A9565783204, cid=2142, SUCCESS, logIndex=3154, commits[b5da6a4a-1459-46a4-9479-d2035163dbe2:c3154, 69c25b61-d669-4f17-b36d-41bca3df1f31:c3152, d2a7b1fa-fac6-4c6f-8c6d-9ac7414c70c3:c3152]
2019-07-14 04:23:48,692 INFO  client.GrpcClientProtocolClient (GrpcClientProtocolClient.java:onNext(255)) - client-8DB4338F17D0->b5da6a4a-1459-46a4-9479-d2035163dbe2: receive RaftClientReply:client-8DB4338F17D0->b5da6a4a-1459-46a4-9479-d2035163dbe2@group-4A9565783204, cid=2143, SUCCESS, logIndex=0, commits[b5da6a4a-1459-46a4-9479-d2035163dbe2:c3155, 69c25b61-d669-4f17-b36d-41bca3df1f31:c3154, d2a7b1fa-fac6-4c6f-8c6d-9ac7414c70c3:c3154]
2019-07-14 04:23:48,722 INFO  client.GrpcClientProtocolClient (GrpcClientProtocolClient.java:onNext(255)) - client-8DB4338F17D0->b5da6a4a-1459-46a4-9479-d2035163dbe2: receive RaftClientReply:client-8DB4338F17D0->b5da6a4a-1459-46a4-9479-d2035163dbe2@group-4A9565783204, cid=2144, SUCCESS, logIndex=3157, commits[b5da6a4a-1459-46a4-9479-d2035163dbe2:c3158, 69c25b61-d669-4f17-b36d-41bca3df1f31:c3156, d2a7b1fa-fac6-4c6f-8c6d-9ac7414c70c3:c3156]
2019-07-14 04:23:48,722 INFO  client.GrpcClientProtocolClient (GrpcClientProtocolClient.java:onNext(255)) - client-8DB4338F17D0->b5da6a4a-1459-46a4-9479-d2035163dbe2: receive RaftClientReply:client-8DB4338F17D0->b5da6a4a-1459-46a4-9479-d2035163dbe2@group-4A9565783204, cid=2145, SUCCESS, logIndex=3158, commits[b5da6a4a-1459-46a4-9479-d2035163dbe2:c3158, 69c25b61-d669-4f17-b36d-41bca3df1f31:c3156, d2a7b1fa-fac6-4c6f-8c6d-9ac7414c70c3:c3156]
2019-07-14 04:23:48,724 INFO  client.GrpcClientProtocolClient (GrpcClientProtocolClient.java:onNext(255)) - client-8DB4338F17D0->b5da6a4a-1459-46a4-9479-d2035163dbe2: receive RaftClientReply:client-8DB4338F17D0->b5da6a4a-1459-46a4-9479-d2035163dbe2@group-4A9565783204, cid=2146, SUCCESS, logIndex=3159, commits[b5da6a4a-1459-46a4-9479-d2035163dbe2:c3160, 69c25b61-d669-4f17-b36d-41bca3df1f31:c3156, d2a7b1fa-fac6-4c6f-8c6d-9ac7414c70c3:c3156]
2019-07-14 04:23:48,724 INFO  client.GrpcClientProtocolClient (GrpcClientProtocolClient.java:onNext(255)) - client-8DB4338F17D0->b5da6a4a-1459-46a4-9479-d2035163dbe2: receive RaftClientReply:client-8DB4338F17D0->b5da6a4a-1459-46a4-9479-d2035163dbe2@group-4A9565783204, cid=2147, SUCCESS, logIndex=3160, commits[b5da6a4a-1459-46a4-9479-d2035163dbe2:c3160, 69c25b61-d669-4f17-b36d-41bca3df1f31:c3156, d2a7b1fa-fac6-4c6f-8c6d-9ac7414c70c3:c3156]
2019-07-14 04:23:48,725 INFO  client.GrpcClientProtocolClient (GrpcClientProtocolClient.java:onNext(255)) - client-8DB4338F17D0->b5da6a4a-1459-46a4-9479-d2035163dbe2: receive RaftClientReply:client-8DB4338F17D0->b5da6a4a-1459-46a4-9479-d2035163dbe2@group-4A9565783204, cid=2148, SUCCESS, logIndex=0, commits[b5da6a4a-1459-46a4-9479-d2035163dbe2:c3162, 69c25b61-d669-4f17-b36d-41bca3df1f31:c3158, d2a7b1fa-fac6-4c6f-8c6d-9ac7414c70c3:c3158]
2019-07-14 04:23:48,738 INFO  client.GrpcClientProtocolClient (GrpcClientProtocolClient.java:onNext(255)) - client-8DB4338F17D0->b5da6a4a-1459-46a4-9479-d2035163dbe2: receive RaftClientReply:client-8DB4338F17D0->b5da6a4a-1459-46a4-9479-d2035163dbe2@group-4A9565783204, cid=2149, SUCCESS, logIndex=3165, commits[b5da6a4a-1459-46a4-9479-d2035163dbe2:c3166, 69c25b61-d669-4f17-b36d-41bca3df1f31:c3164, d2a7b1fa-fac6-4c6f-8c6d-9ac7414c70c3:c3164]
2019-07-14 04:23:48,738 INFO  client.GrpcClientProtocolClient (GrpcClientProtocolClient.java:onNext(255)) - client-8DB4338F17D0->b5da6a4a-1459-46a4-9479-d2035163dbe2: receive RaftClientReply:client-8DB4338F17D0->b5da6a4a-1459-46a4-9479-d2035163dbe2@group-4A9565783204, cid=2150, SUCCESS, logIndex=3166, commits[b5da6a4a-1459-46a4-9479-d2035163dbe2:c3166, 69c25b61-d669-4f17-b36d-41bca3df1f31:c3164, d2a7b1fa-fac6-4c6f-8c6d-9ac7414c70c3:c3164]
2019-07-14 04:23:48,837 INFO  client.GrpcClientProtocolClient (GrpcClientProtocolClient.java:onNext(255)) - client-8DB4338F17D0->b5da6a4a-1459-46a4-9479-d2035163dbe2: receive RaftClientReply:client-8DB4338F17D0->b5da6a4a-1459-46a4-9479-d2035163dbe2@group-4A9565783204, cid=2151, SUCCESS, logIndex=3169, commits[b5da6a4a-1459-46a4-9479-d2035163dbe2:c3170, 69c25b61-d669-4f17-b36d-41bca3df1f31:c3168, d2a7b1fa-fac6-4c6f-8c6d-9ac7414c70c3:c3168]
2019-07-14 04:23:48,838 INFO  client.GrpcClientProtocolClient (GrpcClientProtocolClient.java:onNext(255)) - client-8DB4338F17D0->b5da6a4a-1459-46a4-9479-d2035163dbe2: receive RaftClientReply:client-8DB4338F17D0->b5da6a4a-1459-46a4-9479-d2035163dbe2@group-4A9565783204, cid=2152, SUCCESS, logIndex=3170, commits[b5da6a4a-1459-46a4-9479-d2035163dbe2:c3170, 69c25b61-d669-4f17-b36d-41bca3df1f31:c3168, d2a7b1fa-fac6-4c6f-8c6d-9ac7414c70c3:c3168]
2019-07-14 04:23:48,841 INFO  client.GrpcClientProtocolClient (GrpcClientProtocolClient.java:onNext(255)) - client-8DB4338F17D0->b5da6a4a-1459-46a4-9479-d2035163dbe2: receive RaftClientReply:client-8DB4338F17D0->b5da6a4a-1459-46a4-9479-d2035163dbe2@group-4A9565783204, cid=2153, SUCCESS, logIndex=0, commits[b5da6a4a-1459-46a4-9479-d2035163dbe2:c3172, 69c25b61-d669-4f17-b36d-41bca3df1f31:c3170, d2a7b1fa-fac6-4c6f-8c6d-9ac7414c70c3:c3170]
2019-07-14 04:23:48,870 INFO  client.GrpcClientProtocolClient (GrpcClientProtocolClient.java:onNext(255)) - client-8DB4338F17D0->b5da6a4a-1459-46a4-9479-d2035163dbe2: receive RaftClientReply:client-8DB4338F17D0->b5da6a4a-1459-46a4-9479-d2035163dbe2@group-4A9565783204, cid=2154, SUCCESS, logIndex=3173, commits[b5da6a4a-1459-46a4-9479-d2035163dbe2:c3174, 69c25b61-d669-4f17-b36d-41bca3df1f31:c3172, d2a7b1fa-fac6-4c6f-8c6d-9ac7414c70c3:c3172]
2019-07-14 04:23:48,870 INFO  client.GrpcClientProtocolClient (GrpcClientProtocolClient.java:onNext(255)) - client-8DB4338F17D0->b5da6a4a-1459-46a4-9479-d2035163dbe2: receive RaftClientReply:client-8DB4338F17D0->b5da6a4a-1459-46a4-9479-d2035163dbe2@group-4A9565783204, cid=2155, SUCCESS, logIndex=3174, commits[b5da6a4a-1459-46a4-9479-d2035163dbe2:c3174, 69c25b61-d669-4f17-b36d-41bca3df1f31:c3172, d2a7b1fa-fac6-4c6f-8c6d-9ac7414c70c3:c3172]
2019-07-14 04:23:48,871 INFO  client.GrpcClientProtocolClient (GrpcClientProtocolClient.java:onNext(255)) - client-8DB4338F17D0->b5da6a4a-1459-46a4-9479-d2035163dbe2: receive RaftClientReply:client-8DB4338F17D0->b5da6a4a-1459-46a4-9479-d2035163dbe2@group-4A9565783204, cid=2156, SUCCESS, logIndex=3175, commits[b5da6a4a-1459-46a4-9479-d2035163dbe2:c3176, 69c25b61-d669-4f17-b36d-41bca3df1f31:c3172, d2a7b1fa-fac6-4c6f-8c6d-9ac7414c70c3:c3172]
2019-07-14 04:23:48,871 INFO  client.GrpcClientProtocolClient (GrpcClientProtocolClient.java:onNext(255)) - client-8DB4338F17D0->b5da6a4a-1459-46a4-9479-d2035163dbe2: receive RaftClientReply:client-8DB4338F17D0->b5da6a4a-1459-46a4-9479-d2035163dbe2@group-4A9565783204, cid=2157, SUCCESS, logIndex=3176, commits[b5da6a4a-1459-46a4-9479-d2035163dbe2:c3176, 69c25b61-d669-4f17-b36d-41bca3df1f31:c3172, d2a7b1fa-fac6-4c6f-8c6d-9ac7414c70c3:c3172]
2019-07-14 04:23:48,873 INFO  client.GrpcClientProtocolClient (GrpcClientProtocolClient.java:onNext(255)) - client-8DB4338F17D0->b5da6a4a-1459-46a4-9479-d2035163dbe2: receive RaftClientReply:client-8DB4338F17D0->b5da6a4a-1459-46a4-9479-d2035163dbe2@group-4A9565783204, cid=2158, SUCCESS, logIndex=0, commits[b5da6a4a-1459-46a4-9479-d2035163dbe2:c3178, 69c25b61-d669-4f17-b36d-41bca3df1f31:c3174, d2a7b1fa-fac6-4c6f-8c6d-9ac7414c70c3:c3174]
2019-07-14 04:23:48,893 INFO  client.GrpcClientProtocolClient (GrpcClientProtocolClient.java:onNext(255)) - client-8DB4338F17D0->b5da6a4a-1459-46a4-9479-d2035163dbe2: receive RaftClientReply:client-8DB4338F17D0->b5da6a4a-1459-46a4-9479-d2035163dbe2@group-4A9565783204, cid=2159, SUCCESS, logIndex=3181, commits[b5da6a4a-1459-46a4-9479-d2035163dbe2:c3182, 69c25b61-d669-4f17-b36d-41bca3df1f31:c3180, d2a7b1fa-fac6-4c6f-8c6d-9ac7414c70c3:c3180]
2019-07-14 04:23:48,893 INFO  client.GrpcClientProtocolClient (GrpcClientProtocolClient.java:onNext(255)) - client-8DB4338F17D0->b5da6a4a-1459-46a4-9479-d2035163dbe2: receive RaftClientReply:client-8DB4338F17D0->b5da6a4a-1459-46a4-9479-d2035163dbe2@group-4A9565783204, cid=2160, SUCCESS, logIndex=3182, commits[b5da6a4a-1459-46a4-9479-d2035163dbe2:c3182, 69c25b61-d669-4f17-b36d-41bca3df1f31:c3180, d2a7b1fa-fac6-4c6f-8c6d-9ac7414c70c3:c3180]
2019-07-14 04:23:48,906 INFO  client.GrpcClientProtocolClient (GrpcClientProtocolClient.java:onNext(255)) - client-8DB4338F17D0->b5da6a4a-1459-46a4-9479-d2035163dbe2: receive RaftClientReply:client-8DB4338F17D0->b5da6a4a-1459-46a4-9479-d2035163dbe2@group-4A9565783204, cid=2161, SUCCESS, logIndex=3185, commits[b5da6a4a-1459-46a4-9479-d2035163dbe2:c3186, 69c25b61-d669-4f17-b36d-41bca3df1f31:c3184, d2a7b1fa-fac6-4c6f-8c6d-9ac7414c70c3:c3182]
2019-07-14 04:23:48,906 INFO  client.GrpcClientProtocolClient (GrpcClientProtocolClient.java:onNext(255)) - client-8DB4338F17D0->b5da6a4a-1459-46a4-9479-d2035163dbe2: receive RaftClientReply:client-8DB4338F17D0->b5da6a4a-1459-46a4-9479-d2035163dbe2@group-4A9565783204, cid=2162, SUCCESS, logIndex=3186, commits[b5da6a4a-1459-46a4-9479-d2035163dbe2:c3186, 69c25b61-d669-4f17-b36d-41bca3df1f31:c3184, d2a7b1fa-fac6-4c6f-8c6d-9ac7414c70c3:c3184]
2019-07-14 04:23:48,908 INFO  client.GrpcClientProtocolClient (GrpcClientProtocolClient.java:onNext(255)) - client-8DB4338F17D0->b5da6a4a-1459-46a4-9479-d2035163dbe2: receive RaftClientReply:client-8DB4338F17D0->b5da6a4a-1459-46a4-9479-d2035163dbe2@group-4A9565783204, cid=2163, SUCCESS, logIndex=0, commits[b5da6a4a-1459-46a4-9479-d2035163dbe2:c3187, 69c25b61-d669-4f17-b36d-41bca3df1f31:c3186, d2a7b1fa-fac6-4c6f-8c6d-9ac7414c70c3:c3186]
2019-07-14 04:23:48,937 INFO  client.GrpcClientProtocolClient (GrpcClientProtocolClient.java:onNext(255)) - client-8DB4338F17D0->b5da6a4a-1459-46a4-9479-d2035163dbe2: receive RaftClientReply:client-8DB4338F17D0->b5da6a4a-1459-46a4-9479-d2035163dbe2@group-4A9565783204, cid=2164, SUCCESS, logIndex=3189, commits[b5da6a4a-1459-46a4-9479-d2035163dbe2:c3190, 69c25b61-d669-4f17-b36d-41bca3df1f31:c3188, d2a7b1fa-fac6-4c6f-8c6d-9ac7414c70c3:c3188]
2019-07-14 04:23:48,938 INFO  client.GrpcClientProtocolClient (GrpcClientProtocolClient.java:onNext(255)) - client-8DB4338F17D0->b5da6a4a-1459-46a4-9479-d2035163dbe2: receive RaftClientReply:client-8DB4338F17D0->b5da6a4a-1459-46a4-9479-d2035163dbe2@group-4A9565783204, cid=2165, SUCCESS, logIndex=3190, commits[b5da6a4a-1459-46a4-9479-d2035163dbe2:c3190, 69c25b61-d669-4f17-b36d-41bca3df1f31:c3188, d2a7b1fa-fac6-4c6f-8c6d-9ac7414c70c3:c3188]
2019-07-14 04:23:48,939 INFO  client.GrpcClientProtocolClient (GrpcClientProtocolClient.java:onNext(255)) - client-8DB4338F17D0->b5da6a4a-1459-46a4-9479-d2035163dbe2: receive RaftClientReply:client-8DB4338F17D0->b5da6a4a-1459-46a4-9479-d2035163dbe2@group-4A9565783204, cid=2166, SUCCESS, logIndex=3191, commits[b5da6a4a-1459-46a4-9479-d2035163dbe2:c3192, 69c25b61-d669-4f17-b36d-41bca3df1f31:c3188, d2a7b1fa-fac6-4c6f-8c6d-9ac7414c70c3:c3188]
2019-07-14 04:23:48,939 INFO  client.GrpcClientProtocolClient (GrpcClientProtocolClient.java:onNext(255)) - client-8DB4338F17D0->b5da6a4a-1459-46a4-9479-d2035163dbe2: receive RaftClientReply:client-8DB4338F17D0->b5da6a4a-1459-46a4-9479-d2035163dbe2@group-4A9565783204, cid=2167, SUCCESS, logIndex=3192, commits[b5da6a4a-1459-46a4-9479-d2035163dbe2:c3192, 69c25b61-d669-4f17-b36d-41bca3df1f31:c3188, d2a7b1fa-fac6-4c6f-8c6d-9ac7414c70c3:c3188]
2019-07-14 04:23:48,941 INFO  client.GrpcClientProtocolClient (GrpcClientProtocolClient.java:onNext(255)) - client-8DB4338F17D0->b5da6a4a-1459-46a4-9479-d2035163dbe2: receive RaftClientReply:client-8DB4338F17D0->b5da6a4a-1459-46a4-9479-d2035163dbe2@group-4A9565783204, cid=2168, SUCCESS, logIndex=0, commits[b5da6a4a-1459-46a4-9479-d2035163dbe2:c3194, 69c25b61-d669-4f17-b36d-41bca3df1f31:c3190, d2a7b1fa-fac6-4c6f-8c6d-9ac7414c70c3:c3190]
2019-07-14 04:23:48,952 INFO  client.GrpcClientProtocolClient (GrpcClientProtocolClient.java:onNext(255)) - client-8DB4338F17D0->b5da6a4a-1459-46a4-9479-d2035163dbe2: receive RaftClientReply:client-8DB4338F17D0->b5da6a4a-1459-46a4-9479-d2035163dbe2@group-4A9565783204, cid=2169, SUCCESS, logIndex=3197, commits[b5da6a4a-1459-46a4-9479-d2035163dbe2:c3198, 69c25b61-d669-4f17-b36d-41bca3df1f31:c3196, d2a7b1fa-fac6-4c6f-8c6d-9ac7414c70c3:c3196]
2019-07-14 04:23:48,953 INFO  client.GrpcClientProtocolClient (GrpcClientProtocolClient.java:onNext(255)) - client-8DB4338F17D0->b5da6a4a-1459-46a4-9479-d2035163dbe2: receive RaftClientReply:client-8DB4338F17D0->b5da6a4a-1459-46a4-9479-d2035163dbe2@group-4A9565783204, cid=2170, SUCCESS, logIndex=3198, commits[b5da6a4a-1459-46a4-9479-d2035163dbe2:c3198, 69c25b61-d669-4f17-b36d-41bca3df1f31:c3196, d2a7b1fa-fac6-4c6f-8c6d-9ac7414c70c3:c3196]
2019-07-14 04:23:48,972 INFO  client.GrpcClientProtocolClient (GrpcClientProtocolClient.java:onNext(255)) - client-8DB4338F17D0->b5da6a4a-1459-46a4-9479-d2035163dbe2: receive RaftClientReply:client-8DB4338F17D0->b5da6a4a-1459-46a4-9479-d2035163dbe2@group-4A9565783204, cid=2171, SUCCESS, logIndex=3201, commits[b5da6a4a-1459-46a4-9479-d2035163dbe2:c3202, 69c25b61-d669-4f17-b36d-41bca3df1f31:c3200, d2a7b1fa-fac6-4c6f-8c6d-9ac7414c70c3:c3198]
2019-07-14 04:23:48,973 INFO  client.GrpcClientProtocolClient (GrpcClientProtocolClient.java:onNext(255)) - client-8DB4338F17D0->b5da6a4a-1459-46a4-9479-d2035163dbe2: receive RaftClientReply:client-8DB4338F17D0->b5da6a4a-1459-46a4-9479-d2035163dbe2@group-4A9565783204, cid=2172, SUCCESS, logIndex=3202, commits[b5da6a4a-1459-46a4-9479-d2035163dbe2:c3202, 69c25b61-d669-4f17-b36d-41bca3df1f31:c3200, d2a7b1fa-fac6-4c6f-8c6d-9ac7414c70c3:c3200]
2019-07-14 04:23:48,974 INFO  client.GrpcClientProtocolClient (GrpcClientProtocolClient.java:onNext(255)) - client-8DB4338F17D0->b5da6a4a-1459-46a4-9479-d2035163dbe2: receive RaftClientReply:client-8DB4338F17D0->b5da6a4a-1459-46a4-9479-d2035163dbe2@group-4A9565783204, cid=2173, SUCCESS, logIndex=0, commits[b5da6a4a-1459-46a4-9479-d2035163dbe2:c3204, 69c25b61-d669-4f17-b36d-41bca3df1f31:c3202, d2a7b1fa-fac6-4c6f-8c6d-9ac7414c70c3:c3202]
2019-07-14 04:23:49,003 INFO  client.GrpcClientProtocolClient (GrpcClientProtocolClient.java:onNext(255)) - client-8DB4338F17D0->b5da6a4a-1459-46a4-9479-d2035163dbe2: receive RaftClientReply:client-8DB4338F17D0->b5da6a4a-1459-46a4-9479-d2035163dbe2@group-4A9565783204, cid=2174, SUCCESS, logIndex=3205, commits[b5da6a4a-1459-46a4-9479-d2035163dbe2:c3206, 69c25b61-d669-4f17-b36d-41bca3df1f31:c3204, d2a7b1fa-fac6-4c6f-8c6d-9ac7414c70c3:c3204]
2019-07-14 04:23:49,004 INFO  client.GrpcClientProtocolClient (GrpcClientProtocolClient.java:onNext(255)) - client-8DB4338F17D0->b5da6a4a-1459-46a4-9479-d2035163dbe2: receive RaftClientReply:client-8DB4338F17D0->b5da6a4a-1459-46a4-9479-d2035163dbe2@group-4A9565783204, cid=2175, SUCCESS, logIndex=3206, commits[b5da6a4a-1459-46a4-9479-d2035163dbe2:c3208, 69c25b61-d669-4f17-b36d-41bca3df1f31:c3204, d2a7b1fa-fac6-4c6f-8c6d-9ac7414c70c3:c3204]
2019-07-14 04:23:49,004 INFO  client.GrpcClientProtocolClient (GrpcClientProtocolClient.java:onNext(255)) - client-8DB4338F17D0->b5da6a4a-1459-46a4-9479-d2035163dbe2: receive RaftClientReply:client-8DB4338F17D0->b5da6a4a-1459-46a4-9479-d2035163dbe2@group-4A9565783204, cid=2176, SUCCESS, logIndex=3207, commits[b5da6a4a-1459-46a4-9479-d2035163dbe2:c3208, 69c25b61-d669-4f17-b36d-41bca3df1f31:c3204, d2a7b1fa-fac6-4c6f-8c6d-9ac7414c70c3:c3204]
2019-07-14 04:23:49,004 INFO  client.GrpcClientProtocolClient (GrpcClientProtocolClient.java:onNext(255)) - client-8DB4338F17D0->b5da6a4a-1459-46a4-9479-d2035163dbe2: receive RaftClientReply:client-8DB4338F17D0->b5da6a4a-1459-46a4-9479-d2035163dbe2@group-4A9565783204, cid=2177, SUCCESS, logIndex=3208, commits[b5da6a4a-1459-46a4-9479-d2035163dbe2:c3208, 69c25b61-d669-4f17-b36d-41bca3df1f31:c3204, d2a7b1fa-fac6-4c6f-8c6d-9ac7414c70c3:c3204]
2019-07-14 04:23:49,008 INFO  client.GrpcClientProtocolClient (GrpcClientProtocolClient.java:onNext(255)) - client-8DB4338F17D0->b5da6a4a-1459-46a4-9479-d2035163dbe2: receive RaftClientReply:client-8DB4338F17D0->b5da6a4a-1459-46a4-9479-d2035163dbe2@group-4A9565783204, cid=2178, SUCCESS, logIndex=0, commits[b5da6a4a-1459-46a4-9479-d2035163dbe2:c3211, 69c25b61-d669-4f17-b36d-41bca3df1f31:c3206, d2a7b1fa-fac6-4c6f-8c6d-9ac7414c70c3:c3208]
2019-07-14 04:23:49,029 INFO  client.GrpcClientProtocolClient (GrpcClientProtocolClient.java:onNext(255)) - client-8DB4338F17D0->b5da6a4a-1459-46a4-9479-d2035163dbe2: receive RaftClientReply:client-8DB4338F17D0->b5da6a4a-1459-46a4-9479-d2035163dbe2@group-4A9565783204, cid=2179, SUCCESS, logIndex=3212, commits[b5da6a4a-1459-46a4-9479-d2035163dbe2:c3213, 69c25b61-d669-4f17-b36d-41bca3df1f31:c3211, d2a7b1fa-fac6-4c6f-8c6d-9ac7414c70c3:c3211]
2019-07-14 04:23:49,029 INFO  client.GrpcClientProtocolClient (GrpcClientProtocolClient.java:onNext(255)) - client-8DB4338F17D0->b5da6a4a-1459-46a4-9479-d2035163dbe2: receive RaftClientReply:client-8DB4338F17D0->b5da6a4a-1459-46a4-9479-d2035163dbe2@group-4A9565783204, cid=2180, SUCCESS, logIndex=3213, commits[b5da6a4a-1459-46a4-9479-d2035163dbe2:c3213, 69c25b61-d669-4f17-b36d-41bca3df1f31:c3211, d2a7b1fa-fac6-4c6f-8c6d-9ac7414c70c3:c3211]
2019-07-14 04:23:49,041 INFO  client.GrpcClientProtocolClient (GrpcClientProtocolClient.java:onNext(255)) - client-8DB4338F17D0->b5da6a4a-1459-46a4-9479-d2035163dbe2: receive RaftClientReply:client-8DB4338F17D0->b5da6a4a-1459-46a4-9479-d2035163dbe2@group-4A9565783204, cid=2181, SUCCESS, logIndex=3216, commits[b5da6a4a-1459-46a4-9479-d2035163dbe2:c3217, 69c25b61-d669-4f17-b36d-41bca3df1f31:c3213, d2a7b1fa-fac6-4c6f-8c6d-9ac7414c70c3:c3213]
2019-07-14 04:23:49,041 INFO  client.GrpcClientProtocolClient (GrpcClientProtocolClient.java:onNext(255)) - client-8DB4338F17D0->b5da6a4a-1459-46a4-9479-d2035163dbe2: receive RaftClientReply:client-8DB4338F17D0->b5da6a4a-1459-46a4-9479-d2035163dbe2@group-4A9565783204, cid=2182, SUCCESS, logIndex=3217, commits[b5da6a4a-1459-46a4-9479-d2035163dbe2:c3217, 69c25b61-d669-4f17-b36d-41bca3df1f31:c3213, d2a7b1fa-fac6-4c6f-8c6d-9ac7414c70c3:c3213]
2019-07-14 04:23:49,054 INFO  client.GrpcClientProtocolClient (GrpcClientProtocolClient.java:onNext(255)) - client-8DB4338F17D0->b5da6a4a-1459-46a4-9479-d2035163dbe2: receive RaftClientReply:client-8DB4338F17D0->b5da6a4a-1459-46a4-9479-d2035163dbe2@group-4A9565783204, cid=2183, SUCCESS, logIndex=0, commits[b5da6a4a-1459-46a4-9479-d2035163dbe2:c3219, 69c25b61-d669-4f17-b36d-41bca3df1f31:c3217, d2a7b1fa-fac6-4c6f-8c6d-9ac7414c70c3:c3217]
2019-07-14 04:23:49,082 INFO  client.GrpcClientProtocolClient (GrpcClientProtocolClient.java:onNext(255)) - client-8DB4338F17D0->b5da6a4a-1459-46a4-9479-d2035163dbe2: receive RaftClientReply:client-8DB4338F17D0->b5da6a4a-1459-46a4-9479-d2035163dbe2@group-4A9565783204, cid=2184, SUCCESS, logIndex=3220, commits[b5da6a4a-1459-46a4-9479-d2035163dbe2:c3221, 69c25b61-d669-4f17-b36d-41bca3df1f31:c3219, d2a7b1fa-fac6-4c6f-8c6d-9ac7414c70c3:c3217]
2019-07-14 04:23:49,082 INFO  client.GrpcClientProtocolClient (GrpcClientProtocolClient.java:onNext(255)) - client-8DB4338F17D0->b5da6a4a-1459-46a4-9479-d2035163dbe2: receive RaftClientReply:client-8DB4338F17D0->b5da6a4a-1459-46a4-9479-d2035163dbe2@group-4A9565783204, cid=2185, SUCCESS, logIndex=3221, commits[b5da6a4a-1459-46a4-9479-d2035163dbe2:c3221, 69c25b61-d669-4f17-b36d-41bca3df1f31:c3219, d2a7b1fa-fac6-4c6f-8c6d-9ac7414c70c3:c3219]
2019-07-14 04:23:49,083 INFO  client.GrpcClientProtocolClient (GrpcClientProtocolClient.java:onNext(255)) - client-8DB4338F17D0->b5da6a4a-1459-46a4-9479-d2035163dbe2: receive RaftClientReply:client-8DB4338F17D0->b5da6a4a-1459-46a4-9479-d2035163dbe2@group-4A9565783204, cid=2186, SUCCESS, logIndex=3222, commits[b5da6a4a-1459-46a4-9479-d2035163dbe2:c3223, 69c25b61-d669-4f17-b36d-41bca3df1f31:c3219, d2a7b1fa-fac6-4c6f-8c6d-9ac7414c70c3:c3219]
2019-07-14 04:23:49,083 INFO  client.GrpcClientProtocolClient (GrpcClientProtocolClient.java:onNext(255)) - client-8DB4338F17D0->b5da6a4a-1459-46a4-9479-d2035163dbe2: receive RaftClientReply:client-8DB4338F17D0->b5da6a4a-1459-46a4-9479-d2035163dbe2@group-4A9565783204, cid=2187, SUCCESS, logIndex=3223, commits[b5da6a4a-1459-46a4-9479-d2035163dbe2:c3223, 69c25b61-d669-4f17-b36d-41bca3df1f31:c3219, d2a7b1fa-fac6-4c6f-8c6d-9ac7414c70c3:c3219]
2019-07-14 04:23:49,086 INFO  client.GrpcClientProtocolClient (GrpcClientProtocolClient.java:onNext(255)) - client-8DB4338F17D0->b5da6a4a-1459-46a4-9479-d2035163dbe2: receive RaftClientReply:client-8DB4338F17D0->b5da6a4a-1459-46a4-9479-d2035163dbe2@group-4A9565783204, cid=2188, SUCCESS, logIndex=0, commits[b5da6a4a-1459-46a4-9479-d2035163dbe2:c3225, 69c25b61-d669-4f17-b36d-41bca3df1f31:c3221, d2a7b1fa-fac6-4c6f-8c6d-9ac7414c70c3:c3221]
2019-07-14 04:23:49,099 INFO  client.GrpcClientProtocolClient (GrpcClientProtocolClient.java:onNext(255)) - client-8DB4338F17D0->b5da6a4a-1459-46a4-9479-d2035163dbe2: receive RaftClientReply:client-8DB4338F17D0->b5da6a4a-1459-46a4-9479-d2035163dbe2@group-4A9565783204, cid=2189, SUCCESS, logIndex=3228, commits[b5da6a4a-1459-46a4-9479-d2035163dbe2:c3229, 69c25b61-d669-4f17-b36d-41bca3df1f31:c3227, d2a7b1fa-fac6-4c6f-8c6d-9ac7414c70c3:c3227]
2019-07-14 04:23:49,099 INFO  client.GrpcClientProtocolClient (GrpcClientProtocolClient.java:onNext(255)) - client-8DB4338F17D0->b5da6a4a-1459-46a4-9479-d2035163dbe2: receive RaftClientReply:client-8DB4338F17D0->b5da6a4a-1459-46a4-9479-d2035163dbe2@group-4A9565783204, cid=2190, SUCCESS, logIndex=3229, commits[b5da6a4a-1459-46a4-9479-d2035163dbe2:c3229, 69c25b61-d669-4f17-b36d-41bca3df1f31:c3227, d2a7b1fa-fac6-4c6f-8c6d-9ac7414c70c3:c3227]
2019-07-14 04:23:49,117 INFO  client.GrpcClientProtocolClient (GrpcClientProtocolClient.java:onNext(255)) - client-8DB4338F17D0->b5da6a4a-1459-46a4-9479-d2035163dbe2: receive RaftClientReply:client-8DB4338F17D0->b5da6a4a-1459-46a4-9479-d2035163dbe2@group-4A9565783204, cid=2191, SUCCESS, logIndex=3232, commits[b5da6a4a-1459-46a4-9479-d2035163dbe2:c3233, 69c25b61-d669-4f17-b36d-41bca3df1f31:c3231, d2a7b1fa-fac6-4c6f-8c6d-9ac7414c70c3:c3231]
2019-07-14 04:23:49,118 INFO  client.GrpcClientProtocolClient (GrpcClientProtocolClient.java:onNext(255)) - client-8DB4338F17D0->b5da6a4a-1459-46a4-9479-d2035163dbe2: receive RaftClientReply:client-8DB4338F17D0->b5da6a4a-1459-46a4-9479-d2035163dbe2@group-4A9565783204, cid=2192, SUCCESS, logIndex=3233, commits[b5da6a4a-1459-46a4-9479-d2035163dbe2:c3233, 69c25b61-d669-4f17-b36d-41bca3df1f31:c3231, d2a7b1fa-fac6-4c6f-8c6d-9ac7414c70c3:c3231]
2019-07-14 04:23:49,130 INFO  client.GrpcClientProtocolClient (GrpcClientProtocolClient.java:onNext(255)) - client-8DB4338F17D0->b5da6a4a-1459-46a4-9479-d2035163dbe2: receive RaftClientReply:client-8DB4338F17D0->b5da6a4a-1459-46a4-9479-d2035163dbe2@group-4A9565783204, cid=2193, SUCCESS, logIndex=0, commits[b5da6a4a-1459-46a4-9479-d2035163dbe2:c3235, 69c25b61-d669-4f17-b36d-41bca3df1f31:c3233, d2a7b1fa-fac6-4c6f-8c6d-9ac7414c70c3:c3233]
2019-07-14 04:23:49,149 INFO  client.GrpcClientProtocolClient (GrpcClientProtocolClient.java:onNext(255)) - client-8DB4338F17D0->b5da6a4a-1459-46a4-9479-d2035163dbe2: receive RaftClientReply:client-8DB4338F17D0->b5da6a4a-1459-46a4-9479-d2035163dbe2@group-4A9565783204, cid=2194, SUCCESS, logIndex=3236, commits[b5da6a4a-1459-46a4-9479-d2035163dbe2:c3237, 69c25b61-d669-4f17-b36d-41bca3df1f31:c3233, d2a7b1fa-fac6-4c6f-8c6d-9ac7414c70c3:c3235]
2019-07-14 04:23:49,149 INFO  client.GrpcClientProtocolClient (GrpcClientProtocolClient.java:onNext(255)) - client-8DB4338F17D0->b5da6a4a-1459-46a4-9479-d2035163dbe2: receive RaftClientReply:client-8DB4338F17D0->b5da6a4a-1459-46a4-9479-d2035163dbe2@group-4A9565783204, cid=2195, SUCCESS, logIndex=3237, commits[b5da6a4a-1459-46a4-9479-d2035163dbe2:c3237, 69c25b61-d669-4f17-b36d-41bca3df1f31:c3233, d2a7b1fa-fac6-4c6f-8c6d-9ac7414c70c3:c3235]
2019-07-14 04:23:49,159 INFO  client.GrpcClientProtocolClient (GrpcClientProtocolClient.java:onNext(255)) - client-8DB4338F17D0->b5da6a4a-1459-46a4-9479-d2035163dbe2: receive RaftClientReply:client-8DB4338F17D0->b5da6a4a-1459-46a4-9479-d2035163dbe2@group-4A9565783204, cid=2196, SUCCESS, logIndex=3238, commits[b5da6a4a-1459-46a4-9479-d2035163dbe2:c3239, 69c25b61-d669-4f17-b36d-41bca3df1f31:c3235, d2a7b1fa-fac6-4c6f-8c6d-9ac7414c70c3:c3235]
2019-07-14 04:23:49,159 INFO  client.GrpcClientProtocolClient (GrpcClientProtocolClient.java:onNext(255)) - client-8DB4338F17D0->b5da6a4a-1459-46a4-9479-d2035163dbe2: receive RaftClientReply:client-8DB4338F17D0->b5da6a4a-1459-46a4-9479-d2035163dbe2@group-4A9565783204, cid=2197, SUCCESS, logIndex=3239, commits[b5da6a4a-1459-46a4-9479-d2035163dbe2:c3241, 69c25b61-d669-4f17-b36d-41bca3df1f31:c3235, d2a7b1fa-fac6-4c6f-8c6d-9ac7414c70c3:c3237]
2019-07-14 04:23:49,160 INFO  client.GrpcClientProtocolClient (GrpcClientProtocolClient.java:onNext(255)) - client-8DB4338F17D0->b5da6a4a-1459-46a4-9479-d2035163dbe2: receive RaftClientReply:client-8DB4338F17D0->b5da6a4a-1459-46a4-9479-d2035163dbe2@group-4A9565783204, cid=2198, SUCCESS, logIndex=0, commits[b5da6a4a-1459-46a4-9479-d2035163dbe2:c3241, 69c25b61-d669-4f17-b36d-41bca3df1f31:c3237, d2a7b1fa-fac6-4c6f-8c6d-9ac7414c70c3:c3237]
2019-07-14 04:23:49,235 INFO  client.GrpcClientProtocolClient (GrpcClientProtocolClient.java:onNext(255)) - client-8DB4338F17D0->b5da6a4a-1459-46a4-9479-d2035163dbe2: receive RaftClientReply:client-8DB4338F17D0->b5da6a4a-1459-46a4-9479-d2035163dbe2@group-4A9565783204, cid=2199, SUCCESS, logIndex=3244, commits[b5da6a4a-1459-46a4-9479-d2035163dbe2:c3244, 69c25b61-d669-4f17-b36d-41bca3df1f31:c3243, d2a7b1fa-fac6-4c6f-8c6d-9ac7414c70c3:c3243]
2019-07-14 04:23:49,236 INFO  client.GrpcClientProtocolClient (GrpcClientProtocolClient.java:onNext(255)) - client-8DB4338F17D0->b5da6a4a-1459-46a4-9479-d2035163dbe2: receive RaftClientReply:client-8DB4338F17D0->b5da6a4a-1459-46a4-9479-d2035163dbe2@group-4A9565783204, cid=2200, SUCCESS, logIndex=3245, commits[b5da6a4a-1459-46a4-9479-d2035163dbe2:c3245, 69c25b61-d669-4f17-b36d-41bca3df1f31:c3243, d2a7b1fa-fac6-4c6f-8c6d-9ac7414c70c3:c3243]
 0.00% |█                                                                                                    |  0/1 Time: 0:00:142019-07-14 04:23:49,257 INFO  client.GrpcClientProtocolClient (GrpcClientProtocolClient.java:onNext(255)) - client-8DB4338F17D0->b5da6a4a-1459-46a4-9479-d2035163dbe2: receive RaftClientReply:client-8DB4338F17D0->b5da6a4a-1459-46a4-9479-d2035163dbe2@group-4A9565783204, cid=2201, SUCCESS, logIndex=3248, commits[b5da6a4a-1459-46a4-9479-d2035163dbe2:c3249, 69c25b61-d669-4f17-b36d-41bca3df1f31:c3247, d2a7b1fa-fac6-4c6f-8c6d-9ac7414c70c3:c3247]
2019-07-14 04:23:49,258 INFO  client.GrpcClientProtocolClient (GrpcClientProtocolClient.java:onNext(255)) - client-8DB4338F17D0->b5da6a4a-1459-46a4-9479-d2035163dbe2: receive RaftClientReply:client-8DB4338F17D0->b5da6a4a-1459-46a4-9479-d2035163dbe2@group-4A9565783204, cid=2202, SUCCESS, logIndex=3249, commits[b5da6a4a-1459-46a4-9479-d2035163dbe2:c3249, 69c25b61-d669-4f17-b36d-41bca3df1f31:c3247, d2a7b1fa-fac6-4c6f-8c6d-9ac7414c70c3:c3247]
2019-07-14 04:23:49,259 INFO  client.GrpcClientProtocolClient (GrpcClientProtocolClient.java:onNext(255)) - client-8DB4338F17D0->b5da6a4a-1459-46a4-9479-d2035163dbe2: receive RaftClientReply:client-8DB4338F17D0->b5da6a4a-1459-46a4-9479-d2035163dbe2@group-4A9565783204, cid=2203, SUCCESS, logIndex=0, commits[b5da6a4a-1459-46a4-9479-d2035163dbe2:c3250, 69c25b61-d669-4f17-b36d-41bca3df1f31:c3249, d2a7b1fa-fac6-4c6f-8c6d-9ac7414c70c3:c3249]
2019-07-14 04:23:49,289 INFO  client.GrpcClientProtocolClient (GrpcClientProtocolClient.java:onNext(255)) - client-8DB4338F17D0->b5da6a4a-1459-46a4-9479-d2035163dbe2: receive RaftClientReply:client-8DB4338F17D0->b5da6a4a-1459-46a4-9479-d2035163dbe2@group-4A9565783204, cid=2204, SUCCESS, logIndex=3252, commits[b5da6a4a-1459-46a4-9479-d2035163dbe2:c3253, 69c25b61-d669-4f17-b36d-41bca3df1f31:c3251, d2a7b1fa-fac6-4c6f-8c6d-9ac7414c70c3:c3251]
2019-07-14 04:23:49,290 INFO  client.GrpcClientProtocolClient (GrpcClientProtocolClient.java:onNext(255)) - client-8DB4338F17D0->b5da6a4a-1459-46a4-9479-d2035163dbe2: receive RaftClientReply:client-8DB4338F17D0->b5da6a4a-1459-46a4-9479-d2035163dbe2@group-4A9565783204, cid=2205, SUCCESS, logIndex=3253, commits[b5da6a4a-1459-46a4-9479-d2035163dbe2:c3254, 69c25b61-d669-4f17-b36d-41bca3df1f31:c3251, d2a7b1fa-fac6-4c6f-8c6d-9ac7414c70c3:c3251]
2019-07-14 04:23:49,290 INFO  client.GrpcClientProtocolClient (GrpcClientProtocolClient.java:onNext(255)) - client-8DB4338F17D0->b5da6a4a-1459-46a4-9479-d2035163dbe2: receive RaftClientReply:client-8DB4338F17D0->b5da6a4a-1459-46a4-9479-d2035163dbe2@group-4A9565783204, cid=2206, SUCCESS, logIndex=3254, commits[b5da6a4a-1459-46a4-9479-d2035163dbe2:c3255, 69c25b61-d669-4f17-b36d-41bca3df1f31:c3251, d2a7b1fa-fac6-4c6f-8c6d-9ac7414c70c3:c3251]
2019-07-14 04:23:49,291 INFO  client.GrpcClientProtocolClient (GrpcClientProtocolClient.java:onNext(255)) - client-8DB4338F17D0->b5da6a4a-1459-46a4-9479-d2035163dbe2: receive RaftClientReply:client-8DB4338F17D0->b5da6a4a-1459-46a4-9479-d2035163dbe2@group-4A9565783204, cid=2207, SUCCESS, logIndex=3255, commits[b5da6a4a-1459-46a4-9479-d2035163dbe2:c3255, 69c25b61-d669-4f17-b36d-41bca3df1f31:c3251, d2a7b1fa-fac6-4c6f-8c6d-9ac7414c70c3:c3251]
2019-07-14 04:23:49,303 INFO  client.GrpcClientProtocolClient (GrpcClientProtocolClient.java:onNext(255)) - client-8DB4338F17D0->b5da6a4a-1459-46a4-9479-d2035163dbe2: receive RaftClientReply:client-8DB4338F17D0->b5da6a4a-1459-46a4-9479-d2035163dbe2@group-4A9565783204, cid=2208, SUCCESS, logIndex=0, commits[b5da6a4a-1459-46a4-9479-d2035163dbe2:c3257, 69c25b61-d669-4f17-b36d-41bca3df1f31:c3253, d2a7b1fa-fac6-4c6f-8c6d-9ac7414c70c3:c3253]
2019-07-14 04:23:49,327 INFO  client.GrpcClientProtocolClient (GrpcClientProtocolClient.java:onNext(255)) - client-8DB4338F17D0->b5da6a4a-1459-46a4-9479-d2035163dbe2: receive RaftClientReply:client-8DB4338F17D0->b5da6a4a-1459-46a4-9479-d2035163dbe2@group-4A9565783204, cid=2209, SUCCESS, logIndex=3260, commits[b5da6a4a-1459-46a4-9479-d2035163dbe2:c3261, 69c25b61-d669-4f17-b36d-41bca3df1f31:c3259, d2a7b1fa-fac6-4c6f-8c6d-9ac7414c70c3:c3259]
2019-07-14 04:23:49,328 INFO  client.GrpcClientProtocolClient (GrpcClientProtocolClient.java:onNext(255)) - client-8DB4338F17D0->b5da6a4a-1459-46a4-9479-d2035163dbe2: receive RaftClientReply:client-8DB4338F17D0->b5da6a4a-1459-46a4-9479-d2035163dbe2@group-4A9565783204, cid=2210, SUCCESS, logIndex=3261, commits[b5da6a4a-1459-46a4-9479-d2035163dbe2:c3261, 69c25b61-d669-4f17-b36d-41bca3df1f31:c3259, d2a7b1fa-fac6-4c6f-8c6d-9ac7414c70c3:c3259]
2019-07-14 04:23:49,357 INFO  client.GrpcClientProtocolClient (GrpcClientProtocolClient.java:onNext(255)) - client-8DB4338F17D0->b5da6a4a-1459-46a4-9479-d2035163dbe2: receive RaftClientReply:client-8DB4338F17D0->b5da6a4a-1459-46a4-9479-d2035163dbe2@group-4A9565783204, cid=2211, SUCCESS, logIndex=3264, commits[b5da6a4a-1459-46a4-9479-d2035163dbe2:c3265, 69c25b61-d669-4f17-b36d-41bca3df1f31:c3261, d2a7b1fa-fac6-4c6f-8c6d-9ac7414c70c3:c3261]
2019-07-14 04:23:49,358 INFO  client.GrpcClientProtocolClient (GrpcClientProtocolClient.java:onNext(255)) - client-8DB4338F17D0->b5da6a4a-1459-46a4-9479-d2035163dbe2: receive RaftClientReply:client-8DB4338F17D0->b5da6a4a-1459-46a4-9479-d2035163dbe2@group-4A9565783204, cid=2212, SUCCESS, logIndex=3265, commits[b5da6a4a-1459-46a4-9479-d2035163dbe2:c3265, 69c25b61-d669-4f17-b36d-41bca3df1f31:c3261, d2a7b1fa-fac6-4c6f-8c6d-9ac7414c70c3:c3261]
2019-07-14 04:23:49,369 INFO  client.GrpcClientProtocolClient (GrpcClientProtocolClient.java:onNext(255)) - client-8DB4338F17D0->b5da6a4a-1459-46a4-9479-d2035163dbe2: receive RaftClientReply:client-8DB4338F17D0->b5da6a4a-1459-46a4-9479-d2035163dbe2@group-4A9565783204, cid=2213, SUCCESS, logIndex=0, commits[b5da6a4a-1459-46a4-9479-d2035163dbe2:c3267, 69c25b61-d669-4f17-b36d-41bca3df1f31:c3265, d2a7b1fa-fac6-4c6f-8c6d-9ac7414c70c3:c3265]
2019-07-14 04:23:49,400 INFO  client.GrpcClientProtocolClient (GrpcClientProtocolClient.java:onNext(255)) - client-8DB4338F17D0->b5da6a4a-1459-46a4-9479-d2035163dbe2: receive RaftClientReply:client-8DB4338F17D0->b5da6a4a-1459-46a4-9479-d2035163dbe2@group-4A9565783204, cid=2214, SUCCESS, logIndex=3268, commits[b5da6a4a-1459-46a4-9479-d2035163dbe2:c3269, 69c25b61-d669-4f17-b36d-41bca3df1f31:c3267, d2a7b1fa-fac6-4c6f-8c6d-9ac7414c70c3:c3267]
2019-07-14 04:23:49,401 INFO  client.GrpcClientProtocolClient (GrpcClientProtocolClient.java:onNext(255)) - client-8DB4338F17D0->b5da6a4a-1459-46a4-9479-d2035163dbe2: receive RaftClientReply:client-8DB4338F17D0->b5da6a4a-1459-46a4-9479-d2035163dbe2@group-4A9565783204, cid=2215, SUCCESS, logIndex=3269, commits[b5da6a4a-1459-46a4-9479-d2035163dbe2:c3269, 69c25b61-d669-4f17-b36d-41bca3df1f31:c3267, d2a7b1fa-fac6-4c6f-8c6d-9ac7414c70c3:c3267]
2019-07-14 04:23:49,401 INFO  client.GrpcClientProtocolClient (GrpcClientProtocolClient.java:onNext(255)) - client-8DB4338F17D0->b5da6a4a-1459-46a4-9479-d2035163dbe2: receive RaftClientReply:client-8DB4338F17D0->b5da6a4a-1459-46a4-9479-d2035163dbe2@group-4A9565783204, cid=2216, SUCCESS, logIndex=3270, commits[b5da6a4a-1459-46a4-9479-d2035163dbe2:c3271, 69c25b61-d669-4f17-b36d-41bca3df1f31:c3267, d2a7b1fa-fac6-4c6f-8c6d-9ac7414c70c3:c3267]
2019-07-14 04:23:49,401 INFO  client.GrpcClientProtocolClient (GrpcClientProtocolClient.java:onNext(255)) - client-8DB4338F17D0->b5da6a4a-1459-46a4-9479-d2035163dbe2: receive RaftClientReply:client-8DB4338F17D0->b5da6a4a-1459-46a4-9479-d2035163dbe2@group-4A9565783204, cid=2217, SUCCESS, logIndex=3271, commits[b5da6a4a-1459-46a4-9479-d2035163dbe2:c3271, 69c25b61-d669-4f17-b36d-41bca3df1f31:c3267, d2a7b1fa-fac6-4c6f-8c6d-9ac7414c70c3:c3267]
2019-07-14 04:23:49,404 INFO  client.GrpcClientProtocolClient (GrpcClientProtocolClient.java:onNext(255)) - client-8DB4338F17D0->b5da6a4a-1459-46a4-9479-d2035163dbe2: receive RaftClientReply:client-8DB4338F17D0->b5da6a4a-1459-46a4-9479-d2035163dbe2@group-4A9565783204, cid=2218, SUCCESS, logIndex=0, commits[b5da6a4a-1459-46a4-9479-d2035163dbe2:c3273, 69c25b61-d669-4f17-b36d-41bca3df1f31:c3269, d2a7b1fa-fac6-4c6f-8c6d-9ac7414c70c3:c3269]
2019-07-14 04:23:49,418 INFO  client.GrpcClientProtocolClient (GrpcClientProtocolClient.java:onNext(255)) - client-8DB4338F17D0->b5da6a4a-1459-46a4-9479-d2035163dbe2: receive RaftClientReply:client-8DB4338F17D0->b5da6a4a-1459-46a4-9479-d2035163dbe2@group-4A9565783204, cid=2219, SUCCESS, logIndex=3276, commits[b5da6a4a-1459-46a4-9479-d2035163dbe2:c3277, 69c25b61-d669-4f17-b36d-41bca3df1f31:c3275, d2a7b1fa-fac6-4c6f-8c6d-9ac7414c70c3:c3275]
2019-07-14 04:23:49,419 INFO  client.GrpcClientProtocolClient (GrpcClientProtocolClient.java:onNext(255)) - client-8DB4338F17D0->b5da6a4a-1459-46a4-9479-d2035163dbe2: receive RaftClientReply:client-8DB4338F17D0->b5da6a4a-1459-46a4-9479-d2035163dbe2@group-4A9565783204, cid=2220, SUCCESS, logIndex=3277, commits[b5da6a4a-1459-46a4-9479-d2035163dbe2:c3277, 69c25b61-d669-4f17-b36d-41bca3df1f31:c3275, d2a7b1fa-fac6-4c6f-8c6d-9ac7414c70c3:c3275]
2019-07-14 04:23:49,438 INFO  client.GrpcClientProtocolClient (GrpcClientProtocolClient.java:onNext(255)) - client-8DB4338F17D0->b5da6a4a-1459-46a4-9479-d2035163dbe2: receive RaftClientReply:client-8DB4338F17D0->b5da6a4a-1459-46a4-9479-d2035163dbe2@group-4A9565783204, cid=2221, SUCCESS, logIndex=3280, commits[b5da6a4a-1459-46a4-9479-d2035163dbe2:c3281, 69c25b61-d669-4f17-b36d-41bca3df1f31:c3279, d2a7b1fa-fac6-4c6f-8c6d-9ac7414c70c3:c3279]
2019-07-14 04:23:49,438 INFO  client.GrpcClientProtocolClient (GrpcClientProtocolClient.java:onNext(255)) - client-8DB4338F17D0->b5da6a4a-1459-46a4-9479-d2035163dbe2: receive RaftClientReply:client-8DB4338F17D0->b5da6a4a-1459-46a4-9479-d2035163dbe2@group-4A9565783204, cid=2222, SUCCESS, logIndex=3281, commits[b5da6a4a-1459-46a4-9479-d2035163dbe2:c3281, 69c25b61-d669-4f17-b36d-41bca3df1f31:c3279, d2a7b1fa-fac6-4c6f-8c6d-9ac7414c70c3:c3279]
2019-07-14 04:23:49,440 INFO  client.GrpcClientProtocolClient (GrpcClientProtocolClient.java:onNext(255)) - client-8DB4338F17D0->b5da6a4a-1459-46a4-9479-d2035163dbe2: receive RaftClientReply:client-8DB4338F17D0->b5da6a4a-1459-46a4-9479-d2035163dbe2@group-4A9565783204, cid=2223, SUCCESS, logIndex=0, commits[b5da6a4a-1459-46a4-9479-d2035163dbe2:c3281, 69c25b61-d669-4f17-b36d-41bca3df1f31:c3281, d2a7b1fa-fac6-4c6f-8c6d-9ac7414c70c3:c3281]
2019-07-14 04:23:49,548 INFO  client.GrpcClientProtocolClient (GrpcClientProtocolClient.java:onNext(255)) - client-8DB4338F17D0->b5da6a4a-1459-46a4-9479-d2035163dbe2: receive RaftClientReply:client-8DB4338F17D0->b5da6a4a-1459-46a4-9479-d2035163dbe2@group-4A9565783204, cid=2224, SUCCESS, logIndex=3284, commits[b5da6a4a-1459-46a4-9479-d2035163dbe2:c3285, 69c25b61-d669-4f17-b36d-41bca3df1f31:c3281, d2a7b1fa-fac6-4c6f-8c6d-9ac7414c70c3:c3283]
2019-07-14 04:23:49,549 INFO  client.GrpcClientProtocolClient (GrpcClientProtocolClient.java:onNext(255)) - client-8DB4338F17D0->b5da6a4a-1459-46a4-9479-d2035163dbe2: receive RaftClientReply:client-8DB4338F17D0->b5da6a4a-1459-46a4-9479-d2035163dbe2@group-4A9565783204, cid=2225, SUCCESS, logIndex=3285, commits[b5da6a4a-1459-46a4-9479-d2035163dbe2:c3285, 69c25b61-d669-4f17-b36d-41bca3df1f31:c3281, d2a7b1fa-fac6-4c6f-8c6d-9ac7414c70c3:c3283]
2019-07-14 04:23:49,549 INFO  client.GrpcClientProtocolClient (GrpcClientProtocolClient.java:onNext(255)) - client-8DB4338F17D0->b5da6a4a-1459-46a4-9479-d2035163dbe2: receive RaftClientReply:client-8DB4338F17D0->b5da6a4a-1459-46a4-9479-d2035163dbe2@group-4A9565783204, cid=2226, SUCCESS, logIndex=3286, commits[b5da6a4a-1459-46a4-9479-d2035163dbe2:c3287, 69c25b61-d669-4f17-b36d-41bca3df1f31:c3281, d2a7b1fa-fac6-4c6f-8c6d-9ac7414c70c3:c3283]
2019-07-14 04:23:49,549 INFO  client.GrpcClientProtocolClient (GrpcClientProtocolClient.java:onNext(255)) - client-8DB4338F17D0->b5da6a4a-1459-46a4-9479-d2035163dbe2: receive RaftClientReply:client-8DB4338F17D0->b5da6a4a-1459-46a4-9479-d2035163dbe2@group-4A9565783204, cid=2227, SUCCESS, logIndex=3287, commits[b5da6a4a-1459-46a4-9479-d2035163dbe2:c3287, 69c25b61-d669-4f17-b36d-41bca3df1f31:c3281, d2a7b1fa-fac6-4c6f-8c6d-9ac7414c70c3:c3283]
2019-07-14 04:23:49,553 INFO  client.GrpcClientProtocolClient (GrpcClientProtocolClient.java:onNext(255)) - client-8DB4338F17D0->b5da6a4a-1459-46a4-9479-d2035163dbe2: receive RaftClientReply:client-8DB4338F17D0->b5da6a4a-1459-46a4-9479-d2035163dbe2@group-4A9565783204, cid=2228, SUCCESS, logIndex=0, commits[b5da6a4a-1459-46a4-9479-d2035163dbe2:c3289, 69c25b61-d669-4f17-b36d-41bca3df1f31:c3285, d2a7b1fa-fac6-4c6f-8c6d-9ac7414c70c3:c3285]
2019-07-14 04:23:49,573 INFO  client.GrpcClientProtocolClient (GrpcClientProtocolClient.java:onNext(255)) - client-8DB4338F17D0->b5da6a4a-1459-46a4-9479-d2035163dbe2: receive RaftClientReply:client-8DB4338F17D0->b5da6a4a-1459-46a4-9479-d2035163dbe2@group-4A9565783204, cid=2229, SUCCESS, logIndex=3292, commits[b5da6a4a-1459-46a4-9479-d2035163dbe2:c3293, 69c25b61-d669-4f17-b36d-41bca3df1f31:c3291, d2a7b1fa-fac6-4c6f-8c6d-9ac7414c70c3:c3291]
2019-07-14 04:23:49,573 INFO  client.GrpcClientProtocolClient (GrpcClientProtocolClient.java:onNext(255)) - client-8DB4338F17D0->b5da6a4a-1459-46a4-9479-d2035163dbe2: receive RaftClientReply:client-8DB4338F17D0->b5da6a4a-1459-46a4-9479-d2035163dbe2@group-4A9565783204, cid=2230, SUCCESS, logIndex=3293, commits[b5da6a4a-1459-46a4-9479-d2035163dbe2:c3293, 69c25b61-d669-4f17-b36d-41bca3df1f31:c3291, d2a7b1fa-fac6-4c6f-8c6d-9ac7414c70c3:c3291]
2019-07-14 04:23:49,594 INFO  client.GrpcClientProtocolClient (GrpcClientProtocolClient.java:onNext(255)) - client-8DB4338F17D0->b5da6a4a-1459-46a4-9479-d2035163dbe2: receive RaftClientReply:client-8DB4338F17D0->b5da6a4a-1459-46a4-9479-d2035163dbe2@group-4A9565783204, cid=2231, SUCCESS, logIndex=3296, commits[b5da6a4a-1459-46a4-9479-d2035163dbe2:c3297, 69c25b61-d669-4f17-b36d-41bca3df1f31:c3295, d2a7b1fa-fac6-4c6f-8c6d-9ac7414c70c3:c3295]
2019-07-14 04:23:49,594 INFO  client.GrpcClientProtocolClient (GrpcClientProtocolClient.java:onNext(255)) - client-8DB4338F17D0->b5da6a4a-1459-46a4-9479-d2035163dbe2: receive RaftClientReply:client-8DB4338F17D0->b5da6a4a-1459-46a4-9479-d2035163dbe2@group-4A9565783204, cid=2232, SUCCESS, logIndex=3297, commits[b5da6a4a-1459-46a4-9479-d2035163dbe2:c3297, 69c25b61-d669-4f17-b36d-41bca3df1f31:c3295, d2a7b1fa-fac6-4c6f-8c6d-9ac7414c70c3:c3295]
2019-07-14 04:23:49,609 INFO  client.GrpcClientProtocolClient (GrpcClientProtocolClient.java:onNext(255)) - client-8DB4338F17D0->b5da6a4a-1459-46a4-9479-d2035163dbe2: receive RaftClientReply:client-8DB4338F17D0->b5da6a4a-1459-46a4-9479-d2035163dbe2@group-4A9565783204, cid=2233, SUCCESS, logIndex=0, commits[b5da6a4a-1459-46a4-9479-d2035163dbe2:c3299, 69c25b61-d669-4f17-b36d-41bca3df1f31:c3297, d2a7b1fa-fac6-4c6f-8c6d-9ac7414c70c3:c3297]
2019-07-14 04:23:49,630 INFO  client.GrpcClientProtocolClient (GrpcClientProtocolClient.java:onNext(255)) - client-8DB4338F17D0->b5da6a4a-1459-46a4-9479-d2035163dbe2: receive RaftClientReply:client-8DB4338F17D0->b5da6a4a-1459-46a4-9479-d2035163dbe2@group-4A9565783204, cid=2234, SUCCESS, logIndex=3300, commits[b5da6a4a-1459-46a4-9479-d2035163dbe2:c3301, 69c25b61-d669-4f17-b36d-41bca3df1f31:c3297, d2a7b1fa-fac6-4c6f-8c6d-9ac7414c70c3:c3299]
2019-07-14 04:23:49,630 INFO  client.GrpcClientProtocolClient (GrpcClientProtocolClient.java:onNext(255)) - client-8DB4338F17D0->b5da6a4a-1459-46a4-9479-d2035163dbe2: receive RaftClientReply:client-8DB4338F17D0->b5da6a4a-1459-46a4-9479-d2035163dbe2@group-4A9565783204, cid=2235, SUCCESS, logIndex=3301, commits[b5da6a4a-1459-46a4-9479-d2035163dbe2:c3301, 69c25b61-d669-4f17-b36d-41bca3df1f31:c3297, d2a7b1fa-fac6-4c6f-8c6d-9ac7414c70c3:c3299]
2019-07-14 04:23:49,634 INFO  client.GrpcClientProtocolClient (GrpcClientProtocolClient.java:onNext(255)) - client-8DB4338F17D0->b5da6a4a-1459-46a4-9479-d2035163dbe2: receive RaftClientReply:client-8DB4338F17D0->b5da6a4a-1459-46a4-9479-d2035163dbe2@group-4A9565783204, cid=2236, SUCCESS, logIndex=3302, commits[b5da6a4a-1459-46a4-9479-d2035163dbe2:c3303, 69c25b61-d669-4f17-b36d-41bca3df1f31:c3299, d2a7b1fa-fac6-4c6f-8c6d-9ac7414c70c3:c3299]
2019-07-14 04:23:49,635 INFO  client.GrpcClientProtocolClient (GrpcClientProtocolClient.java:onNext(255)) - client-8DB4338F17D0->b5da6a4a-1459-46a4-9479-d2035163dbe2: receive RaftClientReply:client-8DB4338F17D0->b5da6a4a-1459-46a4-9479-d2035163dbe2@group-4A9565783204, cid=2237, SUCCESS, logIndex=3303, commits[b5da6a4a-1459-46a4-9479-d2035163dbe2:c3304, 69c25b61-d669-4f17-b36d-41bca3df1f31:c3299, d2a7b1fa-fac6-4c6f-8c6d-9ac7414c70c3:c3300]
2019-07-14 04:23:49,636 INFO  client.GrpcClientProtocolClient (GrpcClientProtocolClient.java:onNext(255)) - client-8DB4338F17D0->b5da6a4a-1459-46a4-9479-d2035163dbe2: receive RaftClientReply:client-8DB4338F17D0->b5da6a4a-1459-46a4-9479-d2035163dbe2@group-4A9565783204, cid=2238, SUCCESS, logIndex=0, commits[b5da6a4a-1459-46a4-9479-d2035163dbe2:c3305, 69c25b61-d669-4f17-b36d-41bca3df1f31:c3301, d2a7b1fa-fac6-4c6f-8c6d-9ac7414c70c3:c3301]
2019-07-14 04:23:49,647 INFO  client.GrpcClientProtocolClient (GrpcClientProtocolClient.java:onNext(255)) - client-8DB4338F17D0->b5da6a4a-1459-46a4-9479-d2035163dbe2: receive RaftClientReply:client-8DB4338F17D0->b5da6a4a-1459-46a4-9479-d2035163dbe2@group-4A9565783204, cid=2239, SUCCESS, logIndex=3308, commits[b5da6a4a-1459-46a4-9479-d2035163dbe2:c3309, 69c25b61-d669-4f17-b36d-41bca3df1f31:c3305, d2a7b1fa-fac6-4c6f-8c6d-9ac7414c70c3:c3303]
2019-07-14 04:23:49,647 INFO  client.GrpcClientProtocolClient (GrpcClientProtocolClient.java:onNext(255)) - client-8DB4338F17D0->b5da6a4a-1459-46a4-9479-d2035163dbe2: receive RaftClientReply:client-8DB4338F17D0->b5da6a4a-1459-46a4-9479-d2035163dbe2@group-4A9565783204, cid=2240, SUCCESS, logIndex=3309, commits[b5da6a4a-1459-46a4-9479-d2035163dbe2:c3309, 69c25b61-d669-4f17-b36d-41bca3df1f31:c3305, d2a7b1fa-fac6-4c6f-8c6d-9ac7414c70c3:c3303]
2019-07-14 04:23:49,667 INFO  client.GrpcClientProtocolClient (GrpcClientProtocolClient.java:onNext(255)) - client-8DB4338F17D0->b5da6a4a-1459-46a4-9479-d2035163dbe2: receive RaftClientReply:client-8DB4338F17D0->b5da6a4a-1459-46a4-9479-d2035163dbe2@group-4A9565783204, cid=2241, SUCCESS, logIndex=3312, commits[b5da6a4a-1459-46a4-9479-d2035163dbe2:c3313, 69c25b61-d669-4f17-b36d-41bca3df1f31:c3309, d2a7b1fa-fac6-4c6f-8c6d-9ac7414c70c3:c3311]
2019-07-14 04:23:49,667 INFO  client.GrpcClientProtocolClient (GrpcClientProtocolClient.java:onNext(255)) - client-8DB4338F17D0->b5da6a4a-1459-46a4-9479-d2035163dbe2: receive RaftClientReply:client-8DB4338F17D0->b5da6a4a-1459-46a4-9479-d2035163dbe2@group-4A9565783204, cid=2242, SUCCESS, logIndex=3313, commits[b5da6a4a-1459-46a4-9479-d2035163dbe2:c3313, 69c25b61-d669-4f17-b36d-41bca3df1f31:c3311, d2a7b1fa-fac6-4c6f-8c6d-9ac7414c70c3:c3311]
2019-07-14 04:23:49,672 INFO  client.GrpcClientProtocolClient (GrpcClientProtocolClient.java:onNext(255)) - client-8DB4338F17D0->b5da6a4a-1459-46a4-9479-d2035163dbe2: receive RaftClientReply:client-8DB4338F17D0->b5da6a4a-1459-46a4-9479-d2035163dbe2@group-4A9565783204, cid=2243, SUCCESS, logIndex=0, commits[b5da6a4a-1459-46a4-9479-d2035163dbe2:c3314, 69c25b61-d669-4f17-b36d-41bca3df1f31:c3313, d2a7b1fa-fac6-4c6f-8c6d-9ac7414c70c3:c3313]
2019-07-14 04:23:49,699 INFO  client.GrpcClientProtocolClient (GrpcClientProtocolClient.java:onNext(255)) - client-8DB4338F17D0->b5da6a4a-1459-46a4-9479-d2035163dbe2: receive RaftClientReply:client-8DB4338F17D0->b5da6a4a-1459-46a4-9479-d2035163dbe2@group-4A9565783204, cid=2244, SUCCESS, logIndex=3316, commits[b5da6a4a-1459-46a4-9479-d2035163dbe2:c3318, 69c25b61-d669-4f17-b36d-41bca3df1f31:c3315, d2a7b1fa-fac6-4c6f-8c6d-9ac7414c70c3:c3315]
2019-07-14 04:23:49,699 INFO  client.GrpcClientProtocolClient (GrpcClientProtocolClient.java:onNext(255)) - client-8DB4338F17D0->b5da6a4a-1459-46a4-9479-d2035163dbe2: receive RaftClientReply:client-8DB4338F17D0->b5da6a4a-1459-46a4-9479-d2035163dbe2@group-4A9565783204, cid=2245, SUCCESS, logIndex=3317, commits[b5da6a4a-1459-46a4-9479-d2035163dbe2:c3319, 69c25b61-d669-4f17-b36d-41bca3df1f31:c3315, d2a7b1fa-fac6-4c6f-8c6d-9ac7414c70c3:c3315]
2019-07-14 04:23:49,700 INFO  client.GrpcClientProtocolClient (GrpcClientProtocolClient.java:onNext(255)) - client-8DB4338F17D0->b5da6a4a-1459-46a4-9479-d2035163dbe2: receive RaftClientReply:client-8DB4338F17D0->b5da6a4a-1459-46a4-9479-d2035163dbe2@group-4A9565783204, cid=2246, SUCCESS, logIndex=3318, commits[b5da6a4a-1459-46a4-9479-d2035163dbe2:c3319, 69c25b61-d669-4f17-b36d-41bca3df1f31:c3315, d2a7b1fa-fac6-4c6f-8c6d-9ac7414c70c3:c3315]
2019-07-14 04:23:49,700 INFO  client.GrpcClientProtocolClient (GrpcClientProtocolClient.java:onNext(255)) - client-8DB4338F17D0->b5da6a4a-1459-46a4-9479-d2035163dbe2: receive RaftClientReply:client-8DB4338F17D0->b5da6a4a-1459-46a4-9479-d2035163dbe2@group-4A9565783204, cid=2247, SUCCESS, logIndex=3319, commits[b5da6a4a-1459-46a4-9479-d2035163dbe2:c3320, 69c25b61-d669-4f17-b36d-41bca3df1f31:c3315, d2a7b1fa-fac6-4c6f-8c6d-9ac7414c70c3:c3316]
2019-07-14 04:23:49,704 INFO  client.GrpcClientProtocolClient (GrpcClientProtocolClient.java:onNext(255)) - client-8DB4338F17D0->b5da6a4a-1459-46a4-9479-d2035163dbe2: receive RaftClientReply:client-8DB4338F17D0->b5da6a4a-1459-46a4-9479-d2035163dbe2@group-4A9565783204, cid=2248, SUCCESS, logIndex=0, commits[b5da6a4a-1459-46a4-9479-d2035163dbe2:c3323, 69c25b61-d669-4f17-b36d-41bca3df1f31:c3318, d2a7b1fa-fac6-4c6f-8c6d-9ac7414c70c3:c3319]
2019-07-14 04:23:49,724 INFO  client.GrpcClientProtocolClient (GrpcClientProtocolClient.java:onNext(255)) - client-8DB4338F17D0->b5da6a4a-1459-46a4-9479-d2035163dbe2: receive RaftClientReply:client-8DB4338F17D0->b5da6a4a-1459-46a4-9479-d2035163dbe2@group-4A9565783204, cid=2249, SUCCESS, logIndex=3324, commits[b5da6a4a-1459-46a4-9479-d2035163dbe2:c3325, 69c25b61-d669-4f17-b36d-41bca3df1f31:c3323, d2a7b1fa-fac6-4c6f-8c6d-9ac7414c70c3:c3323]
2019-07-14 04:23:49,724 INFO  client.GrpcClientProtocolClient (GrpcClientProtocolClient.java:onNext(255)) - client-8DB4338F17D0->b5da6a4a-1459-46a4-9479-d2035163dbe2: receive RaftClientReply:client-8DB4338F17D0->b5da6a4a-1459-46a4-9479-d2035163dbe2@group-4A9565783204, cid=2250, SUCCESS, logIndex=3325, commits[b5da6a4a-1459-46a4-9479-d2035163dbe2:c3325, 69c25b61-d669-4f17-b36d-41bca3df1f31:c3323, d2a7b1fa-fac6-4c6f-8c6d-9ac7414c70c3:c3323]
2019-07-14 04:23:49,743 INFO  client.GrpcClientProtocolClient (GrpcClientProtocolClient.java:onNext(255)) - client-8DB4338F17D0->b5da6a4a-1459-46a4-9479-d2035163dbe2: receive RaftClientReply:client-8DB4338F17D0->b5da6a4a-1459-46a4-9479-d2035163dbe2@group-4A9565783204, cid=2251, SUCCESS, logIndex=3328, commits[b5da6a4a-1459-46a4-9479-d2035163dbe2:c3329, 69c25b61-d669-4f17-b36d-41bca3df1f31:c3327, d2a7b1fa-fac6-4c6f-8c6d-9ac7414c70c3:c3327]
2019-07-14 04:23:49,743 INFO  client.GrpcClientProtocolClient (GrpcClientProtocolClient.java:onNext(255)) - client-8DB4338F17D0->b5da6a4a-1459-46a4-9479-d2035163dbe2: receive RaftClientReply:client-8DB4338F17D0->b5da6a4a-1459-46a4-9479-d2035163dbe2@group-4A9565783204, cid=2252, SUCCESS, logIndex=3329, commits[b5da6a4a-1459-46a4-9479-d2035163dbe2:c3329, 69c25b61-d669-4f17-b36d-41bca3df1f31:c3327, d2a7b1fa-fac6-4c6f-8c6d-9ac7414c70c3:c3327]
2019-07-14 04:23:49,756 INFO  client.GrpcClientProtocolClient (GrpcClientProtocolClient.java:onNext(255)) - client-8DB4338F17D0->b5da6a4a-1459-46a4-9479-d2035163dbe2: receive RaftClientReply:client-8DB4338F17D0->b5da6a4a-1459-46a4-9479-d2035163dbe2@group-4A9565783204, cid=2253, SUCCESS, logIndex=0, commits[b5da6a4a-1459-46a4-9479-d2035163dbe2:c3330, 69c25b61-d669-4f17-b36d-41bca3df1f31:c3329, d2a7b1fa-fac6-4c6f-8c6d-9ac7414c70c3:c3329]
2019-07-14 04:23:49,776 INFO  client.GrpcClientProtocolClient (GrpcClientProtocolClient.java:onNext(255)) - client-8DB4338F17D0->b5da6a4a-1459-46a4-9479-d2035163dbe2: receive RaftClientReply:client-8DB4338F17D0->b5da6a4a-1459-46a4-9479-d2035163dbe2@group-4A9565783204, cid=2254, SUCCESS, logIndex=3332, commits[b5da6a4a-1459-46a4-9479-d2035163dbe2:c3333, 69c25b61-d669-4f17-b36d-41bca3df1f31:c3329, d2a7b1fa-fac6-4c6f-8c6d-9ac7414c70c3:c3331]
2019-07-14 04:23:49,777 INFO  client.GrpcClientProtocolClient (GrpcClientProtocolClient.java:onNext(255)) - client-8DB4338F17D0->b5da6a4a-1459-46a4-9479-d2035163dbe2: receive RaftClientReply:client-8DB4338F17D0->b5da6a4a-1459-46a4-9479-d2035163dbe2@group-4A9565783204, cid=2255, SUCCESS, logIndex=3333, commits[b5da6a4a-1459-46a4-9479-d2035163dbe2:c3333, 69c25b61-d669-4f17-b36d-41bca3df1f31:c3329, d2a7b1fa-fac6-4c6f-8c6d-9ac7414c70c3:c3331]
2019-07-14 04:23:49,788 INFO  client.GrpcClientProtocolClient (GrpcClientProtocolClient.java:onNext(255)) - client-8DB4338F17D0->b5da6a4a-1459-46a4-9479-d2035163dbe2: receive RaftClientReply:client-8DB4338F17D0->b5da6a4a-1459-46a4-9479-d2035163dbe2@group-4A9565783204, cid=2256, SUCCESS, logIndex=3334, commits[b5da6a4a-1459-46a4-9479-d2035163dbe2:c3337, 69c25b61-d669-4f17-b36d-41bca3df1f31:c3331, d2a7b1fa-fac6-4c6f-8c6d-9ac7414c70c3:c3333]
2019-07-14 04:23:49,789 INFO  client.GrpcClientProtocolClient (GrpcClientProtocolClient.java:onNext(255)) - client-8DB4338F17D0->b5da6a4a-1459-46a4-9479-d2035163dbe2: receive RaftClientReply:client-8DB4338F17D0->b5da6a4a-1459-46a4-9479-d2035163dbe2@group-4A9565783204, cid=2257, SUCCESS, logIndex=3335, commits[b5da6a4a-1459-46a4-9479-d2035163dbe2:c3337, 69c25b61-d669-4f17-b36d-41bca3df1f31:c3331, d2a7b1fa-fac6-4c6f-8c6d-9ac7414c70c3:c3333]
2019-07-14 04:23:49,790 INFO  client.GrpcClientProtocolClient (GrpcClientProtocolClient.java:onNext(255)) - client-8DB4338F17D0->b5da6a4a-1459-46a4-9479-d2035163dbe2: receive RaftClientReply:client-8DB4338F17D0->b5da6a4a-1459-46a4-9479-d2035163dbe2@group-4A9565783204, cid=2258, SUCCESS, logIndex=0, commits[b5da6a4a-1459-46a4-9479-d2035163dbe2:c3338, 69c25b61-d669-4f17-b36d-41bca3df1f31:c3333, d2a7b1fa-fac6-4c6f-8c6d-9ac7414c70c3:c3335]
2019-07-14 04:23:49,811 INFO  client.GrpcClientProtocolClient (GrpcClientProtocolClient.java:onNext(255)) - client-8DB4338F17D0->b5da6a4a-1459-46a4-9479-d2035163dbe2: receive RaftClientReply:client-8DB4338F17D0->b5da6a4a-1459-46a4-9479-d2035163dbe2@group-4A9565783204, cid=2259, SUCCESS, logIndex=3340, commits[b5da6a4a-1459-46a4-9479-d2035163dbe2:c3341, 69c25b61-d669-4f17-b36d-41bca3df1f31:c3335, d2a7b1fa-fac6-4c6f-8c6d-9ac7414c70c3:c3339]
2019-07-14 04:23:49,811 INFO  client.GrpcClientProtocolClient (GrpcClientProtocolClient.java:onNext(255)) - client-8DB4338F17D0->b5da6a4a-1459-46a4-9479-d2035163dbe2: receive RaftClientReply:client-8DB4338F17D0->b5da6a4a-1459-46a4-9479-d2035163dbe2@group-4A9565783204, cid=2260, SUCCESS, logIndex=3341, commits[b5da6a4a-1459-46a4-9479-d2035163dbe2:c3341, 69c25b61-d669-4f17-b36d-41bca3df1f31:c3339, d2a7b1fa-fac6-4c6f-8c6d-9ac7414c70c3:c3339]
2019-07-14 04:23:49,825 INFO  client.GrpcClientProtocolClient (GrpcClientProtocolClient.java:onNext(255)) - client-8DB4338F17D0->b5da6a4a-1459-46a4-9479-d2035163dbe2: receive RaftClientReply:client-8DB4338F17D0->b5da6a4a-1459-46a4-9479-d2035163dbe2@group-4A9565783204, cid=2261, SUCCESS, logIndex=3344, commits[b5da6a4a-1459-46a4-9479-d2035163dbe2:c3345, 69c25b61-d669-4f17-b36d-41bca3df1f31:c3343, d2a7b1fa-fac6-4c6f-8c6d-9ac7414c70c3:c3343]
2019-07-14 04:23:49,826 INFO  client.GrpcClientProtocolClient (GrpcClientProtocolClient.java:onNext(255)) - client-8DB4338F17D0->b5da6a4a-1459-46a4-9479-d2035163dbe2: receive RaftClientReply:client-8DB4338F17D0->b5da6a4a-1459-46a4-9479-d2035163dbe2@group-4A9565783204, cid=2262, SUCCESS, logIndex=3345, commits[b5da6a4a-1459-46a4-9479-d2035163dbe2:c3345, 69c25b61-d669-4f17-b36d-41bca3df1f31:c3343, d2a7b1fa-fac6-4c6f-8c6d-9ac7414c70c3:c3343]
2019-07-14 04:23:49,828 INFO  client.GrpcClientProtocolClient (GrpcClientProtocolClient.java:onNext(255)) - client-8DB4338F17D0->b5da6a4a-1459-46a4-9479-d2035163dbe2: receive RaftClientReply:client-8DB4338F17D0->b5da6a4a-1459-46a4-9479-d2035163dbe2@group-4A9565783204, cid=2263, SUCCESS, logIndex=0, commits[b5da6a4a-1459-46a4-9479-d2035163dbe2:c3346, 69c25b61-d669-4f17-b36d-41bca3df1f31:c3345, d2a7b1fa-fac6-4c6f-8c6d-9ac7414c70c3:c3345]
2019-07-14 04:23:49,859 INFO  client.GrpcClientProtocolClient (GrpcClientProtocolClient.java:onNext(255)) - client-8DB4338F17D0->b5da6a4a-1459-46a4-9479-d2035163dbe2: receive RaftClientReply:client-8DB4338F17D0->b5da6a4a-1459-46a4-9479-d2035163dbe2@group-4A9565783204, cid=2264, SUCCESS, logIndex=3348, commits[b5da6a4a-1459-46a4-9479-d2035163dbe2:c3350, 69c25b61-d669-4f17-b36d-41bca3df1f31:c3347, d2a7b1fa-fac6-4c6f-8c6d-9ac7414c70c3:c3347]
2019-07-14 04:23:49,859 INFO  client.GrpcClientProtocolClient (GrpcClientProtocolClient.java:onNext(255)) - client-8DB4338F17D0->b5da6a4a-1459-46a4-9479-d2035163dbe2: receive RaftClientReply:client-8DB4338F17D0->b5da6a4a-1459-46a4-9479-d2035163dbe2@group-4A9565783204, cid=2265, SUCCESS, logIndex=3349, commits[b5da6a4a-1459-46a4-9479-d2035163dbe2:c3351, 69c25b61-d669-4f17-b36d-41bca3df1f31:c3347, d2a7b1fa-fac6-4c6f-8c6d-9ac7414c70c3:c3347]
2019-07-14 04:23:49,860 INFO  client.GrpcClientProtocolClient (GrpcClientProtocolClient.java:onNext(255)) - client-8DB4338F17D0->b5da6a4a-1459-46a4-9479-d2035163dbe2: receive RaftClientReply:client-8DB4338F17D0->b5da6a4a-1459-46a4-9479-d2035163dbe2@group-4A9565783204, cid=2266, SUCCESS, logIndex=3350, commits[b5da6a4a-1459-46a4-9479-d2035163dbe2:c3351, 69c25b61-d669-4f17-b36d-41bca3df1f31:c3347, d2a7b1fa-fac6-4c6f-8c6d-9ac7414c70c3:c3347]
2019-07-14 04:23:49,860 INFO  client.GrpcClientProtocolClient (GrpcClientProtocolClient.java:onNext(255)) - client-8DB4338F17D0->b5da6a4a-1459-46a4-9479-d2035163dbe2: receive RaftClientReply:client-8DB4338F17D0->b5da6a4a-1459-46a4-9479-d2035163dbe2@group-4A9565783204, cid=2267, SUCCESS, logIndex=3351, commits[b5da6a4a-1459-46a4-9479-d2035163dbe2:c3351, 69c25b61-d669-4f17-b36d-41bca3df1f31:c3347, d2a7b1fa-fac6-4c6f-8c6d-9ac7414c70c3:c3348]
2019-07-14 04:23:49,906 INFO  client.GrpcClientProtocolClient (GrpcClientProtocolClient.java:onNext(255)) - client-8DB4338F17D0->b5da6a4a-1459-46a4-9479-d2035163dbe2: receive RaftClientReply:client-8DB4338F17D0->b5da6a4a-1459-46a4-9479-d2035163dbe2@group-4A9565783204, cid=2268, SUCCESS, logIndex=0, commits[b5da6a4a-1459-46a4-9479-d2035163dbe2:c3355, 69c25b61-d669-4f17-b36d-41bca3df1f31:c3349, d2a7b1fa-fac6-4c6f-8c6d-9ac7414c70c3:c3351]
2019-07-14 04:23:49,919 INFO  client.GrpcClientProtocolClient (GrpcClientProtocolClient.java:onNext(255)) - client-8DB4338F17D0->b5da6a4a-1459-46a4-9479-d2035163dbe2: receive RaftClientReply:client-8DB4338F17D0->b5da6a4a-1459-46a4-9479-d2035163dbe2@group-4A9565783204, cid=2269, SUCCESS, logIndex=3356, commits[b5da6a4a-1459-46a4-9479-d2035163dbe2:c3357, 69c25b61-d669-4f17-b36d-41bca3df1f31:c3355, d2a7b1fa-fac6-4c6f-8c6d-9ac7414c70c3:c3355]
2019-07-14 04:23:49,920 INFO  client.GrpcClientProtocolClient (GrpcClientProtocolClient.java:onNext(255)) - client-8DB4338F17D0->b5da6a4a-1459-46a4-9479-d2035163dbe2: receive RaftClientReply:client-8DB4338F17D0->b5da6a4a-1459-46a4-9479-d2035163dbe2@group-4A9565783204, cid=2270, SUCCESS, logIndex=3357, commits[b5da6a4a-1459-46a4-9479-d2035163dbe2:c3357, 69c25b61-d669-4f17-b36d-41bca3df1f31:c3355, d2a7b1fa-fac6-4c6f-8c6d-9ac7414c70c3:c3355]
2019-07-14 04:23:49,933 INFO  client.GrpcClientProtocolClient (GrpcClientProtocolClient.java:onNext(255)) - client-8DB4338F17D0->b5da6a4a-1459-46a4-9479-d2035163dbe2: receive RaftClientReply:client-8DB4338F17D0->b5da6a4a-1459-46a4-9479-d2035163dbe2@group-4A9565783204, cid=2271, SUCCESS, logIndex=3360, commits[b5da6a4a-1459-46a4-9479-d2035163dbe2:c3361, 69c25b61-d669-4f17-b36d-41bca3df1f31:c3359, d2a7b1fa-fac6-4c6f-8c6d-9ac7414c70c3:c3359]
2019-07-14 04:23:49,933 INFO  client.GrpcClientProtocolClient (GrpcClientProtocolClient.java:onNext(255)) - client-8DB4338F17D0->b5da6a4a-1459-46a4-9479-d2035163dbe2: receive RaftClientReply:client-8DB4338F17D0->b5da6a4a-1459-46a4-9479-d2035163dbe2@group-4A9565783204, cid=2272, SUCCESS, logIndex=3361, commits[b5da6a4a-1459-46a4-9479-d2035163dbe2:c3361, 69c25b61-d669-4f17-b36d-41bca3df1f31:c3359, d2a7b1fa-fac6-4c6f-8c6d-9ac7414c70c3:c3359]
2019-07-14 04:23:49,937 INFO  client.GrpcClientProtocolClient (GrpcClientProtocolClient.java:onNext(255)) - client-8DB4338F17D0->b5da6a4a-1459-46a4-9479-d2035163dbe2: receive RaftClientReply:client-8DB4338F17D0->b5da6a4a-1459-46a4-9479-d2035163dbe2@group-4A9565783204, cid=2273, SUCCESS, logIndex=0, commits[b5da6a4a-1459-46a4-9479-d2035163dbe2:c3362, 69c25b61-d669-4f17-b36d-41bca3df1f31:c3361, d2a7b1fa-fac6-4c6f-8c6d-9ac7414c70c3:c3361]
2019-07-14 04:23:49,966 INFO  client.GrpcClientProtocolClient (GrpcClientProtocolClient.java:onNext(255)) - client-8DB4338F17D0->b5da6a4a-1459-46a4-9479-d2035163dbe2: receive RaftClientReply:client-8DB4338F17D0->b5da6a4a-1459-46a4-9479-d2035163dbe2@group-4A9565783204, cid=2274, SUCCESS, logIndex=3364, commits[b5da6a4a-1459-46a4-9479-d2035163dbe2:c3365, 69c25b61-d669-4f17-b36d-41bca3df1f31:c3363, d2a7b1fa-fac6-4c6f-8c6d-9ac7414c70c3:c3363]
2019-07-14 04:23:49,967 INFO  client.GrpcClientProtocolClient (GrpcClientProtocolClient.java:onNext(255)) - client-8DB4338F17D0->b5da6a4a-1459-46a4-9479-d2035163dbe2: receive RaftClientReply:client-8DB4338F17D0->b5da6a4a-1459-46a4-9479-d2035163dbe2@group-4A9565783204, cid=2275, SUCCESS, logIndex=3365, commits[b5da6a4a-1459-46a4-9479-d2035163dbe2:c3365, 69c25b61-d669-4f17-b36d-41bca3df1f31:c3363, d2a7b1fa-fac6-4c6f-8c6d-9ac7414c70c3:c3363]
2019-07-14 04:23:49,967 INFO  client.GrpcClientProtocolClient (GrpcClientProtocolClient.java:onNext(255)) - client-8DB4338F17D0->b5da6a4a-1459-46a4-9479-d2035163dbe2: receive RaftClientReply:client-8DB4338F17D0->b5da6a4a-1459-46a4-9479-d2035163dbe2@group-4A9565783204, cid=2276, SUCCESS, logIndex=3366, commits[b5da6a4a-1459-46a4-9479-d2035163dbe2:c3367, 69c25b61-d669-4f17-b36d-41bca3df1f31:c3363, d2a7b1fa-fac6-4c6f-8c6d-9ac7414c70c3:c3363]
2019-07-14 04:23:49,967 INFO  client.GrpcClientProtocolClient (GrpcClientProtocolClient.java:onNext(255)) - client-8DB4338F17D0->b5da6a4a-1459-46a4-9479-d2035163dbe2: receive RaftClientReply:client-8DB4338F17D0->b5da6a4a-1459-46a4-9479-d2035163dbe2@group-4A9565783204, cid=2277, SUCCESS, logIndex=3367, commits[b5da6a4a-1459-46a4-9479-d2035163dbe2:c3367, 69c25b61-d669-4f17-b36d-41bca3df1f31:c3363, d2a7b1fa-fac6-4c6f-8c6d-9ac7414c70c3:c3363]
2019-07-14 04:23:49,971 INFO  client.GrpcClientProtocolClient (GrpcClientProtocolClient.java:onNext(255)) - client-8DB4338F17D0->b5da6a4a-1459-46a4-9479-d2035163dbe2: receive RaftClientReply:client-8DB4338F17D0->b5da6a4a-1459-46a4-9479-d2035163dbe2@group-4A9565783204, cid=2278, SUCCESS, logIndex=0, commits[b5da6a4a-1459-46a4-9479-d2035163dbe2:c3369, 69c25b61-d669-4f17-b36d-41bca3df1f31:c3365, d2a7b1fa-fac6-4c6f-8c6d-9ac7414c70c3:c3365]
2019-07-14 04:23:49,990 INFO  client.GrpcClientProtocolClient (GrpcClientProtocolClient.java:onNext(255)) - client-8DB4338F17D0->b5da6a4a-1459-46a4-9479-d2035163dbe2: receive RaftClientReply:client-8DB4338F17D0->b5da6a4a-1459-46a4-9479-d2035163dbe2@group-4A9565783204, cid=2279, SUCCESS, logIndex=3372, commits[b5da6a4a-1459-46a4-9479-d2035163dbe2:c3373, 69c25b61-d669-4f17-b36d-41bca3df1f31:c3371, d2a7b1fa-fac6-4c6f-8c6d-9ac7414c70c3:c3371]
2019-07-14 04:23:49,991 INFO  client.GrpcClientProtocolClient (GrpcClientProtocolClient.java:onNext(255)) - client-8DB4338F17D0->b5da6a4a-1459-46a4-9479-d2035163dbe2: receive RaftClientReply:client-8DB4338F17D0->b5da6a4a-1459-46a4-9479-d2035163dbe2@group-4A9565783204, cid=2280, SUCCESS, logIndex=3373, commits[b5da6a4a-1459-46a4-9479-d2035163dbe2:c3373, 69c25b61-d669-4f17-b36d-41bca3df1f31:c3371, d2a7b1fa-fac6-4c6f-8c6d-9ac7414c70c3:c3371]
2019-07-14 04:23:50,019 INFO  client.GrpcClientProtocolClient (GrpcClientProtocolClient.java:onNext(255)) - client-8DB4338F17D0->b5da6a4a-1459-46a4-9479-d2035163dbe2: receive RaftClientReply:client-8DB4338F17D0->b5da6a4a-1459-46a4-9479-d2035163dbe2@group-4A9565783204, cid=2281, SUCCESS, logIndex=3376, commits[b5da6a4a-1459-46a4-9479-d2035163dbe2:c3377, 69c25b61-d669-4f17-b36d-41bca3df1f31:c3373, d2a7b1fa-fac6-4c6f-8c6d-9ac7414c70c3:c3373]
2019-07-14 04:23:50,019 INFO  client.GrpcClientProtocolClient (GrpcClientProtocolClient.java:onNext(255)) - client-8DB4338F17D0->b5da6a4a-1459-46a4-9479-d2035163dbe2: receive RaftClientReply:client-8DB4338F17D0->b5da6a4a-1459-46a4-9479-d2035163dbe2@group-4A9565783204, cid=2282, SUCCESS, logIndex=3377, commits[b5da6a4a-1459-46a4-9479-d2035163dbe2:c3377, 69c25b61-d669-4f17-b36d-41bca3df1f31:c3373, d2a7b1fa-fac6-4c6f-8c6d-9ac7414c70c3:c3373]
2019-07-14 04:23:50,032 INFO  client.GrpcClientProtocolClient (GrpcClientProtocolClient.java:onNext(255)) - client-8DB4338F17D0->b5da6a4a-1459-46a4-9479-d2035163dbe2: receive RaftClientReply:client-8DB4338F17D0->b5da6a4a-1459-46a4-9479-d2035163dbe2@group-4A9565783204, cid=2283, SUCCESS, logIndex=0, commits[b5da6a4a-1459-46a4-9479-d2035163dbe2:c3378, 69c25b61-d669-4f17-b36d-41bca3df1f31:c3377, d2a7b1fa-fac6-4c6f-8c6d-9ac7414c70c3:c3377]
2019-07-14 04:23:50,055 INFO  client.GrpcClientProtocolClient (GrpcClientProtocolClient.java:onNext(255)) - client-8DB4338F17D0->b5da6a4a-1459-46a4-9479-d2035163dbe2: receive RaftClientReply:client-8DB4338F17D0->b5da6a4a-1459-46a4-9479-d2035163dbe2@group-4A9565783204, cid=2284, SUCCESS, logIndex=3380, commits[b5da6a4a-1459-46a4-9479-d2035163dbe2:c3381, 69c25b61-d669-4f17-b36d-41bca3df1f31:c3377, d2a7b1fa-fac6-4c6f-8c6d-9ac7414c70c3:c3379]
2019-07-14 04:23:50,055 INFO  client.GrpcClientProtocolClient (GrpcClientProtocolClient.java:onNext(255)) - client-8DB4338F17D0->b5da6a4a-1459-46a4-9479-d2035163dbe2: receive RaftClientReply:client-8DB4338F17D0->b5da6a4a-1459-46a4-9479-d2035163dbe2@group-4A9565783204, cid=2285, SUCCESS, logIndex=3381, commits[b5da6a4a-1459-46a4-9479-d2035163dbe2:c3381, 69c25b61-d669-4f17-b36d-41bca3df1f31:c3377, d2a7b1fa-fac6-4c6f-8c6d-9ac7414c70c3:c3379]
2019-07-14 04:23:50,058 INFO  client.GrpcClientProtocolClient (GrpcClientProtocolClient.java:onNext(255)) - client-8DB4338F17D0->b5da6a4a-1459-46a4-9479-d2035163dbe2: receive RaftClientReply:client-8DB4338F17D0->b5da6a4a-1459-46a4-9479-d2035163dbe2@group-4A9565783204, cid=2286, SUCCESS, logIndex=3382, commits[b5da6a4a-1459-46a4-9479-d2035163dbe2:c3385, 69c25b61-d669-4f17-b36d-41bca3df1f31:c3381, d2a7b1fa-fac6-4c6f-8c6d-9ac7414c70c3:c3379]
2019-07-14 04:23:50,059 INFO  client.GrpcClientProtocolClient (GrpcClientProtocolClient.java:onNext(255)) - client-8DB4338F17D0->b5da6a4a-1459-46a4-9479-d2035163dbe2: receive RaftClientReply:client-8DB4338F17D0->b5da6a4a-1459-46a4-9479-d2035163dbe2@group-4A9565783204, cid=2287, SUCCESS, logIndex=3383, commits[b5da6a4a-1459-46a4-9479-d2035163dbe2:c3385, 69c25b61-d669-4f17-b36d-41bca3df1f31:c3381, d2a7b1fa-fac6-4c6f-8c6d-9ac7414c70c3:c3381]
2019-07-14 04:23:50,071 INFO  client.GrpcClientProtocolClient (GrpcClientProtocolClient.java:onNext(255)) - client-8DB4338F17D0->b5da6a4a-1459-46a4-9479-d2035163dbe2: receive RaftClientReply:client-8DB4338F17D0->b5da6a4a-1459-46a4-9479-d2035163dbe2@group-4A9565783204, cid=2288, SUCCESS, logIndex=3388, commits[b5da6a4a-1459-46a4-9479-d2035163dbe2:c3389, 69c25b61-d669-4f17-b36d-41bca3df1f31:c3387, d2a7b1fa-fac6-4c6f-8c6d-9ac7414c70c3:c3387]
2019-07-14 04:23:50,072 INFO  client.GrpcClientProtocolClient (GrpcClientProtocolClient.java:onNext(255)) - client-8DB4338F17D0->b5da6a4a-1459-46a4-9479-d2035163dbe2: receive RaftClientReply:client-8DB4338F17D0->b5da6a4a-1459-46a4-9479-d2035163dbe2@group-4A9565783204, cid=2289, SUCCESS, logIndex=3389, commits[b5da6a4a-1459-46a4-9479-d2035163dbe2:c3389, 69c25b61-d669-4f17-b36d-41bca3df1f31:c3387, d2a7b1fa-fac6-4c6f-8c6d-9ac7414c70c3:c3387]
2019-07-14 04:23:50,090 INFO  client.GrpcClientProtocolClient (GrpcClientProtocolClient.java:onNext(255)) - client-8DB4338F17D0->b5da6a4a-1459-46a4-9479-d2035163dbe2: receive RaftClientReply:client-8DB4338F17D0->b5da6a4a-1459-46a4-9479-d2035163dbe2@group-4A9565783204, cid=2290, SUCCESS, logIndex=3392, commits[b5da6a4a-1459-46a4-9479-d2035163dbe2:c3393, 69c25b61-d669-4f17-b36d-41bca3df1f31:c3391, d2a7b1fa-fac6-4c6f-8c6d-9ac7414c70c3:c3391]
2019-07-14 04:23:50,090 INFO  client.GrpcClientProtocolClient (GrpcClientProtocolClient.java:onNext(255)) - client-8DB4338F17D0->b5da6a4a-1459-46a4-9479-d2035163dbe2: receive RaftClientReply:client-8DB4338F17D0->b5da6a4a-1459-46a4-9479-d2035163dbe2@group-4A9565783204, cid=2291, SUCCESS, logIndex=3393, commits[b5da6a4a-1459-46a4-9479-d2035163dbe2:c3393, 69c25b61-d669-4f17-b36d-41bca3df1f31:c3391, d2a7b1fa-fac6-4c6f-8c6d-9ac7414c70c3:c3391]
2019-07-14 04:23:50,093 INFO  client.GrpcClientProtocolClient (GrpcClientProtocolClient.java:onNext(255)) - client-8DB4338F17D0->b5da6a4a-1459-46a4-9479-d2035163dbe2: receive RaftClientReply:client-8DB4338F17D0->b5da6a4a-1459-46a4-9479-d2035163dbe2@group-4A9565783204, cid=2292, SUCCESS, logIndex=0, commits[b5da6a4a-1459-46a4-9479-d2035163dbe2:c3395, 69c25b61-d669-4f17-b36d-41bca3df1f31:c3393, d2a7b1fa-fac6-4c6f-8c6d-9ac7414c70c3:c3393]
2019-07-14 04:23:50,119 INFO  client.GrpcClientProtocolClient (GrpcClientProtocolClient.java:onNext(255)) - client-8DB4338F17D0->b5da6a4a-1459-46a4-9479-d2035163dbe2: receive RaftClientReply:client-8DB4338F17D0->b5da6a4a-1459-46a4-9479-d2035163dbe2@group-4A9565783204, cid=2293, SUCCESS, logIndex=3396, commits[b5da6a4a-1459-46a4-9479-d2035163dbe2:c3397, 69c25b61-d669-4f17-b36d-41bca3df1f31:c3393, d2a7b1fa-fac6-4c6f-8c6d-9ac7414c70c3:c3395]
2019-07-14 04:23:50,120 INFO  client.GrpcClientProtocolClient (GrpcClientProtocolClient.java:onNext(255)) - client-8DB4338F17D0->b5da6a4a-1459-46a4-9479-d2035163dbe2: receive RaftClientReply:client-8DB4338F17D0->b5da6a4a-1459-46a4-9479-d2035163dbe2@group-4A9565783204, cid=2294, SUCCESS, logIndex=3397, commits[b5da6a4a-1459-46a4-9479-d2035163dbe2:c3397, 69c25b61-d669-4f17-b36d-41bca3df1f31:c3395, d2a7b1fa-fac6-4c6f-8c6d-9ac7414c70c3:c3395]
2019-07-14 04:23:50,120 INFO  client.GrpcClientProtocolClient (GrpcClientProtocolClient.java:onNext(255)) - client-8DB4338F17D0->b5da6a4a-1459-46a4-9479-d2035163dbe2: receive RaftClientReply:client-8DB4338F17D0->b5da6a4a-1459-46a4-9479-d2035163dbe2@group-4A9565783204, cid=2295, SUCCESS, logIndex=3398, commits[b5da6a4a-1459-46a4-9479-d2035163dbe2:c3399, 69c25b61-d669-4f17-b36d-41bca3df1f31:c3395, d2a7b1fa-fac6-4c6f-8c6d-9ac7414c70c3:c3395]
2019-07-14 04:23:50,120 INFO  client.GrpcClientProtocolClient (GrpcClientProtocolClient.java:onNext(255)) - client-8DB4338F17D0->b5da6a4a-1459-46a4-9479-d2035163dbe2: receive RaftClientReply:client-8DB4338F17D0->b5da6a4a-1459-46a4-9479-d2035163dbe2@group-4A9565783204, cid=2296, SUCCESS, logIndex=3399, commits[b5da6a4a-1459-46a4-9479-d2035163dbe2:c3399, 69c25b61-d669-4f17-b36d-41bca3df1f31:c3395, d2a7b1fa-fac6-4c6f-8c6d-9ac7414c70c3:c3395]
2019-07-14 04:23:50,124 INFO  client.GrpcClientProtocolClient (GrpcClientProtocolClient.java:onNext(255)) - client-8DB4338F17D0->b5da6a4a-1459-46a4-9479-d2035163dbe2: receive RaftClientReply:client-8DB4338F17D0->b5da6a4a-1459-46a4-9479-d2035163dbe2@group-4A9565783204, cid=2297, SUCCESS, logIndex=0, commits[b5da6a4a-1459-46a4-9479-d2035163dbe2:c3401, 69c25b61-d669-4f17-b36d-41bca3df1f31:c3397, d2a7b1fa-fac6-4c6f-8c6d-9ac7414c70c3:c3397]
2019-07-14 04:23:50,228 INFO  client.GrpcClientProtocolClient (GrpcClientProtocolClient.java:onNext(255)) - client-8DB4338F17D0->b5da6a4a-1459-46a4-9479-d2035163dbe2: receive RaftClientReply:client-8DB4338F17D0->b5da6a4a-1459-46a4-9479-d2035163dbe2@group-4A9565783204, cid=2298, SUCCESS, logIndex=3404, commits[b5da6a4a-1459-46a4-9479-d2035163dbe2:c3405, 69c25b61-d669-4f17-b36d-41bca3df1f31:c3399, d2a7b1fa-fac6-4c6f-8c6d-9ac7414c70c3:c3403]
2019-07-14 04:23:50,228 INFO  client.GrpcClientProtocolClient (GrpcClientProtocolClient.java:onNext(255)) - client-8DB4338F17D0->b5da6a4a-1459-46a4-9479-d2035163dbe2: receive RaftClientReply:client-8DB4338F17D0->b5da6a4a-1459-46a4-9479-d2035163dbe2@group-4A9565783204, cid=2299, SUCCESS, logIndex=3405, commits[b5da6a4a-1459-46a4-9479-d2035163dbe2:c3405, 69c25b61-d669-4f17-b36d-41bca3df1f31:c3399, d2a7b1fa-fac6-4c6f-8c6d-9ac7414c70c3:c3403]
2019-07-14 04:23:50,243 INFO  client.GrpcClientProtocolClient (GrpcClientProtocolClient.java:onNext(255)) - client-8DB4338F17D0->b5da6a4a-1459-46a4-9479-d2035163dbe2: receive RaftClientReply:client-8DB4338F17D0->b5da6a4a-1459-46a4-9479-d2035163dbe2@group-4A9565783204, cid=2300, SUCCESS, logIndex=3408, commits[b5da6a4a-1459-46a4-9479-d2035163dbe2:c3409, 69c25b61-d669-4f17-b36d-41bca3df1f31:c3407, d2a7b1fa-fac6-4c6f-8c6d-9ac7414c70c3:c3407]
2019-07-14 04:23:50,244 INFO  client.GrpcClientProtocolClient (GrpcClientProtocolClient.java:onNext(255)) - client-8DB4338F17D0->b5da6a4a-1459-46a4-9479-d2035163dbe2: receive RaftClientReply:client-8DB4338F17D0->b5da6a4a-1459-46a4-9479-d2035163dbe2@group-4A9565783204, cid=2301, SUCCESS, logIndex=3409, commits[b5da6a4a-1459-46a4-9479-d2035163dbe2:c3409, 69c25b61-d669-4f17-b36d-41bca3df1f31:c3407, d2a7b1fa-fac6-4c6f-8c6d-9ac7414c70c3:c3407]
2019-07-14 04:23:50,247 INFO  client.GrpcClientProtocolClient (GrpcClientProtocolClient.java:onNext(255)) - client-8DB4338F17D0->b5da6a4a-1459-46a4-9479-d2035163dbe2: receive RaftClientReply:client-8DB4338F17D0->b5da6a4a-1459-46a4-9479-d2035163dbe2@group-4A9565783204, cid=2302, SUCCESS, logIndex=0, commits[b5da6a4a-1459-46a4-9479-d2035163dbe2:c3411, 69c25b61-d669-4f17-b36d-41bca3df1f31:c3409, d2a7b1fa-fac6-4c6f-8c6d-9ac7414c70c3:c3409]
 0.00% |█                                                                                                    |  0/1 Time: 0:00:152019-07-14 04:23:50,277 INFO  client.GrpcClientProtocolClient (GrpcClientProtocolClient.java:onNext(255)) - client-8DB4338F17D0->b5da6a4a-1459-46a4-9479-d2035163dbe2: receive RaftClientReply:client-8DB4338F17D0->b5da6a4a-1459-46a4-9479-d2035163dbe2@group-4A9565783204, cid=2303, SUCCESS, logIndex=3412, commits[b5da6a4a-1459-46a4-9479-d2035163dbe2:c3413, 69c25b61-d669-4f17-b36d-41bca3df1f31:c3411, d2a7b1fa-fac6-4c6f-8c6d-9ac7414c70c3:c3411]
2019-07-14 04:23:50,278 INFO  client.GrpcClientProtocolClient (GrpcClientProtocolClient.java:onNext(255)) - client-8DB4338F17D0->b5da6a4a-1459-46a4-9479-d2035163dbe2: receive RaftClientReply:client-8DB4338F17D0->b5da6a4a-1459-46a4-9479-d2035163dbe2@group-4A9565783204, cid=2304, SUCCESS, logIndex=3413, commits[b5da6a4a-1459-46a4-9479-d2035163dbe2:c3415, 69c25b61-d669-4f17-b36d-41bca3df1f31:c3411, d2a7b1fa-fac6-4c6f-8c6d-9ac7414c70c3:c3411]
2019-07-14 04:23:50,279 INFO  client.GrpcClientProtocolClient (GrpcClientProtocolClient.java:onNext(255)) - client-8DB4338F17D0->b5da6a4a-1459-46a4-9479-d2035163dbe2: receive RaftClientReply:client-8DB4338F17D0->b5da6a4a-1459-46a4-9479-d2035163dbe2@group-4A9565783204, cid=2305, SUCCESS, logIndex=3414, commits[b5da6a4a-1459-46a4-9479-d2035163dbe2:c3415, 69c25b61-d669-4f17-b36d-41bca3df1f31:c3411, d2a7b1fa-fac6-4c6f-8c6d-9ac7414c70c3:c3411]
2019-07-14 04:23:50,279 INFO  client.GrpcClientProtocolClient (GrpcClientProtocolClient.java:onNext(255)) - client-8DB4338F17D0->b5da6a4a-1459-46a4-9479-d2035163dbe2: receive RaftClientReply:client-8DB4338F17D0->b5da6a4a-1459-46a4-9479-d2035163dbe2@group-4A9565783204, cid=2306, SUCCESS, logIndex=3415, commits[b5da6a4a-1459-46a4-9479-d2035163dbe2:c3415, 69c25b61-d669-4f17-b36d-41bca3df1f31:c3411, d2a7b1fa-fac6-4c6f-8c6d-9ac7414c70c3:c3411]
2019-07-14 04:23:50,282 INFO  client.GrpcClientProtocolClient (GrpcClientProtocolClient.java:onNext(255)) - client-8DB4338F17D0->b5da6a4a-1459-46a4-9479-d2035163dbe2: receive RaftClientReply:client-8DB4338F17D0->b5da6a4a-1459-46a4-9479-d2035163dbe2@group-4A9565783204, cid=2307, SUCCESS, logIndex=0, commits[b5da6a4a-1459-46a4-9479-d2035163dbe2:c3417, 69c25b61-d669-4f17-b36d-41bca3df1f31:c3413, d2a7b1fa-fac6-4c6f-8c6d-9ac7414c70c3:c3413]
2019-07-14 04:23:50,296 INFO  client.GrpcClientProtocolClient (GrpcClientProtocolClient.java:onNext(255)) - client-8DB4338F17D0->b5da6a4a-1459-46a4-9479-d2035163dbe2: receive RaftClientReply:client-8DB4338F17D0->b5da6a4a-1459-46a4-9479-d2035163dbe2@group-4A9565783204, cid=2308, SUCCESS, logIndex=3420, commits[b5da6a4a-1459-46a4-9479-d2035163dbe2:c3421, 69c25b61-d669-4f17-b36d-41bca3df1f31:c3419, d2a7b1fa-fac6-4c6f-8c6d-9ac7414c70c3:c3419]
2019-07-14 04:23:50,297 INFO  client.GrpcClientProtocolClient (GrpcClientProtocolClient.java:onNext(255)) - client-8DB4338F17D0->b5da6a4a-1459-46a4-9479-d2035163dbe2: receive RaftClientReply:client-8DB4338F17D0->b5da6a4a-1459-46a4-9479-d2035163dbe2@group-4A9565783204, cid=2309, SUCCESS, logIndex=3421, commits[b5da6a4a-1459-46a4-9479-d2035163dbe2:c3421, 69c25b61-d669-4f17-b36d-41bca3df1f31:c3419, d2a7b1fa-fac6-4c6f-8c6d-9ac7414c70c3:c3419]
2019-07-14 04:23:50,319 INFO  client.GrpcClientProtocolClient (GrpcClientProtocolClient.java:onNext(255)) - client-8DB4338F17D0->b5da6a4a-1459-46a4-9479-d2035163dbe2: receive RaftClientReply:client-8DB4338F17D0->b5da6a4a-1459-46a4-9479-d2035163dbe2@group-4A9565783204, cid=2310, SUCCESS, logIndex=3424, commits[b5da6a4a-1459-46a4-9479-d2035163dbe2:c3425, 69c25b61-d669-4f17-b36d-41bca3df1f31:c3423, d2a7b1fa-fac6-4c6f-8c6d-9ac7414c70c3:c3423]
2019-07-14 04:23:50,319 INFO  client.GrpcClientProtocolClient (GrpcClientProtocolClient.java:onNext(255)) - client-8DB4338F17D0->b5da6a4a-1459-46a4-9479-d2035163dbe2: receive RaftClientReply:client-8DB4338F17D0->b5da6a4a-1459-46a4-9479-d2035163dbe2@group-4A9565783204, cid=2311, SUCCESS, logIndex=3425, commits[b5da6a4a-1459-46a4-9479-d2035163dbe2:c3425, 69c25b61-d669-4f17-b36d-41bca3df1f31:c3423, d2a7b1fa-fac6-4c6f-8c6d-9ac7414c70c3:c3423]
2019-07-14 04:23:50,323 INFO  client.GrpcClientProtocolClient (GrpcClientProtocolClient.java:onNext(255)) - client-8DB4338F17D0->b5da6a4a-1459-46a4-9479-d2035163dbe2: receive RaftClientReply:client-8DB4338F17D0->b5da6a4a-1459-46a4-9479-d2035163dbe2@group-4A9565783204, cid=2312, SUCCESS, logIndex=0, commits[b5da6a4a-1459-46a4-9479-d2035163dbe2:c3427, 69c25b61-d669-4f17-b36d-41bca3df1f31:c3425, d2a7b1fa-fac6-4c6f-8c6d-9ac7414c70c3:c3425]
2019-07-14 04:23:50,344 INFO  client.GrpcClientProtocolClient (GrpcClientProtocolClient.java:onNext(255)) - client-8DB4338F17D0->b5da6a4a-1459-46a4-9479-d2035163dbe2: receive RaftClientReply:client-8DB4338F17D0->b5da6a4a-1459-46a4-9479-d2035163dbe2@group-4A9565783204, cid=2313, SUCCESS, logIndex=3428, commits[b5da6a4a-1459-46a4-9479-d2035163dbe2:c3429, 69c25b61-d669-4f17-b36d-41bca3df1f31:c3427, d2a7b1fa-fac6-4c6f-8c6d-9ac7414c70c3:c3427]
2019-07-14 04:23:50,345 INFO  client.GrpcClientProtocolClient (GrpcClientProtocolClient.java:onNext(255)) - client-8DB4338F17D0->b5da6a4a-1459-46a4-9479-d2035163dbe2: receive RaftClientReply:client-8DB4338F17D0->b5da6a4a-1459-46a4-9479-d2035163dbe2@group-4A9565783204, cid=2314, SUCCESS, logIndex=3429, commits[b5da6a4a-1459-46a4-9479-d2035163dbe2:c3429, 69c25b61-d669-4f17-b36d-41bca3df1f31:c3427, d2a7b1fa-fac6-4c6f-8c6d-9ac7414c70c3:c3427]
2019-07-14 04:23:50,346 INFO  client.GrpcClientProtocolClient (GrpcClientProtocolClient.java:onNext(255)) - client-8DB4338F17D0->b5da6a4a-1459-46a4-9479-d2035163dbe2: receive RaftClientReply:client-8DB4338F17D0->b5da6a4a-1459-46a4-9479-d2035163dbe2@group-4A9565783204, cid=2315, SUCCESS, logIndex=3430, commits[b5da6a4a-1459-46a4-9479-d2035163dbe2:c3432, 69c25b61-d669-4f17-b36d-41bca3df1f31:c3429, d2a7b1fa-fac6-4c6f-8c6d-9ac7414c70c3:c3427]
2019-07-14 04:23:50,347 INFO  client.GrpcClientProtocolClient (GrpcClientProtocolClient.java:onNext(255)) - client-8DB4338F17D0->b5da6a4a-1459-46a4-9479-d2035163dbe2: receive RaftClientReply:client-8DB4338F17D0->b5da6a4a-1459-46a4-9479-d2035163dbe2@group-4A9565783204, cid=2316, SUCCESS, logIndex=3431, commits[b5da6a4a-1459-46a4-9479-d2035163dbe2:c3433, 69c25b61-d669-4f17-b36d-41bca3df1f31:c3429, d2a7b1fa-fac6-4c6f-8c6d-9ac7414c70c3:c3427]
2019-07-14 04:23:50,348 INFO  client.GrpcClientProtocolClient (GrpcClientProtocolClient.java:onNext(255)) - client-8DB4338F17D0->b5da6a4a-1459-46a4-9479-d2035163dbe2: receive RaftClientReply:client-8DB4338F17D0->b5da6a4a-1459-46a4-9479-d2035163dbe2@group-4A9565783204, cid=2317, SUCCESS, logIndex=0, commits[b5da6a4a-1459-46a4-9479-d2035163dbe2:c3433, 69c25b61-d669-4f17-b36d-41bca3df1f31:c3429, d2a7b1fa-fac6-4c6f-8c6d-9ac7414c70c3:c3429]
2019-07-14 04:23:50,361 INFO  client.GrpcClientProtocolClient (GrpcClientProtocolClient.java:onNext(255)) - client-8DB4338F17D0->b5da6a4a-1459-46a4-9479-d2035163dbe2: receive RaftClientReply:client-8DB4338F17D0->b5da6a4a-1459-46a4-9479-d2035163dbe2@group-4A9565783204, cid=2318, SUCCESS, logIndex=3436, commits[b5da6a4a-1459-46a4-9479-d2035163dbe2:c3437, 69c25b61-d669-4f17-b36d-41bca3df1f31:c3435, d2a7b1fa-fac6-4c6f-8c6d-9ac7414c70c3:c3435]
2019-07-14 04:23:50,361 INFO  client.GrpcClientProtocolClient (GrpcClientProtocolClient.java:onNext(255)) - client-8DB4338F17D0->b5da6a4a-1459-46a4-9479-d2035163dbe2: receive RaftClientReply:client-8DB4338F17D0->b5da6a4a-1459-46a4-9479-d2035163dbe2@group-4A9565783204, cid=2319, SUCCESS, logIndex=3437, commits[b5da6a4a-1459-46a4-9479-d2035163dbe2:c3437, 69c25b61-d669-4f17-b36d-41bca3df1f31:c3435, d2a7b1fa-fac6-4c6f-8c6d-9ac7414c70c3:c3435]
2019-07-14 04:23:50,379 INFO  client.GrpcClientProtocolClient (GrpcClientProtocolClient.java:onNext(255)) - client-8DB4338F17D0->b5da6a4a-1459-46a4-9479-d2035163dbe2: receive RaftClientReply:client-8DB4338F17D0->b5da6a4a-1459-46a4-9479-d2035163dbe2@group-4A9565783204, cid=2320, SUCCESS, logIndex=3440, commits[b5da6a4a-1459-46a4-9479-d2035163dbe2:c3441, 69c25b61-d669-4f17-b36d-41bca3df1f31:c3439, d2a7b1fa-fac6-4c6f-8c6d-9ac7414c70c3:c3439]
2019-07-14 04:23:50,379 INFO  client.GrpcClientProtocolClient (GrpcClientProtocolClient.java:onNext(255)) - client-8DB4338F17D0->b5da6a4a-1459-46a4-9479-d2035163dbe2: receive RaftClientReply:client-8DB4338F17D0->b5da6a4a-1459-46a4-9479-d2035163dbe2@group-4A9565783204, cid=2321, SUCCESS, logIndex=3441, commits[b5da6a4a-1459-46a4-9479-d2035163dbe2:c3441, 69c25b61-d669-4f17-b36d-41bca3df1f31:c3439, d2a7b1fa-fac6-4c6f-8c6d-9ac7414c70c3:c3439]
2019-07-14 04:23:50,384 INFO  client.GrpcClientProtocolClient (GrpcClientProtocolClient.java:onNext(255)) - client-8DB4338F17D0->b5da6a4a-1459-46a4-9479-d2035163dbe2: receive RaftClientReply:client-8DB4338F17D0->b5da6a4a-1459-46a4-9479-d2035163dbe2@group-4A9565783204, cid=2322, SUCCESS, logIndex=0, commits[b5da6a4a-1459-46a4-9479-d2035163dbe2:c3443, 69c25b61-d669-4f17-b36d-41bca3df1f31:c3441, d2a7b1fa-fac6-4c6f-8c6d-9ac7414c70c3:c3441]
2019-07-14 04:23:50,403 INFO  client.GrpcClientProtocolClient (GrpcClientProtocolClient.java:onNext(255)) - client-8DB4338F17D0->b5da6a4a-1459-46a4-9479-d2035163dbe2: receive RaftClientReply:client-8DB4338F17D0->b5da6a4a-1459-46a4-9479-d2035163dbe2@group-4A9565783204, cid=2323, SUCCESS, logIndex=3444, commits[b5da6a4a-1459-46a4-9479-d2035163dbe2:c3445, 69c25b61-d669-4f17-b36d-41bca3df1f31:c3441, d2a7b1fa-fac6-4c6f-8c6d-9ac7414c70c3:c3443]
2019-07-14 04:23:50,403 INFO  client.GrpcClientProtocolClient (GrpcClientProtocolClient.java:onNext(255)) - client-8DB4338F17D0->b5da6a4a-1459-46a4-9479-d2035163dbe2: receive RaftClientReply:client-8DB4338F17D0->b5da6a4a-1459-46a4-9479-d2035163dbe2@group-4A9565783204, cid=2324, SUCCESS, logIndex=3445, commits[b5da6a4a-1459-46a4-9479-d2035163dbe2:c3445, 69c25b61-d669-4f17-b36d-41bca3df1f31:c3441, d2a7b1fa-fac6-4c6f-8c6d-9ac7414c70c3:c3443]
2019-07-14 04:23:50,405 INFO  client.GrpcClientProtocolClient (GrpcClientProtocolClient.java:onNext(255)) - client-8DB4338F17D0->b5da6a4a-1459-46a4-9479-d2035163dbe2: receive RaftClientReply:client-8DB4338F17D0->b5da6a4a-1459-46a4-9479-d2035163dbe2@group-4A9565783204, cid=2325, SUCCESS, logIndex=3446, commits[b5da6a4a-1459-46a4-9479-d2035163dbe2:c3446, 69c25b61-d669-4f17-b36d-41bca3df1f31:c3443, d2a7b1fa-fac6-4c6f-8c6d-9ac7414c70c3:c3443]
2019-07-14 04:23:50,406 INFO  client.GrpcClientProtocolClient (GrpcClientProtocolClient.java:onNext(255)) - client-8DB4338F17D0->b5da6a4a-1459-46a4-9479-d2035163dbe2: receive RaftClientReply:client-8DB4338F17D0->b5da6a4a-1459-46a4-9479-d2035163dbe2@group-4A9565783204, cid=2326, SUCCESS, logIndex=3447, commits[b5da6a4a-1459-46a4-9479-d2035163dbe2:c3447, 69c25b61-d669-4f17-b36d-41bca3df1f31:c3445, d2a7b1fa-fac6-4c6f-8c6d-9ac7414c70c3:c3443]
2019-07-14 04:23:50,406 INFO  client.GrpcClientProtocolClient (GrpcClientProtocolClient.java:onNext(255)) - client-8DB4338F17D0->b5da6a4a-1459-46a4-9479-d2035163dbe2: receive RaftClientReply:client-8DB4338F17D0->b5da6a4a-1459-46a4-9479-d2035163dbe2@group-4A9565783204, cid=2327, SUCCESS, logIndex=0, commits[b5da6a4a-1459-46a4-9479-d2035163dbe2:c3449, 69c25b61-d669-4f17-b36d-41bca3df1f31:c3445, d2a7b1fa-fac6-4c6f-8c6d-9ac7414c70c3:c3445]
2019-07-14 04:23:50,416 INFO  client.GrpcClientProtocolClient (GrpcClientProtocolClient.java:onNext(255)) - client-8DB4338F17D0->b5da6a4a-1459-46a4-9479-d2035163dbe2: receive RaftClientReply:client-8DB4338F17D0->b5da6a4a-1459-46a4-9479-d2035163dbe2@group-4A9565783204, cid=2328, SUCCESS, logIndex=3452, commits[b5da6a4a-1459-46a4-9479-d2035163dbe2:c3453, 69c25b61-d669-4f17-b36d-41bca3df1f31:c3451, d2a7b1fa-fac6-4c6f-8c6d-9ac7414c70c3:c3451]
2019-07-14 04:23:50,417 INFO  client.GrpcClientProtocolClient (GrpcClientProtocolClient.java:onNext(255)) - client-8DB4338F17D0->b5da6a4a-1459-46a4-9479-d2035163dbe2: receive RaftClientReply:client-8DB4338F17D0->b5da6a4a-1459-46a4-9479-d2035163dbe2@group-4A9565783204, cid=2329, SUCCESS, logIndex=3453, commits[b5da6a4a-1459-46a4-9479-d2035163dbe2:c3453, 69c25b61-d669-4f17-b36d-41bca3df1f31:c3451, d2a7b1fa-fac6-4c6f-8c6d-9ac7414c70c3:c3451]
2019-07-14 04:23:50,430 INFO  client.GrpcClientProtocolClient (GrpcClientProtocolClient.java:onNext(255)) - client-8DB4338F17D0->b5da6a4a-1459-46a4-9479-d2035163dbe2: receive RaftClientReply:client-8DB4338F17D0->b5da6a4a-1459-46a4-9479-d2035163dbe2@group-4A9565783204, cid=2330, SUCCESS, logIndex=3456, commits[b5da6a4a-1459-46a4-9479-d2035163dbe2:c3457, 69c25b61-d669-4f17-b36d-41bca3df1f31:c3453, d2a7b1fa-fac6-4c6f-8c6d-9ac7414c70c3:c3453]
2019-07-14 04:23:50,430 INFO  client.GrpcClientProtocolClient (GrpcClientProtocolClient.java:onNext(255)) - client-8DB4338F17D0->b5da6a4a-1459-46a4-9479-d2035163dbe2: receive RaftClientReply:client-8DB4338F17D0->b5da6a4a-1459-46a4-9479-d2035163dbe2@group-4A9565783204, cid=2331, SUCCESS, logIndex=3457, commits[b5da6a4a-1459-46a4-9479-d2035163dbe2:c3457, 69c25b61-d669-4f17-b36d-41bca3df1f31:c3453, d2a7b1fa-fac6-4c6f-8c6d-9ac7414c70c3:c3453]
2019-07-14 04:23:50,444 INFO  client.GrpcClientProtocolClient (GrpcClientProtocolClient.java:onNext(255)) - client-8DB4338F17D0->b5da6a4a-1459-46a4-9479-d2035163dbe2: receive RaftClientReply:client-8DB4338F17D0->b5da6a4a-1459-46a4-9479-d2035163dbe2@group-4A9565783204, cid=2332, SUCCESS, logIndex=0, commits[b5da6a4a-1459-46a4-9479-d2035163dbe2:c3458, 69c25b61-d669-4f17-b36d-41bca3df1f31:c3457, d2a7b1fa-fac6-4c6f-8c6d-9ac7414c70c3:c3457]
2019-07-14 04:23:50,474 INFO  client.GrpcClientProtocolClient (GrpcClientProtocolClient.java:onNext(255)) - client-8DB4338F17D0->b5da6a4a-1459-46a4-9479-d2035163dbe2: receive RaftClientReply:client-8DB4338F17D0->b5da6a4a-1459-46a4-9479-d2035163dbe2@group-4A9565783204, cid=2333, SUCCESS, logIndex=3460, commits[b5da6a4a-1459-46a4-9479-d2035163dbe2:c3462, 69c25b61-d669-4f17-b36d-41bca3df1f31:c3459, d2a7b1fa-fac6-4c6f-8c6d-9ac7414c70c3:c3459]
2019-07-14 04:23:50,474 INFO  client.GrpcClientProtocolClient (GrpcClientProtocolClient.java:onNext(255)) - client-8DB4338F17D0->b5da6a4a-1459-46a4-9479-d2035163dbe2: receive RaftClientReply:client-8DB4338F17D0->b5da6a4a-1459-46a4-9479-d2035163dbe2@group-4A9565783204, cid=2334, SUCCESS, logIndex=3461, commits[b5da6a4a-1459-46a4-9479-d2035163dbe2:c3463, 69c25b61-d669-4f17-b36d-41bca3df1f31:c3459, d2a7b1fa-fac6-4c6f-8c6d-9ac7414c70c3:c3459]
2019-07-14 04:23:50,474 INFO  client.GrpcClientProtocolClient (GrpcClientProtocolClient.java:onNext(255)) - client-8DB4338F17D0->b5da6a4a-1459-46a4-9479-d2035163dbe2: receive RaftClientReply:client-8DB4338F17D0->b5da6a4a-1459-46a4-9479-d2035163dbe2@group-4A9565783204, cid=2335, SUCCESS, logIndex=3462, commits[b5da6a4a-1459-46a4-9479-d2035163dbe2:c3463, 69c25b61-d669-4f17-b36d-41bca3df1f31:c3459, d2a7b1fa-fac6-4c6f-8c6d-9ac7414c70c3:c3459]
2019-07-14 04:23:50,474 INFO  client.GrpcClientProtocolClient (GrpcClientProtocolClient.java:onNext(255)) - client-8DB4338F17D0->b5da6a4a-1459-46a4-9479-d2035163dbe2: receive RaftClientReply:client-8DB4338F17D0->b5da6a4a-1459-46a4-9479-d2035163dbe2@group-4A9565783204, cid=2336, SUCCESS, logIndex=3463, commits[b5da6a4a-1459-46a4-9479-d2035163dbe2:c3463, 69c25b61-d669-4f17-b36d-41bca3df1f31:c3459, d2a7b1fa-fac6-4c6f-8c6d-9ac7414c70c3:c3459]
2019-07-14 04:23:50,480 INFO  client.GrpcClientProtocolClient (GrpcClientProtocolClient.java:onNext(255)) - client-8DB4338F17D0->b5da6a4a-1459-46a4-9479-d2035163dbe2: receive RaftClientReply:client-8DB4338F17D0->b5da6a4a-1459-46a4-9479-d2035163dbe2@group-4A9565783204, cid=2337, SUCCESS, logIndex=0, commits[b5da6a4a-1459-46a4-9479-d2035163dbe2:c3467, 69c25b61-d669-4f17-b36d-41bca3df1f31:c3463, d2a7b1fa-fac6-4c6f-8c6d-9ac7414c70c3:c3461]
2019-07-14 04:23:50,499 INFO  client.GrpcClientProtocolClient (GrpcClientProtocolClient.java:onNext(255)) - client-8DB4338F17D0->b5da6a4a-1459-46a4-9479-d2035163dbe2: receive RaftClientReply:client-8DB4338F17D0->b5da6a4a-1459-46a4-9479-d2035163dbe2@group-4A9565783204, cid=2338, SUCCESS, logIndex=3468, commits[b5da6a4a-1459-46a4-9479-d2035163dbe2:c3469, 69c25b61-d669-4f17-b36d-41bca3df1f31:c3467, d2a7b1fa-fac6-4c6f-8c6d-9ac7414c70c3:c3467]
2019-07-14 04:23:50,499 INFO  client.GrpcClientProtocolClient (GrpcClientProtocolClient.java:onNext(255)) - client-8DB4338F17D0->b5da6a4a-1459-46a4-9479-d2035163dbe2: receive RaftClientReply:client-8DB4338F17D0->b5da6a4a-1459-46a4-9479-d2035163dbe2@group-4A9565783204, cid=2339, SUCCESS, logIndex=3469, commits[b5da6a4a-1459-46a4-9479-d2035163dbe2:c3469, 69c25b61-d669-4f17-b36d-41bca3df1f31:c3467, d2a7b1fa-fac6-4c6f-8c6d-9ac7414c70c3:c3467]
2019-07-14 04:23:50,518 INFO  client.GrpcClientProtocolClient (GrpcClientProtocolClient.java:onNext(255)) - client-8DB4338F17D0->b5da6a4a-1459-46a4-9479-d2035163dbe2: receive RaftClientReply:client-8DB4338F17D0->b5da6a4a-1459-46a4-9479-d2035163dbe2@group-4A9565783204, cid=2340, SUCCESS, logIndex=3472, commits[b5da6a4a-1459-46a4-9479-d2035163dbe2:c3473, 69c25b61-d669-4f17-b36d-41bca3df1f31:c3470, d2a7b1fa-fac6-4c6f-8c6d-9ac7414c70c3:c3470]
2019-07-14 04:23:50,519 INFO  client.GrpcClientProtocolClient (GrpcClientProtocolClient.java:onNext(255)) - client-8DB4338F17D0->b5da6a4a-1459-46a4-9479-d2035163dbe2: receive RaftClientReply:client-8DB4338F17D0->b5da6a4a-1459-46a4-9479-d2035163dbe2@group-4A9565783204, cid=2341, SUCCESS, logIndex=3473, commits[b5da6a4a-1459-46a4-9479-d2035163dbe2:c3473, 69c25b61-d669-4f17-b36d-41bca3df1f31:c3470, d2a7b1fa-fac6-4c6f-8c6d-9ac7414c70c3:c3470]
2019-07-14 04:23:50,531 INFO  client.GrpcClientProtocolClient (GrpcClientProtocolClient.java:onNext(255)) - client-8DB4338F17D0->b5da6a4a-1459-46a4-9479-d2035163dbe2: receive RaftClientReply:client-8DB4338F17D0->b5da6a4a-1459-46a4-9479-d2035163dbe2@group-4A9565783204, cid=2342, SUCCESS, logIndex=0, commits[b5da6a4a-1459-46a4-9479-d2035163dbe2:c3475, 69c25b61-d669-4f17-b36d-41bca3df1f31:c3473, d2a7b1fa-fac6-4c6f-8c6d-9ac7414c70c3:c3473]
2019-07-14 04:23:50,558 INFO  client.GrpcClientProtocolClient (GrpcClientProtocolClient.java:onNext(255)) - client-8DB4338F17D0->b5da6a4a-1459-46a4-9479-d2035163dbe2: receive RaftClientReply:client-8DB4338F17D0->b5da6a4a-1459-46a4-9479-d2035163dbe2@group-4A9565783204, cid=2343, SUCCESS, logIndex=3476, commits[b5da6a4a-1459-46a4-9479-d2035163dbe2:c3477, 69c25b61-d669-4f17-b36d-41bca3df1f31:c3475, d2a7b1fa-fac6-4c6f-8c6d-9ac7414c70c3:c3475]
2019-07-14 04:23:50,558 INFO  client.GrpcClientProtocolClient (GrpcClientProtocolClient.java:onNext(255)) - client-8DB4338F17D0->b5da6a4a-1459-46a4-9479-d2035163dbe2: receive RaftClientReply:client-8DB4338F17D0->b5da6a4a-1459-46a4-9479-d2035163dbe2@group-4A9565783204, cid=2344, SUCCESS, logIndex=3477, commits[b5da6a4a-1459-46a4-9479-d2035163dbe2:c3477, 69c25b61-d669-4f17-b36d-41bca3df1f31:c3475, d2a7b1fa-fac6-4c6f-8c6d-9ac7414c70c3:c3475]
2019-07-14 04:23:50,559 INFO  client.GrpcClientProtocolClient (GrpcClientProtocolClient.java:onNext(255)) - client-8DB4338F17D0->b5da6a4a-1459-46a4-9479-d2035163dbe2: receive RaftClientReply:client-8DB4338F17D0->b5da6a4a-1459-46a4-9479-d2035163dbe2@group-4A9565783204, cid=2345, SUCCESS, logIndex=3478, commits[b5da6a4a-1459-46a4-9479-d2035163dbe2:c3479, 69c25b61-d669-4f17-b36d-41bca3df1f31:c3475, d2a7b1fa-fac6-4c6f-8c6d-9ac7414c70c3:c3475]
2019-07-14 04:23:50,560 INFO  client.GrpcClientProtocolClient (GrpcClientProtocolClient.java:onNext(255)) - client-8DB4338F17D0->b5da6a4a-1459-46a4-9479-d2035163dbe2: receive RaftClientReply:client-8DB4338F17D0->b5da6a4a-1459-46a4-9479-d2035163dbe2@group-4A9565783204, cid=2346, SUCCESS, logIndex=3479, commits[b5da6a4a-1459-46a4-9479-d2035163dbe2:c3479, 69c25b61-d669-4f17-b36d-41bca3df1f31:c3475, d2a7b1fa-fac6-4c6f-8c6d-9ac7414c70c3:c3475]
2019-07-14 04:23:50,563 INFO  client.GrpcClientProtocolClient (GrpcClientProtocolClient.java:onNext(255)) - client-8DB4338F17D0->b5da6a4a-1459-46a4-9479-d2035163dbe2: receive RaftClientReply:client-8DB4338F17D0->b5da6a4a-1459-46a4-9479-d2035163dbe2@group-4A9565783204, cid=2347, SUCCESS, logIndex=0, commits[b5da6a4a-1459-46a4-9479-d2035163dbe2:c3481, 69c25b61-d669-4f17-b36d-41bca3df1f31:c3477, d2a7b1fa-fac6-4c6f-8c6d-9ac7414c70c3:c3477]
2019-07-14 04:23:50,583 INFO  client.GrpcClientProtocolClient (GrpcClientProtocolClient.java:onNext(255)) - client-8DB4338F17D0->b5da6a4a-1459-46a4-9479-d2035163dbe2: receive RaftClientReply:client-8DB4338F17D0->b5da6a4a-1459-46a4-9479-d2035163dbe2@group-4A9565783204, cid=2348, SUCCESS, logIndex=3484, commits[b5da6a4a-1459-46a4-9479-d2035163dbe2:c3485, 69c25b61-d669-4f17-b36d-41bca3df1f31:c3483, d2a7b1fa-fac6-4c6f-8c6d-9ac7414c70c3:c3483]
2019-07-14 04:23:50,583 INFO  client.GrpcClientProtocolClient (GrpcClientProtocolClient.java:onNext(255)) - client-8DB4338F17D0->b5da6a4a-1459-46a4-9479-d2035163dbe2: receive RaftClientReply:client-8DB4338F17D0->b5da6a4a-1459-46a4-9479-d2035163dbe2@group-4A9565783204, cid=2349, SUCCESS, logIndex=3485, commits[b5da6a4a-1459-46a4-9479-d2035163dbe2:c3485, 69c25b61-d669-4f17-b36d-41bca3df1f31:c3483, d2a7b1fa-fac6-4c6f-8c6d-9ac7414c70c3:c3483]
2019-07-14 04:23:50,598 INFO  client.GrpcClientProtocolClient (GrpcClientProtocolClient.java:onNext(255)) - client-8DB4338F17D0->b5da6a4a-1459-46a4-9479-d2035163dbe2: receive RaftClientReply:client-8DB4338F17D0->b5da6a4a-1459-46a4-9479-d2035163dbe2@group-4A9565783204, cid=2350, SUCCESS, logIndex=3488, commits[b5da6a4a-1459-46a4-9479-d2035163dbe2:c3489, 69c25b61-d669-4f17-b36d-41bca3df1f31:c3485, d2a7b1fa-fac6-4c6f-8c6d-9ac7414c70c3:c3485]
2019-07-14 04:23:50,598 INFO  client.GrpcClientProtocolClient (GrpcClientProtocolClient.java:onNext(255)) - client-8DB4338F17D0->b5da6a4a-1459-46a4-9479-d2035163dbe2: receive RaftClientReply:client-8DB4338F17D0->b5da6a4a-1459-46a4-9479-d2035163dbe2@group-4A9565783204, cid=2351, SUCCESS, logIndex=3489, commits[b5da6a4a-1459-46a4-9479-d2035163dbe2:c3489, 69c25b61-d669-4f17-b36d-41bca3df1f31:c3485, d2a7b1fa-fac6-4c6f-8c6d-9ac7414c70c3:c3485]
2019-07-14 04:23:50,603 INFO  client.GrpcClientProtocolClient (GrpcClientProtocolClient.java:onNext(255)) - client-8DB4338F17D0->b5da6a4a-1459-46a4-9479-d2035163dbe2: receive RaftClientReply:client-8DB4338F17D0->b5da6a4a-1459-46a4-9479-d2035163dbe2@group-4A9565783204, cid=2352, SUCCESS, logIndex=0, commits[b5da6a4a-1459-46a4-9479-d2035163dbe2:c3491, 69c25b61-d669-4f17-b36d-41bca3df1f31:c3489, d2a7b1fa-fac6-4c6f-8c6d-9ac7414c70c3:c3489]
2019-07-14 04:23:50,625 INFO  client.GrpcClientProtocolClient (GrpcClientProtocolClient.java:onNext(255)) - client-8DB4338F17D0->b5da6a4a-1459-46a4-9479-d2035163dbe2: receive RaftClientReply:client-8DB4338F17D0->b5da6a4a-1459-46a4-9479-d2035163dbe2@group-4A9565783204, cid=2353, SUCCESS, logIndex=3492, commits[b5da6a4a-1459-46a4-9479-d2035163dbe2:c3493, 69c25b61-d669-4f17-b36d-41bca3df1f31:c3491, d2a7b1fa-fac6-4c6f-8c6d-9ac7414c70c3:c3491]
2019-07-14 04:23:50,625 INFO  client.GrpcClientProtocolClient (GrpcClientProtocolClient.java:onNext(255)) - client-8DB4338F17D0->b5da6a4a-1459-46a4-9479-d2035163dbe2: receive RaftClientReply:client-8DB4338F17D0->b5da6a4a-1459-46a4-9479-d2035163dbe2@group-4A9565783204, cid=2354, SUCCESS, logIndex=3493, commits[b5da6a4a-1459-46a4-9479-d2035163dbe2:c3493, 69c25b61-d669-4f17-b36d-41bca3df1f31:c3491, d2a7b1fa-fac6-4c6f-8c6d-9ac7414c70c3:c3491]
2019-07-14 04:23:50,626 INFO  client.GrpcClientProtocolClient (GrpcClientProtocolClient.java:onNext(255)) - client-8DB4338F17D0->b5da6a4a-1459-46a4-9479-d2035163dbe2: receive RaftClientReply:client-8DB4338F17D0->b5da6a4a-1459-46a4-9479-d2035163dbe2@group-4A9565783204, cid=2355, SUCCESS, logIndex=3494, commits[b5da6a4a-1459-46a4-9479-d2035163dbe2:c3495, 69c25b61-d669-4f17-b36d-41bca3df1f31:c3491, d2a7b1fa-fac6-4c6f-8c6d-9ac7414c70c3:c3491]
2019-07-14 04:23:50,626 INFO  client.GrpcClientProtocolClient (GrpcClientProtocolClient.java:onNext(255)) - client-8DB4338F17D0->b5da6a4a-1459-46a4-9479-d2035163dbe2: receive RaftClientReply:client-8DB4338F17D0->b5da6a4a-1459-46a4-9479-d2035163dbe2@group-4A9565783204, cid=2356, SUCCESS, logIndex=3495, commits[b5da6a4a-1459-46a4-9479-d2035163dbe2:c3495, 69c25b61-d669-4f17-b36d-41bca3df1f31:c3491, d2a7b1fa-fac6-4c6f-8c6d-9ac7414c70c3:c3491]
2019-07-14 04:23:50,631 INFO  client.GrpcClientProtocolClient (GrpcClientProtocolClient.java:onNext(255)) - client-8DB4338F17D0->b5da6a4a-1459-46a4-9479-d2035163dbe2: receive RaftClientReply:client-8DB4338F17D0->b5da6a4a-1459-46a4-9479-d2035163dbe2@group-4A9565783204, cid=2357, SUCCESS, logIndex=0, commits[b5da6a4a-1459-46a4-9479-d2035163dbe2:c3497, 69c25b61-d669-4f17-b36d-41bca3df1f31:c3493, d2a7b1fa-fac6-4c6f-8c6d-9ac7414c70c3:c3493]
2019-07-14 04:23:50,650 INFO  client.GrpcClientProtocolClient (GrpcClientProtocolClient.java:onNext(255)) - client-8DB4338F17D0->b5da6a4a-1459-46a4-9479-d2035163dbe2: receive RaftClientReply:client-8DB4338F17D0->b5da6a4a-1459-46a4-9479-d2035163dbe2@group-4A9565783204, cid=2358, SUCCESS, logIndex=3500, commits[b5da6a4a-1459-46a4-9479-d2035163dbe2:c3501, 69c25b61-d669-4f17-b36d-41bca3df1f31:c3499, d2a7b1fa-fac6-4c6f-8c6d-9ac7414c70c3:c3499]
2019-07-14 04:23:50,650 INFO  client.GrpcClientProtocolClient (GrpcClientProtocolClient.java:onNext(255)) - client-8DB4338F17D0->b5da6a4a-1459-46a4-9479-d2035163dbe2: receive RaftClientReply:client-8DB4338F17D0->b5da6a4a-1459-46a4-9479-d2035163dbe2@group-4A9565783204, cid=2359, SUCCESS, logIndex=3501, commits[b5da6a4a-1459-46a4-9479-d2035163dbe2:c3501, 69c25b61-d669-4f17-b36d-41bca3df1f31:c3499, d2a7b1fa-fac6-4c6f-8c6d-9ac7414c70c3:c3499]
2019-07-14 04:23:50,665 INFO  client.GrpcClientProtocolClient (GrpcClientProtocolClient.java:onNext(255)) - client-8DB4338F17D0->b5da6a4a-1459-46a4-9479-d2035163dbe2: receive RaftClientReply:client-8DB4338F17D0->b5da6a4a-1459-46a4-9479-d2035163dbe2@group-4A9565783204, cid=2360, SUCCESS, logIndex=3504, commits[b5da6a4a-1459-46a4-9479-d2035163dbe2:c3505, 69c25b61-d669-4f17-b36d-41bca3df1f31:c3501, d2a7b1fa-fac6-4c6f-8c6d-9ac7414c70c3:c3501]
2019-07-14 04:23:50,665 INFO  client.GrpcClientProtocolClient (GrpcClientProtocolClient.java:onNext(255)) - client-8DB4338F17D0->b5da6a4a-1459-46a4-9479-d2035163dbe2: receive RaftClientReply:client-8DB4338F17D0->b5da6a4a-1459-46a4-9479-d2035163dbe2@group-4A9565783204, cid=2361, SUCCESS, logIndex=3505, commits[b5da6a4a-1459-46a4-9479-d2035163dbe2:c3505, 69c25b61-d669-4f17-b36d-41bca3df1f31:c3501, d2a7b1fa-fac6-4c6f-8c6d-9ac7414c70c3:c3501]
2019-07-14 04:23:50,671 INFO  client.GrpcClientProtocolClient (GrpcClientProtocolClient.java:onNext(255)) - client-8DB4338F17D0->b5da6a4a-1459-46a4-9479-d2035163dbe2: receive RaftClientReply:client-8DB4338F17D0->b5da6a4a-1459-46a4-9479-d2035163dbe2@group-4A9565783204, cid=2362, SUCCESS, logIndex=0, commits[b5da6a4a-1459-46a4-9479-d2035163dbe2:c3506, 69c25b61-d669-4f17-b36d-41bca3df1f31:c3505, d2a7b1fa-fac6-4c6f-8c6d-9ac7414c70c3:c3505]
2019-07-14 04:23:50,692 INFO  client.GrpcClientProtocolClient (GrpcClientProtocolClient.java:onNext(255)) - client-8DB4338F17D0->b5da6a4a-1459-46a4-9479-d2035163dbe2: receive RaftClientReply:client-8DB4338F17D0->b5da6a4a-1459-46a4-9479-d2035163dbe2@group-4A9565783204, cid=2363, SUCCESS, logIndex=3508, commits[b5da6a4a-1459-46a4-9479-d2035163dbe2:c3509, 69c25b61-d669-4f17-b36d-41bca3df1f31:c3505, d2a7b1fa-fac6-4c6f-8c6d-9ac7414c70c3:c3507]
2019-07-14 04:23:50,692 INFO  client.GrpcClientProtocolClient (GrpcClientProtocolClient.java:onNext(255)) - client-8DB4338F17D0->b5da6a4a-1459-46a4-9479-d2035163dbe2: receive RaftClientReply:client-8DB4338F17D0->b5da6a4a-1459-46a4-9479-d2035163dbe2@group-4A9565783204, cid=2364, SUCCESS, logIndex=3509, commits[b5da6a4a-1459-46a4-9479-d2035163dbe2:c3509, 69c25b61-d669-4f17-b36d-41bca3df1f31:c3505, d2a7b1fa-fac6-4c6f-8c6d-9ac7414c70c3:c3507]
2019-07-14 04:23:50,695 INFO  client.GrpcClientProtocolClient (GrpcClientProtocolClient.java:onNext(255)) - client-8DB4338F17D0->b5da6a4a-1459-46a4-9479-d2035163dbe2: receive RaftClientReply:client-8DB4338F17D0->b5da6a4a-1459-46a4-9479-d2035163dbe2@group-4A9565783204, cid=2365, SUCCESS, logIndex=3510, commits[b5da6a4a-1459-46a4-9479-d2035163dbe2:c3511, 69c25b61-d669-4f17-b36d-41bca3df1f31:c3507, d2a7b1fa-fac6-4c6f-8c6d-9ac7414c70c3:c3509]
2019-07-14 04:23:50,695 INFO  client.GrpcClientProtocolClient (GrpcClientProtocolClient.java:onNext(255)) - client-8DB4338F17D0->b5da6a4a-1459-46a4-9479-d2035163dbe2: receive RaftClientReply:client-8DB4338F17D0->b5da6a4a-1459-46a4-9479-d2035163dbe2@group-4A9565783204, cid=2366, SUCCESS, logIndex=3511, commits[b5da6a4a-1459-46a4-9479-d2035163dbe2:c3511, 69c25b61-d669-4f17-b36d-41bca3df1f31:c3507, d2a7b1fa-fac6-4c6f-8c6d-9ac7414c70c3:c3509]
2019-07-14 04:23:50,703 INFO  client.GrpcClientProtocolClient (GrpcClientProtocolClient.java:onNext(255)) - client-8DB4338F17D0->b5da6a4a-1459-46a4-9479-d2035163dbe2: receive RaftClientReply:client-8DB4338F17D0->b5da6a4a-1459-46a4-9479-d2035163dbe2@group-4A9565783204, cid=2367, SUCCESS, logIndex=0, commits[b5da6a4a-1459-46a4-9479-d2035163dbe2:c3512, 69c25b61-d669-4f17-b36d-41bca3df1f31:c3509, d2a7b1fa-fac6-4c6f-8c6d-9ac7414c70c3:c3509]
2019-07-14 04:23:50,714 INFO  client.GrpcClientProtocolClient (GrpcClientProtocolClient.java:onNext(255)) - client-8DB4338F17D0->b5da6a4a-1459-46a4-9479-d2035163dbe2: receive RaftClientReply:client-8DB4338F17D0->b5da6a4a-1459-46a4-9479-d2035163dbe2@group-4A9565783204, cid=2368, SUCCESS, logIndex=3516, commits[b5da6a4a-1459-46a4-9479-d2035163dbe2:c3517, 69c25b61-d669-4f17-b36d-41bca3df1f31:c3515, d2a7b1fa-fac6-4c6f-8c6d-9ac7414c70c3:c3515]
2019-07-14 04:23:50,715 INFO  client.GrpcClientProtocolClient (GrpcClientProtocolClient.java:onNext(255)) - client-8DB4338F17D0->b5da6a4a-1459-46a4-9479-d2035163dbe2: receive RaftClientReply:client-8DB4338F17D0->b5da6a4a-1459-46a4-9479-d2035163dbe2@group-4A9565783204, cid=2369, SUCCESS, logIndex=3517, commits[b5da6a4a-1459-46a4-9479-d2035163dbe2:c3517, 69c25b61-d669-4f17-b36d-41bca3df1f31:c3515, d2a7b1fa-fac6-4c6f-8c6d-9ac7414c70c3:c3515]
2019-07-14 04:23:50,730 INFO  client.GrpcClientProtocolClient (GrpcClientProtocolClient.java:onNext(255)) - client-8DB4338F17D0->b5da6a4a-1459-46a4-9479-d2035163dbe2: receive RaftClientReply:client-8DB4338F17D0->b5da6a4a-1459-46a4-9479-d2035163dbe2@group-4A9565783204, cid=2370, SUCCESS, logIndex=3520, commits[b5da6a4a-1459-46a4-9479-d2035163dbe2:c3521, 69c25b61-d669-4f17-b36d-41bca3df1f31:c3517, d2a7b1fa-fac6-4c6f-8c6d-9ac7414c70c3:c3517]
2019-07-14 04:23:50,730 INFO  client.GrpcClientProtocolClient (GrpcClientProtocolClient.java:onNext(255)) - client-8DB4338F17D0->b5da6a4a-1459-46a4-9479-d2035163dbe2: receive RaftClientReply:client-8DB4338F17D0->b5da6a4a-1459-46a4-9479-d2035163dbe2@group-4A9565783204, cid=2371, SUCCESS, logIndex=3521, commits[b5da6a4a-1459-46a4-9479-d2035163dbe2:c3521, 69c25b61-d669-4f17-b36d-41bca3df1f31:c3517, d2a7b1fa-fac6-4c6f-8c6d-9ac7414c70c3:c3517]
2019-07-14 04:23:50,734 INFO  client.GrpcClientProtocolClient (GrpcClientProtocolClient.java:onNext(255)) - client-8DB4338F17D0->b5da6a4a-1459-46a4-9479-d2035163dbe2: receive RaftClientReply:client-8DB4338F17D0->b5da6a4a-1459-46a4-9479-d2035163dbe2@group-4A9565783204, cid=2372, SUCCESS, logIndex=0, commits[b5da6a4a-1459-46a4-9479-d2035163dbe2:c3521, 69c25b61-d669-4f17-b36d-41bca3df1f31:c3521, d2a7b1fa-fac6-4c6f-8c6d-9ac7414c70c3:c3521]
2019-07-14 04:23:50,759 INFO  client.GrpcClientProtocolClient (GrpcClientProtocolClient.java:onNext(255)) - client-8DB4338F17D0->b5da6a4a-1459-46a4-9479-d2035163dbe2: receive RaftClientReply:client-8DB4338F17D0->b5da6a4a-1459-46a4-9479-d2035163dbe2@group-4A9565783204, cid=2373, SUCCESS, logIndex=3524, commits[b5da6a4a-1459-46a4-9479-d2035163dbe2:c3525, 69c25b61-d669-4f17-b36d-41bca3df1f31:c3523, d2a7b1fa-fac6-4c6f-8c6d-9ac7414c70c3:c3523]
2019-07-14 04:23:50,759 INFO  client.GrpcClientProtocolClient (GrpcClientProtocolClient.java:onNext(255)) - client-8DB4338F17D0->b5da6a4a-1459-46a4-9479-d2035163dbe2: receive RaftClientReply:client-8DB4338F17D0->b5da6a4a-1459-46a4-9479-d2035163dbe2@group-4A9565783204, cid=2374, SUCCESS, logIndex=3525, commits[b5da6a4a-1459-46a4-9479-d2035163dbe2:c3527, 69c25b61-d669-4f17-b36d-41bca3df1f31:c3523, d2a7b1fa-fac6-4c6f-8c6d-9ac7414c70c3:c3523]
2019-07-14 04:23:50,760 INFO  client.GrpcClientProtocolClient (GrpcClientProtocolClient.java:onNext(255)) - client-8DB4338F17D0->b5da6a4a-1459-46a4-9479-d2035163dbe2: receive RaftClientReply:client-8DB4338F17D0->b5da6a4a-1459-46a4-9479-d2035163dbe2@group-4A9565783204, cid=2375, SUCCESS, logIndex=3526, commits[b5da6a4a-1459-46a4-9479-d2035163dbe2:c3527, 69c25b61-d669-4f17-b36d-41bca3df1f31:c3523, d2a7b1fa-fac6-4c6f-8c6d-9ac7414c70c3:c3523]
2019-07-14 04:23:50,760 INFO  client.GrpcClientProtocolClient (GrpcClientProtocolClient.java:onNext(255)) - client-8DB4338F17D0->b5da6a4a-1459-46a4-9479-d2035163dbe2: receive RaftClientReply:client-8DB4338F17D0->b5da6a4a-1459-46a4-9479-d2035163dbe2@group-4A9565783204, cid=2376, SUCCESS, logIndex=3527, commits[b5da6a4a-1459-46a4-9479-d2035163dbe2:c3527, 69c25b61-d669-4f17-b36d-41bca3df1f31:c3523, d2a7b1fa-fac6-4c6f-8c6d-9ac7414c70c3:c3523]
2019-07-14 04:23:50,766 INFO  client.GrpcClientProtocolClient (GrpcClientProtocolClient.java:onNext(255)) - client-8DB4338F17D0->b5da6a4a-1459-46a4-9479-d2035163dbe2: receive RaftClientReply:client-8DB4338F17D0->b5da6a4a-1459-46a4-9479-d2035163dbe2@group-4A9565783204, cid=2377, SUCCESS, logIndex=0, commits[b5da6a4a-1459-46a4-9479-d2035163dbe2:c3529, 69c25b61-d669-4f17-b36d-41bca3df1f31:c3525, d2a7b1fa-fac6-4c6f-8c6d-9ac7414c70c3:c3525]
2019-07-14 04:23:50,783 INFO  client.GrpcClientProtocolClient (GrpcClientProtocolClient.java:onNext(255)) - client-8DB4338F17D0->b5da6a4a-1459-46a4-9479-d2035163dbe2: receive RaftClientReply:client-8DB4338F17D0->b5da6a4a-1459-46a4-9479-d2035163dbe2@group-4A9565783204, cid=2378, SUCCESS, logIndex=3531, commits[b5da6a4a-1459-46a4-9479-d2035163dbe2:c3532, 69c25b61-d669-4f17-b36d-41bca3df1f31:c3530, d2a7b1fa-fac6-4c6f-8c6d-9ac7414c70c3:c3530]
2019-07-14 04:23:50,784 INFO  client.GrpcClientProtocolClient (GrpcClientProtocolClient.java:onNext(255)) - client-8DB4338F17D0->b5da6a4a-1459-46a4-9479-d2035163dbe2: receive RaftClientReply:client-8DB4338F17D0->b5da6a4a-1459-46a4-9479-d2035163dbe2@group-4A9565783204, cid=2379, SUCCESS, logIndex=3532, commits[b5da6a4a-1459-46a4-9479-d2035163dbe2:c3532, 69c25b61-d669-4f17-b36d-41bca3df1f31:c3530, d2a7b1fa-fac6-4c6f-8c6d-9ac7414c70c3:c3530]
2019-07-14 04:23:50,793 INFO  client.GrpcClientProtocolClient (GrpcClientProtocolClient.java:onNext(255)) - client-8DB4338F17D0->b5da6a4a-1459-46a4-9479-d2035163dbe2: receive RaftClientReply:client-8DB4338F17D0->b5da6a4a-1459-46a4-9479-d2035163dbe2@group-4A9565783204, cid=2380, SUCCESS, logIndex=3535, commits[b5da6a4a-1459-46a4-9479-d2035163dbe2:c3536, 69c25b61-d669-4f17-b36d-41bca3df1f31:c3532, d2a7b1fa-fac6-4c6f-8c6d-9ac7414c70c3:c3533]
2019-07-14 04:23:50,794 INFO  client.GrpcClientProtocolClient (GrpcClientProtocolClient.java:onNext(255)) - client-8DB4338F17D0->b5da6a4a-1459-46a4-9479-d2035163dbe2: receive RaftClientReply:client-8DB4338F17D0->b5da6a4a-1459-46a4-9479-d2035163dbe2@group-4A9565783204, cid=2381, SUCCESS, logIndex=3536, commits[b5da6a4a-1459-46a4-9479-d2035163dbe2:c3536, 69c25b61-d669-4f17-b36d-41bca3df1f31:c3532, d2a7b1fa-fac6-4c6f-8c6d-9ac7414c70c3:c3533]
2019-07-14 04:23:50,798 INFO  client.GrpcClientProtocolClient (GrpcClientProtocolClient.java:onNext(255)) - client-8DB4338F17D0->b5da6a4a-1459-46a4-9479-d2035163dbe2: receive RaftClientReply:client-8DB4338F17D0->b5da6a4a-1459-46a4-9479-d2035163dbe2@group-4A9565783204, cid=2382, SUCCESS, logIndex=0, commits[b5da6a4a-1459-46a4-9479-d2035163dbe2:c3537, 69c25b61-d669-4f17-b36d-41bca3df1f31:c3536, d2a7b1fa-fac6-4c6f-8c6d-9ac7414c70c3:c3536]
2019-07-14 04:23:50,916 INFO  client.GrpcClientProtocolClient (GrpcClientProtocolClient.java:onNext(255)) - client-8DB4338F17D0->b5da6a4a-1459-46a4-9479-d2035163dbe2: receive RaftClientReply:client-8DB4338F17D0->b5da6a4a-1459-46a4-9479-d2035163dbe2@group-4A9565783204, cid=2383, SUCCESS, logIndex=3539, commits[b5da6a4a-1459-46a4-9479-d2035163dbe2:c3540, 69c25b61-d669-4f17-b36d-41bca3df1f31:c3538, d2a7b1fa-fac6-4c6f-8c6d-9ac7414c70c3:c3536]
2019-07-14 04:23:50,917 INFO  client.GrpcClientProtocolClient (GrpcClientProtocolClient.java:onNext(255)) - client-8DB4338F17D0->b5da6a4a-1459-46a4-9479-d2035163dbe2: receive RaftClientReply:client-8DB4338F17D0->b5da6a4a-1459-46a4-9479-d2035163dbe2@group-4A9565783204, cid=2384, SUCCESS, logIndex=3540, commits[b5da6a4a-1459-46a4-9479-d2035163dbe2:c3540, 69c25b61-d669-4f17-b36d-41bca3df1f31:c3538, d2a7b1fa-fac6-4c6f-8c6d-9ac7414c70c3:c3536]
2019-07-14 04:23:50,918 INFO  client.GrpcClientProtocolClient (GrpcClientProtocolClient.java:onNext(255)) - client-8DB4338F17D0->b5da6a4a-1459-46a4-9479-d2035163dbe2: receive RaftClientReply:client-8DB4338F17D0->b5da6a4a-1459-46a4-9479-d2035163dbe2@group-4A9565783204, cid=2385, SUCCESS, logIndex=3541, commits[b5da6a4a-1459-46a4-9479-d2035163dbe2:c3542, 69c25b61-d669-4f17-b36d-41bca3df1f31:c3538, d2a7b1fa-fac6-4c6f-8c6d-9ac7414c70c3:c3538]
2019-07-14 04:23:50,919 INFO  client.GrpcClientProtocolClient (GrpcClientProtocolClient.java:onNext(255)) - client-8DB4338F17D0->b5da6a4a-1459-46a4-9479-d2035163dbe2: receive RaftClientReply:client-8DB4338F17D0->b5da6a4a-1459-46a4-9479-d2035163dbe2@group-4A9565783204, cid=2386, SUCCESS, logIndex=3542, commits[b5da6a4a-1459-46a4-9479-d2035163dbe2:c3542, 69c25b61-d669-4f17-b36d-41bca3df1f31:c3538, d2a7b1fa-fac6-4c6f-8c6d-9ac7414c70c3:c3538]
2019-07-14 04:23:50,920 INFO  client.GrpcClientProtocolClient (GrpcClientProtocolClient.java:onNext(255)) - client-8DB4338F17D0->b5da6a4a-1459-46a4-9479-d2035163dbe2: receive RaftClientReply:client-8DB4338F17D0->b5da6a4a-1459-46a4-9479-d2035163dbe2@group-4A9565783204, cid=2387, SUCCESS, logIndex=0, commits[b5da6a4a-1459-46a4-9479-d2035163dbe2:c3544, 69c25b61-d669-4f17-b36d-41bca3df1f31:c3540, d2a7b1fa-fac6-4c6f-8c6d-9ac7414c70c3:c3540]
2019-07-14 04:23:50,936 INFO  client.GrpcClientProtocolClient (GrpcClientProtocolClient.java:onNext(255)) - client-8DB4338F17D0->b5da6a4a-1459-46a4-9479-d2035163dbe2: receive RaftClientReply:client-8DB4338F17D0->b5da6a4a-1459-46a4-9479-d2035163dbe2@group-4A9565783204, cid=2388, SUCCESS, logIndex=3547, commits[b5da6a4a-1459-46a4-9479-d2035163dbe2:c3548, 69c25b61-d669-4f17-b36d-41bca3df1f31:c3546, d2a7b1fa-fac6-4c6f-8c6d-9ac7414c70c3:c3546]
2019-07-14 04:23:50,936 INFO  client.GrpcClientProtocolClient (GrpcClientProtocolClient.java:onNext(255)) - client-8DB4338F17D0->b5da6a4a-1459-46a4-9479-d2035163dbe2: receive RaftClientReply:client-8DB4338F17D0->b5da6a4a-1459-46a4-9479-d2035163dbe2@group-4A9565783204, cid=2389, SUCCESS, logIndex=3548, commits[b5da6a4a-1459-46a4-9479-d2035163dbe2:c3548, 69c25b61-d669-4f17-b36d-41bca3df1f31:c3546, d2a7b1fa-fac6-4c6f-8c6d-9ac7414c70c3:c3546]
2019-07-14 04:23:50,955 INFO  client.GrpcClientProtocolClient (GrpcClientProtocolClient.java:onNext(255)) - client-8DB4338F17D0->b5da6a4a-1459-46a4-9479-d2035163dbe2: receive RaftClientReply:client-8DB4338F17D0->b5da6a4a-1459-46a4-9479-d2035163dbe2@group-4A9565783204, cid=2390, SUCCESS, logIndex=3551, commits[b5da6a4a-1459-46a4-9479-d2035163dbe2:c3552, 69c25b61-d669-4f17-b36d-41bca3df1f31:c3550, d2a7b1fa-fac6-4c6f-8c6d-9ac7414c70c3:c3550]
2019-07-14 04:23:50,955 INFO  client.GrpcClientProtocolClient (GrpcClientProtocolClient.java:onNext(255)) - client-8DB4338F17D0->b5da6a4a-1459-46a4-9479-d2035163dbe2: receive RaftClientReply:client-8DB4338F17D0->b5da6a4a-1459-46a4-9479-d2035163dbe2@group-4A9565783204, cid=2391, SUCCESS, logIndex=3552, commits[b5da6a4a-1459-46a4-9479-d2035163dbe2:c3552, 69c25b61-d669-4f17-b36d-41bca3df1f31:c3550, d2a7b1fa-fac6-4c6f-8c6d-9ac7414c70c3:c3550]
2019-07-14 04:23:50,978 INFO  client.GrpcClientProtocolClient (GrpcClientProtocolClient.java:onNext(255)) - client-8DB4338F17D0->b5da6a4a-1459-46a4-9479-d2035163dbe2: receive RaftClientReply:client-8DB4338F17D0->b5da6a4a-1459-46a4-9479-d2035163dbe2@group-4A9565783204, cid=2392, SUCCESS, logIndex=0, commits[b5da6a4a-1459-46a4-9479-d2035163dbe2:c3554, 69c25b61-d669-4f17-b36d-41bca3df1f31:c3552, d2a7b1fa-fac6-4c6f-8c6d-9ac7414c70c3:c3552]
2019-07-14 04:23:51,010 INFO  client.GrpcClientProtocolClient (GrpcClientProtocolClient.java:onNext(255)) - client-8DB4338F17D0->b5da6a4a-1459-46a4-9479-d2035163dbe2: receive RaftClientReply:client-8DB4338F17D0->b5da6a4a-1459-46a4-9479-d2035163dbe2@group-4A9565783204, cid=2393, SUCCESS, logIndex=3555, commits[b5da6a4a-1459-46a4-9479-d2035163dbe2:c3556, 69c25b61-d669-4f17-b36d-41bca3df1f31:c3554, d2a7b1fa-fac6-4c6f-8c6d-9ac7414c70c3:c3554]
2019-07-14 04:23:51,010 INFO  client.GrpcClientProtocolClient (GrpcClientProtocolClient.java:onNext(255)) - client-8DB4338F17D0->b5da6a4a-1459-46a4-9479-d2035163dbe2: receive RaftClientReply:client-8DB4338F17D0->b5da6a4a-1459-46a4-9479-d2035163dbe2@group-4A9565783204, cid=2394, SUCCESS, logIndex=3556, commits[b5da6a4a-1459-46a4-9479-d2035163dbe2:c3556, 69c25b61-d669-4f17-b36d-41bca3df1f31:c3554, d2a7b1fa-fac6-4c6f-8c6d-9ac7414c70c3:c3554]
2019-07-14 04:23:51,012 INFO  client.GrpcClientProtocolClient (GrpcClientProtocolClient.java:onNext(255)) - client-8DB4338F17D0->b5da6a4a-1459-46a4-9479-d2035163dbe2: receive RaftClientReply:client-8DB4338F17D0->b5da6a4a-1459-46a4-9479-d2035163dbe2@group-4A9565783204, cid=2395, SUCCESS, logIndex=3557, commits[b5da6a4a-1459-46a4-9479-d2035163dbe2:c3558, 69c25b61-d669-4f17-b36d-41bca3df1f31:c3554, d2a7b1fa-fac6-4c6f-8c6d-9ac7414c70c3:c3554]
2019-07-14 04:23:51,012 INFO  client.GrpcClientProtocolClient (GrpcClientProtocolClient.java:onNext(255)) - client-8DB4338F17D0->b5da6a4a-1459-46a4-9479-d2035163dbe2: receive RaftClientReply:client-8DB4338F17D0->b5da6a4a-1459-46a4-9479-d2035163dbe2@group-4A9565783204, cid=2396, SUCCESS, logIndex=3558, commits[b5da6a4a-1459-46a4-9479-d2035163dbe2:c3558, 69c25b61-d669-4f17-b36d-41bca3df1f31:c3554, d2a7b1fa-fac6-4c6f-8c6d-9ac7414c70c3:c3554]
2019-07-14 04:23:51,014 INFO  client.GrpcClientProtocolClient (GrpcClientProtocolClient.java:onNext(255)) - client-8DB4338F17D0->b5da6a4a-1459-46a4-9479-d2035163dbe2: receive RaftClientReply:client-8DB4338F17D0->b5da6a4a-1459-46a4-9479-d2035163dbe2@group-4A9565783204, cid=2397, SUCCESS, logIndex=0, commits[b5da6a4a-1459-46a4-9479-d2035163dbe2:c3559, 69c25b61-d669-4f17-b36d-41bca3df1f31:c3556, d2a7b1fa-fac6-4c6f-8c6d-9ac7414c70c3:c3556]
2019-07-14 04:23:51,027 INFO  client.GrpcClientProtocolClient (GrpcClientProtocolClient.java:onNext(255)) - client-8DB4338F17D0->b5da6a4a-1459-46a4-9479-d2035163dbe2: receive RaftClientReply:client-8DB4338F17D0->b5da6a4a-1459-46a4-9479-d2035163dbe2@group-4A9565783204, cid=2398, SUCCESS, logIndex=3563, commits[b5da6a4a-1459-46a4-9479-d2035163dbe2:c3564, 69c25b61-d669-4f17-b36d-41bca3df1f31:c3562, d2a7b1fa-fac6-4c6f-8c6d-9ac7414c70c3:c3562]
2019-07-14 04:23:51,027 INFO  client.GrpcClientProtocolClient (GrpcClientProtocolClient.java:onNext(255)) - client-8DB4338F17D0->b5da6a4a-1459-46a4-9479-d2035163dbe2: receive RaftClientReply:client-8DB4338F17D0->b5da6a4a-1459-46a4-9479-d2035163dbe2@group-4A9565783204, cid=2399, SUCCESS, logIndex=3564, commits[b5da6a4a-1459-46a4-9479-d2035163dbe2:c3564, 69c25b61-d669-4f17-b36d-41bca3df1f31:c3562, d2a7b1fa-fac6-4c6f-8c6d-9ac7414c70c3:c3562]
2019-07-14 04:23:51,039 INFO  client.GrpcClientProtocolClient (GrpcClientProtocolClient.java:onNext(255)) - client-8DB4338F17D0->b5da6a4a-1459-46a4-9479-d2035163dbe2: receive RaftClientReply:client-8DB4338F17D0->b5da6a4a-1459-46a4-9479-d2035163dbe2@group-4A9565783204, cid=2400, SUCCESS, logIndex=3567, commits[b5da6a4a-1459-46a4-9479-d2035163dbe2:c3568, 69c25b61-d669-4f17-b36d-41bca3df1f31:c3564, d2a7b1fa-fac6-4c6f-8c6d-9ac7414c70c3:c3566]
2019-07-14 04:23:51,040 INFO  client.GrpcClientProtocolClient (GrpcClientProtocolClient.java:onNext(255)) - client-8DB4338F17D0->b5da6a4a-1459-46a4-9479-d2035163dbe2: receive RaftClientReply:client-8DB4338F17D0->b5da6a4a-1459-46a4-9479-d2035163dbe2@group-4A9565783204, cid=2401, SUCCESS, logIndex=3568, commits[b5da6a4a-1459-46a4-9479-d2035163dbe2:c3568, 69c25b61-d669-4f17-b36d-41bca3df1f31:c3566, d2a7b1fa-fac6-4c6f-8c6d-9ac7414c70c3:c3566]
2019-07-14 04:23:51,043 INFO  client.GrpcClientProtocolClient (GrpcClientProtocolClient.java:onNext(255)) - client-8DB4338F17D0->b5da6a4a-1459-46a4-9479-d2035163dbe2: receive RaftClientReply:client-8DB4338F17D0->b5da6a4a-1459-46a4-9479-d2035163dbe2@group-4A9565783204, cid=2402, SUCCESS, logIndex=0, commits[b5da6a4a-1459-46a4-9479-d2035163dbe2:c3569, 69c25b61-d669-4f17-b36d-41bca3df1f31:c3568, d2a7b1fa-fac6-4c6f-8c6d-9ac7414c70c3:c3568]
2019-07-14 04:23:51,064 INFO  client.GrpcClientProtocolClient (GrpcClientProtocolClient.java:onNext(255)) - client-8DB4338F17D0->b5da6a4a-1459-46a4-9479-d2035163dbe2: receive RaftClientReply:client-8DB4338F17D0->b5da6a4a-1459-46a4-9479-d2035163dbe2@group-4A9565783204, cid=2403, SUCCESS, logIndex=3571, commits[b5da6a4a-1459-46a4-9479-d2035163dbe2:c3571, 69c25b61-d669-4f17-b36d-41bca3df1f31:c3570, d2a7b1fa-fac6-4c6f-8c6d-9ac7414c70c3:c3570]
2019-07-14 04:23:51,065 INFO  client.GrpcClientProtocolClient (GrpcClientProtocolClient.java:onNext(255)) - client-8DB4338F17D0->b5da6a4a-1459-46a4-9479-d2035163dbe2: receive RaftClientReply:client-8DB4338F17D0->b5da6a4a-1459-46a4-9479-d2035163dbe2@group-4A9565783204, cid=2404, SUCCESS, logIndex=3572, commits[b5da6a4a-1459-46a4-9479-d2035163dbe2:c3572, 69c25b61-d669-4f17-b36d-41bca3df1f31:c3570, d2a7b1fa-fac6-4c6f-8c6d-9ac7414c70c3:c3570]
2019-07-14 04:23:51,067 INFO  client.GrpcClientProtocolClient (GrpcClientProtocolClient.java:onNext(255)) - client-8DB4338F17D0->b5da6a4a-1459-46a4-9479-d2035163dbe2: receive RaftClientReply:client-8DB4338F17D0->b5da6a4a-1459-46a4-9479-d2035163dbe2@group-4A9565783204, cid=2405, SUCCESS, logIndex=3573, commits[b5da6a4a-1459-46a4-9479-d2035163dbe2:c3574, 69c25b61-d669-4f17-b36d-41bca3df1f31:c3570, d2a7b1fa-fac6-4c6f-8c6d-9ac7414c70c3:c3570]
2019-07-14 04:23:51,068 INFO  client.GrpcClientProtocolClient (GrpcClientProtocolClient.java:onNext(255)) - client-8DB4338F17D0->b5da6a4a-1459-46a4-9479-d2035163dbe2: receive RaftClientReply:client-8DB4338F17D0->b5da6a4a-1459-46a4-9479-d2035163dbe2@group-4A9565783204, cid=2406, SUCCESS, logIndex=3574, commits[b5da6a4a-1459-46a4-9479-d2035163dbe2:c3576, 69c25b61-d669-4f17-b36d-41bca3df1f31:c3572, d2a7b1fa-fac6-4c6f-8c6d-9ac7414c70c3:c3570]
2019-07-14 04:23:51,069 INFO  client.GrpcClientProtocolClient (GrpcClientProtocolClient.java:onNext(255)) - client-8DB4338F17D0->b5da6a4a-1459-46a4-9479-d2035163dbe2: receive RaftClientReply:client-8DB4338F17D0->b5da6a4a-1459-46a4-9479-d2035163dbe2@group-4A9565783204, cid=2407, SUCCESS, logIndex=0, commits[b5da6a4a-1459-46a4-9479-d2035163dbe2:c3576, 69c25b61-d669-4f17-b36d-41bca3df1f31:c3572, d2a7b1fa-fac6-4c6f-8c6d-9ac7414c70c3:c3572]
2019-07-14 04:23:51,088 INFO  client.GrpcClientProtocolClient (GrpcClientProtocolClient.java:onNext(255)) - client-8DB4338F17D0->b5da6a4a-1459-46a4-9479-d2035163dbe2: receive RaftClientReply:client-8DB4338F17D0->b5da6a4a-1459-46a4-9479-d2035163dbe2@group-4A9565783204, cid=2408, SUCCESS, logIndex=3579, commits[b5da6a4a-1459-46a4-9479-d2035163dbe2:c3580, 69c25b61-d669-4f17-b36d-41bca3df1f31:c3578, d2a7b1fa-fac6-4c6f-8c6d-9ac7414c70c3:c3578]
2019-07-14 04:23:51,088 INFO  client.GrpcClientProtocolClient (GrpcClientProtocolClient.java:onNext(255)) - client-8DB4338F17D0->b5da6a4a-1459-46a4-9479-d2035163dbe2: receive RaftClientReply:client-8DB4338F17D0->b5da6a4a-1459-46a4-9479-d2035163dbe2@group-4A9565783204, cid=2409, SUCCESS, logIndex=3580, commits[b5da6a4a-1459-46a4-9479-d2035163dbe2:c3580, 69c25b61-d669-4f17-b36d-41bca3df1f31:c3578, d2a7b1fa-fac6-4c6f-8c6d-9ac7414c70c3:c3578]
2019-07-14 04:23:51,100 INFO  client.GrpcClientProtocolClient (GrpcClientProtocolClient.java:onNext(255)) - client-8DB4338F17D0->b5da6a4a-1459-46a4-9479-d2035163dbe2: receive RaftClientReply:client-8DB4338F17D0->b5da6a4a-1459-46a4-9479-d2035163dbe2@group-4A9565783204, cid=2410, SUCCESS, logIndex=3583, commits[b5da6a4a-1459-46a4-9479-d2035163dbe2:c3584, 69c25b61-d669-4f17-b36d-41bca3df1f31:c3581, d2a7b1fa-fac6-4c6f-8c6d-9ac7414c70c3:c3582]
2019-07-14 04:23:51,100 INFO  client.GrpcClientProtocolClient (GrpcClientProtocolClient.java:onNext(255)) - client-8DB4338F17D0->b5da6a4a-1459-46a4-9479-d2035163dbe2: receive RaftClientReply:client-8DB4338F17D0->b5da6a4a-1459-46a4-9479-d2035163dbe2@group-4A9565783204, cid=2411, SUCCESS, logIndex=3584, commits[b5da6a4a-1459-46a4-9479-d2035163dbe2:c3584, 69c25b61-d669-4f17-b36d-41bca3df1f31:c3582, d2a7b1fa-fac6-4c6f-8c6d-9ac7414c70c3:c3582]
2019-07-14 04:23:51,103 INFO  client.GrpcClientProtocolClient (GrpcClientProtocolClient.java:onNext(255)) - client-8DB4338F17D0->b5da6a4a-1459-46a4-9479-d2035163dbe2: receive RaftClientReply:client-8DB4338F17D0->b5da6a4a-1459-46a4-9479-d2035163dbe2@group-4A9565783204, cid=2412, SUCCESS, logIndex=0, commits[b5da6a4a-1459-46a4-9479-d2035163dbe2:c3585, 69c25b61-d669-4f17-b36d-41bca3df1f31:c3584, d2a7b1fa-fac6-4c6f-8c6d-9ac7414c70c3:c3584]
2019-07-14 04:23:51,122 INFO  client.GrpcClientProtocolClient (GrpcClientProtocolClient.java:onNext(255)) - client-8DB4338F17D0->b5da6a4a-1459-46a4-9479-d2035163dbe2: receive RaftClientReply:client-8DB4338F17D0->b5da6a4a-1459-46a4-9479-d2035163dbe2@group-4A9565783204, cid=2413, SUCCESS, logIndex=3587, commits[b5da6a4a-1459-46a4-9479-d2035163dbe2:c3588, 69c25b61-d669-4f17-b36d-41bca3df1f31:c3586, d2a7b1fa-fac6-4c6f-8c6d-9ac7414c70c3:c3586]
2019-07-14 04:23:51,122 INFO  client.GrpcClientProtocolClient (GrpcClientProtocolClient.java:onNext(255)) - client-8DB4338F17D0->b5da6a4a-1459-46a4-9479-d2035163dbe2: receive RaftClientReply:client-8DB4338F17D0->b5da6a4a-1459-46a4-9479-d2035163dbe2@group-4A9565783204, cid=2414, SUCCESS, logIndex=3588, commits[b5da6a4a-1459-46a4-9479-d2035163dbe2:c3588, 69c25b61-d669-4f17-b36d-41bca3df1f31:c3586, d2a7b1fa-fac6-4c6f-8c6d-9ac7414c70c3:c3586]
2019-07-14 04:23:51,124 INFO  client.GrpcClientProtocolClient (GrpcClientProtocolClient.java:onNext(255)) - client-8DB4338F17D0->b5da6a4a-1459-46a4-9479-d2035163dbe2: receive RaftClientReply:client-8DB4338F17D0->b5da6a4a-1459-46a4-9479-d2035163dbe2@group-4A9565783204, cid=2415, SUCCESS, logIndex=3589, commits[b5da6a4a-1459-46a4-9479-d2035163dbe2:c3591, 69c25b61-d669-4f17-b36d-41bca3df1f31:c3586, d2a7b1fa-fac6-4c6f-8c6d-9ac7414c70c3:c3588]
2019-07-14 04:23:51,125 INFO  client.GrpcClientProtocolClient (GrpcClientProtocolClient.java:onNext(255)) - client-8DB4338F17D0->b5da6a4a-1459-46a4-9479-d2035163dbe2: receive RaftClientReply:client-8DB4338F17D0->b5da6a4a-1459-46a4-9479-d2035163dbe2@group-4A9565783204, cid=2416, SUCCESS, logIndex=3590, commits[b5da6a4a-1459-46a4-9479-d2035163dbe2:c3592, 69c25b61-d669-4f17-b36d-41bca3df1f31:c3586, d2a7b1fa-fac6-4c6f-8c6d-9ac7414c70c3:c3588]
2019-07-14 04:23:51,126 INFO  client.GrpcClientProtocolClient (GrpcClientProtocolClient.java:onNext(255)) - client-8DB4338F17D0->b5da6a4a-1459-46a4-9479-d2035163dbe2: receive RaftClientReply:client-8DB4338F17D0->b5da6a4a-1459-46a4-9479-d2035163dbe2@group-4A9565783204, cid=2417, SUCCESS, logIndex=0, commits[b5da6a4a-1459-46a4-9479-d2035163dbe2:c3592, 69c25b61-d669-4f17-b36d-41bca3df1f31:c3588, d2a7b1fa-fac6-4c6f-8c6d-9ac7414c70c3:c3588]
2019-07-14 04:23:51,145 INFO  client.GrpcClientProtocolClient (GrpcClientProtocolClient.java:onNext(255)) - client-8DB4338F17D0->b5da6a4a-1459-46a4-9479-d2035163dbe2: receive RaftClientReply:client-8DB4338F17D0->b5da6a4a-1459-46a4-9479-d2035163dbe2@group-4A9565783204, cid=2418, SUCCESS, logIndex=3595, commits[b5da6a4a-1459-46a4-9479-d2035163dbe2:c3596, 69c25b61-d669-4f17-b36d-41bca3df1f31:c3590, d2a7b1fa-fac6-4c6f-8c6d-9ac7414c70c3:c3594]
2019-07-14 04:23:51,145 INFO  client.GrpcClientProtocolClient (GrpcClientProtocolClient.java:onNext(255)) - client-8DB4338F17D0->b5da6a4a-1459-46a4-9479-d2035163dbe2: receive RaftClientReply:client-8DB4338F17D0->b5da6a4a-1459-46a4-9479-d2035163dbe2@group-4A9565783204, cid=2419, SUCCESS, logIndex=3596, commits[b5da6a4a-1459-46a4-9479-d2035163dbe2:c3596, 69c25b61-d669-4f17-b36d-41bca3df1f31:c3594, d2a7b1fa-fac6-4c6f-8c6d-9ac7414c70c3:c3594]
2019-07-14 04:23:51,160 INFO  client.GrpcClientProtocolClient (GrpcClientProtocolClient.java:onNext(255)) - client-8DB4338F17D0->b5da6a4a-1459-46a4-9479-d2035163dbe2: receive RaftClientReply:client-8DB4338F17D0->b5da6a4a-1459-46a4-9479-d2035163dbe2@group-4A9565783204, cid=2420, SUCCESS, logIndex=3599, commits[b5da6a4a-1459-46a4-9479-d2035163dbe2:c3600, 69c25b61-d669-4f17-b36d-41bca3df1f31:c3596, d2a7b1fa-fac6-4c6f-8c6d-9ac7414c70c3:c3596]
2019-07-14 04:23:51,161 INFO  client.GrpcClientProtocolClient (GrpcClientProtocolClient.java:onNext(255)) - client-8DB4338F17D0->b5da6a4a-1459-46a4-9479-d2035163dbe2: receive RaftClientReply:client-8DB4338F17D0->b5da6a4a-1459-46a4-9479-d2035163dbe2@group-4A9565783204, cid=2421, SUCCESS, logIndex=3600, commits[b5da6a4a-1459-46a4-9479-d2035163dbe2:c3600, 69c25b61-d669-4f17-b36d-41bca3df1f31:c3596, d2a7b1fa-fac6-4c6f-8c6d-9ac7414c70c3:c3596]
2019-07-14 04:23:51,171 INFO  client.GrpcClientProtocolClient (GrpcClientProtocolClient.java:onNext(255)) - client-8DB4338F17D0->b5da6a4a-1459-46a4-9479-d2035163dbe2: receive RaftClientReply:client-8DB4338F17D0->b5da6a4a-1459-46a4-9479-d2035163dbe2@group-4A9565783204, cid=2422, SUCCESS, logIndex=0, commits[b5da6a4a-1459-46a4-9479-d2035163dbe2:c3602, 69c25b61-d669-4f17-b36d-41bca3df1f31:c3600, d2a7b1fa-fac6-4c6f-8c6d-9ac7414c70c3:c3600]
2019-07-14 04:23:51,235 INFO  client.GrpcClientProtocolClient (GrpcClientProtocolClient.java:onNext(255)) - client-8DB4338F17D0->b5da6a4a-1459-46a4-9479-d2035163dbe2: receive RaftClientReply:client-8DB4338F17D0->b5da6a4a-1459-46a4-9479-d2035163dbe2@group-4A9565783204, cid=2423, SUCCESS, logIndex=3603, commits[b5da6a4a-1459-46a4-9479-d2035163dbe2:c3604, 69c25b61-d669-4f17-b36d-41bca3df1f31:c3602, d2a7b1fa-fac6-4c6f-8c6d-9ac7414c70c3:c3602]
2019-07-14 04:23:51,235 INFO  client.GrpcClientProtocolClient (GrpcClientProtocolClient.java:onNext(255)) - client-8DB4338F17D0->b5da6a4a-1459-46a4-9479-d2035163dbe2: receive RaftClientReply:client-8DB4338F17D0->b5da6a4a-1459-46a4-9479-d2035163dbe2@group-4A9565783204, cid=2424, SUCCESS, logIndex=3604, commits[b5da6a4a-1459-46a4-9479-d2035163dbe2:c3604, 69c25b61-d669-4f17-b36d-41bca3df1f31:c3602, d2a7b1fa-fac6-4c6f-8c6d-9ac7414c70c3:c3602]
2019-07-14 04:23:51,236 INFO  client.GrpcClientProtocolClient (GrpcClientProtocolClient.java:onNext(255)) - client-8DB4338F17D0->b5da6a4a-1459-46a4-9479-d2035163dbe2: receive RaftClientReply:client-8DB4338F17D0->b5da6a4a-1459-46a4-9479-d2035163dbe2@group-4A9565783204, cid=2425, SUCCESS, logIndex=3605, commits[b5da6a4a-1459-46a4-9479-d2035163dbe2:c3606, 69c25b61-d669-4f17-b36d-41bca3df1f31:c3602, d2a7b1fa-fac6-4c6f-8c6d-9ac7414c70c3:c3602]
2019-07-14 04:23:51,236 INFO  client.GrpcClientProtocolClient (GrpcClientProtocolClient.java:onNext(255)) - client-8DB4338F17D0->b5da6a4a-1459-46a4-9479-d2035163dbe2: receive RaftClientReply:client-8DB4338F17D0->b5da6a4a-1459-46a4-9479-d2035163dbe2@group-4A9565783204, cid=2426, SUCCESS, logIndex=3606, commits[b5da6a4a-1459-46a4-9479-d2035163dbe2:c3606, 69c25b61-d669-4f17-b36d-41bca3df1f31:c3602, d2a7b1fa-fac6-4c6f-8c6d-9ac7414c70c3:c3602]
2019-07-14 04:23:51,241 INFO  client.GrpcClientProtocolClient (GrpcClientProtocolClient.java:onNext(255)) - client-8DB4338F17D0->b5da6a4a-1459-46a4-9479-d2035163dbe2: receive RaftClientReply:client-8DB4338F17D0->b5da6a4a-1459-46a4-9479-d2035163dbe2@group-4A9565783204, cid=2427, SUCCESS, logIndex=0, commits[b5da6a4a-1459-46a4-9479-d2035163dbe2:c3608, 69c25b61-d669-4f17-b36d-41bca3df1f31:c3604, d2a7b1fa-fac6-4c6f-8c6d-9ac7414c70c3:c3604]
 0.00% |█                                                                                                    |  0/1 Time: 0:00:162019-07-14 04:23:51,256 INFO  client.GrpcClientProtocolClient (GrpcClientProtocolClient.java:onNext(255)) - client-8DB4338F17D0->b5da6a4a-1459-46a4-9479-d2035163dbe2: receive RaftClientReply:client-8DB4338F17D0->b5da6a4a-1459-46a4-9479-d2035163dbe2@group-4A9565783204, cid=2428, SUCCESS, logIndex=3611, commits[b5da6a4a-1459-46a4-9479-d2035163dbe2:c3612, 69c25b61-d669-4f17-b36d-41bca3df1f31:c3606, d2a7b1fa-fac6-4c6f-8c6d-9ac7414c70c3:c3610]
2019-07-14 04:23:51,256 INFO  client.GrpcClientProtocolClient (GrpcClientProtocolClient.java:onNext(255)) - client-8DB4338F17D0->b5da6a4a-1459-46a4-9479-d2035163dbe2: receive RaftClientReply:client-8DB4338F17D0->b5da6a4a-1459-46a4-9479-d2035163dbe2@group-4A9565783204, cid=2429, SUCCESS, logIndex=3612, commits[b5da6a4a-1459-46a4-9479-d2035163dbe2:c3612, 69c25b61-d669-4f17-b36d-41bca3df1f31:c3610, d2a7b1fa-fac6-4c6f-8c6d-9ac7414c70c3:c3610]
2019-07-14 04:23:51,278 INFO  client.GrpcClientProtocolClient (GrpcClientProtocolClient.java:onNext(255)) - client-8DB4338F17D0->b5da6a4a-1459-46a4-9479-d2035163dbe2: receive RaftClientReply:client-8DB4338F17D0->b5da6a4a-1459-46a4-9479-d2035163dbe2@group-4A9565783204, cid=2430, SUCCESS, logIndex=3614, commits[b5da6a4a-1459-46a4-9479-d2035163dbe2:c3615, 69c25b61-d669-4f17-b36d-41bca3df1f31:c3613, d2a7b1fa-fac6-4c6f-8c6d-9ac7414c70c3:c3613]
2019-07-14 04:23:51,278 INFO  client.GrpcClientProtocolClient (GrpcClientProtocolClient.java:onNext(255)) - client-8DB4338F17D0->b5da6a4a-1459-46a4-9479-d2035163dbe2: receive RaftClientReply:client-8DB4338F17D0->b5da6a4a-1459-46a4-9479-d2035163dbe2@group-4A9565783204, cid=2431, SUCCESS, logIndex=3615, commits[b5da6a4a-1459-46a4-9479-d2035163dbe2:c3615, 69c25b61-d669-4f17-b36d-41bca3df1f31:c3613, d2a7b1fa-fac6-4c6f-8c6d-9ac7414c70c3:c3613]
2019-07-14 04:23:51,293 INFO  client.GrpcClientProtocolClient (GrpcClientProtocolClient.java:onNext(255)) - client-8DB4338F17D0->b5da6a4a-1459-46a4-9479-d2035163dbe2: receive RaftClientReply:client-8DB4338F17D0->b5da6a4a-1459-46a4-9479-d2035163dbe2@group-4A9565783204, cid=2432, SUCCESS, logIndex=0, commits[b5da6a4a-1459-46a4-9479-d2035163dbe2:c3617, 69c25b61-d669-4f17-b36d-41bca3df1f31:c3615, d2a7b1fa-fac6-4c6f-8c6d-9ac7414c70c3:c3615]
2019-07-14 04:23:51,325 INFO  client.GrpcClientProtocolClient (GrpcClientProtocolClient.java:onNext(255)) - client-8DB4338F17D0->b5da6a4a-1459-46a4-9479-d2035163dbe2: receive RaftClientReply:client-8DB4338F17D0->b5da6a4a-1459-46a4-9479-d2035163dbe2@group-4A9565783204, cid=2433, SUCCESS, logIndex=3618, commits[b5da6a4a-1459-46a4-9479-d2035163dbe2:c3619, 69c25b61-d669-4f17-b36d-41bca3df1f31:c3617, d2a7b1fa-fac6-4c6f-8c6d-9ac7414c70c3:c3617]
2019-07-14 04:23:51,326 INFO  client.GrpcClientProtocolClient (GrpcClientProtocolClient.java:onNext(255)) - client-8DB4338F17D0->b5da6a4a-1459-46a4-9479-d2035163dbe2: receive RaftClientReply:client-8DB4338F17D0->b5da6a4a-1459-46a4-9479-d2035163dbe2@group-4A9565783204, cid=2434, SUCCESS, logIndex=3619, commits[b5da6a4a-1459-46a4-9479-d2035163dbe2:c3619, 69c25b61-d669-4f17-b36d-41bca3df1f31:c3617, d2a7b1fa-fac6-4c6f-8c6d-9ac7414c70c3:c3617]
2019-07-14 04:23:51,328 INFO  client.GrpcClientProtocolClient (GrpcClientProtocolClient.java:onNext(255)) - client-8DB4338F17D0->b5da6a4a-1459-46a4-9479-d2035163dbe2: receive RaftClientReply:client-8DB4338F17D0->b5da6a4a-1459-46a4-9479-d2035163dbe2@group-4A9565783204, cid=2435, SUCCESS, logIndex=3620, commits[b5da6a4a-1459-46a4-9479-d2035163dbe2:c3621, 69c25b61-d669-4f17-b36d-41bca3df1f31:c3617, d2a7b1fa-fac6-4c6f-8c6d-9ac7414c70c3:c3617]
2019-07-14 04:23:51,329 INFO  client.GrpcClientProtocolClient (GrpcClientProtocolClient.java:onNext(255)) - client-8DB4338F17D0->b5da6a4a-1459-46a4-9479-d2035163dbe2: receive RaftClientReply:client-8DB4338F17D0->b5da6a4a-1459-46a4-9479-d2035163dbe2@group-4A9565783204, cid=2436, SUCCESS, logIndex=3621, commits[b5da6a4a-1459-46a4-9479-d2035163dbe2:c3621, 69c25b61-d669-4f17-b36d-41bca3df1f31:c3617, d2a7b1fa-fac6-4c6f-8c6d-9ac7414c70c3:c3617]
2019-07-14 04:23:51,330 INFO  client.GrpcClientProtocolClient (GrpcClientProtocolClient.java:onNext(255)) - client-8DB4338F17D0->b5da6a4a-1459-46a4-9479-d2035163dbe2: receive RaftClientReply:client-8DB4338F17D0->b5da6a4a-1459-46a4-9479-d2035163dbe2@group-4A9565783204, cid=2437, SUCCESS, logIndex=0, commits[b5da6a4a-1459-46a4-9479-d2035163dbe2:c3623, 69c25b61-d669-4f17-b36d-41bca3df1f31:c3619, d2a7b1fa-fac6-4c6f-8c6d-9ac7414c70c3:c3619]
2019-07-14 04:23:51,363 INFO  client.GrpcClientProtocolClient (GrpcClientProtocolClient.java:onNext(255)) - client-8DB4338F17D0->b5da6a4a-1459-46a4-9479-d2035163dbe2: receive RaftClientReply:client-8DB4338F17D0->b5da6a4a-1459-46a4-9479-d2035163dbe2@group-4A9565783204, cid=2438, SUCCESS, logIndex=3626, commits[b5da6a4a-1459-46a4-9479-d2035163dbe2:c3627, 69c25b61-d669-4f17-b36d-41bca3df1f31:c3625, d2a7b1fa-fac6-4c6f-8c6d-9ac7414c70c3:c3625]
2019-07-14 04:23:51,363 INFO  client.GrpcClientProtocolClient (GrpcClientProtocolClient.java:onNext(255)) - client-8DB4338F17D0->b5da6a4a-1459-46a4-9479-d2035163dbe2: receive RaftClientReply:client-8DB4338F17D0->b5da6a4a-1459-46a4-9479-d2035163dbe2@group-4A9565783204, cid=2439, SUCCESS, logIndex=3627, commits[b5da6a4a-1459-46a4-9479-d2035163dbe2:c3627, 69c25b61-d669-4f17-b36d-41bca3df1f31:c3625, d2a7b1fa-fac6-4c6f-8c6d-9ac7414c70c3:c3625]
2019-07-14 04:23:51,386 INFO  client.GrpcClientProtocolClient (GrpcClientProtocolClient.java:onNext(255)) - client-8DB4338F17D0->b5da6a4a-1459-46a4-9479-d2035163dbe2: receive RaftClientReply:client-8DB4338F17D0->b5da6a4a-1459-46a4-9479-d2035163dbe2@group-4A9565783204, cid=2440, SUCCESS, logIndex=3630, commits[b5da6a4a-1459-46a4-9479-d2035163dbe2:c3631, 69c25b61-d669-4f17-b36d-41bca3df1f31:c3627, d2a7b1fa-fac6-4c6f-8c6d-9ac7414c70c3:c3626]
2019-07-14 04:23:51,386 INFO  client.GrpcClientProtocolClient (GrpcClientProtocolClient.java:onNext(255)) - client-8DB4338F17D0->b5da6a4a-1459-46a4-9479-d2035163dbe2: receive RaftClientReply:client-8DB4338F17D0->b5da6a4a-1459-46a4-9479-d2035163dbe2@group-4A9565783204, cid=2441, SUCCESS, logIndex=3631, commits[b5da6a4a-1459-46a4-9479-d2035163dbe2:c3631, 69c25b61-d669-4f17-b36d-41bca3df1f31:c3627, d2a7b1fa-fac6-4c6f-8c6d-9ac7414c70c3:c3626]
2019-07-14 04:23:51,387 INFO  client.GrpcClientProtocolClient (GrpcClientProtocolClient.java:onNext(255)) - client-8DB4338F17D0->b5da6a4a-1459-46a4-9479-d2035163dbe2: receive RaftClientReply:client-8DB4338F17D0->b5da6a4a-1459-46a4-9479-d2035163dbe2@group-4A9565783204, cid=2442, SUCCESS, logIndex=0, commits[b5da6a4a-1459-46a4-9479-d2035163dbe2:c3631, 69c25b61-d669-4f17-b36d-41bca3df1f31:c3627, d2a7b1fa-fac6-4c6f-8c6d-9ac7414c70c3:c3627]
2019-07-14 04:23:51,390 INFO  client.GrpcClientProtocolClient (GrpcClientProtocolClient.java:onNext(255)) - client-8DB4338F17D0->b5da6a4a-1459-46a4-9479-d2035163dbe2: receive RaftClientReply:client-8DB4338F17D0->b5da6a4a-1459-46a4-9479-d2035163dbe2@group-4A9565783204, cid=2443, SUCCESS, logIndex=0, commits[b5da6a4a-1459-46a4-9479-d2035163dbe2:c3632, 69c25b61-d669-4f17-b36d-41bca3df1f31:c3631, d2a7b1fa-fac6-4c6f-8c6d-9ac7414c70c3:c3631]
2019-07-14 04:23:51,423 INFO  client.GrpcClientProtocolClient (GrpcClientProtocolClient.java:onNext(255)) - client-8DB4338F17D0->b5da6a4a-1459-46a4-9479-d2035163dbe2: receive RaftClientReply:client-8DB4338F17D0->b5da6a4a-1459-46a4-9479-d2035163dbe2@group-4A9565783204, cid=2444, SUCCESS, logIndex=3634, commits[b5da6a4a-1459-46a4-9479-d2035163dbe2:c3635, 69c25b61-d669-4f17-b36d-41bca3df1f31:c3631, d2a7b1fa-fac6-4c6f-8c6d-9ac7414c70c3:c3633]
2019-07-14 04:23:51,423 INFO  client.GrpcClientProtocolClient (GrpcClientProtocolClient.java:onNext(255)) - client-8DB4338F17D0->b5da6a4a-1459-46a4-9479-d2035163dbe2: receive RaftClientReply:client-8DB4338F17D0->b5da6a4a-1459-46a4-9479-d2035163dbe2@group-4A9565783204, cid=2445, SUCCESS, logIndex=3635, commits[b5da6a4a-1459-46a4-9479-d2035163dbe2:c3635, 69c25b61-d669-4f17-b36d-41bca3df1f31:c3631, d2a7b1fa-fac6-4c6f-8c6d-9ac7414c70c3:c3633]
2019-07-14 04:23:51,425 INFO  client.GrpcClientProtocolClient (GrpcClientProtocolClient.java:onNext(255)) - client-8DB4338F17D0->b5da6a4a-1459-46a4-9479-d2035163dbe2: receive RaftClientReply:client-8DB4338F17D0->b5da6a4a-1459-46a4-9479-d2035163dbe2@group-4A9565783204, cid=2446, SUCCESS, logIndex=3636, commits[b5da6a4a-1459-46a4-9479-d2035163dbe2:c3637, 69c25b61-d669-4f17-b36d-41bca3df1f31:c3633, d2a7b1fa-fac6-4c6f-8c6d-9ac7414c70c3:c3633]
2019-07-14 04:23:51,425 INFO  client.GrpcClientProtocolClient (GrpcClientProtocolClient.java:onNext(255)) - client-8DB4338F17D0->b5da6a4a-1459-46a4-9479-d2035163dbe2: receive RaftClientReply:client-8DB4338F17D0->b5da6a4a-1459-46a4-9479-d2035163dbe2@group-4A9565783204, cid=2447, SUCCESS, logIndex=3637, commits[b5da6a4a-1459-46a4-9479-d2035163dbe2:c3637, 69c25b61-d669-4f17-b36d-41bca3df1f31:c3633, d2a7b1fa-fac6-4c6f-8c6d-9ac7414c70c3:c3633]
2019-07-14 04:23:51,428 INFO  client.GrpcClientProtocolClient (GrpcClientProtocolClient.java:onNext(255)) - client-8DB4338F17D0->b5da6a4a-1459-46a4-9479-d2035163dbe2: receive RaftClientReply:client-8DB4338F17D0->b5da6a4a-1459-46a4-9479-d2035163dbe2@group-4A9565783204, cid=2448, SUCCESS, logIndex=0, commits[b5da6a4a-1459-46a4-9479-d2035163dbe2:c3639, 69c25b61-d669-4f17-b36d-41bca3df1f31:c3635, d2a7b1fa-fac6-4c6f-8c6d-9ac7414c70c3:c3635]
2019-07-14 04:23:51,442 INFO  client.GrpcClientProtocolClient (GrpcClientProtocolClient.java:onNext(255)) - client-8DB4338F17D0->b5da6a4a-1459-46a4-9479-d2035163dbe2: receive RaftClientReply:client-8DB4338F17D0->b5da6a4a-1459-46a4-9479-d2035163dbe2@group-4A9565783204, cid=2449, SUCCESS, logIndex=3642, commits[b5da6a4a-1459-46a4-9479-d2035163dbe2:c3643, 69c25b61-d669-4f17-b36d-41bca3df1f31:c3641, d2a7b1fa-fac6-4c6f-8c6d-9ac7414c70c3:c3641]
2019-07-14 04:23:51,443 INFO  client.GrpcClientProtocolClient (GrpcClientProtocolClient.java:onNext(255)) - client-8DB4338F17D0->b5da6a4a-1459-46a4-9479-d2035163dbe2: receive RaftClientReply:client-8DB4338F17D0->b5da6a4a-1459-46a4-9479-d2035163dbe2@group-4A9565783204, cid=2450, SUCCESS, logIndex=3643, commits[b5da6a4a-1459-46a4-9479-d2035163dbe2:c3643, 69c25b61-d669-4f17-b36d-41bca3df1f31:c3641, d2a7b1fa-fac6-4c6f-8c6d-9ac7414c70c3:c3641]
2019-07-14 04:23:51,454 INFO  client.GrpcClientProtocolClient (GrpcClientProtocolClient.java:onNext(255)) - client-8DB4338F17D0->b5da6a4a-1459-46a4-9479-d2035163dbe2: receive RaftClientReply:client-8DB4338F17D0->b5da6a4a-1459-46a4-9479-d2035163dbe2@group-4A9565783204, cid=2451, SUCCESS, logIndex=3646, commits[b5da6a4a-1459-46a4-9479-d2035163dbe2:c3647, 69c25b61-d669-4f17-b36d-41bca3df1f31:c3645, d2a7b1fa-fac6-4c6f-8c6d-9ac7414c70c3:c3643]
2019-07-14 04:23:51,454 INFO  client.GrpcClientProtocolClient (GrpcClientProtocolClient.java:onNext(255)) - client-8DB4338F17D0->b5da6a4a-1459-46a4-9479-d2035163dbe2: receive RaftClientReply:client-8DB4338F17D0->b5da6a4a-1459-46a4-9479-d2035163dbe2@group-4A9565783204, cid=2452, SUCCESS, logIndex=3647, commits[b5da6a4a-1459-46a4-9479-d2035163dbe2:c3647, 69c25b61-d669-4f17-b36d-41bca3df1f31:c3645, d2a7b1fa-fac6-4c6f-8c6d-9ac7414c70c3:c3645]
2019-07-14 04:23:51,457 INFO  client.GrpcClientProtocolClient (GrpcClientProtocolClient.java:onNext(255)) - client-8DB4338F17D0->b5da6a4a-1459-46a4-9479-d2035163dbe2: receive RaftClientReply:client-8DB4338F17D0->b5da6a4a-1459-46a4-9479-d2035163dbe2@group-4A9565783204, cid=2453, SUCCESS, logIndex=0, commits[b5da6a4a-1459-46a4-9479-d2035163dbe2:c3648, 69c25b61-d669-4f17-b36d-41bca3df1f31:c3647, d2a7b1fa-fac6-4c6f-8c6d-9ac7414c70c3:c3647]
2019-07-14 04:23:51,477 INFO  client.GrpcClientProtocolClient (GrpcClientProtocolClient.java:onNext(255)) - client-8DB4338F17D0->b5da6a4a-1459-46a4-9479-d2035163dbe2: receive RaftClientReply:client-8DB4338F17D0->b5da6a4a-1459-46a4-9479-d2035163dbe2@group-4A9565783204, cid=2454, SUCCESS, logIndex=3650, commits[b5da6a4a-1459-46a4-9479-d2035163dbe2:c3651, 69c25b61-d669-4f17-b36d-41bca3df1f31:c3647, d2a7b1fa-fac6-4c6f-8c6d-9ac7414c70c3:c3649]
2019-07-14 04:23:51,477 INFO  client.GrpcClientProtocolClient (GrpcClientProtocolClient.java:onNext(255)) - client-8DB4338F17D0->b5da6a4a-1459-46a4-9479-d2035163dbe2: receive RaftClientReply:client-8DB4338F17D0->b5da6a4a-1459-46a4-9479-d2035163dbe2@group-4A9565783204, cid=2455, SUCCESS, logIndex=3651, commits[b5da6a4a-1459-46a4-9479-d2035163dbe2:c3651, 69c25b61-d669-4f17-b36d-41bca3df1f31:c3647, d2a7b1fa-fac6-4c6f-8c6d-9ac7414c70c3:c3649]
2019-07-14 04:23:51,488 INFO  client.GrpcClientProtocolClient (GrpcClientProtocolClient.java:onNext(255)) - client-8DB4338F17D0->b5da6a4a-1459-46a4-9479-d2035163dbe2: receive RaftClientReply:client-8DB4338F17D0->b5da6a4a-1459-46a4-9479-d2035163dbe2@group-4A9565783204, cid=2456, SUCCESS, logIndex=3652, commits[b5da6a4a-1459-46a4-9479-d2035163dbe2:c3652, 69c25b61-d669-4f17-b36d-41bca3df1f31:c3649, d2a7b1fa-fac6-4c6f-8c6d-9ac7414c70c3:c3649]
2019-07-14 04:23:51,488 INFO  client.GrpcClientProtocolClient (GrpcClientProtocolClient.java:onNext(255)) - client-8DB4338F17D0->b5da6a4a-1459-46a4-9479-d2035163dbe2: receive RaftClientReply:client-8DB4338F17D0->b5da6a4a-1459-46a4-9479-d2035163dbe2@group-4A9565783204, cid=2457, SUCCESS, logIndex=3653, commits[b5da6a4a-1459-46a4-9479-d2035163dbe2:c3653, 69c25b61-d669-4f17-b36d-41bca3df1f31:c3649, d2a7b1fa-fac6-4c6f-8c6d-9ac7414c70c3:c3650]
2019-07-14 04:23:51,492 INFO  client.GrpcClientProtocolClient (GrpcClientProtocolClient.java:onNext(255)) - client-8DB4338F17D0->b5da6a4a-1459-46a4-9479-d2035163dbe2: receive RaftClientReply:client-8DB4338F17D0->b5da6a4a-1459-46a4-9479-d2035163dbe2@group-4A9565783204, cid=2458, SUCCESS, logIndex=0, commits[b5da6a4a-1459-46a4-9479-d2035163dbe2:c3655, 69c25b61-d669-4f17-b36d-41bca3df1f31:c3651, d2a7b1fa-fac6-4c6f-8c6d-9ac7414c70c3:c3652]
2019-07-14 04:23:51,503 INFO  client.GrpcClientProtocolClient (GrpcClientProtocolClient.java:onNext(255)) - client-8DB4338F17D0->b5da6a4a-1459-46a4-9479-d2035163dbe2: receive RaftClientReply:client-8DB4338F17D0->b5da6a4a-1459-46a4-9479-d2035163dbe2@group-4A9565783204, cid=2459, SUCCESS, logIndex=3658, commits[b5da6a4a-1459-46a4-9479-d2035163dbe2:c3659, 69c25b61-d669-4f17-b36d-41bca3df1f31:c3653, d2a7b1fa-fac6-4c6f-8c6d-9ac7414c70c3:c3657]
2019-07-14 04:23:51,503 INFO  client.GrpcClientProtocolClient (GrpcClientProtocolClient.java:onNext(255)) - client-8DB4338F17D0->b5da6a4a-1459-46a4-9479-d2035163dbe2: receive RaftClientReply:client-8DB4338F17D0->b5da6a4a-1459-46a4-9479-d2035163dbe2@group-4A9565783204, cid=2460, SUCCESS, logIndex=3659, commits[b5da6a4a-1459-46a4-9479-d2035163dbe2:c3659, 69c25b61-d669-4f17-b36d-41bca3df1f31:c3657, d2a7b1fa-fac6-4c6f-8c6d-9ac7414c70c3:c3657]
2019-07-14 04:23:51,523 INFO  client.GrpcClientProtocolClient (GrpcClientProtocolClient.java:onNext(255)) - client-8DB4338F17D0->b5da6a4a-1459-46a4-9479-d2035163dbe2: receive RaftClientReply:client-8DB4338F17D0->b5da6a4a-1459-46a4-9479-d2035163dbe2@group-4A9565783204, cid=2461, SUCCESS, logIndex=3662, commits[b5da6a4a-1459-46a4-9479-d2035163dbe2:c3663, 69c25b61-d669-4f17-b36d-41bca3df1f31:c3661, d2a7b1fa-fac6-4c6f-8c6d-9ac7414c70c3:c3661]
2019-07-14 04:23:51,523 INFO  client.GrpcClientProtocolClient (GrpcClientProtocolClient.java:onNext(255)) - client-8DB4338F17D0->b5da6a4a-1459-46a4-9479-d2035163dbe2: receive RaftClientReply:client-8DB4338F17D0->b5da6a4a-1459-46a4-9479-d2035163dbe2@group-4A9565783204, cid=2462, SUCCESS, logIndex=3663, commits[b5da6a4a-1459-46a4-9479-d2035163dbe2:c3663, 69c25b61-d669-4f17-b36d-41bca3df1f31:c3661, d2a7b1fa-fac6-4c6f-8c6d-9ac7414c70c3:c3661]
2019-07-14 04:23:51,533 INFO  client.GrpcClientProtocolClient (GrpcClientProtocolClient.java:onNext(255)) - client-8DB4338F17D0->b5da6a4a-1459-46a4-9479-d2035163dbe2: receive RaftClientReply:client-8DB4338F17D0->b5da6a4a-1459-46a4-9479-d2035163dbe2@group-4A9565783204, cid=2463, SUCCESS, logIndex=0, commits[b5da6a4a-1459-46a4-9479-d2035163dbe2:c3663, 69c25b61-d669-4f17-b36d-41bca3df1f31:c3663, d2a7b1fa-fac6-4c6f-8c6d-9ac7414c70c3:c3663]
2019-07-14 04:23:51,638 INFO  client.GrpcClientProtocolClient (GrpcClientProtocolClient.java:onNext(255)) - client-8DB4338F17D0->b5da6a4a-1459-46a4-9479-d2035163dbe2: receive RaftClientReply:client-8DB4338F17D0->b5da6a4a-1459-46a4-9479-d2035163dbe2@group-4A9565783204, cid=2464, SUCCESS, logIndex=3666, commits[b5da6a4a-1459-46a4-9479-d2035163dbe2:c3667, 69c25b61-d669-4f17-b36d-41bca3df1f31:c3665, d2a7b1fa-fac6-4c6f-8c6d-9ac7414c70c3:c3665]
2019-07-14 04:23:51,639 INFO  client.GrpcClientProtocolClient (GrpcClientProtocolClient.java:onNext(255)) - client-8DB4338F17D0->b5da6a4a-1459-46a4-9479-d2035163dbe2: receive RaftClientReply:client-8DB4338F17D0->b5da6a4a-1459-46a4-9479-d2035163dbe2@group-4A9565783204, cid=2465, SUCCESS, logIndex=3667, commits[b5da6a4a-1459-46a4-9479-d2035163dbe2:c3667, 69c25b61-d669-4f17-b36d-41bca3df1f31:c3665, d2a7b1fa-fac6-4c6f-8c6d-9ac7414c70c3:c3665]
2019-07-14 04:23:51,639 INFO  client.GrpcClientProtocolClient (GrpcClientProtocolClient.java:onNext(255)) - client-8DB4338F17D0->b5da6a4a-1459-46a4-9479-d2035163dbe2: receive RaftClientReply:client-8DB4338F17D0->b5da6a4a-1459-46a4-9479-d2035163dbe2@group-4A9565783204, cid=2466, SUCCESS, logIndex=3668, commits[b5da6a4a-1459-46a4-9479-d2035163dbe2:c3669, 69c25b61-d669-4f17-b36d-41bca3df1f31:c3665, d2a7b1fa-fac6-4c6f-8c6d-9ac7414c70c3:c3665]
2019-07-14 04:23:51,639 INFO  client.GrpcClientProtocolClient (GrpcClientProtocolClient.java:onNext(255)) - client-8DB4338F17D0->b5da6a4a-1459-46a4-9479-d2035163dbe2: receive RaftClientReply:client-8DB4338F17D0->b5da6a4a-1459-46a4-9479-d2035163dbe2@group-4A9565783204, cid=2467, SUCCESS, logIndex=3669, commits[b5da6a4a-1459-46a4-9479-d2035163dbe2:c3669, 69c25b61-d669-4f17-b36d-41bca3df1f31:c3665, d2a7b1fa-fac6-4c6f-8c6d-9ac7414c70c3:c3665]
2019-07-14 04:23:51,641 INFO  client.GrpcClientProtocolClient (GrpcClientProtocolClient.java:onNext(255)) - client-8DB4338F17D0->b5da6a4a-1459-46a4-9479-d2035163dbe2: receive RaftClientReply:client-8DB4338F17D0->b5da6a4a-1459-46a4-9479-d2035163dbe2@group-4A9565783204, cid=2468, SUCCESS, logIndex=0, commits[b5da6a4a-1459-46a4-9479-d2035163dbe2:c3670, 69c25b61-d669-4f17-b36d-41bca3df1f31:c3667, d2a7b1fa-fac6-4c6f-8c6d-9ac7414c70c3:c3667]
2019-07-14 04:23:51,661 INFO  client.GrpcClientProtocolClient (GrpcClientProtocolClient.java:onNext(255)) - client-8DB4338F17D0->b5da6a4a-1459-46a4-9479-d2035163dbe2: receive RaftClientReply:client-8DB4338F17D0->b5da6a4a-1459-46a4-9479-d2035163dbe2@group-4A9565783204, cid=2469, SUCCESS, logIndex=3674, commits[b5da6a4a-1459-46a4-9479-d2035163dbe2:c3675, 69c25b61-d669-4f17-b36d-41bca3df1f31:c3673, d2a7b1fa-fac6-4c6f-8c6d-9ac7414c70c3:c3673]
2019-07-14 04:23:51,661 INFO  client.GrpcClientProtocolClient (GrpcClientProtocolClient.java:onNext(255)) - client-8DB4338F17D0->b5da6a4a-1459-46a4-9479-d2035163dbe2: receive RaftClientReply:client-8DB4338F17D0->b5da6a4a-1459-46a4-9479-d2035163dbe2@group-4A9565783204, cid=2470, SUCCESS, logIndex=3675, commits[b5da6a4a-1459-46a4-9479-d2035163dbe2:c3675, 69c25b61-d669-4f17-b36d-41bca3df1f31:c3673, d2a7b1fa-fac6-4c6f-8c6d-9ac7414c70c3:c3673]
2019-07-14 04:23:51,680 INFO  client.GrpcClientProtocolClient (GrpcClientProtocolClient.java:onNext(255)) - client-8DB4338F17D0->b5da6a4a-1459-46a4-9479-d2035163dbe2: receive RaftClientReply:client-8DB4338F17D0->b5da6a4a-1459-46a4-9479-d2035163dbe2@group-4A9565783204, cid=2471, SUCCESS, logIndex=3678, commits[b5da6a4a-1459-46a4-9479-d2035163dbe2:c3679, 69c25b61-d669-4f17-b36d-41bca3df1f31:c3675, d2a7b1fa-fac6-4c6f-8c6d-9ac7414c70c3:c3675]
2019-07-14 04:23:51,680 INFO  client.GrpcClientProtocolClient (GrpcClientProtocolClient.java:onNext(255)) - client-8DB4338F17D0->b5da6a4a-1459-46a4-9479-d2035163dbe2: receive RaftClientReply:client-8DB4338F17D0->b5da6a4a-1459-46a4-9479-d2035163dbe2@group-4A9565783204, cid=2472, SUCCESS, logIndex=3679, commits[b5da6a4a-1459-46a4-9479-d2035163dbe2:c3679, 69c25b61-d669-4f17-b36d-41bca3df1f31:c3675, d2a7b1fa-fac6-4c6f-8c6d-9ac7414c70c3:c3675]
2019-07-14 04:23:51,691 INFO  client.GrpcClientProtocolClient (GrpcClientProtocolClient.java:onNext(255)) - client-8DB4338F17D0->b5da6a4a-1459-46a4-9479-d2035163dbe2: receive RaftClientReply:client-8DB4338F17D0->b5da6a4a-1459-46a4-9479-d2035163dbe2@group-4A9565783204, cid=2473, SUCCESS, logIndex=0, commits[b5da6a4a-1459-46a4-9479-d2035163dbe2:c3680, 69c25b61-d669-4f17-b36d-41bca3df1f31:c3679, d2a7b1fa-fac6-4c6f-8c6d-9ac7414c70c3:c3679]
2019-07-14 04:23:51,713 INFO  client.GrpcClientProtocolClient (GrpcClientProtocolClient.java:onNext(255)) - client-8DB4338F17D0->b5da6a4a-1459-46a4-9479-d2035163dbe2: receive RaftClientReply:client-8DB4338F17D0->b5da6a4a-1459-46a4-9479-d2035163dbe2@group-4A9565783204, cid=2474, SUCCESS, logIndex=3682, commits[b5da6a4a-1459-46a4-9479-d2035163dbe2:c3683, 69c25b61-d669-4f17-b36d-41bca3df1f31:c3681, d2a7b1fa-fac6-4c6f-8c6d-9ac7414c70c3:c3681]
2019-07-14 04:23:51,713 INFO  client.GrpcClientProtocolClient (GrpcClientProtocolClient.java:onNext(255)) - client-8DB4338F17D0->b5da6a4a-1459-46a4-9479-d2035163dbe2: receive RaftClientReply:client-8DB4338F17D0->b5da6a4a-1459-46a4-9479-d2035163dbe2@group-4A9565783204, cid=2475, SUCCESS, logIndex=3683, commits[b5da6a4a-1459-46a4-9479-d2035163dbe2:c3683, 69c25b61-d669-4f17-b36d-41bca3df1f31:c3681, d2a7b1fa-fac6-4c6f-8c6d-9ac7414c70c3:c3681]
2019-07-14 04:23:51,722 INFO  client.GrpcClientProtocolClient (GrpcClientProtocolClient.java:onNext(255)) - client-8DB4338F17D0->b5da6a4a-1459-46a4-9479-d2035163dbe2: receive RaftClientReply:client-8DB4338F17D0->b5da6a4a-1459-46a4-9479-d2035163dbe2@group-4A9565783204, cid=2476, SUCCESS, logIndex=3684, commits[b5da6a4a-1459-46a4-9479-d2035163dbe2:c3685, 69c25b61-d669-4f17-b36d-41bca3df1f31:c3681, d2a7b1fa-fac6-4c6f-8c6d-9ac7414c70c3:c3681]
2019-07-14 04:23:51,722 INFO  client.GrpcClientProtocolClient (GrpcClientProtocolClient.java:onNext(255)) - client-8DB4338F17D0->b5da6a4a-1459-46a4-9479-d2035163dbe2: receive RaftClientReply:client-8DB4338F17D0->b5da6a4a-1459-46a4-9479-d2035163dbe2@group-4A9565783204, cid=2477, SUCCESS, logIndex=3685, commits[b5da6a4a-1459-46a4-9479-d2035163dbe2:c3685, 69c25b61-d669-4f17-b36d-41bca3df1f31:c3681, d2a7b1fa-fac6-4c6f-8c6d-9ac7414c70c3:c3681]
2019-07-14 04:23:51,726 INFO  client.GrpcClientProtocolClient (GrpcClientProtocolClient.java:onNext(255)) - client-8DB4338F17D0->b5da6a4a-1459-46a4-9479-d2035163dbe2: receive RaftClientReply:client-8DB4338F17D0->b5da6a4a-1459-46a4-9479-d2035163dbe2@group-4A9565783204, cid=2478, SUCCESS, logIndex=0, commits[b5da6a4a-1459-46a4-9479-d2035163dbe2:c3687, 69c25b61-d669-4f17-b36d-41bca3df1f31:c3683, d2a7b1fa-fac6-4c6f-8c6d-9ac7414c70c3:c3683]
2019-07-14 04:23:51,744 INFO  client.GrpcClientProtocolClient (GrpcClientProtocolClient.java:onNext(255)) - client-8DB4338F17D0->b5da6a4a-1459-46a4-9479-d2035163dbe2: receive RaftClientReply:client-8DB4338F17D0->b5da6a4a-1459-46a4-9479-d2035163dbe2@group-4A9565783204, cid=2479, SUCCESS, logIndex=3690, commits[b5da6a4a-1459-46a4-9479-d2035163dbe2:c3691, 69c25b61-d669-4f17-b36d-41bca3df1f31:c3689, d2a7b1fa-fac6-4c6f-8c6d-9ac7414c70c3:c3689]
2019-07-14 04:23:51,744 INFO  client.GrpcClientProtocolClient (GrpcClientProtocolClient.java:onNext(255)) - client-8DB4338F17D0->b5da6a4a-1459-46a4-9479-d2035163dbe2: receive RaftClientReply:client-8DB4338F17D0->b5da6a4a-1459-46a4-9479-d2035163dbe2@group-4A9565783204, cid=2480, SUCCESS, logIndex=3691, commits[b5da6a4a-1459-46a4-9479-d2035163dbe2:c3691, 69c25b61-d669-4f17-b36d-41bca3df1f31:c3689, d2a7b1fa-fac6-4c6f-8c6d-9ac7414c70c3:c3689]
2019-07-14 04:23:51,763 INFO  client.GrpcClientProtocolClient (GrpcClientProtocolClient.java:onNext(255)) - client-8DB4338F17D0->b5da6a4a-1459-46a4-9479-d2035163dbe2: receive RaftClientReply:client-8DB4338F17D0->b5da6a4a-1459-46a4-9479-d2035163dbe2@group-4A9565783204, cid=2481, SUCCESS, logIndex=3694, commits[b5da6a4a-1459-46a4-9479-d2035163dbe2:c3695, 69c25b61-d669-4f17-b36d-41bca3df1f31:c3693, d2a7b1fa-fac6-4c6f-8c6d-9ac7414c70c3:c3693]
2019-07-14 04:23:51,763 INFO  client.GrpcClientProtocolClient (GrpcClientProtocolClient.java:onNext(255)) - client-8DB4338F17D0->b5da6a4a-1459-46a4-9479-d2035163dbe2: receive RaftClientReply:client-8DB4338F17D0->b5da6a4a-1459-46a4-9479-d2035163dbe2@group-4A9565783204, cid=2482, SUCCESS, logIndex=3695, commits[b5da6a4a-1459-46a4-9479-d2035163dbe2:c3695, 69c25b61-d669-4f17-b36d-41bca3df1f31:c3693, d2a7b1fa-fac6-4c6f-8c6d-9ac7414c70c3:c3693]
2019-07-14 04:23:51,773 INFO  client.GrpcClientProtocolClient (GrpcClientProtocolClient.java:onNext(255)) - client-8DB4338F17D0->b5da6a4a-1459-46a4-9479-d2035163dbe2: receive RaftClientReply:client-8DB4338F17D0->b5da6a4a-1459-46a4-9479-d2035163dbe2@group-4A9565783204, cid=2483, SUCCESS, logIndex=0, commits[b5da6a4a-1459-46a4-9479-d2035163dbe2:c3696, 69c25b61-d669-4f17-b36d-41bca3df1f31:c3695, d2a7b1fa-fac6-4c6f-8c6d-9ac7414c70c3:c3695]
2019-07-14 04:23:51,790 INFO  client.GrpcClientProtocolClient (GrpcClientProtocolClient.java:onNext(255)) - client-8DB4338F17D0->b5da6a4a-1459-46a4-9479-d2035163dbe2: receive RaftClientReply:client-8DB4338F17D0->b5da6a4a-1459-46a4-9479-d2035163dbe2@group-4A9565783204, cid=2484, SUCCESS, logIndex=3698, commits[b5da6a4a-1459-46a4-9479-d2035163dbe2:c3699, 69c25b61-d669-4f17-b36d-41bca3df1f31:c3695, d2a7b1fa-fac6-4c6f-8c6d-9ac7414c70c3:c3697]
2019-07-14 04:23:51,791 INFO  client.GrpcClientProtocolClient (GrpcClientProtocolClient.java:onNext(255)) - client-8DB4338F17D0->b5da6a4a-1459-46a4-9479-d2035163dbe2: receive RaftClientReply:client-8DB4338F17D0->b5da6a4a-1459-46a4-9479-d2035163dbe2@group-4A9565783204, cid=2485, SUCCESS, logIndex=3699, commits[b5da6a4a-1459-46a4-9479-d2035163dbe2:c3699, 69c25b61-d669-4f17-b36d-41bca3df1f31:c3695, d2a7b1fa-fac6-4c6f-8c6d-9ac7414c70c3:c3697]
2019-07-14 04:23:51,793 INFO  client.GrpcClientProtocolClient (GrpcClientProtocolClient.java:onNext(255)) - client-8DB4338F17D0->b5da6a4a-1459-46a4-9479-d2035163dbe2: receive RaftClientReply:client-8DB4338F17D0->b5da6a4a-1459-46a4-9479-d2035163dbe2@group-4A9565783204, cid=2486, SUCCESS, logIndex=3700, commits[b5da6a4a-1459-46a4-9479-d2035163dbe2:c3700, 69c25b61-d669-4f17-b36d-41bca3df1f31:c3697, d2a7b1fa-fac6-4c6f-8c6d-9ac7414c70c3:c3697]
2019-07-14 04:23:51,793 INFO  client.GrpcClientProtocolClient (GrpcClientProtocolClient.java:onNext(255)) - client-8DB4338F17D0->b5da6a4a-1459-46a4-9479-d2035163dbe2: receive RaftClientReply:client-8DB4338F17D0->b5da6a4a-1459-46a4-9479-d2035163dbe2@group-4A9565783204, cid=2487, SUCCESS, logIndex=3701, commits[b5da6a4a-1459-46a4-9479-d2035163dbe2:c3701, 69c25b61-d669-4f17-b36d-41bca3df1f31:c3697, d2a7b1fa-fac6-4c6f-8c6d-9ac7414c70c3:c3697]
2019-07-14 04:23:51,796 INFO  client.GrpcClientProtocolClient (GrpcClientProtocolClient.java:onNext(255)) - client-8DB4338F17D0->b5da6a4a-1459-46a4-9479-d2035163dbe2: receive RaftClientReply:client-8DB4338F17D0->b5da6a4a-1459-46a4-9479-d2035163dbe2@group-4A9565783204, cid=2488, SUCCESS, logIndex=0, commits[b5da6a4a-1459-46a4-9479-d2035163dbe2:c3702, 69c25b61-d669-4f17-b36d-41bca3df1f31:c3699, d2a7b1fa-fac6-4c6f-8c6d-9ac7414c70c3:c3699]
2019-07-14 04:23:51,805 INFO  client.GrpcClientProtocolClient (GrpcClientProtocolClient.java:onNext(255)) - client-8DB4338F17D0->b5da6a4a-1459-46a4-9479-d2035163dbe2: receive RaftClientReply:client-8DB4338F17D0->b5da6a4a-1459-46a4-9479-d2035163dbe2@group-4A9565783204, cid=2489, SUCCESS, logIndex=3706, commits[b5da6a4a-1459-46a4-9479-d2035163dbe2:c3707, 69c25b61-d669-4f17-b36d-41bca3df1f31:c3701, d2a7b1fa-fac6-4c6f-8c6d-9ac7414c70c3:c3705]
2019-07-14 04:23:51,805 INFO  client.GrpcClientProtocolClient (GrpcClientProtocolClient.java:onNext(255)) - client-8DB4338F17D0->b5da6a4a-1459-46a4-9479-d2035163dbe2: receive RaftClientReply:client-8DB4338F17D0->b5da6a4a-1459-46a4-9479-d2035163dbe2@group-4A9565783204, cid=2490, SUCCESS, logIndex=3707, commits[b5da6a4a-1459-46a4-9479-d2035163dbe2:c3707, 69c25b61-d669-4f17-b36d-41bca3df1f31:c3705, d2a7b1fa-fac6-4c6f-8c6d-9ac7414c70c3:c3705]
2019-07-14 04:23:51,820 INFO  client.GrpcClientProtocolClient (GrpcClientProtocolClient.java:onNext(255)) - client-8DB4338F17D0->b5da6a4a-1459-46a4-9479-d2035163dbe2: receive RaftClientReply:client-8DB4338F17D0->b5da6a4a-1459-46a4-9479-d2035163dbe2@group-4A9565783204, cid=2491, SUCCESS, logIndex=3710, commits[b5da6a4a-1459-46a4-9479-d2035163dbe2:c3711, 69c25b61-d669-4f17-b36d-41bca3df1f31:c3709, d2a7b1fa-fac6-4c6f-8c6d-9ac7414c70c3:c3709]
2019-07-14 04:23:51,821 INFO  client.GrpcClientProtocolClient (GrpcClientProtocolClient.java:onNext(255)) - client-8DB4338F17D0->b5da6a4a-1459-46a4-9479-d2035163dbe2: receive RaftClientReply:client-8DB4338F17D0->b5da6a4a-1459-46a4-9479-d2035163dbe2@group-4A9565783204, cid=2492, SUCCESS, logIndex=3711, commits[b5da6a4a-1459-46a4-9479-d2035163dbe2:c3711, 69c25b61-d669-4f17-b36d-41bca3df1f31:c3709, d2a7b1fa-fac6-4c6f-8c6d-9ac7414c70c3:c3709]
2019-07-14 04:23:51,830 INFO  client.GrpcClientProtocolClient (GrpcClientProtocolClient.java:onNext(255)) - client-8DB4338F17D0->b5da6a4a-1459-46a4-9479-d2035163dbe2: receive RaftClientReply:client-8DB4338F17D0->b5da6a4a-1459-46a4-9479-d2035163dbe2@group-4A9565783204, cid=2493, SUCCESS, logIndex=0, commits[b5da6a4a-1459-46a4-9479-d2035163dbe2:c3711, 69c25b61-d669-4f17-b36d-41bca3df1f31:c3711, d2a7b1fa-fac6-4c6f-8c6d-9ac7414c70c3:c3711]
2019-07-14 04:23:51,857 INFO  client.GrpcClientProtocolClient (GrpcClientProtocolClient.java:onNext(255)) - client-8DB4338F17D0->b5da6a4a-1459-46a4-9479-d2035163dbe2: receive RaftClientReply:client-8DB4338F17D0->b5da6a4a-1459-46a4-9479-d2035163dbe2@group-4A9565783204, cid=2494, SUCCESS, logIndex=3714, commits[b5da6a4a-1459-46a4-9479-d2035163dbe2:c3715, 69c25b61-d669-4f17-b36d-41bca3df1f31:c3713, d2a7b1fa-fac6-4c6f-8c6d-9ac7414c70c3:c3713]
2019-07-14 04:23:51,857 INFO  client.GrpcClientProtocolClient (GrpcClientProtocolClient.java:onNext(255)) - client-8DB4338F17D0->b5da6a4a-1459-46a4-9479-d2035163dbe2: receive RaftClientReply:client-8DB4338F17D0->b5da6a4a-1459-46a4-9479-d2035163dbe2@group-4A9565783204, cid=2495, SUCCESS, logIndex=3715, commits[b5da6a4a-1459-46a4-9479-d2035163dbe2:c3715, 69c25b61-d669-4f17-b36d-41bca3df1f31:c3713, d2a7b1fa-fac6-4c6f-8c6d-9ac7414c70c3:c3713]
2019-07-14 04:23:51,860 INFO  client.GrpcClientProtocolClient (GrpcClientProtocolClient.java:onNext(255)) - client-8DB4338F17D0->b5da6a4a-1459-46a4-9479-d2035163dbe2: receive RaftClientReply:client-8DB4338F17D0->b5da6a4a-1459-46a4-9479-d2035163dbe2@group-4A9565783204, cid=2496, SUCCESS, logIndex=3716, commits[b5da6a4a-1459-46a4-9479-d2035163dbe2:c3717, 69c25b61-d669-4f17-b36d-41bca3df1f31:c3713, d2a7b1fa-fac6-4c6f-8c6d-9ac7414c70c3:c3713]
2019-07-14 04:23:51,860 INFO  client.GrpcClientProtocolClient (GrpcClientProtocolClient.java:onNext(255)) - client-8DB4338F17D0->b5da6a4a-1459-46a4-9479-d2035163dbe2: receive RaftClientReply:client-8DB4338F17D0->b5da6a4a-1459-46a4-9479-d2035163dbe2@group-4A9565783204, cid=2497, SUCCESS, logIndex=3717, commits[b5da6a4a-1459-46a4-9479-d2035163dbe2:c3717, 69c25b61-d669-4f17-b36d-41bca3df1f31:c3713, d2a7b1fa-fac6-4c6f-8c6d-9ac7414c70c3:c3713]
2019-07-14 04:23:51,863 INFO  client.GrpcClientProtocolClient (GrpcClientProtocolClient.java:onNext(255)) - client-8DB4338F17D0->b5da6a4a-1459-46a4-9479-d2035163dbe2: receive RaftClientReply:client-8DB4338F17D0->b5da6a4a-1459-46a4-9479-d2035163dbe2@group-4A9565783204, cid=2498, SUCCESS, logIndex=0, commits[b5da6a4a-1459-46a4-9479-d2035163dbe2:c3719, 69c25b61-d669-4f17-b36d-41bca3df1f31:c3715, d2a7b1fa-fac6-4c6f-8c6d-9ac7414c70c3:c3715]
2019-07-14 04:23:51,881 INFO  client.GrpcClientProtocolClient (GrpcClientProtocolClient.java:onNext(255)) - client-8DB4338F17D0->b5da6a4a-1459-46a4-9479-d2035163dbe2: receive RaftClientReply:client-8DB4338F17D0->b5da6a4a-1459-46a4-9479-d2035163dbe2@group-4A9565783204, cid=2499, SUCCESS, logIndex=3722, commits[b5da6a4a-1459-46a4-9479-d2035163dbe2:c3723, 69c25b61-d669-4f17-b36d-41bca3df1f31:c3721, d2a7b1fa-fac6-4c6f-8c6d-9ac7414c70c3:c3721]
2019-07-14 04:23:51,881 INFO  client.GrpcClientProtocolClient (GrpcClientProtocolClient.java:onNext(255)) - client-8DB4338F17D0->b5da6a4a-1459-46a4-9479-d2035163dbe2: receive RaftClientReply:client-8DB4338F17D0->b5da6a4a-1459-46a4-9479-d2035163dbe2@group-4A9565783204, cid=2500, SUCCESS, logIndex=3723, commits[b5da6a4a-1459-46a4-9479-d2035163dbe2:c3723, 69c25b61-d669-4f17-b36d-41bca3df1f31:c3721, d2a7b1fa-fac6-4c6f-8c6d-9ac7414c70c3:c3721]
2019-07-14 04:23:51,892 INFO  client.GrpcClientProtocolClient (GrpcClientProtocolClient.java:onNext(255)) - client-8DB4338F17D0->b5da6a4a-1459-46a4-9479-d2035163dbe2: receive RaftClientReply:client-8DB4338F17D0->b5da6a4a-1459-46a4-9479-d2035163dbe2@group-4A9565783204, cid=2501, SUCCESS, logIndex=3726, commits[b5da6a4a-1459-46a4-9479-d2035163dbe2:c3727, 69c25b61-d669-4f17-b36d-41bca3df1f31:c3724, d2a7b1fa-fac6-4c6f-8c6d-9ac7414c70c3:c3723]
2019-07-14 04:23:51,892 INFO  client.GrpcClientProtocolClient (GrpcClientProtocolClient.java:onNext(255)) - client-8DB4338F17D0->b5da6a4a-1459-46a4-9479-d2035163dbe2: receive RaftClientReply:client-8DB4338F17D0->b5da6a4a-1459-46a4-9479-d2035163dbe2@group-4A9565783204, cid=2502, SUCCESS, logIndex=3727, commits[b5da6a4a-1459-46a4-9479-d2035163dbe2:c3727, 69c25b61-d669-4f17-b36d-41bca3df1f31:c3724, d2a7b1fa-fac6-4c6f-8c6d-9ac7414c70c3:c3724]
2019-07-14 04:23:51,896 INFO  client.GrpcClientProtocolClient (GrpcClientProtocolClient.java:onNext(255)) - client-8DB4338F17D0->b5da6a4a-1459-46a4-9479-d2035163dbe2: receive RaftClientReply:client-8DB4338F17D0->b5da6a4a-1459-46a4-9479-d2035163dbe2@group-4A9565783204, cid=2503, SUCCESS, logIndex=0, commits[b5da6a4a-1459-46a4-9479-d2035163dbe2:c3729, 69c25b61-d669-4f17-b36d-41bca3df1f31:c3727, d2a7b1fa-fac6-4c6f-8c6d-9ac7414c70c3:c3727]
2019-07-14 04:23:51,922 INFO  client.GrpcClientProtocolClient (GrpcClientProtocolClient.java:onNext(255)) - client-8DB4338F17D0->b5da6a4a-1459-46a4-9479-d2035163dbe2: receive RaftClientReply:client-8DB4338F17D0->b5da6a4a-1459-46a4-9479-d2035163dbe2@group-4A9565783204, cid=2504, SUCCESS, logIndex=3730, commits[b5da6a4a-1459-46a4-9479-d2035163dbe2:c3731, 69c25b61-d669-4f17-b36d-41bca3df1f31:c3729, d2a7b1fa-fac6-4c6f-8c6d-9ac7414c70c3:c3729]
2019-07-14 04:23:51,922 INFO  client.GrpcClientProtocolClient (GrpcClientProtocolClient.java:onNext(255)) - client-8DB4338F17D0->b5da6a4a-1459-46a4-9479-d2035163dbe2: receive RaftClientReply:client-8DB4338F17D0->b5da6a4a-1459-46a4-9479-d2035163dbe2@group-4A9565783204, cid=2505, SUCCESS, logIndex=3731, commits[b5da6a4a-1459-46a4-9479-d2035163dbe2:c3731, 69c25b61-d669-4f17-b36d-41bca3df1f31:c3729, d2a7b1fa-fac6-4c6f-8c6d-9ac7414c70c3:c3729]
2019-07-14 04:23:51,922 INFO  client.GrpcClientProtocolClient (GrpcClientProtocolClient.java:onNext(255)) - client-8DB4338F17D0->b5da6a4a-1459-46a4-9479-d2035163dbe2: receive RaftClientReply:client-8DB4338F17D0->b5da6a4a-1459-46a4-9479-d2035163dbe2@group-4A9565783204, cid=2506, SUCCESS, logIndex=3732, commits[b5da6a4a-1459-46a4-9479-d2035163dbe2:c3733, 69c25b61-d669-4f17-b36d-41bca3df1f31:c3729, d2a7b1fa-fac6-4c6f-8c6d-9ac7414c70c3:c3729]
2019-07-14 04:23:51,923 INFO  client.GrpcClientProtocolClient (GrpcClientProtocolClient.java:onNext(255)) - client-8DB4338F17D0->b5da6a4a-1459-46a4-9479-d2035163dbe2: receive RaftClientReply:client-8DB4338F17D0->b5da6a4a-1459-46a4-9479-d2035163dbe2@group-4A9565783204, cid=2507, SUCCESS, logIndex=3733, commits[b5da6a4a-1459-46a4-9479-d2035163dbe2:c3733, 69c25b61-d669-4f17-b36d-41bca3df1f31:c3729, d2a7b1fa-fac6-4c6f-8c6d-9ac7414c70c3:c3729]
2019-07-14 04:23:51,926 INFO  client.GrpcClientProtocolClient (GrpcClientProtocolClient.java:onNext(255)) - client-8DB4338F17D0->b5da6a4a-1459-46a4-9479-d2035163dbe2: receive RaftClientReply:client-8DB4338F17D0->b5da6a4a-1459-46a4-9479-d2035163dbe2@group-4A9565783204, cid=2508, SUCCESS, logIndex=0, commits[b5da6a4a-1459-46a4-9479-d2035163dbe2:c3735, 69c25b61-d669-4f17-b36d-41bca3df1f31:c3731, d2a7b1fa-fac6-4c6f-8c6d-9ac7414c70c3:c3731]
2019-07-14 04:23:51,937 INFO  client.GrpcClientProtocolClient (GrpcClientProtocolClient.java:onNext(255)) - client-8DB4338F17D0->b5da6a4a-1459-46a4-9479-d2035163dbe2: receive RaftClientReply:client-8DB4338F17D0->b5da6a4a-1459-46a4-9479-d2035163dbe2@group-4A9565783204, cid=2509, SUCCESS, logIndex=3738, commits[b5da6a4a-1459-46a4-9479-d2035163dbe2:c3739, 69c25b61-d669-4f17-b36d-41bca3df1f31:c3737, d2a7b1fa-fac6-4c6f-8c6d-9ac7414c70c3:c3737]
2019-07-14 04:23:51,938 INFO  client.GrpcClientProtocolClient (GrpcClientProtocolClient.java:onNext(255)) - client-8DB4338F17D0->b5da6a4a-1459-46a4-9479-d2035163dbe2: receive RaftClientReply:client-8DB4338F17D0->b5da6a4a-1459-46a4-9479-d2035163dbe2@group-4A9565783204, cid=2510, SUCCESS, logIndex=3739, commits[b5da6a4a-1459-46a4-9479-d2035163dbe2:c3739, 69c25b61-d669-4f17-b36d-41bca3df1f31:c3737, d2a7b1fa-fac6-4c6f-8c6d-9ac7414c70c3:c3737]
2019-07-14 04:23:51,953 INFO  client.GrpcClientProtocolClient (GrpcClientProtocolClient.java:onNext(255)) - client-8DB4338F17D0->b5da6a4a-1459-46a4-9479-d2035163dbe2: receive RaftClientReply:client-8DB4338F17D0->b5da6a4a-1459-46a4-9479-d2035163dbe2@group-4A9565783204, cid=2511, SUCCESS, logIndex=3742, commits[b5da6a4a-1459-46a4-9479-d2035163dbe2:c3743, 69c25b61-d669-4f17-b36d-41bca3df1f31:c3739, d2a7b1fa-fac6-4c6f-8c6d-9ac7414c70c3:c3739]
2019-07-14 04:23:51,953 INFO  client.GrpcClientProtocolClient (GrpcClientProtocolClient.java:onNext(255)) - client-8DB4338F17D0->b5da6a4a-1459-46a4-9479-d2035163dbe2: receive RaftClientReply:client-8DB4338F17D0->b5da6a4a-1459-46a4-9479-d2035163dbe2@group-4A9565783204, cid=2512, SUCCESS, logIndex=3743, commits[b5da6a4a-1459-46a4-9479-d2035163dbe2:c3743, 69c25b61-d669-4f17-b36d-41bca3df1f31:c3739, d2a7b1fa-fac6-4c6f-8c6d-9ac7414c70c3:c3739]
2019-07-14 04:23:51,958 INFO  client.GrpcClientProtocolClient (GrpcClientProtocolClient.java:onNext(255)) - client-8DB4338F17D0->b5da6a4a-1459-46a4-9479-d2035163dbe2: receive RaftClientReply:client-8DB4338F17D0->b5da6a4a-1459-46a4-9479-d2035163dbe2@group-4A9565783204, cid=2513, SUCCESS, logIndex=0, commits[b5da6a4a-1459-46a4-9479-d2035163dbe2:c3745, 69c25b61-d669-4f17-b36d-41bca3df1f31:c3743, d2a7b1fa-fac6-4c6f-8c6d-9ac7414c70c3:c3743]
2019-07-14 04:23:51,987 INFO  client.GrpcClientProtocolClient (GrpcClientProtocolClient.java:onNext(255)) - client-8DB4338F17D0->b5da6a4a-1459-46a4-9479-d2035163dbe2: receive RaftClientReply:client-8DB4338F17D0->b5da6a4a-1459-46a4-9479-d2035163dbe2@group-4A9565783204, cid=2514, SUCCESS, logIndex=3746, commits[b5da6a4a-1459-46a4-9479-d2035163dbe2:c3749, 69c25b61-d669-4f17-b36d-41bca3df1f31:c3745, d2a7b1fa-fac6-4c6f-8c6d-9ac7414c70c3:c3745]
2019-07-14 04:23:51,987 INFO  client.GrpcClientProtocolClient (GrpcClientProtocolClient.java:onNext(255)) - client-8DB4338F17D0->b5da6a4a-1459-46a4-9479-d2035163dbe2: receive RaftClientReply:client-8DB4338F17D0->b5da6a4a-1459-46a4-9479-d2035163dbe2@group-4A9565783204, cid=2515, SUCCESS, logIndex=3747, commits[b5da6a4a-1459-46a4-9479-d2035163dbe2:c3749, 69c25b61-d669-4f17-b36d-41bca3df1f31:c3745, d2a7b1fa-fac6-4c6f-8c6d-9ac7414c70c3:c3745]
2019-07-14 04:23:51,987 INFO  client.GrpcClientProtocolClient (GrpcClientProtocolClient.java:onNext(255)) - client-8DB4338F17D0->b5da6a4a-1459-46a4-9479-d2035163dbe2: receive RaftClientReply:client-8DB4338F17D0->b5da6a4a-1459-46a4-9479-d2035163dbe2@group-4A9565783204, cid=2516, SUCCESS, logIndex=3748, commits[b5da6a4a-1459-46a4-9479-d2035163dbe2:c3749, 69c25b61-d669-4f17-b36d-41bca3df1f31:c3745, d2a7b1fa-fac6-4c6f-8c6d-9ac7414c70c3:c3745]
2019-07-14 04:23:51,988 INFO  client.GrpcClientProtocolClient (GrpcClientProtocolClient.java:onNext(255)) - client-8DB4338F17D0->b5da6a4a-1459-46a4-9479-d2035163dbe2: receive RaftClientReply:client-8DB4338F17D0->b5da6a4a-1459-46a4-9479-d2035163dbe2@group-4A9565783204, cid=2517, SUCCESS, logIndex=3749, commits[b5da6a4a-1459-46a4-9479-d2035163dbe2:c3749, 69c25b61-d669-4f17-b36d-41bca3df1f31:c3745, d2a7b1fa-fac6-4c6f-8c6d-9ac7414c70c3:c3745]
2019-07-14 04:23:51,992 INFO  client.GrpcClientProtocolClient (GrpcClientProtocolClient.java:onNext(255)) - client-8DB4338F17D0->b5da6a4a-1459-46a4-9479-d2035163dbe2: receive RaftClientReply:client-8DB4338F17D0->b5da6a4a-1459-46a4-9479-d2035163dbe2@group-4A9565783204, cid=2518, SUCCESS, logIndex=0, commits[b5da6a4a-1459-46a4-9479-d2035163dbe2:c3751, 69c25b61-d669-4f17-b36d-41bca3df1f31:c3748, d2a7b1fa-fac6-4c6f-8c6d-9ac7414c70c3:c3748]
2019-07-14 04:23:52,010 INFO  client.GrpcClientProtocolClient (GrpcClientProtocolClient.java:onNext(255)) - client-8DB4338F17D0->b5da6a4a-1459-46a4-9479-d2035163dbe2: receive RaftClientReply:client-8DB4338F17D0->b5da6a4a-1459-46a4-9479-d2035163dbe2@group-4A9565783204, cid=2519, SUCCESS, logIndex=3754, commits[b5da6a4a-1459-46a4-9479-d2035163dbe2:c3755, 69c25b61-d669-4f17-b36d-41bca3df1f31:c3753, d2a7b1fa-fac6-4c6f-8c6d-9ac7414c70c3:c3753]
2019-07-14 04:23:52,010 INFO  client.GrpcClientProtocolClient (GrpcClientProtocolClient.java:onNext(255)) - client-8DB4338F17D0->b5da6a4a-1459-46a4-9479-d2035163dbe2: receive RaftClientReply:client-8DB4338F17D0->b5da6a4a-1459-46a4-9479-d2035163dbe2@group-4A9565783204, cid=2520, SUCCESS, logIndex=3755, commits[b5da6a4a-1459-46a4-9479-d2035163dbe2:c3755, 69c25b61-d669-4f17-b36d-41bca3df1f31:c3753, d2a7b1fa-fac6-4c6f-8c6d-9ac7414c70c3:c3753]
2019-07-14 04:23:52,029 INFO  client.GrpcClientProtocolClient (GrpcClientProtocolClient.java:onNext(255)) - client-8DB4338F17D0->b5da6a4a-1459-46a4-9479-d2035163dbe2: receive RaftClientReply:client-8DB4338F17D0->b5da6a4a-1459-46a4-9479-d2035163dbe2@group-4A9565783204, cid=2521, SUCCESS, logIndex=3758, commits[b5da6a4a-1459-46a4-9479-d2035163dbe2:c3759, 69c25b61-d669-4f17-b36d-41bca3df1f31:c3757, d2a7b1fa-fac6-4c6f-8c6d-9ac7414c70c3:c3757]
2019-07-14 04:23:52,029 INFO  client.GrpcClientProtocolClient (GrpcClientProtocolClient.java:onNext(255)) - client-8DB4338F17D0->b5da6a4a-1459-46a4-9479-d2035163dbe2: receive RaftClientReply:client-8DB4338F17D0->b5da6a4a-1459-46a4-9479-d2035163dbe2@group-4A9565783204, cid=2522, SUCCESS, logIndex=3759, commits[b5da6a4a-1459-46a4-9479-d2035163dbe2:c3759, 69c25b61-d669-4f17-b36d-41bca3df1f31:c3757, d2a7b1fa-fac6-4c6f-8c6d-9ac7414c70c3:c3757]
2019-07-14 04:23:52,044 INFO  client.GrpcClientProtocolClient (GrpcClientProtocolClient.java:onNext(255)) - client-8DB4338F17D0->b5da6a4a-1459-46a4-9479-d2035163dbe2: receive RaftClientReply:client-8DB4338F17D0->b5da6a4a-1459-46a4-9479-d2035163dbe2@group-4A9565783204, cid=2523, SUCCESS, logIndex=0, commits[b5da6a4a-1459-46a4-9479-d2035163dbe2:c3761, 69c25b61-d669-4f17-b36d-41bca3df1f31:c3759, d2a7b1fa-fac6-4c6f-8c6d-9ac7414c70c3:c3759]
2019-07-14 04:23:52,066 INFO  client.GrpcClientProtocolClient (GrpcClientProtocolClient.java:onNext(255)) - client-8DB4338F17D0->b5da6a4a-1459-46a4-9479-d2035163dbe2: receive RaftClientReply:client-8DB4338F17D0->b5da6a4a-1459-46a4-9479-d2035163dbe2@group-4A9565783204, cid=2524, SUCCESS, logIndex=3762, commits[b5da6a4a-1459-46a4-9479-d2035163dbe2:c3763, 69c25b61-d669-4f17-b36d-41bca3df1f31:c3759, d2a7b1fa-fac6-4c6f-8c6d-9ac7414c70c3:c3761]
2019-07-14 04:23:52,067 INFO  client.GrpcClientProtocolClient (GrpcClientProtocolClient.java:onNext(255)) - client-8DB4338F17D0->b5da6a4a-1459-46a4-9479-d2035163dbe2: receive RaftClientReply:client-8DB4338F17D0->b5da6a4a-1459-46a4-9479-d2035163dbe2@group-4A9565783204, cid=2525, SUCCESS, logIndex=3763, commits[b5da6a4a-1459-46a4-9479-d2035163dbe2:c3763, 69c25b61-d669-4f17-b36d-41bca3df1f31:c3759, d2a7b1fa-fac6-4c6f-8c6d-9ac7414c70c3:c3761]
2019-07-14 04:23:52,068 INFO  client.GrpcClientProtocolClient (GrpcClientProtocolClient.java:onNext(255)) - client-8DB4338F17D0->b5da6a4a-1459-46a4-9479-d2035163dbe2: receive RaftClientReply:client-8DB4338F17D0->b5da6a4a-1459-46a4-9479-d2035163dbe2@group-4A9565783204, cid=2526, SUCCESS, logIndex=3764, commits[b5da6a4a-1459-46a4-9479-d2035163dbe2:c3765, 69c25b61-d669-4f17-b36d-41bca3df1f31:c3761, d2a7b1fa-fac6-4c6f-8c6d-9ac7414c70c3:c3761]
2019-07-14 04:23:52,069 INFO  client.GrpcClientProtocolClient (GrpcClientProtocolClient.java:onNext(255)) - client-8DB4338F17D0->b5da6a4a-1459-46a4-9479-d2035163dbe2: receive RaftClientReply:client-8DB4338F17D0->b5da6a4a-1459-46a4-9479-d2035163dbe2@group-4A9565783204, cid=2527, SUCCESS, logIndex=3765, commits[b5da6a4a-1459-46a4-9479-d2035163dbe2:c3765, 69c25b61-d669-4f17-b36d-41bca3df1f31:c3761, d2a7b1fa-fac6-4c6f-8c6d-9ac7414c70c3:c3761]
2019-07-14 04:23:52,071 INFO  client.GrpcClientProtocolClient (GrpcClientProtocolClient.java:onNext(255)) - client-8DB4338F17D0->b5da6a4a-1459-46a4-9479-d2035163dbe2: receive RaftClientReply:client-8DB4338F17D0->b5da6a4a-1459-46a4-9479-d2035163dbe2@group-4A9565783204, cid=2528, SUCCESS, logIndex=0, commits[b5da6a4a-1459-46a4-9479-d2035163dbe2:c3766, 69c25b61-d669-4f17-b36d-41bca3df1f31:c3763, d2a7b1fa-fac6-4c6f-8c6d-9ac7414c70c3:c3763]
2019-07-14 04:23:52,086 INFO  client.GrpcClientProtocolClient (GrpcClientProtocolClient.java:onNext(255)) - client-8DB4338F17D0->b5da6a4a-1459-46a4-9479-d2035163dbe2: receive RaftClientReply:client-8DB4338F17D0->b5da6a4a-1459-46a4-9479-d2035163dbe2@group-4A9565783204, cid=2529, SUCCESS, logIndex=3769, commits[b5da6a4a-1459-46a4-9479-d2035163dbe2:c3770, 69c25b61-d669-4f17-b36d-41bca3df1f31:c3768, d2a7b1fa-fac6-4c6f-8c6d-9ac7414c70c3:c3768]
2019-07-14 04:23:52,087 INFO  client.GrpcClientProtocolClient (GrpcClientProtocolClient.java:onNext(255)) - client-8DB4338F17D0->b5da6a4a-1459-46a4-9479-d2035163dbe2: receive RaftClientReply:client-8DB4338F17D0->b5da6a4a-1459-46a4-9479-d2035163dbe2@group-4A9565783204, cid=2530, SUCCESS, logIndex=3770, commits[b5da6a4a-1459-46a4-9479-d2035163dbe2:c3770, 69c25b61-d669-4f17-b36d-41bca3df1f31:c3768, d2a7b1fa-fac6-4c6f-8c6d-9ac7414c70c3:c3768]
2019-07-14 04:23:52,100 INFO  client.GrpcClientProtocolClient (GrpcClientProtocolClient.java:onNext(255)) - client-8DB4338F17D0->b5da6a4a-1459-46a4-9479-d2035163dbe2: receive RaftClientReply:client-8DB4338F17D0->b5da6a4a-1459-46a4-9479-d2035163dbe2@group-4A9565783204, cid=2531, SUCCESS, logIndex=3773, commits[b5da6a4a-1459-46a4-9479-d2035163dbe2:c3774, 69c25b61-d669-4f17-b36d-41bca3df1f31:c3770, d2a7b1fa-fac6-4c6f-8c6d-9ac7414c70c3:c3770]
2019-07-14 04:23:52,100 INFO  client.GrpcClientProtocolClient (GrpcClientProtocolClient.java:onNext(255)) - client-8DB4338F17D0->b5da6a4a-1459-46a4-9479-d2035163dbe2: receive RaftClientReply:client-8DB4338F17D0->b5da6a4a-1459-46a4-9479-d2035163dbe2@group-4A9565783204, cid=2532, SUCCESS, logIndex=3774, commits[b5da6a4a-1459-46a4-9479-d2035163dbe2:c3774, 69c25b61-d669-4f17-b36d-41bca3df1f31:c3770, d2a7b1fa-fac6-4c6f-8c6d-9ac7414c70c3:c3770]
2019-07-14 04:23:52,105 INFO  client.GrpcClientProtocolClient (GrpcClientProtocolClient.java:onNext(255)) - client-8DB4338F17D0->b5da6a4a-1459-46a4-9479-d2035163dbe2: receive RaftClientReply:client-8DB4338F17D0->b5da6a4a-1459-46a4-9479-d2035163dbe2@group-4A9565783204, cid=2533, SUCCESS, logIndex=0, commits[b5da6a4a-1459-46a4-9479-d2035163dbe2:c3776, 69c25b61-d669-4f17-b36d-41bca3df1f31:c3774, d2a7b1fa-fac6-4c6f-8c6d-9ac7414c70c3:c3774]
2019-07-14 04:23:52,129 INFO  client.GrpcClientProtocolClient (GrpcClientProtocolClient.java:onNext(255)) - client-8DB4338F17D0->b5da6a4a-1459-46a4-9479-d2035163dbe2: receive RaftClientReply:client-8DB4338F17D0->b5da6a4a-1459-46a4-9479-d2035163dbe2@group-4A9565783204, cid=2534, SUCCESS, logIndex=3777, commits[b5da6a4a-1459-46a4-9479-d2035163dbe2:c3778, 69c25b61-d669-4f17-b36d-41bca3df1f31:c3776, d2a7b1fa-fac6-4c6f-8c6d-9ac7414c70c3:c3776]
2019-07-14 04:23:52,130 INFO  client.GrpcClientProtocolClient (GrpcClientProtocolClient.java:onNext(255)) - client-8DB4338F17D0->b5da6a4a-1459-46a4-9479-d2035163dbe2: receive RaftClientReply:client-8DB4338F17D0->b5da6a4a-1459-46a4-9479-d2035163dbe2@group-4A9565783204, cid=2535, SUCCESS, logIndex=3778, commits[b5da6a4a-1459-46a4-9479-d2035163dbe2:c3778, 69c25b61-d669-4f17-b36d-41bca3df1f31:c3776, d2a7b1fa-fac6-4c6f-8c6d-9ac7414c70c3:c3776]
2019-07-14 04:23:52,132 INFO  client.GrpcClientProtocolClient (GrpcClientProtocolClient.java:onNext(255)) - client-8DB4338F17D0->b5da6a4a-1459-46a4-9479-d2035163dbe2: receive RaftClientReply:client-8DB4338F17D0->b5da6a4a-1459-46a4-9479-d2035163dbe2@group-4A9565783204, cid=2536, SUCCESS, logIndex=3779, commits[b5da6a4a-1459-46a4-9479-d2035163dbe2:c3780, 69c25b61-d669-4f17-b36d-41bca3df1f31:c3776, d2a7b1fa-fac6-4c6f-8c6d-9ac7414c70c3:c3776]
2019-07-14 04:23:52,132 INFO  client.GrpcClientProtocolClient (GrpcClientProtocolClient.java:onNext(255)) - client-8DB4338F17D0->b5da6a4a-1459-46a4-9479-d2035163dbe2: receive RaftClientReply:client-8DB4338F17D0->b5da6a4a-1459-46a4-9479-d2035163dbe2@group-4A9565783204, cid=2537, SUCCESS, logIndex=3780, commits[b5da6a4a-1459-46a4-9479-d2035163dbe2:c3780, 69c25b61-d669-4f17-b36d-41bca3df1f31:c3776, d2a7b1fa-fac6-4c6f-8c6d-9ac7414c70c3:c3776]
2019-07-14 04:23:52,135 INFO  client.GrpcClientProtocolClient (GrpcClientProtocolClient.java:onNext(255)) - client-8DB4338F17D0->b5da6a4a-1459-46a4-9479-d2035163dbe2: receive RaftClientReply:client-8DB4338F17D0->b5da6a4a-1459-46a4-9479-d2035163dbe2@group-4A9565783204, cid=2538, SUCCESS, logIndex=0, commits[b5da6a4a-1459-46a4-9479-d2035163dbe2:c3781, 69c25b61-d669-4f17-b36d-41bca3df1f31:c3778, d2a7b1fa-fac6-4c6f-8c6d-9ac7414c70c3:c3778]
2019-07-14 04:23:52,146 INFO  client.GrpcClientProtocolClient (GrpcClientProtocolClient.java:onNext(255)) - client-8DB4338F17D0->b5da6a4a-1459-46a4-9479-d2035163dbe2: receive RaftClientReply:client-8DB4338F17D0->b5da6a4a-1459-46a4-9479-d2035163dbe2@group-4A9565783204, cid=2539, SUCCESS, logIndex=3785, commits[b5da6a4a-1459-46a4-9479-d2035163dbe2:c3786, 69c25b61-d669-4f17-b36d-41bca3df1f31:c3780, d2a7b1fa-fac6-4c6f-8c6d-9ac7414c70c3:c3784]
2019-07-14 04:23:52,146 INFO  client.GrpcClientProtocolClient (GrpcClientProtocolClient.java:onNext(255)) - client-8DB4338F17D0->b5da6a4a-1459-46a4-9479-d2035163dbe2: receive RaftClientReply:client-8DB4338F17D0->b5da6a4a-1459-46a4-9479-d2035163dbe2@group-4A9565783204, cid=2540, SUCCESS, logIndex=3786, commits[b5da6a4a-1459-46a4-9479-d2035163dbe2:c3786, 69c25b61-d669-4f17-b36d-41bca3df1f31:c3780, d2a7b1fa-fac6-4c6f-8c6d-9ac7414c70c3:c3784]
2019-07-14 04:23:52,169 INFO  client.GrpcClientProtocolClient (GrpcClientProtocolClient.java:onNext(255)) - client-8DB4338F17D0->b5da6a4a-1459-46a4-9479-d2035163dbe2: receive RaftClientReply:client-8DB4338F17D0->b5da6a4a-1459-46a4-9479-d2035163dbe2@group-4A9565783204, cid=2541, SUCCESS, logIndex=3789, commits[b5da6a4a-1459-46a4-9479-d2035163dbe2:c3790, 69c25b61-d669-4f17-b36d-41bca3df1f31:c3788, d2a7b1fa-fac6-4c6f-8c6d-9ac7414c70c3:c3788]
2019-07-14 04:23:52,169 INFO  client.GrpcClientProtocolClient (GrpcClientProtocolClient.java:onNext(255)) - client-8DB4338F17D0->b5da6a4a-1459-46a4-9479-d2035163dbe2: receive RaftClientReply:client-8DB4338F17D0->b5da6a4a-1459-46a4-9479-d2035163dbe2@group-4A9565783204, cid=2542, SUCCESS, logIndex=3790, commits[b5da6a4a-1459-46a4-9479-d2035163dbe2:c3790, 69c25b61-d669-4f17-b36d-41bca3df1f31:c3788, d2a7b1fa-fac6-4c6f-8c6d-9ac7414c70c3:c3788]
2019-07-14 04:23:52,230 INFO  client.GrpcClientProtocolClient (GrpcClientProtocolClient.java:onNext(255)) - client-8DB4338F17D0->b5da6a4a-1459-46a4-9479-d2035163dbe2: receive RaftClientReply:client-8DB4338F17D0->b5da6a4a-1459-46a4-9479-d2035163dbe2@group-4A9565783204, cid=2543, SUCCESS, logIndex=0, commits[b5da6a4a-1459-46a4-9479-d2035163dbe2:c3792, 69c25b61-d669-4f17-b36d-41bca3df1f31:c3790, d2a7b1fa-fac6-4c6f-8c6d-9ac7414c70c3:c3790]
 0.00% |█                                                                                                    |  0/1 Time: 0:00:172019-07-14 04:23:52,257 INFO  client.GrpcClientProtocolClient (GrpcClientProtocolClient.java:onNext(255)) - client-8DB4338F17D0->b5da6a4a-1459-46a4-9479-d2035163dbe2: receive RaftClientReply:client-8DB4338F17D0->b5da6a4a-1459-46a4-9479-d2035163dbe2@group-4A9565783204, cid=2544, SUCCESS, logIndex=3793, commits[b5da6a4a-1459-46a4-9479-d2035163dbe2:c3794, 69c25b61-d669-4f17-b36d-41bca3df1f31:c3790, d2a7b1fa-fac6-4c6f-8c6d-9ac7414c70c3:c3792]
2019-07-14 04:23:52,258 INFO  client.GrpcClientProtocolClient (GrpcClientProtocolClient.java:onNext(255)) - client-8DB4338F17D0->b5da6a4a-1459-46a4-9479-d2035163dbe2: receive RaftClientReply:client-8DB4338F17D0->b5da6a4a-1459-46a4-9479-d2035163dbe2@group-4A9565783204, cid=2545, SUCCESS, logIndex=3794, commits[b5da6a4a-1459-46a4-9479-d2035163dbe2:c3794, 69c25b61-d669-4f17-b36d-41bca3df1f31:c3790, d2a7b1fa-fac6-4c6f-8c6d-9ac7414c70c3:c3792]
2019-07-14 04:23:52,260 INFO  client.GrpcClientProtocolClient (GrpcClientProtocolClient.java:onNext(255)) - client-8DB4338F17D0->b5da6a4a-1459-46a4-9479-d2035163dbe2: receive RaftClientReply:client-8DB4338F17D0->b5da6a4a-1459-46a4-9479-d2035163dbe2@group-4A9565783204, cid=2546, SUCCESS, logIndex=3795, commits[b5da6a4a-1459-46a4-9479-d2035163dbe2:c3796, 69c25b61-d669-4f17-b36d-41bca3df1f31:c3794, d2a7b1fa-fac6-4c6f-8c6d-9ac7414c70c3:c3792]
2019-07-14 04:23:52,261 INFO  client.GrpcClientProtocolClient (GrpcClientProtocolClient.java:onNext(255)) - client-8DB4338F17D0->b5da6a4a-1459-46a4-9479-d2035163dbe2: receive RaftClientReply:client-8DB4338F17D0->b5da6a4a-1459-46a4-9479-d2035163dbe2@group-4A9565783204, cid=2547, SUCCESS, logIndex=3796, commits[b5da6a4a-1459-46a4-9479-d2035163dbe2:c3796, 69c25b61-d669-4f17-b36d-41bca3df1f31:c3794, d2a7b1fa-fac6-4c6f-8c6d-9ac7414c70c3:c3792]
2019-07-14 04:23:52,262 INFO  client.GrpcClientProtocolClient (GrpcClientProtocolClient.java:onNext(255)) - client-8DB4338F17D0->b5da6a4a-1459-46a4-9479-d2035163dbe2: receive RaftClientReply:client-8DB4338F17D0->b5da6a4a-1459-46a4-9479-d2035163dbe2@group-4A9565783204, cid=2548, SUCCESS, logIndex=0, commits[b5da6a4a-1459-46a4-9479-d2035163dbe2:c3798, 69c25b61-d669-4f17-b36d-41bca3df1f31:c3794, d2a7b1fa-fac6-4c6f-8c6d-9ac7414c70c3:c3794]
2019-07-14 04:23:52,283 INFO  client.GrpcClientProtocolClient (GrpcClientProtocolClient.java:onNext(255)) - client-8DB4338F17D0->b5da6a4a-1459-46a4-9479-d2035163dbe2: receive RaftClientReply:client-8DB4338F17D0->b5da6a4a-1459-46a4-9479-d2035163dbe2@group-4A9565783204, cid=2549, SUCCESS, logIndex=3801, commits[b5da6a4a-1459-46a4-9479-d2035163dbe2:c3802, 69c25b61-d669-4f17-b36d-41bca3df1f31:c3800, d2a7b1fa-fac6-4c6f-8c6d-9ac7414c70c3:c3800]
2019-07-14 04:23:52,285 INFO  client.GrpcClientProtocolClient (GrpcClientProtocolClient.java:onNext(255)) - client-8DB4338F17D0->b5da6a4a-1459-46a4-9479-d2035163dbe2: receive RaftClientReply:client-8DB4338F17D0->b5da6a4a-1459-46a4-9479-d2035163dbe2@group-4A9565783204, cid=2550, SUCCESS, logIndex=3802, commits[b5da6a4a-1459-46a4-9479-d2035163dbe2:c3802, 69c25b61-d669-4f17-b36d-41bca3df1f31:c3800, d2a7b1fa-fac6-4c6f-8c6d-9ac7414c70c3:c3800]
2019-07-14 04:23:52,308 INFO  client.GrpcClientProtocolClient (GrpcClientProtocolClient.java:onNext(255)) - client-8DB4338F17D0->b5da6a4a-1459-46a4-9479-d2035163dbe2: receive RaftClientReply:client-8DB4338F17D0->b5da6a4a-1459-46a4-9479-d2035163dbe2@group-4A9565783204, cid=2551, SUCCESS, logIndex=3805, commits[b5da6a4a-1459-46a4-9479-d2035163dbe2:c3806, 69c25b61-d669-4f17-b36d-41bca3df1f31:c3802, d2a7b1fa-fac6-4c6f-8c6d-9ac7414c70c3:c3802]
2019-07-14 04:23:52,308 INFO  client.GrpcClientProtocolClient (GrpcClientProtocolClient.java:onNext(255)) - client-8DB4338F17D0->b5da6a4a-1459-46a4-9479-d2035163dbe2: receive RaftClientReply:client-8DB4338F17D0->b5da6a4a-1459-46a4-9479-d2035163dbe2@group-4A9565783204, cid=2552, SUCCESS, logIndex=3806, commits[b5da6a4a-1459-46a4-9479-d2035163dbe2:c3806, 69c25b61-d669-4f17-b36d-41bca3df1f31:c3802, d2a7b1fa-fac6-4c6f-8c6d-9ac7414c70c3:c3802]
2019-07-14 04:23:52,312 INFO  client.GrpcClientProtocolClient (GrpcClientProtocolClient.java:onNext(255)) - client-8DB4338F17D0->b5da6a4a-1459-46a4-9479-d2035163dbe2: receive RaftClientReply:client-8DB4338F17D0->b5da6a4a-1459-46a4-9479-d2035163dbe2@group-4A9565783204, cid=2553, SUCCESS, logIndex=0, commits[b5da6a4a-1459-46a4-9479-d2035163dbe2:c3808, 69c25b61-d669-4f17-b36d-41bca3df1f31:c3806, d2a7b1fa-fac6-4c6f-8c6d-9ac7414c70c3:c3806]
2019-07-14 04:23:52,461 INFO  client.GrpcClientProtocolClient (GrpcClientProtocolClient.java:onNext(255)) - client-8DB4338F17D0->b5da6a4a-1459-46a4-9479-d2035163dbe2: receive RaftClientReply:client-8DB4338F17D0->b5da6a4a-1459-46a4-9479-d2035163dbe2@group-4A9565783204, cid=2554, SUCCESS, logIndex=3809, commits[b5da6a4a-1459-46a4-9479-d2035163dbe2:c3810, 69c25b61-d669-4f17-b36d-41bca3df1f31:c3808, d2a7b1fa-fac6-4c6f-8c6d-9ac7414c70c3:c3808]
2019-07-14 04:23:52,462 INFO  client.GrpcClientProtocolClient (GrpcClientProtocolClient.java:onNext(255)) - client-8DB4338F17D0->b5da6a4a-1459-46a4-9479-d2035163dbe2: receive RaftClientReply:client-8DB4338F17D0->b5da6a4a-1459-46a4-9479-d2035163dbe2@group-4A9565783204, cid=2555, SUCCESS, logIndex=3810, commits[b5da6a4a-1459-46a4-9479-d2035163dbe2:c3810, 69c25b61-d669-4f17-b36d-41bca3df1f31:c3808, d2a7b1fa-fac6-4c6f-8c6d-9ac7414c70c3:c3808]
2019-07-14 04:23:52,462 INFO  client.GrpcClientProtocolClient (GrpcClientProtocolClient.java:onNext(255)) - client-8DB4338F17D0->b5da6a4a-1459-46a4-9479-d2035163dbe2: receive RaftClientReply:client-8DB4338F17D0->b5da6a4a-1459-46a4-9479-d2035163dbe2@group-4A9565783204, cid=2556, SUCCESS, logIndex=3811, commits[b5da6a4a-1459-46a4-9479-d2035163dbe2:c3812, 69c25b61-d669-4f17-b36d-41bca3df1f31:c3808, d2a7b1fa-fac6-4c6f-8c6d-9ac7414c70c3:c3808]
2019-07-14 04:23:52,463 INFO  client.GrpcClientProtocolClient (GrpcClientProtocolClient.java:onNext(255)) - client-8DB4338F17D0->b5da6a4a-1459-46a4-9479-d2035163dbe2: receive RaftClientReply:client-8DB4338F17D0->b5da6a4a-1459-46a4-9479-d2035163dbe2@group-4A9565783204, cid=2557, SUCCESS, logIndex=3812, commits[b5da6a4a-1459-46a4-9479-d2035163dbe2:c3812, 69c25b61-d669-4f17-b36d-41bca3df1f31:c3808, d2a7b1fa-fac6-4c6f-8c6d-9ac7414c70c3:c3808]
2019-07-14 04:23:52,464 INFO  client.GrpcClientProtocolClient (GrpcClientProtocolClient.java:onNext(255)) - client-8DB4338F17D0->b5da6a4a-1459-46a4-9479-d2035163dbe2: receive RaftClientReply:client-8DB4338F17D0->b5da6a4a-1459-46a4-9479-d2035163dbe2@group-4A9565783204, cid=2558, SUCCESS, logIndex=0, commits[b5da6a4a-1459-46a4-9479-d2035163dbe2:c3814, 69c25b61-d669-4f17-b36d-41bca3df1f31:c3810, d2a7b1fa-fac6-4c6f-8c6d-9ac7414c70c3:c3810]
2019-07-14 04:23:52,490 INFO  client.GrpcClientProtocolClient (GrpcClientProtocolClient.java:onNext(255)) - client-8DB4338F17D0->b5da6a4a-1459-46a4-9479-d2035163dbe2: receive RaftClientReply:client-8DB4338F17D0->b5da6a4a-1459-46a4-9479-d2035163dbe2@group-4A9565783204, cid=2559, SUCCESS, logIndex=3817, commits[b5da6a4a-1459-46a4-9479-d2035163dbe2:c3818, 69c25b61-d669-4f17-b36d-41bca3df1f31:c3816, d2a7b1fa-fac6-4c6f-8c6d-9ac7414c70c3:c3816]
2019-07-14 04:23:52,491 INFO  client.GrpcClientProtocolClient (GrpcClientProtocolClient.java:onNext(255)) - client-8DB4338F17D0->b5da6a4a-1459-46a4-9479-d2035163dbe2: receive RaftClientReply:client-8DB4338F17D0->b5da6a4a-1459-46a4-9479-d2035163dbe2@group-4A9565783204, cid=2560, SUCCESS, logIndex=3818, commits[b5da6a4a-1459-46a4-9479-d2035163dbe2:c3818, 69c25b61-d669-4f17-b36d-41bca3df1f31:c3816, d2a7b1fa-fac6-4c6f-8c6d-9ac7414c70c3:c3816]
2019-07-14 04:23:52,512 INFO  client.GrpcClientProtocolClient (GrpcClientProtocolClient.java:onNext(255)) - client-8DB4338F17D0->b5da6a4a-1459-46a4-9479-d2035163dbe2: receive RaftClientReply:client-8DB4338F17D0->b5da6a4a-1459-46a4-9479-d2035163dbe2@group-4A9565783204, cid=2561, SUCCESS, logIndex=3821, commits[b5da6a4a-1459-46a4-9479-d2035163dbe2:c3822, 69c25b61-d669-4f17-b36d-41bca3df1f31:c3818, d2a7b1fa-fac6-4c6f-8c6d-9ac7414c70c3:c3820]
2019-07-14 04:23:52,513 INFO  client.GrpcClientProtocolClient (GrpcClientProtocolClient.java:onNext(255)) - client-8DB4338F17D0->b5da6a4a-1459-46a4-9479-d2035163dbe2: receive RaftClientReply:client-8DB4338F17D0->b5da6a4a-1459-46a4-9479-d2035163dbe2@group-4A9565783204, cid=2562, SUCCESS, logIndex=3822, commits[b5da6a4a-1459-46a4-9479-d2035163dbe2:c3822, 69c25b61-d669-4f17-b36d-41bca3df1f31:c3820, d2a7b1fa-fac6-4c6f-8c6d-9ac7414c70c3:c3820]
2019-07-14 04:23:52,514 INFO  client.GrpcClientProtocolClient (GrpcClientProtocolClient.java:onNext(255)) - client-8DB4338F17D0->b5da6a4a-1459-46a4-9479-d2035163dbe2: receive RaftClientReply:client-8DB4338F17D0->b5da6a4a-1459-46a4-9479-d2035163dbe2@group-4A9565783204, cid=2563, SUCCESS, logIndex=0, commits[b5da6a4a-1459-46a4-9479-d2035163dbe2:c3823, 69c25b61-d669-4f17-b36d-41bca3df1f31:c3822, d2a7b1fa-fac6-4c6f-8c6d-9ac7414c70c3:c3822]
2019-07-14 04:23:52,547 INFO  client.GrpcClientProtocolClient (GrpcClientProtocolClient.java:onNext(255)) - client-8DB4338F17D0->b5da6a4a-1459-46a4-9479-d2035163dbe2: receive RaftClientReply:client-8DB4338F17D0->b5da6a4a-1459-46a4-9479-d2035163dbe2@group-4A9565783204, cid=2564, SUCCESS, logIndex=3825, commits[b5da6a4a-1459-46a4-9479-d2035163dbe2:c3827, 69c25b61-d669-4f17-b36d-41bca3df1f31:c3824, d2a7b1fa-fac6-4c6f-8c6d-9ac7414c70c3:c3824]
2019-07-14 04:23:52,547 INFO  client.GrpcClientProtocolClient (GrpcClientProtocolClient.java:onNext(255)) - client-8DB4338F17D0->b5da6a4a-1459-46a4-9479-d2035163dbe2: receive RaftClientReply:client-8DB4338F17D0->b5da6a4a-1459-46a4-9479-d2035163dbe2@group-4A9565783204, cid=2565, SUCCESS, logIndex=3826, commits[b5da6a4a-1459-46a4-9479-d2035163dbe2:c3828, 69c25b61-d669-4f17-b36d-41bca3df1f31:c3824, d2a7b1fa-fac6-4c6f-8c6d-9ac7414c70c3:c3824]
2019-07-14 04:23:52,548 INFO  client.GrpcClientProtocolClient (GrpcClientProtocolClient.java:onNext(255)) - client-8DB4338F17D0->b5da6a4a-1459-46a4-9479-d2035163dbe2: receive RaftClientReply:client-8DB4338F17D0->b5da6a4a-1459-46a4-9479-d2035163dbe2@group-4A9565783204, cid=2566, SUCCESS, logIndex=3827, commits[b5da6a4a-1459-46a4-9479-d2035163dbe2:c3828, 69c25b61-d669-4f17-b36d-41bca3df1f31:c3824, d2a7b1fa-fac6-4c6f-8c6d-9ac7414c70c3:c3824]
2019-07-14 04:23:52,548 INFO  client.GrpcClientProtocolClient (GrpcClientProtocolClient.java:onNext(255)) - client-8DB4338F17D0->b5da6a4a-1459-46a4-9479-d2035163dbe2: receive RaftClientReply:client-8DB4338F17D0->b5da6a4a-1459-46a4-9479-d2035163dbe2@group-4A9565783204, cid=2567, SUCCESS, logIndex=3828, commits[b5da6a4a-1459-46a4-9479-d2035163dbe2:c3828, 69c25b61-d669-4f17-b36d-41bca3df1f31:c3824, d2a7b1fa-fac6-4c6f-8c6d-9ac7414c70c3:c3824]
2019-07-14 04:23:52,550 INFO  client.GrpcClientProtocolClient (GrpcClientProtocolClient.java:onNext(255)) - client-8DB4338F17D0->b5da6a4a-1459-46a4-9479-d2035163dbe2: receive RaftClientReply:client-8DB4338F17D0->b5da6a4a-1459-46a4-9479-d2035163dbe2@group-4A9565783204, cid=2568, SUCCESS, logIndex=0, commits[b5da6a4a-1459-46a4-9479-d2035163dbe2:c3829, 69c25b61-d669-4f17-b36d-41bca3df1f31:c3826, d2a7b1fa-fac6-4c6f-8c6d-9ac7414c70c3:c3826]
2019-07-14 04:23:52,569 INFO  client.GrpcClientProtocolClient (GrpcClientProtocolClient.java:onNext(255)) - client-8DB4338F17D0->b5da6a4a-1459-46a4-9479-d2035163dbe2: receive RaftClientReply:client-8DB4338F17D0->b5da6a4a-1459-46a4-9479-d2035163dbe2@group-4A9565783204, cid=2569, SUCCESS, logIndex=3833, commits[b5da6a4a-1459-46a4-9479-d2035163dbe2:c3834, 69c25b61-d669-4f17-b36d-41bca3df1f31:c3832, d2a7b1fa-fac6-4c6f-8c6d-9ac7414c70c3:c3832]
2019-07-14 04:23:52,570 INFO  client.GrpcClientProtocolClient (GrpcClientProtocolClient.java:onNext(255)) - client-8DB4338F17D0->b5da6a4a-1459-46a4-9479-d2035163dbe2: receive RaftClientReply:client-8DB4338F17D0->b5da6a4a-1459-46a4-9479-d2035163dbe2@group-4A9565783204, cid=2570, SUCCESS, logIndex=3834, commits[b5da6a4a-1459-46a4-9479-d2035163dbe2:c3834, 69c25b61-d669-4f17-b36d-41bca3df1f31:c3832, d2a7b1fa-fac6-4c6f-8c6d-9ac7414c70c3:c3832]
2019-07-14 04:23:52,587 INFO  client.GrpcClientProtocolClient (GrpcClientProtocolClient.java:onNext(255)) - client-8DB4338F17D0->b5da6a4a-1459-46a4-9479-d2035163dbe2: receive RaftClientReply:client-8DB4338F17D0->b5da6a4a-1459-46a4-9479-d2035163dbe2@group-4A9565783204, cid=2571, SUCCESS, logIndex=3837, commits[b5da6a4a-1459-46a4-9479-d2035163dbe2:c3838, 69c25b61-d669-4f17-b36d-41bca3df1f31:c3835, d2a7b1fa-fac6-4c6f-8c6d-9ac7414c70c3:c3835]
2019-07-14 04:23:52,588 INFO  client.GrpcClientProtocolClient (GrpcClientProtocolClient.java:onNext(255)) - client-8DB4338F17D0->b5da6a4a-1459-46a4-9479-d2035163dbe2: receive RaftClientReply:client-8DB4338F17D0->b5da6a4a-1459-46a4-9479-d2035163dbe2@group-4A9565783204, cid=2572, SUCCESS, logIndex=3838, commits[b5da6a4a-1459-46a4-9479-d2035163dbe2:c3838, 69c25b61-d669-4f17-b36d-41bca3df1f31:c3835, d2a7b1fa-fac6-4c6f-8c6d-9ac7414c70c3:c3835]
2019-07-14 04:23:52,602 INFO  client.GrpcClientProtocolClient (GrpcClientProtocolClient.java:onNext(255)) - client-8DB4338F17D0->b5da6a4a-1459-46a4-9479-d2035163dbe2: receive RaftClientReply:client-8DB4338F17D0->b5da6a4a-1459-46a4-9479-d2035163dbe2@group-4A9565783204, cid=2573, SUCCESS, logIndex=0, commits[b5da6a4a-1459-46a4-9479-d2035163dbe2:c3840, 69c25b61-d669-4f17-b36d-41bca3df1f31:c3838, d2a7b1fa-fac6-4c6f-8c6d-9ac7414c70c3:c3838]
2019-07-14 04:23:52,633 INFO  client.GrpcClientProtocolClient (GrpcClientProtocolClient.java:onNext(255)) - client-8DB4338F17D0->b5da6a4a-1459-46a4-9479-d2035163dbe2: receive RaftClientReply:client-8DB4338F17D0->b5da6a4a-1459-46a4-9479-d2035163dbe2@group-4A9565783204, cid=2574, SUCCESS, logIndex=3841, commits[b5da6a4a-1459-46a4-9479-d2035163dbe2:c3842, 69c25b61-d669-4f17-b36d-41bca3df1f31:c3840, d2a7b1fa-fac6-4c6f-8c6d-9ac7414c70c3:c3840]
2019-07-14 04:23:52,634 INFO  client.GrpcClientProtocolClient (GrpcClientProtocolClient.java:onNext(255)) - client-8DB4338F17D0->b5da6a4a-1459-46a4-9479-d2035163dbe2: receive RaftClientReply:client-8DB4338F17D0->b5da6a4a-1459-46a4-9479-d2035163dbe2@group-4A9565783204, cid=2575, SUCCESS, logIndex=3842, commits[b5da6a4a-1459-46a4-9479-d2035163dbe2:c3842, 69c25b61-d669-4f17-b36d-41bca3df1f31:c3840, d2a7b1fa-fac6-4c6f-8c6d-9ac7414c70c3:c3840]
2019-07-14 04:23:52,643 INFO  client.GrpcClientProtocolClient (GrpcClientProtocolClient.java:onNext(255)) - client-8DB4338F17D0->b5da6a4a-1459-46a4-9479-d2035163dbe2: receive RaftClientReply:client-8DB4338F17D0->b5da6a4a-1459-46a4-9479-d2035163dbe2@group-4A9565783204, cid=2576, SUCCESS, logIndex=3843, commits[b5da6a4a-1459-46a4-9479-d2035163dbe2:c3844, 69c25b61-d669-4f17-b36d-41bca3df1f31:c3840, d2a7b1fa-fac6-4c6f-8c6d-9ac7414c70c3:c3840]
2019-07-14 04:23:52,643 INFO  client.GrpcClientProtocolClient (GrpcClientProtocolClient.java:onNext(255)) - client-8DB4338F17D0->b5da6a4a-1459-46a4-9479-d2035163dbe2: receive RaftClientReply:client-8DB4338F17D0->b5da6a4a-1459-46a4-9479-d2035163dbe2@group-4A9565783204, cid=2577, SUCCESS, logIndex=3844, commits[b5da6a4a-1459-46a4-9479-d2035163dbe2:c3844, 69c25b61-d669-4f17-b36d-41bca3df1f31:c3840, d2a7b1fa-fac6-4c6f-8c6d-9ac7414c70c3:c3840]
2019-07-14 04:23:52,654 INFO  client.GrpcClientProtocolClient (GrpcClientProtocolClient.java:onNext(255)) - client-8DB4338F17D0->b5da6a4a-1459-46a4-9479-d2035163dbe2: receive RaftClientReply:client-8DB4338F17D0->b5da6a4a-1459-46a4-9479-d2035163dbe2@group-4A9565783204, cid=2578, SUCCESS, logIndex=0, commits[b5da6a4a-1459-46a4-9479-d2035163dbe2:c3846, 69c25b61-d669-4f17-b36d-41bca3df1f31:c3842, d2a7b1fa-fac6-4c6f-8c6d-9ac7414c70c3:c3842]
2019-07-14 04:23:52,677 INFO  client.GrpcClientProtocolClient (GrpcClientProtocolClient.java:onNext(255)) - client-8DB4338F17D0->b5da6a4a-1459-46a4-9479-d2035163dbe2: receive RaftClientReply:client-8DB4338F17D0->b5da6a4a-1459-46a4-9479-d2035163dbe2@group-4A9565783204, cid=2579, SUCCESS, logIndex=3848, commits[b5da6a4a-1459-46a4-9479-d2035163dbe2:c3849, 69c25b61-d669-4f17-b36d-41bca3df1f31:c3847, d2a7b1fa-fac6-4c6f-8c6d-9ac7414c70c3:c3847]
2019-07-14 04:23:52,678 INFO  client.GrpcClientProtocolClient (GrpcClientProtocolClient.java:onNext(255)) - client-8DB4338F17D0->b5da6a4a-1459-46a4-9479-d2035163dbe2: receive RaftClientReply:client-8DB4338F17D0->b5da6a4a-1459-46a4-9479-d2035163dbe2@group-4A9565783204, cid=2580, SUCCESS, logIndex=3849, commits[b5da6a4a-1459-46a4-9479-d2035163dbe2:c3849, 69c25b61-d669-4f17-b36d-41bca3df1f31:c3847, d2a7b1fa-fac6-4c6f-8c6d-9ac7414c70c3:c3847]
2019-07-14 04:23:52,690 INFO  client.GrpcClientProtocolClient (GrpcClientProtocolClient.java:onNext(255)) - client-8DB4338F17D0->b5da6a4a-1459-46a4-9479-d2035163dbe2: receive RaftClientReply:client-8DB4338F17D0->b5da6a4a-1459-46a4-9479-d2035163dbe2@group-4A9565783204, cid=2581, SUCCESS, logIndex=3852, commits[b5da6a4a-1459-46a4-9479-d2035163dbe2:c3853, 69c25b61-d669-4f17-b36d-41bca3df1f31:c3849, d2a7b1fa-fac6-4c6f-8c6d-9ac7414c70c3:c3849]
2019-07-14 04:23:52,691 INFO  client.GrpcClientProtocolClient (GrpcClientProtocolClient.java:onNext(255)) - client-8DB4338F17D0->b5da6a4a-1459-46a4-9479-d2035163dbe2: receive RaftClientReply:client-8DB4338F17D0->b5da6a4a-1459-46a4-9479-d2035163dbe2@group-4A9565783204, cid=2582, SUCCESS, logIndex=3853, commits[b5da6a4a-1459-46a4-9479-d2035163dbe2:c3853, 69c25b61-d669-4f17-b36d-41bca3df1f31:c3849, d2a7b1fa-fac6-4c6f-8c6d-9ac7414c70c3:c3849]
2019-07-14 04:23:52,697 INFO  client.GrpcClientProtocolClient (GrpcClientProtocolClient.java:onNext(255)) - client-8DB4338F17D0->b5da6a4a-1459-46a4-9479-d2035163dbe2: receive RaftClientReply:client-8DB4338F17D0->b5da6a4a-1459-46a4-9479-d2035163dbe2@group-4A9565783204, cid=2583, SUCCESS, logIndex=0, commits[b5da6a4a-1459-46a4-9479-d2035163dbe2:c3855, 69c25b61-d669-4f17-b36d-41bca3df1f31:c3853, d2a7b1fa-fac6-4c6f-8c6d-9ac7414c70c3:c3853]
2019-07-14 04:23:52,722 INFO  client.GrpcClientProtocolClient (GrpcClientProtocolClient.java:onNext(255)) - client-8DB4338F17D0->b5da6a4a-1459-46a4-9479-d2035163dbe2: receive RaftClientReply:client-8DB4338F17D0->b5da6a4a-1459-46a4-9479-d2035163dbe2@group-4A9565783204, cid=2584, SUCCESS, logIndex=3856, commits[b5da6a4a-1459-46a4-9479-d2035163dbe2:c3857, 69c25b61-d669-4f17-b36d-41bca3df1f31:c3855, d2a7b1fa-fac6-4c6f-8c6d-9ac7414c70c3:c3853]
2019-07-14 04:23:52,723 INFO  client.GrpcClientProtocolClient (GrpcClientProtocolClient.java:onNext(255)) - client-8DB4338F17D0->b5da6a4a-1459-46a4-9479-d2035163dbe2: receive RaftClientReply:client-8DB4338F17D0->b5da6a4a-1459-46a4-9479-d2035163dbe2@group-4A9565783204, cid=2585, SUCCESS, logIndex=3857, commits[b5da6a4a-1459-46a4-9479-d2035163dbe2:c3857, 69c25b61-d669-4f17-b36d-41bca3df1f31:c3855, d2a7b1fa-fac6-4c6f-8c6d-9ac7414c70c3:c3853]
2019-07-14 04:23:52,724 INFO  client.GrpcClientProtocolClient (GrpcClientProtocolClient.java:onNext(255)) - client-8DB4338F17D0->b5da6a4a-1459-46a4-9479-d2035163dbe2: receive RaftClientReply:client-8DB4338F17D0->b5da6a4a-1459-46a4-9479-d2035163dbe2@group-4A9565783204, cid=2586, SUCCESS, logIndex=3858, commits[b5da6a4a-1459-46a4-9479-d2035163dbe2:c3858, 69c25b61-d669-4f17-b36d-41bca3df1f31:c3855, d2a7b1fa-fac6-4c6f-8c6d-9ac7414c70c3:c3855]
2019-07-14 04:23:52,724 INFO  client.GrpcClientProtocolClient (GrpcClientProtocolClient.java:onNext(255)) - client-8DB4338F17D0->b5da6a4a-1459-46a4-9479-d2035163dbe2: receive RaftClientReply:client-8DB4338F17D0->b5da6a4a-1459-46a4-9479-d2035163dbe2@group-4A9565783204, cid=2587, SUCCESS, logIndex=3859, commits[b5da6a4a-1459-46a4-9479-d2035163dbe2:c3859, 69c25b61-d669-4f17-b36d-41bca3df1f31:c3855, d2a7b1fa-fac6-4c6f-8c6d-9ac7414c70c3:c3855]
2019-07-14 04:23:52,736 INFO  client.GrpcClientProtocolClient (GrpcClientProtocolClient.java:onNext(255)) - client-8DB4338F17D0->b5da6a4a-1459-46a4-9479-d2035163dbe2: receive RaftClientReply:client-8DB4338F17D0->b5da6a4a-1459-46a4-9479-d2035163dbe2@group-4A9565783204, cid=2588, SUCCESS, logIndex=0, commits[b5da6a4a-1459-46a4-9479-d2035163dbe2:c3860, 69c25b61-d669-4f17-b36d-41bca3df1f31:c3857, d2a7b1fa-fac6-4c6f-8c6d-9ac7414c70c3:c3857]
2019-07-14 04:23:52,749 INFO  client.GrpcClientProtocolClient (GrpcClientProtocolClient.java:onNext(255)) - client-8DB4338F17D0->b5da6a4a-1459-46a4-9479-d2035163dbe2: receive RaftClientReply:client-8DB4338F17D0->b5da6a4a-1459-46a4-9479-d2035163dbe2@group-4A9565783204, cid=2589, SUCCESS, logIndex=3864, commits[b5da6a4a-1459-46a4-9479-d2035163dbe2:c3865, 69c25b61-d669-4f17-b36d-41bca3df1f31:c3863, d2a7b1fa-fac6-4c6f-8c6d-9ac7414c70c3:c3863]
2019-07-14 04:23:52,750 INFO  client.GrpcClientProtocolClient (GrpcClientProtocolClient.java:onNext(255)) - client-8DB4338F17D0->b5da6a4a-1459-46a4-9479-d2035163dbe2: receive RaftClientReply:client-8DB4338F17D0->b5da6a4a-1459-46a4-9479-d2035163dbe2@group-4A9565783204, cid=2590, SUCCESS, logIndex=3865, commits[b5da6a4a-1459-46a4-9479-d2035163dbe2:c3865, 69c25b61-d669-4f17-b36d-41bca3df1f31:c3863, d2a7b1fa-fac6-4c6f-8c6d-9ac7414c70c3:c3863]
2019-07-14 04:23:52,771 INFO  client.GrpcClientProtocolClient (GrpcClientProtocolClient.java:onNext(255)) - client-8DB4338F17D0->b5da6a4a-1459-46a4-9479-d2035163dbe2: receive RaftClientReply:client-8DB4338F17D0->b5da6a4a-1459-46a4-9479-d2035163dbe2@group-4A9565783204, cid=2591, SUCCESS, logIndex=3868, commits[b5da6a4a-1459-46a4-9479-d2035163dbe2:c3869, 69c25b61-d669-4f17-b36d-41bca3df1f31:c3867, d2a7b1fa-fac6-4c6f-8c6d-9ac7414c70c3:c3867]
2019-07-14 04:23:52,771 INFO  client.GrpcClientProtocolClient (GrpcClientProtocolClient.java:onNext(255)) - client-8DB4338F17D0->b5da6a4a-1459-46a4-9479-d2035163dbe2: receive RaftClientReply:client-8DB4338F17D0->b5da6a4a-1459-46a4-9479-d2035163dbe2@group-4A9565783204, cid=2592, SUCCESS, logIndex=3869, commits[b5da6a4a-1459-46a4-9479-d2035163dbe2:c3869, 69c25b61-d669-4f17-b36d-41bca3df1f31:c3867, d2a7b1fa-fac6-4c6f-8c6d-9ac7414c70c3:c3867]
2019-07-14 04:23:52,775 INFO  client.GrpcClientProtocolClient (GrpcClientProtocolClient.java:onNext(255)) - client-8DB4338F17D0->b5da6a4a-1459-46a4-9479-d2035163dbe2: receive RaftClientReply:client-8DB4338F17D0->b5da6a4a-1459-46a4-9479-d2035163dbe2@group-4A9565783204, cid=2593, SUCCESS, logIndex=0, commits[b5da6a4a-1459-46a4-9479-d2035163dbe2:c3871, 69c25b61-d669-4f17-b36d-41bca3df1f31:c3869, d2a7b1fa-fac6-4c6f-8c6d-9ac7414c70c3:c3869]
2019-07-14 04:23:52,796 INFO  client.GrpcClientProtocolClient (GrpcClientProtocolClient.java:onNext(255)) - client-8DB4338F17D0->b5da6a4a-1459-46a4-9479-d2035163dbe2: receive RaftClientReply:client-8DB4338F17D0->b5da6a4a-1459-46a4-9479-d2035163dbe2@group-4A9565783204, cid=2594, SUCCESS, logIndex=3872, commits[b5da6a4a-1459-46a4-9479-d2035163dbe2:c3873, 69c25b61-d669-4f17-b36d-41bca3df1f31:c3871, d2a7b1fa-fac6-4c6f-8c6d-9ac7414c70c3:c3871]
2019-07-14 04:23:52,797 INFO  client.GrpcClientProtocolClient (GrpcClientProtocolClient.java:onNext(255)) - client-8DB4338F17D0->b5da6a4a-1459-46a4-9479-d2035163dbe2: receive RaftClientReply:client-8DB4338F17D0->b5da6a4a-1459-46a4-9479-d2035163dbe2@group-4A9565783204, cid=2595, SUCCESS, logIndex=3873, commits[b5da6a4a-1459-46a4-9479-d2035163dbe2:c3873, 69c25b61-d669-4f17-b36d-41bca3df1f31:c3871, d2a7b1fa-fac6-4c6f-8c6d-9ac7414c70c3:c3871]
2019-07-14 04:23:52,798 INFO  client.GrpcClientProtocolClient (GrpcClientProtocolClient.java:onNext(255)) - client-8DB4338F17D0->b5da6a4a-1459-46a4-9479-d2035163dbe2: receive RaftClientReply:client-8DB4338F17D0->b5da6a4a-1459-46a4-9479-d2035163dbe2@group-4A9565783204, cid=2596, SUCCESS, logIndex=3874, commits[b5da6a4a-1459-46a4-9479-d2035163dbe2:c3875, 69c25b61-d669-4f17-b36d-41bca3df1f31:c3871, d2a7b1fa-fac6-4c6f-8c6d-9ac7414c70c3:c3871]
2019-07-14 04:23:52,798 INFO  client.GrpcClientProtocolClient (GrpcClientProtocolClient.java:onNext(255)) - client-8DB4338F17D0->b5da6a4a-1459-46a4-9479-d2035163dbe2: receive RaftClientReply:client-8DB4338F17D0->b5da6a4a-1459-46a4-9479-d2035163dbe2@group-4A9565783204, cid=2597, SUCCESS, logIndex=3875, commits[b5da6a4a-1459-46a4-9479-d2035163dbe2:c3876, 69c25b61-d669-4f17-b36d-41bca3df1f31:c3871, d2a7b1fa-fac6-4c6f-8c6d-9ac7414c70c3:c3873]
2019-07-14 04:23:52,801 INFO  client.GrpcClientProtocolClient (GrpcClientProtocolClient.java:onNext(255)) - client-8DB4338F17D0->b5da6a4a-1459-46a4-9479-d2035163dbe2: receive RaftClientReply:client-8DB4338F17D0->b5da6a4a-1459-46a4-9479-d2035163dbe2@group-4A9565783204, cid=2598, SUCCESS, logIndex=0, commits[b5da6a4a-1459-46a4-9479-d2035163dbe2:c3877, 69c25b61-d669-4f17-b36d-41bca3df1f31:c3873, d2a7b1fa-fac6-4c6f-8c6d-9ac7414c70c3:c3874]
2019-07-14 04:23:52,819 INFO  client.GrpcClientProtocolClient (GrpcClientProtocolClient.java:onNext(255)) - client-8DB4338F17D0->b5da6a4a-1459-46a4-9479-d2035163dbe2: receive RaftClientReply:client-8DB4338F17D0->b5da6a4a-1459-46a4-9479-d2035163dbe2@group-4A9565783204, cid=2599, SUCCESS, logIndex=3880, commits[b5da6a4a-1459-46a4-9479-d2035163dbe2:c3881, 69c25b61-d669-4f17-b36d-41bca3df1f31:c3879, d2a7b1fa-fac6-4c6f-8c6d-9ac7414c70c3:c3879]
2019-07-14 04:23:52,819 INFO  client.GrpcClientProtocolClient (GrpcClientProtocolClient.java:onNext(255)) - client-8DB4338F17D0->b5da6a4a-1459-46a4-9479-d2035163dbe2: receive RaftClientReply:client-8DB4338F17D0->b5da6a4a-1459-46a4-9479-d2035163dbe2@group-4A9565783204, cid=2600, SUCCESS, logIndex=3881, commits[b5da6a4a-1459-46a4-9479-d2035163dbe2:c3881, 69c25b61-d669-4f17-b36d-41bca3df1f31:c3879, d2a7b1fa-fac6-4c6f-8c6d-9ac7414c70c3:c3879]
2019-07-14 04:23:52,838 INFO  client.GrpcClientProtocolClient (GrpcClientProtocolClient.java:onNext(255)) - client-8DB4338F17D0->b5da6a4a-1459-46a4-9479-d2035163dbe2: receive RaftClientReply:client-8DB4338F17D0->b5da6a4a-1459-46a4-9479-d2035163dbe2@group-4A9565783204, cid=2601, SUCCESS, logIndex=3884, commits[b5da6a4a-1459-46a4-9479-d2035163dbe2:c3885, 69c25b61-d669-4f17-b36d-41bca3df1f31:c3881, d2a7b1fa-fac6-4c6f-8c6d-9ac7414c70c3:c3883]
2019-07-14 04:23:52,838 INFO  client.GrpcClientProtocolClient (GrpcClientProtocolClient.java:onNext(255)) - client-8DB4338F17D0->b5da6a4a-1459-46a4-9479-d2035163dbe2: receive RaftClientReply:client-8DB4338F17D0->b5da6a4a-1459-46a4-9479-d2035163dbe2@group-4A9565783204, cid=2602, SUCCESS, logIndex=3885, commits[b5da6a4a-1459-46a4-9479-d2035163dbe2:c3885, 69c25b61-d669-4f17-b36d-41bca3df1f31:c3883, d2a7b1fa-fac6-4c6f-8c6d-9ac7414c70c3:c3883]
2019-07-14 04:23:52,839 INFO  client.GrpcClientProtocolClient (GrpcClientProtocolClient.java:onNext(255)) - client-8DB4338F17D0->b5da6a4a-1459-46a4-9479-d2035163dbe2: receive RaftClientReply:client-8DB4338F17D0->b5da6a4a-1459-46a4-9479-d2035163dbe2@group-4A9565783204, cid=2603, SUCCESS, logIndex=0, commits[b5da6a4a-1459-46a4-9479-d2035163dbe2:c3886, 69c25b61-d669-4f17-b36d-41bca3df1f31:c3885, d2a7b1fa-fac6-4c6f-8c6d-9ac7414c70c3:c3885]
2019-07-14 04:23:52,859 INFO  client.GrpcClientProtocolClient (GrpcClientProtocolClient.java:onNext(255)) - client-8DB4338F17D0->b5da6a4a-1459-46a4-9479-d2035163dbe2: receive RaftClientReply:client-8DB4338F17D0->b5da6a4a-1459-46a4-9479-d2035163dbe2@group-4A9565783204, cid=2604, SUCCESS, logIndex=3888, commits[b5da6a4a-1459-46a4-9479-d2035163dbe2:c3891, 69c25b61-d669-4f17-b36d-41bca3df1f31:c3885, d2a7b1fa-fac6-4c6f-8c6d-9ac7414c70c3:c3887]
2019-07-14 04:23:52,860 INFO  client.GrpcClientProtocolClient (GrpcClientProtocolClient.java:onNext(255)) - client-8DB4338F17D0->b5da6a4a-1459-46a4-9479-d2035163dbe2: receive RaftClientReply:client-8DB4338F17D0->b5da6a4a-1459-46a4-9479-d2035163dbe2@group-4A9565783204, cid=2605, SUCCESS, logIndex=3889, commits[b5da6a4a-1459-46a4-9479-d2035163dbe2:c3891, 69c25b61-d669-4f17-b36d-41bca3df1f31:c3885, d2a7b1fa-fac6-4c6f-8c6d-9ac7414c70c3:c3887]
2019-07-14 04:23:52,860 INFO  client.GrpcClientProtocolClient (GrpcClientProtocolClient.java:onNext(255)) - client-8DB4338F17D0->b5da6a4a-1459-46a4-9479-d2035163dbe2: receive RaftClientReply:client-8DB4338F17D0->b5da6a4a-1459-46a4-9479-d2035163dbe2@group-4A9565783204, cid=2606, SUCCESS, logIndex=3890, commits[b5da6a4a-1459-46a4-9479-d2035163dbe2:c3891, 69c25b61-d669-4f17-b36d-41bca3df1f31:c3885, d2a7b1fa-fac6-4c6f-8c6d-9ac7414c70c3:c3887]
2019-07-14 04:23:52,860 INFO  client.GrpcClientProtocolClient (GrpcClientProtocolClient.java:onNext(255)) - client-8DB4338F17D0->b5da6a4a-1459-46a4-9479-d2035163dbe2: receive RaftClientReply:client-8DB4338F17D0->b5da6a4a-1459-46a4-9479-d2035163dbe2@group-4A9565783204, cid=2607, SUCCESS, logIndex=3891, commits[b5da6a4a-1459-46a4-9479-d2035163dbe2:c3891, 69c25b61-d669-4f17-b36d-41bca3df1f31:c3885, d2a7b1fa-fac6-4c6f-8c6d-9ac7414c70c3:c3887]
2019-07-14 04:23:52,863 INFO  client.GrpcClientProtocolClient (GrpcClientProtocolClient.java:onNext(255)) - client-8DB4338F17D0->b5da6a4a-1459-46a4-9479-d2035163dbe2: receive RaftClientReply:client-8DB4338F17D0->b5da6a4a-1459-46a4-9479-d2035163dbe2@group-4A9565783204, cid=2608, SUCCESS, logIndex=0, commits[b5da6a4a-1459-46a4-9479-d2035163dbe2:c3894, 69c25b61-d669-4f17-b36d-41bca3df1f31:c3889, d2a7b1fa-fac6-4c6f-8c6d-9ac7414c70c3:c3891]
2019-07-14 04:23:52,880 INFO  client.GrpcClientProtocolClient (GrpcClientProtocolClient.java:onNext(255)) - client-8DB4338F17D0->b5da6a4a-1459-46a4-9479-d2035163dbe2: receive RaftClientReply:client-8DB4338F17D0->b5da6a4a-1459-46a4-9479-d2035163dbe2@group-4A9565783204, cid=2609, SUCCESS, logIndex=3895, commits[b5da6a4a-1459-46a4-9479-d2035163dbe2:c3896, 69c25b61-d669-4f17-b36d-41bca3df1f31:c3894, d2a7b1fa-fac6-4c6f-8c6d-9ac7414c70c3:c3894]
2019-07-14 04:23:52,880 INFO  client.GrpcClientProtocolClient (GrpcClientProtocolClient.java:onNext(255)) - client-8DB4338F17D0->b5da6a4a-1459-46a4-9479-d2035163dbe2: receive RaftClientReply:client-8DB4338F17D0->b5da6a4a-1459-46a4-9479-d2035163dbe2@group-4A9565783204, cid=2610, SUCCESS, logIndex=3896, commits[b5da6a4a-1459-46a4-9479-d2035163dbe2:c3896, 69c25b61-d669-4f17-b36d-41bca3df1f31:c3894, d2a7b1fa-fac6-4c6f-8c6d-9ac7414c70c3:c3894]
2019-07-14 04:23:52,900 INFO  client.GrpcClientProtocolClient (GrpcClientProtocolClient.java:onNext(255)) - client-8DB4338F17D0->b5da6a4a-1459-46a4-9479-d2035163dbe2: receive RaftClientReply:client-8DB4338F17D0->b5da6a4a-1459-46a4-9479-d2035163dbe2@group-4A9565783204, cid=2611, SUCCESS, logIndex=3899, commits[b5da6a4a-1459-46a4-9479-d2035163dbe2:c3900, 69c25b61-d669-4f17-b36d-41bca3df1f31:c3898, d2a7b1fa-fac6-4c6f-8c6d-9ac7414c70c3:c3898]
2019-07-14 04:23:52,900 INFO  client.GrpcClientProtocolClient (GrpcClientProtocolClient.java:onNext(255)) - client-8DB4338F17D0->b5da6a4a-1459-46a4-9479-d2035163dbe2: receive RaftClientReply:client-8DB4338F17D0->b5da6a4a-1459-46a4-9479-d2035163dbe2@group-4A9565783204, cid=2612, SUCCESS, logIndex=3900, commits[b5da6a4a-1459-46a4-9479-d2035163dbe2:c3900, 69c25b61-d669-4f17-b36d-41bca3df1f31:c3898, d2a7b1fa-fac6-4c6f-8c6d-9ac7414c70c3:c3898]
2019-07-14 04:23:52,911 INFO  client.GrpcClientProtocolClient (GrpcClientProtocolClient.java:onNext(255)) - client-8DB4338F17D0->b5da6a4a-1459-46a4-9479-d2035163dbe2: receive RaftClientReply:client-8DB4338F17D0->b5da6a4a-1459-46a4-9479-d2035163dbe2@group-4A9565783204, cid=2613, SUCCESS, logIndex=0, commits[b5da6a4a-1459-46a4-9479-d2035163dbe2:c3901, 69c25b61-d669-4f17-b36d-41bca3df1f31:c3900, d2a7b1fa-fac6-4c6f-8c6d-9ac7414c70c3:c3900]
2019-07-14 04:23:52,940 INFO  client.GrpcClientProtocolClient (GrpcClientProtocolClient.java:onNext(255)) - client-8DB4338F17D0->b5da6a4a-1459-46a4-9479-d2035163dbe2: receive RaftClientReply:client-8DB4338F17D0->b5da6a4a-1459-46a4-9479-d2035163dbe2@group-4A9565783204, cid=2614, SUCCESS, logIndex=3903, commits[b5da6a4a-1459-46a4-9479-d2035163dbe2:c3906, 69c25b61-d669-4f17-b36d-41bca3df1f31:c3902, d2a7b1fa-fac6-4c6f-8c6d-9ac7414c70c3:c3902]
2019-07-14 04:23:52,940 INFO  client.GrpcClientProtocolClient (GrpcClientProtocolClient.java:onNext(255)) - client-8DB4338F17D0->b5da6a4a-1459-46a4-9479-d2035163dbe2: receive RaftClientReply:client-8DB4338F17D0->b5da6a4a-1459-46a4-9479-d2035163dbe2@group-4A9565783204, cid=2615, SUCCESS, logIndex=3904, commits[b5da6a4a-1459-46a4-9479-d2035163dbe2:c3906, 69c25b61-d669-4f17-b36d-41bca3df1f31:c3902, d2a7b1fa-fac6-4c6f-8c6d-9ac7414c70c3:c3902]
2019-07-14 04:23:52,940 INFO  client.GrpcClientProtocolClient (GrpcClientProtocolClient.java:onNext(255)) - client-8DB4338F17D0->b5da6a4a-1459-46a4-9479-d2035163dbe2: receive RaftClientReply:client-8DB4338F17D0->b5da6a4a-1459-46a4-9479-d2035163dbe2@group-4A9565783204, cid=2616, SUCCESS, logIndex=3905, commits[b5da6a4a-1459-46a4-9479-d2035163dbe2:c3906, 69c25b61-d669-4f17-b36d-41bca3df1f31:c3902, d2a7b1fa-fac6-4c6f-8c6d-9ac7414c70c3:c3902]
2019-07-14 04:23:52,941 INFO  client.GrpcClientProtocolClient (GrpcClientProtocolClient.java:onNext(255)) - client-8DB4338F17D0->b5da6a4a-1459-46a4-9479-d2035163dbe2: receive RaftClientReply:client-8DB4338F17D0->b5da6a4a-1459-46a4-9479-d2035163dbe2@group-4A9565783204, cid=2617, SUCCESS, logIndex=3906, commits[b5da6a4a-1459-46a4-9479-d2035163dbe2:c3906, 69c25b61-d669-4f17-b36d-41bca3df1f31:c3902, d2a7b1fa-fac6-4c6f-8c6d-9ac7414c70c3:c3902]
2019-07-14 04:23:52,941 INFO  client.GrpcClientProtocolClient (GrpcClientProtocolClient.java:onNext(255)) - client-8DB4338F17D0->b5da6a4a-1459-46a4-9479-d2035163dbe2: receive RaftClientReply:client-8DB4338F17D0->b5da6a4a-1459-46a4-9479-d2035163dbe2@group-4A9565783204, cid=2618, SUCCESS, logIndex=0, commits[b5da6a4a-1459-46a4-9479-d2035163dbe2:c3907, 69c25b61-d669-4f17-b36d-41bca3df1f31:c3904, d2a7b1fa-fac6-4c6f-8c6d-9ac7414c70c3:c3904]
2019-07-14 04:23:52,958 INFO  client.GrpcClientProtocolClient (GrpcClientProtocolClient.java:onNext(255)) - client-8DB4338F17D0->b5da6a4a-1459-46a4-9479-d2035163dbe2: receive RaftClientReply:client-8DB4338F17D0->b5da6a4a-1459-46a4-9479-d2035163dbe2@group-4A9565783204, cid=2619, SUCCESS, logIndex=3910, commits[b5da6a4a-1459-46a4-9479-d2035163dbe2:c3911, 69c25b61-d669-4f17-b36d-41bca3df1f31:c3909, d2a7b1fa-fac6-4c6f-8c6d-9ac7414c70c3:c3909]
2019-07-14 04:23:52,959 INFO  client.GrpcClientProtocolClient (GrpcClientProtocolClient.java:onNext(255)) - client-8DB4338F17D0->b5da6a4a-1459-46a4-9479-d2035163dbe2: receive RaftClientReply:client-8DB4338F17D0->b5da6a4a-1459-46a4-9479-d2035163dbe2@group-4A9565783204, cid=2620, SUCCESS, logIndex=3911, commits[b5da6a4a-1459-46a4-9479-d2035163dbe2:c3911, 69c25b61-d669-4f17-b36d-41bca3df1f31:c3909, d2a7b1fa-fac6-4c6f-8c6d-9ac7414c70c3:c3909]
2019-07-14 04:23:52,970 INFO  client.GrpcClientProtocolClient (GrpcClientProtocolClient.java:onNext(255)) - client-8DB4338F17D0->b5da6a4a-1459-46a4-9479-d2035163dbe2: receive RaftClientReply:client-8DB4338F17D0->b5da6a4a-1459-46a4-9479-d2035163dbe2@group-4A9565783204, cid=2621, SUCCESS, logIndex=3914, commits[b5da6a4a-1459-46a4-9479-d2035163dbe2:c3915, 69c25b61-d669-4f17-b36d-41bca3df1f31:c3912, d2a7b1fa-fac6-4c6f-8c6d-9ac7414c70c3:c3912]
2019-07-14 04:23:52,970 INFO  client.GrpcClientProtocolClient (GrpcClientProtocolClient.java:onNext(255)) - client-8DB4338F17D0->b5da6a4a-1459-46a4-9479-d2035163dbe2: receive RaftClientReply:client-8DB4338F17D0->b5da6a4a-1459-46a4-9479-d2035163dbe2@group-4A9565783204, cid=2622, SUCCESS, logIndex=3915, commits[b5da6a4a-1459-46a4-9479-d2035163dbe2:c3915, 69c25b61-d669-4f17-b36d-41bca3df1f31:c3912, d2a7b1fa-fac6-4c6f-8c6d-9ac7414c70c3:c3912]
2019-07-14 04:23:52,983 INFO  client.GrpcClientProtocolClient (GrpcClientProtocolClient.java:onNext(255)) - client-8DB4338F17D0->b5da6a4a-1459-46a4-9479-d2035163dbe2: receive RaftClientReply:client-8DB4338F17D0->b5da6a4a-1459-46a4-9479-d2035163dbe2@group-4A9565783204, cid=2623, SUCCESS, logIndex=0, commits[b5da6a4a-1459-46a4-9479-d2035163dbe2:c3917, 69c25b61-d669-4f17-b36d-41bca3df1f31:c3915, d2a7b1fa-fac6-4c6f-8c6d-9ac7414c70c3:c3915]
2019-07-14 04:23:53,010 INFO  client.GrpcClientProtocolClient (GrpcClientProtocolClient.java:onNext(255)) - client-8DB4338F17D0->b5da6a4a-1459-46a4-9479-d2035163dbe2: receive RaftClientReply:client-8DB4338F17D0->b5da6a4a-1459-46a4-9479-d2035163dbe2@group-4A9565783204, cid=2624, SUCCESS, logIndex=3918, commits[b5da6a4a-1459-46a4-9479-d2035163dbe2:c3921, 69c25b61-d669-4f17-b36d-41bca3df1f31:c3915, d2a7b1fa-fac6-4c6f-8c6d-9ac7414c70c3:c3917]
2019-07-14 04:23:53,011 INFO  client.GrpcClientProtocolClient (GrpcClientProtocolClient.java:onNext(255)) - client-8DB4338F17D0->b5da6a4a-1459-46a4-9479-d2035163dbe2: receive RaftClientReply:client-8DB4338F17D0->b5da6a4a-1459-46a4-9479-d2035163dbe2@group-4A9565783204, cid=2625, SUCCESS, logIndex=3919, commits[b5da6a4a-1459-46a4-9479-d2035163dbe2:c3921, 69c25b61-d669-4f17-b36d-41bca3df1f31:c3917, d2a7b1fa-fac6-4c6f-8c6d-9ac7414c70c3:c3917]
2019-07-14 04:23:53,011 INFO  client.GrpcClientProtocolClient (GrpcClientProtocolClient.java:onNext(255)) - client-8DB4338F17D0->b5da6a4a-1459-46a4-9479-d2035163dbe2: receive RaftClientReply:client-8DB4338F17D0->b5da6a4a-1459-46a4-9479-d2035163dbe2@group-4A9565783204, cid=2626, SUCCESS, logIndex=3920, commits[b5da6a4a-1459-46a4-9479-d2035163dbe2:c3921, 69c25b61-d669-4f17-b36d-41bca3df1f31:c3917, d2a7b1fa-fac6-4c6f-8c6d-9ac7414c70c3:c3917]
2019-07-14 04:23:53,012 INFO  client.GrpcClientProtocolClient (GrpcClientProtocolClient.java:onNext(255)) - client-8DB4338F17D0->b5da6a4a-1459-46a4-9479-d2035163dbe2: receive RaftClientReply:client-8DB4338F17D0->b5da6a4a-1459-46a4-9479-d2035163dbe2@group-4A9565783204, cid=2627, SUCCESS, logIndex=3921, commits[b5da6a4a-1459-46a4-9479-d2035163dbe2:c3921, 69c25b61-d669-4f17-b36d-41bca3df1f31:c3917, d2a7b1fa-fac6-4c6f-8c6d-9ac7414c70c3:c3917]
2019-07-14 04:23:53,012 INFO  client.GrpcClientProtocolClient (GrpcClientProtocolClient.java:onNext(255)) - client-8DB4338F17D0->b5da6a4a-1459-46a4-9479-d2035163dbe2: receive RaftClientReply:client-8DB4338F17D0->b5da6a4a-1459-46a4-9479-d2035163dbe2@group-4A9565783204, cid=2628, SUCCESS, logIndex=0, commits[b5da6a4a-1459-46a4-9479-d2035163dbe2:c3922, 69c25b61-d669-4f17-b36d-41bca3df1f31:c3919, d2a7b1fa-fac6-4c6f-8c6d-9ac7414c70c3:c3919]
2019-07-14 04:23:53,021 INFO  client.GrpcClientProtocolClient (GrpcClientProtocolClient.java:onNext(255)) - client-8DB4338F17D0->b5da6a4a-1459-46a4-9479-d2035163dbe2: receive RaftClientReply:client-8DB4338F17D0->b5da6a4a-1459-46a4-9479-d2035163dbe2@group-4A9565783204, cid=2629, SUCCESS, logIndex=3926, commits[b5da6a4a-1459-46a4-9479-d2035163dbe2:c3927, 69c25b61-d669-4f17-b36d-41bca3df1f31:c3921, d2a7b1fa-fac6-4c6f-8c6d-9ac7414c70c3:c3925]
2019-07-14 04:23:53,021 INFO  client.GrpcClientProtocolClient (GrpcClientProtocolClient.java:onNext(255)) - client-8DB4338F17D0->b5da6a4a-1459-46a4-9479-d2035163dbe2: receive RaftClientReply:client-8DB4338F17D0->b5da6a4a-1459-46a4-9479-d2035163dbe2@group-4A9565783204, cid=2630, SUCCESS, logIndex=3927, commits[b5da6a4a-1459-46a4-9479-d2035163dbe2:c3927, 69c25b61-d669-4f17-b36d-41bca3df1f31:c3925, d2a7b1fa-fac6-4c6f-8c6d-9ac7414c70c3:c3925]
2019-07-14 04:23:53,032 INFO  client.GrpcClientProtocolClient (GrpcClientProtocolClient.java:onNext(255)) - client-8DB4338F17D0->b5da6a4a-1459-46a4-9479-d2035163dbe2: receive RaftClientReply:client-8DB4338F17D0->b5da6a4a-1459-46a4-9479-d2035163dbe2@group-4A9565783204, cid=2631, SUCCESS, logIndex=3930, commits[b5da6a4a-1459-46a4-9479-d2035163dbe2:c3931, 69c25b61-d669-4f17-b36d-41bca3df1f31:c3929, d2a7b1fa-fac6-4c6f-8c6d-9ac7414c70c3:c3929]
2019-07-14 04:23:53,033 INFO  client.GrpcClientProtocolClient (GrpcClientProtocolClient.java:onNext(255)) - client-8DB4338F17D0->b5da6a4a-1459-46a4-9479-d2035163dbe2: receive RaftClientReply:client-8DB4338F17D0->b5da6a4a-1459-46a4-9479-d2035163dbe2@group-4A9565783204, cid=2632, SUCCESS, logIndex=3931, commits[b5da6a4a-1459-46a4-9479-d2035163dbe2:c3931, 69c25b61-d669-4f17-b36d-41bca3df1f31:c3929, d2a7b1fa-fac6-4c6f-8c6d-9ac7414c70c3:c3929]
2019-07-14 04:23:53,045 INFO  client.GrpcClientProtocolClient (GrpcClientProtocolClient.java:onNext(255)) - client-8DB4338F17D0->b5da6a4a-1459-46a4-9479-d2035163dbe2: receive RaftClientReply:client-8DB4338F17D0->b5da6a4a-1459-46a4-9479-d2035163dbe2@group-4A9565783204, cid=2633, SUCCESS, logIndex=0, commits[b5da6a4a-1459-46a4-9479-d2035163dbe2:c3933, 69c25b61-d669-4f17-b36d-41bca3df1f31:c3931, d2a7b1fa-fac6-4c6f-8c6d-9ac7414c70c3:c3931]
2019-07-14 04:23:53,069 INFO  client.GrpcClientProtocolClient (GrpcClientProtocolClient.java:onNext(255)) - client-8DB4338F17D0->b5da6a4a-1459-46a4-9479-d2035163dbe2: receive RaftClientReply:client-8DB4338F17D0->b5da6a4a-1459-46a4-9479-d2035163dbe2@group-4A9565783204, cid=2634, SUCCESS, logIndex=3934, commits[b5da6a4a-1459-46a4-9479-d2035163dbe2:c3935, 69c25b61-d669-4f17-b36d-41bca3df1f31:c3933, d2a7b1fa-fac6-4c6f-8c6d-9ac7414c70c3:c3933]
2019-07-14 04:23:53,069 INFO  client.GrpcClientProtocolClient (GrpcClientProtocolClient.java:onNext(255)) - client-8DB4338F17D0->b5da6a4a-1459-46a4-9479-d2035163dbe2: receive RaftClientReply:client-8DB4338F17D0->b5da6a4a-1459-46a4-9479-d2035163dbe2@group-4A9565783204, cid=2635, SUCCESS, logIndex=3935, commits[b5da6a4a-1459-46a4-9479-d2035163dbe2:c3937, 69c25b61-d669-4f17-b36d-41bca3df1f31:c3933, d2a7b1fa-fac6-4c6f-8c6d-9ac7414c70c3:c3933]
2019-07-14 04:23:53,069 INFO  client.GrpcClientProtocolClient (GrpcClientProtocolClient.java:onNext(255)) - client-8DB4338F17D0->b5da6a4a-1459-46a4-9479-d2035163dbe2: receive RaftClientReply:client-8DB4338F17D0->b5da6a4a-1459-46a4-9479-d2035163dbe2@group-4A9565783204, cid=2636, SUCCESS, logIndex=3936, commits[b5da6a4a-1459-46a4-9479-d2035163dbe2:c3937, 69c25b61-d669-4f17-b36d-41bca3df1f31:c3933, d2a7b1fa-fac6-4c6f-8c6d-9ac7414c70c3:c3933]
2019-07-14 04:23:53,070 INFO  client.GrpcClientProtocolClient (GrpcClientProtocolClient.java:onNext(255)) - client-8DB4338F17D0->b5da6a4a-1459-46a4-9479-d2035163dbe2: receive RaftClientReply:client-8DB4338F17D0->b5da6a4a-1459-46a4-9479-d2035163dbe2@group-4A9565783204, cid=2637, SUCCESS, logIndex=3937, commits[b5da6a4a-1459-46a4-9479-d2035163dbe2:c3937, 69c25b61-d669-4f17-b36d-41bca3df1f31:c3933, d2a7b1fa-fac6-4c6f-8c6d-9ac7414c70c3:c3933]
2019-07-14 04:23:53,073 INFO  client.GrpcClientProtocolClient (GrpcClientProtocolClient.java:onNext(255)) - client-8DB4338F17D0->b5da6a4a-1459-46a4-9479-d2035163dbe2: receive RaftClientReply:client-8DB4338F17D0->b5da6a4a-1459-46a4-9479-d2035163dbe2@group-4A9565783204, cid=2638, SUCCESS, logIndex=0, commits[b5da6a4a-1459-46a4-9479-d2035163dbe2:c3941, 69c25b61-d669-4f17-b36d-41bca3df1f31:c3935, d2a7b1fa-fac6-4c6f-8c6d-9ac7414c70c3:c3937]
2019-07-14 04:23:53,092 INFO  client.GrpcClientProtocolClient (GrpcClientProtocolClient.java:onNext(255)) - client-8DB4338F17D0->b5da6a4a-1459-46a4-9479-d2035163dbe2: receive RaftClientReply:client-8DB4338F17D0->b5da6a4a-1459-46a4-9479-d2035163dbe2@group-4A9565783204, cid=2639, SUCCESS, logIndex=3942, commits[b5da6a4a-1459-46a4-9479-d2035163dbe2:c3943, 69c25b61-d669-4f17-b36d-41bca3df1f31:c3941, d2a7b1fa-fac6-4c6f-8c6d-9ac7414c70c3:c3941]
2019-07-14 04:23:53,093 INFO  client.GrpcClientProtocolClient (GrpcClientProtocolClient.java:onNext(255)) - client-8DB4338F17D0->b5da6a4a-1459-46a4-9479-d2035163dbe2: receive RaftClientReply:client-8DB4338F17D0->b5da6a4a-1459-46a4-9479-d2035163dbe2@group-4A9565783204, cid=2640, SUCCESS, logIndex=3943, commits[b5da6a4a-1459-46a4-9479-d2035163dbe2:c3943, 69c25b61-d669-4f17-b36d-41bca3df1f31:c3941, d2a7b1fa-fac6-4c6f-8c6d-9ac7414c70c3:c3941]
2019-07-14 04:23:53,189 INFO  client.GrpcClientProtocolClient (GrpcClientProtocolClient.java:onNext(255)) - client-8DB4338F17D0->b5da6a4a-1459-46a4-9479-d2035163dbe2: receive RaftClientReply:client-8DB4338F17D0->b5da6a4a-1459-46a4-9479-d2035163dbe2@group-4A9565783204, cid=2641, SUCCESS, logIndex=3946, commits[b5da6a4a-1459-46a4-9479-d2035163dbe2:c3947, 69c25b61-d669-4f17-b36d-41bca3df1f31:c3945, d2a7b1fa-fac6-4c6f-8c6d-9ac7414c70c3:c3945]
2019-07-14 04:23:53,190 INFO  client.GrpcClientProtocolClient (GrpcClientProtocolClient.java:onNext(255)) - client-8DB4338F17D0->b5da6a4a-1459-46a4-9479-d2035163dbe2: receive RaftClientReply:client-8DB4338F17D0->b5da6a4a-1459-46a4-9479-d2035163dbe2@group-4A9565783204, cid=2642, SUCCESS, logIndex=3947, commits[b5da6a4a-1459-46a4-9479-d2035163dbe2:c3947, 69c25b61-d669-4f17-b36d-41bca3df1f31:c3945, d2a7b1fa-fac6-4c6f-8c6d-9ac7414c70c3:c3945]
2019-07-14 04:23:53,193 INFO  client.GrpcClientProtocolClient (GrpcClientProtocolClient.java:onNext(255)) - client-8DB4338F17D0->b5da6a4a-1459-46a4-9479-d2035163dbe2: receive RaftClientReply:client-8DB4338F17D0->b5da6a4a-1459-46a4-9479-d2035163dbe2@group-4A9565783204, cid=2643, SUCCESS, logIndex=0, commits[b5da6a4a-1459-46a4-9479-d2035163dbe2:c3949, 69c25b61-d669-4f17-b36d-41bca3df1f31:c3947, d2a7b1fa-fac6-4c6f-8c6d-9ac7414c70c3:c3947]
2019-07-14 04:23:53,228 INFO  client.GrpcClientProtocolClient (GrpcClientProtocolClient.java:onNext(255)) - client-8DB4338F17D0->b5da6a4a-1459-46a4-9479-d2035163dbe2: receive RaftClientReply:client-8DB4338F17D0->b5da6a4a-1459-46a4-9479-d2035163dbe2@group-4A9565783204, cid=2644, SUCCESS, logIndex=3950, commits[b5da6a4a-1459-46a4-9479-d2035163dbe2:c3953, 69c25b61-d669-4f17-b36d-41bca3df1f31:c3949, d2a7b1fa-fac6-4c6f-8c6d-9ac7414c70c3:c3947]
2019-07-14 04:23:53,229 INFO  client.GrpcClientProtocolClient (GrpcClientProtocolClient.java:onNext(255)) - client-8DB4338F17D0->b5da6a4a-1459-46a4-9479-d2035163dbe2: receive RaftClientReply:client-8DB4338F17D0->b5da6a4a-1459-46a4-9479-d2035163dbe2@group-4A9565783204, cid=2645, SUCCESS, logIndex=3951, commits[b5da6a4a-1459-46a4-9479-d2035163dbe2:c3953, 69c25b61-d669-4f17-b36d-41bca3df1f31:c3949, d2a7b1fa-fac6-4c6f-8c6d-9ac7414c70c3:c3949]
2019-07-14 04:23:53,229 INFO  client.GrpcClientProtocolClient (GrpcClientProtocolClient.java:onNext(255)) - client-8DB4338F17D0->b5da6a4a-1459-46a4-9479-d2035163dbe2: receive RaftClientReply:client-8DB4338F17D0->b5da6a4a-1459-46a4-9479-d2035163dbe2@group-4A9565783204, cid=2646, SUCCESS, logIndex=3952, commits[b5da6a4a-1459-46a4-9479-d2035163dbe2:c3953, 69c25b61-d669-4f17-b36d-41bca3df1f31:c3949, d2a7b1fa-fac6-4c6f-8c6d-9ac7414c70c3:c3949]
2019-07-14 04:23:53,229 INFO  client.GrpcClientProtocolClient (GrpcClientProtocolClient.java:onNext(255)) - client-8DB4338F17D0->b5da6a4a-1459-46a4-9479-d2035163dbe2: receive RaftClientReply:client-8DB4338F17D0->b5da6a4a-1459-46a4-9479-d2035163dbe2@group-4A9565783204, cid=2647, SUCCESS, logIndex=3953, commits[b5da6a4a-1459-46a4-9479-d2035163dbe2:c3953, 69c25b61-d669-4f17-b36d-41bca3df1f31:c3949, d2a7b1fa-fac6-4c6f-8c6d-9ac7414c70c3:c3949]
2019-07-14 04:23:53,238 INFO  client.GrpcClientProtocolClient (GrpcClientProtocolClient.java:onNext(255)) - client-8DB4338F17D0->b5da6a4a-1459-46a4-9479-d2035163dbe2: receive RaftClientReply:client-8DB4338F17D0->b5da6a4a-1459-46a4-9479-d2035163dbe2@group-4A9565783204, cid=2648, SUCCESS, logIndex=0, commits[b5da6a4a-1459-46a4-9479-d2035163dbe2:c3955, 69c25b61-d669-4f17-b36d-41bca3df1f31:c3953, d2a7b1fa-fac6-4c6f-8c6d-9ac7414c70c3:c3953]
 0.00% |█                                                                                                    |  0/1 Time: 0:00:182019-07-14 04:23:53,255 INFO  client.GrpcClientProtocolClient (GrpcClientProtocolClient.java:onNext(255)) - client-8DB4338F17D0->b5da6a4a-1459-46a4-9479-d2035163dbe2: receive RaftClientReply:client-8DB4338F17D0->b5da6a4a-1459-46a4-9479-d2035163dbe2@group-4A9565783204, cid=2649, SUCCESS, logIndex=3956, commits[b5da6a4a-1459-46a4-9479-d2035163dbe2:c3957, 69c25b61-d669-4f17-b36d-41bca3df1f31:c3955, d2a7b1fa-fac6-4c6f-8c6d-9ac7414c70c3:c3955]
2019-07-14 04:23:53,256 INFO  client.GrpcClientProtocolClient (GrpcClientProtocolClient.java:onNext(255)) - client-8DB4338F17D0->b5da6a4a-1459-46a4-9479-d2035163dbe2: receive RaftClientReply:client-8DB4338F17D0->b5da6a4a-1459-46a4-9479-d2035163dbe2@group-4A9565783204, cid=2650, SUCCESS, logIndex=3957, commits[b5da6a4a-1459-46a4-9479-d2035163dbe2:c3957, 69c25b61-d669-4f17-b36d-41bca3df1f31:c3955, d2a7b1fa-fac6-4c6f-8c6d-9ac7414c70c3:c3955]
2019-07-14 04:23:53,274 INFO  client.GrpcClientProtocolClient (GrpcClientProtocolClient.java:onNext(255)) - client-8DB4338F17D0->b5da6a4a-1459-46a4-9479-d2035163dbe2: receive RaftClientReply:client-8DB4338F17D0->b5da6a4a-1459-46a4-9479-d2035163dbe2@group-4A9565783204, cid=2651, SUCCESS, logIndex=3960, commits[b5da6a4a-1459-46a4-9479-d2035163dbe2:c3961, 69c25b61-d669-4f17-b36d-41bca3df1f31:c3959, d2a7b1fa-fac6-4c6f-8c6d-9ac7414c70c3:c3959]
2019-07-14 04:23:53,274 INFO  client.GrpcClientProtocolClient (GrpcClientProtocolClient.java:onNext(255)) - client-8DB4338F17D0->b5da6a4a-1459-46a4-9479-d2035163dbe2: receive RaftClientReply:client-8DB4338F17D0->b5da6a4a-1459-46a4-9479-d2035163dbe2@group-4A9565783204, cid=2652, SUCCESS, logIndex=3961, commits[b5da6a4a-1459-46a4-9479-d2035163dbe2:c3961, 69c25b61-d669-4f17-b36d-41bca3df1f31:c3959, d2a7b1fa-fac6-4c6f-8c6d-9ac7414c70c3:c3959]
2019-07-14 04:23:53,277 INFO  client.GrpcClientProtocolClient (GrpcClientProtocolClient.java:onNext(255)) - client-8DB4338F17D0->b5da6a4a-1459-46a4-9479-d2035163dbe2: receive RaftClientReply:client-8DB4338F17D0->b5da6a4a-1459-46a4-9479-d2035163dbe2@group-4A9565783204, cid=2653, SUCCESS, logIndex=0, commits[b5da6a4a-1459-46a4-9479-d2035163dbe2:c3963, 69c25b61-d669-4f17-b36d-41bca3df1f31:c3961, d2a7b1fa-fac6-4c6f-8c6d-9ac7414c70c3:c3961]
2019-07-14 04:23:53,307 INFO  client.GrpcClientProtocolClient (GrpcClientProtocolClient.java:onNext(255)) - client-8DB4338F17D0->b5da6a4a-1459-46a4-9479-d2035163dbe2: receive RaftClientReply:client-8DB4338F17D0->b5da6a4a-1459-46a4-9479-d2035163dbe2@group-4A9565783204, cid=2654, SUCCESS, logIndex=3964, commits[b5da6a4a-1459-46a4-9479-d2035163dbe2:c3966, 69c25b61-d669-4f17-b36d-41bca3df1f31:c3963, d2a7b1fa-fac6-4c6f-8c6d-9ac7414c70c3:c3963]
2019-07-14 04:23:53,308 INFO  client.GrpcClientProtocolClient (GrpcClientProtocolClient.java:onNext(255)) - client-8DB4338F17D0->b5da6a4a-1459-46a4-9479-d2035163dbe2: receive RaftClientReply:client-8DB4338F17D0->b5da6a4a-1459-46a4-9479-d2035163dbe2@group-4A9565783204, cid=2655, SUCCESS, logIndex=3965, commits[b5da6a4a-1459-46a4-9479-d2035163dbe2:c3967, 69c25b61-d669-4f17-b36d-41bca3df1f31:c3963, d2a7b1fa-fac6-4c6f-8c6d-9ac7414c70c3:c3963]
2019-07-14 04:23:53,308 INFO  client.GrpcClientProtocolClient (GrpcClientProtocolClient.java:onNext(255)) - client-8DB4338F17D0->b5da6a4a-1459-46a4-9479-d2035163dbe2: receive RaftClientReply:client-8DB4338F17D0->b5da6a4a-1459-46a4-9479-d2035163dbe2@group-4A9565783204, cid=2656, SUCCESS, logIndex=3966, commits[b5da6a4a-1459-46a4-9479-d2035163dbe2:c3967, 69c25b61-d669-4f17-b36d-41bca3df1f31:c3963, d2a7b1fa-fac6-4c6f-8c6d-9ac7414c70c3:c3963]
2019-07-14 04:23:53,308 INFO  client.GrpcClientProtocolClient (GrpcClientProtocolClient.java:onNext(255)) - client-8DB4338F17D0->b5da6a4a-1459-46a4-9479-d2035163dbe2: receive RaftClientReply:client-8DB4338F17D0->b5da6a4a-1459-46a4-9479-d2035163dbe2@group-4A9565783204, cid=2657, SUCCESS, logIndex=3967, commits[b5da6a4a-1459-46a4-9479-d2035163dbe2:c3967, 69c25b61-d669-4f17-b36d-41bca3df1f31:c3963, d2a7b1fa-fac6-4c6f-8c6d-9ac7414c70c3:c3963]
2019-07-14 04:23:53,311 INFO  client.GrpcClientProtocolClient (GrpcClientProtocolClient.java:onNext(255)) - client-8DB4338F17D0->b5da6a4a-1459-46a4-9479-d2035163dbe2: receive RaftClientReply:client-8DB4338F17D0->b5da6a4a-1459-46a4-9479-d2035163dbe2@group-4A9565783204, cid=2658, SUCCESS, logIndex=0, commits[b5da6a4a-1459-46a4-9479-d2035163dbe2:c3968, 69c25b61-d669-4f17-b36d-41bca3df1f31:c3965, d2a7b1fa-fac6-4c6f-8c6d-9ac7414c70c3:c3965]
2019-07-14 04:23:53,329 INFO  client.GrpcClientProtocolClient (GrpcClientProtocolClient.java:onNext(255)) - client-8DB4338F17D0->b5da6a4a-1459-46a4-9479-d2035163dbe2: receive RaftClientReply:client-8DB4338F17D0->b5da6a4a-1459-46a4-9479-d2035163dbe2@group-4A9565783204, cid=2659, SUCCESS, logIndex=3972, commits[b5da6a4a-1459-46a4-9479-d2035163dbe2:c3973, 69c25b61-d669-4f17-b36d-41bca3df1f31:c3971, d2a7b1fa-fac6-4c6f-8c6d-9ac7414c70c3:c3971]
2019-07-14 04:23:53,329 INFO  client.GrpcClientProtocolClient (GrpcClientProtocolClient.java:onNext(255)) - client-8DB4338F17D0->b5da6a4a-1459-46a4-9479-d2035163dbe2: receive RaftClientReply:client-8DB4338F17D0->b5da6a4a-1459-46a4-9479-d2035163dbe2@group-4A9565783204, cid=2660, SUCCESS, logIndex=3973, commits[b5da6a4a-1459-46a4-9479-d2035163dbe2:c3973, 69c25b61-d669-4f17-b36d-41bca3df1f31:c3971, d2a7b1fa-fac6-4c6f-8c6d-9ac7414c70c3:c3971]
2019-07-14 04:23:53,341 INFO  client.GrpcClientProtocolClient (GrpcClientProtocolClient.java:onNext(255)) - client-8DB4338F17D0->b5da6a4a-1459-46a4-9479-d2035163dbe2: receive RaftClientReply:client-8DB4338F17D0->b5da6a4a-1459-46a4-9479-d2035163dbe2@group-4A9565783204, cid=2661, SUCCESS, logIndex=3976, commits[b5da6a4a-1459-46a4-9479-d2035163dbe2:c3977, 69c25b61-d669-4f17-b36d-41bca3df1f31:c3975, d2a7b1fa-fac6-4c6f-8c6d-9ac7414c70c3:c3975]
2019-07-14 04:23:53,341 INFO  client.GrpcClientProtocolClient (GrpcClientProtocolClient.java:onNext(255)) - client-8DB4338F17D0->b5da6a4a-1459-46a4-9479-d2035163dbe2: receive RaftClientReply:client-8DB4338F17D0->b5da6a4a-1459-46a4-9479-d2035163dbe2@group-4A9565783204, cid=2662, SUCCESS, logIndex=3977, commits[b5da6a4a-1459-46a4-9479-d2035163dbe2:c3977, 69c25b61-d669-4f17-b36d-41bca3df1f31:c3975, d2a7b1fa-fac6-4c6f-8c6d-9ac7414c70c3:c3975]
2019-07-14 04:23:53,355 INFO  client.GrpcClientProtocolClient (GrpcClientProtocolClient.java:onNext(255)) - client-8DB4338F17D0->b5da6a4a-1459-46a4-9479-d2035163dbe2: receive RaftClientReply:client-8DB4338F17D0->b5da6a4a-1459-46a4-9479-d2035163dbe2@group-4A9565783204, cid=2663, SUCCESS, logIndex=0, commits[b5da6a4a-1459-46a4-9479-d2035163dbe2:c3979, 69c25b61-d669-4f17-b36d-41bca3df1f31:c3977, d2a7b1fa-fac6-4c6f-8c6d-9ac7414c70c3:c3977]
2019-07-14 04:23:53,380 INFO  client.GrpcClientProtocolClient (GrpcClientProtocolClient.java:onNext(255)) - client-8DB4338F17D0->b5da6a4a-1459-46a4-9479-d2035163dbe2: receive RaftClientReply:client-8DB4338F17D0->b5da6a4a-1459-46a4-9479-d2035163dbe2@group-4A9565783204, cid=2664, SUCCESS, logIndex=3980, commits[b5da6a4a-1459-46a4-9479-d2035163dbe2:c3981, 69c25b61-d669-4f17-b36d-41bca3df1f31:c3979, d2a7b1fa-fac6-4c6f-8c6d-9ac7414c70c3:c3979]
2019-07-14 04:23:53,380 INFO  client.GrpcClientProtocolClient (GrpcClientProtocolClient.java:onNext(255)) - client-8DB4338F17D0->b5da6a4a-1459-46a4-9479-d2035163dbe2: receive RaftClientReply:client-8DB4338F17D0->b5da6a4a-1459-46a4-9479-d2035163dbe2@group-4A9565783204, cid=2665, SUCCESS, logIndex=3981, commits[b5da6a4a-1459-46a4-9479-d2035163dbe2:c3981, 69c25b61-d669-4f17-b36d-41bca3df1f31:c3979, d2a7b1fa-fac6-4c6f-8c6d-9ac7414c70c3:c3979]
2019-07-14 04:23:53,381 INFO  client.GrpcClientProtocolClient (GrpcClientProtocolClient.java:onNext(255)) - client-8DB4338F17D0->b5da6a4a-1459-46a4-9479-d2035163dbe2: receive RaftClientReply:client-8DB4338F17D0->b5da6a4a-1459-46a4-9479-d2035163dbe2@group-4A9565783204, cid=2666, SUCCESS, logIndex=3982, commits[b5da6a4a-1459-46a4-9479-d2035163dbe2:c3982, 69c25b61-d669-4f17-b36d-41bca3df1f31:c3979, d2a7b1fa-fac6-4c6f-8c6d-9ac7414c70c3:c3979]
2019-07-14 04:23:53,381 INFO  client.GrpcClientProtocolClient (GrpcClientProtocolClient.java:onNext(255)) - client-8DB4338F17D0->b5da6a4a-1459-46a4-9479-d2035163dbe2: receive RaftClientReply:client-8DB4338F17D0->b5da6a4a-1459-46a4-9479-d2035163dbe2@group-4A9565783204, cid=2667, SUCCESS, logIndex=3983, commits[b5da6a4a-1459-46a4-9479-d2035163dbe2:c3983, 69c25b61-d669-4f17-b36d-41bca3df1f31:c3979, d2a7b1fa-fac6-4c6f-8c6d-9ac7414c70c3:c3979]
2019-07-14 04:23:53,384 INFO  client.GrpcClientProtocolClient (GrpcClientProtocolClient.java:onNext(255)) - client-8DB4338F17D0->b5da6a4a-1459-46a4-9479-d2035163dbe2: receive RaftClientReply:client-8DB4338F17D0->b5da6a4a-1459-46a4-9479-d2035163dbe2@group-4A9565783204, cid=2668, SUCCESS, logIndex=0, commits[b5da6a4a-1459-46a4-9479-d2035163dbe2:c3985, 69c25b61-d669-4f17-b36d-41bca3df1f31:c3981, d2a7b1fa-fac6-4c6f-8c6d-9ac7414c70c3:c3981]
2019-07-14 04:23:53,401 INFO  client.GrpcClientProtocolClient (GrpcClientProtocolClient.java:onNext(255)) - client-8DB4338F17D0->b5da6a4a-1459-46a4-9479-d2035163dbe2: receive RaftClientReply:client-8DB4338F17D0->b5da6a4a-1459-46a4-9479-d2035163dbe2@group-4A9565783204, cid=2669, SUCCESS, logIndex=3988, commits[b5da6a4a-1459-46a4-9479-d2035163dbe2:c3989, 69c25b61-d669-4f17-b36d-41bca3df1f31:c3987, d2a7b1fa-fac6-4c6f-8c6d-9ac7414c70c3:c3987]
2019-07-14 04:23:53,401 INFO  client.GrpcClientProtocolClient (GrpcClientProtocolClient.java:onNext(255)) - client-8DB4338F17D0->b5da6a4a-1459-46a4-9479-d2035163dbe2: receive RaftClientReply:client-8DB4338F17D0->b5da6a4a-1459-46a4-9479-d2035163dbe2@group-4A9565783204, cid=2670, SUCCESS, logIndex=3989, commits[b5da6a4a-1459-46a4-9479-d2035163dbe2:c3989, 69c25b61-d669-4f17-b36d-41bca3df1f31:c3987, d2a7b1fa-fac6-4c6f-8c6d-9ac7414c70c3:c3987]
2019-07-14 04:23:53,412 INFO  client.GrpcClientProtocolClient (GrpcClientProtocolClient.java:onNext(255)) - client-8DB4338F17D0->b5da6a4a-1459-46a4-9479-d2035163dbe2: receive RaftClientReply:client-8DB4338F17D0->b5da6a4a-1459-46a4-9479-d2035163dbe2@group-4A9565783204, cid=2671, SUCCESS, logIndex=3992, commits[b5da6a4a-1459-46a4-9479-d2035163dbe2:c3993, 69c25b61-d669-4f17-b36d-41bca3df1f31:c3989, d2a7b1fa-fac6-4c6f-8c6d-9ac7414c70c3:c3989]
2019-07-14 04:23:53,412 INFO  client.GrpcClientProtocolClient (GrpcClientProtocolClient.java:onNext(255)) - client-8DB4338F17D0->b5da6a4a-1459-46a4-9479-d2035163dbe2: receive RaftClientReply:client-8DB4338F17D0->b5da6a4a-1459-46a4-9479-d2035163dbe2@group-4A9565783204, cid=2672, SUCCESS, logIndex=3993, commits[b5da6a4a-1459-46a4-9479-d2035163dbe2:c3993, 69c25b61-d669-4f17-b36d-41bca3df1f31:c3989, d2a7b1fa-fac6-4c6f-8c6d-9ac7414c70c3:c3989]
2019-07-14 04:23:53,426 INFO  client.GrpcClientProtocolClient (GrpcClientProtocolClient.java:onNext(255)) - client-8DB4338F17D0->b5da6a4a-1459-46a4-9479-d2035163dbe2: receive RaftClientReply:client-8DB4338F17D0->b5da6a4a-1459-46a4-9479-d2035163dbe2@group-4A9565783204, cid=2673, SUCCESS, logIndex=0, commits[b5da6a4a-1459-46a4-9479-d2035163dbe2:c3995, 69c25b61-d669-4f17-b36d-41bca3df1f31:c3993, d2a7b1fa-fac6-4c6f-8c6d-9ac7414c70c3:c3993]
2019-07-14 04:23:53,443 INFO  client.GrpcClientProtocolClient (GrpcClientProtocolClient.java:onNext(255)) - client-8DB4338F17D0->b5da6a4a-1459-46a4-9479-d2035163dbe2: receive RaftClientReply:client-8DB4338F17D0->b5da6a4a-1459-46a4-9479-d2035163dbe2@group-4A9565783204, cid=2674, SUCCESS, logIndex=3996, commits[b5da6a4a-1459-46a4-9479-d2035163dbe2:c3996, 69c25b61-d669-4f17-b36d-41bca3df1f31:c3995, d2a7b1fa-fac6-4c6f-8c6d-9ac7414c70c3:c3995]
2019-07-14 04:23:53,443 INFO  client.GrpcClientProtocolClient (GrpcClientProtocolClient.java:onNext(255)) - client-8DB4338F17D0->b5da6a4a-1459-46a4-9479-d2035163dbe2: receive RaftClientReply:client-8DB4338F17D0->b5da6a4a-1459-46a4-9479-d2035163dbe2@group-4A9565783204, cid=2675, SUCCESS, logIndex=3997, commits[b5da6a4a-1459-46a4-9479-d2035163dbe2:c3997, 69c25b61-d669-4f17-b36d-41bca3df1f31:c3995, d2a7b1fa-fac6-4c6f-8c6d-9ac7414c70c3:c3995]
2019-07-14 04:23:53,446 INFO  client.GrpcClientProtocolClient (GrpcClientProtocolClient.java:onNext(255)) - client-8DB4338F17D0->b5da6a4a-1459-46a4-9479-d2035163dbe2: receive RaftClientReply:client-8DB4338F17D0->b5da6a4a-1459-46a4-9479-d2035163dbe2@group-4A9565783204, cid=2676, SUCCESS, logIndex=3998, commits[b5da6a4a-1459-46a4-9479-d2035163dbe2:c4001, 69c25b61-d669-4f17-b36d-41bca3df1f31:c3997, d2a7b1fa-fac6-4c6f-8c6d-9ac7414c70c3:c3995]
2019-07-14 04:23:53,446 INFO  client.GrpcClientProtocolClient (GrpcClientProtocolClient.java:onNext(255)) - client-8DB4338F17D0->b5da6a4a-1459-46a4-9479-d2035163dbe2: receive RaftClientReply:client-8DB4338F17D0->b5da6a4a-1459-46a4-9479-d2035163dbe2@group-4A9565783204, cid=2677, SUCCESS, logIndex=3999, commits[b5da6a4a-1459-46a4-9479-d2035163dbe2:c4001, 69c25b61-d669-4f17-b36d-41bca3df1f31:c3997, d2a7b1fa-fac6-4c6f-8c6d-9ac7414c70c3:c3996]
2019-07-14 04:23:53,447 INFO  client.GrpcClientProtocolClient (GrpcClientProtocolClient.java:onNext(255)) - client-8DB4338F17D0->b5da6a4a-1459-46a4-9479-d2035163dbe2: receive RaftClientReply:client-8DB4338F17D0->b5da6a4a-1459-46a4-9479-d2035163dbe2@group-4A9565783204, cid=2678, SUCCESS, logIndex=0, commits[b5da6a4a-1459-46a4-9479-d2035163dbe2:c4001, 69c25b61-d669-4f17-b36d-41bca3df1f31:c3997, d2a7b1fa-fac6-4c6f-8c6d-9ac7414c70c3:c3997]
2019-07-14 04:23:53,464 INFO  client.GrpcClientProtocolClient (GrpcClientProtocolClient.java:onNext(255)) - client-8DB4338F17D0->b5da6a4a-1459-46a4-9479-d2035163dbe2: receive RaftClientReply:client-8DB4338F17D0->b5da6a4a-1459-46a4-9479-d2035163dbe2@group-4A9565783204, cid=2679, SUCCESS, logIndex=4004, commits[b5da6a4a-1459-46a4-9479-d2035163dbe2:c4005, 69c25b61-d669-4f17-b36d-41bca3df1f31:c4002, d2a7b1fa-fac6-4c6f-8c6d-9ac7414c70c3:c4002]
2019-07-14 04:23:53,465 INFO  client.GrpcClientProtocolClient (GrpcClientProtocolClient.java:onNext(255)) - client-8DB4338F17D0->b5da6a4a-1459-46a4-9479-d2035163dbe2: receive RaftClientReply:client-8DB4338F17D0->b5da6a4a-1459-46a4-9479-d2035163dbe2@group-4A9565783204, cid=2680, SUCCESS, logIndex=4005, commits[b5da6a4a-1459-46a4-9479-d2035163dbe2:c4005, 69c25b61-d669-4f17-b36d-41bca3df1f31:c4002, d2a7b1fa-fac6-4c6f-8c6d-9ac7414c70c3:c4002]
2019-07-14 04:23:53,474 INFO  client.GrpcClientProtocolClient (GrpcClientProtocolClient.java:onNext(255)) - client-8DB4338F17D0->b5da6a4a-1459-46a4-9479-d2035163dbe2: receive RaftClientReply:client-8DB4338F17D0->b5da6a4a-1459-46a4-9479-d2035163dbe2@group-4A9565783204, cid=2681, SUCCESS, logIndex=4008, commits[b5da6a4a-1459-46a4-9479-d2035163dbe2:c4009, 69c25b61-d669-4f17-b36d-41bca3df1f31:c4005, d2a7b1fa-fac6-4c6f-8c6d-9ac7414c70c3:c4006]
2019-07-14 04:23:53,475 INFO  client.GrpcClientProtocolClient (GrpcClientProtocolClient.java:onNext(255)) - client-8DB4338F17D0->b5da6a4a-1459-46a4-9479-d2035163dbe2: receive RaftClientReply:client-8DB4338F17D0->b5da6a4a-1459-46a4-9479-d2035163dbe2@group-4A9565783204, cid=2682, SUCCESS, logIndex=4009, commits[b5da6a4a-1459-46a4-9479-d2035163dbe2:c4009, 69c25b61-d669-4f17-b36d-41bca3df1f31:c4006, d2a7b1fa-fac6-4c6f-8c6d-9ac7414c70c3:c4006]
2019-07-14 04:23:53,477 INFO  client.GrpcClientProtocolClient (GrpcClientProtocolClient.java:onNext(255)) - client-8DB4338F17D0->b5da6a4a-1459-46a4-9479-d2035163dbe2: receive RaftClientReply:client-8DB4338F17D0->b5da6a4a-1459-46a4-9479-d2035163dbe2@group-4A9565783204, cid=2683, SUCCESS, logIndex=0, commits[b5da6a4a-1459-46a4-9479-d2035163dbe2:c4010, 69c25b61-d669-4f17-b36d-41bca3df1f31:c4009, d2a7b1fa-fac6-4c6f-8c6d-9ac7414c70c3:c4009]
2019-07-14 04:23:53,501 INFO  client.GrpcClientProtocolClient (GrpcClientProtocolClient.java:onNext(255)) - client-8DB4338F17D0->b5da6a4a-1459-46a4-9479-d2035163dbe2: receive RaftClientReply:client-8DB4338F17D0->b5da6a4a-1459-46a4-9479-d2035163dbe2@group-4A9565783204, cid=2684, SUCCESS, logIndex=4012, commits[b5da6a4a-1459-46a4-9479-d2035163dbe2:c4013, 69c25b61-d669-4f17-b36d-41bca3df1f31:c4011, d2a7b1fa-fac6-4c6f-8c6d-9ac7414c70c3:c4011]
2019-07-14 04:23:53,502 INFO  client.GrpcClientProtocolClient (GrpcClientProtocolClient.java:onNext(255)) - client-8DB4338F17D0->b5da6a4a-1459-46a4-9479-d2035163dbe2: receive RaftClientReply:client-8DB4338F17D0->b5da6a4a-1459-46a4-9479-d2035163dbe2@group-4A9565783204, cid=2685, SUCCESS, logIndex=4013, commits[b5da6a4a-1459-46a4-9479-d2035163dbe2:c4013, 69c25b61-d669-4f17-b36d-41bca3df1f31:c4011, d2a7b1fa-fac6-4c6f-8c6d-9ac7414c70c3:c4011]
2019-07-14 04:23:53,502 INFO  client.GrpcClientProtocolClient (GrpcClientProtocolClient.java:onNext(255)) - client-8DB4338F17D0->b5da6a4a-1459-46a4-9479-d2035163dbe2: receive RaftClientReply:client-8DB4338F17D0->b5da6a4a-1459-46a4-9479-d2035163dbe2@group-4A9565783204, cid=2686, SUCCESS, logIndex=4014, commits[b5da6a4a-1459-46a4-9479-d2035163dbe2:c4015, 69c25b61-d669-4f17-b36d-41bca3df1f31:c4011, d2a7b1fa-fac6-4c6f-8c6d-9ac7414c70c3:c4011]
2019-07-14 04:23:53,503 INFO  client.GrpcClientProtocolClient (GrpcClientProtocolClient.java:onNext(255)) - client-8DB4338F17D0->b5da6a4a-1459-46a4-9479-d2035163dbe2: receive RaftClientReply:client-8DB4338F17D0->b5da6a4a-1459-46a4-9479-d2035163dbe2@group-4A9565783204, cid=2687, SUCCESS, logIndex=4015, commits[b5da6a4a-1459-46a4-9479-d2035163dbe2:c4015, 69c25b61-d669-4f17-b36d-41bca3df1f31:c4011, d2a7b1fa-fac6-4c6f-8c6d-9ac7414c70c3:c4011]
2019-07-14 04:23:53,504 INFO  client.GrpcClientProtocolClient (GrpcClientProtocolClient.java:onNext(255)) - client-8DB4338F17D0->b5da6a4a-1459-46a4-9479-d2035163dbe2: receive RaftClientReply:client-8DB4338F17D0->b5da6a4a-1459-46a4-9479-d2035163dbe2@group-4A9565783204, cid=2688, SUCCESS, logIndex=0, commits[b5da6a4a-1459-46a4-9479-d2035163dbe2:c4017, 69c25b61-d669-4f17-b36d-41bca3df1f31:c4013, d2a7b1fa-fac6-4c6f-8c6d-9ac7414c70c3:c4013]
2019-07-14 04:23:53,523 INFO  client.GrpcClientProtocolClient (GrpcClientProtocolClient.java:onNext(255)) - client-8DB4338F17D0->b5da6a4a-1459-46a4-9479-d2035163dbe2: receive RaftClientReply:client-8DB4338F17D0->b5da6a4a-1459-46a4-9479-d2035163dbe2@group-4A9565783204, cid=2689, SUCCESS, logIndex=4020, commits[b5da6a4a-1459-46a4-9479-d2035163dbe2:c4021, 69c25b61-d669-4f17-b36d-41bca3df1f31:c4019, d2a7b1fa-fac6-4c6f-8c6d-9ac7414c70c3:c4019]
2019-07-14 04:23:53,523 INFO  client.GrpcClientProtocolClient (GrpcClientProtocolClient.java:onNext(255)) - client-8DB4338F17D0->b5da6a4a-1459-46a4-9479-d2035163dbe2: receive RaftClientReply:client-8DB4338F17D0->b5da6a4a-1459-46a4-9479-d2035163dbe2@group-4A9565783204, cid=2690, SUCCESS, logIndex=4021, commits[b5da6a4a-1459-46a4-9479-d2035163dbe2:c4021, 69c25b61-d669-4f17-b36d-41bca3df1f31:c4019, d2a7b1fa-fac6-4c6f-8c6d-9ac7414c70c3:c4019]
2019-07-14 04:23:53,533 INFO  client.GrpcClientProtocolClient (GrpcClientProtocolClient.java:onNext(255)) - client-8DB4338F17D0->b5da6a4a-1459-46a4-9479-d2035163dbe2: receive RaftClientReply:client-8DB4338F17D0->b5da6a4a-1459-46a4-9479-d2035163dbe2@group-4A9565783204, cid=2691, SUCCESS, logIndex=4024, commits[b5da6a4a-1459-46a4-9479-d2035163dbe2:c4025, 69c25b61-d669-4f17-b36d-41bca3df1f31:c4023, d2a7b1fa-fac6-4c6f-8c6d-9ac7414c70c3:c4023]
2019-07-14 04:23:53,533 INFO  client.GrpcClientProtocolClient (GrpcClientProtocolClient.java:onNext(255)) - client-8DB4338F17D0->b5da6a4a-1459-46a4-9479-d2035163dbe2: receive RaftClientReply:client-8DB4338F17D0->b5da6a4a-1459-46a4-9479-d2035163dbe2@group-4A9565783204, cid=2692, SUCCESS, logIndex=4025, commits[b5da6a4a-1459-46a4-9479-d2035163dbe2:c4025, 69c25b61-d669-4f17-b36d-41bca3df1f31:c4023, d2a7b1fa-fac6-4c6f-8c6d-9ac7414c70c3:c4023]
2019-07-14 04:23:53,536 INFO  client.GrpcClientProtocolClient (GrpcClientProtocolClient.java:onNext(255)) - client-8DB4338F17D0->b5da6a4a-1459-46a4-9479-d2035163dbe2: receive RaftClientReply:client-8DB4338F17D0->b5da6a4a-1459-46a4-9479-d2035163dbe2@group-4A9565783204, cid=2693, SUCCESS, logIndex=0, commits[b5da6a4a-1459-46a4-9479-d2035163dbe2:c4027, 69c25b61-d669-4f17-b36d-41bca3df1f31:c4025, d2a7b1fa-fac6-4c6f-8c6d-9ac7414c70c3:c4025]
2019-07-14 04:23:53,552 INFO  client.GrpcClientProtocolClient (GrpcClientProtocolClient.java:onNext(255)) - client-8DB4338F17D0->b5da6a4a-1459-46a4-9479-d2035163dbe2: receive RaftClientReply:client-8DB4338F17D0->b5da6a4a-1459-46a4-9479-d2035163dbe2@group-4A9565783204, cid=2694, SUCCESS, logIndex=4028, commits[b5da6a4a-1459-46a4-9479-d2035163dbe2:c4029, 69c25b61-d669-4f17-b36d-41bca3df1f31:c4025, d2a7b1fa-fac6-4c6f-8c6d-9ac7414c70c3:c4027]
2019-07-14 04:23:53,553 INFO  client.GrpcClientProtocolClient (GrpcClientProtocolClient.java:onNext(255)) - client-8DB4338F17D0->b5da6a4a-1459-46a4-9479-d2035163dbe2: receive RaftClientReply:client-8DB4338F17D0->b5da6a4a-1459-46a4-9479-d2035163dbe2@group-4A9565783204, cid=2695, SUCCESS, logIndex=4029, commits[b5da6a4a-1459-46a4-9479-d2035163dbe2:c4029, 69c25b61-d669-4f17-b36d-41bca3df1f31:c4025, d2a7b1fa-fac6-4c6f-8c6d-9ac7414c70c3:c4027]
2019-07-14 04:23:53,556 INFO  client.GrpcClientProtocolClient (GrpcClientProtocolClient.java:onNext(255)) - client-8DB4338F17D0->b5da6a4a-1459-46a4-9479-d2035163dbe2: receive RaftClientReply:client-8DB4338F17D0->b5da6a4a-1459-46a4-9479-d2035163dbe2@group-4A9565783204, cid=2696, SUCCESS, logIndex=4030, commits[b5da6a4a-1459-46a4-9479-d2035163dbe2:c4032, 69c25b61-d669-4f17-b36d-41bca3df1f31:c4028, d2a7b1fa-fac6-4c6f-8c6d-9ac7414c70c3:c4027]
2019-07-14 04:23:53,556 INFO  client.GrpcClientProtocolClient (GrpcClientProtocolClient.java:onNext(255)) - client-8DB4338F17D0->b5da6a4a-1459-46a4-9479-d2035163dbe2: receive RaftClientReply:client-8DB4338F17D0->b5da6a4a-1459-46a4-9479-d2035163dbe2@group-4A9565783204, cid=2697, SUCCESS, logIndex=4031, commits[b5da6a4a-1459-46a4-9479-d2035163dbe2:c4033, 69c25b61-d669-4f17-b36d-41bca3df1f31:c4029, d2a7b1fa-fac6-4c6f-8c6d-9ac7414c70c3:c4029]
2019-07-14 04:23:53,571 INFO  client.GrpcClientProtocolClient (GrpcClientProtocolClient.java:onNext(255)) - client-8DB4338F17D0->b5da6a4a-1459-46a4-9479-d2035163dbe2: receive RaftClientReply:client-8DB4338F17D0->b5da6a4a-1459-46a4-9479-d2035163dbe2@group-4A9565783204, cid=2698, SUCCESS, logIndex=4036, commits[b5da6a4a-1459-46a4-9479-d2035163dbe2:c4036, 69c25b61-d669-4f17-b36d-41bca3df1f31:c4032, d2a7b1fa-fac6-4c6f-8c6d-9ac7414c70c3:c4034]
2019-07-14 04:23:53,571 INFO  client.GrpcClientProtocolClient (GrpcClientProtocolClient.java:onNext(255)) - client-8DB4338F17D0->b5da6a4a-1459-46a4-9479-d2035163dbe2: receive RaftClientReply:client-8DB4338F17D0->b5da6a4a-1459-46a4-9479-d2035163dbe2@group-4A9565783204, cid=2699, SUCCESS, logIndex=4037, commits[b5da6a4a-1459-46a4-9479-d2035163dbe2:c4037, 69c25b61-d669-4f17-b36d-41bca3df1f31:c4032, d2a7b1fa-fac6-4c6f-8c6d-9ac7414c70c3:c4034]
2019-07-14 04:23:53,580 INFO  client.GrpcClientProtocolClient (GrpcClientProtocolClient.java:onNext(255)) - client-8DB4338F17D0->b5da6a4a-1459-46a4-9479-d2035163dbe2: receive RaftClientReply:client-8DB4338F17D0->b5da6a4a-1459-46a4-9479-d2035163dbe2@group-4A9565783204, cid=2700, SUCCESS, logIndex=4040, commits[b5da6a4a-1459-46a4-9479-d2035163dbe2:c4041, 69c25b61-d669-4f17-b36d-41bca3df1f31:c4037, d2a7b1fa-fac6-4c6f-8c6d-9ac7414c70c3:c4037]
2019-07-14 04:23:53,580 INFO  client.GrpcClientProtocolClient (GrpcClientProtocolClient.java:onNext(255)) - client-8DB4338F17D0->b5da6a4a-1459-46a4-9479-d2035163dbe2: receive RaftClientReply:client-8DB4338F17D0->b5da6a4a-1459-46a4-9479-d2035163dbe2@group-4A9565783204, cid=2701, SUCCESS, logIndex=4041, commits[b5da6a4a-1459-46a4-9479-d2035163dbe2:c4041, 69c25b61-d669-4f17-b36d-41bca3df1f31:c4037, d2a7b1fa-fac6-4c6f-8c6d-9ac7414c70c3:c4037]
2019-07-14 04:23:53,584 INFO  client.GrpcClientProtocolClient (GrpcClientProtocolClient.java:onNext(255)) - client-8DB4338F17D0->b5da6a4a-1459-46a4-9479-d2035163dbe2: receive RaftClientReply:client-8DB4338F17D0->b5da6a4a-1459-46a4-9479-d2035163dbe2@group-4A9565783204, cid=2702, SUCCESS, logIndex=0, commits[b5da6a4a-1459-46a4-9479-d2035163dbe2:c4043, 69c25b61-d669-4f17-b36d-41bca3df1f31:c4041, d2a7b1fa-fac6-4c6f-8c6d-9ac7414c70c3:c4041]
2019-07-14 04:23:53,608 INFO  client.GrpcClientProtocolClient (GrpcClientProtocolClient.java:onNext(255)) - client-8DB4338F17D0->b5da6a4a-1459-46a4-9479-d2035163dbe2: receive RaftClientReply:client-8DB4338F17D0->b5da6a4a-1459-46a4-9479-d2035163dbe2@group-4A9565783204, cid=2703, SUCCESS, logIndex=4044, commits[b5da6a4a-1459-46a4-9479-d2035163dbe2:c4047, 69c25b61-d669-4f17-b36d-41bca3df1f31:c4043, d2a7b1fa-fac6-4c6f-8c6d-9ac7414c70c3:c4043]
2019-07-14 04:23:53,608 INFO  client.GrpcClientProtocolClient (GrpcClientProtocolClient.java:onNext(255)) - client-8DB4338F17D0->b5da6a4a-1459-46a4-9479-d2035163dbe2: receive RaftClientReply:client-8DB4338F17D0->b5da6a4a-1459-46a4-9479-d2035163dbe2@group-4A9565783204, cid=2704, SUCCESS, logIndex=4045, commits[b5da6a4a-1459-46a4-9479-d2035163dbe2:c4047, 69c25b61-d669-4f17-b36d-41bca3df1f31:c4043, d2a7b1fa-fac6-4c6f-8c6d-9ac7414c70c3:c4043]
2019-07-14 04:23:53,609 INFO  client.GrpcClientProtocolClient (GrpcClientProtocolClient.java:onNext(255)) - client-8DB4338F17D0->b5da6a4a-1459-46a4-9479-d2035163dbe2: receive RaftClientReply:client-8DB4338F17D0->b5da6a4a-1459-46a4-9479-d2035163dbe2@group-4A9565783204, cid=2705, SUCCESS, logIndex=4046, commits[b5da6a4a-1459-46a4-9479-d2035163dbe2:c4047, 69c25b61-d669-4f17-b36d-41bca3df1f31:c4043, d2a7b1fa-fac6-4c6f-8c6d-9ac7414c70c3:c4043]
2019-07-14 04:23:53,609 INFO  client.GrpcClientProtocolClient (GrpcClientProtocolClient.java:onNext(255)) - client-8DB4338F17D0->b5da6a4a-1459-46a4-9479-d2035163dbe2: receive RaftClientReply:client-8DB4338F17D0->b5da6a4a-1459-46a4-9479-d2035163dbe2@group-4A9565783204, cid=2706, SUCCESS, logIndex=4047, commits[b5da6a4a-1459-46a4-9479-d2035163dbe2:c4049, 69c25b61-d669-4f17-b36d-41bca3df1f31:c4045, d2a7b1fa-fac6-4c6f-8c6d-9ac7414c70c3:c4044]
2019-07-14 04:23:53,611 INFO  client.GrpcClientProtocolClient (GrpcClientProtocolClient.java:onNext(255)) - client-8DB4338F17D0->b5da6a4a-1459-46a4-9479-d2035163dbe2: receive RaftClientReply:client-8DB4338F17D0->b5da6a4a-1459-46a4-9479-d2035163dbe2@group-4A9565783204, cid=2707, SUCCESS, logIndex=0, commits[b5da6a4a-1459-46a4-9479-d2035163dbe2:c4049, 69c25b61-d669-4f17-b36d-41bca3df1f31:c4045, d2a7b1fa-fac6-4c6f-8c6d-9ac7414c70c3:c4045]
2019-07-14 04:23:53,622 INFO  client.GrpcClientProtocolClient (GrpcClientProtocolClient.java:onNext(255)) - client-8DB4338F17D0->b5da6a4a-1459-46a4-9479-d2035163dbe2: receive RaftClientReply:client-8DB4338F17D0->b5da6a4a-1459-46a4-9479-d2035163dbe2@group-4A9565783204, cid=2708, SUCCESS, logIndex=4052, commits[b5da6a4a-1459-46a4-9479-d2035163dbe2:c4053, 69c25b61-d669-4f17-b36d-41bca3df1f31:c4051, d2a7b1fa-fac6-4c6f-8c6d-9ac7414c70c3:c4051]
2019-07-14 04:23:53,622 INFO  client.GrpcClientProtocolClient (GrpcClientProtocolClient.java:onNext(255)) - client-8DB4338F17D0->b5da6a4a-1459-46a4-9479-d2035163dbe2: receive RaftClientReply:client-8DB4338F17D0->b5da6a4a-1459-46a4-9479-d2035163dbe2@group-4A9565783204, cid=2709, SUCCESS, logIndex=4053, commits[b5da6a4a-1459-46a4-9479-d2035163dbe2:c4053, 69c25b61-d669-4f17-b36d-41bca3df1f31:c4051, d2a7b1fa-fac6-4c6f-8c6d-9ac7414c70c3:c4051]
2019-07-14 04:23:53,631 INFO  client.GrpcClientProtocolClient (GrpcClientProtocolClient.java:onNext(255)) - client-8DB4338F17D0->b5da6a4a-1459-46a4-9479-d2035163dbe2: receive RaftClientReply:client-8DB4338F17D0->b5da6a4a-1459-46a4-9479-d2035163dbe2@group-4A9565783204, cid=2710, SUCCESS, logIndex=4056, commits[b5da6a4a-1459-46a4-9479-d2035163dbe2:c4057, 69c25b61-d669-4f17-b36d-41bca3df1f31:c4053, d2a7b1fa-fac6-4c6f-8c6d-9ac7414c70c3:c4055]
2019-07-14 04:23:53,631 INFO  client.GrpcClientProtocolClient (GrpcClientProtocolClient.java:onNext(255)) - client-8DB4338F17D0->b5da6a4a-1459-46a4-9479-d2035163dbe2: receive RaftClientReply:client-8DB4338F17D0->b5da6a4a-1459-46a4-9479-d2035163dbe2@group-4A9565783204, cid=2711, SUCCESS, logIndex=4057, commits[b5da6a4a-1459-46a4-9479-d2035163dbe2:c4057, 69c25b61-d669-4f17-b36d-41bca3df1f31:c4053, d2a7b1fa-fac6-4c6f-8c6d-9ac7414c70c3:c4055]
2019-07-14 04:23:53,633 INFO  client.GrpcClientProtocolClient (GrpcClientProtocolClient.java:onNext(255)) - client-8DB4338F17D0->b5da6a4a-1459-46a4-9479-d2035163dbe2: receive RaftClientReply:client-8DB4338F17D0->b5da6a4a-1459-46a4-9479-d2035163dbe2@group-4A9565783204, cid=2712, SUCCESS, logIndex=0, commits[b5da6a4a-1459-46a4-9479-d2035163dbe2:c4058, 69c25b61-d669-4f17-b36d-41bca3df1f31:c4057, d2a7b1fa-fac6-4c6f-8c6d-9ac7414c70c3:c4057]
2019-07-14 04:23:53,661 INFO  client.GrpcClientProtocolClient (GrpcClientProtocolClient.java:onNext(255)) - client-8DB4338F17D0->b5da6a4a-1459-46a4-9479-d2035163dbe2: receive RaftClientReply:client-8DB4338F17D0->b5da6a4a-1459-46a4-9479-d2035163dbe2@group-4A9565783204, cid=2713, SUCCESS, logIndex=4060, commits[b5da6a4a-1459-46a4-9479-d2035163dbe2:c4062, 69c25b61-d669-4f17-b36d-41bca3df1f31:c4059, d2a7b1fa-fac6-4c6f-8c6d-9ac7414c70c3:c4059]
2019-07-14 04:23:53,661 INFO  client.GrpcClientProtocolClient (GrpcClientProtocolClient.java:onNext(255)) - client-8DB4338F17D0->b5da6a4a-1459-46a4-9479-d2035163dbe2: receive RaftClientReply:client-8DB4338F17D0->b5da6a4a-1459-46a4-9479-d2035163dbe2@group-4A9565783204, cid=2714, SUCCESS, logIndex=4061, commits[b5da6a4a-1459-46a4-9479-d2035163dbe2:c4063, 69c25b61-d669-4f17-b36d-41bca3df1f31:c4059, d2a7b1fa-fac6-4c6f-8c6d-9ac7414c70c3:c4059]
2019-07-14 04:23:53,662 INFO  client.GrpcClientProtocolClient (GrpcClientProtocolClient.java:onNext(255)) - client-8DB4338F17D0->b5da6a4a-1459-46a4-9479-d2035163dbe2: receive RaftClientReply:client-8DB4338F17D0->b5da6a4a-1459-46a4-9479-d2035163dbe2@group-4A9565783204, cid=2715, SUCCESS, logIndex=4062, commits[b5da6a4a-1459-46a4-9479-d2035163dbe2:c4063, 69c25b61-d669-4f17-b36d-41bca3df1f31:c4059, d2a7b1fa-fac6-4c6f-8c6d-9ac7414c70c3:c4059]
2019-07-14 04:23:53,662 INFO  client.GrpcClientProtocolClient (GrpcClientProtocolClient.java:onNext(255)) - client-8DB4338F17D0->b5da6a4a-1459-46a4-9479-d2035163dbe2: receive RaftClientReply:client-8DB4338F17D0->b5da6a4a-1459-46a4-9479-d2035163dbe2@group-4A9565783204, cid=2716, SUCCESS, logIndex=4063, commits[b5da6a4a-1459-46a4-9479-d2035163dbe2:c4063, 69c25b61-d669-4f17-b36d-41bca3df1f31:c4059, d2a7b1fa-fac6-4c6f-8c6d-9ac7414c70c3:c4059]
2019-07-14 04:23:53,663 INFO  client.GrpcClientProtocolClient (GrpcClientProtocolClient.java:onNext(255)) - client-8DB4338F17D0->b5da6a4a-1459-46a4-9479-d2035163dbe2: receive RaftClientReply:client-8DB4338F17D0->b5da6a4a-1459-46a4-9479-d2035163dbe2@group-4A9565783204, cid=2717, SUCCESS, logIndex=0, commits[b5da6a4a-1459-46a4-9479-d2035163dbe2:c4064, 69c25b61-d669-4f17-b36d-41bca3df1f31:c4061, d2a7b1fa-fac6-4c6f-8c6d-9ac7414c70c3:c4061]
2019-07-14 04:23:53,682 INFO  client.GrpcClientProtocolClient (GrpcClientProtocolClient.java:onNext(255)) - client-8DB4338F17D0->b5da6a4a-1459-46a4-9479-d2035163dbe2: receive RaftClientReply:client-8DB4338F17D0->b5da6a4a-1459-46a4-9479-d2035163dbe2@group-4A9565783204, cid=2718, SUCCESS, logIndex=4068, commits[b5da6a4a-1459-46a4-9479-d2035163dbe2:c4069, 69c25b61-d669-4f17-b36d-41bca3df1f31:c4067, d2a7b1fa-fac6-4c6f-8c6d-9ac7414c70c3:c4067]
2019-07-14 04:23:53,682 INFO  client.GrpcClientProtocolClient (GrpcClientProtocolClient.java:onNext(255)) - client-8DB4338F17D0->b5da6a4a-1459-46a4-9479-d2035163dbe2: receive RaftClientReply:client-8DB4338F17D0->b5da6a4a-1459-46a4-9479-d2035163dbe2@group-4A9565783204, cid=2719, SUCCESS, logIndex=4069, commits[b5da6a4a-1459-46a4-9479-d2035163dbe2:c4069, 69c25b61-d669-4f17-b36d-41bca3df1f31:c4067, d2a7b1fa-fac6-4c6f-8c6d-9ac7414c70c3:c4067]
2019-07-14 04:23:53,703 INFO  client.GrpcClientProtocolClient (GrpcClientProtocolClient.java:onNext(255)) - client-8DB4338F17D0->b5da6a4a-1459-46a4-9479-d2035163dbe2: receive RaftClientReply:client-8DB4338F17D0->b5da6a4a-1459-46a4-9479-d2035163dbe2@group-4A9565783204, cid=2720, SUCCESS, logIndex=4072, commits[b5da6a4a-1459-46a4-9479-d2035163dbe2:c4073, 69c25b61-d669-4f17-b36d-41bca3df1f31:c4071, d2a7b1fa-fac6-4c6f-8c6d-9ac7414c70c3:c4071]
2019-07-14 04:23:53,704 INFO  client.GrpcClientProtocolClient (GrpcClientProtocolClient.java:onNext(255)) - client-8DB4338F17D0->b5da6a4a-1459-46a4-9479-d2035163dbe2: receive RaftClientReply:client-8DB4338F17D0->b5da6a4a-1459-46a4-9479-d2035163dbe2@group-4A9565783204, cid=2721, SUCCESS, logIndex=4073, commits[b5da6a4a-1459-46a4-9479-d2035163dbe2:c4073, 69c25b61-d669-4f17-b36d-41bca3df1f31:c4071, d2a7b1fa-fac6-4c6f-8c6d-9ac7414c70c3:c4071]
2019-07-14 04:23:53,704 INFO  client.GrpcClientProtocolClient (GrpcClientProtocolClient.java:onNext(255)) - client-8DB4338F17D0->b5da6a4a-1459-46a4-9479-d2035163dbe2: receive RaftClientReply:client-8DB4338F17D0->b5da6a4a-1459-46a4-9479-d2035163dbe2@group-4A9565783204, cid=2722, SUCCESS, logIndex=0, commits[b5da6a4a-1459-46a4-9479-d2035163dbe2:c4074, 69c25b61-d669-4f17-b36d-41bca3df1f31:c4073, d2a7b1fa-fac6-4c6f-8c6d-9ac7414c70c3:c4073]
2019-07-14 04:23:53,730 INFO  client.GrpcClientProtocolClient (GrpcClientProtocolClient.java:onNext(255)) - client-8DB4338F17D0->b5da6a4a-1459-46a4-9479-d2035163dbe2: receive RaftClientReply:client-8DB4338F17D0->b5da6a4a-1459-46a4-9479-d2035163dbe2@group-4A9565783204, cid=2723, SUCCESS, logIndex=4076, commits[b5da6a4a-1459-46a4-9479-d2035163dbe2:c4077, 69c25b61-d669-4f17-b36d-41bca3df1f31:c4075, d2a7b1fa-fac6-4c6f-8c6d-9ac7414c70c3:c4075]
2019-07-14 04:23:53,730 INFO  client.GrpcClientProtocolClient (GrpcClientProtocolClient.java:onNext(255)) - client-8DB4338F17D0->b5da6a4a-1459-46a4-9479-d2035163dbe2: receive RaftClientReply:client-8DB4338F17D0->b5da6a4a-1459-46a4-9479-d2035163dbe2@group-4A9565783204, cid=2724, SUCCESS, logIndex=4077, commits[b5da6a4a-1459-46a4-9479-d2035163dbe2:c4077, 69c25b61-d669-4f17-b36d-41bca3df1f31:c4075, d2a7b1fa-fac6-4c6f-8c6d-9ac7414c70c3:c4075]
2019-07-14 04:23:53,731 INFO  client.GrpcClientProtocolClient (GrpcClientProtocolClient.java:onNext(255)) - client-8DB4338F17D0->b5da6a4a-1459-46a4-9479-d2035163dbe2: receive RaftClientReply:client-8DB4338F17D0->b5da6a4a-1459-46a4-9479-d2035163dbe2@group-4A9565783204, cid=2725, SUCCESS, logIndex=4078, commits[b5da6a4a-1459-46a4-9479-d2035163dbe2:c4079, 69c25b61-d669-4f17-b36d-41bca3df1f31:c4075, d2a7b1fa-fac6-4c6f-8c6d-9ac7414c70c3:c4075]
2019-07-14 04:23:53,731 INFO  client.GrpcClientProtocolClient (GrpcClientProtocolClient.java:onNext(255)) - client-8DB4338F17D0->b5da6a4a-1459-46a4-9479-d2035163dbe2: receive RaftClientReply:client-8DB4338F17D0->b5da6a4a-1459-46a4-9479-d2035163dbe2@group-4A9565783204, cid=2726, SUCCESS, logIndex=4079, commits[b5da6a4a-1459-46a4-9479-d2035163dbe2:c4079, 69c25b61-d669-4f17-b36d-41bca3df1f31:c4075, d2a7b1fa-fac6-4c6f-8c6d-9ac7414c70c3:c4075]
2019-07-14 04:23:53,734 INFO  client.GrpcClientProtocolClient (GrpcClientProtocolClient.java:onNext(255)) - client-8DB4338F17D0->b5da6a4a-1459-46a4-9479-d2035163dbe2: receive RaftClientReply:client-8DB4338F17D0->b5da6a4a-1459-46a4-9479-d2035163dbe2@group-4A9565783204, cid=2727, SUCCESS, logIndex=0, commits[b5da6a4a-1459-46a4-9479-d2035163dbe2:c4081, 69c25b61-d669-4f17-b36d-41bca3df1f31:c4077, d2a7b1fa-fac6-4c6f-8c6d-9ac7414c70c3:c4077]
2019-07-14 04:23:53,854 INFO  client.GrpcClientProtocolClient (GrpcClientProtocolClient.java:onNext(255)) - client-8DB4338F17D0->b5da6a4a-1459-46a4-9479-d2035163dbe2: receive RaftClientReply:client-8DB4338F17D0->b5da6a4a-1459-46a4-9479-d2035163dbe2@group-4A9565783204, cid=2728, SUCCESS, logIndex=4084, commits[b5da6a4a-1459-46a4-9479-d2035163dbe2:c4085, 69c25b61-d669-4f17-b36d-41bca3df1f31:c4083, d2a7b1fa-fac6-4c6f-8c6d-9ac7414c70c3:c4083]
2019-07-14 04:23:53,854 INFO  client.GrpcClientProtocolClient (GrpcClientProtocolClient.java:onNext(255)) - client-8DB4338F17D0->b5da6a4a-1459-46a4-9479-d2035163dbe2: receive RaftClientReply:client-8DB4338F17D0->b5da6a4a-1459-46a4-9479-d2035163dbe2@group-4A9565783204, cid=2729, SUCCESS, logIndex=4085, commits[b5da6a4a-1459-46a4-9479-d2035163dbe2:c4085, 69c25b61-d669-4f17-b36d-41bca3df1f31:c4083, d2a7b1fa-fac6-4c6f-8c6d-9ac7414c70c3:c4083]
2019-07-14 04:23:53,865 INFO  client.GrpcClientProtocolClient (GrpcClientProtocolClient.java:onNext(255)) - client-8DB4338F17D0->b5da6a4a-1459-46a4-9479-d2035163dbe2: receive RaftClientReply:client-8DB4338F17D0->b5da6a4a-1459-46a4-9479-d2035163dbe2@group-4A9565783204, cid=2730, SUCCESS, logIndex=4088, commits[b5da6a4a-1459-46a4-9479-d2035163dbe2:c4089, 69c25b61-d669-4f17-b36d-41bca3df1f31:c4085, d2a7b1fa-fac6-4c6f-8c6d-9ac7414c70c3:c4085]
2019-07-14 04:23:53,866 INFO  client.GrpcClientProtocolClient (GrpcClientProtocolClient.java:onNext(255)) - client-8DB4338F17D0->b5da6a4a-1459-46a4-9479-d2035163dbe2: receive RaftClientReply:client-8DB4338F17D0->b5da6a4a-1459-46a4-9479-d2035163dbe2@group-4A9565783204, cid=2731, SUCCESS, logIndex=4089, commits[b5da6a4a-1459-46a4-9479-d2035163dbe2:c4089, 69c25b61-d669-4f17-b36d-41bca3df1f31:c4085, d2a7b1fa-fac6-4c6f-8c6d-9ac7414c70c3:c4085]
2019-07-14 04:23:53,869 INFO  client.GrpcClientProtocolClient (GrpcClientProtocolClient.java:onNext(255)) - client-8DB4338F17D0->b5da6a4a-1459-46a4-9479-d2035163dbe2: receive RaftClientReply:client-8DB4338F17D0->b5da6a4a-1459-46a4-9479-d2035163dbe2@group-4A9565783204, cid=2732, SUCCESS, logIndex=0, commits[b5da6a4a-1459-46a4-9479-d2035163dbe2:c4091, 69c25b61-d669-4f17-b36d-41bca3df1f31:c4089, d2a7b1fa-fac6-4c6f-8c6d-9ac7414c70c3:c4089]
2019-07-14 04:23:53,900 INFO  client.GrpcClientProtocolClient (GrpcClientProtocolClient.java:onNext(255)) - client-8DB4338F17D0->b5da6a4a-1459-46a4-9479-d2035163dbe2: receive RaftClientReply:client-8DB4338F17D0->b5da6a4a-1459-46a4-9479-d2035163dbe2@group-4A9565783204, cid=2733, SUCCESS, logIndex=4092, commits[b5da6a4a-1459-46a4-9479-d2035163dbe2:c4094, 69c25b61-d669-4f17-b36d-41bca3df1f31:c4091, d2a7b1fa-fac6-4c6f-8c6d-9ac7414c70c3:c4091]
2019-07-14 04:23:53,901 INFO  client.GrpcClientProtocolClient (GrpcClientProtocolClient.java:onNext(255)) - client-8DB4338F17D0->b5da6a4a-1459-46a4-9479-d2035163dbe2: receive RaftClientReply:client-8DB4338F17D0->b5da6a4a-1459-46a4-9479-d2035163dbe2@group-4A9565783204, cid=2734, SUCCESS, logIndex=4093, commits[b5da6a4a-1459-46a4-9479-d2035163dbe2:c4095, 69c25b61-d669-4f17-b36d-41bca3df1f31:c4091, d2a7b1fa-fac6-4c6f-8c6d-9ac7414c70c3:c4091]
2019-07-14 04:23:53,901 INFO  client.GrpcClientProtocolClient (GrpcClientProtocolClient.java:onNext(255)) - client-8DB4338F17D0->b5da6a4a-1459-46a4-9479-d2035163dbe2: receive RaftClientReply:client-8DB4338F17D0->b5da6a4a-1459-46a4-9479-d2035163dbe2@group-4A9565783204, cid=2735, SUCCESS, logIndex=4094, commits[b5da6a4a-1459-46a4-9479-d2035163dbe2:c4095, 69c25b61-d669-4f17-b36d-41bca3df1f31:c4091, d2a7b1fa-fac6-4c6f-8c6d-9ac7414c70c3:c4091]
2019-07-14 04:23:53,901 INFO  client.GrpcClientProtocolClient (GrpcClientProtocolClient.java:onNext(255)) - client-8DB4338F17D0->b5da6a4a-1459-46a4-9479-d2035163dbe2: receive RaftClientReply:client-8DB4338F17D0->b5da6a4a-1459-46a4-9479-d2035163dbe2@group-4A9565783204, cid=2736, SUCCESS, logIndex=4095, commits[b5da6a4a-1459-46a4-9479-d2035163dbe2:c4095, 69c25b61-d669-4f17-b36d-41bca3df1f31:c4091, d2a7b1fa-fac6-4c6f-8c6d-9ac7414c70c3:c4091]
2019-07-14 04:23:53,902 INFO  client.GrpcClientProtocolClient (GrpcClientProtocolClient.java:onNext(255)) - client-8DB4338F17D0->b5da6a4a-1459-46a4-9479-d2035163dbe2: receive RaftClientReply:client-8DB4338F17D0->b5da6a4a-1459-46a4-9479-d2035163dbe2@group-4A9565783204, cid=2737, SUCCESS, logIndex=0, commits[b5da6a4a-1459-46a4-9479-d2035163dbe2:c4096, 69c25b61-d669-4f17-b36d-41bca3df1f31:c4093, d2a7b1fa-fac6-4c6f-8c6d-9ac7414c70c3:c4093]
2019-07-14 04:23:53,922 INFO  client.GrpcClientProtocolClient (GrpcClientProtocolClient.java:onNext(255)) - client-8DB4338F17D0->b5da6a4a-1459-46a4-9479-d2035163dbe2: receive RaftClientReply:client-8DB4338F17D0->b5da6a4a-1459-46a4-9479-d2035163dbe2@group-4A9565783204, cid=2738, SUCCESS, logIndex=4100, commits[b5da6a4a-1459-46a4-9479-d2035163dbe2:c4101, 69c25b61-d669-4f17-b36d-41bca3df1f31:c4099, d2a7b1fa-fac6-4c6f-8c6d-9ac7414c70c3:c4095]
2019-07-14 04:23:53,922 INFO  client.GrpcClientProtocolClient (GrpcClientProtocolClient.java:onNext(255)) - client-8DB4338F17D0->b5da6a4a-1459-46a4-9479-d2035163dbe2: receive RaftClientReply:client-8DB4338F17D0->b5da6a4a-1459-46a4-9479-d2035163dbe2@group-4A9565783204, cid=2739, SUCCESS, logIndex=4101, commits[b5da6a4a-1459-46a4-9479-d2035163dbe2:c4101, 69c25b61-d669-4f17-b36d-41bca3df1f31:c4099, d2a7b1fa-fac6-4c6f-8c6d-9ac7414c70c3:c4099]
2019-07-14 04:23:53,993 INFO  client.GrpcClientProtocolClient (GrpcClientProtocolClient.java:onNext(255)) - client-8DB4338F17D0->b5da6a4a-1459-46a4-9479-d2035163dbe2: receive RaftClientReply:client-8DB4338F17D0->b5da6a4a-1459-46a4-9479-d2035163dbe2@group-4A9565783204, cid=2740, SUCCESS, logIndex=4104, commits[b5da6a4a-1459-46a4-9479-d2035163dbe2:c4105, 69c25b61-d669-4f17-b36d-41bca3df1f31:c4103, d2a7b1fa-fac6-4c6f-8c6d-9ac7414c70c3:c4103]
2019-07-14 04:23:53,994 INFO  client.GrpcClientProtocolClient (GrpcClientProtocolClient.java:onNext(255)) - client-8DB4338F17D0->b5da6a4a-1459-46a4-9479-d2035163dbe2: receive RaftClientReply:client-8DB4338F17D0->b5da6a4a-1459-46a4-9479-d2035163dbe2@group-4A9565783204, cid=2741, SUCCESS, logIndex=4105, commits[b5da6a4a-1459-46a4-9479-d2035163dbe2:c4105, 69c25b61-d669-4f17-b36d-41bca3df1f31:c4103, d2a7b1fa-fac6-4c6f-8c6d-9ac7414c70c3:c4103]
2019-07-14 04:23:54,005 INFO  client.GrpcClientProtocolClient (GrpcClientProtocolClient.java:onNext(255)) - client-8DB4338F17D0->b5da6a4a-1459-46a4-9479-d2035163dbe2: receive RaftClientReply:client-8DB4338F17D0->b5da6a4a-1459-46a4-9479-d2035163dbe2@group-4A9565783204, cid=2742, SUCCESS, logIndex=0, commits[b5da6a4a-1459-46a4-9479-d2035163dbe2:c4107, 69c25b61-d669-4f17-b36d-41bca3df1f31:c4105, d2a7b1fa-fac6-4c6f-8c6d-9ac7414c70c3:c4105]
2019-07-14 04:23:54,029 INFO  client.GrpcClientProtocolClient (GrpcClientProtocolClient.java:onNext(255)) - client-8DB4338F17D0->b5da6a4a-1459-46a4-9479-d2035163dbe2: receive RaftClientReply:client-8DB4338F17D0->b5da6a4a-1459-46a4-9479-d2035163dbe2@group-4A9565783204, cid=2743, SUCCESS, logIndex=4108, commits[b5da6a4a-1459-46a4-9479-d2035163dbe2:c4109, 69c25b61-d669-4f17-b36d-41bca3df1f31:c4105, d2a7b1fa-fac6-4c6f-8c6d-9ac7414c70c3:c4107]
2019-07-14 04:23:54,030 INFO  client.GrpcClientProtocolClient (GrpcClientProtocolClient.java:onNext(255)) - client-8DB4338F17D0->b5da6a4a-1459-46a4-9479-d2035163dbe2: receive RaftClientReply:client-8DB4338F17D0->b5da6a4a-1459-46a4-9479-d2035163dbe2@group-4A9565783204, cid=2744, SUCCESS, logIndex=4109, commits[b5da6a4a-1459-46a4-9479-d2035163dbe2:c4109, 69c25b61-d669-4f17-b36d-41bca3df1f31:c4105, d2a7b1fa-fac6-4c6f-8c6d-9ac7414c70c3:c4107]
2019-07-14 04:23:54,034 INFO  client.GrpcClientProtocolClient (GrpcClientProtocolClient.java:onNext(255)) - client-8DB4338F17D0->b5da6a4a-1459-46a4-9479-d2035163dbe2: receive RaftClientReply:client-8DB4338F17D0->b5da6a4a-1459-46a4-9479-d2035163dbe2@group-4A9565783204, cid=2745, SUCCESS, logIndex=4110, commits[b5da6a4a-1459-46a4-9479-d2035163dbe2:c4111, 69c25b61-d669-4f17-b36d-41bca3df1f31:c4107, d2a7b1fa-fac6-4c6f-8c6d-9ac7414c70c3:c4107]
2019-07-14 04:23:54,035 INFO  client.GrpcClientProtocolClient (GrpcClientProtocolClient.java:onNext(255)) - client-8DB4338F17D0->b5da6a4a-1459-46a4-9479-d2035163dbe2: receive RaftClientReply:client-8DB4338F17D0->b5da6a4a-1459-46a4-9479-d2035163dbe2@group-4A9565783204, cid=2746, SUCCESS, logIndex=4111, commits[b5da6a4a-1459-46a4-9479-d2035163dbe2:c4113, 69c25b61-d669-4f17-b36d-41bca3df1f31:c4109, d2a7b1fa-fac6-4c6f-8c6d-9ac7414c70c3:c4109]
2019-07-14 04:23:54,046 INFO  client.GrpcClientProtocolClient (GrpcClientProtocolClient.java:onNext(255)) - client-8DB4338F17D0->b5da6a4a-1459-46a4-9479-d2035163dbe2: receive RaftClientReply:client-8DB4338F17D0->b5da6a4a-1459-46a4-9479-d2035163dbe2@group-4A9565783204, cid=2747, SUCCESS, logIndex=4116, commits[b5da6a4a-1459-46a4-9479-d2035163dbe2:c4117, 69c25b61-d669-4f17-b36d-41bca3df1f31:c4113, d2a7b1fa-fac6-4c6f-8c6d-9ac7414c70c3:c4110]
2019-07-14 04:23:54,046 INFO  client.GrpcClientProtocolClient (GrpcClientProtocolClient.java:onNext(255)) - client-8DB4338F17D0->b5da6a4a-1459-46a4-9479-d2035163dbe2: receive RaftClientReply:client-8DB4338F17D0->b5da6a4a-1459-46a4-9479-d2035163dbe2@group-4A9565783204, cid=2748, SUCCESS, logIndex=4117, commits[b5da6a4a-1459-46a4-9479-d2035163dbe2:c4117, 69c25b61-d669-4f17-b36d-41bca3df1f31:c4113, d2a7b1fa-fac6-4c6f-8c6d-9ac7414c70c3:c4111]
2019-07-14 04:23:54,065 INFO  client.GrpcClientProtocolClient (GrpcClientProtocolClient.java:onNext(255)) - client-8DB4338F17D0->b5da6a4a-1459-46a4-9479-d2035163dbe2: receive RaftClientReply:client-8DB4338F17D0->b5da6a4a-1459-46a4-9479-d2035163dbe2@group-4A9565783204, cid=2749, SUCCESS, logIndex=4120, commits[b5da6a4a-1459-46a4-9479-d2035163dbe2:c4121, 69c25b61-d669-4f17-b36d-41bca3df1f31:c4119, d2a7b1fa-fac6-4c6f-8c6d-9ac7414c70c3:c4119]
2019-07-14 04:23:54,065 INFO  client.GrpcClientProtocolClient (GrpcClientProtocolClient.java:onNext(255)) - client-8DB4338F17D0->b5da6a4a-1459-46a4-9479-d2035163dbe2: receive RaftClientReply:client-8DB4338F17D0->b5da6a4a-1459-46a4-9479-d2035163dbe2@group-4A9565783204, cid=2750, SUCCESS, logIndex=4121, commits[b5da6a4a-1459-46a4-9479-d2035163dbe2:c4121, 69c25b61-d669-4f17-b36d-41bca3df1f31:c4119, d2a7b1fa-fac6-4c6f-8c6d-9ac7414c70c3:c4119]
2019-07-14 04:23:54,069 INFO  client.GrpcClientProtocolClient (GrpcClientProtocolClient.java:onNext(255)) - client-8DB4338F17D0->b5da6a4a-1459-46a4-9479-d2035163dbe2: receive RaftClientReply:client-8DB4338F17D0->b5da6a4a-1459-46a4-9479-d2035163dbe2@group-4A9565783204, cid=2751, SUCCESS, logIndex=0, commits[b5da6a4a-1459-46a4-9479-d2035163dbe2:c4123, 69c25b61-d669-4f17-b36d-41bca3df1f31:c4121, d2a7b1fa-fac6-4c6f-8c6d-9ac7414c70c3:c4121]
2019-07-14 04:23:54,096 INFO  client.GrpcClientProtocolClient (GrpcClientProtocolClient.java:onNext(255)) - client-8DB4338F17D0->b5da6a4a-1459-46a4-9479-d2035163dbe2: receive RaftClientReply:client-8DB4338F17D0->b5da6a4a-1459-46a4-9479-d2035163dbe2@group-4A9565783204, cid=2752, SUCCESS, logIndex=4124, commits[b5da6a4a-1459-46a4-9479-d2035163dbe2:c4126, 69c25b61-d669-4f17-b36d-41bca3df1f31:c4123, d2a7b1fa-fac6-4c6f-8c6d-9ac7414c70c3:c4123]
2019-07-14 04:23:54,096 INFO  client.GrpcClientProtocolClient (GrpcClientProtocolClient.java:onNext(255)) - client-8DB4338F17D0->b5da6a4a-1459-46a4-9479-d2035163dbe2: receive RaftClientReply:client-8DB4338F17D0->b5da6a4a-1459-46a4-9479-d2035163dbe2@group-4A9565783204, cid=2753, SUCCESS, logIndex=4125, commits[b5da6a4a-1459-46a4-9479-d2035163dbe2:c4127, 69c25b61-d669-4f17-b36d-41bca3df1f31:c4123, d2a7b1fa-fac6-4c6f-8c6d-9ac7414c70c3:c4123]
2019-07-14 04:23:54,096 INFO  client.GrpcClientProtocolClient (GrpcClientProtocolClient.java:onNext(255)) - client-8DB4338F17D0->b5da6a4a-1459-46a4-9479-d2035163dbe2: receive RaftClientReply:client-8DB4338F17D0->b5da6a4a-1459-46a4-9479-d2035163dbe2@group-4A9565783204, cid=2754, SUCCESS, logIndex=4126, commits[b5da6a4a-1459-46a4-9479-d2035163dbe2:c4127, 69c25b61-d669-4f17-b36d-41bca3df1f31:c4123, d2a7b1fa-fac6-4c6f-8c6d-9ac7414c70c3:c4123]
2019-07-14 04:23:54,097 INFO  client.GrpcClientProtocolClient (GrpcClientProtocolClient.java:onNext(255)) - client-8DB4338F17D0->b5da6a4a-1459-46a4-9479-d2035163dbe2: receive RaftClientReply:client-8DB4338F17D0->b5da6a4a-1459-46a4-9479-d2035163dbe2@group-4A9565783204, cid=2755, SUCCESS, logIndex=4127, commits[b5da6a4a-1459-46a4-9479-d2035163dbe2:c4127, 69c25b61-d669-4f17-b36d-41bca3df1f31:c4123, d2a7b1fa-fac6-4c6f-8c6d-9ac7414c70c3:c4123]
2019-07-14 04:23:54,099 INFO  client.GrpcClientProtocolClient (GrpcClientProtocolClient.java:onNext(255)) - client-8DB4338F17D0->b5da6a4a-1459-46a4-9479-d2035163dbe2: receive RaftClientReply:client-8DB4338F17D0->b5da6a4a-1459-46a4-9479-d2035163dbe2@group-4A9565783204, cid=2756, SUCCESS, logIndex=0, commits[b5da6a4a-1459-46a4-9479-d2035163dbe2:c4130, 69c25b61-d669-4f17-b36d-41bca3df1f31:c4126, d2a7b1fa-fac6-4c6f-8c6d-9ac7414c70c3:c4125]
2019-07-14 04:23:54,110 INFO  client.GrpcClientProtocolClient (GrpcClientProtocolClient.java:onNext(255)) - client-8DB4338F17D0->b5da6a4a-1459-46a4-9479-d2035163dbe2: receive RaftClientReply:client-8DB4338F17D0->b5da6a4a-1459-46a4-9479-d2035163dbe2@group-4A9565783204, cid=2757, SUCCESS, logIndex=4132, commits[b5da6a4a-1459-46a4-9479-d2035163dbe2:c4133, 69c25b61-d669-4f17-b36d-41bca3df1f31:c4127, d2a7b1fa-fac6-4c6f-8c6d-9ac7414c70c3:c4131]
2019-07-14 04:23:54,110 INFO  client.GrpcClientProtocolClient (GrpcClientProtocolClient.java:onNext(255)) - client-8DB4338F17D0->b5da6a4a-1459-46a4-9479-d2035163dbe2: receive RaftClientReply:client-8DB4338F17D0->b5da6a4a-1459-46a4-9479-d2035163dbe2@group-4A9565783204, cid=2758, SUCCESS, logIndex=4133, commits[b5da6a4a-1459-46a4-9479-d2035163dbe2:c4133, 69c25b61-d669-4f17-b36d-41bca3df1f31:c4127, d2a7b1fa-fac6-4c6f-8c6d-9ac7414c70c3:c4131]
2019-07-14 04:23:54,129 INFO  client.GrpcClientProtocolClient (GrpcClientProtocolClient.java:onNext(255)) - client-8DB4338F17D0->b5da6a4a-1459-46a4-9479-d2035163dbe2: receive RaftClientReply:client-8DB4338F17D0->b5da6a4a-1459-46a4-9479-d2035163dbe2@group-4A9565783204, cid=2759, SUCCESS, logIndex=4136, commits[b5da6a4a-1459-46a4-9479-d2035163dbe2:c4137, 69c25b61-d669-4f17-b36d-41bca3df1f31:c4135, d2a7b1fa-fac6-4c6f-8c6d-9ac7414c70c3:c4133]
2019-07-14 04:23:54,129 INFO  client.GrpcClientProtocolClient (GrpcClientProtocolClient.java:onNext(255)) - client-8DB4338F17D0->b5da6a4a-1459-46a4-9479-d2035163dbe2: receive RaftClientReply:client-8DB4338F17D0->b5da6a4a-1459-46a4-9479-d2035163dbe2@group-4A9565783204, cid=2760, SUCCESS, logIndex=4137, commits[b5da6a4a-1459-46a4-9479-d2035163dbe2:c4137, 69c25b61-d669-4f17-b36d-41bca3df1f31:c4135, d2a7b1fa-fac6-4c6f-8c6d-9ac7414c70c3:c4135]
2019-07-14 04:23:54,132 INFO  client.GrpcClientProtocolClient (GrpcClientProtocolClient.java:onNext(255)) - client-8DB4338F17D0->b5da6a4a-1459-46a4-9479-d2035163dbe2: receive RaftClientReply:client-8DB4338F17D0->b5da6a4a-1459-46a4-9479-d2035163dbe2@group-4A9565783204, cid=2761, SUCCESS, logIndex=0, commits[b5da6a4a-1459-46a4-9479-d2035163dbe2:c4139, 69c25b61-d669-4f17-b36d-41bca3df1f31:c4137, d2a7b1fa-fac6-4c6f-8c6d-9ac7414c70c3:c4137]
2019-07-14 04:23:54,150 INFO  client.GrpcClientProtocolClient (GrpcClientProtocolClient.java:onNext(255)) - client-8DB4338F17D0->b5da6a4a-1459-46a4-9479-d2035163dbe2: receive RaftClientReply:client-8DB4338F17D0->b5da6a4a-1459-46a4-9479-d2035163dbe2@group-4A9565783204, cid=2762, SUCCESS, logIndex=4140, commits[b5da6a4a-1459-46a4-9479-d2035163dbe2:c4141, 69c25b61-d669-4f17-b36d-41bca3df1f31:c4137, d2a7b1fa-fac6-4c6f-8c6d-9ac7414c70c3:c4139]
2019-07-14 04:23:54,150 INFO  client.GrpcClientProtocolClient (GrpcClientProtocolClient.java:onNext(255)) - client-8DB4338F17D0->b5da6a4a-1459-46a4-9479-d2035163dbe2: receive RaftClientReply:client-8DB4338F17D0->b5da6a4a-1459-46a4-9479-d2035163dbe2@group-4A9565783204, cid=2763, SUCCESS, logIndex=4141, commits[b5da6a4a-1459-46a4-9479-d2035163dbe2:c4141, 69c25b61-d669-4f17-b36d-41bca3df1f31:c4139, d2a7b1fa-fac6-4c6f-8c6d-9ac7414c70c3:c4139]
2019-07-14 04:23:54,152 INFO  client.GrpcClientProtocolClient (GrpcClientProtocolClient.java:onNext(255)) - client-8DB4338F17D0->b5da6a4a-1459-46a4-9479-d2035163dbe2: receive RaftClientReply:client-8DB4338F17D0->b5da6a4a-1459-46a4-9479-d2035163dbe2@group-4A9565783204, cid=2764, SUCCESS, logIndex=4142, commits[b5da6a4a-1459-46a4-9479-d2035163dbe2:c4144, 69c25b61-d669-4f17-b36d-41bca3df1f31:c4139, d2a7b1fa-fac6-4c6f-8c6d-9ac7414c70c3:c4141]
2019-07-14 04:23:54,153 INFO  client.GrpcClientProtocolClient (GrpcClientProtocolClient.java:onNext(255)) - client-8DB4338F17D0->b5da6a4a-1459-46a4-9479-d2035163dbe2: receive RaftClientReply:client-8DB4338F17D0->b5da6a4a-1459-46a4-9479-d2035163dbe2@group-4A9565783204, cid=2765, SUCCESS, logIndex=4143, commits[b5da6a4a-1459-46a4-9479-d2035163dbe2:c4145, 69c25b61-d669-4f17-b36d-41bca3df1f31:c4139, d2a7b1fa-fac6-4c6f-8c6d-9ac7414c70c3:c4141]
2019-07-14 04:23:54,154 INFO  client.GrpcClientProtocolClient (GrpcClientProtocolClient.java:onNext(255)) - client-8DB4338F17D0->b5da6a4a-1459-46a4-9479-d2035163dbe2: receive RaftClientReply:client-8DB4338F17D0->b5da6a4a-1459-46a4-9479-d2035163dbe2@group-4A9565783204, cid=2766, SUCCESS, logIndex=0, commits[b5da6a4a-1459-46a4-9479-d2035163dbe2:c4146, 69c25b61-d669-4f17-b36d-41bca3df1f31:c4141, d2a7b1fa-fac6-4c6f-8c6d-9ac7414c70c3:c4142]
2019-07-14 04:23:54,164 INFO  client.GrpcClientProtocolClient (GrpcClientProtocolClient.java:onNext(255)) - client-8DB4338F17D0->b5da6a4a-1459-46a4-9479-d2035163dbe2: receive RaftClientReply:client-8DB4338F17D0->b5da6a4a-1459-46a4-9479-d2035163dbe2@group-4A9565783204, cid=2767, SUCCESS, logIndex=4148, commits[b5da6a4a-1459-46a4-9479-d2035163dbe2:c4149, 69c25b61-d669-4f17-b36d-41bca3df1f31:c4143, d2a7b1fa-fac6-4c6f-8c6d-9ac7414c70c3:c4147]
2019-07-14 04:23:54,165 INFO  client.GrpcClientProtocolClient (GrpcClientProtocolClient.java:onNext(255)) - client-8DB4338F17D0->b5da6a4a-1459-46a4-9479-d2035163dbe2: receive RaftClientReply:client-8DB4338F17D0->b5da6a4a-1459-46a4-9479-d2035163dbe2@group-4A9565783204, cid=2768, SUCCESS, logIndex=4149, commits[b5da6a4a-1459-46a4-9479-d2035163dbe2:c4149, 69c25b61-d669-4f17-b36d-41bca3df1f31:c4147, d2a7b1fa-fac6-4c6f-8c6d-9ac7414c70c3:c4147]
2019-07-14 04:23:54,182 INFO  client.GrpcClientProtocolClient (GrpcClientProtocolClient.java:onNext(255)) - client-8DB4338F17D0->b5da6a4a-1459-46a4-9479-d2035163dbe2: receive RaftClientReply:client-8DB4338F17D0->b5da6a4a-1459-46a4-9479-d2035163dbe2@group-4A9565783204, cid=2769, SUCCESS, logIndex=4152, commits[b5da6a4a-1459-46a4-9479-d2035163dbe2:c4153, 69c25b61-d669-4f17-b36d-41bca3df1f31:c4151, d2a7b1fa-fac6-4c6f-8c6d-9ac7414c70c3:c4151]
2019-07-14 04:23:54,182 INFO  client.GrpcClientProtocolClient (GrpcClientProtocolClient.java:onNext(255)) - client-8DB4338F17D0->b5da6a4a-1459-46a4-9479-d2035163dbe2: receive RaftClientReply:client-8DB4338F17D0->b5da6a4a-1459-46a4-9479-d2035163dbe2@group-4A9565783204, cid=2770, SUCCESS, logIndex=4153, commits[b5da6a4a-1459-46a4-9479-d2035163dbe2:c4153, 69c25b61-d669-4f17-b36d-41bca3df1f31:c4151, d2a7b1fa-fac6-4c6f-8c6d-9ac7414c70c3:c4151]
2019-07-14 04:23:54,192 INFO  client.GrpcClientProtocolClient (GrpcClientProtocolClient.java:onNext(255)) - client-8DB4338F17D0->b5da6a4a-1459-46a4-9479-d2035163dbe2: receive RaftClientReply:client-8DB4338F17D0->b5da6a4a-1459-46a4-9479-d2035163dbe2@group-4A9565783204, cid=2771, SUCCESS, logIndex=0, commits[b5da6a4a-1459-46a4-9479-d2035163dbe2:c4154, 69c25b61-d669-4f17-b36d-41bca3df1f31:c4153, d2a7b1fa-fac6-4c6f-8c6d-9ac7414c70c3:c4153]
2019-07-14 04:23:54,212 INFO  client.GrpcClientProtocolClient (GrpcClientProtocolClient.java:onNext(255)) - client-8DB4338F17D0->b5da6a4a-1459-46a4-9479-d2035163dbe2: receive RaftClientReply:client-8DB4338F17D0->b5da6a4a-1459-46a4-9479-d2035163dbe2@group-4A9565783204, cid=2772, SUCCESS, logIndex=4156, commits[b5da6a4a-1459-46a4-9479-d2035163dbe2:c4157, 69c25b61-d669-4f17-b36d-41bca3df1f31:c4153, d2a7b1fa-fac6-4c6f-8c6d-9ac7414c70c3:c4155]
2019-07-14 04:23:54,212 INFO  client.GrpcClientProtocolClient (GrpcClientProtocolClient.java:onNext(255)) - client-8DB4338F17D0->b5da6a4a-1459-46a4-9479-d2035163dbe2: receive RaftClientReply:client-8DB4338F17D0->b5da6a4a-1459-46a4-9479-d2035163dbe2@group-4A9565783204, cid=2773, SUCCESS, logIndex=4157, commits[b5da6a4a-1459-46a4-9479-d2035163dbe2:c4157, 69c25b61-d669-4f17-b36d-41bca3df1f31:c4155, d2a7b1fa-fac6-4c6f-8c6d-9ac7414c70c3:c4155]
2019-07-14 04:23:54,215 INFO  client.GrpcClientProtocolClient (GrpcClientProtocolClient.java:onNext(255)) - client-8DB4338F17D0->b5da6a4a-1459-46a4-9479-d2035163dbe2: receive RaftClientReply:client-8DB4338F17D0->b5da6a4a-1459-46a4-9479-d2035163dbe2@group-4A9565783204, cid=2774, SUCCESS, logIndex=4158, commits[b5da6a4a-1459-46a4-9479-d2035163dbe2:c4160, 69c25b61-d669-4f17-b36d-41bca3df1f31:c4155, d2a7b1fa-fac6-4c6f-8c6d-9ac7414c70c3:c4157]
2019-07-14 04:23:54,215 INFO  client.GrpcClientProtocolClient (GrpcClientProtocolClient.java:onNext(255)) - client-8DB4338F17D0->b5da6a4a-1459-46a4-9479-d2035163dbe2: receive RaftClientReply:client-8DB4338F17D0->b5da6a4a-1459-46a4-9479-d2035163dbe2@group-4A9565783204, cid=2775, SUCCESS, logIndex=4159, commits[b5da6a4a-1459-46a4-9479-d2035163dbe2:c4161, 69c25b61-d669-4f17-b36d-41bca3df1f31:c4155, d2a7b1fa-fac6-4c6f-8c6d-9ac7414c70c3:c4157]
2019-07-14 04:23:54,216 INFO  client.GrpcClientProtocolClient (GrpcClientProtocolClient.java:onNext(255)) - client-8DB4338F17D0->b5da6a4a-1459-46a4-9479-d2035163dbe2: receive RaftClientReply:client-8DB4338F17D0->b5da6a4a-1459-46a4-9479-d2035163dbe2@group-4A9565783204, cid=2776, SUCCESS, logIndex=0, commits[b5da6a4a-1459-46a4-9479-d2035163dbe2:c4161, 69c25b61-d669-4f17-b36d-41bca3df1f31:c4157, d2a7b1fa-fac6-4c6f-8c6d-9ac7414c70c3:c4157]
2019-07-14 04:23:54,235 INFO  client.GrpcClientProtocolClient (GrpcClientProtocolClient.java:onNext(255)) - client-8DB4338F17D0->b5da6a4a-1459-46a4-9479-d2035163dbe2: receive RaftClientReply:client-8DB4338F17D0->b5da6a4a-1459-46a4-9479-d2035163dbe2@group-4A9565783204, cid=2777, SUCCESS, logIndex=4164, commits[b5da6a4a-1459-46a4-9479-d2035163dbe2:c4165, 69c25b61-d669-4f17-b36d-41bca3df1f31:c4163, d2a7b1fa-fac6-4c6f-8c6d-9ac7414c70c3:c4163]
2019-07-14 04:23:54,235 INFO  client.GrpcClientProtocolClient (GrpcClientProtocolClient.java:onNext(255)) - client-8DB4338F17D0->b5da6a4a-1459-46a4-9479-d2035163dbe2: receive RaftClientReply:client-8DB4338F17D0->b5da6a4a-1459-46a4-9479-d2035163dbe2@group-4A9565783204, cid=2778, SUCCESS, logIndex=4165, commits[b5da6a4a-1459-46a4-9479-d2035163dbe2:c4165, 69c25b61-d669-4f17-b36d-41bca3df1f31:c4163, d2a7b1fa-fac6-4c6f-8c6d-9ac7414c70c3:c4163]
2019-07-14 04:23:54,247 INFO  client.GrpcClientProtocolClient (GrpcClientProtocolClient.java:onNext(255)) - client-8DB4338F17D0->b5da6a4a-1459-46a4-9479-d2035163dbe2: receive RaftClientReply:client-8DB4338F17D0->b5da6a4a-1459-46a4-9479-d2035163dbe2@group-4A9565783204, cid=2779, SUCCESS, logIndex=4168, commits[b5da6a4a-1459-46a4-9479-d2035163dbe2:c4168, 69c25b61-d669-4f17-b36d-41bca3df1f31:c4164, d2a7b1fa-fac6-4c6f-8c6d-9ac7414c70c3:c4165]
2019-07-14 04:23:54,247 INFO  client.GrpcClientProtocolClient (GrpcClientProtocolClient.java:onNext(255)) - client-8DB4338F17D0->b5da6a4a-1459-46a4-9479-d2035163dbe2: receive RaftClientReply:client-8DB4338F17D0->b5da6a4a-1459-46a4-9479-d2035163dbe2@group-4A9565783204, cid=2780, SUCCESS, logIndex=4169, commits[b5da6a4a-1459-46a4-9479-d2035163dbe2:c4169, 69c25b61-d669-4f17-b36d-41bca3df1f31:c4164, d2a7b1fa-fac6-4c6f-8c6d-9ac7414c70c3:c4165]
2019-07-14 04:23:54,248 INFO  client.GrpcClientProtocolClient (GrpcClientProtocolClient.java:onNext(255)) - client-8DB4338F17D0->b5da6a4a-1459-46a4-9479-d2035163dbe2: receive RaftClientReply:client-8DB4338F17D0->b5da6a4a-1459-46a4-9479-d2035163dbe2@group-4A9565783204, cid=2781, SUCCESS, logIndex=0, commits[b5da6a4a-1459-46a4-9479-d2035163dbe2:c4169, 69c25b61-d669-4f17-b36d-41bca3df1f31:c4165, d2a7b1fa-fac6-4c6f-8c6d-9ac7414c70c3:c4165]
2019-07-14 04:23:54,250 INFO  client.GrpcClientProtocolClient (GrpcClientProtocolClient.java:onNext(255)) - client-8DB4338F17D0->b5da6a4a-1459-46a4-9479-d2035163dbe2: receive RaftClientReply:client-8DB4338F17D0->b5da6a4a-1459-46a4-9479-d2035163dbe2@group-4A9565783204, cid=2782, SUCCESS, logIndex=0, commits[b5da6a4a-1459-46a4-9479-d2035163dbe2:c4171, 69c25b61-d669-4f17-b36d-41bca3df1f31:c4169, d2a7b1fa-fac6-4c6f-8c6d-9ac7414c70c3:c4169]
 0.00% |█                                                                                                    |  0/1 Time: 0:00:192019-07-14 04:23:54,297 INFO  client.GrpcClientProtocolClient (GrpcClientProtocolClient.java:onNext(255)) - client-8DB4338F17D0->b5da6a4a-1459-46a4-9479-d2035163dbe2: receive RaftClientReply:client-8DB4338F17D0->b5da6a4a-1459-46a4-9479-d2035163dbe2@group-4A9565783204, cid=2783, SUCCESS, logIndex=4172, commits[b5da6a4a-1459-46a4-9479-d2035163dbe2:c4173, 69c25b61-d669-4f17-b36d-41bca3df1f31:c4171, d2a7b1fa-fac6-4c6f-8c6d-9ac7414c70c3:c4171]
2019-07-14 04:23:54,297 INFO  client.GrpcClientProtocolClient (GrpcClientProtocolClient.java:onNext(255)) - client-8DB4338F17D0->b5da6a4a-1459-46a4-9479-d2035163dbe2: receive RaftClientReply:client-8DB4338F17D0->b5da6a4a-1459-46a4-9479-d2035163dbe2@group-4A9565783204, cid=2784, SUCCESS, logIndex=4173, commits[b5da6a4a-1459-46a4-9479-d2035163dbe2:c4175, 69c25b61-d669-4f17-b36d-41bca3df1f31:c4171, d2a7b1fa-fac6-4c6f-8c6d-9ac7414c70c3:c4171]
2019-07-14 04:23:54,297 INFO  client.GrpcClientProtocolClient (GrpcClientProtocolClient.java:onNext(255)) - client-8DB4338F17D0->b5da6a4a-1459-46a4-9479-d2035163dbe2: receive RaftClientReply:client-8DB4338F17D0->b5da6a4a-1459-46a4-9479-d2035163dbe2@group-4A9565783204, cid=2785, SUCCESS, logIndex=4174, commits[b5da6a4a-1459-46a4-9479-d2035163dbe2:c4175, 69c25b61-d669-4f17-b36d-41bca3df1f31:c4171, d2a7b1fa-fac6-4c6f-8c6d-9ac7414c70c3:c4171]
2019-07-14 04:23:54,298 INFO  client.GrpcClientProtocolClient (GrpcClientProtocolClient.java:onNext(255)) - client-8DB4338F17D0->b5da6a4a-1459-46a4-9479-d2035163dbe2: receive RaftClientReply:client-8DB4338F17D0->b5da6a4a-1459-46a4-9479-d2035163dbe2@group-4A9565783204, cid=2786, SUCCESS, logIndex=4175, commits[b5da6a4a-1459-46a4-9479-d2035163dbe2:c4175, 69c25b61-d669-4f17-b36d-41bca3df1f31:c4171, d2a7b1fa-fac6-4c6f-8c6d-9ac7414c70c3:c4171]
2019-07-14 04:23:54,302 INFO  client.GrpcClientProtocolClient (GrpcClientProtocolClient.java:onNext(255)) - client-8DB4338F17D0->b5da6a4a-1459-46a4-9479-d2035163dbe2: receive RaftClientReply:client-8DB4338F17D0->b5da6a4a-1459-46a4-9479-d2035163dbe2@group-4A9565783204, cid=2787, SUCCESS, logIndex=0, commits[b5da6a4a-1459-46a4-9479-d2035163dbe2:c4177, 69c25b61-d669-4f17-b36d-41bca3df1f31:c4173, d2a7b1fa-fac6-4c6f-8c6d-9ac7414c70c3:c4173]
2019-07-14 04:23:54,322 INFO  client.GrpcClientProtocolClient (GrpcClientProtocolClient.java:onNext(255)) - client-8DB4338F17D0->b5da6a4a-1459-46a4-9479-d2035163dbe2: receive RaftClientReply:client-8DB4338F17D0->b5da6a4a-1459-46a4-9479-d2035163dbe2@group-4A9565783204, cid=2788, SUCCESS, logIndex=4180, commits[b5da6a4a-1459-46a4-9479-d2035163dbe2:c4181, 69c25b61-d669-4f17-b36d-41bca3df1f31:c4179, d2a7b1fa-fac6-4c6f-8c6d-9ac7414c70c3:c4179]
2019-07-14 04:23:54,322 INFO  client.GrpcClientProtocolClient (GrpcClientProtocolClient.java:onNext(255)) - client-8DB4338F17D0->b5da6a4a-1459-46a4-9479-d2035163dbe2: receive RaftClientReply:client-8DB4338F17D0->b5da6a4a-1459-46a4-9479-d2035163dbe2@group-4A9565783204, cid=2789, SUCCESS, logIndex=4181, commits[b5da6a4a-1459-46a4-9479-d2035163dbe2:c4181, 69c25b61-d669-4f17-b36d-41bca3df1f31:c4179, d2a7b1fa-fac6-4c6f-8c6d-9ac7414c70c3:c4179]
2019-07-14 04:23:54,335 INFO  client.GrpcClientProtocolClient (GrpcClientProtocolClient.java:onNext(255)) - client-8DB4338F17D0->b5da6a4a-1459-46a4-9479-d2035163dbe2: receive RaftClientReply:client-8DB4338F17D0->b5da6a4a-1459-46a4-9479-d2035163dbe2@group-4A9565783204, cid=2790, SUCCESS, logIndex=4184, commits[b5da6a4a-1459-46a4-9479-d2035163dbe2:c4185, 69c25b61-d669-4f17-b36d-41bca3df1f31:c4181, d2a7b1fa-fac6-4c6f-8c6d-9ac7414c70c3:c4181]
2019-07-14 04:23:54,335 INFO  client.GrpcClientProtocolClient (GrpcClientProtocolClient.java:onNext(255)) - client-8DB4338F17D0->b5da6a4a-1459-46a4-9479-d2035163dbe2: receive RaftClientReply:client-8DB4338F17D0->b5da6a4a-1459-46a4-9479-d2035163dbe2@group-4A9565783204, cid=2791, SUCCESS, logIndex=4185, commits[b5da6a4a-1459-46a4-9479-d2035163dbe2:c4185, 69c25b61-d669-4f17-b36d-41bca3df1f31:c4181, d2a7b1fa-fac6-4c6f-8c6d-9ac7414c70c3:c4181]
2019-07-14 04:23:54,347 INFO  client.GrpcClientProtocolClient (GrpcClientProtocolClient.java:onNext(255)) - client-8DB4338F17D0->b5da6a4a-1459-46a4-9479-d2035163dbe2: receive RaftClientReply:client-8DB4338F17D0->b5da6a4a-1459-46a4-9479-d2035163dbe2@group-4A9565783204, cid=2792, SUCCESS, logIndex=0, commits[b5da6a4a-1459-46a4-9479-d2035163dbe2:c4187, 69c25b61-d669-4f17-b36d-41bca3df1f31:c4185, d2a7b1fa-fac6-4c6f-8c6d-9ac7414c70c3:c4185]
2019-07-14 04:23:54,370 INFO  client.GrpcClientProtocolClient (GrpcClientProtocolClient.java:onNext(255)) - client-8DB4338F17D0->b5da6a4a-1459-46a4-9479-d2035163dbe2: receive RaftClientReply:client-8DB4338F17D0->b5da6a4a-1459-46a4-9479-d2035163dbe2@group-4A9565783204, cid=2793, SUCCESS, logIndex=4188, commits[b5da6a4a-1459-46a4-9479-d2035163dbe2:c4189, 69c25b61-d669-4f17-b36d-41bca3df1f31:c4185, d2a7b1fa-fac6-4c6f-8c6d-9ac7414c70c3:c4187]
2019-07-14 04:23:54,371 INFO  client.GrpcClientProtocolClient (GrpcClientProtocolClient.java:onNext(255)) - client-8DB4338F17D0->b5da6a4a-1459-46a4-9479-d2035163dbe2: receive RaftClientReply:client-8DB4338F17D0->b5da6a4a-1459-46a4-9479-d2035163dbe2@group-4A9565783204, cid=2794, SUCCESS, logIndex=4189, commits[b5da6a4a-1459-46a4-9479-d2035163dbe2:c4189, 69c25b61-d669-4f17-b36d-41bca3df1f31:c4187, d2a7b1fa-fac6-4c6f-8c6d-9ac7414c70c3:c4187]
2019-07-14 04:23:54,373 INFO  client.GrpcClientProtocolClient (GrpcClientProtocolClient.java:onNext(255)) - client-8DB4338F17D0->b5da6a4a-1459-46a4-9479-d2035163dbe2: receive RaftClientReply:client-8DB4338F17D0->b5da6a4a-1459-46a4-9479-d2035163dbe2@group-4A9565783204, cid=2795, SUCCESS, logIndex=4190, commits[b5da6a4a-1459-46a4-9479-d2035163dbe2:c4190, 69c25b61-d669-4f17-b36d-41bca3df1f31:c4187, d2a7b1fa-fac6-4c6f-8c6d-9ac7414c70c3:c4187]
2019-07-14 04:23:54,374 INFO  client.GrpcClientProtocolClient (GrpcClientProtocolClient.java:onNext(255)) - client-8DB4338F17D0->b5da6a4a-1459-46a4-9479-d2035163dbe2: receive RaftClientReply:client-8DB4338F17D0->b5da6a4a-1459-46a4-9479-d2035163dbe2@group-4A9565783204, cid=2796, SUCCESS, logIndex=4191, commits[b5da6a4a-1459-46a4-9479-d2035163dbe2:c4193, 69c25b61-d669-4f17-b36d-41bca3df1f31:c4187, d2a7b1fa-fac6-4c6f-8c6d-9ac7414c70c3:c4189]
2019-07-14 04:23:54,375 INFO  client.GrpcClientProtocolClient (GrpcClientProtocolClient.java:onNext(255)) - client-8DB4338F17D0->b5da6a4a-1459-46a4-9479-d2035163dbe2: receive RaftClientReply:client-8DB4338F17D0->b5da6a4a-1459-46a4-9479-d2035163dbe2@group-4A9565783204, cid=2797, SUCCESS, logIndex=0, commits[b5da6a4a-1459-46a4-9479-d2035163dbe2:c4194, 69c25b61-d669-4f17-b36d-41bca3df1f31:c4189, d2a7b1fa-fac6-4c6f-8c6d-9ac7414c70c3:c4190]
2019-07-14 04:23:54,387 INFO  client.GrpcClientProtocolClient (GrpcClientProtocolClient.java:onNext(255)) - client-8DB4338F17D0->b5da6a4a-1459-46a4-9479-d2035163dbe2: receive RaftClientReply:client-8DB4338F17D0->b5da6a4a-1459-46a4-9479-d2035163dbe2@group-4A9565783204, cid=2798, SUCCESS, logIndex=4195, commits[b5da6a4a-1459-46a4-9479-d2035163dbe2:c4196, 69c25b61-d669-4f17-b36d-41bca3df1f31:c4190, d2a7b1fa-fac6-4c6f-8c6d-9ac7414c70c3:c4194]
2019-07-14 04:23:54,387 INFO  client.GrpcClientProtocolClient (GrpcClientProtocolClient.java:onNext(255)) - client-8DB4338F17D0->b5da6a4a-1459-46a4-9479-d2035163dbe2: receive RaftClientReply:client-8DB4338F17D0->b5da6a4a-1459-46a4-9479-d2035163dbe2@group-4A9565783204, cid=2799, SUCCESS, logIndex=4196, commits[b5da6a4a-1459-46a4-9479-d2035163dbe2:c4196, 69c25b61-d669-4f17-b36d-41bca3df1f31:c4194, d2a7b1fa-fac6-4c6f-8c6d-9ac7414c70c3:c4194]
2019-07-14 04:23:54,416 INFO  client.GrpcClientProtocolClient (GrpcClientProtocolClient.java:onNext(255)) - client-8DB4338F17D0->b5da6a4a-1459-46a4-9479-d2035163dbe2: receive RaftClientReply:client-8DB4338F17D0->b5da6a4a-1459-46a4-9479-d2035163dbe2@group-4A9565783204, cid=2800, SUCCESS, logIndex=4199, commits[b5da6a4a-1459-46a4-9479-d2035163dbe2:c4199, 69c25b61-d669-4f17-b36d-41bca3df1f31:c4198, d2a7b1fa-fac6-4c6f-8c6d-9ac7414c70c3:c4197]
2019-07-14 04:23:54,417 INFO  client.GrpcClientProtocolClient (GrpcClientProtocolClient.java:onNext(255)) - client-8DB4338F17D0->b5da6a4a-1459-46a4-9479-d2035163dbe2: receive RaftClientReply:client-8DB4338F17D0->b5da6a4a-1459-46a4-9479-d2035163dbe2@group-4A9565783204, cid=2801, SUCCESS, logIndex=4200, commits[b5da6a4a-1459-46a4-9479-d2035163dbe2:c4200, 69c25b61-d669-4f17-b36d-41bca3df1f31:c4198, d2a7b1fa-fac6-4c6f-8c6d-9ac7414c70c3:c4198]
2019-07-14 04:23:54,429 INFO  client.GrpcClientProtocolClient (GrpcClientProtocolClient.java:onNext(255)) - client-8DB4338F17D0->b5da6a4a-1459-46a4-9479-d2035163dbe2: receive RaftClientReply:client-8DB4338F17D0->b5da6a4a-1459-46a4-9479-d2035163dbe2@group-4A9565783204, cid=2802, SUCCESS, logIndex=0, commits[b5da6a4a-1459-46a4-9479-d2035163dbe2:c4202, 69c25b61-d669-4f17-b36d-41bca3df1f31:c4200, d2a7b1fa-fac6-4c6f-8c6d-9ac7414c70c3:c4200]
2019-07-14 04:23:54,460 INFO  client.GrpcClientProtocolClient (GrpcClientProtocolClient.java:onNext(255)) - client-8DB4338F17D0->b5da6a4a-1459-46a4-9479-d2035163dbe2: receive RaftClientReply:client-8DB4338F17D0->b5da6a4a-1459-46a4-9479-d2035163dbe2@group-4A9565783204, cid=2803, SUCCESS, logIndex=4203, commits[b5da6a4a-1459-46a4-9479-d2035163dbe2:c4203, 69c25b61-d669-4f17-b36d-41bca3df1f31:c4202, d2a7b1fa-fac6-4c6f-8c6d-9ac7414c70c3:c4202]
2019-07-14 04:23:54,461 INFO  client.GrpcClientProtocolClient (GrpcClientProtocolClient.java:onNext(255)) - client-8DB4338F17D0->b5da6a4a-1459-46a4-9479-d2035163dbe2: receive RaftClientReply:client-8DB4338F17D0->b5da6a4a-1459-46a4-9479-d2035163dbe2@group-4A9565783204, cid=2804, SUCCESS, logIndex=4204, commits[b5da6a4a-1459-46a4-9479-d2035163dbe2:c4204, 69c25b61-d669-4f17-b36d-41bca3df1f31:c4202, d2a7b1fa-fac6-4c6f-8c6d-9ac7414c70c3:c4202]
2019-07-14 04:23:54,461 INFO  client.GrpcClientProtocolClient (GrpcClientProtocolClient.java:onNext(255)) - client-8DB4338F17D0->b5da6a4a-1459-46a4-9479-d2035163dbe2: receive RaftClientReply:client-8DB4338F17D0->b5da6a4a-1459-46a4-9479-d2035163dbe2@group-4A9565783204, cid=2805, SUCCESS, logIndex=4205, commits[b5da6a4a-1459-46a4-9479-d2035163dbe2:c4206, 69c25b61-d669-4f17-b36d-41bca3df1f31:c4202, d2a7b1fa-fac6-4c6f-8c6d-9ac7414c70c3:c4202]
2019-07-14 04:23:54,462 INFO  client.GrpcClientProtocolClient (GrpcClientProtocolClient.java:onNext(255)) - client-8DB4338F17D0->b5da6a4a-1459-46a4-9479-d2035163dbe2: receive RaftClientReply:client-8DB4338F17D0->b5da6a4a-1459-46a4-9479-d2035163dbe2@group-4A9565783204, cid=2806, SUCCESS, logIndex=4206, commits[b5da6a4a-1459-46a4-9479-d2035163dbe2:c4206, 69c25b61-d669-4f17-b36d-41bca3df1f31:c4202, d2a7b1fa-fac6-4c6f-8c6d-9ac7414c70c3:c4202]
2019-07-14 04:23:54,466 INFO  client.GrpcClientProtocolClient (GrpcClientProtocolClient.java:onNext(255)) - client-8DB4338F17D0->b5da6a4a-1459-46a4-9479-d2035163dbe2: receive RaftClientReply:client-8DB4338F17D0->b5da6a4a-1459-46a4-9479-d2035163dbe2@group-4A9565783204, cid=2807, SUCCESS, logIndex=0, commits[b5da6a4a-1459-46a4-9479-d2035163dbe2:c4208, 69c25b61-d669-4f17-b36d-41bca3df1f31:c4204, d2a7b1fa-fac6-4c6f-8c6d-9ac7414c70c3:c4204]
2019-07-14 04:23:54,485 INFO  client.GrpcClientProtocolClient (GrpcClientProtocolClient.java:onNext(255)) - client-8DB4338F17D0->b5da6a4a-1459-46a4-9479-d2035163dbe2: receive RaftClientReply:client-8DB4338F17D0->b5da6a4a-1459-46a4-9479-d2035163dbe2@group-4A9565783204, cid=2808, SUCCESS, logIndex=4211, commits[b5da6a4a-1459-46a4-9479-d2035163dbe2:c4212, 69c25b61-d669-4f17-b36d-41bca3df1f31:c4206, d2a7b1fa-fac6-4c6f-8c6d-9ac7414c70c3:c4210]
2019-07-14 04:23:54,486 INFO  client.GrpcClientProtocolClient (GrpcClientProtocolClient.java:onNext(255)) - client-8DB4338F17D0->b5da6a4a-1459-46a4-9479-d2035163dbe2: receive RaftClientReply:client-8DB4338F17D0->b5da6a4a-1459-46a4-9479-d2035163dbe2@group-4A9565783204, cid=2809, SUCCESS, logIndex=4212, commits[b5da6a4a-1459-46a4-9479-d2035163dbe2:c4212, 69c25b61-d669-4f17-b36d-41bca3df1f31:c4210, d2a7b1fa-fac6-4c6f-8c6d-9ac7414c70c3:c4210]
2019-07-14 04:23:54,498 INFO  client.GrpcClientProtocolClient (GrpcClientProtocolClient.java:onNext(255)) - client-8DB4338F17D0->b5da6a4a-1459-46a4-9479-d2035163dbe2: receive RaftClientReply:client-8DB4338F17D0->b5da6a4a-1459-46a4-9479-d2035163dbe2@group-4A9565783204, cid=2810, SUCCESS, logIndex=4215, commits[b5da6a4a-1459-46a4-9479-d2035163dbe2:c4216, 69c25b61-d669-4f17-b36d-41bca3df1f31:c4214, d2a7b1fa-fac6-4c6f-8c6d-9ac7414c70c3:c4214]
2019-07-14 04:23:54,498 INFO  client.GrpcClientProtocolClient (GrpcClientProtocolClient.java:onNext(255)) - client-8DB4338F17D0->b5da6a4a-1459-46a4-9479-d2035163dbe2: receive RaftClientReply:client-8DB4338F17D0->b5da6a4a-1459-46a4-9479-d2035163dbe2@group-4A9565783204, cid=2811, SUCCESS, logIndex=4216, commits[b5da6a4a-1459-46a4-9479-d2035163dbe2:c4216, 69c25b61-d669-4f17-b36d-41bca3df1f31:c4214, d2a7b1fa-fac6-4c6f-8c6d-9ac7414c70c3:c4214]
2019-07-14 04:23:54,503 INFO  client.GrpcClientProtocolClient (GrpcClientProtocolClient.java:onNext(255)) - client-8DB4338F17D0->b5da6a4a-1459-46a4-9479-d2035163dbe2: receive RaftClientReply:client-8DB4338F17D0->b5da6a4a-1459-46a4-9479-d2035163dbe2@group-4A9565783204, cid=2812, SUCCESS, logIndex=0, commits[b5da6a4a-1459-46a4-9479-d2035163dbe2:c4218, 69c25b61-d669-4f17-b36d-41bca3df1f31:c4216, d2a7b1fa-fac6-4c6f-8c6d-9ac7414c70c3:c4216]
2019-07-14 04:23:54,528 INFO  client.GrpcClientProtocolClient (GrpcClientProtocolClient.java:onNext(255)) - client-8DB4338F17D0->b5da6a4a-1459-46a4-9479-d2035163dbe2: receive RaftClientReply:client-8DB4338F17D0->b5da6a4a-1459-46a4-9479-d2035163dbe2@group-4A9565783204, cid=2813, SUCCESS, logIndex=4219, commits[b5da6a4a-1459-46a4-9479-d2035163dbe2:c4220, 69c25b61-d669-4f17-b36d-41bca3df1f31:c4216, d2a7b1fa-fac6-4c6f-8c6d-9ac7414c70c3:c4218]
2019-07-14 04:23:54,528 INFO  client.GrpcClientProtocolClient (GrpcClientProtocolClient.java:onNext(255)) - client-8DB4338F17D0->b5da6a4a-1459-46a4-9479-d2035163dbe2: receive RaftClientReply:client-8DB4338F17D0->b5da6a4a-1459-46a4-9479-d2035163dbe2@group-4A9565783204, cid=2814, SUCCESS, logIndex=4220, commits[b5da6a4a-1459-46a4-9479-d2035163dbe2:c4220, 69c25b61-d669-4f17-b36d-41bca3df1f31:c4216, d2a7b1fa-fac6-4c6f-8c6d-9ac7414c70c3:c4218]
2019-07-14 04:23:54,657 INFO  client.GrpcClientProtocolClient (GrpcClientProtocolClient.java:onNext(255)) - client-8DB4338F17D0->b5da6a4a-1459-46a4-9479-d2035163dbe2: receive RaftClientReply:client-8DB4338F17D0->b5da6a4a-1459-46a4-9479-d2035163dbe2@group-4A9565783204, cid=2815, SUCCESS, logIndex=4221, commits[b5da6a4a-1459-46a4-9479-d2035163dbe2:c4222, 69c25b61-d669-4f17-b36d-41bca3df1f31:c4216, d2a7b1fa-fac6-4c6f-8c6d-9ac7414c70c3:c4218]
2019-07-14 04:23:54,657 INFO  client.GrpcClientProtocolClient (GrpcClientProtocolClient.java:onNext(255)) - client-8DB4338F17D0->b5da6a4a-1459-46a4-9479-d2035163dbe2: receive RaftClientReply:client-8DB4338F17D0->b5da6a4a-1459-46a4-9479-d2035163dbe2@group-4A9565783204, cid=2816, SUCCESS, logIndex=4222, commits[b5da6a4a-1459-46a4-9479-d2035163dbe2:c4222, 69c25b61-d669-4f17-b36d-41bca3df1f31:c4218, d2a7b1fa-fac6-4c6f-8c6d-9ac7414c70c3:c4218]
2019-07-14 04:23:54,667 INFO  client.GrpcClientProtocolClient (GrpcClientProtocolClient.java:onNext(255)) - client-8DB4338F17D0->b5da6a4a-1459-46a4-9479-d2035163dbe2: receive RaftClientReply:client-8DB4338F17D0->b5da6a4a-1459-46a4-9479-d2035163dbe2@group-4A9565783204, cid=2817, SUCCESS, logIndex=0, commits[b5da6a4a-1459-46a4-9479-d2035163dbe2:c4224, 69c25b61-d669-4f17-b36d-41bca3df1f31:c4220, d2a7b1fa-fac6-4c6f-8c6d-9ac7414c70c3:c4220]
2019-07-14 04:23:54,688 INFO  client.GrpcClientProtocolClient (GrpcClientProtocolClient.java:onNext(255)) - client-8DB4338F17D0->b5da6a4a-1459-46a4-9479-d2035163dbe2: receive RaftClientReply:client-8DB4338F17D0->b5da6a4a-1459-46a4-9479-d2035163dbe2@group-4A9565783204, cid=2818, SUCCESS, logIndex=4227, commits[b5da6a4a-1459-46a4-9479-d2035163dbe2:c4228, 69c25b61-d669-4f17-b36d-41bca3df1f31:c4226, d2a7b1fa-fac6-4c6f-8c6d-9ac7414c70c3:c4226]
2019-07-14 04:23:54,689 INFO  client.GrpcClientProtocolClient (GrpcClientProtocolClient.java:onNext(255)) - client-8DB4338F17D0->b5da6a4a-1459-46a4-9479-d2035163dbe2: receive RaftClientReply:client-8DB4338F17D0->b5da6a4a-1459-46a4-9479-d2035163dbe2@group-4A9565783204, cid=2819, SUCCESS, logIndex=4228, commits[b5da6a4a-1459-46a4-9479-d2035163dbe2:c4228, 69c25b61-d669-4f17-b36d-41bca3df1f31:c4226, d2a7b1fa-fac6-4c6f-8c6d-9ac7414c70c3:c4226]
2019-07-14 04:23:54,703 INFO  client.GrpcClientProtocolClient (GrpcClientProtocolClient.java:onNext(255)) - client-8DB4338F17D0->b5da6a4a-1459-46a4-9479-d2035163dbe2: receive RaftClientReply:client-8DB4338F17D0->b5da6a4a-1459-46a4-9479-d2035163dbe2@group-4A9565783204, cid=2820, SUCCESS, logIndex=4231, commits[b5da6a4a-1459-46a4-9479-d2035163dbe2:c4232, 69c25b61-d669-4f17-b36d-41bca3df1f31:c4228, d2a7b1fa-fac6-4c6f-8c6d-9ac7414c70c3:c4228]
2019-07-14 04:23:54,704 INFO  client.GrpcClientProtocolClient (GrpcClientProtocolClient.java:onNext(255)) - client-8DB4338F17D0->b5da6a4a-1459-46a4-9479-d2035163dbe2: receive RaftClientReply:client-8DB4338F17D0->b5da6a4a-1459-46a4-9479-d2035163dbe2@group-4A9565783204, cid=2821, SUCCESS, logIndex=4232, commits[b5da6a4a-1459-46a4-9479-d2035163dbe2:c4232, 69c25b61-d669-4f17-b36d-41bca3df1f31:c4228, d2a7b1fa-fac6-4c6f-8c6d-9ac7414c70c3:c4228]
2019-07-14 04:23:54,705 INFO  client.GrpcClientProtocolClient (GrpcClientProtocolClient.java:onNext(255)) - client-8DB4338F17D0->b5da6a4a-1459-46a4-9479-d2035163dbe2: receive RaftClientReply:client-8DB4338F17D0->b5da6a4a-1459-46a4-9479-d2035163dbe2@group-4A9565783204, cid=2822, SUCCESS, logIndex=0, commits[b5da6a4a-1459-46a4-9479-d2035163dbe2:c4233, 69c25b61-d669-4f17-b36d-41bca3df1f31:c4232, d2a7b1fa-fac6-4c6f-8c6d-9ac7414c70c3:c4232]
2019-07-14 04:23:54,735 INFO  client.GrpcClientProtocolClient (GrpcClientProtocolClient.java:onNext(255)) - client-8DB4338F17D0->b5da6a4a-1459-46a4-9479-d2035163dbe2: receive RaftClientReply:client-8DB4338F17D0->b5da6a4a-1459-46a4-9479-d2035163dbe2@group-4A9565783204, cid=2823, SUCCESS, logIndex=4235, commits[b5da6a4a-1459-46a4-9479-d2035163dbe2:c4236, 69c25b61-d669-4f17-b36d-41bca3df1f31:c4234, d2a7b1fa-fac6-4c6f-8c6d-9ac7414c70c3:c4234]
2019-07-14 04:23:54,736 INFO  client.GrpcClientProtocolClient (GrpcClientProtocolClient.java:onNext(255)) - client-8DB4338F17D0->b5da6a4a-1459-46a4-9479-d2035163dbe2: receive RaftClientReply:client-8DB4338F17D0->b5da6a4a-1459-46a4-9479-d2035163dbe2@group-4A9565783204, cid=2824, SUCCESS, logIndex=4236, commits[b5da6a4a-1459-46a4-9479-d2035163dbe2:c4236, 69c25b61-d669-4f17-b36d-41bca3df1f31:c4234, d2a7b1fa-fac6-4c6f-8c6d-9ac7414c70c3:c4234]
2019-07-14 04:23:54,736 INFO  client.GrpcClientProtocolClient (GrpcClientProtocolClient.java:onNext(255)) - client-8DB4338F17D0->b5da6a4a-1459-46a4-9479-d2035163dbe2: receive RaftClientReply:client-8DB4338F17D0->b5da6a4a-1459-46a4-9479-d2035163dbe2@group-4A9565783204, cid=2825, SUCCESS, logIndex=4237, commits[b5da6a4a-1459-46a4-9479-d2035163dbe2:c4238, 69c25b61-d669-4f17-b36d-41bca3df1f31:c4234, d2a7b1fa-fac6-4c6f-8c6d-9ac7414c70c3:c4234]
2019-07-14 04:23:54,737 INFO  client.GrpcClientProtocolClient (GrpcClientProtocolClient.java:onNext(255)) - client-8DB4338F17D0->b5da6a4a-1459-46a4-9479-d2035163dbe2: receive RaftClientReply:client-8DB4338F17D0->b5da6a4a-1459-46a4-9479-d2035163dbe2@group-4A9565783204, cid=2826, SUCCESS, logIndex=4238, commits[b5da6a4a-1459-46a4-9479-d2035163dbe2:c4238, 69c25b61-d669-4f17-b36d-41bca3df1f31:c4234, d2a7b1fa-fac6-4c6f-8c6d-9ac7414c70c3:c4234]
2019-07-14 04:23:54,740 INFO  client.GrpcClientProtocolClient (GrpcClientProtocolClient.java:onNext(255)) - client-8DB4338F17D0->b5da6a4a-1459-46a4-9479-d2035163dbe2: receive RaftClientReply:client-8DB4338F17D0->b5da6a4a-1459-46a4-9479-d2035163dbe2@group-4A9565783204, cid=2827, SUCCESS, logIndex=0, commits[b5da6a4a-1459-46a4-9479-d2035163dbe2:c4240, 69c25b61-d669-4f17-b36d-41bca3df1f31:c4236, d2a7b1fa-fac6-4c6f-8c6d-9ac7414c70c3:c4236]
2019-07-14 04:23:54,752 INFO  client.GrpcClientProtocolClient (GrpcClientProtocolClient.java:onNext(255)) - client-8DB4338F17D0->b5da6a4a-1459-46a4-9479-d2035163dbe2: receive RaftClientReply:client-8DB4338F17D0->b5da6a4a-1459-46a4-9479-d2035163dbe2@group-4A9565783204, cid=2828, SUCCESS, logIndex=4243, commits[b5da6a4a-1459-46a4-9479-d2035163dbe2:c4244, 69c25b61-d669-4f17-b36d-41bca3df1f31:c4238, d2a7b1fa-fac6-4c6f-8c6d-9ac7414c70c3:c4242]
2019-07-14 04:23:54,752 INFO  client.GrpcClientProtocolClient (GrpcClientProtocolClient.java:onNext(255)) - client-8DB4338F17D0->b5da6a4a-1459-46a4-9479-d2035163dbe2: receive RaftClientReply:client-8DB4338F17D0->b5da6a4a-1459-46a4-9479-d2035163dbe2@group-4A9565783204, cid=2829, SUCCESS, logIndex=4244, commits[b5da6a4a-1459-46a4-9479-d2035163dbe2:c4244, 69c25b61-d669-4f17-b36d-41bca3df1f31:c4242, d2a7b1fa-fac6-4c6f-8c6d-9ac7414c70c3:c4242]
2019-07-14 04:23:54,778 INFO  client.GrpcClientProtocolClient (GrpcClientProtocolClient.java:onNext(255)) - client-8DB4338F17D0->b5da6a4a-1459-46a4-9479-d2035163dbe2: receive RaftClientReply:client-8DB4338F17D0->b5da6a4a-1459-46a4-9479-d2035163dbe2@group-4A9565783204, cid=2830, SUCCESS, logIndex=4247, commits[b5da6a4a-1459-46a4-9479-d2035163dbe2:c4248, 69c25b61-d669-4f17-b36d-41bca3df1f31:c4246, d2a7b1fa-fac6-4c6f-8c6d-9ac7414c70c3:c4246]
2019-07-14 04:23:54,778 INFO  client.GrpcClientProtocolClient (GrpcClientProtocolClient.java:onNext(255)) - client-8DB4338F17D0->b5da6a4a-1459-46a4-9479-d2035163dbe2: receive RaftClientReply:client-8DB4338F17D0->b5da6a4a-1459-46a4-9479-d2035163dbe2@group-4A9565783204, cid=2831, SUCCESS, logIndex=4248, commits[b5da6a4a-1459-46a4-9479-d2035163dbe2:c4248, 69c25b61-d669-4f17-b36d-41bca3df1f31:c4246, d2a7b1fa-fac6-4c6f-8c6d-9ac7414c70c3:c4246]
2019-07-14 04:23:54,780 INFO  client.GrpcClientProtocolClient (GrpcClientProtocolClient.java:onNext(255)) - client-8DB4338F17D0->b5da6a4a-1459-46a4-9479-d2035163dbe2: receive RaftClientReply:client-8DB4338F17D0->b5da6a4a-1459-46a4-9479-d2035163dbe2@group-4A9565783204, cid=2832, SUCCESS, logIndex=0, commits[b5da6a4a-1459-46a4-9479-d2035163dbe2:c4249, 69c25b61-d669-4f17-b36d-41bca3df1f31:c4248, d2a7b1fa-fac6-4c6f-8c6d-9ac7414c70c3:c4248]
2019-07-14 04:23:54,802 INFO  client.GrpcClientProtocolClient (GrpcClientProtocolClient.java:onNext(255)) - client-8DB4338F17D0->b5da6a4a-1459-46a4-9479-d2035163dbe2: receive RaftClientReply:client-8DB4338F17D0->b5da6a4a-1459-46a4-9479-d2035163dbe2@group-4A9565783204, cid=2833, SUCCESS, logIndex=4251, commits[b5da6a4a-1459-46a4-9479-d2035163dbe2:c4251, 69c25b61-d669-4f17-b36d-41bca3df1f31:c4250, d2a7b1fa-fac6-4c6f-8c6d-9ac7414c70c3:c4250]
2019-07-14 04:23:54,803 INFO  client.GrpcClientProtocolClient (GrpcClientProtocolClient.java:onNext(255)) - client-8DB4338F17D0->b5da6a4a-1459-46a4-9479-d2035163dbe2: receive RaftClientReply:client-8DB4338F17D0->b5da6a4a-1459-46a4-9479-d2035163dbe2@group-4A9565783204, cid=2834, SUCCESS, logIndex=4252, commits[b5da6a4a-1459-46a4-9479-d2035163dbe2:c4252, 69c25b61-d669-4f17-b36d-41bca3df1f31:c4250, d2a7b1fa-fac6-4c6f-8c6d-9ac7414c70c3:c4250]
2019-07-14 04:23:54,813 INFO  client.GrpcClientProtocolClient (GrpcClientProtocolClient.java:onNext(255)) - client-8DB4338F17D0->b5da6a4a-1459-46a4-9479-d2035163dbe2: receive RaftClientReply:client-8DB4338F17D0->b5da6a4a-1459-46a4-9479-d2035163dbe2@group-4A9565783204, cid=2835, SUCCESS, logIndex=4253, commits[b5da6a4a-1459-46a4-9479-d2035163dbe2:c4254, 69c25b61-d669-4f17-b36d-41bca3df1f31:c4250, d2a7b1fa-fac6-4c6f-8c6d-9ac7414c70c3:c4250]
2019-07-14 04:23:54,813 INFO  client.GrpcClientProtocolClient (GrpcClientProtocolClient.java:onNext(255)) - client-8DB4338F17D0->b5da6a4a-1459-46a4-9479-d2035163dbe2: receive RaftClientReply:client-8DB4338F17D0->b5da6a4a-1459-46a4-9479-d2035163dbe2@group-4A9565783204, cid=2836, SUCCESS, logIndex=4254, commits[b5da6a4a-1459-46a4-9479-d2035163dbe2:c4254, 69c25b61-d669-4f17-b36d-41bca3df1f31:c4250, d2a7b1fa-fac6-4c6f-8c6d-9ac7414c70c3:c4250]
2019-07-14 04:23:54,816 INFO  client.GrpcClientProtocolClient (GrpcClientProtocolClient.java:onNext(255)) - client-8DB4338F17D0->b5da6a4a-1459-46a4-9479-d2035163dbe2: receive RaftClientReply:client-8DB4338F17D0->b5da6a4a-1459-46a4-9479-d2035163dbe2@group-4A9565783204, cid=2837, SUCCESS, logIndex=0, commits[b5da6a4a-1459-46a4-9479-d2035163dbe2:c4256, 69c25b61-d669-4f17-b36d-41bca3df1f31:c4252, d2a7b1fa-fac6-4c6f-8c6d-9ac7414c70c3:c4252]
2019-07-14 04:23:54,830 INFO  client.GrpcClientProtocolClient (GrpcClientProtocolClient.java:onNext(255)) - client-8DB4338F17D0->b5da6a4a-1459-46a4-9479-d2035163dbe2: receive RaftClientReply:client-8DB4338F17D0->b5da6a4a-1459-46a4-9479-d2035163dbe2@group-4A9565783204, cid=2838, SUCCESS, logIndex=4259, commits[b5da6a4a-1459-46a4-9479-d2035163dbe2:c4260, 69c25b61-d669-4f17-b36d-41bca3df1f31:c4258, d2a7b1fa-fac6-4c6f-8c6d-9ac7414c70c3:c4258]
2019-07-14 04:23:54,830 INFO  client.GrpcClientProtocolClient (GrpcClientProtocolClient.java:onNext(255)) - client-8DB4338F17D0->b5da6a4a-1459-46a4-9479-d2035163dbe2: receive RaftClientReply:client-8DB4338F17D0->b5da6a4a-1459-46a4-9479-d2035163dbe2@group-4A9565783204, cid=2839, SUCCESS, logIndex=4260, commits[b5da6a4a-1459-46a4-9479-d2035163dbe2:c4260, 69c25b61-d669-4f17-b36d-41bca3df1f31:c4258, d2a7b1fa-fac6-4c6f-8c6d-9ac7414c70c3:c4258]
2019-07-14 04:23:54,850 INFO  client.GrpcClientProtocolClient (GrpcClientProtocolClient.java:onNext(255)) - client-8DB4338F17D0->b5da6a4a-1459-46a4-9479-d2035163dbe2: receive RaftClientReply:client-8DB4338F17D0->b5da6a4a-1459-46a4-9479-d2035163dbe2@group-4A9565783204, cid=2840, SUCCESS, logIndex=4263, commits[b5da6a4a-1459-46a4-9479-d2035163dbe2:c4264, 69c25b61-d669-4f17-b36d-41bca3df1f31:c4262, d2a7b1fa-fac6-4c6f-8c6d-9ac7414c70c3:c4262]
2019-07-14 04:23:54,850 INFO  client.GrpcClientProtocolClient (GrpcClientProtocolClient.java:onNext(255)) - client-8DB4338F17D0->b5da6a4a-1459-46a4-9479-d2035163dbe2: receive RaftClientReply:client-8DB4338F17D0->b5da6a4a-1459-46a4-9479-d2035163dbe2@group-4A9565783204, cid=2841, SUCCESS, logIndex=4264, commits[b5da6a4a-1459-46a4-9479-d2035163dbe2:c4264, 69c25b61-d669-4f17-b36d-41bca3df1f31:c4262, d2a7b1fa-fac6-4c6f-8c6d-9ac7414c70c3:c4262]
2019-07-14 04:23:54,853 INFO  client.GrpcClientProtocolClient (GrpcClientProtocolClient.java:onNext(255)) - client-8DB4338F17D0->b5da6a4a-1459-46a4-9479-d2035163dbe2: receive RaftClientReply:client-8DB4338F17D0->b5da6a4a-1459-46a4-9479-d2035163dbe2@group-4A9565783204, cid=2842, SUCCESS, logIndex=0, commits[b5da6a4a-1459-46a4-9479-d2035163dbe2:c4265, 69c25b61-d669-4f17-b36d-41bca3df1f31:c4264, d2a7b1fa-fac6-4c6f-8c6d-9ac7414c70c3:c4264]
2019-07-14 04:23:54,873 INFO  client.GrpcClientProtocolClient (GrpcClientProtocolClient.java:onNext(255)) - client-8DB4338F17D0->b5da6a4a-1459-46a4-9479-d2035163dbe2: receive RaftClientReply:client-8DB4338F17D0->b5da6a4a-1459-46a4-9479-d2035163dbe2@group-4A9565783204, cid=2843, SUCCESS, logIndex=4267, commits[b5da6a4a-1459-46a4-9479-d2035163dbe2:c4268, 69c25b61-d669-4f17-b36d-41bca3df1f31:c4266, d2a7b1fa-fac6-4c6f-8c6d-9ac7414c70c3:c4264]
2019-07-14 04:23:54,873 INFO  client.GrpcClientProtocolClient (GrpcClientProtocolClient.java:onNext(255)) - client-8DB4338F17D0->b5da6a4a-1459-46a4-9479-d2035163dbe2: receive RaftClientReply:client-8DB4338F17D0->b5da6a4a-1459-46a4-9479-d2035163dbe2@group-4A9565783204, cid=2844, SUCCESS, logIndex=4268, commits[b5da6a4a-1459-46a4-9479-d2035163dbe2:c4268, 69c25b61-d669-4f17-b36d-41bca3df1f31:c4266, d2a7b1fa-fac6-4c6f-8c6d-9ac7414c70c3:c4266]
2019-07-14 04:23:54,876 INFO  client.GrpcClientProtocolClient (GrpcClientProtocolClient.java:onNext(255)) - client-8DB4338F17D0->b5da6a4a-1459-46a4-9479-d2035163dbe2: receive RaftClientReply:client-8DB4338F17D0->b5da6a4a-1459-46a4-9479-d2035163dbe2@group-4A9565783204, cid=2845, SUCCESS, logIndex=4269, commits[b5da6a4a-1459-46a4-9479-d2035163dbe2:c4270, 69c25b61-d669-4f17-b36d-41bca3df1f31:c4266, d2a7b1fa-fac6-4c6f-8c6d-9ac7414c70c3:c4266]
2019-07-14 04:23:54,876 INFO  client.GrpcClientProtocolClient (GrpcClientProtocolClient.java:onNext(255)) - client-8DB4338F17D0->b5da6a4a-1459-46a4-9479-d2035163dbe2: receive RaftClientReply:client-8DB4338F17D0->b5da6a4a-1459-46a4-9479-d2035163dbe2@group-4A9565783204, cid=2846, SUCCESS, logIndex=4270, commits[b5da6a4a-1459-46a4-9479-d2035163dbe2:c4270, 69c25b61-d669-4f17-b36d-41bca3df1f31:c4266, d2a7b1fa-fac6-4c6f-8c6d-9ac7414c70c3:c4266]
2019-07-14 04:23:54,878 INFO  client.GrpcClientProtocolClient (GrpcClientProtocolClient.java:onNext(255)) - client-8DB4338F17D0->b5da6a4a-1459-46a4-9479-d2035163dbe2: receive RaftClientReply:client-8DB4338F17D0->b5da6a4a-1459-46a4-9479-d2035163dbe2@group-4A9565783204, cid=2847, SUCCESS, logIndex=0, commits[b5da6a4a-1459-46a4-9479-d2035163dbe2:c4272, 69c25b61-d669-4f17-b36d-41bca3df1f31:c4268, d2a7b1fa-fac6-4c6f-8c6d-9ac7414c70c3:c4268]
2019-07-14 04:23:54,888 INFO  client.GrpcClientProtocolClient (GrpcClientProtocolClient.java:onNext(255)) - client-8DB4338F17D0->b5da6a4a-1459-46a4-9479-d2035163dbe2: receive RaftClientReply:client-8DB4338F17D0->b5da6a4a-1459-46a4-9479-d2035163dbe2@group-4A9565783204, cid=2848, SUCCESS, logIndex=4275, commits[b5da6a4a-1459-46a4-9479-d2035163dbe2:c4276, 69c25b61-d669-4f17-b36d-41bca3df1f31:c4274, d2a7b1fa-fac6-4c6f-8c6d-9ac7414c70c3:c4274]
2019-07-14 04:23:54,888 INFO  client.GrpcClientProtocolClient (GrpcClientProtocolClient.java:onNext(255)) - client-8DB4338F17D0->b5da6a4a-1459-46a4-9479-d2035163dbe2: receive RaftClientReply:client-8DB4338F17D0->b5da6a4a-1459-46a4-9479-d2035163dbe2@group-4A9565783204, cid=2849, SUCCESS, logIndex=4276, commits[b5da6a4a-1459-46a4-9479-d2035163dbe2:c4276, 69c25b61-d669-4f17-b36d-41bca3df1f31:c4274, d2a7b1fa-fac6-4c6f-8c6d-9ac7414c70c3:c4274]
2019-07-14 04:23:54,898 INFO  client.GrpcClientProtocolClient (GrpcClientProtocolClient.java:onNext(255)) - client-8DB4338F17D0->b5da6a4a-1459-46a4-9479-d2035163dbe2: receive RaftClientReply:client-8DB4338F17D0->b5da6a4a-1459-46a4-9479-d2035163dbe2@group-4A9565783204, cid=2850, SUCCESS, logIndex=4279, commits[b5da6a4a-1459-46a4-9479-d2035163dbe2:c4280, 69c25b61-d669-4f17-b36d-41bca3df1f31:c4276, d2a7b1fa-fac6-4c6f-8c6d-9ac7414c70c3:c4278]
2019-07-14 04:23:54,898 INFO  client.GrpcClientProtocolClient (GrpcClientProtocolClient.java:onNext(255)) - client-8DB4338F17D0->b5da6a4a-1459-46a4-9479-d2035163dbe2: receive RaftClientReply:client-8DB4338F17D0->b5da6a4a-1459-46a4-9479-d2035163dbe2@group-4A9565783204, cid=2851, SUCCESS, logIndex=4280, commits[b5da6a4a-1459-46a4-9479-d2035163dbe2:c4280, 69c25b61-d669-4f17-b36d-41bca3df1f31:c4278, d2a7b1fa-fac6-4c6f-8c6d-9ac7414c70c3:c4278]
2019-07-14 04:23:54,900 INFO  client.GrpcClientProtocolClient (GrpcClientProtocolClient.java:onNext(255)) - client-8DB4338F17D0->b5da6a4a-1459-46a4-9479-d2035163dbe2: receive RaftClientReply:client-8DB4338F17D0->b5da6a4a-1459-46a4-9479-d2035163dbe2@group-4A9565783204, cid=2852, SUCCESS, logIndex=0, commits[b5da6a4a-1459-46a4-9479-d2035163dbe2:c4281, 69c25b61-d669-4f17-b36d-41bca3df1f31:c4280, d2a7b1fa-fac6-4c6f-8c6d-9ac7414c70c3:c4280]
2019-07-14 04:23:54,975 INFO  client.GrpcClientProtocolClient (GrpcClientProtocolClient.java:onNext(255)) - client-8DB4338F17D0->b5da6a4a-1459-46a4-9479-d2035163dbe2: receive RaftClientReply:client-8DB4338F17D0->b5da6a4a-1459-46a4-9479-d2035163dbe2@group-4A9565783204, cid=2853, SUCCESS, logIndex=4283, commits[b5da6a4a-1459-46a4-9479-d2035163dbe2:c4284, 69c25b61-d669-4f17-b36d-41bca3df1f31:c4282, d2a7b1fa-fac6-4c6f-8c6d-9ac7414c70c3:c4282]
2019-07-14 04:23:54,975 INFO  client.GrpcClientProtocolClient (GrpcClientProtocolClient.java:onNext(255)) - client-8DB4338F17D0->b5da6a4a-1459-46a4-9479-d2035163dbe2: receive RaftClientReply:client-8DB4338F17D0->b5da6a4a-1459-46a4-9479-d2035163dbe2@group-4A9565783204, cid=2854, SUCCESS, logIndex=4284, commits[b5da6a4a-1459-46a4-9479-d2035163dbe2:c4284, 69c25b61-d669-4f17-b36d-41bca3df1f31:c4282, d2a7b1fa-fac6-4c6f-8c6d-9ac7414c70c3:c4282]
2019-07-14 04:23:54,976 INFO  client.GrpcClientProtocolClient (GrpcClientProtocolClient.java:onNext(255)) - client-8DB4338F17D0->b5da6a4a-1459-46a4-9479-d2035163dbe2: receive RaftClientReply:client-8DB4338F17D0->b5da6a4a-1459-46a4-9479-d2035163dbe2@group-4A9565783204, cid=2855, SUCCESS, logIndex=4285, commits[b5da6a4a-1459-46a4-9479-d2035163dbe2:c4286, 69c25b61-d669-4f17-b36d-41bca3df1f31:c4282, d2a7b1fa-fac6-4c6f-8c6d-9ac7414c70c3:c4282]
2019-07-14 04:23:54,977 INFO  client.GrpcClientProtocolClient (GrpcClientProtocolClient.java:onNext(255)) - client-8DB4338F17D0->b5da6a4a-1459-46a4-9479-d2035163dbe2: receive RaftClientReply:client-8DB4338F17D0->b5da6a4a-1459-46a4-9479-d2035163dbe2@group-4A9565783204, cid=2856, SUCCESS, logIndex=4286, commits[b5da6a4a-1459-46a4-9479-d2035163dbe2:c4286, 69c25b61-d669-4f17-b36d-41bca3df1f31:c4282, d2a7b1fa-fac6-4c6f-8c6d-9ac7414c70c3:c4282]
2019-07-14 04:23:54,979 INFO  client.GrpcClientProtocolClient (GrpcClientProtocolClient.java:onNext(255)) - client-8DB4338F17D0->b5da6a4a-1459-46a4-9479-d2035163dbe2: receive RaftClientReply:client-8DB4338F17D0->b5da6a4a-1459-46a4-9479-d2035163dbe2@group-4A9565783204, cid=2857, SUCCESS, logIndex=0, commits[b5da6a4a-1459-46a4-9479-d2035163dbe2:c4288, 69c25b61-d669-4f17-b36d-41bca3df1f31:c4284, d2a7b1fa-fac6-4c6f-8c6d-9ac7414c70c3:c4284]
2019-07-14 04:23:54,991 INFO  client.GrpcClientProtocolClient (GrpcClientProtocolClient.java:onNext(255)) - client-8DB4338F17D0->b5da6a4a-1459-46a4-9479-d2035163dbe2: receive RaftClientReply:client-8DB4338F17D0->b5da6a4a-1459-46a4-9479-d2035163dbe2@group-4A9565783204, cid=2858, SUCCESS, logIndex=4291, commits[b5da6a4a-1459-46a4-9479-d2035163dbe2:c4292, 69c25b61-d669-4f17-b36d-41bca3df1f31:c4290, d2a7b1fa-fac6-4c6f-8c6d-9ac7414c70c3:c4286]
2019-07-14 04:23:54,991 INFO  client.GrpcClientProtocolClient (GrpcClientProtocolClient.java:onNext(255)) - client-8DB4338F17D0->b5da6a4a-1459-46a4-9479-d2035163dbe2: receive RaftClientReply:client-8DB4338F17D0->b5da6a4a-1459-46a4-9479-d2035163dbe2@group-4A9565783204, cid=2859, SUCCESS, logIndex=4292, commits[b5da6a4a-1459-46a4-9479-d2035163dbe2:c4292, 69c25b61-d669-4f17-b36d-41bca3df1f31:c4290, d2a7b1fa-fac6-4c6f-8c6d-9ac7414c70c3:c4290]
2019-07-14 04:23:55,002 INFO  client.GrpcClientProtocolClient (GrpcClientProtocolClient.java:onNext(255)) - client-8DB4338F17D0->b5da6a4a-1459-46a4-9479-d2035163dbe2: receive RaftClientReply:client-8DB4338F17D0->b5da6a4a-1459-46a4-9479-d2035163dbe2@group-4A9565783204, cid=2860, SUCCESS, logIndex=4295, commits[b5da6a4a-1459-46a4-9479-d2035163dbe2:c4296, 69c25b61-d669-4f17-b36d-41bca3df1f31:c4292, d2a7b1fa-fac6-4c6f-8c6d-9ac7414c70c3:c4294]
2019-07-14 04:23:55,003 INFO  client.GrpcClientProtocolClient (GrpcClientProtocolClient.java:onNext(255)) - client-8DB4338F17D0->b5da6a4a-1459-46a4-9479-d2035163dbe2: receive RaftClientReply:client-8DB4338F17D0->b5da6a4a-1459-46a4-9479-d2035163dbe2@group-4A9565783204, cid=2861, SUCCESS, logIndex=4296, commits[b5da6a4a-1459-46a4-9479-d2035163dbe2:c4296, 69c25b61-d669-4f17-b36d-41bca3df1f31:c4294, d2a7b1fa-fac6-4c6f-8c6d-9ac7414c70c3:c4294]
2019-07-14 04:23:55,005 INFO  client.GrpcClientProtocolClient (GrpcClientProtocolClient.java:onNext(255)) - client-8DB4338F17D0->b5da6a4a-1459-46a4-9479-d2035163dbe2: receive RaftClientReply:client-8DB4338F17D0->b5da6a4a-1459-46a4-9479-d2035163dbe2@group-4A9565783204, cid=2862, SUCCESS, logIndex=0, commits[b5da6a4a-1459-46a4-9479-d2035163dbe2:c4297, 69c25b61-d669-4f17-b36d-41bca3df1f31:c4296, d2a7b1fa-fac6-4c6f-8c6d-9ac7414c70c3:c4296]
2019-07-14 04:23:55,027 INFO  client.GrpcClientProtocolClient (GrpcClientProtocolClient.java:onNext(255)) - client-8DB4338F17D0->b5da6a4a-1459-46a4-9479-d2035163dbe2: receive RaftClientReply:client-8DB4338F17D0->b5da6a4a-1459-46a4-9479-d2035163dbe2@group-4A9565783204, cid=2863, SUCCESS, logIndex=4299, commits[b5da6a4a-1459-46a4-9479-d2035163dbe2:c4300, 69c25b61-d669-4f17-b36d-41bca3df1f31:c4296, d2a7b1fa-fac6-4c6f-8c6d-9ac7414c70c3:c4298]
2019-07-14 04:23:55,028 INFO  client.GrpcClientProtocolClient (GrpcClientProtocolClient.java:onNext(255)) - client-8DB4338F17D0->b5da6a4a-1459-46a4-9479-d2035163dbe2: receive RaftClientReply:client-8DB4338F17D0->b5da6a4a-1459-46a4-9479-d2035163dbe2@group-4A9565783204, cid=2864, SUCCESS, logIndex=4300, commits[b5da6a4a-1459-46a4-9479-d2035163dbe2:c4300, 69c25b61-d669-4f17-b36d-41bca3df1f31:c4296, d2a7b1fa-fac6-4c6f-8c6d-9ac7414c70c3:c4298]
2019-07-14 04:23:55,030 INFO  client.GrpcClientProtocolClient (GrpcClientProtocolClient.java:onNext(255)) - client-8DB4338F17D0->b5da6a4a-1459-46a4-9479-d2035163dbe2: receive RaftClientReply:client-8DB4338F17D0->b5da6a4a-1459-46a4-9479-d2035163dbe2@group-4A9565783204, cid=2865, SUCCESS, logIndex=4301, commits[b5da6a4a-1459-46a4-9479-d2035163dbe2:c4302, 69c25b61-d669-4f17-b36d-41bca3df1f31:c4298, d2a7b1fa-fac6-4c6f-8c6d-9ac7414c70c3:c4298]
2019-07-14 04:23:55,030 INFO  client.GrpcClientProtocolClient (GrpcClientProtocolClient.java:onNext(255)) - client-8DB4338F17D0->b5da6a4a-1459-46a4-9479-d2035163dbe2: receive RaftClientReply:client-8DB4338F17D0->b5da6a4a-1459-46a4-9479-d2035163dbe2@group-4A9565783204, cid=2866, SUCCESS, logIndex=4302, commits[b5da6a4a-1459-46a4-9479-d2035163dbe2:c4304, 69c25b61-d669-4f17-b36d-41bca3df1f31:c4298, d2a7b1fa-fac6-4c6f-8c6d-9ac7414c70c3:c4300]
2019-07-14 04:23:55,031 INFO  client.GrpcClientProtocolClient (GrpcClientProtocolClient.java:onNext(255)) - client-8DB4338F17D0->b5da6a4a-1459-46a4-9479-d2035163dbe2: receive RaftClientReply:client-8DB4338F17D0->b5da6a4a-1459-46a4-9479-d2035163dbe2@group-4A9565783204, cid=2867, SUCCESS, logIndex=0, commits[b5da6a4a-1459-46a4-9479-d2035163dbe2:c4304, 69c25b61-d669-4f17-b36d-41bca3df1f31:c4300, d2a7b1fa-fac6-4c6f-8c6d-9ac7414c70c3:c4300]
2019-07-14 04:23:55,048 INFO  client.GrpcClientProtocolClient (GrpcClientProtocolClient.java:onNext(255)) - client-8DB4338F17D0->b5da6a4a-1459-46a4-9479-d2035163dbe2: receive RaftClientReply:client-8DB4338F17D0->b5da6a4a-1459-46a4-9479-d2035163dbe2@group-4A9565783204, cid=2868, SUCCESS, logIndex=4307, commits[b5da6a4a-1459-46a4-9479-d2035163dbe2:c4308, 69c25b61-d669-4f17-b36d-41bca3df1f31:c4306, d2a7b1fa-fac6-4c6f-8c6d-9ac7414c70c3:c4306]
2019-07-14 04:23:55,048 INFO  client.GrpcClientProtocolClient (GrpcClientProtocolClient.java:onNext(255)) - client-8DB4338F17D0->b5da6a4a-1459-46a4-9479-d2035163dbe2: receive RaftClientReply:client-8DB4338F17D0->b5da6a4a-1459-46a4-9479-d2035163dbe2@group-4A9565783204, cid=2869, SUCCESS, logIndex=4308, commits[b5da6a4a-1459-46a4-9479-d2035163dbe2:c4308, 69c25b61-d669-4f17-b36d-41bca3df1f31:c4306, d2a7b1fa-fac6-4c6f-8c6d-9ac7414c70c3:c4306]
2019-07-14 04:23:55,062 INFO  client.GrpcClientProtocolClient (GrpcClientProtocolClient.java:onNext(255)) - client-8DB4338F17D0->b5da6a4a-1459-46a4-9479-d2035163dbe2: receive RaftClientReply:client-8DB4338F17D0->b5da6a4a-1459-46a4-9479-d2035163dbe2@group-4A9565783204, cid=2870, SUCCESS, logIndex=4311, commits[b5da6a4a-1459-46a4-9479-d2035163dbe2:c4311, 69c25b61-d669-4f17-b36d-41bca3df1f31:c4308, d2a7b1fa-fac6-4c6f-8c6d-9ac7414c70c3:c4308]
2019-07-14 04:23:55,062 INFO  client.GrpcClientProtocolClient (GrpcClientProtocolClient.java:onNext(255)) - client-8DB4338F17D0->b5da6a4a-1459-46a4-9479-d2035163dbe2: receive RaftClientReply:client-8DB4338F17D0->b5da6a4a-1459-46a4-9479-d2035163dbe2@group-4A9565783204, cid=2871, SUCCESS, logIndex=4312, commits[b5da6a4a-1459-46a4-9479-d2035163dbe2:c4312, 69c25b61-d669-4f17-b36d-41bca3df1f31:c4308, d2a7b1fa-fac6-4c6f-8c6d-9ac7414c70c3:c4308]
2019-07-14 04:23:55,066 INFO  client.GrpcClientProtocolClient (GrpcClientProtocolClient.java:onNext(255)) - client-8DB4338F17D0->b5da6a4a-1459-46a4-9479-d2035163dbe2: receive RaftClientReply:client-8DB4338F17D0->b5da6a4a-1459-46a4-9479-d2035163dbe2@group-4A9565783204, cid=2872, SUCCESS, logIndex=0, commits[b5da6a4a-1459-46a4-9479-d2035163dbe2:c4314, 69c25b61-d669-4f17-b36d-41bca3df1f31:c4312, d2a7b1fa-fac6-4c6f-8c6d-9ac7414c70c3:c4312]
2019-07-14 04:23:55,093 INFO  client.GrpcClientProtocolClient (GrpcClientProtocolClient.java:onNext(255)) - client-8DB4338F17D0->b5da6a4a-1459-46a4-9479-d2035163dbe2: receive RaftClientReply:client-8DB4338F17D0->b5da6a4a-1459-46a4-9479-d2035163dbe2@group-4A9565783204, cid=2873, SUCCESS, logIndex=4315, commits[b5da6a4a-1459-46a4-9479-d2035163dbe2:c4316, 69c25b61-d669-4f17-b36d-41bca3df1f31:c4314, d2a7b1fa-fac6-4c6f-8c6d-9ac7414c70c3:c4314]
2019-07-14 04:23:55,093 INFO  client.GrpcClientProtocolClient (GrpcClientProtocolClient.java:onNext(255)) - client-8DB4338F17D0->b5da6a4a-1459-46a4-9479-d2035163dbe2: receive RaftClientReply:client-8DB4338F17D0->b5da6a4a-1459-46a4-9479-d2035163dbe2@group-4A9565783204, cid=2874, SUCCESS, logIndex=4316, commits[b5da6a4a-1459-46a4-9479-d2035163dbe2:c4316, 69c25b61-d669-4f17-b36d-41bca3df1f31:c4314, d2a7b1fa-fac6-4c6f-8c6d-9ac7414c70c3:c4314]
2019-07-14 04:23:55,095 INFO  client.GrpcClientProtocolClient (GrpcClientProtocolClient.java:onNext(255)) - client-8DB4338F17D0->b5da6a4a-1459-46a4-9479-d2035163dbe2: receive RaftClientReply:client-8DB4338F17D0->b5da6a4a-1459-46a4-9479-d2035163dbe2@group-4A9565783204, cid=2875, SUCCESS, logIndex=4317, commits[b5da6a4a-1459-46a4-9479-d2035163dbe2:c4317, 69c25b61-d669-4f17-b36d-41bca3df1f31:c4314, d2a7b1fa-fac6-4c6f-8c6d-9ac7414c70c3:c4314]
2019-07-14 04:23:55,096 INFO  client.GrpcClientProtocolClient (GrpcClientProtocolClient.java:onNext(255)) - client-8DB4338F17D0->b5da6a4a-1459-46a4-9479-d2035163dbe2: receive RaftClientReply:client-8DB4338F17D0->b5da6a4a-1459-46a4-9479-d2035163dbe2@group-4A9565783204, cid=2876, SUCCESS, logIndex=4318, commits[b5da6a4a-1459-46a4-9479-d2035163dbe2:c4318, 69c25b61-d669-4f17-b36d-41bca3df1f31:c4314, d2a7b1fa-fac6-4c6f-8c6d-9ac7414c70c3:c4314]
2019-07-14 04:23:55,097 INFO  client.GrpcClientProtocolClient (GrpcClientProtocolClient.java:onNext(255)) - client-8DB4338F17D0->b5da6a4a-1459-46a4-9479-d2035163dbe2: receive RaftClientReply:client-8DB4338F17D0->b5da6a4a-1459-46a4-9479-d2035163dbe2@group-4A9565783204, cid=2877, SUCCESS, logIndex=0, commits[b5da6a4a-1459-46a4-9479-d2035163dbe2:c4320, 69c25b61-d669-4f17-b36d-41bca3df1f31:c4316, d2a7b1fa-fac6-4c6f-8c6d-9ac7414c70c3:c4316]
2019-07-14 04:23:55,115 INFO  client.GrpcClientProtocolClient (GrpcClientProtocolClient.java:onNext(255)) - client-8DB4338F17D0->b5da6a4a-1459-46a4-9479-d2035163dbe2: receive RaftClientReply:client-8DB4338F17D0->b5da6a4a-1459-46a4-9479-d2035163dbe2@group-4A9565783204, cid=2878, SUCCESS, logIndex=4323, commits[b5da6a4a-1459-46a4-9479-d2035163dbe2:c4324, 69c25b61-d669-4f17-b36d-41bca3df1f31:c4322, d2a7b1fa-fac6-4c6f-8c6d-9ac7414c70c3:c4322]
2019-07-14 04:23:55,115 INFO  client.GrpcClientProtocolClient (GrpcClientProtocolClient.java:onNext(255)) - client-8DB4338F17D0->b5da6a4a-1459-46a4-9479-d2035163dbe2: receive RaftClientReply:client-8DB4338F17D0->b5da6a4a-1459-46a4-9479-d2035163dbe2@group-4A9565783204, cid=2879, SUCCESS, logIndex=4324, commits[b5da6a4a-1459-46a4-9479-d2035163dbe2:c4324, 69c25b61-d669-4f17-b36d-41bca3df1f31:c4322, d2a7b1fa-fac6-4c6f-8c6d-9ac7414c70c3:c4322]
2019-07-14 04:23:55,133 INFO  client.GrpcClientProtocolClient (GrpcClientProtocolClient.java:onNext(255)) - client-8DB4338F17D0->b5da6a4a-1459-46a4-9479-d2035163dbe2: receive RaftClientReply:client-8DB4338F17D0->b5da6a4a-1459-46a4-9479-d2035163dbe2@group-4A9565783204, cid=2880, SUCCESS, logIndex=4327, commits[b5da6a4a-1459-46a4-9479-d2035163dbe2:c4328, 69c25b61-d669-4f17-b36d-41bca3df1f31:c4326, d2a7b1fa-fac6-4c6f-8c6d-9ac7414c70c3:c4326]
2019-07-14 04:23:55,133 INFO  client.GrpcClientProtocolClient (GrpcClientProtocolClient.java:onNext(255)) - client-8DB4338F17D0->b5da6a4a-1459-46a4-9479-d2035163dbe2: receive RaftClientReply:client-8DB4338F17D0->b5da6a4a-1459-46a4-9479-d2035163dbe2@group-4A9565783204, cid=2881, SUCCESS, logIndex=4328, commits[b5da6a4a-1459-46a4-9479-d2035163dbe2:c4328, 69c25b61-d669-4f17-b36d-41bca3df1f31:c4326, d2a7b1fa-fac6-4c6f-8c6d-9ac7414c70c3:c4326]
2019-07-14 04:23:55,138 INFO  client.GrpcClientProtocolClient (GrpcClientProtocolClient.java:onNext(255)) - client-8DB4338F17D0->b5da6a4a-1459-46a4-9479-d2035163dbe2: receive RaftClientReply:client-8DB4338F17D0->b5da6a4a-1459-46a4-9479-d2035163dbe2@group-4A9565783204, cid=2882, SUCCESS, logIndex=0, commits[b5da6a4a-1459-46a4-9479-d2035163dbe2:c4330, 69c25b61-d669-4f17-b36d-41bca3df1f31:c4328, d2a7b1fa-fac6-4c6f-8c6d-9ac7414c70c3:c4328]
2019-07-14 04:23:55,156 INFO  client.GrpcClientProtocolClient (GrpcClientProtocolClient.java:onNext(255)) - client-8DB4338F17D0->b5da6a4a-1459-46a4-9479-d2035163dbe2: receive RaftClientReply:client-8DB4338F17D0->b5da6a4a-1459-46a4-9479-d2035163dbe2@group-4A9565783204, cid=2883, SUCCESS, logIndex=4331, commits[b5da6a4a-1459-46a4-9479-d2035163dbe2:c4332, 69c25b61-d669-4f17-b36d-41bca3df1f31:c4330, d2a7b1fa-fac6-4c6f-8c6d-9ac7414c70c3:c4330]
2019-07-14 04:23:55,156 INFO  client.GrpcClientProtocolClient (GrpcClientProtocolClient.java:onNext(255)) - client-8DB4338F17D0->b5da6a4a-1459-46a4-9479-d2035163dbe2: receive RaftClientReply:client-8DB4338F17D0->b5da6a4a-1459-46a4-9479-d2035163dbe2@group-4A9565783204, cid=2884, SUCCESS, logIndex=4332, commits[b5da6a4a-1459-46a4-9479-d2035163dbe2:c4332, 69c25b61-d669-4f17-b36d-41bca3df1f31:c4330, d2a7b1fa-fac6-4c6f-8c6d-9ac7414c70c3:c4330]
2019-07-14 04:23:55,157 INFO  client.GrpcClientProtocolClient (GrpcClientProtocolClient.java:onNext(255)) - client-8DB4338F17D0->b5da6a4a-1459-46a4-9479-d2035163dbe2: receive RaftClientReply:client-8DB4338F17D0->b5da6a4a-1459-46a4-9479-d2035163dbe2@group-4A9565783204, cid=2885, SUCCESS, logIndex=4333, commits[b5da6a4a-1459-46a4-9479-d2035163dbe2:c4334, 69c25b61-d669-4f17-b36d-41bca3df1f31:c4330, d2a7b1fa-fac6-4c6f-8c6d-9ac7414c70c3:c4330]
2019-07-14 04:23:55,158 INFO  client.GrpcClientProtocolClient (GrpcClientProtocolClient.java:onNext(255)) - client-8DB4338F17D0->b5da6a4a-1459-46a4-9479-d2035163dbe2: receive RaftClientReply:client-8DB4338F17D0->b5da6a4a-1459-46a4-9479-d2035163dbe2@group-4A9565783204, cid=2886, SUCCESS, logIndex=4334, commits[b5da6a4a-1459-46a4-9479-d2035163dbe2:c4334, 69c25b61-d669-4f17-b36d-41bca3df1f31:c4330, d2a7b1fa-fac6-4c6f-8c6d-9ac7414c70c3:c4330]
2019-07-14 04:23:55,161 INFO  client.GrpcClientProtocolClient (GrpcClientProtocolClient.java:onNext(255)) - client-8DB4338F17D0->b5da6a4a-1459-46a4-9479-d2035163dbe2: receive RaftClientReply:client-8DB4338F17D0->b5da6a4a-1459-46a4-9479-d2035163dbe2@group-4A9565783204, cid=2887, SUCCESS, logIndex=0, commits[b5da6a4a-1459-46a4-9479-d2035163dbe2:c4336, 69c25b61-d669-4f17-b36d-41bca3df1f31:c4332, d2a7b1fa-fac6-4c6f-8c6d-9ac7414c70c3:c4332]
2019-07-14 04:23:55,179 INFO  client.GrpcClientProtocolClient (GrpcClientProtocolClient.java:onNext(255)) - client-8DB4338F17D0->b5da6a4a-1459-46a4-9479-d2035163dbe2: receive RaftClientReply:client-8DB4338F17D0->b5da6a4a-1459-46a4-9479-d2035163dbe2@group-4A9565783204, cid=2888, SUCCESS, logIndex=4339, commits[b5da6a4a-1459-46a4-9479-d2035163dbe2:c4340, 69c25b61-d669-4f17-b36d-41bca3df1f31:c4338, d2a7b1fa-fac6-4c6f-8c6d-9ac7414c70c3:c4338]
2019-07-14 04:23:55,179 INFO  client.GrpcClientProtocolClient (GrpcClientProtocolClient.java:onNext(255)) - client-8DB4338F17D0->b5da6a4a-1459-46a4-9479-d2035163dbe2: receive RaftClientReply:client-8DB4338F17D0->b5da6a4a-1459-46a4-9479-d2035163dbe2@group-4A9565783204, cid=2889, SUCCESS, logIndex=4340, commits[b5da6a4a-1459-46a4-9479-d2035163dbe2:c4340, 69c25b61-d669-4f17-b36d-41bca3df1f31:c4338, d2a7b1fa-fac6-4c6f-8c6d-9ac7414c70c3:c4338]
2019-07-14 04:23:55,197 INFO  client.GrpcClientProtocolClient (GrpcClientProtocolClient.java:onNext(255)) - client-8DB4338F17D0->b5da6a4a-1459-46a4-9479-d2035163dbe2: receive RaftClientReply:client-8DB4338F17D0->b5da6a4a-1459-46a4-9479-d2035163dbe2@group-4A9565783204, cid=2890, SUCCESS, logIndex=4343, commits[b5da6a4a-1459-46a4-9479-d2035163dbe2:c4344, 69c25b61-d669-4f17-b36d-41bca3df1f31:c4342, d2a7b1fa-fac6-4c6f-8c6d-9ac7414c70c3:c4342]
2019-07-14 04:23:55,197 INFO  client.GrpcClientProtocolClient (GrpcClientProtocolClient.java:onNext(255)) - client-8DB4338F17D0->b5da6a4a-1459-46a4-9479-d2035163dbe2: receive RaftClientReply:client-8DB4338F17D0->b5da6a4a-1459-46a4-9479-d2035163dbe2@group-4A9565783204, cid=2891, SUCCESS, logIndex=4344, commits[b5da6a4a-1459-46a4-9479-d2035163dbe2:c4344, 69c25b61-d669-4f17-b36d-41bca3df1f31:c4342, d2a7b1fa-fac6-4c6f-8c6d-9ac7414c70c3:c4342]
2019-07-14 04:23:55,210 INFO  client.GrpcClientProtocolClient (GrpcClientProtocolClient.java:onNext(255)) - client-8DB4338F17D0->b5da6a4a-1459-46a4-9479-d2035163dbe2: receive RaftClientReply:client-8DB4338F17D0->b5da6a4a-1459-46a4-9479-d2035163dbe2@group-4A9565783204, cid=2892, SUCCESS, logIndex=0, commits[b5da6a4a-1459-46a4-9479-d2035163dbe2:c4346, 69c25b61-d669-4f17-b36d-41bca3df1f31:c4344, d2a7b1fa-fac6-4c6f-8c6d-9ac7414c70c3:c4344]
2019-07-14 04:23:55,232 INFO  client.GrpcClientProtocolClient (GrpcClientProtocolClient.java:onNext(255)) - client-8DB4338F17D0->b5da6a4a-1459-46a4-9479-d2035163dbe2: receive RaftClientReply:client-8DB4338F17D0->b5da6a4a-1459-46a4-9479-d2035163dbe2@group-4A9565783204, cid=2893, SUCCESS, logIndex=4347, commits[b5da6a4a-1459-46a4-9479-d2035163dbe2:c4348, 69c25b61-d669-4f17-b36d-41bca3df1f31:c4344, d2a7b1fa-fac6-4c6f-8c6d-9ac7414c70c3:c4346]
2019-07-14 04:23:55,232 INFO  client.GrpcClientProtocolClient (GrpcClientProtocolClient.java:onNext(255)) - client-8DB4338F17D0->b5da6a4a-1459-46a4-9479-d2035163dbe2: receive RaftClientReply:client-8DB4338F17D0->b5da6a4a-1459-46a4-9479-d2035163dbe2@group-4A9565783204, cid=2894, SUCCESS, logIndex=4348, commits[b5da6a4a-1459-46a4-9479-d2035163dbe2:c4348, 69c25b61-d669-4f17-b36d-41bca3df1f31:c4344, d2a7b1fa-fac6-4c6f-8c6d-9ac7414c70c3:c4346]
2019-07-14 04:23:55,234 INFO  client.GrpcClientProtocolClient (GrpcClientProtocolClient.java:onNext(255)) - client-8DB4338F17D0->b5da6a4a-1459-46a4-9479-d2035163dbe2: receive RaftClientReply:client-8DB4338F17D0->b5da6a4a-1459-46a4-9479-d2035163dbe2@group-4A9565783204, cid=2895, SUCCESS, logIndex=4349, commits[b5da6a4a-1459-46a4-9479-d2035163dbe2:c4352, 69c25b61-d669-4f17-b36d-41bca3df1f31:c4348, d2a7b1fa-fac6-4c6f-8c6d-9ac7414c70c3:c4346]
2019-07-14 04:23:55,234 INFO  client.GrpcClientProtocolClient (GrpcClientProtocolClient.java:onNext(255)) - client-8DB4338F17D0->b5da6a4a-1459-46a4-9479-d2035163dbe2: receive RaftClientReply:client-8DB4338F17D0->b5da6a4a-1459-46a4-9479-d2035163dbe2@group-4A9565783204, cid=2896, SUCCESS, logIndex=4350, commits[b5da6a4a-1459-46a4-9479-d2035163dbe2:c4352, 69c25b61-d669-4f17-b36d-41bca3df1f31:c4348, d2a7b1fa-fac6-4c6f-8c6d-9ac7414c70c3:c4347]
2019-07-14 04:23:55,235 INFO  client.GrpcClientProtocolClient (GrpcClientProtocolClient.java:onNext(255)) - client-8DB4338F17D0->b5da6a4a-1459-46a4-9479-d2035163dbe2: receive RaftClientReply:client-8DB4338F17D0->b5da6a4a-1459-46a4-9479-d2035163dbe2@group-4A9565783204, cid=2897, SUCCESS, logIndex=0, commits[b5da6a4a-1459-46a4-9479-d2035163dbe2:c4353, 69c25b61-d669-4f17-b36d-41bca3df1f31:c4350, d2a7b1fa-fac6-4c6f-8c6d-9ac7414c70c3:c4348]
2019-07-14 04:23:55,245 INFO  client.GrpcClientProtocolClient (GrpcClientProtocolClient.java:onNext(255)) - client-8DB4338F17D0->b5da6a4a-1459-46a4-9479-d2035163dbe2: receive RaftClientReply:client-8DB4338F17D0->b5da6a4a-1459-46a4-9479-d2035163dbe2@group-4A9565783204, cid=2898, SUCCESS, logIndex=4355, commits[b5da6a4a-1459-46a4-9479-d2035163dbe2:c4356, 69c25b61-d669-4f17-b36d-41bca3df1f31:c4350, d2a7b1fa-fac6-4c6f-8c6d-9ac7414c70c3:c4354]
2019-07-14 04:23:55,246 INFO  client.GrpcClientProtocolClient (GrpcClientProtocolClient.java:onNext(255)) - client-8DB4338F17D0->b5da6a4a-1459-46a4-9479-d2035163dbe2: receive RaftClientReply:client-8DB4338F17D0->b5da6a4a-1459-46a4-9479-d2035163dbe2@group-4A9565783204, cid=2899, SUCCESS, logIndex=4356, commits[b5da6a4a-1459-46a4-9479-d2035163dbe2:c4356, 69c25b61-d669-4f17-b36d-41bca3df1f31:c4354, d2a7b1fa-fac6-4c6f-8c6d-9ac7414c70c3:c4354]
 0.00% |█                                                                                                    |  0/1 Time: 0:00:202019-07-14 04:23:55,264 INFO  client.GrpcClientProtocolClient (GrpcClientProtocolClient.java:onNext(255)) - client-8DB4338F17D0->b5da6a4a-1459-46a4-9479-d2035163dbe2: receive RaftClientReply:client-8DB4338F17D0->b5da6a4a-1459-46a4-9479-d2035163dbe2@group-4A9565783204, cid=2900, SUCCESS, logIndex=4359, commits[b5da6a4a-1459-46a4-9479-d2035163dbe2:c4360, 69c25b61-d669-4f17-b36d-41bca3df1f31:c4358, d2a7b1fa-fac6-4c6f-8c6d-9ac7414c70c3:c4358]
2019-07-14 04:23:55,264 INFO  client.GrpcClientProtocolClient (GrpcClientProtocolClient.java:onNext(255)) - client-8DB4338F17D0->b5da6a4a-1459-46a4-9479-d2035163dbe2: receive RaftClientReply:client-8DB4338F17D0->b5da6a4a-1459-46a4-9479-d2035163dbe2@group-4A9565783204, cid=2901, SUCCESS, logIndex=4360, commits[b5da6a4a-1459-46a4-9479-d2035163dbe2:c4360, 69c25b61-d669-4f17-b36d-41bca3df1f31:c4358, d2a7b1fa-fac6-4c6f-8c6d-9ac7414c70c3:c4358]
2019-07-14 04:23:55,267 INFO  client.GrpcClientProtocolClient (GrpcClientProtocolClient.java:onNext(255)) - client-8DB4338F17D0->b5da6a4a-1459-46a4-9479-d2035163dbe2: receive RaftClientReply:client-8DB4338F17D0->b5da6a4a-1459-46a4-9479-d2035163dbe2@group-4A9565783204, cid=2902, SUCCESS, logIndex=0, commits[b5da6a4a-1459-46a4-9479-d2035163dbe2:c4361, 69c25b61-d669-4f17-b36d-41bca3df1f31:c4360, d2a7b1fa-fac6-4c6f-8c6d-9ac7414c70c3:c4360]
2019-07-14 04:23:55,393 INFO  client.GrpcClientProtocolClient (GrpcClientProtocolClient.java:onNext(255)) - client-8DB4338F17D0->b5da6a4a-1459-46a4-9479-d2035163dbe2: receive RaftClientReply:client-8DB4338F17D0->b5da6a4a-1459-46a4-9479-d2035163dbe2@group-4A9565783204, cid=2903, SUCCESS, logIndex=4362, commits[b5da6a4a-1459-46a4-9479-d2035163dbe2:c4363, 69c25b61-d669-4f17-b36d-41bca3df1f31:c4361, d2a7b1fa-fac6-4c6f-8c6d-9ac7414c70c3:c4361]
2019-07-14 04:23:55,395 INFO  client.GrpcClientProtocolClient (GrpcClientProtocolClient.java:onNext(255)) - client-8DB4338F17D0->b5da6a4a-1459-46a4-9479-d2035163dbe2: receive RaftClientReply:client-8DB4338F17D0->b5da6a4a-1459-46a4-9479-d2035163dbe2@group-4A9565783204, cid=2904, SUCCESS, logIndex=4363, commits[b5da6a4a-1459-46a4-9479-d2035163dbe2:c4363, 69c25b61-d669-4f17-b36d-41bca3df1f31:c4361, d2a7b1fa-fac6-4c6f-8c6d-9ac7414c70c3:c4361]
2019-07-14 04:23:55,413 INFO  client.GrpcClientProtocolClient (GrpcClientProtocolClient.java:onNext(255)) - client-8DB4338F17D0->b5da6a4a-1459-46a4-9479-d2035163dbe2: receive RaftClientReply:client-8DB4338F17D0->b5da6a4a-1459-46a4-9479-d2035163dbe2@group-4A9565783204, cid=2905, SUCCESS, logIndex=4364, commits[b5da6a4a-1459-46a4-9479-d2035163dbe2:c4366, 69c25b61-d669-4f17-b36d-41bca3df1f31:c4363, d2a7b1fa-fac6-4c6f-8c6d-9ac7414c70c3:c4361]
2019-07-14 04:23:55,413 INFO  client.GrpcClientProtocolClient (GrpcClientProtocolClient.java:onNext(255)) - client-8DB4338F17D0->b5da6a4a-1459-46a4-9479-d2035163dbe2: receive RaftClientReply:client-8DB4338F17D0->b5da6a4a-1459-46a4-9479-d2035163dbe2@group-4A9565783204, cid=2906, SUCCESS, logIndex=4365, commits[b5da6a4a-1459-46a4-9479-d2035163dbe2:c4367, 69c25b61-d669-4f17-b36d-41bca3df1f31:c4363, d2a7b1fa-fac6-4c6f-8c6d-9ac7414c70c3:c4363]
2019-07-14 04:23:55,431 INFO  client.GrpcClientProtocolClient (GrpcClientProtocolClient.java:onNext(255)) - client-8DB4338F17D0->b5da6a4a-1459-46a4-9479-d2035163dbe2: receive RaftClientReply:client-8DB4338F17D0->b5da6a4a-1459-46a4-9479-d2035163dbe2@group-4A9565783204, cid=2907, SUCCESS, logIndex=4370, commits[b5da6a4a-1459-46a4-9479-d2035163dbe2:c4371, 69c25b61-d669-4f17-b36d-41bca3df1f31:c4369, d2a7b1fa-fac6-4c6f-8c6d-9ac7414c70c3:c4369]
2019-07-14 04:23:55,431 INFO  client.GrpcClientProtocolClient (GrpcClientProtocolClient.java:onNext(255)) - client-8DB4338F17D0->b5da6a4a-1459-46a4-9479-d2035163dbe2: receive RaftClientReply:client-8DB4338F17D0->b5da6a4a-1459-46a4-9479-d2035163dbe2@group-4A9565783204, cid=2908, SUCCESS, logIndex=4371, commits[b5da6a4a-1459-46a4-9479-d2035163dbe2:c4371, 69c25b61-d669-4f17-b36d-41bca3df1f31:c4369, d2a7b1fa-fac6-4c6f-8c6d-9ac7414c70c3:c4369]
2019-07-14 04:23:55,444 INFO  client.GrpcClientProtocolClient (GrpcClientProtocolClient.java:onNext(255)) - client-8DB4338F17D0->b5da6a4a-1459-46a4-9479-d2035163dbe2: receive RaftClientReply:client-8DB4338F17D0->b5da6a4a-1459-46a4-9479-d2035163dbe2@group-4A9565783204, cid=2909, SUCCESS, logIndex=4374, commits[b5da6a4a-1459-46a4-9479-d2035163dbe2:c4375, 69c25b61-d669-4f17-b36d-41bca3df1f31:c4371, d2a7b1fa-fac6-4c6f-8c6d-9ac7414c70c3:c4371]
2019-07-14 04:23:55,445 INFO  client.GrpcClientProtocolClient (GrpcClientProtocolClient.java:onNext(255)) - client-8DB4338F17D0->b5da6a4a-1459-46a4-9479-d2035163dbe2: receive RaftClientReply:client-8DB4338F17D0->b5da6a4a-1459-46a4-9479-d2035163dbe2@group-4A9565783204, cid=2910, SUCCESS, logIndex=4375, commits[b5da6a4a-1459-46a4-9479-d2035163dbe2:c4375, 69c25b61-d669-4f17-b36d-41bca3df1f31:c4371, d2a7b1fa-fac6-4c6f-8c6d-9ac7414c70c3:c4371]
2019-07-14 04:23:55,446 INFO  client.GrpcClientProtocolClient (GrpcClientProtocolClient.java:onNext(255)) - client-8DB4338F17D0->b5da6a4a-1459-46a4-9479-d2035163dbe2: receive RaftClientReply:client-8DB4338F17D0->b5da6a4a-1459-46a4-9479-d2035163dbe2@group-4A9565783204, cid=2911, SUCCESS, logIndex=0, commits[b5da6a4a-1459-46a4-9479-d2035163dbe2:c4376, 69c25b61-d669-4f17-b36d-41bca3df1f31:c4375, d2a7b1fa-fac6-4c6f-8c6d-9ac7414c70c3:c4375]
2019-07-14 04:23:55,473 INFO  client.GrpcClientProtocolClient (GrpcClientProtocolClient.java:onNext(255)) - client-8DB4338F17D0->b5da6a4a-1459-46a4-9479-d2035163dbe2: receive RaftClientReply:client-8DB4338F17D0->b5da6a4a-1459-46a4-9479-d2035163dbe2@group-4A9565783204, cid=2912, SUCCESS, logIndex=4377, commits[b5da6a4a-1459-46a4-9479-d2035163dbe2:c4378, 69c25b61-d669-4f17-b36d-41bca3df1f31:c4376, d2a7b1fa-fac6-4c6f-8c6d-9ac7414c70c3:c4376]
2019-07-14 04:23:55,473 INFO  client.GrpcClientProtocolClient (GrpcClientProtocolClient.java:onNext(255)) - client-8DB4338F17D0->b5da6a4a-1459-46a4-9479-d2035163dbe2: receive RaftClientReply:client-8DB4338F17D0->b5da6a4a-1459-46a4-9479-d2035163dbe2@group-4A9565783204, cid=2913, SUCCESS, logIndex=4378, commits[b5da6a4a-1459-46a4-9479-d2035163dbe2:c4378, 69c25b61-d669-4f17-b36d-41bca3df1f31:c4376, d2a7b1fa-fac6-4c6f-8c6d-9ac7414c70c3:c4376]
2019-07-14 04:23:55,474 INFO  client.GrpcClientProtocolClient (GrpcClientProtocolClient.java:onNext(255)) - client-8DB4338F17D0->b5da6a4a-1459-46a4-9479-d2035163dbe2: receive RaftClientReply:client-8DB4338F17D0->b5da6a4a-1459-46a4-9479-d2035163dbe2@group-4A9565783204, cid=2914, SUCCESS, logIndex=4379, commits[b5da6a4a-1459-46a4-9479-d2035163dbe2:c4380, 69c25b61-d669-4f17-b36d-41bca3df1f31:c4376, d2a7b1fa-fac6-4c6f-8c6d-9ac7414c70c3:c4376]
2019-07-14 04:23:55,474 INFO  client.GrpcClientProtocolClient (GrpcClientProtocolClient.java:onNext(255)) - client-8DB4338F17D0->b5da6a4a-1459-46a4-9479-d2035163dbe2: receive RaftClientReply:client-8DB4338F17D0->b5da6a4a-1459-46a4-9479-d2035163dbe2@group-4A9565783204, cid=2915, SUCCESS, logIndex=4380, commits[b5da6a4a-1459-46a4-9479-d2035163dbe2:c4380, 69c25b61-d669-4f17-b36d-41bca3df1f31:c4376, d2a7b1fa-fac6-4c6f-8c6d-9ac7414c70c3:c4376]
2019-07-14 04:23:55,476 INFO  client.GrpcClientProtocolClient (GrpcClientProtocolClient.java:onNext(255)) - client-8DB4338F17D0->b5da6a4a-1459-46a4-9479-d2035163dbe2: receive RaftClientReply:client-8DB4338F17D0->b5da6a4a-1459-46a4-9479-d2035163dbe2@group-4A9565783204, cid=2916, SUCCESS, logIndex=0, commits[b5da6a4a-1459-46a4-9479-d2035163dbe2:c4382, 69c25b61-d669-4f17-b36d-41bca3df1f31:c4378, d2a7b1fa-fac6-4c6f-8c6d-9ac7414c70c3:c4378]
2019-07-14 04:23:55,487 INFO  client.GrpcClientProtocolClient (GrpcClientProtocolClient.java:onNext(255)) - client-8DB4338F17D0->b5da6a4a-1459-46a4-9479-d2035163dbe2: receive RaftClientReply:client-8DB4338F17D0->b5da6a4a-1459-46a4-9479-d2035163dbe2@group-4A9565783204, cid=2917, SUCCESS, logIndex=4385, commits[b5da6a4a-1459-46a4-9479-d2035163dbe2:c4386, 69c25b61-d669-4f17-b36d-41bca3df1f31:c4382, d2a7b1fa-fac6-4c6f-8c6d-9ac7414c70c3:c4382]
2019-07-14 04:23:55,488 INFO  client.GrpcClientProtocolClient (GrpcClientProtocolClient.java:onNext(255)) - client-8DB4338F17D0->b5da6a4a-1459-46a4-9479-d2035163dbe2: receive RaftClientReply:client-8DB4338F17D0->b5da6a4a-1459-46a4-9479-d2035163dbe2@group-4A9565783204, cid=2918, SUCCESS, logIndex=4386, commits[b5da6a4a-1459-46a4-9479-d2035163dbe2:c4386, 69c25b61-d669-4f17-b36d-41bca3df1f31:c4382, d2a7b1fa-fac6-4c6f-8c6d-9ac7414c70c3:c4382]
2019-07-14 04:23:55,499 INFO  client.GrpcClientProtocolClient (GrpcClientProtocolClient.java:onNext(255)) - client-8DB4338F17D0->b5da6a4a-1459-46a4-9479-d2035163dbe2: receive RaftClientReply:client-8DB4338F17D0->b5da6a4a-1459-46a4-9479-d2035163dbe2@group-4A9565783204, cid=2919, SUCCESS, logIndex=4388, commits[b5da6a4a-1459-46a4-9479-d2035163dbe2:c4389, 69c25b61-d669-4f17-b36d-41bca3df1f31:c4386, d2a7b1fa-fac6-4c6f-8c6d-9ac7414c70c3:c4387]
2019-07-14 04:23:55,499 INFO  client.GrpcClientProtocolClient (GrpcClientProtocolClient.java:onNext(255)) - client-8DB4338F17D0->b5da6a4a-1459-46a4-9479-d2035163dbe2: receive RaftClientReply:client-8DB4338F17D0->b5da6a4a-1459-46a4-9479-d2035163dbe2@group-4A9565783204, cid=2920, SUCCESS, logIndex=4389, commits[b5da6a4a-1459-46a4-9479-d2035163dbe2:c4389, 69c25b61-d669-4f17-b36d-41bca3df1f31:c4387, d2a7b1fa-fac6-4c6f-8c6d-9ac7414c70c3:c4387]
2019-07-14 04:23:55,502 INFO  client.GrpcClientProtocolClient (GrpcClientProtocolClient.java:onNext(255)) - client-8DB4338F17D0->b5da6a4a-1459-46a4-9479-d2035163dbe2: receive RaftClientReply:client-8DB4338F17D0->b5da6a4a-1459-46a4-9479-d2035163dbe2@group-4A9565783204, cid=2921, SUCCESS, logIndex=0, commits[b5da6a4a-1459-46a4-9479-d2035163dbe2:c4390, 69c25b61-d669-4f17-b36d-41bca3df1f31:c4389, d2a7b1fa-fac6-4c6f-8c6d-9ac7414c70c3:c4389]
2019-07-14 04:23:55,529 INFO  client.GrpcClientProtocolClient (GrpcClientProtocolClient.java:onNext(255)) - client-8DB4338F17D0->b5da6a4a-1459-46a4-9479-d2035163dbe2: receive RaftClientReply:client-8DB4338F17D0->b5da6a4a-1459-46a4-9479-d2035163dbe2@group-4A9565783204, cid=2922, SUCCESS, logIndex=4392, commits[b5da6a4a-1459-46a4-9479-d2035163dbe2:c4393, 69c25b61-d669-4f17-b36d-41bca3df1f31:c4391, d2a7b1fa-fac6-4c6f-8c6d-9ac7414c70c3:c4391]
2019-07-14 04:23:55,530 INFO  client.GrpcClientProtocolClient (GrpcClientProtocolClient.java:onNext(255)) - client-8DB4338F17D0->b5da6a4a-1459-46a4-9479-d2035163dbe2: receive RaftClientReply:client-8DB4338F17D0->b5da6a4a-1459-46a4-9479-d2035163dbe2@group-4A9565783204, cid=2923, SUCCESS, logIndex=4393, commits[b5da6a4a-1459-46a4-9479-d2035163dbe2:c4395, 69c25b61-d669-4f17-b36d-41bca3df1f31:c4391, d2a7b1fa-fac6-4c6f-8c6d-9ac7414c70c3:c4391]
2019-07-14 04:23:55,530 INFO  client.GrpcClientProtocolClient (GrpcClientProtocolClient.java:onNext(255)) - client-8DB4338F17D0->b5da6a4a-1459-46a4-9479-d2035163dbe2: receive RaftClientReply:client-8DB4338F17D0->b5da6a4a-1459-46a4-9479-d2035163dbe2@group-4A9565783204, cid=2924, SUCCESS, logIndex=4394, commits[b5da6a4a-1459-46a4-9479-d2035163dbe2:c4395, 69c25b61-d669-4f17-b36d-41bca3df1f31:c4391, d2a7b1fa-fac6-4c6f-8c6d-9ac7414c70c3:c4391]
2019-07-14 04:23:55,530 INFO  client.GrpcClientProtocolClient (GrpcClientProtocolClient.java:onNext(255)) - client-8DB4338F17D0->b5da6a4a-1459-46a4-9479-d2035163dbe2: receive RaftClientReply:client-8DB4338F17D0->b5da6a4a-1459-46a4-9479-d2035163dbe2@group-4A9565783204, cid=2925, SUCCESS, logIndex=4395, commits[b5da6a4a-1459-46a4-9479-d2035163dbe2:c4395, 69c25b61-d669-4f17-b36d-41bca3df1f31:c4391, d2a7b1fa-fac6-4c6f-8c6d-9ac7414c70c3:c4391]
2019-07-14 04:23:55,533 INFO  client.GrpcClientProtocolClient (GrpcClientProtocolClient.java:onNext(255)) - client-8DB4338F17D0->b5da6a4a-1459-46a4-9479-d2035163dbe2: receive RaftClientReply:client-8DB4338F17D0->b5da6a4a-1459-46a4-9479-d2035163dbe2@group-4A9565783204, cid=2926, SUCCESS, logIndex=0, commits[b5da6a4a-1459-46a4-9479-d2035163dbe2:c4397, 69c25b61-d669-4f17-b36d-41bca3df1f31:c4395, d2a7b1fa-fac6-4c6f-8c6d-9ac7414c70c3:c4393]
2019-07-14 04:23:55,544 INFO  client.GrpcClientProtocolClient (GrpcClientProtocolClient.java:onNext(255)) - client-8DB4338F17D0->b5da6a4a-1459-46a4-9479-d2035163dbe2: receive RaftClientReply:client-8DB4338F17D0->b5da6a4a-1459-46a4-9479-d2035163dbe2@group-4A9565783204, cid=2927, SUCCESS, logIndex=4399, commits[b5da6a4a-1459-46a4-9479-d2035163dbe2:c4400, 69c25b61-d669-4f17-b36d-41bca3df1f31:c4398, d2a7b1fa-fac6-4c6f-8c6d-9ac7414c70c3:c4398]
2019-07-14 04:23:55,544 INFO  client.GrpcClientProtocolClient (GrpcClientProtocolClient.java:onNext(255)) - client-8DB4338F17D0->b5da6a4a-1459-46a4-9479-d2035163dbe2: receive RaftClientReply:client-8DB4338F17D0->b5da6a4a-1459-46a4-9479-d2035163dbe2@group-4A9565783204, cid=2928, SUCCESS, logIndex=4400, commits[b5da6a4a-1459-46a4-9479-d2035163dbe2:c4400, 69c25b61-d669-4f17-b36d-41bca3df1f31:c4398, d2a7b1fa-fac6-4c6f-8c6d-9ac7414c70c3:c4398]
2019-07-14 04:23:55,561 INFO  client.GrpcClientProtocolClient (GrpcClientProtocolClient.java:onNext(255)) - client-8DB4338F17D0->b5da6a4a-1459-46a4-9479-d2035163dbe2: receive RaftClientReply:client-8DB4338F17D0->b5da6a4a-1459-46a4-9479-d2035163dbe2@group-4A9565783204, cid=2929, SUCCESS, logIndex=4403, commits[b5da6a4a-1459-46a4-9479-d2035163dbe2:c4404, 69c25b61-d669-4f17-b36d-41bca3df1f31:c4402, d2a7b1fa-fac6-4c6f-8c6d-9ac7414c70c3:c4402]
2019-07-14 04:23:55,561 INFO  client.GrpcClientProtocolClient (GrpcClientProtocolClient.java:onNext(255)) - client-8DB4338F17D0->b5da6a4a-1459-46a4-9479-d2035163dbe2: receive RaftClientReply:client-8DB4338F17D0->b5da6a4a-1459-46a4-9479-d2035163dbe2@group-4A9565783204, cid=2930, SUCCESS, logIndex=4404, commits[b5da6a4a-1459-46a4-9479-d2035163dbe2:c4404, 69c25b61-d669-4f17-b36d-41bca3df1f31:c4402, d2a7b1fa-fac6-4c6f-8c6d-9ac7414c70c3:c4402]
2019-07-14 04:23:55,566 INFO  client.GrpcClientProtocolClient (GrpcClientProtocolClient.java:onNext(255)) - client-8DB4338F17D0->b5da6a4a-1459-46a4-9479-d2035163dbe2: receive RaftClientReply:client-8DB4338F17D0->b5da6a4a-1459-46a4-9479-d2035163dbe2@group-4A9565783204, cid=2931, SUCCESS, logIndex=0, commits[b5da6a4a-1459-46a4-9479-d2035163dbe2:c4406, 69c25b61-d669-4f17-b36d-41bca3df1f31:c4404, d2a7b1fa-fac6-4c6f-8c6d-9ac7414c70c3:c4404]
2019-07-14 04:23:55,593 INFO  client.GrpcClientProtocolClient (GrpcClientProtocolClient.java:onNext(255)) - client-8DB4338F17D0->b5da6a4a-1459-46a4-9479-d2035163dbe2: receive RaftClientReply:client-8DB4338F17D0->b5da6a4a-1459-46a4-9479-d2035163dbe2@group-4A9565783204, cid=2932, SUCCESS, logIndex=4407, commits[b5da6a4a-1459-46a4-9479-d2035163dbe2:c4408, 69c25b61-d669-4f17-b36d-41bca3df1f31:c4406, d2a7b1fa-fac6-4c6f-8c6d-9ac7414c70c3:c4406]
2019-07-14 04:23:55,593 INFO  client.GrpcClientProtocolClient (GrpcClientProtocolClient.java:onNext(255)) - client-8DB4338F17D0->b5da6a4a-1459-46a4-9479-d2035163dbe2: receive RaftClientReply:client-8DB4338F17D0->b5da6a4a-1459-46a4-9479-d2035163dbe2@group-4A9565783204, cid=2933, SUCCESS, logIndex=4408, commits[b5da6a4a-1459-46a4-9479-d2035163dbe2:c4410, 69c25b61-d669-4f17-b36d-41bca3df1f31:c4406, d2a7b1fa-fac6-4c6f-8c6d-9ac7414c70c3:c4406]
2019-07-14 04:23:55,593 INFO  client.GrpcClientProtocolClient (GrpcClientProtocolClient.java:onNext(255)) - client-8DB4338F17D0->b5da6a4a-1459-46a4-9479-d2035163dbe2: receive RaftClientReply:client-8DB4338F17D0->b5da6a4a-1459-46a4-9479-d2035163dbe2@group-4A9565783204, cid=2934, SUCCESS, logIndex=4409, commits[b5da6a4a-1459-46a4-9479-d2035163dbe2:c4410, 69c25b61-d669-4f17-b36d-41bca3df1f31:c4406, d2a7b1fa-fac6-4c6f-8c6d-9ac7414c70c3:c4406]
2019-07-14 04:23:55,594 INFO  client.GrpcClientProtocolClient (GrpcClientProtocolClient.java:onNext(255)) - client-8DB4338F17D0->b5da6a4a-1459-46a4-9479-d2035163dbe2: receive RaftClientReply:client-8DB4338F17D0->b5da6a4a-1459-46a4-9479-d2035163dbe2@group-4A9565783204, cid=2935, SUCCESS, logIndex=4410, commits[b5da6a4a-1459-46a4-9479-d2035163dbe2:c4410, 69c25b61-d669-4f17-b36d-41bca3df1f31:c4406, d2a7b1fa-fac6-4c6f-8c6d-9ac7414c70c3:c4406]
2019-07-14 04:23:55,597 INFO  client.GrpcClientProtocolClient (GrpcClientProtocolClient.java:onNext(255)) - client-8DB4338F17D0->b5da6a4a-1459-46a4-9479-d2035163dbe2: receive RaftClientReply:client-8DB4338F17D0->b5da6a4a-1459-46a4-9479-d2035163dbe2@group-4A9565783204, cid=2936, SUCCESS, logIndex=0, commits[b5da6a4a-1459-46a4-9479-d2035163dbe2:c4413, 69c25b61-d669-4f17-b36d-41bca3df1f31:c4408, d2a7b1fa-fac6-4c6f-8c6d-9ac7414c70c3:c4409]
2019-07-14 04:23:55,607 INFO  client.GrpcClientProtocolClient (GrpcClientProtocolClient.java:onNext(255)) - client-8DB4338F17D0->b5da6a4a-1459-46a4-9479-d2035163dbe2: receive RaftClientReply:client-8DB4338F17D0->b5da6a4a-1459-46a4-9479-d2035163dbe2@group-4A9565783204, cid=2937, SUCCESS, logIndex=4415, commits[b5da6a4a-1459-46a4-9479-d2035163dbe2:c4416, 69c25b61-d669-4f17-b36d-41bca3df1f31:c4414, d2a7b1fa-fac6-4c6f-8c6d-9ac7414c70c3:c4414]
2019-07-14 04:23:55,607 INFO  client.GrpcClientProtocolClient (GrpcClientProtocolClient.java:onNext(255)) - client-8DB4338F17D0->b5da6a4a-1459-46a4-9479-d2035163dbe2: receive RaftClientReply:client-8DB4338F17D0->b5da6a4a-1459-46a4-9479-d2035163dbe2@group-4A9565783204, cid=2938, SUCCESS, logIndex=4416, commits[b5da6a4a-1459-46a4-9479-d2035163dbe2:c4416, 69c25b61-d669-4f17-b36d-41bca3df1f31:c4414, d2a7b1fa-fac6-4c6f-8c6d-9ac7414c70c3:c4414]
2019-07-14 04:23:55,622 INFO  client.GrpcClientProtocolClient (GrpcClientProtocolClient.java:onNext(255)) - client-8DB4338F17D0->b5da6a4a-1459-46a4-9479-d2035163dbe2: receive RaftClientReply:client-8DB4338F17D0->b5da6a4a-1459-46a4-9479-d2035163dbe2@group-4A9565783204, cid=2939, SUCCESS, logIndex=4419, commits[b5da6a4a-1459-46a4-9479-d2035163dbe2:c4420, 69c25b61-d669-4f17-b36d-41bca3df1f31:c4417, d2a7b1fa-fac6-4c6f-8c6d-9ac7414c70c3:c4417]
2019-07-14 04:23:55,622 INFO  client.GrpcClientProtocolClient (GrpcClientProtocolClient.java:onNext(255)) - client-8DB4338F17D0->b5da6a4a-1459-46a4-9479-d2035163dbe2: receive RaftClientReply:client-8DB4338F17D0->b5da6a4a-1459-46a4-9479-d2035163dbe2@group-4A9565783204, cid=2940, SUCCESS, logIndex=4420, commits[b5da6a4a-1459-46a4-9479-d2035163dbe2:c4420, 69c25b61-d669-4f17-b36d-41bca3df1f31:c4417, d2a7b1fa-fac6-4c6f-8c6d-9ac7414c70c3:c4417]
2019-07-14 04:23:55,624 INFO  client.GrpcClientProtocolClient (GrpcClientProtocolClient.java:onNext(255)) - client-8DB4338F17D0->b5da6a4a-1459-46a4-9479-d2035163dbe2: receive RaftClientReply:client-8DB4338F17D0->b5da6a4a-1459-46a4-9479-d2035163dbe2@group-4A9565783204, cid=2941, SUCCESS, logIndex=0, commits[b5da6a4a-1459-46a4-9479-d2035163dbe2:c4421, 69c25b61-d669-4f17-b36d-41bca3df1f31:c4420, d2a7b1fa-fac6-4c6f-8c6d-9ac7414c70c3:c4420]
2019-07-14 04:23:55,647 INFO  client.GrpcClientProtocolClient (GrpcClientProtocolClient.java:onNext(255)) - client-8DB4338F17D0->b5da6a4a-1459-46a4-9479-d2035163dbe2: receive RaftClientReply:client-8DB4338F17D0->b5da6a4a-1459-46a4-9479-d2035163dbe2@group-4A9565783204, cid=2942, SUCCESS, logIndex=4423, commits[b5da6a4a-1459-46a4-9479-d2035163dbe2:c4424, 69c25b61-d669-4f17-b36d-41bca3df1f31:c4420, d2a7b1fa-fac6-4c6f-8c6d-9ac7414c70c3:c4422]
2019-07-14 04:23:55,647 INFO  client.GrpcClientProtocolClient (GrpcClientProtocolClient.java:onNext(255)) - client-8DB4338F17D0->b5da6a4a-1459-46a4-9479-d2035163dbe2: receive RaftClientReply:client-8DB4338F17D0->b5da6a4a-1459-46a4-9479-d2035163dbe2@group-4A9565783204, cid=2943, SUCCESS, logIndex=4424, commits[b5da6a4a-1459-46a4-9479-d2035163dbe2:c4424, 69c25b61-d669-4f17-b36d-41bca3df1f31:c4420, d2a7b1fa-fac6-4c6f-8c6d-9ac7414c70c3:c4422]
2019-07-14 04:23:55,650 INFO  client.GrpcClientProtocolClient (GrpcClientProtocolClient.java:onNext(255)) - client-8DB4338F17D0->b5da6a4a-1459-46a4-9479-d2035163dbe2: receive RaftClientReply:client-8DB4338F17D0->b5da6a4a-1459-46a4-9479-d2035163dbe2@group-4A9565783204, cid=2944, SUCCESS, logIndex=4425, commits[b5da6a4a-1459-46a4-9479-d2035163dbe2:c4426, 69c25b61-d669-4f17-b36d-41bca3df1f31:c4422, d2a7b1fa-fac6-4c6f-8c6d-9ac7414c70c3:c4422]
2019-07-14 04:23:55,650 INFO  client.GrpcClientProtocolClient (GrpcClientProtocolClient.java:onNext(255)) - client-8DB4338F17D0->b5da6a4a-1459-46a4-9479-d2035163dbe2: receive RaftClientReply:client-8DB4338F17D0->b5da6a4a-1459-46a4-9479-d2035163dbe2@group-4A9565783204, cid=2945, SUCCESS, logIndex=4426, commits[b5da6a4a-1459-46a4-9479-d2035163dbe2:c4426, 69c25b61-d669-4f17-b36d-41bca3df1f31:c4422, d2a7b1fa-fac6-4c6f-8c6d-9ac7414c70c3:c4422]
2019-07-14 04:23:55,654 INFO  client.GrpcClientProtocolClient (GrpcClientProtocolClient.java:onNext(255)) - client-8DB4338F17D0->b5da6a4a-1459-46a4-9479-d2035163dbe2: receive RaftClientReply:client-8DB4338F17D0->b5da6a4a-1459-46a4-9479-d2035163dbe2@group-4A9565783204, cid=2946, SUCCESS, logIndex=0, commits[b5da6a4a-1459-46a4-9479-d2035163dbe2:c4428, 69c25b61-d669-4f17-b36d-41bca3df1f31:c4424, d2a7b1fa-fac6-4c6f-8c6d-9ac7414c70c3:c4424]
2019-07-14 04:23:55,664 INFO  client.GrpcClientProtocolClient (GrpcClientProtocolClient.java:onNext(255)) - client-8DB4338F17D0->b5da6a4a-1459-46a4-9479-d2035163dbe2: receive RaftClientReply:client-8DB4338F17D0->b5da6a4a-1459-46a4-9479-d2035163dbe2@group-4A9565783204, cid=2947, SUCCESS, logIndex=4431, commits[b5da6a4a-1459-46a4-9479-d2035163dbe2:c4432, 69c25b61-d669-4f17-b36d-41bca3df1f31:c4426, d2a7b1fa-fac6-4c6f-8c6d-9ac7414c70c3:c4430]
2019-07-14 04:23:55,664 INFO  client.GrpcClientProtocolClient (GrpcClientProtocolClient.java:onNext(255)) - client-8DB4338F17D0->b5da6a4a-1459-46a4-9479-d2035163dbe2: receive RaftClientReply:client-8DB4338F17D0->b5da6a4a-1459-46a4-9479-d2035163dbe2@group-4A9565783204, cid=2948, SUCCESS, logIndex=4432, commits[b5da6a4a-1459-46a4-9479-d2035163dbe2:c4432, 69c25b61-d669-4f17-b36d-41bca3df1f31:c4430, d2a7b1fa-fac6-4c6f-8c6d-9ac7414c70c3:c4430]
2019-07-14 04:23:55,682 INFO  client.GrpcClientProtocolClient (GrpcClientProtocolClient.java:onNext(255)) - client-8DB4338F17D0->b5da6a4a-1459-46a4-9479-d2035163dbe2: receive RaftClientReply:client-8DB4338F17D0->b5da6a4a-1459-46a4-9479-d2035163dbe2@group-4A9565783204, cid=2949, SUCCESS, logIndex=4435, commits[b5da6a4a-1459-46a4-9479-d2035163dbe2:c4436, 69c25b61-d669-4f17-b36d-41bca3df1f31:c4434, d2a7b1fa-fac6-4c6f-8c6d-9ac7414c70c3:c4434]
2019-07-14 04:23:55,683 INFO  client.GrpcClientProtocolClient (GrpcClientProtocolClient.java:onNext(255)) - client-8DB4338F17D0->b5da6a4a-1459-46a4-9479-d2035163dbe2: receive RaftClientReply:client-8DB4338F17D0->b5da6a4a-1459-46a4-9479-d2035163dbe2@group-4A9565783204, cid=2950, SUCCESS, logIndex=4436, commits[b5da6a4a-1459-46a4-9479-d2035163dbe2:c4436, 69c25b61-d669-4f17-b36d-41bca3df1f31:c4434, d2a7b1fa-fac6-4c6f-8c6d-9ac7414c70c3:c4434]
2019-07-14 04:23:55,696 INFO  client.GrpcClientProtocolClient (GrpcClientProtocolClient.java:onNext(255)) - client-8DB4338F17D0->b5da6a4a-1459-46a4-9479-d2035163dbe2: receive RaftClientReply:client-8DB4338F17D0->b5da6a4a-1459-46a4-9479-d2035163dbe2@group-4A9565783204, cid=2951, SUCCESS, logIndex=0, commits[b5da6a4a-1459-46a4-9479-d2035163dbe2:c4438, 69c25b61-d669-4f17-b36d-41bca3df1f31:c4436, d2a7b1fa-fac6-4c6f-8c6d-9ac7414c70c3:c4436]
2019-07-14 04:23:55,724 INFO  client.GrpcClientProtocolClient (GrpcClientProtocolClient.java:onNext(255)) - client-8DB4338F17D0->b5da6a4a-1459-46a4-9479-d2035163dbe2: receive RaftClientReply:client-8DB4338F17D0->b5da6a4a-1459-46a4-9479-d2035163dbe2@group-4A9565783204, cid=2952, SUCCESS, logIndex=4439, commits[b5da6a4a-1459-46a4-9479-d2035163dbe2:c4440, 69c25b61-d669-4f17-b36d-41bca3df1f31:c4438, d2a7b1fa-fac6-4c6f-8c6d-9ac7414c70c3:c4438]
2019-07-14 04:23:55,724 INFO  client.GrpcClientProtocolClient (GrpcClientProtocolClient.java:onNext(255)) - client-8DB4338F17D0->b5da6a4a-1459-46a4-9479-d2035163dbe2: receive RaftClientReply:client-8DB4338F17D0->b5da6a4a-1459-46a4-9479-d2035163dbe2@group-4A9565783204, cid=2953, SUCCESS, logIndex=4440, commits[b5da6a4a-1459-46a4-9479-d2035163dbe2:c4440, 69c25b61-d669-4f17-b36d-41bca3df1f31:c4438, d2a7b1fa-fac6-4c6f-8c6d-9ac7414c70c3:c4438]
2019-07-14 04:23:55,724 INFO  client.GrpcClientProtocolClient (GrpcClientProtocolClient.java:onNext(255)) - client-8DB4338F17D0->b5da6a4a-1459-46a4-9479-d2035163dbe2: receive RaftClientReply:client-8DB4338F17D0->b5da6a4a-1459-46a4-9479-d2035163dbe2@group-4A9565783204, cid=2954, SUCCESS, logIndex=4441, commits[b5da6a4a-1459-46a4-9479-d2035163dbe2:c4442, 69c25b61-d669-4f17-b36d-41bca3df1f31:c4438, d2a7b1fa-fac6-4c6f-8c6d-9ac7414c70c3:c4438]
2019-07-14 04:23:55,725 INFO  client.GrpcClientProtocolClient (GrpcClientProtocolClient.java:onNext(255)) - client-8DB4338F17D0->b5da6a4a-1459-46a4-9479-d2035163dbe2: receive RaftClientReply:client-8DB4338F17D0->b5da6a4a-1459-46a4-9479-d2035163dbe2@group-4A9565783204, cid=2955, SUCCESS, logIndex=4442, commits[b5da6a4a-1459-46a4-9479-d2035163dbe2:c4442, 69c25b61-d669-4f17-b36d-41bca3df1f31:c4438, d2a7b1fa-fac6-4c6f-8c6d-9ac7414c70c3:c4438]
2019-07-14 04:23:55,730 INFO  client.GrpcClientProtocolClient (GrpcClientProtocolClient.java:onNext(255)) - client-8DB4338F17D0->b5da6a4a-1459-46a4-9479-d2035163dbe2: receive RaftClientReply:client-8DB4338F17D0->b5da6a4a-1459-46a4-9479-d2035163dbe2@group-4A9565783204, cid=2956, SUCCESS, logIndex=0, commits[b5da6a4a-1459-46a4-9479-d2035163dbe2:c4444, 69c25b61-d669-4f17-b36d-41bca3df1f31:c4440, d2a7b1fa-fac6-4c6f-8c6d-9ac7414c70c3:c4440]
2019-07-14 04:23:55,752 INFO  client.GrpcClientProtocolClient (GrpcClientProtocolClient.java:onNext(255)) - client-8DB4338F17D0->b5da6a4a-1459-46a4-9479-d2035163dbe2: receive RaftClientReply:client-8DB4338F17D0->b5da6a4a-1459-46a4-9479-d2035163dbe2@group-4A9565783204, cid=2957, SUCCESS, logIndex=4447, commits[b5da6a4a-1459-46a4-9479-d2035163dbe2:c4448, 69c25b61-d669-4f17-b36d-41bca3df1f31:c4446, d2a7b1fa-fac6-4c6f-8c6d-9ac7414c70c3:c4446]
2019-07-14 04:23:55,752 INFO  client.GrpcClientProtocolClient (GrpcClientProtocolClient.java:onNext(255)) - client-8DB4338F17D0->b5da6a4a-1459-46a4-9479-d2035163dbe2: receive RaftClientReply:client-8DB4338F17D0->b5da6a4a-1459-46a4-9479-d2035163dbe2@group-4A9565783204, cid=2958, SUCCESS, logIndex=4448, commits[b5da6a4a-1459-46a4-9479-d2035163dbe2:c4448, 69c25b61-d669-4f17-b36d-41bca3df1f31:c4446, d2a7b1fa-fac6-4c6f-8c6d-9ac7414c70c3:c4446]
2019-07-14 04:23:55,766 INFO  client.GrpcClientProtocolClient (GrpcClientProtocolClient.java:onNext(255)) - client-8DB4338F17D0->b5da6a4a-1459-46a4-9479-d2035163dbe2: receive RaftClientReply:client-8DB4338F17D0->b5da6a4a-1459-46a4-9479-d2035163dbe2@group-4A9565783204, cid=2959, SUCCESS, logIndex=4451, commits[b5da6a4a-1459-46a4-9479-d2035163dbe2:c4452, 69c25b61-d669-4f17-b36d-41bca3df1f31:c4448, d2a7b1fa-fac6-4c6f-8c6d-9ac7414c70c3:c4448]
2019-07-14 04:23:55,766 INFO  client.GrpcClientProtocolClient (GrpcClientProtocolClient.java:onNext(255)) - client-8DB4338F17D0->b5da6a4a-1459-46a4-9479-d2035163dbe2: receive RaftClientReply:client-8DB4338F17D0->b5da6a4a-1459-46a4-9479-d2035163dbe2@group-4A9565783204, cid=2960, SUCCESS, logIndex=4452, commits[b5da6a4a-1459-46a4-9479-d2035163dbe2:c4452, 69c25b61-d669-4f17-b36d-41bca3df1f31:c4448, d2a7b1fa-fac6-4c6f-8c6d-9ac7414c70c3:c4448]
2019-07-14 04:23:55,771 INFO  client.GrpcClientProtocolClient (GrpcClientProtocolClient.java:onNext(255)) - client-8DB4338F17D0->b5da6a4a-1459-46a4-9479-d2035163dbe2: receive RaftClientReply:client-8DB4338F17D0->b5da6a4a-1459-46a4-9479-d2035163dbe2@group-4A9565783204, cid=2961, SUCCESS, logIndex=0, commits[b5da6a4a-1459-46a4-9479-d2035163dbe2:c4454, 69c25b61-d669-4f17-b36d-41bca3df1f31:c4452, d2a7b1fa-fac6-4c6f-8c6d-9ac7414c70c3:c4452]
2019-07-14 04:23:55,792 INFO  client.GrpcClientProtocolClient (GrpcClientProtocolClient.java:onNext(255)) - client-8DB4338F17D0->b5da6a4a-1459-46a4-9479-d2035163dbe2: receive RaftClientReply:client-8DB4338F17D0->b5da6a4a-1459-46a4-9479-d2035163dbe2@group-4A9565783204, cid=2962, SUCCESS, logIndex=4455, commits[b5da6a4a-1459-46a4-9479-d2035163dbe2:c4456, 69c25b61-d669-4f17-b36d-41bca3df1f31:c4454, d2a7b1fa-fac6-4c6f-8c6d-9ac7414c70c3:c4454]
2019-07-14 04:23:55,793 INFO  client.GrpcClientProtocolClient (GrpcClientProtocolClient.java:onNext(255)) - client-8DB4338F17D0->b5da6a4a-1459-46a4-9479-d2035163dbe2: receive RaftClientReply:client-8DB4338F17D0->b5da6a4a-1459-46a4-9479-d2035163dbe2@group-4A9565783204, cid=2963, SUCCESS, logIndex=4456, commits[b5da6a4a-1459-46a4-9479-d2035163dbe2:c4456, 69c25b61-d669-4f17-b36d-41bca3df1f31:c4454, d2a7b1fa-fac6-4c6f-8c6d-9ac7414c70c3:c4454]
2019-07-14 04:23:55,793 INFO  client.GrpcClientProtocolClient (GrpcClientProtocolClient.java:onNext(255)) - client-8DB4338F17D0->b5da6a4a-1459-46a4-9479-d2035163dbe2: receive RaftClientReply:client-8DB4338F17D0->b5da6a4a-1459-46a4-9479-d2035163dbe2@group-4A9565783204, cid=2964, SUCCESS, logIndex=4457, commits[b5da6a4a-1459-46a4-9479-d2035163dbe2:c4458, 69c25b61-d669-4f17-b36d-41bca3df1f31:c4454, d2a7b1fa-fac6-4c6f-8c6d-9ac7414c70c3:c4454]
2019-07-14 04:23:55,794 INFO  client.GrpcClientProtocolClient (GrpcClientProtocolClient.java:onNext(255)) - client-8DB4338F17D0->b5da6a4a-1459-46a4-9479-d2035163dbe2: receive RaftClientReply:client-8DB4338F17D0->b5da6a4a-1459-46a4-9479-d2035163dbe2@group-4A9565783204, cid=2965, SUCCESS, logIndex=4458, commits[b5da6a4a-1459-46a4-9479-d2035163dbe2:c4458, 69c25b61-d669-4f17-b36d-41bca3df1f31:c4454, d2a7b1fa-fac6-4c6f-8c6d-9ac7414c70c3:c4454]
2019-07-14 04:23:55,797 INFO  client.GrpcClientProtocolClient (GrpcClientProtocolClient.java:onNext(255)) - client-8DB4338F17D0->b5da6a4a-1459-46a4-9479-d2035163dbe2: receive RaftClientReply:client-8DB4338F17D0->b5da6a4a-1459-46a4-9479-d2035163dbe2@group-4A9565783204, cid=2966, SUCCESS, logIndex=0, commits[b5da6a4a-1459-46a4-9479-d2035163dbe2:c4460, 69c25b61-d669-4f17-b36d-41bca3df1f31:c4456, d2a7b1fa-fac6-4c6f-8c6d-9ac7414c70c3:c4456]
2019-07-14 04:23:55,814 INFO  client.GrpcClientProtocolClient (GrpcClientProtocolClient.java:onNext(255)) - client-8DB4338F17D0->b5da6a4a-1459-46a4-9479-d2035163dbe2: receive RaftClientReply:client-8DB4338F17D0->b5da6a4a-1459-46a4-9479-d2035163dbe2@group-4A9565783204, cid=2967, SUCCESS, logIndex=4463, commits[b5da6a4a-1459-46a4-9479-d2035163dbe2:c4464, 69c25b61-d669-4f17-b36d-41bca3df1f31:c4462, d2a7b1fa-fac6-4c6f-8c6d-9ac7414c70c3:c4462]
2019-07-14 04:23:55,814 INFO  client.GrpcClientProtocolClient (GrpcClientProtocolClient.java:onNext(255)) - client-8DB4338F17D0->b5da6a4a-1459-46a4-9479-d2035163dbe2: receive RaftClientReply:client-8DB4338F17D0->b5da6a4a-1459-46a4-9479-d2035163dbe2@group-4A9565783204, cid=2968, SUCCESS, logIndex=4464, commits[b5da6a4a-1459-46a4-9479-d2035163dbe2:c4464, 69c25b61-d669-4f17-b36d-41bca3df1f31:c4462, d2a7b1fa-fac6-4c6f-8c6d-9ac7414c70c3:c4462]
2019-07-14 04:23:55,827 INFO  client.GrpcClientProtocolClient (GrpcClientProtocolClient.java:onNext(255)) - client-8DB4338F17D0->b5da6a4a-1459-46a4-9479-d2035163dbe2: receive RaftClientReply:client-8DB4338F17D0->b5da6a4a-1459-46a4-9479-d2035163dbe2@group-4A9565783204, cid=2969, SUCCESS, logIndex=4467, commits[b5da6a4a-1459-46a4-9479-d2035163dbe2:c4468, 69c25b61-d669-4f17-b36d-41bca3df1f31:c4464, d2a7b1fa-fac6-4c6f-8c6d-9ac7414c70c3:c4464]
2019-07-14 04:23:55,828 INFO  client.GrpcClientProtocolClient (GrpcClientProtocolClient.java:onNext(255)) - client-8DB4338F17D0->b5da6a4a-1459-46a4-9479-d2035163dbe2: receive RaftClientReply:client-8DB4338F17D0->b5da6a4a-1459-46a4-9479-d2035163dbe2@group-4A9565783204, cid=2970, SUCCESS, logIndex=4468, commits[b5da6a4a-1459-46a4-9479-d2035163dbe2:c4468, 69c25b61-d669-4f17-b36d-41bca3df1f31:c4464, d2a7b1fa-fac6-4c6f-8c6d-9ac7414c70c3:c4464]
2019-07-14 04:23:55,837 INFO  client.GrpcClientProtocolClient (GrpcClientProtocolClient.java:onNext(255)) - client-8DB4338F17D0->b5da6a4a-1459-46a4-9479-d2035163dbe2: receive RaftClientReply:client-8DB4338F17D0->b5da6a4a-1459-46a4-9479-d2035163dbe2@group-4A9565783204, cid=2971, SUCCESS, logIndex=0, commits[b5da6a4a-1459-46a4-9479-d2035163dbe2:c4469, 69c25b61-d669-4f17-b36d-41bca3df1f31:c4468, d2a7b1fa-fac6-4c6f-8c6d-9ac7414c70c3:c4468]
2019-07-14 04:23:55,866 INFO  client.GrpcClientProtocolClient (GrpcClientProtocolClient.java:onNext(255)) - client-8DB4338F17D0->b5da6a4a-1459-46a4-9479-d2035163dbe2: receive RaftClientReply:client-8DB4338F17D0->b5da6a4a-1459-46a4-9479-d2035163dbe2@group-4A9565783204, cid=2972, SUCCESS, logIndex=4471, commits[b5da6a4a-1459-46a4-9479-d2035163dbe2:c4472, 69c25b61-d669-4f17-b36d-41bca3df1f31:c4468, d2a7b1fa-fac6-4c6f-8c6d-9ac7414c70c3:c4470]
2019-07-14 04:23:55,866 INFO  client.GrpcClientProtocolClient (GrpcClientProtocolClient.java:onNext(255)) - client-8DB4338F17D0->b5da6a4a-1459-46a4-9479-d2035163dbe2: receive RaftClientReply:client-8DB4338F17D0->b5da6a4a-1459-46a4-9479-d2035163dbe2@group-4A9565783204, cid=2973, SUCCESS, logIndex=4472, commits[b5da6a4a-1459-46a4-9479-d2035163dbe2:c4472, 69c25b61-d669-4f17-b36d-41bca3df1f31:c4470, d2a7b1fa-fac6-4c6f-8c6d-9ac7414c70c3:c4470]
2019-07-14 04:23:55,866 INFO  client.GrpcClientProtocolClient (GrpcClientProtocolClient.java:onNext(255)) - client-8DB4338F17D0->b5da6a4a-1459-46a4-9479-d2035163dbe2: receive RaftClientReply:client-8DB4338F17D0->b5da6a4a-1459-46a4-9479-d2035163dbe2@group-4A9565783204, cid=2974, SUCCESS, logIndex=4473, commits[b5da6a4a-1459-46a4-9479-d2035163dbe2:c4474, 69c25b61-d669-4f17-b36d-41bca3df1f31:c4470, d2a7b1fa-fac6-4c6f-8c6d-9ac7414c70c3:c4470]
2019-07-14 04:23:55,867 INFO  client.GrpcClientProtocolClient (GrpcClientProtocolClient.java:onNext(255)) - client-8DB4338F17D0->b5da6a4a-1459-46a4-9479-d2035163dbe2: receive RaftClientReply:client-8DB4338F17D0->b5da6a4a-1459-46a4-9479-d2035163dbe2@group-4A9565783204, cid=2975, SUCCESS, logIndex=4474, commits[b5da6a4a-1459-46a4-9479-d2035163dbe2:c4474, 69c25b61-d669-4f17-b36d-41bca3df1f31:c4470, d2a7b1fa-fac6-4c6f-8c6d-9ac7414c70c3:c4470]
2019-07-14 04:23:55,870 INFO  client.GrpcClientProtocolClient (GrpcClientProtocolClient.java:onNext(255)) - client-8DB4338F17D0->b5da6a4a-1459-46a4-9479-d2035163dbe2: receive RaftClientReply:client-8DB4338F17D0->b5da6a4a-1459-46a4-9479-d2035163dbe2@group-4A9565783204, cid=2976, SUCCESS, logIndex=0, commits[b5da6a4a-1459-46a4-9479-d2035163dbe2:c4476, 69c25b61-d669-4f17-b36d-41bca3df1f31:c4472, d2a7b1fa-fac6-4c6f-8c6d-9ac7414c70c3:c4472]
2019-07-14 04:23:55,889 INFO  client.GrpcClientProtocolClient (GrpcClientProtocolClient.java:onNext(255)) - client-8DB4338F17D0->b5da6a4a-1459-46a4-9479-d2035163dbe2: receive RaftClientReply:client-8DB4338F17D0->b5da6a4a-1459-46a4-9479-d2035163dbe2@group-4A9565783204, cid=2977, SUCCESS, logIndex=4479, commits[b5da6a4a-1459-46a4-9479-d2035163dbe2:c4480, 69c25b61-d669-4f17-b36d-41bca3df1f31:c4478, d2a7b1fa-fac6-4c6f-8c6d-9ac7414c70c3:c4478]
2019-07-14 04:23:55,889 INFO  client.GrpcClientProtocolClient (GrpcClientProtocolClient.java:onNext(255)) - client-8DB4338F17D0->b5da6a4a-1459-46a4-9479-d2035163dbe2: receive RaftClientReply:client-8DB4338F17D0->b5da6a4a-1459-46a4-9479-d2035163dbe2@group-4A9565783204, cid=2978, SUCCESS, logIndex=4480, commits[b5da6a4a-1459-46a4-9479-d2035163dbe2:c4480, 69c25b61-d669-4f17-b36d-41bca3df1f31:c4478, d2a7b1fa-fac6-4c6f-8c6d-9ac7414c70c3:c4478]
2019-07-14 04:23:55,902 INFO  client.GrpcClientProtocolClient (GrpcClientProtocolClient.java:onNext(255)) - client-8DB4338F17D0->b5da6a4a-1459-46a4-9479-d2035163dbe2: receive RaftClientReply:client-8DB4338F17D0->b5da6a4a-1459-46a4-9479-d2035163dbe2@group-4A9565783204, cid=2979, SUCCESS, logIndex=4483, commits[b5da6a4a-1459-46a4-9479-d2035163dbe2:c4483, 69c25b61-d669-4f17-b36d-41bca3df1f31:c4480, d2a7b1fa-fac6-4c6f-8c6d-9ac7414c70c3:c4480]
2019-07-14 04:23:55,902 INFO  client.GrpcClientProtocolClient (GrpcClientProtocolClient.java:onNext(255)) - client-8DB4338F17D0->b5da6a4a-1459-46a4-9479-d2035163dbe2: receive RaftClientReply:client-8DB4338F17D0->b5da6a4a-1459-46a4-9479-d2035163dbe2@group-4A9565783204, cid=2980, SUCCESS, logIndex=4484, commits[b5da6a4a-1459-46a4-9479-d2035163dbe2:c4484, 69c25b61-d669-4f17-b36d-41bca3df1f31:c4480, d2a7b1fa-fac6-4c6f-8c6d-9ac7414c70c3:c4480]
2019-07-14 04:23:55,906 INFO  client.GrpcClientProtocolClient (GrpcClientProtocolClient.java:onNext(255)) - client-8DB4338F17D0->b5da6a4a-1459-46a4-9479-d2035163dbe2: receive RaftClientReply:client-8DB4338F17D0->b5da6a4a-1459-46a4-9479-d2035163dbe2@group-4A9565783204, cid=2981, SUCCESS, logIndex=0, commits[b5da6a4a-1459-46a4-9479-d2035163dbe2:c4486, 69c25b61-d669-4f17-b36d-41bca3df1f31:c4484, d2a7b1fa-fac6-4c6f-8c6d-9ac7414c70c3:c4484]
2019-07-14 04:23:55,934 INFO  client.GrpcClientProtocolClient (GrpcClientProtocolClient.java:onNext(255)) - client-8DB4338F17D0->b5da6a4a-1459-46a4-9479-d2035163dbe2: receive RaftClientReply:client-8DB4338F17D0->b5da6a4a-1459-46a4-9479-d2035163dbe2@group-4A9565783204, cid=2982, SUCCESS, logIndex=4487, commits[b5da6a4a-1459-46a4-9479-d2035163dbe2:c4488, 69c25b61-d669-4f17-b36d-41bca3df1f31:c4486, d2a7b1fa-fac6-4c6f-8c6d-9ac7414c70c3:c4486]
2019-07-14 04:23:55,935 INFO  client.GrpcClientProtocolClient (GrpcClientProtocolClient.java:onNext(255)) - client-8DB4338F17D0->b5da6a4a-1459-46a4-9479-d2035163dbe2: receive RaftClientReply:client-8DB4338F17D0->b5da6a4a-1459-46a4-9479-d2035163dbe2@group-4A9565783204, cid=2983, SUCCESS, logIndex=4488, commits[b5da6a4a-1459-46a4-9479-d2035163dbe2:c4490, 69c25b61-d669-4f17-b36d-41bca3df1f31:c4486, d2a7b1fa-fac6-4c6f-8c6d-9ac7414c70c3:c4486]
2019-07-14 04:23:55,935 INFO  client.GrpcClientProtocolClient (GrpcClientProtocolClient.java:onNext(255)) - client-8DB4338F17D0->b5da6a4a-1459-46a4-9479-d2035163dbe2: receive RaftClientReply:client-8DB4338F17D0->b5da6a4a-1459-46a4-9479-d2035163dbe2@group-4A9565783204, cid=2984, SUCCESS, logIndex=4489, commits[b5da6a4a-1459-46a4-9479-d2035163dbe2:c4490, 69c25b61-d669-4f17-b36d-41bca3df1f31:c4486, d2a7b1fa-fac6-4c6f-8c6d-9ac7414c70c3:c4486]
2019-07-14 04:23:55,935 INFO  client.GrpcClientProtocolClient (GrpcClientProtocolClient.java:onNext(255)) - client-8DB4338F17D0->b5da6a4a-1459-46a4-9479-d2035163dbe2: receive RaftClientReply:client-8DB4338F17D0->b5da6a4a-1459-46a4-9479-d2035163dbe2@group-4A9565783204, cid=2985, SUCCESS, logIndex=4490, commits[b5da6a4a-1459-46a4-9479-d2035163dbe2:c4490, 69c25b61-d669-4f17-b36d-41bca3df1f31:c4486, d2a7b1fa-fac6-4c6f-8c6d-9ac7414c70c3:c4486]
2019-07-14 04:23:55,938 INFO  client.GrpcClientProtocolClient (GrpcClientProtocolClient.java:onNext(255)) - client-8DB4338F17D0->b5da6a4a-1459-46a4-9479-d2035163dbe2: receive RaftClientReply:client-8DB4338F17D0->b5da6a4a-1459-46a4-9479-d2035163dbe2@group-4A9565783204, cid=2986, SUCCESS, logIndex=0, commits[b5da6a4a-1459-46a4-9479-d2035163dbe2:c4494, 69c25b61-d669-4f17-b36d-41bca3df1f31:c4490, d2a7b1fa-fac6-4c6f-8c6d-9ac7414c70c3:c4488]
2019-07-14 04:23:55,956 INFO  client.GrpcClientProtocolClient (GrpcClientProtocolClient.java:onNext(255)) - client-8DB4338F17D0->b5da6a4a-1459-46a4-9479-d2035163dbe2: receive RaftClientReply:client-8DB4338F17D0->b5da6a4a-1459-46a4-9479-d2035163dbe2@group-4A9565783204, cid=2987, SUCCESS, logIndex=4495, commits[b5da6a4a-1459-46a4-9479-d2035163dbe2:c4496, 69c25b61-d669-4f17-b36d-41bca3df1f31:c4494, d2a7b1fa-fac6-4c6f-8c6d-9ac7414c70c3:c4494]
2019-07-14 04:23:55,956 INFO  client.GrpcClientProtocolClient (GrpcClientProtocolClient.java:onNext(255)) - client-8DB4338F17D0->b5da6a4a-1459-46a4-9479-d2035163dbe2: receive RaftClientReply:client-8DB4338F17D0->b5da6a4a-1459-46a4-9479-d2035163dbe2@group-4A9565783204, cid=2988, SUCCESS, logIndex=4496, commits[b5da6a4a-1459-46a4-9479-d2035163dbe2:c4496, 69c25b61-d669-4f17-b36d-41bca3df1f31:c4494, d2a7b1fa-fac6-4c6f-8c6d-9ac7414c70c3:c4494]
2019-07-14 04:23:56,077 INFO  client.GrpcClientProtocolClient (GrpcClientProtocolClient.java:onNext(255)) - client-8DB4338F17D0->b5da6a4a-1459-46a4-9479-d2035163dbe2: receive RaftClientReply:client-8DB4338F17D0->b5da6a4a-1459-46a4-9479-d2035163dbe2@group-4A9565783204, cid=2989, SUCCESS, logIndex=4499, commits[b5da6a4a-1459-46a4-9479-d2035163dbe2:c4500, 69c25b61-d669-4f17-b36d-41bca3df1f31:c4496, d2a7b1fa-fac6-4c6f-8c6d-9ac7414c70c3:c4496]
2019-07-14 04:23:56,078 INFO  client.GrpcClientProtocolClient (GrpcClientProtocolClient.java:onNext(255)) - client-8DB4338F17D0->b5da6a4a-1459-46a4-9479-d2035163dbe2: receive RaftClientReply:client-8DB4338F17D0->b5da6a4a-1459-46a4-9479-d2035163dbe2@group-4A9565783204, cid=2990, SUCCESS, logIndex=4500, commits[b5da6a4a-1459-46a4-9479-d2035163dbe2:c4500, 69c25b61-d669-4f17-b36d-41bca3df1f31:c4496, d2a7b1fa-fac6-4c6f-8c6d-9ac7414c70c3:c4496]
2019-07-14 04:23:56,084 INFO  client.GrpcClientProtocolClient (GrpcClientProtocolClient.java:onNext(255)) - client-8DB4338F17D0->b5da6a4a-1459-46a4-9479-d2035163dbe2: receive RaftClientReply:client-8DB4338F17D0->b5da6a4a-1459-46a4-9479-d2035163dbe2@group-4A9565783204, cid=2991, SUCCESS, logIndex=0, commits[b5da6a4a-1459-46a4-9479-d2035163dbe2:c4502, 69c25b61-d669-4f17-b36d-41bca3df1f31:c4500, d2a7b1fa-fac6-4c6f-8c6d-9ac7414c70c3:c4500]
2019-07-14 04:23:56,110 INFO  client.GrpcClientProtocolClient (GrpcClientProtocolClient.java:onNext(255)) - client-8DB4338F17D0->b5da6a4a-1459-46a4-9479-d2035163dbe2: receive RaftClientReply:client-8DB4338F17D0->b5da6a4a-1459-46a4-9479-d2035163dbe2@group-4A9565783204, cid=2992, SUCCESS, logIndex=4503, commits[b5da6a4a-1459-46a4-9479-d2035163dbe2:c4504, 69c25b61-d669-4f17-b36d-41bca3df1f31:c4502, d2a7b1fa-fac6-4c6f-8c6d-9ac7414c70c3:c4502]
2019-07-14 04:23:56,110 INFO  client.GrpcClientProtocolClient (GrpcClientProtocolClient.java:onNext(255)) - client-8DB4338F17D0->b5da6a4a-1459-46a4-9479-d2035163dbe2: receive RaftClientReply:client-8DB4338F17D0->b5da6a4a-1459-46a4-9479-d2035163dbe2@group-4A9565783204, cid=2993, SUCCESS, logIndex=4504, commits[b5da6a4a-1459-46a4-9479-d2035163dbe2:c4504, 69c25b61-d669-4f17-b36d-41bca3df1f31:c4502, d2a7b1fa-fac6-4c6f-8c6d-9ac7414c70c3:c4502]
2019-07-14 04:23:56,114 INFO  client.GrpcClientProtocolClient (GrpcClientProtocolClient.java:onNext(255)) - client-8DB4338F17D0->b5da6a4a-1459-46a4-9479-d2035163dbe2: receive RaftClientReply:client-8DB4338F17D0->b5da6a4a-1459-46a4-9479-d2035163dbe2@group-4A9565783204, cid=2994, SUCCESS, logIndex=4505, commits[b5da6a4a-1459-46a4-9479-d2035163dbe2:c4507, 69c25b61-d669-4f17-b36d-41bca3df1f31:c4502, d2a7b1fa-fac6-4c6f-8c6d-9ac7414c70c3:c4504]
2019-07-14 04:23:56,114 INFO  client.GrpcClientProtocolClient (GrpcClientProtocolClient.java:onNext(255)) - client-8DB4338F17D0->b5da6a4a-1459-46a4-9479-d2035163dbe2: receive RaftClientReply:client-8DB4338F17D0->b5da6a4a-1459-46a4-9479-d2035163dbe2@group-4A9565783204, cid=2995, SUCCESS, logIndex=4506, commits[b5da6a4a-1459-46a4-9479-d2035163dbe2:c4508, 69c25b61-d669-4f17-b36d-41bca3df1f31:c4502, d2a7b1fa-fac6-4c6f-8c6d-9ac7414c70c3:c4504]
2019-07-14 04:23:56,115 INFO  client.GrpcClientProtocolClient (GrpcClientProtocolClient.java:onNext(255)) - client-8DB4338F17D0->b5da6a4a-1459-46a4-9479-d2035163dbe2: receive RaftClientReply:client-8DB4338F17D0->b5da6a4a-1459-46a4-9479-d2035163dbe2@group-4A9565783204, cid=2996, SUCCESS, logIndex=0, commits[b5da6a4a-1459-46a4-9479-d2035163dbe2:c4508, 69c25b61-d669-4f17-b36d-41bca3df1f31:c4504, d2a7b1fa-fac6-4c6f-8c6d-9ac7414c70c3:c4504]
2019-07-14 04:23:56,128 INFO  client.GrpcClientProtocolClient (GrpcClientProtocolClient.java:onNext(255)) - client-8DB4338F17D0->b5da6a4a-1459-46a4-9479-d2035163dbe2: receive RaftClientReply:client-8DB4338F17D0->b5da6a4a-1459-46a4-9479-d2035163dbe2@group-4A9565783204, cid=2997, SUCCESS, logIndex=4511, commits[b5da6a4a-1459-46a4-9479-d2035163dbe2:c4512, 69c25b61-d669-4f17-b36d-41bca3df1f31:c4510, d2a7b1fa-fac6-4c6f-8c6d-9ac7414c70c3:c4506]
2019-07-14 04:23:56,128 INFO  client.GrpcClientProtocolClient (GrpcClientProtocolClient.java:onNext(255)) - client-8DB4338F17D0->b5da6a4a-1459-46a4-9479-d2035163dbe2: receive RaftClientReply:client-8DB4338F17D0->b5da6a4a-1459-46a4-9479-d2035163dbe2@group-4A9565783204, cid=2998, SUCCESS, logIndex=4512, commits[b5da6a4a-1459-46a4-9479-d2035163dbe2:c4512, 69c25b61-d669-4f17-b36d-41bca3df1f31:c4510, d2a7b1fa-fac6-4c6f-8c6d-9ac7414c70c3:c4510]
2019-07-14 04:23:56,147 INFO  client.GrpcClientProtocolClient (GrpcClientProtocolClient.java:onNext(255)) - client-8DB4338F17D0->b5da6a4a-1459-46a4-9479-d2035163dbe2: receive RaftClientReply:client-8DB4338F17D0->b5da6a4a-1459-46a4-9479-d2035163dbe2@group-4A9565783204, cid=2999, SUCCESS, logIndex=4514, commits[b5da6a4a-1459-46a4-9479-d2035163dbe2:c4515, 69c25b61-d669-4f17-b36d-41bca3df1f31:c4513, d2a7b1fa-fac6-4c6f-8c6d-9ac7414c70c3:c4513]
2019-07-14 04:23:56,147 INFO  client.GrpcClientProtocolClient (GrpcClientProtocolClient.java:onNext(255)) - client-8DB4338F17D0->b5da6a4a-1459-46a4-9479-d2035163dbe2: receive RaftClientReply:client-8DB4338F17D0->b5da6a4a-1459-46a4-9479-d2035163dbe2@group-4A9565783204, cid=3000, SUCCESS, logIndex=4515, commits[b5da6a4a-1459-46a4-9479-d2035163dbe2:c4515, 69c25b61-d669-4f17-b36d-41bca3df1f31:c4513, d2a7b1fa-fac6-4c6f-8c6d-9ac7414c70c3:c4513]
2019-07-14 04:23:56,160 INFO  client.GrpcClientProtocolClient (GrpcClientProtocolClient.java:onNext(255)) - client-8DB4338F17D0->b5da6a4a-1459-46a4-9479-d2035163dbe2: receive RaftClientReply:client-8DB4338F17D0->b5da6a4a-1459-46a4-9479-d2035163dbe2@group-4A9565783204, cid=3001, SUCCESS, logIndex=0, commits[b5da6a4a-1459-46a4-9479-d2035163dbe2:c4517, 69c25b61-d669-4f17-b36d-41bca3df1f31:c4515, d2a7b1fa-fac6-4c6f-8c6d-9ac7414c70c3:c4515]
2019-07-14 04:23:56,188 INFO  client.GrpcClientProtocolClient (GrpcClientProtocolClient.java:onNext(255)) - client-8DB4338F17D0->b5da6a4a-1459-46a4-9479-d2035163dbe2: receive RaftClientReply:client-8DB4338F17D0->b5da6a4a-1459-46a4-9479-d2035163dbe2@group-4A9565783204, cid=3002, SUCCESS, logIndex=4518, commits[b5da6a4a-1459-46a4-9479-d2035163dbe2:c4519, 69c25b61-d669-4f17-b36d-41bca3df1f31:c4517, d2a7b1fa-fac6-4c6f-8c6d-9ac7414c70c3:c4517]
2019-07-14 04:23:56,189 INFO  client.GrpcClientProtocolClient (GrpcClientProtocolClient.java:onNext(255)) - client-8DB4338F17D0->b5da6a4a-1459-46a4-9479-d2035163dbe2: receive RaftClientReply:client-8DB4338F17D0->b5da6a4a-1459-46a4-9479-d2035163dbe2@group-4A9565783204, cid=3003, SUCCESS, logIndex=4519, commits[b5da6a4a-1459-46a4-9479-d2035163dbe2:c4521, 69c25b61-d669-4f17-b36d-41bca3df1f31:c4517, d2a7b1fa-fac6-4c6f-8c6d-9ac7414c70c3:c4517]
2019-07-14 04:23:56,189 INFO  client.GrpcClientProtocolClient (GrpcClientProtocolClient.java:onNext(255)) - client-8DB4338F17D0->b5da6a4a-1459-46a4-9479-d2035163dbe2: receive RaftClientReply:client-8DB4338F17D0->b5da6a4a-1459-46a4-9479-d2035163dbe2@group-4A9565783204, cid=3004, SUCCESS, logIndex=4520, commits[b5da6a4a-1459-46a4-9479-d2035163dbe2:c4521, 69c25b61-d669-4f17-b36d-41bca3df1f31:c4517, d2a7b1fa-fac6-4c6f-8c6d-9ac7414c70c3:c4517]
2019-07-14 04:23:56,189 INFO  client.GrpcClientProtocolClient (GrpcClientProtocolClient.java:onNext(255)) - client-8DB4338F17D0->b5da6a4a-1459-46a4-9479-d2035163dbe2: receive RaftClientReply:client-8DB4338F17D0->b5da6a4a-1459-46a4-9479-d2035163dbe2@group-4A9565783204, cid=3005, SUCCESS, logIndex=4521, commits[b5da6a4a-1459-46a4-9479-d2035163dbe2:c4521, 69c25b61-d669-4f17-b36d-41bca3df1f31:c4517, d2a7b1fa-fac6-4c6f-8c6d-9ac7414c70c3:c4517]
2019-07-14 04:23:56,193 INFO  client.GrpcClientProtocolClient (GrpcClientProtocolClient.java:onNext(255)) - client-8DB4338F17D0->b5da6a4a-1459-46a4-9479-d2035163dbe2: receive RaftClientReply:client-8DB4338F17D0->b5da6a4a-1459-46a4-9479-d2035163dbe2@group-4A9565783204, cid=3006, SUCCESS, logIndex=0, commits[b5da6a4a-1459-46a4-9479-d2035163dbe2:c4524, 69c25b61-d669-4f17-b36d-41bca3df1f31:c4519, d2a7b1fa-fac6-4c6f-8c6d-9ac7414c70c3:c4521]
2019-07-14 04:23:56,214 INFO  client.GrpcClientProtocolClient (GrpcClientProtocolClient.java:onNext(255)) - client-8DB4338F17D0->b5da6a4a-1459-46a4-9479-d2035163dbe2: receive RaftClientReply:client-8DB4338F17D0->b5da6a4a-1459-46a4-9479-d2035163dbe2@group-4A9565783204, cid=3007, SUCCESS, logIndex=4525, commits[b5da6a4a-1459-46a4-9479-d2035163dbe2:c4526, 69c25b61-d669-4f17-b36d-41bca3df1f31:c4524, d2a7b1fa-fac6-4c6f-8c6d-9ac7414c70c3:c4524]
2019-07-14 04:23:56,215 INFO  client.GrpcClientProtocolClient (GrpcClientProtocolClient.java:onNext(255)) - client-8DB4338F17D0->b5da6a4a-1459-46a4-9479-d2035163dbe2: receive RaftClientReply:client-8DB4338F17D0->b5da6a4a-1459-46a4-9479-d2035163dbe2@group-4A9565783204, cid=3008, SUCCESS, logIndex=4526, commits[b5da6a4a-1459-46a4-9479-d2035163dbe2:c4526, 69c25b61-d669-4f17-b36d-41bca3df1f31:c4524, d2a7b1fa-fac6-4c6f-8c6d-9ac7414c70c3:c4524]
2019-07-14 04:23:56,228 INFO  client.GrpcClientProtocolClient (GrpcClientProtocolClient.java:onNext(255)) - client-8DB4338F17D0->b5da6a4a-1459-46a4-9479-d2035163dbe2: receive RaftClientReply:client-8DB4338F17D0->b5da6a4a-1459-46a4-9479-d2035163dbe2@group-4A9565783204, cid=3009, SUCCESS, logIndex=4529, commits[b5da6a4a-1459-46a4-9479-d2035163dbe2:c4530, 69c25b61-d669-4f17-b36d-41bca3df1f31:c4526, d2a7b1fa-fac6-4c6f-8c6d-9ac7414c70c3:c4526]
2019-07-14 04:23:56,228 INFO  client.GrpcClientProtocolClient (GrpcClientProtocolClient.java:onNext(255)) - client-8DB4338F17D0->b5da6a4a-1459-46a4-9479-d2035163dbe2: receive RaftClientReply:client-8DB4338F17D0->b5da6a4a-1459-46a4-9479-d2035163dbe2@group-4A9565783204, cid=3010, SUCCESS, logIndex=4530, commits[b5da6a4a-1459-46a4-9479-d2035163dbe2:c4530, 69c25b61-d669-4f17-b36d-41bca3df1f31:c4526, d2a7b1fa-fac6-4c6f-8c6d-9ac7414c70c3:c4526]
2019-07-14 04:23:56,233 INFO  client.GrpcClientProtocolClient (GrpcClientProtocolClient.java:onNext(255)) - client-8DB4338F17D0->b5da6a4a-1459-46a4-9479-d2035163dbe2: receive RaftClientReply:client-8DB4338F17D0->b5da6a4a-1459-46a4-9479-d2035163dbe2@group-4A9565783204, cid=3011, SUCCESS, logIndex=0, commits[b5da6a4a-1459-46a4-9479-d2035163dbe2:c4532, 69c25b61-d669-4f17-b36d-41bca3df1f31:c4530, d2a7b1fa-fac6-4c6f-8c6d-9ac7414c70c3:c4530]
 0.00% |█                                                                                                    |  0/1 Time: 0:00:212019-07-14 04:23:56,263 INFO  client.GrpcClientProtocolClient (GrpcClientProtocolClient.java:onNext(255)) - client-8DB4338F17D0->b5da6a4a-1459-46a4-9479-d2035163dbe2: receive RaftClientReply:client-8DB4338F17D0->b5da6a4a-1459-46a4-9479-d2035163dbe2@group-4A9565783204, cid=3012, SUCCESS, logIndex=4533, commits[b5da6a4a-1459-46a4-9479-d2035163dbe2:c4534, 69c25b61-d669-4f17-b36d-41bca3df1f31:c4532, d2a7b1fa-fac6-4c6f-8c6d-9ac7414c70c3:c4532]
2019-07-14 04:23:56,264 INFO  client.GrpcClientProtocolClient (GrpcClientProtocolClient.java:onNext(255)) - client-8DB4338F17D0->b5da6a4a-1459-46a4-9479-d2035163dbe2: receive RaftClientReply:client-8DB4338F17D0->b5da6a4a-1459-46a4-9479-d2035163dbe2@group-4A9565783204, cid=3013, SUCCESS, logIndex=4534, commits[b5da6a4a-1459-46a4-9479-d2035163dbe2:c4536, 69c25b61-d669-4f17-b36d-41bca3df1f31:c4532, d2a7b1fa-fac6-4c6f-8c6d-9ac7414c70c3:c4532]
2019-07-14 04:23:56,265 INFO  client.GrpcClientProtocolClient (GrpcClientProtocolClient.java:onNext(255)) - client-8DB4338F17D0->b5da6a4a-1459-46a4-9479-d2035163dbe2: receive RaftClientReply:client-8DB4338F17D0->b5da6a4a-1459-46a4-9479-d2035163dbe2@group-4A9565783204, cid=3014, SUCCESS, logIndex=4535, commits[b5da6a4a-1459-46a4-9479-d2035163dbe2:c4536, 69c25b61-d669-4f17-b36d-41bca3df1f31:c4532, d2a7b1fa-fac6-4c6f-8c6d-9ac7414c70c3:c4532]
2019-07-14 04:23:56,265 INFO  client.GrpcClientProtocolClient (GrpcClientProtocolClient.java:onNext(255)) - client-8DB4338F17D0->b5da6a4a-1459-46a4-9479-d2035163dbe2: receive RaftClientReply:client-8DB4338F17D0->b5da6a4a-1459-46a4-9479-d2035163dbe2@group-4A9565783204, cid=3015, SUCCESS, logIndex=4536, commits[b5da6a4a-1459-46a4-9479-d2035163dbe2:c4536, 69c25b61-d669-4f17-b36d-41bca3df1f31:c4532, d2a7b1fa-fac6-4c6f-8c6d-9ac7414c70c3:c4532]
2019-07-14 04:23:56,266 INFO  client.GrpcClientProtocolClient (GrpcClientProtocolClient.java:onNext(255)) - client-8DB4338F17D0->b5da6a4a-1459-46a4-9479-d2035163dbe2: receive RaftClientReply:client-8DB4338F17D0->b5da6a4a-1459-46a4-9479-d2035163dbe2@group-4A9565783204, cid=3016, SUCCESS, logIndex=0, commits[b5da6a4a-1459-46a4-9479-d2035163dbe2:c4539, 69c25b61-d669-4f17-b36d-41bca3df1f31:c4536, d2a7b1fa-fac6-4c6f-8c6d-9ac7414c70c3:c4534]
2019-07-14 04:23:56,286 INFO  client.GrpcClientProtocolClient (GrpcClientProtocolClient.java:onNext(255)) - client-8DB4338F17D0->b5da6a4a-1459-46a4-9479-d2035163dbe2: receive RaftClientReply:client-8DB4338F17D0->b5da6a4a-1459-46a4-9479-d2035163dbe2@group-4A9565783204, cid=3017, SUCCESS, logIndex=4540, commits[b5da6a4a-1459-46a4-9479-d2035163dbe2:c4541, 69c25b61-d669-4f17-b36d-41bca3df1f31:c4539, d2a7b1fa-fac6-4c6f-8c6d-9ac7414c70c3:c4539]
2019-07-14 04:23:56,287 INFO  client.GrpcClientProtocolClient (GrpcClientProtocolClient.java:onNext(255)) - client-8DB4338F17D0->b5da6a4a-1459-46a4-9479-d2035163dbe2: receive RaftClientReply:client-8DB4338F17D0->b5da6a4a-1459-46a4-9479-d2035163dbe2@group-4A9565783204, cid=3018, SUCCESS, logIndex=4541, commits[b5da6a4a-1459-46a4-9479-d2035163dbe2:c4541, 69c25b61-d669-4f17-b36d-41bca3df1f31:c4539, d2a7b1fa-fac6-4c6f-8c6d-9ac7414c70c3:c4539]
2019-07-14 04:23:56,298 INFO  client.GrpcClientProtocolClient (GrpcClientProtocolClient.java:onNext(255)) - client-8DB4338F17D0->b5da6a4a-1459-46a4-9479-d2035163dbe2: receive RaftClientReply:client-8DB4338F17D0->b5da6a4a-1459-46a4-9479-d2035163dbe2@group-4A9565783204, cid=3019, SUCCESS, logIndex=4544, commits[b5da6a4a-1459-46a4-9479-d2035163dbe2:c4545, 69c25b61-d669-4f17-b36d-41bca3df1f31:c4541, d2a7b1fa-fac6-4c6f-8c6d-9ac7414c70c3:c4543]
2019-07-14 04:23:56,299 INFO  client.GrpcClientProtocolClient (GrpcClientProtocolClient.java:onNext(255)) - client-8DB4338F17D0->b5da6a4a-1459-46a4-9479-d2035163dbe2: receive RaftClientReply:client-8DB4338F17D0->b5da6a4a-1459-46a4-9479-d2035163dbe2@group-4A9565783204, cid=3020, SUCCESS, logIndex=4545, commits[b5da6a4a-1459-46a4-9479-d2035163dbe2:c4545, 69c25b61-d669-4f17-b36d-41bca3df1f31:c4543, d2a7b1fa-fac6-4c6f-8c6d-9ac7414c70c3:c4543]
2019-07-14 04:23:56,301 INFO  client.GrpcClientProtocolClient (GrpcClientProtocolClient.java:onNext(255)) - client-8DB4338F17D0->b5da6a4a-1459-46a4-9479-d2035163dbe2: receive RaftClientReply:client-8DB4338F17D0->b5da6a4a-1459-46a4-9479-d2035163dbe2@group-4A9565783204, cid=3021, SUCCESS, logIndex=0, commits[b5da6a4a-1459-46a4-9479-d2035163dbe2:c4546, 69c25b61-d669-4f17-b36d-41bca3df1f31:c4545, d2a7b1fa-fac6-4c6f-8c6d-9ac7414c70c3:c4545]
2019-07-14 04:23:56,328 INFO  client.GrpcClientProtocolClient (GrpcClientProtocolClient.java:onNext(255)) - client-8DB4338F17D0->b5da6a4a-1459-46a4-9479-d2035163dbe2: receive RaftClientReply:client-8DB4338F17D0->b5da6a4a-1459-46a4-9479-d2035163dbe2@group-4A9565783204, cid=3022, SUCCESS, logIndex=4548, commits[b5da6a4a-1459-46a4-9479-d2035163dbe2:c4549, 69c25b61-d669-4f17-b36d-41bca3df1f31:c4547, d2a7b1fa-fac6-4c6f-8c6d-9ac7414c70c3:c4547]
2019-07-14 04:23:56,329 INFO  client.GrpcClientProtocolClient (GrpcClientProtocolClient.java:onNext(255)) - client-8DB4338F17D0->b5da6a4a-1459-46a4-9479-d2035163dbe2: receive RaftClientReply:client-8DB4338F17D0->b5da6a4a-1459-46a4-9479-d2035163dbe2@group-4A9565783204, cid=3023, SUCCESS, logIndex=4549, commits[b5da6a4a-1459-46a4-9479-d2035163dbe2:c4549, 69c25b61-d669-4f17-b36d-41bca3df1f31:c4547, d2a7b1fa-fac6-4c6f-8c6d-9ac7414c70c3:c4547]
2019-07-14 04:23:56,329 INFO  client.GrpcClientProtocolClient (GrpcClientProtocolClient.java:onNext(255)) - client-8DB4338F17D0->b5da6a4a-1459-46a4-9479-d2035163dbe2: receive RaftClientReply:client-8DB4338F17D0->b5da6a4a-1459-46a4-9479-d2035163dbe2@group-4A9565783204, cid=3024, SUCCESS, logIndex=4550, commits[b5da6a4a-1459-46a4-9479-d2035163dbe2:c4551, 69c25b61-d669-4f17-b36d-41bca3df1f31:c4547, d2a7b1fa-fac6-4c6f-8c6d-9ac7414c70c3:c4547]
2019-07-14 04:23:56,329 INFO  client.GrpcClientProtocolClient (GrpcClientProtocolClient.java:onNext(255)) - client-8DB4338F17D0->b5da6a4a-1459-46a4-9479-d2035163dbe2: receive RaftClientReply:client-8DB4338F17D0->b5da6a4a-1459-46a4-9479-d2035163dbe2@group-4A9565783204, cid=3025, SUCCESS, logIndex=4551, commits[b5da6a4a-1459-46a4-9479-d2035163dbe2:c4551, 69c25b61-d669-4f17-b36d-41bca3df1f31:c4547, d2a7b1fa-fac6-4c6f-8c6d-9ac7414c70c3:c4547]
2019-07-14 04:23:56,332 INFO  client.GrpcClientProtocolClient (GrpcClientProtocolClient.java:onNext(255)) - client-8DB4338F17D0->b5da6a4a-1459-46a4-9479-d2035163dbe2: receive RaftClientReply:client-8DB4338F17D0->b5da6a4a-1459-46a4-9479-d2035163dbe2@group-4A9565783204, cid=3026, SUCCESS, logIndex=0, commits[b5da6a4a-1459-46a4-9479-d2035163dbe2:c4553, 69c25b61-d669-4f17-b36d-41bca3df1f31:c4549, d2a7b1fa-fac6-4c6f-8c6d-9ac7414c70c3:c4549]
2019-07-14 04:23:56,346 INFO  client.GrpcClientProtocolClient (GrpcClientProtocolClient.java:onNext(255)) - client-8DB4338F17D0->b5da6a4a-1459-46a4-9479-d2035163dbe2: receive RaftClientReply:client-8DB4338F17D0->b5da6a4a-1459-46a4-9479-d2035163dbe2@group-4A9565783204, cid=3027, SUCCESS, logIndex=4556, commits[b5da6a4a-1459-46a4-9479-d2035163dbe2:c4557, 69c25b61-d669-4f17-b36d-41bca3df1f31:c4555, d2a7b1fa-fac6-4c6f-8c6d-9ac7414c70c3:c4555]
2019-07-14 04:23:56,347 INFO  client.GrpcClientProtocolClient (GrpcClientProtocolClient.java:onNext(255)) - client-8DB4338F17D0->b5da6a4a-1459-46a4-9479-d2035163dbe2: receive RaftClientReply:client-8DB4338F17D0->b5da6a4a-1459-46a4-9479-d2035163dbe2@group-4A9565783204, cid=3028, SUCCESS, logIndex=4557, commits[b5da6a4a-1459-46a4-9479-d2035163dbe2:c4557, 69c25b61-d669-4f17-b36d-41bca3df1f31:c4555, d2a7b1fa-fac6-4c6f-8c6d-9ac7414c70c3:c4555]
2019-07-14 04:23:56,360 INFO  client.GrpcClientProtocolClient (GrpcClientProtocolClient.java:onNext(255)) - client-8DB4338F17D0->b5da6a4a-1459-46a4-9479-d2035163dbe2: receive RaftClientReply:client-8DB4338F17D0->b5da6a4a-1459-46a4-9479-d2035163dbe2@group-4A9565783204, cid=3029, SUCCESS, logIndex=4560, commits[b5da6a4a-1459-46a4-9479-d2035163dbe2:c4560, 69c25b61-d669-4f17-b36d-41bca3df1f31:c4557, d2a7b1fa-fac6-4c6f-8c6d-9ac7414c70c3:c4557]
2019-07-14 04:23:56,361 INFO  client.GrpcClientProtocolClient (GrpcClientProtocolClient.java:onNext(255)) - client-8DB4338F17D0->b5da6a4a-1459-46a4-9479-d2035163dbe2: receive RaftClientReply:client-8DB4338F17D0->b5da6a4a-1459-46a4-9479-d2035163dbe2@group-4A9565783204, cid=3030, SUCCESS, logIndex=4561, commits[b5da6a4a-1459-46a4-9479-d2035163dbe2:c4561, 69c25b61-d669-4f17-b36d-41bca3df1f31:c4557, d2a7b1fa-fac6-4c6f-8c6d-9ac7414c70c3:c4557]
2019-07-14 04:23:56,365 INFO  client.GrpcClientProtocolClient (GrpcClientProtocolClient.java:onNext(255)) - client-8DB4338F17D0->b5da6a4a-1459-46a4-9479-d2035163dbe2: receive RaftClientReply:client-8DB4338F17D0->b5da6a4a-1459-46a4-9479-d2035163dbe2@group-4A9565783204, cid=3031, SUCCESS, logIndex=0, commits[b5da6a4a-1459-46a4-9479-d2035163dbe2:c4563, 69c25b61-d669-4f17-b36d-41bca3df1f31:c4561, d2a7b1fa-fac6-4c6f-8c6d-9ac7414c70c3:c4561]
2019-07-14 04:23:56,392 INFO  client.GrpcClientProtocolClient (GrpcClientProtocolClient.java:onNext(255)) - client-8DB4338F17D0->b5da6a4a-1459-46a4-9479-d2035163dbe2: receive RaftClientReply:client-8DB4338F17D0->b5da6a4a-1459-46a4-9479-d2035163dbe2@group-4A9565783204, cid=3032, SUCCESS, logIndex=4564, commits[b5da6a4a-1459-46a4-9479-d2035163dbe2:c4565, 69c25b61-d669-4f17-b36d-41bca3df1f31:c4563, d2a7b1fa-fac6-4c6f-8c6d-9ac7414c70c3:c4563]
2019-07-14 04:23:56,392 INFO  client.GrpcClientProtocolClient (GrpcClientProtocolClient.java:onNext(255)) - client-8DB4338F17D0->b5da6a4a-1459-46a4-9479-d2035163dbe2: receive RaftClientReply:client-8DB4338F17D0->b5da6a4a-1459-46a4-9479-d2035163dbe2@group-4A9565783204, cid=3033, SUCCESS, logIndex=4565, commits[b5da6a4a-1459-46a4-9479-d2035163dbe2:c4565, 69c25b61-d669-4f17-b36d-41bca3df1f31:c4563, d2a7b1fa-fac6-4c6f-8c6d-9ac7414c70c3:c4563]
2019-07-14 04:23:56,393 INFO  client.GrpcClientProtocolClient (GrpcClientProtocolClient.java:onNext(255)) - client-8DB4338F17D0->b5da6a4a-1459-46a4-9479-d2035163dbe2: receive RaftClientReply:client-8DB4338F17D0->b5da6a4a-1459-46a4-9479-d2035163dbe2@group-4A9565783204, cid=3034, SUCCESS, logIndex=4566, commits[b5da6a4a-1459-46a4-9479-d2035163dbe2:c4567, 69c25b61-d669-4f17-b36d-41bca3df1f31:c4563, d2a7b1fa-fac6-4c6f-8c6d-9ac7414c70c3:c4563]
2019-07-14 04:23:56,393 INFO  client.GrpcClientProtocolClient (GrpcClientProtocolClient.java:onNext(255)) - client-8DB4338F17D0->b5da6a4a-1459-46a4-9479-d2035163dbe2: receive RaftClientReply:client-8DB4338F17D0->b5da6a4a-1459-46a4-9479-d2035163dbe2@group-4A9565783204, cid=3035, SUCCESS, logIndex=4567, commits[b5da6a4a-1459-46a4-9479-d2035163dbe2:c4567, 69c25b61-d669-4f17-b36d-41bca3df1f31:c4563, d2a7b1fa-fac6-4c6f-8c6d-9ac7414c70c3:c4563]
2019-07-14 04:23:56,396 INFO  client.GrpcClientProtocolClient (GrpcClientProtocolClient.java:onNext(255)) - client-8DB4338F17D0->b5da6a4a-1459-46a4-9479-d2035163dbe2: receive RaftClientReply:client-8DB4338F17D0->b5da6a4a-1459-46a4-9479-d2035163dbe2@group-4A9565783204, cid=3036, SUCCESS, logIndex=0, commits[b5da6a4a-1459-46a4-9479-d2035163dbe2:c4569, 69c25b61-d669-4f17-b36d-41bca3df1f31:c4565, d2a7b1fa-fac6-4c6f-8c6d-9ac7414c70c3:c4565]
2019-07-14 04:23:56,414 INFO  client.GrpcClientProtocolClient (GrpcClientProtocolClient.java:onNext(255)) - client-8DB4338F17D0->b5da6a4a-1459-46a4-9479-d2035163dbe2: receive RaftClientReply:client-8DB4338F17D0->b5da6a4a-1459-46a4-9479-d2035163dbe2@group-4A9565783204, cid=3037, SUCCESS, logIndex=4572, commits[b5da6a4a-1459-46a4-9479-d2035163dbe2:c4573, 69c25b61-d669-4f17-b36d-41bca3df1f31:c4571, d2a7b1fa-fac6-4c6f-8c6d-9ac7414c70c3:c4571]
2019-07-14 04:23:56,414 INFO  client.GrpcClientProtocolClient (GrpcClientProtocolClient.java:onNext(255)) - client-8DB4338F17D0->b5da6a4a-1459-46a4-9479-d2035163dbe2: receive RaftClientReply:client-8DB4338F17D0->b5da6a4a-1459-46a4-9479-d2035163dbe2@group-4A9565783204, cid=3038, SUCCESS, logIndex=4573, commits[b5da6a4a-1459-46a4-9479-d2035163dbe2:c4573, 69c25b61-d669-4f17-b36d-41bca3df1f31:c4571, d2a7b1fa-fac6-4c6f-8c6d-9ac7414c70c3:c4571]
2019-07-14 04:23:56,428 INFO  client.GrpcClientProtocolClient (GrpcClientProtocolClient.java:onNext(255)) - client-8DB4338F17D0->b5da6a4a-1459-46a4-9479-d2035163dbe2: receive RaftClientReply:client-8DB4338F17D0->b5da6a4a-1459-46a4-9479-d2035163dbe2@group-4A9565783204, cid=3039, SUCCESS, logIndex=4576, commits[b5da6a4a-1459-46a4-9479-d2035163dbe2:c4577, 69c25b61-d669-4f17-b36d-41bca3df1f31:c4573, d2a7b1fa-fac6-4c6f-8c6d-9ac7414c70c3:c4573]
2019-07-14 04:23:56,428 INFO  client.GrpcClientProtocolClient (GrpcClientProtocolClient.java:onNext(255)) - client-8DB4338F17D0->b5da6a4a-1459-46a4-9479-d2035163dbe2: receive RaftClientReply:client-8DB4338F17D0->b5da6a4a-1459-46a4-9479-d2035163dbe2@group-4A9565783204, cid=3040, SUCCESS, logIndex=4577, commits[b5da6a4a-1459-46a4-9479-d2035163dbe2:c4577, 69c25b61-d669-4f17-b36d-41bca3df1f31:c4573, d2a7b1fa-fac6-4c6f-8c6d-9ac7414c70c3:c4573]
2019-07-14 04:23:56,431 INFO  client.GrpcClientProtocolClient (GrpcClientProtocolClient.java:onNext(255)) - client-8DB4338F17D0->b5da6a4a-1459-46a4-9479-d2035163dbe2: receive RaftClientReply:client-8DB4338F17D0->b5da6a4a-1459-46a4-9479-d2035163dbe2@group-4A9565783204, cid=3041, SUCCESS, logIndex=0, commits[b5da6a4a-1459-46a4-9479-d2035163dbe2:c4578, 69c25b61-d669-4f17-b36d-41bca3df1f31:c4577, d2a7b1fa-fac6-4c6f-8c6d-9ac7414c70c3:c4577]
2019-07-14 04:23:56,459 INFO  client.GrpcClientProtocolClient (GrpcClientProtocolClient.java:onNext(255)) - client-8DB4338F17D0->b5da6a4a-1459-46a4-9479-d2035163dbe2: receive RaftClientReply:client-8DB4338F17D0->b5da6a4a-1459-46a4-9479-d2035163dbe2@group-4A9565783204, cid=3042, SUCCESS, logIndex=4580, commits[b5da6a4a-1459-46a4-9479-d2035163dbe2:c4580, 69c25b61-d669-4f17-b36d-41bca3df1f31:c4579, d2a7b1fa-fac6-4c6f-8c6d-9ac7414c70c3:c4579]
2019-07-14 04:23:56,459 INFO  client.GrpcClientProtocolClient (GrpcClientProtocolClient.java:onNext(255)) - client-8DB4338F17D0->b5da6a4a-1459-46a4-9479-d2035163dbe2: receive RaftClientReply:client-8DB4338F17D0->b5da6a4a-1459-46a4-9479-d2035163dbe2@group-4A9565783204, cid=3043, SUCCESS, logIndex=4581, commits[b5da6a4a-1459-46a4-9479-d2035163dbe2:c4582, 69c25b61-d669-4f17-b36d-41bca3df1f31:c4579, d2a7b1fa-fac6-4c6f-8c6d-9ac7414c70c3:c4579]
2019-07-14 04:23:56,460 INFO  client.GrpcClientProtocolClient (GrpcClientProtocolClient.java:onNext(255)) - client-8DB4338F17D0->b5da6a4a-1459-46a4-9479-d2035163dbe2: receive RaftClientReply:client-8DB4338F17D0->b5da6a4a-1459-46a4-9479-d2035163dbe2@group-4A9565783204, cid=3044, SUCCESS, logIndex=4582, commits[b5da6a4a-1459-46a4-9479-d2035163dbe2:c4583, 69c25b61-d669-4f17-b36d-41bca3df1f31:c4579, d2a7b1fa-fac6-4c6f-8c6d-9ac7414c70c3:c4579]
2019-07-14 04:23:56,460 INFO  client.GrpcClientProtocolClient (GrpcClientProtocolClient.java:onNext(255)) - client-8DB4338F17D0->b5da6a4a-1459-46a4-9479-d2035163dbe2: receive RaftClientReply:client-8DB4338F17D0->b5da6a4a-1459-46a4-9479-d2035163dbe2@group-4A9565783204, cid=3045, SUCCESS, logIndex=4583, commits[b5da6a4a-1459-46a4-9479-d2035163dbe2:c4583, 69c25b61-d669-4f17-b36d-41bca3df1f31:c4579, d2a7b1fa-fac6-4c6f-8c6d-9ac7414c70c3:c4579]
2019-07-14 04:23:56,464 INFO  client.GrpcClientProtocolClient (GrpcClientProtocolClient.java:onNext(255)) - client-8DB4338F17D0->b5da6a4a-1459-46a4-9479-d2035163dbe2: receive RaftClientReply:client-8DB4338F17D0->b5da6a4a-1459-46a4-9479-d2035163dbe2@group-4A9565783204, cid=3046, SUCCESS, logIndex=0, commits[b5da6a4a-1459-46a4-9479-d2035163dbe2:c4586, 69c25b61-d669-4f17-b36d-41bca3df1f31:c4583, d2a7b1fa-fac6-4c6f-8c6d-9ac7414c70c3:c4582]
2019-07-14 04:23:56,474 INFO  client.GrpcClientProtocolClient (GrpcClientProtocolClient.java:onNext(255)) - client-8DB4338F17D0->b5da6a4a-1459-46a4-9479-d2035163dbe2: receive RaftClientReply:client-8DB4338F17D0->b5da6a4a-1459-46a4-9479-d2035163dbe2@group-4A9565783204, cid=3047, SUCCESS, logIndex=4587, commits[b5da6a4a-1459-46a4-9479-d2035163dbe2:c4588, 69c25b61-d669-4f17-b36d-41bca3df1f31:c4583, d2a7b1fa-fac6-4c6f-8c6d-9ac7414c70c3:c4586]
2019-07-14 04:23:56,474 INFO  client.GrpcClientProtocolClient (GrpcClientProtocolClient.java:onNext(255)) - client-8DB4338F17D0->b5da6a4a-1459-46a4-9479-d2035163dbe2: receive RaftClientReply:client-8DB4338F17D0->b5da6a4a-1459-46a4-9479-d2035163dbe2@group-4A9565783204, cid=3048, SUCCESS, logIndex=4588, commits[b5da6a4a-1459-46a4-9479-d2035163dbe2:c4588, 69c25b61-d669-4f17-b36d-41bca3df1f31:c4583, d2a7b1fa-fac6-4c6f-8c6d-9ac7414c70c3:c4586]
2019-07-14 04:23:56,487 INFO  client.GrpcClientProtocolClient (GrpcClientProtocolClient.java:onNext(255)) - client-8DB4338F17D0->b5da6a4a-1459-46a4-9479-d2035163dbe2: receive RaftClientReply:client-8DB4338F17D0->b5da6a4a-1459-46a4-9479-d2035163dbe2@group-4A9565783204, cid=3049, SUCCESS, logIndex=4591, commits[b5da6a4a-1459-46a4-9479-d2035163dbe2:c4592, 69c25b61-d669-4f17-b36d-41bca3df1f31:c4588, d2a7b1fa-fac6-4c6f-8c6d-9ac7414c70c3:c4588]
2019-07-14 04:23:56,487 INFO  client.GrpcClientProtocolClient (GrpcClientProtocolClient.java:onNext(255)) - client-8DB4338F17D0->b5da6a4a-1459-46a4-9479-d2035163dbe2: receive RaftClientReply:client-8DB4338F17D0->b5da6a4a-1459-46a4-9479-d2035163dbe2@group-4A9565783204, cid=3050, SUCCESS, logIndex=4592, commits[b5da6a4a-1459-46a4-9479-d2035163dbe2:c4592, 69c25b61-d669-4f17-b36d-41bca3df1f31:c4588, d2a7b1fa-fac6-4c6f-8c6d-9ac7414c70c3:c4588]
2019-07-14 04:23:56,492 INFO  client.GrpcClientProtocolClient (GrpcClientProtocolClient.java:onNext(255)) - client-8DB4338F17D0->b5da6a4a-1459-46a4-9479-d2035163dbe2: receive RaftClientReply:client-8DB4338F17D0->b5da6a4a-1459-46a4-9479-d2035163dbe2@group-4A9565783204, cid=3051, SUCCESS, logIndex=0, commits[b5da6a4a-1459-46a4-9479-d2035163dbe2:c4594, 69c25b61-d669-4f17-b36d-41bca3df1f31:c4592, d2a7b1fa-fac6-4c6f-8c6d-9ac7414c70c3:c4592]
2019-07-14 04:23:56,518 INFO  client.GrpcClientProtocolClient (GrpcClientProtocolClient.java:onNext(255)) - client-8DB4338F17D0->b5da6a4a-1459-46a4-9479-d2035163dbe2: receive RaftClientReply:client-8DB4338F17D0->b5da6a4a-1459-46a4-9479-d2035163dbe2@group-4A9565783204, cid=3052, SUCCESS, logIndex=4595, commits[b5da6a4a-1459-46a4-9479-d2035163dbe2:c4596, 69c25b61-d669-4f17-b36d-41bca3df1f31:c4592, d2a7b1fa-fac6-4c6f-8c6d-9ac7414c70c3:c4594]
2019-07-14 04:23:56,518 INFO  client.GrpcClientProtocolClient (GrpcClientProtocolClient.java:onNext(255)) - client-8DB4338F17D0->b5da6a4a-1459-46a4-9479-d2035163dbe2: receive RaftClientReply:client-8DB4338F17D0->b5da6a4a-1459-46a4-9479-d2035163dbe2@group-4A9565783204, cid=3053, SUCCESS, logIndex=4596, commits[b5da6a4a-1459-46a4-9479-d2035163dbe2:c4596, 69c25b61-d669-4f17-b36d-41bca3df1f31:c4594, d2a7b1fa-fac6-4c6f-8c6d-9ac7414c70c3:c4594]
2019-07-14 04:23:56,519 INFO  client.GrpcClientProtocolClient (GrpcClientProtocolClient.java:onNext(255)) - client-8DB4338F17D0->b5da6a4a-1459-46a4-9479-d2035163dbe2: receive RaftClientReply:client-8DB4338F17D0->b5da6a4a-1459-46a4-9479-d2035163dbe2@group-4A9565783204, cid=3054, SUCCESS, logIndex=4597, commits[b5da6a4a-1459-46a4-9479-d2035163dbe2:c4598, 69c25b61-d669-4f17-b36d-41bca3df1f31:c4594, d2a7b1fa-fac6-4c6f-8c6d-9ac7414c70c3:c4594]
2019-07-14 04:23:56,520 INFO  client.GrpcClientProtocolClient (GrpcClientProtocolClient.java:onNext(255)) - client-8DB4338F17D0->b5da6a4a-1459-46a4-9479-d2035163dbe2: receive RaftClientReply:client-8DB4338F17D0->b5da6a4a-1459-46a4-9479-d2035163dbe2@group-4A9565783204, cid=3055, SUCCESS, logIndex=4598, commits[b5da6a4a-1459-46a4-9479-d2035163dbe2:c4598, 69c25b61-d669-4f17-b36d-41bca3df1f31:c4594, d2a7b1fa-fac6-4c6f-8c6d-9ac7414c70c3:c4594]
2019-07-14 04:23:56,521 INFO  client.GrpcClientProtocolClient (GrpcClientProtocolClient.java:onNext(255)) - client-8DB4338F17D0->b5da6a4a-1459-46a4-9479-d2035163dbe2: receive RaftClientReply:client-8DB4338F17D0->b5da6a4a-1459-46a4-9479-d2035163dbe2@group-4A9565783204, cid=3056, SUCCESS, logIndex=0, commits[b5da6a4a-1459-46a4-9479-d2035163dbe2:c4600, 69c25b61-d669-4f17-b36d-41bca3df1f31:c4596, d2a7b1fa-fac6-4c6f-8c6d-9ac7414c70c3:c4596]
2019-07-14 04:23:56,541 INFO  client.GrpcClientProtocolClient (GrpcClientProtocolClient.java:onNext(255)) - client-8DB4338F17D0->b5da6a4a-1459-46a4-9479-d2035163dbe2: receive RaftClientReply:client-8DB4338F17D0->b5da6a4a-1459-46a4-9479-d2035163dbe2@group-4A9565783204, cid=3057, SUCCESS, logIndex=4603, commits[b5da6a4a-1459-46a4-9479-d2035163dbe2:c4604, 69c25b61-d669-4f17-b36d-41bca3df1f31:c4602, d2a7b1fa-fac6-4c6f-8c6d-9ac7414c70c3:c4598]
2019-07-14 04:23:56,542 INFO  client.GrpcClientProtocolClient (GrpcClientProtocolClient.java:onNext(255)) - client-8DB4338F17D0->b5da6a4a-1459-46a4-9479-d2035163dbe2: receive RaftClientReply:client-8DB4338F17D0->b5da6a4a-1459-46a4-9479-d2035163dbe2@group-4A9565783204, cid=3058, SUCCESS, logIndex=4604, commits[b5da6a4a-1459-46a4-9479-d2035163dbe2:c4604, 69c25b61-d669-4f17-b36d-41bca3df1f31:c4602, d2a7b1fa-fac6-4c6f-8c6d-9ac7414c70c3:c4602]
2019-07-14 04:23:56,567 INFO  client.GrpcClientProtocolClient (GrpcClientProtocolClient.java:onNext(255)) - client-8DB4338F17D0->b5da6a4a-1459-46a4-9479-d2035163dbe2: receive RaftClientReply:client-8DB4338F17D0->b5da6a4a-1459-46a4-9479-d2035163dbe2@group-4A9565783204, cid=3059, SUCCESS, logIndex=4607, commits[b5da6a4a-1459-46a4-9479-d2035163dbe2:c4608, 69c25b61-d669-4f17-b36d-41bca3df1f31:c4606, d2a7b1fa-fac6-4c6f-8c6d-9ac7414c70c3:c4606]
2019-07-14 04:23:56,567 INFO  client.GrpcClientProtocolClient (GrpcClientProtocolClient.java:onNext(255)) - client-8DB4338F17D0->b5da6a4a-1459-46a4-9479-d2035163dbe2: receive RaftClientReply:client-8DB4338F17D0->b5da6a4a-1459-46a4-9479-d2035163dbe2@group-4A9565783204, cid=3060, SUCCESS, logIndex=4608, commits[b5da6a4a-1459-46a4-9479-d2035163dbe2:c4608, 69c25b61-d669-4f17-b36d-41bca3df1f31:c4606, d2a7b1fa-fac6-4c6f-8c6d-9ac7414c70c3:c4606]
2019-07-14 04:23:56,587 INFO  client.GrpcClientProtocolClient (GrpcClientProtocolClient.java:onNext(255)) - client-8DB4338F17D0->b5da6a4a-1459-46a4-9479-d2035163dbe2: receive RaftClientReply:client-8DB4338F17D0->b5da6a4a-1459-46a4-9479-d2035163dbe2@group-4A9565783204, cid=3061, SUCCESS, logIndex=0, commits[b5da6a4a-1459-46a4-9479-d2035163dbe2:c4610, 69c25b61-d669-4f17-b36d-41bca3df1f31:c4608, d2a7b1fa-fac6-4c6f-8c6d-9ac7414c70c3:c4608]
2019-07-14 04:23:56,610 INFO  client.GrpcClientProtocolClient (GrpcClientProtocolClient.java:onNext(255)) - client-8DB4338F17D0->b5da6a4a-1459-46a4-9479-d2035163dbe2: receive RaftClientReply:client-8DB4338F17D0->b5da6a4a-1459-46a4-9479-d2035163dbe2@group-4A9565783204, cid=3062, SUCCESS, logIndex=4611, commits[b5da6a4a-1459-46a4-9479-d2035163dbe2:c4612, 69c25b61-d669-4f17-b36d-41bca3df1f31:c4608, d2a7b1fa-fac6-4c6f-8c6d-9ac7414c70c3:c4610]
2019-07-14 04:23:56,611 INFO  client.GrpcClientProtocolClient (GrpcClientProtocolClient.java:onNext(255)) - client-8DB4338F17D0->b5da6a4a-1459-46a4-9479-d2035163dbe2: receive RaftClientReply:client-8DB4338F17D0->b5da6a4a-1459-46a4-9479-d2035163dbe2@group-4A9565783204, cid=3063, SUCCESS, logIndex=4612, commits[b5da6a4a-1459-46a4-9479-d2035163dbe2:c4612, 69c25b61-d669-4f17-b36d-41bca3df1f31:c4608, d2a7b1fa-fac6-4c6f-8c6d-9ac7414c70c3:c4610]
2019-07-14 04:23:56,613 INFO  client.GrpcClientProtocolClient (GrpcClientProtocolClient.java:onNext(255)) - client-8DB4338F17D0->b5da6a4a-1459-46a4-9479-d2035163dbe2: receive RaftClientReply:client-8DB4338F17D0->b5da6a4a-1459-46a4-9479-d2035163dbe2@group-4A9565783204, cid=3064, SUCCESS, logIndex=4613, commits[b5da6a4a-1459-46a4-9479-d2035163dbe2:c4616, 69c25b61-d669-4f17-b36d-41bca3df1f31:c4612, d2a7b1fa-fac6-4c6f-8c6d-9ac7414c70c3:c4610]
2019-07-14 04:23:56,613 INFO  client.GrpcClientProtocolClient (GrpcClientProtocolClient.java:onNext(255)) - client-8DB4338F17D0->b5da6a4a-1459-46a4-9479-d2035163dbe2: receive RaftClientReply:client-8DB4338F17D0->b5da6a4a-1459-46a4-9479-d2035163dbe2@group-4A9565783204, cid=3065, SUCCESS, logIndex=4614, commits[b5da6a4a-1459-46a4-9479-d2035163dbe2:c4616, 69c25b61-d669-4f17-b36d-41bca3df1f31:c4612, d2a7b1fa-fac6-4c6f-8c6d-9ac7414c70c3:c4610]
2019-07-14 04:23:56,614 INFO  client.GrpcClientProtocolClient (GrpcClientProtocolClient.java:onNext(255)) - client-8DB4338F17D0->b5da6a4a-1459-46a4-9479-d2035163dbe2: receive RaftClientReply:client-8DB4338F17D0->b5da6a4a-1459-46a4-9479-d2035163dbe2@group-4A9565783204, cid=3066, SUCCESS, logIndex=0, commits[b5da6a4a-1459-46a4-9479-d2035163dbe2:c4617, 69c25b61-d669-4f17-b36d-41bca3df1f31:c4613, d2a7b1fa-fac6-4c6f-8c6d-9ac7414c70c3:c4612]
2019-07-14 04:23:56,625 INFO  client.GrpcClientProtocolClient (GrpcClientProtocolClient.java:onNext(255)) - client-8DB4338F17D0->b5da6a4a-1459-46a4-9479-d2035163dbe2: receive RaftClientReply:client-8DB4338F17D0->b5da6a4a-1459-46a4-9479-d2035163dbe2@group-4A9565783204, cid=3067, SUCCESS, logIndex=4619, commits[b5da6a4a-1459-46a4-9479-d2035163dbe2:c4620, 69c25b61-d669-4f17-b36d-41bca3df1f31:c4614, d2a7b1fa-fac6-4c6f-8c6d-9ac7414c70c3:c4618]
2019-07-14 04:23:56,626 INFO  client.GrpcClientProtocolClient (GrpcClientProtocolClient.java:onNext(255)) - client-8DB4338F17D0->b5da6a4a-1459-46a4-9479-d2035163dbe2: receive RaftClientReply:client-8DB4338F17D0->b5da6a4a-1459-46a4-9479-d2035163dbe2@group-4A9565783204, cid=3068, SUCCESS, logIndex=4620, commits[b5da6a4a-1459-46a4-9479-d2035163dbe2:c4620, 69c25b61-d669-4f17-b36d-41bca3df1f31:c4618, d2a7b1fa-fac6-4c6f-8c6d-9ac7414c70c3:c4618]
2019-07-14 04:23:56,643 INFO  client.GrpcClientProtocolClient (GrpcClientProtocolClient.java:onNext(255)) - client-8DB4338F17D0->b5da6a4a-1459-46a4-9479-d2035163dbe2: receive RaftClientReply:client-8DB4338F17D0->b5da6a4a-1459-46a4-9479-d2035163dbe2@group-4A9565783204, cid=3069, SUCCESS, logIndex=4622, commits[b5da6a4a-1459-46a4-9479-d2035163dbe2:c4623, 69c25b61-d669-4f17-b36d-41bca3df1f31:c4621, d2a7b1fa-fac6-4c6f-8c6d-9ac7414c70c3:c4621]
2019-07-14 04:23:56,644 INFO  client.GrpcClientProtocolClient (GrpcClientProtocolClient.java:onNext(255)) - client-8DB4338F17D0->b5da6a4a-1459-46a4-9479-d2035163dbe2: receive RaftClientReply:client-8DB4338F17D0->b5da6a4a-1459-46a4-9479-d2035163dbe2@group-4A9565783204, cid=3070, SUCCESS, logIndex=4623, commits[b5da6a4a-1459-46a4-9479-d2035163dbe2:c4623, 69c25b61-d669-4f17-b36d-41bca3df1f31:c4621, d2a7b1fa-fac6-4c6f-8c6d-9ac7414c70c3:c4621]
2019-07-14 04:23:56,655 INFO  client.GrpcClientProtocolClient (GrpcClientProtocolClient.java:onNext(255)) - client-8DB4338F17D0->b5da6a4a-1459-46a4-9479-d2035163dbe2: receive RaftClientReply:client-8DB4338F17D0->b5da6a4a-1459-46a4-9479-d2035163dbe2@group-4A9565783204, cid=3071, SUCCESS, logIndex=0, commits[b5da6a4a-1459-46a4-9479-d2035163dbe2:c4625, 69c25b61-d669-4f17-b36d-41bca3df1f31:c4623, d2a7b1fa-fac6-4c6f-8c6d-9ac7414c70c3:c4623]
2019-07-14 04:23:56,686 INFO  client.GrpcClientProtocolClient (GrpcClientProtocolClient.java:onNext(255)) - client-8DB4338F17D0->b5da6a4a-1459-46a4-9479-d2035163dbe2: receive RaftClientReply:client-8DB4338F17D0->b5da6a4a-1459-46a4-9479-d2035163dbe2@group-4A9565783204, cid=3072, SUCCESS, logIndex=4626, commits[b5da6a4a-1459-46a4-9479-d2035163dbe2:c4627, 69c25b61-d669-4f17-b36d-41bca3df1f31:c4625, d2a7b1fa-fac6-4c6f-8c6d-9ac7414c70c3:c4625]
2019-07-14 04:23:56,686 INFO  client.GrpcClientProtocolClient (GrpcClientProtocolClient.java:onNext(255)) - client-8DB4338F17D0->b5da6a4a-1459-46a4-9479-d2035163dbe2: receive RaftClientReply:client-8DB4338F17D0->b5da6a4a-1459-46a4-9479-d2035163dbe2@group-4A9565783204, cid=3073, SUCCESS, logIndex=4627, commits[b5da6a4a-1459-46a4-9479-d2035163dbe2:c4629, 69c25b61-d669-4f17-b36d-41bca3df1f31:c4625, d2a7b1fa-fac6-4c6f-8c6d-9ac7414c70c3:c4625]
2019-07-14 04:23:56,687 INFO  client.GrpcClientProtocolClient (GrpcClientProtocolClient.java:onNext(255)) - client-8DB4338F17D0->b5da6a4a-1459-46a4-9479-d2035163dbe2: receive RaftClientReply:client-8DB4338F17D0->b5da6a4a-1459-46a4-9479-d2035163dbe2@group-4A9565783204, cid=3074, SUCCESS, logIndex=4628, commits[b5da6a4a-1459-46a4-9479-d2035163dbe2:c4630, 69c25b61-d669-4f17-b36d-41bca3df1f31:c4626, d2a7b1fa-fac6-4c6f-8c6d-9ac7414c70c3:c4625]
2019-07-14 04:23:56,687 INFO  client.GrpcClientProtocolClient (GrpcClientProtocolClient.java:onNext(255)) - client-8DB4338F17D0->b5da6a4a-1459-46a4-9479-d2035163dbe2: receive RaftClientReply:client-8DB4338F17D0->b5da6a4a-1459-46a4-9479-d2035163dbe2@group-4A9565783204, cid=3075, SUCCESS, logIndex=4629, commits[b5da6a4a-1459-46a4-9479-d2035163dbe2:c4630, 69c25b61-d669-4f17-b36d-41bca3df1f31:c4626, d2a7b1fa-fac6-4c6f-8c6d-9ac7414c70c3:c4625]
2019-07-14 04:23:56,689 INFO  client.GrpcClientProtocolClient (GrpcClientProtocolClient.java:onNext(255)) - client-8DB4338F17D0->b5da6a4a-1459-46a4-9479-d2035163dbe2: receive RaftClientReply:client-8DB4338F17D0->b5da6a4a-1459-46a4-9479-d2035163dbe2@group-4A9565783204, cid=3076, SUCCESS, logIndex=0, commits[b5da6a4a-1459-46a4-9479-d2035163dbe2:c4631, 69c25b61-d669-4f17-b36d-41bca3df1f31:c4627, d2a7b1fa-fac6-4c6f-8c6d-9ac7414c70c3:c4627]
2019-07-14 04:23:56,700 INFO  client.GrpcClientProtocolClient (GrpcClientProtocolClient.java:onNext(255)) - client-8DB4338F17D0->b5da6a4a-1459-46a4-9479-d2035163dbe2: receive RaftClientReply:client-8DB4338F17D0->b5da6a4a-1459-46a4-9479-d2035163dbe2@group-4A9565783204, cid=3077, SUCCESS, logIndex=4633, commits[b5da6a4a-1459-46a4-9479-d2035163dbe2:c4634, 69c25b61-d669-4f17-b36d-41bca3df1f31:c4632, d2a7b1fa-fac6-4c6f-8c6d-9ac7414c70c3:c4629]
2019-07-14 04:23:56,700 INFO  client.GrpcClientProtocolClient (GrpcClientProtocolClient.java:onNext(255)) - client-8DB4338F17D0->b5da6a4a-1459-46a4-9479-d2035163dbe2: receive RaftClientReply:client-8DB4338F17D0->b5da6a4a-1459-46a4-9479-d2035163dbe2@group-4A9565783204, cid=3078, SUCCESS, logIndex=4634, commits[b5da6a4a-1459-46a4-9479-d2035163dbe2:c4634, 69c25b61-d669-4f17-b36d-41bca3df1f31:c4632, d2a7b1fa-fac6-4c6f-8c6d-9ac7414c70c3:c4629]
2019-07-14 04:23:57,241 INFO  client.GrpcClientProtocolClient (GrpcClientProtocolClient.java:onNext(255)) - client-8DB4338F17D0->b5da6a4a-1459-46a4-9479-d2035163dbe2: receive RaftClientReply:client-8DB4338F17D0->b5da6a4a-1459-46a4-9479-d2035163dbe2@group-4A9565783204, cid=3079, SUCCESS, logIndex=4637, commits[b5da6a4a-1459-46a4-9479-d2035163dbe2:c4638, 69c25b61-d669-4f17-b36d-41bca3df1f31:c4636, d2a7b1fa-fac6-4c6f-8c6d-9ac7414c70c3:c4636]
2019-07-14 04:23:57,241 INFO  client.GrpcClientProtocolClient (GrpcClientProtocolClient.java:onNext(255)) - client-8DB4338F17D0->b5da6a4a-1459-46a4-9479-d2035163dbe2: receive RaftClientReply:client-8DB4338F17D0->b5da6a4a-1459-46a4-9479-d2035163dbe2@group-4A9565783204, cid=3080, SUCCESS, logIndex=4638, commits[b5da6a4a-1459-46a4-9479-d2035163dbe2:c4638, 69c25b61-d669-4f17-b36d-41bca3df1f31:c4636, d2a7b1fa-fac6-4c6f-8c6d-9ac7414c70c3:c4636]
2019-07-14 04:23:57,245 INFO  client.GrpcClientProtocolClient (GrpcClientProtocolClient.java:onNext(255)) - client-8DB4338F17D0->b5da6a4a-1459-46a4-9479-d2035163dbe2: receive RaftClientReply:client-8DB4338F17D0->b5da6a4a-1459-46a4-9479-d2035163dbe2@group-4A9565783204, cid=3081, SUCCESS, logIndex=0, commits[b5da6a4a-1459-46a4-9479-d2035163dbe2:c4639, 69c25b61-d669-4f17-b36d-41bca3df1f31:c4638, d2a7b1fa-fac6-4c6f-8c6d-9ac7414c70c3:c4638]
 0.00% |█                                                                                                    |  0/1 Time: 0:00:222019-07-14 04:23:57,279 INFO  client.GrpcClientProtocolClient (GrpcClientProtocolClient.java:onNext(255)) - client-8DB4338F17D0->b5da6a4a-1459-46a4-9479-d2035163dbe2: receive RaftClientReply:client-8DB4338F17D0->b5da6a4a-1459-46a4-9479-d2035163dbe2@group-4A9565783204, cid=3082, SUCCESS, logIndex=4641, commits[b5da6a4a-1459-46a4-9479-d2035163dbe2:c4641, 69c25b61-d669-4f17-b36d-41bca3df1f31:c4640, d2a7b1fa-fac6-4c6f-8c6d-9ac7414c70c3:c4640]
2019-07-14 04:23:57,279 INFO  client.GrpcClientProtocolClient (GrpcClientProtocolClient.java:onNext(255)) - client-8DB4338F17D0->b5da6a4a-1459-46a4-9479-d2035163dbe2: receive RaftClientReply:client-8DB4338F17D0->b5da6a4a-1459-46a4-9479-d2035163dbe2@group-4A9565783204, cid=3083, SUCCESS, logIndex=4642, commits[b5da6a4a-1459-46a4-9479-d2035163dbe2:c4644, 69c25b61-d669-4f17-b36d-41bca3df1f31:c4640, d2a7b1fa-fac6-4c6f-8c6d-9ac7414c70c3:c4640]
2019-07-14 04:23:57,280 INFO  client.GrpcClientProtocolClient (GrpcClientProtocolClient.java:onNext(255)) - client-8DB4338F17D0->b5da6a4a-1459-46a4-9479-d2035163dbe2: receive RaftClientReply:client-8DB4338F17D0->b5da6a4a-1459-46a4-9479-d2035163dbe2@group-4A9565783204, cid=3084, SUCCESS, logIndex=4643, commits[b5da6a4a-1459-46a4-9479-d2035163dbe2:c4644, 69c25b61-d669-4f17-b36d-41bca3df1f31:c4640, d2a7b1fa-fac6-4c6f-8c6d-9ac7414c70c3:c4640]
2019-07-14 04:23:57,280 INFO  client.GrpcClientProtocolClient (GrpcClientProtocolClient.java:onNext(255)) - client-8DB4338F17D0->b5da6a4a-1459-46a4-9479-d2035163dbe2: receive RaftClientReply:client-8DB4338F17D0->b5da6a4a-1459-46a4-9479-d2035163dbe2@group-4A9565783204, cid=3085, SUCCESS, logIndex=4644, commits[b5da6a4a-1459-46a4-9479-d2035163dbe2:c4644, 69c25b61-d669-4f17-b36d-41bca3df1f31:c4640, d2a7b1fa-fac6-4c6f-8c6d-9ac7414c70c3:c4640]
2019-07-14 04:23:57,281 INFO  client.GrpcClientProtocolClient (GrpcClientProtocolClient.java:onNext(255)) - client-8DB4338F17D0->b5da6a4a-1459-46a4-9479-d2035163dbe2: receive RaftClientReply:client-8DB4338F17D0->b5da6a4a-1459-46a4-9479-d2035163dbe2@group-4A9565783204, cid=3086, SUCCESS, logIndex=0, commits[b5da6a4a-1459-46a4-9479-d2035163dbe2:c4645, 69c25b61-d669-4f17-b36d-41bca3df1f31:c4643, d2a7b1fa-fac6-4c6f-8c6d-9ac7414c70c3:c4644]
2019-07-14 04:23:57,299 INFO  client.GrpcClientProtocolClient (GrpcClientProtocolClient.java:onNext(255)) - client-8DB4338F17D0->b5da6a4a-1459-46a4-9479-d2035163dbe2: receive RaftClientReply:client-8DB4338F17D0->b5da6a4a-1459-46a4-9479-d2035163dbe2@group-4A9565783204, cid=3087, SUCCESS, logIndex=4648, commits[b5da6a4a-1459-46a4-9479-d2035163dbe2:c4649, 69c25b61-d669-4f17-b36d-41bca3df1f31:c4647, d2a7b1fa-fac6-4c6f-8c6d-9ac7414c70c3:c4647]
2019-07-14 04:23:57,300 INFO  client.GrpcClientProtocolClient (GrpcClientProtocolClient.java:onNext(255)) - client-8DB4338F17D0->b5da6a4a-1459-46a4-9479-d2035163dbe2: receive RaftClientReply:client-8DB4338F17D0->b5da6a4a-1459-46a4-9479-d2035163dbe2@group-4A9565783204, cid=3088, SUCCESS, logIndex=4649, commits[b5da6a4a-1459-46a4-9479-d2035163dbe2:c4649, 69c25b61-d669-4f17-b36d-41bca3df1f31:c4647, d2a7b1fa-fac6-4c6f-8c6d-9ac7414c70c3:c4647]
2019-07-14 04:23:57,311 INFO  client.GrpcClientProtocolClient (GrpcClientProtocolClient.java:onNext(255)) - client-8DB4338F17D0->b5da6a4a-1459-46a4-9479-d2035163dbe2: receive RaftClientReply:client-8DB4338F17D0->b5da6a4a-1459-46a4-9479-d2035163dbe2@group-4A9565783204, cid=3089, SUCCESS, logIndex=4652, commits[b5da6a4a-1459-46a4-9479-d2035163dbe2:c4652, 69c25b61-d669-4f17-b36d-41bca3df1f31:c4648, d2a7b1fa-fac6-4c6f-8c6d-9ac7414c70c3:c4649]
2019-07-14 04:23:57,312 INFO  client.GrpcClientProtocolClient (GrpcClientProtocolClient.java:onNext(255)) - client-8DB4338F17D0->b5da6a4a-1459-46a4-9479-d2035163dbe2: receive RaftClientReply:client-8DB4338F17D0->b5da6a4a-1459-46a4-9479-d2035163dbe2@group-4A9565783204, cid=3090, SUCCESS, logIndex=4653, commits[b5da6a4a-1459-46a4-9479-d2035163dbe2:c4653, 69c25b61-d669-4f17-b36d-41bca3df1f31:c4649, d2a7b1fa-fac6-4c6f-8c6d-9ac7414c70c3:c4649]
2019-07-14 04:23:57,313 INFO  client.GrpcClientProtocolClient (GrpcClientProtocolClient.java:onNext(255)) - client-8DB4338F17D0->b5da6a4a-1459-46a4-9479-d2035163dbe2: receive RaftClientReply:client-8DB4338F17D0->b5da6a4a-1459-46a4-9479-d2035163dbe2@group-4A9565783204, cid=3091, SUCCESS, logIndex=0, commits[b5da6a4a-1459-46a4-9479-d2035163dbe2:c4654, 69c25b61-d669-4f17-b36d-41bca3df1f31:c4653, d2a7b1fa-fac6-4c6f-8c6d-9ac7414c70c3:c4653]
2019-07-14 04:23:57,344 INFO  client.GrpcClientProtocolClient (GrpcClientProtocolClient.java:onNext(255)) - client-8DB4338F17D0->b5da6a4a-1459-46a4-9479-d2035163dbe2: receive RaftClientReply:client-8DB4338F17D0->b5da6a4a-1459-46a4-9479-d2035163dbe2@group-4A9565783204, cid=3092, SUCCESS, logIndex=4656, commits[b5da6a4a-1459-46a4-9479-d2035163dbe2:c4657, 69c25b61-d669-4f17-b36d-41bca3df1f31:c4655, d2a7b1fa-fac6-4c6f-8c6d-9ac7414c70c3:c4653]
2019-07-14 04:23:57,345 INFO  client.GrpcClientProtocolClient (GrpcClientProtocolClient.java:onNext(255)) - client-8DB4338F17D0->b5da6a4a-1459-46a4-9479-d2035163dbe2: receive RaftClientReply:client-8DB4338F17D0->b5da6a4a-1459-46a4-9479-d2035163dbe2@group-4A9565783204, cid=3093, SUCCESS, logIndex=4657, commits[b5da6a4a-1459-46a4-9479-d2035163dbe2:c4659, 69c25b61-d669-4f17-b36d-41bca3df1f31:c4655, d2a7b1fa-fac6-4c6f-8c6d-9ac7414c70c3:c4655]
2019-07-14 04:23:57,345 INFO  client.GrpcClientProtocolClient (GrpcClientProtocolClient.java:onNext(255)) - client-8DB4338F17D0->b5da6a4a-1459-46a4-9479-d2035163dbe2: receive RaftClientReply:client-8DB4338F17D0->b5da6a4a-1459-46a4-9479-d2035163dbe2@group-4A9565783204, cid=3094, SUCCESS, logIndex=4658, commits[b5da6a4a-1459-46a4-9479-d2035163dbe2:c4659, 69c25b61-d669-4f17-b36d-41bca3df1f31:c4655, d2a7b1fa-fac6-4c6f-8c6d-9ac7414c70c3:c4655]
2019-07-14 04:23:57,345 INFO  client.GrpcClientProtocolClient (GrpcClientProtocolClient.java:onNext(255)) - client-8DB4338F17D0->b5da6a4a-1459-46a4-9479-d2035163dbe2: receive RaftClientReply:client-8DB4338F17D0->b5da6a4a-1459-46a4-9479-d2035163dbe2@group-4A9565783204, cid=3095, SUCCESS, logIndex=4659, commits[b5da6a4a-1459-46a4-9479-d2035163dbe2:c4659, 69c25b61-d669-4f17-b36d-41bca3df1f31:c4655, d2a7b1fa-fac6-4c6f-8c6d-9ac7414c70c3:c4655]
2019-07-14 04:23:57,348 INFO  client.GrpcClientProtocolClient (GrpcClientProtocolClient.java:onNext(255)) - client-8DB4338F17D0->b5da6a4a-1459-46a4-9479-d2035163dbe2: receive RaftClientReply:client-8DB4338F17D0->b5da6a4a-1459-46a4-9479-d2035163dbe2@group-4A9565783204, cid=3096, SUCCESS, logIndex=0, commits[b5da6a4a-1459-46a4-9479-d2035163dbe2:c4660, 69c25b61-d669-4f17-b36d-41bca3df1f31:c4657, d2a7b1fa-fac6-4c6f-8c6d-9ac7414c70c3:c4657]
2019-07-14 04:23:57,366 INFO  client.GrpcClientProtocolClient (GrpcClientProtocolClient.java:onNext(255)) - client-8DB4338F17D0->b5da6a4a-1459-46a4-9479-d2035163dbe2: receive RaftClientReply:client-8DB4338F17D0->b5da6a4a-1459-46a4-9479-d2035163dbe2@group-4A9565783204, cid=3097, SUCCESS, logIndex=4664, commits[b5da6a4a-1459-46a4-9479-d2035163dbe2:c4665, 69c25b61-d669-4f17-b36d-41bca3df1f31:c4663, d2a7b1fa-fac6-4c6f-8c6d-9ac7414c70c3:c4659]
2019-07-14 04:23:57,367 INFO  client.GrpcClientProtocolClient (GrpcClientProtocolClient.java:onNext(255)) - client-8DB4338F17D0->b5da6a4a-1459-46a4-9479-d2035163dbe2: receive RaftClientReply:client-8DB4338F17D0->b5da6a4a-1459-46a4-9479-d2035163dbe2@group-4A9565783204, cid=3098, SUCCESS, logIndex=4665, commits[b5da6a4a-1459-46a4-9479-d2035163dbe2:c4665, 69c25b61-d669-4f17-b36d-41bca3df1f31:c4663, d2a7b1fa-fac6-4c6f-8c6d-9ac7414c70c3:c4663]
2019-07-14 04:23:57,386 INFO  client.GrpcClientProtocolClient (GrpcClientProtocolClient.java:onNext(255)) - client-8DB4338F17D0->b5da6a4a-1459-46a4-9479-d2035163dbe2: receive RaftClientReply:client-8DB4338F17D0->b5da6a4a-1459-46a4-9479-d2035163dbe2@group-4A9565783204, cid=3099, SUCCESS, logIndex=4668, commits[b5da6a4a-1459-46a4-9479-d2035163dbe2:c4669, 69c25b61-d669-4f17-b36d-41bca3df1f31:c4665, d2a7b1fa-fac6-4c6f-8c6d-9ac7414c70c3:c4667]
2019-07-14 04:23:57,386 INFO  client.GrpcClientProtocolClient (GrpcClientProtocolClient.java:onNext(255)) - client-8DB4338F17D0->b5da6a4a-1459-46a4-9479-d2035163dbe2: receive RaftClientReply:client-8DB4338F17D0->b5da6a4a-1459-46a4-9479-d2035163dbe2@group-4A9565783204, cid=3100, SUCCESS, logIndex=4669, commits[b5da6a4a-1459-46a4-9479-d2035163dbe2:c4669, 69c25b61-d669-4f17-b36d-41bca3df1f31:c4667, d2a7b1fa-fac6-4c6f-8c6d-9ac7414c70c3:c4667]
2019-07-14 04:23:57,388 INFO  client.GrpcClientProtocolClient (GrpcClientProtocolClient.java:onNext(255)) - client-8DB4338F17D0->b5da6a4a-1459-46a4-9479-d2035163dbe2: receive RaftClientReply:client-8DB4338F17D0->b5da6a4a-1459-46a4-9479-d2035163dbe2@group-4A9565783204, cid=3101, SUCCESS, logIndex=0, commits[b5da6a4a-1459-46a4-9479-d2035163dbe2:c4670, 69c25b61-d669-4f17-b36d-41bca3df1f31:c4669, d2a7b1fa-fac6-4c6f-8c6d-9ac7414c70c3:c4669]
2019-07-14 04:23:57,424 INFO  client.GrpcClientProtocolClient (GrpcClientProtocolClient.java:onNext(255)) - client-8DB4338F17D0->b5da6a4a-1459-46a4-9479-d2035163dbe2: receive RaftClientReply:client-8DB4338F17D0->b5da6a4a-1459-46a4-9479-d2035163dbe2@group-4A9565783204, cid=3102, SUCCESS, logIndex=4672, commits[b5da6a4a-1459-46a4-9479-d2035163dbe2:c4674, 69c25b61-d669-4f17-b36d-41bca3df1f31:c4671, d2a7b1fa-fac6-4c6f-8c6d-9ac7414c70c3:c4669]
2019-07-14 04:23:57,425 INFO  client.GrpcClientProtocolClient (GrpcClientProtocolClient.java:onNext(255)) - client-8DB4338F17D0->b5da6a4a-1459-46a4-9479-d2035163dbe2: receive RaftClientReply:client-8DB4338F17D0->b5da6a4a-1459-46a4-9479-d2035163dbe2@group-4A9565783204, cid=3103, SUCCESS, logIndex=4673, commits[b5da6a4a-1459-46a4-9479-d2035163dbe2:c4675, 69c25b61-d669-4f17-b36d-41bca3df1f31:c4671, d2a7b1fa-fac6-4c6f-8c6d-9ac7414c70c3:c4671]
2019-07-14 04:23:57,425 INFO  client.GrpcClientProtocolClient (GrpcClientProtocolClient.java:onNext(255)) - client-8DB4338F17D0->b5da6a4a-1459-46a4-9479-d2035163dbe2: receive RaftClientReply:client-8DB4338F17D0->b5da6a4a-1459-46a4-9479-d2035163dbe2@group-4A9565783204, cid=3104, SUCCESS, logIndex=4674, commits[b5da6a4a-1459-46a4-9479-d2035163dbe2:c4675, 69c25b61-d669-4f17-b36d-41bca3df1f31:c4671, d2a7b1fa-fac6-4c6f-8c6d-9ac7414c70c3:c4671]
2019-07-14 04:23:57,425 INFO  client.GrpcClientProtocolClient (GrpcClientProtocolClient.java:onNext(255)) - client-8DB4338F17D0->b5da6a4a-1459-46a4-9479-d2035163dbe2: receive RaftClientReply:client-8DB4338F17D0->b5da6a4a-1459-46a4-9479-d2035163dbe2@group-4A9565783204, cid=3105, SUCCESS, logIndex=4675, commits[b5da6a4a-1459-46a4-9479-d2035163dbe2:c4675, 69c25b61-d669-4f17-b36d-41bca3df1f31:c4671, d2a7b1fa-fac6-4c6f-8c6d-9ac7414c70c3:c4671]
2019-07-14 04:23:57,435 INFO  client.GrpcClientProtocolClient (GrpcClientProtocolClient.java:onNext(255)) - client-8DB4338F17D0->b5da6a4a-1459-46a4-9479-d2035163dbe2: receive RaftClientReply:client-8DB4338F17D0->b5da6a4a-1459-46a4-9479-d2035163dbe2@group-4A9565783204, cid=3106, SUCCESS, logIndex=0, commits[b5da6a4a-1459-46a4-9479-d2035163dbe2:c4677, 69c25b61-d669-4f17-b36d-41bca3df1f31:c4673, d2a7b1fa-fac6-4c6f-8c6d-9ac7414c70c3:c4673]
2019-07-14 04:23:57,455 INFO  client.GrpcClientProtocolClient (GrpcClientProtocolClient.java:onNext(255)) - client-8DB4338F17D0->b5da6a4a-1459-46a4-9479-d2035163dbe2: receive RaftClientReply:client-8DB4338F17D0->b5da6a4a-1459-46a4-9479-d2035163dbe2@group-4A9565783204, cid=3107, SUCCESS, logIndex=4680, commits[b5da6a4a-1459-46a4-9479-d2035163dbe2:c4681, 69c25b61-d669-4f17-b36d-41bca3df1f31:c4679, d2a7b1fa-fac6-4c6f-8c6d-9ac7414c70c3:c4675]
2019-07-14 04:23:57,455 INFO  client.GrpcClientProtocolClient (GrpcClientProtocolClient.java:onNext(255)) - client-8DB4338F17D0->b5da6a4a-1459-46a4-9479-d2035163dbe2: receive RaftClientReply:client-8DB4338F17D0->b5da6a4a-1459-46a4-9479-d2035163dbe2@group-4A9565783204, cid=3108, SUCCESS, logIndex=4681, commits[b5da6a4a-1459-46a4-9479-d2035163dbe2:c4681, 69c25b61-d669-4f17-b36d-41bca3df1f31:c4679, d2a7b1fa-fac6-4c6f-8c6d-9ac7414c70c3:c4679]
2019-07-14 04:23:57,473 INFO  client.GrpcClientProtocolClient (GrpcClientProtocolClient.java:onNext(255)) - client-8DB4338F17D0->b5da6a4a-1459-46a4-9479-d2035163dbe2: receive RaftClientReply:client-8DB4338F17D0->b5da6a4a-1459-46a4-9479-d2035163dbe2@group-4A9565783204, cid=3109, SUCCESS, logIndex=4684, commits[b5da6a4a-1459-46a4-9479-d2035163dbe2:c4685, 69c25b61-d669-4f17-b36d-41bca3df1f31:c4683, d2a7b1fa-fac6-4c6f-8c6d-9ac7414c70c3:c4683]
2019-07-14 04:23:57,473 INFO  client.GrpcClientProtocolClient (GrpcClientProtocolClient.java:onNext(255)) - client-8DB4338F17D0->b5da6a4a-1459-46a4-9479-d2035163dbe2: receive RaftClientReply:client-8DB4338F17D0->b5da6a4a-1459-46a4-9479-d2035163dbe2@group-4A9565783204, cid=3110, SUCCESS, logIndex=4685, commits[b5da6a4a-1459-46a4-9479-d2035163dbe2:c4685, 69c25b61-d669-4f17-b36d-41bca3df1f31:c4683, d2a7b1fa-fac6-4c6f-8c6d-9ac7414c70c3:c4683]
2019-07-14 04:23:57,477 INFO  client.GrpcClientProtocolClient (GrpcClientProtocolClient.java:onNext(255)) - client-8DB4338F17D0->b5da6a4a-1459-46a4-9479-d2035163dbe2: receive RaftClientReply:client-8DB4338F17D0->b5da6a4a-1459-46a4-9479-d2035163dbe2@group-4A9565783204, cid=3111, SUCCESS, logIndex=0, commits[b5da6a4a-1459-46a4-9479-d2035163dbe2:c4687, 69c25b61-d669-4f17-b36d-41bca3df1f31:c4685, d2a7b1fa-fac6-4c6f-8c6d-9ac7414c70c3:c4685]
2019-07-14 04:23:57,515 INFO  client.GrpcClientProtocolClient (GrpcClientProtocolClient.java:onNext(255)) - client-8DB4338F17D0->b5da6a4a-1459-46a4-9479-d2035163dbe2: receive RaftClientReply:client-8DB4338F17D0->b5da6a4a-1459-46a4-9479-d2035163dbe2@group-4A9565783204, cid=3112, SUCCESS, logIndex=4688, commits[b5da6a4a-1459-46a4-9479-d2035163dbe2:c4689, 69c25b61-d669-4f17-b36d-41bca3df1f31:c4687, d2a7b1fa-fac6-4c6f-8c6d-9ac7414c70c3:c4687]
2019-07-14 04:23:57,516 INFO  client.GrpcClientProtocolClient (GrpcClientProtocolClient.java:onNext(255)) - client-8DB4338F17D0->b5da6a4a-1459-46a4-9479-d2035163dbe2: receive RaftClientReply:client-8DB4338F17D0->b5da6a4a-1459-46a4-9479-d2035163dbe2@group-4A9565783204, cid=3113, SUCCESS, logIndex=4689, commits[b5da6a4a-1459-46a4-9479-d2035163dbe2:c4689, 69c25b61-d669-4f17-b36d-41bca3df1f31:c4687, d2a7b1fa-fac6-4c6f-8c6d-9ac7414c70c3:c4687]
2019-07-14 04:23:57,516 INFO  client.GrpcClientProtocolClient (GrpcClientProtocolClient.java:onNext(255)) - client-8DB4338F17D0->b5da6a4a-1459-46a4-9479-d2035163dbe2: receive RaftClientReply:client-8DB4338F17D0->b5da6a4a-1459-46a4-9479-d2035163dbe2@group-4A9565783204, cid=3114, SUCCESS, logIndex=4690, commits[b5da6a4a-1459-46a4-9479-d2035163dbe2:c4691, 69c25b61-d669-4f17-b36d-41bca3df1f31:c4687, d2a7b1fa-fac6-4c6f-8c6d-9ac7414c70c3:c4687]
2019-07-14 04:23:57,516 INFO  client.GrpcClientProtocolClient (GrpcClientProtocolClient.java:onNext(255)) - client-8DB4338F17D0->b5da6a4a-1459-46a4-9479-d2035163dbe2: receive RaftClientReply:client-8DB4338F17D0->b5da6a4a-1459-46a4-9479-d2035163dbe2@group-4A9565783204, cid=3115, SUCCESS, logIndex=4691, commits[b5da6a4a-1459-46a4-9479-d2035163dbe2:c4691, 69c25b61-d669-4f17-b36d-41bca3df1f31:c4687, d2a7b1fa-fac6-4c6f-8c6d-9ac7414c70c3:c4687]
2019-07-14 04:23:57,518 INFO  client.GrpcClientProtocolClient (GrpcClientProtocolClient.java:onNext(255)) - client-8DB4338F17D0->b5da6a4a-1459-46a4-9479-d2035163dbe2: receive RaftClientReply:client-8DB4338F17D0->b5da6a4a-1459-46a4-9479-d2035163dbe2@group-4A9565783204, cid=3116, SUCCESS, logIndex=0, commits[b5da6a4a-1459-46a4-9479-d2035163dbe2:c4692, 69c25b61-d669-4f17-b36d-41bca3df1f31:c4689, d2a7b1fa-fac6-4c6f-8c6d-9ac7414c70c3:c4689]
2019-07-14 04:23:57,536 INFO  client.GrpcClientProtocolClient (GrpcClientProtocolClient.java:onNext(255)) - client-8DB4338F17D0->b5da6a4a-1459-46a4-9479-d2035163dbe2: receive RaftClientReply:client-8DB4338F17D0->b5da6a4a-1459-46a4-9479-d2035163dbe2@group-4A9565783204, cid=3117, SUCCESS, logIndex=4696, commits[b5da6a4a-1459-46a4-9479-d2035163dbe2:c4697, 69c25b61-d669-4f17-b36d-41bca3df1f31:c4695, d2a7b1fa-fac6-4c6f-8c6d-9ac7414c70c3:c4695]
2019-07-14 04:23:57,536 INFO  client.GrpcClientProtocolClient (GrpcClientProtocolClient.java:onNext(255)) - client-8DB4338F17D0->b5da6a4a-1459-46a4-9479-d2035163dbe2: receive RaftClientReply:client-8DB4338F17D0->b5da6a4a-1459-46a4-9479-d2035163dbe2@group-4A9565783204, cid=3118, SUCCESS, logIndex=4697, commits[b5da6a4a-1459-46a4-9479-d2035163dbe2:c4697, 69c25b61-d669-4f17-b36d-41bca3df1f31:c4695, d2a7b1fa-fac6-4c6f-8c6d-9ac7414c70c3:c4695]
2019-07-14 04:23:57,549 INFO  client.GrpcClientProtocolClient (GrpcClientProtocolClient.java:onNext(255)) - client-8DB4338F17D0->b5da6a4a-1459-46a4-9479-d2035163dbe2: receive RaftClientReply:client-8DB4338F17D0->b5da6a4a-1459-46a4-9479-d2035163dbe2@group-4A9565783204, cid=3119, SUCCESS, logIndex=4700, commits[b5da6a4a-1459-46a4-9479-d2035163dbe2:c4701, 69c25b61-d669-4f17-b36d-41bca3df1f31:c4697, d2a7b1fa-fac6-4c6f-8c6d-9ac7414c70c3:c4697]
2019-07-14 04:23:57,550 INFO  client.GrpcClientProtocolClient (GrpcClientProtocolClient.java:onNext(255)) - client-8DB4338F17D0->b5da6a4a-1459-46a4-9479-d2035163dbe2: receive RaftClientReply:client-8DB4338F17D0->b5da6a4a-1459-46a4-9479-d2035163dbe2@group-4A9565783204, cid=3120, SUCCESS, logIndex=4701, commits[b5da6a4a-1459-46a4-9479-d2035163dbe2:c4701, 69c25b61-d669-4f17-b36d-41bca3df1f31:c4697, d2a7b1fa-fac6-4c6f-8c6d-9ac7414c70c3:c4697]
2019-07-14 04:23:57,554 INFO  client.GrpcClientProtocolClient (GrpcClientProtocolClient.java:onNext(255)) - client-8DB4338F17D0->b5da6a4a-1459-46a4-9479-d2035163dbe2: receive RaftClientReply:client-8DB4338F17D0->b5da6a4a-1459-46a4-9479-d2035163dbe2@group-4A9565783204, cid=3121, SUCCESS, logIndex=0, commits[b5da6a4a-1459-46a4-9479-d2035163dbe2:c4702, 69c25b61-d669-4f17-b36d-41bca3df1f31:c4701, d2a7b1fa-fac6-4c6f-8c6d-9ac7414c70c3:c4701]
2019-07-14 04:23:57,587 INFO  client.GrpcClientProtocolClient (GrpcClientProtocolClient.java:onNext(255)) - client-8DB4338F17D0->b5da6a4a-1459-46a4-9479-d2035163dbe2: receive RaftClientReply:client-8DB4338F17D0->b5da6a4a-1459-46a4-9479-d2035163dbe2@group-4A9565783204, cid=3122, SUCCESS, logIndex=4704, commits[b5da6a4a-1459-46a4-9479-d2035163dbe2:c4705, 69c25b61-d669-4f17-b36d-41bca3df1f31:c4701, d2a7b1fa-fac6-4c6f-8c6d-9ac7414c70c3:c4703]
2019-07-14 04:23:57,588 INFO  client.GrpcClientProtocolClient (GrpcClientProtocolClient.java:onNext(255)) - client-8DB4338F17D0->b5da6a4a-1459-46a4-9479-d2035163dbe2: receive RaftClientReply:client-8DB4338F17D0->b5da6a4a-1459-46a4-9479-d2035163dbe2@group-4A9565783204, cid=3123, SUCCESS, logIndex=4705, commits[b5da6a4a-1459-46a4-9479-d2035163dbe2:c4705, 69c25b61-d669-4f17-b36d-41bca3df1f31:c4701, d2a7b1fa-fac6-4c6f-8c6d-9ac7414c70c3:c4703]
2019-07-14 04:23:57,589 INFO  client.GrpcClientProtocolClient (GrpcClientProtocolClient.java:onNext(255)) - client-8DB4338F17D0->b5da6a4a-1459-46a4-9479-d2035163dbe2: receive RaftClientReply:client-8DB4338F17D0->b5da6a4a-1459-46a4-9479-d2035163dbe2@group-4A9565783204, cid=3124, SUCCESS, logIndex=4706, commits[b5da6a4a-1459-46a4-9479-d2035163dbe2:c4707, 69c25b61-d669-4f17-b36d-41bca3df1f31:c4703, d2a7b1fa-fac6-4c6f-8c6d-9ac7414c70c3:c4703]
2019-07-14 04:23:57,589 INFO  client.GrpcClientProtocolClient (GrpcClientProtocolClient.java:onNext(255)) - client-8DB4338F17D0->b5da6a4a-1459-46a4-9479-d2035163dbe2: receive RaftClientReply:client-8DB4338F17D0->b5da6a4a-1459-46a4-9479-d2035163dbe2@group-4A9565783204, cid=3125, SUCCESS, logIndex=4707, commits[b5da6a4a-1459-46a4-9479-d2035163dbe2:c4707, 69c25b61-d669-4f17-b36d-41bca3df1f31:c4703, d2a7b1fa-fac6-4c6f-8c6d-9ac7414c70c3:c4703]
2019-07-14 04:23:57,592 INFO  client.GrpcClientProtocolClient (GrpcClientProtocolClient.java:onNext(255)) - client-8DB4338F17D0->b5da6a4a-1459-46a4-9479-d2035163dbe2: receive RaftClientReply:client-8DB4338F17D0->b5da6a4a-1459-46a4-9479-d2035163dbe2@group-4A9565783204, cid=3126, SUCCESS, logIndex=0, commits[b5da6a4a-1459-46a4-9479-d2035163dbe2:c4709, 69c25b61-d669-4f17-b36d-41bca3df1f31:c4705, d2a7b1fa-fac6-4c6f-8c6d-9ac7414c70c3:c4705]
2019-07-14 04:23:57,612 INFO  client.GrpcClientProtocolClient (GrpcClientProtocolClient.java:onNext(255)) - client-8DB4338F17D0->b5da6a4a-1459-46a4-9479-d2035163dbe2: receive RaftClientReply:client-8DB4338F17D0->b5da6a4a-1459-46a4-9479-d2035163dbe2@group-4A9565783204, cid=3127, SUCCESS, logIndex=4712, commits[b5da6a4a-1459-46a4-9479-d2035163dbe2:c4713, 69c25b61-d669-4f17-b36d-41bca3df1f31:c4711, d2a7b1fa-fac6-4c6f-8c6d-9ac7414c70c3:c4707]
2019-07-14 04:23:57,612 INFO  client.GrpcClientProtocolClient (GrpcClientProtocolClient.java:onNext(255)) - client-8DB4338F17D0->b5da6a4a-1459-46a4-9479-d2035163dbe2: receive RaftClientReply:client-8DB4338F17D0->b5da6a4a-1459-46a4-9479-d2035163dbe2@group-4A9565783204, cid=3128, SUCCESS, logIndex=4713, commits[b5da6a4a-1459-46a4-9479-d2035163dbe2:c4713, 69c25b61-d669-4f17-b36d-41bca3df1f31:c4711, d2a7b1fa-fac6-4c6f-8c6d-9ac7414c70c3:c4707]
2019-07-14 04:23:57,624 INFO  client.GrpcClientProtocolClient (GrpcClientProtocolClient.java:onNext(255)) - client-8DB4338F17D0->b5da6a4a-1459-46a4-9479-d2035163dbe2: receive RaftClientReply:client-8DB4338F17D0->b5da6a4a-1459-46a4-9479-d2035163dbe2@group-4A9565783204, cid=3129, SUCCESS, logIndex=4716, commits[b5da6a4a-1459-46a4-9479-d2035163dbe2:c4717, 69c25b61-d669-4f17-b36d-41bca3df1f31:c4715, d2a7b1fa-fac6-4c6f-8c6d-9ac7414c70c3:c4713]
2019-07-14 04:23:57,624 INFO  client.GrpcClientProtocolClient (GrpcClientProtocolClient.java:onNext(255)) - client-8DB4338F17D0->b5da6a4a-1459-46a4-9479-d2035163dbe2: receive RaftClientReply:client-8DB4338F17D0->b5da6a4a-1459-46a4-9479-d2035163dbe2@group-4A9565783204, cid=3130, SUCCESS, logIndex=4717, commits[b5da6a4a-1459-46a4-9479-d2035163dbe2:c4717, 69c25b61-d669-4f17-b36d-41bca3df1f31:c4715, d2a7b1fa-fac6-4c6f-8c6d-9ac7414c70c3:c4715]
2019-07-14 04:23:57,628 INFO  client.GrpcClientProtocolClient (GrpcClientProtocolClient.java:onNext(255)) - client-8DB4338F17D0->b5da6a4a-1459-46a4-9479-d2035163dbe2: receive RaftClientReply:client-8DB4338F17D0->b5da6a4a-1459-46a4-9479-d2035163dbe2@group-4A9565783204, cid=3131, SUCCESS, logIndex=0, commits[b5da6a4a-1459-46a4-9479-d2035163dbe2:c4719, 69c25b61-d669-4f17-b36d-41bca3df1f31:c4717, d2a7b1fa-fac6-4c6f-8c6d-9ac7414c70c3:c4717]
2019-07-14 04:23:57,658 INFO  client.GrpcClientProtocolClient (GrpcClientProtocolClient.java:onNext(255)) - client-8DB4338F17D0->b5da6a4a-1459-46a4-9479-d2035163dbe2: receive RaftClientReply:client-8DB4338F17D0->b5da6a4a-1459-46a4-9479-d2035163dbe2@group-4A9565783204, cid=3132, SUCCESS, logIndex=4720, commits[b5da6a4a-1459-46a4-9479-d2035163dbe2:c4720, 69c25b61-d669-4f17-b36d-41bca3df1f31:c4719, d2a7b1fa-fac6-4c6f-8c6d-9ac7414c70c3:c4719]
2019-07-14 04:23:57,658 INFO  client.GrpcClientProtocolClient (GrpcClientProtocolClient.java:onNext(255)) - client-8DB4338F17D0->b5da6a4a-1459-46a4-9479-d2035163dbe2: receive RaftClientReply:client-8DB4338F17D0->b5da6a4a-1459-46a4-9479-d2035163dbe2@group-4A9565783204, cid=3133, SUCCESS, logIndex=4721, commits[b5da6a4a-1459-46a4-9479-d2035163dbe2:c4722, 69c25b61-d669-4f17-b36d-41bca3df1f31:c4719, d2a7b1fa-fac6-4c6f-8c6d-9ac7414c70c3:c4719]
2019-07-14 04:23:57,659 INFO  client.GrpcClientProtocolClient (GrpcClientProtocolClient.java:onNext(255)) - client-8DB4338F17D0->b5da6a4a-1459-46a4-9479-d2035163dbe2: receive RaftClientReply:client-8DB4338F17D0->b5da6a4a-1459-46a4-9479-d2035163dbe2@group-4A9565783204, cid=3134, SUCCESS, logIndex=4722, commits[b5da6a4a-1459-46a4-9479-d2035163dbe2:c4723, 69c25b61-d669-4f17-b36d-41bca3df1f31:c4719, d2a7b1fa-fac6-4c6f-8c6d-9ac7414c70c3:c4719]
2019-07-14 04:23:57,659 INFO  client.GrpcClientProtocolClient (GrpcClientProtocolClient.java:onNext(255)) - client-8DB4338F17D0->b5da6a4a-1459-46a4-9479-d2035163dbe2: receive RaftClientReply:client-8DB4338F17D0->b5da6a4a-1459-46a4-9479-d2035163dbe2@group-4A9565783204, cid=3135, SUCCESS, logIndex=4723, commits[b5da6a4a-1459-46a4-9479-d2035163dbe2:c4723, 69c25b61-d669-4f17-b36d-41bca3df1f31:c4719, d2a7b1fa-fac6-4c6f-8c6d-9ac7414c70c3:c4719]
2019-07-14 04:23:57,661 INFO  client.GrpcClientProtocolClient (GrpcClientProtocolClient.java:onNext(255)) - client-8DB4338F17D0->b5da6a4a-1459-46a4-9479-d2035163dbe2: receive RaftClientReply:client-8DB4338F17D0->b5da6a4a-1459-46a4-9479-d2035163dbe2@group-4A9565783204, cid=3136, SUCCESS, logIndex=0, commits[b5da6a4a-1459-46a4-9479-d2035163dbe2:c4724, 69c25b61-d669-4f17-b36d-41bca3df1f31:c4721, d2a7b1fa-fac6-4c6f-8c6d-9ac7414c70c3:c4721]
2019-07-14 04:23:57,679 INFO  client.GrpcClientProtocolClient (GrpcClientProtocolClient.java:onNext(255)) - client-8DB4338F17D0->b5da6a4a-1459-46a4-9479-d2035163dbe2: receive RaftClientReply:client-8DB4338F17D0->b5da6a4a-1459-46a4-9479-d2035163dbe2@group-4A9565783204, cid=3137, SUCCESS, logIndex=4728, commits[b5da6a4a-1459-46a4-9479-d2035163dbe2:c4729, 69c25b61-d669-4f17-b36d-41bca3df1f31:c4727, d2a7b1fa-fac6-4c6f-8c6d-9ac7414c70c3:c4727]
2019-07-14 04:23:57,680 INFO  client.GrpcClientProtocolClient (GrpcClientProtocolClient.java:onNext(255)) - client-8DB4338F17D0->b5da6a4a-1459-46a4-9479-d2035163dbe2: receive RaftClientReply:client-8DB4338F17D0->b5da6a4a-1459-46a4-9479-d2035163dbe2@group-4A9565783204, cid=3138, SUCCESS, logIndex=4729, commits[b5da6a4a-1459-46a4-9479-d2035163dbe2:c4729, 69c25b61-d669-4f17-b36d-41bca3df1f31:c4727, d2a7b1fa-fac6-4c6f-8c6d-9ac7414c70c3:c4727]
2019-07-14 04:23:57,691 INFO  client.GrpcClientProtocolClient (GrpcClientProtocolClient.java:onNext(255)) - client-8DB4338F17D0->b5da6a4a-1459-46a4-9479-d2035163dbe2: receive RaftClientReply:client-8DB4338F17D0->b5da6a4a-1459-46a4-9479-d2035163dbe2@group-4A9565783204, cid=3139, SUCCESS, logIndex=4732, commits[b5da6a4a-1459-46a4-9479-d2035163dbe2:c4733, 69c25b61-d669-4f17-b36d-41bca3df1f31:c4728, d2a7b1fa-fac6-4c6f-8c6d-9ac7414c70c3:c4729]
2019-07-14 04:23:57,691 INFO  client.GrpcClientProtocolClient (GrpcClientProtocolClient.java:onNext(255)) - client-8DB4338F17D0->b5da6a4a-1459-46a4-9479-d2035163dbe2: receive RaftClientReply:client-8DB4338F17D0->b5da6a4a-1459-46a4-9479-d2035163dbe2@group-4A9565783204, cid=3140, SUCCESS, logIndex=4733, commits[b5da6a4a-1459-46a4-9479-d2035163dbe2:c4733, 69c25b61-d669-4f17-b36d-41bca3df1f31:c4729, d2a7b1fa-fac6-4c6f-8c6d-9ac7414c70c3:c4729]
2019-07-14 04:23:57,694 INFO  client.GrpcClientProtocolClient (GrpcClientProtocolClient.java:onNext(255)) - client-8DB4338F17D0->b5da6a4a-1459-46a4-9479-d2035163dbe2: receive RaftClientReply:client-8DB4338F17D0->b5da6a4a-1459-46a4-9479-d2035163dbe2@group-4A9565783204, cid=3141, SUCCESS, logIndex=0, commits[b5da6a4a-1459-46a4-9479-d2035163dbe2:c4734, 69c25b61-d669-4f17-b36d-41bca3df1f31:c4733, d2a7b1fa-fac6-4c6f-8c6d-9ac7414c70c3:c4733]
2019-07-14 04:23:57,718 INFO  client.GrpcClientProtocolClient (GrpcClientProtocolClient.java:onNext(255)) - client-8DB4338F17D0->b5da6a4a-1459-46a4-9479-d2035163dbe2: receive RaftClientReply:client-8DB4338F17D0->b5da6a4a-1459-46a4-9479-d2035163dbe2@group-4A9565783204, cid=3142, SUCCESS, logIndex=4736, commits[b5da6a4a-1459-46a4-9479-d2035163dbe2:c4737, 69c25b61-d669-4f17-b36d-41bca3df1f31:c4735, d2a7b1fa-fac6-4c6f-8c6d-9ac7414c70c3:c4735]
2019-07-14 04:23:57,719 INFO  client.GrpcClientProtocolClient (GrpcClientProtocolClient.java:onNext(255)) - client-8DB4338F17D0->b5da6a4a-1459-46a4-9479-d2035163dbe2: receive RaftClientReply:client-8DB4338F17D0->b5da6a4a-1459-46a4-9479-d2035163dbe2@group-4A9565783204, cid=3143, SUCCESS, logIndex=4737, commits[b5da6a4a-1459-46a4-9479-d2035163dbe2:c4737, 69c25b61-d669-4f17-b36d-41bca3df1f31:c4735, d2a7b1fa-fac6-4c6f-8c6d-9ac7414c70c3:c4735]
2019-07-14 04:23:57,719 INFO  client.GrpcClientProtocolClient (GrpcClientProtocolClient.java:onNext(255)) - client-8DB4338F17D0->b5da6a4a-1459-46a4-9479-d2035163dbe2: receive RaftClientReply:client-8DB4338F17D0->b5da6a4a-1459-46a4-9479-d2035163dbe2@group-4A9565783204, cid=3144, SUCCESS, logIndex=4738, commits[b5da6a4a-1459-46a4-9479-d2035163dbe2:c4739, 69c25b61-d669-4f17-b36d-41bca3df1f31:c4735, d2a7b1fa-fac6-4c6f-8c6d-9ac7414c70c3:c4735]
2019-07-14 04:23:57,720 INFO  client.GrpcClientProtocolClient (GrpcClientProtocolClient.java:onNext(255)) - client-8DB4338F17D0->b5da6a4a-1459-46a4-9479-d2035163dbe2: receive RaftClientReply:client-8DB4338F17D0->b5da6a4a-1459-46a4-9479-d2035163dbe2@group-4A9565783204, cid=3145, SUCCESS, logIndex=4739, commits[b5da6a4a-1459-46a4-9479-d2035163dbe2:c4739, 69c25b61-d669-4f17-b36d-41bca3df1f31:c4735, d2a7b1fa-fac6-4c6f-8c6d-9ac7414c70c3:c4735]
2019-07-14 04:23:57,724 INFO  client.GrpcClientProtocolClient (GrpcClientProtocolClient.java:onNext(255)) - client-8DB4338F17D0->b5da6a4a-1459-46a4-9479-d2035163dbe2: receive RaftClientReply:client-8DB4338F17D0->b5da6a4a-1459-46a4-9479-d2035163dbe2@group-4A9565783204, cid=3146, SUCCESS, logIndex=0, commits[b5da6a4a-1459-46a4-9479-d2035163dbe2:c4741, 69c25b61-d669-4f17-b36d-41bca3df1f31:c4737, d2a7b1fa-fac6-4c6f-8c6d-9ac7414c70c3:c4737]
2019-07-14 04:23:57,744 INFO  client.GrpcClientProtocolClient (GrpcClientProtocolClient.java:onNext(255)) - client-8DB4338F17D0->b5da6a4a-1459-46a4-9479-d2035163dbe2: receive RaftClientReply:client-8DB4338F17D0->b5da6a4a-1459-46a4-9479-d2035163dbe2@group-4A9565783204, cid=3147, SUCCESS, logIndex=4744, commits[b5da6a4a-1459-46a4-9479-d2035163dbe2:c4745, 69c25b61-d669-4f17-b36d-41bca3df1f31:c4743, d2a7b1fa-fac6-4c6f-8c6d-9ac7414c70c3:c4739]
2019-07-14 04:23:57,744 INFO  client.GrpcClientProtocolClient (GrpcClientProtocolClient.java:onNext(255)) - client-8DB4338F17D0->b5da6a4a-1459-46a4-9479-d2035163dbe2: receive RaftClientReply:client-8DB4338F17D0->b5da6a4a-1459-46a4-9479-d2035163dbe2@group-4A9565783204, cid=3148, SUCCESS, logIndex=4745, commits[b5da6a4a-1459-46a4-9479-d2035163dbe2:c4745, 69c25b61-d669-4f17-b36d-41bca3df1f31:c4743, d2a7b1fa-fac6-4c6f-8c6d-9ac7414c70c3:c4743]
2019-07-14 04:23:57,762 INFO  client.GrpcClientProtocolClient (GrpcClientProtocolClient.java:onNext(255)) - client-8DB4338F17D0->b5da6a4a-1459-46a4-9479-d2035163dbe2: receive RaftClientReply:client-8DB4338F17D0->b5da6a4a-1459-46a4-9479-d2035163dbe2@group-4A9565783204, cid=3149, SUCCESS, logIndex=4748, commits[b5da6a4a-1459-46a4-9479-d2035163dbe2:c4749, 69c25b61-d669-4f17-b36d-41bca3df1f31:c4747, d2a7b1fa-fac6-4c6f-8c6d-9ac7414c70c3:c4747]
2019-07-14 04:23:57,762 INFO  client.GrpcClientProtocolClient (GrpcClientProtocolClient.java:onNext(255)) - client-8DB4338F17D0->b5da6a4a-1459-46a4-9479-d2035163dbe2: receive RaftClientReply:client-8DB4338F17D0->b5da6a4a-1459-46a4-9479-d2035163dbe2@group-4A9565783204, cid=3150, SUCCESS, logIndex=4749, commits[b5da6a4a-1459-46a4-9479-d2035163dbe2:c4749, 69c25b61-d669-4f17-b36d-41bca3df1f31:c4747, d2a7b1fa-fac6-4c6f-8c6d-9ac7414c70c3:c4747]
2019-07-14 04:23:57,775 INFO  client.GrpcClientProtocolClient (GrpcClientProtocolClient.java:onNext(255)) - client-8DB4338F17D0->b5da6a4a-1459-46a4-9479-d2035163dbe2: receive RaftClientReply:client-8DB4338F17D0->b5da6a4a-1459-46a4-9479-d2035163dbe2@group-4A9565783204, cid=3151, SUCCESS, logIndex=0, commits[b5da6a4a-1459-46a4-9479-d2035163dbe2:c4751, 69c25b61-d669-4f17-b36d-41bca3df1f31:c4749, d2a7b1fa-fac6-4c6f-8c6d-9ac7414c70c3:c4749]
2019-07-14 04:23:57,802 INFO  client.GrpcClientProtocolClient (GrpcClientProtocolClient.java:onNext(255)) - client-8DB4338F17D0->b5da6a4a-1459-46a4-9479-d2035163dbe2: receive RaftClientReply:client-8DB4338F17D0->b5da6a4a-1459-46a4-9479-d2035163dbe2@group-4A9565783204, cid=3152, SUCCESS, logIndex=4752, commits[b5da6a4a-1459-46a4-9479-d2035163dbe2:c4753, 69c25b61-d669-4f17-b36d-41bca3df1f31:c4751, d2a7b1fa-fac6-4c6f-8c6d-9ac7414c70c3:c4751]
2019-07-14 04:23:57,803 INFO  client.GrpcClientProtocolClient (GrpcClientProtocolClient.java:onNext(255)) - client-8DB4338F17D0->b5da6a4a-1459-46a4-9479-d2035163dbe2: receive RaftClientReply:client-8DB4338F17D0->b5da6a4a-1459-46a4-9479-d2035163dbe2@group-4A9565783204, cid=3153, SUCCESS, logIndex=4753, commits[b5da6a4a-1459-46a4-9479-d2035163dbe2:c4754, 69c25b61-d669-4f17-b36d-41bca3df1f31:c4751, d2a7b1fa-fac6-4c6f-8c6d-9ac7414c70c3:c4751]
2019-07-14 04:23:57,803 INFO  client.GrpcClientProtocolClient (GrpcClientProtocolClient.java:onNext(255)) - client-8DB4338F17D0->b5da6a4a-1459-46a4-9479-d2035163dbe2: receive RaftClientReply:client-8DB4338F17D0->b5da6a4a-1459-46a4-9479-d2035163dbe2@group-4A9565783204, cid=3154, SUCCESS, logIndex=4754, commits[b5da6a4a-1459-46a4-9479-d2035163dbe2:c4755, 69c25b61-d669-4f17-b36d-41bca3df1f31:c4751, d2a7b1fa-fac6-4c6f-8c6d-9ac7414c70c3:c4751]
2019-07-14 04:23:57,804 INFO  client.GrpcClientProtocolClient (GrpcClientProtocolClient.java:onNext(255)) - client-8DB4338F17D0->b5da6a4a-1459-46a4-9479-d2035163dbe2: receive RaftClientReply:client-8DB4338F17D0->b5da6a4a-1459-46a4-9479-d2035163dbe2@group-4A9565783204, cid=3155, SUCCESS, logIndex=4755, commits[b5da6a4a-1459-46a4-9479-d2035163dbe2:c4755, 69c25b61-d669-4f17-b36d-41bca3df1f31:c4751, d2a7b1fa-fac6-4c6f-8c6d-9ac7414c70c3:c4751]
2019-07-14 04:23:57,806 INFO  client.GrpcClientProtocolClient (GrpcClientProtocolClient.java:onNext(255)) - client-8DB4338F17D0->b5da6a4a-1459-46a4-9479-d2035163dbe2: receive RaftClientReply:client-8DB4338F17D0->b5da6a4a-1459-46a4-9479-d2035163dbe2@group-4A9565783204, cid=3156, SUCCESS, logIndex=0, commits[b5da6a4a-1459-46a4-9479-d2035163dbe2:c4757, 69c25b61-d669-4f17-b36d-41bca3df1f31:c4753, d2a7b1fa-fac6-4c6f-8c6d-9ac7414c70c3:c4753]
2019-07-14 04:23:57,823 INFO  client.GrpcClientProtocolClient (GrpcClientProtocolClient.java:onNext(255)) - client-8DB4338F17D0->b5da6a4a-1459-46a4-9479-d2035163dbe2: receive RaftClientReply:client-8DB4338F17D0->b5da6a4a-1459-46a4-9479-d2035163dbe2@group-4A9565783204, cid=3157, SUCCESS, logIndex=4760, commits[b5da6a4a-1459-46a4-9479-d2035163dbe2:c4761, 69c25b61-d669-4f17-b36d-41bca3df1f31:c4759, d2a7b1fa-fac6-4c6f-8c6d-9ac7414c70c3:c4759]
2019-07-14 04:23:57,824 INFO  client.GrpcClientProtocolClient (GrpcClientProtocolClient.java:onNext(255)) - client-8DB4338F17D0->b5da6a4a-1459-46a4-9479-d2035163dbe2: receive RaftClientReply:client-8DB4338F17D0->b5da6a4a-1459-46a4-9479-d2035163dbe2@group-4A9565783204, cid=3158, SUCCESS, logIndex=4761, commits[b5da6a4a-1459-46a4-9479-d2035163dbe2:c4761, 69c25b61-d669-4f17-b36d-41bca3df1f31:c4759, d2a7b1fa-fac6-4c6f-8c6d-9ac7414c70c3:c4759]
2019-07-14 04:23:57,837 INFO  client.GrpcClientProtocolClient (GrpcClientProtocolClient.java:onNext(255)) - client-8DB4338F17D0->b5da6a4a-1459-46a4-9479-d2035163dbe2: receive RaftClientReply:client-8DB4338F17D0->b5da6a4a-1459-46a4-9479-d2035163dbe2@group-4A9565783204, cid=3159, SUCCESS, logIndex=4764, commits[b5da6a4a-1459-46a4-9479-d2035163dbe2:c4765, 69c25b61-d669-4f17-b36d-41bca3df1f31:c4761, d2a7b1fa-fac6-4c6f-8c6d-9ac7414c70c3:c4761]
2019-07-14 04:23:57,838 INFO  client.GrpcClientProtocolClient (GrpcClientProtocolClient.java:onNext(255)) - client-8DB4338F17D0->b5da6a4a-1459-46a4-9479-d2035163dbe2: receive RaftClientReply:client-8DB4338F17D0->b5da6a4a-1459-46a4-9479-d2035163dbe2@group-4A9565783204, cid=3160, SUCCESS, logIndex=4765, commits[b5da6a4a-1459-46a4-9479-d2035163dbe2:c4765, 69c25b61-d669-4f17-b36d-41bca3df1f31:c4761, d2a7b1fa-fac6-4c6f-8c6d-9ac7414c70c3:c4761]
2019-07-14 04:23:57,842 INFO  client.GrpcClientProtocolClient (GrpcClientProtocolClient.java:onNext(255)) - client-8DB4338F17D0->b5da6a4a-1459-46a4-9479-d2035163dbe2: receive RaftClientReply:client-8DB4338F17D0->b5da6a4a-1459-46a4-9479-d2035163dbe2@group-4A9565783204, cid=3161, SUCCESS, logIndex=0, commits[b5da6a4a-1459-46a4-9479-d2035163dbe2:c4767, 69c25b61-d669-4f17-b36d-41bca3df1f31:c4765, d2a7b1fa-fac6-4c6f-8c6d-9ac7414c70c3:c4765]
2019-07-14 04:23:57,954 INFO  client.GrpcClientProtocolClient (GrpcClientProtocolClient.java:onNext(255)) - client-8DB4338F17D0->b5da6a4a-1459-46a4-9479-d2035163dbe2: receive RaftClientReply:client-8DB4338F17D0->b5da6a4a-1459-46a4-9479-d2035163dbe2@group-4A9565783204, cid=3162, SUCCESS, logIndex=4768, commits[b5da6a4a-1459-46a4-9479-d2035163dbe2:c4769, 69c25b61-d669-4f17-b36d-41bca3df1f31:c4767, d2a7b1fa-fac6-4c6f-8c6d-9ac7414c70c3:c4767]
2019-07-14 04:23:57,954 INFO  client.GrpcClientProtocolClient (GrpcClientProtocolClient.java:onNext(255)) - client-8DB4338F17D0->b5da6a4a-1459-46a4-9479-d2035163dbe2: receive RaftClientReply:client-8DB4338F17D0->b5da6a4a-1459-46a4-9479-d2035163dbe2@group-4A9565783204, cid=3163, SUCCESS, logIndex=4769, commits[b5da6a4a-1459-46a4-9479-d2035163dbe2:c4769, 69c25b61-d669-4f17-b36d-41bca3df1f31:c4767, d2a7b1fa-fac6-4c6f-8c6d-9ac7414c70c3:c4767]
2019-07-14 04:23:57,958 INFO  client.GrpcClientProtocolClient (GrpcClientProtocolClient.java:onNext(255)) - client-8DB4338F17D0->b5da6a4a-1459-46a4-9479-d2035163dbe2: receive RaftClientReply:client-8DB4338F17D0->b5da6a4a-1459-46a4-9479-d2035163dbe2@group-4A9565783204, cid=3164, SUCCESS, logIndex=4770, commits[b5da6a4a-1459-46a4-9479-d2035163dbe2:c4771, 69c25b61-d669-4f17-b36d-41bca3df1f31:c4767, d2a7b1fa-fac6-4c6f-8c6d-9ac7414c70c3:c4767]
2019-07-14 04:23:57,958 INFO  client.GrpcClientProtocolClient (GrpcClientProtocolClient.java:onNext(255)) - client-8DB4338F17D0->b5da6a4a-1459-46a4-9479-d2035163dbe2: receive RaftClientReply:client-8DB4338F17D0->b5da6a4a-1459-46a4-9479-d2035163dbe2@group-4A9565783204, cid=3165, SUCCESS, logIndex=4771, commits[b5da6a4a-1459-46a4-9479-d2035163dbe2:c4771, 69c25b61-d669-4f17-b36d-41bca3df1f31:c4767, d2a7b1fa-fac6-4c6f-8c6d-9ac7414c70c3:c4767]
2019-07-14 04:23:57,961 INFO  client.GrpcClientProtocolClient (GrpcClientProtocolClient.java:onNext(255)) - client-8DB4338F17D0->b5da6a4a-1459-46a4-9479-d2035163dbe2: receive RaftClientReply:client-8DB4338F17D0->b5da6a4a-1459-46a4-9479-d2035163dbe2@group-4A9565783204, cid=3166, SUCCESS, logIndex=0, commits[b5da6a4a-1459-46a4-9479-d2035163dbe2:c4773, 69c25b61-d669-4f17-b36d-41bca3df1f31:c4769, d2a7b1fa-fac6-4c6f-8c6d-9ac7414c70c3:c4769]
2019-07-14 04:23:57,979 INFO  client.GrpcClientProtocolClient (GrpcClientProtocolClient.java:onNext(255)) - client-8DB4338F17D0->b5da6a4a-1459-46a4-9479-d2035163dbe2: receive RaftClientReply:client-8DB4338F17D0->b5da6a4a-1459-46a4-9479-d2035163dbe2@group-4A9565783204, cid=3167, SUCCESS, logIndex=4776, commits[b5da6a4a-1459-46a4-9479-d2035163dbe2:c4777, 69c25b61-d669-4f17-b36d-41bca3df1f31:c4775, d2a7b1fa-fac6-4c6f-8c6d-9ac7414c70c3:c4775]
2019-07-14 04:23:57,980 INFO  client.GrpcClientProtocolClient (GrpcClientProtocolClient.java:onNext(255)) - client-8DB4338F17D0->b5da6a4a-1459-46a4-9479-d2035163dbe2: receive RaftClientReply:client-8DB4338F17D0->b5da6a4a-1459-46a4-9479-d2035163dbe2@group-4A9565783204, cid=3168, SUCCESS, logIndex=4777, commits[b5da6a4a-1459-46a4-9479-d2035163dbe2:c4777, 69c25b61-d669-4f17-b36d-41bca3df1f31:c4775, d2a7b1fa-fac6-4c6f-8c6d-9ac7414c70c3:c4775]
2019-07-14 04:23:57,998 INFO  client.GrpcClientProtocolClient (GrpcClientProtocolClient.java:onNext(255)) - client-8DB4338F17D0->b5da6a4a-1459-46a4-9479-d2035163dbe2: receive RaftClientReply:client-8DB4338F17D0->b5da6a4a-1459-46a4-9479-d2035163dbe2@group-4A9565783204, cid=3169, SUCCESS, logIndex=4780, commits[b5da6a4a-1459-46a4-9479-d2035163dbe2:c4781, 69c25b61-d669-4f17-b36d-41bca3df1f31:c4779, d2a7b1fa-fac6-4c6f-8c6d-9ac7414c70c3:c4779]
2019-07-14 04:23:57,998 INFO  client.GrpcClientProtocolClient (GrpcClientProtocolClient.java:onNext(255)) - client-8DB4338F17D0->b5da6a4a-1459-46a4-9479-d2035163dbe2: receive RaftClientReply:client-8DB4338F17D0->b5da6a4a-1459-46a4-9479-d2035163dbe2@group-4A9565783204, cid=3170, SUCCESS, logIndex=4781, commits[b5da6a4a-1459-46a4-9479-d2035163dbe2:c4781, 69c25b61-d669-4f17-b36d-41bca3df1f31:c4779, d2a7b1fa-fac6-4c6f-8c6d-9ac7414c70c3:c4779]
2019-07-14 04:23:58,002 INFO  client.GrpcClientProtocolClient (GrpcClientProtocolClient.java:onNext(255)) - client-8DB4338F17D0->b5da6a4a-1459-46a4-9479-d2035163dbe2: receive RaftClientReply:client-8DB4338F17D0->b5da6a4a-1459-46a4-9479-d2035163dbe2@group-4A9565783204, cid=3171, SUCCESS, logIndex=0, commits[b5da6a4a-1459-46a4-9479-d2035163dbe2:c4783, 69c25b61-d669-4f17-b36d-41bca3df1f31:c4781, d2a7b1fa-fac6-4c6f-8c6d-9ac7414c70c3:c4781]
2019-07-14 04:23:58,029 INFO  client.GrpcClientProtocolClient (GrpcClientProtocolClient.java:onNext(255)) - client-8DB4338F17D0->b5da6a4a-1459-46a4-9479-d2035163dbe2: receive RaftClientReply:client-8DB4338F17D0->b5da6a4a-1459-46a4-9479-d2035163dbe2@group-4A9565783204, cid=3172, SUCCESS, logIndex=4784, commits[b5da6a4a-1459-46a4-9479-d2035163dbe2:c4785, 69c25b61-d669-4f17-b36d-41bca3df1f31:c4783, d2a7b1fa-fac6-4c6f-8c6d-9ac7414c70c3:c4783]
2019-07-14 04:23:58,030 INFO  client.GrpcClientProtocolClient (GrpcClientProtocolClient.java:onNext(255)) - client-8DB4338F17D0->b5da6a4a-1459-46a4-9479-d2035163dbe2: receive RaftClientReply:client-8DB4338F17D0->b5da6a4a-1459-46a4-9479-d2035163dbe2@group-4A9565783204, cid=3173, SUCCESS, logIndex=4785, commits[b5da6a4a-1459-46a4-9479-d2035163dbe2:c4787, 69c25b61-d669-4f17-b36d-41bca3df1f31:c4783, d2a7b1fa-fac6-4c6f-8c6d-9ac7414c70c3:c4783]
2019-07-14 04:23:58,030 INFO  client.GrpcClientProtocolClient (GrpcClientProtocolClient.java:onNext(255)) - client-8DB4338F17D0->b5da6a4a-1459-46a4-9479-d2035163dbe2: receive RaftClientReply:client-8DB4338F17D0->b5da6a4a-1459-46a4-9479-d2035163dbe2@group-4A9565783204, cid=3174, SUCCESS, logIndex=4786, commits[b5da6a4a-1459-46a4-9479-d2035163dbe2:c4787, 69c25b61-d669-4f17-b36d-41bca3df1f31:c4783, d2a7b1fa-fac6-4c6f-8c6d-9ac7414c70c3:c4783]
2019-07-14 04:23:58,031 INFO  client.GrpcClientProtocolClient (GrpcClientProtocolClient.java:onNext(255)) - client-8DB4338F17D0->b5da6a4a-1459-46a4-9479-d2035163dbe2: receive RaftClientReply:client-8DB4338F17D0->b5da6a4a-1459-46a4-9479-d2035163dbe2@group-4A9565783204, cid=3175, SUCCESS, logIndex=4787, commits[b5da6a4a-1459-46a4-9479-d2035163dbe2:c4787, 69c25b61-d669-4f17-b36d-41bca3df1f31:c4783, d2a7b1fa-fac6-4c6f-8c6d-9ac7414c70c3:c4783]
2019-07-14 04:23:58,033 INFO  client.GrpcClientProtocolClient (GrpcClientProtocolClient.java:onNext(255)) - client-8DB4338F17D0->b5da6a4a-1459-46a4-9479-d2035163dbe2: receive RaftClientReply:client-8DB4338F17D0->b5da6a4a-1459-46a4-9479-d2035163dbe2@group-4A9565783204, cid=3176, SUCCESS, logIndex=0, commits[b5da6a4a-1459-46a4-9479-d2035163dbe2:c4790, 69c25b61-d669-4f17-b36d-41bca3df1f31:c4785, d2a7b1fa-fac6-4c6f-8c6d-9ac7414c70c3:c4787]
2019-07-14 04:23:58,044 INFO  client.GrpcClientProtocolClient (GrpcClientProtocolClient.java:onNext(255)) - client-8DB4338F17D0->b5da6a4a-1459-46a4-9479-d2035163dbe2: receive RaftClientReply:client-8DB4338F17D0->b5da6a4a-1459-46a4-9479-d2035163dbe2@group-4A9565783204, cid=3177, SUCCESS, logIndex=4791, commits[b5da6a4a-1459-46a4-9479-d2035163dbe2:c4792, 69c25b61-d669-4f17-b36d-41bca3df1f31:c4790, d2a7b1fa-fac6-4c6f-8c6d-9ac7414c70c3:c4787]
2019-07-14 04:23:58,045 INFO  client.GrpcClientProtocolClient (GrpcClientProtocolClient.java:onNext(255)) - client-8DB4338F17D0->b5da6a4a-1459-46a4-9479-d2035163dbe2: receive RaftClientReply:client-8DB4338F17D0->b5da6a4a-1459-46a4-9479-d2035163dbe2@group-4A9565783204, cid=3178, SUCCESS, logIndex=4792, commits[b5da6a4a-1459-46a4-9479-d2035163dbe2:c4792, 69c25b61-d669-4f17-b36d-41bca3df1f31:c4790, d2a7b1fa-fac6-4c6f-8c6d-9ac7414c70c3:c4787]
2019-07-14 04:23:58,057 INFO  client.GrpcClientProtocolClient (GrpcClientProtocolClient.java:onNext(255)) - client-8DB4338F17D0->b5da6a4a-1459-46a4-9479-d2035163dbe2: receive RaftClientReply:client-8DB4338F17D0->b5da6a4a-1459-46a4-9479-d2035163dbe2@group-4A9565783204, cid=3179, SUCCESS, logIndex=4795, commits[b5da6a4a-1459-46a4-9479-d2035163dbe2:c4796, 69c25b61-d669-4f17-b36d-41bca3df1f31:c4794, d2a7b1fa-fac6-4c6f-8c6d-9ac7414c70c3:c4794]
2019-07-14 04:23:58,057 INFO  client.GrpcClientProtocolClient (GrpcClientProtocolClient.java:onNext(255)) - client-8DB4338F17D0->b5da6a4a-1459-46a4-9479-d2035163dbe2: receive RaftClientReply:client-8DB4338F17D0->b5da6a4a-1459-46a4-9479-d2035163dbe2@group-4A9565783204, cid=3180, SUCCESS, logIndex=4796, commits[b5da6a4a-1459-46a4-9479-d2035163dbe2:c4796, 69c25b61-d669-4f17-b36d-41bca3df1f31:c4794, d2a7b1fa-fac6-4c6f-8c6d-9ac7414c70c3:c4794]
2019-07-14 04:23:58,061 INFO  client.GrpcClientProtocolClient (GrpcClientProtocolClient.java:onNext(255)) - client-8DB4338F17D0->b5da6a4a-1459-46a4-9479-d2035163dbe2: receive RaftClientReply:client-8DB4338F17D0->b5da6a4a-1459-46a4-9479-d2035163dbe2@group-4A9565783204, cid=3181, SUCCESS, logIndex=0, commits[b5da6a4a-1459-46a4-9479-d2035163dbe2:c4797, 69c25b61-d669-4f17-b36d-41bca3df1f31:c4796, d2a7b1fa-fac6-4c6f-8c6d-9ac7414c70c3:c4796]
2019-07-14 04:23:58,090 INFO  client.GrpcClientProtocolClient (GrpcClientProtocolClient.java:onNext(255)) - client-8DB4338F17D0->b5da6a4a-1459-46a4-9479-d2035163dbe2: receive RaftClientReply:client-8DB4338F17D0->b5da6a4a-1459-46a4-9479-d2035163dbe2@group-4A9565783204, cid=3182, SUCCESS, logIndex=4799, commits[b5da6a4a-1459-46a4-9479-d2035163dbe2:c4800, 69c25b61-d669-4f17-b36d-41bca3df1f31:c4798, d2a7b1fa-fac6-4c6f-8c6d-9ac7414c70c3:c4798]
2019-07-14 04:23:58,091 INFO  client.GrpcClientProtocolClient (GrpcClientProtocolClient.java:onNext(255)) - client-8DB4338F17D0->b5da6a4a-1459-46a4-9479-d2035163dbe2: receive RaftClientReply:client-8DB4338F17D0->b5da6a4a-1459-46a4-9479-d2035163dbe2@group-4A9565783204, cid=3183, SUCCESS, logIndex=4800, commits[b5da6a4a-1459-46a4-9479-d2035163dbe2:c4800, 69c25b61-d669-4f17-b36d-41bca3df1f31:c4798, d2a7b1fa-fac6-4c6f-8c6d-9ac7414c70c3:c4798]
2019-07-14 04:23:58,103 INFO  client.GrpcClientProtocolClient (GrpcClientProtocolClient.java:onNext(255)) - client-8DB4338F17D0->b5da6a4a-1459-46a4-9479-d2035163dbe2: receive RaftClientReply:client-8DB4338F17D0->b5da6a4a-1459-46a4-9479-d2035163dbe2@group-4A9565783204, cid=3184, SUCCESS, logIndex=4801, commits[b5da6a4a-1459-46a4-9479-d2035163dbe2:c4804, 69c25b61-d669-4f17-b36d-41bca3df1f31:c4798, d2a7b1fa-fac6-4c6f-8c6d-9ac7414c70c3:c4800]
2019-07-14 04:23:58,103 INFO  client.GrpcClientProtocolClient (GrpcClientProtocolClient.java:onNext(255)) - client-8DB4338F17D0->b5da6a4a-1459-46a4-9479-d2035163dbe2: receive RaftClientReply:client-8DB4338F17D0->b5da6a4a-1459-46a4-9479-d2035163dbe2@group-4A9565783204, cid=3185, SUCCESS, logIndex=4802, commits[b5da6a4a-1459-46a4-9479-d2035163dbe2:c4804, 69c25b61-d669-4f17-b36d-41bca3df1f31:c4798, d2a7b1fa-fac6-4c6f-8c6d-9ac7414c70c3:c4800]
2019-07-14 04:23:58,104 INFO  client.GrpcClientProtocolClient (GrpcClientProtocolClient.java:onNext(255)) - client-8DB4338F17D0->b5da6a4a-1459-46a4-9479-d2035163dbe2: receive RaftClientReply:client-8DB4338F17D0->b5da6a4a-1459-46a4-9479-d2035163dbe2@group-4A9565783204, cid=3186, SUCCESS, logIndex=0, commits[b5da6a4a-1459-46a4-9479-d2035163dbe2:c4806, 69c25b61-d669-4f17-b36d-41bca3df1f31:c4800, d2a7b1fa-fac6-4c6f-8c6d-9ac7414c70c3:c4802]
2019-07-14 04:23:58,116 INFO  client.GrpcClientProtocolClient (GrpcClientProtocolClient.java:onNext(255)) - client-8DB4338F17D0->b5da6a4a-1459-46a4-9479-d2035163dbe2: receive RaftClientReply:client-8DB4338F17D0->b5da6a4a-1459-46a4-9479-d2035163dbe2@group-4A9565783204, cid=3187, SUCCESS, logIndex=4807, commits[b5da6a4a-1459-46a4-9479-d2035163dbe2:c4808, 69c25b61-d669-4f17-b36d-41bca3df1f31:c4806, d2a7b1fa-fac6-4c6f-8c6d-9ac7414c70c3:c4802]
2019-07-14 04:23:58,116 INFO  client.GrpcClientProtocolClient (GrpcClientProtocolClient.java:onNext(255)) - client-8DB4338F17D0->b5da6a4a-1459-46a4-9479-d2035163dbe2: receive RaftClientReply:client-8DB4338F17D0->b5da6a4a-1459-46a4-9479-d2035163dbe2@group-4A9565783204, cid=3188, SUCCESS, logIndex=4808, commits[b5da6a4a-1459-46a4-9479-d2035163dbe2:c4808, 69c25b61-d669-4f17-b36d-41bca3df1f31:c4806, d2a7b1fa-fac6-4c6f-8c6d-9ac7414c70c3:c4806]
2019-07-14 04:23:58,137 INFO  client.GrpcClientProtocolClient (GrpcClientProtocolClient.java:onNext(255)) - client-8DB4338F17D0->b5da6a4a-1459-46a4-9479-d2035163dbe2: receive RaftClientReply:client-8DB4338F17D0->b5da6a4a-1459-46a4-9479-d2035163dbe2@group-4A9565783204, cid=3189, SUCCESS, logIndex=4810, commits[b5da6a4a-1459-46a4-9479-d2035163dbe2:c4811, 69c25b61-d669-4f17-b36d-41bca3df1f31:c4809, d2a7b1fa-fac6-4c6f-8c6d-9ac7414c70c3:c4809]
2019-07-14 04:23:58,137 INFO  client.GrpcClientProtocolClient (GrpcClientProtocolClient.java:onNext(255)) - client-8DB4338F17D0->b5da6a4a-1459-46a4-9479-d2035163dbe2: receive RaftClientReply:client-8DB4338F17D0->b5da6a4a-1459-46a4-9479-d2035163dbe2@group-4A9565783204, cid=3190, SUCCESS, logIndex=4811, commits[b5da6a4a-1459-46a4-9479-d2035163dbe2:c4811, 69c25b61-d669-4f17-b36d-41bca3df1f31:c4809, d2a7b1fa-fac6-4c6f-8c6d-9ac7414c70c3:c4809]
2019-07-14 04:23:58,141 INFO  client.GrpcClientProtocolClient (GrpcClientProtocolClient.java:onNext(255)) - client-8DB4338F17D0->b5da6a4a-1459-46a4-9479-d2035163dbe2: receive RaftClientReply:client-8DB4338F17D0->b5da6a4a-1459-46a4-9479-d2035163dbe2@group-4A9565783204, cid=3191, SUCCESS, logIndex=0, commits[b5da6a4a-1459-46a4-9479-d2035163dbe2:c4813, 69c25b61-d669-4f17-b36d-41bca3df1f31:c4811, d2a7b1fa-fac6-4c6f-8c6d-9ac7414c70c3:c4811]
2019-07-14 04:23:58,170 INFO  client.GrpcClientProtocolClient (GrpcClientProtocolClient.java:onNext(255)) - client-8DB4338F17D0->b5da6a4a-1459-46a4-9479-d2035163dbe2: receive RaftClientReply:client-8DB4338F17D0->b5da6a4a-1459-46a4-9479-d2035163dbe2@group-4A9565783204, cid=3192, SUCCESS, logIndex=4814, commits[b5da6a4a-1459-46a4-9479-d2035163dbe2:c4816, 69c25b61-d669-4f17-b36d-41bca3df1f31:c4813, d2a7b1fa-fac6-4c6f-8c6d-9ac7414c70c3:c4813]
2019-07-14 04:23:58,171 INFO  client.GrpcClientProtocolClient (GrpcClientProtocolClient.java:onNext(255)) - client-8DB4338F17D0->b5da6a4a-1459-46a4-9479-d2035163dbe2: receive RaftClientReply:client-8DB4338F17D0->b5da6a4a-1459-46a4-9479-d2035163dbe2@group-4A9565783204, cid=3193, SUCCESS, logIndex=4815, commits[b5da6a4a-1459-46a4-9479-d2035163dbe2:c4817, 69c25b61-d669-4f17-b36d-41bca3df1f31:c4813, d2a7b1fa-fac6-4c6f-8c6d-9ac7414c70c3:c4813]
2019-07-14 04:23:58,171 INFO  client.GrpcClientProtocolClient (GrpcClientProtocolClient.java:onNext(255)) - client-8DB4338F17D0->b5da6a4a-1459-46a4-9479-d2035163dbe2: receive RaftClientReply:client-8DB4338F17D0->b5da6a4a-1459-46a4-9479-d2035163dbe2@group-4A9565783204, cid=3194, SUCCESS, logIndex=4816, commits[b5da6a4a-1459-46a4-9479-d2035163dbe2:c4817, 69c25b61-d669-4f17-b36d-41bca3df1f31:c4813, d2a7b1fa-fac6-4c6f-8c6d-9ac7414c70c3:c4813]
2019-07-14 04:23:58,171 INFO  client.GrpcClientProtocolClient (GrpcClientProtocolClient.java:onNext(255)) - client-8DB4338F17D0->b5da6a4a-1459-46a4-9479-d2035163dbe2: receive RaftClientReply:client-8DB4338F17D0->b5da6a4a-1459-46a4-9479-d2035163dbe2@group-4A9565783204, cid=3195, SUCCESS, logIndex=4817, commits[b5da6a4a-1459-46a4-9479-d2035163dbe2:c4817, 69c25b61-d669-4f17-b36d-41bca3df1f31:c4813, d2a7b1fa-fac6-4c6f-8c6d-9ac7414c70c3:c4813]
2019-07-14 04:23:58,175 INFO  client.GrpcClientProtocolClient (GrpcClientProtocolClient.java:onNext(255)) - client-8DB4338F17D0->b5da6a4a-1459-46a4-9479-d2035163dbe2: receive RaftClientReply:client-8DB4338F17D0->b5da6a4a-1459-46a4-9479-d2035163dbe2@group-4A9565783204, cid=3196, SUCCESS, logIndex=0, commits[b5da6a4a-1459-46a4-9479-d2035163dbe2:c4820, 69c25b61-d669-4f17-b36d-41bca3df1f31:c4816, d2a7b1fa-fac6-4c6f-8c6d-9ac7414c70c3:c4816]
2019-07-14 04:23:58,185 INFO  client.GrpcClientProtocolClient (GrpcClientProtocolClient.java:onNext(255)) - client-8DB4338F17D0->b5da6a4a-1459-46a4-9479-d2035163dbe2: receive RaftClientReply:client-8DB4338F17D0->b5da6a4a-1459-46a4-9479-d2035163dbe2@group-4A9565783204, cid=3197, SUCCESS, logIndex=4822, commits[b5da6a4a-1459-46a4-9479-d2035163dbe2:c4823, 69c25b61-d669-4f17-b36d-41bca3df1f31:c4821, d2a7b1fa-fac6-4c6f-8c6d-9ac7414c70c3:c4817]
2019-07-14 04:23:58,186 INFO  client.GrpcClientProtocolClient (GrpcClientProtocolClient.java:onNext(255)) - client-8DB4338F17D0->b5da6a4a-1459-46a4-9479-d2035163dbe2: receive RaftClientReply:client-8DB4338F17D0->b5da6a4a-1459-46a4-9479-d2035163dbe2@group-4A9565783204, cid=3198, SUCCESS, logIndex=4823, commits[b5da6a4a-1459-46a4-9479-d2035163dbe2:c4823, 69c25b61-d669-4f17-b36d-41bca3df1f31:c4821, d2a7b1fa-fac6-4c6f-8c6d-9ac7414c70c3:c4821]
2019-07-14 04:23:58,204 INFO  client.GrpcClientProtocolClient (GrpcClientProtocolClient.java:onNext(255)) - client-8DB4338F17D0->b5da6a4a-1459-46a4-9479-d2035163dbe2: receive RaftClientReply:client-8DB4338F17D0->b5da6a4a-1459-46a4-9479-d2035163dbe2@group-4A9565783204, cid=3199, SUCCESS, logIndex=4826, commits[b5da6a4a-1459-46a4-9479-d2035163dbe2:c4827, 69c25b61-d669-4f17-b36d-41bca3df1f31:c4825, d2a7b1fa-fac6-4c6f-8c6d-9ac7414c70c3:c4825]
2019-07-14 04:23:58,205 INFO  client.GrpcClientProtocolClient (GrpcClientProtocolClient.java:onNext(255)) - client-8DB4338F17D0->b5da6a4a-1459-46a4-9479-d2035163dbe2: receive RaftClientReply:client-8DB4338F17D0->b5da6a4a-1459-46a4-9479-d2035163dbe2@group-4A9565783204, cid=3200, SUCCESS, logIndex=4827, commits[b5da6a4a-1459-46a4-9479-d2035163dbe2:c4827, 69c25b61-d669-4f17-b36d-41bca3df1f31:c4825, d2a7b1fa-fac6-4c6f-8c6d-9ac7414c70c3:c4825]
2019-07-14 04:23:58,216 INFO  client.GrpcClientProtocolClient (GrpcClientProtocolClient.java:onNext(255)) - client-8DB4338F17D0->b5da6a4a-1459-46a4-9479-d2035163dbe2: receive RaftClientReply:client-8DB4338F17D0->b5da6a4a-1459-46a4-9479-d2035163dbe2@group-4A9565783204, cid=3201, SUCCESS, logIndex=0, commits[b5da6a4a-1459-46a4-9479-d2035163dbe2:c4829, 69c25b61-d669-4f17-b36d-41bca3df1f31:c4827, d2a7b1fa-fac6-4c6f-8c6d-9ac7414c70c3:c4827]
2019-07-14 04:23:58,251 INFO  client.GrpcClientProtocolClient (GrpcClientProtocolClient.java:onNext(255)) - client-8DB4338F17D0->b5da6a4a-1459-46a4-9479-d2035163dbe2: receive RaftClientReply:client-8DB4338F17D0->b5da6a4a-1459-46a4-9479-d2035163dbe2@group-4A9565783204, cid=3202, SUCCESS, logIndex=4830, commits[b5da6a4a-1459-46a4-9479-d2035163dbe2:c4832, 69c25b61-d669-4f17-b36d-41bca3df1f31:c4829, d2a7b1fa-fac6-4c6f-8c6d-9ac7414c70c3:c4829]
2019-07-14 04:23:58,252 INFO  client.GrpcClientProtocolClient (GrpcClientProtocolClient.java:onNext(255)) - client-8DB4338F17D0->b5da6a4a-1459-46a4-9479-d2035163dbe2: receive RaftClientReply:client-8DB4338F17D0->b5da6a4a-1459-46a4-9479-d2035163dbe2@group-4A9565783204, cid=3203, SUCCESS, logIndex=4831, commits[b5da6a4a-1459-46a4-9479-d2035163dbe2:c4833, 69c25b61-d669-4f17-b36d-41bca3df1f31:c4829, d2a7b1fa-fac6-4c6f-8c6d-9ac7414c70c3:c4829]
2019-07-14 04:23:58,252 INFO  client.GrpcClientProtocolClient (GrpcClientProtocolClient.java:onNext(255)) - client-8DB4338F17D0->b5da6a4a-1459-46a4-9479-d2035163dbe2: receive RaftClientReply:client-8DB4338F17D0->b5da6a4a-1459-46a4-9479-d2035163dbe2@group-4A9565783204, cid=3204, SUCCESS, logIndex=4832, commits[b5da6a4a-1459-46a4-9479-d2035163dbe2:c4833, 69c25b61-d669-4f17-b36d-41bca3df1f31:c4829, d2a7b1fa-fac6-4c6f-8c6d-9ac7414c70c3:c4829]
2019-07-14 04:23:58,253 INFO  client.GrpcClientProtocolClient (GrpcClientProtocolClient.java:onNext(255)) - client-8DB4338F17D0->b5da6a4a-1459-46a4-9479-d2035163dbe2: receive RaftClientReply:client-8DB4338F17D0->b5da6a4a-1459-46a4-9479-d2035163dbe2@group-4A9565783204, cid=3205, SUCCESS, logIndex=4833, commits[b5da6a4a-1459-46a4-9479-d2035163dbe2:c4833, 69c25b61-d669-4f17-b36d-41bca3df1f31:c4829, d2a7b1fa-fac6-4c6f-8c6d-9ac7414c70c3:c4829]
 0.00% |█                                                                                                    |  0/1 Time: 0:00:232019-07-14 04:23:58,265 INFO  client.GrpcClientProtocolClient (GrpcClientProtocolClient.java:onNext(255)) - client-8DB4338F17D0->b5da6a4a-1459-46a4-9479-d2035163dbe2: receive RaftClientReply:client-8DB4338F17D0->b5da6a4a-1459-46a4-9479-d2035163dbe2@group-4A9565783204, cid=3206, SUCCESS, logIndex=0, commits[b5da6a4a-1459-46a4-9479-d2035163dbe2:c4835, 69c25b61-d669-4f17-b36d-41bca3df1f31:c4832, d2a7b1fa-fac6-4c6f-8c6d-9ac7414c70c3:c4831]
2019-07-14 04:23:58,282 INFO  client.GrpcClientProtocolClient (GrpcClientProtocolClient.java:onNext(255)) - client-8DB4338F17D0->b5da6a4a-1459-46a4-9479-d2035163dbe2: receive RaftClientReply:client-8DB4338F17D0->b5da6a4a-1459-46a4-9479-d2035163dbe2@group-4A9565783204, cid=3207, SUCCESS, logIndex=4838, commits[b5da6a4a-1459-46a4-9479-d2035163dbe2:c4839, 69c25b61-d669-4f17-b36d-41bca3df1f31:c4837, d2a7b1fa-fac6-4c6f-8c6d-9ac7414c70c3:c4837]
2019-07-14 04:23:58,283 INFO  client.GrpcClientProtocolClient (GrpcClientProtocolClient.java:onNext(255)) - client-8DB4338F17D0->b5da6a4a-1459-46a4-9479-d2035163dbe2: receive RaftClientReply:client-8DB4338F17D0->b5da6a4a-1459-46a4-9479-d2035163dbe2@group-4A9565783204, cid=3208, SUCCESS, logIndex=4839, commits[b5da6a4a-1459-46a4-9479-d2035163dbe2:c4839, 69c25b61-d669-4f17-b36d-41bca3df1f31:c4837, d2a7b1fa-fac6-4c6f-8c6d-9ac7414c70c3:c4837]
2019-07-14 04:23:58,304 INFO  client.GrpcClientProtocolClient (GrpcClientProtocolClient.java:onNext(255)) - client-8DB4338F17D0->b5da6a4a-1459-46a4-9479-d2035163dbe2: receive RaftClientReply:client-8DB4338F17D0->b5da6a4a-1459-46a4-9479-d2035163dbe2@group-4A9565783204, cid=3209, SUCCESS, logIndex=4842, commits[b5da6a4a-1459-46a4-9479-d2035163dbe2:c4843, 69c25b61-d669-4f17-b36d-41bca3df1f31:c4841, d2a7b1fa-fac6-4c6f-8c6d-9ac7414c70c3:c4841]
2019-07-14 04:23:58,304 INFO  client.GrpcClientProtocolClient (GrpcClientProtocolClient.java:onNext(255)) - client-8DB4338F17D0->b5da6a4a-1459-46a4-9479-d2035163dbe2: receive RaftClientReply:client-8DB4338F17D0->b5da6a4a-1459-46a4-9479-d2035163dbe2@group-4A9565783204, cid=3210, SUCCESS, logIndex=4843, commits[b5da6a4a-1459-46a4-9479-d2035163dbe2:c4843, 69c25b61-d669-4f17-b36d-41bca3df1f31:c4841, d2a7b1fa-fac6-4c6f-8c6d-9ac7414c70c3:c4841]
2019-07-14 04:23:58,317 INFO  client.GrpcClientProtocolClient (GrpcClientProtocolClient.java:onNext(255)) - client-8DB4338F17D0->b5da6a4a-1459-46a4-9479-d2035163dbe2: receive RaftClientReply:client-8DB4338F17D0->b5da6a4a-1459-46a4-9479-d2035163dbe2@group-4A9565783204, cid=3211, SUCCESS, logIndex=0, commits[b5da6a4a-1459-46a4-9479-d2035163dbe2:c4845, 69c25b61-d669-4f17-b36d-41bca3df1f31:c4843, d2a7b1fa-fac6-4c6f-8c6d-9ac7414c70c3:c4843]
2019-07-14 04:23:58,343 INFO  client.GrpcClientProtocolClient (GrpcClientProtocolClient.java:onNext(255)) - client-8DB4338F17D0->b5da6a4a-1459-46a4-9479-d2035163dbe2: receive RaftClientReply:client-8DB4338F17D0->b5da6a4a-1459-46a4-9479-d2035163dbe2@group-4A9565783204, cid=3212, SUCCESS, logIndex=4846, commits[b5da6a4a-1459-46a4-9479-d2035163dbe2:c4848, 69c25b61-d669-4f17-b36d-41bca3df1f31:c4845, d2a7b1fa-fac6-4c6f-8c6d-9ac7414c70c3:c4845]
2019-07-14 04:23:58,343 INFO  client.GrpcClientProtocolClient (GrpcClientProtocolClient.java:onNext(255)) - client-8DB4338F17D0->b5da6a4a-1459-46a4-9479-d2035163dbe2: receive RaftClientReply:client-8DB4338F17D0->b5da6a4a-1459-46a4-9479-d2035163dbe2@group-4A9565783204, cid=3213, SUCCESS, logIndex=4847, commits[b5da6a4a-1459-46a4-9479-d2035163dbe2:c4849, 69c25b61-d669-4f17-b36d-41bca3df1f31:c4845, d2a7b1fa-fac6-4c6f-8c6d-9ac7414c70c3:c4845]
2019-07-14 04:23:58,343 INFO  client.GrpcClientProtocolClient (GrpcClientProtocolClient.java:onNext(255)) - client-8DB4338F17D0->b5da6a4a-1459-46a4-9479-d2035163dbe2: receive RaftClientReply:client-8DB4338F17D0->b5da6a4a-1459-46a4-9479-d2035163dbe2@group-4A9565783204, cid=3214, SUCCESS, logIndex=4848, commits[b5da6a4a-1459-46a4-9479-d2035163dbe2:c4849, 69c25b61-d669-4f17-b36d-41bca3df1f31:c4845, d2a7b1fa-fac6-4c6f-8c6d-9ac7414c70c3:c4845]
2019-07-14 04:23:58,344 INFO  client.GrpcClientProtocolClient (GrpcClientProtocolClient.java:onNext(255)) - client-8DB4338F17D0->b5da6a4a-1459-46a4-9479-d2035163dbe2: receive RaftClientReply:client-8DB4338F17D0->b5da6a4a-1459-46a4-9479-d2035163dbe2@group-4A9565783204, cid=3215, SUCCESS, logIndex=4849, commits[b5da6a4a-1459-46a4-9479-d2035163dbe2:c4849, 69c25b61-d669-4f17-b36d-41bca3df1f31:c4845, d2a7b1fa-fac6-4c6f-8c6d-9ac7414c70c3:c4845]
2019-07-14 04:23:58,348 INFO  client.GrpcClientProtocolClient (GrpcClientProtocolClient.java:onNext(255)) - client-8DB4338F17D0->b5da6a4a-1459-46a4-9479-d2035163dbe2: receive RaftClientReply:client-8DB4338F17D0->b5da6a4a-1459-46a4-9479-d2035163dbe2@group-4A9565783204, cid=3216, SUCCESS, logIndex=0, commits[b5da6a4a-1459-46a4-9479-d2035163dbe2:c4850, 69c25b61-d669-4f17-b36d-41bca3df1f31:c4847, d2a7b1fa-fac6-4c6f-8c6d-9ac7414c70c3:c4847]
2019-07-14 04:23:58,360 INFO  client.GrpcClientProtocolClient (GrpcClientProtocolClient.java:onNext(255)) - client-8DB4338F17D0->b5da6a4a-1459-46a4-9479-d2035163dbe2: receive RaftClientReply:client-8DB4338F17D0->b5da6a4a-1459-46a4-9479-d2035163dbe2@group-4A9565783204, cid=3217, SUCCESS, logIndex=4854, commits[b5da6a4a-1459-46a4-9479-d2035163dbe2:c4855, 69c25b61-d669-4f17-b36d-41bca3df1f31:c4853, d2a7b1fa-fac6-4c6f-8c6d-9ac7414c70c3:c4849]
2019-07-14 04:23:58,361 INFO  client.GrpcClientProtocolClient (GrpcClientProtocolClient.java:onNext(255)) - client-8DB4338F17D0->b5da6a4a-1459-46a4-9479-d2035163dbe2: receive RaftClientReply:client-8DB4338F17D0->b5da6a4a-1459-46a4-9479-d2035163dbe2@group-4A9565783204, cid=3218, SUCCESS, logIndex=4855, commits[b5da6a4a-1459-46a4-9479-d2035163dbe2:c4855, 69c25b61-d669-4f17-b36d-41bca3df1f31:c4853, d2a7b1fa-fac6-4c6f-8c6d-9ac7414c70c3:c4849]
2019-07-14 04:23:58,370 INFO  client.GrpcClientProtocolClient (GrpcClientProtocolClient.java:onNext(255)) - client-8DB4338F17D0->b5da6a4a-1459-46a4-9479-d2035163dbe2: receive RaftClientReply:client-8DB4338F17D0->b5da6a4a-1459-46a4-9479-d2035163dbe2@group-4A9565783204, cid=3219, SUCCESS, logIndex=4858, commits[b5da6a4a-1459-46a4-9479-d2035163dbe2:c4859, 69c25b61-d669-4f17-b36d-41bca3df1f31:c4857, d2a7b1fa-fac6-4c6f-8c6d-9ac7414c70c3:c4855]
2019-07-14 04:23:58,371 INFO  client.GrpcClientProtocolClient (GrpcClientProtocolClient.java:onNext(255)) - client-8DB4338F17D0->b5da6a4a-1459-46a4-9479-d2035163dbe2: receive RaftClientReply:client-8DB4338F17D0->b5da6a4a-1459-46a4-9479-d2035163dbe2@group-4A9565783204, cid=3220, SUCCESS, logIndex=4859, commits[b5da6a4a-1459-46a4-9479-d2035163dbe2:c4859, 69c25b61-d669-4f17-b36d-41bca3df1f31:c4857, d2a7b1fa-fac6-4c6f-8c6d-9ac7414c70c3:c4857]
2019-07-14 04:23:58,373 INFO  client.GrpcClientProtocolClient (GrpcClientProtocolClient.java:onNext(255)) - client-8DB4338F17D0->b5da6a4a-1459-46a4-9479-d2035163dbe2: receive RaftClientReply:client-8DB4338F17D0->b5da6a4a-1459-46a4-9479-d2035163dbe2@group-4A9565783204, cid=3221, SUCCESS, logIndex=0, commits[b5da6a4a-1459-46a4-9479-d2035163dbe2:c4861, 69c25b61-d669-4f17-b36d-41bca3df1f31:c4859, d2a7b1fa-fac6-4c6f-8c6d-9ac7414c70c3:c4859]
2019-07-14 04:23:58,401 INFO  client.GrpcClientProtocolClient (GrpcClientProtocolClient.java:onNext(255)) - client-8DB4338F17D0->b5da6a4a-1459-46a4-9479-d2035163dbe2: receive RaftClientReply:client-8DB4338F17D0->b5da6a4a-1459-46a4-9479-d2035163dbe2@group-4A9565783204, cid=3222, SUCCESS, logIndex=4862, commits[b5da6a4a-1459-46a4-9479-d2035163dbe2:c4863, 69c25b61-d669-4f17-b36d-41bca3df1f31:c4861, d2a7b1fa-fac6-4c6f-8c6d-9ac7414c70c3:c4861]
2019-07-14 04:23:58,402 INFO  client.GrpcClientProtocolClient (GrpcClientProtocolClient.java:onNext(255)) - client-8DB4338F17D0->b5da6a4a-1459-46a4-9479-d2035163dbe2: receive RaftClientReply:client-8DB4338F17D0->b5da6a4a-1459-46a4-9479-d2035163dbe2@group-4A9565783204, cid=3223, SUCCESS, logIndex=4863, commits[b5da6a4a-1459-46a4-9479-d2035163dbe2:c4865, 69c25b61-d669-4f17-b36d-41bca3df1f31:c4861, d2a7b1fa-fac6-4c6f-8c6d-9ac7414c70c3:c4861]
2019-07-14 04:23:58,402 INFO  client.GrpcClientProtocolClient (GrpcClientProtocolClient.java:onNext(255)) - client-8DB4338F17D0->b5da6a4a-1459-46a4-9479-d2035163dbe2: receive RaftClientReply:client-8DB4338F17D0->b5da6a4a-1459-46a4-9479-d2035163dbe2@group-4A9565783204, cid=3224, SUCCESS, logIndex=4864, commits[b5da6a4a-1459-46a4-9479-d2035163dbe2:c4865, 69c25b61-d669-4f17-b36d-41bca3df1f31:c4861, d2a7b1fa-fac6-4c6f-8c6d-9ac7414c70c3:c4861]
2019-07-14 04:23:58,403 INFO  client.GrpcClientProtocolClient (GrpcClientProtocolClient.java:onNext(255)) - client-8DB4338F17D0->b5da6a4a-1459-46a4-9479-d2035163dbe2: receive RaftClientReply:client-8DB4338F17D0->b5da6a4a-1459-46a4-9479-d2035163dbe2@group-4A9565783204, cid=3225, SUCCESS, logIndex=4865, commits[b5da6a4a-1459-46a4-9479-d2035163dbe2:c4865, 69c25b61-d669-4f17-b36d-41bca3df1f31:c4861, d2a7b1fa-fac6-4c6f-8c6d-9ac7414c70c3:c4861]
2019-07-14 04:23:58,404 INFO  client.GrpcClientProtocolClient (GrpcClientProtocolClient.java:onNext(255)) - client-8DB4338F17D0->b5da6a4a-1459-46a4-9479-d2035163dbe2: receive RaftClientReply:client-8DB4338F17D0->b5da6a4a-1459-46a4-9479-d2035163dbe2@group-4A9565783204, cid=3226, SUCCESS, logIndex=0, commits[b5da6a4a-1459-46a4-9479-d2035163dbe2:c4866, 69c25b61-d669-4f17-b36d-41bca3df1f31:c4863, d2a7b1fa-fac6-4c6f-8c6d-9ac7414c70c3:c4863]
2019-07-14 04:23:58,422 INFO  client.GrpcClientProtocolClient (GrpcClientProtocolClient.java:onNext(255)) - client-8DB4338F17D0->b5da6a4a-1459-46a4-9479-d2035163dbe2: receive RaftClientReply:client-8DB4338F17D0->b5da6a4a-1459-46a4-9479-d2035163dbe2@group-4A9565783204, cid=3227, SUCCESS, logIndex=4869, commits[b5da6a4a-1459-46a4-9479-d2035163dbe2:c4870, 69c25b61-d669-4f17-b36d-41bca3df1f31:c4868, d2a7b1fa-fac6-4c6f-8c6d-9ac7414c70c3:c4868]
2019-07-14 04:23:58,422 INFO  client.GrpcClientProtocolClient (GrpcClientProtocolClient.java:onNext(255)) - client-8DB4338F17D0->b5da6a4a-1459-46a4-9479-d2035163dbe2: receive RaftClientReply:client-8DB4338F17D0->b5da6a4a-1459-46a4-9479-d2035163dbe2@group-4A9565783204, cid=3228, SUCCESS, logIndex=4870, commits[b5da6a4a-1459-46a4-9479-d2035163dbe2:c4870, 69c25b61-d669-4f17-b36d-41bca3df1f31:c4868, d2a7b1fa-fac6-4c6f-8c6d-9ac7414c70c3:c4868]
2019-07-14 04:23:58,440 INFO  client.GrpcClientProtocolClient (GrpcClientProtocolClient.java:onNext(255)) - client-8DB4338F17D0->b5da6a4a-1459-46a4-9479-d2035163dbe2: receive RaftClientReply:client-8DB4338F17D0->b5da6a4a-1459-46a4-9479-d2035163dbe2@group-4A9565783204, cid=3229, SUCCESS, logIndex=4873, commits[b5da6a4a-1459-46a4-9479-d2035163dbe2:c4874, 69c25b61-d669-4f17-b36d-41bca3df1f31:c4872, d2a7b1fa-fac6-4c6f-8c6d-9ac7414c70c3:c4870]
2019-07-14 04:23:58,441 INFO  client.GrpcClientProtocolClient (GrpcClientProtocolClient.java:onNext(255)) - client-8DB4338F17D0->b5da6a4a-1459-46a4-9479-d2035163dbe2: receive RaftClientReply:client-8DB4338F17D0->b5da6a4a-1459-46a4-9479-d2035163dbe2@group-4A9565783204, cid=3230, SUCCESS, logIndex=4874, commits[b5da6a4a-1459-46a4-9479-d2035163dbe2:c4874, 69c25b61-d669-4f17-b36d-41bca3df1f31:c4872, d2a7b1fa-fac6-4c6f-8c6d-9ac7414c70c3:c4872]
2019-07-14 04:23:58,444 INFO  client.GrpcClientProtocolClient (GrpcClientProtocolClient.java:onNext(255)) - client-8DB4338F17D0->b5da6a4a-1459-46a4-9479-d2035163dbe2: receive RaftClientReply:client-8DB4338F17D0->b5da6a4a-1459-46a4-9479-d2035163dbe2@group-4A9565783204, cid=3231, SUCCESS, logIndex=0, commits[b5da6a4a-1459-46a4-9479-d2035163dbe2:c4876, 69c25b61-d669-4f17-b36d-41bca3df1f31:c4874, d2a7b1fa-fac6-4c6f-8c6d-9ac7414c70c3:c4874]
2019-07-14 04:23:58,477 INFO  client.GrpcClientProtocolClient (GrpcClientProtocolClient.java:onNext(255)) - client-8DB4338F17D0->b5da6a4a-1459-46a4-9479-d2035163dbe2: receive RaftClientReply:client-8DB4338F17D0->b5da6a4a-1459-46a4-9479-d2035163dbe2@group-4A9565783204, cid=3232, SUCCESS, logIndex=4877, commits[b5da6a4a-1459-46a4-9479-d2035163dbe2:c4880, 69c25b61-d669-4f17-b36d-41bca3df1f31:c4876, d2a7b1fa-fac6-4c6f-8c6d-9ac7414c70c3:c4874]
2019-07-14 04:23:58,478 INFO  client.GrpcClientProtocolClient (GrpcClientProtocolClient.java:onNext(255)) - client-8DB4338F17D0->b5da6a4a-1459-46a4-9479-d2035163dbe2: receive RaftClientReply:client-8DB4338F17D0->b5da6a4a-1459-46a4-9479-d2035163dbe2@group-4A9565783204, cid=3233, SUCCESS, logIndex=4878, commits[b5da6a4a-1459-46a4-9479-d2035163dbe2:c4880, 69c25b61-d669-4f17-b36d-41bca3df1f31:c4876, d2a7b1fa-fac6-4c6f-8c6d-9ac7414c70c3:c4876]
2019-07-14 04:23:58,478 INFO  client.GrpcClientProtocolClient (GrpcClientProtocolClient.java:onNext(255)) - client-8DB4338F17D0->b5da6a4a-1459-46a4-9479-d2035163dbe2: receive RaftClientReply:client-8DB4338F17D0->b5da6a4a-1459-46a4-9479-d2035163dbe2@group-4A9565783204, cid=3234, SUCCESS, logIndex=4879, commits[b5da6a4a-1459-46a4-9479-d2035163dbe2:c4880, 69c25b61-d669-4f17-b36d-41bca3df1f31:c4876, d2a7b1fa-fac6-4c6f-8c6d-9ac7414c70c3:c4876]
2019-07-14 04:23:58,478 INFO  client.GrpcClientProtocolClient (GrpcClientProtocolClient.java:onNext(255)) - client-8DB4338F17D0->b5da6a4a-1459-46a4-9479-d2035163dbe2: receive RaftClientReply:client-8DB4338F17D0->b5da6a4a-1459-46a4-9479-d2035163dbe2@group-4A9565783204, cid=3235, SUCCESS, logIndex=4880, commits[b5da6a4a-1459-46a4-9479-d2035163dbe2:c4880, 69c25b61-d669-4f17-b36d-41bca3df1f31:c4876, d2a7b1fa-fac6-4c6f-8c6d-9ac7414c70c3:c4876]
2019-07-14 04:23:58,483 INFO  client.GrpcClientProtocolClient (GrpcClientProtocolClient.java:onNext(255)) - client-8DB4338F17D0->b5da6a4a-1459-46a4-9479-d2035163dbe2: receive RaftClientReply:client-8DB4338F17D0->b5da6a4a-1459-46a4-9479-d2035163dbe2@group-4A9565783204, cid=3236, SUCCESS, logIndex=0, commits[b5da6a4a-1459-46a4-9479-d2035163dbe2:c4883, 69c25b61-d669-4f17-b36d-41bca3df1f31:c4878, d2a7b1fa-fac6-4c6f-8c6d-9ac7414c70c3:c4880]
2019-07-14 04:23:58,495 INFO  client.GrpcClientProtocolClient (GrpcClientProtocolClient.java:onNext(255)) - client-8DB4338F17D0->b5da6a4a-1459-46a4-9479-d2035163dbe2: receive RaftClientReply:client-8DB4338F17D0->b5da6a4a-1459-46a4-9479-d2035163dbe2@group-4A9565783204, cid=3237, SUCCESS, logIndex=4885, commits[b5da6a4a-1459-46a4-9479-d2035163dbe2:c4886, 69c25b61-d669-4f17-b36d-41bca3df1f31:c4884, d2a7b1fa-fac6-4c6f-8c6d-9ac7414c70c3:c4880]
2019-07-14 04:23:58,496 INFO  client.GrpcClientProtocolClient (GrpcClientProtocolClient.java:onNext(255)) - client-8DB4338F17D0->b5da6a4a-1459-46a4-9479-d2035163dbe2: receive RaftClientReply:client-8DB4338F17D0->b5da6a4a-1459-46a4-9479-d2035163dbe2@group-4A9565783204, cid=3238, SUCCESS, logIndex=4886, commits[b5da6a4a-1459-46a4-9479-d2035163dbe2:c4886, 69c25b61-d669-4f17-b36d-41bca3df1f31:c4884, d2a7b1fa-fac6-4c6f-8c6d-9ac7414c70c3:c4884]
2019-07-14 04:23:58,516 INFO  client.GrpcClientProtocolClient (GrpcClientProtocolClient.java:onNext(255)) - client-8DB4338F17D0->b5da6a4a-1459-46a4-9479-d2035163dbe2: receive RaftClientReply:client-8DB4338F17D0->b5da6a4a-1459-46a4-9479-d2035163dbe2@group-4A9565783204, cid=3239, SUCCESS, logIndex=4889, commits[b5da6a4a-1459-46a4-9479-d2035163dbe2:c4890, 69c25b61-d669-4f17-b36d-41bca3df1f31:c4888, d2a7b1fa-fac6-4c6f-8c6d-9ac7414c70c3:c4888]
2019-07-14 04:23:58,516 INFO  client.GrpcClientProtocolClient (GrpcClientProtocolClient.java:onNext(255)) - client-8DB4338F17D0->b5da6a4a-1459-46a4-9479-d2035163dbe2: receive RaftClientReply:client-8DB4338F17D0->b5da6a4a-1459-46a4-9479-d2035163dbe2@group-4A9565783204, cid=3240, SUCCESS, logIndex=4890, commits[b5da6a4a-1459-46a4-9479-d2035163dbe2:c4890, 69c25b61-d669-4f17-b36d-41bca3df1f31:c4888, d2a7b1fa-fac6-4c6f-8c6d-9ac7414c70c3:c4888]
2019-07-14 04:23:58,519 INFO  client.GrpcClientProtocolClient (GrpcClientProtocolClient.java:onNext(255)) - client-8DB4338F17D0->b5da6a4a-1459-46a4-9479-d2035163dbe2: receive RaftClientReply:client-8DB4338F17D0->b5da6a4a-1459-46a4-9479-d2035163dbe2@group-4A9565783204, cid=3241, SUCCESS, logIndex=0, commits[b5da6a4a-1459-46a4-9479-d2035163dbe2:c4891, 69c25b61-d669-4f17-b36d-41bca3df1f31:c4890, d2a7b1fa-fac6-4c6f-8c6d-9ac7414c70c3:c4890]
2019-07-14 04:23:58,551 INFO  client.GrpcClientProtocolClient (GrpcClientProtocolClient.java:onNext(255)) - client-8DB4338F17D0->b5da6a4a-1459-46a4-9479-d2035163dbe2: receive RaftClientReply:client-8DB4338F17D0->b5da6a4a-1459-46a4-9479-d2035163dbe2@group-4A9565783204, cid=3242, SUCCESS, logIndex=4892, commits[b5da6a4a-1459-46a4-9479-d2035163dbe2:c4893, 69c25b61-d669-4f17-b36d-41bca3df1f31:c4891, d2a7b1fa-fac6-4c6f-8c6d-9ac7414c70c3:c4891]
2019-07-14 04:23:58,552 INFO  client.GrpcClientProtocolClient (GrpcClientProtocolClient.java:onNext(255)) - client-8DB4338F17D0->b5da6a4a-1459-46a4-9479-d2035163dbe2: receive RaftClientReply:client-8DB4338F17D0->b5da6a4a-1459-46a4-9479-d2035163dbe2@group-4A9565783204, cid=3243, SUCCESS, logIndex=4893, commits[b5da6a4a-1459-46a4-9479-d2035163dbe2:c4893, 69c25b61-d669-4f17-b36d-41bca3df1f31:c4891, d2a7b1fa-fac6-4c6f-8c6d-9ac7414c70c3:c4891]
2019-07-14 04:23:58,554 INFO  client.GrpcClientProtocolClient (GrpcClientProtocolClient.java:onNext(255)) - client-8DB4338F17D0->b5da6a4a-1459-46a4-9479-d2035163dbe2: receive RaftClientReply:client-8DB4338F17D0->b5da6a4a-1459-46a4-9479-d2035163dbe2@group-4A9565783204, cid=3244, SUCCESS, logIndex=4894, commits[b5da6a4a-1459-46a4-9479-d2035163dbe2:c4895, 69c25b61-d669-4f17-b36d-41bca3df1f31:c4891, d2a7b1fa-fac6-4c6f-8c6d-9ac7414c70c3:c4891]
2019-07-14 04:23:58,554 INFO  client.GrpcClientProtocolClient (GrpcClientProtocolClient.java:onNext(255)) - client-8DB4338F17D0->b5da6a4a-1459-46a4-9479-d2035163dbe2: receive RaftClientReply:client-8DB4338F17D0->b5da6a4a-1459-46a4-9479-d2035163dbe2@group-4A9565783204, cid=3245, SUCCESS, logIndex=4895, commits[b5da6a4a-1459-46a4-9479-d2035163dbe2:c4895, 69c25b61-d669-4f17-b36d-41bca3df1f31:c4891, d2a7b1fa-fac6-4c6f-8c6d-9ac7414c70c3:c4891]
2019-07-14 04:23:58,555 INFO  client.GrpcClientProtocolClient (GrpcClientProtocolClient.java:onNext(255)) - client-8DB4338F17D0->b5da6a4a-1459-46a4-9479-d2035163dbe2: receive RaftClientReply:client-8DB4338F17D0->b5da6a4a-1459-46a4-9479-d2035163dbe2@group-4A9565783204, cid=3246, SUCCESS, logIndex=0, commits[b5da6a4a-1459-46a4-9479-d2035163dbe2:c4897, 69c25b61-d669-4f17-b36d-41bca3df1f31:c4893, d2a7b1fa-fac6-4c6f-8c6d-9ac7414c70c3:c4893]
2019-07-14 04:23:58,576 INFO  client.GrpcClientProtocolClient (GrpcClientProtocolClient.java:onNext(255)) - client-8DB4338F17D0->b5da6a4a-1459-46a4-9479-d2035163dbe2: receive RaftClientReply:client-8DB4338F17D0->b5da6a4a-1459-46a4-9479-d2035163dbe2@group-4A9565783204, cid=3247, SUCCESS, logIndex=4900, commits[b5da6a4a-1459-46a4-9479-d2035163dbe2:c4901, 69c25b61-d669-4f17-b36d-41bca3df1f31:c4899, d2a7b1fa-fac6-4c6f-8c6d-9ac7414c70c3:c4899]
2019-07-14 04:23:58,576 INFO  client.GrpcClientProtocolClient (GrpcClientProtocolClient.java:onNext(255)) - client-8DB4338F17D0->b5da6a4a-1459-46a4-9479-d2035163dbe2: receive RaftClientReply:client-8DB4338F17D0->b5da6a4a-1459-46a4-9479-d2035163dbe2@group-4A9565783204, cid=3248, SUCCESS, logIndex=4901, commits[b5da6a4a-1459-46a4-9479-d2035163dbe2:c4901, 69c25b61-d669-4f17-b36d-41bca3df1f31:c4899, d2a7b1fa-fac6-4c6f-8c6d-9ac7414c70c3:c4899]
2019-07-14 04:23:58,594 INFO  client.GrpcClientProtocolClient (GrpcClientProtocolClient.java:onNext(255)) - client-8DB4338F17D0->b5da6a4a-1459-46a4-9479-d2035163dbe2: receive RaftClientReply:client-8DB4338F17D0->b5da6a4a-1459-46a4-9479-d2035163dbe2@group-4A9565783204, cid=3249, SUCCESS, logIndex=4903, commits[b5da6a4a-1459-46a4-9479-d2035163dbe2:c4904, 69c25b61-d669-4f17-b36d-41bca3df1f31:c4902, d2a7b1fa-fac6-4c6f-8c6d-9ac7414c70c3:c4902]
2019-07-14 04:23:58,595 INFO  client.GrpcClientProtocolClient (GrpcClientProtocolClient.java:onNext(255)) - client-8DB4338F17D0->b5da6a4a-1459-46a4-9479-d2035163dbe2: receive RaftClientReply:client-8DB4338F17D0->b5da6a4a-1459-46a4-9479-d2035163dbe2@group-4A9565783204, cid=3250, SUCCESS, logIndex=4904, commits[b5da6a4a-1459-46a4-9479-d2035163dbe2:c4904, 69c25b61-d669-4f17-b36d-41bca3df1f31:c4902, d2a7b1fa-fac6-4c6f-8c6d-9ac7414c70c3:c4902]
2019-07-14 04:23:58,609 INFO  client.GrpcClientProtocolClient (GrpcClientProtocolClient.java:onNext(255)) - client-8DB4338F17D0->b5da6a4a-1459-46a4-9479-d2035163dbe2: receive RaftClientReply:client-8DB4338F17D0->b5da6a4a-1459-46a4-9479-d2035163dbe2@group-4A9565783204, cid=3251, SUCCESS, logIndex=0, commits[b5da6a4a-1459-46a4-9479-d2035163dbe2:c4906, 69c25b61-d669-4f17-b36d-41bca3df1f31:c4904, d2a7b1fa-fac6-4c6f-8c6d-9ac7414c70c3:c4904]
2019-07-14 04:23:58,740 INFO  client.GrpcClientProtocolClient (GrpcClientProtocolClient.java:onNext(255)) - client-8DB4338F17D0->b5da6a4a-1459-46a4-9479-d2035163dbe2: receive RaftClientReply:client-8DB4338F17D0->b5da6a4a-1459-46a4-9479-d2035163dbe2@group-4A9565783204, cid=3252, SUCCESS, logIndex=4907, commits[b5da6a4a-1459-46a4-9479-d2035163dbe2:c4908, 69c25b61-d669-4f17-b36d-41bca3df1f31:c4906, d2a7b1fa-fac6-4c6f-8c6d-9ac7414c70c3:c4904]
2019-07-14 04:23:58,741 INFO  client.GrpcClientProtocolClient (GrpcClientProtocolClient.java:onNext(255)) - client-8DB4338F17D0->b5da6a4a-1459-46a4-9479-d2035163dbe2: receive RaftClientReply:client-8DB4338F17D0->b5da6a4a-1459-46a4-9479-d2035163dbe2@group-4A9565783204, cid=3253, SUCCESS, logIndex=4908, commits[b5da6a4a-1459-46a4-9479-d2035163dbe2:c4908, 69c25b61-d669-4f17-b36d-41bca3df1f31:c4906, d2a7b1fa-fac6-4c6f-8c6d-9ac7414c70c3:c4906]
2019-07-14 04:23:58,742 INFO  client.GrpcClientProtocolClient (GrpcClientProtocolClient.java:onNext(255)) - client-8DB4338F17D0->b5da6a4a-1459-46a4-9479-d2035163dbe2: receive RaftClientReply:client-8DB4338F17D0->b5da6a4a-1459-46a4-9479-d2035163dbe2@group-4A9565783204, cid=3254, SUCCESS, logIndex=4909, commits[b5da6a4a-1459-46a4-9479-d2035163dbe2:c4910, 69c25b61-d669-4f17-b36d-41bca3df1f31:c4906, d2a7b1fa-fac6-4c6f-8c6d-9ac7414c70c3:c4906]
2019-07-14 04:23:58,743 INFO  client.GrpcClientProtocolClient (GrpcClientProtocolClient.java:onNext(255)) - client-8DB4338F17D0->b5da6a4a-1459-46a4-9479-d2035163dbe2: receive RaftClientReply:client-8DB4338F17D0->b5da6a4a-1459-46a4-9479-d2035163dbe2@group-4A9565783204, cid=3255, SUCCESS, logIndex=4910, commits[b5da6a4a-1459-46a4-9479-d2035163dbe2:c4912, 69c25b61-d669-4f17-b36d-41bca3df1f31:c4906, d2a7b1fa-fac6-4c6f-8c6d-9ac7414c70c3:c4908]
2019-07-14 04:23:58,744 INFO  client.GrpcClientProtocolClient (GrpcClientProtocolClient.java:onNext(255)) - client-8DB4338F17D0->b5da6a4a-1459-46a4-9479-d2035163dbe2: receive RaftClientReply:client-8DB4338F17D0->b5da6a4a-1459-46a4-9479-d2035163dbe2@group-4A9565783204, cid=3256, SUCCESS, logIndex=0, commits[b5da6a4a-1459-46a4-9479-d2035163dbe2:c4912, 69c25b61-d669-4f17-b36d-41bca3df1f31:c4908, d2a7b1fa-fac6-4c6f-8c6d-9ac7414c70c3:c4908]
2019-07-14 04:23:58,758 INFO  client.GrpcClientProtocolClient (GrpcClientProtocolClient.java:onNext(255)) - client-8DB4338F17D0->b5da6a4a-1459-46a4-9479-d2035163dbe2: receive RaftClientReply:client-8DB4338F17D0->b5da6a4a-1459-46a4-9479-d2035163dbe2@group-4A9565783204, cid=3257, SUCCESS, logIndex=4915, commits[b5da6a4a-1459-46a4-9479-d2035163dbe2:c4916, 69c25b61-d669-4f17-b36d-41bca3df1f31:c4914, d2a7b1fa-fac6-4c6f-8c6d-9ac7414c70c3:c4914]
2019-07-14 04:23:58,758 INFO  client.GrpcClientProtocolClient (GrpcClientProtocolClient.java:onNext(255)) - client-8DB4338F17D0->b5da6a4a-1459-46a4-9479-d2035163dbe2: receive RaftClientReply:client-8DB4338F17D0->b5da6a4a-1459-46a4-9479-d2035163dbe2@group-4A9565783204, cid=3258, SUCCESS, logIndex=4916, commits[b5da6a4a-1459-46a4-9479-d2035163dbe2:c4916, 69c25b61-d669-4f17-b36d-41bca3df1f31:c4914, d2a7b1fa-fac6-4c6f-8c6d-9ac7414c70c3:c4914]
2019-07-14 04:23:58,778 INFO  client.GrpcClientProtocolClient (GrpcClientProtocolClient.java:onNext(255)) - client-8DB4338F17D0->b5da6a4a-1459-46a4-9479-d2035163dbe2: receive RaftClientReply:client-8DB4338F17D0->b5da6a4a-1459-46a4-9479-d2035163dbe2@group-4A9565783204, cid=3259, SUCCESS, logIndex=4919, commits[b5da6a4a-1459-46a4-9479-d2035163dbe2:c4920, 69c25b61-d669-4f17-b36d-41bca3df1f31:c4918, d2a7b1fa-fac6-4c6f-8c6d-9ac7414c70c3:c4918]
2019-07-14 04:23:58,778 INFO  client.GrpcClientProtocolClient (GrpcClientProtocolClient.java:onNext(255)) - client-8DB4338F17D0->b5da6a4a-1459-46a4-9479-d2035163dbe2: receive RaftClientReply:client-8DB4338F17D0->b5da6a4a-1459-46a4-9479-d2035163dbe2@group-4A9565783204, cid=3260, SUCCESS, logIndex=4920, commits[b5da6a4a-1459-46a4-9479-d2035163dbe2:c4920, 69c25b61-d669-4f17-b36d-41bca3df1f31:c4918, d2a7b1fa-fac6-4c6f-8c6d-9ac7414c70c3:c4918]
2019-07-14 04:23:58,782 INFO  client.GrpcClientProtocolClient (GrpcClientProtocolClient.java:onNext(255)) - client-8DB4338F17D0->b5da6a4a-1459-46a4-9479-d2035163dbe2: receive RaftClientReply:client-8DB4338F17D0->b5da6a4a-1459-46a4-9479-d2035163dbe2@group-4A9565783204, cid=3261, SUCCESS, logIndex=0, commits[b5da6a4a-1459-46a4-9479-d2035163dbe2:c4922, 69c25b61-d669-4f17-b36d-41bca3df1f31:c4920, d2a7b1fa-fac6-4c6f-8c6d-9ac7414c70c3:c4920]
2019-07-14 04:23:58,810 INFO  client.GrpcClientProtocolClient (GrpcClientProtocolClient.java:onNext(255)) - client-8DB4338F17D0->b5da6a4a-1459-46a4-9479-d2035163dbe2: receive RaftClientReply:client-8DB4338F17D0->b5da6a4a-1459-46a4-9479-d2035163dbe2@group-4A9565783204, cid=3262, SUCCESS, logIndex=4923, commits[b5da6a4a-1459-46a4-9479-d2035163dbe2:c4926, 69c25b61-d669-4f17-b36d-41bca3df1f31:c4920, d2a7b1fa-fac6-4c6f-8c6d-9ac7414c70c3:c4922]
2019-07-14 04:23:58,811 INFO  client.GrpcClientProtocolClient (GrpcClientProtocolClient.java:onNext(255)) - client-8DB4338F17D0->b5da6a4a-1459-46a4-9479-d2035163dbe2: receive RaftClientReply:client-8DB4338F17D0->b5da6a4a-1459-46a4-9479-d2035163dbe2@group-4A9565783204, cid=3263, SUCCESS, logIndex=4924, commits[b5da6a4a-1459-46a4-9479-d2035163dbe2:c4926, 69c25b61-d669-4f17-b36d-41bca3df1f31:c4922, d2a7b1fa-fac6-4c6f-8c6d-9ac7414c70c3:c4922]
2019-07-14 04:23:58,811 INFO  client.GrpcClientProtocolClient (GrpcClientProtocolClient.java:onNext(255)) - client-8DB4338F17D0->b5da6a4a-1459-46a4-9479-d2035163dbe2: receive RaftClientReply:client-8DB4338F17D0->b5da6a4a-1459-46a4-9479-d2035163dbe2@group-4A9565783204, cid=3264, SUCCESS, logIndex=4925, commits[b5da6a4a-1459-46a4-9479-d2035163dbe2:c4926, 69c25b61-d669-4f17-b36d-41bca3df1f31:c4922, d2a7b1fa-fac6-4c6f-8c6d-9ac7414c70c3:c4922]
2019-07-14 04:23:58,811 INFO  client.GrpcClientProtocolClient (GrpcClientProtocolClient.java:onNext(255)) - client-8DB4338F17D0->b5da6a4a-1459-46a4-9479-d2035163dbe2: receive RaftClientReply:client-8DB4338F17D0->b5da6a4a-1459-46a4-9479-d2035163dbe2@group-4A9565783204, cid=3265, SUCCESS, logIndex=4926, commits[b5da6a4a-1459-46a4-9479-d2035163dbe2:c4926, 69c25b61-d669-4f17-b36d-41bca3df1f31:c4922, d2a7b1fa-fac6-4c6f-8c6d-9ac7414c70c3:c4922]
2019-07-14 04:23:58,813 INFO  client.GrpcClientProtocolClient (GrpcClientProtocolClient.java:onNext(255)) - client-8DB4338F17D0->b5da6a4a-1459-46a4-9479-d2035163dbe2: receive RaftClientReply:client-8DB4338F17D0->b5da6a4a-1459-46a4-9479-d2035163dbe2@group-4A9565783204, cid=3266, SUCCESS, logIndex=0, commits[b5da6a4a-1459-46a4-9479-d2035163dbe2:c4929, 69c25b61-d669-4f17-b36d-41bca3df1f31:c4925, d2a7b1fa-fac6-4c6f-8c6d-9ac7414c70c3:c4924]
2019-07-14 04:23:58,836 INFO  client.GrpcClientProtocolClient (GrpcClientProtocolClient.java:onNext(255)) - client-8DB4338F17D0->b5da6a4a-1459-46a4-9479-d2035163dbe2: receive RaftClientReply:client-8DB4338F17D0->b5da6a4a-1459-46a4-9479-d2035163dbe2@group-4A9565783204, cid=3267, SUCCESS, logIndex=4931, commits[b5da6a4a-1459-46a4-9479-d2035163dbe2:c4931, 69c25b61-d669-4f17-b36d-41bca3df1f31:c4930, d2a7b1fa-fac6-4c6f-8c6d-9ac7414c70c3:c4930]
2019-07-14 04:23:58,836 INFO  client.GrpcClientProtocolClient (GrpcClientProtocolClient.java:onNext(255)) - client-8DB4338F17D0->b5da6a4a-1459-46a4-9479-d2035163dbe2: receive RaftClientReply:client-8DB4338F17D0->b5da6a4a-1459-46a4-9479-d2035163dbe2@group-4A9565783204, cid=3268, SUCCESS, logIndex=4932, commits[b5da6a4a-1459-46a4-9479-d2035163dbe2:c4932, 69c25b61-d669-4f17-b36d-41bca3df1f31:c4930, d2a7b1fa-fac6-4c6f-8c6d-9ac7414c70c3:c4930]
2019-07-14 04:23:58,850 INFO  client.GrpcClientProtocolClient (GrpcClientProtocolClient.java:onNext(255)) - client-8DB4338F17D0->b5da6a4a-1459-46a4-9479-d2035163dbe2: receive RaftClientReply:client-8DB4338F17D0->b5da6a4a-1459-46a4-9479-d2035163dbe2@group-4A9565783204, cid=3269, SUCCESS, logIndex=4935, commits[b5da6a4a-1459-46a4-9479-d2035163dbe2:c4936, 69c25b61-d669-4f17-b36d-41bca3df1f31:c4932, d2a7b1fa-fac6-4c6f-8c6d-9ac7414c70c3:c4932]
2019-07-14 04:23:58,850 INFO  client.GrpcClientProtocolClient (GrpcClientProtocolClient.java:onNext(255)) - client-8DB4338F17D0->b5da6a4a-1459-46a4-9479-d2035163dbe2: receive RaftClientReply:client-8DB4338F17D0->b5da6a4a-1459-46a4-9479-d2035163dbe2@group-4A9565783204, cid=3270, SUCCESS, logIndex=4936, commits[b5da6a4a-1459-46a4-9479-d2035163dbe2:c4936, 69c25b61-d669-4f17-b36d-41bca3df1f31:c4932, d2a7b1fa-fac6-4c6f-8c6d-9ac7414c70c3:c4932]
2019-07-14 04:23:58,863 INFO  client.GrpcClientProtocolClient (GrpcClientProtocolClient.java:onNext(255)) - client-8DB4338F17D0->b5da6a4a-1459-46a4-9479-d2035163dbe2: receive RaftClientReply:client-8DB4338F17D0->b5da6a4a-1459-46a4-9479-d2035163dbe2@group-4A9565783204, cid=3271, SUCCESS, logIndex=0, commits[b5da6a4a-1459-46a4-9479-d2035163dbe2:c4937, 69c25b61-d669-4f17-b36d-41bca3df1f31:c4936, d2a7b1fa-fac6-4c6f-8c6d-9ac7414c70c3:c4936]
2019-07-14 04:23:58,891 INFO  client.GrpcClientProtocolClient (GrpcClientProtocolClient.java:onNext(255)) - client-8DB4338F17D0->b5da6a4a-1459-46a4-9479-d2035163dbe2: receive RaftClientReply:client-8DB4338F17D0->b5da6a4a-1459-46a4-9479-d2035163dbe2@group-4A9565783204, cid=3272, SUCCESS, logIndex=4939, commits[b5da6a4a-1459-46a4-9479-d2035163dbe2:c4940, 69c25b61-d669-4f17-b36d-41bca3df1f31:c4938, d2a7b1fa-fac6-4c6f-8c6d-9ac7414c70c3:c4938]
2019-07-14 04:23:58,892 INFO  client.GrpcClientProtocolClient (GrpcClientProtocolClient.java:onNext(255)) - client-8DB4338F17D0->b5da6a4a-1459-46a4-9479-d2035163dbe2: receive RaftClientReply:client-8DB4338F17D0->b5da6a4a-1459-46a4-9479-d2035163dbe2@group-4A9565783204, cid=3273, SUCCESS, logIndex=4940, commits[b5da6a4a-1459-46a4-9479-d2035163dbe2:c4942, 69c25b61-d669-4f17-b36d-41bca3df1f31:c4938, d2a7b1fa-fac6-4c6f-8c6d-9ac7414c70c3:c4938]
2019-07-14 04:23:58,892 INFO  client.GrpcClientProtocolClient (GrpcClientProtocolClient.java:onNext(255)) - client-8DB4338F17D0->b5da6a4a-1459-46a4-9479-d2035163dbe2: receive RaftClientReply:client-8DB4338F17D0->b5da6a4a-1459-46a4-9479-d2035163dbe2@group-4A9565783204, cid=3274, SUCCESS, logIndex=4941, commits[b5da6a4a-1459-46a4-9479-d2035163dbe2:c4942, 69c25b61-d669-4f17-b36d-41bca3df1f31:c4938, d2a7b1fa-fac6-4c6f-8c6d-9ac7414c70c3:c4938]
2019-07-14 04:23:58,892 INFO  client.GrpcClientProtocolClient (GrpcClientProtocolClient.java:onNext(255)) - client-8DB4338F17D0->b5da6a4a-1459-46a4-9479-d2035163dbe2: receive RaftClientReply:client-8DB4338F17D0->b5da6a4a-1459-46a4-9479-d2035163dbe2@group-4A9565783204, cid=3275, SUCCESS, logIndex=4942, commits[b5da6a4a-1459-46a4-9479-d2035163dbe2:c4942, 69c25b61-d669-4f17-b36d-41bca3df1f31:c4938, d2a7b1fa-fac6-4c6f-8c6d-9ac7414c70c3:c4938]
2019-07-14 04:23:58,896 INFO  client.GrpcClientProtocolClient (GrpcClientProtocolClient.java:onNext(255)) - client-8DB4338F17D0->b5da6a4a-1459-46a4-9479-d2035163dbe2: receive RaftClientReply:client-8DB4338F17D0->b5da6a4a-1459-46a4-9479-d2035163dbe2@group-4A9565783204, cid=3276, SUCCESS, logIndex=0, commits[b5da6a4a-1459-46a4-9479-d2035163dbe2:c4945, 69c25b61-d669-4f17-b36d-41bca3df1f31:c4940, d2a7b1fa-fac6-4c6f-8c6d-9ac7414c70c3:c4941]
2019-07-14 04:23:58,908 INFO  client.GrpcClientProtocolClient (GrpcClientProtocolClient.java:onNext(255)) - client-8DB4338F17D0->b5da6a4a-1459-46a4-9479-d2035163dbe2: receive RaftClientReply:client-8DB4338F17D0->b5da6a4a-1459-46a4-9479-d2035163dbe2@group-4A9565783204, cid=3277, SUCCESS, logIndex=4947, commits[b5da6a4a-1459-46a4-9479-d2035163dbe2:c4948, 69c25b61-d669-4f17-b36d-41bca3df1f31:c4946, d2a7b1fa-fac6-4c6f-8c6d-9ac7414c70c3:c4946]
2019-07-14 04:23:58,908 INFO  client.GrpcClientProtocolClient (GrpcClientProtocolClient.java:onNext(255)) - client-8DB4338F17D0->b5da6a4a-1459-46a4-9479-d2035163dbe2: receive RaftClientReply:client-8DB4338F17D0->b5da6a4a-1459-46a4-9479-d2035163dbe2@group-4A9565783204, cid=3278, SUCCESS, logIndex=4948, commits[b5da6a4a-1459-46a4-9479-d2035163dbe2:c4948, 69c25b61-d669-4f17-b36d-41bca3df1f31:c4946, d2a7b1fa-fac6-4c6f-8c6d-9ac7414c70c3:c4946]
2019-07-14 04:23:58,927 INFO  client.GrpcClientProtocolClient (GrpcClientProtocolClient.java:onNext(255)) - client-8DB4338F17D0->b5da6a4a-1459-46a4-9479-d2035163dbe2: receive RaftClientReply:client-8DB4338F17D0->b5da6a4a-1459-46a4-9479-d2035163dbe2@group-4A9565783204, cid=3279, SUCCESS, logIndex=4951, commits[b5da6a4a-1459-46a4-9479-d2035163dbe2:c4952, 69c25b61-d669-4f17-b36d-41bca3df1f31:c4948, d2a7b1fa-fac6-4c6f-8c6d-9ac7414c70c3:c4950]
2019-07-14 04:23:58,928 INFO  client.GrpcClientProtocolClient (GrpcClientProtocolClient.java:onNext(255)) - client-8DB4338F17D0->b5da6a4a-1459-46a4-9479-d2035163dbe2: receive RaftClientReply:client-8DB4338F17D0->b5da6a4a-1459-46a4-9479-d2035163dbe2@group-4A9565783204, cid=3280, SUCCESS, logIndex=4952, commits[b5da6a4a-1459-46a4-9479-d2035163dbe2:c4952, 69c25b61-d669-4f17-b36d-41bca3df1f31:c4950, d2a7b1fa-fac6-4c6f-8c6d-9ac7414c70c3:c4950]
2019-07-14 04:23:58,931 INFO  client.GrpcClientProtocolClient (GrpcClientProtocolClient.java:onNext(255)) - client-8DB4338F17D0->b5da6a4a-1459-46a4-9479-d2035163dbe2: receive RaftClientReply:client-8DB4338F17D0->b5da6a4a-1459-46a4-9479-d2035163dbe2@group-4A9565783204, cid=3281, SUCCESS, logIndex=0, commits[b5da6a4a-1459-46a4-9479-d2035163dbe2:c4953, 69c25b61-d669-4f17-b36d-41bca3df1f31:c4952, d2a7b1fa-fac6-4c6f-8c6d-9ac7414c70c3:c4952]
2019-07-14 04:23:58,953 INFO  client.GrpcClientProtocolClient (GrpcClientProtocolClient.java:onNext(255)) - client-8DB4338F17D0->b5da6a4a-1459-46a4-9479-d2035163dbe2: receive RaftClientReply:client-8DB4338F17D0->b5da6a4a-1459-46a4-9479-d2035163dbe2@group-4A9565783204, cid=3282, SUCCESS, logIndex=4955, commits[b5da6a4a-1459-46a4-9479-d2035163dbe2:c4956, 69c25b61-d669-4f17-b36d-41bca3df1f31:c4954, d2a7b1fa-fac6-4c6f-8c6d-9ac7414c70c3:c4954]
2019-07-14 04:23:58,953 INFO  client.GrpcClientProtocolClient (GrpcClientProtocolClient.java:onNext(255)) - client-8DB4338F17D0->b5da6a4a-1459-46a4-9479-d2035163dbe2: receive RaftClientReply:client-8DB4338F17D0->b5da6a4a-1459-46a4-9479-d2035163dbe2@group-4A9565783204, cid=3283, SUCCESS, logIndex=4956, commits[b5da6a4a-1459-46a4-9479-d2035163dbe2:c4956, 69c25b61-d669-4f17-b36d-41bca3df1f31:c4954, d2a7b1fa-fac6-4c6f-8c6d-9ac7414c70c3:c4954]
2019-07-14 04:23:58,957 INFO  client.GrpcClientProtocolClient (GrpcClientProtocolClient.java:onNext(255)) - client-8DB4338F17D0->b5da6a4a-1459-46a4-9479-d2035163dbe2: receive RaftClientReply:client-8DB4338F17D0->b5da6a4a-1459-46a4-9479-d2035163dbe2@group-4A9565783204, cid=3284, SUCCESS, logIndex=4957, commits[b5da6a4a-1459-46a4-9479-d2035163dbe2:c4957, 69c25b61-d669-4f17-b36d-41bca3df1f31:c4954, d2a7b1fa-fac6-4c6f-8c6d-9ac7414c70c3:c4954]
2019-07-14 04:23:58,958 INFO  client.GrpcClientProtocolClient (GrpcClientProtocolClient.java:onNext(255)) - client-8DB4338F17D0->b5da6a4a-1459-46a4-9479-d2035163dbe2: receive RaftClientReply:client-8DB4338F17D0->b5da6a4a-1459-46a4-9479-d2035163dbe2@group-4A9565783204, cid=3285, SUCCESS, logIndex=4958, commits[b5da6a4a-1459-46a4-9479-d2035163dbe2:c4960, 69c25b61-d669-4f17-b36d-41bca3df1f31:c4956, d2a7b1fa-fac6-4c6f-8c6d-9ac7414c70c3:c4956]
2019-07-14 04:23:58,971 INFO  client.GrpcClientProtocolClient (GrpcClientProtocolClient.java:onNext(255)) - client-8DB4338F17D0->b5da6a4a-1459-46a4-9479-d2035163dbe2: receive RaftClientReply:client-8DB4338F17D0->b5da6a4a-1459-46a4-9479-d2035163dbe2@group-4A9565783204, cid=3286, SUCCESS, logIndex=4963, commits[b5da6a4a-1459-46a4-9479-d2035163dbe2:c4963, 69c25b61-d669-4f17-b36d-41bca3df1f31:c4960, d2a7b1fa-fac6-4c6f-8c6d-9ac7414c70c3:c4960]
2019-07-14 04:23:58,971 INFO  client.GrpcClientProtocolClient (GrpcClientProtocolClient.java:onNext(255)) - client-8DB4338F17D0->b5da6a4a-1459-46a4-9479-d2035163dbe2: receive RaftClientReply:client-8DB4338F17D0->b5da6a4a-1459-46a4-9479-d2035163dbe2@group-4A9565783204, cid=3287, SUCCESS, logIndex=4964, commits[b5da6a4a-1459-46a4-9479-d2035163dbe2:c4964, 69c25b61-d669-4f17-b36d-41bca3df1f31:c4960, d2a7b1fa-fac6-4c6f-8c6d-9ac7414c70c3:c4960]
2019-07-14 04:23:58,984 INFO  client.GrpcClientProtocolClient (GrpcClientProtocolClient.java:onNext(255)) - client-8DB4338F17D0->b5da6a4a-1459-46a4-9479-d2035163dbe2: receive RaftClientReply:client-8DB4338F17D0->b5da6a4a-1459-46a4-9479-d2035163dbe2@group-4A9565783204, cid=3288, SUCCESS, logIndex=4967, commits[b5da6a4a-1459-46a4-9479-d2035163dbe2:c4968, 69c25b61-d669-4f17-b36d-41bca3df1f31:c4966, d2a7b1fa-fac6-4c6f-8c6d-9ac7414c70c3:c4966]
2019-07-14 04:23:58,984 INFO  client.GrpcClientProtocolClient (GrpcClientProtocolClient.java:onNext(255)) - client-8DB4338F17D0->b5da6a4a-1459-46a4-9479-d2035163dbe2: receive RaftClientReply:client-8DB4338F17D0->b5da6a4a-1459-46a4-9479-d2035163dbe2@group-4A9565783204, cid=3289, SUCCESS, logIndex=4968, commits[b5da6a4a-1459-46a4-9479-d2035163dbe2:c4968, 69c25b61-d669-4f17-b36d-41bca3df1f31:c4966, d2a7b1fa-fac6-4c6f-8c6d-9ac7414c70c3:c4966]
2019-07-14 04:23:58,991 INFO  client.GrpcClientProtocolClient (GrpcClientProtocolClient.java:onNext(255)) - client-8DB4338F17D0->b5da6a4a-1459-46a4-9479-d2035163dbe2: receive RaftClientReply:client-8DB4338F17D0->b5da6a4a-1459-46a4-9479-d2035163dbe2@group-4A9565783204, cid=3290, SUCCESS, logIndex=0, commits[b5da6a4a-1459-46a4-9479-d2035163dbe2:c4970, 69c25b61-d669-4f17-b36d-41bca3df1f31:c4968, d2a7b1fa-fac6-4c6f-8c6d-9ac7414c70c3:c4968]
2019-07-14 04:23:59,012 INFO  client.GrpcClientProtocolClient (GrpcClientProtocolClient.java:onNext(255)) - client-8DB4338F17D0->b5da6a4a-1459-46a4-9479-d2035163dbe2: receive RaftClientReply:client-8DB4338F17D0->b5da6a4a-1459-46a4-9479-d2035163dbe2@group-4A9565783204, cid=3291, SUCCESS, logIndex=4971, commits[b5da6a4a-1459-46a4-9479-d2035163dbe2:c4972, 69c25b61-d669-4f17-b36d-41bca3df1f31:c4970, d2a7b1fa-fac6-4c6f-8c6d-9ac7414c70c3:c4968]
2019-07-14 04:23:59,013 INFO  client.GrpcClientProtocolClient (GrpcClientProtocolClient.java:onNext(255)) - client-8DB4338F17D0->b5da6a4a-1459-46a4-9479-d2035163dbe2: receive RaftClientReply:client-8DB4338F17D0->b5da6a4a-1459-46a4-9479-d2035163dbe2@group-4A9565783204, cid=3292, SUCCESS, logIndex=4972, commits[b5da6a4a-1459-46a4-9479-d2035163dbe2:c4972, 69c25b61-d669-4f17-b36d-41bca3df1f31:c4970, d2a7b1fa-fac6-4c6f-8c6d-9ac7414c70c3:c4968]
2019-07-14 04:23:59,015 INFO  client.GrpcClientProtocolClient (GrpcClientProtocolClient.java:onNext(255)) - client-8DB4338F17D0->b5da6a4a-1459-46a4-9479-d2035163dbe2: receive RaftClientReply:client-8DB4338F17D0->b5da6a4a-1459-46a4-9479-d2035163dbe2@group-4A9565783204, cid=3293, SUCCESS, logIndex=4973, commits[b5da6a4a-1459-46a4-9479-d2035163dbe2:c4975, 69c25b61-d669-4f17-b36d-41bca3df1f31:c4972, d2a7b1fa-fac6-4c6f-8c6d-9ac7414c70c3:c4970]
2019-07-14 04:23:59,015 INFO  client.GrpcClientProtocolClient (GrpcClientProtocolClient.java:onNext(255)) - client-8DB4338F17D0->b5da6a4a-1459-46a4-9479-d2035163dbe2: receive RaftClientReply:client-8DB4338F17D0->b5da6a4a-1459-46a4-9479-d2035163dbe2@group-4A9565783204, cid=3294, SUCCESS, logIndex=4974, commits[b5da6a4a-1459-46a4-9479-d2035163dbe2:c4976, 69c25b61-d669-4f17-b36d-41bca3df1f31:c4972, d2a7b1fa-fac6-4c6f-8c6d-9ac7414c70c3:c4972]
2019-07-14 04:23:59,034 INFO  client.GrpcClientProtocolClient (GrpcClientProtocolClient.java:onNext(255)) - client-8DB4338F17D0->b5da6a4a-1459-46a4-9479-d2035163dbe2: receive RaftClientReply:client-8DB4338F17D0->b5da6a4a-1459-46a4-9479-d2035163dbe2@group-4A9565783204, cid=3295, SUCCESS, logIndex=4979, commits[b5da6a4a-1459-46a4-9479-d2035163dbe2:c4980, 69c25b61-d669-4f17-b36d-41bca3df1f31:c4974, d2a7b1fa-fac6-4c6f-8c6d-9ac7414c70c3:c4978]
2019-07-14 04:23:59,035 INFO  client.GrpcClientProtocolClient (GrpcClientProtocolClient.java:onNext(255)) - client-8DB4338F17D0->b5da6a4a-1459-46a4-9479-d2035163dbe2: receive RaftClientReply:client-8DB4338F17D0->b5da6a4a-1459-46a4-9479-d2035163dbe2@group-4A9565783204, cid=3296, SUCCESS, logIndex=4980, commits[b5da6a4a-1459-46a4-9479-d2035163dbe2:c4980, 69c25b61-d669-4f17-b36d-41bca3df1f31:c4978, d2a7b1fa-fac6-4c6f-8c6d-9ac7414c70c3:c4978]
2019-07-14 04:23:59,054 INFO  client.GrpcClientProtocolClient (GrpcClientProtocolClient.java:onNext(255)) - client-8DB4338F17D0->b5da6a4a-1459-46a4-9479-d2035163dbe2: receive RaftClientReply:client-8DB4338F17D0->b5da6a4a-1459-46a4-9479-d2035163dbe2@group-4A9565783204, cid=3297, SUCCESS, logIndex=4983, commits[b5da6a4a-1459-46a4-9479-d2035163dbe2:c4984, 69c25b61-d669-4f17-b36d-41bca3df1f31:c4982, d2a7b1fa-fac6-4c6f-8c6d-9ac7414c70c3:c4982]
2019-07-14 04:23:59,055 INFO  client.GrpcClientProtocolClient (GrpcClientProtocolClient.java:onNext(255)) - client-8DB4338F17D0->b5da6a4a-1459-46a4-9479-d2035163dbe2: receive RaftClientReply:client-8DB4338F17D0->b5da6a4a-1459-46a4-9479-d2035163dbe2@group-4A9565783204, cid=3298, SUCCESS, logIndex=4984, commits[b5da6a4a-1459-46a4-9479-d2035163dbe2:c4984, 69c25b61-d669-4f17-b36d-41bca3df1f31:c4982, d2a7b1fa-fac6-4c6f-8c6d-9ac7414c70c3:c4982]
2019-07-14 04:23:59,057 INFO  client.GrpcClientProtocolClient (GrpcClientProtocolClient.java:onNext(255)) - client-8DB4338F17D0->b5da6a4a-1459-46a4-9479-d2035163dbe2: receive RaftClientReply:client-8DB4338F17D0->b5da6a4a-1459-46a4-9479-d2035163dbe2@group-4A9565783204, cid=3299, SUCCESS, logIndex=0, commits[b5da6a4a-1459-46a4-9479-d2035163dbe2:c4985, 69c25b61-d669-4f17-b36d-41bca3df1f31:c4984, d2a7b1fa-fac6-4c6f-8c6d-9ac7414c70c3:c4984]
2019-07-14 04:23:59,088 INFO  client.GrpcClientProtocolClient (GrpcClientProtocolClient.java:onNext(255)) - client-8DB4338F17D0->b5da6a4a-1459-46a4-9479-d2035163dbe2: receive RaftClientReply:client-8DB4338F17D0->b5da6a4a-1459-46a4-9479-d2035163dbe2@group-4A9565783204, cid=3300, SUCCESS, logIndex=4987, commits[b5da6a4a-1459-46a4-9479-d2035163dbe2:c4988, 69c25b61-d669-4f17-b36d-41bca3df1f31:c4986, d2a7b1fa-fac6-4c6f-8c6d-9ac7414c70c3:c4986]
2019-07-14 04:23:59,088 INFO  client.GrpcClientProtocolClient (GrpcClientProtocolClient.java:onNext(255)) - client-8DB4338F17D0->b5da6a4a-1459-46a4-9479-d2035163dbe2: receive RaftClientReply:client-8DB4338F17D0->b5da6a4a-1459-46a4-9479-d2035163dbe2@group-4A9565783204, cid=3301, SUCCESS, logIndex=4988, commits[b5da6a4a-1459-46a4-9479-d2035163dbe2:c4990, 69c25b61-d669-4f17-b36d-41bca3df1f31:c4986, d2a7b1fa-fac6-4c6f-8c6d-9ac7414c70c3:c4986]
2019-07-14 04:23:59,089 INFO  client.GrpcClientProtocolClient (GrpcClientProtocolClient.java:onNext(255)) - client-8DB4338F17D0->b5da6a4a-1459-46a4-9479-d2035163dbe2: receive RaftClientReply:client-8DB4338F17D0->b5da6a4a-1459-46a4-9479-d2035163dbe2@group-4A9565783204, cid=3302, SUCCESS, logIndex=4989, commits[b5da6a4a-1459-46a4-9479-d2035163dbe2:c4990, 69c25b61-d669-4f17-b36d-41bca3df1f31:c4986, d2a7b1fa-fac6-4c6f-8c6d-9ac7414c70c3:c4986]
2019-07-14 04:23:59,089 INFO  client.GrpcClientProtocolClient (GrpcClientProtocolClient.java:onNext(255)) - client-8DB4338F17D0->b5da6a4a-1459-46a4-9479-d2035163dbe2: receive RaftClientReply:client-8DB4338F17D0->b5da6a4a-1459-46a4-9479-d2035163dbe2@group-4A9565783204, cid=3303, SUCCESS, logIndex=4990, commits[b5da6a4a-1459-46a4-9479-d2035163dbe2:c4990, 69c25b61-d669-4f17-b36d-41bca3df1f31:c4986, d2a7b1fa-fac6-4c6f-8c6d-9ac7414c70c3:c4986]
2019-07-14 04:23:59,093 INFO  client.GrpcClientProtocolClient (GrpcClientProtocolClient.java:onNext(255)) - client-8DB4338F17D0->b5da6a4a-1459-46a4-9479-d2035163dbe2: receive RaftClientReply:client-8DB4338F17D0->b5da6a4a-1459-46a4-9479-d2035163dbe2@group-4A9565783204, cid=3304, SUCCESS, logIndex=0, commits[b5da6a4a-1459-46a4-9479-d2035163dbe2:c4994, 69c25b61-d669-4f17-b36d-41bca3df1f31:c4988, d2a7b1fa-fac6-4c6f-8c6d-9ac7414c70c3:c4990]
2019-07-14 04:23:59,105 INFO  client.GrpcClientProtocolClient (GrpcClientProtocolClient.java:onNext(255)) - client-8DB4338F17D0->b5da6a4a-1459-46a4-9479-d2035163dbe2: receive RaftClientReply:client-8DB4338F17D0->b5da6a4a-1459-46a4-9479-d2035163dbe2@group-4A9565783204, cid=3305, SUCCESS, logIndex=4995, commits[b5da6a4a-1459-46a4-9479-d2035163dbe2:c4996, 69c25b61-d669-4f17-b36d-41bca3df1f31:c4990, d2a7b1fa-fac6-4c6f-8c6d-9ac7414c70c3:c4994]
2019-07-14 04:23:59,105 INFO  client.GrpcClientProtocolClient (GrpcClientProtocolClient.java:onNext(255)) - client-8DB4338F17D0->b5da6a4a-1459-46a4-9479-d2035163dbe2: receive RaftClientReply:client-8DB4338F17D0->b5da6a4a-1459-46a4-9479-d2035163dbe2@group-4A9565783204, cid=3306, SUCCESS, logIndex=4996, commits[b5da6a4a-1459-46a4-9479-d2035163dbe2:c4996, 69c25b61-d669-4f17-b36d-41bca3df1f31:c4990, d2a7b1fa-fac6-4c6f-8c6d-9ac7414c70c3:c4994]
2019-07-14 04:23:59,116 INFO  client.GrpcClientProtocolClient (GrpcClientProtocolClient.java:onNext(255)) - client-8DB4338F17D0->b5da6a4a-1459-46a4-9479-d2035163dbe2: receive RaftClientReply:client-8DB4338F17D0->b5da6a4a-1459-46a4-9479-d2035163dbe2@group-4A9565783204, cid=3307, SUCCESS, logIndex=4999, commits[b5da6a4a-1459-46a4-9479-d2035163dbe2:c5000, 69c25b61-d669-4f17-b36d-41bca3df1f31:c4998, d2a7b1fa-fac6-4c6f-8c6d-9ac7414c70c3:c4996]
2019-07-14 04:23:59,117 INFO  client.GrpcClientProtocolClient (GrpcClientProtocolClient.java:onNext(255)) - client-8DB4338F17D0->b5da6a4a-1459-46a4-9479-d2035163dbe2: receive RaftClientReply:client-8DB4338F17D0->b5da6a4a-1459-46a4-9479-d2035163dbe2@group-4A9565783204, cid=3308, SUCCESS, logIndex=5000, commits[b5da6a4a-1459-46a4-9479-d2035163dbe2:c5000, 69c25b61-d669-4f17-b36d-41bca3df1f31:c4998, d2a7b1fa-fac6-4c6f-8c6d-9ac7414c70c3:c4998]
2019-07-14 04:23:59,119 INFO  client.GrpcClientProtocolClient (GrpcClientProtocolClient.java:onNext(255)) - client-8DB4338F17D0->b5da6a4a-1459-46a4-9479-d2035163dbe2: receive RaftClientReply:client-8DB4338F17D0->b5da6a4a-1459-46a4-9479-d2035163dbe2@group-4A9565783204, cid=3309, SUCCESS, logIndex=0, commits[b5da6a4a-1459-46a4-9479-d2035163dbe2:c5001, 69c25b61-d669-4f17-b36d-41bca3df1f31:c5000, d2a7b1fa-fac6-4c6f-8c6d-9ac7414c70c3:c5000]
2019-07-14 04:23:59,148 INFO  client.GrpcClientProtocolClient (GrpcClientProtocolClient.java:onNext(255)) - client-8DB4338F17D0->b5da6a4a-1459-46a4-9479-d2035163dbe2: receive RaftClientReply:client-8DB4338F17D0->b5da6a4a-1459-46a4-9479-d2035163dbe2@group-4A9565783204, cid=3310, SUCCESS, logIndex=5003, commits[b5da6a4a-1459-46a4-9479-d2035163dbe2:c5004, 69c25b61-d669-4f17-b36d-41bca3df1f31:c5002, d2a7b1fa-fac6-4c6f-8c6d-9ac7414c70c3:c5002]
2019-07-14 04:23:59,148 INFO  client.GrpcClientProtocolClient (GrpcClientProtocolClient.java:onNext(255)) - client-8DB4338F17D0->b5da6a4a-1459-46a4-9479-d2035163dbe2: receive RaftClientReply:client-8DB4338F17D0->b5da6a4a-1459-46a4-9479-d2035163dbe2@group-4A9565783204, cid=3311, SUCCESS, logIndex=5004, commits[b5da6a4a-1459-46a4-9479-d2035163dbe2:c5004, 69c25b61-d669-4f17-b36d-41bca3df1f31:c5002, d2a7b1fa-fac6-4c6f-8c6d-9ac7414c70c3:c5002]
2019-07-14 04:23:59,149 INFO  client.GrpcClientProtocolClient (GrpcClientProtocolClient.java:onNext(255)) - client-8DB4338F17D0->b5da6a4a-1459-46a4-9479-d2035163dbe2: receive RaftClientReply:client-8DB4338F17D0->b5da6a4a-1459-46a4-9479-d2035163dbe2@group-4A9565783204, cid=3312, SUCCESS, logIndex=5005, commits[b5da6a4a-1459-46a4-9479-d2035163dbe2:c5006, 69c25b61-d669-4f17-b36d-41bca3df1f31:c5002, d2a7b1fa-fac6-4c6f-8c6d-9ac7414c70c3:c5002]
2019-07-14 04:23:59,149 INFO  client.GrpcClientProtocolClient (GrpcClientProtocolClient.java:onNext(255)) - client-8DB4338F17D0->b5da6a4a-1459-46a4-9479-d2035163dbe2: receive RaftClientReply:client-8DB4338F17D0->b5da6a4a-1459-46a4-9479-d2035163dbe2@group-4A9565783204, cid=3313, SUCCESS, logIndex=5006, commits[b5da6a4a-1459-46a4-9479-d2035163dbe2:c5006, 69c25b61-d669-4f17-b36d-41bca3df1f31:c5002, d2a7b1fa-fac6-4c6f-8c6d-9ac7414c70c3:c5002]
2019-07-14 04:23:59,153 INFO  client.GrpcClientProtocolClient (GrpcClientProtocolClient.java:onNext(255)) - client-8DB4338F17D0->b5da6a4a-1459-46a4-9479-d2035163dbe2: receive RaftClientReply:client-8DB4338F17D0->b5da6a4a-1459-46a4-9479-d2035163dbe2@group-4A9565783204, cid=3314, SUCCESS, logIndex=0, commits[b5da6a4a-1459-46a4-9479-d2035163dbe2:c5008, 69c25b61-d669-4f17-b36d-41bca3df1f31:c5004, d2a7b1fa-fac6-4c6f-8c6d-9ac7414c70c3:c5004]
2019-07-14 04:23:59,170 INFO  client.GrpcClientProtocolClient (GrpcClientProtocolClient.java:onNext(255)) - client-8DB4338F17D0->b5da6a4a-1459-46a4-9479-d2035163dbe2: receive RaftClientReply:client-8DB4338F17D0->b5da6a4a-1459-46a4-9479-d2035163dbe2@group-4A9565783204, cid=3315, SUCCESS, logIndex=5011, commits[b5da6a4a-1459-46a4-9479-d2035163dbe2:c5012, 69c25b61-d669-4f17-b36d-41bca3df1f31:c5010, d2a7b1fa-fac6-4c6f-8c6d-9ac7414c70c3:c5010]
2019-07-14 04:23:59,170 INFO  client.GrpcClientProtocolClient (GrpcClientProtocolClient.java:onNext(255)) - client-8DB4338F17D0->b5da6a4a-1459-46a4-9479-d2035163dbe2: receive RaftClientReply:client-8DB4338F17D0->b5da6a4a-1459-46a4-9479-d2035163dbe2@group-4A9565783204, cid=3316, SUCCESS, logIndex=5012, commits[b5da6a4a-1459-46a4-9479-d2035163dbe2:c5012, 69c25b61-d669-4f17-b36d-41bca3df1f31:c5010, d2a7b1fa-fac6-4c6f-8c6d-9ac7414c70c3:c5010]
2019-07-14 04:23:59,191 INFO  client.GrpcClientProtocolClient (GrpcClientProtocolClient.java:onNext(255)) - client-8DB4338F17D0->b5da6a4a-1459-46a4-9479-d2035163dbe2: receive RaftClientReply:client-8DB4338F17D0->b5da6a4a-1459-46a4-9479-d2035163dbe2@group-4A9565783204, cid=3317, SUCCESS, logIndex=5015, commits[b5da6a4a-1459-46a4-9479-d2035163dbe2:c5016, 69c25b61-d669-4f17-b36d-41bca3df1f31:c5012, d2a7b1fa-fac6-4c6f-8c6d-9ac7414c70c3:c5012]
2019-07-14 04:23:59,192 INFO  client.GrpcClientProtocolClient (GrpcClientProtocolClient.java:onNext(255)) - client-8DB4338F17D0->b5da6a4a-1459-46a4-9479-d2035163dbe2: receive RaftClientReply:client-8DB4338F17D0->b5da6a4a-1459-46a4-9479-d2035163dbe2@group-4A9565783204, cid=3318, SUCCESS, logIndex=5016, commits[b5da6a4a-1459-46a4-9479-d2035163dbe2:c5016, 69c25b61-d669-4f17-b36d-41bca3df1f31:c5012, d2a7b1fa-fac6-4c6f-8c6d-9ac7414c70c3:c5012]
2019-07-14 04:23:59,204 INFO  client.GrpcClientProtocolClient (GrpcClientProtocolClient.java:onNext(255)) - client-8DB4338F17D0->b5da6a4a-1459-46a4-9479-d2035163dbe2: receive RaftClientReply:client-8DB4338F17D0->b5da6a4a-1459-46a4-9479-d2035163dbe2@group-4A9565783204, cid=3319, SUCCESS, logIndex=0, commits[b5da6a4a-1459-46a4-9479-d2035163dbe2:c5017, 69c25b61-d669-4f17-b36d-41bca3df1f31:c5016, d2a7b1fa-fac6-4c6f-8c6d-9ac7414c70c3:c5016]
2019-07-14 04:23:59,235 INFO  client.GrpcClientProtocolClient (GrpcClientProtocolClient.java:onNext(255)) - client-8DB4338F17D0->b5da6a4a-1459-46a4-9479-d2035163dbe2: receive RaftClientReply:client-8DB4338F17D0->b5da6a4a-1459-46a4-9479-d2035163dbe2@group-4A9565783204, cid=3320, SUCCESS, logIndex=5019, commits[b5da6a4a-1459-46a4-9479-d2035163dbe2:c5021, 69c25b61-d669-4f17-b36d-41bca3df1f31:c5018, d2a7b1fa-fac6-4c6f-8c6d-9ac7414c70c3:c5018]
2019-07-14 04:23:59,236 INFO  client.GrpcClientProtocolClient (GrpcClientProtocolClient.java:onNext(255)) - client-8DB4338F17D0->b5da6a4a-1459-46a4-9479-d2035163dbe2: receive RaftClientReply:client-8DB4338F17D0->b5da6a4a-1459-46a4-9479-d2035163dbe2@group-4A9565783204, cid=3321, SUCCESS, logIndex=5020, commits[b5da6a4a-1459-46a4-9479-d2035163dbe2:c5022, 69c25b61-d669-4f17-b36d-41bca3df1f31:c5018, d2a7b1fa-fac6-4c6f-8c6d-9ac7414c70c3:c5018]
2019-07-14 04:23:59,236 INFO  client.GrpcClientProtocolClient (GrpcClientProtocolClient.java:onNext(255)) - client-8DB4338F17D0->b5da6a4a-1459-46a4-9479-d2035163dbe2: receive RaftClientReply:client-8DB4338F17D0->b5da6a4a-1459-46a4-9479-d2035163dbe2@group-4A9565783204, cid=3322, SUCCESS, logIndex=5021, commits[b5da6a4a-1459-46a4-9479-d2035163dbe2:c5022, 69c25b61-d669-4f17-b36d-41bca3df1f31:c5018, d2a7b1fa-fac6-4c6f-8c6d-9ac7414c70c3:c5018]
2019-07-14 04:23:59,236 INFO  client.GrpcClientProtocolClient (GrpcClientProtocolClient.java:onNext(255)) - client-8DB4338F17D0->b5da6a4a-1459-46a4-9479-d2035163dbe2: receive RaftClientReply:client-8DB4338F17D0->b5da6a4a-1459-46a4-9479-d2035163dbe2@group-4A9565783204, cid=3323, SUCCESS, logIndex=5022, commits[b5da6a4a-1459-46a4-9479-d2035163dbe2:c5022, 69c25b61-d669-4f17-b36d-41bca3df1f31:c5018, d2a7b1fa-fac6-4c6f-8c6d-9ac7414c70c3:c5018]
2019-07-14 04:23:59,239 INFO  client.GrpcClientProtocolClient (GrpcClientProtocolClient.java:onNext(255)) - client-8DB4338F17D0->b5da6a4a-1459-46a4-9479-d2035163dbe2: receive RaftClientReply:client-8DB4338F17D0->b5da6a4a-1459-46a4-9479-d2035163dbe2@group-4A9565783204, cid=3324, SUCCESS, logIndex=0, commits[b5da6a4a-1459-46a4-9479-d2035163dbe2:c5023, 69c25b61-d669-4f17-b36d-41bca3df1f31:c5020, d2a7b1fa-fac6-4c6f-8c6d-9ac7414c70c3:c5020]
2019-07-14 04:23:59,253 INFO  client.GrpcClientProtocolClient (GrpcClientProtocolClient.java:onNext(255)) - client-8DB4338F17D0->b5da6a4a-1459-46a4-9479-d2035163dbe2: receive RaftClientReply:client-8DB4338F17D0->b5da6a4a-1459-46a4-9479-d2035163dbe2@group-4A9565783204, cid=3325, SUCCESS, logIndex=5027, commits[b5da6a4a-1459-46a4-9479-d2035163dbe2:c5028, 69c25b61-d669-4f17-b36d-41bca3df1f31:c5026, d2a7b1fa-fac6-4c6f-8c6d-9ac7414c70c3:c5026]
2019-07-14 04:23:59,253 INFO  client.GrpcClientProtocolClient (GrpcClientProtocolClient.java:onNext(255)) - client-8DB4338F17D0->b5da6a4a-1459-46a4-9479-d2035163dbe2: receive RaftClientReply:client-8DB4338F17D0->b5da6a4a-1459-46a4-9479-d2035163dbe2@group-4A9565783204, cid=3326, SUCCESS, logIndex=5028, commits[b5da6a4a-1459-46a4-9479-d2035163dbe2:c5028, 69c25b61-d669-4f17-b36d-41bca3df1f31:c5026, d2a7b1fa-fac6-4c6f-8c6d-9ac7414c70c3:c5026]
 0.00% |█                                                                                                    |  0/1 Time: 0:00:242019-07-14 04:23:59,272 INFO  client.GrpcClientProtocolClient (GrpcClientProtocolClient.java:onNext(255)) - client-8DB4338F17D0->b5da6a4a-1459-46a4-9479-d2035163dbe2: receive RaftClientReply:client-8DB4338F17D0->b5da6a4a-1459-46a4-9479-d2035163dbe2@group-4A9565783204, cid=3327, SUCCESS, logIndex=5031, commits[b5da6a4a-1459-46a4-9479-d2035163dbe2:c5032, 69c25b61-d669-4f17-b36d-41bca3df1f31:c5029, d2a7b1fa-fac6-4c6f-8c6d-9ac7414c70c3:c5029]
2019-07-14 04:23:59,272 INFO  client.GrpcClientProtocolClient (GrpcClientProtocolClient.java:onNext(255)) - client-8DB4338F17D0->b5da6a4a-1459-46a4-9479-d2035163dbe2: receive RaftClientReply:client-8DB4338F17D0->b5da6a4a-1459-46a4-9479-d2035163dbe2@group-4A9565783204, cid=3328, SUCCESS, logIndex=5032, commits[b5da6a4a-1459-46a4-9479-d2035163dbe2:c5032, 69c25b61-d669-4f17-b36d-41bca3df1f31:c5029, d2a7b1fa-fac6-4c6f-8c6d-9ac7414c70c3:c5029]
2019-07-14 04:23:59,319 INFO  client.GrpcClientProtocolClient (GrpcClientProtocolClient.java:onNext(255)) - client-8DB4338F17D0->b5da6a4a-1459-46a4-9479-d2035163dbe2: receive RaftClientReply:client-8DB4338F17D0->b5da6a4a-1459-46a4-9479-d2035163dbe2@group-4A9565783204, cid=3329, SUCCESS, logIndex=0, commits[b5da6a4a-1459-46a4-9479-d2035163dbe2:c5034, 69c25b61-d669-4f17-b36d-41bca3df1f31:c5032, d2a7b1fa-fac6-4c6f-8c6d-9ac7414c70c3:c5032]
2019-07-14 04:23:59,349 INFO  client.GrpcClientProtocolClient (GrpcClientProtocolClient.java:onNext(255)) - client-8DB4338F17D0->b5da6a4a-1459-46a4-9479-d2035163dbe2: receive RaftClientReply:client-8DB4338F17D0->b5da6a4a-1459-46a4-9479-d2035163dbe2@group-4A9565783204, cid=3330, SUCCESS, logIndex=5035, commits[b5da6a4a-1459-46a4-9479-d2035163dbe2:c5036, 69c25b61-d669-4f17-b36d-41bca3df1f31:c5034, d2a7b1fa-fac6-4c6f-8c6d-9ac7414c70c3:c5034]
2019-07-14 04:23:59,349 INFO  client.GrpcClientProtocolClient (GrpcClientProtocolClient.java:onNext(255)) - client-8DB4338F17D0->b5da6a4a-1459-46a4-9479-d2035163dbe2: receive RaftClientReply:client-8DB4338F17D0->b5da6a4a-1459-46a4-9479-d2035163dbe2@group-4A9565783204, cid=3331, SUCCESS, logIndex=5036, commits[b5da6a4a-1459-46a4-9479-d2035163dbe2:c5036, 69c25b61-d669-4f17-b36d-41bca3df1f31:c5034, d2a7b1fa-fac6-4c6f-8c6d-9ac7414c70c3:c5034]
2019-07-14 04:23:59,349 INFO  client.GrpcClientProtocolClient (GrpcClientProtocolClient.java:onNext(255)) - client-8DB4338F17D0->b5da6a4a-1459-46a4-9479-d2035163dbe2: receive RaftClientReply:client-8DB4338F17D0->b5da6a4a-1459-46a4-9479-d2035163dbe2@group-4A9565783204, cid=3332, SUCCESS, logIndex=5037, commits[b5da6a4a-1459-46a4-9479-d2035163dbe2:c5038, 69c25b61-d669-4f17-b36d-41bca3df1f31:c5034, d2a7b1fa-fac6-4c6f-8c6d-9ac7414c70c3:c5034]
2019-07-14 04:23:59,350 INFO  client.GrpcClientProtocolClient (GrpcClientProtocolClient.java:onNext(255)) - client-8DB4338F17D0->b5da6a4a-1459-46a4-9479-d2035163dbe2: receive RaftClientReply:client-8DB4338F17D0->b5da6a4a-1459-46a4-9479-d2035163dbe2@group-4A9565783204, cid=3333, SUCCESS, logIndex=5038, commits[b5da6a4a-1459-46a4-9479-d2035163dbe2:c5038, 69c25b61-d669-4f17-b36d-41bca3df1f31:c5034, d2a7b1fa-fac6-4c6f-8c6d-9ac7414c70c3:c5034]
2019-07-14 04:23:59,353 INFO  client.GrpcClientProtocolClient (GrpcClientProtocolClient.java:onNext(255)) - client-8DB4338F17D0->b5da6a4a-1459-46a4-9479-d2035163dbe2: receive RaftClientReply:client-8DB4338F17D0->b5da6a4a-1459-46a4-9479-d2035163dbe2@group-4A9565783204, cid=3334, SUCCESS, logIndex=0, commits[b5da6a4a-1459-46a4-9479-d2035163dbe2:c5040, 69c25b61-d669-4f17-b36d-41bca3df1f31:c5036, d2a7b1fa-fac6-4c6f-8c6d-9ac7414c70c3:c5036]
2019-07-14 04:23:59,373 INFO  client.GrpcClientProtocolClient (GrpcClientProtocolClient.java:onNext(255)) - client-8DB4338F17D0->b5da6a4a-1459-46a4-9479-d2035163dbe2: receive RaftClientReply:client-8DB4338F17D0->b5da6a4a-1459-46a4-9479-d2035163dbe2@group-4A9565783204, cid=3335, SUCCESS, logIndex=5043, commits[b5da6a4a-1459-46a4-9479-d2035163dbe2:c5044, 69c25b61-d669-4f17-b36d-41bca3df1f31:c5038, d2a7b1fa-fac6-4c6f-8c6d-9ac7414c70c3:c5042]
2019-07-14 04:23:59,373 INFO  client.GrpcClientProtocolClient (GrpcClientProtocolClient.java:onNext(255)) - client-8DB4338F17D0->b5da6a4a-1459-46a4-9479-d2035163dbe2: receive RaftClientReply:client-8DB4338F17D0->b5da6a4a-1459-46a4-9479-d2035163dbe2@group-4A9565783204, cid=3336, SUCCESS, logIndex=5044, commits[b5da6a4a-1459-46a4-9479-d2035163dbe2:c5044, 69c25b61-d669-4f17-b36d-41bca3df1f31:c5042, d2a7b1fa-fac6-4c6f-8c6d-9ac7414c70c3:c5042]
2019-07-14 04:23:59,391 INFO  client.GrpcClientProtocolClient (GrpcClientProtocolClient.java:onNext(255)) - client-8DB4338F17D0->b5da6a4a-1459-46a4-9479-d2035163dbe2: receive RaftClientReply:client-8DB4338F17D0->b5da6a4a-1459-46a4-9479-d2035163dbe2@group-4A9565783204, cid=3337, SUCCESS, logIndex=5047, commits[b5da6a4a-1459-46a4-9479-d2035163dbe2:c5048, 69c25b61-d669-4f17-b36d-41bca3df1f31:c5046, d2a7b1fa-fac6-4c6f-8c6d-9ac7414c70c3:c5046]
2019-07-14 04:23:59,392 INFO  client.GrpcClientProtocolClient (GrpcClientProtocolClient.java:onNext(255)) - client-8DB4338F17D0->b5da6a4a-1459-46a4-9479-d2035163dbe2: receive RaftClientReply:client-8DB4338F17D0->b5da6a4a-1459-46a4-9479-d2035163dbe2@group-4A9565783204, cid=3338, SUCCESS, logIndex=5048, commits[b5da6a4a-1459-46a4-9479-d2035163dbe2:c5048, 69c25b61-d669-4f17-b36d-41bca3df1f31:c5046, d2a7b1fa-fac6-4c6f-8c6d-9ac7414c70c3:c5046]
2019-07-14 04:23:59,516 INFO  client.GrpcClientProtocolClient (GrpcClientProtocolClient.java:onNext(255)) - client-8DB4338F17D0->b5da6a4a-1459-46a4-9479-d2035163dbe2: receive RaftClientReply:client-8DB4338F17D0->b5da6a4a-1459-46a4-9479-d2035163dbe2@group-4A9565783204, cid=3339, SUCCESS, logIndex=0, commits[b5da6a4a-1459-46a4-9479-d2035163dbe2:c5050, 69c25b61-d669-4f17-b36d-41bca3df1f31:c5048, d2a7b1fa-fac6-4c6f-8c6d-9ac7414c70c3:c5048]
2019-07-14 04:23:59,545 INFO  client.GrpcClientProtocolClient (GrpcClientProtocolClient.java:onNext(255)) - client-8DB4338F17D0->b5da6a4a-1459-46a4-9479-d2035163dbe2: receive RaftClientReply:client-8DB4338F17D0->b5da6a4a-1459-46a4-9479-d2035163dbe2@group-4A9565783204, cid=3340, SUCCESS, logIndex=5051, commits[b5da6a4a-1459-46a4-9479-d2035163dbe2:c5052, 69c25b61-d669-4f17-b36d-41bca3df1f31:c5050, d2a7b1fa-fac6-4c6f-8c6d-9ac7414c70c3:c5050]
2019-07-14 04:23:59,546 INFO  client.GrpcClientProtocolClient (GrpcClientProtocolClient.java:onNext(255)) - client-8DB4338F17D0->b5da6a4a-1459-46a4-9479-d2035163dbe2: receive RaftClientReply:client-8DB4338F17D0->b5da6a4a-1459-46a4-9479-d2035163dbe2@group-4A9565783204, cid=3341, SUCCESS, logIndex=5052, commits[b5da6a4a-1459-46a4-9479-d2035163dbe2:c5052, 69c25b61-d669-4f17-b36d-41bca3df1f31:c5050, d2a7b1fa-fac6-4c6f-8c6d-9ac7414c70c3:c5050]
2019-07-14 04:23:59,549 INFO  client.GrpcClientProtocolClient (GrpcClientProtocolClient.java:onNext(255)) - client-8DB4338F17D0->b5da6a4a-1459-46a4-9479-d2035163dbe2: receive RaftClientReply:client-8DB4338F17D0->b5da6a4a-1459-46a4-9479-d2035163dbe2@group-4A9565783204, cid=3342, SUCCESS, logIndex=5053, commits[b5da6a4a-1459-46a4-9479-d2035163dbe2:c5054, 69c25b61-d669-4f17-b36d-41bca3df1f31:c5051, d2a7b1fa-fac6-4c6f-8c6d-9ac7414c70c3:c5050]
2019-07-14 04:23:59,550 INFO  client.GrpcClientProtocolClient (GrpcClientProtocolClient.java:onNext(255)) - client-8DB4338F17D0->b5da6a4a-1459-46a4-9479-d2035163dbe2: receive RaftClientReply:client-8DB4338F17D0->b5da6a4a-1459-46a4-9479-d2035163dbe2@group-4A9565783204, cid=3343, SUCCESS, logIndex=5054, commits[b5da6a4a-1459-46a4-9479-d2035163dbe2:c5056, 69c25b61-d669-4f17-b36d-41bca3df1f31:c5052, d2a7b1fa-fac6-4c6f-8c6d-9ac7414c70c3:c5052]
2019-07-14 04:23:59,570 INFO  client.GrpcClientProtocolClient (GrpcClientProtocolClient.java:onNext(255)) - client-8DB4338F17D0->b5da6a4a-1459-46a4-9479-d2035163dbe2: receive RaftClientReply:client-8DB4338F17D0->b5da6a4a-1459-46a4-9479-d2035163dbe2@group-4A9565783204, cid=3344, SUCCESS, logIndex=5059, commits[b5da6a4a-1459-46a4-9479-d2035163dbe2:c5060, 69c25b61-d669-4f17-b36d-41bca3df1f31:c5058, d2a7b1fa-fac6-4c6f-8c6d-9ac7414c70c3:c5058]
2019-07-14 04:23:59,571 INFO  client.GrpcClientProtocolClient (GrpcClientProtocolClient.java:onNext(255)) - client-8DB4338F17D0->b5da6a4a-1459-46a4-9479-d2035163dbe2: receive RaftClientReply:client-8DB4338F17D0->b5da6a4a-1459-46a4-9479-d2035163dbe2@group-4A9565783204, cid=3345, SUCCESS, logIndex=5060, commits[b5da6a4a-1459-46a4-9479-d2035163dbe2:c5060, 69c25b61-d669-4f17-b36d-41bca3df1f31:c5058, d2a7b1fa-fac6-4c6f-8c6d-9ac7414c70c3:c5058]
2019-07-14 04:23:59,593 INFO  client.GrpcClientProtocolClient (GrpcClientProtocolClient.java:onNext(255)) - client-8DB4338F17D0->b5da6a4a-1459-46a4-9479-d2035163dbe2: receive RaftClientReply:client-8DB4338F17D0->b5da6a4a-1459-46a4-9479-d2035163dbe2@group-4A9565783204, cid=3346, SUCCESS, logIndex=5063, commits[b5da6a4a-1459-46a4-9479-d2035163dbe2:c5064, 69c25b61-d669-4f17-b36d-41bca3df1f31:c5062, d2a7b1fa-fac6-4c6f-8c6d-9ac7414c70c3:c5062]
2019-07-14 04:23:59,594 INFO  client.GrpcClientProtocolClient (GrpcClientProtocolClient.java:onNext(255)) - client-8DB4338F17D0->b5da6a4a-1459-46a4-9479-d2035163dbe2: receive RaftClientReply:client-8DB4338F17D0->b5da6a4a-1459-46a4-9479-d2035163dbe2@group-4A9565783204, cid=3347, SUCCESS, logIndex=5064, commits[b5da6a4a-1459-46a4-9479-d2035163dbe2:c5064, 69c25b61-d669-4f17-b36d-41bca3df1f31:c5062, d2a7b1fa-fac6-4c6f-8c6d-9ac7414c70c3:c5062]
2019-07-14 04:23:59,617 INFO  client.GrpcClientProtocolClient (GrpcClientProtocolClient.java:onNext(255)) - client-8DB4338F17D0->b5da6a4a-1459-46a4-9479-d2035163dbe2: receive RaftClientReply:client-8DB4338F17D0->b5da6a4a-1459-46a4-9479-d2035163dbe2@group-4A9565783204, cid=3348, SUCCESS, logIndex=0, commits[b5da6a4a-1459-46a4-9479-d2035163dbe2:c5066, 69c25b61-d669-4f17-b36d-41bca3df1f31:c5064, d2a7b1fa-fac6-4c6f-8c6d-9ac7414c70c3:c5064]
2019-07-14 04:23:59,645 INFO  client.GrpcClientProtocolClient (GrpcClientProtocolClient.java:onNext(255)) - client-8DB4338F17D0->b5da6a4a-1459-46a4-9479-d2035163dbe2: receive RaftClientReply:client-8DB4338F17D0->b5da6a4a-1459-46a4-9479-d2035163dbe2@group-4A9565783204, cid=3349, SUCCESS, logIndex=5067, commits[b5da6a4a-1459-46a4-9479-d2035163dbe2:c5068, 69c25b61-d669-4f17-b36d-41bca3df1f31:c5066, d2a7b1fa-fac6-4c6f-8c6d-9ac7414c70c3:c5066]
2019-07-14 04:23:59,646 INFO  client.GrpcClientProtocolClient (GrpcClientProtocolClient.java:onNext(255)) - client-8DB4338F17D0->b5da6a4a-1459-46a4-9479-d2035163dbe2: receive RaftClientReply:client-8DB4338F17D0->b5da6a4a-1459-46a4-9479-d2035163dbe2@group-4A9565783204, cid=3350, SUCCESS, logIndex=5068, commits[b5da6a4a-1459-46a4-9479-d2035163dbe2:c5068, 69c25b61-d669-4f17-b36d-41bca3df1f31:c5066, d2a7b1fa-fac6-4c6f-8c6d-9ac7414c70c3:c5066]
2019-07-14 04:23:59,649 INFO  client.GrpcClientProtocolClient (GrpcClientProtocolClient.java:onNext(255)) - client-8DB4338F17D0->b5da6a4a-1459-46a4-9479-d2035163dbe2: receive RaftClientReply:client-8DB4338F17D0->b5da6a4a-1459-46a4-9479-d2035163dbe2@group-4A9565783204, cid=3351, SUCCESS, logIndex=5069, commits[b5da6a4a-1459-46a4-9479-d2035163dbe2:c5071, 69c25b61-d669-4f17-b36d-41bca3df1f31:c5068, d2a7b1fa-fac6-4c6f-8c6d-9ac7414c70c3:c5066]
2019-07-14 04:23:59,649 INFO  client.GrpcClientProtocolClient (GrpcClientProtocolClient.java:onNext(255)) - client-8DB4338F17D0->b5da6a4a-1459-46a4-9479-d2035163dbe2: receive RaftClientReply:client-8DB4338F17D0->b5da6a4a-1459-46a4-9479-d2035163dbe2@group-4A9565783204, cid=3352, SUCCESS, logIndex=5070, commits[b5da6a4a-1459-46a4-9479-d2035163dbe2:c5072, 69c25b61-d669-4f17-b36d-41bca3df1f31:c5068, d2a7b1fa-fac6-4c6f-8c6d-9ac7414c70c3:c5066]
2019-07-14 04:23:59,651 INFO  client.GrpcClientProtocolClient (GrpcClientProtocolClient.java:onNext(255)) - client-8DB4338F17D0->b5da6a4a-1459-46a4-9479-d2035163dbe2: receive RaftClientReply:client-8DB4338F17D0->b5da6a4a-1459-46a4-9479-d2035163dbe2@group-4A9565783204, cid=3353, SUCCESS, logIndex=0, commits[b5da6a4a-1459-46a4-9479-d2035163dbe2:c5073, 69c25b61-d669-4f17-b36d-41bca3df1f31:c5069, d2a7b1fa-fac6-4c6f-8c6d-9ac7414c70c3:c5068]
2019-07-14 04:23:59,672 INFO  client.GrpcClientProtocolClient (GrpcClientProtocolClient.java:onNext(255)) - client-8DB4338F17D0->b5da6a4a-1459-46a4-9479-d2035163dbe2: receive RaftClientReply:client-8DB4338F17D0->b5da6a4a-1459-46a4-9479-d2035163dbe2@group-4A9565783204, cid=3354, SUCCESS, logIndex=5075, commits[b5da6a4a-1459-46a4-9479-d2035163dbe2:c5076, 69c25b61-d669-4f17-b36d-41bca3df1f31:c5074, d2a7b1fa-fac6-4c6f-8c6d-9ac7414c70c3:c5074]
2019-07-14 04:23:59,673 INFO  client.GrpcClientProtocolClient (GrpcClientProtocolClient.java:onNext(255)) - client-8DB4338F17D0->b5da6a4a-1459-46a4-9479-d2035163dbe2: receive RaftClientReply:client-8DB4338F17D0->b5da6a4a-1459-46a4-9479-d2035163dbe2@group-4A9565783204, cid=3355, SUCCESS, logIndex=5076, commits[b5da6a4a-1459-46a4-9479-d2035163dbe2:c5076, 69c25b61-d669-4f17-b36d-41bca3df1f31:c5074, d2a7b1fa-fac6-4c6f-8c6d-9ac7414c70c3:c5074]
2019-07-14 04:23:59,686 INFO  client.GrpcClientProtocolClient (GrpcClientProtocolClient.java:onNext(255)) - client-8DB4338F17D0->b5da6a4a-1459-46a4-9479-d2035163dbe2: receive RaftClientReply:client-8DB4338F17D0->b5da6a4a-1459-46a4-9479-d2035163dbe2@group-4A9565783204, cid=3356, SUCCESS, logIndex=5079, commits[b5da6a4a-1459-46a4-9479-d2035163dbe2:c5080, 69c25b61-d669-4f17-b36d-41bca3df1f31:c5076, d2a7b1fa-fac6-4c6f-8c6d-9ac7414c70c3:c5078]
2019-07-14 04:23:59,686 INFO  client.GrpcClientProtocolClient (GrpcClientProtocolClient.java:onNext(255)) - client-8DB4338F17D0->b5da6a4a-1459-46a4-9479-d2035163dbe2: receive RaftClientReply:client-8DB4338F17D0->b5da6a4a-1459-46a4-9479-d2035163dbe2@group-4A9565783204, cid=3357, SUCCESS, logIndex=5080, commits[b5da6a4a-1459-46a4-9479-d2035163dbe2:c5080, 69c25b61-d669-4f17-b36d-41bca3df1f31:c5076, d2a7b1fa-fac6-4c6f-8c6d-9ac7414c70c3:c5078]
2019-07-14 04:23:59,689 INFO  client.GrpcClientProtocolClient (GrpcClientProtocolClient.java:onNext(255)) - client-8DB4338F17D0->b5da6a4a-1459-46a4-9479-d2035163dbe2: receive RaftClientReply:client-8DB4338F17D0->b5da6a4a-1459-46a4-9479-d2035163dbe2@group-4A9565783204, cid=3358, SUCCESS, logIndex=0, commits[b5da6a4a-1459-46a4-9479-d2035163dbe2:c5081, 69c25b61-d669-4f17-b36d-41bca3df1f31:c5080, d2a7b1fa-fac6-4c6f-8c6d-9ac7414c70c3:c5080]
2019-07-14 04:23:59,721 INFO  client.GrpcClientProtocolClient (GrpcClientProtocolClient.java:onNext(255)) - client-8DB4338F17D0->b5da6a4a-1459-46a4-9479-d2035163dbe2: receive RaftClientReply:client-8DB4338F17D0->b5da6a4a-1459-46a4-9479-d2035163dbe2@group-4A9565783204, cid=3359, SUCCESS, logIndex=5082, commits[b5da6a4a-1459-46a4-9479-d2035163dbe2:c5083, 69c25b61-d669-4f17-b36d-41bca3df1f31:c5081, d2a7b1fa-fac6-4c6f-8c6d-9ac7414c70c3:c5081]
2019-07-14 04:23:59,722 INFO  client.GrpcClientProtocolClient (GrpcClientProtocolClient.java:onNext(255)) - client-8DB4338F17D0->b5da6a4a-1459-46a4-9479-d2035163dbe2: receive RaftClientReply:client-8DB4338F17D0->b5da6a4a-1459-46a4-9479-d2035163dbe2@group-4A9565783204, cid=3360, SUCCESS, logIndex=5083, commits[b5da6a4a-1459-46a4-9479-d2035163dbe2:c5083, 69c25b61-d669-4f17-b36d-41bca3df1f31:c5081, d2a7b1fa-fac6-4c6f-8c6d-9ac7414c70c3:c5081]
2019-07-14 04:23:59,722 INFO  client.GrpcClientProtocolClient (GrpcClientProtocolClient.java:onNext(255)) - client-8DB4338F17D0->b5da6a4a-1459-46a4-9479-d2035163dbe2: receive RaftClientReply:client-8DB4338F17D0->b5da6a4a-1459-46a4-9479-d2035163dbe2@group-4A9565783204, cid=3361, SUCCESS, logIndex=5084, commits[b5da6a4a-1459-46a4-9479-d2035163dbe2:c5085, 69c25b61-d669-4f17-b36d-41bca3df1f31:c5081, d2a7b1fa-fac6-4c6f-8c6d-9ac7414c70c3:c5081]
2019-07-14 04:23:59,722 INFO  client.GrpcClientProtocolClient (GrpcClientProtocolClient.java:onNext(255)) - client-8DB4338F17D0->b5da6a4a-1459-46a4-9479-d2035163dbe2: receive RaftClientReply:client-8DB4338F17D0->b5da6a4a-1459-46a4-9479-d2035163dbe2@group-4A9565783204, cid=3362, SUCCESS, logIndex=5085, commits[b5da6a4a-1459-46a4-9479-d2035163dbe2:c5085, 69c25b61-d669-4f17-b36d-41bca3df1f31:c5081, d2a7b1fa-fac6-4c6f-8c6d-9ac7414c70c3:c5081]
2019-07-14 04:23:59,725 INFO  client.GrpcClientProtocolClient (GrpcClientProtocolClient.java:onNext(255)) - client-8DB4338F17D0->b5da6a4a-1459-46a4-9479-d2035163dbe2: receive RaftClientReply:client-8DB4338F17D0->b5da6a4a-1459-46a4-9479-d2035163dbe2@group-4A9565783204, cid=3363, SUCCESS, logIndex=0, commits[b5da6a4a-1459-46a4-9479-d2035163dbe2:c5087, 69c25b61-d669-4f17-b36d-41bca3df1f31:c5083, d2a7b1fa-fac6-4c6f-8c6d-9ac7414c70c3:c5083]
2019-07-14 04:23:59,744 INFO  client.GrpcClientProtocolClient (GrpcClientProtocolClient.java:onNext(255)) - client-8DB4338F17D0->b5da6a4a-1459-46a4-9479-d2035163dbe2: receive RaftClientReply:client-8DB4338F17D0->b5da6a4a-1459-46a4-9479-d2035163dbe2@group-4A9565783204, cid=3364, SUCCESS, logIndex=5090, commits[b5da6a4a-1459-46a4-9479-d2035163dbe2:c5091, 69c25b61-d669-4f17-b36d-41bca3df1f31:c5089, d2a7b1fa-fac6-4c6f-8c6d-9ac7414c70c3:c5089]
2019-07-14 04:23:59,745 INFO  client.GrpcClientProtocolClient (GrpcClientProtocolClient.java:onNext(255)) - client-8DB4338F17D0->b5da6a4a-1459-46a4-9479-d2035163dbe2: receive RaftClientReply:client-8DB4338F17D0->b5da6a4a-1459-46a4-9479-d2035163dbe2@group-4A9565783204, cid=3365, SUCCESS, logIndex=5091, commits[b5da6a4a-1459-46a4-9479-d2035163dbe2:c5091, 69c25b61-d669-4f17-b36d-41bca3df1f31:c5089, d2a7b1fa-fac6-4c6f-8c6d-9ac7414c70c3:c5089]
2019-07-14 04:23:59,756 INFO  client.GrpcClientProtocolClient (GrpcClientProtocolClient.java:onNext(255)) - client-8DB4338F17D0->b5da6a4a-1459-46a4-9479-d2035163dbe2: receive RaftClientReply:client-8DB4338F17D0->b5da6a4a-1459-46a4-9479-d2035163dbe2@group-4A9565783204, cid=3366, SUCCESS, logIndex=5094, commits[b5da6a4a-1459-46a4-9479-d2035163dbe2:c5094, 69c25b61-d669-4f17-b36d-41bca3df1f31:c5091, d2a7b1fa-fac6-4c6f-8c6d-9ac7414c70c3:c5091]
2019-07-14 04:23:59,757 INFO  client.GrpcClientProtocolClient (GrpcClientProtocolClient.java:onNext(255)) - client-8DB4338F17D0->b5da6a4a-1459-46a4-9479-d2035163dbe2: receive RaftClientReply:client-8DB4338F17D0->b5da6a4a-1459-46a4-9479-d2035163dbe2@group-4A9565783204, cid=3367, SUCCESS, logIndex=5095, commits[b5da6a4a-1459-46a4-9479-d2035163dbe2:c5095, 69c25b61-d669-4f17-b36d-41bca3df1f31:c5091, d2a7b1fa-fac6-4c6f-8c6d-9ac7414c70c3:c5091]
2019-07-14 04:23:59,762 INFO  client.GrpcClientProtocolClient (GrpcClientProtocolClient.java:onNext(255)) - client-8DB4338F17D0->b5da6a4a-1459-46a4-9479-d2035163dbe2: receive RaftClientReply:client-8DB4338F17D0->b5da6a4a-1459-46a4-9479-d2035163dbe2@group-4A9565783204, cid=3368, SUCCESS, logIndex=0, commits[b5da6a4a-1459-46a4-9479-d2035163dbe2:c5097, 69c25b61-d669-4f17-b36d-41bca3df1f31:c5095, d2a7b1fa-fac6-4c6f-8c6d-9ac7414c70c3:c5095]
2019-07-14 04:23:59,812 INFO  client.GrpcClientProtocolClient (GrpcClientProtocolClient.java:onNext(255)) - client-8DB4338F17D0->b5da6a4a-1459-46a4-9479-d2035163dbe2: receive RaftClientReply:client-8DB4338F17D0->b5da6a4a-1459-46a4-9479-d2035163dbe2@group-4A9565783204, cid=3369, SUCCESS, logIndex=5098, commits[b5da6a4a-1459-46a4-9479-d2035163dbe2:c5099, 69c25b61-d669-4f17-b36d-41bca3df1f31:c5097, d2a7b1fa-fac6-4c6f-8c6d-9ac7414c70c3:c5097]
2019-07-14 04:23:59,813 INFO  client.GrpcClientProtocolClient (GrpcClientProtocolClient.java:onNext(255)) - client-8DB4338F17D0->b5da6a4a-1459-46a4-9479-d2035163dbe2: receive RaftClientReply:client-8DB4338F17D0->b5da6a4a-1459-46a4-9479-d2035163dbe2@group-4A9565783204, cid=3370, SUCCESS, logIndex=5099, commits[b5da6a4a-1459-46a4-9479-d2035163dbe2:c5100, 69c25b61-d669-4f17-b36d-41bca3df1f31:c5097, d2a7b1fa-fac6-4c6f-8c6d-9ac7414c70c3:c5097]
2019-07-14 04:23:59,814 INFO  client.GrpcClientProtocolClient (GrpcClientProtocolClient.java:onNext(255)) - client-8DB4338F17D0->b5da6a4a-1459-46a4-9479-d2035163dbe2: receive RaftClientReply:client-8DB4338F17D0->b5da6a4a-1459-46a4-9479-d2035163dbe2@group-4A9565783204, cid=3371, SUCCESS, logIndex=5100, commits[b5da6a4a-1459-46a4-9479-d2035163dbe2:c5101, 69c25b61-d669-4f17-b36d-41bca3df1f31:c5097, d2a7b1fa-fac6-4c6f-8c6d-9ac7414c70c3:c5097]
2019-07-14 04:23:59,814 INFO  client.GrpcClientProtocolClient (GrpcClientProtocolClient.java:onNext(255)) - client-8DB4338F17D0->b5da6a4a-1459-46a4-9479-d2035163dbe2: receive RaftClientReply:client-8DB4338F17D0->b5da6a4a-1459-46a4-9479-d2035163dbe2@group-4A9565783204, cid=3372, SUCCESS, logIndex=5101, commits[b5da6a4a-1459-46a4-9479-d2035163dbe2:c5101, 69c25b61-d669-4f17-b36d-41bca3df1f31:c5097, d2a7b1fa-fac6-4c6f-8c6d-9ac7414c70c3:c5097]
2019-07-14 04:23:59,817 INFO  client.GrpcClientProtocolClient (GrpcClientProtocolClient.java:onNext(255)) - client-8DB4338F17D0->b5da6a4a-1459-46a4-9479-d2035163dbe2: receive RaftClientReply:client-8DB4338F17D0->b5da6a4a-1459-46a4-9479-d2035163dbe2@group-4A9565783204, cid=3373, SUCCESS, logIndex=0, commits[b5da6a4a-1459-46a4-9479-d2035163dbe2:c5103, 69c25b61-d669-4f17-b36d-41bca3df1f31:c5099, d2a7b1fa-fac6-4c6f-8c6d-9ac7414c70c3:c5099]
2019-07-14 04:23:59,829 INFO  client.GrpcClientProtocolClient (GrpcClientProtocolClient.java:onNext(255)) - client-8DB4338F17D0->b5da6a4a-1459-46a4-9479-d2035163dbe2: receive RaftClientReply:client-8DB4338F17D0->b5da6a4a-1459-46a4-9479-d2035163dbe2@group-4A9565783204, cid=3374, SUCCESS, logIndex=5106, commits[b5da6a4a-1459-46a4-9479-d2035163dbe2:c5107, 69c25b61-d669-4f17-b36d-41bca3df1f31:c5105, d2a7b1fa-fac6-4c6f-8c6d-9ac7414c70c3:c5101]
2019-07-14 04:23:59,829 INFO  client.GrpcClientProtocolClient (GrpcClientProtocolClient.java:onNext(255)) - client-8DB4338F17D0->b5da6a4a-1459-46a4-9479-d2035163dbe2: receive RaftClientReply:client-8DB4338F17D0->b5da6a4a-1459-46a4-9479-d2035163dbe2@group-4A9565783204, cid=3375, SUCCESS, logIndex=5107, commits[b5da6a4a-1459-46a4-9479-d2035163dbe2:c5107, 69c25b61-d669-4f17-b36d-41bca3df1f31:c5105, d2a7b1fa-fac6-4c6f-8c6d-9ac7414c70c3:c5105]
2019-07-14 04:23:59,849 INFO  client.GrpcClientProtocolClient (GrpcClientProtocolClient.java:onNext(255)) - client-8DB4338F17D0->b5da6a4a-1459-46a4-9479-d2035163dbe2: receive RaftClientReply:client-8DB4338F17D0->b5da6a4a-1459-46a4-9479-d2035163dbe2@group-4A9565783204, cid=3376, SUCCESS, logIndex=5110, commits[b5da6a4a-1459-46a4-9479-d2035163dbe2:c5111, 69c25b61-d669-4f17-b36d-41bca3df1f31:c5108, d2a7b1fa-fac6-4c6f-8c6d-9ac7414c70c3:c5108]
2019-07-14 04:23:59,850 INFO  client.GrpcClientProtocolClient (GrpcClientProtocolClient.java:onNext(255)) - client-8DB4338F17D0->b5da6a4a-1459-46a4-9479-d2035163dbe2: receive RaftClientReply:client-8DB4338F17D0->b5da6a4a-1459-46a4-9479-d2035163dbe2@group-4A9565783204, cid=3377, SUCCESS, logIndex=5111, commits[b5da6a4a-1459-46a4-9479-d2035163dbe2:c5111, 69c25b61-d669-4f17-b36d-41bca3df1f31:c5108, d2a7b1fa-fac6-4c6f-8c6d-9ac7414c70c3:c5108]
2019-07-14 04:23:59,854 INFO  client.GrpcClientProtocolClient (GrpcClientProtocolClient.java:onNext(255)) - client-8DB4338F17D0->b5da6a4a-1459-46a4-9479-d2035163dbe2: receive RaftClientReply:client-8DB4338F17D0->b5da6a4a-1459-46a4-9479-d2035163dbe2@group-4A9565783204, cid=3378, SUCCESS, logIndex=0, commits[b5da6a4a-1459-46a4-9479-d2035163dbe2:c5113, 69c25b61-d669-4f17-b36d-41bca3df1f31:c5111, d2a7b1fa-fac6-4c6f-8c6d-9ac7414c70c3:c5111]
2019-07-14 04:23:59,887 INFO  client.GrpcClientProtocolClient (GrpcClientProtocolClient.java:onNext(255)) - client-8DB4338F17D0->b5da6a4a-1459-46a4-9479-d2035163dbe2: receive RaftClientReply:client-8DB4338F17D0->b5da6a4a-1459-46a4-9479-d2035163dbe2@group-4A9565783204, cid=3379, SUCCESS, logIndex=5114, commits[b5da6a4a-1459-46a4-9479-d2035163dbe2:c5115, 69c25b61-d669-4f17-b36d-41bca3df1f31:c5113, d2a7b1fa-fac6-4c6f-8c6d-9ac7414c70c3:c5113]
2019-07-14 04:23:59,887 INFO  client.GrpcClientProtocolClient (GrpcClientProtocolClient.java:onNext(255)) - client-8DB4338F17D0->b5da6a4a-1459-46a4-9479-d2035163dbe2: receive RaftClientReply:client-8DB4338F17D0->b5da6a4a-1459-46a4-9479-d2035163dbe2@group-4A9565783204, cid=3380, SUCCESS, logIndex=5115, commits[b5da6a4a-1459-46a4-9479-d2035163dbe2:c5117, 69c25b61-d669-4f17-b36d-41bca3df1f31:c5113, d2a7b1fa-fac6-4c6f-8c6d-9ac7414c70c3:c5113]
2019-07-14 04:23:59,888 INFO  client.GrpcClientProtocolClient (GrpcClientProtocolClient.java:onNext(255)) - client-8DB4338F17D0->b5da6a4a-1459-46a4-9479-d2035163dbe2: receive RaftClientReply:client-8DB4338F17D0->b5da6a4a-1459-46a4-9479-d2035163dbe2@group-4A9565783204, cid=3381, SUCCESS, logIndex=5116, commits[b5da6a4a-1459-46a4-9479-d2035163dbe2:c5117, 69c25b61-d669-4f17-b36d-41bca3df1f31:c5113, d2a7b1fa-fac6-4c6f-8c6d-9ac7414c70c3:c5113]
2019-07-14 04:23:59,888 INFO  client.GrpcClientProtocolClient (GrpcClientProtocolClient.java:onNext(255)) - client-8DB4338F17D0->b5da6a4a-1459-46a4-9479-d2035163dbe2: receive RaftClientReply:client-8DB4338F17D0->b5da6a4a-1459-46a4-9479-d2035163dbe2@group-4A9565783204, cid=3382, SUCCESS, logIndex=5117, commits[b5da6a4a-1459-46a4-9479-d2035163dbe2:c5117, 69c25b61-d669-4f17-b36d-41bca3df1f31:c5113, d2a7b1fa-fac6-4c6f-8c6d-9ac7414c70c3:c5113]
2019-07-14 04:23:59,892 INFO  client.GrpcClientProtocolClient (GrpcClientProtocolClient.java:onNext(255)) - client-8DB4338F17D0->b5da6a4a-1459-46a4-9479-d2035163dbe2: receive RaftClientReply:client-8DB4338F17D0->b5da6a4a-1459-46a4-9479-d2035163dbe2@group-4A9565783204, cid=3383, SUCCESS, logIndex=0, commits[b5da6a4a-1459-46a4-9479-d2035163dbe2:c5120, 69c25b61-d669-4f17-b36d-41bca3df1f31:c5115, d2a7b1fa-fac6-4c6f-8c6d-9ac7414c70c3:c5117]
2019-07-14 04:23:59,913 INFO  client.GrpcClientProtocolClient (GrpcClientProtocolClient.java:onNext(255)) - client-8DB4338F17D0->b5da6a4a-1459-46a4-9479-d2035163dbe2: receive RaftClientReply:client-8DB4338F17D0->b5da6a4a-1459-46a4-9479-d2035163dbe2@group-4A9565783204, cid=3384, SUCCESS, logIndex=5121, commits[b5da6a4a-1459-46a4-9479-d2035163dbe2:c5122, 69c25b61-d669-4f17-b36d-41bca3df1f31:c5120, d2a7b1fa-fac6-4c6f-8c6d-9ac7414c70c3:c5120]
2019-07-14 04:23:59,913 INFO  client.GrpcClientProtocolClient (GrpcClientProtocolClient.java:onNext(255)) - client-8DB4338F17D0->b5da6a4a-1459-46a4-9479-d2035163dbe2: receive RaftClientReply:client-8DB4338F17D0->b5da6a4a-1459-46a4-9479-d2035163dbe2@group-4A9565783204, cid=3385, SUCCESS, logIndex=5122, commits[b5da6a4a-1459-46a4-9479-d2035163dbe2:c5122, 69c25b61-d669-4f17-b36d-41bca3df1f31:c5120, d2a7b1fa-fac6-4c6f-8c6d-9ac7414c70c3:c5120]
2019-07-14 04:23:59,925 INFO  client.GrpcClientProtocolClient (GrpcClientProtocolClient.java:onNext(255)) - client-8DB4338F17D0->b5da6a4a-1459-46a4-9479-d2035163dbe2: receive RaftClientReply:client-8DB4338F17D0->b5da6a4a-1459-46a4-9479-d2035163dbe2@group-4A9565783204, cid=3386, SUCCESS, logIndex=5125, commits[b5da6a4a-1459-46a4-9479-d2035163dbe2:c5126, 69c25b61-d669-4f17-b36d-41bca3df1f31:c5124, d2a7b1fa-fac6-4c6f-8c6d-9ac7414c70c3:c5122]
2019-07-14 04:23:59,926 INFO  client.GrpcClientProtocolClient (GrpcClientProtocolClient.java:onNext(255)) - client-8DB4338F17D0->b5da6a4a-1459-46a4-9479-d2035163dbe2: receive RaftClientReply:client-8DB4338F17D0->b5da6a4a-1459-46a4-9479-d2035163dbe2@group-4A9565783204, cid=3387, SUCCESS, logIndex=5126, commits[b5da6a4a-1459-46a4-9479-d2035163dbe2:c5126, 69c25b61-d669-4f17-b36d-41bca3df1f31:c5124, d2a7b1fa-fac6-4c6f-8c6d-9ac7414c70c3:c5124]
2019-07-14 04:23:59,931 INFO  client.GrpcClientProtocolClient (GrpcClientProtocolClient.java:onNext(255)) - client-8DB4338F17D0->b5da6a4a-1459-46a4-9479-d2035163dbe2: receive RaftClientReply:client-8DB4338F17D0->b5da6a4a-1459-46a4-9479-d2035163dbe2@group-4A9565783204, cid=3388, SUCCESS, logIndex=0, commits[b5da6a4a-1459-46a4-9479-d2035163dbe2:c5128, 69c25b61-d669-4f17-b36d-41bca3df1f31:c5126, d2a7b1fa-fac6-4c6f-8c6d-9ac7414c70c3:c5126]
2019-07-14 04:23:59,965 INFO  client.GrpcClientProtocolClient (GrpcClientProtocolClient.java:onNext(255)) - client-8DB4338F17D0->b5da6a4a-1459-46a4-9479-d2035163dbe2: receive RaftClientReply:client-8DB4338F17D0->b5da6a4a-1459-46a4-9479-d2035163dbe2@group-4A9565783204, cid=3389, SUCCESS, logIndex=5129, commits[b5da6a4a-1459-46a4-9479-d2035163dbe2:c5129, 69c25b61-d669-4f17-b36d-41bca3df1f31:c5128, d2a7b1fa-fac6-4c6f-8c6d-9ac7414c70c3:c5128]
2019-07-14 04:23:59,966 INFO  client.GrpcClientProtocolClient (GrpcClientProtocolClient.java:onNext(255)) - client-8DB4338F17D0->b5da6a4a-1459-46a4-9479-d2035163dbe2: receive RaftClientReply:client-8DB4338F17D0->b5da6a4a-1459-46a4-9479-d2035163dbe2@group-4A9565783204, cid=3390, SUCCESS, logIndex=5130, commits[b5da6a4a-1459-46a4-9479-d2035163dbe2:c5130, 69c25b61-d669-4f17-b36d-41bca3df1f31:c5128, d2a7b1fa-fac6-4c6f-8c6d-9ac7414c70c3:c5128]
2019-07-14 04:23:59,967 INFO  client.GrpcClientProtocolClient (GrpcClientProtocolClient.java:onNext(255)) - client-8DB4338F17D0->b5da6a4a-1459-46a4-9479-d2035163dbe2: receive RaftClientReply:client-8DB4338F17D0->b5da6a4a-1459-46a4-9479-d2035163dbe2@group-4A9565783204, cid=3391, SUCCESS, logIndex=5131, commits[b5da6a4a-1459-46a4-9479-d2035163dbe2:c5132, 69c25b61-d669-4f17-b36d-41bca3df1f31:c5128, d2a7b1fa-fac6-4c6f-8c6d-9ac7414c70c3:c5128]
2019-07-14 04:23:59,967 INFO  client.GrpcClientProtocolClient (GrpcClientProtocolClient.java:onNext(255)) - client-8DB4338F17D0->b5da6a4a-1459-46a4-9479-d2035163dbe2: receive RaftClientReply:client-8DB4338F17D0->b5da6a4a-1459-46a4-9479-d2035163dbe2@group-4A9565783204, cid=3392, SUCCESS, logIndex=5132, commits[b5da6a4a-1459-46a4-9479-d2035163dbe2:c5132, 69c25b61-d669-4f17-b36d-41bca3df1f31:c5128, d2a7b1fa-fac6-4c6f-8c6d-9ac7414c70c3:c5128]
2019-07-14 04:23:59,971 INFO  client.GrpcClientProtocolClient (GrpcClientProtocolClient.java:onNext(255)) - client-8DB4338F17D0->b5da6a4a-1459-46a4-9479-d2035163dbe2: receive RaftClientReply:client-8DB4338F17D0->b5da6a4a-1459-46a4-9479-d2035163dbe2@group-4A9565783204, cid=3393, SUCCESS, logIndex=0, commits[b5da6a4a-1459-46a4-9479-d2035163dbe2:c5134, 69c25b61-d669-4f17-b36d-41bca3df1f31:c5130, d2a7b1fa-fac6-4c6f-8c6d-9ac7414c70c3:c5130]
2019-07-14 04:23:59,983 INFO  client.GrpcClientProtocolClient (GrpcClientProtocolClient.java:onNext(255)) - client-8DB4338F17D0->b5da6a4a-1459-46a4-9479-d2035163dbe2: receive RaftClientReply:client-8DB4338F17D0->b5da6a4a-1459-46a4-9479-d2035163dbe2@group-4A9565783204, cid=3394, SUCCESS, logIndex=5137, commits[b5da6a4a-1459-46a4-9479-d2035163dbe2:c5138, 69c25b61-d669-4f17-b36d-41bca3df1f31:c5136, d2a7b1fa-fac6-4c6f-8c6d-9ac7414c70c3:c5136]
2019-07-14 04:23:59,984 INFO  client.GrpcClientProtocolClient (GrpcClientProtocolClient.java:onNext(255)) - client-8DB4338F17D0->b5da6a4a-1459-46a4-9479-d2035163dbe2: receive RaftClientReply:client-8DB4338F17D0->b5da6a4a-1459-46a4-9479-d2035163dbe2@group-4A9565783204, cid=3395, SUCCESS, logIndex=5138, commits[b5da6a4a-1459-46a4-9479-d2035163dbe2:c5138, 69c25b61-d669-4f17-b36d-41bca3df1f31:c5136, d2a7b1fa-fac6-4c6f-8c6d-9ac7414c70c3:c5136]
2019-07-14 04:24:00,003 INFO  client.GrpcClientProtocolClient (GrpcClientProtocolClient.java:onNext(255)) - client-8DB4338F17D0->b5da6a4a-1459-46a4-9479-d2035163dbe2: receive RaftClientReply:client-8DB4338F17D0->b5da6a4a-1459-46a4-9479-d2035163dbe2@group-4A9565783204, cid=3396, SUCCESS, logIndex=5141, commits[b5da6a4a-1459-46a4-9479-d2035163dbe2:c5142, 69c25b61-d669-4f17-b36d-41bca3df1f31:c5140, d2a7b1fa-fac6-4c6f-8c6d-9ac7414c70c3:c5140]
2019-07-14 04:24:00,004 INFO  client.GrpcClientProtocolClient (GrpcClientProtocolClient.java:onNext(255)) - client-8DB4338F17D0->b5da6a4a-1459-46a4-9479-d2035163dbe2: receive RaftClientReply:client-8DB4338F17D0->b5da6a4a-1459-46a4-9479-d2035163dbe2@group-4A9565783204, cid=3397, SUCCESS, logIndex=5142, commits[b5da6a4a-1459-46a4-9479-d2035163dbe2:c5142, 69c25b61-d669-4f17-b36d-41bca3df1f31:c5140, d2a7b1fa-fac6-4c6f-8c6d-9ac7414c70c3:c5140]
2019-07-14 04:24:00,010 INFO  client.GrpcClientProtocolClient (GrpcClientProtocolClient.java:onNext(255)) - client-8DB4338F17D0->b5da6a4a-1459-46a4-9479-d2035163dbe2: receive RaftClientReply:client-8DB4338F17D0->b5da6a4a-1459-46a4-9479-d2035163dbe2@group-4A9565783204, cid=3398, SUCCESS, logIndex=0, commits[b5da6a4a-1459-46a4-9479-d2035163dbe2:c5143, 69c25b61-d669-4f17-b36d-41bca3df1f31:c5142, d2a7b1fa-fac6-4c6f-8c6d-9ac7414c70c3:c5142]
2019-07-14 04:24:00,047 INFO  client.GrpcClientProtocolClient (GrpcClientProtocolClient.java:onNext(255)) - client-8DB4338F17D0->b5da6a4a-1459-46a4-9479-d2035163dbe2: receive RaftClientReply:client-8DB4338F17D0->b5da6a4a-1459-46a4-9479-d2035163dbe2@group-4A9565783204, cid=3399, SUCCESS, logIndex=5145, commits[b5da6a4a-1459-46a4-9479-d2035163dbe2:c5146, 69c25b61-d669-4f17-b36d-41bca3df1f31:c5144, d2a7b1fa-fac6-4c6f-8c6d-9ac7414c70c3:c5142]
2019-07-14 04:24:00,048 INFO  client.GrpcClientProtocolClient (GrpcClientProtocolClient.java:onNext(255)) - client-8DB4338F17D0->b5da6a4a-1459-46a4-9479-d2035163dbe2: receive RaftClientReply:client-8DB4338F17D0->b5da6a4a-1459-46a4-9479-d2035163dbe2@group-4A9565783204, cid=3400, SUCCESS, logIndex=5146, commits[b5da6a4a-1459-46a4-9479-d2035163dbe2:c5146, 69c25b61-d669-4f17-b36d-41bca3df1f31:c5144, d2a7b1fa-fac6-4c6f-8c6d-9ac7414c70c3:c5142]
2019-07-14 04:24:00,049 INFO  client.GrpcClientProtocolClient (GrpcClientProtocolClient.java:onNext(255)) - client-8DB4338F17D0->b5da6a4a-1459-46a4-9479-d2035163dbe2: receive RaftClientReply:client-8DB4338F17D0->b5da6a4a-1459-46a4-9479-d2035163dbe2@group-4A9565783204, cid=3401, SUCCESS, logIndex=5147, commits[b5da6a4a-1459-46a4-9479-d2035163dbe2:c5148, 69c25b61-d669-4f17-b36d-41bca3df1f31:c5144, d2a7b1fa-fac6-4c6f-8c6d-9ac7414c70c3:c5144]
2019-07-14 04:24:00,050 INFO  client.GrpcClientProtocolClient (GrpcClientProtocolClient.java:onNext(255)) - client-8DB4338F17D0->b5da6a4a-1459-46a4-9479-d2035163dbe2: receive RaftClientReply:client-8DB4338F17D0->b5da6a4a-1459-46a4-9479-d2035163dbe2@group-4A9565783204, cid=3402, SUCCESS, logIndex=5148, commits[b5da6a4a-1459-46a4-9479-d2035163dbe2:c5148, 69c25b61-d669-4f17-b36d-41bca3df1f31:c5144, d2a7b1fa-fac6-4c6f-8c6d-9ac7414c70c3:c5144]
2019-07-14 04:24:00,052 INFO  client.GrpcClientProtocolClient (GrpcClientProtocolClient.java:onNext(255)) - client-8DB4338F17D0->b5da6a4a-1459-46a4-9479-d2035163dbe2: receive RaftClientReply:client-8DB4338F17D0->b5da6a4a-1459-46a4-9479-d2035163dbe2@group-4A9565783204, cid=3403, SUCCESS, logIndex=0, commits[b5da6a4a-1459-46a4-9479-d2035163dbe2:c5150, 69c25b61-d669-4f17-b36d-41bca3df1f31:c5146, d2a7b1fa-fac6-4c6f-8c6d-9ac7414c70c3:c5146]
2019-07-14 04:24:00,065 INFO  client.GrpcClientProtocolClient (GrpcClientProtocolClient.java:onNext(255)) - client-8DB4338F17D0->b5da6a4a-1459-46a4-9479-d2035163dbe2: receive RaftClientReply:client-8DB4338F17D0->b5da6a4a-1459-46a4-9479-d2035163dbe2@group-4A9565783204, cid=3404, SUCCESS, logIndex=5153, commits[b5da6a4a-1459-46a4-9479-d2035163dbe2:c5154, 69c25b61-d669-4f17-b36d-41bca3df1f31:c5152, d2a7b1fa-fac6-4c6f-8c6d-9ac7414c70c3:c5148]
2019-07-14 04:24:00,065 INFO  client.GrpcClientProtocolClient (GrpcClientProtocolClient.java:onNext(255)) - client-8DB4338F17D0->b5da6a4a-1459-46a4-9479-d2035163dbe2: receive RaftClientReply:client-8DB4338F17D0->b5da6a4a-1459-46a4-9479-d2035163dbe2@group-4A9565783204, cid=3405, SUCCESS, logIndex=5154, commits[b5da6a4a-1459-46a4-9479-d2035163dbe2:c5154, 69c25b61-d669-4f17-b36d-41bca3df1f31:c5152, d2a7b1fa-fac6-4c6f-8c6d-9ac7414c70c3:c5152]
2019-07-14 04:24:00,081 INFO  client.GrpcClientProtocolClient (GrpcClientProtocolClient.java:onNext(255)) - client-8DB4338F17D0->b5da6a4a-1459-46a4-9479-d2035163dbe2: receive RaftClientReply:client-8DB4338F17D0->b5da6a4a-1459-46a4-9479-d2035163dbe2@group-4A9565783204, cid=3406, SUCCESS, logIndex=5157, commits[b5da6a4a-1459-46a4-9479-d2035163dbe2:c5158, 69c25b61-d669-4f17-b36d-41bca3df1f31:c5156, d2a7b1fa-fac6-4c6f-8c6d-9ac7414c70c3:c5156]
2019-07-14 04:24:00,081 INFO  client.GrpcClientProtocolClient (GrpcClientProtocolClient.java:onNext(255)) - client-8DB4338F17D0->b5da6a4a-1459-46a4-9479-d2035163dbe2: receive RaftClientReply:client-8DB4338F17D0->b5da6a4a-1459-46a4-9479-d2035163dbe2@group-4A9565783204, cid=3407, SUCCESS, logIndex=5158, commits[b5da6a4a-1459-46a4-9479-d2035163dbe2:c5158, 69c25b61-d669-4f17-b36d-41bca3df1f31:c5156, d2a7b1fa-fac6-4c6f-8c6d-9ac7414c70c3:c5156]
2019-07-14 04:24:00,095 INFO  client.GrpcClientProtocolClient (GrpcClientProtocolClient.java:onNext(255)) - client-8DB4338F17D0->b5da6a4a-1459-46a4-9479-d2035163dbe2: receive RaftClientReply:client-8DB4338F17D0->b5da6a4a-1459-46a4-9479-d2035163dbe2@group-4A9565783204, cid=3408, SUCCESS, logIndex=0, commits[b5da6a4a-1459-46a4-9479-d2035163dbe2:c5159, 69c25b61-d669-4f17-b36d-41bca3df1f31:c5158, d2a7b1fa-fac6-4c6f-8c6d-9ac7414c70c3:c5158]
2019-07-14 04:24:00,129 INFO  client.GrpcClientProtocolClient (GrpcClientProtocolClient.java:onNext(255)) - client-8DB4338F17D0->b5da6a4a-1459-46a4-9479-d2035163dbe2: receive RaftClientReply:client-8DB4338F17D0->b5da6a4a-1459-46a4-9479-d2035163dbe2@group-4A9565783204, cid=3409, SUCCESS, logIndex=5161, commits[b5da6a4a-1459-46a4-9479-d2035163dbe2:c5162, 69c25b61-d669-4f17-b36d-41bca3df1f31:c5160, d2a7b1fa-fac6-4c6f-8c6d-9ac7414c70c3:c5160]
2019-07-14 04:24:00,130 INFO  client.GrpcClientProtocolClient (GrpcClientProtocolClient.java:onNext(255)) - client-8DB4338F17D0->b5da6a4a-1459-46a4-9479-d2035163dbe2: receive RaftClientReply:client-8DB4338F17D0->b5da6a4a-1459-46a4-9479-d2035163dbe2@group-4A9565783204, cid=3410, SUCCESS, logIndex=5162, commits[b5da6a4a-1459-46a4-9479-d2035163dbe2:c5162, 69c25b61-d669-4f17-b36d-41bca3df1f31:c5160, d2a7b1fa-fac6-4c6f-8c6d-9ac7414c70c3:c5160]
2019-07-14 04:24:00,130 INFO  client.GrpcClientProtocolClient (GrpcClientProtocolClient.java:onNext(255)) - client-8DB4338F17D0->b5da6a4a-1459-46a4-9479-d2035163dbe2: receive RaftClientReply:client-8DB4338F17D0->b5da6a4a-1459-46a4-9479-d2035163dbe2@group-4A9565783204, cid=3411, SUCCESS, logIndex=5163, commits[b5da6a4a-1459-46a4-9479-d2035163dbe2:c5164, 69c25b61-d669-4f17-b36d-41bca3df1f31:c5160, d2a7b1fa-fac6-4c6f-8c6d-9ac7414c70c3:c5160]
2019-07-14 04:24:00,131 INFO  client.GrpcClientProtocolClient (GrpcClientProtocolClient.java:onNext(255)) - client-8DB4338F17D0->b5da6a4a-1459-46a4-9479-d2035163dbe2: receive RaftClientReply:client-8DB4338F17D0->b5da6a4a-1459-46a4-9479-d2035163dbe2@group-4A9565783204, cid=3412, SUCCESS, logIndex=5164, commits[b5da6a4a-1459-46a4-9479-d2035163dbe2:c5164, 69c25b61-d669-4f17-b36d-41bca3df1f31:c5160, d2a7b1fa-fac6-4c6f-8c6d-9ac7414c70c3:c5160]
2019-07-14 04:24:00,136 INFO  client.GrpcClientProtocolClient (GrpcClientProtocolClient.java:onNext(255)) - client-8DB4338F17D0->b5da6a4a-1459-46a4-9479-d2035163dbe2: receive RaftClientReply:client-8DB4338F17D0->b5da6a4a-1459-46a4-9479-d2035163dbe2@group-4A9565783204, cid=3413, SUCCESS, logIndex=0, commits[b5da6a4a-1459-46a4-9479-d2035163dbe2:c5167, 69c25b61-d669-4f17-b36d-41bca3df1f31:c5162, d2a7b1fa-fac6-4c6f-8c6d-9ac7414c70c3:c5164]
2019-07-14 04:24:00,156 INFO  client.GrpcClientProtocolClient (GrpcClientProtocolClient.java:onNext(255)) - client-8DB4338F17D0->b5da6a4a-1459-46a4-9479-d2035163dbe2: receive RaftClientReply:client-8DB4338F17D0->b5da6a4a-1459-46a4-9479-d2035163dbe2@group-4A9565783204, cid=3414, SUCCESS, logIndex=5169, commits[b5da6a4a-1459-46a4-9479-d2035163dbe2:c5170, 69c25b61-d669-4f17-b36d-41bca3df1f31:c5168, d2a7b1fa-fac6-4c6f-8c6d-9ac7414c70c3:c5168]
2019-07-14 04:24:00,156 INFO  client.GrpcClientProtocolClient (GrpcClientProtocolClient.java:onNext(255)) - client-8DB4338F17D0->b5da6a4a-1459-46a4-9479-d2035163dbe2: receive RaftClientReply:client-8DB4338F17D0->b5da6a4a-1459-46a4-9479-d2035163dbe2@group-4A9565783204, cid=3415, SUCCESS, logIndex=5170, commits[b5da6a4a-1459-46a4-9479-d2035163dbe2:c5170, 69c25b61-d669-4f17-b36d-41bca3df1f31:c5168, d2a7b1fa-fac6-4c6f-8c6d-9ac7414c70c3:c5168]
2019-07-14 04:24:00,175 INFO  client.GrpcClientProtocolClient (GrpcClientProtocolClient.java:onNext(255)) - client-8DB4338F17D0->b5da6a4a-1459-46a4-9479-d2035163dbe2: receive RaftClientReply:client-8DB4338F17D0->b5da6a4a-1459-46a4-9479-d2035163dbe2@group-4A9565783204, cid=3416, SUCCESS, logIndex=5173, commits[b5da6a4a-1459-46a4-9479-d2035163dbe2:c5174, 69c25b61-d669-4f17-b36d-41bca3df1f31:c5171, d2a7b1fa-fac6-4c6f-8c6d-9ac7414c70c3:c5171]
2019-07-14 04:24:00,175 INFO  client.GrpcClientProtocolClient (GrpcClientProtocolClient.java:onNext(255)) - client-8DB4338F17D0->b5da6a4a-1459-46a4-9479-d2035163dbe2: receive RaftClientReply:client-8DB4338F17D0->b5da6a4a-1459-46a4-9479-d2035163dbe2@group-4A9565783204, cid=3417, SUCCESS, logIndex=5174, commits[b5da6a4a-1459-46a4-9479-d2035163dbe2:c5174, 69c25b61-d669-4f17-b36d-41bca3df1f31:c5171, d2a7b1fa-fac6-4c6f-8c6d-9ac7414c70c3:c5171]
2019-07-14 04:24:00,182 INFO  client.GrpcClientProtocolClient (GrpcClientProtocolClient.java:onNext(255)) - client-8DB4338F17D0->b5da6a4a-1459-46a4-9479-d2035163dbe2: receive RaftClientReply:client-8DB4338F17D0->b5da6a4a-1459-46a4-9479-d2035163dbe2@group-4A9565783204, cid=3418, SUCCESS, logIndex=0, commits[b5da6a4a-1459-46a4-9479-d2035163dbe2:c5175, 69c25b61-d669-4f17-b36d-41bca3df1f31:c5174, d2a7b1fa-fac6-4c6f-8c6d-9ac7414c70c3:c5174]
2019-07-14 04:24:00,224 INFO  client.GrpcClientProtocolClient (GrpcClientProtocolClient.java:onNext(255)) - client-8DB4338F17D0->b5da6a4a-1459-46a4-9479-d2035163dbe2: receive RaftClientReply:client-8DB4338F17D0->b5da6a4a-1459-46a4-9479-d2035163dbe2@group-4A9565783204, cid=3419, SUCCESS, logIndex=5177, commits[b5da6a4a-1459-46a4-9479-d2035163dbe2:c5178, 69c25b61-d669-4f17-b36d-41bca3df1f31:c5176, d2a7b1fa-fac6-4c6f-8c6d-9ac7414c70c3:c5176]
2019-07-14 04:24:00,225 INFO  client.GrpcClientProtocolClient (GrpcClientProtocolClient.java:onNext(255)) - client-8DB4338F17D0->b5da6a4a-1459-46a4-9479-d2035163dbe2: receive RaftClientReply:client-8DB4338F17D0->b5da6a4a-1459-46a4-9479-d2035163dbe2@group-4A9565783204, cid=3420, SUCCESS, logIndex=5178, commits[b5da6a4a-1459-46a4-9479-d2035163dbe2:c5179, 69c25b61-d669-4f17-b36d-41bca3df1f31:c5176, d2a7b1fa-fac6-4c6f-8c6d-9ac7414c70c3:c5176]
2019-07-14 04:24:00,225 INFO  client.GrpcClientProtocolClient (GrpcClientProtocolClient.java:onNext(255)) - client-8DB4338F17D0->b5da6a4a-1459-46a4-9479-d2035163dbe2: receive RaftClientReply:client-8DB4338F17D0->b5da6a4a-1459-46a4-9479-d2035163dbe2@group-4A9565783204, cid=3421, SUCCESS, logIndex=5179, commits[b5da6a4a-1459-46a4-9479-d2035163dbe2:c5180, 69c25b61-d669-4f17-b36d-41bca3df1f31:c5176, d2a7b1fa-fac6-4c6f-8c6d-9ac7414c70c3:c5176]
2019-07-14 04:24:00,225 INFO  client.GrpcClientProtocolClient (GrpcClientProtocolClient.java:onNext(255)) - client-8DB4338F17D0->b5da6a4a-1459-46a4-9479-d2035163dbe2: receive RaftClientReply:client-8DB4338F17D0->b5da6a4a-1459-46a4-9479-d2035163dbe2@group-4A9565783204, cid=3422, SUCCESS, logIndex=5180, commits[b5da6a4a-1459-46a4-9479-d2035163dbe2:c5180, 69c25b61-d669-4f17-b36d-41bca3df1f31:c5176, d2a7b1fa-fac6-4c6f-8c6d-9ac7414c70c3:c5176]
2019-07-14 04:24:00,239 INFO  client.GrpcClientProtocolClient (GrpcClientProtocolClient.java:onNext(255)) - client-8DB4338F17D0->b5da6a4a-1459-46a4-9479-d2035163dbe2: receive RaftClientReply:client-8DB4338F17D0->b5da6a4a-1459-46a4-9479-d2035163dbe2@group-4A9565783204, cid=3423, SUCCESS, logIndex=0, commits[b5da6a4a-1459-46a4-9479-d2035163dbe2:c5182, 69c25b61-d669-4f17-b36d-41bca3df1f31:c5179, d2a7b1fa-fac6-4c6f-8c6d-9ac7414c70c3:c5178]
 0.00% |█                                                                                                    |  0/1 Time: 0:00:252019-07-14 04:24:00,259 INFO  client.GrpcClientProtocolClient (GrpcClientProtocolClient.java:onNext(255)) - client-8DB4338F17D0->b5da6a4a-1459-46a4-9479-d2035163dbe2: receive RaftClientReply:client-8DB4338F17D0->b5da6a4a-1459-46a4-9479-d2035163dbe2@group-4A9565783204, cid=3424, SUCCESS, logIndex=5185, commits[b5da6a4a-1459-46a4-9479-d2035163dbe2:c5186, 69c25b61-d669-4f17-b36d-41bca3df1f31:c5184, d2a7b1fa-fac6-4c6f-8c6d-9ac7414c70c3:c5184]
2019-07-14 04:24:00,259 INFO  client.GrpcClientProtocolClient (GrpcClientProtocolClient.java:onNext(255)) - client-8DB4338F17D0->b5da6a4a-1459-46a4-9479-d2035163dbe2: receive RaftClientReply:client-8DB4338F17D0->b5da6a4a-1459-46a4-9479-d2035163dbe2@group-4A9565783204, cid=3425, SUCCESS, logIndex=5186, commits[b5da6a4a-1459-46a4-9479-d2035163dbe2:c5186, 69c25b61-d669-4f17-b36d-41bca3df1f31:c5184, d2a7b1fa-fac6-4c6f-8c6d-9ac7414c70c3:c5184]
2019-07-14 04:24:00,395 INFO  client.GrpcClientProtocolClient (GrpcClientProtocolClient.java:onNext(255)) - client-8DB4338F17D0->b5da6a4a-1459-46a4-9479-d2035163dbe2: receive RaftClientReply:client-8DB4338F17D0->b5da6a4a-1459-46a4-9479-d2035163dbe2@group-4A9565783204, cid=3426, SUCCESS, logIndex=5189, commits[b5da6a4a-1459-46a4-9479-d2035163dbe2:c5190, 69c25b61-d669-4f17-b36d-41bca3df1f31:c5188, d2a7b1fa-fac6-4c6f-8c6d-9ac7414c70c3:c5188]
2019-07-14 04:24:00,395 INFO  client.GrpcClientProtocolClient (GrpcClientProtocolClient.java:onNext(255)) - client-8DB4338F17D0->b5da6a4a-1459-46a4-9479-d2035163dbe2: receive RaftClientReply:client-8DB4338F17D0->b5da6a4a-1459-46a4-9479-d2035163dbe2@group-4A9565783204, cid=3427, SUCCESS, logIndex=5190, commits[b5da6a4a-1459-46a4-9479-d2035163dbe2:c5190, 69c25b61-d669-4f17-b36d-41bca3df1f31:c5188, d2a7b1fa-fac6-4c6f-8c6d-9ac7414c70c3:c5188]
2019-07-14 04:24:00,409 INFO  client.GrpcClientProtocolClient (GrpcClientProtocolClient.java:onNext(255)) - client-8DB4338F17D0->b5da6a4a-1459-46a4-9479-d2035163dbe2: receive RaftClientReply:client-8DB4338F17D0->b5da6a4a-1459-46a4-9479-d2035163dbe2@group-4A9565783204, cid=3428, SUCCESS, logIndex=0, commits[b5da6a4a-1459-46a4-9479-d2035163dbe2:c5192, 69c25b61-d669-4f17-b36d-41bca3df1f31:c5190, d2a7b1fa-fac6-4c6f-8c6d-9ac7414c70c3:c5190]
2019-07-14 04:24:00,444 INFO  client.GrpcClientProtocolClient (GrpcClientProtocolClient.java:onNext(255)) - client-8DB4338F17D0->b5da6a4a-1459-46a4-9479-d2035163dbe2: receive RaftClientReply:client-8DB4338F17D0->b5da6a4a-1459-46a4-9479-d2035163dbe2@group-4A9565783204, cid=3429, SUCCESS, logIndex=5193, commits[b5da6a4a-1459-46a4-9479-d2035163dbe2:c5194, 69c25b61-d669-4f17-b36d-41bca3df1f31:c5192, d2a7b1fa-fac6-4c6f-8c6d-9ac7414c70c3:c5192]
2019-07-14 04:24:00,445 INFO  client.GrpcClientProtocolClient (GrpcClientProtocolClient.java:onNext(255)) - client-8DB4338F17D0->b5da6a4a-1459-46a4-9479-d2035163dbe2: receive RaftClientReply:client-8DB4338F17D0->b5da6a4a-1459-46a4-9479-d2035163dbe2@group-4A9565783204, cid=3430, SUCCESS, logIndex=5194, commits[b5da6a4a-1459-46a4-9479-d2035163dbe2:c5194, 69c25b61-d669-4f17-b36d-41bca3df1f31:c5192, d2a7b1fa-fac6-4c6f-8c6d-9ac7414c70c3:c5192]
2019-07-14 04:24:00,445 INFO  client.GrpcClientProtocolClient (GrpcClientProtocolClient.java:onNext(255)) - client-8DB4338F17D0->b5da6a4a-1459-46a4-9479-d2035163dbe2: receive RaftClientReply:client-8DB4338F17D0->b5da6a4a-1459-46a4-9479-d2035163dbe2@group-4A9565783204, cid=3431, SUCCESS, logIndex=5195, commits[b5da6a4a-1459-46a4-9479-d2035163dbe2:c5196, 69c25b61-d669-4f17-b36d-41bca3df1f31:c5192, d2a7b1fa-fac6-4c6f-8c6d-9ac7414c70c3:c5192]
2019-07-14 04:24:00,446 INFO  client.GrpcClientProtocolClient (GrpcClientProtocolClient.java:onNext(255)) - client-8DB4338F17D0->b5da6a4a-1459-46a4-9479-d2035163dbe2: receive RaftClientReply:client-8DB4338F17D0->b5da6a4a-1459-46a4-9479-d2035163dbe2@group-4A9565783204, cid=3432, SUCCESS, logIndex=5196, commits[b5da6a4a-1459-46a4-9479-d2035163dbe2:c5196, 69c25b61-d669-4f17-b36d-41bca3df1f31:c5192, d2a7b1fa-fac6-4c6f-8c6d-9ac7414c70c3:c5192]
2019-07-14 04:24:00,447 INFO  client.GrpcClientProtocolClient (GrpcClientProtocolClient.java:onNext(255)) - client-8DB4338F17D0->b5da6a4a-1459-46a4-9479-d2035163dbe2: receive RaftClientReply:client-8DB4338F17D0->b5da6a4a-1459-46a4-9479-d2035163dbe2@group-4A9565783204, cid=3433, SUCCESS, logIndex=0, commits[b5da6a4a-1459-46a4-9479-d2035163dbe2:c5198, 69c25b61-d669-4f17-b36d-41bca3df1f31:c5194, d2a7b1fa-fac6-4c6f-8c6d-9ac7414c70c3:c5194]
2019-07-14 04:24:00,467 INFO  client.GrpcClientProtocolClient (GrpcClientProtocolClient.java:onNext(255)) - client-8DB4338F17D0->b5da6a4a-1459-46a4-9479-d2035163dbe2: receive RaftClientReply:client-8DB4338F17D0->b5da6a4a-1459-46a4-9479-d2035163dbe2@group-4A9565783204, cid=3434, SUCCESS, logIndex=5201, commits[b5da6a4a-1459-46a4-9479-d2035163dbe2:c5202, 69c25b61-d669-4f17-b36d-41bca3df1f31:c5200, d2a7b1fa-fac6-4c6f-8c6d-9ac7414c70c3:c5200]
2019-07-14 04:24:00,468 INFO  client.GrpcClientProtocolClient (GrpcClientProtocolClient.java:onNext(255)) - client-8DB4338F17D0->b5da6a4a-1459-46a4-9479-d2035163dbe2: receive RaftClientReply:client-8DB4338F17D0->b5da6a4a-1459-46a4-9479-d2035163dbe2@group-4A9565783204, cid=3435, SUCCESS, logIndex=5202, commits[b5da6a4a-1459-46a4-9479-d2035163dbe2:c5202, 69c25b61-d669-4f17-b36d-41bca3df1f31:c5200, d2a7b1fa-fac6-4c6f-8c6d-9ac7414c70c3:c5200]
2019-07-14 04:24:00,481 INFO  client.GrpcClientProtocolClient (GrpcClientProtocolClient.java:onNext(255)) - client-8DB4338F17D0->b5da6a4a-1459-46a4-9479-d2035163dbe2: receive RaftClientReply:client-8DB4338F17D0->b5da6a4a-1459-46a4-9479-d2035163dbe2@group-4A9565783204, cid=3436, SUCCESS, logIndex=5205, commits[b5da6a4a-1459-46a4-9479-d2035163dbe2:c5206, 69c25b61-d669-4f17-b36d-41bca3df1f31:c5201, d2a7b1fa-fac6-4c6f-8c6d-9ac7414c70c3:c5202]
2019-07-14 04:24:00,482 INFO  client.GrpcClientProtocolClient (GrpcClientProtocolClient.java:onNext(255)) - client-8DB4338F17D0->b5da6a4a-1459-46a4-9479-d2035163dbe2: receive RaftClientReply:client-8DB4338F17D0->b5da6a4a-1459-46a4-9479-d2035163dbe2@group-4A9565783204, cid=3437, SUCCESS, logIndex=5206, commits[b5da6a4a-1459-46a4-9479-d2035163dbe2:c5206, 69c25b61-d669-4f17-b36d-41bca3df1f31:c5201, d2a7b1fa-fac6-4c6f-8c6d-9ac7414c70c3:c5202]
2019-07-14 04:24:00,483 INFO  client.GrpcClientProtocolClient (GrpcClientProtocolClient.java:onNext(255)) - client-8DB4338F17D0->b5da6a4a-1459-46a4-9479-d2035163dbe2: receive RaftClientReply:client-8DB4338F17D0->b5da6a4a-1459-46a4-9479-d2035163dbe2@group-4A9565783204, cid=3438, SUCCESS, logIndex=0, commits[b5da6a4a-1459-46a4-9479-d2035163dbe2:c5206, 69c25b61-d669-4f17-b36d-41bca3df1f31:c5202, d2a7b1fa-fac6-4c6f-8c6d-9ac7414c70c3:c5202]
2019-07-14 04:24:00,485 INFO  client.GrpcClientProtocolClient (GrpcClientProtocolClient.java:onNext(255)) - client-8DB4338F17D0->b5da6a4a-1459-46a4-9479-d2035163dbe2: receive RaftClientReply:client-8DB4338F17D0->b5da6a4a-1459-46a4-9479-d2035163dbe2@group-4A9565783204, cid=3439, SUCCESS, logIndex=0, commits[b5da6a4a-1459-46a4-9479-d2035163dbe2:c5208, 69c25b61-d669-4f17-b36d-41bca3df1f31:c5206, d2a7b1fa-fac6-4c6f-8c6d-9ac7414c70c3:c5206]
2019-07-14 04:24:00,511 INFO  client.GrpcClientProtocolClient (GrpcClientProtocolClient.java:onNext(255)) - client-8DB4338F17D0->b5da6a4a-1459-46a4-9479-d2035163dbe2: receive RaftClientReply:client-8DB4338F17D0->b5da6a4a-1459-46a4-9479-d2035163dbe2@group-4A9565783204, cid=3440, SUCCESS, logIndex=5209, commits[b5da6a4a-1459-46a4-9479-d2035163dbe2:c5210, 69c25b61-d669-4f17-b36d-41bca3df1f31:c5208, d2a7b1fa-fac6-4c6f-8c6d-9ac7414c70c3:c5208]
2019-07-14 04:24:00,512 INFO  client.GrpcClientProtocolClient (GrpcClientProtocolClient.java:onNext(255)) - client-8DB4338F17D0->b5da6a4a-1459-46a4-9479-d2035163dbe2: receive RaftClientReply:client-8DB4338F17D0->b5da6a4a-1459-46a4-9479-d2035163dbe2@group-4A9565783204, cid=3441, SUCCESS, logIndex=5210, commits[b5da6a4a-1459-46a4-9479-d2035163dbe2:c5210, 69c25b61-d669-4f17-b36d-41bca3df1f31:c5208, d2a7b1fa-fac6-4c6f-8c6d-9ac7414c70c3:c5208]
2019-07-14 04:24:00,514 INFO  client.GrpcClientProtocolClient (GrpcClientProtocolClient.java:onNext(255)) - client-8DB4338F17D0->b5da6a4a-1459-46a4-9479-d2035163dbe2: receive RaftClientReply:client-8DB4338F17D0->b5da6a4a-1459-46a4-9479-d2035163dbe2@group-4A9565783204, cid=3442, SUCCESS, logIndex=5211, commits[b5da6a4a-1459-46a4-9479-d2035163dbe2:c5214, 69c25b61-d669-4f17-b36d-41bca3df1f31:c5210, d2a7b1fa-fac6-4c6f-8c6d-9ac7414c70c3:c5208]
2019-07-14 04:24:00,515 INFO  client.GrpcClientProtocolClient (GrpcClientProtocolClient.java:onNext(255)) - client-8DB4338F17D0->b5da6a4a-1459-46a4-9479-d2035163dbe2: receive RaftClientReply:client-8DB4338F17D0->b5da6a4a-1459-46a4-9479-d2035163dbe2@group-4A9565783204, cid=3443, SUCCESS, logIndex=5212, commits[b5da6a4a-1459-46a4-9479-d2035163dbe2:c5214, 69c25b61-d669-4f17-b36d-41bca3df1f31:c5210, d2a7b1fa-fac6-4c6f-8c6d-9ac7414c70c3:c5208]
2019-07-14 04:24:00,516 INFO  client.GrpcClientProtocolClient (GrpcClientProtocolClient.java:onNext(255)) - client-8DB4338F17D0->b5da6a4a-1459-46a4-9479-d2035163dbe2: receive RaftClientReply:client-8DB4338F17D0->b5da6a4a-1459-46a4-9479-d2035163dbe2@group-4A9565783204, cid=3444, SUCCESS, logIndex=0, commits[b5da6a4a-1459-46a4-9479-d2035163dbe2:c5214, 69c25b61-d669-4f17-b36d-41bca3df1f31:c5210, d2a7b1fa-fac6-4c6f-8c6d-9ac7414c70c3:c5210]
2019-07-14 04:24:00,528 INFO  client.GrpcClientProtocolClient (GrpcClientProtocolClient.java:onNext(255)) - client-8DB4338F17D0->b5da6a4a-1459-46a4-9479-d2035163dbe2: receive RaftClientReply:client-8DB4338F17D0->b5da6a4a-1459-46a4-9479-d2035163dbe2@group-4A9565783204, cid=3445, SUCCESS, logIndex=5217, commits[b5da6a4a-1459-46a4-9479-d2035163dbe2:c5218, 69c25b61-d669-4f17-b36d-41bca3df1f31:c5216, d2a7b1fa-fac6-4c6f-8c6d-9ac7414c70c3:c5216]
2019-07-14 04:24:00,529 INFO  client.GrpcClientProtocolClient (GrpcClientProtocolClient.java:onNext(255)) - client-8DB4338F17D0->b5da6a4a-1459-46a4-9479-d2035163dbe2: receive RaftClientReply:client-8DB4338F17D0->b5da6a4a-1459-46a4-9479-d2035163dbe2@group-4A9565783204, cid=3446, SUCCESS, logIndex=5218, commits[b5da6a4a-1459-46a4-9479-d2035163dbe2:c5218, 69c25b61-d669-4f17-b36d-41bca3df1f31:c5216, d2a7b1fa-fac6-4c6f-8c6d-9ac7414c70c3:c5216]
2019-07-14 04:24:00,540 INFO  client.GrpcClientProtocolClient (GrpcClientProtocolClient.java:onNext(255)) - client-8DB4338F17D0->b5da6a4a-1459-46a4-9479-d2035163dbe2: receive RaftClientReply:client-8DB4338F17D0->b5da6a4a-1459-46a4-9479-d2035163dbe2@group-4A9565783204, cid=3447, SUCCESS, logIndex=5221, commits[b5da6a4a-1459-46a4-9479-d2035163dbe2:c5222, 69c25b61-d669-4f17-b36d-41bca3df1f31:c5220, d2a7b1fa-fac6-4c6f-8c6d-9ac7414c70c3:c5218]
2019-07-14 04:24:00,541 INFO  client.GrpcClientProtocolClient (GrpcClientProtocolClient.java:onNext(255)) - client-8DB4338F17D0->b5da6a4a-1459-46a4-9479-d2035163dbe2: receive RaftClientReply:client-8DB4338F17D0->b5da6a4a-1459-46a4-9479-d2035163dbe2@group-4A9565783204, cid=3448, SUCCESS, logIndex=5222, commits[b5da6a4a-1459-46a4-9479-d2035163dbe2:c5222, 69c25b61-d669-4f17-b36d-41bca3df1f31:c5220, d2a7b1fa-fac6-4c6f-8c6d-9ac7414c70c3:c5218]
2019-07-14 04:24:00,547 INFO  client.GrpcClientProtocolClient (GrpcClientProtocolClient.java:onNext(255)) - client-8DB4338F17D0->b5da6a4a-1459-46a4-9479-d2035163dbe2: receive RaftClientReply:client-8DB4338F17D0->b5da6a4a-1459-46a4-9479-d2035163dbe2@group-4A9565783204, cid=3449, SUCCESS, logIndex=0, commits[b5da6a4a-1459-46a4-9479-d2035163dbe2:c5224, 69c25b61-d669-4f17-b36d-41bca3df1f31:c5222, d2a7b1fa-fac6-4c6f-8c6d-9ac7414c70c3:c5222]
2019-07-14 04:24:00,583 INFO  client.GrpcClientProtocolClient (GrpcClientProtocolClient.java:onNext(255)) - client-8DB4338F17D0->b5da6a4a-1459-46a4-9479-d2035163dbe2: receive RaftClientReply:client-8DB4338F17D0->b5da6a4a-1459-46a4-9479-d2035163dbe2@group-4A9565783204, cid=3450, SUCCESS, logIndex=5225, commits[b5da6a4a-1459-46a4-9479-d2035163dbe2:c5226, 69c25b61-d669-4f17-b36d-41bca3df1f31:c5224, d2a7b1fa-fac6-4c6f-8c6d-9ac7414c70c3:c5224]
2019-07-14 04:24:00,583 INFO  client.GrpcClientProtocolClient (GrpcClientProtocolClient.java:onNext(255)) - client-8DB4338F17D0->b5da6a4a-1459-46a4-9479-d2035163dbe2: receive RaftClientReply:client-8DB4338F17D0->b5da6a4a-1459-46a4-9479-d2035163dbe2@group-4A9565783204, cid=3451, SUCCESS, logIndex=5226, commits[b5da6a4a-1459-46a4-9479-d2035163dbe2:c5226, 69c25b61-d669-4f17-b36d-41bca3df1f31:c5224, d2a7b1fa-fac6-4c6f-8c6d-9ac7414c70c3:c5224]
2019-07-14 04:24:00,584 INFO  client.GrpcClientProtocolClient (GrpcClientProtocolClient.java:onNext(255)) - client-8DB4338F17D0->b5da6a4a-1459-46a4-9479-d2035163dbe2: receive RaftClientReply:client-8DB4338F17D0->b5da6a4a-1459-46a4-9479-d2035163dbe2@group-4A9565783204, cid=3452, SUCCESS, logIndex=5227, commits[b5da6a4a-1459-46a4-9479-d2035163dbe2:c5227, 69c25b61-d669-4f17-b36d-41bca3df1f31:c5224, d2a7b1fa-fac6-4c6f-8c6d-9ac7414c70c3:c5224]
2019-07-14 04:24:00,585 INFO  client.GrpcClientProtocolClient (GrpcClientProtocolClient.java:onNext(255)) - client-8DB4338F17D0->b5da6a4a-1459-46a4-9479-d2035163dbe2: receive RaftClientReply:client-8DB4338F17D0->b5da6a4a-1459-46a4-9479-d2035163dbe2@group-4A9565783204, cid=3453, SUCCESS, logIndex=5228, commits[b5da6a4a-1459-46a4-9479-d2035163dbe2:c5228, 69c25b61-d669-4f17-b36d-41bca3df1f31:c5224, d2a7b1fa-fac6-4c6f-8c6d-9ac7414c70c3:c5224]
2019-07-14 04:24:00,585 INFO  client.GrpcClientProtocolClient (GrpcClientProtocolClient.java:onNext(255)) - client-8DB4338F17D0->b5da6a4a-1459-46a4-9479-d2035163dbe2: receive RaftClientReply:client-8DB4338F17D0->b5da6a4a-1459-46a4-9479-d2035163dbe2@group-4A9565783204, cid=3454, SUCCESS, logIndex=0, commits[b5da6a4a-1459-46a4-9479-d2035163dbe2:c5230, 69c25b61-d669-4f17-b36d-41bca3df1f31:c5226, d2a7b1fa-fac6-4c6f-8c6d-9ac7414c70c3:c5226]
2019-07-14 04:24:00,600 INFO  client.GrpcClientProtocolClient (GrpcClientProtocolClient.java:onNext(255)) - client-8DB4338F17D0->b5da6a4a-1459-46a4-9479-d2035163dbe2: receive RaftClientReply:client-8DB4338F17D0->b5da6a4a-1459-46a4-9479-d2035163dbe2@group-4A9565783204, cid=3455, SUCCESS, logIndex=5233, commits[b5da6a4a-1459-46a4-9479-d2035163dbe2:c5234, 69c25b61-d669-4f17-b36d-41bca3df1f31:c5232, d2a7b1fa-fac6-4c6f-8c6d-9ac7414c70c3:c5232]
2019-07-14 04:24:00,600 INFO  client.GrpcClientProtocolClient (GrpcClientProtocolClient.java:onNext(255)) - client-8DB4338F17D0->b5da6a4a-1459-46a4-9479-d2035163dbe2: receive RaftClientReply:client-8DB4338F17D0->b5da6a4a-1459-46a4-9479-d2035163dbe2@group-4A9565783204, cid=3456, SUCCESS, logIndex=5234, commits[b5da6a4a-1459-46a4-9479-d2035163dbe2:c5234, 69c25b61-d669-4f17-b36d-41bca3df1f31:c5232, d2a7b1fa-fac6-4c6f-8c6d-9ac7414c70c3:c5232]
2019-07-14 04:24:00,615 INFO  client.GrpcClientProtocolClient (GrpcClientProtocolClient.java:onNext(255)) - client-8DB4338F17D0->b5da6a4a-1459-46a4-9479-d2035163dbe2: receive RaftClientReply:client-8DB4338F17D0->b5da6a4a-1459-46a4-9479-d2035163dbe2@group-4A9565783204, cid=3457, SUCCESS, logIndex=5237, commits[b5da6a4a-1459-46a4-9479-d2035163dbe2:c5238, 69c25b61-d669-4f17-b36d-41bca3df1f31:c5234, d2a7b1fa-fac6-4c6f-8c6d-9ac7414c70c3:c5235]
2019-07-14 04:24:00,615 INFO  client.GrpcClientProtocolClient (GrpcClientProtocolClient.java:onNext(255)) - client-8DB4338F17D0->b5da6a4a-1459-46a4-9479-d2035163dbe2: receive RaftClientReply:client-8DB4338F17D0->b5da6a4a-1459-46a4-9479-d2035163dbe2@group-4A9565783204, cid=3458, SUCCESS, logIndex=5238, commits[b5da6a4a-1459-46a4-9479-d2035163dbe2:c5238, 69c25b61-d669-4f17-b36d-41bca3df1f31:c5235, d2a7b1fa-fac6-4c6f-8c6d-9ac7414c70c3:c5235]
2019-07-14 04:24:00,629 INFO  client.GrpcClientProtocolClient (GrpcClientProtocolClient.java:onNext(255)) - client-8DB4338F17D0->b5da6a4a-1459-46a4-9479-d2035163dbe2: receive RaftClientReply:client-8DB4338F17D0->b5da6a4a-1459-46a4-9479-d2035163dbe2@group-4A9565783204, cid=3459, SUCCESS, logIndex=0, commits[b5da6a4a-1459-46a4-9479-d2035163dbe2:c5240, 69c25b61-d669-4f17-b36d-41bca3df1f31:c5238, d2a7b1fa-fac6-4c6f-8c6d-9ac7414c70c3:c5238]
2019-07-14 04:24:00,653 INFO  client.GrpcClientProtocolClient (GrpcClientProtocolClient.java:onNext(255)) - client-8DB4338F17D0->b5da6a4a-1459-46a4-9479-d2035163dbe2: receive RaftClientReply:client-8DB4338F17D0->b5da6a4a-1459-46a4-9479-d2035163dbe2@group-4A9565783204, cid=3460, SUCCESS, logIndex=5241, commits[b5da6a4a-1459-46a4-9479-d2035163dbe2:c5242, 69c25b61-d669-4f17-b36d-41bca3df1f31:c5238, d2a7b1fa-fac6-4c6f-8c6d-9ac7414c70c3:c5240]
2019-07-14 04:24:00,654 INFO  client.GrpcClientProtocolClient (GrpcClientProtocolClient.java:onNext(255)) - client-8DB4338F17D0->b5da6a4a-1459-46a4-9479-d2035163dbe2: receive RaftClientReply:client-8DB4338F17D0->b5da6a4a-1459-46a4-9479-d2035163dbe2@group-4A9565783204, cid=3461, SUCCESS, logIndex=5242, commits[b5da6a4a-1459-46a4-9479-d2035163dbe2:c5242, 69c25b61-d669-4f17-b36d-41bca3df1f31:c5238, d2a7b1fa-fac6-4c6f-8c6d-9ac7414c70c3:c5240]
2019-07-14 04:24:00,655 INFO  client.GrpcClientProtocolClient (GrpcClientProtocolClient.java:onNext(255)) - client-8DB4338F17D0->b5da6a4a-1459-46a4-9479-d2035163dbe2: receive RaftClientReply:client-8DB4338F17D0->b5da6a4a-1459-46a4-9479-d2035163dbe2@group-4A9565783204, cid=3462, SUCCESS, logIndex=5243, commits[b5da6a4a-1459-46a4-9479-d2035163dbe2:c5244, 69c25b61-d669-4f17-b36d-41bca3df1f31:c5240, d2a7b1fa-fac6-4c6f-8c6d-9ac7414c70c3:c5240]
2019-07-14 04:24:00,656 INFO  client.GrpcClientProtocolClient (GrpcClientProtocolClient.java:onNext(255)) - client-8DB4338F17D0->b5da6a4a-1459-46a4-9479-d2035163dbe2: receive RaftClientReply:client-8DB4338F17D0->b5da6a4a-1459-46a4-9479-d2035163dbe2@group-4A9565783204, cid=3463, SUCCESS, logIndex=5244, commits[b5da6a4a-1459-46a4-9479-d2035163dbe2:c5244, 69c25b61-d669-4f17-b36d-41bca3df1f31:c5240, d2a7b1fa-fac6-4c6f-8c6d-9ac7414c70c3:c5240]
2019-07-14 04:24:00,657 INFO  client.GrpcClientProtocolClient (GrpcClientProtocolClient.java:onNext(255)) - client-8DB4338F17D0->b5da6a4a-1459-46a4-9479-d2035163dbe2: receive RaftClientReply:client-8DB4338F17D0->b5da6a4a-1459-46a4-9479-d2035163dbe2@group-4A9565783204, cid=3464, SUCCESS, logIndex=0, commits[b5da6a4a-1459-46a4-9479-d2035163dbe2:c5247, 69c25b61-d669-4f17-b36d-41bca3df1f31:c5242, d2a7b1fa-fac6-4c6f-8c6d-9ac7414c70c3:c5243]
2019-07-14 04:24:00,669 INFO  client.GrpcClientProtocolClient (GrpcClientProtocolClient.java:onNext(255)) - client-8DB4338F17D0->b5da6a4a-1459-46a4-9479-d2035163dbe2: receive RaftClientReply:client-8DB4338F17D0->b5da6a4a-1459-46a4-9479-d2035163dbe2@group-4A9565783204, cid=3465, SUCCESS, logIndex=5249, commits[b5da6a4a-1459-46a4-9479-d2035163dbe2:c5250, 69c25b61-d669-4f17-b36d-41bca3df1f31:c5248, d2a7b1fa-fac6-4c6f-8c6d-9ac7414c70c3:c5248]
2019-07-14 04:24:00,670 INFO  client.GrpcClientProtocolClient (GrpcClientProtocolClient.java:onNext(255)) - client-8DB4338F17D0->b5da6a4a-1459-46a4-9479-d2035163dbe2: receive RaftClientReply:client-8DB4338F17D0->b5da6a4a-1459-46a4-9479-d2035163dbe2@group-4A9565783204, cid=3466, SUCCESS, logIndex=5250, commits[b5da6a4a-1459-46a4-9479-d2035163dbe2:c5250, 69c25b61-d669-4f17-b36d-41bca3df1f31:c5248, d2a7b1fa-fac6-4c6f-8c6d-9ac7414c70c3:c5248]
2019-07-14 04:24:00,688 INFO  client.GrpcClientProtocolClient (GrpcClientProtocolClient.java:onNext(255)) - client-8DB4338F17D0->b5da6a4a-1459-46a4-9479-d2035163dbe2: receive RaftClientReply:client-8DB4338F17D0->b5da6a4a-1459-46a4-9479-d2035163dbe2@group-4A9565783204, cid=3467, SUCCESS, logIndex=5253, commits[b5da6a4a-1459-46a4-9479-d2035163dbe2:c5254, 69c25b61-d669-4f17-b36d-41bca3df1f31:c5252, d2a7b1fa-fac6-4c6f-8c6d-9ac7414c70c3:c5252]
2019-07-14 04:24:00,689 INFO  client.GrpcClientProtocolClient (GrpcClientProtocolClient.java:onNext(255)) - client-8DB4338F17D0->b5da6a4a-1459-46a4-9479-d2035163dbe2: receive RaftClientReply:client-8DB4338F17D0->b5da6a4a-1459-46a4-9479-d2035163dbe2@group-4A9565783204, cid=3468, SUCCESS, logIndex=5254, commits[b5da6a4a-1459-46a4-9479-d2035163dbe2:c5254, 69c25b61-d669-4f17-b36d-41bca3df1f31:c5252, d2a7b1fa-fac6-4c6f-8c6d-9ac7414c70c3:c5252]
2019-07-14 04:24:00,694 INFO  client.GrpcClientProtocolClient (GrpcClientProtocolClient.java:onNext(255)) - client-8DB4338F17D0->b5da6a4a-1459-46a4-9479-d2035163dbe2: receive RaftClientReply:client-8DB4338F17D0->b5da6a4a-1459-46a4-9479-d2035163dbe2@group-4A9565783204, cid=3469, SUCCESS, logIndex=0, commits[b5da6a4a-1459-46a4-9479-d2035163dbe2:c5256, 69c25b61-d669-4f17-b36d-41bca3df1f31:c5254, d2a7b1fa-fac6-4c6f-8c6d-9ac7414c70c3:c5254]
2019-07-14 04:24:00,724 INFO  client.GrpcClientProtocolClient (GrpcClientProtocolClient.java:onNext(255)) - client-8DB4338F17D0->b5da6a4a-1459-46a4-9479-d2035163dbe2: receive RaftClientReply:client-8DB4338F17D0->b5da6a4a-1459-46a4-9479-d2035163dbe2@group-4A9565783204, cid=3470, SUCCESS, logIndex=5257, commits[b5da6a4a-1459-46a4-9479-d2035163dbe2:c5258, 69c25b61-d669-4f17-b36d-41bca3df1f31:c5254, d2a7b1fa-fac6-4c6f-8c6d-9ac7414c70c3:c5256]
2019-07-14 04:24:00,724 INFO  client.GrpcClientProtocolClient (GrpcClientProtocolClient.java:onNext(255)) - client-8DB4338F17D0->b5da6a4a-1459-46a4-9479-d2035163dbe2: receive RaftClientReply:client-8DB4338F17D0->b5da6a4a-1459-46a4-9479-d2035163dbe2@group-4A9565783204, cid=3471, SUCCESS, logIndex=5258, commits[b5da6a4a-1459-46a4-9479-d2035163dbe2:c5258, 69c25b61-d669-4f17-b36d-41bca3df1f31:c5254, d2a7b1fa-fac6-4c6f-8c6d-9ac7414c70c3:c5256]
2019-07-14 04:24:00,727 INFO  client.GrpcClientProtocolClient (GrpcClientProtocolClient.java:onNext(255)) - client-8DB4338F17D0->b5da6a4a-1459-46a4-9479-d2035163dbe2: receive RaftClientReply:client-8DB4338F17D0->b5da6a4a-1459-46a4-9479-d2035163dbe2@group-4A9565783204, cid=3472, SUCCESS, logIndex=5259, commits[b5da6a4a-1459-46a4-9479-d2035163dbe2:c5260, 69c25b61-d669-4f17-b36d-41bca3df1f31:c5256, d2a7b1fa-fac6-4c6f-8c6d-9ac7414c70c3:c5258]
2019-07-14 04:24:00,727 INFO  client.GrpcClientProtocolClient (GrpcClientProtocolClient.java:onNext(255)) - client-8DB4338F17D0->b5da6a4a-1459-46a4-9479-d2035163dbe2: receive RaftClientReply:client-8DB4338F17D0->b5da6a4a-1459-46a4-9479-d2035163dbe2@group-4A9565783204, cid=3473, SUCCESS, logIndex=5260, commits[b5da6a4a-1459-46a4-9479-d2035163dbe2:c5262, 69c25b61-d669-4f17-b36d-41bca3df1f31:c5256, d2a7b1fa-fac6-4c6f-8c6d-9ac7414c70c3:c5258]
2019-07-14 04:24:00,728 INFO  client.GrpcClientProtocolClient (GrpcClientProtocolClient.java:onNext(255)) - client-8DB4338F17D0->b5da6a4a-1459-46a4-9479-d2035163dbe2: receive RaftClientReply:client-8DB4338F17D0->b5da6a4a-1459-46a4-9479-d2035163dbe2@group-4A9565783204, cid=3474, SUCCESS, logIndex=0, commits[b5da6a4a-1459-46a4-9479-d2035163dbe2:c5263, 69c25b61-d669-4f17-b36d-41bca3df1f31:c5258, d2a7b1fa-fac6-4c6f-8c6d-9ac7414c70c3:c5260]
2019-07-14 04:24:00,741 INFO  client.GrpcClientProtocolClient (GrpcClientProtocolClient.java:onNext(255)) - client-8DB4338F17D0->b5da6a4a-1459-46a4-9479-d2035163dbe2: receive RaftClientReply:client-8DB4338F17D0->b5da6a4a-1459-46a4-9479-d2035163dbe2@group-4A9565783204, cid=3475, SUCCESS, logIndex=5265, commits[b5da6a4a-1459-46a4-9479-d2035163dbe2:c5266, 69c25b61-d669-4f17-b36d-41bca3df1f31:c5263, d2a7b1fa-fac6-4c6f-8c6d-9ac7414c70c3:c5263]
2019-07-14 04:24:00,742 INFO  client.GrpcClientProtocolClient (GrpcClientProtocolClient.java:onNext(255)) - client-8DB4338F17D0->b5da6a4a-1459-46a4-9479-d2035163dbe2: receive RaftClientReply:client-8DB4338F17D0->b5da6a4a-1459-46a4-9479-d2035163dbe2@group-4A9565783204, cid=3476, SUCCESS, logIndex=5266, commits[b5da6a4a-1459-46a4-9479-d2035163dbe2:c5266, 69c25b61-d669-4f17-b36d-41bca3df1f31:c5263, d2a7b1fa-fac6-4c6f-8c6d-9ac7414c70c3:c5263]
2019-07-14 04:24:00,753 INFO  client.GrpcClientProtocolClient (GrpcClientProtocolClient.java:onNext(255)) - client-8DB4338F17D0->b5da6a4a-1459-46a4-9479-d2035163dbe2: receive RaftClientReply:client-8DB4338F17D0->b5da6a4a-1459-46a4-9479-d2035163dbe2@group-4A9565783204, cid=3477, SUCCESS, logIndex=5269, commits[b5da6a4a-1459-46a4-9479-d2035163dbe2:c5270, 69c25b61-d669-4f17-b36d-41bca3df1f31:c5268, d2a7b1fa-fac6-4c6f-8c6d-9ac7414c70c3:c5266]
2019-07-14 04:24:00,753 INFO  client.GrpcClientProtocolClient (GrpcClientProtocolClient.java:onNext(255)) - client-8DB4338F17D0->b5da6a4a-1459-46a4-9479-d2035163dbe2: receive RaftClientReply:client-8DB4338F17D0->b5da6a4a-1459-46a4-9479-d2035163dbe2@group-4A9565783204, cid=3478, SUCCESS, logIndex=5270, commits[b5da6a4a-1459-46a4-9479-d2035163dbe2:c5270, 69c25b61-d669-4f17-b36d-41bca3df1f31:c5268, d2a7b1fa-fac6-4c6f-8c6d-9ac7414c70c3:c5268]
2019-07-14 04:24:00,758 INFO  client.GrpcClientProtocolClient (GrpcClientProtocolClient.java:onNext(255)) - client-8DB4338F17D0->b5da6a4a-1459-46a4-9479-d2035163dbe2: receive RaftClientReply:client-8DB4338F17D0->b5da6a4a-1459-46a4-9479-d2035163dbe2@group-4A9565783204, cid=3479, SUCCESS, logIndex=0, commits[b5da6a4a-1459-46a4-9479-d2035163dbe2:c5272, 69c25b61-d669-4f17-b36d-41bca3df1f31:c5270, d2a7b1fa-fac6-4c6f-8c6d-9ac7414c70c3:c5270]
2019-07-14 04:24:00,781 INFO  client.GrpcClientProtocolClient (GrpcClientProtocolClient.java:onNext(255)) - client-8DB4338F17D0->b5da6a4a-1459-46a4-9479-d2035163dbe2: receive RaftClientReply:client-8DB4338F17D0->b5da6a4a-1459-46a4-9479-d2035163dbe2@group-4A9565783204, cid=3480, SUCCESS, logIndex=5273, commits[b5da6a4a-1459-46a4-9479-d2035163dbe2:c5275, 69c25b61-d669-4f17-b36d-41bca3df1f31:c5272, d2a7b1fa-fac6-4c6f-8c6d-9ac7414c70c3:c5270]
2019-07-14 04:24:00,781 INFO  client.GrpcClientProtocolClient (GrpcClientProtocolClient.java:onNext(255)) - client-8DB4338F17D0->b5da6a4a-1459-46a4-9479-d2035163dbe2: receive RaftClientReply:client-8DB4338F17D0->b5da6a4a-1459-46a4-9479-d2035163dbe2@group-4A9565783204, cid=3481, SUCCESS, logIndex=5274, commits[b5da6a4a-1459-46a4-9479-d2035163dbe2:c5276, 69c25b61-d669-4f17-b36d-41bca3df1f31:c5272, d2a7b1fa-fac6-4c6f-8c6d-9ac7414c70c3:c5272]
2019-07-14 04:24:00,782 INFO  client.GrpcClientProtocolClient (GrpcClientProtocolClient.java:onNext(255)) - client-8DB4338F17D0->b5da6a4a-1459-46a4-9479-d2035163dbe2: receive RaftClientReply:client-8DB4338F17D0->b5da6a4a-1459-46a4-9479-d2035163dbe2@group-4A9565783204, cid=3482, SUCCESS, logIndex=5275, commits[b5da6a4a-1459-46a4-9479-d2035163dbe2:c5276, 69c25b61-d669-4f17-b36d-41bca3df1f31:c5272, d2a7b1fa-fac6-4c6f-8c6d-9ac7414c70c3:c5272]
2019-07-14 04:24:00,782 INFO  client.GrpcClientProtocolClient (GrpcClientProtocolClient.java:onNext(255)) - client-8DB4338F17D0->b5da6a4a-1459-46a4-9479-d2035163dbe2: receive RaftClientReply:client-8DB4338F17D0->b5da6a4a-1459-46a4-9479-d2035163dbe2@group-4A9565783204, cid=3483, SUCCESS, logIndex=5276, commits[b5da6a4a-1459-46a4-9479-d2035163dbe2:c5276, 69c25b61-d669-4f17-b36d-41bca3df1f31:c5272, d2a7b1fa-fac6-4c6f-8c6d-9ac7414c70c3:c5272]
2019-07-14 04:24:00,784 INFO  client.GrpcClientProtocolClient (GrpcClientProtocolClient.java:onNext(255)) - client-8DB4338F17D0->b5da6a4a-1459-46a4-9479-d2035163dbe2: receive RaftClientReply:client-8DB4338F17D0->b5da6a4a-1459-46a4-9479-d2035163dbe2@group-4A9565783204, cid=3484, SUCCESS, logIndex=0, commits[b5da6a4a-1459-46a4-9479-d2035163dbe2:c5279, 69c25b61-d669-4f17-b36d-41bca3df1f31:c5274, d2a7b1fa-fac6-4c6f-8c6d-9ac7414c70c3:c5275]
2019-07-14 04:24:00,796 INFO  client.GrpcClientProtocolClient (GrpcClientProtocolClient.java:onNext(255)) - client-8DB4338F17D0->b5da6a4a-1459-46a4-9479-d2035163dbe2: receive RaftClientReply:client-8DB4338F17D0->b5da6a4a-1459-46a4-9479-d2035163dbe2@group-4A9565783204, cid=3485, SUCCESS, logIndex=5281, commits[b5da6a4a-1459-46a4-9479-d2035163dbe2:c5282, 69c25b61-d669-4f17-b36d-41bca3df1f31:c5280, d2a7b1fa-fac6-4c6f-8c6d-9ac7414c70c3:c5280]
2019-07-14 04:24:00,796 INFO  client.GrpcClientProtocolClient (GrpcClientProtocolClient.java:onNext(255)) - client-8DB4338F17D0->b5da6a4a-1459-46a4-9479-d2035163dbe2: receive RaftClientReply:client-8DB4338F17D0->b5da6a4a-1459-46a4-9479-d2035163dbe2@group-4A9565783204, cid=3486, SUCCESS, logIndex=5282, commits[b5da6a4a-1459-46a4-9479-d2035163dbe2:c5282, 69c25b61-d669-4f17-b36d-41bca3df1f31:c5280, d2a7b1fa-fac6-4c6f-8c6d-9ac7414c70c3:c5280]
2019-07-14 04:24:00,817 INFO  client.GrpcClientProtocolClient (GrpcClientProtocolClient.java:onNext(255)) - client-8DB4338F17D0->b5da6a4a-1459-46a4-9479-d2035163dbe2: receive RaftClientReply:client-8DB4338F17D0->b5da6a4a-1459-46a4-9479-d2035163dbe2@group-4A9565783204, cid=3487, SUCCESS, logIndex=5285, commits[b5da6a4a-1459-46a4-9479-d2035163dbe2:c5286, 69c25b61-d669-4f17-b36d-41bca3df1f31:c5284, d2a7b1fa-fac6-4c6f-8c6d-9ac7414c70c3:c5282]
2019-07-14 04:24:00,817 INFO  client.GrpcClientProtocolClient (GrpcClientProtocolClient.java:onNext(255)) - client-8DB4338F17D0->b5da6a4a-1459-46a4-9479-d2035163dbe2: receive RaftClientReply:client-8DB4338F17D0->b5da6a4a-1459-46a4-9479-d2035163dbe2@group-4A9565783204, cid=3488, SUCCESS, logIndex=5286, commits[b5da6a4a-1459-46a4-9479-d2035163dbe2:c5286, 69c25b61-d669-4f17-b36d-41bca3df1f31:c5284, d2a7b1fa-fac6-4c6f-8c6d-9ac7414c70c3:c5282]
2019-07-14 04:24:00,823 INFO  client.GrpcClientProtocolClient (GrpcClientProtocolClient.java:onNext(255)) - client-8DB4338F17D0->b5da6a4a-1459-46a4-9479-d2035163dbe2: receive RaftClientReply:client-8DB4338F17D0->b5da6a4a-1459-46a4-9479-d2035163dbe2@group-4A9565783204, cid=3489, SUCCESS, logIndex=0, commits[b5da6a4a-1459-46a4-9479-d2035163dbe2:c5288, 69c25b61-d669-4f17-b36d-41bca3df1f31:c5286, d2a7b1fa-fac6-4c6f-8c6d-9ac7414c70c3:c5286]
2019-07-14 04:24:00,852 INFO  client.GrpcClientProtocolClient (GrpcClientProtocolClient.java:onNext(255)) - client-8DB4338F17D0->b5da6a4a-1459-46a4-9479-d2035163dbe2: receive RaftClientReply:client-8DB4338F17D0->b5da6a4a-1459-46a4-9479-d2035163dbe2@group-4A9565783204, cid=3490, SUCCESS, logIndex=5289, commits[b5da6a4a-1459-46a4-9479-d2035163dbe2:c5290, 69c25b61-d669-4f17-b36d-41bca3df1f31:c5288, d2a7b1fa-fac6-4c6f-8c6d-9ac7414c70c3:c5288]
2019-07-14 04:24:00,853 INFO  client.GrpcClientProtocolClient (GrpcClientProtocolClient.java:onNext(255)) - client-8DB4338F17D0->b5da6a4a-1459-46a4-9479-d2035163dbe2: receive RaftClientReply:client-8DB4338F17D0->b5da6a4a-1459-46a4-9479-d2035163dbe2@group-4A9565783204, cid=3491, SUCCESS, logIndex=5290, commits[b5da6a4a-1459-46a4-9479-d2035163dbe2:c5292, 69c25b61-d669-4f17-b36d-41bca3df1f31:c5288, d2a7b1fa-fac6-4c6f-8c6d-9ac7414c70c3:c5288]
2019-07-14 04:24:00,853 INFO  client.GrpcClientProtocolClient (GrpcClientProtocolClient.java:onNext(255)) - client-8DB4338F17D0->b5da6a4a-1459-46a4-9479-d2035163dbe2: receive RaftClientReply:client-8DB4338F17D0->b5da6a4a-1459-46a4-9479-d2035163dbe2@group-4A9565783204, cid=3492, SUCCESS, logIndex=5291, commits[b5da6a4a-1459-46a4-9479-d2035163dbe2:c5292, 69c25b61-d669-4f17-b36d-41bca3df1f31:c5288, d2a7b1fa-fac6-4c6f-8c6d-9ac7414c70c3:c5288]
2019-07-14 04:24:00,853 INFO  client.GrpcClientProtocolClient (GrpcClientProtocolClient.java:onNext(255)) - client-8DB4338F17D0->b5da6a4a-1459-46a4-9479-d2035163dbe2: receive RaftClientReply:client-8DB4338F17D0->b5da6a4a-1459-46a4-9479-d2035163dbe2@group-4A9565783204, cid=3493, SUCCESS, logIndex=5292, commits[b5da6a4a-1459-46a4-9479-d2035163dbe2:c5293, 69c25b61-d669-4f17-b36d-41bca3df1f31:c5289, d2a7b1fa-fac6-4c6f-8c6d-9ac7414c70c3:c5288]
2019-07-14 04:24:00,854 INFO  client.GrpcClientProtocolClient (GrpcClientProtocolClient.java:onNext(255)) - client-8DB4338F17D0->b5da6a4a-1459-46a4-9479-d2035163dbe2: receive RaftClientReply:client-8DB4338F17D0->b5da6a4a-1459-46a4-9479-d2035163dbe2@group-4A9565783204, cid=3494, SUCCESS, logIndex=0, commits[b5da6a4a-1459-46a4-9479-d2035163dbe2:c5294, 69c25b61-d669-4f17-b36d-41bca3df1f31:c5290, d2a7b1fa-fac6-4c6f-8c6d-9ac7414c70c3:c5290]
2019-07-14 04:24:00,864 INFO  client.GrpcClientProtocolClient (GrpcClientProtocolClient.java:onNext(255)) - client-8DB4338F17D0->b5da6a4a-1459-46a4-9479-d2035163dbe2: receive RaftClientReply:client-8DB4338F17D0->b5da6a4a-1459-46a4-9479-d2035163dbe2@group-4A9565783204, cid=3495, SUCCESS, logIndex=5296, commits[b5da6a4a-1459-46a4-9479-d2035163dbe2:c5297, 69c25b61-d669-4f17-b36d-41bca3df1f31:c5292, d2a7b1fa-fac6-4c6f-8c6d-9ac7414c70c3:c5295]
2019-07-14 04:24:00,864 INFO  client.GrpcClientProtocolClient (GrpcClientProtocolClient.java:onNext(255)) - client-8DB4338F17D0->b5da6a4a-1459-46a4-9479-d2035163dbe2: receive RaftClientReply:client-8DB4338F17D0->b5da6a4a-1459-46a4-9479-d2035163dbe2@group-4A9565783204, cid=3496, SUCCESS, logIndex=5297, commits[b5da6a4a-1459-46a4-9479-d2035163dbe2:c5297, 69c25b61-d669-4f17-b36d-41bca3df1f31:c5295, d2a7b1fa-fac6-4c6f-8c6d-9ac7414c70c3:c5295]
2019-07-14 04:24:00,875 INFO  client.GrpcClientProtocolClient (GrpcClientProtocolClient.java:onNext(255)) - client-8DB4338F17D0->b5da6a4a-1459-46a4-9479-d2035163dbe2: receive RaftClientReply:client-8DB4338F17D0->b5da6a4a-1459-46a4-9479-d2035163dbe2@group-4A9565783204, cid=3497, SUCCESS, logIndex=5300, commits[b5da6a4a-1459-46a4-9479-d2035163dbe2:c5301, 69c25b61-d669-4f17-b36d-41bca3df1f31:c5298, d2a7b1fa-fac6-4c6f-8c6d-9ac7414c70c3:c5297]
2019-07-14 04:24:00,876 INFO  client.GrpcClientProtocolClient (GrpcClientProtocolClient.java:onNext(255)) - client-8DB4338F17D0->b5da6a4a-1459-46a4-9479-d2035163dbe2: receive RaftClientReply:client-8DB4338F17D0->b5da6a4a-1459-46a4-9479-d2035163dbe2@group-4A9565783204, cid=3498, SUCCESS, logIndex=5301, commits[b5da6a4a-1459-46a4-9479-d2035163dbe2:c5301, 69c25b61-d669-4f17-b36d-41bca3df1f31:c5298, d2a7b1fa-fac6-4c6f-8c6d-9ac7414c70c3:c5298]
2019-07-14 04:24:00,879 INFO  client.GrpcClientProtocolClient (GrpcClientProtocolClient.java:onNext(255)) - client-8DB4338F17D0->b5da6a4a-1459-46a4-9479-d2035163dbe2: receive RaftClientReply:client-8DB4338F17D0->b5da6a4a-1459-46a4-9479-d2035163dbe2@group-4A9565783204, cid=3499, SUCCESS, logIndex=0, commits[b5da6a4a-1459-46a4-9479-d2035163dbe2:c5302, 69c25b61-d669-4f17-b36d-41bca3df1f31:c5301, d2a7b1fa-fac6-4c6f-8c6d-9ac7414c70c3:c5301]
2019-07-14 04:24:00,911 INFO  client.GrpcClientProtocolClient (GrpcClientProtocolClient.java:onNext(255)) - client-8DB4338F17D0->b5da6a4a-1459-46a4-9479-d2035163dbe2: receive RaftClientReply:client-8DB4338F17D0->b5da6a4a-1459-46a4-9479-d2035163dbe2@group-4A9565783204, cid=3500, SUCCESS, logIndex=5304, commits[b5da6a4a-1459-46a4-9479-d2035163dbe2:c5304, 69c25b61-d669-4f17-b36d-41bca3df1f31:c5303, d2a7b1fa-fac6-4c6f-8c6d-9ac7414c70c3:c5303]
2019-07-14 04:24:00,912 INFO  client.GrpcClientProtocolClient (GrpcClientProtocolClient.java:onNext(255)) - client-8DB4338F17D0->b5da6a4a-1459-46a4-9479-d2035163dbe2: receive RaftClientReply:client-8DB4338F17D0->b5da6a4a-1459-46a4-9479-d2035163dbe2@group-4A9565783204, cid=3501, SUCCESS, logIndex=5305, commits[b5da6a4a-1459-46a4-9479-d2035163dbe2:c5307, 69c25b61-d669-4f17-b36d-41bca3df1f31:c5303, d2a7b1fa-fac6-4c6f-8c6d-9ac7414c70c3:c5303]
2019-07-14 04:24:00,912 INFO  client.GrpcClientProtocolClient (GrpcClientProtocolClient.java:onNext(255)) - client-8DB4338F17D0->b5da6a4a-1459-46a4-9479-d2035163dbe2: receive RaftClientReply:client-8DB4338F17D0->b5da6a4a-1459-46a4-9479-d2035163dbe2@group-4A9565783204, cid=3502, SUCCESS, logIndex=5306, commits[b5da6a4a-1459-46a4-9479-d2035163dbe2:c5307, 69c25b61-d669-4f17-b36d-41bca3df1f31:c5303, d2a7b1fa-fac6-4c6f-8c6d-9ac7414c70c3:c5303]
2019-07-14 04:24:00,912 INFO  client.GrpcClientProtocolClient (GrpcClientProtocolClient.java:onNext(255)) - client-8DB4338F17D0->b5da6a4a-1459-46a4-9479-d2035163dbe2: receive RaftClientReply:client-8DB4338F17D0->b5da6a4a-1459-46a4-9479-d2035163dbe2@group-4A9565783204, cid=3503, SUCCESS, logIndex=5307, commits[b5da6a4a-1459-46a4-9479-d2035163dbe2:c5308, 69c25b61-d669-4f17-b36d-41bca3df1f31:c5304, d2a7b1fa-fac6-4c6f-8c6d-9ac7414c70c3:c5303]
2019-07-14 04:24:00,916 INFO  client.GrpcClientProtocolClient (GrpcClientProtocolClient.java:onNext(255)) - client-8DB4338F17D0->b5da6a4a-1459-46a4-9479-d2035163dbe2: receive RaftClientReply:client-8DB4338F17D0->b5da6a4a-1459-46a4-9479-d2035163dbe2@group-4A9565783204, cid=3504, SUCCESS, logIndex=0, commits[b5da6a4a-1459-46a4-9479-d2035163dbe2:c5309, 69c25b61-d669-4f17-b36d-41bca3df1f31:c5307, d2a7b1fa-fac6-4c6f-8c6d-9ac7414c70c3:c5307]
2019-07-14 04:24:00,927 INFO  client.GrpcClientProtocolClient (GrpcClientProtocolClient.java:onNext(255)) - client-8DB4338F17D0->b5da6a4a-1459-46a4-9479-d2035163dbe2: receive RaftClientReply:client-8DB4338F17D0->b5da6a4a-1459-46a4-9479-d2035163dbe2@group-4A9565783204, cid=3505, SUCCESS, logIndex=5310, commits[b5da6a4a-1459-46a4-9479-d2035163dbe2:c5311, 69c25b61-d669-4f17-b36d-41bca3df1f31:c5309, d2a7b1fa-fac6-4c6f-8c6d-9ac7414c70c3:c5309]
2019-07-14 04:24:00,927 INFO  client.GrpcClientProtocolClient (GrpcClientProtocolClient.java:onNext(255)) - client-8DB4338F17D0->b5da6a4a-1459-46a4-9479-d2035163dbe2: receive RaftClientReply:client-8DB4338F17D0->b5da6a4a-1459-46a4-9479-d2035163dbe2@group-4A9565783204, cid=3506, SUCCESS, logIndex=5311, commits[b5da6a4a-1459-46a4-9479-d2035163dbe2:c5311, 69c25b61-d669-4f17-b36d-41bca3df1f31:c5309, d2a7b1fa-fac6-4c6f-8c6d-9ac7414c70c3:c5309]
2019-07-14 04:24:00,952 INFO  client.GrpcClientProtocolClient (GrpcClientProtocolClient.java:onNext(255)) - client-8DB4338F17D0->b5da6a4a-1459-46a4-9479-d2035163dbe2: receive RaftClientReply:client-8DB4338F17D0->b5da6a4a-1459-46a4-9479-d2035163dbe2@group-4A9565783204, cid=3507, SUCCESS, logIndex=5314, commits[b5da6a4a-1459-46a4-9479-d2035163dbe2:c5315, 69c25b61-d669-4f17-b36d-41bca3df1f31:c5311, d2a7b1fa-fac6-4c6f-8c6d-9ac7414c70c3:c5313]
2019-07-14 04:24:00,952 INFO  client.GrpcClientProtocolClient (GrpcClientProtocolClient.java:onNext(255)) - client-8DB4338F17D0->b5da6a4a-1459-46a4-9479-d2035163dbe2: receive RaftClientReply:client-8DB4338F17D0->b5da6a4a-1459-46a4-9479-d2035163dbe2@group-4A9565783204, cid=3508, SUCCESS, logIndex=5315, commits[b5da6a4a-1459-46a4-9479-d2035163dbe2:c5315, 69c25b61-d669-4f17-b36d-41bca3df1f31:c5313, d2a7b1fa-fac6-4c6f-8c6d-9ac7414c70c3:c5313]
2019-07-14 04:24:00,955 INFO  client.GrpcClientProtocolClient (GrpcClientProtocolClient.java:onNext(255)) - client-8DB4338F17D0->b5da6a4a-1459-46a4-9479-d2035163dbe2: receive RaftClientReply:client-8DB4338F17D0->b5da6a4a-1459-46a4-9479-d2035163dbe2@group-4A9565783204, cid=3509, SUCCESS, logIndex=0, commits[b5da6a4a-1459-46a4-9479-d2035163dbe2:c5316, 69c25b61-d669-4f17-b36d-41bca3df1f31:c5315, d2a7b1fa-fac6-4c6f-8c6d-9ac7414c70c3:c5315]
2019-07-14 04:24:00,995 INFO  client.GrpcClientProtocolClient (GrpcClientProtocolClient.java:onNext(255)) - client-8DB4338F17D0->b5da6a4a-1459-46a4-9479-d2035163dbe2: receive RaftClientReply:client-8DB4338F17D0->b5da6a4a-1459-46a4-9479-d2035163dbe2@group-4A9565783204, cid=3510, SUCCESS, logIndex=5318, commits[b5da6a4a-1459-46a4-9479-d2035163dbe2:c5321, 69c25b61-d669-4f17-b36d-41bca3df1f31:c5315, d2a7b1fa-fac6-4c6f-8c6d-9ac7414c70c3:c5317]
2019-07-14 04:24:00,995 INFO  client.GrpcClientProtocolClient (GrpcClientProtocolClient.java:onNext(255)) - client-8DB4338F17D0->b5da6a4a-1459-46a4-9479-d2035163dbe2: receive RaftClientReply:client-8DB4338F17D0->b5da6a4a-1459-46a4-9479-d2035163dbe2@group-4A9565783204, cid=3511, SUCCESS, logIndex=5319, commits[b5da6a4a-1459-46a4-9479-d2035163dbe2:c5321, 69c25b61-d669-4f17-b36d-41bca3df1f31:c5317, d2a7b1fa-fac6-4c6f-8c6d-9ac7414c70c3:c5317]
2019-07-14 04:24:00,996 INFO  client.GrpcClientProtocolClient (GrpcClientProtocolClient.java:onNext(255)) - client-8DB4338F17D0->b5da6a4a-1459-46a4-9479-d2035163dbe2: receive RaftClientReply:client-8DB4338F17D0->b5da6a4a-1459-46a4-9479-d2035163dbe2@group-4A9565783204, cid=3512, SUCCESS, logIndex=5320, commits[b5da6a4a-1459-46a4-9479-d2035163dbe2:c5321, 69c25b61-d669-4f17-b36d-41bca3df1f31:c5317, d2a7b1fa-fac6-4c6f-8c6d-9ac7414c70c3:c5317]
2019-07-14 04:24:00,996 INFO  client.GrpcClientProtocolClient (GrpcClientProtocolClient.java:onNext(255)) - client-8DB4338F17D0->b5da6a4a-1459-46a4-9479-d2035163dbe2: receive RaftClientReply:client-8DB4338F17D0->b5da6a4a-1459-46a4-9479-d2035163dbe2@group-4A9565783204, cid=3513, SUCCESS, logIndex=5321, commits[b5da6a4a-1459-46a4-9479-d2035163dbe2:c5321, 69c25b61-d669-4f17-b36d-41bca3df1f31:c5317, d2a7b1fa-fac6-4c6f-8c6d-9ac7414c70c3:c5317]
2019-07-14 04:24:01,006 INFO  client.GrpcClientProtocolClient (GrpcClientProtocolClient.java:onNext(255)) - client-8DB4338F17D0->b5da6a4a-1459-46a4-9479-d2035163dbe2: receive RaftClientReply:client-8DB4338F17D0->b5da6a4a-1459-46a4-9479-d2035163dbe2@group-4A9565783204, cid=3514, SUCCESS, logIndex=0, commits[b5da6a4a-1459-46a4-9479-d2035163dbe2:c5322, 69c25b61-d669-4f17-b36d-41bca3df1f31:c5319, d2a7b1fa-fac6-4c6f-8c6d-9ac7414c70c3:c5319]
2019-07-14 04:24:01,028 INFO  client.GrpcClientProtocolClient (GrpcClientProtocolClient.java:onNext(255)) - client-8DB4338F17D0->b5da6a4a-1459-46a4-9479-d2035163dbe2: receive RaftClientReply:client-8DB4338F17D0->b5da6a4a-1459-46a4-9479-d2035163dbe2@group-4A9565783204, cid=3515, SUCCESS, logIndex=5326, commits[b5da6a4a-1459-46a4-9479-d2035163dbe2:c5327, 69c25b61-d669-4f17-b36d-41bca3df1f31:c5325, d2a7b1fa-fac6-4c6f-8c6d-9ac7414c70c3:c5325]
2019-07-14 04:24:01,028 INFO  client.GrpcClientProtocolClient (GrpcClientProtocolClient.java:onNext(255)) - client-8DB4338F17D0->b5da6a4a-1459-46a4-9479-d2035163dbe2: receive RaftClientReply:client-8DB4338F17D0->b5da6a4a-1459-46a4-9479-d2035163dbe2@group-4A9565783204, cid=3516, SUCCESS, logIndex=5327, commits[b5da6a4a-1459-46a4-9479-d2035163dbe2:c5327, 69c25b61-d669-4f17-b36d-41bca3df1f31:c5325, d2a7b1fa-fac6-4c6f-8c6d-9ac7414c70c3:c5325]
2019-07-14 04:24:01,150 INFO  client.GrpcClientProtocolClient (GrpcClientProtocolClient.java:onNext(255)) - client-8DB4338F17D0->b5da6a4a-1459-46a4-9479-d2035163dbe2: receive RaftClientReply:client-8DB4338F17D0->b5da6a4a-1459-46a4-9479-d2035163dbe2@group-4A9565783204, cid=3517, SUCCESS, logIndex=5329, commits[b5da6a4a-1459-46a4-9479-d2035163dbe2:c5330, 69c25b61-d669-4f17-b36d-41bca3df1f31:c5327, d2a7b1fa-fac6-4c6f-8c6d-9ac7414c70c3:c5327]
2019-07-14 04:24:01,150 INFO  client.GrpcClientProtocolClient (GrpcClientProtocolClient.java:onNext(255)) - client-8DB4338F17D0->b5da6a4a-1459-46a4-9479-d2035163dbe2: receive RaftClientReply:client-8DB4338F17D0->b5da6a4a-1459-46a4-9479-d2035163dbe2@group-4A9565783204, cid=3518, SUCCESS, logIndex=5330, commits[b5da6a4a-1459-46a4-9479-d2035163dbe2:c5330, 69c25b61-d669-4f17-b36d-41bca3df1f31:c5327, d2a7b1fa-fac6-4c6f-8c6d-9ac7414c70c3:c5327]
2019-07-14 04:24:01,153 INFO  client.GrpcClientProtocolClient (GrpcClientProtocolClient.java:onNext(255)) - client-8DB4338F17D0->b5da6a4a-1459-46a4-9479-d2035163dbe2: receive RaftClientReply:client-8DB4338F17D0->b5da6a4a-1459-46a4-9479-d2035163dbe2@group-4A9565783204, cid=3519, SUCCESS, logIndex=0, commits[b5da6a4a-1459-46a4-9479-d2035163dbe2:c5331, 69c25b61-d669-4f17-b36d-41bca3df1f31:c5330, d2a7b1fa-fac6-4c6f-8c6d-9ac7414c70c3:c5330]
2019-07-14 04:24:01,191 INFO  client.GrpcClientProtocolClient (GrpcClientProtocolClient.java:onNext(255)) - client-8DB4338F17D0->b5da6a4a-1459-46a4-9479-d2035163dbe2: receive RaftClientReply:client-8DB4338F17D0->b5da6a4a-1459-46a4-9479-d2035163dbe2@group-4A9565783204, cid=3520, SUCCESS, logIndex=5333, commits[b5da6a4a-1459-46a4-9479-d2035163dbe2:c5336, 69c25b61-d669-4f17-b36d-41bca3df1f31:c5332, d2a7b1fa-fac6-4c6f-8c6d-9ac7414c70c3:c5332]
2019-07-14 04:24:01,193 INFO  client.GrpcClientProtocolClient (GrpcClientProtocolClient.java:onNext(255)) - client-8DB4338F17D0->b5da6a4a-1459-46a4-9479-d2035163dbe2: receive RaftClientReply:client-8DB4338F17D0->b5da6a4a-1459-46a4-9479-d2035163dbe2@group-4A9565783204, cid=3521, SUCCESS, logIndex=5334, commits[b5da6a4a-1459-46a4-9479-d2035163dbe2:c5336, 69c25b61-d669-4f17-b36d-41bca3df1f31:c5332, d2a7b1fa-fac6-4c6f-8c6d-9ac7414c70c3:c5332]
2019-07-14 04:24:01,193 INFO  client.GrpcClientProtocolClient (GrpcClientProtocolClient.java:onNext(255)) - client-8DB4338F17D0->b5da6a4a-1459-46a4-9479-d2035163dbe2: receive RaftClientReply:client-8DB4338F17D0->b5da6a4a-1459-46a4-9479-d2035163dbe2@group-4A9565783204, cid=3522, SUCCESS, logIndex=5335, commits[b5da6a4a-1459-46a4-9479-d2035163dbe2:c5337, 69c25b61-d669-4f17-b36d-41bca3df1f31:c5335, d2a7b1fa-fac6-4c6f-8c6d-9ac7414c70c3:c5335]
2019-07-14 04:24:01,194 INFO  client.GrpcClientProtocolClient (GrpcClientProtocolClient.java:onNext(255)) - client-8DB4338F17D0->b5da6a4a-1459-46a4-9479-d2035163dbe2: receive RaftClientReply:client-8DB4338F17D0->b5da6a4a-1459-46a4-9479-d2035163dbe2@group-4A9565783204, cid=3523, SUCCESS, logIndex=5336, commits[b5da6a4a-1459-46a4-9479-d2035163dbe2:c5338, 69c25b61-d669-4f17-b36d-41bca3df1f31:c5335, d2a7b1fa-fac6-4c6f-8c6d-9ac7414c70c3:c5335]
2019-07-14 04:24:01,202 INFO  segmented.SegmentedRaftLogWorker (SegmentedRaftLogWorker.java:rollLogSegment(385)) - b5da6a4a-1459-46a4-9479-d2035163dbe2-SegmentedRaftLogWorker:Storage Directory /tmp/workdir/hadoop-ozone/tools/target/test-dir/MiniOzoneClusterImpl-e6abf5c5-34d8-4282-b912-776e2b6e2d64/datanode-0/data/ratis/94a3dfcd-3a6e-4cc8-807f-4a9565783204: Rolling segment log-0_5340 to index:5340
2019-07-14 04:24:01,205 INFO  segmented.SegmentedRaftLogWorker (SegmentedRaftLogWorker.java:rollLogSegment(385)) - d2a7b1fa-fac6-4c6f-8c6d-9ac7414c70c3-SegmentedRaftLogWorker:Storage Directory /tmp/workdir/hadoop-ozone/tools/target/test-dir/MiniOzoneClusterImpl-e6abf5c5-34d8-4282-b912-776e2b6e2d64/datanode-4/data/ratis/94a3dfcd-3a6e-4cc8-807f-4a9565783204: Rolling segment log-0_5340 to index:5340
2019-07-14 04:24:01,205 INFO  segmented.SegmentedRaftLogWorker (SegmentedRaftLogWorker.java:rollLogSegment(385)) - 69c25b61-d669-4f17-b36d-41bca3df1f31-SegmentedRaftLogWorker:Storage Directory /tmp/workdir/hadoop-ozone/tools/target/test-dir/MiniOzoneClusterImpl-e6abf5c5-34d8-4282-b912-776e2b6e2d64/datanode-2/data/ratis/94a3dfcd-3a6e-4cc8-807f-4a9565783204: Rolling segment log-0_5340 to index:5340
2019-07-14 04:24:01,208 INFO  segmented.SegmentedRaftLogWorker (SegmentedRaftLogWorker.java:execute(526)) - d2a7b1fa-fac6-4c6f-8c6d-9ac7414c70c3-SegmentedRaftLogWorker:Storage Directory /tmp/workdir/hadoop-ozone/tools/target/test-dir/MiniOzoneClusterImpl-e6abf5c5-34d8-4282-b912-776e2b6e2d64/datanode-4/data/ratis/94a3dfcd-3a6e-4cc8-807f-4a9565783204: Rolled log segment from /tmp/workdir/hadoop-ozone/tools/target/test-dir/MiniOzoneClusterImpl-e6abf5c5-34d8-4282-b912-776e2b6e2d64/datanode-4/data/ratis/94a3dfcd-3a6e-4cc8-807f-4a9565783204/current/log_inprogress_0 to /tmp/workdir/hadoop-ozone/tools/target/test-dir/MiniOzoneClusterImpl-e6abf5c5-34d8-4282-b912-776e2b6e2d64/datanode-4/data/ratis/94a3dfcd-3a6e-4cc8-807f-4a9565783204/current/log_0-5340
2019-07-14 04:24:01,208 INFO  segmented.SegmentedRaftLogWorker (SegmentedRaftLogWorker.java:execute(526)) - b5da6a4a-1459-46a4-9479-d2035163dbe2-SegmentedRaftLogWorker:Storage Directory /tmp/workdir/hadoop-ozone/tools/target/test-dir/MiniOzoneClusterImpl-e6abf5c5-34d8-4282-b912-776e2b6e2d64/datanode-0/data/ratis/94a3dfcd-3a6e-4cc8-807f-4a9565783204: Rolled log segment from /tmp/workdir/hadoop-ozone/tools/target/test-dir/MiniOzoneClusterImpl-e6abf5c5-34d8-4282-b912-776e2b6e2d64/datanode-0/data/ratis/94a3dfcd-3a6e-4cc8-807f-4a9565783204/current/log_inprogress_0 to /tmp/workdir/hadoop-ozone/tools/target/test-dir/MiniOzoneClusterImpl-e6abf5c5-34d8-4282-b912-776e2b6e2d64/datanode-0/data/ratis/94a3dfcd-3a6e-4cc8-807f-4a9565783204/current/log_0-5340
2019-07-14 04:24:01,208 INFO  segmented.SegmentedRaftLogWorker (SegmentedRaftLogWorker.java:execute(526)) - 69c25b61-d669-4f17-b36d-41bca3df1f31-SegmentedRaftLogWorker:Storage Directory /tmp/workdir/hadoop-ozone/tools/target/test-dir/MiniOzoneClusterImpl-e6abf5c5-34d8-4282-b912-776e2b6e2d64/datanode-2/data/ratis/94a3dfcd-3a6e-4cc8-807f-4a9565783204: Rolled log segment from /tmp/workdir/hadoop-ozone/tools/target/test-dir/MiniOzoneClusterImpl-e6abf5c5-34d8-4282-b912-776e2b6e2d64/datanode-2/data/ratis/94a3dfcd-3a6e-4cc8-807f-4a9565783204/current/log_inprogress_0 to /tmp/workdir/hadoop-ozone/tools/target/test-dir/MiniOzoneClusterImpl-e6abf5c5-34d8-4282-b912-776e2b6e2d64/datanode-2/data/ratis/94a3dfcd-3a6e-4cc8-807f-4a9565783204/current/log_0-5340
2019-07-14 04:24:01,226 INFO  client.GrpcClientProtocolClient (GrpcClientProtocolClient.java:onNext(255)) - client-8DB4338F17D0->b5da6a4a-1459-46a4-9479-d2035163dbe2: receive RaftClientReply:client-8DB4338F17D0->b5da6a4a-1459-46a4-9479-d2035163dbe2@group-4A9565783204, cid=3524, SUCCESS, logIndex=5340, commits[b5da6a4a-1459-46a4-9479-d2035163dbe2:c5340, 69c25b61-d669-4f17-b36d-41bca3df1f31:c5339, d2a7b1fa-fac6-4c6f-8c6d-9ac7414c70c3:c5339]
2019-07-14 04:24:01,243 INFO  segmented.SegmentedRaftLogWorker (SegmentedRaftLogWorker.java:execute(569)) - d2a7b1fa-fac6-4c6f-8c6d-9ac7414c70c3-SegmentedRaftLogWorker:Storage Directory /tmp/workdir/hadoop-ozone/tools/target/test-dir/MiniOzoneClusterImpl-e6abf5c5-34d8-4282-b912-776e2b6e2d64/datanode-4/data/ratis/94a3dfcd-3a6e-4cc8-807f-4a9565783204: created new log segment /tmp/workdir/hadoop-ozone/tools/target/test-dir/MiniOzoneClusterImpl-e6abf5c5-34d8-4282-b912-776e2b6e2d64/datanode-4/data/ratis/94a3dfcd-3a6e-4cc8-807f-4a9565783204/current/log_inprogress_5341
2019-07-14 04:24:01,256 INFO  segmented.SegmentedRaftLogWorker (SegmentedRaftLogWorker.java:execute(569)) - 69c25b61-d669-4f17-b36d-41bca3df1f31-SegmentedRaftLogWorker:Storage Directory /tmp/workdir/hadoop-ozone/tools/target/test-dir/MiniOzoneClusterImpl-e6abf5c5-34d8-4282-b912-776e2b6e2d64/datanode-2/data/ratis/94a3dfcd-3a6e-4cc8-807f-4a9565783204: created new log segment /tmp/workdir/hadoop-ozone/tools/target/test-dir/MiniOzoneClusterImpl-e6abf5c5-34d8-4282-b912-776e2b6e2d64/datanode-2/data/ratis/94a3dfcd-3a6e-4cc8-807f-4a9565783204/current/log_inprogress_5341
 0.00% |█                                                                                                    |  0/1 Time: 0:00:262019-07-14 04:24:01,263 INFO  segmented.SegmentedRaftLogWorker (SegmentedRaftLogWorker.java:execute(569)) - b5da6a4a-1459-46a4-9479-d2035163dbe2-SegmentedRaftLogWorker:Storage Directory /tmp/workdir/hadoop-ozone/tools/target/test-dir/MiniOzoneClusterImpl-e6abf5c5-34d8-4282-b912-776e2b6e2d64/datanode-0/data/ratis/94a3dfcd-3a6e-4cc8-807f-4a9565783204: created new log segment /tmp/workdir/hadoop-ozone/tools/target/test-dir/MiniOzoneClusterImpl-e6abf5c5-34d8-4282-b912-776e2b6e2d64/datanode-0/data/ratis/94a3dfcd-3a6e-4cc8-807f-4a9565783204/current/log_inprogress_5341
2019-07-14 04:24:01,275 INFO  client.GrpcClientProtocolClient (GrpcClientProtocolClient.java:onNext(255)) - client-8DB4338F17D0->b5da6a4a-1459-46a4-9479-d2035163dbe2: receive RaftClientReply:client-8DB4338F17D0->b5da6a4a-1459-46a4-9479-d2035163dbe2@group-4A9565783204, cid=3525, SUCCESS, logIndex=5341, commits[b5da6a4a-1459-46a4-9479-d2035163dbe2:c5343, 69c25b61-d669-4f17-b36d-41bca3df1f31:c5340, d2a7b1fa-fac6-4c6f-8c6d-9ac7414c70c3:c5340]
2019-07-14 04:24:01,291 INFO  client.GrpcClientProtocolClient (GrpcClientProtocolClient.java:onNext(255)) - client-8DB4338F17D0->b5da6a4a-1459-46a4-9479-d2035163dbe2: receive RaftClientReply:client-8DB4338F17D0->b5da6a4a-1459-46a4-9479-d2035163dbe2@group-4A9565783204, cid=3526, SUCCESS, logIndex=5344, commits[b5da6a4a-1459-46a4-9479-d2035163dbe2:c5345, 69c25b61-d669-4f17-b36d-41bca3df1f31:c5343, d2a7b1fa-fac6-4c6f-8c6d-9ac7414c70c3:c5340]
2019-07-14 04:24:01,294 INFO  client.GrpcClientProtocolClient (GrpcClientProtocolClient.java:onNext(255)) - client-8DB4338F17D0->b5da6a4a-1459-46a4-9479-d2035163dbe2: receive RaftClientReply:client-8DB4338F17D0->b5da6a4a-1459-46a4-9479-d2035163dbe2@group-4A9565783204, cid=3527, SUCCESS, logIndex=5345, commits[b5da6a4a-1459-46a4-9479-d2035163dbe2:c5345, 69c25b61-d669-4f17-b36d-41bca3df1f31:c5343, d2a7b1fa-fac6-4c6f-8c6d-9ac7414c70c3:c5343]
2019-07-14 04:24:01,297 INFO  client.GrpcClientProtocolClient (GrpcClientProtocolClient.java:onNext(255)) - client-8DB4338F17D0->b5da6a4a-1459-46a4-9479-d2035163dbe2: receive RaftClientReply:client-8DB4338F17D0->b5da6a4a-1459-46a4-9479-d2035163dbe2@group-4A9565783204, cid=3528, SUCCESS, logIndex=0, commits[b5da6a4a-1459-46a4-9479-d2035163dbe2:c5346, 69c25b61-d669-4f17-b36d-41bca3df1f31:c5345, d2a7b1fa-fac6-4c6f-8c6d-9ac7414c70c3:c5345]
2019-07-14 04:24:01,326 INFO  client.GrpcClientProtocolClient (GrpcClientProtocolClient.java:onNext(255)) - client-8DB4338F17D0->b5da6a4a-1459-46a4-9479-d2035163dbe2: receive RaftClientReply:client-8DB4338F17D0->b5da6a4a-1459-46a4-9479-d2035163dbe2@group-4A9565783204, cid=3529, SUCCESS, logIndex=5348, commits[b5da6a4a-1459-46a4-9479-d2035163dbe2:c5349, 69c25b61-d669-4f17-b36d-41bca3df1f31:c5345, d2a7b1fa-fac6-4c6f-8c6d-9ac7414c70c3:c5347]
2019-07-14 04:24:01,327 INFO  client.GrpcClientProtocolClient (GrpcClientProtocolClient.java:onNext(255)) - client-8DB4338F17D0->b5da6a4a-1459-46a4-9479-d2035163dbe2: receive RaftClientReply:client-8DB4338F17D0->b5da6a4a-1459-46a4-9479-d2035163dbe2@group-4A9565783204, cid=3530, SUCCESS, logIndex=5349, commits[b5da6a4a-1459-46a4-9479-d2035163dbe2:c5349, 69c25b61-d669-4f17-b36d-41bca3df1f31:c5347, d2a7b1fa-fac6-4c6f-8c6d-9ac7414c70c3:c5347]
2019-07-14 04:24:01,327 INFO  client.GrpcClientProtocolClient (GrpcClientProtocolClient.java:onNext(255)) - client-8DB4338F17D0->b5da6a4a-1459-46a4-9479-d2035163dbe2: receive RaftClientReply:client-8DB4338F17D0->b5da6a4a-1459-46a4-9479-d2035163dbe2@group-4A9565783204, cid=3531, SUCCESS, logIndex=5350, commits[b5da6a4a-1459-46a4-9479-d2035163dbe2:c5351, 69c25b61-d669-4f17-b36d-41bca3df1f31:c5347, d2a7b1fa-fac6-4c6f-8c6d-9ac7414c70c3:c5347]
2019-07-14 04:24:01,328 INFO  client.GrpcClientProtocolClient (GrpcClientProtocolClient.java:onNext(255)) - client-8DB4338F17D0->b5da6a4a-1459-46a4-9479-d2035163dbe2: receive RaftClientReply:client-8DB4338F17D0->b5da6a4a-1459-46a4-9479-d2035163dbe2@group-4A9565783204, cid=3532, SUCCESS, logIndex=5351, commits[b5da6a4a-1459-46a4-9479-d2035163dbe2:c5351, 69c25b61-d669-4f17-b36d-41bca3df1f31:c5347, d2a7b1fa-fac6-4c6f-8c6d-9ac7414c70c3:c5347]
2019-07-14 04:24:01,332 INFO  client.GrpcClientProtocolClient (GrpcClientProtocolClient.java:onNext(255)) - client-8DB4338F17D0->b5da6a4a-1459-46a4-9479-d2035163dbe2: receive RaftClientReply:client-8DB4338F17D0->b5da6a4a-1459-46a4-9479-d2035163dbe2@group-4A9565783204, cid=3533, SUCCESS, logIndex=0, commits[b5da6a4a-1459-46a4-9479-d2035163dbe2:c5352, 69c25b61-d669-4f17-b36d-41bca3df1f31:c5349, d2a7b1fa-fac6-4c6f-8c6d-9ac7414c70c3:c5349]
2019-07-14 04:24:01,354 INFO  client.GrpcClientProtocolClient (GrpcClientProtocolClient.java:onNext(255)) - client-8DB4338F17D0->b5da6a4a-1459-46a4-9479-d2035163dbe2: receive RaftClientReply:client-8DB4338F17D0->b5da6a4a-1459-46a4-9479-d2035163dbe2@group-4A9565783204, cid=3534, SUCCESS, logIndex=5356, commits[b5da6a4a-1459-46a4-9479-d2035163dbe2:c5357, 69c25b61-d669-4f17-b36d-41bca3df1f31:c5355, d2a7b1fa-fac6-4c6f-8c6d-9ac7414c70c3:c5355]
2019-07-14 04:24:01,354 INFO  client.GrpcClientProtocolClient (GrpcClientProtocolClient.java:onNext(255)) - client-8DB4338F17D0->b5da6a4a-1459-46a4-9479-d2035163dbe2: receive RaftClientReply:client-8DB4338F17D0->b5da6a4a-1459-46a4-9479-d2035163dbe2@group-4A9565783204, cid=3535, SUCCESS, logIndex=5357, commits[b5da6a4a-1459-46a4-9479-d2035163dbe2:c5357, 69c25b61-d669-4f17-b36d-41bca3df1f31:c5355, d2a7b1fa-fac6-4c6f-8c6d-9ac7414c70c3:c5355]
2019-07-14 04:24:01,371 INFO  client.GrpcClientProtocolClient (GrpcClientProtocolClient.java:onNext(255)) - client-8DB4338F17D0->b5da6a4a-1459-46a4-9479-d2035163dbe2: receive RaftClientReply:client-8DB4338F17D0->b5da6a4a-1459-46a4-9479-d2035163dbe2@group-4A9565783204, cid=3536, SUCCESS, logIndex=5360, commits[b5da6a4a-1459-46a4-9479-d2035163dbe2:c5361, 69c25b61-d669-4f17-b36d-41bca3df1f31:c5359, d2a7b1fa-fac6-4c6f-8c6d-9ac7414c70c3:c5359]
2019-07-14 04:24:01,371 INFO  client.GrpcClientProtocolClient (GrpcClientProtocolClient.java:onNext(255)) - client-8DB4338F17D0->b5da6a4a-1459-46a4-9479-d2035163dbe2: receive RaftClientReply:client-8DB4338F17D0->b5da6a4a-1459-46a4-9479-d2035163dbe2@group-4A9565783204, cid=3537, SUCCESS, logIndex=5361, commits[b5da6a4a-1459-46a4-9479-d2035163dbe2:c5361, 69c25b61-d669-4f17-b36d-41bca3df1f31:c5359, d2a7b1fa-fac6-4c6f-8c6d-9ac7414c70c3:c5359]
2019-07-14 04:24:01,383 INFO  client.GrpcClientProtocolClient (GrpcClientProtocolClient.java:onNext(255)) - client-8DB4338F17D0->b5da6a4a-1459-46a4-9479-d2035163dbe2: receive RaftClientReply:client-8DB4338F17D0->b5da6a4a-1459-46a4-9479-d2035163dbe2@group-4A9565783204, cid=3538, SUCCESS, logIndex=0, commits[b5da6a4a-1459-46a4-9479-d2035163dbe2:c5362, 69c25b61-d669-4f17-b36d-41bca3df1f31:c5361, d2a7b1fa-fac6-4c6f-8c6d-9ac7414c70c3:c5361]
2019-07-14 04:24:01,407 INFO  client.GrpcClientProtocolClient (GrpcClientProtocolClient.java:onNext(255)) - client-8DB4338F17D0->b5da6a4a-1459-46a4-9479-d2035163dbe2: receive RaftClientReply:client-8DB4338F17D0->b5da6a4a-1459-46a4-9479-d2035163dbe2@group-4A9565783204, cid=3539, SUCCESS, logIndex=5364, commits[b5da6a4a-1459-46a4-9479-d2035163dbe2:c5367, 69c25b61-d669-4f17-b36d-41bca3df1f31:c5363, d2a7b1fa-fac6-4c6f-8c6d-9ac7414c70c3:c5363]
2019-07-14 04:24:01,408 INFO  client.GrpcClientProtocolClient (GrpcClientProtocolClient.java:onNext(255)) - client-8DB4338F17D0->b5da6a4a-1459-46a4-9479-d2035163dbe2: receive RaftClientReply:client-8DB4338F17D0->b5da6a4a-1459-46a4-9479-d2035163dbe2@group-4A9565783204, cid=3540, SUCCESS, logIndex=5365, commits[b5da6a4a-1459-46a4-9479-d2035163dbe2:c5367, 69c25b61-d669-4f17-b36d-41bca3df1f31:c5363, d2a7b1fa-fac6-4c6f-8c6d-9ac7414c70c3:c5363]
2019-07-14 04:24:01,408 INFO  client.GrpcClientProtocolClient (GrpcClientProtocolClient.java:onNext(255)) - client-8DB4338F17D0->b5da6a4a-1459-46a4-9479-d2035163dbe2: receive RaftClientReply:client-8DB4338F17D0->b5da6a4a-1459-46a4-9479-d2035163dbe2@group-4A9565783204, cid=3541, SUCCESS, logIndex=5366, commits[b5da6a4a-1459-46a4-9479-d2035163dbe2:c5367, 69c25b61-d669-4f17-b36d-41bca3df1f31:c5363, d2a7b1fa-fac6-4c6f-8c6d-9ac7414c70c3:c5363]
2019-07-14 04:24:01,408 INFO  client.GrpcClientProtocolClient (GrpcClientProtocolClient.java:onNext(255)) - client-8DB4338F17D0->b5da6a4a-1459-46a4-9479-d2035163dbe2: receive RaftClientReply:client-8DB4338F17D0->b5da6a4a-1459-46a4-9479-d2035163dbe2@group-4A9565783204, cid=3542, SUCCESS, logIndex=5367, commits[b5da6a4a-1459-46a4-9479-d2035163dbe2:c5367, 69c25b61-d669-4f17-b36d-41bca3df1f31:c5363, d2a7b1fa-fac6-4c6f-8c6d-9ac7414c70c3:c5363]
2019-07-14 04:24:01,411 INFO  client.GrpcClientProtocolClient (GrpcClientProtocolClient.java:onNext(255)) - client-8DB4338F17D0->b5da6a4a-1459-46a4-9479-d2035163dbe2: receive RaftClientReply:client-8DB4338F17D0->b5da6a4a-1459-46a4-9479-d2035163dbe2@group-4A9565783204, cid=3543, SUCCESS, logIndex=0, commits[b5da6a4a-1459-46a4-9479-d2035163dbe2:c5368, 69c25b61-d669-4f17-b36d-41bca3df1f31:c5366, d2a7b1fa-fac6-4c6f-8c6d-9ac7414c70c3:c5366]
2019-07-14 04:24:01,422 INFO  client.GrpcClientProtocolClient (GrpcClientProtocolClient.java:onNext(255)) - client-8DB4338F17D0->b5da6a4a-1459-46a4-9479-d2035163dbe2: receive RaftClientReply:client-8DB4338F17D0->b5da6a4a-1459-46a4-9479-d2035163dbe2@group-4A9565783204, cid=3544, SUCCESS, logIndex=5371, commits[b5da6a4a-1459-46a4-9479-d2035163dbe2:c5372, 69c25b61-d669-4f17-b36d-41bca3df1f31:c5370, d2a7b1fa-fac6-4c6f-8c6d-9ac7414c70c3:c5370]
2019-07-14 04:24:01,423 INFO  client.GrpcClientProtocolClient (GrpcClientProtocolClient.java:onNext(255)) - client-8DB4338F17D0->b5da6a4a-1459-46a4-9479-d2035163dbe2: receive RaftClientReply:client-8DB4338F17D0->b5da6a4a-1459-46a4-9479-d2035163dbe2@group-4A9565783204, cid=3545, SUCCESS, logIndex=5372, commits[b5da6a4a-1459-46a4-9479-d2035163dbe2:c5372, 69c25b61-d669-4f17-b36d-41bca3df1f31:c5370, d2a7b1fa-fac6-4c6f-8c6d-9ac7414c70c3:c5370]
2019-07-14 04:24:01,435 INFO  client.GrpcClientProtocolClient (GrpcClientProtocolClient.java:onNext(255)) - client-8DB4338F17D0->b5da6a4a-1459-46a4-9479-d2035163dbe2: receive RaftClientReply:client-8DB4338F17D0->b5da6a4a-1459-46a4-9479-d2035163dbe2@group-4A9565783204, cid=3546, SUCCESS, logIndex=5375, commits[b5da6a4a-1459-46a4-9479-d2035163dbe2:c5376, 69c25b61-d669-4f17-b36d-41bca3df1f31:c5372, d2a7b1fa-fac6-4c6f-8c6d-9ac7414c70c3:c5374]
2019-07-14 04:24:01,435 INFO  client.GrpcClientProtocolClient (GrpcClientProtocolClient.java:onNext(255)) - client-8DB4338F17D0->b5da6a4a-1459-46a4-9479-d2035163dbe2: receive RaftClientReply:client-8DB4338F17D0->b5da6a4a-1459-46a4-9479-d2035163dbe2@group-4A9565783204, cid=3547, SUCCESS, logIndex=5376, commits[b5da6a4a-1459-46a4-9479-d2035163dbe2:c5376, 69c25b61-d669-4f17-b36d-41bca3df1f31:c5374, d2a7b1fa-fac6-4c6f-8c6d-9ac7414c70c3:c5374]
2019-07-14 04:24:01,438 INFO  client.GrpcClientProtocolClient (GrpcClientProtocolClient.java:onNext(255)) - client-8DB4338F17D0->b5da6a4a-1459-46a4-9479-d2035163dbe2: receive RaftClientReply:client-8DB4338F17D0->b5da6a4a-1459-46a4-9479-d2035163dbe2@group-4A9565783204, cid=3548, SUCCESS, logIndex=0, commits[b5da6a4a-1459-46a4-9479-d2035163dbe2:c5377, 69c25b61-d669-4f17-b36d-41bca3df1f31:c5376, d2a7b1fa-fac6-4c6f-8c6d-9ac7414c70c3:c5376]
2019-07-14 04:24:01,467 INFO  client.GrpcClientProtocolClient (GrpcClientProtocolClient.java:onNext(255)) - client-8DB4338F17D0->b5da6a4a-1459-46a4-9479-d2035163dbe2: receive RaftClientReply:client-8DB4338F17D0->b5da6a4a-1459-46a4-9479-d2035163dbe2@group-4A9565783204, cid=3549, SUCCESS, logIndex=5379, commits[b5da6a4a-1459-46a4-9479-d2035163dbe2:c5380, 69c25b61-d669-4f17-b36d-41bca3df1f31:c5378, d2a7b1fa-fac6-4c6f-8c6d-9ac7414c70c3:c5378]
2019-07-14 04:24:01,467 INFO  client.GrpcClientProtocolClient (GrpcClientProtocolClient.java:onNext(255)) - client-8DB4338F17D0->b5da6a4a-1459-46a4-9479-d2035163dbe2: receive RaftClientReply:client-8DB4338F17D0->b5da6a4a-1459-46a4-9479-d2035163dbe2@group-4A9565783204, cid=3550, SUCCESS, logIndex=5380, commits[b5da6a4a-1459-46a4-9479-d2035163dbe2:c5381, 69c25b61-d669-4f17-b36d-41bca3df1f31:c5378, d2a7b1fa-fac6-4c6f-8c6d-9ac7414c70c3:c5378]
2019-07-14 04:24:01,468 INFO  client.GrpcClientProtocolClient (GrpcClientProtocolClient.java:onNext(255)) - client-8DB4338F17D0->b5da6a4a-1459-46a4-9479-d2035163dbe2: receive RaftClientReply:client-8DB4338F17D0->b5da6a4a-1459-46a4-9479-d2035163dbe2@group-4A9565783204, cid=3551, SUCCESS, logIndex=5381, commits[b5da6a4a-1459-46a4-9479-d2035163dbe2:c5382, 69c25b61-d669-4f17-b36d-41bca3df1f31:c5378, d2a7b1fa-fac6-4c6f-8c6d-9ac7414c70c3:c5378]
2019-07-14 04:24:01,468 INFO  client.GrpcClientProtocolClient (GrpcClientProtocolClient.java:onNext(255)) - client-8DB4338F17D0->b5da6a4a-1459-46a4-9479-d2035163dbe2: receive RaftClientReply:client-8DB4338F17D0->b5da6a4a-1459-46a4-9479-d2035163dbe2@group-4A9565783204, cid=3552, SUCCESS, logIndex=5382, commits[b5da6a4a-1459-46a4-9479-d2035163dbe2:c5382, 69c25b61-d669-4f17-b36d-41bca3df1f31:c5378, d2a7b1fa-fac6-4c6f-8c6d-9ac7414c70c3:c5378]
2019-07-14 04:24:01,475 INFO  client.GrpcClientProtocolClient (GrpcClientProtocolClient.java:onNext(255)) - client-8DB4338F17D0->b5da6a4a-1459-46a4-9479-d2035163dbe2: receive RaftClientReply:client-8DB4338F17D0->b5da6a4a-1459-46a4-9479-d2035163dbe2@group-4A9565783204, cid=3553, SUCCESS, logIndex=0, commits[b5da6a4a-1459-46a4-9479-d2035163dbe2:c5385, 69c25b61-d669-4f17-b36d-41bca3df1f31:c5381, d2a7b1fa-fac6-4c6f-8c6d-9ac7414c70c3:c5381]
2019-07-14 04:24:01,494 INFO  client.GrpcClientProtocolClient (GrpcClientProtocolClient.java:onNext(255)) - client-8DB4338F17D0->b5da6a4a-1459-46a4-9479-d2035163dbe2: receive RaftClientReply:client-8DB4338F17D0->b5da6a4a-1459-46a4-9479-d2035163dbe2@group-4A9565783204, cid=3554, SUCCESS, logIndex=5387, commits[b5da6a4a-1459-46a4-9479-d2035163dbe2:c5388, 69c25b61-d669-4f17-b36d-41bca3df1f31:c5386, d2a7b1fa-fac6-4c6f-8c6d-9ac7414c70c3:c5382]
2019-07-14 04:24:01,494 INFO  client.GrpcClientProtocolClient (GrpcClientProtocolClient.java:onNext(255)) - client-8DB4338F17D0->b5da6a4a-1459-46a4-9479-d2035163dbe2: receive RaftClientReply:client-8DB4338F17D0->b5da6a4a-1459-46a4-9479-d2035163dbe2@group-4A9565783204, cid=3555, SUCCESS, logIndex=5388, commits[b5da6a4a-1459-46a4-9479-d2035163dbe2:c5388, 69c25b61-d669-4f17-b36d-41bca3df1f31:c5386, d2a7b1fa-fac6-4c6f-8c6d-9ac7414c70c3:c5386]
2019-07-14 04:24:01,512 INFO  client.GrpcClientProtocolClient (GrpcClientProtocolClient.java:onNext(255)) - client-8DB4338F17D0->b5da6a4a-1459-46a4-9479-d2035163dbe2: receive RaftClientReply:client-8DB4338F17D0->b5da6a4a-1459-46a4-9479-d2035163dbe2@group-4A9565783204, cid=3556, SUCCESS, logIndex=5391, commits[b5da6a4a-1459-46a4-9479-d2035163dbe2:c5392, 69c25b61-d669-4f17-b36d-41bca3df1f31:c5390, d2a7b1fa-fac6-4c6f-8c6d-9ac7414c70c3:c5390]
2019-07-14 04:24:01,512 INFO  client.GrpcClientProtocolClient (GrpcClientProtocolClient.java:onNext(255)) - client-8DB4338F17D0->b5da6a4a-1459-46a4-9479-d2035163dbe2: receive RaftClientReply:client-8DB4338F17D0->b5da6a4a-1459-46a4-9479-d2035163dbe2@group-4A9565783204, cid=3557, SUCCESS, logIndex=5392, commits[b5da6a4a-1459-46a4-9479-d2035163dbe2:c5392, 69c25b61-d669-4f17-b36d-41bca3df1f31:c5390, d2a7b1fa-fac6-4c6f-8c6d-9ac7414c70c3:c5390]
2019-07-14 04:24:01,526 INFO  client.GrpcClientProtocolClient (GrpcClientProtocolClient.java:onNext(255)) - client-8DB4338F17D0->b5da6a4a-1459-46a4-9479-d2035163dbe2: receive RaftClientReply:client-8DB4338F17D0->b5da6a4a-1459-46a4-9479-d2035163dbe2@group-4A9565783204, cid=3558, SUCCESS, logIndex=0, commits[b5da6a4a-1459-46a4-9479-d2035163dbe2:c5394, 69c25b61-d669-4f17-b36d-41bca3df1f31:c5392, d2a7b1fa-fac6-4c6f-8c6d-9ac7414c70c3:c5392]
2019-07-14 04:24:01,558 INFO  client.GrpcClientProtocolClient (GrpcClientProtocolClient.java:onNext(255)) - client-8DB4338F17D0->b5da6a4a-1459-46a4-9479-d2035163dbe2: receive RaftClientReply:client-8DB4338F17D0->b5da6a4a-1459-46a4-9479-d2035163dbe2@group-4A9565783204, cid=3559, SUCCESS, logIndex=5395, commits[b5da6a4a-1459-46a4-9479-d2035163dbe2:c5397, 69c25b61-d669-4f17-b36d-41bca3df1f31:c5394, d2a7b1fa-fac6-4c6f-8c6d-9ac7414c70c3:c5394]
2019-07-14 04:24:01,559 INFO  client.GrpcClientProtocolClient (GrpcClientProtocolClient.java:onNext(255)) - client-8DB4338F17D0->b5da6a4a-1459-46a4-9479-d2035163dbe2: receive RaftClientReply:client-8DB4338F17D0->b5da6a4a-1459-46a4-9479-d2035163dbe2@group-4A9565783204, cid=3560, SUCCESS, logIndex=5396, commits[b5da6a4a-1459-46a4-9479-d2035163dbe2:c5398, 69c25b61-d669-4f17-b36d-41bca3df1f31:c5394, d2a7b1fa-fac6-4c6f-8c6d-9ac7414c70c3:c5394]
2019-07-14 04:24:01,559 INFO  client.GrpcClientProtocolClient (GrpcClientProtocolClient.java:onNext(255)) - client-8DB4338F17D0->b5da6a4a-1459-46a4-9479-d2035163dbe2: receive RaftClientReply:client-8DB4338F17D0->b5da6a4a-1459-46a4-9479-d2035163dbe2@group-4A9565783204, cid=3561, SUCCESS, logIndex=5397, commits[b5da6a4a-1459-46a4-9479-d2035163dbe2:c5398, 69c25b61-d669-4f17-b36d-41bca3df1f31:c5394, d2a7b1fa-fac6-4c6f-8c6d-9ac7414c70c3:c5394]
2019-07-14 04:24:01,559 INFO  client.GrpcClientProtocolClient (GrpcClientProtocolClient.java:onNext(255)) - client-8DB4338F17D0->b5da6a4a-1459-46a4-9479-d2035163dbe2: receive RaftClientReply:client-8DB4338F17D0->b5da6a4a-1459-46a4-9479-d2035163dbe2@group-4A9565783204, cid=3562, SUCCESS, logIndex=5398, commits[b5da6a4a-1459-46a4-9479-d2035163dbe2:c5398, 69c25b61-d669-4f17-b36d-41bca3df1f31:c5394, d2a7b1fa-fac6-4c6f-8c6d-9ac7414c70c3:c5394]
2019-07-14 04:24:01,572 INFO  client.GrpcClientProtocolClient (GrpcClientProtocolClient.java:onNext(255)) - client-8DB4338F17D0->b5da6a4a-1459-46a4-9479-d2035163dbe2: receive RaftClientReply:client-8DB4338F17D0->b5da6a4a-1459-46a4-9479-d2035163dbe2@group-4A9565783204, cid=3563, SUCCESS, logIndex=0, commits[b5da6a4a-1459-46a4-9479-d2035163dbe2:c5402, 69c25b61-d669-4f17-b36d-41bca3df1f31:c5398, d2a7b1fa-fac6-4c6f-8c6d-9ac7414c70c3:c5397]
2019-07-14 04:24:01,582 INFO  client.GrpcClientProtocolClient (GrpcClientProtocolClient.java:onNext(255)) - client-8DB4338F17D0->b5da6a4a-1459-46a4-9479-d2035163dbe2: receive RaftClientReply:client-8DB4338F17D0->b5da6a4a-1459-46a4-9479-d2035163dbe2@group-4A9565783204, cid=3564, SUCCESS, logIndex=5403, commits[b5da6a4a-1459-46a4-9479-d2035163dbe2:c5404, 69c25b61-d669-4f17-b36d-41bca3df1f31:c5402, d2a7b1fa-fac6-4c6f-8c6d-9ac7414c70c3:c5398]
2019-07-14 04:24:01,582 INFO  client.GrpcClientProtocolClient (GrpcClientProtocolClient.java:onNext(255)) - client-8DB4338F17D0->b5da6a4a-1459-46a4-9479-d2035163dbe2: receive RaftClientReply:client-8DB4338F17D0->b5da6a4a-1459-46a4-9479-d2035163dbe2@group-4A9565783204, cid=3565, SUCCESS, logIndex=5404, commits[b5da6a4a-1459-46a4-9479-d2035163dbe2:c5404, 69c25b61-d669-4f17-b36d-41bca3df1f31:c5402, d2a7b1fa-fac6-4c6f-8c6d-9ac7414c70c3:c5398]
2019-07-14 04:24:01,592 INFO  client.GrpcClientProtocolClient (GrpcClientProtocolClient.java:onNext(255)) - client-8DB4338F17D0->b5da6a4a-1459-46a4-9479-d2035163dbe2: receive RaftClientReply:client-8DB4338F17D0->b5da6a4a-1459-46a4-9479-d2035163dbe2@group-4A9565783204, cid=3566, SUCCESS, logIndex=5407, commits[b5da6a4a-1459-46a4-9479-d2035163dbe2:c5408, 69c25b61-d669-4f17-b36d-41bca3df1f31:c5405, d2a7b1fa-fac6-4c6f-8c6d-9ac7414c70c3:c5404]
2019-07-14 04:24:01,593 INFO  client.GrpcClientProtocolClient (GrpcClientProtocolClient.java:onNext(255)) - client-8DB4338F17D0->b5da6a4a-1459-46a4-9479-d2035163dbe2: receive RaftClientReply:client-8DB4338F17D0->b5da6a4a-1459-46a4-9479-d2035163dbe2@group-4A9565783204, cid=3567, SUCCESS, logIndex=5408, commits[b5da6a4a-1459-46a4-9479-d2035163dbe2:c5408, 69c25b61-d669-4f17-b36d-41bca3df1f31:c5405, d2a7b1fa-fac6-4c6f-8c6d-9ac7414c70c3:c5405]
2019-07-14 04:24:01,595 INFO  client.GrpcClientProtocolClient (GrpcClientProtocolClient.java:onNext(255)) - client-8DB4338F17D0->b5da6a4a-1459-46a4-9479-d2035163dbe2: receive RaftClientReply:client-8DB4338F17D0->b5da6a4a-1459-46a4-9479-d2035163dbe2@group-4A9565783204, cid=3568, SUCCESS, logIndex=0, commits[b5da6a4a-1459-46a4-9479-d2035163dbe2:c5409, 69c25b61-d669-4f17-b36d-41bca3df1f31:c5408, d2a7b1fa-fac6-4c6f-8c6d-9ac7414c70c3:c5408]
2019-07-14 04:24:01,624 INFO  client.GrpcClientProtocolClient (GrpcClientProtocolClient.java:onNext(255)) - client-8DB4338F17D0->b5da6a4a-1459-46a4-9479-d2035163dbe2: receive RaftClientReply:client-8DB4338F17D0->b5da6a4a-1459-46a4-9479-d2035163dbe2@group-4A9565783204, cid=3569, SUCCESS, logIndex=5411, commits[b5da6a4a-1459-46a4-9479-d2035163dbe2:c5411, 69c25b61-d669-4f17-b36d-41bca3df1f31:c5410, d2a7b1fa-fac6-4c6f-8c6d-9ac7414c70c3:c5410]
2019-07-14 04:24:01,625 INFO  client.GrpcClientProtocolClient (GrpcClientProtocolClient.java:onNext(255)) - client-8DB4338F17D0->b5da6a4a-1459-46a4-9479-d2035163dbe2: receive RaftClientReply:client-8DB4338F17D0->b5da6a4a-1459-46a4-9479-d2035163dbe2@group-4A9565783204, cid=3570, SUCCESS, logIndex=5412, commits[b5da6a4a-1459-46a4-9479-d2035163dbe2:c5414, 69c25b61-d669-4f17-b36d-41bca3df1f31:c5410, d2a7b1fa-fac6-4c6f-8c6d-9ac7414c70c3:c5410]
2019-07-14 04:24:01,625 INFO  client.GrpcClientProtocolClient (GrpcClientProtocolClient.java:onNext(255)) - client-8DB4338F17D0->b5da6a4a-1459-46a4-9479-d2035163dbe2: receive RaftClientReply:client-8DB4338F17D0->b5da6a4a-1459-46a4-9479-d2035163dbe2@group-4A9565783204, cid=3571, SUCCESS, logIndex=5413, commits[b5da6a4a-1459-46a4-9479-d2035163dbe2:c5414, 69c25b61-d669-4f17-b36d-41bca3df1f31:c5410, d2a7b1fa-fac6-4c6f-8c6d-9ac7414c70c3:c5410]
2019-07-14 04:24:01,626 INFO  client.GrpcClientProtocolClient (GrpcClientProtocolClient.java:onNext(255)) - client-8DB4338F17D0->b5da6a4a-1459-46a4-9479-d2035163dbe2: receive RaftClientReply:client-8DB4338F17D0->b5da6a4a-1459-46a4-9479-d2035163dbe2@group-4A9565783204, cid=3572, SUCCESS, logIndex=5414, commits[b5da6a4a-1459-46a4-9479-d2035163dbe2:c5414, 69c25b61-d669-4f17-b36d-41bca3df1f31:c5410, d2a7b1fa-fac6-4c6f-8c6d-9ac7414c70c3:c5410]
2019-07-14 04:24:01,630 INFO  client.GrpcClientProtocolClient (GrpcClientProtocolClient.java:onNext(255)) - client-8DB4338F17D0->b5da6a4a-1459-46a4-9479-d2035163dbe2: receive RaftClientReply:client-8DB4338F17D0->b5da6a4a-1459-46a4-9479-d2035163dbe2@group-4A9565783204, cid=3573, SUCCESS, logIndex=0, commits[b5da6a4a-1459-46a4-9479-d2035163dbe2:c5418, 69c25b61-d669-4f17-b36d-41bca3df1f31:c5413, d2a7b1fa-fac6-4c6f-8c6d-9ac7414c70c3:c5414]
2019-07-14 04:24:01,645 INFO  client.GrpcClientProtocolClient (GrpcClientProtocolClient.java:onNext(255)) - client-8DB4338F17D0->b5da6a4a-1459-46a4-9479-d2035163dbe2: receive RaftClientReply:client-8DB4338F17D0->b5da6a4a-1459-46a4-9479-d2035163dbe2@group-4A9565783204, cid=3574, SUCCESS, logIndex=5419, commits[b5da6a4a-1459-46a4-9479-d2035163dbe2:c5420, 69c25b61-d669-4f17-b36d-41bca3df1f31:c5418, d2a7b1fa-fac6-4c6f-8c6d-9ac7414c70c3:c5418]
2019-07-14 04:24:01,645 INFO  client.GrpcClientProtocolClient (GrpcClientProtocolClient.java:onNext(255)) - client-8DB4338F17D0->b5da6a4a-1459-46a4-9479-d2035163dbe2: receive RaftClientReply:client-8DB4338F17D0->b5da6a4a-1459-46a4-9479-d2035163dbe2@group-4A9565783204, cid=3575, SUCCESS, logIndex=5420, commits[b5da6a4a-1459-46a4-9479-d2035163dbe2:c5420, 69c25b61-d669-4f17-b36d-41bca3df1f31:c5418, d2a7b1fa-fac6-4c6f-8c6d-9ac7414c70c3:c5418]
2019-07-14 04:24:01,720 INFO  client.GrpcClientProtocolClient (GrpcClientProtocolClient.java:onNext(255)) - client-8DB4338F17D0->b5da6a4a-1459-46a4-9479-d2035163dbe2: receive RaftClientReply:client-8DB4338F17D0->b5da6a4a-1459-46a4-9479-d2035163dbe2@group-4A9565783204, cid=3576, SUCCESS, logIndex=5423, commits[b5da6a4a-1459-46a4-9479-d2035163dbe2:c5424, 69c25b61-d669-4f17-b36d-41bca3df1f31:c5421, d2a7b1fa-fac6-4c6f-8c6d-9ac7414c70c3:c5421]
2019-07-14 04:24:01,720 INFO  client.GrpcClientProtocolClient (GrpcClientProtocolClient.java:onNext(255)) - client-8DB4338F17D0->b5da6a4a-1459-46a4-9479-d2035163dbe2: receive RaftClientReply:client-8DB4338F17D0->b5da6a4a-1459-46a4-9479-d2035163dbe2@group-4A9565783204, cid=3577, SUCCESS, logIndex=5424, commits[b5da6a4a-1459-46a4-9479-d2035163dbe2:c5424, 69c25b61-d669-4f17-b36d-41bca3df1f31:c5421, d2a7b1fa-fac6-4c6f-8c6d-9ac7414c70c3:c5421]
2019-07-14 04:24:01,722 INFO  client.GrpcClientProtocolClient (GrpcClientProtocolClient.java:onNext(255)) - client-8DB4338F17D0->b5da6a4a-1459-46a4-9479-d2035163dbe2: receive RaftClientReply:client-8DB4338F17D0->b5da6a4a-1459-46a4-9479-d2035163dbe2@group-4A9565783204, cid=3578, SUCCESS, logIndex=0, commits[b5da6a4a-1459-46a4-9479-d2035163dbe2:c5425, 69c25b61-d669-4f17-b36d-41bca3df1f31:c5424, d2a7b1fa-fac6-4c6f-8c6d-9ac7414c70c3:c5424]
2019-07-14 04:24:01,755 INFO  client.GrpcClientProtocolClient (GrpcClientProtocolClient.java:onNext(255)) - client-8DB4338F17D0->b5da6a4a-1459-46a4-9479-d2035163dbe2: receive RaftClientReply:client-8DB4338F17D0->b5da6a4a-1459-46a4-9479-d2035163dbe2@group-4A9565783204, cid=3579, SUCCESS, logIndex=5427, commits[b5da6a4a-1459-46a4-9479-d2035163dbe2:c5430, 69c25b61-d669-4f17-b36d-41bca3df1f31:c5426, d2a7b1fa-fac6-4c6f-8c6d-9ac7414c70c3:c5426]
2019-07-14 04:24:01,756 INFO  client.GrpcClientProtocolClient (GrpcClientProtocolClient.java:onNext(255)) - client-8DB4338F17D0->b5da6a4a-1459-46a4-9479-d2035163dbe2: receive RaftClientReply:client-8DB4338F17D0->b5da6a4a-1459-46a4-9479-d2035163dbe2@group-4A9565783204, cid=3580, SUCCESS, logIndex=5428, commits[b5da6a4a-1459-46a4-9479-d2035163dbe2:c5430, 69c25b61-d669-4f17-b36d-41bca3df1f31:c5426, d2a7b1fa-fac6-4c6f-8c6d-9ac7414c70c3:c5426]
2019-07-14 04:24:01,756 INFO  client.GrpcClientProtocolClient (GrpcClientProtocolClient.java:onNext(255)) - client-8DB4338F17D0->b5da6a4a-1459-46a4-9479-d2035163dbe2: receive RaftClientReply:client-8DB4338F17D0->b5da6a4a-1459-46a4-9479-d2035163dbe2@group-4A9565783204, cid=3581, SUCCESS, logIndex=5429, commits[b5da6a4a-1459-46a4-9479-d2035163dbe2:c5430, 69c25b61-d669-4f17-b36d-41bca3df1f31:c5426, d2a7b1fa-fac6-4c6f-8c6d-9ac7414c70c3:c5426]
2019-07-14 04:24:01,756 INFO  client.GrpcClientProtocolClient (GrpcClientProtocolClient.java:onNext(255)) - client-8DB4338F17D0->b5da6a4a-1459-46a4-9479-d2035163dbe2: receive RaftClientReply:client-8DB4338F17D0->b5da6a4a-1459-46a4-9479-d2035163dbe2@group-4A9565783204, cid=3582, SUCCESS, logIndex=5430, commits[b5da6a4a-1459-46a4-9479-d2035163dbe2:c5430, 69c25b61-d669-4f17-b36d-41bca3df1f31:c5426, d2a7b1fa-fac6-4c6f-8c6d-9ac7414c70c3:c5426]
2019-07-14 04:24:01,758 INFO  client.GrpcClientProtocolClient (GrpcClientProtocolClient.java:onNext(255)) - client-8DB4338F17D0->b5da6a4a-1459-46a4-9479-d2035163dbe2: receive RaftClientReply:client-8DB4338F17D0->b5da6a4a-1459-46a4-9479-d2035163dbe2@group-4A9565783204, cid=3583, SUCCESS, logIndex=0, commits[b5da6a4a-1459-46a4-9479-d2035163dbe2:c5431, 69c25b61-d669-4f17-b36d-41bca3df1f31:c5428, d2a7b1fa-fac6-4c6f-8c6d-9ac7414c70c3:c5428]
2019-07-14 04:24:01,771 INFO  client.GrpcClientProtocolClient (GrpcClientProtocolClient.java:onNext(255)) - client-8DB4338F17D0->b5da6a4a-1459-46a4-9479-d2035163dbe2: receive RaftClientReply:client-8DB4338F17D0->b5da6a4a-1459-46a4-9479-d2035163dbe2@group-4A9565783204, cid=3584, SUCCESS, logIndex=5435, commits[b5da6a4a-1459-46a4-9479-d2035163dbe2:c5436, 69c25b61-d669-4f17-b36d-41bca3df1f31:c5434, d2a7b1fa-fac6-4c6f-8c6d-9ac7414c70c3:c5434]
2019-07-14 04:24:01,771 INFO  client.GrpcClientProtocolClient (GrpcClientProtocolClient.java:onNext(255)) - client-8DB4338F17D0->b5da6a4a-1459-46a4-9479-d2035163dbe2: receive RaftClientReply:client-8DB4338F17D0->b5da6a4a-1459-46a4-9479-d2035163dbe2@group-4A9565783204, cid=3585, SUCCESS, logIndex=5436, commits[b5da6a4a-1459-46a4-9479-d2035163dbe2:c5436, 69c25b61-d669-4f17-b36d-41bca3df1f31:c5434, d2a7b1fa-fac6-4c6f-8c6d-9ac7414c70c3:c5434]
2019-07-14 04:24:01,784 INFO  client.GrpcClientProtocolClient (GrpcClientProtocolClient.java:onNext(255)) - client-8DB4338F17D0->b5da6a4a-1459-46a4-9479-d2035163dbe2: receive RaftClientReply:client-8DB4338F17D0->b5da6a4a-1459-46a4-9479-d2035163dbe2@group-4A9565783204, cid=3586, SUCCESS, logIndex=5439, commits[b5da6a4a-1459-46a4-9479-d2035163dbe2:c5439, 69c25b61-d669-4f17-b36d-41bca3df1f31:c5436, d2a7b1fa-fac6-4c6f-8c6d-9ac7414c70c3:c5436]
2019-07-14 04:24:01,784 INFO  client.GrpcClientProtocolClient (GrpcClientProtocolClient.java:onNext(255)) - client-8DB4338F17D0->b5da6a4a-1459-46a4-9479-d2035163dbe2: receive RaftClientReply:client-8DB4338F17D0->b5da6a4a-1459-46a4-9479-d2035163dbe2@group-4A9565783204, cid=3587, SUCCESS, logIndex=5440, commits[b5da6a4a-1459-46a4-9479-d2035163dbe2:c5440, 69c25b61-d669-4f17-b36d-41bca3df1f31:c5436, d2a7b1fa-fac6-4c6f-8c6d-9ac7414c70c3:c5436]
2019-07-14 04:24:01,799 INFO  client.GrpcClientProtocolClient (GrpcClientProtocolClient.java:onNext(255)) - client-8DB4338F17D0->b5da6a4a-1459-46a4-9479-d2035163dbe2: receive RaftClientReply:client-8DB4338F17D0->b5da6a4a-1459-46a4-9479-d2035163dbe2@group-4A9565783204, cid=3588, SUCCESS, logIndex=0, commits[b5da6a4a-1459-46a4-9479-d2035163dbe2:c5442, 69c25b61-d669-4f17-b36d-41bca3df1f31:c5440, d2a7b1fa-fac6-4c6f-8c6d-9ac7414c70c3:c5440]
2019-07-14 04:24:01,827 INFO  client.GrpcClientProtocolClient (GrpcClientProtocolClient.java:onNext(255)) - client-8DB4338F17D0->b5da6a4a-1459-46a4-9479-d2035163dbe2: receive RaftClientReply:client-8DB4338F17D0->b5da6a4a-1459-46a4-9479-d2035163dbe2@group-4A9565783204, cid=3589, SUCCESS, logIndex=5443, commits[b5da6a4a-1459-46a4-9479-d2035163dbe2:c5445, 69c25b61-d669-4f17-b36d-41bca3df1f31:c5440, d2a7b1fa-fac6-4c6f-8c6d-9ac7414c70c3:c5442]
2019-07-14 04:24:01,828 INFO  client.GrpcClientProtocolClient (GrpcClientProtocolClient.java:onNext(255)) - client-8DB4338F17D0->b5da6a4a-1459-46a4-9479-d2035163dbe2: receive RaftClientReply:client-8DB4338F17D0->b5da6a4a-1459-46a4-9479-d2035163dbe2@group-4A9565783204, cid=3590, SUCCESS, logIndex=5444, commits[b5da6a4a-1459-46a4-9479-d2035163dbe2:c5446, 69c25b61-d669-4f17-b36d-41bca3df1f31:c5442, d2a7b1fa-fac6-4c6f-8c6d-9ac7414c70c3:c5442]
2019-07-14 04:24:01,828 INFO  client.GrpcClientProtocolClient (GrpcClientProtocolClient.java:onNext(255)) - client-8DB4338F17D0->b5da6a4a-1459-46a4-9479-d2035163dbe2: receive RaftClientReply:client-8DB4338F17D0->b5da6a4a-1459-46a4-9479-d2035163dbe2@group-4A9565783204, cid=3591, SUCCESS, logIndex=5445, commits[b5da6a4a-1459-46a4-9479-d2035163dbe2:c5446, 69c25b61-d669-4f17-b36d-41bca3df1f31:c5442, d2a7b1fa-fac6-4c6f-8c6d-9ac7414c70c3:c5442]
2019-07-14 04:24:01,828 INFO  client.GrpcClientProtocolClient (GrpcClientProtocolClient.java:onNext(255)) - client-8DB4338F17D0->b5da6a4a-1459-46a4-9479-d2035163dbe2: receive RaftClientReply:client-8DB4338F17D0->b5da6a4a-1459-46a4-9479-d2035163dbe2@group-4A9565783204, cid=3592, SUCCESS, logIndex=5446, commits[b5da6a4a-1459-46a4-9479-d2035163dbe2:c5446, 69c25b61-d669-4f17-b36d-41bca3df1f31:c5442, d2a7b1fa-fac6-4c6f-8c6d-9ac7414c70c3:c5442]
2019-07-14 04:24:01,832 INFO  client.GrpcClientProtocolClient (GrpcClientProtocolClient.java:onNext(255)) - client-8DB4338F17D0->b5da6a4a-1459-46a4-9479-d2035163dbe2: receive RaftClientReply:client-8DB4338F17D0->b5da6a4a-1459-46a4-9479-d2035163dbe2@group-4A9565783204, cid=3593, SUCCESS, logIndex=0, commits[b5da6a4a-1459-46a4-9479-d2035163dbe2:c5448, 69c25b61-d669-4f17-b36d-41bca3df1f31:c5444, d2a7b1fa-fac6-4c6f-8c6d-9ac7414c70c3:c5444]
2019-07-14 04:24:01,851 INFO  client.GrpcClientProtocolClient (GrpcClientProtocolClient.java:onNext(255)) - client-8DB4338F17D0->b5da6a4a-1459-46a4-9479-d2035163dbe2: receive RaftClientReply:client-8DB4338F17D0->b5da6a4a-1459-46a4-9479-d2035163dbe2@group-4A9565783204, cid=3594, SUCCESS, logIndex=5451, commits[b5da6a4a-1459-46a4-9479-d2035163dbe2:c5451, 69c25b61-d669-4f17-b36d-41bca3df1f31:c5450, d2a7b1fa-fac6-4c6f-8c6d-9ac7414c70c3:c5450]
2019-07-14 04:24:01,851 INFO  client.GrpcClientProtocolClient (GrpcClientProtocolClient.java:onNext(255)) - client-8DB4338F17D0->b5da6a4a-1459-46a4-9479-d2035163dbe2: receive RaftClientReply:client-8DB4338F17D0->b5da6a4a-1459-46a4-9479-d2035163dbe2@group-4A9565783204, cid=3595, SUCCESS, logIndex=5452, commits[b5da6a4a-1459-46a4-9479-d2035163dbe2:c5452, 69c25b61-d669-4f17-b36d-41bca3df1f31:c5450, d2a7b1fa-fac6-4c6f-8c6d-9ac7414c70c3:c5450]
2019-07-14 04:24:01,871 INFO  client.GrpcClientProtocolClient (GrpcClientProtocolClient.java:onNext(255)) - client-8DB4338F17D0->b5da6a4a-1459-46a4-9479-d2035163dbe2: receive RaftClientReply:client-8DB4338F17D0->b5da6a4a-1459-46a4-9479-d2035163dbe2@group-4A9565783204, cid=3596, SUCCESS, logIndex=5455, commits[b5da6a4a-1459-46a4-9479-d2035163dbe2:c5456, 69c25b61-d669-4f17-b36d-41bca3df1f31:c5453, d2a7b1fa-fac6-4c6f-8c6d-9ac7414c70c3:c5453]
2019-07-14 04:24:01,871 INFO  client.GrpcClientProtocolClient (GrpcClientProtocolClient.java:onNext(255)) - client-8DB4338F17D0->b5da6a4a-1459-46a4-9479-d2035163dbe2: receive RaftClientReply:client-8DB4338F17D0->b5da6a4a-1459-46a4-9479-d2035163dbe2@group-4A9565783204, cid=3597, SUCCESS, logIndex=5456, commits[b5da6a4a-1459-46a4-9479-d2035163dbe2:c5456, 69c25b61-d669-4f17-b36d-41bca3df1f31:c5453, d2a7b1fa-fac6-4c6f-8c6d-9ac7414c70c3:c5453]
2019-07-14 04:24:01,876 INFO  client.GrpcClientProtocolClient (GrpcClientProtocolClient.java:onNext(255)) - client-8DB4338F17D0->b5da6a4a-1459-46a4-9479-d2035163dbe2: receive RaftClientReply:client-8DB4338F17D0->b5da6a4a-1459-46a4-9479-d2035163dbe2@group-4A9565783204, cid=3598, SUCCESS, logIndex=0, commits[b5da6a4a-1459-46a4-9479-d2035163dbe2:c5458, 69c25b61-d669-4f17-b36d-41bca3df1f31:c5456, d2a7b1fa-fac6-4c6f-8c6d-9ac7414c70c3:c5456]
2019-07-14 04:24:01,902 INFO  client.GrpcClientProtocolClient (GrpcClientProtocolClient.java:onNext(255)) - client-8DB4338F17D0->b5da6a4a-1459-46a4-9479-d2035163dbe2: receive RaftClientReply:client-8DB4338F17D0->b5da6a4a-1459-46a4-9479-d2035163dbe2@group-4A9565783204, cid=3599, SUCCESS, logIndex=5459, commits[b5da6a4a-1459-46a4-9479-d2035163dbe2:c5460, 69c25b61-d669-4f17-b36d-41bca3df1f31:c5456, d2a7b1fa-fac6-4c6f-8c6d-9ac7414c70c3:c5458]
2019-07-14 04:24:01,903 INFO  client.GrpcClientProtocolClient (GrpcClientProtocolClient.java:onNext(255)) - client-8DB4338F17D0->b5da6a4a-1459-46a4-9479-d2035163dbe2: receive RaftClientReply:client-8DB4338F17D0->b5da6a4a-1459-46a4-9479-d2035163dbe2@group-4A9565783204, cid=3600, SUCCESS, logIndex=5460, commits[b5da6a4a-1459-46a4-9479-d2035163dbe2:c5460, 69c25b61-d669-4f17-b36d-41bca3df1f31:c5456, d2a7b1fa-fac6-4c6f-8c6d-9ac7414c70c3:c5458]
2019-07-14 04:24:01,906 INFO  client.GrpcClientProtocolClient (GrpcClientProtocolClient.java:onNext(255)) - client-8DB4338F17D0->b5da6a4a-1459-46a4-9479-d2035163dbe2: receive RaftClientReply:client-8DB4338F17D0->b5da6a4a-1459-46a4-9479-d2035163dbe2@group-4A9565783204, cid=3601, SUCCESS, logIndex=5461, commits[b5da6a4a-1459-46a4-9479-d2035163dbe2:c5464, 69c25b61-d669-4f17-b36d-41bca3df1f31:c5458, d2a7b1fa-fac6-4c6f-8c6d-9ac7414c70c3:c5460]
2019-07-14 04:24:01,906 INFO  client.GrpcClientProtocolClient (GrpcClientProtocolClient.java:onNext(255)) - client-8DB4338F17D0->b5da6a4a-1459-46a4-9479-d2035163dbe2: receive RaftClientReply:client-8DB4338F17D0->b5da6a4a-1459-46a4-9479-d2035163dbe2@group-4A9565783204, cid=3602, SUCCESS, logIndex=5462, commits[b5da6a4a-1459-46a4-9479-d2035163dbe2:c5464, 69c25b61-d669-4f17-b36d-41bca3df1f31:c5458, d2a7b1fa-fac6-4c6f-8c6d-9ac7414c70c3:c5460]
2019-07-14 04:24:01,907 INFO  client.GrpcClientProtocolClient (GrpcClientProtocolClient.java:onNext(255)) - client-8DB4338F17D0->b5da6a4a-1459-46a4-9479-d2035163dbe2: receive RaftClientReply:client-8DB4338F17D0->b5da6a4a-1459-46a4-9479-d2035163dbe2@group-4A9565783204, cid=3603, SUCCESS, logIndex=0, commits[b5da6a4a-1459-46a4-9479-d2035163dbe2:c5464, 69c25b61-d669-4f17-b36d-41bca3df1f31:c5460, d2a7b1fa-fac6-4c6f-8c6d-9ac7414c70c3:c5460]
2019-07-14 04:24:01,933 INFO  client.GrpcClientProtocolClient (GrpcClientProtocolClient.java:onNext(255)) - client-8DB4338F17D0->b5da6a4a-1459-46a4-9479-d2035163dbe2: receive RaftClientReply:client-8DB4338F17D0->b5da6a4a-1459-46a4-9479-d2035163dbe2@group-4A9565783204, cid=3604, SUCCESS, logIndex=5467, commits[b5da6a4a-1459-46a4-9479-d2035163dbe2:c5468, 69c25b61-d669-4f17-b36d-41bca3df1f31:c5466, d2a7b1fa-fac6-4c6f-8c6d-9ac7414c70c3:c5466]
2019-07-14 04:24:01,933 INFO  client.GrpcClientProtocolClient (GrpcClientProtocolClient.java:onNext(255)) - client-8DB4338F17D0->b5da6a4a-1459-46a4-9479-d2035163dbe2: receive RaftClientReply:client-8DB4338F17D0->b5da6a4a-1459-46a4-9479-d2035163dbe2@group-4A9565783204, cid=3605, SUCCESS, logIndex=5468, commits[b5da6a4a-1459-46a4-9479-d2035163dbe2:c5468, 69c25b61-d669-4f17-b36d-41bca3df1f31:c5466, d2a7b1fa-fac6-4c6f-8c6d-9ac7414c70c3:c5466]
2019-07-14 04:24:02,056 INFO  client.GrpcClientProtocolClient (GrpcClientProtocolClient.java:onNext(255)) - client-8DB4338F17D0->b5da6a4a-1459-46a4-9479-d2035163dbe2: receive RaftClientReply:client-8DB4338F17D0->b5da6a4a-1459-46a4-9479-d2035163dbe2@group-4A9565783204, cid=3606, SUCCESS, logIndex=5471, commits[b5da6a4a-1459-46a4-9479-d2035163dbe2:c5472, 69c25b61-d669-4f17-b36d-41bca3df1f31:c5470, d2a7b1fa-fac6-4c6f-8c6d-9ac7414c70c3:c5470]
2019-07-14 04:24:02,056 INFO  client.GrpcClientProtocolClient (GrpcClientProtocolClient.java:onNext(255)) - client-8DB4338F17D0->b5da6a4a-1459-46a4-9479-d2035163dbe2: receive RaftClientReply:client-8DB4338F17D0->b5da6a4a-1459-46a4-9479-d2035163dbe2@group-4A9565783204, cid=3607, SUCCESS, logIndex=5472, commits[b5da6a4a-1459-46a4-9479-d2035163dbe2:c5472, 69c25b61-d669-4f17-b36d-41bca3df1f31:c5470, d2a7b1fa-fac6-4c6f-8c6d-9ac7414c70c3:c5470]
2019-07-14 04:24:02,068 INFO  client.GrpcClientProtocolClient (GrpcClientProtocolClient.java:onNext(255)) - client-8DB4338F17D0->b5da6a4a-1459-46a4-9479-d2035163dbe2: receive RaftClientReply:client-8DB4338F17D0->b5da6a4a-1459-46a4-9479-d2035163dbe2@group-4A9565783204, cid=3608, SUCCESS, logIndex=0, commits[b5da6a4a-1459-46a4-9479-d2035163dbe2:c5474, 69c25b61-d669-4f17-b36d-41bca3df1f31:c5472, d2a7b1fa-fac6-4c6f-8c6d-9ac7414c70c3:c5472]
2019-07-14 04:24:02,107 INFO  client.GrpcClientProtocolClient (GrpcClientProtocolClient.java:onNext(255)) - client-8DB4338F17D0->b5da6a4a-1459-46a4-9479-d2035163dbe2: receive RaftClientReply:client-8DB4338F17D0->b5da6a4a-1459-46a4-9479-d2035163dbe2@group-4A9565783204, cid=3609, SUCCESS, logIndex=5475, commits[b5da6a4a-1459-46a4-9479-d2035163dbe2:c5476, 69c25b61-d669-4f17-b36d-41bca3df1f31:c5472, d2a7b1fa-fac6-4c6f-8c6d-9ac7414c70c3:c5474]
2019-07-14 04:24:02,108 INFO  client.GrpcClientProtocolClient (GrpcClientProtocolClient.java:onNext(255)) - client-8DB4338F17D0->b5da6a4a-1459-46a4-9479-d2035163dbe2: receive RaftClientReply:client-8DB4338F17D0->b5da6a4a-1459-46a4-9479-d2035163dbe2@group-4A9565783204, cid=3610, SUCCESS, logIndex=5476, commits[b5da6a4a-1459-46a4-9479-d2035163dbe2:c5478, 69c25b61-d669-4f17-b36d-41bca3df1f31:c5474, d2a7b1fa-fac6-4c6f-8c6d-9ac7414c70c3:c5474]
2019-07-14 04:24:02,108 INFO  client.GrpcClientProtocolClient (GrpcClientProtocolClient.java:onNext(255)) - client-8DB4338F17D0->b5da6a4a-1459-46a4-9479-d2035163dbe2: receive RaftClientReply:client-8DB4338F17D0->b5da6a4a-1459-46a4-9479-d2035163dbe2@group-4A9565783204, cid=3611, SUCCESS, logIndex=5477, commits[b5da6a4a-1459-46a4-9479-d2035163dbe2:c5478, 69c25b61-d669-4f17-b36d-41bca3df1f31:c5474, d2a7b1fa-fac6-4c6f-8c6d-9ac7414c70c3:c5474]
2019-07-14 04:24:02,109 INFO  client.GrpcClientProtocolClient (GrpcClientProtocolClient.java:onNext(255)) - client-8DB4338F17D0->b5da6a4a-1459-46a4-9479-d2035163dbe2: receive RaftClientReply:client-8DB4338F17D0->b5da6a4a-1459-46a4-9479-d2035163dbe2@group-4A9565783204, cid=3612, SUCCESS, logIndex=5478, commits[b5da6a4a-1459-46a4-9479-d2035163dbe2:c5479, 69c25b61-d669-4f17-b36d-41bca3df1f31:c5474, d2a7b1fa-fac6-4c6f-8c6d-9ac7414c70c3:c5476]
2019-07-14 04:24:02,110 INFO  client.GrpcClientProtocolClient (GrpcClientProtocolClient.java:onNext(255)) - client-8DB4338F17D0->b5da6a4a-1459-46a4-9479-d2035163dbe2: receive RaftClientReply:client-8DB4338F17D0->b5da6a4a-1459-46a4-9479-d2035163dbe2@group-4A9565783204, cid=3613, SUCCESS, logIndex=0, commits[b5da6a4a-1459-46a4-9479-d2035163dbe2:c5479, 69c25b61-d669-4f17-b36d-41bca3df1f31:c5476, d2a7b1fa-fac6-4c6f-8c6d-9ac7414c70c3:c5476]
2019-07-14 04:24:02,129 INFO  client.GrpcClientProtocolClient (GrpcClientProtocolClient.java:onNext(255)) - client-8DB4338F17D0->b5da6a4a-1459-46a4-9479-d2035163dbe2: receive RaftClientReply:client-8DB4338F17D0->b5da6a4a-1459-46a4-9479-d2035163dbe2@group-4A9565783204, cid=3614, SUCCESS, logIndex=5482, commits[b5da6a4a-1459-46a4-9479-d2035163dbe2:c5483, 69c25b61-d669-4f17-b36d-41bca3df1f31:c5481, d2a7b1fa-fac6-4c6f-8c6d-9ac7414c70c3:c5481]
2019-07-14 04:24:02,130 INFO  client.GrpcClientProtocolClient (GrpcClientProtocolClient.java:onNext(255)) - client-8DB4338F17D0->b5da6a4a-1459-46a4-9479-d2035163dbe2: receive RaftClientReply:client-8DB4338F17D0->b5da6a4a-1459-46a4-9479-d2035163dbe2@group-4A9565783204, cid=3615, SUCCESS, logIndex=5483, commits[b5da6a4a-1459-46a4-9479-d2035163dbe2:c5483, 69c25b61-d669-4f17-b36d-41bca3df1f31:c5481, d2a7b1fa-fac6-4c6f-8c6d-9ac7414c70c3:c5481]
2019-07-14 04:24:02,147 INFO  client.GrpcClientProtocolClient (GrpcClientProtocolClient.java:onNext(255)) - client-8DB4338F17D0->b5da6a4a-1459-46a4-9479-d2035163dbe2: receive RaftClientReply:client-8DB4338F17D0->b5da6a4a-1459-46a4-9479-d2035163dbe2@group-4A9565783204, cid=3616, SUCCESS, logIndex=5486, commits[b5da6a4a-1459-46a4-9479-d2035163dbe2:c5487, 69c25b61-d669-4f17-b36d-41bca3df1f31:c5483, d2a7b1fa-fac6-4c6f-8c6d-9ac7414c70c3:c5483]
2019-07-14 04:24:02,147 INFO  client.GrpcClientProtocolClient (GrpcClientProtocolClient.java:onNext(255)) - client-8DB4338F17D0->b5da6a4a-1459-46a4-9479-d2035163dbe2: receive RaftClientReply:client-8DB4338F17D0->b5da6a4a-1459-46a4-9479-d2035163dbe2@group-4A9565783204, cid=3617, SUCCESS, logIndex=5487, commits[b5da6a4a-1459-46a4-9479-d2035163dbe2:c5487, 69c25b61-d669-4f17-b36d-41bca3df1f31:c5483, d2a7b1fa-fac6-4c6f-8c6d-9ac7414c70c3:c5483]
2019-07-14 04:24:02,150 INFO  client.GrpcClientProtocolClient (GrpcClientProtocolClient.java:onNext(255)) - client-8DB4338F17D0->b5da6a4a-1459-46a4-9479-d2035163dbe2: receive RaftClientReply:client-8DB4338F17D0->b5da6a4a-1459-46a4-9479-d2035163dbe2@group-4A9565783204, cid=3618, SUCCESS, logIndex=0, commits[b5da6a4a-1459-46a4-9479-d2035163dbe2:c5488, 69c25b61-d669-4f17-b36d-41bca3df1f31:c5487, d2a7b1fa-fac6-4c6f-8c6d-9ac7414c70c3:c5487]
2019-07-14 04:24:02,184 INFO  client.GrpcClientProtocolClient (GrpcClientProtocolClient.java:onNext(255)) - client-8DB4338F17D0->b5da6a4a-1459-46a4-9479-d2035163dbe2: receive RaftClientReply:client-8DB4338F17D0->b5da6a4a-1459-46a4-9479-d2035163dbe2@group-4A9565783204, cid=3619, SUCCESS, logIndex=5490, commits[b5da6a4a-1459-46a4-9479-d2035163dbe2:c5491, 69c25b61-d669-4f17-b36d-41bca3df1f31:c5487, d2a7b1fa-fac6-4c6f-8c6d-9ac7414c70c3:c5489]
2019-07-14 04:24:02,185 INFO  client.GrpcClientProtocolClient (GrpcClientProtocolClient.java:onNext(255)) - client-8DB4338F17D0->b5da6a4a-1459-46a4-9479-d2035163dbe2: receive RaftClientReply:client-8DB4338F17D0->b5da6a4a-1459-46a4-9479-d2035163dbe2@group-4A9565783204, cid=3620, SUCCESS, logIndex=5491, commits[b5da6a4a-1459-46a4-9479-d2035163dbe2:c5491, 69c25b61-d669-4f17-b36d-41bca3df1f31:c5487, d2a7b1fa-fac6-4c6f-8c6d-9ac7414c70c3:c5489]
2019-07-14 04:24:02,186 INFO  client.GrpcClientProtocolClient (GrpcClientProtocolClient.java:onNext(255)) - client-8DB4338F17D0->b5da6a4a-1459-46a4-9479-d2035163dbe2: receive RaftClientReply:client-8DB4338F17D0->b5da6a4a-1459-46a4-9479-d2035163dbe2@group-4A9565783204, cid=3621, SUCCESS, logIndex=5492, commits[b5da6a4a-1459-46a4-9479-d2035163dbe2:c5493, 69c25b61-d669-4f17-b36d-41bca3df1f31:c5489, d2a7b1fa-fac6-4c6f-8c6d-9ac7414c70c3:c5489]
2019-07-14 04:24:02,187 INFO  client.GrpcClientProtocolClient (GrpcClientProtocolClient.java:onNext(255)) - client-8DB4338F17D0->b5da6a4a-1459-46a4-9479-d2035163dbe2: receive RaftClientReply:client-8DB4338F17D0->b5da6a4a-1459-46a4-9479-d2035163dbe2@group-4A9565783204, cid=3622, SUCCESS, logIndex=5493, commits[b5da6a4a-1459-46a4-9479-d2035163dbe2:c5493, 69c25b61-d669-4f17-b36d-41bca3df1f31:c5489, d2a7b1fa-fac6-4c6f-8c6d-9ac7414c70c3:c5489]
2019-07-14 04:24:02,188 INFO  client.GrpcClientProtocolClient (GrpcClientProtocolClient.java:onNext(255)) - client-8DB4338F17D0->b5da6a4a-1459-46a4-9479-d2035163dbe2: receive RaftClientReply:client-8DB4338F17D0->b5da6a4a-1459-46a4-9479-d2035163dbe2@group-4A9565783204, cid=3623, SUCCESS, logIndex=0, commits[b5da6a4a-1459-46a4-9479-d2035163dbe2:c5495, 69c25b61-d669-4f17-b36d-41bca3df1f31:c5491, d2a7b1fa-fac6-4c6f-8c6d-9ac7414c70c3:c5491]
2019-07-14 04:24:02,208 INFO  client.GrpcClientProtocolClient (GrpcClientProtocolClient.java:onNext(255)) - client-8DB4338F17D0->b5da6a4a-1459-46a4-9479-d2035163dbe2: receive RaftClientReply:client-8DB4338F17D0->b5da6a4a-1459-46a4-9479-d2035163dbe2@group-4A9565783204, cid=3624, SUCCESS, logIndex=5498, commits[b5da6a4a-1459-46a4-9479-d2035163dbe2:c5499, 69c25b61-d669-4f17-b36d-41bca3df1f31:c5497, d2a7b1fa-fac6-4c6f-8c6d-9ac7414c70c3:c5497]
2019-07-14 04:24:02,209 INFO  client.GrpcClientProtocolClient (GrpcClientProtocolClient.java:onNext(255)) - client-8DB4338F17D0->b5da6a4a-1459-46a4-9479-d2035163dbe2: receive RaftClientReply:client-8DB4338F17D0->b5da6a4a-1459-46a4-9479-d2035163dbe2@group-4A9565783204, cid=3625, SUCCESS, logIndex=5499, commits[b5da6a4a-1459-46a4-9479-d2035163dbe2:c5499, 69c25b61-d669-4f17-b36d-41bca3df1f31:c5497, d2a7b1fa-fac6-4c6f-8c6d-9ac7414c70c3:c5497]
2019-07-14 04:24:02,226 INFO  client.GrpcClientProtocolClient (GrpcClientProtocolClient.java:onNext(255)) - client-8DB4338F17D0->b5da6a4a-1459-46a4-9479-d2035163dbe2: receive RaftClientReply:client-8DB4338F17D0->b5da6a4a-1459-46a4-9479-d2035163dbe2@group-4A9565783204, cid=3626, SUCCESS, logIndex=5502, commits[b5da6a4a-1459-46a4-9479-d2035163dbe2:c5503, 69c25b61-d669-4f17-b36d-41bca3df1f31:c5501, d2a7b1fa-fac6-4c6f-8c6d-9ac7414c70c3:c5499]
2019-07-14 04:24:02,226 INFO  client.GrpcClientProtocolClient (GrpcClientProtocolClient.java:onNext(255)) - client-8DB4338F17D0->b5da6a4a-1459-46a4-9479-d2035163dbe2: receive RaftClientReply:client-8DB4338F17D0->b5da6a4a-1459-46a4-9479-d2035163dbe2@group-4A9565783204, cid=3627, SUCCESS, logIndex=5503, commits[b5da6a4a-1459-46a4-9479-d2035163dbe2:c5503, 69c25b61-d669-4f17-b36d-41bca3df1f31:c5501, d2a7b1fa-fac6-4c6f-8c6d-9ac7414c70c3:c5499]
2019-07-14 04:24:02,228 INFO  client.GrpcClientProtocolClient (GrpcClientProtocolClient.java:onNext(255)) - client-8DB4338F17D0->b5da6a4a-1459-46a4-9479-d2035163dbe2: receive RaftClientReply:client-8DB4338F17D0->b5da6a4a-1459-46a4-9479-d2035163dbe2@group-4A9565783204, cid=3628, SUCCESS, logIndex=0, commits[b5da6a4a-1459-46a4-9479-d2035163dbe2:c5504, 69c25b61-d669-4f17-b36d-41bca3df1f31:c5503, d2a7b1fa-fac6-4c6f-8c6d-9ac7414c70c3:c5503]
 0.00% |█                                                                                                    |  0/1 Time: 0:00:272019-07-14 04:24:02,266 INFO  client.GrpcClientProtocolClient (GrpcClientProtocolClient.java:onNext(255)) - client-8DB4338F17D0->b5da6a4a-1459-46a4-9479-d2035163dbe2: receive RaftClientReply:client-8DB4338F17D0->b5da6a4a-1459-46a4-9479-d2035163dbe2@group-4A9565783204, cid=3629, SUCCESS, logIndex=5505, commits[b5da6a4a-1459-46a4-9479-d2035163dbe2:c5507, 69c25b61-d669-4f17-b36d-41bca3df1f31:c5504, d2a7b1fa-fac6-4c6f-8c6d-9ac7414c70c3:c5504]
2019-07-14 04:24:02,266 INFO  client.GrpcClientProtocolClient (GrpcClientProtocolClient.java:onNext(255)) - client-8DB4338F17D0->b5da6a4a-1459-46a4-9479-d2035163dbe2: receive RaftClientReply:client-8DB4338F17D0->b5da6a4a-1459-46a4-9479-d2035163dbe2@group-4A9565783204, cid=3630, SUCCESS, logIndex=5506, commits[b5da6a4a-1459-46a4-9479-d2035163dbe2:c5507, 69c25b61-d669-4f17-b36d-41bca3df1f31:c5504, d2a7b1fa-fac6-4c6f-8c6d-9ac7414c70c3:c5504]
2019-07-14 04:24:02,266 INFO  client.GrpcClientProtocolClient (GrpcClientProtocolClient.java:onNext(255)) - client-8DB4338F17D0->b5da6a4a-1459-46a4-9479-d2035163dbe2: receive RaftClientReply:client-8DB4338F17D0->b5da6a4a-1459-46a4-9479-d2035163dbe2@group-4A9565783204, cid=3631, SUCCESS, logIndex=5507, commits[b5da6a4a-1459-46a4-9479-d2035163dbe2:c5508, 69c25b61-d669-4f17-b36d-41bca3df1f31:c5504, d2a7b1fa-fac6-4c6f-8c6d-9ac7414c70c3:c5504]
2019-07-14 04:24:02,267 INFO  client.GrpcClientProtocolClient (GrpcClientProtocolClient.java:onNext(255)) - client-8DB4338F17D0->b5da6a4a-1459-46a4-9479-d2035163dbe2: receive RaftClientReply:client-8DB4338F17D0->b5da6a4a-1459-46a4-9479-d2035163dbe2@group-4A9565783204, cid=3632, SUCCESS, logIndex=5508, commits[b5da6a4a-1459-46a4-9479-d2035163dbe2:c5508, 69c25b61-d669-4f17-b36d-41bca3df1f31:c5504, d2a7b1fa-fac6-4c6f-8c6d-9ac7414c70c3:c5504]
2019-07-14 04:24:02,277 INFO  client.GrpcClientProtocolClient (GrpcClientProtocolClient.java:onNext(255)) - client-8DB4338F17D0->b5da6a4a-1459-46a4-9479-d2035163dbe2: receive RaftClientReply:client-8DB4338F17D0->b5da6a4a-1459-46a4-9479-d2035163dbe2@group-4A9565783204, cid=3633, SUCCESS, logIndex=0, commits[b5da6a4a-1459-46a4-9479-d2035163dbe2:c5510, 69c25b61-d669-4f17-b36d-41bca3df1f31:c5506, d2a7b1fa-fac6-4c6f-8c6d-9ac7414c70c3:c5506]
2019-07-14 04:24:02,297 INFO  client.GrpcClientProtocolClient (GrpcClientProtocolClient.java:onNext(255)) - client-8DB4338F17D0->b5da6a4a-1459-46a4-9479-d2035163dbe2: receive RaftClientReply:client-8DB4338F17D0->b5da6a4a-1459-46a4-9479-d2035163dbe2@group-4A9565783204, cid=3634, SUCCESS, logIndex=5513, commits[b5da6a4a-1459-46a4-9479-d2035163dbe2:c5513, 69c25b61-d669-4f17-b36d-41bca3df1f31:c5512, d2a7b1fa-fac6-4c6f-8c6d-9ac7414c70c3:c5512]
2019-07-14 04:24:02,297 INFO  client.GrpcClientProtocolClient (GrpcClientProtocolClient.java:onNext(255)) - client-8DB4338F17D0->b5da6a4a-1459-46a4-9479-d2035163dbe2: receive RaftClientReply:client-8DB4338F17D0->b5da6a4a-1459-46a4-9479-d2035163dbe2@group-4A9565783204, cid=3635, SUCCESS, logIndex=5514, commits[b5da6a4a-1459-46a4-9479-d2035163dbe2:c5514, 69c25b61-d669-4f17-b36d-41bca3df1f31:c5512, d2a7b1fa-fac6-4c6f-8c6d-9ac7414c70c3:c5512]
2019-07-14 04:24:02,317 INFO  client.GrpcClientProtocolClient (GrpcClientProtocolClient.java:onNext(255)) - client-8DB4338F17D0->b5da6a4a-1459-46a4-9479-d2035163dbe2: receive RaftClientReply:client-8DB4338F17D0->b5da6a4a-1459-46a4-9479-d2035163dbe2@group-4A9565783204, cid=3636, SUCCESS, logIndex=5517, commits[b5da6a4a-1459-46a4-9479-d2035163dbe2:c5517, 69c25b61-d669-4f17-b36d-41bca3df1f31:c5515, d2a7b1fa-fac6-4c6f-8c6d-9ac7414c70c3:c5515]
2019-07-14 04:24:02,318 INFO  client.GrpcClientProtocolClient (GrpcClientProtocolClient.java:onNext(255)) - client-8DB4338F17D0->b5da6a4a-1459-46a4-9479-d2035163dbe2: receive RaftClientReply:client-8DB4338F17D0->b5da6a4a-1459-46a4-9479-d2035163dbe2@group-4A9565783204, cid=3637, SUCCESS, logIndex=5518, commits[b5da6a4a-1459-46a4-9479-d2035163dbe2:c5518, 69c25b61-d669-4f17-b36d-41bca3df1f31:c5515, d2a7b1fa-fac6-4c6f-8c6d-9ac7414c70c3:c5515]
2019-07-14 04:24:02,324 INFO  client.GrpcClientProtocolClient (GrpcClientProtocolClient.java:onNext(255)) - client-8DB4338F17D0->b5da6a4a-1459-46a4-9479-d2035163dbe2: receive RaftClientReply:client-8DB4338F17D0->b5da6a4a-1459-46a4-9479-d2035163dbe2@group-4A9565783204, cid=3638, SUCCESS, logIndex=0, commits[b5da6a4a-1459-46a4-9479-d2035163dbe2:c5520, 69c25b61-d669-4f17-b36d-41bca3df1f31:c5518, d2a7b1fa-fac6-4c6f-8c6d-9ac7414c70c3:c5518]
2019-07-14 04:24:02,358 INFO  client.GrpcClientProtocolClient (GrpcClientProtocolClient.java:onNext(255)) - client-8DB4338F17D0->b5da6a4a-1459-46a4-9479-d2035163dbe2: receive RaftClientReply:client-8DB4338F17D0->b5da6a4a-1459-46a4-9479-d2035163dbe2@group-4A9565783204, cid=3639, SUCCESS, logIndex=5521, commits[b5da6a4a-1459-46a4-9479-d2035163dbe2:c5523, 69c25b61-d669-4f17-b36d-41bca3df1f31:c5520, d2a7b1fa-fac6-4c6f-8c6d-9ac7414c70c3:c5520]
2019-07-14 04:24:02,359 INFO  client.GrpcClientProtocolClient (GrpcClientProtocolClient.java:onNext(255)) - client-8DB4338F17D0->b5da6a4a-1459-46a4-9479-d2035163dbe2: receive RaftClientReply:client-8DB4338F17D0->b5da6a4a-1459-46a4-9479-d2035163dbe2@group-4A9565783204, cid=3640, SUCCESS, logIndex=5522, commits[b5da6a4a-1459-46a4-9479-d2035163dbe2:c5524, 69c25b61-d669-4f17-b36d-41bca3df1f31:c5520, d2a7b1fa-fac6-4c6f-8c6d-9ac7414c70c3:c5520]
2019-07-14 04:24:02,359 INFO  client.GrpcClientProtocolClient (GrpcClientProtocolClient.java:onNext(255)) - client-8DB4338F17D0->b5da6a4a-1459-46a4-9479-d2035163dbe2: receive RaftClientReply:client-8DB4338F17D0->b5da6a4a-1459-46a4-9479-d2035163dbe2@group-4A9565783204, cid=3641, SUCCESS, logIndex=5523, commits[b5da6a4a-1459-46a4-9479-d2035163dbe2:c5524, 69c25b61-d669-4f17-b36d-41bca3df1f31:c5520, d2a7b1fa-fac6-4c6f-8c6d-9ac7414c70c3:c5520]
2019-07-14 04:24:02,360 INFO  client.GrpcClientProtocolClient (GrpcClientProtocolClient.java:onNext(255)) - client-8DB4338F17D0->b5da6a4a-1459-46a4-9479-d2035163dbe2: receive RaftClientReply:client-8DB4338F17D0->b5da6a4a-1459-46a4-9479-d2035163dbe2@group-4A9565783204, cid=3642, SUCCESS, logIndex=5524, commits[b5da6a4a-1459-46a4-9479-d2035163dbe2:c5524, 69c25b61-d669-4f17-b36d-41bca3df1f31:c5520, d2a7b1fa-fac6-4c6f-8c6d-9ac7414c70c3:c5520]
2019-07-14 04:24:02,363 INFO  client.GrpcClientProtocolClient (GrpcClientProtocolClient.java:onNext(255)) - client-8DB4338F17D0->b5da6a4a-1459-46a4-9479-d2035163dbe2: receive RaftClientReply:client-8DB4338F17D0->b5da6a4a-1459-46a4-9479-d2035163dbe2@group-4A9565783204, cid=3643, SUCCESS, logIndex=0, commits[b5da6a4a-1459-46a4-9479-d2035163dbe2:c5526, 69c25b61-d669-4f17-b36d-41bca3df1f31:c5522, d2a7b1fa-fac6-4c6f-8c6d-9ac7414c70c3:c5522]
2019-07-14 04:24:02,383 INFO  client.GrpcClientProtocolClient (GrpcClientProtocolClient.java:onNext(255)) - client-8DB4338F17D0->b5da6a4a-1459-46a4-9479-d2035163dbe2: receive RaftClientReply:client-8DB4338F17D0->b5da6a4a-1459-46a4-9479-d2035163dbe2@group-4A9565783204, cid=3644, SUCCESS, logIndex=5529, commits[b5da6a4a-1459-46a4-9479-d2035163dbe2:c5530, 69c25b61-d669-4f17-b36d-41bca3df1f31:c5528, d2a7b1fa-fac6-4c6f-8c6d-9ac7414c70c3:c5528]
2019-07-14 04:24:02,383 INFO  client.GrpcClientProtocolClient (GrpcClientProtocolClient.java:onNext(255)) - client-8DB4338F17D0->b5da6a4a-1459-46a4-9479-d2035163dbe2: receive RaftClientReply:client-8DB4338F17D0->b5da6a4a-1459-46a4-9479-d2035163dbe2@group-4A9565783204, cid=3645, SUCCESS, logIndex=5530, commits[b5da6a4a-1459-46a4-9479-d2035163dbe2:c5530, 69c25b61-d669-4f17-b36d-41bca3df1f31:c5528, d2a7b1fa-fac6-4c6f-8c6d-9ac7414c70c3:c5528]
2019-07-14 04:24:02,397 INFO  client.GrpcClientProtocolClient (GrpcClientProtocolClient.java:onNext(255)) - client-8DB4338F17D0->b5da6a4a-1459-46a4-9479-d2035163dbe2: receive RaftClientReply:client-8DB4338F17D0->b5da6a4a-1459-46a4-9479-d2035163dbe2@group-4A9565783204, cid=3646, SUCCESS, logIndex=5533, commits[b5da6a4a-1459-46a4-9479-d2035163dbe2:c5534, 69c25b61-d669-4f17-b36d-41bca3df1f31:c5530, d2a7b1fa-fac6-4c6f-8c6d-9ac7414c70c3:c5530]
2019-07-14 04:24:02,397 INFO  client.GrpcClientProtocolClient (GrpcClientProtocolClient.java:onNext(255)) - client-8DB4338F17D0->b5da6a4a-1459-46a4-9479-d2035163dbe2: receive RaftClientReply:client-8DB4338F17D0->b5da6a4a-1459-46a4-9479-d2035163dbe2@group-4A9565783204, cid=3647, SUCCESS, logIndex=5534, commits[b5da6a4a-1459-46a4-9479-d2035163dbe2:c5534, 69c25b61-d669-4f17-b36d-41bca3df1f31:c5530, d2a7b1fa-fac6-4c6f-8c6d-9ac7414c70c3:c5530]
2019-07-14 04:24:02,413 INFO  client.GrpcClientProtocolClient (GrpcClientProtocolClient.java:onNext(255)) - client-8DB4338F17D0->b5da6a4a-1459-46a4-9479-d2035163dbe2: receive RaftClientReply:client-8DB4338F17D0->b5da6a4a-1459-46a4-9479-d2035163dbe2@group-4A9565783204, cid=3648, SUCCESS, logIndex=0, commits[b5da6a4a-1459-46a4-9479-d2035163dbe2:c5536, 69c25b61-d669-4f17-b36d-41bca3df1f31:c5534, d2a7b1fa-fac6-4c6f-8c6d-9ac7414c70c3:c5534]
2019-07-14 04:24:02,448 INFO  client.GrpcClientProtocolClient (GrpcClientProtocolClient.java:onNext(255)) - client-8DB4338F17D0->b5da6a4a-1459-46a4-9479-d2035163dbe2: receive RaftClientReply:client-8DB4338F17D0->b5da6a4a-1459-46a4-9479-d2035163dbe2@group-4A9565783204, cid=3649, SUCCESS, logIndex=5537, commits[b5da6a4a-1459-46a4-9479-d2035163dbe2:c5538, 69c25b61-d669-4f17-b36d-41bca3df1f31:c5536, d2a7b1fa-fac6-4c6f-8c6d-9ac7414c70c3:c5536]
2019-07-14 04:24:02,448 INFO  client.GrpcClientProtocolClient (GrpcClientProtocolClient.java:onNext(255)) - client-8DB4338F17D0->b5da6a4a-1459-46a4-9479-d2035163dbe2: receive RaftClientReply:client-8DB4338F17D0->b5da6a4a-1459-46a4-9479-d2035163dbe2@group-4A9565783204, cid=3650, SUCCESS, logIndex=5538, commits[b5da6a4a-1459-46a4-9479-d2035163dbe2:c5540, 69c25b61-d669-4f17-b36d-41bca3df1f31:c5536, d2a7b1fa-fac6-4c6f-8c6d-9ac7414c70c3:c5536]
2019-07-14 04:24:02,449 INFO  client.GrpcClientProtocolClient (GrpcClientProtocolClient.java:onNext(255)) - client-8DB4338F17D0->b5da6a4a-1459-46a4-9479-d2035163dbe2: receive RaftClientReply:client-8DB4338F17D0->b5da6a4a-1459-46a4-9479-d2035163dbe2@group-4A9565783204, cid=3651, SUCCESS, logIndex=5539, commits[b5da6a4a-1459-46a4-9479-d2035163dbe2:c5540, 69c25b61-d669-4f17-b36d-41bca3df1f31:c5536, d2a7b1fa-fac6-4c6f-8c6d-9ac7414c70c3:c5536]
2019-07-14 04:24:02,450 INFO  client.GrpcClientProtocolClient (GrpcClientProtocolClient.java:onNext(255)) - client-8DB4338F17D0->b5da6a4a-1459-46a4-9479-d2035163dbe2: receive RaftClientReply:client-8DB4338F17D0->b5da6a4a-1459-46a4-9479-d2035163dbe2@group-4A9565783204, cid=3652, SUCCESS, logIndex=5540, commits[b5da6a4a-1459-46a4-9479-d2035163dbe2:c5540, 69c25b61-d669-4f17-b36d-41bca3df1f31:c5536, d2a7b1fa-fac6-4c6f-8c6d-9ac7414c70c3:c5536]
2019-07-14 04:24:02,452 INFO  client.GrpcClientProtocolClient (GrpcClientProtocolClient.java:onNext(255)) - client-8DB4338F17D0->b5da6a4a-1459-46a4-9479-d2035163dbe2: receive RaftClientReply:client-8DB4338F17D0->b5da6a4a-1459-46a4-9479-d2035163dbe2@group-4A9565783204, cid=3653, SUCCESS, logIndex=0, commits[b5da6a4a-1459-46a4-9479-d2035163dbe2:c5542, 69c25b61-d669-4f17-b36d-41bca3df1f31:c5538, d2a7b1fa-fac6-4c6f-8c6d-9ac7414c70c3:c5538]
2019-07-14 04:24:02,464 INFO  client.GrpcClientProtocolClient (GrpcClientProtocolClient.java:onNext(255)) - client-8DB4338F17D0->b5da6a4a-1459-46a4-9479-d2035163dbe2: receive RaftClientReply:client-8DB4338F17D0->b5da6a4a-1459-46a4-9479-d2035163dbe2@group-4A9565783204, cid=3654, SUCCESS, logIndex=5545, commits[b5da6a4a-1459-46a4-9479-d2035163dbe2:c5546, 69c25b61-d669-4f17-b36d-41bca3df1f31:c5544, d2a7b1fa-fac6-4c6f-8c6d-9ac7414c70c3:c5540]
2019-07-14 04:24:02,464 INFO  client.GrpcClientProtocolClient (GrpcClientProtocolClient.java:onNext(255)) - client-8DB4338F17D0->b5da6a4a-1459-46a4-9479-d2035163dbe2: receive RaftClientReply:client-8DB4338F17D0->b5da6a4a-1459-46a4-9479-d2035163dbe2@group-4A9565783204, cid=3655, SUCCESS, logIndex=5546, commits[b5da6a4a-1459-46a4-9479-d2035163dbe2:c5546, 69c25b61-d669-4f17-b36d-41bca3df1f31:c5544, d2a7b1fa-fac6-4c6f-8c6d-9ac7414c70c3:c5544]
2019-07-14 04:24:02,484 INFO  client.GrpcClientProtocolClient (GrpcClientProtocolClient.java:onNext(255)) - client-8DB4338F17D0->b5da6a4a-1459-46a4-9479-d2035163dbe2: receive RaftClientReply:client-8DB4338F17D0->b5da6a4a-1459-46a4-9479-d2035163dbe2@group-4A9565783204, cid=3656, SUCCESS, logIndex=5549, commits[b5da6a4a-1459-46a4-9479-d2035163dbe2:c5550, 69c25b61-d669-4f17-b36d-41bca3df1f31:c5548, d2a7b1fa-fac6-4c6f-8c6d-9ac7414c70c3:c5546]
2019-07-14 04:24:02,484 INFO  client.GrpcClientProtocolClient (GrpcClientProtocolClient.java:onNext(255)) - client-8DB4338F17D0->b5da6a4a-1459-46a4-9479-d2035163dbe2: receive RaftClientReply:client-8DB4338F17D0->b5da6a4a-1459-46a4-9479-d2035163dbe2@group-4A9565783204, cid=3657, SUCCESS, logIndex=5550, commits[b5da6a4a-1459-46a4-9479-d2035163dbe2:c5550, 69c25b61-d669-4f17-b36d-41bca3df1f31:c5548, d2a7b1fa-fac6-4c6f-8c6d-9ac7414c70c3:c5548]
2019-07-14 04:24:02,488 INFO  client.GrpcClientProtocolClient (GrpcClientProtocolClient.java:onNext(255)) - client-8DB4338F17D0->b5da6a4a-1459-46a4-9479-d2035163dbe2: receive RaftClientReply:client-8DB4338F17D0->b5da6a4a-1459-46a4-9479-d2035163dbe2@group-4A9565783204, cid=3658, SUCCESS, logIndex=0, commits[b5da6a4a-1459-46a4-9479-d2035163dbe2:c5551, 69c25b61-d669-4f17-b36d-41bca3df1f31:c5550, d2a7b1fa-fac6-4c6f-8c6d-9ac7414c70c3:c5550]
2019-07-14 04:24:02,514 INFO  client.GrpcClientProtocolClient (GrpcClientProtocolClient.java:onNext(255)) - client-8DB4338F17D0->b5da6a4a-1459-46a4-9479-d2035163dbe2: receive RaftClientReply:client-8DB4338F17D0->b5da6a4a-1459-46a4-9479-d2035163dbe2@group-4A9565783204, cid=3659, SUCCESS, logIndex=5553, commits[b5da6a4a-1459-46a4-9479-d2035163dbe2:c5554, 69c25b61-d669-4f17-b36d-41bca3df1f31:c5550, d2a7b1fa-fac6-4c6f-8c6d-9ac7414c70c3:c5552]
2019-07-14 04:24:02,514 INFO  client.GrpcClientProtocolClient (GrpcClientProtocolClient.java:onNext(255)) - client-8DB4338F17D0->b5da6a4a-1459-46a4-9479-d2035163dbe2: receive RaftClientReply:client-8DB4338F17D0->b5da6a4a-1459-46a4-9479-d2035163dbe2@group-4A9565783204, cid=3660, SUCCESS, logIndex=5554, commits[b5da6a4a-1459-46a4-9479-d2035163dbe2:c5554, 69c25b61-d669-4f17-b36d-41bca3df1f31:c5550, d2a7b1fa-fac6-4c6f-8c6d-9ac7414c70c3:c5552]
2019-07-14 04:24:02,515 INFO  client.GrpcClientProtocolClient (GrpcClientProtocolClient.java:onNext(255)) - client-8DB4338F17D0->b5da6a4a-1459-46a4-9479-d2035163dbe2: receive RaftClientReply:client-8DB4338F17D0->b5da6a4a-1459-46a4-9479-d2035163dbe2@group-4A9565783204, cid=3661, SUCCESS, logIndex=5555, commits[b5da6a4a-1459-46a4-9479-d2035163dbe2:c5556, 69c25b61-d669-4f17-b36d-41bca3df1f31:c5552, d2a7b1fa-fac6-4c6f-8c6d-9ac7414c70c3:c5552]
2019-07-14 04:24:02,515 INFO  client.GrpcClientProtocolClient (GrpcClientProtocolClient.java:onNext(255)) - client-8DB4338F17D0->b5da6a4a-1459-46a4-9479-d2035163dbe2: receive RaftClientReply:client-8DB4338F17D0->b5da6a4a-1459-46a4-9479-d2035163dbe2@group-4A9565783204, cid=3662, SUCCESS, logIndex=5556, commits[b5da6a4a-1459-46a4-9479-d2035163dbe2:c5556, 69c25b61-d669-4f17-b36d-41bca3df1f31:c5552, d2a7b1fa-fac6-4c6f-8c6d-9ac7414c70c3:c5552]
2019-07-14 04:24:02,525 INFO  client.GrpcClientProtocolClient (GrpcClientProtocolClient.java:onNext(255)) - client-8DB4338F17D0->b5da6a4a-1459-46a4-9479-d2035163dbe2: receive RaftClientReply:client-8DB4338F17D0->b5da6a4a-1459-46a4-9479-d2035163dbe2@group-4A9565783204, cid=3663, SUCCESS, logIndex=0, commits[b5da6a4a-1459-46a4-9479-d2035163dbe2:c5558, 69c25b61-d669-4f17-b36d-41bca3df1f31:c5554, d2a7b1fa-fac6-4c6f-8c6d-9ac7414c70c3:c5554]
2019-07-14 04:24:02,537 INFO  client.GrpcClientProtocolClient (GrpcClientProtocolClient.java:onNext(255)) - client-8DB4338F17D0->b5da6a4a-1459-46a4-9479-d2035163dbe2: receive RaftClientReply:client-8DB4338F17D0->b5da6a4a-1459-46a4-9479-d2035163dbe2@group-4A9565783204, cid=3664, SUCCESS, logIndex=5561, commits[b5da6a4a-1459-46a4-9479-d2035163dbe2:c5562, 69c25b61-d669-4f17-b36d-41bca3df1f31:c5560, d2a7b1fa-fac6-4c6f-8c6d-9ac7414c70c3:c5556]
2019-07-14 04:24:02,538 INFO  client.GrpcClientProtocolClient (GrpcClientProtocolClient.java:onNext(255)) - client-8DB4338F17D0->b5da6a4a-1459-46a4-9479-d2035163dbe2: receive RaftClientReply:client-8DB4338F17D0->b5da6a4a-1459-46a4-9479-d2035163dbe2@group-4A9565783204, cid=3665, SUCCESS, logIndex=5562, commits[b5da6a4a-1459-46a4-9479-d2035163dbe2:c5562, 69c25b61-d669-4f17-b36d-41bca3df1f31:c5560, d2a7b1fa-fac6-4c6f-8c6d-9ac7414c70c3:c5560]
2019-07-14 04:24:02,558 INFO  client.GrpcClientProtocolClient (GrpcClientProtocolClient.java:onNext(255)) - client-8DB4338F17D0->b5da6a4a-1459-46a4-9479-d2035163dbe2: receive RaftClientReply:client-8DB4338F17D0->b5da6a4a-1459-46a4-9479-d2035163dbe2@group-4A9565783204, cid=3666, SUCCESS, logIndex=5565, commits[b5da6a4a-1459-46a4-9479-d2035163dbe2:c5566, 69c25b61-d669-4f17-b36d-41bca3df1f31:c5564, d2a7b1fa-fac6-4c6f-8c6d-9ac7414c70c3:c5562]
2019-07-14 04:24:02,558 INFO  client.GrpcClientProtocolClient (GrpcClientProtocolClient.java:onNext(255)) - client-8DB4338F17D0->b5da6a4a-1459-46a4-9479-d2035163dbe2: receive RaftClientReply:client-8DB4338F17D0->b5da6a4a-1459-46a4-9479-d2035163dbe2@group-4A9565783204, cid=3667, SUCCESS, logIndex=5566, commits[b5da6a4a-1459-46a4-9479-d2035163dbe2:c5566, 69c25b61-d669-4f17-b36d-41bca3df1f31:c5564, d2a7b1fa-fac6-4c6f-8c6d-9ac7414c70c3:c5564]
2019-07-14 04:24:02,561 INFO  client.GrpcClientProtocolClient (GrpcClientProtocolClient.java:onNext(255)) - client-8DB4338F17D0->b5da6a4a-1459-46a4-9479-d2035163dbe2: receive RaftClientReply:client-8DB4338F17D0->b5da6a4a-1459-46a4-9479-d2035163dbe2@group-4A9565783204, cid=3668, SUCCESS, logIndex=0, commits[b5da6a4a-1459-46a4-9479-d2035163dbe2:c5567, 69c25b61-d669-4f17-b36d-41bca3df1f31:c5566, d2a7b1fa-fac6-4c6f-8c6d-9ac7414c70c3:c5566]
2019-07-14 04:24:02,591 INFO  client.GrpcClientProtocolClient (GrpcClientProtocolClient.java:onNext(255)) - client-8DB4338F17D0->b5da6a4a-1459-46a4-9479-d2035163dbe2: receive RaftClientReply:client-8DB4338F17D0->b5da6a4a-1459-46a4-9479-d2035163dbe2@group-4A9565783204, cid=3669, SUCCESS, logIndex=5569, commits[b5da6a4a-1459-46a4-9479-d2035163dbe2:c5571, 69c25b61-d669-4f17-b36d-41bca3df1f31:c5568, d2a7b1fa-fac6-4c6f-8c6d-9ac7414c70c3:c5568]
2019-07-14 04:24:02,591 INFO  client.GrpcClientProtocolClient (GrpcClientProtocolClient.java:onNext(255)) - client-8DB4338F17D0->b5da6a4a-1459-46a4-9479-d2035163dbe2: receive RaftClientReply:client-8DB4338F17D0->b5da6a4a-1459-46a4-9479-d2035163dbe2@group-4A9565783204, cid=3670, SUCCESS, logIndex=5570, commits[b5da6a4a-1459-46a4-9479-d2035163dbe2:c5572, 69c25b61-d669-4f17-b36d-41bca3df1f31:c5568, d2a7b1fa-fac6-4c6f-8c6d-9ac7414c70c3:c5568]
2019-07-14 04:24:02,592 INFO  client.GrpcClientProtocolClient (GrpcClientProtocolClient.java:onNext(255)) - client-8DB4338F17D0->b5da6a4a-1459-46a4-9479-d2035163dbe2: receive RaftClientReply:client-8DB4338F17D0->b5da6a4a-1459-46a4-9479-d2035163dbe2@group-4A9565783204, cid=3671, SUCCESS, logIndex=5571, commits[b5da6a4a-1459-46a4-9479-d2035163dbe2:c5572, 69c25b61-d669-4f17-b36d-41bca3df1f31:c5568, d2a7b1fa-fac6-4c6f-8c6d-9ac7414c70c3:c5568]
2019-07-14 04:24:02,592 INFO  client.GrpcClientProtocolClient (GrpcClientProtocolClient.java:onNext(255)) - client-8DB4338F17D0->b5da6a4a-1459-46a4-9479-d2035163dbe2: receive RaftClientReply:client-8DB4338F17D0->b5da6a4a-1459-46a4-9479-d2035163dbe2@group-4A9565783204, cid=3672, SUCCESS, logIndex=5572, commits[b5da6a4a-1459-46a4-9479-d2035163dbe2:c5572, 69c25b61-d669-4f17-b36d-41bca3df1f31:c5568, d2a7b1fa-fac6-4c6f-8c6d-9ac7414c70c3:c5568]
2019-07-14 04:24:02,597 INFO  client.GrpcClientProtocolClient (GrpcClientProtocolClient.java:onNext(255)) - client-8DB4338F17D0->b5da6a4a-1459-46a4-9479-d2035163dbe2: receive RaftClientReply:client-8DB4338F17D0->b5da6a4a-1459-46a4-9479-d2035163dbe2@group-4A9565783204, cid=3673, SUCCESS, logIndex=0, commits[b5da6a4a-1459-46a4-9479-d2035163dbe2:c5576, 69c25b61-d669-4f17-b36d-41bca3df1f31:c5572, d2a7b1fa-fac6-4c6f-8c6d-9ac7414c70c3:c5571]
2019-07-14 04:24:02,616 INFO  client.GrpcClientProtocolClient (GrpcClientProtocolClient.java:onNext(255)) - client-8DB4338F17D0->b5da6a4a-1459-46a4-9479-d2035163dbe2: receive RaftClientReply:client-8DB4338F17D0->b5da6a4a-1459-46a4-9479-d2035163dbe2@group-4A9565783204, cid=3674, SUCCESS, logIndex=5577, commits[b5da6a4a-1459-46a4-9479-d2035163dbe2:c5578, 69c25b61-d669-4f17-b36d-41bca3df1f31:c5576, d2a7b1fa-fac6-4c6f-8c6d-9ac7414c70c3:c5576]
2019-07-14 04:24:02,617 INFO  client.GrpcClientProtocolClient (GrpcClientProtocolClient.java:onNext(255)) - client-8DB4338F17D0->b5da6a4a-1459-46a4-9479-d2035163dbe2: receive RaftClientReply:client-8DB4338F17D0->b5da6a4a-1459-46a4-9479-d2035163dbe2@group-4A9565783204, cid=3675, SUCCESS, logIndex=5578, commits[b5da6a4a-1459-46a4-9479-d2035163dbe2:c5578, 69c25b61-d669-4f17-b36d-41bca3df1f31:c5576, d2a7b1fa-fac6-4c6f-8c6d-9ac7414c70c3:c5576]
2019-07-14 04:24:02,632 INFO  client.GrpcClientProtocolClient (GrpcClientProtocolClient.java:onNext(255)) - client-8DB4338F17D0->b5da6a4a-1459-46a4-9479-d2035163dbe2: receive RaftClientReply:client-8DB4338F17D0->b5da6a4a-1459-46a4-9479-d2035163dbe2@group-4A9565783204, cid=3676, SUCCESS, logIndex=5581, commits[b5da6a4a-1459-46a4-9479-d2035163dbe2:c5582, 69c25b61-d669-4f17-b36d-41bca3df1f31:c5578, d2a7b1fa-fac6-4c6f-8c6d-9ac7414c70c3:c5578]
2019-07-14 04:24:02,632 INFO  client.GrpcClientProtocolClient (GrpcClientProtocolClient.java:onNext(255)) - client-8DB4338F17D0->b5da6a4a-1459-46a4-9479-d2035163dbe2: receive RaftClientReply:client-8DB4338F17D0->b5da6a4a-1459-46a4-9479-d2035163dbe2@group-4A9565783204, cid=3677, SUCCESS, logIndex=5582, commits[b5da6a4a-1459-46a4-9479-d2035163dbe2:c5582, 69c25b61-d669-4f17-b36d-41bca3df1f31:c5578, d2a7b1fa-fac6-4c6f-8c6d-9ac7414c70c3:c5578]
2019-07-14 04:24:02,638 INFO  client.GrpcClientProtocolClient (GrpcClientProtocolClient.java:onNext(255)) - client-8DB4338F17D0->b5da6a4a-1459-46a4-9479-d2035163dbe2: receive RaftClientReply:client-8DB4338F17D0->b5da6a4a-1459-46a4-9479-d2035163dbe2@group-4A9565783204, cid=3678, SUCCESS, logIndex=0, commits[b5da6a4a-1459-46a4-9479-d2035163dbe2:c5584, 69c25b61-d669-4f17-b36d-41bca3df1f31:c5582, d2a7b1fa-fac6-4c6f-8c6d-9ac7414c70c3:c5582]
2019-07-14 04:24:02,671 INFO  client.GrpcClientProtocolClient (GrpcClientProtocolClient.java:onNext(255)) - client-8DB4338F17D0->b5da6a4a-1459-46a4-9479-d2035163dbe2: receive RaftClientReply:client-8DB4338F17D0->b5da6a4a-1459-46a4-9479-d2035163dbe2@group-4A9565783204, cid=3679, SUCCESS, logIndex=5585, commits[b5da6a4a-1459-46a4-9479-d2035163dbe2:c5587, 69c25b61-d669-4f17-b36d-41bca3df1f31:c5584, d2a7b1fa-fac6-4c6f-8c6d-9ac7414c70c3:c5584]
2019-07-14 04:24:02,672 INFO  client.GrpcClientProtocolClient (GrpcClientProtocolClient.java:onNext(255)) - client-8DB4338F17D0->b5da6a4a-1459-46a4-9479-d2035163dbe2: receive RaftClientReply:client-8DB4338F17D0->b5da6a4a-1459-46a4-9479-d2035163dbe2@group-4A9565783204, cid=3680, SUCCESS, logIndex=5586, commits[b5da6a4a-1459-46a4-9479-d2035163dbe2:c5588, 69c25b61-d669-4f17-b36d-41bca3df1f31:c5584, d2a7b1fa-fac6-4c6f-8c6d-9ac7414c70c3:c5584]
2019-07-14 04:24:02,672 INFO  client.GrpcClientProtocolClient (GrpcClientProtocolClient.java:onNext(255)) - client-8DB4338F17D0->b5da6a4a-1459-46a4-9479-d2035163dbe2: receive RaftClientReply:client-8DB4338F17D0->b5da6a4a-1459-46a4-9479-d2035163dbe2@group-4A9565783204, cid=3681, SUCCESS, logIndex=5587, commits[b5da6a4a-1459-46a4-9479-d2035163dbe2:c5588, 69c25b61-d669-4f17-b36d-41bca3df1f31:c5584, d2a7b1fa-fac6-4c6f-8c6d-9ac7414c70c3:c5584]
2019-07-14 04:24:02,672 INFO  client.GrpcClientProtocolClient (GrpcClientProtocolClient.java:onNext(255)) - client-8DB4338F17D0->b5da6a4a-1459-46a4-9479-d2035163dbe2: receive RaftClientReply:client-8DB4338F17D0->b5da6a4a-1459-46a4-9479-d2035163dbe2@group-4A9565783204, cid=3682, SUCCESS, logIndex=5588, commits[b5da6a4a-1459-46a4-9479-d2035163dbe2:c5588, 69c25b61-d669-4f17-b36d-41bca3df1f31:c5584, d2a7b1fa-fac6-4c6f-8c6d-9ac7414c70c3:c5584]
2019-07-14 04:24:02,685 INFO  client.GrpcClientProtocolClient (GrpcClientProtocolClient.java:onNext(255)) - client-8DB4338F17D0->b5da6a4a-1459-46a4-9479-d2035163dbe2: receive RaftClientReply:client-8DB4338F17D0->b5da6a4a-1459-46a4-9479-d2035163dbe2@group-4A9565783204, cid=3683, SUCCESS, logIndex=0, commits[b5da6a4a-1459-46a4-9479-d2035163dbe2:c5590, 69c25b61-d669-4f17-b36d-41bca3df1f31:c5586, d2a7b1fa-fac6-4c6f-8c6d-9ac7414c70c3:c5586]
2019-07-14 04:24:02,705 INFO  client.GrpcClientProtocolClient (GrpcClientProtocolClient.java:onNext(255)) - client-8DB4338F17D0->b5da6a4a-1459-46a4-9479-d2035163dbe2: receive RaftClientReply:client-8DB4338F17D0->b5da6a4a-1459-46a4-9479-d2035163dbe2@group-4A9565783204, cid=3684, SUCCESS, logIndex=5593, commits[b5da6a4a-1459-46a4-9479-d2035163dbe2:c5594, 69c25b61-d669-4f17-b36d-41bca3df1f31:c5592, d2a7b1fa-fac6-4c6f-8c6d-9ac7414c70c3:c5592]
2019-07-14 04:24:02,705 INFO  client.GrpcClientProtocolClient (GrpcClientProtocolClient.java:onNext(255)) - client-8DB4338F17D0->b5da6a4a-1459-46a4-9479-d2035163dbe2: receive RaftClientReply:client-8DB4338F17D0->b5da6a4a-1459-46a4-9479-d2035163dbe2@group-4A9565783204, cid=3685, SUCCESS, logIndex=5594, commits[b5da6a4a-1459-46a4-9479-d2035163dbe2:c5594, 69c25b61-d669-4f17-b36d-41bca3df1f31:c5592, d2a7b1fa-fac6-4c6f-8c6d-9ac7414c70c3:c5592]
2019-07-14 04:24:02,727 INFO  client.GrpcClientProtocolClient (GrpcClientProtocolClient.java:onNext(255)) - client-8DB4338F17D0->b5da6a4a-1459-46a4-9479-d2035163dbe2: receive RaftClientReply:client-8DB4338F17D0->b5da6a4a-1459-46a4-9479-d2035163dbe2@group-4A9565783204, cid=3686, SUCCESS, logIndex=5597, commits[b5da6a4a-1459-46a4-9479-d2035163dbe2:c5598, 69c25b61-d669-4f17-b36d-41bca3df1f31:c5596, d2a7b1fa-fac6-4c6f-8c6d-9ac7414c70c3:c5596]
2019-07-14 04:24:02,727 INFO  client.GrpcClientProtocolClient (GrpcClientProtocolClient.java:onNext(255)) - client-8DB4338F17D0->b5da6a4a-1459-46a4-9479-d2035163dbe2: receive RaftClientReply:client-8DB4338F17D0->b5da6a4a-1459-46a4-9479-d2035163dbe2@group-4A9565783204, cid=3687, SUCCESS, logIndex=5598, commits[b5da6a4a-1459-46a4-9479-d2035163dbe2:c5598, 69c25b61-d669-4f17-b36d-41bca3df1f31:c5596, d2a7b1fa-fac6-4c6f-8c6d-9ac7414c70c3:c5596]
2019-07-14 04:24:02,739 INFO  client.GrpcClientProtocolClient (GrpcClientProtocolClient.java:onNext(255)) - client-8DB4338F17D0->b5da6a4a-1459-46a4-9479-d2035163dbe2: receive RaftClientReply:client-8DB4338F17D0->b5da6a4a-1459-46a4-9479-d2035163dbe2@group-4A9565783204, cid=3688, SUCCESS, logIndex=0, commits[b5da6a4a-1459-46a4-9479-d2035163dbe2:c5600, 69c25b61-d669-4f17-b36d-41bca3df1f31:c5598, d2a7b1fa-fac6-4c6f-8c6d-9ac7414c70c3:c5598]
2019-07-14 04:24:02,771 INFO  client.GrpcClientProtocolClient (GrpcClientProtocolClient.java:onNext(255)) - client-8DB4338F17D0->b5da6a4a-1459-46a4-9479-d2035163dbe2: receive RaftClientReply:client-8DB4338F17D0->b5da6a4a-1459-46a4-9479-d2035163dbe2@group-4A9565783204, cid=3689, SUCCESS, logIndex=5601, commits[b5da6a4a-1459-46a4-9479-d2035163dbe2:c5602, 69c25b61-d669-4f17-b36d-41bca3df1f31:c5600, d2a7b1fa-fac6-4c6f-8c6d-9ac7414c70c3:c5600]
2019-07-14 04:24:02,772 INFO  client.GrpcClientProtocolClient (GrpcClientProtocolClient.java:onNext(255)) - client-8DB4338F17D0->b5da6a4a-1459-46a4-9479-d2035163dbe2: receive RaftClientReply:client-8DB4338F17D0->b5da6a4a-1459-46a4-9479-d2035163dbe2@group-4A9565783204, cid=3690, SUCCESS, logIndex=5602, commits[b5da6a4a-1459-46a4-9479-d2035163dbe2:c5602, 69c25b61-d669-4f17-b36d-41bca3df1f31:c5600, d2a7b1fa-fac6-4c6f-8c6d-9ac7414c70c3:c5600]
2019-07-14 04:24:02,772 INFO  client.GrpcClientProtocolClient (GrpcClientProtocolClient.java:onNext(255)) - client-8DB4338F17D0->b5da6a4a-1459-46a4-9479-d2035163dbe2: receive RaftClientReply:client-8DB4338F17D0->b5da6a4a-1459-46a4-9479-d2035163dbe2@group-4A9565783204, cid=3691, SUCCESS, logIndex=5603, commits[b5da6a4a-1459-46a4-9479-d2035163dbe2:c5604, 69c25b61-d669-4f17-b36d-41bca3df1f31:c5600, d2a7b1fa-fac6-4c6f-8c6d-9ac7414c70c3:c5600]
2019-07-14 04:24:02,773 INFO  client.GrpcClientProtocolClient (GrpcClientProtocolClient.java:onNext(255)) - client-8DB4338F17D0->b5da6a4a-1459-46a4-9479-d2035163dbe2: receive RaftClientReply:client-8DB4338F17D0->b5da6a4a-1459-46a4-9479-d2035163dbe2@group-4A9565783204, cid=3692, SUCCESS, logIndex=5604, commits[b5da6a4a-1459-46a4-9479-d2035163dbe2:c5604, 69c25b61-d669-4f17-b36d-41bca3df1f31:c5600, d2a7b1fa-fac6-4c6f-8c6d-9ac7414c70c3:c5600]
2019-07-14 04:24:02,775 INFO  client.GrpcClientProtocolClient (GrpcClientProtocolClient.java:onNext(255)) - client-8DB4338F17D0->b5da6a4a-1459-46a4-9479-d2035163dbe2: receive RaftClientReply:client-8DB4338F17D0->b5da6a4a-1459-46a4-9479-d2035163dbe2@group-4A9565783204, cid=3693, SUCCESS, logIndex=0, commits[b5da6a4a-1459-46a4-9479-d2035163dbe2:c5606, 69c25b61-d669-4f17-b36d-41bca3df1f31:c5602, d2a7b1fa-fac6-4c6f-8c6d-9ac7414c70c3:c5602]
2019-07-14 04:24:02,893 INFO  client.GrpcClientProtocolClient (GrpcClientProtocolClient.java:onNext(255)) - client-8DB4338F17D0->b5da6a4a-1459-46a4-9479-d2035163dbe2: receive RaftClientReply:client-8DB4338F17D0->b5da6a4a-1459-46a4-9479-d2035163dbe2@group-4A9565783204, cid=3694, SUCCESS, logIndex=5609, commits[b5da6a4a-1459-46a4-9479-d2035163dbe2:c5610, 69c25b61-d669-4f17-b36d-41bca3df1f31:c5608, d2a7b1fa-fac6-4c6f-8c6d-9ac7414c70c3:c5608]
2019-07-14 04:24:02,894 INFO  client.GrpcClientProtocolClient (GrpcClientProtocolClient.java:onNext(255)) - client-8DB4338F17D0->b5da6a4a-1459-46a4-9479-d2035163dbe2: receive RaftClientReply:client-8DB4338F17D0->b5da6a4a-1459-46a4-9479-d2035163dbe2@group-4A9565783204, cid=3695, SUCCESS, logIndex=5610, commits[b5da6a4a-1459-46a4-9479-d2035163dbe2:c5610, 69c25b61-d669-4f17-b36d-41bca3df1f31:c5608, d2a7b1fa-fac6-4c6f-8c6d-9ac7414c70c3:c5608]
2019-07-14 04:24:02,908 INFO  client.GrpcClientProtocolClient (GrpcClientProtocolClient.java:onNext(255)) - client-8DB4338F17D0->b5da6a4a-1459-46a4-9479-d2035163dbe2: receive RaftClientReply:client-8DB4338F17D0->b5da6a4a-1459-46a4-9479-d2035163dbe2@group-4A9565783204, cid=3696, SUCCESS, logIndex=5613, commits[b5da6a4a-1459-46a4-9479-d2035163dbe2:c5614, 69c25b61-d669-4f17-b36d-41bca3df1f31:c5610, d2a7b1fa-fac6-4c6f-8c6d-9ac7414c70c3:c5610]
2019-07-14 04:24:02,908 INFO  client.GrpcClientProtocolClient (GrpcClientProtocolClient.java:onNext(255)) - client-8DB4338F17D0->b5da6a4a-1459-46a4-9479-d2035163dbe2: receive RaftClientReply:client-8DB4338F17D0->b5da6a4a-1459-46a4-9479-d2035163dbe2@group-4A9565783204, cid=3697, SUCCESS, logIndex=5614, commits[b5da6a4a-1459-46a4-9479-d2035163dbe2:c5614, 69c25b61-d669-4f17-b36d-41bca3df1f31:c5610, d2a7b1fa-fac6-4c6f-8c6d-9ac7414c70c3:c5610]
2019-07-14 04:24:02,910 INFO  client.GrpcClientProtocolClient (GrpcClientProtocolClient.java:onNext(255)) - client-8DB4338F17D0->b5da6a4a-1459-46a4-9479-d2035163dbe2: receive RaftClientReply:client-8DB4338F17D0->b5da6a4a-1459-46a4-9479-d2035163dbe2@group-4A9565783204, cid=3698, SUCCESS, logIndex=0, commits[b5da6a4a-1459-46a4-9479-d2035163dbe2:c5614, 69c25b61-d669-4f17-b36d-41bca3df1f31:c5614, d2a7b1fa-fac6-4c6f-8c6d-9ac7414c70c3:c5614]
2019-07-14 04:24:02,938 INFO  client.GrpcClientProtocolClient (GrpcClientProtocolClient.java:onNext(255)) - client-8DB4338F17D0->b5da6a4a-1459-46a4-9479-d2035163dbe2: receive RaftClientReply:client-8DB4338F17D0->b5da6a4a-1459-46a4-9479-d2035163dbe2@group-4A9565783204, cid=3699, SUCCESS, logIndex=5617, commits[b5da6a4a-1459-46a4-9479-d2035163dbe2:c5620, 69c25b61-d669-4f17-b36d-41bca3df1f31:c5616, d2a7b1fa-fac6-4c6f-8c6d-9ac7414c70c3:c5616]
2019-07-14 04:24:02,938 INFO  client.GrpcClientProtocolClient (GrpcClientProtocolClient.java:onNext(255)) - client-8DB4338F17D0->b5da6a4a-1459-46a4-9479-d2035163dbe2: receive RaftClientReply:client-8DB4338F17D0->b5da6a4a-1459-46a4-9479-d2035163dbe2@group-4A9565783204, cid=3700, SUCCESS, logIndex=5618, commits[b5da6a4a-1459-46a4-9479-d2035163dbe2:c5620, 69c25b61-d669-4f17-b36d-41bca3df1f31:c5616, d2a7b1fa-fac6-4c6f-8c6d-9ac7414c70c3:c5616]
2019-07-14 04:24:02,939 INFO  client.GrpcClientProtocolClient (GrpcClientProtocolClient.java:onNext(255)) - client-8DB4338F17D0->b5da6a4a-1459-46a4-9479-d2035163dbe2: receive RaftClientReply:client-8DB4338F17D0->b5da6a4a-1459-46a4-9479-d2035163dbe2@group-4A9565783204, cid=3701, SUCCESS, logIndex=5619, commits[b5da6a4a-1459-46a4-9479-d2035163dbe2:c5620, 69c25b61-d669-4f17-b36d-41bca3df1f31:c5616, d2a7b1fa-fac6-4c6f-8c6d-9ac7414c70c3:c5616]
2019-07-14 04:24:02,939 INFO  client.GrpcClientProtocolClient (GrpcClientProtocolClient.java:onNext(255)) - client-8DB4338F17D0->b5da6a4a-1459-46a4-9479-d2035163dbe2: receive RaftClientReply:client-8DB4338F17D0->b5da6a4a-1459-46a4-9479-d2035163dbe2@group-4A9565783204, cid=3702, SUCCESS, logIndex=5620, commits[b5da6a4a-1459-46a4-9479-d2035163dbe2:c5620, 69c25b61-d669-4f17-b36d-41bca3df1f31:c5616, d2a7b1fa-fac6-4c6f-8c6d-9ac7414c70c3:c5616]
2019-07-14 04:24:02,941 INFO  client.GrpcClientProtocolClient (GrpcClientProtocolClient.java:onNext(255)) - client-8DB4338F17D0->b5da6a4a-1459-46a4-9479-d2035163dbe2: receive RaftClientReply:client-8DB4338F17D0->b5da6a4a-1459-46a4-9479-d2035163dbe2@group-4A9565783204, cid=3703, SUCCESS, logIndex=0, commits[b5da6a4a-1459-46a4-9479-d2035163dbe2:c5621, 69c25b61-d669-4f17-b36d-41bca3df1f31:c5618, d2a7b1fa-fac6-4c6f-8c6d-9ac7414c70c3:c5618]
2019-07-14 04:24:02,952 INFO  client.GrpcClientProtocolClient (GrpcClientProtocolClient.java:onNext(255)) - client-8DB4338F17D0->b5da6a4a-1459-46a4-9479-d2035163dbe2: receive RaftClientReply:client-8DB4338F17D0->b5da6a4a-1459-46a4-9479-d2035163dbe2@group-4A9565783204, cid=3704, SUCCESS, logIndex=5625, commits[b5da6a4a-1459-46a4-9479-d2035163dbe2:c5626, 69c25b61-d669-4f17-b36d-41bca3df1f31:c5624, d2a7b1fa-fac6-4c6f-8c6d-9ac7414c70c3:c5624]
2019-07-14 04:24:02,953 INFO  client.GrpcClientProtocolClient (GrpcClientProtocolClient.java:onNext(255)) - client-8DB4338F17D0->b5da6a4a-1459-46a4-9479-d2035163dbe2: receive RaftClientReply:client-8DB4338F17D0->b5da6a4a-1459-46a4-9479-d2035163dbe2@group-4A9565783204, cid=3705, SUCCESS, logIndex=5626, commits[b5da6a4a-1459-46a4-9479-d2035163dbe2:c5626, 69c25b61-d669-4f17-b36d-41bca3df1f31:c5624, d2a7b1fa-fac6-4c6f-8c6d-9ac7414c70c3:c5624]
2019-07-14 04:24:02,971 INFO  client.GrpcClientProtocolClient (GrpcClientProtocolClient.java:onNext(255)) - client-8DB4338F17D0->b5da6a4a-1459-46a4-9479-d2035163dbe2: receive RaftClientReply:client-8DB4338F17D0->b5da6a4a-1459-46a4-9479-d2035163dbe2@group-4A9565783204, cid=3706, SUCCESS, logIndex=5629, commits[b5da6a4a-1459-46a4-9479-d2035163dbe2:c5630, 69c25b61-d669-4f17-b36d-41bca3df1f31:c5628, d2a7b1fa-fac6-4c6f-8c6d-9ac7414c70c3:c5628]
2019-07-14 04:24:02,971 INFO  client.GrpcClientProtocolClient (GrpcClientProtocolClient.java:onNext(255)) - client-8DB4338F17D0->b5da6a4a-1459-46a4-9479-d2035163dbe2: receive RaftClientReply:client-8DB4338F17D0->b5da6a4a-1459-46a4-9479-d2035163dbe2@group-4A9565783204, cid=3707, SUCCESS, logIndex=5630, commits[b5da6a4a-1459-46a4-9479-d2035163dbe2:c5630, 69c25b61-d669-4f17-b36d-41bca3df1f31:c5628, d2a7b1fa-fac6-4c6f-8c6d-9ac7414c70c3:c5628]
2019-07-14 04:24:02,985 INFO  client.GrpcClientProtocolClient (GrpcClientProtocolClient.java:onNext(255)) - client-8DB4338F17D0->b5da6a4a-1459-46a4-9479-d2035163dbe2: receive RaftClientReply:client-8DB4338F17D0->b5da6a4a-1459-46a4-9479-d2035163dbe2@group-4A9565783204, cid=3708, SUCCESS, logIndex=0, commits[b5da6a4a-1459-46a4-9479-d2035163dbe2:c5632, 69c25b61-d669-4f17-b36d-41bca3df1f31:c5630, d2a7b1fa-fac6-4c6f-8c6d-9ac7414c70c3:c5630]
2019-07-14 04:24:03,019 INFO  client.GrpcClientProtocolClient (GrpcClientProtocolClient.java:onNext(255)) - client-8DB4338F17D0->b5da6a4a-1459-46a4-9479-d2035163dbe2: receive RaftClientReply:client-8DB4338F17D0->b5da6a4a-1459-46a4-9479-d2035163dbe2@group-4A9565783204, cid=3709, SUCCESS, logIndex=5633, commits[b5da6a4a-1459-46a4-9479-d2035163dbe2:c5634, 69c25b61-d669-4f17-b36d-41bca3df1f31:c5632, d2a7b1fa-fac6-4c6f-8c6d-9ac7414c70c3:c5632]
2019-07-14 04:24:03,020 INFO  client.GrpcClientProtocolClient (GrpcClientProtocolClient.java:onNext(255)) - client-8DB4338F17D0->b5da6a4a-1459-46a4-9479-d2035163dbe2: receive RaftClientReply:client-8DB4338F17D0->b5da6a4a-1459-46a4-9479-d2035163dbe2@group-4A9565783204, cid=3710, SUCCESS, logIndex=5634, commits[b5da6a4a-1459-46a4-9479-d2035163dbe2:c5634, 69c25b61-d669-4f17-b36d-41bca3df1f31:c5632, d2a7b1fa-fac6-4c6f-8c6d-9ac7414c70c3:c5632]
2019-07-14 04:24:03,021 INFO  client.GrpcClientProtocolClient (GrpcClientProtocolClient.java:onNext(255)) - client-8DB4338F17D0->b5da6a4a-1459-46a4-9479-d2035163dbe2: receive RaftClientReply:client-8DB4338F17D0->b5da6a4a-1459-46a4-9479-d2035163dbe2@group-4A9565783204, cid=3711, SUCCESS, logIndex=5635, commits[b5da6a4a-1459-46a4-9479-d2035163dbe2:c5635, 69c25b61-d669-4f17-b36d-41bca3df1f31:c5632, d2a7b1fa-fac6-4c6f-8c6d-9ac7414c70c3:c5632]
2019-07-14 04:24:03,021 INFO  client.GrpcClientProtocolClient (GrpcClientProtocolClient.java:onNext(255)) - client-8DB4338F17D0->b5da6a4a-1459-46a4-9479-d2035163dbe2: receive RaftClientReply:client-8DB4338F17D0->b5da6a4a-1459-46a4-9479-d2035163dbe2@group-4A9565783204, cid=3712, SUCCESS, logIndex=5636, commits[b5da6a4a-1459-46a4-9479-d2035163dbe2:c5636, 69c25b61-d669-4f17-b36d-41bca3df1f31:c5632, d2a7b1fa-fac6-4c6f-8c6d-9ac7414c70c3:c5632]
2019-07-14 04:24:03,022 INFO  client.GrpcClientProtocolClient (GrpcClientProtocolClient.java:onNext(255)) - client-8DB4338F17D0->b5da6a4a-1459-46a4-9479-d2035163dbe2: receive RaftClientReply:client-8DB4338F17D0->b5da6a4a-1459-46a4-9479-d2035163dbe2@group-4A9565783204, cid=3713, SUCCESS, logIndex=0, commits[b5da6a4a-1459-46a4-9479-d2035163dbe2:c5638, 69c25b61-d669-4f17-b36d-41bca3df1f31:c5634, d2a7b1fa-fac6-4c6f-8c6d-9ac7414c70c3:c5634]
2019-07-14 04:24:03,033 INFO  client.GrpcClientProtocolClient (GrpcClientProtocolClient.java:onNext(255)) - client-8DB4338F17D0->b5da6a4a-1459-46a4-9479-d2035163dbe2: receive RaftClientReply:client-8DB4338F17D0->b5da6a4a-1459-46a4-9479-d2035163dbe2@group-4A9565783204, cid=3714, SUCCESS, logIndex=5641, commits[b5da6a4a-1459-46a4-9479-d2035163dbe2:c5642, 69c25b61-d669-4f17-b36d-41bca3df1f31:c5636, d2a7b1fa-fac6-4c6f-8c6d-9ac7414c70c3:c5640]
2019-07-14 04:24:03,034 INFO  client.GrpcClientProtocolClient (GrpcClientProtocolClient.java:onNext(255)) - client-8DB4338F17D0->b5da6a4a-1459-46a4-9479-d2035163dbe2: receive RaftClientReply:client-8DB4338F17D0->b5da6a4a-1459-46a4-9479-d2035163dbe2@group-4A9565783204, cid=3715, SUCCESS, logIndex=5642, commits[b5da6a4a-1459-46a4-9479-d2035163dbe2:c5642, 69c25b61-d669-4f17-b36d-41bca3df1f31:c5636, d2a7b1fa-fac6-4c6f-8c6d-9ac7414c70c3:c5640]
2019-07-14 04:24:03,044 INFO  client.GrpcClientProtocolClient (GrpcClientProtocolClient.java:onNext(255)) - client-8DB4338F17D0->b5da6a4a-1459-46a4-9479-d2035163dbe2: receive RaftClientReply:client-8DB4338F17D0->b5da6a4a-1459-46a4-9479-d2035163dbe2@group-4A9565783204, cid=3716, SUCCESS, logIndex=5645, commits[b5da6a4a-1459-46a4-9479-d2035163dbe2:c5646, 69c25b61-d669-4f17-b36d-41bca3df1f31:c5644, d2a7b1fa-fac6-4c6f-8c6d-9ac7414c70c3:c5642]
2019-07-14 04:24:03,045 INFO  client.GrpcClientProtocolClient (GrpcClientProtocolClient.java:onNext(255)) - client-8DB4338F17D0->b5da6a4a-1459-46a4-9479-d2035163dbe2: receive RaftClientReply:client-8DB4338F17D0->b5da6a4a-1459-46a4-9479-d2035163dbe2@group-4A9565783204, cid=3717, SUCCESS, logIndex=5646, commits[b5da6a4a-1459-46a4-9479-d2035163dbe2:c5646, 69c25b61-d669-4f17-b36d-41bca3df1f31:c5644, d2a7b1fa-fac6-4c6f-8c6d-9ac7414c70c3:c5644]
2019-07-14 04:24:03,047 INFO  client.GrpcClientProtocolClient (GrpcClientProtocolClient.java:onNext(255)) - client-8DB4338F17D0->b5da6a4a-1459-46a4-9479-d2035163dbe2: receive RaftClientReply:client-8DB4338F17D0->b5da6a4a-1459-46a4-9479-d2035163dbe2@group-4A9565783204, cid=3718, SUCCESS, logIndex=0, commits[b5da6a4a-1459-46a4-9479-d2035163dbe2:c5647, 69c25b61-d669-4f17-b36d-41bca3df1f31:c5646, d2a7b1fa-fac6-4c6f-8c6d-9ac7414c70c3:c5646]
2019-07-14 04:24:03,078 INFO  client.GrpcClientProtocolClient (GrpcClientProtocolClient.java:onNext(255)) - client-8DB4338F17D0->b5da6a4a-1459-46a4-9479-d2035163dbe2: receive RaftClientReply:client-8DB4338F17D0->b5da6a4a-1459-46a4-9479-d2035163dbe2@group-4A9565783204, cid=3719, SUCCESS, logIndex=5649, commits[b5da6a4a-1459-46a4-9479-d2035163dbe2:c5650, 69c25b61-d669-4f17-b36d-41bca3df1f31:c5648, d2a7b1fa-fac6-4c6f-8c6d-9ac7414c70c3:c5648]
2019-07-14 04:24:03,078 INFO  client.GrpcClientProtocolClient (GrpcClientProtocolClient.java:onNext(255)) - client-8DB4338F17D0->b5da6a4a-1459-46a4-9479-d2035163dbe2: receive RaftClientReply:client-8DB4338F17D0->b5da6a4a-1459-46a4-9479-d2035163dbe2@group-4A9565783204, cid=3720, SUCCESS, logIndex=5650, commits[b5da6a4a-1459-46a4-9479-d2035163dbe2:c5650, 69c25b61-d669-4f17-b36d-41bca3df1f31:c5648, d2a7b1fa-fac6-4c6f-8c6d-9ac7414c70c3:c5648]
2019-07-14 04:24:03,081 INFO  client.GrpcClientProtocolClient (GrpcClientProtocolClient.java:onNext(255)) - client-8DB4338F17D0->b5da6a4a-1459-46a4-9479-d2035163dbe2: receive RaftClientReply:client-8DB4338F17D0->b5da6a4a-1459-46a4-9479-d2035163dbe2@group-4A9565783204, cid=3721, SUCCESS, logIndex=5651, commits[b5da6a4a-1459-46a4-9479-d2035163dbe2:c5652, 69c25b61-d669-4f17-b36d-41bca3df1f31:c5648, d2a7b1fa-fac6-4c6f-8c6d-9ac7414c70c3:c5648]
2019-07-14 04:24:03,081 INFO  client.GrpcClientProtocolClient (GrpcClientProtocolClient.java:onNext(255)) - client-8DB4338F17D0->b5da6a4a-1459-46a4-9479-d2035163dbe2: receive RaftClientReply:client-8DB4338F17D0->b5da6a4a-1459-46a4-9479-d2035163dbe2@group-4A9565783204, cid=3722, SUCCESS, logIndex=5652, commits[b5da6a4a-1459-46a4-9479-d2035163dbe2:c5652, 69c25b61-d669-4f17-b36d-41bca3df1f31:c5648, d2a7b1fa-fac6-4c6f-8c6d-9ac7414c70c3:c5648]
2019-07-14 04:24:03,084 INFO  client.GrpcClientProtocolClient (GrpcClientProtocolClient.java:onNext(255)) - client-8DB4338F17D0->b5da6a4a-1459-46a4-9479-d2035163dbe2: receive RaftClientReply:client-8DB4338F17D0->b5da6a4a-1459-46a4-9479-d2035163dbe2@group-4A9565783204, cid=3723, SUCCESS, logIndex=0, commits[b5da6a4a-1459-46a4-9479-d2035163dbe2:c5654, 69c25b61-d669-4f17-b36d-41bca3df1f31:c5650, d2a7b1fa-fac6-4c6f-8c6d-9ac7414c70c3:c5650]
2019-07-14 04:24:03,103 INFO  client.GrpcClientProtocolClient (GrpcClientProtocolClient.java:onNext(255)) - client-8DB4338F17D0->b5da6a4a-1459-46a4-9479-d2035163dbe2: receive RaftClientReply:client-8DB4338F17D0->b5da6a4a-1459-46a4-9479-d2035163dbe2@group-4A9565783204, cid=3724, SUCCESS, logIndex=5657, commits[b5da6a4a-1459-46a4-9479-d2035163dbe2:c5658, 69c25b61-d669-4f17-b36d-41bca3df1f31:c5652, d2a7b1fa-fac6-4c6f-8c6d-9ac7414c70c3:c5656]
2019-07-14 04:24:03,104 INFO  client.GrpcClientProtocolClient (GrpcClientProtocolClient.java:onNext(255)) - client-8DB4338F17D0->b5da6a4a-1459-46a4-9479-d2035163dbe2: receive RaftClientReply:client-8DB4338F17D0->b5da6a4a-1459-46a4-9479-d2035163dbe2@group-4A9565783204, cid=3725, SUCCESS, logIndex=5658, commits[b5da6a4a-1459-46a4-9479-d2035163dbe2:c5658, 69c25b61-d669-4f17-b36d-41bca3df1f31:c5656, d2a7b1fa-fac6-4c6f-8c6d-9ac7414c70c3:c5656]
2019-07-14 04:24:03,123 INFO  client.GrpcClientProtocolClient (GrpcClientProtocolClient.java:onNext(255)) - client-8DB4338F17D0->b5da6a4a-1459-46a4-9479-d2035163dbe2: receive RaftClientReply:client-8DB4338F17D0->b5da6a4a-1459-46a4-9479-d2035163dbe2@group-4A9565783204, cid=3726, SUCCESS, logIndex=5660, commits[b5da6a4a-1459-46a4-9479-d2035163dbe2:c5661, 69c25b61-d669-4f17-b36d-41bca3df1f31:c5659, d2a7b1fa-fac6-4c6f-8c6d-9ac7414c70c3:c5658]
2019-07-14 04:24:03,124 INFO  client.GrpcClientProtocolClient (GrpcClientProtocolClient.java:onNext(255)) - client-8DB4338F17D0->b5da6a4a-1459-46a4-9479-d2035163dbe2: receive RaftClientReply:client-8DB4338F17D0->b5da6a4a-1459-46a4-9479-d2035163dbe2@group-4A9565783204, cid=3727, SUCCESS, logIndex=5661, commits[b5da6a4a-1459-46a4-9479-d2035163dbe2:c5661, 69c25b61-d669-4f17-b36d-41bca3df1f31:c5659, d2a7b1fa-fac6-4c6f-8c6d-9ac7414c70c3:c5658]
2019-07-14 04:24:03,190 INFO  client.GrpcClientProtocolClient (GrpcClientProtocolClient.java:onNext(255)) - client-8DB4338F17D0->b5da6a4a-1459-46a4-9479-d2035163dbe2: receive RaftClientReply:client-8DB4338F17D0->b5da6a4a-1459-46a4-9479-d2035163dbe2@group-4A9565783204, cid=3728, SUCCESS, logIndex=0, commits[b5da6a4a-1459-46a4-9479-d2035163dbe2:c5662, 69c25b61-d669-4f17-b36d-41bca3df1f31:c5661, d2a7b1fa-fac6-4c6f-8c6d-9ac7414c70c3:c5661]
2019-07-14 04:24:03,223 INFO  client.GrpcClientProtocolClient (GrpcClientProtocolClient.java:onNext(255)) - client-8DB4338F17D0->b5da6a4a-1459-46a4-9479-d2035163dbe2: receive RaftClientReply:client-8DB4338F17D0->b5da6a4a-1459-46a4-9479-d2035163dbe2@group-4A9565783204, cid=3729, SUCCESS, logIndex=5664, commits[b5da6a4a-1459-46a4-9479-d2035163dbe2:c5665, 69c25b61-d669-4f17-b36d-41bca3df1f31:c5663, d2a7b1fa-fac6-4c6f-8c6d-9ac7414c70c3:c5661]
2019-07-14 04:24:03,223 INFO  client.GrpcClientProtocolClient (GrpcClientProtocolClient.java:onNext(255)) - client-8DB4338F17D0->b5da6a4a-1459-46a4-9479-d2035163dbe2: receive RaftClientReply:client-8DB4338F17D0->b5da6a4a-1459-46a4-9479-d2035163dbe2@group-4A9565783204, cid=3730, SUCCESS, logIndex=5665, commits[b5da6a4a-1459-46a4-9479-d2035163dbe2:c5665, 69c25b61-d669-4f17-b36d-41bca3df1f31:c5663, d2a7b1fa-fac6-4c6f-8c6d-9ac7414c70c3:c5661]
2019-07-14 04:24:03,232 INFO  client.GrpcClientProtocolClient (GrpcClientProtocolClient.java:onNext(255)) - client-8DB4338F17D0->b5da6a4a-1459-46a4-9479-d2035163dbe2: receive RaftClientReply:client-8DB4338F17D0->b5da6a4a-1459-46a4-9479-d2035163dbe2@group-4A9565783204, cid=3731, SUCCESS, logIndex=5666, commits[b5da6a4a-1459-46a4-9479-d2035163dbe2:c5667, 69c25b61-d669-4f17-b36d-41bca3df1f31:c5663, d2a7b1fa-fac6-4c6f-8c6d-9ac7414c70c3:c5663]
2019-07-14 04:24:03,233 INFO  client.GrpcClientProtocolClient (GrpcClientProtocolClient.java:onNext(255)) - client-8DB4338F17D0->b5da6a4a-1459-46a4-9479-d2035163dbe2: receive RaftClientReply:client-8DB4338F17D0->b5da6a4a-1459-46a4-9479-d2035163dbe2@group-4A9565783204, cid=3732, SUCCESS, logIndex=5667, commits[b5da6a4a-1459-46a4-9479-d2035163dbe2:c5667, 69c25b61-d669-4f17-b36d-41bca3df1f31:c5663, d2a7b1fa-fac6-4c6f-8c6d-9ac7414c70c3:c5663]
2019-07-14 04:24:03,235 INFO  client.GrpcClientProtocolClient (GrpcClientProtocolClient.java:onNext(255)) - client-8DB4338F17D0->b5da6a4a-1459-46a4-9479-d2035163dbe2: receive RaftClientReply:client-8DB4338F17D0->b5da6a4a-1459-46a4-9479-d2035163dbe2@group-4A9565783204, cid=3733, SUCCESS, logIndex=0, commits[b5da6a4a-1459-46a4-9479-d2035163dbe2:c5669, 69c25b61-d669-4f17-b36d-41bca3df1f31:c5665, d2a7b1fa-fac6-4c6f-8c6d-9ac7414c70c3:c5665]
2019-07-14 04:24:03,247 INFO  client.GrpcClientProtocolClient (GrpcClientProtocolClient.java:onNext(255)) - client-8DB4338F17D0->b5da6a4a-1459-46a4-9479-d2035163dbe2: receive RaftClientReply:client-8DB4338F17D0->b5da6a4a-1459-46a4-9479-d2035163dbe2@group-4A9565783204, cid=3734, SUCCESS, logIndex=5671, commits[b5da6a4a-1459-46a4-9479-d2035163dbe2:c5672, 69c25b61-d669-4f17-b36d-41bca3df1f31:c5667, d2a7b1fa-fac6-4c6f-8c6d-9ac7414c70c3:c5669]
2019-07-14 04:24:03,247 INFO  client.GrpcClientProtocolClient (GrpcClientProtocolClient.java:onNext(255)) - client-8DB4338F17D0->b5da6a4a-1459-46a4-9479-d2035163dbe2: receive RaftClientReply:client-8DB4338F17D0->b5da6a4a-1459-46a4-9479-d2035163dbe2@group-4A9565783204, cid=3735, SUCCESS, logIndex=5672, commits[b5da6a4a-1459-46a4-9479-d2035163dbe2:c5672, 69c25b61-d669-4f17-b36d-41bca3df1f31:c5669, d2a7b1fa-fac6-4c6f-8c6d-9ac7414c70c3:c5669]
 0.00% |█                                                                                                    |  0/1 Time: 0:00:282019-07-14 04:24:03,259 INFO  client.GrpcClientProtocolClient (GrpcClientProtocolClient.java:onNext(255)) - client-8DB4338F17D0->b5da6a4a-1459-46a4-9479-d2035163dbe2: receive RaftClientReply:client-8DB4338F17D0->b5da6a4a-1459-46a4-9479-d2035163dbe2@group-4A9565783204, cid=3736, SUCCESS, logIndex=5675, commits[b5da6a4a-1459-46a4-9479-d2035163dbe2:c5676, 69c25b61-d669-4f17-b36d-41bca3df1f31:c5672, d2a7b1fa-fac6-4c6f-8c6d-9ac7414c70c3:c5674]
2019-07-14 04:24:03,259 INFO  client.GrpcClientProtocolClient (GrpcClientProtocolClient.java:onNext(255)) - client-8DB4338F17D0->b5da6a4a-1459-46a4-9479-d2035163dbe2: receive RaftClientReply:client-8DB4338F17D0->b5da6a4a-1459-46a4-9479-d2035163dbe2@group-4A9565783204, cid=3737, SUCCESS, logIndex=5676, commits[b5da6a4a-1459-46a4-9479-d2035163dbe2:c5676, 69c25b61-d669-4f17-b36d-41bca3df1f31:c5674, d2a7b1fa-fac6-4c6f-8c6d-9ac7414c70c3:c5674]
2019-07-14 04:24:03,261 INFO  client.GrpcClientProtocolClient (GrpcClientProtocolClient.java:onNext(255)) - client-8DB4338F17D0->b5da6a4a-1459-46a4-9479-d2035163dbe2: receive RaftClientReply:client-8DB4338F17D0->b5da6a4a-1459-46a4-9479-d2035163dbe2@group-4A9565783204, cid=3738, SUCCESS, logIndex=0, commits[b5da6a4a-1459-46a4-9479-d2035163dbe2:c5677, 69c25b61-d669-4f17-b36d-41bca3df1f31:c5676, d2a7b1fa-fac6-4c6f-8c6d-9ac7414c70c3:c5676]
2019-07-14 04:24:03,296 INFO  client.GrpcClientProtocolClient (GrpcClientProtocolClient.java:onNext(255)) - client-8DB4338F17D0->b5da6a4a-1459-46a4-9479-d2035163dbe2: receive RaftClientReply:client-8DB4338F17D0->b5da6a4a-1459-46a4-9479-d2035163dbe2@group-4A9565783204, cid=3739, SUCCESS, logIndex=5679, commits[b5da6a4a-1459-46a4-9479-d2035163dbe2:c5680, 69c25b61-d669-4f17-b36d-41bca3df1f31:c5678, d2a7b1fa-fac6-4c6f-8c6d-9ac7414c70c3:c5678]
2019-07-14 04:24:03,296 INFO  client.GrpcClientProtocolClient (GrpcClientProtocolClient.java:onNext(255)) - client-8DB4338F17D0->b5da6a4a-1459-46a4-9479-d2035163dbe2: receive RaftClientReply:client-8DB4338F17D0->b5da6a4a-1459-46a4-9479-d2035163dbe2@group-4A9565783204, cid=3740, SUCCESS, logIndex=5680, commits[b5da6a4a-1459-46a4-9479-d2035163dbe2:c5682, 69c25b61-d669-4f17-b36d-41bca3df1f31:c5678, d2a7b1fa-fac6-4c6f-8c6d-9ac7414c70c3:c5678]
2019-07-14 04:24:03,297 INFO  client.GrpcClientProtocolClient (GrpcClientProtocolClient.java:onNext(255)) - client-8DB4338F17D0->b5da6a4a-1459-46a4-9479-d2035163dbe2: receive RaftClientReply:client-8DB4338F17D0->b5da6a4a-1459-46a4-9479-d2035163dbe2@group-4A9565783204, cid=3741, SUCCESS, logIndex=5681, commits[b5da6a4a-1459-46a4-9479-d2035163dbe2:c5682, 69c25b61-d669-4f17-b36d-41bca3df1f31:c5678, d2a7b1fa-fac6-4c6f-8c6d-9ac7414c70c3:c5678]
2019-07-14 04:24:03,297 INFO  client.GrpcClientProtocolClient (GrpcClientProtocolClient.java:onNext(255)) - client-8DB4338F17D0->b5da6a4a-1459-46a4-9479-d2035163dbe2: receive RaftClientReply:client-8DB4338F17D0->b5da6a4a-1459-46a4-9479-d2035163dbe2@group-4A9565783204, cid=3742, SUCCESS, logIndex=5682, commits[b5da6a4a-1459-46a4-9479-d2035163dbe2:c5682, 69c25b61-d669-4f17-b36d-41bca3df1f31:c5678, d2a7b1fa-fac6-4c6f-8c6d-9ac7414c70c3:c5678]
2019-07-14 04:24:03,300 INFO  client.GrpcClientProtocolClient (GrpcClientProtocolClient.java:onNext(255)) - client-8DB4338F17D0->b5da6a4a-1459-46a4-9479-d2035163dbe2: receive RaftClientReply:client-8DB4338F17D0->b5da6a4a-1459-46a4-9479-d2035163dbe2@group-4A9565783204, cid=3743, SUCCESS, logIndex=0, commits[b5da6a4a-1459-46a4-9479-d2035163dbe2:c5685, 69c25b61-d669-4f17-b36d-41bca3df1f31:c5680, d2a7b1fa-fac6-4c6f-8c6d-9ac7414c70c3:c5682]
2019-07-14 04:24:03,312 INFO  client.GrpcClientProtocolClient (GrpcClientProtocolClient.java:onNext(255)) - client-8DB4338F17D0->b5da6a4a-1459-46a4-9479-d2035163dbe2: receive RaftClientReply:client-8DB4338F17D0->b5da6a4a-1459-46a4-9479-d2035163dbe2@group-4A9565783204, cid=3744, SUCCESS, logIndex=5686, commits[b5da6a4a-1459-46a4-9479-d2035163dbe2:c5687, 69c25b61-d669-4f17-b36d-41bca3df1f31:c5685, d2a7b1fa-fac6-4c6f-8c6d-9ac7414c70c3:c5685]
2019-07-14 04:24:03,313 INFO  client.GrpcClientProtocolClient (GrpcClientProtocolClient.java:onNext(255)) - client-8DB4338F17D0->b5da6a4a-1459-46a4-9479-d2035163dbe2: receive RaftClientReply:client-8DB4338F17D0->b5da6a4a-1459-46a4-9479-d2035163dbe2@group-4A9565783204, cid=3745, SUCCESS, logIndex=5687, commits[b5da6a4a-1459-46a4-9479-d2035163dbe2:c5687, 69c25b61-d669-4f17-b36d-41bca3df1f31:c5685, d2a7b1fa-fac6-4c6f-8c6d-9ac7414c70c3:c5685]
2019-07-14 04:24:03,323 INFO  client.GrpcClientProtocolClient (GrpcClientProtocolClient.java:onNext(255)) - client-8DB4338F17D0->b5da6a4a-1459-46a4-9479-d2035163dbe2: receive RaftClientReply:client-8DB4338F17D0->b5da6a4a-1459-46a4-9479-d2035163dbe2@group-4A9565783204, cid=3746, SUCCESS, logIndex=5690, commits[b5da6a4a-1459-46a4-9479-d2035163dbe2:c5691, 69c25b61-d669-4f17-b36d-41bca3df1f31:c5687, d2a7b1fa-fac6-4c6f-8c6d-9ac7414c70c3:c5688]
2019-07-14 04:24:03,323 INFO  client.GrpcClientProtocolClient (GrpcClientProtocolClient.java:onNext(255)) - client-8DB4338F17D0->b5da6a4a-1459-46a4-9479-d2035163dbe2: receive RaftClientReply:client-8DB4338F17D0->b5da6a4a-1459-46a4-9479-d2035163dbe2@group-4A9565783204, cid=3747, SUCCESS, logIndex=5691, commits[b5da6a4a-1459-46a4-9479-d2035163dbe2:c5691, 69c25b61-d669-4f17-b36d-41bca3df1f31:c5687, d2a7b1fa-fac6-4c6f-8c6d-9ac7414c70c3:c5688]
2019-07-14 04:24:03,326 INFO  client.GrpcClientProtocolClient (GrpcClientProtocolClient.java:onNext(255)) - client-8DB4338F17D0->b5da6a4a-1459-46a4-9479-d2035163dbe2: receive RaftClientReply:client-8DB4338F17D0->b5da6a4a-1459-46a4-9479-d2035163dbe2@group-4A9565783204, cid=3748, SUCCESS, logIndex=0, commits[b5da6a4a-1459-46a4-9479-d2035163dbe2:c5692, 69c25b61-d669-4f17-b36d-41bca3df1f31:c5691, d2a7b1fa-fac6-4c6f-8c6d-9ac7414c70c3:c5691]
2019-07-14 04:24:03,357 INFO  client.GrpcClientProtocolClient (GrpcClientProtocolClient.java:onNext(255)) - client-8DB4338F17D0->b5da6a4a-1459-46a4-9479-d2035163dbe2: receive RaftClientReply:client-8DB4338F17D0->b5da6a4a-1459-46a4-9479-d2035163dbe2@group-4A9565783204, cid=3749, SUCCESS, logIndex=5694, commits[b5da6a4a-1459-46a4-9479-d2035163dbe2:c5695, 69c25b61-d669-4f17-b36d-41bca3df1f31:c5693, d2a7b1fa-fac6-4c6f-8c6d-9ac7414c70c3:c5693]
2019-07-14 04:24:03,358 INFO  client.GrpcClientProtocolClient (GrpcClientProtocolClient.java:onNext(255)) - client-8DB4338F17D0->b5da6a4a-1459-46a4-9479-d2035163dbe2: receive RaftClientReply:client-8DB4338F17D0->b5da6a4a-1459-46a4-9479-d2035163dbe2@group-4A9565783204, cid=3750, SUCCESS, logIndex=5695, commits[b5da6a4a-1459-46a4-9479-d2035163dbe2:c5695, 69c25b61-d669-4f17-b36d-41bca3df1f31:c5693, d2a7b1fa-fac6-4c6f-8c6d-9ac7414c70c3:c5693]
2019-07-14 04:24:03,358 INFO  client.GrpcClientProtocolClient (GrpcClientProtocolClient.java:onNext(255)) - client-8DB4338F17D0->b5da6a4a-1459-46a4-9479-d2035163dbe2: receive RaftClientReply:client-8DB4338F17D0->b5da6a4a-1459-46a4-9479-d2035163dbe2@group-4A9565783204, cid=3751, SUCCESS, logIndex=5696, commits[b5da6a4a-1459-46a4-9479-d2035163dbe2:c5697, 69c25b61-d669-4f17-b36d-41bca3df1f31:c5693, d2a7b1fa-fac6-4c6f-8c6d-9ac7414c70c3:c5693]
2019-07-14 04:24:03,359 INFO  client.GrpcClientProtocolClient (GrpcClientProtocolClient.java:onNext(255)) - client-8DB4338F17D0->b5da6a4a-1459-46a4-9479-d2035163dbe2: receive RaftClientReply:client-8DB4338F17D0->b5da6a4a-1459-46a4-9479-d2035163dbe2@group-4A9565783204, cid=3752, SUCCESS, logIndex=5697, commits[b5da6a4a-1459-46a4-9479-d2035163dbe2:c5697, 69c25b61-d669-4f17-b36d-41bca3df1f31:c5693, d2a7b1fa-fac6-4c6f-8c6d-9ac7414c70c3:c5693]
2019-07-14 04:24:03,361 INFO  client.GrpcClientProtocolClient (GrpcClientProtocolClient.java:onNext(255)) - client-8DB4338F17D0->b5da6a4a-1459-46a4-9479-d2035163dbe2: receive RaftClientReply:client-8DB4338F17D0->b5da6a4a-1459-46a4-9479-d2035163dbe2@group-4A9565783204, cid=3753, SUCCESS, logIndex=0, commits[b5da6a4a-1459-46a4-9479-d2035163dbe2:c5699, 69c25b61-d669-4f17-b36d-41bca3df1f31:c5695, d2a7b1fa-fac6-4c6f-8c6d-9ac7414c70c3:c5695]
2019-07-14 04:24:03,375 INFO  client.GrpcClientProtocolClient (GrpcClientProtocolClient.java:onNext(255)) - client-8DB4338F17D0->b5da6a4a-1459-46a4-9479-d2035163dbe2: receive RaftClientReply:client-8DB4338F17D0->b5da6a4a-1459-46a4-9479-d2035163dbe2@group-4A9565783204, cid=3754, SUCCESS, logIndex=5702, commits[b5da6a4a-1459-46a4-9479-d2035163dbe2:c5703, 69c25b61-d669-4f17-b36d-41bca3df1f31:c5701, d2a7b1fa-fac6-4c6f-8c6d-9ac7414c70c3:c5701]
2019-07-14 04:24:03,375 INFO  client.GrpcClientProtocolClient (GrpcClientProtocolClient.java:onNext(255)) - client-8DB4338F17D0->b5da6a4a-1459-46a4-9479-d2035163dbe2: receive RaftClientReply:client-8DB4338F17D0->b5da6a4a-1459-46a4-9479-d2035163dbe2@group-4A9565783204, cid=3755, SUCCESS, logIndex=5703, commits[b5da6a4a-1459-46a4-9479-d2035163dbe2:c5703, 69c25b61-d669-4f17-b36d-41bca3df1f31:c5701, d2a7b1fa-fac6-4c6f-8c6d-9ac7414c70c3:c5701]
2019-07-14 04:24:03,389 INFO  client.GrpcClientProtocolClient (GrpcClientProtocolClient.java:onNext(255)) - client-8DB4338F17D0->b5da6a4a-1459-46a4-9479-d2035163dbe2: receive RaftClientReply:client-8DB4338F17D0->b5da6a4a-1459-46a4-9479-d2035163dbe2@group-4A9565783204, cid=3756, SUCCESS, logIndex=5706, commits[b5da6a4a-1459-46a4-9479-d2035163dbe2:c5707, 69c25b61-d669-4f17-b36d-41bca3df1f31:c5704, d2a7b1fa-fac6-4c6f-8c6d-9ac7414c70c3:c5704]
2019-07-14 04:24:03,390 INFO  client.GrpcClientProtocolClient (GrpcClientProtocolClient.java:onNext(255)) - client-8DB4338F17D0->b5da6a4a-1459-46a4-9479-d2035163dbe2: receive RaftClientReply:client-8DB4338F17D0->b5da6a4a-1459-46a4-9479-d2035163dbe2@group-4A9565783204, cid=3757, SUCCESS, logIndex=5707, commits[b5da6a4a-1459-46a4-9479-d2035163dbe2:c5707, 69c25b61-d669-4f17-b36d-41bca3df1f31:c5704, d2a7b1fa-fac6-4c6f-8c6d-9ac7414c70c3:c5704]
2019-07-14 04:24:03,395 INFO  client.GrpcClientProtocolClient (GrpcClientProtocolClient.java:onNext(255)) - client-8DB4338F17D0->b5da6a4a-1459-46a4-9479-d2035163dbe2: receive RaftClientReply:client-8DB4338F17D0->b5da6a4a-1459-46a4-9479-d2035163dbe2@group-4A9565783204, cid=3758, SUCCESS, logIndex=0, commits[b5da6a4a-1459-46a4-9479-d2035163dbe2:c5709, 69c25b61-d669-4f17-b36d-41bca3df1f31:c5707, d2a7b1fa-fac6-4c6f-8c6d-9ac7414c70c3:c5707]
2019-07-14 04:24:03,418 INFO  client.GrpcClientProtocolClient (GrpcClientProtocolClient.java:onNext(255)) - client-8DB4338F17D0->b5da6a4a-1459-46a4-9479-d2035163dbe2: receive RaftClientReply:client-8DB4338F17D0->b5da6a4a-1459-46a4-9479-d2035163dbe2@group-4A9565783204, cid=3759, SUCCESS, logIndex=5710, commits[b5da6a4a-1459-46a4-9479-d2035163dbe2:c5711, 69c25b61-d669-4f17-b36d-41bca3df1f31:c5709, d2a7b1fa-fac6-4c6f-8c6d-9ac7414c70c3:c5709]
2019-07-14 04:24:03,419 INFO  client.GrpcClientProtocolClient (GrpcClientProtocolClient.java:onNext(255)) - client-8DB4338F17D0->b5da6a4a-1459-46a4-9479-d2035163dbe2: receive RaftClientReply:client-8DB4338F17D0->b5da6a4a-1459-46a4-9479-d2035163dbe2@group-4A9565783204, cid=3760, SUCCESS, logIndex=5711, commits[b5da6a4a-1459-46a4-9479-d2035163dbe2:c5711, 69c25b61-d669-4f17-b36d-41bca3df1f31:c5709, d2a7b1fa-fac6-4c6f-8c6d-9ac7414c70c3:c5709]
2019-07-14 04:24:03,421 INFO  client.GrpcClientProtocolClient (GrpcClientProtocolClient.java:onNext(255)) - client-8DB4338F17D0->b5da6a4a-1459-46a4-9479-d2035163dbe2: receive RaftClientReply:client-8DB4338F17D0->b5da6a4a-1459-46a4-9479-d2035163dbe2@group-4A9565783204, cid=3761, SUCCESS, logIndex=5712, commits[b5da6a4a-1459-46a4-9479-d2035163dbe2:c5713, 69c25b61-d669-4f17-b36d-41bca3df1f31:c5709, d2a7b1fa-fac6-4c6f-8c6d-9ac7414c70c3:c5709]
2019-07-14 04:24:03,421 INFO  client.GrpcClientProtocolClient (GrpcClientProtocolClient.java:onNext(255)) - client-8DB4338F17D0->b5da6a4a-1459-46a4-9479-d2035163dbe2: receive RaftClientReply:client-8DB4338F17D0->b5da6a4a-1459-46a4-9479-d2035163dbe2@group-4A9565783204, cid=3762, SUCCESS, logIndex=5713, commits[b5da6a4a-1459-46a4-9479-d2035163dbe2:c5713, 69c25b61-d669-4f17-b36d-41bca3df1f31:c5709, d2a7b1fa-fac6-4c6f-8c6d-9ac7414c70c3:c5709]
2019-07-14 04:24:03,422 INFO  client.GrpcClientProtocolClient (GrpcClientProtocolClient.java:onNext(255)) - client-8DB4338F17D0->b5da6a4a-1459-46a4-9479-d2035163dbe2: receive RaftClientReply:client-8DB4338F17D0->b5da6a4a-1459-46a4-9479-d2035163dbe2@group-4A9565783204, cid=3763, SUCCESS, logIndex=0, commits[b5da6a4a-1459-46a4-9479-d2035163dbe2:c5715, 69c25b61-d669-4f17-b36d-41bca3df1f31:c5711, d2a7b1fa-fac6-4c6f-8c6d-9ac7414c70c3:c5711]
2019-07-14 04:24:03,444 INFO  client.GrpcClientProtocolClient (GrpcClientProtocolClient.java:onNext(255)) - client-8DB4338F17D0->b5da6a4a-1459-46a4-9479-d2035163dbe2: receive RaftClientReply:client-8DB4338F17D0->b5da6a4a-1459-46a4-9479-d2035163dbe2@group-4A9565783204, cid=3764, SUCCESS, logIndex=5718, commits[b5da6a4a-1459-46a4-9479-d2035163dbe2:c5719, 69c25b61-d669-4f17-b36d-41bca3df1f31:c5717, d2a7b1fa-fac6-4c6f-8c6d-9ac7414c70c3:c5717]
2019-07-14 04:24:03,444 INFO  client.GrpcClientProtocolClient (GrpcClientProtocolClient.java:onNext(255)) - client-8DB4338F17D0->b5da6a4a-1459-46a4-9479-d2035163dbe2: receive RaftClientReply:client-8DB4338F17D0->b5da6a4a-1459-46a4-9479-d2035163dbe2@group-4A9565783204, cid=3765, SUCCESS, logIndex=5719, commits[b5da6a4a-1459-46a4-9479-d2035163dbe2:c5719, 69c25b61-d669-4f17-b36d-41bca3df1f31:c5717, d2a7b1fa-fac6-4c6f-8c6d-9ac7414c70c3:c5717]
2019-07-14 04:24:03,456 INFO  client.GrpcClientProtocolClient (GrpcClientProtocolClient.java:onNext(255)) - client-8DB4338F17D0->b5da6a4a-1459-46a4-9479-d2035163dbe2: receive RaftClientReply:client-8DB4338F17D0->b5da6a4a-1459-46a4-9479-d2035163dbe2@group-4A9565783204, cid=3766, SUCCESS, logIndex=5722, commits[b5da6a4a-1459-46a4-9479-d2035163dbe2:c5723, 69c25b61-d669-4f17-b36d-41bca3df1f31:c5719, d2a7b1fa-fac6-4c6f-8c6d-9ac7414c70c3:c5719]
2019-07-14 04:24:03,456 INFO  client.GrpcClientProtocolClient (GrpcClientProtocolClient.java:onNext(255)) - client-8DB4338F17D0->b5da6a4a-1459-46a4-9479-d2035163dbe2: receive RaftClientReply:client-8DB4338F17D0->b5da6a4a-1459-46a4-9479-d2035163dbe2@group-4A9565783204, cid=3767, SUCCESS, logIndex=5723, commits[b5da6a4a-1459-46a4-9479-d2035163dbe2:c5723, 69c25b61-d669-4f17-b36d-41bca3df1f31:c5719, d2a7b1fa-fac6-4c6f-8c6d-9ac7414c70c3:c5719]
2019-07-14 04:24:03,457 INFO  client.GrpcClientProtocolClient (GrpcClientProtocolClient.java:onNext(255)) - client-8DB4338F17D0->b5da6a4a-1459-46a4-9479-d2035163dbe2: receive RaftClientReply:client-8DB4338F17D0->b5da6a4a-1459-46a4-9479-d2035163dbe2@group-4A9565783204, cid=3768, SUCCESS, logIndex=0, commits[b5da6a4a-1459-46a4-9479-d2035163dbe2:c5724, 69c25b61-d669-4f17-b36d-41bca3df1f31:c5723, d2a7b1fa-fac6-4c6f-8c6d-9ac7414c70c3:c5723]
2019-07-14 04:24:03,487 INFO  client.GrpcClientProtocolClient (GrpcClientProtocolClient.java:onNext(255)) - client-8DB4338F17D0->b5da6a4a-1459-46a4-9479-d2035163dbe2: receive RaftClientReply:client-8DB4338F17D0->b5da6a4a-1459-46a4-9479-d2035163dbe2@group-4A9565783204, cid=3769, SUCCESS, logIndex=5726, commits[b5da6a4a-1459-46a4-9479-d2035163dbe2:c5727, 69c25b61-d669-4f17-b36d-41bca3df1f31:c5725, d2a7b1fa-fac6-4c6f-8c6d-9ac7414c70c3:c5725]
2019-07-14 04:24:03,487 INFO  client.GrpcClientProtocolClient (GrpcClientProtocolClient.java:onNext(255)) - client-8DB4338F17D0->b5da6a4a-1459-46a4-9479-d2035163dbe2: receive RaftClientReply:client-8DB4338F17D0->b5da6a4a-1459-46a4-9479-d2035163dbe2@group-4A9565783204, cid=3770, SUCCESS, logIndex=5727, commits[b5da6a4a-1459-46a4-9479-d2035163dbe2:c5729, 69c25b61-d669-4f17-b36d-41bca3df1f31:c5725, d2a7b1fa-fac6-4c6f-8c6d-9ac7414c70c3:c5725]
2019-07-14 04:24:03,487 INFO  client.GrpcClientProtocolClient (GrpcClientProtocolClient.java:onNext(255)) - client-8DB4338F17D0->b5da6a4a-1459-46a4-9479-d2035163dbe2: receive RaftClientReply:client-8DB4338F17D0->b5da6a4a-1459-46a4-9479-d2035163dbe2@group-4A9565783204, cid=3771, SUCCESS, logIndex=5728, commits[b5da6a4a-1459-46a4-9479-d2035163dbe2:c5729, 69c25b61-d669-4f17-b36d-41bca3df1f31:c5725, d2a7b1fa-fac6-4c6f-8c6d-9ac7414c70c3:c5725]
2019-07-14 04:24:03,488 INFO  client.GrpcClientProtocolClient (GrpcClientProtocolClient.java:onNext(255)) - client-8DB4338F17D0->b5da6a4a-1459-46a4-9479-d2035163dbe2: receive RaftClientReply:client-8DB4338F17D0->b5da6a4a-1459-46a4-9479-d2035163dbe2@group-4A9565783204, cid=3772, SUCCESS, logIndex=5729, commits[b5da6a4a-1459-46a4-9479-d2035163dbe2:c5729, 69c25b61-d669-4f17-b36d-41bca3df1f31:c5727, d2a7b1fa-fac6-4c6f-8c6d-9ac7414c70c3:c5725]
2019-07-14 04:24:03,488 INFO  client.GrpcClientProtocolClient (GrpcClientProtocolClient.java:onNext(255)) - client-8DB4338F17D0->b5da6a4a-1459-46a4-9479-d2035163dbe2: receive RaftClientReply:client-8DB4338F17D0->b5da6a4a-1459-46a4-9479-d2035163dbe2@group-4A9565783204, cid=3773, SUCCESS, logIndex=0, commits[b5da6a4a-1459-46a4-9479-d2035163dbe2:c5731, 69c25b61-d669-4f17-b36d-41bca3df1f31:c5727, d2a7b1fa-fac6-4c6f-8c6d-9ac7414c70c3:c5727]
2019-07-14 04:24:03,500 INFO  client.GrpcClientProtocolClient (GrpcClientProtocolClient.java:onNext(255)) - client-8DB4338F17D0->b5da6a4a-1459-46a4-9479-d2035163dbe2: receive RaftClientReply:client-8DB4338F17D0->b5da6a4a-1459-46a4-9479-d2035163dbe2@group-4A9565783204, cid=3774, SUCCESS, logIndex=5733, commits[b5da6a4a-1459-46a4-9479-d2035163dbe2:c5734, 69c25b61-d669-4f17-b36d-41bca3df1f31:c5732, d2a7b1fa-fac6-4c6f-8c6d-9ac7414c70c3:c5732]
2019-07-14 04:24:03,501 INFO  client.GrpcClientProtocolClient (GrpcClientProtocolClient.java:onNext(255)) - client-8DB4338F17D0->b5da6a4a-1459-46a4-9479-d2035163dbe2: receive RaftClientReply:client-8DB4338F17D0->b5da6a4a-1459-46a4-9479-d2035163dbe2@group-4A9565783204, cid=3775, SUCCESS, logIndex=5734, commits[b5da6a4a-1459-46a4-9479-d2035163dbe2:c5734, 69c25b61-d669-4f17-b36d-41bca3df1f31:c5732, d2a7b1fa-fac6-4c6f-8c6d-9ac7414c70c3:c5732]
2019-07-14 04:24:03,512 INFO  client.GrpcClientProtocolClient (GrpcClientProtocolClient.java:onNext(255)) - client-8DB4338F17D0->b5da6a4a-1459-46a4-9479-d2035163dbe2: receive RaftClientReply:client-8DB4338F17D0->b5da6a4a-1459-46a4-9479-d2035163dbe2@group-4A9565783204, cid=3776, SUCCESS, logIndex=5737, commits[b5da6a4a-1459-46a4-9479-d2035163dbe2:c5738, 69c25b61-d669-4f17-b36d-41bca3df1f31:c5736, d2a7b1fa-fac6-4c6f-8c6d-9ac7414c70c3:c5734]
2019-07-14 04:24:03,512 INFO  client.GrpcClientProtocolClient (GrpcClientProtocolClient.java:onNext(255)) - client-8DB4338F17D0->b5da6a4a-1459-46a4-9479-d2035163dbe2: receive RaftClientReply:client-8DB4338F17D0->b5da6a4a-1459-46a4-9479-d2035163dbe2@group-4A9565783204, cid=3777, SUCCESS, logIndex=5738, commits[b5da6a4a-1459-46a4-9479-d2035163dbe2:c5738, 69c25b61-d669-4f17-b36d-41bca3df1f31:c5736, d2a7b1fa-fac6-4c6f-8c6d-9ac7414c70c3:c5734]
2019-07-14 04:24:03,514 INFO  client.GrpcClientProtocolClient (GrpcClientProtocolClient.java:onNext(255)) - client-8DB4338F17D0->b5da6a4a-1459-46a4-9479-d2035163dbe2: receive RaftClientReply:client-8DB4338F17D0->b5da6a4a-1459-46a4-9479-d2035163dbe2@group-4A9565783204, cid=3778, SUCCESS, logIndex=0, commits[b5da6a4a-1459-46a4-9479-d2035163dbe2:c5740, 69c25b61-d669-4f17-b36d-41bca3df1f31:c5738, d2a7b1fa-fac6-4c6f-8c6d-9ac7414c70c3:c5738]
2019-07-14 04:24:03,545 INFO  client.GrpcClientProtocolClient (GrpcClientProtocolClient.java:onNext(255)) - client-8DB4338F17D0->b5da6a4a-1459-46a4-9479-d2035163dbe2: receive RaftClientReply:client-8DB4338F17D0->b5da6a4a-1459-46a4-9479-d2035163dbe2@group-4A9565783204, cid=3779, SUCCESS, logIndex=5741, commits[b5da6a4a-1459-46a4-9479-d2035163dbe2:c5744, 69c25b61-d669-4f17-b36d-41bca3df1f31:c5740, d2a7b1fa-fac6-4c6f-8c6d-9ac7414c70c3:c5740]
2019-07-14 04:24:03,546 INFO  client.GrpcClientProtocolClient (GrpcClientProtocolClient.java:onNext(255)) - client-8DB4338F17D0->b5da6a4a-1459-46a4-9479-d2035163dbe2: receive RaftClientReply:client-8DB4338F17D0->b5da6a4a-1459-46a4-9479-d2035163dbe2@group-4A9565783204, cid=3780, SUCCESS, logIndex=5742, commits[b5da6a4a-1459-46a4-9479-d2035163dbe2:c5744, 69c25b61-d669-4f17-b36d-41bca3df1f31:c5740, d2a7b1fa-fac6-4c6f-8c6d-9ac7414c70c3:c5740]
2019-07-14 04:24:03,546 INFO  client.GrpcClientProtocolClient (GrpcClientProtocolClient.java:onNext(255)) - client-8DB4338F17D0->b5da6a4a-1459-46a4-9479-d2035163dbe2: receive RaftClientReply:client-8DB4338F17D0->b5da6a4a-1459-46a4-9479-d2035163dbe2@group-4A9565783204, cid=3781, SUCCESS, logIndex=5743, commits[b5da6a4a-1459-46a4-9479-d2035163dbe2:c5744, 69c25b61-d669-4f17-b36d-41bca3df1f31:c5740, d2a7b1fa-fac6-4c6f-8c6d-9ac7414c70c3:c5740]
2019-07-14 04:24:03,546 INFO  client.GrpcClientProtocolClient (GrpcClientProtocolClient.java:onNext(255)) - client-8DB4338F17D0->b5da6a4a-1459-46a4-9479-d2035163dbe2: receive RaftClientReply:client-8DB4338F17D0->b5da6a4a-1459-46a4-9479-d2035163dbe2@group-4A9565783204, cid=3782, SUCCESS, logIndex=5744, commits[b5da6a4a-1459-46a4-9479-d2035163dbe2:c5745, 69c25b61-d669-4f17-b36d-41bca3df1f31:c5742, d2a7b1fa-fac6-4c6f-8c6d-9ac7414c70c3:c5742]
2019-07-14 04:24:03,682 INFO  client.GrpcClientProtocolClient (GrpcClientProtocolClient.java:onNext(255)) - client-8DB4338F17D0->b5da6a4a-1459-46a4-9479-d2035163dbe2: receive RaftClientReply:client-8DB4338F17D0->b5da6a4a-1459-46a4-9479-d2035163dbe2@group-4A9565783204, cid=3783, SUCCESS, logIndex=5748, commits[b5da6a4a-1459-46a4-9479-d2035163dbe2:c5749, 69c25b61-d669-4f17-b36d-41bca3df1f31:c5747, d2a7b1fa-fac6-4c6f-8c6d-9ac7414c70c3:c5747]
2019-07-14 04:24:03,683 INFO  client.GrpcClientProtocolClient (GrpcClientProtocolClient.java:onNext(255)) - client-8DB4338F17D0->b5da6a4a-1459-46a4-9479-d2035163dbe2: receive RaftClientReply:client-8DB4338F17D0->b5da6a4a-1459-46a4-9479-d2035163dbe2@group-4A9565783204, cid=3784, SUCCESS, logIndex=5749, commits[b5da6a4a-1459-46a4-9479-d2035163dbe2:c5749, 69c25b61-d669-4f17-b36d-41bca3df1f31:c5747, d2a7b1fa-fac6-4c6f-8c6d-9ac7414c70c3:c5747]
2019-07-14 04:24:03,703 INFO  client.GrpcClientProtocolClient (GrpcClientProtocolClient.java:onNext(255)) - client-8DB4338F17D0->b5da6a4a-1459-46a4-9479-d2035163dbe2: receive RaftClientReply:client-8DB4338F17D0->b5da6a4a-1459-46a4-9479-d2035163dbe2@group-4A9565783204, cid=3785, SUCCESS, logIndex=5752, commits[b5da6a4a-1459-46a4-9479-d2035163dbe2:c5753, 69c25b61-d669-4f17-b36d-41bca3df1f31:c5751, d2a7b1fa-fac6-4c6f-8c6d-9ac7414c70c3:c5751]
2019-07-14 04:24:03,704 INFO  client.GrpcClientProtocolClient (GrpcClientProtocolClient.java:onNext(255)) - client-8DB4338F17D0->b5da6a4a-1459-46a4-9479-d2035163dbe2: receive RaftClientReply:client-8DB4338F17D0->b5da6a4a-1459-46a4-9479-d2035163dbe2@group-4A9565783204, cid=3786, SUCCESS, logIndex=5753, commits[b5da6a4a-1459-46a4-9479-d2035163dbe2:c5753, 69c25b61-d669-4f17-b36d-41bca3df1f31:c5751, d2a7b1fa-fac6-4c6f-8c6d-9ac7414c70c3:c5751]
2019-07-14 04:24:03,715 INFO  client.GrpcClientProtocolClient (GrpcClientProtocolClient.java:onNext(255)) - client-8DB4338F17D0->b5da6a4a-1459-46a4-9479-d2035163dbe2: receive RaftClientReply:client-8DB4338F17D0->b5da6a4a-1459-46a4-9479-d2035163dbe2@group-4A9565783204, cid=3787, SUCCESS, logIndex=0, commits[b5da6a4a-1459-46a4-9479-d2035163dbe2:c5755, 69c25b61-d669-4f17-b36d-41bca3df1f31:c5753, d2a7b1fa-fac6-4c6f-8c6d-9ac7414c70c3:c5753]
2019-07-14 04:24:03,748 INFO  client.GrpcClientProtocolClient (GrpcClientProtocolClient.java:onNext(255)) - client-8DB4338F17D0->b5da6a4a-1459-46a4-9479-d2035163dbe2: receive RaftClientReply:client-8DB4338F17D0->b5da6a4a-1459-46a4-9479-d2035163dbe2@group-4A9565783204, cid=3788, SUCCESS, logIndex=5756, commits[b5da6a4a-1459-46a4-9479-d2035163dbe2:c5757, 69c25b61-d669-4f17-b36d-41bca3df1f31:c5755, d2a7b1fa-fac6-4c6f-8c6d-9ac7414c70c3:c5755]
2019-07-14 04:24:03,749 INFO  client.GrpcClientProtocolClient (GrpcClientProtocolClient.java:onNext(255)) - client-8DB4338F17D0->b5da6a4a-1459-46a4-9479-d2035163dbe2: receive RaftClientReply:client-8DB4338F17D0->b5da6a4a-1459-46a4-9479-d2035163dbe2@group-4A9565783204, cid=3789, SUCCESS, logIndex=5757, commits[b5da6a4a-1459-46a4-9479-d2035163dbe2:c5759, 69c25b61-d669-4f17-b36d-41bca3df1f31:c5755, d2a7b1fa-fac6-4c6f-8c6d-9ac7414c70c3:c5755]
2019-07-14 04:24:03,749 INFO  client.GrpcClientProtocolClient (GrpcClientProtocolClient.java:onNext(255)) - client-8DB4338F17D0->b5da6a4a-1459-46a4-9479-d2035163dbe2: receive RaftClientReply:client-8DB4338F17D0->b5da6a4a-1459-46a4-9479-d2035163dbe2@group-4A9565783204, cid=3790, SUCCESS, logIndex=5758, commits[b5da6a4a-1459-46a4-9479-d2035163dbe2:c5759, 69c25b61-d669-4f17-b36d-41bca3df1f31:c5755, d2a7b1fa-fac6-4c6f-8c6d-9ac7414c70c3:c5755]
2019-07-14 04:24:03,750 INFO  client.GrpcClientProtocolClient (GrpcClientProtocolClient.java:onNext(255)) - client-8DB4338F17D0->b5da6a4a-1459-46a4-9479-d2035163dbe2: receive RaftClientReply:client-8DB4338F17D0->b5da6a4a-1459-46a4-9479-d2035163dbe2@group-4A9565783204, cid=3791, SUCCESS, logIndex=5759, commits[b5da6a4a-1459-46a4-9479-d2035163dbe2:c5759, 69c25b61-d669-4f17-b36d-41bca3df1f31:c5755, d2a7b1fa-fac6-4c6f-8c6d-9ac7414c70c3:c5755]
2019-07-14 04:24:03,753 INFO  client.GrpcClientProtocolClient (GrpcClientProtocolClient.java:onNext(255)) - client-8DB4338F17D0->b5da6a4a-1459-46a4-9479-d2035163dbe2: receive RaftClientReply:client-8DB4338F17D0->b5da6a4a-1459-46a4-9479-d2035163dbe2@group-4A9565783204, cid=3792, SUCCESS, logIndex=0, commits[b5da6a4a-1459-46a4-9479-d2035163dbe2:c5761, 69c25b61-d669-4f17-b36d-41bca3df1f31:c5757, d2a7b1fa-fac6-4c6f-8c6d-9ac7414c70c3:c5757]
2019-07-14 04:24:03,766 INFO  client.GrpcClientProtocolClient (GrpcClientProtocolClient.java:onNext(255)) - client-8DB4338F17D0->b5da6a4a-1459-46a4-9479-d2035163dbe2: receive RaftClientReply:client-8DB4338F17D0->b5da6a4a-1459-46a4-9479-d2035163dbe2@group-4A9565783204, cid=3793, SUCCESS, logIndex=5763, commits[b5da6a4a-1459-46a4-9479-d2035163dbe2:c5763, 69c25b61-d669-4f17-b36d-41bca3df1f31:c5762, d2a7b1fa-fac6-4c6f-8c6d-9ac7414c70c3:c5762]
2019-07-14 04:24:03,766 INFO  client.GrpcClientProtocolClient (GrpcClientProtocolClient.java:onNext(255)) - client-8DB4338F17D0->b5da6a4a-1459-46a4-9479-d2035163dbe2: receive RaftClientReply:client-8DB4338F17D0->b5da6a4a-1459-46a4-9479-d2035163dbe2@group-4A9565783204, cid=3794, SUCCESS, logIndex=5764, commits[b5da6a4a-1459-46a4-9479-d2035163dbe2:c5764, 69c25b61-d669-4f17-b36d-41bca3df1f31:c5762, d2a7b1fa-fac6-4c6f-8c6d-9ac7414c70c3:c5762]
2019-07-14 04:24:03,778 INFO  client.GrpcClientProtocolClient (GrpcClientProtocolClient.java:onNext(255)) - client-8DB4338F17D0->b5da6a4a-1459-46a4-9479-d2035163dbe2: receive RaftClientReply:client-8DB4338F17D0->b5da6a4a-1459-46a4-9479-d2035163dbe2@group-4A9565783204, cid=3795, SUCCESS, logIndex=5767, commits[b5da6a4a-1459-46a4-9479-d2035163dbe2:c5767, 69c25b61-d669-4f17-b36d-41bca3df1f31:c5764, d2a7b1fa-fac6-4c6f-8c6d-9ac7414c70c3:c5764]
2019-07-14 04:24:03,778 INFO  client.GrpcClientProtocolClient (GrpcClientProtocolClient.java:onNext(255)) - client-8DB4338F17D0->b5da6a4a-1459-46a4-9479-d2035163dbe2: receive RaftClientReply:client-8DB4338F17D0->b5da6a4a-1459-46a4-9479-d2035163dbe2@group-4A9565783204, cid=3796, SUCCESS, logIndex=5768, commits[b5da6a4a-1459-46a4-9479-d2035163dbe2:c5768, 69c25b61-d669-4f17-b36d-41bca3df1f31:c5764, d2a7b1fa-fac6-4c6f-8c6d-9ac7414c70c3:c5764]
2019-07-14 04:24:03,783 INFO  client.GrpcClientProtocolClient (GrpcClientProtocolClient.java:onNext(255)) - client-8DB4338F17D0->b5da6a4a-1459-46a4-9479-d2035163dbe2: receive RaftClientReply:client-8DB4338F17D0->b5da6a4a-1459-46a4-9479-d2035163dbe2@group-4A9565783204, cid=3797, SUCCESS, logIndex=0, commits[b5da6a4a-1459-46a4-9479-d2035163dbe2:c5770, 69c25b61-d669-4f17-b36d-41bca3df1f31:c5768, d2a7b1fa-fac6-4c6f-8c6d-9ac7414c70c3:c5768]
2019-07-14 04:24:03,816 INFO  client.GrpcClientProtocolClient (GrpcClientProtocolClient.java:onNext(255)) - client-8DB4338F17D0->b5da6a4a-1459-46a4-9479-d2035163dbe2: receive RaftClientReply:client-8DB4338F17D0->b5da6a4a-1459-46a4-9479-d2035163dbe2@group-4A9565783204, cid=3798, SUCCESS, logIndex=5771, commits[b5da6a4a-1459-46a4-9479-d2035163dbe2:c5773, 69c25b61-d669-4f17-b36d-41bca3df1f31:c5770, d2a7b1fa-fac6-4c6f-8c6d-9ac7414c70c3:c5770]
2019-07-14 04:24:03,817 INFO  client.GrpcClientProtocolClient (GrpcClientProtocolClient.java:onNext(255)) - client-8DB4338F17D0->b5da6a4a-1459-46a4-9479-d2035163dbe2: receive RaftClientReply:client-8DB4338F17D0->b5da6a4a-1459-46a4-9479-d2035163dbe2@group-4A9565783204, cid=3799, SUCCESS, logIndex=5772, commits[b5da6a4a-1459-46a4-9479-d2035163dbe2:c5774, 69c25b61-d669-4f17-b36d-41bca3df1f31:c5770, d2a7b1fa-fac6-4c6f-8c6d-9ac7414c70c3:c5770]
2019-07-14 04:24:03,817 INFO  client.GrpcClientProtocolClient (GrpcClientProtocolClient.java:onNext(255)) - client-8DB4338F17D0->b5da6a4a-1459-46a4-9479-d2035163dbe2: receive RaftClientReply:client-8DB4338F17D0->b5da6a4a-1459-46a4-9479-d2035163dbe2@group-4A9565783204, cid=3800, SUCCESS, logIndex=5773, commits[b5da6a4a-1459-46a4-9479-d2035163dbe2:c5774, 69c25b61-d669-4f17-b36d-41bca3df1f31:c5770, d2a7b1fa-fac6-4c6f-8c6d-9ac7414c70c3:c5770]
2019-07-14 04:24:03,817 INFO  client.GrpcClientProtocolClient (GrpcClientProtocolClient.java:onNext(255)) - client-8DB4338F17D0->b5da6a4a-1459-46a4-9479-d2035163dbe2: receive RaftClientReply:client-8DB4338F17D0->b5da6a4a-1459-46a4-9479-d2035163dbe2@group-4A9565783204, cid=3801, SUCCESS, logIndex=5774, commits[b5da6a4a-1459-46a4-9479-d2035163dbe2:c5774, 69c25b61-d669-4f17-b36d-41bca3df1f31:c5771, d2a7b1fa-fac6-4c6f-8c6d-9ac7414c70c3:c5770]
2019-07-14 04:24:03,819 INFO  client.GrpcClientProtocolClient (GrpcClientProtocolClient.java:onNext(255)) - client-8DB4338F17D0->b5da6a4a-1459-46a4-9479-d2035163dbe2: receive RaftClientReply:client-8DB4338F17D0->b5da6a4a-1459-46a4-9479-d2035163dbe2@group-4A9565783204, cid=3802, SUCCESS, logIndex=0, commits[b5da6a4a-1459-46a4-9479-d2035163dbe2:c5776, 69c25b61-d669-4f17-b36d-41bca3df1f31:c5772, d2a7b1fa-fac6-4c6f-8c6d-9ac7414c70c3:c5772]
2019-07-14 04:24:03,838 INFO  client.GrpcClientProtocolClient (GrpcClientProtocolClient.java:onNext(255)) - client-8DB4338F17D0->b5da6a4a-1459-46a4-9479-d2035163dbe2: receive RaftClientReply:client-8DB4338F17D0->b5da6a4a-1459-46a4-9479-d2035163dbe2@group-4A9565783204, cid=3803, SUCCESS, logIndex=5779, commits[b5da6a4a-1459-46a4-9479-d2035163dbe2:c5780, 69c25b61-d669-4f17-b36d-41bca3df1f31:c5778, d2a7b1fa-fac6-4c6f-8c6d-9ac7414c70c3:c5778]
2019-07-14 04:24:03,839 INFO  client.GrpcClientProtocolClient (GrpcClientProtocolClient.java:onNext(255)) - client-8DB4338F17D0->b5da6a4a-1459-46a4-9479-d2035163dbe2: receive RaftClientReply:client-8DB4338F17D0->b5da6a4a-1459-46a4-9479-d2035163dbe2@group-4A9565783204, cid=3804, SUCCESS, logIndex=5780, commits[b5da6a4a-1459-46a4-9479-d2035163dbe2:c5780, 69c25b61-d669-4f17-b36d-41bca3df1f31:c5778, d2a7b1fa-fac6-4c6f-8c6d-9ac7414c70c3:c5778]
2019-07-14 04:24:03,861 INFO  client.GrpcClientProtocolClient (GrpcClientProtocolClient.java:onNext(255)) - client-8DB4338F17D0->b5da6a4a-1459-46a4-9479-d2035163dbe2: receive RaftClientReply:client-8DB4338F17D0->b5da6a4a-1459-46a4-9479-d2035163dbe2@group-4A9565783204, cid=3805, SUCCESS, logIndex=5783, commits[b5da6a4a-1459-46a4-9479-d2035163dbe2:c5784, 69c25b61-d669-4f17-b36d-41bca3df1f31:c5781, d2a7b1fa-fac6-4c6f-8c6d-9ac7414c70c3:c5781]
2019-07-14 04:24:03,861 INFO  client.GrpcClientProtocolClient (GrpcClientProtocolClient.java:onNext(255)) - client-8DB4338F17D0->b5da6a4a-1459-46a4-9479-d2035163dbe2: receive RaftClientReply:client-8DB4338F17D0->b5da6a4a-1459-46a4-9479-d2035163dbe2@group-4A9565783204, cid=3806, SUCCESS, logIndex=5784, commits[b5da6a4a-1459-46a4-9479-d2035163dbe2:c5784, 69c25b61-d669-4f17-b36d-41bca3df1f31:c5781, d2a7b1fa-fac6-4c6f-8c6d-9ac7414c70c3:c5781]
2019-07-14 04:24:03,874 INFO  client.GrpcClientProtocolClient (GrpcClientProtocolClient.java:onNext(255)) - client-8DB4338F17D0->b5da6a4a-1459-46a4-9479-d2035163dbe2: receive RaftClientReply:client-8DB4338F17D0->b5da6a4a-1459-46a4-9479-d2035163dbe2@group-4A9565783204, cid=3807, SUCCESS, logIndex=0, commits[b5da6a4a-1459-46a4-9479-d2035163dbe2:c5785, 69c25b61-d669-4f17-b36d-41bca3df1f31:c5784, d2a7b1fa-fac6-4c6f-8c6d-9ac7414c70c3:c5784]
2019-07-14 04:24:03,912 INFO  client.GrpcClientProtocolClient (GrpcClientProtocolClient.java:onNext(255)) - client-8DB4338F17D0->b5da6a4a-1459-46a4-9479-d2035163dbe2: receive RaftClientReply:client-8DB4338F17D0->b5da6a4a-1459-46a4-9479-d2035163dbe2@group-4A9565783204, cid=3808, SUCCESS, logIndex=5787, commits[b5da6a4a-1459-46a4-9479-d2035163dbe2:c5788, 69c25b61-d669-4f17-b36d-41bca3df1f31:c5786, d2a7b1fa-fac6-4c6f-8c6d-9ac7414c70c3:c5786]
2019-07-14 04:24:03,913 INFO  client.GrpcClientProtocolClient (GrpcClientProtocolClient.java:onNext(255)) - client-8DB4338F17D0->b5da6a4a-1459-46a4-9479-d2035163dbe2: receive RaftClientReply:client-8DB4338F17D0->b5da6a4a-1459-46a4-9479-d2035163dbe2@group-4A9565783204, cid=3809, SUCCESS, logIndex=5788, commits[b5da6a4a-1459-46a4-9479-d2035163dbe2:c5790, 69c25b61-d669-4f17-b36d-41bca3df1f31:c5786, d2a7b1fa-fac6-4c6f-8c6d-9ac7414c70c3:c5786]
2019-07-14 04:24:03,913 INFO  client.GrpcClientProtocolClient (GrpcClientProtocolClient.java:onNext(255)) - client-8DB4338F17D0->b5da6a4a-1459-46a4-9479-d2035163dbe2: receive RaftClientReply:client-8DB4338F17D0->b5da6a4a-1459-46a4-9479-d2035163dbe2@group-4A9565783204, cid=3810, SUCCESS, logIndex=5789, commits[b5da6a4a-1459-46a4-9479-d2035163dbe2:c5790, 69c25b61-d669-4f17-b36d-41bca3df1f31:c5786, d2a7b1fa-fac6-4c6f-8c6d-9ac7414c70c3:c5786]
2019-07-14 04:24:03,913 INFO  client.GrpcClientProtocolClient (GrpcClientProtocolClient.java:onNext(255)) - client-8DB4338F17D0->b5da6a4a-1459-46a4-9479-d2035163dbe2: receive RaftClientReply:client-8DB4338F17D0->b5da6a4a-1459-46a4-9479-d2035163dbe2@group-4A9565783204, cid=3811, SUCCESS, logIndex=5790, commits[b5da6a4a-1459-46a4-9479-d2035163dbe2:c5790, 69c25b61-d669-4f17-b36d-41bca3df1f31:c5786, d2a7b1fa-fac6-4c6f-8c6d-9ac7414c70c3:c5786]
2019-07-14 04:24:03,915 INFO  client.GrpcClientProtocolClient (GrpcClientProtocolClient.java:onNext(255)) - client-8DB4338F17D0->b5da6a4a-1459-46a4-9479-d2035163dbe2: receive RaftClientReply:client-8DB4338F17D0->b5da6a4a-1459-46a4-9479-d2035163dbe2@group-4A9565783204, cid=3812, SUCCESS, logIndex=0, commits[b5da6a4a-1459-46a4-9479-d2035163dbe2:c5792, 69c25b61-d669-4f17-b36d-41bca3df1f31:c5788, d2a7b1fa-fac6-4c6f-8c6d-9ac7414c70c3:c5788]
2019-07-14 04:24:03,925 INFO  client.GrpcClientProtocolClient (GrpcClientProtocolClient.java:onNext(255)) - client-8DB4338F17D0->b5da6a4a-1459-46a4-9479-d2035163dbe2: receive RaftClientReply:client-8DB4338F17D0->b5da6a4a-1459-46a4-9479-d2035163dbe2@group-4A9565783204, cid=3813, SUCCESS, logIndex=5794, commits[b5da6a4a-1459-46a4-9479-d2035163dbe2:c5795, 69c25b61-d669-4f17-b36d-41bca3df1f31:c5793, d2a7b1fa-fac6-4c6f-8c6d-9ac7414c70c3:c5790]
2019-07-14 04:24:03,926 INFO  client.GrpcClientProtocolClient (GrpcClientProtocolClient.java:onNext(255)) - client-8DB4338F17D0->b5da6a4a-1459-46a4-9479-d2035163dbe2: receive RaftClientReply:client-8DB4338F17D0->b5da6a4a-1459-46a4-9479-d2035163dbe2@group-4A9565783204, cid=3814, SUCCESS, logIndex=5795, commits[b5da6a4a-1459-46a4-9479-d2035163dbe2:c5795, 69c25b61-d669-4f17-b36d-41bca3df1f31:c5793, d2a7b1fa-fac6-4c6f-8c6d-9ac7414c70c3:c5793]
2019-07-14 04:24:03,945 INFO  client.GrpcClientProtocolClient (GrpcClientProtocolClient.java:onNext(255)) - client-8DB4338F17D0->b5da6a4a-1459-46a4-9479-d2035163dbe2: receive RaftClientReply:client-8DB4338F17D0->b5da6a4a-1459-46a4-9479-d2035163dbe2@group-4A9565783204, cid=3815, SUCCESS, logIndex=5798, commits[b5da6a4a-1459-46a4-9479-d2035163dbe2:c5799, 69c25b61-d669-4f17-b36d-41bca3df1f31:c5797, d2a7b1fa-fac6-4c6f-8c6d-9ac7414c70c3:c5795]
2019-07-14 04:24:03,946 INFO  client.GrpcClientProtocolClient (GrpcClientProtocolClient.java:onNext(255)) - client-8DB4338F17D0->b5da6a4a-1459-46a4-9479-d2035163dbe2: receive RaftClientReply:client-8DB4338F17D0->b5da6a4a-1459-46a4-9479-d2035163dbe2@group-4A9565783204, cid=3816, SUCCESS, logIndex=5799, commits[b5da6a4a-1459-46a4-9479-d2035163dbe2:c5799, 69c25b61-d669-4f17-b36d-41bca3df1f31:c5797, d2a7b1fa-fac6-4c6f-8c6d-9ac7414c70c3:c5797]
2019-07-14 04:24:03,956 INFO  client.GrpcClientProtocolClient (GrpcClientProtocolClient.java:onNext(255)) - client-8DB4338F17D0->b5da6a4a-1459-46a4-9479-d2035163dbe2: receive RaftClientReply:client-8DB4338F17D0->b5da6a4a-1459-46a4-9479-d2035163dbe2@group-4A9565783204, cid=3817, SUCCESS, logIndex=0, commits[b5da6a4a-1459-46a4-9479-d2035163dbe2:c5800, 69c25b61-d669-4f17-b36d-41bca3df1f31:c5799, d2a7b1fa-fac6-4c6f-8c6d-9ac7414c70c3:c5799]
2019-07-14 04:24:03,990 INFO  client.GrpcClientProtocolClient (GrpcClientProtocolClient.java:onNext(255)) - client-8DB4338F17D0->b5da6a4a-1459-46a4-9479-d2035163dbe2: receive RaftClientReply:client-8DB4338F17D0->b5da6a4a-1459-46a4-9479-d2035163dbe2@group-4A9565783204, cid=3818, SUCCESS, logIndex=5801, commits[b5da6a4a-1459-46a4-9479-d2035163dbe2:c5802, 69c25b61-d669-4f17-b36d-41bca3df1f31:c5800, d2a7b1fa-fac6-4c6f-8c6d-9ac7414c70c3:c5800]
2019-07-14 04:24:03,991 INFO  client.GrpcClientProtocolClient (GrpcClientProtocolClient.java:onNext(255)) - client-8DB4338F17D0->b5da6a4a-1459-46a4-9479-d2035163dbe2: receive RaftClientReply:client-8DB4338F17D0->b5da6a4a-1459-46a4-9479-d2035163dbe2@group-4A9565783204, cid=3819, SUCCESS, logIndex=5802, commits[b5da6a4a-1459-46a4-9479-d2035163dbe2:c5804, 69c25b61-d669-4f17-b36d-41bca3df1f31:c5800, d2a7b1fa-fac6-4c6f-8c6d-9ac7414c70c3:c5800]
2019-07-14 04:24:03,991 INFO  client.GrpcClientProtocolClient (GrpcClientProtocolClient.java:onNext(255)) - client-8DB4338F17D0->b5da6a4a-1459-46a4-9479-d2035163dbe2: receive RaftClientReply:client-8DB4338F17D0->b5da6a4a-1459-46a4-9479-d2035163dbe2@group-4A9565783204, cid=3820, SUCCESS, logIndex=5803, commits[b5da6a4a-1459-46a4-9479-d2035163dbe2:c5804, 69c25b61-d669-4f17-b36d-41bca3df1f31:c5800, d2a7b1fa-fac6-4c6f-8c6d-9ac7414c70c3:c5800]
2019-07-14 04:24:03,991 INFO  client.GrpcClientProtocolClient (GrpcClientProtocolClient.java:onNext(255)) - client-8DB4338F17D0->b5da6a4a-1459-46a4-9479-d2035163dbe2: receive RaftClientReply:client-8DB4338F17D0->b5da6a4a-1459-46a4-9479-d2035163dbe2@group-4A9565783204, cid=3821, SUCCESS, logIndex=5804, commits[b5da6a4a-1459-46a4-9479-d2035163dbe2:c5806, 69c25b61-d669-4f17-b36d-41bca3df1f31:c5800, d2a7b1fa-fac6-4c6f-8c6d-9ac7414c70c3:c5802]
2019-07-14 04:24:03,992 INFO  client.GrpcClientProtocolClient (GrpcClientProtocolClient.java:onNext(255)) - client-8DB4338F17D0->b5da6a4a-1459-46a4-9479-d2035163dbe2: receive RaftClientReply:client-8DB4338F17D0->b5da6a4a-1459-46a4-9479-d2035163dbe2@group-4A9565783204, cid=3822, SUCCESS, logIndex=0, commits[b5da6a4a-1459-46a4-9479-d2035163dbe2:c5806, 69c25b61-d669-4f17-b36d-41bca3df1f31:c5802, d2a7b1fa-fac6-4c6f-8c6d-9ac7414c70c3:c5804]
2019-07-14 04:24:04,008 INFO  client.GrpcClientProtocolClient (GrpcClientProtocolClient.java:onNext(255)) - client-8DB4338F17D0->b5da6a4a-1459-46a4-9479-d2035163dbe2: receive RaftClientReply:client-8DB4338F17D0->b5da6a4a-1459-46a4-9479-d2035163dbe2@group-4A9565783204, cid=3823, SUCCESS, logIndex=5808, commits[b5da6a4a-1459-46a4-9479-d2035163dbe2:c5809, 69c25b61-d669-4f17-b36d-41bca3df1f31:c5807, d2a7b1fa-fac6-4c6f-8c6d-9ac7414c70c3:c5807]
2019-07-14 04:24:04,008 INFO  client.GrpcClientProtocolClient (GrpcClientProtocolClient.java:onNext(255)) - client-8DB4338F17D0->b5da6a4a-1459-46a4-9479-d2035163dbe2: receive RaftClientReply:client-8DB4338F17D0->b5da6a4a-1459-46a4-9479-d2035163dbe2@group-4A9565783204, cid=3824, SUCCESS, logIndex=5809, commits[b5da6a4a-1459-46a4-9479-d2035163dbe2:c5809, 69c25b61-d669-4f17-b36d-41bca3df1f31:c5807, d2a7b1fa-fac6-4c6f-8c6d-9ac7414c70c3:c5807]
2019-07-14 04:24:04,021 INFO  client.GrpcClientProtocolClient (GrpcClientProtocolClient.java:onNext(255)) - client-8DB4338F17D0->b5da6a4a-1459-46a4-9479-d2035163dbe2: receive RaftClientReply:client-8DB4338F17D0->b5da6a4a-1459-46a4-9479-d2035163dbe2@group-4A9565783204, cid=3825, SUCCESS, logIndex=5811, commits[b5da6a4a-1459-46a4-9479-d2035163dbe2:c5812, 69c25b61-d669-4f17-b36d-41bca3df1f31:c5809, d2a7b1fa-fac6-4c6f-8c6d-9ac7414c70c3:c5809]
2019-07-14 04:24:04,021 INFO  client.GrpcClientProtocolClient (GrpcClientProtocolClient.java:onNext(255)) - client-8DB4338F17D0->b5da6a4a-1459-46a4-9479-d2035163dbe2: receive RaftClientReply:client-8DB4338F17D0->b5da6a4a-1459-46a4-9479-d2035163dbe2@group-4A9565783204, cid=3826, SUCCESS, logIndex=5812, commits[b5da6a4a-1459-46a4-9479-d2035163dbe2:c5812, 69c25b61-d669-4f17-b36d-41bca3df1f31:c5809, d2a7b1fa-fac6-4c6f-8c6d-9ac7414c70c3:c5809]
2019-07-14 04:24:04,025 INFO  client.GrpcClientProtocolClient (GrpcClientProtocolClient.java:onNext(255)) - client-8DB4338F17D0->b5da6a4a-1459-46a4-9479-d2035163dbe2: receive RaftClientReply:client-8DB4338F17D0->b5da6a4a-1459-46a4-9479-d2035163dbe2@group-4A9565783204, cid=3827, SUCCESS, logIndex=0, commits[b5da6a4a-1459-46a4-9479-d2035163dbe2:c5813, 69c25b61-d669-4f17-b36d-41bca3df1f31:c5812, d2a7b1fa-fac6-4c6f-8c6d-9ac7414c70c3:c5812]
2019-07-14 04:24:04,057 INFO  client.GrpcClientProtocolClient (GrpcClientProtocolClient.java:onNext(255)) - client-8DB4338F17D0->b5da6a4a-1459-46a4-9479-d2035163dbe2: receive RaftClientReply:client-8DB4338F17D0->b5da6a4a-1459-46a4-9479-d2035163dbe2@group-4A9565783204, cid=3828, SUCCESS, logIndex=5815, commits[b5da6a4a-1459-46a4-9479-d2035163dbe2:c5817, 69c25b61-d669-4f17-b36d-41bca3df1f31:c5814, d2a7b1fa-fac6-4c6f-8c6d-9ac7414c70c3:c5814]
2019-07-14 04:24:04,058 INFO  client.GrpcClientProtocolClient (GrpcClientProtocolClient.java:onNext(255)) - client-8DB4338F17D0->b5da6a4a-1459-46a4-9479-d2035163dbe2: receive RaftClientReply:client-8DB4338F17D0->b5da6a4a-1459-46a4-9479-d2035163dbe2@group-4A9565783204, cid=3829, SUCCESS, logIndex=5816, commits[b5da6a4a-1459-46a4-9479-d2035163dbe2:c5818, 69c25b61-d669-4f17-b36d-41bca3df1f31:c5814, d2a7b1fa-fac6-4c6f-8c6d-9ac7414c70c3:c5814]
2019-07-14 04:24:04,058 INFO  client.GrpcClientProtocolClient (GrpcClientProtocolClient.java:onNext(255)) - client-8DB4338F17D0->b5da6a4a-1459-46a4-9479-d2035163dbe2: receive RaftClientReply:client-8DB4338F17D0->b5da6a4a-1459-46a4-9479-d2035163dbe2@group-4A9565783204, cid=3830, SUCCESS, logIndex=5817, commits[b5da6a4a-1459-46a4-9479-d2035163dbe2:c5818, 69c25b61-d669-4f17-b36d-41bca3df1f31:c5814, d2a7b1fa-fac6-4c6f-8c6d-9ac7414c70c3:c5814]
2019-07-14 04:24:04,058 INFO  client.GrpcClientProtocolClient (GrpcClientProtocolClient.java:onNext(255)) - client-8DB4338F17D0->b5da6a4a-1459-46a4-9479-d2035163dbe2: receive RaftClientReply:client-8DB4338F17D0->b5da6a4a-1459-46a4-9479-d2035163dbe2@group-4A9565783204, cid=3831, SUCCESS, logIndex=5818, commits[b5da6a4a-1459-46a4-9479-d2035163dbe2:c5818, 69c25b61-d669-4f17-b36d-41bca3df1f31:c5814, d2a7b1fa-fac6-4c6f-8c6d-9ac7414c70c3:c5814]
2019-07-14 04:24:04,069 INFO  client.GrpcClientProtocolClient (GrpcClientProtocolClient.java:onNext(255)) - client-8DB4338F17D0->b5da6a4a-1459-46a4-9479-d2035163dbe2: receive RaftClientReply:client-8DB4338F17D0->b5da6a4a-1459-46a4-9479-d2035163dbe2@group-4A9565783204, cid=3832, SUCCESS, logIndex=0, commits[b5da6a4a-1459-46a4-9479-d2035163dbe2:c5820, 69c25b61-d669-4f17-b36d-41bca3df1f31:c5816, d2a7b1fa-fac6-4c6f-8c6d-9ac7414c70c3:c5816]
2019-07-14 04:24:04,087 INFO  client.GrpcClientProtocolClient (GrpcClientProtocolClient.java:onNext(255)) - client-8DB4338F17D0->b5da6a4a-1459-46a4-9479-d2035163dbe2: receive RaftClientReply:client-8DB4338F17D0->b5da6a4a-1459-46a4-9479-d2035163dbe2@group-4A9565783204, cid=3833, SUCCESS, logIndex=5823, commits[b5da6a4a-1459-46a4-9479-d2035163dbe2:c5824, 69c25b61-d669-4f17-b36d-41bca3df1f31:c5822, d2a7b1fa-fac6-4c6f-8c6d-9ac7414c70c3:c5822]
2019-07-14 04:24:04,087 INFO  client.GrpcClientProtocolClient (GrpcClientProtocolClient.java:onNext(255)) - client-8DB4338F17D0->b5da6a4a-1459-46a4-9479-d2035163dbe2: receive RaftClientReply:client-8DB4338F17D0->b5da6a4a-1459-46a4-9479-d2035163dbe2@group-4A9565783204, cid=3834, SUCCESS, logIndex=5824, commits[b5da6a4a-1459-46a4-9479-d2035163dbe2:c5824, 69c25b61-d669-4f17-b36d-41bca3df1f31:c5822, d2a7b1fa-fac6-4c6f-8c6d-9ac7414c70c3:c5822]
2019-07-14 04:24:04,111 INFO  client.GrpcClientProtocolClient (GrpcClientProtocolClient.java:onNext(255)) - client-8DB4338F17D0->b5da6a4a-1459-46a4-9479-d2035163dbe2: receive RaftClientReply:client-8DB4338F17D0->b5da6a4a-1459-46a4-9479-d2035163dbe2@group-4A9565783204, cid=3835, SUCCESS, logIndex=5827, commits[b5da6a4a-1459-46a4-9479-d2035163dbe2:c5828, 69c25b61-d669-4f17-b36d-41bca3df1f31:c5826, d2a7b1fa-fac6-4c6f-8c6d-9ac7414c70c3:c5826]
2019-07-14 04:24:04,111 INFO  client.GrpcClientProtocolClient (GrpcClientProtocolClient.java:onNext(255)) - client-8DB4338F17D0->b5da6a4a-1459-46a4-9479-d2035163dbe2: receive RaftClientReply:client-8DB4338F17D0->b5da6a4a-1459-46a4-9479-d2035163dbe2@group-4A9565783204, cid=3836, SUCCESS, logIndex=5828, commits[b5da6a4a-1459-46a4-9479-d2035163dbe2:c5828, 69c25b61-d669-4f17-b36d-41bca3df1f31:c5826, d2a7b1fa-fac6-4c6f-8c6d-9ac7414c70c3:c5826]
2019-07-14 04:24:04,124 INFO  client.GrpcClientProtocolClient (GrpcClientProtocolClient.java:onNext(255)) - client-8DB4338F17D0->b5da6a4a-1459-46a4-9479-d2035163dbe2: receive RaftClientReply:client-8DB4338F17D0->b5da6a4a-1459-46a4-9479-d2035163dbe2@group-4A9565783204, cid=3837, SUCCESS, logIndex=0, commits[b5da6a4a-1459-46a4-9479-d2035163dbe2:c5830, 69c25b61-d669-4f17-b36d-41bca3df1f31:c5828, d2a7b1fa-fac6-4c6f-8c6d-9ac7414c70c3:c5828]
2019-07-14 04:24:04,157 INFO  client.GrpcClientProtocolClient (GrpcClientProtocolClient.java:onNext(255)) - client-8DB4338F17D0->b5da6a4a-1459-46a4-9479-d2035163dbe2: receive RaftClientReply:client-8DB4338F17D0->b5da6a4a-1459-46a4-9479-d2035163dbe2@group-4A9565783204, cid=3838, SUCCESS, logIndex=5831, commits[b5da6a4a-1459-46a4-9479-d2035163dbe2:c5833, 69c25b61-d669-4f17-b36d-41bca3df1f31:c5830, d2a7b1fa-fac6-4c6f-8c6d-9ac7414c70c3:c5830]
2019-07-14 04:24:04,158 INFO  client.GrpcClientProtocolClient (GrpcClientProtocolClient.java:onNext(255)) - client-8DB4338F17D0->b5da6a4a-1459-46a4-9479-d2035163dbe2: receive RaftClientReply:client-8DB4338F17D0->b5da6a4a-1459-46a4-9479-d2035163dbe2@group-4A9565783204, cid=3839, SUCCESS, logIndex=5832, commits[b5da6a4a-1459-46a4-9479-d2035163dbe2:c5834, 69c25b61-d669-4f17-b36d-41bca3df1f31:c5830, d2a7b1fa-fac6-4c6f-8c6d-9ac7414c70c3:c5830]
2019-07-14 04:24:04,158 INFO  client.GrpcClientProtocolClient (GrpcClientProtocolClient.java:onNext(255)) - client-8DB4338F17D0->b5da6a4a-1459-46a4-9479-d2035163dbe2: receive RaftClientReply:client-8DB4338F17D0->b5da6a4a-1459-46a4-9479-d2035163dbe2@group-4A9565783204, cid=3840, SUCCESS, logIndex=5833, commits[b5da6a4a-1459-46a4-9479-d2035163dbe2:c5834, 69c25b61-d669-4f17-b36d-41bca3df1f31:c5830, d2a7b1fa-fac6-4c6f-8c6d-9ac7414c70c3:c5830]
2019-07-14 04:24:04,158 INFO  client.GrpcClientProtocolClient (GrpcClientProtocolClient.java:onNext(255)) - client-8DB4338F17D0->b5da6a4a-1459-46a4-9479-d2035163dbe2: receive RaftClientReply:client-8DB4338F17D0->b5da6a4a-1459-46a4-9479-d2035163dbe2@group-4A9565783204, cid=3841, SUCCESS, logIndex=5834, commits[b5da6a4a-1459-46a4-9479-d2035163dbe2:c5834, 69c25b61-d669-4f17-b36d-41bca3df1f31:c5830, d2a7b1fa-fac6-4c6f-8c6d-9ac7414c70c3:c5830]
2019-07-14 04:24:04,162 INFO  client.GrpcClientProtocolClient (GrpcClientProtocolClient.java:onNext(255)) - client-8DB4338F17D0->b5da6a4a-1459-46a4-9479-d2035163dbe2: receive RaftClientReply:client-8DB4338F17D0->b5da6a4a-1459-46a4-9479-d2035163dbe2@group-4A9565783204, cid=3842, SUCCESS, logIndex=0, commits[b5da6a4a-1459-46a4-9479-d2035163dbe2:c5838, 69c25b61-d669-4f17-b36d-41bca3df1f31:c5832, d2a7b1fa-fac6-4c6f-8c6d-9ac7414c70c3:c5834]
2019-07-14 04:24:04,229 INFO  client.GrpcClientProtocolClient (GrpcClientProtocolClient.java:onNext(255)) - client-8DB4338F17D0->b5da6a4a-1459-46a4-9479-d2035163dbe2: receive RaftClientReply:client-8DB4338F17D0->b5da6a4a-1459-46a4-9479-d2035163dbe2@group-4A9565783204, cid=3843, SUCCESS, logIndex=5839, commits[b5da6a4a-1459-46a4-9479-d2035163dbe2:c5840, 69c25b61-d669-4f17-b36d-41bca3df1f31:c5838, d2a7b1fa-fac6-4c6f-8c6d-9ac7414c70c3:c5838]
2019-07-14 04:24:04,230 INFO  client.GrpcClientProtocolClient (GrpcClientProtocolClient.java:onNext(255)) - client-8DB4338F17D0->b5da6a4a-1459-46a4-9479-d2035163dbe2: receive RaftClientReply:client-8DB4338F17D0->b5da6a4a-1459-46a4-9479-d2035163dbe2@group-4A9565783204, cid=3844, SUCCESS, logIndex=5840, commits[b5da6a4a-1459-46a4-9479-d2035163dbe2:c5840, 69c25b61-d669-4f17-b36d-41bca3df1f31:c5838, d2a7b1fa-fac6-4c6f-8c6d-9ac7414c70c3:c5838]
2019-07-14 04:24:04,250 INFO  client.GrpcClientProtocolClient (GrpcClientProtocolClient.java:onNext(255)) - client-8DB4338F17D0->b5da6a4a-1459-46a4-9479-d2035163dbe2: receive RaftClientReply:client-8DB4338F17D0->b5da6a4a-1459-46a4-9479-d2035163dbe2@group-4A9565783204, cid=3845, SUCCESS, logIndex=5843, commits[b5da6a4a-1459-46a4-9479-d2035163dbe2:c5844, 69c25b61-d669-4f17-b36d-41bca3df1f31:c5842, d2a7b1fa-fac6-4c6f-8c6d-9ac7414c70c3:c5842]
2019-07-14 04:24:04,250 INFO  client.GrpcClientProtocolClient (GrpcClientProtocolClient.java:onNext(255)) - client-8DB4338F17D0->b5da6a4a-1459-46a4-9479-d2035163dbe2: receive RaftClientReply:client-8DB4338F17D0->b5da6a4a-1459-46a4-9479-d2035163dbe2@group-4A9565783204, cid=3846, SUCCESS, logIndex=5844, commits[b5da6a4a-1459-46a4-9479-d2035163dbe2:c5844, 69c25b61-d669-4f17-b36d-41bca3df1f31:c5842, d2a7b1fa-fac6-4c6f-8c6d-9ac7414c70c3:c5842]
 0.00% |█                                                                                                    |  0/1 Time: 0:00:292019-07-14 04:24:04,263 INFO  client.GrpcClientProtocolClient (GrpcClientProtocolClient.java:onNext(255)) - client-8DB4338F17D0->b5da6a4a-1459-46a4-9479-d2035163dbe2: receive RaftClientReply:client-8DB4338F17D0->b5da6a4a-1459-46a4-9479-d2035163dbe2@group-4A9565783204, cid=3847, SUCCESS, logIndex=0, commits[b5da6a4a-1459-46a4-9479-d2035163dbe2:c5846, 69c25b61-d669-4f17-b36d-41bca3df1f31:c5844, d2a7b1fa-fac6-4c6f-8c6d-9ac7414c70c3:c5844]
2019-07-14 04:24:04,299 INFO  client.GrpcClientProtocolClient (GrpcClientProtocolClient.java:onNext(255)) - client-8DB4338F17D0->b5da6a4a-1459-46a4-9479-d2035163dbe2: receive RaftClientReply:client-8DB4338F17D0->b5da6a4a-1459-46a4-9479-d2035163dbe2@group-4A9565783204, cid=3848, SUCCESS, logIndex=5847, commits[b5da6a4a-1459-46a4-9479-d2035163dbe2:c5848, 69c25b61-d669-4f17-b36d-41bca3df1f31:c5846, d2a7b1fa-fac6-4c6f-8c6d-9ac7414c70c3:c5846]
2019-07-14 04:24:04,300 INFO  client.GrpcClientProtocolClient (GrpcClientProtocolClient.java:onNext(255)) - client-8DB4338F17D0->b5da6a4a-1459-46a4-9479-d2035163dbe2: receive RaftClientReply:client-8DB4338F17D0->b5da6a4a-1459-46a4-9479-d2035163dbe2@group-4A9565783204, cid=3849, SUCCESS, logIndex=5848, commits[b5da6a4a-1459-46a4-9479-d2035163dbe2:c5848, 69c25b61-d669-4f17-b36d-41bca3df1f31:c5846, d2a7b1fa-fac6-4c6f-8c6d-9ac7414c70c3:c5846]
2019-07-14 04:24:04,302 INFO  client.GrpcClientProtocolClient (GrpcClientProtocolClient.java:onNext(255)) - client-8DB4338F17D0->b5da6a4a-1459-46a4-9479-d2035163dbe2: receive RaftClientReply:client-8DB4338F17D0->b5da6a4a-1459-46a4-9479-d2035163dbe2@group-4A9565783204, cid=3850, SUCCESS, logIndex=5849, commits[b5da6a4a-1459-46a4-9479-d2035163dbe2:c5850, 69c25b61-d669-4f17-b36d-41bca3df1f31:c5848, d2a7b1fa-fac6-4c6f-8c6d-9ac7414c70c3:c5846]
2019-07-14 04:24:04,302 INFO  client.GrpcClientProtocolClient (GrpcClientProtocolClient.java:onNext(255)) - client-8DB4338F17D0->b5da6a4a-1459-46a4-9479-d2035163dbe2: receive RaftClientReply:client-8DB4338F17D0->b5da6a4a-1459-46a4-9479-d2035163dbe2@group-4A9565783204, cid=3851, SUCCESS, logIndex=5850, commits[b5da6a4a-1459-46a4-9479-d2035163dbe2:c5850, 69c25b61-d669-4f17-b36d-41bca3df1f31:c5848, d2a7b1fa-fac6-4c6f-8c6d-9ac7414c70c3:c5846]
2019-07-14 04:24:04,305 INFO  client.GrpcClientProtocolClient (GrpcClientProtocolClient.java:onNext(255)) - client-8DB4338F17D0->b5da6a4a-1459-46a4-9479-d2035163dbe2: receive RaftClientReply:client-8DB4338F17D0->b5da6a4a-1459-46a4-9479-d2035163dbe2@group-4A9565783204, cid=3852, SUCCESS, logIndex=0, commits[b5da6a4a-1459-46a4-9479-d2035163dbe2:c5852, 69c25b61-d669-4f17-b36d-41bca3df1f31:c5848, d2a7b1fa-fac6-4c6f-8c6d-9ac7414c70c3:c5848]
2019-07-14 04:24:04,333 INFO  client.GrpcClientProtocolClient (GrpcClientProtocolClient.java:onNext(255)) - client-8DB4338F17D0->b5da6a4a-1459-46a4-9479-d2035163dbe2: receive RaftClientReply:client-8DB4338F17D0->b5da6a4a-1459-46a4-9479-d2035163dbe2@group-4A9565783204, cid=3853, SUCCESS, logIndex=5854, commits[b5da6a4a-1459-46a4-9479-d2035163dbe2:c5855, 69c25b61-d669-4f17-b36d-41bca3df1f31:c5853, d2a7b1fa-fac6-4c6f-8c6d-9ac7414c70c3:c5853]
2019-07-14 04:24:04,334 INFO  client.GrpcClientProtocolClient (GrpcClientProtocolClient.java:onNext(255)) - client-8DB4338F17D0->b5da6a4a-1459-46a4-9479-d2035163dbe2: receive RaftClientReply:client-8DB4338F17D0->b5da6a4a-1459-46a4-9479-d2035163dbe2@group-4A9565783204, cid=3854, SUCCESS, logIndex=5855, commits[b5da6a4a-1459-46a4-9479-d2035163dbe2:c5855, 69c25b61-d669-4f17-b36d-41bca3df1f31:c5853, d2a7b1fa-fac6-4c6f-8c6d-9ac7414c70c3:c5853]
2019-07-14 04:24:04,350 INFO  client.GrpcClientProtocolClient (GrpcClientProtocolClient.java:onNext(255)) - client-8DB4338F17D0->b5da6a4a-1459-46a4-9479-d2035163dbe2: receive RaftClientReply:client-8DB4338F17D0->b5da6a4a-1459-46a4-9479-d2035163dbe2@group-4A9565783204, cid=3855, SUCCESS, logIndex=5858, commits[b5da6a4a-1459-46a4-9479-d2035163dbe2:c5859, 69c25b61-d669-4f17-b36d-41bca3df1f31:c5857, d2a7b1fa-fac6-4c6f-8c6d-9ac7414c70c3:c5857]
2019-07-14 04:24:04,350 INFO  client.GrpcClientProtocolClient (GrpcClientProtocolClient.java:onNext(255)) - client-8DB4338F17D0->b5da6a4a-1459-46a4-9479-d2035163dbe2: receive RaftClientReply:client-8DB4338F17D0->b5da6a4a-1459-46a4-9479-d2035163dbe2@group-4A9565783204, cid=3856, SUCCESS, logIndex=5859, commits[b5da6a4a-1459-46a4-9479-d2035163dbe2:c5859, 69c25b61-d669-4f17-b36d-41bca3df1f31:c5857, d2a7b1fa-fac6-4c6f-8c6d-9ac7414c70c3:c5857]
2019-07-14 04:24:04,354 INFO  client.GrpcClientProtocolClient (GrpcClientProtocolClient.java:onNext(255)) - client-8DB4338F17D0->b5da6a4a-1459-46a4-9479-d2035163dbe2: receive RaftClientReply:client-8DB4338F17D0->b5da6a4a-1459-46a4-9479-d2035163dbe2@group-4A9565783204, cid=3857, SUCCESS, logIndex=0, commits[b5da6a4a-1459-46a4-9479-d2035163dbe2:c5861, 69c25b61-d669-4f17-b36d-41bca3df1f31:c5859, d2a7b1fa-fac6-4c6f-8c6d-9ac7414c70c3:c5859]
2019-07-14 04:24:04,391 INFO  client.GrpcClientProtocolClient (GrpcClientProtocolClient.java:onNext(255)) - client-8DB4338F17D0->b5da6a4a-1459-46a4-9479-d2035163dbe2: receive RaftClientReply:client-8DB4338F17D0->b5da6a4a-1459-46a4-9479-d2035163dbe2@group-4A9565783204, cid=3858, SUCCESS, logIndex=5862, commits[b5da6a4a-1459-46a4-9479-d2035163dbe2:c5863, 69c25b61-d669-4f17-b36d-41bca3df1f31:c5861, d2a7b1fa-fac6-4c6f-8c6d-9ac7414c70c3:c5861]
2019-07-14 04:24:04,392 INFO  client.GrpcClientProtocolClient (GrpcClientProtocolClient.java:onNext(255)) - client-8DB4338F17D0->b5da6a4a-1459-46a4-9479-d2035163dbe2: receive RaftClientReply:client-8DB4338F17D0->b5da6a4a-1459-46a4-9479-d2035163dbe2@group-4A9565783204, cid=3859, SUCCESS, logIndex=5863, commits[b5da6a4a-1459-46a4-9479-d2035163dbe2:c5863, 69c25b61-d669-4f17-b36d-41bca3df1f31:c5861, d2a7b1fa-fac6-4c6f-8c6d-9ac7414c70c3:c5861]
2019-07-14 04:24:04,392 INFO  client.GrpcClientProtocolClient (GrpcClientProtocolClient.java:onNext(255)) - client-8DB4338F17D0->b5da6a4a-1459-46a4-9479-d2035163dbe2: receive RaftClientReply:client-8DB4338F17D0->b5da6a4a-1459-46a4-9479-d2035163dbe2@group-4A9565783204, cid=3860, SUCCESS, logIndex=5864, commits[b5da6a4a-1459-46a4-9479-d2035163dbe2:c5864, 69c25b61-d669-4f17-b36d-41bca3df1f31:c5861, d2a7b1fa-fac6-4c6f-8c6d-9ac7414c70c3:c5861]
2019-07-14 04:24:04,393 INFO  client.GrpcClientProtocolClient (GrpcClientProtocolClient.java:onNext(255)) - client-8DB4338F17D0->b5da6a4a-1459-46a4-9479-d2035163dbe2: receive RaftClientReply:client-8DB4338F17D0->b5da6a4a-1459-46a4-9479-d2035163dbe2@group-4A9565783204, cid=3861, SUCCESS, logIndex=5865, commits[b5da6a4a-1459-46a4-9479-d2035163dbe2:c5865, 69c25b61-d669-4f17-b36d-41bca3df1f31:c5861, d2a7b1fa-fac6-4c6f-8c6d-9ac7414c70c3:c5861]
2019-07-14 04:24:04,394 INFO  client.GrpcClientProtocolClient (GrpcClientProtocolClient.java:onNext(255)) - client-8DB4338F17D0->b5da6a4a-1459-46a4-9479-d2035163dbe2: receive RaftClientReply:client-8DB4338F17D0->b5da6a4a-1459-46a4-9479-d2035163dbe2@group-4A9565783204, cid=3862, SUCCESS, logIndex=0, commits[b5da6a4a-1459-46a4-9479-d2035163dbe2:c5867, 69c25b61-d669-4f17-b36d-41bca3df1f31:c5863, d2a7b1fa-fac6-4c6f-8c6d-9ac7414c70c3:c5863]
2019-07-14 04:24:04,416 INFO  client.GrpcClientProtocolClient (GrpcClientProtocolClient.java:onNext(255)) - client-8DB4338F17D0->b5da6a4a-1459-46a4-9479-d2035163dbe2: receive RaftClientReply:client-8DB4338F17D0->b5da6a4a-1459-46a4-9479-d2035163dbe2@group-4A9565783204, cid=3863, SUCCESS, logIndex=5870, commits[b5da6a4a-1459-46a4-9479-d2035163dbe2:c5870, 69c25b61-d669-4f17-b36d-41bca3df1f31:c5869, d2a7b1fa-fac6-4c6f-8c6d-9ac7414c70c3:c5865]
2019-07-14 04:24:04,416 INFO  client.GrpcClientProtocolClient (GrpcClientProtocolClient.java:onNext(255)) - client-8DB4338F17D0->b5da6a4a-1459-46a4-9479-d2035163dbe2: receive RaftClientReply:client-8DB4338F17D0->b5da6a4a-1459-46a4-9479-d2035163dbe2@group-4A9565783204, cid=3864, SUCCESS, logIndex=5871, commits[b5da6a4a-1459-46a4-9479-d2035163dbe2:c5871, 69c25b61-d669-4f17-b36d-41bca3df1f31:c5869, d2a7b1fa-fac6-4c6f-8c6d-9ac7414c70c3:c5869]
2019-07-14 04:24:04,438 INFO  client.GrpcClientProtocolClient (GrpcClientProtocolClient.java:onNext(255)) - client-8DB4338F17D0->b5da6a4a-1459-46a4-9479-d2035163dbe2: receive RaftClientReply:client-8DB4338F17D0->b5da6a4a-1459-46a4-9479-d2035163dbe2@group-4A9565783204, cid=3865, SUCCESS, logIndex=5874, commits[b5da6a4a-1459-46a4-9479-d2035163dbe2:c5875, 69c25b61-d669-4f17-b36d-41bca3df1f31:c5872, d2a7b1fa-fac6-4c6f-8c6d-9ac7414c70c3:c5872]
2019-07-14 04:24:04,438 INFO  client.GrpcClientProtocolClient (GrpcClientProtocolClient.java:onNext(255)) - client-8DB4338F17D0->b5da6a4a-1459-46a4-9479-d2035163dbe2: receive RaftClientReply:client-8DB4338F17D0->b5da6a4a-1459-46a4-9479-d2035163dbe2@group-4A9565783204, cid=3866, SUCCESS, logIndex=5875, commits[b5da6a4a-1459-46a4-9479-d2035163dbe2:c5875, 69c25b61-d669-4f17-b36d-41bca3df1f31:c5872, d2a7b1fa-fac6-4c6f-8c6d-9ac7414c70c3:c5872]
2019-07-14 04:24:04,440 INFO  client.GrpcClientProtocolClient (GrpcClientProtocolClient.java:onNext(255)) - client-8DB4338F17D0->b5da6a4a-1459-46a4-9479-d2035163dbe2: receive RaftClientReply:client-8DB4338F17D0->b5da6a4a-1459-46a4-9479-d2035163dbe2@group-4A9565783204, cid=3867, SUCCESS, logIndex=0, commits[b5da6a4a-1459-46a4-9479-d2035163dbe2:c5876, 69c25b61-d669-4f17-b36d-41bca3df1f31:c5875, d2a7b1fa-fac6-4c6f-8c6d-9ac7414c70c3:c5875]
2019-07-14 04:24:04,477 INFO  client.GrpcClientProtocolClient (GrpcClientProtocolClient.java:onNext(255)) - client-8DB4338F17D0->b5da6a4a-1459-46a4-9479-d2035163dbe2: receive RaftClientReply:client-8DB4338F17D0->b5da6a4a-1459-46a4-9479-d2035163dbe2@group-4A9565783204, cid=3868, SUCCESS, logIndex=5878, commits[b5da6a4a-1459-46a4-9479-d2035163dbe2:c5881, 69c25b61-d669-4f17-b36d-41bca3df1f31:c5877, d2a7b1fa-fac6-4c6f-8c6d-9ac7414c70c3:c5877]
2019-07-14 04:24:04,477 INFO  client.GrpcClientProtocolClient (GrpcClientProtocolClient.java:onNext(255)) - client-8DB4338F17D0->b5da6a4a-1459-46a4-9479-d2035163dbe2: receive RaftClientReply:client-8DB4338F17D0->b5da6a4a-1459-46a4-9479-d2035163dbe2@group-4A9565783204, cid=3869, SUCCESS, logIndex=5879, commits[b5da6a4a-1459-46a4-9479-d2035163dbe2:c5881, 69c25b61-d669-4f17-b36d-41bca3df1f31:c5877, d2a7b1fa-fac6-4c6f-8c6d-9ac7414c70c3:c5877]
2019-07-14 04:24:04,478 INFO  client.GrpcClientProtocolClient (GrpcClientProtocolClient.java:onNext(255)) - client-8DB4338F17D0->b5da6a4a-1459-46a4-9479-d2035163dbe2: receive RaftClientReply:client-8DB4338F17D0->b5da6a4a-1459-46a4-9479-d2035163dbe2@group-4A9565783204, cid=3870, SUCCESS, logIndex=5880, commits[b5da6a4a-1459-46a4-9479-d2035163dbe2:c5881, 69c25b61-d669-4f17-b36d-41bca3df1f31:c5877, d2a7b1fa-fac6-4c6f-8c6d-9ac7414c70c3:c5877]
2019-07-14 04:24:04,478 INFO  client.GrpcClientProtocolClient (GrpcClientProtocolClient.java:onNext(255)) - client-8DB4338F17D0->b5da6a4a-1459-46a4-9479-d2035163dbe2: receive RaftClientReply:client-8DB4338F17D0->b5da6a4a-1459-46a4-9479-d2035163dbe2@group-4A9565783204, cid=3871, SUCCESS, logIndex=5881, commits[b5da6a4a-1459-46a4-9479-d2035163dbe2:c5882, 69c25b61-d669-4f17-b36d-41bca3df1f31:c5877, d2a7b1fa-fac6-4c6f-8c6d-9ac7414c70c3:c5878]
2019-07-14 04:24:04,480 INFO  client.GrpcClientProtocolClient (GrpcClientProtocolClient.java:onNext(255)) - client-8DB4338F17D0->b5da6a4a-1459-46a4-9479-d2035163dbe2: receive RaftClientReply:client-8DB4338F17D0->b5da6a4a-1459-46a4-9479-d2035163dbe2@group-4A9565783204, cid=3872, SUCCESS, logIndex=0, commits[b5da6a4a-1459-46a4-9479-d2035163dbe2:c5883, 69c25b61-d669-4f17-b36d-41bca3df1f31:c5879, d2a7b1fa-fac6-4c6f-8c6d-9ac7414c70c3:c5879]
2019-07-14 04:24:04,618 INFO  client.GrpcClientProtocolClient (GrpcClientProtocolClient.java:onNext(255)) - client-8DB4338F17D0->b5da6a4a-1459-46a4-9479-d2035163dbe2: receive RaftClientReply:client-8DB4338F17D0->b5da6a4a-1459-46a4-9479-d2035163dbe2@group-4A9565783204, cid=3873, SUCCESS, logIndex=5886, commits[b5da6a4a-1459-46a4-9479-d2035163dbe2:c5887, 69c25b61-d669-4f17-b36d-41bca3df1f31:c5885, d2a7b1fa-fac6-4c6f-8c6d-9ac7414c70c3:c5885]
2019-07-14 04:24:04,619 INFO  client.GrpcClientProtocolClient (GrpcClientProtocolClient.java:onNext(255)) - client-8DB4338F17D0->b5da6a4a-1459-46a4-9479-d2035163dbe2: receive RaftClientReply:client-8DB4338F17D0->b5da6a4a-1459-46a4-9479-d2035163dbe2@group-4A9565783204, cid=3874, SUCCESS, logIndex=5887, commits[b5da6a4a-1459-46a4-9479-d2035163dbe2:c5887, 69c25b61-d669-4f17-b36d-41bca3df1f31:c5885, d2a7b1fa-fac6-4c6f-8c6d-9ac7414c70c3:c5885]
2019-07-14 04:24:04,634 INFO  client.GrpcClientProtocolClient (GrpcClientProtocolClient.java:onNext(255)) - client-8DB4338F17D0->b5da6a4a-1459-46a4-9479-d2035163dbe2: receive RaftClientReply:client-8DB4338F17D0->b5da6a4a-1459-46a4-9479-d2035163dbe2@group-4A9565783204, cid=3875, SUCCESS, logIndex=5889, commits[b5da6a4a-1459-46a4-9479-d2035163dbe2:c5890, 69c25b61-d669-4f17-b36d-41bca3df1f31:c5887, d2a7b1fa-fac6-4c6f-8c6d-9ac7414c70c3:c5888]
2019-07-14 04:24:04,634 INFO  client.GrpcClientProtocolClient (GrpcClientProtocolClient.java:onNext(255)) - client-8DB4338F17D0->b5da6a4a-1459-46a4-9479-d2035163dbe2: receive RaftClientReply:client-8DB4338F17D0->b5da6a4a-1459-46a4-9479-d2035163dbe2@group-4A9565783204, cid=3876, SUCCESS, logIndex=5890, commits[b5da6a4a-1459-46a4-9479-d2035163dbe2:c5890, 69c25b61-d669-4f17-b36d-41bca3df1f31:c5887, d2a7b1fa-fac6-4c6f-8c6d-9ac7414c70c3:c5888]
2019-07-14 04:24:04,643 INFO  client.GrpcClientProtocolClient (GrpcClientProtocolClient.java:onNext(255)) - client-8DB4338F17D0->b5da6a4a-1459-46a4-9479-d2035163dbe2: receive RaftClientReply:client-8DB4338F17D0->b5da6a4a-1459-46a4-9479-d2035163dbe2@group-4A9565783204, cid=3877, SUCCESS, logIndex=0, commits[b5da6a4a-1459-46a4-9479-d2035163dbe2:c5891, 69c25b61-d669-4f17-b36d-41bca3df1f31:c5890, d2a7b1fa-fac6-4c6f-8c6d-9ac7414c70c3:c5890]
2019-07-14 04:24:04,678 INFO  client.GrpcClientProtocolClient (GrpcClientProtocolClient.java:onNext(255)) - client-8DB4338F17D0->b5da6a4a-1459-46a4-9479-d2035163dbe2: receive RaftClientReply:client-8DB4338F17D0->b5da6a4a-1459-46a4-9479-d2035163dbe2@group-4A9565783204, cid=3878, SUCCESS, logIndex=5893, commits[b5da6a4a-1459-46a4-9479-d2035163dbe2:c5895, 69c25b61-d669-4f17-b36d-41bca3df1f31:c5892, d2a7b1fa-fac6-4c6f-8c6d-9ac7414c70c3:c5890]
2019-07-14 04:24:04,679 INFO  client.GrpcClientProtocolClient (GrpcClientProtocolClient.java:onNext(255)) - client-8DB4338F17D0->b5da6a4a-1459-46a4-9479-d2035163dbe2: receive RaftClientReply:client-8DB4338F17D0->b5da6a4a-1459-46a4-9479-d2035163dbe2@group-4A9565783204, cid=3879, SUCCESS, logIndex=5894, commits[b5da6a4a-1459-46a4-9479-d2035163dbe2:c5896, 69c25b61-d669-4f17-b36d-41bca3df1f31:c5892, d2a7b1fa-fac6-4c6f-8c6d-9ac7414c70c3:c5892]
2019-07-14 04:24:04,679 INFO  client.GrpcClientProtocolClient (GrpcClientProtocolClient.java:onNext(255)) - client-8DB4338F17D0->b5da6a4a-1459-46a4-9479-d2035163dbe2: receive RaftClientReply:client-8DB4338F17D0->b5da6a4a-1459-46a4-9479-d2035163dbe2@group-4A9565783204, cid=3880, SUCCESS, logIndex=5895, commits[b5da6a4a-1459-46a4-9479-d2035163dbe2:c5896, 69c25b61-d669-4f17-b36d-41bca3df1f31:c5892, d2a7b1fa-fac6-4c6f-8c6d-9ac7414c70c3:c5892]
2019-07-14 04:24:04,679 INFO  client.GrpcClientProtocolClient (GrpcClientProtocolClient.java:onNext(255)) - client-8DB4338F17D0->b5da6a4a-1459-46a4-9479-d2035163dbe2: receive RaftClientReply:client-8DB4338F17D0->b5da6a4a-1459-46a4-9479-d2035163dbe2@group-4A9565783204, cid=3881, SUCCESS, logIndex=5896, commits[b5da6a4a-1459-46a4-9479-d2035163dbe2:c5897, 69c25b61-d669-4f17-b36d-41bca3df1f31:c5894, d2a7b1fa-fac6-4c6f-8c6d-9ac7414c70c3:c5892]
2019-07-14 04:24:04,683 INFO  client.GrpcClientProtocolClient (GrpcClientProtocolClient.java:onNext(255)) - client-8DB4338F17D0->b5da6a4a-1459-46a4-9479-d2035163dbe2: receive RaftClientReply:client-8DB4338F17D0->b5da6a4a-1459-46a4-9479-d2035163dbe2@group-4A9565783204, cid=3882, SUCCESS, logIndex=0, commits[b5da6a4a-1459-46a4-9479-d2035163dbe2:c5900, 69c25b61-d669-4f17-b36d-41bca3df1f31:c5896, d2a7b1fa-fac6-4c6f-8c6d-9ac7414c70c3:c5894]
2019-07-14 04:24:04,696 INFO  client.GrpcClientProtocolClient (GrpcClientProtocolClient.java:onNext(255)) - client-8DB4338F17D0->b5da6a4a-1459-46a4-9479-d2035163dbe2: receive RaftClientReply:client-8DB4338F17D0->b5da6a4a-1459-46a4-9479-d2035163dbe2@group-4A9565783204, cid=3883, SUCCESS, logIndex=5901, commits[b5da6a4a-1459-46a4-9479-d2035163dbe2:c5902, 69c25b61-d669-4f17-b36d-41bca3df1f31:c5900, d2a7b1fa-fac6-4c6f-8c6d-9ac7414c70c3:c5900]
2019-07-14 04:24:04,696 INFO  client.GrpcClientProtocolClient (GrpcClientProtocolClient.java:onNext(255)) - client-8DB4338F17D0->b5da6a4a-1459-46a4-9479-d2035163dbe2: receive RaftClientReply:client-8DB4338F17D0->b5da6a4a-1459-46a4-9479-d2035163dbe2@group-4A9565783204, cid=3884, SUCCESS, logIndex=5902, commits[b5da6a4a-1459-46a4-9479-d2035163dbe2:c5902, 69c25b61-d669-4f17-b36d-41bca3df1f31:c5900, d2a7b1fa-fac6-4c6f-8c6d-9ac7414c70c3:c5900]
2019-07-14 04:24:04,710 INFO  client.GrpcClientProtocolClient (GrpcClientProtocolClient.java:onNext(255)) - client-8DB4338F17D0->b5da6a4a-1459-46a4-9479-d2035163dbe2: receive RaftClientReply:client-8DB4338F17D0->b5da6a4a-1459-46a4-9479-d2035163dbe2@group-4A9565783204, cid=3885, SUCCESS, logIndex=5905, commits[b5da6a4a-1459-46a4-9479-d2035163dbe2:c5906, 69c25b61-d669-4f17-b36d-41bca3df1f31:c5904, d2a7b1fa-fac6-4c6f-8c6d-9ac7414c70c3:c5904]
2019-07-14 04:24:04,710 INFO  client.GrpcClientProtocolClient (GrpcClientProtocolClient.java:onNext(255)) - client-8DB4338F17D0->b5da6a4a-1459-46a4-9479-d2035163dbe2: receive RaftClientReply:client-8DB4338F17D0->b5da6a4a-1459-46a4-9479-d2035163dbe2@group-4A9565783204, cid=3886, SUCCESS, logIndex=5906, commits[b5da6a4a-1459-46a4-9479-d2035163dbe2:c5906, 69c25b61-d669-4f17-b36d-41bca3df1f31:c5904, d2a7b1fa-fac6-4c6f-8c6d-9ac7414c70c3:c5904]
2019-07-14 04:24:04,713 INFO  client.GrpcClientProtocolClient (GrpcClientProtocolClient.java:onNext(255)) - client-8DB4338F17D0->b5da6a4a-1459-46a4-9479-d2035163dbe2: receive RaftClientReply:client-8DB4338F17D0->b5da6a4a-1459-46a4-9479-d2035163dbe2@group-4A9565783204, cid=3887, SUCCESS, logIndex=0, commits[b5da6a4a-1459-46a4-9479-d2035163dbe2:c5908, 69c25b61-d669-4f17-b36d-41bca3df1f31:c5906, d2a7b1fa-fac6-4c6f-8c6d-9ac7414c70c3:c5906]
2019-07-14 04:24:04,745 INFO  client.GrpcClientProtocolClient (GrpcClientProtocolClient.java:onNext(255)) - client-8DB4338F17D0->b5da6a4a-1459-46a4-9479-d2035163dbe2: receive RaftClientReply:client-8DB4338F17D0->b5da6a4a-1459-46a4-9479-d2035163dbe2@group-4A9565783204, cid=3888, SUCCESS, logIndex=5909, commits[b5da6a4a-1459-46a4-9479-d2035163dbe2:c5911, 69c25b61-d669-4f17-b36d-41bca3df1f31:c5908, d2a7b1fa-fac6-4c6f-8c6d-9ac7414c70c3:c5908]
2019-07-14 04:24:04,745 INFO  client.GrpcClientProtocolClient (GrpcClientProtocolClient.java:onNext(255)) - client-8DB4338F17D0->b5da6a4a-1459-46a4-9479-d2035163dbe2: receive RaftClientReply:client-8DB4338F17D0->b5da6a4a-1459-46a4-9479-d2035163dbe2@group-4A9565783204, cid=3889, SUCCESS, logIndex=5910, commits[b5da6a4a-1459-46a4-9479-d2035163dbe2:c5912, 69c25b61-d669-4f17-b36d-41bca3df1f31:c5908, d2a7b1fa-fac6-4c6f-8c6d-9ac7414c70c3:c5908]
2019-07-14 04:24:04,746 INFO  client.GrpcClientProtocolClient (GrpcClientProtocolClient.java:onNext(255)) - client-8DB4338F17D0->b5da6a4a-1459-46a4-9479-d2035163dbe2: receive RaftClientReply:client-8DB4338F17D0->b5da6a4a-1459-46a4-9479-d2035163dbe2@group-4A9565783204, cid=3890, SUCCESS, logIndex=5911, commits[b5da6a4a-1459-46a4-9479-d2035163dbe2:c5912, 69c25b61-d669-4f17-b36d-41bca3df1f31:c5908, d2a7b1fa-fac6-4c6f-8c6d-9ac7414c70c3:c5908]
2019-07-14 04:24:04,746 INFO  client.GrpcClientProtocolClient (GrpcClientProtocolClient.java:onNext(255)) - client-8DB4338F17D0->b5da6a4a-1459-46a4-9479-d2035163dbe2: receive RaftClientReply:client-8DB4338F17D0->b5da6a4a-1459-46a4-9479-d2035163dbe2@group-4A9565783204, cid=3891, SUCCESS, logIndex=5912, commits[b5da6a4a-1459-46a4-9479-d2035163dbe2:c5912, 69c25b61-d669-4f17-b36d-41bca3df1f31:c5908, d2a7b1fa-fac6-4c6f-8c6d-9ac7414c70c3:c5908]
2019-07-14 04:24:04,748 INFO  client.GrpcClientProtocolClient (GrpcClientProtocolClient.java:onNext(255)) - client-8DB4338F17D0->b5da6a4a-1459-46a4-9479-d2035163dbe2: receive RaftClientReply:client-8DB4338F17D0->b5da6a4a-1459-46a4-9479-d2035163dbe2@group-4A9565783204, cid=3892, SUCCESS, logIndex=0, commits[b5da6a4a-1459-46a4-9479-d2035163dbe2:c5914, 69c25b61-d669-4f17-b36d-41bca3df1f31:c5911, d2a7b1fa-fac6-4c6f-8c6d-9ac7414c70c3:c5910]
2019-07-14 04:24:04,766 INFO  client.GrpcClientProtocolClient (GrpcClientProtocolClient.java:onNext(255)) - client-8DB4338F17D0->b5da6a4a-1459-46a4-9479-d2035163dbe2: receive RaftClientReply:client-8DB4338F17D0->b5da6a4a-1459-46a4-9479-d2035163dbe2@group-4A9565783204, cid=3893, SUCCESS, logIndex=5917, commits[b5da6a4a-1459-46a4-9479-d2035163dbe2:c5918, 69c25b61-d669-4f17-b36d-41bca3df1f31:c5916, d2a7b1fa-fac6-4c6f-8c6d-9ac7414c70c3:c5916]
2019-07-14 04:24:04,767 INFO  client.GrpcClientProtocolClient (GrpcClientProtocolClient.java:onNext(255)) - client-8DB4338F17D0->b5da6a4a-1459-46a4-9479-d2035163dbe2: receive RaftClientReply:client-8DB4338F17D0->b5da6a4a-1459-46a4-9479-d2035163dbe2@group-4A9565783204, cid=3894, SUCCESS, logIndex=5918, commits[b5da6a4a-1459-46a4-9479-d2035163dbe2:c5918, 69c25b61-d669-4f17-b36d-41bca3df1f31:c5916, d2a7b1fa-fac6-4c6f-8c6d-9ac7414c70c3:c5916]
2019-07-14 04:24:04,785 INFO  client.GrpcClientProtocolClient (GrpcClientProtocolClient.java:onNext(255)) - client-8DB4338F17D0->b5da6a4a-1459-46a4-9479-d2035163dbe2: receive RaftClientReply:client-8DB4338F17D0->b5da6a4a-1459-46a4-9479-d2035163dbe2@group-4A9565783204, cid=3895, SUCCESS, logIndex=5921, commits[b5da6a4a-1459-46a4-9479-d2035163dbe2:c5922, 69c25b61-d669-4f17-b36d-41bca3df1f31:c5918, d2a7b1fa-fac6-4c6f-8c6d-9ac7414c70c3:c5920]
2019-07-14 04:24:04,786 INFO  client.GrpcClientProtocolClient (GrpcClientProtocolClient.java:onNext(255)) - client-8DB4338F17D0->b5da6a4a-1459-46a4-9479-d2035163dbe2: receive RaftClientReply:client-8DB4338F17D0->b5da6a4a-1459-46a4-9479-d2035163dbe2@group-4A9565783204, cid=3896, SUCCESS, logIndex=5922, commits[b5da6a4a-1459-46a4-9479-d2035163dbe2:c5922, 69c25b61-d669-4f17-b36d-41bca3df1f31:c5920, d2a7b1fa-fac6-4c6f-8c6d-9ac7414c70c3:c5920]
2019-07-14 04:24:04,787 INFO  client.GrpcClientProtocolClient (GrpcClientProtocolClient.java:onNext(255)) - client-8DB4338F17D0->b5da6a4a-1459-46a4-9479-d2035163dbe2: receive RaftClientReply:client-8DB4338F17D0->b5da6a4a-1459-46a4-9479-d2035163dbe2@group-4A9565783204, cid=3897, SUCCESS, logIndex=0, commits[b5da6a4a-1459-46a4-9479-d2035163dbe2:c5923, 69c25b61-d669-4f17-b36d-41bca3df1f31:c5922, d2a7b1fa-fac6-4c6f-8c6d-9ac7414c70c3:c5922]
2019-07-14 04:24:04,819 INFO  client.GrpcClientProtocolClient (GrpcClientProtocolClient.java:onNext(255)) - client-8DB4338F17D0->b5da6a4a-1459-46a4-9479-d2035163dbe2: receive RaftClientReply:client-8DB4338F17D0->b5da6a4a-1459-46a4-9479-d2035163dbe2@group-4A9565783204, cid=3898, SUCCESS, logIndex=5925, commits[b5da6a4a-1459-46a4-9479-d2035163dbe2:c5926, 69c25b61-d669-4f17-b36d-41bca3df1f31:c5924, d2a7b1fa-fac6-4c6f-8c6d-9ac7414c70c3:c5924]
2019-07-14 04:24:04,820 INFO  client.GrpcClientProtocolClient (GrpcClientProtocolClient.java:onNext(255)) - client-8DB4338F17D0->b5da6a4a-1459-46a4-9479-d2035163dbe2: receive RaftClientReply:client-8DB4338F17D0->b5da6a4a-1459-46a4-9479-d2035163dbe2@group-4A9565783204, cid=3899, SUCCESS, logIndex=5926, commits[b5da6a4a-1459-46a4-9479-d2035163dbe2:c5926, 69c25b61-d669-4f17-b36d-41bca3df1f31:c5924, d2a7b1fa-fac6-4c6f-8c6d-9ac7414c70c3:c5924]
2019-07-14 04:24:04,821 INFO  client.GrpcClientProtocolClient (GrpcClientProtocolClient.java:onNext(255)) - client-8DB4338F17D0->b5da6a4a-1459-46a4-9479-d2035163dbe2: receive RaftClientReply:client-8DB4338F17D0->b5da6a4a-1459-46a4-9479-d2035163dbe2@group-4A9565783204, cid=3900, SUCCESS, logIndex=5927, commits[b5da6a4a-1459-46a4-9479-d2035163dbe2:c5927, 69c25b61-d669-4f17-b36d-41bca3df1f31:c5924, d2a7b1fa-fac6-4c6f-8c6d-9ac7414c70c3:c5924]
2019-07-14 04:24:04,821 INFO  client.GrpcClientProtocolClient (GrpcClientProtocolClient.java:onNext(255)) - client-8DB4338F17D0->b5da6a4a-1459-46a4-9479-d2035163dbe2: receive RaftClientReply:client-8DB4338F17D0->b5da6a4a-1459-46a4-9479-d2035163dbe2@group-4A9565783204, cid=3901, SUCCESS, logIndex=5928, commits[b5da6a4a-1459-46a4-9479-d2035163dbe2:c5928, 69c25b61-d669-4f17-b36d-41bca3df1f31:c5924, d2a7b1fa-fac6-4c6f-8c6d-9ac7414c70c3:c5924]
2019-07-14 04:24:04,823 INFO  client.GrpcClientProtocolClient (GrpcClientProtocolClient.java:onNext(255)) - client-8DB4338F17D0->b5da6a4a-1459-46a4-9479-d2035163dbe2: receive RaftClientReply:client-8DB4338F17D0->b5da6a4a-1459-46a4-9479-d2035163dbe2@group-4A9565783204, cid=3902, SUCCESS, logIndex=0, commits[b5da6a4a-1459-46a4-9479-d2035163dbe2:c5930, 69c25b61-d669-4f17-b36d-41bca3df1f31:c5926, d2a7b1fa-fac6-4c6f-8c6d-9ac7414c70c3:c5926]
2019-07-14 04:24:04,841 INFO  client.GrpcClientProtocolClient (GrpcClientProtocolClient.java:onNext(255)) - client-8DB4338F17D0->b5da6a4a-1459-46a4-9479-d2035163dbe2: receive RaftClientReply:client-8DB4338F17D0->b5da6a4a-1459-46a4-9479-d2035163dbe2@group-4A9565783204, cid=3903, SUCCESS, logIndex=5933, commits[b5da6a4a-1459-46a4-9479-d2035163dbe2:c5934, 69c25b61-d669-4f17-b36d-41bca3df1f31:c5932, d2a7b1fa-fac6-4c6f-8c6d-9ac7414c70c3:c5932]
2019-07-14 04:24:04,841 INFO  client.GrpcClientProtocolClient (GrpcClientProtocolClient.java:onNext(255)) - client-8DB4338F17D0->b5da6a4a-1459-46a4-9479-d2035163dbe2: receive RaftClientReply:client-8DB4338F17D0->b5da6a4a-1459-46a4-9479-d2035163dbe2@group-4A9565783204, cid=3904, SUCCESS, logIndex=5934, commits[b5da6a4a-1459-46a4-9479-d2035163dbe2:c5934, 69c25b61-d669-4f17-b36d-41bca3df1f31:c5932, d2a7b1fa-fac6-4c6f-8c6d-9ac7414c70c3:c5932]
2019-07-14 04:24:04,856 INFO  client.GrpcClientProtocolClient (GrpcClientProtocolClient.java:onNext(255)) - client-8DB4338F17D0->b5da6a4a-1459-46a4-9479-d2035163dbe2: receive RaftClientReply:client-8DB4338F17D0->b5da6a4a-1459-46a4-9479-d2035163dbe2@group-4A9565783204, cid=3905, SUCCESS, logIndex=5937, commits[b5da6a4a-1459-46a4-9479-d2035163dbe2:c5938, 69c25b61-d669-4f17-b36d-41bca3df1f31:c5936, d2a7b1fa-fac6-4c6f-8c6d-9ac7414c70c3:c5936]
2019-07-14 04:24:04,857 INFO  client.GrpcClientProtocolClient (GrpcClientProtocolClient.java:onNext(255)) - client-8DB4338F17D0->b5da6a4a-1459-46a4-9479-d2035163dbe2: receive RaftClientReply:client-8DB4338F17D0->b5da6a4a-1459-46a4-9479-d2035163dbe2@group-4A9565783204, cid=3906, SUCCESS, logIndex=5938, commits[b5da6a4a-1459-46a4-9479-d2035163dbe2:c5938, 69c25b61-d669-4f17-b36d-41bca3df1f31:c5936, d2a7b1fa-fac6-4c6f-8c6d-9ac7414c70c3:c5936]
2019-07-14 04:24:04,859 INFO  client.GrpcClientProtocolClient (GrpcClientProtocolClient.java:onNext(255)) - client-8DB4338F17D0->b5da6a4a-1459-46a4-9479-d2035163dbe2: receive RaftClientReply:client-8DB4338F17D0->b5da6a4a-1459-46a4-9479-d2035163dbe2@group-4A9565783204, cid=3907, SUCCESS, logIndex=0, commits[b5da6a4a-1459-46a4-9479-d2035163dbe2:c5940, 69c25b61-d669-4f17-b36d-41bca3df1f31:c5938, d2a7b1fa-fac6-4c6f-8c6d-9ac7414c70c3:c5938]
2019-07-14 04:24:04,885 INFO  client.GrpcClientProtocolClient (GrpcClientProtocolClient.java:onNext(255)) - client-8DB4338F17D0->b5da6a4a-1459-46a4-9479-d2035163dbe2: receive RaftClientReply:client-8DB4338F17D0->b5da6a4a-1459-46a4-9479-d2035163dbe2@group-4A9565783204, cid=3908, SUCCESS, logIndex=5941, commits[b5da6a4a-1459-46a4-9479-d2035163dbe2:c5942, 69c25b61-d669-4f17-b36d-41bca3df1f31:c5940, d2a7b1fa-fac6-4c6f-8c6d-9ac7414c70c3:c5940]
2019-07-14 04:24:04,885 INFO  client.GrpcClientProtocolClient (GrpcClientProtocolClient.java:onNext(255)) - client-8DB4338F17D0->b5da6a4a-1459-46a4-9479-d2035163dbe2: receive RaftClientReply:client-8DB4338F17D0->b5da6a4a-1459-46a4-9479-d2035163dbe2@group-4A9565783204, cid=3909, SUCCESS, logIndex=5942, commits[b5da6a4a-1459-46a4-9479-d2035163dbe2:c5944, 69c25b61-d669-4f17-b36d-41bca3df1f31:c5940, d2a7b1fa-fac6-4c6f-8c6d-9ac7414c70c3:c5940]
2019-07-14 04:24:04,885 INFO  client.GrpcClientProtocolClient (GrpcClientProtocolClient.java:onNext(255)) - client-8DB4338F17D0->b5da6a4a-1459-46a4-9479-d2035163dbe2: receive RaftClientReply:client-8DB4338F17D0->b5da6a4a-1459-46a4-9479-d2035163dbe2@group-4A9565783204, cid=3910, SUCCESS, logIndex=5943, commits[b5da6a4a-1459-46a4-9479-d2035163dbe2:c5944, 69c25b61-d669-4f17-b36d-41bca3df1f31:c5940, d2a7b1fa-fac6-4c6f-8c6d-9ac7414c70c3:c5940]
2019-07-14 04:24:04,886 INFO  client.GrpcClientProtocolClient (GrpcClientProtocolClient.java:onNext(255)) - client-8DB4338F17D0->b5da6a4a-1459-46a4-9479-d2035163dbe2: receive RaftClientReply:client-8DB4338F17D0->b5da6a4a-1459-46a4-9479-d2035163dbe2@group-4A9565783204, cid=3911, SUCCESS, logIndex=5944, commits[b5da6a4a-1459-46a4-9479-d2035163dbe2:c5944, 69c25b61-d669-4f17-b36d-41bca3df1f31:c5940, d2a7b1fa-fac6-4c6f-8c6d-9ac7414c70c3:c5940]
2019-07-14 04:24:04,887 INFO  client.GrpcClientProtocolClient (GrpcClientProtocolClient.java:onNext(255)) - client-8DB4338F17D0->b5da6a4a-1459-46a4-9479-d2035163dbe2: receive RaftClientReply:client-8DB4338F17D0->b5da6a4a-1459-46a4-9479-d2035163dbe2@group-4A9565783204, cid=3912, SUCCESS, logIndex=0, commits[b5da6a4a-1459-46a4-9479-d2035163dbe2:c5946, 69c25b61-d669-4f17-b36d-41bca3df1f31:c5942, d2a7b1fa-fac6-4c6f-8c6d-9ac7414c70c3:c5942]
2019-07-14 04:24:04,898 INFO  client.GrpcClientProtocolClient (GrpcClientProtocolClient.java:onNext(255)) - client-8DB4338F17D0->b5da6a4a-1459-46a4-9479-d2035163dbe2: receive RaftClientReply:client-8DB4338F17D0->b5da6a4a-1459-46a4-9479-d2035163dbe2@group-4A9565783204, cid=3913, SUCCESS, logIndex=5948, commits[b5da6a4a-1459-46a4-9479-d2035163dbe2:c5949, 69c25b61-d669-4f17-b36d-41bca3df1f31:c5947, d2a7b1fa-fac6-4c6f-8c6d-9ac7414c70c3:c5947]
2019-07-14 04:24:04,899 INFO  client.GrpcClientProtocolClient (GrpcClientProtocolClient.java:onNext(255)) - client-8DB4338F17D0->b5da6a4a-1459-46a4-9479-d2035163dbe2: receive RaftClientReply:client-8DB4338F17D0->b5da6a4a-1459-46a4-9479-d2035163dbe2@group-4A9565783204, cid=3914, SUCCESS, logIndex=5949, commits[b5da6a4a-1459-46a4-9479-d2035163dbe2:c5949, 69c25b61-d669-4f17-b36d-41bca3df1f31:c5947, d2a7b1fa-fac6-4c6f-8c6d-9ac7414c70c3:c5947]
2019-07-14 04:24:04,915 INFO  client.GrpcClientProtocolClient (GrpcClientProtocolClient.java:onNext(255)) - client-8DB4338F17D0->b5da6a4a-1459-46a4-9479-d2035163dbe2: receive RaftClientReply:client-8DB4338F17D0->b5da6a4a-1459-46a4-9479-d2035163dbe2@group-4A9565783204, cid=3915, SUCCESS, logIndex=5952, commits[b5da6a4a-1459-46a4-9479-d2035163dbe2:c5953, 69c25b61-d669-4f17-b36d-41bca3df1f31:c5950, d2a7b1fa-fac6-4c6f-8c6d-9ac7414c70c3:c5950]
2019-07-14 04:24:04,916 INFO  client.GrpcClientProtocolClient (GrpcClientProtocolClient.java:onNext(255)) - client-8DB4338F17D0->b5da6a4a-1459-46a4-9479-d2035163dbe2: receive RaftClientReply:client-8DB4338F17D0->b5da6a4a-1459-46a4-9479-d2035163dbe2@group-4A9565783204, cid=3916, SUCCESS, logIndex=5953, commits[b5da6a4a-1459-46a4-9479-d2035163dbe2:c5953, 69c25b61-d669-4f17-b36d-41bca3df1f31:c5950, d2a7b1fa-fac6-4c6f-8c6d-9ac7414c70c3:c5950]
2019-07-14 04:24:04,919 INFO  client.GrpcClientProtocolClient (GrpcClientProtocolClient.java:onNext(255)) - client-8DB4338F17D0->b5da6a4a-1459-46a4-9479-d2035163dbe2: receive RaftClientReply:client-8DB4338F17D0->b5da6a4a-1459-46a4-9479-d2035163dbe2@group-4A9565783204, cid=3917, SUCCESS, logIndex=0, commits[b5da6a4a-1459-46a4-9479-d2035163dbe2:c5954, 69c25b61-d669-4f17-b36d-41bca3df1f31:c5953, d2a7b1fa-fac6-4c6f-8c6d-9ac7414c70c3:c5953]
2019-07-14 04:24:04,950 INFO  client.GrpcClientProtocolClient (GrpcClientProtocolClient.java:onNext(255)) - client-8DB4338F17D0->b5da6a4a-1459-46a4-9479-d2035163dbe2: receive RaftClientReply:client-8DB4338F17D0->b5da6a4a-1459-46a4-9479-d2035163dbe2@group-4A9565783204, cid=3918, SUCCESS, logIndex=5956, commits[b5da6a4a-1459-46a4-9479-d2035163dbe2:c5959, 69c25b61-d669-4f17-b36d-41bca3df1f31:c5955, d2a7b1fa-fac6-4c6f-8c6d-9ac7414c70c3:c5955]
2019-07-14 04:24:04,951 INFO  client.GrpcClientProtocolClient (GrpcClientProtocolClient.java:onNext(255)) - client-8DB4338F17D0->b5da6a4a-1459-46a4-9479-d2035163dbe2: receive RaftClientReply:client-8DB4338F17D0->b5da6a4a-1459-46a4-9479-d2035163dbe2@group-4A9565783204, cid=3919, SUCCESS, logIndex=5957, commits[b5da6a4a-1459-46a4-9479-d2035163dbe2:c5959, 69c25b61-d669-4f17-b36d-41bca3df1f31:c5955, d2a7b1fa-fac6-4c6f-8c6d-9ac7414c70c3:c5955]
2019-07-14 04:24:04,951 INFO  client.GrpcClientProtocolClient (GrpcClientProtocolClient.java:onNext(255)) - client-8DB4338F17D0->b5da6a4a-1459-46a4-9479-d2035163dbe2: receive RaftClientReply:client-8DB4338F17D0->b5da6a4a-1459-46a4-9479-d2035163dbe2@group-4A9565783204, cid=3920, SUCCESS, logIndex=5958, commits[b5da6a4a-1459-46a4-9479-d2035163dbe2:c5959, 69c25b61-d669-4f17-b36d-41bca3df1f31:c5955, d2a7b1fa-fac6-4c6f-8c6d-9ac7414c70c3:c5955]
2019-07-14 04:24:04,952 INFO  client.GrpcClientProtocolClient (GrpcClientProtocolClient.java:onNext(255)) - client-8DB4338F17D0->b5da6a4a-1459-46a4-9479-d2035163dbe2: receive RaftClientReply:client-8DB4338F17D0->b5da6a4a-1459-46a4-9479-d2035163dbe2@group-4A9565783204, cid=3921, SUCCESS, logIndex=5959, commits[b5da6a4a-1459-46a4-9479-d2035163dbe2:c5959, 69c25b61-d669-4f17-b36d-41bca3df1f31:c5955, d2a7b1fa-fac6-4c6f-8c6d-9ac7414c70c3:c5955]
2019-07-14 04:24:04,953 INFO  client.GrpcClientProtocolClient (GrpcClientProtocolClient.java:onNext(255)) - client-8DB4338F17D0->b5da6a4a-1459-46a4-9479-d2035163dbe2: receive RaftClientReply:client-8DB4338F17D0->b5da6a4a-1459-46a4-9479-d2035163dbe2@group-4A9565783204, cid=3922, SUCCESS, logIndex=0, commits[b5da6a4a-1459-46a4-9479-d2035163dbe2:c5963, 69c25b61-d669-4f17-b36d-41bca3df1f31:c5959, d2a7b1fa-fac6-4c6f-8c6d-9ac7414c70c3:c5957]
2019-07-14 04:24:04,971 INFO  client.GrpcClientProtocolClient (GrpcClientProtocolClient.java:onNext(255)) - client-8DB4338F17D0->b5da6a4a-1459-46a4-9479-d2035163dbe2: receive RaftClientReply:client-8DB4338F17D0->b5da6a4a-1459-46a4-9479-d2035163dbe2@group-4A9565783204, cid=3923, SUCCESS, logIndex=5964, commits[b5da6a4a-1459-46a4-9479-d2035163dbe2:c5965, 69c25b61-d669-4f17-b36d-41bca3df1f31:c5963, d2a7b1fa-fac6-4c6f-8c6d-9ac7414c70c3:c5963]
2019-07-14 04:24:04,972 INFO  client.GrpcClientProtocolClient (GrpcClientProtocolClient.java:onNext(255)) - client-8DB4338F17D0->b5da6a4a-1459-46a4-9479-d2035163dbe2: receive RaftClientReply:client-8DB4338F17D0->b5da6a4a-1459-46a4-9479-d2035163dbe2@group-4A9565783204, cid=3924, SUCCESS, logIndex=5965, commits[b5da6a4a-1459-46a4-9479-d2035163dbe2:c5965, 69c25b61-d669-4f17-b36d-41bca3df1f31:c5963, d2a7b1fa-fac6-4c6f-8c6d-9ac7414c70c3:c5963]
2019-07-14 04:24:04,994 INFO  client.GrpcClientProtocolClient (GrpcClientProtocolClient.java:onNext(255)) - client-8DB4338F17D0->b5da6a4a-1459-46a4-9479-d2035163dbe2: receive RaftClientReply:client-8DB4338F17D0->b5da6a4a-1459-46a4-9479-d2035163dbe2@group-4A9565783204, cid=3925, SUCCESS, logIndex=5968, commits[b5da6a4a-1459-46a4-9479-d2035163dbe2:c5969, 69c25b61-d669-4f17-b36d-41bca3df1f31:c5967, d2a7b1fa-fac6-4c6f-8c6d-9ac7414c70c3:c5967]
2019-07-14 04:24:04,995 INFO  client.GrpcClientProtocolClient (GrpcClientProtocolClient.java:onNext(255)) - client-8DB4338F17D0->b5da6a4a-1459-46a4-9479-d2035163dbe2: receive RaftClientReply:client-8DB4338F17D0->b5da6a4a-1459-46a4-9479-d2035163dbe2@group-4A9565783204, cid=3926, SUCCESS, logIndex=5969, commits[b5da6a4a-1459-46a4-9479-d2035163dbe2:c5969, 69c25b61-d669-4f17-b36d-41bca3df1f31:c5967, d2a7b1fa-fac6-4c6f-8c6d-9ac7414c70c3:c5967]
2019-07-14 04:24:05,005 INFO  client.GrpcClientProtocolClient (GrpcClientProtocolClient.java:onNext(255)) - client-8DB4338F17D0->b5da6a4a-1459-46a4-9479-d2035163dbe2: receive RaftClientReply:client-8DB4338F17D0->b5da6a4a-1459-46a4-9479-d2035163dbe2@group-4A9565783204, cid=3927, SUCCESS, logIndex=0, commits[b5da6a4a-1459-46a4-9479-d2035163dbe2:c5970, 69c25b61-d669-4f17-b36d-41bca3df1f31:c5969, d2a7b1fa-fac6-4c6f-8c6d-9ac7414c70c3:c5969]
2019-07-14 04:24:05,039 INFO  client.GrpcClientProtocolClient (GrpcClientProtocolClient.java:onNext(255)) - client-8DB4338F17D0->b5da6a4a-1459-46a4-9479-d2035163dbe2: receive RaftClientReply:client-8DB4338F17D0->b5da6a4a-1459-46a4-9479-d2035163dbe2@group-4A9565783204, cid=3928, SUCCESS, logIndex=5972, commits[b5da6a4a-1459-46a4-9479-d2035163dbe2:c5975, 69c25b61-d669-4f17-b36d-41bca3df1f31:c5971, d2a7b1fa-fac6-4c6f-8c6d-9ac7414c70c3:c5971]
2019-07-14 04:24:05,040 INFO  client.GrpcClientProtocolClient (GrpcClientProtocolClient.java:onNext(255)) - client-8DB4338F17D0->b5da6a4a-1459-46a4-9479-d2035163dbe2: receive RaftClientReply:client-8DB4338F17D0->b5da6a4a-1459-46a4-9479-d2035163dbe2@group-4A9565783204, cid=3929, SUCCESS, logIndex=5973, commits[b5da6a4a-1459-46a4-9479-d2035163dbe2:c5975, 69c25b61-d669-4f17-b36d-41bca3df1f31:c5971, d2a7b1fa-fac6-4c6f-8c6d-9ac7414c70c3:c5971]
2019-07-14 04:24:05,040 INFO  client.GrpcClientProtocolClient (GrpcClientProtocolClient.java:onNext(255)) - client-8DB4338F17D0->b5da6a4a-1459-46a4-9479-d2035163dbe2: receive RaftClientReply:client-8DB4338F17D0->b5da6a4a-1459-46a4-9479-d2035163dbe2@group-4A9565783204, cid=3930, SUCCESS, logIndex=5974, commits[b5da6a4a-1459-46a4-9479-d2035163dbe2:c5975, 69c25b61-d669-4f17-b36d-41bca3df1f31:c5971, d2a7b1fa-fac6-4c6f-8c6d-9ac7414c70c3:c5971]
2019-07-14 04:24:05,040 INFO  client.GrpcClientProtocolClient (GrpcClientProtocolClient.java:onNext(255)) - client-8DB4338F17D0->b5da6a4a-1459-46a4-9479-d2035163dbe2: receive RaftClientReply:client-8DB4338F17D0->b5da6a4a-1459-46a4-9479-d2035163dbe2@group-4A9565783204, cid=3931, SUCCESS, logIndex=5975, commits[b5da6a4a-1459-46a4-9479-d2035163dbe2:c5976, 69c25b61-d669-4f17-b36d-41bca3df1f31:c5972, d2a7b1fa-fac6-4c6f-8c6d-9ac7414c70c3:c5971]
2019-07-14 04:24:05,043 INFO  client.GrpcClientProtocolClient (GrpcClientProtocolClient.java:onNext(255)) - client-8DB4338F17D0->b5da6a4a-1459-46a4-9479-d2035163dbe2: receive RaftClientReply:client-8DB4338F17D0->b5da6a4a-1459-46a4-9479-d2035163dbe2@group-4A9565783204, cid=3932, SUCCESS, logIndex=0, commits[b5da6a4a-1459-46a4-9479-d2035163dbe2:c5979, 69c25b61-d669-4f17-b36d-41bca3df1f31:c5975, d2a7b1fa-fac6-4c6f-8c6d-9ac7414c70c3:c5973]
2019-07-14 04:24:05,062 INFO  client.GrpcClientProtocolClient (GrpcClientProtocolClient.java:onNext(255)) - client-8DB4338F17D0->b5da6a4a-1459-46a4-9479-d2035163dbe2: receive RaftClientReply:client-8DB4338F17D0->b5da6a4a-1459-46a4-9479-d2035163dbe2@group-4A9565783204, cid=3933, SUCCESS, logIndex=5980, commits[b5da6a4a-1459-46a4-9479-d2035163dbe2:c5981, 69c25b61-d669-4f17-b36d-41bca3df1f31:c5979, d2a7b1fa-fac6-4c6f-8c6d-9ac7414c70c3:c5975]
2019-07-14 04:24:05,063 INFO  client.GrpcClientProtocolClient (GrpcClientProtocolClient.java:onNext(255)) - client-8DB4338F17D0->b5da6a4a-1459-46a4-9479-d2035163dbe2: receive RaftClientReply:client-8DB4338F17D0->b5da6a4a-1459-46a4-9479-d2035163dbe2@group-4A9565783204, cid=3934, SUCCESS, logIndex=5981, commits[b5da6a4a-1459-46a4-9479-d2035163dbe2:c5981, 69c25b61-d669-4f17-b36d-41bca3df1f31:c5979, d2a7b1fa-fac6-4c6f-8c6d-9ac7414c70c3:c5979]
2019-07-14 04:24:05,080 INFO  client.GrpcClientProtocolClient (GrpcClientProtocolClient.java:onNext(255)) - client-8DB4338F17D0->b5da6a4a-1459-46a4-9479-d2035163dbe2: receive RaftClientReply:client-8DB4338F17D0->b5da6a4a-1459-46a4-9479-d2035163dbe2@group-4A9565783204, cid=3935, SUCCESS, logIndex=5984, commits[b5da6a4a-1459-46a4-9479-d2035163dbe2:c5985, 69c25b61-d669-4f17-b36d-41bca3df1f31:c5983, d2a7b1fa-fac6-4c6f-8c6d-9ac7414c70c3:c5983]
2019-07-14 04:24:05,081 INFO  client.GrpcClientProtocolClient (GrpcClientProtocolClient.java:onNext(255)) - client-8DB4338F17D0->b5da6a4a-1459-46a4-9479-d2035163dbe2: receive RaftClientReply:client-8DB4338F17D0->b5da6a4a-1459-46a4-9479-d2035163dbe2@group-4A9565783204, cid=3936, SUCCESS, logIndex=5985, commits[b5da6a4a-1459-46a4-9479-d2035163dbe2:c5985, 69c25b61-d669-4f17-b36d-41bca3df1f31:c5983, d2a7b1fa-fac6-4c6f-8c6d-9ac7414c70c3:c5983]
2019-07-14 04:24:05,093 INFO  client.GrpcClientProtocolClient (GrpcClientProtocolClient.java:onNext(255)) - client-8DB4338F17D0->b5da6a4a-1459-46a4-9479-d2035163dbe2: receive RaftClientReply:client-8DB4338F17D0->b5da6a4a-1459-46a4-9479-d2035163dbe2@group-4A9565783204, cid=3937, SUCCESS, logIndex=0, commits[b5da6a4a-1459-46a4-9479-d2035163dbe2:c5987, 69c25b61-d669-4f17-b36d-41bca3df1f31:c5985, d2a7b1fa-fac6-4c6f-8c6d-9ac7414c70c3:c5985]
2019-07-14 04:24:05,126 INFO  client.GrpcClientProtocolClient (GrpcClientProtocolClient.java:onNext(255)) - client-8DB4338F17D0->b5da6a4a-1459-46a4-9479-d2035163dbe2: receive RaftClientReply:client-8DB4338F17D0->b5da6a4a-1459-46a4-9479-d2035163dbe2@group-4A9565783204, cid=3938, SUCCESS, logIndex=5988, commits[b5da6a4a-1459-46a4-9479-d2035163dbe2:c5990, 69c25b61-d669-4f17-b36d-41bca3df1f31:c5987, d2a7b1fa-fac6-4c6f-8c6d-9ac7414c70c3:c5987]
2019-07-14 04:24:05,126 INFO  client.GrpcClientProtocolClient (GrpcClientProtocolClient.java:onNext(255)) - client-8DB4338F17D0->b5da6a4a-1459-46a4-9479-d2035163dbe2: receive RaftClientReply:client-8DB4338F17D0->b5da6a4a-1459-46a4-9479-d2035163dbe2@group-4A9565783204, cid=3939, SUCCESS, logIndex=5989, commits[b5da6a4a-1459-46a4-9479-d2035163dbe2:c5991, 69c25b61-d669-4f17-b36d-41bca3df1f31:c5987, d2a7b1fa-fac6-4c6f-8c6d-9ac7414c70c3:c5987]
2019-07-14 04:24:05,127 INFO  client.GrpcClientProtocolClient (GrpcClientProtocolClient.java:onNext(255)) - client-8DB4338F17D0->b5da6a4a-1459-46a4-9479-d2035163dbe2: receive RaftClientReply:client-8DB4338F17D0->b5da6a4a-1459-46a4-9479-d2035163dbe2@group-4A9565783204, cid=3940, SUCCESS, logIndex=5990, commits[b5da6a4a-1459-46a4-9479-d2035163dbe2:c5991, 69c25b61-d669-4f17-b36d-41bca3df1f31:c5987, d2a7b1fa-fac6-4c6f-8c6d-9ac7414c70c3:c5987]
2019-07-14 04:24:05,127 INFO  client.GrpcClientProtocolClient (GrpcClientProtocolClient.java:onNext(255)) - client-8DB4338F17D0->b5da6a4a-1459-46a4-9479-d2035163dbe2: receive RaftClientReply:client-8DB4338F17D0->b5da6a4a-1459-46a4-9479-d2035163dbe2@group-4A9565783204, cid=3941, SUCCESS, logIndex=5991, commits[b5da6a4a-1459-46a4-9479-d2035163dbe2:c5991, 69c25b61-d669-4f17-b36d-41bca3df1f31:c5987, d2a7b1fa-fac6-4c6f-8c6d-9ac7414c70c3:c5987]
2019-07-14 04:24:05,132 INFO  client.GrpcClientProtocolClient (GrpcClientProtocolClient.java:onNext(255)) - client-8DB4338F17D0->b5da6a4a-1459-46a4-9479-d2035163dbe2: receive RaftClientReply:client-8DB4338F17D0->b5da6a4a-1459-46a4-9479-d2035163dbe2@group-4A9565783204, cid=3942, SUCCESS, logIndex=0, commits[b5da6a4a-1459-46a4-9479-d2035163dbe2:c5994, 69c25b61-d669-4f17-b36d-41bca3df1f31:c5989, d2a7b1fa-fac6-4c6f-8c6d-9ac7414c70c3:c5990]
2019-07-14 04:24:05,144 INFO  client.GrpcClientProtocolClient (GrpcClientProtocolClient.java:onNext(255)) - client-8DB4338F17D0->b5da6a4a-1459-46a4-9479-d2035163dbe2: receive RaftClientReply:client-8DB4338F17D0->b5da6a4a-1459-46a4-9479-d2035163dbe2@group-4A9565783204, cid=3943, SUCCESS, logIndex=5996, commits[b5da6a4a-1459-46a4-9479-d2035163dbe2:c5997, 69c25b61-d669-4f17-b36d-41bca3df1f31:c5995, d2a7b1fa-fac6-4c6f-8c6d-9ac7414c70c3:c5995]
2019-07-14 04:24:05,144 INFO  client.GrpcClientProtocolClient (GrpcClientProtocolClient.java:onNext(255)) - client-8DB4338F17D0->b5da6a4a-1459-46a4-9479-d2035163dbe2: receive RaftClientReply:client-8DB4338F17D0->b5da6a4a-1459-46a4-9479-d2035163dbe2@group-4A9565783204, cid=3944, SUCCESS, logIndex=5997, commits[b5da6a4a-1459-46a4-9479-d2035163dbe2:c5997, 69c25b61-d669-4f17-b36d-41bca3df1f31:c5995, d2a7b1fa-fac6-4c6f-8c6d-9ac7414c70c3:c5995]
2019-07-14 04:24:05,157 INFO  client.GrpcClientProtocolClient (GrpcClientProtocolClient.java:onNext(255)) - client-8DB4338F17D0->b5da6a4a-1459-46a4-9479-d2035163dbe2: receive RaftClientReply:client-8DB4338F17D0->b5da6a4a-1459-46a4-9479-d2035163dbe2@group-4A9565783204, cid=3945, SUCCESS, logIndex=6000, commits[b5da6a4a-1459-46a4-9479-d2035163dbe2:c6001, 69c25b61-d669-4f17-b36d-41bca3df1f31:c5999, d2a7b1fa-fac6-4c6f-8c6d-9ac7414c70c3:c5999]
2019-07-14 04:24:05,157 INFO  client.GrpcClientProtocolClient (GrpcClientProtocolClient.java:onNext(255)) - client-8DB4338F17D0->b5da6a4a-1459-46a4-9479-d2035163dbe2: receive RaftClientReply:client-8DB4338F17D0->b5da6a4a-1459-46a4-9479-d2035163dbe2@group-4A9565783204, cid=3946, SUCCESS, logIndex=6001, commits[b5da6a4a-1459-46a4-9479-d2035163dbe2:c6001, 69c25b61-d669-4f17-b36d-41bca3df1f31:c5999, d2a7b1fa-fac6-4c6f-8c6d-9ac7414c70c3:c5999]
2019-07-14 04:24:05,170 INFO  client.GrpcClientProtocolClient (GrpcClientProtocolClient.java:onNext(255)) - client-8DB4338F17D0->b5da6a4a-1459-46a4-9479-d2035163dbe2: receive RaftClientReply:client-8DB4338F17D0->b5da6a4a-1459-46a4-9479-d2035163dbe2@group-4A9565783204, cid=3947, SUCCESS, logIndex=0, commits[b5da6a4a-1459-46a4-9479-d2035163dbe2:c6003, 69c25b61-d669-4f17-b36d-41bca3df1f31:c6001, d2a7b1fa-fac6-4c6f-8c6d-9ac7414c70c3:c6001]
2019-07-14 04:24:05,193 INFO  client.GrpcClientProtocolClient (GrpcClientProtocolClient.java:onNext(255)) - client-8DB4338F17D0->b5da6a4a-1459-46a4-9479-d2035163dbe2: receive RaftClientReply:client-8DB4338F17D0->b5da6a4a-1459-46a4-9479-d2035163dbe2@group-4A9565783204, cid=3948, SUCCESS, logIndex=6004, commits[b5da6a4a-1459-46a4-9479-d2035163dbe2:c6005, 69c25b61-d669-4f17-b36d-41bca3df1f31:c6003, d2a7b1fa-fac6-4c6f-8c6d-9ac7414c70c3:c6001]
2019-07-14 04:24:05,193 INFO  client.GrpcClientProtocolClient (GrpcClientProtocolClient.java:onNext(255)) - client-8DB4338F17D0->b5da6a4a-1459-46a4-9479-d2035163dbe2: receive RaftClientReply:client-8DB4338F17D0->b5da6a4a-1459-46a4-9479-d2035163dbe2@group-4A9565783204, cid=3949, SUCCESS, logIndex=6005, commits[b5da6a4a-1459-46a4-9479-d2035163dbe2:c6005, 69c25b61-d669-4f17-b36d-41bca3df1f31:c6003, d2a7b1fa-fac6-4c6f-8c6d-9ac7414c70c3:c6001]
2019-07-14 04:24:05,196 INFO  client.GrpcClientProtocolClient (GrpcClientProtocolClient.java:onNext(255)) - client-8DB4338F17D0->b5da6a4a-1459-46a4-9479-d2035163dbe2: receive RaftClientReply:client-8DB4338F17D0->b5da6a4a-1459-46a4-9479-d2035163dbe2@group-4A9565783204, cid=3950, SUCCESS, logIndex=6006, commits[b5da6a4a-1459-46a4-9479-d2035163dbe2:c6006, 69c25b61-d669-4f17-b36d-41bca3df1f31:c6003, d2a7b1fa-fac6-4c6f-8c6d-9ac7414c70c3:c6003]
2019-07-14 04:24:05,196 INFO  client.GrpcClientProtocolClient (GrpcClientProtocolClient.java:onNext(255)) - client-8DB4338F17D0->b5da6a4a-1459-46a4-9479-d2035163dbe2: receive RaftClientReply:client-8DB4338F17D0->b5da6a4a-1459-46a4-9479-d2035163dbe2@group-4A9565783204, cid=3951, SUCCESS, logIndex=6007, commits[b5da6a4a-1459-46a4-9479-d2035163dbe2:c6007, 69c25b61-d669-4f17-b36d-41bca3df1f31:c6003, d2a7b1fa-fac6-4c6f-8c6d-9ac7414c70c3:c6003]
2019-07-14 04:24:05,200 INFO  client.GrpcClientProtocolClient (GrpcClientProtocolClient.java:onNext(255)) - client-8DB4338F17D0->b5da6a4a-1459-46a4-9479-d2035163dbe2: receive RaftClientReply:client-8DB4338F17D0->b5da6a4a-1459-46a4-9479-d2035163dbe2@group-4A9565783204, cid=3952, SUCCESS, logIndex=0, commits[b5da6a4a-1459-46a4-9479-d2035163dbe2:c6009, 69c25b61-d669-4f17-b36d-41bca3df1f31:c6005, d2a7b1fa-fac6-4c6f-8c6d-9ac7414c70c3:c6005]
2019-07-14 04:24:05,210 INFO  client.GrpcClientProtocolClient (GrpcClientProtocolClient.java:onNext(255)) - client-8DB4338F17D0->b5da6a4a-1459-46a4-9479-d2035163dbe2: receive RaftClientReply:client-8DB4338F17D0->b5da6a4a-1459-46a4-9479-d2035163dbe2@group-4A9565783204, cid=3953, SUCCESS, logIndex=6012, commits[b5da6a4a-1459-46a4-9479-d2035163dbe2:c6013, 69c25b61-d669-4f17-b36d-41bca3df1f31:c6011, d2a7b1fa-fac6-4c6f-8c6d-9ac7414c70c3:c6011]
2019-07-14 04:24:05,210 INFO  client.GrpcClientProtocolClient (GrpcClientProtocolClient.java:onNext(255)) - client-8DB4338F17D0->b5da6a4a-1459-46a4-9479-d2035163dbe2: receive RaftClientReply:client-8DB4338F17D0->b5da6a4a-1459-46a4-9479-d2035163dbe2@group-4A9565783204, cid=3954, SUCCESS, logIndex=6013, commits[b5da6a4a-1459-46a4-9479-d2035163dbe2:c6013, 69c25b61-d669-4f17-b36d-41bca3df1f31:c6011, d2a7b1fa-fac6-4c6f-8c6d-9ac7414c70c3:c6011]
2019-07-14 04:24:05,227 INFO  client.GrpcClientProtocolClient (GrpcClientProtocolClient.java:onNext(255)) - client-8DB4338F17D0->b5da6a4a-1459-46a4-9479-d2035163dbe2: receive RaftClientReply:client-8DB4338F17D0->b5da6a4a-1459-46a4-9479-d2035163dbe2@group-4A9565783204, cid=3955, SUCCESS, logIndex=6016, commits[b5da6a4a-1459-46a4-9479-d2035163dbe2:c6016, 69c25b61-d669-4f17-b36d-41bca3df1f31:c6015, d2a7b1fa-fac6-4c6f-8c6d-9ac7414c70c3:c6015]
2019-07-14 04:24:05,228 INFO  client.GrpcClientProtocolClient (GrpcClientProtocolClient.java:onNext(255)) - client-8DB4338F17D0->b5da6a4a-1459-46a4-9479-d2035163dbe2: receive RaftClientReply:client-8DB4338F17D0->b5da6a4a-1459-46a4-9479-d2035163dbe2@group-4A9565783204, cid=3956, SUCCESS, logIndex=6017, commits[b5da6a4a-1459-46a4-9479-d2035163dbe2:c6017, 69c25b61-d669-4f17-b36d-41bca3df1f31:c6015, d2a7b1fa-fac6-4c6f-8c6d-9ac7414c70c3:c6015]
2019-07-14 04:24:05,241 INFO  client.GrpcClientProtocolClient (GrpcClientProtocolClient.java:onNext(255)) - client-8DB4338F17D0->b5da6a4a-1459-46a4-9479-d2035163dbe2: receive RaftClientReply:client-8DB4338F17D0->b5da6a4a-1459-46a4-9479-d2035163dbe2@group-4A9565783204, cid=3957, SUCCESS, logIndex=0, commits[b5da6a4a-1459-46a4-9479-d2035163dbe2:c6018, 69c25b61-d669-4f17-b36d-41bca3df1f31:c6017, d2a7b1fa-fac6-4c6f-8c6d-9ac7414c70c3:c6017]
 0.00% |█                                                                                                    |  0/1 Time: 0:00:302019-07-14 04:24:05,272 INFO  client.GrpcClientProtocolClient (GrpcClientProtocolClient.java:onNext(255)) - client-8DB4338F17D0->b5da6a4a-1459-46a4-9479-d2035163dbe2: receive RaftClientReply:client-8DB4338F17D0->b5da6a4a-1459-46a4-9479-d2035163dbe2@group-4A9565783204, cid=3958, SUCCESS, logIndex=6020, commits[b5da6a4a-1459-46a4-9479-d2035163dbe2:c6022, 69c25b61-d669-4f17-b36d-41bca3df1f31:c6019, d2a7b1fa-fac6-4c6f-8c6d-9ac7414c70c3:c6019]
2019-07-14 04:24:05,272 INFO  client.GrpcClientProtocolClient (GrpcClientProtocolClient.java:onNext(255)) - client-8DB4338F17D0->b5da6a4a-1459-46a4-9479-d2035163dbe2: receive RaftClientReply:client-8DB4338F17D0->b5da6a4a-1459-46a4-9479-d2035163dbe2@group-4A9565783204, cid=3959, SUCCESS, logIndex=6021, commits[b5da6a4a-1459-46a4-9479-d2035163dbe2:c6023, 69c25b61-d669-4f17-b36d-41bca3df1f31:c6019, d2a7b1fa-fac6-4c6f-8c6d-9ac7414c70c3:c6019]
2019-07-14 04:24:05,272 INFO  client.GrpcClientProtocolClient (GrpcClientProtocolClient.java:onNext(255)) - client-8DB4338F17D0->b5da6a4a-1459-46a4-9479-d2035163dbe2: receive RaftClientReply:client-8DB4338F17D0->b5da6a4a-1459-46a4-9479-d2035163dbe2@group-4A9565783204, cid=3960, SUCCESS, logIndex=6022, commits[b5da6a4a-1459-46a4-9479-d2035163dbe2:c6023, 69c25b61-d669-4f17-b36d-41bca3df1f31:c6019, d2a7b1fa-fac6-4c6f-8c6d-9ac7414c70c3:c6019]
2019-07-14 04:24:05,272 INFO  client.GrpcClientProtocolClient (GrpcClientProtocolClient.java:onNext(255)) - client-8DB4338F17D0->b5da6a4a-1459-46a4-9479-d2035163dbe2: receive RaftClientReply:client-8DB4338F17D0->b5da6a4a-1459-46a4-9479-d2035163dbe2@group-4A9565783204, cid=3961, SUCCESS, logIndex=6023, commits[b5da6a4a-1459-46a4-9479-d2035163dbe2:c6023, 69c25b61-d669-4f17-b36d-41bca3df1f31:c6019, d2a7b1fa-fac6-4c6f-8c6d-9ac7414c70c3:c6019]
2019-07-14 04:24:05,285 INFO  client.GrpcClientProtocolClient (GrpcClientProtocolClient.java:onNext(255)) - client-8DB4338F17D0->b5da6a4a-1459-46a4-9479-d2035163dbe2: receive RaftClientReply:client-8DB4338F17D0->b5da6a4a-1459-46a4-9479-d2035163dbe2@group-4A9565783204, cid=3962, SUCCESS, logIndex=0, commits[b5da6a4a-1459-46a4-9479-d2035163dbe2:c6025, 69c25b61-d669-4f17-b36d-41bca3df1f31:c6021, d2a7b1fa-fac6-4c6f-8c6d-9ac7414c70c3:c6021]
2019-07-14 04:24:05,421 INFO  client.GrpcClientProtocolClient (GrpcClientProtocolClient.java:onNext(255)) - client-8DB4338F17D0->b5da6a4a-1459-46a4-9479-d2035163dbe2: receive RaftClientReply:client-8DB4338F17D0->b5da6a4a-1459-46a4-9479-d2035163dbe2@group-4A9565783204, cid=3963, SUCCESS, logIndex=6028, commits[b5da6a4a-1459-46a4-9479-d2035163dbe2:c6029, 69c25b61-d669-4f17-b36d-41bca3df1f31:c6027, d2a7b1fa-fac6-4c6f-8c6d-9ac7414c70c3:c6027]
2019-07-14 04:24:05,421 INFO  client.GrpcClientProtocolClient (GrpcClientProtocolClient.java:onNext(255)) - client-8DB4338F17D0->b5da6a4a-1459-46a4-9479-d2035163dbe2: receive RaftClientReply:client-8DB4338F17D0->b5da6a4a-1459-46a4-9479-d2035163dbe2@group-4A9565783204, cid=3964, SUCCESS, logIndex=6029, commits[b5da6a4a-1459-46a4-9479-d2035163dbe2:c6029, 69c25b61-d669-4f17-b36d-41bca3df1f31:c6027, d2a7b1fa-fac6-4c6f-8c6d-9ac7414c70c3:c6027]
2019-07-14 04:24:05,435 INFO  client.GrpcClientProtocolClient (GrpcClientProtocolClient.java:onNext(255)) - client-8DB4338F17D0->b5da6a4a-1459-46a4-9479-d2035163dbe2: receive RaftClientReply:client-8DB4338F17D0->b5da6a4a-1459-46a4-9479-d2035163dbe2@group-4A9565783204, cid=3965, SUCCESS, logIndex=6032, commits[b5da6a4a-1459-46a4-9479-d2035163dbe2:c6033, 69c25b61-d669-4f17-b36d-41bca3df1f31:c6029, d2a7b1fa-fac6-4c6f-8c6d-9ac7414c70c3:c6029]
2019-07-14 04:24:05,436 INFO  client.GrpcClientProtocolClient (GrpcClientProtocolClient.java:onNext(255)) - client-8DB4338F17D0->b5da6a4a-1459-46a4-9479-d2035163dbe2: receive RaftClientReply:client-8DB4338F17D0->b5da6a4a-1459-46a4-9479-d2035163dbe2@group-4A9565783204, cid=3966, SUCCESS, logIndex=6033, commits[b5da6a4a-1459-46a4-9479-d2035163dbe2:c6033, 69c25b61-d669-4f17-b36d-41bca3df1f31:c6029, d2a7b1fa-fac6-4c6f-8c6d-9ac7414c70c3:c6029]
2019-07-14 04:24:05,439 INFO  client.GrpcClientProtocolClient (GrpcClientProtocolClient.java:onNext(255)) - client-8DB4338F17D0->b5da6a4a-1459-46a4-9479-d2035163dbe2: receive RaftClientReply:client-8DB4338F17D0->b5da6a4a-1459-46a4-9479-d2035163dbe2@group-4A9565783204, cid=3967, SUCCESS, logIndex=0, commits[b5da6a4a-1459-46a4-9479-d2035163dbe2:c6034, 69c25b61-d669-4f17-b36d-41bca3df1f31:c6033, d2a7b1fa-fac6-4c6f-8c6d-9ac7414c70c3:c6033]
2019-07-14 04:24:05,466 INFO  client.GrpcClientProtocolClient (GrpcClientProtocolClient.java:onNext(255)) - client-8DB4338F17D0->b5da6a4a-1459-46a4-9479-d2035163dbe2: receive RaftClientReply:client-8DB4338F17D0->b5da6a4a-1459-46a4-9479-d2035163dbe2@group-4A9565783204, cid=3968, SUCCESS, logIndex=6036, commits[b5da6a4a-1459-46a4-9479-d2035163dbe2:c6037, 69c25b61-d669-4f17-b36d-41bca3df1f31:c6033, d2a7b1fa-fac6-4c6f-8c6d-9ac7414c70c3:c6035]
2019-07-14 04:24:05,467 INFO  client.GrpcClientProtocolClient (GrpcClientProtocolClient.java:onNext(255)) - client-8DB4338F17D0->b5da6a4a-1459-46a4-9479-d2035163dbe2: receive RaftClientReply:client-8DB4338F17D0->b5da6a4a-1459-46a4-9479-d2035163dbe2@group-4A9565783204, cid=3969, SUCCESS, logIndex=6037, commits[b5da6a4a-1459-46a4-9479-d2035163dbe2:c6037, 69c25b61-d669-4f17-b36d-41bca3df1f31:c6033, d2a7b1fa-fac6-4c6f-8c6d-9ac7414c70c3:c6035]
2019-07-14 04:24:05,476 INFO  client.GrpcClientProtocolClient (GrpcClientProtocolClient.java:onNext(255)) - client-8DB4338F17D0->b5da6a4a-1459-46a4-9479-d2035163dbe2: receive RaftClientReply:client-8DB4338F17D0->b5da6a4a-1459-46a4-9479-d2035163dbe2@group-4A9565783204, cid=3970, SUCCESS, logIndex=6038, commits[b5da6a4a-1459-46a4-9479-d2035163dbe2:c6039, 69c25b61-d669-4f17-b36d-41bca3df1f31:c6035, d2a7b1fa-fac6-4c6f-8c6d-9ac7414c70c3:c6035]
2019-07-14 04:24:05,477 INFO  client.GrpcClientProtocolClient (GrpcClientProtocolClient.java:onNext(255)) - client-8DB4338F17D0->b5da6a4a-1459-46a4-9479-d2035163dbe2: receive RaftClientReply:client-8DB4338F17D0->b5da6a4a-1459-46a4-9479-d2035163dbe2@group-4A9565783204, cid=3971, SUCCESS, logIndex=6039, commits[b5da6a4a-1459-46a4-9479-d2035163dbe2:c6041, 69c25b61-d669-4f17-b36d-41bca3df1f31:c6035, d2a7b1fa-fac6-4c6f-8c6d-9ac7414c70c3:c6037]
2019-07-14 04:24:05,478 INFO  client.GrpcClientProtocolClient (GrpcClientProtocolClient.java:onNext(255)) - client-8DB4338F17D0->b5da6a4a-1459-46a4-9479-d2035163dbe2: receive RaftClientReply:client-8DB4338F17D0->b5da6a4a-1459-46a4-9479-d2035163dbe2@group-4A9565783204, cid=3972, SUCCESS, logIndex=0, commits[b5da6a4a-1459-46a4-9479-d2035163dbe2:c6042, 69c25b61-d669-4f17-b36d-41bca3df1f31:c6037, d2a7b1fa-fac6-4c6f-8c6d-9ac7414c70c3:c6038]
2019-07-14 04:24:05,498 INFO  client.GrpcClientProtocolClient (GrpcClientProtocolClient.java:onNext(255)) - client-8DB4338F17D0->b5da6a4a-1459-46a4-9479-d2035163dbe2: receive RaftClientReply:client-8DB4338F17D0->b5da6a4a-1459-46a4-9479-d2035163dbe2@group-4A9565783204, cid=3973, SUCCESS, logIndex=6044, commits[b5da6a4a-1459-46a4-9479-d2035163dbe2:c6045, 69c25b61-d669-4f17-b36d-41bca3df1f31:c6043, d2a7b1fa-fac6-4c6f-8c6d-9ac7414c70c3:c6043]
2019-07-14 04:24:05,498 INFO  client.GrpcClientProtocolClient (GrpcClientProtocolClient.java:onNext(255)) - client-8DB4338F17D0->b5da6a4a-1459-46a4-9479-d2035163dbe2: receive RaftClientReply:client-8DB4338F17D0->b5da6a4a-1459-46a4-9479-d2035163dbe2@group-4A9565783204, cid=3974, SUCCESS, logIndex=6045, commits[b5da6a4a-1459-46a4-9479-d2035163dbe2:c6045, 69c25b61-d669-4f17-b36d-41bca3df1f31:c6043, d2a7b1fa-fac6-4c6f-8c6d-9ac7414c70c3:c6043]
2019-07-14 04:24:05,517 INFO  client.GrpcClientProtocolClient (GrpcClientProtocolClient.java:onNext(255)) - client-8DB4338F17D0->b5da6a4a-1459-46a4-9479-d2035163dbe2: receive RaftClientReply:client-8DB4338F17D0->b5da6a4a-1459-46a4-9479-d2035163dbe2@group-4A9565783204, cid=3975, SUCCESS, logIndex=6048, commits[b5da6a4a-1459-46a4-9479-d2035163dbe2:c6049, 69c25b61-d669-4f17-b36d-41bca3df1f31:c6047, d2a7b1fa-fac6-4c6f-8c6d-9ac7414c70c3:c6047]
2019-07-14 04:24:05,517 INFO  client.GrpcClientProtocolClient (GrpcClientProtocolClient.java:onNext(255)) - client-8DB4338F17D0->b5da6a4a-1459-46a4-9479-d2035163dbe2: receive RaftClientReply:client-8DB4338F17D0->b5da6a4a-1459-46a4-9479-d2035163dbe2@group-4A9565783204, cid=3976, SUCCESS, logIndex=6049, commits[b5da6a4a-1459-46a4-9479-d2035163dbe2:c6049, 69c25b61-d669-4f17-b36d-41bca3df1f31:c6047, d2a7b1fa-fac6-4c6f-8c6d-9ac7414c70c3:c6047]
2019-07-14 04:24:05,522 INFO  client.GrpcClientProtocolClient (GrpcClientProtocolClient.java:onNext(255)) - client-8DB4338F17D0->b5da6a4a-1459-46a4-9479-d2035163dbe2: receive RaftClientReply:client-8DB4338F17D0->b5da6a4a-1459-46a4-9479-d2035163dbe2@group-4A9565783204, cid=3977, SUCCESS, logIndex=0, commits[b5da6a4a-1459-46a4-9479-d2035163dbe2:c6051, 69c25b61-d669-4f17-b36d-41bca3df1f31:c6049, d2a7b1fa-fac6-4c6f-8c6d-9ac7414c70c3:c6049]
2019-07-14 04:24:05,555 INFO  client.GrpcClientProtocolClient (GrpcClientProtocolClient.java:onNext(255)) - client-8DB4338F17D0->b5da6a4a-1459-46a4-9479-d2035163dbe2: receive RaftClientReply:client-8DB4338F17D0->b5da6a4a-1459-46a4-9479-d2035163dbe2@group-4A9565783204, cid=3978, SUCCESS, logIndex=6052, commits[b5da6a4a-1459-46a4-9479-d2035163dbe2:c6053, 69c25b61-d669-4f17-b36d-41bca3df1f31:c6051, d2a7b1fa-fac6-4c6f-8c6d-9ac7414c70c3:c6051]
2019-07-14 04:24:05,555 INFO  client.GrpcClientProtocolClient (GrpcClientProtocolClient.java:onNext(255)) - client-8DB4338F17D0->b5da6a4a-1459-46a4-9479-d2035163dbe2: receive RaftClientReply:client-8DB4338F17D0->b5da6a4a-1459-46a4-9479-d2035163dbe2@group-4A9565783204, cid=3979, SUCCESS, logIndex=6053, commits[b5da6a4a-1459-46a4-9479-d2035163dbe2:c6055, 69c25b61-d669-4f17-b36d-41bca3df1f31:c6051, d2a7b1fa-fac6-4c6f-8c6d-9ac7414c70c3:c6051]
2019-07-14 04:24:05,556 INFO  client.GrpcClientProtocolClient (GrpcClientProtocolClient.java:onNext(255)) - client-8DB4338F17D0->b5da6a4a-1459-46a4-9479-d2035163dbe2: receive RaftClientReply:client-8DB4338F17D0->b5da6a4a-1459-46a4-9479-d2035163dbe2@group-4A9565783204, cid=3980, SUCCESS, logIndex=6054, commits[b5da6a4a-1459-46a4-9479-d2035163dbe2:c6055, 69c25b61-d669-4f17-b36d-41bca3df1f31:c6051, d2a7b1fa-fac6-4c6f-8c6d-9ac7414c70c3:c6051]
2019-07-14 04:24:05,556 INFO  client.GrpcClientProtocolClient (GrpcClientProtocolClient.java:onNext(255)) - client-8DB4338F17D0->b5da6a4a-1459-46a4-9479-d2035163dbe2: receive RaftClientReply:client-8DB4338F17D0->b5da6a4a-1459-46a4-9479-d2035163dbe2@group-4A9565783204, cid=3981, SUCCESS, logIndex=6055, commits[b5da6a4a-1459-46a4-9479-d2035163dbe2:c6055, 69c25b61-d669-4f17-b36d-41bca3df1f31:c6051, d2a7b1fa-fac6-4c6f-8c6d-9ac7414c70c3:c6051]
2019-07-14 04:24:05,560 INFO  client.GrpcClientProtocolClient (GrpcClientProtocolClient.java:onNext(255)) - client-8DB4338F17D0->b5da6a4a-1459-46a4-9479-d2035163dbe2: receive RaftClientReply:client-8DB4338F17D0->b5da6a4a-1459-46a4-9479-d2035163dbe2@group-4A9565783204, cid=3982, SUCCESS, logIndex=0, commits[b5da6a4a-1459-46a4-9479-d2035163dbe2:c6059, 69c25b61-d669-4f17-b36d-41bca3df1f31:c6053, d2a7b1fa-fac6-4c6f-8c6d-9ac7414c70c3:c6055]
2019-07-14 04:24:05,578 INFO  client.GrpcClientProtocolClient (GrpcClientProtocolClient.java:onNext(255)) - client-8DB4338F17D0->b5da6a4a-1459-46a4-9479-d2035163dbe2: receive RaftClientReply:client-8DB4338F17D0->b5da6a4a-1459-46a4-9479-d2035163dbe2@group-4A9565783204, cid=3983, SUCCESS, logIndex=6060, commits[b5da6a4a-1459-46a4-9479-d2035163dbe2:c6061, 69c25b61-d669-4f17-b36d-41bca3df1f31:c6059, d2a7b1fa-fac6-4c6f-8c6d-9ac7414c70c3:c6059]
2019-07-14 04:24:05,579 INFO  client.GrpcClientProtocolClient (GrpcClientProtocolClient.java:onNext(255)) - client-8DB4338F17D0->b5da6a4a-1459-46a4-9479-d2035163dbe2: receive RaftClientReply:client-8DB4338F17D0->b5da6a4a-1459-46a4-9479-d2035163dbe2@group-4A9565783204, cid=3984, SUCCESS, logIndex=6061, commits[b5da6a4a-1459-46a4-9479-d2035163dbe2:c6061, 69c25b61-d669-4f17-b36d-41bca3df1f31:c6059, d2a7b1fa-fac6-4c6f-8c6d-9ac7414c70c3:c6059]
2019-07-14 04:24:05,590 INFO  client.GrpcClientProtocolClient (GrpcClientProtocolClient.java:onNext(255)) - client-8DB4338F17D0->b5da6a4a-1459-46a4-9479-d2035163dbe2: receive RaftClientReply:client-8DB4338F17D0->b5da6a4a-1459-46a4-9479-d2035163dbe2@group-4A9565783204, cid=3985, SUCCESS, logIndex=6064, commits[b5da6a4a-1459-46a4-9479-d2035163dbe2:c6065, 69c25b61-d669-4f17-b36d-41bca3df1f31:c6063, d2a7b1fa-fac6-4c6f-8c6d-9ac7414c70c3:c6061]
2019-07-14 04:24:05,590 INFO  client.GrpcClientProtocolClient (GrpcClientProtocolClient.java:onNext(255)) - client-8DB4338F17D0->b5da6a4a-1459-46a4-9479-d2035163dbe2: receive RaftClientReply:client-8DB4338F17D0->b5da6a4a-1459-46a4-9479-d2035163dbe2@group-4A9565783204, cid=3986, SUCCESS, logIndex=6065, commits[b5da6a4a-1459-46a4-9479-d2035163dbe2:c6065, 69c25b61-d669-4f17-b36d-41bca3df1f31:c6063, d2a7b1fa-fac6-4c6f-8c6d-9ac7414c70c3:c6063]
2019-07-14 04:24:05,592 INFO  client.GrpcClientProtocolClient (GrpcClientProtocolClient.java:onNext(255)) - client-8DB4338F17D0->b5da6a4a-1459-46a4-9479-d2035163dbe2: receive RaftClientReply:client-8DB4338F17D0->b5da6a4a-1459-46a4-9479-d2035163dbe2@group-4A9565783204, cid=3987, SUCCESS, logIndex=0, commits[b5da6a4a-1459-46a4-9479-d2035163dbe2:c6066, 69c25b61-d669-4f17-b36d-41bca3df1f31:c6065, d2a7b1fa-fac6-4c6f-8c6d-9ac7414c70c3:c6065]
2019-07-14 04:24:05,625 INFO  client.GrpcClientProtocolClient (GrpcClientProtocolClient.java:onNext(255)) - client-8DB4338F17D0->b5da6a4a-1459-46a4-9479-d2035163dbe2: receive RaftClientReply:client-8DB4338F17D0->b5da6a4a-1459-46a4-9479-d2035163dbe2@group-4A9565783204, cid=3988, SUCCESS, logIndex=6068, commits[b5da6a4a-1459-46a4-9479-d2035163dbe2:c6069, 69c25b61-d669-4f17-b36d-41bca3df1f31:c6067, d2a7b1fa-fac6-4c6f-8c6d-9ac7414c70c3:c6067]
2019-07-14 04:24:05,625 INFO  client.GrpcClientProtocolClient (GrpcClientProtocolClient.java:onNext(255)) - client-8DB4338F17D0->b5da6a4a-1459-46a4-9479-d2035163dbe2: receive RaftClientReply:client-8DB4338F17D0->b5da6a4a-1459-46a4-9479-d2035163dbe2@group-4A9565783204, cid=3989, SUCCESS, logIndex=6069, commits[b5da6a4a-1459-46a4-9479-d2035163dbe2:c6069, 69c25b61-d669-4f17-b36d-41bca3df1f31:c6067, d2a7b1fa-fac6-4c6f-8c6d-9ac7414c70c3:c6067]
2019-07-14 04:24:05,635 INFO  client.GrpcClientProtocolClient (GrpcClientProtocolClient.java:onNext(255)) - client-8DB4338F17D0->b5da6a4a-1459-46a4-9479-d2035163dbe2: receive RaftClientReply:client-8DB4338F17D0->b5da6a4a-1459-46a4-9479-d2035163dbe2@group-4A9565783204, cid=3990, SUCCESS, logIndex=6070, commits[b5da6a4a-1459-46a4-9479-d2035163dbe2:c6071, 69c25b61-d669-4f17-b36d-41bca3df1f31:c6067, d2a7b1fa-fac6-4c6f-8c6d-9ac7414c70c3:c6067]
2019-07-14 04:24:05,636 INFO  client.GrpcClientProtocolClient (GrpcClientProtocolClient.java:onNext(255)) - client-8DB4338F17D0->b5da6a4a-1459-46a4-9479-d2035163dbe2: receive RaftClientReply:client-8DB4338F17D0->b5da6a4a-1459-46a4-9479-d2035163dbe2@group-4A9565783204, cid=3991, SUCCESS, logIndex=6071, commits[b5da6a4a-1459-46a4-9479-d2035163dbe2:c6071, 69c25b61-d669-4f17-b36d-41bca3df1f31:c6067, d2a7b1fa-fac6-4c6f-8c6d-9ac7414c70c3:c6067]
2019-07-14 04:24:05,641 INFO  client.GrpcClientProtocolClient (GrpcClientProtocolClient.java:onNext(255)) - client-8DB4338F17D0->b5da6a4a-1459-46a4-9479-d2035163dbe2: receive RaftClientReply:client-8DB4338F17D0->b5da6a4a-1459-46a4-9479-d2035163dbe2@group-4A9565783204, cid=3992, SUCCESS, logIndex=0, commits[b5da6a4a-1459-46a4-9479-d2035163dbe2:c6075, 69c25b61-d669-4f17-b36d-41bca3df1f31:c6069, d2a7b1fa-fac6-4c6f-8c6d-9ac7414c70c3:c6071]
2019-07-14 04:24:05,659 INFO  client.GrpcClientProtocolClient (GrpcClientProtocolClient.java:onNext(255)) - client-8DB4338F17D0->b5da6a4a-1459-46a4-9479-d2035163dbe2: receive RaftClientReply:client-8DB4338F17D0->b5da6a4a-1459-46a4-9479-d2035163dbe2@group-4A9565783204, cid=3993, SUCCESS, logIndex=6076, commits[b5da6a4a-1459-46a4-9479-d2035163dbe2:c6077, 69c25b61-d669-4f17-b36d-41bca3df1f31:c6075, d2a7b1fa-fac6-4c6f-8c6d-9ac7414c70c3:c6075]
2019-07-14 04:24:05,660 INFO  client.GrpcClientProtocolClient (GrpcClientProtocolClient.java:onNext(255)) - client-8DB4338F17D0->b5da6a4a-1459-46a4-9479-d2035163dbe2: receive RaftClientReply:client-8DB4338F17D0->b5da6a4a-1459-46a4-9479-d2035163dbe2@group-4A9565783204, cid=3994, SUCCESS, logIndex=6077, commits[b5da6a4a-1459-46a4-9479-d2035163dbe2:c6077, 69c25b61-d669-4f17-b36d-41bca3df1f31:c6075, d2a7b1fa-fac6-4c6f-8c6d-9ac7414c70c3:c6075]
2019-07-14 04:24:05,672 INFO  client.GrpcClientProtocolClient (GrpcClientProtocolClient.java:onNext(255)) - client-8DB4338F17D0->b5da6a4a-1459-46a4-9479-d2035163dbe2: receive RaftClientReply:client-8DB4338F17D0->b5da6a4a-1459-46a4-9479-d2035163dbe2@group-4A9565783204, cid=3995, SUCCESS, logIndex=6080, commits[b5da6a4a-1459-46a4-9479-d2035163dbe2:c6081, 69c25b61-d669-4f17-b36d-41bca3df1f31:c6077, d2a7b1fa-fac6-4c6f-8c6d-9ac7414c70c3:c6077]
2019-07-14 04:24:05,673 INFO  client.GrpcClientProtocolClient (GrpcClientProtocolClient.java:onNext(255)) - client-8DB4338F17D0->b5da6a4a-1459-46a4-9479-d2035163dbe2: receive RaftClientReply:client-8DB4338F17D0->b5da6a4a-1459-46a4-9479-d2035163dbe2@group-4A9565783204, cid=3996, SUCCESS, logIndex=6081, commits[b5da6a4a-1459-46a4-9479-d2035163dbe2:c6081, 69c25b61-d669-4f17-b36d-41bca3df1f31:c6077, d2a7b1fa-fac6-4c6f-8c6d-9ac7414c70c3:c6077]
2019-07-14 04:24:05,685 INFO  client.GrpcClientProtocolClient (GrpcClientProtocolClient.java:onNext(255)) - client-8DB4338F17D0->b5da6a4a-1459-46a4-9479-d2035163dbe2: receive RaftClientReply:client-8DB4338F17D0->b5da6a4a-1459-46a4-9479-d2035163dbe2@group-4A9565783204, cid=3997, SUCCESS, logIndex=0, commits[b5da6a4a-1459-46a4-9479-d2035163dbe2:c6083, 69c25b61-d669-4f17-b36d-41bca3df1f31:c6081, d2a7b1fa-fac6-4c6f-8c6d-9ac7414c70c3:c6081]
2019-07-14 04:24:05,707 INFO  client.GrpcClientProtocolClient (GrpcClientProtocolClient.java:onNext(255)) - client-8DB4338F17D0->b5da6a4a-1459-46a4-9479-d2035163dbe2: receive RaftClientReply:client-8DB4338F17D0->b5da6a4a-1459-46a4-9479-d2035163dbe2@group-4A9565783204, cid=3998, SUCCESS, logIndex=6084, commits[b5da6a4a-1459-46a4-9479-d2035163dbe2:c6085, 69c25b61-d669-4f17-b36d-41bca3df1f31:c6081, d2a7b1fa-fac6-4c6f-8c6d-9ac7414c70c3:c6083]
2019-07-14 04:24:05,708 INFO  client.GrpcClientProtocolClient (GrpcClientProtocolClient.java:onNext(255)) - client-8DB4338F17D0->b5da6a4a-1459-46a4-9479-d2035163dbe2: receive RaftClientReply:client-8DB4338F17D0->b5da6a4a-1459-46a4-9479-d2035163dbe2@group-4A9565783204, cid=3999, SUCCESS, logIndex=6085, commits[b5da6a4a-1459-46a4-9479-d2035163dbe2:c6085, 69c25b61-d669-4f17-b36d-41bca3df1f31:c6083, d2a7b1fa-fac6-4c6f-8c6d-9ac7414c70c3:c6083]
2019-07-14 04:24:05,710 INFO  client.GrpcClientProtocolClient (GrpcClientProtocolClient.java:onNext(255)) - client-8DB4338F17D0->b5da6a4a-1459-46a4-9479-d2035163dbe2: receive RaftClientReply:client-8DB4338F17D0->b5da6a4a-1459-46a4-9479-d2035163dbe2@group-4A9565783204, cid=4000, SUCCESS, logIndex=6086, commits[b5da6a4a-1459-46a4-9479-d2035163dbe2:c6087, 69c25b61-d669-4f17-b36d-41bca3df1f31:c6083, d2a7b1fa-fac6-4c6f-8c6d-9ac7414c70c3:c6085]
2019-07-14 04:24:05,710 INFO  client.GrpcClientProtocolClient (GrpcClientProtocolClient.java:onNext(255)) - client-8DB4338F17D0->b5da6a4a-1459-46a4-9479-d2035163dbe2: receive RaftClientReply:client-8DB4338F17D0->b5da6a4a-1459-46a4-9479-d2035163dbe2@group-4A9565783204, cid=4001, SUCCESS, logIndex=6087, commits[b5da6a4a-1459-46a4-9479-d2035163dbe2:c6089, 69c25b61-d669-4f17-b36d-41bca3df1f31:c6083, d2a7b1fa-fac6-4c6f-8c6d-9ac7414c70c3:c6085]
2019-07-14 04:24:05,711 INFO  client.GrpcClientProtocolClient (GrpcClientProtocolClient.java:onNext(255)) - client-8DB4338F17D0->b5da6a4a-1459-46a4-9479-d2035163dbe2: receive RaftClientReply:client-8DB4338F17D0->b5da6a4a-1459-46a4-9479-d2035163dbe2@group-4A9565783204, cid=4002, SUCCESS, logIndex=0, commits[b5da6a4a-1459-46a4-9479-d2035163dbe2:c6089, 69c25b61-d669-4f17-b36d-41bca3df1f31:c6085, d2a7b1fa-fac6-4c6f-8c6d-9ac7414c70c3:c6085]
2019-07-14 04:24:05,723 INFO  client.GrpcClientProtocolClient (GrpcClientProtocolClient.java:onNext(255)) - client-8DB4338F17D0->b5da6a4a-1459-46a4-9479-d2035163dbe2: receive RaftClientReply:client-8DB4338F17D0->b5da6a4a-1459-46a4-9479-d2035163dbe2@group-4A9565783204, cid=4003, SUCCESS, logIndex=6092, commits[b5da6a4a-1459-46a4-9479-d2035163dbe2:c6093, 69c25b61-d669-4f17-b36d-41bca3df1f31:c6091, d2a7b1fa-fac6-4c6f-8c6d-9ac7414c70c3:c6087]
2019-07-14 04:24:05,723 INFO  client.GrpcClientProtocolClient (GrpcClientProtocolClient.java:onNext(255)) - client-8DB4338F17D0->b5da6a4a-1459-46a4-9479-d2035163dbe2: receive RaftClientReply:client-8DB4338F17D0->b5da6a4a-1459-46a4-9479-d2035163dbe2@group-4A9565783204, cid=4004, SUCCESS, logIndex=6093, commits[b5da6a4a-1459-46a4-9479-d2035163dbe2:c6093, 69c25b61-d669-4f17-b36d-41bca3df1f31:c6091, d2a7b1fa-fac6-4c6f-8c6d-9ac7414c70c3:c6091]
2019-07-14 04:24:05,740 INFO  client.GrpcClientProtocolClient (GrpcClientProtocolClient.java:onNext(255)) - client-8DB4338F17D0->b5da6a4a-1459-46a4-9479-d2035163dbe2: receive RaftClientReply:client-8DB4338F17D0->b5da6a4a-1459-46a4-9479-d2035163dbe2@group-4A9565783204, cid=4005, SUCCESS, logIndex=6096, commits[b5da6a4a-1459-46a4-9479-d2035163dbe2:c6097, 69c25b61-d669-4f17-b36d-41bca3df1f31:c6093, d2a7b1fa-fac6-4c6f-8c6d-9ac7414c70c3:c6095]
2019-07-14 04:24:05,741 INFO  client.GrpcClientProtocolClient (GrpcClientProtocolClient.java:onNext(255)) - client-8DB4338F17D0->b5da6a4a-1459-46a4-9479-d2035163dbe2: receive RaftClientReply:client-8DB4338F17D0->b5da6a4a-1459-46a4-9479-d2035163dbe2@group-4A9565783204, cid=4006, SUCCESS, logIndex=6097, commits[b5da6a4a-1459-46a4-9479-d2035163dbe2:c6097, 69c25b61-d669-4f17-b36d-41bca3df1f31:c6095, d2a7b1fa-fac6-4c6f-8c6d-9ac7414c70c3:c6095]
2019-07-14 04:24:05,743 INFO  client.GrpcClientProtocolClient (GrpcClientProtocolClient.java:onNext(255)) - client-8DB4338F17D0->b5da6a4a-1459-46a4-9479-d2035163dbe2: receive RaftClientReply:client-8DB4338F17D0->b5da6a4a-1459-46a4-9479-d2035163dbe2@group-4A9565783204, cid=4007, SUCCESS, logIndex=0, commits[b5da6a4a-1459-46a4-9479-d2035163dbe2:c6099, 69c25b61-d669-4f17-b36d-41bca3df1f31:c6097, d2a7b1fa-fac6-4c6f-8c6d-9ac7414c70c3:c6097]
2019-07-14 04:24:05,766 INFO  client.GrpcClientProtocolClient (GrpcClientProtocolClient.java:onNext(255)) - client-8DB4338F17D0->b5da6a4a-1459-46a4-9479-d2035163dbe2: receive RaftClientReply:client-8DB4338F17D0->b5da6a4a-1459-46a4-9479-d2035163dbe2@group-4A9565783204, cid=4008, SUCCESS, logIndex=6100, commits[b5da6a4a-1459-46a4-9479-d2035163dbe2:c6101, 69c25b61-d669-4f17-b36d-41bca3df1f31:c6097, d2a7b1fa-fac6-4c6f-8c6d-9ac7414c70c3:c6099]
2019-07-14 04:24:05,767 INFO  client.GrpcClientProtocolClient (GrpcClientProtocolClient.java:onNext(255)) - client-8DB4338F17D0->b5da6a4a-1459-46a4-9479-d2035163dbe2: receive RaftClientReply:client-8DB4338F17D0->b5da6a4a-1459-46a4-9479-d2035163dbe2@group-4A9565783204, cid=4009, SUCCESS, logIndex=6101, commits[b5da6a4a-1459-46a4-9479-d2035163dbe2:c6101, 69c25b61-d669-4f17-b36d-41bca3df1f31:c6097, d2a7b1fa-fac6-4c6f-8c6d-9ac7414c70c3:c6099]
2019-07-14 04:24:05,770 INFO  client.GrpcClientProtocolClient (GrpcClientProtocolClient.java:onNext(255)) - client-8DB4338F17D0->b5da6a4a-1459-46a4-9479-d2035163dbe2: receive RaftClientReply:client-8DB4338F17D0->b5da6a4a-1459-46a4-9479-d2035163dbe2@group-4A9565783204, cid=4010, SUCCESS, logIndex=6102, commits[b5da6a4a-1459-46a4-9479-d2035163dbe2:c6102, 69c25b61-d669-4f17-b36d-41bca3df1f31:c6099, d2a7b1fa-fac6-4c6f-8c6d-9ac7414c70c3:c6099]
2019-07-14 04:24:05,770 INFO  client.GrpcClientProtocolClient (GrpcClientProtocolClient.java:onNext(255)) - client-8DB4338F17D0->b5da6a4a-1459-46a4-9479-d2035163dbe2: receive RaftClientReply:client-8DB4338F17D0->b5da6a4a-1459-46a4-9479-d2035163dbe2@group-4A9565783204, cid=4011, SUCCESS, logIndex=6103, commits[b5da6a4a-1459-46a4-9479-d2035163dbe2:c6105, 69c25b61-d669-4f17-b36d-41bca3df1f31:c6101, d2a7b1fa-fac6-4c6f-8c6d-9ac7414c70c3:c6099]
2019-07-14 04:24:05,771 INFO  client.GrpcClientProtocolClient (GrpcClientProtocolClient.java:onNext(255)) - client-8DB4338F17D0->b5da6a4a-1459-46a4-9479-d2035163dbe2: receive RaftClientReply:client-8DB4338F17D0->b5da6a4a-1459-46a4-9479-d2035163dbe2@group-4A9565783204, cid=4012, SUCCESS, logIndex=0, commits[b5da6a4a-1459-46a4-9479-d2035163dbe2:c6105, 69c25b61-d669-4f17-b36d-41bca3df1f31:c6101, d2a7b1fa-fac6-4c6f-8c6d-9ac7414c70c3:c6101]
2019-07-14 04:24:05,785 INFO  client.GrpcClientProtocolClient (GrpcClientProtocolClient.java:onNext(255)) - client-8DB4338F17D0->b5da6a4a-1459-46a4-9479-d2035163dbe2: receive RaftClientReply:client-8DB4338F17D0->b5da6a4a-1459-46a4-9479-d2035163dbe2@group-4A9565783204, cid=4013, SUCCESS, logIndex=6107, commits[b5da6a4a-1459-46a4-9479-d2035163dbe2:c6107, 69c25b61-d669-4f17-b36d-41bca3df1f31:c6105, d2a7b1fa-fac6-4c6f-8c6d-9ac7414c70c3:c6105]
2019-07-14 04:24:05,785 INFO  client.GrpcClientProtocolClient (GrpcClientProtocolClient.java:onNext(255)) - client-8DB4338F17D0->b5da6a4a-1459-46a4-9479-d2035163dbe2: receive RaftClientReply:client-8DB4338F17D0->b5da6a4a-1459-46a4-9479-d2035163dbe2@group-4A9565783204, cid=4014, SUCCESS, logIndex=6108, commits[b5da6a4a-1459-46a4-9479-d2035163dbe2:c6108, 69c25b61-d669-4f17-b36d-41bca3df1f31:c6105, d2a7b1fa-fac6-4c6f-8c6d-9ac7414c70c3:c6105]
2019-07-14 04:24:05,796 INFO  client.GrpcClientProtocolClient (GrpcClientProtocolClient.java:onNext(255)) - client-8DB4338F17D0->b5da6a4a-1459-46a4-9479-d2035163dbe2: receive RaftClientReply:client-8DB4338F17D0->b5da6a4a-1459-46a4-9479-d2035163dbe2@group-4A9565783204, cid=4015, SUCCESS, logIndex=6111, commits[b5da6a4a-1459-46a4-9479-d2035163dbe2:c6112, 69c25b61-d669-4f17-b36d-41bca3df1f31:c6108, d2a7b1fa-fac6-4c6f-8c6d-9ac7414c70c3:c6108]
2019-07-14 04:24:05,796 INFO  client.GrpcClientProtocolClient (GrpcClientProtocolClient.java:onNext(255)) - client-8DB4338F17D0->b5da6a4a-1459-46a4-9479-d2035163dbe2: receive RaftClientReply:client-8DB4338F17D0->b5da6a4a-1459-46a4-9479-d2035163dbe2@group-4A9565783204, cid=4016, SUCCESS, logIndex=6112, commits[b5da6a4a-1459-46a4-9479-d2035163dbe2:c6112, 69c25b61-d669-4f17-b36d-41bca3df1f31:c6108, d2a7b1fa-fac6-4c6f-8c6d-9ac7414c70c3:c6108]
2019-07-14 04:24:05,809 INFO  client.GrpcClientProtocolClient (GrpcClientProtocolClient.java:onNext(255)) - client-8DB4338F17D0->b5da6a4a-1459-46a4-9479-d2035163dbe2: receive RaftClientReply:client-8DB4338F17D0->b5da6a4a-1459-46a4-9479-d2035163dbe2@group-4A9565783204, cid=4017, SUCCESS, logIndex=0, commits[b5da6a4a-1459-46a4-9479-d2035163dbe2:c6113, 69c25b61-d669-4f17-b36d-41bca3df1f31:c6112, d2a7b1fa-fac6-4c6f-8c6d-9ac7414c70c3:c6112]
2019-07-14 04:24:05,843 INFO  client.GrpcClientProtocolClient (GrpcClientProtocolClient.java:onNext(255)) - client-8DB4338F17D0->b5da6a4a-1459-46a4-9479-d2035163dbe2: receive RaftClientReply:client-8DB4338F17D0->b5da6a4a-1459-46a4-9479-d2035163dbe2@group-4A9565783204, cid=4018, SUCCESS, logIndex=6115, commits[b5da6a4a-1459-46a4-9479-d2035163dbe2:c6116, 69c25b61-d669-4f17-b36d-41bca3df1f31:c6114, d2a7b1fa-fac6-4c6f-8c6d-9ac7414c70c3:c6114]
2019-07-14 04:24:05,843 INFO  client.GrpcClientProtocolClient (GrpcClientProtocolClient.java:onNext(255)) - client-8DB4338F17D0->b5da6a4a-1459-46a4-9479-d2035163dbe2: receive RaftClientReply:client-8DB4338F17D0->b5da6a4a-1459-46a4-9479-d2035163dbe2@group-4A9565783204, cid=4019, SUCCESS, logIndex=6116, commits[b5da6a4a-1459-46a4-9479-d2035163dbe2:c6118, 69c25b61-d669-4f17-b36d-41bca3df1f31:c6114, d2a7b1fa-fac6-4c6f-8c6d-9ac7414c70c3:c6114]
2019-07-14 04:24:05,844 INFO  client.GrpcClientProtocolClient (GrpcClientProtocolClient.java:onNext(255)) - client-8DB4338F17D0->b5da6a4a-1459-46a4-9479-d2035163dbe2: receive RaftClientReply:client-8DB4338F17D0->b5da6a4a-1459-46a4-9479-d2035163dbe2@group-4A9565783204, cid=4020, SUCCESS, logIndex=6117, commits[b5da6a4a-1459-46a4-9479-d2035163dbe2:c6118, 69c25b61-d669-4f17-b36d-41bca3df1f31:c6114, d2a7b1fa-fac6-4c6f-8c6d-9ac7414c70c3:c6114]
2019-07-14 04:24:05,845 INFO  client.GrpcClientProtocolClient (GrpcClientProtocolClient.java:onNext(255)) - client-8DB4338F17D0->b5da6a4a-1459-46a4-9479-d2035163dbe2: receive RaftClientReply:client-8DB4338F17D0->b5da6a4a-1459-46a4-9479-d2035163dbe2@group-4A9565783204, cid=4021, SUCCESS, logIndex=6118, commits[b5da6a4a-1459-46a4-9479-d2035163dbe2:c6119, 69c25b61-d669-4f17-b36d-41bca3df1f31:c6114, d2a7b1fa-fac6-4c6f-8c6d-9ac7414c70c3:c6115]
2019-07-14 04:24:05,846 INFO  client.GrpcClientProtocolClient (GrpcClientProtocolClient.java:onNext(255)) - client-8DB4338F17D0->b5da6a4a-1459-46a4-9479-d2035163dbe2: receive RaftClientReply:client-8DB4338F17D0->b5da6a4a-1459-46a4-9479-d2035163dbe2@group-4A9565783204, cid=4022, SUCCESS, logIndex=0, commits[b5da6a4a-1459-46a4-9479-d2035163dbe2:c6120, 69c25b61-d669-4f17-b36d-41bca3df1f31:c6116, d2a7b1fa-fac6-4c6f-8c6d-9ac7414c70c3:c6116]
2019-07-14 04:24:05,864 INFO  client.GrpcClientProtocolClient (GrpcClientProtocolClient.java:onNext(255)) - client-8DB4338F17D0->b5da6a4a-1459-46a4-9479-d2035163dbe2: receive RaftClientReply:client-8DB4338F17D0->b5da6a4a-1459-46a4-9479-d2035163dbe2@group-4A9565783204, cid=4023, SUCCESS, logIndex=6123, commits[b5da6a4a-1459-46a4-9479-d2035163dbe2:c6124, 69c25b61-d669-4f17-b36d-41bca3df1f31:c6122, d2a7b1fa-fac6-4c6f-8c6d-9ac7414c70c3:c6122]
2019-07-14 04:24:05,864 INFO  client.GrpcClientProtocolClient (GrpcClientProtocolClient.java:onNext(255)) - client-8DB4338F17D0->b5da6a4a-1459-46a4-9479-d2035163dbe2: receive RaftClientReply:client-8DB4338F17D0->b5da6a4a-1459-46a4-9479-d2035163dbe2@group-4A9565783204, cid=4024, SUCCESS, logIndex=6124, commits[b5da6a4a-1459-46a4-9479-d2035163dbe2:c6124, 69c25b61-d669-4f17-b36d-41bca3df1f31:c6122, d2a7b1fa-fac6-4c6f-8c6d-9ac7414c70c3:c6122]
2019-07-14 04:24:05,878 INFO  client.GrpcClientProtocolClient (GrpcClientProtocolClient.java:onNext(255)) - client-8DB4338F17D0->b5da6a4a-1459-46a4-9479-d2035163dbe2: receive RaftClientReply:client-8DB4338F17D0->b5da6a4a-1459-46a4-9479-d2035163dbe2@group-4A9565783204, cid=4025, SUCCESS, logIndex=6127, commits[b5da6a4a-1459-46a4-9479-d2035163dbe2:c6127, 69c25b61-d669-4f17-b36d-41bca3df1f31:c6124, d2a7b1fa-fac6-4c6f-8c6d-9ac7414c70c3:c6124]
2019-07-14 04:24:05,878 INFO  client.GrpcClientProtocolClient (GrpcClientProtocolClient.java:onNext(255)) - client-8DB4338F17D0->b5da6a4a-1459-46a4-9479-d2035163dbe2: receive RaftClientReply:client-8DB4338F17D0->b5da6a4a-1459-46a4-9479-d2035163dbe2@group-4A9565783204, cid=4026, SUCCESS, logIndex=6128, commits[b5da6a4a-1459-46a4-9479-d2035163dbe2:c6128, 69c25b61-d669-4f17-b36d-41bca3df1f31:c6124, d2a7b1fa-fac6-4c6f-8c6d-9ac7414c70c3:c6124]
2019-07-14 04:24:05,891 INFO  client.GrpcClientProtocolClient (GrpcClientProtocolClient.java:onNext(255)) - client-8DB4338F17D0->b5da6a4a-1459-46a4-9479-d2035163dbe2: receive RaftClientReply:client-8DB4338F17D0->b5da6a4a-1459-46a4-9479-d2035163dbe2@group-4A9565783204, cid=4027, SUCCESS, logIndex=0, commits[b5da6a4a-1459-46a4-9479-d2035163dbe2:c6130, 69c25b61-d669-4f17-b36d-41bca3df1f31:c6128, d2a7b1fa-fac6-4c6f-8c6d-9ac7414c70c3:c6128]
2019-07-14 04:24:05,923 INFO  client.GrpcClientProtocolClient (GrpcClientProtocolClient.java:onNext(255)) - client-8DB4338F17D0->b5da6a4a-1459-46a4-9479-d2035163dbe2: receive RaftClientReply:client-8DB4338F17D0->b5da6a4a-1459-46a4-9479-d2035163dbe2@group-4A9565783204, cid=4028, SUCCESS, logIndex=6131, commits[b5da6a4a-1459-46a4-9479-d2035163dbe2:c6132, 69c25b61-d669-4f17-b36d-41bca3df1f31:c6130, d2a7b1fa-fac6-4c6f-8c6d-9ac7414c70c3:c6130]
2019-07-14 04:24:05,924 INFO  client.GrpcClientProtocolClient (GrpcClientProtocolClient.java:onNext(255)) - client-8DB4338F17D0->b5da6a4a-1459-46a4-9479-d2035163dbe2: receive RaftClientReply:client-8DB4338F17D0->b5da6a4a-1459-46a4-9479-d2035163dbe2@group-4A9565783204, cid=4029, SUCCESS, logIndex=6132, commits[b5da6a4a-1459-46a4-9479-d2035163dbe2:c6133, 69c25b61-d669-4f17-b36d-41bca3df1f31:c6130, d2a7b1fa-fac6-4c6f-8c6d-9ac7414c70c3:c6130]
2019-07-14 04:24:05,924 INFO  client.GrpcClientProtocolClient (GrpcClientProtocolClient.java:onNext(255)) - client-8DB4338F17D0->b5da6a4a-1459-46a4-9479-d2035163dbe2: receive RaftClientReply:client-8DB4338F17D0->b5da6a4a-1459-46a4-9479-d2035163dbe2@group-4A9565783204, cid=4030, SUCCESS, logIndex=6133, commits[b5da6a4a-1459-46a4-9479-d2035163dbe2:c6134, 69c25b61-d669-4f17-b36d-41bca3df1f31:c6130, d2a7b1fa-fac6-4c6f-8c6d-9ac7414c70c3:c6130]
2019-07-14 04:24:05,925 INFO  client.GrpcClientProtocolClient (GrpcClientProtocolClient.java:onNext(255)) - client-8DB4338F17D0->b5da6a4a-1459-46a4-9479-d2035163dbe2: receive RaftClientReply:client-8DB4338F17D0->b5da6a4a-1459-46a4-9479-d2035163dbe2@group-4A9565783204, cid=4031, SUCCESS, logIndex=6134, commits[b5da6a4a-1459-46a4-9479-d2035163dbe2:c6134, 69c25b61-d669-4f17-b36d-41bca3df1f31:c6130, d2a7b1fa-fac6-4c6f-8c6d-9ac7414c70c3:c6130]
2019-07-14 04:24:05,926 INFO  client.GrpcClientProtocolClient (GrpcClientProtocolClient.java:onNext(255)) - client-8DB4338F17D0->b5da6a4a-1459-46a4-9479-d2035163dbe2: receive RaftClientReply:client-8DB4338F17D0->b5da6a4a-1459-46a4-9479-d2035163dbe2@group-4A9565783204, cid=4032, SUCCESS, logIndex=0, commits[b5da6a4a-1459-46a4-9479-d2035163dbe2:c6138, 69c25b61-d669-4f17-b36d-41bca3df1f31:c6134, d2a7b1fa-fac6-4c6f-8c6d-9ac7414c70c3:c6133]
2019-07-14 04:24:05,948 INFO  client.GrpcClientProtocolClient (GrpcClientProtocolClient.java:onNext(255)) - client-8DB4338F17D0->b5da6a4a-1459-46a4-9479-d2035163dbe2: receive RaftClientReply:client-8DB4338F17D0->b5da6a4a-1459-46a4-9479-d2035163dbe2@group-4A9565783204, cid=4033, SUCCESS, logIndex=6139, commits[b5da6a4a-1459-46a4-9479-d2035163dbe2:c6140, 69c25b61-d669-4f17-b36d-41bca3df1f31:c6138, d2a7b1fa-fac6-4c6f-8c6d-9ac7414c70c3:c6138]
2019-07-14 04:24:05,948 INFO  client.GrpcClientProtocolClient (GrpcClientProtocolClient.java:onNext(255)) - client-8DB4338F17D0->b5da6a4a-1459-46a4-9479-d2035163dbe2: receive RaftClientReply:client-8DB4338F17D0->b5da6a4a-1459-46a4-9479-d2035163dbe2@group-4A9565783204, cid=4034, SUCCESS, logIndex=6140, commits[b5da6a4a-1459-46a4-9479-d2035163dbe2:c6140, 69c25b61-d669-4f17-b36d-41bca3df1f31:c6138, d2a7b1fa-fac6-4c6f-8c6d-9ac7414c70c3:c6138]
2019-07-14 04:24:05,966 INFO  client.GrpcClientProtocolClient (GrpcClientProtocolClient.java:onNext(255)) - client-8DB4338F17D0->b5da6a4a-1459-46a4-9479-d2035163dbe2: receive RaftClientReply:client-8DB4338F17D0->b5da6a4a-1459-46a4-9479-d2035163dbe2@group-4A9565783204, cid=4035, SUCCESS, logIndex=6143, commits[b5da6a4a-1459-46a4-9479-d2035163dbe2:c6144, 69c25b61-d669-4f17-b36d-41bca3df1f31:c6142, d2a7b1fa-fac6-4c6f-8c6d-9ac7414c70c3:c6142]
2019-07-14 04:24:05,966 INFO  client.GrpcClientProtocolClient (GrpcClientProtocolClient.java:onNext(255)) - client-8DB4338F17D0->b5da6a4a-1459-46a4-9479-d2035163dbe2: receive RaftClientReply:client-8DB4338F17D0->b5da6a4a-1459-46a4-9479-d2035163dbe2@group-4A9565783204, cid=4036, SUCCESS, logIndex=6144, commits[b5da6a4a-1459-46a4-9479-d2035163dbe2:c6144, 69c25b61-d669-4f17-b36d-41bca3df1f31:c6142, d2a7b1fa-fac6-4c6f-8c6d-9ac7414c70c3:c6142]
2019-07-14 04:24:05,968 INFO  client.GrpcClientProtocolClient (GrpcClientProtocolClient.java:onNext(255)) - client-8DB4338F17D0->b5da6a4a-1459-46a4-9479-d2035163dbe2: receive RaftClientReply:client-8DB4338F17D0->b5da6a4a-1459-46a4-9479-d2035163dbe2@group-4A9565783204, cid=4037, SUCCESS, logIndex=0, commits[b5da6a4a-1459-46a4-9479-d2035163dbe2:c6146, 69c25b61-d669-4f17-b36d-41bca3df1f31:c6144, d2a7b1fa-fac6-4c6f-8c6d-9ac7414c70c3:c6144]
2019-07-14 04:24:05,997 INFO  client.GrpcClientProtocolClient (GrpcClientProtocolClient.java:onNext(255)) - client-8DB4338F17D0->b5da6a4a-1459-46a4-9479-d2035163dbe2: receive RaftClientReply:client-8DB4338F17D0->b5da6a4a-1459-46a4-9479-d2035163dbe2@group-4A9565783204, cid=4038, SUCCESS, logIndex=6147, commits[b5da6a4a-1459-46a4-9479-d2035163dbe2:c6148, 69c25b61-d669-4f17-b36d-41bca3df1f31:c6144, d2a7b1fa-fac6-4c6f-8c6d-9ac7414c70c3:c6146]
2019-07-14 04:24:05,998 INFO  client.GrpcClientProtocolClient (GrpcClientProtocolClient.java:onNext(255)) - client-8DB4338F17D0->b5da6a4a-1459-46a4-9479-d2035163dbe2: receive RaftClientReply:client-8DB4338F17D0->b5da6a4a-1459-46a4-9479-d2035163dbe2@group-4A9565783204, cid=4039, SUCCESS, logIndex=6148, commits[b5da6a4a-1459-46a4-9479-d2035163dbe2:c6148, 69c25b61-d669-4f17-b36d-41bca3df1f31:c6146, d2a7b1fa-fac6-4c6f-8c6d-9ac7414c70c3:c6146]
2019-07-14 04:24:05,999 INFO  client.GrpcClientProtocolClient (GrpcClientProtocolClient.java:onNext(255)) - client-8DB4338F17D0->b5da6a4a-1459-46a4-9479-d2035163dbe2: receive RaftClientReply:client-8DB4338F17D0->b5da6a4a-1459-46a4-9479-d2035163dbe2@group-4A9565783204, cid=4040, SUCCESS, logIndex=6149, commits[b5da6a4a-1459-46a4-9479-d2035163dbe2:c6150, 69c25b61-d669-4f17-b36d-41bca3df1f31:c6146, d2a7b1fa-fac6-4c6f-8c6d-9ac7414c70c3:c6146]
2019-07-14 04:24:05,999 INFO  client.GrpcClientProtocolClient (GrpcClientProtocolClient.java:onNext(255)) - client-8DB4338F17D0->b5da6a4a-1459-46a4-9479-d2035163dbe2: receive RaftClientReply:client-8DB4338F17D0->b5da6a4a-1459-46a4-9479-d2035163dbe2@group-4A9565783204, cid=4041, SUCCESS, logIndex=6150, commits[b5da6a4a-1459-46a4-9479-d2035163dbe2:c6152, 69c25b61-d669-4f17-b36d-41bca3df1f31:c6148, d2a7b1fa-fac6-4c6f-8c6d-9ac7414c70c3:c6146]
2019-07-14 04:24:06,000 INFO  client.GrpcClientProtocolClient (GrpcClientProtocolClient.java:onNext(255)) - client-8DB4338F17D0->b5da6a4a-1459-46a4-9479-d2035163dbe2: receive RaftClientReply:client-8DB4338F17D0->b5da6a4a-1459-46a4-9479-d2035163dbe2@group-4A9565783204, cid=4042, SUCCESS, logIndex=0, commits[b5da6a4a-1459-46a4-9479-d2035163dbe2:c6152, 69c25b61-d669-4f17-b36d-41bca3df1f31:c6148, d2a7b1fa-fac6-4c6f-8c6d-9ac7414c70c3:c6148]
2019-07-14 04:24:06,018 INFO  client.GrpcClientProtocolClient (GrpcClientProtocolClient.java:onNext(255)) - client-8DB4338F17D0->b5da6a4a-1459-46a4-9479-d2035163dbe2: receive RaftClientReply:client-8DB4338F17D0->b5da6a4a-1459-46a4-9479-d2035163dbe2@group-4A9565783204, cid=4043, SUCCESS, logIndex=6155, commits[b5da6a4a-1459-46a4-9479-d2035163dbe2:c6156, 69c25b61-d669-4f17-b36d-41bca3df1f31:c6154, d2a7b1fa-fac6-4c6f-8c6d-9ac7414c70c3:c6154]
2019-07-14 04:24:06,018 INFO  client.GrpcClientProtocolClient (GrpcClientProtocolClient.java:onNext(255)) - client-8DB4338F17D0->b5da6a4a-1459-46a4-9479-d2035163dbe2: receive RaftClientReply:client-8DB4338F17D0->b5da6a4a-1459-46a4-9479-d2035163dbe2@group-4A9565783204, cid=4044, SUCCESS, logIndex=6156, commits[b5da6a4a-1459-46a4-9479-d2035163dbe2:c6156, 69c25b61-d669-4f17-b36d-41bca3df1f31:c6154, d2a7b1fa-fac6-4c6f-8c6d-9ac7414c70c3:c6154]
2019-07-14 04:24:06,031 INFO  client.GrpcClientProtocolClient (GrpcClientProtocolClient.java:onNext(255)) - client-8DB4338F17D0->b5da6a4a-1459-46a4-9479-d2035163dbe2: receive RaftClientReply:client-8DB4338F17D0->b5da6a4a-1459-46a4-9479-d2035163dbe2@group-4A9565783204, cid=4045, SUCCESS, logIndex=6159, commits[b5da6a4a-1459-46a4-9479-d2035163dbe2:c6160, 69c25b61-d669-4f17-b36d-41bca3df1f31:c6155, d2a7b1fa-fac6-4c6f-8c6d-9ac7414c70c3:c6156]
2019-07-14 04:24:06,032 INFO  client.GrpcClientProtocolClient (GrpcClientProtocolClient.java:onNext(255)) - client-8DB4338F17D0->b5da6a4a-1459-46a4-9479-d2035163dbe2: receive RaftClientReply:client-8DB4338F17D0->b5da6a4a-1459-46a4-9479-d2035163dbe2@group-4A9565783204, cid=4046, SUCCESS, logIndex=6160, commits[b5da6a4a-1459-46a4-9479-d2035163dbe2:c6160, 69c25b61-d669-4f17-b36d-41bca3df1f31:c6156, d2a7b1fa-fac6-4c6f-8c6d-9ac7414c70c3:c6156]
2019-07-14 04:24:06,034 INFO  client.GrpcClientProtocolClient (GrpcClientProtocolClient.java:onNext(255)) - client-8DB4338F17D0->b5da6a4a-1459-46a4-9479-d2035163dbe2: receive RaftClientReply:client-8DB4338F17D0->b5da6a4a-1459-46a4-9479-d2035163dbe2@group-4A9565783204, cid=4047, SUCCESS, logIndex=0, commits[b5da6a4a-1459-46a4-9479-d2035163dbe2:c6162, 69c25b61-d669-4f17-b36d-41bca3df1f31:c6160, d2a7b1fa-fac6-4c6f-8c6d-9ac7414c70c3:c6160]
2019-07-14 04:24:06,064 INFO  client.GrpcClientProtocolClient (GrpcClientProtocolClient.java:onNext(255)) - client-8DB4338F17D0->b5da6a4a-1459-46a4-9479-d2035163dbe2: receive RaftClientReply:client-8DB4338F17D0->b5da6a4a-1459-46a4-9479-d2035163dbe2@group-4A9565783204, cid=4048, SUCCESS, logIndex=6163, commits[b5da6a4a-1459-46a4-9479-d2035163dbe2:c6164, 69c25b61-d669-4f17-b36d-41bca3df1f31:c6162, d2a7b1fa-fac6-4c6f-8c6d-9ac7414c70c3:c6162]
2019-07-14 04:24:06,065 INFO  client.GrpcClientProtocolClient (GrpcClientProtocolClient.java:onNext(255)) - client-8DB4338F17D0->b5da6a4a-1459-46a4-9479-d2035163dbe2: receive RaftClientReply:client-8DB4338F17D0->b5da6a4a-1459-46a4-9479-d2035163dbe2@group-4A9565783204, cid=4049, SUCCESS, logIndex=6164, commits[b5da6a4a-1459-46a4-9479-d2035163dbe2:c6166, 69c25b61-d669-4f17-b36d-41bca3df1f31:c6162, d2a7b1fa-fac6-4c6f-8c6d-9ac7414c70c3:c6162]
2019-07-14 04:24:06,065 INFO  client.GrpcClientProtocolClient (GrpcClientProtocolClient.java:onNext(255)) - client-8DB4338F17D0->b5da6a4a-1459-46a4-9479-d2035163dbe2: receive RaftClientReply:client-8DB4338F17D0->b5da6a4a-1459-46a4-9479-d2035163dbe2@group-4A9565783204, cid=4050, SUCCESS, logIndex=6165, commits[b5da6a4a-1459-46a4-9479-d2035163dbe2:c6166, 69c25b61-d669-4f17-b36d-41bca3df1f31:c6162, d2a7b1fa-fac6-4c6f-8c6d-9ac7414c70c3:c6162]
2019-07-14 04:24:06,066 INFO  client.GrpcClientProtocolClient (GrpcClientProtocolClient.java:onNext(255)) - client-8DB4338F17D0->b5da6a4a-1459-46a4-9479-d2035163dbe2: receive RaftClientReply:client-8DB4338F17D0->b5da6a4a-1459-46a4-9479-d2035163dbe2@group-4A9565783204, cid=4051, SUCCESS, logIndex=6166, commits[b5da6a4a-1459-46a4-9479-d2035163dbe2:c6166, 69c25b61-d669-4f17-b36d-41bca3df1f31:c6162, d2a7b1fa-fac6-4c6f-8c6d-9ac7414c70c3:c6162]
2019-07-14 04:24:06,077 INFO  client.GrpcClientProtocolClient (GrpcClientProtocolClient.java:onNext(255)) - client-8DB4338F17D0->b5da6a4a-1459-46a4-9479-d2035163dbe2: receive RaftClientReply:client-8DB4338F17D0->b5da6a4a-1459-46a4-9479-d2035163dbe2@group-4A9565783204, cid=4052, SUCCESS, logIndex=0, commits[b5da6a4a-1459-46a4-9479-d2035163dbe2:c6169, 69c25b61-d669-4f17-b36d-41bca3df1f31:c6164, d2a7b1fa-fac6-4c6f-8c6d-9ac7414c70c3:c6166]
2019-07-14 04:24:06,206 INFO  client.GrpcClientProtocolClient (GrpcClientProtocolClient.java:onNext(255)) - client-8DB4338F17D0->b5da6a4a-1459-46a4-9479-d2035163dbe2: receive RaftClientReply:client-8DB4338F17D0->b5da6a4a-1459-46a4-9479-d2035163dbe2@group-4A9565783204, cid=4053, SUCCESS, logIndex=6171, commits[b5da6a4a-1459-46a4-9479-d2035163dbe2:c6172, 69c25b61-d669-4f17-b36d-41bca3df1f31:c6170, d2a7b1fa-fac6-4c6f-8c6d-9ac7414c70c3:c6166]
2019-07-14 04:24:06,207 INFO  client.GrpcClientProtocolClient (GrpcClientProtocolClient.java:onNext(255)) - client-8DB4338F17D0->b5da6a4a-1459-46a4-9479-d2035163dbe2: receive RaftClientReply:client-8DB4338F17D0->b5da6a4a-1459-46a4-9479-d2035163dbe2@group-4A9565783204, cid=4054, SUCCESS, logIndex=6172, commits[b5da6a4a-1459-46a4-9479-d2035163dbe2:c6172, 69c25b61-d669-4f17-b36d-41bca3df1f31:c6170, d2a7b1fa-fac6-4c6f-8c6d-9ac7414c70c3:c6170]
2019-07-14 04:24:06,226 INFO  client.GrpcClientProtocolClient (GrpcClientProtocolClient.java:onNext(255)) - client-8DB4338F17D0->b5da6a4a-1459-46a4-9479-d2035163dbe2: receive RaftClientReply:client-8DB4338F17D0->b5da6a4a-1459-46a4-9479-d2035163dbe2@group-4A9565783204, cid=4055, SUCCESS, logIndex=6175, commits[b5da6a4a-1459-46a4-9479-d2035163dbe2:c6176, 69c25b61-d669-4f17-b36d-41bca3df1f31:c6174, d2a7b1fa-fac6-4c6f-8c6d-9ac7414c70c3:c6174]
2019-07-14 04:24:06,227 INFO  client.GrpcClientProtocolClient (GrpcClientProtocolClient.java:onNext(255)) - client-8DB4338F17D0->b5da6a4a-1459-46a4-9479-d2035163dbe2: receive RaftClientReply:client-8DB4338F17D0->b5da6a4a-1459-46a4-9479-d2035163dbe2@group-4A9565783204, cid=4056, SUCCESS, logIndex=6176, commits[b5da6a4a-1459-46a4-9479-d2035163dbe2:c6176, 69c25b61-d669-4f17-b36d-41bca3df1f31:c6174, d2a7b1fa-fac6-4c6f-8c6d-9ac7414c70c3:c6174]
2019-07-14 04:24:06,238 INFO  client.GrpcClientProtocolClient (GrpcClientProtocolClient.java:onNext(255)) - client-8DB4338F17D0->b5da6a4a-1459-46a4-9479-d2035163dbe2: receive RaftClientReply:client-8DB4338F17D0->b5da6a4a-1459-46a4-9479-d2035163dbe2@group-4A9565783204, cid=4057, SUCCESS, logIndex=0, commits[b5da6a4a-1459-46a4-9479-d2035163dbe2:c6178, 69c25b61-d669-4f17-b36d-41bca3df1f31:c6176, d2a7b1fa-fac6-4c6f-8c6d-9ac7414c70c3:c6176]
 0.00% |█                                                                                                    |  0/1 Time: 0:00:312019-07-14 04:24:06,274 INFO  client.GrpcClientProtocolClient (GrpcClientProtocolClient.java:onNext(255)) - client-8DB4338F17D0->b5da6a4a-1459-46a4-9479-d2035163dbe2: receive RaftClientReply:client-8DB4338F17D0->b5da6a4a-1459-46a4-9479-d2035163dbe2@group-4A9565783204, cid=4058, SUCCESS, logIndex=6179, commits[b5da6a4a-1459-46a4-9479-d2035163dbe2:c6180, 69c25b61-d669-4f17-b36d-41bca3df1f31:c6178, d2a7b1fa-fac6-4c6f-8c6d-9ac7414c70c3:c6178]
2019-07-14 04:24:06,275 INFO  client.GrpcClientProtocolClient (GrpcClientProtocolClient.java:onNext(255)) - client-8DB4338F17D0->b5da6a4a-1459-46a4-9479-d2035163dbe2: receive RaftClientReply:client-8DB4338F17D0->b5da6a4a-1459-46a4-9479-d2035163dbe2@group-4A9565783204, cid=4059, SUCCESS, logIndex=6180, commits[b5da6a4a-1459-46a4-9479-d2035163dbe2:c6180, 69c25b61-d669-4f17-b36d-41bca3df1f31:c6178, d2a7b1fa-fac6-4c6f-8c6d-9ac7414c70c3:c6178]
2019-07-14 04:24:06,276 INFO  client.GrpcClientProtocolClient (GrpcClientProtocolClient.java:onNext(255)) - client-8DB4338F17D0->b5da6a4a-1459-46a4-9479-d2035163dbe2: receive RaftClientReply:client-8DB4338F17D0->b5da6a4a-1459-46a4-9479-d2035163dbe2@group-4A9565783204, cid=4060, SUCCESS, logIndex=6181, commits[b5da6a4a-1459-46a4-9479-d2035163dbe2:c6182, 69c25b61-d669-4f17-b36d-41bca3df1f31:c6178, d2a7b1fa-fac6-4c6f-8c6d-9ac7414c70c3:c6178]
2019-07-14 04:24:06,277 INFO  client.GrpcClientProtocolClient (GrpcClientProtocolClient.java:onNext(255)) - client-8DB4338F17D0->b5da6a4a-1459-46a4-9479-d2035163dbe2: receive RaftClientReply:client-8DB4338F17D0->b5da6a4a-1459-46a4-9479-d2035163dbe2@group-4A9565783204, cid=4061, SUCCESS, logIndex=6182, commits[b5da6a4a-1459-46a4-9479-d2035163dbe2:c6182, 69c25b61-d669-4f17-b36d-41bca3df1f31:c6178, d2a7b1fa-fac6-4c6f-8c6d-9ac7414c70c3:c6178]
2019-07-14 04:24:06,278 INFO  client.GrpcClientProtocolClient (GrpcClientProtocolClient.java:onNext(255)) - client-8DB4338F17D0->b5da6a4a-1459-46a4-9479-d2035163dbe2: receive RaftClientReply:client-8DB4338F17D0->b5da6a4a-1459-46a4-9479-d2035163dbe2@group-4A9565783204, cid=4062, SUCCESS, logIndex=0, commits[b5da6a4a-1459-46a4-9479-d2035163dbe2:c6184, 69c25b61-d669-4f17-b36d-41bca3df1f31:c6180, d2a7b1fa-fac6-4c6f-8c6d-9ac7414c70c3:c6180]
2019-07-14 04:24:06,300 INFO  client.GrpcClientProtocolClient (GrpcClientProtocolClient.java:onNext(255)) - client-8DB4338F17D0->b5da6a4a-1459-46a4-9479-d2035163dbe2: receive RaftClientReply:client-8DB4338F17D0->b5da6a4a-1459-46a4-9479-d2035163dbe2@group-4A9565783204, cid=4063, SUCCESS, logIndex=6187, commits[b5da6a4a-1459-46a4-9479-d2035163dbe2:c6188, 69c25b61-d669-4f17-b36d-41bca3df1f31:c6182, d2a7b1fa-fac6-4c6f-8c6d-9ac7414c70c3:c6186]
2019-07-14 04:24:06,301 INFO  client.GrpcClientProtocolClient (GrpcClientProtocolClient.java:onNext(255)) - client-8DB4338F17D0->b5da6a4a-1459-46a4-9479-d2035163dbe2: receive RaftClientReply:client-8DB4338F17D0->b5da6a4a-1459-46a4-9479-d2035163dbe2@group-4A9565783204, cid=4064, SUCCESS, logIndex=6188, commits[b5da6a4a-1459-46a4-9479-d2035163dbe2:c6188, 69c25b61-d669-4f17-b36d-41bca3df1f31:c6186, d2a7b1fa-fac6-4c6f-8c6d-9ac7414c70c3:c6186]
2019-07-14 04:24:06,315 INFO  client.GrpcClientProtocolClient (GrpcClientProtocolClient.java:onNext(255)) - client-8DB4338F17D0->b5da6a4a-1459-46a4-9479-d2035163dbe2: receive RaftClientReply:client-8DB4338F17D0->b5da6a4a-1459-46a4-9479-d2035163dbe2@group-4A9565783204, cid=4065, SUCCESS, logIndex=6191, commits[b5da6a4a-1459-46a4-9479-d2035163dbe2:c6192, 69c25b61-d669-4f17-b36d-41bca3df1f31:c6188, d2a7b1fa-fac6-4c6f-8c6d-9ac7414c70c3:c6189]
2019-07-14 04:24:06,316 INFO  client.GrpcClientProtocolClient (GrpcClientProtocolClient.java:onNext(255)) - client-8DB4338F17D0->b5da6a4a-1459-46a4-9479-d2035163dbe2: receive RaftClientReply:client-8DB4338F17D0->b5da6a4a-1459-46a4-9479-d2035163dbe2@group-4A9565783204, cid=4066, SUCCESS, logIndex=6192, commits[b5da6a4a-1459-46a4-9479-d2035163dbe2:c6192, 69c25b61-d669-4f17-b36d-41bca3df1f31:c6189, d2a7b1fa-fac6-4c6f-8c6d-9ac7414c70c3:c6189]
2019-07-14 04:24:06,317 INFO  client.GrpcClientProtocolClient (GrpcClientProtocolClient.java:onNext(255)) - client-8DB4338F17D0->b5da6a4a-1459-46a4-9479-d2035163dbe2: receive RaftClientReply:client-8DB4338F17D0->b5da6a4a-1459-46a4-9479-d2035163dbe2@group-4A9565783204, cid=4067, SUCCESS, logIndex=0, commits[b5da6a4a-1459-46a4-9479-d2035163dbe2:c6193, 69c25b61-d669-4f17-b36d-41bca3df1f31:c6192, d2a7b1fa-fac6-4c6f-8c6d-9ac7414c70c3:c6192]
2019-07-14 04:24:06,358 INFO  client.GrpcClientProtocolClient (GrpcClientProtocolClient.java:onNext(255)) - client-8DB4338F17D0->b5da6a4a-1459-46a4-9479-d2035163dbe2: receive RaftClientReply:client-8DB4338F17D0->b5da6a4a-1459-46a4-9479-d2035163dbe2@group-4A9565783204, cid=4068, SUCCESS, logIndex=6195, commits[b5da6a4a-1459-46a4-9479-d2035163dbe2:c6197, 69c25b61-d669-4f17-b36d-41bca3df1f31:c6194, d2a7b1fa-fac6-4c6f-8c6d-9ac7414c70c3:c6194]
2019-07-14 04:24:06,358 INFO  client.GrpcClientProtocolClient (GrpcClientProtocolClient.java:onNext(255)) - client-8DB4338F17D0->b5da6a4a-1459-46a4-9479-d2035163dbe2: receive RaftClientReply:client-8DB4338F17D0->b5da6a4a-1459-46a4-9479-d2035163dbe2@group-4A9565783204, cid=4069, SUCCESS, logIndex=6196, commits[b5da6a4a-1459-46a4-9479-d2035163dbe2:c6198, 69c25b61-d669-4f17-b36d-41bca3df1f31:c6194, d2a7b1fa-fac6-4c6f-8c6d-9ac7414c70c3:c6194]
2019-07-14 04:24:06,359 INFO  client.GrpcClientProtocolClient (GrpcClientProtocolClient.java:onNext(255)) - client-8DB4338F17D0->b5da6a4a-1459-46a4-9479-d2035163dbe2: receive RaftClientReply:client-8DB4338F17D0->b5da6a4a-1459-46a4-9479-d2035163dbe2@group-4A9565783204, cid=4070, SUCCESS, logIndex=6197, commits[b5da6a4a-1459-46a4-9479-d2035163dbe2:c6198, 69c25b61-d669-4f17-b36d-41bca3df1f31:c6194, d2a7b1fa-fac6-4c6f-8c6d-9ac7414c70c3:c6194]
2019-07-14 04:24:06,359 INFO  client.GrpcClientProtocolClient (GrpcClientProtocolClient.java:onNext(255)) - client-8DB4338F17D0->b5da6a4a-1459-46a4-9479-d2035163dbe2: receive RaftClientReply:client-8DB4338F17D0->b5da6a4a-1459-46a4-9479-d2035163dbe2@group-4A9565783204, cid=4071, SUCCESS, logIndex=6198, commits[b5da6a4a-1459-46a4-9479-d2035163dbe2:c6198, 69c25b61-d669-4f17-b36d-41bca3df1f31:c6194, d2a7b1fa-fac6-4c6f-8c6d-9ac7414c70c3:c6194]
2019-07-14 04:24:06,371 INFO  client.GrpcClientProtocolClient (GrpcClientProtocolClient.java:onNext(255)) - client-8DB4338F17D0->b5da6a4a-1459-46a4-9479-d2035163dbe2: receive RaftClientReply:client-8DB4338F17D0->b5da6a4a-1459-46a4-9479-d2035163dbe2@group-4A9565783204, cid=4072, SUCCESS, logIndex=0, commits[b5da6a4a-1459-46a4-9479-d2035163dbe2:c6202, 69c25b61-d669-4f17-b36d-41bca3df1f31:c6198, d2a7b1fa-fac6-4c6f-8c6d-9ac7414c70c3:c6196]
2019-07-14 04:24:06,390 INFO  client.GrpcClientProtocolClient (GrpcClientProtocolClient.java:onNext(255)) - client-8DB4338F17D0->b5da6a4a-1459-46a4-9479-d2035163dbe2: receive RaftClientReply:client-8DB4338F17D0->b5da6a4a-1459-46a4-9479-d2035163dbe2@group-4A9565783204, cid=4073, SUCCESS, logIndex=6203, commits[b5da6a4a-1459-46a4-9479-d2035163dbe2:c6204, 69c25b61-d669-4f17-b36d-41bca3df1f31:c6202, d2a7b1fa-fac6-4c6f-8c6d-9ac7414c70c3:c6202]
2019-07-14 04:24:06,390 INFO  client.GrpcClientProtocolClient (GrpcClientProtocolClient.java:onNext(255)) - client-8DB4338F17D0->b5da6a4a-1459-46a4-9479-d2035163dbe2: receive RaftClientReply:client-8DB4338F17D0->b5da6a4a-1459-46a4-9479-d2035163dbe2@group-4A9565783204, cid=4074, SUCCESS, logIndex=6204, commits[b5da6a4a-1459-46a4-9479-d2035163dbe2:c6204, 69c25b61-d669-4f17-b36d-41bca3df1f31:c6202, d2a7b1fa-fac6-4c6f-8c6d-9ac7414c70c3:c6202]
2019-07-14 04:24:06,402 INFO  client.GrpcClientProtocolClient (GrpcClientProtocolClient.java:onNext(255)) - client-8DB4338F17D0->b5da6a4a-1459-46a4-9479-d2035163dbe2: receive RaftClientReply:client-8DB4338F17D0->b5da6a4a-1459-46a4-9479-d2035163dbe2@group-4A9565783204, cid=4075, SUCCESS, logIndex=6207, commits[b5da6a4a-1459-46a4-9479-d2035163dbe2:c6207, 69c25b61-d669-4f17-b36d-41bca3df1f31:c6204, d2a7b1fa-fac6-4c6f-8c6d-9ac7414c70c3:c6204]
2019-07-14 04:24:06,403 INFO  client.GrpcClientProtocolClient (GrpcClientProtocolClient.java:onNext(255)) - client-8DB4338F17D0->b5da6a4a-1459-46a4-9479-d2035163dbe2: receive RaftClientReply:client-8DB4338F17D0->b5da6a4a-1459-46a4-9479-d2035163dbe2@group-4A9565783204, cid=4076, SUCCESS, logIndex=6208, commits[b5da6a4a-1459-46a4-9479-d2035163dbe2:c6208, 69c25b61-d669-4f17-b36d-41bca3df1f31:c6204, d2a7b1fa-fac6-4c6f-8c6d-9ac7414c70c3:c6204]
2019-07-14 04:24:06,407 INFO  client.GrpcClientProtocolClient (GrpcClientProtocolClient.java:onNext(255)) - client-8DB4338F17D0->b5da6a4a-1459-46a4-9479-d2035163dbe2: receive RaftClientReply:client-8DB4338F17D0->b5da6a4a-1459-46a4-9479-d2035163dbe2@group-4A9565783204, cid=4077, SUCCESS, logIndex=0, commits[b5da6a4a-1459-46a4-9479-d2035163dbe2:c6210, 69c25b61-d669-4f17-b36d-41bca3df1f31:c6208, d2a7b1fa-fac6-4c6f-8c6d-9ac7414c70c3:c6208]
2019-07-14 04:24:06,443 INFO  client.GrpcClientProtocolClient (GrpcClientProtocolClient.java:onNext(255)) - client-8DB4338F17D0->b5da6a4a-1459-46a4-9479-d2035163dbe2: receive RaftClientReply:client-8DB4338F17D0->b5da6a4a-1459-46a4-9479-d2035163dbe2@group-4A9565783204, cid=4078, SUCCESS, logIndex=6211, commits[b5da6a4a-1459-46a4-9479-d2035163dbe2:c6212, 69c25b61-d669-4f17-b36d-41bca3df1f31:c6210, d2a7b1fa-fac6-4c6f-8c6d-9ac7414c70c3:c6210]
2019-07-14 04:24:06,443 INFO  client.GrpcClientProtocolClient (GrpcClientProtocolClient.java:onNext(255)) - client-8DB4338F17D0->b5da6a4a-1459-46a4-9479-d2035163dbe2: receive RaftClientReply:client-8DB4338F17D0->b5da6a4a-1459-46a4-9479-d2035163dbe2@group-4A9565783204, cid=4079, SUCCESS, logIndex=6212, commits[b5da6a4a-1459-46a4-9479-d2035163dbe2:c6213, 69c25b61-d669-4f17-b36d-41bca3df1f31:c6210, d2a7b1fa-fac6-4c6f-8c6d-9ac7414c70c3:c6210]
2019-07-14 04:24:06,444 INFO  client.GrpcClientProtocolClient (GrpcClientProtocolClient.java:onNext(255)) - client-8DB4338F17D0->b5da6a4a-1459-46a4-9479-d2035163dbe2: receive RaftClientReply:client-8DB4338F17D0->b5da6a4a-1459-46a4-9479-d2035163dbe2@group-4A9565783204, cid=4080, SUCCESS, logIndex=6213, commits[b5da6a4a-1459-46a4-9479-d2035163dbe2:c6214, 69c25b61-d669-4f17-b36d-41bca3df1f31:c6210, d2a7b1fa-fac6-4c6f-8c6d-9ac7414c70c3:c6210]
2019-07-14 04:24:06,444 INFO  client.GrpcClientProtocolClient (GrpcClientProtocolClient.java:onNext(255)) - client-8DB4338F17D0->b5da6a4a-1459-46a4-9479-d2035163dbe2: receive RaftClientReply:client-8DB4338F17D0->b5da6a4a-1459-46a4-9479-d2035163dbe2@group-4A9565783204, cid=4081, SUCCESS, logIndex=6214, commits[b5da6a4a-1459-46a4-9479-d2035163dbe2:c6214, 69c25b61-d669-4f17-b36d-41bca3df1f31:c6210, d2a7b1fa-fac6-4c6f-8c6d-9ac7414c70c3:c6210]
2019-07-14 04:24:06,457 INFO  client.GrpcClientProtocolClient (GrpcClientProtocolClient.java:onNext(255)) - client-8DB4338F17D0->b5da6a4a-1459-46a4-9479-d2035163dbe2: receive RaftClientReply:client-8DB4338F17D0->b5da6a4a-1459-46a4-9479-d2035163dbe2@group-4A9565783204, cid=4082, SUCCESS, logIndex=0, commits[b5da6a4a-1459-46a4-9479-d2035163dbe2:c6216, 69c25b61-d669-4f17-b36d-41bca3df1f31:c6212, d2a7b1fa-fac6-4c6f-8c6d-9ac7414c70c3:c6212]
2019-07-14 04:24:06,469 INFO  client.GrpcClientProtocolClient (GrpcClientProtocolClient.java:onNext(255)) - client-8DB4338F17D0->b5da6a4a-1459-46a4-9479-d2035163dbe2: receive RaftClientReply:client-8DB4338F17D0->b5da6a4a-1459-46a4-9479-d2035163dbe2@group-4A9565783204, cid=4083, SUCCESS, logIndex=6219, commits[b5da6a4a-1459-46a4-9479-d2035163dbe2:c6220, 69c25b61-d669-4f17-b36d-41bca3df1f31:c6218, d2a7b1fa-fac6-4c6f-8c6d-9ac7414c70c3:c6218]
2019-07-14 04:24:06,469 INFO  client.GrpcClientProtocolClient (GrpcClientProtocolClient.java:onNext(255)) - client-8DB4338F17D0->b5da6a4a-1459-46a4-9479-d2035163dbe2: receive RaftClientReply:client-8DB4338F17D0->b5da6a4a-1459-46a4-9479-d2035163dbe2@group-4A9565783204, cid=4084, SUCCESS, logIndex=6220, commits[b5da6a4a-1459-46a4-9479-d2035163dbe2:c6220, 69c25b61-d669-4f17-b36d-41bca3df1f31:c6218, d2a7b1fa-fac6-4c6f-8c6d-9ac7414c70c3:c6218]
2019-07-14 04:24:06,486 INFO  client.GrpcClientProtocolClient (GrpcClientProtocolClient.java:onNext(255)) - client-8DB4338F17D0->b5da6a4a-1459-46a4-9479-d2035163dbe2: receive RaftClientReply:client-8DB4338F17D0->b5da6a4a-1459-46a4-9479-d2035163dbe2@group-4A9565783204, cid=4085, SUCCESS, logIndex=6223, commits[b5da6a4a-1459-46a4-9479-d2035163dbe2:c6224, 69c25b61-d669-4f17-b36d-41bca3df1f31:c6220, d2a7b1fa-fac6-4c6f-8c6d-9ac7414c70c3:c6220]
2019-07-14 04:24:06,486 INFO  client.GrpcClientProtocolClient (GrpcClientProtocolClient.java:onNext(255)) - client-8DB4338F17D0->b5da6a4a-1459-46a4-9479-d2035163dbe2: receive RaftClientReply:client-8DB4338F17D0->b5da6a4a-1459-46a4-9479-d2035163dbe2@group-4A9565783204, cid=4086, SUCCESS, logIndex=6224, commits[b5da6a4a-1459-46a4-9479-d2035163dbe2:c6224, 69c25b61-d669-4f17-b36d-41bca3df1f31:c6220, d2a7b1fa-fac6-4c6f-8c6d-9ac7414c70c3:c6220]
2019-07-14 04:24:06,499 INFO  client.GrpcClientProtocolClient (GrpcClientProtocolClient.java:onNext(255)) - client-8DB4338F17D0->b5da6a4a-1459-46a4-9479-d2035163dbe2: receive RaftClientReply:client-8DB4338F17D0->b5da6a4a-1459-46a4-9479-d2035163dbe2@group-4A9565783204, cid=4087, SUCCESS, logIndex=0, commits[b5da6a4a-1459-46a4-9479-d2035163dbe2:c6226, 69c25b61-d669-4f17-b36d-41bca3df1f31:c6224, d2a7b1fa-fac6-4c6f-8c6d-9ac7414c70c3:c6224]
2019-07-14 04:24:06,535 INFO  client.GrpcClientProtocolClient (GrpcClientProtocolClient.java:onNext(255)) - client-8DB4338F17D0->b5da6a4a-1459-46a4-9479-d2035163dbe2: receive RaftClientReply:client-8DB4338F17D0->b5da6a4a-1459-46a4-9479-d2035163dbe2@group-4A9565783204, cid=4088, SUCCESS, logIndex=6227, commits[b5da6a4a-1459-46a4-9479-d2035163dbe2:c6228, 69c25b61-d669-4f17-b36d-41bca3df1f31:c6224, d2a7b1fa-fac6-4c6f-8c6d-9ac7414c70c3:c6226]
2019-07-14 04:24:06,535 INFO  client.GrpcClientProtocolClient (GrpcClientProtocolClient.java:onNext(255)) - client-8DB4338F17D0->b5da6a4a-1459-46a4-9479-d2035163dbe2: receive RaftClientReply:client-8DB4338F17D0->b5da6a4a-1459-46a4-9479-d2035163dbe2@group-4A9565783204, cid=4089, SUCCESS, logIndex=6228, commits[b5da6a4a-1459-46a4-9479-d2035163dbe2:c6230, 69c25b61-d669-4f17-b36d-41bca3df1f31:c6226, d2a7b1fa-fac6-4c6f-8c6d-9ac7414c70c3:c6226]
2019-07-14 04:24:06,536 INFO  client.GrpcClientProtocolClient (GrpcClientProtocolClient.java:onNext(255)) - client-8DB4338F17D0->b5da6a4a-1459-46a4-9479-d2035163dbe2: receive RaftClientReply:client-8DB4338F17D0->b5da6a4a-1459-46a4-9479-d2035163dbe2@group-4A9565783204, cid=4090, SUCCESS, logIndex=6229, commits[b5da6a4a-1459-46a4-9479-d2035163dbe2:c6230, 69c25b61-d669-4f17-b36d-41bca3df1f31:c6226, d2a7b1fa-fac6-4c6f-8c6d-9ac7414c70c3:c6226]
2019-07-14 04:24:06,536 INFO  client.GrpcClientProtocolClient (GrpcClientProtocolClient.java:onNext(255)) - client-8DB4338F17D0->b5da6a4a-1459-46a4-9479-d2035163dbe2: receive RaftClientReply:client-8DB4338F17D0->b5da6a4a-1459-46a4-9479-d2035163dbe2@group-4A9565783204, cid=4091, SUCCESS, logIndex=6230, commits[b5da6a4a-1459-46a4-9479-d2035163dbe2:c6230, 69c25b61-d669-4f17-b36d-41bca3df1f31:c6226, d2a7b1fa-fac6-4c6f-8c6d-9ac7414c70c3:c6226]
2019-07-14 04:24:06,539 INFO  client.GrpcClientProtocolClient (GrpcClientProtocolClient.java:onNext(255)) - client-8DB4338F17D0->b5da6a4a-1459-46a4-9479-d2035163dbe2: receive RaftClientReply:client-8DB4338F17D0->b5da6a4a-1459-46a4-9479-d2035163dbe2@group-4A9565783204, cid=4092, SUCCESS, logIndex=0, commits[b5da6a4a-1459-46a4-9479-d2035163dbe2:c6231, 69c25b61-d669-4f17-b36d-41bca3df1f31:c6228, d2a7b1fa-fac6-4c6f-8c6d-9ac7414c70c3:c6228]
2019-07-14 04:24:06,558 INFO  client.GrpcClientProtocolClient (GrpcClientProtocolClient.java:onNext(255)) - client-8DB4338F17D0->b5da6a4a-1459-46a4-9479-d2035163dbe2: receive RaftClientReply:client-8DB4338F17D0->b5da6a4a-1459-46a4-9479-d2035163dbe2@group-4A9565783204, cid=4093, SUCCESS, logIndex=6234, commits[b5da6a4a-1459-46a4-9479-d2035163dbe2:c6235, 69c25b61-d669-4f17-b36d-41bca3df1f31:c6233, d2a7b1fa-fac6-4c6f-8c6d-9ac7414c70c3:c6233]
2019-07-14 04:24:06,558 INFO  client.GrpcClientProtocolClient (GrpcClientProtocolClient.java:onNext(255)) - client-8DB4338F17D0->b5da6a4a-1459-46a4-9479-d2035163dbe2: receive RaftClientReply:client-8DB4338F17D0->b5da6a4a-1459-46a4-9479-d2035163dbe2@group-4A9565783204, cid=4094, SUCCESS, logIndex=6235, commits[b5da6a4a-1459-46a4-9479-d2035163dbe2:c6235, 69c25b61-d669-4f17-b36d-41bca3df1f31:c6233, d2a7b1fa-fac6-4c6f-8c6d-9ac7414c70c3:c6233]
2019-07-14 04:24:06,577 INFO  client.GrpcClientProtocolClient (GrpcClientProtocolClient.java:onNext(255)) - client-8DB4338F17D0->b5da6a4a-1459-46a4-9479-d2035163dbe2: receive RaftClientReply:client-8DB4338F17D0->b5da6a4a-1459-46a4-9479-d2035163dbe2@group-4A9565783204, cid=4095, SUCCESS, logIndex=6238, commits[b5da6a4a-1459-46a4-9479-d2035163dbe2:c6239, 69c25b61-d669-4f17-b36d-41bca3df1f31:c6235, d2a7b1fa-fac6-4c6f-8c6d-9ac7414c70c3:c6235]
2019-07-14 04:24:06,578 INFO  client.GrpcClientProtocolClient (GrpcClientProtocolClient.java:onNext(255)) - client-8DB4338F17D0->b5da6a4a-1459-46a4-9479-d2035163dbe2: receive RaftClientReply:client-8DB4338F17D0->b5da6a4a-1459-46a4-9479-d2035163dbe2@group-4A9565783204, cid=4096, SUCCESS, logIndex=6239, commits[b5da6a4a-1459-46a4-9479-d2035163dbe2:c6239, 69c25b61-d669-4f17-b36d-41bca3df1f31:c6235, d2a7b1fa-fac6-4c6f-8c6d-9ac7414c70c3:c6235]
2019-07-14 04:24:06,582 INFO  client.GrpcClientProtocolClient (GrpcClientProtocolClient.java:onNext(255)) - client-8DB4338F17D0->b5da6a4a-1459-46a4-9479-d2035163dbe2: receive RaftClientReply:client-8DB4338F17D0->b5da6a4a-1459-46a4-9479-d2035163dbe2@group-4A9565783204, cid=4097, SUCCESS, logIndex=0, commits[b5da6a4a-1459-46a4-9479-d2035163dbe2:c6241, 69c25b61-d669-4f17-b36d-41bca3df1f31:c6239, d2a7b1fa-fac6-4c6f-8c6d-9ac7414c70c3:c6239]
2019-07-14 04:24:06,614 INFO  client.GrpcClientProtocolClient (GrpcClientProtocolClient.java:onNext(255)) - client-8DB4338F17D0->b5da6a4a-1459-46a4-9479-d2035163dbe2: receive RaftClientReply:client-8DB4338F17D0->b5da6a4a-1459-46a4-9479-d2035163dbe2@group-4A9565783204, cid=4098, SUCCESS, logIndex=6242, commits[b5da6a4a-1459-46a4-9479-d2035163dbe2:c6244, 69c25b61-d669-4f17-b36d-41bca3df1f31:c6241, d2a7b1fa-fac6-4c6f-8c6d-9ac7414c70c3:c6241]
2019-07-14 04:24:06,614 INFO  client.GrpcClientProtocolClient (GrpcClientProtocolClient.java:onNext(255)) - client-8DB4338F17D0->b5da6a4a-1459-46a4-9479-d2035163dbe2: receive RaftClientReply:client-8DB4338F17D0->b5da6a4a-1459-46a4-9479-d2035163dbe2@group-4A9565783204, cid=4099, SUCCESS, logIndex=6243, commits[b5da6a4a-1459-46a4-9479-d2035163dbe2:c6245, 69c25b61-d669-4f17-b36d-41bca3df1f31:c6241, d2a7b1fa-fac6-4c6f-8c6d-9ac7414c70c3:c6241]
2019-07-14 04:24:06,615 INFO  client.GrpcClientProtocolClient (GrpcClientProtocolClient.java:onNext(255)) - client-8DB4338F17D0->b5da6a4a-1459-46a4-9479-d2035163dbe2: receive RaftClientReply:client-8DB4338F17D0->b5da6a4a-1459-46a4-9479-d2035163dbe2@group-4A9565783204, cid=4100, SUCCESS, logIndex=6244, commits[b5da6a4a-1459-46a4-9479-d2035163dbe2:c6245, 69c25b61-d669-4f17-b36d-41bca3df1f31:c6241, d2a7b1fa-fac6-4c6f-8c6d-9ac7414c70c3:c6241]
2019-07-14 04:24:06,615 INFO  client.GrpcClientProtocolClient (GrpcClientProtocolClient.java:onNext(255)) - client-8DB4338F17D0->b5da6a4a-1459-46a4-9479-d2035163dbe2: receive RaftClientReply:client-8DB4338F17D0->b5da6a4a-1459-46a4-9479-d2035163dbe2@group-4A9565783204, cid=4101, SUCCESS, logIndex=6245, commits[b5da6a4a-1459-46a4-9479-d2035163dbe2:c6245, 69c25b61-d669-4f17-b36d-41bca3df1f31:c6241, d2a7b1fa-fac6-4c6f-8c6d-9ac7414c70c3:c6241]
2019-07-14 04:24:06,617 INFO  client.GrpcClientProtocolClient (GrpcClientProtocolClient.java:onNext(255)) - client-8DB4338F17D0->b5da6a4a-1459-46a4-9479-d2035163dbe2: receive RaftClientReply:client-8DB4338F17D0->b5da6a4a-1459-46a4-9479-d2035163dbe2@group-4A9565783204, cid=4102, SUCCESS, logIndex=0, commits[b5da6a4a-1459-46a4-9479-d2035163dbe2:c6247, 69c25b61-d669-4f17-b36d-41bca3df1f31:c6243, d2a7b1fa-fac6-4c6f-8c6d-9ac7414c70c3:c6244]
2019-07-14 04:24:06,635 INFO  client.GrpcClientProtocolClient (GrpcClientProtocolClient.java:onNext(255)) - client-8DB4338F17D0->b5da6a4a-1459-46a4-9479-d2035163dbe2: receive RaftClientReply:client-8DB4338F17D0->b5da6a4a-1459-46a4-9479-d2035163dbe2@group-4A9565783204, cid=4103, SUCCESS, logIndex=6250, commits[b5da6a4a-1459-46a4-9479-d2035163dbe2:c6251, 69c25b61-d669-4f17-b36d-41bca3df1f31:c6249, d2a7b1fa-fac6-4c6f-8c6d-9ac7414c70c3:c6249]
2019-07-14 04:24:06,635 INFO  client.GrpcClientProtocolClient (GrpcClientProtocolClient.java:onNext(255)) - client-8DB4338F17D0->b5da6a4a-1459-46a4-9479-d2035163dbe2: receive RaftClientReply:client-8DB4338F17D0->b5da6a4a-1459-46a4-9479-d2035163dbe2@group-4A9565783204, cid=4104, SUCCESS, logIndex=6251, commits[b5da6a4a-1459-46a4-9479-d2035163dbe2:c6251, 69c25b61-d669-4f17-b36d-41bca3df1f31:c6249, d2a7b1fa-fac6-4c6f-8c6d-9ac7414c70c3:c6249]
2019-07-14 04:24:06,647 INFO  client.GrpcClientProtocolClient (GrpcClientProtocolClient.java:onNext(255)) - client-8DB4338F17D0->b5da6a4a-1459-46a4-9479-d2035163dbe2: receive RaftClientReply:client-8DB4338F17D0->b5da6a4a-1459-46a4-9479-d2035163dbe2@group-4A9565783204, cid=4105, SUCCESS, logIndex=6254, commits[b5da6a4a-1459-46a4-9479-d2035163dbe2:c6255, 69c25b61-d669-4f17-b36d-41bca3df1f31:c6251, d2a7b1fa-fac6-4c6f-8c6d-9ac7414c70c3:c6251]
2019-07-14 04:24:06,647 INFO  client.GrpcClientProtocolClient (GrpcClientProtocolClient.java:onNext(255)) - client-8DB4338F17D0->b5da6a4a-1459-46a4-9479-d2035163dbe2: receive RaftClientReply:client-8DB4338F17D0->b5da6a4a-1459-46a4-9479-d2035163dbe2@group-4A9565783204, cid=4106, SUCCESS, logIndex=6255, commits[b5da6a4a-1459-46a4-9479-d2035163dbe2:c6255, 69c25b61-d669-4f17-b36d-41bca3df1f31:c6251, d2a7b1fa-fac6-4c6f-8c6d-9ac7414c70c3:c6251]
2019-07-14 04:24:06,660 INFO  client.GrpcClientProtocolClient (GrpcClientProtocolClient.java:onNext(255)) - client-8DB4338F17D0->b5da6a4a-1459-46a4-9479-d2035163dbe2: receive RaftClientReply:client-8DB4338F17D0->b5da6a4a-1459-46a4-9479-d2035163dbe2@group-4A9565783204, cid=4107, SUCCESS, logIndex=0, commits[b5da6a4a-1459-46a4-9479-d2035163dbe2:c6257, 69c25b61-d669-4f17-b36d-41bca3df1f31:c6255, d2a7b1fa-fac6-4c6f-8c6d-9ac7414c70c3:c6255]
2019-07-14 04:24:06,689 INFO  client.GrpcClientProtocolClient (GrpcClientProtocolClient.java:onNext(255)) - client-8DB4338F17D0->b5da6a4a-1459-46a4-9479-d2035163dbe2: receive RaftClientReply:client-8DB4338F17D0->b5da6a4a-1459-46a4-9479-d2035163dbe2@group-4A9565783204, cid=4108, SUCCESS, logIndex=6258, commits[b5da6a4a-1459-46a4-9479-d2035163dbe2:c6259, 69c25b61-d669-4f17-b36d-41bca3df1f31:c6257, d2a7b1fa-fac6-4c6f-8c6d-9ac7414c70c3:c6257]
2019-07-14 04:24:06,690 INFO  client.GrpcClientProtocolClient (GrpcClientProtocolClient.java:onNext(255)) - client-8DB4338F17D0->b5da6a4a-1459-46a4-9479-d2035163dbe2: receive RaftClientReply:client-8DB4338F17D0->b5da6a4a-1459-46a4-9479-d2035163dbe2@group-4A9565783204, cid=4109, SUCCESS, logIndex=6259, commits[b5da6a4a-1459-46a4-9479-d2035163dbe2:c6261, 69c25b61-d669-4f17-b36d-41bca3df1f31:c6257, d2a7b1fa-fac6-4c6f-8c6d-9ac7414c70c3:c6257]
2019-07-14 04:24:06,690 INFO  client.GrpcClientProtocolClient (GrpcClientProtocolClient.java:onNext(255)) - client-8DB4338F17D0->b5da6a4a-1459-46a4-9479-d2035163dbe2: receive RaftClientReply:client-8DB4338F17D0->b5da6a4a-1459-46a4-9479-d2035163dbe2@group-4A9565783204, cid=4110, SUCCESS, logIndex=6260, commits[b5da6a4a-1459-46a4-9479-d2035163dbe2:c6261, 69c25b61-d669-4f17-b36d-41bca3df1f31:c6257, d2a7b1fa-fac6-4c6f-8c6d-9ac7414c70c3:c6257]
2019-07-14 04:24:06,690 INFO  client.GrpcClientProtocolClient (GrpcClientProtocolClient.java:onNext(255)) - client-8DB4338F17D0->b5da6a4a-1459-46a4-9479-d2035163dbe2: receive RaftClientReply:client-8DB4338F17D0->b5da6a4a-1459-46a4-9479-d2035163dbe2@group-4A9565783204, cid=4111, SUCCESS, logIndex=6261, commits[b5da6a4a-1459-46a4-9479-d2035163dbe2:c6261, 69c25b61-d669-4f17-b36d-41bca3df1f31:c6257, d2a7b1fa-fac6-4c6f-8c6d-9ac7414c70c3:c6257]
2019-07-14 04:24:06,691 INFO  client.GrpcClientProtocolClient (GrpcClientProtocolClient.java:onNext(255)) - client-8DB4338F17D0->b5da6a4a-1459-46a4-9479-d2035163dbe2: receive RaftClientReply:client-8DB4338F17D0->b5da6a4a-1459-46a4-9479-d2035163dbe2@group-4A9565783204, cid=4112, SUCCESS, logIndex=0, commits[b5da6a4a-1459-46a4-9479-d2035163dbe2:c6263, 69c25b61-d669-4f17-b36d-41bca3df1f31:c6259, d2a7b1fa-fac6-4c6f-8c6d-9ac7414c70c3:c6259]
2019-07-14 04:24:06,703 INFO  client.GrpcClientProtocolClient (GrpcClientProtocolClient.java:onNext(255)) - client-8DB4338F17D0->b5da6a4a-1459-46a4-9479-d2035163dbe2: receive RaftClientReply:client-8DB4338F17D0->b5da6a4a-1459-46a4-9479-d2035163dbe2@group-4A9565783204, cid=4113, SUCCESS, logIndex=6265, commits[b5da6a4a-1459-46a4-9479-d2035163dbe2:c6265, 69c25b61-d669-4f17-b36d-41bca3df1f31:c6264, d2a7b1fa-fac6-4c6f-8c6d-9ac7414c70c3:c6264]
2019-07-14 04:24:06,703 INFO  client.GrpcClientProtocolClient (GrpcClientProtocolClient.java:onNext(255)) - client-8DB4338F17D0->b5da6a4a-1459-46a4-9479-d2035163dbe2: receive RaftClientReply:client-8DB4338F17D0->b5da6a4a-1459-46a4-9479-d2035163dbe2@group-4A9565783204, cid=4114, SUCCESS, logIndex=6266, commits[b5da6a4a-1459-46a4-9479-d2035163dbe2:c6266, 69c25b61-d669-4f17-b36d-41bca3df1f31:c6264, d2a7b1fa-fac6-4c6f-8c6d-9ac7414c70c3:c6264]
2019-07-14 04:24:06,721 INFO  client.GrpcClientProtocolClient (GrpcClientProtocolClient.java:onNext(255)) - client-8DB4338F17D0->b5da6a4a-1459-46a4-9479-d2035163dbe2: receive RaftClientReply:client-8DB4338F17D0->b5da6a4a-1459-46a4-9479-d2035163dbe2@group-4A9565783204, cid=4115, SUCCESS, logIndex=6269, commits[b5da6a4a-1459-46a4-9479-d2035163dbe2:c6270, 69c25b61-d669-4f17-b36d-41bca3df1f31:c6267, d2a7b1fa-fac6-4c6f-8c6d-9ac7414c70c3:c6268]
2019-07-14 04:24:06,722 INFO  client.GrpcClientProtocolClient (GrpcClientProtocolClient.java:onNext(255)) - client-8DB4338F17D0->b5da6a4a-1459-46a4-9479-d2035163dbe2: receive RaftClientReply:client-8DB4338F17D0->b5da6a4a-1459-46a4-9479-d2035163dbe2@group-4A9565783204, cid=4116, SUCCESS, logIndex=6270, commits[b5da6a4a-1459-46a4-9479-d2035163dbe2:c6270, 69c25b61-d669-4f17-b36d-41bca3df1f31:c6268, d2a7b1fa-fac6-4c6f-8c6d-9ac7414c70c3:c6268]
2019-07-14 04:24:06,734 INFO  client.GrpcClientProtocolClient (GrpcClientProtocolClient.java:onNext(255)) - client-8DB4338F17D0->b5da6a4a-1459-46a4-9479-d2035163dbe2: receive RaftClientReply:client-8DB4338F17D0->b5da6a4a-1459-46a4-9479-d2035163dbe2@group-4A9565783204, cid=4117, SUCCESS, logIndex=0, commits[b5da6a4a-1459-46a4-9479-d2035163dbe2:c6272, 69c25b61-d669-4f17-b36d-41bca3df1f31:c6270, d2a7b1fa-fac6-4c6f-8c6d-9ac7414c70c3:c6270]
2019-07-14 04:24:06,765 INFO  client.GrpcClientProtocolClient (GrpcClientProtocolClient.java:onNext(255)) - client-8DB4338F17D0->b5da6a4a-1459-46a4-9479-d2035163dbe2: receive RaftClientReply:client-8DB4338F17D0->b5da6a4a-1459-46a4-9479-d2035163dbe2@group-4A9565783204, cid=4118, SUCCESS, logIndex=6273, commits[b5da6a4a-1459-46a4-9479-d2035163dbe2:c6274, 69c25b61-d669-4f17-b36d-41bca3df1f31:c6270, d2a7b1fa-fac6-4c6f-8c6d-9ac7414c70c3:c6272]
2019-07-14 04:24:06,766 INFO  client.GrpcClientProtocolClient (GrpcClientProtocolClient.java:onNext(255)) - client-8DB4338F17D0->b5da6a4a-1459-46a4-9479-d2035163dbe2: receive RaftClientReply:client-8DB4338F17D0->b5da6a4a-1459-46a4-9479-d2035163dbe2@group-4A9565783204, cid=4119, SUCCESS, logIndex=6274, commits[b5da6a4a-1459-46a4-9479-d2035163dbe2:c6274, 69c25b61-d669-4f17-b36d-41bca3df1f31:c6270, d2a7b1fa-fac6-4c6f-8c6d-9ac7414c70c3:c6272]
2019-07-14 04:24:06,768 INFO  client.GrpcClientProtocolClient (GrpcClientProtocolClient.java:onNext(255)) - client-8DB4338F17D0->b5da6a4a-1459-46a4-9479-d2035163dbe2: receive RaftClientReply:client-8DB4338F17D0->b5da6a4a-1459-46a4-9479-d2035163dbe2@group-4A9565783204, cid=4120, SUCCESS, logIndex=6275, commits[b5da6a4a-1459-46a4-9479-d2035163dbe2:c6276, 69c25b61-d669-4f17-b36d-41bca3df1f31:c6272, d2a7b1fa-fac6-4c6f-8c6d-9ac7414c70c3:c6272]
2019-07-14 04:24:06,768 INFO  client.GrpcClientProtocolClient (GrpcClientProtocolClient.java:onNext(255)) - client-8DB4338F17D0->b5da6a4a-1459-46a4-9479-d2035163dbe2: receive RaftClientReply:client-8DB4338F17D0->b5da6a4a-1459-46a4-9479-d2035163dbe2@group-4A9565783204, cid=4121, SUCCESS, logIndex=6276, commits[b5da6a4a-1459-46a4-9479-d2035163dbe2:c6278, 69c25b61-d669-4f17-b36d-41bca3df1f31:c6274, d2a7b1fa-fac6-4c6f-8c6d-9ac7414c70c3:c6272]
2019-07-14 04:24:06,769 INFO  client.GrpcClientProtocolClient (GrpcClientProtocolClient.java:onNext(255)) - client-8DB4338F17D0->b5da6a4a-1459-46a4-9479-d2035163dbe2: receive RaftClientReply:client-8DB4338F17D0->b5da6a4a-1459-46a4-9479-d2035163dbe2@group-4A9565783204, cid=4122, SUCCESS, logIndex=0, commits[b5da6a4a-1459-46a4-9479-d2035163dbe2:c6278, 69c25b61-d669-4f17-b36d-41bca3df1f31:c6274, d2a7b1fa-fac6-4c6f-8c6d-9ac7414c70c3:c6274]
2019-07-14 04:24:06,784 INFO  client.GrpcClientProtocolClient (GrpcClientProtocolClient.java:onNext(255)) - client-8DB4338F17D0->b5da6a4a-1459-46a4-9479-d2035163dbe2: receive RaftClientReply:client-8DB4338F17D0->b5da6a4a-1459-46a4-9479-d2035163dbe2@group-4A9565783204, cid=4123, SUCCESS, logIndex=6281, commits[b5da6a4a-1459-46a4-9479-d2035163dbe2:c6282, 69c25b61-d669-4f17-b36d-41bca3df1f31:c6276, d2a7b1fa-fac6-4c6f-8c6d-9ac7414c70c3:c6279]
2019-07-14 04:24:06,784 INFO  client.GrpcClientProtocolClient (GrpcClientProtocolClient.java:onNext(255)) - client-8DB4338F17D0->b5da6a4a-1459-46a4-9479-d2035163dbe2: receive RaftClientReply:client-8DB4338F17D0->b5da6a4a-1459-46a4-9479-d2035163dbe2@group-4A9565783204, cid=4124, SUCCESS, logIndex=6282, commits[b5da6a4a-1459-46a4-9479-d2035163dbe2:c6282, 69c25b61-d669-4f17-b36d-41bca3df1f31:c6276, d2a7b1fa-fac6-4c6f-8c6d-9ac7414c70c3:c6279]
2019-07-14 04:24:06,794 INFO  client.GrpcClientProtocolClient (GrpcClientProtocolClient.java:onNext(255)) - client-8DB4338F17D0->b5da6a4a-1459-46a4-9479-d2035163dbe2: receive RaftClientReply:client-8DB4338F17D0->b5da6a4a-1459-46a4-9479-d2035163dbe2@group-4A9565783204, cid=4125, SUCCESS, logIndex=6284, commits[b5da6a4a-1459-46a4-9479-d2035163dbe2:c6285, 69c25b61-d669-4f17-b36d-41bca3df1f31:c6282, d2a7b1fa-fac6-4c6f-8c6d-9ac7414c70c3:c6283]
2019-07-14 04:24:06,794 INFO  client.GrpcClientProtocolClient (GrpcClientProtocolClient.java:onNext(255)) - client-8DB4338F17D0->b5da6a4a-1459-46a4-9479-d2035163dbe2: receive RaftClientReply:client-8DB4338F17D0->b5da6a4a-1459-46a4-9479-d2035163dbe2@group-4A9565783204, cid=4126, SUCCESS, logIndex=6285, commits[b5da6a4a-1459-46a4-9479-d2035163dbe2:c6285, 69c25b61-d669-4f17-b36d-41bca3df1f31:c6283, d2a7b1fa-fac6-4c6f-8c6d-9ac7414c70c3:c6283]
2019-07-14 04:24:06,797 INFO  client.GrpcClientProtocolClient (GrpcClientProtocolClient.java:onNext(255)) - client-8DB4338F17D0->b5da6a4a-1459-46a4-9479-d2035163dbe2: receive RaftClientReply:client-8DB4338F17D0->b5da6a4a-1459-46a4-9479-d2035163dbe2@group-4A9565783204, cid=4127, SUCCESS, logIndex=0, commits[b5da6a4a-1459-46a4-9479-d2035163dbe2:c6286, 69c25b61-d669-4f17-b36d-41bca3df1f31:c6285, d2a7b1fa-fac6-4c6f-8c6d-9ac7414c70c3:c6285]
2019-07-14 04:24:06,818 INFO  client.GrpcClientProtocolClient (GrpcClientProtocolClient.java:onNext(255)) - client-8DB4338F17D0->b5da6a4a-1459-46a4-9479-d2035163dbe2: receive RaftClientReply:client-8DB4338F17D0->b5da6a4a-1459-46a4-9479-d2035163dbe2@group-4A9565783204, cid=4128, SUCCESS, logIndex=6288, commits[b5da6a4a-1459-46a4-9479-d2035163dbe2:c6289, 69c25b61-d669-4f17-b36d-41bca3df1f31:c6285, d2a7b1fa-fac6-4c6f-8c6d-9ac7414c70c3:c6287]
2019-07-14 04:24:06,818 INFO  client.GrpcClientProtocolClient (GrpcClientProtocolClient.java:onNext(255)) - client-8DB4338F17D0->b5da6a4a-1459-46a4-9479-d2035163dbe2: receive RaftClientReply:client-8DB4338F17D0->b5da6a4a-1459-46a4-9479-d2035163dbe2@group-4A9565783204, cid=4129, SUCCESS, logIndex=6289, commits[b5da6a4a-1459-46a4-9479-d2035163dbe2:c6289, 69c25b61-d669-4f17-b36d-41bca3df1f31:c6285, d2a7b1fa-fac6-4c6f-8c6d-9ac7414c70c3:c6287]
2019-07-14 04:24:06,820 INFO  client.GrpcClientProtocolClient (GrpcClientProtocolClient.java:onNext(255)) - client-8DB4338F17D0->b5da6a4a-1459-46a4-9479-d2035163dbe2: receive RaftClientReply:client-8DB4338F17D0->b5da6a4a-1459-46a4-9479-d2035163dbe2@group-4A9565783204, cid=4130, SUCCESS, logIndex=6290, commits[b5da6a4a-1459-46a4-9479-d2035163dbe2:c6292, 69c25b61-d669-4f17-b36d-41bca3df1f31:c6288, d2a7b1fa-fac6-4c6f-8c6d-9ac7414c70c3:c6287]
2019-07-14 04:24:06,820 INFO  client.GrpcClientProtocolClient (GrpcClientProtocolClient.java:onNext(255)) - client-8DB4338F17D0->b5da6a4a-1459-46a4-9479-d2035163dbe2: receive RaftClientReply:client-8DB4338F17D0->b5da6a4a-1459-46a4-9479-d2035163dbe2@group-4A9565783204, cid=4131, SUCCESS, logIndex=6291, commits[b5da6a4a-1459-46a4-9479-d2035163dbe2:c6293, 69c25b61-d669-4f17-b36d-41bca3df1f31:c6289, d2a7b1fa-fac6-4c6f-8c6d-9ac7414c70c3:c6287]
2019-07-14 04:24:06,822 INFO  client.GrpcClientProtocolClient (GrpcClientProtocolClient.java:onNext(255)) - client-8DB4338F17D0->b5da6a4a-1459-46a4-9479-d2035163dbe2: receive RaftClientReply:client-8DB4338F17D0->b5da6a4a-1459-46a4-9479-d2035163dbe2@group-4A9565783204, cid=4132, SUCCESS, logIndex=0, commits[b5da6a4a-1459-46a4-9479-d2035163dbe2:c6293, 69c25b61-d669-4f17-b36d-41bca3df1f31:c6289, d2a7b1fa-fac6-4c6f-8c6d-9ac7414c70c3:c6289]
2019-07-14 04:24:06,840 INFO  client.GrpcClientProtocolClient (GrpcClientProtocolClient.java:onNext(255)) - client-8DB4338F17D0->b5da6a4a-1459-46a4-9479-d2035163dbe2: receive RaftClientReply:client-8DB4338F17D0->b5da6a4a-1459-46a4-9479-d2035163dbe2@group-4A9565783204, cid=4133, SUCCESS, logIndex=6296, commits[b5da6a4a-1459-46a4-9479-d2035163dbe2:c6297, 69c25b61-d669-4f17-b36d-41bca3df1f31:c6295, d2a7b1fa-fac6-4c6f-8c6d-9ac7414c70c3:c6295]
2019-07-14 04:24:06,841 INFO  client.GrpcClientProtocolClient (GrpcClientProtocolClient.java:onNext(255)) - client-8DB4338F17D0->b5da6a4a-1459-46a4-9479-d2035163dbe2: receive RaftClientReply:client-8DB4338F17D0->b5da6a4a-1459-46a4-9479-d2035163dbe2@group-4A9565783204, cid=4134, SUCCESS, logIndex=6297, commits[b5da6a4a-1459-46a4-9479-d2035163dbe2:c6297, 69c25b61-d669-4f17-b36d-41bca3df1f31:c6295, d2a7b1fa-fac6-4c6f-8c6d-9ac7414c70c3:c6295]
2019-07-14 04:24:06,854 INFO  client.GrpcClientProtocolClient (GrpcClientProtocolClient.java:onNext(255)) - client-8DB4338F17D0->b5da6a4a-1459-46a4-9479-d2035163dbe2: receive RaftClientReply:client-8DB4338F17D0->b5da6a4a-1459-46a4-9479-d2035163dbe2@group-4A9565783204, cid=4135, SUCCESS, logIndex=6300, commits[b5da6a4a-1459-46a4-9479-d2035163dbe2:c6300, 69c25b61-d669-4f17-b36d-41bca3df1f31:c6297, d2a7b1fa-fac6-4c6f-8c6d-9ac7414c70c3:c6297]
2019-07-14 04:24:06,854 INFO  client.GrpcClientProtocolClient (GrpcClientProtocolClient.java:onNext(255)) - client-8DB4338F17D0->b5da6a4a-1459-46a4-9479-d2035163dbe2: receive RaftClientReply:client-8DB4338F17D0->b5da6a4a-1459-46a4-9479-d2035163dbe2@group-4A9565783204, cid=4136, SUCCESS, logIndex=6301, commits[b5da6a4a-1459-46a4-9479-d2035163dbe2:c6301, 69c25b61-d669-4f17-b36d-41bca3df1f31:c6297, d2a7b1fa-fac6-4c6f-8c6d-9ac7414c70c3:c6297]
2019-07-14 04:24:06,866 INFO  client.GrpcClientProtocolClient (GrpcClientProtocolClient.java:onNext(255)) - client-8DB4338F17D0->b5da6a4a-1459-46a4-9479-d2035163dbe2: receive RaftClientReply:client-8DB4338F17D0->b5da6a4a-1459-46a4-9479-d2035163dbe2@group-4A9565783204, cid=4137, SUCCESS, logIndex=0, commits[b5da6a4a-1459-46a4-9479-d2035163dbe2:c6303, 69c25b61-d669-4f17-b36d-41bca3df1f31:c6301, d2a7b1fa-fac6-4c6f-8c6d-9ac7414c70c3:c6301]
2019-07-14 04:24:06,893 INFO  client.GrpcClientProtocolClient (GrpcClientProtocolClient.java:onNext(255)) - client-8DB4338F17D0->b5da6a4a-1459-46a4-9479-d2035163dbe2: receive RaftClientReply:client-8DB4338F17D0->b5da6a4a-1459-46a4-9479-d2035163dbe2@group-4A9565783204, cid=4138, SUCCESS, logIndex=6304, commits[b5da6a4a-1459-46a4-9479-d2035163dbe2:c6305, 69c25b61-d669-4f17-b36d-41bca3df1f31:c6301, d2a7b1fa-fac6-4c6f-8c6d-9ac7414c70c3:c6303]
2019-07-14 04:24:06,894 INFO  client.GrpcClientProtocolClient (GrpcClientProtocolClient.java:onNext(255)) - client-8DB4338F17D0->b5da6a4a-1459-46a4-9479-d2035163dbe2: receive RaftClientReply:client-8DB4338F17D0->b5da6a4a-1459-46a4-9479-d2035163dbe2@group-4A9565783204, cid=4139, SUCCESS, logIndex=6305, commits[b5da6a4a-1459-46a4-9479-d2035163dbe2:c6305, 69c25b61-d669-4f17-b36d-41bca3df1f31:c6301, d2a7b1fa-fac6-4c6f-8c6d-9ac7414c70c3:c6303]
2019-07-14 04:24:06,896 INFO  client.GrpcClientProtocolClient (GrpcClientProtocolClient.java:onNext(255)) - client-8DB4338F17D0->b5da6a4a-1459-46a4-9479-d2035163dbe2: receive RaftClientReply:client-8DB4338F17D0->b5da6a4a-1459-46a4-9479-d2035163dbe2@group-4A9565783204, cid=4140, SUCCESS, logIndex=6306, commits[b5da6a4a-1459-46a4-9479-d2035163dbe2:c6307, 69c25b61-d669-4f17-b36d-41bca3df1f31:c6303, d2a7b1fa-fac6-4c6f-8c6d-9ac7414c70c3:c6304]
2019-07-14 04:24:06,896 INFO  client.GrpcClientProtocolClient (GrpcClientProtocolClient.java:onNext(255)) - client-8DB4338F17D0->b5da6a4a-1459-46a4-9479-d2035163dbe2: receive RaftClientReply:client-8DB4338F17D0->b5da6a4a-1459-46a4-9479-d2035163dbe2@group-4A9565783204, cid=4141, SUCCESS, logIndex=6307, commits[b5da6a4a-1459-46a4-9479-d2035163dbe2:c6309, 69c25b61-d669-4f17-b36d-41bca3df1f31:c6304, d2a7b1fa-fac6-4c6f-8c6d-9ac7414c70c3:c6305]
2019-07-14 04:24:06,897 INFO  client.GrpcClientProtocolClient (GrpcClientProtocolClient.java:onNext(255)) - client-8DB4338F17D0->b5da6a4a-1459-46a4-9479-d2035163dbe2: receive RaftClientReply:client-8DB4338F17D0->b5da6a4a-1459-46a4-9479-d2035163dbe2@group-4A9565783204, cid=4142, SUCCESS, logIndex=0, commits[b5da6a4a-1459-46a4-9479-d2035163dbe2:c6309, 69c25b61-d669-4f17-b36d-41bca3df1f31:c6305, d2a7b1fa-fac6-4c6f-8c6d-9ac7414c70c3:c6305]
2019-07-14 04:24:06,915 INFO  client.GrpcClientProtocolClient (GrpcClientProtocolClient.java:onNext(255)) - client-8DB4338F17D0->b5da6a4a-1459-46a4-9479-d2035163dbe2: receive RaftClientReply:client-8DB4338F17D0->b5da6a4a-1459-46a4-9479-d2035163dbe2@group-4A9565783204, cid=4143, SUCCESS, logIndex=6312, commits[b5da6a4a-1459-46a4-9479-d2035163dbe2:c6313, 69c25b61-d669-4f17-b36d-41bca3df1f31:c6307, d2a7b1fa-fac6-4c6f-8c6d-9ac7414c70c3:c6311]
2019-07-14 04:24:06,916 INFO  client.GrpcClientProtocolClient (GrpcClientProtocolClient.java:onNext(255)) - client-8DB4338F17D0->b5da6a4a-1459-46a4-9479-d2035163dbe2: receive RaftClientReply:client-8DB4338F17D0->b5da6a4a-1459-46a4-9479-d2035163dbe2@group-4A9565783204, cid=4144, SUCCESS, logIndex=6313, commits[b5da6a4a-1459-46a4-9479-d2035163dbe2:c6313, 69c25b61-d669-4f17-b36d-41bca3df1f31:c6311, d2a7b1fa-fac6-4c6f-8c6d-9ac7414c70c3:c6311]
2019-07-14 04:24:07,065 INFO  client.GrpcClientProtocolClient (GrpcClientProtocolClient.java:onNext(255)) - client-8DB4338F17D0->b5da6a4a-1459-46a4-9479-d2035163dbe2: receive RaftClientReply:client-8DB4338F17D0->b5da6a4a-1459-46a4-9479-d2035163dbe2@group-4A9565783204, cid=4145, SUCCESS, logIndex=6316, commits[b5da6a4a-1459-46a4-9479-d2035163dbe2:c6317, 69c25b61-d669-4f17-b36d-41bca3df1f31:c6315, d2a7b1fa-fac6-4c6f-8c6d-9ac7414c70c3:c6315]
2019-07-14 04:24:07,065 INFO  client.GrpcClientProtocolClient (GrpcClientProtocolClient.java:onNext(255)) - client-8DB4338F17D0->b5da6a4a-1459-46a4-9479-d2035163dbe2: receive RaftClientReply:client-8DB4338F17D0->b5da6a4a-1459-46a4-9479-d2035163dbe2@group-4A9565783204, cid=4146, SUCCESS, logIndex=6317, commits[b5da6a4a-1459-46a4-9479-d2035163dbe2:c6317, 69c25b61-d669-4f17-b36d-41bca3df1f31:c6315, d2a7b1fa-fac6-4c6f-8c6d-9ac7414c70c3:c6315]
2019-07-14 04:24:07,078 INFO  client.GrpcClientProtocolClient (GrpcClientProtocolClient.java:onNext(255)) - client-8DB4338F17D0->b5da6a4a-1459-46a4-9479-d2035163dbe2: receive RaftClientReply:client-8DB4338F17D0->b5da6a4a-1459-46a4-9479-d2035163dbe2@group-4A9565783204, cid=4147, SUCCESS, logIndex=0, commits[b5da6a4a-1459-46a4-9479-d2035163dbe2:c6319, 69c25b61-d669-4f17-b36d-41bca3df1f31:c6317, d2a7b1fa-fac6-4c6f-8c6d-9ac7414c70c3:c6317]
2019-07-14 04:24:07,115 INFO  client.GrpcClientProtocolClient (GrpcClientProtocolClient.java:onNext(255)) - client-8DB4338F17D0->b5da6a4a-1459-46a4-9479-d2035163dbe2: receive RaftClientReply:client-8DB4338F17D0->b5da6a4a-1459-46a4-9479-d2035163dbe2@group-4A9565783204, cid=4148, SUCCESS, logIndex=6320, commits[b5da6a4a-1459-46a4-9479-d2035163dbe2:c6321, 69c25b61-d669-4f17-b36d-41bca3df1f31:c6319, d2a7b1fa-fac6-4c6f-8c6d-9ac7414c70c3:c6319]
2019-07-14 04:24:07,115 INFO  client.GrpcClientProtocolClient (GrpcClientProtocolClient.java:onNext(255)) - client-8DB4338F17D0->b5da6a4a-1459-46a4-9479-d2035163dbe2: receive RaftClientReply:client-8DB4338F17D0->b5da6a4a-1459-46a4-9479-d2035163dbe2@group-4A9565783204, cid=4149, SUCCESS, logIndex=6321, commits[b5da6a4a-1459-46a4-9479-d2035163dbe2:c6321, 69c25b61-d669-4f17-b36d-41bca3df1f31:c6319, d2a7b1fa-fac6-4c6f-8c6d-9ac7414c70c3:c6319]
2019-07-14 04:24:07,116 INFO  client.GrpcClientProtocolClient (GrpcClientProtocolClient.java:onNext(255)) - client-8DB4338F17D0->b5da6a4a-1459-46a4-9479-d2035163dbe2: receive RaftClientReply:client-8DB4338F17D0->b5da6a4a-1459-46a4-9479-d2035163dbe2@group-4A9565783204, cid=4150, SUCCESS, logIndex=6322, commits[b5da6a4a-1459-46a4-9479-d2035163dbe2:c6322, 69c25b61-d669-4f17-b36d-41bca3df1f31:c6319, d2a7b1fa-fac6-4c6f-8c6d-9ac7414c70c3:c6319]
2019-07-14 04:24:07,116 INFO  client.GrpcClientProtocolClient (GrpcClientProtocolClient.java:onNext(255)) - client-8DB4338F17D0->b5da6a4a-1459-46a4-9479-d2035163dbe2: receive RaftClientReply:client-8DB4338F17D0->b5da6a4a-1459-46a4-9479-d2035163dbe2@group-4A9565783204, cid=4151, SUCCESS, logIndex=6323, commits[b5da6a4a-1459-46a4-9479-d2035163dbe2:c6323, 69c25b61-d669-4f17-b36d-41bca3df1f31:c6319, d2a7b1fa-fac6-4c6f-8c6d-9ac7414c70c3:c6319]
2019-07-14 04:24:07,117 INFO  client.GrpcClientProtocolClient (GrpcClientProtocolClient.java:onNext(255)) - client-8DB4338F17D0->b5da6a4a-1459-46a4-9479-d2035163dbe2: receive RaftClientReply:client-8DB4338F17D0->b5da6a4a-1459-46a4-9479-d2035163dbe2@group-4A9565783204, cid=4152, SUCCESS, logIndex=0, commits[b5da6a4a-1459-46a4-9479-d2035163dbe2:c6326, 69c25b61-d669-4f17-b36d-41bca3df1f31:c6321, d2a7b1fa-fac6-4c6f-8c6d-9ac7414c70c3:c6322]
2019-07-14 04:24:07,130 INFO  client.GrpcClientProtocolClient (GrpcClientProtocolClient.java:onNext(255)) - client-8DB4338F17D0->b5da6a4a-1459-46a4-9479-d2035163dbe2: receive RaftClientReply:client-8DB4338F17D0->b5da6a4a-1459-46a4-9479-d2035163dbe2@group-4A9565783204, cid=4153, SUCCESS, logIndex=6328, commits[b5da6a4a-1459-46a4-9479-d2035163dbe2:c6329, 69c25b61-d669-4f17-b36d-41bca3df1f31:c6323, d2a7b1fa-fac6-4c6f-8c6d-9ac7414c70c3:c6327]
2019-07-14 04:24:07,130 INFO  client.GrpcClientProtocolClient (GrpcClientProtocolClient.java:onNext(255)) - client-8DB4338F17D0->b5da6a4a-1459-46a4-9479-d2035163dbe2: receive RaftClientReply:client-8DB4338F17D0->b5da6a4a-1459-46a4-9479-d2035163dbe2@group-4A9565783204, cid=4154, SUCCESS, logIndex=6329, commits[b5da6a4a-1459-46a4-9479-d2035163dbe2:c6329, 69c25b61-d669-4f17-b36d-41bca3df1f31:c6327, d2a7b1fa-fac6-4c6f-8c6d-9ac7414c70c3:c6327]
2019-07-14 04:24:07,151 INFO  client.GrpcClientProtocolClient (GrpcClientProtocolClient.java:onNext(255)) - client-8DB4338F17D0->b5da6a4a-1459-46a4-9479-d2035163dbe2: receive RaftClientReply:client-8DB4338F17D0->b5da6a4a-1459-46a4-9479-d2035163dbe2@group-4A9565783204, cid=4155, SUCCESS, logIndex=6332, commits[b5da6a4a-1459-46a4-9479-d2035163dbe2:c6333, 69c25b61-d669-4f17-b36d-41bca3df1f31:c6331, d2a7b1fa-fac6-4c6f-8c6d-9ac7414c70c3:c6331]
2019-07-14 04:24:07,151 INFO  client.GrpcClientProtocolClient (GrpcClientProtocolClient.java:onNext(255)) - client-8DB4338F17D0->b5da6a4a-1459-46a4-9479-d2035163dbe2: receive RaftClientReply:client-8DB4338F17D0->b5da6a4a-1459-46a4-9479-d2035163dbe2@group-4A9565783204, cid=4156, SUCCESS, logIndex=6333, commits[b5da6a4a-1459-46a4-9479-d2035163dbe2:c6333, 69c25b61-d669-4f17-b36d-41bca3df1f31:c6331, d2a7b1fa-fac6-4c6f-8c6d-9ac7414c70c3:c6331]
2019-07-14 04:24:07,152 INFO  client.GrpcClientProtocolClient (GrpcClientProtocolClient.java:onNext(255)) - client-8DB4338F17D0->b5da6a4a-1459-46a4-9479-d2035163dbe2: receive RaftClientReply:client-8DB4338F17D0->b5da6a4a-1459-46a4-9479-d2035163dbe2@group-4A9565783204, cid=4157, SUCCESS, logIndex=0, commits[b5da6a4a-1459-46a4-9479-d2035163dbe2:c6334, 69c25b61-d669-4f17-b36d-41bca3df1f31:c6333, d2a7b1fa-fac6-4c6f-8c6d-9ac7414c70c3:c6333]
2019-07-14 04:24:07,174 INFO  client.GrpcClientProtocolClient (GrpcClientProtocolClient.java:onNext(255)) - client-8DB4338F17D0->b5da6a4a-1459-46a4-9479-d2035163dbe2: receive RaftClientReply:client-8DB4338F17D0->b5da6a4a-1459-46a4-9479-d2035163dbe2@group-4A9565783204, cid=4158, SUCCESS, logIndex=6336, commits[b5da6a4a-1459-46a4-9479-d2035163dbe2:c6337, 69c25b61-d669-4f17-b36d-41bca3df1f31:c6333, d2a7b1fa-fac6-4c6f-8c6d-9ac7414c70c3:c6335]
2019-07-14 04:24:07,175 INFO  client.GrpcClientProtocolClient (GrpcClientProtocolClient.java:onNext(255)) - client-8DB4338F17D0->b5da6a4a-1459-46a4-9479-d2035163dbe2: receive RaftClientReply:client-8DB4338F17D0->b5da6a4a-1459-46a4-9479-d2035163dbe2@group-4A9565783204, cid=4159, SUCCESS, logIndex=6337, commits[b5da6a4a-1459-46a4-9479-d2035163dbe2:c6337, 69c25b61-d669-4f17-b36d-41bca3df1f31:c6335, d2a7b1fa-fac6-4c6f-8c6d-9ac7414c70c3:c6335]
2019-07-14 04:24:07,178 INFO  client.GrpcClientProtocolClient (GrpcClientProtocolClient.java:onNext(255)) - client-8DB4338F17D0->b5da6a4a-1459-46a4-9479-d2035163dbe2: receive RaftClientReply:client-8DB4338F17D0->b5da6a4a-1459-46a4-9479-d2035163dbe2@group-4A9565783204, cid=4160, SUCCESS, logIndex=6338, commits[b5da6a4a-1459-46a4-9479-d2035163dbe2:c6338, 69c25b61-d669-4f17-b36d-41bca3df1f31:c6335, d2a7b1fa-fac6-4c6f-8c6d-9ac7414c70c3:c6335]
2019-07-14 04:24:07,179 INFO  client.GrpcClientProtocolClient (GrpcClientProtocolClient.java:onNext(255)) - client-8DB4338F17D0->b5da6a4a-1459-46a4-9479-d2035163dbe2: receive RaftClientReply:client-8DB4338F17D0->b5da6a4a-1459-46a4-9479-d2035163dbe2@group-4A9565783204, cid=4161, SUCCESS, logIndex=6339, commits[b5da6a4a-1459-46a4-9479-d2035163dbe2:c6341, 69c25b61-d669-4f17-b36d-41bca3df1f31:c6335, d2a7b1fa-fac6-4c6f-8c6d-9ac7414c70c3:c6337]
2019-07-14 04:24:07,180 INFO  client.GrpcClientProtocolClient (GrpcClientProtocolClient.java:onNext(255)) - client-8DB4338F17D0->b5da6a4a-1459-46a4-9479-d2035163dbe2: receive RaftClientReply:client-8DB4338F17D0->b5da6a4a-1459-46a4-9479-d2035163dbe2@group-4A9565783204, cid=4162, SUCCESS, logIndex=0, commits[b5da6a4a-1459-46a4-9479-d2035163dbe2:c6342, 69c25b61-d669-4f17-b36d-41bca3df1f31:c6337, d2a7b1fa-fac6-4c6f-8c6d-9ac7414c70c3:c6338]
2019-07-14 04:24:07,200 INFO  client.GrpcClientProtocolClient (GrpcClientProtocolClient.java:onNext(255)) - client-8DB4338F17D0->b5da6a4a-1459-46a4-9479-d2035163dbe2: receive RaftClientReply:client-8DB4338F17D0->b5da6a4a-1459-46a4-9479-d2035163dbe2@group-4A9565783204, cid=4163, SUCCESS, logIndex=6343, commits[b5da6a4a-1459-46a4-9479-d2035163dbe2:c6344, 69c25b61-d669-4f17-b36d-41bca3df1f31:c6338, d2a7b1fa-fac6-4c6f-8c6d-9ac7414c70c3:c6342]
2019-07-14 04:24:07,200 INFO  client.GrpcClientProtocolClient (GrpcClientProtocolClient.java:onNext(255)) - client-8DB4338F17D0->b5da6a4a-1459-46a4-9479-d2035163dbe2: receive RaftClientReply:client-8DB4338F17D0->b5da6a4a-1459-46a4-9479-d2035163dbe2@group-4A9565783204, cid=4164, SUCCESS, logIndex=6344, commits[b5da6a4a-1459-46a4-9479-d2035163dbe2:c6344, 69c25b61-d669-4f17-b36d-41bca3df1f31:c6342, d2a7b1fa-fac6-4c6f-8c6d-9ac7414c70c3:c6342]
2019-07-14 04:24:07,218 INFO  client.GrpcClientProtocolClient (GrpcClientProtocolClient.java:onNext(255)) - client-8DB4338F17D0->b5da6a4a-1459-46a4-9479-d2035163dbe2: receive RaftClientReply:client-8DB4338F17D0->b5da6a4a-1459-46a4-9479-d2035163dbe2@group-4A9565783204, cid=4165, SUCCESS, logIndex=6347, commits[b5da6a4a-1459-46a4-9479-d2035163dbe2:c6347, 69c25b61-d669-4f17-b36d-41bca3df1f31:c6346, d2a7b1fa-fac6-4c6f-8c6d-9ac7414c70c3:c6346]
2019-07-14 04:24:07,218 INFO  client.GrpcClientProtocolClient (GrpcClientProtocolClient.java:onNext(255)) - client-8DB4338F17D0->b5da6a4a-1459-46a4-9479-d2035163dbe2: receive RaftClientReply:client-8DB4338F17D0->b5da6a4a-1459-46a4-9479-d2035163dbe2@group-4A9565783204, cid=4166, SUCCESS, logIndex=6348, commits[b5da6a4a-1459-46a4-9479-d2035163dbe2:c6348, 69c25b61-d669-4f17-b36d-41bca3df1f31:c6346, d2a7b1fa-fac6-4c6f-8c6d-9ac7414c70c3:c6346]
2019-07-14 04:24:07,221 INFO  client.GrpcClientProtocolClient (GrpcClientProtocolClient.java:onNext(255)) - client-8DB4338F17D0->b5da6a4a-1459-46a4-9479-d2035163dbe2: receive RaftClientReply:client-8DB4338F17D0->b5da6a4a-1459-46a4-9479-d2035163dbe2@group-4A9565783204, cid=4167, SUCCESS, logIndex=0, commits[b5da6a4a-1459-46a4-9479-d2035163dbe2:c6350, 69c25b61-d669-4f17-b36d-41bca3df1f31:c6348, d2a7b1fa-fac6-4c6f-8c6d-9ac7414c70c3:c6348]
2019-07-14 04:24:07,246 INFO  client.GrpcClientProtocolClient (GrpcClientProtocolClient.java:onNext(255)) - client-8DB4338F17D0->b5da6a4a-1459-46a4-9479-d2035163dbe2: receive RaftClientReply:client-8DB4338F17D0->b5da6a4a-1459-46a4-9479-d2035163dbe2@group-4A9565783204, cid=4168, SUCCESS, logIndex=6351, commits[b5da6a4a-1459-46a4-9479-d2035163dbe2:c6352, 69c25b61-d669-4f17-b36d-41bca3df1f31:c6348, d2a7b1fa-fac6-4c6f-8c6d-9ac7414c70c3:c6350]
2019-07-14 04:24:07,246 INFO  client.GrpcClientProtocolClient (GrpcClientProtocolClient.java:onNext(255)) - client-8DB4338F17D0->b5da6a4a-1459-46a4-9479-d2035163dbe2: receive RaftClientReply:client-8DB4338F17D0->b5da6a4a-1459-46a4-9479-d2035163dbe2@group-4A9565783204, cid=4169, SUCCESS, logIndex=6352, commits[b5da6a4a-1459-46a4-9479-d2035163dbe2:c6352, 69c25b61-d669-4f17-b36d-41bca3df1f31:c6348, d2a7b1fa-fac6-4c6f-8c6d-9ac7414c70c3:c6350]
2019-07-14 04:24:07,250 INFO  client.GrpcClientProtocolClient (GrpcClientProtocolClient.java:onNext(255)) - client-8DB4338F17D0->b5da6a4a-1459-46a4-9479-d2035163dbe2: receive RaftClientReply:client-8DB4338F17D0->b5da6a4a-1459-46a4-9479-d2035163dbe2@group-4A9565783204, cid=4170, SUCCESS, logIndex=6353, commits[b5da6a4a-1459-46a4-9479-d2035163dbe2:c6354, 69c25b61-d669-4f17-b36d-41bca3df1f31:c6350, d2a7b1fa-fac6-4c6f-8c6d-9ac7414c70c3:c6350]
2019-07-14 04:24:07,250 INFO  client.GrpcClientProtocolClient (GrpcClientProtocolClient.java:onNext(255)) - client-8DB4338F17D0->b5da6a4a-1459-46a4-9479-d2035163dbe2: receive RaftClientReply:client-8DB4338F17D0->b5da6a4a-1459-46a4-9479-d2035163dbe2@group-4A9565783204, cid=4171, SUCCESS, logIndex=6354, commits[b5da6a4a-1459-46a4-9479-d2035163dbe2:c6356, 69c25b61-d669-4f17-b36d-41bca3df1f31:c6350, d2a7b1fa-fac6-4c6f-8c6d-9ac7414c70c3:c6352]
2019-07-14 04:24:07,251 INFO  client.GrpcClientProtocolClient (GrpcClientProtocolClient.java:onNext(255)) - client-8DB4338F17D0->b5da6a4a-1459-46a4-9479-d2035163dbe2: receive RaftClientReply:client-8DB4338F17D0->b5da6a4a-1459-46a4-9479-d2035163dbe2@group-4A9565783204, cid=4172, SUCCESS, logIndex=0, commits[b5da6a4a-1459-46a4-9479-d2035163dbe2:c6356, 69c25b61-d669-4f17-b36d-41bca3df1f31:c6352, d2a7b1fa-fac6-4c6f-8c6d-9ac7414c70c3:c6352]
 0.00% |█                                                                                                    |  0/1 Time: 0:00:322019-07-14 04:24:07,271 INFO  client.GrpcClientProtocolClient (GrpcClientProtocolClient.java:onNext(255)) - client-8DB4338F17D0->b5da6a4a-1459-46a4-9479-d2035163dbe2: receive RaftClientReply:client-8DB4338F17D0->b5da6a4a-1459-46a4-9479-d2035163dbe2@group-4A9565783204, cid=4173, SUCCESS, logIndex=6359, commits[b5da6a4a-1459-46a4-9479-d2035163dbe2:c6360, 69c25b61-d669-4f17-b36d-41bca3df1f31:c6354, d2a7b1fa-fac6-4c6f-8c6d-9ac7414c70c3:c6356]
2019-07-14 04:24:07,271 INFO  client.GrpcClientProtocolClient (GrpcClientProtocolClient.java:onNext(255)) - client-8DB4338F17D0->b5da6a4a-1459-46a4-9479-d2035163dbe2: receive RaftClientReply:client-8DB4338F17D0->b5da6a4a-1459-46a4-9479-d2035163dbe2@group-4A9565783204, cid=4174, SUCCESS, logIndex=6360, commits[b5da6a4a-1459-46a4-9479-d2035163dbe2:c6360, 69c25b61-d669-4f17-b36d-41bca3df1f31:c6356, d2a7b1fa-fac6-4c6f-8c6d-9ac7414c70c3:c6356]
2019-07-14 04:24:07,290 INFO  client.GrpcClientProtocolClient (GrpcClientProtocolClient.java:onNext(255)) - client-8DB4338F17D0->b5da6a4a-1459-46a4-9479-d2035163dbe2: receive RaftClientReply:client-8DB4338F17D0->b5da6a4a-1459-46a4-9479-d2035163dbe2@group-4A9565783204, cid=4175, SUCCESS, logIndex=6363, commits[b5da6a4a-1459-46a4-9479-d2035163dbe2:c6364, 69c25b61-d669-4f17-b36d-41bca3df1f31:c6362, d2a7b1fa-fac6-4c6f-8c6d-9ac7414c70c3:c6362]
2019-07-14 04:24:07,290 INFO  client.GrpcClientProtocolClient (GrpcClientProtocolClient.java:onNext(255)) - client-8DB4338F17D0->b5da6a4a-1459-46a4-9479-d2035163dbe2: receive RaftClientReply:client-8DB4338F17D0->b5da6a4a-1459-46a4-9479-d2035163dbe2@group-4A9565783204, cid=4176, SUCCESS, logIndex=6364, commits[b5da6a4a-1459-46a4-9479-d2035163dbe2:c6364, 69c25b61-d669-4f17-b36d-41bca3df1f31:c6362, d2a7b1fa-fac6-4c6f-8c6d-9ac7414c70c3:c6362]
2019-07-14 04:24:07,295 INFO  client.GrpcClientProtocolClient (GrpcClientProtocolClient.java:onNext(255)) - client-8DB4338F17D0->b5da6a4a-1459-46a4-9479-d2035163dbe2: receive RaftClientReply:client-8DB4338F17D0->b5da6a4a-1459-46a4-9479-d2035163dbe2@group-4A9565783204, cid=4177, SUCCESS, logIndex=0, commits[b5da6a4a-1459-46a4-9479-d2035163dbe2:c6366, 69c25b61-d669-4f17-b36d-41bca3df1f31:c6364, d2a7b1fa-fac6-4c6f-8c6d-9ac7414c70c3:c6364]
2019-07-14 04:24:07,320 INFO  client.GrpcClientProtocolClient (GrpcClientProtocolClient.java:onNext(255)) - client-8DB4338F17D0->b5da6a4a-1459-46a4-9479-d2035163dbe2: receive RaftClientReply:client-8DB4338F17D0->b5da6a4a-1459-46a4-9479-d2035163dbe2@group-4A9565783204, cid=4178, SUCCESS, logIndex=6367, commits[b5da6a4a-1459-46a4-9479-d2035163dbe2:c6368, 69c25b61-d669-4f17-b36d-41bca3df1f31:c6364, d2a7b1fa-fac6-4c6f-8c6d-9ac7414c70c3:c6366]
2019-07-14 04:24:07,321 INFO  client.GrpcClientProtocolClient (GrpcClientProtocolClient.java:onNext(255)) - client-8DB4338F17D0->b5da6a4a-1459-46a4-9479-d2035163dbe2: receive RaftClientReply:client-8DB4338F17D0->b5da6a4a-1459-46a4-9479-d2035163dbe2@group-4A9565783204, cid=4179, SUCCESS, logIndex=6368, commits[b5da6a4a-1459-46a4-9479-d2035163dbe2:c6368, 69c25b61-d669-4f17-b36d-41bca3df1f31:c6364, d2a7b1fa-fac6-4c6f-8c6d-9ac7414c70c3:c6366]
2019-07-14 04:24:07,324 INFO  client.GrpcClientProtocolClient (GrpcClientProtocolClient.java:onNext(255)) - client-8DB4338F17D0->b5da6a4a-1459-46a4-9479-d2035163dbe2: receive RaftClientReply:client-8DB4338F17D0->b5da6a4a-1459-46a4-9479-d2035163dbe2@group-4A9565783204, cid=4180, SUCCESS, logIndex=6369, commits[b5da6a4a-1459-46a4-9479-d2035163dbe2:c6370, 69c25b61-d669-4f17-b36d-41bca3df1f31:c6366, d2a7b1fa-fac6-4c6f-8c6d-9ac7414c70c3:c6366]
2019-07-14 04:24:07,324 INFO  client.GrpcClientProtocolClient (GrpcClientProtocolClient.java:onNext(255)) - client-8DB4338F17D0->b5da6a4a-1459-46a4-9479-d2035163dbe2: receive RaftClientReply:client-8DB4338F17D0->b5da6a4a-1459-46a4-9479-d2035163dbe2@group-4A9565783204, cid=4181, SUCCESS, logIndex=6370, commits[b5da6a4a-1459-46a4-9479-d2035163dbe2:c6370, 69c25b61-d669-4f17-b36d-41bca3df1f31:c6366, d2a7b1fa-fac6-4c6f-8c6d-9ac7414c70c3:c6366]
2019-07-14 04:24:07,326 INFO  client.GrpcClientProtocolClient (GrpcClientProtocolClient.java:onNext(255)) - client-8DB4338F17D0->b5da6a4a-1459-46a4-9479-d2035163dbe2: receive RaftClientReply:client-8DB4338F17D0->b5da6a4a-1459-46a4-9479-d2035163dbe2@group-4A9565783204, cid=4182, SUCCESS, logIndex=0, commits[b5da6a4a-1459-46a4-9479-d2035163dbe2:c6372, 69c25b61-d669-4f17-b36d-41bca3df1f31:c6368, d2a7b1fa-fac6-4c6f-8c6d-9ac7414c70c3:c6368]
2019-07-14 04:24:07,338 INFO  client.GrpcClientProtocolClient (GrpcClientProtocolClient.java:onNext(255)) - client-8DB4338F17D0->b5da6a4a-1459-46a4-9479-d2035163dbe2: receive RaftClientReply:client-8DB4338F17D0->b5da6a4a-1459-46a4-9479-d2035163dbe2@group-4A9565783204, cid=4183, SUCCESS, logIndex=6375, commits[b5da6a4a-1459-46a4-9479-d2035163dbe2:c6376, 69c25b61-d669-4f17-b36d-41bca3df1f31:c6370, d2a7b1fa-fac6-4c6f-8c6d-9ac7414c70c3:c6374]
2019-07-14 04:24:07,338 INFO  client.GrpcClientProtocolClient (GrpcClientProtocolClient.java:onNext(255)) - client-8DB4338F17D0->b5da6a4a-1459-46a4-9479-d2035163dbe2: receive RaftClientReply:client-8DB4338F17D0->b5da6a4a-1459-46a4-9479-d2035163dbe2@group-4A9565783204, cid=4184, SUCCESS, logIndex=6376, commits[b5da6a4a-1459-46a4-9479-d2035163dbe2:c6376, 69c25b61-d669-4f17-b36d-41bca3df1f31:c6374, d2a7b1fa-fac6-4c6f-8c6d-9ac7414c70c3:c6374]
2019-07-14 04:24:07,356 INFO  client.GrpcClientProtocolClient (GrpcClientProtocolClient.java:onNext(255)) - client-8DB4338F17D0->b5da6a4a-1459-46a4-9479-d2035163dbe2: receive RaftClientReply:client-8DB4338F17D0->b5da6a4a-1459-46a4-9479-d2035163dbe2@group-4A9565783204, cid=4185, SUCCESS, logIndex=6379, commits[b5da6a4a-1459-46a4-9479-d2035163dbe2:c6380, 69c25b61-d669-4f17-b36d-41bca3df1f31:c6378, d2a7b1fa-fac6-4c6f-8c6d-9ac7414c70c3:c6378]
2019-07-14 04:24:07,356 INFO  client.GrpcClientProtocolClient (GrpcClientProtocolClient.java:onNext(255)) - client-8DB4338F17D0->b5da6a4a-1459-46a4-9479-d2035163dbe2: receive RaftClientReply:client-8DB4338F17D0->b5da6a4a-1459-46a4-9479-d2035163dbe2@group-4A9565783204, cid=4186, SUCCESS, logIndex=6380, commits[b5da6a4a-1459-46a4-9479-d2035163dbe2:c6380, 69c25b61-d669-4f17-b36d-41bca3df1f31:c6378, d2a7b1fa-fac6-4c6f-8c6d-9ac7414c70c3:c6378]
2019-07-14 04:24:07,361 INFO  client.GrpcClientProtocolClient (GrpcClientProtocolClient.java:onNext(255)) - client-8DB4338F17D0->b5da6a4a-1459-46a4-9479-d2035163dbe2: receive RaftClientReply:client-8DB4338F17D0->b5da6a4a-1459-46a4-9479-d2035163dbe2@group-4A9565783204, cid=4187, SUCCESS, logIndex=0, commits[b5da6a4a-1459-46a4-9479-d2035163dbe2:c6382, 69c25b61-d669-4f17-b36d-41bca3df1f31:c6380, d2a7b1fa-fac6-4c6f-8c6d-9ac7414c70c3:c6380]
2019-07-14 04:24:07,393 INFO  client.GrpcClientProtocolClient (GrpcClientProtocolClient.java:onNext(255)) - client-8DB4338F17D0->b5da6a4a-1459-46a4-9479-d2035163dbe2: receive RaftClientReply:client-8DB4338F17D0->b5da6a4a-1459-46a4-9479-d2035163dbe2@group-4A9565783204, cid=4188, SUCCESS, logIndex=6383, commits[b5da6a4a-1459-46a4-9479-d2035163dbe2:c6384, 69c25b61-d669-4f17-b36d-41bca3df1f31:c6382, d2a7b1fa-fac6-4c6f-8c6d-9ac7414c70c3:c6382]
2019-07-14 04:24:07,393 INFO  client.GrpcClientProtocolClient (GrpcClientProtocolClient.java:onNext(255)) - client-8DB4338F17D0->b5da6a4a-1459-46a4-9479-d2035163dbe2: receive RaftClientReply:client-8DB4338F17D0->b5da6a4a-1459-46a4-9479-d2035163dbe2@group-4A9565783204, cid=4189, SUCCESS, logIndex=6384, commits[b5da6a4a-1459-46a4-9479-d2035163dbe2:c6386, 69c25b61-d669-4f17-b36d-41bca3df1f31:c6382, d2a7b1fa-fac6-4c6f-8c6d-9ac7414c70c3:c6382]
2019-07-14 04:24:07,394 INFO  client.GrpcClientProtocolClient (GrpcClientProtocolClient.java:onNext(255)) - client-8DB4338F17D0->b5da6a4a-1459-46a4-9479-d2035163dbe2: receive RaftClientReply:client-8DB4338F17D0->b5da6a4a-1459-46a4-9479-d2035163dbe2@group-4A9565783204, cid=4190, SUCCESS, logIndex=6385, commits[b5da6a4a-1459-46a4-9479-d2035163dbe2:c6386, 69c25b61-d669-4f17-b36d-41bca3df1f31:c6382, d2a7b1fa-fac6-4c6f-8c6d-9ac7414c70c3:c6382]
2019-07-14 04:24:07,394 INFO  client.GrpcClientProtocolClient (GrpcClientProtocolClient.java:onNext(255)) - client-8DB4338F17D0->b5da6a4a-1459-46a4-9479-d2035163dbe2: receive RaftClientReply:client-8DB4338F17D0->b5da6a4a-1459-46a4-9479-d2035163dbe2@group-4A9565783204, cid=4191, SUCCESS, logIndex=6386, commits[b5da6a4a-1459-46a4-9479-d2035163dbe2:c6386, 69c25b61-d669-4f17-b36d-41bca3df1f31:c6382, d2a7b1fa-fac6-4c6f-8c6d-9ac7414c70c3:c6382]
2019-07-14 04:24:07,397 INFO  client.GrpcClientProtocolClient (GrpcClientProtocolClient.java:onNext(255)) - client-8DB4338F17D0->b5da6a4a-1459-46a4-9479-d2035163dbe2: receive RaftClientReply:client-8DB4338F17D0->b5da6a4a-1459-46a4-9479-d2035163dbe2@group-4A9565783204, cid=4192, SUCCESS, logIndex=0, commits[b5da6a4a-1459-46a4-9479-d2035163dbe2:c6390, 69c25b61-d669-4f17-b36d-41bca3df1f31:c6384, d2a7b1fa-fac6-4c6f-8c6d-9ac7414c70c3:c6386]
2019-07-14 04:24:07,415 INFO  client.GrpcClientProtocolClient (GrpcClientProtocolClient.java:onNext(255)) - client-8DB4338F17D0->b5da6a4a-1459-46a4-9479-d2035163dbe2: receive RaftClientReply:client-8DB4338F17D0->b5da6a4a-1459-46a4-9479-d2035163dbe2@group-4A9565783204, cid=4193, SUCCESS, logIndex=6391, commits[b5da6a4a-1459-46a4-9479-d2035163dbe2:c6392, 69c25b61-d669-4f17-b36d-41bca3df1f31:c6390, d2a7b1fa-fac6-4c6f-8c6d-9ac7414c70c3:c6390]
2019-07-14 04:24:07,416 INFO  client.GrpcClientProtocolClient (GrpcClientProtocolClient.java:onNext(255)) - client-8DB4338F17D0->b5da6a4a-1459-46a4-9479-d2035163dbe2: receive RaftClientReply:client-8DB4338F17D0->b5da6a4a-1459-46a4-9479-d2035163dbe2@group-4A9565783204, cid=4194, SUCCESS, logIndex=6392, commits[b5da6a4a-1459-46a4-9479-d2035163dbe2:c6392, 69c25b61-d669-4f17-b36d-41bca3df1f31:c6390, d2a7b1fa-fac6-4c6f-8c6d-9ac7414c70c3:c6390]
2019-07-14 04:24:07,428 INFO  client.GrpcClientProtocolClient (GrpcClientProtocolClient.java:onNext(255)) - client-8DB4338F17D0->b5da6a4a-1459-46a4-9479-d2035163dbe2: receive RaftClientReply:client-8DB4338F17D0->b5da6a4a-1459-46a4-9479-d2035163dbe2@group-4A9565783204, cid=4195, SUCCESS, logIndex=6395, commits[b5da6a4a-1459-46a4-9479-d2035163dbe2:c6395, 69c25b61-d669-4f17-b36d-41bca3df1f31:c6392, d2a7b1fa-fac6-4c6f-8c6d-9ac7414c70c3:c6392]
2019-07-14 04:24:07,428 INFO  client.GrpcClientProtocolClient (GrpcClientProtocolClient.java:onNext(255)) - client-8DB4338F17D0->b5da6a4a-1459-46a4-9479-d2035163dbe2: receive RaftClientReply:client-8DB4338F17D0->b5da6a4a-1459-46a4-9479-d2035163dbe2@group-4A9565783204, cid=4196, SUCCESS, logIndex=6396, commits[b5da6a4a-1459-46a4-9479-d2035163dbe2:c6396, 69c25b61-d669-4f17-b36d-41bca3df1f31:c6392, d2a7b1fa-fac6-4c6f-8c6d-9ac7414c70c3:c6392]
2019-07-14 04:24:07,432 INFO  client.GrpcClientProtocolClient (GrpcClientProtocolClient.java:onNext(255)) - client-8DB4338F17D0->b5da6a4a-1459-46a4-9479-d2035163dbe2: receive RaftClientReply:client-8DB4338F17D0->b5da6a4a-1459-46a4-9479-d2035163dbe2@group-4A9565783204, cid=4197, SUCCESS, logIndex=0, commits[b5da6a4a-1459-46a4-9479-d2035163dbe2:c6398, 69c25b61-d669-4f17-b36d-41bca3df1f31:c6396, d2a7b1fa-fac6-4c6f-8c6d-9ac7414c70c3:c6396]
2019-07-14 04:24:07,456 INFO  client.GrpcClientProtocolClient (GrpcClientProtocolClient.java:onNext(255)) - client-8DB4338F17D0->b5da6a4a-1459-46a4-9479-d2035163dbe2: receive RaftClientReply:client-8DB4338F17D0->b5da6a4a-1459-46a4-9479-d2035163dbe2@group-4A9565783204, cid=4198, SUCCESS, logIndex=6399, commits[b5da6a4a-1459-46a4-9479-d2035163dbe2:c6400, 69c25b61-d669-4f17-b36d-41bca3df1f31:c6396, d2a7b1fa-fac6-4c6f-8c6d-9ac7414c70c3:c6398]
2019-07-14 04:24:07,457 INFO  client.GrpcClientProtocolClient (GrpcClientProtocolClient.java:onNext(255)) - client-8DB4338F17D0->b5da6a4a-1459-46a4-9479-d2035163dbe2: receive RaftClientReply:client-8DB4338F17D0->b5da6a4a-1459-46a4-9479-d2035163dbe2@group-4A9565783204, cid=4199, SUCCESS, logIndex=6400, commits[b5da6a4a-1459-46a4-9479-d2035163dbe2:c6400, 69c25b61-d669-4f17-b36d-41bca3df1f31:c6396, d2a7b1fa-fac6-4c6f-8c6d-9ac7414c70c3:c6398]
2019-07-14 04:24:07,469 INFO  client.GrpcClientProtocolClient (GrpcClientProtocolClient.java:onNext(255)) - client-8DB4338F17D0->b5da6a4a-1459-46a4-9479-d2035163dbe2: receive RaftClientReply:client-8DB4338F17D0->b5da6a4a-1459-46a4-9479-d2035163dbe2@group-4A9565783204, cid=4200, SUCCESS, logIndex=6401, commits[b5da6a4a-1459-46a4-9479-d2035163dbe2:c6402, 69c25b61-d669-4f17-b36d-41bca3df1f31:c6396, d2a7b1fa-fac6-4c6f-8c6d-9ac7414c70c3:c6400]
2019-07-14 04:24:07,469 INFO  client.GrpcClientProtocolClient (GrpcClientProtocolClient.java:onNext(255)) - client-8DB4338F17D0->b5da6a4a-1459-46a4-9479-d2035163dbe2: receive RaftClientReply:client-8DB4338F17D0->b5da6a4a-1459-46a4-9479-d2035163dbe2@group-4A9565783204, cid=4201, SUCCESS, logIndex=6402, commits[b5da6a4a-1459-46a4-9479-d2035163dbe2:c6402, 69c25b61-d669-4f17-b36d-41bca3df1f31:c6396, d2a7b1fa-fac6-4c6f-8c6d-9ac7414c70c3:c6400]
2019-07-14 04:24:07,471 INFO  client.GrpcClientProtocolClient (GrpcClientProtocolClient.java:onNext(255)) - client-8DB4338F17D0->b5da6a4a-1459-46a4-9479-d2035163dbe2: receive RaftClientReply:client-8DB4338F17D0->b5da6a4a-1459-46a4-9479-d2035163dbe2@group-4A9565783204, cid=4202, SUCCESS, logIndex=0, commits[b5da6a4a-1459-46a4-9479-d2035163dbe2:c6405, 69c25b61-d669-4f17-b36d-41bca3df1f31:c6400, d2a7b1fa-fac6-4c6f-8c6d-9ac7414c70c3:c6402]
2019-07-14 04:24:07,489 INFO  client.GrpcClientProtocolClient (GrpcClientProtocolClient.java:onNext(255)) - client-8DB4338F17D0->b5da6a4a-1459-46a4-9479-d2035163dbe2: receive RaftClientReply:client-8DB4338F17D0->b5da6a4a-1459-46a4-9479-d2035163dbe2@group-4A9565783204, cid=4203, SUCCESS, logIndex=6406, commits[b5da6a4a-1459-46a4-9479-d2035163dbe2:c6407, 69c25b61-d669-4f17-b36d-41bca3df1f31:c6405, d2a7b1fa-fac6-4c6f-8c6d-9ac7414c70c3:c6405]
2019-07-14 04:24:07,489 INFO  client.GrpcClientProtocolClient (GrpcClientProtocolClient.java:onNext(255)) - client-8DB4338F17D0->b5da6a4a-1459-46a4-9479-d2035163dbe2: receive RaftClientReply:client-8DB4338F17D0->b5da6a4a-1459-46a4-9479-d2035163dbe2@group-4A9565783204, cid=4204, SUCCESS, logIndex=6407, commits[b5da6a4a-1459-46a4-9479-d2035163dbe2:c6407, 69c25b61-d669-4f17-b36d-41bca3df1f31:c6405, d2a7b1fa-fac6-4c6f-8c6d-9ac7414c70c3:c6405]
2019-07-14 04:24:07,501 INFO  client.GrpcClientProtocolClient (GrpcClientProtocolClient.java:onNext(255)) - client-8DB4338F17D0->b5da6a4a-1459-46a4-9479-d2035163dbe2: receive RaftClientReply:client-8DB4338F17D0->b5da6a4a-1459-46a4-9479-d2035163dbe2@group-4A9565783204, cid=4205, SUCCESS, logIndex=6410, commits[b5da6a4a-1459-46a4-9479-d2035163dbe2:c6411, 69c25b61-d669-4f17-b36d-41bca3df1f31:c6406, d2a7b1fa-fac6-4c6f-8c6d-9ac7414c70c3:c6407]
2019-07-14 04:24:07,501 INFO  client.GrpcClientProtocolClient (GrpcClientProtocolClient.java:onNext(255)) - client-8DB4338F17D0->b5da6a4a-1459-46a4-9479-d2035163dbe2: receive RaftClientReply:client-8DB4338F17D0->b5da6a4a-1459-46a4-9479-d2035163dbe2@group-4A9565783204, cid=4206, SUCCESS, logIndex=6411, commits[b5da6a4a-1459-46a4-9479-d2035163dbe2:c6411, 69c25b61-d669-4f17-b36d-41bca3df1f31:c6407, d2a7b1fa-fac6-4c6f-8c6d-9ac7414c70c3:c6407]
2019-07-14 04:24:07,504 INFO  client.GrpcClientProtocolClient (GrpcClientProtocolClient.java:onNext(255)) - client-8DB4338F17D0->b5da6a4a-1459-46a4-9479-d2035163dbe2: receive RaftClientReply:client-8DB4338F17D0->b5da6a4a-1459-46a4-9479-d2035163dbe2@group-4A9565783204, cid=4207, SUCCESS, logIndex=0, commits[b5da6a4a-1459-46a4-9479-d2035163dbe2:c6413, 69c25b61-d669-4f17-b36d-41bca3df1f31:c6411, d2a7b1fa-fac6-4c6f-8c6d-9ac7414c70c3:c6411]
2019-07-14 04:24:07,534 INFO  client.GrpcClientProtocolClient (GrpcClientProtocolClient.java:onNext(255)) - client-8DB4338F17D0->b5da6a4a-1459-46a4-9479-d2035163dbe2: receive RaftClientReply:client-8DB4338F17D0->b5da6a4a-1459-46a4-9479-d2035163dbe2@group-4A9565783204, cid=4208, SUCCESS, logIndex=6414, commits[b5da6a4a-1459-46a4-9479-d2035163dbe2:c6415, 69c25b61-d669-4f17-b36d-41bca3df1f31:c6413, d2a7b1fa-fac6-4c6f-8c6d-9ac7414c70c3:c6413]
2019-07-14 04:24:07,535 INFO  client.GrpcClientProtocolClient (GrpcClientProtocolClient.java:onNext(255)) - client-8DB4338F17D0->b5da6a4a-1459-46a4-9479-d2035163dbe2: receive RaftClientReply:client-8DB4338F17D0->b5da6a4a-1459-46a4-9479-d2035163dbe2@group-4A9565783204, cid=4209, SUCCESS, logIndex=6415, commits[b5da6a4a-1459-46a4-9479-d2035163dbe2:c6415, 69c25b61-d669-4f17-b36d-41bca3df1f31:c6413, d2a7b1fa-fac6-4c6f-8c6d-9ac7414c70c3:c6413]
2019-07-14 04:24:07,536 INFO  client.GrpcClientProtocolClient (GrpcClientProtocolClient.java:onNext(255)) - client-8DB4338F17D0->b5da6a4a-1459-46a4-9479-d2035163dbe2: receive RaftClientReply:client-8DB4338F17D0->b5da6a4a-1459-46a4-9479-d2035163dbe2@group-4A9565783204, cid=4210, SUCCESS, logIndex=6416, commits[b5da6a4a-1459-46a4-9479-d2035163dbe2:c6417, 69c25b61-d669-4f17-b36d-41bca3df1f31:c6413, d2a7b1fa-fac6-4c6f-8c6d-9ac7414c70c3:c6413]
2019-07-14 04:24:07,536 INFO  client.GrpcClientProtocolClient (GrpcClientProtocolClient.java:onNext(255)) - client-8DB4338F17D0->b5da6a4a-1459-46a4-9479-d2035163dbe2: receive RaftClientReply:client-8DB4338F17D0->b5da6a4a-1459-46a4-9479-d2035163dbe2@group-4A9565783204, cid=4211, SUCCESS, logIndex=6417, commits[b5da6a4a-1459-46a4-9479-d2035163dbe2:c6417, 69c25b61-d669-4f17-b36d-41bca3df1f31:c6413, d2a7b1fa-fac6-4c6f-8c6d-9ac7414c70c3:c6413]
2019-07-14 04:24:07,537 INFO  client.GrpcClientProtocolClient (GrpcClientProtocolClient.java:onNext(255)) - client-8DB4338F17D0->b5da6a4a-1459-46a4-9479-d2035163dbe2: receive RaftClientReply:client-8DB4338F17D0->b5da6a4a-1459-46a4-9479-d2035163dbe2@group-4A9565783204, cid=4212, SUCCESS, logIndex=0, commits[b5da6a4a-1459-46a4-9479-d2035163dbe2:c6419, 69c25b61-d669-4f17-b36d-41bca3df1f31:c6415, d2a7b1fa-fac6-4c6f-8c6d-9ac7414c70c3:c6415]
2019-07-14 04:24:07,549 INFO  client.GrpcClientProtocolClient (GrpcClientProtocolClient.java:onNext(255)) - client-8DB4338F17D0->b5da6a4a-1459-46a4-9479-d2035163dbe2: receive RaftClientReply:client-8DB4338F17D0->b5da6a4a-1459-46a4-9479-d2035163dbe2@group-4A9565783204, cid=4213, SUCCESS, logIndex=6422, commits[b5da6a4a-1459-46a4-9479-d2035163dbe2:c6423, 69c25b61-d669-4f17-b36d-41bca3df1f31:c6417, d2a7b1fa-fac6-4c6f-8c6d-9ac7414c70c3:c6421]
2019-07-14 04:24:07,549 INFO  client.GrpcClientProtocolClient (GrpcClientProtocolClient.java:onNext(255)) - client-8DB4338F17D0->b5da6a4a-1459-46a4-9479-d2035163dbe2: receive RaftClientReply:client-8DB4338F17D0->b5da6a4a-1459-46a4-9479-d2035163dbe2@group-4A9565783204, cid=4214, SUCCESS, logIndex=6423, commits[b5da6a4a-1459-46a4-9479-d2035163dbe2:c6423, 69c25b61-d669-4f17-b36d-41bca3df1f31:c6421, d2a7b1fa-fac6-4c6f-8c6d-9ac7414c70c3:c6421]
2019-07-14 04:24:07,562 INFO  client.GrpcClientProtocolClient (GrpcClientProtocolClient.java:onNext(255)) - client-8DB4338F17D0->b5da6a4a-1459-46a4-9479-d2035163dbe2: receive RaftClientReply:client-8DB4338F17D0->b5da6a4a-1459-46a4-9479-d2035163dbe2@group-4A9565783204, cid=4215, SUCCESS, logIndex=6426, commits[b5da6a4a-1459-46a4-9479-d2035163dbe2:c6427, 69c25b61-d669-4f17-b36d-41bca3df1f31:c6423, d2a7b1fa-fac6-4c6f-8c6d-9ac7414c70c3:c6425]
2019-07-14 04:24:07,563 INFO  client.GrpcClientProtocolClient (GrpcClientProtocolClient.java:onNext(255)) - client-8DB4338F17D0->b5da6a4a-1459-46a4-9479-d2035163dbe2: receive RaftClientReply:client-8DB4338F17D0->b5da6a4a-1459-46a4-9479-d2035163dbe2@group-4A9565783204, cid=4216, SUCCESS, logIndex=6427, commits[b5da6a4a-1459-46a4-9479-d2035163dbe2:c6427, 69c25b61-d669-4f17-b36d-41bca3df1f31:c6425, d2a7b1fa-fac6-4c6f-8c6d-9ac7414c70c3:c6425]
2019-07-14 04:24:07,565 INFO  client.GrpcClientProtocolClient (GrpcClientProtocolClient.java:onNext(255)) - client-8DB4338F17D0->b5da6a4a-1459-46a4-9479-d2035163dbe2: receive RaftClientReply:client-8DB4338F17D0->b5da6a4a-1459-46a4-9479-d2035163dbe2@group-4A9565783204, cid=4217, SUCCESS, logIndex=0, commits[b5da6a4a-1459-46a4-9479-d2035163dbe2:c6428, 69c25b61-d669-4f17-b36d-41bca3df1f31:c6427, d2a7b1fa-fac6-4c6f-8c6d-9ac7414c70c3:c6427]
2019-07-14 04:24:07,597 INFO  client.GrpcClientProtocolClient (GrpcClientProtocolClient.java:onNext(255)) - client-8DB4338F17D0->b5da6a4a-1459-46a4-9479-d2035163dbe2: receive RaftClientReply:client-8DB4338F17D0->b5da6a4a-1459-46a4-9479-d2035163dbe2@group-4A9565783204, cid=4218, SUCCESS, logIndex=6430, commits[b5da6a4a-1459-46a4-9479-d2035163dbe2:c6431, 69c25b61-d669-4f17-b36d-41bca3df1f31:c6429, d2a7b1fa-fac6-4c6f-8c6d-9ac7414c70c3:c6429]
2019-07-14 04:24:07,598 INFO  client.GrpcClientProtocolClient (GrpcClientProtocolClient.java:onNext(255)) - client-8DB4338F17D0->b5da6a4a-1459-46a4-9479-d2035163dbe2: receive RaftClientReply:client-8DB4338F17D0->b5da6a4a-1459-46a4-9479-d2035163dbe2@group-4A9565783204, cid=4219, SUCCESS, logIndex=6431, commits[b5da6a4a-1459-46a4-9479-d2035163dbe2:c6433, 69c25b61-d669-4f17-b36d-41bca3df1f31:c6429, d2a7b1fa-fac6-4c6f-8c6d-9ac7414c70c3:c6429]
2019-07-14 04:24:07,598 INFO  client.GrpcClientProtocolClient (GrpcClientProtocolClient.java:onNext(255)) - client-8DB4338F17D0->b5da6a4a-1459-46a4-9479-d2035163dbe2: receive RaftClientReply:client-8DB4338F17D0->b5da6a4a-1459-46a4-9479-d2035163dbe2@group-4A9565783204, cid=4220, SUCCESS, logIndex=6432, commits[b5da6a4a-1459-46a4-9479-d2035163dbe2:c6433, 69c25b61-d669-4f17-b36d-41bca3df1f31:c6429, d2a7b1fa-fac6-4c6f-8c6d-9ac7414c70c3:c6429]
2019-07-14 04:24:07,598 INFO  client.GrpcClientProtocolClient (GrpcClientProtocolClient.java:onNext(255)) - client-8DB4338F17D0->b5da6a4a-1459-46a4-9479-d2035163dbe2: receive RaftClientReply:client-8DB4338F17D0->b5da6a4a-1459-46a4-9479-d2035163dbe2@group-4A9565783204, cid=4221, SUCCESS, logIndex=6433, commits[b5da6a4a-1459-46a4-9479-d2035163dbe2:c6434, 69c25b61-d669-4f17-b36d-41bca3df1f31:c6430, d2a7b1fa-fac6-4c6f-8c6d-9ac7414c70c3:c6429]
2019-07-14 04:24:07,599 INFO  client.GrpcClientProtocolClient (GrpcClientProtocolClient.java:onNext(255)) - client-8DB4338F17D0->b5da6a4a-1459-46a4-9479-d2035163dbe2: receive RaftClientReply:client-8DB4338F17D0->b5da6a4a-1459-46a4-9479-d2035163dbe2@group-4A9565783204, cid=4222, SUCCESS, logIndex=0, commits[b5da6a4a-1459-46a4-9479-d2035163dbe2:c6435, 69c25b61-d669-4f17-b36d-41bca3df1f31:c6432, d2a7b1fa-fac6-4c6f-8c6d-9ac7414c70c3:c6432]
2019-07-14 04:24:07,611 INFO  client.GrpcClientProtocolClient (GrpcClientProtocolClient.java:onNext(255)) - client-8DB4338F17D0->b5da6a4a-1459-46a4-9479-d2035163dbe2: receive RaftClientReply:client-8DB4338F17D0->b5da6a4a-1459-46a4-9479-d2035163dbe2@group-4A9565783204, cid=4223, SUCCESS, logIndex=6438, commits[b5da6a4a-1459-46a4-9479-d2035163dbe2:c6439, 69c25b61-d669-4f17-b36d-41bca3df1f31:c6437, d2a7b1fa-fac6-4c6f-8c6d-9ac7414c70c3:c6437]
2019-07-14 04:24:07,611 INFO  client.GrpcClientProtocolClient (GrpcClientProtocolClient.java:onNext(255)) - client-8DB4338F17D0->b5da6a4a-1459-46a4-9479-d2035163dbe2: receive RaftClientReply:client-8DB4338F17D0->b5da6a4a-1459-46a4-9479-d2035163dbe2@group-4A9565783204, cid=4224, SUCCESS, logIndex=6439, commits[b5da6a4a-1459-46a4-9479-d2035163dbe2:c6439, 69c25b61-d669-4f17-b36d-41bca3df1f31:c6437, d2a7b1fa-fac6-4c6f-8c6d-9ac7414c70c3:c6437]
2019-07-14 04:24:07,622 INFO  client.GrpcClientProtocolClient (GrpcClientProtocolClient.java:onNext(255)) - client-8DB4338F17D0->b5da6a4a-1459-46a4-9479-d2035163dbe2: receive RaftClientReply:client-8DB4338F17D0->b5da6a4a-1459-46a4-9479-d2035163dbe2@group-4A9565783204, cid=4225, SUCCESS, logIndex=6442, commits[b5da6a4a-1459-46a4-9479-d2035163dbe2:c6443, 69c25b61-d669-4f17-b36d-41bca3df1f31:c6441, d2a7b1fa-fac6-4c6f-8c6d-9ac7414c70c3:c6439]
2019-07-14 04:24:07,622 INFO  client.GrpcClientProtocolClient (GrpcClientProtocolClient.java:onNext(255)) - client-8DB4338F17D0->b5da6a4a-1459-46a4-9479-d2035163dbe2: receive RaftClientReply:client-8DB4338F17D0->b5da6a4a-1459-46a4-9479-d2035163dbe2@group-4A9565783204, cid=4226, SUCCESS, logIndex=6443, commits[b5da6a4a-1459-46a4-9479-d2035163dbe2:c6443, 69c25b61-d669-4f17-b36d-41bca3df1f31:c6441, d2a7b1fa-fac6-4c6f-8c6d-9ac7414c70c3:c6441]
2019-07-14 04:24:07,624 INFO  client.GrpcClientProtocolClient (GrpcClientProtocolClient.java:onNext(255)) - client-8DB4338F17D0->b5da6a4a-1459-46a4-9479-d2035163dbe2: receive RaftClientReply:client-8DB4338F17D0->b5da6a4a-1459-46a4-9479-d2035163dbe2@group-4A9565783204, cid=4227, SUCCESS, logIndex=0, commits[b5da6a4a-1459-46a4-9479-d2035163dbe2:c6444, 69c25b61-d669-4f17-b36d-41bca3df1f31:c6443, d2a7b1fa-fac6-4c6f-8c6d-9ac7414c70c3:c6443]
2019-07-14 04:24:07,654 INFO  client.GrpcClientProtocolClient (GrpcClientProtocolClient.java:onNext(255)) - client-8DB4338F17D0->b5da6a4a-1459-46a4-9479-d2035163dbe2: receive RaftClientReply:client-8DB4338F17D0->b5da6a4a-1459-46a4-9479-d2035163dbe2@group-4A9565783204, cid=4228, SUCCESS, logIndex=6446, commits[b5da6a4a-1459-46a4-9479-d2035163dbe2:c6446, 69c25b61-d669-4f17-b36d-41bca3df1f31:c6445, d2a7b1fa-fac6-4c6f-8c6d-9ac7414c70c3:c6445]
2019-07-14 04:24:07,654 INFO  client.GrpcClientProtocolClient (GrpcClientProtocolClient.java:onNext(255)) - client-8DB4338F17D0->b5da6a4a-1459-46a4-9479-d2035163dbe2: receive RaftClientReply:client-8DB4338F17D0->b5da6a4a-1459-46a4-9479-d2035163dbe2@group-4A9565783204, cid=4229, SUCCESS, logIndex=6447, commits[b5da6a4a-1459-46a4-9479-d2035163dbe2:c6449, 69c25b61-d669-4f17-b36d-41bca3df1f31:c6445, d2a7b1fa-fac6-4c6f-8c6d-9ac7414c70c3:c6445]
2019-07-14 04:24:07,654 INFO  client.GrpcClientProtocolClient (GrpcClientProtocolClient.java:onNext(255)) - client-8DB4338F17D0->b5da6a4a-1459-46a4-9479-d2035163dbe2: receive RaftClientReply:client-8DB4338F17D0->b5da6a4a-1459-46a4-9479-d2035163dbe2@group-4A9565783204, cid=4230, SUCCESS, logIndex=6448, commits[b5da6a4a-1459-46a4-9479-d2035163dbe2:c6449, 69c25b61-d669-4f17-b36d-41bca3df1f31:c6445, d2a7b1fa-fac6-4c6f-8c6d-9ac7414c70c3:c6445]
2019-07-14 04:24:07,655 INFO  client.GrpcClientProtocolClient (GrpcClientProtocolClient.java:onNext(255)) - client-8DB4338F17D0->b5da6a4a-1459-46a4-9479-d2035163dbe2: receive RaftClientReply:client-8DB4338F17D0->b5da6a4a-1459-46a4-9479-d2035163dbe2@group-4A9565783204, cid=4231, SUCCESS, logIndex=6449, commits[b5da6a4a-1459-46a4-9479-d2035163dbe2:c6449, 69c25b61-d669-4f17-b36d-41bca3df1f31:c6445, d2a7b1fa-fac6-4c6f-8c6d-9ac7414c70c3:c6445]
2019-07-14 04:24:07,658 INFO  client.GrpcClientProtocolClient (GrpcClientProtocolClient.java:onNext(255)) - client-8DB4338F17D0->b5da6a4a-1459-46a4-9479-d2035163dbe2: receive RaftClientReply:client-8DB4338F17D0->b5da6a4a-1459-46a4-9479-d2035163dbe2@group-4A9565783204, cid=4232, SUCCESS, logIndex=0, commits[b5da6a4a-1459-46a4-9479-d2035163dbe2:c6451, 69c25b61-d669-4f17-b36d-41bca3df1f31:c6447, d2a7b1fa-fac6-4c6f-8c6d-9ac7414c70c3:c6447]
2019-07-14 04:24:07,670 INFO  client.GrpcClientProtocolClient (GrpcClientProtocolClient.java:onNext(255)) - client-8DB4338F17D0->b5da6a4a-1459-46a4-9479-d2035163dbe2: receive RaftClientReply:client-8DB4338F17D0->b5da6a4a-1459-46a4-9479-d2035163dbe2@group-4A9565783204, cid=4233, SUCCESS, logIndex=6453, commits[b5da6a4a-1459-46a4-9479-d2035163dbe2:c6454, 69c25b61-d669-4f17-b36d-41bca3df1f31:c6452, d2a7b1fa-fac6-4c6f-8c6d-9ac7414c70c3:c6449]
2019-07-14 04:24:07,789 INFO  client.GrpcClientProtocolClient (GrpcClientProtocolClient.java:onNext(255)) - client-8DB4338F17D0->b5da6a4a-1459-46a4-9479-d2035163dbe2: receive RaftClientReply:client-8DB4338F17D0->b5da6a4a-1459-46a4-9479-d2035163dbe2@group-4A9565783204, cid=4234, SUCCESS, logIndex=6454, commits[b5da6a4a-1459-46a4-9479-d2035163dbe2:c6454, 69c25b61-d669-4f17-b36d-41bca3df1f31:c6452, d2a7b1fa-fac6-4c6f-8c6d-9ac7414c70c3:c6452]
2019-07-14 04:24:07,810 INFO  client.GrpcClientProtocolClient (GrpcClientProtocolClient.java:onNext(255)) - client-8DB4338F17D0->b5da6a4a-1459-46a4-9479-d2035163dbe2: receive RaftClientReply:client-8DB4338F17D0->b5da6a4a-1459-46a4-9479-d2035163dbe2@group-4A9565783204, cid=4235, SUCCESS, logIndex=6457, commits[b5da6a4a-1459-46a4-9479-d2035163dbe2:c6458, 69c25b61-d669-4f17-b36d-41bca3df1f31:c6456, d2a7b1fa-fac6-4c6f-8c6d-9ac7414c70c3:c6456]
2019-07-14 04:24:07,810 INFO  client.GrpcClientProtocolClient (GrpcClientProtocolClient.java:onNext(255)) - client-8DB4338F17D0->b5da6a4a-1459-46a4-9479-d2035163dbe2: receive RaftClientReply:client-8DB4338F17D0->b5da6a4a-1459-46a4-9479-d2035163dbe2@group-4A9565783204, cid=4236, SUCCESS, logIndex=6458, commits[b5da6a4a-1459-46a4-9479-d2035163dbe2:c6458, 69c25b61-d669-4f17-b36d-41bca3df1f31:c6456, d2a7b1fa-fac6-4c6f-8c6d-9ac7414c70c3:c6456]
2019-07-14 04:24:07,822 INFO  client.GrpcClientProtocolClient (GrpcClientProtocolClient.java:onNext(255)) - client-8DB4338F17D0->b5da6a4a-1459-46a4-9479-d2035163dbe2: receive RaftClientReply:client-8DB4338F17D0->b5da6a4a-1459-46a4-9479-d2035163dbe2@group-4A9565783204, cid=4237, SUCCESS, logIndex=0, commits[b5da6a4a-1459-46a4-9479-d2035163dbe2:c6460, 69c25b61-d669-4f17-b36d-41bca3df1f31:c6458, d2a7b1fa-fac6-4c6f-8c6d-9ac7414c70c3:c6458]
2019-07-14 04:24:07,853 INFO  client.GrpcClientProtocolClient (GrpcClientProtocolClient.java:onNext(255)) - client-8DB4338F17D0->b5da6a4a-1459-46a4-9479-d2035163dbe2: receive RaftClientReply:client-8DB4338F17D0->b5da6a4a-1459-46a4-9479-d2035163dbe2@group-4A9565783204, cid=4238, SUCCESS, logIndex=6461, commits[b5da6a4a-1459-46a4-9479-d2035163dbe2:c6462, 69c25b61-d669-4f17-b36d-41bca3df1f31:c6458, d2a7b1fa-fac6-4c6f-8c6d-9ac7414c70c3:c6460]
2019-07-14 04:24:07,854 INFO  client.GrpcClientProtocolClient (GrpcClientProtocolClient.java:onNext(255)) - client-8DB4338F17D0->b5da6a4a-1459-46a4-9479-d2035163dbe2: receive RaftClientReply:client-8DB4338F17D0->b5da6a4a-1459-46a4-9479-d2035163dbe2@group-4A9565783204, cid=4239, SUCCESS, logIndex=6462, commits[b5da6a4a-1459-46a4-9479-d2035163dbe2:c6462, 69c25b61-d669-4f17-b36d-41bca3df1f31:c6458, d2a7b1fa-fac6-4c6f-8c6d-9ac7414c70c3:c6460]
2019-07-14 04:24:07,857 INFO  client.GrpcClientProtocolClient (GrpcClientProtocolClient.java:onNext(255)) - client-8DB4338F17D0->b5da6a4a-1459-46a4-9479-d2035163dbe2: receive RaftClientReply:client-8DB4338F17D0->b5da6a4a-1459-46a4-9479-d2035163dbe2@group-4A9565783204, cid=4240, SUCCESS, logIndex=6463, commits[b5da6a4a-1459-46a4-9479-d2035163dbe2:c6465, 69c25b61-d669-4f17-b36d-41bca3df1f31:c6460, d2a7b1fa-fac6-4c6f-8c6d-9ac7414c70c3:c6461]
2019-07-14 04:24:07,857 INFO  client.GrpcClientProtocolClient (GrpcClientProtocolClient.java:onNext(255)) - client-8DB4338F17D0->b5da6a4a-1459-46a4-9479-d2035163dbe2: receive RaftClientReply:client-8DB4338F17D0->b5da6a4a-1459-46a4-9479-d2035163dbe2@group-4A9565783204, cid=4241, SUCCESS, logIndex=6464, commits[b5da6a4a-1459-46a4-9479-d2035163dbe2:c6466, 69c25b61-d669-4f17-b36d-41bca3df1f31:c6460, d2a7b1fa-fac6-4c6f-8c6d-9ac7414c70c3:c6462]
2019-07-14 04:24:07,858 INFO  client.GrpcClientProtocolClient (GrpcClientProtocolClient.java:onNext(255)) - client-8DB4338F17D0->b5da6a4a-1459-46a4-9479-d2035163dbe2: receive RaftClientReply:client-8DB4338F17D0->b5da6a4a-1459-46a4-9479-d2035163dbe2@group-4A9565783204, cid=4242, SUCCESS, logIndex=0, commits[b5da6a4a-1459-46a4-9479-d2035163dbe2:c6467, 69c25b61-d669-4f17-b36d-41bca3df1f31:c6462, d2a7b1fa-fac6-4c6f-8c6d-9ac7414c70c3:c6464]
2019-07-14 04:24:07,878 INFO  client.GrpcClientProtocolClient (GrpcClientProtocolClient.java:onNext(255)) - client-8DB4338F17D0->b5da6a4a-1459-46a4-9479-d2035163dbe2: receive RaftClientReply:client-8DB4338F17D0->b5da6a4a-1459-46a4-9479-d2035163dbe2@group-4A9565783204, cid=4243, SUCCESS, logIndex=6469, commits[b5da6a4a-1459-46a4-9479-d2035163dbe2:c6470, 69c25b61-d669-4f17-b36d-41bca3df1f31:c6468, d2a7b1fa-fac6-4c6f-8c6d-9ac7414c70c3:c6468]
2019-07-14 04:24:07,879 INFO  client.GrpcClientProtocolClient (GrpcClientProtocolClient.java:onNext(255)) - client-8DB4338F17D0->b5da6a4a-1459-46a4-9479-d2035163dbe2: receive RaftClientReply:client-8DB4338F17D0->b5da6a4a-1459-46a4-9479-d2035163dbe2@group-4A9565783204, cid=4244, SUCCESS, logIndex=6470, commits[b5da6a4a-1459-46a4-9479-d2035163dbe2:c6470, 69c25b61-d669-4f17-b36d-41bca3df1f31:c6468, d2a7b1fa-fac6-4c6f-8c6d-9ac7414c70c3:c6468]
2019-07-14 04:24:07,892 INFO  client.GrpcClientProtocolClient (GrpcClientProtocolClient.java:onNext(255)) - client-8DB4338F17D0->b5da6a4a-1459-46a4-9479-d2035163dbe2: receive RaftClientReply:client-8DB4338F17D0->b5da6a4a-1459-46a4-9479-d2035163dbe2@group-4A9565783204, cid=4245, SUCCESS, logIndex=6473, commits[b5da6a4a-1459-46a4-9479-d2035163dbe2:c6474, 69c25b61-d669-4f17-b36d-41bca3df1f31:c6470, d2a7b1fa-fac6-4c6f-8c6d-9ac7414c70c3:c6470]
2019-07-14 04:24:07,893 INFO  client.GrpcClientProtocolClient (GrpcClientProtocolClient.java:onNext(255)) - client-8DB4338F17D0->b5da6a4a-1459-46a4-9479-d2035163dbe2: receive RaftClientReply:client-8DB4338F17D0->b5da6a4a-1459-46a4-9479-d2035163dbe2@group-4A9565783204, cid=4246, SUCCESS, logIndex=6474, commits[b5da6a4a-1459-46a4-9479-d2035163dbe2:c6474, 69c25b61-d669-4f17-b36d-41bca3df1f31:c6470, d2a7b1fa-fac6-4c6f-8c6d-9ac7414c70c3:c6470]
2019-07-14 04:24:07,897 INFO  client.GrpcClientProtocolClient (GrpcClientProtocolClient.java:onNext(255)) - client-8DB4338F17D0->b5da6a4a-1459-46a4-9479-d2035163dbe2: receive RaftClientReply:client-8DB4338F17D0->b5da6a4a-1459-46a4-9479-d2035163dbe2@group-4A9565783204, cid=4247, SUCCESS, logIndex=0, commits[b5da6a4a-1459-46a4-9479-d2035163dbe2:c6476, 69c25b61-d669-4f17-b36d-41bca3df1f31:c6474, d2a7b1fa-fac6-4c6f-8c6d-9ac7414c70c3:c6474]
2019-07-14 04:24:07,940 INFO  client.GrpcClientProtocolClient (GrpcClientProtocolClient.java:onNext(255)) - client-8DB4338F17D0->b5da6a4a-1459-46a4-9479-d2035163dbe2: receive RaftClientReply:client-8DB4338F17D0->b5da6a4a-1459-46a4-9479-d2035163dbe2@group-4A9565783204, cid=4248, SUCCESS, logIndex=6477, commits[b5da6a4a-1459-46a4-9479-d2035163dbe2:c6478, 69c25b61-d669-4f17-b36d-41bca3df1f31:c6476, d2a7b1fa-fac6-4c6f-8c6d-9ac7414c70c3:c6476]
2019-07-14 04:24:07,941 INFO  client.GrpcClientProtocolClient (GrpcClientProtocolClient.java:onNext(255)) - client-8DB4338F17D0->b5da6a4a-1459-46a4-9479-d2035163dbe2: receive RaftClientReply:client-8DB4338F17D0->b5da6a4a-1459-46a4-9479-d2035163dbe2@group-4A9565783204, cid=4249, SUCCESS, logIndex=6478, commits[b5da6a4a-1459-46a4-9479-d2035163dbe2:c6480, 69c25b61-d669-4f17-b36d-41bca3df1f31:c6476, d2a7b1fa-fac6-4c6f-8c6d-9ac7414c70c3:c6476]
2019-07-14 04:24:07,941 INFO  client.GrpcClientProtocolClient (GrpcClientProtocolClient.java:onNext(255)) - client-8DB4338F17D0->b5da6a4a-1459-46a4-9479-d2035163dbe2: receive RaftClientReply:client-8DB4338F17D0->b5da6a4a-1459-46a4-9479-d2035163dbe2@group-4A9565783204, cid=4250, SUCCESS, logIndex=6479, commits[b5da6a4a-1459-46a4-9479-d2035163dbe2:c6480, 69c25b61-d669-4f17-b36d-41bca3df1f31:c6476, d2a7b1fa-fac6-4c6f-8c6d-9ac7414c70c3:c6476]
2019-07-14 04:24:07,942 INFO  client.GrpcClientProtocolClient (GrpcClientProtocolClient.java:onNext(255)) - client-8DB4338F17D0->b5da6a4a-1459-46a4-9479-d2035163dbe2: receive RaftClientReply:client-8DB4338F17D0->b5da6a4a-1459-46a4-9479-d2035163dbe2@group-4A9565783204, cid=4251, SUCCESS, logIndex=6480, commits[b5da6a4a-1459-46a4-9479-d2035163dbe2:c6480, 69c25b61-d669-4f17-b36d-41bca3df1f31:c6476, d2a7b1fa-fac6-4c6f-8c6d-9ac7414c70c3:c6476]
2019-07-14 04:24:07,953 INFO  client.GrpcClientProtocolClient (GrpcClientProtocolClient.java:onNext(255)) - client-8DB4338F17D0->b5da6a4a-1459-46a4-9479-d2035163dbe2: receive RaftClientReply:client-8DB4338F17D0->b5da6a4a-1459-46a4-9479-d2035163dbe2@group-4A9565783204, cid=4252, SUCCESS, logIndex=0, commits[b5da6a4a-1459-46a4-9479-d2035163dbe2:c6482, 69c25b61-d669-4f17-b36d-41bca3df1f31:c6478, d2a7b1fa-fac6-4c6f-8c6d-9ac7414c70c3:c6478]
2019-07-14 04:24:07,973 INFO  client.GrpcClientProtocolClient (GrpcClientProtocolClient.java:onNext(255)) - client-8DB4338F17D0->b5da6a4a-1459-46a4-9479-d2035163dbe2: receive RaftClientReply:client-8DB4338F17D0->b5da6a4a-1459-46a4-9479-d2035163dbe2@group-4A9565783204, cid=4253, SUCCESS, logIndex=6485, commits[b5da6a4a-1459-46a4-9479-d2035163dbe2:c6486, 69c25b61-d669-4f17-b36d-41bca3df1f31:c6484, d2a7b1fa-fac6-4c6f-8c6d-9ac7414c70c3:c6484]
2019-07-14 04:24:07,973 INFO  client.GrpcClientProtocolClient (GrpcClientProtocolClient.java:onNext(255)) - client-8DB4338F17D0->b5da6a4a-1459-46a4-9479-d2035163dbe2: receive RaftClientReply:client-8DB4338F17D0->b5da6a4a-1459-46a4-9479-d2035163dbe2@group-4A9565783204, cid=4254, SUCCESS, logIndex=6486, commits[b5da6a4a-1459-46a4-9479-d2035163dbe2:c6486, 69c25b61-d669-4f17-b36d-41bca3df1f31:c6484, d2a7b1fa-fac6-4c6f-8c6d-9ac7414c70c3:c6484]
2019-07-14 04:24:07,985 INFO  client.GrpcClientProtocolClient (GrpcClientProtocolClient.java:onNext(255)) - client-8DB4338F17D0->b5da6a4a-1459-46a4-9479-d2035163dbe2: receive RaftClientReply:client-8DB4338F17D0->b5da6a4a-1459-46a4-9479-d2035163dbe2@group-4A9565783204, cid=4255, SUCCESS, logIndex=6489, commits[b5da6a4a-1459-46a4-9479-d2035163dbe2:c6490, 69c25b61-d669-4f17-b36d-41bca3df1f31:c6485, d2a7b1fa-fac6-4c6f-8c6d-9ac7414c70c3:c6486]
2019-07-14 04:24:07,986 INFO  client.GrpcClientProtocolClient (GrpcClientProtocolClient.java:onNext(255)) - client-8DB4338F17D0->b5da6a4a-1459-46a4-9479-d2035163dbe2: receive RaftClientReply:client-8DB4338F17D0->b5da6a4a-1459-46a4-9479-d2035163dbe2@group-4A9565783204, cid=4256, SUCCESS, logIndex=6490, commits[b5da6a4a-1459-46a4-9479-d2035163dbe2:c6490, 69c25b61-d669-4f17-b36d-41bca3df1f31:c6486, d2a7b1fa-fac6-4c6f-8c6d-9ac7414c70c3:c6486]
2019-07-14 04:24:07,989 INFO  client.GrpcClientProtocolClient (GrpcClientProtocolClient.java:onNext(255)) - client-8DB4338F17D0->b5da6a4a-1459-46a4-9479-d2035163dbe2: receive RaftClientReply:client-8DB4338F17D0->b5da6a4a-1459-46a4-9479-d2035163dbe2@group-4A9565783204, cid=4257, SUCCESS, logIndex=0, commits[b5da6a4a-1459-46a4-9479-d2035163dbe2:c6492, 69c25b61-d669-4f17-b36d-41bca3df1f31:c6490, d2a7b1fa-fac6-4c6f-8c6d-9ac7414c70c3:c6490]
2019-07-14 04:24:08,018 INFO  client.GrpcClientProtocolClient (GrpcClientProtocolClient.java:onNext(255)) - client-8DB4338F17D0->b5da6a4a-1459-46a4-9479-d2035163dbe2: receive RaftClientReply:client-8DB4338F17D0->b5da6a4a-1459-46a4-9479-d2035163dbe2@group-4A9565783204, cid=4258, SUCCESS, logIndex=6493, commits[b5da6a4a-1459-46a4-9479-d2035163dbe2:c6496, 69c25b61-d669-4f17-b36d-41bca3df1f31:c6490, d2a7b1fa-fac6-4c6f-8c6d-9ac7414c70c3:c6492]
2019-07-14 04:24:08,019 INFO  client.GrpcClientProtocolClient (GrpcClientProtocolClient.java:onNext(255)) - client-8DB4338F17D0->b5da6a4a-1459-46a4-9479-d2035163dbe2: receive RaftClientReply:client-8DB4338F17D0->b5da6a4a-1459-46a4-9479-d2035163dbe2@group-4A9565783204, cid=4259, SUCCESS, logIndex=6494, commits[b5da6a4a-1459-46a4-9479-d2035163dbe2:c6496, 69c25b61-d669-4f17-b36d-41bca3df1f31:c6492, d2a7b1fa-fac6-4c6f-8c6d-9ac7414c70c3:c6492]
2019-07-14 04:24:08,019 INFO  client.GrpcClientProtocolClient (GrpcClientProtocolClient.java:onNext(255)) - client-8DB4338F17D0->b5da6a4a-1459-46a4-9479-d2035163dbe2: receive RaftClientReply:client-8DB4338F17D0->b5da6a4a-1459-46a4-9479-d2035163dbe2@group-4A9565783204, cid=4260, SUCCESS, logIndex=6495, commits[b5da6a4a-1459-46a4-9479-d2035163dbe2:c6496, 69c25b61-d669-4f17-b36d-41bca3df1f31:c6492, d2a7b1fa-fac6-4c6f-8c6d-9ac7414c70c3:c6492]
2019-07-14 04:24:08,020 INFO  client.GrpcClientProtocolClient (GrpcClientProtocolClient.java:onNext(255)) - client-8DB4338F17D0->b5da6a4a-1459-46a4-9479-d2035163dbe2: receive RaftClientReply:client-8DB4338F17D0->b5da6a4a-1459-46a4-9479-d2035163dbe2@group-4A9565783204, cid=4261, SUCCESS, logIndex=6496, commits[b5da6a4a-1459-46a4-9479-d2035163dbe2:c6497, 69c25b61-d669-4f17-b36d-41bca3df1f31:c6494, d2a7b1fa-fac6-4c6f-8c6d-9ac7414c70c3:c6492]
2019-07-14 04:24:08,021 INFO  client.GrpcClientProtocolClient (GrpcClientProtocolClient.java:onNext(255)) - client-8DB4338F17D0->b5da6a4a-1459-46a4-9479-d2035163dbe2: receive RaftClientReply:client-8DB4338F17D0->b5da6a4a-1459-46a4-9479-d2035163dbe2@group-4A9565783204, cid=4262, SUCCESS, logIndex=0, commits[b5da6a4a-1459-46a4-9479-d2035163dbe2:c6499, 69c25b61-d669-4f17-b36d-41bca3df1f31:c6496, d2a7b1fa-fac6-4c6f-8c6d-9ac7414c70c3:c6496]
2019-07-14 04:24:08,036 INFO  client.GrpcClientProtocolClient (GrpcClientProtocolClient.java:onNext(255)) - client-8DB4338F17D0->b5da6a4a-1459-46a4-9479-d2035163dbe2: receive RaftClientReply:client-8DB4338F17D0->b5da6a4a-1459-46a4-9479-d2035163dbe2@group-4A9565783204, cid=4263, SUCCESS, logIndex=6500, commits[b5da6a4a-1459-46a4-9479-d2035163dbe2:c6501, 69c25b61-d669-4f17-b36d-41bca3df1f31:c6499, d2a7b1fa-fac6-4c6f-8c6d-9ac7414c70c3:c6499]
2019-07-14 04:24:08,037 INFO  client.GrpcClientProtocolClient (GrpcClientProtocolClient.java:onNext(255)) - client-8DB4338F17D0->b5da6a4a-1459-46a4-9479-d2035163dbe2: receive RaftClientReply:client-8DB4338F17D0->b5da6a4a-1459-46a4-9479-d2035163dbe2@group-4A9565783204, cid=4264, SUCCESS, logIndex=6501, commits[b5da6a4a-1459-46a4-9479-d2035163dbe2:c6501, 69c25b61-d669-4f17-b36d-41bca3df1f31:c6499, d2a7b1fa-fac6-4c6f-8c6d-9ac7414c70c3:c6499]
2019-07-14 04:24:08,055 INFO  client.GrpcClientProtocolClient (GrpcClientProtocolClient.java:onNext(255)) - client-8DB4338F17D0->b5da6a4a-1459-46a4-9479-d2035163dbe2: receive RaftClientReply:client-8DB4338F17D0->b5da6a4a-1459-46a4-9479-d2035163dbe2@group-4A9565783204, cid=4265, SUCCESS, logIndex=6504, commits[b5da6a4a-1459-46a4-9479-d2035163dbe2:c6505, 69c25b61-d669-4f17-b36d-41bca3df1f31:c6503, d2a7b1fa-fac6-4c6f-8c6d-9ac7414c70c3:c6503]
2019-07-14 04:24:08,056 INFO  client.GrpcClientProtocolClient (GrpcClientProtocolClient.java:onNext(255)) - client-8DB4338F17D0->b5da6a4a-1459-46a4-9479-d2035163dbe2: receive RaftClientReply:client-8DB4338F17D0->b5da6a4a-1459-46a4-9479-d2035163dbe2@group-4A9565783204, cid=4266, SUCCESS, logIndex=6505, commits[b5da6a4a-1459-46a4-9479-d2035163dbe2:c6505, 69c25b61-d669-4f17-b36d-41bca3df1f31:c6503, d2a7b1fa-fac6-4c6f-8c6d-9ac7414c70c3:c6503]
2019-07-14 04:24:08,067 INFO  client.GrpcClientProtocolClient (GrpcClientProtocolClient.java:onNext(255)) - client-8DB4338F17D0->b5da6a4a-1459-46a4-9479-d2035163dbe2: receive RaftClientReply:client-8DB4338F17D0->b5da6a4a-1459-46a4-9479-d2035163dbe2@group-4A9565783204, cid=4267, SUCCESS, logIndex=0, commits[b5da6a4a-1459-46a4-9479-d2035163dbe2:c6506, 69c25b61-d669-4f17-b36d-41bca3df1f31:c6505, d2a7b1fa-fac6-4c6f-8c6d-9ac7414c70c3:c6505]
2019-07-14 04:24:08,101 INFO  client.GrpcClientProtocolClient (GrpcClientProtocolClient.java:onNext(255)) - client-8DB4338F17D0->b5da6a4a-1459-46a4-9479-d2035163dbe2: receive RaftClientReply:client-8DB4338F17D0->b5da6a4a-1459-46a4-9479-d2035163dbe2@group-4A9565783204, cid=4268, SUCCESS, logIndex=6508, commits[b5da6a4a-1459-46a4-9479-d2035163dbe2:c6509, 69c25b61-d669-4f17-b36d-41bca3df1f31:c6507, d2a7b1fa-fac6-4c6f-8c6d-9ac7414c70c3:c6507]
2019-07-14 04:24:08,102 INFO  client.GrpcClientProtocolClient (GrpcClientProtocolClient.java:onNext(255)) - client-8DB4338F17D0->b5da6a4a-1459-46a4-9479-d2035163dbe2: receive RaftClientReply:client-8DB4338F17D0->b5da6a4a-1459-46a4-9479-d2035163dbe2@group-4A9565783204, cid=4269, SUCCESS, logIndex=6509, commits[b5da6a4a-1459-46a4-9479-d2035163dbe2:c6511, 69c25b61-d669-4f17-b36d-41bca3df1f31:c6507, d2a7b1fa-fac6-4c6f-8c6d-9ac7414c70c3:c6507]
2019-07-14 04:24:08,102 INFO  client.GrpcClientProtocolClient (GrpcClientProtocolClient.java:onNext(255)) - client-8DB4338F17D0->b5da6a4a-1459-46a4-9479-d2035163dbe2: receive RaftClientReply:client-8DB4338F17D0->b5da6a4a-1459-46a4-9479-d2035163dbe2@group-4A9565783204, cid=4270, SUCCESS, logIndex=6510, commits[b5da6a4a-1459-46a4-9479-d2035163dbe2:c6511, 69c25b61-d669-4f17-b36d-41bca3df1f31:c6507, d2a7b1fa-fac6-4c6f-8c6d-9ac7414c70c3:c6507]
2019-07-14 04:24:08,103 INFO  client.GrpcClientProtocolClient (GrpcClientProtocolClient.java:onNext(255)) - client-8DB4338F17D0->b5da6a4a-1459-46a4-9479-d2035163dbe2: receive RaftClientReply:client-8DB4338F17D0->b5da6a4a-1459-46a4-9479-d2035163dbe2@group-4A9565783204, cid=4271, SUCCESS, logIndex=6511, commits[b5da6a4a-1459-46a4-9479-d2035163dbe2:c6512, 69c25b61-d669-4f17-b36d-41bca3df1f31:c6507, d2a7b1fa-fac6-4c6f-8c6d-9ac7414c70c3:c6508]
2019-07-14 04:24:08,105 INFO  client.GrpcClientProtocolClient (GrpcClientProtocolClient.java:onNext(255)) - client-8DB4338F17D0->b5da6a4a-1459-46a4-9479-d2035163dbe2: receive RaftClientReply:client-8DB4338F17D0->b5da6a4a-1459-46a4-9479-d2035163dbe2@group-4A9565783204, cid=4272, SUCCESS, logIndex=0, commits[b5da6a4a-1459-46a4-9479-d2035163dbe2:c6513, 69c25b61-d669-4f17-b36d-41bca3df1f31:c6509, d2a7b1fa-fac6-4c6f-8c6d-9ac7414c70c3:c6509]
2019-07-14 04:24:08,125 INFO  client.GrpcClientProtocolClient (GrpcClientProtocolClient.java:onNext(255)) - client-8DB4338F17D0->b5da6a4a-1459-46a4-9479-d2035163dbe2: receive RaftClientReply:client-8DB4338F17D0->b5da6a4a-1459-46a4-9479-d2035163dbe2@group-4A9565783204, cid=4273, SUCCESS, logIndex=6515, commits[b5da6a4a-1459-46a4-9479-d2035163dbe2:c6516, 69c25b61-d669-4f17-b36d-41bca3df1f31:c6514, d2a7b1fa-fac6-4c6f-8c6d-9ac7414c70c3:c6514]
2019-07-14 04:24:08,125 INFO  client.GrpcClientProtocolClient (GrpcClientProtocolClient.java:onNext(255)) - client-8DB4338F17D0->b5da6a4a-1459-46a4-9479-d2035163dbe2: receive RaftClientReply:client-8DB4338F17D0->b5da6a4a-1459-46a4-9479-d2035163dbe2@group-4A9565783204, cid=4274, SUCCESS, logIndex=6516, commits[b5da6a4a-1459-46a4-9479-d2035163dbe2:c6516, 69c25b61-d669-4f17-b36d-41bca3df1f31:c6514, d2a7b1fa-fac6-4c6f-8c6d-9ac7414c70c3:c6514]
2019-07-14 04:24:08,138 INFO  client.GrpcClientProtocolClient (GrpcClientProtocolClient.java:onNext(255)) - client-8DB4338F17D0->b5da6a4a-1459-46a4-9479-d2035163dbe2: receive RaftClientReply:client-8DB4338F17D0->b5da6a4a-1459-46a4-9479-d2035163dbe2@group-4A9565783204, cid=4275, SUCCESS, logIndex=6519, commits[b5da6a4a-1459-46a4-9479-d2035163dbe2:c6520, 69c25b61-d669-4f17-b36d-41bca3df1f31:c6518, d2a7b1fa-fac6-4c6f-8c6d-9ac7414c70c3:c6518]
2019-07-14 04:24:08,139 INFO  client.GrpcClientProtocolClient (GrpcClientProtocolClient.java:onNext(255)) - client-8DB4338F17D0->b5da6a4a-1459-46a4-9479-d2035163dbe2: receive RaftClientReply:client-8DB4338F17D0->b5da6a4a-1459-46a4-9479-d2035163dbe2@group-4A9565783204, cid=4276, SUCCESS, logIndex=6520, commits[b5da6a4a-1459-46a4-9479-d2035163dbe2:c6520, 69c25b61-d669-4f17-b36d-41bca3df1f31:c6518, d2a7b1fa-fac6-4c6f-8c6d-9ac7414c70c3:c6518]
2019-07-14 04:24:08,144 INFO  client.GrpcClientProtocolClient (GrpcClientProtocolClient.java:onNext(255)) - client-8DB4338F17D0->b5da6a4a-1459-46a4-9479-d2035163dbe2: receive RaftClientReply:client-8DB4338F17D0->b5da6a4a-1459-46a4-9479-d2035163dbe2@group-4A9565783204, cid=4277, SUCCESS, logIndex=0, commits[b5da6a4a-1459-46a4-9479-d2035163dbe2:c6521, 69c25b61-d669-4f17-b36d-41bca3df1f31:c6520, d2a7b1fa-fac6-4c6f-8c6d-9ac7414c70c3:c6520]
2019-07-14 04:24:08,175 INFO  client.GrpcClientProtocolClient (GrpcClientProtocolClient.java:onNext(255)) - client-8DB4338F17D0->b5da6a4a-1459-46a4-9479-d2035163dbe2: receive RaftClientReply:client-8DB4338F17D0->b5da6a4a-1459-46a4-9479-d2035163dbe2@group-4A9565783204, cid=4278, SUCCESS, logIndex=6523, commits[b5da6a4a-1459-46a4-9479-d2035163dbe2:c6526, 69c25b61-d669-4f17-b36d-41bca3df1f31:c6522, d2a7b1fa-fac6-4c6f-8c6d-9ac7414c70c3:c6520]
2019-07-14 04:24:08,175 INFO  client.GrpcClientProtocolClient (GrpcClientProtocolClient.java:onNext(255)) - client-8DB4338F17D0->b5da6a4a-1459-46a4-9479-d2035163dbe2: receive RaftClientReply:client-8DB4338F17D0->b5da6a4a-1459-46a4-9479-d2035163dbe2@group-4A9565783204, cid=4279, SUCCESS, logIndex=6524, commits[b5da6a4a-1459-46a4-9479-d2035163dbe2:c6526, 69c25b61-d669-4f17-b36d-41bca3df1f31:c6522, d2a7b1fa-fac6-4c6f-8c6d-9ac7414c70c3:c6522]
2019-07-14 04:24:08,176 INFO  client.GrpcClientProtocolClient (GrpcClientProtocolClient.java:onNext(255)) - client-8DB4338F17D0->b5da6a4a-1459-46a4-9479-d2035163dbe2: receive RaftClientReply:client-8DB4338F17D0->b5da6a4a-1459-46a4-9479-d2035163dbe2@group-4A9565783204, cid=4280, SUCCESS, logIndex=6525, commits[b5da6a4a-1459-46a4-9479-d2035163dbe2:c6526, 69c25b61-d669-4f17-b36d-41bca3df1f31:c6522, d2a7b1fa-fac6-4c6f-8c6d-9ac7414c70c3:c6522]
2019-07-14 04:24:08,176 INFO  client.GrpcClientProtocolClient (GrpcClientProtocolClient.java:onNext(255)) - client-8DB4338F17D0->b5da6a4a-1459-46a4-9479-d2035163dbe2: receive RaftClientReply:client-8DB4338F17D0->b5da6a4a-1459-46a4-9479-d2035163dbe2@group-4A9565783204, cid=4281, SUCCESS, logIndex=6526, commits[b5da6a4a-1459-46a4-9479-d2035163dbe2:c6527, 69c25b61-d669-4f17-b36d-41bca3df1f31:c6524, d2a7b1fa-fac6-4c6f-8c6d-9ac7414c70c3:c6522]
2019-07-14 04:24:08,177 INFO  client.GrpcClientProtocolClient (GrpcClientProtocolClient.java:onNext(255)) - client-8DB4338F17D0->b5da6a4a-1459-46a4-9479-d2035163dbe2: receive RaftClientReply:client-8DB4338F17D0->b5da6a4a-1459-46a4-9479-d2035163dbe2@group-4A9565783204, cid=4282, SUCCESS, logIndex=0, commits[b5da6a4a-1459-46a4-9479-d2035163dbe2:c6529, 69c25b61-d669-4f17-b36d-41bca3df1f31:c6524, d2a7b1fa-fac6-4c6f-8c6d-9ac7414c70c3:c6526]
2019-07-14 04:24:08,188 INFO  client.GrpcClientProtocolClient (GrpcClientProtocolClient.java:onNext(255)) - client-8DB4338F17D0->b5da6a4a-1459-46a4-9479-d2035163dbe2: receive RaftClientReply:client-8DB4338F17D0->b5da6a4a-1459-46a4-9479-d2035163dbe2@group-4A9565783204, cid=4283, SUCCESS, logIndex=6531, commits[b5da6a4a-1459-46a4-9479-d2035163dbe2:c6532, 69c25b61-d669-4f17-b36d-41bca3df1f31:c6530, d2a7b1fa-fac6-4c6f-8c6d-9ac7414c70c3:c6530]
2019-07-14 04:24:08,188 INFO  client.GrpcClientProtocolClient (GrpcClientProtocolClient.java:onNext(255)) - client-8DB4338F17D0->b5da6a4a-1459-46a4-9479-d2035163dbe2: receive RaftClientReply:client-8DB4338F17D0->b5da6a4a-1459-46a4-9479-d2035163dbe2@group-4A9565783204, cid=4284, SUCCESS, logIndex=6532, commits[b5da6a4a-1459-46a4-9479-d2035163dbe2:c6532, 69c25b61-d669-4f17-b36d-41bca3df1f31:c6530, d2a7b1fa-fac6-4c6f-8c6d-9ac7414c70c3:c6530]
 0.00% |█                                                                                                    |  0/1 Time: 0:00:332019-07-14 04:24:08,737 INFO  client.GrpcClientProtocolClient (GrpcClientProtocolClient.java:onNext(255)) - client-8DB4338F17D0->b5da6a4a-1459-46a4-9479-d2035163dbe2: receive RaftClientReply:client-8DB4338F17D0->b5da6a4a-1459-46a4-9479-d2035163dbe2@group-4A9565783204, cid=4285, SUCCESS, logIndex=6535, commits[b5da6a4a-1459-46a4-9479-d2035163dbe2:c6536, 69c25b61-d669-4f17-b36d-41bca3df1f31:c6532, d2a7b1fa-fac6-4c6f-8c6d-9ac7414c70c3:c6534]
2019-07-14 04:24:08,737 INFO  client.GrpcClientProtocolClient (GrpcClientProtocolClient.java:onNext(255)) - client-8DB4338F17D0->b5da6a4a-1459-46a4-9479-d2035163dbe2: receive RaftClientReply:client-8DB4338F17D0->b5da6a4a-1459-46a4-9479-d2035163dbe2@group-4A9565783204, cid=4286, SUCCESS, logIndex=6536, commits[b5da6a4a-1459-46a4-9479-d2035163dbe2:c6536, 69c25b61-d669-4f17-b36d-41bca3df1f31:c6534, d2a7b1fa-fac6-4c6f-8c6d-9ac7414c70c3:c6534]
 0.00% |█                                                                                                    |  0/1 Time: 0:00:342019-07-14 04:24:09,416 INFO  client.GrpcClientProtocolClient (GrpcClientProtocolClient.java:onNext(255)) - client-8DB4338F17D0->b5da6a4a-1459-46a4-9479-d2035163dbe2: receive RaftClientReply:client-8DB4338F17D0->b5da6a4a-1459-46a4-9479-d2035163dbe2@group-4A9565783204, cid=4287, SUCCESS, logIndex=0, commits[b5da6a4a-1459-46a4-9479-d2035163dbe2:c6537, 69c25b61-d669-4f17-b36d-41bca3df1f31:c6536, d2a7b1fa-fac6-4c6f-8c6d-9ac7414c70c3:c6536]
 0.00% |█                                                                                                    |  0/1 Time: 0:00:35 0.00% |█                                                                                                    |  0/1 Time: 0:00:362019-07-14 04:24:11,501 INFO  client.GrpcClientProtocolClient (GrpcClientProtocolClient.java:onNext(255)) - client-8DB4338F17D0->b5da6a4a-1459-46a4-9479-d2035163dbe2: receive RaftClientReply:client-8DB4338F17D0->b5da6a4a-1459-46a4-9479-d2035163dbe2@group-4A9565783204, cid=4288, SUCCESS, logIndex=6539, commits[b5da6a4a-1459-46a4-9479-d2035163dbe2:c6542, 69c25b61-d669-4f17-b36d-41bca3df1f31:c6538, d2a7b1fa-fac6-4c6f-8c6d-9ac7414c70c3:c6538]
2019-07-14 04:24:11,502 INFO  client.GrpcClientProtocolClient (GrpcClientProtocolClient.java:onNext(255)) - client-8DB4338F17D0->b5da6a4a-1459-46a4-9479-d2035163dbe2: receive RaftClientReply:client-8DB4338F17D0->b5da6a4a-1459-46a4-9479-d2035163dbe2@group-4A9565783204, cid=4289, SUCCESS, logIndex=6540, commits[b5da6a4a-1459-46a4-9479-d2035163dbe2:c6542, 69c25b61-d669-4f17-b36d-41bca3df1f31:c6538, d2a7b1fa-fac6-4c6f-8c6d-9ac7414c70c3:c6538]
2019-07-14 04:24:11,503 INFO  client.GrpcClientProtocolClient (GrpcClientProtocolClient.java:onNext(255)) - client-8DB4338F17D0->b5da6a4a-1459-46a4-9479-d2035163dbe2: receive RaftClientReply:client-8DB4338F17D0->b5da6a4a-1459-46a4-9479-d2035163dbe2@group-4A9565783204, cid=4290, SUCCESS, logIndex=6541, commits[b5da6a4a-1459-46a4-9479-d2035163dbe2:c6542, 69c25b61-d669-4f17-b36d-41bca3df1f31:c6538, d2a7b1fa-fac6-4c6f-8c6d-9ac7414c70c3:c6538]
2019-07-14 04:24:11,503 INFO  client.GrpcClientProtocolClient (GrpcClientProtocolClient.java:onNext(255)) - client-8DB4338F17D0->b5da6a4a-1459-46a4-9479-d2035163dbe2: receive RaftClientReply:client-8DB4338F17D0->b5da6a4a-1459-46a4-9479-d2035163dbe2@group-4A9565783204, cid=4291, SUCCESS, logIndex=6542, commits[b5da6a4a-1459-46a4-9479-d2035163dbe2:c6542, 69c25b61-d669-4f17-b36d-41bca3df1f31:c6538, d2a7b1fa-fac6-4c6f-8c6d-9ac7414c70c3:c6538]
 0.00% |█                                                                                                    |  0/1 Time: 0:00:37 0.00% |█                                                                                                    |  0/1 Time: 0:00:382019-07-14 04:24:14,246 INFO  client.GrpcClientProtocolClient (GrpcClientProtocolClient.java:onNext(255)) - client-8DB4338F17D0->b5da6a4a-1459-46a4-9479-d2035163dbe2: receive RaftClientReply:client-8DB4338F17D0->b5da6a4a-1459-46a4-9479-d2035163dbe2@group-4A9565783204, cid=4292, SUCCESS, logIndex=0, commits[b5da6a4a-1459-46a4-9479-d2035163dbe2:c6546, 69c25b61-d669-4f17-b36d-41bca3df1f31:c6546, d2a7b1fa-fac6-4c6f-8c6d-9ac7414c70c3:c6546]
 0.00% |█                                                                                                    |  0/1 Time: 0:00:392019-07-14 04:24:14,270 INFO  client.GrpcClientProtocolClient (GrpcClientProtocolClient.java:onNext(255)) - client-8DB4338F17D0->b5da6a4a-1459-46a4-9479-d2035163dbe2: receive RaftClientReply:client-8DB4338F17D0->b5da6a4a-1459-46a4-9479-d2035163dbe2@group-4A9565783204, cid=4293, SUCCESS, logIndex=6547, commits[b5da6a4a-1459-46a4-9479-d2035163dbe2:c6548, 69c25b61-d669-4f17-b36d-41bca3df1f31:c6546, d2a7b1fa-fac6-4c6f-8c6d-9ac7414c70c3:c6546]
2019-07-14 04:24:14,270 INFO  client.GrpcClientProtocolClient (GrpcClientProtocolClient.java:onNext(255)) - client-8DB4338F17D0->b5da6a4a-1459-46a4-9479-d2035163dbe2: receive RaftClientReply:client-8DB4338F17D0->b5da6a4a-1459-46a4-9479-d2035163dbe2@group-4A9565783204, cid=4294, SUCCESS, logIndex=6548, commits[b5da6a4a-1459-46a4-9479-d2035163dbe2:c6548, 69c25b61-d669-4f17-b36d-41bca3df1f31:c6546, d2a7b1fa-fac6-4c6f-8c6d-9ac7414c70c3:c6546]
2019-07-14 04:24:14,304 INFO  client.GrpcClientProtocolClient (GrpcClientProtocolClient.java:onNext(255)) - client-8DB4338F17D0->b5da6a4a-1459-46a4-9479-d2035163dbe2: receive RaftClientReply:client-8DB4338F17D0->b5da6a4a-1459-46a4-9479-d2035163dbe2@group-4A9565783204, cid=4295, SUCCESS, logIndex=6551, commits[b5da6a4a-1459-46a4-9479-d2035163dbe2:c6552, 69c25b61-d669-4f17-b36d-41bca3df1f31:c6548, d2a7b1fa-fac6-4c6f-8c6d-9ac7414c70c3:c6548]
2019-07-14 04:24:14,305 INFO  client.GrpcClientProtocolClient (GrpcClientProtocolClient.java:onNext(255)) - client-8DB4338F17D0->b5da6a4a-1459-46a4-9479-d2035163dbe2: receive RaftClientReply:client-8DB4338F17D0->b5da6a4a-1459-46a4-9479-d2035163dbe2@group-4A9565783204, cid=4296, SUCCESS, logIndex=6552, commits[b5da6a4a-1459-46a4-9479-d2035163dbe2:c6552, 69c25b61-d669-4f17-b36d-41bca3df1f31:c6548, d2a7b1fa-fac6-4c6f-8c6d-9ac7414c70c3:c6548]
2019-07-14 04:24:14,330 INFO  client.GrpcClientProtocolClient (GrpcClientProtocolClient.java:onNext(255)) - client-8DB4338F17D0->b5da6a4a-1459-46a4-9479-d2035163dbe2: receive RaftClientReply:client-8DB4338F17D0->b5da6a4a-1459-46a4-9479-d2035163dbe2@group-4A9565783204, cid=4297, SUCCESS, logIndex=0, commits[b5da6a4a-1459-46a4-9479-d2035163dbe2:c6554, 69c25b61-d669-4f17-b36d-41bca3df1f31:c6552, d2a7b1fa-fac6-4c6f-8c6d-9ac7414c70c3:c6552]
2019-07-14 04:24:14,372 INFO  client.GrpcClientProtocolClient (GrpcClientProtocolClient.java:onNext(255)) - client-8DB4338F17D0->b5da6a4a-1459-46a4-9479-d2035163dbe2: receive RaftClientReply:client-8DB4338F17D0->b5da6a4a-1459-46a4-9479-d2035163dbe2@group-4A9565783204, cid=4298, SUCCESS, logIndex=6555, commits[b5da6a4a-1459-46a4-9479-d2035163dbe2:c6556, 69c25b61-d669-4f17-b36d-41bca3df1f31:c6554, d2a7b1fa-fac6-4c6f-8c6d-9ac7414c70c3:c6554]
2019-07-14 04:24:14,373 INFO  client.GrpcClientProtocolClient (GrpcClientProtocolClient.java:onNext(255)) - client-8DB4338F17D0->b5da6a4a-1459-46a4-9479-d2035163dbe2: receive RaftClientReply:client-8DB4338F17D0->b5da6a4a-1459-46a4-9479-d2035163dbe2@group-4A9565783204, cid=4299, SUCCESS, logIndex=6556, commits[b5da6a4a-1459-46a4-9479-d2035163dbe2:c6556, 69c25b61-d669-4f17-b36d-41bca3df1f31:c6554, d2a7b1fa-fac6-4c6f-8c6d-9ac7414c70c3:c6554]
2019-07-14 04:24:14,373 INFO  client.GrpcClientProtocolClient (GrpcClientProtocolClient.java:onNext(255)) - client-8DB4338F17D0->b5da6a4a-1459-46a4-9479-d2035163dbe2: receive RaftClientReply:client-8DB4338F17D0->b5da6a4a-1459-46a4-9479-d2035163dbe2@group-4A9565783204, cid=4300, SUCCESS, logIndex=6557, commits[b5da6a4a-1459-46a4-9479-d2035163dbe2:c6558, 69c25b61-d669-4f17-b36d-41bca3df1f31:c6554, d2a7b1fa-fac6-4c6f-8c6d-9ac7414c70c3:c6554]
2019-07-14 04:24:14,374 INFO  client.GrpcClientProtocolClient (GrpcClientProtocolClient.java:onNext(255)) - client-8DB4338F17D0->b5da6a4a-1459-46a4-9479-d2035163dbe2: receive RaftClientReply:client-8DB4338F17D0->b5da6a4a-1459-46a4-9479-d2035163dbe2@group-4A9565783204, cid=4301, SUCCESS, logIndex=6558, commits[b5da6a4a-1459-46a4-9479-d2035163dbe2:c6558, 69c25b61-d669-4f17-b36d-41bca3df1f31:c6554, d2a7b1fa-fac6-4c6f-8c6d-9ac7414c70c3:c6554]
2019-07-14 04:24:14,375 INFO  client.GrpcClientProtocolClient (GrpcClientProtocolClient.java:onNext(255)) - client-8DB4338F17D0->b5da6a4a-1459-46a4-9479-d2035163dbe2: receive RaftClientReply:client-8DB4338F17D0->b5da6a4a-1459-46a4-9479-d2035163dbe2@group-4A9565783204, cid=4302, SUCCESS, logIndex=0, commits[b5da6a4a-1459-46a4-9479-d2035163dbe2:c6560, 69c25b61-d669-4f17-b36d-41bca3df1f31:c6556, d2a7b1fa-fac6-4c6f-8c6d-9ac7414c70c3:c6556]
2019-07-14 04:24:14,416 INFO  client.GrpcClientProtocolClient (GrpcClientProtocolClient.java:onNext(255)) - client-8DB4338F17D0->b5da6a4a-1459-46a4-9479-d2035163dbe2: receive RaftClientReply:client-8DB4338F17D0->b5da6a4a-1459-46a4-9479-d2035163dbe2@group-4A9565783204, cid=4303, SUCCESS, logIndex=6563, commits[b5da6a4a-1459-46a4-9479-d2035163dbe2:c6564, 69c25b61-d669-4f17-b36d-41bca3df1f31:c6562, d2a7b1fa-fac6-4c6f-8c6d-9ac7414c70c3:c6562]
2019-07-14 04:24:14,416 INFO  client.GrpcClientProtocolClient (GrpcClientProtocolClient.java:onNext(255)) - client-8DB4338F17D0->b5da6a4a-1459-46a4-9479-d2035163dbe2: receive RaftClientReply:client-8DB4338F17D0->b5da6a4a-1459-46a4-9479-d2035163dbe2@group-4A9565783204, cid=4304, SUCCESS, logIndex=6564, commits[b5da6a4a-1459-46a4-9479-d2035163dbe2:c6564, 69c25b61-d669-4f17-b36d-41bca3df1f31:c6562, d2a7b1fa-fac6-4c6f-8c6d-9ac7414c70c3:c6562]
2019-07-14 04:24:14,431 INFO  client.GrpcClientProtocolClient (GrpcClientProtocolClient.java:onNext(255)) - client-8DB4338F17D0->b5da6a4a-1459-46a4-9479-d2035163dbe2: receive RaftClientReply:client-8DB4338F17D0->b5da6a4a-1459-46a4-9479-d2035163dbe2@group-4A9565783204, cid=4305, SUCCESS, logIndex=6567, commits[b5da6a4a-1459-46a4-9479-d2035163dbe2:c6568, 69c25b61-d669-4f17-b36d-41bca3df1f31:c6564, d2a7b1fa-fac6-4c6f-8c6d-9ac7414c70c3:c6564]
2019-07-14 04:24:14,431 INFO  client.GrpcClientProtocolClient (GrpcClientProtocolClient.java:onNext(255)) - client-8DB4338F17D0->b5da6a4a-1459-46a4-9479-d2035163dbe2: receive RaftClientReply:client-8DB4338F17D0->b5da6a4a-1459-46a4-9479-d2035163dbe2@group-4A9565783204, cid=4306, SUCCESS, logIndex=6568, commits[b5da6a4a-1459-46a4-9479-d2035163dbe2:c6568, 69c25b61-d669-4f17-b36d-41bca3df1f31:c6564, d2a7b1fa-fac6-4c6f-8c6d-9ac7414c70c3:c6564]
2019-07-14 04:24:14,444 INFO  client.GrpcClientProtocolClient (GrpcClientProtocolClient.java:onNext(255)) - client-8DB4338F17D0->b5da6a4a-1459-46a4-9479-d2035163dbe2: receive RaftClientReply:client-8DB4338F17D0->b5da6a4a-1459-46a4-9479-d2035163dbe2@group-4A9565783204, cid=4307, SUCCESS, logIndex=0, commits[b5da6a4a-1459-46a4-9479-d2035163dbe2:c6569, 69c25b61-d669-4f17-b36d-41bca3df1f31:c6568, d2a7b1fa-fac6-4c6f-8c6d-9ac7414c70c3:c6568]
2019-07-14 04:24:14,485 INFO  client.GrpcClientProtocolClient (GrpcClientProtocolClient.java:onNext(255)) - client-8DB4338F17D0->b5da6a4a-1459-46a4-9479-d2035163dbe2: receive RaftClientReply:client-8DB4338F17D0->b5da6a4a-1459-46a4-9479-d2035163dbe2@group-4A9565783204, cid=4308, SUCCESS, logIndex=6571, commits[b5da6a4a-1459-46a4-9479-d2035163dbe2:c6572, 69c25b61-d669-4f17-b36d-41bca3df1f31:c6570, d2a7b1fa-fac6-4c6f-8c6d-9ac7414c70c3:c6570]
2019-07-14 04:24:14,485 INFO  client.GrpcClientProtocolClient (GrpcClientProtocolClient.java:onNext(255)) - client-8DB4338F17D0->b5da6a4a-1459-46a4-9479-d2035163dbe2: receive RaftClientReply:client-8DB4338F17D0->b5da6a4a-1459-46a4-9479-d2035163dbe2@group-4A9565783204, cid=4309, SUCCESS, logIndex=6572, commits[b5da6a4a-1459-46a4-9479-d2035163dbe2:c6572, 69c25b61-d669-4f17-b36d-41bca3df1f31:c6570, d2a7b1fa-fac6-4c6f-8c6d-9ac7414c70c3:c6570]
2019-07-14 04:24:14,487 INFO  client.GrpcClientProtocolClient (GrpcClientProtocolClient.java:onNext(255)) - client-8DB4338F17D0->b5da6a4a-1459-46a4-9479-d2035163dbe2: receive RaftClientReply:client-8DB4338F17D0->b5da6a4a-1459-46a4-9479-d2035163dbe2@group-4A9565783204, cid=4310, SUCCESS, logIndex=6573, commits[b5da6a4a-1459-46a4-9479-d2035163dbe2:c6574, 69c25b61-d669-4f17-b36d-41bca3df1f31:c6570, d2a7b1fa-fac6-4c6f-8c6d-9ac7414c70c3:c6570]
2019-07-14 04:24:14,487 INFO  client.GrpcClientProtocolClient (GrpcClientProtocolClient.java:onNext(255)) - client-8DB4338F17D0->b5da6a4a-1459-46a4-9479-d2035163dbe2: receive RaftClientReply:client-8DB4338F17D0->b5da6a4a-1459-46a4-9479-d2035163dbe2@group-4A9565783204, cid=4311, SUCCESS, logIndex=6574, commits[b5da6a4a-1459-46a4-9479-d2035163dbe2:c6574, 69c25b61-d669-4f17-b36d-41bca3df1f31:c6570, d2a7b1fa-fac6-4c6f-8c6d-9ac7414c70c3:c6570]
2019-07-14 04:24:14,491 INFO  client.GrpcClientProtocolClient (GrpcClientProtocolClient.java:onNext(255)) - client-8DB4338F17D0->b5da6a4a-1459-46a4-9479-d2035163dbe2: receive RaftClientReply:client-8DB4338F17D0->b5da6a4a-1459-46a4-9479-d2035163dbe2@group-4A9565783204, cid=4312, SUCCESS, logIndex=0, commits[b5da6a4a-1459-46a4-9479-d2035163dbe2:c6576, 69c25b61-d669-4f17-b36d-41bca3df1f31:c6572, d2a7b1fa-fac6-4c6f-8c6d-9ac7414c70c3:c6573]
2019-07-14 04:24:14,513 INFO  client.GrpcClientProtocolClient (GrpcClientProtocolClient.java:onNext(255)) - client-8DB4338F17D0->b5da6a4a-1459-46a4-9479-d2035163dbe2: receive RaftClientReply:client-8DB4338F17D0->b5da6a4a-1459-46a4-9479-d2035163dbe2@group-4A9565783204, cid=4313, SUCCESS, logIndex=6579, commits[b5da6a4a-1459-46a4-9479-d2035163dbe2:c6580, 69c25b61-d669-4f17-b36d-41bca3df1f31:c6578, d2a7b1fa-fac6-4c6f-8c6d-9ac7414c70c3:c6578]
2019-07-14 04:24:14,513 INFO  client.GrpcClientProtocolClient (GrpcClientProtocolClient.java:onNext(255)) - client-8DB4338F17D0->b5da6a4a-1459-46a4-9479-d2035163dbe2: receive RaftClientReply:client-8DB4338F17D0->b5da6a4a-1459-46a4-9479-d2035163dbe2@group-4A9565783204, cid=4314, SUCCESS, logIndex=6580, commits[b5da6a4a-1459-46a4-9479-d2035163dbe2:c6580, 69c25b61-d669-4f17-b36d-41bca3df1f31:c6578, d2a7b1fa-fac6-4c6f-8c6d-9ac7414c70c3:c6578]
2019-07-14 04:24:14,526 INFO  client.GrpcClientProtocolClient (GrpcClientProtocolClient.java:onNext(255)) - client-8DB4338F17D0->b5da6a4a-1459-46a4-9479-d2035163dbe2: receive RaftClientReply:client-8DB4338F17D0->b5da6a4a-1459-46a4-9479-d2035163dbe2@group-4A9565783204, cid=4315, SUCCESS, logIndex=6583, commits[b5da6a4a-1459-46a4-9479-d2035163dbe2:c6584, 69c25b61-d669-4f17-b36d-41bca3df1f31:c6579, d2a7b1fa-fac6-4c6f-8c6d-9ac7414c70c3:c6580]
2019-07-14 04:24:14,527 INFO  client.GrpcClientProtocolClient (GrpcClientProtocolClient.java:onNext(255)) - client-8DB4338F17D0->b5da6a4a-1459-46a4-9479-d2035163dbe2: receive RaftClientReply:client-8DB4338F17D0->b5da6a4a-1459-46a4-9479-d2035163dbe2@group-4A9565783204, cid=4316, SUCCESS, logIndex=6584, commits[b5da6a4a-1459-46a4-9479-d2035163dbe2:c6584, 69c25b61-d669-4f17-b36d-41bca3df1f31:c6580, d2a7b1fa-fac6-4c6f-8c6d-9ac7414c70c3:c6580]
2019-07-14 04:24:14,533 INFO  client.GrpcClientProtocolClient (GrpcClientProtocolClient.java:onNext(255)) - client-8DB4338F17D0->b5da6a4a-1459-46a4-9479-d2035163dbe2: receive RaftClientReply:client-8DB4338F17D0->b5da6a4a-1459-46a4-9479-d2035163dbe2@group-4A9565783204, cid=4317, SUCCESS, logIndex=0, commits[b5da6a4a-1459-46a4-9479-d2035163dbe2:c6586, 69c25b61-d669-4f17-b36d-41bca3df1f31:c6584, d2a7b1fa-fac6-4c6f-8c6d-9ac7414c70c3:c6584]
2019-07-14 04:24:14,569 INFO  client.GrpcClientProtocolClient (GrpcClientProtocolClient.java:onNext(255)) - client-8DB4338F17D0->b5da6a4a-1459-46a4-9479-d2035163dbe2: receive RaftClientReply:client-8DB4338F17D0->b5da6a4a-1459-46a4-9479-d2035163dbe2@group-4A9565783204, cid=4318, SUCCESS, logIndex=6587, commits[b5da6a4a-1459-46a4-9479-d2035163dbe2:c6588, 69c25b61-d669-4f17-b36d-41bca3df1f31:c6586, d2a7b1fa-fac6-4c6f-8c6d-9ac7414c70c3:c6586]
2019-07-14 04:24:14,570 INFO  client.GrpcClientProtocolClient (GrpcClientProtocolClient.java:onNext(255)) - client-8DB4338F17D0->b5da6a4a-1459-46a4-9479-d2035163dbe2: receive RaftClientReply:client-8DB4338F17D0->b5da6a4a-1459-46a4-9479-d2035163dbe2@group-4A9565783204, cid=4319, SUCCESS, logIndex=6588, commits[b5da6a4a-1459-46a4-9479-d2035163dbe2:c6588, 69c25b61-d669-4f17-b36d-41bca3df1f31:c6586, d2a7b1fa-fac6-4c6f-8c6d-9ac7414c70c3:c6586]
2019-07-14 04:24:14,570 INFO  client.GrpcClientProtocolClient (GrpcClientProtocolClient.java:onNext(255)) - client-8DB4338F17D0->b5da6a4a-1459-46a4-9479-d2035163dbe2: receive RaftClientReply:client-8DB4338F17D0->b5da6a4a-1459-46a4-9479-d2035163dbe2@group-4A9565783204, cid=4320, SUCCESS, logIndex=6589, commits[b5da6a4a-1459-46a4-9479-d2035163dbe2:c6590, 69c25b61-d669-4f17-b36d-41bca3df1f31:c6586, d2a7b1fa-fac6-4c6f-8c6d-9ac7414c70c3:c6586]
2019-07-14 04:24:14,570 INFO  client.GrpcClientProtocolClient (GrpcClientProtocolClient.java:onNext(255)) - client-8DB4338F17D0->b5da6a4a-1459-46a4-9479-d2035163dbe2: receive RaftClientReply:client-8DB4338F17D0->b5da6a4a-1459-46a4-9479-d2035163dbe2@group-4A9565783204, cid=4321, SUCCESS, logIndex=6590, commits[b5da6a4a-1459-46a4-9479-d2035163dbe2:c6590, 69c25b61-d669-4f17-b36d-41bca3df1f31:c6586, d2a7b1fa-fac6-4c6f-8c6d-9ac7414c70c3:c6586]
2019-07-14 04:24:14,575 INFO  client.GrpcClientProtocolClient (GrpcClientProtocolClient.java:onNext(255)) - client-8DB4338F17D0->b5da6a4a-1459-46a4-9479-d2035163dbe2: receive RaftClientReply:client-8DB4338F17D0->b5da6a4a-1459-46a4-9479-d2035163dbe2@group-4A9565783204, cid=4322, SUCCESS, logIndex=0, commits[b5da6a4a-1459-46a4-9479-d2035163dbe2:c6592, 69c25b61-d669-4f17-b36d-41bca3df1f31:c6588, d2a7b1fa-fac6-4c6f-8c6d-9ac7414c70c3:c6588]
2019-07-14 04:24:15,050 INFO  client.GrpcClientProtocolClient (GrpcClientProtocolClient.java:onNext(255)) - client-8DB4338F17D0->b5da6a4a-1459-46a4-9479-d2035163dbe2: receive RaftClientReply:client-8DB4338F17D0->b5da6a4a-1459-46a4-9479-d2035163dbe2@group-4A9565783204, cid=4323, SUCCESS, logIndex=6595, commits[b5da6a4a-1459-46a4-9479-d2035163dbe2:c6596, 69c25b61-d669-4f17-b36d-41bca3df1f31:c6594, d2a7b1fa-fac6-4c6f-8c6d-9ac7414c70c3:c6594]
2019-07-14 04:24:15,051 INFO  client.GrpcClientProtocolClient (GrpcClientProtocolClient.java:onNext(255)) - client-8DB4338F17D0->b5da6a4a-1459-46a4-9479-d2035163dbe2: receive RaftClientReply:client-8DB4338F17D0->b5da6a4a-1459-46a4-9479-d2035163dbe2@group-4A9565783204, cid=4324, SUCCESS, logIndex=6596, commits[b5da6a4a-1459-46a4-9479-d2035163dbe2:c6596, 69c25b61-d669-4f17-b36d-41bca3df1f31:c6594, d2a7b1fa-fac6-4c6f-8c6d-9ac7414c70c3:c6594]
2019-07-14 04:24:15,064 INFO  client.GrpcClientProtocolClient (GrpcClientProtocolClient.java:onNext(255)) - client-8DB4338F17D0->b5da6a4a-1459-46a4-9479-d2035163dbe2: receive RaftClientReply:client-8DB4338F17D0->b5da6a4a-1459-46a4-9479-d2035163dbe2@group-4A9565783204, cid=4325, SUCCESS, logIndex=6599, commits[b5da6a4a-1459-46a4-9479-d2035163dbe2:c6600, 69c25b61-d669-4f17-b36d-41bca3df1f31:c6596, d2a7b1fa-fac6-4c6f-8c6d-9ac7414c70c3:c6598]
2019-07-14 04:24:15,064 INFO  client.GrpcClientProtocolClient (GrpcClientProtocolClient.java:onNext(255)) - client-8DB4338F17D0->b5da6a4a-1459-46a4-9479-d2035163dbe2: receive RaftClientReply:client-8DB4338F17D0->b5da6a4a-1459-46a4-9479-d2035163dbe2@group-4A9565783204, cid=4326, SUCCESS, logIndex=6600, commits[b5da6a4a-1459-46a4-9479-d2035163dbe2:c6600, 69c25b61-d669-4f17-b36d-41bca3df1f31:c6598, d2a7b1fa-fac6-4c6f-8c6d-9ac7414c70c3:c6598]
2019-07-14 04:24:15,071 INFO  client.GrpcClientProtocolClient (GrpcClientProtocolClient.java:onNext(255)) - client-8DB4338F17D0->b5da6a4a-1459-46a4-9479-d2035163dbe2: receive RaftClientReply:client-8DB4338F17D0->b5da6a4a-1459-46a4-9479-d2035163dbe2@group-4A9565783204, cid=4327, SUCCESS, logIndex=0, commits[b5da6a4a-1459-46a4-9479-d2035163dbe2:c6602, 69c25b61-d669-4f17-b36d-41bca3df1f31:c6600, d2a7b1fa-fac6-4c6f-8c6d-9ac7414c70c3:c6600]
2019-07-14 04:24:15,102 INFO  client.GrpcClientProtocolClient (GrpcClientProtocolClient.java:onNext(255)) - client-8DB4338F17D0->b5da6a4a-1459-46a4-9479-d2035163dbe2: receive RaftClientReply:client-8DB4338F17D0->b5da6a4a-1459-46a4-9479-d2035163dbe2@group-4A9565783204, cid=4328, SUCCESS, logIndex=6603, commits[b5da6a4a-1459-46a4-9479-d2035163dbe2:c6604, 69c25b61-d669-4f17-b36d-41bca3df1f31:c6602, d2a7b1fa-fac6-4c6f-8c6d-9ac7414c70c3:c6602]
2019-07-14 04:24:15,102 INFO  client.GrpcClientProtocolClient (GrpcClientProtocolClient.java:onNext(255)) - client-8DB4338F17D0->b5da6a4a-1459-46a4-9479-d2035163dbe2: receive RaftClientReply:client-8DB4338F17D0->b5da6a4a-1459-46a4-9479-d2035163dbe2@group-4A9565783204, cid=4329, SUCCESS, logIndex=6604, commits[b5da6a4a-1459-46a4-9479-d2035163dbe2:c6604, 69c25b61-d669-4f17-b36d-41bca3df1f31:c6602, d2a7b1fa-fac6-4c6f-8c6d-9ac7414c70c3:c6602]
2019-07-14 04:24:15,104 INFO  client.GrpcClientProtocolClient (GrpcClientProtocolClient.java:onNext(255)) - client-8DB4338F17D0->b5da6a4a-1459-46a4-9479-d2035163dbe2: receive RaftClientReply:client-8DB4338F17D0->b5da6a4a-1459-46a4-9479-d2035163dbe2@group-4A9565783204, cid=4330, SUCCESS, logIndex=6605, commits[b5da6a4a-1459-46a4-9479-d2035163dbe2:c6606, 69c25b61-d669-4f17-b36d-41bca3df1f31:c6602, d2a7b1fa-fac6-4c6f-8c6d-9ac7414c70c3:c6602]
2019-07-14 04:24:15,105 INFO  client.GrpcClientProtocolClient (GrpcClientProtocolClient.java:onNext(255)) - client-8DB4338F17D0->b5da6a4a-1459-46a4-9479-d2035163dbe2: receive RaftClientReply:client-8DB4338F17D0->b5da6a4a-1459-46a4-9479-d2035163dbe2@group-4A9565783204, cid=4331, SUCCESS, logIndex=6606, commits[b5da6a4a-1459-46a4-9479-d2035163dbe2:c6606, 69c25b61-d669-4f17-b36d-41bca3df1f31:c6602, d2a7b1fa-fac6-4c6f-8c6d-9ac7414c70c3:c6602]
2019-07-14 04:24:15,108 INFO  client.GrpcClientProtocolClient (GrpcClientProtocolClient.java:onNext(255)) - client-8DB4338F17D0->b5da6a4a-1459-46a4-9479-d2035163dbe2: receive RaftClientReply:client-8DB4338F17D0->b5da6a4a-1459-46a4-9479-d2035163dbe2@group-4A9565783204, cid=4332, SUCCESS, logIndex=0, commits[b5da6a4a-1459-46a4-9479-d2035163dbe2:c6608, 69c25b61-d669-4f17-b36d-41bca3df1f31:c6604, d2a7b1fa-fac6-4c6f-8c6d-9ac7414c70c3:c6604]
2019-07-14 04:24:15,129 INFO  client.GrpcClientProtocolClient (GrpcClientProtocolClient.java:onNext(255)) - client-8DB4338F17D0->b5da6a4a-1459-46a4-9479-d2035163dbe2: receive RaftClientReply:client-8DB4338F17D0->b5da6a4a-1459-46a4-9479-d2035163dbe2@group-4A9565783204, cid=4333, SUCCESS, logIndex=6611, commits[b5da6a4a-1459-46a4-9479-d2035163dbe2:c6612, 69c25b61-d669-4f17-b36d-41bca3df1f31:c6610, d2a7b1fa-fac6-4c6f-8c6d-9ac7414c70c3:c6610]
2019-07-14 04:24:15,129 INFO  client.GrpcClientProtocolClient (GrpcClientProtocolClient.java:onNext(255)) - client-8DB4338F17D0->b5da6a4a-1459-46a4-9479-d2035163dbe2: receive RaftClientReply:client-8DB4338F17D0->b5da6a4a-1459-46a4-9479-d2035163dbe2@group-4A9565783204, cid=4334, SUCCESS, logIndex=6612, commits[b5da6a4a-1459-46a4-9479-d2035163dbe2:c6612, 69c25b61-d669-4f17-b36d-41bca3df1f31:c6610, d2a7b1fa-fac6-4c6f-8c6d-9ac7414c70c3:c6610]
2019-07-14 04:24:15,150 INFO  client.GrpcClientProtocolClient (GrpcClientProtocolClient.java:onNext(255)) - client-8DB4338F17D0->b5da6a4a-1459-46a4-9479-d2035163dbe2: receive RaftClientReply:client-8DB4338F17D0->b5da6a4a-1459-46a4-9479-d2035163dbe2@group-4A9565783204, cid=4335, SUCCESS, logIndex=6615, commits[b5da6a4a-1459-46a4-9479-d2035163dbe2:c6616, 69c25b61-d669-4f17-b36d-41bca3df1f31:c6612, d2a7b1fa-fac6-4c6f-8c6d-9ac7414c70c3:c6614]
2019-07-14 04:24:15,150 INFO  client.GrpcClientProtocolClient (GrpcClientProtocolClient.java:onNext(255)) - client-8DB4338F17D0->b5da6a4a-1459-46a4-9479-d2035163dbe2: receive RaftClientReply:client-8DB4338F17D0->b5da6a4a-1459-46a4-9479-d2035163dbe2@group-4A9565783204, cid=4336, SUCCESS, logIndex=6616, commits[b5da6a4a-1459-46a4-9479-d2035163dbe2:c6616, 69c25b61-d669-4f17-b36d-41bca3df1f31:c6614, d2a7b1fa-fac6-4c6f-8c6d-9ac7414c70c3:c6614]
2019-07-14 04:24:15,153 INFO  client.GrpcClientProtocolClient (GrpcClientProtocolClient.java:onNext(255)) - client-8DB4338F17D0->b5da6a4a-1459-46a4-9479-d2035163dbe2: receive RaftClientReply:client-8DB4338F17D0->b5da6a4a-1459-46a4-9479-d2035163dbe2@group-4A9565783204, cid=4337, SUCCESS, logIndex=0, commits[b5da6a4a-1459-46a4-9479-d2035163dbe2:c6616, 69c25b61-d669-4f17-b36d-41bca3df1f31:c6616, d2a7b1fa-fac6-4c6f-8c6d-9ac7414c70c3:c6616]
2019-07-14 04:24:15,186 INFO  client.GrpcClientProtocolClient (GrpcClientProtocolClient.java:onNext(255)) - client-8DB4338F17D0->b5da6a4a-1459-46a4-9479-d2035163dbe2: receive RaftClientReply:client-8DB4338F17D0->b5da6a4a-1459-46a4-9479-d2035163dbe2@group-4A9565783204, cid=4338, SUCCESS, logIndex=6619, commits[b5da6a4a-1459-46a4-9479-d2035163dbe2:c6621, 69c25b61-d669-4f17-b36d-41bca3df1f31:c6618, d2a7b1fa-fac6-4c6f-8c6d-9ac7414c70c3:c6618]
2019-07-14 04:24:15,186 INFO  client.GrpcClientProtocolClient (GrpcClientProtocolClient.java:onNext(255)) - client-8DB4338F17D0->b5da6a4a-1459-46a4-9479-d2035163dbe2: receive RaftClientReply:client-8DB4338F17D0->b5da6a4a-1459-46a4-9479-d2035163dbe2@group-4A9565783204, cid=4339, SUCCESS, logIndex=6620, commits[b5da6a4a-1459-46a4-9479-d2035163dbe2:c6622, 69c25b61-d669-4f17-b36d-41bca3df1f31:c6618, d2a7b1fa-fac6-4c6f-8c6d-9ac7414c70c3:c6618]
2019-07-14 04:24:15,187 INFO  client.GrpcClientProtocolClient (GrpcClientProtocolClient.java:onNext(255)) - client-8DB4338F17D0->b5da6a4a-1459-46a4-9479-d2035163dbe2: receive RaftClientReply:client-8DB4338F17D0->b5da6a4a-1459-46a4-9479-d2035163dbe2@group-4A9565783204, cid=4340, SUCCESS, logIndex=6621, commits[b5da6a4a-1459-46a4-9479-d2035163dbe2:c6622, 69c25b61-d669-4f17-b36d-41bca3df1f31:c6618, d2a7b1fa-fac6-4c6f-8c6d-9ac7414c70c3:c6618]
2019-07-14 04:24:15,187 INFO  client.GrpcClientProtocolClient (GrpcClientProtocolClient.java:onNext(255)) - client-8DB4338F17D0->b5da6a4a-1459-46a4-9479-d2035163dbe2: receive RaftClientReply:client-8DB4338F17D0->b5da6a4a-1459-46a4-9479-d2035163dbe2@group-4A9565783204, cid=4341, SUCCESS, logIndex=6622, commits[b5da6a4a-1459-46a4-9479-d2035163dbe2:c6622, 69c25b61-d669-4f17-b36d-41bca3df1f31:c6618, d2a7b1fa-fac6-4c6f-8c6d-9ac7414c70c3:c6618]
2019-07-14 04:24:15,209 INFO  client.GrpcClientProtocolClient (GrpcClientProtocolClient.java:onNext(255)) - client-8DB4338F17D0->b5da6a4a-1459-46a4-9479-d2035163dbe2: receive RaftClientReply:client-8DB4338F17D0->b5da6a4a-1459-46a4-9479-d2035163dbe2@group-4A9565783204, cid=4342, SUCCESS, logIndex=0, commits[b5da6a4a-1459-46a4-9479-d2035163dbe2:c6624, 69c25b61-d669-4f17-b36d-41bca3df1f31:c6620, d2a7b1fa-fac6-4c6f-8c6d-9ac7414c70c3:c6620]
2019-07-14 04:24:15,235 INFO  client.GrpcClientProtocolClient (GrpcClientProtocolClient.java:onNext(255)) - client-8DB4338F17D0->b5da6a4a-1459-46a4-9479-d2035163dbe2: receive RaftClientReply:client-8DB4338F17D0->b5da6a4a-1459-46a4-9479-d2035163dbe2@group-4A9565783204, cid=4343, SUCCESS, logIndex=6627, commits[b5da6a4a-1459-46a4-9479-d2035163dbe2:c6628, 69c25b61-d669-4f17-b36d-41bca3df1f31:c6622, d2a7b1fa-fac6-4c6f-8c6d-9ac7414c70c3:c6626]
2019-07-14 04:24:15,235 INFO  client.GrpcClientProtocolClient (GrpcClientProtocolClient.java:onNext(255)) - client-8DB4338F17D0->b5da6a4a-1459-46a4-9479-d2035163dbe2: receive RaftClientReply:client-8DB4338F17D0->b5da6a4a-1459-46a4-9479-d2035163dbe2@group-4A9565783204, cid=4344, SUCCESS, logIndex=6628, commits[b5da6a4a-1459-46a4-9479-d2035163dbe2:c6628, 69c25b61-d669-4f17-b36d-41bca3df1f31:c6622, d2a7b1fa-fac6-4c6f-8c6d-9ac7414c70c3:c6626]
2019-07-14 04:24:15,251 INFO  client.GrpcClientProtocolClient (GrpcClientProtocolClient.java:onNext(255)) - client-8DB4338F17D0->b5da6a4a-1459-46a4-9479-d2035163dbe2: receive RaftClientReply:client-8DB4338F17D0->b5da6a4a-1459-46a4-9479-d2035163dbe2@group-4A9565783204, cid=4345, SUCCESS, logIndex=6631, commits[b5da6a4a-1459-46a4-9479-d2035163dbe2:c6632, 69c25b61-d669-4f17-b36d-41bca3df1f31:c6630, d2a7b1fa-fac6-4c6f-8c6d-9ac7414c70c3:c6628]
2019-07-14 04:24:15,252 INFO  client.GrpcClientProtocolClient (GrpcClientProtocolClient.java:onNext(255)) - client-8DB4338F17D0->b5da6a4a-1459-46a4-9479-d2035163dbe2: receive RaftClientReply:client-8DB4338F17D0->b5da6a4a-1459-46a4-9479-d2035163dbe2@group-4A9565783204, cid=4346, SUCCESS, logIndex=6632, commits[b5da6a4a-1459-46a4-9479-d2035163dbe2:c6632, 69c25b61-d669-4f17-b36d-41bca3df1f31:c6630, d2a7b1fa-fac6-4c6f-8c6d-9ac7414c70c3:c6628]
2019-07-14 04:24:15,255 INFO  client.GrpcClientProtocolClient (GrpcClientProtocolClient.java:onNext(255)) - client-8DB4338F17D0->b5da6a4a-1459-46a4-9479-d2035163dbe2: receive RaftClientReply:client-8DB4338F17D0->b5da6a4a-1459-46a4-9479-d2035163dbe2@group-4A9565783204, cid=4347, SUCCESS, logIndex=0, commits[b5da6a4a-1459-46a4-9479-d2035163dbe2:c6633, 69c25b61-d669-4f17-b36d-41bca3df1f31:c6632, d2a7b1fa-fac6-4c6f-8c6d-9ac7414c70c3:c6632]
 0.00% |█                                                                                                    |  0/1 Time: 0:00:402019-07-14 04:24:15,291 INFO  client.GrpcClientProtocolClient (GrpcClientProtocolClient.java:onNext(255)) - client-8DB4338F17D0->b5da6a4a-1459-46a4-9479-d2035163dbe2: receive RaftClientReply:client-8DB4338F17D0->b5da6a4a-1459-46a4-9479-d2035163dbe2@group-4A9565783204, cid=4348, SUCCESS, logIndex=6635, commits[b5da6a4a-1459-46a4-9479-d2035163dbe2:c6636, 69c25b61-d669-4f17-b36d-41bca3df1f31:c6632, d2a7b1fa-fac6-4c6f-8c6d-9ac7414c70c3:c6634]
2019-07-14 04:24:15,292 INFO  client.GrpcClientProtocolClient (GrpcClientProtocolClient.java:onNext(255)) - client-8DB4338F17D0->b5da6a4a-1459-46a4-9479-d2035163dbe2: receive RaftClientReply:client-8DB4338F17D0->b5da6a4a-1459-46a4-9479-d2035163dbe2@group-4A9565783204, cid=4349, SUCCESS, logIndex=6636, commits[b5da6a4a-1459-46a4-9479-d2035163dbe2:c6636, 69c25b61-d669-4f17-b36d-41bca3df1f31:c6632, d2a7b1fa-fac6-4c6f-8c6d-9ac7414c70c3:c6634]
2019-07-14 04:24:15,293 INFO  client.GrpcClientProtocolClient (GrpcClientProtocolClient.java:onNext(255)) - client-8DB4338F17D0->b5da6a4a-1459-46a4-9479-d2035163dbe2: receive RaftClientReply:client-8DB4338F17D0->b5da6a4a-1459-46a4-9479-d2035163dbe2@group-4A9565783204, cid=4350, SUCCESS, logIndex=6637, commits[b5da6a4a-1459-46a4-9479-d2035163dbe2:c6638, 69c25b61-d669-4f17-b36d-41bca3df1f31:c6634, d2a7b1fa-fac6-4c6f-8c6d-9ac7414c70c3:c6634]
2019-07-14 04:24:15,294 INFO  client.GrpcClientProtocolClient (GrpcClientProtocolClient.java:onNext(255)) - client-8DB4338F17D0->b5da6a4a-1459-46a4-9479-d2035163dbe2: receive RaftClientReply:client-8DB4338F17D0->b5da6a4a-1459-46a4-9479-d2035163dbe2@group-4A9565783204, cid=4351, SUCCESS, logIndex=6638, commits[b5da6a4a-1459-46a4-9479-d2035163dbe2:c6638, 69c25b61-d669-4f17-b36d-41bca3df1f31:c6634, d2a7b1fa-fac6-4c6f-8c6d-9ac7414c70c3:c6634]
2019-07-14 04:24:15,297 INFO  client.GrpcClientProtocolClient (GrpcClientProtocolClient.java:onNext(255)) - client-8DB4338F17D0->b5da6a4a-1459-46a4-9479-d2035163dbe2: receive RaftClientReply:client-8DB4338F17D0->b5da6a4a-1459-46a4-9479-d2035163dbe2@group-4A9565783204, cid=4352, SUCCESS, logIndex=0, commits[b5da6a4a-1459-46a4-9479-d2035163dbe2:c6640, 69c25b61-d669-4f17-b36d-41bca3df1f31:c6636, d2a7b1fa-fac6-4c6f-8c6d-9ac7414c70c3:c6636]
2019-07-14 04:24:15,322 INFO  client.GrpcClientProtocolClient (GrpcClientProtocolClient.java:onNext(255)) - client-8DB4338F17D0->b5da6a4a-1459-46a4-9479-d2035163dbe2: receive RaftClientReply:client-8DB4338F17D0->b5da6a4a-1459-46a4-9479-d2035163dbe2@group-4A9565783204, cid=4353, SUCCESS, logIndex=6643, commits[b5da6a4a-1459-46a4-9479-d2035163dbe2:c6644, 69c25b61-d669-4f17-b36d-41bca3df1f31:c6638, d2a7b1fa-fac6-4c6f-8c6d-9ac7414c70c3:c6642]
2019-07-14 04:24:15,322 INFO  client.GrpcClientProtocolClient (GrpcClientProtocolClient.java:onNext(255)) - client-8DB4338F17D0->b5da6a4a-1459-46a4-9479-d2035163dbe2: receive RaftClientReply:client-8DB4338F17D0->b5da6a4a-1459-46a4-9479-d2035163dbe2@group-4A9565783204, cid=4354, SUCCESS, logIndex=6644, commits[b5da6a4a-1459-46a4-9479-d2035163dbe2:c6644, 69c25b61-d669-4f17-b36d-41bca3df1f31:c6642, d2a7b1fa-fac6-4c6f-8c6d-9ac7414c70c3:c6642]
2019-07-14 04:24:15,335 INFO  client.GrpcClientProtocolClient (GrpcClientProtocolClient.java:onNext(255)) - client-8DB4338F17D0->b5da6a4a-1459-46a4-9479-d2035163dbe2: receive RaftClientReply:client-8DB4338F17D0->b5da6a4a-1459-46a4-9479-d2035163dbe2@group-4A9565783204, cid=4355, SUCCESS, logIndex=6647, commits[b5da6a4a-1459-46a4-9479-d2035163dbe2:c6648, 69c25b61-d669-4f17-b36d-41bca3df1f31:c6644, d2a7b1fa-fac6-4c6f-8c6d-9ac7414c70c3:c6644]
2019-07-14 04:24:15,336 INFO  client.GrpcClientProtocolClient (GrpcClientProtocolClient.java:onNext(255)) - client-8DB4338F17D0->b5da6a4a-1459-46a4-9479-d2035163dbe2: receive RaftClientReply:client-8DB4338F17D0->b5da6a4a-1459-46a4-9479-d2035163dbe2@group-4A9565783204, cid=4356, SUCCESS, logIndex=6648, commits[b5da6a4a-1459-46a4-9479-d2035163dbe2:c6648, 69c25b61-d669-4f17-b36d-41bca3df1f31:c6644, d2a7b1fa-fac6-4c6f-8c6d-9ac7414c70c3:c6644]
2019-07-14 04:24:15,342 INFO  client.GrpcClientProtocolClient (GrpcClientProtocolClient.java:onNext(255)) - client-8DB4338F17D0->b5da6a4a-1459-46a4-9479-d2035163dbe2: receive RaftClientReply:client-8DB4338F17D0->b5da6a4a-1459-46a4-9479-d2035163dbe2@group-4A9565783204, cid=4357, SUCCESS, logIndex=0, commits[b5da6a4a-1459-46a4-9479-d2035163dbe2:c6650, 69c25b61-d669-4f17-b36d-41bca3df1f31:c6648, d2a7b1fa-fac6-4c6f-8c6d-9ac7414c70c3:c6648]
2019-07-14 04:24:15,381 INFO  client.GrpcClientProtocolClient (GrpcClientProtocolClient.java:onNext(255)) - client-8DB4338F17D0->b5da6a4a-1459-46a4-9479-d2035163dbe2: receive RaftClientReply:client-8DB4338F17D0->b5da6a4a-1459-46a4-9479-d2035163dbe2@group-4A9565783204, cid=4358, SUCCESS, logIndex=6651, commits[b5da6a4a-1459-46a4-9479-d2035163dbe2:c6652, 69c25b61-d669-4f17-b36d-41bca3df1f31:c6650, d2a7b1fa-fac6-4c6f-8c6d-9ac7414c70c3:c6650]
2019-07-14 04:24:15,382 INFO  client.GrpcClientProtocolClient (GrpcClientProtocolClient.java:onNext(255)) - client-8DB4338F17D0->b5da6a4a-1459-46a4-9479-d2035163dbe2: receive RaftClientReply:client-8DB4338F17D0->b5da6a4a-1459-46a4-9479-d2035163dbe2@group-4A9565783204, cid=4359, SUCCESS, logIndex=6652, commits[b5da6a4a-1459-46a4-9479-d2035163dbe2:c6654, 69c25b61-d669-4f17-b36d-41bca3df1f31:c6650, d2a7b1fa-fac6-4c6f-8c6d-9ac7414c70c3:c6650]
2019-07-14 04:24:15,382 INFO  client.GrpcClientProtocolClient (GrpcClientProtocolClient.java:onNext(255)) - client-8DB4338F17D0->b5da6a4a-1459-46a4-9479-d2035163dbe2: receive RaftClientReply:client-8DB4338F17D0->b5da6a4a-1459-46a4-9479-d2035163dbe2@group-4A9565783204, cid=4360, SUCCESS, logIndex=6653, commits[b5da6a4a-1459-46a4-9479-d2035163dbe2:c6654, 69c25b61-d669-4f17-b36d-41bca3df1f31:c6650, d2a7b1fa-fac6-4c6f-8c6d-9ac7414c70c3:c6650]
2019-07-14 04:24:15,382 INFO  client.GrpcClientProtocolClient (GrpcClientProtocolClient.java:onNext(255)) - client-8DB4338F17D0->b5da6a4a-1459-46a4-9479-d2035163dbe2: receive RaftClientReply:client-8DB4338F17D0->b5da6a4a-1459-46a4-9479-d2035163dbe2@group-4A9565783204, cid=4361, SUCCESS, logIndex=6654, commits[b5da6a4a-1459-46a4-9479-d2035163dbe2:c6654, 69c25b61-d669-4f17-b36d-41bca3df1f31:c6651, d2a7b1fa-fac6-4c6f-8c6d-9ac7414c70c3:c6650]
2019-07-14 04:24:15,385 INFO  client.GrpcClientProtocolClient (GrpcClientProtocolClient.java:onNext(255)) - client-8DB4338F17D0->b5da6a4a-1459-46a4-9479-d2035163dbe2: receive RaftClientReply:client-8DB4338F17D0->b5da6a4a-1459-46a4-9479-d2035163dbe2@group-4A9565783204, cid=4362, SUCCESS, logIndex=0, commits[b5da6a4a-1459-46a4-9479-d2035163dbe2:c6656, 69c25b61-d669-4f17-b36d-41bca3df1f31:c6652, d2a7b1fa-fac6-4c6f-8c6d-9ac7414c70c3:c6652]
2019-07-14 04:24:15,404 INFO  client.GrpcClientProtocolClient (GrpcClientProtocolClient.java:onNext(255)) - client-8DB4338F17D0->b5da6a4a-1459-46a4-9479-d2035163dbe2: receive RaftClientReply:client-8DB4338F17D0->b5da6a4a-1459-46a4-9479-d2035163dbe2@group-4A9565783204, cid=4363, SUCCESS, logIndex=6658, commits[b5da6a4a-1459-46a4-9479-d2035163dbe2:c6659, 69c25b61-d669-4f17-b36d-41bca3df1f31:c6657, d2a7b1fa-fac6-4c6f-8c6d-9ac7414c70c3:c6657]
2019-07-14 04:24:15,405 INFO  client.GrpcClientProtocolClient (GrpcClientProtocolClient.java:onNext(255)) - client-8DB4338F17D0->b5da6a4a-1459-46a4-9479-d2035163dbe2: receive RaftClientReply:client-8DB4338F17D0->b5da6a4a-1459-46a4-9479-d2035163dbe2@group-4A9565783204, cid=4364, SUCCESS, logIndex=6659, commits[b5da6a4a-1459-46a4-9479-d2035163dbe2:c6659, 69c25b61-d669-4f17-b36d-41bca3df1f31:c6657, d2a7b1fa-fac6-4c6f-8c6d-9ac7414c70c3:c6657]
2019-07-14 04:24:15,424 INFO  client.GrpcClientProtocolClient (GrpcClientProtocolClient.java:onNext(255)) - client-8DB4338F17D0->b5da6a4a-1459-46a4-9479-d2035163dbe2: receive RaftClientReply:client-8DB4338F17D0->b5da6a4a-1459-46a4-9479-d2035163dbe2@group-4A9565783204, cid=4365, SUCCESS, logIndex=6662, commits[b5da6a4a-1459-46a4-9479-d2035163dbe2:c6663, 69c25b61-d669-4f17-b36d-41bca3df1f31:c6661, d2a7b1fa-fac6-4c6f-8c6d-9ac7414c70c3:c6661]
2019-07-14 04:24:15,425 INFO  client.GrpcClientProtocolClient (GrpcClientProtocolClient.java:onNext(255)) - client-8DB4338F17D0->b5da6a4a-1459-46a4-9479-d2035163dbe2: receive RaftClientReply:client-8DB4338F17D0->b5da6a4a-1459-46a4-9479-d2035163dbe2@group-4A9565783204, cid=4366, SUCCESS, logIndex=6663, commits[b5da6a4a-1459-46a4-9479-d2035163dbe2:c6663, 69c25b61-d669-4f17-b36d-41bca3df1f31:c6661, d2a7b1fa-fac6-4c6f-8c6d-9ac7414c70c3:c6661]
2019-07-14 04:24:15,435 INFO  client.GrpcClientProtocolClient (GrpcClientProtocolClient.java:onNext(255)) - client-8DB4338F17D0->b5da6a4a-1459-46a4-9479-d2035163dbe2: receive RaftClientReply:client-8DB4338F17D0->b5da6a4a-1459-46a4-9479-d2035163dbe2@group-4A9565783204, cid=4367, SUCCESS, logIndex=0, commits[b5da6a4a-1459-46a4-9479-d2035163dbe2:c6664, 69c25b61-d669-4f17-b36d-41bca3df1f31:c6663, d2a7b1fa-fac6-4c6f-8c6d-9ac7414c70c3:c6663]
2019-07-14 04:24:15,469 INFO  client.GrpcClientProtocolClient (GrpcClientProtocolClient.java:onNext(255)) - client-8DB4338F17D0->b5da6a4a-1459-46a4-9479-d2035163dbe2: receive RaftClientReply:client-8DB4338F17D0->b5da6a4a-1459-46a4-9479-d2035163dbe2@group-4A9565783204, cid=4368, SUCCESS, logIndex=6666, commits[b5da6a4a-1459-46a4-9479-d2035163dbe2:c6667, 69c25b61-d669-4f17-b36d-41bca3df1f31:c6665, d2a7b1fa-fac6-4c6f-8c6d-9ac7414c70c3:c6665]
2019-07-14 04:24:15,470 INFO  client.GrpcClientProtocolClient (GrpcClientProtocolClient.java:onNext(255)) - client-8DB4338F17D0->b5da6a4a-1459-46a4-9479-d2035163dbe2: receive RaftClientReply:client-8DB4338F17D0->b5da6a4a-1459-46a4-9479-d2035163dbe2@group-4A9565783204, cid=4369, SUCCESS, logIndex=6667, commits[b5da6a4a-1459-46a4-9479-d2035163dbe2:c6667, 69c25b61-d669-4f17-b36d-41bca3df1f31:c6665, d2a7b1fa-fac6-4c6f-8c6d-9ac7414c70c3:c6665]
2019-07-14 04:24:15,470 INFO  client.GrpcClientProtocolClient (GrpcClientProtocolClient.java:onNext(255)) - client-8DB4338F17D0->b5da6a4a-1459-46a4-9479-d2035163dbe2: receive RaftClientReply:client-8DB4338F17D0->b5da6a4a-1459-46a4-9479-d2035163dbe2@group-4A9565783204, cid=4370, SUCCESS, logIndex=6668, commits[b5da6a4a-1459-46a4-9479-d2035163dbe2:c6668, 69c25b61-d669-4f17-b36d-41bca3df1f31:c6665, d2a7b1fa-fac6-4c6f-8c6d-9ac7414c70c3:c6665]
2019-07-14 04:24:15,471 INFO  client.GrpcClientProtocolClient (GrpcClientProtocolClient.java:onNext(255)) - client-8DB4338F17D0->b5da6a4a-1459-46a4-9479-d2035163dbe2: receive RaftClientReply:client-8DB4338F17D0->b5da6a4a-1459-46a4-9479-d2035163dbe2@group-4A9565783204, cid=4371, SUCCESS, logIndex=6669, commits[b5da6a4a-1459-46a4-9479-d2035163dbe2:c6669, 69c25b61-d669-4f17-b36d-41bca3df1f31:c6665, d2a7b1fa-fac6-4c6f-8c6d-9ac7414c70c3:c6665]
2019-07-14 04:24:15,475 INFO  client.GrpcClientProtocolClient (GrpcClientProtocolClient.java:onNext(255)) - client-8DB4338F17D0->b5da6a4a-1459-46a4-9479-d2035163dbe2: receive RaftClientReply:client-8DB4338F17D0->b5da6a4a-1459-46a4-9479-d2035163dbe2@group-4A9565783204, cid=4372, SUCCESS, logIndex=0, commits[b5da6a4a-1459-46a4-9479-d2035163dbe2:c6671, 69c25b61-d669-4f17-b36d-41bca3df1f31:c6667, d2a7b1fa-fac6-4c6f-8c6d-9ac7414c70c3:c6667]
2019-07-14 04:24:15,489 INFO  client.GrpcClientProtocolClient (GrpcClientProtocolClient.java:onNext(255)) - client-8DB4338F17D0->b5da6a4a-1459-46a4-9479-d2035163dbe2: receive RaftClientReply:client-8DB4338F17D0->b5da6a4a-1459-46a4-9479-d2035163dbe2@group-4A9565783204, cid=4373, SUCCESS, logIndex=6674, commits[b5da6a4a-1459-46a4-9479-d2035163dbe2:c6675, 69c25b61-d669-4f17-b36d-41bca3df1f31:c6673, d2a7b1fa-fac6-4c6f-8c6d-9ac7414c70c3:c6673]
2019-07-14 04:24:15,490 INFO  client.GrpcClientProtocolClient (GrpcClientProtocolClient.java:onNext(255)) - client-8DB4338F17D0->b5da6a4a-1459-46a4-9479-d2035163dbe2: receive RaftClientReply:client-8DB4338F17D0->b5da6a4a-1459-46a4-9479-d2035163dbe2@group-4A9565783204, cid=4374, SUCCESS, logIndex=6675, commits[b5da6a4a-1459-46a4-9479-d2035163dbe2:c6675, 69c25b61-d669-4f17-b36d-41bca3df1f31:c6673, d2a7b1fa-fac6-4c6f-8c6d-9ac7414c70c3:c6673]
2019-07-14 04:24:15,501 INFO  client.GrpcClientProtocolClient (GrpcClientProtocolClient.java:onNext(255)) - client-8DB4338F17D0->b5da6a4a-1459-46a4-9479-d2035163dbe2: receive RaftClientReply:client-8DB4338F17D0->b5da6a4a-1459-46a4-9479-d2035163dbe2@group-4A9565783204, cid=4375, SUCCESS, logIndex=6678, commits[b5da6a4a-1459-46a4-9479-d2035163dbe2:c6678, 69c25b61-d669-4f17-b36d-41bca3df1f31:c6675, d2a7b1fa-fac6-4c6f-8c6d-9ac7414c70c3:c6674]
2019-07-14 04:24:15,502 INFO  client.GrpcClientProtocolClient (GrpcClientProtocolClient.java:onNext(255)) - client-8DB4338F17D0->b5da6a4a-1459-46a4-9479-d2035163dbe2: receive RaftClientReply:client-8DB4338F17D0->b5da6a4a-1459-46a4-9479-d2035163dbe2@group-4A9565783204, cid=4376, SUCCESS, logIndex=6679, commits[b5da6a4a-1459-46a4-9479-d2035163dbe2:c6679, 69c25b61-d669-4f17-b36d-41bca3df1f31:c6675, d2a7b1fa-fac6-4c6f-8c6d-9ac7414c70c3:c6674]
2019-07-14 04:24:15,502 INFO  client.GrpcClientProtocolClient (GrpcClientProtocolClient.java:onNext(255)) - client-8DB4338F17D0->b5da6a4a-1459-46a4-9479-d2035163dbe2: receive RaftClientReply:client-8DB4338F17D0->b5da6a4a-1459-46a4-9479-d2035163dbe2@group-4A9565783204, cid=4377, SUCCESS, logIndex=0, commits[b5da6a4a-1459-46a4-9479-d2035163dbe2:c6679, 69c25b61-d669-4f17-b36d-41bca3df1f31:c6678, d2a7b1fa-fac6-4c6f-8c6d-9ac7414c70c3:c6675]
2019-07-14 04:24:15,506 INFO  client.GrpcClientProtocolClient (GrpcClientProtocolClient.java:onNext(255)) - client-8DB4338F17D0->b5da6a4a-1459-46a4-9479-d2035163dbe2: receive RaftClientReply:client-8DB4338F17D0->b5da6a4a-1459-46a4-9479-d2035163dbe2@group-4A9565783204, cid=4378, SUCCESS, logIndex=0, commits[b5da6a4a-1459-46a4-9479-d2035163dbe2:c6681, 69c25b61-d669-4f17-b36d-41bca3df1f31:c6679, d2a7b1fa-fac6-4c6f-8c6d-9ac7414c70c3:c6679]
2019-07-14 04:24:15,543 INFO  client.GrpcClientProtocolClient (GrpcClientProtocolClient.java:onNext(255)) - client-8DB4338F17D0->b5da6a4a-1459-46a4-9479-d2035163dbe2: receive RaftClientReply:client-8DB4338F17D0->b5da6a4a-1459-46a4-9479-d2035163dbe2@group-4A9565783204, cid=4379, SUCCESS, logIndex=6682, commits[b5da6a4a-1459-46a4-9479-d2035163dbe2:c6683, 69c25b61-d669-4f17-b36d-41bca3df1f31:c6681, d2a7b1fa-fac6-4c6f-8c6d-9ac7414c70c3:c6679]
2019-07-14 04:24:15,544 INFO  client.GrpcClientProtocolClient (GrpcClientProtocolClient.java:onNext(255)) - client-8DB4338F17D0->b5da6a4a-1459-46a4-9479-d2035163dbe2: receive RaftClientReply:client-8DB4338F17D0->b5da6a4a-1459-46a4-9479-d2035163dbe2@group-4A9565783204, cid=4380, SUCCESS, logIndex=6683, commits[b5da6a4a-1459-46a4-9479-d2035163dbe2:c6683, 69c25b61-d669-4f17-b36d-41bca3df1f31:c6681, d2a7b1fa-fac6-4c6f-8c6d-9ac7414c70c3:c6681]
2019-07-14 04:24:15,545 INFO  client.GrpcClientProtocolClient (GrpcClientProtocolClient.java:onNext(255)) - client-8DB4338F17D0->b5da6a4a-1459-46a4-9479-d2035163dbe2: receive RaftClientReply:client-8DB4338F17D0->b5da6a4a-1459-46a4-9479-d2035163dbe2@group-4A9565783204, cid=4381, SUCCESS, logIndex=6684, commits[b5da6a4a-1459-46a4-9479-d2035163dbe2:c6685, 69c25b61-d669-4f17-b36d-41bca3df1f31:c6681, d2a7b1fa-fac6-4c6f-8c6d-9ac7414c70c3:c6681]
2019-07-14 04:24:15,546 INFO  client.GrpcClientProtocolClient (GrpcClientProtocolClient.java:onNext(255)) - client-8DB4338F17D0->b5da6a4a-1459-46a4-9479-d2035163dbe2: receive RaftClientReply:client-8DB4338F17D0->b5da6a4a-1459-46a4-9479-d2035163dbe2@group-4A9565783204, cid=4382, SUCCESS, logIndex=6685, commits[b5da6a4a-1459-46a4-9479-d2035163dbe2:c6685, 69c25b61-d669-4f17-b36d-41bca3df1f31:c6681, d2a7b1fa-fac6-4c6f-8c6d-9ac7414c70c3:c6681]
2019-07-14 04:24:15,546 INFO  client.GrpcClientProtocolClient (GrpcClientProtocolClient.java:onNext(255)) - client-8DB4338F17D0->b5da6a4a-1459-46a4-9479-d2035163dbe2: receive RaftClientReply:client-8DB4338F17D0->b5da6a4a-1459-46a4-9479-d2035163dbe2@group-4A9565783204, cid=4383, SUCCESS, logIndex=0, commits[b5da6a4a-1459-46a4-9479-d2035163dbe2:c6687, 69c25b61-d669-4f17-b36d-41bca3df1f31:c6683, d2a7b1fa-fac6-4c6f-8c6d-9ac7414c70c3:c6683]
2019-07-14 04:24:15,565 INFO  client.GrpcClientProtocolClient (GrpcClientProtocolClient.java:onNext(255)) - client-8DB4338F17D0->b5da6a4a-1459-46a4-9479-d2035163dbe2: receive RaftClientReply:client-8DB4338F17D0->b5da6a4a-1459-46a4-9479-d2035163dbe2@group-4A9565783204, cid=4384, SUCCESS, logIndex=6690, commits[b5da6a4a-1459-46a4-9479-d2035163dbe2:c6691, 69c25b61-d669-4f17-b36d-41bca3df1f31:c6689, d2a7b1fa-fac6-4c6f-8c6d-9ac7414c70c3:c6689]
2019-07-14 04:24:15,565 INFO  client.GrpcClientProtocolClient (GrpcClientProtocolClient.java:onNext(255)) - client-8DB4338F17D0->b5da6a4a-1459-46a4-9479-d2035163dbe2: receive RaftClientReply:client-8DB4338F17D0->b5da6a4a-1459-46a4-9479-d2035163dbe2@group-4A9565783204, cid=4385, SUCCESS, logIndex=6691, commits[b5da6a4a-1459-46a4-9479-d2035163dbe2:c6691, 69c25b61-d669-4f17-b36d-41bca3df1f31:c6689, d2a7b1fa-fac6-4c6f-8c6d-9ac7414c70c3:c6689]
2019-07-14 04:24:15,583 INFO  client.GrpcClientProtocolClient (GrpcClientProtocolClient.java:onNext(255)) - client-8DB4338F17D0->b5da6a4a-1459-46a4-9479-d2035163dbe2: receive RaftClientReply:client-8DB4338F17D0->b5da6a4a-1459-46a4-9479-d2035163dbe2@group-4A9565783204, cid=4386, SUCCESS, logIndex=6694, commits[b5da6a4a-1459-46a4-9479-d2035163dbe2:c6695, 69c25b61-d669-4f17-b36d-41bca3df1f31:c6693, d2a7b1fa-fac6-4c6f-8c6d-9ac7414c70c3:c6693]
2019-07-14 04:24:15,584 INFO  client.GrpcClientProtocolClient (GrpcClientProtocolClient.java:onNext(255)) - client-8DB4338F17D0->b5da6a4a-1459-46a4-9479-d2035163dbe2: receive RaftClientReply:client-8DB4338F17D0->b5da6a4a-1459-46a4-9479-d2035163dbe2@group-4A9565783204, cid=4387, SUCCESS, logIndex=6695, commits[b5da6a4a-1459-46a4-9479-d2035163dbe2:c6695, 69c25b61-d669-4f17-b36d-41bca3df1f31:c6693, d2a7b1fa-fac6-4c6f-8c6d-9ac7414c70c3:c6693]
2019-07-14 04:24:15,589 INFO  client.GrpcClientProtocolClient (GrpcClientProtocolClient.java:onNext(255)) - client-8DB4338F17D0->b5da6a4a-1459-46a4-9479-d2035163dbe2: receive RaftClientReply:client-8DB4338F17D0->b5da6a4a-1459-46a4-9479-d2035163dbe2@group-4A9565783204, cid=4388, SUCCESS, logIndex=0, commits[b5da6a4a-1459-46a4-9479-d2035163dbe2:c6696, 69c25b61-d669-4f17-b36d-41bca3df1f31:c6695, d2a7b1fa-fac6-4c6f-8c6d-9ac7414c70c3:c6695]
2019-07-14 04:24:15,622 INFO  client.GrpcClientProtocolClient (GrpcClientProtocolClient.java:onNext(255)) - client-8DB4338F17D0->b5da6a4a-1459-46a4-9479-d2035163dbe2: receive RaftClientReply:client-8DB4338F17D0->b5da6a4a-1459-46a4-9479-d2035163dbe2@group-4A9565783204, cid=4389, SUCCESS, logIndex=6698, commits[b5da6a4a-1459-46a4-9479-d2035163dbe2:c6699, 69c25b61-d669-4f17-b36d-41bca3df1f31:c6697, d2a7b1fa-fac6-4c6f-8c6d-9ac7414c70c3:c6697]
2019-07-14 04:24:15,623 INFO  client.GrpcClientProtocolClient (GrpcClientProtocolClient.java:onNext(255)) - client-8DB4338F17D0->b5da6a4a-1459-46a4-9479-d2035163dbe2: receive RaftClientReply:client-8DB4338F17D0->b5da6a4a-1459-46a4-9479-d2035163dbe2@group-4A9565783204, cid=4390, SUCCESS, logIndex=6699, commits[b5da6a4a-1459-46a4-9479-d2035163dbe2:c6699, 69c25b61-d669-4f17-b36d-41bca3df1f31:c6697, d2a7b1fa-fac6-4c6f-8c6d-9ac7414c70c3:c6697]
2019-07-14 04:24:15,625 INFO  client.GrpcClientProtocolClient (GrpcClientProtocolClient.java:onNext(255)) - client-8DB4338F17D0->b5da6a4a-1459-46a4-9479-d2035163dbe2: receive RaftClientReply:client-8DB4338F17D0->b5da6a4a-1459-46a4-9479-d2035163dbe2@group-4A9565783204, cid=4391, SUCCESS, logIndex=6700, commits[b5da6a4a-1459-46a4-9479-d2035163dbe2:c6700, 69c25b61-d669-4f17-b36d-41bca3df1f31:c6697, d2a7b1fa-fac6-4c6f-8c6d-9ac7414c70c3:c6697]
2019-07-14 04:24:15,626 INFO  client.GrpcClientProtocolClient (GrpcClientProtocolClient.java:onNext(255)) - client-8DB4338F17D0->b5da6a4a-1459-46a4-9479-d2035163dbe2: receive RaftClientReply:client-8DB4338F17D0->b5da6a4a-1459-46a4-9479-d2035163dbe2@group-4A9565783204, cid=4392, SUCCESS, logIndex=6701, commits[b5da6a4a-1459-46a4-9479-d2035163dbe2:c6701, 69c25b61-d669-4f17-b36d-41bca3df1f31:c6697, d2a7b1fa-fac6-4c6f-8c6d-9ac7414c70c3:c6697]
2019-07-14 04:24:15,626 INFO  client.GrpcClientProtocolClient (GrpcClientProtocolClient.java:onNext(255)) - client-8DB4338F17D0->b5da6a4a-1459-46a4-9479-d2035163dbe2: receive RaftClientReply:client-8DB4338F17D0->b5da6a4a-1459-46a4-9479-d2035163dbe2@group-4A9565783204, cid=4393, SUCCESS, logIndex=0, commits[b5da6a4a-1459-46a4-9479-d2035163dbe2:c6703, 69c25b61-d669-4f17-b36d-41bca3df1f31:c6699, d2a7b1fa-fac6-4c6f-8c6d-9ac7414c70c3:c6699]
2019-07-14 04:24:15,637 INFO  client.GrpcClientProtocolClient (GrpcClientProtocolClient.java:onNext(255)) - client-8DB4338F17D0->b5da6a4a-1459-46a4-9479-d2035163dbe2: receive RaftClientReply:client-8DB4338F17D0->b5da6a4a-1459-46a4-9479-d2035163dbe2@group-4A9565783204, cid=4394, SUCCESS, logIndex=6706, commits[b5da6a4a-1459-46a4-9479-d2035163dbe2:c6707, 69c25b61-d669-4f17-b36d-41bca3df1f31:c6705, d2a7b1fa-fac6-4c6f-8c6d-9ac7414c70c3:c6705]
2019-07-14 04:24:15,637 INFO  client.GrpcClientProtocolClient (GrpcClientProtocolClient.java:onNext(255)) - client-8DB4338F17D0->b5da6a4a-1459-46a4-9479-d2035163dbe2: receive RaftClientReply:client-8DB4338F17D0->b5da6a4a-1459-46a4-9479-d2035163dbe2@group-4A9565783204, cid=4395, SUCCESS, logIndex=6707, commits[b5da6a4a-1459-46a4-9479-d2035163dbe2:c6707, 69c25b61-d669-4f17-b36d-41bca3df1f31:c6705, d2a7b1fa-fac6-4c6f-8c6d-9ac7414c70c3:c6705]
2019-07-14 04:24:15,648 INFO  client.GrpcClientProtocolClient (GrpcClientProtocolClient.java:onNext(255)) - client-8DB4338F17D0->b5da6a4a-1459-46a4-9479-d2035163dbe2: receive RaftClientReply:client-8DB4338F17D0->b5da6a4a-1459-46a4-9479-d2035163dbe2@group-4A9565783204, cid=4396, SUCCESS, logIndex=6710, commits[b5da6a4a-1459-46a4-9479-d2035163dbe2:c6711, 69c25b61-d669-4f17-b36d-41bca3df1f31:c6708, d2a7b1fa-fac6-4c6f-8c6d-9ac7414c70c3:c6707]
2019-07-14 04:24:15,648 INFO  client.GrpcClientProtocolClient (GrpcClientProtocolClient.java:onNext(255)) - client-8DB4338F17D0->b5da6a4a-1459-46a4-9479-d2035163dbe2: receive RaftClientReply:client-8DB4338F17D0->b5da6a4a-1459-46a4-9479-d2035163dbe2@group-4A9565783204, cid=4397, SUCCESS, logIndex=6711, commits[b5da6a4a-1459-46a4-9479-d2035163dbe2:c6711, 69c25b61-d669-4f17-b36d-41bca3df1f31:c6708, d2a7b1fa-fac6-4c6f-8c6d-9ac7414c70c3:c6708]
2019-07-14 04:24:15,651 INFO  client.GrpcClientProtocolClient (GrpcClientProtocolClient.java:onNext(255)) - client-8DB4338F17D0->b5da6a4a-1459-46a4-9479-d2035163dbe2: receive RaftClientReply:client-8DB4338F17D0->b5da6a4a-1459-46a4-9479-d2035163dbe2@group-4A9565783204, cid=4398, SUCCESS, logIndex=0, commits[b5da6a4a-1459-46a4-9479-d2035163dbe2:c6712, 69c25b61-d669-4f17-b36d-41bca3df1f31:c6711, d2a7b1fa-fac6-4c6f-8c6d-9ac7414c70c3:c6711]
2019-07-14 04:24:15,681 INFO  client.GrpcClientProtocolClient (GrpcClientProtocolClient.java:onNext(255)) - client-8DB4338F17D0->b5da6a4a-1459-46a4-9479-d2035163dbe2: receive RaftClientReply:client-8DB4338F17D0->b5da6a4a-1459-46a4-9479-d2035163dbe2@group-4A9565783204, cid=4399, SUCCESS, logIndex=6714, commits[b5da6a4a-1459-46a4-9479-d2035163dbe2:c6715, 69c25b61-d669-4f17-b36d-41bca3df1f31:c6713, d2a7b1fa-fac6-4c6f-8c6d-9ac7414c70c3:c6713]
2019-07-14 04:24:15,682 INFO  client.GrpcClientProtocolClient (GrpcClientProtocolClient.java:onNext(255)) - client-8DB4338F17D0->b5da6a4a-1459-46a4-9479-d2035163dbe2: receive RaftClientReply:client-8DB4338F17D0->b5da6a4a-1459-46a4-9479-d2035163dbe2@group-4A9565783204, cid=4400, SUCCESS, logIndex=6715, commits[b5da6a4a-1459-46a4-9479-d2035163dbe2:c6717, 69c25b61-d669-4f17-b36d-41bca3df1f31:c6713, d2a7b1fa-fac6-4c6f-8c6d-9ac7414c70c3:c6713]
2019-07-14 04:24:15,682 INFO  client.GrpcClientProtocolClient (GrpcClientProtocolClient.java:onNext(255)) - client-8DB4338F17D0->b5da6a4a-1459-46a4-9479-d2035163dbe2: receive RaftClientReply:client-8DB4338F17D0->b5da6a4a-1459-46a4-9479-d2035163dbe2@group-4A9565783204, cid=4401, SUCCESS, logIndex=6716, commits[b5da6a4a-1459-46a4-9479-d2035163dbe2:c6717, 69c25b61-d669-4f17-b36d-41bca3df1f31:c6713, d2a7b1fa-fac6-4c6f-8c6d-9ac7414c70c3:c6713]
2019-07-14 04:24:15,682 INFO  client.GrpcClientProtocolClient (GrpcClientProtocolClient.java:onNext(255)) - client-8DB4338F17D0->b5da6a4a-1459-46a4-9479-d2035163dbe2: receive RaftClientReply:client-8DB4338F17D0->b5da6a4a-1459-46a4-9479-d2035163dbe2@group-4A9565783204, cid=4402, SUCCESS, logIndex=6717, commits[b5da6a4a-1459-46a4-9479-d2035163dbe2:c6717, 69c25b61-d669-4f17-b36d-41bca3df1f31:c6713, d2a7b1fa-fac6-4c6f-8c6d-9ac7414c70c3:c6713]
2019-07-14 04:24:15,686 INFO  client.GrpcClientProtocolClient (GrpcClientProtocolClient.java:onNext(255)) - client-8DB4338F17D0->b5da6a4a-1459-46a4-9479-d2035163dbe2: receive RaftClientReply:client-8DB4338F17D0->b5da6a4a-1459-46a4-9479-d2035163dbe2@group-4A9565783204, cid=4403, SUCCESS, logIndex=0, commits[b5da6a4a-1459-46a4-9479-d2035163dbe2:c6720, 69c25b61-d669-4f17-b36d-41bca3df1f31:c6715, d2a7b1fa-fac6-4c6f-8c6d-9ac7414c70c3:c6716]
2019-07-14 04:24:15,698 INFO  client.GrpcClientProtocolClient (GrpcClientProtocolClient.java:onNext(255)) - client-8DB4338F17D0->b5da6a4a-1459-46a4-9479-d2035163dbe2: receive RaftClientReply:client-8DB4338F17D0->b5da6a4a-1459-46a4-9479-d2035163dbe2@group-4A9565783204, cid=4404, SUCCESS, logIndex=6722, commits[b5da6a4a-1459-46a4-9479-d2035163dbe2:c6723, 69c25b61-d669-4f17-b36d-41bca3df1f31:c6721, d2a7b1fa-fac6-4c6f-8c6d-9ac7414c70c3:c6721]
2019-07-14 04:24:15,698 INFO  client.GrpcClientProtocolClient (GrpcClientProtocolClient.java:onNext(255)) - client-8DB4338F17D0->b5da6a4a-1459-46a4-9479-d2035163dbe2: receive RaftClientReply:client-8DB4338F17D0->b5da6a4a-1459-46a4-9479-d2035163dbe2@group-4A9565783204, cid=4405, SUCCESS, logIndex=6723, commits[b5da6a4a-1459-46a4-9479-d2035163dbe2:c6723, 69c25b61-d669-4f17-b36d-41bca3df1f31:c6721, d2a7b1fa-fac6-4c6f-8c6d-9ac7414c70c3:c6721]
2019-07-14 04:24:15,715 INFO  client.GrpcClientProtocolClient (GrpcClientProtocolClient.java:onNext(255)) - client-8DB4338F17D0->b5da6a4a-1459-46a4-9479-d2035163dbe2: receive RaftClientReply:client-8DB4338F17D0->b5da6a4a-1459-46a4-9479-d2035163dbe2@group-4A9565783204, cid=4406, SUCCESS, logIndex=6726, commits[b5da6a4a-1459-46a4-9479-d2035163dbe2:c6727, 69c25b61-d669-4f17-b36d-41bca3df1f31:c6725, d2a7b1fa-fac6-4c6f-8c6d-9ac7414c70c3:c6725]
2019-07-14 04:24:15,715 INFO  client.GrpcClientProtocolClient (GrpcClientProtocolClient.java:onNext(255)) - client-8DB4338F17D0->b5da6a4a-1459-46a4-9479-d2035163dbe2: receive RaftClientReply:client-8DB4338F17D0->b5da6a4a-1459-46a4-9479-d2035163dbe2@group-4A9565783204, cid=4407, SUCCESS, logIndex=6727, commits[b5da6a4a-1459-46a4-9479-d2035163dbe2:c6727, 69c25b61-d669-4f17-b36d-41bca3df1f31:c6725, d2a7b1fa-fac6-4c6f-8c6d-9ac7414c70c3:c6725]
2019-07-14 04:24:15,720 INFO  client.GrpcClientProtocolClient (GrpcClientProtocolClient.java:onNext(255)) - client-8DB4338F17D0->b5da6a4a-1459-46a4-9479-d2035163dbe2: receive RaftClientReply:client-8DB4338F17D0->b5da6a4a-1459-46a4-9479-d2035163dbe2@group-4A9565783204, cid=4408, SUCCESS, logIndex=0, commits[b5da6a4a-1459-46a4-9479-d2035163dbe2:c6729, 69c25b61-d669-4f17-b36d-41bca3df1f31:c6727, d2a7b1fa-fac6-4c6f-8c6d-9ac7414c70c3:c6727]
2019-07-14 04:24:15,838 INFO  client.GrpcClientProtocolClient (GrpcClientProtocolClient.java:onNext(255)) - client-8DB4338F17D0->b5da6a4a-1459-46a4-9479-d2035163dbe2: receive RaftClientReply:client-8DB4338F17D0->b5da6a4a-1459-46a4-9479-d2035163dbe2@group-4A9565783204, cid=4409, SUCCESS, logIndex=6730, commits[b5da6a4a-1459-46a4-9479-d2035163dbe2:c6731, 69c25b61-d669-4f17-b36d-41bca3df1f31:c6729, d2a7b1fa-fac6-4c6f-8c6d-9ac7414c70c3:c6729]
2019-07-14 04:24:15,838 INFO  client.GrpcClientProtocolClient (GrpcClientProtocolClient.java:onNext(255)) - client-8DB4338F17D0->b5da6a4a-1459-46a4-9479-d2035163dbe2: receive RaftClientReply:client-8DB4338F17D0->b5da6a4a-1459-46a4-9479-d2035163dbe2@group-4A9565783204, cid=4410, SUCCESS, logIndex=6731, commits[b5da6a4a-1459-46a4-9479-d2035163dbe2:c6734, 69c25b61-d669-4f17-b36d-41bca3df1f31:c6730, d2a7b1fa-fac6-4c6f-8c6d-9ac7414c70c3:c6730]
2019-07-14 04:24:15,839 INFO  client.GrpcClientProtocolClient (GrpcClientProtocolClient.java:onNext(255)) - client-8DB4338F17D0->b5da6a4a-1459-46a4-9479-d2035163dbe2: receive RaftClientReply:client-8DB4338F17D0->b5da6a4a-1459-46a4-9479-d2035163dbe2@group-4A9565783204, cid=4411, SUCCESS, logIndex=6732, commits[b5da6a4a-1459-46a4-9479-d2035163dbe2:c6734, 69c25b61-d669-4f17-b36d-41bca3df1f31:c6730, d2a7b1fa-fac6-4c6f-8c6d-9ac7414c70c3:c6730]
2019-07-14 04:24:15,839 INFO  client.GrpcClientProtocolClient (GrpcClientProtocolClient.java:onNext(255)) - client-8DB4338F17D0->b5da6a4a-1459-46a4-9479-d2035163dbe2: receive RaftClientReply:client-8DB4338F17D0->b5da6a4a-1459-46a4-9479-d2035163dbe2@group-4A9565783204, cid=4412, SUCCESS, logIndex=6733, commits[b5da6a4a-1459-46a4-9479-d2035163dbe2:c6734, 69c25b61-d669-4f17-b36d-41bca3df1f31:c6730, d2a7b1fa-fac6-4c6f-8c6d-9ac7414c70c3:c6730]
2019-07-14 04:24:15,841 INFO  client.GrpcClientProtocolClient (GrpcClientProtocolClient.java:onNext(255)) - client-8DB4338F17D0->b5da6a4a-1459-46a4-9479-d2035163dbe2: receive RaftClientReply:client-8DB4338F17D0->b5da6a4a-1459-46a4-9479-d2035163dbe2@group-4A9565783204, cid=4413, SUCCESS, logIndex=0, commits[b5da6a4a-1459-46a4-9479-d2035163dbe2:c6737, 69c25b61-d669-4f17-b36d-41bca3df1f31:c6732, d2a7b1fa-fac6-4c6f-8c6d-9ac7414c70c3:c6733]
2019-07-14 04:24:15,860 INFO  client.GrpcClientProtocolClient (GrpcClientProtocolClient.java:onNext(255)) - client-8DB4338F17D0->b5da6a4a-1459-46a4-9479-d2035163dbe2: receive RaftClientReply:client-8DB4338F17D0->b5da6a4a-1459-46a4-9479-d2035163dbe2@group-4A9565783204, cid=4414, SUCCESS, logIndex=6738, commits[b5da6a4a-1459-46a4-9479-d2035163dbe2:c6739, 69c25b61-d669-4f17-b36d-41bca3df1f31:c6733, d2a7b1fa-fac6-4c6f-8c6d-9ac7414c70c3:c6737]
2019-07-14 04:24:15,861 INFO  client.GrpcClientProtocolClient (GrpcClientProtocolClient.java:onNext(255)) - client-8DB4338F17D0->b5da6a4a-1459-46a4-9479-d2035163dbe2: receive RaftClientReply:client-8DB4338F17D0->b5da6a4a-1459-46a4-9479-d2035163dbe2@group-4A9565783204, cid=4415, SUCCESS, logIndex=6739, commits[b5da6a4a-1459-46a4-9479-d2035163dbe2:c6739, 69c25b61-d669-4f17-b36d-41bca3df1f31:c6737, d2a7b1fa-fac6-4c6f-8c6d-9ac7414c70c3:c6737]
2019-07-14 04:24:15,879 INFO  client.GrpcClientProtocolClient (GrpcClientProtocolClient.java:onNext(255)) - client-8DB4338F17D0->b5da6a4a-1459-46a4-9479-d2035163dbe2: receive RaftClientReply:client-8DB4338F17D0->b5da6a4a-1459-46a4-9479-d2035163dbe2@group-4A9565783204, cid=4416, SUCCESS, logIndex=6742, commits[b5da6a4a-1459-46a4-9479-d2035163dbe2:c6743, 69c25b61-d669-4f17-b36d-41bca3df1f31:c6741, d2a7b1fa-fac6-4c6f-8c6d-9ac7414c70c3:c6741]
2019-07-14 04:24:15,880 INFO  client.GrpcClientProtocolClient (GrpcClientProtocolClient.java:onNext(255)) - client-8DB4338F17D0->b5da6a4a-1459-46a4-9479-d2035163dbe2: receive RaftClientReply:client-8DB4338F17D0->b5da6a4a-1459-46a4-9479-d2035163dbe2@group-4A9565783204, cid=4417, SUCCESS, logIndex=6743, commits[b5da6a4a-1459-46a4-9479-d2035163dbe2:c6743, 69c25b61-d669-4f17-b36d-41bca3df1f31:c6741, d2a7b1fa-fac6-4c6f-8c6d-9ac7414c70c3:c6741]
2019-07-14 04:24:15,881 INFO  client.GrpcClientProtocolClient (GrpcClientProtocolClient.java:onNext(255)) - client-8DB4338F17D0->b5da6a4a-1459-46a4-9479-d2035163dbe2: receive RaftClientReply:client-8DB4338F17D0->b5da6a4a-1459-46a4-9479-d2035163dbe2@group-4A9565783204, cid=4418, SUCCESS, logIndex=0, commits[b5da6a4a-1459-46a4-9479-d2035163dbe2:c6744, 69c25b61-d669-4f17-b36d-41bca3df1f31:c6743, d2a7b1fa-fac6-4c6f-8c6d-9ac7414c70c3:c6743]
2019-07-14 04:24:15,910 INFO  client.GrpcClientProtocolClient (GrpcClientProtocolClient.java:onNext(255)) - client-8DB4338F17D0->b5da6a4a-1459-46a4-9479-d2035163dbe2: receive RaftClientReply:client-8DB4338F17D0->b5da6a4a-1459-46a4-9479-d2035163dbe2@group-4A9565783204, cid=4419, SUCCESS, logIndex=6746, commits[b5da6a4a-1459-46a4-9479-d2035163dbe2:c6747, 69c25b61-d669-4f17-b36d-41bca3df1f31:c6743, d2a7b1fa-fac6-4c6f-8c6d-9ac7414c70c3:c6745]
2019-07-14 04:24:15,911 INFO  client.GrpcClientProtocolClient (GrpcClientProtocolClient.java:onNext(255)) - client-8DB4338F17D0->b5da6a4a-1459-46a4-9479-d2035163dbe2: receive RaftClientReply:client-8DB4338F17D0->b5da6a4a-1459-46a4-9479-d2035163dbe2@group-4A9565783204, cid=4420, SUCCESS, logIndex=6747, commits[b5da6a4a-1459-46a4-9479-d2035163dbe2:c6747, 69c25b61-d669-4f17-b36d-41bca3df1f31:c6743, d2a7b1fa-fac6-4c6f-8c6d-9ac7414c70c3:c6745]
2019-07-14 04:24:15,913 INFO  client.GrpcClientProtocolClient (GrpcClientProtocolClient.java:onNext(255)) - client-8DB4338F17D0->b5da6a4a-1459-46a4-9479-d2035163dbe2: receive RaftClientReply:client-8DB4338F17D0->b5da6a4a-1459-46a4-9479-d2035163dbe2@group-4A9565783204, cid=4421, SUCCESS, logIndex=6748, commits[b5da6a4a-1459-46a4-9479-d2035163dbe2:c6748, 69c25b61-d669-4f17-b36d-41bca3df1f31:c6745, d2a7b1fa-fac6-4c6f-8c6d-9ac7414c70c3:c6745]
2019-07-14 04:24:15,913 INFO  client.GrpcClientProtocolClient (GrpcClientProtocolClient.java:onNext(255)) - client-8DB4338F17D0->b5da6a4a-1459-46a4-9479-d2035163dbe2: receive RaftClientReply:client-8DB4338F17D0->b5da6a4a-1459-46a4-9479-d2035163dbe2@group-4A9565783204, cid=4422, SUCCESS, logIndex=6749, commits[b5da6a4a-1459-46a4-9479-d2035163dbe2:c6749, 69c25b61-d669-4f17-b36d-41bca3df1f31:c6745, d2a7b1fa-fac6-4c6f-8c6d-9ac7414c70c3:c6745]
2019-07-14 04:24:15,916 INFO  client.GrpcClientProtocolClient (GrpcClientProtocolClient.java:onNext(255)) - client-8DB4338F17D0->b5da6a4a-1459-46a4-9479-d2035163dbe2: receive RaftClientReply:client-8DB4338F17D0->b5da6a4a-1459-46a4-9479-d2035163dbe2@group-4A9565783204, cid=4423, SUCCESS, logIndex=0, commits[b5da6a4a-1459-46a4-9479-d2035163dbe2:c6751, 69c25b61-d669-4f17-b36d-41bca3df1f31:c6747, d2a7b1fa-fac6-4c6f-8c6d-9ac7414c70c3:c6747]
2019-07-14 04:24:15,926 INFO  client.GrpcClientProtocolClient (GrpcClientProtocolClient.java:onNext(255)) - client-8DB4338F17D0->b5da6a4a-1459-46a4-9479-d2035163dbe2: receive RaftClientReply:client-8DB4338F17D0->b5da6a4a-1459-46a4-9479-d2035163dbe2@group-4A9565783204, cid=4424, SUCCESS, logIndex=6754, commits[b5da6a4a-1459-46a4-9479-d2035163dbe2:c6755, 69c25b61-d669-4f17-b36d-41bca3df1f31:c6753, d2a7b1fa-fac6-4c6f-8c6d-9ac7414c70c3:c6753]
2019-07-14 04:24:15,927 INFO  client.GrpcClientProtocolClient (GrpcClientProtocolClient.java:onNext(255)) - client-8DB4338F17D0->b5da6a4a-1459-46a4-9479-d2035163dbe2: receive RaftClientReply:client-8DB4338F17D0->b5da6a4a-1459-46a4-9479-d2035163dbe2@group-4A9565783204, cid=4425, SUCCESS, logIndex=6755, commits[b5da6a4a-1459-46a4-9479-d2035163dbe2:c6755, 69c25b61-d669-4f17-b36d-41bca3df1f31:c6753, d2a7b1fa-fac6-4c6f-8c6d-9ac7414c70c3:c6753]
2019-07-14 04:24:15,938 INFO  client.GrpcClientProtocolClient (GrpcClientProtocolClient.java:onNext(255)) - client-8DB4338F17D0->b5da6a4a-1459-46a4-9479-d2035163dbe2: receive RaftClientReply:client-8DB4338F17D0->b5da6a4a-1459-46a4-9479-d2035163dbe2@group-4A9565783204, cid=4426, SUCCESS, logIndex=6758, commits[b5da6a4a-1459-46a4-9479-d2035163dbe2:c6759, 69c25b61-d669-4f17-b36d-41bca3df1f31:c6757, d2a7b1fa-fac6-4c6f-8c6d-9ac7414c70c3:c6757]
2019-07-14 04:24:15,938 INFO  client.GrpcClientProtocolClient (GrpcClientProtocolClient.java:onNext(255)) - client-8DB4338F17D0->b5da6a4a-1459-46a4-9479-d2035163dbe2: receive RaftClientReply:client-8DB4338F17D0->b5da6a4a-1459-46a4-9479-d2035163dbe2@group-4A9565783204, cid=4427, SUCCESS, logIndex=6759, commits[b5da6a4a-1459-46a4-9479-d2035163dbe2:c6759, 69c25b61-d669-4f17-b36d-41bca3df1f31:c6757, d2a7b1fa-fac6-4c6f-8c6d-9ac7414c70c3:c6757]
2019-07-14 04:24:15,942 INFO  client.GrpcClientProtocolClient (GrpcClientProtocolClient.java:onNext(255)) - client-8DB4338F17D0->b5da6a4a-1459-46a4-9479-d2035163dbe2: receive RaftClientReply:client-8DB4338F17D0->b5da6a4a-1459-46a4-9479-d2035163dbe2@group-4A9565783204, cid=4428, SUCCESS, logIndex=0, commits[b5da6a4a-1459-46a4-9479-d2035163dbe2:c6761, 69c25b61-d669-4f17-b36d-41bca3df1f31:c6759, d2a7b1fa-fac6-4c6f-8c6d-9ac7414c70c3:c6759]
2019-07-14 04:24:15,973 INFO  client.GrpcClientProtocolClient (GrpcClientProtocolClient.java:onNext(255)) - client-8DB4338F17D0->b5da6a4a-1459-46a4-9479-d2035163dbe2: receive RaftClientReply:client-8DB4338F17D0->b5da6a4a-1459-46a4-9479-d2035163dbe2@group-4A9565783204, cid=4429, SUCCESS, logIndex=6762, commits[b5da6a4a-1459-46a4-9479-d2035163dbe2:c6763, 69c25b61-d669-4f17-b36d-41bca3df1f31:c6761, d2a7b1fa-fac6-4c6f-8c6d-9ac7414c70c3:c6761]
2019-07-14 04:24:15,974 INFO  client.GrpcClientProtocolClient (GrpcClientProtocolClient.java:onNext(255)) - client-8DB4338F17D0->b5da6a4a-1459-46a4-9479-d2035163dbe2: receive RaftClientReply:client-8DB4338F17D0->b5da6a4a-1459-46a4-9479-d2035163dbe2@group-4A9565783204, cid=4430, SUCCESS, logIndex=6763, commits[b5da6a4a-1459-46a4-9479-d2035163dbe2:c6765, 69c25b61-d669-4f17-b36d-41bca3df1f31:c6761, d2a7b1fa-fac6-4c6f-8c6d-9ac7414c70c3:c6761]
2019-07-14 04:24:15,974 INFO  client.GrpcClientProtocolClient (GrpcClientProtocolClient.java:onNext(255)) - client-8DB4338F17D0->b5da6a4a-1459-46a4-9479-d2035163dbe2: receive RaftClientReply:client-8DB4338F17D0->b5da6a4a-1459-46a4-9479-d2035163dbe2@group-4A9565783204, cid=4431, SUCCESS, logIndex=6764, commits[b5da6a4a-1459-46a4-9479-d2035163dbe2:c6765, 69c25b61-d669-4f17-b36d-41bca3df1f31:c6761, d2a7b1fa-fac6-4c6f-8c6d-9ac7414c70c3:c6761]
2019-07-14 04:24:15,974 INFO  client.GrpcClientProtocolClient (GrpcClientProtocolClient.java:onNext(255)) - client-8DB4338F17D0->b5da6a4a-1459-46a4-9479-d2035163dbe2: receive RaftClientReply:client-8DB4338F17D0->b5da6a4a-1459-46a4-9479-d2035163dbe2@group-4A9565783204, cid=4432, SUCCESS, logIndex=6765, commits[b5da6a4a-1459-46a4-9479-d2035163dbe2:c6765, 69c25b61-d669-4f17-b36d-41bca3df1f31:c6761, d2a7b1fa-fac6-4c6f-8c6d-9ac7414c70c3:c6761]
2019-07-14 04:24:15,975 INFO  client.GrpcClientProtocolClient (GrpcClientProtocolClient.java:onNext(255)) - client-8DB4338F17D0->b5da6a4a-1459-46a4-9479-d2035163dbe2: receive RaftClientReply:client-8DB4338F17D0->b5da6a4a-1459-46a4-9479-d2035163dbe2@group-4A9565783204, cid=4433, SUCCESS, logIndex=0, commits[b5da6a4a-1459-46a4-9479-d2035163dbe2:c6767, 69c25b61-d669-4f17-b36d-41bca3df1f31:c6763, d2a7b1fa-fac6-4c6f-8c6d-9ac7414c70c3:c6763]
2019-07-14 04:24:15,985 INFO  client.GrpcClientProtocolClient (GrpcClientProtocolClient.java:onNext(255)) - client-8DB4338F17D0->b5da6a4a-1459-46a4-9479-d2035163dbe2: receive RaftClientReply:client-8DB4338F17D0->b5da6a4a-1459-46a4-9479-d2035163dbe2@group-4A9565783204, cid=4434, SUCCESS, logIndex=6770, commits[b5da6a4a-1459-46a4-9479-d2035163dbe2:c6771, 69c25b61-d669-4f17-b36d-41bca3df1f31:c6769, d2a7b1fa-fac6-4c6f-8c6d-9ac7414c70c3:c6765]
2019-07-14 04:24:15,986 INFO  client.GrpcClientProtocolClient (GrpcClientProtocolClient.java:onNext(255)) - client-8DB4338F17D0->b5da6a4a-1459-46a4-9479-d2035163dbe2: receive RaftClientReply:client-8DB4338F17D0->b5da6a4a-1459-46a4-9479-d2035163dbe2@group-4A9565783204, cid=4435, SUCCESS, logIndex=6771, commits[b5da6a4a-1459-46a4-9479-d2035163dbe2:c6771, 69c25b61-d669-4f17-b36d-41bca3df1f31:c6769, d2a7b1fa-fac6-4c6f-8c6d-9ac7414c70c3:c6769]
2019-07-14 04:24:16,003 INFO  client.GrpcClientProtocolClient (GrpcClientProtocolClient.java:onNext(255)) - client-8DB4338F17D0->b5da6a4a-1459-46a4-9479-d2035163dbe2: receive RaftClientReply:client-8DB4338F17D0->b5da6a4a-1459-46a4-9479-d2035163dbe2@group-4A9565783204, cid=4436, SUCCESS, logIndex=6774, commits[b5da6a4a-1459-46a4-9479-d2035163dbe2:c6775, 69c25b61-d669-4f17-b36d-41bca3df1f31:c6773, d2a7b1fa-fac6-4c6f-8c6d-9ac7414c70c3:c6772]
2019-07-14 04:24:16,003 INFO  client.GrpcClientProtocolClient (GrpcClientProtocolClient.java:onNext(255)) - client-8DB4338F17D0->b5da6a4a-1459-46a4-9479-d2035163dbe2: receive RaftClientReply:client-8DB4338F17D0->b5da6a4a-1459-46a4-9479-d2035163dbe2@group-4A9565783204, cid=4437, SUCCESS, logIndex=6775, commits[b5da6a4a-1459-46a4-9479-d2035163dbe2:c6775, 69c25b61-d669-4f17-b36d-41bca3df1f31:c6773, d2a7b1fa-fac6-4c6f-8c6d-9ac7414c70c3:c6773]
2019-07-14 04:24:16,010 INFO  client.GrpcClientProtocolClient (GrpcClientProtocolClient.java:onNext(255)) - client-8DB4338F17D0->b5da6a4a-1459-46a4-9479-d2035163dbe2: receive RaftClientReply:client-8DB4338F17D0->b5da6a4a-1459-46a4-9479-d2035163dbe2@group-4A9565783204, cid=4438, SUCCESS, logIndex=0, commits[b5da6a4a-1459-46a4-9479-d2035163dbe2:c6777, 69c25b61-d669-4f17-b36d-41bca3df1f31:c6775, d2a7b1fa-fac6-4c6f-8c6d-9ac7414c70c3:c6775]
2019-07-14 04:24:16,034 INFO  client.GrpcClientProtocolClient (GrpcClientProtocolClient.java:onNext(255)) - client-8DB4338F17D0->b5da6a4a-1459-46a4-9479-d2035163dbe2: receive RaftClientReply:client-8DB4338F17D0->b5da6a4a-1459-46a4-9479-d2035163dbe2@group-4A9565783204, cid=4439, SUCCESS, logIndex=6778, commits[b5da6a4a-1459-46a4-9479-d2035163dbe2:c6780, 69c25b61-d669-4f17-b36d-41bca3df1f31:c6775, d2a7b1fa-fac6-4c6f-8c6d-9ac7414c70c3:c6777]
2019-07-14 04:24:16,035 INFO  client.GrpcClientProtocolClient (GrpcClientProtocolClient.java:onNext(255)) - client-8DB4338F17D0->b5da6a4a-1459-46a4-9479-d2035163dbe2: receive RaftClientReply:client-8DB4338F17D0->b5da6a4a-1459-46a4-9479-d2035163dbe2@group-4A9565783204, cid=4440, SUCCESS, logIndex=6779, commits[b5da6a4a-1459-46a4-9479-d2035163dbe2:c6781, 69c25b61-d669-4f17-b36d-41bca3df1f31:c6777, d2a7b1fa-fac6-4c6f-8c6d-9ac7414c70c3:c6777]
2019-07-14 04:24:16,035 INFO  client.GrpcClientProtocolClient (GrpcClientProtocolClient.java:onNext(255)) - client-8DB4338F17D0->b5da6a4a-1459-46a4-9479-d2035163dbe2: receive RaftClientReply:client-8DB4338F17D0->b5da6a4a-1459-46a4-9479-d2035163dbe2@group-4A9565783204, cid=4441, SUCCESS, logIndex=6780, commits[b5da6a4a-1459-46a4-9479-d2035163dbe2:c6781, 69c25b61-d669-4f17-b36d-41bca3df1f31:c6777, d2a7b1fa-fac6-4c6f-8c6d-9ac7414c70c3:c6777]
2019-07-14 04:24:16,035 INFO  client.GrpcClientProtocolClient (GrpcClientProtocolClient.java:onNext(255)) - client-8DB4338F17D0->b5da6a4a-1459-46a4-9479-d2035163dbe2: receive RaftClientReply:client-8DB4338F17D0->b5da6a4a-1459-46a4-9479-d2035163dbe2@group-4A9565783204, cid=4442, SUCCESS, logIndex=6781, commits[b5da6a4a-1459-46a4-9479-d2035163dbe2:c6781, 69c25b61-d669-4f17-b36d-41bca3df1f31:c6777, d2a7b1fa-fac6-4c6f-8c6d-9ac7414c70c3:c6777]
2019-07-14 04:24:16,039 INFO  client.GrpcClientProtocolClient (GrpcClientProtocolClient.java:onNext(255)) - client-8DB4338F17D0->b5da6a4a-1459-46a4-9479-d2035163dbe2: receive RaftClientReply:client-8DB4338F17D0->b5da6a4a-1459-46a4-9479-d2035163dbe2@group-4A9565783204, cid=4443, SUCCESS, logIndex=0, commits[b5da6a4a-1459-46a4-9479-d2035163dbe2:c6785, 69c25b61-d669-4f17-b36d-41bca3df1f31:c6781, d2a7b1fa-fac6-4c6f-8c6d-9ac7414c70c3:c6779]
2019-07-14 04:24:16,055 INFO  client.GrpcClientProtocolClient (GrpcClientProtocolClient.java:onNext(255)) - client-8DB4338F17D0->b5da6a4a-1459-46a4-9479-d2035163dbe2: receive RaftClientReply:client-8DB4338F17D0->b5da6a4a-1459-46a4-9479-d2035163dbe2@group-4A9565783204, cid=4444, SUCCESS, logIndex=6786, commits[b5da6a4a-1459-46a4-9479-d2035163dbe2:c6787, 69c25b61-d669-4f17-b36d-41bca3df1f31:c6785, d2a7b1fa-fac6-4c6f-8c6d-9ac7414c70c3:c6785]
2019-07-14 04:24:16,056 INFO  client.GrpcClientProtocolClient (GrpcClientProtocolClient.java:onNext(255)) - client-8DB4338F17D0->b5da6a4a-1459-46a4-9479-d2035163dbe2: receive RaftClientReply:client-8DB4338F17D0->b5da6a4a-1459-46a4-9479-d2035163dbe2@group-4A9565783204, cid=4445, SUCCESS, logIndex=6787, commits[b5da6a4a-1459-46a4-9479-d2035163dbe2:c6787, 69c25b61-d669-4f17-b36d-41bca3df1f31:c6785, d2a7b1fa-fac6-4c6f-8c6d-9ac7414c70c3:c6785]
2019-07-14 04:24:16,069 INFO  client.GrpcClientProtocolClient (GrpcClientProtocolClient.java:onNext(255)) - client-8DB4338F17D0->b5da6a4a-1459-46a4-9479-d2035163dbe2: receive RaftClientReply:client-8DB4338F17D0->b5da6a4a-1459-46a4-9479-d2035163dbe2@group-4A9565783204, cid=4446, SUCCESS, logIndex=6790, commits[b5da6a4a-1459-46a4-9479-d2035163dbe2:c6790, 69c25b61-d669-4f17-b36d-41bca3df1f31:c6787, d2a7b1fa-fac6-4c6f-8c6d-9ac7414c70c3:c6787]
2019-07-14 04:24:16,069 INFO  client.GrpcClientProtocolClient (GrpcClientProtocolClient.java:onNext(255)) - client-8DB4338F17D0->b5da6a4a-1459-46a4-9479-d2035163dbe2: receive RaftClientReply:client-8DB4338F17D0->b5da6a4a-1459-46a4-9479-d2035163dbe2@group-4A9565783204, cid=4447, SUCCESS, logIndex=6791, commits[b5da6a4a-1459-46a4-9479-d2035163dbe2:c6791, 69c25b61-d669-4f17-b36d-41bca3df1f31:c6787, d2a7b1fa-fac6-4c6f-8c6d-9ac7414c70c3:c6787]
2019-07-14 04:24:16,073 INFO  client.GrpcClientProtocolClient (GrpcClientProtocolClient.java:onNext(255)) - client-8DB4338F17D0->b5da6a4a-1459-46a4-9479-d2035163dbe2: receive RaftClientReply:client-8DB4338F17D0->b5da6a4a-1459-46a4-9479-d2035163dbe2@group-4A9565783204, cid=4448, SUCCESS, logIndex=0, commits[b5da6a4a-1459-46a4-9479-d2035163dbe2:c6792, 69c25b61-d669-4f17-b36d-41bca3df1f31:c6791, d2a7b1fa-fac6-4c6f-8c6d-9ac7414c70c3:c6791]
2019-07-14 04:24:16,101 INFO  client.GrpcClientProtocolClient (GrpcClientProtocolClient.java:onNext(255)) - client-8DB4338F17D0->b5da6a4a-1459-46a4-9479-d2035163dbe2: receive RaftClientReply:client-8DB4338F17D0->b5da6a4a-1459-46a4-9479-d2035163dbe2@group-4A9565783204, cid=4449, SUCCESS, logIndex=6794, commits[b5da6a4a-1459-46a4-9479-d2035163dbe2:c6795, 69c25b61-d669-4f17-b36d-41bca3df1f31:c6793, d2a7b1fa-fac6-4c6f-8c6d-9ac7414c70c3:c6793]
2019-07-14 04:24:16,102 INFO  client.GrpcClientProtocolClient (GrpcClientProtocolClient.java:onNext(255)) - client-8DB4338F17D0->b5da6a4a-1459-46a4-9479-d2035163dbe2: receive RaftClientReply:client-8DB4338F17D0->b5da6a4a-1459-46a4-9479-d2035163dbe2@group-4A9565783204, cid=4450, SUCCESS, logIndex=6795, commits[b5da6a4a-1459-46a4-9479-d2035163dbe2:c6797, 69c25b61-d669-4f17-b36d-41bca3df1f31:c6793, d2a7b1fa-fac6-4c6f-8c6d-9ac7414c70c3:c6793]
2019-07-14 04:24:16,102 INFO  client.GrpcClientProtocolClient (GrpcClientProtocolClient.java:onNext(255)) - client-8DB4338F17D0->b5da6a4a-1459-46a4-9479-d2035163dbe2: receive RaftClientReply:client-8DB4338F17D0->b5da6a4a-1459-46a4-9479-d2035163dbe2@group-4A9565783204, cid=4451, SUCCESS, logIndex=6796, commits[b5da6a4a-1459-46a4-9479-d2035163dbe2:c6797, 69c25b61-d669-4f17-b36d-41bca3df1f31:c6793, d2a7b1fa-fac6-4c6f-8c6d-9ac7414c70c3:c6793]
2019-07-14 04:24:16,102 INFO  client.GrpcClientProtocolClient (GrpcClientProtocolClient.java:onNext(255)) - client-8DB4338F17D0->b5da6a4a-1459-46a4-9479-d2035163dbe2: receive RaftClientReply:client-8DB4338F17D0->b5da6a4a-1459-46a4-9479-d2035163dbe2@group-4A9565783204, cid=4452, SUCCESS, logIndex=6797, commits[b5da6a4a-1459-46a4-9479-d2035163dbe2:c6797, 69c25b61-d669-4f17-b36d-41bca3df1f31:c6793, d2a7b1fa-fac6-4c6f-8c6d-9ac7414c70c3:c6793]
2019-07-14 04:24:16,104 INFO  client.GrpcClientProtocolClient (GrpcClientProtocolClient.java:onNext(255)) - client-8DB4338F17D0->b5da6a4a-1459-46a4-9479-d2035163dbe2: receive RaftClientReply:client-8DB4338F17D0->b5da6a4a-1459-46a4-9479-d2035163dbe2@group-4A9565783204, cid=4453, SUCCESS, logIndex=0, commits[b5da6a4a-1459-46a4-9479-d2035163dbe2:c6800, 69c25b61-d669-4f17-b36d-41bca3df1f31:c6796, d2a7b1fa-fac6-4c6f-8c6d-9ac7414c70c3:c6795]
2019-07-14 04:24:16,121 INFO  client.GrpcClientProtocolClient (GrpcClientProtocolClient.java:onNext(255)) - client-8DB4338F17D0->b5da6a4a-1459-46a4-9479-d2035163dbe2: receive RaftClientReply:client-8DB4338F17D0->b5da6a4a-1459-46a4-9479-d2035163dbe2@group-4A9565783204, cid=4454, SUCCESS, logIndex=6802, commits[b5da6a4a-1459-46a4-9479-d2035163dbe2:c6803, 69c25b61-d669-4f17-b36d-41bca3df1f31:c6801, d2a7b1fa-fac6-4c6f-8c6d-9ac7414c70c3:c6801]
2019-07-14 04:24:16,121 INFO  client.GrpcClientProtocolClient (GrpcClientProtocolClient.java:onNext(255)) - client-8DB4338F17D0->b5da6a4a-1459-46a4-9479-d2035163dbe2: receive RaftClientReply:client-8DB4338F17D0->b5da6a4a-1459-46a4-9479-d2035163dbe2@group-4A9565783204, cid=4455, SUCCESS, logIndex=6803, commits[b5da6a4a-1459-46a4-9479-d2035163dbe2:c6803, 69c25b61-d669-4f17-b36d-41bca3df1f31:c6801, d2a7b1fa-fac6-4c6f-8c6d-9ac7414c70c3:c6801]
2019-07-14 04:24:16,134 INFO  client.GrpcClientProtocolClient (GrpcClientProtocolClient.java:onNext(255)) - client-8DB4338F17D0->b5da6a4a-1459-46a4-9479-d2035163dbe2: receive RaftClientReply:client-8DB4338F17D0->b5da6a4a-1459-46a4-9479-d2035163dbe2@group-4A9565783204, cid=4456, SUCCESS, logIndex=6806, commits[b5da6a4a-1459-46a4-9479-d2035163dbe2:c6807, 69c25b61-d669-4f17-b36d-41bca3df1f31:c6803, d2a7b1fa-fac6-4c6f-8c6d-9ac7414c70c3:c6803]
2019-07-14 04:24:16,135 INFO  client.GrpcClientProtocolClient (GrpcClientProtocolClient.java:onNext(255)) - client-8DB4338F17D0->b5da6a4a-1459-46a4-9479-d2035163dbe2: receive RaftClientReply:client-8DB4338F17D0->b5da6a4a-1459-46a4-9479-d2035163dbe2@group-4A9565783204, cid=4457, SUCCESS, logIndex=6807, commits[b5da6a4a-1459-46a4-9479-d2035163dbe2:c6807, 69c25b61-d669-4f17-b36d-41bca3df1f31:c6803, d2a7b1fa-fac6-4c6f-8c6d-9ac7414c70c3:c6803]
2019-07-14 04:24:16,137 INFO  client.GrpcClientProtocolClient (GrpcClientProtocolClient.java:onNext(255)) - client-8DB4338F17D0->b5da6a4a-1459-46a4-9479-d2035163dbe2: receive RaftClientReply:client-8DB4338F17D0->b5da6a4a-1459-46a4-9479-d2035163dbe2@group-4A9565783204, cid=4458, SUCCESS, logIndex=0, commits[b5da6a4a-1459-46a4-9479-d2035163dbe2:c6809, 69c25b61-d669-4f17-b36d-41bca3df1f31:c6807, d2a7b1fa-fac6-4c6f-8c6d-9ac7414c70c3:c6807]
2019-07-14 04:24:16,178 INFO  client.GrpcClientProtocolClient (GrpcClientProtocolClient.java:onNext(255)) - client-8DB4338F17D0->b5da6a4a-1459-46a4-9479-d2035163dbe2: receive RaftClientReply:client-8DB4338F17D0->b5da6a4a-1459-46a4-9479-d2035163dbe2@group-4A9565783204, cid=4459, SUCCESS, logIndex=6810, commits[b5da6a4a-1459-46a4-9479-d2035163dbe2:c6812, 69c25b61-d669-4f17-b36d-41bca3df1f31:c6809, d2a7b1fa-fac6-4c6f-8c6d-9ac7414c70c3:c6809]
2019-07-14 04:24:16,178 INFO  client.GrpcClientProtocolClient (GrpcClientProtocolClient.java:onNext(255)) - client-8DB4338F17D0->b5da6a4a-1459-46a4-9479-d2035163dbe2: receive RaftClientReply:client-8DB4338F17D0->b5da6a4a-1459-46a4-9479-d2035163dbe2@group-4A9565783204, cid=4460, SUCCESS, logIndex=6811, commits[b5da6a4a-1459-46a4-9479-d2035163dbe2:c6813, 69c25b61-d669-4f17-b36d-41bca3df1f31:c6809, d2a7b1fa-fac6-4c6f-8c6d-9ac7414c70c3:c6809]
2019-07-14 04:24:16,178 INFO  client.GrpcClientProtocolClient (GrpcClientProtocolClient.java:onNext(255)) - client-8DB4338F17D0->b5da6a4a-1459-46a4-9479-d2035163dbe2: receive RaftClientReply:client-8DB4338F17D0->b5da6a4a-1459-46a4-9479-d2035163dbe2@group-4A9565783204, cid=4461, SUCCESS, logIndex=6812, commits[b5da6a4a-1459-46a4-9479-d2035163dbe2:c6813, 69c25b61-d669-4f17-b36d-41bca3df1f31:c6809, d2a7b1fa-fac6-4c6f-8c6d-9ac7414c70c3:c6809]
2019-07-14 04:24:16,179 INFO  client.GrpcClientProtocolClient (GrpcClientProtocolClient.java:onNext(255)) - client-8DB4338F17D0->b5da6a4a-1459-46a4-9479-d2035163dbe2: receive RaftClientReply:client-8DB4338F17D0->b5da6a4a-1459-46a4-9479-d2035163dbe2@group-4A9565783204, cid=4462, SUCCESS, logIndex=6813, commits[b5da6a4a-1459-46a4-9479-d2035163dbe2:c6813, 69c25b61-d669-4f17-b36d-41bca3df1f31:c6809, d2a7b1fa-fac6-4c6f-8c6d-9ac7414c70c3:c6809]
2019-07-14 04:24:16,181 INFO  client.GrpcClientProtocolClient (GrpcClientProtocolClient.java:onNext(255)) - client-8DB4338F17D0->b5da6a4a-1459-46a4-9479-d2035163dbe2: receive RaftClientReply:client-8DB4338F17D0->b5da6a4a-1459-46a4-9479-d2035163dbe2@group-4A9565783204, cid=4463, SUCCESS, logIndex=0, commits[b5da6a4a-1459-46a4-9479-d2035163dbe2:c6815, 69c25b61-d669-4f17-b36d-41bca3df1f31:c6811, d2a7b1fa-fac6-4c6f-8c6d-9ac7414c70c3:c6811]
2019-07-14 04:24:16,200 INFO  client.GrpcClientProtocolClient (GrpcClientProtocolClient.java:onNext(255)) - client-8DB4338F17D0->b5da6a4a-1459-46a4-9479-d2035163dbe2: receive RaftClientReply:client-8DB4338F17D0->b5da6a4a-1459-46a4-9479-d2035163dbe2@group-4A9565783204, cid=4464, SUCCESS, logIndex=6818, commits[b5da6a4a-1459-46a4-9479-d2035163dbe2:c6819, 69c25b61-d669-4f17-b36d-41bca3df1f31:c6817, d2a7b1fa-fac6-4c6f-8c6d-9ac7414c70c3:c6817]
2019-07-14 04:24:16,200 INFO  client.GrpcClientProtocolClient (GrpcClientProtocolClient.java:onNext(255)) - client-8DB4338F17D0->b5da6a4a-1459-46a4-9479-d2035163dbe2: receive RaftClientReply:client-8DB4338F17D0->b5da6a4a-1459-46a4-9479-d2035163dbe2@group-4A9565783204, cid=4465, SUCCESS, logIndex=6819, commits[b5da6a4a-1459-46a4-9479-d2035163dbe2:c6819, 69c25b61-d669-4f17-b36d-41bca3df1f31:c6817, d2a7b1fa-fac6-4c6f-8c6d-9ac7414c70c3:c6817]
2019-07-14 04:24:16,209 INFO  client.GrpcClientProtocolClient (GrpcClientProtocolClient.java:onNext(255)) - client-8DB4338F17D0->b5da6a4a-1459-46a4-9479-d2035163dbe2: receive RaftClientReply:client-8DB4338F17D0->b5da6a4a-1459-46a4-9479-d2035163dbe2@group-4A9565783204, cid=4466, SUCCESS, logIndex=6822, commits[b5da6a4a-1459-46a4-9479-d2035163dbe2:c6823, 69c25b61-d669-4f17-b36d-41bca3df1f31:c6819, d2a7b1fa-fac6-4c6f-8c6d-9ac7414c70c3:c6821]
2019-07-14 04:24:16,210 INFO  client.GrpcClientProtocolClient (GrpcClientProtocolClient.java:onNext(255)) - client-8DB4338F17D0->b5da6a4a-1459-46a4-9479-d2035163dbe2: receive RaftClientReply:client-8DB4338F17D0->b5da6a4a-1459-46a4-9479-d2035163dbe2@group-4A9565783204, cid=4467, SUCCESS, logIndex=6823, commits[b5da6a4a-1459-46a4-9479-d2035163dbe2:c6823, 69c25b61-d669-4f17-b36d-41bca3df1f31:c6821, d2a7b1fa-fac6-4c6f-8c6d-9ac7414c70c3:c6821]
2019-07-14 04:24:16,212 INFO  client.GrpcClientProtocolClient (GrpcClientProtocolClient.java:onNext(255)) - client-8DB4338F17D0->b5da6a4a-1459-46a4-9479-d2035163dbe2: receive RaftClientReply:client-8DB4338F17D0->b5da6a4a-1459-46a4-9479-d2035163dbe2@group-4A9565783204, cid=4468, SUCCESS, logIndex=0, commits[b5da6a4a-1459-46a4-9479-d2035163dbe2:c6825, 69c25b61-d669-4f17-b36d-41bca3df1f31:c6823, d2a7b1fa-fac6-4c6f-8c6d-9ac7414c70c3:c6823]
2019-07-14 04:24:16,233 INFO  client.GrpcClientProtocolClient (GrpcClientProtocolClient.java:onNext(255)) - client-8DB4338F17D0->b5da6a4a-1459-46a4-9479-d2035163dbe2: receive RaftClientReply:client-8DB4338F17D0->b5da6a4a-1459-46a4-9479-d2035163dbe2@group-4A9565783204, cid=4469, SUCCESS, logIndex=6826, commits[b5da6a4a-1459-46a4-9479-d2035163dbe2:c6827, 69c25b61-d669-4f17-b36d-41bca3df1f31:c6823, d2a7b1fa-fac6-4c6f-8c6d-9ac7414c70c3:c6825]
2019-07-14 04:24:16,234 INFO  client.GrpcClientProtocolClient (GrpcClientProtocolClient.java:onNext(255)) - client-8DB4338F17D0->b5da6a4a-1459-46a4-9479-d2035163dbe2: receive RaftClientReply:client-8DB4338F17D0->b5da6a4a-1459-46a4-9479-d2035163dbe2@group-4A9565783204, cid=4470, SUCCESS, logIndex=6827, commits[b5da6a4a-1459-46a4-9479-d2035163dbe2:c6827, 69c25b61-d669-4f17-b36d-41bca3df1f31:c6823, d2a7b1fa-fac6-4c6f-8c6d-9ac7414c70c3:c6825]
2019-07-14 04:24:16,236 INFO  client.GrpcClientProtocolClient (GrpcClientProtocolClient.java:onNext(255)) - client-8DB4338F17D0->b5da6a4a-1459-46a4-9479-d2035163dbe2: receive RaftClientReply:client-8DB4338F17D0->b5da6a4a-1459-46a4-9479-d2035163dbe2@group-4A9565783204, cid=4471, SUCCESS, logIndex=6828, commits[b5da6a4a-1459-46a4-9479-d2035163dbe2:c6828, 69c25b61-d669-4f17-b36d-41bca3df1f31:c6825, d2a7b1fa-fac6-4c6f-8c6d-9ac7414c70c3:c6825]
2019-07-14 04:24:16,236 INFO  client.GrpcClientProtocolClient (GrpcClientProtocolClient.java:onNext(255)) - client-8DB4338F17D0->b5da6a4a-1459-46a4-9479-d2035163dbe2: receive RaftClientReply:client-8DB4338F17D0->b5da6a4a-1459-46a4-9479-d2035163dbe2@group-4A9565783204, cid=4472, SUCCESS, logIndex=6829, commits[b5da6a4a-1459-46a4-9479-d2035163dbe2:c6831, 69c25b61-d669-4f17-b36d-41bca3df1f31:c6825, d2a7b1fa-fac6-4c6f-8c6d-9ac7414c70c3:c6827]
2019-07-14 04:24:16,237 INFO  client.GrpcClientProtocolClient (GrpcClientProtocolClient.java:onNext(255)) - client-8DB4338F17D0->b5da6a4a-1459-46a4-9479-d2035163dbe2: receive RaftClientReply:client-8DB4338F17D0->b5da6a4a-1459-46a4-9479-d2035163dbe2@group-4A9565783204, cid=4473, SUCCESS, logIndex=0, commits[b5da6a4a-1459-46a4-9479-d2035163dbe2:c6831, 69c25b61-d669-4f17-b36d-41bca3df1f31:c6827, d2a7b1fa-fac6-4c6f-8c6d-9ac7414c70c3:c6827]
2019-07-14 04:24:16,256 INFO  client.GrpcClientProtocolClient (GrpcClientProtocolClient.java:onNext(255)) - client-8DB4338F17D0->b5da6a4a-1459-46a4-9479-d2035163dbe2: receive RaftClientReply:client-8DB4338F17D0->b5da6a4a-1459-46a4-9479-d2035163dbe2@group-4A9565783204, cid=4474, SUCCESS, logIndex=6834, commits[b5da6a4a-1459-46a4-9479-d2035163dbe2:c6835, 69c25b61-d669-4f17-b36d-41bca3df1f31:c6829, d2a7b1fa-fac6-4c6f-8c6d-9ac7414c70c3:c6833]
2019-07-14 04:24:16,256 INFO  client.GrpcClientProtocolClient (GrpcClientProtocolClient.java:onNext(255)) - client-8DB4338F17D0->b5da6a4a-1459-46a4-9479-d2035163dbe2: receive RaftClientReply:client-8DB4338F17D0->b5da6a4a-1459-46a4-9479-d2035163dbe2@group-4A9565783204, cid=4475, SUCCESS, logIndex=6835, commits[b5da6a4a-1459-46a4-9479-d2035163dbe2:c6835, 69c25b61-d669-4f17-b36d-41bca3df1f31:c6829, d2a7b1fa-fac6-4c6f-8c6d-9ac7414c70c3:c6833]
 0.00% |█                                                                                                    |  0/1 Time: 0:00:412019-07-14 04:24:16,276 INFO  client.GrpcClientProtocolClient (GrpcClientProtocolClient.java:onNext(255)) - client-8DB4338F17D0->b5da6a4a-1459-46a4-9479-d2035163dbe2: receive RaftClientReply:client-8DB4338F17D0->b5da6a4a-1459-46a4-9479-d2035163dbe2@group-4A9565783204, cid=4476, SUCCESS, logIndex=6838, commits[b5da6a4a-1459-46a4-9479-d2035163dbe2:c6839, 69c25b61-d669-4f17-b36d-41bca3df1f31:c6836, d2a7b1fa-fac6-4c6f-8c6d-9ac7414c70c3:c6836]
2019-07-14 04:24:16,276 INFO  client.GrpcClientProtocolClient (GrpcClientProtocolClient.java:onNext(255)) - client-8DB4338F17D0->b5da6a4a-1459-46a4-9479-d2035163dbe2: receive RaftClientReply:client-8DB4338F17D0->b5da6a4a-1459-46a4-9479-d2035163dbe2@group-4A9565783204, cid=4477, SUCCESS, logIndex=6839, commits[b5da6a4a-1459-46a4-9479-d2035163dbe2:c6839, 69c25b61-d669-4f17-b36d-41bca3df1f31:c6836, d2a7b1fa-fac6-4c6f-8c6d-9ac7414c70c3:c6836]
2019-07-14 04:24:16,285 INFO  client.GrpcClientProtocolClient (GrpcClientProtocolClient.java:onNext(255)) - client-8DB4338F17D0->b5da6a4a-1459-46a4-9479-d2035163dbe2: receive RaftClientReply:client-8DB4338F17D0->b5da6a4a-1459-46a4-9479-d2035163dbe2@group-4A9565783204, cid=4478, SUCCESS, logIndex=0, commits[b5da6a4a-1459-46a4-9479-d2035163dbe2:c6840, 69c25b61-d669-4f17-b36d-41bca3df1f31:c6839, d2a7b1fa-fac6-4c6f-8c6d-9ac7414c70c3:c6839]
2019-07-14 04:24:16,309 INFO  client.GrpcClientProtocolClient (GrpcClientProtocolClient.java:onNext(255)) - client-8DB4338F17D0->b5da6a4a-1459-46a4-9479-d2035163dbe2: receive RaftClientReply:client-8DB4338F17D0->b5da6a4a-1459-46a4-9479-d2035163dbe2@group-4A9565783204, cid=4479, SUCCESS, logIndex=6842, commits[b5da6a4a-1459-46a4-9479-d2035163dbe2:c6843, 69c25b61-d669-4f17-b36d-41bca3df1f31:c6841, d2a7b1fa-fac6-4c6f-8c6d-9ac7414c70c3:c6839]
2019-07-14 04:24:16,309 INFO  client.GrpcClientProtocolClient (GrpcClientProtocolClient.java:onNext(255)) - client-8DB4338F17D0->b5da6a4a-1459-46a4-9479-d2035163dbe2: receive RaftClientReply:client-8DB4338F17D0->b5da6a4a-1459-46a4-9479-d2035163dbe2@group-4A9565783204, cid=4480, SUCCESS, logIndex=6843, commits[b5da6a4a-1459-46a4-9479-d2035163dbe2:c6843, 69c25b61-d669-4f17-b36d-41bca3df1f31:c6841, d2a7b1fa-fac6-4c6f-8c6d-9ac7414c70c3:c6841]
2019-07-14 04:24:16,310 INFO  client.GrpcClientProtocolClient (GrpcClientProtocolClient.java:onNext(255)) - client-8DB4338F17D0->b5da6a4a-1459-46a4-9479-d2035163dbe2: receive RaftClientReply:client-8DB4338F17D0->b5da6a4a-1459-46a4-9479-d2035163dbe2@group-4A9565783204, cid=4481, SUCCESS, logIndex=6844, commits[b5da6a4a-1459-46a4-9479-d2035163dbe2:c6846, 69c25b61-d669-4f17-b36d-41bca3df1f31:c6841, d2a7b1fa-fac6-4c6f-8c6d-9ac7414c70c3:c6843]
2019-07-14 04:24:16,311 INFO  client.GrpcClientProtocolClient (GrpcClientProtocolClient.java:onNext(255)) - client-8DB4338F17D0->b5da6a4a-1459-46a4-9479-d2035163dbe2: receive RaftClientReply:client-8DB4338F17D0->b5da6a4a-1459-46a4-9479-d2035163dbe2@group-4A9565783204, cid=4482, SUCCESS, logIndex=6845, commits[b5da6a4a-1459-46a4-9479-d2035163dbe2:c6846, 69c25b61-d669-4f17-b36d-41bca3df1f31:c6841, d2a7b1fa-fac6-4c6f-8c6d-9ac7414c70c3:c6843]
2019-07-14 04:24:16,312 INFO  client.GrpcClientProtocolClient (GrpcClientProtocolClient.java:onNext(255)) - client-8DB4338F17D0->b5da6a4a-1459-46a4-9479-d2035163dbe2: receive RaftClientReply:client-8DB4338F17D0->b5da6a4a-1459-46a4-9479-d2035163dbe2@group-4A9565783204, cid=4483, SUCCESS, logIndex=0, commits[b5da6a4a-1459-46a4-9479-d2035163dbe2:c6847, 69c25b61-d669-4f17-b36d-41bca3df1f31:c6843, d2a7b1fa-fac6-4c6f-8c6d-9ac7414c70c3:c6843]
2019-07-14 04:24:16,324 INFO  client.GrpcClientProtocolClient (GrpcClientProtocolClient.java:onNext(255)) - client-8DB4338F17D0->b5da6a4a-1459-46a4-9479-d2035163dbe2: receive RaftClientReply:client-8DB4338F17D0->b5da6a4a-1459-46a4-9479-d2035163dbe2@group-4A9565783204, cid=4484, SUCCESS, logIndex=6850, commits[b5da6a4a-1459-46a4-9479-d2035163dbe2:c6851, 69c25b61-d669-4f17-b36d-41bca3df1f31:c6849, d2a7b1fa-fac6-4c6f-8c6d-9ac7414c70c3:c6845]
2019-07-14 04:24:16,324 INFO  client.GrpcClientProtocolClient (GrpcClientProtocolClient.java:onNext(255)) - client-8DB4338F17D0->b5da6a4a-1459-46a4-9479-d2035163dbe2: receive RaftClientReply:client-8DB4338F17D0->b5da6a4a-1459-46a4-9479-d2035163dbe2@group-4A9565783204, cid=4485, SUCCESS, logIndex=6851, commits[b5da6a4a-1459-46a4-9479-d2035163dbe2:c6851, 69c25b61-d669-4f17-b36d-41bca3df1f31:c6849, d2a7b1fa-fac6-4c6f-8c6d-9ac7414c70c3:c6849]
2019-07-14 04:24:16,335 INFO  client.GrpcClientProtocolClient (GrpcClientProtocolClient.java:onNext(255)) - client-8DB4338F17D0->b5da6a4a-1459-46a4-9479-d2035163dbe2: receive RaftClientReply:client-8DB4338F17D0->b5da6a4a-1459-46a4-9479-d2035163dbe2@group-4A9565783204, cid=4486, SUCCESS, logIndex=6854, commits[b5da6a4a-1459-46a4-9479-d2035163dbe2:c6855, 69c25b61-d669-4f17-b36d-41bca3df1f31:c6853, d2a7b1fa-fac6-4c6f-8c6d-9ac7414c70c3:c6851]
2019-07-14 04:24:16,335 INFO  client.GrpcClientProtocolClient (GrpcClientProtocolClient.java:onNext(255)) - client-8DB4338F17D0->b5da6a4a-1459-46a4-9479-d2035163dbe2: receive RaftClientReply:client-8DB4338F17D0->b5da6a4a-1459-46a4-9479-d2035163dbe2@group-4A9565783204, cid=4487, SUCCESS, logIndex=6855, commits[b5da6a4a-1459-46a4-9479-d2035163dbe2:c6855, 69c25b61-d669-4f17-b36d-41bca3df1f31:c6853, d2a7b1fa-fac6-4c6f-8c6d-9ac7414c70c3:c6853]
2019-07-14 04:24:16,338 INFO  client.GrpcClientProtocolClient (GrpcClientProtocolClient.java:onNext(255)) - client-8DB4338F17D0->b5da6a4a-1459-46a4-9479-d2035163dbe2: receive RaftClientReply:client-8DB4338F17D0->b5da6a4a-1459-46a4-9479-d2035163dbe2@group-4A9565783204, cid=4488, SUCCESS, logIndex=0, commits[b5da6a4a-1459-46a4-9479-d2035163dbe2:c6856, 69c25b61-d669-4f17-b36d-41bca3df1f31:c6855, d2a7b1fa-fac6-4c6f-8c6d-9ac7414c70c3:c6855]
2019-07-14 04:24:16,367 INFO  client.GrpcClientProtocolClient (GrpcClientProtocolClient.java:onNext(255)) - client-8DB4338F17D0->b5da6a4a-1459-46a4-9479-d2035163dbe2: receive RaftClientReply:client-8DB4338F17D0->b5da6a4a-1459-46a4-9479-d2035163dbe2@group-4A9565783204, cid=4489, SUCCESS, logIndex=6858, commits[b5da6a4a-1459-46a4-9479-d2035163dbe2:c6859, 69c25b61-d669-4f17-b36d-41bca3df1f31:c6857, d2a7b1fa-fac6-4c6f-8c6d-9ac7414c70c3:c6857]
2019-07-14 04:24:16,368 INFO  client.GrpcClientProtocolClient (GrpcClientProtocolClient.java:onNext(255)) - client-8DB4338F17D0->b5da6a4a-1459-46a4-9479-d2035163dbe2: receive RaftClientReply:client-8DB4338F17D0->b5da6a4a-1459-46a4-9479-d2035163dbe2@group-4A9565783204, cid=4490, SUCCESS, logIndex=6859, commits[b5da6a4a-1459-46a4-9479-d2035163dbe2:c6859, 69c25b61-d669-4f17-b36d-41bca3df1f31:c6857, d2a7b1fa-fac6-4c6f-8c6d-9ac7414c70c3:c6857]
2019-07-14 04:24:16,368 INFO  client.GrpcClientProtocolClient (GrpcClientProtocolClient.java:onNext(255)) - client-8DB4338F17D0->b5da6a4a-1459-46a4-9479-d2035163dbe2: receive RaftClientReply:client-8DB4338F17D0->b5da6a4a-1459-46a4-9479-d2035163dbe2@group-4A9565783204, cid=4491, SUCCESS, logIndex=6860, commits[b5da6a4a-1459-46a4-9479-d2035163dbe2:c6861, 69c25b61-d669-4f17-b36d-41bca3df1f31:c6857, d2a7b1fa-fac6-4c6f-8c6d-9ac7414c70c3:c6857]
2019-07-14 04:24:16,368 INFO  client.GrpcClientProtocolClient (GrpcClientProtocolClient.java:onNext(255)) - client-8DB4338F17D0->b5da6a4a-1459-46a4-9479-d2035163dbe2: receive RaftClientReply:client-8DB4338F17D0->b5da6a4a-1459-46a4-9479-d2035163dbe2@group-4A9565783204, cid=4492, SUCCESS, logIndex=6861, commits[b5da6a4a-1459-46a4-9479-d2035163dbe2:c6861, 69c25b61-d669-4f17-b36d-41bca3df1f31:c6857, d2a7b1fa-fac6-4c6f-8c6d-9ac7414c70c3:c6857]
2019-07-14 04:24:16,371 INFO  client.GrpcClientProtocolClient (GrpcClientProtocolClient.java:onNext(255)) - client-8DB4338F17D0->b5da6a4a-1459-46a4-9479-d2035163dbe2: receive RaftClientReply:client-8DB4338F17D0->b5da6a4a-1459-46a4-9479-d2035163dbe2@group-4A9565783204, cid=4493, SUCCESS, logIndex=0, commits[b5da6a4a-1459-46a4-9479-d2035163dbe2:c6863, 69c25b61-d669-4f17-b36d-41bca3df1f31:c6859, d2a7b1fa-fac6-4c6f-8c6d-9ac7414c70c3:c6859]
2019-07-14 04:24:16,390 INFO  client.GrpcClientProtocolClient (GrpcClientProtocolClient.java:onNext(255)) - client-8DB4338F17D0->b5da6a4a-1459-46a4-9479-d2035163dbe2: receive RaftClientReply:client-8DB4338F17D0->b5da6a4a-1459-46a4-9479-d2035163dbe2@group-4A9565783204, cid=4494, SUCCESS, logIndex=6866, commits[b5da6a4a-1459-46a4-9479-d2035163dbe2:c6867, 69c25b61-d669-4f17-b36d-41bca3df1f31:c6865, d2a7b1fa-fac6-4c6f-8c6d-9ac7414c70c3:c6865]
2019-07-14 04:24:16,390 INFO  client.GrpcClientProtocolClient (GrpcClientProtocolClient.java:onNext(255)) - client-8DB4338F17D0->b5da6a4a-1459-46a4-9479-d2035163dbe2: receive RaftClientReply:client-8DB4338F17D0->b5da6a4a-1459-46a4-9479-d2035163dbe2@group-4A9565783204, cid=4495, SUCCESS, logIndex=6867, commits[b5da6a4a-1459-46a4-9479-d2035163dbe2:c6867, 69c25b61-d669-4f17-b36d-41bca3df1f31:c6865, d2a7b1fa-fac6-4c6f-8c6d-9ac7414c70c3:c6865]
2019-07-14 04:24:16,402 INFO  client.GrpcClientProtocolClient (GrpcClientProtocolClient.java:onNext(255)) - client-8DB4338F17D0->b5da6a4a-1459-46a4-9479-d2035163dbe2: receive RaftClientReply:client-8DB4338F17D0->b5da6a4a-1459-46a4-9479-d2035163dbe2@group-4A9565783204, cid=4496, SUCCESS, logIndex=6870, commits[b5da6a4a-1459-46a4-9479-d2035163dbe2:c6870, 69c25b61-d669-4f17-b36d-41bca3df1f31:c6867, d2a7b1fa-fac6-4c6f-8c6d-9ac7414c70c3:c6867]
2019-07-14 04:24:16,402 INFO  client.GrpcClientProtocolClient (GrpcClientProtocolClient.java:onNext(255)) - client-8DB4338F17D0->b5da6a4a-1459-46a4-9479-d2035163dbe2: receive RaftClientReply:client-8DB4338F17D0->b5da6a4a-1459-46a4-9479-d2035163dbe2@group-4A9565783204, cid=4497, SUCCESS, logIndex=6871, commits[b5da6a4a-1459-46a4-9479-d2035163dbe2:c6871, 69c25b61-d669-4f17-b36d-41bca3df1f31:c6867, d2a7b1fa-fac6-4c6f-8c6d-9ac7414c70c3:c6867]
2019-07-14 04:24:16,414 INFO  client.GrpcClientProtocolClient (GrpcClientProtocolClient.java:onNext(255)) - client-8DB4338F17D0->b5da6a4a-1459-46a4-9479-d2035163dbe2: receive RaftClientReply:client-8DB4338F17D0->b5da6a4a-1459-46a4-9479-d2035163dbe2@group-4A9565783204, cid=4498, SUCCESS, logIndex=0, commits[b5da6a4a-1459-46a4-9479-d2035163dbe2:c6872, 69c25b61-d669-4f17-b36d-41bca3df1f31:c6871, d2a7b1fa-fac6-4c6f-8c6d-9ac7414c70c3:c6871]
2019-07-14 04:24:16,567 INFO  client.GrpcClientProtocolClient (GrpcClientProtocolClient.java:onNext(255)) - client-8DB4338F17D0->b5da6a4a-1459-46a4-9479-d2035163dbe2: receive RaftClientReply:client-8DB4338F17D0->b5da6a4a-1459-46a4-9479-d2035163dbe2@group-4A9565783204, cid=4499, SUCCESS, logIndex=6874, commits[b5da6a4a-1459-46a4-9479-d2035163dbe2:c6875, 69c25b61-d669-4f17-b36d-41bca3df1f31:c6873, d2a7b1fa-fac6-4c6f-8c6d-9ac7414c70c3:c6873]
2019-07-14 04:24:16,568 INFO  client.GrpcClientProtocolClient (GrpcClientProtocolClient.java:onNext(255)) - client-8DB4338F17D0->b5da6a4a-1459-46a4-9479-d2035163dbe2: receive RaftClientReply:client-8DB4338F17D0->b5da6a4a-1459-46a4-9479-d2035163dbe2@group-4A9565783204, cid=4500, SUCCESS, logIndex=6875, commits[b5da6a4a-1459-46a4-9479-d2035163dbe2:c6877, 69c25b61-d669-4f17-b36d-41bca3df1f31:c6873, d2a7b1fa-fac6-4c6f-8c6d-9ac7414c70c3:c6873]
2019-07-14 04:24:16,568 INFO  client.GrpcClientProtocolClient (GrpcClientProtocolClient.java:onNext(255)) - client-8DB4338F17D0->b5da6a4a-1459-46a4-9479-d2035163dbe2: receive RaftClientReply:client-8DB4338F17D0->b5da6a4a-1459-46a4-9479-d2035163dbe2@group-4A9565783204, cid=4501, SUCCESS, logIndex=6876, commits[b5da6a4a-1459-46a4-9479-d2035163dbe2:c6877, 69c25b61-d669-4f17-b36d-41bca3df1f31:c6873, d2a7b1fa-fac6-4c6f-8c6d-9ac7414c70c3:c6873]
2019-07-14 04:24:16,569 INFO  client.GrpcClientProtocolClient (GrpcClientProtocolClient.java:onNext(255)) - client-8DB4338F17D0->b5da6a4a-1459-46a4-9479-d2035163dbe2: receive RaftClientReply:client-8DB4338F17D0->b5da6a4a-1459-46a4-9479-d2035163dbe2@group-4A9565783204, cid=4502, SUCCESS, logIndex=6877, commits[b5da6a4a-1459-46a4-9479-d2035163dbe2:c6877, 69c25b61-d669-4f17-b36d-41bca3df1f31:c6873, d2a7b1fa-fac6-4c6f-8c6d-9ac7414c70c3:c6873]
2019-07-14 04:24:16,834 INFO  client.GrpcClientProtocolClient (GrpcClientProtocolClient.java:onNext(255)) - client-8DB4338F17D0->b5da6a4a-1459-46a4-9479-d2035163dbe2: receive RaftClientReply:client-8DB4338F17D0->b5da6a4a-1459-46a4-9479-d2035163dbe2@group-4A9565783204, cid=4503, SUCCESS, logIndex=0, commits[b5da6a4a-1459-46a4-9479-d2035163dbe2:c6877, 69c25b61-d669-4f17-b36d-41bca3df1f31:c6875, d2a7b1fa-fac6-4c6f-8c6d-9ac7414c70c3:c6875]
 0.00% |█                                                                                                    |  0/1 Time: 0:00:42 0.00% |█                                                                                                    |  0/1 Time: 0:00:43 0.00% |█                                                                                                    |  0/1 Time: 0:00:442019-07-14 04:24:19,863 INFO  client.GrpcClientProtocolClient (GrpcClientProtocolClient.java:onNext(255)) - client-8DB4338F17D0->b5da6a4a-1459-46a4-9479-d2035163dbe2: receive RaftClientReply:client-8DB4338F17D0->b5da6a4a-1459-46a4-9479-d2035163dbe2@group-4A9565783204, cid=4504, SUCCESS, logIndex=6882, commits[b5da6a4a-1459-46a4-9479-d2035163dbe2:c6883, 69c25b61-d669-4f17-b36d-41bca3df1f31:c6881, d2a7b1fa-fac6-4c6f-8c6d-9ac7414c70c3:c6881]
2019-07-14 04:24:19,864 INFO  client.GrpcClientProtocolClient (GrpcClientProtocolClient.java:onNext(255)) - client-8DB4338F17D0->b5da6a4a-1459-46a4-9479-d2035163dbe2: receive RaftClientReply:client-8DB4338F17D0->b5da6a4a-1459-46a4-9479-d2035163dbe2@group-4A9565783204, cid=4505, SUCCESS, logIndex=6883, commits[b5da6a4a-1459-46a4-9479-d2035163dbe2:c6883, 69c25b61-d669-4f17-b36d-41bca3df1f31:c6881, d2a7b1fa-fac6-4c6f-8c6d-9ac7414c70c3:c6881]
 0.00% |█                                                                                                    |  0/1 Time: 0:00:45 0.00% |█                                                                                                    |  0/1 Time: 0:00:46 0.00% |█                                                                                                    |  0/1 Time: 0:00:472019-07-14 04:24:22,772 WARN  server.GrpcLogAppender (GrpcLogAppender.java:timeoutAppendRequest(200)) - GrpcLogAppender(b5da6a4a-1459-46a4-9479-d2035163dbe2->69c25b61-d669-4f17-b36d-41bca3df1f31): appendEntries Timeout, request=b5da6a4a-1459-46a4-9479-d2035163dbe2->69c25b61-d669-4f17-b36d-41bca3df1f31#6893-t2, previous=(t:2, i:6883), leaderCommit=6882, initializing? false, entries: size=1, first=(t:2, i:6884), METADATAENTRY(c6882)
2019-07-14 04:24:22,772 WARN  server.GrpcLogAppender (GrpcLogAppender.java:timeoutAppendRequest(200)) - GrpcLogAppender(b5da6a4a-1459-46a4-9479-d2035163dbe2->d2a7b1fa-fac6-4c6f-8c6d-9ac7414c70c3): appendEntries Timeout, request=b5da6a4a-1459-46a4-9479-d2035163dbe2->d2a7b1fa-fac6-4c6f-8c6d-9ac7414c70c3#6893-t2, previous=(t:2, i:6883), leaderCommit=6882, initializing? false, entries: size=1, first=(t:2, i:6884), METADATAENTRY(c6882)
2019-07-14 04:24:22,775 WARN  server.GrpcLogAppender (GrpcLogAppender.java:timeoutAppendRequest(200)) - GrpcLogAppender(b5da6a4a-1459-46a4-9479-d2035163dbe2->69c25b61-d669-4f17-b36d-41bca3df1f31): appendEntries Timeout, request=b5da6a4a-1459-46a4-9479-d2035163dbe2->69c25b61-d669-4f17-b36d-41bca3df1f31#6894-t2, previous=(t:2, i:6884), leaderCommit=6883, initializing? false, entries: size=1, first=(t:2, i:6885), METADATAENTRY(c6883)
2019-07-14 04:24:22,775 WARN  server.GrpcLogAppender (GrpcLogAppender.java:timeoutAppendRequest(200)) - GrpcLogAppender(b5da6a4a-1459-46a4-9479-d2035163dbe2->d2a7b1fa-fac6-4c6f-8c6d-9ac7414c70c3): appendEntries Timeout, request=b5da6a4a-1459-46a4-9479-d2035163dbe2->d2a7b1fa-fac6-4c6f-8c6d-9ac7414c70c3#6894-t2, previous=(t:2, i:6884), leaderCommit=6883, initializing? false, entries: size=1, first=(t:2, i:6885), METADATAENTRY(c6883)
 0.00% |█                                                                                                    |  0/1 Time: 0:00:48 0.00% |█                                                                                                    |  0/1 Time: 0:00:492019-07-14 04:24:24,507 WARN  server.GrpcLogAppender (GrpcLogAppender.java:onNextImpl(250)) - org.apache.ratis.grpc.server.GrpcLogAppender$AppendLogResponseHandler@6a1094b: Request not found, ignoring reply: b5da6a4a-1459-46a4-9479-d2035163dbe2<-69c25b61-d669-4f17-b36d-41bca3df1f31#6893:OK,SUCCESS,nextIndex:6885,term:2,followerCommit:6883
2019-07-14 04:24:24,508 WARN  server.GrpcLogAppender (GrpcLogAppender.java:onNextImpl(250)) - org.apache.ratis.grpc.server.GrpcLogAppender$AppendLogResponseHandler@726fffc2: Request not found, ignoring reply: b5da6a4a-1459-46a4-9479-d2035163dbe2<-d2a7b1fa-fac6-4c6f-8c6d-9ac7414c70c3#6893:OK,SUCCESS,nextIndex:6885,term:2,followerCommit:6883
2019-07-14 04:24:24,970 WARN  server.GrpcLogAppender (GrpcLogAppender.java:onNextImpl(250)) - org.apache.ratis.grpc.server.GrpcLogAppender$AppendLogResponseHandler@6a1094b: Request not found, ignoring reply: b5da6a4a-1459-46a4-9479-d2035163dbe2<-69c25b61-d669-4f17-b36d-41bca3df1f31#6894:OK,SUCCESS,nextIndex:6886,term:2,followerCommit:6883
2019-07-14 04:24:24,970 WARN  server.GrpcLogAppender (GrpcLogAppender.java:onNextImpl(250)) - org.apache.ratis.grpc.server.GrpcLogAppender$AppendLogResponseHandler@726fffc2: Request not found, ignoring reply: b5da6a4a-1459-46a4-9479-d2035163dbe2<-d2a7b1fa-fac6-4c6f-8c6d-9ac7414c70c3#6894:OK,SUCCESS,nextIndex:6886,term:2,followerCommit:6883
 0.00% |█                                                                                                    |  0/1 Time: 0:00:502019-07-14 04:24:25,935 INFO  client.GrpcClientProtocolClient (GrpcClientProtocolClient.java:onNext(255)) - client-8DB4338F17D0->69c25b61-d669-4f17-b36d-41bca3df1f31: receive RaftClientReply:client-8DB4338F17D0->69c25b61-d669-4f17-b36d-41bca3df1f31@group-4A9565783204, cid=4504, FAILED org.apache.ratis.protocol.NotLeaderException: Server 69c25b61-d669-4f17-b36d-41bca3df1f31 is not the leader (b5da6a4a-1459-46a4-9479-d2035163dbe2:192.168.5.136:45470). Request must be sent to leader., logIndex=0, commits[69c25b61-d669-4f17-b36d-41bca3df1f31:c6883, b5da6a4a-1459-46a4-9479-d2035163dbe2:c6883, d2a7b1fa-fac6-4c6f-8c6d-9ac7414c70c3:c6881]
2019-07-14 04:24:25,967 INFO  client.GrpcClientProtocolClient (GrpcClientProtocolClient.java:onNext(255)) - client-8DB4338F17D0->b5da6a4a-1459-46a4-9479-d2035163dbe2: receive RaftClientReply:client-8DB4338F17D0->b5da6a4a-1459-46a4-9479-d2035163dbe2@group-4A9565783204, cid=4504, SUCCESS, logIndex=6882, commits[b5da6a4a-1459-46a4-9479-d2035163dbe2:c6883, 69c25b61-d669-4f17-b36d-41bca3df1f31:c6881, d2a7b1fa-fac6-4c6f-8c6d-9ac7414c70c3:c6881]
2019-07-14 04:24:25,975 INFO  client.GrpcClientProtocolClient (GrpcClientProtocolClient.java:onNext(255)) - client-8DB4338F17D0->b5da6a4a-1459-46a4-9479-d2035163dbe2: receive RaftClientReply:client-8DB4338F17D0->b5da6a4a-1459-46a4-9479-d2035163dbe2@group-4A9565783204, cid=4505, SUCCESS, logIndex=6883, commits[b5da6a4a-1459-46a4-9479-d2035163dbe2:c6883, 69c25b61-d669-4f17-b36d-41bca3df1f31:c6881, d2a7b1fa-fac6-4c6f-8c6d-9ac7414c70c3:c6881]
 0.00% |█                                                                                                    |  0/1 Time: 0:00:512019-07-14 04:24:26,985 INFO  client.GrpcClientProtocolClient (GrpcClientProtocolClient.java:onNext(255)) - client-8DB4338F17D0->b5da6a4a-1459-46a4-9479-d2035163dbe2: receive RaftClientReply:client-8DB4338F17D0->b5da6a4a-1459-46a4-9479-d2035163dbe2@group-4A9565783204, cid=4506, SUCCESS, logIndex=6886, commits[b5da6a4a-1459-46a4-9479-d2035163dbe2:c6887, 69c25b61-d669-4f17-b36d-41bca3df1f31:c6885, d2a7b1fa-fac6-4c6f-8c6d-9ac7414c70c3:c6885]
2019-07-14 04:24:26,987 INFO  client.GrpcClientProtocolClient (GrpcClientProtocolClient.java:onNext(255)) - client-8DB4338F17D0->b5da6a4a-1459-46a4-9479-d2035163dbe2: receive RaftClientReply:client-8DB4338F17D0->b5da6a4a-1459-46a4-9479-d2035163dbe2@group-4A9565783204, cid=4507, SUCCESS, logIndex=6887, commits[b5da6a4a-1459-46a4-9479-d2035163dbe2:c6887, 69c25b61-d669-4f17-b36d-41bca3df1f31:c6885, d2a7b1fa-fac6-4c6f-8c6d-9ac7414c70c3:c6885]
 0.00% |█                                                                                                    |  0/1 Time: 0:00:52 0.00% |█                                                                                                    |  0/1 Time: 0:00:532019-07-14 04:24:28,597 INFO  client.GrpcClientProtocolClient (GrpcClientProtocolClient.java:onNext(255)) - client-8DB4338F17D0->b5da6a4a-1459-46a4-9479-d2035163dbe2: receive RaftClientReply:client-8DB4338F17D0->b5da6a4a-1459-46a4-9479-d2035163dbe2@group-4A9565783204, cid=4508, SUCCESS, logIndex=0, commits[b5da6a4a-1459-46a4-9479-d2035163dbe2:c6888, 69c25b61-d669-4f17-b36d-41bca3df1f31:c6887, d2a7b1fa-fac6-4c6f-8c6d-9ac7414c70c3:c6887]
2019-07-14 04:24:28,662 INFO  client.GrpcClientProtocolClient (GrpcClientProtocolClient.java:onNext(255)) - client-D708C0AC0C26->d2a7b1fa-fac6-4c6f-8c6d-9ac7414c70c3: receive RaftClientReply:client-D708C0AC0C26->d2a7b1fa-fac6-4c6f-8c6d-9ac7414c70c3@group-4A9565783204, cid=4509, FAILED org.apache.ratis.protocol.NotLeaderException: Server d2a7b1fa-fac6-4c6f-8c6d-9ac7414c70c3 is not the leader (b5da6a4a-1459-46a4-9479-d2035163dbe2:192.168.5.136:45470). Request must be sent to leader., logIndex=0, commits[d2a7b1fa-fac6-4c6f-8c6d-9ac7414c70c3:c6887, b5da6a4a-1459-46a4-9479-d2035163dbe2:c6887, 69c25b61-d669-4f17-b36d-41bca3df1f31:c6885]
 0.00% |█                                                                                                    |  0/1 Time: 0:00:54 0.00% |█                                                                                                    |  0/1 Time: 0:00:55 0.00% |█                                                                                                    |  0/1 Time: 0:00:562019-07-14 04:24:31,869 INFO  client.GrpcClientProtocolClient (GrpcClientProtocolClient.java:onNext(255)) - client-D708C0AC0C26->b5da6a4a-1459-46a4-9479-d2035163dbe2: receive RaftClientReply:client-D708C0AC0C26->b5da6a4a-1459-46a4-9479-d2035163dbe2@group-4A9565783204, cid=4509, SUCCESS, logIndex=6890, commits[b5da6a4a-1459-46a4-9479-d2035163dbe2:c6890, 69c25b61-d669-4f17-b36d-41bca3df1f31:c6889, d2a7b1fa-fac6-4c6f-8c6d-9ac7414c70c3:c6889]
 0.00% |█                                                                                                    |  0/1 Time: 0:00:57 0.00% |█                                                                                                    |  0/1 Time: 0:00:58 0.00% |█                                                                                                    |  0/1 Time: 0:00:59 0.00% |█                                                                                                    |  0/1 Time: 0:01:00 0.00% |█                                                                                                    |  0/1 Time: 0:01:01 0.00% |█                                                                                                    |  0/1 Time: 0:01:022019-07-14 04:24:37,711 INFO  client.GrpcClientProtocolClient (GrpcClientProtocolClient.java:onNext(255)) - client-D708C0AC0C26->d2a7b1fa-fac6-4c6f-8c6d-9ac7414c70c3: receive RaftClientReply:client-D708C0AC0C26->d2a7b1fa-fac6-4c6f-8c6d-9ac7414c70c3@group-4A9565783204, cid=4509, FAILED org.apache.ratis.protocol.NotLeaderException: Server d2a7b1fa-fac6-4c6f-8c6d-9ac7414c70c3 is not the leader (b5da6a4a-1459-46a4-9479-d2035163dbe2:192.168.5.136:45470). Request must be sent to leader., logIndex=0, commits[d2a7b1fa-fac6-4c6f-8c6d-9ac7414c70c3:c6891, b5da6a4a-1459-46a4-9479-d2035163dbe2:c6891, 69c25b61-d669-4f17-b36d-41bca3df1f31:c6891]
2019-07-14 04:24:37,732 INFO  client.GrpcClientProtocolClient (GrpcClientProtocolClient.java:onNext(255)) - client-D708C0AC0C26->b5da6a4a-1459-46a4-9479-d2035163dbe2: receive RaftClientReply:client-D708C0AC0C26->b5da6a4a-1459-46a4-9479-d2035163dbe2@group-4A9565783204, cid=4509, SUCCESS, logIndex=6890, commits[b5da6a4a-1459-46a4-9479-d2035163dbe2:c6890, 69c25b61-d669-4f17-b36d-41bca3df1f31:c6889, d2a7b1fa-fac6-4c6f-8c6d-9ac7414c70c3:c6889]
2019-07-14 04:24:38,258 INFO  client.GrpcClientProtocolClient (GrpcClientProtocolClient.java:onNext(255)) - client-D708C0AC0C26->b5da6a4a-1459-46a4-9479-d2035163dbe2: receive RaftClientReply:client-D708C0AC0C26->b5da6a4a-1459-46a4-9479-d2035163dbe2@group-4A9565783204, cid=4510, SUCCESS, logIndex=6892, commits[b5da6a4a-1459-46a4-9479-d2035163dbe2:c6892, 69c25b61-d669-4f17-b36d-41bca3df1f31:c6891, d2a7b1fa-fac6-4c6f-8c6d-9ac7414c70c3:c6891]
 0.00% |█                                                                                                    |  0/1 Time: 0:01:03 0.00% |█                                                                                                    |  0/1 Time: 0:01:04 0.00% |█                                                                                                    |  0/1 Time: 0:01:052019-07-14 04:24:40,642 INFO  client.GrpcClientProtocolClient (GrpcClientProtocolClient.java:onNext(255)) - client-D708C0AC0C26->b5da6a4a-1459-46a4-9479-d2035163dbe2: receive RaftClientReply:client-D708C0AC0C26->b5da6a4a-1459-46a4-9479-d2035163dbe2@group-4A9565783204, cid=4511, SUCCESS, logIndex=6893, commits[b5da6a4a-1459-46a4-9479-d2035163dbe2:c6894, 69c25b61-d669-4f17-b36d-41bca3df1f31:c6891, d2a7b1fa-fac6-4c6f-8c6d-9ac7414c70c3:c6891]
2019-07-14 04:24:40,642 INFO  client.GrpcClientProtocolClient (GrpcClientProtocolClient.java:onNext(255)) - client-D708C0AC0C26->b5da6a4a-1459-46a4-9479-d2035163dbe2: receive RaftClientReply:client-D708C0AC0C26->b5da6a4a-1459-46a4-9479-d2035163dbe2@group-4A9565783204, cid=4512, SUCCESS, logIndex=6894, commits[b5da6a4a-1459-46a4-9479-d2035163dbe2:c6894, 69c25b61-d669-4f17-b36d-41bca3df1f31:c6891, d2a7b1fa-fac6-4c6f-8c6d-9ac7414c70c3:c6891]
2019-07-14 04:24:41,254 WARN  server.GrpcLogAppender (GrpcLogAppender.java:timeoutAppendRequest(200)) - GrpcLogAppender(b5da6a4a-1459-46a4-9479-d2035163dbe2->69c25b61-d669-4f17-b36d-41bca3df1f31): appendEntries Timeout, request=b5da6a4a-1459-46a4-9479-d2035163dbe2->69c25b61-d669-4f17-b36d-41bca3df1f31#6908-t2, previous=(t:2, i:6894), leaderCommit=6891, initializing? false, entries: size=1, first=(t:2, i:6895), METADATAENTRY(c6892)
 0.00% |█                                                                                                    |  0/1 Time: 0:01:062019-07-14 04:24:41,793 WARN  server.GrpcLogAppender (GrpcLogAppender.java:onNextImpl(250)) - org.apache.ratis.grpc.server.GrpcLogAppender$AppendLogResponseHandler@6a1094b: Request not found, ignoring reply: b5da6a4a-1459-46a4-9479-d2035163dbe2<-69c25b61-d669-4f17-b36d-41bca3df1f31#6908:OK,SUCCESS,nextIndex:6896,term:2,followerCommit:6891
 0.00% |█                                                                                                    |  0/1 Time: 0:01:07 0.00% |█                                                                                                    |  0/1 Time: 0:01:082019-07-14 04:24:43,640 WARN  server.GrpcLogAppender (GrpcLogAppender.java:timeoutAppendRequest(200)) - GrpcLogAppender(b5da6a4a-1459-46a4-9479-d2035163dbe2->69c25b61-d669-4f17-b36d-41bca3df1f31): appendEntries Timeout, request=b5da6a4a-1459-46a4-9479-d2035163dbe2->69c25b61-d669-4f17-b36d-41bca3df1f31#6909-t2, previous=(t:2, i:6895), leaderCommit=6894, initializing? false, entries: size=1, first=(t:2, i:6896), METADATAENTRY(c6893)
2019-07-14 04:24:43,640 WARN  server.GrpcLogAppender (GrpcLogAppender.java:timeoutAppendRequest(200)) - GrpcLogAppender(b5da6a4a-1459-46a4-9479-d2035163dbe2->69c25b61-d669-4f17-b36d-41bca3df1f31): appendEntries Timeout, request=b5da6a4a-1459-46a4-9479-d2035163dbe2->69c25b61-d669-4f17-b36d-41bca3df1f31#6910-t2, previous=(t:2, i:6896), leaderCommit=6894, initializing? false, entries: size=1, first=(t:2, i:6897), METADATAENTRY(c6894)
2019-07-14 04:24:44,189 WARN  server.GrpcLogAppender (GrpcLogAppender.java:onNextImpl(250)) - org.apache.ratis.grpc.server.GrpcLogAppender$AppendLogResponseHandler@6a1094b: Request not found, ignoring reply: b5da6a4a-1459-46a4-9479-d2035163dbe2<-69c25b61-d669-4f17-b36d-41bca3df1f31#6909:OK,SUCCESS,nextIndex:6897,term:2,followerCommit:6894
2019-07-14 04:24:44,189 WARN  server.GrpcLogAppender (GrpcLogAppender.java:onNextImpl(250)) - org.apache.ratis.grpc.server.GrpcLogAppender$AppendLogResponseHandler@6a1094b: Request not found, ignoring reply: b5da6a4a-1459-46a4-9479-d2035163dbe2<-69c25b61-d669-4f17-b36d-41bca3df1f31#6910:OK,SUCCESS,nextIndex:6898,term:2,followerCommit:6894
 0.00% |█                                                                                                    |  0/1 Time: 0:01:09 0.00% |█                                                                                                    |  0/1 Time: 0:01:102019-07-14 04:24:45,645 WARN  scm.XceiverClientRatis (XceiverClientRatis.java:watchForCommit(262)) - 3 way commit failed on pipeline Pipeline[ Id: 94a3dfcd-3a6e-4cc8-807f-4a9565783204, Nodes: d2a7b1fa-fac6-4c6f-8c6d-9ac7414c70c3{ip: 192.168.5.136, host: trunk-nightly-6h29n-774768453, networkLocation: /default-rack, certSerialId: null}69c25b61-d669-4f17-b36d-41bca3df1f31{ip: 192.168.5.136, host: trunk-nightly-6h29n-774768453, networkLocation: /default-rack, certSerialId: null}b5da6a4a-1459-46a4-9479-d2035163dbe2{ip: 192.168.5.136, host: trunk-nightly-6h29n-774768453, networkLocation: /default-rack, certSerialId: null}, Type:RATIS, Factor:THREE, State:OPEN]
java.util.concurrent.TimeoutException
	at java.util.concurrent.CompletableFuture.timedGet(CompletableFuture.java:1771)
	at java.util.concurrent.CompletableFuture.get(CompletableFuture.java:1915)
	at org.apache.hadoop.hdds.scm.XceiverClientRatis.watchForCommit(XceiverClientRatis.java:259)
	at org.apache.hadoop.hdds.scm.storage.CommitWatcher.watchForCommit(CommitWatcher.java:194)
	at org.apache.hadoop.hdds.scm.storage.CommitWatcher.watchOnFirstIndex(CommitWatcher.java:135)
	at org.apache.hadoop.hdds.scm.storage.BlockOutputStream.watchForCommit(BlockOutputStream.java:355)
	at org.apache.hadoop.hdds.scm.storage.BlockOutputStream.handleFullBuffer(BlockOutputStream.java:332)
	at org.apache.hadoop.hdds.scm.storage.BlockOutputStream.write(BlockOutputStream.java:259)
	at org.apache.hadoop.ozone.client.io.BlockOutputStreamEntry.write(BlockOutputStreamEntry.java:129)
	at org.apache.hadoop.ozone.client.io.KeyOutputStream.handleWrite(KeyOutputStream.java:211)
	at org.apache.hadoop.ozone.client.io.KeyOutputStream.write(KeyOutputStream.java:193)
	at org.apache.hadoop.ozone.client.io.OzoneOutputStream.write(OzoneOutputStream.java:49)
	at org.apache.hadoop.ozone.freon.RandomKeyGenerator$KeyProcessor.run(RandomKeyGenerator.java:693)
	at java.util.concurrent.Executors$RunnableAdapter.call(Executors.java:511)
	at java.util.concurrent.FutureTask.run(FutureTask.java:266)
	at java.util.concurrent.ThreadPoolExecutor.runWorker(ThreadPoolExecutor.java:1149)
	at java.util.concurrent.ThreadPoolExecutor$Worker.run(ThreadPoolExecutor.java:624)
	at java.lang.Thread.run(Thread.java:748)
2019-07-14 04:24:45,652 INFO  client.GrpcClientProtocolClient (GrpcClientProtocolClient.java:onNext(255)) - client-D708C0AC0C26->b5da6a4a-1459-46a4-9479-d2035163dbe2: receive RaftClientReply:client-D708C0AC0C26->b5da6a4a-1459-46a4-9479-d2035163dbe2@group-4A9565783204, cid=4514, SUCCESS, logIndex=0, commits[b5da6a4a-1459-46a4-9479-d2035163dbe2:c6897, 69c25b61-d669-4f17-b36d-41bca3df1f31:c6891, d2a7b1fa-fac6-4c6f-8c6d-9ac7414c70c3:c6897]
2019-07-14 04:24:45,655 INFO  scm.XceiverClientRatis (XceiverClientRatis.java:lambda$watchForCommit$7(280)) - Could not commit index 6892 on pipeline Pipeline[ Id: 94a3dfcd-3a6e-4cc8-807f-4a9565783204, Nodes: d2a7b1fa-fac6-4c6f-8c6d-9ac7414c70c3{ip: 192.168.5.136, host: trunk-nightly-6h29n-774768453, networkLocation: /default-rack, certSerialId: null}69c25b61-d669-4f17-b36d-41bca3df1f31{ip: 192.168.5.136, host: trunk-nightly-6h29n-774768453, networkLocation: /default-rack, certSerialId: null}b5da6a4a-1459-46a4-9479-d2035163dbe2{ip: 192.168.5.136, host: trunk-nightly-6h29n-774768453, networkLocation: /default-rack, certSerialId: null}, Type:RATIS, Factor:THREE, State:OPEN] to all the nodes. Server 69c25b61-d669-4f17-b36d-41bca3df1f31 has failed. Committed by majority.
2019-07-14 04:24:45,657 WARN  storage.BlockOutputStream (BlockOutputStream.java:watchForCommit(361)) - Failed to commit BlockId conID: 3 locID: 102437897412805403 bcsId: 6894 on Pipeline[ Id: 94a3dfcd-3a6e-4cc8-807f-4a9565783204, Nodes: d2a7b1fa-fac6-4c6f-8c6d-9ac7414c70c3{ip: 192.168.5.136, host: trunk-nightly-6h29n-774768453, networkLocation: /default-rack, certSerialId: null}69c25b61-d669-4f17-b36d-41bca3df1f31{ip: 192.168.5.136, host: trunk-nightly-6h29n-774768453, networkLocation: /default-rack, certSerialId: null}b5da6a4a-1459-46a4-9479-d2035163dbe2{ip: 192.168.5.136, host: trunk-nightly-6h29n-774768453, networkLocation: /default-rack, certSerialId: null}, Type:RATIS, Factor:THREE, State:OPEN]. Failed nodes: [69c25b61-d669-4f17-b36d-41bca3df1f31{ip: null, host: null, networkLocation: /default-rack, certSerialId: null}]
2019-07-14 04:24:45,658 ERROR freon.RandomKeyGenerator (RandomKeyGenerator.java:run(718)) - Exception while adding key: key-0-68715 in bucket: bucket-0-79557 of volume: vol-0-02195.
java.lang.UnsupportedOperationException
	at java.util.AbstractList.add(AbstractList.java:148)
	at java.util.AbstractList.add(AbstractList.java:108)
	at java.util.AbstractCollection.addAll(AbstractCollection.java:344)
	at org.apache.hadoop.hdds.scm.storage.BlockOutputStream.watchForCommit(BlockOutputStream.java:363)
	at org.apache.hadoop.hdds.scm.storage.BlockOutputStream.handleFullBuffer(BlockOutputStream.java:332)
	at org.apache.hadoop.hdds.scm.storage.BlockOutputStream.write(BlockOutputStream.java:259)
	at org.apache.hadoop.ozone.client.io.BlockOutputStreamEntry.write(BlockOutputStreamEntry.java:129)
	at org.apache.hadoop.ozone.client.io.KeyOutputStream.handleWrite(KeyOutputStream.java:211)
	at org.apache.hadoop.ozone.client.io.KeyOutputStream.write(KeyOutputStream.java:193)
	at org.apache.hadoop.ozone.client.io.OzoneOutputStream.write(OzoneOutputStream.java:49)
	at org.apache.hadoop.ozone.freon.RandomKeyGenerator$KeyProcessor.run(RandomKeyGenerator.java:693)
	at java.util.concurrent.Executors$RunnableAdapter.call(Executors.java:511)
	at java.util.concurrent.FutureTask.run(FutureTask.java:266)
	at java.util.concurrent.ThreadPoolExecutor.runWorker(ThreadPoolExecutor.java:1149)
	at java.util.concurrent.ThreadPoolExecutor$Worker.run(ThreadPoolExecutor.java:624)
	at java.lang.Thread.run(Thread.java:748)
 0.00% |█                                                                                                    |  0/1 Time: 0:01:112019-07-14 04:24:46,692 INFO  client.GrpcClientProtocolClient (GrpcClientProtocolClient.java:onNext(255)) - client-D708C0AC0C26->b5da6a4a-1459-46a4-9479-d2035163dbe2: receive RaftClientReply:client-D708C0AC0C26->b5da6a4a-1459-46a4-9479-d2035163dbe2@group-4A9565783204, cid=4513, SUCCESS, logIndex=0, commits[b5da6a4a-1459-46a4-9479-d2035163dbe2:c6897, 69c25b61-d669-4f17-b36d-41bca3df1f31:c6897, d2a7b1fa-fac6-4c6f-8c6d-9ac7414c70c3:c6897]
2019-07-14 04:24:46,696 INFO  client.GrpcClientProtocolClient (GrpcClientProtocolClient.java:onNext(255)) - client-D708C0AC0C26->b5da6a4a-1459-46a4-9479-d2035163dbe2: receive RaftClientReply:client-D708C0AC0C26->b5da6a4a-1459-46a4-9479-d2035163dbe2@group-4A9565783204, cid=4513, SUCCESS, logIndex=0, commits[b5da6a4a-1459-46a4-9479-d2035163dbe2:c6897, 69c25b61-d669-4f17-b36d-41bca3df1f31:c6897, d2a7b1fa-fac6-4c6f-8c6d-9ac7414c70c3:c6897]
 0.00% |█                                                                                                    |  0/1 Time: 0:01:12 0.00% |█                                                                                                    |  0/1 Time: 0:01:13 0.00% |█                                                                                                    |  0/1 Time: 0:01:14 100.00% |█████████████████████████████████████████████████████████████████████████████████████████████████████|  1/1 Time: 0:01:15
]]></system-out>
  </testcase>
  <testcase name="multiThread" classname="org.apache.hadoop.ozone.freon.TestRandomKeyGenerator" time="5.043"/>
</testsuite>