<?xml version="1.0" encoding="UTF-8"?>
<testsuite xmlns:xsi="http://www.w3.org/2001/XMLSchema-instance" xsi:noNamespaceSchemaLocation="https://maven.apache.org/surefire/maven-surefire-plugin/xsd/surefire-test-report.xsd" name="org.apache.hadoop.ozone.client.rpc.TestHybridPipelineOnDatanode" time="26.326" tests="1" errors="1" skipped="0" failures="0">
  <properties>
    <property name="awt.toolkit" value="sun.awt.X11.XToolkit"/>
    <property name="file.encoding.pkg" value="sun.io"/>
    <property name="java.specification.version" value="1.8"/>
    <property name="sun.cpu.isalist" value=""/>
    <property name="sun.jnu.encoding" value="UTF-8"/>
    <property name="java.class.path" value="/workdir/hadoop-ozone/integration-test/target/test-classes:/workdir/hadoop-ozone/integration-test/target/classes:/home/user/.m2/repository/org/apache/hadoop/hadoop-ozone-common/0.5.0-SNAPSHOT/hadoop-ozone-common-0.5.0-SNAPSHOT.jar:/home/user/.m2/repository/org/apache/commons/commons-compress/1.4.1/commons-compress-1.4.1.jar:/home/user/.m2/repository/org/tukaani/xz/1.0/xz-1.0.jar:/home/user/.m2/repository/org/apache/hadoop/hadoop-common/3.2.0/hadoop-common-3.2.0.jar:/home/user/.m2/repository/org/apache/hadoop/hadoop-hdfs/3.2.0/hadoop-hdfs-3.2.0.jar:/home/user/.m2/repository/org/apache/hadoop/hadoop-hdfs-client/3.2.0/hadoop-hdfs-client-3.2.0.jar:/home/user/.m2/repository/com/fasterxml/jackson/core/jackson-annotations/2.9.9/jackson-annotations-2.9.9.jar:/home/user/.m2/repository/org/apache/hadoop/hadoop-hdds-common/0.5.0-SNAPSHOT/hadoop-hdds-common-0.5.0-SNAPSHOT.jar:/home/user/.m2/repository/javax/annotation/javax.annotation-api/1.2/javax.annotation-api-1.2.jar:/home/user/.m2/repository/org/apache/ratis/ratis-server/0.4.0/ratis-server-0.4.0.jar:/home/user/.m2/repository/org/apache/ratis/ratis-thirdparty-misc/0.2.0/ratis-thirdparty-misc-0.2.0.jar:/home/user/.m2/repository/org/apache/ratis/ratis-proto/0.4.0/ratis-proto-0.4.0.jar:/home/user/.m2/repository/org/apache/ratis/ratis-common/0.4.0/ratis-common-0.4.0.jar:/home/user/.m2/repository/org/apache/ratis/ratis-client/0.4.0/ratis-client-0.4.0.jar:/home/user/.m2/repository/org/apache/ratis/ratis-metrics/0.4.0/ratis-metrics-0.4.0.jar:/home/user/.m2/repository/com/github/joshelser/dropwizard-metrics-hadoop-metrics2-reporter/0.1.2/dropwizard-metrics-hadoop-metrics2-reporter-0.1.2.jar:/home/user/.m2/repository/io/dropwizard/metrics/metrics-jvm/3.2.5/metrics-jvm-3.2.5.jar:/home/user/.m2/repository/io/dropwizard/metrics/metrics-ganglia/3.2.5/metrics-ganglia-3.2.5.jar:/home/user/.m2/repository/info/ganglia/gmetric4j/gmetric4j/1.0.7/gmetric4j-1.0.7.jar:/home/user/.m2/repository/org/apache/ratis/ratis-netty/0.4.0/ratis-netty-0.4.0.jar:/home/user/.m2/repository/org/apache/ratis/ratis-grpc/0.4.0/ratis-grpc-0.4.0.jar:/home/user/.m2/repository/org/rocksdb/rocksdbjni/6.0.1/rocksdbjni-6.0.1.jar:/home/user/.m2/repository/org/apache/logging/log4j/log4j-api/2.11.0/log4j-api-2.11.0.jar:/home/user/.m2/repository/org/apache/logging/log4j/log4j-core/2.11.0/log4j-core-2.11.0.jar:/home/user/.m2/repository/com/lmax/disruptor/3.4.2/disruptor-3.4.2.jar:/home/user/.m2/repository/org/apache/commons/commons-pool2/2.6.0/commons-pool2-2.6.0.jar:/home/user/.m2/repository/org/bouncycastle/bcpkix-jdk15on/1.60/bcpkix-jdk15on-1.60.jar:/home/user/.m2/repository/commons-validator/commons-validator/1.6/commons-validator-1.6.jar:/home/user/.m2/repository/commons-digester/commons-digester/1.8.1/commons-digester-1.8.1.jar:/home/user/.m2/repository/io/jaegertracing/jaeger-client/0.34.0/jaeger-client-0.34.0.jar:/home/user/.m2/repository/io/jaegertracing/jaeger-thrift/0.34.0/jaeger-thrift-0.34.0.jar:/home/user/.m2/repository/org/apache/thrift/libthrift/0.12.0/libthrift-0.12.0.jar:/home/user/.m2/repository/com/squareup/okhttp3/okhttp/3.9.0/okhttp-3.9.0.jar:/home/user/.m2/repository/com/squareup/okio/okio/1.13.0/okio-1.13.0.jar:/home/user/.m2/repository/io/jaegertracing/jaeger-core/0.34.0/jaeger-core-0.34.0.jar:/home/user/.m2/repository/io/jaegertracing/jaeger-tracerresolver/0.34.0/jaeger-tracerresolver-0.34.0.jar:/home/user/.m2/repository/io/opentracing/contrib/opentracing-tracerresolver/0.1.5/opentracing-tracerresolver-0.1.5.jar:/home/user/.m2/repository/io/opentracing/opentracing-util/0.31.0/opentracing-util-0.31.0.jar:/home/user/.m2/repository/io/opentracing/opentracing-api/0.31.0/opentracing-api-0.31.0.jar:/home/user/.m2/repository/io/opentracing/opentracing-noop/0.31.0/opentracing-noop-0.31.0.jar:/home/user/.m2/repository/org/apache/hadoop/hadoop-hdds-server-framework/0.5.0-SNAPSHOT/hadoop-hdds-server-framework-0.5.0-SNAPSHOT.jar:/home/user/.m2/repository/org/apache/hadoop/hadoop-hdds-container-service/0.5.0-SNAPSHOT/hadoop-hdds-container-service-0.5.0-SNAPSHOT.jar:/home/user/.m2/repository/org/apache/hadoop/hadoop-hdds-client/0.5.0-SNAPSHOT/hadoop-hdds-client-0.5.0-SNAPSHOT.jar:/home/user/.m2/repository/org/apache/hadoop/hadoop-hdds-tools/0.5.0-SNAPSHOT/hadoop-hdds-tools-0.5.0-SNAPSHOT.jar:/home/user/.m2/repository/org/apache/hadoop/hadoop-hdds-server-scm/0.5.0-SNAPSHOT/hadoop-hdds-server-scm-0.5.0-SNAPSHOT.jar:/home/user/.m2/repository/org/apache/hadoop/hadoop-hdds-docs/0.5.0-SNAPSHOT/hadoop-hdds-docs-0.5.0-SNAPSHOT.jar:/home/user/.m2/repository/io/dropwizard/metrics/metrics-core/3.2.4/metrics-core-3.2.4.jar:/home/user/.m2/repository/org/hamcrest/hamcrest-all/1.3/hamcrest-all-1.3.jar:/home/user/.m2/repository/org/bouncycastle/bcprov-jdk15on/1.60/bcprov-jdk15on-1.60.jar:/home/user/.m2/repository/info/picocli/picocli/3.9.6/picocli-3.9.6.jar:/home/user/.m2/repository/com/google/protobuf/protobuf-java/2.5.0/protobuf-java-2.5.0.jar:/home/user/.m2/repository/com/google/guava/guava/11.0.2/guava-11.0.2.jar:/home/user/.m2/repository/org/apache/hadoop/hadoop-ozone-ozone-manager/0.5.0-SNAPSHOT/hadoop-ozone-ozone-manager-0.5.0-SNAPSHOT.jar:/home/user/.m2/repository/org/apache/hadoop/hadoop-minikdc/3.2.0/hadoop-minikdc-3.2.0.jar:/home/user/.m2/repository/commons-io/commons-io/2.5/commons-io-2.5.jar:/home/user/.m2/repository/org/apache/kerby/kerb-simplekdc/1.0.1/kerb-simplekdc-1.0.1.jar:/home/user/.m2/repository/org/apache/kerby/kerb-client/1.0.1/kerb-client-1.0.1.jar:/home/user/.m2/repository/org/apache/kerby/kerby-config/1.0.1/kerby-config-1.0.1.jar:/home/user/.m2/repository/org/apache/kerby/kerb-core/1.0.1/kerb-core-1.0.1.jar:/home/user/.m2/repository/org/apache/kerby/kerby-pkix/1.0.1/kerby-pkix-1.0.1.jar:/home/user/.m2/repository/org/apache/kerby/kerby-asn1/1.0.1/kerby-asn1-1.0.1.jar:/home/user/.m2/repository/org/apache/kerby/kerby-util/1.0.1/kerby-util-1.0.1.jar:/home/user/.m2/repository/org/apache/kerby/kerb-common/1.0.1/kerb-common-1.0.1.jar:/home/user/.m2/repository/org/apache/kerby/kerb-crypto/1.0.1/kerb-crypto-1.0.1.jar:/home/user/.m2/repository/org/apache/kerby/kerb-util/1.0.1/kerb-util-1.0.1.jar:/home/user/.m2/repository/org/apache/kerby/token-provider/1.0.1/token-provider-1.0.1.jar:/home/user/.m2/repository/org/apache/kerby/kerb-admin/1.0.1/kerb-admin-1.0.1.jar:/home/user/.m2/repository/org/apache/kerby/kerb-server/1.0.1/kerb-server-1.0.1.jar:/home/user/.m2/repository/org/apache/kerby/kerb-identity/1.0.1/kerb-identity-1.0.1.jar:/home/user/.m2/repository/org/apache/kerby/kerby-xdr/1.0.1/kerby-xdr-1.0.1.jar:/home/user/.m2/repository/org/slf4j/slf4j-log4j12/1.7.25/slf4j-log4j12-1.7.25.jar:/home/user/.m2/repository/org/apache/hadoop/hadoop-ozone-s3gateway/0.5.0-SNAPSHOT/hadoop-ozone-s3gateway-0.5.0-SNAPSHOT.jar:/home/user/.m2/repository/org/jboss/weld/servlet/weld-servlet/2.4.7.Final/weld-servlet-2.4.7.Final.jar:/home/user/.m2/repository/org/glassfish/jersey/containers/jersey-container-servlet-core/2.27/jersey-container-servlet-core-2.27.jar:/home/user/.m2/repository/org/glassfish/hk2/external/javax.inject/2.5.0-b42/javax.inject-2.5.0-b42.jar:/home/user/.m2/repository/org/glassfish/jersey/core/jersey-common/2.27/jersey-common-2.27.jar:/home/user/.m2/repository/org/glassfish/hk2/osgi-resource-locator/1.0.1/osgi-resource-locator-1.0.1.jar:/home/user/.m2/repository/javax/ws/rs/javax.ws.rs-api/2.1/javax.ws.rs-api-2.1.jar:/home/user/.m2/repository/org/glassfish/jersey/ext/cdi/jersey-cdi1x/2.27/jersey-cdi1x-2.27.jar:/home/user/.m2/repository/org/glassfish/jersey/inject/jersey-hk2/2.27/jersey-hk2-2.27.jar:/home/user/.m2/repository/org/glassfish/hk2/hk2-locator/2.5.0-b42/hk2-locator-2.5.0-b42.jar:/home/user/.m2/repository/org/javassist/javassist/3.22.0-CR2/javassist-3.22.0-CR2.jar:/home/user/.m2/repository/org/glassfish/hk2/hk2-api/2.5.0/hk2-api-2.5.0.jar:/home/user/.m2/repository/org/glassfish/hk2/external/jakarta.inject/2.5.0/jakarta.inject-2.5.0.jar:/home/user/.m2/repository/org/glassfish/hk2/hk2-utils/2.5.0/hk2-utils-2.5.0.jar:/home/user/.m2/repository/jakarta/annotation/jakarta.annotation-api/1.3.4/jakarta.annotation-api-1.3.4.jar:/home/user/.m2/repository/org/glassfish/hk2/external/aopalliance-repackaged/2.5.0/aopalliance-repackaged-2.5.0.jar:/home/user/.m2/repository/com/fasterxml/jackson/dataformat/jackson-dataformat-xml/2.9.0/jackson-dataformat-xml-2.9.0.jar:/home/user/.m2/repository/com/fasterxml/jackson/core/jackson-core/2.9.9/jackson-core-2.9.9.jar:/home/user/.m2/repository/com/fasterxml/jackson/module/jackson-module-jaxb-annotations/2.9.9/jackson-module-jaxb-annotations-2.9.9.jar:/home/user/.m2/repository/javax/enterprise/cdi-api/1.2/cdi-api-1.2.jar:/home/user/.m2/repository/javax/el/javax.el-api/3.0.0/javax.el-api-3.0.0.jar:/home/user/.m2/repository/javax/interceptor/javax.interceptor-api/1.2/javax.interceptor-api-1.2.jar:/home/user/.m2/repository/javax/inject/javax.inject/1/javax.inject-1.jar:/home/user/.m2/repository/com/sun/xml/bind/jaxb-impl/2.3.0.1/jaxb-impl-2.3.0.1.jar:/home/user/.m2/repository/com/sun/xml/bind/jaxb-core/2.3.0.1/jaxb-core-2.3.0.1.jar:/home/user/.m2/repository/javax/xml/bind/jaxb-api/2.3.0/jaxb-api-2.3.0.jar:/home/user/.m2/repository/javax/activation/activation/1.1.1/activation-1.1.1.jar:/home/user/.m2/repository/org/apache/hadoop/hadoop-ozone-csi/0.5.0-SNAPSHOT/hadoop-ozone-csi-0.5.0-SNAPSHOT.jar:/home/user/.m2/repository/com/google/protobuf/protobuf-java-util/3.5.1/protobuf-java-util-3.5.1.jar:/home/user/.m2/repository/org/apache/hadoop/hadoop-hdds-config/0.5.0-SNAPSHOT/hadoop-hdds-config-0.5.0-SNAPSHOT.jar:/home/user/.m2/repository/io/grpc/grpc-netty/1.17.1/grpc-netty-1.17.1.jar:/home/user/.m2/repository/io/grpc/grpc-core/1.17.1/grpc-core-1.17.1.jar:/home/user/.m2/repository/io/grpc/grpc-context/1.17.1/grpc-context-1.17.1.jar:/home/user/.m2/repository/com/google/errorprone/error_prone_annotations/2.2.0/error_prone_annotations-2.2.0.jar:/home/user/.m2/repository/org/codehaus/mojo/animal-sniffer-annotations/1.17/animal-sniffer-annotations-1.17.jar:/home/user/.m2/repository/io/opencensus/opencensus-api/0.17.0/opencensus-api-0.17.0.jar:/home/user/.m2/repository/io/opencensus/opencensus-contrib-grpc-metrics/0.17.0/opencensus-contrib-grpc-metrics-0.17.0.jar:/home/user/.m2/repository/io/netty/netty-codec-http2/4.1.30.Final/netty-codec-http2-4.1.30.Final.jar:/home/user/.m2/repository/io/netty/netty-codec-http/4.1.30.Final/netty-codec-http-4.1.30.Final.jar:/home/user/.m2/repository/io/netty/netty-codec/4.1.30.Final/netty-codec-4.1.30.Final.jar:/home/user/.m2/repository/io/netty/netty-handler/4.1.30.Final/netty-handler-4.1.30.Final.jar:/home/user/.m2/repository/io/netty/netty-handler-proxy/4.1.30.Final/netty-handler-proxy-4.1.30.Final.jar:/home/user/.m2/repository/io/netty/netty-codec-socks/4.1.30.Final/netty-codec-socks-4.1.30.Final.jar:/home/user/.m2/repository/io/netty/netty-transport-native-epoll/4.1.30.Final/netty-transport-native-epoll-4.1.30.Final.jar:/home/user/.m2/repository/io/netty/netty-common/4.1.30.Final/netty-common-4.1.30.Final.jar:/home/user/.m2/repository/io/netty/netty-buffer/4.1.30.Final/netty-buffer-4.1.30.Final.jar:/home/user/.m2/repository/io/netty/netty-transport/4.1.30.Final/netty-transport-4.1.30.Final.jar:/home/user/.m2/repository/io/netty/netty-resolver/4.1.30.Final/netty-resolver-4.1.30.Final.jar:/home/user/.m2/repository/io/netty/netty-transport-native-unix-common/4.1.30.Final/netty-transport-native-unix-common-4.1.30.Final.jar:/home/user/.m2/repository/io/grpc/grpc-protobuf/1.17.1/grpc-protobuf-1.17.1.jar:/home/user/.m2/repository/com/google/api/grpc/proto-google-common-protos/1.0.0/proto-google-common-protos-1.0.0.jar:/home/user/.m2/repository/io/grpc/grpc-protobuf-lite/1.17.1/grpc-protobuf-lite-1.17.1.jar:/home/user/.m2/repository/io/grpc/grpc-stub/1.17.1/grpc-stub-1.17.1.jar:/home/user/.m2/repository/org/apache/hadoop/hadoop-ozone-recon/0.5.0-SNAPSHOT/hadoop-ozone-recon-0.5.0-SNAPSHOT.jar:/home/user/.m2/repository/org/apache/hadoop/hadoop-ozone-reconcodegen/0.5.0-SNAPSHOT/hadoop-ozone-reconcodegen-0.5.0-SNAPSHOT.jar:/home/user/.m2/repository/com/google/inject/extensions/guice-multibindings/4.0/guice-multibindings-4.0.jar:/home/user/.m2/repository/com/google/inject/guice/4.0/guice-4.0.jar:/home/user/.m2/repository/aopalliance/aopalliance/1.0/aopalliance-1.0.jar:/home/user/.m2/repository/com/google/inject/extensions/guice-servlet/4.0/guice-servlet-4.0.jar:/home/user/.m2/repository/org/glassfish/jersey/containers/jersey-container-servlet/2.27/jersey-container-servlet-2.27.jar:/home/user/.m2/repository/org/glassfish/hk2/guice-bridge/2.5.0/guice-bridge-2.5.0.jar:/home/user/.m2/repository/org/glassfish/jersey/core/jersey-server/2.27/jersey-server-2.27.jar:/home/user/.m2/repository/org/glassfish/jersey/core/jersey-client/2.27/jersey-client-2.27.jar:/home/user/.m2/repository/org/glassfish/jersey/media/jersey-media-jaxb/2.27/jersey-media-jaxb-2.27.jar:/home/user/.m2/repository/javax/validation/validation-api/1.1.0.Final/validation-api-1.1.0.Final.jar:/home/user/.m2/repository/org/glassfish/jersey/media/jersey-media-json-jackson/2.27/jersey-media-json-jackson-2.27.jar:/home/user/.m2/repository/org/glassfish/jersey/ext/jersey-entity-filtering/2.27/jersey-entity-filtering-2.27.jar:/home/user/.m2/repository/com/google/inject/extensions/guice-assistedinject/4.0/guice-assistedinject-4.0.jar:/home/user/.m2/repository/org/jooq/jooq/3.11.10/jooq-3.11.10.jar:/home/user/.m2/repository/org/jooq/jooq-meta/3.11.10/jooq-meta-3.11.10.jar:/home/user/.m2/repository/org/jooq/jooq-codegen/3.11.10/jooq-codegen-3.11.10.jar:/home/user/.m2/repository/com/jolbox/bonecp/0.8.0.RELEASE/bonecp-0.8.0.RELEASE.jar:/home/user/.m2/repository/org/xerial/sqlite-jdbc/3.25.2/sqlite-jdbc-3.25.2.jar:/home/user/.m2/repository/org/springframework/spring-jdbc/5.1.3.RELEASE/spring-jdbc-5.1.3.RELEASE.jar:/home/user/.m2/repository/org/springframework/spring-beans/5.1.3.RELEASE/spring-beans-5.1.3.RELEASE.jar:/home/user/.m2/repository/org/springframework/spring-core/5.1.3.RELEASE/spring-core-5.1.3.RELEASE.jar:/home/user/.m2/repository/org/springframework/spring-jcl/5.1.3.RELEASE/spring-jcl-5.1.3.RELEASE.jar:/home/user/.m2/repository/org/springframework/spring-tx/5.1.3.RELEASE/spring-tx-5.1.3.RELEASE.jar:/home/user/.m2/repository/org/apache/hadoop/hadoop-ozone-client/0.5.0-SNAPSHOT/hadoop-ozone-client-0.5.0-SNAPSHOT.jar:/home/user/.m2/repository/commons-lang/commons-lang/2.6/commons-lang-2.6.jar:/home/user/.m2/repository/org/apache/hadoop/hadoop-ozone-ozone-manager/0.5.0-SNAPSHOT/hadoop-ozone-ozone-manager-0.5.0-SNAPSHOT-tests.jar:/home/user/.m2/repository/junit/junit/4.11/junit-4.11.jar:/home/user/.m2/repository/org/hamcrest/hamcrest-core/1.3/hamcrest-core-1.3.jar:/home/user/.m2/repository/org/openjdk/jmh/jmh-core/1.19/jmh-core-1.19.jar:/home/user/.m2/repository/net/sf/jopt-simple/jopt-simple/4.6/jopt-simple-4.6.jar:/home/user/.m2/repository/org/apache/commons/commons-math3/3.1.1/commons-math3-3.1.1.jar:/home/user/.m2/repository/org/openjdk/jmh/jmh-generator-annprocess/1.19/jmh-generator-annprocess-1.19.jar:/home/user/.m2/repository/org/mockito/mockito-all/1.8.5/mockito-all-1.8.5.jar:/home/user/.m2/repository/org/apache/hadoop/hadoop-kms/3.2.0/hadoop-kms-3.2.0.jar:/home/user/.m2/repository/org/apache/hadoop/hadoop-auth/3.2.0/hadoop-auth-3.2.0.jar:/home/user/.m2/repository/com/nimbusds/nimbus-jose-jwt/4.41.1/nimbus-jose-jwt-4.41.1.jar:/home/user/.m2/repository/com/github/stephenc/jcip/jcip-annotations/1.0-1/jcip-annotations-1.0-1.jar:/home/user/.m2/repository/net/minidev/json-smart/2.3/json-smart-2.3.jar:/home/user/.m2/repository/net/minidev/accessors-smart/1.2/accessors-smart-1.2.jar:/home/user/.m2/repository/org/ow2/asm/asm/5.0.4/asm-5.0.4.jar:/home/user/.m2/repository/org/apache/curator/curator-framework/2.12.0/curator-framework-2.12.0.jar:/home/user/.m2/repository/com/sun/jersey/jersey-core/1.19/jersey-core-1.19.jar:/home/user/.m2/repository/javax/ws/rs/jsr311-api/1.1.1/jsr311-api-1.1.1.jar:/home/user/.m2/repository/com/sun/jersey/jersey-server/1.19/jersey-server-1.19.jar:/home/user/.m2/repository/javax/servlet/javax.servlet-api/3.1.0/javax.servlet-api-3.1.0.jar:/home/user/.m2/repository/org/eclipse/jetty/jetty-server/9.3.25.v20180904/jetty-server-9.3.25.v20180904.jar:/home/user/.m2/repository/org/eclipse/jetty/jetty-http/9.3.25.v20180904/jetty-http-9.3.25.v20180904.jar:/home/user/.m2/repository/org/eclipse/jetty/jetty-io/9.3.25.v20180904/jetty-io-9.3.25.v20180904.jar:/home/user/.m2/repository/org/eclipse/jetty/jetty-webapp/9.3.25.v20180904/jetty-webapp-9.3.25.v20180904.jar:/home/user/.m2/repository/org/eclipse/jetty/jetty-xml/9.3.25.v20180904/jetty-xml-9.3.25.v20180904.jar:/home/user/.m2/repository/log4j/log4j/1.2.17/log4j-1.2.17.jar:/home/user/.m2/repository/org/slf4j/slf4j-api/1.7.25/slf4j-api-1.7.25.jar:/home/user/.m2/repository/org/slf4j/jul-to-slf4j/1.7.25/jul-to-slf4j-1.7.25.jar:/home/user/.m2/repository/org/eclipse/jetty/jetty-util/9.3.25.v20180904/jetty-util-9.3.25.v20180904.jar:/home/user/.m2/repository/com/fasterxml/jackson/core/jackson-databind/2.9.9/jackson-databind-2.9.9.jar:/home/user/.m2/repository/org/apache/hadoop/hadoop-kms/3.2.0/hadoop-kms-3.2.0-tests.jar:/home/user/.m2/repository/org/apache/hadoop/hadoop-hdds-server-scm/0.5.0-SNAPSHOT/hadoop-hdds-server-scm-0.5.0-SNAPSHOT-tests.jar:/home/user/.m2/repository/org/apache/hadoop/hadoop-hdds-container-service/0.5.0-SNAPSHOT/hadoop-hdds-container-service-0.5.0-SNAPSHOT-tests.jar:/home/user/.m2/repository/org/yaml/snakeyaml/1.16/snakeyaml-1.16.jar:/home/user/.m2/repository/org/apache/hadoop/hadoop-common/3.2.0/hadoop-common-3.2.0-tests.jar:/home/user/.m2/repository/org/apache/hadoop/hadoop-annotations/3.2.0/hadoop-annotations-3.2.0.jar:/usr/lib/jvm/java-1.8-openjdk/jre/../lib/tools.jar:/home/user/.m2/repository/commons-cli/commons-cli/1.2/commons-cli-1.2.jar:/home/user/.m2/repository/org/apache/httpcomponents/httpclient/4.5.2/httpclient-4.5.2.jar:/home/user/.m2/repository/org/apache/httpcomponents/httpcore/4.4.4/httpcore-4.4.4.jar:/home/user/.m2/repository/commons-codec/commons-codec/1.11/commons-codec-1.11.jar:/home/user/.m2/repository/commons-net/commons-net/3.6/commons-net-3.6.jar:/home/user/.m2/repository/commons-collections/commons-collections/3.2.2/commons-collections-3.2.2.jar:/home/user/.m2/repository/org/eclipse/jetty/jetty-servlet/9.3.25.v20180904/jetty-servlet-9.3.25.v20180904.jar:/home/user/.m2/repository/org/eclipse/jetty/jetty-security/9.3.25.v20180904/jetty-security-9.3.25.v20180904.jar:/home/user/.m2/repository/javax/servlet/jsp/jsp-api/2.1/jsp-api-2.1.jar:/home/user/.m2/repository/com/sun/jersey/jersey-servlet/1.19/jersey-servlet-1.19.jar:/home/user/.m2/repository/com/sun/jersey/jersey-json/1.19/jersey-json-1.19.jar:/home/user/.m2/repository/org/codehaus/jettison/jettison/1.1/jettison-1.1.jar:/home/user/.m2/repository/org/codehaus/jackson/jackson-core-asl/1.9.13/jackson-core-asl-1.9.13.jar:/home/user/.m2/repository/org/codehaus/jackson/jackson-mapper-asl/1.9.13/jackson-mapper-asl-1.9.13.jar:/home/user/.m2/repository/org/codehaus/jackson/jackson-jaxrs/1.9.13/jackson-jaxrs-1.9.13.jar:/home/user/.m2/repository/org/codehaus/jackson/jackson-xc/1.9.13/jackson-xc-1.9.13.jar:/home/user/.m2/repository/commons-logging/commons-logging/1.1.3/commons-logging-1.1.3.jar:/home/user/.m2/repository/commons-beanutils/commons-beanutils/1.9.4/commons-beanutils-1.9.4.jar:/home/user/.m2/repository/org/apache/commons/commons-configuration2/2.1.1/commons-configuration2-2.1.1.jar:/home/user/.m2/repository/org/apache/commons/commons-lang3/3.7/commons-lang3-3.7.jar:/home/user/.m2/repository/org/apache/commons/commons-text/1.4/commons-text-1.4.jar:/home/user/.m2/repository/org/apache/avro/avro/1.7.7/avro-1.7.7.jar:/home/user/.m2/repository/com/thoughtworks/paranamer/paranamer/2.3/paranamer-2.3.jar:/home/user/.m2/repository/org/xerial/snappy/snappy-java/1.0.5/snappy-java-1.0.5.jar:/home/user/.m2/repository/com/google/re2j/re2j/1.1/re2j-1.1.jar:/home/user/.m2/repository/com/google/code/gson/gson/2.2.4/gson-2.2.4.jar:/home/user/.m2/repository/com/jcraft/jsch/0.1.54/jsch-0.1.54.jar:/home/user/.m2/repository/org/apache/curator/curator-client/2.12.0/curator-client-2.12.0.jar:/home/user/.m2/repository/org/apache/curator/curator-recipes/2.12.0/curator-recipes-2.12.0.jar:/home/user/.m2/repository/com/google/code/findbugs/jsr305/3.0.0/jsr305-3.0.0.jar:/home/user/.m2/repository/org/apache/htrace/htrace-core4/4.1.0-incubating/htrace-core4-4.1.0-incubating.jar:/home/user/.m2/repository/org/apache/zookeeper/zookeeper/3.4.13/zookeeper-3.4.13.jar:/home/user/.m2/repository/jline/jline/0.9.94/jline-0.9.94.jar:/home/user/.m2/repository/org/apache/yetus/audience-annotations/0.5.0/audience-annotations-0.5.0.jar:/home/user/.m2/repository/org/codehaus/woodstox/stax2-api/3.1.4/stax2-api-3.1.4.jar:/home/user/.m2/repository/com/fasterxml/woodstox/woodstox-core/5.0.3/woodstox-core-5.0.3.jar:/home/user/.m2/repository/dnsjava/dnsjava/2.1.7/dnsjava-2.1.7.jar:/home/user/.m2/repository/org/apache/hadoop/hadoop-hdfs/3.2.0/hadoop-hdfs-3.2.0-tests.jar:/home/user/.m2/repository/org/eclipse/jetty/jetty-util-ajax/9.3.25.v20180904/jetty-util-ajax-9.3.25.v20180904.jar:/home/user/.m2/repository/commons-daemon/commons-daemon/1.0.13/commons-daemon-1.0.13.jar:/home/user/.m2/repository/io/netty/netty/3.10.5.Final/netty-3.10.5.Final.jar:/home/user/.m2/repository/io/netty/netty-all/4.0.52.Final/netty-all-4.0.52.Final.jar:/home/user/.m2/repository/org/fusesource/leveldbjni/leveldbjni-all/1.8/leveldbjni-all-1.8.jar:"/>
    <property name="java.vm.vendor" value="IcedTea"/>
    <property name="sun.arch.data.model" value="64"/>
    <property name="test.build.dir" value="/workdir/hadoop-ozone/integration-test/target/test-dir"/>
    <property name="test.cache.data" value=""/>
    <property name="java.vendor.url" value="https://icedtea.classpath.org"/>
    <property name="user.timezone" value=""/>
    <property name="java.vm.specification.version" value="1.8"/>
    <property name="os.name" value="Linux"/>
    <property name="test.build.data" value="/workdir/hadoop-ozone/integration-test/target/test-dir"/>
    <property name="user.country" value="US"/>
    <property name="sun.java.launcher" value="SUN_STANDARD"/>
    <property name="sun.boot.library.path" value="/usr/lib/jvm/java-1.8-openjdk/jre/lib/amd64"/>
    <property name="sun.java.command" value="/workdir/hadoop-ozone/integration-test/target/surefire/surefirebooter4169749219301793732.jar /workdir/hadoop-ozone/integration-test/target/surefire 2019-09-25T10-18-59_181-jvmRun1 surefire7651771404688012132tmp surefire_541050217007964821475tmp"/>
    <property name="test" value="!TestMiniChaosOzoneCluster"/>
    <property name="surefire.test.class.path" value="/workdir/hadoop-ozone/integration-test/target/test-classes:/workdir/hadoop-ozone/integration-test/target/classes:/home/user/.m2/repository/org/apache/hadoop/hadoop-ozone-common/0.5.0-SNAPSHOT/hadoop-ozone-common-0.5.0-SNAPSHOT.jar:/home/user/.m2/repository/org/apache/commons/commons-compress/1.4.1/commons-compress-1.4.1.jar:/home/user/.m2/repository/org/tukaani/xz/1.0/xz-1.0.jar:/home/user/.m2/repository/org/apache/hadoop/hadoop-common/3.2.0/hadoop-common-3.2.0.jar:/home/user/.m2/repository/org/apache/hadoop/hadoop-hdfs/3.2.0/hadoop-hdfs-3.2.0.jar:/home/user/.m2/repository/org/apache/hadoop/hadoop-hdfs-client/3.2.0/hadoop-hdfs-client-3.2.0.jar:/home/user/.m2/repository/com/fasterxml/jackson/core/jackson-annotations/2.9.9/jackson-annotations-2.9.9.jar:/home/user/.m2/repository/org/apache/hadoop/hadoop-hdds-common/0.5.0-SNAPSHOT/hadoop-hdds-common-0.5.0-SNAPSHOT.jar:/home/user/.m2/repository/javax/annotation/javax.annotation-api/1.2/javax.annotation-api-1.2.jar:/home/user/.m2/repository/org/apache/ratis/ratis-server/0.4.0/ratis-server-0.4.0.jar:/home/user/.m2/repository/org/apache/ratis/ratis-thirdparty-misc/0.2.0/ratis-thirdparty-misc-0.2.0.jar:/home/user/.m2/repository/org/apache/ratis/ratis-proto/0.4.0/ratis-proto-0.4.0.jar:/home/user/.m2/repository/org/apache/ratis/ratis-common/0.4.0/ratis-common-0.4.0.jar:/home/user/.m2/repository/org/apache/ratis/ratis-client/0.4.0/ratis-client-0.4.0.jar:/home/user/.m2/repository/org/apache/ratis/ratis-metrics/0.4.0/ratis-metrics-0.4.0.jar:/home/user/.m2/repository/com/github/joshelser/dropwizard-metrics-hadoop-metrics2-reporter/0.1.2/dropwizard-metrics-hadoop-metrics2-reporter-0.1.2.jar:/home/user/.m2/repository/io/dropwizard/metrics/metrics-jvm/3.2.5/metrics-jvm-3.2.5.jar:/home/user/.m2/repository/io/dropwizard/metrics/metrics-ganglia/3.2.5/metrics-ganglia-3.2.5.jar:/home/user/.m2/repository/info/ganglia/gmetric4j/gmetric4j/1.0.7/gmetric4j-1.0.7.jar:/home/user/.m2/repository/org/apache/ratis/ratis-netty/0.4.0/ratis-netty-0.4.0.jar:/home/user/.m2/repository/org/apache/ratis/ratis-grpc/0.4.0/ratis-grpc-0.4.0.jar:/home/user/.m2/repository/org/rocksdb/rocksdbjni/6.0.1/rocksdbjni-6.0.1.jar:/home/user/.m2/repository/org/apache/logging/log4j/log4j-api/2.11.0/log4j-api-2.11.0.jar:/home/user/.m2/repository/org/apache/logging/log4j/log4j-core/2.11.0/log4j-core-2.11.0.jar:/home/user/.m2/repository/com/lmax/disruptor/3.4.2/disruptor-3.4.2.jar:/home/user/.m2/repository/org/apache/commons/commons-pool2/2.6.0/commons-pool2-2.6.0.jar:/home/user/.m2/repository/org/bouncycastle/bcpkix-jdk15on/1.60/bcpkix-jdk15on-1.60.jar:/home/user/.m2/repository/commons-validator/commons-validator/1.6/commons-validator-1.6.jar:/home/user/.m2/repository/commons-digester/commons-digester/1.8.1/commons-digester-1.8.1.jar:/home/user/.m2/repository/io/jaegertracing/jaeger-client/0.34.0/jaeger-client-0.34.0.jar:/home/user/.m2/repository/io/jaegertracing/jaeger-thrift/0.34.0/jaeger-thrift-0.34.0.jar:/home/user/.m2/repository/org/apache/thrift/libthrift/0.12.0/libthrift-0.12.0.jar:/home/user/.m2/repository/com/squareup/okhttp3/okhttp/3.9.0/okhttp-3.9.0.jar:/home/user/.m2/repository/com/squareup/okio/okio/1.13.0/okio-1.13.0.jar:/home/user/.m2/repository/io/jaegertracing/jaeger-core/0.34.0/jaeger-core-0.34.0.jar:/home/user/.m2/repository/io/jaegertracing/jaeger-tracerresolver/0.34.0/jaeger-tracerresolver-0.34.0.jar:/home/user/.m2/repository/io/opentracing/contrib/opentracing-tracerresolver/0.1.5/opentracing-tracerresolver-0.1.5.jar:/home/user/.m2/repository/io/opentracing/opentracing-util/0.31.0/opentracing-util-0.31.0.jar:/home/user/.m2/repository/io/opentracing/opentracing-api/0.31.0/opentracing-api-0.31.0.jar:/home/user/.m2/repository/io/opentracing/opentracing-noop/0.31.0/opentracing-noop-0.31.0.jar:/home/user/.m2/repository/org/apache/hadoop/hadoop-hdds-server-framework/0.5.0-SNAPSHOT/hadoop-hdds-server-framework-0.5.0-SNAPSHOT.jar:/home/user/.m2/repository/org/apache/hadoop/hadoop-hdds-container-service/0.5.0-SNAPSHOT/hadoop-hdds-container-service-0.5.0-SNAPSHOT.jar:/home/user/.m2/repository/org/apache/hadoop/hadoop-hdds-client/0.5.0-SNAPSHOT/hadoop-hdds-client-0.5.0-SNAPSHOT.jar:/home/user/.m2/repository/org/apache/hadoop/hadoop-hdds-tools/0.5.0-SNAPSHOT/hadoop-hdds-tools-0.5.0-SNAPSHOT.jar:/home/user/.m2/repository/org/apache/hadoop/hadoop-hdds-server-scm/0.5.0-SNAPSHOT/hadoop-hdds-server-scm-0.5.0-SNAPSHOT.jar:/home/user/.m2/repository/org/apache/hadoop/hadoop-hdds-docs/0.5.0-SNAPSHOT/hadoop-hdds-docs-0.5.0-SNAPSHOT.jar:/home/user/.m2/repository/io/dropwizard/metrics/metrics-core/3.2.4/metrics-core-3.2.4.jar:/home/user/.m2/repository/org/hamcrest/hamcrest-all/1.3/hamcrest-all-1.3.jar:/home/user/.m2/repository/org/bouncycastle/bcprov-jdk15on/1.60/bcprov-jdk15on-1.60.jar:/home/user/.m2/repository/info/picocli/picocli/3.9.6/picocli-3.9.6.jar:/home/user/.m2/repository/com/google/protobuf/protobuf-java/2.5.0/protobuf-java-2.5.0.jar:/home/user/.m2/repository/com/google/guava/guava/11.0.2/guava-11.0.2.jar:/home/user/.m2/repository/org/apache/hadoop/hadoop-ozone-ozone-manager/0.5.0-SNAPSHOT/hadoop-ozone-ozone-manager-0.5.0-SNAPSHOT.jar:/home/user/.m2/repository/org/apache/hadoop/hadoop-minikdc/3.2.0/hadoop-minikdc-3.2.0.jar:/home/user/.m2/repository/commons-io/commons-io/2.5/commons-io-2.5.jar:/home/user/.m2/repository/org/apache/kerby/kerb-simplekdc/1.0.1/kerb-simplekdc-1.0.1.jar:/home/user/.m2/repository/org/apache/kerby/kerb-client/1.0.1/kerb-client-1.0.1.jar:/home/user/.m2/repository/org/apache/kerby/kerby-config/1.0.1/kerby-config-1.0.1.jar:/home/user/.m2/repository/org/apache/kerby/kerb-core/1.0.1/kerb-core-1.0.1.jar:/home/user/.m2/repository/org/apache/kerby/kerby-pkix/1.0.1/kerby-pkix-1.0.1.jar:/home/user/.m2/repository/org/apache/kerby/kerby-asn1/1.0.1/kerby-asn1-1.0.1.jar:/home/user/.m2/repository/org/apache/kerby/kerby-util/1.0.1/kerby-util-1.0.1.jar:/home/user/.m2/repository/org/apache/kerby/kerb-common/1.0.1/kerb-common-1.0.1.jar:/home/user/.m2/repository/org/apache/kerby/kerb-crypto/1.0.1/kerb-crypto-1.0.1.jar:/home/user/.m2/repository/org/apache/kerby/kerb-util/1.0.1/kerb-util-1.0.1.jar:/home/user/.m2/repository/org/apache/kerby/token-provider/1.0.1/token-provider-1.0.1.jar:/home/user/.m2/repository/org/apache/kerby/kerb-admin/1.0.1/kerb-admin-1.0.1.jar:/home/user/.m2/repository/org/apache/kerby/kerb-server/1.0.1/kerb-server-1.0.1.jar:/home/user/.m2/repository/org/apache/kerby/kerb-identity/1.0.1/kerb-identity-1.0.1.jar:/home/user/.m2/repository/org/apache/kerby/kerby-xdr/1.0.1/kerby-xdr-1.0.1.jar:/home/user/.m2/repository/org/slf4j/slf4j-log4j12/1.7.25/slf4j-log4j12-1.7.25.jar:/home/user/.m2/repository/org/apache/hadoop/hadoop-ozone-s3gateway/0.5.0-SNAPSHOT/hadoop-ozone-s3gateway-0.5.0-SNAPSHOT.jar:/home/user/.m2/repository/org/jboss/weld/servlet/weld-servlet/2.4.7.Final/weld-servlet-2.4.7.Final.jar:/home/user/.m2/repository/org/glassfish/jersey/containers/jersey-container-servlet-core/2.27/jersey-container-servlet-core-2.27.jar:/home/user/.m2/repository/org/glassfish/hk2/external/javax.inject/2.5.0-b42/javax.inject-2.5.0-b42.jar:/home/user/.m2/repository/org/glassfish/jersey/core/jersey-common/2.27/jersey-common-2.27.jar:/home/user/.m2/repository/org/glassfish/hk2/osgi-resource-locator/1.0.1/osgi-resource-locator-1.0.1.jar:/home/user/.m2/repository/javax/ws/rs/javax.ws.rs-api/2.1/javax.ws.rs-api-2.1.jar:/home/user/.m2/repository/org/glassfish/jersey/ext/cdi/jersey-cdi1x/2.27/jersey-cdi1x-2.27.jar:/home/user/.m2/repository/org/glassfish/jersey/inject/jersey-hk2/2.27/jersey-hk2-2.27.jar:/home/user/.m2/repository/org/glassfish/hk2/hk2-locator/2.5.0-b42/hk2-locator-2.5.0-b42.jar:/home/user/.m2/repository/org/javassist/javassist/3.22.0-CR2/javassist-3.22.0-CR2.jar:/home/user/.m2/repository/org/glassfish/hk2/hk2-api/2.5.0/hk2-api-2.5.0.jar:/home/user/.m2/repository/org/glassfish/hk2/external/jakarta.inject/2.5.0/jakarta.inject-2.5.0.jar:/home/user/.m2/repository/org/glassfish/hk2/hk2-utils/2.5.0/hk2-utils-2.5.0.jar:/home/user/.m2/repository/jakarta/annotation/jakarta.annotation-api/1.3.4/jakarta.annotation-api-1.3.4.jar:/home/user/.m2/repository/org/glassfish/hk2/external/aopalliance-repackaged/2.5.0/aopalliance-repackaged-2.5.0.jar:/home/user/.m2/repository/com/fasterxml/jackson/dataformat/jackson-dataformat-xml/2.9.0/jackson-dataformat-xml-2.9.0.jar:/home/user/.m2/repository/com/fasterxml/jackson/core/jackson-core/2.9.9/jackson-core-2.9.9.jar:/home/user/.m2/repository/com/fasterxml/jackson/module/jackson-module-jaxb-annotations/2.9.9/jackson-module-jaxb-annotations-2.9.9.jar:/home/user/.m2/repository/javax/enterprise/cdi-api/1.2/cdi-api-1.2.jar:/home/user/.m2/repository/javax/el/javax.el-api/3.0.0/javax.el-api-3.0.0.jar:/home/user/.m2/repository/javax/interceptor/javax.interceptor-api/1.2/javax.interceptor-api-1.2.jar:/home/user/.m2/repository/javax/inject/javax.inject/1/javax.inject-1.jar:/home/user/.m2/repository/com/sun/xml/bind/jaxb-impl/2.3.0.1/jaxb-impl-2.3.0.1.jar:/home/user/.m2/repository/com/sun/xml/bind/jaxb-core/2.3.0.1/jaxb-core-2.3.0.1.jar:/home/user/.m2/repository/javax/xml/bind/jaxb-api/2.3.0/jaxb-api-2.3.0.jar:/home/user/.m2/repository/javax/activation/activation/1.1.1/activation-1.1.1.jar:/home/user/.m2/repository/org/apache/hadoop/hadoop-ozone-csi/0.5.0-SNAPSHOT/hadoop-ozone-csi-0.5.0-SNAPSHOT.jar:/home/user/.m2/repository/com/google/protobuf/protobuf-java-util/3.5.1/protobuf-java-util-3.5.1.jar:/home/user/.m2/repository/org/apache/hadoop/hadoop-hdds-config/0.5.0-SNAPSHOT/hadoop-hdds-config-0.5.0-SNAPSHOT.jar:/home/user/.m2/repository/io/grpc/grpc-netty/1.17.1/grpc-netty-1.17.1.jar:/home/user/.m2/repository/io/grpc/grpc-core/1.17.1/grpc-core-1.17.1.jar:/home/user/.m2/repository/io/grpc/grpc-context/1.17.1/grpc-context-1.17.1.jar:/home/user/.m2/repository/com/google/errorprone/error_prone_annotations/2.2.0/error_prone_annotations-2.2.0.jar:/home/user/.m2/repository/org/codehaus/mojo/animal-sniffer-annotations/1.17/animal-sniffer-annotations-1.17.jar:/home/user/.m2/repository/io/opencensus/opencensus-api/0.17.0/opencensus-api-0.17.0.jar:/home/user/.m2/repository/io/opencensus/opencensus-contrib-grpc-metrics/0.17.0/opencensus-contrib-grpc-metrics-0.17.0.jar:/home/user/.m2/repository/io/netty/netty-codec-http2/4.1.30.Final/netty-codec-http2-4.1.30.Final.jar:/home/user/.m2/repository/io/netty/netty-codec-http/4.1.30.Final/netty-codec-http-4.1.30.Final.jar:/home/user/.m2/repository/io/netty/netty-codec/4.1.30.Final/netty-codec-4.1.30.Final.jar:/home/user/.m2/repository/io/netty/netty-handler/4.1.30.Final/netty-handler-4.1.30.Final.jar:/home/user/.m2/repository/io/netty/netty-handler-proxy/4.1.30.Final/netty-handler-proxy-4.1.30.Final.jar:/home/user/.m2/repository/io/netty/netty-codec-socks/4.1.30.Final/netty-codec-socks-4.1.30.Final.jar:/home/user/.m2/repository/io/netty/netty-transport-native-epoll/4.1.30.Final/netty-transport-native-epoll-4.1.30.Final.jar:/home/user/.m2/repository/io/netty/netty-common/4.1.30.Final/netty-common-4.1.30.Final.jar:/home/user/.m2/repository/io/netty/netty-buffer/4.1.30.Final/netty-buffer-4.1.30.Final.jar:/home/user/.m2/repository/io/netty/netty-transport/4.1.30.Final/netty-transport-4.1.30.Final.jar:/home/user/.m2/repository/io/netty/netty-resolver/4.1.30.Final/netty-resolver-4.1.30.Final.jar:/home/user/.m2/repository/io/netty/netty-transport-native-unix-common/4.1.30.Final/netty-transport-native-unix-common-4.1.30.Final.jar:/home/user/.m2/repository/io/grpc/grpc-protobuf/1.17.1/grpc-protobuf-1.17.1.jar:/home/user/.m2/repository/com/google/api/grpc/proto-google-common-protos/1.0.0/proto-google-common-protos-1.0.0.jar:/home/user/.m2/repository/io/grpc/grpc-protobuf-lite/1.17.1/grpc-protobuf-lite-1.17.1.jar:/home/user/.m2/repository/io/grpc/grpc-stub/1.17.1/grpc-stub-1.17.1.jar:/home/user/.m2/repository/org/apache/hadoop/hadoop-ozone-recon/0.5.0-SNAPSHOT/hadoop-ozone-recon-0.5.0-SNAPSHOT.jar:/home/user/.m2/repository/org/apache/hadoop/hadoop-ozone-reconcodegen/0.5.0-SNAPSHOT/hadoop-ozone-reconcodegen-0.5.0-SNAPSHOT.jar:/home/user/.m2/repository/com/google/inject/extensions/guice-multibindings/4.0/guice-multibindings-4.0.jar:/home/user/.m2/repository/com/google/inject/guice/4.0/guice-4.0.jar:/home/user/.m2/repository/aopalliance/aopalliance/1.0/aopalliance-1.0.jar:/home/user/.m2/repository/com/google/inject/extensions/guice-servlet/4.0/guice-servlet-4.0.jar:/home/user/.m2/repository/org/glassfish/jersey/containers/jersey-container-servlet/2.27/jersey-container-servlet-2.27.jar:/home/user/.m2/repository/org/glassfish/hk2/guice-bridge/2.5.0/guice-bridge-2.5.0.jar:/home/user/.m2/repository/org/glassfish/jersey/core/jersey-server/2.27/jersey-server-2.27.jar:/home/user/.m2/repository/org/glassfish/jersey/core/jersey-client/2.27/jersey-client-2.27.jar:/home/user/.m2/repository/org/glassfish/jersey/media/jersey-media-jaxb/2.27/jersey-media-jaxb-2.27.jar:/home/user/.m2/repository/javax/validation/validation-api/1.1.0.Final/validation-api-1.1.0.Final.jar:/home/user/.m2/repository/org/glassfish/jersey/media/jersey-media-json-jackson/2.27/jersey-media-json-jackson-2.27.jar:/home/user/.m2/repository/org/glassfish/jersey/ext/jersey-entity-filtering/2.27/jersey-entity-filtering-2.27.jar:/home/user/.m2/repository/com/google/inject/extensions/guice-assistedinject/4.0/guice-assistedinject-4.0.jar:/home/user/.m2/repository/org/jooq/jooq/3.11.10/jooq-3.11.10.jar:/home/user/.m2/repository/org/jooq/jooq-meta/3.11.10/jooq-meta-3.11.10.jar:/home/user/.m2/repository/org/jooq/jooq-codegen/3.11.10/jooq-codegen-3.11.10.jar:/home/user/.m2/repository/com/jolbox/bonecp/0.8.0.RELEASE/bonecp-0.8.0.RELEASE.jar:/home/user/.m2/repository/org/xerial/sqlite-jdbc/3.25.2/sqlite-jdbc-3.25.2.jar:/home/user/.m2/repository/org/springframework/spring-jdbc/5.1.3.RELEASE/spring-jdbc-5.1.3.RELEASE.jar:/home/user/.m2/repository/org/springframework/spring-beans/5.1.3.RELEASE/spring-beans-5.1.3.RELEASE.jar:/home/user/.m2/repository/org/springframework/spring-core/5.1.3.RELEASE/spring-core-5.1.3.RELEASE.jar:/home/user/.m2/repository/org/springframework/spring-jcl/5.1.3.RELEASE/spring-jcl-5.1.3.RELEASE.jar:/home/user/.m2/repository/org/springframework/spring-tx/5.1.3.RELEASE/spring-tx-5.1.3.RELEASE.jar:/home/user/.m2/repository/org/apache/hadoop/hadoop-ozone-client/0.5.0-SNAPSHOT/hadoop-ozone-client-0.5.0-SNAPSHOT.jar:/home/user/.m2/repository/commons-lang/commons-lang/2.6/commons-lang-2.6.jar:/home/user/.m2/repository/org/apache/hadoop/hadoop-ozone-ozone-manager/0.5.0-SNAPSHOT/hadoop-ozone-ozone-manager-0.5.0-SNAPSHOT-tests.jar:/home/user/.m2/repository/junit/junit/4.11/junit-4.11.jar:/home/user/.m2/repository/org/hamcrest/hamcrest-core/1.3/hamcrest-core-1.3.jar:/home/user/.m2/repository/org/openjdk/jmh/jmh-core/1.19/jmh-core-1.19.jar:/home/user/.m2/repository/net/sf/jopt-simple/jopt-simple/4.6/jopt-simple-4.6.jar:/home/user/.m2/repository/org/apache/commons/commons-math3/3.1.1/commons-math3-3.1.1.jar:/home/user/.m2/repository/org/openjdk/jmh/jmh-generator-annprocess/1.19/jmh-generator-annprocess-1.19.jar:/home/user/.m2/repository/org/mockito/mockito-all/1.8.5/mockito-all-1.8.5.jar:/home/user/.m2/repository/org/apache/hadoop/hadoop-kms/3.2.0/hadoop-kms-3.2.0.jar:/home/user/.m2/repository/org/apache/hadoop/hadoop-auth/3.2.0/hadoop-auth-3.2.0.jar:/home/user/.m2/repository/com/nimbusds/nimbus-jose-jwt/4.41.1/nimbus-jose-jwt-4.41.1.jar:/home/user/.m2/repository/com/github/stephenc/jcip/jcip-annotations/1.0-1/jcip-annotations-1.0-1.jar:/home/user/.m2/repository/net/minidev/json-smart/2.3/json-smart-2.3.jar:/home/user/.m2/repository/net/minidev/accessors-smart/1.2/accessors-smart-1.2.jar:/home/user/.m2/repository/org/ow2/asm/asm/5.0.4/asm-5.0.4.jar:/home/user/.m2/repository/org/apache/curator/curator-framework/2.12.0/curator-framework-2.12.0.jar:/home/user/.m2/repository/com/sun/jersey/jersey-core/1.19/jersey-core-1.19.jar:/home/user/.m2/repository/javax/ws/rs/jsr311-api/1.1.1/jsr311-api-1.1.1.jar:/home/user/.m2/repository/com/sun/jersey/jersey-server/1.19/jersey-server-1.19.jar:/home/user/.m2/repository/javax/servlet/javax.servlet-api/3.1.0/javax.servlet-api-3.1.0.jar:/home/user/.m2/repository/org/eclipse/jetty/jetty-server/9.3.25.v20180904/jetty-server-9.3.25.v20180904.jar:/home/user/.m2/repository/org/eclipse/jetty/jetty-http/9.3.25.v20180904/jetty-http-9.3.25.v20180904.jar:/home/user/.m2/repository/org/eclipse/jetty/jetty-io/9.3.25.v20180904/jetty-io-9.3.25.v20180904.jar:/home/user/.m2/repository/org/eclipse/jetty/jetty-webapp/9.3.25.v20180904/jetty-webapp-9.3.25.v20180904.jar:/home/user/.m2/repository/org/eclipse/jetty/jetty-xml/9.3.25.v20180904/jetty-xml-9.3.25.v20180904.jar:/home/user/.m2/repository/log4j/log4j/1.2.17/log4j-1.2.17.jar:/home/user/.m2/repository/org/slf4j/slf4j-api/1.7.25/slf4j-api-1.7.25.jar:/home/user/.m2/repository/org/slf4j/jul-to-slf4j/1.7.25/jul-to-slf4j-1.7.25.jar:/home/user/.m2/repository/org/eclipse/jetty/jetty-util/9.3.25.v20180904/jetty-util-9.3.25.v20180904.jar:/home/user/.m2/repository/com/fasterxml/jackson/core/jackson-databind/2.9.9/jackson-databind-2.9.9.jar:/home/user/.m2/repository/org/apache/hadoop/hadoop-kms/3.2.0/hadoop-kms-3.2.0-tests.jar:/home/user/.m2/repository/org/apache/hadoop/hadoop-hdds-server-scm/0.5.0-SNAPSHOT/hadoop-hdds-server-scm-0.5.0-SNAPSHOT-tests.jar:/home/user/.m2/repository/org/apache/hadoop/hadoop-hdds-container-service/0.5.0-SNAPSHOT/hadoop-hdds-container-service-0.5.0-SNAPSHOT-tests.jar:/home/user/.m2/repository/org/yaml/snakeyaml/1.16/snakeyaml-1.16.jar:/home/user/.m2/repository/org/apache/hadoop/hadoop-common/3.2.0/hadoop-common-3.2.0-tests.jar:/home/user/.m2/repository/org/apache/hadoop/hadoop-annotations/3.2.0/hadoop-annotations-3.2.0.jar:/usr/lib/jvm/java-1.8-openjdk/jre/../lib/tools.jar:/home/user/.m2/repository/commons-cli/commons-cli/1.2/commons-cli-1.2.jar:/home/user/.m2/repository/org/apache/httpcomponents/httpclient/4.5.2/httpclient-4.5.2.jar:/home/user/.m2/repository/org/apache/httpcomponents/httpcore/4.4.4/httpcore-4.4.4.jar:/home/user/.m2/repository/commons-codec/commons-codec/1.11/commons-codec-1.11.jar:/home/user/.m2/repository/commons-net/commons-net/3.6/commons-net-3.6.jar:/home/user/.m2/repository/commons-collections/commons-collections/3.2.2/commons-collections-3.2.2.jar:/home/user/.m2/repository/org/eclipse/jetty/jetty-servlet/9.3.25.v20180904/jetty-servlet-9.3.25.v20180904.jar:/home/user/.m2/repository/org/eclipse/jetty/jetty-security/9.3.25.v20180904/jetty-security-9.3.25.v20180904.jar:/home/user/.m2/repository/javax/servlet/jsp/jsp-api/2.1/jsp-api-2.1.jar:/home/user/.m2/repository/com/sun/jersey/jersey-servlet/1.19/jersey-servlet-1.19.jar:/home/user/.m2/repository/com/sun/jersey/jersey-json/1.19/jersey-json-1.19.jar:/home/user/.m2/repository/org/codehaus/jettison/jettison/1.1/jettison-1.1.jar:/home/user/.m2/repository/org/codehaus/jackson/jackson-core-asl/1.9.13/jackson-core-asl-1.9.13.jar:/home/user/.m2/repository/org/codehaus/jackson/jackson-mapper-asl/1.9.13/jackson-mapper-asl-1.9.13.jar:/home/user/.m2/repository/org/codehaus/jackson/jackson-jaxrs/1.9.13/jackson-jaxrs-1.9.13.jar:/home/user/.m2/repository/org/codehaus/jackson/jackson-xc/1.9.13/jackson-xc-1.9.13.jar:/home/user/.m2/repository/commons-logging/commons-logging/1.1.3/commons-logging-1.1.3.jar:/home/user/.m2/repository/commons-beanutils/commons-beanutils/1.9.4/commons-beanutils-1.9.4.jar:/home/user/.m2/repository/org/apache/commons/commons-configuration2/2.1.1/commons-configuration2-2.1.1.jar:/home/user/.m2/repository/org/apache/commons/commons-lang3/3.7/commons-lang3-3.7.jar:/home/user/.m2/repository/org/apache/commons/commons-text/1.4/commons-text-1.4.jar:/home/user/.m2/repository/org/apache/avro/avro/1.7.7/avro-1.7.7.jar:/home/user/.m2/repository/com/thoughtworks/paranamer/paranamer/2.3/paranamer-2.3.jar:/home/user/.m2/repository/org/xerial/snappy/snappy-java/1.0.5/snappy-java-1.0.5.jar:/home/user/.m2/repository/com/google/re2j/re2j/1.1/re2j-1.1.jar:/home/user/.m2/repository/com/google/code/gson/gson/2.2.4/gson-2.2.4.jar:/home/user/.m2/repository/com/jcraft/jsch/0.1.54/jsch-0.1.54.jar:/home/user/.m2/repository/org/apache/curator/curator-client/2.12.0/curator-client-2.12.0.jar:/home/user/.m2/repository/org/apache/curator/curator-recipes/2.12.0/curator-recipes-2.12.0.jar:/home/user/.m2/repository/com/google/code/findbugs/jsr305/3.0.0/jsr305-3.0.0.jar:/home/user/.m2/repository/org/apache/htrace/htrace-core4/4.1.0-incubating/htrace-core4-4.1.0-incubating.jar:/home/user/.m2/repository/org/apache/zookeeper/zookeeper/3.4.13/zookeeper-3.4.13.jar:/home/user/.m2/repository/jline/jline/0.9.94/jline-0.9.94.jar:/home/user/.m2/repository/org/apache/yetus/audience-annotations/0.5.0/audience-annotations-0.5.0.jar:/home/user/.m2/repository/org/codehaus/woodstox/stax2-api/3.1.4/stax2-api-3.1.4.jar:/home/user/.m2/repository/com/fasterxml/woodstox/woodstox-core/5.0.3/woodstox-core-5.0.3.jar:/home/user/.m2/repository/dnsjava/dnsjava/2.1.7/dnsjava-2.1.7.jar:/home/user/.m2/repository/org/apache/hadoop/hadoop-hdfs/3.2.0/hadoop-hdfs-3.2.0-tests.jar:/home/user/.m2/repository/org/eclipse/jetty/jetty-util-ajax/9.3.25.v20180904/jetty-util-ajax-9.3.25.v20180904.jar:/home/user/.m2/repository/commons-daemon/commons-daemon/1.0.13/commons-daemon-1.0.13.jar:/home/user/.m2/repository/io/netty/netty/3.10.5.Final/netty-3.10.5.Final.jar:/home/user/.m2/repository/io/netty/netty-all/4.0.52.Final/netty-all-4.0.52.Final.jar:/home/user/.m2/repository/org/fusesource/leveldbjni/leveldbjni-all/1.8/leveldbjni-all-1.8.jar:"/>
    <property name="sun.cpu.endian" value="little"/>
    <property name="user.home" value="/home/user"/>
    <property name="user.language" value="en"/>
    <property name="java.specification.vendor" value="Oracle Corporation"/>
    <property name="java.home" value="/usr/lib/jvm/java-1.8-openjdk/jre"/>
    <property name="java.security.krb5.conf" value="/workdir/hadoop-ozone/integration-test/target/test-classes/krb5.conf"/>
    <property name="basedir" value="/workdir/hadoop-ozone/integration-test"/>
    <property name="file.separator" value="/"/>
    <property name="line.separator" value="&#10;"/>
    <property name="java.vm.specification.vendor" value="Oracle Corporation"/>
    <property name="java.specification.name" value="Java Platform API Specification"/>
    <property name="java.awt.graphicsenv" value="sun.awt.X11GraphicsEnvironment"/>
    <property name="surefire.real.class.path" value="/workdir/hadoop-ozone/integration-test/target/surefire/surefirebooter4169749219301793732.jar"/>
    <property name="hadoop.log.dir" value="/workdir/hadoop-ozone/integration-test/target/log"/>
    <property name="sun.boot.class.path" value="/usr/lib/jvm/java-1.8-openjdk/jre/lib/resources.jar:/usr/lib/jvm/java-1.8-openjdk/jre/lib/rt.jar:/usr/lib/jvm/java-1.8-openjdk/jre/lib/sunrsasign.jar:/usr/lib/jvm/java-1.8-openjdk/jre/lib/jsse.jar:/usr/lib/jvm/java-1.8-openjdk/jre/lib/jce.jar:/usr/lib/jvm/java-1.8-openjdk/jre/lib/charsets.jar:/usr/lib/jvm/java-1.8-openjdk/jre/lib/jfr.jar:/usr/lib/jvm/java-1.8-openjdk/jre/classes"/>
    <property name="sun.management.compiler" value="HotSpot 64-Bit Tiered Compilers"/>
    <property name="java.runtime.version" value="1.8.0_212-b04"/>
    <property name="java.net.preferIPv4Stack" value="true"/>
    <property name="user.name" value="jenkins1000"/>
    <property name="path.separator" value=":"/>
    <property name="java.security.egd" value="file:///dev/urandom"/>
    <property name="os.version" value="3.10.0-957.12.2.el7.x86_64"/>
    <property name="java.endorsed.dirs" value="/usr/lib/jvm/java-1.8-openjdk/jre/lib/endorsed"/>
    <property name="java.runtime.name" value="OpenJDK Runtime Environment"/>
    <property name="file.encoding" value="UTF-8"/>
    <property name="java.vm.name" value="OpenJDK 64-Bit Server VM"/>
    <property name="test.build.webapps" value=""/>
    <property name="localRepository" value="/home/user/.m2/repository"/>
    <property name="java.vendor.url.bug" value="https://icedtea.classpath.org/bugzilla"/>
    <property name="java.io.tmpdir" value="/tmp"/>
    <property name="require.test.libhadoop" value=""/>
    <property name="java.version" value="1.8.0_212"/>
    <property name="user.dir" value="/workdir/hadoop-ozone/integration-test"/>
    <property name="os.arch" value="amd64"/>
    <property name="java.vm.specification.name" value="Java Virtual Machine Specification"/>
    <property name="test.build.classes" value="/workdir/hadoop-ozone/integration-test/target/test-classes"/>
    <property name="java.awt.printerjob" value="sun.print.PSPrinterJob"/>
    <property name="sun.os.patch.level" value="unknown"/>
    <property name="hadoop.tmp.dir" value="/workdir/hadoop-ozone/integration-test/target/tmp"/>
    <property name="java.library.path" value="/usr/lib/jvm/java-1.8-openjdk/jre/lib/amd64/server:/usr/lib/jvm/java-1.8-openjdk/jre/lib/amd64:/usr/lib/jvm/java-1.8-openjdk/jre/../lib/amd64:/workdir/hadoop-ozone/integration-test/target/native/target/usr/local/lib:/workdir/hadoop-ozone/integration-test/../../hadoop-common-project/hadoop-common/target/native/target/usr/local/lib:/usr/java/packages/lib/amd64:/usr/lib64:/lib64:/lib:/usr/lib"/>
    <property name="java.vm.info" value="mixed mode"/>
    <property name="java.vendor" value="IcedTea"/>
    <property name="java.vm.version" value="25.212-b04"/>
    <property name="java.ext.dirs" value="/usr/lib/jvm/java-1.8-openjdk/jre/lib/ext:/usr/java/packages/lib/ext"/>
    <property name="sun.io.unicode.encoding" value="UnicodeLittle"/>
    <property name="java.class.version" value="52.0"/>
  </properties>
  <testcase name="testHybridPipelineOnDatanode" classname="org.apache.hadoop.ozone.client.rpc.TestHybridPipelineOnDatanode" time="6.351">
    <error message="Allocated 0 blocks. Requested 1 blocks" type="INTERNAL_ERROR org.apache.hadoop.ozone.om.exceptions.OMException">INTERNAL_ERROR org.apache.hadoop.ozone.om.exceptions.OMException: Allocated 0 blocks. Requested 1 blocks
	at org.apache.hadoop.ozone.om.protocolPB.OzoneManagerProtocolClientSideTranslatorPB.handleError(OzoneManagerProtocolClientSideTranslatorPB.java:732)
	at org.apache.hadoop.ozone.om.protocolPB.OzoneManagerProtocolClientSideTranslatorPB.openKey(OzoneManagerProtocolClientSideTranslatorPB.java:723)
	at sun.reflect.NativeMethodAccessorImpl.invoke0(Native Method)
	at sun.reflect.NativeMethodAccessorImpl.invoke(NativeMethodAccessorImpl.java:62)
	at sun.reflect.DelegatingMethodAccessorImpl.invoke(DelegatingMethodAccessorImpl.java:43)
	at java.lang.reflect.Method.invoke(Method.java:498)
	at org.apache.hadoop.hdds.tracing.TraceAllMethod.invoke(TraceAllMethod.java:66)
	at com.sun.proxy.$Proxy37.openKey(Unknown Source)
	at org.apache.hadoop.ozone.client.rpc.RpcClient.createKey(RpcClient.java:614)
	at org.apache.hadoop.ozone.client.OzoneBucket.createKey(OzoneBucket.java:325)
	at org.apache.hadoop.ozone.client.rpc.TestHybridPipelineOnDatanode.testHybridPipelineOnDatanode(TestHybridPipelineOnDatanode.java:115)
	at sun.reflect.NativeMethodAccessorImpl.invoke0(Native Method)
	at sun.reflect.NativeMethodAccessorImpl.invoke(NativeMethodAccessorImpl.java:62)
	at sun.reflect.DelegatingMethodAccessorImpl.invoke(DelegatingMethodAccessorImpl.java:43)
	at java.lang.reflect.Method.invoke(Method.java:498)
	at org.junit.runners.model.FrameworkMethod$1.runReflectiveCall(FrameworkMethod.java:47)
	at org.junit.internal.runners.model.ReflectiveCallable.run(ReflectiveCallable.java:12)
	at org.junit.runners.model.FrameworkMethod.invokeExplosively(FrameworkMethod.java:44)
	at org.junit.internal.runners.statements.InvokeMethod.evaluate(InvokeMethod.java:17)
	at org.junit.runners.ParentRunner.runLeaf(ParentRunner.java:271)
	at org.junit.runners.BlockJUnit4ClassRunner.runChild(BlockJUnit4ClassRunner.java:70)
	at org.junit.runners.BlockJUnit4ClassRunner.runChild(BlockJUnit4ClassRunner.java:50)
	at org.junit.runners.ParentRunner$3.run(ParentRunner.java:238)
	at org.junit.runners.ParentRunner$1.schedule(ParentRunner.java:63)
	at org.junit.runners.ParentRunner.runChildren(ParentRunner.java:236)
	at org.junit.runners.ParentRunner.access$000(ParentRunner.java:53)
	at org.junit.runners.ParentRunner$2.evaluate(ParentRunner.java:229)
	at org.junit.internal.runners.statements.RunBefores.evaluate(RunBefores.java:26)
	at org.junit.internal.runners.statements.RunAfters.evaluate(RunAfters.java:27)
	at org.junit.runners.ParentRunner.run(ParentRunner.java:309)
	at org.apache.maven.surefire.junit4.JUnit4Provider.execute(JUnit4Provider.java:365)
	at org.apache.maven.surefire.junit4.JUnit4Provider.executeWithRerun(JUnit4Provider.java:273)
	at org.apache.maven.surefire.junit4.JUnit4Provider.executeTestSet(JUnit4Provider.java:238)
	at org.apache.maven.surefire.junit4.JUnit4Provider.invoke(JUnit4Provider.java:159)
	at org.apache.maven.surefire.booter.ForkedBooter.invokeProviderInSameClassLoader(ForkedBooter.java:384)
	at org.apache.maven.surefire.booter.ForkedBooter.runSuitesInProcess(ForkedBooter.java:345)
	at org.apache.maven.surefire.booter.ForkedBooter.execute(ForkedBooter.java:126)
	at org.apache.maven.surefire.booter.ForkedBooter.main(ForkedBooter.java:418)
</error>
    <system-out><![CDATA[2019-09-25 10:59:29,938 [main] WARN  server.ServerUtils (ServerUtils.java:getScmDbDir(145)) - ozone.scm.db.dirs is not configured. We recommend adding this setting. Falling back to ozone.metadata.dirs instead.
2019-09-25 10:59:30,075 [main] WARN  server.ServerUtils (ServerUtils.java:getScmDbDir(145)) - ozone.scm.db.dirs is not configured. We recommend adding this setting. Falling back to ozone.metadata.dirs instead.
2019-09-25 10:59:30,078 [main] WARN  server.ServerUtils (ServerUtils.java:getScmDbDir(145)) - ozone.scm.db.dirs is not configured. We recommend adding this setting. Falling back to ozone.metadata.dirs instead.
2019-09-25 10:59:30,107 [main] INFO  util.log (Log.java:initialized(192)) - Logging initialized @849ms
2019-09-25 10:59:30,250 [main] INFO  db.DBStoreBuilder (DBStoreBuilder.java:addTable(110)) - using custom profile for table: deletedBlocks
2019-09-25 10:59:30,251 [main] INFO  db.DBStoreBuilder (DBStoreBuilder.java:processTables(161)) - Using default column profile:DBProfile.DISK for Table:deletedBlocks
2019-09-25 10:59:30,251 [main] INFO  db.DBStoreBuilder (DBStoreBuilder.java:addTable(110)) - using custom profile for table: validCerts
2019-09-25 10:59:30,252 [main] INFO  db.DBStoreBuilder (DBStoreBuilder.java:processTables(161)) - Using default column profile:DBProfile.DISK for Table:validCerts
2019-09-25 10:59:30,252 [main] INFO  db.DBStoreBuilder (DBStoreBuilder.java:addTable(110)) - using custom profile for table: revokedCerts
2019-09-25 10:59:30,252 [main] INFO  db.DBStoreBuilder (DBStoreBuilder.java:processTables(161)) - Using default column profile:DBProfile.DISK for Table:revokedCerts
2019-09-25 10:59:30,265 [main] INFO  db.DBStoreBuilder (DBStoreBuilder.java:addTable(110)) - using custom profile for table: default
2019-09-25 10:59:30,265 [main] INFO  db.DBStoreBuilder (DBStoreBuilder.java:processTables(167)) - Using default column profile:DBProfile.DISK for Table:default
2019-09-25 10:59:30,266 [main] INFO  db.DBStoreBuilder (DBStoreBuilder.java:getDbProfile(198)) - Using default options. DBProfile.DISK
2019-09-25 10:59:30,553 [main] INFO  net.NodeSchemaLoader (NodeSchemaLoader.java:loadSchemaFromFile(125)) - Loading file from sun.misc.CompoundEnumeration@a1153bc
2019-09-25 10:59:30,555 [main] INFO  net.NodeSchemaLoader (NodeSchemaLoader.java:loadSchema(171)) - Loading network topology layer schema file
2019-09-25 10:59:30,629 [main] WARN  server.ServerUtils (ServerUtils.java:sanitizeUserArgs(70)) - ozone.scm.stale.node.interval value = 300000 is larger than max = 100000 based on the key value of ozone.scm.heartbeat.thread.interval, reset to the max value 100000.
2019-09-25 10:59:30,631 [main] WARN  server.ServerUtils (ServerUtils.java:sanitizeUserArgs(70)) - ozone.scm.stale.node.interval value = 300000 is larger than max = 100000 based on the key value of ozone.scm.heartbeat.thread.interval, reset to the max value 100000.
2019-09-25 10:59:30,633 [main] INFO  node.SCMNodeManager (SCMNodeManager.java:<init>(114)) - Entering startup safe mode.
2019-09-25 10:59:30,704 [main] INFO  algorithms.ContainerPlacementPolicyFactory (ContainerPlacementPolicyFactory.java:getPolicy(59)) - Create container placement policy of type org.apache.hadoop.hdds.scm.container.placement.algorithms.SCMContainerPlacementRandom
2019-09-25 10:59:30,720 [main] WARN  server.ServerUtils (ServerUtils.java:getScmDbDir(145)) - ozone.scm.db.dirs is not configured. We recommend adding this setting. Falling back to ozone.metadata.dirs instead.
2019-09-25 10:59:30,814 [main] INFO  pipeline.SCMPipelineManager (SCMPipelineManager.java:initializePipelineState(132)) - No pipeline exists in current db
2019-09-25 10:59:30,816 [main] WARN  server.ServerUtils (ServerUtils.java:getScmDbDir(145)) - ozone.scm.db.dirs is not configured. We recommend adding this setting. Falling back to ozone.metadata.dirs instead.
2019-09-25 10:59:30,955 [main] WARN  events.EventQueue (EventQueue.java:fireEvent(183)) - No event handler registered for event TypedEvent{payloadType=SafeModeStatus, name='SafeModeStatus'}
2019-09-25 10:59:31,322 [main] INFO  ipc.CallQueueManager (CallQueueManager.java:<init>(84)) - Using callQueue: class java.util.concurrent.LinkedBlockingQueue, queueCapacity: 2000, scheduler: class org.apache.hadoop.ipc.DefaultRpcScheduler, ipcBackoff: false.
2019-09-25 10:59:31,350 [Socket Reader #1 for port 36511] INFO  ipc.Server (Server.java:run(1074)) - Starting Socket Reader #1 for port 36511
2019-09-25 10:59:31,488 [main] INFO  ipc.CallQueueManager (CallQueueManager.java:<init>(84)) - Using callQueue: class java.util.concurrent.LinkedBlockingQueue, queueCapacity: 2000, scheduler: class org.apache.hadoop.ipc.DefaultRpcScheduler, ipcBackoff: false.
2019-09-25 10:59:31,489 [Socket Reader #1 for port 41370] INFO  ipc.Server (Server.java:run(1074)) - Starting Socket Reader #1 for port 41370
2019-09-25 10:59:31,497 [main] INFO  ipc.CallQueueManager (CallQueueManager.java:<init>(84)) - Using callQueue: class java.util.concurrent.LinkedBlockingQueue, queueCapacity: 2000, scheduler: class org.apache.hadoop.ipc.DefaultRpcScheduler, ipcBackoff: false.
2019-09-25 10:59:31,498 [Socket Reader #1 for port 37774] INFO  ipc.Server (Server.java:run(1074)) - Starting Socket Reader #1 for port 37774
2019-09-25 10:59:31,520 [main] INFO  hdfs.DFSUtil (DFSUtil.java:httpServerTemplateForNNAndJN(1641)) - Starting Web-server for scm at: http://0.0.0.0:0
2019-09-25 10:59:31,687 [main] INFO  server.AuthenticationFilter (AuthenticationFilter.java:constructSecretProvider(240)) - Unable to initialize FileSignerSecretProvider, falling back to use random secrets.
2019-09-25 10:59:31,696 [main] WARN  http.HttpRequestLog (HttpRequestLog.java:getRequestLog(97)) - Jetty request log can only be enabled using Log4j
2019-09-25 10:59:31,704 [main] INFO  http.HttpServer2 (HttpServer2.java:addGlobalFilter(975)) - Added global filter 'safety' (class=org.apache.hadoop.http.HttpServer2$QuotingInputFilter)
2019-09-25 10:59:31,707 [main] INFO  http.HttpServer2 (HttpServer2.java:addFilter(948)) - Added filter static_user_filter (class=org.apache.hadoop.http.lib.StaticUserWebFilter$StaticUserFilter) to context scm
2019-09-25 10:59:31,707 [main] INFO  http.HttpServer2 (HttpServer2.java:addFilter(958)) - Added filter static_user_filter (class=org.apache.hadoop.http.lib.StaticUserWebFilter$StaticUserFilter) to context static
2019-09-25 10:59:31,707 [main] INFO  http.HttpServer2 (HttpServer2.java:addFilter(958)) - Added filter static_user_filter (class=org.apache.hadoop.http.lib.StaticUserWebFilter$StaticUserFilter) to context logs
2019-09-25 10:59:31,738 [main] INFO  server.StorageContainerManager (StorageContainerManager.java:start(770)) - StorageContainerLocationProtocol RPC server is listening at /0.0.0.0:37774
2019-09-25 10:59:31,800 [main] WARN  impl.MetricsConfig (MetricsConfig.java:loadFirst(134)) - Cannot locate configuration: tried hadoop-metrics2-storagecontainermanager.properties,hadoop-metrics2.properties
2019-09-25 10:59:31,813 [main] INFO  impl.MetricsSystemImpl (MetricsSystemImpl.java:startTimer(374)) - Scheduled Metric snapshot period at 10 second(s).
2019-09-25 10:59:31,813 [main] INFO  impl.MetricsSystemImpl (MetricsSystemImpl.java:start(191)) - StorageContainerManager metrics system started
2019-09-25 10:59:32,046 [main] INFO  server.SCMClientProtocolServer (SCMClientProtocolServer.java:start(151)) - RPC server for Client  is listening at /0.0.0.0:37774
2019-09-25 10:59:32,047 [IPC Server Responder] INFO  ipc.Server (Server.java:run(1314)) - IPC Server Responder: starting
2019-09-25 10:59:32,047 [IPC Server listener on 37774] INFO  ipc.Server (Server.java:run(1153)) - IPC Server listener on 37774: starting
2019-09-25 10:59:32,050 [main] INFO  server.StorageContainerManager (StorageContainerManager.java:start(780)) - ScmBlockLocationProtocol RPC server is listening at /0.0.0.0:41370
2019-09-25 10:59:32,052 [main] INFO  server.SCMBlockProtocolServer (SCMBlockProtocolServer.java:start(146)) - RPC server for Block Protocol is listening at /0.0.0.0:41370
2019-09-25 10:59:32,052 [IPC Server Responder] INFO  ipc.Server (Server.java:run(1314)) - IPC Server Responder: starting
2019-09-25 10:59:32,052 [IPC Server listener on 41370] INFO  ipc.Server (Server.java:run(1153)) - IPC Server listener on 41370: starting
2019-09-25 10:59:32,055 [main] INFO  server.StorageContainerManager (StorageContainerManager.java:start(784)) - ScmDatanodeProtocl RPC server is listening at /0.0.0.0:36511
2019-09-25 10:59:32,055 [main] INFO  server.SCMDatanodeProtocolServer (SCMDatanodeProtocolServer.java:start(191)) - RPC server for DataNodes is listening at /0.0.0.0:36511
2019-09-25 10:59:32,055 [IPC Server Responder] INFO  ipc.Server (Server.java:run(1314)) - IPC Server Responder: starting
2019-09-25 10:59:32,055 [IPC Server listener on 36511] INFO  ipc.Server (Server.java:run(1153)) - IPC Server listener on 36511: starting
2019-09-25 10:59:32,059 [main] INFO  http.HttpServer2 (HttpServer2.java:bindListener(1191)) - Jetty bound to port 37199
2019-09-25 10:59:32,061 [main] INFO  server.Server (Server.java:doStart(351)) - jetty-9.3.25.v20180904, build timestamp: 2018-09-04T21:11:46Z, git hash: 3ce520221d0240229c862b122d2b06c12a625732
2019-09-25 10:59:32,100 [main] INFO  handler.ContextHandler (ContextHandler.java:doStart(781)) - Started o.e.j.s.ServletContextHandler@6622fc65{/logs,file:///workdir/hadoop-ozone/integration-test/target/log,AVAILABLE}
2019-09-25 10:59:32,100 [main] INFO  handler.ContextHandler (ContextHandler.java:doStart(781)) - Started o.e.j.s.ServletContextHandler@23fb172e{/static,file:///workdir/hadoop-ozone/integration-test/target/test-classes/webapps/static,AVAILABLE}
2019-09-25 10:59:32,134 [main] INFO  handler.ContextHandler (ContextHandler.java:doStart(781)) - Started o.e.j.w.WebAppContext@3591009c{/,file:///workdir/hadoop-ozone/integration-test/target/test-classes/webapps/scm/,AVAILABLE}{/scm}
2019-09-25 10:59:32,140 [main] INFO  server.AbstractConnector (AbstractConnector.java:doStart(278)) - Started ServerConnector@2de366bb{HTTP/1.1,[http/1.1]}{0.0.0.0:37199}
2019-09-25 10:59:32,140 [main] INFO  server.Server (Server.java:doStart(419)) - Started @2883ms
2019-09-25 10:59:32,142 [main] INFO  impl.MetricsSinkAdapter (MetricsSinkAdapter.java:start(204)) - Sink prometheus started
2019-09-25 10:59:32,143 [main] INFO  impl.MetricsSystemImpl (MetricsSystemImpl.java:registerSink(301)) - Registered sink prometheus
2019-09-25 10:59:32,144 [main] INFO  server.BaseHttpServer (BaseHttpServer.java:updateConnectorAddress(215)) - HTTP server of SCM is listening at http://0.0.0.0:37199
2019-09-25 10:59:32,149 [org.apache.hadoop.util.JvmPauseMonitor$Monitor@64f857e7] INFO  util.JvmPauseMonitor (JvmPauseMonitor.java:run(188)) - Starting JVM pause monitor
2019-09-25 10:59:32,152 [main] WARN  server.ServerUtils (ServerUtils.java:getDBPath(222)) - ozone.om.db.dirs is not configured. We recommend adding this setting. Falling back to ozone.metadata.dirs instead.
2019-09-25 10:59:32,269 [main] WARN  server.ServerUtils (ServerUtils.java:getDBPath(222)) - ozone.om.db.dirs is not configured. We recommend adding this setting. Falling back to ozone.metadata.dirs instead.
2019-09-25 10:59:32,270 [main] WARN  server.ServerUtils (ServerUtils.java:getDBPath(222)) - ozone.om.db.dirs is not configured. We recommend adding this setting. Falling back to ozone.metadata.dirs instead.
2019-09-25 10:59:32,271 [main] INFO  om.OzoneManager (OzoneManager.java:setOMNodeDetails(652)) - OM Service ID is not set. Setting it to the default ID: omServiceIdDefault
2019-09-25 10:59:32,271 [main] INFO  om.OzoneManager (OzoneManager.java:setOMNodeDetails(658)) - OM Node ID is not set. Setting it to the OmStorage's OmID: 648a2720-3c62-498c-bb44-d643b65737ca
2019-09-25 10:59:32,273 [main] INFO  om.OzoneManager (OzoneManager.java:loadOMHAConfigs(609)) - Found matching OM address with OMServiceId: null, OMNodeId: null, RPC Address: localhost:0 and Ratis port: 9872
2019-09-25 10:59:32,979 [main] WARN  server.ServerUtils (ServerUtils.java:getDBPath(222)) - ozone.om.db.dirs is not configured. We recommend adding this setting. Falling back to ozone.metadata.dirs instead.
2019-09-25 10:59:32,986 [main] INFO  db.DBStoreBuilder (DBStoreBuilder.java:addTable(110)) - using custom profile for table: userTable
2019-09-25 10:59:32,986 [main] INFO  db.DBStoreBuilder (DBStoreBuilder.java:processTables(161)) - Using default column profile:DBProfile.DISK for Table:userTable
2019-09-25 10:59:32,986 [main] INFO  db.DBStoreBuilder (DBStoreBuilder.java:addTable(110)) - using custom profile for table: volumeTable
2019-09-25 10:59:32,987 [main] INFO  db.DBStoreBuilder (DBStoreBuilder.java:processTables(161)) - Using default column profile:DBProfile.DISK for Table:volumeTable
2019-09-25 10:59:32,987 [main] INFO  db.DBStoreBuilder (DBStoreBuilder.java:addTable(110)) - using custom profile for table: bucketTable
2019-09-25 10:59:32,987 [main] INFO  db.DBStoreBuilder (DBStoreBuilder.java:processTables(161)) - Using default column profile:DBProfile.DISK for Table:bucketTable
2019-09-25 10:59:32,987 [main] INFO  db.DBStoreBuilder (DBStoreBuilder.java:addTable(110)) - using custom profile for table: keyTable
2019-09-25 10:59:32,988 [main] INFO  db.DBStoreBuilder (DBStoreBuilder.java:processTables(161)) - Using default column profile:DBProfile.DISK for Table:keyTable
2019-09-25 10:59:32,988 [main] INFO  db.DBStoreBuilder (DBStoreBuilder.java:addTable(110)) - using custom profile for table: deletedTable
2019-09-25 10:59:32,988 [main] INFO  db.DBStoreBuilder (DBStoreBuilder.java:processTables(161)) - Using default column profile:DBProfile.DISK for Table:deletedTable
2019-09-25 10:59:32,988 [main] INFO  db.DBStoreBuilder (DBStoreBuilder.java:addTable(110)) - using custom profile for table: openKeyTable
2019-09-25 10:59:32,988 [main] INFO  db.DBStoreBuilder (DBStoreBuilder.java:processTables(161)) - Using default column profile:DBProfile.DISK for Table:openKeyTable
2019-09-25 10:59:32,989 [main] INFO  db.DBStoreBuilder (DBStoreBuilder.java:addTable(110)) - using custom profile for table: s3Table
2019-09-25 10:59:32,989 [main] INFO  db.DBStoreBuilder (DBStoreBuilder.java:processTables(161)) - Using default column profile:DBProfile.DISK for Table:s3Table
2019-09-25 10:59:32,989 [main] INFO  db.DBStoreBuilder (DBStoreBuilder.java:addTable(110)) - using custom profile for table: multipartInfoTable
2019-09-25 10:59:32,989 [main] INFO  db.DBStoreBuilder (DBStoreBuilder.java:processTables(161)) - Using default column profile:DBProfile.DISK for Table:multipartInfoTable
2019-09-25 10:59:32,990 [main] INFO  db.DBStoreBuilder (DBStoreBuilder.java:addTable(110)) - using custom profile for table: dTokenTable
2019-09-25 10:59:32,990 [main] INFO  db.DBStoreBuilder (DBStoreBuilder.java:processTables(161)) - Using default column profile:DBProfile.DISK for Table:dTokenTable
2019-09-25 10:59:32,990 [main] INFO  db.DBStoreBuilder (DBStoreBuilder.java:addTable(110)) - using custom profile for table: s3SecretTable
2019-09-25 10:59:32,990 [main] INFO  db.DBStoreBuilder (DBStoreBuilder.java:processTables(161)) - Using default column profile:DBProfile.DISK for Table:s3SecretTable
2019-09-25 10:59:32,991 [main] INFO  db.DBStoreBuilder (DBStoreBuilder.java:addTable(110)) - using custom profile for table: prefixTable
2019-09-25 10:59:32,991 [main] INFO  db.DBStoreBuilder (DBStoreBuilder.java:processTables(161)) - Using default column profile:DBProfile.DISK for Table:prefixTable
2019-09-25 10:59:32,991 [main] INFO  db.DBStoreBuilder (DBStoreBuilder.java:addTable(110)) - using custom profile for table: default
2019-09-25 10:59:32,991 [main] INFO  db.DBStoreBuilder (DBStoreBuilder.java:processTables(167)) - Using default column profile:DBProfile.DISK for Table:default
2019-09-25 10:59:32,991 [main] INFO  db.DBStoreBuilder (DBStoreBuilder.java:getDbProfile(198)) - Using default options. DBProfile.DISK
2019-09-25 10:59:33,620 [main] INFO  ipc.CallQueueManager (CallQueueManager.java:<init>(84)) - Using callQueue: class java.util.concurrent.LinkedBlockingQueue, queueCapacity: 2000, scheduler: class org.apache.hadoop.ipc.DefaultRpcScheduler, ipcBackoff: false.
2019-09-25 10:59:33,621 [Socket Reader #1 for port 45534] INFO  ipc.Server (Server.java:run(1074)) - Starting Socket Reader #1 for port 45534
2019-09-25 10:59:33,642 [main] INFO  om.OzoneManager (OzoneManager.java:start(1243)) - OzoneManager RPC server is listening at localhost/127.0.0.1:45534
2019-09-25 10:59:33,642 [main] INFO  impl.MetricsSystemImpl (MetricsSystemImpl.java:init(158)) - OzoneManager metrics system started (again)
2019-09-25 10:59:33,644 [IPC Server Responder] INFO  ipc.Server (Server.java:run(1314)) - IPC Server Responder: starting
2019-09-25 10:59:33,644 [IPC Server listener on 45534] INFO  ipc.Server (Server.java:run(1153)) - IPC Server listener on 45534: starting
2019-09-25 10:59:33,649 [main] INFO  hdfs.DFSUtil (DFSUtil.java:httpServerTemplateForNNAndJN(1641)) - Starting Web-server for ozoneManager at: http://0.0.0.0:0
2019-09-25 10:59:33,651 [main] INFO  server.AuthenticationFilter (AuthenticationFilter.java:constructSecretProvider(240)) - Unable to initialize FileSignerSecretProvider, falling back to use random secrets.
2019-09-25 10:59:33,651 [main] WARN  http.HttpRequestLog (HttpRequestLog.java:getRequestLog(97)) - Jetty request log can only be enabled using Log4j
2019-09-25 10:59:33,654 [main] INFO  http.HttpServer2 (HttpServer2.java:addGlobalFilter(975)) - Added global filter 'safety' (class=org.apache.hadoop.http.HttpServer2$QuotingInputFilter)
2019-09-25 10:59:33,655 [main] INFO  http.HttpServer2 (HttpServer2.java:addFilter(948)) - Added filter static_user_filter (class=org.apache.hadoop.http.lib.StaticUserWebFilter$StaticUserFilter) to context ozoneManager
2019-09-25 10:59:33,655 [main] INFO  http.HttpServer2 (HttpServer2.java:addFilter(958)) - Added filter static_user_filter (class=org.apache.hadoop.http.lib.StaticUserWebFilter$StaticUserFilter) to context logs
2019-09-25 10:59:33,656 [main] INFO  http.HttpServer2 (HttpServer2.java:addFilter(958)) - Added filter static_user_filter (class=org.apache.hadoop.http.lib.StaticUserWebFilter$StaticUserFilter) to context static
2019-09-25 10:59:33,658 [main] INFO  http.HttpServer2 (HttpServer2.java:bindListener(1191)) - Jetty bound to port 45487
2019-09-25 10:59:33,658 [main] INFO  server.Server (Server.java:doStart(351)) - jetty-9.3.25.v20180904, build timestamp: 2018-09-04T21:11:46Z, git hash: 3ce520221d0240229c862b122d2b06c12a625732
2019-09-25 10:59:33,661 [main] INFO  handler.ContextHandler (ContextHandler.java:doStart(781)) - Started o.e.j.s.ServletContextHandler@677b8e13{/logs,file:///workdir/hadoop-ozone/integration-test/target/log,AVAILABLE}
2019-09-25 10:59:33,661 [main] INFO  handler.ContextHandler (ContextHandler.java:doStart(781)) - Started o.e.j.s.ServletContextHandler@4c27d39d{/static,file:///workdir/hadoop-ozone/integration-test/target/test-classes/webapps/static,AVAILABLE}
2019-09-25 10:59:33,669 [main] INFO  handler.ContextHandler (ContextHandler.java:doStart(781)) - Started o.e.j.w.WebAppContext@3a022576{/,file:///workdir/hadoop-ozone/integration-test/target/test-classes/webapps/ozoneManager/,AVAILABLE}{/ozoneManager}
2019-09-25 10:59:33,670 [main] INFO  server.AbstractConnector (AbstractConnector.java:doStart(278)) - Started ServerConnector@2dbd803f{HTTP/1.1,[http/1.1]}{0.0.0.0:45487}
2019-09-25 10:59:33,671 [main] INFO  server.Server (Server.java:doStart(419)) - Started @4414ms
2019-09-25 10:59:33,671 [main] WARN  impl.MetricsSystemImpl (MetricsSystemImpl.java:register(276)) - Sink prometheus already exists!
2019-09-25 10:59:33,672 [main] INFO  server.BaseHttpServer (BaseHttpServer.java:updateConnectorAddress(215)) - HTTP server of OZONEMANAGER is listening at http://0.0.0.0:45487
2019-09-25 10:59:33,999 [main] INFO  impl.MetricsSystemImpl (MetricsSystemImpl.java:init(158)) - HddsDatanode metrics system started (again)
2019-09-25 10:59:34,057 [main] INFO  ozone.HddsDatanodeService (HddsDatanodeService.java:start(184)) - HddsDatanodeService host:pr-hdds-1569-5gmkr-4255264070 ip:192.168.30.6
2019-09-25 10:59:34,090 [main] INFO  volume.HddsVolume (HddsVolume.java:<init>(176)) - Creating Volume: /workdir/hadoop-ozone/integration-test/target/test-dir/MiniOzoneClusterImpl-110f9f20-3804-4026-bd60-0a894b7be794/datanode-0/data/containers/hdds of  storage type : DISK and capacity : 1482555576320
2019-09-25 10:59:34,092 [main] INFO  volume.VolumeSet (VolumeSet.java:initializeVolumeSet(170)) - Added Volume : /workdir/hadoop-ozone/integration-test/target/test-dir/MiniOzoneClusterImpl-110f9f20-3804-4026-bd60-0a894b7be794/datanode-0/data/containers/hdds to VolumeSet
2019-09-25 10:59:34,095 [main] INFO  volume.ThrottledAsyncChecker (ThrottledAsyncChecker.java:schedule(139)) - Scheduling a check for org.apache.hadoop.ozone.container.common.volume.HddsVolume@4992613f
2019-09-25 10:59:34,114 [main] INFO  volume.HddsVolumeChecker (HddsVolumeChecker.java:checkAllVolumes(202)) - Scheduled health check for volume org.apache.hadoop.ozone.container.common.volume.HddsVolume@4992613f
2019-09-25 10:59:34,233 [main] INFO  impl.RaftServerProxy (ConfUtils.java:logGet(43)) - raft.rpc.type = GRPC (default)
2019-09-25 10:59:34,316 [main] INFO  grpc.GrpcFactory (GrpcFactory.java:checkPooledByteBufAllocatorUseCacheForAllThreads(45)) - PERFORMANCE WARNING: useCacheForAllThreads is true that may cause Netty to create a lot garbage objects and, as a result, trigger GC.
	It is recommended to disable useCacheForAllThreads by setting -Dorg.apache.ratis.thirdparty.io.netty.allocator.useCacheForAllThreads=false in command line.
2019-09-25 10:59:34,322 [main] INFO  grpc.GrpcConfigKeys$Server (ConfUtils.java:logGet(43)) - raft.grpc.server.port = 0 (default)
2019-09-25 10:59:34,323 [main] INFO  server.GrpcService (ConfUtils.java:logGet(43)) - raft.grpc.message.size.max = 33570816 (custom)
2019-09-25 10:59:34,324 [main] INFO  server.RaftServerConfigKeys (ConfUtils.java:logGet(43)) - raft.server.log.appender.buffer.byte-limit = 33554432 (custom)
2019-09-25 10:59:34,325 [main] INFO  server.GrpcService (ConfUtils.java:logGet(43)) - raft.grpc.flow.control.window = 1MB (=1048576) (default)
2019-09-25 10:59:34,326 [main] INFO  server.RaftServerConfigKeys (ConfUtils.java:logGet(43)) - raft.server.rpc.request.timeout = 3000ms (default)
2019-09-25 10:59:34,513 [main] INFO  server.RaftServerConfigKeys (ConfUtils.java:logGet(43)) - raft.server.storage.dir = [/workdir/hadoop-ozone/integration-test/target/test-dir/MiniOzoneClusterImpl-110f9f20-3804-4026-bd60-0a894b7be794/datanode-0/data/ratis] (custom)
2019-09-25 10:59:34,564 [main] INFO  hdfs.DFSUtil (DFSUtil.java:httpServerTemplateForNNAndJN(1641)) - Starting Web-server for hddsDatanode at: http://0.0.0.0:0
2019-09-25 10:59:34,568 [main] INFO  server.AuthenticationFilter (AuthenticationFilter.java:constructSecretProvider(240)) - Unable to initialize FileSignerSecretProvider, falling back to use random secrets.
2019-09-25 10:59:34,569 [main] WARN  http.HttpRequestLog (HttpRequestLog.java:getRequestLog(97)) - Jetty request log can only be enabled using Log4j
2019-09-25 10:59:34,571 [main] INFO  http.HttpServer2 (HttpServer2.java:addGlobalFilter(975)) - Added global filter 'safety' (class=org.apache.hadoop.http.HttpServer2$QuotingInputFilter)
2019-09-25 10:59:34,571 [main] INFO  http.HttpServer2 (HttpServer2.java:addFilter(948)) - Added filter static_user_filter (class=org.apache.hadoop.http.lib.StaticUserWebFilter$StaticUserFilter) to context hddsDatanode
2019-09-25 10:59:34,572 [main] INFO  http.HttpServer2 (HttpServer2.java:addFilter(958)) - Added filter static_user_filter (class=org.apache.hadoop.http.lib.StaticUserWebFilter$StaticUserFilter) to context logs
2019-09-25 10:59:34,572 [main] INFO  http.HttpServer2 (HttpServer2.java:addFilter(958)) - Added filter static_user_filter (class=org.apache.hadoop.http.lib.StaticUserWebFilter$StaticUserFilter) to context static
2019-09-25 10:59:34,573 [main] INFO  http.HttpServer2 (HttpServer2.java:bindListener(1191)) - Jetty bound to port 45539
2019-09-25 10:59:34,573 [main] INFO  server.Server (Server.java:doStart(351)) - jetty-9.3.25.v20180904, build timestamp: 2018-09-04T21:11:46Z, git hash: 3ce520221d0240229c862b122d2b06c12a625732
2019-09-25 10:59:34,576 [main] INFO  handler.ContextHandler (ContextHandler.java:doStart(781)) - Started o.e.j.s.ServletContextHandler@262816a8{/logs,file:///workdir/hadoop-ozone/integration-test/target/log,AVAILABLE}
2019-09-25 10:59:34,576 [main] INFO  handler.ContextHandler (ContextHandler.java:doStart(781)) - Started o.e.j.s.ServletContextHandler@46c269e0{/static,jar:file:/home/user/.m2/repository/org/apache/hadoop/hadoop-hdds-container-service/0.5.0-SNAPSHOT/hadoop-hdds-container-service-0.5.0-SNAPSHOT.jar!/webapps/static,AVAILABLE}
2019-09-25 10:59:34,607 [main] INFO  handler.ContextHandler (ContextHandler.java:doStart(781)) - Started o.e.j.w.WebAppContext@255eaa6b{/,file:///tmp/jetty-0.0.0.0-45539-hddsDatanode-_-any-2413853394353594157.dir/webapp/,AVAILABLE}{/hddsDatanode}
2019-09-25 10:59:34,607 [main] INFO  server.AbstractConnector (AbstractConnector.java:doStart(278)) - Started ServerConnector@476fe690{HTTP/1.1,[http/1.1]}{0.0.0.0:45539}
2019-09-25 10:59:34,608 [main] INFO  server.Server (Server.java:doStart(419)) - Started @5351ms
2019-09-25 10:59:34,608 [main] WARN  impl.MetricsSystemImpl (MetricsSystemImpl.java:register(276)) - Sink prometheus already exists!
2019-09-25 10:59:34,612 [main] INFO  server.BaseHttpServer (BaseHttpServer.java:updateConnectorAddress(215)) - HTTP server of HDDSDATANODE is listening at http://0.0.0.0:45539
2019-09-25 10:59:34,613 [main] INFO  impl.MetricsSystemImpl (MetricsSystemImpl.java:init(158)) - HddsDatanode metrics system started (again)
2019-09-25 10:59:34,617 [main] INFO  ozone.HddsDatanodeService (HddsDatanodeService.java:start(184)) - HddsDatanodeService host:pr-hdds-1569-5gmkr-4255264070 ip:192.168.30.6
2019-09-25 10:59:34,620 [org.apache.hadoop.util.JvmPauseMonitor$Monitor@644e8dad] INFO  util.JvmPauseMonitor (JvmPauseMonitor.java:run(188)) - Starting JVM pause monitor
2019-09-25 10:59:34,626 [main] INFO  volume.HddsVolume (HddsVolume.java:<init>(176)) - Creating Volume: /workdir/hadoop-ozone/integration-test/target/test-dir/MiniOzoneClusterImpl-110f9f20-3804-4026-bd60-0a894b7be794/datanode-1/data/containers/hdds of  storage type : DISK and capacity : 1482555576320
2019-09-25 10:59:34,627 [main] INFO  volume.VolumeSet (VolumeSet.java:initializeVolumeSet(170)) - Added Volume : /workdir/hadoop-ozone/integration-test/target/test-dir/MiniOzoneClusterImpl-110f9f20-3804-4026-bd60-0a894b7be794/datanode-1/data/containers/hdds to VolumeSet
2019-09-25 10:59:34,627 [main] INFO  volume.ThrottledAsyncChecker (ThrottledAsyncChecker.java:schedule(139)) - Scheduling a check for org.apache.hadoop.ozone.container.common.volume.HddsVolume@623dcf2a
2019-09-25 10:59:34,629 [main] INFO  volume.HddsVolumeChecker (HddsVolumeChecker.java:checkAllVolumes(202)) - Scheduled health check for volume org.apache.hadoop.ozone.container.common.volume.HddsVolume@623dcf2a
2019-09-25 10:59:34,652 [main] INFO  impl.RaftServerProxy (ConfUtils.java:logGet(43)) - raft.rpc.type = GRPC (default)
2019-09-25 10:59:34,652 [main] INFO  grpc.GrpcFactory (GrpcFactory.java:checkPooledByteBufAllocatorUseCacheForAllThreads(45)) - PERFORMANCE WARNING: useCacheForAllThreads is true that may cause Netty to create a lot garbage objects and, as a result, trigger GC.
	It is recommended to disable useCacheForAllThreads by setting -Dorg.apache.ratis.thirdparty.io.netty.allocator.useCacheForAllThreads=false in command line.
2019-09-25 10:59:34,653 [main] INFO  grpc.GrpcConfigKeys$Server (ConfUtils.java:logGet(43)) - raft.grpc.server.port = 0 (default)
2019-09-25 10:59:34,653 [main] INFO  server.GrpcService (ConfUtils.java:logGet(43)) - raft.grpc.message.size.max = 33570816 (custom)
2019-09-25 10:59:34,653 [main] INFO  server.RaftServerConfigKeys (ConfUtils.java:logGet(43)) - raft.server.log.appender.buffer.byte-limit = 33554432 (custom)
2019-09-25 10:59:34,653 [main] INFO  server.GrpcService (ConfUtils.java:logGet(43)) - raft.grpc.flow.control.window = 1MB (=1048576) (default)
2019-09-25 10:59:34,654 [main] INFO  server.RaftServerConfigKeys (ConfUtils.java:logGet(43)) - raft.server.rpc.request.timeout = 3000ms (default)
2019-09-25 10:59:34,654 [main] INFO  server.RaftServerConfigKeys (ConfUtils.java:logGet(43)) - raft.server.storage.dir = [/workdir/hadoop-ozone/integration-test/target/test-dir/MiniOzoneClusterImpl-110f9f20-3804-4026-bd60-0a894b7be794/datanode-1/data/ratis] (custom)
2019-09-25 10:59:34,656 [main] INFO  hdfs.DFSUtil (DFSUtil.java:httpServerTemplateForNNAndJN(1641)) - Starting Web-server for hddsDatanode at: http://0.0.0.0:0
2019-09-25 10:59:34,657 [main] INFO  server.AuthenticationFilter (AuthenticationFilter.java:constructSecretProvider(240)) - Unable to initialize FileSignerSecretProvider, falling back to use random secrets.
2019-09-25 10:59:34,658 [main] WARN  http.HttpRequestLog (HttpRequestLog.java:getRequestLog(97)) - Jetty request log can only be enabled using Log4j
2019-09-25 10:59:34,659 [main] INFO  http.HttpServer2 (HttpServer2.java:addGlobalFilter(975)) - Added global filter 'safety' (class=org.apache.hadoop.http.HttpServer2$QuotingInputFilter)
2019-09-25 10:59:34,660 [main] INFO  http.HttpServer2 (HttpServer2.java:addFilter(948)) - Added filter static_user_filter (class=org.apache.hadoop.http.lib.StaticUserWebFilter$StaticUserFilter) to context hddsDatanode
2019-09-25 10:59:34,660 [main] INFO  http.HttpServer2 (HttpServer2.java:addFilter(958)) - Added filter static_user_filter (class=org.apache.hadoop.http.lib.StaticUserWebFilter$StaticUserFilter) to context logs
2019-09-25 10:59:34,661 [main] INFO  http.HttpServer2 (HttpServer2.java:addFilter(958)) - Added filter static_user_filter (class=org.apache.hadoop.http.lib.StaticUserWebFilter$StaticUserFilter) to context static
2019-09-25 10:59:34,661 [main] INFO  http.HttpServer2 (HttpServer2.java:bindListener(1191)) - Jetty bound to port 34349
2019-09-25 10:59:34,662 [main] INFO  server.Server (Server.java:doStart(351)) - jetty-9.3.25.v20180904, build timestamp: 2018-09-04T21:11:46Z, git hash: 3ce520221d0240229c862b122d2b06c12a625732
2019-09-25 10:59:34,667 [main] INFO  handler.ContextHandler (ContextHandler.java:doStart(781)) - Started o.e.j.s.ServletContextHandler@654c7d2d{/logs,file:///workdir/hadoop-ozone/integration-test/target/log,AVAILABLE}
2019-09-25 10:59:34,667 [main] INFO  handler.ContextHandler (ContextHandler.java:doStart(781)) - Started o.e.j.s.ServletContextHandler@15400fff{/static,jar:file:/home/user/.m2/repository/org/apache/hadoop/hadoop-hdds-container-service/0.5.0-SNAPSHOT/hadoop-hdds-container-service-0.5.0-SNAPSHOT.jar!/webapps/static,AVAILABLE}
2019-09-25 10:59:34,701 [main] INFO  handler.ContextHandler (ContextHandler.java:doStart(781)) - Started o.e.j.w.WebAppContext@25ad4f71{/,file:///tmp/jetty-0.0.0.0-34349-hddsDatanode-_-any-8585018470970534778.dir/webapp/,AVAILABLE}{/hddsDatanode}
2019-09-25 10:59:34,701 [main] INFO  server.AbstractConnector (AbstractConnector.java:doStart(278)) - Started ServerConnector@49faf066{HTTP/1.1,[http/1.1]}{0.0.0.0:34349}
2019-09-25 10:59:34,702 [main] INFO  server.Server (Server.java:doStart(419)) - Started @5445ms
2019-09-25 10:59:34,702 [main] WARN  impl.MetricsSystemImpl (MetricsSystemImpl.java:register(276)) - Sink prometheus already exists!
2019-09-25 10:59:34,704 [main] INFO  server.BaseHttpServer (BaseHttpServer.java:updateConnectorAddress(215)) - HTTP server of HDDSDATANODE is listening at http://0.0.0.0:34349
2019-09-25 10:59:34,704 [main] INFO  impl.MetricsSystemImpl (MetricsSystemImpl.java:init(158)) - HddsDatanode metrics system started (again)
2019-09-25 10:59:34,708 [main] INFO  ozone.HddsDatanodeService (HddsDatanodeService.java:start(184)) - HddsDatanodeService host:pr-hdds-1569-5gmkr-4255264070 ip:192.168.30.6
2019-09-25 10:59:34,708 [org.apache.hadoop.util.JvmPauseMonitor$Monitor@4f650eba] INFO  util.JvmPauseMonitor (JvmPauseMonitor.java:run(188)) - Starting JVM pause monitor
2019-09-25 10:59:34,716 [main] INFO  volume.HddsVolume (HddsVolume.java:<init>(176)) - Creating Volume: /workdir/hadoop-ozone/integration-test/target/test-dir/MiniOzoneClusterImpl-110f9f20-3804-4026-bd60-0a894b7be794/datanode-2/data/containers/hdds of  storage type : DISK and capacity : 1482555576320
2019-09-25 10:59:34,717 [main] INFO  volume.VolumeSet (VolumeSet.java:initializeVolumeSet(170)) - Added Volume : /workdir/hadoop-ozone/integration-test/target/test-dir/MiniOzoneClusterImpl-110f9f20-3804-4026-bd60-0a894b7be794/datanode-2/data/containers/hdds to VolumeSet
2019-09-25 10:59:34,717 [main] INFO  volume.ThrottledAsyncChecker (ThrottledAsyncChecker.java:schedule(139)) - Scheduling a check for org.apache.hadoop.ozone.container.common.volume.HddsVolume@30b131b2
2019-09-25 10:59:34,718 [main] INFO  volume.HddsVolumeChecker (HddsVolumeChecker.java:checkAllVolumes(202)) - Scheduled health check for volume org.apache.hadoop.ozone.container.common.volume.HddsVolume@30b131b2
2019-09-25 10:59:34,734 [main] INFO  impl.RaftServerProxy (ConfUtils.java:logGet(43)) - raft.rpc.type = GRPC (default)
2019-09-25 10:59:34,734 [main] INFO  grpc.GrpcFactory (GrpcFactory.java:checkPooledByteBufAllocatorUseCacheForAllThreads(45)) - PERFORMANCE WARNING: useCacheForAllThreads is true that may cause Netty to create a lot garbage objects and, as a result, trigger GC.
	It is recommended to disable useCacheForAllThreads by setting -Dorg.apache.ratis.thirdparty.io.netty.allocator.useCacheForAllThreads=false in command line.
2019-09-25 10:59:34,734 [main] INFO  grpc.GrpcConfigKeys$Server (ConfUtils.java:logGet(43)) - raft.grpc.server.port = 0 (default)
2019-09-25 10:59:34,735 [main] INFO  server.GrpcService (ConfUtils.java:logGet(43)) - raft.grpc.message.size.max = 33570816 (custom)
2019-09-25 10:59:34,735 [main] INFO  server.RaftServerConfigKeys (ConfUtils.java:logGet(43)) - raft.server.log.appender.buffer.byte-limit = 33554432 (custom)
2019-09-25 10:59:34,735 [main] INFO  server.GrpcService (ConfUtils.java:logGet(43)) - raft.grpc.flow.control.window = 1MB (=1048576) (default)
2019-09-25 10:59:34,735 [main] INFO  server.RaftServerConfigKeys (ConfUtils.java:logGet(43)) - raft.server.rpc.request.timeout = 3000ms (default)
2019-09-25 10:59:34,736 [main] INFO  server.RaftServerConfigKeys (ConfUtils.java:logGet(43)) - raft.server.storage.dir = [/workdir/hadoop-ozone/integration-test/target/test-dir/MiniOzoneClusterImpl-110f9f20-3804-4026-bd60-0a894b7be794/datanode-2/data/ratis] (custom)
2019-09-25 10:59:34,738 [main] INFO  hdfs.DFSUtil (DFSUtil.java:httpServerTemplateForNNAndJN(1641)) - Starting Web-server for hddsDatanode at: http://0.0.0.0:0
2019-09-25 10:59:34,739 [Datanode State Machine Thread - 0] INFO  datanode.InitDatanodeState (InitDatanodeState.java:persistContainerDatanodeDetails(140)) - DatanodeDetails is persisted to /workdir/hadoop-ozone/integration-test/target/test-dir/MiniOzoneClusterImpl-110f9f20-3804-4026-bd60-0a894b7be794/datanode-0/meta/datanode.id
2019-09-25 10:59:34,739 [main] INFO  server.AuthenticationFilter (AuthenticationFilter.java:constructSecretProvider(240)) - Unable to initialize FileSignerSecretProvider, falling back to use random secrets.
2019-09-25 10:59:34,741 [main] WARN  http.HttpRequestLog (HttpRequestLog.java:getRequestLog(97)) - Jetty request log can only be enabled using Log4j
2019-09-25 10:59:34,744 [Datanode State Machine Thread - 0] INFO  datanode.InitDatanodeState (InitDatanodeState.java:persistContainerDatanodeDetails(140)) - DatanodeDetails is persisted to /workdir/hadoop-ozone/integration-test/target/test-dir/MiniOzoneClusterImpl-110f9f20-3804-4026-bd60-0a894b7be794/datanode-1/meta/datanode.id
2019-09-25 10:59:34,744 [main] INFO  http.HttpServer2 (HttpServer2.java:addGlobalFilter(975)) - Added global filter 'safety' (class=org.apache.hadoop.http.HttpServer2$QuotingInputFilter)
2019-09-25 10:59:34,745 [main] INFO  http.HttpServer2 (HttpServer2.java:addFilter(948)) - Added filter static_user_filter (class=org.apache.hadoop.http.lib.StaticUserWebFilter$StaticUserFilter) to context hddsDatanode
2019-09-25 10:59:34,745 [main] INFO  http.HttpServer2 (HttpServer2.java:addFilter(958)) - Added filter static_user_filter (class=org.apache.hadoop.http.lib.StaticUserWebFilter$StaticUserFilter) to context static
2019-09-25 10:59:34,745 [main] INFO  http.HttpServer2 (HttpServer2.java:addFilter(958)) - Added filter static_user_filter (class=org.apache.hadoop.http.lib.StaticUserWebFilter$StaticUserFilter) to context logs
2019-09-25 10:59:34,746 [main] INFO  http.HttpServer2 (HttpServer2.java:bindListener(1191)) - Jetty bound to port 45806
2019-09-25 10:59:34,746 [main] INFO  server.Server (Server.java:doStart(351)) - jetty-9.3.25.v20180904, build timestamp: 2018-09-04T21:11:46Z, git hash: 3ce520221d0240229c862b122d2b06c12a625732
2019-09-25 10:59:34,748 [main] INFO  handler.ContextHandler (ContextHandler.java:doStart(781)) - Started o.e.j.s.ServletContextHandler@5af8bb51{/logs,file:///workdir/hadoop-ozone/integration-test/target/log,AVAILABLE}
2019-09-25 10:59:34,749 [main] INFO  handler.ContextHandler (ContextHandler.java:doStart(781)) - Started o.e.j.s.ServletContextHandler@2e66bc32{/static,jar:file:/home/user/.m2/repository/org/apache/hadoop/hadoop-hdds-container-service/0.5.0-SNAPSHOT/hadoop-hdds-container-service-0.5.0-SNAPSHOT.jar!/webapps/static,AVAILABLE}
2019-09-25 10:59:34,779 [main] INFO  handler.ContextHandler (ContextHandler.java:doStart(781)) - Started o.e.j.w.WebAppContext@328d044f{/,file:///tmp/jetty-0.0.0.0-45806-hddsDatanode-_-any-4478227297449642378.dir/webapp/,AVAILABLE}{/hddsDatanode}
2019-09-25 10:59:34,780 [main] INFO  server.AbstractConnector (AbstractConnector.java:doStart(278)) - Started ServerConnector@10f7c76{HTTP/1.1,[http/1.1]}{0.0.0.0:45806}
2019-09-25 10:59:34,781 [main] INFO  server.Server (Server.java:doStart(419)) - Started @5523ms
2019-09-25 10:59:34,782 [main] WARN  impl.MetricsSystemImpl (MetricsSystemImpl.java:register(276)) - Sink prometheus already exists!
2019-09-25 10:59:34,782 [main] INFO  server.BaseHttpServer (BaseHttpServer.java:updateConnectorAddress(215)) - HTTP server of HDDSDATANODE is listening at http://0.0.0.0:45806
2019-09-25 10:59:34,785 [main] INFO  ozone.MiniOzoneClusterImpl (MiniOzoneClusterImpl.java:lambda$waitForClusterToBeReady$0(147)) - Waiting for cluster to be ready. Got 0 of 3 DN Heartbeats.
2019-09-25 10:59:34,785 [org.apache.hadoop.util.JvmPauseMonitor$Monitor@28c9edee] INFO  util.JvmPauseMonitor (JvmPauseMonitor.java:run(188)) - Starting JVM pause monitor
2019-09-25 10:59:34,788 [Datanode State Machine Thread - 0] INFO  datanode.InitDatanodeState (InitDatanodeState.java:persistContainerDatanodeDetails(140)) - DatanodeDetails is persisted to /workdir/hadoop-ozone/integration-test/target/test-dir/MiniOzoneClusterImpl-110f9f20-3804-4026-bd60-0a894b7be794/datanode-2/meta/datanode.id
2019-09-25 10:59:35,786 [main] INFO  ozone.MiniOzoneClusterImpl (MiniOzoneClusterImpl.java:lambda$waitForClusterToBeReady$0(147)) - Waiting for cluster to be ready. Got 0 of 3 DN Heartbeats.
2019-09-25 10:59:36,787 [main] INFO  ozone.MiniOzoneClusterImpl (MiniOzoneClusterImpl.java:lambda$waitForClusterToBeReady$0(147)) - Waiting for cluster to be ready. Got 0 of 3 DN Heartbeats.
2019-09-25 10:59:37,635 [Datanode State Machine Thread - 0] INFO  ozoneimpl.OzoneContainer (OzoneContainer.java:start(217)) - Attempting to start container services.
2019-09-25 10:59:37,635 [Datanode State Machine Thread - 0] INFO  ozoneimpl.OzoneContainer (OzoneContainer.java:start(217)) - Attempting to start container services.
2019-09-25 10:59:37,635 [Datanode State Machine Thread - 0] INFO  ozoneimpl.OzoneContainer (OzoneContainer.java:start(217)) - Attempting to start container services.
2019-09-25 10:59:37,640 [Datanode State Machine Thread - 0] INFO  ozoneimpl.OzoneContainer (OzoneContainer.java:startContainerScrub(179)) - Background container scanner has been disabled.
2019-09-25 10:59:37,640 [Datanode State Machine Thread - 0] INFO  ozoneimpl.OzoneContainer (OzoneContainer.java:startContainerScrub(179)) - Background container scanner has been disabled.
2019-09-25 10:59:37,640 [Datanode State Machine Thread - 0] INFO  ozoneimpl.OzoneContainer (OzoneContainer.java:startContainerScrub(179)) - Background container scanner has been disabled.
2019-09-25 10:59:37,641 [Datanode State Machine Thread - 0] INFO  ratis.XceiverServerRatis (XceiverServerRatis.java:start(411)) - Starting XceiverServerRatis f2525173-cb6f-4e19-b7a8-94fd7e94e7f3 at port 0
2019-09-25 10:59:37,640 [Datanode State Machine Thread - 0] INFO  ratis.XceiverServerRatis (XceiverServerRatis.java:start(411)) - Starting XceiverServerRatis 5d5b7118-3eba-4e8b-b91b-00faf4d5a6cf at port 0
2019-09-25 10:59:37,641 [Datanode State Machine Thread - 0] INFO  ratis.XceiverServerRatis (XceiverServerRatis.java:start(411)) - Starting XceiverServerRatis 0d44471b-600b-4cb7-a12a-d464fbbb4546 at port 0
2019-09-25 10:59:37,686 [Datanode State Machine Thread - 0] INFO  impl.RaftServerProxy (RaftServerProxy.java:lambda$start$3(299)) - 0d44471b-600b-4cb7-a12a-d464fbbb4546: start RPC server
2019-09-25 10:59:37,686 [Datanode State Machine Thread - 0] INFO  impl.RaftServerProxy (RaftServerProxy.java:lambda$start$3(299)) - 5d5b7118-3eba-4e8b-b91b-00faf4d5a6cf: start RPC server
2019-09-25 10:59:37,686 [Datanode State Machine Thread - 0] INFO  impl.RaftServerProxy (RaftServerProxy.java:lambda$start$3(299)) - f2525173-cb6f-4e19-b7a8-94fd7e94e7f3: start RPC server
2019-09-25 10:59:37,788 [main] INFO  ozone.MiniOzoneClusterImpl (MiniOzoneClusterImpl.java:lambda$waitForClusterToBeReady$0(147)) - Waiting for cluster to be ready. Got 0 of 3 DN Heartbeats.
2019-09-25 10:59:37,853 [Datanode State Machine Thread - 0] INFO  server.GrpcService (GrpcService.java:startImpl(158)) - 5d5b7118-3eba-4e8b-b91b-00faf4d5a6cf: GrpcService started, listening on 0.0.0.0/0.0.0.0:42549
2019-09-25 10:59:37,853 [Datanode State Machine Thread - 0] INFO  server.GrpcService (GrpcService.java:startImpl(158)) - f2525173-cb6f-4e19-b7a8-94fd7e94e7f3: GrpcService started, listening on 0.0.0.0/0.0.0.0:40876
2019-09-25 10:59:37,853 [Datanode State Machine Thread - 0] INFO  server.GrpcService (GrpcService.java:startImpl(158)) - 0d44471b-600b-4cb7-a12a-d464fbbb4546: GrpcService started, listening on 0.0.0.0/0.0.0.0:37450
2019-09-25 10:59:37,854 [Datanode State Machine Thread - 0] INFO  ratis.XceiverServerRatis (XceiverServerRatis.java:start(421)) - XceiverServerRatis f2525173-cb6f-4e19-b7a8-94fd7e94e7f3 is started using port 40876
2019-09-25 10:59:37,854 [Datanode State Machine Thread - 0] INFO  ratis.XceiverServerRatis (XceiverServerRatis.java:start(421)) - XceiverServerRatis 5d5b7118-3eba-4e8b-b91b-00faf4d5a6cf is started using port 42549
2019-09-25 10:59:37,854 [Datanode State Machine Thread - 0] INFO  ratis.XceiverServerRatis (XceiverServerRatis.java:start(421)) - XceiverServerRatis 0d44471b-600b-4cb7-a12a-d464fbbb4546 is started using port 37450
2019-09-25 10:59:37,861 [Datanode State Machine Thread - 0] INFO  server.XceiverServerGrpc (XceiverServerGrpc.java:start(149)) - XceiverServerGrpc 5d5b7118-3eba-4e8b-b91b-00faf4d5a6cf is started using port 41847
2019-09-25 10:59:37,861 [Datanode State Machine Thread - 0] INFO  server.XceiverServerGrpc (XceiverServerGrpc.java:start(149)) - XceiverServerGrpc 0d44471b-600b-4cb7-a12a-d464fbbb4546 is started using port 36152
2019-09-25 10:59:37,861 [Datanode State Machine Thread - 0] INFO  server.XceiverServerGrpc (XceiverServerGrpc.java:start(149)) - XceiverServerGrpc f2525173-cb6f-4e19-b7a8-94fd7e94e7f3 is started using port 40640
2019-09-25 10:59:38,661 [IPC Server handler 0 on 36511] INFO  net.NetworkTopology (NetworkTopologyImpl.java:add(111)) - Added a new node: /default-rack/f2525173-cb6f-4e19-b7a8-94fd7e94e7f3
2019-09-25 10:59:38,662 [IPC Server handler 0 on 36511] INFO  node.SCMNodeManager (SCMNodeManager.java:register(266)) - Registered Data node : f2525173-cb6f-4e19-b7a8-94fd7e94e7f3{ip: 192.168.30.6, host: pr-hdds-1569-5gmkr-4255264070, networkLocation: /default-rack, certSerialId: null}
2019-09-25 10:59:38,666 [EventQueue-NodeRegistrationContainerReportForDataNodeSafeModeRule] INFO  safemode.SCMSafeModeManager (DataNodeSafeModeRule.java:process(71)) - SCM in safe mode. 1 DataNodes registered, 1 required.
2019-09-25 10:59:38,667 [EventQueue-NodeRegistrationContainerReportForDataNodeSafeModeRule] INFO  safemode.SCMSafeModeManager (SCMSafeModeManager.java:validateSafeModeExitRules(177)) - ScmSafeModeManager, all rules are successfully validated
2019-09-25 10:59:38,667 [EventQueue-NodeRegistrationContainerReportForDataNodeSafeModeRule] INFO  safemode.SCMSafeModeManager (SCMSafeModeManager.java:exitSafeMode(193)) - SCM exiting safe mode.
2019-09-25 10:59:38,711 [IPC Server handler 2 on 36511] INFO  net.NetworkTopology (NetworkTopologyImpl.java:add(111)) - Added a new node: /default-rack/5d5b7118-3eba-4e8b-b91b-00faf4d5a6cf
2019-09-25 10:59:38,711 [IPC Server handler 2 on 36511] INFO  node.SCMNodeManager (SCMNodeManager.java:register(266)) - Registered Data node : 5d5b7118-3eba-4e8b-b91b-00faf4d5a6cf{ip: 192.168.30.6, host: pr-hdds-1569-5gmkr-4255264070, networkLocation: /default-rack, certSerialId: null}
2019-09-25 10:59:38,788 [IPC Server handler 1 on 36511] INFO  net.NetworkTopology (NetworkTopologyImpl.java:add(111)) - Added a new node: /default-rack/0d44471b-600b-4cb7-a12a-d464fbbb4546
2019-09-25 10:59:38,788 [IPC Server handler 1 on 36511] INFO  node.SCMNodeManager (SCMNodeManager.java:register(266)) - Registered Data node : 0d44471b-600b-4cb7-a12a-d464fbbb4546{ip: 192.168.30.6, host: pr-hdds-1569-5gmkr-4255264070, networkLocation: /default-rack, certSerialId: null}
2019-09-25 10:59:38,789 [main] INFO  ozone.MiniOzoneClusterImpl (MiniOzoneClusterImpl.java:lambda$waitForClusterToBeReady$0(147)) - Cluster is ready. Got 3 of 3 DN Heartbeats.
2019-09-25 10:59:39,131 [grpc-default-executor-0] INFO  impl.RaftServerProxy (RaftServerProxy.java:addNew(89)) - f2525173-cb6f-4e19-b7a8-94fd7e94e7f3: addNew group-E46C88A845EA:[f2525173-cb6f-4e19-b7a8-94fd7e94e7f3:192.168.30.6:40876] returns group-E46C88A845EA:java.util.concurrent.CompletableFuture@4320bb57[Not completed]
2019-09-25 10:59:39,146 [pool-27-thread-1] INFO  impl.RaftServerImpl (RaftServerImpl.java:<init>(95)) - f2525173-cb6f-4e19-b7a8-94fd7e94e7f3: new RaftServerImpl for group-E46C88A845EA:[f2525173-cb6f-4e19-b7a8-94fd7e94e7f3:192.168.30.6:40876] with ContainerStateMachine:uninitialized
2019-09-25 10:59:39,149 [pool-27-thread-1] INFO  server.RaftServerConfigKeys (ConfUtils.java:logGet(43)) - raft.server.rpc.timeout.min = 5s (custom)
2019-09-25 10:59:39,150 [pool-27-thread-1] INFO  server.RaftServerConfigKeys (ConfUtils.java:logGet(43)) - raft.server.rpc.timeout.max = 5200ms (custom)
2019-09-25 10:59:39,150 [pool-27-thread-1] INFO  server.RaftServerConfigKeys (ConfUtils.java:logGet(43)) - raft.server.rpcslowness.timeout = 120s (custom)
2019-09-25 10:59:39,151 [pool-27-thread-1] INFO  server.RaftServerConfigKeys (ConfUtils.java:logGet(43)) - raft.server.sleep.deviation.threshold = 300 (default)
2019-09-25 10:59:39,152 [pool-27-thread-1] INFO  server.RaftServerConfigKeys (ConfUtils.java:logGet(43)) - raft.server.log.appender.install.snapshot.enabled = false (custom)
2019-09-25 10:59:39,159 [pool-27-thread-1] INFO  impl.RaftServerImpl (ServerState.java:<init>(103)) - f2525173-cb6f-4e19-b7a8-94fd7e94e7f3@group-E46C88A845EA: ConfigurationManager, init=-1: [f2525173-cb6f-4e19-b7a8-94fd7e94e7f3:192.168.30.6:40876], old=null, confs=<EMPTY_MAP>
2019-09-25 10:59:39,159 [pool-27-thread-1] INFO  server.RaftServerConfigKeys (ConfUtils.java:logGet(43)) - raft.server.storage.dir = [/workdir/hadoop-ozone/integration-test/target/test-dir/MiniOzoneClusterImpl-110f9f20-3804-4026-bd60-0a894b7be794/datanode-0/data/ratis] (custom)
2019-09-25 10:59:39,168 [pool-27-thread-1] INFO  storage.RaftStorageDirectory (RaftStorageDirectory.java:analyzeStorage(246)) - The storage directory /workdir/hadoop-ozone/integration-test/target/test-dir/MiniOzoneClusterImpl-110f9f20-3804-4026-bd60-0a894b7be794/datanode-0/data/ratis/d1b92e02-0a86-4249-9d9e-e46c88a845ea does not exist. Creating ...
2019-09-25 10:59:39,175 [pool-27-thread-1] INFO  storage.RaftStorageDirectory (RaftStorageDirectory.java:tryLock(328)) - Lock on /workdir/hadoop-ozone/integration-test/target/test-dir/MiniOzoneClusterImpl-110f9f20-3804-4026-bd60-0a894b7be794/datanode-0/data/ratis/d1b92e02-0a86-4249-9d9e-e46c88a845ea/in_use.lock acquired by nodename 20993@pr-hdds-1569-5gmkr-4255264070
2019-09-25 10:59:39,189 [pool-27-thread-1] INFO  storage.RaftStorage (RaftStorage.java:format(72)) - Storage directory /workdir/hadoop-ozone/integration-test/target/test-dir/MiniOzoneClusterImpl-110f9f20-3804-4026-bd60-0a894b7be794/datanode-0/data/ratis/d1b92e02-0a86-4249-9d9e-e46c88a845ea has been successfully formatted.
2019-09-25 10:59:39,191 [pool-27-thread-1] INFO  ratis.ContainerStateMachine (ContainerStateMachine.java:loadSnapshot(230)) - group-E46C88A845EA: The snapshot info is null. Setting the last applied indexto:(t:0, i:~)
2019-09-25 10:59:39,192 [pool-27-thread-1] INFO  server.RaftServerConfigKeys (ConfUtils.java:logGet(43)) - raft.server.notification.no-leader.timeout = 120s (custom)
2019-09-25 10:59:39,196 [pool-27-thread-1] INFO  server.RaftServerConfigKeys (ConfUtils.java:logGet(43)) - raft.server.log.use.memory = false (default)
2019-09-25 10:59:39,208 [pool-27-thread-1] INFO  server.RaftServerConfigKeys (ConfUtils.java:logGet(43)) - raft.server.log.purge.gap = 1000000 (custom)
2019-09-25 10:59:39,208 [pool-27-thread-1] INFO  server.RaftServerConfigKeys (ConfUtils.java:logGet(43)) - raft.server.log.appender.buffer.byte-limit = 33554432 (custom)
2019-09-25 10:59:39,211 [pool-27-thread-1] INFO  server.RaftServerConfigKeys (ConfUtils.java:logGet(43)) - raft.server.log.segment.size.max = 1048576 (custom)
2019-09-25 10:59:39,217 [pool-27-thread-1] INFO  server.RaftServerConfigKeys (ConfUtils.java:logGet(43)) - raft.server.log.segment.cache.num.max = 2 (custom)
2019-09-25 10:59:39,223 [pool-27-thread-1] INFO  segmented.SegmentedRaftLogWorker (SegmentedRaftLogWorker.java:<init>(172)) - new f2525173-cb6f-4e19-b7a8-94fd7e94e7f3@group-E46C88A845EA-SegmentedRaftLogWorker for RaftStorage:Storage Directory /workdir/hadoop-ozone/integration-test/target/test-dir/MiniOzoneClusterImpl-110f9f20-3804-4026-bd60-0a894b7be794/datanode-0/data/ratis/d1b92e02-0a86-4249-9d9e-e46c88a845ea
2019-09-25 10:59:39,225 [pool-27-thread-1] INFO  impl.MetricsSystemImpl (MetricsSystemImpl.java:init(158)) - ratis metrics system started (again)
2019-09-25 10:59:39,237 [pool-27-thread-1] INFO  metrics.MetricRegistries (MetricRegistriesLoader.java:load(64)) - Loaded MetricRegistries class org.apache.ratis.metrics.impl.MetricRegistriesImpl
2019-09-25 10:59:39,271 [pool-27-thread-1] INFO  server.RaftServerConfigKeys (ConfUtils.java:logGet(43)) - raft.server.log.queue.byte-limit = 2147483647 (custom)
2019-09-25 10:59:39,272 [pool-27-thread-1] INFO  server.RaftServerConfigKeys (ConfUtils.java:logGet(43)) - raft.server.log.queue.element-limit = 1024 (custom)
2019-09-25 10:59:39,275 [pool-27-thread-1] INFO  server.RaftServerConfigKeys (ConfUtils.java:logGet(43)) - raft.server.log.segment.size.max = 1048576 (custom)
2019-09-25 10:59:39,281 [pool-27-thread-1] INFO  server.RaftServerConfigKeys (ConfUtils.java:logGet(43)) - raft.server.log.preallocated.size = 16384 (custom)
2019-09-25 10:59:39,281 [pool-27-thread-1] INFO  server.RaftServerConfigKeys (ConfUtils.java:logGet(43)) - raft.server.log.write.buffer.size = 33554432 (custom)
2019-09-25 10:59:39,282 [pool-27-thread-1] INFO  server.RaftServerConfigKeys (ConfUtils.java:logGet(43)) - raft.server.log.force.sync.num = 128 (default)
2019-09-25 10:59:39,283 [pool-27-thread-1] INFO  server.RaftServerConfigKeys (ConfUtils.java:logGet(43)) - raft.server.log.statemachine.data.sync = true (default)
2019-09-25 10:59:39,283 [pool-27-thread-1] INFO  server.RaftServerConfigKeys (ConfUtils.java:logGet(43)) - raft.server.log.statemachine.data.sync.timeout = 10s (default)
2019-09-25 10:59:39,284 [pool-27-thread-1] INFO  server.RaftServerConfigKeys (ConfUtils.java:logGet(43)) - raft.server.log.statemachine.data.sync.timeout.retry = -1 (default)
2019-09-25 10:59:39,287 [main] INFO  rpc.RpcClient (RpcClient.java:createVolume(276)) - Creating Volume: e7a1d40e-c9e4-4cf2-bc6d-2d80c6cd77bc, with jenkins1000 as owner.
2019-09-25 10:59:39,293 [pool-27-thread-1] INFO  server.RaftServerConfigKeys (ConfUtils.java:logGet(43)) - raft.server.log.statemachine.data.caching.enabled = true (custom)
2019-09-25 10:59:39,299 [pool-27-thread-1] INFO  segmented.SegmentedRaftLogWorker (SegmentedRaftLogWorker.java:lambda$new$0(132)) - f2525173-cb6f-4e19-b7a8-94fd7e94e7f3@group-E46C88A845EA-SegmentedRaftLogWorker: flushIndex: setUnconditionally 0 -> -1
2019-09-25 10:59:39,303 [pool-27-thread-1] INFO  server.RaftServerConfigKeys (ConfUtils.java:logGet(43)) - raft.server.snapshot.auto.trigger.enabled = true (custom)
2019-09-25 10:59:39,304 [pool-27-thread-1] INFO  server.RaftServerConfigKeys (ConfUtils.java:logGet(43)) - raft.server.snapshot.auto.trigger.threshold = 10000 (custom)
2019-09-25 10:59:39,305 [pool-27-thread-1] INFO  server.RaftServerConfigKeys (ConfUtils.java:logGet(43)) - raft.server.snapshot.retention.num.files = 5 (custom)
2019-09-25 10:59:39,305 [pool-27-thread-1] INFO  server.RaftServerConfigKeys (ConfUtils.java:logGet(43)) - raft.server.retrycache.expirytime = 600000ms (custom)
2019-09-25 10:59:39,333 [pool-27-thread-1] INFO  impl.RaftServerImpl (RaftServerImpl.java:start(185)) - f2525173-cb6f-4e19-b7a8-94fd7e94e7f3@group-E46C88A845EA: start as a follower, conf=-1: [f2525173-cb6f-4e19-b7a8-94fd7e94e7f3:192.168.30.6:40876], old=null
2019-09-25 10:59:39,334 [pool-27-thread-1] INFO  impl.RaftServerImpl (RaftServerImpl.java:setRole(174)) - f2525173-cb6f-4e19-b7a8-94fd7e94e7f3@group-E46C88A845EA: changes role from      null to FOLLOWER at term 0 for startAsFollower
2019-09-25 10:59:39,336 [pool-27-thread-1] INFO  impl.RoleInfo (RoleInfo.java:updateAndGet(143)) - f2525173-cb6f-4e19-b7a8-94fd7e94e7f3: start FollowerState
2019-09-25 10:59:39,338 [pool-27-thread-1] INFO  util.JmxRegister (JmxRegister.java:tryRegister(44)) - Successfully registered JMX Bean with object name Ratis:service=RaftServer,group=group-E46C88A845EA,id=f2525173-cb6f-4e19-b7a8-94fd7e94e7f3
2019-09-25 10:59:39,399 [IPC Server handler 1 on 45534] INFO  volume.OMVolumeCreateRequest (OMVolumeCreateRequest.java:validateAndUpdateCache(189)) - created volume:e7a1d40e-c9e4-4cf2-bc6d-2d80c6cd77bc for user:jenkins1000
2019-09-25 10:59:39,405 [RatisPipelineUtilsThread] INFO  pipeline.PipelineStateManager (PipelineStateManager.java:addPipeline(56)) - Created pipeline Pipeline[ Id: d1b92e02-0a86-4249-9d9e-e46c88a845ea, Nodes: f2525173-cb6f-4e19-b7a8-94fd7e94e7f3{ip: 192.168.30.6, host: pr-hdds-1569-5gmkr-4255264070, networkLocation: /default-rack, certSerialId: null}, Type:RATIS, Factor:ONE, State:OPEN]
2019-09-25 10:59:39,435 [grpc-default-executor-0] INFO  impl.RaftServerProxy (RaftServerProxy.java:addNew(89)) - 0d44471b-600b-4cb7-a12a-d464fbbb4546: addNew group-A1B284E7813E:[0d44471b-600b-4cb7-a12a-d464fbbb4546:192.168.30.6:37450] returns group-A1B284E7813E:java.util.concurrent.CompletableFuture@3a5ec06b[Not completed]
2019-09-25 10:59:39,436 [main] INFO  rpc.RpcClient (RpcClient.java:createBucket(415)) - Creating Bucket: e7a1d40e-c9e4-4cf2-bc6d-2d80c6cd77bc/b3f44a7b-4b86-4841-9665-2f397c51dc75, with Versioning false and Storage Type set to DISK and Encryption set to false 
2019-09-25 10:59:39,463 [pool-47-thread-1] INFO  impl.RaftServerImpl (RaftServerImpl.java:<init>(95)) - 0d44471b-600b-4cb7-a12a-d464fbbb4546: new RaftServerImpl for group-A1B284E7813E:[0d44471b-600b-4cb7-a12a-d464fbbb4546:192.168.30.6:37450] with ContainerStateMachine:uninitialized
2019-09-25 10:59:39,464 [pool-47-thread-1] INFO  server.RaftServerConfigKeys (ConfUtils.java:logGet(43)) - raft.server.rpc.timeout.min = 5s (custom)
2019-09-25 10:59:39,464 [pool-47-thread-1] INFO  server.RaftServerConfigKeys (ConfUtils.java:logGet(43)) - raft.server.rpc.timeout.max = 5200ms (custom)
2019-09-25 10:59:39,464 [pool-47-thread-1] INFO  server.RaftServerConfigKeys (ConfUtils.java:logGet(43)) - raft.server.rpcslowness.timeout = 120s (custom)
2019-09-25 10:59:39,465 [pool-47-thread-1] INFO  server.RaftServerConfigKeys (ConfUtils.java:logGet(43)) - raft.server.sleep.deviation.threshold = 300 (default)
2019-09-25 10:59:39,465 [pool-47-thread-1] INFO  server.RaftServerConfigKeys (ConfUtils.java:logGet(43)) - raft.server.log.appender.install.snapshot.enabled = false (custom)
2019-09-25 10:59:39,465 [pool-47-thread-1] INFO  impl.RaftServerImpl (ServerState.java:<init>(103)) - 0d44471b-600b-4cb7-a12a-d464fbbb4546@group-A1B284E7813E: ConfigurationManager, init=-1: [0d44471b-600b-4cb7-a12a-d464fbbb4546:192.168.30.6:37450], old=null, confs=<EMPTY_MAP>
2019-09-25 10:59:39,465 [pool-47-thread-1] INFO  server.RaftServerConfigKeys (ConfUtils.java:logGet(43)) - raft.server.storage.dir = [/workdir/hadoop-ozone/integration-test/target/test-dir/MiniOzoneClusterImpl-110f9f20-3804-4026-bd60-0a894b7be794/datanode-2/data/ratis] (custom)
2019-09-25 10:59:39,466 [pool-47-thread-1] INFO  storage.RaftStorageDirectory (RaftStorageDirectory.java:analyzeStorage(246)) - The storage directory /workdir/hadoop-ozone/integration-test/target/test-dir/MiniOzoneClusterImpl-110f9f20-3804-4026-bd60-0a894b7be794/datanode-2/data/ratis/04aec6e7-85ab-448f-8c64-a1b284e7813e does not exist. Creating ...
2019-09-25 10:59:39,480 [pool-47-thread-1] INFO  storage.RaftStorageDirectory (RaftStorageDirectory.java:tryLock(328)) - Lock on /workdir/hadoop-ozone/integration-test/target/test-dir/MiniOzoneClusterImpl-110f9f20-3804-4026-bd60-0a894b7be794/datanode-2/data/ratis/04aec6e7-85ab-448f-8c64-a1b284e7813e/in_use.lock acquired by nodename 20993@pr-hdds-1569-5gmkr-4255264070
2019-09-25 10:59:39,489 [pool-47-thread-1] INFO  storage.RaftStorage (RaftStorage.java:format(72)) - Storage directory /workdir/hadoop-ozone/integration-test/target/test-dir/MiniOzoneClusterImpl-110f9f20-3804-4026-bd60-0a894b7be794/datanode-2/data/ratis/04aec6e7-85ab-448f-8c64-a1b284e7813e has been successfully formatted.
2019-09-25 10:59:39,490 [pool-47-thread-1] INFO  ratis.ContainerStateMachine (ContainerStateMachine.java:loadSnapshot(230)) - group-A1B284E7813E: The snapshot info is null. Setting the last applied indexto:(t:0, i:~)
2019-09-25 10:59:39,491 [pool-47-thread-1] INFO  server.RaftServerConfigKeys (ConfUtils.java:logGet(43)) - raft.server.notification.no-leader.timeout = 120s (custom)
2019-09-25 10:59:39,491 [pool-47-thread-1] INFO  server.RaftServerConfigKeys (ConfUtils.java:logGet(43)) - raft.server.log.use.memory = false (default)
2019-09-25 10:59:39,491 [pool-47-thread-1] INFO  server.RaftServerConfigKeys (ConfUtils.java:logGet(43)) - raft.server.log.purge.gap = 1000000 (custom)
2019-09-25 10:59:39,492 [pool-47-thread-1] INFO  server.RaftServerConfigKeys (ConfUtils.java:logGet(43)) - raft.server.log.appender.buffer.byte-limit = 33554432 (custom)
2019-09-25 10:59:39,492 [pool-47-thread-1] INFO  server.RaftServerConfigKeys (ConfUtils.java:logGet(43)) - raft.server.log.segment.size.max = 1048576 (custom)
2019-09-25 10:59:39,492 [pool-47-thread-1] INFO  server.RaftServerConfigKeys (ConfUtils.java:logGet(43)) - raft.server.log.segment.cache.num.max = 2 (custom)
2019-09-25 10:59:39,492 [pool-47-thread-1] INFO  segmented.SegmentedRaftLogWorker (SegmentedRaftLogWorker.java:<init>(172)) - new 0d44471b-600b-4cb7-a12a-d464fbbb4546@group-A1B284E7813E-SegmentedRaftLogWorker for RaftStorage:Storage Directory /workdir/hadoop-ozone/integration-test/target/test-dir/MiniOzoneClusterImpl-110f9f20-3804-4026-bd60-0a894b7be794/datanode-2/data/ratis/04aec6e7-85ab-448f-8c64-a1b284e7813e
2019-09-25 10:59:39,499 [pool-47-thread-1] INFO  server.RaftServerConfigKeys (ConfUtils.java:logGet(43)) - raft.server.log.queue.byte-limit = 2147483647 (custom)
2019-09-25 10:59:39,499 [pool-47-thread-1] INFO  server.RaftServerConfigKeys (ConfUtils.java:logGet(43)) - raft.server.log.queue.element-limit = 1024 (custom)
2019-09-25 10:59:39,499 [pool-47-thread-1] INFO  server.RaftServerConfigKeys (ConfUtils.java:logGet(43)) - raft.server.log.segment.size.max = 1048576 (custom)
2019-09-25 10:59:39,500 [pool-47-thread-1] INFO  server.RaftServerConfigKeys (ConfUtils.java:logGet(43)) - raft.server.log.preallocated.size = 16384 (custom)
2019-09-25 10:59:39,500 [pool-47-thread-1] INFO  server.RaftServerConfigKeys (ConfUtils.java:logGet(43)) - raft.server.log.write.buffer.size = 33554432 (custom)
2019-09-25 10:59:39,500 [pool-47-thread-1] INFO  server.RaftServerConfigKeys (ConfUtils.java:logGet(43)) - raft.server.log.force.sync.num = 128 (default)
2019-09-25 10:59:39,500 [pool-47-thread-1] INFO  server.RaftServerConfigKeys (ConfUtils.java:logGet(43)) - raft.server.log.statemachine.data.sync = true (default)
2019-09-25 10:59:39,500 [pool-47-thread-1] INFO  server.RaftServerConfigKeys (ConfUtils.java:logGet(43)) - raft.server.log.statemachine.data.sync.timeout = 10s (default)
2019-09-25 10:59:39,500 [pool-47-thread-1] INFO  server.RaftServerConfigKeys (ConfUtils.java:logGet(43)) - raft.server.log.statemachine.data.sync.timeout.retry = -1 (default)
2019-09-25 10:59:39,502 [pool-47-thread-1] INFO  server.RaftServerConfigKeys (ConfUtils.java:logGet(43)) - raft.server.log.statemachine.data.caching.enabled = true (custom)
2019-09-25 10:59:39,502 [pool-47-thread-1] INFO  segmented.SegmentedRaftLogWorker (SegmentedRaftLogWorker.java:lambda$new$0(132)) - 0d44471b-600b-4cb7-a12a-d464fbbb4546@group-A1B284E7813E-SegmentedRaftLogWorker: flushIndex: setUnconditionally 0 -> -1
2019-09-25 10:59:39,502 [pool-47-thread-1] INFO  server.RaftServerConfigKeys (ConfUtils.java:logGet(43)) - raft.server.snapshot.auto.trigger.enabled = true (custom)
2019-09-25 10:59:39,503 [pool-47-thread-1] INFO  server.RaftServerConfigKeys (ConfUtils.java:logGet(43)) - raft.server.snapshot.auto.trigger.threshold = 10000 (custom)
2019-09-25 10:59:39,503 [pool-47-thread-1] INFO  server.RaftServerConfigKeys (ConfUtils.java:logGet(43)) - raft.server.snapshot.retention.num.files = 5 (custom)
2019-09-25 10:59:39,503 [pool-47-thread-1] INFO  server.RaftServerConfigKeys (ConfUtils.java:logGet(43)) - raft.server.retrycache.expirytime = 600000ms (custom)
2019-09-25 10:59:39,509 [pool-47-thread-1] INFO  impl.RaftServerImpl (RaftServerImpl.java:start(185)) - 0d44471b-600b-4cb7-a12a-d464fbbb4546@group-A1B284E7813E: start as a follower, conf=-1: [0d44471b-600b-4cb7-a12a-d464fbbb4546:192.168.30.6:37450], old=null
2019-09-25 10:59:39,509 [pool-47-thread-1] INFO  impl.RaftServerImpl (RaftServerImpl.java:setRole(174)) - 0d44471b-600b-4cb7-a12a-d464fbbb4546@group-A1B284E7813E: changes role from      null to FOLLOWER at term 0 for startAsFollower
2019-09-25 10:59:39,509 [pool-47-thread-1] INFO  impl.RoleInfo (RoleInfo.java:updateAndGet(143)) - 0d44471b-600b-4cb7-a12a-d464fbbb4546: start FollowerState
2019-09-25 10:59:39,511 [pool-47-thread-1] INFO  util.JmxRegister (JmxRegister.java:tryRegister(44)) - Successfully registered JMX Bean with object name Ratis:service=RaftServer,group=group-A1B284E7813E,id=0d44471b-600b-4cb7-a12a-d464fbbb4546
2019-09-25 10:59:39,527 [RatisPipelineUtilsThread] INFO  pipeline.PipelineStateManager (PipelineStateManager.java:addPipeline(56)) - Created pipeline Pipeline[ Id: 04aec6e7-85ab-448f-8c64-a1b284e7813e, Nodes: 0d44471b-600b-4cb7-a12a-d464fbbb4546{ip: 192.168.30.6, host: pr-hdds-1569-5gmkr-4255264070, networkLocation: /default-rack, certSerialId: null}, Type:RATIS, Factor:ONE, State:OPEN]
2019-09-25 10:59:39,544 [grpc-default-executor-0] INFO  impl.RaftServerProxy (RaftServerProxy.java:addNew(89)) - 5d5b7118-3eba-4e8b-b91b-00faf4d5a6cf: addNew group-15CBA85B0EC6:[5d5b7118-3eba-4e8b-b91b-00faf4d5a6cf:192.168.30.6:42549] returns group-15CBA85B0EC6:java.util.concurrent.CompletableFuture@4691d43c[Not completed]
2019-09-25 10:59:39,558 [pool-37-thread-1] INFO  impl.RaftServerImpl (RaftServerImpl.java:<init>(95)) - 5d5b7118-3eba-4e8b-b91b-00faf4d5a6cf: new RaftServerImpl for group-15CBA85B0EC6:[5d5b7118-3eba-4e8b-b91b-00faf4d5a6cf:192.168.30.6:42549] with ContainerStateMachine:uninitialized
2019-09-25 10:59:39,559 [pool-37-thread-1] INFO  server.RaftServerConfigKeys (ConfUtils.java:logGet(43)) - raft.server.rpc.timeout.min = 5s (custom)
2019-09-25 10:59:39,559 [pool-37-thread-1] INFO  server.RaftServerConfigKeys (ConfUtils.java:logGet(43)) - raft.server.rpc.timeout.max = 5200ms (custom)
2019-09-25 10:59:39,559 [pool-37-thread-1] INFO  server.RaftServerConfigKeys (ConfUtils.java:logGet(43)) - raft.server.rpcslowness.timeout = 120s (custom)
2019-09-25 10:59:39,560 [pool-37-thread-1] INFO  server.RaftServerConfigKeys (ConfUtils.java:logGet(43)) - raft.server.sleep.deviation.threshold = 300 (default)
2019-09-25 10:59:39,560 [pool-37-thread-1] INFO  server.RaftServerConfigKeys (ConfUtils.java:logGet(43)) - raft.server.log.appender.install.snapshot.enabled = false (custom)
2019-09-25 10:59:39,560 [pool-37-thread-1] INFO  impl.RaftServerImpl (ServerState.java:<init>(103)) - 5d5b7118-3eba-4e8b-b91b-00faf4d5a6cf@group-15CBA85B0EC6: ConfigurationManager, init=-1: [5d5b7118-3eba-4e8b-b91b-00faf4d5a6cf:192.168.30.6:42549], old=null, confs=<EMPTY_MAP>
2019-09-25 10:59:39,560 [pool-37-thread-1] INFO  server.RaftServerConfigKeys (ConfUtils.java:logGet(43)) - raft.server.storage.dir = [/workdir/hadoop-ozone/integration-test/target/test-dir/MiniOzoneClusterImpl-110f9f20-3804-4026-bd60-0a894b7be794/datanode-1/data/ratis] (custom)
2019-09-25 10:59:39,560 [pool-37-thread-1] INFO  storage.RaftStorageDirectory (RaftStorageDirectory.java:analyzeStorage(246)) - The storage directory /workdir/hadoop-ozone/integration-test/target/test-dir/MiniOzoneClusterImpl-110f9f20-3804-4026-bd60-0a894b7be794/datanode-1/data/ratis/8699eade-f613-4f50-95ff-15cba85b0ec6 does not exist. Creating ...
2019-09-25 10:59:39,571 [pool-37-thread-1] INFO  storage.RaftStorageDirectory (RaftStorageDirectory.java:tryLock(328)) - Lock on /workdir/hadoop-ozone/integration-test/target/test-dir/MiniOzoneClusterImpl-110f9f20-3804-4026-bd60-0a894b7be794/datanode-1/data/ratis/8699eade-f613-4f50-95ff-15cba85b0ec6/in_use.lock acquired by nodename 20993@pr-hdds-1569-5gmkr-4255264070
2019-09-25 10:59:39,578 [pool-37-thread-1] INFO  storage.RaftStorage (RaftStorage.java:format(72)) - Storage directory /workdir/hadoop-ozone/integration-test/target/test-dir/MiniOzoneClusterImpl-110f9f20-3804-4026-bd60-0a894b7be794/datanode-1/data/ratis/8699eade-f613-4f50-95ff-15cba85b0ec6 has been successfully formatted.
2019-09-25 10:59:39,578 [pool-37-thread-1] INFO  ratis.ContainerStateMachine (ContainerStateMachine.java:loadSnapshot(230)) - group-15CBA85B0EC6: The snapshot info is null. Setting the last applied indexto:(t:0, i:~)
2019-09-25 10:59:39,578 [pool-37-thread-1] INFO  server.RaftServerConfigKeys (ConfUtils.java:logGet(43)) - raft.server.notification.no-leader.timeout = 120s (custom)
2019-09-25 10:59:39,578 [pool-37-thread-1] INFO  server.RaftServerConfigKeys (ConfUtils.java:logGet(43)) - raft.server.log.use.memory = false (default)
2019-09-25 10:59:39,578 [pool-37-thread-1] INFO  server.RaftServerConfigKeys (ConfUtils.java:logGet(43)) - raft.server.log.purge.gap = 1000000 (custom)
2019-09-25 10:59:39,578 [pool-37-thread-1] INFO  server.RaftServerConfigKeys (ConfUtils.java:logGet(43)) - raft.server.log.appender.buffer.byte-limit = 33554432 (custom)
2019-09-25 10:59:39,578 [pool-37-thread-1] INFO  server.RaftServerConfigKeys (ConfUtils.java:logGet(43)) - raft.server.log.segment.size.max = 1048576 (custom)
2019-09-25 10:59:39,579 [pool-37-thread-1] INFO  server.RaftServerConfigKeys (ConfUtils.java:logGet(43)) - raft.server.log.segment.cache.num.max = 2 (custom)
2019-09-25 10:59:39,579 [pool-37-thread-1] INFO  segmented.SegmentedRaftLogWorker (SegmentedRaftLogWorker.java:<init>(172)) - new 5d5b7118-3eba-4e8b-b91b-00faf4d5a6cf@group-15CBA85B0EC6-SegmentedRaftLogWorker for RaftStorage:Storage Directory /workdir/hadoop-ozone/integration-test/target/test-dir/MiniOzoneClusterImpl-110f9f20-3804-4026-bd60-0a894b7be794/datanode-1/data/ratis/8699eade-f613-4f50-95ff-15cba85b0ec6
2019-09-25 10:59:39,601 [pool-37-thread-1] INFO  server.RaftServerConfigKeys (ConfUtils.java:logGet(43)) - raft.server.log.queue.byte-limit = 2147483647 (custom)
2019-09-25 10:59:39,602 [pool-37-thread-1] INFO  server.RaftServerConfigKeys (ConfUtils.java:logGet(43)) - raft.server.log.queue.element-limit = 1024 (custom)
2019-09-25 10:59:39,602 [pool-37-thread-1] INFO  server.RaftServerConfigKeys (ConfUtils.java:logGet(43)) - raft.server.log.segment.size.max = 1048576 (custom)
2019-09-25 10:59:39,602 [pool-37-thread-1] INFO  server.RaftServerConfigKeys (ConfUtils.java:logGet(43)) - raft.server.log.preallocated.size = 16384 (custom)
2019-09-25 10:59:39,602 [pool-37-thread-1] INFO  server.RaftServerConfigKeys (ConfUtils.java:logGet(43)) - raft.server.log.write.buffer.size = 33554432 (custom)
2019-09-25 10:59:39,603 [pool-37-thread-1] INFO  server.RaftServerConfigKeys (ConfUtils.java:logGet(43)) - raft.server.log.force.sync.num = 128 (default)
2019-09-25 10:59:39,603 [pool-37-thread-1] INFO  server.RaftServerConfigKeys (ConfUtils.java:logGet(43)) - raft.server.log.statemachine.data.sync = true (default)
2019-09-25 10:59:39,603 [pool-37-thread-1] INFO  server.RaftServerConfigKeys (ConfUtils.java:logGet(43)) - raft.server.log.statemachine.data.sync.timeout = 10s (default)
2019-09-25 10:59:39,603 [pool-37-thread-1] INFO  server.RaftServerConfigKeys (ConfUtils.java:logGet(43)) - raft.server.log.statemachine.data.sync.timeout.retry = -1 (default)
2019-09-25 10:59:39,604 [pool-37-thread-1] INFO  server.RaftServerConfigKeys (ConfUtils.java:logGet(43)) - raft.server.log.statemachine.data.caching.enabled = true (custom)
2019-09-25 10:59:39,604 [pool-37-thread-1] INFO  segmented.SegmentedRaftLogWorker (SegmentedRaftLogWorker.java:lambda$new$0(132)) - 5d5b7118-3eba-4e8b-b91b-00faf4d5a6cf@group-15CBA85B0EC6-SegmentedRaftLogWorker: flushIndex: setUnconditionally 0 -> -1
2019-09-25 10:59:39,604 [pool-37-thread-1] INFO  server.RaftServerConfigKeys (ConfUtils.java:logGet(43)) - raft.server.snapshot.auto.trigger.enabled = true (custom)
2019-09-25 10:59:39,605 [pool-37-thread-1] INFO  server.RaftServerConfigKeys (ConfUtils.java:logGet(43)) - raft.server.snapshot.auto.trigger.threshold = 10000 (custom)
2019-09-25 10:59:39,605 [pool-37-thread-1] INFO  server.RaftServerConfigKeys (ConfUtils.java:logGet(43)) - raft.server.snapshot.retention.num.files = 5 (custom)
2019-09-25 10:59:39,605 [pool-37-thread-1] INFO  server.RaftServerConfigKeys (ConfUtils.java:logGet(43)) - raft.server.retrycache.expirytime = 600000ms (custom)
2019-09-25 10:59:39,610 [pool-37-thread-1] INFO  impl.RaftServerImpl (RaftServerImpl.java:start(185)) - 5d5b7118-3eba-4e8b-b91b-00faf4d5a6cf@group-15CBA85B0EC6: start as a follower, conf=-1: [5d5b7118-3eba-4e8b-b91b-00faf4d5a6cf:192.168.30.6:42549], old=null
2019-09-25 10:59:39,610 [pool-37-thread-1] INFO  impl.RaftServerImpl (RaftServerImpl.java:setRole(174)) - 5d5b7118-3eba-4e8b-b91b-00faf4d5a6cf@group-15CBA85B0EC6: changes role from      null to FOLLOWER at term 0 for startAsFollower
2019-09-25 10:59:39,610 [pool-37-thread-1] INFO  impl.RoleInfo (RoleInfo.java:updateAndGet(143)) - 5d5b7118-3eba-4e8b-b91b-00faf4d5a6cf: start FollowerState
2019-09-25 10:59:39,610 [pool-37-thread-1] INFO  util.JmxRegister (JmxRegister.java:tryRegister(44)) - Successfully registered JMX Bean with object name Ratis:service=RaftServer,group=group-15CBA85B0EC6,id=5d5b7118-3eba-4e8b-b91b-00faf4d5a6cf
2019-09-25 10:59:39,629 [RatisPipelineUtilsThread] INFO  pipeline.PipelineStateManager (PipelineStateManager.java:addPipeline(56)) - Created pipeline Pipeline[ Id: 8699eade-f613-4f50-95ff-15cba85b0ec6, Nodes: 5d5b7118-3eba-4e8b-b91b-00faf4d5a6cf{ip: 192.168.30.6, host: pr-hdds-1569-5gmkr-4255264070, networkLocation: /default-rack, certSerialId: null}, Type:RATIS, Factor:ONE, State:OPEN]
2019-09-25 10:59:39,641 [grpc-default-executor-0] INFO  impl.RaftServerProxy (RaftServerProxy.java:addNew(89)) - f2525173-cb6f-4e19-b7a8-94fd7e94e7f3: addNew group-8B46421AE065:[f2525173-cb6f-4e19-b7a8-94fd7e94e7f3:192.168.30.6:40876] returns group-8B46421AE065:java.util.concurrent.CompletableFuture@20554498[Not completed]
2019-09-25 10:59:39,643 [pool-27-thread-1] INFO  impl.RaftServerImpl (RaftServerImpl.java:<init>(95)) - f2525173-cb6f-4e19-b7a8-94fd7e94e7f3: new RaftServerImpl for group-8B46421AE065:[f2525173-cb6f-4e19-b7a8-94fd7e94e7f3:192.168.30.6:40876] with ContainerStateMachine:uninitialized
2019-09-25 10:59:39,643 [pool-27-thread-1] INFO  server.RaftServerConfigKeys (ConfUtils.java:logGet(43)) - raft.server.rpc.timeout.min = 5s (custom)
2019-09-25 10:59:39,643 [pool-27-thread-1] INFO  server.RaftServerConfigKeys (ConfUtils.java:logGet(43)) - raft.server.rpc.timeout.max = 5200ms (custom)
2019-09-25 10:59:39,643 [pool-27-thread-1] INFO  server.RaftServerConfigKeys (ConfUtils.java:logGet(43)) - raft.server.rpcslowness.timeout = 120s (custom)
2019-09-25 10:59:39,643 [pool-27-thread-1] INFO  server.RaftServerConfigKeys (ConfUtils.java:logGet(43)) - raft.server.sleep.deviation.threshold = 300 (default)
2019-09-25 10:59:39,643 [pool-27-thread-1] INFO  server.RaftServerConfigKeys (ConfUtils.java:logGet(43)) - raft.server.log.appender.install.snapshot.enabled = false (custom)
2019-09-25 10:59:39,643 [pool-27-thread-1] INFO  impl.RaftServerImpl (ServerState.java:<init>(103)) - f2525173-cb6f-4e19-b7a8-94fd7e94e7f3@group-8B46421AE065: ConfigurationManager, init=-1: [f2525173-cb6f-4e19-b7a8-94fd7e94e7f3:192.168.30.6:40876], old=null, confs=<EMPTY_MAP>
2019-09-25 10:59:39,644 [pool-27-thread-1] INFO  server.RaftServerConfigKeys (ConfUtils.java:logGet(43)) - raft.server.storage.dir = [/workdir/hadoop-ozone/integration-test/target/test-dir/MiniOzoneClusterImpl-110f9f20-3804-4026-bd60-0a894b7be794/datanode-0/data/ratis] (custom)
2019-09-25 10:59:39,644 [pool-27-thread-1] INFO  storage.RaftStorageDirectory (RaftStorageDirectory.java:analyzeStorage(246)) - The storage directory /workdir/hadoop-ozone/integration-test/target/test-dir/MiniOzoneClusterImpl-110f9f20-3804-4026-bd60-0a894b7be794/datanode-0/data/ratis/515dd529-4c40-4d1d-bb21-8b46421ae065 does not exist. Creating ...
2019-09-25 10:59:39,665 [pool-27-thread-1] INFO  storage.RaftStorageDirectory (RaftStorageDirectory.java:tryLock(328)) - Lock on /workdir/hadoop-ozone/integration-test/target/test-dir/MiniOzoneClusterImpl-110f9f20-3804-4026-bd60-0a894b7be794/datanode-0/data/ratis/515dd529-4c40-4d1d-bb21-8b46421ae065/in_use.lock acquired by nodename 20993@pr-hdds-1569-5gmkr-4255264070
2019-09-25 10:59:39,678 [pool-27-thread-1] INFO  storage.RaftStorage (RaftStorage.java:format(72)) - Storage directory /workdir/hadoop-ozone/integration-test/target/test-dir/MiniOzoneClusterImpl-110f9f20-3804-4026-bd60-0a894b7be794/datanode-0/data/ratis/515dd529-4c40-4d1d-bb21-8b46421ae065 has been successfully formatted.
2019-09-25 10:59:39,678 [pool-27-thread-1] INFO  ratis.ContainerStateMachine (ContainerStateMachine.java:loadSnapshot(230)) - group-8B46421AE065: The snapshot info is null. Setting the last applied indexto:(t:0, i:~)
2019-09-25 10:59:39,678 [pool-27-thread-1] INFO  server.RaftServerConfigKeys (ConfUtils.java:logGet(43)) - raft.server.notification.no-leader.timeout = 120s (custom)
2019-09-25 10:59:39,678 [pool-27-thread-1] INFO  server.RaftServerConfigKeys (ConfUtils.java:logGet(43)) - raft.server.log.use.memory = false (default)
2019-09-25 10:59:39,678 [pool-27-thread-1] INFO  server.RaftServerConfigKeys (ConfUtils.java:logGet(43)) - raft.server.log.purge.gap = 1000000 (custom)
2019-09-25 10:59:39,679 [pool-27-thread-1] INFO  server.RaftServerConfigKeys (ConfUtils.java:logGet(43)) - raft.server.log.appender.buffer.byte-limit = 33554432 (custom)
2019-09-25 10:59:39,679 [pool-27-thread-1] INFO  server.RaftServerConfigKeys (ConfUtils.java:logGet(43)) - raft.server.log.segment.size.max = 1048576 (custom)
2019-09-25 10:59:39,679 [pool-27-thread-1] INFO  server.RaftServerConfigKeys (ConfUtils.java:logGet(43)) - raft.server.log.segment.cache.num.max = 2 (custom)
2019-09-25 10:59:39,679 [pool-27-thread-1] INFO  segmented.SegmentedRaftLogWorker (SegmentedRaftLogWorker.java:<init>(172)) - new f2525173-cb6f-4e19-b7a8-94fd7e94e7f3@group-8B46421AE065-SegmentedRaftLogWorker for RaftStorage:Storage Directory /workdir/hadoop-ozone/integration-test/target/test-dir/MiniOzoneClusterImpl-110f9f20-3804-4026-bd60-0a894b7be794/datanode-0/data/ratis/515dd529-4c40-4d1d-bb21-8b46421ae065
2019-09-25 10:59:39,679 [pool-27-thread-1] INFO  server.RaftServerConfigKeys (ConfUtils.java:logGet(43)) - raft.server.log.queue.byte-limit = 2147483647 (custom)
2019-09-25 10:59:39,679 [pool-27-thread-1] INFO  server.RaftServerConfigKeys (ConfUtils.java:logGet(43)) - raft.server.log.queue.element-limit = 1024 (custom)
2019-09-25 10:59:39,679 [pool-27-thread-1] INFO  server.RaftServerConfigKeys (ConfUtils.java:logGet(43)) - raft.server.log.segment.size.max = 1048576 (custom)
2019-09-25 10:59:39,680 [pool-27-thread-1] INFO  server.RaftServerConfigKeys (ConfUtils.java:logGet(43)) - raft.server.log.preallocated.size = 16384 (custom)
2019-09-25 10:59:39,680 [pool-27-thread-1] INFO  server.RaftServerConfigKeys (ConfUtils.java:logGet(43)) - raft.server.log.write.buffer.size = 33554432 (custom)
2019-09-25 10:59:39,680 [pool-27-thread-1] INFO  server.RaftServerConfigKeys (ConfUtils.java:logGet(43)) - raft.server.log.force.sync.num = 128 (default)
2019-09-25 10:59:39,680 [pool-27-thread-1] INFO  server.RaftServerConfigKeys (ConfUtils.java:logGet(43)) - raft.server.log.statemachine.data.sync = true (default)
2019-09-25 10:59:39,680 [pool-27-thread-1] INFO  server.RaftServerConfigKeys (ConfUtils.java:logGet(43)) - raft.server.log.statemachine.data.sync.timeout = 10s (default)
2019-09-25 10:59:39,680 [pool-27-thread-1] INFO  server.RaftServerConfigKeys (ConfUtils.java:logGet(43)) - raft.server.log.statemachine.data.sync.timeout.retry = -1 (default)
2019-09-25 10:59:39,681 [pool-27-thread-1] INFO  server.RaftServerConfigKeys (ConfUtils.java:logGet(43)) - raft.server.log.statemachine.data.caching.enabled = true (custom)
2019-09-25 10:59:39,681 [pool-27-thread-1] INFO  segmented.SegmentedRaftLogWorker (SegmentedRaftLogWorker.java:lambda$new$0(132)) - f2525173-cb6f-4e19-b7a8-94fd7e94e7f3@group-8B46421AE065-SegmentedRaftLogWorker: flushIndex: setUnconditionally 0 -> -1
2019-09-25 10:59:39,681 [pool-27-thread-1] INFO  server.RaftServerConfigKeys (ConfUtils.java:logGet(43)) - raft.server.snapshot.auto.trigger.enabled = true (custom)
2019-09-25 10:59:39,681 [pool-27-thread-1] INFO  server.RaftServerConfigKeys (ConfUtils.java:logGet(43)) - raft.server.snapshot.auto.trigger.threshold = 10000 (custom)
2019-09-25 10:59:39,682 [pool-27-thread-1] INFO  server.RaftServerConfigKeys (ConfUtils.java:logGet(43)) - raft.server.snapshot.retention.num.files = 5 (custom)
2019-09-25 10:59:39,682 [pool-27-thread-1] INFO  server.RaftServerConfigKeys (ConfUtils.java:logGet(43)) - raft.server.retrycache.expirytime = 600000ms (custom)
2019-09-25 10:59:39,686 [pool-27-thread-1] INFO  impl.RaftServerImpl (RaftServerImpl.java:start(185)) - f2525173-cb6f-4e19-b7a8-94fd7e94e7f3@group-8B46421AE065: start as a follower, conf=-1: [f2525173-cb6f-4e19-b7a8-94fd7e94e7f3:192.168.30.6:40876], old=null
2019-09-25 10:59:39,686 [pool-27-thread-1] INFO  impl.RaftServerImpl (RaftServerImpl.java:setRole(174)) - f2525173-cb6f-4e19-b7a8-94fd7e94e7f3@group-8B46421AE065: changes role from      null to FOLLOWER at term 0 for startAsFollower
2019-09-25 10:59:39,686 [pool-27-thread-1] INFO  impl.RoleInfo (RoleInfo.java:updateAndGet(143)) - f2525173-cb6f-4e19-b7a8-94fd7e94e7f3: start FollowerState
2019-09-25 10:59:39,686 [pool-27-thread-1] INFO  util.JmxRegister (JmxRegister.java:tryRegister(44)) - Successfully registered JMX Bean with object name Ratis:service=RaftServer,group=group-8B46421AE065,id=f2525173-cb6f-4e19-b7a8-94fd7e94e7f3
2019-09-25 10:59:39,697 [RatisPipelineUtilsThread] INFO  pipeline.PipelineStateManager (PipelineStateManager.java:addPipeline(56)) - Created pipeline Pipeline[ Id: 515dd529-4c40-4d1d-bb21-8b46421ae065, Nodes: f2525173-cb6f-4e19-b7a8-94fd7e94e7f3{ip: 192.168.30.6, host: pr-hdds-1569-5gmkr-4255264070, networkLocation: /default-rack, certSerialId: null}, Type:RATIS, Factor:ONE, State:OPEN]
2019-09-25 10:59:39,711 [grpc-default-executor-1] INFO  impl.RaftServerProxy (RaftServerProxy.java:addNew(89)) - 5d5b7118-3eba-4e8b-b91b-00faf4d5a6cf: addNew group-6BEDDE4D77A7:[5d5b7118-3eba-4e8b-b91b-00faf4d5a6cf:192.168.30.6:42549] returns group-6BEDDE4D77A7:java.util.concurrent.CompletableFuture@117c0584[Not completed]
2019-09-25 10:59:39,713 [pool-37-thread-1] INFO  impl.RaftServerImpl (RaftServerImpl.java:<init>(95)) - 5d5b7118-3eba-4e8b-b91b-00faf4d5a6cf: new RaftServerImpl for group-6BEDDE4D77A7:[5d5b7118-3eba-4e8b-b91b-00faf4d5a6cf:192.168.30.6:42549] with ContainerStateMachine:uninitialized
2019-09-25 10:59:39,713 [pool-37-thread-1] INFO  server.RaftServerConfigKeys (ConfUtils.java:logGet(43)) - raft.server.rpc.timeout.min = 5s (custom)
2019-09-25 10:59:39,716 [pool-37-thread-1] INFO  server.RaftServerConfigKeys (ConfUtils.java:logGet(43)) - raft.server.rpc.timeout.max = 5200ms (custom)
2019-09-25 10:59:39,716 [pool-37-thread-1] INFO  server.RaftServerConfigKeys (ConfUtils.java:logGet(43)) - raft.server.rpcslowness.timeout = 120s (custom)
2019-09-25 10:59:39,716 [pool-37-thread-1] INFO  server.RaftServerConfigKeys (ConfUtils.java:logGet(43)) - raft.server.sleep.deviation.threshold = 300 (default)
2019-09-25 10:59:39,716 [pool-37-thread-1] INFO  server.RaftServerConfigKeys (ConfUtils.java:logGet(43)) - raft.server.log.appender.install.snapshot.enabled = false (custom)
2019-09-25 10:59:39,716 [pool-37-thread-1] INFO  impl.RaftServerImpl (ServerState.java:<init>(103)) - 5d5b7118-3eba-4e8b-b91b-00faf4d5a6cf@group-6BEDDE4D77A7: ConfigurationManager, init=-1: [5d5b7118-3eba-4e8b-b91b-00faf4d5a6cf:192.168.30.6:42549], old=null, confs=<EMPTY_MAP>
2019-09-25 10:59:39,717 [pool-37-thread-1] INFO  server.RaftServerConfigKeys (ConfUtils.java:logGet(43)) - raft.server.storage.dir = [/workdir/hadoop-ozone/integration-test/target/test-dir/MiniOzoneClusterImpl-110f9f20-3804-4026-bd60-0a894b7be794/datanode-1/data/ratis] (custom)
2019-09-25 10:59:39,717 [pool-37-thread-1] INFO  storage.RaftStorageDirectory (RaftStorageDirectory.java:analyzeStorage(246)) - The storage directory /workdir/hadoop-ozone/integration-test/target/test-dir/MiniOzoneClusterImpl-110f9f20-3804-4026-bd60-0a894b7be794/datanode-1/data/ratis/1faa6745-756b-46f9-9c2b-6bedde4d77a7 does not exist. Creating ...
2019-09-25 10:59:39,737 [pool-37-thread-1] INFO  storage.RaftStorageDirectory (RaftStorageDirectory.java:tryLock(328)) - Lock on /workdir/hadoop-ozone/integration-test/target/test-dir/MiniOzoneClusterImpl-110f9f20-3804-4026-bd60-0a894b7be794/datanode-1/data/ratis/1faa6745-756b-46f9-9c2b-6bedde4d77a7/in_use.lock acquired by nodename 20993@pr-hdds-1569-5gmkr-4255264070
2019-09-25 10:59:39,748 [pool-37-thread-1] INFO  storage.RaftStorage (RaftStorage.java:format(72)) - Storage directory /workdir/hadoop-ozone/integration-test/target/test-dir/MiniOzoneClusterImpl-110f9f20-3804-4026-bd60-0a894b7be794/datanode-1/data/ratis/1faa6745-756b-46f9-9c2b-6bedde4d77a7 has been successfully formatted.
2019-09-25 10:59:39,749 [pool-37-thread-1] INFO  ratis.ContainerStateMachine (ContainerStateMachine.java:loadSnapshot(230)) - group-6BEDDE4D77A7: The snapshot info is null. Setting the last applied indexto:(t:0, i:~)
2019-09-25 10:59:39,749 [pool-37-thread-1] INFO  server.RaftServerConfigKeys (ConfUtils.java:logGet(43)) - raft.server.notification.no-leader.timeout = 120s (custom)
2019-09-25 10:59:39,749 [pool-37-thread-1] INFO  server.RaftServerConfigKeys (ConfUtils.java:logGet(43)) - raft.server.log.use.memory = false (default)
2019-09-25 10:59:39,749 [pool-37-thread-1] INFO  server.RaftServerConfigKeys (ConfUtils.java:logGet(43)) - raft.server.log.purge.gap = 1000000 (custom)
2019-09-25 10:59:39,750 [pool-37-thread-1] INFO  server.RaftServerConfigKeys (ConfUtils.java:logGet(43)) - raft.server.log.appender.buffer.byte-limit = 33554432 (custom)
2019-09-25 10:59:39,750 [pool-37-thread-1] INFO  server.RaftServerConfigKeys (ConfUtils.java:logGet(43)) - raft.server.log.segment.size.max = 1048576 (custom)
2019-09-25 10:59:39,750 [pool-37-thread-1] INFO  server.RaftServerConfigKeys (ConfUtils.java:logGet(43)) - raft.server.log.segment.cache.num.max = 2 (custom)
2019-09-25 10:59:39,750 [pool-37-thread-1] INFO  segmented.SegmentedRaftLogWorker (SegmentedRaftLogWorker.java:<init>(172)) - new 5d5b7118-3eba-4e8b-b91b-00faf4d5a6cf@group-6BEDDE4D77A7-SegmentedRaftLogWorker for RaftStorage:Storage Directory /workdir/hadoop-ozone/integration-test/target/test-dir/MiniOzoneClusterImpl-110f9f20-3804-4026-bd60-0a894b7be794/datanode-1/data/ratis/1faa6745-756b-46f9-9c2b-6bedde4d77a7
2019-09-25 10:59:39,750 [pool-37-thread-1] INFO  server.RaftServerConfigKeys (ConfUtils.java:logGet(43)) - raft.server.log.queue.byte-limit = 2147483647 (custom)
2019-09-25 10:59:39,751 [pool-37-thread-1] INFO  server.RaftServerConfigKeys (ConfUtils.java:logGet(43)) - raft.server.log.queue.element-limit = 1024 (custom)
2019-09-25 10:59:39,751 [pool-37-thread-1] INFO  server.RaftServerConfigKeys (ConfUtils.java:logGet(43)) - raft.server.log.segment.size.max = 1048576 (custom)
2019-09-25 10:59:39,751 [pool-37-thread-1] INFO  server.RaftServerConfigKeys (ConfUtils.java:logGet(43)) - raft.server.log.preallocated.size = 16384 (custom)
2019-09-25 10:59:39,751 [pool-37-thread-1] INFO  server.RaftServerConfigKeys (ConfUtils.java:logGet(43)) - raft.server.log.write.buffer.size = 33554432 (custom)
2019-09-25 10:59:39,752 [pool-37-thread-1] INFO  server.RaftServerConfigKeys (ConfUtils.java:logGet(43)) - raft.server.log.force.sync.num = 128 (default)
2019-09-25 10:59:39,752 [pool-37-thread-1] INFO  server.RaftServerConfigKeys (ConfUtils.java:logGet(43)) - raft.server.log.statemachine.data.sync = true (default)
2019-09-25 10:59:39,752 [pool-37-thread-1] INFO  server.RaftServerConfigKeys (ConfUtils.java:logGet(43)) - raft.server.log.statemachine.data.sync.timeout = 10s (default)
2019-09-25 10:59:39,752 [pool-37-thread-1] INFO  server.RaftServerConfigKeys (ConfUtils.java:logGet(43)) - raft.server.log.statemachine.data.sync.timeout.retry = -1 (default)
2019-09-25 10:59:39,753 [pool-37-thread-1] INFO  server.RaftServerConfigKeys (ConfUtils.java:logGet(43)) - raft.server.log.statemachine.data.caching.enabled = true (custom)
2019-09-25 10:59:39,753 [pool-37-thread-1] INFO  segmented.SegmentedRaftLogWorker (SegmentedRaftLogWorker.java:lambda$new$0(132)) - 5d5b7118-3eba-4e8b-b91b-00faf4d5a6cf@group-6BEDDE4D77A7-SegmentedRaftLogWorker: flushIndex: setUnconditionally 0 -> -1
2019-09-25 10:59:39,753 [pool-37-thread-1] INFO  server.RaftServerConfigKeys (ConfUtils.java:logGet(43)) - raft.server.snapshot.auto.trigger.enabled = true (custom)
2019-09-25 10:59:39,754 [pool-37-thread-1] INFO  server.RaftServerConfigKeys (ConfUtils.java:logGet(43)) - raft.server.snapshot.auto.trigger.threshold = 10000 (custom)
2019-09-25 10:59:39,754 [pool-37-thread-1] INFO  server.RaftServerConfigKeys (ConfUtils.java:logGet(43)) - raft.server.snapshot.retention.num.files = 5 (custom)
2019-09-25 10:59:39,756 [pool-37-thread-1] INFO  server.RaftServerConfigKeys (ConfUtils.java:logGet(43)) - raft.server.retrycache.expirytime = 600000ms (custom)
2019-09-25 10:59:39,761 [pool-37-thread-1] INFO  impl.RaftServerImpl (RaftServerImpl.java:start(185)) - 5d5b7118-3eba-4e8b-b91b-00faf4d5a6cf@group-6BEDDE4D77A7: start as a follower, conf=-1: [5d5b7118-3eba-4e8b-b91b-00faf4d5a6cf:192.168.30.6:42549], old=null
2019-09-25 10:59:39,761 [pool-37-thread-1] INFO  impl.RaftServerImpl (RaftServerImpl.java:setRole(174)) - 5d5b7118-3eba-4e8b-b91b-00faf4d5a6cf@group-6BEDDE4D77A7: changes role from      null to FOLLOWER at term 0 for startAsFollower
2019-09-25 10:59:39,762 [pool-37-thread-1] INFO  impl.RoleInfo (RoleInfo.java:updateAndGet(143)) - 5d5b7118-3eba-4e8b-b91b-00faf4d5a6cf: start FollowerState
2019-09-25 10:59:39,762 [pool-37-thread-1] INFO  util.JmxRegister (JmxRegister.java:tryRegister(44)) - Successfully registered JMX Bean with object name Ratis:service=RaftServer,group=group-6BEDDE4D77A7,id=5d5b7118-3eba-4e8b-b91b-00faf4d5a6cf
2019-09-25 10:59:39,777 [RatisPipelineUtilsThread] INFO  pipeline.PipelineStateManager (PipelineStateManager.java:addPipeline(56)) - Created pipeline Pipeline[ Id: 1faa6745-756b-46f9-9c2b-6bedde4d77a7, Nodes: 5d5b7118-3eba-4e8b-b91b-00faf4d5a6cf{ip: 192.168.30.6, host: pr-hdds-1569-5gmkr-4255264070, networkLocation: /default-rack, certSerialId: null}, Type:RATIS, Factor:ONE, State:OPEN]
2019-09-25 10:59:39,791 [grpc-default-executor-1] INFO  impl.RaftServerProxy (RaftServerProxy.java:addNew(89)) - 5d5b7118-3eba-4e8b-b91b-00faf4d5a6cf: addNew group-E59E89CB9CAA:[5d5b7118-3eba-4e8b-b91b-00faf4d5a6cf:192.168.30.6:42549] returns group-E59E89CB9CAA:java.util.concurrent.CompletableFuture@1b846ef4[Not completed]
2019-09-25 10:59:39,794 [pool-37-thread-1] INFO  impl.RaftServerImpl (RaftServerImpl.java:<init>(95)) - 5d5b7118-3eba-4e8b-b91b-00faf4d5a6cf: new RaftServerImpl for group-E59E89CB9CAA:[5d5b7118-3eba-4e8b-b91b-00faf4d5a6cf:192.168.30.6:42549] with ContainerStateMachine:uninitialized
2019-09-25 10:59:39,794 [pool-37-thread-1] INFO  server.RaftServerConfigKeys (ConfUtils.java:logGet(43)) - raft.server.rpc.timeout.min = 5s (custom)
2019-09-25 10:59:39,794 [pool-37-thread-1] INFO  server.RaftServerConfigKeys (ConfUtils.java:logGet(43)) - raft.server.rpc.timeout.max = 5200ms (custom)
2019-09-25 10:59:39,794 [pool-37-thread-1] INFO  server.RaftServerConfigKeys (ConfUtils.java:logGet(43)) - raft.server.rpcslowness.timeout = 120s (custom)
2019-09-25 10:59:39,794 [pool-37-thread-1] INFO  server.RaftServerConfigKeys (ConfUtils.java:logGet(43)) - raft.server.sleep.deviation.threshold = 300 (default)
2019-09-25 10:59:39,795 [pool-37-thread-1] INFO  server.RaftServerConfigKeys (ConfUtils.java:logGet(43)) - raft.server.log.appender.install.snapshot.enabled = false (custom)
2019-09-25 10:59:39,795 [pool-37-thread-1] INFO  impl.RaftServerImpl (ServerState.java:<init>(103)) - 5d5b7118-3eba-4e8b-b91b-00faf4d5a6cf@group-E59E89CB9CAA: ConfigurationManager, init=-1: [5d5b7118-3eba-4e8b-b91b-00faf4d5a6cf:192.168.30.6:42549], old=null, confs=<EMPTY_MAP>
2019-09-25 10:59:39,795 [pool-37-thread-1] INFO  server.RaftServerConfigKeys (ConfUtils.java:logGet(43)) - raft.server.storage.dir = [/workdir/hadoop-ozone/integration-test/target/test-dir/MiniOzoneClusterImpl-110f9f20-3804-4026-bd60-0a894b7be794/datanode-1/data/ratis] (custom)
2019-09-25 10:59:39,796 [pool-37-thread-1] INFO  storage.RaftStorageDirectory (RaftStorageDirectory.java:analyzeStorage(246)) - The storage directory /workdir/hadoop-ozone/integration-test/target/test-dir/MiniOzoneClusterImpl-110f9f20-3804-4026-bd60-0a894b7be794/datanode-1/data/ratis/dcfbe3dc-dcd5-4e3f-9fd2-e59e89cb9caa does not exist. Creating ...
2019-09-25 10:59:39,807 [pool-37-thread-1] INFO  storage.RaftStorageDirectory (RaftStorageDirectory.java:tryLock(328)) - Lock on /workdir/hadoop-ozone/integration-test/target/test-dir/MiniOzoneClusterImpl-110f9f20-3804-4026-bd60-0a894b7be794/datanode-1/data/ratis/dcfbe3dc-dcd5-4e3f-9fd2-e59e89cb9caa/in_use.lock acquired by nodename 20993@pr-hdds-1569-5gmkr-4255264070
2019-09-25 10:59:39,835 [pool-37-thread-1] INFO  storage.RaftStorage (RaftStorage.java:format(72)) - Storage directory /workdir/hadoop-ozone/integration-test/target/test-dir/MiniOzoneClusterImpl-110f9f20-3804-4026-bd60-0a894b7be794/datanode-1/data/ratis/dcfbe3dc-dcd5-4e3f-9fd2-e59e89cb9caa has been successfully formatted.
2019-09-25 10:59:39,836 [pool-37-thread-1] INFO  ratis.ContainerStateMachine (ContainerStateMachine.java:loadSnapshot(230)) - group-E59E89CB9CAA: The snapshot info is null. Setting the last applied indexto:(t:0, i:~)
2019-09-25 10:59:39,836 [pool-37-thread-1] INFO  server.RaftServerConfigKeys (ConfUtils.java:logGet(43)) - raft.server.notification.no-leader.timeout = 120s (custom)
2019-09-25 10:59:39,836 [pool-37-thread-1] INFO  server.RaftServerConfigKeys (ConfUtils.java:logGet(43)) - raft.server.log.use.memory = false (default)
2019-09-25 10:59:39,836 [pool-37-thread-1] INFO  server.RaftServerConfigKeys (ConfUtils.java:logGet(43)) - raft.server.log.purge.gap = 1000000 (custom)
2019-09-25 10:59:39,836 [pool-37-thread-1] INFO  server.RaftServerConfigKeys (ConfUtils.java:logGet(43)) - raft.server.log.appender.buffer.byte-limit = 33554432 (custom)
2019-09-25 10:59:39,836 [pool-37-thread-1] INFO  server.RaftServerConfigKeys (ConfUtils.java:logGet(43)) - raft.server.log.segment.size.max = 1048576 (custom)
2019-09-25 10:59:39,837 [pool-37-thread-1] INFO  server.RaftServerConfigKeys (ConfUtils.java:logGet(43)) - raft.server.log.segment.cache.num.max = 2 (custom)
2019-09-25 10:59:39,837 [pool-37-thread-1] INFO  segmented.SegmentedRaftLogWorker (SegmentedRaftLogWorker.java:<init>(172)) - new 5d5b7118-3eba-4e8b-b91b-00faf4d5a6cf@group-E59E89CB9CAA-SegmentedRaftLogWorker for RaftStorage:Storage Directory /workdir/hadoop-ozone/integration-test/target/test-dir/MiniOzoneClusterImpl-110f9f20-3804-4026-bd60-0a894b7be794/datanode-1/data/ratis/dcfbe3dc-dcd5-4e3f-9fd2-e59e89cb9caa
2019-09-25 10:59:39,837 [pool-37-thread-1] INFO  server.RaftServerConfigKeys (ConfUtils.java:logGet(43)) - raft.server.log.queue.byte-limit = 2147483647 (custom)
2019-09-25 10:59:39,837 [pool-37-thread-1] INFO  server.RaftServerConfigKeys (ConfUtils.java:logGet(43)) - raft.server.log.queue.element-limit = 1024 (custom)
2019-09-25 10:59:39,837 [pool-37-thread-1] INFO  server.RaftServerConfigKeys (ConfUtils.java:logGet(43)) - raft.server.log.segment.size.max = 1048576 (custom)
2019-09-25 10:59:39,837 [pool-37-thread-1] INFO  server.RaftServerConfigKeys (ConfUtils.java:logGet(43)) - raft.server.log.preallocated.size = 16384 (custom)
2019-09-25 10:59:39,837 [pool-37-thread-1] INFO  server.RaftServerConfigKeys (ConfUtils.java:logGet(43)) - raft.server.log.write.buffer.size = 33554432 (custom)
2019-09-25 10:59:39,838 [pool-37-thread-1] INFO  server.RaftServerConfigKeys (ConfUtils.java:logGet(43)) - raft.server.log.force.sync.num = 128 (default)
2019-09-25 10:59:39,838 [pool-37-thread-1] INFO  server.RaftServerConfigKeys (ConfUtils.java:logGet(43)) - raft.server.log.statemachine.data.sync = true (default)
2019-09-25 10:59:39,838 [pool-37-thread-1] INFO  server.RaftServerConfigKeys (ConfUtils.java:logGet(43)) - raft.server.log.statemachine.data.sync.timeout = 10s (default)
2019-09-25 10:59:39,838 [pool-37-thread-1] INFO  server.RaftServerConfigKeys (ConfUtils.java:logGet(43)) - raft.server.log.statemachine.data.sync.timeout.retry = -1 (default)
2019-09-25 10:59:39,838 [pool-37-thread-1] INFO  server.RaftServerConfigKeys (ConfUtils.java:logGet(43)) - raft.server.log.statemachine.data.caching.enabled = true (custom)
2019-09-25 10:59:39,839 [pool-37-thread-1] INFO  segmented.SegmentedRaftLogWorker (SegmentedRaftLogWorker.java:lambda$new$0(132)) - 5d5b7118-3eba-4e8b-b91b-00faf4d5a6cf@group-E59E89CB9CAA-SegmentedRaftLogWorker: flushIndex: setUnconditionally 0 -> -1
2019-09-25 10:59:39,839 [pool-37-thread-1] INFO  server.RaftServerConfigKeys (ConfUtils.java:logGet(43)) - raft.server.snapshot.auto.trigger.enabled = true (custom)
2019-09-25 10:59:39,839 [pool-37-thread-1] INFO  server.RaftServerConfigKeys (ConfUtils.java:logGet(43)) - raft.server.snapshot.auto.trigger.threshold = 10000 (custom)
2019-09-25 10:59:39,840 [pool-37-thread-1] INFO  server.RaftServerConfigKeys (ConfUtils.java:logGet(43)) - raft.server.snapshot.retention.num.files = 5 (custom)
2019-09-25 10:59:39,840 [pool-37-thread-1] INFO  server.RaftServerConfigKeys (ConfUtils.java:logGet(43)) - raft.server.retrycache.expirytime = 600000ms (custom)
2019-09-25 10:59:39,844 [pool-37-thread-1] INFO  impl.RaftServerImpl (RaftServerImpl.java:start(185)) - 5d5b7118-3eba-4e8b-b91b-00faf4d5a6cf@group-E59E89CB9CAA: start as a follower, conf=-1: [5d5b7118-3eba-4e8b-b91b-00faf4d5a6cf:192.168.30.6:42549], old=null
2019-09-25 10:59:39,844 [pool-37-thread-1] INFO  impl.RaftServerImpl (RaftServerImpl.java:setRole(174)) - 5d5b7118-3eba-4e8b-b91b-00faf4d5a6cf@group-E59E89CB9CAA: changes role from      null to FOLLOWER at term 0 for startAsFollower
2019-09-25 10:59:39,844 [pool-37-thread-1] INFO  impl.RoleInfo (RoleInfo.java:updateAndGet(143)) - 5d5b7118-3eba-4e8b-b91b-00faf4d5a6cf: start FollowerState
2019-09-25 10:59:39,845 [pool-37-thread-1] INFO  util.JmxRegister (JmxRegister.java:tryRegister(44)) - Successfully registered JMX Bean with object name Ratis:service=RaftServer,group=group-E59E89CB9CAA,id=5d5b7118-3eba-4e8b-b91b-00faf4d5a6cf
2019-09-25 10:59:39,858 [RatisPipelineUtilsThread] INFO  pipeline.PipelineStateManager (PipelineStateManager.java:addPipeline(56)) - Created pipeline Pipeline[ Id: dcfbe3dc-dcd5-4e3f-9fd2-e59e89cb9caa, Nodes: 5d5b7118-3eba-4e8b-b91b-00faf4d5a6cf{ip: 192.168.30.6, host: pr-hdds-1569-5gmkr-4255264070, networkLocation: /default-rack, certSerialId: null}, Type:RATIS, Factor:ONE, State:OPEN]
2019-09-25 10:59:39,880 [grpc-default-executor-1] INFO  impl.RaftServerProxy (RaftServerProxy.java:addNew(89)) - 5d5b7118-3eba-4e8b-b91b-00faf4d5a6cf: addNew group-EA988C94BCB7:[5d5b7118-3eba-4e8b-b91b-00faf4d5a6cf:192.168.30.6:42549] returns group-EA988C94BCB7:java.util.concurrent.CompletableFuture@2fa79d91[Not completed]
2019-09-25 10:59:39,882 [pool-37-thread-1] INFO  impl.RaftServerImpl (RaftServerImpl.java:<init>(95)) - 5d5b7118-3eba-4e8b-b91b-00faf4d5a6cf: new RaftServerImpl for group-EA988C94BCB7:[5d5b7118-3eba-4e8b-b91b-00faf4d5a6cf:192.168.30.6:42549] with ContainerStateMachine:uninitialized
2019-09-25 10:59:39,882 [pool-37-thread-1] INFO  server.RaftServerConfigKeys (ConfUtils.java:logGet(43)) - raft.server.rpc.timeout.min = 5s (custom)
2019-09-25 10:59:39,882 [pool-37-thread-1] INFO  server.RaftServerConfigKeys (ConfUtils.java:logGet(43)) - raft.server.rpc.timeout.max = 5200ms (custom)
2019-09-25 10:59:39,882 [pool-37-thread-1] INFO  server.RaftServerConfigKeys (ConfUtils.java:logGet(43)) - raft.server.rpcslowness.timeout = 120s (custom)
2019-09-25 10:59:39,882 [pool-37-thread-1] INFO  server.RaftServerConfigKeys (ConfUtils.java:logGet(43)) - raft.server.sleep.deviation.threshold = 300 (default)
2019-09-25 10:59:39,882 [pool-37-thread-1] INFO  server.RaftServerConfigKeys (ConfUtils.java:logGet(43)) - raft.server.log.appender.install.snapshot.enabled = false (custom)
2019-09-25 10:59:39,883 [pool-37-thread-1] INFO  impl.RaftServerImpl (ServerState.java:<init>(103)) - 5d5b7118-3eba-4e8b-b91b-00faf4d5a6cf@group-EA988C94BCB7: ConfigurationManager, init=-1: [5d5b7118-3eba-4e8b-b91b-00faf4d5a6cf:192.168.30.6:42549], old=null, confs=<EMPTY_MAP>
2019-09-25 10:59:39,883 [pool-37-thread-1] INFO  server.RaftServerConfigKeys (ConfUtils.java:logGet(43)) - raft.server.storage.dir = [/workdir/hadoop-ozone/integration-test/target/test-dir/MiniOzoneClusterImpl-110f9f20-3804-4026-bd60-0a894b7be794/datanode-1/data/ratis] (custom)
2019-09-25 10:59:39,883 [pool-37-thread-1] INFO  storage.RaftStorageDirectory (RaftStorageDirectory.java:analyzeStorage(246)) - The storage directory /workdir/hadoop-ozone/integration-test/target/test-dir/MiniOzoneClusterImpl-110f9f20-3804-4026-bd60-0a894b7be794/datanode-1/data/ratis/5f7b2088-c360-42e2-a748-ea988c94bcb7 does not exist. Creating ...
2019-09-25 10:59:39,887 [pool-37-thread-1] INFO  storage.RaftStorageDirectory (RaftStorageDirectory.java:tryLock(328)) - Lock on /workdir/hadoop-ozone/integration-test/target/test-dir/MiniOzoneClusterImpl-110f9f20-3804-4026-bd60-0a894b7be794/datanode-1/data/ratis/5f7b2088-c360-42e2-a748-ea988c94bcb7/in_use.lock acquired by nodename 20993@pr-hdds-1569-5gmkr-4255264070
2019-09-25 10:59:39,907 [pool-37-thread-1] INFO  storage.RaftStorage (RaftStorage.java:format(72)) - Storage directory /workdir/hadoop-ozone/integration-test/target/test-dir/MiniOzoneClusterImpl-110f9f20-3804-4026-bd60-0a894b7be794/datanode-1/data/ratis/5f7b2088-c360-42e2-a748-ea988c94bcb7 has been successfully formatted.
2019-09-25 10:59:39,907 [pool-37-thread-1] INFO  ratis.ContainerStateMachine (ContainerStateMachine.java:loadSnapshot(230)) - group-EA988C94BCB7: The snapshot info is null. Setting the last applied indexto:(t:0, i:~)
2019-09-25 10:59:39,907 [pool-37-thread-1] INFO  server.RaftServerConfigKeys (ConfUtils.java:logGet(43)) - raft.server.notification.no-leader.timeout = 120s (custom)
2019-09-25 10:59:39,908 [pool-37-thread-1] INFO  server.RaftServerConfigKeys (ConfUtils.java:logGet(43)) - raft.server.log.use.memory = false (default)
2019-09-25 10:59:39,908 [pool-37-thread-1] INFO  server.RaftServerConfigKeys (ConfUtils.java:logGet(43)) - raft.server.log.purge.gap = 1000000 (custom)
2019-09-25 10:59:39,908 [pool-37-thread-1] INFO  server.RaftServerConfigKeys (ConfUtils.java:logGet(43)) - raft.server.log.appender.buffer.byte-limit = 33554432 (custom)
2019-09-25 10:59:39,908 [pool-37-thread-1] INFO  server.RaftServerConfigKeys (ConfUtils.java:logGet(43)) - raft.server.log.segment.size.max = 1048576 (custom)
2019-09-25 10:59:39,908 [pool-37-thread-1] INFO  server.RaftServerConfigKeys (ConfUtils.java:logGet(43)) - raft.server.log.segment.cache.num.max = 2 (custom)
2019-09-25 10:59:39,908 [pool-37-thread-1] INFO  segmented.SegmentedRaftLogWorker (SegmentedRaftLogWorker.java:<init>(172)) - new 5d5b7118-3eba-4e8b-b91b-00faf4d5a6cf@group-EA988C94BCB7-SegmentedRaftLogWorker for RaftStorage:Storage Directory /workdir/hadoop-ozone/integration-test/target/test-dir/MiniOzoneClusterImpl-110f9f20-3804-4026-bd60-0a894b7be794/datanode-1/data/ratis/5f7b2088-c360-42e2-a748-ea988c94bcb7
2019-09-25 10:59:39,909 [pool-37-thread-1] INFO  server.RaftServerConfigKeys (ConfUtils.java:logGet(43)) - raft.server.log.queue.byte-limit = 2147483647 (custom)
2019-09-25 10:59:39,909 [pool-37-thread-1] INFO  server.RaftServerConfigKeys (ConfUtils.java:logGet(43)) - raft.server.log.queue.element-limit = 1024 (custom)
2019-09-25 10:59:39,909 [pool-37-thread-1] INFO  server.RaftServerConfigKeys (ConfUtils.java:logGet(43)) - raft.server.log.segment.size.max = 1048576 (custom)
2019-09-25 10:59:39,909 [pool-37-thread-1] INFO  server.RaftServerConfigKeys (ConfUtils.java:logGet(43)) - raft.server.log.preallocated.size = 16384 (custom)
2019-09-25 10:59:39,910 [pool-37-thread-1] INFO  server.RaftServerConfigKeys (ConfUtils.java:logGet(43)) - raft.server.log.write.buffer.size = 33554432 (custom)
2019-09-25 10:59:39,910 [pool-37-thread-1] INFO  server.RaftServerConfigKeys (ConfUtils.java:logGet(43)) - raft.server.log.force.sync.num = 128 (default)
2019-09-25 10:59:39,910 [pool-37-thread-1] INFO  server.RaftServerConfigKeys (ConfUtils.java:logGet(43)) - raft.server.log.statemachine.data.sync = true (default)
2019-09-25 10:59:39,910 [pool-37-thread-1] INFO  server.RaftServerConfigKeys (ConfUtils.java:logGet(43)) - raft.server.log.statemachine.data.sync.timeout = 10s (default)
2019-09-25 10:59:39,910 [pool-37-thread-1] INFO  server.RaftServerConfigKeys (ConfUtils.java:logGet(43)) - raft.server.log.statemachine.data.sync.timeout.retry = -1 (default)
2019-09-25 10:59:39,910 [pool-37-thread-1] INFO  server.RaftServerConfigKeys (ConfUtils.java:logGet(43)) - raft.server.log.statemachine.data.caching.enabled = true (custom)
2019-09-25 10:59:39,911 [pool-37-thread-1] INFO  segmented.SegmentedRaftLogWorker (SegmentedRaftLogWorker.java:lambda$new$0(132)) - 5d5b7118-3eba-4e8b-b91b-00faf4d5a6cf@group-EA988C94BCB7-SegmentedRaftLogWorker: flushIndex: setUnconditionally 0 -> -1
2019-09-25 10:59:39,911 [pool-37-thread-1] INFO  server.RaftServerConfigKeys (ConfUtils.java:logGet(43)) - raft.server.snapshot.auto.trigger.enabled = true (custom)
2019-09-25 10:59:39,911 [pool-37-thread-1] INFO  server.RaftServerConfigKeys (ConfUtils.java:logGet(43)) - raft.server.snapshot.auto.trigger.threshold = 10000 (custom)
2019-09-25 10:59:39,911 [pool-37-thread-1] INFO  server.RaftServerConfigKeys (ConfUtils.java:logGet(43)) - raft.server.snapshot.retention.num.files = 5 (custom)
2019-09-25 10:59:39,912 [pool-37-thread-1] INFO  server.RaftServerConfigKeys (ConfUtils.java:logGet(43)) - raft.server.retrycache.expirytime = 600000ms (custom)
2019-09-25 10:59:39,915 [pool-37-thread-1] INFO  impl.RaftServerImpl (RaftServerImpl.java:start(185)) - 5d5b7118-3eba-4e8b-b91b-00faf4d5a6cf@group-EA988C94BCB7: start as a follower, conf=-1: [5d5b7118-3eba-4e8b-b91b-00faf4d5a6cf:192.168.30.6:42549], old=null
2019-09-25 10:59:39,915 [pool-37-thread-1] INFO  impl.RaftServerImpl (RaftServerImpl.java:setRole(174)) - 5d5b7118-3eba-4e8b-b91b-00faf4d5a6cf@group-EA988C94BCB7: changes role from      null to FOLLOWER at term 0 for startAsFollower
2019-09-25 10:59:39,915 [pool-37-thread-1] INFO  impl.RoleInfo (RoleInfo.java:updateAndGet(143)) - 5d5b7118-3eba-4e8b-b91b-00faf4d5a6cf: start FollowerState
2019-09-25 10:59:39,916 [pool-37-thread-1] INFO  util.JmxRegister (JmxRegister.java:tryRegister(44)) - Successfully registered JMX Bean with object name Ratis:service=RaftServer,group=group-EA988C94BCB7,id=5d5b7118-3eba-4e8b-b91b-00faf4d5a6cf
2019-09-25 10:59:39,928 [RatisPipelineUtilsThread] INFO  pipeline.PipelineStateManager (PipelineStateManager.java:addPipeline(56)) - Created pipeline Pipeline[ Id: 5f7b2088-c360-42e2-a748-ea988c94bcb7, Nodes: 5d5b7118-3eba-4e8b-b91b-00faf4d5a6cf{ip: 192.168.30.6, host: pr-hdds-1569-5gmkr-4255264070, networkLocation: /default-rack, certSerialId: null}, Type:RATIS, Factor:ONE, State:OPEN]
2019-09-25 10:59:39,941 [grpc-default-executor-1] INFO  impl.RaftServerProxy (RaftServerProxy.java:addNew(89)) - 0d44471b-600b-4cb7-a12a-d464fbbb4546: addNew group-33665066D7C7:[0d44471b-600b-4cb7-a12a-d464fbbb4546:192.168.30.6:37450] returns group-33665066D7C7:java.util.concurrent.CompletableFuture@57597c47[Not completed]
2019-09-25 10:59:39,943 [pool-47-thread-1] INFO  impl.RaftServerImpl (RaftServerImpl.java:<init>(95)) - 0d44471b-600b-4cb7-a12a-d464fbbb4546: new RaftServerImpl for group-33665066D7C7:[0d44471b-600b-4cb7-a12a-d464fbbb4546:192.168.30.6:37450] with ContainerStateMachine:uninitialized
2019-09-25 10:59:39,943 [pool-47-thread-1] INFO  server.RaftServerConfigKeys (ConfUtils.java:logGet(43)) - raft.server.rpc.timeout.min = 5s (custom)
2019-09-25 10:59:39,944 [pool-47-thread-1] INFO  server.RaftServerConfigKeys (ConfUtils.java:logGet(43)) - raft.server.rpc.timeout.max = 5200ms (custom)
2019-09-25 10:59:39,944 [pool-47-thread-1] INFO  server.RaftServerConfigKeys (ConfUtils.java:logGet(43)) - raft.server.rpcslowness.timeout = 120s (custom)
2019-09-25 10:59:39,944 [pool-47-thread-1] INFO  server.RaftServerConfigKeys (ConfUtils.java:logGet(43)) - raft.server.sleep.deviation.threshold = 300 (default)
2019-09-25 10:59:39,944 [pool-47-thread-1] INFO  server.RaftServerConfigKeys (ConfUtils.java:logGet(43)) - raft.server.log.appender.install.snapshot.enabled = false (custom)
2019-09-25 10:59:39,944 [pool-47-thread-1] INFO  impl.RaftServerImpl (ServerState.java:<init>(103)) - 0d44471b-600b-4cb7-a12a-d464fbbb4546@group-33665066D7C7: ConfigurationManager, init=-1: [0d44471b-600b-4cb7-a12a-d464fbbb4546:192.168.30.6:37450], old=null, confs=<EMPTY_MAP>
2019-09-25 10:59:39,945 [pool-47-thread-1] INFO  server.RaftServerConfigKeys (ConfUtils.java:logGet(43)) - raft.server.storage.dir = [/workdir/hadoop-ozone/integration-test/target/test-dir/MiniOzoneClusterImpl-110f9f20-3804-4026-bd60-0a894b7be794/datanode-2/data/ratis] (custom)
2019-09-25 10:59:39,945 [pool-47-thread-1] INFO  storage.RaftStorageDirectory (RaftStorageDirectory.java:analyzeStorage(246)) - The storage directory /workdir/hadoop-ozone/integration-test/target/test-dir/MiniOzoneClusterImpl-110f9f20-3804-4026-bd60-0a894b7be794/datanode-2/data/ratis/d2d62722-9217-4de4-bf85-33665066d7c7 does not exist. Creating ...
2019-09-25 10:59:39,953 [pool-47-thread-1] INFO  storage.RaftStorageDirectory (RaftStorageDirectory.java:tryLock(328)) - Lock on /workdir/hadoop-ozone/integration-test/target/test-dir/MiniOzoneClusterImpl-110f9f20-3804-4026-bd60-0a894b7be794/datanode-2/data/ratis/d2d62722-9217-4de4-bf85-33665066d7c7/in_use.lock acquired by nodename 20993@pr-hdds-1569-5gmkr-4255264070
2019-09-25 10:59:39,961 [pool-47-thread-1] INFO  storage.RaftStorage (RaftStorage.java:format(72)) - Storage directory /workdir/hadoop-ozone/integration-test/target/test-dir/MiniOzoneClusterImpl-110f9f20-3804-4026-bd60-0a894b7be794/datanode-2/data/ratis/d2d62722-9217-4de4-bf85-33665066d7c7 has been successfully formatted.
2019-09-25 10:59:39,962 [pool-47-thread-1] INFO  ratis.ContainerStateMachine (ContainerStateMachine.java:loadSnapshot(230)) - group-33665066D7C7: The snapshot info is null. Setting the last applied indexto:(t:0, i:~)
2019-09-25 10:59:39,962 [pool-47-thread-1] INFO  server.RaftServerConfigKeys (ConfUtils.java:logGet(43)) - raft.server.notification.no-leader.timeout = 120s (custom)
2019-09-25 10:59:39,962 [pool-47-thread-1] INFO  server.RaftServerConfigKeys (ConfUtils.java:logGet(43)) - raft.server.log.use.memory = false (default)
2019-09-25 10:59:39,962 [pool-47-thread-1] INFO  server.RaftServerConfigKeys (ConfUtils.java:logGet(43)) - raft.server.log.purge.gap = 1000000 (custom)
2019-09-25 10:59:39,962 [pool-47-thread-1] INFO  server.RaftServerConfigKeys (ConfUtils.java:logGet(43)) - raft.server.log.appender.buffer.byte-limit = 33554432 (custom)
2019-09-25 10:59:39,962 [pool-47-thread-1] INFO  server.RaftServerConfigKeys (ConfUtils.java:logGet(43)) - raft.server.log.segment.size.max = 1048576 (custom)
2019-09-25 10:59:39,963 [pool-47-thread-1] INFO  server.RaftServerConfigKeys (ConfUtils.java:logGet(43)) - raft.server.log.segment.cache.num.max = 2 (custom)
2019-09-25 10:59:39,963 [pool-47-thread-1] INFO  segmented.SegmentedRaftLogWorker (SegmentedRaftLogWorker.java:<init>(172)) - new 0d44471b-600b-4cb7-a12a-d464fbbb4546@group-33665066D7C7-SegmentedRaftLogWorker for RaftStorage:Storage Directory /workdir/hadoop-ozone/integration-test/target/test-dir/MiniOzoneClusterImpl-110f9f20-3804-4026-bd60-0a894b7be794/datanode-2/data/ratis/d2d62722-9217-4de4-bf85-33665066d7c7
2019-09-25 10:59:39,963 [pool-47-thread-1] INFO  server.RaftServerConfigKeys (ConfUtils.java:logGet(43)) - raft.server.log.queue.byte-limit = 2147483647 (custom)
2019-09-25 10:59:39,963 [pool-47-thread-1] INFO  server.RaftServerConfigKeys (ConfUtils.java:logGet(43)) - raft.server.log.queue.element-limit = 1024 (custom)
2019-09-25 10:59:39,963 [pool-47-thread-1] INFO  server.RaftServerConfigKeys (ConfUtils.java:logGet(43)) - raft.server.log.segment.size.max = 1048576 (custom)
2019-09-25 10:59:39,964 [pool-47-thread-1] INFO  server.RaftServerConfigKeys (ConfUtils.java:logGet(43)) - raft.server.log.preallocated.size = 16384 (custom)
2019-09-25 10:59:39,964 [pool-47-thread-1] INFO  server.RaftServerConfigKeys (ConfUtils.java:logGet(43)) - raft.server.log.write.buffer.size = 33554432 (custom)
2019-09-25 10:59:39,964 [pool-47-thread-1] INFO  server.RaftServerConfigKeys (ConfUtils.java:logGet(43)) - raft.server.log.force.sync.num = 128 (default)
2019-09-25 10:59:39,964 [pool-47-thread-1] INFO  server.RaftServerConfigKeys (ConfUtils.java:logGet(43)) - raft.server.log.statemachine.data.sync = true (default)
2019-09-25 10:59:39,964 [pool-47-thread-1] INFO  server.RaftServerConfigKeys (ConfUtils.java:logGet(43)) - raft.server.log.statemachine.data.sync.timeout = 10s (default)
2019-09-25 10:59:39,965 [pool-47-thread-1] INFO  server.RaftServerConfigKeys (ConfUtils.java:logGet(43)) - raft.server.log.statemachine.data.sync.timeout.retry = -1 (default)
2019-09-25 10:59:39,965 [pool-47-thread-1] INFO  server.RaftServerConfigKeys (ConfUtils.java:logGet(43)) - raft.server.log.statemachine.data.caching.enabled = true (custom)
2019-09-25 10:59:39,965 [pool-47-thread-1] INFO  segmented.SegmentedRaftLogWorker (SegmentedRaftLogWorker.java:lambda$new$0(132)) - 0d44471b-600b-4cb7-a12a-d464fbbb4546@group-33665066D7C7-SegmentedRaftLogWorker: flushIndex: setUnconditionally 0 -> -1
2019-09-25 10:59:39,966 [pool-47-thread-1] INFO  server.RaftServerConfigKeys (ConfUtils.java:logGet(43)) - raft.server.snapshot.auto.trigger.enabled = true (custom)
2019-09-25 10:59:39,966 [pool-47-thread-1] INFO  server.RaftServerConfigKeys (ConfUtils.java:logGet(43)) - raft.server.snapshot.auto.trigger.threshold = 10000 (custom)
2019-09-25 10:59:39,966 [pool-47-thread-1] INFO  server.RaftServerConfigKeys (ConfUtils.java:logGet(43)) - raft.server.snapshot.retention.num.files = 5 (custom)
2019-09-25 10:59:39,966 [pool-47-thread-1] INFO  server.RaftServerConfigKeys (ConfUtils.java:logGet(43)) - raft.server.retrycache.expirytime = 600000ms (custom)
2019-09-25 10:59:39,970 [pool-47-thread-1] INFO  impl.RaftServerImpl (RaftServerImpl.java:start(185)) - 0d44471b-600b-4cb7-a12a-d464fbbb4546@group-33665066D7C7: start as a follower, conf=-1: [0d44471b-600b-4cb7-a12a-d464fbbb4546:192.168.30.6:37450], old=null
2019-09-25 10:59:39,970 [pool-47-thread-1] INFO  impl.RaftServerImpl (RaftServerImpl.java:setRole(174)) - 0d44471b-600b-4cb7-a12a-d464fbbb4546@group-33665066D7C7: changes role from      null to FOLLOWER at term 0 for startAsFollower
2019-09-25 10:59:39,970 [pool-47-thread-1] INFO  impl.RoleInfo (RoleInfo.java:updateAndGet(143)) - 0d44471b-600b-4cb7-a12a-d464fbbb4546: start FollowerState
2019-09-25 10:59:39,970 [pool-47-thread-1] INFO  util.JmxRegister (JmxRegister.java:tryRegister(44)) - Successfully registered JMX Bean with object name Ratis:service=RaftServer,group=group-33665066D7C7,id=0d44471b-600b-4cb7-a12a-d464fbbb4546
2019-09-25 10:59:39,979 [RatisPipelineUtilsThread] INFO  pipeline.PipelineStateManager (PipelineStateManager.java:addPipeline(56)) - Created pipeline Pipeline[ Id: d2d62722-9217-4de4-bf85-33665066d7c7, Nodes: 0d44471b-600b-4cb7-a12a-d464fbbb4546{ip: 192.168.30.6, host: pr-hdds-1569-5gmkr-4255264070, networkLocation: /default-rack, certSerialId: null}, Type:RATIS, Factor:ONE, State:OPEN]
2019-09-25 10:59:39,990 [grpc-default-executor-1] INFO  impl.RaftServerProxy (RaftServerProxy.java:addNew(89)) - 5d5b7118-3eba-4e8b-b91b-00faf4d5a6cf: addNew group-5729DF1F3FE5:[5d5b7118-3eba-4e8b-b91b-00faf4d5a6cf:192.168.30.6:42549] returns group-5729DF1F3FE5:java.util.concurrent.CompletableFuture@2df155fe[Not completed]
2019-09-25 10:59:39,992 [pool-37-thread-1] INFO  impl.RaftServerImpl (RaftServerImpl.java:<init>(95)) - 5d5b7118-3eba-4e8b-b91b-00faf4d5a6cf: new RaftServerImpl for group-5729DF1F3FE5:[5d5b7118-3eba-4e8b-b91b-00faf4d5a6cf:192.168.30.6:42549] with ContainerStateMachine:uninitialized
2019-09-25 10:59:39,993 [pool-37-thread-1] INFO  server.RaftServerConfigKeys (ConfUtils.java:logGet(43)) - raft.server.rpc.timeout.min = 5s (custom)
2019-09-25 10:59:39,993 [pool-37-thread-1] INFO  server.RaftServerConfigKeys (ConfUtils.java:logGet(43)) - raft.server.rpc.timeout.max = 5200ms (custom)
2019-09-25 10:59:39,993 [pool-37-thread-1] INFO  server.RaftServerConfigKeys (ConfUtils.java:logGet(43)) - raft.server.rpcslowness.timeout = 120s (custom)
2019-09-25 10:59:39,993 [pool-37-thread-1] INFO  server.RaftServerConfigKeys (ConfUtils.java:logGet(43)) - raft.server.sleep.deviation.threshold = 300 (default)
2019-09-25 10:59:39,993 [pool-37-thread-1] INFO  server.RaftServerConfigKeys (ConfUtils.java:logGet(43)) - raft.server.log.appender.install.snapshot.enabled = false (custom)
2019-09-25 10:59:39,994 [pool-37-thread-1] INFO  impl.RaftServerImpl (ServerState.java:<init>(103)) - 5d5b7118-3eba-4e8b-b91b-00faf4d5a6cf@group-5729DF1F3FE5: ConfigurationManager, init=-1: [5d5b7118-3eba-4e8b-b91b-00faf4d5a6cf:192.168.30.6:42549], old=null, confs=<EMPTY_MAP>
2019-09-25 10:59:39,994 [pool-37-thread-1] INFO  server.RaftServerConfigKeys (ConfUtils.java:logGet(43)) - raft.server.storage.dir = [/workdir/hadoop-ozone/integration-test/target/test-dir/MiniOzoneClusterImpl-110f9f20-3804-4026-bd60-0a894b7be794/datanode-1/data/ratis] (custom)
2019-09-25 10:59:39,995 [pool-37-thread-1] INFO  storage.RaftStorageDirectory (RaftStorageDirectory.java:analyzeStorage(246)) - The storage directory /workdir/hadoop-ozone/integration-test/target/test-dir/MiniOzoneClusterImpl-110f9f20-3804-4026-bd60-0a894b7be794/datanode-1/data/ratis/d649f881-f8fd-4b9c-8f15-5729df1f3fe5 does not exist. Creating ...
2019-09-25 10:59:40,000 [pool-37-thread-1] INFO  storage.RaftStorageDirectory (RaftStorageDirectory.java:tryLock(328)) - Lock on /workdir/hadoop-ozone/integration-test/target/test-dir/MiniOzoneClusterImpl-110f9f20-3804-4026-bd60-0a894b7be794/datanode-1/data/ratis/d649f881-f8fd-4b9c-8f15-5729df1f3fe5/in_use.lock acquired by nodename 20993@pr-hdds-1569-5gmkr-4255264070
2019-09-25 10:59:40,029 [pool-37-thread-1] INFO  storage.RaftStorage (RaftStorage.java:format(72)) - Storage directory /workdir/hadoop-ozone/integration-test/target/test-dir/MiniOzoneClusterImpl-110f9f20-3804-4026-bd60-0a894b7be794/datanode-1/data/ratis/d649f881-f8fd-4b9c-8f15-5729df1f3fe5 has been successfully formatted.
2019-09-25 10:59:40,029 [pool-37-thread-1] INFO  ratis.ContainerStateMachine (ContainerStateMachine.java:loadSnapshot(230)) - group-5729DF1F3FE5: The snapshot info is null. Setting the last applied indexto:(t:0, i:~)
2019-09-25 10:59:40,030 [pool-37-thread-1] INFO  server.RaftServerConfigKeys (ConfUtils.java:logGet(43)) - raft.server.notification.no-leader.timeout = 120s (custom)
2019-09-25 10:59:40,030 [pool-37-thread-1] INFO  server.RaftServerConfigKeys (ConfUtils.java:logGet(43)) - raft.server.log.use.memory = false (default)
2019-09-25 10:59:40,030 [pool-37-thread-1] INFO  server.RaftServerConfigKeys (ConfUtils.java:logGet(43)) - raft.server.log.purge.gap = 1000000 (custom)
2019-09-25 10:59:40,030 [pool-37-thread-1] INFO  server.RaftServerConfigKeys (ConfUtils.java:logGet(43)) - raft.server.log.appender.buffer.byte-limit = 33554432 (custom)
2019-09-25 10:59:40,030 [pool-37-thread-1] INFO  server.RaftServerConfigKeys (ConfUtils.java:logGet(43)) - raft.server.log.segment.size.max = 1048576 (custom)
2019-09-25 10:59:40,031 [pool-37-thread-1] INFO  server.RaftServerConfigKeys (ConfUtils.java:logGet(43)) - raft.server.log.segment.cache.num.max = 2 (custom)
2019-09-25 10:59:40,031 [pool-37-thread-1] INFO  segmented.SegmentedRaftLogWorker (SegmentedRaftLogWorker.java:<init>(172)) - new 5d5b7118-3eba-4e8b-b91b-00faf4d5a6cf@group-5729DF1F3FE5-SegmentedRaftLogWorker for RaftStorage:Storage Directory /workdir/hadoop-ozone/integration-test/target/test-dir/MiniOzoneClusterImpl-110f9f20-3804-4026-bd60-0a894b7be794/datanode-1/data/ratis/d649f881-f8fd-4b9c-8f15-5729df1f3fe5
2019-09-25 10:59:40,031 [pool-37-thread-1] INFO  server.RaftServerConfigKeys (ConfUtils.java:logGet(43)) - raft.server.log.queue.byte-limit = 2147483647 (custom)
2019-09-25 10:59:40,031 [pool-37-thread-1] INFO  server.RaftServerConfigKeys (ConfUtils.java:logGet(43)) - raft.server.log.queue.element-limit = 1024 (custom)
2019-09-25 10:59:40,031 [pool-37-thread-1] INFO  server.RaftServerConfigKeys (ConfUtils.java:logGet(43)) - raft.server.log.segment.size.max = 1048576 (custom)
2019-09-25 10:59:40,032 [pool-37-thread-1] INFO  server.RaftServerConfigKeys (ConfUtils.java:logGet(43)) - raft.server.log.preallocated.size = 16384 (custom)
2019-09-25 10:59:40,032 [pool-37-thread-1] INFO  server.RaftServerConfigKeys (ConfUtils.java:logGet(43)) - raft.server.log.write.buffer.size = 33554432 (custom)
2019-09-25 10:59:40,032 [pool-37-thread-1] INFO  server.RaftServerConfigKeys (ConfUtils.java:logGet(43)) - raft.server.log.force.sync.num = 128 (default)
2019-09-25 10:59:40,032 [pool-37-thread-1] INFO  server.RaftServerConfigKeys (ConfUtils.java:logGet(43)) - raft.server.log.statemachine.data.sync = true (default)
2019-09-25 10:59:40,032 [pool-37-thread-1] INFO  server.RaftServerConfigKeys (ConfUtils.java:logGet(43)) - raft.server.log.statemachine.data.sync.timeout = 10s (default)
2019-09-25 10:59:40,033 [pool-37-thread-1] INFO  server.RaftServerConfigKeys (ConfUtils.java:logGet(43)) - raft.server.log.statemachine.data.sync.timeout.retry = -1 (default)
2019-09-25 10:59:40,033 [pool-37-thread-1] INFO  server.RaftServerConfigKeys (ConfUtils.java:logGet(43)) - raft.server.log.statemachine.data.caching.enabled = true (custom)
2019-09-25 10:59:40,033 [pool-37-thread-1] INFO  segmented.SegmentedRaftLogWorker (SegmentedRaftLogWorker.java:lambda$new$0(132)) - 5d5b7118-3eba-4e8b-b91b-00faf4d5a6cf@group-5729DF1F3FE5-SegmentedRaftLogWorker: flushIndex: setUnconditionally 0 -> -1
2019-09-25 10:59:40,034 [pool-37-thread-1] INFO  server.RaftServerConfigKeys (ConfUtils.java:logGet(43)) - raft.server.snapshot.auto.trigger.enabled = true (custom)
2019-09-25 10:59:40,034 [pool-37-thread-1] INFO  server.RaftServerConfigKeys (ConfUtils.java:logGet(43)) - raft.server.snapshot.auto.trigger.threshold = 10000 (custom)
2019-09-25 10:59:40,034 [pool-37-thread-1] INFO  server.RaftServerConfigKeys (ConfUtils.java:logGet(43)) - raft.server.snapshot.retention.num.files = 5 (custom)
2019-09-25 10:59:40,034 [pool-37-thread-1] INFO  server.RaftServerConfigKeys (ConfUtils.java:logGet(43)) - raft.server.retrycache.expirytime = 600000ms (custom)
2019-09-25 10:59:40,038 [pool-37-thread-1] INFO  impl.RaftServerImpl (RaftServerImpl.java:start(185)) - 5d5b7118-3eba-4e8b-b91b-00faf4d5a6cf@group-5729DF1F3FE5: start as a follower, conf=-1: [5d5b7118-3eba-4e8b-b91b-00faf4d5a6cf:192.168.30.6:42549], old=null
2019-09-25 10:59:40,038 [pool-37-thread-1] INFO  impl.RaftServerImpl (RaftServerImpl.java:setRole(174)) - 5d5b7118-3eba-4e8b-b91b-00faf4d5a6cf@group-5729DF1F3FE5: changes role from      null to FOLLOWER at term 0 for startAsFollower
2019-09-25 10:59:40,039 [pool-37-thread-1] INFO  impl.RoleInfo (RoleInfo.java:updateAndGet(143)) - 5d5b7118-3eba-4e8b-b91b-00faf4d5a6cf: start FollowerState
2019-09-25 10:59:40,039 [pool-37-thread-1] INFO  util.JmxRegister (JmxRegister.java:tryRegister(44)) - Successfully registered JMX Bean with object name Ratis:service=RaftServer,group=group-5729DF1F3FE5,id=5d5b7118-3eba-4e8b-b91b-00faf4d5a6cf
2019-09-25 10:59:40,048 [RatisPipelineUtilsThread] INFO  pipeline.PipelineStateManager (PipelineStateManager.java:addPipeline(56)) - Created pipeline Pipeline[ Id: d649f881-f8fd-4b9c-8f15-5729df1f3fe5, Nodes: 5d5b7118-3eba-4e8b-b91b-00faf4d5a6cf{ip: 192.168.30.6, host: pr-hdds-1569-5gmkr-4255264070, networkLocation: /default-rack, certSerialId: null}, Type:RATIS, Factor:ONE, State:OPEN]
2019-09-25 10:59:40,061 [grpc-default-executor-1] INFO  impl.RaftServerProxy (RaftServerProxy.java:addNew(89)) - 0d44471b-600b-4cb7-a12a-d464fbbb4546: addNew group-C1A5AC423E24:[0d44471b-600b-4cb7-a12a-d464fbbb4546:192.168.30.6:37450] returns group-C1A5AC423E24:java.util.concurrent.CompletableFuture@4c5df7f7[Not completed]
2019-09-25 10:59:40,064 [pool-47-thread-1] INFO  impl.RaftServerImpl (RaftServerImpl.java:<init>(95)) - 0d44471b-600b-4cb7-a12a-d464fbbb4546: new RaftServerImpl for group-C1A5AC423E24:[0d44471b-600b-4cb7-a12a-d464fbbb4546:192.168.30.6:37450] with ContainerStateMachine:uninitialized
2019-09-25 10:59:40,064 [pool-47-thread-1] INFO  server.RaftServerConfigKeys (ConfUtils.java:logGet(43)) - raft.server.rpc.timeout.min = 5s (custom)
2019-09-25 10:59:40,064 [pool-47-thread-1] INFO  server.RaftServerConfigKeys (ConfUtils.java:logGet(43)) - raft.server.rpc.timeout.max = 5200ms (custom)
2019-09-25 10:59:40,065 [pool-47-thread-1] INFO  server.RaftServerConfigKeys (ConfUtils.java:logGet(43)) - raft.server.rpcslowness.timeout = 120s (custom)
2019-09-25 10:59:40,065 [pool-47-thread-1] INFO  server.RaftServerConfigKeys (ConfUtils.java:logGet(43)) - raft.server.sleep.deviation.threshold = 300 (default)
2019-09-25 10:59:40,065 [pool-47-thread-1] INFO  server.RaftServerConfigKeys (ConfUtils.java:logGet(43)) - raft.server.log.appender.install.snapshot.enabled = false (custom)
2019-09-25 10:59:40,065 [pool-47-thread-1] INFO  impl.RaftServerImpl (ServerState.java:<init>(103)) - 0d44471b-600b-4cb7-a12a-d464fbbb4546@group-C1A5AC423E24: ConfigurationManager, init=-1: [0d44471b-600b-4cb7-a12a-d464fbbb4546:192.168.30.6:37450], old=null, confs=<EMPTY_MAP>
2019-09-25 10:59:40,065 [pool-47-thread-1] INFO  server.RaftServerConfigKeys (ConfUtils.java:logGet(43)) - raft.server.storage.dir = [/workdir/hadoop-ozone/integration-test/target/test-dir/MiniOzoneClusterImpl-110f9f20-3804-4026-bd60-0a894b7be794/datanode-2/data/ratis] (custom)
2019-09-25 10:59:40,066 [pool-47-thread-1] INFO  storage.RaftStorageDirectory (RaftStorageDirectory.java:analyzeStorage(246)) - The storage directory /workdir/hadoop-ozone/integration-test/target/test-dir/MiniOzoneClusterImpl-110f9f20-3804-4026-bd60-0a894b7be794/datanode-2/data/ratis/07050749-c6de-4e8f-87fa-c1a5ac423e24 does not exist. Creating ...
2019-09-25 10:59:40,090 [pool-47-thread-1] INFO  storage.RaftStorageDirectory (RaftStorageDirectory.java:tryLock(328)) - Lock on /workdir/hadoop-ozone/integration-test/target/test-dir/MiniOzoneClusterImpl-110f9f20-3804-4026-bd60-0a894b7be794/datanode-2/data/ratis/07050749-c6de-4e8f-87fa-c1a5ac423e24/in_use.lock acquired by nodename 20993@pr-hdds-1569-5gmkr-4255264070
2019-09-25 10:59:40,096 [pool-47-thread-1] INFO  storage.RaftStorage (RaftStorage.java:format(72)) - Storage directory /workdir/hadoop-ozone/integration-test/target/test-dir/MiniOzoneClusterImpl-110f9f20-3804-4026-bd60-0a894b7be794/datanode-2/data/ratis/07050749-c6de-4e8f-87fa-c1a5ac423e24 has been successfully formatted.
2019-09-25 10:59:40,097 [pool-47-thread-1] INFO  ratis.ContainerStateMachine (ContainerStateMachine.java:loadSnapshot(230)) - group-C1A5AC423E24: The snapshot info is null. Setting the last applied indexto:(t:0, i:~)
2019-09-25 10:59:40,097 [pool-47-thread-1] INFO  server.RaftServerConfigKeys (ConfUtils.java:logGet(43)) - raft.server.notification.no-leader.timeout = 120s (custom)
2019-09-25 10:59:40,097 [pool-47-thread-1] INFO  server.RaftServerConfigKeys (ConfUtils.java:logGet(43)) - raft.server.log.use.memory = false (default)
2019-09-25 10:59:40,097 [pool-47-thread-1] INFO  server.RaftServerConfigKeys (ConfUtils.java:logGet(43)) - raft.server.log.purge.gap = 1000000 (custom)
2019-09-25 10:59:40,097 [pool-47-thread-1] INFO  server.RaftServerConfigKeys (ConfUtils.java:logGet(43)) - raft.server.log.appender.buffer.byte-limit = 33554432 (custom)
2019-09-25 10:59:40,097 [pool-47-thread-1] INFO  server.RaftServerConfigKeys (ConfUtils.java:logGet(43)) - raft.server.log.segment.size.max = 1048576 (custom)
2019-09-25 10:59:40,098 [pool-47-thread-1] INFO  server.RaftServerConfigKeys (ConfUtils.java:logGet(43)) - raft.server.log.segment.cache.num.max = 2 (custom)
2019-09-25 10:59:40,098 [pool-47-thread-1] INFO  segmented.SegmentedRaftLogWorker (SegmentedRaftLogWorker.java:<init>(172)) - new 0d44471b-600b-4cb7-a12a-d464fbbb4546@group-C1A5AC423E24-SegmentedRaftLogWorker for RaftStorage:Storage Directory /workdir/hadoop-ozone/integration-test/target/test-dir/MiniOzoneClusterImpl-110f9f20-3804-4026-bd60-0a894b7be794/datanode-2/data/ratis/07050749-c6de-4e8f-87fa-c1a5ac423e24
2019-09-25 10:59:40,098 [pool-47-thread-1] INFO  server.RaftServerConfigKeys (ConfUtils.java:logGet(43)) - raft.server.log.queue.byte-limit = 2147483647 (custom)
2019-09-25 10:59:40,099 [pool-47-thread-1] INFO  server.RaftServerConfigKeys (ConfUtils.java:logGet(43)) - raft.server.log.queue.element-limit = 1024 (custom)
2019-09-25 10:59:40,099 [pool-47-thread-1] INFO  server.RaftServerConfigKeys (ConfUtils.java:logGet(43)) - raft.server.log.segment.size.max = 1048576 (custom)
2019-09-25 10:59:40,099 [pool-47-thread-1] INFO  server.RaftServerConfigKeys (ConfUtils.java:logGet(43)) - raft.server.log.preallocated.size = 16384 (custom)
2019-09-25 10:59:40,099 [pool-47-thread-1] INFO  server.RaftServerConfigKeys (ConfUtils.java:logGet(43)) - raft.server.log.write.buffer.size = 33554432 (custom)
2019-09-25 10:59:40,099 [pool-47-thread-1] INFO  server.RaftServerConfigKeys (ConfUtils.java:logGet(43)) - raft.server.log.force.sync.num = 128 (default)
2019-09-25 10:59:40,100 [pool-47-thread-1] INFO  server.RaftServerConfigKeys (ConfUtils.java:logGet(43)) - raft.server.log.statemachine.data.sync = true (default)
2019-09-25 10:59:40,100 [pool-47-thread-1] INFO  server.RaftServerConfigKeys (ConfUtils.java:logGet(43)) - raft.server.log.statemachine.data.sync.timeout = 10s (default)
2019-09-25 10:59:40,100 [pool-47-thread-1] INFO  server.RaftServerConfigKeys (ConfUtils.java:logGet(43)) - raft.server.log.statemachine.data.sync.timeout.retry = -1 (default)
2019-09-25 10:59:40,100 [pool-47-thread-1] INFO  server.RaftServerConfigKeys (ConfUtils.java:logGet(43)) - raft.server.log.statemachine.data.caching.enabled = true (custom)
2019-09-25 10:59:40,100 [pool-47-thread-1] INFO  segmented.SegmentedRaftLogWorker (SegmentedRaftLogWorker.java:lambda$new$0(132)) - 0d44471b-600b-4cb7-a12a-d464fbbb4546@group-C1A5AC423E24-SegmentedRaftLogWorker: flushIndex: setUnconditionally 0 -> -1
2019-09-25 10:59:40,101 [pool-47-thread-1] INFO  server.RaftServerConfigKeys (ConfUtils.java:logGet(43)) - raft.server.snapshot.auto.trigger.enabled = true (custom)
2019-09-25 10:59:40,101 [pool-47-thread-1] INFO  server.RaftServerConfigKeys (ConfUtils.java:logGet(43)) - raft.server.snapshot.auto.trigger.threshold = 10000 (custom)
2019-09-25 10:59:40,101 [pool-47-thread-1] INFO  server.RaftServerConfigKeys (ConfUtils.java:logGet(43)) - raft.server.snapshot.retention.num.files = 5 (custom)
2019-09-25 10:59:40,101 [pool-47-thread-1] INFO  server.RaftServerConfigKeys (ConfUtils.java:logGet(43)) - raft.server.retrycache.expirytime = 600000ms (custom)
2019-09-25 10:59:40,104 [pool-47-thread-1] INFO  impl.RaftServerImpl (RaftServerImpl.java:start(185)) - 0d44471b-600b-4cb7-a12a-d464fbbb4546@group-C1A5AC423E24: start as a follower, conf=-1: [0d44471b-600b-4cb7-a12a-d464fbbb4546:192.168.30.6:37450], old=null
2019-09-25 10:59:40,104 [pool-47-thread-1] INFO  impl.RaftServerImpl (RaftServerImpl.java:setRole(174)) - 0d44471b-600b-4cb7-a12a-d464fbbb4546@group-C1A5AC423E24: changes role from      null to FOLLOWER at term 0 for startAsFollower
2019-09-25 10:59:40,104 [pool-47-thread-1] INFO  impl.RoleInfo (RoleInfo.java:updateAndGet(143)) - 0d44471b-600b-4cb7-a12a-d464fbbb4546: start FollowerState
2019-09-25 10:59:40,105 [pool-47-thread-1] INFO  util.JmxRegister (JmxRegister.java:tryRegister(44)) - Successfully registered JMX Bean with object name Ratis:service=RaftServer,group=group-C1A5AC423E24,id=0d44471b-600b-4cb7-a12a-d464fbbb4546
2019-09-25 10:59:40,113 [RatisPipelineUtilsThread] INFO  pipeline.PipelineStateManager (PipelineStateManager.java:addPipeline(56)) - Created pipeline Pipeline[ Id: 07050749-c6de-4e8f-87fa-c1a5ac423e24, Nodes: 0d44471b-600b-4cb7-a12a-d464fbbb4546{ip: 192.168.30.6, host: pr-hdds-1569-5gmkr-4255264070, networkLocation: /default-rack, certSerialId: null}, Type:RATIS, Factor:ONE, State:OPEN]
2019-09-25 10:59:40,124 [grpc-default-executor-1] INFO  impl.RaftServerProxy (RaftServerProxy.java:addNew(89)) - 5d5b7118-3eba-4e8b-b91b-00faf4d5a6cf: addNew group-E4B130FCE93E:[5d5b7118-3eba-4e8b-b91b-00faf4d5a6cf:192.168.30.6:42549] returns group-E4B130FCE93E:java.util.concurrent.CompletableFuture@1d9e3ab0[Not completed]
2019-09-25 10:59:40,126 [pool-37-thread-1] INFO  impl.RaftServerImpl (RaftServerImpl.java:<init>(95)) - 5d5b7118-3eba-4e8b-b91b-00faf4d5a6cf: new RaftServerImpl for group-E4B130FCE93E:[5d5b7118-3eba-4e8b-b91b-00faf4d5a6cf:192.168.30.6:42549] with ContainerStateMachine:uninitialized
2019-09-25 10:59:40,126 [pool-37-thread-1] INFO  server.RaftServerConfigKeys (ConfUtils.java:logGet(43)) - raft.server.rpc.timeout.min = 5s (custom)
2019-09-25 10:59:40,126 [pool-37-thread-1] INFO  server.RaftServerConfigKeys (ConfUtils.java:logGet(43)) - raft.server.rpc.timeout.max = 5200ms (custom)
2019-09-25 10:59:40,127 [pool-37-thread-1] INFO  server.RaftServerConfigKeys (ConfUtils.java:logGet(43)) - raft.server.rpcslowness.timeout = 120s (custom)
2019-09-25 10:59:40,127 [pool-37-thread-1] INFO  server.RaftServerConfigKeys (ConfUtils.java:logGet(43)) - raft.server.sleep.deviation.threshold = 300 (default)
2019-09-25 10:59:40,127 [pool-37-thread-1] INFO  server.RaftServerConfigKeys (ConfUtils.java:logGet(43)) - raft.server.log.appender.install.snapshot.enabled = false (custom)
2019-09-25 10:59:40,127 [pool-37-thread-1] INFO  impl.RaftServerImpl (ServerState.java:<init>(103)) - 5d5b7118-3eba-4e8b-b91b-00faf4d5a6cf@group-E4B130FCE93E: ConfigurationManager, init=-1: [5d5b7118-3eba-4e8b-b91b-00faf4d5a6cf:192.168.30.6:42549], old=null, confs=<EMPTY_MAP>
2019-09-25 10:59:40,127 [pool-37-thread-1] INFO  server.RaftServerConfigKeys (ConfUtils.java:logGet(43)) - raft.server.storage.dir = [/workdir/hadoop-ozone/integration-test/target/test-dir/MiniOzoneClusterImpl-110f9f20-3804-4026-bd60-0a894b7be794/datanode-1/data/ratis] (custom)
2019-09-25 10:59:40,128 [pool-37-thread-1] INFO  storage.RaftStorageDirectory (RaftStorageDirectory.java:analyzeStorage(246)) - The storage directory /workdir/hadoop-ozone/integration-test/target/test-dir/MiniOzoneClusterImpl-110f9f20-3804-4026-bd60-0a894b7be794/datanode-1/data/ratis/4dac8196-9594-493a-a22f-e4b130fce93e does not exist. Creating ...
2019-09-25 10:59:40,133 [pool-37-thread-1] INFO  storage.RaftStorageDirectory (RaftStorageDirectory.java:tryLock(328)) - Lock on /workdir/hadoop-ozone/integration-test/target/test-dir/MiniOzoneClusterImpl-110f9f20-3804-4026-bd60-0a894b7be794/datanode-1/data/ratis/4dac8196-9594-493a-a22f-e4b130fce93e/in_use.lock acquired by nodename 20993@pr-hdds-1569-5gmkr-4255264070
2019-09-25 10:59:40,150 [pool-37-thread-1] INFO  storage.RaftStorage (RaftStorage.java:format(72)) - Storage directory /workdir/hadoop-ozone/integration-test/target/test-dir/MiniOzoneClusterImpl-110f9f20-3804-4026-bd60-0a894b7be794/datanode-1/data/ratis/4dac8196-9594-493a-a22f-e4b130fce93e has been successfully formatted.
2019-09-25 10:59:40,150 [pool-37-thread-1] INFO  ratis.ContainerStateMachine (ContainerStateMachine.java:loadSnapshot(230)) - group-E4B130FCE93E: The snapshot info is null. Setting the last applied indexto:(t:0, i:~)
2019-09-25 10:59:40,150 [pool-37-thread-1] INFO  server.RaftServerConfigKeys (ConfUtils.java:logGet(43)) - raft.server.notification.no-leader.timeout = 120s (custom)
2019-09-25 10:59:40,150 [pool-37-thread-1] INFO  server.RaftServerConfigKeys (ConfUtils.java:logGet(43)) - raft.server.log.use.memory = false (default)
2019-09-25 10:59:40,150 [pool-37-thread-1] INFO  server.RaftServerConfigKeys (ConfUtils.java:logGet(43)) - raft.server.log.purge.gap = 1000000 (custom)
2019-09-25 10:59:40,151 [pool-37-thread-1] INFO  server.RaftServerConfigKeys (ConfUtils.java:logGet(43)) - raft.server.log.appender.buffer.byte-limit = 33554432 (custom)
2019-09-25 10:59:40,151 [pool-37-thread-1] INFO  server.RaftServerConfigKeys (ConfUtils.java:logGet(43)) - raft.server.log.segment.size.max = 1048576 (custom)
2019-09-25 10:59:40,151 [pool-37-thread-1] INFO  server.RaftServerConfigKeys (ConfUtils.java:logGet(43)) - raft.server.log.segment.cache.num.max = 2 (custom)
2019-09-25 10:59:40,151 [pool-37-thread-1] INFO  segmented.SegmentedRaftLogWorker (SegmentedRaftLogWorker.java:<init>(172)) - new 5d5b7118-3eba-4e8b-b91b-00faf4d5a6cf@group-E4B130FCE93E-SegmentedRaftLogWorker for RaftStorage:Storage Directory /workdir/hadoop-ozone/integration-test/target/test-dir/MiniOzoneClusterImpl-110f9f20-3804-4026-bd60-0a894b7be794/datanode-1/data/ratis/4dac8196-9594-493a-a22f-e4b130fce93e
2019-09-25 10:59:40,151 [pool-37-thread-1] INFO  server.RaftServerConfigKeys (ConfUtils.java:logGet(43)) - raft.server.log.queue.byte-limit = 2147483647 (custom)
2019-09-25 10:59:40,152 [pool-37-thread-1] INFO  server.RaftServerConfigKeys (ConfUtils.java:logGet(43)) - raft.server.log.queue.element-limit = 1024 (custom)
2019-09-25 10:59:40,152 [pool-37-thread-1] INFO  server.RaftServerConfigKeys (ConfUtils.java:logGet(43)) - raft.server.log.segment.size.max = 1048576 (custom)
2019-09-25 10:59:40,152 [pool-37-thread-1] INFO  server.RaftServerConfigKeys (ConfUtils.java:logGet(43)) - raft.server.log.preallocated.size = 16384 (custom)
2019-09-25 10:59:40,152 [pool-37-thread-1] INFO  server.RaftServerConfigKeys (ConfUtils.java:logGet(43)) - raft.server.log.write.buffer.size = 33554432 (custom)
2019-09-25 10:59:40,152 [pool-37-thread-1] INFO  server.RaftServerConfigKeys (ConfUtils.java:logGet(43)) - raft.server.log.force.sync.num = 128 (default)
2019-09-25 10:59:40,152 [pool-37-thread-1] INFO  server.RaftServerConfigKeys (ConfUtils.java:logGet(43)) - raft.server.log.statemachine.data.sync = true (default)
2019-09-25 10:59:40,153 [pool-37-thread-1] INFO  server.RaftServerConfigKeys (ConfUtils.java:logGet(43)) - raft.server.log.statemachine.data.sync.timeout = 10s (default)
2019-09-25 10:59:40,153 [pool-37-thread-1] INFO  server.RaftServerConfigKeys (ConfUtils.java:logGet(43)) - raft.server.log.statemachine.data.sync.timeout.retry = -1 (default)
2019-09-25 10:59:40,153 [pool-37-thread-1] INFO  server.RaftServerConfigKeys (ConfUtils.java:logGet(43)) - raft.server.log.statemachine.data.caching.enabled = true (custom)
2019-09-25 10:59:40,153 [pool-37-thread-1] INFO  segmented.SegmentedRaftLogWorker (SegmentedRaftLogWorker.java:lambda$new$0(132)) - 5d5b7118-3eba-4e8b-b91b-00faf4d5a6cf@group-E4B130FCE93E-SegmentedRaftLogWorker: flushIndex: setUnconditionally 0 -> -1
2019-09-25 10:59:40,154 [pool-37-thread-1] INFO  server.RaftServerConfigKeys (ConfUtils.java:logGet(43)) - raft.server.snapshot.auto.trigger.enabled = true (custom)
2019-09-25 10:59:40,154 [pool-37-thread-1] INFO  server.RaftServerConfigKeys (ConfUtils.java:logGet(43)) - raft.server.snapshot.auto.trigger.threshold = 10000 (custom)
2019-09-25 10:59:40,154 [pool-37-thread-1] INFO  server.RaftServerConfigKeys (ConfUtils.java:logGet(43)) - raft.server.snapshot.retention.num.files = 5 (custom)
2019-09-25 10:59:40,154 [pool-37-thread-1] INFO  server.RaftServerConfigKeys (ConfUtils.java:logGet(43)) - raft.server.retrycache.expirytime = 600000ms (custom)
2019-09-25 10:59:40,157 [pool-37-thread-1] INFO  impl.RaftServerImpl (RaftServerImpl.java:start(185)) - 5d5b7118-3eba-4e8b-b91b-00faf4d5a6cf@group-E4B130FCE93E: start as a follower, conf=-1: [5d5b7118-3eba-4e8b-b91b-00faf4d5a6cf:192.168.30.6:42549], old=null
2019-09-25 10:59:40,158 [pool-37-thread-1] INFO  impl.RaftServerImpl (RaftServerImpl.java:setRole(174)) - 5d5b7118-3eba-4e8b-b91b-00faf4d5a6cf@group-E4B130FCE93E: changes role from      null to FOLLOWER at term 0 for startAsFollower
2019-09-25 10:59:40,158 [pool-37-thread-1] INFO  impl.RoleInfo (RoleInfo.java:updateAndGet(143)) - 5d5b7118-3eba-4e8b-b91b-00faf4d5a6cf: start FollowerState
2019-09-25 10:59:40,158 [pool-37-thread-1] INFO  util.JmxRegister (JmxRegister.java:tryRegister(44)) - Successfully registered JMX Bean with object name Ratis:service=RaftServer,group=group-E4B130FCE93E,id=5d5b7118-3eba-4e8b-b91b-00faf4d5a6cf
2019-09-25 10:59:40,166 [RatisPipelineUtilsThread] INFO  pipeline.PipelineStateManager (PipelineStateManager.java:addPipeline(56)) - Created pipeline Pipeline[ Id: 4dac8196-9594-493a-a22f-e4b130fce93e, Nodes: 5d5b7118-3eba-4e8b-b91b-00faf4d5a6cf{ip: 192.168.30.6, host: pr-hdds-1569-5gmkr-4255264070, networkLocation: /default-rack, certSerialId: null}, Type:RATIS, Factor:ONE, State:OPEN]
2019-09-25 10:59:40,167 [RatisPipelineUtilsThread] INFO  pipeline.PipelinePlacementPolicy (PipelinePlacementPolicy.java:meetCriteria(91)) - Pipeline Placement: can't place more pipeline on heavy datanode： 5d5b7118-3eba-4e8b-b91b-00faf4d5a6cf Heaviness: 6 limit: 5
2019-09-25 10:59:40,179 [grpc-default-executor-1] INFO  impl.RaftServerProxy (RaftServerProxy.java:addNew(89)) - f2525173-cb6f-4e19-b7a8-94fd7e94e7f3: addNew group-3CC652885F59:[f2525173-cb6f-4e19-b7a8-94fd7e94e7f3:192.168.30.6:40876] returns group-3CC652885F59:java.util.concurrent.CompletableFuture@3e32b0a4[Not completed]
2019-09-25 10:59:40,181 [pool-27-thread-1] INFO  impl.RaftServerImpl (RaftServerImpl.java:<init>(95)) - f2525173-cb6f-4e19-b7a8-94fd7e94e7f3: new RaftServerImpl for group-3CC652885F59:[f2525173-cb6f-4e19-b7a8-94fd7e94e7f3:192.168.30.6:40876] with ContainerStateMachine:uninitialized
2019-09-25 10:59:40,181 [pool-27-thread-1] INFO  server.RaftServerConfigKeys (ConfUtils.java:logGet(43)) - raft.server.rpc.timeout.min = 5s (custom)
2019-09-25 10:59:40,181 [pool-27-thread-1] INFO  server.RaftServerConfigKeys (ConfUtils.java:logGet(43)) - raft.server.rpc.timeout.max = 5200ms (custom)
2019-09-25 10:59:40,181 [pool-27-thread-1] INFO  server.RaftServerConfigKeys (ConfUtils.java:logGet(43)) - raft.server.rpcslowness.timeout = 120s (custom)
2019-09-25 10:59:40,181 [pool-27-thread-1] INFO  server.RaftServerConfigKeys (ConfUtils.java:logGet(43)) - raft.server.sleep.deviation.threshold = 300 (default)
2019-09-25 10:59:40,182 [pool-27-thread-1] INFO  server.RaftServerConfigKeys (ConfUtils.java:logGet(43)) - raft.server.log.appender.install.snapshot.enabled = false (custom)
2019-09-25 10:59:40,182 [pool-27-thread-1] INFO  impl.RaftServerImpl (ServerState.java:<init>(103)) - f2525173-cb6f-4e19-b7a8-94fd7e94e7f3@group-3CC652885F59: ConfigurationManager, init=-1: [f2525173-cb6f-4e19-b7a8-94fd7e94e7f3:192.168.30.6:40876], old=null, confs=<EMPTY_MAP>
2019-09-25 10:59:40,182 [pool-27-thread-1] INFO  server.RaftServerConfigKeys (ConfUtils.java:logGet(43)) - raft.server.storage.dir = [/workdir/hadoop-ozone/integration-test/target/test-dir/MiniOzoneClusterImpl-110f9f20-3804-4026-bd60-0a894b7be794/datanode-0/data/ratis] (custom)
2019-09-25 10:59:40,182 [pool-27-thread-1] INFO  storage.RaftStorageDirectory (RaftStorageDirectory.java:analyzeStorage(246)) - The storage directory /workdir/hadoop-ozone/integration-test/target/test-dir/MiniOzoneClusterImpl-110f9f20-3804-4026-bd60-0a894b7be794/datanode-0/data/ratis/ea5415a6-3811-4460-8706-3cc652885f59 does not exist. Creating ...
2019-09-25 10:59:40,197 [pool-27-thread-1] INFO  storage.RaftStorageDirectory (RaftStorageDirectory.java:tryLock(328)) - Lock on /workdir/hadoop-ozone/integration-test/target/test-dir/MiniOzoneClusterImpl-110f9f20-3804-4026-bd60-0a894b7be794/datanode-0/data/ratis/ea5415a6-3811-4460-8706-3cc652885f59/in_use.lock acquired by nodename 20993@pr-hdds-1569-5gmkr-4255264070
2019-09-25 10:59:40,205 [pool-27-thread-1] INFO  storage.RaftStorage (RaftStorage.java:format(72)) - Storage directory /workdir/hadoop-ozone/integration-test/target/test-dir/MiniOzoneClusterImpl-110f9f20-3804-4026-bd60-0a894b7be794/datanode-0/data/ratis/ea5415a6-3811-4460-8706-3cc652885f59 has been successfully formatted.
2019-09-25 10:59:40,205 [pool-27-thread-1] INFO  ratis.ContainerStateMachine (ContainerStateMachine.java:loadSnapshot(230)) - group-3CC652885F59: The snapshot info is null. Setting the last applied indexto:(t:0, i:~)
2019-09-25 10:59:40,205 [pool-27-thread-1] INFO  server.RaftServerConfigKeys (ConfUtils.java:logGet(43)) - raft.server.notification.no-leader.timeout = 120s (custom)
2019-09-25 10:59:40,205 [pool-27-thread-1] INFO  server.RaftServerConfigKeys (ConfUtils.java:logGet(43)) - raft.server.log.use.memory = false (default)
2019-09-25 10:59:40,206 [pool-27-thread-1] INFO  server.RaftServerConfigKeys (ConfUtils.java:logGet(43)) - raft.server.log.purge.gap = 1000000 (custom)
2019-09-25 10:59:40,206 [pool-27-thread-1] INFO  server.RaftServerConfigKeys (ConfUtils.java:logGet(43)) - raft.server.log.appender.buffer.byte-limit = 33554432 (custom)
2019-09-25 10:59:40,206 [pool-27-thread-1] INFO  server.RaftServerConfigKeys (ConfUtils.java:logGet(43)) - raft.server.log.segment.size.max = 1048576 (custom)
2019-09-25 10:59:40,206 [pool-27-thread-1] INFO  server.RaftServerConfigKeys (ConfUtils.java:logGet(43)) - raft.server.log.segment.cache.num.max = 2 (custom)
2019-09-25 10:59:40,206 [pool-27-thread-1] INFO  segmented.SegmentedRaftLogWorker (SegmentedRaftLogWorker.java:<init>(172)) - new f2525173-cb6f-4e19-b7a8-94fd7e94e7f3@group-3CC652885F59-SegmentedRaftLogWorker for RaftStorage:Storage Directory /workdir/hadoop-ozone/integration-test/target/test-dir/MiniOzoneClusterImpl-110f9f20-3804-4026-bd60-0a894b7be794/datanode-0/data/ratis/ea5415a6-3811-4460-8706-3cc652885f59
2019-09-25 10:59:40,207 [pool-27-thread-1] INFO  server.RaftServerConfigKeys (ConfUtils.java:logGet(43)) - raft.server.log.queue.byte-limit = 2147483647 (custom)
2019-09-25 10:59:40,207 [pool-27-thread-1] INFO  server.RaftServerConfigKeys (ConfUtils.java:logGet(43)) - raft.server.log.queue.element-limit = 1024 (custom)
2019-09-25 10:59:40,207 [pool-27-thread-1] INFO  server.RaftServerConfigKeys (ConfUtils.java:logGet(43)) - raft.server.log.segment.size.max = 1048576 (custom)
2019-09-25 10:59:40,207 [pool-27-thread-1] INFO  server.RaftServerConfigKeys (ConfUtils.java:logGet(43)) - raft.server.log.preallocated.size = 16384 (custom)
2019-09-25 10:59:40,207 [pool-27-thread-1] INFO  server.RaftServerConfigKeys (ConfUtils.java:logGet(43)) - raft.server.log.write.buffer.size = 33554432 (custom)
2019-09-25 10:59:40,208 [pool-27-thread-1] INFO  server.RaftServerConfigKeys (ConfUtils.java:logGet(43)) - raft.server.log.force.sync.num = 128 (default)
2019-09-25 10:59:40,208 [pool-27-thread-1] INFO  server.RaftServerConfigKeys (ConfUtils.java:logGet(43)) - raft.server.log.statemachine.data.sync = true (default)
2019-09-25 10:59:40,208 [pool-27-thread-1] INFO  server.RaftServerConfigKeys (ConfUtils.java:logGet(43)) - raft.server.log.statemachine.data.sync.timeout = 10s (default)
2019-09-25 10:59:40,208 [pool-27-thread-1] INFO  server.RaftServerConfigKeys (ConfUtils.java:logGet(43)) - raft.server.log.statemachine.data.sync.timeout.retry = -1 (default)
2019-09-25 10:59:40,208 [pool-27-thread-1] INFO  server.RaftServerConfigKeys (ConfUtils.java:logGet(43)) - raft.server.log.statemachine.data.caching.enabled = true (custom)
2019-09-25 10:59:40,209 [pool-27-thread-1] INFO  segmented.SegmentedRaftLogWorker (SegmentedRaftLogWorker.java:lambda$new$0(132)) - f2525173-cb6f-4e19-b7a8-94fd7e94e7f3@group-3CC652885F59-SegmentedRaftLogWorker: flushIndex: setUnconditionally 0 -> -1
2019-09-25 10:59:40,209 [pool-27-thread-1] INFO  server.RaftServerConfigKeys (ConfUtils.java:logGet(43)) - raft.server.snapshot.auto.trigger.enabled = true (custom)
2019-09-25 10:59:40,209 [pool-27-thread-1] INFO  server.RaftServerConfigKeys (ConfUtils.java:logGet(43)) - raft.server.snapshot.auto.trigger.threshold = 10000 (custom)
2019-09-25 10:59:40,209 [pool-27-thread-1] INFO  server.RaftServerConfigKeys (ConfUtils.java:logGet(43)) - raft.server.snapshot.retention.num.files = 5 (custom)
2019-09-25 10:59:40,210 [pool-27-thread-1] INFO  server.RaftServerConfigKeys (ConfUtils.java:logGet(43)) - raft.server.retrycache.expirytime = 600000ms (custom)
2019-09-25 10:59:40,213 [pool-27-thread-1] INFO  impl.RaftServerImpl (RaftServerImpl.java:start(185)) - f2525173-cb6f-4e19-b7a8-94fd7e94e7f3@group-3CC652885F59: start as a follower, conf=-1: [f2525173-cb6f-4e19-b7a8-94fd7e94e7f3:192.168.30.6:40876], old=null
2019-09-25 10:59:40,213 [pool-27-thread-1] INFO  impl.RaftServerImpl (RaftServerImpl.java:setRole(174)) - f2525173-cb6f-4e19-b7a8-94fd7e94e7f3@group-3CC652885F59: changes role from      null to FOLLOWER at term 0 for startAsFollower
2019-09-25 10:59:40,213 [pool-27-thread-1] INFO  impl.RoleInfo (RoleInfo.java:updateAndGet(143)) - f2525173-cb6f-4e19-b7a8-94fd7e94e7f3: start FollowerState
2019-09-25 10:59:40,214 [pool-27-thread-1] INFO  util.JmxRegister (JmxRegister.java:tryRegister(44)) - Successfully registered JMX Bean with object name Ratis:service=RaftServer,group=group-3CC652885F59,id=f2525173-cb6f-4e19-b7a8-94fd7e94e7f3
2019-09-25 10:59:40,222 [RatisPipelineUtilsThread] INFO  pipeline.PipelineStateManager (PipelineStateManager.java:addPipeline(56)) - Created pipeline Pipeline[ Id: ea5415a6-3811-4460-8706-3cc652885f59, Nodes: f2525173-cb6f-4e19-b7a8-94fd7e94e7f3{ip: 192.168.30.6, host: pr-hdds-1569-5gmkr-4255264070, networkLocation: /default-rack, certSerialId: null}, Type:RATIS, Factor:ONE, State:OPEN]
2019-09-25 10:59:40,222 [RatisPipelineUtilsThread] INFO  pipeline.PipelinePlacementPolicy (PipelinePlacementPolicy.java:meetCriteria(91)) - Pipeline Placement: can't place more pipeline on heavy datanode： 5d5b7118-3eba-4e8b-b91b-00faf4d5a6cf Heaviness: 6 limit: 5
2019-09-25 10:59:40,234 [grpc-default-executor-1] INFO  impl.RaftServerProxy (RaftServerProxy.java:addNew(89)) - f2525173-cb6f-4e19-b7a8-94fd7e94e7f3: addNew group-23509A408F56:[f2525173-cb6f-4e19-b7a8-94fd7e94e7f3:192.168.30.6:40876] returns group-23509A408F56:java.util.concurrent.CompletableFuture@5643edfd[Not completed]
2019-09-25 10:59:40,236 [pool-27-thread-1] INFO  impl.RaftServerImpl (RaftServerImpl.java:<init>(95)) - f2525173-cb6f-4e19-b7a8-94fd7e94e7f3: new RaftServerImpl for group-23509A408F56:[f2525173-cb6f-4e19-b7a8-94fd7e94e7f3:192.168.30.6:40876] with ContainerStateMachine:uninitialized
2019-09-25 10:59:40,237 [pool-27-thread-1] INFO  server.RaftServerConfigKeys (ConfUtils.java:logGet(43)) - raft.server.rpc.timeout.min = 5s (custom)
2019-09-25 10:59:40,237 [pool-27-thread-1] INFO  server.RaftServerConfigKeys (ConfUtils.java:logGet(43)) - raft.server.rpc.timeout.max = 5200ms (custom)
2019-09-25 10:59:40,237 [pool-27-thread-1] INFO  server.RaftServerConfigKeys (ConfUtils.java:logGet(43)) - raft.server.rpcslowness.timeout = 120s (custom)
2019-09-25 10:59:40,237 [pool-27-thread-1] INFO  server.RaftServerConfigKeys (ConfUtils.java:logGet(43)) - raft.server.sleep.deviation.threshold = 300 (default)
2019-09-25 10:59:40,237 [pool-27-thread-1] INFO  server.RaftServerConfigKeys (ConfUtils.java:logGet(43)) - raft.server.log.appender.install.snapshot.enabled = false (custom)
2019-09-25 10:59:40,237 [pool-27-thread-1] INFO  impl.RaftServerImpl (ServerState.java:<init>(103)) - f2525173-cb6f-4e19-b7a8-94fd7e94e7f3@group-23509A408F56: ConfigurationManager, init=-1: [f2525173-cb6f-4e19-b7a8-94fd7e94e7f3:192.168.30.6:40876], old=null, confs=<EMPTY_MAP>
2019-09-25 10:59:40,238 [pool-27-thread-1] INFO  server.RaftServerConfigKeys (ConfUtils.java:logGet(43)) - raft.server.storage.dir = [/workdir/hadoop-ozone/integration-test/target/test-dir/MiniOzoneClusterImpl-110f9f20-3804-4026-bd60-0a894b7be794/datanode-0/data/ratis] (custom)
2019-09-25 10:59:40,238 [pool-27-thread-1] INFO  storage.RaftStorageDirectory (RaftStorageDirectory.java:analyzeStorage(246)) - The storage directory /workdir/hadoop-ozone/integration-test/target/test-dir/MiniOzoneClusterImpl-110f9f20-3804-4026-bd60-0a894b7be794/datanode-0/data/ratis/06c446fb-a431-4cf9-9425-23509a408f56 does not exist. Creating ...
2019-09-25 10:59:40,252 [pool-27-thread-1] INFO  storage.RaftStorageDirectory (RaftStorageDirectory.java:tryLock(328)) - Lock on /workdir/hadoop-ozone/integration-test/target/test-dir/MiniOzoneClusterImpl-110f9f20-3804-4026-bd60-0a894b7be794/datanode-0/data/ratis/06c446fb-a431-4cf9-9425-23509a408f56/in_use.lock acquired by nodename 20993@pr-hdds-1569-5gmkr-4255264070
2019-09-25 10:59:40,264 [pool-27-thread-1] INFO  storage.RaftStorage (RaftStorage.java:format(72)) - Storage directory /workdir/hadoop-ozone/integration-test/target/test-dir/MiniOzoneClusterImpl-110f9f20-3804-4026-bd60-0a894b7be794/datanode-0/data/ratis/06c446fb-a431-4cf9-9425-23509a408f56 has been successfully formatted.
2019-09-25 10:59:40,264 [pool-27-thread-1] INFO  ratis.ContainerStateMachine (ContainerStateMachine.java:loadSnapshot(230)) - group-23509A408F56: The snapshot info is null. Setting the last applied indexto:(t:0, i:~)
2019-09-25 10:59:40,264 [pool-27-thread-1] INFO  server.RaftServerConfigKeys (ConfUtils.java:logGet(43)) - raft.server.notification.no-leader.timeout = 120s (custom)
2019-09-25 10:59:40,264 [pool-27-thread-1] INFO  server.RaftServerConfigKeys (ConfUtils.java:logGet(43)) - raft.server.log.use.memory = false (default)
2019-09-25 10:59:40,265 [pool-27-thread-1] INFO  server.RaftServerConfigKeys (ConfUtils.java:logGet(43)) - raft.server.log.purge.gap = 1000000 (custom)
2019-09-25 10:59:40,265 [pool-27-thread-1] INFO  server.RaftServerConfigKeys (ConfUtils.java:logGet(43)) - raft.server.log.appender.buffer.byte-limit = 33554432 (custom)
2019-09-25 10:59:40,265 [pool-27-thread-1] INFO  server.RaftServerConfigKeys (ConfUtils.java:logGet(43)) - raft.server.log.segment.size.max = 1048576 (custom)
2019-09-25 10:59:40,265 [pool-27-thread-1] INFO  server.RaftServerConfigKeys (ConfUtils.java:logGet(43)) - raft.server.log.segment.cache.num.max = 2 (custom)
2019-09-25 10:59:40,265 [pool-27-thread-1] INFO  segmented.SegmentedRaftLogWorker (SegmentedRaftLogWorker.java:<init>(172)) - new f2525173-cb6f-4e19-b7a8-94fd7e94e7f3@group-23509A408F56-SegmentedRaftLogWorker for RaftStorage:Storage Directory /workdir/hadoop-ozone/integration-test/target/test-dir/MiniOzoneClusterImpl-110f9f20-3804-4026-bd60-0a894b7be794/datanode-0/data/ratis/06c446fb-a431-4cf9-9425-23509a408f56
2019-09-25 10:59:40,266 [pool-27-thread-1] INFO  server.RaftServerConfigKeys (ConfUtils.java:logGet(43)) - raft.server.log.queue.byte-limit = 2147483647 (custom)
2019-09-25 10:59:40,266 [pool-27-thread-1] INFO  server.RaftServerConfigKeys (ConfUtils.java:logGet(43)) - raft.server.log.queue.element-limit = 1024 (custom)
2019-09-25 10:59:40,266 [pool-27-thread-1] INFO  server.RaftServerConfigKeys (ConfUtils.java:logGet(43)) - raft.server.log.segment.size.max = 1048576 (custom)
2019-09-25 10:59:40,266 [pool-27-thread-1] INFO  server.RaftServerConfigKeys (ConfUtils.java:logGet(43)) - raft.server.log.preallocated.size = 16384 (custom)
2019-09-25 10:59:40,266 [pool-27-thread-1] INFO  server.RaftServerConfigKeys (ConfUtils.java:logGet(43)) - raft.server.log.write.buffer.size = 33554432 (custom)
2019-09-25 10:59:40,266 [pool-27-thread-1] INFO  server.RaftServerConfigKeys (ConfUtils.java:logGet(43)) - raft.server.log.force.sync.num = 128 (default)
2019-09-25 10:59:40,267 [pool-27-thread-1] INFO  server.RaftServerConfigKeys (ConfUtils.java:logGet(43)) - raft.server.log.statemachine.data.sync = true (default)
2019-09-25 10:59:40,267 [pool-27-thread-1] INFO  server.RaftServerConfigKeys (ConfUtils.java:logGet(43)) - raft.server.log.statemachine.data.sync.timeout = 10s (default)
2019-09-25 10:59:40,267 [pool-27-thread-1] INFO  server.RaftServerConfigKeys (ConfUtils.java:logGet(43)) - raft.server.log.statemachine.data.sync.timeout.retry = -1 (default)
2019-09-25 10:59:40,267 [pool-27-thread-1] INFO  server.RaftServerConfigKeys (ConfUtils.java:logGet(43)) - raft.server.log.statemachine.data.caching.enabled = true (custom)
2019-09-25 10:59:40,268 [pool-27-thread-1] INFO  segmented.SegmentedRaftLogWorker (SegmentedRaftLogWorker.java:lambda$new$0(132)) - f2525173-cb6f-4e19-b7a8-94fd7e94e7f3@group-23509A408F56-SegmentedRaftLogWorker: flushIndex: setUnconditionally 0 -> -1
2019-09-25 10:59:40,268 [pool-27-thread-1] INFO  server.RaftServerConfigKeys (ConfUtils.java:logGet(43)) - raft.server.snapshot.auto.trigger.enabled = true (custom)
2019-09-25 10:59:40,268 [pool-27-thread-1] INFO  server.RaftServerConfigKeys (ConfUtils.java:logGet(43)) - raft.server.snapshot.auto.trigger.threshold = 10000 (custom)
2019-09-25 10:59:40,268 [pool-27-thread-1] INFO  server.RaftServerConfigKeys (ConfUtils.java:logGet(43)) - raft.server.snapshot.retention.num.files = 5 (custom)
2019-09-25 10:59:40,269 [pool-27-thread-1] INFO  server.RaftServerConfigKeys (ConfUtils.java:logGet(43)) - raft.server.retrycache.expirytime = 600000ms (custom)
2019-09-25 10:59:40,272 [pool-27-thread-1] INFO  impl.RaftServerImpl (RaftServerImpl.java:start(185)) - f2525173-cb6f-4e19-b7a8-94fd7e94e7f3@group-23509A408F56: start as a follower, conf=-1: [f2525173-cb6f-4e19-b7a8-94fd7e94e7f3:192.168.30.6:40876], old=null
2019-09-25 10:59:40,272 [pool-27-thread-1] INFO  impl.RaftServerImpl (RaftServerImpl.java:setRole(174)) - f2525173-cb6f-4e19-b7a8-94fd7e94e7f3@group-23509A408F56: changes role from      null to FOLLOWER at term 0 for startAsFollower
2019-09-25 10:59:40,272 [pool-27-thread-1] INFO  impl.RoleInfo (RoleInfo.java:updateAndGet(143)) - f2525173-cb6f-4e19-b7a8-94fd7e94e7f3: start FollowerState
2019-09-25 10:59:40,273 [pool-27-thread-1] INFO  util.JmxRegister (JmxRegister.java:tryRegister(44)) - Successfully registered JMX Bean with object name Ratis:service=RaftServer,group=group-23509A408F56,id=f2525173-cb6f-4e19-b7a8-94fd7e94e7f3
2019-09-25 10:59:40,281 [RatisPipelineUtilsThread] INFO  pipeline.PipelineStateManager (PipelineStateManager.java:addPipeline(56)) - Created pipeline Pipeline[ Id: 06c446fb-a431-4cf9-9425-23509a408f56, Nodes: f2525173-cb6f-4e19-b7a8-94fd7e94e7f3{ip: 192.168.30.6, host: pr-hdds-1569-5gmkr-4255264070, networkLocation: /default-rack, certSerialId: null}, Type:RATIS, Factor:ONE, State:OPEN]
2019-09-25 10:59:40,281 [RatisPipelineUtilsThread] INFO  pipeline.PipelinePlacementPolicy (PipelinePlacementPolicy.java:meetCriteria(91)) - Pipeline Placement: can't place more pipeline on heavy datanode： 5d5b7118-3eba-4e8b-b91b-00faf4d5a6cf Heaviness: 6 limit: 5
2019-09-25 10:59:40,294 [grpc-default-executor-1] INFO  impl.RaftServerProxy (RaftServerProxy.java:addNew(89)) - 0d44471b-600b-4cb7-a12a-d464fbbb4546: addNew group-75B1C4B4F47D:[0d44471b-600b-4cb7-a12a-d464fbbb4546:192.168.30.6:37450] returns group-75B1C4B4F47D:java.util.concurrent.CompletableFuture@78dcd2d5[Not completed]
2019-09-25 10:59:40,296 [pool-47-thread-1] INFO  impl.RaftServerImpl (RaftServerImpl.java:<init>(95)) - 0d44471b-600b-4cb7-a12a-d464fbbb4546: new RaftServerImpl for group-75B1C4B4F47D:[0d44471b-600b-4cb7-a12a-d464fbbb4546:192.168.30.6:37450] with ContainerStateMachine:uninitialized
2019-09-25 10:59:40,297 [pool-47-thread-1] INFO  server.RaftServerConfigKeys (ConfUtils.java:logGet(43)) - raft.server.rpc.timeout.min = 5s (custom)
2019-09-25 10:59:40,297 [pool-47-thread-1] INFO  server.RaftServerConfigKeys (ConfUtils.java:logGet(43)) - raft.server.rpc.timeout.max = 5200ms (custom)
2019-09-25 10:59:40,297 [pool-47-thread-1] INFO  server.RaftServerConfigKeys (ConfUtils.java:logGet(43)) - raft.server.rpcslowness.timeout = 120s (custom)
2019-09-25 10:59:40,297 [pool-47-thread-1] INFO  server.RaftServerConfigKeys (ConfUtils.java:logGet(43)) - raft.server.sleep.deviation.threshold = 300 (default)
2019-09-25 10:59:40,297 [pool-47-thread-1] INFO  server.RaftServerConfigKeys (ConfUtils.java:logGet(43)) - raft.server.log.appender.install.snapshot.enabled = false (custom)
2019-09-25 10:59:40,298 [pool-47-thread-1] INFO  impl.RaftServerImpl (ServerState.java:<init>(103)) - 0d44471b-600b-4cb7-a12a-d464fbbb4546@group-75B1C4B4F47D: ConfigurationManager, init=-1: [0d44471b-600b-4cb7-a12a-d464fbbb4546:192.168.30.6:37450], old=null, confs=<EMPTY_MAP>
2019-09-25 10:59:40,298 [pool-47-thread-1] INFO  server.RaftServerConfigKeys (ConfUtils.java:logGet(43)) - raft.server.storage.dir = [/workdir/hadoop-ozone/integration-test/target/test-dir/MiniOzoneClusterImpl-110f9f20-3804-4026-bd60-0a894b7be794/datanode-2/data/ratis] (custom)
2019-09-25 10:59:40,298 [pool-47-thread-1] INFO  storage.RaftStorageDirectory (RaftStorageDirectory.java:analyzeStorage(246)) - The storage directory /workdir/hadoop-ozone/integration-test/target/test-dir/MiniOzoneClusterImpl-110f9f20-3804-4026-bd60-0a894b7be794/datanode-2/data/ratis/5cee877a-3a76-4cc8-b907-75b1c4b4f47d does not exist. Creating ...
2019-09-25 10:59:40,307 [pool-47-thread-1] INFO  storage.RaftStorageDirectory (RaftStorageDirectory.java:tryLock(328)) - Lock on /workdir/hadoop-ozone/integration-test/target/test-dir/MiniOzoneClusterImpl-110f9f20-3804-4026-bd60-0a894b7be794/datanode-2/data/ratis/5cee877a-3a76-4cc8-b907-75b1c4b4f47d/in_use.lock acquired by nodename 20993@pr-hdds-1569-5gmkr-4255264070
2019-09-25 10:59:40,316 [pool-47-thread-1] INFO  storage.RaftStorage (RaftStorage.java:format(72)) - Storage directory /workdir/hadoop-ozone/integration-test/target/test-dir/MiniOzoneClusterImpl-110f9f20-3804-4026-bd60-0a894b7be794/datanode-2/data/ratis/5cee877a-3a76-4cc8-b907-75b1c4b4f47d has been successfully formatted.
2019-09-25 10:59:40,316 [pool-47-thread-1] INFO  ratis.ContainerStateMachine (ContainerStateMachine.java:loadSnapshot(230)) - group-75B1C4B4F47D: The snapshot info is null. Setting the last applied indexto:(t:0, i:~)
2019-09-25 10:59:40,317 [pool-47-thread-1] INFO  server.RaftServerConfigKeys (ConfUtils.java:logGet(43)) - raft.server.notification.no-leader.timeout = 120s (custom)
2019-09-25 10:59:40,317 [pool-47-thread-1] INFO  server.RaftServerConfigKeys (ConfUtils.java:logGet(43)) - raft.server.log.use.memory = false (default)
2019-09-25 10:59:40,317 [pool-47-thread-1] INFO  server.RaftServerConfigKeys (ConfUtils.java:logGet(43)) - raft.server.log.purge.gap = 1000000 (custom)
2019-09-25 10:59:40,317 [pool-47-thread-1] INFO  server.RaftServerConfigKeys (ConfUtils.java:logGet(43)) - raft.server.log.appender.buffer.byte-limit = 33554432 (custom)
2019-09-25 10:59:40,317 [pool-47-thread-1] INFO  server.RaftServerConfigKeys (ConfUtils.java:logGet(43)) - raft.server.log.segment.size.max = 1048576 (custom)
2019-09-25 10:59:40,318 [pool-47-thread-1] INFO  server.RaftServerConfigKeys (ConfUtils.java:logGet(43)) - raft.server.log.segment.cache.num.max = 2 (custom)
2019-09-25 10:59:40,318 [pool-47-thread-1] INFO  segmented.SegmentedRaftLogWorker (SegmentedRaftLogWorker.java:<init>(172)) - new 0d44471b-600b-4cb7-a12a-d464fbbb4546@group-75B1C4B4F47D-SegmentedRaftLogWorker for RaftStorage:Storage Directory /workdir/hadoop-ozone/integration-test/target/test-dir/MiniOzoneClusterImpl-110f9f20-3804-4026-bd60-0a894b7be794/datanode-2/data/ratis/5cee877a-3a76-4cc8-b907-75b1c4b4f47d
2019-09-25 10:59:40,318 [pool-47-thread-1] INFO  server.RaftServerConfigKeys (ConfUtils.java:logGet(43)) - raft.server.log.queue.byte-limit = 2147483647 (custom)
2019-09-25 10:59:40,318 [pool-47-thread-1] INFO  server.RaftServerConfigKeys (ConfUtils.java:logGet(43)) - raft.server.log.queue.element-limit = 1024 (custom)
2019-09-25 10:59:40,318 [pool-47-thread-1] INFO  server.RaftServerConfigKeys (ConfUtils.java:logGet(43)) - raft.server.log.segment.size.max = 1048576 (custom)
2019-09-25 10:59:40,318 [pool-47-thread-1] INFO  server.RaftServerConfigKeys (ConfUtils.java:logGet(43)) - raft.server.log.preallocated.size = 16384 (custom)
2019-09-25 10:59:40,318 [pool-47-thread-1] INFO  server.RaftServerConfigKeys (ConfUtils.java:logGet(43)) - raft.server.log.write.buffer.size = 33554432 (custom)
2019-09-25 10:59:40,319 [pool-47-thread-1] INFO  server.RaftServerConfigKeys (ConfUtils.java:logGet(43)) - raft.server.log.force.sync.num = 128 (default)
2019-09-25 10:59:40,319 [pool-47-thread-1] INFO  server.RaftServerConfigKeys (ConfUtils.java:logGet(43)) - raft.server.log.statemachine.data.sync = true (default)
2019-09-25 10:59:40,319 [pool-47-thread-1] INFO  server.RaftServerConfigKeys (ConfUtils.java:logGet(43)) - raft.server.log.statemachine.data.sync.timeout = 10s (default)
2019-09-25 10:59:40,319 [pool-47-thread-1] INFO  server.RaftServerConfigKeys (ConfUtils.java:logGet(43)) - raft.server.log.statemachine.data.sync.timeout.retry = -1 (default)
2019-09-25 10:59:40,320 [pool-47-thread-1] INFO  server.RaftServerConfigKeys (ConfUtils.java:logGet(43)) - raft.server.log.statemachine.data.caching.enabled = true (custom)
2019-09-25 10:59:40,320 [pool-47-thread-1] INFO  segmented.SegmentedRaftLogWorker (SegmentedRaftLogWorker.java:lambda$new$0(132)) - 0d44471b-600b-4cb7-a12a-d464fbbb4546@group-75B1C4B4F47D-SegmentedRaftLogWorker: flushIndex: setUnconditionally 0 -> -1
2019-09-25 10:59:40,321 [pool-47-thread-1] INFO  server.RaftServerConfigKeys (ConfUtils.java:logGet(43)) - raft.server.snapshot.auto.trigger.enabled = true (custom)
2019-09-25 10:59:40,321 [pool-47-thread-1] INFO  server.RaftServerConfigKeys (ConfUtils.java:logGet(43)) - raft.server.snapshot.auto.trigger.threshold = 10000 (custom)
2019-09-25 10:59:40,322 [pool-47-thread-1] INFO  server.RaftServerConfigKeys (ConfUtils.java:logGet(43)) - raft.server.snapshot.retention.num.files = 5 (custom)
2019-09-25 10:59:40,322 [pool-47-thread-1] INFO  server.RaftServerConfigKeys (ConfUtils.java:logGet(43)) - raft.server.retrycache.expirytime = 600000ms (custom)
2019-09-25 10:59:40,327 [pool-47-thread-1] INFO  impl.RaftServerImpl (RaftServerImpl.java:start(185)) - 0d44471b-600b-4cb7-a12a-d464fbbb4546@group-75B1C4B4F47D: start as a follower, conf=-1: [0d44471b-600b-4cb7-a12a-d464fbbb4546:192.168.30.6:37450], old=null
2019-09-25 10:59:40,327 [pool-47-thread-1] INFO  impl.RaftServerImpl (RaftServerImpl.java:setRole(174)) - 0d44471b-600b-4cb7-a12a-d464fbbb4546@group-75B1C4B4F47D: changes role from      null to FOLLOWER at term 0 for startAsFollower
2019-09-25 10:59:40,327 [pool-47-thread-1] INFO  impl.RoleInfo (RoleInfo.java:updateAndGet(143)) - 0d44471b-600b-4cb7-a12a-d464fbbb4546: start FollowerState
2019-09-25 10:59:40,328 [pool-47-thread-1] INFO  util.JmxRegister (JmxRegister.java:tryRegister(44)) - Successfully registered JMX Bean with object name Ratis:service=RaftServer,group=group-75B1C4B4F47D,id=0d44471b-600b-4cb7-a12a-d464fbbb4546
2019-09-25 10:59:40,338 [RatisPipelineUtilsThread] INFO  pipeline.PipelineStateManager (PipelineStateManager.java:addPipeline(56)) - Created pipeline Pipeline[ Id: 5cee877a-3a76-4cc8-b907-75b1c4b4f47d, Nodes: 0d44471b-600b-4cb7-a12a-d464fbbb4546{ip: 192.168.30.6, host: pr-hdds-1569-5gmkr-4255264070, networkLocation: /default-rack, certSerialId: null}, Type:RATIS, Factor:ONE, State:OPEN]
2019-09-25 10:59:40,338 [RatisPipelineUtilsThread] INFO  pipeline.PipelinePlacementPolicy (PipelinePlacementPolicy.java:meetCriteria(91)) - Pipeline Placement: can't place more pipeline on heavy datanode： 5d5b7118-3eba-4e8b-b91b-00faf4d5a6cf Heaviness: 6 limit: 5
2019-09-25 10:59:40,354 [grpc-default-executor-1] INFO  impl.RaftServerProxy (RaftServerProxy.java:addNew(89)) - 0d44471b-600b-4cb7-a12a-d464fbbb4546: addNew group-BE623628F6E5:[0d44471b-600b-4cb7-a12a-d464fbbb4546:192.168.30.6:37450] returns group-BE623628F6E5:java.util.concurrent.CompletableFuture@2b1a8281[Not completed]
2019-09-25 10:59:40,356 [pool-47-thread-1] INFO  impl.RaftServerImpl (RaftServerImpl.java:<init>(95)) - 0d44471b-600b-4cb7-a12a-d464fbbb4546: new RaftServerImpl for group-BE623628F6E5:[0d44471b-600b-4cb7-a12a-d464fbbb4546:192.168.30.6:37450] with ContainerStateMachine:uninitialized
2019-09-25 10:59:40,356 [pool-47-thread-1] INFO  server.RaftServerConfigKeys (ConfUtils.java:logGet(43)) - raft.server.rpc.timeout.min = 5s (custom)
2019-09-25 10:59:40,356 [pool-47-thread-1] INFO  server.RaftServerConfigKeys (ConfUtils.java:logGet(43)) - raft.server.rpc.timeout.max = 5200ms (custom)
2019-09-25 10:59:40,357 [pool-47-thread-1] INFO  server.RaftServerConfigKeys (ConfUtils.java:logGet(43)) - raft.server.rpcslowness.timeout = 120s (custom)
2019-09-25 10:59:40,357 [pool-47-thread-1] INFO  server.RaftServerConfigKeys (ConfUtils.java:logGet(43)) - raft.server.sleep.deviation.threshold = 300 (default)
2019-09-25 10:59:40,357 [pool-47-thread-1] INFO  server.RaftServerConfigKeys (ConfUtils.java:logGet(43)) - raft.server.log.appender.install.snapshot.enabled = false (custom)
2019-09-25 10:59:40,357 [pool-47-thread-1] INFO  impl.RaftServerImpl (ServerState.java:<init>(103)) - 0d44471b-600b-4cb7-a12a-d464fbbb4546@group-BE623628F6E5: ConfigurationManager, init=-1: [0d44471b-600b-4cb7-a12a-d464fbbb4546:192.168.30.6:37450], old=null, confs=<EMPTY_MAP>
2019-09-25 10:59:40,358 [pool-47-thread-1] INFO  server.RaftServerConfigKeys (ConfUtils.java:logGet(43)) - raft.server.storage.dir = [/workdir/hadoop-ozone/integration-test/target/test-dir/MiniOzoneClusterImpl-110f9f20-3804-4026-bd60-0a894b7be794/datanode-2/data/ratis] (custom)
2019-09-25 10:59:40,358 [pool-47-thread-1] INFO  storage.RaftStorageDirectory (RaftStorageDirectory.java:analyzeStorage(246)) - The storage directory /workdir/hadoop-ozone/integration-test/target/test-dir/MiniOzoneClusterImpl-110f9f20-3804-4026-bd60-0a894b7be794/datanode-2/data/ratis/1d6b58cb-64ab-49b6-a1c7-be623628f6e5 does not exist. Creating ...
2019-09-25 10:59:40,367 [pool-47-thread-1] INFO  storage.RaftStorageDirectory (RaftStorageDirectory.java:tryLock(328)) - Lock on /workdir/hadoop-ozone/integration-test/target/test-dir/MiniOzoneClusterImpl-110f9f20-3804-4026-bd60-0a894b7be794/datanode-2/data/ratis/1d6b58cb-64ab-49b6-a1c7-be623628f6e5/in_use.lock acquired by nodename 20993@pr-hdds-1569-5gmkr-4255264070
2019-09-25 10:59:40,383 [pool-47-thread-1] INFO  storage.RaftStorage (RaftStorage.java:format(72)) - Storage directory /workdir/hadoop-ozone/integration-test/target/test-dir/MiniOzoneClusterImpl-110f9f20-3804-4026-bd60-0a894b7be794/datanode-2/data/ratis/1d6b58cb-64ab-49b6-a1c7-be623628f6e5 has been successfully formatted.
2019-09-25 10:59:40,383 [pool-47-thread-1] INFO  ratis.ContainerStateMachine (ContainerStateMachine.java:loadSnapshot(230)) - group-BE623628F6E5: The snapshot info is null. Setting the last applied indexto:(t:0, i:~)
2019-09-25 10:59:40,383 [pool-47-thread-1] INFO  server.RaftServerConfigKeys (ConfUtils.java:logGet(43)) - raft.server.notification.no-leader.timeout = 120s (custom)
2019-09-25 10:59:40,384 [pool-47-thread-1] INFO  server.RaftServerConfigKeys (ConfUtils.java:logGet(43)) - raft.server.log.use.memory = false (default)
2019-09-25 10:59:40,384 [pool-47-thread-1] INFO  server.RaftServerConfigKeys (ConfUtils.java:logGet(43)) - raft.server.log.purge.gap = 1000000 (custom)
2019-09-25 10:59:40,384 [pool-47-thread-1] INFO  server.RaftServerConfigKeys (ConfUtils.java:logGet(43)) - raft.server.log.appender.buffer.byte-limit = 33554432 (custom)
2019-09-25 10:59:40,384 [pool-47-thread-1] INFO  server.RaftServerConfigKeys (ConfUtils.java:logGet(43)) - raft.server.log.segment.size.max = 1048576 (custom)
2019-09-25 10:59:40,384 [pool-47-thread-1] INFO  server.RaftServerConfigKeys (ConfUtils.java:logGet(43)) - raft.server.log.segment.cache.num.max = 2 (custom)
2019-09-25 10:59:40,384 [pool-47-thread-1] INFO  segmented.SegmentedRaftLogWorker (SegmentedRaftLogWorker.java:<init>(172)) - new 0d44471b-600b-4cb7-a12a-d464fbbb4546@group-BE623628F6E5-SegmentedRaftLogWorker for RaftStorage:Storage Directory /workdir/hadoop-ozone/integration-test/target/test-dir/MiniOzoneClusterImpl-110f9f20-3804-4026-bd60-0a894b7be794/datanode-2/data/ratis/1d6b58cb-64ab-49b6-a1c7-be623628f6e5
2019-09-25 10:59:40,384 [pool-47-thread-1] INFO  server.RaftServerConfigKeys (ConfUtils.java:logGet(43)) - raft.server.log.queue.byte-limit = 2147483647 (custom)
2019-09-25 10:59:40,384 [pool-47-thread-1] INFO  server.RaftServerConfigKeys (ConfUtils.java:logGet(43)) - raft.server.log.queue.element-limit = 1024 (custom)
2019-09-25 10:59:40,385 [pool-47-thread-1] INFO  server.RaftServerConfigKeys (ConfUtils.java:logGet(43)) - raft.server.log.segment.size.max = 1048576 (custom)
2019-09-25 10:59:40,385 [pool-47-thread-1] INFO  server.RaftServerConfigKeys (ConfUtils.java:logGet(43)) - raft.server.log.preallocated.size = 16384 (custom)
2019-09-25 10:59:40,385 [pool-47-thread-1] INFO  server.RaftServerConfigKeys (ConfUtils.java:logGet(43)) - raft.server.log.write.buffer.size = 33554432 (custom)
2019-09-25 10:59:40,385 [pool-47-thread-1] INFO  server.RaftServerConfigKeys (ConfUtils.java:logGet(43)) - raft.server.log.force.sync.num = 128 (default)
2019-09-25 10:59:40,385 [pool-47-thread-1] INFO  server.RaftServerConfigKeys (ConfUtils.java:logGet(43)) - raft.server.log.statemachine.data.sync = true (default)
2019-09-25 10:59:40,385 [pool-47-thread-1] INFO  server.RaftServerConfigKeys (ConfUtils.java:logGet(43)) - raft.server.log.statemachine.data.sync.timeout = 10s (default)
2019-09-25 10:59:40,385 [pool-47-thread-1] INFO  server.RaftServerConfigKeys (ConfUtils.java:logGet(43)) - raft.server.log.statemachine.data.sync.timeout.retry = -1 (default)
2019-09-25 10:59:40,386 [pool-47-thread-1] INFO  server.RaftServerConfigKeys (ConfUtils.java:logGet(43)) - raft.server.log.statemachine.data.caching.enabled = true (custom)
2019-09-25 10:59:40,386 [pool-47-thread-1] INFO  segmented.SegmentedRaftLogWorker (SegmentedRaftLogWorker.java:lambda$new$0(132)) - 0d44471b-600b-4cb7-a12a-d464fbbb4546@group-BE623628F6E5-SegmentedRaftLogWorker: flushIndex: setUnconditionally 0 -> -1
2019-09-25 10:59:40,386 [pool-47-thread-1] INFO  server.RaftServerConfigKeys (ConfUtils.java:logGet(43)) - raft.server.snapshot.auto.trigger.enabled = true (custom)
2019-09-25 10:59:40,386 [pool-47-thread-1] INFO  server.RaftServerConfigKeys (ConfUtils.java:logGet(43)) - raft.server.snapshot.auto.trigger.threshold = 10000 (custom)
2019-09-25 10:59:40,386 [pool-47-thread-1] INFO  server.RaftServerConfigKeys (ConfUtils.java:logGet(43)) - raft.server.snapshot.retention.num.files = 5 (custom)
2019-09-25 10:59:40,387 [pool-47-thread-1] INFO  server.RaftServerConfigKeys (ConfUtils.java:logGet(43)) - raft.server.retrycache.expirytime = 600000ms (custom)
2019-09-25 10:59:40,389 [pool-47-thread-1] INFO  impl.RaftServerImpl (RaftServerImpl.java:start(185)) - 0d44471b-600b-4cb7-a12a-d464fbbb4546@group-BE623628F6E5: start as a follower, conf=-1: [0d44471b-600b-4cb7-a12a-d464fbbb4546:192.168.30.6:37450], old=null
2019-09-25 10:59:40,389 [pool-47-thread-1] INFO  impl.RaftServerImpl (RaftServerImpl.java:setRole(174)) - 0d44471b-600b-4cb7-a12a-d464fbbb4546@group-BE623628F6E5: changes role from      null to FOLLOWER at term 0 for startAsFollower
2019-09-25 10:59:40,389 [pool-47-thread-1] INFO  impl.RoleInfo (RoleInfo.java:updateAndGet(143)) - 0d44471b-600b-4cb7-a12a-d464fbbb4546: start FollowerState
2019-09-25 10:59:40,390 [pool-47-thread-1] INFO  util.JmxRegister (JmxRegister.java:tryRegister(44)) - Successfully registered JMX Bean with object name Ratis:service=RaftServer,group=group-BE623628F6E5,id=0d44471b-600b-4cb7-a12a-d464fbbb4546
2019-09-25 10:59:40,395 [RatisPipelineUtilsThread] INFO  pipeline.PipelineStateManager (PipelineStateManager.java:addPipeline(56)) - Created pipeline Pipeline[ Id: 1d6b58cb-64ab-49b6-a1c7-be623628f6e5, Nodes: 0d44471b-600b-4cb7-a12a-d464fbbb4546{ip: 192.168.30.6, host: pr-hdds-1569-5gmkr-4255264070, networkLocation: /default-rack, certSerialId: null}, Type:RATIS, Factor:ONE, State:OPEN]
2019-09-25 10:59:40,395 [RatisPipelineUtilsThread] INFO  pipeline.PipelinePlacementPolicy (PipelinePlacementPolicy.java:meetCriteria(91)) - Pipeline Placement: can't place more pipeline on heavy datanode： 5d5b7118-3eba-4e8b-b91b-00faf4d5a6cf Heaviness: 6 limit: 5
2019-09-25 10:59:40,407 [grpc-default-executor-1] INFO  impl.RaftServerProxy (RaftServerProxy.java:addNew(89)) - 0d44471b-600b-4cb7-a12a-d464fbbb4546: addNew group-6A46FA499425:[0d44471b-600b-4cb7-a12a-d464fbbb4546:192.168.30.6:37450] returns group-6A46FA499425:java.util.concurrent.CompletableFuture@18ef54c[Not completed]
2019-09-25 10:59:40,408 [pool-47-thread-1] INFO  impl.RaftServerImpl (RaftServerImpl.java:<init>(95)) - 0d44471b-600b-4cb7-a12a-d464fbbb4546: new RaftServerImpl for group-6A46FA499425:[0d44471b-600b-4cb7-a12a-d464fbbb4546:192.168.30.6:37450] with ContainerStateMachine:uninitialized
2019-09-25 10:59:40,409 [pool-47-thread-1] INFO  server.RaftServerConfigKeys (ConfUtils.java:logGet(43)) - raft.server.rpc.timeout.min = 5s (custom)
2019-09-25 10:59:40,409 [pool-47-thread-1] INFO  server.RaftServerConfigKeys (ConfUtils.java:logGet(43)) - raft.server.rpc.timeout.max = 5200ms (custom)
2019-09-25 10:59:40,409 [pool-47-thread-1] INFO  server.RaftServerConfigKeys (ConfUtils.java:logGet(43)) - raft.server.rpcslowness.timeout = 120s (custom)
2019-09-25 10:59:40,409 [pool-47-thread-1] INFO  server.RaftServerConfigKeys (ConfUtils.java:logGet(43)) - raft.server.sleep.deviation.threshold = 300 (default)
2019-09-25 10:59:40,409 [pool-47-thread-1] INFO  server.RaftServerConfigKeys (ConfUtils.java:logGet(43)) - raft.server.log.appender.install.snapshot.enabled = false (custom)
2019-09-25 10:59:40,409 [pool-47-thread-1] INFO  impl.RaftServerImpl (ServerState.java:<init>(103)) - 0d44471b-600b-4cb7-a12a-d464fbbb4546@group-6A46FA499425: ConfigurationManager, init=-1: [0d44471b-600b-4cb7-a12a-d464fbbb4546:192.168.30.6:37450], old=null, confs=<EMPTY_MAP>
2019-09-25 10:59:40,409 [pool-47-thread-1] INFO  server.RaftServerConfigKeys (ConfUtils.java:logGet(43)) - raft.server.storage.dir = [/workdir/hadoop-ozone/integration-test/target/test-dir/MiniOzoneClusterImpl-110f9f20-3804-4026-bd60-0a894b7be794/datanode-2/data/ratis] (custom)
2019-09-25 10:59:40,410 [pool-47-thread-1] INFO  storage.RaftStorageDirectory (RaftStorageDirectory.java:analyzeStorage(246)) - The storage directory /workdir/hadoop-ozone/integration-test/target/test-dir/MiniOzoneClusterImpl-110f9f20-3804-4026-bd60-0a894b7be794/datanode-2/data/ratis/471f36f8-5c7f-452f-ac10-6a46fa499425 does not exist. Creating ...
2019-09-25 10:59:40,417 [pool-47-thread-1] INFO  storage.RaftStorageDirectory (RaftStorageDirectory.java:tryLock(328)) - Lock on /workdir/hadoop-ozone/integration-test/target/test-dir/MiniOzoneClusterImpl-110f9f20-3804-4026-bd60-0a894b7be794/datanode-2/data/ratis/471f36f8-5c7f-452f-ac10-6a46fa499425/in_use.lock acquired by nodename 20993@pr-hdds-1569-5gmkr-4255264070
2019-09-25 10:59:40,430 [pool-47-thread-1] INFO  storage.RaftStorage (RaftStorage.java:format(72)) - Storage directory /workdir/hadoop-ozone/integration-test/target/test-dir/MiniOzoneClusterImpl-110f9f20-3804-4026-bd60-0a894b7be794/datanode-2/data/ratis/471f36f8-5c7f-452f-ac10-6a46fa499425 has been successfully formatted.
2019-09-25 10:59:40,431 [pool-47-thread-1] INFO  ratis.ContainerStateMachine (ContainerStateMachine.java:loadSnapshot(230)) - group-6A46FA499425: The snapshot info is null. Setting the last applied indexto:(t:0, i:~)
2019-09-25 10:59:40,431 [pool-47-thread-1] INFO  server.RaftServerConfigKeys (ConfUtils.java:logGet(43)) - raft.server.notification.no-leader.timeout = 120s (custom)
2019-09-25 10:59:40,431 [pool-47-thread-1] INFO  server.RaftServerConfigKeys (ConfUtils.java:logGet(43)) - raft.server.log.use.memory = false (default)
2019-09-25 10:59:40,431 [pool-47-thread-1] INFO  server.RaftServerConfigKeys (ConfUtils.java:logGet(43)) - raft.server.log.purge.gap = 1000000 (custom)
2019-09-25 10:59:40,431 [pool-47-thread-1] INFO  server.RaftServerConfigKeys (ConfUtils.java:logGet(43)) - raft.server.log.appender.buffer.byte-limit = 33554432 (custom)
2019-09-25 10:59:40,432 [pool-47-thread-1] INFO  server.RaftServerConfigKeys (ConfUtils.java:logGet(43)) - raft.server.log.segment.size.max = 1048576 (custom)
2019-09-25 10:59:40,432 [pool-47-thread-1] INFO  server.RaftServerConfigKeys (ConfUtils.java:logGet(43)) - raft.server.log.segment.cache.num.max = 2 (custom)
2019-09-25 10:59:40,432 [pool-47-thread-1] INFO  segmented.SegmentedRaftLogWorker (SegmentedRaftLogWorker.java:<init>(172)) - new 0d44471b-600b-4cb7-a12a-d464fbbb4546@group-6A46FA499425-SegmentedRaftLogWorker for RaftStorage:Storage Directory /workdir/hadoop-ozone/integration-test/target/test-dir/MiniOzoneClusterImpl-110f9f20-3804-4026-bd60-0a894b7be794/datanode-2/data/ratis/471f36f8-5c7f-452f-ac10-6a46fa499425
2019-09-25 10:59:40,432 [pool-47-thread-1] INFO  server.RaftServerConfigKeys (ConfUtils.java:logGet(43)) - raft.server.log.queue.byte-limit = 2147483647 (custom)
2019-09-25 10:59:40,432 [pool-47-thread-1] INFO  server.RaftServerConfigKeys (ConfUtils.java:logGet(43)) - raft.server.log.queue.element-limit = 1024 (custom)
2019-09-25 10:59:40,432 [pool-47-thread-1] INFO  server.RaftServerConfigKeys (ConfUtils.java:logGet(43)) - raft.server.log.segment.size.max = 1048576 (custom)
2019-09-25 10:59:40,433 [pool-47-thread-1] INFO  server.RaftServerConfigKeys (ConfUtils.java:logGet(43)) - raft.server.log.preallocated.size = 16384 (custom)
2019-09-25 10:59:40,433 [pool-47-thread-1] INFO  server.RaftServerConfigKeys (ConfUtils.java:logGet(43)) - raft.server.log.write.buffer.size = 33554432 (custom)
2019-09-25 10:59:40,433 [pool-47-thread-1] INFO  server.RaftServerConfigKeys (ConfUtils.java:logGet(43)) - raft.server.log.force.sync.num = 128 (default)
2019-09-25 10:59:40,433 [pool-47-thread-1] INFO  server.RaftServerConfigKeys (ConfUtils.java:logGet(43)) - raft.server.log.statemachine.data.sync = true (default)
2019-09-25 10:59:40,433 [pool-47-thread-1] INFO  server.RaftServerConfigKeys (ConfUtils.java:logGet(43)) - raft.server.log.statemachine.data.sync.timeout = 10s (default)
2019-09-25 10:59:40,433 [pool-47-thread-1] INFO  server.RaftServerConfigKeys (ConfUtils.java:logGet(43)) - raft.server.log.statemachine.data.sync.timeout.retry = -1 (default)
2019-09-25 10:59:40,434 [pool-47-thread-1] INFO  server.RaftServerConfigKeys (ConfUtils.java:logGet(43)) - raft.server.log.statemachine.data.caching.enabled = true (custom)
2019-09-25 10:59:40,434 [pool-47-thread-1] INFO  segmented.SegmentedRaftLogWorker (SegmentedRaftLogWorker.java:lambda$new$0(132)) - 0d44471b-600b-4cb7-a12a-d464fbbb4546@group-6A46FA499425-SegmentedRaftLogWorker: flushIndex: setUnconditionally 0 -> -1
2019-09-25 10:59:40,434 [pool-47-thread-1] INFO  server.RaftServerConfigKeys (ConfUtils.java:logGet(43)) - raft.server.snapshot.auto.trigger.enabled = true (custom)
2019-09-25 10:59:40,434 [pool-47-thread-1] INFO  server.RaftServerConfigKeys (ConfUtils.java:logGet(43)) - raft.server.snapshot.auto.trigger.threshold = 10000 (custom)
2019-09-25 10:59:40,434 [pool-47-thread-1] INFO  server.RaftServerConfigKeys (ConfUtils.java:logGet(43)) - raft.server.snapshot.retention.num.files = 5 (custom)
2019-09-25 10:59:40,435 [pool-47-thread-1] INFO  server.RaftServerConfigKeys (ConfUtils.java:logGet(43)) - raft.server.retrycache.expirytime = 600000ms (custom)
2019-09-25 10:59:40,437 [pool-47-thread-1] INFO  impl.RaftServerImpl (RaftServerImpl.java:start(185)) - 0d44471b-600b-4cb7-a12a-d464fbbb4546@group-6A46FA499425: start as a follower, conf=-1: [0d44471b-600b-4cb7-a12a-d464fbbb4546:192.168.30.6:37450], old=null
2019-09-25 10:59:40,437 [pool-47-thread-1] INFO  impl.RaftServerImpl (RaftServerImpl.java:setRole(174)) - 0d44471b-600b-4cb7-a12a-d464fbbb4546@group-6A46FA499425: changes role from      null to FOLLOWER at term 0 for startAsFollower
2019-09-25 10:59:40,437 [pool-47-thread-1] INFO  impl.RoleInfo (RoleInfo.java:updateAndGet(143)) - 0d44471b-600b-4cb7-a12a-d464fbbb4546: start FollowerState
2019-09-25 10:59:40,438 [pool-47-thread-1] INFO  util.JmxRegister (JmxRegister.java:tryRegister(44)) - Successfully registered JMX Bean with object name Ratis:service=RaftServer,group=group-6A46FA499425,id=0d44471b-600b-4cb7-a12a-d464fbbb4546
2019-09-25 10:59:40,442 [RatisPipelineUtilsThread] INFO  pipeline.PipelineStateManager (PipelineStateManager.java:addPipeline(56)) - Created pipeline Pipeline[ Id: 471f36f8-5c7f-452f-ac10-6a46fa499425, Nodes: 0d44471b-600b-4cb7-a12a-d464fbbb4546{ip: 192.168.30.6, host: pr-hdds-1569-5gmkr-4255264070, networkLocation: /default-rack, certSerialId: null}, Type:RATIS, Factor:ONE, State:OPEN]
2019-09-25 10:59:40,443 [RatisPipelineUtilsThread] INFO  pipeline.PipelinePlacementPolicy (PipelinePlacementPolicy.java:meetCriteria(91)) - Pipeline Placement: can't place more pipeline on heavy datanode： 0d44471b-600b-4cb7-a12a-d464fbbb4546 Heaviness: 6 limit: 5
2019-09-25 10:59:40,443 [RatisPipelineUtilsThread] INFO  pipeline.PipelinePlacementPolicy (PipelinePlacementPolicy.java:meetCriteria(91)) - Pipeline Placement: can't place more pipeline on heavy datanode： 5d5b7118-3eba-4e8b-b91b-00faf4d5a6cf Heaviness: 6 limit: 5
2019-09-25 10:59:40,458 [grpc-default-executor-1] INFO  impl.RaftServerProxy (RaftServerProxy.java:addNew(89)) - f2525173-cb6f-4e19-b7a8-94fd7e94e7f3: addNew group-2494F24B4D8A:[f2525173-cb6f-4e19-b7a8-94fd7e94e7f3:192.168.30.6:40876] returns group-2494F24B4D8A:java.util.concurrent.CompletableFuture@3e9f7145[Not completed]
2019-09-25 10:59:40,460 [pool-27-thread-1] INFO  impl.RaftServerImpl (RaftServerImpl.java:<init>(95)) - f2525173-cb6f-4e19-b7a8-94fd7e94e7f3: new RaftServerImpl for group-2494F24B4D8A:[f2525173-cb6f-4e19-b7a8-94fd7e94e7f3:192.168.30.6:40876] with ContainerStateMachine:uninitialized
2019-09-25 10:59:40,461 [pool-27-thread-1] INFO  server.RaftServerConfigKeys (ConfUtils.java:logGet(43)) - raft.server.rpc.timeout.min = 5s (custom)
2019-09-25 10:59:40,461 [pool-27-thread-1] INFO  server.RaftServerConfigKeys (ConfUtils.java:logGet(43)) - raft.server.rpc.timeout.max = 5200ms (custom)
2019-09-25 10:59:40,461 [pool-27-thread-1] INFO  server.RaftServerConfigKeys (ConfUtils.java:logGet(43)) - raft.server.rpcslowness.timeout = 120s (custom)
2019-09-25 10:59:40,461 [pool-27-thread-1] INFO  server.RaftServerConfigKeys (ConfUtils.java:logGet(43)) - raft.server.sleep.deviation.threshold = 300 (default)
2019-09-25 10:59:40,461 [pool-27-thread-1] INFO  server.RaftServerConfigKeys (ConfUtils.java:logGet(43)) - raft.server.log.appender.install.snapshot.enabled = false (custom)
2019-09-25 10:59:40,461 [pool-27-thread-1] INFO  impl.RaftServerImpl (ServerState.java:<init>(103)) - f2525173-cb6f-4e19-b7a8-94fd7e94e7f3@group-2494F24B4D8A: ConfigurationManager, init=-1: [f2525173-cb6f-4e19-b7a8-94fd7e94e7f3:192.168.30.6:40876], old=null, confs=<EMPTY_MAP>
2019-09-25 10:59:40,462 [pool-27-thread-1] INFO  server.RaftServerConfigKeys (ConfUtils.java:logGet(43)) - raft.server.storage.dir = [/workdir/hadoop-ozone/integration-test/target/test-dir/MiniOzoneClusterImpl-110f9f20-3804-4026-bd60-0a894b7be794/datanode-0/data/ratis] (custom)
2019-09-25 10:59:40,462 [pool-27-thread-1] INFO  storage.RaftStorageDirectory (RaftStorageDirectory.java:analyzeStorage(246)) - The storage directory /workdir/hadoop-ozone/integration-test/target/test-dir/MiniOzoneClusterImpl-110f9f20-3804-4026-bd60-0a894b7be794/datanode-0/data/ratis/7da5585a-0d72-4d7c-8fa9-2494f24b4d8a does not exist. Creating ...
2019-09-25 10:59:40,476 [pool-27-thread-1] INFO  storage.RaftStorageDirectory (RaftStorageDirectory.java:tryLock(328)) - Lock on /workdir/hadoop-ozone/integration-test/target/test-dir/MiniOzoneClusterImpl-110f9f20-3804-4026-bd60-0a894b7be794/datanode-0/data/ratis/7da5585a-0d72-4d7c-8fa9-2494f24b4d8a/in_use.lock acquired by nodename 20993@pr-hdds-1569-5gmkr-4255264070
2019-09-25 10:59:40,485 [pool-27-thread-1] INFO  storage.RaftStorage (RaftStorage.java:format(72)) - Storage directory /workdir/hadoop-ozone/integration-test/target/test-dir/MiniOzoneClusterImpl-110f9f20-3804-4026-bd60-0a894b7be794/datanode-0/data/ratis/7da5585a-0d72-4d7c-8fa9-2494f24b4d8a has been successfully formatted.
2019-09-25 10:59:40,485 [pool-27-thread-1] INFO  ratis.ContainerStateMachine (ContainerStateMachine.java:loadSnapshot(230)) - group-2494F24B4D8A: The snapshot info is null. Setting the last applied indexto:(t:0, i:~)
2019-09-25 10:59:40,485 [pool-27-thread-1] INFO  server.RaftServerConfigKeys (ConfUtils.java:logGet(43)) - raft.server.notification.no-leader.timeout = 120s (custom)
2019-09-25 10:59:40,485 [pool-27-thread-1] INFO  server.RaftServerConfigKeys (ConfUtils.java:logGet(43)) - raft.server.log.use.memory = false (default)
2019-09-25 10:59:40,486 [pool-27-thread-1] INFO  server.RaftServerConfigKeys (ConfUtils.java:logGet(43)) - raft.server.log.purge.gap = 1000000 (custom)
2019-09-25 10:59:40,486 [pool-27-thread-1] INFO  server.RaftServerConfigKeys (ConfUtils.java:logGet(43)) - raft.server.log.appender.buffer.byte-limit = 33554432 (custom)
2019-09-25 10:59:40,486 [pool-27-thread-1] INFO  server.RaftServerConfigKeys (ConfUtils.java:logGet(43)) - raft.server.log.segment.size.max = 1048576 (custom)
2019-09-25 10:59:40,486 [pool-27-thread-1] INFO  server.RaftServerConfigKeys (ConfUtils.java:logGet(43)) - raft.server.log.segment.cache.num.max = 2 (custom)
2019-09-25 10:59:40,486 [pool-27-thread-1] INFO  segmented.SegmentedRaftLogWorker (SegmentedRaftLogWorker.java:<init>(172)) - new f2525173-cb6f-4e19-b7a8-94fd7e94e7f3@group-2494F24B4D8A-SegmentedRaftLogWorker for RaftStorage:Storage Directory /workdir/hadoop-ozone/integration-test/target/test-dir/MiniOzoneClusterImpl-110f9f20-3804-4026-bd60-0a894b7be794/datanode-0/data/ratis/7da5585a-0d72-4d7c-8fa9-2494f24b4d8a
2019-09-25 10:59:40,487 [pool-27-thread-1] INFO  server.RaftServerConfigKeys (ConfUtils.java:logGet(43)) - raft.server.log.queue.byte-limit = 2147483647 (custom)
2019-09-25 10:59:40,487 [pool-27-thread-1] INFO  server.RaftServerConfigKeys (ConfUtils.java:logGet(43)) - raft.server.log.queue.element-limit = 1024 (custom)
2019-09-25 10:59:40,487 [pool-27-thread-1] INFO  server.RaftServerConfigKeys (ConfUtils.java:logGet(43)) - raft.server.log.segment.size.max = 1048576 (custom)
2019-09-25 10:59:40,487 [pool-27-thread-1] INFO  server.RaftServerConfigKeys (ConfUtils.java:logGet(43)) - raft.server.log.preallocated.size = 16384 (custom)
2019-09-25 10:59:40,487 [pool-27-thread-1] INFO  server.RaftServerConfigKeys (ConfUtils.java:logGet(43)) - raft.server.log.write.buffer.size = 33554432 (custom)
2019-09-25 10:59:40,487 [pool-27-thread-1] INFO  server.RaftServerConfigKeys (ConfUtils.java:logGet(43)) - raft.server.log.force.sync.num = 128 (default)
2019-09-25 10:59:40,487 [pool-27-thread-1] INFO  server.RaftServerConfigKeys (ConfUtils.java:logGet(43)) - raft.server.log.statemachine.data.sync = true (default)
2019-09-25 10:59:40,488 [pool-27-thread-1] INFO  server.RaftServerConfigKeys (ConfUtils.java:logGet(43)) - raft.server.log.statemachine.data.sync.timeout = 10s (default)
2019-09-25 10:59:40,488 [pool-27-thread-1] INFO  server.RaftServerConfigKeys (ConfUtils.java:logGet(43)) - raft.server.log.statemachine.data.sync.timeout.retry = -1 (default)
2019-09-25 10:59:40,488 [pool-27-thread-1] INFO  server.RaftServerConfigKeys (ConfUtils.java:logGet(43)) - raft.server.log.statemachine.data.caching.enabled = true (custom)
2019-09-25 10:59:40,489 [pool-27-thread-1] INFO  segmented.SegmentedRaftLogWorker (SegmentedRaftLogWorker.java:lambda$new$0(132)) - f2525173-cb6f-4e19-b7a8-94fd7e94e7f3@group-2494F24B4D8A-SegmentedRaftLogWorker: flushIndex: setUnconditionally 0 -> -1
2019-09-25 10:59:40,489 [pool-27-thread-1] INFO  server.RaftServerConfigKeys (ConfUtils.java:logGet(43)) - raft.server.snapshot.auto.trigger.enabled = true (custom)
2019-09-25 10:59:40,489 [pool-27-thread-1] INFO  server.RaftServerConfigKeys (ConfUtils.java:logGet(43)) - raft.server.snapshot.auto.trigger.threshold = 10000 (custom)
2019-09-25 10:59:40,489 [pool-27-thread-1] INFO  server.RaftServerConfigKeys (ConfUtils.java:logGet(43)) - raft.server.snapshot.retention.num.files = 5 (custom)
2019-09-25 10:59:40,489 [pool-27-thread-1] INFO  server.RaftServerConfigKeys (ConfUtils.java:logGet(43)) - raft.server.retrycache.expirytime = 600000ms (custom)
2019-09-25 10:59:40,493 [pool-27-thread-1] INFO  impl.RaftServerImpl (RaftServerImpl.java:start(185)) - f2525173-cb6f-4e19-b7a8-94fd7e94e7f3@group-2494F24B4D8A: start as a follower, conf=-1: [f2525173-cb6f-4e19-b7a8-94fd7e94e7f3:192.168.30.6:40876], old=null
2019-09-25 10:59:40,493 [pool-27-thread-1] INFO  impl.RaftServerImpl (RaftServerImpl.java:setRole(174)) - f2525173-cb6f-4e19-b7a8-94fd7e94e7f3@group-2494F24B4D8A: changes role from      null to FOLLOWER at term 0 for startAsFollower
2019-09-25 10:59:40,493 [pool-27-thread-1] INFO  impl.RoleInfo (RoleInfo.java:updateAndGet(143)) - f2525173-cb6f-4e19-b7a8-94fd7e94e7f3: start FollowerState
2019-09-25 10:59:40,494 [pool-27-thread-1] INFO  util.JmxRegister (JmxRegister.java:tryRegister(44)) - Successfully registered JMX Bean with object name Ratis:service=RaftServer,group=group-2494F24B4D8A,id=f2525173-cb6f-4e19-b7a8-94fd7e94e7f3
2019-09-25 10:59:40,498 [RatisPipelineUtilsThread] INFO  pipeline.PipelineStateManager (PipelineStateManager.java:addPipeline(56)) - Created pipeline Pipeline[ Id: 7da5585a-0d72-4d7c-8fa9-2494f24b4d8a, Nodes: f2525173-cb6f-4e19-b7a8-94fd7e94e7f3{ip: 192.168.30.6, host: pr-hdds-1569-5gmkr-4255264070, networkLocation: /default-rack, certSerialId: null}, Type:RATIS, Factor:ONE, State:OPEN]
2019-09-25 10:59:40,499 [RatisPipelineUtilsThread] INFO  pipeline.PipelinePlacementPolicy (PipelinePlacementPolicy.java:meetCriteria(91)) - Pipeline Placement: can't place more pipeline on heavy datanode： 0d44471b-600b-4cb7-a12a-d464fbbb4546 Heaviness: 6 limit: 5
2019-09-25 10:59:40,499 [RatisPipelineUtilsThread] INFO  pipeline.PipelinePlacementPolicy (PipelinePlacementPolicy.java:meetCriteria(91)) - Pipeline Placement: can't place more pipeline on heavy datanode： 5d5b7118-3eba-4e8b-b91b-00faf4d5a6cf Heaviness: 6 limit: 5
2019-09-25 10:59:40,507 [grpc-default-executor-1] INFO  impl.RaftServerProxy (RaftServerProxy.java:addNew(89)) - f2525173-cb6f-4e19-b7a8-94fd7e94e7f3: addNew group-01ACECAF3379:[f2525173-cb6f-4e19-b7a8-94fd7e94e7f3:192.168.30.6:40876] returns group-01ACECAF3379:java.util.concurrent.CompletableFuture@4d43658b[Not completed]
2019-09-25 10:59:40,509 [pool-27-thread-1] INFO  impl.RaftServerImpl (RaftServerImpl.java:<init>(95)) - f2525173-cb6f-4e19-b7a8-94fd7e94e7f3: new RaftServerImpl for group-01ACECAF3379:[f2525173-cb6f-4e19-b7a8-94fd7e94e7f3:192.168.30.6:40876] with ContainerStateMachine:uninitialized
2019-09-25 10:59:40,509 [pool-27-thread-1] INFO  server.RaftServerConfigKeys (ConfUtils.java:logGet(43)) - raft.server.rpc.timeout.min = 5s (custom)
2019-09-25 10:59:40,510 [pool-27-thread-1] INFO  server.RaftServerConfigKeys (ConfUtils.java:logGet(43)) - raft.server.rpc.timeout.max = 5200ms (custom)
2019-09-25 10:59:40,510 [pool-27-thread-1] INFO  server.RaftServerConfigKeys (ConfUtils.java:logGet(43)) - raft.server.rpcslowness.timeout = 120s (custom)
2019-09-25 10:59:40,510 [pool-27-thread-1] INFO  server.RaftServerConfigKeys (ConfUtils.java:logGet(43)) - raft.server.sleep.deviation.threshold = 300 (default)
2019-09-25 10:59:40,510 [pool-27-thread-1] INFO  server.RaftServerConfigKeys (ConfUtils.java:logGet(43)) - raft.server.log.appender.install.snapshot.enabled = false (custom)
2019-09-25 10:59:40,510 [pool-27-thread-1] INFO  impl.RaftServerImpl (ServerState.java:<init>(103)) - f2525173-cb6f-4e19-b7a8-94fd7e94e7f3@group-01ACECAF3379: ConfigurationManager, init=-1: [f2525173-cb6f-4e19-b7a8-94fd7e94e7f3:192.168.30.6:40876], old=null, confs=<EMPTY_MAP>
2019-09-25 10:59:40,510 [pool-27-thread-1] INFO  server.RaftServerConfigKeys (ConfUtils.java:logGet(43)) - raft.server.storage.dir = [/workdir/hadoop-ozone/integration-test/target/test-dir/MiniOzoneClusterImpl-110f9f20-3804-4026-bd60-0a894b7be794/datanode-0/data/ratis] (custom)
2019-09-25 10:59:40,511 [pool-27-thread-1] INFO  storage.RaftStorageDirectory (RaftStorageDirectory.java:analyzeStorage(246)) - The storage directory /workdir/hadoop-ozone/integration-test/target/test-dir/MiniOzoneClusterImpl-110f9f20-3804-4026-bd60-0a894b7be794/datanode-0/data/ratis/4d7d041f-7936-46cb-a8ba-01acecaf3379 does not exist. Creating ...
2019-09-25 10:59:40,519 [pool-27-thread-1] INFO  storage.RaftStorageDirectory (RaftStorageDirectory.java:tryLock(328)) - Lock on /workdir/hadoop-ozone/integration-test/target/test-dir/MiniOzoneClusterImpl-110f9f20-3804-4026-bd60-0a894b7be794/datanode-0/data/ratis/4d7d041f-7936-46cb-a8ba-01acecaf3379/in_use.lock acquired by nodename 20993@pr-hdds-1569-5gmkr-4255264070
2019-09-25 10:59:40,527 [pool-27-thread-1] INFO  storage.RaftStorage (RaftStorage.java:format(72)) - Storage directory /workdir/hadoop-ozone/integration-test/target/test-dir/MiniOzoneClusterImpl-110f9f20-3804-4026-bd60-0a894b7be794/datanode-0/data/ratis/4d7d041f-7936-46cb-a8ba-01acecaf3379 has been successfully formatted.
2019-09-25 10:59:40,527 [pool-27-thread-1] INFO  ratis.ContainerStateMachine (ContainerStateMachine.java:loadSnapshot(230)) - group-01ACECAF3379: The snapshot info is null. Setting the last applied indexto:(t:0, i:~)
2019-09-25 10:59:40,527 [pool-27-thread-1] INFO  server.RaftServerConfigKeys (ConfUtils.java:logGet(43)) - raft.server.notification.no-leader.timeout = 120s (custom)
2019-09-25 10:59:40,527 [pool-27-thread-1] INFO  server.RaftServerConfigKeys (ConfUtils.java:logGet(43)) - raft.server.log.use.memory = false (default)
2019-09-25 10:59:40,527 [pool-27-thread-1] INFO  server.RaftServerConfigKeys (ConfUtils.java:logGet(43)) - raft.server.log.purge.gap = 1000000 (custom)
2019-09-25 10:59:40,527 [pool-27-thread-1] INFO  server.RaftServerConfigKeys (ConfUtils.java:logGet(43)) - raft.server.log.appender.buffer.byte-limit = 33554432 (custom)
2019-09-25 10:59:40,528 [pool-27-thread-1] INFO  server.RaftServerConfigKeys (ConfUtils.java:logGet(43)) - raft.server.log.segment.size.max = 1048576 (custom)
2019-09-25 10:59:40,528 [pool-27-thread-1] INFO  server.RaftServerConfigKeys (ConfUtils.java:logGet(43)) - raft.server.log.segment.cache.num.max = 2 (custom)
2019-09-25 10:59:40,528 [pool-27-thread-1] INFO  segmented.SegmentedRaftLogWorker (SegmentedRaftLogWorker.java:<init>(172)) - new f2525173-cb6f-4e19-b7a8-94fd7e94e7f3@group-01ACECAF3379-SegmentedRaftLogWorker for RaftStorage:Storage Directory /workdir/hadoop-ozone/integration-test/target/test-dir/MiniOzoneClusterImpl-110f9f20-3804-4026-bd60-0a894b7be794/datanode-0/data/ratis/4d7d041f-7936-46cb-a8ba-01acecaf3379
2019-09-25 10:59:40,528 [pool-27-thread-1] INFO  server.RaftServerConfigKeys (ConfUtils.java:logGet(43)) - raft.server.log.queue.byte-limit = 2147483647 (custom)
2019-09-25 10:59:40,528 [pool-27-thread-1] INFO  server.RaftServerConfigKeys (ConfUtils.java:logGet(43)) - raft.server.log.queue.element-limit = 1024 (custom)
2019-09-25 10:59:40,528 [pool-27-thread-1] INFO  server.RaftServerConfigKeys (ConfUtils.java:logGet(43)) - raft.server.log.segment.size.max = 1048576 (custom)
2019-09-25 10:59:40,529 [pool-27-thread-1] INFO  server.RaftServerConfigKeys (ConfUtils.java:logGet(43)) - raft.server.log.preallocated.size = 16384 (custom)
2019-09-25 10:59:40,529 [pool-27-thread-1] INFO  server.RaftServerConfigKeys (ConfUtils.java:logGet(43)) - raft.server.log.write.buffer.size = 33554432 (custom)
2019-09-25 10:59:40,529 [pool-27-thread-1] INFO  server.RaftServerConfigKeys (ConfUtils.java:logGet(43)) - raft.server.log.force.sync.num = 128 (default)
2019-09-25 10:59:40,529 [pool-27-thread-1] INFO  server.RaftServerConfigKeys (ConfUtils.java:logGet(43)) - raft.server.log.statemachine.data.sync = true (default)
2019-09-25 10:59:40,529 [pool-27-thread-1] INFO  server.RaftServerConfigKeys (ConfUtils.java:logGet(43)) - raft.server.log.statemachine.data.sync.timeout = 10s (default)
2019-09-25 10:59:40,529 [pool-27-thread-1] INFO  server.RaftServerConfigKeys (ConfUtils.java:logGet(43)) - raft.server.log.statemachine.data.sync.timeout.retry = -1 (default)
2019-09-25 10:59:40,530 [pool-27-thread-1] INFO  server.RaftServerConfigKeys (ConfUtils.java:logGet(43)) - raft.server.log.statemachine.data.caching.enabled = true (custom)
2019-09-25 10:59:40,530 [pool-27-thread-1] INFO  segmented.SegmentedRaftLogWorker (SegmentedRaftLogWorker.java:lambda$new$0(132)) - f2525173-cb6f-4e19-b7a8-94fd7e94e7f3@group-01ACECAF3379-SegmentedRaftLogWorker: flushIndex: setUnconditionally 0 -> -1
2019-09-25 10:59:40,530 [pool-27-thread-1] INFO  server.RaftServerConfigKeys (ConfUtils.java:logGet(43)) - raft.server.snapshot.auto.trigger.enabled = true (custom)
2019-09-25 10:59:40,530 [pool-27-thread-1] INFO  server.RaftServerConfigKeys (ConfUtils.java:logGet(43)) - raft.server.snapshot.auto.trigger.threshold = 10000 (custom)
2019-09-25 10:59:40,530 [pool-27-thread-1] INFO  server.RaftServerConfigKeys (ConfUtils.java:logGet(43)) - raft.server.snapshot.retention.num.files = 5 (custom)
2019-09-25 10:59:40,531 [pool-27-thread-1] INFO  server.RaftServerConfigKeys (ConfUtils.java:logGet(43)) - raft.server.retrycache.expirytime = 600000ms (custom)
2019-09-25 10:59:40,533 [pool-27-thread-1] INFO  impl.RaftServerImpl (RaftServerImpl.java:start(185)) - f2525173-cb6f-4e19-b7a8-94fd7e94e7f3@group-01ACECAF3379: start as a follower, conf=-1: [f2525173-cb6f-4e19-b7a8-94fd7e94e7f3:192.168.30.6:40876], old=null
2019-09-25 10:59:40,534 [pool-27-thread-1] INFO  impl.RaftServerImpl (RaftServerImpl.java:setRole(174)) - f2525173-cb6f-4e19-b7a8-94fd7e94e7f3@group-01ACECAF3379: changes role from      null to FOLLOWER at term 0 for startAsFollower
2019-09-25 10:59:40,534 [pool-27-thread-1] INFO  impl.RoleInfo (RoleInfo.java:updateAndGet(143)) - f2525173-cb6f-4e19-b7a8-94fd7e94e7f3: start FollowerState
2019-09-25 10:59:40,534 [pool-27-thread-1] INFO  util.JmxRegister (JmxRegister.java:tryRegister(44)) - Successfully registered JMX Bean with object name Ratis:service=RaftServer,group=group-01ACECAF3379,id=f2525173-cb6f-4e19-b7a8-94fd7e94e7f3
2019-09-25 10:59:40,540 [RatisPipelineUtilsThread] INFO  pipeline.PipelineStateManager (PipelineStateManager.java:addPipeline(56)) - Created pipeline Pipeline[ Id: 4d7d041f-7936-46cb-a8ba-01acecaf3379, Nodes: f2525173-cb6f-4e19-b7a8-94fd7e94e7f3{ip: 192.168.30.6, host: pr-hdds-1569-5gmkr-4255264070, networkLocation: /default-rack, certSerialId: null}, Type:RATIS, Factor:ONE, State:OPEN]
2019-09-25 10:59:40,540 [RatisPipelineUtilsThread] INFO  pipeline.PipelinePlacementPolicy (PipelinePlacementPolicy.java:meetCriteria(91)) - Pipeline Placement: can't place more pipeline on heavy datanode： 0d44471b-600b-4cb7-a12a-d464fbbb4546 Heaviness: 6 limit: 5
2019-09-25 10:59:40,540 [RatisPipelineUtilsThread] INFO  pipeline.PipelinePlacementPolicy (PipelinePlacementPolicy.java:meetCriteria(91)) - Pipeline Placement: can't place more pipeline on heavy datanode： f2525173-cb6f-4e19-b7a8-94fd7e94e7f3 Heaviness: 6 limit: 5
2019-09-25 10:59:40,540 [RatisPipelineUtilsThread] INFO  pipeline.PipelinePlacementPolicy (PipelinePlacementPolicy.java:meetCriteria(91)) - Pipeline Placement: can't place more pipeline on heavy datanode： 5d5b7118-3eba-4e8b-b91b-00faf4d5a6cf Heaviness: 6 limit: 5
2019-09-25 10:59:40,541 [RatisPipelineUtilsThread] ERROR pipeline.PipelinePlacementPolicy (PipelinePlacementPolicy.java:filterViableNodes(148)) - Unable to find enough nodes that meet the criteria that cannot engage in more than 5 pipelines. Nodes required: 1 Found: 0, healthy nodes count inNodeManager: 3.
2019-09-25 10:59:40,543 [RatisPipelineUtilsThread] ERROR pipeline.SCMPipelineManager (SCMPipelineManager.java:createPipeline(167)) - Pipeline creation failed.
org.apache.hadoop.hdds.scm.exceptions.SCMException: Unable to find enough nodes that meet the criteria that cannot engage in more than 5 pipelines. Nodes required: 1 Found: 0, healthy nodes count inNodeManager: 3.
	at org.apache.hadoop.hdds.scm.pipeline.PipelinePlacementPolicy.filterViableNodes(PipelinePlacementPolicy.java:149)
	at org.apache.hadoop.hdds.scm.pipeline.PipelinePlacementPolicy.chooseDatanodes(PipelinePlacementPolicy.java:172)
	at org.apache.hadoop.hdds.scm.pipeline.RatisPipelineProvider.create(RatisPipelineProvider.java:93)
	at org.apache.hadoop.hdds.scm.pipeline.PipelineFactory.create(PipelineFactory.java:58)
	at org.apache.hadoop.hdds.scm.pipeline.SCMPipelineManager.createPipeline(SCMPipelineManager.java:155)
	at org.apache.hadoop.hdds.scm.pipeline.BackgroundPipelineCreator.createPipelines(BackgroundPipelineCreator.java:99)
	at java.util.concurrent.Executors$RunnableAdapter.call(Executors.java:511)
	at java.util.concurrent.FutureTask.run(FutureTask.java:266)
	at java.util.concurrent.ScheduledThreadPoolExecutor$ScheduledFutureTask.access$201(ScheduledThreadPoolExecutor.java:180)
	at java.util.concurrent.ScheduledThreadPoolExecutor$ScheduledFutureTask.run(ScheduledThreadPoolExecutor.java:293)
	at java.util.concurrent.ThreadPoolExecutor.runWorker(ThreadPoolExecutor.java:1149)
	at java.util.concurrent.ThreadPoolExecutor$Worker.run(ThreadPoolExecutor.java:624)
	at java.lang.Thread.run(Thread.java:748)
2019-09-25 10:59:40,545 [RatisPipelineUtilsThread] INFO  pipeline.PipelinePlacementPolicy (PipelinePlacementPolicy.java:meetCriteria(91)) - Pipeline Placement: can't place more pipeline on heavy datanode： 0d44471b-600b-4cb7-a12a-d464fbbb4546 Heaviness: 6 limit: 5
2019-09-25 10:59:40,546 [RatisPipelineUtilsThread] INFO  pipeline.PipelinePlacementPolicy (PipelinePlacementPolicy.java:meetCriteria(91)) - Pipeline Placement: can't place more pipeline on heavy datanode： f2525173-cb6f-4e19-b7a8-94fd7e94e7f3 Heaviness: 6 limit: 5
2019-09-25 10:59:40,546 [RatisPipelineUtilsThread] INFO  pipeline.PipelinePlacementPolicy (PipelinePlacementPolicy.java:meetCriteria(91)) - Pipeline Placement: can't place more pipeline on heavy datanode： 5d5b7118-3eba-4e8b-b91b-00faf4d5a6cf Heaviness: 6 limit: 5
2019-09-25 10:59:40,546 [RatisPipelineUtilsThread] ERROR pipeline.PipelinePlacementPolicy (PipelinePlacementPolicy.java:filterViableNodes(148)) - Unable to find enough nodes that meet the criteria that cannot engage in more than 5 pipelines. Nodes required: 3 Found: 0, healthy nodes count inNodeManager: 3.
2019-09-25 10:59:40,546 [RatisPipelineUtilsThread] ERROR pipeline.SCMPipelineManager (SCMPipelineManager.java:createPipeline(167)) - Pipeline creation failed.
org.apache.hadoop.hdds.scm.exceptions.SCMException: Unable to find enough nodes that meet the criteria that cannot engage in more than 5 pipelines. Nodes required: 3 Found: 0, healthy nodes count inNodeManager: 3.
	at org.apache.hadoop.hdds.scm.pipeline.PipelinePlacementPolicy.filterViableNodes(PipelinePlacementPolicy.java:149)
	at org.apache.hadoop.hdds.scm.pipeline.PipelinePlacementPolicy.chooseDatanodes(PipelinePlacementPolicy.java:172)
	at org.apache.hadoop.hdds.scm.pipeline.RatisPipelineProvider.create(RatisPipelineProvider.java:93)
	at org.apache.hadoop.hdds.scm.pipeline.PipelineFactory.create(PipelineFactory.java:58)
	at org.apache.hadoop.hdds.scm.pipeline.SCMPipelineManager.createPipeline(SCMPipelineManager.java:155)
	at org.apache.hadoop.hdds.scm.pipeline.BackgroundPipelineCreator.createPipelines(BackgroundPipelineCreator.java:99)
	at java.util.concurrent.Executors$RunnableAdapter.call(Executors.java:511)
	at java.util.concurrent.FutureTask.run(FutureTask.java:266)
	at java.util.concurrent.ScheduledThreadPoolExecutor$ScheduledFutureTask.access$201(ScheduledThreadPoolExecutor.java:180)
	at java.util.concurrent.ScheduledThreadPoolExecutor$ScheduledFutureTask.run(ScheduledThreadPoolExecutor.java:293)
	at java.util.concurrent.ThreadPoolExecutor.runWorker(ThreadPoolExecutor.java:1149)
	at java.util.concurrent.ThreadPoolExecutor$Worker.run(ThreadPoolExecutor.java:624)
	at java.lang.Thread.run(Thread.java:748)
2019-09-25 10:59:40,548 [RatisPipelineUtilsThread] INFO  pipeline.PipelinePlacementPolicy (PipelinePlacementPolicy.java:meetCriteria(91)) - Pipeline Placement: can't place more pipeline on heavy datanode： 0d44471b-600b-4cb7-a12a-d464fbbb4546 Heaviness: 6 limit: 5
2019-09-25 10:59:40,548 [RatisPipelineUtilsThread] INFO  pipeline.PipelinePlacementPolicy (PipelinePlacementPolicy.java:meetCriteria(91)) - Pipeline Placement: can't place more pipeline on heavy datanode： f2525173-cb6f-4e19-b7a8-94fd7e94e7f3 Heaviness: 6 limit: 5
2019-09-25 10:59:40,548 [RatisPipelineUtilsThread] INFO  pipeline.PipelinePlacementPolicy (PipelinePlacementPolicy.java:meetCriteria(91)) - Pipeline Placement: can't place more pipeline on heavy datanode： 5d5b7118-3eba-4e8b-b91b-00faf4d5a6cf Heaviness: 6 limit: 5
2019-09-25 10:59:40,549 [RatisPipelineUtilsThread] ERROR pipeline.PipelinePlacementPolicy (PipelinePlacementPolicy.java:filterViableNodes(148)) - Unable to find enough nodes that meet the criteria that cannot engage in more than 5 pipelines. Nodes required: 1 Found: 0, healthy nodes count inNodeManager: 3.
2019-09-25 10:59:40,549 [RatisPipelineUtilsThread] ERROR pipeline.SCMPipelineManager (SCMPipelineManager.java:createPipeline(167)) - Pipeline creation failed.
org.apache.hadoop.hdds.scm.exceptions.SCMException: Unable to find enough nodes that meet the criteria that cannot engage in more than 5 pipelines. Nodes required: 1 Found: 0, healthy nodes count inNodeManager: 3.
	at org.apache.hadoop.hdds.scm.pipeline.PipelinePlacementPolicy.filterViableNodes(PipelinePlacementPolicy.java:149)
	at org.apache.hadoop.hdds.scm.pipeline.PipelinePlacementPolicy.chooseDatanodes(PipelinePlacementPolicy.java:172)
	at org.apache.hadoop.hdds.scm.pipeline.RatisPipelineProvider.create(RatisPipelineProvider.java:93)
	at org.apache.hadoop.hdds.scm.pipeline.PipelineFactory.create(PipelineFactory.java:58)
	at org.apache.hadoop.hdds.scm.pipeline.SCMPipelineManager.createPipeline(SCMPipelineManager.java:155)
	at org.apache.hadoop.hdds.scm.pipeline.BackgroundPipelineCreator.createPipelines(BackgroundPipelineCreator.java:99)
	at org.apache.hadoop.hdds.scm.pipeline.BackgroundPipelineCreator.lambda$startFixedIntervalPipelineCreator$0(BackgroundPipelineCreator.java:70)
	at java.util.concurrent.Executors$RunnableAdapter.call(Executors.java:511)
	at java.util.concurrent.FutureTask.runAndReset(FutureTask.java:308)
	at java.util.concurrent.ScheduledThreadPoolExecutor$ScheduledFutureTask.access$301(ScheduledThreadPoolExecutor.java:180)
	at java.util.concurrent.ScheduledThreadPoolExecutor$ScheduledFutureTask.run(ScheduledThreadPoolExecutor.java:294)
	at java.util.concurrent.ThreadPoolExecutor.runWorker(ThreadPoolExecutor.java:1149)
	at java.util.concurrent.ThreadPoolExecutor$Worker.run(ThreadPoolExecutor.java:624)
	at java.lang.Thread.run(Thread.java:748)
2019-09-25 10:59:40,549 [RatisPipelineUtilsThread] INFO  pipeline.PipelinePlacementPolicy (PipelinePlacementPolicy.java:meetCriteria(91)) - Pipeline Placement: can't place more pipeline on heavy datanode： 0d44471b-600b-4cb7-a12a-d464fbbb4546 Heaviness: 6 limit: 5
2019-09-25 10:59:40,550 [RatisPipelineUtilsThread] INFO  pipeline.PipelinePlacementPolicy (PipelinePlacementPolicy.java:meetCriteria(91)) - Pipeline Placement: can't place more pipeline on heavy datanode： f2525173-cb6f-4e19-b7a8-94fd7e94e7f3 Heaviness: 6 limit: 5
2019-09-25 10:59:40,550 [RatisPipelineUtilsThread] INFO  pipeline.PipelinePlacementPolicy (PipelinePlacementPolicy.java:meetCriteria(91)) - Pipeline Placement: can't place more pipeline on heavy datanode： 5d5b7118-3eba-4e8b-b91b-00faf4d5a6cf Heaviness: 6 limit: 5
2019-09-25 10:59:40,550 [RatisPipelineUtilsThread] ERROR pipeline.PipelinePlacementPolicy (PipelinePlacementPolicy.java:filterViableNodes(148)) - Unable to find enough nodes that meet the criteria that cannot engage in more than 5 pipelines. Nodes required: 3 Found: 0, healthy nodes count inNodeManager: 3.
2019-09-25 10:59:40,550 [RatisPipelineUtilsThread] ERROR pipeline.SCMPipelineManager (SCMPipelineManager.java:createPipeline(167)) - Pipeline creation failed.
org.apache.hadoop.hdds.scm.exceptions.SCMException: Unable to find enough nodes that meet the criteria that cannot engage in more than 5 pipelines. Nodes required: 3 Found: 0, healthy nodes count inNodeManager: 3.
	at org.apache.hadoop.hdds.scm.pipeline.PipelinePlacementPolicy.filterViableNodes(PipelinePlacementPolicy.java:149)
	at org.apache.hadoop.hdds.scm.pipeline.PipelinePlacementPolicy.chooseDatanodes(PipelinePlacementPolicy.java:172)
	at org.apache.hadoop.hdds.scm.pipeline.RatisPipelineProvider.create(RatisPipelineProvider.java:93)
	at org.apache.hadoop.hdds.scm.pipeline.PipelineFactory.create(PipelineFactory.java:58)
	at org.apache.hadoop.hdds.scm.pipeline.SCMPipelineManager.createPipeline(SCMPipelineManager.java:155)
	at org.apache.hadoop.hdds.scm.pipeline.BackgroundPipelineCreator.createPipelines(BackgroundPipelineCreator.java:99)
	at org.apache.hadoop.hdds.scm.pipeline.BackgroundPipelineCreator.lambda$startFixedIntervalPipelineCreator$0(BackgroundPipelineCreator.java:70)
	at java.util.concurrent.Executors$RunnableAdapter.call(Executors.java:511)
	at java.util.concurrent.FutureTask.runAndReset(FutureTask.java:308)
	at java.util.concurrent.ScheduledThreadPoolExecutor$ScheduledFutureTask.access$301(ScheduledThreadPoolExecutor.java:180)
	at java.util.concurrent.ScheduledThreadPoolExecutor$ScheduledFutureTask.run(ScheduledThreadPoolExecutor.java:294)
	at java.util.concurrent.ThreadPoolExecutor.runWorker(ThreadPoolExecutor.java:1149)
	at java.util.concurrent.ThreadPoolExecutor$Worker.run(ThreadPoolExecutor.java:624)
	at java.lang.Thread.run(Thread.java:748)
2019-09-25 10:59:40,972 [main] INFO  impl.MetricsSystemImpl (MetricsSystemImpl.java:init(158)) - XceiverClientMetrics metrics system started (again)
2019-09-25 10:59:41,671 [Thread-178] INFO  container.ReplicationManager (ReplicationManager.java:start(163)) - Starting Replication Monitor Thread.
2019-09-25 10:59:41,676 [ReplicationMonitor] INFO  container.ReplicationManager (ReplicationManager.java:run(226)) - Replication Monitor Thread took 4 milliseconds for processing 1 containers.
2019-09-25 10:59:44,353 [Thread-183] INFO  impl.FollowerState (FollowerState.java:run(106)) - f2525173-cb6f-4e19-b7a8-94fd7e94e7f3:group-E46C88A845EA changes to CANDIDATE, lastRpcTime:5017, electionTimeout:5017ms
2019-09-25 10:59:44,357 [Thread-183] INFO  impl.RoleInfo (RoleInfo.java:shutdownFollowerState(121)) - f2525173-cb6f-4e19-b7a8-94fd7e94e7f3: shutdown FollowerState
2019-09-25 10:59:44,357 [Thread-183] INFO  impl.RaftServerImpl (RaftServerImpl.java:setRole(174)) - f2525173-cb6f-4e19-b7a8-94fd7e94e7f3@group-E46C88A845EA: changes role from  FOLLOWER to CANDIDATE at term 0 for changeToCandidate
2019-09-25 10:59:44,362 [Thread-183] INFO  impl.RoleInfo (RoleInfo.java:updateAndGet(143)) - f2525173-cb6f-4e19-b7a8-94fd7e94e7f3: start LeaderElection
2019-09-25 10:59:44,379 [f2525173-cb6f-4e19-b7a8-94fd7e94e7f3@group-E46C88A845EA:LeaderElection1] INFO  impl.LeaderElection (LeaderElection.java:askForVotes(182)) - f2525173-cb6f-4e19-b7a8-94fd7e94e7f3@group-E46C88A845EA:LeaderElection1: begin an election at term 1 for -1: [f2525173-cb6f-4e19-b7a8-94fd7e94e7f3:192.168.30.6:40876], old=null
2019-09-25 10:59:44,381 [f2525173-cb6f-4e19-b7a8-94fd7e94e7f3@group-E46C88A845EA:LeaderElection1] INFO  impl.RoleInfo (RoleInfo.java:shutdownLeaderElection(134)) - f2525173-cb6f-4e19-b7a8-94fd7e94e7f3: shutdown LeaderElection
2019-09-25 10:59:44,381 [f2525173-cb6f-4e19-b7a8-94fd7e94e7f3@group-E46C88A845EA:LeaderElection1] INFO  impl.RaftServerImpl (RaftServerImpl.java:setRole(174)) - f2525173-cb6f-4e19-b7a8-94fd7e94e7f3@group-E46C88A845EA: changes role from CANDIDATE to LEADER at term 1 for changeToLeader
2019-09-25 10:59:44,382 [f2525173-cb6f-4e19-b7a8-94fd7e94e7f3@group-E46C88A845EA:LeaderElection1] INFO  impl.RaftServerImpl (ServerState.java:setLeader(253)) - f2525173-cb6f-4e19-b7a8-94fd7e94e7f3@group-E46C88A845EA: change Leader from null to f2525173-cb6f-4e19-b7a8-94fd7e94e7f3 at term 1 for becomeLeader, leader elected after 5190ms
2019-09-25 10:59:44,387 [f2525173-cb6f-4e19-b7a8-94fd7e94e7f3@group-E46C88A845EA:LeaderElection1] INFO  server.RaftServerConfigKeys (ConfUtils.java:logGet(43)) - raft.server.staging.catchup.gap = 1000 (default)
2019-09-25 10:59:44,387 [f2525173-cb6f-4e19-b7a8-94fd7e94e7f3@group-E46C88A845EA:LeaderElection1] INFO  server.RaftServerConfigKeys (ConfUtils.java:logGet(43)) - raft.server.rpc.sleep.time = 25ms (default)
2019-09-25 10:59:44,389 [f2525173-cb6f-4e19-b7a8-94fd7e94e7f3@group-E46C88A845EA:LeaderElection1] INFO  server.RaftServerConfigKeys (ConfUtils.java:logGet(43)) - raft.server.write.element-limit = 4096 (default)
2019-09-25 10:59:44,391 [f2525173-cb6f-4e19-b7a8-94fd7e94e7f3@group-E46C88A845EA:LeaderElection1] INFO  server.RaftServerConfigKeys (ConfUtils.java:logGet(43)) - raft.server.watch.timeout = 10s (default)
2019-09-25 10:59:44,391 [f2525173-cb6f-4e19-b7a8-94fd7e94e7f3@group-E46C88A845EA:LeaderElection1] INFO  server.RaftServerConfigKeys (ConfUtils.java:logGet(43)) - raft.server.watch.timeout.denomination = 1s (default)
2019-09-25 10:59:44,392 [f2525173-cb6f-4e19-b7a8-94fd7e94e7f3@group-E46C88A845EA:LeaderElection1] INFO  server.RaftServerConfigKeys (ConfUtils.java:logGet(43)) - raft.server.watch.element-limit = 65536 (default)
2019-09-25 10:59:44,402 [f2525173-cb6f-4e19-b7a8-94fd7e94e7f3@group-E46C88A845EA:LeaderElection1] INFO  impl.RoleInfo (RoleInfo.java:updateAndGet(143)) - f2525173-cb6f-4e19-b7a8-94fd7e94e7f3: start LeaderState
2019-09-25 10:59:44,431 [f2525173-cb6f-4e19-b7a8-94fd7e94e7f3@group-E46C88A845EA:LeaderElection1] INFO  segmented.SegmentedRaftLogWorker (SegmentedRaftLogWorker.java:startLogSegment(380)) - f2525173-cb6f-4e19-b7a8-94fd7e94e7f3@group-E46C88A845EA-SegmentedRaftLogWorker: Starting segment from index:0
2019-09-25 10:59:44,442 [f2525173-cb6f-4e19-b7a8-94fd7e94e7f3@group-E46C88A845EA:LeaderElection1] INFO  impl.RaftServerImpl (ServerState.java:setRaftConf(354)) - f2525173-cb6f-4e19-b7a8-94fd7e94e7f3@group-E46C88A845EA: set configuration 0: [f2525173-cb6f-4e19-b7a8-94fd7e94e7f3:192.168.30.6:40876], old=null at 0
2019-09-25 10:59:44,600 [f2525173-cb6f-4e19-b7a8-94fd7e94e7f3@group-E46C88A845EA-SegmentedRaftLogWorker] INFO  segmented.SegmentedRaftLogWorker (SegmentedRaftLogWorker.java:execute(569)) - f2525173-cb6f-4e19-b7a8-94fd7e94e7f3@group-E46C88A845EA-SegmentedRaftLogWorker: created new log segment /workdir/hadoop-ozone/integration-test/target/test-dir/MiniOzoneClusterImpl-110f9f20-3804-4026-bd60-0a894b7be794/datanode-0/data/ratis/d1b92e02-0a86-4249-9d9e-e46c88a845ea/current/log_inprogress_0
2019-09-25 10:59:44,690 [Thread-186] INFO  impl.FollowerState (FollowerState.java:run(106)) - 0d44471b-600b-4cb7-a12a-d464fbbb4546:group-A1B284E7813E changes to CANDIDATE, lastRpcTime:5180, electionTimeout:5179ms
2019-09-25 10:59:44,693 [Thread-186] INFO  impl.RoleInfo (RoleInfo.java:shutdownFollowerState(121)) - 0d44471b-600b-4cb7-a12a-d464fbbb4546: shutdown FollowerState
2019-09-25 10:59:44,693 [Thread-186] INFO  impl.RaftServerImpl (RaftServerImpl.java:setRole(174)) - 0d44471b-600b-4cb7-a12a-d464fbbb4546@group-A1B284E7813E: changes role from  FOLLOWER to CANDIDATE at term 0 for changeToCandidate
2019-09-25 10:59:44,693 [Thread-186] INFO  impl.RoleInfo (RoleInfo.java:updateAndGet(143)) - 0d44471b-600b-4cb7-a12a-d464fbbb4546: start LeaderElection
2019-09-25 10:59:44,703 [0d44471b-600b-4cb7-a12a-d464fbbb4546@group-A1B284E7813E:LeaderElection2] INFO  impl.LeaderElection (LeaderElection.java:askForVotes(182)) - 0d44471b-600b-4cb7-a12a-d464fbbb4546@group-A1B284E7813E:LeaderElection2: begin an election at term 1 for -1: [0d44471b-600b-4cb7-a12a-d464fbbb4546:192.168.30.6:37450], old=null
2019-09-25 10:59:44,704 [0d44471b-600b-4cb7-a12a-d464fbbb4546@group-A1B284E7813E:LeaderElection2] INFO  impl.RoleInfo (RoleInfo.java:shutdownLeaderElection(134)) - 0d44471b-600b-4cb7-a12a-d464fbbb4546: shutdown LeaderElection
2019-09-25 10:59:44,704 [0d44471b-600b-4cb7-a12a-d464fbbb4546@group-A1B284E7813E:LeaderElection2] INFO  impl.RaftServerImpl (RaftServerImpl.java:setRole(174)) - 0d44471b-600b-4cb7-a12a-d464fbbb4546@group-A1B284E7813E: changes role from CANDIDATE to LEADER at term 1 for changeToLeader
2019-09-25 10:59:44,704 [0d44471b-600b-4cb7-a12a-d464fbbb4546@group-A1B284E7813E:LeaderElection2] INFO  impl.RaftServerImpl (ServerState.java:setLeader(253)) - 0d44471b-600b-4cb7-a12a-d464fbbb4546@group-A1B284E7813E: change Leader from null to 0d44471b-600b-4cb7-a12a-d464fbbb4546 at term 1 for becomeLeader, leader elected after 5213ms
2019-09-25 10:59:44,704 [0d44471b-600b-4cb7-a12a-d464fbbb4546@group-A1B284E7813E:LeaderElection2] INFO  server.RaftServerConfigKeys (ConfUtils.java:logGet(43)) - raft.server.staging.catchup.gap = 1000 (default)
2019-09-25 10:59:44,705 [0d44471b-600b-4cb7-a12a-d464fbbb4546@group-A1B284E7813E:LeaderElection2] INFO  server.RaftServerConfigKeys (ConfUtils.java:logGet(43)) - raft.server.rpc.sleep.time = 25ms (default)
2019-09-25 10:59:44,705 [0d44471b-600b-4cb7-a12a-d464fbbb4546@group-A1B284E7813E:LeaderElection2] INFO  server.RaftServerConfigKeys (ConfUtils.java:logGet(43)) - raft.server.write.element-limit = 4096 (default)
2019-09-25 10:59:44,705 [0d44471b-600b-4cb7-a12a-d464fbbb4546@group-A1B284E7813E:LeaderElection2] INFO  server.RaftServerConfigKeys (ConfUtils.java:logGet(43)) - raft.server.watch.timeout = 10s (default)
2019-09-25 10:59:44,705 [0d44471b-600b-4cb7-a12a-d464fbbb4546@group-A1B284E7813E:LeaderElection2] INFO  server.RaftServerConfigKeys (ConfUtils.java:logGet(43)) - raft.server.watch.timeout.denomination = 1s (default)
2019-09-25 10:59:44,705 [0d44471b-600b-4cb7-a12a-d464fbbb4546@group-A1B284E7813E:LeaderElection2] INFO  server.RaftServerConfigKeys (ConfUtils.java:logGet(43)) - raft.server.watch.element-limit = 65536 (default)
2019-09-25 10:59:44,708 [0d44471b-600b-4cb7-a12a-d464fbbb4546@group-A1B284E7813E:LeaderElection2] INFO  impl.RoleInfo (RoleInfo.java:updateAndGet(143)) - 0d44471b-600b-4cb7-a12a-d464fbbb4546: start LeaderState
2019-09-25 10:59:44,708 [0d44471b-600b-4cb7-a12a-d464fbbb4546@group-A1B284E7813E:LeaderElection2] INFO  segmented.SegmentedRaftLogWorker (SegmentedRaftLogWorker.java:startLogSegment(380)) - 0d44471b-600b-4cb7-a12a-d464fbbb4546@group-A1B284E7813E-SegmentedRaftLogWorker: Starting segment from index:0
2019-09-25 10:59:44,709 [0d44471b-600b-4cb7-a12a-d464fbbb4546@group-A1B284E7813E:LeaderElection2] INFO  impl.RaftServerImpl (ServerState.java:setRaftConf(354)) - 0d44471b-600b-4cb7-a12a-d464fbbb4546@group-A1B284E7813E: set configuration 0: [0d44471b-600b-4cb7-a12a-d464fbbb4546:192.168.30.6:37450], old=null at 0
2019-09-25 10:59:44,743 [0d44471b-600b-4cb7-a12a-d464fbbb4546@group-A1B284E7813E-SegmentedRaftLogWorker] INFO  segmented.SegmentedRaftLogWorker (SegmentedRaftLogWorker.java:execute(569)) - 0d44471b-600b-4cb7-a12a-d464fbbb4546@group-A1B284E7813E-SegmentedRaftLogWorker: created new log segment /workdir/hadoop-ozone/integration-test/target/test-dir/MiniOzoneClusterImpl-110f9f20-3804-4026-bd60-0a894b7be794/datanode-2/data/ratis/04aec6e7-85ab-448f-8c64-a1b284e7813e/current/log_inprogress_0
2019-09-25 10:59:44,743 [Thread-189] INFO  impl.FollowerState (FollowerState.java:run(106)) - 5d5b7118-3eba-4e8b-b91b-00faf4d5a6cf:group-15CBA85B0EC6 changes to CANDIDATE, lastRpcTime:5133, electionTimeout:5133ms
2019-09-25 10:59:44,744 [Thread-189] INFO  impl.RoleInfo (RoleInfo.java:shutdownFollowerState(121)) - 5d5b7118-3eba-4e8b-b91b-00faf4d5a6cf: shutdown FollowerState
2019-09-25 10:59:44,744 [Thread-189] INFO  impl.RaftServerImpl (RaftServerImpl.java:setRole(174)) - 5d5b7118-3eba-4e8b-b91b-00faf4d5a6cf@group-15CBA85B0EC6: changes role from  FOLLOWER to CANDIDATE at term 0 for changeToCandidate
2019-09-25 10:59:44,744 [Thread-189] INFO  impl.RoleInfo (RoleInfo.java:updateAndGet(143)) - 5d5b7118-3eba-4e8b-b91b-00faf4d5a6cf: start LeaderElection
2019-09-25 10:59:44,757 [5d5b7118-3eba-4e8b-b91b-00faf4d5a6cf@group-15CBA85B0EC6:LeaderElection3] INFO  impl.LeaderElection (LeaderElection.java:askForVotes(182)) - 5d5b7118-3eba-4e8b-b91b-00faf4d5a6cf@group-15CBA85B0EC6:LeaderElection3: begin an election at term 1 for -1: [5d5b7118-3eba-4e8b-b91b-00faf4d5a6cf:192.168.30.6:42549], old=null
2019-09-25 10:59:44,757 [5d5b7118-3eba-4e8b-b91b-00faf4d5a6cf@group-15CBA85B0EC6:LeaderElection3] INFO  impl.RoleInfo (RoleInfo.java:shutdownLeaderElection(134)) - 5d5b7118-3eba-4e8b-b91b-00faf4d5a6cf: shutdown LeaderElection
2019-09-25 10:59:44,757 [5d5b7118-3eba-4e8b-b91b-00faf4d5a6cf@group-15CBA85B0EC6:LeaderElection3] INFO  impl.RaftServerImpl (RaftServerImpl.java:setRole(174)) - 5d5b7118-3eba-4e8b-b91b-00faf4d5a6cf@group-15CBA85B0EC6: changes role from CANDIDATE to LEADER at term 1 for changeToLeader
2019-09-25 10:59:44,757 [5d5b7118-3eba-4e8b-b91b-00faf4d5a6cf@group-15CBA85B0EC6:LeaderElection3] INFO  impl.RaftServerImpl (ServerState.java:setLeader(253)) - 5d5b7118-3eba-4e8b-b91b-00faf4d5a6cf@group-15CBA85B0EC6: change Leader from null to 5d5b7118-3eba-4e8b-b91b-00faf4d5a6cf at term 1 for becomeLeader, leader elected after 5179ms
2019-09-25 10:59:44,757 [5d5b7118-3eba-4e8b-b91b-00faf4d5a6cf@group-15CBA85B0EC6:LeaderElection3] INFO  server.RaftServerConfigKeys (ConfUtils.java:logGet(43)) - raft.server.staging.catchup.gap = 1000 (default)
2019-09-25 10:59:44,757 [5d5b7118-3eba-4e8b-b91b-00faf4d5a6cf@group-15CBA85B0EC6:LeaderElection3] INFO  server.RaftServerConfigKeys (ConfUtils.java:logGet(43)) - raft.server.rpc.sleep.time = 25ms (default)
2019-09-25 10:59:44,758 [5d5b7118-3eba-4e8b-b91b-00faf4d5a6cf@group-15CBA85B0EC6:LeaderElection3] INFO  server.RaftServerConfigKeys (ConfUtils.java:logGet(43)) - raft.server.write.element-limit = 4096 (default)
2019-09-25 10:59:44,758 [5d5b7118-3eba-4e8b-b91b-00faf4d5a6cf@group-15CBA85B0EC6:LeaderElection3] INFO  server.RaftServerConfigKeys (ConfUtils.java:logGet(43)) - raft.server.watch.timeout = 10s (default)
2019-09-25 10:59:44,758 [5d5b7118-3eba-4e8b-b91b-00faf4d5a6cf@group-15CBA85B0EC6:LeaderElection3] INFO  server.RaftServerConfigKeys (ConfUtils.java:logGet(43)) - raft.server.watch.timeout.denomination = 1s (default)
2019-09-25 10:59:44,758 [5d5b7118-3eba-4e8b-b91b-00faf4d5a6cf@group-15CBA85B0EC6:LeaderElection3] INFO  server.RaftServerConfigKeys (ConfUtils.java:logGet(43)) - raft.server.watch.element-limit = 65536 (default)
2019-09-25 10:59:44,760 [5d5b7118-3eba-4e8b-b91b-00faf4d5a6cf@group-15CBA85B0EC6:LeaderElection3] INFO  impl.RoleInfo (RoleInfo.java:updateAndGet(143)) - 5d5b7118-3eba-4e8b-b91b-00faf4d5a6cf: start LeaderState
2019-09-25 10:59:44,760 [5d5b7118-3eba-4e8b-b91b-00faf4d5a6cf@group-15CBA85B0EC6:LeaderElection3] INFO  segmented.SegmentedRaftLogWorker (SegmentedRaftLogWorker.java:startLogSegment(380)) - 5d5b7118-3eba-4e8b-b91b-00faf4d5a6cf@group-15CBA85B0EC6-SegmentedRaftLogWorker: Starting segment from index:0
2019-09-25 10:59:44,761 [5d5b7118-3eba-4e8b-b91b-00faf4d5a6cf@group-15CBA85B0EC6:LeaderElection3] INFO  impl.RaftServerImpl (ServerState.java:setRaftConf(354)) - 5d5b7118-3eba-4e8b-b91b-00faf4d5a6cf@group-15CBA85B0EC6: set configuration 0: [5d5b7118-3eba-4e8b-b91b-00faf4d5a6cf:192.168.30.6:42549], old=null at 0
2019-09-25 10:59:44,786 [Thread-192] INFO  impl.FollowerState (FollowerState.java:run(106)) - f2525173-cb6f-4e19-b7a8-94fd7e94e7f3:group-8B46421AE065 changes to CANDIDATE, lastRpcTime:5099, electionTimeout:5080ms
2019-09-25 10:59:44,786 [Thread-192] INFO  impl.RoleInfo (RoleInfo.java:shutdownFollowerState(121)) - f2525173-cb6f-4e19-b7a8-94fd7e94e7f3: shutdown FollowerState
2019-09-25 10:59:44,786 [Thread-192] INFO  impl.RaftServerImpl (RaftServerImpl.java:setRole(174)) - f2525173-cb6f-4e19-b7a8-94fd7e94e7f3@group-8B46421AE065: changes role from  FOLLOWER to CANDIDATE at term 0 for changeToCandidate
2019-09-25 10:59:44,787 [Thread-192] INFO  impl.RoleInfo (RoleInfo.java:updateAndGet(143)) - f2525173-cb6f-4e19-b7a8-94fd7e94e7f3: start LeaderElection
2019-09-25 10:59:44,799 [5d5b7118-3eba-4e8b-b91b-00faf4d5a6cf@group-15CBA85B0EC6-SegmentedRaftLogWorker] INFO  segmented.SegmentedRaftLogWorker (SegmentedRaftLogWorker.java:execute(569)) - 5d5b7118-3eba-4e8b-b91b-00faf4d5a6cf@group-15CBA85B0EC6-SegmentedRaftLogWorker: created new log segment /workdir/hadoop-ozone/integration-test/target/test-dir/MiniOzoneClusterImpl-110f9f20-3804-4026-bd60-0a894b7be794/datanode-1/data/ratis/8699eade-f613-4f50-95ff-15cba85b0ec6/current/log_inprogress_0
2019-09-25 10:59:44,799 [f2525173-cb6f-4e19-b7a8-94fd7e94e7f3@group-8B46421AE065:LeaderElection4] INFO  impl.LeaderElection (LeaderElection.java:askForVotes(182)) - f2525173-cb6f-4e19-b7a8-94fd7e94e7f3@group-8B46421AE065:LeaderElection4: begin an election at term 1 for -1: [f2525173-cb6f-4e19-b7a8-94fd7e94e7f3:192.168.30.6:40876], old=null
2019-09-25 10:59:44,799 [f2525173-cb6f-4e19-b7a8-94fd7e94e7f3@group-8B46421AE065:LeaderElection4] INFO  impl.RoleInfo (RoleInfo.java:shutdownLeaderElection(134)) - f2525173-cb6f-4e19-b7a8-94fd7e94e7f3: shutdown LeaderElection
2019-09-25 10:59:44,799 [f2525173-cb6f-4e19-b7a8-94fd7e94e7f3@group-8B46421AE065:LeaderElection4] INFO  impl.RaftServerImpl (RaftServerImpl.java:setRole(174)) - f2525173-cb6f-4e19-b7a8-94fd7e94e7f3@group-8B46421AE065: changes role from CANDIDATE to LEADER at term 1 for changeToLeader
2019-09-25 10:59:44,799 [f2525173-cb6f-4e19-b7a8-94fd7e94e7f3@group-8B46421AE065:LeaderElection4] INFO  impl.RaftServerImpl (ServerState.java:setLeader(253)) - f2525173-cb6f-4e19-b7a8-94fd7e94e7f3@group-8B46421AE065: change Leader from null to f2525173-cb6f-4e19-b7a8-94fd7e94e7f3 at term 1 for becomeLeader, leader elected after 5121ms
2019-09-25 10:59:44,800 [f2525173-cb6f-4e19-b7a8-94fd7e94e7f3@group-8B46421AE065:LeaderElection4] INFO  server.RaftServerConfigKeys (ConfUtils.java:logGet(43)) - raft.server.staging.catchup.gap = 1000 (default)
2019-09-25 10:59:44,800 [f2525173-cb6f-4e19-b7a8-94fd7e94e7f3@group-8B46421AE065:LeaderElection4] INFO  server.RaftServerConfigKeys (ConfUtils.java:logGet(43)) - raft.server.rpc.sleep.time = 25ms (default)
2019-09-25 10:59:44,800 [f2525173-cb6f-4e19-b7a8-94fd7e94e7f3@group-8B46421AE065:LeaderElection4] INFO  server.RaftServerConfigKeys (ConfUtils.java:logGet(43)) - raft.server.write.element-limit = 4096 (default)
2019-09-25 10:59:44,800 [f2525173-cb6f-4e19-b7a8-94fd7e94e7f3@group-8B46421AE065:LeaderElection4] INFO  server.RaftServerConfigKeys (ConfUtils.java:logGet(43)) - raft.server.watch.timeout = 10s (default)
2019-09-25 10:59:44,801 [f2525173-cb6f-4e19-b7a8-94fd7e94e7f3@group-8B46421AE065:LeaderElection4] INFO  server.RaftServerConfigKeys (ConfUtils.java:logGet(43)) - raft.server.watch.timeout.denomination = 1s (default)
2019-09-25 10:59:44,801 [f2525173-cb6f-4e19-b7a8-94fd7e94e7f3@group-8B46421AE065:LeaderElection4] INFO  server.RaftServerConfigKeys (ConfUtils.java:logGet(43)) - raft.server.watch.element-limit = 65536 (default)
2019-09-25 10:59:44,803 [f2525173-cb6f-4e19-b7a8-94fd7e94e7f3@group-8B46421AE065:LeaderElection4] INFO  impl.RoleInfo (RoleInfo.java:updateAndGet(143)) - f2525173-cb6f-4e19-b7a8-94fd7e94e7f3: start LeaderState
2019-09-25 10:59:44,803 [f2525173-cb6f-4e19-b7a8-94fd7e94e7f3@group-8B46421AE065:LeaderElection4] INFO  segmented.SegmentedRaftLogWorker (SegmentedRaftLogWorker.java:startLogSegment(380)) - f2525173-cb6f-4e19-b7a8-94fd7e94e7f3@group-8B46421AE065-SegmentedRaftLogWorker: Starting segment from index:0
2019-09-25 10:59:44,804 [f2525173-cb6f-4e19-b7a8-94fd7e94e7f3@group-8B46421AE065:LeaderElection4] INFO  impl.RaftServerImpl (ServerState.java:setRaftConf(354)) - f2525173-cb6f-4e19-b7a8-94fd7e94e7f3@group-8B46421AE065: set configuration 0: [f2525173-cb6f-4e19-b7a8-94fd7e94e7f3:192.168.30.6:40876], old=null at 0
2019-09-25 10:59:44,833 [f2525173-cb6f-4e19-b7a8-94fd7e94e7f3@group-8B46421AE065-SegmentedRaftLogWorker] INFO  segmented.SegmentedRaftLogWorker (SegmentedRaftLogWorker.java:execute(569)) - f2525173-cb6f-4e19-b7a8-94fd7e94e7f3@group-8B46421AE065-SegmentedRaftLogWorker: created new log segment /workdir/hadoop-ozone/integration-test/target/test-dir/MiniOzoneClusterImpl-110f9f20-3804-4026-bd60-0a894b7be794/datanode-0/data/ratis/515dd529-4c40-4d1d-bb21-8b46421ae065/current/log_inprogress_0
2019-09-25 10:59:44,916 [Thread-195] INFO  impl.FollowerState (FollowerState.java:run(106)) - 5d5b7118-3eba-4e8b-b91b-00faf4d5a6cf:group-6BEDDE4D77A7 changes to CANDIDATE, lastRpcTime:5154, electionTimeout:5154ms
2019-09-25 10:59:44,916 [Thread-195] INFO  impl.RoleInfo (RoleInfo.java:shutdownFollowerState(121)) - 5d5b7118-3eba-4e8b-b91b-00faf4d5a6cf: shutdown FollowerState
2019-09-25 10:59:44,917 [Thread-195] INFO  impl.RaftServerImpl (RaftServerImpl.java:setRole(174)) - 5d5b7118-3eba-4e8b-b91b-00faf4d5a6cf@group-6BEDDE4D77A7: changes role from  FOLLOWER to CANDIDATE at term 0 for changeToCandidate
2019-09-25 10:59:44,917 [Thread-195] INFO  impl.RoleInfo (RoleInfo.java:updateAndGet(143)) - 5d5b7118-3eba-4e8b-b91b-00faf4d5a6cf: start LeaderElection
2019-09-25 10:59:44,923 [5d5b7118-3eba-4e8b-b91b-00faf4d5a6cf@group-6BEDDE4D77A7:LeaderElection5] INFO  impl.LeaderElection (LeaderElection.java:askForVotes(182)) - 5d5b7118-3eba-4e8b-b91b-00faf4d5a6cf@group-6BEDDE4D77A7:LeaderElection5: begin an election at term 1 for -1: [5d5b7118-3eba-4e8b-b91b-00faf4d5a6cf:192.168.30.6:42549], old=null
2019-09-25 10:59:44,923 [5d5b7118-3eba-4e8b-b91b-00faf4d5a6cf@group-6BEDDE4D77A7:LeaderElection5] INFO  impl.RoleInfo (RoleInfo.java:shutdownLeaderElection(134)) - 5d5b7118-3eba-4e8b-b91b-00faf4d5a6cf: shutdown LeaderElection
2019-09-25 10:59:44,924 [5d5b7118-3eba-4e8b-b91b-00faf4d5a6cf@group-6BEDDE4D77A7:LeaderElection5] INFO  impl.RaftServerImpl (RaftServerImpl.java:setRole(174)) - 5d5b7118-3eba-4e8b-b91b-00faf4d5a6cf@group-6BEDDE4D77A7: changes role from CANDIDATE to LEADER at term 1 for changeToLeader
2019-09-25 10:59:44,924 [5d5b7118-3eba-4e8b-b91b-00faf4d5a6cf@group-6BEDDE4D77A7:LeaderElection5] INFO  impl.RaftServerImpl (ServerState.java:setLeader(253)) - 5d5b7118-3eba-4e8b-b91b-00faf4d5a6cf@group-6BEDDE4D77A7: change Leader from null to 5d5b7118-3eba-4e8b-b91b-00faf4d5a6cf at term 1 for becomeLeader, leader elected after 5174ms
2019-09-25 10:59:44,924 [5d5b7118-3eba-4e8b-b91b-00faf4d5a6cf@group-6BEDDE4D77A7:LeaderElection5] INFO  server.RaftServerConfigKeys (ConfUtils.java:logGet(43)) - raft.server.staging.catchup.gap = 1000 (default)
2019-09-25 10:59:44,924 [5d5b7118-3eba-4e8b-b91b-00faf4d5a6cf@group-6BEDDE4D77A7:LeaderElection5] INFO  server.RaftServerConfigKeys (ConfUtils.java:logGet(43)) - raft.server.rpc.sleep.time = 25ms (default)
2019-09-25 10:59:44,924 [5d5b7118-3eba-4e8b-b91b-00faf4d5a6cf@group-6BEDDE4D77A7:LeaderElection5] INFO  server.RaftServerConfigKeys (ConfUtils.java:logGet(43)) - raft.server.write.element-limit = 4096 (default)
2019-09-25 10:59:44,924 [5d5b7118-3eba-4e8b-b91b-00faf4d5a6cf@group-6BEDDE4D77A7:LeaderElection5] INFO  server.RaftServerConfigKeys (ConfUtils.java:logGet(43)) - raft.server.watch.timeout = 10s (default)
2019-09-25 10:59:44,924 [5d5b7118-3eba-4e8b-b91b-00faf4d5a6cf@group-6BEDDE4D77A7:LeaderElection5] INFO  server.RaftServerConfigKeys (ConfUtils.java:logGet(43)) - raft.server.watch.timeout.denomination = 1s (default)
2019-09-25 10:59:44,925 [5d5b7118-3eba-4e8b-b91b-00faf4d5a6cf@group-6BEDDE4D77A7:LeaderElection5] INFO  server.RaftServerConfigKeys (ConfUtils.java:logGet(43)) - raft.server.watch.element-limit = 65536 (default)
2019-09-25 10:59:44,927 [5d5b7118-3eba-4e8b-b91b-00faf4d5a6cf@group-6BEDDE4D77A7:LeaderElection5] INFO  impl.RoleInfo (RoleInfo.java:updateAndGet(143)) - 5d5b7118-3eba-4e8b-b91b-00faf4d5a6cf: start LeaderState
2019-09-25 10:59:44,927 [5d5b7118-3eba-4e8b-b91b-00faf4d5a6cf@group-6BEDDE4D77A7:LeaderElection5] INFO  segmented.SegmentedRaftLogWorker (SegmentedRaftLogWorker.java:startLogSegment(380)) - 5d5b7118-3eba-4e8b-b91b-00faf4d5a6cf@group-6BEDDE4D77A7-SegmentedRaftLogWorker: Starting segment from index:0
2019-09-25 10:59:44,928 [5d5b7118-3eba-4e8b-b91b-00faf4d5a6cf@group-6BEDDE4D77A7:LeaderElection5] INFO  impl.RaftServerImpl (ServerState.java:setRaftConf(354)) - 5d5b7118-3eba-4e8b-b91b-00faf4d5a6cf@group-6BEDDE4D77A7: set configuration 0: [5d5b7118-3eba-4e8b-b91b-00faf4d5a6cf:192.168.30.6:42549], old=null at 0
2019-09-25 10:59:44,954 [Thread-198] INFO  impl.FollowerState (FollowerState.java:run(106)) - 5d5b7118-3eba-4e8b-b91b-00faf4d5a6cf:group-E59E89CB9CAA changes to CANDIDATE, lastRpcTime:5109, electionTimeout:5094ms
2019-09-25 10:59:44,954 [Thread-198] INFO  impl.RoleInfo (RoleInfo.java:shutdownFollowerState(121)) - 5d5b7118-3eba-4e8b-b91b-00faf4d5a6cf: shutdown FollowerState
2019-09-25 10:59:44,955 [Thread-198] INFO  impl.RaftServerImpl (RaftServerImpl.java:setRole(174)) - 5d5b7118-3eba-4e8b-b91b-00faf4d5a6cf@group-E59E89CB9CAA: changes role from  FOLLOWER to CANDIDATE at term 0 for changeToCandidate
2019-09-25 10:59:44,955 [Thread-198] INFO  impl.RoleInfo (RoleInfo.java:updateAndGet(143)) - 5d5b7118-3eba-4e8b-b91b-00faf4d5a6cf: start LeaderElection
2019-09-25 10:59:44,964 [5d5b7118-3eba-4e8b-b91b-00faf4d5a6cf@group-6BEDDE4D77A7-SegmentedRaftLogWorker] INFO  segmented.SegmentedRaftLogWorker (SegmentedRaftLogWorker.java:execute(569)) - 5d5b7118-3eba-4e8b-b91b-00faf4d5a6cf@group-6BEDDE4D77A7-SegmentedRaftLogWorker: created new log segment /workdir/hadoop-ozone/integration-test/target/test-dir/MiniOzoneClusterImpl-110f9f20-3804-4026-bd60-0a894b7be794/datanode-1/data/ratis/1faa6745-756b-46f9-9c2b-6bedde4d77a7/current/log_inprogress_0
2019-09-25 10:59:44,964 [5d5b7118-3eba-4e8b-b91b-00faf4d5a6cf@group-E59E89CB9CAA:LeaderElection6] INFO  impl.LeaderElection (LeaderElection.java:askForVotes(182)) - 5d5b7118-3eba-4e8b-b91b-00faf4d5a6cf@group-E59E89CB9CAA:LeaderElection6: begin an election at term 1 for -1: [5d5b7118-3eba-4e8b-b91b-00faf4d5a6cf:192.168.30.6:42549], old=null
2019-09-25 10:59:44,964 [5d5b7118-3eba-4e8b-b91b-00faf4d5a6cf@group-E59E89CB9CAA:LeaderElection6] INFO  impl.RoleInfo (RoleInfo.java:shutdownLeaderElection(134)) - 5d5b7118-3eba-4e8b-b91b-00faf4d5a6cf: shutdown LeaderElection
2019-09-25 10:59:44,965 [5d5b7118-3eba-4e8b-b91b-00faf4d5a6cf@group-E59E89CB9CAA:LeaderElection6] INFO  impl.RaftServerImpl (RaftServerImpl.java:setRole(174)) - 5d5b7118-3eba-4e8b-b91b-00faf4d5a6cf@group-E59E89CB9CAA: changes role from CANDIDATE to LEADER at term 1 for changeToLeader
2019-09-25 10:59:44,965 [5d5b7118-3eba-4e8b-b91b-00faf4d5a6cf@group-E59E89CB9CAA:LeaderElection6] INFO  impl.RaftServerImpl (ServerState.java:setLeader(253)) - 5d5b7118-3eba-4e8b-b91b-00faf4d5a6cf@group-E59E89CB9CAA: change Leader from null to 5d5b7118-3eba-4e8b-b91b-00faf4d5a6cf at term 1 for becomeLeader, leader elected after 5128ms
2019-09-25 10:59:44,965 [5d5b7118-3eba-4e8b-b91b-00faf4d5a6cf@group-E59E89CB9CAA:LeaderElection6] INFO  server.RaftServerConfigKeys (ConfUtils.java:logGet(43)) - raft.server.staging.catchup.gap = 1000 (default)
2019-09-25 10:59:44,965 [5d5b7118-3eba-4e8b-b91b-00faf4d5a6cf@group-E59E89CB9CAA:LeaderElection6] INFO  server.RaftServerConfigKeys (ConfUtils.java:logGet(43)) - raft.server.rpc.sleep.time = 25ms (default)
2019-09-25 10:59:44,965 [5d5b7118-3eba-4e8b-b91b-00faf4d5a6cf@group-E59E89CB9CAA:LeaderElection6] INFO  server.RaftServerConfigKeys (ConfUtils.java:logGet(43)) - raft.server.write.element-limit = 4096 (default)
2019-09-25 10:59:44,965 [5d5b7118-3eba-4e8b-b91b-00faf4d5a6cf@group-E59E89CB9CAA:LeaderElection6] INFO  server.RaftServerConfigKeys (ConfUtils.java:logGet(43)) - raft.server.watch.timeout = 10s (default)
2019-09-25 10:59:44,965 [5d5b7118-3eba-4e8b-b91b-00faf4d5a6cf@group-E59E89CB9CAA:LeaderElection6] INFO  server.RaftServerConfigKeys (ConfUtils.java:logGet(43)) - raft.server.watch.timeout.denomination = 1s (default)
2019-09-25 10:59:44,965 [5d5b7118-3eba-4e8b-b91b-00faf4d5a6cf@group-E59E89CB9CAA:LeaderElection6] INFO  server.RaftServerConfigKeys (ConfUtils.java:logGet(43)) - raft.server.watch.element-limit = 65536 (default)
2019-09-25 10:59:44,968 [5d5b7118-3eba-4e8b-b91b-00faf4d5a6cf@group-E59E89CB9CAA:LeaderElection6] INFO  impl.RoleInfo (RoleInfo.java:updateAndGet(143)) - 5d5b7118-3eba-4e8b-b91b-00faf4d5a6cf: start LeaderState
2019-09-25 10:59:44,968 [5d5b7118-3eba-4e8b-b91b-00faf4d5a6cf@group-E59E89CB9CAA:LeaderElection6] INFO  segmented.SegmentedRaftLogWorker (SegmentedRaftLogWorker.java:startLogSegment(380)) - 5d5b7118-3eba-4e8b-b91b-00faf4d5a6cf@group-E59E89CB9CAA-SegmentedRaftLogWorker: Starting segment from index:0
2019-09-25 10:59:44,968 [5d5b7118-3eba-4e8b-b91b-00faf4d5a6cf@group-E59E89CB9CAA:LeaderElection6] INFO  impl.RaftServerImpl (ServerState.java:setRaftConf(354)) - 5d5b7118-3eba-4e8b-b91b-00faf4d5a6cf@group-E59E89CB9CAA: set configuration 0: [5d5b7118-3eba-4e8b-b91b-00faf4d5a6cf:192.168.30.6:42549], old=null at 0
2019-09-25 10:59:45,001 [5d5b7118-3eba-4e8b-b91b-00faf4d5a6cf@group-E59E89CB9CAA-SegmentedRaftLogWorker] INFO  segmented.SegmentedRaftLogWorker (SegmentedRaftLogWorker.java:execute(569)) - 5d5b7118-3eba-4e8b-b91b-00faf4d5a6cf@group-E59E89CB9CAA-SegmentedRaftLogWorker: created new log segment /workdir/hadoop-ozone/integration-test/target/test-dir/MiniOzoneClusterImpl-110f9f20-3804-4026-bd60-0a894b7be794/datanode-1/data/ratis/dcfbe3dc-dcd5-4e3f-9fd2-e59e89cb9caa/current/log_inprogress_0
2019-09-25 10:59:45,009 [Thread-204] INFO  impl.FollowerState (FollowerState.java:run(106)) - 0d44471b-600b-4cb7-a12a-d464fbbb4546:group-33665066D7C7 changes to CANDIDATE, lastRpcTime:5038, electionTimeout:5038ms
2019-09-25 10:59:45,009 [Thread-201] INFO  impl.FollowerState (FollowerState.java:run(106)) - 5d5b7118-3eba-4e8b-b91b-00faf4d5a6cf:group-EA988C94BCB7 changes to CANDIDATE, lastRpcTime:5093, electionTimeout:5093ms
2019-09-25 10:59:45,009 [Thread-201] INFO  impl.RoleInfo (RoleInfo.java:shutdownFollowerState(121)) - 5d5b7118-3eba-4e8b-b91b-00faf4d5a6cf: shutdown FollowerState
2019-09-25 10:59:45,009 [Thread-204] INFO  impl.RoleInfo (RoleInfo.java:shutdownFollowerState(121)) - 0d44471b-600b-4cb7-a12a-d464fbbb4546: shutdown FollowerState
2019-09-25 10:59:45,009 [Thread-201] INFO  impl.RaftServerImpl (RaftServerImpl.java:setRole(174)) - 5d5b7118-3eba-4e8b-b91b-00faf4d5a6cf@group-EA988C94BCB7: changes role from  FOLLOWER to CANDIDATE at term 0 for changeToCandidate
2019-09-25 10:59:45,009 [Thread-204] INFO  impl.RaftServerImpl (RaftServerImpl.java:setRole(174)) - 0d44471b-600b-4cb7-a12a-d464fbbb4546@group-33665066D7C7: changes role from  FOLLOWER to CANDIDATE at term 0 for changeToCandidate
2019-09-25 10:59:45,009 [Thread-201] INFO  impl.RoleInfo (RoleInfo.java:updateAndGet(143)) - 5d5b7118-3eba-4e8b-b91b-00faf4d5a6cf: start LeaderElection
2019-09-25 10:59:45,009 [Thread-204] INFO  impl.RoleInfo (RoleInfo.java:updateAndGet(143)) - 0d44471b-600b-4cb7-a12a-d464fbbb4546: start LeaderElection
2019-09-25 10:59:45,041 [0d44471b-600b-4cb7-a12a-d464fbbb4546@group-33665066D7C7:LeaderElection8] INFO  impl.LeaderElection (LeaderElection.java:askForVotes(182)) - 0d44471b-600b-4cb7-a12a-d464fbbb4546@group-33665066D7C7:LeaderElection8: begin an election at term 1 for -1: [0d44471b-600b-4cb7-a12a-d464fbbb4546:192.168.30.6:37450], old=null
2019-09-25 10:59:45,041 [5d5b7118-3eba-4e8b-b91b-00faf4d5a6cf@group-EA988C94BCB7:LeaderElection7] INFO  impl.LeaderElection (LeaderElection.java:askForVotes(182)) - 5d5b7118-3eba-4e8b-b91b-00faf4d5a6cf@group-EA988C94BCB7:LeaderElection7: begin an election at term 1 for -1: [5d5b7118-3eba-4e8b-b91b-00faf4d5a6cf:192.168.30.6:42549], old=null
2019-09-25 10:59:45,041 [0d44471b-600b-4cb7-a12a-d464fbbb4546@group-33665066D7C7:LeaderElection8] INFO  impl.RoleInfo (RoleInfo.java:shutdownLeaderElection(134)) - 0d44471b-600b-4cb7-a12a-d464fbbb4546: shutdown LeaderElection
2019-09-25 10:59:45,041 [5d5b7118-3eba-4e8b-b91b-00faf4d5a6cf@group-EA988C94BCB7:LeaderElection7] INFO  impl.RoleInfo (RoleInfo.java:shutdownLeaderElection(134)) - 5d5b7118-3eba-4e8b-b91b-00faf4d5a6cf: shutdown LeaderElection
2019-09-25 10:59:45,042 [0d44471b-600b-4cb7-a12a-d464fbbb4546@group-33665066D7C7:LeaderElection8] INFO  impl.RaftServerImpl (RaftServerImpl.java:setRole(174)) - 0d44471b-600b-4cb7-a12a-d464fbbb4546@group-33665066D7C7: changes role from CANDIDATE to LEADER at term 1 for changeToLeader
2019-09-25 10:59:45,042 [5d5b7118-3eba-4e8b-b91b-00faf4d5a6cf@group-EA988C94BCB7:LeaderElection7] INFO  impl.RaftServerImpl (RaftServerImpl.java:setRole(174)) - 5d5b7118-3eba-4e8b-b91b-00faf4d5a6cf@group-EA988C94BCB7: changes role from CANDIDATE to LEADER at term 1 for changeToLeader
2019-09-25 10:59:45,042 [0d44471b-600b-4cb7-a12a-d464fbbb4546@group-33665066D7C7:LeaderElection8] INFO  impl.RaftServerImpl (ServerState.java:setLeader(253)) - 0d44471b-600b-4cb7-a12a-d464fbbb4546@group-33665066D7C7: change Leader from null to 0d44471b-600b-4cb7-a12a-d464fbbb4546 at term 1 for becomeLeader, leader elected after 5080ms
2019-09-25 10:59:45,042 [5d5b7118-3eba-4e8b-b91b-00faf4d5a6cf@group-EA988C94BCB7:LeaderElection7] INFO  impl.RaftServerImpl (ServerState.java:setLeader(253)) - 5d5b7118-3eba-4e8b-b91b-00faf4d5a6cf@group-EA988C94BCB7: change Leader from null to 5d5b7118-3eba-4e8b-b91b-00faf4d5a6cf at term 1 for becomeLeader, leader elected after 5134ms
2019-09-25 10:59:45,042 [0d44471b-600b-4cb7-a12a-d464fbbb4546@group-33665066D7C7:LeaderElection8] INFO  server.RaftServerConfigKeys (ConfUtils.java:logGet(43)) - raft.server.staging.catchup.gap = 1000 (default)
2019-09-25 10:59:45,042 [5d5b7118-3eba-4e8b-b91b-00faf4d5a6cf@group-EA988C94BCB7:LeaderElection7] INFO  server.RaftServerConfigKeys (ConfUtils.java:logGet(43)) - raft.server.staging.catchup.gap = 1000 (default)
2019-09-25 10:59:45,042 [0d44471b-600b-4cb7-a12a-d464fbbb4546@group-33665066D7C7:LeaderElection8] INFO  server.RaftServerConfigKeys (ConfUtils.java:logGet(43)) - raft.server.rpc.sleep.time = 25ms (default)
2019-09-25 10:59:45,043 [5d5b7118-3eba-4e8b-b91b-00faf4d5a6cf@group-EA988C94BCB7:LeaderElection7] INFO  server.RaftServerConfigKeys (ConfUtils.java:logGet(43)) - raft.server.rpc.sleep.time = 25ms (default)
2019-09-25 10:59:45,043 [0d44471b-600b-4cb7-a12a-d464fbbb4546@group-33665066D7C7:LeaderElection8] INFO  server.RaftServerConfigKeys (ConfUtils.java:logGet(43)) - raft.server.write.element-limit = 4096 (default)
2019-09-25 10:59:45,043 [5d5b7118-3eba-4e8b-b91b-00faf4d5a6cf@group-EA988C94BCB7:LeaderElection7] INFO  server.RaftServerConfigKeys (ConfUtils.java:logGet(43)) - raft.server.write.element-limit = 4096 (default)
2019-09-25 10:59:45,043 [0d44471b-600b-4cb7-a12a-d464fbbb4546@group-33665066D7C7:LeaderElection8] INFO  server.RaftServerConfigKeys (ConfUtils.java:logGet(43)) - raft.server.watch.timeout = 10s (default)
2019-09-25 10:59:45,043 [5d5b7118-3eba-4e8b-b91b-00faf4d5a6cf@group-EA988C94BCB7:LeaderElection7] INFO  server.RaftServerConfigKeys (ConfUtils.java:logGet(43)) - raft.server.watch.timeout = 10s (default)
2019-09-25 10:59:45,043 [0d44471b-600b-4cb7-a12a-d464fbbb4546@group-33665066D7C7:LeaderElection8] INFO  server.RaftServerConfigKeys (ConfUtils.java:logGet(43)) - raft.server.watch.timeout.denomination = 1s (default)
2019-09-25 10:59:45,044 [5d5b7118-3eba-4e8b-b91b-00faf4d5a6cf@group-EA988C94BCB7:LeaderElection7] INFO  server.RaftServerConfigKeys (ConfUtils.java:logGet(43)) - raft.server.watch.timeout.denomination = 1s (default)
2019-09-25 10:59:45,044 [0d44471b-600b-4cb7-a12a-d464fbbb4546@group-33665066D7C7:LeaderElection8] INFO  server.RaftServerConfigKeys (ConfUtils.java:logGet(43)) - raft.server.watch.element-limit = 65536 (default)
2019-09-25 10:59:45,044 [5d5b7118-3eba-4e8b-b91b-00faf4d5a6cf@group-EA988C94BCB7:LeaderElection7] INFO  server.RaftServerConfigKeys (ConfUtils.java:logGet(43)) - raft.server.watch.element-limit = 65536 (default)
2019-09-25 10:59:45,047 [0d44471b-600b-4cb7-a12a-d464fbbb4546@group-33665066D7C7:LeaderElection8] INFO  impl.RoleInfo (RoleInfo.java:updateAndGet(143)) - 0d44471b-600b-4cb7-a12a-d464fbbb4546: start LeaderState
2019-09-25 10:59:45,048 [0d44471b-600b-4cb7-a12a-d464fbbb4546@group-33665066D7C7:LeaderElection8] INFO  segmented.SegmentedRaftLogWorker (SegmentedRaftLogWorker.java:startLogSegment(380)) - 0d44471b-600b-4cb7-a12a-d464fbbb4546@group-33665066D7C7-SegmentedRaftLogWorker: Starting segment from index:0
2019-09-25 10:59:45,048 [5d5b7118-3eba-4e8b-b91b-00faf4d5a6cf@group-EA988C94BCB7:LeaderElection7] INFO  impl.RoleInfo (RoleInfo.java:updateAndGet(143)) - 5d5b7118-3eba-4e8b-b91b-00faf4d5a6cf: start LeaderState
2019-09-25 10:59:45,048 [Thread-207] INFO  impl.FollowerState (FollowerState.java:run(106)) - 5d5b7118-3eba-4e8b-b91b-00faf4d5a6cf:group-5729DF1F3FE5 changes to CANDIDATE, lastRpcTime:5009, electionTimeout:5009ms
2019-09-25 10:59:45,048 [5d5b7118-3eba-4e8b-b91b-00faf4d5a6cf@group-EA988C94BCB7:LeaderElection7] INFO  segmented.SegmentedRaftLogWorker (SegmentedRaftLogWorker.java:startLogSegment(380)) - 5d5b7118-3eba-4e8b-b91b-00faf4d5a6cf@group-EA988C94BCB7-SegmentedRaftLogWorker: Starting segment from index:0
2019-09-25 10:59:45,048 [0d44471b-600b-4cb7-a12a-d464fbbb4546@group-33665066D7C7:LeaderElection8] INFO  impl.RaftServerImpl (ServerState.java:setRaftConf(354)) - 0d44471b-600b-4cb7-a12a-d464fbbb4546@group-33665066D7C7: set configuration 0: [0d44471b-600b-4cb7-a12a-d464fbbb4546:192.168.30.6:37450], old=null at 0
2019-09-25 10:59:45,048 [Thread-207] INFO  impl.RoleInfo (RoleInfo.java:shutdownFollowerState(121)) - 5d5b7118-3eba-4e8b-b91b-00faf4d5a6cf: shutdown FollowerState
2019-09-25 10:59:45,049 [Thread-207] INFO  impl.RaftServerImpl (RaftServerImpl.java:setRole(174)) - 5d5b7118-3eba-4e8b-b91b-00faf4d5a6cf@group-5729DF1F3FE5: changes role from  FOLLOWER to CANDIDATE at term 0 for changeToCandidate
2019-09-25 10:59:45,074 [5d5b7118-3eba-4e8b-b91b-00faf4d5a6cf@group-EA988C94BCB7:LeaderElection7] INFO  impl.RaftServerImpl (ServerState.java:setRaftConf(354)) - 5d5b7118-3eba-4e8b-b91b-00faf4d5a6cf@group-EA988C94BCB7: set configuration 0: [5d5b7118-3eba-4e8b-b91b-00faf4d5a6cf:192.168.30.6:42549], old=null at 0
2019-09-25 10:59:45,074 [Thread-207] INFO  impl.RoleInfo (RoleInfo.java:updateAndGet(143)) - 5d5b7118-3eba-4e8b-b91b-00faf4d5a6cf: start LeaderElection
2019-09-25 10:59:45,104 [0d44471b-600b-4cb7-a12a-d464fbbb4546@group-33665066D7C7-SegmentedRaftLogWorker] INFO  segmented.SegmentedRaftLogWorker (SegmentedRaftLogWorker.java:execute(569)) - 0d44471b-600b-4cb7-a12a-d464fbbb4546@group-33665066D7C7-SegmentedRaftLogWorker: created new log segment /workdir/hadoop-ozone/integration-test/target/test-dir/MiniOzoneClusterImpl-110f9f20-3804-4026-bd60-0a894b7be794/datanode-2/data/ratis/d2d62722-9217-4de4-bf85-33665066d7c7/current/log_inprogress_0
2019-09-25 10:59:45,108 [5d5b7118-3eba-4e8b-b91b-00faf4d5a6cf@group-EA988C94BCB7-SegmentedRaftLogWorker] INFO  segmented.SegmentedRaftLogWorker (SegmentedRaftLogWorker.java:execute(569)) - 5d5b7118-3eba-4e8b-b91b-00faf4d5a6cf@group-EA988C94BCB7-SegmentedRaftLogWorker: created new log segment /workdir/hadoop-ozone/integration-test/target/test-dir/MiniOzoneClusterImpl-110f9f20-3804-4026-bd60-0a894b7be794/datanode-1/data/ratis/5f7b2088-c360-42e2-a748-ea988c94bcb7/current/log_inprogress_0
2019-09-25 10:59:45,112 [5d5b7118-3eba-4e8b-b91b-00faf4d5a6cf@group-5729DF1F3FE5:LeaderElection9] INFO  impl.LeaderElection (LeaderElection.java:askForVotes(182)) - 5d5b7118-3eba-4e8b-b91b-00faf4d5a6cf@group-5729DF1F3FE5:LeaderElection9: begin an election at term 1 for -1: [5d5b7118-3eba-4e8b-b91b-00faf4d5a6cf:192.168.30.6:42549], old=null
2019-09-25 10:59:45,112 [5d5b7118-3eba-4e8b-b91b-00faf4d5a6cf@group-5729DF1F3FE5:LeaderElection9] INFO  impl.RoleInfo (RoleInfo.java:shutdownLeaderElection(134)) - 5d5b7118-3eba-4e8b-b91b-00faf4d5a6cf: shutdown LeaderElection
2019-09-25 10:59:45,112 [5d5b7118-3eba-4e8b-b91b-00faf4d5a6cf@group-5729DF1F3FE5:LeaderElection9] INFO  impl.RaftServerImpl (RaftServerImpl.java:setRole(174)) - 5d5b7118-3eba-4e8b-b91b-00faf4d5a6cf@group-5729DF1F3FE5: changes role from CANDIDATE to LEADER at term 1 for changeToLeader
2019-09-25 10:59:45,112 [5d5b7118-3eba-4e8b-b91b-00faf4d5a6cf@group-5729DF1F3FE5:LeaderElection9] INFO  impl.RaftServerImpl (ServerState.java:setLeader(253)) - 5d5b7118-3eba-4e8b-b91b-00faf4d5a6cf@group-5729DF1F3FE5: change Leader from null to 5d5b7118-3eba-4e8b-b91b-00faf4d5a6cf at term 1 for becomeLeader, leader elected after 5082ms
2019-09-25 10:59:45,112 [5d5b7118-3eba-4e8b-b91b-00faf4d5a6cf@group-5729DF1F3FE5:LeaderElection9] INFO  server.RaftServerConfigKeys (ConfUtils.java:logGet(43)) - raft.server.staging.catchup.gap = 1000 (default)
2019-09-25 10:59:45,112 [5d5b7118-3eba-4e8b-b91b-00faf4d5a6cf@group-5729DF1F3FE5:LeaderElection9] INFO  server.RaftServerConfigKeys (ConfUtils.java:logGet(43)) - raft.server.rpc.sleep.time = 25ms (default)
2019-09-25 10:59:45,113 [5d5b7118-3eba-4e8b-b91b-00faf4d5a6cf@group-5729DF1F3FE5:LeaderElection9] INFO  server.RaftServerConfigKeys (ConfUtils.java:logGet(43)) - raft.server.write.element-limit = 4096 (default)
2019-09-25 10:59:45,113 [5d5b7118-3eba-4e8b-b91b-00faf4d5a6cf@group-5729DF1F3FE5:LeaderElection9] INFO  server.RaftServerConfigKeys (ConfUtils.java:logGet(43)) - raft.server.watch.timeout = 10s (default)
2019-09-25 10:59:45,113 [5d5b7118-3eba-4e8b-b91b-00faf4d5a6cf@group-5729DF1F3FE5:LeaderElection9] INFO  server.RaftServerConfigKeys (ConfUtils.java:logGet(43)) - raft.server.watch.timeout.denomination = 1s (default)
2019-09-25 10:59:45,113 [5d5b7118-3eba-4e8b-b91b-00faf4d5a6cf@group-5729DF1F3FE5:LeaderElection9] INFO  server.RaftServerConfigKeys (ConfUtils.java:logGet(43)) - raft.server.watch.element-limit = 65536 (default)
2019-09-25 10:59:45,116 [5d5b7118-3eba-4e8b-b91b-00faf4d5a6cf@group-5729DF1F3FE5:LeaderElection9] INFO  impl.RoleInfo (RoleInfo.java:updateAndGet(143)) - 5d5b7118-3eba-4e8b-b91b-00faf4d5a6cf: start LeaderState
2019-09-25 10:59:45,117 [5d5b7118-3eba-4e8b-b91b-00faf4d5a6cf@group-5729DF1F3FE5:LeaderElection9] INFO  segmented.SegmentedRaftLogWorker (SegmentedRaftLogWorker.java:startLogSegment(380)) - 5d5b7118-3eba-4e8b-b91b-00faf4d5a6cf@group-5729DF1F3FE5-SegmentedRaftLogWorker: Starting segment from index:0
2019-09-25 10:59:45,118 [5d5b7118-3eba-4e8b-b91b-00faf4d5a6cf@group-5729DF1F3FE5:LeaderElection9] INFO  impl.RaftServerImpl (ServerState.java:setRaftConf(354)) - 5d5b7118-3eba-4e8b-b91b-00faf4d5a6cf@group-5729DF1F3FE5: set configuration 0: [5d5b7118-3eba-4e8b-b91b-00faf4d5a6cf:192.168.30.6:42549], old=null at 0
2019-09-25 10:59:45,149 [5d5b7118-3eba-4e8b-b91b-00faf4d5a6cf@group-5729DF1F3FE5-SegmentedRaftLogWorker] INFO  segmented.SegmentedRaftLogWorker (SegmentedRaftLogWorker.java:execute(569)) - 5d5b7118-3eba-4e8b-b91b-00faf4d5a6cf@group-5729DF1F3FE5-SegmentedRaftLogWorker: created new log segment /workdir/hadoop-ozone/integration-test/target/test-dir/MiniOzoneClusterImpl-110f9f20-3804-4026-bd60-0a894b7be794/datanode-1/data/ratis/d649f881-f8fd-4b9c-8f15-5729df1f3fe5/current/log_inprogress_0
2019-09-25 10:59:45,184 [Thread-210] INFO  impl.FollowerState (FollowerState.java:run(106)) - 0d44471b-600b-4cb7-a12a-d464fbbb4546:group-C1A5AC423E24 changes to CANDIDATE, lastRpcTime:5079, electionTimeout:5079ms
2019-09-25 10:59:45,184 [Thread-210] INFO  impl.RoleInfo (RoleInfo.java:shutdownFollowerState(121)) - 0d44471b-600b-4cb7-a12a-d464fbbb4546: shutdown FollowerState
2019-09-25 10:59:45,184 [Thread-210] INFO  impl.RaftServerImpl (RaftServerImpl.java:setRole(174)) - 0d44471b-600b-4cb7-a12a-d464fbbb4546@group-C1A5AC423E24: changes role from  FOLLOWER to CANDIDATE at term 0 for changeToCandidate
2019-09-25 10:59:45,184 [Thread-210] INFO  impl.RoleInfo (RoleInfo.java:updateAndGet(143)) - 0d44471b-600b-4cb7-a12a-d464fbbb4546: start LeaderElection
2019-09-25 10:59:45,195 [0d44471b-600b-4cb7-a12a-d464fbbb4546@group-C1A5AC423E24:LeaderElection10] INFO  impl.LeaderElection (LeaderElection.java:askForVotes(182)) - 0d44471b-600b-4cb7-a12a-d464fbbb4546@group-C1A5AC423E24:LeaderElection10: begin an election at term 1 for -1: [0d44471b-600b-4cb7-a12a-d464fbbb4546:192.168.30.6:37450], old=null
2019-09-25 10:59:45,195 [0d44471b-600b-4cb7-a12a-d464fbbb4546@group-C1A5AC423E24:LeaderElection10] INFO  impl.RoleInfo (RoleInfo.java:shutdownLeaderElection(134)) - 0d44471b-600b-4cb7-a12a-d464fbbb4546: shutdown LeaderElection
2019-09-25 10:59:45,195 [0d44471b-600b-4cb7-a12a-d464fbbb4546@group-C1A5AC423E24:LeaderElection10] INFO  impl.RaftServerImpl (RaftServerImpl.java:setRole(174)) - 0d44471b-600b-4cb7-a12a-d464fbbb4546@group-C1A5AC423E24: changes role from CANDIDATE to LEADER at term 1 for changeToLeader
2019-09-25 10:59:45,195 [0d44471b-600b-4cb7-a12a-d464fbbb4546@group-C1A5AC423E24:LeaderElection10] INFO  impl.RaftServerImpl (ServerState.java:setLeader(253)) - 0d44471b-600b-4cb7-a12a-d464fbbb4546@group-C1A5AC423E24: change Leader from null to 0d44471b-600b-4cb7-a12a-d464fbbb4546 at term 1 for becomeLeader, leader elected after 5098ms
2019-09-25 10:59:45,195 [0d44471b-600b-4cb7-a12a-d464fbbb4546@group-C1A5AC423E24:LeaderElection10] INFO  server.RaftServerConfigKeys (ConfUtils.java:logGet(43)) - raft.server.staging.catchup.gap = 1000 (default)
2019-09-25 10:59:45,196 [0d44471b-600b-4cb7-a12a-d464fbbb4546@group-C1A5AC423E24:LeaderElection10] INFO  server.RaftServerConfigKeys (ConfUtils.java:logGet(43)) - raft.server.rpc.sleep.time = 25ms (default)
2019-09-25 10:59:45,196 [0d44471b-600b-4cb7-a12a-d464fbbb4546@group-C1A5AC423E24:LeaderElection10] INFO  server.RaftServerConfigKeys (ConfUtils.java:logGet(43)) - raft.server.write.element-limit = 4096 (default)
2019-09-25 10:59:45,196 [0d44471b-600b-4cb7-a12a-d464fbbb4546@group-C1A5AC423E24:LeaderElection10] INFO  server.RaftServerConfigKeys (ConfUtils.java:logGet(43)) - raft.server.watch.timeout = 10s (default)
2019-09-25 10:59:45,196 [0d44471b-600b-4cb7-a12a-d464fbbb4546@group-C1A5AC423E24:LeaderElection10] INFO  server.RaftServerConfigKeys (ConfUtils.java:logGet(43)) - raft.server.watch.timeout.denomination = 1s (default)
2019-09-25 10:59:45,196 [0d44471b-600b-4cb7-a12a-d464fbbb4546@group-C1A5AC423E24:LeaderElection10] INFO  server.RaftServerConfigKeys (ConfUtils.java:logGet(43)) - raft.server.watch.element-limit = 65536 (default)
2019-09-25 10:59:45,199 [0d44471b-600b-4cb7-a12a-d464fbbb4546@group-C1A5AC423E24:LeaderElection10] INFO  impl.RoleInfo (RoleInfo.java:updateAndGet(143)) - 0d44471b-600b-4cb7-a12a-d464fbbb4546: start LeaderState
2019-09-25 10:59:45,199 [0d44471b-600b-4cb7-a12a-d464fbbb4546@group-C1A5AC423E24:LeaderElection10] INFO  segmented.SegmentedRaftLogWorker (SegmentedRaftLogWorker.java:startLogSegment(380)) - 0d44471b-600b-4cb7-a12a-d464fbbb4546@group-C1A5AC423E24-SegmentedRaftLogWorker: Starting segment from index:0
2019-09-25 10:59:45,200 [0d44471b-600b-4cb7-a12a-d464fbbb4546@group-C1A5AC423E24:LeaderElection10] INFO  impl.RaftServerImpl (ServerState.java:setRaftConf(354)) - 0d44471b-600b-4cb7-a12a-d464fbbb4546@group-C1A5AC423E24: set configuration 0: [0d44471b-600b-4cb7-a12a-d464fbbb4546:192.168.30.6:37450], old=null at 0
2019-09-25 10:59:45,234 [0d44471b-600b-4cb7-a12a-d464fbbb4546@group-C1A5AC423E24-SegmentedRaftLogWorker] INFO  segmented.SegmentedRaftLogWorker (SegmentedRaftLogWorker.java:execute(569)) - 0d44471b-600b-4cb7-a12a-d464fbbb4546@group-C1A5AC423E24-SegmentedRaftLogWorker: created new log segment /workdir/hadoop-ozone/integration-test/target/test-dir/MiniOzoneClusterImpl-110f9f20-3804-4026-bd60-0a894b7be794/datanode-2/data/ratis/07050749-c6de-4e8f-87fa-c1a5ac423e24/current/log_inprogress_0
2019-09-25 10:59:45,339 [Thread-216] INFO  impl.FollowerState (FollowerState.java:run(106)) - f2525173-cb6f-4e19-b7a8-94fd7e94e7f3:group-3CC652885F59 changes to CANDIDATE, lastRpcTime:5125, electionTimeout:5125ms
2019-09-25 10:59:45,340 [Thread-216] INFO  impl.RoleInfo (RoleInfo.java:shutdownFollowerState(121)) - f2525173-cb6f-4e19-b7a8-94fd7e94e7f3: shutdown FollowerState
2019-09-25 10:59:45,340 [Thread-216] INFO  impl.RaftServerImpl (RaftServerImpl.java:setRole(174)) - f2525173-cb6f-4e19-b7a8-94fd7e94e7f3@group-3CC652885F59: changes role from  FOLLOWER to CANDIDATE at term 0 for changeToCandidate
2019-09-25 10:59:45,340 [Thread-216] INFO  impl.RoleInfo (RoleInfo.java:updateAndGet(143)) - f2525173-cb6f-4e19-b7a8-94fd7e94e7f3: start LeaderElection
2019-09-25 10:59:45,343 [Thread-213] INFO  impl.FollowerState (FollowerState.java:run(106)) - 5d5b7118-3eba-4e8b-b91b-00faf4d5a6cf:group-E4B130FCE93E changes to CANDIDATE, lastRpcTime:5184, electionTimeout:5184ms
2019-09-25 10:59:45,344 [Thread-213] INFO  impl.RoleInfo (RoleInfo.java:shutdownFollowerState(121)) - 5d5b7118-3eba-4e8b-b91b-00faf4d5a6cf: shutdown FollowerState
2019-09-25 10:59:45,344 [Thread-213] INFO  impl.RaftServerImpl (RaftServerImpl.java:setRole(174)) - 5d5b7118-3eba-4e8b-b91b-00faf4d5a6cf@group-E4B130FCE93E: changes role from  FOLLOWER to CANDIDATE at term 0 for changeToCandidate
2019-09-25 10:59:45,344 [Thread-213] INFO  impl.RoleInfo (RoleInfo.java:updateAndGet(143)) - 5d5b7118-3eba-4e8b-b91b-00faf4d5a6cf: start LeaderElection
2019-09-25 10:59:45,347 [Thread-222] INFO  impl.FollowerState (FollowerState.java:run(106)) - 0d44471b-600b-4cb7-a12a-d464fbbb4546:group-75B1C4B4F47D changes to CANDIDATE, lastRpcTime:5019, electionTimeout:5019ms
2019-09-25 10:59:45,347 [Thread-222] INFO  impl.RoleInfo (RoleInfo.java:shutdownFollowerState(121)) - 0d44471b-600b-4cb7-a12a-d464fbbb4546: shutdown FollowerState
2019-09-25 10:59:45,347 [Thread-222] INFO  impl.RaftServerImpl (RaftServerImpl.java:setRole(174)) - 0d44471b-600b-4cb7-a12a-d464fbbb4546@group-75B1C4B4F47D: changes role from  FOLLOWER to CANDIDATE at term 0 for changeToCandidate
2019-09-25 10:59:45,347 [Thread-222] INFO  impl.RoleInfo (RoleInfo.java:updateAndGet(143)) - 0d44471b-600b-4cb7-a12a-d464fbbb4546: start LeaderElection
2019-09-25 10:59:45,351 [5d5b7118-3eba-4e8b-b91b-00faf4d5a6cf@group-E4B130FCE93E:LeaderElection12] INFO  impl.LeaderElection (LeaderElection.java:askForVotes(182)) - 5d5b7118-3eba-4e8b-b91b-00faf4d5a6cf@group-E4B130FCE93E:LeaderElection12: begin an election at term 1 for -1: [5d5b7118-3eba-4e8b-b91b-00faf4d5a6cf:192.168.30.6:42549], old=null
2019-09-25 10:59:45,351 [f2525173-cb6f-4e19-b7a8-94fd7e94e7f3@group-3CC652885F59:LeaderElection11] INFO  impl.LeaderElection (LeaderElection.java:askForVotes(182)) - f2525173-cb6f-4e19-b7a8-94fd7e94e7f3@group-3CC652885F59:LeaderElection11: begin an election at term 1 for -1: [f2525173-cb6f-4e19-b7a8-94fd7e94e7f3:192.168.30.6:40876], old=null
2019-09-25 10:59:45,351 [5d5b7118-3eba-4e8b-b91b-00faf4d5a6cf@group-E4B130FCE93E:LeaderElection12] INFO  impl.RoleInfo (RoleInfo.java:shutdownLeaderElection(134)) - 5d5b7118-3eba-4e8b-b91b-00faf4d5a6cf: shutdown LeaderElection
2019-09-25 10:59:45,351 [f2525173-cb6f-4e19-b7a8-94fd7e94e7f3@group-3CC652885F59:LeaderElection11] INFO  impl.RoleInfo (RoleInfo.java:shutdownLeaderElection(134)) - f2525173-cb6f-4e19-b7a8-94fd7e94e7f3: shutdown LeaderElection
2019-09-25 10:59:45,351 [5d5b7118-3eba-4e8b-b91b-00faf4d5a6cf@group-E4B130FCE93E:LeaderElection12] INFO  impl.RaftServerImpl (RaftServerImpl.java:setRole(174)) - 5d5b7118-3eba-4e8b-b91b-00faf4d5a6cf@group-E4B130FCE93E: changes role from CANDIDATE to LEADER at term 1 for changeToLeader
2019-09-25 10:59:45,351 [f2525173-cb6f-4e19-b7a8-94fd7e94e7f3@group-3CC652885F59:LeaderElection11] INFO  impl.RaftServerImpl (RaftServerImpl.java:setRole(174)) - f2525173-cb6f-4e19-b7a8-94fd7e94e7f3@group-3CC652885F59: changes role from CANDIDATE to LEADER at term 1 for changeToLeader
2019-09-25 10:59:45,351 [5d5b7118-3eba-4e8b-b91b-00faf4d5a6cf@group-E4B130FCE93E:LeaderElection12] INFO  impl.RaftServerImpl (ServerState.java:setLeader(253)) - 5d5b7118-3eba-4e8b-b91b-00faf4d5a6cf@group-E4B130FCE93E: change Leader from null to 5d5b7118-3eba-4e8b-b91b-00faf4d5a6cf at term 1 for becomeLeader, leader elected after 5200ms
2019-09-25 10:59:45,351 [f2525173-cb6f-4e19-b7a8-94fd7e94e7f3@group-3CC652885F59:LeaderElection11] INFO  impl.RaftServerImpl (ServerState.java:setLeader(253)) - f2525173-cb6f-4e19-b7a8-94fd7e94e7f3@group-3CC652885F59: change Leader from null to f2525173-cb6f-4e19-b7a8-94fd7e94e7f3 at term 1 for becomeLeader, leader elected after 5145ms
2019-09-25 10:59:45,351 [5d5b7118-3eba-4e8b-b91b-00faf4d5a6cf@group-E4B130FCE93E:LeaderElection12] INFO  server.RaftServerConfigKeys (ConfUtils.java:logGet(43)) - raft.server.staging.catchup.gap = 1000 (default)
2019-09-25 10:59:45,351 [f2525173-cb6f-4e19-b7a8-94fd7e94e7f3@group-3CC652885F59:LeaderElection11] INFO  server.RaftServerConfigKeys (ConfUtils.java:logGet(43)) - raft.server.staging.catchup.gap = 1000 (default)
2019-09-25 10:59:45,351 [5d5b7118-3eba-4e8b-b91b-00faf4d5a6cf@group-E4B130FCE93E:LeaderElection12] INFO  server.RaftServerConfigKeys (ConfUtils.java:logGet(43)) - raft.server.rpc.sleep.time = 25ms (default)
2019-09-25 10:59:45,351 [f2525173-cb6f-4e19-b7a8-94fd7e94e7f3@group-3CC652885F59:LeaderElection11] INFO  server.RaftServerConfigKeys (ConfUtils.java:logGet(43)) - raft.server.rpc.sleep.time = 25ms (default)
2019-09-25 10:59:45,352 [5d5b7118-3eba-4e8b-b91b-00faf4d5a6cf@group-E4B130FCE93E:LeaderElection12] INFO  server.RaftServerConfigKeys (ConfUtils.java:logGet(43)) - raft.server.write.element-limit = 4096 (default)
2019-09-25 10:59:45,352 [f2525173-cb6f-4e19-b7a8-94fd7e94e7f3@group-3CC652885F59:LeaderElection11] INFO  server.RaftServerConfigKeys (ConfUtils.java:logGet(43)) - raft.server.write.element-limit = 4096 (default)
2019-09-25 10:59:45,352 [5d5b7118-3eba-4e8b-b91b-00faf4d5a6cf@group-E4B130FCE93E:LeaderElection12] INFO  server.RaftServerConfigKeys (ConfUtils.java:logGet(43)) - raft.server.watch.timeout = 10s (default)
2019-09-25 10:59:45,352 [f2525173-cb6f-4e19-b7a8-94fd7e94e7f3@group-3CC652885F59:LeaderElection11] INFO  server.RaftServerConfigKeys (ConfUtils.java:logGet(43)) - raft.server.watch.timeout = 10s (default)
2019-09-25 10:59:45,352 [5d5b7118-3eba-4e8b-b91b-00faf4d5a6cf@group-E4B130FCE93E:LeaderElection12] INFO  server.RaftServerConfigKeys (ConfUtils.java:logGet(43)) - raft.server.watch.timeout.denomination = 1s (default)
2019-09-25 10:59:45,353 [f2525173-cb6f-4e19-b7a8-94fd7e94e7f3@group-3CC652885F59:LeaderElection11] INFO  server.RaftServerConfigKeys (ConfUtils.java:logGet(43)) - raft.server.watch.timeout.denomination = 1s (default)
2019-09-25 10:59:45,353 [5d5b7118-3eba-4e8b-b91b-00faf4d5a6cf@group-E4B130FCE93E:LeaderElection12] INFO  server.RaftServerConfigKeys (ConfUtils.java:logGet(43)) - raft.server.watch.element-limit = 65536 (default)
2019-09-25 10:59:45,353 [0d44471b-600b-4cb7-a12a-d464fbbb4546@group-75B1C4B4F47D:LeaderElection13] INFO  impl.LeaderElection (LeaderElection.java:askForVotes(182)) - 0d44471b-600b-4cb7-a12a-d464fbbb4546@group-75B1C4B4F47D:LeaderElection13: begin an election at term 1 for -1: [0d44471b-600b-4cb7-a12a-d464fbbb4546:192.168.30.6:37450], old=null
2019-09-25 10:59:45,353 [f2525173-cb6f-4e19-b7a8-94fd7e94e7f3@group-3CC652885F59:LeaderElection11] INFO  server.RaftServerConfigKeys (ConfUtils.java:logGet(43)) - raft.server.watch.element-limit = 65536 (default)
2019-09-25 10:59:45,353 [0d44471b-600b-4cb7-a12a-d464fbbb4546@group-75B1C4B4F47D:LeaderElection13] INFO  impl.RoleInfo (RoleInfo.java:shutdownLeaderElection(134)) - 0d44471b-600b-4cb7-a12a-d464fbbb4546: shutdown LeaderElection
2019-09-25 10:59:45,353 [0d44471b-600b-4cb7-a12a-d464fbbb4546@group-75B1C4B4F47D:LeaderElection13] INFO  impl.RaftServerImpl (RaftServerImpl.java:setRole(174)) - 0d44471b-600b-4cb7-a12a-d464fbbb4546@group-75B1C4B4F47D: changes role from CANDIDATE to LEADER at term 1 for changeToLeader
2019-09-25 10:59:45,353 [0d44471b-600b-4cb7-a12a-d464fbbb4546@group-75B1C4B4F47D:LeaderElection13] INFO  impl.RaftServerImpl (ServerState.java:setLeader(253)) - 0d44471b-600b-4cb7-a12a-d464fbbb4546@group-75B1C4B4F47D: change Leader from null to 0d44471b-600b-4cb7-a12a-d464fbbb4546 at term 1 for becomeLeader, leader elected after 5036ms
2019-09-25 10:59:45,354 [0d44471b-600b-4cb7-a12a-d464fbbb4546@group-75B1C4B4F47D:LeaderElection13] INFO  server.RaftServerConfigKeys (ConfUtils.java:logGet(43)) - raft.server.staging.catchup.gap = 1000 (default)
2019-09-25 10:59:45,354 [0d44471b-600b-4cb7-a12a-d464fbbb4546@group-75B1C4B4F47D:LeaderElection13] INFO  server.RaftServerConfigKeys (ConfUtils.java:logGet(43)) - raft.server.rpc.sleep.time = 25ms (default)
2019-09-25 10:59:45,354 [0d44471b-600b-4cb7-a12a-d464fbbb4546@group-75B1C4B4F47D:LeaderElection13] INFO  server.RaftServerConfigKeys (ConfUtils.java:logGet(43)) - raft.server.write.element-limit = 4096 (default)
2019-09-25 10:59:45,354 [0d44471b-600b-4cb7-a12a-d464fbbb4546@group-75B1C4B4F47D:LeaderElection13] INFO  server.RaftServerConfigKeys (ConfUtils.java:logGet(43)) - raft.server.watch.timeout = 10s (default)
2019-09-25 10:59:45,354 [0d44471b-600b-4cb7-a12a-d464fbbb4546@group-75B1C4B4F47D:LeaderElection13] INFO  server.RaftServerConfigKeys (ConfUtils.java:logGet(43)) - raft.server.watch.timeout.denomination = 1s (default)
2019-09-25 10:59:45,354 [0d44471b-600b-4cb7-a12a-d464fbbb4546@group-75B1C4B4F47D:LeaderElection13] INFO  server.RaftServerConfigKeys (ConfUtils.java:logGet(43)) - raft.server.watch.element-limit = 65536 (default)
2019-09-25 10:59:45,357 [5d5b7118-3eba-4e8b-b91b-00faf4d5a6cf@group-E4B130FCE93E:LeaderElection12] INFO  impl.RoleInfo (RoleInfo.java:updateAndGet(143)) - 5d5b7118-3eba-4e8b-b91b-00faf4d5a6cf: start LeaderState
2019-09-25 10:59:45,357 [5d5b7118-3eba-4e8b-b91b-00faf4d5a6cf@group-E4B130FCE93E:LeaderElection12] INFO  segmented.SegmentedRaftLogWorker (SegmentedRaftLogWorker.java:startLogSegment(380)) - 5d5b7118-3eba-4e8b-b91b-00faf4d5a6cf@group-E4B130FCE93E-SegmentedRaftLogWorker: Starting segment from index:0
2019-09-25 10:59:45,357 [f2525173-cb6f-4e19-b7a8-94fd7e94e7f3@group-3CC652885F59:LeaderElection11] INFO  impl.RoleInfo (RoleInfo.java:updateAndGet(143)) - f2525173-cb6f-4e19-b7a8-94fd7e94e7f3: start LeaderState
2019-09-25 10:59:45,358 [f2525173-cb6f-4e19-b7a8-94fd7e94e7f3@group-3CC652885F59:LeaderElection11] INFO  segmented.SegmentedRaftLogWorker (SegmentedRaftLogWorker.java:startLogSegment(380)) - f2525173-cb6f-4e19-b7a8-94fd7e94e7f3@group-3CC652885F59-SegmentedRaftLogWorker: Starting segment from index:0
2019-09-25 10:59:45,358 [0d44471b-600b-4cb7-a12a-d464fbbb4546@group-75B1C4B4F47D:LeaderElection13] INFO  impl.RoleInfo (RoleInfo.java:updateAndGet(143)) - 0d44471b-600b-4cb7-a12a-d464fbbb4546: start LeaderState
2019-09-25 10:59:45,358 [5d5b7118-3eba-4e8b-b91b-00faf4d5a6cf@group-E4B130FCE93E:LeaderElection12] INFO  impl.RaftServerImpl (ServerState.java:setRaftConf(354)) - 5d5b7118-3eba-4e8b-b91b-00faf4d5a6cf@group-E4B130FCE93E: set configuration 0: [5d5b7118-3eba-4e8b-b91b-00faf4d5a6cf:192.168.30.6:42549], old=null at 0
2019-09-25 10:59:45,358 [0d44471b-600b-4cb7-a12a-d464fbbb4546@group-75B1C4B4F47D:LeaderElection13] INFO  segmented.SegmentedRaftLogWorker (SegmentedRaftLogWorker.java:startLogSegment(380)) - 0d44471b-600b-4cb7-a12a-d464fbbb4546@group-75B1C4B4F47D-SegmentedRaftLogWorker: Starting segment from index:0
2019-09-25 10:59:45,384 [f2525173-cb6f-4e19-b7a8-94fd7e94e7f3@group-3CC652885F59:LeaderElection11] INFO  impl.RaftServerImpl (ServerState.java:setRaftConf(354)) - f2525173-cb6f-4e19-b7a8-94fd7e94e7f3@group-3CC652885F59: set configuration 0: [f2525173-cb6f-4e19-b7a8-94fd7e94e7f3:192.168.30.6:40876], old=null at 0
2019-09-25 10:59:45,385 [0d44471b-600b-4cb7-a12a-d464fbbb4546@group-75B1C4B4F47D:LeaderElection13] INFO  impl.RaftServerImpl (ServerState.java:setRaftConf(354)) - 0d44471b-600b-4cb7-a12a-d464fbbb4546@group-75B1C4B4F47D: set configuration 0: [0d44471b-600b-4cb7-a12a-d464fbbb4546:192.168.30.6:37450], old=null at 0
2019-09-25 10:59:45,409 [Thread-225] INFO  impl.FollowerState (FollowerState.java:run(106)) - 0d44471b-600b-4cb7-a12a-d464fbbb4546:group-BE623628F6E5 changes to CANDIDATE, lastRpcTime:5019, electionTimeout:5018ms
2019-09-25 10:59:45,410 [f2525173-cb6f-4e19-b7a8-94fd7e94e7f3@group-3CC652885F59-SegmentedRaftLogWorker] INFO  segmented.SegmentedRaftLogWorker (SegmentedRaftLogWorker.java:execute(569)) - f2525173-cb6f-4e19-b7a8-94fd7e94e7f3@group-3CC652885F59-SegmentedRaftLogWorker: created new log segment /workdir/hadoop-ozone/integration-test/target/test-dir/MiniOzoneClusterImpl-110f9f20-3804-4026-bd60-0a894b7be794/datanode-0/data/ratis/ea5415a6-3811-4460-8706-3cc652885f59/current/log_inprogress_0
2019-09-25 10:59:45,411 [Thread-225] INFO  impl.RoleInfo (RoleInfo.java:shutdownFollowerState(121)) - 0d44471b-600b-4cb7-a12a-d464fbbb4546: shutdown FollowerState
2019-09-25 10:59:45,410 [5d5b7118-3eba-4e8b-b91b-00faf4d5a6cf@group-E4B130FCE93E-SegmentedRaftLogWorker] INFO  segmented.SegmentedRaftLogWorker (SegmentedRaftLogWorker.java:execute(569)) - 5d5b7118-3eba-4e8b-b91b-00faf4d5a6cf@group-E4B130FCE93E-SegmentedRaftLogWorker: created new log segment /workdir/hadoop-ozone/integration-test/target/test-dir/MiniOzoneClusterImpl-110f9f20-3804-4026-bd60-0a894b7be794/datanode-1/data/ratis/4dac8196-9594-493a-a22f-e4b130fce93e/current/log_inprogress_0
2019-09-25 10:59:45,411 [Thread-225] INFO  impl.RaftServerImpl (RaftServerImpl.java:setRole(174)) - 0d44471b-600b-4cb7-a12a-d464fbbb4546@group-BE623628F6E5: changes role from  FOLLOWER to CANDIDATE at term 0 for changeToCandidate
2019-09-25 10:59:45,412 [Thread-225] INFO  impl.RoleInfo (RoleInfo.java:updateAndGet(143)) - 0d44471b-600b-4cb7-a12a-d464fbbb4546: start LeaderElection
2019-09-25 10:59:45,415 [Thread-219] INFO  impl.FollowerState (FollowerState.java:run(106)) - f2525173-cb6f-4e19-b7a8-94fd7e94e7f3:group-23509A408F56 changes to CANDIDATE, lastRpcTime:5142, electionTimeout:5142ms
2019-09-25 10:59:45,415 [Thread-219] INFO  impl.RoleInfo (RoleInfo.java:shutdownFollowerState(121)) - f2525173-cb6f-4e19-b7a8-94fd7e94e7f3: shutdown FollowerState
2019-09-25 10:59:45,415 [Thread-219] INFO  impl.RaftServerImpl (RaftServerImpl.java:setRole(174)) - f2525173-cb6f-4e19-b7a8-94fd7e94e7f3@group-23509A408F56: changes role from  FOLLOWER to CANDIDATE at term 0 for changeToCandidate
2019-09-25 10:59:45,415 [0d44471b-600b-4cb7-a12a-d464fbbb4546@group-75B1C4B4F47D-SegmentedRaftLogWorker] INFO  segmented.SegmentedRaftLogWorker (SegmentedRaftLogWorker.java:execute(569)) - 0d44471b-600b-4cb7-a12a-d464fbbb4546@group-75B1C4B4F47D-SegmentedRaftLogWorker: created new log segment /workdir/hadoop-ozone/integration-test/target/test-dir/MiniOzoneClusterImpl-110f9f20-3804-4026-bd60-0a894b7be794/datanode-2/data/ratis/5cee877a-3a76-4cc8-b907-75b1c4b4f47d/current/log_inprogress_0
2019-09-25 10:59:45,415 [Thread-219] INFO  impl.RoleInfo (RoleInfo.java:updateAndGet(143)) - f2525173-cb6f-4e19-b7a8-94fd7e94e7f3: start LeaderElection
2019-09-25 10:59:45,430 [0d44471b-600b-4cb7-a12a-d464fbbb4546@group-BE623628F6E5:LeaderElection14] INFO  impl.LeaderElection (LeaderElection.java:askForVotes(182)) - 0d44471b-600b-4cb7-a12a-d464fbbb4546@group-BE623628F6E5:LeaderElection14: begin an election at term 1 for -1: [0d44471b-600b-4cb7-a12a-d464fbbb4546:192.168.30.6:37450], old=null
2019-09-25 10:59:45,430 [0d44471b-600b-4cb7-a12a-d464fbbb4546@group-BE623628F6E5:LeaderElection14] INFO  impl.RoleInfo (RoleInfo.java:shutdownLeaderElection(134)) - 0d44471b-600b-4cb7-a12a-d464fbbb4546: shutdown LeaderElection
2019-09-25 10:59:45,431 [0d44471b-600b-4cb7-a12a-d464fbbb4546@group-BE623628F6E5:LeaderElection14] INFO  impl.RaftServerImpl (RaftServerImpl.java:setRole(174)) - 0d44471b-600b-4cb7-a12a-d464fbbb4546@group-BE623628F6E5: changes role from CANDIDATE to LEADER at term 1 for changeToLeader
2019-09-25 10:59:45,431 [0d44471b-600b-4cb7-a12a-d464fbbb4546@group-BE623628F6E5:LeaderElection14] INFO  impl.RaftServerImpl (ServerState.java:setLeader(253)) - 0d44471b-600b-4cb7-a12a-d464fbbb4546@group-BE623628F6E5: change Leader from null to 0d44471b-600b-4cb7-a12a-d464fbbb4546 at term 1 for becomeLeader, leader elected after 5047ms
2019-09-25 10:59:45,431 [0d44471b-600b-4cb7-a12a-d464fbbb4546@group-BE623628F6E5:LeaderElection14] INFO  server.RaftServerConfigKeys (ConfUtils.java:logGet(43)) - raft.server.staging.catchup.gap = 1000 (default)
2019-09-25 10:59:45,431 [0d44471b-600b-4cb7-a12a-d464fbbb4546@group-BE623628F6E5:LeaderElection14] INFO  server.RaftServerConfigKeys (ConfUtils.java:logGet(43)) - raft.server.rpc.sleep.time = 25ms (default)
2019-09-25 10:59:45,431 [0d44471b-600b-4cb7-a12a-d464fbbb4546@group-BE623628F6E5:LeaderElection14] INFO  server.RaftServerConfigKeys (ConfUtils.java:logGet(43)) - raft.server.write.element-limit = 4096 (default)
2019-09-25 10:59:45,431 [0d44471b-600b-4cb7-a12a-d464fbbb4546@group-BE623628F6E5:LeaderElection14] INFO  server.RaftServerConfigKeys (ConfUtils.java:logGet(43)) - raft.server.watch.timeout = 10s (default)
2019-09-25 10:59:45,431 [0d44471b-600b-4cb7-a12a-d464fbbb4546@group-BE623628F6E5:LeaderElection14] INFO  server.RaftServerConfigKeys (ConfUtils.java:logGet(43)) - raft.server.watch.timeout.denomination = 1s (default)
2019-09-25 10:59:45,431 [0d44471b-600b-4cb7-a12a-d464fbbb4546@group-BE623628F6E5:LeaderElection14] INFO  server.RaftServerConfigKeys (ConfUtils.java:logGet(43)) - raft.server.watch.element-limit = 65536 (default)
2019-09-25 10:59:45,433 [f2525173-cb6f-4e19-b7a8-94fd7e94e7f3@group-23509A408F56:LeaderElection15] INFO  impl.LeaderElection (LeaderElection.java:askForVotes(182)) - f2525173-cb6f-4e19-b7a8-94fd7e94e7f3@group-23509A408F56:LeaderElection15: begin an election at term 1 for -1: [f2525173-cb6f-4e19-b7a8-94fd7e94e7f3:192.168.30.6:40876], old=null
2019-09-25 10:59:45,433 [f2525173-cb6f-4e19-b7a8-94fd7e94e7f3@group-23509A408F56:LeaderElection15] INFO  impl.RoleInfo (RoleInfo.java:shutdownLeaderElection(134)) - f2525173-cb6f-4e19-b7a8-94fd7e94e7f3: shutdown LeaderElection
2019-09-25 10:59:45,433 [f2525173-cb6f-4e19-b7a8-94fd7e94e7f3@group-23509A408F56:LeaderElection15] INFO  impl.RaftServerImpl (RaftServerImpl.java:setRole(174)) - f2525173-cb6f-4e19-b7a8-94fd7e94e7f3@group-23509A408F56: changes role from CANDIDATE to LEADER at term 1 for changeToLeader
2019-09-25 10:59:45,433 [0d44471b-600b-4cb7-a12a-d464fbbb4546@group-BE623628F6E5:LeaderElection14] INFO  impl.RoleInfo (RoleInfo.java:updateAndGet(143)) - 0d44471b-600b-4cb7-a12a-d464fbbb4546: start LeaderState
2019-09-25 10:59:45,434 [f2525173-cb6f-4e19-b7a8-94fd7e94e7f3@group-23509A408F56:LeaderElection15] INFO  impl.RaftServerImpl (ServerState.java:setLeader(253)) - f2525173-cb6f-4e19-b7a8-94fd7e94e7f3@group-23509A408F56: change Leader from null to f2525173-cb6f-4e19-b7a8-94fd7e94e7f3 at term 1 for becomeLeader, leader elected after 5169ms
2019-09-25 10:59:45,434 [f2525173-cb6f-4e19-b7a8-94fd7e94e7f3@group-23509A408F56:LeaderElection15] INFO  server.RaftServerConfigKeys (ConfUtils.java:logGet(43)) - raft.server.staging.catchup.gap = 1000 (default)
2019-09-25 10:59:45,434 [0d44471b-600b-4cb7-a12a-d464fbbb4546@group-BE623628F6E5:LeaderElection14] INFO  segmented.SegmentedRaftLogWorker (SegmentedRaftLogWorker.java:startLogSegment(380)) - 0d44471b-600b-4cb7-a12a-d464fbbb4546@group-BE623628F6E5-SegmentedRaftLogWorker: Starting segment from index:0
2019-09-25 10:59:45,434 [f2525173-cb6f-4e19-b7a8-94fd7e94e7f3@group-23509A408F56:LeaderElection15] INFO  server.RaftServerConfigKeys (ConfUtils.java:logGet(43)) - raft.server.rpc.sleep.time = 25ms (default)
2019-09-25 10:59:45,434 [0d44471b-600b-4cb7-a12a-d464fbbb4546@group-BE623628F6E5:LeaderElection14] INFO  impl.RaftServerImpl (ServerState.java:setRaftConf(354)) - 0d44471b-600b-4cb7-a12a-d464fbbb4546@group-BE623628F6E5: set configuration 0: [0d44471b-600b-4cb7-a12a-d464fbbb4546:192.168.30.6:37450], old=null at 0
2019-09-25 10:59:45,434 [f2525173-cb6f-4e19-b7a8-94fd7e94e7f3@group-23509A408F56:LeaderElection15] INFO  server.RaftServerConfigKeys (ConfUtils.java:logGet(43)) - raft.server.write.element-limit = 4096 (default)
2019-09-25 10:59:45,456 [f2525173-cb6f-4e19-b7a8-94fd7e94e7f3@group-23509A408F56:LeaderElection15] INFO  server.RaftServerConfigKeys (ConfUtils.java:logGet(43)) - raft.server.watch.timeout = 10s (default)
2019-09-25 10:59:45,456 [f2525173-cb6f-4e19-b7a8-94fd7e94e7f3@group-23509A408F56:LeaderElection15] INFO  server.RaftServerConfigKeys (ConfUtils.java:logGet(43)) - raft.server.watch.timeout.denomination = 1s (default)
2019-09-25 10:59:45,457 [f2525173-cb6f-4e19-b7a8-94fd7e94e7f3@group-23509A408F56:LeaderElection15] INFO  server.RaftServerConfigKeys (ConfUtils.java:logGet(43)) - raft.server.watch.element-limit = 65536 (default)
2019-09-25 10:59:45,459 [f2525173-cb6f-4e19-b7a8-94fd7e94e7f3@group-23509A408F56:LeaderElection15] INFO  impl.RoleInfo (RoleInfo.java:updateAndGet(143)) - f2525173-cb6f-4e19-b7a8-94fd7e94e7f3: start LeaderState
2019-09-25 10:59:45,459 [f2525173-cb6f-4e19-b7a8-94fd7e94e7f3@group-23509A408F56:LeaderElection15] INFO  segmented.SegmentedRaftLogWorker (SegmentedRaftLogWorker.java:startLogSegment(380)) - f2525173-cb6f-4e19-b7a8-94fd7e94e7f3@group-23509A408F56-SegmentedRaftLogWorker: Starting segment from index:0
2019-09-25 10:59:45,460 [f2525173-cb6f-4e19-b7a8-94fd7e94e7f3@group-23509A408F56:LeaderElection15] INFO  impl.RaftServerImpl (ServerState.java:setRaftConf(354)) - f2525173-cb6f-4e19-b7a8-94fd7e94e7f3@group-23509A408F56: set configuration 0: [f2525173-cb6f-4e19-b7a8-94fd7e94e7f3:192.168.30.6:40876], old=null at 0
2019-09-25 10:59:45,464 [0d44471b-600b-4cb7-a12a-d464fbbb4546@group-BE623628F6E5-SegmentedRaftLogWorker] INFO  segmented.SegmentedRaftLogWorker (SegmentedRaftLogWorker.java:execute(569)) - 0d44471b-600b-4cb7-a12a-d464fbbb4546@group-BE623628F6E5-SegmentedRaftLogWorker: created new log segment /workdir/hadoop-ozone/integration-test/target/test-dir/MiniOzoneClusterImpl-110f9f20-3804-4026-bd60-0a894b7be794/datanode-2/data/ratis/1d6b58cb-64ab-49b6-a1c7-be623628f6e5/current/log_inprogress_0
2019-09-25 10:59:45,498 [f2525173-cb6f-4e19-b7a8-94fd7e94e7f3@group-23509A408F56-SegmentedRaftLogWorker] INFO  segmented.SegmentedRaftLogWorker (SegmentedRaftLogWorker.java:execute(569)) - f2525173-cb6f-4e19-b7a8-94fd7e94e7f3@group-23509A408F56-SegmentedRaftLogWorker: created new log segment /workdir/hadoop-ozone/integration-test/target/test-dir/MiniOzoneClusterImpl-110f9f20-3804-4026-bd60-0a894b7be794/datanode-0/data/ratis/06c446fb-a431-4cf9-9425-23509a408f56/current/log_inprogress_0
2019-09-25 10:59:45,514 [Thread-228] INFO  impl.FollowerState (FollowerState.java:run(106)) - 0d44471b-600b-4cb7-a12a-d464fbbb4546:group-6A46FA499425 changes to CANDIDATE, lastRpcTime:5077, electionTimeout:5076ms
2019-09-25 10:59:45,515 [Thread-228] INFO  impl.RoleInfo (RoleInfo.java:shutdownFollowerState(121)) - 0d44471b-600b-4cb7-a12a-d464fbbb4546: shutdown FollowerState
2019-09-25 10:59:45,515 [Thread-228] INFO  impl.RaftServerImpl (RaftServerImpl.java:setRole(174)) - 0d44471b-600b-4cb7-a12a-d464fbbb4546@group-6A46FA499425: changes role from  FOLLOWER to CANDIDATE at term 0 for changeToCandidate
2019-09-25 10:59:45,515 [Thread-228] INFO  impl.RoleInfo (RoleInfo.java:updateAndGet(143)) - 0d44471b-600b-4cb7-a12a-d464fbbb4546: start LeaderElection
2019-09-25 10:59:45,518 [Thread-231] INFO  impl.FollowerState (FollowerState.java:run(106)) - f2525173-cb6f-4e19-b7a8-94fd7e94e7f3:group-2494F24B4D8A changes to CANDIDATE, lastRpcTime:5024, electionTimeout:5024ms
2019-09-25 10:59:45,518 [Thread-231] INFO  impl.RoleInfo (RoleInfo.java:shutdownFollowerState(121)) - f2525173-cb6f-4e19-b7a8-94fd7e94e7f3: shutdown FollowerState
2019-09-25 10:59:45,518 [Thread-231] INFO  impl.RaftServerImpl (RaftServerImpl.java:setRole(174)) - f2525173-cb6f-4e19-b7a8-94fd7e94e7f3@group-2494F24B4D8A: changes role from  FOLLOWER to CANDIDATE at term 0 for changeToCandidate
2019-09-25 10:59:45,519 [Thread-231] INFO  impl.RoleInfo (RoleInfo.java:updateAndGet(143)) - f2525173-cb6f-4e19-b7a8-94fd7e94e7f3: start LeaderElection
2019-09-25 10:59:45,532 [f2525173-cb6f-4e19-b7a8-94fd7e94e7f3@group-2494F24B4D8A:LeaderElection17] INFO  impl.LeaderElection (LeaderElection.java:askForVotes(182)) - f2525173-cb6f-4e19-b7a8-94fd7e94e7f3@group-2494F24B4D8A:LeaderElection17: begin an election at term 1 for -1: [f2525173-cb6f-4e19-b7a8-94fd7e94e7f3:192.168.30.6:40876], old=null
2019-09-25 10:59:45,532 [0d44471b-600b-4cb7-a12a-d464fbbb4546@group-6A46FA499425:LeaderElection16] INFO  impl.LeaderElection (LeaderElection.java:askForVotes(182)) - 0d44471b-600b-4cb7-a12a-d464fbbb4546@group-6A46FA499425:LeaderElection16: begin an election at term 1 for -1: [0d44471b-600b-4cb7-a12a-d464fbbb4546:192.168.30.6:37450], old=null
2019-09-25 10:59:45,532 [f2525173-cb6f-4e19-b7a8-94fd7e94e7f3@group-2494F24B4D8A:LeaderElection17] INFO  impl.RoleInfo (RoleInfo.java:shutdownLeaderElection(134)) - f2525173-cb6f-4e19-b7a8-94fd7e94e7f3: shutdown LeaderElection
2019-09-25 10:59:45,532 [0d44471b-600b-4cb7-a12a-d464fbbb4546@group-6A46FA499425:LeaderElection16] INFO  impl.RoleInfo (RoleInfo.java:shutdownLeaderElection(134)) - 0d44471b-600b-4cb7-a12a-d464fbbb4546: shutdown LeaderElection
2019-09-25 10:59:45,532 [f2525173-cb6f-4e19-b7a8-94fd7e94e7f3@group-2494F24B4D8A:LeaderElection17] INFO  impl.RaftServerImpl (RaftServerImpl.java:setRole(174)) - f2525173-cb6f-4e19-b7a8-94fd7e94e7f3@group-2494F24B4D8A: changes role from CANDIDATE to LEADER at term 1 for changeToLeader
2019-09-25 10:59:45,532 [0d44471b-600b-4cb7-a12a-d464fbbb4546@group-6A46FA499425:LeaderElection16] INFO  impl.RaftServerImpl (RaftServerImpl.java:setRole(174)) - 0d44471b-600b-4cb7-a12a-d464fbbb4546@group-6A46FA499425: changes role from CANDIDATE to LEADER at term 1 for changeToLeader
2019-09-25 10:59:45,532 [f2525173-cb6f-4e19-b7a8-94fd7e94e7f3@group-2494F24B4D8A:LeaderElection17] INFO  impl.RaftServerImpl (ServerState.java:setLeader(253)) - f2525173-cb6f-4e19-b7a8-94fd7e94e7f3@group-2494F24B4D8A: change Leader from null to f2525173-cb6f-4e19-b7a8-94fd7e94e7f3 at term 1 for becomeLeader, leader elected after 5047ms
2019-09-25 10:59:45,532 [0d44471b-600b-4cb7-a12a-d464fbbb4546@group-6A46FA499425:LeaderElection16] INFO  impl.RaftServerImpl (ServerState.java:setLeader(253)) - 0d44471b-600b-4cb7-a12a-d464fbbb4546@group-6A46FA499425: change Leader from null to 0d44471b-600b-4cb7-a12a-d464fbbb4546 at term 1 for becomeLeader, leader elected after 5101ms
2019-09-25 10:59:45,532 [f2525173-cb6f-4e19-b7a8-94fd7e94e7f3@group-2494F24B4D8A:LeaderElection17] INFO  server.RaftServerConfigKeys (ConfUtils.java:logGet(43)) - raft.server.staging.catchup.gap = 1000 (default)
2019-09-25 10:59:45,533 [0d44471b-600b-4cb7-a12a-d464fbbb4546@group-6A46FA499425:LeaderElection16] INFO  server.RaftServerConfigKeys (ConfUtils.java:logGet(43)) - raft.server.staging.catchup.gap = 1000 (default)
2019-09-25 10:59:45,533 [f2525173-cb6f-4e19-b7a8-94fd7e94e7f3@group-2494F24B4D8A:LeaderElection17] INFO  server.RaftServerConfigKeys (ConfUtils.java:logGet(43)) - raft.server.rpc.sleep.time = 25ms (default)
2019-09-25 10:59:45,533 [0d44471b-600b-4cb7-a12a-d464fbbb4546@group-6A46FA499425:LeaderElection16] INFO  server.RaftServerConfigKeys (ConfUtils.java:logGet(43)) - raft.server.rpc.sleep.time = 25ms (default)
2019-09-25 10:59:45,533 [f2525173-cb6f-4e19-b7a8-94fd7e94e7f3@group-2494F24B4D8A:LeaderElection17] INFO  server.RaftServerConfigKeys (ConfUtils.java:logGet(43)) - raft.server.write.element-limit = 4096 (default)
2019-09-25 10:59:45,533 [0d44471b-600b-4cb7-a12a-d464fbbb4546@group-6A46FA499425:LeaderElection16] INFO  server.RaftServerConfigKeys (ConfUtils.java:logGet(43)) - raft.server.write.element-limit = 4096 (default)
2019-09-25 10:59:45,533 [f2525173-cb6f-4e19-b7a8-94fd7e94e7f3@group-2494F24B4D8A:LeaderElection17] INFO  server.RaftServerConfigKeys (ConfUtils.java:logGet(43)) - raft.server.watch.timeout = 10s (default)
2019-09-25 10:59:45,533 [0d44471b-600b-4cb7-a12a-d464fbbb4546@group-6A46FA499425:LeaderElection16] INFO  server.RaftServerConfigKeys (ConfUtils.java:logGet(43)) - raft.server.watch.timeout = 10s (default)
2019-09-25 10:59:45,533 [f2525173-cb6f-4e19-b7a8-94fd7e94e7f3@group-2494F24B4D8A:LeaderElection17] INFO  server.RaftServerConfigKeys (ConfUtils.java:logGet(43)) - raft.server.watch.timeout.denomination = 1s (default)
2019-09-25 10:59:45,533 [0d44471b-600b-4cb7-a12a-d464fbbb4546@group-6A46FA499425:LeaderElection16] INFO  server.RaftServerConfigKeys (ConfUtils.java:logGet(43)) - raft.server.watch.timeout.denomination = 1s (default)
2019-09-25 10:59:45,533 [f2525173-cb6f-4e19-b7a8-94fd7e94e7f3@group-2494F24B4D8A:LeaderElection17] INFO  server.RaftServerConfigKeys (ConfUtils.java:logGet(43)) - raft.server.watch.element-limit = 65536 (default)
2019-09-25 10:59:45,533 [0d44471b-600b-4cb7-a12a-d464fbbb4546@group-6A46FA499425:LeaderElection16] INFO  server.RaftServerConfigKeys (ConfUtils.java:logGet(43)) - raft.server.watch.element-limit = 65536 (default)
2019-09-25 10:59:45,535 [f2525173-cb6f-4e19-b7a8-94fd7e94e7f3@group-2494F24B4D8A:LeaderElection17] INFO  impl.RoleInfo (RoleInfo.java:updateAndGet(143)) - f2525173-cb6f-4e19-b7a8-94fd7e94e7f3: start LeaderState
2019-09-25 10:59:45,535 [f2525173-cb6f-4e19-b7a8-94fd7e94e7f3@group-2494F24B4D8A:LeaderElection17] INFO  segmented.SegmentedRaftLogWorker (SegmentedRaftLogWorker.java:startLogSegment(380)) - f2525173-cb6f-4e19-b7a8-94fd7e94e7f3@group-2494F24B4D8A-SegmentedRaftLogWorker: Starting segment from index:0
2019-09-25 10:59:45,536 [0d44471b-600b-4cb7-a12a-d464fbbb4546@group-6A46FA499425:LeaderElection16] INFO  impl.RoleInfo (RoleInfo.java:updateAndGet(143)) - 0d44471b-600b-4cb7-a12a-d464fbbb4546: start LeaderState
2019-09-25 10:59:45,536 [f2525173-cb6f-4e19-b7a8-94fd7e94e7f3@group-2494F24B4D8A:LeaderElection17] INFO  impl.RaftServerImpl (ServerState.java:setRaftConf(354)) - f2525173-cb6f-4e19-b7a8-94fd7e94e7f3@group-2494F24B4D8A: set configuration 0: [f2525173-cb6f-4e19-b7a8-94fd7e94e7f3:192.168.30.6:40876], old=null at 0
2019-09-25 10:59:45,536 [0d44471b-600b-4cb7-a12a-d464fbbb4546@group-6A46FA499425:LeaderElection16] INFO  segmented.SegmentedRaftLogWorker (SegmentedRaftLogWorker.java:startLogSegment(380)) - 0d44471b-600b-4cb7-a12a-d464fbbb4546@group-6A46FA499425-SegmentedRaftLogWorker: Starting segment from index:0
2019-09-25 10:59:45,567 [0d44471b-600b-4cb7-a12a-d464fbbb4546@group-6A46FA499425:LeaderElection16] INFO  impl.RaftServerImpl (ServerState.java:setRaftConf(354)) - 0d44471b-600b-4cb7-a12a-d464fbbb4546@group-6A46FA499425: set configuration 0: [0d44471b-600b-4cb7-a12a-d464fbbb4546:192.168.30.6:37450], old=null at 0
2019-09-25 10:59:45,595 [f2525173-cb6f-4e19-b7a8-94fd7e94e7f3@group-2494F24B4D8A-SegmentedRaftLogWorker] INFO  segmented.SegmentedRaftLogWorker (SegmentedRaftLogWorker.java:execute(569)) - f2525173-cb6f-4e19-b7a8-94fd7e94e7f3@group-2494F24B4D8A-SegmentedRaftLogWorker: created new log segment /workdir/hadoop-ozone/integration-test/target/test-dir/MiniOzoneClusterImpl-110f9f20-3804-4026-bd60-0a894b7be794/datanode-0/data/ratis/7da5585a-0d72-4d7c-8fa9-2494f24b4d8a/current/log_inprogress_0
2019-09-25 10:59:45,603 [0d44471b-600b-4cb7-a12a-d464fbbb4546@group-6A46FA499425-SegmentedRaftLogWorker] INFO  segmented.SegmentedRaftLogWorker (SegmentedRaftLogWorker.java:execute(569)) - 0d44471b-600b-4cb7-a12a-d464fbbb4546@group-6A46FA499425-SegmentedRaftLogWorker: created new log segment /workdir/hadoop-ozone/integration-test/target/test-dir/MiniOzoneClusterImpl-110f9f20-3804-4026-bd60-0a894b7be794/datanode-2/data/ratis/471f36f8-5c7f-452f-ac10-6a46fa499425/current/log_inprogress_0
2019-09-25 10:59:45,603 [IPC Server handler 0 on 41370] INFO  pipeline.PipelinePlacementPolicy (PipelinePlacementPolicy.java:meetCriteria(91)) - Pipeline Placement: can't place more pipeline on heavy datanode： 0d44471b-600b-4cb7-a12a-d464fbbb4546 Heaviness: 6 limit: 5
2019-09-25 10:59:45,603 [IPC Server handler 0 on 41370] INFO  pipeline.PipelinePlacementPolicy (PipelinePlacementPolicy.java:meetCriteria(91)) - Pipeline Placement: can't place more pipeline on heavy datanode： f2525173-cb6f-4e19-b7a8-94fd7e94e7f3 Heaviness: 6 limit: 5
2019-09-25 10:59:45,604 [IPC Server handler 0 on 41370] INFO  pipeline.PipelinePlacementPolicy (PipelinePlacementPolicy.java:meetCriteria(91)) - Pipeline Placement: can't place more pipeline on heavy datanode： 5d5b7118-3eba-4e8b-b91b-00faf4d5a6cf Heaviness: 6 limit: 5
2019-09-25 10:59:45,604 [IPC Server handler 0 on 41370] ERROR pipeline.PipelinePlacementPolicy (PipelinePlacementPolicy.java:filterViableNodes(148)) - Unable to find enough nodes that meet the criteria that cannot engage in more than 5 pipelines. Nodes required: 3 Found: 0, healthy nodes count inNodeManager: 3.
2019-09-25 10:59:45,604 [IPC Server handler 0 on 41370] ERROR pipeline.SCMPipelineManager (SCMPipelineManager.java:createPipeline(167)) - Pipeline creation failed.
org.apache.hadoop.hdds.scm.exceptions.SCMException: Unable to find enough nodes that meet the criteria that cannot engage in more than 5 pipelines. Nodes required: 3 Found: 0, healthy nodes count inNodeManager: 3.
	at org.apache.hadoop.hdds.scm.pipeline.PipelinePlacementPolicy.filterViableNodes(PipelinePlacementPolicy.java:149)
	at org.apache.hadoop.hdds.scm.pipeline.PipelinePlacementPolicy.chooseDatanodes(PipelinePlacementPolicy.java:172)
	at org.apache.hadoop.hdds.scm.pipeline.RatisPipelineProvider.create(RatisPipelineProvider.java:93)
	at org.apache.hadoop.hdds.scm.pipeline.PipelineFactory.create(PipelineFactory.java:58)
	at org.apache.hadoop.hdds.scm.pipeline.SCMPipelineManager.createPipeline(SCMPipelineManager.java:155)
	at org.apache.hadoop.hdds.scm.block.BlockManagerImpl.allocateBlock(BlockManagerImpl.java:190)
	at org.apache.hadoop.hdds.scm.server.SCMBlockProtocolServer.allocateBlock(SCMBlockProtocolServer.java:182)
	at org.apache.hadoop.ozone.protocolPB.ScmBlockLocationProtocolServerSideTranslatorPB.allocateScmBlock(ScmBlockLocationProtocolServerSideTranslatorPB.java:183)
	at org.apache.hadoop.ozone.protocolPB.ScmBlockLocationProtocolServerSideTranslatorPB.processMessage(ScmBlockLocationProtocolServerSideTranslatorPB.java:141)
	at org.apache.hadoop.ozone.protocolPB.ScmBlockLocationProtocolServerSideTranslatorPB.send(ScmBlockLocationProtocolServerSideTranslatorPB.java:116)
	at org.apache.hadoop.hdds.protocol.proto.ScmBlockLocationProtocolProtos$ScmBlockLocationProtocolService$2.callBlockingMethod(ScmBlockLocationProtocolProtos.java:13157)
	at org.apache.hadoop.ipc.ProtobufRpcEngine$Server$ProtoBufRpcInvoker.call(ProtobufRpcEngine.java:524)
	at org.apache.hadoop.ipc.RPC$Server.call(RPC.java:1025)
	at org.apache.hadoop.ipc.Server$RpcCall.run(Server.java:876)
	at org.apache.hadoop.ipc.Server$RpcCall.run(Server.java:822)
	at java.security.AccessController.doPrivileged(Native Method)
	at javax.security.auth.Subject.doAs(Subject.java:422)
	at org.apache.hadoop.security.UserGroupInformation.doAs(UserGroupInformation.java:1730)
	at org.apache.hadoop.ipc.Server$Handler.run(Server.java:2682)
2019-09-25 10:59:45,604 [IPC Server handler 0 on 41370] WARN  block.BlockManagerImpl (BlockManagerImpl.java:allocateBlock(192)) - Pipeline creation failed for type:RATIS factor:THREE. Retrying get pipelines call once.
org.apache.hadoop.hdds.scm.exceptions.SCMException: Unable to find enough nodes that meet the criteria that cannot engage in more than 5 pipelines. Nodes required: 3 Found: 0, healthy nodes count inNodeManager: 3.
	at org.apache.hadoop.hdds.scm.pipeline.PipelinePlacementPolicy.filterViableNodes(PipelinePlacementPolicy.java:149)
	at org.apache.hadoop.hdds.scm.pipeline.PipelinePlacementPolicy.chooseDatanodes(PipelinePlacementPolicy.java:172)
	at org.apache.hadoop.hdds.scm.pipeline.RatisPipelineProvider.create(RatisPipelineProvider.java:93)
	at org.apache.hadoop.hdds.scm.pipeline.PipelineFactory.create(PipelineFactory.java:58)
	at org.apache.hadoop.hdds.scm.pipeline.SCMPipelineManager.createPipeline(SCMPipelineManager.java:155)
	at org.apache.hadoop.hdds.scm.block.BlockManagerImpl.allocateBlock(BlockManagerImpl.java:190)
	at org.apache.hadoop.hdds.scm.server.SCMBlockProtocolServer.allocateBlock(SCMBlockProtocolServer.java:182)
	at org.apache.hadoop.ozone.protocolPB.ScmBlockLocationProtocolServerSideTranslatorPB.allocateScmBlock(ScmBlockLocationProtocolServerSideTranslatorPB.java:183)
	at org.apache.hadoop.ozone.protocolPB.ScmBlockLocationProtocolServerSideTranslatorPB.processMessage(ScmBlockLocationProtocolServerSideTranslatorPB.java:141)
	at org.apache.hadoop.ozone.protocolPB.ScmBlockLocationProtocolServerSideTranslatorPB.send(ScmBlockLocationProtocolServerSideTranslatorPB.java:116)
	at org.apache.hadoop.hdds.protocol.proto.ScmBlockLocationProtocolProtos$ScmBlockLocationProtocolService$2.callBlockingMethod(ScmBlockLocationProtocolProtos.java:13157)
	at org.apache.hadoop.ipc.ProtobufRpcEngine$Server$ProtoBufRpcInvoker.call(ProtobufRpcEngine.java:524)
	at org.apache.hadoop.ipc.RPC$Server.call(RPC.java:1025)
	at org.apache.hadoop.ipc.Server$RpcCall.run(Server.java:876)
	at org.apache.hadoop.ipc.Server$RpcCall.run(Server.java:822)
	at java.security.AccessController.doPrivileged(Native Method)
	at javax.security.auth.Subject.doAs(Subject.java:422)
	at org.apache.hadoop.security.UserGroupInformation.doAs(UserGroupInformation.java:1730)
	at org.apache.hadoop.ipc.Server$Handler.run(Server.java:2682)
2019-09-25 10:59:45,605 [IPC Server handler 0 on 41370] INFO  block.BlockManagerImpl (BlockManagerImpl.java:allocateBlock(198)) - Could not find available pipeline of type:RATIS and factor:THREE even after retrying
2019-09-25 10:59:45,605 [IPC Server handler 0 on 41370] ERROR block.BlockManagerImpl (BlockManagerImpl.java:allocateBlock(222)) - Unable to allocate a block for the size: 4194304, type: RATIS, factor: THREE
]]></system-out>
    <system-err><![CDATA[ERROR StatusLogger No Log4j 2 configuration file found. Using default configuration (logging only errors to the console), or user programmatically provided configurations. Set system property 'log4j2.debug' to show Log4j 2 internal initialization logging. See https://logging.apache.org/log4j/2.x/manual/configuration.html for instructions on how to configure Log4j 2
]]></system-err>
  </testcase>
</testsuite>