<?xml version="1.0" encoding="UTF-8"?>
<testsuite xmlns:xsi="http://www.w3.org/2001/XMLSchema-instance" xsi:noNamespaceSchemaLocation="https://maven.apache.org/surefire/maven-surefire-plugin/xsd/surefire-test-report.xsd" name="org.apache.hadoop.ozone.scm.TestSCMContainerPlacementPolicyMetrics" time="22.921" tests="1" errors="1" skipped="0" failures="0">
  <properties>
    <property name="awt.toolkit" value="sun.awt.X11.XToolkit"/>
    <property name="file.encoding.pkg" value="sun.io"/>
    <property name="java.specification.version" value="1.8"/>
    <property name="sun.cpu.isalist" value=""/>
    <property name="sun.jnu.encoding" value="UTF-8"/>
    <property name="java.class.path" value="/workdir/hadoop-ozone/integration-test/target/test-classes:/workdir/hadoop-ozone/integration-test/target/classes:/home/user/.m2/repository/org/apache/hadoop/hadoop-ozone-common/0.5.0-SNAPSHOT/hadoop-ozone-common-0.5.0-SNAPSHOT.jar:/home/user/.m2/repository/org/apache/commons/commons-compress/1.4.1/commons-compress-1.4.1.jar:/home/user/.m2/repository/org/tukaani/xz/1.0/xz-1.0.jar:/home/user/.m2/repository/org/apache/hadoop/hadoop-common/3.2.0/hadoop-common-3.2.0.jar:/home/user/.m2/repository/org/apache/hadoop/hadoop-hdfs/3.2.0/hadoop-hdfs-3.2.0.jar:/home/user/.m2/repository/org/apache/hadoop/hadoop-hdfs-client/3.2.0/hadoop-hdfs-client-3.2.0.jar:/home/user/.m2/repository/com/fasterxml/jackson/core/jackson-annotations/2.9.9/jackson-annotations-2.9.9.jar:/home/user/.m2/repository/org/apache/hadoop/hadoop-hdds-common/0.5.0-SNAPSHOT/hadoop-hdds-common-0.5.0-SNAPSHOT.jar:/home/user/.m2/repository/javax/annotation/javax.annotation-api/1.2/javax.annotation-api-1.2.jar:/home/user/.m2/repository/org/apache/ratis/ratis-server/0.4.0/ratis-server-0.4.0.jar:/home/user/.m2/repository/org/apache/ratis/ratis-thirdparty-misc/0.2.0/ratis-thirdparty-misc-0.2.0.jar:/home/user/.m2/repository/org/apache/ratis/ratis-proto/0.4.0/ratis-proto-0.4.0.jar:/home/user/.m2/repository/org/apache/ratis/ratis-common/0.4.0/ratis-common-0.4.0.jar:/home/user/.m2/repository/org/apache/ratis/ratis-client/0.4.0/ratis-client-0.4.0.jar:/home/user/.m2/repository/org/apache/ratis/ratis-metrics/0.4.0/ratis-metrics-0.4.0.jar:/home/user/.m2/repository/com/github/joshelser/dropwizard-metrics-hadoop-metrics2-reporter/0.1.2/dropwizard-metrics-hadoop-metrics2-reporter-0.1.2.jar:/home/user/.m2/repository/io/dropwizard/metrics/metrics-jvm/3.2.5/metrics-jvm-3.2.5.jar:/home/user/.m2/repository/io/dropwizard/metrics/metrics-ganglia/3.2.5/metrics-ganglia-3.2.5.jar:/home/user/.m2/repository/info/ganglia/gmetric4j/gmetric4j/1.0.7/gmetric4j-1.0.7.jar:/home/user/.m2/repository/org/apache/ratis/ratis-netty/0.4.0/ratis-netty-0.4.0.jar:/home/user/.m2/repository/org/apache/ratis/ratis-grpc/0.4.0/ratis-grpc-0.4.0.jar:/home/user/.m2/repository/org/rocksdb/rocksdbjni/6.0.1/rocksdbjni-6.0.1.jar:/home/user/.m2/repository/org/apache/logging/log4j/log4j-api/2.11.0/log4j-api-2.11.0.jar:/home/user/.m2/repository/org/apache/logging/log4j/log4j-core/2.11.0/log4j-core-2.11.0.jar:/home/user/.m2/repository/com/lmax/disruptor/3.4.2/disruptor-3.4.2.jar:/home/user/.m2/repository/org/apache/commons/commons-pool2/2.6.0/commons-pool2-2.6.0.jar:/home/user/.m2/repository/org/bouncycastle/bcpkix-jdk15on/1.60/bcpkix-jdk15on-1.60.jar:/home/user/.m2/repository/commons-validator/commons-validator/1.6/commons-validator-1.6.jar:/home/user/.m2/repository/commons-digester/commons-digester/1.8.1/commons-digester-1.8.1.jar:/home/user/.m2/repository/io/jaegertracing/jaeger-client/0.34.0/jaeger-client-0.34.0.jar:/home/user/.m2/repository/io/jaegertracing/jaeger-thrift/0.34.0/jaeger-thrift-0.34.0.jar:/home/user/.m2/repository/org/apache/thrift/libthrift/0.12.0/libthrift-0.12.0.jar:/home/user/.m2/repository/com/squareup/okhttp3/okhttp/3.9.0/okhttp-3.9.0.jar:/home/user/.m2/repository/com/squareup/okio/okio/1.13.0/okio-1.13.0.jar:/home/user/.m2/repository/io/jaegertracing/jaeger-core/0.34.0/jaeger-core-0.34.0.jar:/home/user/.m2/repository/io/jaegertracing/jaeger-tracerresolver/0.34.0/jaeger-tracerresolver-0.34.0.jar:/home/user/.m2/repository/io/opentracing/contrib/opentracing-tracerresolver/0.1.5/opentracing-tracerresolver-0.1.5.jar:/home/user/.m2/repository/io/opentracing/opentracing-util/0.31.0/opentracing-util-0.31.0.jar:/home/user/.m2/repository/io/opentracing/opentracing-api/0.31.0/opentracing-api-0.31.0.jar:/home/user/.m2/repository/io/opentracing/opentracing-noop/0.31.0/opentracing-noop-0.31.0.jar:/home/user/.m2/repository/org/apache/hadoop/hadoop-hdds-server-framework/0.5.0-SNAPSHOT/hadoop-hdds-server-framework-0.5.0-SNAPSHOT.jar:/home/user/.m2/repository/org/apache/hadoop/hadoop-hdds-container-service/0.5.0-SNAPSHOT/hadoop-hdds-container-service-0.5.0-SNAPSHOT.jar:/home/user/.m2/repository/org/apache/hadoop/hadoop-hdds-client/0.5.0-SNAPSHOT/hadoop-hdds-client-0.5.0-SNAPSHOT.jar:/home/user/.m2/repository/org/apache/hadoop/hadoop-hdds-tools/0.5.0-SNAPSHOT/hadoop-hdds-tools-0.5.0-SNAPSHOT.jar:/home/user/.m2/repository/org/apache/hadoop/hadoop-hdds-server-scm/0.5.0-SNAPSHOT/hadoop-hdds-server-scm-0.5.0-SNAPSHOT.jar:/home/user/.m2/repository/org/apache/hadoop/hadoop-hdds-docs/0.5.0-SNAPSHOT/hadoop-hdds-docs-0.5.0-SNAPSHOT.jar:/home/user/.m2/repository/io/dropwizard/metrics/metrics-core/3.2.4/metrics-core-3.2.4.jar:/home/user/.m2/repository/org/hamcrest/hamcrest-all/1.3/hamcrest-all-1.3.jar:/home/user/.m2/repository/org/bouncycastle/bcprov-jdk15on/1.60/bcprov-jdk15on-1.60.jar:/home/user/.m2/repository/info/picocli/picocli/3.9.6/picocli-3.9.6.jar:/home/user/.m2/repository/com/google/protobuf/protobuf-java/2.5.0/protobuf-java-2.5.0.jar:/home/user/.m2/repository/com/google/guava/guava/11.0.2/guava-11.0.2.jar:/home/user/.m2/repository/org/apache/hadoop/hadoop-ozone-ozone-manager/0.5.0-SNAPSHOT/hadoop-ozone-ozone-manager-0.5.0-SNAPSHOT.jar:/home/user/.m2/repository/org/apache/hadoop/hadoop-minikdc/3.2.0/hadoop-minikdc-3.2.0.jar:/home/user/.m2/repository/commons-io/commons-io/2.5/commons-io-2.5.jar:/home/user/.m2/repository/org/apache/kerby/kerb-simplekdc/1.0.1/kerb-simplekdc-1.0.1.jar:/home/user/.m2/repository/org/apache/kerby/kerb-client/1.0.1/kerb-client-1.0.1.jar:/home/user/.m2/repository/org/apache/kerby/kerby-config/1.0.1/kerby-config-1.0.1.jar:/home/user/.m2/repository/org/apache/kerby/kerb-core/1.0.1/kerb-core-1.0.1.jar:/home/user/.m2/repository/org/apache/kerby/kerby-pkix/1.0.1/kerby-pkix-1.0.1.jar:/home/user/.m2/repository/org/apache/kerby/kerby-asn1/1.0.1/kerby-asn1-1.0.1.jar:/home/user/.m2/repository/org/apache/kerby/kerby-util/1.0.1/kerby-util-1.0.1.jar:/home/user/.m2/repository/org/apache/kerby/kerb-common/1.0.1/kerb-common-1.0.1.jar:/home/user/.m2/repository/org/apache/kerby/kerb-crypto/1.0.1/kerb-crypto-1.0.1.jar:/home/user/.m2/repository/org/apache/kerby/kerb-util/1.0.1/kerb-util-1.0.1.jar:/home/user/.m2/repository/org/apache/kerby/token-provider/1.0.1/token-provider-1.0.1.jar:/home/user/.m2/repository/org/apache/kerby/kerb-admin/1.0.1/kerb-admin-1.0.1.jar:/home/user/.m2/repository/org/apache/kerby/kerb-server/1.0.1/kerb-server-1.0.1.jar:/home/user/.m2/repository/org/apache/kerby/kerb-identity/1.0.1/kerb-identity-1.0.1.jar:/home/user/.m2/repository/org/apache/kerby/kerby-xdr/1.0.1/kerby-xdr-1.0.1.jar:/home/user/.m2/repository/org/slf4j/slf4j-log4j12/1.7.25/slf4j-log4j12-1.7.25.jar:/home/user/.m2/repository/org/apache/hadoop/hadoop-ozone-s3gateway/0.5.0-SNAPSHOT/hadoop-ozone-s3gateway-0.5.0-SNAPSHOT.jar:/home/user/.m2/repository/org/jboss/weld/servlet/weld-servlet/2.4.7.Final/weld-servlet-2.4.7.Final.jar:/home/user/.m2/repository/org/glassfish/jersey/containers/jersey-container-servlet-core/2.27/jersey-container-servlet-core-2.27.jar:/home/user/.m2/repository/org/glassfish/hk2/external/javax.inject/2.5.0-b42/javax.inject-2.5.0-b42.jar:/home/user/.m2/repository/org/glassfish/jersey/core/jersey-common/2.27/jersey-common-2.27.jar:/home/user/.m2/repository/org/glassfish/hk2/osgi-resource-locator/1.0.1/osgi-resource-locator-1.0.1.jar:/home/user/.m2/repository/javax/ws/rs/javax.ws.rs-api/2.1/javax.ws.rs-api-2.1.jar:/home/user/.m2/repository/org/glassfish/jersey/ext/cdi/jersey-cdi1x/2.27/jersey-cdi1x-2.27.jar:/home/user/.m2/repository/org/glassfish/jersey/inject/jersey-hk2/2.27/jersey-hk2-2.27.jar:/home/user/.m2/repository/org/glassfish/hk2/hk2-locator/2.5.0-b42/hk2-locator-2.5.0-b42.jar:/home/user/.m2/repository/org/javassist/javassist/3.22.0-CR2/javassist-3.22.0-CR2.jar:/home/user/.m2/repository/org/glassfish/hk2/hk2-api/2.5.0/hk2-api-2.5.0.jar:/home/user/.m2/repository/org/glassfish/hk2/external/jakarta.inject/2.5.0/jakarta.inject-2.5.0.jar:/home/user/.m2/repository/org/glassfish/hk2/hk2-utils/2.5.0/hk2-utils-2.5.0.jar:/home/user/.m2/repository/jakarta/annotation/jakarta.annotation-api/1.3.4/jakarta.annotation-api-1.3.4.jar:/home/user/.m2/repository/org/glassfish/hk2/external/aopalliance-repackaged/2.5.0/aopalliance-repackaged-2.5.0.jar:/home/user/.m2/repository/com/fasterxml/jackson/dataformat/jackson-dataformat-xml/2.9.0/jackson-dataformat-xml-2.9.0.jar:/home/user/.m2/repository/com/fasterxml/jackson/core/jackson-core/2.9.9/jackson-core-2.9.9.jar:/home/user/.m2/repository/com/fasterxml/jackson/module/jackson-module-jaxb-annotations/2.9.9/jackson-module-jaxb-annotations-2.9.9.jar:/home/user/.m2/repository/javax/enterprise/cdi-api/1.2/cdi-api-1.2.jar:/home/user/.m2/repository/javax/el/javax.el-api/3.0.0/javax.el-api-3.0.0.jar:/home/user/.m2/repository/javax/interceptor/javax.interceptor-api/1.2/javax.interceptor-api-1.2.jar:/home/user/.m2/repository/javax/inject/javax.inject/1/javax.inject-1.jar:/home/user/.m2/repository/com/sun/xml/bind/jaxb-impl/2.3.0.1/jaxb-impl-2.3.0.1.jar:/home/user/.m2/repository/com/sun/xml/bind/jaxb-core/2.3.0.1/jaxb-core-2.3.0.1.jar:/home/user/.m2/repository/javax/xml/bind/jaxb-api/2.3.0/jaxb-api-2.3.0.jar:/home/user/.m2/repository/javax/activation/activation/1.1.1/activation-1.1.1.jar:/home/user/.m2/repository/org/apache/hadoop/hadoop-ozone-csi/0.5.0-SNAPSHOT/hadoop-ozone-csi-0.5.0-SNAPSHOT.jar:/home/user/.m2/repository/com/google/protobuf/protobuf-java-util/3.5.1/protobuf-java-util-3.5.1.jar:/home/user/.m2/repository/org/apache/hadoop/hadoop-hdds-config/0.5.0-SNAPSHOT/hadoop-hdds-config-0.5.0-SNAPSHOT.jar:/home/user/.m2/repository/io/grpc/grpc-netty/1.17.1/grpc-netty-1.17.1.jar:/home/user/.m2/repository/io/grpc/grpc-core/1.17.1/grpc-core-1.17.1.jar:/home/user/.m2/repository/io/grpc/grpc-context/1.17.1/grpc-context-1.17.1.jar:/home/user/.m2/repository/com/google/errorprone/error_prone_annotations/2.2.0/error_prone_annotations-2.2.0.jar:/home/user/.m2/repository/org/codehaus/mojo/animal-sniffer-annotations/1.17/animal-sniffer-annotations-1.17.jar:/home/user/.m2/repository/io/opencensus/opencensus-api/0.17.0/opencensus-api-0.17.0.jar:/home/user/.m2/repository/io/opencensus/opencensus-contrib-grpc-metrics/0.17.0/opencensus-contrib-grpc-metrics-0.17.0.jar:/home/user/.m2/repository/io/netty/netty-codec-http2/4.1.30.Final/netty-codec-http2-4.1.30.Final.jar:/home/user/.m2/repository/io/netty/netty-codec-http/4.1.30.Final/netty-codec-http-4.1.30.Final.jar:/home/user/.m2/repository/io/netty/netty-codec/4.1.30.Final/netty-codec-4.1.30.Final.jar:/home/user/.m2/repository/io/netty/netty-handler/4.1.30.Final/netty-handler-4.1.30.Final.jar:/home/user/.m2/repository/io/netty/netty-handler-proxy/4.1.30.Final/netty-handler-proxy-4.1.30.Final.jar:/home/user/.m2/repository/io/netty/netty-codec-socks/4.1.30.Final/netty-codec-socks-4.1.30.Final.jar:/home/user/.m2/repository/io/netty/netty-transport-native-epoll/4.1.30.Final/netty-transport-native-epoll-4.1.30.Final.jar:/home/user/.m2/repository/io/netty/netty-common/4.1.30.Final/netty-common-4.1.30.Final.jar:/home/user/.m2/repository/io/netty/netty-buffer/4.1.30.Final/netty-buffer-4.1.30.Final.jar:/home/user/.m2/repository/io/netty/netty-transport/4.1.30.Final/netty-transport-4.1.30.Final.jar:/home/user/.m2/repository/io/netty/netty-resolver/4.1.30.Final/netty-resolver-4.1.30.Final.jar:/home/user/.m2/repository/io/netty/netty-transport-native-unix-common/4.1.30.Final/netty-transport-native-unix-common-4.1.30.Final.jar:/home/user/.m2/repository/io/grpc/grpc-protobuf/1.17.1/grpc-protobuf-1.17.1.jar:/home/user/.m2/repository/com/google/api/grpc/proto-google-common-protos/1.0.0/proto-google-common-protos-1.0.0.jar:/home/user/.m2/repository/io/grpc/grpc-protobuf-lite/1.17.1/grpc-protobuf-lite-1.17.1.jar:/home/user/.m2/repository/io/grpc/grpc-stub/1.17.1/grpc-stub-1.17.1.jar:/home/user/.m2/repository/org/apache/hadoop/hadoop-ozone-recon/0.5.0-SNAPSHOT/hadoop-ozone-recon-0.5.0-SNAPSHOT.jar:/home/user/.m2/repository/org/apache/hadoop/hadoop-ozone-reconcodegen/0.5.0-SNAPSHOT/hadoop-ozone-reconcodegen-0.5.0-SNAPSHOT.jar:/home/user/.m2/repository/com/google/inject/extensions/guice-multibindings/4.0/guice-multibindings-4.0.jar:/home/user/.m2/repository/com/google/inject/guice/4.0/guice-4.0.jar:/home/user/.m2/repository/aopalliance/aopalliance/1.0/aopalliance-1.0.jar:/home/user/.m2/repository/com/google/inject/extensions/guice-servlet/4.0/guice-servlet-4.0.jar:/home/user/.m2/repository/org/glassfish/jersey/containers/jersey-container-servlet/2.27/jersey-container-servlet-2.27.jar:/home/user/.m2/repository/org/glassfish/hk2/guice-bridge/2.5.0/guice-bridge-2.5.0.jar:/home/user/.m2/repository/org/glassfish/jersey/core/jersey-server/2.27/jersey-server-2.27.jar:/home/user/.m2/repository/org/glassfish/jersey/core/jersey-client/2.27/jersey-client-2.27.jar:/home/user/.m2/repository/org/glassfish/jersey/media/jersey-media-jaxb/2.27/jersey-media-jaxb-2.27.jar:/home/user/.m2/repository/javax/validation/validation-api/1.1.0.Final/validation-api-1.1.0.Final.jar:/home/user/.m2/repository/org/glassfish/jersey/media/jersey-media-json-jackson/2.27/jersey-media-json-jackson-2.27.jar:/home/user/.m2/repository/org/glassfish/jersey/ext/jersey-entity-filtering/2.27/jersey-entity-filtering-2.27.jar:/home/user/.m2/repository/com/google/inject/extensions/guice-assistedinject/4.0/guice-assistedinject-4.0.jar:/home/user/.m2/repository/org/jooq/jooq/3.11.10/jooq-3.11.10.jar:/home/user/.m2/repository/org/jooq/jooq-meta/3.11.10/jooq-meta-3.11.10.jar:/home/user/.m2/repository/org/jooq/jooq-codegen/3.11.10/jooq-codegen-3.11.10.jar:/home/user/.m2/repository/com/jolbox/bonecp/0.8.0.RELEASE/bonecp-0.8.0.RELEASE.jar:/home/user/.m2/repository/org/xerial/sqlite-jdbc/3.25.2/sqlite-jdbc-3.25.2.jar:/home/user/.m2/repository/org/springframework/spring-jdbc/5.1.3.RELEASE/spring-jdbc-5.1.3.RELEASE.jar:/home/user/.m2/repository/org/springframework/spring-beans/5.1.3.RELEASE/spring-beans-5.1.3.RELEASE.jar:/home/user/.m2/repository/org/springframework/spring-core/5.1.3.RELEASE/spring-core-5.1.3.RELEASE.jar:/home/user/.m2/repository/org/springframework/spring-jcl/5.1.3.RELEASE/spring-jcl-5.1.3.RELEASE.jar:/home/user/.m2/repository/org/springframework/spring-tx/5.1.3.RELEASE/spring-tx-5.1.3.RELEASE.jar:/home/user/.m2/repository/org/apache/hadoop/hadoop-ozone-client/0.5.0-SNAPSHOT/hadoop-ozone-client-0.5.0-SNAPSHOT.jar:/home/user/.m2/repository/commons-lang/commons-lang/2.6/commons-lang-2.6.jar:/home/user/.m2/repository/org/apache/hadoop/hadoop-ozone-ozone-manager/0.5.0-SNAPSHOT/hadoop-ozone-ozone-manager-0.5.0-SNAPSHOT-tests.jar:/home/user/.m2/repository/junit/junit/4.11/junit-4.11.jar:/home/user/.m2/repository/org/hamcrest/hamcrest-core/1.3/hamcrest-core-1.3.jar:/home/user/.m2/repository/org/openjdk/jmh/jmh-core/1.19/jmh-core-1.19.jar:/home/user/.m2/repository/net/sf/jopt-simple/jopt-simple/4.6/jopt-simple-4.6.jar:/home/user/.m2/repository/org/apache/commons/commons-math3/3.1.1/commons-math3-3.1.1.jar:/home/user/.m2/repository/org/openjdk/jmh/jmh-generator-annprocess/1.19/jmh-generator-annprocess-1.19.jar:/home/user/.m2/repository/org/mockito/mockito-all/1.8.5/mockito-all-1.8.5.jar:/home/user/.m2/repository/org/apache/hadoop/hadoop-kms/3.2.0/hadoop-kms-3.2.0.jar:/home/user/.m2/repository/org/apache/hadoop/hadoop-auth/3.2.0/hadoop-auth-3.2.0.jar:/home/user/.m2/repository/com/nimbusds/nimbus-jose-jwt/4.41.1/nimbus-jose-jwt-4.41.1.jar:/home/user/.m2/repository/com/github/stephenc/jcip/jcip-annotations/1.0-1/jcip-annotations-1.0-1.jar:/home/user/.m2/repository/net/minidev/json-smart/2.3/json-smart-2.3.jar:/home/user/.m2/repository/net/minidev/accessors-smart/1.2/accessors-smart-1.2.jar:/home/user/.m2/repository/org/ow2/asm/asm/5.0.4/asm-5.0.4.jar:/home/user/.m2/repository/org/apache/curator/curator-framework/2.12.0/curator-framework-2.12.0.jar:/home/user/.m2/repository/com/sun/jersey/jersey-core/1.19/jersey-core-1.19.jar:/home/user/.m2/repository/javax/ws/rs/jsr311-api/1.1.1/jsr311-api-1.1.1.jar:/home/user/.m2/repository/com/sun/jersey/jersey-server/1.19/jersey-server-1.19.jar:/home/user/.m2/repository/javax/servlet/javax.servlet-api/3.1.0/javax.servlet-api-3.1.0.jar:/home/user/.m2/repository/org/eclipse/jetty/jetty-server/9.3.25.v20180904/jetty-server-9.3.25.v20180904.jar:/home/user/.m2/repository/org/eclipse/jetty/jetty-http/9.3.25.v20180904/jetty-http-9.3.25.v20180904.jar:/home/user/.m2/repository/org/eclipse/jetty/jetty-io/9.3.25.v20180904/jetty-io-9.3.25.v20180904.jar:/home/user/.m2/repository/org/eclipse/jetty/jetty-webapp/9.3.25.v20180904/jetty-webapp-9.3.25.v20180904.jar:/home/user/.m2/repository/org/eclipse/jetty/jetty-xml/9.3.25.v20180904/jetty-xml-9.3.25.v20180904.jar:/home/user/.m2/repository/log4j/log4j/1.2.17/log4j-1.2.17.jar:/home/user/.m2/repository/org/slf4j/slf4j-api/1.7.25/slf4j-api-1.7.25.jar:/home/user/.m2/repository/org/slf4j/jul-to-slf4j/1.7.25/jul-to-slf4j-1.7.25.jar:/home/user/.m2/repository/org/eclipse/jetty/jetty-util/9.3.25.v20180904/jetty-util-9.3.25.v20180904.jar:/home/user/.m2/repository/com/fasterxml/jackson/core/jackson-databind/2.9.9/jackson-databind-2.9.9.jar:/home/user/.m2/repository/org/apache/hadoop/hadoop-kms/3.2.0/hadoop-kms-3.2.0-tests.jar:/home/user/.m2/repository/org/apache/hadoop/hadoop-hdds-server-scm/0.5.0-SNAPSHOT/hadoop-hdds-server-scm-0.5.0-SNAPSHOT-tests.jar:/home/user/.m2/repository/org/apache/hadoop/hadoop-hdds-container-service/0.5.0-SNAPSHOT/hadoop-hdds-container-service-0.5.0-SNAPSHOT-tests.jar:/home/user/.m2/repository/org/yaml/snakeyaml/1.16/snakeyaml-1.16.jar:/home/user/.m2/repository/org/apache/hadoop/hadoop-common/3.2.0/hadoop-common-3.2.0-tests.jar:/home/user/.m2/repository/org/apache/hadoop/hadoop-annotations/3.2.0/hadoop-annotations-3.2.0.jar:/usr/lib/jvm/java-1.8-openjdk/jre/../lib/tools.jar:/home/user/.m2/repository/commons-cli/commons-cli/1.2/commons-cli-1.2.jar:/home/user/.m2/repository/org/apache/httpcomponents/httpclient/4.5.2/httpclient-4.5.2.jar:/home/user/.m2/repository/org/apache/httpcomponents/httpcore/4.4.4/httpcore-4.4.4.jar:/home/user/.m2/repository/commons-codec/commons-codec/1.11/commons-codec-1.11.jar:/home/user/.m2/repository/commons-net/commons-net/3.6/commons-net-3.6.jar:/home/user/.m2/repository/commons-collections/commons-collections/3.2.2/commons-collections-3.2.2.jar:/home/user/.m2/repository/org/eclipse/jetty/jetty-servlet/9.3.25.v20180904/jetty-servlet-9.3.25.v20180904.jar:/home/user/.m2/repository/org/eclipse/jetty/jetty-security/9.3.25.v20180904/jetty-security-9.3.25.v20180904.jar:/home/user/.m2/repository/javax/servlet/jsp/jsp-api/2.1/jsp-api-2.1.jar:/home/user/.m2/repository/com/sun/jersey/jersey-servlet/1.19/jersey-servlet-1.19.jar:/home/user/.m2/repository/com/sun/jersey/jersey-json/1.19/jersey-json-1.19.jar:/home/user/.m2/repository/org/codehaus/jettison/jettison/1.1/jettison-1.1.jar:/home/user/.m2/repository/org/codehaus/jackson/jackson-core-asl/1.9.13/jackson-core-asl-1.9.13.jar:/home/user/.m2/repository/org/codehaus/jackson/jackson-mapper-asl/1.9.13/jackson-mapper-asl-1.9.13.jar:/home/user/.m2/repository/org/codehaus/jackson/jackson-jaxrs/1.9.13/jackson-jaxrs-1.9.13.jar:/home/user/.m2/repository/org/codehaus/jackson/jackson-xc/1.9.13/jackson-xc-1.9.13.jar:/home/user/.m2/repository/commons-logging/commons-logging/1.1.3/commons-logging-1.1.3.jar:/home/user/.m2/repository/commons-beanutils/commons-beanutils/1.9.4/commons-beanutils-1.9.4.jar:/home/user/.m2/repository/org/apache/commons/commons-configuration2/2.1.1/commons-configuration2-2.1.1.jar:/home/user/.m2/repository/org/apache/commons/commons-lang3/3.7/commons-lang3-3.7.jar:/home/user/.m2/repository/org/apache/commons/commons-text/1.4/commons-text-1.4.jar:/home/user/.m2/repository/org/apache/avro/avro/1.7.7/avro-1.7.7.jar:/home/user/.m2/repository/com/thoughtworks/paranamer/paranamer/2.3/paranamer-2.3.jar:/home/user/.m2/repository/org/xerial/snappy/snappy-java/1.0.5/snappy-java-1.0.5.jar:/home/user/.m2/repository/com/google/re2j/re2j/1.1/re2j-1.1.jar:/home/user/.m2/repository/com/google/code/gson/gson/2.2.4/gson-2.2.4.jar:/home/user/.m2/repository/com/jcraft/jsch/0.1.54/jsch-0.1.54.jar:/home/user/.m2/repository/org/apache/curator/curator-client/2.12.0/curator-client-2.12.0.jar:/home/user/.m2/repository/org/apache/curator/curator-recipes/2.12.0/curator-recipes-2.12.0.jar:/home/user/.m2/repository/com/google/code/findbugs/jsr305/3.0.0/jsr305-3.0.0.jar:/home/user/.m2/repository/org/apache/htrace/htrace-core4/4.1.0-incubating/htrace-core4-4.1.0-incubating.jar:/home/user/.m2/repository/org/apache/zookeeper/zookeeper/3.4.13/zookeeper-3.4.13.jar:/home/user/.m2/repository/jline/jline/0.9.94/jline-0.9.94.jar:/home/user/.m2/repository/org/apache/yetus/audience-annotations/0.5.0/audience-annotations-0.5.0.jar:/home/user/.m2/repository/org/codehaus/woodstox/stax2-api/3.1.4/stax2-api-3.1.4.jar:/home/user/.m2/repository/com/fasterxml/woodstox/woodstox-core/5.0.3/woodstox-core-5.0.3.jar:/home/user/.m2/repository/dnsjava/dnsjava/2.1.7/dnsjava-2.1.7.jar:/home/user/.m2/repository/org/apache/hadoop/hadoop-hdfs/3.2.0/hadoop-hdfs-3.2.0-tests.jar:/home/user/.m2/repository/org/eclipse/jetty/jetty-util-ajax/9.3.25.v20180904/jetty-util-ajax-9.3.25.v20180904.jar:/home/user/.m2/repository/commons-daemon/commons-daemon/1.0.13/commons-daemon-1.0.13.jar:/home/user/.m2/repository/io/netty/netty/3.10.5.Final/netty-3.10.5.Final.jar:/home/user/.m2/repository/io/netty/netty-all/4.0.52.Final/netty-all-4.0.52.Final.jar:/home/user/.m2/repository/org/fusesource/leveldbjni/leveldbjni-all/1.8/leveldbjni-all-1.8.jar:"/>
    <property name="java.vm.vendor" value="IcedTea"/>
    <property name="sun.arch.data.model" value="64"/>
    <property name="test.build.dir" value="/workdir/hadoop-ozone/integration-test/target/test-dir"/>
    <property name="test.cache.data" value=""/>
    <property name="java.vendor.url" value="https://icedtea.classpath.org"/>
    <property name="user.timezone" value=""/>
    <property name="java.vm.specification.version" value="1.8"/>
    <property name="os.name" value="Linux"/>
    <property name="test.build.data" value="/workdir/hadoop-ozone/integration-test/target/test-dir"/>
    <property name="user.country" value="US"/>
    <property name="sun.java.launcher" value="SUN_STANDARD"/>
    <property name="sun.boot.library.path" value="/usr/lib/jvm/java-1.8-openjdk/jre/lib/amd64"/>
    <property name="sun.java.command" value="/workdir/hadoop-ozone/integration-test/target/surefire/surefirebooter1007022708226669356.jar /workdir/hadoop-ozone/integration-test/target/surefire 2019-09-25T10-18-59_181-jvmRun1 surefire3956390221809969031tmp surefire_654767405323812731006tmp"/>
    <property name="test" value="!TestMiniChaosOzoneCluster"/>
    <property name="surefire.test.class.path" value="/workdir/hadoop-ozone/integration-test/target/test-classes:/workdir/hadoop-ozone/integration-test/target/classes:/home/user/.m2/repository/org/apache/hadoop/hadoop-ozone-common/0.5.0-SNAPSHOT/hadoop-ozone-common-0.5.0-SNAPSHOT.jar:/home/user/.m2/repository/org/apache/commons/commons-compress/1.4.1/commons-compress-1.4.1.jar:/home/user/.m2/repository/org/tukaani/xz/1.0/xz-1.0.jar:/home/user/.m2/repository/org/apache/hadoop/hadoop-common/3.2.0/hadoop-common-3.2.0.jar:/home/user/.m2/repository/org/apache/hadoop/hadoop-hdfs/3.2.0/hadoop-hdfs-3.2.0.jar:/home/user/.m2/repository/org/apache/hadoop/hadoop-hdfs-client/3.2.0/hadoop-hdfs-client-3.2.0.jar:/home/user/.m2/repository/com/fasterxml/jackson/core/jackson-annotations/2.9.9/jackson-annotations-2.9.9.jar:/home/user/.m2/repository/org/apache/hadoop/hadoop-hdds-common/0.5.0-SNAPSHOT/hadoop-hdds-common-0.5.0-SNAPSHOT.jar:/home/user/.m2/repository/javax/annotation/javax.annotation-api/1.2/javax.annotation-api-1.2.jar:/home/user/.m2/repository/org/apache/ratis/ratis-server/0.4.0/ratis-server-0.4.0.jar:/home/user/.m2/repository/org/apache/ratis/ratis-thirdparty-misc/0.2.0/ratis-thirdparty-misc-0.2.0.jar:/home/user/.m2/repository/org/apache/ratis/ratis-proto/0.4.0/ratis-proto-0.4.0.jar:/home/user/.m2/repository/org/apache/ratis/ratis-common/0.4.0/ratis-common-0.4.0.jar:/home/user/.m2/repository/org/apache/ratis/ratis-client/0.4.0/ratis-client-0.4.0.jar:/home/user/.m2/repository/org/apache/ratis/ratis-metrics/0.4.0/ratis-metrics-0.4.0.jar:/home/user/.m2/repository/com/github/joshelser/dropwizard-metrics-hadoop-metrics2-reporter/0.1.2/dropwizard-metrics-hadoop-metrics2-reporter-0.1.2.jar:/home/user/.m2/repository/io/dropwizard/metrics/metrics-jvm/3.2.5/metrics-jvm-3.2.5.jar:/home/user/.m2/repository/io/dropwizard/metrics/metrics-ganglia/3.2.5/metrics-ganglia-3.2.5.jar:/home/user/.m2/repository/info/ganglia/gmetric4j/gmetric4j/1.0.7/gmetric4j-1.0.7.jar:/home/user/.m2/repository/org/apache/ratis/ratis-netty/0.4.0/ratis-netty-0.4.0.jar:/home/user/.m2/repository/org/apache/ratis/ratis-grpc/0.4.0/ratis-grpc-0.4.0.jar:/home/user/.m2/repository/org/rocksdb/rocksdbjni/6.0.1/rocksdbjni-6.0.1.jar:/home/user/.m2/repository/org/apache/logging/log4j/log4j-api/2.11.0/log4j-api-2.11.0.jar:/home/user/.m2/repository/org/apache/logging/log4j/log4j-core/2.11.0/log4j-core-2.11.0.jar:/home/user/.m2/repository/com/lmax/disruptor/3.4.2/disruptor-3.4.2.jar:/home/user/.m2/repository/org/apache/commons/commons-pool2/2.6.0/commons-pool2-2.6.0.jar:/home/user/.m2/repository/org/bouncycastle/bcpkix-jdk15on/1.60/bcpkix-jdk15on-1.60.jar:/home/user/.m2/repository/commons-validator/commons-validator/1.6/commons-validator-1.6.jar:/home/user/.m2/repository/commons-digester/commons-digester/1.8.1/commons-digester-1.8.1.jar:/home/user/.m2/repository/io/jaegertracing/jaeger-client/0.34.0/jaeger-client-0.34.0.jar:/home/user/.m2/repository/io/jaegertracing/jaeger-thrift/0.34.0/jaeger-thrift-0.34.0.jar:/home/user/.m2/repository/org/apache/thrift/libthrift/0.12.0/libthrift-0.12.0.jar:/home/user/.m2/repository/com/squareup/okhttp3/okhttp/3.9.0/okhttp-3.9.0.jar:/home/user/.m2/repository/com/squareup/okio/okio/1.13.0/okio-1.13.0.jar:/home/user/.m2/repository/io/jaegertracing/jaeger-core/0.34.0/jaeger-core-0.34.0.jar:/home/user/.m2/repository/io/jaegertracing/jaeger-tracerresolver/0.34.0/jaeger-tracerresolver-0.34.0.jar:/home/user/.m2/repository/io/opentracing/contrib/opentracing-tracerresolver/0.1.5/opentracing-tracerresolver-0.1.5.jar:/home/user/.m2/repository/io/opentracing/opentracing-util/0.31.0/opentracing-util-0.31.0.jar:/home/user/.m2/repository/io/opentracing/opentracing-api/0.31.0/opentracing-api-0.31.0.jar:/home/user/.m2/repository/io/opentracing/opentracing-noop/0.31.0/opentracing-noop-0.31.0.jar:/home/user/.m2/repository/org/apache/hadoop/hadoop-hdds-server-framework/0.5.0-SNAPSHOT/hadoop-hdds-server-framework-0.5.0-SNAPSHOT.jar:/home/user/.m2/repository/org/apache/hadoop/hadoop-hdds-container-service/0.5.0-SNAPSHOT/hadoop-hdds-container-service-0.5.0-SNAPSHOT.jar:/home/user/.m2/repository/org/apache/hadoop/hadoop-hdds-client/0.5.0-SNAPSHOT/hadoop-hdds-client-0.5.0-SNAPSHOT.jar:/home/user/.m2/repository/org/apache/hadoop/hadoop-hdds-tools/0.5.0-SNAPSHOT/hadoop-hdds-tools-0.5.0-SNAPSHOT.jar:/home/user/.m2/repository/org/apache/hadoop/hadoop-hdds-server-scm/0.5.0-SNAPSHOT/hadoop-hdds-server-scm-0.5.0-SNAPSHOT.jar:/home/user/.m2/repository/org/apache/hadoop/hadoop-hdds-docs/0.5.0-SNAPSHOT/hadoop-hdds-docs-0.5.0-SNAPSHOT.jar:/home/user/.m2/repository/io/dropwizard/metrics/metrics-core/3.2.4/metrics-core-3.2.4.jar:/home/user/.m2/repository/org/hamcrest/hamcrest-all/1.3/hamcrest-all-1.3.jar:/home/user/.m2/repository/org/bouncycastle/bcprov-jdk15on/1.60/bcprov-jdk15on-1.60.jar:/home/user/.m2/repository/info/picocli/picocli/3.9.6/picocli-3.9.6.jar:/home/user/.m2/repository/com/google/protobuf/protobuf-java/2.5.0/protobuf-java-2.5.0.jar:/home/user/.m2/repository/com/google/guava/guava/11.0.2/guava-11.0.2.jar:/home/user/.m2/repository/org/apache/hadoop/hadoop-ozone-ozone-manager/0.5.0-SNAPSHOT/hadoop-ozone-ozone-manager-0.5.0-SNAPSHOT.jar:/home/user/.m2/repository/org/apache/hadoop/hadoop-minikdc/3.2.0/hadoop-minikdc-3.2.0.jar:/home/user/.m2/repository/commons-io/commons-io/2.5/commons-io-2.5.jar:/home/user/.m2/repository/org/apache/kerby/kerb-simplekdc/1.0.1/kerb-simplekdc-1.0.1.jar:/home/user/.m2/repository/org/apache/kerby/kerb-client/1.0.1/kerb-client-1.0.1.jar:/home/user/.m2/repository/org/apache/kerby/kerby-config/1.0.1/kerby-config-1.0.1.jar:/home/user/.m2/repository/org/apache/kerby/kerb-core/1.0.1/kerb-core-1.0.1.jar:/home/user/.m2/repository/org/apache/kerby/kerby-pkix/1.0.1/kerby-pkix-1.0.1.jar:/home/user/.m2/repository/org/apache/kerby/kerby-asn1/1.0.1/kerby-asn1-1.0.1.jar:/home/user/.m2/repository/org/apache/kerby/kerby-util/1.0.1/kerby-util-1.0.1.jar:/home/user/.m2/repository/org/apache/kerby/kerb-common/1.0.1/kerb-common-1.0.1.jar:/home/user/.m2/repository/org/apache/kerby/kerb-crypto/1.0.1/kerb-crypto-1.0.1.jar:/home/user/.m2/repository/org/apache/kerby/kerb-util/1.0.1/kerb-util-1.0.1.jar:/home/user/.m2/repository/org/apache/kerby/token-provider/1.0.1/token-provider-1.0.1.jar:/home/user/.m2/repository/org/apache/kerby/kerb-admin/1.0.1/kerb-admin-1.0.1.jar:/home/user/.m2/repository/org/apache/kerby/kerb-server/1.0.1/kerb-server-1.0.1.jar:/home/user/.m2/repository/org/apache/kerby/kerb-identity/1.0.1/kerb-identity-1.0.1.jar:/home/user/.m2/repository/org/apache/kerby/kerby-xdr/1.0.1/kerby-xdr-1.0.1.jar:/home/user/.m2/repository/org/slf4j/slf4j-log4j12/1.7.25/slf4j-log4j12-1.7.25.jar:/home/user/.m2/repository/org/apache/hadoop/hadoop-ozone-s3gateway/0.5.0-SNAPSHOT/hadoop-ozone-s3gateway-0.5.0-SNAPSHOT.jar:/home/user/.m2/repository/org/jboss/weld/servlet/weld-servlet/2.4.7.Final/weld-servlet-2.4.7.Final.jar:/home/user/.m2/repository/org/glassfish/jersey/containers/jersey-container-servlet-core/2.27/jersey-container-servlet-core-2.27.jar:/home/user/.m2/repository/org/glassfish/hk2/external/javax.inject/2.5.0-b42/javax.inject-2.5.0-b42.jar:/home/user/.m2/repository/org/glassfish/jersey/core/jersey-common/2.27/jersey-common-2.27.jar:/home/user/.m2/repository/org/glassfish/hk2/osgi-resource-locator/1.0.1/osgi-resource-locator-1.0.1.jar:/home/user/.m2/repository/javax/ws/rs/javax.ws.rs-api/2.1/javax.ws.rs-api-2.1.jar:/home/user/.m2/repository/org/glassfish/jersey/ext/cdi/jersey-cdi1x/2.27/jersey-cdi1x-2.27.jar:/home/user/.m2/repository/org/glassfish/jersey/inject/jersey-hk2/2.27/jersey-hk2-2.27.jar:/home/user/.m2/repository/org/glassfish/hk2/hk2-locator/2.5.0-b42/hk2-locator-2.5.0-b42.jar:/home/user/.m2/repository/org/javassist/javassist/3.22.0-CR2/javassist-3.22.0-CR2.jar:/home/user/.m2/repository/org/glassfish/hk2/hk2-api/2.5.0/hk2-api-2.5.0.jar:/home/user/.m2/repository/org/glassfish/hk2/external/jakarta.inject/2.5.0/jakarta.inject-2.5.0.jar:/home/user/.m2/repository/org/glassfish/hk2/hk2-utils/2.5.0/hk2-utils-2.5.0.jar:/home/user/.m2/repository/jakarta/annotation/jakarta.annotation-api/1.3.4/jakarta.annotation-api-1.3.4.jar:/home/user/.m2/repository/org/glassfish/hk2/external/aopalliance-repackaged/2.5.0/aopalliance-repackaged-2.5.0.jar:/home/user/.m2/repository/com/fasterxml/jackson/dataformat/jackson-dataformat-xml/2.9.0/jackson-dataformat-xml-2.9.0.jar:/home/user/.m2/repository/com/fasterxml/jackson/core/jackson-core/2.9.9/jackson-core-2.9.9.jar:/home/user/.m2/repository/com/fasterxml/jackson/module/jackson-module-jaxb-annotations/2.9.9/jackson-module-jaxb-annotations-2.9.9.jar:/home/user/.m2/repository/javax/enterprise/cdi-api/1.2/cdi-api-1.2.jar:/home/user/.m2/repository/javax/el/javax.el-api/3.0.0/javax.el-api-3.0.0.jar:/home/user/.m2/repository/javax/interceptor/javax.interceptor-api/1.2/javax.interceptor-api-1.2.jar:/home/user/.m2/repository/javax/inject/javax.inject/1/javax.inject-1.jar:/home/user/.m2/repository/com/sun/xml/bind/jaxb-impl/2.3.0.1/jaxb-impl-2.3.0.1.jar:/home/user/.m2/repository/com/sun/xml/bind/jaxb-core/2.3.0.1/jaxb-core-2.3.0.1.jar:/home/user/.m2/repository/javax/xml/bind/jaxb-api/2.3.0/jaxb-api-2.3.0.jar:/home/user/.m2/repository/javax/activation/activation/1.1.1/activation-1.1.1.jar:/home/user/.m2/repository/org/apache/hadoop/hadoop-ozone-csi/0.5.0-SNAPSHOT/hadoop-ozone-csi-0.5.0-SNAPSHOT.jar:/home/user/.m2/repository/com/google/protobuf/protobuf-java-util/3.5.1/protobuf-java-util-3.5.1.jar:/home/user/.m2/repository/org/apache/hadoop/hadoop-hdds-config/0.5.0-SNAPSHOT/hadoop-hdds-config-0.5.0-SNAPSHOT.jar:/home/user/.m2/repository/io/grpc/grpc-netty/1.17.1/grpc-netty-1.17.1.jar:/home/user/.m2/repository/io/grpc/grpc-core/1.17.1/grpc-core-1.17.1.jar:/home/user/.m2/repository/io/grpc/grpc-context/1.17.1/grpc-context-1.17.1.jar:/home/user/.m2/repository/com/google/errorprone/error_prone_annotations/2.2.0/error_prone_annotations-2.2.0.jar:/home/user/.m2/repository/org/codehaus/mojo/animal-sniffer-annotations/1.17/animal-sniffer-annotations-1.17.jar:/home/user/.m2/repository/io/opencensus/opencensus-api/0.17.0/opencensus-api-0.17.0.jar:/home/user/.m2/repository/io/opencensus/opencensus-contrib-grpc-metrics/0.17.0/opencensus-contrib-grpc-metrics-0.17.0.jar:/home/user/.m2/repository/io/netty/netty-codec-http2/4.1.30.Final/netty-codec-http2-4.1.30.Final.jar:/home/user/.m2/repository/io/netty/netty-codec-http/4.1.30.Final/netty-codec-http-4.1.30.Final.jar:/home/user/.m2/repository/io/netty/netty-codec/4.1.30.Final/netty-codec-4.1.30.Final.jar:/home/user/.m2/repository/io/netty/netty-handler/4.1.30.Final/netty-handler-4.1.30.Final.jar:/home/user/.m2/repository/io/netty/netty-handler-proxy/4.1.30.Final/netty-handler-proxy-4.1.30.Final.jar:/home/user/.m2/repository/io/netty/netty-codec-socks/4.1.30.Final/netty-codec-socks-4.1.30.Final.jar:/home/user/.m2/repository/io/netty/netty-transport-native-epoll/4.1.30.Final/netty-transport-native-epoll-4.1.30.Final.jar:/home/user/.m2/repository/io/netty/netty-common/4.1.30.Final/netty-common-4.1.30.Final.jar:/home/user/.m2/repository/io/netty/netty-buffer/4.1.30.Final/netty-buffer-4.1.30.Final.jar:/home/user/.m2/repository/io/netty/netty-transport/4.1.30.Final/netty-transport-4.1.30.Final.jar:/home/user/.m2/repository/io/netty/netty-resolver/4.1.30.Final/netty-resolver-4.1.30.Final.jar:/home/user/.m2/repository/io/netty/netty-transport-native-unix-common/4.1.30.Final/netty-transport-native-unix-common-4.1.30.Final.jar:/home/user/.m2/repository/io/grpc/grpc-protobuf/1.17.1/grpc-protobuf-1.17.1.jar:/home/user/.m2/repository/com/google/api/grpc/proto-google-common-protos/1.0.0/proto-google-common-protos-1.0.0.jar:/home/user/.m2/repository/io/grpc/grpc-protobuf-lite/1.17.1/grpc-protobuf-lite-1.17.1.jar:/home/user/.m2/repository/io/grpc/grpc-stub/1.17.1/grpc-stub-1.17.1.jar:/home/user/.m2/repository/org/apache/hadoop/hadoop-ozone-recon/0.5.0-SNAPSHOT/hadoop-ozone-recon-0.5.0-SNAPSHOT.jar:/home/user/.m2/repository/org/apache/hadoop/hadoop-ozone-reconcodegen/0.5.0-SNAPSHOT/hadoop-ozone-reconcodegen-0.5.0-SNAPSHOT.jar:/home/user/.m2/repository/com/google/inject/extensions/guice-multibindings/4.0/guice-multibindings-4.0.jar:/home/user/.m2/repository/com/google/inject/guice/4.0/guice-4.0.jar:/home/user/.m2/repository/aopalliance/aopalliance/1.0/aopalliance-1.0.jar:/home/user/.m2/repository/com/google/inject/extensions/guice-servlet/4.0/guice-servlet-4.0.jar:/home/user/.m2/repository/org/glassfish/jersey/containers/jersey-container-servlet/2.27/jersey-container-servlet-2.27.jar:/home/user/.m2/repository/org/glassfish/hk2/guice-bridge/2.5.0/guice-bridge-2.5.0.jar:/home/user/.m2/repository/org/glassfish/jersey/core/jersey-server/2.27/jersey-server-2.27.jar:/home/user/.m2/repository/org/glassfish/jersey/core/jersey-client/2.27/jersey-client-2.27.jar:/home/user/.m2/repository/org/glassfish/jersey/media/jersey-media-jaxb/2.27/jersey-media-jaxb-2.27.jar:/home/user/.m2/repository/javax/validation/validation-api/1.1.0.Final/validation-api-1.1.0.Final.jar:/home/user/.m2/repository/org/glassfish/jersey/media/jersey-media-json-jackson/2.27/jersey-media-json-jackson-2.27.jar:/home/user/.m2/repository/org/glassfish/jersey/ext/jersey-entity-filtering/2.27/jersey-entity-filtering-2.27.jar:/home/user/.m2/repository/com/google/inject/extensions/guice-assistedinject/4.0/guice-assistedinject-4.0.jar:/home/user/.m2/repository/org/jooq/jooq/3.11.10/jooq-3.11.10.jar:/home/user/.m2/repository/org/jooq/jooq-meta/3.11.10/jooq-meta-3.11.10.jar:/home/user/.m2/repository/org/jooq/jooq-codegen/3.11.10/jooq-codegen-3.11.10.jar:/home/user/.m2/repository/com/jolbox/bonecp/0.8.0.RELEASE/bonecp-0.8.0.RELEASE.jar:/home/user/.m2/repository/org/xerial/sqlite-jdbc/3.25.2/sqlite-jdbc-3.25.2.jar:/home/user/.m2/repository/org/springframework/spring-jdbc/5.1.3.RELEASE/spring-jdbc-5.1.3.RELEASE.jar:/home/user/.m2/repository/org/springframework/spring-beans/5.1.3.RELEASE/spring-beans-5.1.3.RELEASE.jar:/home/user/.m2/repository/org/springframework/spring-core/5.1.3.RELEASE/spring-core-5.1.3.RELEASE.jar:/home/user/.m2/repository/org/springframework/spring-jcl/5.1.3.RELEASE/spring-jcl-5.1.3.RELEASE.jar:/home/user/.m2/repository/org/springframework/spring-tx/5.1.3.RELEASE/spring-tx-5.1.3.RELEASE.jar:/home/user/.m2/repository/org/apache/hadoop/hadoop-ozone-client/0.5.0-SNAPSHOT/hadoop-ozone-client-0.5.0-SNAPSHOT.jar:/home/user/.m2/repository/commons-lang/commons-lang/2.6/commons-lang-2.6.jar:/home/user/.m2/repository/org/apache/hadoop/hadoop-ozone-ozone-manager/0.5.0-SNAPSHOT/hadoop-ozone-ozone-manager-0.5.0-SNAPSHOT-tests.jar:/home/user/.m2/repository/junit/junit/4.11/junit-4.11.jar:/home/user/.m2/repository/org/hamcrest/hamcrest-core/1.3/hamcrest-core-1.3.jar:/home/user/.m2/repository/org/openjdk/jmh/jmh-core/1.19/jmh-core-1.19.jar:/home/user/.m2/repository/net/sf/jopt-simple/jopt-simple/4.6/jopt-simple-4.6.jar:/home/user/.m2/repository/org/apache/commons/commons-math3/3.1.1/commons-math3-3.1.1.jar:/home/user/.m2/repository/org/openjdk/jmh/jmh-generator-annprocess/1.19/jmh-generator-annprocess-1.19.jar:/home/user/.m2/repository/org/mockito/mockito-all/1.8.5/mockito-all-1.8.5.jar:/home/user/.m2/repository/org/apache/hadoop/hadoop-kms/3.2.0/hadoop-kms-3.2.0.jar:/home/user/.m2/repository/org/apache/hadoop/hadoop-auth/3.2.0/hadoop-auth-3.2.0.jar:/home/user/.m2/repository/com/nimbusds/nimbus-jose-jwt/4.41.1/nimbus-jose-jwt-4.41.1.jar:/home/user/.m2/repository/com/github/stephenc/jcip/jcip-annotations/1.0-1/jcip-annotations-1.0-1.jar:/home/user/.m2/repository/net/minidev/json-smart/2.3/json-smart-2.3.jar:/home/user/.m2/repository/net/minidev/accessors-smart/1.2/accessors-smart-1.2.jar:/home/user/.m2/repository/org/ow2/asm/asm/5.0.4/asm-5.0.4.jar:/home/user/.m2/repository/org/apache/curator/curator-framework/2.12.0/curator-framework-2.12.0.jar:/home/user/.m2/repository/com/sun/jersey/jersey-core/1.19/jersey-core-1.19.jar:/home/user/.m2/repository/javax/ws/rs/jsr311-api/1.1.1/jsr311-api-1.1.1.jar:/home/user/.m2/repository/com/sun/jersey/jersey-server/1.19/jersey-server-1.19.jar:/home/user/.m2/repository/javax/servlet/javax.servlet-api/3.1.0/javax.servlet-api-3.1.0.jar:/home/user/.m2/repository/org/eclipse/jetty/jetty-server/9.3.25.v20180904/jetty-server-9.3.25.v20180904.jar:/home/user/.m2/repository/org/eclipse/jetty/jetty-http/9.3.25.v20180904/jetty-http-9.3.25.v20180904.jar:/home/user/.m2/repository/org/eclipse/jetty/jetty-io/9.3.25.v20180904/jetty-io-9.3.25.v20180904.jar:/home/user/.m2/repository/org/eclipse/jetty/jetty-webapp/9.3.25.v20180904/jetty-webapp-9.3.25.v20180904.jar:/home/user/.m2/repository/org/eclipse/jetty/jetty-xml/9.3.25.v20180904/jetty-xml-9.3.25.v20180904.jar:/home/user/.m2/repository/log4j/log4j/1.2.17/log4j-1.2.17.jar:/home/user/.m2/repository/org/slf4j/slf4j-api/1.7.25/slf4j-api-1.7.25.jar:/home/user/.m2/repository/org/slf4j/jul-to-slf4j/1.7.25/jul-to-slf4j-1.7.25.jar:/home/user/.m2/repository/org/eclipse/jetty/jetty-util/9.3.25.v20180904/jetty-util-9.3.25.v20180904.jar:/home/user/.m2/repository/com/fasterxml/jackson/core/jackson-databind/2.9.9/jackson-databind-2.9.9.jar:/home/user/.m2/repository/org/apache/hadoop/hadoop-kms/3.2.0/hadoop-kms-3.2.0-tests.jar:/home/user/.m2/repository/org/apache/hadoop/hadoop-hdds-server-scm/0.5.0-SNAPSHOT/hadoop-hdds-server-scm-0.5.0-SNAPSHOT-tests.jar:/home/user/.m2/repository/org/apache/hadoop/hadoop-hdds-container-service/0.5.0-SNAPSHOT/hadoop-hdds-container-service-0.5.0-SNAPSHOT-tests.jar:/home/user/.m2/repository/org/yaml/snakeyaml/1.16/snakeyaml-1.16.jar:/home/user/.m2/repository/org/apache/hadoop/hadoop-common/3.2.0/hadoop-common-3.2.0-tests.jar:/home/user/.m2/repository/org/apache/hadoop/hadoop-annotations/3.2.0/hadoop-annotations-3.2.0.jar:/usr/lib/jvm/java-1.8-openjdk/jre/../lib/tools.jar:/home/user/.m2/repository/commons-cli/commons-cli/1.2/commons-cli-1.2.jar:/home/user/.m2/repository/org/apache/httpcomponents/httpclient/4.5.2/httpclient-4.5.2.jar:/home/user/.m2/repository/org/apache/httpcomponents/httpcore/4.4.4/httpcore-4.4.4.jar:/home/user/.m2/repository/commons-codec/commons-codec/1.11/commons-codec-1.11.jar:/home/user/.m2/repository/commons-net/commons-net/3.6/commons-net-3.6.jar:/home/user/.m2/repository/commons-collections/commons-collections/3.2.2/commons-collections-3.2.2.jar:/home/user/.m2/repository/org/eclipse/jetty/jetty-servlet/9.3.25.v20180904/jetty-servlet-9.3.25.v20180904.jar:/home/user/.m2/repository/org/eclipse/jetty/jetty-security/9.3.25.v20180904/jetty-security-9.3.25.v20180904.jar:/home/user/.m2/repository/javax/servlet/jsp/jsp-api/2.1/jsp-api-2.1.jar:/home/user/.m2/repository/com/sun/jersey/jersey-servlet/1.19/jersey-servlet-1.19.jar:/home/user/.m2/repository/com/sun/jersey/jersey-json/1.19/jersey-json-1.19.jar:/home/user/.m2/repository/org/codehaus/jettison/jettison/1.1/jettison-1.1.jar:/home/user/.m2/repository/org/codehaus/jackson/jackson-core-asl/1.9.13/jackson-core-asl-1.9.13.jar:/home/user/.m2/repository/org/codehaus/jackson/jackson-mapper-asl/1.9.13/jackson-mapper-asl-1.9.13.jar:/home/user/.m2/repository/org/codehaus/jackson/jackson-jaxrs/1.9.13/jackson-jaxrs-1.9.13.jar:/home/user/.m2/repository/org/codehaus/jackson/jackson-xc/1.9.13/jackson-xc-1.9.13.jar:/home/user/.m2/repository/commons-logging/commons-logging/1.1.3/commons-logging-1.1.3.jar:/home/user/.m2/repository/commons-beanutils/commons-beanutils/1.9.4/commons-beanutils-1.9.4.jar:/home/user/.m2/repository/org/apache/commons/commons-configuration2/2.1.1/commons-configuration2-2.1.1.jar:/home/user/.m2/repository/org/apache/commons/commons-lang3/3.7/commons-lang3-3.7.jar:/home/user/.m2/repository/org/apache/commons/commons-text/1.4/commons-text-1.4.jar:/home/user/.m2/repository/org/apache/avro/avro/1.7.7/avro-1.7.7.jar:/home/user/.m2/repository/com/thoughtworks/paranamer/paranamer/2.3/paranamer-2.3.jar:/home/user/.m2/repository/org/xerial/snappy/snappy-java/1.0.5/snappy-java-1.0.5.jar:/home/user/.m2/repository/com/google/re2j/re2j/1.1/re2j-1.1.jar:/home/user/.m2/repository/com/google/code/gson/gson/2.2.4/gson-2.2.4.jar:/home/user/.m2/repository/com/jcraft/jsch/0.1.54/jsch-0.1.54.jar:/home/user/.m2/repository/org/apache/curator/curator-client/2.12.0/curator-client-2.12.0.jar:/home/user/.m2/repository/org/apache/curator/curator-recipes/2.12.0/curator-recipes-2.12.0.jar:/home/user/.m2/repository/com/google/code/findbugs/jsr305/3.0.0/jsr305-3.0.0.jar:/home/user/.m2/repository/org/apache/htrace/htrace-core4/4.1.0-incubating/htrace-core4-4.1.0-incubating.jar:/home/user/.m2/repository/org/apache/zookeeper/zookeeper/3.4.13/zookeeper-3.4.13.jar:/home/user/.m2/repository/jline/jline/0.9.94/jline-0.9.94.jar:/home/user/.m2/repository/org/apache/yetus/audience-annotations/0.5.0/audience-annotations-0.5.0.jar:/home/user/.m2/repository/org/codehaus/woodstox/stax2-api/3.1.4/stax2-api-3.1.4.jar:/home/user/.m2/repository/com/fasterxml/woodstox/woodstox-core/5.0.3/woodstox-core-5.0.3.jar:/home/user/.m2/repository/dnsjava/dnsjava/2.1.7/dnsjava-2.1.7.jar:/home/user/.m2/repository/org/apache/hadoop/hadoop-hdfs/3.2.0/hadoop-hdfs-3.2.0-tests.jar:/home/user/.m2/repository/org/eclipse/jetty/jetty-util-ajax/9.3.25.v20180904/jetty-util-ajax-9.3.25.v20180904.jar:/home/user/.m2/repository/commons-daemon/commons-daemon/1.0.13/commons-daemon-1.0.13.jar:/home/user/.m2/repository/io/netty/netty/3.10.5.Final/netty-3.10.5.Final.jar:/home/user/.m2/repository/io/netty/netty-all/4.0.52.Final/netty-all-4.0.52.Final.jar:/home/user/.m2/repository/org/fusesource/leveldbjni/leveldbjni-all/1.8/leveldbjni-all-1.8.jar:"/>
    <property name="sun.cpu.endian" value="little"/>
    <property name="user.home" value="/home/user"/>
    <property name="user.language" value="en"/>
    <property name="java.specification.vendor" value="Oracle Corporation"/>
    <property name="java.home" value="/usr/lib/jvm/java-1.8-openjdk/jre"/>
    <property name="java.security.krb5.conf" value="/workdir/hadoop-ozone/integration-test/target/test-classes/krb5.conf"/>
    <property name="basedir" value="/workdir/hadoop-ozone/integration-test"/>
    <property name="file.separator" value="/"/>
    <property name="line.separator" value="&#10;"/>
    <property name="java.vm.specification.vendor" value="Oracle Corporation"/>
    <property name="java.specification.name" value="Java Platform API Specification"/>
    <property name="java.awt.graphicsenv" value="sun.awt.X11GraphicsEnvironment"/>
    <property name="surefire.real.class.path" value="/workdir/hadoop-ozone/integration-test/target/surefire/surefirebooter1007022708226669356.jar"/>
    <property name="hadoop.log.dir" value="/workdir/hadoop-ozone/integration-test/target/log"/>
    <property name="sun.boot.class.path" value="/usr/lib/jvm/java-1.8-openjdk/jre/lib/resources.jar:/usr/lib/jvm/java-1.8-openjdk/jre/lib/rt.jar:/usr/lib/jvm/java-1.8-openjdk/jre/lib/sunrsasign.jar:/usr/lib/jvm/java-1.8-openjdk/jre/lib/jsse.jar:/usr/lib/jvm/java-1.8-openjdk/jre/lib/jce.jar:/usr/lib/jvm/java-1.8-openjdk/jre/lib/charsets.jar:/usr/lib/jvm/java-1.8-openjdk/jre/lib/jfr.jar:/usr/lib/jvm/java-1.8-openjdk/jre/classes"/>
    <property name="sun.management.compiler" value="HotSpot 64-Bit Tiered Compilers"/>
    <property name="java.runtime.version" value="1.8.0_212-b04"/>
    <property name="java.net.preferIPv4Stack" value="true"/>
    <property name="user.name" value="jenkins1000"/>
    <property name="path.separator" value=":"/>
    <property name="java.security.egd" value="file:///dev/urandom"/>
    <property name="os.version" value="3.10.0-957.12.2.el7.x86_64"/>
    <property name="java.endorsed.dirs" value="/usr/lib/jvm/java-1.8-openjdk/jre/lib/endorsed"/>
    <property name="java.runtime.name" value="OpenJDK Runtime Environment"/>
    <property name="file.encoding" value="UTF-8"/>
    <property name="java.vm.name" value="OpenJDK 64-Bit Server VM"/>
    <property name="test.build.webapps" value=""/>
    <property name="localRepository" value="/home/user/.m2/repository"/>
    <property name="java.vendor.url.bug" value="https://icedtea.classpath.org/bugzilla"/>
    <property name="java.io.tmpdir" value="/tmp"/>
    <property name="require.test.libhadoop" value=""/>
    <property name="java.version" value="1.8.0_212"/>
    <property name="user.dir" value="/workdir/hadoop-ozone/integration-test"/>
    <property name="os.arch" value="amd64"/>
    <property name="java.vm.specification.name" value="Java Virtual Machine Specification"/>
    <property name="test.build.classes" value="/workdir/hadoop-ozone/integration-test/target/test-classes"/>
    <property name="java.awt.printerjob" value="sun.print.PSPrinterJob"/>
    <property name="sun.os.patch.level" value="unknown"/>
    <property name="hadoop.tmp.dir" value="/workdir/hadoop-ozone/integration-test/target/tmp"/>
    <property name="java.library.path" value="/usr/lib/jvm/java-1.8-openjdk/jre/lib/amd64/server:/usr/lib/jvm/java-1.8-openjdk/jre/lib/amd64:/usr/lib/jvm/java-1.8-openjdk/jre/../lib/amd64:/workdir/hadoop-ozone/integration-test/target/native/target/usr/local/lib:/workdir/hadoop-ozone/integration-test/../../hadoop-common-project/hadoop-common/target/native/target/usr/local/lib:/usr/java/packages/lib/amd64:/usr/lib64:/lib64:/lib:/usr/lib"/>
    <property name="java.vm.info" value="mixed mode"/>
    <property name="java.vendor" value="IcedTea"/>
    <property name="java.vm.version" value="25.212-b04"/>
    <property name="java.ext.dirs" value="/usr/lib/jvm/java-1.8-openjdk/jre/lib/ext:/usr/java/packages/lib/ext"/>
    <property name="sun.io.unicode.encoding" value="UnicodeLittle"/>
    <property name="java.class.version" value="52.0"/>
  </properties>
  <testcase name="test" classname="org.apache.hadoop.ozone.scm.TestSCMContainerPlacementPolicyMetrics" time="22.856">
    <error message="Allocated 0 blocks. Requested 1 blocks" type="INTERNAL_ERROR org.apache.hadoop.ozone.om.exceptions.OMException">INTERNAL_ERROR org.apache.hadoop.ozone.om.exceptions.OMException: Allocated 0 blocks. Requested 1 blocks
	at org.apache.hadoop.ozone.om.protocolPB.OzoneManagerProtocolClientSideTranslatorPB.handleError(OzoneManagerProtocolClientSideTranslatorPB.java:732)
	at org.apache.hadoop.ozone.om.protocolPB.OzoneManagerProtocolClientSideTranslatorPB.openKey(OzoneManagerProtocolClientSideTranslatorPB.java:723)
	at sun.reflect.NativeMethodAccessorImpl.invoke0(Native Method)
	at sun.reflect.NativeMethodAccessorImpl.invoke(NativeMethodAccessorImpl.java:62)
	at sun.reflect.DelegatingMethodAccessorImpl.invoke(DelegatingMethodAccessorImpl.java:43)
	at java.lang.reflect.Method.invoke(Method.java:498)
	at org.apache.hadoop.hdds.tracing.TraceAllMethod.invoke(TraceAllMethod.java:66)
	at com.sun.proxy.$Proxy37.openKey(Unknown Source)
	at org.apache.hadoop.ozone.client.rpc.RpcClient.createKey(RpcClient.java:614)
	at org.apache.hadoop.ozone.client.OzoneBucket.createKey(OzoneBucket.java:325)
	at org.apache.hadoop.ozone.scm.TestSCMContainerPlacementPolicyMetrics.test(TestSCMContainerPlacementPolicyMetrics.java:108)
	at sun.reflect.NativeMethodAccessorImpl.invoke0(Native Method)
	at sun.reflect.NativeMethodAccessorImpl.invoke(NativeMethodAccessorImpl.java:62)
	at sun.reflect.DelegatingMethodAccessorImpl.invoke(DelegatingMethodAccessorImpl.java:43)
	at java.lang.reflect.Method.invoke(Method.java:498)
	at org.junit.runners.model.FrameworkMethod$1.runReflectiveCall(FrameworkMethod.java:47)
	at org.junit.internal.runners.model.ReflectiveCallable.run(ReflectiveCallable.java:12)
	at org.junit.runners.model.FrameworkMethod.invokeExplosively(FrameworkMethod.java:44)
	at org.junit.internal.runners.statements.InvokeMethod.evaluate(InvokeMethod.java:17)
	at org.junit.internal.runners.statements.FailOnTimeout$StatementThread.run(FailOnTimeout.java:74)
</error>
    <system-out><![CDATA[2019-09-25 11:33:26,969 [main] WARN  server.ServerUtils (ServerUtils.java:getScmDbDir(145)) - ozone.scm.db.dirs is not configured. We recommend adding this setting. Falling back to ozone.metadata.dirs instead.
2019-09-25 11:33:27,067 [main] WARN  server.ServerUtils (ServerUtils.java:getScmDbDir(145)) - ozone.scm.db.dirs is not configured. We recommend adding this setting. Falling back to ozone.metadata.dirs instead.
2019-09-25 11:33:27,071 [main] WARN  server.ServerUtils (ServerUtils.java:getScmDbDir(145)) - ozone.scm.db.dirs is not configured. We recommend adding this setting. Falling back to ozone.metadata.dirs instead.
2019-09-25 11:33:27,103 [main] INFO  util.log (Log.java:initialized(192)) - Logging initialized @889ms
2019-09-25 11:33:27,230 [main] INFO  db.DBStoreBuilder (DBStoreBuilder.java:addTable(110)) - using custom profile for table: deletedBlocks
2019-09-25 11:33:27,230 [main] INFO  db.DBStoreBuilder (DBStoreBuilder.java:processTables(161)) - Using default column profile:DBProfile.DISK for Table:deletedBlocks
2019-09-25 11:33:27,231 [main] INFO  db.DBStoreBuilder (DBStoreBuilder.java:addTable(110)) - using custom profile for table: validCerts
2019-09-25 11:33:27,231 [main] INFO  db.DBStoreBuilder (DBStoreBuilder.java:processTables(161)) - Using default column profile:DBProfile.DISK for Table:validCerts
2019-09-25 11:33:27,231 [main] INFO  db.DBStoreBuilder (DBStoreBuilder.java:addTable(110)) - using custom profile for table: revokedCerts
2019-09-25 11:33:27,232 [main] INFO  db.DBStoreBuilder (DBStoreBuilder.java:processTables(161)) - Using default column profile:DBProfile.DISK for Table:revokedCerts
2019-09-25 11:33:27,245 [main] INFO  db.DBStoreBuilder (DBStoreBuilder.java:addTable(110)) - using custom profile for table: default
2019-09-25 11:33:27,245 [main] INFO  db.DBStoreBuilder (DBStoreBuilder.java:processTables(167)) - Using default column profile:DBProfile.DISK for Table:default
2019-09-25 11:33:27,247 [main] INFO  db.DBStoreBuilder (DBStoreBuilder.java:getDbProfile(198)) - Using default options. DBProfile.DISK
2019-09-25 11:33:27,552 [main] INFO  net.NodeSchemaLoader (NodeSchemaLoader.java:loadSchemaFromFile(125)) - Loading file from sun.misc.CompoundEnumeration@33d512c1
2019-09-25 11:33:27,554 [main] INFO  net.NodeSchemaLoader (NodeSchemaLoader.java:loadSchema(171)) - Loading network topology layer schema file
2019-09-25 11:33:27,626 [main] WARN  server.ServerUtils (ServerUtils.java:sanitizeUserArgs(70)) - ozone.scm.stale.node.interval value = 300000 is larger than max = 100000 based on the key value of ozone.scm.heartbeat.thread.interval, reset to the max value 100000.
2019-09-25 11:33:27,628 [main] WARN  server.ServerUtils (ServerUtils.java:sanitizeUserArgs(70)) - ozone.scm.stale.node.interval value = 300000 is larger than max = 100000 based on the key value of ozone.scm.heartbeat.thread.interval, reset to the max value 100000.
2019-09-25 11:33:27,630 [main] INFO  node.SCMNodeManager (SCMNodeManager.java:<init>(114)) - Entering startup safe mode.
2019-09-25 11:33:27,697 [main] INFO  Configuration.deprecation (Configuration.java:logDeprecation(1394)) - hadoop.configured.node.mapping is deprecated. Instead, use net.topology.configured.node.mapping
2019-09-25 11:33:27,701 [main] INFO  algorithms.ContainerPlacementPolicyFactory (ContainerPlacementPolicyFactory.java:getPolicy(59)) - Create container placement policy of type org.apache.hadoop.hdds.scm.container.placement.algorithms.SCMContainerPlacementRackAware
2019-09-25 11:33:27,716 [main] WARN  server.ServerUtils (ServerUtils.java:getScmDbDir(145)) - ozone.scm.db.dirs is not configured. We recommend adding this setting. Falling back to ozone.metadata.dirs instead.
2019-09-25 11:33:27,806 [main] INFO  pipeline.SCMPipelineManager (SCMPipelineManager.java:initializePipelineState(132)) - No pipeline exists in current db
2019-09-25 11:33:27,809 [main] WARN  server.ServerUtils (ServerUtils.java:getScmDbDir(145)) - ozone.scm.db.dirs is not configured. We recommend adding this setting. Falling back to ozone.metadata.dirs instead.
2019-09-25 11:33:27,926 [main] WARN  events.EventQueue (EventQueue.java:fireEvent(183)) - No event handler registered for event TypedEvent{payloadType=SafeModeStatus, name='SafeModeStatus'}
2019-09-25 11:33:28,296 [main] INFO  ipc.CallQueueManager (CallQueueManager.java:<init>(84)) - Using callQueue: class java.util.concurrent.LinkedBlockingQueue, queueCapacity: 2000, scheduler: class org.apache.hadoop.ipc.DefaultRpcScheduler, ipcBackoff: false.
2019-09-25 11:33:28,325 [Socket Reader #1 for port 43441] INFO  ipc.Server (Server.java:run(1074)) - Starting Socket Reader #1 for port 43441
2019-09-25 11:33:28,502 [main] INFO  ipc.CallQueueManager (CallQueueManager.java:<init>(84)) - Using callQueue: class java.util.concurrent.LinkedBlockingQueue, queueCapacity: 2000, scheduler: class org.apache.hadoop.ipc.DefaultRpcScheduler, ipcBackoff: false.
2019-09-25 11:33:28,503 [Socket Reader #1 for port 36235] INFO  ipc.Server (Server.java:run(1074)) - Starting Socket Reader #1 for port 36235
2019-09-25 11:33:28,515 [main] INFO  ipc.CallQueueManager (CallQueueManager.java:<init>(84)) - Using callQueue: class java.util.concurrent.LinkedBlockingQueue, queueCapacity: 2000, scheduler: class org.apache.hadoop.ipc.DefaultRpcScheduler, ipcBackoff: false.
2019-09-25 11:33:28,516 [Socket Reader #1 for port 42240] INFO  ipc.Server (Server.java:run(1074)) - Starting Socket Reader #1 for port 42240
2019-09-25 11:33:28,543 [main] INFO  hdfs.DFSUtil (DFSUtil.java:httpServerTemplateForNNAndJN(1641)) - Starting Web-server for scm at: http://0.0.0.0:0
2019-09-25 11:33:28,751 [main] INFO  server.AuthenticationFilter (AuthenticationFilter.java:constructSecretProvider(240)) - Unable to initialize FileSignerSecretProvider, falling back to use random secrets.
2019-09-25 11:33:28,760 [main] WARN  http.HttpRequestLog (HttpRequestLog.java:getRequestLog(97)) - Jetty request log can only be enabled using Log4j
2019-09-25 11:33:28,768 [main] INFO  http.HttpServer2 (HttpServer2.java:addGlobalFilter(975)) - Added global filter 'safety' (class=org.apache.hadoop.http.HttpServer2$QuotingInputFilter)
2019-09-25 11:33:28,771 [main] INFO  http.HttpServer2 (HttpServer2.java:addFilter(948)) - Added filter static_user_filter (class=org.apache.hadoop.http.lib.StaticUserWebFilter$StaticUserFilter) to context scm
2019-09-25 11:33:28,771 [main] INFO  http.HttpServer2 (HttpServer2.java:addFilter(958)) - Added filter static_user_filter (class=org.apache.hadoop.http.lib.StaticUserWebFilter$StaticUserFilter) to context logs
2019-09-25 11:33:28,772 [main] INFO  http.HttpServer2 (HttpServer2.java:addFilter(958)) - Added filter static_user_filter (class=org.apache.hadoop.http.lib.StaticUserWebFilter$StaticUserFilter) to context static
2019-09-25 11:33:28,803 [main] INFO  server.StorageContainerManager (StorageContainerManager.java:start(770)) - StorageContainerLocationProtocol RPC server is listening at /0.0.0.0:42240
2019-09-25 11:33:28,894 [main] WARN  impl.MetricsConfig (MetricsConfig.java:loadFirst(134)) - Cannot locate configuration: tried hadoop-metrics2-storagecontainermanager.properties,hadoop-metrics2.properties
2019-09-25 11:33:28,910 [main] INFO  impl.MetricsSystemImpl (MetricsSystemImpl.java:startTimer(374)) - Scheduled Metric snapshot period at 10 second(s).
2019-09-25 11:33:28,910 [main] INFO  impl.MetricsSystemImpl (MetricsSystemImpl.java:start(191)) - StorageContainerManager metrics system started
2019-09-25 11:33:29,161 [main] INFO  server.SCMClientProtocolServer (SCMClientProtocolServer.java:start(151)) - RPC server for Client  is listening at /0.0.0.0:42240
2019-09-25 11:33:29,162 [IPC Server Responder] INFO  ipc.Server (Server.java:run(1314)) - IPC Server Responder: starting
2019-09-25 11:33:29,162 [IPC Server listener on 42240] INFO  ipc.Server (Server.java:run(1153)) - IPC Server listener on 42240: starting
2019-09-25 11:33:29,165 [main] INFO  server.StorageContainerManager (StorageContainerManager.java:start(780)) - ScmBlockLocationProtocol RPC server is listening at /0.0.0.0:36235
2019-09-25 11:33:29,166 [main] INFO  server.SCMBlockProtocolServer (SCMBlockProtocolServer.java:start(146)) - RPC server for Block Protocol is listening at /0.0.0.0:36235
2019-09-25 11:33:29,167 [IPC Server Responder] INFO  ipc.Server (Server.java:run(1314)) - IPC Server Responder: starting
2019-09-25 11:33:29,167 [IPC Server listener on 36235] INFO  ipc.Server (Server.java:run(1153)) - IPC Server listener on 36235: starting
2019-09-25 11:33:29,169 [main] INFO  server.StorageContainerManager (StorageContainerManager.java:start(784)) - ScmDatanodeProtocl RPC server is listening at /0.0.0.0:43441
2019-09-25 11:33:29,169 [main] INFO  server.SCMDatanodeProtocolServer (SCMDatanodeProtocolServer.java:start(191)) - RPC server for DataNodes is listening at /0.0.0.0:43441
2019-09-25 11:33:29,170 [IPC Server Responder] INFO  ipc.Server (Server.java:run(1314)) - IPC Server Responder: starting
2019-09-25 11:33:29,170 [IPC Server listener on 43441] INFO  ipc.Server (Server.java:run(1153)) - IPC Server listener on 43441: starting
2019-09-25 11:33:29,174 [main] INFO  http.HttpServer2 (HttpServer2.java:bindListener(1191)) - Jetty bound to port 41596
2019-09-25 11:33:29,176 [main] INFO  server.Server (Server.java:doStart(351)) - jetty-9.3.25.v20180904, build timestamp: 2018-09-04T21:11:46Z, git hash: 3ce520221d0240229c862b122d2b06c12a625732
2019-09-25 11:33:29,219 [main] INFO  handler.ContextHandler (ContextHandler.java:doStart(781)) - Started o.e.j.s.ServletContextHandler@3e821657{/logs,file:///workdir/hadoop-ozone/integration-test/target/log,AVAILABLE}
2019-09-25 11:33:29,220 [main] INFO  handler.ContextHandler (ContextHandler.java:doStart(781)) - Started o.e.j.s.ServletContextHandler@71cf1b07{/static,file:///workdir/hadoop-ozone/integration-test/target/test-classes/webapps/static,AVAILABLE}
2019-09-25 11:33:29,259 [main] INFO  handler.ContextHandler (ContextHandler.java:doStart(781)) - Started o.e.j.w.WebAppContext@69f63d95{/,file:///workdir/hadoop-ozone/integration-test/target/test-classes/webapps/scm/,AVAILABLE}{/scm}
2019-09-25 11:33:29,265 [main] INFO  server.AbstractConnector (AbstractConnector.java:doStart(278)) - Started ServerConnector@72c927f1{HTTP/1.1,[http/1.1]}{0.0.0.0:41596}
2019-09-25 11:33:29,265 [main] INFO  server.Server (Server.java:doStart(419)) - Started @3051ms
2019-09-25 11:33:29,267 [main] INFO  impl.MetricsSinkAdapter (MetricsSinkAdapter.java:start(204)) - Sink prometheus started
2019-09-25 11:33:29,267 [main] INFO  impl.MetricsSystemImpl (MetricsSystemImpl.java:registerSink(301)) - Registered sink prometheus
2019-09-25 11:33:29,269 [main] INFO  server.BaseHttpServer (BaseHttpServer.java:updateConnectorAddress(215)) - HTTP server of SCM is listening at http://0.0.0.0:41596
2019-09-25 11:33:29,277 [org.apache.hadoop.util.JvmPauseMonitor$Monitor@532721fd] INFO  util.JvmPauseMonitor (JvmPauseMonitor.java:run(188)) - Starting JVM pause monitor
2019-09-25 11:33:29,280 [main] WARN  server.ServerUtils (ServerUtils.java:getDBPath(222)) - ozone.om.db.dirs is not configured. We recommend adding this setting. Falling back to ozone.metadata.dirs instead.
2019-09-25 11:33:29,401 [main] WARN  server.ServerUtils (ServerUtils.java:getDBPath(222)) - ozone.om.db.dirs is not configured. We recommend adding this setting. Falling back to ozone.metadata.dirs instead.
2019-09-25 11:33:29,401 [main] WARN  server.ServerUtils (ServerUtils.java:getDBPath(222)) - ozone.om.db.dirs is not configured. We recommend adding this setting. Falling back to ozone.metadata.dirs instead.
2019-09-25 11:33:29,402 [main] INFO  om.OzoneManager (OzoneManager.java:setOMNodeDetails(652)) - OM Service ID is not set. Setting it to the default ID: omServiceIdDefault
2019-09-25 11:33:29,403 [main] INFO  om.OzoneManager (OzoneManager.java:setOMNodeDetails(658)) - OM Node ID is not set. Setting it to the OmStorage's OmID: ebfe4120-891b-4695-82c2-d33a5313478d
2019-09-25 11:33:29,404 [main] INFO  om.OzoneManager (OzoneManager.java:loadOMHAConfigs(609)) - Found matching OM address with OMServiceId: null, OMNodeId: null, RPC Address: localhost:0 and Ratis port: 9872
2019-09-25 11:33:30,178 [main] WARN  server.ServerUtils (ServerUtils.java:getDBPath(222)) - ozone.om.db.dirs is not configured. We recommend adding this setting. Falling back to ozone.metadata.dirs instead.
2019-09-25 11:33:30,186 [main] INFO  db.DBStoreBuilder (DBStoreBuilder.java:addTable(110)) - using custom profile for table: userTable
2019-09-25 11:33:30,186 [main] INFO  db.DBStoreBuilder (DBStoreBuilder.java:processTables(161)) - Using default column profile:DBProfile.DISK for Table:userTable
2019-09-25 11:33:30,187 [main] INFO  db.DBStoreBuilder (DBStoreBuilder.java:addTable(110)) - using custom profile for table: volumeTable
2019-09-25 11:33:30,187 [main] INFO  db.DBStoreBuilder (DBStoreBuilder.java:processTables(161)) - Using default column profile:DBProfile.DISK for Table:volumeTable
2019-09-25 11:33:30,187 [main] INFO  db.DBStoreBuilder (DBStoreBuilder.java:addTable(110)) - using custom profile for table: bucketTable
2019-09-25 11:33:30,187 [main] INFO  db.DBStoreBuilder (DBStoreBuilder.java:processTables(161)) - Using default column profile:DBProfile.DISK for Table:bucketTable
2019-09-25 11:33:30,188 [main] INFO  db.DBStoreBuilder (DBStoreBuilder.java:addTable(110)) - using custom profile for table: keyTable
2019-09-25 11:33:30,188 [main] INFO  db.DBStoreBuilder (DBStoreBuilder.java:processTables(161)) - Using default column profile:DBProfile.DISK for Table:keyTable
2019-09-25 11:33:30,188 [main] INFO  db.DBStoreBuilder (DBStoreBuilder.java:addTable(110)) - using custom profile for table: deletedTable
2019-09-25 11:33:30,188 [main] INFO  db.DBStoreBuilder (DBStoreBuilder.java:processTables(161)) - Using default column profile:DBProfile.DISK for Table:deletedTable
2019-09-25 11:33:30,189 [main] INFO  db.DBStoreBuilder (DBStoreBuilder.java:addTable(110)) - using custom profile for table: openKeyTable
2019-09-25 11:33:30,189 [main] INFO  db.DBStoreBuilder (DBStoreBuilder.java:processTables(161)) - Using default column profile:DBProfile.DISK for Table:openKeyTable
2019-09-25 11:33:30,189 [main] INFO  db.DBStoreBuilder (DBStoreBuilder.java:addTable(110)) - using custom profile for table: s3Table
2019-09-25 11:33:30,189 [main] INFO  db.DBStoreBuilder (DBStoreBuilder.java:processTables(161)) - Using default column profile:DBProfile.DISK for Table:s3Table
2019-09-25 11:33:30,190 [main] INFO  db.DBStoreBuilder (DBStoreBuilder.java:addTable(110)) - using custom profile for table: multipartInfoTable
2019-09-25 11:33:30,190 [main] INFO  db.DBStoreBuilder (DBStoreBuilder.java:processTables(161)) - Using default column profile:DBProfile.DISK for Table:multipartInfoTable
2019-09-25 11:33:30,190 [main] INFO  db.DBStoreBuilder (DBStoreBuilder.java:addTable(110)) - using custom profile for table: dTokenTable
2019-09-25 11:33:30,190 [main] INFO  db.DBStoreBuilder (DBStoreBuilder.java:processTables(161)) - Using default column profile:DBProfile.DISK for Table:dTokenTable
2019-09-25 11:33:30,191 [main] INFO  db.DBStoreBuilder (DBStoreBuilder.java:addTable(110)) - using custom profile for table: s3SecretTable
2019-09-25 11:33:30,191 [main] INFO  db.DBStoreBuilder (DBStoreBuilder.java:processTables(161)) - Using default column profile:DBProfile.DISK for Table:s3SecretTable
2019-09-25 11:33:30,191 [main] INFO  db.DBStoreBuilder (DBStoreBuilder.java:addTable(110)) - using custom profile for table: prefixTable
2019-09-25 11:33:30,191 [main] INFO  db.DBStoreBuilder (DBStoreBuilder.java:processTables(161)) - Using default column profile:DBProfile.DISK for Table:prefixTable
2019-09-25 11:33:30,192 [main] INFO  db.DBStoreBuilder (DBStoreBuilder.java:addTable(110)) - using custom profile for table: default
2019-09-25 11:33:30,192 [main] INFO  db.DBStoreBuilder (DBStoreBuilder.java:processTables(167)) - Using default column profile:DBProfile.DISK for Table:default
2019-09-25 11:33:30,192 [main] INFO  db.DBStoreBuilder (DBStoreBuilder.java:getDbProfile(198)) - Using default options. DBProfile.DISK
2019-09-25 11:33:30,651 [KeyDeletingService#0] WARN  utils.BackgroundService (BackgroundService.java:lambda$run$0(135)) - Background task fails to execute, retrying in next interval
java.util.concurrent.ExecutionException: java.lang.NullPointerException
	at java.util.concurrent.FutureTask.report(FutureTask.java:122)
	at java.util.concurrent.FutureTask.get(FutureTask.java:206)
	at org.apache.hadoop.hdds.utils.BackgroundService$PeriodicalTask.lambda$run$0(BackgroundService.java:129)
	at java.util.stream.ForEachOps$ForEachOp$OfRef.accept(ForEachOps.java:184)
	at java.util.ArrayList$ArrayListSpliterator.forEachRemaining(ArrayList.java:1382)
	at java.util.stream.AbstractPipeline.copyInto(AbstractPipeline.java:482)
	at java.util.stream.ForEachOps$ForEachTask.compute(ForEachOps.java:291)
	at java.util.concurrent.CountedCompleter.exec(CountedCompleter.java:731)
	at java.util.concurrent.ForkJoinTask.doExec(ForkJoinTask.java:289)
	at java.util.concurrent.ForkJoinTask.doInvoke(ForkJoinTask.java:401)
	at java.util.concurrent.ForkJoinTask.invoke(ForkJoinTask.java:734)
	at java.util.stream.ForEachOps$ForEachOp.evaluateParallel(ForEachOps.java:160)
	at java.util.stream.ForEachOps$ForEachOp$OfRef.evaluateParallel(ForEachOps.java:174)
	at java.util.stream.AbstractPipeline.evaluate(AbstractPipeline.java:233)
	at java.util.stream.ReferencePipeline.forEach(ReferencePipeline.java:418)
	at java.util.stream.ReferencePipeline$Head.forEach(ReferencePipeline.java:583)
	at org.apache.hadoop.hdds.utils.BackgroundService$PeriodicalTask.run(BackgroundService.java:125)
	at java.util.concurrent.Executors$RunnableAdapter.call(Executors.java:511)
	at java.util.concurrent.FutureTask.runAndReset(FutureTask.java:308)
	at java.util.concurrent.ScheduledThreadPoolExecutor$ScheduledFutureTask.access$301(ScheduledThreadPoolExecutor.java:180)
	at java.util.concurrent.ScheduledThreadPoolExecutor$ScheduledFutureTask.run(ScheduledThreadPoolExecutor.java:294)
	at java.util.concurrent.ThreadPoolExecutor.runWorker(ThreadPoolExecutor.java:1149)
	at java.util.concurrent.ThreadPoolExecutor$Worker.run(ThreadPoolExecutor.java:624)
	at java.lang.Thread.run(Thread.java:748)
Caused by: java.lang.NullPointerException
	at org.apache.hadoop.ozone.om.OzoneManager.isLeader(OzoneManager.java:3430)
	at org.apache.hadoop.ozone.om.KeyDeletingService.shouldRun(KeyDeletingService.java:120)
	at org.apache.hadoop.ozone.om.KeyDeletingService.access$100(KeyDeletingService.java:58)
	at org.apache.hadoop.ozone.om.KeyDeletingService$KeyDeletingTask.call(KeyDeletingService.java:149)
	at org.apache.hadoop.ozone.om.KeyDeletingService$KeyDeletingTask.call(KeyDeletingService.java:137)
	at java.util.concurrent.FutureTask.run(FutureTask.java:266)
	at java.util.concurrent.Executors$RunnableAdapter.call(Executors.java:511)
	at java.util.concurrent.FutureTask.run(FutureTask.java:266)
	at java.util.concurrent.Executors$RunnableAdapter.call(Executors.java:511)
	at java.util.concurrent.FutureTask.run(FutureTask.java:266)
	at java.util.concurrent.ScheduledThreadPoolExecutor$ScheduledFutureTask.access$201(ScheduledThreadPoolExecutor.java:180)
	at java.util.concurrent.ScheduledThreadPoolExecutor$ScheduledFutureTask.run(ScheduledThreadPoolExecutor.java:293)
	... 3 more
2019-09-25 11:33:30,694 [main] WARN  scm.HddsServerUtil (HddsServerUtil.java:getDefaultRatisDirectory(354)) - Storage directory for Ratis is not configured. It is a good idea to map this to an SSD disk. Falling back to ozone.metadata.dirs
2019-09-25 11:33:30,726 [main] INFO  ratis.OzoneManagerRatisServer (OzoneManagerRatisServer.java:<init>(241)) - Instantiating OM Ratis server with GroupID: omServiceIdDefault and Raft Peers: localhost:9872
2019-09-25 11:33:30,899 [main] INFO  impl.RaftServerProxy (ConfUtils.java:logGet(43)) - raft.rpc.type = GRPC (default)
2019-09-25 11:33:31,000 [main] INFO  grpc.GrpcFactory (GrpcFactory.java:checkPooledByteBufAllocatorUseCacheForAllThreads(45)) - PERFORMANCE WARNING: useCacheForAllThreads is true that may cause Netty to create a lot garbage objects and, as a result, trigger GC.
	It is recommended to disable useCacheForAllThreads by setting -Dorg.apache.ratis.thirdparty.io.netty.allocator.useCacheForAllThreads=false in command line.
2019-09-25 11:33:31,007 [main] INFO  grpc.GrpcConfigKeys$Server (ConfUtils.java:logGet(43)) - raft.grpc.server.port = 9872 (custom)
2019-09-25 11:33:31,008 [main] INFO  server.GrpcService (ConfUtils.java:logGet(43)) - raft.grpc.message.size.max = 33554432 (custom)
2019-09-25 11:33:31,010 [main] INFO  server.RaftServerConfigKeys (ConfUtils.java:logGet(43)) - raft.server.log.appender.buffer.byte-limit = 33554432 (custom)
2019-09-25 11:33:31,010 [main] INFO  server.GrpcService (ConfUtils.java:logGet(43)) - raft.grpc.flow.control.window = 1MB (=1048576) (default)
2019-09-25 11:33:31,011 [main] INFO  server.RaftServerConfigKeys (ConfUtils.java:logGet(43)) - raft.server.rpc.request.timeout = 3000ms (default)
2019-09-25 11:33:31,200 [main] INFO  server.RaftServerConfigKeys (ConfUtils.java:logGet(43)) - raft.server.storage.dir = [/workdir/hadoop-ozone/integration-test/target/test-dir/MiniOzoneClusterImpl-af71ae92-902d-4bbe-8221-3c085bdab3fc/ozone-meta/ratis] (custom)
2019-09-25 11:33:31,209 [main] INFO  impl.RaftServerProxy (RaftServerProxy.java:addNew(89)) - ebfe4120-891b-4695-82c2-d33a5313478d: addNew group-C5BA1605619E:[ebfe4120-891b-4695-82c2-d33a5313478d:localhost:9872] returns group-C5BA1605619E:java.util.concurrent.CompletableFuture@1ac45389[Not completed]
2019-09-25 11:33:31,211 [main] INFO  om.OzoneManager (OzoneManager.java:initializeRatisServer(1389)) - OzoneManager Ratis server initialized at port 9872
2019-09-25 11:33:31,215 [main] WARN  scm.HddsServerUtil (HddsServerUtil.java:getDefaultRatisDirectory(354)) - Storage directory for Ratis is not configured. It is a good idea to map this to an SSD disk. Falling back to ozone.metadata.dirs
2019-09-25 11:33:31,216 [main] WARN  scm.HddsServerUtil (HddsServerUtil.java:getDefaultRatisDirectory(354)) - Storage directory for Ratis is not configured. It is a good idea to map this to an SSD disk. Falling back to ozone.metadata.dirs
2019-09-25 11:33:31,232 [pool-22-thread-1] INFO  impl.RaftServerImpl (RaftServerImpl.java:<init>(95)) - ebfe4120-891b-4695-82c2-d33a5313478d: new RaftServerImpl for group-C5BA1605619E:[ebfe4120-891b-4695-82c2-d33a5313478d:localhost:9872] with OzoneManagerStateMachine:uninitialized
2019-09-25 11:33:31,235 [pool-22-thread-1] INFO  server.RaftServerConfigKeys (ConfUtils.java:logGet(43)) - raft.server.rpc.timeout.min = 1s (custom)
2019-09-25 11:33:31,236 [pool-22-thread-1] INFO  server.RaftServerConfigKeys (ConfUtils.java:logGet(43)) - raft.server.rpc.timeout.max = 1200ms (custom)
2019-09-25 11:33:31,236 [pool-22-thread-1] INFO  server.RaftServerConfigKeys (ConfUtils.java:logGet(43)) - raft.server.rpcslowness.timeout = 120s (custom)
2019-09-25 11:33:31,237 [pool-22-thread-1] INFO  server.RaftServerConfigKeys (ConfUtils.java:logGet(43)) - raft.server.sleep.deviation.threshold = 300 (default)
2019-09-25 11:33:31,238 [pool-22-thread-1] INFO  server.RaftServerConfigKeys (ConfUtils.java:logGet(43)) - raft.server.log.appender.install.snapshot.enabled = false (custom)
2019-09-25 11:33:31,245 [main] INFO  ipc.CallQueueManager (CallQueueManager.java:<init>(84)) - Using callQueue: class java.util.concurrent.LinkedBlockingQueue, queueCapacity: 2000, scheduler: class org.apache.hadoop.ipc.DefaultRpcScheduler, ipcBackoff: false.
2019-09-25 11:33:31,248 [Socket Reader #1 for port 41919] INFO  ipc.Server (Server.java:run(1074)) - Starting Socket Reader #1 for port 41919
2019-09-25 11:33:31,251 [pool-22-thread-1] INFO  impl.RaftServerImpl (ServerState.java:<init>(103)) - ebfe4120-891b-4695-82c2-d33a5313478d@group-C5BA1605619E: ConfigurationManager, init=-1: [ebfe4120-891b-4695-82c2-d33a5313478d:localhost:9872], old=null, confs=<EMPTY_MAP>
2019-09-25 11:33:31,252 [pool-22-thread-1] INFO  server.RaftServerConfigKeys (ConfUtils.java:logGet(43)) - raft.server.storage.dir = [/workdir/hadoop-ozone/integration-test/target/test-dir/MiniOzoneClusterImpl-af71ae92-902d-4bbe-8221-3c085bdab3fc/ozone-meta/ratis] (custom)
2019-09-25 11:33:31,266 [pool-22-thread-1] INFO  storage.RaftStorageDirectory (RaftStorageDirectory.java:analyzeStorage(246)) - The storage directory /workdir/hadoop-ozone/integration-test/target/test-dir/MiniOzoneClusterImpl-af71ae92-902d-4bbe-8221-3c085bdab3fc/ozone-meta/ratis/bf265839-605b-3f16-9796-c5ba1605619e does not exist. Creating ...
2019-09-25 11:33:31,275 [pool-22-thread-1] INFO  storage.RaftStorageDirectory (RaftStorageDirectory.java:tryLock(328)) - Lock on /workdir/hadoop-ozone/integration-test/target/test-dir/MiniOzoneClusterImpl-af71ae92-902d-4bbe-8221-3c085bdab3fc/ozone-meta/ratis/bf265839-605b-3f16-9796-c5ba1605619e/in_use.lock acquired by nodename 22736@pr-hdds-1569-5gmkr-4255264070
2019-09-25 11:33:31,279 [main] INFO  om.OzoneManager (OzoneManager.java:start(1243)) - OzoneManager RPC server is listening at localhost/127.0.0.1:41919
2019-09-25 11:33:31,280 [main] INFO  impl.MetricsSystemImpl (MetricsSystemImpl.java:init(158)) - OzoneManager metrics system started (again)
2019-09-25 11:33:31,280 [main] INFO  ratis.OzoneManagerRatisServer (OzoneManagerRatisServer.java:start(331)) - Starting OzoneManagerRatisServer ebfe4120-891b-4695-82c2-d33a5313478d at port 9872
2019-09-25 11:33:31,281 [pool-22-thread-1] INFO  storage.RaftStorage (RaftStorage.java:format(72)) - Storage directory /workdir/hadoop-ozone/integration-test/target/test-dir/MiniOzoneClusterImpl-af71ae92-902d-4bbe-8221-3c085bdab3fc/ozone-meta/ratis/bf265839-605b-3f16-9796-c5ba1605619e has been successfully formatted.
2019-09-25 11:33:31,285 [pool-22-thread-1] INFO  server.RaftServerConfigKeys (ConfUtils.java:logGet(43)) - raft.server.notification.no-leader.timeout = 120s (custom)
2019-09-25 11:33:31,288 [pool-22-thread-1] INFO  server.RaftServerConfigKeys (ConfUtils.java:logGet(43)) - raft.server.log.use.memory = false (default)
2019-09-25 11:33:31,294 [pool-22-thread-1] INFO  server.RaftServerConfigKeys (ConfUtils.java:logGet(43)) - raft.server.log.purge.gap = 1000000 (custom)
2019-09-25 11:33:31,294 [pool-22-thread-1] INFO  server.RaftServerConfigKeys (ConfUtils.java:logGet(43)) - raft.server.log.appender.buffer.byte-limit = 33554432 (custom)
2019-09-25 11:33:31,297 [pool-22-thread-1] INFO  server.RaftServerConfigKeys (ConfUtils.java:logGet(43)) - raft.server.log.segment.size.max = 16384 (custom)
2019-09-25 11:33:31,301 [pool-22-thread-1] INFO  server.RaftServerConfigKeys (ConfUtils.java:logGet(43)) - raft.server.log.segment.cache.num.max = 2 (custom)
2019-09-25 11:33:31,306 [pool-22-thread-1] INFO  segmented.SegmentedRaftLogWorker (SegmentedRaftLogWorker.java:<init>(172)) - new ebfe4120-891b-4695-82c2-d33a5313478d@group-C5BA1605619E-SegmentedRaftLogWorker for RaftStorage:Storage Directory /workdir/hadoop-ozone/integration-test/target/test-dir/MiniOzoneClusterImpl-af71ae92-902d-4bbe-8221-3c085bdab3fc/ozone-meta/ratis/bf265839-605b-3f16-9796-c5ba1605619e
2019-09-25 11:33:31,307 [pool-22-thread-1] INFO  impl.MetricsSystemImpl (MetricsSystemImpl.java:init(158)) - ratis metrics system started (again)
2019-09-25 11:33:31,313 [pool-22-thread-1] INFO  metrics.MetricRegistries (MetricRegistriesLoader.java:load(64)) - Loaded MetricRegistries class org.apache.ratis.metrics.impl.MetricRegistriesImpl
2019-09-25 11:33:31,341 [pool-22-thread-1] INFO  server.RaftServerConfigKeys (ConfUtils.java:logGet(43)) - raft.server.log.queue.byte-limit = 64MB (=67108864) (default)
2019-09-25 11:33:31,341 [pool-22-thread-1] INFO  server.RaftServerConfigKeys (ConfUtils.java:logGet(43)) - raft.server.log.queue.element-limit = 4096 (default)
2019-09-25 11:33:31,344 [pool-22-thread-1] INFO  server.RaftServerConfigKeys (ConfUtils.java:logGet(43)) - raft.server.log.segment.size.max = 16384 (custom)
2019-09-25 11:33:31,345 [pool-22-thread-1] INFO  server.RaftServerConfigKeys (ConfUtils.java:logGet(43)) - raft.server.log.preallocated.size = 16384 (custom)
2019-09-25 11:33:31,345 [pool-22-thread-1] INFO  server.RaftServerConfigKeys (ConfUtils.java:logGet(43)) - raft.server.log.write.buffer.size = 64KB (=65536) (default)
2019-09-25 11:33:31,346 [pool-22-thread-1] INFO  server.RaftServerConfigKeys (ConfUtils.java:logGet(43)) - raft.server.log.force.sync.num = 128 (default)
2019-09-25 11:33:31,347 [pool-22-thread-1] INFO  server.RaftServerConfigKeys (ConfUtils.java:logGet(43)) - raft.server.log.statemachine.data.sync = true (default)
2019-09-25 11:33:31,347 [pool-22-thread-1] INFO  server.RaftServerConfigKeys (ConfUtils.java:logGet(43)) - raft.server.log.statemachine.data.sync.timeout = 10s (default)
2019-09-25 11:33:31,348 [pool-22-thread-1] INFO  server.RaftServerConfigKeys (ConfUtils.java:logGet(43)) - raft.server.log.statemachine.data.sync.timeout.retry = -1 (default)
2019-09-25 11:33:31,356 [pool-22-thread-1] INFO  server.RaftServerConfigKeys (ConfUtils.java:logGet(43)) - raft.server.log.statemachine.data.caching.enabled = false (default)
2019-09-25 11:33:31,362 [pool-22-thread-1] INFO  segmented.SegmentedRaftLogWorker (SegmentedRaftLogWorker.java:lambda$new$0(132)) - ebfe4120-891b-4695-82c2-d33a5313478d@group-C5BA1605619E-SegmentedRaftLogWorker: flushIndex: setUnconditionally 0 -> -1
2019-09-25 11:33:31,366 [pool-22-thread-1] INFO  server.RaftServerConfigKeys (ConfUtils.java:logGet(43)) - raft.server.snapshot.auto.trigger.enabled = true (custom)
2019-09-25 11:33:31,367 [pool-22-thread-1] INFO  server.RaftServerConfigKeys (ConfUtils.java:logGet(43)) - raft.server.snapshot.auto.trigger.threshold = 400000 (default)
2019-09-25 11:33:31,368 [pool-22-thread-1] INFO  server.RaftServerConfigKeys (ConfUtils.java:logGet(43)) - raft.server.snapshot.retention.num.files = -1 (default)
2019-09-25 11:33:31,368 [pool-22-thread-1] INFO  server.RaftServerConfigKeys (ConfUtils.java:logGet(43)) - raft.server.retrycache.expirytime = 600000ms (custom)
2019-09-25 11:33:31,395 [main] INFO  impl.RaftServerImpl (RaftServerImpl.java:start(185)) - ebfe4120-891b-4695-82c2-d33a5313478d@group-C5BA1605619E: start as a follower, conf=-1: [ebfe4120-891b-4695-82c2-d33a5313478d:localhost:9872], old=null
2019-09-25 11:33:31,398 [main] INFO  impl.RaftServerImpl (RaftServerImpl.java:setRole(174)) - ebfe4120-891b-4695-82c2-d33a5313478d@group-C5BA1605619E: changes role from      null to FOLLOWER at term 0 for startAsFollower
2019-09-25 11:33:31,400 [main] INFO  impl.RoleInfo (RoleInfo.java:updateAndGet(143)) - ebfe4120-891b-4695-82c2-d33a5313478d: start FollowerState
2019-09-25 11:33:31,403 [main] INFO  util.JmxRegister (JmxRegister.java:tryRegister(44)) - Successfully registered JMX Bean with object name Ratis:service=RaftServer,group=group-C5BA1605619E,id=ebfe4120-891b-4695-82c2-d33a5313478d
2019-09-25 11:33:31,404 [main] INFO  impl.RaftServerProxy (RaftServerProxy.java:lambda$start$3(299)) - ebfe4120-891b-4695-82c2-d33a5313478d: start RPC server
2019-09-25 11:33:31,549 [main] INFO  server.GrpcService (GrpcService.java:startImpl(158)) - ebfe4120-891b-4695-82c2-d33a5313478d: GrpcService started, listening on 0.0.0.0/0.0.0.0:9872
2019-09-25 11:33:31,561 [IPC Server Responder] INFO  ipc.Server (Server.java:run(1314)) - IPC Server Responder: starting
2019-09-25 11:33:31,562 [IPC Server listener on 41919] INFO  ipc.Server (Server.java:run(1153)) - IPC Server listener on 41919: starting
2019-09-25 11:33:31,569 [main] INFO  hdfs.DFSUtil (DFSUtil.java:httpServerTemplateForNNAndJN(1641)) - Starting Web-server for ozoneManager at: http://0.0.0.0:0
2019-09-25 11:33:31,573 [main] INFO  server.AuthenticationFilter (AuthenticationFilter.java:constructSecretProvider(240)) - Unable to initialize FileSignerSecretProvider, falling back to use random secrets.
2019-09-25 11:33:31,575 [main] WARN  http.HttpRequestLog (HttpRequestLog.java:getRequestLog(97)) - Jetty request log can only be enabled using Log4j
2019-09-25 11:33:31,579 [main] INFO  http.HttpServer2 (HttpServer2.java:addGlobalFilter(975)) - Added global filter 'safety' (class=org.apache.hadoop.http.HttpServer2$QuotingInputFilter)
2019-09-25 11:33:31,580 [main] INFO  http.HttpServer2 (HttpServer2.java:addFilter(948)) - Added filter static_user_filter (class=org.apache.hadoop.http.lib.StaticUserWebFilter$StaticUserFilter) to context ozoneManager
2019-09-25 11:33:31,581 [main] INFO  http.HttpServer2 (HttpServer2.java:addFilter(958)) - Added filter static_user_filter (class=org.apache.hadoop.http.lib.StaticUserWebFilter$StaticUserFilter) to context logs
2019-09-25 11:33:31,581 [main] INFO  http.HttpServer2 (HttpServer2.java:addFilter(958)) - Added filter static_user_filter (class=org.apache.hadoop.http.lib.StaticUserWebFilter$StaticUserFilter) to context static
2019-09-25 11:33:31,585 [main] INFO  http.HttpServer2 (HttpServer2.java:bindListener(1191)) - Jetty bound to port 39226
2019-09-25 11:33:31,586 [main] INFO  server.Server (Server.java:doStart(351)) - jetty-9.3.25.v20180904, build timestamp: 2018-09-04T21:11:46Z, git hash: 3ce520221d0240229c862b122d2b06c12a625732
2019-09-25 11:33:31,589 [main] INFO  handler.ContextHandler (ContextHandler.java:doStart(781)) - Started o.e.j.s.ServletContextHandler@42714a7{/logs,file:///workdir/hadoop-ozone/integration-test/target/log,AVAILABLE}
2019-09-25 11:33:31,590 [main] INFO  handler.ContextHandler (ContextHandler.java:doStart(781)) - Started o.e.j.s.ServletContextHandler@3ce53f6a{/static,file:///workdir/hadoop-ozone/integration-test/target/test-classes/webapps/static,AVAILABLE}
2019-09-25 11:33:31,598 [main] INFO  handler.ContextHandler (ContextHandler.java:doStart(781)) - Started o.e.j.w.WebAppContext@5a2bd7c8{/,file:///workdir/hadoop-ozone/integration-test/target/test-classes/webapps/ozoneManager/,AVAILABLE}{/ozoneManager}
2019-09-25 11:33:31,599 [main] INFO  server.AbstractConnector (AbstractConnector.java:doStart(278)) - Started ServerConnector@7ca8d498{HTTP/1.1,[http/1.1]}{0.0.0.0:39226}
2019-09-25 11:33:31,601 [main] INFO  server.Server (Server.java:doStart(419)) - Started @5387ms
2019-09-25 11:33:31,601 [main] WARN  impl.MetricsSystemImpl (MetricsSystemImpl.java:register(276)) - Sink prometheus already exists!
2019-09-25 11:33:31,602 [main] INFO  server.BaseHttpServer (BaseHttpServer.java:updateConnectorAddress(215)) - HTTP server of OZONEMANAGER is listening at http://0.0.0.0:39226
2019-09-25 11:33:31,794 [main] INFO  impl.MetricsSystemImpl (MetricsSystemImpl.java:init(158)) - HddsDatanode metrics system started (again)
2019-09-25 11:33:31,845 [main] INFO  ozone.HddsDatanodeService (HddsDatanodeService.java:start(184)) - HddsDatanodeService host:pr-hdds-1569-5gmkr-4255264070 ip:192.168.30.6
2019-09-25 11:33:31,877 [main] INFO  volume.HddsVolume (HddsVolume.java:<init>(176)) - Creating Volume: /workdir/hadoop-ozone/integration-test/target/test-dir/MiniOzoneClusterImpl-af71ae92-902d-4bbe-8221-3c085bdab3fc/datanode-0/data/containers/hdds of  storage type : DISK and capacity : 1482555576320
2019-09-25 11:33:31,878 [main] INFO  volume.VolumeSet (VolumeSet.java:initializeVolumeSet(170)) - Added Volume : /workdir/hadoop-ozone/integration-test/target/test-dir/MiniOzoneClusterImpl-af71ae92-902d-4bbe-8221-3c085bdab3fc/datanode-0/data/containers/hdds to VolumeSet
2019-09-25 11:33:31,881 [main] INFO  volume.ThrottledAsyncChecker (ThrottledAsyncChecker.java:schedule(139)) - Scheduling a check for org.apache.hadoop.ozone.container.common.volume.HddsVolume@79b84841
2019-09-25 11:33:31,898 [main] INFO  volume.HddsVolumeChecker (HddsVolumeChecker.java:checkAllVolumes(202)) - Scheduled health check for volume org.apache.hadoop.ozone.container.common.volume.HddsVolume@79b84841
2019-09-25 11:33:31,947 [main] INFO  impl.RaftServerProxy (ConfUtils.java:logGet(43)) - raft.rpc.type = GRPC (default)
2019-09-25 11:33:31,947 [main] INFO  grpc.GrpcFactory (GrpcFactory.java:checkPooledByteBufAllocatorUseCacheForAllThreads(45)) - PERFORMANCE WARNING: useCacheForAllThreads is true that may cause Netty to create a lot garbage objects and, as a result, trigger GC.
	It is recommended to disable useCacheForAllThreads by setting -Dorg.apache.ratis.thirdparty.io.netty.allocator.useCacheForAllThreads=false in command line.
2019-09-25 11:33:31,947 [main] INFO  grpc.GrpcConfigKeys$Server (ConfUtils.java:logGet(43)) - raft.grpc.server.port = 0 (default)
2019-09-25 11:33:31,948 [main] INFO  server.GrpcService (ConfUtils.java:logGet(43)) - raft.grpc.message.size.max = 33570816 (custom)
2019-09-25 11:33:31,948 [main] INFO  server.RaftServerConfigKeys (ConfUtils.java:logGet(43)) - raft.server.log.appender.buffer.byte-limit = 33554432 (custom)
2019-09-25 11:33:31,948 [main] INFO  server.GrpcService (ConfUtils.java:logGet(43)) - raft.grpc.flow.control.window = 1MB (=1048576) (default)
2019-09-25 11:33:31,949 [main] INFO  server.RaftServerConfigKeys (ConfUtils.java:logGet(43)) - raft.server.rpc.request.timeout = 3000ms (default)
2019-09-25 11:33:31,949 [main] INFO  server.RaftServerConfigKeys (ConfUtils.java:logGet(43)) - raft.server.storage.dir = [/workdir/hadoop-ozone/integration-test/target/test-dir/MiniOzoneClusterImpl-af71ae92-902d-4bbe-8221-3c085bdab3fc/datanode-0/data/ratis] (custom)
2019-09-25 11:33:31,996 [main] INFO  hdfs.DFSUtil (DFSUtil.java:httpServerTemplateForNNAndJN(1641)) - Starting Web-server for hddsDatanode at: http://0.0.0.0:0
2019-09-25 11:33:31,999 [main] INFO  server.AuthenticationFilter (AuthenticationFilter.java:constructSecretProvider(240)) - Unable to initialize FileSignerSecretProvider, falling back to use random secrets.
2019-09-25 11:33:32,000 [main] WARN  http.HttpRequestLog (HttpRequestLog.java:getRequestLog(97)) - Jetty request log can only be enabled using Log4j
2019-09-25 11:33:32,003 [main] INFO  http.HttpServer2 (HttpServer2.java:addGlobalFilter(975)) - Added global filter 'safety' (class=org.apache.hadoop.http.HttpServer2$QuotingInputFilter)
2019-09-25 11:33:32,004 [main] INFO  http.HttpServer2 (HttpServer2.java:addFilter(948)) - Added filter static_user_filter (class=org.apache.hadoop.http.lib.StaticUserWebFilter$StaticUserFilter) to context hddsDatanode
2019-09-25 11:33:32,004 [main] INFO  http.HttpServer2 (HttpServer2.java:addFilter(958)) - Added filter static_user_filter (class=org.apache.hadoop.http.lib.StaticUserWebFilter$StaticUserFilter) to context static
2019-09-25 11:33:32,004 [main] INFO  http.HttpServer2 (HttpServer2.java:addFilter(958)) - Added filter static_user_filter (class=org.apache.hadoop.http.lib.StaticUserWebFilter$StaticUserFilter) to context logs
2019-09-25 11:33:32,006 [main] INFO  http.HttpServer2 (HttpServer2.java:bindListener(1191)) - Jetty bound to port 43176
2019-09-25 11:33:32,006 [main] INFO  server.Server (Server.java:doStart(351)) - jetty-9.3.25.v20180904, build timestamp: 2018-09-04T21:11:46Z, git hash: 3ce520221d0240229c862b122d2b06c12a625732
2019-09-25 11:33:32,009 [main] INFO  handler.ContextHandler (ContextHandler.java:doStart(781)) - Started o.e.j.s.ServletContextHandler@4cb2918c{/logs,file:///workdir/hadoop-ozone/integration-test/target/log,AVAILABLE}
2019-09-25 11:33:32,010 [main] INFO  handler.ContextHandler (ContextHandler.java:doStart(781)) - Started o.e.j.s.ServletContextHandler@c2584d3{/static,jar:file:/home/user/.m2/repository/org/apache/hadoop/hadoop-hdds-container-service/0.5.0-SNAPSHOT/hadoop-hdds-container-service-0.5.0-SNAPSHOT.jar!/webapps/static,AVAILABLE}
2019-09-25 11:33:32,058 [main] INFO  handler.ContextHandler (ContextHandler.java:doStart(781)) - Started o.e.j.w.WebAppContext@4993febc{/,file:///tmp/jetty-0.0.0.0-43176-hddsDatanode-_-any-1529790982717856105.dir/webapp/,AVAILABLE}{/hddsDatanode}
2019-09-25 11:33:32,059 [main] INFO  server.AbstractConnector (AbstractConnector.java:doStart(278)) - Started ServerConnector@7601bc96{HTTP/1.1,[http/1.1]}{0.0.0.0:43176}
2019-09-25 11:33:32,060 [main] INFO  server.Server (Server.java:doStart(419)) - Started @5846ms
2019-09-25 11:33:32,061 [main] WARN  impl.MetricsSystemImpl (MetricsSystemImpl.java:register(276)) - Sink prometheus already exists!
2019-09-25 11:33:32,062 [main] INFO  server.BaseHttpServer (BaseHttpServer.java:updateConnectorAddress(215)) - HTTP server of HDDSDATANODE is listening at http://0.0.0.0:43176
2019-09-25 11:33:32,063 [main] INFO  impl.MetricsSystemImpl (MetricsSystemImpl.java:init(158)) - HddsDatanode metrics system started (again)
2019-09-25 11:33:32,068 [main] INFO  ozone.HddsDatanodeService (HddsDatanodeService.java:start(184)) - HddsDatanodeService host:pr-hdds-1569-5gmkr-4255264070 ip:192.168.30.6
2019-09-25 11:33:32,069 [org.apache.hadoop.util.JvmPauseMonitor$Monitor@7add9215] INFO  util.JvmPauseMonitor (JvmPauseMonitor.java:run(188)) - Starting JVM pause monitor
2019-09-25 11:33:32,079 [main] INFO  volume.HddsVolume (HddsVolume.java:<init>(176)) - Creating Volume: /workdir/hadoop-ozone/integration-test/target/test-dir/MiniOzoneClusterImpl-af71ae92-902d-4bbe-8221-3c085bdab3fc/datanode-1/data/containers/hdds of  storage type : DISK and capacity : 1482555576320
2019-09-25 11:33:32,079 [main] INFO  volume.VolumeSet (VolumeSet.java:initializeVolumeSet(170)) - Added Volume : /workdir/hadoop-ozone/integration-test/target/test-dir/MiniOzoneClusterImpl-af71ae92-902d-4bbe-8221-3c085bdab3fc/datanode-1/data/containers/hdds to VolumeSet
2019-09-25 11:33:32,079 [main] INFO  volume.ThrottledAsyncChecker (ThrottledAsyncChecker.java:schedule(139)) - Scheduling a check for org.apache.hadoop.ozone.container.common.volume.HddsVolume@4d18b73a
2019-09-25 11:33:32,080 [main] INFO  volume.HddsVolumeChecker (HddsVolumeChecker.java:checkAllVolumes(202)) - Scheduled health check for volume org.apache.hadoop.ozone.container.common.volume.HddsVolume@4d18b73a
2019-09-25 11:33:32,101 [main] INFO  impl.RaftServerProxy (ConfUtils.java:logGet(43)) - raft.rpc.type = GRPC (default)
2019-09-25 11:33:32,101 [main] INFO  grpc.GrpcFactory (GrpcFactory.java:checkPooledByteBufAllocatorUseCacheForAllThreads(45)) - PERFORMANCE WARNING: useCacheForAllThreads is true that may cause Netty to create a lot garbage objects and, as a result, trigger GC.
	It is recommended to disable useCacheForAllThreads by setting -Dorg.apache.ratis.thirdparty.io.netty.allocator.useCacheForAllThreads=false in command line.
2019-09-25 11:33:32,101 [main] INFO  grpc.GrpcConfigKeys$Server (ConfUtils.java:logGet(43)) - raft.grpc.server.port = 0 (default)
2019-09-25 11:33:32,102 [main] INFO  server.GrpcService (ConfUtils.java:logGet(43)) - raft.grpc.message.size.max = 33570816 (custom)
2019-09-25 11:33:32,102 [main] INFO  server.RaftServerConfigKeys (ConfUtils.java:logGet(43)) - raft.server.log.appender.buffer.byte-limit = 33554432 (custom)
2019-09-25 11:33:32,102 [main] INFO  server.GrpcService (ConfUtils.java:logGet(43)) - raft.grpc.flow.control.window = 1MB (=1048576) (default)
2019-09-25 11:33:32,103 [main] INFO  server.RaftServerConfigKeys (ConfUtils.java:logGet(43)) - raft.server.rpc.request.timeout = 3000ms (default)
2019-09-25 11:33:32,104 [main] INFO  server.RaftServerConfigKeys (ConfUtils.java:logGet(43)) - raft.server.storage.dir = [/workdir/hadoop-ozone/integration-test/target/test-dir/MiniOzoneClusterImpl-af71ae92-902d-4bbe-8221-3c085bdab3fc/datanode-1/data/ratis] (custom)
2019-09-25 11:33:32,106 [main] INFO  hdfs.DFSUtil (DFSUtil.java:httpServerTemplateForNNAndJN(1641)) - Starting Web-server for hddsDatanode at: http://0.0.0.0:0
2019-09-25 11:33:32,107 [main] INFO  server.AuthenticationFilter (AuthenticationFilter.java:constructSecretProvider(240)) - Unable to initialize FileSignerSecretProvider, falling back to use random secrets.
2019-09-25 11:33:32,108 [main] WARN  http.HttpRequestLog (HttpRequestLog.java:getRequestLog(97)) - Jetty request log can only be enabled using Log4j
2019-09-25 11:33:32,110 [main] INFO  http.HttpServer2 (HttpServer2.java:addGlobalFilter(975)) - Added global filter 'safety' (class=org.apache.hadoop.http.HttpServer2$QuotingInputFilter)
2019-09-25 11:33:32,111 [main] INFO  http.HttpServer2 (HttpServer2.java:addFilter(948)) - Added filter static_user_filter (class=org.apache.hadoop.http.lib.StaticUserWebFilter$StaticUserFilter) to context hddsDatanode
2019-09-25 11:33:32,111 [main] INFO  http.HttpServer2 (HttpServer2.java:addFilter(958)) - Added filter static_user_filter (class=org.apache.hadoop.http.lib.StaticUserWebFilter$StaticUserFilter) to context logs
2019-09-25 11:33:32,112 [main] INFO  http.HttpServer2 (HttpServer2.java:addFilter(958)) - Added filter static_user_filter (class=org.apache.hadoop.http.lib.StaticUserWebFilter$StaticUserFilter) to context static
2019-09-25 11:33:32,113 [main] INFO  http.HttpServer2 (HttpServer2.java:bindListener(1191)) - Jetty bound to port 38082
2019-09-25 11:33:32,113 [main] INFO  server.Server (Server.java:doStart(351)) - jetty-9.3.25.v20180904, build timestamp: 2018-09-04T21:11:46Z, git hash: 3ce520221d0240229c862b122d2b06c12a625732
2019-09-25 11:33:32,117 [main] INFO  handler.ContextHandler (ContextHandler.java:doStart(781)) - Started o.e.j.s.ServletContextHandler@3af7d855{/logs,file:///workdir/hadoop-ozone/integration-test/target/log,AVAILABLE}
2019-09-25 11:33:32,117 [main] INFO  handler.ContextHandler (ContextHandler.java:doStart(781)) - Started o.e.j.s.ServletContextHandler@f88bfbe{/static,jar:file:/home/user/.m2/repository/org/apache/hadoop/hadoop-hdds-container-service/0.5.0-SNAPSHOT/hadoop-hdds-container-service-0.5.0-SNAPSHOT.jar!/webapps/static,AVAILABLE}
2019-09-25 11:33:32,153 [main] INFO  handler.ContextHandler (ContextHandler.java:doStart(781)) - Started o.e.j.w.WebAppContext@71c17a57{/,file:///tmp/jetty-0.0.0.0-38082-hddsDatanode-_-any-5097307368215345161.dir/webapp/,AVAILABLE}{/hddsDatanode}
2019-09-25 11:33:32,154 [main] INFO  server.AbstractConnector (AbstractConnector.java:doStart(278)) - Started ServerConnector@640ab13c{HTTP/1.1,[http/1.1]}{0.0.0.0:38082}
2019-09-25 11:33:32,154 [main] INFO  server.Server (Server.java:doStart(419)) - Started @5941ms
2019-09-25 11:33:32,155 [main] WARN  impl.MetricsSystemImpl (MetricsSystemImpl.java:register(276)) - Sink prometheus already exists!
2019-09-25 11:33:32,156 [main] INFO  server.BaseHttpServer (BaseHttpServer.java:updateConnectorAddress(215)) - HTTP server of HDDSDATANODE is listening at http://0.0.0.0:38082
2019-09-25 11:33:32,157 [main] INFO  impl.MetricsSystemImpl (MetricsSystemImpl.java:init(158)) - HddsDatanode metrics system started (again)
2019-09-25 11:33:32,159 [main] INFO  ozone.HddsDatanodeService (HddsDatanodeService.java:start(184)) - HddsDatanodeService host:pr-hdds-1569-5gmkr-4255264070 ip:192.168.30.6
2019-09-25 11:33:32,160 [org.apache.hadoop.util.JvmPauseMonitor$Monitor@7983090b] INFO  util.JvmPauseMonitor (JvmPauseMonitor.java:run(188)) - Starting JVM pause monitor
2019-09-25 11:33:32,169 [main] INFO  volume.HddsVolume (HddsVolume.java:<init>(176)) - Creating Volume: /workdir/hadoop-ozone/integration-test/target/test-dir/MiniOzoneClusterImpl-af71ae92-902d-4bbe-8221-3c085bdab3fc/datanode-2/data/containers/hdds of  storage type : DISK and capacity : 1482555576320
2019-09-25 11:33:32,170 [main] INFO  volume.VolumeSet (VolumeSet.java:initializeVolumeSet(170)) - Added Volume : /workdir/hadoop-ozone/integration-test/target/test-dir/MiniOzoneClusterImpl-af71ae92-902d-4bbe-8221-3c085bdab3fc/datanode-2/data/containers/hdds to VolumeSet
2019-09-25 11:33:32,170 [main] INFO  volume.ThrottledAsyncChecker (ThrottledAsyncChecker.java:schedule(139)) - Scheduling a check for org.apache.hadoop.ozone.container.common.volume.HddsVolume@178f268a
2019-09-25 11:33:32,171 [main] INFO  volume.HddsVolumeChecker (HddsVolumeChecker.java:checkAllVolumes(202)) - Scheduled health check for volume org.apache.hadoop.ozone.container.common.volume.HddsVolume@178f268a
2019-09-25 11:33:32,187 [Datanode State Machine Thread - 0] INFO  datanode.InitDatanodeState (InitDatanodeState.java:persistContainerDatanodeDetails(140)) - DatanodeDetails is persisted to /workdir/hadoop-ozone/integration-test/target/test-dir/MiniOzoneClusterImpl-af71ae92-902d-4bbe-8221-3c085bdab3fc/datanode-0/meta/datanode.id
2019-09-25 11:33:32,191 [Datanode State Machine Thread - 0] INFO  datanode.InitDatanodeState (InitDatanodeState.java:persistContainerDatanodeDetails(140)) - DatanodeDetails is persisted to /workdir/hadoop-ozone/integration-test/target/test-dir/MiniOzoneClusterImpl-af71ae92-902d-4bbe-8221-3c085bdab3fc/datanode-1/meta/datanode.id
2019-09-25 11:33:32,195 [main] INFO  impl.RaftServerProxy (ConfUtils.java:logGet(43)) - raft.rpc.type = GRPC (default)
2019-09-25 11:33:32,196 [main] INFO  grpc.GrpcFactory (GrpcFactory.java:checkPooledByteBufAllocatorUseCacheForAllThreads(45)) - PERFORMANCE WARNING: useCacheForAllThreads is true that may cause Netty to create a lot garbage objects and, as a result, trigger GC.
	It is recommended to disable useCacheForAllThreads by setting -Dorg.apache.ratis.thirdparty.io.netty.allocator.useCacheForAllThreads=false in command line.
2019-09-25 11:33:32,196 [main] INFO  grpc.GrpcConfigKeys$Server (ConfUtils.java:logGet(43)) - raft.grpc.server.port = 0 (default)
2019-09-25 11:33:32,196 [main] INFO  server.GrpcService (ConfUtils.java:logGet(43)) - raft.grpc.message.size.max = 33570816 (custom)
2019-09-25 11:33:32,197 [main] INFO  server.RaftServerConfigKeys (ConfUtils.java:logGet(43)) - raft.server.log.appender.buffer.byte-limit = 33554432 (custom)
2019-09-25 11:33:32,197 [main] INFO  server.GrpcService (ConfUtils.java:logGet(43)) - raft.grpc.flow.control.window = 1MB (=1048576) (default)
2019-09-25 11:33:32,198 [main] INFO  server.RaftServerConfigKeys (ConfUtils.java:logGet(43)) - raft.server.rpc.request.timeout = 3000ms (default)
2019-09-25 11:33:32,199 [main] INFO  server.RaftServerConfigKeys (ConfUtils.java:logGet(43)) - raft.server.storage.dir = [/workdir/hadoop-ozone/integration-test/target/test-dir/MiniOzoneClusterImpl-af71ae92-902d-4bbe-8221-3c085bdab3fc/datanode-2/data/ratis] (custom)
2019-09-25 11:33:32,201 [main] INFO  hdfs.DFSUtil (DFSUtil.java:httpServerTemplateForNNAndJN(1641)) - Starting Web-server for hddsDatanode at: http://0.0.0.0:0
2019-09-25 11:33:32,203 [main] INFO  server.AuthenticationFilter (AuthenticationFilter.java:constructSecretProvider(240)) - Unable to initialize FileSignerSecretProvider, falling back to use random secrets.
2019-09-25 11:33:32,203 [main] WARN  http.HttpRequestLog (HttpRequestLog.java:getRequestLog(97)) - Jetty request log can only be enabled using Log4j
2019-09-25 11:33:32,205 [main] INFO  http.HttpServer2 (HttpServer2.java:addGlobalFilter(975)) - Added global filter 'safety' (class=org.apache.hadoop.http.HttpServer2$QuotingInputFilter)
2019-09-25 11:33:32,206 [main] INFO  http.HttpServer2 (HttpServer2.java:addFilter(948)) - Added filter static_user_filter (class=org.apache.hadoop.http.lib.StaticUserWebFilter$StaticUserFilter) to context hddsDatanode
2019-09-25 11:33:32,207 [main] INFO  http.HttpServer2 (HttpServer2.java:addFilter(958)) - Added filter static_user_filter (class=org.apache.hadoop.http.lib.StaticUserWebFilter$StaticUserFilter) to context logs
2019-09-25 11:33:32,207 [main] INFO  http.HttpServer2 (HttpServer2.java:addFilter(958)) - Added filter static_user_filter (class=org.apache.hadoop.http.lib.StaticUserWebFilter$StaticUserFilter) to context static
2019-09-25 11:33:32,208 [main] INFO  http.HttpServer2 (HttpServer2.java:bindListener(1191)) - Jetty bound to port 40295
2019-09-25 11:33:32,208 [main] INFO  server.Server (Server.java:doStart(351)) - jetty-9.3.25.v20180904, build timestamp: 2018-09-04T21:11:46Z, git hash: 3ce520221d0240229c862b122d2b06c12a625732
2019-09-25 11:33:32,210 [main] INFO  handler.ContextHandler (ContextHandler.java:doStart(781)) - Started o.e.j.s.ServletContextHandler@a50d709{/logs,file:///workdir/hadoop-ozone/integration-test/target/log,AVAILABLE}
2019-09-25 11:33:32,211 [main] INFO  handler.ContextHandler (ContextHandler.java:doStart(781)) - Started o.e.j.s.ServletContextHandler@6920b0bc{/static,jar:file:/home/user/.m2/repository/org/apache/hadoop/hadoop-hdds-container-service/0.5.0-SNAPSHOT/hadoop-hdds-container-service-0.5.0-SNAPSHOT.jar!/webapps/static,AVAILABLE}
2019-09-25 11:33:32,249 [main] INFO  handler.ContextHandler (ContextHandler.java:doStart(781)) - Started o.e.j.w.WebAppContext@1d12e953{/,file:///tmp/jetty-0.0.0.0-40295-hddsDatanode-_-any-4853435338063211874.dir/webapp/,AVAILABLE}{/hddsDatanode}
2019-09-25 11:33:32,250 [main] INFO  server.AbstractConnector (AbstractConnector.java:doStart(278)) - Started ServerConnector@57cb70be{HTTP/1.1,[http/1.1]}{0.0.0.0:40295}
2019-09-25 11:33:32,251 [main] INFO  server.Server (Server.java:doStart(419)) - Started @6036ms
2019-09-25 11:33:32,251 [main] WARN  impl.MetricsSystemImpl (MetricsSystemImpl.java:register(276)) - Sink prometheus already exists!
2019-09-25 11:33:32,252 [main] INFO  server.BaseHttpServer (BaseHttpServer.java:updateConnectorAddress(215)) - HTTP server of HDDSDATANODE is listening at http://0.0.0.0:40295
2019-09-25 11:33:32,252 [main] INFO  impl.MetricsSystemImpl (MetricsSystemImpl.java:init(158)) - HddsDatanode metrics system started (again)
2019-09-25 11:33:32,256 [org.apache.hadoop.util.JvmPauseMonitor$Monitor@64d7a5f8] INFO  util.JvmPauseMonitor (JvmPauseMonitor.java:run(188)) - Starting JVM pause monitor
2019-09-25 11:33:32,257 [main] INFO  ozone.HddsDatanodeService (HddsDatanodeService.java:start(184)) - HddsDatanodeService host:pr-hdds-1569-5gmkr-4255264070 ip:192.168.30.6
2019-09-25 11:33:32,259 [Datanode State Machine Thread - 0] INFO  datanode.InitDatanodeState (InitDatanodeState.java:persistContainerDatanodeDetails(140)) - DatanodeDetails is persisted to /workdir/hadoop-ozone/integration-test/target/test-dir/MiniOzoneClusterImpl-af71ae92-902d-4bbe-8221-3c085bdab3fc/datanode-2/meta/datanode.id
2019-09-25 11:33:32,265 [main] INFO  volume.HddsVolume (HddsVolume.java:<init>(176)) - Creating Volume: /workdir/hadoop-ozone/integration-test/target/test-dir/MiniOzoneClusterImpl-af71ae92-902d-4bbe-8221-3c085bdab3fc/datanode-3/data/containers/hdds of  storage type : DISK and capacity : 1482555576320
2019-09-25 11:33:32,266 [main] INFO  volume.VolumeSet (VolumeSet.java:initializeVolumeSet(170)) - Added Volume : /workdir/hadoop-ozone/integration-test/target/test-dir/MiniOzoneClusterImpl-af71ae92-902d-4bbe-8221-3c085bdab3fc/datanode-3/data/containers/hdds to VolumeSet
2019-09-25 11:33:32,266 [main] INFO  volume.ThrottledAsyncChecker (ThrottledAsyncChecker.java:schedule(139)) - Scheduling a check for org.apache.hadoop.ozone.container.common.volume.HddsVolume@2e1ddc90
2019-09-25 11:33:32,267 [main] INFO  volume.HddsVolumeChecker (HddsVolumeChecker.java:checkAllVolumes(202)) - Scheduled health check for volume org.apache.hadoop.ozone.container.common.volume.HddsVolume@2e1ddc90
2019-09-25 11:33:32,290 [main] INFO  impl.RaftServerProxy (ConfUtils.java:logGet(43)) - raft.rpc.type = GRPC (default)
2019-09-25 11:33:32,290 [main] INFO  grpc.GrpcFactory (GrpcFactory.java:checkPooledByteBufAllocatorUseCacheForAllThreads(45)) - PERFORMANCE WARNING: useCacheForAllThreads is true that may cause Netty to create a lot garbage objects and, as a result, trigger GC.
	It is recommended to disable useCacheForAllThreads by setting -Dorg.apache.ratis.thirdparty.io.netty.allocator.useCacheForAllThreads=false in command line.
2019-09-25 11:33:32,290 [main] INFO  grpc.GrpcConfigKeys$Server (ConfUtils.java:logGet(43)) - raft.grpc.server.port = 0 (default)
2019-09-25 11:33:32,291 [main] INFO  server.GrpcService (ConfUtils.java:logGet(43)) - raft.grpc.message.size.max = 33570816 (custom)
2019-09-25 11:33:32,291 [main] INFO  server.RaftServerConfigKeys (ConfUtils.java:logGet(43)) - raft.server.log.appender.buffer.byte-limit = 33554432 (custom)
2019-09-25 11:33:32,292 [main] INFO  server.GrpcService (ConfUtils.java:logGet(43)) - raft.grpc.flow.control.window = 1MB (=1048576) (default)
2019-09-25 11:33:32,292 [main] INFO  server.RaftServerConfigKeys (ConfUtils.java:logGet(43)) - raft.server.rpc.request.timeout = 3000ms (default)
2019-09-25 11:33:32,293 [main] INFO  server.RaftServerConfigKeys (ConfUtils.java:logGet(43)) - raft.server.storage.dir = [/workdir/hadoop-ozone/integration-test/target/test-dir/MiniOzoneClusterImpl-af71ae92-902d-4bbe-8221-3c085bdab3fc/datanode-3/data/ratis] (custom)
2019-09-25 11:33:32,295 [main] INFO  hdfs.DFSUtil (DFSUtil.java:httpServerTemplateForNNAndJN(1641)) - Starting Web-server for hddsDatanode at: http://0.0.0.0:0
2019-09-25 11:33:32,297 [main] INFO  server.AuthenticationFilter (AuthenticationFilter.java:constructSecretProvider(240)) - Unable to initialize FileSignerSecretProvider, falling back to use random secrets.
2019-09-25 11:33:32,297 [main] WARN  http.HttpRequestLog (HttpRequestLog.java:getRequestLog(97)) - Jetty request log can only be enabled using Log4j
2019-09-25 11:33:32,299 [main] INFO  http.HttpServer2 (HttpServer2.java:addGlobalFilter(975)) - Added global filter 'safety' (class=org.apache.hadoop.http.HttpServer2$QuotingInputFilter)
2019-09-25 11:33:32,300 [main] INFO  http.HttpServer2 (HttpServer2.java:addFilter(948)) - Added filter static_user_filter (class=org.apache.hadoop.http.lib.StaticUserWebFilter$StaticUserFilter) to context hddsDatanode
2019-09-25 11:33:32,301 [main] INFO  http.HttpServer2 (HttpServer2.java:addFilter(958)) - Added filter static_user_filter (class=org.apache.hadoop.http.lib.StaticUserWebFilter$StaticUserFilter) to context logs
2019-09-25 11:33:32,301 [main] INFO  http.HttpServer2 (HttpServer2.java:addFilter(958)) - Added filter static_user_filter (class=org.apache.hadoop.http.lib.StaticUserWebFilter$StaticUserFilter) to context static
2019-09-25 11:33:32,302 [main] INFO  http.HttpServer2 (HttpServer2.java:bindListener(1191)) - Jetty bound to port 37982
2019-09-25 11:33:32,302 [main] INFO  server.Server (Server.java:doStart(351)) - jetty-9.3.25.v20180904, build timestamp: 2018-09-04T21:11:46Z, git hash: 3ce520221d0240229c862b122d2b06c12a625732
2019-09-25 11:33:32,306 [main] INFO  handler.ContextHandler (ContextHandler.java:doStart(781)) - Started o.e.j.s.ServletContextHandler@48976e6d{/logs,file:///workdir/hadoop-ozone/integration-test/target/log,AVAILABLE}
2019-09-25 11:33:32,306 [main] INFO  handler.ContextHandler (ContextHandler.java:doStart(781)) - Started o.e.j.s.ServletContextHandler@7f6874f2{/static,jar:file:/home/user/.m2/repository/org/apache/hadoop/hadoop-hdds-container-service/0.5.0-SNAPSHOT/hadoop-hdds-container-service-0.5.0-SNAPSHOT.jar!/webapps/static,AVAILABLE}
2019-09-25 11:33:32,345 [main] INFO  handler.ContextHandler (ContextHandler.java:doStart(781)) - Started o.e.j.w.WebAppContext@670b3ca{/,file:///tmp/jetty-0.0.0.0-37982-hddsDatanode-_-any-8774330353976745246.dir/webapp/,AVAILABLE}{/hddsDatanode}
2019-09-25 11:33:32,345 [main] INFO  server.AbstractConnector (AbstractConnector.java:doStart(278)) - Started ServerConnector@24a86066{HTTP/1.1,[http/1.1]}{0.0.0.0:37982}
2019-09-25 11:33:32,346 [main] INFO  server.Server (Server.java:doStart(419)) - Started @6133ms
2019-09-25 11:33:32,348 [main] WARN  impl.MetricsSystemImpl (MetricsSystemImpl.java:register(276)) - Sink prometheus already exists!
2019-09-25 11:33:32,348 [main] INFO  server.BaseHttpServer (BaseHttpServer.java:updateConnectorAddress(215)) - HTTP server of HDDSDATANODE is listening at http://0.0.0.0:37982
2019-09-25 11:33:32,351 [main] INFO  ozone.MiniOzoneClusterImpl (MiniOzoneClusterImpl.java:lambda$waitForClusterToBeReady$0(147)) - Waiting for cluster to be ready. Got 0 of 4 DN Heartbeats.
2019-09-25 11:33:32,352 [org.apache.hadoop.util.JvmPauseMonitor$Monitor@2da9a1c5] INFO  util.JvmPauseMonitor (JvmPauseMonitor.java:run(188)) - Starting JVM pause monitor
2019-09-25 11:33:32,356 [Datanode State Machine Thread - 0] INFO  datanode.InitDatanodeState (InitDatanodeState.java:persistContainerDatanodeDetails(140)) - DatanodeDetails is persisted to /workdir/hadoop-ozone/integration-test/target/test-dir/MiniOzoneClusterImpl-af71ae92-902d-4bbe-8221-3c085bdab3fc/datanode-3/meta/datanode.id
2019-09-25 11:33:32,491 [Thread-95] INFO  impl.FollowerState (FollowerState.java:run(106)) - ebfe4120-891b-4695-82c2-d33a5313478d:group-C5BA1605619E changes to CANDIDATE, lastRpcTime:1091, electionTimeout:1090ms
2019-09-25 11:33:32,495 [Thread-95] INFO  impl.RoleInfo (RoleInfo.java:shutdownFollowerState(121)) - ebfe4120-891b-4695-82c2-d33a5313478d: shutdown FollowerState
2019-09-25 11:33:32,496 [Thread-95] INFO  impl.RaftServerImpl (RaftServerImpl.java:setRole(174)) - ebfe4120-891b-4695-82c2-d33a5313478d@group-C5BA1605619E: changes role from  FOLLOWER to CANDIDATE at term 0 for changeToCandidate
2019-09-25 11:33:32,500 [Thread-95] INFO  impl.RoleInfo (RoleInfo.java:updateAndGet(143)) - ebfe4120-891b-4695-82c2-d33a5313478d: start LeaderElection
2019-09-25 11:33:32,517 [ebfe4120-891b-4695-82c2-d33a5313478d@group-C5BA1605619E:LeaderElection1] INFO  impl.LeaderElection (LeaderElection.java:askForVotes(182)) - ebfe4120-891b-4695-82c2-d33a5313478d@group-C5BA1605619E:LeaderElection1: begin an election at term 1 for -1: [ebfe4120-891b-4695-82c2-d33a5313478d:localhost:9872], old=null
2019-09-25 11:33:32,519 [ebfe4120-891b-4695-82c2-d33a5313478d@group-C5BA1605619E:LeaderElection1] INFO  impl.RoleInfo (RoleInfo.java:shutdownLeaderElection(134)) - ebfe4120-891b-4695-82c2-d33a5313478d: shutdown LeaderElection
2019-09-25 11:33:32,520 [ebfe4120-891b-4695-82c2-d33a5313478d@group-C5BA1605619E:LeaderElection1] INFO  impl.RaftServerImpl (RaftServerImpl.java:setRole(174)) - ebfe4120-891b-4695-82c2-d33a5313478d@group-C5BA1605619E: changes role from CANDIDATE to LEADER at term 1 for changeToLeader
2019-09-25 11:33:32,520 [ebfe4120-891b-4695-82c2-d33a5313478d@group-C5BA1605619E:LeaderElection1] INFO  impl.RaftServerImpl (ServerState.java:setLeader(253)) - ebfe4120-891b-4695-82c2-d33a5313478d@group-C5BA1605619E: change Leader from null to ebfe4120-891b-4695-82c2-d33a5313478d at term 1 for becomeLeader, leader elected after 1235ms
2019-09-25 11:33:32,533 [ebfe4120-891b-4695-82c2-d33a5313478d@group-C5BA1605619E:LeaderElection1] INFO  server.RaftServerConfigKeys (ConfUtils.java:logGet(43)) - raft.server.staging.catchup.gap = 1000 (default)
2019-09-25 11:33:32,533 [ebfe4120-891b-4695-82c2-d33a5313478d@group-C5BA1605619E:LeaderElection1] INFO  server.RaftServerConfigKeys (ConfUtils.java:logGet(43)) - raft.server.rpc.sleep.time = 25ms (default)
2019-09-25 11:33:32,538 [ebfe4120-891b-4695-82c2-d33a5313478d@group-C5BA1605619E:LeaderElection1] INFO  server.RaftServerConfigKeys (ConfUtils.java:logGet(43)) - raft.server.write.element-limit = 4096 (default)
2019-09-25 11:33:32,543 [ebfe4120-891b-4695-82c2-d33a5313478d@group-C5BA1605619E:LeaderElection1] INFO  server.RaftServerConfigKeys (ConfUtils.java:logGet(43)) - raft.server.watch.timeout = 10s (default)
2019-09-25 11:33:32,543 [ebfe4120-891b-4695-82c2-d33a5313478d@group-C5BA1605619E:LeaderElection1] INFO  server.RaftServerConfigKeys (ConfUtils.java:logGet(43)) - raft.server.watch.timeout.denomination = 1s (default)
2019-09-25 11:33:32,545 [ebfe4120-891b-4695-82c2-d33a5313478d@group-C5BA1605619E:LeaderElection1] INFO  server.RaftServerConfigKeys (ConfUtils.java:logGet(43)) - raft.server.watch.element-limit = 65536 (default)
2019-09-25 11:33:32,589 [ebfe4120-891b-4695-82c2-d33a5313478d@group-C5BA1605619E:LeaderElection1] INFO  impl.RoleInfo (RoleInfo.java:updateAndGet(143)) - ebfe4120-891b-4695-82c2-d33a5313478d: start LeaderState
2019-09-25 11:33:32,619 [ebfe4120-891b-4695-82c2-d33a5313478d@group-C5BA1605619E:LeaderElection1] INFO  segmented.SegmentedRaftLogWorker (SegmentedRaftLogWorker.java:startLogSegment(380)) - ebfe4120-891b-4695-82c2-d33a5313478d@group-C5BA1605619E-SegmentedRaftLogWorker: Starting segment from index:0
2019-09-25 11:33:32,637 [ebfe4120-891b-4695-82c2-d33a5313478d@group-C5BA1605619E:LeaderElection1] INFO  impl.RaftServerImpl (ServerState.java:setRaftConf(354)) - ebfe4120-891b-4695-82c2-d33a5313478d@group-C5BA1605619E: set configuration 0: [ebfe4120-891b-4695-82c2-d33a5313478d:localhost:9872], old=null at 0
2019-09-25 11:33:32,784 [ebfe4120-891b-4695-82c2-d33a5313478d@group-C5BA1605619E-SegmentedRaftLogWorker] INFO  segmented.SegmentedRaftLogWorker (SegmentedRaftLogWorker.java:execute(569)) - ebfe4120-891b-4695-82c2-d33a5313478d@group-C5BA1605619E-SegmentedRaftLogWorker: created new log segment /workdir/hadoop-ozone/integration-test/target/test-dir/MiniOzoneClusterImpl-af71ae92-902d-4bbe-8221-3c085bdab3fc/ozone-meta/ratis/bf265839-605b-3f16-9796-c5ba1605619e/current/log_inprogress_0
2019-09-25 11:33:33,351 [main] INFO  ozone.MiniOzoneClusterImpl (MiniOzoneClusterImpl.java:lambda$waitForClusterToBeReady$0(147)) - Waiting for cluster to be ready. Got 0 of 4 DN Heartbeats.
2019-09-25 11:33:34,129 [Datanode State Machine Thread - 0] INFO  ozoneimpl.OzoneContainer (OzoneContainer.java:start(217)) - Attempting to start container services.
2019-09-25 11:33:34,132 [Datanode State Machine Thread - 0] INFO  ozoneimpl.OzoneContainer (OzoneContainer.java:startContainerScrub(179)) - Background container scanner has been disabled.
2019-09-25 11:33:34,133 [Datanode State Machine Thread - 0] INFO  ratis.XceiverServerRatis (XceiverServerRatis.java:start(411)) - Starting XceiverServerRatis 69ae614a-aad9-45ca-b50d-a25e2f7464fe at port 0
2019-09-25 11:33:34,142 [Datanode State Machine Thread - 0] INFO  impl.RaftServerProxy (RaftServerProxy.java:lambda$start$3(299)) - 69ae614a-aad9-45ca-b50d-a25e2f7464fe: start RPC server
2019-09-25 11:33:34,147 [Datanode State Machine Thread - 0] INFO  server.GrpcService (GrpcService.java:startImpl(158)) - 69ae614a-aad9-45ca-b50d-a25e2f7464fe: GrpcService started, listening on 0.0.0.0/0.0.0.0:36009
2019-09-25 11:33:34,148 [Datanode State Machine Thread - 0] INFO  ratis.XceiverServerRatis (XceiverServerRatis.java:start(421)) - XceiverServerRatis 69ae614a-aad9-45ca-b50d-a25e2f7464fe is started using port 36009
2019-09-25 11:33:34,152 [Datanode State Machine Thread - 0] INFO  server.XceiverServerGrpc (XceiverServerGrpc.java:start(149)) - XceiverServerGrpc 69ae614a-aad9-45ca-b50d-a25e2f7464fe is started using port 38811
2019-09-25 11:33:34,175 [Datanode State Machine Thread - 0] INFO  ozoneimpl.OzoneContainer (OzoneContainer.java:start(217)) - Attempting to start container services.
2019-09-25 11:33:34,182 [Datanode State Machine Thread - 0] INFO  ozoneimpl.OzoneContainer (OzoneContainer.java:startContainerScrub(179)) - Background container scanner has been disabled.
2019-09-25 11:33:34,182 [Datanode State Machine Thread - 0] INFO  ratis.XceiverServerRatis (XceiverServerRatis.java:start(411)) - Starting XceiverServerRatis a7678dfb-b424-495f-9400-a1c16eb568c5 at port 0
2019-09-25 11:33:34,193 [Datanode State Machine Thread - 0] INFO  impl.RaftServerProxy (RaftServerProxy.java:lambda$start$3(299)) - a7678dfb-b424-495f-9400-a1c16eb568c5: start RPC server
2019-09-25 11:33:34,196 [Datanode State Machine Thread - 0] INFO  server.GrpcService (GrpcService.java:startImpl(158)) - a7678dfb-b424-495f-9400-a1c16eb568c5: GrpcService started, listening on 0.0.0.0/0.0.0.0:45236
2019-09-25 11:33:34,196 [Datanode State Machine Thread - 0] INFO  ratis.XceiverServerRatis (XceiverServerRatis.java:start(421)) - XceiverServerRatis a7678dfb-b424-495f-9400-a1c16eb568c5 is started using port 45236
2019-09-25 11:33:34,200 [Datanode State Machine Thread - 0] INFO  server.XceiverServerGrpc (XceiverServerGrpc.java:start(149)) - XceiverServerGrpc a7678dfb-b424-495f-9400-a1c16eb568c5 is started using port 43351
2019-09-25 11:33:34,272 [Datanode State Machine Thread - 0] INFO  ozoneimpl.OzoneContainer (OzoneContainer.java:start(217)) - Attempting to start container services.
2019-09-25 11:33:34,274 [Datanode State Machine Thread - 0] INFO  ozoneimpl.OzoneContainer (OzoneContainer.java:startContainerScrub(179)) - Background container scanner has been disabled.
2019-09-25 11:33:34,275 [Datanode State Machine Thread - 0] INFO  ratis.XceiverServerRatis (XceiverServerRatis.java:start(411)) - Starting XceiverServerRatis ad358f2f-1ee5-4123-8117-f622bc1dbae2 at port 0
2019-09-25 11:33:34,286 [Datanode State Machine Thread - 0] INFO  impl.RaftServerProxy (RaftServerProxy.java:lambda$start$3(299)) - ad358f2f-1ee5-4123-8117-f622bc1dbae2: start RPC server
2019-09-25 11:33:34,289 [Datanode State Machine Thread - 0] INFO  server.GrpcService (GrpcService.java:startImpl(158)) - ad358f2f-1ee5-4123-8117-f622bc1dbae2: GrpcService started, listening on 0.0.0.0/0.0.0.0:36654
2019-09-25 11:33:34,290 [Datanode State Machine Thread - 0] INFO  ratis.XceiverServerRatis (XceiverServerRatis.java:start(421)) - XceiverServerRatis ad358f2f-1ee5-4123-8117-f622bc1dbae2 is started using port 36654
2019-09-25 11:33:34,292 [Datanode State Machine Thread - 0] INFO  server.XceiverServerGrpc (XceiverServerGrpc.java:start(149)) - XceiverServerGrpc ad358f2f-1ee5-4123-8117-f622bc1dbae2 is started using port 40834
2019-09-25 11:33:34,352 [main] INFO  ozone.MiniOzoneClusterImpl (MiniOzoneClusterImpl.java:lambda$waitForClusterToBeReady$0(147)) - Waiting for cluster to be ready. Got 0 of 4 DN Heartbeats.
2019-09-25 11:33:34,368 [Datanode State Machine Thread - 0] INFO  ozoneimpl.OzoneContainer (OzoneContainer.java:start(217)) - Attempting to start container services.
2019-09-25 11:33:34,370 [Datanode State Machine Thread - 0] INFO  ozoneimpl.OzoneContainer (OzoneContainer.java:startContainerScrub(179)) - Background container scanner has been disabled.
2019-09-25 11:33:34,371 [Datanode State Machine Thread - 0] INFO  ratis.XceiverServerRatis (XceiverServerRatis.java:start(411)) - Starting XceiverServerRatis 6cfaa380-1edb-48fc-b1d5-4f0afaf83adf at port 0
2019-09-25 11:33:34,382 [Datanode State Machine Thread - 0] INFO  impl.RaftServerProxy (RaftServerProxy.java:lambda$start$3(299)) - 6cfaa380-1edb-48fc-b1d5-4f0afaf83adf: start RPC server
2019-09-25 11:33:34,385 [Datanode State Machine Thread - 0] INFO  server.GrpcService (GrpcService.java:startImpl(158)) - 6cfaa380-1edb-48fc-b1d5-4f0afaf83adf: GrpcService started, listening on 0.0.0.0/0.0.0.0:45132
2019-09-25 11:33:34,386 [Datanode State Machine Thread - 0] INFO  ratis.XceiverServerRatis (XceiverServerRatis.java:start(421)) - XceiverServerRatis 6cfaa380-1edb-48fc-b1d5-4f0afaf83adf is started using port 45132
2019-09-25 11:33:34,389 [Datanode State Machine Thread - 0] INFO  server.XceiverServerGrpc (XceiverServerGrpc.java:start(149)) - XceiverServerGrpc 6cfaa380-1edb-48fc-b1d5-4f0afaf83adf is started using port 44242
2019-09-25 11:33:35,353 [main] INFO  ozone.MiniOzoneClusterImpl (MiniOzoneClusterImpl.java:lambda$waitForClusterToBeReady$0(147)) - Waiting for cluster to be ready. Got 0 of 4 DN Heartbeats.
2019-09-25 11:33:36,117 [IPC Server handler 2 on 43441] INFO  net.NetworkTopology (NetworkTopologyImpl.java:add(111)) - Added a new node: /rack1/69ae614a-aad9-45ca-b50d-a25e2f7464fe
2019-09-25 11:33:36,118 [IPC Server handler 2 on 43441] INFO  node.SCMNodeManager (SCMNodeManager.java:register(266)) - Registered Data node : 69ae614a-aad9-45ca-b50d-a25e2f7464fe{ip: 192.168.30.6, host: pr-hdds-1569-5gmkr-4255264070, networkLocation: /rack1, certSerialId: null}
2019-09-25 11:33:36,125 [EventQueue-NodeRegistrationContainerReportForDataNodeSafeModeRule] INFO  safemode.SCMSafeModeManager (DataNodeSafeModeRule.java:process(71)) - SCM in safe mode. 1 DataNodes registered, 1 required.
2019-09-25 11:33:36,125 [EventQueue-NodeRegistrationContainerReportForDataNodeSafeModeRule] INFO  safemode.SCMSafeModeManager (SCMSafeModeManager.java:validateSafeModeExitRules(177)) - ScmSafeModeManager, all rules are successfully validated
2019-09-25 11:33:36,126 [EventQueue-NodeRegistrationContainerReportForDataNodeSafeModeRule] INFO  safemode.SCMSafeModeManager (SCMSafeModeManager.java:exitSafeMode(193)) - SCM exiting safe mode.
2019-09-25 11:33:36,163 [IPC Server handler 6 on 43441] INFO  net.NetworkTopology (NetworkTopologyImpl.java:add(111)) - Added a new node: /rack1/a7678dfb-b424-495f-9400-a1c16eb568c5
2019-09-25 11:33:36,163 [IPC Server handler 6 on 43441] INFO  node.SCMNodeManager (SCMNodeManager.java:register(266)) - Registered Data node : a7678dfb-b424-495f-9400-a1c16eb568c5{ip: 192.168.30.6, host: pr-hdds-1569-5gmkr-4255264070, networkLocation: /rack1, certSerialId: null}
2019-09-25 11:33:36,260 [IPC Server handler 0 on 43441] INFO  net.NetworkTopology (NetworkTopologyImpl.java:add(111)) - Added a new node: /rack1/ad358f2f-1ee5-4123-8117-f622bc1dbae2
2019-09-25 11:33:36,260 [IPC Server handler 0 on 43441] INFO  node.SCMNodeManager (SCMNodeManager.java:register(266)) - Registered Data node : ad358f2f-1ee5-4123-8117-f622bc1dbae2{ip: 192.168.30.6, host: pr-hdds-1569-5gmkr-4255264070, networkLocation: /rack1, certSerialId: null}
2019-09-25 11:33:36,355 [main] INFO  ozone.MiniOzoneClusterImpl (MiniOzoneClusterImpl.java:lambda$waitForClusterToBeReady$0(147)) - Waiting for cluster to be ready. Got 3 of 4 DN Heartbeats.
2019-09-25 11:33:36,356 [IPC Server handler 1 on 43441] INFO  net.NetworkTopology (NetworkTopologyImpl.java:add(111)) - Added a new node: /rack1/6cfaa380-1edb-48fc-b1d5-4f0afaf83adf
2019-09-25 11:33:36,356 [IPC Server handler 1 on 43441] INFO  node.SCMNodeManager (SCMNodeManager.java:register(266)) - Registered Data node : 6cfaa380-1edb-48fc-b1d5-4f0afaf83adf{ip: 192.168.30.6, host: pr-hdds-1569-5gmkr-4255264070, networkLocation: /rack1, certSerialId: null}
2019-09-25 11:33:36,619 [grpc-default-executor-0] INFO  impl.RaftServerProxy (RaftServerProxy.java:addNew(89)) - 69ae614a-aad9-45ca-b50d-a25e2f7464fe: addNew group-B97FF9A27F08:[69ae614a-aad9-45ca-b50d-a25e2f7464fe:192.168.30.6:36009] returns group-B97FF9A27F08:java.util.concurrent.CompletableFuture@5db567e8[Not completed]
2019-09-25 11:33:36,631 [pool-32-thread-1] INFO  impl.RaftServerImpl (RaftServerImpl.java:<init>(95)) - 69ae614a-aad9-45ca-b50d-a25e2f7464fe: new RaftServerImpl for group-B97FF9A27F08:[69ae614a-aad9-45ca-b50d-a25e2f7464fe:192.168.30.6:36009] with ContainerStateMachine:uninitialized
2019-09-25 11:33:36,633 [pool-32-thread-1] INFO  server.RaftServerConfigKeys (ConfUtils.java:logGet(43)) - raft.server.rpc.timeout.min = 5s (custom)
2019-09-25 11:33:36,633 [pool-32-thread-1] INFO  server.RaftServerConfigKeys (ConfUtils.java:logGet(43)) - raft.server.rpc.timeout.max = 5200ms (custom)
2019-09-25 11:33:36,633 [pool-32-thread-1] INFO  server.RaftServerConfigKeys (ConfUtils.java:logGet(43)) - raft.server.rpcslowness.timeout = 120s (custom)
2019-09-25 11:33:36,634 [pool-32-thread-1] INFO  server.RaftServerConfigKeys (ConfUtils.java:logGet(43)) - raft.server.sleep.deviation.threshold = 300 (default)
2019-09-25 11:33:36,634 [pool-32-thread-1] INFO  server.RaftServerConfigKeys (ConfUtils.java:logGet(43)) - raft.server.log.appender.install.snapshot.enabled = false (custom)
2019-09-25 11:33:36,634 [pool-32-thread-1] INFO  impl.RaftServerImpl (ServerState.java:<init>(103)) - 69ae614a-aad9-45ca-b50d-a25e2f7464fe@group-B97FF9A27F08: ConfigurationManager, init=-1: [69ae614a-aad9-45ca-b50d-a25e2f7464fe:192.168.30.6:36009], old=null, confs=<EMPTY_MAP>
2019-09-25 11:33:36,634 [pool-32-thread-1] INFO  server.RaftServerConfigKeys (ConfUtils.java:logGet(43)) - raft.server.storage.dir = [/workdir/hadoop-ozone/integration-test/target/test-dir/MiniOzoneClusterImpl-af71ae92-902d-4bbe-8221-3c085bdab3fc/datanode-0/data/ratis] (custom)
2019-09-25 11:33:36,635 [pool-32-thread-1] INFO  storage.RaftStorageDirectory (RaftStorageDirectory.java:analyzeStorage(246)) - The storage directory /workdir/hadoop-ozone/integration-test/target/test-dir/MiniOzoneClusterImpl-af71ae92-902d-4bbe-8221-3c085bdab3fc/datanode-0/data/ratis/b6732bd8-e26d-481b-8acb-b97ff9a27f08 does not exist. Creating ...
2019-09-25 11:33:36,650 [pool-32-thread-1] INFO  storage.RaftStorageDirectory (RaftStorageDirectory.java:tryLock(328)) - Lock on /workdir/hadoop-ozone/integration-test/target/test-dir/MiniOzoneClusterImpl-af71ae92-902d-4bbe-8221-3c085bdab3fc/datanode-0/data/ratis/b6732bd8-e26d-481b-8acb-b97ff9a27f08/in_use.lock acquired by nodename 22736@pr-hdds-1569-5gmkr-4255264070
2019-09-25 11:33:36,663 [pool-32-thread-1] INFO  storage.RaftStorage (RaftStorage.java:format(72)) - Storage directory /workdir/hadoop-ozone/integration-test/target/test-dir/MiniOzoneClusterImpl-af71ae92-902d-4bbe-8221-3c085bdab3fc/datanode-0/data/ratis/b6732bd8-e26d-481b-8acb-b97ff9a27f08 has been successfully formatted.
2019-09-25 11:33:36,665 [pool-32-thread-1] INFO  ratis.ContainerStateMachine (ContainerStateMachine.java:loadSnapshot(230)) - group-B97FF9A27F08: The snapshot info is null. Setting the last applied indexto:(t:0, i:~)
2019-09-25 11:33:36,665 [pool-32-thread-1] INFO  server.RaftServerConfigKeys (ConfUtils.java:logGet(43)) - raft.server.notification.no-leader.timeout = 120s (custom)
2019-09-25 11:33:36,666 [pool-32-thread-1] INFO  server.RaftServerConfigKeys (ConfUtils.java:logGet(43)) - raft.server.log.use.memory = false (default)
2019-09-25 11:33:36,666 [pool-32-thread-1] INFO  server.RaftServerConfigKeys (ConfUtils.java:logGet(43)) - raft.server.log.purge.gap = 1000000 (custom)
2019-09-25 11:33:36,666 [pool-32-thread-1] INFO  server.RaftServerConfigKeys (ConfUtils.java:logGet(43)) - raft.server.log.appender.buffer.byte-limit = 33554432 (custom)
2019-09-25 11:33:36,666 [pool-32-thread-1] INFO  server.RaftServerConfigKeys (ConfUtils.java:logGet(43)) - raft.server.log.segment.size.max = 1048576 (custom)
2019-09-25 11:33:36,667 [pool-32-thread-1] INFO  server.RaftServerConfigKeys (ConfUtils.java:logGet(43)) - raft.server.log.segment.cache.num.max = 2 (custom)
2019-09-25 11:33:36,667 [pool-32-thread-1] INFO  segmented.SegmentedRaftLogWorker (SegmentedRaftLogWorker.java:<init>(172)) - new 69ae614a-aad9-45ca-b50d-a25e2f7464fe@group-B97FF9A27F08-SegmentedRaftLogWorker for RaftStorage:Storage Directory /workdir/hadoop-ozone/integration-test/target/test-dir/MiniOzoneClusterImpl-af71ae92-902d-4bbe-8221-3c085bdab3fc/datanode-0/data/ratis/b6732bd8-e26d-481b-8acb-b97ff9a27f08
2019-09-25 11:33:36,704 [pool-32-thread-1] INFO  server.RaftServerConfigKeys (ConfUtils.java:logGet(43)) - raft.server.log.queue.byte-limit = 2147483647 (custom)
2019-09-25 11:33:36,705 [pool-32-thread-1] INFO  server.RaftServerConfigKeys (ConfUtils.java:logGet(43)) - raft.server.log.queue.element-limit = 1024 (custom)
2019-09-25 11:33:36,706 [pool-32-thread-1] INFO  server.RaftServerConfigKeys (ConfUtils.java:logGet(43)) - raft.server.log.segment.size.max = 1048576 (custom)
2019-09-25 11:33:36,711 [pool-32-thread-1] INFO  server.RaftServerConfigKeys (ConfUtils.java:logGet(43)) - raft.server.log.preallocated.size = 16384 (custom)
2019-09-25 11:33:36,711 [pool-32-thread-1] INFO  server.RaftServerConfigKeys (ConfUtils.java:logGet(43)) - raft.server.log.write.buffer.size = 33554432 (custom)
2019-09-25 11:33:36,711 [pool-32-thread-1] INFO  server.RaftServerConfigKeys (ConfUtils.java:logGet(43)) - raft.server.log.force.sync.num = 128 (default)
2019-09-25 11:33:36,712 [pool-32-thread-1] INFO  server.RaftServerConfigKeys (ConfUtils.java:logGet(43)) - raft.server.log.statemachine.data.sync = true (default)
2019-09-25 11:33:36,712 [pool-32-thread-1] INFO  server.RaftServerConfigKeys (ConfUtils.java:logGet(43)) - raft.server.log.statemachine.data.sync.timeout = 10s (default)
2019-09-25 11:33:36,712 [pool-32-thread-1] INFO  server.RaftServerConfigKeys (ConfUtils.java:logGet(43)) - raft.server.log.statemachine.data.sync.timeout.retry = -1 (default)
2019-09-25 11:33:36,713 [pool-32-thread-1] INFO  server.RaftServerConfigKeys (ConfUtils.java:logGet(43)) - raft.server.log.statemachine.data.caching.enabled = true (custom)
2019-09-25 11:33:36,713 [pool-32-thread-1] INFO  segmented.SegmentedRaftLogWorker (SegmentedRaftLogWorker.java:lambda$new$0(132)) - 69ae614a-aad9-45ca-b50d-a25e2f7464fe@group-B97FF9A27F08-SegmentedRaftLogWorker: flushIndex: setUnconditionally 0 -> -1
2019-09-25 11:33:36,714 [pool-32-thread-1] INFO  server.RaftServerConfigKeys (ConfUtils.java:logGet(43)) - raft.server.snapshot.auto.trigger.enabled = true (custom)
2019-09-25 11:33:36,714 [pool-32-thread-1] INFO  server.RaftServerConfigKeys (ConfUtils.java:logGet(43)) - raft.server.snapshot.auto.trigger.threshold = 10000 (custom)
2019-09-25 11:33:36,714 [pool-32-thread-1] INFO  server.RaftServerConfigKeys (ConfUtils.java:logGet(43)) - raft.server.snapshot.retention.num.files = 5 (custom)
2019-09-25 11:33:36,714 [pool-32-thread-1] INFO  server.RaftServerConfigKeys (ConfUtils.java:logGet(43)) - raft.server.retrycache.expirytime = 600000ms (custom)
2019-09-25 11:33:36,720 [pool-32-thread-1] INFO  impl.RaftServerImpl (RaftServerImpl.java:start(185)) - 69ae614a-aad9-45ca-b50d-a25e2f7464fe@group-B97FF9A27F08: start as a follower, conf=-1: [69ae614a-aad9-45ca-b50d-a25e2f7464fe:192.168.30.6:36009], old=null
2019-09-25 11:33:36,720 [pool-32-thread-1] INFO  impl.RaftServerImpl (RaftServerImpl.java:setRole(174)) - 69ae614a-aad9-45ca-b50d-a25e2f7464fe@group-B97FF9A27F08: changes role from      null to FOLLOWER at term 0 for startAsFollower
2019-09-25 11:33:36,720 [pool-32-thread-1] INFO  impl.RoleInfo (RoleInfo.java:updateAndGet(143)) - 69ae614a-aad9-45ca-b50d-a25e2f7464fe: start FollowerState
2019-09-25 11:33:36,721 [pool-32-thread-1] INFO  util.JmxRegister (JmxRegister.java:tryRegister(44)) - Successfully registered JMX Bean with object name Ratis:service=RaftServer,group=group-B97FF9A27F08,id=69ae614a-aad9-45ca-b50d-a25e2f7464fe
2019-09-25 11:33:36,798 [RatisPipelineUtilsThread] INFO  pipeline.PipelineStateManager (PipelineStateManager.java:addPipeline(56)) - Created pipeline Pipeline[ Id: b6732bd8-e26d-481b-8acb-b97ff9a27f08, Nodes: 69ae614a-aad9-45ca-b50d-a25e2f7464fe{ip: 192.168.30.6, host: pr-hdds-1569-5gmkr-4255264070, networkLocation: /rack1, certSerialId: null}, Type:RATIS, Factor:ONE, State:OPEN]
2019-09-25 11:33:36,824 [grpc-default-executor-0] INFO  impl.RaftServerProxy (RaftServerProxy.java:addNew(89)) - a7678dfb-b424-495f-9400-a1c16eb568c5: addNew group-BF4B65EDEA82:[a7678dfb-b424-495f-9400-a1c16eb568c5:192.168.30.6:45236] returns group-BF4B65EDEA82:java.util.concurrent.CompletableFuture@2976cf57[Not completed]
2019-09-25 11:33:36,840 [pool-42-thread-1] INFO  impl.RaftServerImpl (RaftServerImpl.java:<init>(95)) - a7678dfb-b424-495f-9400-a1c16eb568c5: new RaftServerImpl for group-BF4B65EDEA82:[a7678dfb-b424-495f-9400-a1c16eb568c5:192.168.30.6:45236] with ContainerStateMachine:uninitialized
2019-09-25 11:33:36,843 [pool-42-thread-1] INFO  server.RaftServerConfigKeys (ConfUtils.java:logGet(43)) - raft.server.rpc.timeout.min = 5s (custom)
2019-09-25 11:33:36,844 [pool-42-thread-1] INFO  server.RaftServerConfigKeys (ConfUtils.java:logGet(43)) - raft.server.rpc.timeout.max = 5200ms (custom)
2019-09-25 11:33:36,844 [pool-42-thread-1] INFO  server.RaftServerConfigKeys (ConfUtils.java:logGet(43)) - raft.server.rpcslowness.timeout = 120s (custom)
2019-09-25 11:33:36,844 [pool-42-thread-1] INFO  server.RaftServerConfigKeys (ConfUtils.java:logGet(43)) - raft.server.sleep.deviation.threshold = 300 (default)
2019-09-25 11:33:36,844 [pool-42-thread-1] INFO  server.RaftServerConfigKeys (ConfUtils.java:logGet(43)) - raft.server.log.appender.install.snapshot.enabled = false (custom)
2019-09-25 11:33:36,844 [pool-42-thread-1] INFO  impl.RaftServerImpl (ServerState.java:<init>(103)) - a7678dfb-b424-495f-9400-a1c16eb568c5@group-BF4B65EDEA82: ConfigurationManager, init=-1: [a7678dfb-b424-495f-9400-a1c16eb568c5:192.168.30.6:45236], old=null, confs=<EMPTY_MAP>
2019-09-25 11:33:36,845 [pool-42-thread-1] INFO  server.RaftServerConfigKeys (ConfUtils.java:logGet(43)) - raft.server.storage.dir = [/workdir/hadoop-ozone/integration-test/target/test-dir/MiniOzoneClusterImpl-af71ae92-902d-4bbe-8221-3c085bdab3fc/datanode-1/data/ratis] (custom)
2019-09-25 11:33:36,845 [pool-42-thread-1] INFO  storage.RaftStorageDirectory (RaftStorageDirectory.java:analyzeStorage(246)) - The storage directory /workdir/hadoop-ozone/integration-test/target/test-dir/MiniOzoneClusterImpl-af71ae92-902d-4bbe-8221-3c085bdab3fc/datanode-1/data/ratis/8b3945bb-a1d6-45f9-8e02-bf4b65edea82 does not exist. Creating ...
2019-09-25 11:33:36,858 [pool-42-thread-1] INFO  storage.RaftStorageDirectory (RaftStorageDirectory.java:tryLock(328)) - Lock on /workdir/hadoop-ozone/integration-test/target/test-dir/MiniOzoneClusterImpl-af71ae92-902d-4bbe-8221-3c085bdab3fc/datanode-1/data/ratis/8b3945bb-a1d6-45f9-8e02-bf4b65edea82/in_use.lock acquired by nodename 22736@pr-hdds-1569-5gmkr-4255264070
2019-09-25 11:33:36,871 [pool-42-thread-1] INFO  storage.RaftStorage (RaftStorage.java:format(72)) - Storage directory /workdir/hadoop-ozone/integration-test/target/test-dir/MiniOzoneClusterImpl-af71ae92-902d-4bbe-8221-3c085bdab3fc/datanode-1/data/ratis/8b3945bb-a1d6-45f9-8e02-bf4b65edea82 has been successfully formatted.
2019-09-25 11:33:36,872 [pool-42-thread-1] INFO  ratis.ContainerStateMachine (ContainerStateMachine.java:loadSnapshot(230)) - group-BF4B65EDEA82: The snapshot info is null. Setting the last applied indexto:(t:0, i:~)
2019-09-25 11:33:36,873 [pool-42-thread-1] INFO  server.RaftServerConfigKeys (ConfUtils.java:logGet(43)) - raft.server.notification.no-leader.timeout = 120s (custom)
2019-09-25 11:33:36,874 [pool-42-thread-1] INFO  server.RaftServerConfigKeys (ConfUtils.java:logGet(43)) - raft.server.log.use.memory = false (default)
2019-09-25 11:33:36,874 [pool-42-thread-1] INFO  server.RaftServerConfigKeys (ConfUtils.java:logGet(43)) - raft.server.log.purge.gap = 1000000 (custom)
2019-09-25 11:33:36,874 [pool-42-thread-1] INFO  server.RaftServerConfigKeys (ConfUtils.java:logGet(43)) - raft.server.log.appender.buffer.byte-limit = 33554432 (custom)
2019-09-25 11:33:36,874 [pool-42-thread-1] INFO  server.RaftServerConfigKeys (ConfUtils.java:logGet(43)) - raft.server.log.segment.size.max = 1048576 (custom)
2019-09-25 11:33:36,875 [pool-42-thread-1] INFO  server.RaftServerConfigKeys (ConfUtils.java:logGet(43)) - raft.server.log.segment.cache.num.max = 2 (custom)
2019-09-25 11:33:36,875 [pool-42-thread-1] INFO  segmented.SegmentedRaftLogWorker (SegmentedRaftLogWorker.java:<init>(172)) - new a7678dfb-b424-495f-9400-a1c16eb568c5@group-BF4B65EDEA82-SegmentedRaftLogWorker for RaftStorage:Storage Directory /workdir/hadoop-ozone/integration-test/target/test-dir/MiniOzoneClusterImpl-af71ae92-902d-4bbe-8221-3c085bdab3fc/datanode-1/data/ratis/8b3945bb-a1d6-45f9-8e02-bf4b65edea82
2019-09-25 11:33:36,881 [pool-42-thread-1] INFO  server.RaftServerConfigKeys (ConfUtils.java:logGet(43)) - raft.server.log.queue.byte-limit = 2147483647 (custom)
2019-09-25 11:33:36,881 [pool-42-thread-1] INFO  server.RaftServerConfigKeys (ConfUtils.java:logGet(43)) - raft.server.log.queue.element-limit = 1024 (custom)
2019-09-25 11:33:36,882 [pool-42-thread-1] INFO  server.RaftServerConfigKeys (ConfUtils.java:logGet(43)) - raft.server.log.segment.size.max = 1048576 (custom)
2019-09-25 11:33:36,882 [pool-42-thread-1] INFO  server.RaftServerConfigKeys (ConfUtils.java:logGet(43)) - raft.server.log.preallocated.size = 16384 (custom)
2019-09-25 11:33:36,882 [pool-42-thread-1] INFO  server.RaftServerConfigKeys (ConfUtils.java:logGet(43)) - raft.server.log.write.buffer.size = 33554432 (custom)
2019-09-25 11:33:36,882 [pool-42-thread-1] INFO  server.RaftServerConfigKeys (ConfUtils.java:logGet(43)) - raft.server.log.force.sync.num = 128 (default)
2019-09-25 11:33:36,882 [pool-42-thread-1] INFO  server.RaftServerConfigKeys (ConfUtils.java:logGet(43)) - raft.server.log.statemachine.data.sync = true (default)
2019-09-25 11:33:36,883 [pool-42-thread-1] INFO  server.RaftServerConfigKeys (ConfUtils.java:logGet(43)) - raft.server.log.statemachine.data.sync.timeout = 10s (default)
2019-09-25 11:33:36,883 [pool-42-thread-1] INFO  server.RaftServerConfigKeys (ConfUtils.java:logGet(43)) - raft.server.log.statemachine.data.sync.timeout.retry = -1 (default)
2019-09-25 11:33:36,883 [pool-42-thread-1] INFO  server.RaftServerConfigKeys (ConfUtils.java:logGet(43)) - raft.server.log.statemachine.data.caching.enabled = true (custom)
2019-09-25 11:33:36,884 [pool-42-thread-1] INFO  segmented.SegmentedRaftLogWorker (SegmentedRaftLogWorker.java:lambda$new$0(132)) - a7678dfb-b424-495f-9400-a1c16eb568c5@group-BF4B65EDEA82-SegmentedRaftLogWorker: flushIndex: setUnconditionally 0 -> -1
2019-09-25 11:33:36,884 [pool-42-thread-1] INFO  server.RaftServerConfigKeys (ConfUtils.java:logGet(43)) - raft.server.snapshot.auto.trigger.enabled = true (custom)
2019-09-25 11:33:36,884 [pool-42-thread-1] INFO  server.RaftServerConfigKeys (ConfUtils.java:logGet(43)) - raft.server.snapshot.auto.trigger.threshold = 10000 (custom)
2019-09-25 11:33:36,885 [pool-42-thread-1] INFO  server.RaftServerConfigKeys (ConfUtils.java:logGet(43)) - raft.server.snapshot.retention.num.files = 5 (custom)
2019-09-25 11:33:36,885 [pool-42-thread-1] INFO  server.RaftServerConfigKeys (ConfUtils.java:logGet(43)) - raft.server.retrycache.expirytime = 600000ms (custom)
2019-09-25 11:33:36,891 [pool-42-thread-1] INFO  impl.RaftServerImpl (RaftServerImpl.java:start(185)) - a7678dfb-b424-495f-9400-a1c16eb568c5@group-BF4B65EDEA82: start as a follower, conf=-1: [a7678dfb-b424-495f-9400-a1c16eb568c5:192.168.30.6:45236], old=null
2019-09-25 11:33:36,891 [pool-42-thread-1] INFO  impl.RaftServerImpl (RaftServerImpl.java:setRole(174)) - a7678dfb-b424-495f-9400-a1c16eb568c5@group-BF4B65EDEA82: changes role from      null to FOLLOWER at term 0 for startAsFollower
2019-09-25 11:33:36,892 [pool-42-thread-1] INFO  impl.RoleInfo (RoleInfo.java:updateAndGet(143)) - a7678dfb-b424-495f-9400-a1c16eb568c5: start FollowerState
2019-09-25 11:33:36,892 [pool-42-thread-1] INFO  util.JmxRegister (JmxRegister.java:tryRegister(44)) - Successfully registered JMX Bean with object name Ratis:service=RaftServer,group=group-BF4B65EDEA82,id=a7678dfb-b424-495f-9400-a1c16eb568c5
2019-09-25 11:33:36,906 [RatisPipelineUtilsThread] INFO  pipeline.PipelineStateManager (PipelineStateManager.java:addPipeline(56)) - Created pipeline Pipeline[ Id: 8b3945bb-a1d6-45f9-8e02-bf4b65edea82, Nodes: a7678dfb-b424-495f-9400-a1c16eb568c5{ip: 192.168.30.6, host: pr-hdds-1569-5gmkr-4255264070, networkLocation: /rack1, certSerialId: null}, Type:RATIS, Factor:ONE, State:OPEN]
2019-09-25 11:33:36,928 [grpc-default-executor-0] INFO  impl.RaftServerProxy (RaftServerProxy.java:addNew(89)) - ad358f2f-1ee5-4123-8117-f622bc1dbae2: addNew group-954DC93E2C50:[ad358f2f-1ee5-4123-8117-f622bc1dbae2:192.168.30.6:36654] returns group-954DC93E2C50:java.util.concurrent.CompletableFuture@7d9637bf[Not completed]
2019-09-25 11:33:36,930 [pool-52-thread-1] INFO  impl.RaftServerImpl (RaftServerImpl.java:<init>(95)) - ad358f2f-1ee5-4123-8117-f622bc1dbae2: new RaftServerImpl for group-954DC93E2C50:[ad358f2f-1ee5-4123-8117-f622bc1dbae2:192.168.30.6:36654] with ContainerStateMachine:uninitialized
2019-09-25 11:33:36,930 [pool-52-thread-1] INFO  server.RaftServerConfigKeys (ConfUtils.java:logGet(43)) - raft.server.rpc.timeout.min = 5s (custom)
2019-09-25 11:33:36,930 [pool-52-thread-1] INFO  server.RaftServerConfigKeys (ConfUtils.java:logGet(43)) - raft.server.rpc.timeout.max = 5200ms (custom)
2019-09-25 11:33:36,931 [pool-52-thread-1] INFO  server.RaftServerConfigKeys (ConfUtils.java:logGet(43)) - raft.server.rpcslowness.timeout = 120s (custom)
2019-09-25 11:33:36,931 [pool-52-thread-1] INFO  server.RaftServerConfigKeys (ConfUtils.java:logGet(43)) - raft.server.sleep.deviation.threshold = 300 (default)
2019-09-25 11:33:36,931 [pool-52-thread-1] INFO  server.RaftServerConfigKeys (ConfUtils.java:logGet(43)) - raft.server.log.appender.install.snapshot.enabled = false (custom)
2019-09-25 11:33:36,931 [pool-52-thread-1] INFO  impl.RaftServerImpl (ServerState.java:<init>(103)) - ad358f2f-1ee5-4123-8117-f622bc1dbae2@group-954DC93E2C50: ConfigurationManager, init=-1: [ad358f2f-1ee5-4123-8117-f622bc1dbae2:192.168.30.6:36654], old=null, confs=<EMPTY_MAP>
2019-09-25 11:33:36,931 [pool-52-thread-1] INFO  server.RaftServerConfigKeys (ConfUtils.java:logGet(43)) - raft.server.storage.dir = [/workdir/hadoop-ozone/integration-test/target/test-dir/MiniOzoneClusterImpl-af71ae92-902d-4bbe-8221-3c085bdab3fc/datanode-2/data/ratis] (custom)
2019-09-25 11:33:36,932 [pool-52-thread-1] INFO  storage.RaftStorageDirectory (RaftStorageDirectory.java:analyzeStorage(246)) - The storage directory /workdir/hadoop-ozone/integration-test/target/test-dir/MiniOzoneClusterImpl-af71ae92-902d-4bbe-8221-3c085bdab3fc/datanode-2/data/ratis/22f761e9-4091-4880-b55b-954dc93e2c50 does not exist. Creating ...
2019-09-25 11:33:36,947 [pool-52-thread-1] INFO  storage.RaftStorageDirectory (RaftStorageDirectory.java:tryLock(328)) - Lock on /workdir/hadoop-ozone/integration-test/target/test-dir/MiniOzoneClusterImpl-af71ae92-902d-4bbe-8221-3c085bdab3fc/datanode-2/data/ratis/22f761e9-4091-4880-b55b-954dc93e2c50/in_use.lock acquired by nodename 22736@pr-hdds-1569-5gmkr-4255264070
2019-09-25 11:33:36,973 [pool-52-thread-1] INFO  storage.RaftStorage (RaftStorage.java:format(72)) - Storage directory /workdir/hadoop-ozone/integration-test/target/test-dir/MiniOzoneClusterImpl-af71ae92-902d-4bbe-8221-3c085bdab3fc/datanode-2/data/ratis/22f761e9-4091-4880-b55b-954dc93e2c50 has been successfully formatted.
2019-09-25 11:33:36,973 [pool-52-thread-1] INFO  ratis.ContainerStateMachine (ContainerStateMachine.java:loadSnapshot(230)) - group-954DC93E2C50: The snapshot info is null. Setting the last applied indexto:(t:0, i:~)
2019-09-25 11:33:36,973 [pool-52-thread-1] INFO  server.RaftServerConfigKeys (ConfUtils.java:logGet(43)) - raft.server.notification.no-leader.timeout = 120s (custom)
2019-09-25 11:33:36,973 [pool-52-thread-1] INFO  server.RaftServerConfigKeys (ConfUtils.java:logGet(43)) - raft.server.log.use.memory = false (default)
2019-09-25 11:33:36,974 [pool-52-thread-1] INFO  server.RaftServerConfigKeys (ConfUtils.java:logGet(43)) - raft.server.log.purge.gap = 1000000 (custom)
2019-09-25 11:33:36,974 [pool-52-thread-1] INFO  server.RaftServerConfigKeys (ConfUtils.java:logGet(43)) - raft.server.log.appender.buffer.byte-limit = 33554432 (custom)
2019-09-25 11:33:36,974 [pool-52-thread-1] INFO  server.RaftServerConfigKeys (ConfUtils.java:logGet(43)) - raft.server.log.segment.size.max = 1048576 (custom)
2019-09-25 11:33:36,974 [pool-52-thread-1] INFO  server.RaftServerConfigKeys (ConfUtils.java:logGet(43)) - raft.server.log.segment.cache.num.max = 2 (custom)
2019-09-25 11:33:36,974 [pool-52-thread-1] INFO  segmented.SegmentedRaftLogWorker (SegmentedRaftLogWorker.java:<init>(172)) - new ad358f2f-1ee5-4123-8117-f622bc1dbae2@group-954DC93E2C50-SegmentedRaftLogWorker for RaftStorage:Storage Directory /workdir/hadoop-ozone/integration-test/target/test-dir/MiniOzoneClusterImpl-af71ae92-902d-4bbe-8221-3c085bdab3fc/datanode-2/data/ratis/22f761e9-4091-4880-b55b-954dc93e2c50
2019-09-25 11:33:36,980 [pool-52-thread-1] INFO  server.RaftServerConfigKeys (ConfUtils.java:logGet(43)) - raft.server.log.queue.byte-limit = 2147483647 (custom)
2019-09-25 11:33:36,980 [pool-52-thread-1] INFO  server.RaftServerConfigKeys (ConfUtils.java:logGet(43)) - raft.server.log.queue.element-limit = 1024 (custom)
2019-09-25 11:33:36,981 [pool-52-thread-1] INFO  server.RaftServerConfigKeys (ConfUtils.java:logGet(43)) - raft.server.log.segment.size.max = 1048576 (custom)
2019-09-25 11:33:36,981 [pool-52-thread-1] INFO  server.RaftServerConfigKeys (ConfUtils.java:logGet(43)) - raft.server.log.preallocated.size = 16384 (custom)
2019-09-25 11:33:36,981 [pool-52-thread-1] INFO  server.RaftServerConfigKeys (ConfUtils.java:logGet(43)) - raft.server.log.write.buffer.size = 33554432 (custom)
2019-09-25 11:33:36,981 [pool-52-thread-1] INFO  server.RaftServerConfigKeys (ConfUtils.java:logGet(43)) - raft.server.log.force.sync.num = 128 (default)
2019-09-25 11:33:36,982 [pool-52-thread-1] INFO  server.RaftServerConfigKeys (ConfUtils.java:logGet(43)) - raft.server.log.statemachine.data.sync = true (default)
2019-09-25 11:33:36,982 [pool-52-thread-1] INFO  server.RaftServerConfigKeys (ConfUtils.java:logGet(43)) - raft.server.log.statemachine.data.sync.timeout = 10s (default)
2019-09-25 11:33:36,982 [pool-52-thread-1] INFO  server.RaftServerConfigKeys (ConfUtils.java:logGet(43)) - raft.server.log.statemachine.data.sync.timeout.retry = -1 (default)
2019-09-25 11:33:36,982 [pool-52-thread-1] INFO  server.RaftServerConfigKeys (ConfUtils.java:logGet(43)) - raft.server.log.statemachine.data.caching.enabled = true (custom)
2019-09-25 11:33:36,983 [pool-52-thread-1] INFO  segmented.SegmentedRaftLogWorker (SegmentedRaftLogWorker.java:lambda$new$0(132)) - ad358f2f-1ee5-4123-8117-f622bc1dbae2@group-954DC93E2C50-SegmentedRaftLogWorker: flushIndex: setUnconditionally 0 -> -1
2019-09-25 11:33:36,983 [pool-52-thread-1] INFO  server.RaftServerConfigKeys (ConfUtils.java:logGet(43)) - raft.server.snapshot.auto.trigger.enabled = true (custom)
2019-09-25 11:33:36,983 [pool-52-thread-1] INFO  server.RaftServerConfigKeys (ConfUtils.java:logGet(43)) - raft.server.snapshot.auto.trigger.threshold = 10000 (custom)
2019-09-25 11:33:36,984 [pool-52-thread-1] INFO  server.RaftServerConfigKeys (ConfUtils.java:logGet(43)) - raft.server.snapshot.retention.num.files = 5 (custom)
2019-09-25 11:33:36,984 [pool-52-thread-1] INFO  server.RaftServerConfigKeys (ConfUtils.java:logGet(43)) - raft.server.retrycache.expirytime = 600000ms (custom)
2019-09-25 11:33:36,989 [pool-52-thread-1] INFO  impl.RaftServerImpl (RaftServerImpl.java:start(185)) - ad358f2f-1ee5-4123-8117-f622bc1dbae2@group-954DC93E2C50: start as a follower, conf=-1: [ad358f2f-1ee5-4123-8117-f622bc1dbae2:192.168.30.6:36654], old=null
2019-09-25 11:33:36,989 [pool-52-thread-1] INFO  impl.RaftServerImpl (RaftServerImpl.java:setRole(174)) - ad358f2f-1ee5-4123-8117-f622bc1dbae2@group-954DC93E2C50: changes role from      null to FOLLOWER at term 0 for startAsFollower
2019-09-25 11:33:36,989 [pool-52-thread-1] INFO  impl.RoleInfo (RoleInfo.java:updateAndGet(143)) - ad358f2f-1ee5-4123-8117-f622bc1dbae2: start FollowerState
2019-09-25 11:33:36,990 [pool-52-thread-1] INFO  util.JmxRegister (JmxRegister.java:tryRegister(44)) - Successfully registered JMX Bean with object name Ratis:service=RaftServer,group=group-954DC93E2C50,id=ad358f2f-1ee5-4123-8117-f622bc1dbae2
2019-09-25 11:33:37,003 [RatisPipelineUtilsThread] INFO  pipeline.PipelineStateManager (PipelineStateManager.java:addPipeline(56)) - Created pipeline Pipeline[ Id: 22f761e9-4091-4880-b55b-954dc93e2c50, Nodes: ad358f2f-1ee5-4123-8117-f622bc1dbae2{ip: 192.168.30.6, host: pr-hdds-1569-5gmkr-4255264070, networkLocation: /rack1, certSerialId: null}, Type:RATIS, Factor:ONE, State:OPEN]
2019-09-25 11:33:37,020 [grpc-default-executor-0] INFO  impl.RaftServerProxy (RaftServerProxy.java:addNew(89)) - 69ae614a-aad9-45ca-b50d-a25e2f7464fe: addNew group-63C73BC5D177:[69ae614a-aad9-45ca-b50d-a25e2f7464fe:192.168.30.6:36009] returns group-63C73BC5D177:java.util.concurrent.CompletableFuture@751938df[Not completed]
2019-09-25 11:33:37,023 [pool-32-thread-1] INFO  impl.RaftServerImpl (RaftServerImpl.java:<init>(95)) - 69ae614a-aad9-45ca-b50d-a25e2f7464fe: new RaftServerImpl for group-63C73BC5D177:[69ae614a-aad9-45ca-b50d-a25e2f7464fe:192.168.30.6:36009] with ContainerStateMachine:uninitialized
2019-09-25 11:33:37,024 [pool-32-thread-1] INFO  server.RaftServerConfigKeys (ConfUtils.java:logGet(43)) - raft.server.rpc.timeout.min = 5s (custom)
2019-09-25 11:33:37,024 [pool-32-thread-1] INFO  server.RaftServerConfigKeys (ConfUtils.java:logGet(43)) - raft.server.rpc.timeout.max = 5200ms (custom)
2019-09-25 11:33:37,024 [pool-32-thread-1] INFO  server.RaftServerConfigKeys (ConfUtils.java:logGet(43)) - raft.server.rpcslowness.timeout = 120s (custom)
2019-09-25 11:33:37,024 [pool-32-thread-1] INFO  server.RaftServerConfigKeys (ConfUtils.java:logGet(43)) - raft.server.sleep.deviation.threshold = 300 (default)
2019-09-25 11:33:37,025 [pool-32-thread-1] INFO  server.RaftServerConfigKeys (ConfUtils.java:logGet(43)) - raft.server.log.appender.install.snapshot.enabled = false (custom)
2019-09-25 11:33:37,025 [pool-32-thread-1] INFO  impl.RaftServerImpl (ServerState.java:<init>(103)) - 69ae614a-aad9-45ca-b50d-a25e2f7464fe@group-63C73BC5D177: ConfigurationManager, init=-1: [69ae614a-aad9-45ca-b50d-a25e2f7464fe:192.168.30.6:36009], old=null, confs=<EMPTY_MAP>
2019-09-25 11:33:37,025 [pool-32-thread-1] INFO  server.RaftServerConfigKeys (ConfUtils.java:logGet(43)) - raft.server.storage.dir = [/workdir/hadoop-ozone/integration-test/target/test-dir/MiniOzoneClusterImpl-af71ae92-902d-4bbe-8221-3c085bdab3fc/datanode-0/data/ratis] (custom)
2019-09-25 11:33:37,026 [pool-32-thread-1] INFO  storage.RaftStorageDirectory (RaftStorageDirectory.java:analyzeStorage(246)) - The storage directory /workdir/hadoop-ozone/integration-test/target/test-dir/MiniOzoneClusterImpl-af71ae92-902d-4bbe-8221-3c085bdab3fc/datanode-0/data/ratis/6700f6c9-0d91-4d13-b687-63c73bc5d177 does not exist. Creating ...
2019-09-25 11:33:37,039 [pool-32-thread-1] INFO  storage.RaftStorageDirectory (RaftStorageDirectory.java:tryLock(328)) - Lock on /workdir/hadoop-ozone/integration-test/target/test-dir/MiniOzoneClusterImpl-af71ae92-902d-4bbe-8221-3c085bdab3fc/datanode-0/data/ratis/6700f6c9-0d91-4d13-b687-63c73bc5d177/in_use.lock acquired by nodename 22736@pr-hdds-1569-5gmkr-4255264070
2019-09-25 11:33:37,052 [pool-32-thread-1] INFO  storage.RaftStorage (RaftStorage.java:format(72)) - Storage directory /workdir/hadoop-ozone/integration-test/target/test-dir/MiniOzoneClusterImpl-af71ae92-902d-4bbe-8221-3c085bdab3fc/datanode-0/data/ratis/6700f6c9-0d91-4d13-b687-63c73bc5d177 has been successfully formatted.
2019-09-25 11:33:37,053 [pool-32-thread-1] INFO  ratis.ContainerStateMachine (ContainerStateMachine.java:loadSnapshot(230)) - group-63C73BC5D177: The snapshot info is null. Setting the last applied indexto:(t:0, i:~)
2019-09-25 11:33:37,053 [pool-32-thread-1] INFO  server.RaftServerConfigKeys (ConfUtils.java:logGet(43)) - raft.server.notification.no-leader.timeout = 120s (custom)
2019-09-25 11:33:37,053 [pool-32-thread-1] INFO  server.RaftServerConfigKeys (ConfUtils.java:logGet(43)) - raft.server.log.use.memory = false (default)
2019-09-25 11:33:37,053 [pool-32-thread-1] INFO  server.RaftServerConfigKeys (ConfUtils.java:logGet(43)) - raft.server.log.purge.gap = 1000000 (custom)
2019-09-25 11:33:37,054 [pool-32-thread-1] INFO  server.RaftServerConfigKeys (ConfUtils.java:logGet(43)) - raft.server.log.appender.buffer.byte-limit = 33554432 (custom)
2019-09-25 11:33:37,054 [pool-32-thread-1] INFO  server.RaftServerConfigKeys (ConfUtils.java:logGet(43)) - raft.server.log.segment.size.max = 1048576 (custom)
2019-09-25 11:33:37,054 [pool-32-thread-1] INFO  server.RaftServerConfigKeys (ConfUtils.java:logGet(43)) - raft.server.log.segment.cache.num.max = 2 (custom)
2019-09-25 11:33:37,054 [pool-32-thread-1] INFO  segmented.SegmentedRaftLogWorker (SegmentedRaftLogWorker.java:<init>(172)) - new 69ae614a-aad9-45ca-b50d-a25e2f7464fe@group-63C73BC5D177-SegmentedRaftLogWorker for RaftStorage:Storage Directory /workdir/hadoop-ozone/integration-test/target/test-dir/MiniOzoneClusterImpl-af71ae92-902d-4bbe-8221-3c085bdab3fc/datanode-0/data/ratis/6700f6c9-0d91-4d13-b687-63c73bc5d177
2019-09-25 11:33:37,055 [pool-32-thread-1] INFO  server.RaftServerConfigKeys (ConfUtils.java:logGet(43)) - raft.server.log.queue.byte-limit = 2147483647 (custom)
2019-09-25 11:33:37,055 [pool-32-thread-1] INFO  server.RaftServerConfigKeys (ConfUtils.java:logGet(43)) - raft.server.log.queue.element-limit = 1024 (custom)
2019-09-25 11:33:37,055 [pool-32-thread-1] INFO  server.RaftServerConfigKeys (ConfUtils.java:logGet(43)) - raft.server.log.segment.size.max = 1048576 (custom)
2019-09-25 11:33:37,055 [pool-32-thread-1] INFO  server.RaftServerConfigKeys (ConfUtils.java:logGet(43)) - raft.server.log.preallocated.size = 16384 (custom)
2019-09-25 11:33:37,055 [pool-32-thread-1] INFO  server.RaftServerConfigKeys (ConfUtils.java:logGet(43)) - raft.server.log.write.buffer.size = 33554432 (custom)
2019-09-25 11:33:37,056 [pool-32-thread-1] INFO  server.RaftServerConfigKeys (ConfUtils.java:logGet(43)) - raft.server.log.force.sync.num = 128 (default)
2019-09-25 11:33:37,056 [pool-32-thread-1] INFO  server.RaftServerConfigKeys (ConfUtils.java:logGet(43)) - raft.server.log.statemachine.data.sync = true (default)
2019-09-25 11:33:37,056 [pool-32-thread-1] INFO  server.RaftServerConfigKeys (ConfUtils.java:logGet(43)) - raft.server.log.statemachine.data.sync.timeout = 10s (default)
2019-09-25 11:33:37,057 [pool-32-thread-1] INFO  server.RaftServerConfigKeys (ConfUtils.java:logGet(43)) - raft.server.log.statemachine.data.sync.timeout.retry = -1 (default)
2019-09-25 11:33:37,057 [pool-32-thread-1] INFO  server.RaftServerConfigKeys (ConfUtils.java:logGet(43)) - raft.server.log.statemachine.data.caching.enabled = true (custom)
2019-09-25 11:33:37,057 [pool-32-thread-1] INFO  segmented.SegmentedRaftLogWorker (SegmentedRaftLogWorker.java:lambda$new$0(132)) - 69ae614a-aad9-45ca-b50d-a25e2f7464fe@group-63C73BC5D177-SegmentedRaftLogWorker: flushIndex: setUnconditionally 0 -> -1
2019-09-25 11:33:37,058 [pool-32-thread-1] INFO  server.RaftServerConfigKeys (ConfUtils.java:logGet(43)) - raft.server.snapshot.auto.trigger.enabled = true (custom)
2019-09-25 11:33:37,058 [pool-32-thread-1] INFO  server.RaftServerConfigKeys (ConfUtils.java:logGet(43)) - raft.server.snapshot.auto.trigger.threshold = 10000 (custom)
2019-09-25 11:33:37,058 [pool-32-thread-1] INFO  server.RaftServerConfigKeys (ConfUtils.java:logGet(43)) - raft.server.snapshot.retention.num.files = 5 (custom)
2019-09-25 11:33:37,059 [pool-32-thread-1] INFO  server.RaftServerConfigKeys (ConfUtils.java:logGet(43)) - raft.server.retrycache.expirytime = 600000ms (custom)
2019-09-25 11:33:37,063 [pool-32-thread-1] INFO  impl.RaftServerImpl (RaftServerImpl.java:start(185)) - 69ae614a-aad9-45ca-b50d-a25e2f7464fe@group-63C73BC5D177: start as a follower, conf=-1: [69ae614a-aad9-45ca-b50d-a25e2f7464fe:192.168.30.6:36009], old=null
2019-09-25 11:33:37,064 [pool-32-thread-1] INFO  impl.RaftServerImpl (RaftServerImpl.java:setRole(174)) - 69ae614a-aad9-45ca-b50d-a25e2f7464fe@group-63C73BC5D177: changes role from      null to FOLLOWER at term 0 for startAsFollower
2019-09-25 11:33:37,064 [pool-32-thread-1] INFO  impl.RoleInfo (RoleInfo.java:updateAndGet(143)) - 69ae614a-aad9-45ca-b50d-a25e2f7464fe: start FollowerState
2019-09-25 11:33:37,064 [pool-32-thread-1] INFO  util.JmxRegister (JmxRegister.java:tryRegister(44)) - Successfully registered JMX Bean with object name Ratis:service=RaftServer,group=group-63C73BC5D177,id=69ae614a-aad9-45ca-b50d-a25e2f7464fe
2019-09-25 11:33:37,077 [RatisPipelineUtilsThread] INFO  pipeline.PipelineStateManager (PipelineStateManager.java:addPipeline(56)) - Created pipeline Pipeline[ Id: 6700f6c9-0d91-4d13-b687-63c73bc5d177, Nodes: 69ae614a-aad9-45ca-b50d-a25e2f7464fe{ip: 192.168.30.6, host: pr-hdds-1569-5gmkr-4255264070, networkLocation: /rack1, certSerialId: null}, Type:RATIS, Factor:ONE, State:OPEN]
2019-09-25 11:33:37,101 [grpc-default-executor-0] INFO  impl.RaftServerProxy (RaftServerProxy.java:addNew(89)) - 69ae614a-aad9-45ca-b50d-a25e2f7464fe: addNew group-B79B1C1A3553:[69ae614a-aad9-45ca-b50d-a25e2f7464fe:192.168.30.6:36009] returns group-B79B1C1A3553:java.util.concurrent.CompletableFuture@69ed64a6[Not completed]
2019-09-25 11:33:37,103 [pool-32-thread-1] INFO  impl.RaftServerImpl (RaftServerImpl.java:<init>(95)) - 69ae614a-aad9-45ca-b50d-a25e2f7464fe: new RaftServerImpl for group-B79B1C1A3553:[69ae614a-aad9-45ca-b50d-a25e2f7464fe:192.168.30.6:36009] with ContainerStateMachine:uninitialized
2019-09-25 11:33:37,103 [pool-32-thread-1] INFO  server.RaftServerConfigKeys (ConfUtils.java:logGet(43)) - raft.server.rpc.timeout.min = 5s (custom)
2019-09-25 11:33:37,103 [pool-32-thread-1] INFO  server.RaftServerConfigKeys (ConfUtils.java:logGet(43)) - raft.server.rpc.timeout.max = 5200ms (custom)
2019-09-25 11:33:37,103 [pool-32-thread-1] INFO  server.RaftServerConfigKeys (ConfUtils.java:logGet(43)) - raft.server.rpcslowness.timeout = 120s (custom)
2019-09-25 11:33:37,104 [pool-32-thread-1] INFO  server.RaftServerConfigKeys (ConfUtils.java:logGet(43)) - raft.server.sleep.deviation.threshold = 300 (default)
2019-09-25 11:33:37,104 [pool-32-thread-1] INFO  server.RaftServerConfigKeys (ConfUtils.java:logGet(43)) - raft.server.log.appender.install.snapshot.enabled = false (custom)
2019-09-25 11:33:37,104 [pool-32-thread-1] INFO  impl.RaftServerImpl (ServerState.java:<init>(103)) - 69ae614a-aad9-45ca-b50d-a25e2f7464fe@group-B79B1C1A3553: ConfigurationManager, init=-1: [69ae614a-aad9-45ca-b50d-a25e2f7464fe:192.168.30.6:36009], old=null, confs=<EMPTY_MAP>
2019-09-25 11:33:37,104 [pool-32-thread-1] INFO  server.RaftServerConfigKeys (ConfUtils.java:logGet(43)) - raft.server.storage.dir = [/workdir/hadoop-ozone/integration-test/target/test-dir/MiniOzoneClusterImpl-af71ae92-902d-4bbe-8221-3c085bdab3fc/datanode-0/data/ratis] (custom)
2019-09-25 11:33:37,105 [pool-32-thread-1] INFO  storage.RaftStorageDirectory (RaftStorageDirectory.java:analyzeStorage(246)) - The storage directory /workdir/hadoop-ozone/integration-test/target/test-dir/MiniOzoneClusterImpl-af71ae92-902d-4bbe-8221-3c085bdab3fc/datanode-0/data/ratis/25ff01fc-c8c5-4e3f-aec6-b79b1c1a3553 does not exist. Creating ...
2019-09-25 11:33:37,117 [pool-32-thread-1] INFO  storage.RaftStorageDirectory (RaftStorageDirectory.java:tryLock(328)) - Lock on /workdir/hadoop-ozone/integration-test/target/test-dir/MiniOzoneClusterImpl-af71ae92-902d-4bbe-8221-3c085bdab3fc/datanode-0/data/ratis/25ff01fc-c8c5-4e3f-aec6-b79b1c1a3553/in_use.lock acquired by nodename 22736@pr-hdds-1569-5gmkr-4255264070
2019-09-25 11:33:37,130 [pool-32-thread-1] INFO  storage.RaftStorage (RaftStorage.java:format(72)) - Storage directory /workdir/hadoop-ozone/integration-test/target/test-dir/MiniOzoneClusterImpl-af71ae92-902d-4bbe-8221-3c085bdab3fc/datanode-0/data/ratis/25ff01fc-c8c5-4e3f-aec6-b79b1c1a3553 has been successfully formatted.
2019-09-25 11:33:37,130 [pool-32-thread-1] INFO  ratis.ContainerStateMachine (ContainerStateMachine.java:loadSnapshot(230)) - group-B79B1C1A3553: The snapshot info is null. Setting the last applied indexto:(t:0, i:~)
2019-09-25 11:33:37,131 [pool-32-thread-1] INFO  server.RaftServerConfigKeys (ConfUtils.java:logGet(43)) - raft.server.notification.no-leader.timeout = 120s (custom)
2019-09-25 11:33:37,131 [pool-32-thread-1] INFO  server.RaftServerConfigKeys (ConfUtils.java:logGet(43)) - raft.server.log.use.memory = false (default)
2019-09-25 11:33:37,131 [pool-32-thread-1] INFO  server.RaftServerConfigKeys (ConfUtils.java:logGet(43)) - raft.server.log.purge.gap = 1000000 (custom)
2019-09-25 11:33:37,131 [pool-32-thread-1] INFO  server.RaftServerConfigKeys (ConfUtils.java:logGet(43)) - raft.server.log.appender.buffer.byte-limit = 33554432 (custom)
2019-09-25 11:33:37,131 [pool-32-thread-1] INFO  server.RaftServerConfigKeys (ConfUtils.java:logGet(43)) - raft.server.log.segment.size.max = 1048576 (custom)
2019-09-25 11:33:37,132 [pool-32-thread-1] INFO  server.RaftServerConfigKeys (ConfUtils.java:logGet(43)) - raft.server.log.segment.cache.num.max = 2 (custom)
2019-09-25 11:33:37,132 [pool-32-thread-1] INFO  segmented.SegmentedRaftLogWorker (SegmentedRaftLogWorker.java:<init>(172)) - new 69ae614a-aad9-45ca-b50d-a25e2f7464fe@group-B79B1C1A3553-SegmentedRaftLogWorker for RaftStorage:Storage Directory /workdir/hadoop-ozone/integration-test/target/test-dir/MiniOzoneClusterImpl-af71ae92-902d-4bbe-8221-3c085bdab3fc/datanode-0/data/ratis/25ff01fc-c8c5-4e3f-aec6-b79b1c1a3553
2019-09-25 11:33:37,132 [pool-32-thread-1] INFO  server.RaftServerConfigKeys (ConfUtils.java:logGet(43)) - raft.server.log.queue.byte-limit = 2147483647 (custom)
2019-09-25 11:33:37,132 [pool-32-thread-1] INFO  server.RaftServerConfigKeys (ConfUtils.java:logGet(43)) - raft.server.log.queue.element-limit = 1024 (custom)
2019-09-25 11:33:37,132 [pool-32-thread-1] INFO  server.RaftServerConfigKeys (ConfUtils.java:logGet(43)) - raft.server.log.segment.size.max = 1048576 (custom)
2019-09-25 11:33:37,132 [pool-32-thread-1] INFO  server.RaftServerConfigKeys (ConfUtils.java:logGet(43)) - raft.server.log.preallocated.size = 16384 (custom)
2019-09-25 11:33:37,133 [pool-32-thread-1] INFO  server.RaftServerConfigKeys (ConfUtils.java:logGet(43)) - raft.server.log.write.buffer.size = 33554432 (custom)
2019-09-25 11:33:37,133 [pool-32-thread-1] INFO  server.RaftServerConfigKeys (ConfUtils.java:logGet(43)) - raft.server.log.force.sync.num = 128 (default)
2019-09-25 11:33:37,133 [pool-32-thread-1] INFO  server.RaftServerConfigKeys (ConfUtils.java:logGet(43)) - raft.server.log.statemachine.data.sync = true (default)
2019-09-25 11:33:37,133 [pool-32-thread-1] INFO  server.RaftServerConfigKeys (ConfUtils.java:logGet(43)) - raft.server.log.statemachine.data.sync.timeout = 10s (default)
2019-09-25 11:33:37,133 [pool-32-thread-1] INFO  server.RaftServerConfigKeys (ConfUtils.java:logGet(43)) - raft.server.log.statemachine.data.sync.timeout.retry = -1 (default)
2019-09-25 11:33:37,133 [pool-32-thread-1] INFO  server.RaftServerConfigKeys (ConfUtils.java:logGet(43)) - raft.server.log.statemachine.data.caching.enabled = true (custom)
2019-09-25 11:33:37,134 [pool-32-thread-1] INFO  segmented.SegmentedRaftLogWorker (SegmentedRaftLogWorker.java:lambda$new$0(132)) - 69ae614a-aad9-45ca-b50d-a25e2f7464fe@group-B79B1C1A3553-SegmentedRaftLogWorker: flushIndex: setUnconditionally 0 -> -1
2019-09-25 11:33:37,134 [pool-32-thread-1] INFO  server.RaftServerConfigKeys (ConfUtils.java:logGet(43)) - raft.server.snapshot.auto.trigger.enabled = true (custom)
2019-09-25 11:33:37,134 [pool-32-thread-1] INFO  server.RaftServerConfigKeys (ConfUtils.java:logGet(43)) - raft.server.snapshot.auto.trigger.threshold = 10000 (custom)
2019-09-25 11:33:37,134 [pool-32-thread-1] INFO  server.RaftServerConfigKeys (ConfUtils.java:logGet(43)) - raft.server.snapshot.retention.num.files = 5 (custom)
2019-09-25 11:33:37,135 [pool-32-thread-1] INFO  server.RaftServerConfigKeys (ConfUtils.java:logGet(43)) - raft.server.retrycache.expirytime = 600000ms (custom)
2019-09-25 11:33:37,138 [pool-32-thread-1] INFO  impl.RaftServerImpl (RaftServerImpl.java:start(185)) - 69ae614a-aad9-45ca-b50d-a25e2f7464fe@group-B79B1C1A3553: start as a follower, conf=-1: [69ae614a-aad9-45ca-b50d-a25e2f7464fe:192.168.30.6:36009], old=null
2019-09-25 11:33:37,139 [pool-32-thread-1] INFO  impl.RaftServerImpl (RaftServerImpl.java:setRole(174)) - 69ae614a-aad9-45ca-b50d-a25e2f7464fe@group-B79B1C1A3553: changes role from      null to FOLLOWER at term 0 for startAsFollower
2019-09-25 11:33:37,139 [pool-32-thread-1] INFO  impl.RoleInfo (RoleInfo.java:updateAndGet(143)) - 69ae614a-aad9-45ca-b50d-a25e2f7464fe: start FollowerState
2019-09-25 11:33:37,139 [pool-32-thread-1] INFO  util.JmxRegister (JmxRegister.java:tryRegister(44)) - Successfully registered JMX Bean with object name Ratis:service=RaftServer,group=group-B79B1C1A3553,id=69ae614a-aad9-45ca-b50d-a25e2f7464fe
2019-09-25 11:33:37,152 [RatisPipelineUtilsThread] INFO  pipeline.PipelineStateManager (PipelineStateManager.java:addPipeline(56)) - Created pipeline Pipeline[ Id: 25ff01fc-c8c5-4e3f-aec6-b79b1c1a3553, Nodes: 69ae614a-aad9-45ca-b50d-a25e2f7464fe{ip: 192.168.30.6, host: pr-hdds-1569-5gmkr-4255264070, networkLocation: /rack1, certSerialId: null}, Type:RATIS, Factor:ONE, State:OPEN]
2019-09-25 11:33:37,178 [grpc-default-executor-0] INFO  impl.RaftServerProxy (RaftServerProxy.java:addNew(89)) - 6cfaa380-1edb-48fc-b1d5-4f0afaf83adf: addNew group-1EA56EB6A2F8:[6cfaa380-1edb-48fc-b1d5-4f0afaf83adf:192.168.30.6:45132] returns group-1EA56EB6A2F8:java.util.concurrent.CompletableFuture@6c025355[Not completed]
2019-09-25 11:33:37,180 [pool-62-thread-1] INFO  impl.RaftServerImpl (RaftServerImpl.java:<init>(95)) - 6cfaa380-1edb-48fc-b1d5-4f0afaf83adf: new RaftServerImpl for group-1EA56EB6A2F8:[6cfaa380-1edb-48fc-b1d5-4f0afaf83adf:192.168.30.6:45132] with ContainerStateMachine:uninitialized
2019-09-25 11:33:37,180 [pool-62-thread-1] INFO  server.RaftServerConfigKeys (ConfUtils.java:logGet(43)) - raft.server.rpc.timeout.min = 5s (custom)
2019-09-25 11:33:37,180 [pool-62-thread-1] INFO  server.RaftServerConfigKeys (ConfUtils.java:logGet(43)) - raft.server.rpc.timeout.max = 5200ms (custom)
2019-09-25 11:33:37,180 [pool-62-thread-1] INFO  server.RaftServerConfigKeys (ConfUtils.java:logGet(43)) - raft.server.rpcslowness.timeout = 120s (custom)
2019-09-25 11:33:37,180 [pool-62-thread-1] INFO  server.RaftServerConfigKeys (ConfUtils.java:logGet(43)) - raft.server.sleep.deviation.threshold = 300 (default)
2019-09-25 11:33:37,181 [pool-62-thread-1] INFO  server.RaftServerConfigKeys (ConfUtils.java:logGet(43)) - raft.server.log.appender.install.snapshot.enabled = false (custom)
2019-09-25 11:33:37,181 [pool-62-thread-1] INFO  impl.RaftServerImpl (ServerState.java:<init>(103)) - 6cfaa380-1edb-48fc-b1d5-4f0afaf83adf@group-1EA56EB6A2F8: ConfigurationManager, init=-1: [6cfaa380-1edb-48fc-b1d5-4f0afaf83adf:192.168.30.6:45132], old=null, confs=<EMPTY_MAP>
2019-09-25 11:33:37,181 [pool-62-thread-1] INFO  server.RaftServerConfigKeys (ConfUtils.java:logGet(43)) - raft.server.storage.dir = [/workdir/hadoop-ozone/integration-test/target/test-dir/MiniOzoneClusterImpl-af71ae92-902d-4bbe-8221-3c085bdab3fc/datanode-3/data/ratis] (custom)
2019-09-25 11:33:37,182 [pool-62-thread-1] INFO  storage.RaftStorageDirectory (RaftStorageDirectory.java:analyzeStorage(246)) - The storage directory /workdir/hadoop-ozone/integration-test/target/test-dir/MiniOzoneClusterImpl-af71ae92-902d-4bbe-8221-3c085bdab3fc/datanode-3/data/ratis/53f821db-9dbd-474f-91de-1ea56eb6a2f8 does not exist. Creating ...
2019-09-25 11:33:37,194 [pool-62-thread-1] INFO  storage.RaftStorageDirectory (RaftStorageDirectory.java:tryLock(328)) - Lock on /workdir/hadoop-ozone/integration-test/target/test-dir/MiniOzoneClusterImpl-af71ae92-902d-4bbe-8221-3c085bdab3fc/datanode-3/data/ratis/53f821db-9dbd-474f-91de-1ea56eb6a2f8/in_use.lock acquired by nodename 22736@pr-hdds-1569-5gmkr-4255264070
2019-09-25 11:33:37,207 [pool-62-thread-1] INFO  storage.RaftStorage (RaftStorage.java:format(72)) - Storage directory /workdir/hadoop-ozone/integration-test/target/test-dir/MiniOzoneClusterImpl-af71ae92-902d-4bbe-8221-3c085bdab3fc/datanode-3/data/ratis/53f821db-9dbd-474f-91de-1ea56eb6a2f8 has been successfully formatted.
2019-09-25 11:33:37,208 [pool-62-thread-1] INFO  ratis.ContainerStateMachine (ContainerStateMachine.java:loadSnapshot(230)) - group-1EA56EB6A2F8: The snapshot info is null. Setting the last applied indexto:(t:0, i:~)
2019-09-25 11:33:37,208 [pool-62-thread-1] INFO  server.RaftServerConfigKeys (ConfUtils.java:logGet(43)) - raft.server.notification.no-leader.timeout = 120s (custom)
2019-09-25 11:33:37,208 [pool-62-thread-1] INFO  server.RaftServerConfigKeys (ConfUtils.java:logGet(43)) - raft.server.log.use.memory = false (default)
2019-09-25 11:33:37,208 [pool-62-thread-1] INFO  server.RaftServerConfigKeys (ConfUtils.java:logGet(43)) - raft.server.log.purge.gap = 1000000 (custom)
2019-09-25 11:33:37,209 [pool-62-thread-1] INFO  server.RaftServerConfigKeys (ConfUtils.java:logGet(43)) - raft.server.log.appender.buffer.byte-limit = 33554432 (custom)
2019-09-25 11:33:37,209 [pool-62-thread-1] INFO  server.RaftServerConfigKeys (ConfUtils.java:logGet(43)) - raft.server.log.segment.size.max = 1048576 (custom)
2019-09-25 11:33:37,209 [pool-62-thread-1] INFO  server.RaftServerConfigKeys (ConfUtils.java:logGet(43)) - raft.server.log.segment.cache.num.max = 2 (custom)
2019-09-25 11:33:37,209 [pool-62-thread-1] INFO  segmented.SegmentedRaftLogWorker (SegmentedRaftLogWorker.java:<init>(172)) - new 6cfaa380-1edb-48fc-b1d5-4f0afaf83adf@group-1EA56EB6A2F8-SegmentedRaftLogWorker for RaftStorage:Storage Directory /workdir/hadoop-ozone/integration-test/target/test-dir/MiniOzoneClusterImpl-af71ae92-902d-4bbe-8221-3c085bdab3fc/datanode-3/data/ratis/53f821db-9dbd-474f-91de-1ea56eb6a2f8
2019-09-25 11:33:37,213 [pool-62-thread-1] INFO  server.RaftServerConfigKeys (ConfUtils.java:logGet(43)) - raft.server.log.queue.byte-limit = 2147483647 (custom)
2019-09-25 11:33:37,213 [pool-62-thread-1] INFO  server.RaftServerConfigKeys (ConfUtils.java:logGet(43)) - raft.server.log.queue.element-limit = 1024 (custom)
2019-09-25 11:33:37,213 [pool-62-thread-1] INFO  server.RaftServerConfigKeys (ConfUtils.java:logGet(43)) - raft.server.log.segment.size.max = 1048576 (custom)
2019-09-25 11:33:37,214 [pool-62-thread-1] INFO  server.RaftServerConfigKeys (ConfUtils.java:logGet(43)) - raft.server.log.preallocated.size = 16384 (custom)
2019-09-25 11:33:37,214 [pool-62-thread-1] INFO  server.RaftServerConfigKeys (ConfUtils.java:logGet(43)) - raft.server.log.write.buffer.size = 33554432 (custom)
2019-09-25 11:33:37,214 [pool-62-thread-1] INFO  server.RaftServerConfigKeys (ConfUtils.java:logGet(43)) - raft.server.log.force.sync.num = 128 (default)
2019-09-25 11:33:37,214 [pool-62-thread-1] INFO  server.RaftServerConfigKeys (ConfUtils.java:logGet(43)) - raft.server.log.statemachine.data.sync = true (default)
2019-09-25 11:33:37,214 [pool-62-thread-1] INFO  server.RaftServerConfigKeys (ConfUtils.java:logGet(43)) - raft.server.log.statemachine.data.sync.timeout = 10s (default)
2019-09-25 11:33:37,214 [pool-62-thread-1] INFO  server.RaftServerConfigKeys (ConfUtils.java:logGet(43)) - raft.server.log.statemachine.data.sync.timeout.retry = -1 (default)
2019-09-25 11:33:37,215 [pool-62-thread-1] INFO  server.RaftServerConfigKeys (ConfUtils.java:logGet(43)) - raft.server.log.statemachine.data.caching.enabled = true (custom)
2019-09-25 11:33:37,215 [pool-62-thread-1] INFO  segmented.SegmentedRaftLogWorker (SegmentedRaftLogWorker.java:lambda$new$0(132)) - 6cfaa380-1edb-48fc-b1d5-4f0afaf83adf@group-1EA56EB6A2F8-SegmentedRaftLogWorker: flushIndex: setUnconditionally 0 -> -1
2019-09-25 11:33:37,217 [pool-62-thread-1] INFO  server.RaftServerConfigKeys (ConfUtils.java:logGet(43)) - raft.server.snapshot.auto.trigger.enabled = true (custom)
2019-09-25 11:33:37,217 [pool-62-thread-1] INFO  server.RaftServerConfigKeys (ConfUtils.java:logGet(43)) - raft.server.snapshot.auto.trigger.threshold = 10000 (custom)
2019-09-25 11:33:37,217 [pool-62-thread-1] INFO  server.RaftServerConfigKeys (ConfUtils.java:logGet(43)) - raft.server.snapshot.retention.num.files = 5 (custom)
2019-09-25 11:33:37,218 [pool-62-thread-1] INFO  server.RaftServerConfigKeys (ConfUtils.java:logGet(43)) - raft.server.retrycache.expirytime = 600000ms (custom)
2019-09-25 11:33:37,221 [pool-62-thread-1] INFO  impl.RaftServerImpl (RaftServerImpl.java:start(185)) - 6cfaa380-1edb-48fc-b1d5-4f0afaf83adf@group-1EA56EB6A2F8: start as a follower, conf=-1: [6cfaa380-1edb-48fc-b1d5-4f0afaf83adf:192.168.30.6:45132], old=null
2019-09-25 11:33:37,221 [pool-62-thread-1] INFO  impl.RaftServerImpl (RaftServerImpl.java:setRole(174)) - 6cfaa380-1edb-48fc-b1d5-4f0afaf83adf@group-1EA56EB6A2F8: changes role from      null to FOLLOWER at term 0 for startAsFollower
2019-09-25 11:33:37,221 [pool-62-thread-1] INFO  impl.RoleInfo (RoleInfo.java:updateAndGet(143)) - 6cfaa380-1edb-48fc-b1d5-4f0afaf83adf: start FollowerState
2019-09-25 11:33:37,222 [pool-62-thread-1] INFO  util.JmxRegister (JmxRegister.java:tryRegister(44)) - Successfully registered JMX Bean with object name Ratis:service=RaftServer,group=group-1EA56EB6A2F8,id=6cfaa380-1edb-48fc-b1d5-4f0afaf83adf
2019-09-25 11:33:37,234 [RatisPipelineUtilsThread] INFO  pipeline.PipelineStateManager (PipelineStateManager.java:addPipeline(56)) - Created pipeline Pipeline[ Id: 53f821db-9dbd-474f-91de-1ea56eb6a2f8, Nodes: 6cfaa380-1edb-48fc-b1d5-4f0afaf83adf{ip: 192.168.30.6, host: pr-hdds-1569-5gmkr-4255264070, networkLocation: /rack1, certSerialId: null}, Type:RATIS, Factor:ONE, State:OPEN]
2019-09-25 11:33:37,257 [grpc-default-executor-0] INFO  impl.RaftServerProxy (RaftServerProxy.java:addNew(89)) - 69ae614a-aad9-45ca-b50d-a25e2f7464fe: addNew group-4100017E50EB:[69ae614a-aad9-45ca-b50d-a25e2f7464fe:192.168.30.6:36009] returns group-4100017E50EB:java.util.concurrent.CompletableFuture@1ea3455[Not completed]
2019-09-25 11:33:37,259 [pool-32-thread-1] INFO  impl.RaftServerImpl (RaftServerImpl.java:<init>(95)) - 69ae614a-aad9-45ca-b50d-a25e2f7464fe: new RaftServerImpl for group-4100017E50EB:[69ae614a-aad9-45ca-b50d-a25e2f7464fe:192.168.30.6:36009] with ContainerStateMachine:uninitialized
2019-09-25 11:33:37,259 [pool-32-thread-1] INFO  server.RaftServerConfigKeys (ConfUtils.java:logGet(43)) - raft.server.rpc.timeout.min = 5s (custom)
2019-09-25 11:33:37,259 [pool-32-thread-1] INFO  server.RaftServerConfigKeys (ConfUtils.java:logGet(43)) - raft.server.rpc.timeout.max = 5200ms (custom)
2019-09-25 11:33:37,259 [pool-32-thread-1] INFO  server.RaftServerConfigKeys (ConfUtils.java:logGet(43)) - raft.server.rpcslowness.timeout = 120s (custom)
2019-09-25 11:33:37,260 [pool-32-thread-1] INFO  server.RaftServerConfigKeys (ConfUtils.java:logGet(43)) - raft.server.sleep.deviation.threshold = 300 (default)
2019-09-25 11:33:37,260 [pool-32-thread-1] INFO  server.RaftServerConfigKeys (ConfUtils.java:logGet(43)) - raft.server.log.appender.install.snapshot.enabled = false (custom)
2019-09-25 11:33:37,260 [pool-32-thread-1] INFO  impl.RaftServerImpl (ServerState.java:<init>(103)) - 69ae614a-aad9-45ca-b50d-a25e2f7464fe@group-4100017E50EB: ConfigurationManager, init=-1: [69ae614a-aad9-45ca-b50d-a25e2f7464fe:192.168.30.6:36009], old=null, confs=<EMPTY_MAP>
2019-09-25 11:33:37,260 [pool-32-thread-1] INFO  server.RaftServerConfigKeys (ConfUtils.java:logGet(43)) - raft.server.storage.dir = [/workdir/hadoop-ozone/integration-test/target/test-dir/MiniOzoneClusterImpl-af71ae92-902d-4bbe-8221-3c085bdab3fc/datanode-0/data/ratis] (custom)
2019-09-25 11:33:37,261 [pool-32-thread-1] INFO  storage.RaftStorageDirectory (RaftStorageDirectory.java:analyzeStorage(246)) - The storage directory /workdir/hadoop-ozone/integration-test/target/test-dir/MiniOzoneClusterImpl-af71ae92-902d-4bbe-8221-3c085bdab3fc/datanode-0/data/ratis/9aab9a4f-9a76-49b9-984e-4100017e50eb does not exist. Creating ...
2019-09-25 11:33:37,282 [pool-32-thread-1] INFO  storage.RaftStorageDirectory (RaftStorageDirectory.java:tryLock(328)) - Lock on /workdir/hadoop-ozone/integration-test/target/test-dir/MiniOzoneClusterImpl-af71ae92-902d-4bbe-8221-3c085bdab3fc/datanode-0/data/ratis/9aab9a4f-9a76-49b9-984e-4100017e50eb/in_use.lock acquired by nodename 22736@pr-hdds-1569-5gmkr-4255264070
2019-09-25 11:33:37,312 [pool-32-thread-1] INFO  storage.RaftStorage (RaftStorage.java:format(72)) - Storage directory /workdir/hadoop-ozone/integration-test/target/test-dir/MiniOzoneClusterImpl-af71ae92-902d-4bbe-8221-3c085bdab3fc/datanode-0/data/ratis/9aab9a4f-9a76-49b9-984e-4100017e50eb has been successfully formatted.
2019-09-25 11:33:37,313 [pool-32-thread-1] INFO  ratis.ContainerStateMachine (ContainerStateMachine.java:loadSnapshot(230)) - group-4100017E50EB: The snapshot info is null. Setting the last applied indexto:(t:0, i:~)
2019-09-25 11:33:37,313 [pool-32-thread-1] INFO  server.RaftServerConfigKeys (ConfUtils.java:logGet(43)) - raft.server.notification.no-leader.timeout = 120s (custom)
2019-09-25 11:33:37,313 [pool-32-thread-1] INFO  server.RaftServerConfigKeys (ConfUtils.java:logGet(43)) - raft.server.log.use.memory = false (default)
2019-09-25 11:33:37,313 [pool-32-thread-1] INFO  server.RaftServerConfigKeys (ConfUtils.java:logGet(43)) - raft.server.log.purge.gap = 1000000 (custom)
2019-09-25 11:33:37,313 [pool-32-thread-1] INFO  server.RaftServerConfigKeys (ConfUtils.java:logGet(43)) - raft.server.log.appender.buffer.byte-limit = 33554432 (custom)
2019-09-25 11:33:37,314 [pool-32-thread-1] INFO  server.RaftServerConfigKeys (ConfUtils.java:logGet(43)) - raft.server.log.segment.size.max = 1048576 (custom)
2019-09-25 11:33:37,314 [pool-32-thread-1] INFO  server.RaftServerConfigKeys (ConfUtils.java:logGet(43)) - raft.server.log.segment.cache.num.max = 2 (custom)
2019-09-25 11:33:37,314 [pool-32-thread-1] INFO  segmented.SegmentedRaftLogWorker (SegmentedRaftLogWorker.java:<init>(172)) - new 69ae614a-aad9-45ca-b50d-a25e2f7464fe@group-4100017E50EB-SegmentedRaftLogWorker for RaftStorage:Storage Directory /workdir/hadoop-ozone/integration-test/target/test-dir/MiniOzoneClusterImpl-af71ae92-902d-4bbe-8221-3c085bdab3fc/datanode-0/data/ratis/9aab9a4f-9a76-49b9-984e-4100017e50eb
2019-09-25 11:33:37,314 [pool-32-thread-1] INFO  server.RaftServerConfigKeys (ConfUtils.java:logGet(43)) - raft.server.log.queue.byte-limit = 2147483647 (custom)
2019-09-25 11:33:37,314 [pool-32-thread-1] INFO  server.RaftServerConfigKeys (ConfUtils.java:logGet(43)) - raft.server.log.queue.element-limit = 1024 (custom)
2019-09-25 11:33:37,315 [pool-32-thread-1] INFO  server.RaftServerConfigKeys (ConfUtils.java:logGet(43)) - raft.server.log.segment.size.max = 1048576 (custom)
2019-09-25 11:33:37,315 [pool-32-thread-1] INFO  server.RaftServerConfigKeys (ConfUtils.java:logGet(43)) - raft.server.log.preallocated.size = 16384 (custom)
2019-09-25 11:33:37,315 [pool-32-thread-1] INFO  server.RaftServerConfigKeys (ConfUtils.java:logGet(43)) - raft.server.log.write.buffer.size = 33554432 (custom)
2019-09-25 11:33:37,315 [pool-32-thread-1] INFO  server.RaftServerConfigKeys (ConfUtils.java:logGet(43)) - raft.server.log.force.sync.num = 128 (default)
2019-09-25 11:33:37,315 [pool-32-thread-1] INFO  server.RaftServerConfigKeys (ConfUtils.java:logGet(43)) - raft.server.log.statemachine.data.sync = true (default)
2019-09-25 11:33:37,315 [pool-32-thread-1] INFO  server.RaftServerConfigKeys (ConfUtils.java:logGet(43)) - raft.server.log.statemachine.data.sync.timeout = 10s (default)
2019-09-25 11:33:37,316 [pool-32-thread-1] INFO  server.RaftServerConfigKeys (ConfUtils.java:logGet(43)) - raft.server.log.statemachine.data.sync.timeout.retry = -1 (default)
2019-09-25 11:33:37,316 [pool-32-thread-1] INFO  server.RaftServerConfigKeys (ConfUtils.java:logGet(43)) - raft.server.log.statemachine.data.caching.enabled = true (custom)
2019-09-25 11:33:37,316 [pool-32-thread-1] INFO  segmented.SegmentedRaftLogWorker (SegmentedRaftLogWorker.java:lambda$new$0(132)) - 69ae614a-aad9-45ca-b50d-a25e2f7464fe@group-4100017E50EB-SegmentedRaftLogWorker: flushIndex: setUnconditionally 0 -> -1
2019-09-25 11:33:37,317 [pool-32-thread-1] INFO  server.RaftServerConfigKeys (ConfUtils.java:logGet(43)) - raft.server.snapshot.auto.trigger.enabled = true (custom)
2019-09-25 11:33:37,317 [pool-32-thread-1] INFO  server.RaftServerConfigKeys (ConfUtils.java:logGet(43)) - raft.server.snapshot.auto.trigger.threshold = 10000 (custom)
2019-09-25 11:33:37,317 [pool-32-thread-1] INFO  server.RaftServerConfigKeys (ConfUtils.java:logGet(43)) - raft.server.snapshot.retention.num.files = 5 (custom)
2019-09-25 11:33:37,317 [pool-32-thread-1] INFO  server.RaftServerConfigKeys (ConfUtils.java:logGet(43)) - raft.server.retrycache.expirytime = 600000ms (custom)
2019-09-25 11:33:37,321 [pool-32-thread-1] INFO  impl.RaftServerImpl (RaftServerImpl.java:start(185)) - 69ae614a-aad9-45ca-b50d-a25e2f7464fe@group-4100017E50EB: start as a follower, conf=-1: [69ae614a-aad9-45ca-b50d-a25e2f7464fe:192.168.30.6:36009], old=null
2019-09-25 11:33:37,321 [pool-32-thread-1] INFO  impl.RaftServerImpl (RaftServerImpl.java:setRole(174)) - 69ae614a-aad9-45ca-b50d-a25e2f7464fe@group-4100017E50EB: changes role from      null to FOLLOWER at term 0 for startAsFollower
2019-09-25 11:33:37,321 [pool-32-thread-1] INFO  impl.RoleInfo (RoleInfo.java:updateAndGet(143)) - 69ae614a-aad9-45ca-b50d-a25e2f7464fe: start FollowerState
2019-09-25 11:33:37,322 [pool-32-thread-1] INFO  util.JmxRegister (JmxRegister.java:tryRegister(44)) - Successfully registered JMX Bean with object name Ratis:service=RaftServer,group=group-4100017E50EB,id=69ae614a-aad9-45ca-b50d-a25e2f7464fe
2019-09-25 11:33:37,338 [RatisPipelineUtilsThread] INFO  pipeline.PipelineStateManager (PipelineStateManager.java:addPipeline(56)) - Created pipeline Pipeline[ Id: 9aab9a4f-9a76-49b9-984e-4100017e50eb, Nodes: 69ae614a-aad9-45ca-b50d-a25e2f7464fe{ip: 192.168.30.6, host: pr-hdds-1569-5gmkr-4255264070, networkLocation: /rack1, certSerialId: null}, Type:RATIS, Factor:ONE, State:OPEN]
2019-09-25 11:33:37,354 [grpc-default-executor-0] INFO  impl.RaftServerProxy (RaftServerProxy.java:addNew(89)) - 69ae614a-aad9-45ca-b50d-a25e2f7464fe: addNew group-A2385EFDBE2C:[69ae614a-aad9-45ca-b50d-a25e2f7464fe:192.168.30.6:36009] returns group-A2385EFDBE2C:java.util.concurrent.CompletableFuture@3430c4d4[Not completed]
2019-09-25 11:33:37,355 [main] INFO  ozone.MiniOzoneClusterImpl (MiniOzoneClusterImpl.java:lambda$waitForClusterToBeReady$0(147)) - Cluster is ready. Got 4 of 4 DN Heartbeats.
2019-09-25 11:33:37,356 [pool-32-thread-1] INFO  impl.RaftServerImpl (RaftServerImpl.java:<init>(95)) - 69ae614a-aad9-45ca-b50d-a25e2f7464fe: new RaftServerImpl for group-A2385EFDBE2C:[69ae614a-aad9-45ca-b50d-a25e2f7464fe:192.168.30.6:36009] with ContainerStateMachine:uninitialized
2019-09-25 11:33:37,356 [pool-32-thread-1] INFO  server.RaftServerConfigKeys (ConfUtils.java:logGet(43)) - raft.server.rpc.timeout.min = 5s (custom)
2019-09-25 11:33:37,357 [pool-32-thread-1] INFO  server.RaftServerConfigKeys (ConfUtils.java:logGet(43)) - raft.server.rpc.timeout.max = 5200ms (custom)
2019-09-25 11:33:37,357 [pool-32-thread-1] INFO  server.RaftServerConfigKeys (ConfUtils.java:logGet(43)) - raft.server.rpcslowness.timeout = 120s (custom)
2019-09-25 11:33:37,357 [pool-32-thread-1] INFO  server.RaftServerConfigKeys (ConfUtils.java:logGet(43)) - raft.server.sleep.deviation.threshold = 300 (default)
2019-09-25 11:33:37,357 [pool-32-thread-1] INFO  server.RaftServerConfigKeys (ConfUtils.java:logGet(43)) - raft.server.log.appender.install.snapshot.enabled = false (custom)
2019-09-25 11:33:37,358 [pool-32-thread-1] INFO  impl.RaftServerImpl (ServerState.java:<init>(103)) - 69ae614a-aad9-45ca-b50d-a25e2f7464fe@group-A2385EFDBE2C: ConfigurationManager, init=-1: [69ae614a-aad9-45ca-b50d-a25e2f7464fe:192.168.30.6:36009], old=null, confs=<EMPTY_MAP>
2019-09-25 11:33:37,358 [pool-32-thread-1] INFO  server.RaftServerConfigKeys (ConfUtils.java:logGet(43)) - raft.server.storage.dir = [/workdir/hadoop-ozone/integration-test/target/test-dir/MiniOzoneClusterImpl-af71ae92-902d-4bbe-8221-3c085bdab3fc/datanode-0/data/ratis] (custom)
2019-09-25 11:33:37,358 [pool-32-thread-1] INFO  storage.RaftStorageDirectory (RaftStorageDirectory.java:analyzeStorage(246)) - The storage directory /workdir/hadoop-ozone/integration-test/target/test-dir/MiniOzoneClusterImpl-af71ae92-902d-4bbe-8221-3c085bdab3fc/datanode-0/data/ratis/110250af-e636-492b-8950-a2385efdbe2c does not exist. Creating ...
2019-09-25 11:33:37,371 [pool-32-thread-1] INFO  storage.RaftStorageDirectory (RaftStorageDirectory.java:tryLock(328)) - Lock on /workdir/hadoop-ozone/integration-test/target/test-dir/MiniOzoneClusterImpl-af71ae92-902d-4bbe-8221-3c085bdab3fc/datanode-0/data/ratis/110250af-e636-492b-8950-a2385efdbe2c/in_use.lock acquired by nodename 22736@pr-hdds-1569-5gmkr-4255264070
2019-09-25 11:33:37,385 [pool-32-thread-1] INFO  storage.RaftStorage (RaftStorage.java:format(72)) - Storage directory /workdir/hadoop-ozone/integration-test/target/test-dir/MiniOzoneClusterImpl-af71ae92-902d-4bbe-8221-3c085bdab3fc/datanode-0/data/ratis/110250af-e636-492b-8950-a2385efdbe2c has been successfully formatted.
2019-09-25 11:33:37,385 [pool-32-thread-1] INFO  ratis.ContainerStateMachine (ContainerStateMachine.java:loadSnapshot(230)) - group-A2385EFDBE2C: The snapshot info is null. Setting the last applied indexto:(t:0, i:~)
2019-09-25 11:33:37,385 [pool-32-thread-1] INFO  server.RaftServerConfigKeys (ConfUtils.java:logGet(43)) - raft.server.notification.no-leader.timeout = 120s (custom)
2019-09-25 11:33:37,386 [pool-32-thread-1] INFO  server.RaftServerConfigKeys (ConfUtils.java:logGet(43)) - raft.server.log.use.memory = false (default)
2019-09-25 11:33:37,386 [pool-32-thread-1] INFO  server.RaftServerConfigKeys (ConfUtils.java:logGet(43)) - raft.server.log.purge.gap = 1000000 (custom)
2019-09-25 11:33:37,386 [pool-32-thread-1] INFO  server.RaftServerConfigKeys (ConfUtils.java:logGet(43)) - raft.server.log.appender.buffer.byte-limit = 33554432 (custom)
2019-09-25 11:33:37,388 [pool-32-thread-1] INFO  server.RaftServerConfigKeys (ConfUtils.java:logGet(43)) - raft.server.log.segment.size.max = 1048576 (custom)
2019-09-25 11:33:37,388 [pool-32-thread-1] INFO  server.RaftServerConfigKeys (ConfUtils.java:logGet(43)) - raft.server.log.segment.cache.num.max = 2 (custom)
2019-09-25 11:33:37,388 [pool-32-thread-1] INFO  segmented.SegmentedRaftLogWorker (SegmentedRaftLogWorker.java:<init>(172)) - new 69ae614a-aad9-45ca-b50d-a25e2f7464fe@group-A2385EFDBE2C-SegmentedRaftLogWorker for RaftStorage:Storage Directory /workdir/hadoop-ozone/integration-test/target/test-dir/MiniOzoneClusterImpl-af71ae92-902d-4bbe-8221-3c085bdab3fc/datanode-0/data/ratis/110250af-e636-492b-8950-a2385efdbe2c
2019-09-25 11:33:37,388 [pool-32-thread-1] INFO  server.RaftServerConfigKeys (ConfUtils.java:logGet(43)) - raft.server.log.queue.byte-limit = 2147483647 (custom)
2019-09-25 11:33:37,389 [pool-32-thread-1] INFO  server.RaftServerConfigKeys (ConfUtils.java:logGet(43)) - raft.server.log.queue.element-limit = 1024 (custom)
2019-09-25 11:33:37,389 [pool-32-thread-1] INFO  server.RaftServerConfigKeys (ConfUtils.java:logGet(43)) - raft.server.log.segment.size.max = 1048576 (custom)
2019-09-25 11:33:37,389 [pool-32-thread-1] INFO  server.RaftServerConfigKeys (ConfUtils.java:logGet(43)) - raft.server.log.preallocated.size = 16384 (custom)
2019-09-25 11:33:37,389 [pool-32-thread-1] INFO  server.RaftServerConfigKeys (ConfUtils.java:logGet(43)) - raft.server.log.write.buffer.size = 33554432 (custom)
2019-09-25 11:33:37,389 [pool-32-thread-1] INFO  server.RaftServerConfigKeys (ConfUtils.java:logGet(43)) - raft.server.log.force.sync.num = 128 (default)
2019-09-25 11:33:37,390 [pool-32-thread-1] INFO  server.RaftServerConfigKeys (ConfUtils.java:logGet(43)) - raft.server.log.statemachine.data.sync = true (default)
2019-09-25 11:33:37,390 [pool-32-thread-1] INFO  server.RaftServerConfigKeys (ConfUtils.java:logGet(43)) - raft.server.log.statemachine.data.sync.timeout = 10s (default)
2019-09-25 11:33:37,390 [pool-32-thread-1] INFO  server.RaftServerConfigKeys (ConfUtils.java:logGet(43)) - raft.server.log.statemachine.data.sync.timeout.retry = -1 (default)
2019-09-25 11:33:37,390 [pool-32-thread-1] INFO  server.RaftServerConfigKeys (ConfUtils.java:logGet(43)) - raft.server.log.statemachine.data.caching.enabled = true (custom)
2019-09-25 11:33:37,391 [pool-32-thread-1] INFO  segmented.SegmentedRaftLogWorker (SegmentedRaftLogWorker.java:lambda$new$0(132)) - 69ae614a-aad9-45ca-b50d-a25e2f7464fe@group-A2385EFDBE2C-SegmentedRaftLogWorker: flushIndex: setUnconditionally 0 -> -1
2019-09-25 11:33:37,391 [pool-32-thread-1] INFO  server.RaftServerConfigKeys (ConfUtils.java:logGet(43)) - raft.server.snapshot.auto.trigger.enabled = true (custom)
2019-09-25 11:33:37,392 [pool-32-thread-1] INFO  server.RaftServerConfigKeys (ConfUtils.java:logGet(43)) - raft.server.snapshot.auto.trigger.threshold = 10000 (custom)
2019-09-25 11:33:37,392 [pool-32-thread-1] INFO  server.RaftServerConfigKeys (ConfUtils.java:logGet(43)) - raft.server.snapshot.retention.num.files = 5 (custom)
2019-09-25 11:33:37,392 [pool-32-thread-1] INFO  server.RaftServerConfigKeys (ConfUtils.java:logGet(43)) - raft.server.retrycache.expirytime = 600000ms (custom)
2019-09-25 11:33:37,396 [pool-32-thread-1] INFO  impl.RaftServerImpl (RaftServerImpl.java:start(185)) - 69ae614a-aad9-45ca-b50d-a25e2f7464fe@group-A2385EFDBE2C: start as a follower, conf=-1: [69ae614a-aad9-45ca-b50d-a25e2f7464fe:192.168.30.6:36009], old=null
2019-09-25 11:33:37,396 [pool-32-thread-1] INFO  impl.RaftServerImpl (RaftServerImpl.java:setRole(174)) - 69ae614a-aad9-45ca-b50d-a25e2f7464fe@group-A2385EFDBE2C: changes role from      null to FOLLOWER at term 0 for startAsFollower
2019-09-25 11:33:37,396 [pool-32-thread-1] INFO  impl.RoleInfo (RoleInfo.java:updateAndGet(143)) - 69ae614a-aad9-45ca-b50d-a25e2f7464fe: start FollowerState
2019-09-25 11:33:37,397 [pool-32-thread-1] INFO  util.JmxRegister (JmxRegister.java:tryRegister(44)) - Successfully registered JMX Bean with object name Ratis:service=RaftServer,group=group-A2385EFDBE2C,id=69ae614a-aad9-45ca-b50d-a25e2f7464fe
2019-09-25 11:33:37,408 [RatisPipelineUtilsThread] INFO  pipeline.PipelineStateManager (PipelineStateManager.java:addPipeline(56)) - Created pipeline Pipeline[ Id: 110250af-e636-492b-8950-a2385efdbe2c, Nodes: 69ae614a-aad9-45ca-b50d-a25e2f7464fe{ip: 192.168.30.6, host: pr-hdds-1569-5gmkr-4255264070, networkLocation: /rack1, certSerialId: null}, Type:RATIS, Factor:ONE, State:OPEN]
2019-09-25 11:33:37,422 [grpc-default-executor-0] INFO  impl.RaftServerProxy (RaftServerProxy.java:addNew(89)) - 6cfaa380-1edb-48fc-b1d5-4f0afaf83adf: addNew group-8E9DF8798486:[6cfaa380-1edb-48fc-b1d5-4f0afaf83adf:192.168.30.6:45132] returns group-8E9DF8798486:java.util.concurrent.CompletableFuture@4c5936de[Not completed]
2019-09-25 11:33:37,424 [pool-62-thread-1] INFO  impl.RaftServerImpl (RaftServerImpl.java:<init>(95)) - 6cfaa380-1edb-48fc-b1d5-4f0afaf83adf: new RaftServerImpl for group-8E9DF8798486:[6cfaa380-1edb-48fc-b1d5-4f0afaf83adf:192.168.30.6:45132] with ContainerStateMachine:uninitialized
2019-09-25 11:33:37,424 [pool-62-thread-1] INFO  server.RaftServerConfigKeys (ConfUtils.java:logGet(43)) - raft.server.rpc.timeout.min = 5s (custom)
2019-09-25 11:33:37,424 [pool-62-thread-1] INFO  server.RaftServerConfigKeys (ConfUtils.java:logGet(43)) - raft.server.rpc.timeout.max = 5200ms (custom)
2019-09-25 11:33:37,425 [pool-62-thread-1] INFO  server.RaftServerConfigKeys (ConfUtils.java:logGet(43)) - raft.server.rpcslowness.timeout = 120s (custom)
2019-09-25 11:33:37,425 [pool-62-thread-1] INFO  server.RaftServerConfigKeys (ConfUtils.java:logGet(43)) - raft.server.sleep.deviation.threshold = 300 (default)
2019-09-25 11:33:37,425 [pool-62-thread-1] INFO  server.RaftServerConfigKeys (ConfUtils.java:logGet(43)) - raft.server.log.appender.install.snapshot.enabled = false (custom)
2019-09-25 11:33:37,425 [pool-62-thread-1] INFO  impl.RaftServerImpl (ServerState.java:<init>(103)) - 6cfaa380-1edb-48fc-b1d5-4f0afaf83adf@group-8E9DF8798486: ConfigurationManager, init=-1: [6cfaa380-1edb-48fc-b1d5-4f0afaf83adf:192.168.30.6:45132], old=null, confs=<EMPTY_MAP>
2019-09-25 11:33:37,425 [pool-62-thread-1] INFO  server.RaftServerConfigKeys (ConfUtils.java:logGet(43)) - raft.server.storage.dir = [/workdir/hadoop-ozone/integration-test/target/test-dir/MiniOzoneClusterImpl-af71ae92-902d-4bbe-8221-3c085bdab3fc/datanode-3/data/ratis] (custom)
2019-09-25 11:33:37,426 [pool-62-thread-1] INFO  storage.RaftStorageDirectory (RaftStorageDirectory.java:analyzeStorage(246)) - The storage directory /workdir/hadoop-ozone/integration-test/target/test-dir/MiniOzoneClusterImpl-af71ae92-902d-4bbe-8221-3c085bdab3fc/datanode-3/data/ratis/177d7b58-e338-40a5-ad9b-8e9df8798486 does not exist. Creating ...
2019-09-25 11:33:37,439 [pool-62-thread-1] INFO  storage.RaftStorageDirectory (RaftStorageDirectory.java:tryLock(328)) - Lock on /workdir/hadoop-ozone/integration-test/target/test-dir/MiniOzoneClusterImpl-af71ae92-902d-4bbe-8221-3c085bdab3fc/datanode-3/data/ratis/177d7b58-e338-40a5-ad9b-8e9df8798486/in_use.lock acquired by nodename 22736@pr-hdds-1569-5gmkr-4255264070
2019-09-25 11:33:37,451 [pool-62-thread-1] INFO  storage.RaftStorage (RaftStorage.java:format(72)) - Storage directory /workdir/hadoop-ozone/integration-test/target/test-dir/MiniOzoneClusterImpl-af71ae92-902d-4bbe-8221-3c085bdab3fc/datanode-3/data/ratis/177d7b58-e338-40a5-ad9b-8e9df8798486 has been successfully formatted.
2019-09-25 11:33:37,452 [pool-62-thread-1] INFO  ratis.ContainerStateMachine (ContainerStateMachine.java:loadSnapshot(230)) - group-8E9DF8798486: The snapshot info is null. Setting the last applied indexto:(t:0, i:~)
2019-09-25 11:33:37,452 [pool-62-thread-1] INFO  server.RaftServerConfigKeys (ConfUtils.java:logGet(43)) - raft.server.notification.no-leader.timeout = 120s (custom)
2019-09-25 11:33:37,452 [pool-62-thread-1] INFO  server.RaftServerConfigKeys (ConfUtils.java:logGet(43)) - raft.server.log.use.memory = false (default)
2019-09-25 11:33:37,452 [pool-62-thread-1] INFO  server.RaftServerConfigKeys (ConfUtils.java:logGet(43)) - raft.server.log.purge.gap = 1000000 (custom)
2019-09-25 11:33:37,453 [pool-62-thread-1] INFO  server.RaftServerConfigKeys (ConfUtils.java:logGet(43)) - raft.server.log.appender.buffer.byte-limit = 33554432 (custom)
2019-09-25 11:33:37,453 [pool-62-thread-1] INFO  server.RaftServerConfigKeys (ConfUtils.java:logGet(43)) - raft.server.log.segment.size.max = 1048576 (custom)
2019-09-25 11:33:37,453 [pool-62-thread-1] INFO  server.RaftServerConfigKeys (ConfUtils.java:logGet(43)) - raft.server.log.segment.cache.num.max = 2 (custom)
2019-09-25 11:33:37,453 [pool-62-thread-1] INFO  segmented.SegmentedRaftLogWorker (SegmentedRaftLogWorker.java:<init>(172)) - new 6cfaa380-1edb-48fc-b1d5-4f0afaf83adf@group-8E9DF8798486-SegmentedRaftLogWorker for RaftStorage:Storage Directory /workdir/hadoop-ozone/integration-test/target/test-dir/MiniOzoneClusterImpl-af71ae92-902d-4bbe-8221-3c085bdab3fc/datanode-3/data/ratis/177d7b58-e338-40a5-ad9b-8e9df8798486
2019-09-25 11:33:37,453 [pool-62-thread-1] INFO  server.RaftServerConfigKeys (ConfUtils.java:logGet(43)) - raft.server.log.queue.byte-limit = 2147483647 (custom)
2019-09-25 11:33:37,453 [pool-62-thread-1] INFO  server.RaftServerConfigKeys (ConfUtils.java:logGet(43)) - raft.server.log.queue.element-limit = 1024 (custom)
2019-09-25 11:33:37,454 [pool-62-thread-1] INFO  server.RaftServerConfigKeys (ConfUtils.java:logGet(43)) - raft.server.log.segment.size.max = 1048576 (custom)
2019-09-25 11:33:37,454 [pool-62-thread-1] INFO  server.RaftServerConfigKeys (ConfUtils.java:logGet(43)) - raft.server.log.preallocated.size = 16384 (custom)
2019-09-25 11:33:37,454 [pool-62-thread-1] INFO  server.RaftServerConfigKeys (ConfUtils.java:logGet(43)) - raft.server.log.write.buffer.size = 33554432 (custom)
2019-09-25 11:33:37,454 [pool-62-thread-1] INFO  server.RaftServerConfigKeys (ConfUtils.java:logGet(43)) - raft.server.log.force.sync.num = 128 (default)
2019-09-25 11:33:37,454 [pool-62-thread-1] INFO  server.RaftServerConfigKeys (ConfUtils.java:logGet(43)) - raft.server.log.statemachine.data.sync = true (default)
2019-09-25 11:33:37,455 [pool-62-thread-1] INFO  server.RaftServerConfigKeys (ConfUtils.java:logGet(43)) - raft.server.log.statemachine.data.sync.timeout = 10s (default)
2019-09-25 11:33:37,455 [pool-62-thread-1] INFO  server.RaftServerConfigKeys (ConfUtils.java:logGet(43)) - raft.server.log.statemachine.data.sync.timeout.retry = -1 (default)
2019-09-25 11:33:37,455 [pool-62-thread-1] INFO  server.RaftServerConfigKeys (ConfUtils.java:logGet(43)) - raft.server.log.statemachine.data.caching.enabled = true (custom)
2019-09-25 11:33:37,455 [pool-62-thread-1] INFO  segmented.SegmentedRaftLogWorker (SegmentedRaftLogWorker.java:lambda$new$0(132)) - 6cfaa380-1edb-48fc-b1d5-4f0afaf83adf@group-8E9DF8798486-SegmentedRaftLogWorker: flushIndex: setUnconditionally 0 -> -1
2019-09-25 11:33:37,456 [pool-62-thread-1] INFO  server.RaftServerConfigKeys (ConfUtils.java:logGet(43)) - raft.server.snapshot.auto.trigger.enabled = true (custom)
2019-09-25 11:33:37,456 [pool-62-thread-1] INFO  server.RaftServerConfigKeys (ConfUtils.java:logGet(43)) - raft.server.snapshot.auto.trigger.threshold = 10000 (custom)
2019-09-25 11:33:37,456 [pool-62-thread-1] INFO  server.RaftServerConfigKeys (ConfUtils.java:logGet(43)) - raft.server.snapshot.retention.num.files = 5 (custom)
2019-09-25 11:33:37,456 [pool-62-thread-1] INFO  server.RaftServerConfigKeys (ConfUtils.java:logGet(43)) - raft.server.retrycache.expirytime = 600000ms (custom)
2019-09-25 11:33:37,460 [pool-62-thread-1] INFO  impl.RaftServerImpl (RaftServerImpl.java:start(185)) - 6cfaa380-1edb-48fc-b1d5-4f0afaf83adf@group-8E9DF8798486: start as a follower, conf=-1: [6cfaa380-1edb-48fc-b1d5-4f0afaf83adf:192.168.30.6:45132], old=null
2019-09-25 11:33:37,460 [pool-62-thread-1] INFO  impl.RaftServerImpl (RaftServerImpl.java:setRole(174)) - 6cfaa380-1edb-48fc-b1d5-4f0afaf83adf@group-8E9DF8798486: changes role from      null to FOLLOWER at term 0 for startAsFollower
2019-09-25 11:33:37,460 [pool-62-thread-1] INFO  impl.RoleInfo (RoleInfo.java:updateAndGet(143)) - 6cfaa380-1edb-48fc-b1d5-4f0afaf83adf: start FollowerState
2019-09-25 11:33:37,461 [pool-62-thread-1] INFO  util.JmxRegister (JmxRegister.java:tryRegister(44)) - Successfully registered JMX Bean with object name Ratis:service=RaftServer,group=group-8E9DF8798486,id=6cfaa380-1edb-48fc-b1d5-4f0afaf83adf
2019-09-25 11:33:37,471 [RatisPipelineUtilsThread] INFO  pipeline.PipelineStateManager (PipelineStateManager.java:addPipeline(56)) - Created pipeline Pipeline[ Id: 177d7b58-e338-40a5-ad9b-8e9df8798486, Nodes: 6cfaa380-1edb-48fc-b1d5-4f0afaf83adf{ip: 192.168.30.6, host: pr-hdds-1569-5gmkr-4255264070, networkLocation: /rack1, certSerialId: null}, Type:RATIS, Factor:ONE, State:OPEN]
2019-09-25 11:33:37,486 [grpc-default-executor-0] INFO  impl.RaftServerProxy (RaftServerProxy.java:addNew(89)) - 69ae614a-aad9-45ca-b50d-a25e2f7464fe: addNew group-E4676D54886D:[69ae614a-aad9-45ca-b50d-a25e2f7464fe:192.168.30.6:36009] returns group-E4676D54886D:java.util.concurrent.CompletableFuture@125d21b[Not completed]
2019-09-25 11:33:37,489 [pool-32-thread-1] INFO  impl.RaftServerImpl (RaftServerImpl.java:<init>(95)) - 69ae614a-aad9-45ca-b50d-a25e2f7464fe: new RaftServerImpl for group-E4676D54886D:[69ae614a-aad9-45ca-b50d-a25e2f7464fe:192.168.30.6:36009] with ContainerStateMachine:uninitialized
2019-09-25 11:33:37,489 [pool-32-thread-1] INFO  server.RaftServerConfigKeys (ConfUtils.java:logGet(43)) - raft.server.rpc.timeout.min = 5s (custom)
2019-09-25 11:33:37,489 [pool-32-thread-1] INFO  server.RaftServerConfigKeys (ConfUtils.java:logGet(43)) - raft.server.rpc.timeout.max = 5200ms (custom)
2019-09-25 11:33:37,490 [pool-32-thread-1] INFO  server.RaftServerConfigKeys (ConfUtils.java:logGet(43)) - raft.server.rpcslowness.timeout = 120s (custom)
2019-09-25 11:33:37,490 [pool-32-thread-1] INFO  server.RaftServerConfigKeys (ConfUtils.java:logGet(43)) - raft.server.sleep.deviation.threshold = 300 (default)
2019-09-25 11:33:37,490 [pool-32-thread-1] INFO  server.RaftServerConfigKeys (ConfUtils.java:logGet(43)) - raft.server.log.appender.install.snapshot.enabled = false (custom)
2019-09-25 11:33:37,490 [pool-32-thread-1] INFO  impl.RaftServerImpl (ServerState.java:<init>(103)) - 69ae614a-aad9-45ca-b50d-a25e2f7464fe@group-E4676D54886D: ConfigurationManager, init=-1: [69ae614a-aad9-45ca-b50d-a25e2f7464fe:192.168.30.6:36009], old=null, confs=<EMPTY_MAP>
2019-09-25 11:33:37,490 [pool-32-thread-1] INFO  server.RaftServerConfigKeys (ConfUtils.java:logGet(43)) - raft.server.storage.dir = [/workdir/hadoop-ozone/integration-test/target/test-dir/MiniOzoneClusterImpl-af71ae92-902d-4bbe-8221-3c085bdab3fc/datanode-0/data/ratis] (custom)
2019-09-25 11:33:37,491 [pool-32-thread-1] INFO  storage.RaftStorageDirectory (RaftStorageDirectory.java:analyzeStorage(246)) - The storage directory /workdir/hadoop-ozone/integration-test/target/test-dir/MiniOzoneClusterImpl-af71ae92-902d-4bbe-8221-3c085bdab3fc/datanode-0/data/ratis/bddadd8c-efcd-422b-87ee-e4676d54886d does not exist. Creating ...
2019-09-25 11:33:37,512 [pool-32-thread-1] INFO  storage.RaftStorageDirectory (RaftStorageDirectory.java:tryLock(328)) - Lock on /workdir/hadoop-ozone/integration-test/target/test-dir/MiniOzoneClusterImpl-af71ae92-902d-4bbe-8221-3c085bdab3fc/datanode-0/data/ratis/bddadd8c-efcd-422b-87ee-e4676d54886d/in_use.lock acquired by nodename 22736@pr-hdds-1569-5gmkr-4255264070
2019-09-25 11:33:37,525 [pool-32-thread-1] INFO  storage.RaftStorage (RaftStorage.java:format(72)) - Storage directory /workdir/hadoop-ozone/integration-test/target/test-dir/MiniOzoneClusterImpl-af71ae92-902d-4bbe-8221-3c085bdab3fc/datanode-0/data/ratis/bddadd8c-efcd-422b-87ee-e4676d54886d has been successfully formatted.
2019-09-25 11:33:37,526 [pool-32-thread-1] INFO  ratis.ContainerStateMachine (ContainerStateMachine.java:loadSnapshot(230)) - group-E4676D54886D: The snapshot info is null. Setting the last applied indexto:(t:0, i:~)
2019-09-25 11:33:37,526 [pool-32-thread-1] INFO  server.RaftServerConfigKeys (ConfUtils.java:logGet(43)) - raft.server.notification.no-leader.timeout = 120s (custom)
2019-09-25 11:33:37,526 [pool-32-thread-1] INFO  server.RaftServerConfigKeys (ConfUtils.java:logGet(43)) - raft.server.log.use.memory = false (default)
2019-09-25 11:33:37,527 [pool-32-thread-1] INFO  server.RaftServerConfigKeys (ConfUtils.java:logGet(43)) - raft.server.log.purge.gap = 1000000 (custom)
2019-09-25 11:33:37,527 [pool-32-thread-1] INFO  server.RaftServerConfigKeys (ConfUtils.java:logGet(43)) - raft.server.log.appender.buffer.byte-limit = 33554432 (custom)
2019-09-25 11:33:37,527 [pool-32-thread-1] INFO  server.RaftServerConfigKeys (ConfUtils.java:logGet(43)) - raft.server.log.segment.size.max = 1048576 (custom)
2019-09-25 11:33:37,527 [pool-32-thread-1] INFO  server.RaftServerConfigKeys (ConfUtils.java:logGet(43)) - raft.server.log.segment.cache.num.max = 2 (custom)
2019-09-25 11:33:37,527 [pool-32-thread-1] INFO  segmented.SegmentedRaftLogWorker (SegmentedRaftLogWorker.java:<init>(172)) - new 69ae614a-aad9-45ca-b50d-a25e2f7464fe@group-E4676D54886D-SegmentedRaftLogWorker for RaftStorage:Storage Directory /workdir/hadoop-ozone/integration-test/target/test-dir/MiniOzoneClusterImpl-af71ae92-902d-4bbe-8221-3c085bdab3fc/datanode-0/data/ratis/bddadd8c-efcd-422b-87ee-e4676d54886d
2019-09-25 11:33:37,527 [pool-32-thread-1] INFO  server.RaftServerConfigKeys (ConfUtils.java:logGet(43)) - raft.server.log.queue.byte-limit = 2147483647 (custom)
2019-09-25 11:33:37,528 [pool-32-thread-1] INFO  server.RaftServerConfigKeys (ConfUtils.java:logGet(43)) - raft.server.log.queue.element-limit = 1024 (custom)
2019-09-25 11:33:37,528 [pool-32-thread-1] INFO  server.RaftServerConfigKeys (ConfUtils.java:logGet(43)) - raft.server.log.segment.size.max = 1048576 (custom)
2019-09-25 11:33:37,528 [pool-32-thread-1] INFO  server.RaftServerConfigKeys (ConfUtils.java:logGet(43)) - raft.server.log.preallocated.size = 16384 (custom)
2019-09-25 11:33:37,528 [pool-32-thread-1] INFO  server.RaftServerConfigKeys (ConfUtils.java:logGet(43)) - raft.server.log.write.buffer.size = 33554432 (custom)
2019-09-25 11:33:37,528 [pool-32-thread-1] INFO  server.RaftServerConfigKeys (ConfUtils.java:logGet(43)) - raft.server.log.force.sync.num = 128 (default)
2019-09-25 11:33:37,529 [pool-32-thread-1] INFO  server.RaftServerConfigKeys (ConfUtils.java:logGet(43)) - raft.server.log.statemachine.data.sync = true (default)
2019-09-25 11:33:37,529 [pool-32-thread-1] INFO  server.RaftServerConfigKeys (ConfUtils.java:logGet(43)) - raft.server.log.statemachine.data.sync.timeout = 10s (default)
2019-09-25 11:33:37,529 [pool-32-thread-1] INFO  server.RaftServerConfigKeys (ConfUtils.java:logGet(43)) - raft.server.log.statemachine.data.sync.timeout.retry = -1 (default)
2019-09-25 11:33:37,529 [pool-32-thread-1] INFO  server.RaftServerConfigKeys (ConfUtils.java:logGet(43)) - raft.server.log.statemachine.data.caching.enabled = true (custom)
2019-09-25 11:33:37,530 [pool-32-thread-1] INFO  segmented.SegmentedRaftLogWorker (SegmentedRaftLogWorker.java:lambda$new$0(132)) - 69ae614a-aad9-45ca-b50d-a25e2f7464fe@group-E4676D54886D-SegmentedRaftLogWorker: flushIndex: setUnconditionally 0 -> -1
2019-09-25 11:33:37,530 [pool-32-thread-1] INFO  server.RaftServerConfigKeys (ConfUtils.java:logGet(43)) - raft.server.snapshot.auto.trigger.enabled = true (custom)
2019-09-25 11:33:37,530 [pool-32-thread-1] INFO  server.RaftServerConfigKeys (ConfUtils.java:logGet(43)) - raft.server.snapshot.auto.trigger.threshold = 10000 (custom)
2019-09-25 11:33:37,530 [pool-32-thread-1] INFO  server.RaftServerConfigKeys (ConfUtils.java:logGet(43)) - raft.server.snapshot.retention.num.files = 5 (custom)
2019-09-25 11:33:37,531 [pool-32-thread-1] INFO  server.RaftServerConfigKeys (ConfUtils.java:logGet(43)) - raft.server.retrycache.expirytime = 600000ms (custom)
2019-09-25 11:33:37,534 [pool-32-thread-1] INFO  impl.RaftServerImpl (RaftServerImpl.java:start(185)) - 69ae614a-aad9-45ca-b50d-a25e2f7464fe@group-E4676D54886D: start as a follower, conf=-1: [69ae614a-aad9-45ca-b50d-a25e2f7464fe:192.168.30.6:36009], old=null
2019-09-25 11:33:37,535 [pool-32-thread-1] INFO  impl.RaftServerImpl (RaftServerImpl.java:setRole(174)) - 69ae614a-aad9-45ca-b50d-a25e2f7464fe@group-E4676D54886D: changes role from      null to FOLLOWER at term 0 for startAsFollower
2019-09-25 11:33:37,535 [pool-32-thread-1] INFO  impl.RoleInfo (RoleInfo.java:updateAndGet(143)) - 69ae614a-aad9-45ca-b50d-a25e2f7464fe: start FollowerState
2019-09-25 11:33:37,535 [pool-32-thread-1] INFO  util.JmxRegister (JmxRegister.java:tryRegister(44)) - Successfully registered JMX Bean with object name Ratis:service=RaftServer,group=group-E4676D54886D,id=69ae614a-aad9-45ca-b50d-a25e2f7464fe
2019-09-25 11:33:37,545 [RatisPipelineUtilsThread] INFO  pipeline.PipelineStateManager (PipelineStateManager.java:addPipeline(56)) - Created pipeline Pipeline[ Id: bddadd8c-efcd-422b-87ee-e4676d54886d, Nodes: 69ae614a-aad9-45ca-b50d-a25e2f7464fe{ip: 192.168.30.6, host: pr-hdds-1569-5gmkr-4255264070, networkLocation: /rack1, certSerialId: null}, Type:RATIS, Factor:ONE, State:OPEN]
2019-09-25 11:33:37,545 [RatisPipelineUtilsThread] INFO  pipeline.PipelinePlacementPolicy (PipelinePlacementPolicy.java:meetCriteria(91)) - Pipeline Placement: can't place more pipeline on heavy datanode： 69ae614a-aad9-45ca-b50d-a25e2f7464fe Heaviness: 6 limit: 5
2019-09-25 11:33:37,557 [grpc-default-executor-0] INFO  impl.RaftServerProxy (RaftServerProxy.java:addNew(89)) - a7678dfb-b424-495f-9400-a1c16eb568c5: addNew group-3E2D308946F4:[a7678dfb-b424-495f-9400-a1c16eb568c5:192.168.30.6:45236] returns group-3E2D308946F4:java.util.concurrent.CompletableFuture@17912d7e[Not completed]
2019-09-25 11:33:37,559 [pool-42-thread-1] INFO  impl.RaftServerImpl (RaftServerImpl.java:<init>(95)) - a7678dfb-b424-495f-9400-a1c16eb568c5: new RaftServerImpl for group-3E2D308946F4:[a7678dfb-b424-495f-9400-a1c16eb568c5:192.168.30.6:45236] with ContainerStateMachine:uninitialized
2019-09-25 11:33:37,560 [pool-42-thread-1] INFO  server.RaftServerConfigKeys (ConfUtils.java:logGet(43)) - raft.server.rpc.timeout.min = 5s (custom)
2019-09-25 11:33:37,561 [pool-42-thread-1] INFO  server.RaftServerConfigKeys (ConfUtils.java:logGet(43)) - raft.server.rpc.timeout.max = 5200ms (custom)
2019-09-25 11:33:37,561 [pool-42-thread-1] INFO  server.RaftServerConfigKeys (ConfUtils.java:logGet(43)) - raft.server.rpcslowness.timeout = 120s (custom)
2019-09-25 11:33:37,561 [pool-42-thread-1] INFO  server.RaftServerConfigKeys (ConfUtils.java:logGet(43)) - raft.server.sleep.deviation.threshold = 300 (default)
2019-09-25 11:33:37,561 [pool-42-thread-1] INFO  server.RaftServerConfigKeys (ConfUtils.java:logGet(43)) - raft.server.log.appender.install.snapshot.enabled = false (custom)
2019-09-25 11:33:37,562 [pool-42-thread-1] INFO  impl.RaftServerImpl (ServerState.java:<init>(103)) - a7678dfb-b424-495f-9400-a1c16eb568c5@group-3E2D308946F4: ConfigurationManager, init=-1: [a7678dfb-b424-495f-9400-a1c16eb568c5:192.168.30.6:45236], old=null, confs=<EMPTY_MAP>
2019-09-25 11:33:37,562 [pool-42-thread-1] INFO  server.RaftServerConfigKeys (ConfUtils.java:logGet(43)) - raft.server.storage.dir = [/workdir/hadoop-ozone/integration-test/target/test-dir/MiniOzoneClusterImpl-af71ae92-902d-4bbe-8221-3c085bdab3fc/datanode-1/data/ratis] (custom)
2019-09-25 11:33:37,562 [pool-42-thread-1] INFO  storage.RaftStorageDirectory (RaftStorageDirectory.java:analyzeStorage(246)) - The storage directory /workdir/hadoop-ozone/integration-test/target/test-dir/MiniOzoneClusterImpl-af71ae92-902d-4bbe-8221-3c085bdab3fc/datanode-1/data/ratis/6bea86e2-a9b3-4b65-b7a7-3e2d308946f4 does not exist. Creating ...
2019-09-25 11:33:37,575 [pool-42-thread-1] INFO  storage.RaftStorageDirectory (RaftStorageDirectory.java:tryLock(328)) - Lock on /workdir/hadoop-ozone/integration-test/target/test-dir/MiniOzoneClusterImpl-af71ae92-902d-4bbe-8221-3c085bdab3fc/datanode-1/data/ratis/6bea86e2-a9b3-4b65-b7a7-3e2d308946f4/in_use.lock acquired by nodename 22736@pr-hdds-1569-5gmkr-4255264070
2019-09-25 11:33:37,588 [pool-42-thread-1] INFO  storage.RaftStorage (RaftStorage.java:format(72)) - Storage directory /workdir/hadoop-ozone/integration-test/target/test-dir/MiniOzoneClusterImpl-af71ae92-902d-4bbe-8221-3c085bdab3fc/datanode-1/data/ratis/6bea86e2-a9b3-4b65-b7a7-3e2d308946f4 has been successfully formatted.
2019-09-25 11:33:37,588 [pool-42-thread-1] INFO  ratis.ContainerStateMachine (ContainerStateMachine.java:loadSnapshot(230)) - group-3E2D308946F4: The snapshot info is null. Setting the last applied indexto:(t:0, i:~)
2019-09-25 11:33:37,589 [pool-42-thread-1] INFO  server.RaftServerConfigKeys (ConfUtils.java:logGet(43)) - raft.server.notification.no-leader.timeout = 120s (custom)
2019-09-25 11:33:37,589 [pool-42-thread-1] INFO  server.RaftServerConfigKeys (ConfUtils.java:logGet(43)) - raft.server.log.use.memory = false (default)
2019-09-25 11:33:37,589 [pool-42-thread-1] INFO  server.RaftServerConfigKeys (ConfUtils.java:logGet(43)) - raft.server.log.purge.gap = 1000000 (custom)
2019-09-25 11:33:37,589 [pool-42-thread-1] INFO  server.RaftServerConfigKeys (ConfUtils.java:logGet(43)) - raft.server.log.appender.buffer.byte-limit = 33554432 (custom)
2019-09-25 11:33:37,589 [pool-42-thread-1] INFO  server.RaftServerConfigKeys (ConfUtils.java:logGet(43)) - raft.server.log.segment.size.max = 1048576 (custom)
2019-09-25 11:33:37,589 [pool-42-thread-1] INFO  server.RaftServerConfigKeys (ConfUtils.java:logGet(43)) - raft.server.log.segment.cache.num.max = 2 (custom)
2019-09-25 11:33:37,590 [pool-42-thread-1] INFO  segmented.SegmentedRaftLogWorker (SegmentedRaftLogWorker.java:<init>(172)) - new a7678dfb-b424-495f-9400-a1c16eb568c5@group-3E2D308946F4-SegmentedRaftLogWorker for RaftStorage:Storage Directory /workdir/hadoop-ozone/integration-test/target/test-dir/MiniOzoneClusterImpl-af71ae92-902d-4bbe-8221-3c085bdab3fc/datanode-1/data/ratis/6bea86e2-a9b3-4b65-b7a7-3e2d308946f4
2019-09-25 11:33:37,590 [pool-42-thread-1] INFO  server.RaftServerConfigKeys (ConfUtils.java:logGet(43)) - raft.server.log.queue.byte-limit = 2147483647 (custom)
2019-09-25 11:33:37,590 [pool-42-thread-1] INFO  server.RaftServerConfigKeys (ConfUtils.java:logGet(43)) - raft.server.log.queue.element-limit = 1024 (custom)
2019-09-25 11:33:37,590 [pool-42-thread-1] INFO  server.RaftServerConfigKeys (ConfUtils.java:logGet(43)) - raft.server.log.segment.size.max = 1048576 (custom)
2019-09-25 11:33:37,590 [pool-42-thread-1] INFO  server.RaftServerConfigKeys (ConfUtils.java:logGet(43)) - raft.server.log.preallocated.size = 16384 (custom)
2019-09-25 11:33:37,591 [pool-42-thread-1] INFO  server.RaftServerConfigKeys (ConfUtils.java:logGet(43)) - raft.server.log.write.buffer.size = 33554432 (custom)
2019-09-25 11:33:37,591 [pool-42-thread-1] INFO  server.RaftServerConfigKeys (ConfUtils.java:logGet(43)) - raft.server.log.force.sync.num = 128 (default)
2019-09-25 11:33:37,591 [pool-42-thread-1] INFO  server.RaftServerConfigKeys (ConfUtils.java:logGet(43)) - raft.server.log.statemachine.data.sync = true (default)
2019-09-25 11:33:37,591 [pool-42-thread-1] INFO  server.RaftServerConfigKeys (ConfUtils.java:logGet(43)) - raft.server.log.statemachine.data.sync.timeout = 10s (default)
2019-09-25 11:33:37,591 [pool-42-thread-1] INFO  server.RaftServerConfigKeys (ConfUtils.java:logGet(43)) - raft.server.log.statemachine.data.sync.timeout.retry = -1 (default)
2019-09-25 11:33:37,592 [pool-42-thread-1] INFO  server.RaftServerConfigKeys (ConfUtils.java:logGet(43)) - raft.server.log.statemachine.data.caching.enabled = true (custom)
2019-09-25 11:33:37,592 [pool-42-thread-1] INFO  segmented.SegmentedRaftLogWorker (SegmentedRaftLogWorker.java:lambda$new$0(132)) - a7678dfb-b424-495f-9400-a1c16eb568c5@group-3E2D308946F4-SegmentedRaftLogWorker: flushIndex: setUnconditionally 0 -> -1
2019-09-25 11:33:37,592 [pool-42-thread-1] INFO  server.RaftServerConfigKeys (ConfUtils.java:logGet(43)) - raft.server.snapshot.auto.trigger.enabled = true (custom)
2019-09-25 11:33:37,593 [pool-42-thread-1] INFO  server.RaftServerConfigKeys (ConfUtils.java:logGet(43)) - raft.server.snapshot.auto.trigger.threshold = 10000 (custom)
2019-09-25 11:33:37,593 [pool-42-thread-1] INFO  server.RaftServerConfigKeys (ConfUtils.java:logGet(43)) - raft.server.snapshot.retention.num.files = 5 (custom)
2019-09-25 11:33:37,593 [pool-42-thread-1] INFO  server.RaftServerConfigKeys (ConfUtils.java:logGet(43)) - raft.server.retrycache.expirytime = 600000ms (custom)
2019-09-25 11:33:37,596 [pool-42-thread-1] INFO  impl.RaftServerImpl (RaftServerImpl.java:start(185)) - a7678dfb-b424-495f-9400-a1c16eb568c5@group-3E2D308946F4: start as a follower, conf=-1: [a7678dfb-b424-495f-9400-a1c16eb568c5:192.168.30.6:45236], old=null
2019-09-25 11:33:37,596 [pool-42-thread-1] INFO  impl.RaftServerImpl (RaftServerImpl.java:setRole(174)) - a7678dfb-b424-495f-9400-a1c16eb568c5@group-3E2D308946F4: changes role from      null to FOLLOWER at term 0 for startAsFollower
2019-09-25 11:33:37,597 [pool-42-thread-1] INFO  impl.RoleInfo (RoleInfo.java:updateAndGet(143)) - a7678dfb-b424-495f-9400-a1c16eb568c5: start FollowerState
2019-09-25 11:33:37,597 [pool-42-thread-1] INFO  util.JmxRegister (JmxRegister.java:tryRegister(44)) - Successfully registered JMX Bean with object name Ratis:service=RaftServer,group=group-3E2D308946F4,id=a7678dfb-b424-495f-9400-a1c16eb568c5
2019-09-25 11:33:37,607 [RatisPipelineUtilsThread] INFO  pipeline.PipelineStateManager (PipelineStateManager.java:addPipeline(56)) - Created pipeline Pipeline[ Id: 6bea86e2-a9b3-4b65-b7a7-3e2d308946f4, Nodes: a7678dfb-b424-495f-9400-a1c16eb568c5{ip: 192.168.30.6, host: pr-hdds-1569-5gmkr-4255264070, networkLocation: /rack1, certSerialId: null}, Type:RATIS, Factor:ONE, State:OPEN]
2019-09-25 11:33:37,608 [RatisPipelineUtilsThread] INFO  pipeline.PipelinePlacementPolicy (PipelinePlacementPolicy.java:meetCriteria(91)) - Pipeline Placement: can't place more pipeline on heavy datanode： 69ae614a-aad9-45ca-b50d-a25e2f7464fe Heaviness: 6 limit: 5
2019-09-25 11:33:37,619 [grpc-default-executor-0] INFO  impl.RaftServerProxy (RaftServerProxy.java:addNew(89)) - a7678dfb-b424-495f-9400-a1c16eb568c5: addNew group-E6D237651203:[a7678dfb-b424-495f-9400-a1c16eb568c5:192.168.30.6:45236] returns group-E6D237651203:java.util.concurrent.CompletableFuture@6025c9b[Not completed]
2019-09-25 11:33:37,621 [pool-42-thread-1] INFO  impl.RaftServerImpl (RaftServerImpl.java:<init>(95)) - a7678dfb-b424-495f-9400-a1c16eb568c5: new RaftServerImpl for group-E6D237651203:[a7678dfb-b424-495f-9400-a1c16eb568c5:192.168.30.6:45236] with ContainerStateMachine:uninitialized
2019-09-25 11:33:37,621 [pool-42-thread-1] INFO  server.RaftServerConfigKeys (ConfUtils.java:logGet(43)) - raft.server.rpc.timeout.min = 5s (custom)
2019-09-25 11:33:37,621 [pool-42-thread-1] INFO  server.RaftServerConfigKeys (ConfUtils.java:logGet(43)) - raft.server.rpc.timeout.max = 5200ms (custom)
2019-09-25 11:33:37,621 [pool-42-thread-1] INFO  server.RaftServerConfigKeys (ConfUtils.java:logGet(43)) - raft.server.rpcslowness.timeout = 120s (custom)
2019-09-25 11:33:37,621 [pool-42-thread-1] INFO  server.RaftServerConfigKeys (ConfUtils.java:logGet(43)) - raft.server.sleep.deviation.threshold = 300 (default)
2019-09-25 11:33:37,621 [pool-42-thread-1] INFO  server.RaftServerConfigKeys (ConfUtils.java:logGet(43)) - raft.server.log.appender.install.snapshot.enabled = false (custom)
2019-09-25 11:33:37,622 [pool-42-thread-1] INFO  impl.RaftServerImpl (ServerState.java:<init>(103)) - a7678dfb-b424-495f-9400-a1c16eb568c5@group-E6D237651203: ConfigurationManager, init=-1: [a7678dfb-b424-495f-9400-a1c16eb568c5:192.168.30.6:45236], old=null, confs=<EMPTY_MAP>
2019-09-25 11:33:37,622 [pool-42-thread-1] INFO  server.RaftServerConfigKeys (ConfUtils.java:logGet(43)) - raft.server.storage.dir = [/workdir/hadoop-ozone/integration-test/target/test-dir/MiniOzoneClusterImpl-af71ae92-902d-4bbe-8221-3c085bdab3fc/datanode-1/data/ratis] (custom)
2019-09-25 11:33:37,622 [pool-42-thread-1] INFO  storage.RaftStorageDirectory (RaftStorageDirectory.java:analyzeStorage(246)) - The storage directory /workdir/hadoop-ozone/integration-test/target/test-dir/MiniOzoneClusterImpl-af71ae92-902d-4bbe-8221-3c085bdab3fc/datanode-1/data/ratis/3c6784f4-e5b1-42fd-b98e-e6d237651203 does not exist. Creating ...
2019-09-25 11:33:37,635 [pool-42-thread-1] INFO  storage.RaftStorageDirectory (RaftStorageDirectory.java:tryLock(328)) - Lock on /workdir/hadoop-ozone/integration-test/target/test-dir/MiniOzoneClusterImpl-af71ae92-902d-4bbe-8221-3c085bdab3fc/datanode-1/data/ratis/3c6784f4-e5b1-42fd-b98e-e6d237651203/in_use.lock acquired by nodename 22736@pr-hdds-1569-5gmkr-4255264070
2019-09-25 11:33:37,648 [pool-42-thread-1] INFO  storage.RaftStorage (RaftStorage.java:format(72)) - Storage directory /workdir/hadoop-ozone/integration-test/target/test-dir/MiniOzoneClusterImpl-af71ae92-902d-4bbe-8221-3c085bdab3fc/datanode-1/data/ratis/3c6784f4-e5b1-42fd-b98e-e6d237651203 has been successfully formatted.
2019-09-25 11:33:37,648 [pool-42-thread-1] INFO  ratis.ContainerStateMachine (ContainerStateMachine.java:loadSnapshot(230)) - group-E6D237651203: The snapshot info is null. Setting the last applied indexto:(t:0, i:~)
2019-09-25 11:33:37,648 [pool-42-thread-1] INFO  server.RaftServerConfigKeys (ConfUtils.java:logGet(43)) - raft.server.notification.no-leader.timeout = 120s (custom)
2019-09-25 11:33:37,648 [pool-42-thread-1] INFO  server.RaftServerConfigKeys (ConfUtils.java:logGet(43)) - raft.server.log.use.memory = false (default)
2019-09-25 11:33:37,648 [pool-42-thread-1] INFO  server.RaftServerConfigKeys (ConfUtils.java:logGet(43)) - raft.server.log.purge.gap = 1000000 (custom)
2019-09-25 11:33:37,649 [pool-42-thread-1] INFO  server.RaftServerConfigKeys (ConfUtils.java:logGet(43)) - raft.server.log.appender.buffer.byte-limit = 33554432 (custom)
2019-09-25 11:33:37,649 [pool-42-thread-1] INFO  server.RaftServerConfigKeys (ConfUtils.java:logGet(43)) - raft.server.log.segment.size.max = 1048576 (custom)
2019-09-25 11:33:37,649 [pool-42-thread-1] INFO  server.RaftServerConfigKeys (ConfUtils.java:logGet(43)) - raft.server.log.segment.cache.num.max = 2 (custom)
2019-09-25 11:33:37,649 [pool-42-thread-1] INFO  segmented.SegmentedRaftLogWorker (SegmentedRaftLogWorker.java:<init>(172)) - new a7678dfb-b424-495f-9400-a1c16eb568c5@group-E6D237651203-SegmentedRaftLogWorker for RaftStorage:Storage Directory /workdir/hadoop-ozone/integration-test/target/test-dir/MiniOzoneClusterImpl-af71ae92-902d-4bbe-8221-3c085bdab3fc/datanode-1/data/ratis/3c6784f4-e5b1-42fd-b98e-e6d237651203
2019-09-25 11:33:37,649 [pool-42-thread-1] INFO  server.RaftServerConfigKeys (ConfUtils.java:logGet(43)) - raft.server.log.queue.byte-limit = 2147483647 (custom)
2019-09-25 11:33:37,649 [pool-42-thread-1] INFO  server.RaftServerConfigKeys (ConfUtils.java:logGet(43)) - raft.server.log.queue.element-limit = 1024 (custom)
2019-09-25 11:33:37,650 [pool-42-thread-1] INFO  server.RaftServerConfigKeys (ConfUtils.java:logGet(43)) - raft.server.log.segment.size.max = 1048576 (custom)
2019-09-25 11:33:37,650 [pool-42-thread-1] INFO  server.RaftServerConfigKeys (ConfUtils.java:logGet(43)) - raft.server.log.preallocated.size = 16384 (custom)
2019-09-25 11:33:37,650 [pool-42-thread-1] INFO  server.RaftServerConfigKeys (ConfUtils.java:logGet(43)) - raft.server.log.write.buffer.size = 33554432 (custom)
2019-09-25 11:33:37,650 [pool-42-thread-1] INFO  server.RaftServerConfigKeys (ConfUtils.java:logGet(43)) - raft.server.log.force.sync.num = 128 (default)
2019-09-25 11:33:37,650 [pool-42-thread-1] INFO  server.RaftServerConfigKeys (ConfUtils.java:logGet(43)) - raft.server.log.statemachine.data.sync = true (default)
2019-09-25 11:33:37,650 [pool-42-thread-1] INFO  server.RaftServerConfigKeys (ConfUtils.java:logGet(43)) - raft.server.log.statemachine.data.sync.timeout = 10s (default)
2019-09-25 11:33:37,650 [pool-42-thread-1] INFO  server.RaftServerConfigKeys (ConfUtils.java:logGet(43)) - raft.server.log.statemachine.data.sync.timeout.retry = -1 (default)
2019-09-25 11:33:37,651 [pool-42-thread-1] INFO  server.RaftServerConfigKeys (ConfUtils.java:logGet(43)) - raft.server.log.statemachine.data.caching.enabled = true (custom)
2019-09-25 11:33:37,651 [pool-42-thread-1] INFO  segmented.SegmentedRaftLogWorker (SegmentedRaftLogWorker.java:lambda$new$0(132)) - a7678dfb-b424-495f-9400-a1c16eb568c5@group-E6D237651203-SegmentedRaftLogWorker: flushIndex: setUnconditionally 0 -> -1
2019-09-25 11:33:37,651 [pool-42-thread-1] INFO  server.RaftServerConfigKeys (ConfUtils.java:logGet(43)) - raft.server.snapshot.auto.trigger.enabled = true (custom)
2019-09-25 11:33:37,652 [pool-42-thread-1] INFO  server.RaftServerConfigKeys (ConfUtils.java:logGet(43)) - raft.server.snapshot.auto.trigger.threshold = 10000 (custom)
2019-09-25 11:33:37,652 [pool-42-thread-1] INFO  server.RaftServerConfigKeys (ConfUtils.java:logGet(43)) - raft.server.snapshot.retention.num.files = 5 (custom)
2019-09-25 11:33:37,652 [pool-42-thread-1] INFO  server.RaftServerConfigKeys (ConfUtils.java:logGet(43)) - raft.server.retrycache.expirytime = 600000ms (custom)
2019-09-25 11:33:37,655 [pool-42-thread-1] INFO  impl.RaftServerImpl (RaftServerImpl.java:start(185)) - a7678dfb-b424-495f-9400-a1c16eb568c5@group-E6D237651203: start as a follower, conf=-1: [a7678dfb-b424-495f-9400-a1c16eb568c5:192.168.30.6:45236], old=null
2019-09-25 11:33:37,655 [pool-42-thread-1] INFO  impl.RaftServerImpl (RaftServerImpl.java:setRole(174)) - a7678dfb-b424-495f-9400-a1c16eb568c5@group-E6D237651203: changes role from      null to FOLLOWER at term 0 for startAsFollower
2019-09-25 11:33:37,655 [pool-42-thread-1] INFO  impl.RoleInfo (RoleInfo.java:updateAndGet(143)) - a7678dfb-b424-495f-9400-a1c16eb568c5: start FollowerState
2019-09-25 11:33:37,655 [pool-42-thread-1] INFO  util.JmxRegister (JmxRegister.java:tryRegister(44)) - Successfully registered JMX Bean with object name Ratis:service=RaftServer,group=group-E6D237651203,id=a7678dfb-b424-495f-9400-a1c16eb568c5
2019-09-25 11:33:37,662 [RatisPipelineUtilsThread] INFO  pipeline.PipelineStateManager (PipelineStateManager.java:addPipeline(56)) - Created pipeline Pipeline[ Id: 3c6784f4-e5b1-42fd-b98e-e6d237651203, Nodes: a7678dfb-b424-495f-9400-a1c16eb568c5{ip: 192.168.30.6, host: pr-hdds-1569-5gmkr-4255264070, networkLocation: /rack1, certSerialId: null}, Type:RATIS, Factor:ONE, State:OPEN]
2019-09-25 11:33:37,663 [RatisPipelineUtilsThread] INFO  pipeline.PipelinePlacementPolicy (PipelinePlacementPolicy.java:meetCriteria(91)) - Pipeline Placement: can't place more pipeline on heavy datanode： 69ae614a-aad9-45ca-b50d-a25e2f7464fe Heaviness: 6 limit: 5
2019-09-25 11:33:37,673 [grpc-default-executor-1] INFO  impl.RaftServerProxy (RaftServerProxy.java:addNew(89)) - ad358f2f-1ee5-4123-8117-f622bc1dbae2: addNew group-5D88A8ED23E1:[ad358f2f-1ee5-4123-8117-f622bc1dbae2:192.168.30.6:36654] returns group-5D88A8ED23E1:java.util.concurrent.CompletableFuture@3fe328ca[Not completed]
2019-09-25 11:33:37,676 [pool-52-thread-1] INFO  impl.RaftServerImpl (RaftServerImpl.java:<init>(95)) - ad358f2f-1ee5-4123-8117-f622bc1dbae2: new RaftServerImpl for group-5D88A8ED23E1:[ad358f2f-1ee5-4123-8117-f622bc1dbae2:192.168.30.6:36654] with ContainerStateMachine:uninitialized
2019-09-25 11:33:37,676 [pool-52-thread-1] INFO  server.RaftServerConfigKeys (ConfUtils.java:logGet(43)) - raft.server.rpc.timeout.min = 5s (custom)
2019-09-25 11:33:37,676 [pool-52-thread-1] INFO  server.RaftServerConfigKeys (ConfUtils.java:logGet(43)) - raft.server.rpc.timeout.max = 5200ms (custom)
2019-09-25 11:33:37,676 [pool-52-thread-1] INFO  server.RaftServerConfigKeys (ConfUtils.java:logGet(43)) - raft.server.rpcslowness.timeout = 120s (custom)
2019-09-25 11:33:37,676 [pool-52-thread-1] INFO  server.RaftServerConfigKeys (ConfUtils.java:logGet(43)) - raft.server.sleep.deviation.threshold = 300 (default)
2019-09-25 11:33:37,677 [pool-52-thread-1] INFO  server.RaftServerConfigKeys (ConfUtils.java:logGet(43)) - raft.server.log.appender.install.snapshot.enabled = false (custom)
2019-09-25 11:33:37,677 [pool-52-thread-1] INFO  impl.RaftServerImpl (ServerState.java:<init>(103)) - ad358f2f-1ee5-4123-8117-f622bc1dbae2@group-5D88A8ED23E1: ConfigurationManager, init=-1: [ad358f2f-1ee5-4123-8117-f622bc1dbae2:192.168.30.6:36654], old=null, confs=<EMPTY_MAP>
2019-09-25 11:33:37,677 [pool-52-thread-1] INFO  server.RaftServerConfigKeys (ConfUtils.java:logGet(43)) - raft.server.storage.dir = [/workdir/hadoop-ozone/integration-test/target/test-dir/MiniOzoneClusterImpl-af71ae92-902d-4bbe-8221-3c085bdab3fc/datanode-2/data/ratis] (custom)
2019-09-25 11:33:37,677 [pool-52-thread-1] INFO  storage.RaftStorageDirectory (RaftStorageDirectory.java:analyzeStorage(246)) - The storage directory /workdir/hadoop-ozone/integration-test/target/test-dir/MiniOzoneClusterImpl-af71ae92-902d-4bbe-8221-3c085bdab3fc/datanode-2/data/ratis/500cc21a-3286-414a-8888-5d88a8ed23e1 does not exist. Creating ...
2019-09-25 11:33:37,690 [pool-52-thread-1] INFO  storage.RaftStorageDirectory (RaftStorageDirectory.java:tryLock(328)) - Lock on /workdir/hadoop-ozone/integration-test/target/test-dir/MiniOzoneClusterImpl-af71ae92-902d-4bbe-8221-3c085bdab3fc/datanode-2/data/ratis/500cc21a-3286-414a-8888-5d88a8ed23e1/in_use.lock acquired by nodename 22736@pr-hdds-1569-5gmkr-4255264070
2019-09-25 11:33:37,703 [pool-52-thread-1] INFO  storage.RaftStorage (RaftStorage.java:format(72)) - Storage directory /workdir/hadoop-ozone/integration-test/target/test-dir/MiniOzoneClusterImpl-af71ae92-902d-4bbe-8221-3c085bdab3fc/datanode-2/data/ratis/500cc21a-3286-414a-8888-5d88a8ed23e1 has been successfully formatted.
2019-09-25 11:33:37,703 [pool-52-thread-1] INFO  ratis.ContainerStateMachine (ContainerStateMachine.java:loadSnapshot(230)) - group-5D88A8ED23E1: The snapshot info is null. Setting the last applied indexto:(t:0, i:~)
2019-09-25 11:33:37,704 [pool-52-thread-1] INFO  server.RaftServerConfigKeys (ConfUtils.java:logGet(43)) - raft.server.notification.no-leader.timeout = 120s (custom)
2019-09-25 11:33:37,704 [pool-52-thread-1] INFO  server.RaftServerConfigKeys (ConfUtils.java:logGet(43)) - raft.server.log.use.memory = false (default)
2019-09-25 11:33:37,704 [pool-52-thread-1] INFO  server.RaftServerConfigKeys (ConfUtils.java:logGet(43)) - raft.server.log.purge.gap = 1000000 (custom)
2019-09-25 11:33:37,704 [pool-52-thread-1] INFO  server.RaftServerConfigKeys (ConfUtils.java:logGet(43)) - raft.server.log.appender.buffer.byte-limit = 33554432 (custom)
2019-09-25 11:33:37,704 [pool-52-thread-1] INFO  server.RaftServerConfigKeys (ConfUtils.java:logGet(43)) - raft.server.log.segment.size.max = 1048576 (custom)
2019-09-25 11:33:37,705 [pool-52-thread-1] INFO  server.RaftServerConfigKeys (ConfUtils.java:logGet(43)) - raft.server.log.segment.cache.num.max = 2 (custom)
2019-09-25 11:33:37,705 [pool-52-thread-1] INFO  segmented.SegmentedRaftLogWorker (SegmentedRaftLogWorker.java:<init>(172)) - new ad358f2f-1ee5-4123-8117-f622bc1dbae2@group-5D88A8ED23E1-SegmentedRaftLogWorker for RaftStorage:Storage Directory /workdir/hadoop-ozone/integration-test/target/test-dir/MiniOzoneClusterImpl-af71ae92-902d-4bbe-8221-3c085bdab3fc/datanode-2/data/ratis/500cc21a-3286-414a-8888-5d88a8ed23e1
2019-09-25 11:33:37,705 [pool-52-thread-1] INFO  server.RaftServerConfigKeys (ConfUtils.java:logGet(43)) - raft.server.log.queue.byte-limit = 2147483647 (custom)
2019-09-25 11:33:37,705 [pool-52-thread-1] INFO  server.RaftServerConfigKeys (ConfUtils.java:logGet(43)) - raft.server.log.queue.element-limit = 1024 (custom)
2019-09-25 11:33:37,706 [pool-52-thread-1] INFO  server.RaftServerConfigKeys (ConfUtils.java:logGet(43)) - raft.server.log.segment.size.max = 1048576 (custom)
2019-09-25 11:33:37,706 [pool-52-thread-1] INFO  server.RaftServerConfigKeys (ConfUtils.java:logGet(43)) - raft.server.log.preallocated.size = 16384 (custom)
2019-09-25 11:33:37,706 [pool-52-thread-1] INFO  server.RaftServerConfigKeys (ConfUtils.java:logGet(43)) - raft.server.log.write.buffer.size = 33554432 (custom)
2019-09-25 11:33:37,706 [pool-52-thread-1] INFO  server.RaftServerConfigKeys (ConfUtils.java:logGet(43)) - raft.server.log.force.sync.num = 128 (default)
2019-09-25 11:33:37,706 [pool-52-thread-1] INFO  server.RaftServerConfigKeys (ConfUtils.java:logGet(43)) - raft.server.log.statemachine.data.sync = true (default)
2019-09-25 11:33:37,707 [pool-52-thread-1] INFO  server.RaftServerConfigKeys (ConfUtils.java:logGet(43)) - raft.server.log.statemachine.data.sync.timeout = 10s (default)
2019-09-25 11:33:37,707 [pool-52-thread-1] INFO  server.RaftServerConfigKeys (ConfUtils.java:logGet(43)) - raft.server.log.statemachine.data.sync.timeout.retry = -1 (default)
2019-09-25 11:33:37,707 [pool-52-thread-1] INFO  server.RaftServerConfigKeys (ConfUtils.java:logGet(43)) - raft.server.log.statemachine.data.caching.enabled = true (custom)
2019-09-25 11:33:37,707 [pool-52-thread-1] INFO  segmented.SegmentedRaftLogWorker (SegmentedRaftLogWorker.java:lambda$new$0(132)) - ad358f2f-1ee5-4123-8117-f622bc1dbae2@group-5D88A8ED23E1-SegmentedRaftLogWorker: flushIndex: setUnconditionally 0 -> -1
2019-09-25 11:33:37,708 [pool-52-thread-1] INFO  server.RaftServerConfigKeys (ConfUtils.java:logGet(43)) - raft.server.snapshot.auto.trigger.enabled = true (custom)
2019-09-25 11:33:37,708 [pool-52-thread-1] INFO  server.RaftServerConfigKeys (ConfUtils.java:logGet(43)) - raft.server.snapshot.auto.trigger.threshold = 10000 (custom)
2019-09-25 11:33:37,708 [pool-52-thread-1] INFO  server.RaftServerConfigKeys (ConfUtils.java:logGet(43)) - raft.server.snapshot.retention.num.files = 5 (custom)
2019-09-25 11:33:37,709 [pool-52-thread-1] INFO  server.RaftServerConfigKeys (ConfUtils.java:logGet(43)) - raft.server.retrycache.expirytime = 600000ms (custom)
2019-09-25 11:33:37,713 [pool-52-thread-1] INFO  impl.RaftServerImpl (RaftServerImpl.java:start(185)) - ad358f2f-1ee5-4123-8117-f622bc1dbae2@group-5D88A8ED23E1: start as a follower, conf=-1: [ad358f2f-1ee5-4123-8117-f622bc1dbae2:192.168.30.6:36654], old=null
2019-09-25 11:33:37,714 [pool-52-thread-1] INFO  impl.RaftServerImpl (RaftServerImpl.java:setRole(174)) - ad358f2f-1ee5-4123-8117-f622bc1dbae2@group-5D88A8ED23E1: changes role from      null to FOLLOWER at term 0 for startAsFollower
2019-09-25 11:33:37,714 [pool-52-thread-1] INFO  impl.RoleInfo (RoleInfo.java:updateAndGet(143)) - ad358f2f-1ee5-4123-8117-f622bc1dbae2: start FollowerState
2019-09-25 11:33:37,714 [pool-52-thread-1] INFO  util.JmxRegister (JmxRegister.java:tryRegister(44)) - Successfully registered JMX Bean with object name Ratis:service=RaftServer,group=group-5D88A8ED23E1,id=ad358f2f-1ee5-4123-8117-f622bc1dbae2
2019-09-25 11:33:37,726 [RatisPipelineUtilsThread] INFO  pipeline.PipelineStateManager (PipelineStateManager.java:addPipeline(56)) - Created pipeline Pipeline[ Id: 500cc21a-3286-414a-8888-5d88a8ed23e1, Nodes: ad358f2f-1ee5-4123-8117-f622bc1dbae2{ip: 192.168.30.6, host: pr-hdds-1569-5gmkr-4255264070, networkLocation: /rack1, certSerialId: null}, Type:RATIS, Factor:ONE, State:OPEN]
2019-09-25 11:33:37,726 [RatisPipelineUtilsThread] INFO  pipeline.PipelinePlacementPolicy (PipelinePlacementPolicy.java:meetCriteria(91)) - Pipeline Placement: can't place more pipeline on heavy datanode： 69ae614a-aad9-45ca-b50d-a25e2f7464fe Heaviness: 6 limit: 5
2019-09-25 11:33:37,737 [grpc-default-executor-1] INFO  impl.RaftServerProxy (RaftServerProxy.java:addNew(89)) - a7678dfb-b424-495f-9400-a1c16eb568c5: addNew group-34DC4F41EDA6:[a7678dfb-b424-495f-9400-a1c16eb568c5:192.168.30.6:45236] returns group-34DC4F41EDA6:java.util.concurrent.CompletableFuture@351b43ba[Not completed]
2019-09-25 11:33:37,739 [pool-42-thread-1] INFO  impl.RaftServerImpl (RaftServerImpl.java:<init>(95)) - a7678dfb-b424-495f-9400-a1c16eb568c5: new RaftServerImpl for group-34DC4F41EDA6:[a7678dfb-b424-495f-9400-a1c16eb568c5:192.168.30.6:45236] with ContainerStateMachine:uninitialized
2019-09-25 11:33:37,739 [pool-42-thread-1] INFO  server.RaftServerConfigKeys (ConfUtils.java:logGet(43)) - raft.server.rpc.timeout.min = 5s (custom)
2019-09-25 11:33:37,739 [pool-42-thread-1] INFO  server.RaftServerConfigKeys (ConfUtils.java:logGet(43)) - raft.server.rpc.timeout.max = 5200ms (custom)
2019-09-25 11:33:37,740 [pool-42-thread-1] INFO  server.RaftServerConfigKeys (ConfUtils.java:logGet(43)) - raft.server.rpcslowness.timeout = 120s (custom)
2019-09-25 11:33:37,740 [pool-42-thread-1] INFO  server.RaftServerConfigKeys (ConfUtils.java:logGet(43)) - raft.server.sleep.deviation.threshold = 300 (default)
2019-09-25 11:33:37,740 [pool-42-thread-1] INFO  server.RaftServerConfigKeys (ConfUtils.java:logGet(43)) - raft.server.log.appender.install.snapshot.enabled = false (custom)
2019-09-25 11:33:37,740 [pool-42-thread-1] INFO  impl.RaftServerImpl (ServerState.java:<init>(103)) - a7678dfb-b424-495f-9400-a1c16eb568c5@group-34DC4F41EDA6: ConfigurationManager, init=-1: [a7678dfb-b424-495f-9400-a1c16eb568c5:192.168.30.6:45236], old=null, confs=<EMPTY_MAP>
2019-09-25 11:33:37,740 [pool-42-thread-1] INFO  server.RaftServerConfigKeys (ConfUtils.java:logGet(43)) - raft.server.storage.dir = [/workdir/hadoop-ozone/integration-test/target/test-dir/MiniOzoneClusterImpl-af71ae92-902d-4bbe-8221-3c085bdab3fc/datanode-1/data/ratis] (custom)
2019-09-25 11:33:37,741 [pool-42-thread-1] INFO  storage.RaftStorageDirectory (RaftStorageDirectory.java:analyzeStorage(246)) - The storage directory /workdir/hadoop-ozone/integration-test/target/test-dir/MiniOzoneClusterImpl-af71ae92-902d-4bbe-8221-3c085bdab3fc/datanode-1/data/ratis/352c741d-e7d0-4698-b7ae-34dc4f41eda6 does not exist. Creating ...
2019-09-25 11:33:37,753 [pool-42-thread-1] INFO  storage.RaftStorageDirectory (RaftStorageDirectory.java:tryLock(328)) - Lock on /workdir/hadoop-ozone/integration-test/target/test-dir/MiniOzoneClusterImpl-af71ae92-902d-4bbe-8221-3c085bdab3fc/datanode-1/data/ratis/352c741d-e7d0-4698-b7ae-34dc4f41eda6/in_use.lock acquired by nodename 22736@pr-hdds-1569-5gmkr-4255264070
2019-09-25 11:33:37,789 [pool-42-thread-1] INFO  storage.RaftStorage (RaftStorage.java:format(72)) - Storage directory /workdir/hadoop-ozone/integration-test/target/test-dir/MiniOzoneClusterImpl-af71ae92-902d-4bbe-8221-3c085bdab3fc/datanode-1/data/ratis/352c741d-e7d0-4698-b7ae-34dc4f41eda6 has been successfully formatted.
2019-09-25 11:33:37,795 [pool-42-thread-1] INFO  ratis.ContainerStateMachine (ContainerStateMachine.java:loadSnapshot(230)) - group-34DC4F41EDA6: The snapshot info is null. Setting the last applied indexto:(t:0, i:~)
2019-09-25 11:33:37,795 [pool-42-thread-1] INFO  server.RaftServerConfigKeys (ConfUtils.java:logGet(43)) - raft.server.notification.no-leader.timeout = 120s (custom)
2019-09-25 11:33:37,796 [pool-42-thread-1] INFO  server.RaftServerConfigKeys (ConfUtils.java:logGet(43)) - raft.server.log.use.memory = false (default)
2019-09-25 11:33:37,796 [pool-42-thread-1] INFO  server.RaftServerConfigKeys (ConfUtils.java:logGet(43)) - raft.server.log.purge.gap = 1000000 (custom)
2019-09-25 11:33:37,796 [pool-42-thread-1] INFO  server.RaftServerConfigKeys (ConfUtils.java:logGet(43)) - raft.server.log.appender.buffer.byte-limit = 33554432 (custom)
2019-09-25 11:33:37,796 [pool-42-thread-1] INFO  server.RaftServerConfigKeys (ConfUtils.java:logGet(43)) - raft.server.log.segment.size.max = 1048576 (custom)
2019-09-25 11:33:37,796 [pool-42-thread-1] INFO  server.RaftServerConfigKeys (ConfUtils.java:logGet(43)) - raft.server.log.segment.cache.num.max = 2 (custom)
2019-09-25 11:33:37,797 [pool-42-thread-1] INFO  segmented.SegmentedRaftLogWorker (SegmentedRaftLogWorker.java:<init>(172)) - new a7678dfb-b424-495f-9400-a1c16eb568c5@group-34DC4F41EDA6-SegmentedRaftLogWorker for RaftStorage:Storage Directory /workdir/hadoop-ozone/integration-test/target/test-dir/MiniOzoneClusterImpl-af71ae92-902d-4bbe-8221-3c085bdab3fc/datanode-1/data/ratis/352c741d-e7d0-4698-b7ae-34dc4f41eda6
2019-09-25 11:33:37,797 [pool-42-thread-1] INFO  server.RaftServerConfigKeys (ConfUtils.java:logGet(43)) - raft.server.log.queue.byte-limit = 2147483647 (custom)
2019-09-25 11:33:37,797 [pool-42-thread-1] INFO  server.RaftServerConfigKeys (ConfUtils.java:logGet(43)) - raft.server.log.queue.element-limit = 1024 (custom)
2019-09-25 11:33:37,797 [pool-42-thread-1] INFO  server.RaftServerConfigKeys (ConfUtils.java:logGet(43)) - raft.server.log.segment.size.max = 1048576 (custom)
2019-09-25 11:33:37,798 [pool-42-thread-1] INFO  server.RaftServerConfigKeys (ConfUtils.java:logGet(43)) - raft.server.log.preallocated.size = 16384 (custom)
2019-09-25 11:33:37,798 [pool-42-thread-1] INFO  server.RaftServerConfigKeys (ConfUtils.java:logGet(43)) - raft.server.log.write.buffer.size = 33554432 (custom)
2019-09-25 11:33:37,798 [pool-42-thread-1] INFO  server.RaftServerConfigKeys (ConfUtils.java:logGet(43)) - raft.server.log.force.sync.num = 128 (default)
2019-09-25 11:33:37,798 [pool-42-thread-1] INFO  server.RaftServerConfigKeys (ConfUtils.java:logGet(43)) - raft.server.log.statemachine.data.sync = true (default)
2019-09-25 11:33:37,798 [pool-42-thread-1] INFO  server.RaftServerConfigKeys (ConfUtils.java:logGet(43)) - raft.server.log.statemachine.data.sync.timeout = 10s (default)
2019-09-25 11:33:37,799 [pool-42-thread-1] INFO  server.RaftServerConfigKeys (ConfUtils.java:logGet(43)) - raft.server.log.statemachine.data.sync.timeout.retry = -1 (default)
2019-09-25 11:33:37,799 [pool-42-thread-1] INFO  server.RaftServerConfigKeys (ConfUtils.java:logGet(43)) - raft.server.log.statemachine.data.caching.enabled = true (custom)
2019-09-25 11:33:37,799 [pool-42-thread-1] INFO  segmented.SegmentedRaftLogWorker (SegmentedRaftLogWorker.java:lambda$new$0(132)) - a7678dfb-b424-495f-9400-a1c16eb568c5@group-34DC4F41EDA6-SegmentedRaftLogWorker: flushIndex: setUnconditionally 0 -> -1
2019-09-25 11:33:37,800 [pool-42-thread-1] INFO  server.RaftServerConfigKeys (ConfUtils.java:logGet(43)) - raft.server.snapshot.auto.trigger.enabled = true (custom)
2019-09-25 11:33:37,800 [pool-42-thread-1] INFO  server.RaftServerConfigKeys (ConfUtils.java:logGet(43)) - raft.server.snapshot.auto.trigger.threshold = 10000 (custom)
2019-09-25 11:33:37,800 [pool-42-thread-1] INFO  server.RaftServerConfigKeys (ConfUtils.java:logGet(43)) - raft.server.snapshot.retention.num.files = 5 (custom)
2019-09-25 11:33:37,800 [pool-42-thread-1] INFO  server.RaftServerConfigKeys (ConfUtils.java:logGet(43)) - raft.server.retrycache.expirytime = 600000ms (custom)
2019-09-25 11:33:37,804 [pool-42-thread-1] INFO  impl.RaftServerImpl (RaftServerImpl.java:start(185)) - a7678dfb-b424-495f-9400-a1c16eb568c5@group-34DC4F41EDA6: start as a follower, conf=-1: [a7678dfb-b424-495f-9400-a1c16eb568c5:192.168.30.6:45236], old=null
2019-09-25 11:33:37,804 [pool-42-thread-1] INFO  impl.RaftServerImpl (RaftServerImpl.java:setRole(174)) - a7678dfb-b424-495f-9400-a1c16eb568c5@group-34DC4F41EDA6: changes role from      null to FOLLOWER at term 0 for startAsFollower
2019-09-25 11:33:37,805 [pool-42-thread-1] INFO  impl.RoleInfo (RoleInfo.java:updateAndGet(143)) - a7678dfb-b424-495f-9400-a1c16eb568c5: start FollowerState
2019-09-25 11:33:37,805 [pool-42-thread-1] INFO  util.JmxRegister (JmxRegister.java:tryRegister(44)) - Successfully registered JMX Bean with object name Ratis:service=RaftServer,group=group-34DC4F41EDA6,id=a7678dfb-b424-495f-9400-a1c16eb568c5
2019-09-25 11:33:37,816 [RatisPipelineUtilsThread] INFO  pipeline.PipelineStateManager (PipelineStateManager.java:addPipeline(56)) - Created pipeline Pipeline[ Id: 352c741d-e7d0-4698-b7ae-34dc4f41eda6, Nodes: a7678dfb-b424-495f-9400-a1c16eb568c5{ip: 192.168.30.6, host: pr-hdds-1569-5gmkr-4255264070, networkLocation: /rack1, certSerialId: null}, Type:RATIS, Factor:ONE, State:OPEN]
2019-09-25 11:33:37,816 [RatisPipelineUtilsThread] INFO  pipeline.PipelinePlacementPolicy (PipelinePlacementPolicy.java:meetCriteria(91)) - Pipeline Placement: can't place more pipeline on heavy datanode： 69ae614a-aad9-45ca-b50d-a25e2f7464fe Heaviness: 6 limit: 5
2019-09-25 11:33:37,829 [grpc-default-executor-1] INFO  impl.RaftServerProxy (RaftServerProxy.java:addNew(89)) - ad358f2f-1ee5-4123-8117-f622bc1dbae2: addNew group-5B08CABAAA9E:[ad358f2f-1ee5-4123-8117-f622bc1dbae2:192.168.30.6:36654] returns group-5B08CABAAA9E:java.util.concurrent.CompletableFuture@569a18cc[Not completed]
2019-09-25 11:33:37,831 [pool-52-thread-1] INFO  impl.RaftServerImpl (RaftServerImpl.java:<init>(95)) - ad358f2f-1ee5-4123-8117-f622bc1dbae2: new RaftServerImpl for group-5B08CABAAA9E:[ad358f2f-1ee5-4123-8117-f622bc1dbae2:192.168.30.6:36654] with ContainerStateMachine:uninitialized
2019-09-25 11:33:37,831 [pool-52-thread-1] INFO  server.RaftServerConfigKeys (ConfUtils.java:logGet(43)) - raft.server.rpc.timeout.min = 5s (custom)
2019-09-25 11:33:37,832 [pool-52-thread-1] INFO  server.RaftServerConfigKeys (ConfUtils.java:logGet(43)) - raft.server.rpc.timeout.max = 5200ms (custom)
2019-09-25 11:33:37,832 [pool-52-thread-1] INFO  server.RaftServerConfigKeys (ConfUtils.java:logGet(43)) - raft.server.rpcslowness.timeout = 120s (custom)
2019-09-25 11:33:37,832 [pool-52-thread-1] INFO  server.RaftServerConfigKeys (ConfUtils.java:logGet(43)) - raft.server.sleep.deviation.threshold = 300 (default)
2019-09-25 11:33:37,832 [pool-52-thread-1] INFO  server.RaftServerConfigKeys (ConfUtils.java:logGet(43)) - raft.server.log.appender.install.snapshot.enabled = false (custom)
2019-09-25 11:33:37,832 [pool-52-thread-1] INFO  impl.RaftServerImpl (ServerState.java:<init>(103)) - ad358f2f-1ee5-4123-8117-f622bc1dbae2@group-5B08CABAAA9E: ConfigurationManager, init=-1: [ad358f2f-1ee5-4123-8117-f622bc1dbae2:192.168.30.6:36654], old=null, confs=<EMPTY_MAP>
2019-09-25 11:33:37,833 [pool-52-thread-1] INFO  server.RaftServerConfigKeys (ConfUtils.java:logGet(43)) - raft.server.storage.dir = [/workdir/hadoop-ozone/integration-test/target/test-dir/MiniOzoneClusterImpl-af71ae92-902d-4bbe-8221-3c085bdab3fc/datanode-2/data/ratis] (custom)
2019-09-25 11:33:37,833 [pool-52-thread-1] INFO  storage.RaftStorageDirectory (RaftStorageDirectory.java:analyzeStorage(246)) - The storage directory /workdir/hadoop-ozone/integration-test/target/test-dir/MiniOzoneClusterImpl-af71ae92-902d-4bbe-8221-3c085bdab3fc/datanode-2/data/ratis/11f2cd78-3df3-40d3-8398-5b08cabaaa9e does not exist. Creating ...
2019-09-25 11:33:37,858 [pool-52-thread-1] INFO  storage.RaftStorageDirectory (RaftStorageDirectory.java:tryLock(328)) - Lock on /workdir/hadoop-ozone/integration-test/target/test-dir/MiniOzoneClusterImpl-af71ae92-902d-4bbe-8221-3c085bdab3fc/datanode-2/data/ratis/11f2cd78-3df3-40d3-8398-5b08cabaaa9e/in_use.lock acquired by nodename 22736@pr-hdds-1569-5gmkr-4255264070
2019-09-25 11:33:37,873 [pool-52-thread-1] INFO  storage.RaftStorage (RaftStorage.java:format(72)) - Storage directory /workdir/hadoop-ozone/integration-test/target/test-dir/MiniOzoneClusterImpl-af71ae92-902d-4bbe-8221-3c085bdab3fc/datanode-2/data/ratis/11f2cd78-3df3-40d3-8398-5b08cabaaa9e has been successfully formatted.
2019-09-25 11:33:37,873 [pool-52-thread-1] INFO  ratis.ContainerStateMachine (ContainerStateMachine.java:loadSnapshot(230)) - group-5B08CABAAA9E: The snapshot info is null. Setting the last applied indexto:(t:0, i:~)
2019-09-25 11:33:37,873 [pool-52-thread-1] INFO  server.RaftServerConfigKeys (ConfUtils.java:logGet(43)) - raft.server.notification.no-leader.timeout = 120s (custom)
2019-09-25 11:33:37,874 [pool-52-thread-1] INFO  server.RaftServerConfigKeys (ConfUtils.java:logGet(43)) - raft.server.log.use.memory = false (default)
2019-09-25 11:33:37,874 [pool-52-thread-1] INFO  server.RaftServerConfigKeys (ConfUtils.java:logGet(43)) - raft.server.log.purge.gap = 1000000 (custom)
2019-09-25 11:33:37,874 [pool-52-thread-1] INFO  server.RaftServerConfigKeys (ConfUtils.java:logGet(43)) - raft.server.log.appender.buffer.byte-limit = 33554432 (custom)
2019-09-25 11:33:37,874 [pool-52-thread-1] INFO  server.RaftServerConfigKeys (ConfUtils.java:logGet(43)) - raft.server.log.segment.size.max = 1048576 (custom)
2019-09-25 11:33:37,874 [pool-52-thread-1] INFO  server.RaftServerConfigKeys (ConfUtils.java:logGet(43)) - raft.server.log.segment.cache.num.max = 2 (custom)
2019-09-25 11:33:37,875 [pool-52-thread-1] INFO  segmented.SegmentedRaftLogWorker (SegmentedRaftLogWorker.java:<init>(172)) - new ad358f2f-1ee5-4123-8117-f622bc1dbae2@group-5B08CABAAA9E-SegmentedRaftLogWorker for RaftStorage:Storage Directory /workdir/hadoop-ozone/integration-test/target/test-dir/MiniOzoneClusterImpl-af71ae92-902d-4bbe-8221-3c085bdab3fc/datanode-2/data/ratis/11f2cd78-3df3-40d3-8398-5b08cabaaa9e
2019-09-25 11:33:37,875 [pool-52-thread-1] INFO  server.RaftServerConfigKeys (ConfUtils.java:logGet(43)) - raft.server.log.queue.byte-limit = 2147483647 (custom)
2019-09-25 11:33:37,875 [pool-52-thread-1] INFO  server.RaftServerConfigKeys (ConfUtils.java:logGet(43)) - raft.server.log.queue.element-limit = 1024 (custom)
2019-09-25 11:33:37,875 [pool-52-thread-1] INFO  server.RaftServerConfigKeys (ConfUtils.java:logGet(43)) - raft.server.log.segment.size.max = 1048576 (custom)
2019-09-25 11:33:37,875 [pool-52-thread-1] INFO  server.RaftServerConfigKeys (ConfUtils.java:logGet(43)) - raft.server.log.preallocated.size = 16384 (custom)
2019-09-25 11:33:37,876 [pool-52-thread-1] INFO  server.RaftServerConfigKeys (ConfUtils.java:logGet(43)) - raft.server.log.write.buffer.size = 33554432 (custom)
2019-09-25 11:33:37,876 [pool-52-thread-1] INFO  server.RaftServerConfigKeys (ConfUtils.java:logGet(43)) - raft.server.log.force.sync.num = 128 (default)
2019-09-25 11:33:37,876 [pool-52-thread-1] INFO  server.RaftServerConfigKeys (ConfUtils.java:logGet(43)) - raft.server.log.statemachine.data.sync = true (default)
2019-09-25 11:33:37,876 [pool-52-thread-1] INFO  server.RaftServerConfigKeys (ConfUtils.java:logGet(43)) - raft.server.log.statemachine.data.sync.timeout = 10s (default)
2019-09-25 11:33:37,876 [pool-52-thread-1] INFO  server.RaftServerConfigKeys (ConfUtils.java:logGet(43)) - raft.server.log.statemachine.data.sync.timeout.retry = -1 (default)
2019-09-25 11:33:37,877 [pool-52-thread-1] INFO  server.RaftServerConfigKeys (ConfUtils.java:logGet(43)) - raft.server.log.statemachine.data.caching.enabled = true (custom)
2019-09-25 11:33:37,877 [pool-52-thread-1] INFO  segmented.SegmentedRaftLogWorker (SegmentedRaftLogWorker.java:lambda$new$0(132)) - ad358f2f-1ee5-4123-8117-f622bc1dbae2@group-5B08CABAAA9E-SegmentedRaftLogWorker: flushIndex: setUnconditionally 0 -> -1
2019-09-25 11:33:37,878 [pool-52-thread-1] INFO  server.RaftServerConfigKeys (ConfUtils.java:logGet(43)) - raft.server.snapshot.auto.trigger.enabled = true (custom)
2019-09-25 11:33:37,878 [pool-52-thread-1] INFO  server.RaftServerConfigKeys (ConfUtils.java:logGet(43)) - raft.server.snapshot.auto.trigger.threshold = 10000 (custom)
2019-09-25 11:33:37,878 [pool-52-thread-1] INFO  server.RaftServerConfigKeys (ConfUtils.java:logGet(43)) - raft.server.snapshot.retention.num.files = 5 (custom)
2019-09-25 11:33:37,878 [pool-52-thread-1] INFO  server.RaftServerConfigKeys (ConfUtils.java:logGet(43)) - raft.server.retrycache.expirytime = 600000ms (custom)
2019-09-25 11:33:37,882 [pool-52-thread-1] INFO  impl.RaftServerImpl (RaftServerImpl.java:start(185)) - ad358f2f-1ee5-4123-8117-f622bc1dbae2@group-5B08CABAAA9E: start as a follower, conf=-1: [ad358f2f-1ee5-4123-8117-f622bc1dbae2:192.168.30.6:36654], old=null
2019-09-25 11:33:37,882 [pool-52-thread-1] INFO  impl.RaftServerImpl (RaftServerImpl.java:setRole(174)) - ad358f2f-1ee5-4123-8117-f622bc1dbae2@group-5B08CABAAA9E: changes role from      null to FOLLOWER at term 0 for startAsFollower
2019-09-25 11:33:37,882 [pool-52-thread-1] INFO  impl.RoleInfo (RoleInfo.java:updateAndGet(143)) - ad358f2f-1ee5-4123-8117-f622bc1dbae2: start FollowerState
2019-09-25 11:33:37,883 [pool-52-thread-1] INFO  util.JmxRegister (JmxRegister.java:tryRegister(44)) - Successfully registered JMX Bean with object name Ratis:service=RaftServer,group=group-5B08CABAAA9E,id=ad358f2f-1ee5-4123-8117-f622bc1dbae2
2019-09-25 11:33:37,888 [RatisPipelineUtilsThread] INFO  pipeline.PipelineStateManager (PipelineStateManager.java:addPipeline(56)) - Created pipeline Pipeline[ Id: 11f2cd78-3df3-40d3-8398-5b08cabaaa9e, Nodes: ad358f2f-1ee5-4123-8117-f622bc1dbae2{ip: 192.168.30.6, host: pr-hdds-1569-5gmkr-4255264070, networkLocation: /rack1, certSerialId: null}, Type:RATIS, Factor:ONE, State:OPEN]
2019-09-25 11:33:37,888 [RatisPipelineUtilsThread] INFO  pipeline.PipelinePlacementPolicy (PipelinePlacementPolicy.java:meetCriteria(91)) - Pipeline Placement: can't place more pipeline on heavy datanode： 69ae614a-aad9-45ca-b50d-a25e2f7464fe Heaviness: 6 limit: 5
2019-09-25 11:33:37,910 [grpc-default-executor-1] INFO  impl.RaftServerProxy (RaftServerProxy.java:addNew(89)) - ad358f2f-1ee5-4123-8117-f622bc1dbae2: addNew group-4C46E303E63A:[ad358f2f-1ee5-4123-8117-f622bc1dbae2:192.168.30.6:36654] returns group-4C46E303E63A:java.util.concurrent.CompletableFuture@166c0280[Not completed]
2019-09-25 11:33:37,912 [pool-52-thread-1] INFO  impl.RaftServerImpl (RaftServerImpl.java:<init>(95)) - ad358f2f-1ee5-4123-8117-f622bc1dbae2: new RaftServerImpl for group-4C46E303E63A:[ad358f2f-1ee5-4123-8117-f622bc1dbae2:192.168.30.6:36654] with ContainerStateMachine:uninitialized
2019-09-25 11:33:37,912 [pool-52-thread-1] INFO  server.RaftServerConfigKeys (ConfUtils.java:logGet(43)) - raft.server.rpc.timeout.min = 5s (custom)
2019-09-25 11:33:37,912 [pool-52-thread-1] INFO  server.RaftServerConfigKeys (ConfUtils.java:logGet(43)) - raft.server.rpc.timeout.max = 5200ms (custom)
2019-09-25 11:33:37,912 [pool-52-thread-1] INFO  server.RaftServerConfigKeys (ConfUtils.java:logGet(43)) - raft.server.rpcslowness.timeout = 120s (custom)
2019-09-25 11:33:37,912 [pool-52-thread-1] INFO  server.RaftServerConfigKeys (ConfUtils.java:logGet(43)) - raft.server.sleep.deviation.threshold = 300 (default)
2019-09-25 11:33:37,912 [pool-52-thread-1] INFO  server.RaftServerConfigKeys (ConfUtils.java:logGet(43)) - raft.server.log.appender.install.snapshot.enabled = false (custom)
2019-09-25 11:33:37,913 [pool-52-thread-1] INFO  impl.RaftServerImpl (ServerState.java:<init>(103)) - ad358f2f-1ee5-4123-8117-f622bc1dbae2@group-4C46E303E63A: ConfigurationManager, init=-1: [ad358f2f-1ee5-4123-8117-f622bc1dbae2:192.168.30.6:36654], old=null, confs=<EMPTY_MAP>
2019-09-25 11:33:37,913 [pool-52-thread-1] INFO  server.RaftServerConfigKeys (ConfUtils.java:logGet(43)) - raft.server.storage.dir = [/workdir/hadoop-ozone/integration-test/target/test-dir/MiniOzoneClusterImpl-af71ae92-902d-4bbe-8221-3c085bdab3fc/datanode-2/data/ratis] (custom)
2019-09-25 11:33:37,913 [pool-52-thread-1] INFO  storage.RaftStorageDirectory (RaftStorageDirectory.java:analyzeStorage(246)) - The storage directory /workdir/hadoop-ozone/integration-test/target/test-dir/MiniOzoneClusterImpl-af71ae92-902d-4bbe-8221-3c085bdab3fc/datanode-2/data/ratis/be667933-2d0a-4ecd-992c-4c46e303e63a does not exist. Creating ...
2019-09-25 11:33:37,927 [pool-52-thread-1] INFO  storage.RaftStorageDirectory (RaftStorageDirectory.java:tryLock(328)) - Lock on /workdir/hadoop-ozone/integration-test/target/test-dir/MiniOzoneClusterImpl-af71ae92-902d-4bbe-8221-3c085bdab3fc/datanode-2/data/ratis/be667933-2d0a-4ecd-992c-4c46e303e63a/in_use.lock acquired by nodename 22736@pr-hdds-1569-5gmkr-4255264070
2019-09-25 11:33:37,940 [pool-52-thread-1] INFO  storage.RaftStorage (RaftStorage.java:format(72)) - Storage directory /workdir/hadoop-ozone/integration-test/target/test-dir/MiniOzoneClusterImpl-af71ae92-902d-4bbe-8221-3c085bdab3fc/datanode-2/data/ratis/be667933-2d0a-4ecd-992c-4c46e303e63a has been successfully formatted.
2019-09-25 11:33:37,940 [pool-52-thread-1] INFO  ratis.ContainerStateMachine (ContainerStateMachine.java:loadSnapshot(230)) - group-4C46E303E63A: The snapshot info is null. Setting the last applied indexto:(t:0, i:~)
2019-09-25 11:33:37,940 [pool-52-thread-1] INFO  server.RaftServerConfigKeys (ConfUtils.java:logGet(43)) - raft.server.notification.no-leader.timeout = 120s (custom)
2019-09-25 11:33:37,940 [pool-52-thread-1] INFO  server.RaftServerConfigKeys (ConfUtils.java:logGet(43)) - raft.server.log.use.memory = false (default)
2019-09-25 11:33:37,941 [pool-52-thread-1] INFO  server.RaftServerConfigKeys (ConfUtils.java:logGet(43)) - raft.server.log.purge.gap = 1000000 (custom)
2019-09-25 11:33:37,941 [pool-52-thread-1] INFO  server.RaftServerConfigKeys (ConfUtils.java:logGet(43)) - raft.server.log.appender.buffer.byte-limit = 33554432 (custom)
2019-09-25 11:33:37,941 [pool-52-thread-1] INFO  server.RaftServerConfigKeys (ConfUtils.java:logGet(43)) - raft.server.log.segment.size.max = 1048576 (custom)
2019-09-25 11:33:37,941 [pool-52-thread-1] INFO  server.RaftServerConfigKeys (ConfUtils.java:logGet(43)) - raft.server.log.segment.cache.num.max = 2 (custom)
2019-09-25 11:33:37,941 [pool-52-thread-1] INFO  segmented.SegmentedRaftLogWorker (SegmentedRaftLogWorker.java:<init>(172)) - new ad358f2f-1ee5-4123-8117-f622bc1dbae2@group-4C46E303E63A-SegmentedRaftLogWorker for RaftStorage:Storage Directory /workdir/hadoop-ozone/integration-test/target/test-dir/MiniOzoneClusterImpl-af71ae92-902d-4bbe-8221-3c085bdab3fc/datanode-2/data/ratis/be667933-2d0a-4ecd-992c-4c46e303e63a
2019-09-25 11:33:37,942 [pool-52-thread-1] INFO  server.RaftServerConfigKeys (ConfUtils.java:logGet(43)) - raft.server.log.queue.byte-limit = 2147483647 (custom)
2019-09-25 11:33:37,942 [pool-52-thread-1] INFO  server.RaftServerConfigKeys (ConfUtils.java:logGet(43)) - raft.server.log.queue.element-limit = 1024 (custom)
2019-09-25 11:33:37,942 [pool-52-thread-1] INFO  server.RaftServerConfigKeys (ConfUtils.java:logGet(43)) - raft.server.log.segment.size.max = 1048576 (custom)
2019-09-25 11:33:37,942 [pool-52-thread-1] INFO  server.RaftServerConfigKeys (ConfUtils.java:logGet(43)) - raft.server.log.preallocated.size = 16384 (custom)
2019-09-25 11:33:37,942 [pool-52-thread-1] INFO  server.RaftServerConfigKeys (ConfUtils.java:logGet(43)) - raft.server.log.write.buffer.size = 33554432 (custom)
2019-09-25 11:33:37,942 [pool-52-thread-1] INFO  server.RaftServerConfigKeys (ConfUtils.java:logGet(43)) - raft.server.log.force.sync.num = 128 (default)
2019-09-25 11:33:37,943 [pool-52-thread-1] INFO  server.RaftServerConfigKeys (ConfUtils.java:logGet(43)) - raft.server.log.statemachine.data.sync = true (default)
2019-09-25 11:33:37,943 [pool-52-thread-1] INFO  server.RaftServerConfigKeys (ConfUtils.java:logGet(43)) - raft.server.log.statemachine.data.sync.timeout = 10s (default)
2019-09-25 11:33:37,943 [pool-52-thread-1] INFO  server.RaftServerConfigKeys (ConfUtils.java:logGet(43)) - raft.server.log.statemachine.data.sync.timeout.retry = -1 (default)
2019-09-25 11:33:37,943 [pool-52-thread-1] INFO  server.RaftServerConfigKeys (ConfUtils.java:logGet(43)) - raft.server.log.statemachine.data.caching.enabled = true (custom)
2019-09-25 11:33:37,944 [pool-52-thread-1] INFO  segmented.SegmentedRaftLogWorker (SegmentedRaftLogWorker.java:lambda$new$0(132)) - ad358f2f-1ee5-4123-8117-f622bc1dbae2@group-4C46E303E63A-SegmentedRaftLogWorker: flushIndex: setUnconditionally 0 -> -1
2019-09-25 11:33:37,944 [pool-52-thread-1] INFO  server.RaftServerConfigKeys (ConfUtils.java:logGet(43)) - raft.server.snapshot.auto.trigger.enabled = true (custom)
2019-09-25 11:33:37,944 [pool-52-thread-1] INFO  server.RaftServerConfigKeys (ConfUtils.java:logGet(43)) - raft.server.snapshot.auto.trigger.threshold = 10000 (custom)
2019-09-25 11:33:37,944 [pool-52-thread-1] INFO  server.RaftServerConfigKeys (ConfUtils.java:logGet(43)) - raft.server.snapshot.retention.num.files = 5 (custom)
2019-09-25 11:33:37,945 [pool-52-thread-1] INFO  server.RaftServerConfigKeys (ConfUtils.java:logGet(43)) - raft.server.retrycache.expirytime = 600000ms (custom)
2019-09-25 11:33:37,948 [pool-52-thread-1] INFO  impl.RaftServerImpl (RaftServerImpl.java:start(185)) - ad358f2f-1ee5-4123-8117-f622bc1dbae2@group-4C46E303E63A: start as a follower, conf=-1: [ad358f2f-1ee5-4123-8117-f622bc1dbae2:192.168.30.6:36654], old=null
2019-09-25 11:33:37,948 [pool-52-thread-1] INFO  impl.RaftServerImpl (RaftServerImpl.java:setRole(174)) - ad358f2f-1ee5-4123-8117-f622bc1dbae2@group-4C46E303E63A: changes role from      null to FOLLOWER at term 0 for startAsFollower
2019-09-25 11:33:37,948 [pool-52-thread-1] INFO  impl.RoleInfo (RoleInfo.java:updateAndGet(143)) - ad358f2f-1ee5-4123-8117-f622bc1dbae2: start FollowerState
2019-09-25 11:33:37,948 [pool-52-thread-1] INFO  util.JmxRegister (JmxRegister.java:tryRegister(44)) - Successfully registered JMX Bean with object name Ratis:service=RaftServer,group=group-4C46E303E63A,id=ad358f2f-1ee5-4123-8117-f622bc1dbae2
2019-09-25 11:33:37,954 [RatisPipelineUtilsThread] INFO  pipeline.PipelineStateManager (PipelineStateManager.java:addPipeline(56)) - Created pipeline Pipeline[ Id: be667933-2d0a-4ecd-992c-4c46e303e63a, Nodes: ad358f2f-1ee5-4123-8117-f622bc1dbae2{ip: 192.168.30.6, host: pr-hdds-1569-5gmkr-4255264070, networkLocation: /rack1, certSerialId: null}, Type:RATIS, Factor:ONE, State:OPEN]
2019-09-25 11:33:37,955 [RatisPipelineUtilsThread] INFO  pipeline.PipelinePlacementPolicy (PipelinePlacementPolicy.java:meetCriteria(91)) - Pipeline Placement: can't place more pipeline on heavy datanode： 69ae614a-aad9-45ca-b50d-a25e2f7464fe Heaviness: 6 limit: 5
2019-09-25 11:33:37,965 [grpc-default-executor-1] INFO  impl.RaftServerProxy (RaftServerProxy.java:addNew(89)) - a7678dfb-b424-495f-9400-a1c16eb568c5: addNew group-61FC9A91C074:[a7678dfb-b424-495f-9400-a1c16eb568c5:192.168.30.6:45236] returns group-61FC9A91C074:java.util.concurrent.CompletableFuture@35cefd9a[Not completed]
2019-09-25 11:33:37,967 [pool-42-thread-1] INFO  impl.RaftServerImpl (RaftServerImpl.java:<init>(95)) - a7678dfb-b424-495f-9400-a1c16eb568c5: new RaftServerImpl for group-61FC9A91C074:[a7678dfb-b424-495f-9400-a1c16eb568c5:192.168.30.6:45236] with ContainerStateMachine:uninitialized
2019-09-25 11:33:37,967 [pool-42-thread-1] INFO  server.RaftServerConfigKeys (ConfUtils.java:logGet(43)) - raft.server.rpc.timeout.min = 5s (custom)
2019-09-25 11:33:37,967 [pool-42-thread-1] INFO  server.RaftServerConfigKeys (ConfUtils.java:logGet(43)) - raft.server.rpc.timeout.max = 5200ms (custom)
2019-09-25 11:33:37,968 [pool-42-thread-1] INFO  server.RaftServerConfigKeys (ConfUtils.java:logGet(43)) - raft.server.rpcslowness.timeout = 120s (custom)
2019-09-25 11:33:37,968 [pool-42-thread-1] INFO  server.RaftServerConfigKeys (ConfUtils.java:logGet(43)) - raft.server.sleep.deviation.threshold = 300 (default)
2019-09-25 11:33:37,968 [pool-42-thread-1] INFO  server.RaftServerConfigKeys (ConfUtils.java:logGet(43)) - raft.server.log.appender.install.snapshot.enabled = false (custom)
2019-09-25 11:33:37,968 [pool-42-thread-1] INFO  impl.RaftServerImpl (ServerState.java:<init>(103)) - a7678dfb-b424-495f-9400-a1c16eb568c5@group-61FC9A91C074: ConfigurationManager, init=-1: [a7678dfb-b424-495f-9400-a1c16eb568c5:192.168.30.6:45236], old=null, confs=<EMPTY_MAP>
2019-09-25 11:33:37,968 [pool-42-thread-1] INFO  server.RaftServerConfigKeys (ConfUtils.java:logGet(43)) - raft.server.storage.dir = [/workdir/hadoop-ozone/integration-test/target/test-dir/MiniOzoneClusterImpl-af71ae92-902d-4bbe-8221-3c085bdab3fc/datanode-1/data/ratis] (custom)
2019-09-25 11:33:37,969 [pool-42-thread-1] INFO  storage.RaftStorageDirectory (RaftStorageDirectory.java:analyzeStorage(246)) - The storage directory /workdir/hadoop-ozone/integration-test/target/test-dir/MiniOzoneClusterImpl-af71ae92-902d-4bbe-8221-3c085bdab3fc/datanode-1/data/ratis/5b4d6f3c-4786-4990-95d6-61fc9a91c074 does not exist. Creating ...
2019-09-25 11:33:37,981 [pool-42-thread-1] INFO  storage.RaftStorageDirectory (RaftStorageDirectory.java:tryLock(328)) - Lock on /workdir/hadoop-ozone/integration-test/target/test-dir/MiniOzoneClusterImpl-af71ae92-902d-4bbe-8221-3c085bdab3fc/datanode-1/data/ratis/5b4d6f3c-4786-4990-95d6-61fc9a91c074/in_use.lock acquired by nodename 22736@pr-hdds-1569-5gmkr-4255264070
2019-09-25 11:33:37,994 [pool-42-thread-1] INFO  storage.RaftStorage (RaftStorage.java:format(72)) - Storage directory /workdir/hadoop-ozone/integration-test/target/test-dir/MiniOzoneClusterImpl-af71ae92-902d-4bbe-8221-3c085bdab3fc/datanode-1/data/ratis/5b4d6f3c-4786-4990-95d6-61fc9a91c074 has been successfully formatted.
2019-09-25 11:33:37,995 [pool-42-thread-1] INFO  ratis.ContainerStateMachine (ContainerStateMachine.java:loadSnapshot(230)) - group-61FC9A91C074: The snapshot info is null. Setting the last applied indexto:(t:0, i:~)
2019-09-25 11:33:37,995 [pool-42-thread-1] INFO  server.RaftServerConfigKeys (ConfUtils.java:logGet(43)) - raft.server.notification.no-leader.timeout = 120s (custom)
2019-09-25 11:33:37,995 [pool-42-thread-1] INFO  server.RaftServerConfigKeys (ConfUtils.java:logGet(43)) - raft.server.log.use.memory = false (default)
2019-09-25 11:33:37,995 [pool-42-thread-1] INFO  server.RaftServerConfigKeys (ConfUtils.java:logGet(43)) - raft.server.log.purge.gap = 1000000 (custom)
2019-09-25 11:33:37,995 [pool-42-thread-1] INFO  server.RaftServerConfigKeys (ConfUtils.java:logGet(43)) - raft.server.log.appender.buffer.byte-limit = 33554432 (custom)
2019-09-25 11:33:37,996 [pool-42-thread-1] INFO  server.RaftServerConfigKeys (ConfUtils.java:logGet(43)) - raft.server.log.segment.size.max = 1048576 (custom)
2019-09-25 11:33:37,996 [pool-42-thread-1] INFO  server.RaftServerConfigKeys (ConfUtils.java:logGet(43)) - raft.server.log.segment.cache.num.max = 2 (custom)
2019-09-25 11:33:37,996 [pool-42-thread-1] INFO  segmented.SegmentedRaftLogWorker (SegmentedRaftLogWorker.java:<init>(172)) - new a7678dfb-b424-495f-9400-a1c16eb568c5@group-61FC9A91C074-SegmentedRaftLogWorker for RaftStorage:Storage Directory /workdir/hadoop-ozone/integration-test/target/test-dir/MiniOzoneClusterImpl-af71ae92-902d-4bbe-8221-3c085bdab3fc/datanode-1/data/ratis/5b4d6f3c-4786-4990-95d6-61fc9a91c074
2019-09-25 11:33:37,996 [pool-42-thread-1] INFO  server.RaftServerConfigKeys (ConfUtils.java:logGet(43)) - raft.server.log.queue.byte-limit = 2147483647 (custom)
2019-09-25 11:33:37,996 [pool-42-thread-1] INFO  server.RaftServerConfigKeys (ConfUtils.java:logGet(43)) - raft.server.log.queue.element-limit = 1024 (custom)
2019-09-25 11:33:37,996 [pool-42-thread-1] INFO  server.RaftServerConfigKeys (ConfUtils.java:logGet(43)) - raft.server.log.segment.size.max = 1048576 (custom)
2019-09-25 11:33:37,997 [pool-42-thread-1] INFO  server.RaftServerConfigKeys (ConfUtils.java:logGet(43)) - raft.server.log.preallocated.size = 16384 (custom)
2019-09-25 11:33:37,997 [pool-42-thread-1] INFO  server.RaftServerConfigKeys (ConfUtils.java:logGet(43)) - raft.server.log.write.buffer.size = 33554432 (custom)
2019-09-25 11:33:37,997 [pool-42-thread-1] INFO  server.RaftServerConfigKeys (ConfUtils.java:logGet(43)) - raft.server.log.force.sync.num = 128 (default)
2019-09-25 11:33:37,997 [pool-42-thread-1] INFO  server.RaftServerConfigKeys (ConfUtils.java:logGet(43)) - raft.server.log.statemachine.data.sync = true (default)
2019-09-25 11:33:37,997 [pool-42-thread-1] INFO  server.RaftServerConfigKeys (ConfUtils.java:logGet(43)) - raft.server.log.statemachine.data.sync.timeout = 10s (default)
2019-09-25 11:33:37,997 [pool-42-thread-1] INFO  server.RaftServerConfigKeys (ConfUtils.java:logGet(43)) - raft.server.log.statemachine.data.sync.timeout.retry = -1 (default)
2019-09-25 11:33:37,998 [pool-42-thread-1] INFO  server.RaftServerConfigKeys (ConfUtils.java:logGet(43)) - raft.server.log.statemachine.data.caching.enabled = true (custom)
2019-09-25 11:33:37,998 [pool-42-thread-1] INFO  segmented.SegmentedRaftLogWorker (SegmentedRaftLogWorker.java:lambda$new$0(132)) - a7678dfb-b424-495f-9400-a1c16eb568c5@group-61FC9A91C074-SegmentedRaftLogWorker: flushIndex: setUnconditionally 0 -> -1
2019-09-25 11:33:37,998 [pool-42-thread-1] INFO  server.RaftServerConfigKeys (ConfUtils.java:logGet(43)) - raft.server.snapshot.auto.trigger.enabled = true (custom)
2019-09-25 11:33:37,998 [pool-42-thread-1] INFO  server.RaftServerConfigKeys (ConfUtils.java:logGet(43)) - raft.server.snapshot.auto.trigger.threshold = 10000 (custom)
2019-09-25 11:33:37,998 [pool-42-thread-1] INFO  server.RaftServerConfigKeys (ConfUtils.java:logGet(43)) - raft.server.snapshot.retention.num.files = 5 (custom)
2019-09-25 11:33:37,999 [pool-42-thread-1] INFO  server.RaftServerConfigKeys (ConfUtils.java:logGet(43)) - raft.server.retrycache.expirytime = 600000ms (custom)
2019-09-25 11:33:38,002 [pool-42-thread-1] INFO  impl.RaftServerImpl (RaftServerImpl.java:start(185)) - a7678dfb-b424-495f-9400-a1c16eb568c5@group-61FC9A91C074: start as a follower, conf=-1: [a7678dfb-b424-495f-9400-a1c16eb568c5:192.168.30.6:45236], old=null
2019-09-25 11:33:38,002 [pool-42-thread-1] INFO  impl.RaftServerImpl (RaftServerImpl.java:setRole(174)) - a7678dfb-b424-495f-9400-a1c16eb568c5@group-61FC9A91C074: changes role from      null to FOLLOWER at term 0 for startAsFollower
2019-09-25 11:33:38,002 [pool-42-thread-1] INFO  impl.RoleInfo (RoleInfo.java:updateAndGet(143)) - a7678dfb-b424-495f-9400-a1c16eb568c5: start FollowerState
2019-09-25 11:33:38,003 [pool-42-thread-1] INFO  util.JmxRegister (JmxRegister.java:tryRegister(44)) - Successfully registered JMX Bean with object name Ratis:service=RaftServer,group=group-61FC9A91C074,id=a7678dfb-b424-495f-9400-a1c16eb568c5
2019-09-25 11:33:38,007 [RatisPipelineUtilsThread] INFO  pipeline.PipelineStateManager (PipelineStateManager.java:addPipeline(56)) - Created pipeline Pipeline[ Id: 5b4d6f3c-4786-4990-95d6-61fc9a91c074, Nodes: a7678dfb-b424-495f-9400-a1c16eb568c5{ip: 192.168.30.6, host: pr-hdds-1569-5gmkr-4255264070, networkLocation: /rack1, certSerialId: null}, Type:RATIS, Factor:ONE, State:OPEN]
2019-09-25 11:33:38,008 [RatisPipelineUtilsThread] INFO  pipeline.PipelinePlacementPolicy (PipelinePlacementPolicy.java:meetCriteria(91)) - Pipeline Placement: can't place more pipeline on heavy datanode： 69ae614a-aad9-45ca-b50d-a25e2f7464fe Heaviness: 6 limit: 5
2019-09-25 11:33:38,018 [grpc-default-executor-1] INFO  impl.RaftServerProxy (RaftServerProxy.java:addNew(89)) - 6cfaa380-1edb-48fc-b1d5-4f0afaf83adf: addNew group-DFE040358690:[6cfaa380-1edb-48fc-b1d5-4f0afaf83adf:192.168.30.6:45132] returns group-DFE040358690:java.util.concurrent.CompletableFuture@627630a8[Not completed]
2019-09-25 11:33:38,020 [pool-62-thread-1] INFO  impl.RaftServerImpl (RaftServerImpl.java:<init>(95)) - 6cfaa380-1edb-48fc-b1d5-4f0afaf83adf: new RaftServerImpl for group-DFE040358690:[6cfaa380-1edb-48fc-b1d5-4f0afaf83adf:192.168.30.6:45132] with ContainerStateMachine:uninitialized
2019-09-25 11:33:38,021 [pool-62-thread-1] INFO  server.RaftServerConfigKeys (ConfUtils.java:logGet(43)) - raft.server.rpc.timeout.min = 5s (custom)
2019-09-25 11:33:38,021 [pool-62-thread-1] INFO  server.RaftServerConfigKeys (ConfUtils.java:logGet(43)) - raft.server.rpc.timeout.max = 5200ms (custom)
2019-09-25 11:33:38,021 [pool-62-thread-1] INFO  server.RaftServerConfigKeys (ConfUtils.java:logGet(43)) - raft.server.rpcslowness.timeout = 120s (custom)
2019-09-25 11:33:38,021 [pool-62-thread-1] INFO  server.RaftServerConfigKeys (ConfUtils.java:logGet(43)) - raft.server.sleep.deviation.threshold = 300 (default)
2019-09-25 11:33:38,021 [pool-62-thread-1] INFO  server.RaftServerConfigKeys (ConfUtils.java:logGet(43)) - raft.server.log.appender.install.snapshot.enabled = false (custom)
2019-09-25 11:33:38,021 [pool-62-thread-1] INFO  impl.RaftServerImpl (ServerState.java:<init>(103)) - 6cfaa380-1edb-48fc-b1d5-4f0afaf83adf@group-DFE040358690: ConfigurationManager, init=-1: [6cfaa380-1edb-48fc-b1d5-4f0afaf83adf:192.168.30.6:45132], old=null, confs=<EMPTY_MAP>
2019-09-25 11:33:38,022 [pool-62-thread-1] INFO  server.RaftServerConfigKeys (ConfUtils.java:logGet(43)) - raft.server.storage.dir = [/workdir/hadoop-ozone/integration-test/target/test-dir/MiniOzoneClusterImpl-af71ae92-902d-4bbe-8221-3c085bdab3fc/datanode-3/data/ratis] (custom)
2019-09-25 11:33:38,022 [pool-62-thread-1] INFO  storage.RaftStorageDirectory (RaftStorageDirectory.java:analyzeStorage(246)) - The storage directory /workdir/hadoop-ozone/integration-test/target/test-dir/MiniOzoneClusterImpl-af71ae92-902d-4bbe-8221-3c085bdab3fc/datanode-3/data/ratis/ea0e02d8-3fac-4c6d-acca-dfe040358690 does not exist. Creating ...
2019-09-25 11:33:38,048 [pool-62-thread-1] INFO  storage.RaftStorageDirectory (RaftStorageDirectory.java:tryLock(328)) - Lock on /workdir/hadoop-ozone/integration-test/target/test-dir/MiniOzoneClusterImpl-af71ae92-902d-4bbe-8221-3c085bdab3fc/datanode-3/data/ratis/ea0e02d8-3fac-4c6d-acca-dfe040358690/in_use.lock acquired by nodename 22736@pr-hdds-1569-5gmkr-4255264070
2019-09-25 11:33:38,061 [pool-62-thread-1] INFO  storage.RaftStorage (RaftStorage.java:format(72)) - Storage directory /workdir/hadoop-ozone/integration-test/target/test-dir/MiniOzoneClusterImpl-af71ae92-902d-4bbe-8221-3c085bdab3fc/datanode-3/data/ratis/ea0e02d8-3fac-4c6d-acca-dfe040358690 has been successfully formatted.
2019-09-25 11:33:38,061 [pool-62-thread-1] INFO  ratis.ContainerStateMachine (ContainerStateMachine.java:loadSnapshot(230)) - group-DFE040358690: The snapshot info is null. Setting the last applied indexto:(t:0, i:~)
2019-09-25 11:33:38,061 [pool-62-thread-1] INFO  server.RaftServerConfigKeys (ConfUtils.java:logGet(43)) - raft.server.notification.no-leader.timeout = 120s (custom)
2019-09-25 11:33:38,062 [pool-62-thread-1] INFO  server.RaftServerConfigKeys (ConfUtils.java:logGet(43)) - raft.server.log.use.memory = false (default)
2019-09-25 11:33:38,062 [pool-62-thread-1] INFO  server.RaftServerConfigKeys (ConfUtils.java:logGet(43)) - raft.server.log.purge.gap = 1000000 (custom)
2019-09-25 11:33:38,062 [pool-62-thread-1] INFO  server.RaftServerConfigKeys (ConfUtils.java:logGet(43)) - raft.server.log.appender.buffer.byte-limit = 33554432 (custom)
2019-09-25 11:33:38,062 [pool-62-thread-1] INFO  server.RaftServerConfigKeys (ConfUtils.java:logGet(43)) - raft.server.log.segment.size.max = 1048576 (custom)
2019-09-25 11:33:38,062 [pool-62-thread-1] INFO  server.RaftServerConfigKeys (ConfUtils.java:logGet(43)) - raft.server.log.segment.cache.num.max = 2 (custom)
2019-09-25 11:33:38,062 [pool-62-thread-1] INFO  segmented.SegmentedRaftLogWorker (SegmentedRaftLogWorker.java:<init>(172)) - new 6cfaa380-1edb-48fc-b1d5-4f0afaf83adf@group-DFE040358690-SegmentedRaftLogWorker for RaftStorage:Storage Directory /workdir/hadoop-ozone/integration-test/target/test-dir/MiniOzoneClusterImpl-af71ae92-902d-4bbe-8221-3c085bdab3fc/datanode-3/data/ratis/ea0e02d8-3fac-4c6d-acca-dfe040358690
2019-09-25 11:33:38,062 [pool-62-thread-1] INFO  server.RaftServerConfigKeys (ConfUtils.java:logGet(43)) - raft.server.log.queue.byte-limit = 2147483647 (custom)
2019-09-25 11:33:38,063 [pool-62-thread-1] INFO  server.RaftServerConfigKeys (ConfUtils.java:logGet(43)) - raft.server.log.queue.element-limit = 1024 (custom)
2019-09-25 11:33:38,063 [pool-62-thread-1] INFO  server.RaftServerConfigKeys (ConfUtils.java:logGet(43)) - raft.server.log.segment.size.max = 1048576 (custom)
2019-09-25 11:33:38,063 [pool-62-thread-1] INFO  server.RaftServerConfigKeys (ConfUtils.java:logGet(43)) - raft.server.log.preallocated.size = 16384 (custom)
2019-09-25 11:33:38,063 [pool-62-thread-1] INFO  server.RaftServerConfigKeys (ConfUtils.java:logGet(43)) - raft.server.log.write.buffer.size = 33554432 (custom)
2019-09-25 11:33:38,063 [pool-62-thread-1] INFO  server.RaftServerConfigKeys (ConfUtils.java:logGet(43)) - raft.server.log.force.sync.num = 128 (default)
2019-09-25 11:33:38,063 [pool-62-thread-1] INFO  server.RaftServerConfigKeys (ConfUtils.java:logGet(43)) - raft.server.log.statemachine.data.sync = true (default)
2019-09-25 11:33:38,063 [pool-62-thread-1] INFO  server.RaftServerConfigKeys (ConfUtils.java:logGet(43)) - raft.server.log.statemachine.data.sync.timeout = 10s (default)
2019-09-25 11:33:38,064 [pool-62-thread-1] INFO  server.RaftServerConfigKeys (ConfUtils.java:logGet(43)) - raft.server.log.statemachine.data.sync.timeout.retry = -1 (default)
2019-09-25 11:33:38,064 [pool-62-thread-1] INFO  server.RaftServerConfigKeys (ConfUtils.java:logGet(43)) - raft.server.log.statemachine.data.caching.enabled = true (custom)
2019-09-25 11:33:38,064 [pool-62-thread-1] INFO  segmented.SegmentedRaftLogWorker (SegmentedRaftLogWorker.java:lambda$new$0(132)) - 6cfaa380-1edb-48fc-b1d5-4f0afaf83adf@group-DFE040358690-SegmentedRaftLogWorker: flushIndex: setUnconditionally 0 -> -1
2019-09-25 11:33:38,064 [pool-62-thread-1] INFO  server.RaftServerConfigKeys (ConfUtils.java:logGet(43)) - raft.server.snapshot.auto.trigger.enabled = true (custom)
2019-09-25 11:33:38,065 [pool-62-thread-1] INFO  server.RaftServerConfigKeys (ConfUtils.java:logGet(43)) - raft.server.snapshot.auto.trigger.threshold = 10000 (custom)
2019-09-25 11:33:38,065 [pool-62-thread-1] INFO  server.RaftServerConfigKeys (ConfUtils.java:logGet(43)) - raft.server.snapshot.retention.num.files = 5 (custom)
2019-09-25 11:33:38,065 [pool-62-thread-1] INFO  server.RaftServerConfigKeys (ConfUtils.java:logGet(43)) - raft.server.retrycache.expirytime = 600000ms (custom)
2019-09-25 11:33:38,068 [pool-62-thread-1] INFO  impl.RaftServerImpl (RaftServerImpl.java:start(185)) - 6cfaa380-1edb-48fc-b1d5-4f0afaf83adf@group-DFE040358690: start as a follower, conf=-1: [6cfaa380-1edb-48fc-b1d5-4f0afaf83adf:192.168.30.6:45132], old=null
2019-09-25 11:33:38,068 [pool-62-thread-1] INFO  impl.RaftServerImpl (RaftServerImpl.java:setRole(174)) - 6cfaa380-1edb-48fc-b1d5-4f0afaf83adf@group-DFE040358690: changes role from      null to FOLLOWER at term 0 for startAsFollower
2019-09-25 11:33:38,068 [pool-62-thread-1] INFO  impl.RoleInfo (RoleInfo.java:updateAndGet(143)) - 6cfaa380-1edb-48fc-b1d5-4f0afaf83adf: start FollowerState
2019-09-25 11:33:38,068 [pool-62-thread-1] INFO  util.JmxRegister (JmxRegister.java:tryRegister(44)) - Successfully registered JMX Bean with object name Ratis:service=RaftServer,group=group-DFE040358690,id=6cfaa380-1edb-48fc-b1d5-4f0afaf83adf
2019-09-25 11:33:38,074 [RatisPipelineUtilsThread] INFO  pipeline.PipelineStateManager (PipelineStateManager.java:addPipeline(56)) - Created pipeline Pipeline[ Id: ea0e02d8-3fac-4c6d-acca-dfe040358690, Nodes: 6cfaa380-1edb-48fc-b1d5-4f0afaf83adf{ip: 192.168.30.6, host: pr-hdds-1569-5gmkr-4255264070, networkLocation: /rack1, certSerialId: null}, Type:RATIS, Factor:ONE, State:OPEN]
2019-09-25 11:33:38,074 [RatisPipelineUtilsThread] INFO  pipeline.PipelinePlacementPolicy (PipelinePlacementPolicy.java:meetCriteria(91)) - Pipeline Placement: can't place more pipeline on heavy datanode： 69ae614a-aad9-45ca-b50d-a25e2f7464fe Heaviness: 6 limit: 5
2019-09-25 11:33:38,096 [grpc-default-executor-1] INFO  impl.RaftServerProxy (RaftServerProxy.java:addNew(89)) - a7678dfb-b424-495f-9400-a1c16eb568c5: addNew group-918DFEB951AC:[a7678dfb-b424-495f-9400-a1c16eb568c5:192.168.30.6:45236] returns group-918DFEB951AC:java.util.concurrent.CompletableFuture@27734e08[Not completed]
2019-09-25 11:33:38,099 [pool-42-thread-1] INFO  impl.RaftServerImpl (RaftServerImpl.java:<init>(95)) - a7678dfb-b424-495f-9400-a1c16eb568c5: new RaftServerImpl for group-918DFEB951AC:[a7678dfb-b424-495f-9400-a1c16eb568c5:192.168.30.6:45236] with ContainerStateMachine:uninitialized
2019-09-25 11:33:38,100 [pool-42-thread-1] INFO  server.RaftServerConfigKeys (ConfUtils.java:logGet(43)) - raft.server.rpc.timeout.min = 5s (custom)
2019-09-25 11:33:38,100 [pool-42-thread-1] INFO  server.RaftServerConfigKeys (ConfUtils.java:logGet(43)) - raft.server.rpc.timeout.max = 5200ms (custom)
2019-09-25 11:33:38,100 [pool-42-thread-1] INFO  server.RaftServerConfigKeys (ConfUtils.java:logGet(43)) - raft.server.rpcslowness.timeout = 120s (custom)
2019-09-25 11:33:38,100 [pool-42-thread-1] INFO  server.RaftServerConfigKeys (ConfUtils.java:logGet(43)) - raft.server.sleep.deviation.threshold = 300 (default)
2019-09-25 11:33:38,100 [pool-42-thread-1] INFO  server.RaftServerConfigKeys (ConfUtils.java:logGet(43)) - raft.server.log.appender.install.snapshot.enabled = false (custom)
2019-09-25 11:33:38,101 [pool-42-thread-1] INFO  impl.RaftServerImpl (ServerState.java:<init>(103)) - a7678dfb-b424-495f-9400-a1c16eb568c5@group-918DFEB951AC: ConfigurationManager, init=-1: [a7678dfb-b424-495f-9400-a1c16eb568c5:192.168.30.6:45236], old=null, confs=<EMPTY_MAP>
2019-09-25 11:33:38,101 [pool-42-thread-1] INFO  server.RaftServerConfigKeys (ConfUtils.java:logGet(43)) - raft.server.storage.dir = [/workdir/hadoop-ozone/integration-test/target/test-dir/MiniOzoneClusterImpl-af71ae92-902d-4bbe-8221-3c085bdab3fc/datanode-1/data/ratis] (custom)
2019-09-25 11:33:38,101 [pool-42-thread-1] INFO  storage.RaftStorageDirectory (RaftStorageDirectory.java:analyzeStorage(246)) - The storage directory /workdir/hadoop-ozone/integration-test/target/test-dir/MiniOzoneClusterImpl-af71ae92-902d-4bbe-8221-3c085bdab3fc/datanode-1/data/ratis/1b349146-aeee-4e75-90f8-918dfeb951ac does not exist. Creating ...
2019-09-25 11:33:38,492 [pool-42-thread-1] INFO  storage.RaftStorageDirectory (RaftStorageDirectory.java:tryLock(328)) - Lock on /workdir/hadoop-ozone/integration-test/target/test-dir/MiniOzoneClusterImpl-af71ae92-902d-4bbe-8221-3c085bdab3fc/datanode-1/data/ratis/1b349146-aeee-4e75-90f8-918dfeb951ac/in_use.lock acquired by nodename 22736@pr-hdds-1569-5gmkr-4255264070
2019-09-25 11:33:38,512 [pool-42-thread-1] INFO  storage.RaftStorage (RaftStorage.java:format(72)) - Storage directory /workdir/hadoop-ozone/integration-test/target/test-dir/MiniOzoneClusterImpl-af71ae92-902d-4bbe-8221-3c085bdab3fc/datanode-1/data/ratis/1b349146-aeee-4e75-90f8-918dfeb951ac has been successfully formatted.
2019-09-25 11:33:38,513 [pool-42-thread-1] INFO  ratis.ContainerStateMachine (ContainerStateMachine.java:loadSnapshot(230)) - group-918DFEB951AC: The snapshot info is null. Setting the last applied indexto:(t:0, i:~)
2019-09-25 11:33:38,513 [pool-42-thread-1] INFO  server.RaftServerConfigKeys (ConfUtils.java:logGet(43)) - raft.server.notification.no-leader.timeout = 120s (custom)
2019-09-25 11:33:38,513 [pool-42-thread-1] INFO  server.RaftServerConfigKeys (ConfUtils.java:logGet(43)) - raft.server.log.use.memory = false (default)
2019-09-25 11:33:38,513 [pool-42-thread-1] INFO  server.RaftServerConfigKeys (ConfUtils.java:logGet(43)) - raft.server.log.purge.gap = 1000000 (custom)
2019-09-25 11:33:38,513 [pool-42-thread-1] INFO  server.RaftServerConfigKeys (ConfUtils.java:logGet(43)) - raft.server.log.appender.buffer.byte-limit = 33554432 (custom)
2019-09-25 11:33:38,514 [pool-42-thread-1] INFO  server.RaftServerConfigKeys (ConfUtils.java:logGet(43)) - raft.server.log.segment.size.max = 1048576 (custom)
2019-09-25 11:33:38,514 [pool-42-thread-1] INFO  server.RaftServerConfigKeys (ConfUtils.java:logGet(43)) - raft.server.log.segment.cache.num.max = 2 (custom)
2019-09-25 11:33:38,514 [pool-42-thread-1] INFO  segmented.SegmentedRaftLogWorker (SegmentedRaftLogWorker.java:<init>(172)) - new a7678dfb-b424-495f-9400-a1c16eb568c5@group-918DFEB951AC-SegmentedRaftLogWorker for RaftStorage:Storage Directory /workdir/hadoop-ozone/integration-test/target/test-dir/MiniOzoneClusterImpl-af71ae92-902d-4bbe-8221-3c085bdab3fc/datanode-1/data/ratis/1b349146-aeee-4e75-90f8-918dfeb951ac
2019-09-25 11:33:38,514 [pool-42-thread-1] INFO  server.RaftServerConfigKeys (ConfUtils.java:logGet(43)) - raft.server.log.queue.byte-limit = 2147483647 (custom)
2019-09-25 11:33:38,514 [pool-42-thread-1] INFO  server.RaftServerConfigKeys (ConfUtils.java:logGet(43)) - raft.server.log.queue.element-limit = 1024 (custom)
2019-09-25 11:33:38,514 [pool-42-thread-1] INFO  server.RaftServerConfigKeys (ConfUtils.java:logGet(43)) - raft.server.log.segment.size.max = 1048576 (custom)
2019-09-25 11:33:38,515 [pool-42-thread-1] INFO  server.RaftServerConfigKeys (ConfUtils.java:logGet(43)) - raft.server.log.preallocated.size = 16384 (custom)
2019-09-25 11:33:38,515 [pool-42-thread-1] INFO  server.RaftServerConfigKeys (ConfUtils.java:logGet(43)) - raft.server.log.write.buffer.size = 33554432 (custom)
2019-09-25 11:33:38,515 [pool-42-thread-1] INFO  server.RaftServerConfigKeys (ConfUtils.java:logGet(43)) - raft.server.log.force.sync.num = 128 (default)
2019-09-25 11:33:38,515 [pool-42-thread-1] INFO  server.RaftServerConfigKeys (ConfUtils.java:logGet(43)) - raft.server.log.statemachine.data.sync = true (default)
2019-09-25 11:33:38,515 [pool-42-thread-1] INFO  server.RaftServerConfigKeys (ConfUtils.java:logGet(43)) - raft.server.log.statemachine.data.sync.timeout = 10s (default)
2019-09-25 11:33:38,515 [pool-42-thread-1] INFO  server.RaftServerConfigKeys (ConfUtils.java:logGet(43)) - raft.server.log.statemachine.data.sync.timeout.retry = -1 (default)
2019-09-25 11:33:38,516 [pool-42-thread-1] INFO  server.RaftServerConfigKeys (ConfUtils.java:logGet(43)) - raft.server.log.statemachine.data.caching.enabled = true (custom)
2019-09-25 11:33:38,516 [pool-42-thread-1] INFO  segmented.SegmentedRaftLogWorker (SegmentedRaftLogWorker.java:lambda$new$0(132)) - a7678dfb-b424-495f-9400-a1c16eb568c5@group-918DFEB951AC-SegmentedRaftLogWorker: flushIndex: setUnconditionally 0 -> -1
2019-09-25 11:33:38,517 [pool-42-thread-1] INFO  server.RaftServerConfigKeys (ConfUtils.java:logGet(43)) - raft.server.snapshot.auto.trigger.enabled = true (custom)
2019-09-25 11:33:38,517 [pool-42-thread-1] INFO  server.RaftServerConfigKeys (ConfUtils.java:logGet(43)) - raft.server.snapshot.auto.trigger.threshold = 10000 (custom)
2019-09-25 11:33:38,517 [pool-42-thread-1] INFO  server.RaftServerConfigKeys (ConfUtils.java:logGet(43)) - raft.server.snapshot.retention.num.files = 5 (custom)
2019-09-25 11:33:38,517 [pool-42-thread-1] INFO  server.RaftServerConfigKeys (ConfUtils.java:logGet(43)) - raft.server.retrycache.expirytime = 600000ms (custom)
2019-09-25 11:33:38,548 [pool-42-thread-1] INFO  impl.RaftServerImpl (RaftServerImpl.java:start(185)) - a7678dfb-b424-495f-9400-a1c16eb568c5@group-918DFEB951AC: start as a follower, conf=-1: [a7678dfb-b424-495f-9400-a1c16eb568c5:192.168.30.6:45236], old=null
2019-09-25 11:33:38,549 [pool-42-thread-1] INFO  impl.RaftServerImpl (RaftServerImpl.java:setRole(174)) - a7678dfb-b424-495f-9400-a1c16eb568c5@group-918DFEB951AC: changes role from      null to FOLLOWER at term 0 for startAsFollower
2019-09-25 11:33:38,549 [pool-42-thread-1] INFO  impl.RoleInfo (RoleInfo.java:updateAndGet(143)) - a7678dfb-b424-495f-9400-a1c16eb568c5: start FollowerState
2019-09-25 11:33:38,553 [pool-42-thread-1] INFO  util.JmxRegister (JmxRegister.java:tryRegister(44)) - Successfully registered JMX Bean with object name Ratis:service=RaftServer,group=group-918DFEB951AC,id=a7678dfb-b424-495f-9400-a1c16eb568c5
2019-09-25 11:33:38,564 [RatisPipelineUtilsThread] INFO  pipeline.PipelineStateManager (PipelineStateManager.java:addPipeline(56)) - Created pipeline Pipeline[ Id: 1b349146-aeee-4e75-90f8-918dfeb951ac, Nodes: a7678dfb-b424-495f-9400-a1c16eb568c5{ip: 192.168.30.6, host: pr-hdds-1569-5gmkr-4255264070, networkLocation: /rack1, certSerialId: null}, Type:RATIS, Factor:ONE, State:OPEN]
2019-09-25 11:33:38,564 [RatisPipelineUtilsThread] INFO  pipeline.PipelinePlacementPolicy (PipelinePlacementPolicy.java:meetCriteria(91)) - Pipeline Placement: can't place more pipeline on heavy datanode： a7678dfb-b424-495f-9400-a1c16eb568c5 Heaviness: 6 limit: 5
2019-09-25 11:33:38,565 [RatisPipelineUtilsThread] INFO  pipeline.PipelinePlacementPolicy (PipelinePlacementPolicy.java:meetCriteria(91)) - Pipeline Placement: can't place more pipeline on heavy datanode： 69ae614a-aad9-45ca-b50d-a25e2f7464fe Heaviness: 6 limit: 5
2019-09-25 11:33:38,584 [Thread-256] INFO  rpc.RpcClient (RpcClient.java:createVolume(276)) - Creating Volume: 15b37396-691d-464c-baa7-c3a29fe0d90e, with jenkins1000 as owner.
2019-09-25 11:33:38,589 [grpc-default-executor-1] INFO  impl.RaftServerProxy (RaftServerProxy.java:addNew(89)) - ad358f2f-1ee5-4123-8117-f622bc1dbae2: addNew group-EE0D3B1F1CEF:[ad358f2f-1ee5-4123-8117-f622bc1dbae2:192.168.30.6:36654] returns group-EE0D3B1F1CEF:java.util.concurrent.CompletableFuture@22380ad8[Not completed]
2019-09-25 11:33:38,591 [pool-52-thread-1] INFO  impl.RaftServerImpl (RaftServerImpl.java:<init>(95)) - ad358f2f-1ee5-4123-8117-f622bc1dbae2: new RaftServerImpl for group-EE0D3B1F1CEF:[ad358f2f-1ee5-4123-8117-f622bc1dbae2:192.168.30.6:36654] with ContainerStateMachine:uninitialized
2019-09-25 11:33:38,591 [pool-52-thread-1] INFO  server.RaftServerConfigKeys (ConfUtils.java:logGet(43)) - raft.server.rpc.timeout.min = 5s (custom)
2019-09-25 11:33:38,591 [pool-52-thread-1] INFO  server.RaftServerConfigKeys (ConfUtils.java:logGet(43)) - raft.server.rpc.timeout.max = 5200ms (custom)
2019-09-25 11:33:38,592 [pool-52-thread-1] INFO  server.RaftServerConfigKeys (ConfUtils.java:logGet(43)) - raft.server.rpcslowness.timeout = 120s (custom)
2019-09-25 11:33:38,592 [pool-52-thread-1] INFO  server.RaftServerConfigKeys (ConfUtils.java:logGet(43)) - raft.server.sleep.deviation.threshold = 300 (default)
2019-09-25 11:33:38,592 [pool-52-thread-1] INFO  server.RaftServerConfigKeys (ConfUtils.java:logGet(43)) - raft.server.log.appender.install.snapshot.enabled = false (custom)
2019-09-25 11:33:38,592 [pool-52-thread-1] INFO  impl.RaftServerImpl (ServerState.java:<init>(103)) - ad358f2f-1ee5-4123-8117-f622bc1dbae2@group-EE0D3B1F1CEF: ConfigurationManager, init=-1: [ad358f2f-1ee5-4123-8117-f622bc1dbae2:192.168.30.6:36654], old=null, confs=<EMPTY_MAP>
2019-09-25 11:33:38,592 [pool-52-thread-1] INFO  server.RaftServerConfigKeys (ConfUtils.java:logGet(43)) - raft.server.storage.dir = [/workdir/hadoop-ozone/integration-test/target/test-dir/MiniOzoneClusterImpl-af71ae92-902d-4bbe-8221-3c085bdab3fc/datanode-2/data/ratis] (custom)
2019-09-25 11:33:38,593 [pool-52-thread-1] INFO  storage.RaftStorageDirectory (RaftStorageDirectory.java:analyzeStorage(246)) - The storage directory /workdir/hadoop-ozone/integration-test/target/test-dir/MiniOzoneClusterImpl-af71ae92-902d-4bbe-8221-3c085bdab3fc/datanode-2/data/ratis/0129b1d4-63f3-4869-89ac-ee0d3b1f1cef does not exist. Creating ...
2019-09-25 11:33:38,610 [pool-52-thread-1] INFO  storage.RaftStorageDirectory (RaftStorageDirectory.java:tryLock(328)) - Lock on /workdir/hadoop-ozone/integration-test/target/test-dir/MiniOzoneClusterImpl-af71ae92-902d-4bbe-8221-3c085bdab3fc/datanode-2/data/ratis/0129b1d4-63f3-4869-89ac-ee0d3b1f1cef/in_use.lock acquired by nodename 22736@pr-hdds-1569-5gmkr-4255264070
2019-09-25 11:33:38,623 [pool-52-thread-1] INFO  storage.RaftStorage (RaftStorage.java:format(72)) - Storage directory /workdir/hadoop-ozone/integration-test/target/test-dir/MiniOzoneClusterImpl-af71ae92-902d-4bbe-8221-3c085bdab3fc/datanode-2/data/ratis/0129b1d4-63f3-4869-89ac-ee0d3b1f1cef has been successfully formatted.
2019-09-25 11:33:38,623 [pool-52-thread-1] INFO  ratis.ContainerStateMachine (ContainerStateMachine.java:loadSnapshot(230)) - group-EE0D3B1F1CEF: The snapshot info is null. Setting the last applied indexto:(t:0, i:~)
2019-09-25 11:33:38,623 [pool-52-thread-1] INFO  server.RaftServerConfigKeys (ConfUtils.java:logGet(43)) - raft.server.notification.no-leader.timeout = 120s (custom)
2019-09-25 11:33:38,624 [pool-52-thread-1] INFO  server.RaftServerConfigKeys (ConfUtils.java:logGet(43)) - raft.server.log.use.memory = false (default)
2019-09-25 11:33:38,624 [pool-52-thread-1] INFO  server.RaftServerConfigKeys (ConfUtils.java:logGet(43)) - raft.server.log.purge.gap = 1000000 (custom)
2019-09-25 11:33:38,624 [pool-52-thread-1] INFO  server.RaftServerConfigKeys (ConfUtils.java:logGet(43)) - raft.server.log.appender.buffer.byte-limit = 33554432 (custom)
2019-09-25 11:33:38,624 [pool-52-thread-1] INFO  server.RaftServerConfigKeys (ConfUtils.java:logGet(43)) - raft.server.log.segment.size.max = 1048576 (custom)
2019-09-25 11:33:38,624 [pool-52-thread-1] INFO  server.RaftServerConfigKeys (ConfUtils.java:logGet(43)) - raft.server.log.segment.cache.num.max = 2 (custom)
2019-09-25 11:33:38,624 [pool-52-thread-1] INFO  segmented.SegmentedRaftLogWorker (SegmentedRaftLogWorker.java:<init>(172)) - new ad358f2f-1ee5-4123-8117-f622bc1dbae2@group-EE0D3B1F1CEF-SegmentedRaftLogWorker for RaftStorage:Storage Directory /workdir/hadoop-ozone/integration-test/target/test-dir/MiniOzoneClusterImpl-af71ae92-902d-4bbe-8221-3c085bdab3fc/datanode-2/data/ratis/0129b1d4-63f3-4869-89ac-ee0d3b1f1cef
2019-09-25 11:33:38,625 [pool-52-thread-1] INFO  server.RaftServerConfigKeys (ConfUtils.java:logGet(43)) - raft.server.log.queue.byte-limit = 2147483647 (custom)
2019-09-25 11:33:38,625 [pool-52-thread-1] INFO  server.RaftServerConfigKeys (ConfUtils.java:logGet(43)) - raft.server.log.queue.element-limit = 1024 (custom)
2019-09-25 11:33:38,625 [pool-52-thread-1] INFO  server.RaftServerConfigKeys (ConfUtils.java:logGet(43)) - raft.server.log.segment.size.max = 1048576 (custom)
2019-09-25 11:33:38,625 [pool-52-thread-1] INFO  server.RaftServerConfigKeys (ConfUtils.java:logGet(43)) - raft.server.log.preallocated.size = 16384 (custom)
2019-09-25 11:33:38,625 [pool-52-thread-1] INFO  server.RaftServerConfigKeys (ConfUtils.java:logGet(43)) - raft.server.log.write.buffer.size = 33554432 (custom)
2019-09-25 11:33:38,626 [pool-52-thread-1] INFO  server.RaftServerConfigKeys (ConfUtils.java:logGet(43)) - raft.server.log.force.sync.num = 128 (default)
2019-09-25 11:33:38,626 [pool-52-thread-1] INFO  server.RaftServerConfigKeys (ConfUtils.java:logGet(43)) - raft.server.log.statemachine.data.sync = true (default)
2019-09-25 11:33:38,626 [pool-52-thread-1] INFO  server.RaftServerConfigKeys (ConfUtils.java:logGet(43)) - raft.server.log.statemachine.data.sync.timeout = 10s (default)
2019-09-25 11:33:38,626 [pool-52-thread-1] INFO  server.RaftServerConfigKeys (ConfUtils.java:logGet(43)) - raft.server.log.statemachine.data.sync.timeout.retry = -1 (default)
2019-09-25 11:33:38,626 [pool-52-thread-1] INFO  server.RaftServerConfigKeys (ConfUtils.java:logGet(43)) - raft.server.log.statemachine.data.caching.enabled = true (custom)
2019-09-25 11:33:38,627 [pool-52-thread-1] INFO  segmented.SegmentedRaftLogWorker (SegmentedRaftLogWorker.java:lambda$new$0(132)) - ad358f2f-1ee5-4123-8117-f622bc1dbae2@group-EE0D3B1F1CEF-SegmentedRaftLogWorker: flushIndex: setUnconditionally 0 -> -1
2019-09-25 11:33:38,627 [pool-52-thread-1] INFO  server.RaftServerConfigKeys (ConfUtils.java:logGet(43)) - raft.server.snapshot.auto.trigger.enabled = true (custom)
2019-09-25 11:33:38,627 [pool-52-thread-1] INFO  server.RaftServerConfigKeys (ConfUtils.java:logGet(43)) - raft.server.snapshot.auto.trigger.threshold = 10000 (custom)
2019-09-25 11:33:38,627 [pool-52-thread-1] INFO  server.RaftServerConfigKeys (ConfUtils.java:logGet(43)) - raft.server.snapshot.retention.num.files = 5 (custom)
2019-09-25 11:33:38,628 [pool-52-thread-1] INFO  server.RaftServerConfigKeys (ConfUtils.java:logGet(43)) - raft.server.retrycache.expirytime = 600000ms (custom)
2019-09-25 11:33:38,630 [pool-52-thread-1] INFO  impl.RaftServerImpl (RaftServerImpl.java:start(185)) - ad358f2f-1ee5-4123-8117-f622bc1dbae2@group-EE0D3B1F1CEF: start as a follower, conf=-1: [ad358f2f-1ee5-4123-8117-f622bc1dbae2:192.168.30.6:36654], old=null
2019-09-25 11:33:38,631 [pool-52-thread-1] INFO  impl.RaftServerImpl (RaftServerImpl.java:setRole(174)) - ad358f2f-1ee5-4123-8117-f622bc1dbae2@group-EE0D3B1F1CEF: changes role from      null to FOLLOWER at term 0 for startAsFollower
2019-09-25 11:33:38,631 [pool-52-thread-1] INFO  impl.RoleInfo (RoleInfo.java:updateAndGet(143)) - ad358f2f-1ee5-4123-8117-f622bc1dbae2: start FollowerState
2019-09-25 11:33:38,631 [pool-52-thread-1] INFO  util.JmxRegister (JmxRegister.java:tryRegister(44)) - Successfully registered JMX Bean with object name Ratis:service=RaftServer,group=group-EE0D3B1F1CEF,id=ad358f2f-1ee5-4123-8117-f622bc1dbae2
2019-09-25 11:33:38,643 [RatisPipelineUtilsThread] INFO  pipeline.PipelineStateManager (PipelineStateManager.java:addPipeline(56)) - Created pipeline Pipeline[ Id: 0129b1d4-63f3-4869-89ac-ee0d3b1f1cef, Nodes: ad358f2f-1ee5-4123-8117-f622bc1dbae2{ip: 192.168.30.6, host: pr-hdds-1569-5gmkr-4255264070, networkLocation: /rack1, certSerialId: null}, Type:RATIS, Factor:ONE, State:OPEN]
2019-09-25 11:33:38,643 [RatisPipelineUtilsThread] INFO  pipeline.PipelinePlacementPolicy (PipelinePlacementPolicy.java:meetCriteria(91)) - Pipeline Placement: can't place more pipeline on heavy datanode： a7678dfb-b424-495f-9400-a1c16eb568c5 Heaviness: 6 limit: 5
2019-09-25 11:33:38,644 [RatisPipelineUtilsThread] INFO  pipeline.PipelinePlacementPolicy (PipelinePlacementPolicy.java:meetCriteria(91)) - Pipeline Placement: can't place more pipeline on heavy datanode： 69ae614a-aad9-45ca-b50d-a25e2f7464fe Heaviness: 6 limit: 5
2019-09-25 11:33:38,655 [grpc-default-executor-1] INFO  impl.RaftServerProxy (RaftServerProxy.java:addNew(89)) - 6cfaa380-1edb-48fc-b1d5-4f0afaf83adf: addNew group-1CC808665459:[6cfaa380-1edb-48fc-b1d5-4f0afaf83adf:192.168.30.6:45132] returns group-1CC808665459:java.util.concurrent.CompletableFuture@6002c696[Not completed]
2019-09-25 11:33:38,657 [pool-62-thread-1] INFO  impl.RaftServerImpl (RaftServerImpl.java:<init>(95)) - 6cfaa380-1edb-48fc-b1d5-4f0afaf83adf: new RaftServerImpl for group-1CC808665459:[6cfaa380-1edb-48fc-b1d5-4f0afaf83adf:192.168.30.6:45132] with ContainerStateMachine:uninitialized
2019-09-25 11:33:38,657 [pool-62-thread-1] INFO  server.RaftServerConfigKeys (ConfUtils.java:logGet(43)) - raft.server.rpc.timeout.min = 5s (custom)
2019-09-25 11:33:38,657 [pool-62-thread-1] INFO  server.RaftServerConfigKeys (ConfUtils.java:logGet(43)) - raft.server.rpc.timeout.max = 5200ms (custom)
2019-09-25 11:33:38,657 [pool-62-thread-1] INFO  server.RaftServerConfigKeys (ConfUtils.java:logGet(43)) - raft.server.rpcslowness.timeout = 120s (custom)
2019-09-25 11:33:38,657 [pool-62-thread-1] INFO  server.RaftServerConfigKeys (ConfUtils.java:logGet(43)) - raft.server.sleep.deviation.threshold = 300 (default)
2019-09-25 11:33:38,658 [pool-62-thread-1] INFO  server.RaftServerConfigKeys (ConfUtils.java:logGet(43)) - raft.server.log.appender.install.snapshot.enabled = false (custom)
2019-09-25 11:33:38,658 [pool-62-thread-1] INFO  impl.RaftServerImpl (ServerState.java:<init>(103)) - 6cfaa380-1edb-48fc-b1d5-4f0afaf83adf@group-1CC808665459: ConfigurationManager, init=-1: [6cfaa380-1edb-48fc-b1d5-4f0afaf83adf:192.168.30.6:45132], old=null, confs=<EMPTY_MAP>
2019-09-25 11:33:38,658 [pool-62-thread-1] INFO  server.RaftServerConfigKeys (ConfUtils.java:logGet(43)) - raft.server.storage.dir = [/workdir/hadoop-ozone/integration-test/target/test-dir/MiniOzoneClusterImpl-af71ae92-902d-4bbe-8221-3c085bdab3fc/datanode-3/data/ratis] (custom)
2019-09-25 11:33:38,659 [pool-62-thread-1] INFO  storage.RaftStorageDirectory (RaftStorageDirectory.java:analyzeStorage(246)) - The storage directory /workdir/hadoop-ozone/integration-test/target/test-dir/MiniOzoneClusterImpl-af71ae92-902d-4bbe-8221-3c085bdab3fc/datanode-3/data/ratis/a6e813ba-1305-4947-9de0-1cc808665459 does not exist. Creating ...
2019-09-25 11:33:38,672 [pool-62-thread-1] INFO  storage.RaftStorageDirectory (RaftStorageDirectory.java:tryLock(328)) - Lock on /workdir/hadoop-ozone/integration-test/target/test-dir/MiniOzoneClusterImpl-af71ae92-902d-4bbe-8221-3c085bdab3fc/datanode-3/data/ratis/a6e813ba-1305-4947-9de0-1cc808665459/in_use.lock acquired by nodename 22736@pr-hdds-1569-5gmkr-4255264070
2019-09-25 11:33:38,685 [pool-62-thread-1] INFO  storage.RaftStorage (RaftStorage.java:format(72)) - Storage directory /workdir/hadoop-ozone/integration-test/target/test-dir/MiniOzoneClusterImpl-af71ae92-902d-4bbe-8221-3c085bdab3fc/datanode-3/data/ratis/a6e813ba-1305-4947-9de0-1cc808665459 has been successfully formatted.
2019-09-25 11:33:38,685 [pool-62-thread-1] INFO  ratis.ContainerStateMachine (ContainerStateMachine.java:loadSnapshot(230)) - group-1CC808665459: The snapshot info is null. Setting the last applied indexto:(t:0, i:~)
2019-09-25 11:33:38,685 [pool-62-thread-1] INFO  server.RaftServerConfigKeys (ConfUtils.java:logGet(43)) - raft.server.notification.no-leader.timeout = 120s (custom)
2019-09-25 11:33:38,685 [pool-62-thread-1] INFO  server.RaftServerConfigKeys (ConfUtils.java:logGet(43)) - raft.server.log.use.memory = false (default)
2019-09-25 11:33:38,685 [pool-62-thread-1] INFO  server.RaftServerConfigKeys (ConfUtils.java:logGet(43)) - raft.server.log.purge.gap = 1000000 (custom)
2019-09-25 11:33:38,686 [pool-62-thread-1] INFO  server.RaftServerConfigKeys (ConfUtils.java:logGet(43)) - raft.server.log.appender.buffer.byte-limit = 33554432 (custom)
2019-09-25 11:33:38,686 [pool-62-thread-1] INFO  server.RaftServerConfigKeys (ConfUtils.java:logGet(43)) - raft.server.log.segment.size.max = 1048576 (custom)
2019-09-25 11:33:38,686 [pool-62-thread-1] INFO  server.RaftServerConfigKeys (ConfUtils.java:logGet(43)) - raft.server.log.segment.cache.num.max = 2 (custom)
2019-09-25 11:33:38,686 [pool-62-thread-1] INFO  segmented.SegmentedRaftLogWorker (SegmentedRaftLogWorker.java:<init>(172)) - new 6cfaa380-1edb-48fc-b1d5-4f0afaf83adf@group-1CC808665459-SegmentedRaftLogWorker for RaftStorage:Storage Directory /workdir/hadoop-ozone/integration-test/target/test-dir/MiniOzoneClusterImpl-af71ae92-902d-4bbe-8221-3c085bdab3fc/datanode-3/data/ratis/a6e813ba-1305-4947-9de0-1cc808665459
2019-09-25 11:33:38,686 [pool-62-thread-1] INFO  server.RaftServerConfigKeys (ConfUtils.java:logGet(43)) - raft.server.log.queue.byte-limit = 2147483647 (custom)
2019-09-25 11:33:38,687 [pool-62-thread-1] INFO  server.RaftServerConfigKeys (ConfUtils.java:logGet(43)) - raft.server.log.queue.element-limit = 1024 (custom)
2019-09-25 11:33:38,687 [pool-62-thread-1] INFO  server.RaftServerConfigKeys (ConfUtils.java:logGet(43)) - raft.server.log.segment.size.max = 1048576 (custom)
2019-09-25 11:33:38,687 [pool-62-thread-1] INFO  server.RaftServerConfigKeys (ConfUtils.java:logGet(43)) - raft.server.log.preallocated.size = 16384 (custom)
2019-09-25 11:33:38,687 [pool-62-thread-1] INFO  server.RaftServerConfigKeys (ConfUtils.java:logGet(43)) - raft.server.log.write.buffer.size = 33554432 (custom)
2019-09-25 11:33:38,687 [pool-62-thread-1] INFO  server.RaftServerConfigKeys (ConfUtils.java:logGet(43)) - raft.server.log.force.sync.num = 128 (default)
2019-09-25 11:33:38,687 [pool-62-thread-1] INFO  server.RaftServerConfigKeys (ConfUtils.java:logGet(43)) - raft.server.log.statemachine.data.sync = true (default)
2019-09-25 11:33:38,688 [pool-62-thread-1] INFO  server.RaftServerConfigKeys (ConfUtils.java:logGet(43)) - raft.server.log.statemachine.data.sync.timeout = 10s (default)
2019-09-25 11:33:38,688 [pool-62-thread-1] INFO  server.RaftServerConfigKeys (ConfUtils.java:logGet(43)) - raft.server.log.statemachine.data.sync.timeout.retry = -1 (default)
2019-09-25 11:33:38,688 [pool-62-thread-1] INFO  server.RaftServerConfigKeys (ConfUtils.java:logGet(43)) - raft.server.log.statemachine.data.caching.enabled = true (custom)
2019-09-25 11:33:38,688 [pool-62-thread-1] INFO  segmented.SegmentedRaftLogWorker (SegmentedRaftLogWorker.java:lambda$new$0(132)) - 6cfaa380-1edb-48fc-b1d5-4f0afaf83adf@group-1CC808665459-SegmentedRaftLogWorker: flushIndex: setUnconditionally 0 -> -1
2019-09-25 11:33:38,689 [pool-62-thread-1] INFO  server.RaftServerConfigKeys (ConfUtils.java:logGet(43)) - raft.server.snapshot.auto.trigger.enabled = true (custom)
2019-09-25 11:33:38,689 [pool-62-thread-1] INFO  server.RaftServerConfigKeys (ConfUtils.java:logGet(43)) - raft.server.snapshot.auto.trigger.threshold = 10000 (custom)
2019-09-25 11:33:38,689 [pool-62-thread-1] INFO  server.RaftServerConfigKeys (ConfUtils.java:logGet(43)) - raft.server.snapshot.retention.num.files = 5 (custom)
2019-09-25 11:33:38,689 [pool-62-thread-1] INFO  server.RaftServerConfigKeys (ConfUtils.java:logGet(43)) - raft.server.retrycache.expirytime = 600000ms (custom)
2019-09-25 11:33:38,692 [pool-62-thread-1] INFO  impl.RaftServerImpl (RaftServerImpl.java:start(185)) - 6cfaa380-1edb-48fc-b1d5-4f0afaf83adf@group-1CC808665459: start as a follower, conf=-1: [6cfaa380-1edb-48fc-b1d5-4f0afaf83adf:192.168.30.6:45132], old=null
2019-09-25 11:33:38,692 [pool-62-thread-1] INFO  impl.RaftServerImpl (RaftServerImpl.java:setRole(174)) - 6cfaa380-1edb-48fc-b1d5-4f0afaf83adf@group-1CC808665459: changes role from      null to FOLLOWER at term 0 for startAsFollower
2019-09-25 11:33:38,693 [pool-62-thread-1] INFO  impl.RoleInfo (RoleInfo.java:updateAndGet(143)) - 6cfaa380-1edb-48fc-b1d5-4f0afaf83adf: start FollowerState
2019-09-25 11:33:38,693 [pool-62-thread-1] INFO  util.JmxRegister (JmxRegister.java:tryRegister(44)) - Successfully registered JMX Bean with object name Ratis:service=RaftServer,group=group-1CC808665459,id=6cfaa380-1edb-48fc-b1d5-4f0afaf83adf
2019-09-25 11:33:38,699 [RatisPipelineUtilsThread] INFO  pipeline.PipelineStateManager (PipelineStateManager.java:addPipeline(56)) - Created pipeline Pipeline[ Id: a6e813ba-1305-4947-9de0-1cc808665459, Nodes: 6cfaa380-1edb-48fc-b1d5-4f0afaf83adf{ip: 192.168.30.6, host: pr-hdds-1569-5gmkr-4255264070, networkLocation: /rack1, certSerialId: null}, Type:RATIS, Factor:ONE, State:OPEN]
2019-09-25 11:33:38,699 [RatisPipelineUtilsThread] INFO  pipeline.PipelinePlacementPolicy (PipelinePlacementPolicy.java:meetCriteria(91)) - Pipeline Placement: can't place more pipeline on heavy datanode： a7678dfb-b424-495f-9400-a1c16eb568c5 Heaviness: 6 limit: 5
2019-09-25 11:33:38,699 [RatisPipelineUtilsThread] INFO  pipeline.PipelinePlacementPolicy (PipelinePlacementPolicy.java:meetCriteria(91)) - Pipeline Placement: can't place more pipeline on heavy datanode： 69ae614a-aad9-45ca-b50d-a25e2f7464fe Heaviness: 6 limit: 5
2019-09-25 11:33:38,710 [grpc-default-executor-1] INFO  impl.RaftServerProxy (RaftServerProxy.java:addNew(89)) - ad358f2f-1ee5-4123-8117-f622bc1dbae2: addNew group-601B677D1B9D:[ad358f2f-1ee5-4123-8117-f622bc1dbae2:192.168.30.6:36654] returns group-601B677D1B9D:java.util.concurrent.CompletableFuture@379aca0a[Not completed]
2019-09-25 11:33:38,712 [pool-52-thread-1] INFO  impl.RaftServerImpl (RaftServerImpl.java:<init>(95)) - ad358f2f-1ee5-4123-8117-f622bc1dbae2: new RaftServerImpl for group-601B677D1B9D:[ad358f2f-1ee5-4123-8117-f622bc1dbae2:192.168.30.6:36654] with ContainerStateMachine:uninitialized
2019-09-25 11:33:38,712 [pool-52-thread-1] INFO  server.RaftServerConfigKeys (ConfUtils.java:logGet(43)) - raft.server.rpc.timeout.min = 5s (custom)
2019-09-25 11:33:38,712 [pool-52-thread-1] INFO  server.RaftServerConfigKeys (ConfUtils.java:logGet(43)) - raft.server.rpc.timeout.max = 5200ms (custom)
2019-09-25 11:33:38,712 [pool-52-thread-1] INFO  server.RaftServerConfigKeys (ConfUtils.java:logGet(43)) - raft.server.rpcslowness.timeout = 120s (custom)
2019-09-25 11:33:38,713 [pool-52-thread-1] INFO  server.RaftServerConfigKeys (ConfUtils.java:logGet(43)) - raft.server.sleep.deviation.threshold = 300 (default)
2019-09-25 11:33:38,713 [pool-52-thread-1] INFO  server.RaftServerConfigKeys (ConfUtils.java:logGet(43)) - raft.server.log.appender.install.snapshot.enabled = false (custom)
2019-09-25 11:33:38,713 [pool-52-thread-1] INFO  impl.RaftServerImpl (ServerState.java:<init>(103)) - ad358f2f-1ee5-4123-8117-f622bc1dbae2@group-601B677D1B9D: ConfigurationManager, init=-1: [ad358f2f-1ee5-4123-8117-f622bc1dbae2:192.168.30.6:36654], old=null, confs=<EMPTY_MAP>
2019-09-25 11:33:38,713 [pool-52-thread-1] INFO  server.RaftServerConfigKeys (ConfUtils.java:logGet(43)) - raft.server.storage.dir = [/workdir/hadoop-ozone/integration-test/target/test-dir/MiniOzoneClusterImpl-af71ae92-902d-4bbe-8221-3c085bdab3fc/datanode-2/data/ratis] (custom)
2019-09-25 11:33:38,714 [pool-52-thread-1] INFO  storage.RaftStorageDirectory (RaftStorageDirectory.java:analyzeStorage(246)) - The storage directory /workdir/hadoop-ozone/integration-test/target/test-dir/MiniOzoneClusterImpl-af71ae92-902d-4bbe-8221-3c085bdab3fc/datanode-2/data/ratis/d0bcee75-2338-4b6e-8b8a-601b677d1b9d does not exist. Creating ...
2019-09-25 11:33:38,727 [pool-52-thread-1] INFO  storage.RaftStorageDirectory (RaftStorageDirectory.java:tryLock(328)) - Lock on /workdir/hadoop-ozone/integration-test/target/test-dir/MiniOzoneClusterImpl-af71ae92-902d-4bbe-8221-3c085bdab3fc/datanode-2/data/ratis/d0bcee75-2338-4b6e-8b8a-601b677d1b9d/in_use.lock acquired by nodename 22736@pr-hdds-1569-5gmkr-4255264070
2019-09-25 11:33:38,740 [pool-52-thread-1] INFO  storage.RaftStorage (RaftStorage.java:format(72)) - Storage directory /workdir/hadoop-ozone/integration-test/target/test-dir/MiniOzoneClusterImpl-af71ae92-902d-4bbe-8221-3c085bdab3fc/datanode-2/data/ratis/d0bcee75-2338-4b6e-8b8a-601b677d1b9d has been successfully formatted.
2019-09-25 11:33:38,741 [pool-52-thread-1] INFO  ratis.ContainerStateMachine (ContainerStateMachine.java:loadSnapshot(230)) - group-601B677D1B9D: The snapshot info is null. Setting the last applied indexto:(t:0, i:~)
2019-09-25 11:33:38,741 [pool-52-thread-1] INFO  server.RaftServerConfigKeys (ConfUtils.java:logGet(43)) - raft.server.notification.no-leader.timeout = 120s (custom)
2019-09-25 11:33:38,741 [pool-52-thread-1] INFO  server.RaftServerConfigKeys (ConfUtils.java:logGet(43)) - raft.server.log.use.memory = false (default)
2019-09-25 11:33:38,741 [pool-52-thread-1] INFO  server.RaftServerConfigKeys (ConfUtils.java:logGet(43)) - raft.server.log.purge.gap = 1000000 (custom)
2019-09-25 11:33:38,742 [pool-52-thread-1] INFO  server.RaftServerConfigKeys (ConfUtils.java:logGet(43)) - raft.server.log.appender.buffer.byte-limit = 33554432 (custom)
2019-09-25 11:33:38,742 [pool-52-thread-1] INFO  server.RaftServerConfigKeys (ConfUtils.java:logGet(43)) - raft.server.log.segment.size.max = 1048576 (custom)
2019-09-25 11:33:38,742 [pool-52-thread-1] INFO  server.RaftServerConfigKeys (ConfUtils.java:logGet(43)) - raft.server.log.segment.cache.num.max = 2 (custom)
2019-09-25 11:33:38,742 [pool-52-thread-1] INFO  segmented.SegmentedRaftLogWorker (SegmentedRaftLogWorker.java:<init>(172)) - new ad358f2f-1ee5-4123-8117-f622bc1dbae2@group-601B677D1B9D-SegmentedRaftLogWorker for RaftStorage:Storage Directory /workdir/hadoop-ozone/integration-test/target/test-dir/MiniOzoneClusterImpl-af71ae92-902d-4bbe-8221-3c085bdab3fc/datanode-2/data/ratis/d0bcee75-2338-4b6e-8b8a-601b677d1b9d
2019-09-25 11:33:38,742 [pool-52-thread-1] INFO  server.RaftServerConfigKeys (ConfUtils.java:logGet(43)) - raft.server.log.queue.byte-limit = 2147483647 (custom)
2019-09-25 11:33:38,742 [pool-52-thread-1] INFO  server.RaftServerConfigKeys (ConfUtils.java:logGet(43)) - raft.server.log.queue.element-limit = 1024 (custom)
2019-09-25 11:33:38,743 [pool-52-thread-1] INFO  server.RaftServerConfigKeys (ConfUtils.java:logGet(43)) - raft.server.log.segment.size.max = 1048576 (custom)
2019-09-25 11:33:38,743 [pool-52-thread-1] INFO  server.RaftServerConfigKeys (ConfUtils.java:logGet(43)) - raft.server.log.preallocated.size = 16384 (custom)
2019-09-25 11:33:38,743 [pool-52-thread-1] INFO  server.RaftServerConfigKeys (ConfUtils.java:logGet(43)) - raft.server.log.write.buffer.size = 33554432 (custom)
2019-09-25 11:33:38,743 [pool-52-thread-1] INFO  server.RaftServerConfigKeys (ConfUtils.java:logGet(43)) - raft.server.log.force.sync.num = 128 (default)
2019-09-25 11:33:38,743 [pool-52-thread-1] INFO  server.RaftServerConfigKeys (ConfUtils.java:logGet(43)) - raft.server.log.statemachine.data.sync = true (default)
2019-09-25 11:33:38,744 [pool-52-thread-1] INFO  server.RaftServerConfigKeys (ConfUtils.java:logGet(43)) - raft.server.log.statemachine.data.sync.timeout = 10s (default)
2019-09-25 11:33:38,744 [pool-52-thread-1] INFO  server.RaftServerConfigKeys (ConfUtils.java:logGet(43)) - raft.server.log.statemachine.data.sync.timeout.retry = -1 (default)
2019-09-25 11:33:38,744 [pool-52-thread-1] INFO  server.RaftServerConfigKeys (ConfUtils.java:logGet(43)) - raft.server.log.statemachine.data.caching.enabled = true (custom)
2019-09-25 11:33:38,744 [pool-52-thread-1] INFO  segmented.SegmentedRaftLogWorker (SegmentedRaftLogWorker.java:lambda$new$0(132)) - ad358f2f-1ee5-4123-8117-f622bc1dbae2@group-601B677D1B9D-SegmentedRaftLogWorker: flushIndex: setUnconditionally 0 -> -1
2019-09-25 11:33:38,745 [pool-52-thread-1] INFO  server.RaftServerConfigKeys (ConfUtils.java:logGet(43)) - raft.server.snapshot.auto.trigger.enabled = true (custom)
2019-09-25 11:33:38,745 [pool-52-thread-1] INFO  server.RaftServerConfigKeys (ConfUtils.java:logGet(43)) - raft.server.snapshot.auto.trigger.threshold = 10000 (custom)
2019-09-25 11:33:38,745 [pool-52-thread-1] INFO  server.RaftServerConfigKeys (ConfUtils.java:logGet(43)) - raft.server.snapshot.retention.num.files = 5 (custom)
2019-09-25 11:33:38,745 [pool-52-thread-1] INFO  server.RaftServerConfigKeys (ConfUtils.java:logGet(43)) - raft.server.retrycache.expirytime = 600000ms (custom)
2019-09-25 11:33:38,750 [pool-52-thread-1] INFO  impl.RaftServerImpl (RaftServerImpl.java:start(185)) - ad358f2f-1ee5-4123-8117-f622bc1dbae2@group-601B677D1B9D: start as a follower, conf=-1: [ad358f2f-1ee5-4123-8117-f622bc1dbae2:192.168.30.6:36654], old=null
2019-09-25 11:33:38,750 [pool-52-thread-1] INFO  impl.RaftServerImpl (RaftServerImpl.java:setRole(174)) - ad358f2f-1ee5-4123-8117-f622bc1dbae2@group-601B677D1B9D: changes role from      null to FOLLOWER at term 0 for startAsFollower
2019-09-25 11:33:38,750 [pool-52-thread-1] INFO  impl.RoleInfo (RoleInfo.java:updateAndGet(143)) - ad358f2f-1ee5-4123-8117-f622bc1dbae2: start FollowerState
2019-09-25 11:33:38,751 [pool-52-thread-1] INFO  util.JmxRegister (JmxRegister.java:tryRegister(44)) - Successfully registered JMX Bean with object name Ratis:service=RaftServer,group=group-601B677D1B9D,id=ad358f2f-1ee5-4123-8117-f622bc1dbae2
2019-09-25 11:33:38,756 [RatisPipelineUtilsThread] INFO  pipeline.PipelineStateManager (PipelineStateManager.java:addPipeline(56)) - Created pipeline Pipeline[ Id: d0bcee75-2338-4b6e-8b8a-601b677d1b9d, Nodes: ad358f2f-1ee5-4123-8117-f622bc1dbae2{ip: 192.168.30.6, host: pr-hdds-1569-5gmkr-4255264070, networkLocation: /rack1, certSerialId: null}, Type:RATIS, Factor:ONE, State:OPEN]
2019-09-25 11:33:38,756 [OM StateMachine ApplyTransaction Thread - 0] INFO  volume.OMVolumeCreateRequest (OMVolumeCreateRequest.java:validateAndUpdateCache(189)) - created volume:15b37396-691d-464c-baa7-c3a29fe0d90e for user:jenkins1000
2019-09-25 11:33:38,756 [RatisPipelineUtilsThread] INFO  pipeline.PipelinePlacementPolicy (PipelinePlacementPolicy.java:meetCriteria(91)) - Pipeline Placement: can't place more pipeline on heavy datanode： a7678dfb-b424-495f-9400-a1c16eb568c5 Heaviness: 6 limit: 5
2019-09-25 11:33:38,756 [RatisPipelineUtilsThread] INFO  pipeline.PipelinePlacementPolicy (PipelinePlacementPolicy.java:meetCriteria(91)) - Pipeline Placement: can't place more pipeline on heavy datanode： ad358f2f-1ee5-4123-8117-f622bc1dbae2 Heaviness: 6 limit: 5
2019-09-25 11:33:38,756 [RatisPipelineUtilsThread] INFO  pipeline.PipelinePlacementPolicy (PipelinePlacementPolicy.java:meetCriteria(91)) - Pipeline Placement: can't place more pipeline on heavy datanode： 69ae614a-aad9-45ca-b50d-a25e2f7464fe Heaviness: 6 limit: 5
2019-09-25 11:33:38,773 [grpc-default-executor-1] INFO  impl.RaftServerProxy (RaftServerProxy.java:addNew(89)) - 6cfaa380-1edb-48fc-b1d5-4f0afaf83adf: addNew group-6894F65CEF12:[6cfaa380-1edb-48fc-b1d5-4f0afaf83adf:192.168.30.6:45132] returns group-6894F65CEF12:java.util.concurrent.CompletableFuture@7adc5845[Not completed]
2019-09-25 11:33:38,774 [pool-62-thread-1] INFO  impl.RaftServerImpl (RaftServerImpl.java:<init>(95)) - 6cfaa380-1edb-48fc-b1d5-4f0afaf83adf: new RaftServerImpl for group-6894F65CEF12:[6cfaa380-1edb-48fc-b1d5-4f0afaf83adf:192.168.30.6:45132] with ContainerStateMachine:uninitialized
2019-09-25 11:33:38,776 [pool-62-thread-1] INFO  server.RaftServerConfigKeys (ConfUtils.java:logGet(43)) - raft.server.rpc.timeout.min = 5s (custom)
2019-09-25 11:33:38,777 [pool-62-thread-1] INFO  server.RaftServerConfigKeys (ConfUtils.java:logGet(43)) - raft.server.rpc.timeout.max = 5200ms (custom)
2019-09-25 11:33:38,777 [pool-62-thread-1] INFO  server.RaftServerConfigKeys (ConfUtils.java:logGet(43)) - raft.server.rpcslowness.timeout = 120s (custom)
2019-09-25 11:33:38,777 [pool-62-thread-1] INFO  server.RaftServerConfigKeys (ConfUtils.java:logGet(43)) - raft.server.sleep.deviation.threshold = 300 (default)
2019-09-25 11:33:38,777 [pool-62-thread-1] INFO  server.RaftServerConfigKeys (ConfUtils.java:logGet(43)) - raft.server.log.appender.install.snapshot.enabled = false (custom)
2019-09-25 11:33:38,777 [pool-62-thread-1] INFO  impl.RaftServerImpl (ServerState.java:<init>(103)) - 6cfaa380-1edb-48fc-b1d5-4f0afaf83adf@group-6894F65CEF12: ConfigurationManager, init=-1: [6cfaa380-1edb-48fc-b1d5-4f0afaf83adf:192.168.30.6:45132], old=null, confs=<EMPTY_MAP>
2019-09-25 11:33:38,778 [pool-62-thread-1] INFO  server.RaftServerConfigKeys (ConfUtils.java:logGet(43)) - raft.server.storage.dir = [/workdir/hadoop-ozone/integration-test/target/test-dir/MiniOzoneClusterImpl-af71ae92-902d-4bbe-8221-3c085bdab3fc/datanode-3/data/ratis] (custom)
2019-09-25 11:33:38,778 [pool-62-thread-1] INFO  storage.RaftStorageDirectory (RaftStorageDirectory.java:analyzeStorage(246)) - The storage directory /workdir/hadoop-ozone/integration-test/target/test-dir/MiniOzoneClusterImpl-af71ae92-902d-4bbe-8221-3c085bdab3fc/datanode-3/data/ratis/218af646-1c65-4f7a-a8ae-6894f65cef12 does not exist. Creating ...
2019-09-25 11:33:38,780 [Thread-256] INFO  rpc.RpcClient (RpcClient.java:createBucket(415)) - Creating Bucket: 15b37396-691d-464c-baa7-c3a29fe0d90e/681f3642-9382-4de5-8429-39c2676eb00f, with Versioning false and Storage Type set to DISK and Encryption set to false 
2019-09-25 11:33:38,792 [pool-62-thread-1] INFO  storage.RaftStorageDirectory (RaftStorageDirectory.java:tryLock(328)) - Lock on /workdir/hadoop-ozone/integration-test/target/test-dir/MiniOzoneClusterImpl-af71ae92-902d-4bbe-8221-3c085bdab3fc/datanode-3/data/ratis/218af646-1c65-4f7a-a8ae-6894f65cef12/in_use.lock acquired by nodename 22736@pr-hdds-1569-5gmkr-4255264070
2019-09-25 11:33:38,807 [pool-62-thread-1] INFO  storage.RaftStorage (RaftStorage.java:format(72)) - Storage directory /workdir/hadoop-ozone/integration-test/target/test-dir/MiniOzoneClusterImpl-af71ae92-902d-4bbe-8221-3c085bdab3fc/datanode-3/data/ratis/218af646-1c65-4f7a-a8ae-6894f65cef12 has been successfully formatted.
2019-09-25 11:33:38,807 [pool-62-thread-1] INFO  ratis.ContainerStateMachine (ContainerStateMachine.java:loadSnapshot(230)) - group-6894F65CEF12: The snapshot info is null. Setting the last applied indexto:(t:0, i:~)
2019-09-25 11:33:38,808 [pool-62-thread-1] INFO  server.RaftServerConfigKeys (ConfUtils.java:logGet(43)) - raft.server.notification.no-leader.timeout = 120s (custom)
2019-09-25 11:33:38,808 [pool-62-thread-1] INFO  server.RaftServerConfigKeys (ConfUtils.java:logGet(43)) - raft.server.log.use.memory = false (default)
2019-09-25 11:33:38,808 [pool-62-thread-1] INFO  server.RaftServerConfigKeys (ConfUtils.java:logGet(43)) - raft.server.log.purge.gap = 1000000 (custom)
2019-09-25 11:33:38,808 [pool-62-thread-1] INFO  server.RaftServerConfigKeys (ConfUtils.java:logGet(43)) - raft.server.log.appender.buffer.byte-limit = 33554432 (custom)
2019-09-25 11:33:38,808 [pool-62-thread-1] INFO  server.RaftServerConfigKeys (ConfUtils.java:logGet(43)) - raft.server.log.segment.size.max = 1048576 (custom)
2019-09-25 11:33:38,809 [pool-62-thread-1] INFO  server.RaftServerConfigKeys (ConfUtils.java:logGet(43)) - raft.server.log.segment.cache.num.max = 2 (custom)
2019-09-25 11:33:38,809 [pool-62-thread-1] INFO  segmented.SegmentedRaftLogWorker (SegmentedRaftLogWorker.java:<init>(172)) - new 6cfaa380-1edb-48fc-b1d5-4f0afaf83adf@group-6894F65CEF12-SegmentedRaftLogWorker for RaftStorage:Storage Directory /workdir/hadoop-ozone/integration-test/target/test-dir/MiniOzoneClusterImpl-af71ae92-902d-4bbe-8221-3c085bdab3fc/datanode-3/data/ratis/218af646-1c65-4f7a-a8ae-6894f65cef12
2019-09-25 11:33:38,809 [pool-62-thread-1] INFO  server.RaftServerConfigKeys (ConfUtils.java:logGet(43)) - raft.server.log.queue.byte-limit = 2147483647 (custom)
2019-09-25 11:33:38,809 [pool-62-thread-1] INFO  server.RaftServerConfigKeys (ConfUtils.java:logGet(43)) - raft.server.log.queue.element-limit = 1024 (custom)
2019-09-25 11:33:38,809 [pool-62-thread-1] INFO  server.RaftServerConfigKeys (ConfUtils.java:logGet(43)) - raft.server.log.segment.size.max = 1048576 (custom)
2019-09-25 11:33:38,810 [pool-62-thread-1] INFO  server.RaftServerConfigKeys (ConfUtils.java:logGet(43)) - raft.server.log.preallocated.size = 16384 (custom)
2019-09-25 11:33:38,810 [pool-62-thread-1] INFO  server.RaftServerConfigKeys (ConfUtils.java:logGet(43)) - raft.server.log.write.buffer.size = 33554432 (custom)
2019-09-25 11:33:38,810 [pool-62-thread-1] INFO  server.RaftServerConfigKeys (ConfUtils.java:logGet(43)) - raft.server.log.force.sync.num = 128 (default)
2019-09-25 11:33:38,810 [pool-62-thread-1] INFO  server.RaftServerConfigKeys (ConfUtils.java:logGet(43)) - raft.server.log.statemachine.data.sync = true (default)
2019-09-25 11:33:38,810 [pool-62-thread-1] INFO  server.RaftServerConfigKeys (ConfUtils.java:logGet(43)) - raft.server.log.statemachine.data.sync.timeout = 10s (default)
2019-09-25 11:33:38,811 [pool-62-thread-1] INFO  server.RaftServerConfigKeys (ConfUtils.java:logGet(43)) - raft.server.log.statemachine.data.sync.timeout.retry = -1 (default)
2019-09-25 11:33:38,811 [pool-62-thread-1] INFO  server.RaftServerConfigKeys (ConfUtils.java:logGet(43)) - raft.server.log.statemachine.data.caching.enabled = true (custom)
2019-09-25 11:33:38,811 [pool-62-thread-1] INFO  segmented.SegmentedRaftLogWorker (SegmentedRaftLogWorker.java:lambda$new$0(132)) - 6cfaa380-1edb-48fc-b1d5-4f0afaf83adf@group-6894F65CEF12-SegmentedRaftLogWorker: flushIndex: setUnconditionally 0 -> -1
2019-09-25 11:33:38,812 [pool-62-thread-1] INFO  server.RaftServerConfigKeys (ConfUtils.java:logGet(43)) - raft.server.snapshot.auto.trigger.enabled = true (custom)
2019-09-25 11:33:38,812 [pool-62-thread-1] INFO  server.RaftServerConfigKeys (ConfUtils.java:logGet(43)) - raft.server.snapshot.auto.trigger.threshold = 10000 (custom)
2019-09-25 11:33:38,812 [pool-62-thread-1] INFO  server.RaftServerConfigKeys (ConfUtils.java:logGet(43)) - raft.server.snapshot.retention.num.files = 5 (custom)
2019-09-25 11:33:38,812 [pool-62-thread-1] INFO  server.RaftServerConfigKeys (ConfUtils.java:logGet(43)) - raft.server.retrycache.expirytime = 600000ms (custom)
2019-09-25 11:33:38,817 [pool-62-thread-1] INFO  impl.RaftServerImpl (RaftServerImpl.java:start(185)) - 6cfaa380-1edb-48fc-b1d5-4f0afaf83adf@group-6894F65CEF12: start as a follower, conf=-1: [6cfaa380-1edb-48fc-b1d5-4f0afaf83adf:192.168.30.6:45132], old=null
2019-09-25 11:33:38,817 [pool-62-thread-1] INFO  impl.RaftServerImpl (RaftServerImpl.java:setRole(174)) - 6cfaa380-1edb-48fc-b1d5-4f0afaf83adf@group-6894F65CEF12: changes role from      null to FOLLOWER at term 0 for startAsFollower
2019-09-25 11:33:38,817 [pool-62-thread-1] INFO  impl.RoleInfo (RoleInfo.java:updateAndGet(143)) - 6cfaa380-1edb-48fc-b1d5-4f0afaf83adf: start FollowerState
2019-09-25 11:33:38,818 [pool-62-thread-1] INFO  util.JmxRegister (JmxRegister.java:tryRegister(44)) - Successfully registered JMX Bean with object name Ratis:service=RaftServer,group=group-6894F65CEF12,id=6cfaa380-1edb-48fc-b1d5-4f0afaf83adf
2019-09-25 11:33:38,822 [RatisPipelineUtilsThread] INFO  pipeline.PipelineStateManager (PipelineStateManager.java:addPipeline(56)) - Created pipeline Pipeline[ Id: 218af646-1c65-4f7a-a8ae-6894f65cef12, Nodes: 6cfaa380-1edb-48fc-b1d5-4f0afaf83adf{ip: 192.168.30.6, host: pr-hdds-1569-5gmkr-4255264070, networkLocation: /rack1, certSerialId: null}, Type:RATIS, Factor:ONE, State:OPEN]
2019-09-25 11:33:38,822 [RatisPipelineUtilsThread] INFO  pipeline.PipelinePlacementPolicy (PipelinePlacementPolicy.java:meetCriteria(91)) - Pipeline Placement: can't place more pipeline on heavy datanode： a7678dfb-b424-495f-9400-a1c16eb568c5 Heaviness: 6 limit: 5
2019-09-25 11:33:38,823 [RatisPipelineUtilsThread] INFO  pipeline.PipelinePlacementPolicy (PipelinePlacementPolicy.java:meetCriteria(91)) - Pipeline Placement: can't place more pipeline on heavy datanode： ad358f2f-1ee5-4123-8117-f622bc1dbae2 Heaviness: 6 limit: 5
2019-09-25 11:33:38,823 [RatisPipelineUtilsThread] INFO  pipeline.PipelinePlacementPolicy (PipelinePlacementPolicy.java:meetCriteria(91)) - Pipeline Placement: can't place more pipeline on heavy datanode： 69ae614a-aad9-45ca-b50d-a25e2f7464fe Heaviness: 6 limit: 5
2019-09-25 11:33:38,832 [grpc-default-executor-1] INFO  impl.RaftServerProxy (RaftServerProxy.java:addNew(89)) - 6cfaa380-1edb-48fc-b1d5-4f0afaf83adf: addNew group-13A0290379B6:[6cfaa380-1edb-48fc-b1d5-4f0afaf83adf:192.168.30.6:45132] returns group-13A0290379B6:java.util.concurrent.CompletableFuture@7d221311[Not completed]
2019-09-25 11:33:38,841 [pool-62-thread-1] INFO  impl.RaftServerImpl (RaftServerImpl.java:<init>(95)) - 6cfaa380-1edb-48fc-b1d5-4f0afaf83adf: new RaftServerImpl for group-13A0290379B6:[6cfaa380-1edb-48fc-b1d5-4f0afaf83adf:192.168.30.6:45132] with ContainerStateMachine:uninitialized
2019-09-25 11:33:38,841 [pool-62-thread-1] INFO  server.RaftServerConfigKeys (ConfUtils.java:logGet(43)) - raft.server.rpc.timeout.min = 5s (custom)
2019-09-25 11:33:38,842 [pool-62-thread-1] INFO  server.RaftServerConfigKeys (ConfUtils.java:logGet(43)) - raft.server.rpc.timeout.max = 5200ms (custom)
2019-09-25 11:33:38,842 [pool-62-thread-1] INFO  server.RaftServerConfigKeys (ConfUtils.java:logGet(43)) - raft.server.rpcslowness.timeout = 120s (custom)
2019-09-25 11:33:38,842 [pool-62-thread-1] INFO  server.RaftServerConfigKeys (ConfUtils.java:logGet(43)) - raft.server.sleep.deviation.threshold = 300 (default)
2019-09-25 11:33:38,842 [pool-62-thread-1] INFO  server.RaftServerConfigKeys (ConfUtils.java:logGet(43)) - raft.server.log.appender.install.snapshot.enabled = false (custom)
2019-09-25 11:33:38,842 [pool-62-thread-1] INFO  impl.RaftServerImpl (ServerState.java:<init>(103)) - 6cfaa380-1edb-48fc-b1d5-4f0afaf83adf@group-13A0290379B6: ConfigurationManager, init=-1: [6cfaa380-1edb-48fc-b1d5-4f0afaf83adf:192.168.30.6:45132], old=null, confs=<EMPTY_MAP>
2019-09-25 11:33:38,842 [pool-62-thread-1] INFO  server.RaftServerConfigKeys (ConfUtils.java:logGet(43)) - raft.server.storage.dir = [/workdir/hadoop-ozone/integration-test/target/test-dir/MiniOzoneClusterImpl-af71ae92-902d-4bbe-8221-3c085bdab3fc/datanode-3/data/ratis] (custom)
2019-09-25 11:33:38,843 [pool-62-thread-1] INFO  storage.RaftStorageDirectory (RaftStorageDirectory.java:analyzeStorage(246)) - The storage directory /workdir/hadoop-ozone/integration-test/target/test-dir/MiniOzoneClusterImpl-af71ae92-902d-4bbe-8221-3c085bdab3fc/datanode-3/data/ratis/213f7d62-2fc5-4e03-b212-13a0290379b6 does not exist. Creating ...
2019-09-25 11:33:38,856 [pool-62-thread-1] INFO  storage.RaftStorageDirectory (RaftStorageDirectory.java:tryLock(328)) - Lock on /workdir/hadoop-ozone/integration-test/target/test-dir/MiniOzoneClusterImpl-af71ae92-902d-4bbe-8221-3c085bdab3fc/datanode-3/data/ratis/213f7d62-2fc5-4e03-b212-13a0290379b6/in_use.lock acquired by nodename 22736@pr-hdds-1569-5gmkr-4255264070
2019-09-25 11:33:38,870 [pool-62-thread-1] INFO  storage.RaftStorage (RaftStorage.java:format(72)) - Storage directory /workdir/hadoop-ozone/integration-test/target/test-dir/MiniOzoneClusterImpl-af71ae92-902d-4bbe-8221-3c085bdab3fc/datanode-3/data/ratis/213f7d62-2fc5-4e03-b212-13a0290379b6 has been successfully formatted.
2019-09-25 11:33:38,870 [pool-62-thread-1] INFO  ratis.ContainerStateMachine (ContainerStateMachine.java:loadSnapshot(230)) - group-13A0290379B6: The snapshot info is null. Setting the last applied indexto:(t:0, i:~)
2019-09-25 11:33:38,870 [pool-62-thread-1] INFO  server.RaftServerConfigKeys (ConfUtils.java:logGet(43)) - raft.server.notification.no-leader.timeout = 120s (custom)
2019-09-25 11:33:38,871 [pool-62-thread-1] INFO  server.RaftServerConfigKeys (ConfUtils.java:logGet(43)) - raft.server.log.use.memory = false (default)
2019-09-25 11:33:38,871 [pool-62-thread-1] INFO  server.RaftServerConfigKeys (ConfUtils.java:logGet(43)) - raft.server.log.purge.gap = 1000000 (custom)
2019-09-25 11:33:38,871 [pool-62-thread-1] INFO  server.RaftServerConfigKeys (ConfUtils.java:logGet(43)) - raft.server.log.appender.buffer.byte-limit = 33554432 (custom)
2019-09-25 11:33:38,871 [pool-62-thread-1] INFO  server.RaftServerConfigKeys (ConfUtils.java:logGet(43)) - raft.server.log.segment.size.max = 1048576 (custom)
2019-09-25 11:33:38,871 [pool-62-thread-1] INFO  server.RaftServerConfigKeys (ConfUtils.java:logGet(43)) - raft.server.log.segment.cache.num.max = 2 (custom)
2019-09-25 11:33:38,871 [pool-62-thread-1] INFO  segmented.SegmentedRaftLogWorker (SegmentedRaftLogWorker.java:<init>(172)) - new 6cfaa380-1edb-48fc-b1d5-4f0afaf83adf@group-13A0290379B6-SegmentedRaftLogWorker for RaftStorage:Storage Directory /workdir/hadoop-ozone/integration-test/target/test-dir/MiniOzoneClusterImpl-af71ae92-902d-4bbe-8221-3c085bdab3fc/datanode-3/data/ratis/213f7d62-2fc5-4e03-b212-13a0290379b6
2019-09-25 11:33:38,872 [pool-62-thread-1] INFO  server.RaftServerConfigKeys (ConfUtils.java:logGet(43)) - raft.server.log.queue.byte-limit = 2147483647 (custom)
2019-09-25 11:33:38,872 [pool-62-thread-1] INFO  server.RaftServerConfigKeys (ConfUtils.java:logGet(43)) - raft.server.log.queue.element-limit = 1024 (custom)
2019-09-25 11:33:38,872 [pool-62-thread-1] INFO  server.RaftServerConfigKeys (ConfUtils.java:logGet(43)) - raft.server.log.segment.size.max = 1048576 (custom)
2019-09-25 11:33:38,872 [pool-62-thread-1] INFO  server.RaftServerConfigKeys (ConfUtils.java:logGet(43)) - raft.server.log.preallocated.size = 16384 (custom)
2019-09-25 11:33:38,872 [pool-62-thread-1] INFO  server.RaftServerConfigKeys (ConfUtils.java:logGet(43)) - raft.server.log.write.buffer.size = 33554432 (custom)
2019-09-25 11:33:38,872 [pool-62-thread-1] INFO  server.RaftServerConfigKeys (ConfUtils.java:logGet(43)) - raft.server.log.force.sync.num = 128 (default)
2019-09-25 11:33:38,873 [pool-62-thread-1] INFO  server.RaftServerConfigKeys (ConfUtils.java:logGet(43)) - raft.server.log.statemachine.data.sync = true (default)
2019-09-25 11:33:38,873 [pool-62-thread-1] INFO  server.RaftServerConfigKeys (ConfUtils.java:logGet(43)) - raft.server.log.statemachine.data.sync.timeout = 10s (default)
2019-09-25 11:33:38,873 [pool-62-thread-1] INFO  server.RaftServerConfigKeys (ConfUtils.java:logGet(43)) - raft.server.log.statemachine.data.sync.timeout.retry = -1 (default)
2019-09-25 11:33:38,873 [pool-62-thread-1] INFO  server.RaftServerConfigKeys (ConfUtils.java:logGet(43)) - raft.server.log.statemachine.data.caching.enabled = true (custom)
2019-09-25 11:33:38,874 [pool-62-thread-1] INFO  segmented.SegmentedRaftLogWorker (SegmentedRaftLogWorker.java:lambda$new$0(132)) - 6cfaa380-1edb-48fc-b1d5-4f0afaf83adf@group-13A0290379B6-SegmentedRaftLogWorker: flushIndex: setUnconditionally 0 -> -1
2019-09-25 11:33:38,874 [pool-62-thread-1] INFO  server.RaftServerConfigKeys (ConfUtils.java:logGet(43)) - raft.server.snapshot.auto.trigger.enabled = true (custom)
2019-09-25 11:33:38,874 [pool-62-thread-1] INFO  server.RaftServerConfigKeys (ConfUtils.java:logGet(43)) - raft.server.snapshot.auto.trigger.threshold = 10000 (custom)
2019-09-25 11:33:38,874 [pool-62-thread-1] INFO  server.RaftServerConfigKeys (ConfUtils.java:logGet(43)) - raft.server.snapshot.retention.num.files = 5 (custom)
2019-09-25 11:33:38,875 [pool-62-thread-1] INFO  server.RaftServerConfigKeys (ConfUtils.java:logGet(43)) - raft.server.retrycache.expirytime = 600000ms (custom)
2019-09-25 11:33:38,877 [pool-62-thread-1] INFO  impl.RaftServerImpl (RaftServerImpl.java:start(185)) - 6cfaa380-1edb-48fc-b1d5-4f0afaf83adf@group-13A0290379B6: start as a follower, conf=-1: [6cfaa380-1edb-48fc-b1d5-4f0afaf83adf:192.168.30.6:45132], old=null
2019-09-25 11:33:38,878 [pool-62-thread-1] INFO  impl.RaftServerImpl (RaftServerImpl.java:setRole(174)) - 6cfaa380-1edb-48fc-b1d5-4f0afaf83adf@group-13A0290379B6: changes role from      null to FOLLOWER at term 0 for startAsFollower
2019-09-25 11:33:38,878 [pool-62-thread-1] INFO  impl.RoleInfo (RoleInfo.java:updateAndGet(143)) - 6cfaa380-1edb-48fc-b1d5-4f0afaf83adf: start FollowerState
2019-09-25 11:33:38,878 [pool-62-thread-1] INFO  util.JmxRegister (JmxRegister.java:tryRegister(44)) - Successfully registered JMX Bean with object name Ratis:service=RaftServer,group=group-13A0290379B6,id=6cfaa380-1edb-48fc-b1d5-4f0afaf83adf
2019-09-25 11:33:38,883 [RatisPipelineUtilsThread] INFO  pipeline.PipelineStateManager (PipelineStateManager.java:addPipeline(56)) - Created pipeline Pipeline[ Id: 213f7d62-2fc5-4e03-b212-13a0290379b6, Nodes: 6cfaa380-1edb-48fc-b1d5-4f0afaf83adf{ip: 192.168.30.6, host: pr-hdds-1569-5gmkr-4255264070, networkLocation: /rack1, certSerialId: null}, Type:RATIS, Factor:ONE, State:OPEN]
2019-09-25 11:33:38,883 [RatisPipelineUtilsThread] INFO  pipeline.PipelinePlacementPolicy (PipelinePlacementPolicy.java:meetCriteria(91)) - Pipeline Placement: can't place more pipeline on heavy datanode： 6cfaa380-1edb-48fc-b1d5-4f0afaf83adf Heaviness: 6 limit: 5
2019-09-25 11:33:38,884 [RatisPipelineUtilsThread] INFO  pipeline.PipelinePlacementPolicy (PipelinePlacementPolicy.java:meetCriteria(91)) - Pipeline Placement: can't place more pipeline on heavy datanode： a7678dfb-b424-495f-9400-a1c16eb568c5 Heaviness: 6 limit: 5
2019-09-25 11:33:38,884 [RatisPipelineUtilsThread] INFO  pipeline.PipelinePlacementPolicy (PipelinePlacementPolicy.java:meetCriteria(91)) - Pipeline Placement: can't place more pipeline on heavy datanode： ad358f2f-1ee5-4123-8117-f622bc1dbae2 Heaviness: 6 limit: 5
2019-09-25 11:33:38,884 [RatisPipelineUtilsThread] INFO  pipeline.PipelinePlacementPolicy (PipelinePlacementPolicy.java:meetCriteria(91)) - Pipeline Placement: can't place more pipeline on heavy datanode： 69ae614a-aad9-45ca-b50d-a25e2f7464fe Heaviness: 6 limit: 5
2019-09-25 11:33:38,884 [RatisPipelineUtilsThread] ERROR pipeline.PipelinePlacementPolicy (PipelinePlacementPolicy.java:filterViableNodes(148)) - Unable to find enough nodes that meet the criteria that cannot engage in more than 5 pipelines. Nodes required: 1 Found: 0, healthy nodes count inNodeManager: 4.
2019-09-25 11:33:38,886 [RatisPipelineUtilsThread] ERROR pipeline.SCMPipelineManager (SCMPipelineManager.java:createPipeline(167)) - Pipeline creation failed.
org.apache.hadoop.hdds.scm.exceptions.SCMException: Unable to find enough nodes that meet the criteria that cannot engage in more than 5 pipelines. Nodes required: 1 Found: 0, healthy nodes count inNodeManager: 4.
	at org.apache.hadoop.hdds.scm.pipeline.PipelinePlacementPolicy.filterViableNodes(PipelinePlacementPolicy.java:149)
	at org.apache.hadoop.hdds.scm.pipeline.PipelinePlacementPolicy.chooseDatanodes(PipelinePlacementPolicy.java:172)
	at org.apache.hadoop.hdds.scm.pipeline.RatisPipelineProvider.create(RatisPipelineProvider.java:93)
	at org.apache.hadoop.hdds.scm.pipeline.PipelineFactory.create(PipelineFactory.java:58)
	at org.apache.hadoop.hdds.scm.pipeline.SCMPipelineManager.createPipeline(SCMPipelineManager.java:155)
	at org.apache.hadoop.hdds.scm.pipeline.BackgroundPipelineCreator.createPipelines(BackgroundPipelineCreator.java:99)
	at java.util.concurrent.Executors$RunnableAdapter.call(Executors.java:511)
	at java.util.concurrent.FutureTask.run(FutureTask.java:266)
	at java.util.concurrent.ScheduledThreadPoolExecutor$ScheduledFutureTask.access$201(ScheduledThreadPoolExecutor.java:180)
	at java.util.concurrent.ScheduledThreadPoolExecutor$ScheduledFutureTask.run(ScheduledThreadPoolExecutor.java:293)
	at java.util.concurrent.ThreadPoolExecutor.runWorker(ThreadPoolExecutor.java:1149)
	at java.util.concurrent.ThreadPoolExecutor$Worker.run(ThreadPoolExecutor.java:624)
	at java.lang.Thread.run(Thread.java:748)
2019-09-25 11:33:38,886 [RatisPipelineUtilsThread] INFO  pipeline.PipelinePlacementPolicy (PipelinePlacementPolicy.java:meetCriteria(91)) - Pipeline Placement: can't place more pipeline on heavy datanode： 6cfaa380-1edb-48fc-b1d5-4f0afaf83adf Heaviness: 6 limit: 5
2019-09-25 11:33:38,886 [RatisPipelineUtilsThread] INFO  pipeline.PipelinePlacementPolicy (PipelinePlacementPolicy.java:meetCriteria(91)) - Pipeline Placement: can't place more pipeline on heavy datanode： a7678dfb-b424-495f-9400-a1c16eb568c5 Heaviness: 6 limit: 5
2019-09-25 11:33:38,887 [RatisPipelineUtilsThread] INFO  pipeline.PipelinePlacementPolicy (PipelinePlacementPolicy.java:meetCriteria(91)) - Pipeline Placement: can't place more pipeline on heavy datanode： ad358f2f-1ee5-4123-8117-f622bc1dbae2 Heaviness: 6 limit: 5
2019-09-25 11:33:38,887 [RatisPipelineUtilsThread] INFO  pipeline.PipelinePlacementPolicy (PipelinePlacementPolicy.java:meetCriteria(91)) - Pipeline Placement: can't place more pipeline on heavy datanode： 69ae614a-aad9-45ca-b50d-a25e2f7464fe Heaviness: 6 limit: 5
2019-09-25 11:33:38,887 [RatisPipelineUtilsThread] ERROR pipeline.PipelinePlacementPolicy (PipelinePlacementPolicy.java:filterViableNodes(148)) - Unable to find enough nodes that meet the criteria that cannot engage in more than 5 pipelines. Nodes required: 3 Found: 0, healthy nodes count inNodeManager: 4.
2019-09-25 11:33:38,887 [RatisPipelineUtilsThread] ERROR pipeline.SCMPipelineManager (SCMPipelineManager.java:createPipeline(167)) - Pipeline creation failed.
org.apache.hadoop.hdds.scm.exceptions.SCMException: Unable to find enough nodes that meet the criteria that cannot engage in more than 5 pipelines. Nodes required: 3 Found: 0, healthy nodes count inNodeManager: 4.
	at org.apache.hadoop.hdds.scm.pipeline.PipelinePlacementPolicy.filterViableNodes(PipelinePlacementPolicy.java:149)
	at org.apache.hadoop.hdds.scm.pipeline.PipelinePlacementPolicy.chooseDatanodes(PipelinePlacementPolicy.java:172)
	at org.apache.hadoop.hdds.scm.pipeline.RatisPipelineProvider.create(RatisPipelineProvider.java:93)
	at org.apache.hadoop.hdds.scm.pipeline.PipelineFactory.create(PipelineFactory.java:58)
	at org.apache.hadoop.hdds.scm.pipeline.SCMPipelineManager.createPipeline(SCMPipelineManager.java:155)
	at org.apache.hadoop.hdds.scm.pipeline.BackgroundPipelineCreator.createPipelines(BackgroundPipelineCreator.java:99)
	at java.util.concurrent.Executors$RunnableAdapter.call(Executors.java:511)
	at java.util.concurrent.FutureTask.run(FutureTask.java:266)
	at java.util.concurrent.ScheduledThreadPoolExecutor$ScheduledFutureTask.access$201(ScheduledThreadPoolExecutor.java:180)
	at java.util.concurrent.ScheduledThreadPoolExecutor$ScheduledFutureTask.run(ScheduledThreadPoolExecutor.java:293)
	at java.util.concurrent.ThreadPoolExecutor.runWorker(ThreadPoolExecutor.java:1149)
	at java.util.concurrent.ThreadPoolExecutor$Worker.run(ThreadPoolExecutor.java:624)
	at java.lang.Thread.run(Thread.java:748)
2019-09-25 11:33:38,889 [RatisPipelineUtilsThread] INFO  pipeline.PipelinePlacementPolicy (PipelinePlacementPolicy.java:meetCriteria(91)) - Pipeline Placement: can't place more pipeline on heavy datanode： 6cfaa380-1edb-48fc-b1d5-4f0afaf83adf Heaviness: 6 limit: 5
2019-09-25 11:33:38,889 [RatisPipelineUtilsThread] INFO  pipeline.PipelinePlacementPolicy (PipelinePlacementPolicy.java:meetCriteria(91)) - Pipeline Placement: can't place more pipeline on heavy datanode： a7678dfb-b424-495f-9400-a1c16eb568c5 Heaviness: 6 limit: 5
2019-09-25 11:33:38,889 [RatisPipelineUtilsThread] INFO  pipeline.PipelinePlacementPolicy (PipelinePlacementPolicy.java:meetCriteria(91)) - Pipeline Placement: can't place more pipeline on heavy datanode： ad358f2f-1ee5-4123-8117-f622bc1dbae2 Heaviness: 6 limit: 5
2019-09-25 11:33:38,889 [RatisPipelineUtilsThread] INFO  pipeline.PipelinePlacementPolicy (PipelinePlacementPolicy.java:meetCriteria(91)) - Pipeline Placement: can't place more pipeline on heavy datanode： 69ae614a-aad9-45ca-b50d-a25e2f7464fe Heaviness: 6 limit: 5
2019-09-25 11:33:38,889 [RatisPipelineUtilsThread] ERROR pipeline.PipelinePlacementPolicy (PipelinePlacementPolicy.java:filterViableNodes(148)) - Unable to find enough nodes that meet the criteria that cannot engage in more than 5 pipelines. Nodes required: 1 Found: 0, healthy nodes count inNodeManager: 4.
2019-09-25 11:33:38,890 [RatisPipelineUtilsThread] ERROR pipeline.SCMPipelineManager (SCMPipelineManager.java:createPipeline(167)) - Pipeline creation failed.
org.apache.hadoop.hdds.scm.exceptions.SCMException: Unable to find enough nodes that meet the criteria that cannot engage in more than 5 pipelines. Nodes required: 1 Found: 0, healthy nodes count inNodeManager: 4.
	at org.apache.hadoop.hdds.scm.pipeline.PipelinePlacementPolicy.filterViableNodes(PipelinePlacementPolicy.java:149)
	at org.apache.hadoop.hdds.scm.pipeline.PipelinePlacementPolicy.chooseDatanodes(PipelinePlacementPolicy.java:172)
	at org.apache.hadoop.hdds.scm.pipeline.RatisPipelineProvider.create(RatisPipelineProvider.java:93)
	at org.apache.hadoop.hdds.scm.pipeline.PipelineFactory.create(PipelineFactory.java:58)
	at org.apache.hadoop.hdds.scm.pipeline.SCMPipelineManager.createPipeline(SCMPipelineManager.java:155)
	at org.apache.hadoop.hdds.scm.pipeline.BackgroundPipelineCreator.createPipelines(BackgroundPipelineCreator.java:99)
	at org.apache.hadoop.hdds.scm.pipeline.BackgroundPipelineCreator.lambda$startFixedIntervalPipelineCreator$0(BackgroundPipelineCreator.java:70)
	at java.util.concurrent.Executors$RunnableAdapter.call(Executors.java:511)
	at java.util.concurrent.FutureTask.runAndReset(FutureTask.java:308)
	at java.util.concurrent.ScheduledThreadPoolExecutor$ScheduledFutureTask.access$301(ScheduledThreadPoolExecutor.java:180)
	at java.util.concurrent.ScheduledThreadPoolExecutor$ScheduledFutureTask.run(ScheduledThreadPoolExecutor.java:294)
	at java.util.concurrent.ThreadPoolExecutor.runWorker(ThreadPoolExecutor.java:1149)
	at java.util.concurrent.ThreadPoolExecutor$Worker.run(ThreadPoolExecutor.java:624)
	at java.lang.Thread.run(Thread.java:748)
2019-09-25 11:33:38,890 [RatisPipelineUtilsThread] INFO  pipeline.PipelinePlacementPolicy (PipelinePlacementPolicy.java:meetCriteria(91)) - Pipeline Placement: can't place more pipeline on heavy datanode： 6cfaa380-1edb-48fc-b1d5-4f0afaf83adf Heaviness: 6 limit: 5
2019-09-25 11:33:38,890 [RatisPipelineUtilsThread] INFO  pipeline.PipelinePlacementPolicy (PipelinePlacementPolicy.java:meetCriteria(91)) - Pipeline Placement: can't place more pipeline on heavy datanode： a7678dfb-b424-495f-9400-a1c16eb568c5 Heaviness: 6 limit: 5
2019-09-25 11:33:38,890 [RatisPipelineUtilsThread] INFO  pipeline.PipelinePlacementPolicy (PipelinePlacementPolicy.java:meetCriteria(91)) - Pipeline Placement: can't place more pipeline on heavy datanode： ad358f2f-1ee5-4123-8117-f622bc1dbae2 Heaviness: 6 limit: 5
2019-09-25 11:33:38,891 [RatisPipelineUtilsThread] INFO  pipeline.PipelinePlacementPolicy (PipelinePlacementPolicy.java:meetCriteria(91)) - Pipeline Placement: can't place more pipeline on heavy datanode： 69ae614a-aad9-45ca-b50d-a25e2f7464fe Heaviness: 6 limit: 5
2019-09-25 11:33:38,891 [RatisPipelineUtilsThread] ERROR pipeline.PipelinePlacementPolicy (PipelinePlacementPolicy.java:filterViableNodes(148)) - Unable to find enough nodes that meet the criteria that cannot engage in more than 5 pipelines. Nodes required: 3 Found: 0, healthy nodes count inNodeManager: 4.
2019-09-25 11:33:38,891 [RatisPipelineUtilsThread] ERROR pipeline.SCMPipelineManager (SCMPipelineManager.java:createPipeline(167)) - Pipeline creation failed.
org.apache.hadoop.hdds.scm.exceptions.SCMException: Unable to find enough nodes that meet the criteria that cannot engage in more than 5 pipelines. Nodes required: 3 Found: 0, healthy nodes count inNodeManager: 4.
	at org.apache.hadoop.hdds.scm.pipeline.PipelinePlacementPolicy.filterViableNodes(PipelinePlacementPolicy.java:149)
	at org.apache.hadoop.hdds.scm.pipeline.PipelinePlacementPolicy.chooseDatanodes(PipelinePlacementPolicy.java:172)
	at org.apache.hadoop.hdds.scm.pipeline.RatisPipelineProvider.create(RatisPipelineProvider.java:93)
	at org.apache.hadoop.hdds.scm.pipeline.PipelineFactory.create(PipelineFactory.java:58)
	at org.apache.hadoop.hdds.scm.pipeline.SCMPipelineManager.createPipeline(SCMPipelineManager.java:155)
	at org.apache.hadoop.hdds.scm.pipeline.BackgroundPipelineCreator.createPipelines(BackgroundPipelineCreator.java:99)
	at org.apache.hadoop.hdds.scm.pipeline.BackgroundPipelineCreator.lambda$startFixedIntervalPipelineCreator$0(BackgroundPipelineCreator.java:70)
	at java.util.concurrent.Executors$RunnableAdapter.call(Executors.java:511)
	at java.util.concurrent.FutureTask.runAndReset(FutureTask.java:308)
	at java.util.concurrent.ScheduledThreadPoolExecutor$ScheduledFutureTask.access$301(ScheduledThreadPoolExecutor.java:180)
	at java.util.concurrent.ScheduledThreadPoolExecutor$ScheduledFutureTask.run(ScheduledThreadPoolExecutor.java:294)
	at java.util.concurrent.ThreadPoolExecutor.runWorker(ThreadPoolExecutor.java:1149)
	at java.util.concurrent.ThreadPoolExecutor$Worker.run(ThreadPoolExecutor.java:624)
	at java.lang.Thread.run(Thread.java:748)
2019-09-25 11:33:38,892 [IPC Server handler 19 on 36235] INFO  pipeline.PipelinePlacementPolicy (PipelinePlacementPolicy.java:meetCriteria(91)) - Pipeline Placement: can't place more pipeline on heavy datanode： 6cfaa380-1edb-48fc-b1d5-4f0afaf83adf Heaviness: 6 limit: 5
2019-09-25 11:33:38,892 [IPC Server handler 19 on 36235] INFO  pipeline.PipelinePlacementPolicy (PipelinePlacementPolicy.java:meetCriteria(91)) - Pipeline Placement: can't place more pipeline on heavy datanode： a7678dfb-b424-495f-9400-a1c16eb568c5 Heaviness: 6 limit: 5
2019-09-25 11:33:38,892 [IPC Server handler 19 on 36235] INFO  pipeline.PipelinePlacementPolicy (PipelinePlacementPolicy.java:meetCriteria(91)) - Pipeline Placement: can't place more pipeline on heavy datanode： ad358f2f-1ee5-4123-8117-f622bc1dbae2 Heaviness: 6 limit: 5
2019-09-25 11:33:38,892 [IPC Server handler 19 on 36235] INFO  pipeline.PipelinePlacementPolicy (PipelinePlacementPolicy.java:meetCriteria(91)) - Pipeline Placement: can't place more pipeline on heavy datanode： 69ae614a-aad9-45ca-b50d-a25e2f7464fe Heaviness: 6 limit: 5
2019-09-25 11:33:38,893 [IPC Server handler 19 on 36235] ERROR pipeline.PipelinePlacementPolicy (PipelinePlacementPolicy.java:filterViableNodes(148)) - Unable to find enough nodes that meet the criteria that cannot engage in more than 5 pipelines. Nodes required: 3 Found: 0, healthy nodes count inNodeManager: 4.
2019-09-25 11:33:38,893 [IPC Server handler 19 on 36235] ERROR pipeline.SCMPipelineManager (SCMPipelineManager.java:createPipeline(167)) - Pipeline creation failed.
org.apache.hadoop.hdds.scm.exceptions.SCMException: Unable to find enough nodes that meet the criteria that cannot engage in more than 5 pipelines. Nodes required: 3 Found: 0, healthy nodes count inNodeManager: 4.
	at org.apache.hadoop.hdds.scm.pipeline.PipelinePlacementPolicy.filterViableNodes(PipelinePlacementPolicy.java:149)
	at org.apache.hadoop.hdds.scm.pipeline.PipelinePlacementPolicy.chooseDatanodes(PipelinePlacementPolicy.java:172)
	at org.apache.hadoop.hdds.scm.pipeline.RatisPipelineProvider.create(RatisPipelineProvider.java:93)
	at org.apache.hadoop.hdds.scm.pipeline.PipelineFactory.create(PipelineFactory.java:58)
	at org.apache.hadoop.hdds.scm.pipeline.SCMPipelineManager.createPipeline(SCMPipelineManager.java:155)
	at org.apache.hadoop.hdds.scm.block.BlockManagerImpl.allocateBlock(BlockManagerImpl.java:190)
	at org.apache.hadoop.hdds.scm.server.SCMBlockProtocolServer.allocateBlock(SCMBlockProtocolServer.java:182)
	at org.apache.hadoop.ozone.protocolPB.ScmBlockLocationProtocolServerSideTranslatorPB.allocateScmBlock(ScmBlockLocationProtocolServerSideTranslatorPB.java:183)
	at org.apache.hadoop.ozone.protocolPB.ScmBlockLocationProtocolServerSideTranslatorPB.processMessage(ScmBlockLocationProtocolServerSideTranslatorPB.java:141)
	at org.apache.hadoop.ozone.protocolPB.ScmBlockLocationProtocolServerSideTranslatorPB.send(ScmBlockLocationProtocolServerSideTranslatorPB.java:116)
	at org.apache.hadoop.hdds.protocol.proto.ScmBlockLocationProtocolProtos$ScmBlockLocationProtocolService$2.callBlockingMethod(ScmBlockLocationProtocolProtos.java:13157)
	at org.apache.hadoop.ipc.ProtobufRpcEngine$Server$ProtoBufRpcInvoker.call(ProtobufRpcEngine.java:524)
	at org.apache.hadoop.ipc.RPC$Server.call(RPC.java:1025)
	at org.apache.hadoop.ipc.Server$RpcCall.run(Server.java:876)
	at org.apache.hadoop.ipc.Server$RpcCall.run(Server.java:822)
	at java.security.AccessController.doPrivileged(Native Method)
	at javax.security.auth.Subject.doAs(Subject.java:422)
	at org.apache.hadoop.security.UserGroupInformation.doAs(UserGroupInformation.java:1730)
	at org.apache.hadoop.ipc.Server$Handler.run(Server.java:2682)
2019-09-25 11:33:38,893 [IPC Server handler 19 on 36235] WARN  block.BlockManagerImpl (BlockManagerImpl.java:allocateBlock(192)) - Pipeline creation failed for type:RATIS factor:THREE. Retrying get pipelines call once.
org.apache.hadoop.hdds.scm.exceptions.SCMException: Unable to find enough nodes that meet the criteria that cannot engage in more than 5 pipelines. Nodes required: 3 Found: 0, healthy nodes count inNodeManager: 4.
	at org.apache.hadoop.hdds.scm.pipeline.PipelinePlacementPolicy.filterViableNodes(PipelinePlacementPolicy.java:149)
	at org.apache.hadoop.hdds.scm.pipeline.PipelinePlacementPolicy.chooseDatanodes(PipelinePlacementPolicy.java:172)
	at org.apache.hadoop.hdds.scm.pipeline.RatisPipelineProvider.create(RatisPipelineProvider.java:93)
	at org.apache.hadoop.hdds.scm.pipeline.PipelineFactory.create(PipelineFactory.java:58)
	at org.apache.hadoop.hdds.scm.pipeline.SCMPipelineManager.createPipeline(SCMPipelineManager.java:155)
	at org.apache.hadoop.hdds.scm.block.BlockManagerImpl.allocateBlock(BlockManagerImpl.java:190)
	at org.apache.hadoop.hdds.scm.server.SCMBlockProtocolServer.allocateBlock(SCMBlockProtocolServer.java:182)
	at org.apache.hadoop.ozone.protocolPB.ScmBlockLocationProtocolServerSideTranslatorPB.allocateScmBlock(ScmBlockLocationProtocolServerSideTranslatorPB.java:183)
	at org.apache.hadoop.ozone.protocolPB.ScmBlockLocationProtocolServerSideTranslatorPB.processMessage(ScmBlockLocationProtocolServerSideTranslatorPB.java:141)
	at org.apache.hadoop.ozone.protocolPB.ScmBlockLocationProtocolServerSideTranslatorPB.send(ScmBlockLocationProtocolServerSideTranslatorPB.java:116)
	at org.apache.hadoop.hdds.protocol.proto.ScmBlockLocationProtocolProtos$ScmBlockLocationProtocolService$2.callBlockingMethod(ScmBlockLocationProtocolProtos.java:13157)
	at org.apache.hadoop.ipc.ProtobufRpcEngine$Server$ProtoBufRpcInvoker.call(ProtobufRpcEngine.java:524)
	at org.apache.hadoop.ipc.RPC$Server.call(RPC.java:1025)
	at org.apache.hadoop.ipc.Server$RpcCall.run(Server.java:876)
	at org.apache.hadoop.ipc.Server$RpcCall.run(Server.java:822)
	at java.security.AccessController.doPrivileged(Native Method)
	at javax.security.auth.Subject.doAs(Subject.java:422)
	at org.apache.hadoop.security.UserGroupInformation.doAs(UserGroupInformation.java:1730)
	at org.apache.hadoop.ipc.Server$Handler.run(Server.java:2682)
2019-09-25 11:33:38,894 [IPC Server handler 19 on 36235] INFO  block.BlockManagerImpl (BlockManagerImpl.java:allocateBlock(198)) - Could not find available pipeline of type:RATIS and factor:THREE even after retrying
2019-09-25 11:33:38,894 [IPC Server handler 19 on 36235] ERROR block.BlockManagerImpl (BlockManagerImpl.java:allocateBlock(222)) - Unable to allocate a block for the size: 4194304, type: RATIS, factor: THREE
2019-09-25 11:33:38,902 [main] INFO  ozone.MiniOzoneClusterImpl (MiniOzoneClusterImpl.java:shutdown(314)) - Shutting down the Mini Ozone Cluster
2019-09-25 11:33:38,902 [main] INFO  ozone.MiniOzoneClusterImpl (MiniOzoneClusterImpl.java:stop(330)) - Stopping the Mini Ozone Cluster
2019-09-25 11:33:38,902 [main] INFO  ozone.MiniOzoneClusterImpl (MiniOzoneClusterImpl.java:stopOM(400)) - Stopping the OzoneManager
2019-09-25 11:33:38,903 [main] INFO  ipc.Server (Server.java:stop(3082)) - Stopping server on 41919
2019-09-25 11:33:38,913 [IPC Server listener on 41919] INFO  ipc.Server (Server.java:run(1185)) - Stopping IPC Server listener on 41919
2019-09-25 11:33:38,914 [IPC Server Responder] INFO  ipc.Server (Server.java:run(1319)) - Stopping IPC Server Responder
2019-09-25 11:33:38,920 [main] INFO  impl.RaftServerProxy (RaftServerProxy.java:lambda$close$4(314)) - ebfe4120-891b-4695-82c2-d33a5313478d: close
2019-09-25 11:33:38,927 [main] INFO  impl.RaftServerImpl (RaftServerImpl.java:lambda$shutdown$3(251)) - ebfe4120-891b-4695-82c2-d33a5313478d@group-C5BA1605619E: shutdown
2019-09-25 11:33:38,928 [main] INFO  util.JmxRegister (JmxRegister.java:unregister(73)) - Successfully un-registered JMX Bean with object name Ratis:service=RaftServer,group=group-C5BA1605619E,id=ebfe4120-891b-4695-82c2-d33a5313478d
2019-09-25 11:33:38,928 [main] INFO  impl.RoleInfo (RoleInfo.java:shutdownLeaderState(104)) - ebfe4120-891b-4695-82c2-d33a5313478d: shutdown LeaderState
2019-09-25 11:33:38,929 [main] INFO  impl.PendingRequests (PendingRequests.java:sendNotLeaderResponses(202)) - ebfe4120-891b-4695-82c2-d33a5313478d-PendingRequests: sendNotLeaderResponses
2019-09-25 11:33:38,936 [main] INFO  impl.StateMachineUpdater (StateMachineUpdater.java:stopAndJoin(125)) - ebfe4120-891b-4695-82c2-d33a5313478d@group-C5BA1605619E-StateMachineUpdater: set stopIndex = 4
2019-09-25 11:33:38,936 [ebfe4120-891b-4695-82c2-d33a5313478d@group-C5BA1605619E-StateMachineUpdater] INFO  ratis.OzoneManagerStateMachine (OzoneManagerStateMachine.java:takeSnapshot(254)) - Saving Ratis snapshot on the OM.
2019-09-25 11:33:38,949 [ebfe4120-891b-4695-82c2-d33a5313478d@group-C5BA1605619E-StateMachineUpdater] INFO  ratis.OMRatisSnapshotInfo (OMRatisSnapshotInfo.java:saveRatisSnapshotToDisk(107)) - Saved Ratis Snapshot on the OM with snapshotIndex 3
2019-09-25 11:33:38,949 [ebfe4120-891b-4695-82c2-d33a5313478d@group-C5BA1605619E-StateMachineUpdater] INFO  impl.StateMachineUpdater (StateMachineUpdater.java:takeSnapshot(258)) - ebfe4120-891b-4695-82c2-d33a5313478d@group-C5BA1605619E-StateMachineUpdater: Took a snapshot at index 3
2019-09-25 11:33:38,955 [ebfe4120-891b-4695-82c2-d33a5313478d@group-C5BA1605619E-StateMachineUpdater] INFO  impl.StateMachineUpdater (StateMachineUpdater.java:lambda$new$0(83)) - ebfe4120-891b-4695-82c2-d33a5313478d@group-C5BA1605619E-StateMachineUpdater: snapshotIndex: updateIncreasingly -1 -> 3
2019-09-25 11:33:38,975 [ebfe4120-891b-4695-82c2-d33a5313478d@group-C5BA1605619E-StateMachineUpdater] INFO  ratis.OzoneManagerStateMachine (OzoneManagerStateMachine.java:takeSnapshot(254)) - Saving Ratis snapshot on the OM.
2019-09-25 11:33:38,976 [ebfe4120-891b-4695-82c2-d33a5313478d@group-C5BA1605619E-StateMachineUpdater] INFO  ratis.OMRatisSnapshotInfo (OMRatisSnapshotInfo.java:saveRatisSnapshotToDisk(107)) - Saved Ratis Snapshot on the OM with snapshotIndex 3
2019-09-25 11:33:38,976 [ebfe4120-891b-4695-82c2-d33a5313478d@group-C5BA1605619E-StateMachineUpdater] INFO  impl.StateMachineUpdater (StateMachineUpdater.java:takeSnapshot(258)) - ebfe4120-891b-4695-82c2-d33a5313478d@group-C5BA1605619E-StateMachineUpdater: Took a snapshot at index 3
2019-09-25 11:33:38,976 [ebfe4120-891b-4695-82c2-d33a5313478d@group-C5BA1605619E-StateMachineUpdater] INFO  impl.StateMachineUpdater (StateMachineUpdater.java:lambda$new$0(83)) - ebfe4120-891b-4695-82c2-d33a5313478d@group-C5BA1605619E-StateMachineUpdater: snapshotIndex: updateIncreasingly 3 -> 3
2019-09-25 11:33:38,977 [main] INFO  impl.RaftServerImpl (ServerState.java:close(385)) - ebfe4120-891b-4695-82c2-d33a5313478d@group-C5BA1605619E: closes. applyIndex: 4
2019-09-25 11:33:38,979 [ebfe4120-891b-4695-82c2-d33a5313478d@group-C5BA1605619E-SegmentedRaftLogWorker] INFO  segmented.SegmentedRaftLogWorker (SegmentedRaftLogWorker.java:run(313)) - ebfe4120-891b-4695-82c2-d33a5313478d@group-C5BA1605619E-SegmentedRaftLogWorker was interrupted, exiting. There are 0 tasks remaining in the queue.
2019-09-25 11:33:38,981 [main] INFO  segmented.SegmentedRaftLogWorker (SegmentedRaftLogWorker.java:close(228)) - ebfe4120-891b-4695-82c2-d33a5313478d@group-C5BA1605619E-SegmentedRaftLogWorker close()
2019-09-25 11:33:38,999 [main] INFO  server.GrpcService (GrpcService.java:closeImpl(164)) - ebfe4120-891b-4695-82c2-d33a5313478d: shutdown server with port 9872 now
2019-09-25 11:33:39,001 [main] INFO  server.GrpcService (GrpcService.java:closeImpl(172)) - ebfe4120-891b-4695-82c2-d33a5313478d: shutdown server with port 9872 successfully
2019-09-25 11:33:39,002 [main] INFO  ratis.OzoneManagerDoubleBuffer (OzoneManagerDoubleBuffer.java:stop(248)) - Stopping OMDoubleBuffer flush thread
2019-09-25 11:33:39,006 [OMDoubleBufferFlushThread] INFO  ratis.OzoneManagerDoubleBuffer (OzoneManagerDoubleBuffer.java:flushTransactions(191)) - OMDoubleBuffer flush thread OMDoubleBufferFlushThread is interrupted and will exit. OMDoubleBufferFlushThread
2019-09-25 11:33:39,050 [main] INFO  utils.BackgroundService (BackgroundService.java:shutdown(148)) - Shutting down service KeyDeletingService
2019-09-25 11:33:39,055 [main] INFO  handler.ContextHandler (ContextHandler.java:doStop(910)) - Stopped o.e.j.w.WebAppContext@5a2bd7c8{/,null,UNAVAILABLE}{/ozoneManager}
2019-09-25 11:33:39,061 [main] INFO  server.AbstractConnector (AbstractConnector.java:doStop(318)) - Stopped ServerConnector@7ca8d498{HTTP/1.1,[http/1.1]}{0.0.0.0:0}
2019-09-25 11:33:39,062 [main] INFO  handler.ContextHandler (ContextHandler.java:doStop(910)) - Stopped o.e.j.s.ServletContextHandler@3ce53f6a{/static,file:///workdir/hadoop-ozone/integration-test/target/test-classes/webapps/static,UNAVAILABLE}
2019-09-25 11:33:39,062 [main] INFO  handler.ContextHandler (ContextHandler.java:doStop(910)) - Stopped o.e.j.s.ServletContextHandler@42714a7{/logs,file:///workdir/hadoop-ozone/integration-test/target/log,UNAVAILABLE}
2019-09-25 11:33:39,067 [main] INFO  ozone.MiniOzoneClusterImpl (MiniOzoneClusterImpl.java:stopDatanodes(377)) - Stopping the HddsDatanodes
2019-09-25 11:33:39,132 [Thread-198] INFO  container.ReplicationManager (ReplicationManager.java:start(163)) - Starting Replication Monitor Thread.
2019-09-25 11:33:39,134 [ReplicationMonitor] INFO  container.ReplicationManager (ReplicationManager.java:run(226)) - Replication Monitor Thread took 0 milliseconds for processing 0 containers.
2019-09-25 11:33:39,489 [Datanode State Machine Thread - 0] INFO  statemachine.DatanodeStateMachine (DatanodeStateMachine.java:lambda$startDaemon$0(350)) - Ozone container server started.
2019-09-25 11:33:39,494 [Datanode State Machine Thread - 0] INFO  statemachine.DatanodeStateMachine (DatanodeStateMachine.java:lambda$startDaemon$0(350)) - Ozone container server started.
2019-09-25 11:33:41,902 [Thread-200] INFO  impl.FollowerState (FollowerState.java:run(106)) - 69ae614a-aad9-45ca-b50d-a25e2f7464fe:group-B97FF9A27F08 changes to CANDIDATE, lastRpcTime:5181, electionTimeout:5181ms
2019-09-25 11:33:41,904 [Thread-200] INFO  impl.RoleInfo (RoleInfo.java:shutdownFollowerState(121)) - 69ae614a-aad9-45ca-b50d-a25e2f7464fe: shutdown FollowerState
2019-09-25 11:33:41,904 [Thread-200] INFO  impl.RaftServerImpl (RaftServerImpl.java:setRole(174)) - 69ae614a-aad9-45ca-b50d-a25e2f7464fe@group-B97FF9A27F08: changes role from  FOLLOWER to CANDIDATE at term 0 for changeToCandidate
2019-09-25 11:33:41,904 [Thread-200] INFO  impl.RoleInfo (RoleInfo.java:updateAndGet(143)) - 69ae614a-aad9-45ca-b50d-a25e2f7464fe: start LeaderElection
2019-09-25 11:33:41,935 [69ae614a-aad9-45ca-b50d-a25e2f7464fe@group-B97FF9A27F08:LeaderElection2] INFO  impl.LeaderElection (LeaderElection.java:askForVotes(182)) - 69ae614a-aad9-45ca-b50d-a25e2f7464fe@group-B97FF9A27F08:LeaderElection2: begin an election at term 1 for -1: [69ae614a-aad9-45ca-b50d-a25e2f7464fe:192.168.30.6:36009], old=null
2019-09-25 11:33:41,937 [69ae614a-aad9-45ca-b50d-a25e2f7464fe@group-B97FF9A27F08:LeaderElection2] INFO  impl.RoleInfo (RoleInfo.java:shutdownLeaderElection(134)) - 69ae614a-aad9-45ca-b50d-a25e2f7464fe: shutdown LeaderElection
2019-09-25 11:33:41,937 [69ae614a-aad9-45ca-b50d-a25e2f7464fe@group-B97FF9A27F08:LeaderElection2] INFO  impl.RaftServerImpl (RaftServerImpl.java:setRole(174)) - 69ae614a-aad9-45ca-b50d-a25e2f7464fe@group-B97FF9A27F08: changes role from CANDIDATE to LEADER at term 1 for changeToLeader
2019-09-25 11:33:41,937 [69ae614a-aad9-45ca-b50d-a25e2f7464fe@group-B97FF9A27F08:LeaderElection2] INFO  impl.RaftServerImpl (ServerState.java:setLeader(253)) - 69ae614a-aad9-45ca-b50d-a25e2f7464fe@group-B97FF9A27F08: change Leader from null to 69ae614a-aad9-45ca-b50d-a25e2f7464fe at term 1 for becomeLeader, leader elected after 5271ms
2019-09-25 11:33:41,937 [69ae614a-aad9-45ca-b50d-a25e2f7464fe@group-B97FF9A27F08:LeaderElection2] INFO  server.RaftServerConfigKeys (ConfUtils.java:logGet(43)) - raft.server.staging.catchup.gap = 1000 (default)
2019-09-25 11:33:41,937 [69ae614a-aad9-45ca-b50d-a25e2f7464fe@group-B97FF9A27F08:LeaderElection2] INFO  server.RaftServerConfigKeys (ConfUtils.java:logGet(43)) - raft.server.rpc.sleep.time = 25ms (default)
2019-09-25 11:33:41,938 [69ae614a-aad9-45ca-b50d-a25e2f7464fe@group-B97FF9A27F08:LeaderElection2] INFO  server.RaftServerConfigKeys (ConfUtils.java:logGet(43)) - raft.server.write.element-limit = 4096 (default)
2019-09-25 11:33:41,938 [69ae614a-aad9-45ca-b50d-a25e2f7464fe@group-B97FF9A27F08:LeaderElection2] INFO  server.RaftServerConfigKeys (ConfUtils.java:logGet(43)) - raft.server.watch.timeout = 10s (default)
2019-09-25 11:33:41,938 [69ae614a-aad9-45ca-b50d-a25e2f7464fe@group-B97FF9A27F08:LeaderElection2] INFO  server.RaftServerConfigKeys (ConfUtils.java:logGet(43)) - raft.server.watch.timeout.denomination = 1s (default)
2019-09-25 11:33:41,938 [69ae614a-aad9-45ca-b50d-a25e2f7464fe@group-B97FF9A27F08:LeaderElection2] INFO  server.RaftServerConfigKeys (ConfUtils.java:logGet(43)) - raft.server.watch.element-limit = 65536 (default)
2019-09-25 11:33:41,942 [69ae614a-aad9-45ca-b50d-a25e2f7464fe@group-B97FF9A27F08:LeaderElection2] INFO  impl.RoleInfo (RoleInfo.java:updateAndGet(143)) - 69ae614a-aad9-45ca-b50d-a25e2f7464fe: start LeaderState
2019-09-25 11:33:41,942 [69ae614a-aad9-45ca-b50d-a25e2f7464fe@group-B97FF9A27F08:LeaderElection2] INFO  segmented.SegmentedRaftLogWorker (SegmentedRaftLogWorker.java:startLogSegment(380)) - 69ae614a-aad9-45ca-b50d-a25e2f7464fe@group-B97FF9A27F08-SegmentedRaftLogWorker: Starting segment from index:0
2019-09-25 11:33:41,943 [69ae614a-aad9-45ca-b50d-a25e2f7464fe@group-B97FF9A27F08:LeaderElection2] INFO  impl.RaftServerImpl (ServerState.java:setRaftConf(354)) - 69ae614a-aad9-45ca-b50d-a25e2f7464fe@group-B97FF9A27F08: set configuration 0: [69ae614a-aad9-45ca-b50d-a25e2f7464fe:192.168.30.6:36009], old=null at 0
2019-09-25 11:33:41,998 [69ae614a-aad9-45ca-b50d-a25e2f7464fe@group-B97FF9A27F08-SegmentedRaftLogWorker] INFO  segmented.SegmentedRaftLogWorker (SegmentedRaftLogWorker.java:execute(569)) - 69ae614a-aad9-45ca-b50d-a25e2f7464fe@group-B97FF9A27F08-SegmentedRaftLogWorker: created new log segment /workdir/hadoop-ozone/integration-test/target/test-dir/MiniOzoneClusterImpl-af71ae92-902d-4bbe-8221-3c085bdab3fc/datanode-0/data/ratis/b6732bd8-e26d-481b-8acb-b97ff9a27f08/current/log_inprogress_0
2019-09-25 11:33:41,998 [Thread-203] INFO  impl.FollowerState (FollowerState.java:run(106)) - a7678dfb-b424-495f-9400-a1c16eb568c5:group-BF4B65EDEA82 changes to CANDIDATE, lastRpcTime:5106, electionTimeout:5106ms
2019-09-25 11:33:41,999 [Thread-203] INFO  impl.RoleInfo (RoleInfo.java:shutdownFollowerState(121)) - a7678dfb-b424-495f-9400-a1c16eb568c5: shutdown FollowerState
2019-09-25 11:33:41,999 [Thread-203] INFO  impl.RaftServerImpl (RaftServerImpl.java:setRole(174)) - a7678dfb-b424-495f-9400-a1c16eb568c5@group-BF4B65EDEA82: changes role from  FOLLOWER to CANDIDATE at term 0 for changeToCandidate
2019-09-25 11:33:41,999 [Thread-203] INFO  impl.RoleInfo (RoleInfo.java:updateAndGet(143)) - a7678dfb-b424-495f-9400-a1c16eb568c5: start LeaderElection
2019-09-25 11:33:42,016 [a7678dfb-b424-495f-9400-a1c16eb568c5@group-BF4B65EDEA82:LeaderElection3] INFO  impl.LeaderElection (LeaderElection.java:askForVotes(182)) - a7678dfb-b424-495f-9400-a1c16eb568c5@group-BF4B65EDEA82:LeaderElection3: begin an election at term 1 for -1: [a7678dfb-b424-495f-9400-a1c16eb568c5:192.168.30.6:45236], old=null
2019-09-25 11:33:42,016 [a7678dfb-b424-495f-9400-a1c16eb568c5@group-BF4B65EDEA82:LeaderElection3] INFO  impl.RoleInfo (RoleInfo.java:shutdownLeaderElection(134)) - a7678dfb-b424-495f-9400-a1c16eb568c5: shutdown LeaderElection
2019-09-25 11:33:42,016 [a7678dfb-b424-495f-9400-a1c16eb568c5@group-BF4B65EDEA82:LeaderElection3] INFO  impl.RaftServerImpl (RaftServerImpl.java:setRole(174)) - a7678dfb-b424-495f-9400-a1c16eb568c5@group-BF4B65EDEA82: changes role from CANDIDATE to LEADER at term 1 for changeToLeader
2019-09-25 11:33:42,017 [a7678dfb-b424-495f-9400-a1c16eb568c5@group-BF4B65EDEA82:LeaderElection3] INFO  impl.RaftServerImpl (ServerState.java:setLeader(253)) - a7678dfb-b424-495f-9400-a1c16eb568c5@group-BF4B65EDEA82: change Leader from null to a7678dfb-b424-495f-9400-a1c16eb568c5 at term 1 for becomeLeader, leader elected after 5143ms
2019-09-25 11:33:42,018 [a7678dfb-b424-495f-9400-a1c16eb568c5@group-BF4B65EDEA82:LeaderElection3] INFO  server.RaftServerConfigKeys (ConfUtils.java:logGet(43)) - raft.server.staging.catchup.gap = 1000 (default)
2019-09-25 11:33:42,018 [a7678dfb-b424-495f-9400-a1c16eb568c5@group-BF4B65EDEA82:LeaderElection3] INFO  server.RaftServerConfigKeys (ConfUtils.java:logGet(43)) - raft.server.rpc.sleep.time = 25ms (default)
2019-09-25 11:33:42,019 [a7678dfb-b424-495f-9400-a1c16eb568c5@group-BF4B65EDEA82:LeaderElection3] INFO  server.RaftServerConfigKeys (ConfUtils.java:logGet(43)) - raft.server.write.element-limit = 4096 (default)
2019-09-25 11:33:42,019 [a7678dfb-b424-495f-9400-a1c16eb568c5@group-BF4B65EDEA82:LeaderElection3] INFO  server.RaftServerConfigKeys (ConfUtils.java:logGet(43)) - raft.server.watch.timeout = 10s (default)
2019-09-25 11:33:42,019 [a7678dfb-b424-495f-9400-a1c16eb568c5@group-BF4B65EDEA82:LeaderElection3] INFO  server.RaftServerConfigKeys (ConfUtils.java:logGet(43)) - raft.server.watch.timeout.denomination = 1s (default)
2019-09-25 11:33:42,019 [a7678dfb-b424-495f-9400-a1c16eb568c5@group-BF4B65EDEA82:LeaderElection3] INFO  server.RaftServerConfigKeys (ConfUtils.java:logGet(43)) - raft.server.watch.element-limit = 65536 (default)
2019-09-25 11:33:42,023 [a7678dfb-b424-495f-9400-a1c16eb568c5@group-BF4B65EDEA82:LeaderElection3] INFO  impl.RoleInfo (RoleInfo.java:updateAndGet(143)) - a7678dfb-b424-495f-9400-a1c16eb568c5: start LeaderState
2019-09-25 11:33:42,023 [a7678dfb-b424-495f-9400-a1c16eb568c5@group-BF4B65EDEA82:LeaderElection3] INFO  segmented.SegmentedRaftLogWorker (SegmentedRaftLogWorker.java:startLogSegment(380)) - a7678dfb-b424-495f-9400-a1c16eb568c5@group-BF4B65EDEA82-SegmentedRaftLogWorker: Starting segment from index:0
2019-09-25 11:33:42,024 [a7678dfb-b424-495f-9400-a1c16eb568c5@group-BF4B65EDEA82:LeaderElection3] INFO  impl.RaftServerImpl (ServerState.java:setRaftConf(354)) - a7678dfb-b424-495f-9400-a1c16eb568c5@group-BF4B65EDEA82: set configuration 0: [a7678dfb-b424-495f-9400-a1c16eb568c5:192.168.30.6:45236], old=null at 0
2019-09-25 11:33:42,073 [a7678dfb-b424-495f-9400-a1c16eb568c5@group-BF4B65EDEA82-SegmentedRaftLogWorker] INFO  segmented.SegmentedRaftLogWorker (SegmentedRaftLogWorker.java:execute(569)) - a7678dfb-b424-495f-9400-a1c16eb568c5@group-BF4B65EDEA82-SegmentedRaftLogWorker: created new log segment /workdir/hadoop-ozone/integration-test/target/test-dir/MiniOzoneClusterImpl-af71ae92-902d-4bbe-8221-3c085bdab3fc/datanode-1/data/ratis/8b3945bb-a1d6-45f9-8e02-bf4b65edea82/current/log_inprogress_0
2019-09-25 11:33:42,083 [Thread-209] INFO  impl.FollowerState (FollowerState.java:run(106)) - 69ae614a-aad9-45ca-b50d-a25e2f7464fe:group-63C73BC5D177 changes to CANDIDATE, lastRpcTime:5018, electionTimeout:5018ms
2019-09-25 11:33:42,083 [Thread-206] INFO  impl.FollowerState (FollowerState.java:run(106)) - ad358f2f-1ee5-4123-8117-f622bc1dbae2:group-954DC93E2C50 changes to CANDIDATE, lastRpcTime:5093, electionTimeout:5093ms
2019-09-25 11:33:42,083 [Thread-209] INFO  impl.RoleInfo (RoleInfo.java:shutdownFollowerState(121)) - 69ae614a-aad9-45ca-b50d-a25e2f7464fe: shutdown FollowerState
2019-09-25 11:33:42,083 [Thread-206] INFO  impl.RoleInfo (RoleInfo.java:shutdownFollowerState(121)) - ad358f2f-1ee5-4123-8117-f622bc1dbae2: shutdown FollowerState
2019-09-25 11:33:42,083 [Thread-209] INFO  impl.RaftServerImpl (RaftServerImpl.java:setRole(174)) - 69ae614a-aad9-45ca-b50d-a25e2f7464fe@group-63C73BC5D177: changes role from  FOLLOWER to CANDIDATE at term 0 for changeToCandidate
2019-09-25 11:33:42,083 [Thread-206] INFO  impl.RaftServerImpl (RaftServerImpl.java:setRole(174)) - ad358f2f-1ee5-4123-8117-f622bc1dbae2@group-954DC93E2C50: changes role from  FOLLOWER to CANDIDATE at term 0 for changeToCandidate
2019-09-25 11:33:42,084 [Thread-209] INFO  impl.RoleInfo (RoleInfo.java:updateAndGet(143)) - 69ae614a-aad9-45ca-b50d-a25e2f7464fe: start LeaderElection
2019-09-25 11:33:42,084 [Thread-206] INFO  impl.RoleInfo (RoleInfo.java:updateAndGet(143)) - ad358f2f-1ee5-4123-8117-f622bc1dbae2: start LeaderElection
2019-09-25 11:33:42,105 [69ae614a-aad9-45ca-b50d-a25e2f7464fe@group-63C73BC5D177:LeaderElection4] INFO  impl.LeaderElection (LeaderElection.java:askForVotes(182)) - 69ae614a-aad9-45ca-b50d-a25e2f7464fe@group-63C73BC5D177:LeaderElection4: begin an election at term 1 for -1: [69ae614a-aad9-45ca-b50d-a25e2f7464fe:192.168.30.6:36009], old=null
2019-09-25 11:33:42,105 [ad358f2f-1ee5-4123-8117-f622bc1dbae2@group-954DC93E2C50:LeaderElection5] INFO  impl.LeaderElection (LeaderElection.java:askForVotes(182)) - ad358f2f-1ee5-4123-8117-f622bc1dbae2@group-954DC93E2C50:LeaderElection5: begin an election at term 1 for -1: [ad358f2f-1ee5-4123-8117-f622bc1dbae2:192.168.30.6:36654], old=null
2019-09-25 11:33:42,105 [69ae614a-aad9-45ca-b50d-a25e2f7464fe@group-63C73BC5D177:LeaderElection4] INFO  impl.RoleInfo (RoleInfo.java:shutdownLeaderElection(134)) - 69ae614a-aad9-45ca-b50d-a25e2f7464fe: shutdown LeaderElection
2019-09-25 11:33:42,105 [ad358f2f-1ee5-4123-8117-f622bc1dbae2@group-954DC93E2C50:LeaderElection5] INFO  impl.RoleInfo (RoleInfo.java:shutdownLeaderElection(134)) - ad358f2f-1ee5-4123-8117-f622bc1dbae2: shutdown LeaderElection
2019-09-25 11:33:42,105 [69ae614a-aad9-45ca-b50d-a25e2f7464fe@group-63C73BC5D177:LeaderElection4] INFO  impl.RaftServerImpl (RaftServerImpl.java:setRole(174)) - 69ae614a-aad9-45ca-b50d-a25e2f7464fe@group-63C73BC5D177: changes role from CANDIDATE to LEADER at term 1 for changeToLeader
2019-09-25 11:33:42,105 [ad358f2f-1ee5-4123-8117-f622bc1dbae2@group-954DC93E2C50:LeaderElection5] INFO  impl.RaftServerImpl (RaftServerImpl.java:setRole(174)) - ad358f2f-1ee5-4123-8117-f622bc1dbae2@group-954DC93E2C50: changes role from CANDIDATE to LEADER at term 1 for changeToLeader
2019-09-25 11:33:42,105 [69ae614a-aad9-45ca-b50d-a25e2f7464fe@group-63C73BC5D177:LeaderElection4] INFO  impl.RaftServerImpl (ServerState.java:setLeader(253)) - 69ae614a-aad9-45ca-b50d-a25e2f7464fe@group-63C73BC5D177: change Leader from null to 69ae614a-aad9-45ca-b50d-a25e2f7464fe at term 1 for becomeLeader, leader elected after 5052ms
2019-09-25 11:33:42,105 [ad358f2f-1ee5-4123-8117-f622bc1dbae2@group-954DC93E2C50:LeaderElection5] INFO  impl.RaftServerImpl (ServerState.java:setLeader(253)) - ad358f2f-1ee5-4123-8117-f622bc1dbae2@group-954DC93E2C50: change Leader from null to ad358f2f-1ee5-4123-8117-f622bc1dbae2 at term 1 for becomeLeader, leader elected after 5132ms
2019-09-25 11:33:42,106 [69ae614a-aad9-45ca-b50d-a25e2f7464fe@group-63C73BC5D177:LeaderElection4] INFO  server.RaftServerConfigKeys (ConfUtils.java:logGet(43)) - raft.server.staging.catchup.gap = 1000 (default)
2019-09-25 11:33:42,107 [ad358f2f-1ee5-4123-8117-f622bc1dbae2@group-954DC93E2C50:LeaderElection5] INFO  server.RaftServerConfigKeys (ConfUtils.java:logGet(43)) - raft.server.staging.catchup.gap = 1000 (default)
2019-09-25 11:33:42,107 [69ae614a-aad9-45ca-b50d-a25e2f7464fe@group-63C73BC5D177:LeaderElection4] INFO  server.RaftServerConfigKeys (ConfUtils.java:logGet(43)) - raft.server.rpc.sleep.time = 25ms (default)
2019-09-25 11:33:42,108 [ad358f2f-1ee5-4123-8117-f622bc1dbae2@group-954DC93E2C50:LeaderElection5] INFO  server.RaftServerConfigKeys (ConfUtils.java:logGet(43)) - raft.server.rpc.sleep.time = 25ms (default)
2019-09-25 11:33:42,108 [69ae614a-aad9-45ca-b50d-a25e2f7464fe@group-63C73BC5D177:LeaderElection4] INFO  server.RaftServerConfigKeys (ConfUtils.java:logGet(43)) - raft.server.write.element-limit = 4096 (default)
2019-09-25 11:33:42,108 [ad358f2f-1ee5-4123-8117-f622bc1dbae2@group-954DC93E2C50:LeaderElection5] INFO  server.RaftServerConfigKeys (ConfUtils.java:logGet(43)) - raft.server.write.element-limit = 4096 (default)
2019-09-25 11:33:42,108 [69ae614a-aad9-45ca-b50d-a25e2f7464fe@group-63C73BC5D177:LeaderElection4] INFO  server.RaftServerConfigKeys (ConfUtils.java:logGet(43)) - raft.server.watch.timeout = 10s (default)
2019-09-25 11:33:42,108 [ad358f2f-1ee5-4123-8117-f622bc1dbae2@group-954DC93E2C50:LeaderElection5] INFO  server.RaftServerConfigKeys (ConfUtils.java:logGet(43)) - raft.server.watch.timeout = 10s (default)
2019-09-25 11:33:42,108 [69ae614a-aad9-45ca-b50d-a25e2f7464fe@group-63C73BC5D177:LeaderElection4] INFO  server.RaftServerConfigKeys (ConfUtils.java:logGet(43)) - raft.server.watch.timeout.denomination = 1s (default)
2019-09-25 11:33:42,109 [ad358f2f-1ee5-4123-8117-f622bc1dbae2@group-954DC93E2C50:LeaderElection5] INFO  server.RaftServerConfigKeys (ConfUtils.java:logGet(43)) - raft.server.watch.timeout.denomination = 1s (default)
2019-09-25 11:33:42,109 [69ae614a-aad9-45ca-b50d-a25e2f7464fe@group-63C73BC5D177:LeaderElection4] INFO  server.RaftServerConfigKeys (ConfUtils.java:logGet(43)) - raft.server.watch.element-limit = 65536 (default)
2019-09-25 11:33:42,109 [ad358f2f-1ee5-4123-8117-f622bc1dbae2@group-954DC93E2C50:LeaderElection5] INFO  server.RaftServerConfigKeys (ConfUtils.java:logGet(43)) - raft.server.watch.element-limit = 65536 (default)
2019-09-25 11:33:42,113 [69ae614a-aad9-45ca-b50d-a25e2f7464fe@group-63C73BC5D177:LeaderElection4] INFO  impl.RoleInfo (RoleInfo.java:updateAndGet(143)) - 69ae614a-aad9-45ca-b50d-a25e2f7464fe: start LeaderState
2019-09-25 11:33:42,113 [69ae614a-aad9-45ca-b50d-a25e2f7464fe@group-63C73BC5D177:LeaderElection4] INFO  segmented.SegmentedRaftLogWorker (SegmentedRaftLogWorker.java:startLogSegment(380)) - 69ae614a-aad9-45ca-b50d-a25e2f7464fe@group-63C73BC5D177-SegmentedRaftLogWorker: Starting segment from index:0
2019-09-25 11:33:42,114 [ad358f2f-1ee5-4123-8117-f622bc1dbae2@group-954DC93E2C50:LeaderElection5] INFO  impl.RoleInfo (RoleInfo.java:updateAndGet(143)) - ad358f2f-1ee5-4123-8117-f622bc1dbae2: start LeaderState
2019-09-25 11:33:42,114 [69ae614a-aad9-45ca-b50d-a25e2f7464fe@group-63C73BC5D177:LeaderElection4] INFO  impl.RaftServerImpl (ServerState.java:setRaftConf(354)) - 69ae614a-aad9-45ca-b50d-a25e2f7464fe@group-63C73BC5D177: set configuration 0: [69ae614a-aad9-45ca-b50d-a25e2f7464fe:192.168.30.6:36009], old=null at 0
2019-09-25 11:33:42,114 [ad358f2f-1ee5-4123-8117-f622bc1dbae2@group-954DC93E2C50:LeaderElection5] INFO  segmented.SegmentedRaftLogWorker (SegmentedRaftLogWorker.java:startLogSegment(380)) - ad358f2f-1ee5-4123-8117-f622bc1dbae2@group-954DC93E2C50-SegmentedRaftLogWorker: Starting segment from index:0
2019-09-25 11:33:42,153 [ad358f2f-1ee5-4123-8117-f622bc1dbae2@group-954DC93E2C50:LeaderElection5] INFO  impl.RaftServerImpl (ServerState.java:setRaftConf(354)) - ad358f2f-1ee5-4123-8117-f622bc1dbae2@group-954DC93E2C50: set configuration 0: [ad358f2f-1ee5-4123-8117-f622bc1dbae2:192.168.30.6:36654], old=null at 0
2019-09-25 11:33:42,195 [69ae614a-aad9-45ca-b50d-a25e2f7464fe@group-63C73BC5D177-SegmentedRaftLogWorker] INFO  segmented.SegmentedRaftLogWorker (SegmentedRaftLogWorker.java:execute(569)) - 69ae614a-aad9-45ca-b50d-a25e2f7464fe@group-63C73BC5D177-SegmentedRaftLogWorker: created new log segment /workdir/hadoop-ozone/integration-test/target/test-dir/MiniOzoneClusterImpl-af71ae92-902d-4bbe-8221-3c085bdab3fc/datanode-0/data/ratis/6700f6c9-0d91-4d13-b687-63c73bc5d177/current/log_inprogress_0
2019-09-25 11:33:42,208 [ad358f2f-1ee5-4123-8117-f622bc1dbae2@group-954DC93E2C50-SegmentedRaftLogWorker] INFO  segmented.SegmentedRaftLogWorker (SegmentedRaftLogWorker.java:execute(569)) - ad358f2f-1ee5-4123-8117-f622bc1dbae2@group-954DC93E2C50-SegmentedRaftLogWorker: created new log segment /workdir/hadoop-ozone/integration-test/target/test-dir/MiniOzoneClusterImpl-af71ae92-902d-4bbe-8221-3c085bdab3fc/datanode-2/data/ratis/22f761e9-4091-4880-b55b-954dc93e2c50/current/log_inprogress_0
2019-09-25 11:33:42,272 [Thread-212] INFO  impl.FollowerState (FollowerState.java:run(106)) - 69ae614a-aad9-45ca-b50d-a25e2f7464fe:group-B79B1C1A3553 changes to CANDIDATE, lastRpcTime:5133, electionTimeout:5133ms
2019-09-25 11:33:42,273 [Thread-212] INFO  impl.RoleInfo (RoleInfo.java:shutdownFollowerState(121)) - 69ae614a-aad9-45ca-b50d-a25e2f7464fe: shutdown FollowerState
2019-09-25 11:33:42,273 [Thread-212] INFO  impl.RaftServerImpl (RaftServerImpl.java:setRole(174)) - 69ae614a-aad9-45ca-b50d-a25e2f7464fe@group-B79B1C1A3553: changes role from  FOLLOWER to CANDIDATE at term 0 for changeToCandidate
2019-09-25 11:33:42,273 [Thread-212] INFO  impl.RoleInfo (RoleInfo.java:updateAndGet(143)) - 69ae614a-aad9-45ca-b50d-a25e2f7464fe: start LeaderElection
2019-09-25 11:33:42,290 [69ae614a-aad9-45ca-b50d-a25e2f7464fe@group-B79B1C1A3553:LeaderElection6] INFO  impl.LeaderElection (LeaderElection.java:askForVotes(182)) - 69ae614a-aad9-45ca-b50d-a25e2f7464fe@group-B79B1C1A3553:LeaderElection6: begin an election at term 1 for -1: [69ae614a-aad9-45ca-b50d-a25e2f7464fe:192.168.30.6:36009], old=null
2019-09-25 11:33:42,291 [69ae614a-aad9-45ca-b50d-a25e2f7464fe@group-B79B1C1A3553:LeaderElection6] INFO  impl.RoleInfo (RoleInfo.java:shutdownLeaderElection(134)) - 69ae614a-aad9-45ca-b50d-a25e2f7464fe: shutdown LeaderElection
2019-09-25 11:33:42,291 [69ae614a-aad9-45ca-b50d-a25e2f7464fe@group-B79B1C1A3553:LeaderElection6] INFO  impl.RaftServerImpl (RaftServerImpl.java:setRole(174)) - 69ae614a-aad9-45ca-b50d-a25e2f7464fe@group-B79B1C1A3553: changes role from CANDIDATE to LEADER at term 1 for changeToLeader
2019-09-25 11:33:42,291 [69ae614a-aad9-45ca-b50d-a25e2f7464fe@group-B79B1C1A3553:LeaderElection6] INFO  impl.RaftServerImpl (ServerState.java:setLeader(253)) - 69ae614a-aad9-45ca-b50d-a25e2f7464fe@group-B79B1C1A3553: change Leader from null to 69ae614a-aad9-45ca-b50d-a25e2f7464fe at term 1 for becomeLeader, leader elected after 5160ms
2019-09-25 11:33:42,291 [69ae614a-aad9-45ca-b50d-a25e2f7464fe@group-B79B1C1A3553:LeaderElection6] INFO  server.RaftServerConfigKeys (ConfUtils.java:logGet(43)) - raft.server.staging.catchup.gap = 1000 (default)
2019-09-25 11:33:42,291 [69ae614a-aad9-45ca-b50d-a25e2f7464fe@group-B79B1C1A3553:LeaderElection6] INFO  server.RaftServerConfigKeys (ConfUtils.java:logGet(43)) - raft.server.rpc.sleep.time = 25ms (default)
2019-09-25 11:33:42,292 [69ae614a-aad9-45ca-b50d-a25e2f7464fe@group-B79B1C1A3553:LeaderElection6] INFO  server.RaftServerConfigKeys (ConfUtils.java:logGet(43)) - raft.server.write.element-limit = 4096 (default)
2019-09-25 11:33:42,292 [69ae614a-aad9-45ca-b50d-a25e2f7464fe@group-B79B1C1A3553:LeaderElection6] INFO  server.RaftServerConfigKeys (ConfUtils.java:logGet(43)) - raft.server.watch.timeout = 10s (default)
2019-09-25 11:33:42,292 [69ae614a-aad9-45ca-b50d-a25e2f7464fe@group-B79B1C1A3553:LeaderElection6] INFO  server.RaftServerConfigKeys (ConfUtils.java:logGet(43)) - raft.server.watch.timeout.denomination = 1s (default)
2019-09-25 11:33:42,292 [69ae614a-aad9-45ca-b50d-a25e2f7464fe@group-B79B1C1A3553:LeaderElection6] INFO  server.RaftServerConfigKeys (ConfUtils.java:logGet(43)) - raft.server.watch.element-limit = 65536 (default)
2019-09-25 11:33:42,296 [69ae614a-aad9-45ca-b50d-a25e2f7464fe@group-B79B1C1A3553:LeaderElection6] INFO  impl.RoleInfo (RoleInfo.java:updateAndGet(143)) - 69ae614a-aad9-45ca-b50d-a25e2f7464fe: start LeaderState
2019-09-25 11:33:42,296 [69ae614a-aad9-45ca-b50d-a25e2f7464fe@group-B79B1C1A3553:LeaderElection6] INFO  segmented.SegmentedRaftLogWorker (SegmentedRaftLogWorker.java:startLogSegment(380)) - 69ae614a-aad9-45ca-b50d-a25e2f7464fe@group-B79B1C1A3553-SegmentedRaftLogWorker: Starting segment from index:0
2019-09-25 11:33:42,297 [69ae614a-aad9-45ca-b50d-a25e2f7464fe@group-B79B1C1A3553:LeaderElection6] INFO  impl.RaftServerImpl (ServerState.java:setRaftConf(354)) - 69ae614a-aad9-45ca-b50d-a25e2f7464fe@group-B79B1C1A3553: set configuration 0: [69ae614a-aad9-45ca-b50d-a25e2f7464fe:192.168.30.6:36009], old=null at 0
2019-09-25 11:33:42,337 [Thread-215] INFO  impl.FollowerState (FollowerState.java:run(106)) - 6cfaa380-1edb-48fc-b1d5-4f0afaf83adf:group-1EA56EB6A2F8 changes to CANDIDATE, lastRpcTime:5115, electionTimeout:5099ms
2019-09-25 11:33:42,337 [Thread-215] INFO  impl.RoleInfo (RoleInfo.java:shutdownFollowerState(121)) - 6cfaa380-1edb-48fc-b1d5-4f0afaf83adf: shutdown FollowerState
2019-09-25 11:33:42,337 [Thread-215] INFO  impl.RaftServerImpl (RaftServerImpl.java:setRole(174)) - 6cfaa380-1edb-48fc-b1d5-4f0afaf83adf@group-1EA56EB6A2F8: changes role from  FOLLOWER to CANDIDATE at term 0 for changeToCandidate
2019-09-25 11:33:42,337 [Thread-215] INFO  impl.RoleInfo (RoleInfo.java:updateAndGet(143)) - 6cfaa380-1edb-48fc-b1d5-4f0afaf83adf: start LeaderElection
2019-09-25 11:33:42,350 [69ae614a-aad9-45ca-b50d-a25e2f7464fe@group-B79B1C1A3553-SegmentedRaftLogWorker] INFO  segmented.SegmentedRaftLogWorker (SegmentedRaftLogWorker.java:execute(569)) - 69ae614a-aad9-45ca-b50d-a25e2f7464fe@group-B79B1C1A3553-SegmentedRaftLogWorker: created new log segment /workdir/hadoop-ozone/integration-test/target/test-dir/MiniOzoneClusterImpl-af71ae92-902d-4bbe-8221-3c085bdab3fc/datanode-0/data/ratis/25ff01fc-c8c5-4e3f-aec6-b79b1c1a3553/current/log_inprogress_0
2019-09-25 11:33:42,350 [6cfaa380-1edb-48fc-b1d5-4f0afaf83adf@group-1EA56EB6A2F8:LeaderElection7] INFO  impl.LeaderElection (LeaderElection.java:askForVotes(182)) - 6cfaa380-1edb-48fc-b1d5-4f0afaf83adf@group-1EA56EB6A2F8:LeaderElection7: begin an election at term 1 for -1: [6cfaa380-1edb-48fc-b1d5-4f0afaf83adf:192.168.30.6:45132], old=null
2019-09-25 11:33:42,350 [6cfaa380-1edb-48fc-b1d5-4f0afaf83adf@group-1EA56EB6A2F8:LeaderElection7] INFO  impl.RoleInfo (RoleInfo.java:shutdownLeaderElection(134)) - 6cfaa380-1edb-48fc-b1d5-4f0afaf83adf: shutdown LeaderElection
2019-09-25 11:33:42,350 [6cfaa380-1edb-48fc-b1d5-4f0afaf83adf@group-1EA56EB6A2F8:LeaderElection7] INFO  impl.RaftServerImpl (RaftServerImpl.java:setRole(174)) - 6cfaa380-1edb-48fc-b1d5-4f0afaf83adf@group-1EA56EB6A2F8: changes role from CANDIDATE to LEADER at term 1 for changeToLeader
2019-09-25 11:33:42,351 [6cfaa380-1edb-48fc-b1d5-4f0afaf83adf@group-1EA56EB6A2F8:LeaderElection7] INFO  impl.RaftServerImpl (ServerState.java:setLeader(253)) - 6cfaa380-1edb-48fc-b1d5-4f0afaf83adf@group-1EA56EB6A2F8: change Leader from null to 6cfaa380-1edb-48fc-b1d5-4f0afaf83adf at term 1 for becomeLeader, leader elected after 5142ms
2019-09-25 11:33:42,356 [6cfaa380-1edb-48fc-b1d5-4f0afaf83adf@group-1EA56EB6A2F8:LeaderElection7] INFO  server.RaftServerConfigKeys (ConfUtils.java:logGet(43)) - raft.server.staging.catchup.gap = 1000 (default)
2019-09-25 11:33:42,356 [6cfaa380-1edb-48fc-b1d5-4f0afaf83adf@group-1EA56EB6A2F8:LeaderElection7] INFO  server.RaftServerConfigKeys (ConfUtils.java:logGet(43)) - raft.server.rpc.sleep.time = 25ms (default)
2019-09-25 11:33:42,357 [6cfaa380-1edb-48fc-b1d5-4f0afaf83adf@group-1EA56EB6A2F8:LeaderElection7] INFO  server.RaftServerConfigKeys (ConfUtils.java:logGet(43)) - raft.server.write.element-limit = 4096 (default)
2019-09-25 11:33:42,357 [6cfaa380-1edb-48fc-b1d5-4f0afaf83adf@group-1EA56EB6A2F8:LeaderElection7] INFO  server.RaftServerConfigKeys (ConfUtils.java:logGet(43)) - raft.server.watch.timeout = 10s (default)
2019-09-25 11:33:42,357 [6cfaa380-1edb-48fc-b1d5-4f0afaf83adf@group-1EA56EB6A2F8:LeaderElection7] INFO  server.RaftServerConfigKeys (ConfUtils.java:logGet(43)) - raft.server.watch.timeout.denomination = 1s (default)
2019-09-25 11:33:42,357 [6cfaa380-1edb-48fc-b1d5-4f0afaf83adf@group-1EA56EB6A2F8:LeaderElection7] INFO  server.RaftServerConfigKeys (ConfUtils.java:logGet(43)) - raft.server.watch.element-limit = 65536 (default)
2019-09-25 11:33:42,361 [6cfaa380-1edb-48fc-b1d5-4f0afaf83adf@group-1EA56EB6A2F8:LeaderElection7] INFO  impl.RoleInfo (RoleInfo.java:updateAndGet(143)) - 6cfaa380-1edb-48fc-b1d5-4f0afaf83adf: start LeaderState
2019-09-25 11:33:42,361 [6cfaa380-1edb-48fc-b1d5-4f0afaf83adf@group-1EA56EB6A2F8:LeaderElection7] INFO  segmented.SegmentedRaftLogWorker (SegmentedRaftLogWorker.java:startLogSegment(380)) - 6cfaa380-1edb-48fc-b1d5-4f0afaf83adf@group-1EA56EB6A2F8-SegmentedRaftLogWorker: Starting segment from index:0
2019-09-25 11:33:42,362 [6cfaa380-1edb-48fc-b1d5-4f0afaf83adf@group-1EA56EB6A2F8:LeaderElection7] INFO  impl.RaftServerImpl (ServerState.java:setRaftConf(354)) - 6cfaa380-1edb-48fc-b1d5-4f0afaf83adf@group-1EA56EB6A2F8: set configuration 0: [6cfaa380-1edb-48fc-b1d5-4f0afaf83adf:192.168.30.6:45132], old=null at 0
2019-09-25 11:33:42,418 [6cfaa380-1edb-48fc-b1d5-4f0afaf83adf@group-1EA56EB6A2F8-SegmentedRaftLogWorker] INFO  segmented.SegmentedRaftLogWorker (SegmentedRaftLogWorker.java:execute(569)) - 6cfaa380-1edb-48fc-b1d5-4f0afaf83adf@group-1EA56EB6A2F8-SegmentedRaftLogWorker: created new log segment /workdir/hadoop-ozone/integration-test/target/test-dir/MiniOzoneClusterImpl-af71ae92-902d-4bbe-8221-3c085bdab3fc/datanode-3/data/ratis/53f821db-9dbd-474f-91de-1ea56eb6a2f8/current/log_inprogress_0
2019-09-25 11:33:42,437 [Thread-221] INFO  impl.FollowerState (FollowerState.java:run(106)) - 69ae614a-aad9-45ca-b50d-a25e2f7464fe:group-A2385EFDBE2C changes to CANDIDATE, lastRpcTime:5040, electionTimeout:5040ms
2019-09-25 11:33:42,437 [Thread-221] INFO  impl.RoleInfo (RoleInfo.java:shutdownFollowerState(121)) - 69ae614a-aad9-45ca-b50d-a25e2f7464fe: shutdown FollowerState
2019-09-25 11:33:42,438 [Thread-221] INFO  impl.RaftServerImpl (RaftServerImpl.java:setRole(174)) - 69ae614a-aad9-45ca-b50d-a25e2f7464fe@group-A2385EFDBE2C: changes role from  FOLLOWER to CANDIDATE at term 0 for changeToCandidate
2019-09-25 11:33:42,438 [Thread-221] INFO  impl.RoleInfo (RoleInfo.java:updateAndGet(143)) - 69ae614a-aad9-45ca-b50d-a25e2f7464fe: start LeaderElection
2019-09-25 11:33:42,444 [Thread-218] INFO  impl.FollowerState (FollowerState.java:run(106)) - 69ae614a-aad9-45ca-b50d-a25e2f7464fe:group-4100017E50EB changes to CANDIDATE, lastRpcTime:5122, electionTimeout:5122ms
2019-09-25 11:33:42,444 [Thread-218] INFO  impl.RoleInfo (RoleInfo.java:shutdownFollowerState(121)) - 69ae614a-aad9-45ca-b50d-a25e2f7464fe: shutdown FollowerState
2019-09-25 11:33:42,444 [Thread-218] INFO  impl.RaftServerImpl (RaftServerImpl.java:setRole(174)) - 69ae614a-aad9-45ca-b50d-a25e2f7464fe@group-4100017E50EB: changes role from  FOLLOWER to CANDIDATE at term 0 for changeToCandidate
2019-09-25 11:33:42,445 [Thread-218] INFO  impl.RoleInfo (RoleInfo.java:updateAndGet(143)) - 69ae614a-aad9-45ca-b50d-a25e2f7464fe: start LeaderElection
2019-09-25 11:33:42,452 [69ae614a-aad9-45ca-b50d-a25e2f7464fe@group-A2385EFDBE2C:LeaderElection8] INFO  impl.LeaderElection (LeaderElection.java:askForVotes(182)) - 69ae614a-aad9-45ca-b50d-a25e2f7464fe@group-A2385EFDBE2C:LeaderElection8: begin an election at term 1 for -1: [69ae614a-aad9-45ca-b50d-a25e2f7464fe:192.168.30.6:36009], old=null
2019-09-25 11:33:42,452 [69ae614a-aad9-45ca-b50d-a25e2f7464fe@group-4100017E50EB:LeaderElection9] INFO  impl.LeaderElection (LeaderElection.java:askForVotes(182)) - 69ae614a-aad9-45ca-b50d-a25e2f7464fe@group-4100017E50EB:LeaderElection9: begin an election at term 1 for -1: [69ae614a-aad9-45ca-b50d-a25e2f7464fe:192.168.30.6:36009], old=null
2019-09-25 11:33:42,452 [69ae614a-aad9-45ca-b50d-a25e2f7464fe@group-A2385EFDBE2C:LeaderElection8] INFO  impl.RoleInfo (RoleInfo.java:shutdownLeaderElection(134)) - 69ae614a-aad9-45ca-b50d-a25e2f7464fe: shutdown LeaderElection
2019-09-25 11:33:42,452 [69ae614a-aad9-45ca-b50d-a25e2f7464fe@group-4100017E50EB:LeaderElection9] INFO  impl.RoleInfo (RoleInfo.java:shutdownLeaderElection(134)) - 69ae614a-aad9-45ca-b50d-a25e2f7464fe: shutdown LeaderElection
2019-09-25 11:33:42,453 [69ae614a-aad9-45ca-b50d-a25e2f7464fe@group-A2385EFDBE2C:LeaderElection8] INFO  impl.RaftServerImpl (RaftServerImpl.java:setRole(174)) - 69ae614a-aad9-45ca-b50d-a25e2f7464fe@group-A2385EFDBE2C: changes role from CANDIDATE to LEADER at term 1 for changeToLeader
2019-09-25 11:33:42,453 [69ae614a-aad9-45ca-b50d-a25e2f7464fe@group-4100017E50EB:LeaderElection9] INFO  impl.RaftServerImpl (RaftServerImpl.java:setRole(174)) - 69ae614a-aad9-45ca-b50d-a25e2f7464fe@group-4100017E50EB: changes role from CANDIDATE to LEADER at term 1 for changeToLeader
2019-09-25 11:33:42,453 [69ae614a-aad9-45ca-b50d-a25e2f7464fe@group-A2385EFDBE2C:LeaderElection8] INFO  impl.RaftServerImpl (ServerState.java:setLeader(253)) - 69ae614a-aad9-45ca-b50d-a25e2f7464fe@group-A2385EFDBE2C: change Leader from null to 69ae614a-aad9-45ca-b50d-a25e2f7464fe at term 1 for becomeLeader, leader elected after 5067ms
2019-09-25 11:33:42,453 [69ae614a-aad9-45ca-b50d-a25e2f7464fe@group-4100017E50EB:LeaderElection9] INFO  impl.RaftServerImpl (ServerState.java:setLeader(253)) - 69ae614a-aad9-45ca-b50d-a25e2f7464fe@group-4100017E50EB: change Leader from null to 69ae614a-aad9-45ca-b50d-a25e2f7464fe at term 1 for becomeLeader, leader elected after 5140ms
2019-09-25 11:33:42,453 [69ae614a-aad9-45ca-b50d-a25e2f7464fe@group-A2385EFDBE2C:LeaderElection8] INFO  server.RaftServerConfigKeys (ConfUtils.java:logGet(43)) - raft.server.staging.catchup.gap = 1000 (default)
2019-09-25 11:33:42,454 [69ae614a-aad9-45ca-b50d-a25e2f7464fe@group-4100017E50EB:LeaderElection9] INFO  server.RaftServerConfigKeys (ConfUtils.java:logGet(43)) - raft.server.staging.catchup.gap = 1000 (default)
2019-09-25 11:33:42,454 [69ae614a-aad9-45ca-b50d-a25e2f7464fe@group-A2385EFDBE2C:LeaderElection8] INFO  server.RaftServerConfigKeys (ConfUtils.java:logGet(43)) - raft.server.rpc.sleep.time = 25ms (default)
2019-09-25 11:33:42,454 [69ae614a-aad9-45ca-b50d-a25e2f7464fe@group-4100017E50EB:LeaderElection9] INFO  server.RaftServerConfigKeys (ConfUtils.java:logGet(43)) - raft.server.rpc.sleep.time = 25ms (default)
2019-09-25 11:33:42,454 [69ae614a-aad9-45ca-b50d-a25e2f7464fe@group-A2385EFDBE2C:LeaderElection8] INFO  server.RaftServerConfigKeys (ConfUtils.java:logGet(43)) - raft.server.write.element-limit = 4096 (default)
2019-09-25 11:33:42,454 [69ae614a-aad9-45ca-b50d-a25e2f7464fe@group-4100017E50EB:LeaderElection9] INFO  server.RaftServerConfigKeys (ConfUtils.java:logGet(43)) - raft.server.write.element-limit = 4096 (default)
2019-09-25 11:33:42,454 [69ae614a-aad9-45ca-b50d-a25e2f7464fe@group-A2385EFDBE2C:LeaderElection8] INFO  server.RaftServerConfigKeys (ConfUtils.java:logGet(43)) - raft.server.watch.timeout = 10s (default)
2019-09-25 11:33:42,455 [69ae614a-aad9-45ca-b50d-a25e2f7464fe@group-4100017E50EB:LeaderElection9] INFO  server.RaftServerConfigKeys (ConfUtils.java:logGet(43)) - raft.server.watch.timeout = 10s (default)
2019-09-25 11:33:42,455 [69ae614a-aad9-45ca-b50d-a25e2f7464fe@group-A2385EFDBE2C:LeaderElection8] INFO  server.RaftServerConfigKeys (ConfUtils.java:logGet(43)) - raft.server.watch.timeout.denomination = 1s (default)
2019-09-25 11:33:42,455 [69ae614a-aad9-45ca-b50d-a25e2f7464fe@group-4100017E50EB:LeaderElection9] INFO  server.RaftServerConfigKeys (ConfUtils.java:logGet(43)) - raft.server.watch.timeout.denomination = 1s (default)
2019-09-25 11:33:42,455 [69ae614a-aad9-45ca-b50d-a25e2f7464fe@group-A2385EFDBE2C:LeaderElection8] INFO  server.RaftServerConfigKeys (ConfUtils.java:logGet(43)) - raft.server.watch.element-limit = 65536 (default)
2019-09-25 11:33:42,455 [69ae614a-aad9-45ca-b50d-a25e2f7464fe@group-4100017E50EB:LeaderElection9] INFO  server.RaftServerConfigKeys (ConfUtils.java:logGet(43)) - raft.server.watch.element-limit = 65536 (default)
2019-09-25 11:33:42,459 [69ae614a-aad9-45ca-b50d-a25e2f7464fe@group-A2385EFDBE2C:LeaderElection8] INFO  impl.RoleInfo (RoleInfo.java:updateAndGet(143)) - 69ae614a-aad9-45ca-b50d-a25e2f7464fe: start LeaderState
2019-09-25 11:33:42,460 [69ae614a-aad9-45ca-b50d-a25e2f7464fe@group-A2385EFDBE2C:LeaderElection8] INFO  segmented.SegmentedRaftLogWorker (SegmentedRaftLogWorker.java:startLogSegment(380)) - 69ae614a-aad9-45ca-b50d-a25e2f7464fe@group-A2385EFDBE2C-SegmentedRaftLogWorker: Starting segment from index:0
2019-09-25 11:33:42,460 [69ae614a-aad9-45ca-b50d-a25e2f7464fe@group-4100017E50EB:LeaderElection9] INFO  impl.RoleInfo (RoleInfo.java:updateAndGet(143)) - 69ae614a-aad9-45ca-b50d-a25e2f7464fe: start LeaderState
2019-09-25 11:33:42,460 [69ae614a-aad9-45ca-b50d-a25e2f7464fe@group-4100017E50EB:LeaderElection9] INFO  segmented.SegmentedRaftLogWorker (SegmentedRaftLogWorker.java:startLogSegment(380)) - 69ae614a-aad9-45ca-b50d-a25e2f7464fe@group-4100017E50EB-SegmentedRaftLogWorker: Starting segment from index:0
2019-09-25 11:33:42,460 [69ae614a-aad9-45ca-b50d-a25e2f7464fe@group-A2385EFDBE2C:LeaderElection8] INFO  impl.RaftServerImpl (ServerState.java:setRaftConf(354)) - 69ae614a-aad9-45ca-b50d-a25e2f7464fe@group-A2385EFDBE2C: set configuration 0: [69ae614a-aad9-45ca-b50d-a25e2f7464fe:192.168.30.6:36009], old=null at 0
2019-09-25 11:33:42,504 [69ae614a-aad9-45ca-b50d-a25e2f7464fe@group-4100017E50EB:LeaderElection9] INFO  impl.RaftServerImpl (ServerState.java:setRaftConf(354)) - 69ae614a-aad9-45ca-b50d-a25e2f7464fe@group-4100017E50EB: set configuration 0: [69ae614a-aad9-45ca-b50d-a25e2f7464fe:192.168.30.6:36009], old=null at 0
2019-09-25 11:33:42,543 [69ae614a-aad9-45ca-b50d-a25e2f7464fe@group-A2385EFDBE2C-SegmentedRaftLogWorker] INFO  segmented.SegmentedRaftLogWorker (SegmentedRaftLogWorker.java:execute(569)) - 69ae614a-aad9-45ca-b50d-a25e2f7464fe@group-A2385EFDBE2C-SegmentedRaftLogWorker: created new log segment /workdir/hadoop-ozone/integration-test/target/test-dir/MiniOzoneClusterImpl-af71ae92-902d-4bbe-8221-3c085bdab3fc/datanode-0/data/ratis/110250af-e636-492b-8950-a2385efdbe2c/current/log_inprogress_0
2019-09-25 11:33:42,554 [69ae614a-aad9-45ca-b50d-a25e2f7464fe@group-4100017E50EB-SegmentedRaftLogWorker] INFO  segmented.SegmentedRaftLogWorker (SegmentedRaftLogWorker.java:execute(569)) - 69ae614a-aad9-45ca-b50d-a25e2f7464fe@group-4100017E50EB-SegmentedRaftLogWorker: created new log segment /workdir/hadoop-ozone/integration-test/target/test-dir/MiniOzoneClusterImpl-af71ae92-902d-4bbe-8221-3c085bdab3fc/datanode-0/data/ratis/9aab9a4f-9a76-49b9-984e-4100017e50eb/current/log_inprogress_0
2019-09-25 11:33:42,617 [Thread-227] INFO  impl.FollowerState (FollowerState.java:run(106)) - 69ae614a-aad9-45ca-b50d-a25e2f7464fe:group-E4676D54886D changes to CANDIDATE, lastRpcTime:5082, electionTimeout:5082ms
2019-09-25 11:33:42,618 [Thread-227] INFO  impl.RoleInfo (RoleInfo.java:shutdownFollowerState(121)) - 69ae614a-aad9-45ca-b50d-a25e2f7464fe: shutdown FollowerState
2019-09-25 11:33:42,618 [Thread-227] INFO  impl.RaftServerImpl (RaftServerImpl.java:setRole(174)) - 69ae614a-aad9-45ca-b50d-a25e2f7464fe@group-E4676D54886D: changes role from  FOLLOWER to CANDIDATE at term 0 for changeToCandidate
2019-09-25 11:33:42,618 [Thread-227] INFO  impl.RoleInfo (RoleInfo.java:updateAndGet(143)) - 69ae614a-aad9-45ca-b50d-a25e2f7464fe: start LeaderElection
2019-09-25 11:33:42,636 [69ae614a-aad9-45ca-b50d-a25e2f7464fe@group-E4676D54886D:LeaderElection10] INFO  impl.LeaderElection (LeaderElection.java:askForVotes(182)) - 69ae614a-aad9-45ca-b50d-a25e2f7464fe@group-E4676D54886D:LeaderElection10: begin an election at term 1 for -1: [69ae614a-aad9-45ca-b50d-a25e2f7464fe:192.168.30.6:36009], old=null
2019-09-25 11:33:42,636 [69ae614a-aad9-45ca-b50d-a25e2f7464fe@group-E4676D54886D:LeaderElection10] INFO  impl.RoleInfo (RoleInfo.java:shutdownLeaderElection(134)) - 69ae614a-aad9-45ca-b50d-a25e2f7464fe: shutdown LeaderElection
2019-09-25 11:33:42,637 [69ae614a-aad9-45ca-b50d-a25e2f7464fe@group-E4676D54886D:LeaderElection10] INFO  impl.RaftServerImpl (RaftServerImpl.java:setRole(174)) - 69ae614a-aad9-45ca-b50d-a25e2f7464fe@group-E4676D54886D: changes role from CANDIDATE to LEADER at term 1 for changeToLeader
2019-09-25 11:33:42,637 [69ae614a-aad9-45ca-b50d-a25e2f7464fe@group-E4676D54886D:LeaderElection10] INFO  impl.RaftServerImpl (ServerState.java:setLeader(253)) - 69ae614a-aad9-45ca-b50d-a25e2f7464fe@group-E4676D54886D: change Leader from null to 69ae614a-aad9-45ca-b50d-a25e2f7464fe at term 1 for becomeLeader, leader elected after 5110ms
2019-09-25 11:33:42,637 [69ae614a-aad9-45ca-b50d-a25e2f7464fe@group-E4676D54886D:LeaderElection10] INFO  server.RaftServerConfigKeys (ConfUtils.java:logGet(43)) - raft.server.staging.catchup.gap = 1000 (default)
2019-09-25 11:33:42,637 [69ae614a-aad9-45ca-b50d-a25e2f7464fe@group-E4676D54886D:LeaderElection10] INFO  server.RaftServerConfigKeys (ConfUtils.java:logGet(43)) - raft.server.rpc.sleep.time = 25ms (default)
2019-09-25 11:33:42,637 [69ae614a-aad9-45ca-b50d-a25e2f7464fe@group-E4676D54886D:LeaderElection10] INFO  server.RaftServerConfigKeys (ConfUtils.java:logGet(43)) - raft.server.write.element-limit = 4096 (default)
2019-09-25 11:33:42,638 [69ae614a-aad9-45ca-b50d-a25e2f7464fe@group-E4676D54886D:LeaderElection10] INFO  server.RaftServerConfigKeys (ConfUtils.java:logGet(43)) - raft.server.watch.timeout = 10s (default)
2019-09-25 11:33:42,638 [69ae614a-aad9-45ca-b50d-a25e2f7464fe@group-E4676D54886D:LeaderElection10] INFO  server.RaftServerConfigKeys (ConfUtils.java:logGet(43)) - raft.server.watch.timeout.denomination = 1s (default)
2019-09-25 11:33:42,638 [69ae614a-aad9-45ca-b50d-a25e2f7464fe@group-E4676D54886D:LeaderElection10] INFO  server.RaftServerConfigKeys (ConfUtils.java:logGet(43)) - raft.server.watch.element-limit = 65536 (default)
2019-09-25 11:33:42,641 [69ae614a-aad9-45ca-b50d-a25e2f7464fe@group-E4676D54886D:LeaderElection10] INFO  impl.RoleInfo (RoleInfo.java:updateAndGet(143)) - 69ae614a-aad9-45ca-b50d-a25e2f7464fe: start LeaderState
2019-09-25 11:33:42,642 [69ae614a-aad9-45ca-b50d-a25e2f7464fe@group-E4676D54886D:LeaderElection10] INFO  segmented.SegmentedRaftLogWorker (SegmentedRaftLogWorker.java:startLogSegment(380)) - 69ae614a-aad9-45ca-b50d-a25e2f7464fe@group-E4676D54886D-SegmentedRaftLogWorker: Starting segment from index:0
2019-09-25 11:33:42,642 [69ae614a-aad9-45ca-b50d-a25e2f7464fe@group-E4676D54886D:LeaderElection10] INFO  impl.RaftServerImpl (ServerState.java:setRaftConf(354)) - 69ae614a-aad9-45ca-b50d-a25e2f7464fe@group-E4676D54886D: set configuration 0: [69ae614a-aad9-45ca-b50d-a25e2f7464fe:192.168.30.6:36009], old=null at 0
2019-09-25 11:33:42,682 [Thread-224] INFO  impl.FollowerState (FollowerState.java:run(106)) - 6cfaa380-1edb-48fc-b1d5-4f0afaf83adf:group-8E9DF8798486 changes to CANDIDATE, lastRpcTime:5221, electionTimeout:5198ms
2019-09-25 11:33:42,683 [Thread-233] INFO  impl.FollowerState (FollowerState.java:run(106)) - a7678dfb-b424-495f-9400-a1c16eb568c5:group-E6D237651203 changes to CANDIDATE, lastRpcTime:5027, electionTimeout:5027ms
2019-09-25 11:33:42,683 [Thread-224] INFO  impl.RoleInfo (RoleInfo.java:shutdownFollowerState(121)) - 6cfaa380-1edb-48fc-b1d5-4f0afaf83adf: shutdown FollowerState
2019-09-25 11:33:42,683 [Thread-233] INFO  impl.RoleInfo (RoleInfo.java:shutdownFollowerState(121)) - a7678dfb-b424-495f-9400-a1c16eb568c5: shutdown FollowerState
2019-09-25 11:33:42,683 [Thread-224] INFO  impl.RaftServerImpl (RaftServerImpl.java:setRole(174)) - 6cfaa380-1edb-48fc-b1d5-4f0afaf83adf@group-8E9DF8798486: changes role from  FOLLOWER to CANDIDATE at term 0 for changeToCandidate
2019-09-25 11:33:42,683 [Thread-233] INFO  impl.RaftServerImpl (RaftServerImpl.java:setRole(174)) - a7678dfb-b424-495f-9400-a1c16eb568c5@group-E6D237651203: changes role from  FOLLOWER to CANDIDATE at term 0 for changeToCandidate
2019-09-25 11:33:42,683 [Thread-224] INFO  impl.RoleInfo (RoleInfo.java:updateAndGet(143)) - 6cfaa380-1edb-48fc-b1d5-4f0afaf83adf: start LeaderElection
2019-09-25 11:33:42,683 [Thread-233] INFO  impl.RoleInfo (RoleInfo.java:updateAndGet(143)) - a7678dfb-b424-495f-9400-a1c16eb568c5: start LeaderElection
2019-09-25 11:33:42,696 [69ae614a-aad9-45ca-b50d-a25e2f7464fe@group-E4676D54886D-SegmentedRaftLogWorker] INFO  segmented.SegmentedRaftLogWorker (SegmentedRaftLogWorker.java:execute(569)) - 69ae614a-aad9-45ca-b50d-a25e2f7464fe@group-E4676D54886D-SegmentedRaftLogWorker: created new log segment /workdir/hadoop-ozone/integration-test/target/test-dir/MiniOzoneClusterImpl-af71ae92-902d-4bbe-8221-3c085bdab3fc/datanode-0/data/ratis/bddadd8c-efcd-422b-87ee-e4676d54886d/current/log_inprogress_0
2019-09-25 11:33:42,696 [a7678dfb-b424-495f-9400-a1c16eb568c5@group-E6D237651203:LeaderElection12] INFO  impl.LeaderElection (LeaderElection.java:askForVotes(182)) - a7678dfb-b424-495f-9400-a1c16eb568c5@group-E6D237651203:LeaderElection12: begin an election at term 1 for -1: [a7678dfb-b424-495f-9400-a1c16eb568c5:192.168.30.6:45236], old=null
2019-09-25 11:33:42,696 [6cfaa380-1edb-48fc-b1d5-4f0afaf83adf@group-8E9DF8798486:LeaderElection11] INFO  impl.LeaderElection (LeaderElection.java:askForVotes(182)) - 6cfaa380-1edb-48fc-b1d5-4f0afaf83adf@group-8E9DF8798486:LeaderElection11: begin an election at term 1 for -1: [6cfaa380-1edb-48fc-b1d5-4f0afaf83adf:192.168.30.6:45132], old=null
2019-09-25 11:33:42,696 [a7678dfb-b424-495f-9400-a1c16eb568c5@group-E6D237651203:LeaderElection12] INFO  impl.RoleInfo (RoleInfo.java:shutdownLeaderElection(134)) - a7678dfb-b424-495f-9400-a1c16eb568c5: shutdown LeaderElection
2019-09-25 11:33:42,696 [6cfaa380-1edb-48fc-b1d5-4f0afaf83adf@group-8E9DF8798486:LeaderElection11] INFO  impl.RoleInfo (RoleInfo.java:shutdownLeaderElection(134)) - 6cfaa380-1edb-48fc-b1d5-4f0afaf83adf: shutdown LeaderElection
2019-09-25 11:33:42,696 [a7678dfb-b424-495f-9400-a1c16eb568c5@group-E6D237651203:LeaderElection12] INFO  impl.RaftServerImpl (RaftServerImpl.java:setRole(174)) - a7678dfb-b424-495f-9400-a1c16eb568c5@group-E6D237651203: changes role from CANDIDATE to LEADER at term 1 for changeToLeader
2019-09-25 11:33:42,697 [6cfaa380-1edb-48fc-b1d5-4f0afaf83adf@group-8E9DF8798486:LeaderElection11] INFO  impl.RaftServerImpl (RaftServerImpl.java:setRole(174)) - 6cfaa380-1edb-48fc-b1d5-4f0afaf83adf@group-8E9DF8798486: changes role from CANDIDATE to LEADER at term 1 for changeToLeader
2019-09-25 11:33:42,697 [a7678dfb-b424-495f-9400-a1c16eb568c5@group-E6D237651203:LeaderElection12] INFO  impl.RaftServerImpl (ServerState.java:setLeader(253)) - a7678dfb-b424-495f-9400-a1c16eb568c5@group-E6D237651203: change Leader from null to a7678dfb-b424-495f-9400-a1c16eb568c5 at term 1 for becomeLeader, leader elected after 5048ms
2019-09-25 11:33:42,697 [6cfaa380-1edb-48fc-b1d5-4f0afaf83adf@group-8E9DF8798486:LeaderElection11] INFO  impl.RaftServerImpl (ServerState.java:setLeader(253)) - 6cfaa380-1edb-48fc-b1d5-4f0afaf83adf@group-8E9DF8798486: change Leader from null to 6cfaa380-1edb-48fc-b1d5-4f0afaf83adf at term 1 for becomeLeader, leader elected after 5244ms
2019-09-25 11:33:42,697 [a7678dfb-b424-495f-9400-a1c16eb568c5@group-E6D237651203:LeaderElection12] INFO  server.RaftServerConfigKeys (ConfUtils.java:logGet(43)) - raft.server.staging.catchup.gap = 1000 (default)
2019-09-25 11:33:42,697 [6cfaa380-1edb-48fc-b1d5-4f0afaf83adf@group-8E9DF8798486:LeaderElection11] INFO  server.RaftServerConfigKeys (ConfUtils.java:logGet(43)) - raft.server.staging.catchup.gap = 1000 (default)
2019-09-25 11:33:42,697 [a7678dfb-b424-495f-9400-a1c16eb568c5@group-E6D237651203:LeaderElection12] INFO  server.RaftServerConfigKeys (ConfUtils.java:logGet(43)) - raft.server.rpc.sleep.time = 25ms (default)
2019-09-25 11:33:42,697 [6cfaa380-1edb-48fc-b1d5-4f0afaf83adf@group-8E9DF8798486:LeaderElection11] INFO  server.RaftServerConfigKeys (ConfUtils.java:logGet(43)) - raft.server.rpc.sleep.time = 25ms (default)
2019-09-25 11:33:42,698 [a7678dfb-b424-495f-9400-a1c16eb568c5@group-E6D237651203:LeaderElection12] INFO  server.RaftServerConfigKeys (ConfUtils.java:logGet(43)) - raft.server.write.element-limit = 4096 (default)
2019-09-25 11:33:42,698 [6cfaa380-1edb-48fc-b1d5-4f0afaf83adf@group-8E9DF8798486:LeaderElection11] INFO  server.RaftServerConfigKeys (ConfUtils.java:logGet(43)) - raft.server.write.element-limit = 4096 (default)
2019-09-25 11:33:42,698 [a7678dfb-b424-495f-9400-a1c16eb568c5@group-E6D237651203:LeaderElection12] INFO  server.RaftServerConfigKeys (ConfUtils.java:logGet(43)) - raft.server.watch.timeout = 10s (default)
2019-09-25 11:33:42,698 [6cfaa380-1edb-48fc-b1d5-4f0afaf83adf@group-8E9DF8798486:LeaderElection11] INFO  server.RaftServerConfigKeys (ConfUtils.java:logGet(43)) - raft.server.watch.timeout = 10s (default)
2019-09-25 11:33:42,698 [a7678dfb-b424-495f-9400-a1c16eb568c5@group-E6D237651203:LeaderElection12] INFO  server.RaftServerConfigKeys (ConfUtils.java:logGet(43)) - raft.server.watch.timeout.denomination = 1s (default)
2019-09-25 11:33:42,698 [6cfaa380-1edb-48fc-b1d5-4f0afaf83adf@group-8E9DF8798486:LeaderElection11] INFO  server.RaftServerConfigKeys (ConfUtils.java:logGet(43)) - raft.server.watch.timeout.denomination = 1s (default)
2019-09-25 11:33:42,698 [a7678dfb-b424-495f-9400-a1c16eb568c5@group-E6D237651203:LeaderElection12] INFO  server.RaftServerConfigKeys (ConfUtils.java:logGet(43)) - raft.server.watch.element-limit = 65536 (default)
2019-09-25 11:33:42,699 [6cfaa380-1edb-48fc-b1d5-4f0afaf83adf@group-8E9DF8798486:LeaderElection11] INFO  server.RaftServerConfigKeys (ConfUtils.java:logGet(43)) - raft.server.watch.element-limit = 65536 (default)
2019-09-25 11:33:42,703 [a7678dfb-b424-495f-9400-a1c16eb568c5@group-E6D237651203:LeaderElection12] INFO  impl.RoleInfo (RoleInfo.java:updateAndGet(143)) - a7678dfb-b424-495f-9400-a1c16eb568c5: start LeaderState
2019-09-25 11:33:42,703 [6cfaa380-1edb-48fc-b1d5-4f0afaf83adf@group-8E9DF8798486:LeaderElection11] INFO  impl.RoleInfo (RoleInfo.java:updateAndGet(143)) - 6cfaa380-1edb-48fc-b1d5-4f0afaf83adf: start LeaderState
2019-09-25 11:33:42,703 [a7678dfb-b424-495f-9400-a1c16eb568c5@group-E6D237651203:LeaderElection12] INFO  segmented.SegmentedRaftLogWorker (SegmentedRaftLogWorker.java:startLogSegment(380)) - a7678dfb-b424-495f-9400-a1c16eb568c5@group-E6D237651203-SegmentedRaftLogWorker: Starting segment from index:0
2019-09-25 11:33:42,704 [6cfaa380-1edb-48fc-b1d5-4f0afaf83adf@group-8E9DF8798486:LeaderElection11] INFO  segmented.SegmentedRaftLogWorker (SegmentedRaftLogWorker.java:startLogSegment(380)) - 6cfaa380-1edb-48fc-b1d5-4f0afaf83adf@group-8E9DF8798486-SegmentedRaftLogWorker: Starting segment from index:0
2019-09-25 11:33:42,704 [a7678dfb-b424-495f-9400-a1c16eb568c5@group-E6D237651203:LeaderElection12] INFO  impl.RaftServerImpl (ServerState.java:setRaftConf(354)) - a7678dfb-b424-495f-9400-a1c16eb568c5@group-E6D237651203: set configuration 0: [a7678dfb-b424-495f-9400-a1c16eb568c5:192.168.30.6:45236], old=null at 0
2019-09-25 11:33:42,704 [6cfaa380-1edb-48fc-b1d5-4f0afaf83adf@group-8E9DF8798486:LeaderElection11] INFO  impl.RaftServerImpl (ServerState.java:setRaftConf(354)) - 6cfaa380-1edb-48fc-b1d5-4f0afaf83adf@group-8E9DF8798486: set configuration 0: [6cfaa380-1edb-48fc-b1d5-4f0afaf83adf:192.168.30.6:45132], old=null at 0
2019-09-25 11:33:42,744 [Thread-230] INFO  impl.FollowerState (FollowerState.java:run(106)) - a7678dfb-b424-495f-9400-a1c16eb568c5:group-3E2D308946F4 changes to CANDIDATE, lastRpcTime:5147, electionTimeout:5141ms
2019-09-25 11:33:42,746 [Thread-230] INFO  impl.RoleInfo (RoleInfo.java:shutdownFollowerState(121)) - a7678dfb-b424-495f-9400-a1c16eb568c5: shutdown FollowerState
2019-09-25 11:33:42,746 [Thread-230] INFO  impl.RaftServerImpl (RaftServerImpl.java:setRole(174)) - a7678dfb-b424-495f-9400-a1c16eb568c5@group-3E2D308946F4: changes role from  FOLLOWER to CANDIDATE at term 0 for changeToCandidate
2019-09-25 11:33:42,747 [Thread-230] INFO  impl.RoleInfo (RoleInfo.java:updateAndGet(143)) - a7678dfb-b424-495f-9400-a1c16eb568c5: start LeaderElection
2019-09-25 11:33:42,758 [a7678dfb-b424-495f-9400-a1c16eb568c5@group-E6D237651203-SegmentedRaftLogWorker] INFO  segmented.SegmentedRaftLogWorker (SegmentedRaftLogWorker.java:execute(569)) - a7678dfb-b424-495f-9400-a1c16eb568c5@group-E6D237651203-SegmentedRaftLogWorker: created new log segment /workdir/hadoop-ozone/integration-test/target/test-dir/MiniOzoneClusterImpl-af71ae92-902d-4bbe-8221-3c085bdab3fc/datanode-1/data/ratis/3c6784f4-e5b1-42fd-b98e-e6d237651203/current/log_inprogress_0
2019-09-25 11:33:42,758 [a7678dfb-b424-495f-9400-a1c16eb568c5@group-3E2D308946F4:LeaderElection13] INFO  impl.LeaderElection (LeaderElection.java:askForVotes(182)) - a7678dfb-b424-495f-9400-a1c16eb568c5@group-3E2D308946F4:LeaderElection13: begin an election at term 1 for -1: [a7678dfb-b424-495f-9400-a1c16eb568c5:192.168.30.6:45236], old=null
2019-09-25 11:33:42,758 [6cfaa380-1edb-48fc-b1d5-4f0afaf83adf@group-8E9DF8798486-SegmentedRaftLogWorker] INFO  segmented.SegmentedRaftLogWorker (SegmentedRaftLogWorker.java:execute(569)) - 6cfaa380-1edb-48fc-b1d5-4f0afaf83adf@group-8E9DF8798486-SegmentedRaftLogWorker: created new log segment /workdir/hadoop-ozone/integration-test/target/test-dir/MiniOzoneClusterImpl-af71ae92-902d-4bbe-8221-3c085bdab3fc/datanode-3/data/ratis/177d7b58-e338-40a5-ad9b-8e9df8798486/current/log_inprogress_0
2019-09-25 11:33:42,758 [a7678dfb-b424-495f-9400-a1c16eb568c5@group-3E2D308946F4:LeaderElection13] INFO  impl.RoleInfo (RoleInfo.java:shutdownLeaderElection(134)) - a7678dfb-b424-495f-9400-a1c16eb568c5: shutdown LeaderElection
2019-09-25 11:33:42,759 [a7678dfb-b424-495f-9400-a1c16eb568c5@group-3E2D308946F4:LeaderElection13] INFO  impl.RaftServerImpl (RaftServerImpl.java:setRole(174)) - a7678dfb-b424-495f-9400-a1c16eb568c5@group-3E2D308946F4: changes role from CANDIDATE to LEADER at term 1 for changeToLeader
2019-09-25 11:33:42,759 [a7678dfb-b424-495f-9400-a1c16eb568c5@group-3E2D308946F4:LeaderElection13] INFO  impl.RaftServerImpl (ServerState.java:setLeader(253)) - a7678dfb-b424-495f-9400-a1c16eb568c5@group-3E2D308946F4: change Leader from null to a7678dfb-b424-495f-9400-a1c16eb568c5 at term 1 for becomeLeader, leader elected after 5170ms
2019-09-25 11:33:42,759 [a7678dfb-b424-495f-9400-a1c16eb568c5@group-3E2D308946F4:LeaderElection13] INFO  server.RaftServerConfigKeys (ConfUtils.java:logGet(43)) - raft.server.staging.catchup.gap = 1000 (default)
2019-09-25 11:33:42,759 [a7678dfb-b424-495f-9400-a1c16eb568c5@group-3E2D308946F4:LeaderElection13] INFO  server.RaftServerConfigKeys (ConfUtils.java:logGet(43)) - raft.server.rpc.sleep.time = 25ms (default)
2019-09-25 11:33:42,760 [a7678dfb-b424-495f-9400-a1c16eb568c5@group-3E2D308946F4:LeaderElection13] INFO  server.RaftServerConfigKeys (ConfUtils.java:logGet(43)) - raft.server.write.element-limit = 4096 (default)
2019-09-25 11:33:42,760 [a7678dfb-b424-495f-9400-a1c16eb568c5@group-3E2D308946F4:LeaderElection13] INFO  server.RaftServerConfigKeys (ConfUtils.java:logGet(43)) - raft.server.watch.timeout = 10s (default)
2019-09-25 11:33:42,760 [a7678dfb-b424-495f-9400-a1c16eb568c5@group-3E2D308946F4:LeaderElection13] INFO  server.RaftServerConfigKeys (ConfUtils.java:logGet(43)) - raft.server.watch.timeout.denomination = 1s (default)
2019-09-25 11:33:42,760 [a7678dfb-b424-495f-9400-a1c16eb568c5@group-3E2D308946F4:LeaderElection13] INFO  server.RaftServerConfigKeys (ConfUtils.java:logGet(43)) - raft.server.watch.element-limit = 65536 (default)
2019-09-25 11:33:42,765 [a7678dfb-b424-495f-9400-a1c16eb568c5@group-3E2D308946F4:LeaderElection13] INFO  impl.RoleInfo (RoleInfo.java:updateAndGet(143)) - a7678dfb-b424-495f-9400-a1c16eb568c5: start LeaderState
2019-09-25 11:33:42,766 [a7678dfb-b424-495f-9400-a1c16eb568c5@group-3E2D308946F4:LeaderElection13] INFO  segmented.SegmentedRaftLogWorker (SegmentedRaftLogWorker.java:startLogSegment(380)) - a7678dfb-b424-495f-9400-a1c16eb568c5@group-3E2D308946F4-SegmentedRaftLogWorker: Starting segment from index:0
2019-09-25 11:33:42,766 [a7678dfb-b424-495f-9400-a1c16eb568c5@group-3E2D308946F4:LeaderElection13] INFO  impl.RaftServerImpl (ServerState.java:setRaftConf(354)) - a7678dfb-b424-495f-9400-a1c16eb568c5@group-3E2D308946F4: set configuration 0: [a7678dfb-b424-495f-9400-a1c16eb568c5:192.168.30.6:45236], old=null at 0
2019-09-25 11:33:42,807 [Thread-236] INFO  impl.FollowerState (FollowerState.java:run(106)) - ad358f2f-1ee5-4123-8117-f622bc1dbae2:group-5D88A8ED23E1 changes to CANDIDATE, lastRpcTime:5093, electionTimeout:5067ms
2019-09-25 11:33:42,808 [Thread-236] INFO  impl.RoleInfo (RoleInfo.java:shutdownFollowerState(121)) - ad358f2f-1ee5-4123-8117-f622bc1dbae2: shutdown FollowerState
2019-09-25 11:33:42,808 [Thread-236] INFO  impl.RaftServerImpl (RaftServerImpl.java:setRole(174)) - ad358f2f-1ee5-4123-8117-f622bc1dbae2@group-5D88A8ED23E1: changes role from  FOLLOWER to CANDIDATE at term 0 for changeToCandidate
2019-09-25 11:33:42,808 [Thread-236] INFO  impl.RoleInfo (RoleInfo.java:updateAndGet(143)) - ad358f2f-1ee5-4123-8117-f622bc1dbae2: start LeaderElection
2019-09-25 11:33:42,820 [a7678dfb-b424-495f-9400-a1c16eb568c5@group-3E2D308946F4-SegmentedRaftLogWorker] INFO  segmented.SegmentedRaftLogWorker (SegmentedRaftLogWorker.java:execute(569)) - a7678dfb-b424-495f-9400-a1c16eb568c5@group-3E2D308946F4-SegmentedRaftLogWorker: created new log segment /workdir/hadoop-ozone/integration-test/target/test-dir/MiniOzoneClusterImpl-af71ae92-902d-4bbe-8221-3c085bdab3fc/datanode-1/data/ratis/6bea86e2-a9b3-4b65-b7a7-3e2d308946f4/current/log_inprogress_0
2019-09-25 11:33:42,820 [ad358f2f-1ee5-4123-8117-f622bc1dbae2@group-5D88A8ED23E1:LeaderElection14] INFO  impl.LeaderElection (LeaderElection.java:askForVotes(182)) - ad358f2f-1ee5-4123-8117-f622bc1dbae2@group-5D88A8ED23E1:LeaderElection14: begin an election at term 1 for -1: [ad358f2f-1ee5-4123-8117-f622bc1dbae2:192.168.30.6:36654], old=null
2019-09-25 11:33:42,821 [ad358f2f-1ee5-4123-8117-f622bc1dbae2@group-5D88A8ED23E1:LeaderElection14] INFO  impl.RoleInfo (RoleInfo.java:shutdownLeaderElection(134)) - ad358f2f-1ee5-4123-8117-f622bc1dbae2: shutdown LeaderElection
2019-09-25 11:33:42,821 [ad358f2f-1ee5-4123-8117-f622bc1dbae2@group-5D88A8ED23E1:LeaderElection14] INFO  impl.RaftServerImpl (RaftServerImpl.java:setRole(174)) - ad358f2f-1ee5-4123-8117-f622bc1dbae2@group-5D88A8ED23E1: changes role from CANDIDATE to LEADER at term 1 for changeToLeader
2019-09-25 11:33:42,821 [ad358f2f-1ee5-4123-8117-f622bc1dbae2@group-5D88A8ED23E1:LeaderElection14] INFO  impl.RaftServerImpl (ServerState.java:setLeader(253)) - ad358f2f-1ee5-4123-8117-f622bc1dbae2@group-5D88A8ED23E1: change Leader from null to ad358f2f-1ee5-4123-8117-f622bc1dbae2 at term 1 for becomeLeader, leader elected after 5117ms
2019-09-25 11:33:42,821 [ad358f2f-1ee5-4123-8117-f622bc1dbae2@group-5D88A8ED23E1:LeaderElection14] INFO  server.RaftServerConfigKeys (ConfUtils.java:logGet(43)) - raft.server.staging.catchup.gap = 1000 (default)
2019-09-25 11:33:42,821 [ad358f2f-1ee5-4123-8117-f622bc1dbae2@group-5D88A8ED23E1:LeaderElection14] INFO  server.RaftServerConfigKeys (ConfUtils.java:logGet(43)) - raft.server.rpc.sleep.time = 25ms (default)
2019-09-25 11:33:42,822 [ad358f2f-1ee5-4123-8117-f622bc1dbae2@group-5D88A8ED23E1:LeaderElection14] INFO  server.RaftServerConfigKeys (ConfUtils.java:logGet(43)) - raft.server.write.element-limit = 4096 (default)
2019-09-25 11:33:42,822 [ad358f2f-1ee5-4123-8117-f622bc1dbae2@group-5D88A8ED23E1:LeaderElection14] INFO  server.RaftServerConfigKeys (ConfUtils.java:logGet(43)) - raft.server.watch.timeout = 10s (default)
2019-09-25 11:33:42,822 [ad358f2f-1ee5-4123-8117-f622bc1dbae2@group-5D88A8ED23E1:LeaderElection14] INFO  server.RaftServerConfigKeys (ConfUtils.java:logGet(43)) - raft.server.watch.timeout.denomination = 1s (default)
2019-09-25 11:33:42,822 [ad358f2f-1ee5-4123-8117-f622bc1dbae2@group-5D88A8ED23E1:LeaderElection14] INFO  server.RaftServerConfigKeys (ConfUtils.java:logGet(43)) - raft.server.watch.element-limit = 65536 (default)
2019-09-25 11:33:42,826 [ad358f2f-1ee5-4123-8117-f622bc1dbae2@group-5D88A8ED23E1:LeaderElection14] INFO  impl.RoleInfo (RoleInfo.java:updateAndGet(143)) - ad358f2f-1ee5-4123-8117-f622bc1dbae2: start LeaderState
2019-09-25 11:33:42,826 [ad358f2f-1ee5-4123-8117-f622bc1dbae2@group-5D88A8ED23E1:LeaderElection14] INFO  segmented.SegmentedRaftLogWorker (SegmentedRaftLogWorker.java:startLogSegment(380)) - ad358f2f-1ee5-4123-8117-f622bc1dbae2@group-5D88A8ED23E1-SegmentedRaftLogWorker: Starting segment from index:0
2019-09-25 11:33:42,827 [ad358f2f-1ee5-4123-8117-f622bc1dbae2@group-5D88A8ED23E1:LeaderElection14] INFO  impl.RaftServerImpl (ServerState.java:setRaftConf(354)) - ad358f2f-1ee5-4123-8117-f622bc1dbae2@group-5D88A8ED23E1: set configuration 0: [ad358f2f-1ee5-4123-8117-f622bc1dbae2:192.168.30.6:36654], old=null at 0
2019-09-25 11:33:42,881 [ad358f2f-1ee5-4123-8117-f622bc1dbae2@group-5D88A8ED23E1-SegmentedRaftLogWorker] INFO  segmented.SegmentedRaftLogWorker (SegmentedRaftLogWorker.java:execute(569)) - ad358f2f-1ee5-4123-8117-f622bc1dbae2@group-5D88A8ED23E1-SegmentedRaftLogWorker: created new log segment /workdir/hadoop-ozone/integration-test/target/test-dir/MiniOzoneClusterImpl-af71ae92-902d-4bbe-8221-3c085bdab3fc/datanode-2/data/ratis/500cc21a-3286-414a-8888-5d88a8ed23e1/current/log_inprogress_0
2019-09-25 11:33:42,932 [Thread-240] INFO  impl.FollowerState (FollowerState.java:run(106)) - a7678dfb-b424-495f-9400-a1c16eb568c5:group-34DC4F41EDA6 changes to CANDIDATE, lastRpcTime:5127, electionTimeout:5127ms
2019-09-25 11:33:42,932 [Thread-240] INFO  impl.RoleInfo (RoleInfo.java:shutdownFollowerState(121)) - a7678dfb-b424-495f-9400-a1c16eb568c5: shutdown FollowerState
2019-09-25 11:33:42,933 [Thread-240] INFO  impl.RaftServerImpl (RaftServerImpl.java:setRole(174)) - a7678dfb-b424-495f-9400-a1c16eb568c5@group-34DC4F41EDA6: changes role from  FOLLOWER to CANDIDATE at term 0 for changeToCandidate
2019-09-25 11:33:42,933 [Thread-240] INFO  impl.RoleInfo (RoleInfo.java:updateAndGet(143)) - a7678dfb-b424-495f-9400-a1c16eb568c5: start LeaderElection
2019-09-25 11:33:42,951 [a7678dfb-b424-495f-9400-a1c16eb568c5@group-34DC4F41EDA6:LeaderElection15] INFO  impl.LeaderElection (LeaderElection.java:askForVotes(182)) - a7678dfb-b424-495f-9400-a1c16eb568c5@group-34DC4F41EDA6:LeaderElection15: begin an election at term 1 for -1: [a7678dfb-b424-495f-9400-a1c16eb568c5:192.168.30.6:45236], old=null
2019-09-25 11:33:42,952 [a7678dfb-b424-495f-9400-a1c16eb568c5@group-34DC4F41EDA6:LeaderElection15] INFO  impl.RoleInfo (RoleInfo.java:shutdownLeaderElection(134)) - a7678dfb-b424-495f-9400-a1c16eb568c5: shutdown LeaderElection
2019-09-25 11:33:42,952 [a7678dfb-b424-495f-9400-a1c16eb568c5@group-34DC4F41EDA6:LeaderElection15] INFO  impl.RaftServerImpl (RaftServerImpl.java:setRole(174)) - a7678dfb-b424-495f-9400-a1c16eb568c5@group-34DC4F41EDA6: changes role from CANDIDATE to LEADER at term 1 for changeToLeader
2019-09-25 11:33:42,952 [a7678dfb-b424-495f-9400-a1c16eb568c5@group-34DC4F41EDA6:LeaderElection15] INFO  impl.RaftServerImpl (ServerState.java:setLeader(253)) - a7678dfb-b424-495f-9400-a1c16eb568c5@group-34DC4F41EDA6: change Leader from null to a7678dfb-b424-495f-9400-a1c16eb568c5 at term 1 for becomeLeader, leader elected after 5156ms
2019-09-25 11:33:42,952 [a7678dfb-b424-495f-9400-a1c16eb568c5@group-34DC4F41EDA6:LeaderElection15] INFO  server.RaftServerConfigKeys (ConfUtils.java:logGet(43)) - raft.server.staging.catchup.gap = 1000 (default)
2019-09-25 11:33:42,952 [a7678dfb-b424-495f-9400-a1c16eb568c5@group-34DC4F41EDA6:LeaderElection15] INFO  server.RaftServerConfigKeys (ConfUtils.java:logGet(43)) - raft.server.rpc.sleep.time = 25ms (default)
2019-09-25 11:33:42,953 [a7678dfb-b424-495f-9400-a1c16eb568c5@group-34DC4F41EDA6:LeaderElection15] INFO  server.RaftServerConfigKeys (ConfUtils.java:logGet(43)) - raft.server.write.element-limit = 4096 (default)
2019-09-25 11:33:42,953 [a7678dfb-b424-495f-9400-a1c16eb568c5@group-34DC4F41EDA6:LeaderElection15] INFO  server.RaftServerConfigKeys (ConfUtils.java:logGet(43)) - raft.server.watch.timeout = 10s (default)
2019-09-25 11:33:42,953 [a7678dfb-b424-495f-9400-a1c16eb568c5@group-34DC4F41EDA6:LeaderElection15] INFO  server.RaftServerConfigKeys (ConfUtils.java:logGet(43)) - raft.server.watch.timeout.denomination = 1s (default)
2019-09-25 11:33:42,953 [a7678dfb-b424-495f-9400-a1c16eb568c5@group-34DC4F41EDA6:LeaderElection15] INFO  server.RaftServerConfigKeys (ConfUtils.java:logGet(43)) - raft.server.watch.element-limit = 65536 (default)
2019-09-25 11:33:42,964 [a7678dfb-b424-495f-9400-a1c16eb568c5@group-34DC4F41EDA6:LeaderElection15] INFO  impl.RoleInfo (RoleInfo.java:updateAndGet(143)) - a7678dfb-b424-495f-9400-a1c16eb568c5: start LeaderState
2019-09-25 11:33:42,964 [a7678dfb-b424-495f-9400-a1c16eb568c5@group-34DC4F41EDA6:LeaderElection15] INFO  segmented.SegmentedRaftLogWorker (SegmentedRaftLogWorker.java:startLogSegment(380)) - a7678dfb-b424-495f-9400-a1c16eb568c5@group-34DC4F41EDA6-SegmentedRaftLogWorker: Starting segment from index:0
2019-09-25 11:33:42,965 [a7678dfb-b424-495f-9400-a1c16eb568c5@group-34DC4F41EDA6:LeaderElection15] INFO  impl.RaftServerImpl (ServerState.java:setRaftConf(354)) - a7678dfb-b424-495f-9400-a1c16eb568c5@group-34DC4F41EDA6: set configuration 0: [a7678dfb-b424-495f-9400-a1c16eb568c5:192.168.30.6:45236], old=null at 0
2019-09-25 11:33:43,015 [a7678dfb-b424-495f-9400-a1c16eb568c5@group-34DC4F41EDA6-SegmentedRaftLogWorker] INFO  segmented.SegmentedRaftLogWorker (SegmentedRaftLogWorker.java:execute(569)) - a7678dfb-b424-495f-9400-a1c16eb568c5@group-34DC4F41EDA6-SegmentedRaftLogWorker: created new log segment /workdir/hadoop-ozone/integration-test/target/test-dir/MiniOzoneClusterImpl-af71ae92-902d-4bbe-8221-3c085bdab3fc/datanode-1/data/ratis/352c741d-e7d0-4698-b7ae-34dc4f41eda6/current/log_inprogress_0
2019-09-25 11:33:43,019 [Thread-247] INFO  impl.FollowerState (FollowerState.java:run(106)) - ad358f2f-1ee5-4123-8117-f622bc1dbae2:group-4C46E303E63A changes to CANDIDATE, lastRpcTime:5070, electionTimeout:5070ms
2019-09-25 11:33:43,019 [Thread-247] INFO  impl.RoleInfo (RoleInfo.java:shutdownFollowerState(121)) - ad358f2f-1ee5-4123-8117-f622bc1dbae2: shutdown FollowerState
2019-09-25 11:33:43,019 [Thread-247] INFO  impl.RaftServerImpl (RaftServerImpl.java:setRole(174)) - ad358f2f-1ee5-4123-8117-f622bc1dbae2@group-4C46E303E63A: changes role from  FOLLOWER to CANDIDATE at term 0 for changeToCandidate
2019-09-25 11:33:43,020 [Thread-247] INFO  impl.RoleInfo (RoleInfo.java:updateAndGet(143)) - ad358f2f-1ee5-4123-8117-f622bc1dbae2: start LeaderElection
2019-09-25 11:33:43,028 [ad358f2f-1ee5-4123-8117-f622bc1dbae2@group-4C46E303E63A:LeaderElection16] INFO  impl.LeaderElection (LeaderElection.java:askForVotes(182)) - ad358f2f-1ee5-4123-8117-f622bc1dbae2@group-4C46E303E63A:LeaderElection16: begin an election at term 1 for -1: [ad358f2f-1ee5-4123-8117-f622bc1dbae2:192.168.30.6:36654], old=null
2019-09-25 11:33:43,028 [ad358f2f-1ee5-4123-8117-f622bc1dbae2@group-4C46E303E63A:LeaderElection16] INFO  impl.RoleInfo (RoleInfo.java:shutdownLeaderElection(134)) - ad358f2f-1ee5-4123-8117-f622bc1dbae2: shutdown LeaderElection
2019-09-25 11:33:43,028 [ad358f2f-1ee5-4123-8117-f622bc1dbae2@group-4C46E303E63A:LeaderElection16] INFO  impl.RaftServerImpl (RaftServerImpl.java:setRole(174)) - ad358f2f-1ee5-4123-8117-f622bc1dbae2@group-4C46E303E63A: changes role from CANDIDATE to LEADER at term 1 for changeToLeader
2019-09-25 11:33:43,028 [ad358f2f-1ee5-4123-8117-f622bc1dbae2@group-4C46E303E63A:LeaderElection16] INFO  impl.RaftServerImpl (ServerState.java:setLeader(253)) - ad358f2f-1ee5-4123-8117-f622bc1dbae2@group-4C46E303E63A: change Leader from null to ad358f2f-1ee5-4123-8117-f622bc1dbae2 at term 1 for becomeLeader, leader elected after 5088ms
2019-09-25 11:33:43,029 [ad358f2f-1ee5-4123-8117-f622bc1dbae2@group-4C46E303E63A:LeaderElection16] INFO  server.RaftServerConfigKeys (ConfUtils.java:logGet(43)) - raft.server.staging.catchup.gap = 1000 (default)
2019-09-25 11:33:43,029 [ad358f2f-1ee5-4123-8117-f622bc1dbae2@group-4C46E303E63A:LeaderElection16] INFO  server.RaftServerConfigKeys (ConfUtils.java:logGet(43)) - raft.server.rpc.sleep.time = 25ms (default)
2019-09-25 11:33:43,029 [ad358f2f-1ee5-4123-8117-f622bc1dbae2@group-4C46E303E63A:LeaderElection16] INFO  server.RaftServerConfigKeys (ConfUtils.java:logGet(43)) - raft.server.write.element-limit = 4096 (default)
2019-09-25 11:33:43,029 [ad358f2f-1ee5-4123-8117-f622bc1dbae2@group-4C46E303E63A:LeaderElection16] INFO  server.RaftServerConfigKeys (ConfUtils.java:logGet(43)) - raft.server.watch.timeout = 10s (default)
2019-09-25 11:33:43,030 [ad358f2f-1ee5-4123-8117-f622bc1dbae2@group-4C46E303E63A:LeaderElection16] INFO  server.RaftServerConfigKeys (ConfUtils.java:logGet(43)) - raft.server.watch.timeout.denomination = 1s (default)
2019-09-25 11:33:43,030 [ad358f2f-1ee5-4123-8117-f622bc1dbae2@group-4C46E303E63A:LeaderElection16] INFO  server.RaftServerConfigKeys (ConfUtils.java:logGet(43)) - raft.server.watch.element-limit = 65536 (default)
2019-09-25 11:33:43,034 [ad358f2f-1ee5-4123-8117-f622bc1dbae2@group-4C46E303E63A:LeaderElection16] INFO  impl.RoleInfo (RoleInfo.java:updateAndGet(143)) - ad358f2f-1ee5-4123-8117-f622bc1dbae2: start LeaderState
2019-09-25 11:33:43,035 [ad358f2f-1ee5-4123-8117-f622bc1dbae2@group-4C46E303E63A:LeaderElection16] INFO  segmented.SegmentedRaftLogWorker (SegmentedRaftLogWorker.java:startLogSegment(380)) - ad358f2f-1ee5-4123-8117-f622bc1dbae2@group-4C46E303E63A-SegmentedRaftLogWorker: Starting segment from index:0
2019-09-25 11:33:43,036 [ad358f2f-1ee5-4123-8117-f622bc1dbae2@group-4C46E303E63A:LeaderElection16] INFO  impl.RaftServerImpl (ServerState.java:setRaftConf(354)) - ad358f2f-1ee5-4123-8117-f622bc1dbae2@group-4C46E303E63A: set configuration 0: [ad358f2f-1ee5-4123-8117-f622bc1dbae2:192.168.30.6:36654], old=null at 0
2019-09-25 11:33:43,069 [Thread-250] INFO  impl.FollowerState (FollowerState.java:run(106)) - a7678dfb-b424-495f-9400-a1c16eb568c5:group-61FC9A91C074 changes to CANDIDATE, lastRpcTime:5066, electionTimeout:5066ms
2019-09-25 11:33:43,069 [Thread-250] INFO  impl.RoleInfo (RoleInfo.java:shutdownFollowerState(121)) - a7678dfb-b424-495f-9400-a1c16eb568c5: shutdown FollowerState
2019-09-25 11:33:43,069 [Thread-250] INFO  impl.RaftServerImpl (RaftServerImpl.java:setRole(174)) - a7678dfb-b424-495f-9400-a1c16eb568c5@group-61FC9A91C074: changes role from  FOLLOWER to CANDIDATE at term 0 for changeToCandidate
2019-09-25 11:33:43,070 [Thread-250] INFO  impl.RoleInfo (RoleInfo.java:updateAndGet(143)) - a7678dfb-b424-495f-9400-a1c16eb568c5: start LeaderElection
2019-09-25 11:33:43,074 [Thread-244] INFO  impl.FollowerState (FollowerState.java:run(106)) - ad358f2f-1ee5-4123-8117-f622bc1dbae2:group-5B08CABAAA9E changes to CANDIDATE, lastRpcTime:5192, electionTimeout:5191ms
2019-09-25 11:33:43,075 [Thread-244] INFO  impl.RoleInfo (RoleInfo.java:shutdownFollowerState(121)) - ad358f2f-1ee5-4123-8117-f622bc1dbae2: shutdown FollowerState
2019-09-25 11:33:43,075 [Thread-244] INFO  impl.RaftServerImpl (RaftServerImpl.java:setRole(174)) - ad358f2f-1ee5-4123-8117-f622bc1dbae2@group-5B08CABAAA9E: changes role from  FOLLOWER to CANDIDATE at term 0 for changeToCandidate
2019-09-25 11:33:43,076 [Thread-244] INFO  impl.RoleInfo (RoleInfo.java:updateAndGet(143)) - ad358f2f-1ee5-4123-8117-f622bc1dbae2: start LeaderElection
2019-09-25 11:33:43,077 [Thread-254] INFO  impl.FollowerState (FollowerState.java:run(106)) - 6cfaa380-1edb-48fc-b1d5-4f0afaf83adf:group-DFE040358690 changes to CANDIDATE, lastRpcTime:5008, electionTimeout:5008ms
2019-09-25 11:33:43,081 [Thread-254] INFO  impl.RoleInfo (RoleInfo.java:shutdownFollowerState(121)) - 6cfaa380-1edb-48fc-b1d5-4f0afaf83adf: shutdown FollowerState
2019-09-25 11:33:43,081 [Thread-254] INFO  impl.RaftServerImpl (RaftServerImpl.java:setRole(174)) - 6cfaa380-1edb-48fc-b1d5-4f0afaf83adf@group-DFE040358690: changes role from  FOLLOWER to CANDIDATE at term 0 for changeToCandidate
2019-09-25 11:33:43,082 [Thread-254] INFO  impl.RoleInfo (RoleInfo.java:updateAndGet(143)) - 6cfaa380-1edb-48fc-b1d5-4f0afaf83adf: start LeaderElection
2019-09-25 11:33:43,082 [ad358f2f-1ee5-4123-8117-f622bc1dbae2@group-4C46E303E63A-SegmentedRaftLogWorker] INFO  segmented.SegmentedRaftLogWorker (SegmentedRaftLogWorker.java:execute(569)) - ad358f2f-1ee5-4123-8117-f622bc1dbae2@group-4C46E303E63A-SegmentedRaftLogWorker: created new log segment /workdir/hadoop-ozone/integration-test/target/test-dir/MiniOzoneClusterImpl-af71ae92-902d-4bbe-8221-3c085bdab3fc/datanode-2/data/ratis/be667933-2d0a-4ecd-992c-4c46e303e63a/current/log_inprogress_0
2019-09-25 11:33:43,082 [a7678dfb-b424-495f-9400-a1c16eb568c5@group-61FC9A91C074:LeaderElection17] INFO  impl.LeaderElection (LeaderElection.java:askForVotes(182)) - a7678dfb-b424-495f-9400-a1c16eb568c5@group-61FC9A91C074:LeaderElection17: begin an election at term 1 for -1: [a7678dfb-b424-495f-9400-a1c16eb568c5:192.168.30.6:45236], old=null
2019-09-25 11:33:43,085 [a7678dfb-b424-495f-9400-a1c16eb568c5@group-61FC9A91C074:LeaderElection17] INFO  impl.RoleInfo (RoleInfo.java:shutdownLeaderElection(134)) - a7678dfb-b424-495f-9400-a1c16eb568c5: shutdown LeaderElection
2019-09-25 11:33:43,087 [a7678dfb-b424-495f-9400-a1c16eb568c5@group-61FC9A91C074:LeaderElection17] INFO  impl.RaftServerImpl (RaftServerImpl.java:setRole(174)) - a7678dfb-b424-495f-9400-a1c16eb568c5@group-61FC9A91C074: changes role from CANDIDATE to LEADER at term 1 for changeToLeader
2019-09-25 11:33:43,087 [a7678dfb-b424-495f-9400-a1c16eb568c5@group-61FC9A91C074:LeaderElection17] INFO  impl.RaftServerImpl (ServerState.java:setLeader(253)) - a7678dfb-b424-495f-9400-a1c16eb568c5@group-61FC9A91C074: change Leader from null to a7678dfb-b424-495f-9400-a1c16eb568c5 at term 1 for becomeLeader, leader elected after 5091ms
2019-09-25 11:33:43,087 [a7678dfb-b424-495f-9400-a1c16eb568c5@group-61FC9A91C074:LeaderElection17] INFO  server.RaftServerConfigKeys (ConfUtils.java:logGet(43)) - raft.server.staging.catchup.gap = 1000 (default)
2019-09-25 11:33:43,087 [a7678dfb-b424-495f-9400-a1c16eb568c5@group-61FC9A91C074:LeaderElection17] INFO  server.RaftServerConfigKeys (ConfUtils.java:logGet(43)) - raft.server.rpc.sleep.time = 25ms (default)
2019-09-25 11:33:43,087 [a7678dfb-b424-495f-9400-a1c16eb568c5@group-61FC9A91C074:LeaderElection17] INFO  server.RaftServerConfigKeys (ConfUtils.java:logGet(43)) - raft.server.write.element-limit = 4096 (default)
2019-09-25 11:33:43,088 [a7678dfb-b424-495f-9400-a1c16eb568c5@group-61FC9A91C074:LeaderElection17] INFO  server.RaftServerConfigKeys (ConfUtils.java:logGet(43)) - raft.server.watch.timeout = 10s (default)
2019-09-25 11:33:43,088 [a7678dfb-b424-495f-9400-a1c16eb568c5@group-61FC9A91C074:LeaderElection17] INFO  server.RaftServerConfigKeys (ConfUtils.java:logGet(43)) - raft.server.watch.timeout.denomination = 1s (default)
2019-09-25 11:33:43,088 [a7678dfb-b424-495f-9400-a1c16eb568c5@group-61FC9A91C074:LeaderElection17] INFO  server.RaftServerConfigKeys (ConfUtils.java:logGet(43)) - raft.server.watch.element-limit = 65536 (default)
2019-09-25 11:33:43,092 [a7678dfb-b424-495f-9400-a1c16eb568c5@group-61FC9A91C074:LeaderElection17] INFO  impl.RoleInfo (RoleInfo.java:updateAndGet(143)) - a7678dfb-b424-495f-9400-a1c16eb568c5: start LeaderState
2019-09-25 11:33:43,092 [a7678dfb-b424-495f-9400-a1c16eb568c5@group-61FC9A91C074:LeaderElection17] INFO  segmented.SegmentedRaftLogWorker (SegmentedRaftLogWorker.java:startLogSegment(380)) - a7678dfb-b424-495f-9400-a1c16eb568c5@group-61FC9A91C074-SegmentedRaftLogWorker: Starting segment from index:0
2019-09-25 11:33:43,092 [a7678dfb-b424-495f-9400-a1c16eb568c5@group-61FC9A91C074:LeaderElection17] INFO  impl.RaftServerImpl (ServerState.java:setRaftConf(354)) - a7678dfb-b424-495f-9400-a1c16eb568c5@group-61FC9A91C074: set configuration 0: [a7678dfb-b424-495f-9400-a1c16eb568c5:192.168.30.6:45236], old=null at 0
2019-09-25 11:33:43,131 [6cfaa380-1edb-48fc-b1d5-4f0afaf83adf@group-DFE040358690:LeaderElection19] INFO  impl.LeaderElection (LeaderElection.java:askForVotes(182)) - 6cfaa380-1edb-48fc-b1d5-4f0afaf83adf@group-DFE040358690:LeaderElection19: begin an election at term 1 for -1: [6cfaa380-1edb-48fc-b1d5-4f0afaf83adf:192.168.30.6:45132], old=null
2019-09-25 11:33:43,131 [ad358f2f-1ee5-4123-8117-f622bc1dbae2@group-5B08CABAAA9E:LeaderElection18] INFO  impl.LeaderElection (LeaderElection.java:askForVotes(182)) - ad358f2f-1ee5-4123-8117-f622bc1dbae2@group-5B08CABAAA9E:LeaderElection18: begin an election at term 1 for -1: [ad358f2f-1ee5-4123-8117-f622bc1dbae2:192.168.30.6:36654], old=null
2019-09-25 11:33:43,132 [6cfaa380-1edb-48fc-b1d5-4f0afaf83adf@group-DFE040358690:LeaderElection19] INFO  impl.RoleInfo (RoleInfo.java:shutdownLeaderElection(134)) - 6cfaa380-1edb-48fc-b1d5-4f0afaf83adf: shutdown LeaderElection
2019-09-25 11:33:43,132 [ad358f2f-1ee5-4123-8117-f622bc1dbae2@group-5B08CABAAA9E:LeaderElection18] INFO  impl.RoleInfo (RoleInfo.java:shutdownLeaderElection(134)) - ad358f2f-1ee5-4123-8117-f622bc1dbae2: shutdown LeaderElection
2019-09-25 11:33:43,132 [6cfaa380-1edb-48fc-b1d5-4f0afaf83adf@group-DFE040358690:LeaderElection19] INFO  impl.RaftServerImpl (RaftServerImpl.java:setRole(174)) - 6cfaa380-1edb-48fc-b1d5-4f0afaf83adf@group-DFE040358690: changes role from CANDIDATE to LEADER at term 1 for changeToLeader
2019-09-25 11:33:43,132 [ad358f2f-1ee5-4123-8117-f622bc1dbae2@group-5B08CABAAA9E:LeaderElection18] INFO  impl.RaftServerImpl (RaftServerImpl.java:setRole(174)) - ad358f2f-1ee5-4123-8117-f622bc1dbae2@group-5B08CABAAA9E: changes role from CANDIDATE to LEADER at term 1 for changeToLeader
2019-09-25 11:33:43,133 [6cfaa380-1edb-48fc-b1d5-4f0afaf83adf@group-DFE040358690:LeaderElection19] INFO  impl.RaftServerImpl (ServerState.java:setLeader(253)) - 6cfaa380-1edb-48fc-b1d5-4f0afaf83adf@group-DFE040358690: change Leader from null to 6cfaa380-1edb-48fc-b1d5-4f0afaf83adf at term 1 for becomeLeader, leader elected after 5071ms
2019-09-25 11:33:43,133 [ad358f2f-1ee5-4123-8117-f622bc1dbae2@group-5B08CABAAA9E:LeaderElection18] INFO  impl.RaftServerImpl (ServerState.java:setLeader(253)) - ad358f2f-1ee5-4123-8117-f622bc1dbae2@group-5B08CABAAA9E: change Leader from null to ad358f2f-1ee5-4123-8117-f622bc1dbae2 at term 1 for becomeLeader, leader elected after 5259ms
2019-09-25 11:33:43,133 [6cfaa380-1edb-48fc-b1d5-4f0afaf83adf@group-DFE040358690:LeaderElection19] INFO  server.RaftServerConfigKeys (ConfUtils.java:logGet(43)) - raft.server.staging.catchup.gap = 1000 (default)
2019-09-25 11:33:43,133 [ad358f2f-1ee5-4123-8117-f622bc1dbae2@group-5B08CABAAA9E:LeaderElection18] INFO  server.RaftServerConfigKeys (ConfUtils.java:logGet(43)) - raft.server.staging.catchup.gap = 1000 (default)
2019-09-25 11:33:43,133 [6cfaa380-1edb-48fc-b1d5-4f0afaf83adf@group-DFE040358690:LeaderElection19] INFO  server.RaftServerConfigKeys (ConfUtils.java:logGet(43)) - raft.server.rpc.sleep.time = 25ms (default)
2019-09-25 11:33:43,134 [ad358f2f-1ee5-4123-8117-f622bc1dbae2@group-5B08CABAAA9E:LeaderElection18] INFO  server.RaftServerConfigKeys (ConfUtils.java:logGet(43)) - raft.server.rpc.sleep.time = 25ms (default)
2019-09-25 11:33:43,134 [6cfaa380-1edb-48fc-b1d5-4f0afaf83adf@group-DFE040358690:LeaderElection19] INFO  server.RaftServerConfigKeys (ConfUtils.java:logGet(43)) - raft.server.write.element-limit = 4096 (default)
2019-09-25 11:33:43,134 [ad358f2f-1ee5-4123-8117-f622bc1dbae2@group-5B08CABAAA9E:LeaderElection18] INFO  server.RaftServerConfigKeys (ConfUtils.java:logGet(43)) - raft.server.write.element-limit = 4096 (default)
2019-09-25 11:33:43,134 [6cfaa380-1edb-48fc-b1d5-4f0afaf83adf@group-DFE040358690:LeaderElection19] INFO  server.RaftServerConfigKeys (ConfUtils.java:logGet(43)) - raft.server.watch.timeout = 10s (default)
2019-09-25 11:33:43,134 [ad358f2f-1ee5-4123-8117-f622bc1dbae2@group-5B08CABAAA9E:LeaderElection18] INFO  server.RaftServerConfigKeys (ConfUtils.java:logGet(43)) - raft.server.watch.timeout = 10s (default)
2019-09-25 11:33:43,134 [6cfaa380-1edb-48fc-b1d5-4f0afaf83adf@group-DFE040358690:LeaderElection19] INFO  server.RaftServerConfigKeys (ConfUtils.java:logGet(43)) - raft.server.watch.timeout.denomination = 1s (default)
2019-09-25 11:33:43,135 [ad358f2f-1ee5-4123-8117-f622bc1dbae2@group-5B08CABAAA9E:LeaderElection18] INFO  server.RaftServerConfigKeys (ConfUtils.java:logGet(43)) - raft.server.watch.timeout.denomination = 1s (default)
2019-09-25 11:33:43,135 [6cfaa380-1edb-48fc-b1d5-4f0afaf83adf@group-DFE040358690:LeaderElection19] INFO  server.RaftServerConfigKeys (ConfUtils.java:logGet(43)) - raft.server.watch.element-limit = 65536 (default)
2019-09-25 11:33:43,135 [ad358f2f-1ee5-4123-8117-f622bc1dbae2@group-5B08CABAAA9E:LeaderElection18] INFO  server.RaftServerConfigKeys (ConfUtils.java:logGet(43)) - raft.server.watch.element-limit = 65536 (default)
2019-09-25 11:33:43,140 [6cfaa380-1edb-48fc-b1d5-4f0afaf83adf@group-DFE040358690:LeaderElection19] INFO  impl.RoleInfo (RoleInfo.java:updateAndGet(143)) - 6cfaa380-1edb-48fc-b1d5-4f0afaf83adf: start LeaderState
2019-09-25 11:33:43,141 [6cfaa380-1edb-48fc-b1d5-4f0afaf83adf@group-DFE040358690:LeaderElection19] INFO  segmented.SegmentedRaftLogWorker (SegmentedRaftLogWorker.java:startLogSegment(380)) - 6cfaa380-1edb-48fc-b1d5-4f0afaf83adf@group-DFE040358690-SegmentedRaftLogWorker: Starting segment from index:0
2019-09-25 11:33:43,141 [ad358f2f-1ee5-4123-8117-f622bc1dbae2@group-5B08CABAAA9E:LeaderElection18] INFO  impl.RoleInfo (RoleInfo.java:updateAndGet(143)) - ad358f2f-1ee5-4123-8117-f622bc1dbae2: start LeaderState
2019-09-25 11:33:43,141 [ad358f2f-1ee5-4123-8117-f622bc1dbae2@group-5B08CABAAA9E:LeaderElection18] INFO  segmented.SegmentedRaftLogWorker (SegmentedRaftLogWorker.java:startLogSegment(380)) - ad358f2f-1ee5-4123-8117-f622bc1dbae2@group-5B08CABAAA9E-SegmentedRaftLogWorker: Starting segment from index:0
2019-09-25 11:33:43,141 [6cfaa380-1edb-48fc-b1d5-4f0afaf83adf@group-DFE040358690:LeaderElection19] INFO  impl.RaftServerImpl (ServerState.java:setRaftConf(354)) - 6cfaa380-1edb-48fc-b1d5-4f0afaf83adf@group-DFE040358690: set configuration 0: [6cfaa380-1edb-48fc-b1d5-4f0afaf83adf:192.168.30.6:45132], old=null at 0
2019-09-25 11:33:43,178 [a7678dfb-b424-495f-9400-a1c16eb568c5@group-61FC9A91C074-SegmentedRaftLogWorker] INFO  segmented.SegmentedRaftLogWorker (SegmentedRaftLogWorker.java:execute(569)) - a7678dfb-b424-495f-9400-a1c16eb568c5@group-61FC9A91C074-SegmentedRaftLogWorker: created new log segment /workdir/hadoop-ozone/integration-test/target/test-dir/MiniOzoneClusterImpl-af71ae92-902d-4bbe-8221-3c085bdab3fc/datanode-1/data/ratis/5b4d6f3c-4786-4990-95d6-61fc9a91c074/current/log_inprogress_0
2019-09-25 11:33:43,179 [ad358f2f-1ee5-4123-8117-f622bc1dbae2@group-5B08CABAAA9E:LeaderElection18] INFO  impl.RaftServerImpl (ServerState.java:setRaftConf(354)) - ad358f2f-1ee5-4123-8117-f622bc1dbae2@group-5B08CABAAA9E: set configuration 0: [ad358f2f-1ee5-4123-8117-f622bc1dbae2:192.168.30.6:36654], old=null at 0
2019-09-25 11:33:43,224 [6cfaa380-1edb-48fc-b1d5-4f0afaf83adf@group-DFE040358690-SegmentedRaftLogWorker] INFO  segmented.SegmentedRaftLogWorker (SegmentedRaftLogWorker.java:execute(569)) - 6cfaa380-1edb-48fc-b1d5-4f0afaf83adf@group-DFE040358690-SegmentedRaftLogWorker: created new log segment /workdir/hadoop-ozone/integration-test/target/test-dir/MiniOzoneClusterImpl-af71ae92-902d-4bbe-8221-3c085bdab3fc/datanode-3/data/ratis/ea0e02d8-3fac-4c6d-acca-dfe040358690/current/log_inprogress_0
2019-09-25 11:33:43,236 [ad358f2f-1ee5-4123-8117-f622bc1dbae2@group-5B08CABAAA9E-SegmentedRaftLogWorker] INFO  segmented.SegmentedRaftLogWorker (SegmentedRaftLogWorker.java:execute(569)) - ad358f2f-1ee5-4123-8117-f622bc1dbae2@group-5B08CABAAA9E-SegmentedRaftLogWorker: created new log segment /workdir/hadoop-ozone/integration-test/target/test-dir/MiniOzoneClusterImpl-af71ae92-902d-4bbe-8221-3c085bdab3fc/datanode-2/data/ratis/11f2cd78-3df3-40d3-8398-5b08cabaaa9e/current/log_inprogress_0
2019-09-25 11:33:43,586 [Thread-258] INFO  impl.FollowerState (FollowerState.java:run(106)) - a7678dfb-b424-495f-9400-a1c16eb568c5:group-918DFEB951AC changes to CANDIDATE, lastRpcTime:5037, electionTimeout:5033ms
2019-09-25 11:33:43,587 [Thread-258] INFO  impl.RoleInfo (RoleInfo.java:shutdownFollowerState(121)) - a7678dfb-b424-495f-9400-a1c16eb568c5: shutdown FollowerState
2019-09-25 11:33:43,587 [Thread-258] INFO  impl.RaftServerImpl (RaftServerImpl.java:setRole(174)) - a7678dfb-b424-495f-9400-a1c16eb568c5@group-918DFEB951AC: changes role from  FOLLOWER to CANDIDATE at term 0 for changeToCandidate
2019-09-25 11:33:43,587 [Thread-258] INFO  impl.RoleInfo (RoleInfo.java:updateAndGet(143)) - a7678dfb-b424-495f-9400-a1c16eb568c5: start LeaderElection
2019-09-25 11:33:43,617 [a7678dfb-b424-495f-9400-a1c16eb568c5@group-918DFEB951AC:LeaderElection20] INFO  impl.LeaderElection (LeaderElection.java:askForVotes(182)) - a7678dfb-b424-495f-9400-a1c16eb568c5@group-918DFEB951AC:LeaderElection20: begin an election at term 1 for -1: [a7678dfb-b424-495f-9400-a1c16eb568c5:192.168.30.6:45236], old=null
2019-09-25 11:33:43,617 [a7678dfb-b424-495f-9400-a1c16eb568c5@group-918DFEB951AC:LeaderElection20] INFO  impl.RoleInfo (RoleInfo.java:shutdownLeaderElection(134)) - a7678dfb-b424-495f-9400-a1c16eb568c5: shutdown LeaderElection
2019-09-25 11:33:43,617 [a7678dfb-b424-495f-9400-a1c16eb568c5@group-918DFEB951AC:LeaderElection20] INFO  impl.RaftServerImpl (RaftServerImpl.java:setRole(174)) - a7678dfb-b424-495f-9400-a1c16eb568c5@group-918DFEB951AC: changes role from CANDIDATE to LEADER at term 1 for changeToLeader
2019-09-25 11:33:43,617 [a7678dfb-b424-495f-9400-a1c16eb568c5@group-918DFEB951AC:LeaderElection20] INFO  impl.RaftServerImpl (ServerState.java:setLeader(253)) - a7678dfb-b424-495f-9400-a1c16eb568c5@group-918DFEB951AC: change Leader from null to a7678dfb-b424-495f-9400-a1c16eb568c5 at term 1 for becomeLeader, leader elected after 5104ms
2019-09-25 11:33:43,618 [a7678dfb-b424-495f-9400-a1c16eb568c5@group-918DFEB951AC:LeaderElection20] INFO  server.RaftServerConfigKeys (ConfUtils.java:logGet(43)) - raft.server.staging.catchup.gap = 1000 (default)
2019-09-25 11:33:43,618 [a7678dfb-b424-495f-9400-a1c16eb568c5@group-918DFEB951AC:LeaderElection20] INFO  server.RaftServerConfigKeys (ConfUtils.java:logGet(43)) - raft.server.rpc.sleep.time = 25ms (default)
2019-09-25 11:33:43,618 [a7678dfb-b424-495f-9400-a1c16eb568c5@group-918DFEB951AC:LeaderElection20] INFO  server.RaftServerConfigKeys (ConfUtils.java:logGet(43)) - raft.server.write.element-limit = 4096 (default)
2019-09-25 11:33:43,618 [a7678dfb-b424-495f-9400-a1c16eb568c5@group-918DFEB951AC:LeaderElection20] INFO  server.RaftServerConfigKeys (ConfUtils.java:logGet(43)) - raft.server.watch.timeout = 10s (default)
2019-09-25 11:33:43,619 [a7678dfb-b424-495f-9400-a1c16eb568c5@group-918DFEB951AC:LeaderElection20] INFO  server.RaftServerConfigKeys (ConfUtils.java:logGet(43)) - raft.server.watch.timeout.denomination = 1s (default)
2019-09-25 11:33:43,619 [a7678dfb-b424-495f-9400-a1c16eb568c5@group-918DFEB951AC:LeaderElection20] INFO  server.RaftServerConfigKeys (ConfUtils.java:logGet(43)) - raft.server.watch.element-limit = 65536 (default)
2019-09-25 11:33:43,623 [a7678dfb-b424-495f-9400-a1c16eb568c5@group-918DFEB951AC:LeaderElection20] INFO  impl.RoleInfo (RoleInfo.java:updateAndGet(143)) - a7678dfb-b424-495f-9400-a1c16eb568c5: start LeaderState
2019-09-25 11:33:43,624 [a7678dfb-b424-495f-9400-a1c16eb568c5@group-918DFEB951AC:LeaderElection20] INFO  segmented.SegmentedRaftLogWorker (SegmentedRaftLogWorker.java:startLogSegment(380)) - a7678dfb-b424-495f-9400-a1c16eb568c5@group-918DFEB951AC-SegmentedRaftLogWorker: Starting segment from index:0
2019-09-25 11:33:43,624 [a7678dfb-b424-495f-9400-a1c16eb568c5@group-918DFEB951AC:LeaderElection20] INFO  impl.RaftServerImpl (ServerState.java:setRaftConf(354)) - a7678dfb-b424-495f-9400-a1c16eb568c5@group-918DFEB951AC: set configuration 0: [a7678dfb-b424-495f-9400-a1c16eb568c5:192.168.30.6:45236], old=null at 0
2019-09-25 11:33:43,677 [a7678dfb-b424-495f-9400-a1c16eb568c5@group-918DFEB951AC-SegmentedRaftLogWorker] INFO  segmented.SegmentedRaftLogWorker (SegmentedRaftLogWorker.java:execute(569)) - a7678dfb-b424-495f-9400-a1c16eb568c5@group-918DFEB951AC-SegmentedRaftLogWorker: created new log segment /workdir/hadoop-ozone/integration-test/target/test-dir/MiniOzoneClusterImpl-af71ae92-902d-4bbe-8221-3c085bdab3fc/datanode-1/data/ratis/1b349146-aeee-4e75-90f8-918dfeb951ac/current/log_inprogress_0
2019-09-25 11:33:43,698 [Thread-265] INFO  impl.FollowerState (FollowerState.java:run(106)) - 6cfaa380-1edb-48fc-b1d5-4f0afaf83adf:group-1CC808665459 changes to CANDIDATE, lastRpcTime:5005, electionTimeout:5005ms
2019-09-25 11:33:43,699 [Thread-265] INFO  impl.RoleInfo (RoleInfo.java:shutdownFollowerState(121)) - 6cfaa380-1edb-48fc-b1d5-4f0afaf83adf: shutdown FollowerState
2019-09-25 11:33:43,699 [Thread-265] INFO  impl.RaftServerImpl (RaftServerImpl.java:setRole(174)) - 6cfaa380-1edb-48fc-b1d5-4f0afaf83adf@group-1CC808665459: changes role from  FOLLOWER to CANDIDATE at term 0 for changeToCandidate
2019-09-25 11:33:43,699 [Thread-265] INFO  impl.RoleInfo (RoleInfo.java:updateAndGet(143)) - 6cfaa380-1edb-48fc-b1d5-4f0afaf83adf: start LeaderElection
2019-09-25 11:33:43,709 [6cfaa380-1edb-48fc-b1d5-4f0afaf83adf@group-1CC808665459:LeaderElection21] INFO  impl.LeaderElection (LeaderElection.java:askForVotes(182)) - 6cfaa380-1edb-48fc-b1d5-4f0afaf83adf@group-1CC808665459:LeaderElection21: begin an election at term 1 for -1: [6cfaa380-1edb-48fc-b1d5-4f0afaf83adf:192.168.30.6:45132], old=null
2019-09-25 11:33:43,709 [6cfaa380-1edb-48fc-b1d5-4f0afaf83adf@group-1CC808665459:LeaderElection21] INFO  impl.RoleInfo (RoleInfo.java:shutdownLeaderElection(134)) - 6cfaa380-1edb-48fc-b1d5-4f0afaf83adf: shutdown LeaderElection
2019-09-25 11:33:43,710 [6cfaa380-1edb-48fc-b1d5-4f0afaf83adf@group-1CC808665459:LeaderElection21] INFO  impl.RaftServerImpl (RaftServerImpl.java:setRole(174)) - 6cfaa380-1edb-48fc-b1d5-4f0afaf83adf@group-1CC808665459: changes role from CANDIDATE to LEADER at term 1 for changeToLeader
2019-09-25 11:33:43,710 [6cfaa380-1edb-48fc-b1d5-4f0afaf83adf@group-1CC808665459:LeaderElection21] INFO  impl.RaftServerImpl (ServerState.java:setLeader(253)) - 6cfaa380-1edb-48fc-b1d5-4f0afaf83adf@group-1CC808665459: change Leader from null to 6cfaa380-1edb-48fc-b1d5-4f0afaf83adf at term 1 for becomeLeader, leader elected after 5024ms
2019-09-25 11:33:43,710 [6cfaa380-1edb-48fc-b1d5-4f0afaf83adf@group-1CC808665459:LeaderElection21] INFO  server.RaftServerConfigKeys (ConfUtils.java:logGet(43)) - raft.server.staging.catchup.gap = 1000 (default)
2019-09-25 11:33:43,710 [6cfaa380-1edb-48fc-b1d5-4f0afaf83adf@group-1CC808665459:LeaderElection21] INFO  server.RaftServerConfigKeys (ConfUtils.java:logGet(43)) - raft.server.rpc.sleep.time = 25ms (default)
2019-09-25 11:33:43,711 [6cfaa380-1edb-48fc-b1d5-4f0afaf83adf@group-1CC808665459:LeaderElection21] INFO  server.RaftServerConfigKeys (ConfUtils.java:logGet(43)) - raft.server.write.element-limit = 4096 (default)
2019-09-25 11:33:43,711 [6cfaa380-1edb-48fc-b1d5-4f0afaf83adf@group-1CC808665459:LeaderElection21] INFO  server.RaftServerConfigKeys (ConfUtils.java:logGet(43)) - raft.server.watch.timeout = 10s (default)
2019-09-25 11:33:43,711 [6cfaa380-1edb-48fc-b1d5-4f0afaf83adf@group-1CC808665459:LeaderElection21] INFO  server.RaftServerConfigKeys (ConfUtils.java:logGet(43)) - raft.server.watch.timeout.denomination = 1s (default)
2019-09-25 11:33:43,711 [6cfaa380-1edb-48fc-b1d5-4f0afaf83adf@group-1CC808665459:LeaderElection21] INFO  server.RaftServerConfigKeys (ConfUtils.java:logGet(43)) - raft.server.watch.element-limit = 65536 (default)
2019-09-25 11:33:43,715 [6cfaa380-1edb-48fc-b1d5-4f0afaf83adf@group-1CC808665459:LeaderElection21] INFO  impl.RoleInfo (RoleInfo.java:updateAndGet(143)) - 6cfaa380-1edb-48fc-b1d5-4f0afaf83adf: start LeaderState
2019-09-25 11:33:43,715 [6cfaa380-1edb-48fc-b1d5-4f0afaf83adf@group-1CC808665459:LeaderElection21] INFO  segmented.SegmentedRaftLogWorker (SegmentedRaftLogWorker.java:startLogSegment(380)) - 6cfaa380-1edb-48fc-b1d5-4f0afaf83adf@group-1CC808665459-SegmentedRaftLogWorker: Starting segment from index:0
2019-09-25 11:33:43,716 [6cfaa380-1edb-48fc-b1d5-4f0afaf83adf@group-1CC808665459:LeaderElection21] INFO  impl.RaftServerImpl (ServerState.java:setRaftConf(354)) - 6cfaa380-1edb-48fc-b1d5-4f0afaf83adf@group-1CC808665459: set configuration 0: [6cfaa380-1edb-48fc-b1d5-4f0afaf83adf:192.168.30.6:45132], old=null at 0
2019-09-25 11:33:43,770 [6cfaa380-1edb-48fc-b1d5-4f0afaf83adf@group-1CC808665459-SegmentedRaftLogWorker] INFO  segmented.SegmentedRaftLogWorker (SegmentedRaftLogWorker.java:execute(569)) - 6cfaa380-1edb-48fc-b1d5-4f0afaf83adf@group-1CC808665459-SegmentedRaftLogWorker: created new log segment /workdir/hadoop-ozone/integration-test/target/test-dir/MiniOzoneClusterImpl-af71ae92-902d-4bbe-8221-3c085bdab3fc/datanode-3/data/ratis/a6e813ba-1305-4947-9de0-1cc808665459/current/log_inprogress_0
2019-09-25 11:33:43,774 [Thread-262] INFO  impl.FollowerState (FollowerState.java:run(106)) - ad358f2f-1ee5-4123-8117-f622bc1dbae2:group-EE0D3B1F1CEF changes to CANDIDATE, lastRpcTime:5142, electionTimeout:5142ms
2019-09-25 11:33:43,774 [Thread-262] INFO  impl.RoleInfo (RoleInfo.java:shutdownFollowerState(121)) - ad358f2f-1ee5-4123-8117-f622bc1dbae2: shutdown FollowerState
2019-09-25 11:33:43,774 [Thread-262] INFO  impl.RaftServerImpl (RaftServerImpl.java:setRole(174)) - ad358f2f-1ee5-4123-8117-f622bc1dbae2@group-EE0D3B1F1CEF: changes role from  FOLLOWER to CANDIDATE at term 0 for changeToCandidate
2019-09-25 11:33:43,774 [Thread-262] INFO  impl.RoleInfo (RoleInfo.java:updateAndGet(143)) - ad358f2f-1ee5-4123-8117-f622bc1dbae2: start LeaderElection
2019-09-25 11:33:43,783 [ad358f2f-1ee5-4123-8117-f622bc1dbae2@group-EE0D3B1F1CEF:LeaderElection22] INFO  impl.LeaderElection (LeaderElection.java:askForVotes(182)) - ad358f2f-1ee5-4123-8117-f622bc1dbae2@group-EE0D3B1F1CEF:LeaderElection22: begin an election at term 1 for -1: [ad358f2f-1ee5-4123-8117-f622bc1dbae2:192.168.30.6:36654], old=null
2019-09-25 11:33:43,783 [ad358f2f-1ee5-4123-8117-f622bc1dbae2@group-EE0D3B1F1CEF:LeaderElection22] INFO  impl.RoleInfo (RoleInfo.java:shutdownLeaderElection(134)) - ad358f2f-1ee5-4123-8117-f622bc1dbae2: shutdown LeaderElection
2019-09-25 11:33:43,784 [ad358f2f-1ee5-4123-8117-f622bc1dbae2@group-EE0D3B1F1CEF:LeaderElection22] INFO  impl.RaftServerImpl (RaftServerImpl.java:setRole(174)) - ad358f2f-1ee5-4123-8117-f622bc1dbae2@group-EE0D3B1F1CEF: changes role from CANDIDATE to LEADER at term 1 for changeToLeader
2019-09-25 11:33:43,784 [ad358f2f-1ee5-4123-8117-f622bc1dbae2@group-EE0D3B1F1CEF:LeaderElection22] INFO  impl.RaftServerImpl (ServerState.java:setLeader(253)) - ad358f2f-1ee5-4123-8117-f622bc1dbae2@group-EE0D3B1F1CEF: change Leader from null to ad358f2f-1ee5-4123-8117-f622bc1dbae2 at term 1 for becomeLeader, leader elected after 5160ms
2019-09-25 11:33:43,784 [ad358f2f-1ee5-4123-8117-f622bc1dbae2@group-EE0D3B1F1CEF:LeaderElection22] INFO  server.RaftServerConfigKeys (ConfUtils.java:logGet(43)) - raft.server.staging.catchup.gap = 1000 (default)
2019-09-25 11:33:43,784 [ad358f2f-1ee5-4123-8117-f622bc1dbae2@group-EE0D3B1F1CEF:LeaderElection22] INFO  server.RaftServerConfigKeys (ConfUtils.java:logGet(43)) - raft.server.rpc.sleep.time = 25ms (default)
2019-09-25 11:33:43,785 [ad358f2f-1ee5-4123-8117-f622bc1dbae2@group-EE0D3B1F1CEF:LeaderElection22] INFO  server.RaftServerConfigKeys (ConfUtils.java:logGet(43)) - raft.server.write.element-limit = 4096 (default)
2019-09-25 11:33:43,785 [ad358f2f-1ee5-4123-8117-f622bc1dbae2@group-EE0D3B1F1CEF:LeaderElection22] INFO  server.RaftServerConfigKeys (ConfUtils.java:logGet(43)) - raft.server.watch.timeout = 10s (default)
2019-09-25 11:33:43,785 [ad358f2f-1ee5-4123-8117-f622bc1dbae2@group-EE0D3B1F1CEF:LeaderElection22] INFO  server.RaftServerConfigKeys (ConfUtils.java:logGet(43)) - raft.server.watch.timeout.denomination = 1s (default)
2019-09-25 11:33:43,785 [ad358f2f-1ee5-4123-8117-f622bc1dbae2@group-EE0D3B1F1CEF:LeaderElection22] INFO  server.RaftServerConfigKeys (ConfUtils.java:logGet(43)) - raft.server.watch.element-limit = 65536 (default)
2019-09-25 11:33:43,789 [ad358f2f-1ee5-4123-8117-f622bc1dbae2@group-EE0D3B1F1CEF:LeaderElection22] INFO  impl.RoleInfo (RoleInfo.java:updateAndGet(143)) - ad358f2f-1ee5-4123-8117-f622bc1dbae2: start LeaderState
2019-09-25 11:33:43,790 [ad358f2f-1ee5-4123-8117-f622bc1dbae2@group-EE0D3B1F1CEF:LeaderElection22] INFO  segmented.SegmentedRaftLogWorker (SegmentedRaftLogWorker.java:startLogSegment(380)) - ad358f2f-1ee5-4123-8117-f622bc1dbae2@group-EE0D3B1F1CEF-SegmentedRaftLogWorker: Starting segment from index:0
2019-09-25 11:33:43,790 [ad358f2f-1ee5-4123-8117-f622bc1dbae2@group-EE0D3B1F1CEF:LeaderElection22] INFO  impl.RaftServerImpl (ServerState.java:setRaftConf(354)) - ad358f2f-1ee5-4123-8117-f622bc1dbae2@group-EE0D3B1F1CEF: set configuration 0: [ad358f2f-1ee5-4123-8117-f622bc1dbae2:192.168.30.6:36654], old=null at 0
2019-09-25 11:33:43,845 [ad358f2f-1ee5-4123-8117-f622bc1dbae2@group-EE0D3B1F1CEF-SegmentedRaftLogWorker] INFO  segmented.SegmentedRaftLogWorker (SegmentedRaftLogWorker.java:execute(569)) - ad358f2f-1ee5-4123-8117-f622bc1dbae2@group-EE0D3B1F1CEF-SegmentedRaftLogWorker: created new log segment /workdir/hadoop-ozone/integration-test/target/test-dir/MiniOzoneClusterImpl-af71ae92-902d-4bbe-8221-3c085bdab3fc/datanode-2/data/ratis/0129b1d4-63f3-4869-89ac-ee0d3b1f1cef/current/log_inprogress_0
2019-09-25 11:33:43,858 [Thread-268] INFO  impl.FollowerState (FollowerState.java:run(106)) - ad358f2f-1ee5-4123-8117-f622bc1dbae2:group-601B677D1B9D changes to CANDIDATE, lastRpcTime:5107, electionTimeout:5107ms
2019-09-25 11:33:43,858 [Thread-268] INFO  impl.RoleInfo (RoleInfo.java:shutdownFollowerState(121)) - ad358f2f-1ee5-4123-8117-f622bc1dbae2: shutdown FollowerState
2019-09-25 11:33:43,858 [Thread-268] INFO  impl.RaftServerImpl (RaftServerImpl.java:setRole(174)) - ad358f2f-1ee5-4123-8117-f622bc1dbae2@group-601B677D1B9D: changes role from  FOLLOWER to CANDIDATE at term 0 for changeToCandidate
2019-09-25 11:33:43,859 [Thread-268] INFO  impl.RoleInfo (RoleInfo.java:updateAndGet(143)) - ad358f2f-1ee5-4123-8117-f622bc1dbae2: start LeaderElection
2019-09-25 11:33:43,874 [ad358f2f-1ee5-4123-8117-f622bc1dbae2@group-601B677D1B9D:LeaderElection23] INFO  impl.LeaderElection (LeaderElection.java:askForVotes(182)) - ad358f2f-1ee5-4123-8117-f622bc1dbae2@group-601B677D1B9D:LeaderElection23: begin an election at term 1 for -1: [ad358f2f-1ee5-4123-8117-f622bc1dbae2:192.168.30.6:36654], old=null
2019-09-25 11:33:43,874 [ad358f2f-1ee5-4123-8117-f622bc1dbae2@group-601B677D1B9D:LeaderElection23] INFO  impl.RoleInfo (RoleInfo.java:shutdownLeaderElection(134)) - ad358f2f-1ee5-4123-8117-f622bc1dbae2: shutdown LeaderElection
2019-09-25 11:33:43,875 [ad358f2f-1ee5-4123-8117-f622bc1dbae2@group-601B677D1B9D:LeaderElection23] INFO  impl.RaftServerImpl (RaftServerImpl.java:setRole(174)) - ad358f2f-1ee5-4123-8117-f622bc1dbae2@group-601B677D1B9D: changes role from CANDIDATE to LEADER at term 1 for changeToLeader
2019-09-25 11:33:43,875 [ad358f2f-1ee5-4123-8117-f622bc1dbae2@group-601B677D1B9D:LeaderElection23] INFO  impl.RaftServerImpl (ServerState.java:setLeader(253)) - ad358f2f-1ee5-4123-8117-f622bc1dbae2@group-601B677D1B9D: change Leader from null to ad358f2f-1ee5-4123-8117-f622bc1dbae2 at term 1 for becomeLeader, leader elected after 5133ms
2019-09-25 11:33:43,875 [ad358f2f-1ee5-4123-8117-f622bc1dbae2@group-601B677D1B9D:LeaderElection23] INFO  server.RaftServerConfigKeys (ConfUtils.java:logGet(43)) - raft.server.staging.catchup.gap = 1000 (default)
2019-09-25 11:33:43,875 [ad358f2f-1ee5-4123-8117-f622bc1dbae2@group-601B677D1B9D:LeaderElection23] INFO  server.RaftServerConfigKeys (ConfUtils.java:logGet(43)) - raft.server.rpc.sleep.time = 25ms (default)
2019-09-25 11:33:43,875 [ad358f2f-1ee5-4123-8117-f622bc1dbae2@group-601B677D1B9D:LeaderElection23] INFO  server.RaftServerConfigKeys (ConfUtils.java:logGet(43)) - raft.server.write.element-limit = 4096 (default)
2019-09-25 11:33:43,876 [ad358f2f-1ee5-4123-8117-f622bc1dbae2@group-601B677D1B9D:LeaderElection23] INFO  server.RaftServerConfigKeys (ConfUtils.java:logGet(43)) - raft.server.watch.timeout = 10s (default)
2019-09-25 11:33:43,876 [ad358f2f-1ee5-4123-8117-f622bc1dbae2@group-601B677D1B9D:LeaderElection23] INFO  server.RaftServerConfigKeys (ConfUtils.java:logGet(43)) - raft.server.watch.timeout.denomination = 1s (default)
2019-09-25 11:33:43,876 [ad358f2f-1ee5-4123-8117-f622bc1dbae2@group-601B677D1B9D:LeaderElection23] INFO  server.RaftServerConfigKeys (ConfUtils.java:logGet(43)) - raft.server.watch.element-limit = 65536 (default)
2019-09-25 11:33:43,879 [ad358f2f-1ee5-4123-8117-f622bc1dbae2@group-601B677D1B9D:LeaderElection23] INFO  impl.RoleInfo (RoleInfo.java:updateAndGet(143)) - ad358f2f-1ee5-4123-8117-f622bc1dbae2: start LeaderState
2019-09-25 11:33:43,880 [ad358f2f-1ee5-4123-8117-f622bc1dbae2@group-601B677D1B9D:LeaderElection23] INFO  segmented.SegmentedRaftLogWorker (SegmentedRaftLogWorker.java:startLogSegment(380)) - ad358f2f-1ee5-4123-8117-f622bc1dbae2@group-601B677D1B9D-SegmentedRaftLogWorker: Starting segment from index:0
2019-09-25 11:33:43,880 [ad358f2f-1ee5-4123-8117-f622bc1dbae2@group-601B677D1B9D:LeaderElection23] INFO  impl.RaftServerImpl (ServerState.java:setRaftConf(354)) - ad358f2f-1ee5-4123-8117-f622bc1dbae2@group-601B677D1B9D: set configuration 0: [ad358f2f-1ee5-4123-8117-f622bc1dbae2:192.168.30.6:36654], old=null at 0
2019-09-25 11:33:43,934 [ad358f2f-1ee5-4123-8117-f622bc1dbae2@group-601B677D1B9D-SegmentedRaftLogWorker] INFO  segmented.SegmentedRaftLogWorker (SegmentedRaftLogWorker.java:execute(569)) - ad358f2f-1ee5-4123-8117-f622bc1dbae2@group-601B677D1B9D-SegmentedRaftLogWorker: created new log segment /workdir/hadoop-ozone/integration-test/target/test-dir/MiniOzoneClusterImpl-af71ae92-902d-4bbe-8221-3c085bdab3fc/datanode-2/data/ratis/d0bcee75-2338-4b6e-8b8a-601b677d1b9d/current/log_inprogress_0
2019-09-25 11:33:44,018 [Thread-271] INFO  impl.FollowerState (FollowerState.java:run(106)) - 6cfaa380-1edb-48fc-b1d5-4f0afaf83adf:group-6894F65CEF12 changes to CANDIDATE, lastRpcTime:5200, electionTimeout:5200ms
2019-09-25 11:33:44,018 [Thread-271] INFO  impl.RoleInfo (RoleInfo.java:shutdownFollowerState(121)) - 6cfaa380-1edb-48fc-b1d5-4f0afaf83adf: shutdown FollowerState
2019-09-25 11:33:44,018 [Thread-271] INFO  impl.RaftServerImpl (RaftServerImpl.java:setRole(174)) - 6cfaa380-1edb-48fc-b1d5-4f0afaf83adf@group-6894F65CEF12: changes role from  FOLLOWER to CANDIDATE at term 0 for changeToCandidate
2019-09-25 11:33:44,019 [Thread-271] INFO  impl.RoleInfo (RoleInfo.java:updateAndGet(143)) - 6cfaa380-1edb-48fc-b1d5-4f0afaf83adf: start LeaderElection
2019-09-25 11:33:44,035 [6cfaa380-1edb-48fc-b1d5-4f0afaf83adf@group-6894F65CEF12:LeaderElection24] INFO  impl.LeaderElection (LeaderElection.java:askForVotes(182)) - 6cfaa380-1edb-48fc-b1d5-4f0afaf83adf@group-6894F65CEF12:LeaderElection24: begin an election at term 1 for -1: [6cfaa380-1edb-48fc-b1d5-4f0afaf83adf:192.168.30.6:45132], old=null
2019-09-25 11:33:44,035 [6cfaa380-1edb-48fc-b1d5-4f0afaf83adf@group-6894F65CEF12:LeaderElection24] INFO  impl.RoleInfo (RoleInfo.java:shutdownLeaderElection(134)) - 6cfaa380-1edb-48fc-b1d5-4f0afaf83adf: shutdown LeaderElection
2019-09-25 11:33:44,035 [6cfaa380-1edb-48fc-b1d5-4f0afaf83adf@group-6894F65CEF12:LeaderElection24] INFO  impl.RaftServerImpl (RaftServerImpl.java:setRole(174)) - 6cfaa380-1edb-48fc-b1d5-4f0afaf83adf@group-6894F65CEF12: changes role from CANDIDATE to LEADER at term 1 for changeToLeader
2019-09-25 11:33:44,035 [6cfaa380-1edb-48fc-b1d5-4f0afaf83adf@group-6894F65CEF12:LeaderElection24] INFO  impl.RaftServerImpl (ServerState.java:setLeader(253)) - 6cfaa380-1edb-48fc-b1d5-4f0afaf83adf@group-6894F65CEF12: change Leader from null to 6cfaa380-1edb-48fc-b1d5-4f0afaf83adf at term 1 for becomeLeader, leader elected after 5227ms
2019-09-25 11:33:44,036 [6cfaa380-1edb-48fc-b1d5-4f0afaf83adf@group-6894F65CEF12:LeaderElection24] INFO  server.RaftServerConfigKeys (ConfUtils.java:logGet(43)) - raft.server.staging.catchup.gap = 1000 (default)
2019-09-25 11:33:44,036 [6cfaa380-1edb-48fc-b1d5-4f0afaf83adf@group-6894F65CEF12:LeaderElection24] INFO  server.RaftServerConfigKeys (ConfUtils.java:logGet(43)) - raft.server.rpc.sleep.time = 25ms (default)
2019-09-25 11:33:44,036 [6cfaa380-1edb-48fc-b1d5-4f0afaf83adf@group-6894F65CEF12:LeaderElection24] INFO  server.RaftServerConfigKeys (ConfUtils.java:logGet(43)) - raft.server.write.element-limit = 4096 (default)
2019-09-25 11:33:44,036 [6cfaa380-1edb-48fc-b1d5-4f0afaf83adf@group-6894F65CEF12:LeaderElection24] INFO  server.RaftServerConfigKeys (ConfUtils.java:logGet(43)) - raft.server.watch.timeout = 10s (default)
2019-09-25 11:33:44,036 [6cfaa380-1edb-48fc-b1d5-4f0afaf83adf@group-6894F65CEF12:LeaderElection24] INFO  server.RaftServerConfigKeys (ConfUtils.java:logGet(43)) - raft.server.watch.timeout.denomination = 1s (default)
2019-09-25 11:33:44,037 [6cfaa380-1edb-48fc-b1d5-4f0afaf83adf@group-6894F65CEF12:LeaderElection24] INFO  server.RaftServerConfigKeys (ConfUtils.java:logGet(43)) - raft.server.watch.element-limit = 65536 (default)
2019-09-25 11:33:44,041 [6cfaa380-1edb-48fc-b1d5-4f0afaf83adf@group-6894F65CEF12:LeaderElection24] INFO  impl.RoleInfo (RoleInfo.java:updateAndGet(143)) - 6cfaa380-1edb-48fc-b1d5-4f0afaf83adf: start LeaderState
2019-09-25 11:33:44,041 [6cfaa380-1edb-48fc-b1d5-4f0afaf83adf@group-6894F65CEF12:LeaderElection24] INFO  segmented.SegmentedRaftLogWorker (SegmentedRaftLogWorker.java:startLogSegment(380)) - 6cfaa380-1edb-48fc-b1d5-4f0afaf83adf@group-6894F65CEF12-SegmentedRaftLogWorker: Starting segment from index:0
2019-09-25 11:33:44,042 [6cfaa380-1edb-48fc-b1d5-4f0afaf83adf@group-6894F65CEF12:LeaderElection24] INFO  impl.RaftServerImpl (ServerState.java:setRaftConf(354)) - 6cfaa380-1edb-48fc-b1d5-4f0afaf83adf@group-6894F65CEF12: set configuration 0: [6cfaa380-1edb-48fc-b1d5-4f0afaf83adf:192.168.30.6:45132], old=null at 0
2019-09-25 11:33:44,082 [Thread-274] INFO  impl.FollowerState (FollowerState.java:run(106)) - 6cfaa380-1edb-48fc-b1d5-4f0afaf83adf:group-13A0290379B6 changes to CANDIDATE, lastRpcTime:5204, electionTimeout:5166ms
2019-09-25 11:33:44,083 [Thread-274] INFO  impl.RoleInfo (RoleInfo.java:shutdownFollowerState(121)) - 6cfaa380-1edb-48fc-b1d5-4f0afaf83adf: shutdown FollowerState
2019-09-25 11:33:44,083 [Thread-274] INFO  impl.RaftServerImpl (RaftServerImpl.java:setRole(174)) - 6cfaa380-1edb-48fc-b1d5-4f0afaf83adf@group-13A0290379B6: changes role from  FOLLOWER to CANDIDATE at term 0 for changeToCandidate
2019-09-25 11:33:44,085 [Thread-274] INFO  impl.RoleInfo (RoleInfo.java:updateAndGet(143)) - 6cfaa380-1edb-48fc-b1d5-4f0afaf83adf: start LeaderElection
2019-09-25 11:33:44,086 [main] INFO  ozoneimpl.OzoneContainer (OzoneContainer.java:stop(231)) - Attempting to stop container services.
2019-09-25 11:33:44,086 [ForkJoinPool.commonPool-worker-1] INFO  ozoneimpl.OzoneContainer (OzoneContainer.java:stop(231)) - Attempting to stop container services.
2019-09-25 11:33:44,088 [main] INFO  impl.RaftServerProxy (RaftServerProxy.java:lambda$close$4(314)) - ad358f2f-1ee5-4123-8117-f622bc1dbae2: close
2019-09-25 11:33:44,089 [ForkJoinPool.commonPool-worker-1] INFO  impl.RaftServerProxy (RaftServerProxy.java:lambda$close$4(314)) - a7678dfb-b424-495f-9400-a1c16eb568c5: close
2019-09-25 11:33:44,089 [main] INFO  impl.RaftServerImpl (RaftServerImpl.java:lambda$shutdown$3(251)) - ad358f2f-1ee5-4123-8117-f622bc1dbae2@group-5D88A8ED23E1: shutdown
2019-09-25 11:33:44,089 [ForkJoinPool.commonPool-worker-1] INFO  impl.RaftServerImpl (RaftServerImpl.java:lambda$shutdown$3(251)) - a7678dfb-b424-495f-9400-a1c16eb568c5@group-E6D237651203: shutdown
2019-09-25 11:33:44,089 [main] INFO  util.JmxRegister (JmxRegister.java:unregister(73)) - Successfully un-registered JMX Bean with object name Ratis:service=RaftServer,group=group-5D88A8ED23E1,id=ad358f2f-1ee5-4123-8117-f622bc1dbae2
2019-09-25 11:33:44,090 [ForkJoinPool.commonPool-worker-1] INFO  util.JmxRegister (JmxRegister.java:unregister(73)) - Successfully un-registered JMX Bean with object name Ratis:service=RaftServer,group=group-E6D237651203,id=a7678dfb-b424-495f-9400-a1c16eb568c5
2019-09-25 11:33:44,090 [main] INFO  impl.RoleInfo (RoleInfo.java:shutdownLeaderState(104)) - ad358f2f-1ee5-4123-8117-f622bc1dbae2: shutdown LeaderState
2019-09-25 11:33:44,090 [ForkJoinPool.commonPool-worker-1] INFO  impl.RoleInfo (RoleInfo.java:shutdownLeaderState(104)) - a7678dfb-b424-495f-9400-a1c16eb568c5: shutdown LeaderState
2019-09-25 11:33:44,091 [main] INFO  impl.PendingRequests (PendingRequests.java:sendNotLeaderResponses(202)) - ad358f2f-1ee5-4123-8117-f622bc1dbae2-PendingRequests: sendNotLeaderResponses
2019-09-25 11:33:44,098 [6cfaa380-1edb-48fc-b1d5-4f0afaf83adf@group-13A0290379B6:LeaderElection25] INFO  impl.LeaderElection (LeaderElection.java:askForVotes(182)) - 6cfaa380-1edb-48fc-b1d5-4f0afaf83adf@group-13A0290379B6:LeaderElection25: begin an election at term 1 for -1: [6cfaa380-1edb-48fc-b1d5-4f0afaf83adf:192.168.30.6:45132], old=null
2019-09-25 11:33:44,098 [6cfaa380-1edb-48fc-b1d5-4f0afaf83adf@group-6894F65CEF12-SegmentedRaftLogWorker] INFO  segmented.SegmentedRaftLogWorker (SegmentedRaftLogWorker.java:execute(569)) - 6cfaa380-1edb-48fc-b1d5-4f0afaf83adf@group-6894F65CEF12-SegmentedRaftLogWorker: created new log segment /workdir/hadoop-ozone/integration-test/target/test-dir/MiniOzoneClusterImpl-af71ae92-902d-4bbe-8221-3c085bdab3fc/datanode-3/data/ratis/218af646-1c65-4f7a-a8ae-6894f65cef12/current/log_inprogress_0
2019-09-25 11:33:44,091 [ForkJoinPool.commonPool-worker-1] INFO  impl.PendingRequests (PendingRequests.java:sendNotLeaderResponses(202)) - a7678dfb-b424-495f-9400-a1c16eb568c5-PendingRequests: sendNotLeaderResponses
2019-09-25 11:33:44,098 [6cfaa380-1edb-48fc-b1d5-4f0afaf83adf@group-13A0290379B6:LeaderElection25] INFO  impl.RoleInfo (RoleInfo.java:shutdownLeaderElection(134)) - 6cfaa380-1edb-48fc-b1d5-4f0afaf83adf: shutdown LeaderElection
2019-09-25 11:33:44,098 [main] INFO  impl.StateMachineUpdater (StateMachineUpdater.java:stopAndJoin(125)) - ad358f2f-1ee5-4123-8117-f622bc1dbae2@group-5D88A8ED23E1-StateMachineUpdater: set stopIndex = 0
2019-09-25 11:33:44,099 [6cfaa380-1edb-48fc-b1d5-4f0afaf83adf@group-13A0290379B6:LeaderElection25] INFO  impl.RaftServerImpl (RaftServerImpl.java:setRole(174)) - 6cfaa380-1edb-48fc-b1d5-4f0afaf83adf@group-13A0290379B6: changes role from CANDIDATE to LEADER at term 1 for changeToLeader
2019-09-25 11:33:44,099 [ForkJoinPool.commonPool-worker-1] INFO  impl.StateMachineUpdater (StateMachineUpdater.java:stopAndJoin(125)) - a7678dfb-b424-495f-9400-a1c16eb568c5@group-E6D237651203-StateMachineUpdater: set stopIndex = 0
2019-09-25 11:33:44,100 [6cfaa380-1edb-48fc-b1d5-4f0afaf83adf@group-13A0290379B6:LeaderElection25] INFO  impl.RaftServerImpl (ServerState.java:setLeader(253)) - 6cfaa380-1edb-48fc-b1d5-4f0afaf83adf@group-13A0290379B6: change Leader from null to 6cfaa380-1edb-48fc-b1d5-4f0afaf83adf at term 1 for becomeLeader, leader elected after 5229ms
2019-09-25 11:33:44,100 [main] INFO  impl.RaftServerImpl (ServerState.java:close(385)) - ad358f2f-1ee5-4123-8117-f622bc1dbae2@group-5D88A8ED23E1: closes. applyIndex: 0
2019-09-25 11:33:44,100 [6cfaa380-1edb-48fc-b1d5-4f0afaf83adf@group-13A0290379B6:LeaderElection25] INFO  server.RaftServerConfigKeys (ConfUtils.java:logGet(43)) - raft.server.staging.catchup.gap = 1000 (default)
2019-09-25 11:33:44,101 [6cfaa380-1edb-48fc-b1d5-4f0afaf83adf@group-13A0290379B6:LeaderElection25] INFO  server.RaftServerConfigKeys (ConfUtils.java:logGet(43)) - raft.server.rpc.sleep.time = 25ms (default)
2019-09-25 11:33:44,100 [ForkJoinPool.commonPool-worker-1] INFO  impl.RaftServerImpl (ServerState.java:close(385)) - a7678dfb-b424-495f-9400-a1c16eb568c5@group-E6D237651203: closes. applyIndex: 0
2019-09-25 11:33:44,101 [6cfaa380-1edb-48fc-b1d5-4f0afaf83adf@group-13A0290379B6:LeaderElection25] INFO  server.RaftServerConfigKeys (ConfUtils.java:logGet(43)) - raft.server.write.element-limit = 4096 (default)
2019-09-25 11:33:44,101 [a7678dfb-b424-495f-9400-a1c16eb568c5@group-E6D237651203-SegmentedRaftLogWorker] INFO  segmented.SegmentedRaftLogWorker (SegmentedRaftLogWorker.java:run(313)) - a7678dfb-b424-495f-9400-a1c16eb568c5@group-E6D237651203-SegmentedRaftLogWorker was interrupted, exiting. There are 0 tasks remaining in the queue.
2019-09-25 11:33:44,101 [ad358f2f-1ee5-4123-8117-f622bc1dbae2@group-5D88A8ED23E1-SegmentedRaftLogWorker] INFO  segmented.SegmentedRaftLogWorker (SegmentedRaftLogWorker.java:run(313)) - ad358f2f-1ee5-4123-8117-f622bc1dbae2@group-5D88A8ED23E1-SegmentedRaftLogWorker was interrupted, exiting. There are 0 tasks remaining in the queue.
2019-09-25 11:33:44,102 [6cfaa380-1edb-48fc-b1d5-4f0afaf83adf@group-13A0290379B6:LeaderElection25] INFO  server.RaftServerConfigKeys (ConfUtils.java:logGet(43)) - raft.server.watch.timeout = 10s (default)
2019-09-25 11:33:44,107 [ForkJoinPool.commonPool-worker-1] INFO  segmented.SegmentedRaftLogWorker (SegmentedRaftLogWorker.java:close(228)) - a7678dfb-b424-495f-9400-a1c16eb568c5@group-E6D237651203-SegmentedRaftLogWorker close()
2019-09-25 11:33:44,109 [6cfaa380-1edb-48fc-b1d5-4f0afaf83adf@group-13A0290379B6:LeaderElection25] INFO  server.RaftServerConfigKeys (ConfUtils.java:logGet(43)) - raft.server.watch.timeout.denomination = 1s (default)
2019-09-25 11:33:44,112 [ForkJoinPool.commonPool-worker-1] INFO  impl.RaftServerImpl (RaftServerImpl.java:lambda$shutdown$3(251)) - a7678dfb-b424-495f-9400-a1c16eb568c5@group-61FC9A91C074: shutdown
2019-09-25 11:33:44,109 [main] INFO  segmented.SegmentedRaftLogWorker (SegmentedRaftLogWorker.java:close(228)) - ad358f2f-1ee5-4123-8117-f622bc1dbae2@group-5D88A8ED23E1-SegmentedRaftLogWorker close()
2019-09-25 11:33:44,113 [ForkJoinPool.commonPool-worker-1] INFO  util.JmxRegister (JmxRegister.java:unregister(73)) - Successfully un-registered JMX Bean with object name Ratis:service=RaftServer,group=group-61FC9A91C074,id=a7678dfb-b424-495f-9400-a1c16eb568c5
2019-09-25 11:33:44,112 [6cfaa380-1edb-48fc-b1d5-4f0afaf83adf@group-13A0290379B6:LeaderElection25] INFO  server.RaftServerConfigKeys (ConfUtils.java:logGet(43)) - raft.server.watch.element-limit = 65536 (default)
2019-09-25 11:33:44,116 [ForkJoinPool.commonPool-worker-1] INFO  impl.RoleInfo (RoleInfo.java:shutdownLeaderState(104)) - a7678dfb-b424-495f-9400-a1c16eb568c5: shutdown LeaderState
2019-09-25 11:33:44,116 [main] INFO  impl.RaftServerImpl (RaftServerImpl.java:lambda$shutdown$3(251)) - ad358f2f-1ee5-4123-8117-f622bc1dbae2@group-EE0D3B1F1CEF: shutdown
2019-09-25 11:33:44,117 [ForkJoinPool.commonPool-worker-1] INFO  impl.PendingRequests (PendingRequests.java:sendNotLeaderResponses(202)) - a7678dfb-b424-495f-9400-a1c16eb568c5-PendingRequests: sendNotLeaderResponses
2019-09-25 11:33:44,117 [main] INFO  util.JmxRegister (JmxRegister.java:unregister(73)) - Successfully un-registered JMX Bean with object name Ratis:service=RaftServer,group=group-EE0D3B1F1CEF,id=ad358f2f-1ee5-4123-8117-f622bc1dbae2
2019-09-25 11:33:44,118 [ForkJoinPool.commonPool-worker-1] INFO  impl.StateMachineUpdater (StateMachineUpdater.java:stopAndJoin(125)) - a7678dfb-b424-495f-9400-a1c16eb568c5@group-61FC9A91C074-StateMachineUpdater: set stopIndex = 0
2019-09-25 11:33:44,118 [main] INFO  impl.RoleInfo (RoleInfo.java:shutdownLeaderState(104)) - ad358f2f-1ee5-4123-8117-f622bc1dbae2: shutdown LeaderState
2019-09-25 11:33:44,119 [ForkJoinPool.commonPool-worker-1] INFO  impl.RaftServerImpl (ServerState.java:close(385)) - a7678dfb-b424-495f-9400-a1c16eb568c5@group-61FC9A91C074: closes. applyIndex: 0
2019-09-25 11:33:44,119 [main] INFO  impl.PendingRequests (PendingRequests.java:sendNotLeaderResponses(202)) - ad358f2f-1ee5-4123-8117-f622bc1dbae2-PendingRequests: sendNotLeaderResponses
2019-09-25 11:33:44,121 [a7678dfb-b424-495f-9400-a1c16eb568c5@group-61FC9A91C074-SegmentedRaftLogWorker] INFO  segmented.SegmentedRaftLogWorker (SegmentedRaftLogWorker.java:run(313)) - a7678dfb-b424-495f-9400-a1c16eb568c5@group-61FC9A91C074-SegmentedRaftLogWorker was interrupted, exiting. There are 0 tasks remaining in the queue.
2019-09-25 11:33:44,121 [main] INFO  impl.StateMachineUpdater (StateMachineUpdater.java:stopAndJoin(125)) - ad358f2f-1ee5-4123-8117-f622bc1dbae2@group-EE0D3B1F1CEF-StateMachineUpdater: set stopIndex = 0
2019-09-25 11:33:44,124 [ForkJoinPool.commonPool-worker-1] INFO  segmented.SegmentedRaftLogWorker (SegmentedRaftLogWorker.java:close(228)) - a7678dfb-b424-495f-9400-a1c16eb568c5@group-61FC9A91C074-SegmentedRaftLogWorker close()
2019-09-25 11:33:44,126 [main] INFO  impl.RaftServerImpl (ServerState.java:close(385)) - ad358f2f-1ee5-4123-8117-f622bc1dbae2@group-EE0D3B1F1CEF: closes. applyIndex: 0
2019-09-25 11:33:44,130 [6cfaa380-1edb-48fc-b1d5-4f0afaf83adf@group-13A0290379B6:LeaderElection25] INFO  impl.RoleInfo (RoleInfo.java:updateAndGet(143)) - 6cfaa380-1edb-48fc-b1d5-4f0afaf83adf: start LeaderState
2019-09-25 11:33:44,129 [ForkJoinPool.commonPool-worker-1] INFO  impl.RaftServerImpl (RaftServerImpl.java:lambda$shutdown$3(251)) - a7678dfb-b424-495f-9400-a1c16eb568c5@group-3E2D308946F4: shutdown
2019-09-25 11:33:44,130 [6cfaa380-1edb-48fc-b1d5-4f0afaf83adf@group-13A0290379B6:LeaderElection25] INFO  segmented.SegmentedRaftLogWorker (SegmentedRaftLogWorker.java:startLogSegment(380)) - 6cfaa380-1edb-48fc-b1d5-4f0afaf83adf@group-13A0290379B6-SegmentedRaftLogWorker: Starting segment from index:0
2019-09-25 11:33:44,130 [ad358f2f-1ee5-4123-8117-f622bc1dbae2@group-EE0D3B1F1CEF-SegmentedRaftLogWorker] INFO  segmented.SegmentedRaftLogWorker (SegmentedRaftLogWorker.java:run(313)) - ad358f2f-1ee5-4123-8117-f622bc1dbae2@group-EE0D3B1F1CEF-SegmentedRaftLogWorker was interrupted, exiting. There are 0 tasks remaining in the queue.
2019-09-25 11:33:44,130 [ForkJoinPool.commonPool-worker-1] INFO  util.JmxRegister (JmxRegister.java:unregister(73)) - Successfully un-registered JMX Bean with object name Ratis:service=RaftServer,group=group-3E2D308946F4,id=a7678dfb-b424-495f-9400-a1c16eb568c5
2019-09-25 11:33:44,134 [main] INFO  segmented.SegmentedRaftLogWorker (SegmentedRaftLogWorker.java:close(228)) - ad358f2f-1ee5-4123-8117-f622bc1dbae2@group-EE0D3B1F1CEF-SegmentedRaftLogWorker close()
2019-09-25 11:33:44,134 [6cfaa380-1edb-48fc-b1d5-4f0afaf83adf@group-13A0290379B6:LeaderElection25] INFO  impl.RaftServerImpl (ServerState.java:setRaftConf(354)) - 6cfaa380-1edb-48fc-b1d5-4f0afaf83adf@group-13A0290379B6: set configuration 0: [6cfaa380-1edb-48fc-b1d5-4f0afaf83adf:192.168.30.6:45132], old=null at 0
2019-09-25 11:33:44,134 [ForkJoinPool.commonPool-worker-1] INFO  impl.RoleInfo (RoleInfo.java:shutdownLeaderState(104)) - a7678dfb-b424-495f-9400-a1c16eb568c5: shutdown LeaderState
2019-09-25 11:33:44,173 [main] INFO  impl.RaftServerImpl (RaftServerImpl.java:lambda$shutdown$3(251)) - ad358f2f-1ee5-4123-8117-f622bc1dbae2@group-954DC93E2C50: shutdown
2019-09-25 11:33:44,175 [ForkJoinPool.commonPool-worker-1] INFO  impl.PendingRequests (PendingRequests.java:sendNotLeaderResponses(202)) - a7678dfb-b424-495f-9400-a1c16eb568c5-PendingRequests: sendNotLeaderResponses
2019-09-25 11:33:44,175 [main] INFO  util.JmxRegister (JmxRegister.java:unregister(73)) - Successfully un-registered JMX Bean with object name Ratis:service=RaftServer,group=group-954DC93E2C50,id=ad358f2f-1ee5-4123-8117-f622bc1dbae2
2019-09-25 11:33:44,176 [ForkJoinPool.commonPool-worker-1] INFO  impl.StateMachineUpdater (StateMachineUpdater.java:stopAndJoin(125)) - a7678dfb-b424-495f-9400-a1c16eb568c5@group-3E2D308946F4-StateMachineUpdater: set stopIndex = 0
2019-09-25 11:33:44,176 [main] INFO  impl.RoleInfo (RoleInfo.java:shutdownLeaderState(104)) - ad358f2f-1ee5-4123-8117-f622bc1dbae2: shutdown LeaderState
2019-09-25 11:33:44,178 [ForkJoinPool.commonPool-worker-1] INFO  impl.RaftServerImpl (ServerState.java:close(385)) - a7678dfb-b424-495f-9400-a1c16eb568c5@group-3E2D308946F4: closes. applyIndex: 0
2019-09-25 11:33:44,178 [main] INFO  impl.PendingRequests (PendingRequests.java:sendNotLeaderResponses(202)) - ad358f2f-1ee5-4123-8117-f622bc1dbae2-PendingRequests: sendNotLeaderResponses
2019-09-25 11:33:44,178 [a7678dfb-b424-495f-9400-a1c16eb568c5@group-3E2D308946F4-SegmentedRaftLogWorker] INFO  segmented.SegmentedRaftLogWorker (SegmentedRaftLogWorker.java:run(313)) - a7678dfb-b424-495f-9400-a1c16eb568c5@group-3E2D308946F4-SegmentedRaftLogWorker was interrupted, exiting. There are 0 tasks remaining in the queue.
2019-09-25 11:33:44,179 [main] INFO  impl.StateMachineUpdater (StateMachineUpdater.java:stopAndJoin(125)) - ad358f2f-1ee5-4123-8117-f622bc1dbae2@group-954DC93E2C50-StateMachineUpdater: set stopIndex = 0
2019-09-25 11:33:44,182 [ForkJoinPool.commonPool-worker-1] INFO  segmented.SegmentedRaftLogWorker (SegmentedRaftLogWorker.java:close(228)) - a7678dfb-b424-495f-9400-a1c16eb568c5@group-3E2D308946F4-SegmentedRaftLogWorker close()
2019-09-25 11:33:44,183 [main] INFO  impl.RaftServerImpl (ServerState.java:close(385)) - ad358f2f-1ee5-4123-8117-f622bc1dbae2@group-954DC93E2C50: closes. applyIndex: 0
2019-09-25 11:33:44,186 [ForkJoinPool.commonPool-worker-1] INFO  impl.RaftServerImpl (RaftServerImpl.java:lambda$shutdown$3(251)) - a7678dfb-b424-495f-9400-a1c16eb568c5@group-918DFEB951AC: shutdown
2019-09-25 11:33:44,187 [ad358f2f-1ee5-4123-8117-f622bc1dbae2@group-954DC93E2C50-SegmentedRaftLogWorker] INFO  segmented.SegmentedRaftLogWorker (SegmentedRaftLogWorker.java:run(313)) - ad358f2f-1ee5-4123-8117-f622bc1dbae2@group-954DC93E2C50-SegmentedRaftLogWorker was interrupted, exiting. There are 0 tasks remaining in the queue.
2019-09-25 11:33:44,187 [ForkJoinPool.commonPool-worker-1] INFO  util.JmxRegister (JmxRegister.java:unregister(73)) - Successfully un-registered JMX Bean with object name Ratis:service=RaftServer,group=group-918DFEB951AC,id=a7678dfb-b424-495f-9400-a1c16eb568c5
2019-09-25 11:33:44,189 [main] INFO  segmented.SegmentedRaftLogWorker (SegmentedRaftLogWorker.java:close(228)) - ad358f2f-1ee5-4123-8117-f622bc1dbae2@group-954DC93E2C50-SegmentedRaftLogWorker close()
2019-09-25 11:33:44,188 [6cfaa380-1edb-48fc-b1d5-4f0afaf83adf@group-13A0290379B6-SegmentedRaftLogWorker] INFO  segmented.SegmentedRaftLogWorker (SegmentedRaftLogWorker.java:execute(569)) - 6cfaa380-1edb-48fc-b1d5-4f0afaf83adf@group-13A0290379B6-SegmentedRaftLogWorker: created new log segment /workdir/hadoop-ozone/integration-test/target/test-dir/MiniOzoneClusterImpl-af71ae92-902d-4bbe-8221-3c085bdab3fc/datanode-3/data/ratis/213f7d62-2fc5-4e03-b212-13a0290379b6/current/log_inprogress_0
2019-09-25 11:33:44,192 [main] INFO  impl.RaftServerImpl (RaftServerImpl.java:lambda$shutdown$3(251)) - ad358f2f-1ee5-4123-8117-f622bc1dbae2@group-4C46E303E63A: shutdown
2019-09-25 11:33:44,190 [ForkJoinPool.commonPool-worker-1] INFO  impl.RoleInfo (RoleInfo.java:shutdownLeaderState(104)) - a7678dfb-b424-495f-9400-a1c16eb568c5: shutdown LeaderState
2019-09-25 11:33:44,193 [main] INFO  util.JmxRegister (JmxRegister.java:unregister(73)) - Successfully un-registered JMX Bean with object name Ratis:service=RaftServer,group=group-4C46E303E63A,id=ad358f2f-1ee5-4123-8117-f622bc1dbae2
2019-09-25 11:33:44,193 [ForkJoinPool.commonPool-worker-1] INFO  impl.PendingRequests (PendingRequests.java:sendNotLeaderResponses(202)) - a7678dfb-b424-495f-9400-a1c16eb568c5-PendingRequests: sendNotLeaderResponses
2019-09-25 11:33:44,194 [main] INFO  impl.RoleInfo (RoleInfo.java:shutdownLeaderState(104)) - ad358f2f-1ee5-4123-8117-f622bc1dbae2: shutdown LeaderState
2019-09-25 11:33:44,194 [ForkJoinPool.commonPool-worker-1] INFO  impl.StateMachineUpdater (StateMachineUpdater.java:stopAndJoin(125)) - a7678dfb-b424-495f-9400-a1c16eb568c5@group-918DFEB951AC-StateMachineUpdater: set stopIndex = 0
2019-09-25 11:33:44,194 [main] INFO  impl.PendingRequests (PendingRequests.java:sendNotLeaderResponses(202)) - ad358f2f-1ee5-4123-8117-f622bc1dbae2-PendingRequests: sendNotLeaderResponses
2019-09-25 11:33:44,195 [ForkJoinPool.commonPool-worker-1] INFO  impl.RaftServerImpl (ServerState.java:close(385)) - a7678dfb-b424-495f-9400-a1c16eb568c5@group-918DFEB951AC: closes. applyIndex: 0
2019-09-25 11:33:44,195 [main] INFO  impl.StateMachineUpdater (StateMachineUpdater.java:stopAndJoin(125)) - ad358f2f-1ee5-4123-8117-f622bc1dbae2@group-4C46E303E63A-StateMachineUpdater: set stopIndex = 0
2019-09-25 11:33:44,195 [a7678dfb-b424-495f-9400-a1c16eb568c5@group-918DFEB951AC-SegmentedRaftLogWorker] INFO  segmented.SegmentedRaftLogWorker (SegmentedRaftLogWorker.java:run(313)) - a7678dfb-b424-495f-9400-a1c16eb568c5@group-918DFEB951AC-SegmentedRaftLogWorker was interrupted, exiting. There are 0 tasks remaining in the queue.
2019-09-25 11:33:44,196 [main] INFO  impl.RaftServerImpl (ServerState.java:close(385)) - ad358f2f-1ee5-4123-8117-f622bc1dbae2@group-4C46E303E63A: closes. applyIndex: 0
2019-09-25 11:33:44,198 [ForkJoinPool.commonPool-worker-1] INFO  segmented.SegmentedRaftLogWorker (SegmentedRaftLogWorker.java:close(228)) - a7678dfb-b424-495f-9400-a1c16eb568c5@group-918DFEB951AC-SegmentedRaftLogWorker close()
2019-09-25 11:33:44,198 [ad358f2f-1ee5-4123-8117-f622bc1dbae2@group-4C46E303E63A-SegmentedRaftLogWorker] INFO  segmented.SegmentedRaftLogWorker (SegmentedRaftLogWorker.java:run(313)) - ad358f2f-1ee5-4123-8117-f622bc1dbae2@group-4C46E303E63A-SegmentedRaftLogWorker was interrupted, exiting. There are 0 tasks remaining in the queue.
2019-09-25 11:33:44,201 [ForkJoinPool.commonPool-worker-1] INFO  impl.RaftServerImpl (RaftServerImpl.java:lambda$shutdown$3(251)) - a7678dfb-b424-495f-9400-a1c16eb568c5@group-BF4B65EDEA82: shutdown
2019-09-25 11:33:44,203 [main] INFO  segmented.SegmentedRaftLogWorker (SegmentedRaftLogWorker.java:close(228)) - ad358f2f-1ee5-4123-8117-f622bc1dbae2@group-4C46E303E63A-SegmentedRaftLogWorker close()
2019-09-25 11:33:44,203 [ForkJoinPool.commonPool-worker-1] INFO  util.JmxRegister (JmxRegister.java:unregister(73)) - Successfully un-registered JMX Bean with object name Ratis:service=RaftServer,group=group-BF4B65EDEA82,id=a7678dfb-b424-495f-9400-a1c16eb568c5
2019-09-25 11:33:44,206 [main] INFO  impl.RaftServerImpl (RaftServerImpl.java:lambda$shutdown$3(251)) - ad358f2f-1ee5-4123-8117-f622bc1dbae2@group-5B08CABAAA9E: shutdown
2019-09-25 11:33:44,206 [ForkJoinPool.commonPool-worker-1] INFO  impl.RoleInfo (RoleInfo.java:shutdownLeaderState(104)) - a7678dfb-b424-495f-9400-a1c16eb568c5: shutdown LeaderState
2019-09-25 11:33:44,206 [main] INFO  util.JmxRegister (JmxRegister.java:unregister(73)) - Successfully un-registered JMX Bean with object name Ratis:service=RaftServer,group=group-5B08CABAAA9E,id=ad358f2f-1ee5-4123-8117-f622bc1dbae2
2019-09-25 11:33:44,207 [ForkJoinPool.commonPool-worker-1] INFO  impl.PendingRequests (PendingRequests.java:sendNotLeaderResponses(202)) - a7678dfb-b424-495f-9400-a1c16eb568c5-PendingRequests: sendNotLeaderResponses
2019-09-25 11:33:44,207 [main] INFO  impl.RoleInfo (RoleInfo.java:shutdownLeaderState(104)) - ad358f2f-1ee5-4123-8117-f622bc1dbae2: shutdown LeaderState
2019-09-25 11:33:44,207 [ForkJoinPool.commonPool-worker-1] INFO  impl.StateMachineUpdater (StateMachineUpdater.java:stopAndJoin(125)) - a7678dfb-b424-495f-9400-a1c16eb568c5@group-BF4B65EDEA82-StateMachineUpdater: set stopIndex = 0
2019-09-25 11:33:44,208 [main] INFO  impl.PendingRequests (PendingRequests.java:sendNotLeaderResponses(202)) - ad358f2f-1ee5-4123-8117-f622bc1dbae2-PendingRequests: sendNotLeaderResponses
2019-09-25 11:33:44,208 [ForkJoinPool.commonPool-worker-1] INFO  impl.RaftServerImpl (ServerState.java:close(385)) - a7678dfb-b424-495f-9400-a1c16eb568c5@group-BF4B65EDEA82: closes. applyIndex: 0
2019-09-25 11:33:44,208 [main] INFO  impl.StateMachineUpdater (StateMachineUpdater.java:stopAndJoin(125)) - ad358f2f-1ee5-4123-8117-f622bc1dbae2@group-5B08CABAAA9E-StateMachineUpdater: set stopIndex = 0
2019-09-25 11:33:44,209 [main] INFO  impl.RaftServerImpl (ServerState.java:close(385)) - ad358f2f-1ee5-4123-8117-f622bc1dbae2@group-5B08CABAAA9E: closes. applyIndex: 0
2019-09-25 11:33:44,208 [a7678dfb-b424-495f-9400-a1c16eb568c5@group-BF4B65EDEA82-SegmentedRaftLogWorker] INFO  segmented.SegmentedRaftLogWorker (SegmentedRaftLogWorker.java:run(313)) - a7678dfb-b424-495f-9400-a1c16eb568c5@group-BF4B65EDEA82-SegmentedRaftLogWorker was interrupted, exiting. There are 0 tasks remaining in the queue.
2019-09-25 11:33:44,209 [ad358f2f-1ee5-4123-8117-f622bc1dbae2@group-5B08CABAAA9E-SegmentedRaftLogWorker] INFO  segmented.SegmentedRaftLogWorker (SegmentedRaftLogWorker.java:run(313)) - ad358f2f-1ee5-4123-8117-f622bc1dbae2@group-5B08CABAAA9E-SegmentedRaftLogWorker was interrupted, exiting. There are 0 tasks remaining in the queue.
2019-09-25 11:33:44,211 [ForkJoinPool.commonPool-worker-1] INFO  segmented.SegmentedRaftLogWorker (SegmentedRaftLogWorker.java:close(228)) - a7678dfb-b424-495f-9400-a1c16eb568c5@group-BF4B65EDEA82-SegmentedRaftLogWorker close()
2019-09-25 11:33:44,220 [main] INFO  segmented.SegmentedRaftLogWorker (SegmentedRaftLogWorker.java:close(228)) - ad358f2f-1ee5-4123-8117-f622bc1dbae2@group-5B08CABAAA9E-SegmentedRaftLogWorker close()
2019-09-25 11:33:44,221 [ForkJoinPool.commonPool-worker-1] INFO  impl.RaftServerImpl (RaftServerImpl.java:lambda$shutdown$3(251)) - a7678dfb-b424-495f-9400-a1c16eb568c5@group-34DC4F41EDA6: shutdown
2019-09-25 11:33:44,222 [main] INFO  impl.RaftServerImpl (RaftServerImpl.java:lambda$shutdown$3(251)) - ad358f2f-1ee5-4123-8117-f622bc1dbae2@group-601B677D1B9D: shutdown
2019-09-25 11:33:44,223 [ForkJoinPool.commonPool-worker-1] INFO  util.JmxRegister (JmxRegister.java:unregister(73)) - Successfully un-registered JMX Bean with object name Ratis:service=RaftServer,group=group-34DC4F41EDA6,id=a7678dfb-b424-495f-9400-a1c16eb568c5
2019-09-25 11:33:44,223 [main] INFO  util.JmxRegister (JmxRegister.java:unregister(73)) - Successfully un-registered JMX Bean with object name Ratis:service=RaftServer,group=group-601B677D1B9D,id=ad358f2f-1ee5-4123-8117-f622bc1dbae2
2019-09-25 11:33:44,223 [ForkJoinPool.commonPool-worker-1] INFO  impl.RoleInfo (RoleInfo.java:shutdownLeaderState(104)) - a7678dfb-b424-495f-9400-a1c16eb568c5: shutdown LeaderState
2019-09-25 11:33:44,224 [main] INFO  impl.RoleInfo (RoleInfo.java:shutdownLeaderState(104)) - ad358f2f-1ee5-4123-8117-f622bc1dbae2: shutdown LeaderState
2019-09-25 11:33:44,224 [ForkJoinPool.commonPool-worker-1] INFO  impl.PendingRequests (PendingRequests.java:sendNotLeaderResponses(202)) - a7678dfb-b424-495f-9400-a1c16eb568c5-PendingRequests: sendNotLeaderResponses
2019-09-25 11:33:44,224 [main] INFO  impl.PendingRequests (PendingRequests.java:sendNotLeaderResponses(202)) - ad358f2f-1ee5-4123-8117-f622bc1dbae2-PendingRequests: sendNotLeaderResponses
2019-09-25 11:33:44,225 [ForkJoinPool.commonPool-worker-1] INFO  impl.StateMachineUpdater (StateMachineUpdater.java:stopAndJoin(125)) - a7678dfb-b424-495f-9400-a1c16eb568c5@group-34DC4F41EDA6-StateMachineUpdater: set stopIndex = 0
2019-09-25 11:33:44,225 [main] INFO  impl.StateMachineUpdater (StateMachineUpdater.java:stopAndJoin(125)) - ad358f2f-1ee5-4123-8117-f622bc1dbae2@group-601B677D1B9D-StateMachineUpdater: set stopIndex = 0
2019-09-25 11:33:44,226 [main] INFO  impl.RaftServerImpl (ServerState.java:close(385)) - ad358f2f-1ee5-4123-8117-f622bc1dbae2@group-601B677D1B9D: closes. applyIndex: 0
2019-09-25 11:33:44,225 [ForkJoinPool.commonPool-worker-1] INFO  impl.RaftServerImpl (ServerState.java:close(385)) - a7678dfb-b424-495f-9400-a1c16eb568c5@group-34DC4F41EDA6: closes. applyIndex: 0
2019-09-25 11:33:44,226 [ad358f2f-1ee5-4123-8117-f622bc1dbae2@group-601B677D1B9D-SegmentedRaftLogWorker] INFO  segmented.SegmentedRaftLogWorker (SegmentedRaftLogWorker.java:run(313)) - ad358f2f-1ee5-4123-8117-f622bc1dbae2@group-601B677D1B9D-SegmentedRaftLogWorker was interrupted, exiting. There are 0 tasks remaining in the queue.
2019-09-25 11:33:44,227 [a7678dfb-b424-495f-9400-a1c16eb568c5@group-34DC4F41EDA6-SegmentedRaftLogWorker] INFO  segmented.SegmentedRaftLogWorker (SegmentedRaftLogWorker.java:run(313)) - a7678dfb-b424-495f-9400-a1c16eb568c5@group-34DC4F41EDA6-SegmentedRaftLogWorker was interrupted, exiting. There are 0 tasks remaining in the queue.
2019-09-25 11:33:44,227 [main] INFO  segmented.SegmentedRaftLogWorker (SegmentedRaftLogWorker.java:close(228)) - ad358f2f-1ee5-4123-8117-f622bc1dbae2@group-601B677D1B9D-SegmentedRaftLogWorker close()
2019-09-25 11:33:44,227 [ForkJoinPool.commonPool-worker-1] INFO  segmented.SegmentedRaftLogWorker (SegmentedRaftLogWorker.java:close(228)) - a7678dfb-b424-495f-9400-a1c16eb568c5@group-34DC4F41EDA6-SegmentedRaftLogWorker close()
2019-09-25 11:33:44,228 [main] INFO  server.GrpcService (GrpcService.java:closeImpl(164)) - ad358f2f-1ee5-4123-8117-f622bc1dbae2: shutdown server with port 36654 now
2019-09-25 11:33:44,229 [ForkJoinPool.commonPool-worker-1] INFO  server.GrpcService (GrpcService.java:closeImpl(164)) - a7678dfb-b424-495f-9400-a1c16eb568c5: shutdown server with port 45236 now
2019-09-25 11:33:44,231 [main] INFO  server.GrpcService (GrpcService.java:closeImpl(172)) - ad358f2f-1ee5-4123-8117-f622bc1dbae2: shutdown server with port 36654 successfully
2019-09-25 11:33:44,232 [ForkJoinPool.commonPool-worker-1] INFO  server.GrpcService (GrpcService.java:closeImpl(172)) - a7678dfb-b424-495f-9400-a1c16eb568c5: shutdown server with port 45236 successfully
2019-09-25 11:33:44,236 [refreshUsed-/workdir/hadoop-ozone/integration-test/target/test-dir/MiniOzoneClusterImpl-af71ae92-902d-4bbe-8221-3c085bdab3fc/datanode-2/data/containers] WARN  fs.CachingGetSpaceUsed (CachingGetSpaceUsed.java:run(183)) - Thread Interrupted waiting to refresh disk information: sleep interrupted
2019-09-25 11:33:44,236 [refreshUsed-/workdir/hadoop-ozone/integration-test/target/test-dir/MiniOzoneClusterImpl-af71ae92-902d-4bbe-8221-3c085bdab3fc/datanode-1/data/containers] WARN  fs.CachingGetSpaceUsed (CachingGetSpaceUsed.java:run(183)) - Thread Interrupted waiting to refresh disk information: sleep interrupted
2019-09-25 11:33:44,262 [main] INFO  utils.BackgroundService (BackgroundService.java:shutdown(148)) - Shutting down service BlockDeletingService
2019-09-25 11:33:44,266 [main] INFO  statemachine.DatanodeStateMachine (DatanodeStateMachine.java:stopDaemon(395)) - Ozone container server stopped.
2019-09-25 11:33:44,267 [ForkJoinPool.commonPool-worker-1] INFO  utils.BackgroundService (BackgroundService.java:shutdown(148)) - Shutting down service BlockDeletingService
2019-09-25 11:33:44,268 [main] INFO  handler.ContextHandler (ContextHandler.java:doStop(910)) - Stopped o.e.j.w.WebAppContext@1d12e953{/,null,UNAVAILABLE}{/hddsDatanode}
2019-09-25 11:33:44,271 [ForkJoinPool.commonPool-worker-1] INFO  statemachine.DatanodeStateMachine (DatanodeStateMachine.java:stopDaemon(395)) - Ozone container server stopped.
2019-09-25 11:33:44,274 [main] INFO  server.AbstractConnector (AbstractConnector.java:doStop(318)) - Stopped ServerConnector@57cb70be{HTTP/1.1,[http/1.1]}{0.0.0.0:0}
2019-09-25 11:33:44,274 [main] INFO  handler.ContextHandler (ContextHandler.java:doStop(910)) - Stopped o.e.j.s.ServletContextHandler@6920b0bc{/static,jar:file:/home/user/.m2/repository/org/apache/hadoop/hadoop-hdds-container-service/0.5.0-SNAPSHOT/hadoop-hdds-container-service-0.5.0-SNAPSHOT.jar!/webapps/static,UNAVAILABLE}
2019-09-25 11:33:44,276 [ForkJoinPool.commonPool-worker-1] INFO  handler.ContextHandler (ContextHandler.java:doStop(910)) - Stopped o.e.j.w.WebAppContext@71c17a57{/,null,UNAVAILABLE}{/hddsDatanode}
2019-09-25 11:33:44,276 [main] INFO  handler.ContextHandler (ContextHandler.java:doStop(910)) - Stopped o.e.j.s.ServletContextHandler@a50d709{/logs,file:///workdir/hadoop-ozone/integration-test/target/log,UNAVAILABLE}
2019-09-25 11:33:44,277 [ForkJoinPool.commonPool-worker-1] INFO  server.AbstractConnector (AbstractConnector.java:doStop(318)) - Stopped ServerConnector@640ab13c{HTTP/1.1,[http/1.1]}{0.0.0.0:0}
2019-09-25 11:33:44,278 [ForkJoinPool.commonPool-worker-1] INFO  handler.ContextHandler (ContextHandler.java:doStop(910)) - Stopped o.e.j.s.ServletContextHandler@f88bfbe{/static,jar:file:/home/user/.m2/repository/org/apache/hadoop/hadoop-hdds-container-service/0.5.0-SNAPSHOT/hadoop-hdds-container-service-0.5.0-SNAPSHOT.jar!/webapps/static,UNAVAILABLE}
2019-09-25 11:33:44,279 [ForkJoinPool.commonPool-worker-1] INFO  handler.ContextHandler (ContextHandler.java:doStop(910)) - Stopped o.e.j.s.ServletContextHandler@3af7d855{/logs,file:///workdir/hadoop-ozone/integration-test/target/log,UNAVAILABLE}
2019-09-25 11:33:44,501 [Datanode State Machine Thread - 0] INFO  statemachine.DatanodeStateMachine (DatanodeStateMachine.java:lambda$startDaemon$0(350)) - Ozone container server started.
2019-09-25 11:33:45,082 [Datanode State Machine Thread - 0] INFO  statemachine.DatanodeStateMachine (DatanodeStateMachine.java:lambda$startDaemon$0(350)) - Ozone container server started.
2019-09-25 11:33:49,279 [main] INFO  ozoneimpl.OzoneContainer (OzoneContainer.java:stop(231)) - Attempting to stop container services.
2019-09-25 11:33:49,281 [main] INFO  impl.RaftServerProxy (RaftServerProxy.java:lambda$close$4(314)) - 6cfaa380-1edb-48fc-b1d5-4f0afaf83adf: close
2019-09-25 11:33:49,281 [main] INFO  impl.RaftServerImpl (RaftServerImpl.java:lambda$shutdown$3(251)) - 6cfaa380-1edb-48fc-b1d5-4f0afaf83adf@group-1EA56EB6A2F8: shutdown
2019-09-25 11:33:49,281 [ForkJoinPool.commonPool-worker-1] INFO  ozoneimpl.OzoneContainer (OzoneContainer.java:stop(231)) - Attempting to stop container services.
2019-09-25 11:33:49,281 [main] INFO  util.JmxRegister (JmxRegister.java:unregister(73)) - Successfully un-registered JMX Bean with object name Ratis:service=RaftServer,group=group-1EA56EB6A2F8,id=6cfaa380-1edb-48fc-b1d5-4f0afaf83adf
2019-09-25 11:33:49,282 [ForkJoinPool.commonPool-worker-1] INFO  impl.RaftServerProxy (RaftServerProxy.java:lambda$close$4(314)) - 69ae614a-aad9-45ca-b50d-a25e2f7464fe: close
2019-09-25 11:33:49,282 [main] INFO  impl.RoleInfo (RoleInfo.java:shutdownLeaderState(104)) - 6cfaa380-1edb-48fc-b1d5-4f0afaf83adf: shutdown LeaderState
2019-09-25 11:33:49,282 [ForkJoinPool.commonPool-worker-1] INFO  impl.RaftServerImpl (RaftServerImpl.java:lambda$shutdown$3(251)) - 69ae614a-aad9-45ca-b50d-a25e2f7464fe@group-4100017E50EB: shutdown
2019-09-25 11:33:49,283 [main] INFO  impl.PendingRequests (PendingRequests.java:sendNotLeaderResponses(202)) - 6cfaa380-1edb-48fc-b1d5-4f0afaf83adf-PendingRequests: sendNotLeaderResponses
2019-09-25 11:33:49,283 [ForkJoinPool.commonPool-worker-1] INFO  util.JmxRegister (JmxRegister.java:unregister(73)) - Successfully un-registered JMX Bean with object name Ratis:service=RaftServer,group=group-4100017E50EB,id=69ae614a-aad9-45ca-b50d-a25e2f7464fe
2019-09-25 11:33:49,283 [main] INFO  impl.StateMachineUpdater (StateMachineUpdater.java:stopAndJoin(125)) - 6cfaa380-1edb-48fc-b1d5-4f0afaf83adf@group-1EA56EB6A2F8-StateMachineUpdater: set stopIndex = 0
2019-09-25 11:33:49,284 [ForkJoinPool.commonPool-worker-1] INFO  impl.RoleInfo (RoleInfo.java:shutdownLeaderState(104)) - 69ae614a-aad9-45ca-b50d-a25e2f7464fe: shutdown LeaderState
2019-09-25 11:33:49,286 [main] INFO  impl.RaftServerImpl (ServerState.java:close(385)) - 6cfaa380-1edb-48fc-b1d5-4f0afaf83adf@group-1EA56EB6A2F8: closes. applyIndex: 0
2019-09-25 11:33:49,286 [ForkJoinPool.commonPool-worker-1] INFO  impl.PendingRequests (PendingRequests.java:sendNotLeaderResponses(202)) - 69ae614a-aad9-45ca-b50d-a25e2f7464fe-PendingRequests: sendNotLeaderResponses
2019-09-25 11:33:49,287 [6cfaa380-1edb-48fc-b1d5-4f0afaf83adf@group-1EA56EB6A2F8-SegmentedRaftLogWorker] INFO  segmented.SegmentedRaftLogWorker (SegmentedRaftLogWorker.java:run(313)) - 6cfaa380-1edb-48fc-b1d5-4f0afaf83adf@group-1EA56EB6A2F8-SegmentedRaftLogWorker was interrupted, exiting. There are 0 tasks remaining in the queue.
2019-09-25 11:33:49,287 [ForkJoinPool.commonPool-worker-1] INFO  impl.StateMachineUpdater (StateMachineUpdater.java:stopAndJoin(125)) - 69ae614a-aad9-45ca-b50d-a25e2f7464fe@group-4100017E50EB-StateMachineUpdater: set stopIndex = 0
2019-09-25 11:33:49,288 [ForkJoinPool.commonPool-worker-1] INFO  impl.RaftServerImpl (ServerState.java:close(385)) - 69ae614a-aad9-45ca-b50d-a25e2f7464fe@group-4100017E50EB: closes. applyIndex: 0
2019-09-25 11:33:49,288 [main] INFO  segmented.SegmentedRaftLogWorker (SegmentedRaftLogWorker.java:close(228)) - 6cfaa380-1edb-48fc-b1d5-4f0afaf83adf@group-1EA56EB6A2F8-SegmentedRaftLogWorker close()
2019-09-25 11:33:49,288 [69ae614a-aad9-45ca-b50d-a25e2f7464fe@group-4100017E50EB-SegmentedRaftLogWorker] INFO  segmented.SegmentedRaftLogWorker (SegmentedRaftLogWorker.java:run(313)) - 69ae614a-aad9-45ca-b50d-a25e2f7464fe@group-4100017E50EB-SegmentedRaftLogWorker was interrupted, exiting. There are 0 tasks remaining in the queue.
2019-09-25 11:33:49,289 [main] INFO  impl.RaftServerImpl (RaftServerImpl.java:lambda$shutdown$3(251)) - 6cfaa380-1edb-48fc-b1d5-4f0afaf83adf@group-1CC808665459: shutdown
2019-09-25 11:33:49,290 [ForkJoinPool.commonPool-worker-1] INFO  segmented.SegmentedRaftLogWorker (SegmentedRaftLogWorker.java:close(228)) - 69ae614a-aad9-45ca-b50d-a25e2f7464fe@group-4100017E50EB-SegmentedRaftLogWorker close()
2019-09-25 11:33:49,290 [main] INFO  util.JmxRegister (JmxRegister.java:unregister(73)) - Successfully un-registered JMX Bean with object name Ratis:service=RaftServer,group=group-1CC808665459,id=6cfaa380-1edb-48fc-b1d5-4f0afaf83adf
2019-09-25 11:33:49,291 [ForkJoinPool.commonPool-worker-1] INFO  impl.RaftServerImpl (RaftServerImpl.java:lambda$shutdown$3(251)) - 69ae614a-aad9-45ca-b50d-a25e2f7464fe@group-E4676D54886D: shutdown
2019-09-25 11:33:49,291 [main] INFO  impl.RoleInfo (RoleInfo.java:shutdownLeaderState(104)) - 6cfaa380-1edb-48fc-b1d5-4f0afaf83adf: shutdown LeaderState
2019-09-25 11:33:49,292 [ForkJoinPool.commonPool-worker-1] INFO  util.JmxRegister (JmxRegister.java:unregister(73)) - Successfully un-registered JMX Bean with object name Ratis:service=RaftServer,group=group-E4676D54886D,id=69ae614a-aad9-45ca-b50d-a25e2f7464fe
2019-09-25 11:33:49,292 [main] INFO  impl.PendingRequests (PendingRequests.java:sendNotLeaderResponses(202)) - 6cfaa380-1edb-48fc-b1d5-4f0afaf83adf-PendingRequests: sendNotLeaderResponses
2019-09-25 11:33:49,292 [ForkJoinPool.commonPool-worker-1] INFO  impl.RoleInfo (RoleInfo.java:shutdownLeaderState(104)) - 69ae614a-aad9-45ca-b50d-a25e2f7464fe: shutdown LeaderState
2019-09-25 11:33:49,293 [main] INFO  impl.StateMachineUpdater (StateMachineUpdater.java:stopAndJoin(125)) - 6cfaa380-1edb-48fc-b1d5-4f0afaf83adf@group-1CC808665459-StateMachineUpdater: set stopIndex = 0
2019-09-25 11:33:49,293 [main] INFO  impl.RaftServerImpl (ServerState.java:close(385)) - 6cfaa380-1edb-48fc-b1d5-4f0afaf83adf@group-1CC808665459: closes. applyIndex: 0
2019-09-25 11:33:49,293 [ForkJoinPool.commonPool-worker-1] INFO  impl.PendingRequests (PendingRequests.java:sendNotLeaderResponses(202)) - 69ae614a-aad9-45ca-b50d-a25e2f7464fe-PendingRequests: sendNotLeaderResponses
2019-09-25 11:33:49,294 [6cfaa380-1edb-48fc-b1d5-4f0afaf83adf@group-1CC808665459-SegmentedRaftLogWorker] INFO  segmented.SegmentedRaftLogWorker (SegmentedRaftLogWorker.java:run(313)) - 6cfaa380-1edb-48fc-b1d5-4f0afaf83adf@group-1CC808665459-SegmentedRaftLogWorker was interrupted, exiting. There are 0 tasks remaining in the queue.
2019-09-25 11:33:49,294 [ForkJoinPool.commonPool-worker-1] INFO  impl.StateMachineUpdater (StateMachineUpdater.java:stopAndJoin(125)) - 69ae614a-aad9-45ca-b50d-a25e2f7464fe@group-E4676D54886D-StateMachineUpdater: set stopIndex = 0
2019-09-25 11:33:49,294 [ForkJoinPool.commonPool-worker-1] INFO  impl.RaftServerImpl (ServerState.java:close(385)) - 69ae614a-aad9-45ca-b50d-a25e2f7464fe@group-E4676D54886D: closes. applyIndex: 0
2019-09-25 11:33:49,294 [main] INFO  segmented.SegmentedRaftLogWorker (SegmentedRaftLogWorker.java:close(228)) - 6cfaa380-1edb-48fc-b1d5-4f0afaf83adf@group-1CC808665459-SegmentedRaftLogWorker close()
2019-09-25 11:33:49,295 [69ae614a-aad9-45ca-b50d-a25e2f7464fe@group-E4676D54886D-SegmentedRaftLogWorker] INFO  segmented.SegmentedRaftLogWorker (SegmentedRaftLogWorker.java:run(313)) - 69ae614a-aad9-45ca-b50d-a25e2f7464fe@group-E4676D54886D-SegmentedRaftLogWorker was interrupted, exiting. There are 0 tasks remaining in the queue.
2019-09-25 11:33:49,296 [main] INFO  impl.RaftServerImpl (RaftServerImpl.java:lambda$shutdown$3(251)) - 6cfaa380-1edb-48fc-b1d5-4f0afaf83adf@group-6894F65CEF12: shutdown
2019-09-25 11:33:49,296 [ForkJoinPool.commonPool-worker-1] INFO  segmented.SegmentedRaftLogWorker (SegmentedRaftLogWorker.java:close(228)) - 69ae614a-aad9-45ca-b50d-a25e2f7464fe@group-E4676D54886D-SegmentedRaftLogWorker close()
2019-09-25 11:33:49,296 [main] INFO  util.JmxRegister (JmxRegister.java:unregister(73)) - Successfully un-registered JMX Bean with object name Ratis:service=RaftServer,group=group-6894F65CEF12,id=6cfaa380-1edb-48fc-b1d5-4f0afaf83adf
2019-09-25 11:33:49,298 [ForkJoinPool.commonPool-worker-1] INFO  impl.RaftServerImpl (RaftServerImpl.java:lambda$shutdown$3(251)) - 69ae614a-aad9-45ca-b50d-a25e2f7464fe@group-B97FF9A27F08: shutdown
2019-09-25 11:33:49,298 [main] INFO  impl.RoleInfo (RoleInfo.java:shutdownLeaderState(104)) - 6cfaa380-1edb-48fc-b1d5-4f0afaf83adf: shutdown LeaderState
2019-09-25 11:33:49,298 [ForkJoinPool.commonPool-worker-1] INFO  util.JmxRegister (JmxRegister.java:unregister(73)) - Successfully un-registered JMX Bean with object name Ratis:service=RaftServer,group=group-B97FF9A27F08,id=69ae614a-aad9-45ca-b50d-a25e2f7464fe
2019-09-25 11:33:49,298 [main] INFO  impl.PendingRequests (PendingRequests.java:sendNotLeaderResponses(202)) - 6cfaa380-1edb-48fc-b1d5-4f0afaf83adf-PendingRequests: sendNotLeaderResponses
2019-09-25 11:33:49,299 [ForkJoinPool.commonPool-worker-1] INFO  impl.RoleInfo (RoleInfo.java:shutdownLeaderState(104)) - 69ae614a-aad9-45ca-b50d-a25e2f7464fe: shutdown LeaderState
2019-09-25 11:33:49,299 [main] INFO  impl.StateMachineUpdater (StateMachineUpdater.java:stopAndJoin(125)) - 6cfaa380-1edb-48fc-b1d5-4f0afaf83adf@group-6894F65CEF12-StateMachineUpdater: set stopIndex = 0
2019-09-25 11:33:49,299 [ForkJoinPool.commonPool-worker-1] INFO  impl.PendingRequests (PendingRequests.java:sendNotLeaderResponses(202)) - 69ae614a-aad9-45ca-b50d-a25e2f7464fe-PendingRequests: sendNotLeaderResponses
2019-09-25 11:33:49,299 [main] INFO  impl.RaftServerImpl (ServerState.java:close(385)) - 6cfaa380-1edb-48fc-b1d5-4f0afaf83adf@group-6894F65CEF12: closes. applyIndex: 0
2019-09-25 11:33:49,300 [ForkJoinPool.commonPool-worker-1] INFO  impl.StateMachineUpdater (StateMachineUpdater.java:stopAndJoin(125)) - 69ae614a-aad9-45ca-b50d-a25e2f7464fe@group-B97FF9A27F08-StateMachineUpdater: set stopIndex = 0
2019-09-25 11:33:49,300 [ForkJoinPool.commonPool-worker-1] INFO  impl.RaftServerImpl (ServerState.java:close(385)) - 69ae614a-aad9-45ca-b50d-a25e2f7464fe@group-B97FF9A27F08: closes. applyIndex: 0
2019-09-25 11:33:49,300 [6cfaa380-1edb-48fc-b1d5-4f0afaf83adf@group-6894F65CEF12-SegmentedRaftLogWorker] INFO  segmented.SegmentedRaftLogWorker (SegmentedRaftLogWorker.java:run(313)) - 6cfaa380-1edb-48fc-b1d5-4f0afaf83adf@group-6894F65CEF12-SegmentedRaftLogWorker was interrupted, exiting. There are 0 tasks remaining in the queue.
2019-09-25 11:33:49,300 [69ae614a-aad9-45ca-b50d-a25e2f7464fe@group-B97FF9A27F08-SegmentedRaftLogWorker] INFO  segmented.SegmentedRaftLogWorker (SegmentedRaftLogWorker.java:run(313)) - 69ae614a-aad9-45ca-b50d-a25e2f7464fe@group-B97FF9A27F08-SegmentedRaftLogWorker was interrupted, exiting. There are 0 tasks remaining in the queue.
2019-09-25 11:33:49,301 [main] INFO  segmented.SegmentedRaftLogWorker (SegmentedRaftLogWorker.java:close(228)) - 6cfaa380-1edb-48fc-b1d5-4f0afaf83adf@group-6894F65CEF12-SegmentedRaftLogWorker close()
2019-09-25 11:33:49,301 [ForkJoinPool.commonPool-worker-1] INFO  segmented.SegmentedRaftLogWorker (SegmentedRaftLogWorker.java:close(228)) - 69ae614a-aad9-45ca-b50d-a25e2f7464fe@group-B97FF9A27F08-SegmentedRaftLogWorker close()
2019-09-25 11:33:49,302 [main] INFO  impl.RaftServerImpl (RaftServerImpl.java:lambda$shutdown$3(251)) - 6cfaa380-1edb-48fc-b1d5-4f0afaf83adf@group-8E9DF8798486: shutdown
2019-09-25 11:33:49,303 [ForkJoinPool.commonPool-worker-1] INFO  impl.RaftServerImpl (RaftServerImpl.java:lambda$shutdown$3(251)) - 69ae614a-aad9-45ca-b50d-a25e2f7464fe@group-63C73BC5D177: shutdown
2019-09-25 11:33:49,304 [main] INFO  util.JmxRegister (JmxRegister.java:unregister(73)) - Successfully un-registered JMX Bean with object name Ratis:service=RaftServer,group=group-8E9DF8798486,id=6cfaa380-1edb-48fc-b1d5-4f0afaf83adf
2019-09-25 11:33:49,304 [main] INFO  impl.RoleInfo (RoleInfo.java:shutdownLeaderState(104)) - 6cfaa380-1edb-48fc-b1d5-4f0afaf83adf: shutdown LeaderState
2019-09-25 11:33:49,304 [ForkJoinPool.commonPool-worker-1] INFO  util.JmxRegister (JmxRegister.java:unregister(73)) - Successfully un-registered JMX Bean with object name Ratis:service=RaftServer,group=group-63C73BC5D177,id=69ae614a-aad9-45ca-b50d-a25e2f7464fe
2019-09-25 11:33:49,305 [main] INFO  impl.PendingRequests (PendingRequests.java:sendNotLeaderResponses(202)) - 6cfaa380-1edb-48fc-b1d5-4f0afaf83adf-PendingRequests: sendNotLeaderResponses
2019-09-25 11:33:49,305 [ForkJoinPool.commonPool-worker-1] INFO  impl.RoleInfo (RoleInfo.java:shutdownLeaderState(104)) - 69ae614a-aad9-45ca-b50d-a25e2f7464fe: shutdown LeaderState
2019-09-25 11:33:49,305 [main] INFO  impl.StateMachineUpdater (StateMachineUpdater.java:stopAndJoin(125)) - 6cfaa380-1edb-48fc-b1d5-4f0afaf83adf@group-8E9DF8798486-StateMachineUpdater: set stopIndex = 0
2019-09-25 11:33:49,306 [main] INFO  impl.RaftServerImpl (ServerState.java:close(385)) - 6cfaa380-1edb-48fc-b1d5-4f0afaf83adf@group-8E9DF8798486: closes. applyIndex: 0
2019-09-25 11:33:49,305 [ForkJoinPool.commonPool-worker-1] INFO  impl.PendingRequests (PendingRequests.java:sendNotLeaderResponses(202)) - 69ae614a-aad9-45ca-b50d-a25e2f7464fe-PendingRequests: sendNotLeaderResponses
2019-09-25 11:33:49,306 [6cfaa380-1edb-48fc-b1d5-4f0afaf83adf@group-8E9DF8798486-SegmentedRaftLogWorker] INFO  segmented.SegmentedRaftLogWorker (SegmentedRaftLogWorker.java:run(313)) - 6cfaa380-1edb-48fc-b1d5-4f0afaf83adf@group-8E9DF8798486-SegmentedRaftLogWorker was interrupted, exiting. There are 0 tasks remaining in the queue.
2019-09-25 11:33:49,306 [ForkJoinPool.commonPool-worker-1] INFO  impl.StateMachineUpdater (StateMachineUpdater.java:stopAndJoin(125)) - 69ae614a-aad9-45ca-b50d-a25e2f7464fe@group-63C73BC5D177-StateMachineUpdater: set stopIndex = 0
2019-09-25 11:33:49,307 [main] INFO  segmented.SegmentedRaftLogWorker (SegmentedRaftLogWorker.java:close(228)) - 6cfaa380-1edb-48fc-b1d5-4f0afaf83adf@group-8E9DF8798486-SegmentedRaftLogWorker close()
2019-09-25 11:33:49,308 [ForkJoinPool.commonPool-worker-1] INFO  impl.RaftServerImpl (ServerState.java:close(385)) - 69ae614a-aad9-45ca-b50d-a25e2f7464fe@group-63C73BC5D177: closes. applyIndex: 0
2019-09-25 11:33:49,312 [main] INFO  impl.RaftServerImpl (RaftServerImpl.java:lambda$shutdown$3(251)) - 6cfaa380-1edb-48fc-b1d5-4f0afaf83adf@group-DFE040358690: shutdown
2019-09-25 11:33:49,313 [69ae614a-aad9-45ca-b50d-a25e2f7464fe@group-63C73BC5D177-SegmentedRaftLogWorker] INFO  segmented.SegmentedRaftLogWorker (SegmentedRaftLogWorker.java:run(313)) - 69ae614a-aad9-45ca-b50d-a25e2f7464fe@group-63C73BC5D177-SegmentedRaftLogWorker was interrupted, exiting. There are 0 tasks remaining in the queue.
2019-09-25 11:33:49,314 [main] INFO  util.JmxRegister (JmxRegister.java:unregister(73)) - Successfully un-registered JMX Bean with object name Ratis:service=RaftServer,group=group-DFE040358690,id=6cfaa380-1edb-48fc-b1d5-4f0afaf83adf
2019-09-25 11:33:49,314 [ForkJoinPool.commonPool-worker-1] INFO  segmented.SegmentedRaftLogWorker (SegmentedRaftLogWorker.java:close(228)) - 69ae614a-aad9-45ca-b50d-a25e2f7464fe@group-63C73BC5D177-SegmentedRaftLogWorker close()
2019-09-25 11:33:49,315 [main] INFO  impl.RoleInfo (RoleInfo.java:shutdownLeaderState(104)) - 6cfaa380-1edb-48fc-b1d5-4f0afaf83adf: shutdown LeaderState
2019-09-25 11:33:49,315 [ForkJoinPool.commonPool-worker-1] INFO  impl.RaftServerImpl (RaftServerImpl.java:lambda$shutdown$3(251)) - 69ae614a-aad9-45ca-b50d-a25e2f7464fe@group-A2385EFDBE2C: shutdown
2019-09-25 11:33:49,315 [main] INFO  impl.PendingRequests (PendingRequests.java:sendNotLeaderResponses(202)) - 6cfaa380-1edb-48fc-b1d5-4f0afaf83adf-PendingRequests: sendNotLeaderResponses
2019-09-25 11:33:49,316 [ForkJoinPool.commonPool-worker-1] INFO  util.JmxRegister (JmxRegister.java:unregister(73)) - Successfully un-registered JMX Bean with object name Ratis:service=RaftServer,group=group-A2385EFDBE2C,id=69ae614a-aad9-45ca-b50d-a25e2f7464fe
2019-09-25 11:33:49,316 [main] INFO  impl.StateMachineUpdater (StateMachineUpdater.java:stopAndJoin(125)) - 6cfaa380-1edb-48fc-b1d5-4f0afaf83adf@group-DFE040358690-StateMachineUpdater: set stopIndex = 0
2019-09-25 11:33:49,316 [ForkJoinPool.commonPool-worker-1] INFO  impl.RoleInfo (RoleInfo.java:shutdownLeaderState(104)) - 69ae614a-aad9-45ca-b50d-a25e2f7464fe: shutdown LeaderState
2019-09-25 11:33:49,317 [main] INFO  impl.RaftServerImpl (ServerState.java:close(385)) - 6cfaa380-1edb-48fc-b1d5-4f0afaf83adf@group-DFE040358690: closes. applyIndex: 0
2019-09-25 11:33:49,317 [ForkJoinPool.commonPool-worker-1] INFO  impl.PendingRequests (PendingRequests.java:sendNotLeaderResponses(202)) - 69ae614a-aad9-45ca-b50d-a25e2f7464fe-PendingRequests: sendNotLeaderResponses
2019-09-25 11:33:49,317 [6cfaa380-1edb-48fc-b1d5-4f0afaf83adf@group-DFE040358690-SegmentedRaftLogWorker] INFO  segmented.SegmentedRaftLogWorker (SegmentedRaftLogWorker.java:run(313)) - 6cfaa380-1edb-48fc-b1d5-4f0afaf83adf@group-DFE040358690-SegmentedRaftLogWorker was interrupted, exiting. There are 0 tasks remaining in the queue.
2019-09-25 11:33:49,318 [ForkJoinPool.commonPool-worker-1] INFO  impl.StateMachineUpdater (StateMachineUpdater.java:stopAndJoin(125)) - 69ae614a-aad9-45ca-b50d-a25e2f7464fe@group-A2385EFDBE2C-StateMachineUpdater: set stopIndex = 0
2019-09-25 11:33:49,318 [main] INFO  segmented.SegmentedRaftLogWorker (SegmentedRaftLogWorker.java:close(228)) - 6cfaa380-1edb-48fc-b1d5-4f0afaf83adf@group-DFE040358690-SegmentedRaftLogWorker close()
2019-09-25 11:33:49,318 [ForkJoinPool.commonPool-worker-1] INFO  impl.RaftServerImpl (ServerState.java:close(385)) - 69ae614a-aad9-45ca-b50d-a25e2f7464fe@group-A2385EFDBE2C: closes. applyIndex: 0
2019-09-25 11:33:49,318 [main] INFO  impl.RaftServerImpl (RaftServerImpl.java:lambda$shutdown$3(251)) - 6cfaa380-1edb-48fc-b1d5-4f0afaf83adf@group-13A0290379B6: shutdown
2019-09-25 11:33:49,319 [69ae614a-aad9-45ca-b50d-a25e2f7464fe@group-A2385EFDBE2C-SegmentedRaftLogWorker] INFO  segmented.SegmentedRaftLogWorker (SegmentedRaftLogWorker.java:run(313)) - 69ae614a-aad9-45ca-b50d-a25e2f7464fe@group-A2385EFDBE2C-SegmentedRaftLogWorker was interrupted, exiting. There are 0 tasks remaining in the queue.
2019-09-25 11:33:49,319 [main] INFO  util.JmxRegister (JmxRegister.java:unregister(73)) - Successfully un-registered JMX Bean with object name Ratis:service=RaftServer,group=group-13A0290379B6,id=6cfaa380-1edb-48fc-b1d5-4f0afaf83adf
2019-09-25 11:33:49,320 [main] INFO  impl.RoleInfo (RoleInfo.java:shutdownLeaderState(104)) - 6cfaa380-1edb-48fc-b1d5-4f0afaf83adf: shutdown LeaderState
2019-09-25 11:33:49,319 [ForkJoinPool.commonPool-worker-1] INFO  segmented.SegmentedRaftLogWorker (SegmentedRaftLogWorker.java:close(228)) - 69ae614a-aad9-45ca-b50d-a25e2f7464fe@group-A2385EFDBE2C-SegmentedRaftLogWorker close()
2019-09-25 11:33:49,320 [main] INFO  impl.PendingRequests (PendingRequests.java:sendNotLeaderResponses(202)) - 6cfaa380-1edb-48fc-b1d5-4f0afaf83adf-PendingRequests: sendNotLeaderResponses
2019-09-25 11:33:49,320 [ForkJoinPool.commonPool-worker-1] INFO  impl.RaftServerImpl (RaftServerImpl.java:lambda$shutdown$3(251)) - 69ae614a-aad9-45ca-b50d-a25e2f7464fe@group-B79B1C1A3553: shutdown
2019-09-25 11:33:49,321 [main] INFO  impl.StateMachineUpdater (StateMachineUpdater.java:stopAndJoin(125)) - 6cfaa380-1edb-48fc-b1d5-4f0afaf83adf@group-13A0290379B6-StateMachineUpdater: set stopIndex = 0
2019-09-25 11:33:49,321 [ForkJoinPool.commonPool-worker-1] INFO  util.JmxRegister (JmxRegister.java:unregister(73)) - Successfully un-registered JMX Bean with object name Ratis:service=RaftServer,group=group-B79B1C1A3553,id=69ae614a-aad9-45ca-b50d-a25e2f7464fe
2019-09-25 11:33:49,322 [main] INFO  impl.RaftServerImpl (ServerState.java:close(385)) - 6cfaa380-1edb-48fc-b1d5-4f0afaf83adf@group-13A0290379B6: closes. applyIndex: 0
2019-09-25 11:33:49,322 [ForkJoinPool.commonPool-worker-1] INFO  impl.RoleInfo (RoleInfo.java:shutdownLeaderState(104)) - 69ae614a-aad9-45ca-b50d-a25e2f7464fe: shutdown LeaderState
2019-09-25 11:33:49,322 [6cfaa380-1edb-48fc-b1d5-4f0afaf83adf@group-13A0290379B6-SegmentedRaftLogWorker] INFO  segmented.SegmentedRaftLogWorker (SegmentedRaftLogWorker.java:run(313)) - 6cfaa380-1edb-48fc-b1d5-4f0afaf83adf@group-13A0290379B6-SegmentedRaftLogWorker was interrupted, exiting. There are 0 tasks remaining in the queue.
2019-09-25 11:33:49,322 [ForkJoinPool.commonPool-worker-1] INFO  impl.PendingRequests (PendingRequests.java:sendNotLeaderResponses(202)) - 69ae614a-aad9-45ca-b50d-a25e2f7464fe-PendingRequests: sendNotLeaderResponses
2019-09-25 11:33:49,323 [main] INFO  segmented.SegmentedRaftLogWorker (SegmentedRaftLogWorker.java:close(228)) - 6cfaa380-1edb-48fc-b1d5-4f0afaf83adf@group-13A0290379B6-SegmentedRaftLogWorker close()
2019-09-25 11:33:49,323 [ForkJoinPool.commonPool-worker-1] INFO  impl.StateMachineUpdater (StateMachineUpdater.java:stopAndJoin(125)) - 69ae614a-aad9-45ca-b50d-a25e2f7464fe@group-B79B1C1A3553-StateMachineUpdater: set stopIndex = 0
2019-09-25 11:33:49,323 [ForkJoinPool.commonPool-worker-1] INFO  impl.RaftServerImpl (ServerState.java:close(385)) - 69ae614a-aad9-45ca-b50d-a25e2f7464fe@group-B79B1C1A3553: closes. applyIndex: 0
2019-09-25 11:33:49,323 [main] INFO  server.GrpcService (GrpcService.java:closeImpl(164)) - 6cfaa380-1edb-48fc-b1d5-4f0afaf83adf: shutdown server with port 45132 now
2019-09-25 11:33:49,324 [69ae614a-aad9-45ca-b50d-a25e2f7464fe@group-B79B1C1A3553-SegmentedRaftLogWorker] INFO  segmented.SegmentedRaftLogWorker (SegmentedRaftLogWorker.java:run(313)) - 69ae614a-aad9-45ca-b50d-a25e2f7464fe@group-B79B1C1A3553-SegmentedRaftLogWorker was interrupted, exiting. There are 0 tasks remaining in the queue.
2019-09-25 11:33:49,324 [ForkJoinPool.commonPool-worker-1] INFO  segmented.SegmentedRaftLogWorker (SegmentedRaftLogWorker.java:close(228)) - 69ae614a-aad9-45ca-b50d-a25e2f7464fe@group-B79B1C1A3553-SegmentedRaftLogWorker close()
2019-09-25 11:33:49,325 [main] INFO  server.GrpcService (GrpcService.java:closeImpl(172)) - 6cfaa380-1edb-48fc-b1d5-4f0afaf83adf: shutdown server with port 45132 successfully
2019-09-25 11:33:49,326 [ForkJoinPool.commonPool-worker-1] INFO  server.GrpcService (GrpcService.java:closeImpl(164)) - 69ae614a-aad9-45ca-b50d-a25e2f7464fe: shutdown server with port 36009 now
2019-09-25 11:33:49,328 [ForkJoinPool.commonPool-worker-1] INFO  server.GrpcService (GrpcService.java:closeImpl(172)) - 69ae614a-aad9-45ca-b50d-a25e2f7464fe: shutdown server with port 36009 successfully
2019-09-25 11:33:49,329 [refreshUsed-/workdir/hadoop-ozone/integration-test/target/test-dir/MiniOzoneClusterImpl-af71ae92-902d-4bbe-8221-3c085bdab3fc/datanode-0/data/containers] WARN  fs.CachingGetSpaceUsed (CachingGetSpaceUsed.java:run(183)) - Thread Interrupted waiting to refresh disk information: sleep interrupted
2019-09-25 11:33:49,340 [refreshUsed-/workdir/hadoop-ozone/integration-test/target/test-dir/MiniOzoneClusterImpl-af71ae92-902d-4bbe-8221-3c085bdab3fc/datanode-3/data/containers] WARN  fs.CachingGetSpaceUsed (CachingGetSpaceUsed.java:run(183)) - Thread Interrupted waiting to refresh disk information: sleep interrupted
2019-09-25 11:33:49,349 [ForkJoinPool.commonPool-worker-1] INFO  utils.BackgroundService (BackgroundService.java:shutdown(148)) - Shutting down service BlockDeletingService
2019-09-25 11:33:49,352 [ForkJoinPool.commonPool-worker-1] INFO  statemachine.DatanodeStateMachine (DatanodeStateMachine.java:stopDaemon(395)) - Ozone container server stopped.
2019-09-25 11:33:49,355 [ForkJoinPool.commonPool-worker-1] INFO  handler.ContextHandler (ContextHandler.java:doStop(910)) - Stopped o.e.j.w.WebAppContext@4993febc{/,null,UNAVAILABLE}{/hddsDatanode}
2019-09-25 11:33:49,355 [ForkJoinPool.commonPool-worker-1] INFO  server.AbstractConnector (AbstractConnector.java:doStop(318)) - Stopped ServerConnector@7601bc96{HTTP/1.1,[http/1.1]}{0.0.0.0:0}
2019-09-25 11:33:49,356 [ForkJoinPool.commonPool-worker-1] INFO  handler.ContextHandler (ContextHandler.java:doStop(910)) - Stopped o.e.j.s.ServletContextHandler@c2584d3{/static,jar:file:/home/user/.m2/repository/org/apache/hadoop/hadoop-hdds-container-service/0.5.0-SNAPSHOT/hadoop-hdds-container-service-0.5.0-SNAPSHOT.jar!/webapps/static,UNAVAILABLE}
2019-09-25 11:33:49,357 [ForkJoinPool.commonPool-worker-1] INFO  handler.ContextHandler (ContextHandler.java:doStop(910)) - Stopped o.e.j.s.ServletContextHandler@4cb2918c{/logs,file:///workdir/hadoop-ozone/integration-test/target/log,UNAVAILABLE}
2019-09-25 11:33:49,363 [main] INFO  utils.BackgroundService (BackgroundService.java:shutdown(148)) - Shutting down service BlockDeletingService
2019-09-25 11:33:49,366 [main] INFO  statemachine.DatanodeStateMachine (DatanodeStateMachine.java:stopDaemon(395)) - Ozone container server stopped.
2019-09-25 11:33:49,367 [main] INFO  handler.ContextHandler (ContextHandler.java:doStop(910)) - Stopped o.e.j.w.WebAppContext@670b3ca{/,null,UNAVAILABLE}{/hddsDatanode}
2019-09-25 11:33:49,367 [main] INFO  server.AbstractConnector (AbstractConnector.java:doStop(318)) - Stopped ServerConnector@24a86066{HTTP/1.1,[http/1.1]}{0.0.0.0:0}
2019-09-25 11:33:49,368 [main] INFO  handler.ContextHandler (ContextHandler.java:doStop(910)) - Stopped o.e.j.s.ServletContextHandler@7f6874f2{/static,jar:file:/home/user/.m2/repository/org/apache/hadoop/hadoop-hdds-container-service/0.5.0-SNAPSHOT/hadoop-hdds-container-service-0.5.0-SNAPSHOT.jar!/webapps/static,UNAVAILABLE}
2019-09-25 11:33:49,368 [main] INFO  handler.ContextHandler (ContextHandler.java:doStop(910)) - Stopped o.e.j.s.ServletContextHandler@48976e6d{/logs,file:///workdir/hadoop-ozone/integration-test/target/log,UNAVAILABLE}
2019-09-25 11:33:49,369 [main] INFO  ozone.MiniOzoneClusterImpl (MiniOzoneClusterImpl.java:stopSCM(392)) - Stopping the StorageContainerManager
2019-09-25 11:33:49,370 [main] INFO  server.StorageContainerManager (StorageContainerManager.java:stop(808)) - Stopping Replication Manager Service.
2019-09-25 11:33:49,370 [main] INFO  container.ReplicationManager (ReplicationManager.java:stop(204)) - Stopping Replication Monitor Thread.
2019-09-25 11:33:49,370 [main] INFO  server.StorageContainerManager (StorageContainerManager.java:stop(815)) - Stopping Lease Manager of the command watchers
2019-09-25 11:33:49,370 [main] INFO  server.StorageContainerManager (StorageContainerManager.java:stop(822)) - Stopping datanode service RPC server
2019-09-25 11:33:49,370 [main] INFO  server.SCMDatanodeProtocolServer (SCMDatanodeProtocolServer.java:stop(367)) - Stopping the RPC server for DataNodes
2019-09-25 11:33:49,371 [main] INFO  ipc.Server (Server.java:stop(3082)) - Stopping server on 43441
2019-09-25 11:33:49,372 [IPC Server listener on 43441] INFO  ipc.Server (Server.java:run(1185)) - Stopping IPC Server listener on 43441
2019-09-25 11:33:49,373 [IPC Server Responder] INFO  ipc.Server (Server.java:run(1319)) - Stopping IPC Server Responder
2019-09-25 11:33:49,393 [SCM Heartbeat Processing Thread - 0] WARN  node.NodeStateManager (NodeStateManager.java:scheduleNextHealthCheck(655)) - Current Thread is interrupted, shutting down HB processing thread for Node Manager.
2019-09-25 11:33:49,393 [main] INFO  server.StorageContainerManager (StorageContainerManager.java:stop(830)) - Stopping block service RPC server
2019-09-25 11:33:49,394 [main] INFO  server.SCMBlockProtocolServer (SCMBlockProtocolServer.java:stop(155)) - Stopping the RPC server for Block Protocol
2019-09-25 11:33:49,394 [main] INFO  ipc.Server (Server.java:stop(3082)) - Stopping server on 36235
2019-09-25 11:33:49,394 [main] INFO  server.StorageContainerManager (StorageContainerManager.java:stop(837)) - Stopping the StorageContainerLocationProtocol RPC server
2019-09-25 11:33:49,395 [IPC Server listener on 36235] INFO  ipc.Server (Server.java:run(1185)) - Stopping IPC Server listener on 36235
2019-09-25 11:33:49,396 [IPC Server Responder] INFO  ipc.Server (Server.java:run(1319)) - Stopping IPC Server Responder
2019-09-25 11:33:49,395 [main] INFO  server.SCMClientProtocolServer (SCMClientProtocolServer.java:stop(159)) - Stopping the RPC server for Client Protocol
2019-09-25 11:33:49,396 [main] INFO  ipc.Server (Server.java:stop(3082)) - Stopping server on 42240
2019-09-25 11:33:49,397 [IPC Server listener on 42240] INFO  ipc.Server (Server.java:run(1185)) - Stopping IPC Server listener on 42240
2019-09-25 11:33:49,397 [main] INFO  server.StorageContainerManager (StorageContainerManager.java:stop(844)) - Stopping Storage Container Manager HTTP server.
2019-09-25 11:33:49,398 [IPC Server Responder] INFO  ipc.Server (Server.java:run(1319)) - Stopping IPC Server Responder
2019-09-25 11:33:49,398 [main] INFO  handler.ContextHandler (ContextHandler.java:doStop(910)) - Stopped o.e.j.w.WebAppContext@69f63d95{/,null,UNAVAILABLE}{/scm}
2019-09-25 11:33:49,399 [main] INFO  server.AbstractConnector (AbstractConnector.java:doStop(318)) - Stopped ServerConnector@72c927f1{HTTP/1.1,[http/1.1]}{0.0.0.0:0}
2019-09-25 11:33:49,399 [main] INFO  handler.ContextHandler (ContextHandler.java:doStop(910)) - Stopped o.e.j.s.ServletContextHandler@71cf1b07{/static,file:///workdir/hadoop-ozone/integration-test/target/test-classes/webapps/static,UNAVAILABLE}
2019-09-25 11:33:49,400 [main] INFO  handler.ContextHandler (ContextHandler.java:doStop(910)) - Stopped o.e.j.s.ServletContextHandler@3e821657{/logs,file:///workdir/hadoop-ozone/integration-test/target/log,UNAVAILABLE}
2019-09-25 11:33:49,402 [main] INFO  server.StorageContainerManager (StorageContainerManager.java:stop(855)) - Stopping Block Manager Service.
2019-09-25 11:33:49,402 [main] INFO  utils.BackgroundService (BackgroundService.java:shutdown(148)) - Shutting down service SCMBlockDeletingService
2019-09-25 11:33:49,402 [main] INFO  utils.BackgroundService (BackgroundService.java:shutdown(148)) - Shutting down service SCMBlockDeletingService
2019-09-25 11:33:49,403 [main] INFO  server.StorageContainerManager (StorageContainerManager.java:stop(877)) - Stopping SCM Event Queue.
2019-09-25 11:33:49,409 [main] INFO  impl.MetricsSystemImpl (MetricsSystemImpl.java:stop(210)) - Stopping HddsDatanode metrics system...
2019-09-25 11:33:49,419 [prometheus] INFO  impl.MetricsSinkAdapter (MetricsSinkAdapter.java:publishMetricsFromQueue(141)) - prometheus thread interrupted.
2019-09-25 11:33:49,419 [main] INFO  impl.MetricsSystemImpl (MetricsSystemImpl.java:stop(216)) - HddsDatanode metrics system stopped.
]]></system-out>
    <system-err><![CDATA[ERROR StatusLogger No Log4j 2 configuration file found. Using default configuration (logging only errors to the console), or user programmatically provided configurations. Set system property 'log4j2.debug' to show Log4j 2 internal initialization logging. See https://logging.apache.org/log4j/2.x/manual/configuration.html for instructions on how to configure Log4j 2
]]></system-err>
  </testcase>
</testsuite>