<?xml version="1.0" encoding="UTF-8"?>
<testsuite xmlns:xsi="http://www.w3.org/2001/XMLSchema-instance" xsi:noNamespaceSchemaLocation="https://maven.apache.org/surefire/maven-surefire-plugin/xsd/surefire-test-report.xsd" name="org.apache.hadoop.hdds.scm.pipeline.TestPipelineClose" time="99.757" tests="4" errors="2" skipped="0" failures="0">
  <properties>
    <property name="awt.toolkit" value="sun.awt.X11.XToolkit"/>
    <property name="file.encoding.pkg" value="sun.io"/>
    <property name="java.specification.version" value="1.8"/>
    <property name="sun.cpu.isalist" value=""/>
    <property name="sun.jnu.encoding" value="UTF-8"/>
    <property name="java.class.path" value="/workdir/hadoop-ozone/integration-test/target/test-classes:/workdir/hadoop-ozone/integration-test/target/classes:/home/user/.m2/repository/org/apache/hadoop/hadoop-ozone-common/0.5.0-SNAPSHOT/hadoop-ozone-common-0.5.0-SNAPSHOT.jar:/home/user/.m2/repository/org/apache/commons/commons-compress/1.4.1/commons-compress-1.4.1.jar:/home/user/.m2/repository/org/tukaani/xz/1.0/xz-1.0.jar:/home/user/.m2/repository/org/apache/hadoop/hadoop-common/3.2.0/hadoop-common-3.2.0.jar:/home/user/.m2/repository/org/apache/hadoop/hadoop-hdfs/3.2.0/hadoop-hdfs-3.2.0.jar:/home/user/.m2/repository/org/apache/hadoop/hadoop-hdfs-client/3.2.0/hadoop-hdfs-client-3.2.0.jar:/home/user/.m2/repository/com/fasterxml/jackson/core/jackson-annotations/2.9.9/jackson-annotations-2.9.9.jar:/home/user/.m2/repository/org/apache/hadoop/hadoop-hdds-common/0.5.0-SNAPSHOT/hadoop-hdds-common-0.5.0-SNAPSHOT.jar:/home/user/.m2/repository/javax/annotation/javax.annotation-api/1.2/javax.annotation-api-1.2.jar:/home/user/.m2/repository/org/apache/ratis/ratis-server/0.4.0/ratis-server-0.4.0.jar:/home/user/.m2/repository/org/apache/ratis/ratis-thirdparty-misc/0.2.0/ratis-thirdparty-misc-0.2.0.jar:/home/user/.m2/repository/org/apache/ratis/ratis-proto/0.4.0/ratis-proto-0.4.0.jar:/home/user/.m2/repository/org/apache/ratis/ratis-common/0.4.0/ratis-common-0.4.0.jar:/home/user/.m2/repository/org/apache/ratis/ratis-client/0.4.0/ratis-client-0.4.0.jar:/home/user/.m2/repository/org/apache/ratis/ratis-metrics/0.4.0/ratis-metrics-0.4.0.jar:/home/user/.m2/repository/com/github/joshelser/dropwizard-metrics-hadoop-metrics2-reporter/0.1.2/dropwizard-metrics-hadoop-metrics2-reporter-0.1.2.jar:/home/user/.m2/repository/io/dropwizard/metrics/metrics-jvm/3.2.5/metrics-jvm-3.2.5.jar:/home/user/.m2/repository/io/dropwizard/metrics/metrics-ganglia/3.2.5/metrics-ganglia-3.2.5.jar:/home/user/.m2/repository/info/ganglia/gmetric4j/gmetric4j/1.0.7/gmetric4j-1.0.7.jar:/home/user/.m2/repository/org/apache/ratis/ratis-netty/0.4.0/ratis-netty-0.4.0.jar:/home/user/.m2/repository/org/apache/ratis/ratis-grpc/0.4.0/ratis-grpc-0.4.0.jar:/home/user/.m2/repository/org/rocksdb/rocksdbjni/6.0.1/rocksdbjni-6.0.1.jar:/home/user/.m2/repository/org/apache/logging/log4j/log4j-api/2.11.0/log4j-api-2.11.0.jar:/home/user/.m2/repository/org/apache/logging/log4j/log4j-core/2.11.0/log4j-core-2.11.0.jar:/home/user/.m2/repository/com/lmax/disruptor/3.4.2/disruptor-3.4.2.jar:/home/user/.m2/repository/org/apache/commons/commons-pool2/2.6.0/commons-pool2-2.6.0.jar:/home/user/.m2/repository/org/bouncycastle/bcpkix-jdk15on/1.60/bcpkix-jdk15on-1.60.jar:/home/user/.m2/repository/commons-validator/commons-validator/1.6/commons-validator-1.6.jar:/home/user/.m2/repository/commons-digester/commons-digester/1.8.1/commons-digester-1.8.1.jar:/home/user/.m2/repository/io/jaegertracing/jaeger-client/0.34.0/jaeger-client-0.34.0.jar:/home/user/.m2/repository/io/jaegertracing/jaeger-thrift/0.34.0/jaeger-thrift-0.34.0.jar:/home/user/.m2/repository/org/apache/thrift/libthrift/0.12.0/libthrift-0.12.0.jar:/home/user/.m2/repository/com/squareup/okhttp3/okhttp/3.9.0/okhttp-3.9.0.jar:/home/user/.m2/repository/com/squareup/okio/okio/1.13.0/okio-1.13.0.jar:/home/user/.m2/repository/io/jaegertracing/jaeger-core/0.34.0/jaeger-core-0.34.0.jar:/home/user/.m2/repository/io/jaegertracing/jaeger-tracerresolver/0.34.0/jaeger-tracerresolver-0.34.0.jar:/home/user/.m2/repository/io/opentracing/contrib/opentracing-tracerresolver/0.1.5/opentracing-tracerresolver-0.1.5.jar:/home/user/.m2/repository/io/opentracing/opentracing-util/0.31.0/opentracing-util-0.31.0.jar:/home/user/.m2/repository/io/opentracing/opentracing-api/0.31.0/opentracing-api-0.31.0.jar:/home/user/.m2/repository/io/opentracing/opentracing-noop/0.31.0/opentracing-noop-0.31.0.jar:/home/user/.m2/repository/org/apache/hadoop/hadoop-hdds-server-framework/0.5.0-SNAPSHOT/hadoop-hdds-server-framework-0.5.0-SNAPSHOT.jar:/home/user/.m2/repository/org/apache/hadoop/hadoop-hdds-container-service/0.5.0-SNAPSHOT/hadoop-hdds-container-service-0.5.0-SNAPSHOT.jar:/home/user/.m2/repository/org/apache/hadoop/hadoop-hdds-client/0.5.0-SNAPSHOT/hadoop-hdds-client-0.5.0-SNAPSHOT.jar:/home/user/.m2/repository/org/apache/hadoop/hadoop-hdds-tools/0.5.0-SNAPSHOT/hadoop-hdds-tools-0.5.0-SNAPSHOT.jar:/home/user/.m2/repository/org/apache/hadoop/hadoop-hdds-server-scm/0.5.0-SNAPSHOT/hadoop-hdds-server-scm-0.5.0-SNAPSHOT.jar:/home/user/.m2/repository/org/apache/hadoop/hadoop-hdds-docs/0.5.0-SNAPSHOT/hadoop-hdds-docs-0.5.0-SNAPSHOT.jar:/home/user/.m2/repository/io/dropwizard/metrics/metrics-core/3.2.4/metrics-core-3.2.4.jar:/home/user/.m2/repository/org/hamcrest/hamcrest-all/1.3/hamcrest-all-1.3.jar:/home/user/.m2/repository/org/bouncycastle/bcprov-jdk15on/1.60/bcprov-jdk15on-1.60.jar:/home/user/.m2/repository/info/picocli/picocli/3.9.6/picocli-3.9.6.jar:/home/user/.m2/repository/com/google/protobuf/protobuf-java/2.5.0/protobuf-java-2.5.0.jar:/home/user/.m2/repository/com/google/guava/guava/11.0.2/guava-11.0.2.jar:/home/user/.m2/repository/org/apache/hadoop/hadoop-ozone-ozone-manager/0.5.0-SNAPSHOT/hadoop-ozone-ozone-manager-0.5.0-SNAPSHOT.jar:/home/user/.m2/repository/org/apache/hadoop/hadoop-minikdc/3.2.0/hadoop-minikdc-3.2.0.jar:/home/user/.m2/repository/commons-io/commons-io/2.5/commons-io-2.5.jar:/home/user/.m2/repository/org/apache/kerby/kerb-simplekdc/1.0.1/kerb-simplekdc-1.0.1.jar:/home/user/.m2/repository/org/apache/kerby/kerb-client/1.0.1/kerb-client-1.0.1.jar:/home/user/.m2/repository/org/apache/kerby/kerby-config/1.0.1/kerby-config-1.0.1.jar:/home/user/.m2/repository/org/apache/kerby/kerb-core/1.0.1/kerb-core-1.0.1.jar:/home/user/.m2/repository/org/apache/kerby/kerby-pkix/1.0.1/kerby-pkix-1.0.1.jar:/home/user/.m2/repository/org/apache/kerby/kerby-asn1/1.0.1/kerby-asn1-1.0.1.jar:/home/user/.m2/repository/org/apache/kerby/kerby-util/1.0.1/kerby-util-1.0.1.jar:/home/user/.m2/repository/org/apache/kerby/kerb-common/1.0.1/kerb-common-1.0.1.jar:/home/user/.m2/repository/org/apache/kerby/kerb-crypto/1.0.1/kerb-crypto-1.0.1.jar:/home/user/.m2/repository/org/apache/kerby/kerb-util/1.0.1/kerb-util-1.0.1.jar:/home/user/.m2/repository/org/apache/kerby/token-provider/1.0.1/token-provider-1.0.1.jar:/home/user/.m2/repository/org/apache/kerby/kerb-admin/1.0.1/kerb-admin-1.0.1.jar:/home/user/.m2/repository/org/apache/kerby/kerb-server/1.0.1/kerb-server-1.0.1.jar:/home/user/.m2/repository/org/apache/kerby/kerb-identity/1.0.1/kerb-identity-1.0.1.jar:/home/user/.m2/repository/org/apache/kerby/kerby-xdr/1.0.1/kerby-xdr-1.0.1.jar:/home/user/.m2/repository/org/slf4j/slf4j-log4j12/1.7.25/slf4j-log4j12-1.7.25.jar:/home/user/.m2/repository/org/apache/hadoop/hadoop-ozone-s3gateway/0.5.0-SNAPSHOT/hadoop-ozone-s3gateway-0.5.0-SNAPSHOT.jar:/home/user/.m2/repository/org/jboss/weld/servlet/weld-servlet/2.4.7.Final/weld-servlet-2.4.7.Final.jar:/home/user/.m2/repository/org/glassfish/jersey/containers/jersey-container-servlet-core/2.27/jersey-container-servlet-core-2.27.jar:/home/user/.m2/repository/org/glassfish/hk2/external/javax.inject/2.5.0-b42/javax.inject-2.5.0-b42.jar:/home/user/.m2/repository/org/glassfish/jersey/core/jersey-common/2.27/jersey-common-2.27.jar:/home/user/.m2/repository/org/glassfish/hk2/osgi-resource-locator/1.0.1/osgi-resource-locator-1.0.1.jar:/home/user/.m2/repository/javax/ws/rs/javax.ws.rs-api/2.1/javax.ws.rs-api-2.1.jar:/home/user/.m2/repository/org/glassfish/jersey/ext/cdi/jersey-cdi1x/2.27/jersey-cdi1x-2.27.jar:/home/user/.m2/repository/org/glassfish/jersey/inject/jersey-hk2/2.27/jersey-hk2-2.27.jar:/home/user/.m2/repository/org/glassfish/hk2/hk2-locator/2.5.0-b42/hk2-locator-2.5.0-b42.jar:/home/user/.m2/repository/org/javassist/javassist/3.22.0-CR2/javassist-3.22.0-CR2.jar:/home/user/.m2/repository/org/glassfish/hk2/hk2-api/2.5.0/hk2-api-2.5.0.jar:/home/user/.m2/repository/org/glassfish/hk2/external/jakarta.inject/2.5.0/jakarta.inject-2.5.0.jar:/home/user/.m2/repository/org/glassfish/hk2/hk2-utils/2.5.0/hk2-utils-2.5.0.jar:/home/user/.m2/repository/jakarta/annotation/jakarta.annotation-api/1.3.4/jakarta.annotation-api-1.3.4.jar:/home/user/.m2/repository/org/glassfish/hk2/external/aopalliance-repackaged/2.5.0/aopalliance-repackaged-2.5.0.jar:/home/user/.m2/repository/com/fasterxml/jackson/dataformat/jackson-dataformat-xml/2.9.0/jackson-dataformat-xml-2.9.0.jar:/home/user/.m2/repository/com/fasterxml/jackson/core/jackson-core/2.9.9/jackson-core-2.9.9.jar:/home/user/.m2/repository/com/fasterxml/jackson/module/jackson-module-jaxb-annotations/2.9.9/jackson-module-jaxb-annotations-2.9.9.jar:/home/user/.m2/repository/javax/enterprise/cdi-api/1.2/cdi-api-1.2.jar:/home/user/.m2/repository/javax/el/javax.el-api/3.0.0/javax.el-api-3.0.0.jar:/home/user/.m2/repository/javax/interceptor/javax.interceptor-api/1.2/javax.interceptor-api-1.2.jar:/home/user/.m2/repository/javax/inject/javax.inject/1/javax.inject-1.jar:/home/user/.m2/repository/com/sun/xml/bind/jaxb-impl/2.3.0.1/jaxb-impl-2.3.0.1.jar:/home/user/.m2/repository/com/sun/xml/bind/jaxb-core/2.3.0.1/jaxb-core-2.3.0.1.jar:/home/user/.m2/repository/javax/xml/bind/jaxb-api/2.3.0/jaxb-api-2.3.0.jar:/home/user/.m2/repository/javax/activation/activation/1.1.1/activation-1.1.1.jar:/home/user/.m2/repository/org/apache/hadoop/hadoop-ozone-csi/0.5.0-SNAPSHOT/hadoop-ozone-csi-0.5.0-SNAPSHOT.jar:/home/user/.m2/repository/com/google/protobuf/protobuf-java-util/3.5.1/protobuf-java-util-3.5.1.jar:/home/user/.m2/repository/org/apache/hadoop/hadoop-hdds-config/0.5.0-SNAPSHOT/hadoop-hdds-config-0.5.0-SNAPSHOT.jar:/home/user/.m2/repository/io/grpc/grpc-netty/1.17.1/grpc-netty-1.17.1.jar:/home/user/.m2/repository/io/grpc/grpc-core/1.17.1/grpc-core-1.17.1.jar:/home/user/.m2/repository/io/grpc/grpc-context/1.17.1/grpc-context-1.17.1.jar:/home/user/.m2/repository/com/google/errorprone/error_prone_annotations/2.2.0/error_prone_annotations-2.2.0.jar:/home/user/.m2/repository/org/codehaus/mojo/animal-sniffer-annotations/1.17/animal-sniffer-annotations-1.17.jar:/home/user/.m2/repository/io/opencensus/opencensus-api/0.17.0/opencensus-api-0.17.0.jar:/home/user/.m2/repository/io/opencensus/opencensus-contrib-grpc-metrics/0.17.0/opencensus-contrib-grpc-metrics-0.17.0.jar:/home/user/.m2/repository/io/netty/netty-codec-http2/4.1.30.Final/netty-codec-http2-4.1.30.Final.jar:/home/user/.m2/repository/io/netty/netty-codec-http/4.1.30.Final/netty-codec-http-4.1.30.Final.jar:/home/user/.m2/repository/io/netty/netty-codec/4.1.30.Final/netty-codec-4.1.30.Final.jar:/home/user/.m2/repository/io/netty/netty-handler/4.1.30.Final/netty-handler-4.1.30.Final.jar:/home/user/.m2/repository/io/netty/netty-handler-proxy/4.1.30.Final/netty-handler-proxy-4.1.30.Final.jar:/home/user/.m2/repository/io/netty/netty-codec-socks/4.1.30.Final/netty-codec-socks-4.1.30.Final.jar:/home/user/.m2/repository/io/netty/netty-transport-native-epoll/4.1.30.Final/netty-transport-native-epoll-4.1.30.Final.jar:/home/user/.m2/repository/io/netty/netty-common/4.1.30.Final/netty-common-4.1.30.Final.jar:/home/user/.m2/repository/io/netty/netty-buffer/4.1.30.Final/netty-buffer-4.1.30.Final.jar:/home/user/.m2/repository/io/netty/netty-transport/4.1.30.Final/netty-transport-4.1.30.Final.jar:/home/user/.m2/repository/io/netty/netty-resolver/4.1.30.Final/netty-resolver-4.1.30.Final.jar:/home/user/.m2/repository/io/netty/netty-transport-native-unix-common/4.1.30.Final/netty-transport-native-unix-common-4.1.30.Final.jar:/home/user/.m2/repository/io/grpc/grpc-protobuf/1.17.1/grpc-protobuf-1.17.1.jar:/home/user/.m2/repository/com/google/api/grpc/proto-google-common-protos/1.0.0/proto-google-common-protos-1.0.0.jar:/home/user/.m2/repository/io/grpc/grpc-protobuf-lite/1.17.1/grpc-protobuf-lite-1.17.1.jar:/home/user/.m2/repository/io/grpc/grpc-stub/1.17.1/grpc-stub-1.17.1.jar:/home/user/.m2/repository/org/apache/hadoop/hadoop-ozone-recon/0.5.0-SNAPSHOT/hadoop-ozone-recon-0.5.0-SNAPSHOT.jar:/home/user/.m2/repository/org/apache/hadoop/hadoop-ozone-reconcodegen/0.5.0-SNAPSHOT/hadoop-ozone-reconcodegen-0.5.0-SNAPSHOT.jar:/home/user/.m2/repository/com/google/inject/extensions/guice-multibindings/4.0/guice-multibindings-4.0.jar:/home/user/.m2/repository/com/google/inject/guice/4.0/guice-4.0.jar:/home/user/.m2/repository/aopalliance/aopalliance/1.0/aopalliance-1.0.jar:/home/user/.m2/repository/com/google/inject/extensions/guice-servlet/4.0/guice-servlet-4.0.jar:/home/user/.m2/repository/org/glassfish/jersey/containers/jersey-container-servlet/2.27/jersey-container-servlet-2.27.jar:/home/user/.m2/repository/org/glassfish/hk2/guice-bridge/2.5.0/guice-bridge-2.5.0.jar:/home/user/.m2/repository/org/glassfish/jersey/core/jersey-server/2.27/jersey-server-2.27.jar:/home/user/.m2/repository/org/glassfish/jersey/core/jersey-client/2.27/jersey-client-2.27.jar:/home/user/.m2/repository/org/glassfish/jersey/media/jersey-media-jaxb/2.27/jersey-media-jaxb-2.27.jar:/home/user/.m2/repository/javax/validation/validation-api/1.1.0.Final/validation-api-1.1.0.Final.jar:/home/user/.m2/repository/org/glassfish/jersey/media/jersey-media-json-jackson/2.27/jersey-media-json-jackson-2.27.jar:/home/user/.m2/repository/org/glassfish/jersey/ext/jersey-entity-filtering/2.27/jersey-entity-filtering-2.27.jar:/home/user/.m2/repository/com/google/inject/extensions/guice-assistedinject/4.0/guice-assistedinject-4.0.jar:/home/user/.m2/repository/org/jooq/jooq/3.11.10/jooq-3.11.10.jar:/home/user/.m2/repository/org/jooq/jooq-meta/3.11.10/jooq-meta-3.11.10.jar:/home/user/.m2/repository/org/jooq/jooq-codegen/3.11.10/jooq-codegen-3.11.10.jar:/home/user/.m2/repository/com/jolbox/bonecp/0.8.0.RELEASE/bonecp-0.8.0.RELEASE.jar:/home/user/.m2/repository/org/xerial/sqlite-jdbc/3.25.2/sqlite-jdbc-3.25.2.jar:/home/user/.m2/repository/org/springframework/spring-jdbc/5.1.3.RELEASE/spring-jdbc-5.1.3.RELEASE.jar:/home/user/.m2/repository/org/springframework/spring-beans/5.1.3.RELEASE/spring-beans-5.1.3.RELEASE.jar:/home/user/.m2/repository/org/springframework/spring-core/5.1.3.RELEASE/spring-core-5.1.3.RELEASE.jar:/home/user/.m2/repository/org/springframework/spring-jcl/5.1.3.RELEASE/spring-jcl-5.1.3.RELEASE.jar:/home/user/.m2/repository/org/springframework/spring-tx/5.1.3.RELEASE/spring-tx-5.1.3.RELEASE.jar:/home/user/.m2/repository/org/apache/hadoop/hadoop-ozone-client/0.5.0-SNAPSHOT/hadoop-ozone-client-0.5.0-SNAPSHOT.jar:/home/user/.m2/repository/commons-lang/commons-lang/2.6/commons-lang-2.6.jar:/home/user/.m2/repository/org/apache/hadoop/hadoop-ozone-ozone-manager/0.5.0-SNAPSHOT/hadoop-ozone-ozone-manager-0.5.0-SNAPSHOT-tests.jar:/home/user/.m2/repository/junit/junit/4.11/junit-4.11.jar:/home/user/.m2/repository/org/hamcrest/hamcrest-core/1.3/hamcrest-core-1.3.jar:/home/user/.m2/repository/org/openjdk/jmh/jmh-core/1.19/jmh-core-1.19.jar:/home/user/.m2/repository/net/sf/jopt-simple/jopt-simple/4.6/jopt-simple-4.6.jar:/home/user/.m2/repository/org/apache/commons/commons-math3/3.1.1/commons-math3-3.1.1.jar:/home/user/.m2/repository/org/openjdk/jmh/jmh-generator-annprocess/1.19/jmh-generator-annprocess-1.19.jar:/home/user/.m2/repository/org/mockito/mockito-all/1.8.5/mockito-all-1.8.5.jar:/home/user/.m2/repository/org/apache/hadoop/hadoop-kms/3.2.0/hadoop-kms-3.2.0.jar:/home/user/.m2/repository/org/apache/hadoop/hadoop-auth/3.2.0/hadoop-auth-3.2.0.jar:/home/user/.m2/repository/com/nimbusds/nimbus-jose-jwt/4.41.1/nimbus-jose-jwt-4.41.1.jar:/home/user/.m2/repository/com/github/stephenc/jcip/jcip-annotations/1.0-1/jcip-annotations-1.0-1.jar:/home/user/.m2/repository/net/minidev/json-smart/2.3/json-smart-2.3.jar:/home/user/.m2/repository/net/minidev/accessors-smart/1.2/accessors-smart-1.2.jar:/home/user/.m2/repository/org/ow2/asm/asm/5.0.4/asm-5.0.4.jar:/home/user/.m2/repository/org/apache/curator/curator-framework/2.12.0/curator-framework-2.12.0.jar:/home/user/.m2/repository/com/sun/jersey/jersey-core/1.19/jersey-core-1.19.jar:/home/user/.m2/repository/javax/ws/rs/jsr311-api/1.1.1/jsr311-api-1.1.1.jar:/home/user/.m2/repository/com/sun/jersey/jersey-server/1.19/jersey-server-1.19.jar:/home/user/.m2/repository/javax/servlet/javax.servlet-api/3.1.0/javax.servlet-api-3.1.0.jar:/home/user/.m2/repository/org/eclipse/jetty/jetty-server/9.3.25.v20180904/jetty-server-9.3.25.v20180904.jar:/home/user/.m2/repository/org/eclipse/jetty/jetty-http/9.3.25.v20180904/jetty-http-9.3.25.v20180904.jar:/home/user/.m2/repository/org/eclipse/jetty/jetty-io/9.3.25.v20180904/jetty-io-9.3.25.v20180904.jar:/home/user/.m2/repository/org/eclipse/jetty/jetty-webapp/9.3.25.v20180904/jetty-webapp-9.3.25.v20180904.jar:/home/user/.m2/repository/org/eclipse/jetty/jetty-xml/9.3.25.v20180904/jetty-xml-9.3.25.v20180904.jar:/home/user/.m2/repository/log4j/log4j/1.2.17/log4j-1.2.17.jar:/home/user/.m2/repository/org/slf4j/slf4j-api/1.7.25/slf4j-api-1.7.25.jar:/home/user/.m2/repository/org/slf4j/jul-to-slf4j/1.7.25/jul-to-slf4j-1.7.25.jar:/home/user/.m2/repository/org/eclipse/jetty/jetty-util/9.3.25.v20180904/jetty-util-9.3.25.v20180904.jar:/home/user/.m2/repository/com/fasterxml/jackson/core/jackson-databind/2.9.9/jackson-databind-2.9.9.jar:/home/user/.m2/repository/org/apache/hadoop/hadoop-kms/3.2.0/hadoop-kms-3.2.0-tests.jar:/home/user/.m2/repository/org/apache/hadoop/hadoop-hdds-server-scm/0.5.0-SNAPSHOT/hadoop-hdds-server-scm-0.5.0-SNAPSHOT-tests.jar:/home/user/.m2/repository/org/apache/hadoop/hadoop-hdds-container-service/0.5.0-SNAPSHOT/hadoop-hdds-container-service-0.5.0-SNAPSHOT-tests.jar:/home/user/.m2/repository/org/yaml/snakeyaml/1.16/snakeyaml-1.16.jar:/home/user/.m2/repository/org/apache/hadoop/hadoop-common/3.2.0/hadoop-common-3.2.0-tests.jar:/home/user/.m2/repository/org/apache/hadoop/hadoop-annotations/3.2.0/hadoop-annotations-3.2.0.jar:/usr/lib/jvm/java-1.8-openjdk/jre/../lib/tools.jar:/home/user/.m2/repository/commons-cli/commons-cli/1.2/commons-cli-1.2.jar:/home/user/.m2/repository/org/apache/httpcomponents/httpclient/4.5.2/httpclient-4.5.2.jar:/home/user/.m2/repository/org/apache/httpcomponents/httpcore/4.4.4/httpcore-4.4.4.jar:/home/user/.m2/repository/commons-codec/commons-codec/1.11/commons-codec-1.11.jar:/home/user/.m2/repository/commons-net/commons-net/3.6/commons-net-3.6.jar:/home/user/.m2/repository/commons-collections/commons-collections/3.2.2/commons-collections-3.2.2.jar:/home/user/.m2/repository/org/eclipse/jetty/jetty-servlet/9.3.25.v20180904/jetty-servlet-9.3.25.v20180904.jar:/home/user/.m2/repository/org/eclipse/jetty/jetty-security/9.3.25.v20180904/jetty-security-9.3.25.v20180904.jar:/home/user/.m2/repository/javax/servlet/jsp/jsp-api/2.1/jsp-api-2.1.jar:/home/user/.m2/repository/com/sun/jersey/jersey-servlet/1.19/jersey-servlet-1.19.jar:/home/user/.m2/repository/com/sun/jersey/jersey-json/1.19/jersey-json-1.19.jar:/home/user/.m2/repository/org/codehaus/jettison/jettison/1.1/jettison-1.1.jar:/home/user/.m2/repository/org/codehaus/jackson/jackson-core-asl/1.9.13/jackson-core-asl-1.9.13.jar:/home/user/.m2/repository/org/codehaus/jackson/jackson-mapper-asl/1.9.13/jackson-mapper-asl-1.9.13.jar:/home/user/.m2/repository/org/codehaus/jackson/jackson-jaxrs/1.9.13/jackson-jaxrs-1.9.13.jar:/home/user/.m2/repository/org/codehaus/jackson/jackson-xc/1.9.13/jackson-xc-1.9.13.jar:/home/user/.m2/repository/commons-logging/commons-logging/1.1.3/commons-logging-1.1.3.jar:/home/user/.m2/repository/commons-beanutils/commons-beanutils/1.9.4/commons-beanutils-1.9.4.jar:/home/user/.m2/repository/org/apache/commons/commons-configuration2/2.1.1/commons-configuration2-2.1.1.jar:/home/user/.m2/repository/org/apache/commons/commons-lang3/3.7/commons-lang3-3.7.jar:/home/user/.m2/repository/org/apache/commons/commons-text/1.4/commons-text-1.4.jar:/home/user/.m2/repository/org/apache/avro/avro/1.7.7/avro-1.7.7.jar:/home/user/.m2/repository/com/thoughtworks/paranamer/paranamer/2.3/paranamer-2.3.jar:/home/user/.m2/repository/org/xerial/snappy/snappy-java/1.0.5/snappy-java-1.0.5.jar:/home/user/.m2/repository/com/google/re2j/re2j/1.1/re2j-1.1.jar:/home/user/.m2/repository/com/google/code/gson/gson/2.2.4/gson-2.2.4.jar:/home/user/.m2/repository/com/jcraft/jsch/0.1.54/jsch-0.1.54.jar:/home/user/.m2/repository/org/apache/curator/curator-client/2.12.0/curator-client-2.12.0.jar:/home/user/.m2/repository/org/apache/curator/curator-recipes/2.12.0/curator-recipes-2.12.0.jar:/home/user/.m2/repository/com/google/code/findbugs/jsr305/3.0.0/jsr305-3.0.0.jar:/home/user/.m2/repository/org/apache/htrace/htrace-core4/4.1.0-incubating/htrace-core4-4.1.0-incubating.jar:/home/user/.m2/repository/org/apache/zookeeper/zookeeper/3.4.13/zookeeper-3.4.13.jar:/home/user/.m2/repository/jline/jline/0.9.94/jline-0.9.94.jar:/home/user/.m2/repository/org/apache/yetus/audience-annotations/0.5.0/audience-annotations-0.5.0.jar:/home/user/.m2/repository/org/codehaus/woodstox/stax2-api/3.1.4/stax2-api-3.1.4.jar:/home/user/.m2/repository/com/fasterxml/woodstox/woodstox-core/5.0.3/woodstox-core-5.0.3.jar:/home/user/.m2/repository/dnsjava/dnsjava/2.1.7/dnsjava-2.1.7.jar:/home/user/.m2/repository/org/apache/hadoop/hadoop-hdfs/3.2.0/hadoop-hdfs-3.2.0-tests.jar:/home/user/.m2/repository/org/eclipse/jetty/jetty-util-ajax/9.3.25.v20180904/jetty-util-ajax-9.3.25.v20180904.jar:/home/user/.m2/repository/commons-daemon/commons-daemon/1.0.13/commons-daemon-1.0.13.jar:/home/user/.m2/repository/io/netty/netty/3.10.5.Final/netty-3.10.5.Final.jar:/home/user/.m2/repository/io/netty/netty-all/4.0.52.Final/netty-all-4.0.52.Final.jar:/home/user/.m2/repository/org/fusesource/leveldbjni/leveldbjni-all/1.8/leveldbjni-all-1.8.jar:"/>
    <property name="java.vm.vendor" value="IcedTea"/>
    <property name="sun.arch.data.model" value="64"/>
    <property name="test.build.dir" value="/workdir/hadoop-ozone/integration-test/target/test-dir"/>
    <property name="test.cache.data" value=""/>
    <property name="java.vendor.url" value="https://icedtea.classpath.org"/>
    <property name="user.timezone" value=""/>
    <property name="java.vm.specification.version" value="1.8"/>
    <property name="os.name" value="Linux"/>
    <property name="test.build.data" value="/workdir/hadoop-ozone/integration-test/target/test-dir"/>
    <property name="user.country" value="US"/>
    <property name="sun.java.launcher" value="SUN_STANDARD"/>
    <property name="sun.boot.library.path" value="/usr/lib/jvm/java-1.8-openjdk/jre/lib/amd64"/>
    <property name="sun.java.command" value="/workdir/hadoop-ozone/integration-test/target/surefire/surefirebooter4444179241820165142.jar /workdir/hadoop-ozone/integration-test/target/surefire 2019-09-25T10-18-59_181-jvmRun1 surefire2608074121873568932tmp surefire_865532931930401868654tmp"/>
    <property name="test" value="!TestMiniChaosOzoneCluster"/>
    <property name="surefire.test.class.path" value="/workdir/hadoop-ozone/integration-test/target/test-classes:/workdir/hadoop-ozone/integration-test/target/classes:/home/user/.m2/repository/org/apache/hadoop/hadoop-ozone-common/0.5.0-SNAPSHOT/hadoop-ozone-common-0.5.0-SNAPSHOT.jar:/home/user/.m2/repository/org/apache/commons/commons-compress/1.4.1/commons-compress-1.4.1.jar:/home/user/.m2/repository/org/tukaani/xz/1.0/xz-1.0.jar:/home/user/.m2/repository/org/apache/hadoop/hadoop-common/3.2.0/hadoop-common-3.2.0.jar:/home/user/.m2/repository/org/apache/hadoop/hadoop-hdfs/3.2.0/hadoop-hdfs-3.2.0.jar:/home/user/.m2/repository/org/apache/hadoop/hadoop-hdfs-client/3.2.0/hadoop-hdfs-client-3.2.0.jar:/home/user/.m2/repository/com/fasterxml/jackson/core/jackson-annotations/2.9.9/jackson-annotations-2.9.9.jar:/home/user/.m2/repository/org/apache/hadoop/hadoop-hdds-common/0.5.0-SNAPSHOT/hadoop-hdds-common-0.5.0-SNAPSHOT.jar:/home/user/.m2/repository/javax/annotation/javax.annotation-api/1.2/javax.annotation-api-1.2.jar:/home/user/.m2/repository/org/apache/ratis/ratis-server/0.4.0/ratis-server-0.4.0.jar:/home/user/.m2/repository/org/apache/ratis/ratis-thirdparty-misc/0.2.0/ratis-thirdparty-misc-0.2.0.jar:/home/user/.m2/repository/org/apache/ratis/ratis-proto/0.4.0/ratis-proto-0.4.0.jar:/home/user/.m2/repository/org/apache/ratis/ratis-common/0.4.0/ratis-common-0.4.0.jar:/home/user/.m2/repository/org/apache/ratis/ratis-client/0.4.0/ratis-client-0.4.0.jar:/home/user/.m2/repository/org/apache/ratis/ratis-metrics/0.4.0/ratis-metrics-0.4.0.jar:/home/user/.m2/repository/com/github/joshelser/dropwizard-metrics-hadoop-metrics2-reporter/0.1.2/dropwizard-metrics-hadoop-metrics2-reporter-0.1.2.jar:/home/user/.m2/repository/io/dropwizard/metrics/metrics-jvm/3.2.5/metrics-jvm-3.2.5.jar:/home/user/.m2/repository/io/dropwizard/metrics/metrics-ganglia/3.2.5/metrics-ganglia-3.2.5.jar:/home/user/.m2/repository/info/ganglia/gmetric4j/gmetric4j/1.0.7/gmetric4j-1.0.7.jar:/home/user/.m2/repository/org/apache/ratis/ratis-netty/0.4.0/ratis-netty-0.4.0.jar:/home/user/.m2/repository/org/apache/ratis/ratis-grpc/0.4.0/ratis-grpc-0.4.0.jar:/home/user/.m2/repository/org/rocksdb/rocksdbjni/6.0.1/rocksdbjni-6.0.1.jar:/home/user/.m2/repository/org/apache/logging/log4j/log4j-api/2.11.0/log4j-api-2.11.0.jar:/home/user/.m2/repository/org/apache/logging/log4j/log4j-core/2.11.0/log4j-core-2.11.0.jar:/home/user/.m2/repository/com/lmax/disruptor/3.4.2/disruptor-3.4.2.jar:/home/user/.m2/repository/org/apache/commons/commons-pool2/2.6.0/commons-pool2-2.6.0.jar:/home/user/.m2/repository/org/bouncycastle/bcpkix-jdk15on/1.60/bcpkix-jdk15on-1.60.jar:/home/user/.m2/repository/commons-validator/commons-validator/1.6/commons-validator-1.6.jar:/home/user/.m2/repository/commons-digester/commons-digester/1.8.1/commons-digester-1.8.1.jar:/home/user/.m2/repository/io/jaegertracing/jaeger-client/0.34.0/jaeger-client-0.34.0.jar:/home/user/.m2/repository/io/jaegertracing/jaeger-thrift/0.34.0/jaeger-thrift-0.34.0.jar:/home/user/.m2/repository/org/apache/thrift/libthrift/0.12.0/libthrift-0.12.0.jar:/home/user/.m2/repository/com/squareup/okhttp3/okhttp/3.9.0/okhttp-3.9.0.jar:/home/user/.m2/repository/com/squareup/okio/okio/1.13.0/okio-1.13.0.jar:/home/user/.m2/repository/io/jaegertracing/jaeger-core/0.34.0/jaeger-core-0.34.0.jar:/home/user/.m2/repository/io/jaegertracing/jaeger-tracerresolver/0.34.0/jaeger-tracerresolver-0.34.0.jar:/home/user/.m2/repository/io/opentracing/contrib/opentracing-tracerresolver/0.1.5/opentracing-tracerresolver-0.1.5.jar:/home/user/.m2/repository/io/opentracing/opentracing-util/0.31.0/opentracing-util-0.31.0.jar:/home/user/.m2/repository/io/opentracing/opentracing-api/0.31.0/opentracing-api-0.31.0.jar:/home/user/.m2/repository/io/opentracing/opentracing-noop/0.31.0/opentracing-noop-0.31.0.jar:/home/user/.m2/repository/org/apache/hadoop/hadoop-hdds-server-framework/0.5.0-SNAPSHOT/hadoop-hdds-server-framework-0.5.0-SNAPSHOT.jar:/home/user/.m2/repository/org/apache/hadoop/hadoop-hdds-container-service/0.5.0-SNAPSHOT/hadoop-hdds-container-service-0.5.0-SNAPSHOT.jar:/home/user/.m2/repository/org/apache/hadoop/hadoop-hdds-client/0.5.0-SNAPSHOT/hadoop-hdds-client-0.5.0-SNAPSHOT.jar:/home/user/.m2/repository/org/apache/hadoop/hadoop-hdds-tools/0.5.0-SNAPSHOT/hadoop-hdds-tools-0.5.0-SNAPSHOT.jar:/home/user/.m2/repository/org/apache/hadoop/hadoop-hdds-server-scm/0.5.0-SNAPSHOT/hadoop-hdds-server-scm-0.5.0-SNAPSHOT.jar:/home/user/.m2/repository/org/apache/hadoop/hadoop-hdds-docs/0.5.0-SNAPSHOT/hadoop-hdds-docs-0.5.0-SNAPSHOT.jar:/home/user/.m2/repository/io/dropwizard/metrics/metrics-core/3.2.4/metrics-core-3.2.4.jar:/home/user/.m2/repository/org/hamcrest/hamcrest-all/1.3/hamcrest-all-1.3.jar:/home/user/.m2/repository/org/bouncycastle/bcprov-jdk15on/1.60/bcprov-jdk15on-1.60.jar:/home/user/.m2/repository/info/picocli/picocli/3.9.6/picocli-3.9.6.jar:/home/user/.m2/repository/com/google/protobuf/protobuf-java/2.5.0/protobuf-java-2.5.0.jar:/home/user/.m2/repository/com/google/guava/guava/11.0.2/guava-11.0.2.jar:/home/user/.m2/repository/org/apache/hadoop/hadoop-ozone-ozone-manager/0.5.0-SNAPSHOT/hadoop-ozone-ozone-manager-0.5.0-SNAPSHOT.jar:/home/user/.m2/repository/org/apache/hadoop/hadoop-minikdc/3.2.0/hadoop-minikdc-3.2.0.jar:/home/user/.m2/repository/commons-io/commons-io/2.5/commons-io-2.5.jar:/home/user/.m2/repository/org/apache/kerby/kerb-simplekdc/1.0.1/kerb-simplekdc-1.0.1.jar:/home/user/.m2/repository/org/apache/kerby/kerb-client/1.0.1/kerb-client-1.0.1.jar:/home/user/.m2/repository/org/apache/kerby/kerby-config/1.0.1/kerby-config-1.0.1.jar:/home/user/.m2/repository/org/apache/kerby/kerb-core/1.0.1/kerb-core-1.0.1.jar:/home/user/.m2/repository/org/apache/kerby/kerby-pkix/1.0.1/kerby-pkix-1.0.1.jar:/home/user/.m2/repository/org/apache/kerby/kerby-asn1/1.0.1/kerby-asn1-1.0.1.jar:/home/user/.m2/repository/org/apache/kerby/kerby-util/1.0.1/kerby-util-1.0.1.jar:/home/user/.m2/repository/org/apache/kerby/kerb-common/1.0.1/kerb-common-1.0.1.jar:/home/user/.m2/repository/org/apache/kerby/kerb-crypto/1.0.1/kerb-crypto-1.0.1.jar:/home/user/.m2/repository/org/apache/kerby/kerb-util/1.0.1/kerb-util-1.0.1.jar:/home/user/.m2/repository/org/apache/kerby/token-provider/1.0.1/token-provider-1.0.1.jar:/home/user/.m2/repository/org/apache/kerby/kerb-admin/1.0.1/kerb-admin-1.0.1.jar:/home/user/.m2/repository/org/apache/kerby/kerb-server/1.0.1/kerb-server-1.0.1.jar:/home/user/.m2/repository/org/apache/kerby/kerb-identity/1.0.1/kerb-identity-1.0.1.jar:/home/user/.m2/repository/org/apache/kerby/kerby-xdr/1.0.1/kerby-xdr-1.0.1.jar:/home/user/.m2/repository/org/slf4j/slf4j-log4j12/1.7.25/slf4j-log4j12-1.7.25.jar:/home/user/.m2/repository/org/apache/hadoop/hadoop-ozone-s3gateway/0.5.0-SNAPSHOT/hadoop-ozone-s3gateway-0.5.0-SNAPSHOT.jar:/home/user/.m2/repository/org/jboss/weld/servlet/weld-servlet/2.4.7.Final/weld-servlet-2.4.7.Final.jar:/home/user/.m2/repository/org/glassfish/jersey/containers/jersey-container-servlet-core/2.27/jersey-container-servlet-core-2.27.jar:/home/user/.m2/repository/org/glassfish/hk2/external/javax.inject/2.5.0-b42/javax.inject-2.5.0-b42.jar:/home/user/.m2/repository/org/glassfish/jersey/core/jersey-common/2.27/jersey-common-2.27.jar:/home/user/.m2/repository/org/glassfish/hk2/osgi-resource-locator/1.0.1/osgi-resource-locator-1.0.1.jar:/home/user/.m2/repository/javax/ws/rs/javax.ws.rs-api/2.1/javax.ws.rs-api-2.1.jar:/home/user/.m2/repository/org/glassfish/jersey/ext/cdi/jersey-cdi1x/2.27/jersey-cdi1x-2.27.jar:/home/user/.m2/repository/org/glassfish/jersey/inject/jersey-hk2/2.27/jersey-hk2-2.27.jar:/home/user/.m2/repository/org/glassfish/hk2/hk2-locator/2.5.0-b42/hk2-locator-2.5.0-b42.jar:/home/user/.m2/repository/org/javassist/javassist/3.22.0-CR2/javassist-3.22.0-CR2.jar:/home/user/.m2/repository/org/glassfish/hk2/hk2-api/2.5.0/hk2-api-2.5.0.jar:/home/user/.m2/repository/org/glassfish/hk2/external/jakarta.inject/2.5.0/jakarta.inject-2.5.0.jar:/home/user/.m2/repository/org/glassfish/hk2/hk2-utils/2.5.0/hk2-utils-2.5.0.jar:/home/user/.m2/repository/jakarta/annotation/jakarta.annotation-api/1.3.4/jakarta.annotation-api-1.3.4.jar:/home/user/.m2/repository/org/glassfish/hk2/external/aopalliance-repackaged/2.5.0/aopalliance-repackaged-2.5.0.jar:/home/user/.m2/repository/com/fasterxml/jackson/dataformat/jackson-dataformat-xml/2.9.0/jackson-dataformat-xml-2.9.0.jar:/home/user/.m2/repository/com/fasterxml/jackson/core/jackson-core/2.9.9/jackson-core-2.9.9.jar:/home/user/.m2/repository/com/fasterxml/jackson/module/jackson-module-jaxb-annotations/2.9.9/jackson-module-jaxb-annotations-2.9.9.jar:/home/user/.m2/repository/javax/enterprise/cdi-api/1.2/cdi-api-1.2.jar:/home/user/.m2/repository/javax/el/javax.el-api/3.0.0/javax.el-api-3.0.0.jar:/home/user/.m2/repository/javax/interceptor/javax.interceptor-api/1.2/javax.interceptor-api-1.2.jar:/home/user/.m2/repository/javax/inject/javax.inject/1/javax.inject-1.jar:/home/user/.m2/repository/com/sun/xml/bind/jaxb-impl/2.3.0.1/jaxb-impl-2.3.0.1.jar:/home/user/.m2/repository/com/sun/xml/bind/jaxb-core/2.3.0.1/jaxb-core-2.3.0.1.jar:/home/user/.m2/repository/javax/xml/bind/jaxb-api/2.3.0/jaxb-api-2.3.0.jar:/home/user/.m2/repository/javax/activation/activation/1.1.1/activation-1.1.1.jar:/home/user/.m2/repository/org/apache/hadoop/hadoop-ozone-csi/0.5.0-SNAPSHOT/hadoop-ozone-csi-0.5.0-SNAPSHOT.jar:/home/user/.m2/repository/com/google/protobuf/protobuf-java-util/3.5.1/protobuf-java-util-3.5.1.jar:/home/user/.m2/repository/org/apache/hadoop/hadoop-hdds-config/0.5.0-SNAPSHOT/hadoop-hdds-config-0.5.0-SNAPSHOT.jar:/home/user/.m2/repository/io/grpc/grpc-netty/1.17.1/grpc-netty-1.17.1.jar:/home/user/.m2/repository/io/grpc/grpc-core/1.17.1/grpc-core-1.17.1.jar:/home/user/.m2/repository/io/grpc/grpc-context/1.17.1/grpc-context-1.17.1.jar:/home/user/.m2/repository/com/google/errorprone/error_prone_annotations/2.2.0/error_prone_annotations-2.2.0.jar:/home/user/.m2/repository/org/codehaus/mojo/animal-sniffer-annotations/1.17/animal-sniffer-annotations-1.17.jar:/home/user/.m2/repository/io/opencensus/opencensus-api/0.17.0/opencensus-api-0.17.0.jar:/home/user/.m2/repository/io/opencensus/opencensus-contrib-grpc-metrics/0.17.0/opencensus-contrib-grpc-metrics-0.17.0.jar:/home/user/.m2/repository/io/netty/netty-codec-http2/4.1.30.Final/netty-codec-http2-4.1.30.Final.jar:/home/user/.m2/repository/io/netty/netty-codec-http/4.1.30.Final/netty-codec-http-4.1.30.Final.jar:/home/user/.m2/repository/io/netty/netty-codec/4.1.30.Final/netty-codec-4.1.30.Final.jar:/home/user/.m2/repository/io/netty/netty-handler/4.1.30.Final/netty-handler-4.1.30.Final.jar:/home/user/.m2/repository/io/netty/netty-handler-proxy/4.1.30.Final/netty-handler-proxy-4.1.30.Final.jar:/home/user/.m2/repository/io/netty/netty-codec-socks/4.1.30.Final/netty-codec-socks-4.1.30.Final.jar:/home/user/.m2/repository/io/netty/netty-transport-native-epoll/4.1.30.Final/netty-transport-native-epoll-4.1.30.Final.jar:/home/user/.m2/repository/io/netty/netty-common/4.1.30.Final/netty-common-4.1.30.Final.jar:/home/user/.m2/repository/io/netty/netty-buffer/4.1.30.Final/netty-buffer-4.1.30.Final.jar:/home/user/.m2/repository/io/netty/netty-transport/4.1.30.Final/netty-transport-4.1.30.Final.jar:/home/user/.m2/repository/io/netty/netty-resolver/4.1.30.Final/netty-resolver-4.1.30.Final.jar:/home/user/.m2/repository/io/netty/netty-transport-native-unix-common/4.1.30.Final/netty-transport-native-unix-common-4.1.30.Final.jar:/home/user/.m2/repository/io/grpc/grpc-protobuf/1.17.1/grpc-protobuf-1.17.1.jar:/home/user/.m2/repository/com/google/api/grpc/proto-google-common-protos/1.0.0/proto-google-common-protos-1.0.0.jar:/home/user/.m2/repository/io/grpc/grpc-protobuf-lite/1.17.1/grpc-protobuf-lite-1.17.1.jar:/home/user/.m2/repository/io/grpc/grpc-stub/1.17.1/grpc-stub-1.17.1.jar:/home/user/.m2/repository/org/apache/hadoop/hadoop-ozone-recon/0.5.0-SNAPSHOT/hadoop-ozone-recon-0.5.0-SNAPSHOT.jar:/home/user/.m2/repository/org/apache/hadoop/hadoop-ozone-reconcodegen/0.5.0-SNAPSHOT/hadoop-ozone-reconcodegen-0.5.0-SNAPSHOT.jar:/home/user/.m2/repository/com/google/inject/extensions/guice-multibindings/4.0/guice-multibindings-4.0.jar:/home/user/.m2/repository/com/google/inject/guice/4.0/guice-4.0.jar:/home/user/.m2/repository/aopalliance/aopalliance/1.0/aopalliance-1.0.jar:/home/user/.m2/repository/com/google/inject/extensions/guice-servlet/4.0/guice-servlet-4.0.jar:/home/user/.m2/repository/org/glassfish/jersey/containers/jersey-container-servlet/2.27/jersey-container-servlet-2.27.jar:/home/user/.m2/repository/org/glassfish/hk2/guice-bridge/2.5.0/guice-bridge-2.5.0.jar:/home/user/.m2/repository/org/glassfish/jersey/core/jersey-server/2.27/jersey-server-2.27.jar:/home/user/.m2/repository/org/glassfish/jersey/core/jersey-client/2.27/jersey-client-2.27.jar:/home/user/.m2/repository/org/glassfish/jersey/media/jersey-media-jaxb/2.27/jersey-media-jaxb-2.27.jar:/home/user/.m2/repository/javax/validation/validation-api/1.1.0.Final/validation-api-1.1.0.Final.jar:/home/user/.m2/repository/org/glassfish/jersey/media/jersey-media-json-jackson/2.27/jersey-media-json-jackson-2.27.jar:/home/user/.m2/repository/org/glassfish/jersey/ext/jersey-entity-filtering/2.27/jersey-entity-filtering-2.27.jar:/home/user/.m2/repository/com/google/inject/extensions/guice-assistedinject/4.0/guice-assistedinject-4.0.jar:/home/user/.m2/repository/org/jooq/jooq/3.11.10/jooq-3.11.10.jar:/home/user/.m2/repository/org/jooq/jooq-meta/3.11.10/jooq-meta-3.11.10.jar:/home/user/.m2/repository/org/jooq/jooq-codegen/3.11.10/jooq-codegen-3.11.10.jar:/home/user/.m2/repository/com/jolbox/bonecp/0.8.0.RELEASE/bonecp-0.8.0.RELEASE.jar:/home/user/.m2/repository/org/xerial/sqlite-jdbc/3.25.2/sqlite-jdbc-3.25.2.jar:/home/user/.m2/repository/org/springframework/spring-jdbc/5.1.3.RELEASE/spring-jdbc-5.1.3.RELEASE.jar:/home/user/.m2/repository/org/springframework/spring-beans/5.1.3.RELEASE/spring-beans-5.1.3.RELEASE.jar:/home/user/.m2/repository/org/springframework/spring-core/5.1.3.RELEASE/spring-core-5.1.3.RELEASE.jar:/home/user/.m2/repository/org/springframework/spring-jcl/5.1.3.RELEASE/spring-jcl-5.1.3.RELEASE.jar:/home/user/.m2/repository/org/springframework/spring-tx/5.1.3.RELEASE/spring-tx-5.1.3.RELEASE.jar:/home/user/.m2/repository/org/apache/hadoop/hadoop-ozone-client/0.5.0-SNAPSHOT/hadoop-ozone-client-0.5.0-SNAPSHOT.jar:/home/user/.m2/repository/commons-lang/commons-lang/2.6/commons-lang-2.6.jar:/home/user/.m2/repository/org/apache/hadoop/hadoop-ozone-ozone-manager/0.5.0-SNAPSHOT/hadoop-ozone-ozone-manager-0.5.0-SNAPSHOT-tests.jar:/home/user/.m2/repository/junit/junit/4.11/junit-4.11.jar:/home/user/.m2/repository/org/hamcrest/hamcrest-core/1.3/hamcrest-core-1.3.jar:/home/user/.m2/repository/org/openjdk/jmh/jmh-core/1.19/jmh-core-1.19.jar:/home/user/.m2/repository/net/sf/jopt-simple/jopt-simple/4.6/jopt-simple-4.6.jar:/home/user/.m2/repository/org/apache/commons/commons-math3/3.1.1/commons-math3-3.1.1.jar:/home/user/.m2/repository/org/openjdk/jmh/jmh-generator-annprocess/1.19/jmh-generator-annprocess-1.19.jar:/home/user/.m2/repository/org/mockito/mockito-all/1.8.5/mockito-all-1.8.5.jar:/home/user/.m2/repository/org/apache/hadoop/hadoop-kms/3.2.0/hadoop-kms-3.2.0.jar:/home/user/.m2/repository/org/apache/hadoop/hadoop-auth/3.2.0/hadoop-auth-3.2.0.jar:/home/user/.m2/repository/com/nimbusds/nimbus-jose-jwt/4.41.1/nimbus-jose-jwt-4.41.1.jar:/home/user/.m2/repository/com/github/stephenc/jcip/jcip-annotations/1.0-1/jcip-annotations-1.0-1.jar:/home/user/.m2/repository/net/minidev/json-smart/2.3/json-smart-2.3.jar:/home/user/.m2/repository/net/minidev/accessors-smart/1.2/accessors-smart-1.2.jar:/home/user/.m2/repository/org/ow2/asm/asm/5.0.4/asm-5.0.4.jar:/home/user/.m2/repository/org/apache/curator/curator-framework/2.12.0/curator-framework-2.12.0.jar:/home/user/.m2/repository/com/sun/jersey/jersey-core/1.19/jersey-core-1.19.jar:/home/user/.m2/repository/javax/ws/rs/jsr311-api/1.1.1/jsr311-api-1.1.1.jar:/home/user/.m2/repository/com/sun/jersey/jersey-server/1.19/jersey-server-1.19.jar:/home/user/.m2/repository/javax/servlet/javax.servlet-api/3.1.0/javax.servlet-api-3.1.0.jar:/home/user/.m2/repository/org/eclipse/jetty/jetty-server/9.3.25.v20180904/jetty-server-9.3.25.v20180904.jar:/home/user/.m2/repository/org/eclipse/jetty/jetty-http/9.3.25.v20180904/jetty-http-9.3.25.v20180904.jar:/home/user/.m2/repository/org/eclipse/jetty/jetty-io/9.3.25.v20180904/jetty-io-9.3.25.v20180904.jar:/home/user/.m2/repository/org/eclipse/jetty/jetty-webapp/9.3.25.v20180904/jetty-webapp-9.3.25.v20180904.jar:/home/user/.m2/repository/org/eclipse/jetty/jetty-xml/9.3.25.v20180904/jetty-xml-9.3.25.v20180904.jar:/home/user/.m2/repository/log4j/log4j/1.2.17/log4j-1.2.17.jar:/home/user/.m2/repository/org/slf4j/slf4j-api/1.7.25/slf4j-api-1.7.25.jar:/home/user/.m2/repository/org/slf4j/jul-to-slf4j/1.7.25/jul-to-slf4j-1.7.25.jar:/home/user/.m2/repository/org/eclipse/jetty/jetty-util/9.3.25.v20180904/jetty-util-9.3.25.v20180904.jar:/home/user/.m2/repository/com/fasterxml/jackson/core/jackson-databind/2.9.9/jackson-databind-2.9.9.jar:/home/user/.m2/repository/org/apache/hadoop/hadoop-kms/3.2.0/hadoop-kms-3.2.0-tests.jar:/home/user/.m2/repository/org/apache/hadoop/hadoop-hdds-server-scm/0.5.0-SNAPSHOT/hadoop-hdds-server-scm-0.5.0-SNAPSHOT-tests.jar:/home/user/.m2/repository/org/apache/hadoop/hadoop-hdds-container-service/0.5.0-SNAPSHOT/hadoop-hdds-container-service-0.5.0-SNAPSHOT-tests.jar:/home/user/.m2/repository/org/yaml/snakeyaml/1.16/snakeyaml-1.16.jar:/home/user/.m2/repository/org/apache/hadoop/hadoop-common/3.2.0/hadoop-common-3.2.0-tests.jar:/home/user/.m2/repository/org/apache/hadoop/hadoop-annotations/3.2.0/hadoop-annotations-3.2.0.jar:/usr/lib/jvm/java-1.8-openjdk/jre/../lib/tools.jar:/home/user/.m2/repository/commons-cli/commons-cli/1.2/commons-cli-1.2.jar:/home/user/.m2/repository/org/apache/httpcomponents/httpclient/4.5.2/httpclient-4.5.2.jar:/home/user/.m2/repository/org/apache/httpcomponents/httpcore/4.4.4/httpcore-4.4.4.jar:/home/user/.m2/repository/commons-codec/commons-codec/1.11/commons-codec-1.11.jar:/home/user/.m2/repository/commons-net/commons-net/3.6/commons-net-3.6.jar:/home/user/.m2/repository/commons-collections/commons-collections/3.2.2/commons-collections-3.2.2.jar:/home/user/.m2/repository/org/eclipse/jetty/jetty-servlet/9.3.25.v20180904/jetty-servlet-9.3.25.v20180904.jar:/home/user/.m2/repository/org/eclipse/jetty/jetty-security/9.3.25.v20180904/jetty-security-9.3.25.v20180904.jar:/home/user/.m2/repository/javax/servlet/jsp/jsp-api/2.1/jsp-api-2.1.jar:/home/user/.m2/repository/com/sun/jersey/jersey-servlet/1.19/jersey-servlet-1.19.jar:/home/user/.m2/repository/com/sun/jersey/jersey-json/1.19/jersey-json-1.19.jar:/home/user/.m2/repository/org/codehaus/jettison/jettison/1.1/jettison-1.1.jar:/home/user/.m2/repository/org/codehaus/jackson/jackson-core-asl/1.9.13/jackson-core-asl-1.9.13.jar:/home/user/.m2/repository/org/codehaus/jackson/jackson-mapper-asl/1.9.13/jackson-mapper-asl-1.9.13.jar:/home/user/.m2/repository/org/codehaus/jackson/jackson-jaxrs/1.9.13/jackson-jaxrs-1.9.13.jar:/home/user/.m2/repository/org/codehaus/jackson/jackson-xc/1.9.13/jackson-xc-1.9.13.jar:/home/user/.m2/repository/commons-logging/commons-logging/1.1.3/commons-logging-1.1.3.jar:/home/user/.m2/repository/commons-beanutils/commons-beanutils/1.9.4/commons-beanutils-1.9.4.jar:/home/user/.m2/repository/org/apache/commons/commons-configuration2/2.1.1/commons-configuration2-2.1.1.jar:/home/user/.m2/repository/org/apache/commons/commons-lang3/3.7/commons-lang3-3.7.jar:/home/user/.m2/repository/org/apache/commons/commons-text/1.4/commons-text-1.4.jar:/home/user/.m2/repository/org/apache/avro/avro/1.7.7/avro-1.7.7.jar:/home/user/.m2/repository/com/thoughtworks/paranamer/paranamer/2.3/paranamer-2.3.jar:/home/user/.m2/repository/org/xerial/snappy/snappy-java/1.0.5/snappy-java-1.0.5.jar:/home/user/.m2/repository/com/google/re2j/re2j/1.1/re2j-1.1.jar:/home/user/.m2/repository/com/google/code/gson/gson/2.2.4/gson-2.2.4.jar:/home/user/.m2/repository/com/jcraft/jsch/0.1.54/jsch-0.1.54.jar:/home/user/.m2/repository/org/apache/curator/curator-client/2.12.0/curator-client-2.12.0.jar:/home/user/.m2/repository/org/apache/curator/curator-recipes/2.12.0/curator-recipes-2.12.0.jar:/home/user/.m2/repository/com/google/code/findbugs/jsr305/3.0.0/jsr305-3.0.0.jar:/home/user/.m2/repository/org/apache/htrace/htrace-core4/4.1.0-incubating/htrace-core4-4.1.0-incubating.jar:/home/user/.m2/repository/org/apache/zookeeper/zookeeper/3.4.13/zookeeper-3.4.13.jar:/home/user/.m2/repository/jline/jline/0.9.94/jline-0.9.94.jar:/home/user/.m2/repository/org/apache/yetus/audience-annotations/0.5.0/audience-annotations-0.5.0.jar:/home/user/.m2/repository/org/codehaus/woodstox/stax2-api/3.1.4/stax2-api-3.1.4.jar:/home/user/.m2/repository/com/fasterxml/woodstox/woodstox-core/5.0.3/woodstox-core-5.0.3.jar:/home/user/.m2/repository/dnsjava/dnsjava/2.1.7/dnsjava-2.1.7.jar:/home/user/.m2/repository/org/apache/hadoop/hadoop-hdfs/3.2.0/hadoop-hdfs-3.2.0-tests.jar:/home/user/.m2/repository/org/eclipse/jetty/jetty-util-ajax/9.3.25.v20180904/jetty-util-ajax-9.3.25.v20180904.jar:/home/user/.m2/repository/commons-daemon/commons-daemon/1.0.13/commons-daemon-1.0.13.jar:/home/user/.m2/repository/io/netty/netty/3.10.5.Final/netty-3.10.5.Final.jar:/home/user/.m2/repository/io/netty/netty-all/4.0.52.Final/netty-all-4.0.52.Final.jar:/home/user/.m2/repository/org/fusesource/leveldbjni/leveldbjni-all/1.8/leveldbjni-all-1.8.jar:"/>
    <property name="sun.cpu.endian" value="little"/>
    <property name="user.home" value="/home/user"/>
    <property name="user.language" value="en"/>
    <property name="java.specification.vendor" value="Oracle Corporation"/>
    <property name="java.home" value="/usr/lib/jvm/java-1.8-openjdk/jre"/>
    <property name="java.security.krb5.conf" value="/workdir/hadoop-ozone/integration-test/target/test-classes/krb5.conf"/>
    <property name="basedir" value="/workdir/hadoop-ozone/integration-test"/>
    <property name="file.separator" value="/"/>
    <property name="line.separator" value="&#10;"/>
    <property name="java.vm.specification.vendor" value="Oracle Corporation"/>
    <property name="java.specification.name" value="Java Platform API Specification"/>
    <property name="java.awt.graphicsenv" value="sun.awt.X11GraphicsEnvironment"/>
    <property name="surefire.real.class.path" value="/workdir/hadoop-ozone/integration-test/target/surefire/surefirebooter4444179241820165142.jar"/>
    <property name="hadoop.log.dir" value="/workdir/hadoop-ozone/integration-test/target/log"/>
    <property name="sun.boot.class.path" value="/usr/lib/jvm/java-1.8-openjdk/jre/lib/resources.jar:/usr/lib/jvm/java-1.8-openjdk/jre/lib/rt.jar:/usr/lib/jvm/java-1.8-openjdk/jre/lib/sunrsasign.jar:/usr/lib/jvm/java-1.8-openjdk/jre/lib/jsse.jar:/usr/lib/jvm/java-1.8-openjdk/jre/lib/jce.jar:/usr/lib/jvm/java-1.8-openjdk/jre/lib/charsets.jar:/usr/lib/jvm/java-1.8-openjdk/jre/lib/jfr.jar:/usr/lib/jvm/java-1.8-openjdk/jre/classes"/>
    <property name="sun.management.compiler" value="HotSpot 64-Bit Tiered Compilers"/>
    <property name="java.runtime.version" value="1.8.0_212-b04"/>
    <property name="java.net.preferIPv4Stack" value="true"/>
    <property name="user.name" value="jenkins1000"/>
    <property name="path.separator" value=":"/>
    <property name="java.security.egd" value="file:///dev/urandom"/>
    <property name="os.version" value="3.10.0-957.12.2.el7.x86_64"/>
    <property name="java.endorsed.dirs" value="/usr/lib/jvm/java-1.8-openjdk/jre/lib/endorsed"/>
    <property name="java.runtime.name" value="OpenJDK Runtime Environment"/>
    <property name="file.encoding" value="UTF-8"/>
    <property name="java.vm.name" value="OpenJDK 64-Bit Server VM"/>
    <property name="test.build.webapps" value=""/>
    <property name="localRepository" value="/home/user/.m2/repository"/>
    <property name="java.vendor.url.bug" value="https://icedtea.classpath.org/bugzilla"/>
    <property name="java.io.tmpdir" value="/tmp"/>
    <property name="require.test.libhadoop" value=""/>
    <property name="java.version" value="1.8.0_212"/>
    <property name="user.dir" value="/workdir/hadoop-ozone/integration-test"/>
    <property name="os.arch" value="amd64"/>
    <property name="java.vm.specification.name" value="Java Virtual Machine Specification"/>
    <property name="test.build.classes" value="/workdir/hadoop-ozone/integration-test/target/test-classes"/>
    <property name="java.awt.printerjob" value="sun.print.PSPrinterJob"/>
    <property name="sun.os.patch.level" value="unknown"/>
    <property name="hadoop.tmp.dir" value="/workdir/hadoop-ozone/integration-test/target/tmp"/>
    <property name="java.library.path" value="/usr/lib/jvm/java-1.8-openjdk/jre/lib/amd64/server:/usr/lib/jvm/java-1.8-openjdk/jre/lib/amd64:/usr/lib/jvm/java-1.8-openjdk/jre/../lib/amd64:/workdir/hadoop-ozone/integration-test/target/native/target/usr/local/lib:/workdir/hadoop-ozone/integration-test/../../hadoop-common-project/hadoop-common/target/native/target/usr/local/lib:/usr/java/packages/lib/amd64:/usr/lib64:/lib64:/lib:/usr/lib"/>
    <property name="java.vm.info" value="mixed mode"/>
    <property name="java.vendor" value="IcedTea"/>
    <property name="java.vm.version" value="25.212-b04"/>
    <property name="java.ext.dirs" value="/usr/lib/jvm/java-1.8-openjdk/jre/lib/ext:/usr/java/packages/lib/ext"/>
    <property name="sun.io.unicode.encoding" value="UnicodeLittle"/>
    <property name="java.class.version" value="52.0"/>
  </properties>
  <testcase name="testPipelineCloseWithPipelineAction" classname="org.apache.hadoop.hdds.scm.pipeline.TestPipelineClose" time="28.966">
    <error message="Could not allocate container. Cannot get any matching pipeline for Type:RATIS, Factor:THREE, State:PipelineState.OPEN" type="java.io.IOException">java.io.IOException: Could not allocate container. Cannot get any matching pipeline for Type:RATIS, Factor:THREE, State:PipelineState.OPEN
	at org.apache.hadoop.hdds.scm.container.ContainerStateManager.allocateContainer(ContainerStateManager.java:260)
	at org.apache.hadoop.hdds.scm.container.SCMContainerManager.allocateContainer(SCMContainerManager.java:247)
	at org.apache.hadoop.hdds.scm.pipeline.TestPipelineClose.init(TestPipelineClose.java:92)
	at sun.reflect.NativeMethodAccessorImpl.invoke0(Native Method)
	at sun.reflect.NativeMethodAccessorImpl.invoke(NativeMethodAccessorImpl.java:62)
	at sun.reflect.DelegatingMethodAccessorImpl.invoke(DelegatingMethodAccessorImpl.java:43)
	at java.lang.reflect.Method.invoke(Method.java:498)
	at org.junit.runners.model.FrameworkMethod$1.runReflectiveCall(FrameworkMethod.java:47)
	at org.junit.internal.runners.model.ReflectiveCallable.run(ReflectiveCallable.java:12)
	at org.junit.runners.model.FrameworkMethod.invokeExplosively(FrameworkMethod.java:44)
	at org.junit.internal.runners.statements.RunBefores.evaluate(RunBefores.java:24)
	at org.junit.internal.runners.statements.RunAfters.evaluate(RunAfters.java:27)
	at org.junit.runners.ParentRunner.runLeaf(ParentRunner.java:271)
	at org.junit.runners.BlockJUnit4ClassRunner.runChild(BlockJUnit4ClassRunner.java:70)
	at org.junit.runners.BlockJUnit4ClassRunner.runChild(BlockJUnit4ClassRunner.java:50)
	at org.junit.runners.ParentRunner$3.run(ParentRunner.java:238)
	at org.junit.runners.ParentRunner$1.schedule(ParentRunner.java:63)
	at org.junit.runners.ParentRunner.runChildren(ParentRunner.java:236)
	at org.junit.runners.ParentRunner.access$000(ParentRunner.java:53)
	at org.junit.runners.ParentRunner$2.evaluate(ParentRunner.java:229)
	at org.junit.runners.ParentRunner.run(ParentRunner.java:309)
	at org.apache.maven.surefire.junit4.JUnit4Provider.execute(JUnit4Provider.java:365)
	at org.apache.maven.surefire.junit4.JUnit4Provider.executeWithRerun(JUnit4Provider.java:273)
	at org.apache.maven.surefire.junit4.JUnit4Provider.executeTestSet(JUnit4Provider.java:238)
	at org.apache.maven.surefire.junit4.JUnit4Provider.invoke(JUnit4Provider.java:159)
	at org.apache.maven.surefire.booter.ForkedBooter.invokeProviderInSameClassLoader(ForkedBooter.java:384)
	at org.apache.maven.surefire.booter.ForkedBooter.runSuitesInProcess(ForkedBooter.java:345)
	at org.apache.maven.surefire.booter.ForkedBooter.execute(ForkedBooter.java:126)
	at org.apache.maven.surefire.booter.ForkedBooter.main(ForkedBooter.java:418)
</error>
    <system-out><![CDATA[2019-09-25 11:43:40,611 [main] WARN  server.ServerUtils (ServerUtils.java:getScmDbDir(145)) - ozone.scm.db.dirs is not configured. We recommend adding this setting. Falling back to ozone.metadata.dirs instead.
2019-09-25 11:43:42,009 [main] WARN  server.ServerUtils (ServerUtils.java:getScmDbDir(145)) - ozone.scm.db.dirs is not configured. We recommend adding this setting. Falling back to ozone.metadata.dirs instead.
2019-09-25 11:43:42,013 [main] WARN  server.ServerUtils (ServerUtils.java:getScmDbDir(145)) - ozone.scm.db.dirs is not configured. We recommend adding this setting. Falling back to ozone.metadata.dirs instead.
2019-09-25 11:43:42,034 [main] INFO  util.log (Log.java:initialized(192)) - Logging initialized @2167ms
2019-09-25 11:43:42,138 [main] INFO  db.DBStoreBuilder (DBStoreBuilder.java:addTable(110)) - using custom profile for table: deletedBlocks
2019-09-25 11:43:42,139 [main] INFO  db.DBStoreBuilder (DBStoreBuilder.java:processTables(161)) - Using default column profile:DBProfile.DISK for Table:deletedBlocks
2019-09-25 11:43:42,139 [main] INFO  db.DBStoreBuilder (DBStoreBuilder.java:addTable(110)) - using custom profile for table: validCerts
2019-09-25 11:43:42,139 [main] INFO  db.DBStoreBuilder (DBStoreBuilder.java:processTables(161)) - Using default column profile:DBProfile.DISK for Table:validCerts
2019-09-25 11:43:42,140 [main] INFO  db.DBStoreBuilder (DBStoreBuilder.java:addTable(110)) - using custom profile for table: revokedCerts
2019-09-25 11:43:42,140 [main] INFO  db.DBStoreBuilder (DBStoreBuilder.java:processTables(161)) - Using default column profile:DBProfile.DISK for Table:revokedCerts
2019-09-25 11:43:42,152 [main] INFO  db.DBStoreBuilder (DBStoreBuilder.java:addTable(110)) - using custom profile for table: default
2019-09-25 11:43:42,152 [main] INFO  db.DBStoreBuilder (DBStoreBuilder.java:processTables(167)) - Using default column profile:DBProfile.DISK for Table:default
2019-09-25 11:43:42,154 [main] INFO  db.DBStoreBuilder (DBStoreBuilder.java:getDbProfile(198)) - Using default options. DBProfile.DISK
2019-09-25 11:43:48,287 [main] INFO  net.NodeSchemaLoader (NodeSchemaLoader.java:loadSchemaFromFile(125)) - Loading file from sun.misc.CompoundEnumeration@78691363
2019-09-25 11:43:48,290 [main] INFO  net.NodeSchemaLoader (NodeSchemaLoader.java:loadSchema(171)) - Loading network topology layer schema file
2019-09-25 11:43:48,364 [main] WARN  server.ServerUtils (ServerUtils.java:sanitizeUserArgs(70)) - ozone.scm.stale.node.interval value = 300000 is larger than max = 100000 based on the key value of ozone.scm.heartbeat.thread.interval, reset to the max value 100000.
2019-09-25 11:43:48,366 [main] WARN  server.ServerUtils (ServerUtils.java:sanitizeUserArgs(70)) - ozone.scm.stale.node.interval value = 300000 is larger than max = 100000 based on the key value of ozone.scm.heartbeat.thread.interval, reset to the max value 100000.
2019-09-25 11:43:48,369 [main] INFO  node.SCMNodeManager (SCMNodeManager.java:<init>(114)) - Entering startup safe mode.
2019-09-25 11:43:48,445 [main] INFO  algorithms.ContainerPlacementPolicyFactory (ContainerPlacementPolicyFactory.java:getPolicy(59)) - Create container placement policy of type org.apache.hadoop.hdds.scm.container.placement.algorithms.SCMContainerPlacementRandom
2019-09-25 11:43:48,461 [main] WARN  server.ServerUtils (ServerUtils.java:getScmDbDir(145)) - ozone.scm.db.dirs is not configured. We recommend adding this setting. Falling back to ozone.metadata.dirs instead.
2019-09-25 11:43:48,537 [main] INFO  pipeline.SCMPipelineManager (SCMPipelineManager.java:initializePipelineState(132)) - No pipeline exists in current db
2019-09-25 11:43:48,539 [main] WARN  server.ServerUtils (ServerUtils.java:getScmDbDir(145)) - ozone.scm.db.dirs is not configured. We recommend adding this setting. Falling back to ozone.metadata.dirs instead.
2019-09-25 11:43:48,662 [main] WARN  events.EventQueue (EventQueue.java:fireEvent(183)) - No event handler registered for event TypedEvent{payloadType=SafeModeStatus, name='SafeModeStatus'}
2019-09-25 11:43:49,062 [main] INFO  ipc.CallQueueManager (CallQueueManager.java:<init>(84)) - Using callQueue: class java.util.concurrent.LinkedBlockingQueue, queueCapacity: 2000, scheduler: class org.apache.hadoop.ipc.DefaultRpcScheduler, ipcBackoff: false.
2019-09-25 11:43:49,100 [Socket Reader #1 for port 34851] INFO  ipc.Server (Server.java:run(1074)) - Starting Socket Reader #1 for port 34851
2019-09-25 11:43:49,264 [main] INFO  ipc.CallQueueManager (CallQueueManager.java:<init>(84)) - Using callQueue: class java.util.concurrent.LinkedBlockingQueue, queueCapacity: 2000, scheduler: class org.apache.hadoop.ipc.DefaultRpcScheduler, ipcBackoff: false.
2019-09-25 11:43:49,266 [Socket Reader #1 for port 43482] INFO  ipc.Server (Server.java:run(1074)) - Starting Socket Reader #1 for port 43482
2019-09-25 11:43:49,276 [main] INFO  ipc.CallQueueManager (CallQueueManager.java:<init>(84)) - Using callQueue: class java.util.concurrent.LinkedBlockingQueue, queueCapacity: 2000, scheduler: class org.apache.hadoop.ipc.DefaultRpcScheduler, ipcBackoff: false.
2019-09-25 11:43:49,277 [Socket Reader #1 for port 42906] INFO  ipc.Server (Server.java:run(1074)) - Starting Socket Reader #1 for port 42906
2019-09-25 11:43:49,298 [main] INFO  hdfs.DFSUtil (DFSUtil.java:httpServerTemplateForNNAndJN(1641)) - Starting Web-server for scm at: http://0.0.0.0:0
2019-09-25 11:43:49,465 [main] INFO  server.AuthenticationFilter (AuthenticationFilter.java:constructSecretProvider(240)) - Unable to initialize FileSignerSecretProvider, falling back to use random secrets.
2019-09-25 11:43:49,475 [main] WARN  http.HttpRequestLog (HttpRequestLog.java:getRequestLog(97)) - Jetty request log can only be enabled using Log4j
2019-09-25 11:43:49,483 [main] INFO  http.HttpServer2 (HttpServer2.java:addGlobalFilter(975)) - Added global filter 'safety' (class=org.apache.hadoop.http.HttpServer2$QuotingInputFilter)
2019-09-25 11:43:49,486 [main] INFO  http.HttpServer2 (HttpServer2.java:addFilter(948)) - Added filter static_user_filter (class=org.apache.hadoop.http.lib.StaticUserWebFilter$StaticUserFilter) to context scm
2019-09-25 11:43:49,487 [main] INFO  http.HttpServer2 (HttpServer2.java:addFilter(958)) - Added filter static_user_filter (class=org.apache.hadoop.http.lib.StaticUserWebFilter$StaticUserFilter) to context static
2019-09-25 11:43:49,487 [main] INFO  http.HttpServer2 (HttpServer2.java:addFilter(958)) - Added filter static_user_filter (class=org.apache.hadoop.http.lib.StaticUserWebFilter$StaticUserFilter) to context logs
2019-09-25 11:43:49,522 [main] INFO  server.StorageContainerManager (StorageContainerManager.java:start(770)) - StorageContainerLocationProtocol RPC server is listening at /0.0.0.0:42906
2019-09-25 11:43:49,590 [main] WARN  impl.MetricsConfig (MetricsConfig.java:loadFirst(134)) - Cannot locate configuration: tried hadoop-metrics2-storagecontainermanager.properties,hadoop-metrics2.properties
2019-09-25 11:43:49,605 [main] INFO  impl.MetricsSystemImpl (MetricsSystemImpl.java:startTimer(374)) - Scheduled Metric snapshot period at 10 second(s).
2019-09-25 11:43:49,606 [main] INFO  impl.MetricsSystemImpl (MetricsSystemImpl.java:start(191)) - StorageContainerManager metrics system started
2019-09-25 11:43:49,852 [main] INFO  server.SCMClientProtocolServer (SCMClientProtocolServer.java:start(151)) - RPC server for Client  is listening at /0.0.0.0:42906
2019-09-25 11:43:49,852 [IPC Server Responder] INFO  ipc.Server (Server.java:run(1314)) - IPC Server Responder: starting
2019-09-25 11:43:49,852 [IPC Server listener on 42906] INFO  ipc.Server (Server.java:run(1153)) - IPC Server listener on 42906: starting
2019-09-25 11:43:49,857 [main] INFO  server.StorageContainerManager (StorageContainerManager.java:start(780)) - ScmBlockLocationProtocol RPC server is listening at /0.0.0.0:43482
2019-09-25 11:43:49,859 [main] INFO  server.SCMBlockProtocolServer (SCMBlockProtocolServer.java:start(146)) - RPC server for Block Protocol is listening at /0.0.0.0:43482
2019-09-25 11:43:49,860 [IPC Server Responder] INFO  ipc.Server (Server.java:run(1314)) - IPC Server Responder: starting
2019-09-25 11:43:49,860 [IPC Server listener on 43482] INFO  ipc.Server (Server.java:run(1153)) - IPC Server listener on 43482: starting
2019-09-25 11:43:49,864 [main] INFO  server.StorageContainerManager (StorageContainerManager.java:start(784)) - ScmDatanodeProtocl RPC server is listening at /0.0.0.0:34851
2019-09-25 11:43:49,864 [main] INFO  server.SCMDatanodeProtocolServer (SCMDatanodeProtocolServer.java:start(191)) - RPC server for DataNodes is listening at /0.0.0.0:34851
2019-09-25 11:43:49,865 [IPC Server Responder] INFO  ipc.Server (Server.java:run(1314)) - IPC Server Responder: starting
2019-09-25 11:43:49,865 [IPC Server listener on 34851] INFO  ipc.Server (Server.java:run(1153)) - IPC Server listener on 34851: starting
2019-09-25 11:43:49,870 [main] INFO  http.HttpServer2 (HttpServer2.java:bindListener(1191)) - Jetty bound to port 43032
2019-09-25 11:43:49,873 [main] INFO  server.Server (Server.java:doStart(351)) - jetty-9.3.25.v20180904, build timestamp: 2018-09-04T21:11:46Z, git hash: 3ce520221d0240229c862b122d2b06c12a625732
2019-09-25 11:43:49,929 [main] INFO  handler.ContextHandler (ContextHandler.java:doStart(781)) - Started o.e.j.s.ServletContextHandler@6b00f608{/logs,file:///workdir/hadoop-ozone/integration-test/target/log,AVAILABLE}
2019-09-25 11:43:49,930 [main] INFO  handler.ContextHandler (ContextHandler.java:doStart(781)) - Started o.e.j.s.ServletContextHandler@3e821657{/static,file:///workdir/hadoop-ozone/integration-test/target/test-classes/webapps/static,AVAILABLE}
2019-09-25 11:43:49,970 [main] INFO  handler.ContextHandler (ContextHandler.java:doStart(781)) - Started o.e.j.w.WebAppContext@6928f576{/,file:///workdir/hadoop-ozone/integration-test/target/test-classes/webapps/scm/,AVAILABLE}{/scm}
2019-09-25 11:43:49,977 [main] INFO  server.AbstractConnector (AbstractConnector.java:doStart(278)) - Started ServerConnector@548e76f1{HTTP/1.1,[http/1.1]}{0.0.0.0:43032}
2019-09-25 11:43:49,978 [main] INFO  server.Server (Server.java:doStart(419)) - Started @10111ms
2019-09-25 11:43:49,980 [main] INFO  impl.MetricsSinkAdapter (MetricsSinkAdapter.java:start(204)) - Sink prometheus started
2019-09-25 11:43:49,980 [main] INFO  impl.MetricsSystemImpl (MetricsSystemImpl.java:registerSink(301)) - Registered sink prometheus
2019-09-25 11:43:49,983 [main] INFO  server.BaseHttpServer (BaseHttpServer.java:updateConnectorAddress(215)) - HTTP server of SCM is listening at http://0.0.0.0:43032
2019-09-25 11:43:49,990 [org.apache.hadoop.util.JvmPauseMonitor$Monitor@73511076] INFO  util.JvmPauseMonitor (JvmPauseMonitor.java:run(188)) - Starting JVM pause monitor
2019-09-25 11:43:49,993 [main] WARN  server.ServerUtils (ServerUtils.java:getDBPath(222)) - ozone.om.db.dirs is not configured. We recommend adding this setting. Falling back to ozone.metadata.dirs instead.
2019-09-25 11:43:50,113 [main] WARN  server.ServerUtils (ServerUtils.java:getDBPath(222)) - ozone.om.db.dirs is not configured. We recommend adding this setting. Falling back to ozone.metadata.dirs instead.
2019-09-25 11:43:50,114 [main] WARN  server.ServerUtils (ServerUtils.java:getDBPath(222)) - ozone.om.db.dirs is not configured. We recommend adding this setting. Falling back to ozone.metadata.dirs instead.
2019-09-25 11:43:50,115 [main] INFO  om.OzoneManager (OzoneManager.java:setOMNodeDetails(652)) - OM Service ID is not set. Setting it to the default ID: omServiceIdDefault
2019-09-25 11:43:50,115 [main] INFO  om.OzoneManager (OzoneManager.java:setOMNodeDetails(658)) - OM Node ID is not set. Setting it to the OmStorage's OmID: 5e7a368d-c0b8-49a3-945d-11e09e78fdf9
2019-09-25 11:43:50,116 [main] INFO  om.OzoneManager (OzoneManager.java:loadOMHAConfigs(609)) - Found matching OM address with OMServiceId: null, OMNodeId: null, RPC Address: localhost:0 and Ratis port: 9872
2019-09-25 11:43:50,941 [main] WARN  server.ServerUtils (ServerUtils.java:getDBPath(222)) - ozone.om.db.dirs is not configured. We recommend adding this setting. Falling back to ozone.metadata.dirs instead.
2019-09-25 11:43:50,949 [main] INFO  db.DBStoreBuilder (DBStoreBuilder.java:addTable(110)) - using custom profile for table: userTable
2019-09-25 11:43:50,949 [main] INFO  db.DBStoreBuilder (DBStoreBuilder.java:processTables(161)) - Using default column profile:DBProfile.DISK for Table:userTable
2019-09-25 11:43:50,950 [main] INFO  db.DBStoreBuilder (DBStoreBuilder.java:addTable(110)) - using custom profile for table: volumeTable
2019-09-25 11:43:50,950 [main] INFO  db.DBStoreBuilder (DBStoreBuilder.java:processTables(161)) - Using default column profile:DBProfile.DISK for Table:volumeTable
2019-09-25 11:43:50,950 [main] INFO  db.DBStoreBuilder (DBStoreBuilder.java:addTable(110)) - using custom profile for table: bucketTable
2019-09-25 11:43:50,950 [main] INFO  db.DBStoreBuilder (DBStoreBuilder.java:processTables(161)) - Using default column profile:DBProfile.DISK for Table:bucketTable
2019-09-25 11:43:50,951 [main] INFO  db.DBStoreBuilder (DBStoreBuilder.java:addTable(110)) - using custom profile for table: keyTable
2019-09-25 11:43:50,951 [main] INFO  db.DBStoreBuilder (DBStoreBuilder.java:processTables(161)) - Using default column profile:DBProfile.DISK for Table:keyTable
2019-09-25 11:43:50,951 [main] INFO  db.DBStoreBuilder (DBStoreBuilder.java:addTable(110)) - using custom profile for table: deletedTable
2019-09-25 11:43:50,951 [main] INFO  db.DBStoreBuilder (DBStoreBuilder.java:processTables(161)) - Using default column profile:DBProfile.DISK for Table:deletedTable
2019-09-25 11:43:50,952 [main] INFO  db.DBStoreBuilder (DBStoreBuilder.java:addTable(110)) - using custom profile for table: openKeyTable
2019-09-25 11:43:50,952 [main] INFO  db.DBStoreBuilder (DBStoreBuilder.java:processTables(161)) - Using default column profile:DBProfile.DISK for Table:openKeyTable
2019-09-25 11:43:50,952 [main] INFO  db.DBStoreBuilder (DBStoreBuilder.java:addTable(110)) - using custom profile for table: s3Table
2019-09-25 11:43:50,952 [main] INFO  db.DBStoreBuilder (DBStoreBuilder.java:processTables(161)) - Using default column profile:DBProfile.DISK for Table:s3Table
2019-09-25 11:43:50,953 [main] INFO  db.DBStoreBuilder (DBStoreBuilder.java:addTable(110)) - using custom profile for table: multipartInfoTable
2019-09-25 11:43:50,953 [main] INFO  db.DBStoreBuilder (DBStoreBuilder.java:processTables(161)) - Using default column profile:DBProfile.DISK for Table:multipartInfoTable
2019-09-25 11:43:50,953 [main] INFO  db.DBStoreBuilder (DBStoreBuilder.java:addTable(110)) - using custom profile for table: dTokenTable
2019-09-25 11:43:50,953 [main] INFO  db.DBStoreBuilder (DBStoreBuilder.java:processTables(161)) - Using default column profile:DBProfile.DISK for Table:dTokenTable
2019-09-25 11:43:50,954 [main] INFO  db.DBStoreBuilder (DBStoreBuilder.java:addTable(110)) - using custom profile for table: s3SecretTable
2019-09-25 11:43:50,954 [main] INFO  db.DBStoreBuilder (DBStoreBuilder.java:processTables(161)) - Using default column profile:DBProfile.DISK for Table:s3SecretTable
2019-09-25 11:43:50,954 [main] INFO  db.DBStoreBuilder (DBStoreBuilder.java:addTable(110)) - using custom profile for table: prefixTable
2019-09-25 11:43:50,954 [main] INFO  db.DBStoreBuilder (DBStoreBuilder.java:processTables(161)) - Using default column profile:DBProfile.DISK for Table:prefixTable
2019-09-25 11:43:50,955 [main] INFO  db.DBStoreBuilder (DBStoreBuilder.java:addTable(110)) - using custom profile for table: default
2019-09-25 11:43:50,955 [main] INFO  db.DBStoreBuilder (DBStoreBuilder.java:processTables(167)) - Using default column profile:DBProfile.DISK for Table:default
2019-09-25 11:43:50,955 [main] INFO  db.DBStoreBuilder (DBStoreBuilder.java:getDbProfile(198)) - Using default options. DBProfile.DISK
2019-09-25 11:43:51,429 [main] INFO  ipc.CallQueueManager (CallQueueManager.java:<init>(84)) - Using callQueue: class java.util.concurrent.LinkedBlockingQueue, queueCapacity: 2000, scheduler: class org.apache.hadoop.ipc.DefaultRpcScheduler, ipcBackoff: false.
2019-09-25 11:43:51,431 [Socket Reader #1 for port 42764] INFO  ipc.Server (Server.java:run(1074)) - Starting Socket Reader #1 for port 42764
2019-09-25 11:43:51,451 [main] INFO  om.OzoneManager (OzoneManager.java:start(1243)) - OzoneManager RPC server is listening at localhost/127.0.0.1:42764
2019-09-25 11:43:51,452 [main] INFO  impl.MetricsSystemImpl (MetricsSystemImpl.java:init(158)) - OzoneManager metrics system started (again)
2019-09-25 11:43:51,455 [IPC Server listener on 42764] INFO  ipc.Server (Server.java:run(1153)) - IPC Server listener on 42764: starting
2019-09-25 11:43:51,455 [IPC Server Responder] INFO  ipc.Server (Server.java:run(1314)) - IPC Server Responder: starting
2019-09-25 11:43:51,471 [main] INFO  hdfs.DFSUtil (DFSUtil.java:httpServerTemplateForNNAndJN(1641)) - Starting Web-server for ozoneManager at: http://0.0.0.0:0
2019-09-25 11:43:51,476 [main] INFO  server.AuthenticationFilter (AuthenticationFilter.java:constructSecretProvider(240)) - Unable to initialize FileSignerSecretProvider, falling back to use random secrets.
2019-09-25 11:43:51,479 [main] WARN  http.HttpRequestLog (HttpRequestLog.java:getRequestLog(97)) - Jetty request log can only be enabled using Log4j
2019-09-25 11:43:51,484 [main] INFO  http.HttpServer2 (HttpServer2.java:addGlobalFilter(975)) - Added global filter 'safety' (class=org.apache.hadoop.http.HttpServer2$QuotingInputFilter)
2019-09-25 11:43:51,485 [main] INFO  http.HttpServer2 (HttpServer2.java:addFilter(948)) - Added filter static_user_filter (class=org.apache.hadoop.http.lib.StaticUserWebFilter$StaticUserFilter) to context ozoneManager
2019-09-25 11:43:51,486 [main] INFO  http.HttpServer2 (HttpServer2.java:addFilter(958)) - Added filter static_user_filter (class=org.apache.hadoop.http.lib.StaticUserWebFilter$StaticUserFilter) to context static
2019-09-25 11:43:51,486 [main] INFO  http.HttpServer2 (HttpServer2.java:addFilter(958)) - Added filter static_user_filter (class=org.apache.hadoop.http.lib.StaticUserWebFilter$StaticUserFilter) to context logs
2019-09-25 11:43:51,491 [main] INFO  http.HttpServer2 (HttpServer2.java:bindListener(1191)) - Jetty bound to port 33848
2019-09-25 11:43:51,491 [main] INFO  server.Server (Server.java:doStart(351)) - jetty-9.3.25.v20180904, build timestamp: 2018-09-04T21:11:46Z, git hash: 3ce520221d0240229c862b122d2b06c12a625732
2019-09-25 11:43:51,494 [main] INFO  handler.ContextHandler (ContextHandler.java:doStart(781)) - Started o.e.j.s.ServletContextHandler@15923407{/logs,file:///workdir/hadoop-ozone/integration-test/target/log,AVAILABLE}
2019-09-25 11:43:51,495 [main] INFO  handler.ContextHandler (ContextHandler.java:doStart(781)) - Started o.e.j.s.ServletContextHandler@57540fd0{/static,file:///workdir/hadoop-ozone/integration-test/target/test-classes/webapps/static,AVAILABLE}
2019-09-25 11:43:51,503 [main] INFO  handler.ContextHandler (ContextHandler.java:doStart(781)) - Started o.e.j.w.WebAppContext@5b22b970{/,file:///workdir/hadoop-ozone/integration-test/target/test-classes/webapps/ozoneManager/,AVAILABLE}{/ozoneManager}
2019-09-25 11:43:51,505 [main] INFO  server.AbstractConnector (AbstractConnector.java:doStart(278)) - Started ServerConnector@22d1886d{HTTP/1.1,[http/1.1]}{0.0.0.0:33848}
2019-09-25 11:43:51,506 [main] INFO  server.Server (Server.java:doStart(419)) - Started @11639ms
2019-09-25 11:43:51,506 [main] WARN  impl.MetricsSystemImpl (MetricsSystemImpl.java:register(276)) - Sink prometheus already exists!
2019-09-25 11:43:51,507 [main] INFO  server.BaseHttpServer (BaseHttpServer.java:updateConnectorAddress(215)) - HTTP server of OZONEMANAGER is listening at http://0.0.0.0:33848
2019-09-25 11:43:51,864 [main] INFO  impl.MetricsSystemImpl (MetricsSystemImpl.java:init(158)) - HddsDatanode metrics system started (again)
2019-09-25 11:43:51,912 [main] INFO  ozone.HddsDatanodeService (HddsDatanodeService.java:start(184)) - HddsDatanodeService host:pr-hdds-1569-5gmkr-4255264070 ip:192.168.30.6
2019-09-25 11:43:51,946 [main] INFO  volume.HddsVolume (HddsVolume.java:<init>(176)) - Creating Volume: /workdir/hadoop-ozone/integration-test/target/test-dir/MiniOzoneClusterImpl-a207e20c-42ee-4864-92cb-a931ccd2d47f/datanode-0/data/containers/hdds of  storage type : DISK and capacity : 1482555576320
2019-09-25 11:43:51,948 [main] INFO  volume.VolumeSet (VolumeSet.java:initializeVolumeSet(170)) - Added Volume : /workdir/hadoop-ozone/integration-test/target/test-dir/MiniOzoneClusterImpl-a207e20c-42ee-4864-92cb-a931ccd2d47f/datanode-0/data/containers/hdds to VolumeSet
2019-09-25 11:43:51,951 [main] INFO  volume.ThrottledAsyncChecker (ThrottledAsyncChecker.java:schedule(139)) - Scheduling a check for org.apache.hadoop.ozone.container.common.volume.HddsVolume@53ac845a
2019-09-25 11:43:51,968 [main] INFO  volume.HddsVolumeChecker (HddsVolumeChecker.java:checkAllVolumes(202)) - Scheduled health check for volume org.apache.hadoop.ozone.container.common.volume.HddsVolume@53ac845a
2019-09-25 11:43:52,091 [main] INFO  impl.RaftServerProxy (ConfUtils.java:logGet(43)) - raft.rpc.type = GRPC (default)
2019-09-25 11:43:52,162 [main] INFO  grpc.GrpcFactory (GrpcFactory.java:checkPooledByteBufAllocatorUseCacheForAllThreads(45)) - PERFORMANCE WARNING: useCacheForAllThreads is true that may cause Netty to create a lot garbage objects and, as a result, trigger GC.
	It is recommended to disable useCacheForAllThreads by setting -Dorg.apache.ratis.thirdparty.io.netty.allocator.useCacheForAllThreads=false in command line.
2019-09-25 11:43:52,167 [main] INFO  grpc.GrpcConfigKeys$Server (ConfUtils.java:logGet(43)) - raft.grpc.server.port = 0 (default)
2019-09-25 11:43:52,168 [main] INFO  server.GrpcService (ConfUtils.java:logGet(43)) - raft.grpc.message.size.max = 33570816 (custom)
2019-09-25 11:43:52,169 [main] INFO  server.RaftServerConfigKeys (ConfUtils.java:logGet(43)) - raft.server.log.appender.buffer.byte-limit = 33554432 (custom)
2019-09-25 11:43:52,170 [main] INFO  server.GrpcService (ConfUtils.java:logGet(43)) - raft.grpc.flow.control.window = 1MB (=1048576) (default)
2019-09-25 11:43:52,171 [main] INFO  server.RaftServerConfigKeys (ConfUtils.java:logGet(43)) - raft.server.rpc.request.timeout = 3000ms (default)
2019-09-25 11:43:52,333 [main] INFO  server.RaftServerConfigKeys (ConfUtils.java:logGet(43)) - raft.server.storage.dir = [/workdir/hadoop-ozone/integration-test/target/test-dir/MiniOzoneClusterImpl-a207e20c-42ee-4864-92cb-a931ccd2d47f/datanode-0/data/ratis] (custom)
2019-09-25 11:43:52,388 [main] INFO  hdfs.DFSUtil (DFSUtil.java:httpServerTemplateForNNAndJN(1641)) - Starting Web-server for hddsDatanode at: http://0.0.0.0:0
2019-09-25 11:43:52,389 [main] INFO  server.AuthenticationFilter (AuthenticationFilter.java:constructSecretProvider(240)) - Unable to initialize FileSignerSecretProvider, falling back to use random secrets.
2019-09-25 11:43:52,390 [main] WARN  http.HttpRequestLog (HttpRequestLog.java:getRequestLog(97)) - Jetty request log can only be enabled using Log4j
2019-09-25 11:43:52,392 [main] INFO  http.HttpServer2 (HttpServer2.java:addGlobalFilter(975)) - Added global filter 'safety' (class=org.apache.hadoop.http.HttpServer2$QuotingInputFilter)
2019-09-25 11:43:52,393 [main] INFO  http.HttpServer2 (HttpServer2.java:addFilter(948)) - Added filter static_user_filter (class=org.apache.hadoop.http.lib.StaticUserWebFilter$StaticUserFilter) to context hddsDatanode
2019-09-25 11:43:52,393 [main] INFO  http.HttpServer2 (HttpServer2.java:addFilter(958)) - Added filter static_user_filter (class=org.apache.hadoop.http.lib.StaticUserWebFilter$StaticUserFilter) to context logs
2019-09-25 11:43:52,393 [main] INFO  http.HttpServer2 (HttpServer2.java:addFilter(958)) - Added filter static_user_filter (class=org.apache.hadoop.http.lib.StaticUserWebFilter$StaticUserFilter) to context static
2019-09-25 11:43:52,394 [main] INFO  http.HttpServer2 (HttpServer2.java:bindListener(1191)) - Jetty bound to port 39949
2019-09-25 11:43:52,394 [main] INFO  server.Server (Server.java:doStart(351)) - jetty-9.3.25.v20180904, build timestamp: 2018-09-04T21:11:46Z, git hash: 3ce520221d0240229c862b122d2b06c12a625732
2019-09-25 11:43:52,400 [main] INFO  handler.ContextHandler (ContextHandler.java:doStart(781)) - Started o.e.j.s.ServletContextHandler@5fa23c{/logs,file:///workdir/hadoop-ozone/integration-test/target/log,AVAILABLE}
2019-09-25 11:43:52,400 [main] INFO  handler.ContextHandler (ContextHandler.java:doStart(781)) - Started o.e.j.s.ServletContextHandler@433348bc{/static,jar:file:/home/user/.m2/repository/org/apache/hadoop/hadoop-hdds-container-service/0.5.0-SNAPSHOT/hadoop-hdds-container-service-0.5.0-SNAPSHOT.jar!/webapps/static,AVAILABLE}
2019-09-25 11:43:52,433 [main] INFO  handler.ContextHandler (ContextHandler.java:doStart(781)) - Started o.e.j.w.WebAppContext@3c5dbdf8{/,file:///tmp/jetty-0.0.0.0-39949-hddsDatanode-_-any-3196046572413289698.dir/webapp/,AVAILABLE}{/hddsDatanode}
2019-09-25 11:43:52,434 [main] INFO  server.AbstractConnector (AbstractConnector.java:doStart(278)) - Started ServerConnector@352c44a8{HTTP/1.1,[http/1.1]}{0.0.0.0:39949}
2019-09-25 11:43:52,434 [main] INFO  server.Server (Server.java:doStart(419)) - Started @12568ms
2019-09-25 11:43:52,435 [main] WARN  impl.MetricsSystemImpl (MetricsSystemImpl.java:register(276)) - Sink prometheus already exists!
2019-09-25 11:43:52,435 [main] INFO  server.BaseHttpServer (BaseHttpServer.java:updateConnectorAddress(215)) - HTTP server of HDDSDATANODE is listening at http://0.0.0.0:39949
2019-09-25 11:43:52,436 [main] INFO  impl.MetricsSystemImpl (MetricsSystemImpl.java:init(158)) - HddsDatanode metrics system started (again)
2019-09-25 11:43:52,439 [main] INFO  ozone.HddsDatanodeService (HddsDatanodeService.java:start(184)) - HddsDatanodeService host:pr-hdds-1569-5gmkr-4255264070 ip:192.168.30.6
2019-09-25 11:43:52,444 [org.apache.hadoop.util.JvmPauseMonitor$Monitor@3ecec7be] INFO  util.JvmPauseMonitor (JvmPauseMonitor.java:run(188)) - Starting JVM pause monitor
2019-09-25 11:43:52,447 [main] INFO  volume.HddsVolume (HddsVolume.java:<init>(176)) - Creating Volume: /workdir/hadoop-ozone/integration-test/target/test-dir/MiniOzoneClusterImpl-a207e20c-42ee-4864-92cb-a931ccd2d47f/datanode-1/data/containers/hdds of  storage type : DISK and capacity : 1482555576320
2019-09-25 11:43:52,448 [main] INFO  volume.VolumeSet (VolumeSet.java:initializeVolumeSet(170)) - Added Volume : /workdir/hadoop-ozone/integration-test/target/test-dir/MiniOzoneClusterImpl-a207e20c-42ee-4864-92cb-a931ccd2d47f/datanode-1/data/containers/hdds to VolumeSet
2019-09-25 11:43:52,448 [main] INFO  volume.ThrottledAsyncChecker (ThrottledAsyncChecker.java:schedule(139)) - Scheduling a check for org.apache.hadoop.ozone.container.common.volume.HddsVolume@646c0a67
2019-09-25 11:43:52,450 [main] INFO  volume.HddsVolumeChecker (HddsVolumeChecker.java:checkAllVolumes(202)) - Scheduled health check for volume org.apache.hadoop.ozone.container.common.volume.HddsVolume@646c0a67
2019-09-25 11:43:52,470 [main] INFO  impl.RaftServerProxy (ConfUtils.java:logGet(43)) - raft.rpc.type = GRPC (default)
2019-09-25 11:43:52,471 [main] INFO  grpc.GrpcFactory (GrpcFactory.java:checkPooledByteBufAllocatorUseCacheForAllThreads(45)) - PERFORMANCE WARNING: useCacheForAllThreads is true that may cause Netty to create a lot garbage objects and, as a result, trigger GC.
	It is recommended to disable useCacheForAllThreads by setting -Dorg.apache.ratis.thirdparty.io.netty.allocator.useCacheForAllThreads=false in command line.
2019-09-25 11:43:52,472 [main] INFO  grpc.GrpcConfigKeys$Server (ConfUtils.java:logGet(43)) - raft.grpc.server.port = 0 (default)
2019-09-25 11:43:52,472 [main] INFO  server.GrpcService (ConfUtils.java:logGet(43)) - raft.grpc.message.size.max = 33570816 (custom)
2019-09-25 11:43:52,472 [main] INFO  server.RaftServerConfigKeys (ConfUtils.java:logGet(43)) - raft.server.log.appender.buffer.byte-limit = 33554432 (custom)
2019-09-25 11:43:52,473 [main] INFO  server.GrpcService (ConfUtils.java:logGet(43)) - raft.grpc.flow.control.window = 1MB (=1048576) (default)
2019-09-25 11:43:52,473 [main] INFO  server.RaftServerConfigKeys (ConfUtils.java:logGet(43)) - raft.server.rpc.request.timeout = 3000ms (default)
2019-09-25 11:43:52,474 [main] INFO  server.RaftServerConfigKeys (ConfUtils.java:logGet(43)) - raft.server.storage.dir = [/workdir/hadoop-ozone/integration-test/target/test-dir/MiniOzoneClusterImpl-a207e20c-42ee-4864-92cb-a931ccd2d47f/datanode-1/data/ratis] (custom)
2019-09-25 11:43:52,477 [main] INFO  hdfs.DFSUtil (DFSUtil.java:httpServerTemplateForNNAndJN(1641)) - Starting Web-server for hddsDatanode at: http://0.0.0.0:0
2019-09-25 11:43:52,478 [main] INFO  server.AuthenticationFilter (AuthenticationFilter.java:constructSecretProvider(240)) - Unable to initialize FileSignerSecretProvider, falling back to use random secrets.
2019-09-25 11:43:52,479 [main] WARN  http.HttpRequestLog (HttpRequestLog.java:getRequestLog(97)) - Jetty request log can only be enabled using Log4j
2019-09-25 11:43:52,481 [main] INFO  http.HttpServer2 (HttpServer2.java:addGlobalFilter(975)) - Added global filter 'safety' (class=org.apache.hadoop.http.HttpServer2$QuotingInputFilter)
2019-09-25 11:43:52,482 [main] INFO  http.HttpServer2 (HttpServer2.java:addFilter(948)) - Added filter static_user_filter (class=org.apache.hadoop.http.lib.StaticUserWebFilter$StaticUserFilter) to context hddsDatanode
2019-09-25 11:43:52,482 [main] INFO  http.HttpServer2 (HttpServer2.java:addFilter(958)) - Added filter static_user_filter (class=org.apache.hadoop.http.lib.StaticUserWebFilter$StaticUserFilter) to context static
2019-09-25 11:43:52,482 [main] INFO  http.HttpServer2 (HttpServer2.java:addFilter(958)) - Added filter static_user_filter (class=org.apache.hadoop.http.lib.StaticUserWebFilter$StaticUserFilter) to context logs
2019-09-25 11:43:52,483 [main] INFO  http.HttpServer2 (HttpServer2.java:bindListener(1191)) - Jetty bound to port 39622
2019-09-25 11:43:52,483 [main] INFO  server.Server (Server.java:doStart(351)) - jetty-9.3.25.v20180904, build timestamp: 2018-09-04T21:11:46Z, git hash: 3ce520221d0240229c862b122d2b06c12a625732
2019-09-25 11:43:52,485 [main] INFO  handler.ContextHandler (ContextHandler.java:doStart(781)) - Started o.e.j.s.ServletContextHandler@1e7ab390{/logs,file:///workdir/hadoop-ozone/integration-test/target/log,AVAILABLE}
2019-09-25 11:43:52,486 [main] INFO  handler.ContextHandler (ContextHandler.java:doStart(781)) - Started o.e.j.s.ServletContextHandler@77774571{/static,jar:file:/home/user/.m2/repository/org/apache/hadoop/hadoop-hdds-container-service/0.5.0-SNAPSHOT/hadoop-hdds-container-service-0.5.0-SNAPSHOT.jar!/webapps/static,AVAILABLE}
2019-09-25 11:43:52,514 [main] INFO  handler.ContextHandler (ContextHandler.java:doStart(781)) - Started o.e.j.w.WebAppContext@a451491{/,file:///tmp/jetty-0.0.0.0-39622-hddsDatanode-_-any-6936357255040027863.dir/webapp/,AVAILABLE}{/hddsDatanode}
2019-09-25 11:43:52,515 [main] INFO  server.AbstractConnector (AbstractConnector.java:doStart(278)) - Started ServerConnector@1422ac7f{HTTP/1.1,[http/1.1]}{0.0.0.0:39622}
2019-09-25 11:43:52,516 [main] INFO  server.Server (Server.java:doStart(419)) - Started @12649ms
2019-09-25 11:43:52,516 [main] WARN  impl.MetricsSystemImpl (MetricsSystemImpl.java:register(276)) - Sink prometheus already exists!
2019-09-25 11:43:52,517 [main] INFO  server.BaseHttpServer (BaseHttpServer.java:updateConnectorAddress(215)) - HTTP server of HDDSDATANODE is listening at http://0.0.0.0:39622
2019-09-25 11:43:52,518 [main] INFO  impl.MetricsSystemImpl (MetricsSystemImpl.java:init(158)) - HddsDatanode metrics system started (again)
2019-09-25 11:43:52,522 [main] INFO  ozone.HddsDatanodeService (HddsDatanodeService.java:start(184)) - HddsDatanodeService host:pr-hdds-1569-5gmkr-4255264070 ip:192.168.30.6
2019-09-25 11:43:52,522 [org.apache.hadoop.util.JvmPauseMonitor$Monitor@4e91b4bd] INFO  util.JvmPauseMonitor (JvmPauseMonitor.java:run(188)) - Starting JVM pause monitor
2019-09-25 11:43:52,529 [main] INFO  volume.HddsVolume (HddsVolume.java:<init>(176)) - Creating Volume: /workdir/hadoop-ozone/integration-test/target/test-dir/MiniOzoneClusterImpl-a207e20c-42ee-4864-92cb-a931ccd2d47f/datanode-2/data/containers/hdds of  storage type : DISK and capacity : 1482555576320
2019-09-25 11:43:52,529 [main] INFO  volume.VolumeSet (VolumeSet.java:initializeVolumeSet(170)) - Added Volume : /workdir/hadoop-ozone/integration-test/target/test-dir/MiniOzoneClusterImpl-a207e20c-42ee-4864-92cb-a931ccd2d47f/datanode-2/data/containers/hdds to VolumeSet
2019-09-25 11:43:52,529 [main] INFO  volume.ThrottledAsyncChecker (ThrottledAsyncChecker.java:schedule(139)) - Scheduling a check for org.apache.hadoop.ozone.container.common.volume.HddsVolume@6cff61fc
2019-09-25 11:43:52,530 [main] INFO  volume.HddsVolumeChecker (HddsVolumeChecker.java:checkAllVolumes(202)) - Scheduled health check for volume org.apache.hadoop.ozone.container.common.volume.HddsVolume@6cff61fc
2019-09-25 11:43:52,546 [main] INFO  impl.RaftServerProxy (ConfUtils.java:logGet(43)) - raft.rpc.type = GRPC (default)
2019-09-25 11:43:52,546 [main] INFO  grpc.GrpcFactory (GrpcFactory.java:checkPooledByteBufAllocatorUseCacheForAllThreads(45)) - PERFORMANCE WARNING: useCacheForAllThreads is true that may cause Netty to create a lot garbage objects and, as a result, trigger GC.
	It is recommended to disable useCacheForAllThreads by setting -Dorg.apache.ratis.thirdparty.io.netty.allocator.useCacheForAllThreads=false in command line.
2019-09-25 11:43:52,546 [main] INFO  grpc.GrpcConfigKeys$Server (ConfUtils.java:logGet(43)) - raft.grpc.server.port = 0 (default)
2019-09-25 11:43:52,546 [main] INFO  server.GrpcService (ConfUtils.java:logGet(43)) - raft.grpc.message.size.max = 33570816 (custom)
2019-09-25 11:43:52,547 [main] INFO  server.RaftServerConfigKeys (ConfUtils.java:logGet(43)) - raft.server.log.appender.buffer.byte-limit = 33554432 (custom)
2019-09-25 11:43:52,547 [main] INFO  server.GrpcService (ConfUtils.java:logGet(43)) - raft.grpc.flow.control.window = 1MB (=1048576) (default)
2019-09-25 11:43:52,547 [main] INFO  server.RaftServerConfigKeys (ConfUtils.java:logGet(43)) - raft.server.rpc.request.timeout = 3000ms (default)
2019-09-25 11:43:52,548 [main] INFO  server.RaftServerConfigKeys (ConfUtils.java:logGet(43)) - raft.server.storage.dir = [/workdir/hadoop-ozone/integration-test/target/test-dir/MiniOzoneClusterImpl-a207e20c-42ee-4864-92cb-a931ccd2d47f/datanode-2/data/ratis] (custom)
2019-09-25 11:43:52,550 [main] INFO  hdfs.DFSUtil (DFSUtil.java:httpServerTemplateForNNAndJN(1641)) - Starting Web-server for hddsDatanode at: http://0.0.0.0:0
2019-09-25 11:43:52,551 [main] INFO  server.AuthenticationFilter (AuthenticationFilter.java:constructSecretProvider(240)) - Unable to initialize FileSignerSecretProvider, falling back to use random secrets.
2019-09-25 11:43:52,552 [main] WARN  http.HttpRequestLog (HttpRequestLog.java:getRequestLog(97)) - Jetty request log can only be enabled using Log4j
2019-09-25 11:43:52,554 [main] INFO  http.HttpServer2 (HttpServer2.java:addGlobalFilter(975)) - Added global filter 'safety' (class=org.apache.hadoop.http.HttpServer2$QuotingInputFilter)
2019-09-25 11:43:52,554 [main] INFO  http.HttpServer2 (HttpServer2.java:addFilter(948)) - Added filter static_user_filter (class=org.apache.hadoop.http.lib.StaticUserWebFilter$StaticUserFilter) to context hddsDatanode
2019-09-25 11:43:52,555 [main] INFO  http.HttpServer2 (HttpServer2.java:addFilter(958)) - Added filter static_user_filter (class=org.apache.hadoop.http.lib.StaticUserWebFilter$StaticUserFilter) to context logs
2019-09-25 11:43:52,555 [main] INFO  http.HttpServer2 (HttpServer2.java:addFilter(958)) - Added filter static_user_filter (class=org.apache.hadoop.http.lib.StaticUserWebFilter$StaticUserFilter) to context static
2019-09-25 11:43:52,556 [main] INFO  http.HttpServer2 (HttpServer2.java:bindListener(1191)) - Jetty bound to port 45134
2019-09-25 11:43:52,556 [main] INFO  server.Server (Server.java:doStart(351)) - jetty-9.3.25.v20180904, build timestamp: 2018-09-04T21:11:46Z, git hash: 3ce520221d0240229c862b122d2b06c12a625732
2019-09-25 11:43:52,562 [main] INFO  handler.ContextHandler (ContextHandler.java:doStart(781)) - Started o.e.j.s.ServletContextHandler@44536de4{/logs,file:///workdir/hadoop-ozone/integration-test/target/log,AVAILABLE}
2019-09-25 11:43:52,563 [main] INFO  handler.ContextHandler (ContextHandler.java:doStart(781)) - Started o.e.j.s.ServletContextHandler@4d95a72e{/static,jar:file:/home/user/.m2/repository/org/apache/hadoop/hadoop-hdds-container-service/0.5.0-SNAPSHOT/hadoop-hdds-container-service-0.5.0-SNAPSHOT.jar!/webapps/static,AVAILABLE}
2019-09-25 11:43:52,581 [Datanode State Machine Thread - 0] INFO  datanode.InitDatanodeState (InitDatanodeState.java:persistContainerDatanodeDetails(140)) - DatanodeDetails is persisted to /workdir/hadoop-ozone/integration-test/target/test-dir/MiniOzoneClusterImpl-a207e20c-42ee-4864-92cb-a931ccd2d47f/datanode-0/meta/datanode.id
2019-09-25 11:43:52,586 [Datanode State Machine Thread - 0] INFO  datanode.InitDatanodeState (InitDatanodeState.java:persistContainerDatanodeDetails(140)) - DatanodeDetails is persisted to /workdir/hadoop-ozone/integration-test/target/test-dir/MiniOzoneClusterImpl-a207e20c-42ee-4864-92cb-a931ccd2d47f/datanode-1/meta/datanode.id
2019-09-25 11:43:52,596 [main] INFO  handler.ContextHandler (ContextHandler.java:doStart(781)) - Started o.e.j.w.WebAppContext@fc807c1{/,file:///tmp/jetty-0.0.0.0-45134-hddsDatanode-_-any-6420666280727818765.dir/webapp/,AVAILABLE}{/hddsDatanode}
2019-09-25 11:43:52,597 [main] INFO  server.AbstractConnector (AbstractConnector.java:doStart(278)) - Started ServerConnector@296e281a{HTTP/1.1,[http/1.1]}{0.0.0.0:45134}
2019-09-25 11:43:52,597 [main] INFO  server.Server (Server.java:doStart(419)) - Started @12731ms
2019-09-25 11:43:52,598 [main] WARN  impl.MetricsSystemImpl (MetricsSystemImpl.java:register(276)) - Sink prometheus already exists!
2019-09-25 11:43:52,599 [main] INFO  server.BaseHttpServer (BaseHttpServer.java:updateConnectorAddress(215)) - HTTP server of HDDSDATANODE is listening at http://0.0.0.0:45134
2019-09-25 11:43:52,601 [main] INFO  ozone.MiniOzoneClusterImpl (MiniOzoneClusterImpl.java:lambda$waitForClusterToBeReady$0(147)) - Waiting for cluster to be ready. Got 0 of 3 DN Heartbeats.
2019-09-25 11:43:52,602 [org.apache.hadoop.util.JvmPauseMonitor$Monitor@2622faa3] INFO  util.JvmPauseMonitor (JvmPauseMonitor.java:run(188)) - Starting JVM pause monitor
2019-09-25 11:43:52,604 [Datanode State Machine Thread - 0] INFO  datanode.InitDatanodeState (InitDatanodeState.java:persistContainerDatanodeDetails(140)) - DatanodeDetails is persisted to /workdir/hadoop-ozone/integration-test/target/test-dir/MiniOzoneClusterImpl-a207e20c-42ee-4864-92cb-a931ccd2d47f/datanode-2/meta/datanode.id
2019-09-25 11:43:53,601 [main] INFO  ozone.MiniOzoneClusterImpl (MiniOzoneClusterImpl.java:lambda$waitForClusterToBeReady$0(147)) - Waiting for cluster to be ready. Got 0 of 3 DN Heartbeats.
2019-09-25 11:43:54,602 [main] INFO  ozone.MiniOzoneClusterImpl (MiniOzoneClusterImpl.java:lambda$waitForClusterToBeReady$0(147)) - Waiting for cluster to be ready. Got 0 of 3 DN Heartbeats.
2019-09-25 11:43:55,555 [Datanode State Machine Thread - 0] INFO  ozoneimpl.OzoneContainer (OzoneContainer.java:start(217)) - Attempting to start container services.
2019-09-25 11:43:55,555 [Datanode State Machine Thread - 0] INFO  ozoneimpl.OzoneContainer (OzoneContainer.java:start(217)) - Attempting to start container services.
2019-09-25 11:43:55,555 [Datanode State Machine Thread - 0] INFO  ozoneimpl.OzoneContainer (OzoneContainer.java:start(217)) - Attempting to start container services.
2019-09-25 11:43:55,560 [Datanode State Machine Thread - 0] INFO  ozoneimpl.OzoneContainer (OzoneContainer.java:startContainerScrub(179)) - Background container scanner has been disabled.
2019-09-25 11:43:55,560 [Datanode State Machine Thread - 0] INFO  ozoneimpl.OzoneContainer (OzoneContainer.java:startContainerScrub(179)) - Background container scanner has been disabled.
2019-09-25 11:43:55,560 [Datanode State Machine Thread - 0] INFO  ozoneimpl.OzoneContainer (OzoneContainer.java:startContainerScrub(179)) - Background container scanner has been disabled.
2019-09-25 11:43:55,560 [Datanode State Machine Thread - 0] INFO  ratis.XceiverServerRatis (XceiverServerRatis.java:start(411)) - Starting XceiverServerRatis 23446a0b-162d-43e0-a8ad-af938e24e577 at port 0
2019-09-25 11:43:55,560 [Datanode State Machine Thread - 0] INFO  ratis.XceiverServerRatis (XceiverServerRatis.java:start(411)) - Starting XceiverServerRatis e0e6d57f-f91e-4ea8-aa2d-63ea10a38e43 at port 0
2019-09-25 11:43:55,561 [Datanode State Machine Thread - 0] INFO  ratis.XceiverServerRatis (XceiverServerRatis.java:start(411)) - Starting XceiverServerRatis 0b0def17-0118-466c-b8b3-e46885956633 at port 0
2019-09-25 11:43:55,596 [Datanode State Machine Thread - 0] INFO  impl.RaftServerProxy (RaftServerProxy.java:lambda$start$3(299)) - 0b0def17-0118-466c-b8b3-e46885956633: start RPC server
2019-09-25 11:43:55,596 [Datanode State Machine Thread - 0] INFO  impl.RaftServerProxy (RaftServerProxy.java:lambda$start$3(299)) - e0e6d57f-f91e-4ea8-aa2d-63ea10a38e43: start RPC server
2019-09-25 11:43:55,596 [Datanode State Machine Thread - 0] INFO  impl.RaftServerProxy (RaftServerProxy.java:lambda$start$3(299)) - 23446a0b-162d-43e0-a8ad-af938e24e577: start RPC server
2019-09-25 11:43:55,604 [main] INFO  ozone.MiniOzoneClusterImpl (MiniOzoneClusterImpl.java:lambda$waitForClusterToBeReady$0(147)) - Waiting for cluster to be ready. Got 0 of 3 DN Heartbeats.
2019-09-25 11:43:55,731 [Datanode State Machine Thread - 0] INFO  server.GrpcService (GrpcService.java:startImpl(158)) - 0b0def17-0118-466c-b8b3-e46885956633: GrpcService started, listening on 0.0.0.0/0.0.0.0:44389
2019-09-25 11:43:55,731 [Datanode State Machine Thread - 0] INFO  server.GrpcService (GrpcService.java:startImpl(158)) - 23446a0b-162d-43e0-a8ad-af938e24e577: GrpcService started, listening on 0.0.0.0/0.0.0.0:41601
2019-09-25 11:43:55,731 [Datanode State Machine Thread - 0] INFO  server.GrpcService (GrpcService.java:startImpl(158)) - e0e6d57f-f91e-4ea8-aa2d-63ea10a38e43: GrpcService started, listening on 0.0.0.0/0.0.0.0:37819
2019-09-25 11:43:55,733 [Datanode State Machine Thread - 0] INFO  ratis.XceiverServerRatis (XceiverServerRatis.java:start(421)) - XceiverServerRatis 23446a0b-162d-43e0-a8ad-af938e24e577 is started using port 41601
2019-09-25 11:43:55,732 [Datanode State Machine Thread - 0] INFO  ratis.XceiverServerRatis (XceiverServerRatis.java:start(421)) - XceiverServerRatis 0b0def17-0118-466c-b8b3-e46885956633 is started using port 44389
2019-09-25 11:43:55,733 [Datanode State Machine Thread - 0] INFO  ratis.XceiverServerRatis (XceiverServerRatis.java:start(421)) - XceiverServerRatis e0e6d57f-f91e-4ea8-aa2d-63ea10a38e43 is started using port 37819
2019-09-25 11:43:55,739 [Datanode State Machine Thread - 0] INFO  server.XceiverServerGrpc (XceiverServerGrpc.java:start(149)) - XceiverServerGrpc 0b0def17-0118-466c-b8b3-e46885956633 is started using port 42100
2019-09-25 11:43:55,740 [Datanode State Machine Thread - 0] INFO  server.XceiverServerGrpc (XceiverServerGrpc.java:start(149)) - XceiverServerGrpc 23446a0b-162d-43e0-a8ad-af938e24e577 is started using port 43339
2019-09-25 11:43:55,739 [Datanode State Machine Thread - 0] INFO  server.XceiverServerGrpc (XceiverServerGrpc.java:start(149)) - XceiverServerGrpc e0e6d57f-f91e-4ea8-aa2d-63ea10a38e43 is started using port 35212
2019-09-25 11:43:56,490 [IPC Server handler 2 on 34851] INFO  net.NetworkTopology (NetworkTopologyImpl.java:add(111)) - Added a new node: /default-rack/e0e6d57f-f91e-4ea8-aa2d-63ea10a38e43
2019-09-25 11:43:56,490 [IPC Server handler 2 on 34851] INFO  node.SCMNodeManager (SCMNodeManager.java:register(266)) - Registered Data node : e0e6d57f-f91e-4ea8-aa2d-63ea10a38e43{ip: 192.168.30.6, host: pr-hdds-1569-5gmkr-4255264070, networkLocation: /default-rack, certSerialId: null}
2019-09-25 11:43:56,498 [EventQueue-NodeRegistrationContainerReportForDataNodeSafeModeRule] INFO  safemode.SCMSafeModeManager (DataNodeSafeModeRule.java:process(71)) - SCM in safe mode. 1 DataNodes registered, 1 required.
2019-09-25 11:43:56,500 [EventQueue-NodeRegistrationContainerReportForDataNodeSafeModeRule] INFO  safemode.SCMSafeModeManager (SCMSafeModeManager.java:validateSafeModeExitRules(177)) - ScmSafeModeManager, all rules are successfully validated
2019-09-25 11:43:56,500 [EventQueue-NodeRegistrationContainerReportForDataNodeSafeModeRule] INFO  safemode.SCMSafeModeManager (SCMSafeModeManager.java:exitSafeMode(193)) - SCM exiting safe mode.
2019-09-25 11:43:56,526 [IPC Server handler 1 on 34851] INFO  net.NetworkTopology (NetworkTopologyImpl.java:add(111)) - Added a new node: /default-rack/0b0def17-0118-466c-b8b3-e46885956633
2019-09-25 11:43:56,527 [IPC Server handler 1 on 34851] INFO  node.SCMNodeManager (SCMNodeManager.java:register(266)) - Registered Data node : 0b0def17-0118-466c-b8b3-e46885956633{ip: 192.168.30.6, host: pr-hdds-1569-5gmkr-4255264070, networkLocation: /default-rack, certSerialId: null}
2019-09-25 11:43:56,604 [main] INFO  ozone.MiniOzoneClusterImpl (MiniOzoneClusterImpl.java:lambda$waitForClusterToBeReady$0(147)) - Waiting for cluster to be ready. Got 2 of 3 DN Heartbeats.
2019-09-25 11:43:56,605 [IPC Server handler 3 on 34851] INFO  net.NetworkTopology (NetworkTopologyImpl.java:add(111)) - Added a new node: /default-rack/23446a0b-162d-43e0-a8ad-af938e24e577
2019-09-25 11:43:56,605 [IPC Server handler 3 on 34851] INFO  node.SCMNodeManager (SCMNodeManager.java:register(266)) - Registered Data node : 23446a0b-162d-43e0-a8ad-af938e24e577{ip: 192.168.30.6, host: pr-hdds-1569-5gmkr-4255264070, networkLocation: /default-rack, certSerialId: null}
2019-09-25 11:43:57,002 [grpc-default-executor-0] INFO  impl.RaftServerProxy (RaftServerProxy.java:addNew(89)) - e0e6d57f-f91e-4ea8-aa2d-63ea10a38e43: addNew group-9C21795A4D36:[e0e6d57f-f91e-4ea8-aa2d-63ea10a38e43:192.168.30.6:37819] returns group-9C21795A4D36:java.util.concurrent.CompletableFuture@4d21bdfb[Not completed]
2019-09-25 11:43:57,017 [pool-27-thread-1] INFO  impl.RaftServerImpl (RaftServerImpl.java:<init>(95)) - e0e6d57f-f91e-4ea8-aa2d-63ea10a38e43: new RaftServerImpl for group-9C21795A4D36:[e0e6d57f-f91e-4ea8-aa2d-63ea10a38e43:192.168.30.6:37819] with ContainerStateMachine:uninitialized
2019-09-25 11:43:57,019 [pool-27-thread-1] INFO  server.RaftServerConfigKeys (ConfUtils.java:logGet(43)) - raft.server.rpc.timeout.min = 5s (custom)
2019-09-25 11:43:57,020 [pool-27-thread-1] INFO  server.RaftServerConfigKeys (ConfUtils.java:logGet(43)) - raft.server.rpc.timeout.max = 5200ms (custom)
2019-09-25 11:43:57,021 [pool-27-thread-1] INFO  server.RaftServerConfigKeys (ConfUtils.java:logGet(43)) - raft.server.rpcslowness.timeout = 120s (custom)
2019-09-25 11:43:57,021 [pool-27-thread-1] INFO  server.RaftServerConfigKeys (ConfUtils.java:logGet(43)) - raft.server.sleep.deviation.threshold = 300 (default)
2019-09-25 11:43:57,022 [pool-27-thread-1] INFO  server.RaftServerConfigKeys (ConfUtils.java:logGet(43)) - raft.server.log.appender.install.snapshot.enabled = false (custom)
2019-09-25 11:43:57,031 [pool-27-thread-1] INFO  impl.RaftServerImpl (ServerState.java:<init>(103)) - e0e6d57f-f91e-4ea8-aa2d-63ea10a38e43@group-9C21795A4D36: ConfigurationManager, init=-1: [e0e6d57f-f91e-4ea8-aa2d-63ea10a38e43:192.168.30.6:37819], old=null, confs=<EMPTY_MAP>
2019-09-25 11:43:57,031 [pool-27-thread-1] INFO  server.RaftServerConfigKeys (ConfUtils.java:logGet(43)) - raft.server.storage.dir = [/workdir/hadoop-ozone/integration-test/target/test-dir/MiniOzoneClusterImpl-a207e20c-42ee-4864-92cb-a931ccd2d47f/datanode-0/data/ratis] (custom)
2019-09-25 11:43:57,039 [pool-27-thread-1] INFO  storage.RaftStorageDirectory (RaftStorageDirectory.java:analyzeStorage(246)) - The storage directory /workdir/hadoop-ozone/integration-test/target/test-dir/MiniOzoneClusterImpl-a207e20c-42ee-4864-92cb-a931ccd2d47f/datanode-0/data/ratis/195dff74-edae-4b3a-8d1d-9c21795a4d36 does not exist. Creating ...
2019-09-25 11:43:57,057 [pool-27-thread-1] INFO  storage.RaftStorageDirectory (RaftStorageDirectory.java:tryLock(328)) - Lock on /workdir/hadoop-ozone/integration-test/target/test-dir/MiniOzoneClusterImpl-a207e20c-42ee-4864-92cb-a931ccd2d47f/datanode-0/data/ratis/195dff74-edae-4b3a-8d1d-9c21795a4d36/in_use.lock acquired by nodename 9579@pr-hdds-1569-5gmkr-4255264070
2019-09-25 11:43:57,073 [pool-27-thread-1] INFO  storage.RaftStorage (RaftStorage.java:format(72)) - Storage directory /workdir/hadoop-ozone/integration-test/target/test-dir/MiniOzoneClusterImpl-a207e20c-42ee-4864-92cb-a931ccd2d47f/datanode-0/data/ratis/195dff74-edae-4b3a-8d1d-9c21795a4d36 has been successfully formatted.
2019-09-25 11:43:57,075 [pool-27-thread-1] INFO  ratis.ContainerStateMachine (ContainerStateMachine.java:loadSnapshot(230)) - group-9C21795A4D36: The snapshot info is null. Setting the last applied indexto:(t:0, i:~)
2019-09-25 11:43:57,075 [pool-27-thread-1] INFO  server.RaftServerConfigKeys (ConfUtils.java:logGet(43)) - raft.server.notification.no-leader.timeout = 120s (custom)
2019-09-25 11:43:57,077 [pool-27-thread-1] INFO  server.RaftServerConfigKeys (ConfUtils.java:logGet(43)) - raft.server.log.use.memory = false (default)
2019-09-25 11:43:57,083 [pool-27-thread-1] INFO  server.RaftServerConfigKeys (ConfUtils.java:logGet(43)) - raft.server.log.purge.gap = 1000000 (custom)
2019-09-25 11:43:57,083 [pool-27-thread-1] INFO  server.RaftServerConfigKeys (ConfUtils.java:logGet(43)) - raft.server.log.appender.buffer.byte-limit = 33554432 (custom)
2019-09-25 11:43:57,085 [pool-27-thread-1] INFO  server.RaftServerConfigKeys (ConfUtils.java:logGet(43)) - raft.server.log.segment.size.max = 1048576 (custom)
2019-09-25 11:43:57,091 [pool-27-thread-1] INFO  server.RaftServerConfigKeys (ConfUtils.java:logGet(43)) - raft.server.log.segment.cache.num.max = 2 (custom)
2019-09-25 11:43:57,098 [pool-27-thread-1] INFO  segmented.SegmentedRaftLogWorker (SegmentedRaftLogWorker.java:<init>(172)) - new e0e6d57f-f91e-4ea8-aa2d-63ea10a38e43@group-9C21795A4D36-SegmentedRaftLogWorker for RaftStorage:Storage Directory /workdir/hadoop-ozone/integration-test/target/test-dir/MiniOzoneClusterImpl-a207e20c-42ee-4864-92cb-a931ccd2d47f/datanode-0/data/ratis/195dff74-edae-4b3a-8d1d-9c21795a4d36
2019-09-25 11:43:57,100 [pool-27-thread-1] INFO  impl.MetricsSystemImpl (MetricsSystemImpl.java:init(158)) - ratis metrics system started (again)
2019-09-25 11:43:57,108 [pool-27-thread-1] INFO  metrics.MetricRegistries (MetricRegistriesLoader.java:load(64)) - Loaded MetricRegistries class org.apache.ratis.metrics.impl.MetricRegistriesImpl
2019-09-25 11:43:57,147 [pool-27-thread-1] INFO  server.RaftServerConfigKeys (ConfUtils.java:logGet(43)) - raft.server.log.queue.byte-limit = 2147483647 (custom)
2019-09-25 11:43:57,148 [pool-27-thread-1] INFO  server.RaftServerConfigKeys (ConfUtils.java:logGet(43)) - raft.server.log.queue.element-limit = 1024 (custom)
2019-09-25 11:43:57,151 [pool-27-thread-1] INFO  server.RaftServerConfigKeys (ConfUtils.java:logGet(43)) - raft.server.log.segment.size.max = 1048576 (custom)
2019-09-25 11:43:57,152 [pool-27-thread-1] INFO  server.RaftServerConfigKeys (ConfUtils.java:logGet(43)) - raft.server.log.preallocated.size = 16384 (custom)
2019-09-25 11:43:57,152 [pool-27-thread-1] INFO  server.RaftServerConfigKeys (ConfUtils.java:logGet(43)) - raft.server.log.write.buffer.size = 33554432 (custom)
2019-09-25 11:43:57,153 [pool-27-thread-1] INFO  server.RaftServerConfigKeys (ConfUtils.java:logGet(43)) - raft.server.log.force.sync.num = 128 (default)
2019-09-25 11:43:57,154 [pool-27-thread-1] INFO  server.RaftServerConfigKeys (ConfUtils.java:logGet(43)) - raft.server.log.statemachine.data.sync = true (default)
2019-09-25 11:43:57,154 [pool-27-thread-1] INFO  server.RaftServerConfigKeys (ConfUtils.java:logGet(43)) - raft.server.log.statemachine.data.sync.timeout = 10s (default)
2019-09-25 11:43:57,155 [pool-27-thread-1] INFO  server.RaftServerConfigKeys (ConfUtils.java:logGet(43)) - raft.server.log.statemachine.data.sync.timeout.retry = -1 (default)
2019-09-25 11:43:57,164 [pool-27-thread-1] INFO  server.RaftServerConfigKeys (ConfUtils.java:logGet(43)) - raft.server.log.statemachine.data.caching.enabled = true (custom)
2019-09-25 11:43:57,169 [pool-27-thread-1] INFO  segmented.SegmentedRaftLogWorker (SegmentedRaftLogWorker.java:lambda$new$0(132)) - e0e6d57f-f91e-4ea8-aa2d-63ea10a38e43@group-9C21795A4D36-SegmentedRaftLogWorker: flushIndex: setUnconditionally 0 -> -1
2019-09-25 11:43:57,173 [pool-27-thread-1] INFO  server.RaftServerConfigKeys (ConfUtils.java:logGet(43)) - raft.server.snapshot.auto.trigger.enabled = true (custom)
2019-09-25 11:43:57,174 [pool-27-thread-1] INFO  server.RaftServerConfigKeys (ConfUtils.java:logGet(43)) - raft.server.snapshot.auto.trigger.threshold = 10000 (custom)
2019-09-25 11:43:57,175 [pool-27-thread-1] INFO  server.RaftServerConfigKeys (ConfUtils.java:logGet(43)) - raft.server.snapshot.retention.num.files = 5 (custom)
2019-09-25 11:43:57,175 [pool-27-thread-1] INFO  server.RaftServerConfigKeys (ConfUtils.java:logGet(43)) - raft.server.retrycache.expirytime = 600000ms (custom)
2019-09-25 11:43:57,202 [pool-27-thread-1] INFO  impl.RaftServerImpl (RaftServerImpl.java:start(185)) - e0e6d57f-f91e-4ea8-aa2d-63ea10a38e43@group-9C21795A4D36: start as a follower, conf=-1: [e0e6d57f-f91e-4ea8-aa2d-63ea10a38e43:192.168.30.6:37819], old=null
2019-09-25 11:43:57,204 [pool-27-thread-1] INFO  impl.RaftServerImpl (RaftServerImpl.java:setRole(174)) - e0e6d57f-f91e-4ea8-aa2d-63ea10a38e43@group-9C21795A4D36: changes role from      null to FOLLOWER at term 0 for startAsFollower
2019-09-25 11:43:57,205 [pool-27-thread-1] INFO  impl.RoleInfo (RoleInfo.java:updateAndGet(143)) - e0e6d57f-f91e-4ea8-aa2d-63ea10a38e43: start FollowerState
2019-09-25 11:43:57,214 [pool-27-thread-1] INFO  util.JmxRegister (JmxRegister.java:tryRegister(44)) - Successfully registered JMX Bean with object name Ratis:service=RaftServer,group=group-9C21795A4D36,id=e0e6d57f-f91e-4ea8-aa2d-63ea10a38e43
2019-09-25 11:43:57,284 [RatisPipelineUtilsThread] INFO  pipeline.PipelineStateManager (PipelineStateManager.java:addPipeline(56)) - Created pipeline Pipeline[ Id: 195dff74-edae-4b3a-8d1d-9c21795a4d36, Nodes: e0e6d57f-f91e-4ea8-aa2d-63ea10a38e43{ip: 192.168.30.6, host: pr-hdds-1569-5gmkr-4255264070, networkLocation: /default-rack, certSerialId: null}, Type:RATIS, Factor:ONE, State:OPEN]
2019-09-25 11:43:57,307 [grpc-default-executor-0] INFO  impl.RaftServerProxy (RaftServerProxy.java:addNew(89)) - e0e6d57f-f91e-4ea8-aa2d-63ea10a38e43: addNew group-A833644733A7:[e0e6d57f-f91e-4ea8-aa2d-63ea10a38e43:192.168.30.6:37819] returns group-A833644733A7:java.util.concurrent.CompletableFuture@6874a7e8[Not completed]
2019-09-25 11:43:57,309 [pool-27-thread-1] INFO  impl.RaftServerImpl (RaftServerImpl.java:<init>(95)) - e0e6d57f-f91e-4ea8-aa2d-63ea10a38e43: new RaftServerImpl for group-A833644733A7:[e0e6d57f-f91e-4ea8-aa2d-63ea10a38e43:192.168.30.6:37819] with ContainerStateMachine:uninitialized
2019-09-25 11:43:57,310 [pool-27-thread-1] INFO  server.RaftServerConfigKeys (ConfUtils.java:logGet(43)) - raft.server.rpc.timeout.min = 5s (custom)
2019-09-25 11:43:57,310 [pool-27-thread-1] INFO  server.RaftServerConfigKeys (ConfUtils.java:logGet(43)) - raft.server.rpc.timeout.max = 5200ms (custom)
2019-09-25 11:43:57,310 [pool-27-thread-1] INFO  server.RaftServerConfigKeys (ConfUtils.java:logGet(43)) - raft.server.rpcslowness.timeout = 120s (custom)
2019-09-25 11:43:57,310 [pool-27-thread-1] INFO  server.RaftServerConfigKeys (ConfUtils.java:logGet(43)) - raft.server.sleep.deviation.threshold = 300 (default)
2019-09-25 11:43:57,310 [pool-27-thread-1] INFO  server.RaftServerConfigKeys (ConfUtils.java:logGet(43)) - raft.server.log.appender.install.snapshot.enabled = false (custom)
2019-09-25 11:43:57,310 [pool-27-thread-1] INFO  impl.RaftServerImpl (ServerState.java:<init>(103)) - e0e6d57f-f91e-4ea8-aa2d-63ea10a38e43@group-A833644733A7: ConfigurationManager, init=-1: [e0e6d57f-f91e-4ea8-aa2d-63ea10a38e43:192.168.30.6:37819], old=null, confs=<EMPTY_MAP>
2019-09-25 11:43:57,311 [pool-27-thread-1] INFO  server.RaftServerConfigKeys (ConfUtils.java:logGet(43)) - raft.server.storage.dir = [/workdir/hadoop-ozone/integration-test/target/test-dir/MiniOzoneClusterImpl-a207e20c-42ee-4864-92cb-a931ccd2d47f/datanode-0/data/ratis] (custom)
2019-09-25 11:43:57,311 [pool-27-thread-1] INFO  storage.RaftStorageDirectory (RaftStorageDirectory.java:analyzeStorage(246)) - The storage directory /workdir/hadoop-ozone/integration-test/target/test-dir/MiniOzoneClusterImpl-a207e20c-42ee-4864-92cb-a931ccd2d47f/datanode-0/data/ratis/55ec5610-da04-4577-a595-a833644733a7 does not exist. Creating ...
2019-09-25 11:43:57,324 [pool-27-thread-1] INFO  storage.RaftStorageDirectory (RaftStorageDirectory.java:tryLock(328)) - Lock on /workdir/hadoop-ozone/integration-test/target/test-dir/MiniOzoneClusterImpl-a207e20c-42ee-4864-92cb-a931ccd2d47f/datanode-0/data/ratis/55ec5610-da04-4577-a595-a833644733a7/in_use.lock acquired by nodename 9579@pr-hdds-1569-5gmkr-4255264070
2019-09-25 11:43:57,343 [pool-27-thread-1] INFO  storage.RaftStorage (RaftStorage.java:format(72)) - Storage directory /workdir/hadoop-ozone/integration-test/target/test-dir/MiniOzoneClusterImpl-a207e20c-42ee-4864-92cb-a931ccd2d47f/datanode-0/data/ratis/55ec5610-da04-4577-a595-a833644733a7 has been successfully formatted.
2019-09-25 11:43:57,344 [pool-27-thread-1] INFO  ratis.ContainerStateMachine (ContainerStateMachine.java:loadSnapshot(230)) - group-A833644733A7: The snapshot info is null. Setting the last applied indexto:(t:0, i:~)
2019-09-25 11:43:57,344 [pool-27-thread-1] INFO  server.RaftServerConfigKeys (ConfUtils.java:logGet(43)) - raft.server.notification.no-leader.timeout = 120s (custom)
2019-09-25 11:43:57,344 [pool-27-thread-1] INFO  server.RaftServerConfigKeys (ConfUtils.java:logGet(43)) - raft.server.log.use.memory = false (default)
2019-09-25 11:43:57,345 [pool-27-thread-1] INFO  server.RaftServerConfigKeys (ConfUtils.java:logGet(43)) - raft.server.log.purge.gap = 1000000 (custom)
2019-09-25 11:43:57,345 [pool-27-thread-1] INFO  server.RaftServerConfigKeys (ConfUtils.java:logGet(43)) - raft.server.log.appender.buffer.byte-limit = 33554432 (custom)
2019-09-25 11:43:57,345 [pool-27-thread-1] INFO  server.RaftServerConfigKeys (ConfUtils.java:logGet(43)) - raft.server.log.segment.size.max = 1048576 (custom)
2019-09-25 11:43:57,345 [pool-27-thread-1] INFO  server.RaftServerConfigKeys (ConfUtils.java:logGet(43)) - raft.server.log.segment.cache.num.max = 2 (custom)
2019-09-25 11:43:57,345 [pool-27-thread-1] INFO  segmented.SegmentedRaftLogWorker (SegmentedRaftLogWorker.java:<init>(172)) - new e0e6d57f-f91e-4ea8-aa2d-63ea10a38e43@group-A833644733A7-SegmentedRaftLogWorker for RaftStorage:Storage Directory /workdir/hadoop-ozone/integration-test/target/test-dir/MiniOzoneClusterImpl-a207e20c-42ee-4864-92cb-a931ccd2d47f/datanode-0/data/ratis/55ec5610-da04-4577-a595-a833644733a7
2019-09-25 11:43:57,346 [pool-27-thread-1] INFO  server.RaftServerConfigKeys (ConfUtils.java:logGet(43)) - raft.server.log.queue.byte-limit = 2147483647 (custom)
2019-09-25 11:43:57,346 [pool-27-thread-1] INFO  server.RaftServerConfigKeys (ConfUtils.java:logGet(43)) - raft.server.log.queue.element-limit = 1024 (custom)
2019-09-25 11:43:57,346 [pool-27-thread-1] INFO  server.RaftServerConfigKeys (ConfUtils.java:logGet(43)) - raft.server.log.segment.size.max = 1048576 (custom)
2019-09-25 11:43:57,346 [pool-27-thread-1] INFO  server.RaftServerConfigKeys (ConfUtils.java:logGet(43)) - raft.server.log.preallocated.size = 16384 (custom)
2019-09-25 11:43:57,346 [pool-27-thread-1] INFO  server.RaftServerConfigKeys (ConfUtils.java:logGet(43)) - raft.server.log.write.buffer.size = 33554432 (custom)
2019-09-25 11:43:57,347 [pool-27-thread-1] INFO  server.RaftServerConfigKeys (ConfUtils.java:logGet(43)) - raft.server.log.force.sync.num = 128 (default)
2019-09-25 11:43:57,347 [pool-27-thread-1] INFO  server.RaftServerConfigKeys (ConfUtils.java:logGet(43)) - raft.server.log.statemachine.data.sync = true (default)
2019-09-25 11:43:57,347 [pool-27-thread-1] INFO  server.RaftServerConfigKeys (ConfUtils.java:logGet(43)) - raft.server.log.statemachine.data.sync.timeout = 10s (default)
2019-09-25 11:43:57,347 [pool-27-thread-1] INFO  server.RaftServerConfigKeys (ConfUtils.java:logGet(43)) - raft.server.log.statemachine.data.sync.timeout.retry = -1 (default)
2019-09-25 11:43:57,347 [pool-27-thread-1] INFO  server.RaftServerConfigKeys (ConfUtils.java:logGet(43)) - raft.server.log.statemachine.data.caching.enabled = true (custom)
2019-09-25 11:43:57,348 [pool-27-thread-1] INFO  segmented.SegmentedRaftLogWorker (SegmentedRaftLogWorker.java:lambda$new$0(132)) - e0e6d57f-f91e-4ea8-aa2d-63ea10a38e43@group-A833644733A7-SegmentedRaftLogWorker: flushIndex: setUnconditionally 0 -> -1
2019-09-25 11:43:57,348 [pool-27-thread-1] INFO  server.RaftServerConfigKeys (ConfUtils.java:logGet(43)) - raft.server.snapshot.auto.trigger.enabled = true (custom)
2019-09-25 11:43:57,349 [pool-27-thread-1] INFO  server.RaftServerConfigKeys (ConfUtils.java:logGet(43)) - raft.server.snapshot.auto.trigger.threshold = 10000 (custom)
2019-09-25 11:43:57,349 [pool-27-thread-1] INFO  server.RaftServerConfigKeys (ConfUtils.java:logGet(43)) - raft.server.snapshot.retention.num.files = 5 (custom)
2019-09-25 11:43:57,349 [pool-27-thread-1] INFO  server.RaftServerConfigKeys (ConfUtils.java:logGet(43)) - raft.server.retrycache.expirytime = 600000ms (custom)
2019-09-25 11:43:57,354 [pool-27-thread-1] INFO  impl.RaftServerImpl (RaftServerImpl.java:start(185)) - e0e6d57f-f91e-4ea8-aa2d-63ea10a38e43@group-A833644733A7: start as a follower, conf=-1: [e0e6d57f-f91e-4ea8-aa2d-63ea10a38e43:192.168.30.6:37819], old=null
2019-09-25 11:43:57,355 [pool-27-thread-1] INFO  impl.RaftServerImpl (RaftServerImpl.java:setRole(174)) - e0e6d57f-f91e-4ea8-aa2d-63ea10a38e43@group-A833644733A7: changes role from      null to FOLLOWER at term 0 for startAsFollower
2019-09-25 11:43:57,355 [pool-27-thread-1] INFO  impl.RoleInfo (RoleInfo.java:updateAndGet(143)) - e0e6d57f-f91e-4ea8-aa2d-63ea10a38e43: start FollowerState
2019-09-25 11:43:57,355 [pool-27-thread-1] INFO  util.JmxRegister (JmxRegister.java:tryRegister(44)) - Successfully registered JMX Bean with object name Ratis:service=RaftServer,group=group-A833644733A7,id=e0e6d57f-f91e-4ea8-aa2d-63ea10a38e43
2019-09-25 11:43:57,374 [RatisPipelineUtilsThread] INFO  pipeline.PipelineStateManager (PipelineStateManager.java:addPipeline(56)) - Created pipeline Pipeline[ Id: 55ec5610-da04-4577-a595-a833644733a7, Nodes: e0e6d57f-f91e-4ea8-aa2d-63ea10a38e43{ip: 192.168.30.6, host: pr-hdds-1569-5gmkr-4255264070, networkLocation: /default-rack, certSerialId: null}, Type:RATIS, Factor:ONE, State:OPEN]
2019-09-25 11:43:57,394 [grpc-default-executor-0] INFO  impl.RaftServerProxy (RaftServerProxy.java:addNew(89)) - 0b0def17-0118-466c-b8b3-e46885956633: addNew group-77CF398F632E:[0b0def17-0118-466c-b8b3-e46885956633:192.168.30.6:44389] returns group-77CF398F632E:java.util.concurrent.CompletableFuture@18cb4561[Not completed]
2019-09-25 11:43:57,430 [pool-37-thread-1] INFO  impl.RaftServerImpl (RaftServerImpl.java:<init>(95)) - 0b0def17-0118-466c-b8b3-e46885956633: new RaftServerImpl for group-77CF398F632E:[0b0def17-0118-466c-b8b3-e46885956633:192.168.30.6:44389] with ContainerStateMachine:uninitialized
2019-09-25 11:43:57,432 [pool-37-thread-1] INFO  server.RaftServerConfigKeys (ConfUtils.java:logGet(43)) - raft.server.rpc.timeout.min = 5s (custom)
2019-09-25 11:43:57,432 [pool-37-thread-1] INFO  server.RaftServerConfigKeys (ConfUtils.java:logGet(43)) - raft.server.rpc.timeout.max = 5200ms (custom)
2019-09-25 11:43:57,433 [pool-37-thread-1] INFO  server.RaftServerConfigKeys (ConfUtils.java:logGet(43)) - raft.server.rpcslowness.timeout = 120s (custom)
2019-09-25 11:43:57,433 [pool-37-thread-1] INFO  server.RaftServerConfigKeys (ConfUtils.java:logGet(43)) - raft.server.sleep.deviation.threshold = 300 (default)
2019-09-25 11:43:57,433 [pool-37-thread-1] INFO  server.RaftServerConfigKeys (ConfUtils.java:logGet(43)) - raft.server.log.appender.install.snapshot.enabled = false (custom)
2019-09-25 11:43:57,433 [pool-37-thread-1] INFO  impl.RaftServerImpl (ServerState.java:<init>(103)) - 0b0def17-0118-466c-b8b3-e46885956633@group-77CF398F632E: ConfigurationManager, init=-1: [0b0def17-0118-466c-b8b3-e46885956633:192.168.30.6:44389], old=null, confs=<EMPTY_MAP>
2019-09-25 11:43:57,433 [pool-37-thread-1] INFO  server.RaftServerConfigKeys (ConfUtils.java:logGet(43)) - raft.server.storage.dir = [/workdir/hadoop-ozone/integration-test/target/test-dir/MiniOzoneClusterImpl-a207e20c-42ee-4864-92cb-a931ccd2d47f/datanode-1/data/ratis] (custom)
2019-09-25 11:43:57,434 [pool-37-thread-1] INFO  storage.RaftStorageDirectory (RaftStorageDirectory.java:analyzeStorage(246)) - The storage directory /workdir/hadoop-ozone/integration-test/target/test-dir/MiniOzoneClusterImpl-a207e20c-42ee-4864-92cb-a931ccd2d47f/datanode-1/data/ratis/1709dee1-4358-44aa-ad31-77cf398f632e does not exist. Creating ...
2019-09-25 11:43:57,448 [pool-37-thread-1] INFO  storage.RaftStorageDirectory (RaftStorageDirectory.java:tryLock(328)) - Lock on /workdir/hadoop-ozone/integration-test/target/test-dir/MiniOzoneClusterImpl-a207e20c-42ee-4864-92cb-a931ccd2d47f/datanode-1/data/ratis/1709dee1-4358-44aa-ad31-77cf398f632e/in_use.lock acquired by nodename 9579@pr-hdds-1569-5gmkr-4255264070
2019-09-25 11:43:57,462 [pool-37-thread-1] INFO  storage.RaftStorage (RaftStorage.java:format(72)) - Storage directory /workdir/hadoop-ozone/integration-test/target/test-dir/MiniOzoneClusterImpl-a207e20c-42ee-4864-92cb-a931ccd2d47f/datanode-1/data/ratis/1709dee1-4358-44aa-ad31-77cf398f632e has been successfully formatted.
2019-09-25 11:43:57,464 [pool-37-thread-1] INFO  ratis.ContainerStateMachine (ContainerStateMachine.java:loadSnapshot(230)) - group-77CF398F632E: The snapshot info is null. Setting the last applied indexto:(t:0, i:~)
2019-09-25 11:43:57,468 [pool-37-thread-1] INFO  server.RaftServerConfigKeys (ConfUtils.java:logGet(43)) - raft.server.notification.no-leader.timeout = 120s (custom)
2019-09-25 11:43:57,469 [pool-37-thread-1] INFO  server.RaftServerConfigKeys (ConfUtils.java:logGet(43)) - raft.server.log.use.memory = false (default)
2019-09-25 11:43:57,469 [pool-37-thread-1] INFO  server.RaftServerConfigKeys (ConfUtils.java:logGet(43)) - raft.server.log.purge.gap = 1000000 (custom)
2019-09-25 11:43:57,469 [pool-37-thread-1] INFO  server.RaftServerConfigKeys (ConfUtils.java:logGet(43)) - raft.server.log.appender.buffer.byte-limit = 33554432 (custom)
2019-09-25 11:43:57,469 [pool-37-thread-1] INFO  server.RaftServerConfigKeys (ConfUtils.java:logGet(43)) - raft.server.log.segment.size.max = 1048576 (custom)
2019-09-25 11:43:57,470 [pool-37-thread-1] INFO  server.RaftServerConfigKeys (ConfUtils.java:logGet(43)) - raft.server.log.segment.cache.num.max = 2 (custom)
2019-09-25 11:43:57,470 [pool-37-thread-1] INFO  segmented.SegmentedRaftLogWorker (SegmentedRaftLogWorker.java:<init>(172)) - new 0b0def17-0118-466c-b8b3-e46885956633@group-77CF398F632E-SegmentedRaftLogWorker for RaftStorage:Storage Directory /workdir/hadoop-ozone/integration-test/target/test-dir/MiniOzoneClusterImpl-a207e20c-42ee-4864-92cb-a931ccd2d47f/datanode-1/data/ratis/1709dee1-4358-44aa-ad31-77cf398f632e
2019-09-25 11:43:57,476 [pool-37-thread-1] INFO  server.RaftServerConfigKeys (ConfUtils.java:logGet(43)) - raft.server.log.queue.byte-limit = 2147483647 (custom)
2019-09-25 11:43:57,477 [pool-37-thread-1] INFO  server.RaftServerConfigKeys (ConfUtils.java:logGet(43)) - raft.server.log.queue.element-limit = 1024 (custom)
2019-09-25 11:43:57,477 [pool-37-thread-1] INFO  server.RaftServerConfigKeys (ConfUtils.java:logGet(43)) - raft.server.log.segment.size.max = 1048576 (custom)
2019-09-25 11:43:57,477 [pool-37-thread-1] INFO  server.RaftServerConfigKeys (ConfUtils.java:logGet(43)) - raft.server.log.preallocated.size = 16384 (custom)
2019-09-25 11:43:57,478 [pool-37-thread-1] INFO  server.RaftServerConfigKeys (ConfUtils.java:logGet(43)) - raft.server.log.write.buffer.size = 33554432 (custom)
2019-09-25 11:43:57,478 [pool-37-thread-1] INFO  server.RaftServerConfigKeys (ConfUtils.java:logGet(43)) - raft.server.log.force.sync.num = 128 (default)
2019-09-25 11:43:57,478 [pool-37-thread-1] INFO  server.RaftServerConfigKeys (ConfUtils.java:logGet(43)) - raft.server.log.statemachine.data.sync = true (default)
2019-09-25 11:43:57,478 [pool-37-thread-1] INFO  server.RaftServerConfigKeys (ConfUtils.java:logGet(43)) - raft.server.log.statemachine.data.sync.timeout = 10s (default)
2019-09-25 11:43:57,478 [pool-37-thread-1] INFO  server.RaftServerConfigKeys (ConfUtils.java:logGet(43)) - raft.server.log.statemachine.data.sync.timeout.retry = -1 (default)
2019-09-25 11:43:57,479 [pool-37-thread-1] INFO  server.RaftServerConfigKeys (ConfUtils.java:logGet(43)) - raft.server.log.statemachine.data.caching.enabled = true (custom)
2019-09-25 11:43:57,479 [pool-37-thread-1] INFO  segmented.SegmentedRaftLogWorker (SegmentedRaftLogWorker.java:lambda$new$0(132)) - 0b0def17-0118-466c-b8b3-e46885956633@group-77CF398F632E-SegmentedRaftLogWorker: flushIndex: setUnconditionally 0 -> -1
2019-09-25 11:43:57,480 [pool-37-thread-1] INFO  server.RaftServerConfigKeys (ConfUtils.java:logGet(43)) - raft.server.snapshot.auto.trigger.enabled = true (custom)
2019-09-25 11:43:57,480 [pool-37-thread-1] INFO  server.RaftServerConfigKeys (ConfUtils.java:logGet(43)) - raft.server.snapshot.auto.trigger.threshold = 10000 (custom)
2019-09-25 11:43:57,480 [pool-37-thread-1] INFO  server.RaftServerConfigKeys (ConfUtils.java:logGet(43)) - raft.server.snapshot.retention.num.files = 5 (custom)
2019-09-25 11:43:57,481 [pool-37-thread-1] INFO  server.RaftServerConfigKeys (ConfUtils.java:logGet(43)) - raft.server.retrycache.expirytime = 600000ms (custom)
2019-09-25 11:43:57,487 [pool-37-thread-1] INFO  impl.RaftServerImpl (RaftServerImpl.java:start(185)) - 0b0def17-0118-466c-b8b3-e46885956633@group-77CF398F632E: start as a follower, conf=-1: [0b0def17-0118-466c-b8b3-e46885956633:192.168.30.6:44389], old=null
2019-09-25 11:43:57,487 [pool-37-thread-1] INFO  impl.RaftServerImpl (RaftServerImpl.java:setRole(174)) - 0b0def17-0118-466c-b8b3-e46885956633@group-77CF398F632E: changes role from      null to FOLLOWER at term 0 for startAsFollower
2019-09-25 11:43:57,487 [pool-37-thread-1] INFO  impl.RoleInfo (RoleInfo.java:updateAndGet(143)) - 0b0def17-0118-466c-b8b3-e46885956633: start FollowerState
2019-09-25 11:43:57,488 [pool-37-thread-1] INFO  util.JmxRegister (JmxRegister.java:tryRegister(44)) - Successfully registered JMX Bean with object name Ratis:service=RaftServer,group=group-77CF398F632E,id=0b0def17-0118-466c-b8b3-e46885956633
2019-09-25 11:43:57,499 [RatisPipelineUtilsThread] INFO  pipeline.PipelineStateManager (PipelineStateManager.java:addPipeline(56)) - Created pipeline Pipeline[ Id: 1709dee1-4358-44aa-ad31-77cf398f632e, Nodes: 0b0def17-0118-466c-b8b3-e46885956633{ip: 192.168.30.6, host: pr-hdds-1569-5gmkr-4255264070, networkLocation: /default-rack, certSerialId: null}, Type:RATIS, Factor:ONE, State:OPEN]
2019-09-25 11:43:57,521 [grpc-default-executor-0] INFO  impl.RaftServerProxy (RaftServerProxy.java:addNew(89)) - 23446a0b-162d-43e0-a8ad-af938e24e577: addNew group-0F5DB94041FA:[23446a0b-162d-43e0-a8ad-af938e24e577:192.168.30.6:41601] returns group-0F5DB94041FA:java.util.concurrent.CompletableFuture@73bd2bbf[Not completed]
2019-09-25 11:43:57,538 [pool-47-thread-1] INFO  impl.RaftServerImpl (RaftServerImpl.java:<init>(95)) - 23446a0b-162d-43e0-a8ad-af938e24e577: new RaftServerImpl for group-0F5DB94041FA:[23446a0b-162d-43e0-a8ad-af938e24e577:192.168.30.6:41601] with ContainerStateMachine:uninitialized
2019-09-25 11:43:57,539 [pool-47-thread-1] INFO  server.RaftServerConfigKeys (ConfUtils.java:logGet(43)) - raft.server.rpc.timeout.min = 5s (custom)
2019-09-25 11:43:57,539 [pool-47-thread-1] INFO  server.RaftServerConfigKeys (ConfUtils.java:logGet(43)) - raft.server.rpc.timeout.max = 5200ms (custom)
2019-09-25 11:43:57,539 [pool-47-thread-1] INFO  server.RaftServerConfigKeys (ConfUtils.java:logGet(43)) - raft.server.rpcslowness.timeout = 120s (custom)
2019-09-25 11:43:57,540 [pool-47-thread-1] INFO  server.RaftServerConfigKeys (ConfUtils.java:logGet(43)) - raft.server.sleep.deviation.threshold = 300 (default)
2019-09-25 11:43:57,540 [pool-47-thread-1] INFO  server.RaftServerConfigKeys (ConfUtils.java:logGet(43)) - raft.server.log.appender.install.snapshot.enabled = false (custom)
2019-09-25 11:43:57,540 [pool-47-thread-1] INFO  impl.RaftServerImpl (ServerState.java:<init>(103)) - 23446a0b-162d-43e0-a8ad-af938e24e577@group-0F5DB94041FA: ConfigurationManager, init=-1: [23446a0b-162d-43e0-a8ad-af938e24e577:192.168.30.6:41601], old=null, confs=<EMPTY_MAP>
2019-09-25 11:43:57,540 [pool-47-thread-1] INFO  server.RaftServerConfigKeys (ConfUtils.java:logGet(43)) - raft.server.storage.dir = [/workdir/hadoop-ozone/integration-test/target/test-dir/MiniOzoneClusterImpl-a207e20c-42ee-4864-92cb-a931ccd2d47f/datanode-2/data/ratis] (custom)
2019-09-25 11:43:57,541 [pool-47-thread-1] INFO  storage.RaftStorageDirectory (RaftStorageDirectory.java:analyzeStorage(246)) - The storage directory /workdir/hadoop-ozone/integration-test/target/test-dir/MiniOzoneClusterImpl-a207e20c-42ee-4864-92cb-a931ccd2d47f/datanode-2/data/ratis/d45e697b-0372-4847-ac93-0f5db94041fa does not exist. Creating ...
2019-09-25 11:43:57,554 [pool-47-thread-1] INFO  storage.RaftStorageDirectory (RaftStorageDirectory.java:tryLock(328)) - Lock on /workdir/hadoop-ozone/integration-test/target/test-dir/MiniOzoneClusterImpl-a207e20c-42ee-4864-92cb-a931ccd2d47f/datanode-2/data/ratis/d45e697b-0372-4847-ac93-0f5db94041fa/in_use.lock acquired by nodename 9579@pr-hdds-1569-5gmkr-4255264070
2019-09-25 11:43:57,581 [pool-47-thread-1] INFO  storage.RaftStorage (RaftStorage.java:format(72)) - Storage directory /workdir/hadoop-ozone/integration-test/target/test-dir/MiniOzoneClusterImpl-a207e20c-42ee-4864-92cb-a931ccd2d47f/datanode-2/data/ratis/d45e697b-0372-4847-ac93-0f5db94041fa has been successfully formatted.
2019-09-25 11:43:57,582 [pool-47-thread-1] INFO  ratis.ContainerStateMachine (ContainerStateMachine.java:loadSnapshot(230)) - group-0F5DB94041FA: The snapshot info is null. Setting the last applied indexto:(t:0, i:~)
2019-09-25 11:43:57,583 [pool-47-thread-1] INFO  server.RaftServerConfigKeys (ConfUtils.java:logGet(43)) - raft.server.notification.no-leader.timeout = 120s (custom)
2019-09-25 11:43:57,583 [pool-47-thread-1] INFO  server.RaftServerConfigKeys (ConfUtils.java:logGet(43)) - raft.server.log.use.memory = false (default)
2019-09-25 11:43:57,584 [pool-47-thread-1] INFO  server.RaftServerConfigKeys (ConfUtils.java:logGet(43)) - raft.server.log.purge.gap = 1000000 (custom)
2019-09-25 11:43:57,584 [pool-47-thread-1] INFO  server.RaftServerConfigKeys (ConfUtils.java:logGet(43)) - raft.server.log.appender.buffer.byte-limit = 33554432 (custom)
2019-09-25 11:43:57,584 [pool-47-thread-1] INFO  server.RaftServerConfigKeys (ConfUtils.java:logGet(43)) - raft.server.log.segment.size.max = 1048576 (custom)
2019-09-25 11:43:57,584 [pool-47-thread-1] INFO  server.RaftServerConfigKeys (ConfUtils.java:logGet(43)) - raft.server.log.segment.cache.num.max = 2 (custom)
2019-09-25 11:43:57,585 [pool-47-thread-1] INFO  segmented.SegmentedRaftLogWorker (SegmentedRaftLogWorker.java:<init>(172)) - new 23446a0b-162d-43e0-a8ad-af938e24e577@group-0F5DB94041FA-SegmentedRaftLogWorker for RaftStorage:Storage Directory /workdir/hadoop-ozone/integration-test/target/test-dir/MiniOzoneClusterImpl-a207e20c-42ee-4864-92cb-a931ccd2d47f/datanode-2/data/ratis/d45e697b-0372-4847-ac93-0f5db94041fa
2019-09-25 11:43:57,608 [main] INFO  ozone.MiniOzoneClusterImpl (MiniOzoneClusterImpl.java:lambda$waitForClusterToBeReady$0(147)) - Cluster is ready. Got 3 of 3 DN Heartbeats.
2019-09-25 11:43:57,613 [pool-47-thread-1] INFO  server.RaftServerConfigKeys (ConfUtils.java:logGet(43)) - raft.server.log.queue.byte-limit = 2147483647 (custom)
2019-09-25 11:43:57,613 [pool-47-thread-1] INFO  server.RaftServerConfigKeys (ConfUtils.java:logGet(43)) - raft.server.log.queue.element-limit = 1024 (custom)
2019-09-25 11:43:57,614 [pool-47-thread-1] INFO  server.RaftServerConfigKeys (ConfUtils.java:logGet(43)) - raft.server.log.segment.size.max = 1048576 (custom)
2019-09-25 11:43:57,614 [pool-47-thread-1] INFO  server.RaftServerConfigKeys (ConfUtils.java:logGet(43)) - raft.server.log.preallocated.size = 16384 (custom)
2019-09-25 11:43:57,614 [pool-47-thread-1] INFO  server.RaftServerConfigKeys (ConfUtils.java:logGet(43)) - raft.server.log.write.buffer.size = 33554432 (custom)
2019-09-25 11:43:57,614 [pool-47-thread-1] INFO  server.RaftServerConfigKeys (ConfUtils.java:logGet(43)) - raft.server.log.force.sync.num = 128 (default)
2019-09-25 11:43:57,615 [pool-47-thread-1] INFO  server.RaftServerConfigKeys (ConfUtils.java:logGet(43)) - raft.server.log.statemachine.data.sync = true (default)
2019-09-25 11:43:57,615 [pool-47-thread-1] INFO  server.RaftServerConfigKeys (ConfUtils.java:logGet(43)) - raft.server.log.statemachine.data.sync.timeout = 10s (default)
2019-09-25 11:43:57,615 [pool-47-thread-1] INFO  server.RaftServerConfigKeys (ConfUtils.java:logGet(43)) - raft.server.log.statemachine.data.sync.timeout.retry = -1 (default)
2019-09-25 11:43:57,615 [pool-47-thread-1] INFO  server.RaftServerConfigKeys (ConfUtils.java:logGet(43)) - raft.server.log.statemachine.data.caching.enabled = true (custom)
2019-09-25 11:43:57,616 [pool-47-thread-1] INFO  segmented.SegmentedRaftLogWorker (SegmentedRaftLogWorker.java:lambda$new$0(132)) - 23446a0b-162d-43e0-a8ad-af938e24e577@group-0F5DB94041FA-SegmentedRaftLogWorker: flushIndex: setUnconditionally 0 -> -1
2019-09-25 11:43:57,616 [pool-47-thread-1] INFO  server.RaftServerConfigKeys (ConfUtils.java:logGet(43)) - raft.server.snapshot.auto.trigger.enabled = true (custom)
2019-09-25 11:43:57,616 [pool-47-thread-1] INFO  server.RaftServerConfigKeys (ConfUtils.java:logGet(43)) - raft.server.snapshot.auto.trigger.threshold = 10000 (custom)
2019-09-25 11:43:57,617 [pool-47-thread-1] INFO  server.RaftServerConfigKeys (ConfUtils.java:logGet(43)) - raft.server.snapshot.retention.num.files = 5 (custom)
2019-09-25 11:43:57,617 [pool-47-thread-1] INFO  server.RaftServerConfigKeys (ConfUtils.java:logGet(43)) - raft.server.retrycache.expirytime = 600000ms (custom)
2019-09-25 11:43:57,622 [pool-47-thread-1] INFO  impl.RaftServerImpl (RaftServerImpl.java:start(185)) - 23446a0b-162d-43e0-a8ad-af938e24e577@group-0F5DB94041FA: start as a follower, conf=-1: [23446a0b-162d-43e0-a8ad-af938e24e577:192.168.30.6:41601], old=null
2019-09-25 11:43:57,622 [pool-47-thread-1] INFO  impl.RaftServerImpl (RaftServerImpl.java:setRole(174)) - 23446a0b-162d-43e0-a8ad-af938e24e577@group-0F5DB94041FA: changes role from      null to FOLLOWER at term 0 for startAsFollower
2019-09-25 11:43:57,622 [pool-47-thread-1] INFO  impl.RoleInfo (RoleInfo.java:updateAndGet(143)) - 23446a0b-162d-43e0-a8ad-af938e24e577: start FollowerState
2019-09-25 11:43:57,624 [pool-47-thread-1] INFO  util.JmxRegister (JmxRegister.java:tryRegister(44)) - Successfully registered JMX Bean with object name Ratis:service=RaftServer,group=group-0F5DB94041FA,id=23446a0b-162d-43e0-a8ad-af938e24e577
2019-09-25 11:43:57,635 [RatisPipelineUtilsThread] INFO  pipeline.PipelineStateManager (PipelineStateManager.java:addPipeline(56)) - Created pipeline Pipeline[ Id: d45e697b-0372-4847-ac93-0f5db94041fa, Nodes: 23446a0b-162d-43e0-a8ad-af938e24e577{ip: 192.168.30.6, host: pr-hdds-1569-5gmkr-4255264070, networkLocation: /default-rack, certSerialId: null}, Type:RATIS, Factor:ONE, State:OPEN]
2019-09-25 11:43:57,652 [grpc-default-executor-0] INFO  impl.RaftServerProxy (RaftServerProxy.java:addNew(89)) - e0e6d57f-f91e-4ea8-aa2d-63ea10a38e43: addNew group-874C735BB2C6:[e0e6d57f-f91e-4ea8-aa2d-63ea10a38e43:192.168.30.6:37819] returns group-874C735BB2C6:java.util.concurrent.CompletableFuture@bbb42e2[Not completed]
2019-09-25 11:43:57,654 [pool-27-thread-1] INFO  impl.RaftServerImpl (RaftServerImpl.java:<init>(95)) - e0e6d57f-f91e-4ea8-aa2d-63ea10a38e43: new RaftServerImpl for group-874C735BB2C6:[e0e6d57f-f91e-4ea8-aa2d-63ea10a38e43:192.168.30.6:37819] with ContainerStateMachine:uninitialized
2019-09-25 11:43:57,654 [pool-27-thread-1] INFO  server.RaftServerConfigKeys (ConfUtils.java:logGet(43)) - raft.server.rpc.timeout.min = 5s (custom)
2019-09-25 11:43:57,654 [pool-27-thread-1] INFO  server.RaftServerConfigKeys (ConfUtils.java:logGet(43)) - raft.server.rpc.timeout.max = 5200ms (custom)
2019-09-25 11:43:57,654 [pool-27-thread-1] INFO  server.RaftServerConfigKeys (ConfUtils.java:logGet(43)) - raft.server.rpcslowness.timeout = 120s (custom)
2019-09-25 11:43:57,654 [pool-27-thread-1] INFO  server.RaftServerConfigKeys (ConfUtils.java:logGet(43)) - raft.server.sleep.deviation.threshold = 300 (default)
2019-09-25 11:43:57,655 [pool-27-thread-1] INFO  server.RaftServerConfigKeys (ConfUtils.java:logGet(43)) - raft.server.log.appender.install.snapshot.enabled = false (custom)
2019-09-25 11:43:57,655 [pool-27-thread-1] INFO  impl.RaftServerImpl (ServerState.java:<init>(103)) - e0e6d57f-f91e-4ea8-aa2d-63ea10a38e43@group-874C735BB2C6: ConfigurationManager, init=-1: [e0e6d57f-f91e-4ea8-aa2d-63ea10a38e43:192.168.30.6:37819], old=null, confs=<EMPTY_MAP>
2019-09-25 11:43:57,655 [pool-27-thread-1] INFO  server.RaftServerConfigKeys (ConfUtils.java:logGet(43)) - raft.server.storage.dir = [/workdir/hadoop-ozone/integration-test/target/test-dir/MiniOzoneClusterImpl-a207e20c-42ee-4864-92cb-a931ccd2d47f/datanode-0/data/ratis] (custom)
2019-09-25 11:43:57,655 [pool-27-thread-1] INFO  storage.RaftStorageDirectory (RaftStorageDirectory.java:analyzeStorage(246)) - The storage directory /workdir/hadoop-ozone/integration-test/target/test-dir/MiniOzoneClusterImpl-a207e20c-42ee-4864-92cb-a931ccd2d47f/datanode-0/data/ratis/e5e9271d-f81c-4830-8188-874c735bb2c6 does not exist. Creating ...
2019-09-25 11:43:57,668 [pool-27-thread-1] INFO  storage.RaftStorageDirectory (RaftStorageDirectory.java:tryLock(328)) - Lock on /workdir/hadoop-ozone/integration-test/target/test-dir/MiniOzoneClusterImpl-a207e20c-42ee-4864-92cb-a931ccd2d47f/datanode-0/data/ratis/e5e9271d-f81c-4830-8188-874c735bb2c6/in_use.lock acquired by nodename 9579@pr-hdds-1569-5gmkr-4255264070
2019-09-25 11:43:57,681 [pool-27-thread-1] INFO  storage.RaftStorage (RaftStorage.java:format(72)) - Storage directory /workdir/hadoop-ozone/integration-test/target/test-dir/MiniOzoneClusterImpl-a207e20c-42ee-4864-92cb-a931ccd2d47f/datanode-0/data/ratis/e5e9271d-f81c-4830-8188-874c735bb2c6 has been successfully formatted.
2019-09-25 11:43:57,682 [pool-27-thread-1] INFO  ratis.ContainerStateMachine (ContainerStateMachine.java:loadSnapshot(230)) - group-874C735BB2C6: The snapshot info is null. Setting the last applied indexto:(t:0, i:~)
2019-09-25 11:43:57,682 [pool-27-thread-1] INFO  server.RaftServerConfigKeys (ConfUtils.java:logGet(43)) - raft.server.notification.no-leader.timeout = 120s (custom)
2019-09-25 11:43:57,682 [pool-27-thread-1] INFO  server.RaftServerConfigKeys (ConfUtils.java:logGet(43)) - raft.server.log.use.memory = false (default)
2019-09-25 11:43:57,682 [pool-27-thread-1] INFO  server.RaftServerConfigKeys (ConfUtils.java:logGet(43)) - raft.server.log.purge.gap = 1000000 (custom)
2019-09-25 11:43:57,682 [pool-27-thread-1] INFO  server.RaftServerConfigKeys (ConfUtils.java:logGet(43)) - raft.server.log.appender.buffer.byte-limit = 33554432 (custom)
2019-09-25 11:43:57,683 [pool-27-thread-1] INFO  server.RaftServerConfigKeys (ConfUtils.java:logGet(43)) - raft.server.log.segment.size.max = 1048576 (custom)
2019-09-25 11:43:57,683 [pool-27-thread-1] INFO  server.RaftServerConfigKeys (ConfUtils.java:logGet(43)) - raft.server.log.segment.cache.num.max = 2 (custom)
2019-09-25 11:43:57,683 [pool-27-thread-1] INFO  segmented.SegmentedRaftLogWorker (SegmentedRaftLogWorker.java:<init>(172)) - new e0e6d57f-f91e-4ea8-aa2d-63ea10a38e43@group-874C735BB2C6-SegmentedRaftLogWorker for RaftStorage:Storage Directory /workdir/hadoop-ozone/integration-test/target/test-dir/MiniOzoneClusterImpl-a207e20c-42ee-4864-92cb-a931ccd2d47f/datanode-0/data/ratis/e5e9271d-f81c-4830-8188-874c735bb2c6
2019-09-25 11:43:57,683 [pool-27-thread-1] INFO  server.RaftServerConfigKeys (ConfUtils.java:logGet(43)) - raft.server.log.queue.byte-limit = 2147483647 (custom)
2019-09-25 11:43:57,683 [pool-27-thread-1] INFO  server.RaftServerConfigKeys (ConfUtils.java:logGet(43)) - raft.server.log.queue.element-limit = 1024 (custom)
2019-09-25 11:43:57,683 [pool-27-thread-1] INFO  server.RaftServerConfigKeys (ConfUtils.java:logGet(43)) - raft.server.log.segment.size.max = 1048576 (custom)
2019-09-25 11:43:57,683 [pool-27-thread-1] INFO  server.RaftServerConfigKeys (ConfUtils.java:logGet(43)) - raft.server.log.preallocated.size = 16384 (custom)
2019-09-25 11:43:57,684 [pool-27-thread-1] INFO  server.RaftServerConfigKeys (ConfUtils.java:logGet(43)) - raft.server.log.write.buffer.size = 33554432 (custom)
2019-09-25 11:43:57,684 [pool-27-thread-1] INFO  server.RaftServerConfigKeys (ConfUtils.java:logGet(43)) - raft.server.log.force.sync.num = 128 (default)
2019-09-25 11:43:57,684 [pool-27-thread-1] INFO  server.RaftServerConfigKeys (ConfUtils.java:logGet(43)) - raft.server.log.statemachine.data.sync = true (default)
2019-09-25 11:43:57,684 [pool-27-thread-1] INFO  server.RaftServerConfigKeys (ConfUtils.java:logGet(43)) - raft.server.log.statemachine.data.sync.timeout = 10s (default)
2019-09-25 11:43:57,684 [pool-27-thread-1] INFO  server.RaftServerConfigKeys (ConfUtils.java:logGet(43)) - raft.server.log.statemachine.data.sync.timeout.retry = -1 (default)
2019-09-25 11:43:57,684 [pool-27-thread-1] INFO  server.RaftServerConfigKeys (ConfUtils.java:logGet(43)) - raft.server.log.statemachine.data.caching.enabled = true (custom)
2019-09-25 11:43:57,685 [pool-27-thread-1] INFO  segmented.SegmentedRaftLogWorker (SegmentedRaftLogWorker.java:lambda$new$0(132)) - e0e6d57f-f91e-4ea8-aa2d-63ea10a38e43@group-874C735BB2C6-SegmentedRaftLogWorker: flushIndex: setUnconditionally 0 -> -1
2019-09-25 11:43:57,685 [pool-27-thread-1] INFO  server.RaftServerConfigKeys (ConfUtils.java:logGet(43)) - raft.server.snapshot.auto.trigger.enabled = true (custom)
2019-09-25 11:43:57,685 [pool-27-thread-1] INFO  server.RaftServerConfigKeys (ConfUtils.java:logGet(43)) - raft.server.snapshot.auto.trigger.threshold = 10000 (custom)
2019-09-25 11:43:57,685 [pool-27-thread-1] INFO  server.RaftServerConfigKeys (ConfUtils.java:logGet(43)) - raft.server.snapshot.retention.num.files = 5 (custom)
2019-09-25 11:43:57,686 [pool-27-thread-1] INFO  server.RaftServerConfigKeys (ConfUtils.java:logGet(43)) - raft.server.retrycache.expirytime = 600000ms (custom)
2019-09-25 11:43:57,690 [pool-27-thread-1] INFO  impl.RaftServerImpl (RaftServerImpl.java:start(185)) - e0e6d57f-f91e-4ea8-aa2d-63ea10a38e43@group-874C735BB2C6: start as a follower, conf=-1: [e0e6d57f-f91e-4ea8-aa2d-63ea10a38e43:192.168.30.6:37819], old=null
2019-09-25 11:43:57,690 [pool-27-thread-1] INFO  impl.RaftServerImpl (RaftServerImpl.java:setRole(174)) - e0e6d57f-f91e-4ea8-aa2d-63ea10a38e43@group-874C735BB2C6: changes role from      null to FOLLOWER at term 0 for startAsFollower
2019-09-25 11:43:57,690 [pool-27-thread-1] INFO  impl.RoleInfo (RoleInfo.java:updateAndGet(143)) - e0e6d57f-f91e-4ea8-aa2d-63ea10a38e43: start FollowerState
2019-09-25 11:43:57,690 [pool-27-thread-1] INFO  util.JmxRegister (JmxRegister.java:tryRegister(44)) - Successfully registered JMX Bean with object name Ratis:service=RaftServer,group=group-874C735BB2C6,id=e0e6d57f-f91e-4ea8-aa2d-63ea10a38e43
2019-09-25 11:43:57,703 [RatisPipelineUtilsThread] INFO  pipeline.PipelineStateManager (PipelineStateManager.java:addPipeline(56)) - Created pipeline Pipeline[ Id: e5e9271d-f81c-4830-8188-874c735bb2c6, Nodes: e0e6d57f-f91e-4ea8-aa2d-63ea10a38e43{ip: 192.168.30.6, host: pr-hdds-1569-5gmkr-4255264070, networkLocation: /default-rack, certSerialId: null}, Type:RATIS, Factor:ONE, State:OPEN]
2019-09-25 11:43:57,719 [grpc-default-executor-0] INFO  impl.RaftServerProxy (RaftServerProxy.java:addNew(89)) - 0b0def17-0118-466c-b8b3-e46885956633: addNew group-1ED2E77B1FA3:[0b0def17-0118-466c-b8b3-e46885956633:192.168.30.6:44389] returns group-1ED2E77B1FA3:java.util.concurrent.CompletableFuture@444722f4[Not completed]
2019-09-25 11:43:57,721 [pool-37-thread-1] INFO  impl.RaftServerImpl (RaftServerImpl.java:<init>(95)) - 0b0def17-0118-466c-b8b3-e46885956633: new RaftServerImpl for group-1ED2E77B1FA3:[0b0def17-0118-466c-b8b3-e46885956633:192.168.30.6:44389] with ContainerStateMachine:uninitialized
2019-09-25 11:43:57,721 [pool-37-thread-1] INFO  server.RaftServerConfigKeys (ConfUtils.java:logGet(43)) - raft.server.rpc.timeout.min = 5s (custom)
2019-09-25 11:43:57,722 [pool-37-thread-1] INFO  server.RaftServerConfigKeys (ConfUtils.java:logGet(43)) - raft.server.rpc.timeout.max = 5200ms (custom)
2019-09-25 11:43:57,722 [pool-37-thread-1] INFO  server.RaftServerConfigKeys (ConfUtils.java:logGet(43)) - raft.server.rpcslowness.timeout = 120s (custom)
2019-09-25 11:43:57,722 [pool-37-thread-1] INFO  server.RaftServerConfigKeys (ConfUtils.java:logGet(43)) - raft.server.sleep.deviation.threshold = 300 (default)
2019-09-25 11:43:57,722 [pool-37-thread-1] INFO  server.RaftServerConfigKeys (ConfUtils.java:logGet(43)) - raft.server.log.appender.install.snapshot.enabled = false (custom)
2019-09-25 11:43:57,722 [pool-37-thread-1] INFO  impl.RaftServerImpl (ServerState.java:<init>(103)) - 0b0def17-0118-466c-b8b3-e46885956633@group-1ED2E77B1FA3: ConfigurationManager, init=-1: [0b0def17-0118-466c-b8b3-e46885956633:192.168.30.6:44389], old=null, confs=<EMPTY_MAP>
2019-09-25 11:43:57,722 [pool-37-thread-1] INFO  server.RaftServerConfigKeys (ConfUtils.java:logGet(43)) - raft.server.storage.dir = [/workdir/hadoop-ozone/integration-test/target/test-dir/MiniOzoneClusterImpl-a207e20c-42ee-4864-92cb-a931ccd2d47f/datanode-1/data/ratis] (custom)
2019-09-25 11:43:57,723 [pool-37-thread-1] INFO  storage.RaftStorageDirectory (RaftStorageDirectory.java:analyzeStorage(246)) - The storage directory /workdir/hadoop-ozone/integration-test/target/test-dir/MiniOzoneClusterImpl-a207e20c-42ee-4864-92cb-a931ccd2d47f/datanode-1/data/ratis/fd5c11a5-4b6f-4283-8fea-1ed2e77b1fa3 does not exist. Creating ...
2019-09-25 11:43:57,736 [pool-37-thread-1] INFO  storage.RaftStorageDirectory (RaftStorageDirectory.java:tryLock(328)) - Lock on /workdir/hadoop-ozone/integration-test/target/test-dir/MiniOzoneClusterImpl-a207e20c-42ee-4864-92cb-a931ccd2d47f/datanode-1/data/ratis/fd5c11a5-4b6f-4283-8fea-1ed2e77b1fa3/in_use.lock acquired by nodename 9579@pr-hdds-1569-5gmkr-4255264070
2019-09-25 11:43:57,749 [pool-37-thread-1] INFO  storage.RaftStorage (RaftStorage.java:format(72)) - Storage directory /workdir/hadoop-ozone/integration-test/target/test-dir/MiniOzoneClusterImpl-a207e20c-42ee-4864-92cb-a931ccd2d47f/datanode-1/data/ratis/fd5c11a5-4b6f-4283-8fea-1ed2e77b1fa3 has been successfully formatted.
2019-09-25 11:43:57,749 [pool-37-thread-1] INFO  ratis.ContainerStateMachine (ContainerStateMachine.java:loadSnapshot(230)) - group-1ED2E77B1FA3: The snapshot info is null. Setting the last applied indexto:(t:0, i:~)
2019-09-25 11:43:57,749 [pool-37-thread-1] INFO  server.RaftServerConfigKeys (ConfUtils.java:logGet(43)) - raft.server.notification.no-leader.timeout = 120s (custom)
2019-09-25 11:43:57,749 [pool-37-thread-1] INFO  server.RaftServerConfigKeys (ConfUtils.java:logGet(43)) - raft.server.log.use.memory = false (default)
2019-09-25 11:43:57,749 [pool-37-thread-1] INFO  server.RaftServerConfigKeys (ConfUtils.java:logGet(43)) - raft.server.log.purge.gap = 1000000 (custom)
2019-09-25 11:43:57,750 [pool-37-thread-1] INFO  server.RaftServerConfigKeys (ConfUtils.java:logGet(43)) - raft.server.log.appender.buffer.byte-limit = 33554432 (custom)
2019-09-25 11:43:57,750 [pool-37-thread-1] INFO  server.RaftServerConfigKeys (ConfUtils.java:logGet(43)) - raft.server.log.segment.size.max = 1048576 (custom)
2019-09-25 11:43:57,750 [pool-37-thread-1] INFO  server.RaftServerConfigKeys (ConfUtils.java:logGet(43)) - raft.server.log.segment.cache.num.max = 2 (custom)
2019-09-25 11:43:57,750 [pool-37-thread-1] INFO  segmented.SegmentedRaftLogWorker (SegmentedRaftLogWorker.java:<init>(172)) - new 0b0def17-0118-466c-b8b3-e46885956633@group-1ED2E77B1FA3-SegmentedRaftLogWorker for RaftStorage:Storage Directory /workdir/hadoop-ozone/integration-test/target/test-dir/MiniOzoneClusterImpl-a207e20c-42ee-4864-92cb-a931ccd2d47f/datanode-1/data/ratis/fd5c11a5-4b6f-4283-8fea-1ed2e77b1fa3
2019-09-25 11:43:57,750 [pool-37-thread-1] INFO  server.RaftServerConfigKeys (ConfUtils.java:logGet(43)) - raft.server.log.queue.byte-limit = 2147483647 (custom)
2019-09-25 11:43:57,750 [pool-37-thread-1] INFO  server.RaftServerConfigKeys (ConfUtils.java:logGet(43)) - raft.server.log.queue.element-limit = 1024 (custom)
2019-09-25 11:43:57,751 [pool-37-thread-1] INFO  server.RaftServerConfigKeys (ConfUtils.java:logGet(43)) - raft.server.log.segment.size.max = 1048576 (custom)
2019-09-25 11:43:57,751 [pool-37-thread-1] INFO  server.RaftServerConfigKeys (ConfUtils.java:logGet(43)) - raft.server.log.preallocated.size = 16384 (custom)
2019-09-25 11:43:57,751 [pool-37-thread-1] INFO  server.RaftServerConfigKeys (ConfUtils.java:logGet(43)) - raft.server.log.write.buffer.size = 33554432 (custom)
2019-09-25 11:43:57,751 [pool-37-thread-1] INFO  server.RaftServerConfigKeys (ConfUtils.java:logGet(43)) - raft.server.log.force.sync.num = 128 (default)
2019-09-25 11:43:57,751 [pool-37-thread-1] INFO  server.RaftServerConfigKeys (ConfUtils.java:logGet(43)) - raft.server.log.statemachine.data.sync = true (default)
2019-09-25 11:43:57,751 [pool-37-thread-1] INFO  server.RaftServerConfigKeys (ConfUtils.java:logGet(43)) - raft.server.log.statemachine.data.sync.timeout = 10s (default)
2019-09-25 11:43:57,752 [pool-37-thread-1] INFO  server.RaftServerConfigKeys (ConfUtils.java:logGet(43)) - raft.server.log.statemachine.data.sync.timeout.retry = -1 (default)
2019-09-25 11:43:57,752 [pool-37-thread-1] INFO  server.RaftServerConfigKeys (ConfUtils.java:logGet(43)) - raft.server.log.statemachine.data.caching.enabled = true (custom)
2019-09-25 11:43:57,752 [pool-37-thread-1] INFO  segmented.SegmentedRaftLogWorker (SegmentedRaftLogWorker.java:lambda$new$0(132)) - 0b0def17-0118-466c-b8b3-e46885956633@group-1ED2E77B1FA3-SegmentedRaftLogWorker: flushIndex: setUnconditionally 0 -> -1
2019-09-25 11:43:57,752 [pool-37-thread-1] INFO  server.RaftServerConfigKeys (ConfUtils.java:logGet(43)) - raft.server.snapshot.auto.trigger.enabled = true (custom)
2019-09-25 11:43:57,753 [pool-37-thread-1] INFO  server.RaftServerConfigKeys (ConfUtils.java:logGet(43)) - raft.server.snapshot.auto.trigger.threshold = 10000 (custom)
2019-09-25 11:43:57,753 [pool-37-thread-1] INFO  server.RaftServerConfigKeys (ConfUtils.java:logGet(43)) - raft.server.snapshot.retention.num.files = 5 (custom)
2019-09-25 11:43:57,753 [pool-37-thread-1] INFO  server.RaftServerConfigKeys (ConfUtils.java:logGet(43)) - raft.server.retrycache.expirytime = 600000ms (custom)
2019-09-25 11:43:57,757 [pool-37-thread-1] INFO  impl.RaftServerImpl (RaftServerImpl.java:start(185)) - 0b0def17-0118-466c-b8b3-e46885956633@group-1ED2E77B1FA3: start as a follower, conf=-1: [0b0def17-0118-466c-b8b3-e46885956633:192.168.30.6:44389], old=null
2019-09-25 11:43:57,757 [pool-37-thread-1] INFO  impl.RaftServerImpl (RaftServerImpl.java:setRole(174)) - 0b0def17-0118-466c-b8b3-e46885956633@group-1ED2E77B1FA3: changes role from      null to FOLLOWER at term 0 for startAsFollower
2019-09-25 11:43:57,757 [pool-37-thread-1] INFO  impl.RoleInfo (RoleInfo.java:updateAndGet(143)) - 0b0def17-0118-466c-b8b3-e46885956633: start FollowerState
2019-09-25 11:43:57,758 [pool-37-thread-1] INFO  util.JmxRegister (JmxRegister.java:tryRegister(44)) - Successfully registered JMX Bean with object name Ratis:service=RaftServer,group=group-1ED2E77B1FA3,id=0b0def17-0118-466c-b8b3-e46885956633
2019-09-25 11:43:57,768 [RatisPipelineUtilsThread] INFO  pipeline.PipelineStateManager (PipelineStateManager.java:addPipeline(56)) - Created pipeline Pipeline[ Id: fd5c11a5-4b6f-4283-8fea-1ed2e77b1fa3, Nodes: 0b0def17-0118-466c-b8b3-e46885956633{ip: 192.168.30.6, host: pr-hdds-1569-5gmkr-4255264070, networkLocation: /default-rack, certSerialId: null}, Type:RATIS, Factor:ONE, State:OPEN]
2019-09-25 11:43:57,788 [grpc-default-executor-0] INFO  impl.RaftServerProxy (RaftServerProxy.java:addNew(89)) - 23446a0b-162d-43e0-a8ad-af938e24e577: addNew group-D0C78356D666:[23446a0b-162d-43e0-a8ad-af938e24e577:192.168.30.6:41601] returns group-D0C78356D666:java.util.concurrent.CompletableFuture@582fb5aa[Not completed]
2019-09-25 11:43:57,789 [pool-47-thread-1] INFO  impl.RaftServerImpl (RaftServerImpl.java:<init>(95)) - 23446a0b-162d-43e0-a8ad-af938e24e577: new RaftServerImpl for group-D0C78356D666:[23446a0b-162d-43e0-a8ad-af938e24e577:192.168.30.6:41601] with ContainerStateMachine:uninitialized
2019-09-25 11:43:57,790 [pool-47-thread-1] INFO  server.RaftServerConfigKeys (ConfUtils.java:logGet(43)) - raft.server.rpc.timeout.min = 5s (custom)
2019-09-25 11:43:57,790 [pool-47-thread-1] INFO  server.RaftServerConfigKeys (ConfUtils.java:logGet(43)) - raft.server.rpc.timeout.max = 5200ms (custom)
2019-09-25 11:43:57,790 [pool-47-thread-1] INFO  server.RaftServerConfigKeys (ConfUtils.java:logGet(43)) - raft.server.rpcslowness.timeout = 120s (custom)
2019-09-25 11:43:57,790 [pool-47-thread-1] INFO  server.RaftServerConfigKeys (ConfUtils.java:logGet(43)) - raft.server.sleep.deviation.threshold = 300 (default)
2019-09-25 11:43:57,790 [pool-47-thread-1] INFO  server.RaftServerConfigKeys (ConfUtils.java:logGet(43)) - raft.server.log.appender.install.snapshot.enabled = false (custom)
2019-09-25 11:43:57,790 [pool-47-thread-1] INFO  impl.RaftServerImpl (ServerState.java:<init>(103)) - 23446a0b-162d-43e0-a8ad-af938e24e577@group-D0C78356D666: ConfigurationManager, init=-1: [23446a0b-162d-43e0-a8ad-af938e24e577:192.168.30.6:41601], old=null, confs=<EMPTY_MAP>
2019-09-25 11:43:57,790 [pool-47-thread-1] INFO  server.RaftServerConfigKeys (ConfUtils.java:logGet(43)) - raft.server.storage.dir = [/workdir/hadoop-ozone/integration-test/target/test-dir/MiniOzoneClusterImpl-a207e20c-42ee-4864-92cb-a931ccd2d47f/datanode-2/data/ratis] (custom)
2019-09-25 11:43:57,791 [pool-47-thread-1] INFO  storage.RaftStorageDirectory (RaftStorageDirectory.java:analyzeStorage(246)) - The storage directory /workdir/hadoop-ozone/integration-test/target/test-dir/MiniOzoneClusterImpl-a207e20c-42ee-4864-92cb-a931ccd2d47f/datanode-2/data/ratis/b8a26af9-eec9-46a5-bb5a-d0c78356d666 does not exist. Creating ...
2019-09-25 11:43:57,804 [pool-47-thread-1] INFO  storage.RaftStorageDirectory (RaftStorageDirectory.java:tryLock(328)) - Lock on /workdir/hadoop-ozone/integration-test/target/test-dir/MiniOzoneClusterImpl-a207e20c-42ee-4864-92cb-a931ccd2d47f/datanode-2/data/ratis/b8a26af9-eec9-46a5-bb5a-d0c78356d666/in_use.lock acquired by nodename 9579@pr-hdds-1569-5gmkr-4255264070
2019-09-25 11:43:57,827 [pool-47-thread-1] INFO  storage.RaftStorage (RaftStorage.java:format(72)) - Storage directory /workdir/hadoop-ozone/integration-test/target/test-dir/MiniOzoneClusterImpl-a207e20c-42ee-4864-92cb-a931ccd2d47f/datanode-2/data/ratis/b8a26af9-eec9-46a5-bb5a-d0c78356d666 has been successfully formatted.
2019-09-25 11:43:57,827 [pool-47-thread-1] INFO  ratis.ContainerStateMachine (ContainerStateMachine.java:loadSnapshot(230)) - group-D0C78356D666: The snapshot info is null. Setting the last applied indexto:(t:0, i:~)
2019-09-25 11:43:57,827 [pool-47-thread-1] INFO  server.RaftServerConfigKeys (ConfUtils.java:logGet(43)) - raft.server.notification.no-leader.timeout = 120s (custom)
2019-09-25 11:43:57,827 [pool-47-thread-1] INFO  server.RaftServerConfigKeys (ConfUtils.java:logGet(43)) - raft.server.log.use.memory = false (default)
2019-09-25 11:43:57,827 [pool-47-thread-1] INFO  server.RaftServerConfigKeys (ConfUtils.java:logGet(43)) - raft.server.log.purge.gap = 1000000 (custom)
2019-09-25 11:43:57,828 [pool-47-thread-1] INFO  server.RaftServerConfigKeys (ConfUtils.java:logGet(43)) - raft.server.log.appender.buffer.byte-limit = 33554432 (custom)
2019-09-25 11:43:57,828 [pool-47-thread-1] INFO  server.RaftServerConfigKeys (ConfUtils.java:logGet(43)) - raft.server.log.segment.size.max = 1048576 (custom)
2019-09-25 11:43:57,828 [pool-47-thread-1] INFO  server.RaftServerConfigKeys (ConfUtils.java:logGet(43)) - raft.server.log.segment.cache.num.max = 2 (custom)
2019-09-25 11:43:57,828 [pool-47-thread-1] INFO  segmented.SegmentedRaftLogWorker (SegmentedRaftLogWorker.java:<init>(172)) - new 23446a0b-162d-43e0-a8ad-af938e24e577@group-D0C78356D666-SegmentedRaftLogWorker for RaftStorage:Storage Directory /workdir/hadoop-ozone/integration-test/target/test-dir/MiniOzoneClusterImpl-a207e20c-42ee-4864-92cb-a931ccd2d47f/datanode-2/data/ratis/b8a26af9-eec9-46a5-bb5a-d0c78356d666
2019-09-25 11:43:57,828 [pool-47-thread-1] INFO  server.RaftServerConfigKeys (ConfUtils.java:logGet(43)) - raft.server.log.queue.byte-limit = 2147483647 (custom)
2019-09-25 11:43:57,828 [pool-47-thread-1] INFO  server.RaftServerConfigKeys (ConfUtils.java:logGet(43)) - raft.server.log.queue.element-limit = 1024 (custom)
2019-09-25 11:43:57,828 [pool-47-thread-1] INFO  server.RaftServerConfigKeys (ConfUtils.java:logGet(43)) - raft.server.log.segment.size.max = 1048576 (custom)
2019-09-25 11:43:57,829 [pool-47-thread-1] INFO  server.RaftServerConfigKeys (ConfUtils.java:logGet(43)) - raft.server.log.preallocated.size = 16384 (custom)
2019-09-25 11:43:57,829 [pool-47-thread-1] INFO  server.RaftServerConfigKeys (ConfUtils.java:logGet(43)) - raft.server.log.write.buffer.size = 33554432 (custom)
2019-09-25 11:43:57,829 [pool-47-thread-1] INFO  server.RaftServerConfigKeys (ConfUtils.java:logGet(43)) - raft.server.log.force.sync.num = 128 (default)
2019-09-25 11:43:57,829 [pool-47-thread-1] INFO  server.RaftServerConfigKeys (ConfUtils.java:logGet(43)) - raft.server.log.statemachine.data.sync = true (default)
2019-09-25 11:43:57,829 [pool-47-thread-1] INFO  server.RaftServerConfigKeys (ConfUtils.java:logGet(43)) - raft.server.log.statemachine.data.sync.timeout = 10s (default)
2019-09-25 11:43:57,829 [pool-47-thread-1] INFO  server.RaftServerConfigKeys (ConfUtils.java:logGet(43)) - raft.server.log.statemachine.data.sync.timeout.retry = -1 (default)
2019-09-25 11:43:57,829 [pool-47-thread-1] INFO  server.RaftServerConfigKeys (ConfUtils.java:logGet(43)) - raft.server.log.statemachine.data.caching.enabled = true (custom)
2019-09-25 11:43:57,830 [pool-47-thread-1] INFO  segmented.SegmentedRaftLogWorker (SegmentedRaftLogWorker.java:lambda$new$0(132)) - 23446a0b-162d-43e0-a8ad-af938e24e577@group-D0C78356D666-SegmentedRaftLogWorker: flushIndex: setUnconditionally 0 -> -1
2019-09-25 11:43:57,830 [pool-47-thread-1] INFO  server.RaftServerConfigKeys (ConfUtils.java:logGet(43)) - raft.server.snapshot.auto.trigger.enabled = true (custom)
2019-09-25 11:43:57,830 [pool-47-thread-1] INFO  server.RaftServerConfigKeys (ConfUtils.java:logGet(43)) - raft.server.snapshot.auto.trigger.threshold = 10000 (custom)
2019-09-25 11:43:57,830 [pool-47-thread-1] INFO  server.RaftServerConfigKeys (ConfUtils.java:logGet(43)) - raft.server.snapshot.retention.num.files = 5 (custom)
2019-09-25 11:43:57,830 [pool-47-thread-1] INFO  server.RaftServerConfigKeys (ConfUtils.java:logGet(43)) - raft.server.retrycache.expirytime = 600000ms (custom)
2019-09-25 11:43:57,833 [pool-47-thread-1] INFO  impl.RaftServerImpl (RaftServerImpl.java:start(185)) - 23446a0b-162d-43e0-a8ad-af938e24e577@group-D0C78356D666: start as a follower, conf=-1: [23446a0b-162d-43e0-a8ad-af938e24e577:192.168.30.6:41601], old=null
2019-09-25 11:43:57,833 [pool-47-thread-1] INFO  impl.RaftServerImpl (RaftServerImpl.java:setRole(174)) - 23446a0b-162d-43e0-a8ad-af938e24e577@group-D0C78356D666: changes role from      null to FOLLOWER at term 0 for startAsFollower
2019-09-25 11:43:57,834 [pool-47-thread-1] INFO  impl.RoleInfo (RoleInfo.java:updateAndGet(143)) - 23446a0b-162d-43e0-a8ad-af938e24e577: start FollowerState
2019-09-25 11:43:57,834 [pool-47-thread-1] INFO  util.JmxRegister (JmxRegister.java:tryRegister(44)) - Successfully registered JMX Bean with object name Ratis:service=RaftServer,group=group-D0C78356D666,id=23446a0b-162d-43e0-a8ad-af938e24e577
2019-09-25 11:43:57,847 [RatisPipelineUtilsThread] INFO  pipeline.PipelineStateManager (PipelineStateManager.java:addPipeline(56)) - Created pipeline Pipeline[ Id: b8a26af9-eec9-46a5-bb5a-d0c78356d666, Nodes: 23446a0b-162d-43e0-a8ad-af938e24e577{ip: 192.168.30.6, host: pr-hdds-1569-5gmkr-4255264070, networkLocation: /default-rack, certSerialId: null}, Type:RATIS, Factor:ONE, State:OPEN]
2019-09-25 11:43:57,860 [grpc-default-executor-0] INFO  impl.RaftServerProxy (RaftServerProxy.java:addNew(89)) - e0e6d57f-f91e-4ea8-aa2d-63ea10a38e43: addNew group-FE18201C31F7:[e0e6d57f-f91e-4ea8-aa2d-63ea10a38e43:192.168.30.6:37819] returns group-FE18201C31F7:java.util.concurrent.CompletableFuture@13db7c2a[Not completed]
2019-09-25 11:43:57,862 [pool-27-thread-1] INFO  impl.RaftServerImpl (RaftServerImpl.java:<init>(95)) - e0e6d57f-f91e-4ea8-aa2d-63ea10a38e43: new RaftServerImpl for group-FE18201C31F7:[e0e6d57f-f91e-4ea8-aa2d-63ea10a38e43:192.168.30.6:37819] with ContainerStateMachine:uninitialized
2019-09-25 11:43:57,862 [pool-27-thread-1] INFO  server.RaftServerConfigKeys (ConfUtils.java:logGet(43)) - raft.server.rpc.timeout.min = 5s (custom)
2019-09-25 11:43:57,862 [pool-27-thread-1] INFO  server.RaftServerConfigKeys (ConfUtils.java:logGet(43)) - raft.server.rpc.timeout.max = 5200ms (custom)
2019-09-25 11:43:57,862 [pool-27-thread-1] INFO  server.RaftServerConfigKeys (ConfUtils.java:logGet(43)) - raft.server.rpcslowness.timeout = 120s (custom)
2019-09-25 11:43:57,862 [pool-27-thread-1] INFO  server.RaftServerConfigKeys (ConfUtils.java:logGet(43)) - raft.server.sleep.deviation.threshold = 300 (default)
2019-09-25 11:43:57,862 [pool-27-thread-1] INFO  server.RaftServerConfigKeys (ConfUtils.java:logGet(43)) - raft.server.log.appender.install.snapshot.enabled = false (custom)
2019-09-25 11:43:57,863 [pool-27-thread-1] INFO  impl.RaftServerImpl (ServerState.java:<init>(103)) - e0e6d57f-f91e-4ea8-aa2d-63ea10a38e43@group-FE18201C31F7: ConfigurationManager, init=-1: [e0e6d57f-f91e-4ea8-aa2d-63ea10a38e43:192.168.30.6:37819], old=null, confs=<EMPTY_MAP>
2019-09-25 11:43:57,863 [pool-27-thread-1] INFO  server.RaftServerConfigKeys (ConfUtils.java:logGet(43)) - raft.server.storage.dir = [/workdir/hadoop-ozone/integration-test/target/test-dir/MiniOzoneClusterImpl-a207e20c-42ee-4864-92cb-a931ccd2d47f/datanode-0/data/ratis] (custom)
2019-09-25 11:43:57,863 [pool-27-thread-1] INFO  storage.RaftStorageDirectory (RaftStorageDirectory.java:analyzeStorage(246)) - The storage directory /workdir/hadoop-ozone/integration-test/target/test-dir/MiniOzoneClusterImpl-a207e20c-42ee-4864-92cb-a931ccd2d47f/datanode-0/data/ratis/893d6e87-ed6e-4611-8c42-fe18201c31f7 does not exist. Creating ...
2019-09-25 11:43:57,876 [pool-27-thread-1] INFO  storage.RaftStorageDirectory (RaftStorageDirectory.java:tryLock(328)) - Lock on /workdir/hadoop-ozone/integration-test/target/test-dir/MiniOzoneClusterImpl-a207e20c-42ee-4864-92cb-a931ccd2d47f/datanode-0/data/ratis/893d6e87-ed6e-4611-8c42-fe18201c31f7/in_use.lock acquired by nodename 9579@pr-hdds-1569-5gmkr-4255264070
2019-09-25 11:43:57,889 [pool-27-thread-1] INFO  storage.RaftStorage (RaftStorage.java:format(72)) - Storage directory /workdir/hadoop-ozone/integration-test/target/test-dir/MiniOzoneClusterImpl-a207e20c-42ee-4864-92cb-a931ccd2d47f/datanode-0/data/ratis/893d6e87-ed6e-4611-8c42-fe18201c31f7 has been successfully formatted.
2019-09-25 11:43:57,889 [pool-27-thread-1] INFO  ratis.ContainerStateMachine (ContainerStateMachine.java:loadSnapshot(230)) - group-FE18201C31F7: The snapshot info is null. Setting the last applied indexto:(t:0, i:~)
2019-09-25 11:43:57,890 [pool-27-thread-1] INFO  server.RaftServerConfigKeys (ConfUtils.java:logGet(43)) - raft.server.notification.no-leader.timeout = 120s (custom)
2019-09-25 11:43:57,890 [pool-27-thread-1] INFO  server.RaftServerConfigKeys (ConfUtils.java:logGet(43)) - raft.server.log.use.memory = false (default)
2019-09-25 11:43:57,890 [pool-27-thread-1] INFO  server.RaftServerConfigKeys (ConfUtils.java:logGet(43)) - raft.server.log.purge.gap = 1000000 (custom)
2019-09-25 11:43:57,890 [pool-27-thread-1] INFO  server.RaftServerConfigKeys (ConfUtils.java:logGet(43)) - raft.server.log.appender.buffer.byte-limit = 33554432 (custom)
2019-09-25 11:43:57,890 [pool-27-thread-1] INFO  server.RaftServerConfigKeys (ConfUtils.java:logGet(43)) - raft.server.log.segment.size.max = 1048576 (custom)
2019-09-25 11:43:57,890 [pool-27-thread-1] INFO  server.RaftServerConfigKeys (ConfUtils.java:logGet(43)) - raft.server.log.segment.cache.num.max = 2 (custom)
2019-09-25 11:43:57,890 [pool-27-thread-1] INFO  segmented.SegmentedRaftLogWorker (SegmentedRaftLogWorker.java:<init>(172)) - new e0e6d57f-f91e-4ea8-aa2d-63ea10a38e43@group-FE18201C31F7-SegmentedRaftLogWorker for RaftStorage:Storage Directory /workdir/hadoop-ozone/integration-test/target/test-dir/MiniOzoneClusterImpl-a207e20c-42ee-4864-92cb-a931ccd2d47f/datanode-0/data/ratis/893d6e87-ed6e-4611-8c42-fe18201c31f7
2019-09-25 11:43:57,890 [pool-27-thread-1] INFO  server.RaftServerConfigKeys (ConfUtils.java:logGet(43)) - raft.server.log.queue.byte-limit = 2147483647 (custom)
2019-09-25 11:43:57,891 [pool-27-thread-1] INFO  server.RaftServerConfigKeys (ConfUtils.java:logGet(43)) - raft.server.log.queue.element-limit = 1024 (custom)
2019-09-25 11:43:57,891 [pool-27-thread-1] INFO  server.RaftServerConfigKeys (ConfUtils.java:logGet(43)) - raft.server.log.segment.size.max = 1048576 (custom)
2019-09-25 11:43:57,891 [pool-27-thread-1] INFO  server.RaftServerConfigKeys (ConfUtils.java:logGet(43)) - raft.server.log.preallocated.size = 16384 (custom)
2019-09-25 11:43:57,891 [pool-27-thread-1] INFO  server.RaftServerConfigKeys (ConfUtils.java:logGet(43)) - raft.server.log.write.buffer.size = 33554432 (custom)
2019-09-25 11:43:57,891 [pool-27-thread-1] INFO  server.RaftServerConfigKeys (ConfUtils.java:logGet(43)) - raft.server.log.force.sync.num = 128 (default)
2019-09-25 11:43:57,891 [pool-27-thread-1] INFO  server.RaftServerConfigKeys (ConfUtils.java:logGet(43)) - raft.server.log.statemachine.data.sync = true (default)
2019-09-25 11:43:57,891 [pool-27-thread-1] INFO  server.RaftServerConfigKeys (ConfUtils.java:logGet(43)) - raft.server.log.statemachine.data.sync.timeout = 10s (default)
2019-09-25 11:43:57,891 [pool-27-thread-1] INFO  server.RaftServerConfigKeys (ConfUtils.java:logGet(43)) - raft.server.log.statemachine.data.sync.timeout.retry = -1 (default)
2019-09-25 11:43:57,892 [pool-27-thread-1] INFO  server.RaftServerConfigKeys (ConfUtils.java:logGet(43)) - raft.server.log.statemachine.data.caching.enabled = true (custom)
2019-09-25 11:43:57,892 [pool-27-thread-1] INFO  segmented.SegmentedRaftLogWorker (SegmentedRaftLogWorker.java:lambda$new$0(132)) - e0e6d57f-f91e-4ea8-aa2d-63ea10a38e43@group-FE18201C31F7-SegmentedRaftLogWorker: flushIndex: setUnconditionally 0 -> -1
2019-09-25 11:43:57,892 [pool-27-thread-1] INFO  server.RaftServerConfigKeys (ConfUtils.java:logGet(43)) - raft.server.snapshot.auto.trigger.enabled = true (custom)
2019-09-25 11:43:57,892 [pool-27-thread-1] INFO  server.RaftServerConfigKeys (ConfUtils.java:logGet(43)) - raft.server.snapshot.auto.trigger.threshold = 10000 (custom)
2019-09-25 11:43:57,892 [pool-27-thread-1] INFO  server.RaftServerConfigKeys (ConfUtils.java:logGet(43)) - raft.server.snapshot.retention.num.files = 5 (custom)
2019-09-25 11:43:57,893 [pool-27-thread-1] INFO  server.RaftServerConfigKeys (ConfUtils.java:logGet(43)) - raft.server.retrycache.expirytime = 600000ms (custom)
2019-09-25 11:43:57,895 [pool-27-thread-1] INFO  impl.RaftServerImpl (RaftServerImpl.java:start(185)) - e0e6d57f-f91e-4ea8-aa2d-63ea10a38e43@group-FE18201C31F7: start as a follower, conf=-1: [e0e6d57f-f91e-4ea8-aa2d-63ea10a38e43:192.168.30.6:37819], old=null
2019-09-25 11:43:57,895 [pool-27-thread-1] INFO  impl.RaftServerImpl (RaftServerImpl.java:setRole(174)) - e0e6d57f-f91e-4ea8-aa2d-63ea10a38e43@group-FE18201C31F7: changes role from      null to FOLLOWER at term 0 for startAsFollower
2019-09-25 11:43:57,895 [pool-27-thread-1] INFO  impl.RoleInfo (RoleInfo.java:updateAndGet(143)) - e0e6d57f-f91e-4ea8-aa2d-63ea10a38e43: start FollowerState
2019-09-25 11:43:57,896 [pool-27-thread-1] INFO  util.JmxRegister (JmxRegister.java:tryRegister(44)) - Successfully registered JMX Bean with object name Ratis:service=RaftServer,group=group-FE18201C31F7,id=e0e6d57f-f91e-4ea8-aa2d-63ea10a38e43
2019-09-25 11:43:57,906 [RatisPipelineUtilsThread] INFO  pipeline.PipelineStateManager (PipelineStateManager.java:addPipeline(56)) - Created pipeline Pipeline[ Id: 893d6e87-ed6e-4611-8c42-fe18201c31f7, Nodes: e0e6d57f-f91e-4ea8-aa2d-63ea10a38e43{ip: 192.168.30.6, host: pr-hdds-1569-5gmkr-4255264070, networkLocation: /default-rack, certSerialId: null}, Type:RATIS, Factor:ONE, State:OPEN]
2019-09-25 11:43:57,918 [grpc-default-executor-0] INFO  impl.RaftServerProxy (RaftServerProxy.java:addNew(89)) - 23446a0b-162d-43e0-a8ad-af938e24e577: addNew group-1180C5EFE106:[23446a0b-162d-43e0-a8ad-af938e24e577:192.168.30.6:41601] returns group-1180C5EFE106:java.util.concurrent.CompletableFuture@2d64c16c[Not completed]
2019-09-25 11:43:57,920 [pool-47-thread-1] INFO  impl.RaftServerImpl (RaftServerImpl.java:<init>(95)) - 23446a0b-162d-43e0-a8ad-af938e24e577: new RaftServerImpl for group-1180C5EFE106:[23446a0b-162d-43e0-a8ad-af938e24e577:192.168.30.6:41601] with ContainerStateMachine:uninitialized
2019-09-25 11:43:57,920 [pool-47-thread-1] INFO  server.RaftServerConfigKeys (ConfUtils.java:logGet(43)) - raft.server.rpc.timeout.min = 5s (custom)
2019-09-25 11:43:57,920 [pool-47-thread-1] INFO  server.RaftServerConfigKeys (ConfUtils.java:logGet(43)) - raft.server.rpc.timeout.max = 5200ms (custom)
2019-09-25 11:43:57,920 [pool-47-thread-1] INFO  server.RaftServerConfigKeys (ConfUtils.java:logGet(43)) - raft.server.rpcslowness.timeout = 120s (custom)
2019-09-25 11:43:57,920 [pool-47-thread-1] INFO  server.RaftServerConfigKeys (ConfUtils.java:logGet(43)) - raft.server.sleep.deviation.threshold = 300 (default)
2019-09-25 11:43:57,920 [pool-47-thread-1] INFO  server.RaftServerConfigKeys (ConfUtils.java:logGet(43)) - raft.server.log.appender.install.snapshot.enabled = false (custom)
2019-09-25 11:43:57,920 [pool-47-thread-1] INFO  impl.RaftServerImpl (ServerState.java:<init>(103)) - 23446a0b-162d-43e0-a8ad-af938e24e577@group-1180C5EFE106: ConfigurationManager, init=-1: [23446a0b-162d-43e0-a8ad-af938e24e577:192.168.30.6:41601], old=null, confs=<EMPTY_MAP>
2019-09-25 11:43:57,921 [pool-47-thread-1] INFO  server.RaftServerConfigKeys (ConfUtils.java:logGet(43)) - raft.server.storage.dir = [/workdir/hadoop-ozone/integration-test/target/test-dir/MiniOzoneClusterImpl-a207e20c-42ee-4864-92cb-a931ccd2d47f/datanode-2/data/ratis] (custom)
2019-09-25 11:43:57,921 [pool-47-thread-1] INFO  storage.RaftStorageDirectory (RaftStorageDirectory.java:analyzeStorage(246)) - The storage directory /workdir/hadoop-ozone/integration-test/target/test-dir/MiniOzoneClusterImpl-a207e20c-42ee-4864-92cb-a931ccd2d47f/datanode-2/data/ratis/8ca2cbcb-7229-4769-8c70-1180c5efe106 does not exist. Creating ...
2019-09-25 11:43:57,934 [pool-47-thread-1] INFO  storage.RaftStorageDirectory (RaftStorageDirectory.java:tryLock(328)) - Lock on /workdir/hadoop-ozone/integration-test/target/test-dir/MiniOzoneClusterImpl-a207e20c-42ee-4864-92cb-a931ccd2d47f/datanode-2/data/ratis/8ca2cbcb-7229-4769-8c70-1180c5efe106/in_use.lock acquired by nodename 9579@pr-hdds-1569-5gmkr-4255264070
2019-09-25 11:43:57,947 [pool-47-thread-1] INFO  storage.RaftStorage (RaftStorage.java:format(72)) - Storage directory /workdir/hadoop-ozone/integration-test/target/test-dir/MiniOzoneClusterImpl-a207e20c-42ee-4864-92cb-a931ccd2d47f/datanode-2/data/ratis/8ca2cbcb-7229-4769-8c70-1180c5efe106 has been successfully formatted.
2019-09-25 11:43:57,947 [pool-47-thread-1] INFO  ratis.ContainerStateMachine (ContainerStateMachine.java:loadSnapshot(230)) - group-1180C5EFE106: The snapshot info is null. Setting the last applied indexto:(t:0, i:~)
2019-09-25 11:43:57,948 [pool-47-thread-1] INFO  server.RaftServerConfigKeys (ConfUtils.java:logGet(43)) - raft.server.notification.no-leader.timeout = 120s (custom)
2019-09-25 11:43:57,948 [pool-47-thread-1] INFO  server.RaftServerConfigKeys (ConfUtils.java:logGet(43)) - raft.server.log.use.memory = false (default)
2019-09-25 11:43:57,948 [pool-47-thread-1] INFO  server.RaftServerConfigKeys (ConfUtils.java:logGet(43)) - raft.server.log.purge.gap = 1000000 (custom)
2019-09-25 11:43:57,948 [pool-47-thread-1] INFO  server.RaftServerConfigKeys (ConfUtils.java:logGet(43)) - raft.server.log.appender.buffer.byte-limit = 33554432 (custom)
2019-09-25 11:43:57,948 [pool-47-thread-1] INFO  server.RaftServerConfigKeys (ConfUtils.java:logGet(43)) - raft.server.log.segment.size.max = 1048576 (custom)
2019-09-25 11:43:57,948 [pool-47-thread-1] INFO  server.RaftServerConfigKeys (ConfUtils.java:logGet(43)) - raft.server.log.segment.cache.num.max = 2 (custom)
2019-09-25 11:43:57,948 [pool-47-thread-1] INFO  segmented.SegmentedRaftLogWorker (SegmentedRaftLogWorker.java:<init>(172)) - new 23446a0b-162d-43e0-a8ad-af938e24e577@group-1180C5EFE106-SegmentedRaftLogWorker for RaftStorage:Storage Directory /workdir/hadoop-ozone/integration-test/target/test-dir/MiniOzoneClusterImpl-a207e20c-42ee-4864-92cb-a931ccd2d47f/datanode-2/data/ratis/8ca2cbcb-7229-4769-8c70-1180c5efe106
2019-09-25 11:43:57,948 [pool-47-thread-1] INFO  server.RaftServerConfigKeys (ConfUtils.java:logGet(43)) - raft.server.log.queue.byte-limit = 2147483647 (custom)
2019-09-25 11:43:57,949 [pool-47-thread-1] INFO  server.RaftServerConfigKeys (ConfUtils.java:logGet(43)) - raft.server.log.queue.element-limit = 1024 (custom)
2019-09-25 11:43:57,949 [pool-47-thread-1] INFO  server.RaftServerConfigKeys (ConfUtils.java:logGet(43)) - raft.server.log.segment.size.max = 1048576 (custom)
2019-09-25 11:43:57,949 [pool-47-thread-1] INFO  server.RaftServerConfigKeys (ConfUtils.java:logGet(43)) - raft.server.log.preallocated.size = 16384 (custom)
2019-09-25 11:43:57,949 [pool-47-thread-1] INFO  server.RaftServerConfigKeys (ConfUtils.java:logGet(43)) - raft.server.log.write.buffer.size = 33554432 (custom)
2019-09-25 11:43:57,949 [pool-47-thread-1] INFO  server.RaftServerConfigKeys (ConfUtils.java:logGet(43)) - raft.server.log.force.sync.num = 128 (default)
2019-09-25 11:43:57,949 [pool-47-thread-1] INFO  server.RaftServerConfigKeys (ConfUtils.java:logGet(43)) - raft.server.log.statemachine.data.sync = true (default)
2019-09-25 11:43:57,949 [pool-47-thread-1] INFO  server.RaftServerConfigKeys (ConfUtils.java:logGet(43)) - raft.server.log.statemachine.data.sync.timeout = 10s (default)
2019-09-25 11:43:57,949 [pool-47-thread-1] INFO  server.RaftServerConfigKeys (ConfUtils.java:logGet(43)) - raft.server.log.statemachine.data.sync.timeout.retry = -1 (default)
2019-09-25 11:43:57,950 [pool-47-thread-1] INFO  server.RaftServerConfigKeys (ConfUtils.java:logGet(43)) - raft.server.log.statemachine.data.caching.enabled = true (custom)
2019-09-25 11:43:57,950 [pool-47-thread-1] INFO  segmented.SegmentedRaftLogWorker (SegmentedRaftLogWorker.java:lambda$new$0(132)) - 23446a0b-162d-43e0-a8ad-af938e24e577@group-1180C5EFE106-SegmentedRaftLogWorker: flushIndex: setUnconditionally 0 -> -1
2019-09-25 11:43:57,950 [pool-47-thread-1] INFO  server.RaftServerConfigKeys (ConfUtils.java:logGet(43)) - raft.server.snapshot.auto.trigger.enabled = true (custom)
2019-09-25 11:43:57,950 [pool-47-thread-1] INFO  server.RaftServerConfigKeys (ConfUtils.java:logGet(43)) - raft.server.snapshot.auto.trigger.threshold = 10000 (custom)
2019-09-25 11:43:57,950 [pool-47-thread-1] INFO  server.RaftServerConfigKeys (ConfUtils.java:logGet(43)) - raft.server.snapshot.retention.num.files = 5 (custom)
2019-09-25 11:43:57,950 [pool-47-thread-1] INFO  server.RaftServerConfigKeys (ConfUtils.java:logGet(43)) - raft.server.retrycache.expirytime = 600000ms (custom)
2019-09-25 11:43:57,953 [pool-47-thread-1] INFO  impl.RaftServerImpl (RaftServerImpl.java:start(185)) - 23446a0b-162d-43e0-a8ad-af938e24e577@group-1180C5EFE106: start as a follower, conf=-1: [23446a0b-162d-43e0-a8ad-af938e24e577:192.168.30.6:41601], old=null
2019-09-25 11:43:57,953 [pool-47-thread-1] INFO  impl.RaftServerImpl (RaftServerImpl.java:setRole(174)) - 23446a0b-162d-43e0-a8ad-af938e24e577@group-1180C5EFE106: changes role from      null to FOLLOWER at term 0 for startAsFollower
2019-09-25 11:43:57,953 [pool-47-thread-1] INFO  impl.RoleInfo (RoleInfo.java:updateAndGet(143)) - 23446a0b-162d-43e0-a8ad-af938e24e577: start FollowerState
2019-09-25 11:43:57,954 [pool-47-thread-1] INFO  util.JmxRegister (JmxRegister.java:tryRegister(44)) - Successfully registered JMX Bean with object name Ratis:service=RaftServer,group=group-1180C5EFE106,id=23446a0b-162d-43e0-a8ad-af938e24e577
2019-09-25 11:43:57,964 [RatisPipelineUtilsThread] INFO  pipeline.PipelineStateManager (PipelineStateManager.java:addPipeline(56)) - Created pipeline Pipeline[ Id: 8ca2cbcb-7229-4769-8c70-1180c5efe106, Nodes: 23446a0b-162d-43e0-a8ad-af938e24e577{ip: 192.168.30.6, host: pr-hdds-1569-5gmkr-4255264070, networkLocation: /default-rack, certSerialId: null}, Type:RATIS, Factor:ONE, State:OPEN]
2019-09-25 11:43:57,977 [grpc-default-executor-0] INFO  impl.RaftServerProxy (RaftServerProxy.java:addNew(89)) - 0b0def17-0118-466c-b8b3-e46885956633: addNew group-1C366893CAC8:[0b0def17-0118-466c-b8b3-e46885956633:192.168.30.6:44389] returns group-1C366893CAC8:java.util.concurrent.CompletableFuture@3e27152d[Not completed]
2019-09-25 11:43:57,979 [pool-37-thread-1] INFO  impl.RaftServerImpl (RaftServerImpl.java:<init>(95)) - 0b0def17-0118-466c-b8b3-e46885956633: new RaftServerImpl for group-1C366893CAC8:[0b0def17-0118-466c-b8b3-e46885956633:192.168.30.6:44389] with ContainerStateMachine:uninitialized
2019-09-25 11:43:57,979 [pool-37-thread-1] INFO  server.RaftServerConfigKeys (ConfUtils.java:logGet(43)) - raft.server.rpc.timeout.min = 5s (custom)
2019-09-25 11:43:57,979 [pool-37-thread-1] INFO  server.RaftServerConfigKeys (ConfUtils.java:logGet(43)) - raft.server.rpc.timeout.max = 5200ms (custom)
2019-09-25 11:43:57,979 [pool-37-thread-1] INFO  server.RaftServerConfigKeys (ConfUtils.java:logGet(43)) - raft.server.rpcslowness.timeout = 120s (custom)
2019-09-25 11:43:57,979 [pool-37-thread-1] INFO  server.RaftServerConfigKeys (ConfUtils.java:logGet(43)) - raft.server.sleep.deviation.threshold = 300 (default)
2019-09-25 11:43:57,979 [pool-37-thread-1] INFO  server.RaftServerConfigKeys (ConfUtils.java:logGet(43)) - raft.server.log.appender.install.snapshot.enabled = false (custom)
2019-09-25 11:43:57,980 [pool-37-thread-1] INFO  impl.RaftServerImpl (ServerState.java:<init>(103)) - 0b0def17-0118-466c-b8b3-e46885956633@group-1C366893CAC8: ConfigurationManager, init=-1: [0b0def17-0118-466c-b8b3-e46885956633:192.168.30.6:44389], old=null, confs=<EMPTY_MAP>
2019-09-25 11:43:57,980 [pool-37-thread-1] INFO  server.RaftServerConfigKeys (ConfUtils.java:logGet(43)) - raft.server.storage.dir = [/workdir/hadoop-ozone/integration-test/target/test-dir/MiniOzoneClusterImpl-a207e20c-42ee-4864-92cb-a931ccd2d47f/datanode-1/data/ratis] (custom)
2019-09-25 11:43:57,980 [pool-37-thread-1] INFO  storage.RaftStorageDirectory (RaftStorageDirectory.java:analyzeStorage(246)) - The storage directory /workdir/hadoop-ozone/integration-test/target/test-dir/MiniOzoneClusterImpl-a207e20c-42ee-4864-92cb-a931ccd2d47f/datanode-1/data/ratis/3058d6fe-e056-4f36-aa6d-1c366893cac8 does not exist. Creating ...
2019-09-25 11:43:57,993 [pool-37-thread-1] INFO  storage.RaftStorageDirectory (RaftStorageDirectory.java:tryLock(328)) - Lock on /workdir/hadoop-ozone/integration-test/target/test-dir/MiniOzoneClusterImpl-a207e20c-42ee-4864-92cb-a931ccd2d47f/datanode-1/data/ratis/3058d6fe-e056-4f36-aa6d-1c366893cac8/in_use.lock acquired by nodename 9579@pr-hdds-1569-5gmkr-4255264070
2019-09-25 11:43:58,007 [pool-37-thread-1] INFO  storage.RaftStorage (RaftStorage.java:format(72)) - Storage directory /workdir/hadoop-ozone/integration-test/target/test-dir/MiniOzoneClusterImpl-a207e20c-42ee-4864-92cb-a931ccd2d47f/datanode-1/data/ratis/3058d6fe-e056-4f36-aa6d-1c366893cac8 has been successfully formatted.
2019-09-25 11:43:58,007 [pool-37-thread-1] INFO  ratis.ContainerStateMachine (ContainerStateMachine.java:loadSnapshot(230)) - group-1C366893CAC8: The snapshot info is null. Setting the last applied indexto:(t:0, i:~)
2019-09-25 11:43:58,008 [pool-37-thread-1] INFO  server.RaftServerConfigKeys (ConfUtils.java:logGet(43)) - raft.server.notification.no-leader.timeout = 120s (custom)
2019-09-25 11:43:58,008 [pool-37-thread-1] INFO  server.RaftServerConfigKeys (ConfUtils.java:logGet(43)) - raft.server.log.use.memory = false (default)
2019-09-25 11:43:58,008 [pool-37-thread-1] INFO  server.RaftServerConfigKeys (ConfUtils.java:logGet(43)) - raft.server.log.purge.gap = 1000000 (custom)
2019-09-25 11:43:58,008 [pool-37-thread-1] INFO  server.RaftServerConfigKeys (ConfUtils.java:logGet(43)) - raft.server.log.appender.buffer.byte-limit = 33554432 (custom)
2019-09-25 11:43:58,008 [pool-37-thread-1] INFO  server.RaftServerConfigKeys (ConfUtils.java:logGet(43)) - raft.server.log.segment.size.max = 1048576 (custom)
2019-09-25 11:43:58,008 [pool-37-thread-1] INFO  server.RaftServerConfigKeys (ConfUtils.java:logGet(43)) - raft.server.log.segment.cache.num.max = 2 (custom)
2019-09-25 11:43:58,008 [pool-37-thread-1] INFO  segmented.SegmentedRaftLogWorker (SegmentedRaftLogWorker.java:<init>(172)) - new 0b0def17-0118-466c-b8b3-e46885956633@group-1C366893CAC8-SegmentedRaftLogWorker for RaftStorage:Storage Directory /workdir/hadoop-ozone/integration-test/target/test-dir/MiniOzoneClusterImpl-a207e20c-42ee-4864-92cb-a931ccd2d47f/datanode-1/data/ratis/3058d6fe-e056-4f36-aa6d-1c366893cac8
2019-09-25 11:43:58,009 [pool-37-thread-1] INFO  server.RaftServerConfigKeys (ConfUtils.java:logGet(43)) - raft.server.log.queue.byte-limit = 2147483647 (custom)
2019-09-25 11:43:58,009 [pool-37-thread-1] INFO  server.RaftServerConfigKeys (ConfUtils.java:logGet(43)) - raft.server.log.queue.element-limit = 1024 (custom)
2019-09-25 11:43:58,009 [pool-37-thread-1] INFO  server.RaftServerConfigKeys (ConfUtils.java:logGet(43)) - raft.server.log.segment.size.max = 1048576 (custom)
2019-09-25 11:43:58,009 [pool-37-thread-1] INFO  server.RaftServerConfigKeys (ConfUtils.java:logGet(43)) - raft.server.log.preallocated.size = 16384 (custom)
2019-09-25 11:43:58,009 [pool-37-thread-1] INFO  server.RaftServerConfigKeys (ConfUtils.java:logGet(43)) - raft.server.log.write.buffer.size = 33554432 (custom)
2019-09-25 11:43:58,009 [pool-37-thread-1] INFO  server.RaftServerConfigKeys (ConfUtils.java:logGet(43)) - raft.server.log.force.sync.num = 128 (default)
2019-09-25 11:43:58,010 [pool-37-thread-1] INFO  server.RaftServerConfigKeys (ConfUtils.java:logGet(43)) - raft.server.log.statemachine.data.sync = true (default)
2019-09-25 11:43:58,010 [pool-37-thread-1] INFO  server.RaftServerConfigKeys (ConfUtils.java:logGet(43)) - raft.server.log.statemachine.data.sync.timeout = 10s (default)
2019-09-25 11:43:58,010 [pool-37-thread-1] INFO  server.RaftServerConfigKeys (ConfUtils.java:logGet(43)) - raft.server.log.statemachine.data.sync.timeout.retry = -1 (default)
2019-09-25 11:43:58,010 [pool-37-thread-1] INFO  server.RaftServerConfigKeys (ConfUtils.java:logGet(43)) - raft.server.log.statemachine.data.caching.enabled = true (custom)
2019-09-25 11:43:58,011 [pool-37-thread-1] INFO  segmented.SegmentedRaftLogWorker (SegmentedRaftLogWorker.java:lambda$new$0(132)) - 0b0def17-0118-466c-b8b3-e46885956633@group-1C366893CAC8-SegmentedRaftLogWorker: flushIndex: setUnconditionally 0 -> -1
2019-09-25 11:43:58,011 [pool-37-thread-1] INFO  server.RaftServerConfigKeys (ConfUtils.java:logGet(43)) - raft.server.snapshot.auto.trigger.enabled = true (custom)
2019-09-25 11:43:58,011 [pool-37-thread-1] INFO  server.RaftServerConfigKeys (ConfUtils.java:logGet(43)) - raft.server.snapshot.auto.trigger.threshold = 10000 (custom)
2019-09-25 11:43:58,011 [pool-37-thread-1] INFO  server.RaftServerConfigKeys (ConfUtils.java:logGet(43)) - raft.server.snapshot.retention.num.files = 5 (custom)
2019-09-25 11:43:58,011 [pool-37-thread-1] INFO  server.RaftServerConfigKeys (ConfUtils.java:logGet(43)) - raft.server.retrycache.expirytime = 600000ms (custom)
2019-09-25 11:43:58,015 [pool-37-thread-1] INFO  impl.RaftServerImpl (RaftServerImpl.java:start(185)) - 0b0def17-0118-466c-b8b3-e46885956633@group-1C366893CAC8: start as a follower, conf=-1: [0b0def17-0118-466c-b8b3-e46885956633:192.168.30.6:44389], old=null
2019-09-25 11:43:58,015 [pool-37-thread-1] INFO  impl.RaftServerImpl (RaftServerImpl.java:setRole(174)) - 0b0def17-0118-466c-b8b3-e46885956633@group-1C366893CAC8: changes role from      null to FOLLOWER at term 0 for startAsFollower
2019-09-25 11:43:58,015 [pool-37-thread-1] INFO  impl.RoleInfo (RoleInfo.java:updateAndGet(143)) - 0b0def17-0118-466c-b8b3-e46885956633: start FollowerState
2019-09-25 11:43:58,016 [pool-37-thread-1] INFO  util.JmxRegister (JmxRegister.java:tryRegister(44)) - Successfully registered JMX Bean with object name Ratis:service=RaftServer,group=group-1C366893CAC8,id=0b0def17-0118-466c-b8b3-e46885956633
2019-09-25 11:43:58,026 [RatisPipelineUtilsThread] INFO  pipeline.PipelineStateManager (PipelineStateManager.java:addPipeline(56)) - Created pipeline Pipeline[ Id: 3058d6fe-e056-4f36-aa6d-1c366893cac8, Nodes: 0b0def17-0118-466c-b8b3-e46885956633{ip: 192.168.30.6, host: pr-hdds-1569-5gmkr-4255264070, networkLocation: /default-rack, certSerialId: null}, Type:RATIS, Factor:ONE, State:OPEN]
2019-09-25 11:43:58,040 [grpc-default-executor-0] INFO  impl.RaftServerProxy (RaftServerProxy.java:addNew(89)) - 0b0def17-0118-466c-b8b3-e46885956633: addNew group-1E129BB001AC:[0b0def17-0118-466c-b8b3-e46885956633:192.168.30.6:44389] returns group-1E129BB001AC:java.util.concurrent.CompletableFuture@20ac5c19[Not completed]
2019-09-25 11:43:58,042 [pool-37-thread-1] INFO  impl.RaftServerImpl (RaftServerImpl.java:<init>(95)) - 0b0def17-0118-466c-b8b3-e46885956633: new RaftServerImpl for group-1E129BB001AC:[0b0def17-0118-466c-b8b3-e46885956633:192.168.30.6:44389] with ContainerStateMachine:uninitialized
2019-09-25 11:43:58,042 [pool-37-thread-1] INFO  server.RaftServerConfigKeys (ConfUtils.java:logGet(43)) - raft.server.rpc.timeout.min = 5s (custom)
2019-09-25 11:43:58,042 [pool-37-thread-1] INFO  server.RaftServerConfigKeys (ConfUtils.java:logGet(43)) - raft.server.rpc.timeout.max = 5200ms (custom)
2019-09-25 11:43:58,042 [pool-37-thread-1] INFO  server.RaftServerConfigKeys (ConfUtils.java:logGet(43)) - raft.server.rpcslowness.timeout = 120s (custom)
2019-09-25 11:43:58,043 [pool-37-thread-1] INFO  server.RaftServerConfigKeys (ConfUtils.java:logGet(43)) - raft.server.sleep.deviation.threshold = 300 (default)
2019-09-25 11:43:58,043 [pool-37-thread-1] INFO  server.RaftServerConfigKeys (ConfUtils.java:logGet(43)) - raft.server.log.appender.install.snapshot.enabled = false (custom)
2019-09-25 11:43:58,043 [pool-37-thread-1] INFO  impl.RaftServerImpl (ServerState.java:<init>(103)) - 0b0def17-0118-466c-b8b3-e46885956633@group-1E129BB001AC: ConfigurationManager, init=-1: [0b0def17-0118-466c-b8b3-e46885956633:192.168.30.6:44389], old=null, confs=<EMPTY_MAP>
2019-09-25 11:43:58,043 [pool-37-thread-1] INFO  server.RaftServerConfigKeys (ConfUtils.java:logGet(43)) - raft.server.storage.dir = [/workdir/hadoop-ozone/integration-test/target/test-dir/MiniOzoneClusterImpl-a207e20c-42ee-4864-92cb-a931ccd2d47f/datanode-1/data/ratis] (custom)
2019-09-25 11:43:58,043 [pool-37-thread-1] INFO  storage.RaftStorageDirectory (RaftStorageDirectory.java:analyzeStorage(246)) - The storage directory /workdir/hadoop-ozone/integration-test/target/test-dir/MiniOzoneClusterImpl-a207e20c-42ee-4864-92cb-a931ccd2d47f/datanode-1/data/ratis/656c5aa0-5d2d-4de5-b399-1e129bb001ac does not exist. Creating ...
2019-09-25 11:43:58,048 [pool-37-thread-1] INFO  storage.RaftStorageDirectory (RaftStorageDirectory.java:tryLock(328)) - Lock on /workdir/hadoop-ozone/integration-test/target/test-dir/MiniOzoneClusterImpl-a207e20c-42ee-4864-92cb-a931ccd2d47f/datanode-1/data/ratis/656c5aa0-5d2d-4de5-b399-1e129bb001ac/in_use.lock acquired by nodename 9579@pr-hdds-1569-5gmkr-4255264070
2019-09-25 11:43:58,052 [pool-37-thread-1] INFO  storage.RaftStorage (RaftStorage.java:format(72)) - Storage directory /workdir/hadoop-ozone/integration-test/target/test-dir/MiniOzoneClusterImpl-a207e20c-42ee-4864-92cb-a931ccd2d47f/datanode-1/data/ratis/656c5aa0-5d2d-4de5-b399-1e129bb001ac has been successfully formatted.
2019-09-25 11:43:58,052 [pool-37-thread-1] INFO  ratis.ContainerStateMachine (ContainerStateMachine.java:loadSnapshot(230)) - group-1E129BB001AC: The snapshot info is null. Setting the last applied indexto:(t:0, i:~)
2019-09-25 11:43:58,052 [pool-37-thread-1] INFO  server.RaftServerConfigKeys (ConfUtils.java:logGet(43)) - raft.server.notification.no-leader.timeout = 120s (custom)
2019-09-25 11:43:58,053 [pool-37-thread-1] INFO  server.RaftServerConfigKeys (ConfUtils.java:logGet(43)) - raft.server.log.use.memory = false (default)
2019-09-25 11:43:58,053 [pool-37-thread-1] INFO  server.RaftServerConfigKeys (ConfUtils.java:logGet(43)) - raft.server.log.purge.gap = 1000000 (custom)
2019-09-25 11:43:58,053 [pool-37-thread-1] INFO  server.RaftServerConfigKeys (ConfUtils.java:logGet(43)) - raft.server.log.appender.buffer.byte-limit = 33554432 (custom)
2019-09-25 11:43:58,053 [pool-37-thread-1] INFO  server.RaftServerConfigKeys (ConfUtils.java:logGet(43)) - raft.server.log.segment.size.max = 1048576 (custom)
2019-09-25 11:43:58,053 [pool-37-thread-1] INFO  server.RaftServerConfigKeys (ConfUtils.java:logGet(43)) - raft.server.log.segment.cache.num.max = 2 (custom)
2019-09-25 11:43:58,053 [pool-37-thread-1] INFO  segmented.SegmentedRaftLogWorker (SegmentedRaftLogWorker.java:<init>(172)) - new 0b0def17-0118-466c-b8b3-e46885956633@group-1E129BB001AC-SegmentedRaftLogWorker for RaftStorage:Storage Directory /workdir/hadoop-ozone/integration-test/target/test-dir/MiniOzoneClusterImpl-a207e20c-42ee-4864-92cb-a931ccd2d47f/datanode-1/data/ratis/656c5aa0-5d2d-4de5-b399-1e129bb001ac
2019-09-25 11:43:58,054 [pool-37-thread-1] INFO  server.RaftServerConfigKeys (ConfUtils.java:logGet(43)) - raft.server.log.queue.byte-limit = 2147483647 (custom)
2019-09-25 11:43:58,054 [pool-37-thread-1] INFO  server.RaftServerConfigKeys (ConfUtils.java:logGet(43)) - raft.server.log.queue.element-limit = 1024 (custom)
2019-09-25 11:43:58,054 [pool-37-thread-1] INFO  server.RaftServerConfigKeys (ConfUtils.java:logGet(43)) - raft.server.log.segment.size.max = 1048576 (custom)
2019-09-25 11:43:58,054 [pool-37-thread-1] INFO  server.RaftServerConfigKeys (ConfUtils.java:logGet(43)) - raft.server.log.preallocated.size = 16384 (custom)
2019-09-25 11:43:58,054 [pool-37-thread-1] INFO  server.RaftServerConfigKeys (ConfUtils.java:logGet(43)) - raft.server.log.write.buffer.size = 33554432 (custom)
2019-09-25 11:43:58,054 [pool-37-thread-1] INFO  server.RaftServerConfigKeys (ConfUtils.java:logGet(43)) - raft.server.log.force.sync.num = 128 (default)
2019-09-25 11:43:58,054 [pool-37-thread-1] INFO  server.RaftServerConfigKeys (ConfUtils.java:logGet(43)) - raft.server.log.statemachine.data.sync = true (default)
2019-09-25 11:43:58,055 [pool-37-thread-1] INFO  server.RaftServerConfigKeys (ConfUtils.java:logGet(43)) - raft.server.log.statemachine.data.sync.timeout = 10s (default)
2019-09-25 11:43:58,055 [pool-37-thread-1] INFO  server.RaftServerConfigKeys (ConfUtils.java:logGet(43)) - raft.server.log.statemachine.data.sync.timeout.retry = -1 (default)
2019-09-25 11:43:58,055 [pool-37-thread-1] INFO  server.RaftServerConfigKeys (ConfUtils.java:logGet(43)) - raft.server.log.statemachine.data.caching.enabled = true (custom)
2019-09-25 11:43:58,055 [pool-37-thread-1] INFO  segmented.SegmentedRaftLogWorker (SegmentedRaftLogWorker.java:lambda$new$0(132)) - 0b0def17-0118-466c-b8b3-e46885956633@group-1E129BB001AC-SegmentedRaftLogWorker: flushIndex: setUnconditionally 0 -> -1
2019-09-25 11:43:58,056 [pool-37-thread-1] INFO  server.RaftServerConfigKeys (ConfUtils.java:logGet(43)) - raft.server.snapshot.auto.trigger.enabled = true (custom)
2019-09-25 11:43:58,056 [pool-37-thread-1] INFO  server.RaftServerConfigKeys (ConfUtils.java:logGet(43)) - raft.server.snapshot.auto.trigger.threshold = 10000 (custom)
2019-09-25 11:43:58,056 [pool-37-thread-1] INFO  server.RaftServerConfigKeys (ConfUtils.java:logGet(43)) - raft.server.snapshot.retention.num.files = 5 (custom)
2019-09-25 11:43:58,056 [pool-37-thread-1] INFO  server.RaftServerConfigKeys (ConfUtils.java:logGet(43)) - raft.server.retrycache.expirytime = 600000ms (custom)
2019-09-25 11:43:58,059 [pool-37-thread-1] INFO  impl.RaftServerImpl (RaftServerImpl.java:start(185)) - 0b0def17-0118-466c-b8b3-e46885956633@group-1E129BB001AC: start as a follower, conf=-1: [0b0def17-0118-466c-b8b3-e46885956633:192.168.30.6:44389], old=null
2019-09-25 11:43:58,059 [pool-37-thread-1] INFO  impl.RaftServerImpl (RaftServerImpl.java:setRole(174)) - 0b0def17-0118-466c-b8b3-e46885956633@group-1E129BB001AC: changes role from      null to FOLLOWER at term 0 for startAsFollower
2019-09-25 11:43:58,059 [pool-37-thread-1] INFO  impl.RoleInfo (RoleInfo.java:updateAndGet(143)) - 0b0def17-0118-466c-b8b3-e46885956633: start FollowerState
2019-09-25 11:43:58,060 [pool-37-thread-1] INFO  util.JmxRegister (JmxRegister.java:tryRegister(44)) - Successfully registered JMX Bean with object name Ratis:service=RaftServer,group=group-1E129BB001AC,id=0b0def17-0118-466c-b8b3-e46885956633
2019-09-25 11:43:58,068 [RatisPipelineUtilsThread] INFO  pipeline.PipelineStateManager (PipelineStateManager.java:addPipeline(56)) - Created pipeline Pipeline[ Id: 656c5aa0-5d2d-4de5-b399-1e129bb001ac, Nodes: 0b0def17-0118-466c-b8b3-e46885956633{ip: 192.168.30.6, host: pr-hdds-1569-5gmkr-4255264070, networkLocation: /default-rack, certSerialId: null}, Type:RATIS, Factor:ONE, State:OPEN]
2019-09-25 11:43:58,080 [grpc-default-executor-0] INFO  impl.RaftServerProxy (RaftServerProxy.java:addNew(89)) - 23446a0b-162d-43e0-a8ad-af938e24e577: addNew group-4FC30D35D749:[23446a0b-162d-43e0-a8ad-af938e24e577:192.168.30.6:41601] returns group-4FC30D35D749:java.util.concurrent.CompletableFuture@78c08b71[Not completed]
2019-09-25 11:43:58,082 [pool-47-thread-1] INFO  impl.RaftServerImpl (RaftServerImpl.java:<init>(95)) - 23446a0b-162d-43e0-a8ad-af938e24e577: new RaftServerImpl for group-4FC30D35D749:[23446a0b-162d-43e0-a8ad-af938e24e577:192.168.30.6:41601] with ContainerStateMachine:uninitialized
2019-09-25 11:43:58,082 [pool-47-thread-1] INFO  server.RaftServerConfigKeys (ConfUtils.java:logGet(43)) - raft.server.rpc.timeout.min = 5s (custom)
2019-09-25 11:43:58,082 [pool-47-thread-1] INFO  server.RaftServerConfigKeys (ConfUtils.java:logGet(43)) - raft.server.rpc.timeout.max = 5200ms (custom)
2019-09-25 11:43:58,082 [pool-47-thread-1] INFO  server.RaftServerConfigKeys (ConfUtils.java:logGet(43)) - raft.server.rpcslowness.timeout = 120s (custom)
2019-09-25 11:43:58,082 [pool-47-thread-1] INFO  server.RaftServerConfigKeys (ConfUtils.java:logGet(43)) - raft.server.sleep.deviation.threshold = 300 (default)
2019-09-25 11:43:58,083 [pool-47-thread-1] INFO  server.RaftServerConfigKeys (ConfUtils.java:logGet(43)) - raft.server.log.appender.install.snapshot.enabled = false (custom)
2019-09-25 11:43:58,083 [pool-47-thread-1] INFO  impl.RaftServerImpl (ServerState.java:<init>(103)) - 23446a0b-162d-43e0-a8ad-af938e24e577@group-4FC30D35D749: ConfigurationManager, init=-1: [23446a0b-162d-43e0-a8ad-af938e24e577:192.168.30.6:41601], old=null, confs=<EMPTY_MAP>
2019-09-25 11:43:58,083 [pool-47-thread-1] INFO  server.RaftServerConfigKeys (ConfUtils.java:logGet(43)) - raft.server.storage.dir = [/workdir/hadoop-ozone/integration-test/target/test-dir/MiniOzoneClusterImpl-a207e20c-42ee-4864-92cb-a931ccd2d47f/datanode-2/data/ratis] (custom)
2019-09-25 11:43:58,083 [pool-47-thread-1] INFO  storage.RaftStorageDirectory (RaftStorageDirectory.java:analyzeStorage(246)) - The storage directory /workdir/hadoop-ozone/integration-test/target/test-dir/MiniOzoneClusterImpl-a207e20c-42ee-4864-92cb-a931ccd2d47f/datanode-2/data/ratis/1ee06314-15ba-4c2e-9c45-4fc30d35d749 does not exist. Creating ...
2019-09-25 11:43:58,088 [pool-47-thread-1] INFO  storage.RaftStorageDirectory (RaftStorageDirectory.java:tryLock(328)) - Lock on /workdir/hadoop-ozone/integration-test/target/test-dir/MiniOzoneClusterImpl-a207e20c-42ee-4864-92cb-a931ccd2d47f/datanode-2/data/ratis/1ee06314-15ba-4c2e-9c45-4fc30d35d749/in_use.lock acquired by nodename 9579@pr-hdds-1569-5gmkr-4255264070
2019-09-25 11:43:58,104 [pool-47-thread-1] INFO  storage.RaftStorage (RaftStorage.java:format(72)) - Storage directory /workdir/hadoop-ozone/integration-test/target/test-dir/MiniOzoneClusterImpl-a207e20c-42ee-4864-92cb-a931ccd2d47f/datanode-2/data/ratis/1ee06314-15ba-4c2e-9c45-4fc30d35d749 has been successfully formatted.
2019-09-25 11:43:58,105 [pool-47-thread-1] INFO  ratis.ContainerStateMachine (ContainerStateMachine.java:loadSnapshot(230)) - group-4FC30D35D749: The snapshot info is null. Setting the last applied indexto:(t:0, i:~)
2019-09-25 11:43:58,105 [pool-47-thread-1] INFO  server.RaftServerConfigKeys (ConfUtils.java:logGet(43)) - raft.server.notification.no-leader.timeout = 120s (custom)
2019-09-25 11:43:58,105 [pool-47-thread-1] INFO  server.RaftServerConfigKeys (ConfUtils.java:logGet(43)) - raft.server.log.use.memory = false (default)
2019-09-25 11:43:58,105 [pool-47-thread-1] INFO  server.RaftServerConfigKeys (ConfUtils.java:logGet(43)) - raft.server.log.purge.gap = 1000000 (custom)
2019-09-25 11:43:58,105 [pool-47-thread-1] INFO  server.RaftServerConfigKeys (ConfUtils.java:logGet(43)) - raft.server.log.appender.buffer.byte-limit = 33554432 (custom)
2019-09-25 11:43:58,106 [pool-47-thread-1] INFO  server.RaftServerConfigKeys (ConfUtils.java:logGet(43)) - raft.server.log.segment.size.max = 1048576 (custom)
2019-09-25 11:43:58,106 [pool-47-thread-1] INFO  server.RaftServerConfigKeys (ConfUtils.java:logGet(43)) - raft.server.log.segment.cache.num.max = 2 (custom)
2019-09-25 11:43:58,106 [pool-47-thread-1] INFO  segmented.SegmentedRaftLogWorker (SegmentedRaftLogWorker.java:<init>(172)) - new 23446a0b-162d-43e0-a8ad-af938e24e577@group-4FC30D35D749-SegmentedRaftLogWorker for RaftStorage:Storage Directory /workdir/hadoop-ozone/integration-test/target/test-dir/MiniOzoneClusterImpl-a207e20c-42ee-4864-92cb-a931ccd2d47f/datanode-2/data/ratis/1ee06314-15ba-4c2e-9c45-4fc30d35d749
2019-09-25 11:43:58,106 [pool-47-thread-1] INFO  server.RaftServerConfigKeys (ConfUtils.java:logGet(43)) - raft.server.log.queue.byte-limit = 2147483647 (custom)
2019-09-25 11:43:58,106 [pool-47-thread-1] INFO  server.RaftServerConfigKeys (ConfUtils.java:logGet(43)) - raft.server.log.queue.element-limit = 1024 (custom)
2019-09-25 11:43:58,106 [pool-47-thread-1] INFO  server.RaftServerConfigKeys (ConfUtils.java:logGet(43)) - raft.server.log.segment.size.max = 1048576 (custom)
2019-09-25 11:43:58,107 [pool-47-thread-1] INFO  server.RaftServerConfigKeys (ConfUtils.java:logGet(43)) - raft.server.log.preallocated.size = 16384 (custom)
2019-09-25 11:43:58,107 [pool-47-thread-1] INFO  server.RaftServerConfigKeys (ConfUtils.java:logGet(43)) - raft.server.log.write.buffer.size = 33554432 (custom)
2019-09-25 11:43:58,107 [pool-47-thread-1] INFO  server.RaftServerConfigKeys (ConfUtils.java:logGet(43)) - raft.server.log.force.sync.num = 128 (default)
2019-09-25 11:43:58,107 [pool-47-thread-1] INFO  server.RaftServerConfigKeys (ConfUtils.java:logGet(43)) - raft.server.log.statemachine.data.sync = true (default)
2019-09-25 11:43:58,107 [pool-47-thread-1] INFO  server.RaftServerConfigKeys (ConfUtils.java:logGet(43)) - raft.server.log.statemachine.data.sync.timeout = 10s (default)
2019-09-25 11:43:58,107 [pool-47-thread-1] INFO  server.RaftServerConfigKeys (ConfUtils.java:logGet(43)) - raft.server.log.statemachine.data.sync.timeout.retry = -1 (default)
2019-09-25 11:43:58,107 [pool-47-thread-1] INFO  server.RaftServerConfigKeys (ConfUtils.java:logGet(43)) - raft.server.log.statemachine.data.caching.enabled = true (custom)
2019-09-25 11:43:58,108 [pool-47-thread-1] INFO  segmented.SegmentedRaftLogWorker (SegmentedRaftLogWorker.java:lambda$new$0(132)) - 23446a0b-162d-43e0-a8ad-af938e24e577@group-4FC30D35D749-SegmentedRaftLogWorker: flushIndex: setUnconditionally 0 -> -1
2019-09-25 11:43:58,108 [pool-47-thread-1] INFO  server.RaftServerConfigKeys (ConfUtils.java:logGet(43)) - raft.server.snapshot.auto.trigger.enabled = true (custom)
2019-09-25 11:43:58,108 [pool-47-thread-1] INFO  server.RaftServerConfigKeys (ConfUtils.java:logGet(43)) - raft.server.snapshot.auto.trigger.threshold = 10000 (custom)
2019-09-25 11:43:58,108 [pool-47-thread-1] INFO  server.RaftServerConfigKeys (ConfUtils.java:logGet(43)) - raft.server.snapshot.retention.num.files = 5 (custom)
2019-09-25 11:43:58,109 [pool-47-thread-1] INFO  server.RaftServerConfigKeys (ConfUtils.java:logGet(43)) - raft.server.retrycache.expirytime = 600000ms (custom)
2019-09-25 11:43:58,113 [pool-47-thread-1] INFO  impl.RaftServerImpl (RaftServerImpl.java:start(185)) - 23446a0b-162d-43e0-a8ad-af938e24e577@group-4FC30D35D749: start as a follower, conf=-1: [23446a0b-162d-43e0-a8ad-af938e24e577:192.168.30.6:41601], old=null
2019-09-25 11:43:58,113 [pool-47-thread-1] INFO  impl.RaftServerImpl (RaftServerImpl.java:setRole(174)) - 23446a0b-162d-43e0-a8ad-af938e24e577@group-4FC30D35D749: changes role from      null to FOLLOWER at term 0 for startAsFollower
2019-09-25 11:43:58,113 [pool-47-thread-1] INFO  impl.RoleInfo (RoleInfo.java:updateAndGet(143)) - 23446a0b-162d-43e0-a8ad-af938e24e577: start FollowerState
2019-09-25 11:43:58,114 [pool-47-thread-1] INFO  util.JmxRegister (JmxRegister.java:tryRegister(44)) - Successfully registered JMX Bean with object name Ratis:service=RaftServer,group=group-4FC30D35D749,id=23446a0b-162d-43e0-a8ad-af938e24e577
2019-09-25 11:43:58,122 [RatisPipelineUtilsThread] INFO  pipeline.PipelineStateManager (PipelineStateManager.java:addPipeline(56)) - Created pipeline Pipeline[ Id: 1ee06314-15ba-4c2e-9c45-4fc30d35d749, Nodes: 23446a0b-162d-43e0-a8ad-af938e24e577{ip: 192.168.30.6, host: pr-hdds-1569-5gmkr-4255264070, networkLocation: /default-rack, certSerialId: null}, Type:RATIS, Factor:ONE, State:OPEN]
2019-09-25 11:43:58,135 [grpc-default-executor-0] INFO  impl.RaftServerProxy (RaftServerProxy.java:addNew(89)) - 0b0def17-0118-466c-b8b3-e46885956633: addNew group-3B9859CC67DF:[0b0def17-0118-466c-b8b3-e46885956633:192.168.30.6:44389] returns group-3B9859CC67DF:java.util.concurrent.CompletableFuture@55d4d44d[Not completed]
2019-09-25 11:43:58,137 [pool-37-thread-1] INFO  impl.RaftServerImpl (RaftServerImpl.java:<init>(95)) - 0b0def17-0118-466c-b8b3-e46885956633: new RaftServerImpl for group-3B9859CC67DF:[0b0def17-0118-466c-b8b3-e46885956633:192.168.30.6:44389] with ContainerStateMachine:uninitialized
2019-09-25 11:43:58,137 [pool-37-thread-1] INFO  server.RaftServerConfigKeys (ConfUtils.java:logGet(43)) - raft.server.rpc.timeout.min = 5s (custom)
2019-09-25 11:43:58,137 [pool-37-thread-1] INFO  server.RaftServerConfigKeys (ConfUtils.java:logGet(43)) - raft.server.rpc.timeout.max = 5200ms (custom)
2019-09-25 11:43:58,137 [pool-37-thread-1] INFO  server.RaftServerConfigKeys (ConfUtils.java:logGet(43)) - raft.server.rpcslowness.timeout = 120s (custom)
2019-09-25 11:43:58,137 [pool-37-thread-1] INFO  server.RaftServerConfigKeys (ConfUtils.java:logGet(43)) - raft.server.sleep.deviation.threshold = 300 (default)
2019-09-25 11:43:58,138 [pool-37-thread-1] INFO  server.RaftServerConfigKeys (ConfUtils.java:logGet(43)) - raft.server.log.appender.install.snapshot.enabled = false (custom)
2019-09-25 11:43:58,138 [pool-37-thread-1] INFO  impl.RaftServerImpl (ServerState.java:<init>(103)) - 0b0def17-0118-466c-b8b3-e46885956633@group-3B9859CC67DF: ConfigurationManager, init=-1: [0b0def17-0118-466c-b8b3-e46885956633:192.168.30.6:44389], old=null, confs=<EMPTY_MAP>
2019-09-25 11:43:58,138 [pool-37-thread-1] INFO  server.RaftServerConfigKeys (ConfUtils.java:logGet(43)) - raft.server.storage.dir = [/workdir/hadoop-ozone/integration-test/target/test-dir/MiniOzoneClusterImpl-a207e20c-42ee-4864-92cb-a931ccd2d47f/datanode-1/data/ratis] (custom)
2019-09-25 11:43:58,138 [pool-37-thread-1] INFO  storage.RaftStorageDirectory (RaftStorageDirectory.java:analyzeStorage(246)) - The storage directory /workdir/hadoop-ozone/integration-test/target/test-dir/MiniOzoneClusterImpl-a207e20c-42ee-4864-92cb-a931ccd2d47f/datanode-1/data/ratis/b1bdbf79-7f57-4826-ab14-3b9859cc67df does not exist. Creating ...
2019-09-25 11:43:58,152 [pool-37-thread-1] INFO  storage.RaftStorageDirectory (RaftStorageDirectory.java:tryLock(328)) - Lock on /workdir/hadoop-ozone/integration-test/target/test-dir/MiniOzoneClusterImpl-a207e20c-42ee-4864-92cb-a931ccd2d47f/datanode-1/data/ratis/b1bdbf79-7f57-4826-ab14-3b9859cc67df/in_use.lock acquired by nodename 9579@pr-hdds-1569-5gmkr-4255264070
2019-09-25 11:43:58,166 [pool-37-thread-1] INFO  storage.RaftStorage (RaftStorage.java:format(72)) - Storage directory /workdir/hadoop-ozone/integration-test/target/test-dir/MiniOzoneClusterImpl-a207e20c-42ee-4864-92cb-a931ccd2d47f/datanode-1/data/ratis/b1bdbf79-7f57-4826-ab14-3b9859cc67df has been successfully formatted.
2019-09-25 11:43:58,166 [pool-37-thread-1] INFO  ratis.ContainerStateMachine (ContainerStateMachine.java:loadSnapshot(230)) - group-3B9859CC67DF: The snapshot info is null. Setting the last applied indexto:(t:0, i:~)
2019-09-25 11:43:58,166 [pool-37-thread-1] INFO  server.RaftServerConfigKeys (ConfUtils.java:logGet(43)) - raft.server.notification.no-leader.timeout = 120s (custom)
2019-09-25 11:43:58,166 [pool-37-thread-1] INFO  server.RaftServerConfigKeys (ConfUtils.java:logGet(43)) - raft.server.log.use.memory = false (default)
2019-09-25 11:43:58,166 [pool-37-thread-1] INFO  server.RaftServerConfigKeys (ConfUtils.java:logGet(43)) - raft.server.log.purge.gap = 1000000 (custom)
2019-09-25 11:43:58,167 [pool-37-thread-1] INFO  server.RaftServerConfigKeys (ConfUtils.java:logGet(43)) - raft.server.log.appender.buffer.byte-limit = 33554432 (custom)
2019-09-25 11:43:58,167 [pool-37-thread-1] INFO  server.RaftServerConfigKeys (ConfUtils.java:logGet(43)) - raft.server.log.segment.size.max = 1048576 (custom)
2019-09-25 11:43:58,167 [pool-37-thread-1] INFO  server.RaftServerConfigKeys (ConfUtils.java:logGet(43)) - raft.server.log.segment.cache.num.max = 2 (custom)
2019-09-25 11:43:58,167 [pool-37-thread-1] INFO  segmented.SegmentedRaftLogWorker (SegmentedRaftLogWorker.java:<init>(172)) - new 0b0def17-0118-466c-b8b3-e46885956633@group-3B9859CC67DF-SegmentedRaftLogWorker for RaftStorage:Storage Directory /workdir/hadoop-ozone/integration-test/target/test-dir/MiniOzoneClusterImpl-a207e20c-42ee-4864-92cb-a931ccd2d47f/datanode-1/data/ratis/b1bdbf79-7f57-4826-ab14-3b9859cc67df
2019-09-25 11:43:58,167 [pool-37-thread-1] INFO  server.RaftServerConfigKeys (ConfUtils.java:logGet(43)) - raft.server.log.queue.byte-limit = 2147483647 (custom)
2019-09-25 11:43:58,167 [pool-37-thread-1] INFO  server.RaftServerConfigKeys (ConfUtils.java:logGet(43)) - raft.server.log.queue.element-limit = 1024 (custom)
2019-09-25 11:43:58,168 [pool-37-thread-1] INFO  server.RaftServerConfigKeys (ConfUtils.java:logGet(43)) - raft.server.log.segment.size.max = 1048576 (custom)
2019-09-25 11:43:58,168 [pool-37-thread-1] INFO  server.RaftServerConfigKeys (ConfUtils.java:logGet(43)) - raft.server.log.preallocated.size = 16384 (custom)
2019-09-25 11:43:58,168 [pool-37-thread-1] INFO  server.RaftServerConfigKeys (ConfUtils.java:logGet(43)) - raft.server.log.write.buffer.size = 33554432 (custom)
2019-09-25 11:43:58,168 [pool-37-thread-1] INFO  server.RaftServerConfigKeys (ConfUtils.java:logGet(43)) - raft.server.log.force.sync.num = 128 (default)
2019-09-25 11:43:58,168 [pool-37-thread-1] INFO  server.RaftServerConfigKeys (ConfUtils.java:logGet(43)) - raft.server.log.statemachine.data.sync = true (default)
2019-09-25 11:43:58,168 [pool-37-thread-1] INFO  server.RaftServerConfigKeys (ConfUtils.java:logGet(43)) - raft.server.log.statemachine.data.sync.timeout = 10s (default)
2019-09-25 11:43:58,168 [pool-37-thread-1] INFO  server.RaftServerConfigKeys (ConfUtils.java:logGet(43)) - raft.server.log.statemachine.data.sync.timeout.retry = -1 (default)
2019-09-25 11:43:58,169 [pool-37-thread-1] INFO  server.RaftServerConfigKeys (ConfUtils.java:logGet(43)) - raft.server.log.statemachine.data.caching.enabled = true (custom)
2019-09-25 11:43:58,169 [pool-37-thread-1] INFO  segmented.SegmentedRaftLogWorker (SegmentedRaftLogWorker.java:lambda$new$0(132)) - 0b0def17-0118-466c-b8b3-e46885956633@group-3B9859CC67DF-SegmentedRaftLogWorker: flushIndex: setUnconditionally 0 -> -1
2019-09-25 11:43:58,170 [pool-37-thread-1] INFO  server.RaftServerConfigKeys (ConfUtils.java:logGet(43)) - raft.server.snapshot.auto.trigger.enabled = true (custom)
2019-09-25 11:43:58,170 [pool-37-thread-1] INFO  server.RaftServerConfigKeys (ConfUtils.java:logGet(43)) - raft.server.snapshot.auto.trigger.threshold = 10000 (custom)
2019-09-25 11:43:58,170 [pool-37-thread-1] INFO  server.RaftServerConfigKeys (ConfUtils.java:logGet(43)) - raft.server.snapshot.retention.num.files = 5 (custom)
2019-09-25 11:43:58,170 [pool-37-thread-1] INFO  server.RaftServerConfigKeys (ConfUtils.java:logGet(43)) - raft.server.retrycache.expirytime = 600000ms (custom)
2019-09-25 11:43:58,173 [pool-37-thread-1] INFO  impl.RaftServerImpl (RaftServerImpl.java:start(185)) - 0b0def17-0118-466c-b8b3-e46885956633@group-3B9859CC67DF: start as a follower, conf=-1: [0b0def17-0118-466c-b8b3-e46885956633:192.168.30.6:44389], old=null
2019-09-25 11:43:58,173 [pool-37-thread-1] INFO  impl.RaftServerImpl (RaftServerImpl.java:setRole(174)) - 0b0def17-0118-466c-b8b3-e46885956633@group-3B9859CC67DF: changes role from      null to FOLLOWER at term 0 for startAsFollower
2019-09-25 11:43:58,173 [pool-37-thread-1] INFO  impl.RoleInfo (RoleInfo.java:updateAndGet(143)) - 0b0def17-0118-466c-b8b3-e46885956633: start FollowerState
2019-09-25 11:43:58,174 [pool-37-thread-1] INFO  util.JmxRegister (JmxRegister.java:tryRegister(44)) - Successfully registered JMX Bean with object name Ratis:service=RaftServer,group=group-3B9859CC67DF,id=0b0def17-0118-466c-b8b3-e46885956633
2019-09-25 11:43:58,183 [RatisPipelineUtilsThread] INFO  pipeline.PipelineStateManager (PipelineStateManager.java:addPipeline(56)) - Created pipeline Pipeline[ Id: b1bdbf79-7f57-4826-ab14-3b9859cc67df, Nodes: 0b0def17-0118-466c-b8b3-e46885956633{ip: 192.168.30.6, host: pr-hdds-1569-5gmkr-4255264070, networkLocation: /default-rack, certSerialId: null}, Type:RATIS, Factor:ONE, State:OPEN]
2019-09-25 11:43:58,197 [grpc-default-executor-0] INFO  impl.RaftServerProxy (RaftServerProxy.java:addNew(89)) - 23446a0b-162d-43e0-a8ad-af938e24e577: addNew group-15438488D8E4:[23446a0b-162d-43e0-a8ad-af938e24e577:192.168.30.6:41601] returns group-15438488D8E4:java.util.concurrent.CompletableFuture@14790b49[Not completed]
2019-09-25 11:43:58,199 [pool-47-thread-1] INFO  impl.RaftServerImpl (RaftServerImpl.java:<init>(95)) - 23446a0b-162d-43e0-a8ad-af938e24e577: new RaftServerImpl for group-15438488D8E4:[23446a0b-162d-43e0-a8ad-af938e24e577:192.168.30.6:41601] with ContainerStateMachine:uninitialized
2019-09-25 11:43:58,199 [pool-47-thread-1] INFO  server.RaftServerConfigKeys (ConfUtils.java:logGet(43)) - raft.server.rpc.timeout.min = 5s (custom)
2019-09-25 11:43:58,199 [pool-47-thread-1] INFO  server.RaftServerConfigKeys (ConfUtils.java:logGet(43)) - raft.server.rpc.timeout.max = 5200ms (custom)
2019-09-25 11:43:58,199 [pool-47-thread-1] INFO  server.RaftServerConfigKeys (ConfUtils.java:logGet(43)) - raft.server.rpcslowness.timeout = 120s (custom)
2019-09-25 11:43:58,199 [pool-47-thread-1] INFO  server.RaftServerConfigKeys (ConfUtils.java:logGet(43)) - raft.server.sleep.deviation.threshold = 300 (default)
2019-09-25 11:43:58,199 [pool-47-thread-1] INFO  server.RaftServerConfigKeys (ConfUtils.java:logGet(43)) - raft.server.log.appender.install.snapshot.enabled = false (custom)
2019-09-25 11:43:58,199 [pool-47-thread-1] INFO  impl.RaftServerImpl (ServerState.java:<init>(103)) - 23446a0b-162d-43e0-a8ad-af938e24e577@group-15438488D8E4: ConfigurationManager, init=-1: [23446a0b-162d-43e0-a8ad-af938e24e577:192.168.30.6:41601], old=null, confs=<EMPTY_MAP>
2019-09-25 11:43:58,200 [pool-47-thread-1] INFO  server.RaftServerConfigKeys (ConfUtils.java:logGet(43)) - raft.server.storage.dir = [/workdir/hadoop-ozone/integration-test/target/test-dir/MiniOzoneClusterImpl-a207e20c-42ee-4864-92cb-a931ccd2d47f/datanode-2/data/ratis] (custom)
2019-09-25 11:43:58,200 [pool-47-thread-1] INFO  storage.RaftStorageDirectory (RaftStorageDirectory.java:analyzeStorage(246)) - The storage directory /workdir/hadoop-ozone/integration-test/target/test-dir/MiniOzoneClusterImpl-a207e20c-42ee-4864-92cb-a931ccd2d47f/datanode-2/data/ratis/b24cc207-ac4c-486f-bf81-15438488d8e4 does not exist. Creating ...
2019-09-25 11:43:58,213 [pool-47-thread-1] INFO  storage.RaftStorageDirectory (RaftStorageDirectory.java:tryLock(328)) - Lock on /workdir/hadoop-ozone/integration-test/target/test-dir/MiniOzoneClusterImpl-a207e20c-42ee-4864-92cb-a931ccd2d47f/datanode-2/data/ratis/b24cc207-ac4c-486f-bf81-15438488d8e4/in_use.lock acquired by nodename 9579@pr-hdds-1569-5gmkr-4255264070
2019-09-25 11:43:58,227 [pool-47-thread-1] INFO  storage.RaftStorage (RaftStorage.java:format(72)) - Storage directory /workdir/hadoop-ozone/integration-test/target/test-dir/MiniOzoneClusterImpl-a207e20c-42ee-4864-92cb-a931ccd2d47f/datanode-2/data/ratis/b24cc207-ac4c-486f-bf81-15438488d8e4 has been successfully formatted.
2019-09-25 11:43:58,227 [pool-47-thread-1] INFO  ratis.ContainerStateMachine (ContainerStateMachine.java:loadSnapshot(230)) - group-15438488D8E4: The snapshot info is null. Setting the last applied indexto:(t:0, i:~)
2019-09-25 11:43:58,227 [pool-47-thread-1] INFO  server.RaftServerConfigKeys (ConfUtils.java:logGet(43)) - raft.server.notification.no-leader.timeout = 120s (custom)
2019-09-25 11:43:58,227 [pool-47-thread-1] INFO  server.RaftServerConfigKeys (ConfUtils.java:logGet(43)) - raft.server.log.use.memory = false (default)
2019-09-25 11:43:58,227 [pool-47-thread-1] INFO  server.RaftServerConfigKeys (ConfUtils.java:logGet(43)) - raft.server.log.purge.gap = 1000000 (custom)
2019-09-25 11:43:58,228 [pool-47-thread-1] INFO  server.RaftServerConfigKeys (ConfUtils.java:logGet(43)) - raft.server.log.appender.buffer.byte-limit = 33554432 (custom)
2019-09-25 11:43:58,228 [pool-47-thread-1] INFO  server.RaftServerConfigKeys (ConfUtils.java:logGet(43)) - raft.server.log.segment.size.max = 1048576 (custom)
2019-09-25 11:43:58,228 [pool-47-thread-1] INFO  server.RaftServerConfigKeys (ConfUtils.java:logGet(43)) - raft.server.log.segment.cache.num.max = 2 (custom)
2019-09-25 11:43:58,228 [pool-47-thread-1] INFO  segmented.SegmentedRaftLogWorker (SegmentedRaftLogWorker.java:<init>(172)) - new 23446a0b-162d-43e0-a8ad-af938e24e577@group-15438488D8E4-SegmentedRaftLogWorker for RaftStorage:Storage Directory /workdir/hadoop-ozone/integration-test/target/test-dir/MiniOzoneClusterImpl-a207e20c-42ee-4864-92cb-a931ccd2d47f/datanode-2/data/ratis/b24cc207-ac4c-486f-bf81-15438488d8e4
2019-09-25 11:43:58,228 [pool-47-thread-1] INFO  server.RaftServerConfigKeys (ConfUtils.java:logGet(43)) - raft.server.log.queue.byte-limit = 2147483647 (custom)
2019-09-25 11:43:58,228 [pool-47-thread-1] INFO  server.RaftServerConfigKeys (ConfUtils.java:logGet(43)) - raft.server.log.queue.element-limit = 1024 (custom)
2019-09-25 11:43:58,229 [pool-47-thread-1] INFO  server.RaftServerConfigKeys (ConfUtils.java:logGet(43)) - raft.server.log.segment.size.max = 1048576 (custom)
2019-09-25 11:43:58,229 [pool-47-thread-1] INFO  server.RaftServerConfigKeys (ConfUtils.java:logGet(43)) - raft.server.log.preallocated.size = 16384 (custom)
2019-09-25 11:43:58,229 [pool-47-thread-1] INFO  server.RaftServerConfigKeys (ConfUtils.java:logGet(43)) - raft.server.log.write.buffer.size = 33554432 (custom)
2019-09-25 11:43:58,229 [pool-47-thread-1] INFO  server.RaftServerConfigKeys (ConfUtils.java:logGet(43)) - raft.server.log.force.sync.num = 128 (default)
2019-09-25 11:43:58,229 [pool-47-thread-1] INFO  server.RaftServerConfigKeys (ConfUtils.java:logGet(43)) - raft.server.log.statemachine.data.sync = true (default)
2019-09-25 11:43:58,229 [pool-47-thread-1] INFO  server.RaftServerConfigKeys (ConfUtils.java:logGet(43)) - raft.server.log.statemachine.data.sync.timeout = 10s (default)
2019-09-25 11:43:58,229 [pool-47-thread-1] INFO  server.RaftServerConfigKeys (ConfUtils.java:logGet(43)) - raft.server.log.statemachine.data.sync.timeout.retry = -1 (default)
2019-09-25 11:43:58,230 [pool-47-thread-1] INFO  server.RaftServerConfigKeys (ConfUtils.java:logGet(43)) - raft.server.log.statemachine.data.caching.enabled = true (custom)
2019-09-25 11:43:58,230 [pool-47-thread-1] INFO  segmented.SegmentedRaftLogWorker (SegmentedRaftLogWorker.java:lambda$new$0(132)) - 23446a0b-162d-43e0-a8ad-af938e24e577@group-15438488D8E4-SegmentedRaftLogWorker: flushIndex: setUnconditionally 0 -> -1
2019-09-25 11:43:58,230 [pool-47-thread-1] INFO  server.RaftServerConfigKeys (ConfUtils.java:logGet(43)) - raft.server.snapshot.auto.trigger.enabled = true (custom)
2019-09-25 11:43:58,230 [pool-47-thread-1] INFO  server.RaftServerConfigKeys (ConfUtils.java:logGet(43)) - raft.server.snapshot.auto.trigger.threshold = 10000 (custom)
2019-09-25 11:43:58,230 [pool-47-thread-1] INFO  server.RaftServerConfigKeys (ConfUtils.java:logGet(43)) - raft.server.snapshot.retention.num.files = 5 (custom)
2019-09-25 11:43:58,231 [pool-47-thread-1] INFO  server.RaftServerConfigKeys (ConfUtils.java:logGet(43)) - raft.server.retrycache.expirytime = 600000ms (custom)
2019-09-25 11:43:58,233 [pool-47-thread-1] INFO  impl.RaftServerImpl (RaftServerImpl.java:start(185)) - 23446a0b-162d-43e0-a8ad-af938e24e577@group-15438488D8E4: start as a follower, conf=-1: [23446a0b-162d-43e0-a8ad-af938e24e577:192.168.30.6:41601], old=null
2019-09-25 11:43:58,234 [pool-47-thread-1] INFO  impl.RaftServerImpl (RaftServerImpl.java:setRole(174)) - 23446a0b-162d-43e0-a8ad-af938e24e577@group-15438488D8E4: changes role from      null to FOLLOWER at term 0 for startAsFollower
2019-09-25 11:43:58,234 [pool-47-thread-1] INFO  impl.RoleInfo (RoleInfo.java:updateAndGet(143)) - 23446a0b-162d-43e0-a8ad-af938e24e577: start FollowerState
2019-09-25 11:43:58,234 [pool-47-thread-1] INFO  util.JmxRegister (JmxRegister.java:tryRegister(44)) - Successfully registered JMX Bean with object name Ratis:service=RaftServer,group=group-15438488D8E4,id=23446a0b-162d-43e0-a8ad-af938e24e577
2019-09-25 11:43:58,244 [RatisPipelineUtilsThread] INFO  pipeline.PipelineStateManager (PipelineStateManager.java:addPipeline(56)) - Created pipeline Pipeline[ Id: b24cc207-ac4c-486f-bf81-15438488d8e4, Nodes: 23446a0b-162d-43e0-a8ad-af938e24e577{ip: 192.168.30.6, host: pr-hdds-1569-5gmkr-4255264070, networkLocation: /default-rack, certSerialId: null}, Type:RATIS, Factor:ONE, State:OPEN]
2019-09-25 11:43:58,258 [grpc-default-executor-0] INFO  impl.RaftServerProxy (RaftServerProxy.java:addNew(89)) - 0b0def17-0118-466c-b8b3-e46885956633: addNew group-0BEDEA513479:[0b0def17-0118-466c-b8b3-e46885956633:192.168.30.6:44389] returns group-0BEDEA513479:java.util.concurrent.CompletableFuture@201024a8[Not completed]
2019-09-25 11:43:58,260 [pool-37-thread-1] INFO  impl.RaftServerImpl (RaftServerImpl.java:<init>(95)) - 0b0def17-0118-466c-b8b3-e46885956633: new RaftServerImpl for group-0BEDEA513479:[0b0def17-0118-466c-b8b3-e46885956633:192.168.30.6:44389] with ContainerStateMachine:uninitialized
2019-09-25 11:43:58,261 [pool-37-thread-1] INFO  server.RaftServerConfigKeys (ConfUtils.java:logGet(43)) - raft.server.rpc.timeout.min = 5s (custom)
2019-09-25 11:43:58,261 [pool-37-thread-1] INFO  server.RaftServerConfigKeys (ConfUtils.java:logGet(43)) - raft.server.rpc.timeout.max = 5200ms (custom)
2019-09-25 11:43:58,261 [pool-37-thread-1] INFO  server.RaftServerConfigKeys (ConfUtils.java:logGet(43)) - raft.server.rpcslowness.timeout = 120s (custom)
2019-09-25 11:43:58,261 [pool-37-thread-1] INFO  server.RaftServerConfigKeys (ConfUtils.java:logGet(43)) - raft.server.sleep.deviation.threshold = 300 (default)
2019-09-25 11:43:58,261 [pool-37-thread-1] INFO  server.RaftServerConfigKeys (ConfUtils.java:logGet(43)) - raft.server.log.appender.install.snapshot.enabled = false (custom)
2019-09-25 11:43:58,261 [pool-37-thread-1] INFO  impl.RaftServerImpl (ServerState.java:<init>(103)) - 0b0def17-0118-466c-b8b3-e46885956633@group-0BEDEA513479: ConfigurationManager, init=-1: [0b0def17-0118-466c-b8b3-e46885956633:192.168.30.6:44389], old=null, confs=<EMPTY_MAP>
2019-09-25 11:43:58,262 [pool-37-thread-1] INFO  server.RaftServerConfigKeys (ConfUtils.java:logGet(43)) - raft.server.storage.dir = [/workdir/hadoop-ozone/integration-test/target/test-dir/MiniOzoneClusterImpl-a207e20c-42ee-4864-92cb-a931ccd2d47f/datanode-1/data/ratis] (custom)
2019-09-25 11:43:58,262 [pool-37-thread-1] INFO  storage.RaftStorageDirectory (RaftStorageDirectory.java:analyzeStorage(246)) - The storage directory /workdir/hadoop-ozone/integration-test/target/test-dir/MiniOzoneClusterImpl-a207e20c-42ee-4864-92cb-a931ccd2d47f/datanode-1/data/ratis/c03627ef-ded5-45f3-a561-0bedea513479 does not exist. Creating ...
2019-09-25 11:43:58,275 [pool-37-thread-1] INFO  storage.RaftStorageDirectory (RaftStorageDirectory.java:tryLock(328)) - Lock on /workdir/hadoop-ozone/integration-test/target/test-dir/MiniOzoneClusterImpl-a207e20c-42ee-4864-92cb-a931ccd2d47f/datanode-1/data/ratis/c03627ef-ded5-45f3-a561-0bedea513479/in_use.lock acquired by nodename 9579@pr-hdds-1569-5gmkr-4255264070
2019-09-25 11:43:58,288 [pool-37-thread-1] INFO  storage.RaftStorage (RaftStorage.java:format(72)) - Storage directory /workdir/hadoop-ozone/integration-test/target/test-dir/MiniOzoneClusterImpl-a207e20c-42ee-4864-92cb-a931ccd2d47f/datanode-1/data/ratis/c03627ef-ded5-45f3-a561-0bedea513479 has been successfully formatted.
2019-09-25 11:43:58,289 [pool-37-thread-1] INFO  ratis.ContainerStateMachine (ContainerStateMachine.java:loadSnapshot(230)) - group-0BEDEA513479: The snapshot info is null. Setting the last applied indexto:(t:0, i:~)
2019-09-25 11:43:58,289 [pool-37-thread-1] INFO  server.RaftServerConfigKeys (ConfUtils.java:logGet(43)) - raft.server.notification.no-leader.timeout = 120s (custom)
2019-09-25 11:43:58,289 [pool-37-thread-1] INFO  server.RaftServerConfigKeys (ConfUtils.java:logGet(43)) - raft.server.log.use.memory = false (default)
2019-09-25 11:43:58,289 [pool-37-thread-1] INFO  server.RaftServerConfigKeys (ConfUtils.java:logGet(43)) - raft.server.log.purge.gap = 1000000 (custom)
2019-09-25 11:43:58,289 [pool-37-thread-1] INFO  server.RaftServerConfigKeys (ConfUtils.java:logGet(43)) - raft.server.log.appender.buffer.byte-limit = 33554432 (custom)
2019-09-25 11:43:58,289 [pool-37-thread-1] INFO  server.RaftServerConfigKeys (ConfUtils.java:logGet(43)) - raft.server.log.segment.size.max = 1048576 (custom)
2019-09-25 11:43:58,290 [pool-37-thread-1] INFO  server.RaftServerConfigKeys (ConfUtils.java:logGet(43)) - raft.server.log.segment.cache.num.max = 2 (custom)
2019-09-25 11:43:58,290 [pool-37-thread-1] INFO  segmented.SegmentedRaftLogWorker (SegmentedRaftLogWorker.java:<init>(172)) - new 0b0def17-0118-466c-b8b3-e46885956633@group-0BEDEA513479-SegmentedRaftLogWorker for RaftStorage:Storage Directory /workdir/hadoop-ozone/integration-test/target/test-dir/MiniOzoneClusterImpl-a207e20c-42ee-4864-92cb-a931ccd2d47f/datanode-1/data/ratis/c03627ef-ded5-45f3-a561-0bedea513479
2019-09-25 11:43:58,290 [pool-37-thread-1] INFO  server.RaftServerConfigKeys (ConfUtils.java:logGet(43)) - raft.server.log.queue.byte-limit = 2147483647 (custom)
2019-09-25 11:43:58,290 [pool-37-thread-1] INFO  server.RaftServerConfigKeys (ConfUtils.java:logGet(43)) - raft.server.log.queue.element-limit = 1024 (custom)
2019-09-25 11:43:58,290 [pool-37-thread-1] INFO  server.RaftServerConfigKeys (ConfUtils.java:logGet(43)) - raft.server.log.segment.size.max = 1048576 (custom)
2019-09-25 11:43:58,290 [pool-37-thread-1] INFO  server.RaftServerConfigKeys (ConfUtils.java:logGet(43)) - raft.server.log.preallocated.size = 16384 (custom)
2019-09-25 11:43:58,290 [pool-37-thread-1] INFO  server.RaftServerConfigKeys (ConfUtils.java:logGet(43)) - raft.server.log.write.buffer.size = 33554432 (custom)
2019-09-25 11:43:58,290 [pool-37-thread-1] INFO  server.RaftServerConfigKeys (ConfUtils.java:logGet(43)) - raft.server.log.force.sync.num = 128 (default)
2019-09-25 11:43:58,290 [pool-37-thread-1] INFO  server.RaftServerConfigKeys (ConfUtils.java:logGet(43)) - raft.server.log.statemachine.data.sync = true (default)
2019-09-25 11:43:58,291 [pool-37-thread-1] INFO  server.RaftServerConfigKeys (ConfUtils.java:logGet(43)) - raft.server.log.statemachine.data.sync.timeout = 10s (default)
2019-09-25 11:43:58,291 [pool-37-thread-1] INFO  server.RaftServerConfigKeys (ConfUtils.java:logGet(43)) - raft.server.log.statemachine.data.sync.timeout.retry = -1 (default)
2019-09-25 11:43:58,291 [pool-37-thread-1] INFO  server.RaftServerConfigKeys (ConfUtils.java:logGet(43)) - raft.server.log.statemachine.data.caching.enabled = true (custom)
2019-09-25 11:43:58,291 [pool-37-thread-1] INFO  segmented.SegmentedRaftLogWorker (SegmentedRaftLogWorker.java:lambda$new$0(132)) - 0b0def17-0118-466c-b8b3-e46885956633@group-0BEDEA513479-SegmentedRaftLogWorker: flushIndex: setUnconditionally 0 -> -1
2019-09-25 11:43:58,292 [pool-37-thread-1] INFO  server.RaftServerConfigKeys (ConfUtils.java:logGet(43)) - raft.server.snapshot.auto.trigger.enabled = true (custom)
2019-09-25 11:43:58,292 [pool-37-thread-1] INFO  server.RaftServerConfigKeys (ConfUtils.java:logGet(43)) - raft.server.snapshot.auto.trigger.threshold = 10000 (custom)
2019-09-25 11:43:58,292 [pool-37-thread-1] INFO  server.RaftServerConfigKeys (ConfUtils.java:logGet(43)) - raft.server.snapshot.retention.num.files = 5 (custom)
2019-09-25 11:43:58,292 [pool-37-thread-1] INFO  server.RaftServerConfigKeys (ConfUtils.java:logGet(43)) - raft.server.retrycache.expirytime = 600000ms (custom)
2019-09-25 11:43:58,294 [pool-37-thread-1] INFO  impl.RaftServerImpl (RaftServerImpl.java:start(185)) - 0b0def17-0118-466c-b8b3-e46885956633@group-0BEDEA513479: start as a follower, conf=-1: [0b0def17-0118-466c-b8b3-e46885956633:192.168.30.6:44389], old=null
2019-09-25 11:43:58,294 [pool-37-thread-1] INFO  impl.RaftServerImpl (RaftServerImpl.java:setRole(174)) - 0b0def17-0118-466c-b8b3-e46885956633@group-0BEDEA513479: changes role from      null to FOLLOWER at term 0 for startAsFollower
2019-09-25 11:43:58,294 [pool-37-thread-1] INFO  impl.RoleInfo (RoleInfo.java:updateAndGet(143)) - 0b0def17-0118-466c-b8b3-e46885956633: start FollowerState
2019-09-25 11:43:58,295 [pool-37-thread-1] INFO  util.JmxRegister (JmxRegister.java:tryRegister(44)) - Successfully registered JMX Bean with object name Ratis:service=RaftServer,group=group-0BEDEA513479,id=0b0def17-0118-466c-b8b3-e46885956633
2019-09-25 11:43:58,301 [RatisPipelineUtilsThread] INFO  pipeline.PipelineStateManager (PipelineStateManager.java:addPipeline(56)) - Created pipeline Pipeline[ Id: c03627ef-ded5-45f3-a561-0bedea513479, Nodes: 0b0def17-0118-466c-b8b3-e46885956633{ip: 192.168.30.6, host: pr-hdds-1569-5gmkr-4255264070, networkLocation: /default-rack, certSerialId: null}, Type:RATIS, Factor:ONE, State:OPEN]
2019-09-25 11:43:58,301 [RatisPipelineUtilsThread] INFO  pipeline.PipelinePlacementPolicy (PipelinePlacementPolicy.java:meetCriteria(91)) - Pipeline Placement: can't place more pipeline on heavy datanode： 0b0def17-0118-466c-b8b3-e46885956633 Heaviness: 6 limit: 5
2019-09-25 11:43:58,318 [grpc-default-executor-0] INFO  impl.RaftServerProxy (RaftServerProxy.java:addNew(89)) - 23446a0b-162d-43e0-a8ad-af938e24e577: addNew group-3A6749B80F17:[23446a0b-162d-43e0-a8ad-af938e24e577:192.168.30.6:41601] returns group-3A6749B80F17:java.util.concurrent.CompletableFuture@3dc02008[Not completed]
2019-09-25 11:43:58,320 [pool-47-thread-1] INFO  impl.RaftServerImpl (RaftServerImpl.java:<init>(95)) - 23446a0b-162d-43e0-a8ad-af938e24e577: new RaftServerImpl for group-3A6749B80F17:[23446a0b-162d-43e0-a8ad-af938e24e577:192.168.30.6:41601] with ContainerStateMachine:uninitialized
2019-09-25 11:43:58,320 [pool-47-thread-1] INFO  server.RaftServerConfigKeys (ConfUtils.java:logGet(43)) - raft.server.rpc.timeout.min = 5s (custom)
2019-09-25 11:43:58,320 [pool-47-thread-1] INFO  server.RaftServerConfigKeys (ConfUtils.java:logGet(43)) - raft.server.rpc.timeout.max = 5200ms (custom)
2019-09-25 11:43:58,320 [pool-47-thread-1] INFO  server.RaftServerConfigKeys (ConfUtils.java:logGet(43)) - raft.server.rpcslowness.timeout = 120s (custom)
2019-09-25 11:43:58,320 [pool-47-thread-1] INFO  server.RaftServerConfigKeys (ConfUtils.java:logGet(43)) - raft.server.sleep.deviation.threshold = 300 (default)
2019-09-25 11:43:58,321 [pool-47-thread-1] INFO  server.RaftServerConfigKeys (ConfUtils.java:logGet(43)) - raft.server.log.appender.install.snapshot.enabled = false (custom)
2019-09-25 11:43:58,321 [pool-47-thread-1] INFO  impl.RaftServerImpl (ServerState.java:<init>(103)) - 23446a0b-162d-43e0-a8ad-af938e24e577@group-3A6749B80F17: ConfigurationManager, init=-1: [23446a0b-162d-43e0-a8ad-af938e24e577:192.168.30.6:41601], old=null, confs=<EMPTY_MAP>
2019-09-25 11:43:58,321 [pool-47-thread-1] INFO  server.RaftServerConfigKeys (ConfUtils.java:logGet(43)) - raft.server.storage.dir = [/workdir/hadoop-ozone/integration-test/target/test-dir/MiniOzoneClusterImpl-a207e20c-42ee-4864-92cb-a931ccd2d47f/datanode-2/data/ratis] (custom)
2019-09-25 11:43:58,321 [pool-47-thread-1] INFO  storage.RaftStorageDirectory (RaftStorageDirectory.java:analyzeStorage(246)) - The storage directory /workdir/hadoop-ozone/integration-test/target/test-dir/MiniOzoneClusterImpl-a207e20c-42ee-4864-92cb-a931ccd2d47f/datanode-2/data/ratis/882bac5e-d0e5-4d9e-b8a8-3a6749b80f17 does not exist. Creating ...
2019-09-25 11:43:58,336 [pool-47-thread-1] INFO  storage.RaftStorageDirectory (RaftStorageDirectory.java:tryLock(328)) - Lock on /workdir/hadoop-ozone/integration-test/target/test-dir/MiniOzoneClusterImpl-a207e20c-42ee-4864-92cb-a931ccd2d47f/datanode-2/data/ratis/882bac5e-d0e5-4d9e-b8a8-3a6749b80f17/in_use.lock acquired by nodename 9579@pr-hdds-1569-5gmkr-4255264070
2019-09-25 11:43:58,391 [pool-47-thread-1] INFO  storage.RaftStorage (RaftStorage.java:format(72)) - Storage directory /workdir/hadoop-ozone/integration-test/target/test-dir/MiniOzoneClusterImpl-a207e20c-42ee-4864-92cb-a931ccd2d47f/datanode-2/data/ratis/882bac5e-d0e5-4d9e-b8a8-3a6749b80f17 has been successfully formatted.
2019-09-25 11:43:58,392 [pool-47-thread-1] INFO  ratis.ContainerStateMachine (ContainerStateMachine.java:loadSnapshot(230)) - group-3A6749B80F17: The snapshot info is null. Setting the last applied indexto:(t:0, i:~)
2019-09-25 11:43:58,392 [pool-47-thread-1] INFO  server.RaftServerConfigKeys (ConfUtils.java:logGet(43)) - raft.server.notification.no-leader.timeout = 120s (custom)
2019-09-25 11:43:58,392 [pool-47-thread-1] INFO  server.RaftServerConfigKeys (ConfUtils.java:logGet(43)) - raft.server.log.use.memory = false (default)
2019-09-25 11:43:58,392 [pool-47-thread-1] INFO  server.RaftServerConfigKeys (ConfUtils.java:logGet(43)) - raft.server.log.purge.gap = 1000000 (custom)
2019-09-25 11:43:58,393 [pool-47-thread-1] INFO  server.RaftServerConfigKeys (ConfUtils.java:logGet(43)) - raft.server.log.appender.buffer.byte-limit = 33554432 (custom)
2019-09-25 11:43:58,393 [pool-47-thread-1] INFO  server.RaftServerConfigKeys (ConfUtils.java:logGet(43)) - raft.server.log.segment.size.max = 1048576 (custom)
2019-09-25 11:43:58,393 [pool-47-thread-1] INFO  server.RaftServerConfigKeys (ConfUtils.java:logGet(43)) - raft.server.log.segment.cache.num.max = 2 (custom)
2019-09-25 11:43:58,393 [pool-47-thread-1] INFO  segmented.SegmentedRaftLogWorker (SegmentedRaftLogWorker.java:<init>(172)) - new 23446a0b-162d-43e0-a8ad-af938e24e577@group-3A6749B80F17-SegmentedRaftLogWorker for RaftStorage:Storage Directory /workdir/hadoop-ozone/integration-test/target/test-dir/MiniOzoneClusterImpl-a207e20c-42ee-4864-92cb-a931ccd2d47f/datanode-2/data/ratis/882bac5e-d0e5-4d9e-b8a8-3a6749b80f17
2019-09-25 11:43:58,393 [pool-47-thread-1] INFO  server.RaftServerConfigKeys (ConfUtils.java:logGet(43)) - raft.server.log.queue.byte-limit = 2147483647 (custom)
2019-09-25 11:43:58,393 [pool-47-thread-1] INFO  server.RaftServerConfigKeys (ConfUtils.java:logGet(43)) - raft.server.log.queue.element-limit = 1024 (custom)
2019-09-25 11:43:58,395 [pool-47-thread-1] INFO  server.RaftServerConfigKeys (ConfUtils.java:logGet(43)) - raft.server.log.segment.size.max = 1048576 (custom)
2019-09-25 11:43:58,395 [pool-47-thread-1] INFO  server.RaftServerConfigKeys (ConfUtils.java:logGet(43)) - raft.server.log.preallocated.size = 16384 (custom)
2019-09-25 11:43:58,395 [pool-47-thread-1] INFO  server.RaftServerConfigKeys (ConfUtils.java:logGet(43)) - raft.server.log.write.buffer.size = 33554432 (custom)
2019-09-25 11:43:58,395 [pool-47-thread-1] INFO  server.RaftServerConfigKeys (ConfUtils.java:logGet(43)) - raft.server.log.force.sync.num = 128 (default)
2019-09-25 11:43:58,395 [pool-47-thread-1] INFO  server.RaftServerConfigKeys (ConfUtils.java:logGet(43)) - raft.server.log.statemachine.data.sync = true (default)
2019-09-25 11:43:58,396 [pool-47-thread-1] INFO  server.RaftServerConfigKeys (ConfUtils.java:logGet(43)) - raft.server.log.statemachine.data.sync.timeout = 10s (default)
2019-09-25 11:43:58,396 [pool-47-thread-1] INFO  server.RaftServerConfigKeys (ConfUtils.java:logGet(43)) - raft.server.log.statemachine.data.sync.timeout.retry = -1 (default)
2019-09-25 11:43:58,396 [pool-47-thread-1] INFO  server.RaftServerConfigKeys (ConfUtils.java:logGet(43)) - raft.server.log.statemachine.data.caching.enabled = true (custom)
2019-09-25 11:43:58,396 [pool-47-thread-1] INFO  segmented.SegmentedRaftLogWorker (SegmentedRaftLogWorker.java:lambda$new$0(132)) - 23446a0b-162d-43e0-a8ad-af938e24e577@group-3A6749B80F17-SegmentedRaftLogWorker: flushIndex: setUnconditionally 0 -> -1
2019-09-25 11:43:58,397 [pool-47-thread-1] INFO  server.RaftServerConfigKeys (ConfUtils.java:logGet(43)) - raft.server.snapshot.auto.trigger.enabled = true (custom)
2019-09-25 11:43:58,397 [pool-47-thread-1] INFO  server.RaftServerConfigKeys (ConfUtils.java:logGet(43)) - raft.server.snapshot.auto.trigger.threshold = 10000 (custom)
2019-09-25 11:43:58,397 [pool-47-thread-1] INFO  server.RaftServerConfigKeys (ConfUtils.java:logGet(43)) - raft.server.snapshot.retention.num.files = 5 (custom)
2019-09-25 11:43:58,397 [pool-47-thread-1] INFO  server.RaftServerConfigKeys (ConfUtils.java:logGet(43)) - raft.server.retrycache.expirytime = 600000ms (custom)
2019-09-25 11:43:58,400 [pool-47-thread-1] INFO  impl.RaftServerImpl (RaftServerImpl.java:start(185)) - 23446a0b-162d-43e0-a8ad-af938e24e577@group-3A6749B80F17: start as a follower, conf=-1: [23446a0b-162d-43e0-a8ad-af938e24e577:192.168.30.6:41601], old=null
2019-09-25 11:43:58,400 [pool-47-thread-1] INFO  impl.RaftServerImpl (RaftServerImpl.java:setRole(174)) - 23446a0b-162d-43e0-a8ad-af938e24e577@group-3A6749B80F17: changes role from      null to FOLLOWER at term 0 for startAsFollower
2019-09-25 11:43:58,401 [pool-47-thread-1] INFO  impl.RoleInfo (RoleInfo.java:updateAndGet(143)) - 23446a0b-162d-43e0-a8ad-af938e24e577: start FollowerState
2019-09-25 11:43:58,401 [pool-47-thread-1] INFO  util.JmxRegister (JmxRegister.java:tryRegister(44)) - Successfully registered JMX Bean with object name Ratis:service=RaftServer,group=group-3A6749B80F17,id=23446a0b-162d-43e0-a8ad-af938e24e577
2019-09-25 11:43:58,406 [RatisPipelineUtilsThread] INFO  pipeline.PipelineStateManager (PipelineStateManager.java:addPipeline(56)) - Created pipeline Pipeline[ Id: 882bac5e-d0e5-4d9e-b8a8-3a6749b80f17, Nodes: 23446a0b-162d-43e0-a8ad-af938e24e577{ip: 192.168.30.6, host: pr-hdds-1569-5gmkr-4255264070, networkLocation: /default-rack, certSerialId: null}, Type:RATIS, Factor:ONE, State:OPEN]
2019-09-25 11:43:58,406 [RatisPipelineUtilsThread] INFO  pipeline.PipelinePlacementPolicy (PipelinePlacementPolicy.java:meetCriteria(91)) - Pipeline Placement: can't place more pipeline on heavy datanode： 0b0def17-0118-466c-b8b3-e46885956633 Heaviness: 6 limit: 5
2019-09-25 11:43:58,406 [RatisPipelineUtilsThread] INFO  pipeline.PipelinePlacementPolicy (PipelinePlacementPolicy.java:meetCriteria(91)) - Pipeline Placement: can't place more pipeline on heavy datanode： 23446a0b-162d-43e0-a8ad-af938e24e577 Heaviness: 6 limit: 5
2019-09-25 11:43:58,419 [grpc-default-executor-0] INFO  impl.RaftServerProxy (RaftServerProxy.java:addNew(89)) - e0e6d57f-f91e-4ea8-aa2d-63ea10a38e43: addNew group-06C5ADDB4CF4:[e0e6d57f-f91e-4ea8-aa2d-63ea10a38e43:192.168.30.6:37819] returns group-06C5ADDB4CF4:java.util.concurrent.CompletableFuture@1a2430d0[Not completed]
2019-09-25 11:43:58,420 [pool-27-thread-1] INFO  impl.RaftServerImpl (RaftServerImpl.java:<init>(95)) - e0e6d57f-f91e-4ea8-aa2d-63ea10a38e43: new RaftServerImpl for group-06C5ADDB4CF4:[e0e6d57f-f91e-4ea8-aa2d-63ea10a38e43:192.168.30.6:37819] with ContainerStateMachine:uninitialized
2019-09-25 11:43:58,420 [pool-27-thread-1] INFO  server.RaftServerConfigKeys (ConfUtils.java:logGet(43)) - raft.server.rpc.timeout.min = 5s (custom)
2019-09-25 11:43:58,421 [pool-27-thread-1] INFO  server.RaftServerConfigKeys (ConfUtils.java:logGet(43)) - raft.server.rpc.timeout.max = 5200ms (custom)
2019-09-25 11:43:58,421 [pool-27-thread-1] INFO  server.RaftServerConfigKeys (ConfUtils.java:logGet(43)) - raft.server.rpcslowness.timeout = 120s (custom)
2019-09-25 11:43:58,421 [pool-27-thread-1] INFO  server.RaftServerConfigKeys (ConfUtils.java:logGet(43)) - raft.server.sleep.deviation.threshold = 300 (default)
2019-09-25 11:43:58,421 [pool-27-thread-1] INFO  server.RaftServerConfigKeys (ConfUtils.java:logGet(43)) - raft.server.log.appender.install.snapshot.enabled = false (custom)
2019-09-25 11:43:58,421 [pool-27-thread-1] INFO  impl.RaftServerImpl (ServerState.java:<init>(103)) - e0e6d57f-f91e-4ea8-aa2d-63ea10a38e43@group-06C5ADDB4CF4: ConfigurationManager, init=-1: [e0e6d57f-f91e-4ea8-aa2d-63ea10a38e43:192.168.30.6:37819], old=null, confs=<EMPTY_MAP>
2019-09-25 11:43:58,421 [pool-27-thread-1] INFO  server.RaftServerConfigKeys (ConfUtils.java:logGet(43)) - raft.server.storage.dir = [/workdir/hadoop-ozone/integration-test/target/test-dir/MiniOzoneClusterImpl-a207e20c-42ee-4864-92cb-a931ccd2d47f/datanode-0/data/ratis] (custom)
2019-09-25 11:43:58,422 [pool-27-thread-1] INFO  storage.RaftStorageDirectory (RaftStorageDirectory.java:analyzeStorage(246)) - The storage directory /workdir/hadoop-ozone/integration-test/target/test-dir/MiniOzoneClusterImpl-a207e20c-42ee-4864-92cb-a931ccd2d47f/datanode-0/data/ratis/472fa951-9b8f-4807-af90-06c5addb4cf4 does not exist. Creating ...
2019-09-25 11:43:58,435 [pool-27-thread-1] INFO  storage.RaftStorageDirectory (RaftStorageDirectory.java:tryLock(328)) - Lock on /workdir/hadoop-ozone/integration-test/target/test-dir/MiniOzoneClusterImpl-a207e20c-42ee-4864-92cb-a931ccd2d47f/datanode-0/data/ratis/472fa951-9b8f-4807-af90-06c5addb4cf4/in_use.lock acquired by nodename 9579@pr-hdds-1569-5gmkr-4255264070
2019-09-25 11:43:58,448 [pool-27-thread-1] INFO  storage.RaftStorage (RaftStorage.java:format(72)) - Storage directory /workdir/hadoop-ozone/integration-test/target/test-dir/MiniOzoneClusterImpl-a207e20c-42ee-4864-92cb-a931ccd2d47f/datanode-0/data/ratis/472fa951-9b8f-4807-af90-06c5addb4cf4 has been successfully formatted.
2019-09-25 11:43:58,448 [pool-27-thread-1] INFO  ratis.ContainerStateMachine (ContainerStateMachine.java:loadSnapshot(230)) - group-06C5ADDB4CF4: The snapshot info is null. Setting the last applied indexto:(t:0, i:~)
2019-09-25 11:43:58,448 [pool-27-thread-1] INFO  server.RaftServerConfigKeys (ConfUtils.java:logGet(43)) - raft.server.notification.no-leader.timeout = 120s (custom)
2019-09-25 11:43:58,448 [pool-27-thread-1] INFO  server.RaftServerConfigKeys (ConfUtils.java:logGet(43)) - raft.server.log.use.memory = false (default)
2019-09-25 11:43:58,449 [pool-27-thread-1] INFO  server.RaftServerConfigKeys (ConfUtils.java:logGet(43)) - raft.server.log.purge.gap = 1000000 (custom)
2019-09-25 11:43:58,449 [pool-27-thread-1] INFO  server.RaftServerConfigKeys (ConfUtils.java:logGet(43)) - raft.server.log.appender.buffer.byte-limit = 33554432 (custom)
2019-09-25 11:43:58,449 [pool-27-thread-1] INFO  server.RaftServerConfigKeys (ConfUtils.java:logGet(43)) - raft.server.log.segment.size.max = 1048576 (custom)
2019-09-25 11:43:58,449 [pool-27-thread-1] INFO  server.RaftServerConfigKeys (ConfUtils.java:logGet(43)) - raft.server.log.segment.cache.num.max = 2 (custom)
2019-09-25 11:43:58,449 [pool-27-thread-1] INFO  segmented.SegmentedRaftLogWorker (SegmentedRaftLogWorker.java:<init>(172)) - new e0e6d57f-f91e-4ea8-aa2d-63ea10a38e43@group-06C5ADDB4CF4-SegmentedRaftLogWorker for RaftStorage:Storage Directory /workdir/hadoop-ozone/integration-test/target/test-dir/MiniOzoneClusterImpl-a207e20c-42ee-4864-92cb-a931ccd2d47f/datanode-0/data/ratis/472fa951-9b8f-4807-af90-06c5addb4cf4
2019-09-25 11:43:58,449 [pool-27-thread-1] INFO  server.RaftServerConfigKeys (ConfUtils.java:logGet(43)) - raft.server.log.queue.byte-limit = 2147483647 (custom)
2019-09-25 11:43:58,449 [pool-27-thread-1] INFO  server.RaftServerConfigKeys (ConfUtils.java:logGet(43)) - raft.server.log.queue.element-limit = 1024 (custom)
2019-09-25 11:43:58,449 [pool-27-thread-1] INFO  server.RaftServerConfigKeys (ConfUtils.java:logGet(43)) - raft.server.log.segment.size.max = 1048576 (custom)
2019-09-25 11:43:58,449 [pool-27-thread-1] INFO  server.RaftServerConfigKeys (ConfUtils.java:logGet(43)) - raft.server.log.preallocated.size = 16384 (custom)
2019-09-25 11:43:58,450 [pool-27-thread-1] INFO  server.RaftServerConfigKeys (ConfUtils.java:logGet(43)) - raft.server.log.write.buffer.size = 33554432 (custom)
2019-09-25 11:43:58,450 [pool-27-thread-1] INFO  server.RaftServerConfigKeys (ConfUtils.java:logGet(43)) - raft.server.log.force.sync.num = 128 (default)
2019-09-25 11:43:58,450 [pool-27-thread-1] INFO  server.RaftServerConfigKeys (ConfUtils.java:logGet(43)) - raft.server.log.statemachine.data.sync = true (default)
2019-09-25 11:43:58,450 [pool-27-thread-1] INFO  server.RaftServerConfigKeys (ConfUtils.java:logGet(43)) - raft.server.log.statemachine.data.sync.timeout = 10s (default)
2019-09-25 11:43:58,450 [pool-27-thread-1] INFO  server.RaftServerConfigKeys (ConfUtils.java:logGet(43)) - raft.server.log.statemachine.data.sync.timeout.retry = -1 (default)
2019-09-25 11:43:58,450 [pool-27-thread-1] INFO  server.RaftServerConfigKeys (ConfUtils.java:logGet(43)) - raft.server.log.statemachine.data.caching.enabled = true (custom)
2019-09-25 11:43:58,451 [pool-27-thread-1] INFO  segmented.SegmentedRaftLogWorker (SegmentedRaftLogWorker.java:lambda$new$0(132)) - e0e6d57f-f91e-4ea8-aa2d-63ea10a38e43@group-06C5ADDB4CF4-SegmentedRaftLogWorker: flushIndex: setUnconditionally 0 -> -1
2019-09-25 11:43:58,451 [pool-27-thread-1] INFO  server.RaftServerConfigKeys (ConfUtils.java:logGet(43)) - raft.server.snapshot.auto.trigger.enabled = true (custom)
2019-09-25 11:43:58,451 [pool-27-thread-1] INFO  server.RaftServerConfigKeys (ConfUtils.java:logGet(43)) - raft.server.snapshot.auto.trigger.threshold = 10000 (custom)
2019-09-25 11:43:58,451 [pool-27-thread-1] INFO  server.RaftServerConfigKeys (ConfUtils.java:logGet(43)) - raft.server.snapshot.retention.num.files = 5 (custom)
2019-09-25 11:43:58,451 [pool-27-thread-1] INFO  server.RaftServerConfigKeys (ConfUtils.java:logGet(43)) - raft.server.retrycache.expirytime = 600000ms (custom)
2019-09-25 11:43:58,458 [pool-27-thread-1] INFO  impl.RaftServerImpl (RaftServerImpl.java:start(185)) - e0e6d57f-f91e-4ea8-aa2d-63ea10a38e43@group-06C5ADDB4CF4: start as a follower, conf=-1: [e0e6d57f-f91e-4ea8-aa2d-63ea10a38e43:192.168.30.6:37819], old=null
2019-09-25 11:43:58,459 [pool-27-thread-1] INFO  impl.RaftServerImpl (RaftServerImpl.java:setRole(174)) - e0e6d57f-f91e-4ea8-aa2d-63ea10a38e43@group-06C5ADDB4CF4: changes role from      null to FOLLOWER at term 0 for startAsFollower
2019-09-25 11:43:58,459 [pool-27-thread-1] INFO  impl.RoleInfo (RoleInfo.java:updateAndGet(143)) - e0e6d57f-f91e-4ea8-aa2d-63ea10a38e43: start FollowerState
2019-09-25 11:43:58,459 [pool-27-thread-1] INFO  util.JmxRegister (JmxRegister.java:tryRegister(44)) - Successfully registered JMX Bean with object name Ratis:service=RaftServer,group=group-06C5ADDB4CF4,id=e0e6d57f-f91e-4ea8-aa2d-63ea10a38e43
2019-09-25 11:43:58,464 [RatisPipelineUtilsThread] INFO  pipeline.PipelineStateManager (PipelineStateManager.java:addPipeline(56)) - Created pipeline Pipeline[ Id: 472fa951-9b8f-4807-af90-06c5addb4cf4, Nodes: e0e6d57f-f91e-4ea8-aa2d-63ea10a38e43{ip: 192.168.30.6, host: pr-hdds-1569-5gmkr-4255264070, networkLocation: /default-rack, certSerialId: null}, Type:RATIS, Factor:ONE, State:OPEN]
2019-09-25 11:43:58,464 [RatisPipelineUtilsThread] INFO  pipeline.PipelinePlacementPolicy (PipelinePlacementPolicy.java:meetCriteria(91)) - Pipeline Placement: can't place more pipeline on heavy datanode： 0b0def17-0118-466c-b8b3-e46885956633 Heaviness: 6 limit: 5
2019-09-25 11:43:58,465 [RatisPipelineUtilsThread] INFO  pipeline.PipelinePlacementPolicy (PipelinePlacementPolicy.java:meetCriteria(91)) - Pipeline Placement: can't place more pipeline on heavy datanode： 23446a0b-162d-43e0-a8ad-af938e24e577 Heaviness: 6 limit: 5
2019-09-25 11:43:58,475 [grpc-default-executor-0] INFO  impl.RaftServerProxy (RaftServerProxy.java:addNew(89)) - e0e6d57f-f91e-4ea8-aa2d-63ea10a38e43: addNew group-457F1F4F10A0:[e0e6d57f-f91e-4ea8-aa2d-63ea10a38e43:192.168.30.6:37819] returns group-457F1F4F10A0:java.util.concurrent.CompletableFuture@1921439b[Not completed]
2019-09-25 11:43:58,476 [pool-27-thread-1] INFO  impl.RaftServerImpl (RaftServerImpl.java:<init>(95)) - e0e6d57f-f91e-4ea8-aa2d-63ea10a38e43: new RaftServerImpl for group-457F1F4F10A0:[e0e6d57f-f91e-4ea8-aa2d-63ea10a38e43:192.168.30.6:37819] with ContainerStateMachine:uninitialized
2019-09-25 11:43:58,476 [pool-27-thread-1] INFO  server.RaftServerConfigKeys (ConfUtils.java:logGet(43)) - raft.server.rpc.timeout.min = 5s (custom)
2019-09-25 11:43:58,477 [pool-27-thread-1] INFO  server.RaftServerConfigKeys (ConfUtils.java:logGet(43)) - raft.server.rpc.timeout.max = 5200ms (custom)
2019-09-25 11:43:58,477 [pool-27-thread-1] INFO  server.RaftServerConfigKeys (ConfUtils.java:logGet(43)) - raft.server.rpcslowness.timeout = 120s (custom)
2019-09-25 11:43:58,477 [pool-27-thread-1] INFO  server.RaftServerConfigKeys (ConfUtils.java:logGet(43)) - raft.server.sleep.deviation.threshold = 300 (default)
2019-09-25 11:43:58,477 [pool-27-thread-1] INFO  server.RaftServerConfigKeys (ConfUtils.java:logGet(43)) - raft.server.log.appender.install.snapshot.enabled = false (custom)
2019-09-25 11:43:58,477 [pool-27-thread-1] INFO  impl.RaftServerImpl (ServerState.java:<init>(103)) - e0e6d57f-f91e-4ea8-aa2d-63ea10a38e43@group-457F1F4F10A0: ConfigurationManager, init=-1: [e0e6d57f-f91e-4ea8-aa2d-63ea10a38e43:192.168.30.6:37819], old=null, confs=<EMPTY_MAP>
2019-09-25 11:43:58,477 [pool-27-thread-1] INFO  server.RaftServerConfigKeys (ConfUtils.java:logGet(43)) - raft.server.storage.dir = [/workdir/hadoop-ozone/integration-test/target/test-dir/MiniOzoneClusterImpl-a207e20c-42ee-4864-92cb-a931ccd2d47f/datanode-0/data/ratis] (custom)
2019-09-25 11:43:58,478 [pool-27-thread-1] INFO  storage.RaftStorageDirectory (RaftStorageDirectory.java:analyzeStorage(246)) - The storage directory /workdir/hadoop-ozone/integration-test/target/test-dir/MiniOzoneClusterImpl-a207e20c-42ee-4864-92cb-a931ccd2d47f/datanode-0/data/ratis/d54ad14f-1039-42b4-82d4-457f1f4f10a0 does not exist. Creating ...
2019-09-25 11:43:58,491 [pool-27-thread-1] INFO  storage.RaftStorageDirectory (RaftStorageDirectory.java:tryLock(328)) - Lock on /workdir/hadoop-ozone/integration-test/target/test-dir/MiniOzoneClusterImpl-a207e20c-42ee-4864-92cb-a931ccd2d47f/datanode-0/data/ratis/d54ad14f-1039-42b4-82d4-457f1f4f10a0/in_use.lock acquired by nodename 9579@pr-hdds-1569-5gmkr-4255264070
2019-09-25 11:43:58,504 [pool-27-thread-1] INFO  storage.RaftStorage (RaftStorage.java:format(72)) - Storage directory /workdir/hadoop-ozone/integration-test/target/test-dir/MiniOzoneClusterImpl-a207e20c-42ee-4864-92cb-a931ccd2d47f/datanode-0/data/ratis/d54ad14f-1039-42b4-82d4-457f1f4f10a0 has been successfully formatted.
2019-09-25 11:43:58,504 [pool-27-thread-1] INFO  ratis.ContainerStateMachine (ContainerStateMachine.java:loadSnapshot(230)) - group-457F1F4F10A0: The snapshot info is null. Setting the last applied indexto:(t:0, i:~)
2019-09-25 11:43:58,504 [pool-27-thread-1] INFO  server.RaftServerConfigKeys (ConfUtils.java:logGet(43)) - raft.server.notification.no-leader.timeout = 120s (custom)
2019-09-25 11:43:58,504 [pool-27-thread-1] INFO  server.RaftServerConfigKeys (ConfUtils.java:logGet(43)) - raft.server.log.use.memory = false (default)
2019-09-25 11:43:58,504 [pool-27-thread-1] INFO  server.RaftServerConfigKeys (ConfUtils.java:logGet(43)) - raft.server.log.purge.gap = 1000000 (custom)
2019-09-25 11:43:58,504 [pool-27-thread-1] INFO  server.RaftServerConfigKeys (ConfUtils.java:logGet(43)) - raft.server.log.appender.buffer.byte-limit = 33554432 (custom)
2019-09-25 11:43:58,504 [pool-27-thread-1] INFO  server.RaftServerConfigKeys (ConfUtils.java:logGet(43)) - raft.server.log.segment.size.max = 1048576 (custom)
2019-09-25 11:43:58,505 [pool-27-thread-1] INFO  server.RaftServerConfigKeys (ConfUtils.java:logGet(43)) - raft.server.log.segment.cache.num.max = 2 (custom)
2019-09-25 11:43:58,505 [pool-27-thread-1] INFO  segmented.SegmentedRaftLogWorker (SegmentedRaftLogWorker.java:<init>(172)) - new e0e6d57f-f91e-4ea8-aa2d-63ea10a38e43@group-457F1F4F10A0-SegmentedRaftLogWorker for RaftStorage:Storage Directory /workdir/hadoop-ozone/integration-test/target/test-dir/MiniOzoneClusterImpl-a207e20c-42ee-4864-92cb-a931ccd2d47f/datanode-0/data/ratis/d54ad14f-1039-42b4-82d4-457f1f4f10a0
2019-09-25 11:43:58,505 [pool-27-thread-1] INFO  server.RaftServerConfigKeys (ConfUtils.java:logGet(43)) - raft.server.log.queue.byte-limit = 2147483647 (custom)
2019-09-25 11:43:58,505 [pool-27-thread-1] INFO  server.RaftServerConfigKeys (ConfUtils.java:logGet(43)) - raft.server.log.queue.element-limit = 1024 (custom)
2019-09-25 11:43:58,505 [pool-27-thread-1] INFO  server.RaftServerConfigKeys (ConfUtils.java:logGet(43)) - raft.server.log.segment.size.max = 1048576 (custom)
2019-09-25 11:43:58,505 [pool-27-thread-1] INFO  server.RaftServerConfigKeys (ConfUtils.java:logGet(43)) - raft.server.log.preallocated.size = 16384 (custom)
2019-09-25 11:43:58,505 [pool-27-thread-1] INFO  server.RaftServerConfigKeys (ConfUtils.java:logGet(43)) - raft.server.log.write.buffer.size = 33554432 (custom)
2019-09-25 11:43:58,505 [pool-27-thread-1] INFO  server.RaftServerConfigKeys (ConfUtils.java:logGet(43)) - raft.server.log.force.sync.num = 128 (default)
2019-09-25 11:43:58,506 [pool-27-thread-1] INFO  server.RaftServerConfigKeys (ConfUtils.java:logGet(43)) - raft.server.log.statemachine.data.sync = true (default)
2019-09-25 11:43:58,506 [pool-27-thread-1] INFO  server.RaftServerConfigKeys (ConfUtils.java:logGet(43)) - raft.server.log.statemachine.data.sync.timeout = 10s (default)
2019-09-25 11:43:58,506 [pool-27-thread-1] INFO  server.RaftServerConfigKeys (ConfUtils.java:logGet(43)) - raft.server.log.statemachine.data.sync.timeout.retry = -1 (default)
2019-09-25 11:43:58,506 [pool-27-thread-1] INFO  server.RaftServerConfigKeys (ConfUtils.java:logGet(43)) - raft.server.log.statemachine.data.caching.enabled = true (custom)
2019-09-25 11:43:58,506 [pool-27-thread-1] INFO  segmented.SegmentedRaftLogWorker (SegmentedRaftLogWorker.java:lambda$new$0(132)) - e0e6d57f-f91e-4ea8-aa2d-63ea10a38e43@group-457F1F4F10A0-SegmentedRaftLogWorker: flushIndex: setUnconditionally 0 -> -1
2019-09-25 11:43:58,507 [pool-27-thread-1] INFO  server.RaftServerConfigKeys (ConfUtils.java:logGet(43)) - raft.server.snapshot.auto.trigger.enabled = true (custom)
2019-09-25 11:43:58,507 [pool-27-thread-1] INFO  server.RaftServerConfigKeys (ConfUtils.java:logGet(43)) - raft.server.snapshot.auto.trigger.threshold = 10000 (custom)
2019-09-25 11:43:58,507 [pool-27-thread-1] INFO  server.RaftServerConfigKeys (ConfUtils.java:logGet(43)) - raft.server.snapshot.retention.num.files = 5 (custom)
2019-09-25 11:43:58,507 [pool-27-thread-1] INFO  server.RaftServerConfigKeys (ConfUtils.java:logGet(43)) - raft.server.retrycache.expirytime = 600000ms (custom)
2019-09-25 11:43:58,509 [pool-27-thread-1] INFO  impl.RaftServerImpl (RaftServerImpl.java:start(185)) - e0e6d57f-f91e-4ea8-aa2d-63ea10a38e43@group-457F1F4F10A0: start as a follower, conf=-1: [e0e6d57f-f91e-4ea8-aa2d-63ea10a38e43:192.168.30.6:37819], old=null
2019-09-25 11:43:58,509 [pool-27-thread-1] INFO  impl.RaftServerImpl (RaftServerImpl.java:setRole(174)) - e0e6d57f-f91e-4ea8-aa2d-63ea10a38e43@group-457F1F4F10A0: changes role from      null to FOLLOWER at term 0 for startAsFollower
2019-09-25 11:43:58,509 [pool-27-thread-1] INFO  impl.RoleInfo (RoleInfo.java:updateAndGet(143)) - e0e6d57f-f91e-4ea8-aa2d-63ea10a38e43: start FollowerState
2019-09-25 11:43:58,510 [pool-27-thread-1] INFO  util.JmxRegister (JmxRegister.java:tryRegister(44)) - Successfully registered JMX Bean with object name Ratis:service=RaftServer,group=group-457F1F4F10A0,id=e0e6d57f-f91e-4ea8-aa2d-63ea10a38e43
2019-09-25 11:43:58,516 [RatisPipelineUtilsThread] INFO  pipeline.PipelineStateManager (PipelineStateManager.java:addPipeline(56)) - Created pipeline Pipeline[ Id: d54ad14f-1039-42b4-82d4-457f1f4f10a0, Nodes: e0e6d57f-f91e-4ea8-aa2d-63ea10a38e43{ip: 192.168.30.6, host: pr-hdds-1569-5gmkr-4255264070, networkLocation: /default-rack, certSerialId: null}, Type:RATIS, Factor:ONE, State:OPEN]
2019-09-25 11:43:58,516 [RatisPipelineUtilsThread] INFO  pipeline.PipelinePlacementPolicy (PipelinePlacementPolicy.java:meetCriteria(91)) - Pipeline Placement: can't place more pipeline on heavy datanode： 0b0def17-0118-466c-b8b3-e46885956633 Heaviness: 6 limit: 5
2019-09-25 11:43:58,516 [RatisPipelineUtilsThread] INFO  pipeline.PipelinePlacementPolicy (PipelinePlacementPolicy.java:meetCriteria(91)) - Pipeline Placement: can't place more pipeline on heavy datanode： e0e6d57f-f91e-4ea8-aa2d-63ea10a38e43 Heaviness: 6 limit: 5
2019-09-25 11:43:58,516 [RatisPipelineUtilsThread] INFO  pipeline.PipelinePlacementPolicy (PipelinePlacementPolicy.java:meetCriteria(91)) - Pipeline Placement: can't place more pipeline on heavy datanode： 23446a0b-162d-43e0-a8ad-af938e24e577 Heaviness: 6 limit: 5
2019-09-25 11:43:58,517 [RatisPipelineUtilsThread] ERROR pipeline.PipelinePlacementPolicy (PipelinePlacementPolicy.java:filterViableNodes(148)) - Unable to find enough nodes that meet the criteria that cannot engage in more than 5 pipelines. Nodes required: 1 Found: 0, healthy nodes count inNodeManager: 3.
2019-09-25 11:43:58,519 [RatisPipelineUtilsThread] ERROR pipeline.SCMPipelineManager (SCMPipelineManager.java:createPipeline(167)) - Pipeline creation failed.
org.apache.hadoop.hdds.scm.exceptions.SCMException: Unable to find enough nodes that meet the criteria that cannot engage in more than 5 pipelines. Nodes required: 1 Found: 0, healthy nodes count inNodeManager: 3.
	at org.apache.hadoop.hdds.scm.pipeline.PipelinePlacementPolicy.filterViableNodes(PipelinePlacementPolicy.java:149)
	at org.apache.hadoop.hdds.scm.pipeline.PipelinePlacementPolicy.chooseDatanodes(PipelinePlacementPolicy.java:172)
	at org.apache.hadoop.hdds.scm.pipeline.RatisPipelineProvider.create(RatisPipelineProvider.java:93)
	at org.apache.hadoop.hdds.scm.pipeline.PipelineFactory.create(PipelineFactory.java:58)
	at org.apache.hadoop.hdds.scm.pipeline.SCMPipelineManager.createPipeline(SCMPipelineManager.java:155)
	at org.apache.hadoop.hdds.scm.pipeline.BackgroundPipelineCreator.createPipelines(BackgroundPipelineCreator.java:99)
	at java.util.concurrent.Executors$RunnableAdapter.call(Executors.java:511)
	at java.util.concurrent.FutureTask.run(FutureTask.java:266)
	at java.util.concurrent.ScheduledThreadPoolExecutor$ScheduledFutureTask.access$201(ScheduledThreadPoolExecutor.java:180)
	at java.util.concurrent.ScheduledThreadPoolExecutor$ScheduledFutureTask.run(ScheduledThreadPoolExecutor.java:293)
	at java.util.concurrent.ThreadPoolExecutor.runWorker(ThreadPoolExecutor.java:1149)
	at java.util.concurrent.ThreadPoolExecutor$Worker.run(ThreadPoolExecutor.java:624)
	at java.lang.Thread.run(Thread.java:748)
2019-09-25 11:43:58,521 [RatisPipelineUtilsThread] INFO  pipeline.PipelinePlacementPolicy (PipelinePlacementPolicy.java:meetCriteria(91)) - Pipeline Placement: can't place more pipeline on heavy datanode： 0b0def17-0118-466c-b8b3-e46885956633 Heaviness: 6 limit: 5
2019-09-25 11:43:58,521 [RatisPipelineUtilsThread] INFO  pipeline.PipelinePlacementPolicy (PipelinePlacementPolicy.java:meetCriteria(91)) - Pipeline Placement: can't place more pipeline on heavy datanode： e0e6d57f-f91e-4ea8-aa2d-63ea10a38e43 Heaviness: 6 limit: 5
2019-09-25 11:43:58,521 [RatisPipelineUtilsThread] INFO  pipeline.PipelinePlacementPolicy (PipelinePlacementPolicy.java:meetCriteria(91)) - Pipeline Placement: can't place more pipeline on heavy datanode： 23446a0b-162d-43e0-a8ad-af938e24e577 Heaviness: 6 limit: 5
2019-09-25 11:43:58,521 [RatisPipelineUtilsThread] ERROR pipeline.PipelinePlacementPolicy (PipelinePlacementPolicy.java:filterViableNodes(148)) - Unable to find enough nodes that meet the criteria that cannot engage in more than 5 pipelines. Nodes required: 3 Found: 0, healthy nodes count inNodeManager: 3.
2019-09-25 11:43:58,521 [RatisPipelineUtilsThread] ERROR pipeline.SCMPipelineManager (SCMPipelineManager.java:createPipeline(167)) - Pipeline creation failed.
org.apache.hadoop.hdds.scm.exceptions.SCMException: Unable to find enough nodes that meet the criteria that cannot engage in more than 5 pipelines. Nodes required: 3 Found: 0, healthy nodes count inNodeManager: 3.
	at org.apache.hadoop.hdds.scm.pipeline.PipelinePlacementPolicy.filterViableNodes(PipelinePlacementPolicy.java:149)
	at org.apache.hadoop.hdds.scm.pipeline.PipelinePlacementPolicy.chooseDatanodes(PipelinePlacementPolicy.java:172)
	at org.apache.hadoop.hdds.scm.pipeline.RatisPipelineProvider.create(RatisPipelineProvider.java:93)
	at org.apache.hadoop.hdds.scm.pipeline.PipelineFactory.create(PipelineFactory.java:58)
	at org.apache.hadoop.hdds.scm.pipeline.SCMPipelineManager.createPipeline(SCMPipelineManager.java:155)
	at org.apache.hadoop.hdds.scm.pipeline.BackgroundPipelineCreator.createPipelines(BackgroundPipelineCreator.java:99)
	at java.util.concurrent.Executors$RunnableAdapter.call(Executors.java:511)
	at java.util.concurrent.FutureTask.run(FutureTask.java:266)
	at java.util.concurrent.ScheduledThreadPoolExecutor$ScheduledFutureTask.access$201(ScheduledThreadPoolExecutor.java:180)
	at java.util.concurrent.ScheduledThreadPoolExecutor$ScheduledFutureTask.run(ScheduledThreadPoolExecutor.java:293)
	at java.util.concurrent.ThreadPoolExecutor.runWorker(ThreadPoolExecutor.java:1149)
	at java.util.concurrent.ThreadPoolExecutor$Worker.run(ThreadPoolExecutor.java:624)
	at java.lang.Thread.run(Thread.java:748)
2019-09-25 11:43:58,522 [main] INFO  pipeline.PipelinePlacementPolicy (PipelinePlacementPolicy.java:meetCriteria(91)) - Pipeline Placement: can't place more pipeline on heavy datanode： 0b0def17-0118-466c-b8b3-e46885956633 Heaviness: 6 limit: 5
2019-09-25 11:43:58,524 [main] INFO  pipeline.PipelinePlacementPolicy (PipelinePlacementPolicy.java:meetCriteria(91)) - Pipeline Placement: can't place more pipeline on heavy datanode： e0e6d57f-f91e-4ea8-aa2d-63ea10a38e43 Heaviness: 6 limit: 5
2019-09-25 11:43:58,525 [main] INFO  pipeline.PipelinePlacementPolicy (PipelinePlacementPolicy.java:meetCriteria(91)) - Pipeline Placement: can't place more pipeline on heavy datanode： 23446a0b-162d-43e0-a8ad-af938e24e577 Heaviness: 6 limit: 5
2019-09-25 11:43:58,526 [main] ERROR pipeline.PipelinePlacementPolicy (PipelinePlacementPolicy.java:filterViableNodes(148)) - Unable to find enough nodes that meet the criteria that cannot engage in more than 5 pipelines. Nodes required: 3 Found: 0, healthy nodes count inNodeManager: 3.
2019-09-25 11:43:58,526 [main] ERROR pipeline.SCMPipelineManager (SCMPipelineManager.java:createPipeline(167)) - Pipeline creation failed.
org.apache.hadoop.hdds.scm.exceptions.SCMException: Unable to find enough nodes that meet the criteria that cannot engage in more than 5 pipelines. Nodes required: 3 Found: 0, healthy nodes count inNodeManager: 3.
	at org.apache.hadoop.hdds.scm.pipeline.PipelinePlacementPolicy.filterViableNodes(PipelinePlacementPolicy.java:149)
	at org.apache.hadoop.hdds.scm.pipeline.PipelinePlacementPolicy.chooseDatanodes(PipelinePlacementPolicy.java:172)
	at org.apache.hadoop.hdds.scm.pipeline.RatisPipelineProvider.create(RatisPipelineProvider.java:93)
	at org.apache.hadoop.hdds.scm.pipeline.PipelineFactory.create(PipelineFactory.java:58)
	at org.apache.hadoop.hdds.scm.pipeline.SCMPipelineManager.createPipeline(SCMPipelineManager.java:155)
	at org.apache.hadoop.hdds.scm.container.ContainerStateManager.allocateContainer(ContainerStateManager.java:255)
	at org.apache.hadoop.hdds.scm.container.SCMContainerManager.allocateContainer(SCMContainerManager.java:247)
	at org.apache.hadoop.hdds.scm.pipeline.TestPipelineClose.init(TestPipelineClose.java:92)
	at sun.reflect.NativeMethodAccessorImpl.invoke0(Native Method)
	at sun.reflect.NativeMethodAccessorImpl.invoke(NativeMethodAccessorImpl.java:62)
	at sun.reflect.DelegatingMethodAccessorImpl.invoke(DelegatingMethodAccessorImpl.java:43)
	at java.lang.reflect.Method.invoke(Method.java:498)
	at org.junit.runners.model.FrameworkMethod$1.runReflectiveCall(FrameworkMethod.java:47)
	at org.junit.internal.runners.model.ReflectiveCallable.run(ReflectiveCallable.java:12)
	at org.junit.runners.model.FrameworkMethod.invokeExplosively(FrameworkMethod.java:44)
	at org.junit.internal.runners.statements.RunBefores.evaluate(RunBefores.java:24)
	at org.junit.internal.runners.statements.RunAfters.evaluate(RunAfters.java:27)
	at org.junit.runners.ParentRunner.runLeaf(ParentRunner.java:271)
	at org.junit.runners.BlockJUnit4ClassRunner.runChild(BlockJUnit4ClassRunner.java:70)
	at org.junit.runners.BlockJUnit4ClassRunner.runChild(BlockJUnit4ClassRunner.java:50)
	at org.junit.runners.ParentRunner$3.run(ParentRunner.java:238)
	at org.junit.runners.ParentRunner$1.schedule(ParentRunner.java:63)
	at org.junit.runners.ParentRunner.runChildren(ParentRunner.java:236)
	at org.junit.runners.ParentRunner.access$000(ParentRunner.java:53)
	at org.junit.runners.ParentRunner$2.evaluate(ParentRunner.java:229)
	at org.junit.runners.ParentRunner.run(ParentRunner.java:309)
	at org.apache.maven.surefire.junit4.JUnit4Provider.execute(JUnit4Provider.java:365)
	at org.apache.maven.surefire.junit4.JUnit4Provider.executeWithRerun(JUnit4Provider.java:273)
	at org.apache.maven.surefire.junit4.JUnit4Provider.executeTestSet(JUnit4Provider.java:238)
	at org.apache.maven.surefire.junit4.JUnit4Provider.invoke(JUnit4Provider.java:159)
	at org.apache.maven.surefire.booter.ForkedBooter.invokeProviderInSameClassLoader(ForkedBooter.java:384)
	at org.apache.maven.surefire.booter.ForkedBooter.runSuitesInProcess(ForkedBooter.java:345)
	at org.apache.maven.surefire.booter.ForkedBooter.execute(ForkedBooter.java:126)
	at org.apache.maven.surefire.booter.ForkedBooter.main(ForkedBooter.java:418)
2019-09-25 11:43:58,528 [RatisPipelineUtilsThread] INFO  pipeline.PipelinePlacementPolicy (PipelinePlacementPolicy.java:meetCriteria(91)) - Pipeline Placement: can't place more pipeline on heavy datanode： 0b0def17-0118-466c-b8b3-e46885956633 Heaviness: 6 limit: 5
2019-09-25 11:43:58,529 [RatisPipelineUtilsThread] INFO  pipeline.PipelinePlacementPolicy (PipelinePlacementPolicy.java:meetCriteria(91)) - Pipeline Placement: can't place more pipeline on heavy datanode： e0e6d57f-f91e-4ea8-aa2d-63ea10a38e43 Heaviness: 6 limit: 5
2019-09-25 11:43:58,529 [RatisPipelineUtilsThread] INFO  pipeline.PipelinePlacementPolicy (PipelinePlacementPolicy.java:meetCriteria(91)) - Pipeline Placement: can't place more pipeline on heavy datanode： 23446a0b-162d-43e0-a8ad-af938e24e577 Heaviness: 6 limit: 5
2019-09-25 11:43:58,529 [RatisPipelineUtilsThread] ERROR pipeline.PipelinePlacementPolicy (PipelinePlacementPolicy.java:filterViableNodes(148)) - Unable to find enough nodes that meet the criteria that cannot engage in more than 5 pipelines. Nodes required: 1 Found: 0, healthy nodes count inNodeManager: 3.
2019-09-25 11:43:58,529 [RatisPipelineUtilsThread] ERROR pipeline.SCMPipelineManager (SCMPipelineManager.java:createPipeline(167)) - Pipeline creation failed.
org.apache.hadoop.hdds.scm.exceptions.SCMException: Unable to find enough nodes that meet the criteria that cannot engage in more than 5 pipelines. Nodes required: 1 Found: 0, healthy nodes count inNodeManager: 3.
	at org.apache.hadoop.hdds.scm.pipeline.PipelinePlacementPolicy.filterViableNodes(PipelinePlacementPolicy.java:149)
	at org.apache.hadoop.hdds.scm.pipeline.PipelinePlacementPolicy.chooseDatanodes(PipelinePlacementPolicy.java:172)
	at org.apache.hadoop.hdds.scm.pipeline.RatisPipelineProvider.create(RatisPipelineProvider.java:93)
	at org.apache.hadoop.hdds.scm.pipeline.PipelineFactory.create(PipelineFactory.java:58)
	at org.apache.hadoop.hdds.scm.pipeline.SCMPipelineManager.createPipeline(SCMPipelineManager.java:155)
	at org.apache.hadoop.hdds.scm.pipeline.BackgroundPipelineCreator.createPipelines(BackgroundPipelineCreator.java:99)
	at org.apache.hadoop.hdds.scm.pipeline.BackgroundPipelineCreator.lambda$startFixedIntervalPipelineCreator$0(BackgroundPipelineCreator.java:70)
	at java.util.concurrent.Executors$RunnableAdapter.call(Executors.java:511)
	at java.util.concurrent.FutureTask.runAndReset(FutureTask.java:308)
	at java.util.concurrent.ScheduledThreadPoolExecutor$ScheduledFutureTask.access$301(ScheduledThreadPoolExecutor.java:180)
	at java.util.concurrent.ScheduledThreadPoolExecutor$ScheduledFutureTask.run(ScheduledThreadPoolExecutor.java:294)
	at java.util.concurrent.ThreadPoolExecutor.runWorker(ThreadPoolExecutor.java:1149)
	at java.util.concurrent.ThreadPoolExecutor$Worker.run(ThreadPoolExecutor.java:624)
	at java.lang.Thread.run(Thread.java:748)
2019-09-25 11:43:58,529 [RatisPipelineUtilsThread] INFO  pipeline.PipelinePlacementPolicy (PipelinePlacementPolicy.java:meetCriteria(91)) - Pipeline Placement: can't place more pipeline on heavy datanode： 0b0def17-0118-466c-b8b3-e46885956633 Heaviness: 6 limit: 5
2019-09-25 11:43:58,530 [RatisPipelineUtilsThread] INFO  pipeline.PipelinePlacementPolicy (PipelinePlacementPolicy.java:meetCriteria(91)) - Pipeline Placement: can't place more pipeline on heavy datanode： e0e6d57f-f91e-4ea8-aa2d-63ea10a38e43 Heaviness: 6 limit: 5
2019-09-25 11:43:58,530 [RatisPipelineUtilsThread] INFO  pipeline.PipelinePlacementPolicy (PipelinePlacementPolicy.java:meetCriteria(91)) - Pipeline Placement: can't place more pipeline on heavy datanode： 23446a0b-162d-43e0-a8ad-af938e24e577 Heaviness: 6 limit: 5
2019-09-25 11:43:58,530 [RatisPipelineUtilsThread] ERROR pipeline.PipelinePlacementPolicy (PipelinePlacementPolicy.java:filterViableNodes(148)) - Unable to find enough nodes that meet the criteria that cannot engage in more than 5 pipelines. Nodes required: 3 Found: 0, healthy nodes count inNodeManager: 3.
2019-09-25 11:43:58,530 [RatisPipelineUtilsThread] ERROR pipeline.SCMPipelineManager (SCMPipelineManager.java:createPipeline(167)) - Pipeline creation failed.
org.apache.hadoop.hdds.scm.exceptions.SCMException: Unable to find enough nodes that meet the criteria that cannot engage in more than 5 pipelines. Nodes required: 3 Found: 0, healthy nodes count inNodeManager: 3.
	at org.apache.hadoop.hdds.scm.pipeline.PipelinePlacementPolicy.filterViableNodes(PipelinePlacementPolicy.java:149)
	at org.apache.hadoop.hdds.scm.pipeline.PipelinePlacementPolicy.chooseDatanodes(PipelinePlacementPolicy.java:172)
	at org.apache.hadoop.hdds.scm.pipeline.RatisPipelineProvider.create(RatisPipelineProvider.java:93)
	at org.apache.hadoop.hdds.scm.pipeline.PipelineFactory.create(PipelineFactory.java:58)
	at org.apache.hadoop.hdds.scm.pipeline.SCMPipelineManager.createPipeline(SCMPipelineManager.java:155)
	at org.apache.hadoop.hdds.scm.pipeline.BackgroundPipelineCreator.createPipelines(BackgroundPipelineCreator.java:99)
	at org.apache.hadoop.hdds.scm.pipeline.BackgroundPipelineCreator.lambda$startFixedIntervalPipelineCreator$0(BackgroundPipelineCreator.java:70)
	at java.util.concurrent.Executors$RunnableAdapter.call(Executors.java:511)
	at java.util.concurrent.FutureTask.runAndReset(FutureTask.java:308)
	at java.util.concurrent.ScheduledThreadPoolExecutor$ScheduledFutureTask.access$301(ScheduledThreadPoolExecutor.java:180)
	at java.util.concurrent.ScheduledThreadPoolExecutor$ScheduledFutureTask.run(ScheduledThreadPoolExecutor.java:294)
	at java.util.concurrent.ThreadPoolExecutor.runWorker(ThreadPoolExecutor.java:1149)
	at java.util.concurrent.ThreadPoolExecutor$Worker.run(ThreadPoolExecutor.java:624)
	at java.lang.Thread.run(Thread.java:748)
2019-09-25 11:43:58,531 [main] INFO  ozone.MiniOzoneClusterImpl (MiniOzoneClusterImpl.java:shutdown(314)) - Shutting down the Mini Ozone Cluster
2019-09-25 11:43:58,531 [main] INFO  ozone.MiniOzoneClusterImpl (MiniOzoneClusterImpl.java:stop(330)) - Stopping the Mini Ozone Cluster
2019-09-25 11:43:58,532 [main] INFO  ozone.MiniOzoneClusterImpl (MiniOzoneClusterImpl.java:stopOM(400)) - Stopping the OzoneManager
2019-09-25 11:43:58,532 [main] INFO  ipc.Server (Server.java:stop(3082)) - Stopping server on 42764
2019-09-25 11:43:58,547 [IPC Server listener on 42764] INFO  ipc.Server (Server.java:run(1185)) - Stopping IPC Server listener on 42764
2019-09-25 11:43:58,548 [IPC Server Responder] INFO  ipc.Server (Server.java:run(1319)) - Stopping IPC Server Responder
2019-09-25 11:43:58,548 [main] INFO  ratis.OzoneManagerDoubleBuffer (OzoneManagerDoubleBuffer.java:stop(248)) - Stopping OMDoubleBuffer flush thread
2019-09-25 11:43:58,554 [OMDoubleBufferFlushThread] INFO  ratis.OzoneManagerDoubleBuffer (OzoneManagerDoubleBuffer.java:flushTransactions(191)) - OMDoubleBuffer flush thread OMDoubleBufferFlushThread is interrupted and will exit. OMDoubleBufferFlushThread
2019-09-25 11:43:58,555 [main] INFO  utils.BackgroundService (BackgroundService.java:shutdown(148)) - Shutting down service KeyDeletingService
2019-09-25 11:43:58,561 [main] INFO  handler.ContextHandler (ContextHandler.java:doStop(910)) - Stopped o.e.j.w.WebAppContext@5b22b970{/,null,UNAVAILABLE}{/ozoneManager}
2019-09-25 11:43:58,569 [main] INFO  server.AbstractConnector (AbstractConnector.java:doStop(318)) - Stopped ServerConnector@22d1886d{HTTP/1.1,[http/1.1]}{0.0.0.0:0}
2019-09-25 11:43:58,569 [main] INFO  handler.ContextHandler (ContextHandler.java:doStop(910)) - Stopped o.e.j.s.ServletContextHandler@57540fd0{/static,file:///workdir/hadoop-ozone/integration-test/target/test-classes/webapps/static,UNAVAILABLE}
2019-09-25 11:43:58,570 [main] INFO  handler.ContextHandler (ContextHandler.java:doStop(910)) - Stopped o.e.j.s.ServletContextHandler@15923407{/logs,file:///workdir/hadoop-ozone/integration-test/target/log,UNAVAILABLE}
2019-09-25 11:43:58,574 [main] INFO  ozone.MiniOzoneClusterImpl (MiniOzoneClusterImpl.java:stopDatanodes(377)) - Stopping the HddsDatanodes
2019-09-25 11:43:59,444 [Datanode State Machine Thread - 0] INFO  statemachine.DatanodeStateMachine (DatanodeStateMachine.java:lambda$startDaemon$0(350)) - Ozone container server started.
2019-09-25 11:43:59,507 [Thread-178] INFO  container.ReplicationManager (ReplicationManager.java:start(163)) - Starting Replication Monitor Thread.
2019-09-25 11:43:59,511 [ReplicationMonitor] INFO  container.ReplicationManager (ReplicationManager.java:run(226)) - Replication Monitor Thread took 1 milliseconds for processing 0 containers.
2019-09-25 11:43:59,524 [Datanode State Machine Thread - 0] INFO  statemachine.DatanodeStateMachine (DatanodeStateMachine.java:lambda$startDaemon$0(350)) - Ozone container server started.
2019-09-25 11:44:02,284 [Thread-180] INFO  impl.FollowerState (FollowerState.java:run(106)) - e0e6d57f-f91e-4ea8-aa2d-63ea10a38e43:group-9C21795A4D36 changes to CANDIDATE, lastRpcTime:5079, electionTimeout:5078ms
2019-09-25 11:44:02,286 [Thread-180] INFO  impl.RoleInfo (RoleInfo.java:shutdownFollowerState(121)) - e0e6d57f-f91e-4ea8-aa2d-63ea10a38e43: shutdown FollowerState
2019-09-25 11:44:02,286 [Thread-180] INFO  impl.RaftServerImpl (RaftServerImpl.java:setRole(174)) - e0e6d57f-f91e-4ea8-aa2d-63ea10a38e43@group-9C21795A4D36: changes role from  FOLLOWER to CANDIDATE at term 0 for changeToCandidate
2019-09-25 11:44:02,294 [Thread-180] INFO  impl.RoleInfo (RoleInfo.java:updateAndGet(143)) - e0e6d57f-f91e-4ea8-aa2d-63ea10a38e43: start LeaderElection
2019-09-25 11:44:02,401 [e0e6d57f-f91e-4ea8-aa2d-63ea10a38e43@group-9C21795A4D36:LeaderElection1] INFO  impl.LeaderElection (LeaderElection.java:askForVotes(182)) - e0e6d57f-f91e-4ea8-aa2d-63ea10a38e43@group-9C21795A4D36:LeaderElection1: begin an election at term 1 for -1: [e0e6d57f-f91e-4ea8-aa2d-63ea10a38e43:192.168.30.6:37819], old=null
2019-09-25 11:44:02,403 [e0e6d57f-f91e-4ea8-aa2d-63ea10a38e43@group-9C21795A4D36:LeaderElection1] INFO  impl.RoleInfo (RoleInfo.java:shutdownLeaderElection(134)) - e0e6d57f-f91e-4ea8-aa2d-63ea10a38e43: shutdown LeaderElection
2019-09-25 11:44:02,404 [e0e6d57f-f91e-4ea8-aa2d-63ea10a38e43@group-9C21795A4D36:LeaderElection1] INFO  impl.RaftServerImpl (RaftServerImpl.java:setRole(174)) - e0e6d57f-f91e-4ea8-aa2d-63ea10a38e43@group-9C21795A4D36: changes role from CANDIDATE to LEADER at term 1 for changeToLeader
2019-09-25 11:44:02,405 [e0e6d57f-f91e-4ea8-aa2d-63ea10a38e43@group-9C21795A4D36:LeaderElection1] INFO  impl.RaftServerImpl (ServerState.java:setLeader(253)) - e0e6d57f-f91e-4ea8-aa2d-63ea10a38e43@group-9C21795A4D36: change Leader from null to e0e6d57f-f91e-4ea8-aa2d-63ea10a38e43 at term 1 for becomeLeader, leader elected after 5329ms
2019-09-25 11:44:02,412 [e0e6d57f-f91e-4ea8-aa2d-63ea10a38e43@group-9C21795A4D36:LeaderElection1] INFO  server.RaftServerConfigKeys (ConfUtils.java:logGet(43)) - raft.server.staging.catchup.gap = 1000 (default)
2019-09-25 11:44:02,413 [e0e6d57f-f91e-4ea8-aa2d-63ea10a38e43@group-9C21795A4D36:LeaderElection1] INFO  server.RaftServerConfigKeys (ConfUtils.java:logGet(43)) - raft.server.rpc.sleep.time = 25ms (default)
2019-09-25 11:44:02,416 [e0e6d57f-f91e-4ea8-aa2d-63ea10a38e43@group-9C21795A4D36:LeaderElection1] INFO  server.RaftServerConfigKeys (ConfUtils.java:logGet(43)) - raft.server.write.element-limit = 4096 (default)
2019-09-25 11:44:02,422 [e0e6d57f-f91e-4ea8-aa2d-63ea10a38e43@group-9C21795A4D36:LeaderElection1] INFO  server.RaftServerConfigKeys (ConfUtils.java:logGet(43)) - raft.server.watch.timeout = 10s (default)
2019-09-25 11:44:02,422 [e0e6d57f-f91e-4ea8-aa2d-63ea10a38e43@group-9C21795A4D36:LeaderElection1] INFO  server.RaftServerConfigKeys (ConfUtils.java:logGet(43)) - raft.server.watch.timeout.denomination = 1s (default)
2019-09-25 11:44:02,423 [e0e6d57f-f91e-4ea8-aa2d-63ea10a38e43@group-9C21795A4D36:LeaderElection1] INFO  server.RaftServerConfigKeys (ConfUtils.java:logGet(43)) - raft.server.watch.element-limit = 65536 (default)
2019-09-25 11:44:02,437 [e0e6d57f-f91e-4ea8-aa2d-63ea10a38e43@group-9C21795A4D36:LeaderElection1] INFO  impl.RoleInfo (RoleInfo.java:updateAndGet(143)) - e0e6d57f-f91e-4ea8-aa2d-63ea10a38e43: start LeaderState
2019-09-25 11:44:02,461 [e0e6d57f-f91e-4ea8-aa2d-63ea10a38e43@group-9C21795A4D36:LeaderElection1] INFO  segmented.SegmentedRaftLogWorker (SegmentedRaftLogWorker.java:startLogSegment(380)) - e0e6d57f-f91e-4ea8-aa2d-63ea10a38e43@group-9C21795A4D36-SegmentedRaftLogWorker: Starting segment from index:0
2019-09-25 11:44:02,471 [e0e6d57f-f91e-4ea8-aa2d-63ea10a38e43@group-9C21795A4D36:LeaderElection1] INFO  impl.RaftServerImpl (ServerState.java:setRaftConf(354)) - e0e6d57f-f91e-4ea8-aa2d-63ea10a38e43@group-9C21795A4D36: set configuration 0: [e0e6d57f-f91e-4ea8-aa2d-63ea10a38e43:192.168.30.6:37819], old=null at 0
2019-09-25 11:44:02,493 [Thread-183] INFO  impl.FollowerState (FollowerState.java:run(106)) - e0e6d57f-f91e-4ea8-aa2d-63ea10a38e43:group-A833644733A7 changes to CANDIDATE, lastRpcTime:5137, electionTimeout:5137ms
2019-09-25 11:44:02,494 [Thread-183] INFO  impl.RoleInfo (RoleInfo.java:shutdownFollowerState(121)) - e0e6d57f-f91e-4ea8-aa2d-63ea10a38e43: shutdown FollowerState
2019-09-25 11:44:02,494 [Thread-183] INFO  impl.RaftServerImpl (RaftServerImpl.java:setRole(174)) - e0e6d57f-f91e-4ea8-aa2d-63ea10a38e43@group-A833644733A7: changes role from  FOLLOWER to CANDIDATE at term 0 for changeToCandidate
2019-09-25 11:44:02,495 [Thread-183] INFO  impl.RoleInfo (RoleInfo.java:updateAndGet(143)) - e0e6d57f-f91e-4ea8-aa2d-63ea10a38e43: start LeaderElection
2019-09-25 11:44:02,510 [e0e6d57f-f91e-4ea8-aa2d-63ea10a38e43@group-A833644733A7:LeaderElection2] INFO  impl.LeaderElection (LeaderElection.java:askForVotes(182)) - e0e6d57f-f91e-4ea8-aa2d-63ea10a38e43@group-A833644733A7:LeaderElection2: begin an election at term 1 for -1: [e0e6d57f-f91e-4ea8-aa2d-63ea10a38e43:192.168.30.6:37819], old=null
2019-09-25 11:44:02,511 [e0e6d57f-f91e-4ea8-aa2d-63ea10a38e43@group-A833644733A7:LeaderElection2] INFO  impl.RoleInfo (RoleInfo.java:shutdownLeaderElection(134)) - e0e6d57f-f91e-4ea8-aa2d-63ea10a38e43: shutdown LeaderElection
2019-09-25 11:44:02,511 [e0e6d57f-f91e-4ea8-aa2d-63ea10a38e43@group-A833644733A7:LeaderElection2] INFO  impl.RaftServerImpl (RaftServerImpl.java:setRole(174)) - e0e6d57f-f91e-4ea8-aa2d-63ea10a38e43@group-A833644733A7: changes role from CANDIDATE to LEADER at term 1 for changeToLeader
2019-09-25 11:44:02,512 [e0e6d57f-f91e-4ea8-aa2d-63ea10a38e43@group-A833644733A7:LeaderElection2] INFO  impl.RaftServerImpl (ServerState.java:setLeader(253)) - e0e6d57f-f91e-4ea8-aa2d-63ea10a38e43@group-A833644733A7: change Leader from null to e0e6d57f-f91e-4ea8-aa2d-63ea10a38e43 at term 1 for becomeLeader, leader elected after 5167ms
2019-09-25 11:44:02,512 [e0e6d57f-f91e-4ea8-aa2d-63ea10a38e43@group-A833644733A7:LeaderElection2] INFO  server.RaftServerConfigKeys (ConfUtils.java:logGet(43)) - raft.server.staging.catchup.gap = 1000 (default)
2019-09-25 11:44:02,512 [e0e6d57f-f91e-4ea8-aa2d-63ea10a38e43@group-A833644733A7:LeaderElection2] INFO  server.RaftServerConfigKeys (ConfUtils.java:logGet(43)) - raft.server.rpc.sleep.time = 25ms (default)
2019-09-25 11:44:02,512 [e0e6d57f-f91e-4ea8-aa2d-63ea10a38e43@group-A833644733A7:LeaderElection2] INFO  server.RaftServerConfigKeys (ConfUtils.java:logGet(43)) - raft.server.write.element-limit = 4096 (default)
2019-09-25 11:44:02,512 [e0e6d57f-f91e-4ea8-aa2d-63ea10a38e43@group-A833644733A7:LeaderElection2] INFO  server.RaftServerConfigKeys (ConfUtils.java:logGet(43)) - raft.server.watch.timeout = 10s (default)
2019-09-25 11:44:02,513 [e0e6d57f-f91e-4ea8-aa2d-63ea10a38e43@group-A833644733A7:LeaderElection2] INFO  server.RaftServerConfigKeys (ConfUtils.java:logGet(43)) - raft.server.watch.timeout.denomination = 1s (default)
2019-09-25 11:44:02,513 [e0e6d57f-f91e-4ea8-aa2d-63ea10a38e43@group-A833644733A7:LeaderElection2] INFO  server.RaftServerConfigKeys (ConfUtils.java:logGet(43)) - raft.server.watch.element-limit = 65536 (default)
2019-09-25 11:44:02,516 [e0e6d57f-f91e-4ea8-aa2d-63ea10a38e43@group-A833644733A7:LeaderElection2] INFO  impl.RoleInfo (RoleInfo.java:updateAndGet(143)) - e0e6d57f-f91e-4ea8-aa2d-63ea10a38e43: start LeaderState
2019-09-25 11:44:02,517 [e0e6d57f-f91e-4ea8-aa2d-63ea10a38e43@group-A833644733A7:LeaderElection2] INFO  segmented.SegmentedRaftLogWorker (SegmentedRaftLogWorker.java:startLogSegment(380)) - e0e6d57f-f91e-4ea8-aa2d-63ea10a38e43@group-A833644733A7-SegmentedRaftLogWorker: Starting segment from index:0
2019-09-25 11:44:02,517 [e0e6d57f-f91e-4ea8-aa2d-63ea10a38e43@group-A833644733A7:LeaderElection2] INFO  impl.RaftServerImpl (ServerState.java:setRaftConf(354)) - e0e6d57f-f91e-4ea8-aa2d-63ea10a38e43@group-A833644733A7: set configuration 0: [e0e6d57f-f91e-4ea8-aa2d-63ea10a38e43:192.168.30.6:37819], old=null at 0
2019-09-25 11:44:02,678 [e0e6d57f-f91e-4ea8-aa2d-63ea10a38e43@group-A833644733A7-SegmentedRaftLogWorker] INFO  segmented.SegmentedRaftLogWorker (SegmentedRaftLogWorker.java:execute(569)) - e0e6d57f-f91e-4ea8-aa2d-63ea10a38e43@group-A833644733A7-SegmentedRaftLogWorker: created new log segment /workdir/hadoop-ozone/integration-test/target/test-dir/MiniOzoneClusterImpl-a207e20c-42ee-4864-92cb-a931ccd2d47f/datanode-0/data/ratis/55ec5610-da04-4577-a595-a833644733a7/current/log_inprogress_0
2019-09-25 11:44:02,678 [e0e6d57f-f91e-4ea8-aa2d-63ea10a38e43@group-9C21795A4D36-SegmentedRaftLogWorker] INFO  segmented.SegmentedRaftLogWorker (SegmentedRaftLogWorker.java:execute(569)) - e0e6d57f-f91e-4ea8-aa2d-63ea10a38e43@group-9C21795A4D36-SegmentedRaftLogWorker: created new log segment /workdir/hadoop-ozone/integration-test/target/test-dir/MiniOzoneClusterImpl-a207e20c-42ee-4864-92cb-a931ccd2d47f/datanode-0/data/ratis/195dff74-edae-4b3a-8d1d-9c21795a4d36/current/log_inprogress_0
2019-09-25 11:44:02,680 [Thread-186] INFO  impl.FollowerState (FollowerState.java:run(106)) - 0b0def17-0118-466c-b8b3-e46885956633:group-77CF398F632E changes to CANDIDATE, lastRpcTime:5192, electionTimeout:5192ms
2019-09-25 11:44:02,680 [Thread-186] INFO  impl.RoleInfo (RoleInfo.java:shutdownFollowerState(121)) - 0b0def17-0118-466c-b8b3-e46885956633: shutdown FollowerState
2019-09-25 11:44:02,680 [Thread-186] INFO  impl.RaftServerImpl (RaftServerImpl.java:setRole(174)) - 0b0def17-0118-466c-b8b3-e46885956633@group-77CF398F632E: changes role from  FOLLOWER to CANDIDATE at term 0 for changeToCandidate
2019-09-25 11:44:02,680 [Thread-186] INFO  impl.RoleInfo (RoleInfo.java:updateAndGet(143)) - 0b0def17-0118-466c-b8b3-e46885956633: start LeaderElection
2019-09-25 11:44:02,736 [0b0def17-0118-466c-b8b3-e46885956633@group-77CF398F632E:LeaderElection3] INFO  impl.LeaderElection (LeaderElection.java:askForVotes(182)) - 0b0def17-0118-466c-b8b3-e46885956633@group-77CF398F632E:LeaderElection3: begin an election at term 1 for -1: [0b0def17-0118-466c-b8b3-e46885956633:192.168.30.6:44389], old=null
2019-09-25 11:44:02,736 [0b0def17-0118-466c-b8b3-e46885956633@group-77CF398F632E:LeaderElection3] INFO  impl.RoleInfo (RoleInfo.java:shutdownLeaderElection(134)) - 0b0def17-0118-466c-b8b3-e46885956633: shutdown LeaderElection
2019-09-25 11:44:02,737 [0b0def17-0118-466c-b8b3-e46885956633@group-77CF398F632E:LeaderElection3] INFO  impl.RaftServerImpl (RaftServerImpl.java:setRole(174)) - 0b0def17-0118-466c-b8b3-e46885956633@group-77CF398F632E: changes role from CANDIDATE to LEADER at term 1 for changeToLeader
2019-09-25 11:44:02,737 [0b0def17-0118-466c-b8b3-e46885956633@group-77CF398F632E:LeaderElection3] INFO  impl.RaftServerImpl (ServerState.java:setLeader(253)) - 0b0def17-0118-466c-b8b3-e46885956633@group-77CF398F632E: change Leader from null to 0b0def17-0118-466c-b8b3-e46885956633 at term 1 for becomeLeader, leader elected after 5268ms
2019-09-25 11:44:02,737 [0b0def17-0118-466c-b8b3-e46885956633@group-77CF398F632E:LeaderElection3] INFO  server.RaftServerConfigKeys (ConfUtils.java:logGet(43)) - raft.server.staging.catchup.gap = 1000 (default)
2019-09-25 11:44:02,737 [0b0def17-0118-466c-b8b3-e46885956633@group-77CF398F632E:LeaderElection3] INFO  server.RaftServerConfigKeys (ConfUtils.java:logGet(43)) - raft.server.rpc.sleep.time = 25ms (default)
2019-09-25 11:44:02,737 [0b0def17-0118-466c-b8b3-e46885956633@group-77CF398F632E:LeaderElection3] INFO  server.RaftServerConfigKeys (ConfUtils.java:logGet(43)) - raft.server.write.element-limit = 4096 (default)
2019-09-25 11:44:02,737 [0b0def17-0118-466c-b8b3-e46885956633@group-77CF398F632E:LeaderElection3] INFO  server.RaftServerConfigKeys (ConfUtils.java:logGet(43)) - raft.server.watch.timeout = 10s (default)
2019-09-25 11:44:02,738 [0b0def17-0118-466c-b8b3-e46885956633@group-77CF398F632E:LeaderElection3] INFO  server.RaftServerConfigKeys (ConfUtils.java:logGet(43)) - raft.server.watch.timeout.denomination = 1s (default)
2019-09-25 11:44:02,738 [0b0def17-0118-466c-b8b3-e46885956633@group-77CF398F632E:LeaderElection3] INFO  server.RaftServerConfigKeys (ConfUtils.java:logGet(43)) - raft.server.watch.element-limit = 65536 (default)
2019-09-25 11:44:02,741 [0b0def17-0118-466c-b8b3-e46885956633@group-77CF398F632E:LeaderElection3] INFO  impl.RoleInfo (RoleInfo.java:updateAndGet(143)) - 0b0def17-0118-466c-b8b3-e46885956633: start LeaderState
2019-09-25 11:44:02,741 [0b0def17-0118-466c-b8b3-e46885956633@group-77CF398F632E:LeaderElection3] INFO  segmented.SegmentedRaftLogWorker (SegmentedRaftLogWorker.java:startLogSegment(380)) - 0b0def17-0118-466c-b8b3-e46885956633@group-77CF398F632E-SegmentedRaftLogWorker: Starting segment from index:0
2019-09-25 11:44:02,742 [0b0def17-0118-466c-b8b3-e46885956633@group-77CF398F632E:LeaderElection3] INFO  impl.RaftServerImpl (ServerState.java:setRaftConf(354)) - 0b0def17-0118-466c-b8b3-e46885956633@group-77CF398F632E: set configuration 0: [0b0def17-0118-466c-b8b3-e46885956633:192.168.30.6:44389], old=null at 0
2019-09-25 11:44:02,778 [Thread-192] INFO  impl.FollowerState (FollowerState.java:run(106)) - e0e6d57f-f91e-4ea8-aa2d-63ea10a38e43:group-874C735BB2C6 changes to CANDIDATE, lastRpcTime:5087, electionTimeout:5079ms
2019-09-25 11:44:02,778 [Thread-192] INFO  impl.RoleInfo (RoleInfo.java:shutdownFollowerState(121)) - e0e6d57f-f91e-4ea8-aa2d-63ea10a38e43: shutdown FollowerState
2019-09-25 11:44:02,778 [Thread-192] INFO  impl.RaftServerImpl (RaftServerImpl.java:setRole(174)) - e0e6d57f-f91e-4ea8-aa2d-63ea10a38e43@group-874C735BB2C6: changes role from  FOLLOWER to CANDIDATE at term 0 for changeToCandidate
2019-09-25 11:44:02,779 [Thread-192] INFO  impl.RoleInfo (RoleInfo.java:updateAndGet(143)) - e0e6d57f-f91e-4ea8-aa2d-63ea10a38e43: start LeaderElection
2019-09-25 11:44:02,783 [Thread-189] INFO  impl.FollowerState (FollowerState.java:run(106)) - 23446a0b-162d-43e0-a8ad-af938e24e577:group-0F5DB94041FA changes to CANDIDATE, lastRpcTime:5160, electionTimeout:5159ms
2019-09-25 11:44:02,783 [Thread-189] INFO  impl.RoleInfo (RoleInfo.java:shutdownFollowerState(121)) - 23446a0b-162d-43e0-a8ad-af938e24e577: shutdown FollowerState
2019-09-25 11:44:02,783 [Thread-189] INFO  impl.RaftServerImpl (RaftServerImpl.java:setRole(174)) - 23446a0b-162d-43e0-a8ad-af938e24e577@group-0F5DB94041FA: changes role from  FOLLOWER to CANDIDATE at term 0 for changeToCandidate
2019-09-25 11:44:02,783 [Thread-189] INFO  impl.RoleInfo (RoleInfo.java:updateAndGet(143)) - 23446a0b-162d-43e0-a8ad-af938e24e577: start LeaderElection
2019-09-25 11:44:02,802 [0b0def17-0118-466c-b8b3-e46885956633@group-77CF398F632E-SegmentedRaftLogWorker] INFO  segmented.SegmentedRaftLogWorker (SegmentedRaftLogWorker.java:execute(569)) - 0b0def17-0118-466c-b8b3-e46885956633@group-77CF398F632E-SegmentedRaftLogWorker: created new log segment /workdir/hadoop-ozone/integration-test/target/test-dir/MiniOzoneClusterImpl-a207e20c-42ee-4864-92cb-a931ccd2d47f/datanode-1/data/ratis/1709dee1-4358-44aa-ad31-77cf398f632e/current/log_inprogress_0
2019-09-25 11:44:02,802 [23446a0b-162d-43e0-a8ad-af938e24e577@group-0F5DB94041FA:LeaderElection5] INFO  impl.LeaderElection (LeaderElection.java:askForVotes(182)) - 23446a0b-162d-43e0-a8ad-af938e24e577@group-0F5DB94041FA:LeaderElection5: begin an election at term 1 for -1: [23446a0b-162d-43e0-a8ad-af938e24e577:192.168.30.6:41601], old=null
2019-09-25 11:44:02,802 [e0e6d57f-f91e-4ea8-aa2d-63ea10a38e43@group-874C735BB2C6:LeaderElection4] INFO  impl.LeaderElection (LeaderElection.java:askForVotes(182)) - e0e6d57f-f91e-4ea8-aa2d-63ea10a38e43@group-874C735BB2C6:LeaderElection4: begin an election at term 1 for -1: [e0e6d57f-f91e-4ea8-aa2d-63ea10a38e43:192.168.30.6:37819], old=null
2019-09-25 11:44:02,802 [23446a0b-162d-43e0-a8ad-af938e24e577@group-0F5DB94041FA:LeaderElection5] INFO  impl.RoleInfo (RoleInfo.java:shutdownLeaderElection(134)) - 23446a0b-162d-43e0-a8ad-af938e24e577: shutdown LeaderElection
2019-09-25 11:44:02,802 [e0e6d57f-f91e-4ea8-aa2d-63ea10a38e43@group-874C735BB2C6:LeaderElection4] INFO  impl.RoleInfo (RoleInfo.java:shutdownLeaderElection(134)) - e0e6d57f-f91e-4ea8-aa2d-63ea10a38e43: shutdown LeaderElection
2019-09-25 11:44:02,802 [23446a0b-162d-43e0-a8ad-af938e24e577@group-0F5DB94041FA:LeaderElection5] INFO  impl.RaftServerImpl (RaftServerImpl.java:setRole(174)) - 23446a0b-162d-43e0-a8ad-af938e24e577@group-0F5DB94041FA: changes role from CANDIDATE to LEADER at term 1 for changeToLeader
2019-09-25 11:44:02,803 [e0e6d57f-f91e-4ea8-aa2d-63ea10a38e43@group-874C735BB2C6:LeaderElection4] INFO  impl.RaftServerImpl (RaftServerImpl.java:setRole(174)) - e0e6d57f-f91e-4ea8-aa2d-63ea10a38e43@group-874C735BB2C6: changes role from CANDIDATE to LEADER at term 1 for changeToLeader
2019-09-25 11:44:02,803 [23446a0b-162d-43e0-a8ad-af938e24e577@group-0F5DB94041FA:LeaderElection5] INFO  impl.RaftServerImpl (ServerState.java:setLeader(253)) - 23446a0b-162d-43e0-a8ad-af938e24e577@group-0F5DB94041FA: change Leader from null to 23446a0b-162d-43e0-a8ad-af938e24e577 at term 1 for becomeLeader, leader elected after 5219ms
2019-09-25 11:44:02,803 [e0e6d57f-f91e-4ea8-aa2d-63ea10a38e43@group-874C735BB2C6:LeaderElection4] INFO  impl.RaftServerImpl (ServerState.java:setLeader(253)) - e0e6d57f-f91e-4ea8-aa2d-63ea10a38e43@group-874C735BB2C6: change Leader from null to e0e6d57f-f91e-4ea8-aa2d-63ea10a38e43 at term 1 for becomeLeader, leader elected after 5121ms
2019-09-25 11:44:02,803 [23446a0b-162d-43e0-a8ad-af938e24e577@group-0F5DB94041FA:LeaderElection5] INFO  server.RaftServerConfigKeys (ConfUtils.java:logGet(43)) - raft.server.staging.catchup.gap = 1000 (default)
2019-09-25 11:44:02,803 [e0e6d57f-f91e-4ea8-aa2d-63ea10a38e43@group-874C735BB2C6:LeaderElection4] INFO  server.RaftServerConfigKeys (ConfUtils.java:logGet(43)) - raft.server.staging.catchup.gap = 1000 (default)
2019-09-25 11:44:02,803 [23446a0b-162d-43e0-a8ad-af938e24e577@group-0F5DB94041FA:LeaderElection5] INFO  server.RaftServerConfigKeys (ConfUtils.java:logGet(43)) - raft.server.rpc.sleep.time = 25ms (default)
2019-09-25 11:44:02,803 [e0e6d57f-f91e-4ea8-aa2d-63ea10a38e43@group-874C735BB2C6:LeaderElection4] INFO  server.RaftServerConfigKeys (ConfUtils.java:logGet(43)) - raft.server.rpc.sleep.time = 25ms (default)
2019-09-25 11:44:02,804 [23446a0b-162d-43e0-a8ad-af938e24e577@group-0F5DB94041FA:LeaderElection5] INFO  server.RaftServerConfigKeys (ConfUtils.java:logGet(43)) - raft.server.write.element-limit = 4096 (default)
2019-09-25 11:44:02,804 [e0e6d57f-f91e-4ea8-aa2d-63ea10a38e43@group-874C735BB2C6:LeaderElection4] INFO  server.RaftServerConfigKeys (ConfUtils.java:logGet(43)) - raft.server.write.element-limit = 4096 (default)
2019-09-25 11:44:02,804 [23446a0b-162d-43e0-a8ad-af938e24e577@group-0F5DB94041FA:LeaderElection5] INFO  server.RaftServerConfigKeys (ConfUtils.java:logGet(43)) - raft.server.watch.timeout = 10s (default)
2019-09-25 11:44:02,804 [e0e6d57f-f91e-4ea8-aa2d-63ea10a38e43@group-874C735BB2C6:LeaderElection4] INFO  server.RaftServerConfigKeys (ConfUtils.java:logGet(43)) - raft.server.watch.timeout = 10s (default)
2019-09-25 11:44:02,804 [23446a0b-162d-43e0-a8ad-af938e24e577@group-0F5DB94041FA:LeaderElection5] INFO  server.RaftServerConfigKeys (ConfUtils.java:logGet(43)) - raft.server.watch.timeout.denomination = 1s (default)
2019-09-25 11:44:02,804 [e0e6d57f-f91e-4ea8-aa2d-63ea10a38e43@group-874C735BB2C6:LeaderElection4] INFO  server.RaftServerConfigKeys (ConfUtils.java:logGet(43)) - raft.server.watch.timeout.denomination = 1s (default)
2019-09-25 11:44:02,804 [23446a0b-162d-43e0-a8ad-af938e24e577@group-0F5DB94041FA:LeaderElection5] INFO  server.RaftServerConfigKeys (ConfUtils.java:logGet(43)) - raft.server.watch.element-limit = 65536 (default)
2019-09-25 11:44:02,804 [e0e6d57f-f91e-4ea8-aa2d-63ea10a38e43@group-874C735BB2C6:LeaderElection4] INFO  server.RaftServerConfigKeys (ConfUtils.java:logGet(43)) - raft.server.watch.element-limit = 65536 (default)
2019-09-25 11:44:02,808 [23446a0b-162d-43e0-a8ad-af938e24e577@group-0F5DB94041FA:LeaderElection5] INFO  impl.RoleInfo (RoleInfo.java:updateAndGet(143)) - 23446a0b-162d-43e0-a8ad-af938e24e577: start LeaderState
2019-09-25 11:44:02,809 [23446a0b-162d-43e0-a8ad-af938e24e577@group-0F5DB94041FA:LeaderElection5] INFO  segmented.SegmentedRaftLogWorker (SegmentedRaftLogWorker.java:startLogSegment(380)) - 23446a0b-162d-43e0-a8ad-af938e24e577@group-0F5DB94041FA-SegmentedRaftLogWorker: Starting segment from index:0
2019-09-25 11:44:02,809 [e0e6d57f-f91e-4ea8-aa2d-63ea10a38e43@group-874C735BB2C6:LeaderElection4] INFO  impl.RoleInfo (RoleInfo.java:updateAndGet(143)) - e0e6d57f-f91e-4ea8-aa2d-63ea10a38e43: start LeaderState
2019-09-25 11:44:02,809 [e0e6d57f-f91e-4ea8-aa2d-63ea10a38e43@group-874C735BB2C6:LeaderElection4] INFO  segmented.SegmentedRaftLogWorker (SegmentedRaftLogWorker.java:startLogSegment(380)) - e0e6d57f-f91e-4ea8-aa2d-63ea10a38e43@group-874C735BB2C6-SegmentedRaftLogWorker: Starting segment from index:0
2019-09-25 11:44:02,809 [23446a0b-162d-43e0-a8ad-af938e24e577@group-0F5DB94041FA:LeaderElection5] INFO  impl.RaftServerImpl (ServerState.java:setRaftConf(354)) - 23446a0b-162d-43e0-a8ad-af938e24e577@group-0F5DB94041FA: set configuration 0: [23446a0b-162d-43e0-a8ad-af938e24e577:192.168.30.6:41601], old=null at 0
2019-09-25 11:44:02,836 [e0e6d57f-f91e-4ea8-aa2d-63ea10a38e43@group-874C735BB2C6:LeaderElection4] INFO  impl.RaftServerImpl (ServerState.java:setRaftConf(354)) - e0e6d57f-f91e-4ea8-aa2d-63ea10a38e43@group-874C735BB2C6: set configuration 0: [e0e6d57f-f91e-4ea8-aa2d-63ea10a38e43:192.168.30.6:37819], old=null at 0
2019-09-25 11:44:02,873 [23446a0b-162d-43e0-a8ad-af938e24e577@group-0F5DB94041FA-SegmentedRaftLogWorker] INFO  segmented.SegmentedRaftLogWorker (SegmentedRaftLogWorker.java:execute(569)) - 23446a0b-162d-43e0-a8ad-af938e24e577@group-0F5DB94041FA-SegmentedRaftLogWorker: created new log segment /workdir/hadoop-ozone/integration-test/target/test-dir/MiniOzoneClusterImpl-a207e20c-42ee-4864-92cb-a931ccd2d47f/datanode-2/data/ratis/d45e697b-0372-4847-ac93-0f5db94041fa/current/log_inprogress_0
2019-09-25 11:44:02,873 [Thread-198] INFO  impl.FollowerState (FollowerState.java:run(106)) - 23446a0b-162d-43e0-a8ad-af938e24e577:group-D0C78356D666 changes to CANDIDATE, lastRpcTime:5039, electionTimeout:5007ms
2019-09-25 11:44:02,873 [Thread-198] INFO  impl.RoleInfo (RoleInfo.java:shutdownFollowerState(121)) - 23446a0b-162d-43e0-a8ad-af938e24e577: shutdown FollowerState
2019-09-25 11:44:02,873 [Thread-198] INFO  impl.RaftServerImpl (RaftServerImpl.java:setRole(174)) - 23446a0b-162d-43e0-a8ad-af938e24e577@group-D0C78356D666: changes role from  FOLLOWER to CANDIDATE at term 0 for changeToCandidate
2019-09-25 11:44:02,874 [Thread-198] INFO  impl.RoleInfo (RoleInfo.java:updateAndGet(143)) - 23446a0b-162d-43e0-a8ad-af938e24e577: start LeaderElection
2019-09-25 11:44:02,880 [e0e6d57f-f91e-4ea8-aa2d-63ea10a38e43@group-874C735BB2C6-SegmentedRaftLogWorker] INFO  segmented.SegmentedRaftLogWorker (SegmentedRaftLogWorker.java:execute(569)) - e0e6d57f-f91e-4ea8-aa2d-63ea10a38e43@group-874C735BB2C6-SegmentedRaftLogWorker: created new log segment /workdir/hadoop-ozone/integration-test/target/test-dir/MiniOzoneClusterImpl-a207e20c-42ee-4864-92cb-a931ccd2d47f/datanode-0/data/ratis/e5e9271d-f81c-4830-8188-874c735bb2c6/current/log_inprogress_0
2019-09-25 11:44:02,880 [23446a0b-162d-43e0-a8ad-af938e24e577@group-D0C78356D666:LeaderElection6] INFO  impl.LeaderElection (LeaderElection.java:askForVotes(182)) - 23446a0b-162d-43e0-a8ad-af938e24e577@group-D0C78356D666:LeaderElection6: begin an election at term 1 for -1: [23446a0b-162d-43e0-a8ad-af938e24e577:192.168.30.6:41601], old=null
2019-09-25 11:44:02,880 [23446a0b-162d-43e0-a8ad-af938e24e577@group-D0C78356D666:LeaderElection6] INFO  impl.RoleInfo (RoleInfo.java:shutdownLeaderElection(134)) - 23446a0b-162d-43e0-a8ad-af938e24e577: shutdown LeaderElection
2019-09-25 11:44:02,881 [23446a0b-162d-43e0-a8ad-af938e24e577@group-D0C78356D666:LeaderElection6] INFO  impl.RaftServerImpl (RaftServerImpl.java:setRole(174)) - 23446a0b-162d-43e0-a8ad-af938e24e577@group-D0C78356D666: changes role from CANDIDATE to LEADER at term 1 for changeToLeader
2019-09-25 11:44:02,881 [23446a0b-162d-43e0-a8ad-af938e24e577@group-D0C78356D666:LeaderElection6] INFO  impl.RaftServerImpl (ServerState.java:setLeader(253)) - 23446a0b-162d-43e0-a8ad-af938e24e577@group-D0C78356D666: change Leader from null to 23446a0b-162d-43e0-a8ad-af938e24e577 at term 1 for becomeLeader, leader elected after 5053ms
2019-09-25 11:44:02,881 [23446a0b-162d-43e0-a8ad-af938e24e577@group-D0C78356D666:LeaderElection6] INFO  server.RaftServerConfigKeys (ConfUtils.java:logGet(43)) - raft.server.staging.catchup.gap = 1000 (default)
2019-09-25 11:44:02,881 [23446a0b-162d-43e0-a8ad-af938e24e577@group-D0C78356D666:LeaderElection6] INFO  server.RaftServerConfigKeys (ConfUtils.java:logGet(43)) - raft.server.rpc.sleep.time = 25ms (default)
2019-09-25 11:44:02,881 [23446a0b-162d-43e0-a8ad-af938e24e577@group-D0C78356D666:LeaderElection6] INFO  server.RaftServerConfigKeys (ConfUtils.java:logGet(43)) - raft.server.write.element-limit = 4096 (default)
2019-09-25 11:44:02,882 [23446a0b-162d-43e0-a8ad-af938e24e577@group-D0C78356D666:LeaderElection6] INFO  server.RaftServerConfigKeys (ConfUtils.java:logGet(43)) - raft.server.watch.timeout = 10s (default)
2019-09-25 11:44:02,882 [23446a0b-162d-43e0-a8ad-af938e24e577@group-D0C78356D666:LeaderElection6] INFO  server.RaftServerConfigKeys (ConfUtils.java:logGet(43)) - raft.server.watch.timeout.denomination = 1s (default)
2019-09-25 11:44:02,882 [23446a0b-162d-43e0-a8ad-af938e24e577@group-D0C78356D666:LeaderElection6] INFO  server.RaftServerConfigKeys (ConfUtils.java:logGet(43)) - raft.server.watch.element-limit = 65536 (default)
2019-09-25 11:44:02,886 [23446a0b-162d-43e0-a8ad-af938e24e577@group-D0C78356D666:LeaderElection6] INFO  impl.RoleInfo (RoleInfo.java:updateAndGet(143)) - 23446a0b-162d-43e0-a8ad-af938e24e577: start LeaderState
2019-09-25 11:44:02,886 [23446a0b-162d-43e0-a8ad-af938e24e577@group-D0C78356D666:LeaderElection6] INFO  segmented.SegmentedRaftLogWorker (SegmentedRaftLogWorker.java:startLogSegment(380)) - 23446a0b-162d-43e0-a8ad-af938e24e577@group-D0C78356D666-SegmentedRaftLogWorker: Starting segment from index:0
2019-09-25 11:44:02,887 [Thread-195] INFO  impl.FollowerState (FollowerState.java:run(106)) - 0b0def17-0118-466c-b8b3-e46885956633:group-1ED2E77B1FA3 changes to CANDIDATE, lastRpcTime:5129, electionTimeout:5129ms
2019-09-25 11:44:02,887 [23446a0b-162d-43e0-a8ad-af938e24e577@group-D0C78356D666:LeaderElection6] INFO  impl.RaftServerImpl (ServerState.java:setRaftConf(354)) - 23446a0b-162d-43e0-a8ad-af938e24e577@group-D0C78356D666: set configuration 0: [23446a0b-162d-43e0-a8ad-af938e24e577:192.168.30.6:41601], old=null at 0
2019-09-25 11:44:02,887 [Thread-195] INFO  impl.RoleInfo (RoleInfo.java:shutdownFollowerState(121)) - 0b0def17-0118-466c-b8b3-e46885956633: shutdown FollowerState
2019-09-25 11:44:02,921 [Thread-195] INFO  impl.RaftServerImpl (RaftServerImpl.java:setRole(174)) - 0b0def17-0118-466c-b8b3-e46885956633@group-1ED2E77B1FA3: changes role from  FOLLOWER to CANDIDATE at term 0 for changeToCandidate
2019-09-25 11:44:02,921 [Thread-195] INFO  impl.RoleInfo (RoleInfo.java:updateAndGet(143)) - 0b0def17-0118-466c-b8b3-e46885956633: start LeaderElection
2019-09-25 11:44:02,929 [Thread-201] INFO  impl.FollowerState (FollowerState.java:run(106)) - e0e6d57f-f91e-4ea8-aa2d-63ea10a38e43:group-FE18201C31F7 changes to CANDIDATE, lastRpcTime:5033, electionTimeout:5033ms
2019-09-25 11:44:02,929 [Thread-201] INFO  impl.RoleInfo (RoleInfo.java:shutdownFollowerState(121)) - e0e6d57f-f91e-4ea8-aa2d-63ea10a38e43: shutdown FollowerState
2019-09-25 11:44:02,929 [Thread-201] INFO  impl.RaftServerImpl (RaftServerImpl.java:setRole(174)) - e0e6d57f-f91e-4ea8-aa2d-63ea10a38e43@group-FE18201C31F7: changes role from  FOLLOWER to CANDIDATE at term 0 for changeToCandidate
2019-09-25 11:44:02,930 [Thread-201] INFO  impl.RoleInfo (RoleInfo.java:updateAndGet(143)) - e0e6d57f-f91e-4ea8-aa2d-63ea10a38e43: start LeaderElection
2019-09-25 11:44:02,936 [23446a0b-162d-43e0-a8ad-af938e24e577@group-D0C78356D666-SegmentedRaftLogWorker] INFO  segmented.SegmentedRaftLogWorker (SegmentedRaftLogWorker.java:execute(569)) - 23446a0b-162d-43e0-a8ad-af938e24e577@group-D0C78356D666-SegmentedRaftLogWorker: created new log segment /workdir/hadoop-ozone/integration-test/target/test-dir/MiniOzoneClusterImpl-a207e20c-42ee-4864-92cb-a931ccd2d47f/datanode-2/data/ratis/b8a26af9-eec9-46a5-bb5a-d0c78356d666/current/log_inprogress_0
2019-09-25 11:44:02,936 [0b0def17-0118-466c-b8b3-e46885956633@group-1ED2E77B1FA3:LeaderElection7] INFO  impl.LeaderElection (LeaderElection.java:askForVotes(182)) - 0b0def17-0118-466c-b8b3-e46885956633@group-1ED2E77B1FA3:LeaderElection7: begin an election at term 1 for -1: [0b0def17-0118-466c-b8b3-e46885956633:192.168.30.6:44389], old=null
2019-09-25 11:44:02,936 [0b0def17-0118-466c-b8b3-e46885956633@group-1ED2E77B1FA3:LeaderElection7] INFO  impl.RoleInfo (RoleInfo.java:shutdownLeaderElection(134)) - 0b0def17-0118-466c-b8b3-e46885956633: shutdown LeaderElection
2019-09-25 11:44:02,937 [0b0def17-0118-466c-b8b3-e46885956633@group-1ED2E77B1FA3:LeaderElection7] INFO  impl.RaftServerImpl (RaftServerImpl.java:setRole(174)) - 0b0def17-0118-466c-b8b3-e46885956633@group-1ED2E77B1FA3: changes role from CANDIDATE to LEADER at term 1 for changeToLeader
2019-09-25 11:44:02,937 [0b0def17-0118-466c-b8b3-e46885956633@group-1ED2E77B1FA3:LeaderElection7] INFO  impl.RaftServerImpl (ServerState.java:setLeader(253)) - 0b0def17-0118-466c-b8b3-e46885956633@group-1ED2E77B1FA3: change Leader from null to 0b0def17-0118-466c-b8b3-e46885956633 at term 1 for becomeLeader, leader elected after 5187ms
2019-09-25 11:44:02,937 [0b0def17-0118-466c-b8b3-e46885956633@group-1ED2E77B1FA3:LeaderElection7] INFO  server.RaftServerConfigKeys (ConfUtils.java:logGet(43)) - raft.server.staging.catchup.gap = 1000 (default)
2019-09-25 11:44:02,937 [0b0def17-0118-466c-b8b3-e46885956633@group-1ED2E77B1FA3:LeaderElection7] INFO  server.RaftServerConfigKeys (ConfUtils.java:logGet(43)) - raft.server.rpc.sleep.time = 25ms (default)
2019-09-25 11:44:02,937 [0b0def17-0118-466c-b8b3-e46885956633@group-1ED2E77B1FA3:LeaderElection7] INFO  server.RaftServerConfigKeys (ConfUtils.java:logGet(43)) - raft.server.write.element-limit = 4096 (default)
2019-09-25 11:44:02,938 [0b0def17-0118-466c-b8b3-e46885956633@group-1ED2E77B1FA3:LeaderElection7] INFO  server.RaftServerConfigKeys (ConfUtils.java:logGet(43)) - raft.server.watch.timeout = 10s (default)
2019-09-25 11:44:02,938 [0b0def17-0118-466c-b8b3-e46885956633@group-1ED2E77B1FA3:LeaderElection7] INFO  server.RaftServerConfigKeys (ConfUtils.java:logGet(43)) - raft.server.watch.timeout.denomination = 1s (default)
2019-09-25 11:44:02,938 [0b0def17-0118-466c-b8b3-e46885956633@group-1ED2E77B1FA3:LeaderElection7] INFO  server.RaftServerConfigKeys (ConfUtils.java:logGet(43)) - raft.server.watch.element-limit = 65536 (default)
2019-09-25 11:44:02,938 [e0e6d57f-f91e-4ea8-aa2d-63ea10a38e43@group-FE18201C31F7:LeaderElection8] INFO  impl.LeaderElection (LeaderElection.java:askForVotes(182)) - e0e6d57f-f91e-4ea8-aa2d-63ea10a38e43@group-FE18201C31F7:LeaderElection8: begin an election at term 1 for -1: [e0e6d57f-f91e-4ea8-aa2d-63ea10a38e43:192.168.30.6:37819], old=null
2019-09-25 11:44:02,939 [e0e6d57f-f91e-4ea8-aa2d-63ea10a38e43@group-FE18201C31F7:LeaderElection8] INFO  impl.RoleInfo (RoleInfo.java:shutdownLeaderElection(134)) - e0e6d57f-f91e-4ea8-aa2d-63ea10a38e43: shutdown LeaderElection
2019-09-25 11:44:02,939 [e0e6d57f-f91e-4ea8-aa2d-63ea10a38e43@group-FE18201C31F7:LeaderElection8] INFO  impl.RaftServerImpl (RaftServerImpl.java:setRole(174)) - e0e6d57f-f91e-4ea8-aa2d-63ea10a38e43@group-FE18201C31F7: changes role from CANDIDATE to LEADER at term 1 for changeToLeader
2019-09-25 11:44:02,939 [e0e6d57f-f91e-4ea8-aa2d-63ea10a38e43@group-FE18201C31F7:LeaderElection8] INFO  impl.RaftServerImpl (ServerState.java:setLeader(253)) - e0e6d57f-f91e-4ea8-aa2d-63ea10a38e43@group-FE18201C31F7: change Leader from null to e0e6d57f-f91e-4ea8-aa2d-63ea10a38e43 at term 1 for becomeLeader, leader elected after 5049ms
2019-09-25 11:44:02,941 [e0e6d57f-f91e-4ea8-aa2d-63ea10a38e43@group-FE18201C31F7:LeaderElection8] INFO  server.RaftServerConfigKeys (ConfUtils.java:logGet(43)) - raft.server.staging.catchup.gap = 1000 (default)
2019-09-25 11:44:02,941 [e0e6d57f-f91e-4ea8-aa2d-63ea10a38e43@group-FE18201C31F7:LeaderElection8] INFO  server.RaftServerConfigKeys (ConfUtils.java:logGet(43)) - raft.server.rpc.sleep.time = 25ms (default)
2019-09-25 11:44:02,941 [e0e6d57f-f91e-4ea8-aa2d-63ea10a38e43@group-FE18201C31F7:LeaderElection8] INFO  server.RaftServerConfigKeys (ConfUtils.java:logGet(43)) - raft.server.write.element-limit = 4096 (default)
2019-09-25 11:44:02,941 [e0e6d57f-f91e-4ea8-aa2d-63ea10a38e43@group-FE18201C31F7:LeaderElection8] INFO  server.RaftServerConfigKeys (ConfUtils.java:logGet(43)) - raft.server.watch.timeout = 10s (default)
2019-09-25 11:44:02,942 [e0e6d57f-f91e-4ea8-aa2d-63ea10a38e43@group-FE18201C31F7:LeaderElection8] INFO  server.RaftServerConfigKeys (ConfUtils.java:logGet(43)) - raft.server.watch.timeout.denomination = 1s (default)
2019-09-25 11:44:02,942 [e0e6d57f-f91e-4ea8-aa2d-63ea10a38e43@group-FE18201C31F7:LeaderElection8] INFO  server.RaftServerConfigKeys (ConfUtils.java:logGet(43)) - raft.server.watch.element-limit = 65536 (default)
2019-09-25 11:44:02,943 [0b0def17-0118-466c-b8b3-e46885956633@group-1ED2E77B1FA3:LeaderElection7] INFO  impl.RoleInfo (RoleInfo.java:updateAndGet(143)) - 0b0def17-0118-466c-b8b3-e46885956633: start LeaderState
2019-09-25 11:44:02,943 [0b0def17-0118-466c-b8b3-e46885956633@group-1ED2E77B1FA3:LeaderElection7] INFO  segmented.SegmentedRaftLogWorker (SegmentedRaftLogWorker.java:startLogSegment(380)) - 0b0def17-0118-466c-b8b3-e46885956633@group-1ED2E77B1FA3-SegmentedRaftLogWorker: Starting segment from index:0
2019-09-25 11:44:02,944 [0b0def17-0118-466c-b8b3-e46885956633@group-1ED2E77B1FA3:LeaderElection7] INFO  impl.RaftServerImpl (ServerState.java:setRaftConf(354)) - 0b0def17-0118-466c-b8b3-e46885956633@group-1ED2E77B1FA3: set configuration 0: [0b0def17-0118-466c-b8b3-e46885956633:192.168.30.6:44389], old=null at 0
2019-09-25 11:44:02,976 [e0e6d57f-f91e-4ea8-aa2d-63ea10a38e43@group-FE18201C31F7:LeaderElection8] INFO  impl.RoleInfo (RoleInfo.java:updateAndGet(143)) - e0e6d57f-f91e-4ea8-aa2d-63ea10a38e43: start LeaderState
2019-09-25 11:44:02,976 [e0e6d57f-f91e-4ea8-aa2d-63ea10a38e43@group-FE18201C31F7:LeaderElection8] INFO  segmented.SegmentedRaftLogWorker (SegmentedRaftLogWorker.java:startLogSegment(380)) - e0e6d57f-f91e-4ea8-aa2d-63ea10a38e43@group-FE18201C31F7-SegmentedRaftLogWorker: Starting segment from index:0
2019-09-25 11:44:02,977 [e0e6d57f-f91e-4ea8-aa2d-63ea10a38e43@group-FE18201C31F7:LeaderElection8] INFO  impl.RaftServerImpl (ServerState.java:setRaftConf(354)) - e0e6d57f-f91e-4ea8-aa2d-63ea10a38e43@group-FE18201C31F7: set configuration 0: [e0e6d57f-f91e-4ea8-aa2d-63ea10a38e43:192.168.30.6:37819], old=null at 0
2019-09-25 11:44:03,003 [0b0def17-0118-466c-b8b3-e46885956633@group-1ED2E77B1FA3-SegmentedRaftLogWorker] INFO  segmented.SegmentedRaftLogWorker (SegmentedRaftLogWorker.java:execute(569)) - 0b0def17-0118-466c-b8b3-e46885956633@group-1ED2E77B1FA3-SegmentedRaftLogWorker: created new log segment /workdir/hadoop-ozone/integration-test/target/test-dir/MiniOzoneClusterImpl-a207e20c-42ee-4864-92cb-a931ccd2d47f/datanode-1/data/ratis/fd5c11a5-4b6f-4283-8fea-1ed2e77b1fa3/current/log_inprogress_0
2019-09-25 11:44:03,007 [e0e6d57f-f91e-4ea8-aa2d-63ea10a38e43@group-FE18201C31F7-SegmentedRaftLogWorker] INFO  segmented.SegmentedRaftLogWorker (SegmentedRaftLogWorker.java:execute(569)) - e0e6d57f-f91e-4ea8-aa2d-63ea10a38e43@group-FE18201C31F7-SegmentedRaftLogWorker: created new log segment /workdir/hadoop-ozone/integration-test/target/test-dir/MiniOzoneClusterImpl-a207e20c-42ee-4864-92cb-a931ccd2d47f/datanode-0/data/ratis/893d6e87-ed6e-4611-8c42-fe18201c31f7/current/log_inprogress_0
2019-09-25 11:44:03,113 [Thread-207] INFO  impl.FollowerState (FollowerState.java:run(106)) - 0b0def17-0118-466c-b8b3-e46885956633:group-1C366893CAC8 changes to CANDIDATE, lastRpcTime:5097, electionTimeout:5097ms
2019-09-25 11:44:03,113 [Thread-207] INFO  impl.RoleInfo (RoleInfo.java:shutdownFollowerState(121)) - 0b0def17-0118-466c-b8b3-e46885956633: shutdown FollowerState
2019-09-25 11:44:03,113 [Thread-207] INFO  impl.RaftServerImpl (RaftServerImpl.java:setRole(174)) - 0b0def17-0118-466c-b8b3-e46885956633@group-1C366893CAC8: changes role from  FOLLOWER to CANDIDATE at term 0 for changeToCandidate
2019-09-25 11:44:03,114 [Thread-207] INFO  impl.RoleInfo (RoleInfo.java:updateAndGet(143)) - 0b0def17-0118-466c-b8b3-e46885956633: start LeaderElection
2019-09-25 11:44:03,130 [0b0def17-0118-466c-b8b3-e46885956633@group-1C366893CAC8:LeaderElection9] INFO  impl.LeaderElection (LeaderElection.java:askForVotes(182)) - 0b0def17-0118-466c-b8b3-e46885956633@group-1C366893CAC8:LeaderElection9: begin an election at term 1 for -1: [0b0def17-0118-466c-b8b3-e46885956633:192.168.30.6:44389], old=null
2019-09-25 11:44:03,131 [0b0def17-0118-466c-b8b3-e46885956633@group-1C366893CAC8:LeaderElection9] INFO  impl.RoleInfo (RoleInfo.java:shutdownLeaderElection(134)) - 0b0def17-0118-466c-b8b3-e46885956633: shutdown LeaderElection
2019-09-25 11:44:03,131 [0b0def17-0118-466c-b8b3-e46885956633@group-1C366893CAC8:LeaderElection9] INFO  impl.RaftServerImpl (RaftServerImpl.java:setRole(174)) - 0b0def17-0118-466c-b8b3-e46885956633@group-1C366893CAC8: changes role from CANDIDATE to LEADER at term 1 for changeToLeader
2019-09-25 11:44:03,131 [0b0def17-0118-466c-b8b3-e46885956633@group-1C366893CAC8:LeaderElection9] INFO  impl.RaftServerImpl (ServerState.java:setLeader(253)) - 0b0def17-0118-466c-b8b3-e46885956633@group-1C366893CAC8: change Leader from null to 0b0def17-0118-466c-b8b3-e46885956633 at term 1 for becomeLeader, leader elected after 5123ms
2019-09-25 11:44:03,131 [0b0def17-0118-466c-b8b3-e46885956633@group-1C366893CAC8:LeaderElection9] INFO  server.RaftServerConfigKeys (ConfUtils.java:logGet(43)) - raft.server.staging.catchup.gap = 1000 (default)
2019-09-25 11:44:03,131 [0b0def17-0118-466c-b8b3-e46885956633@group-1C366893CAC8:LeaderElection9] INFO  server.RaftServerConfigKeys (ConfUtils.java:logGet(43)) - raft.server.rpc.sleep.time = 25ms (default)
2019-09-25 11:44:03,132 [0b0def17-0118-466c-b8b3-e46885956633@group-1C366893CAC8:LeaderElection9] INFO  server.RaftServerConfigKeys (ConfUtils.java:logGet(43)) - raft.server.write.element-limit = 4096 (default)
2019-09-25 11:44:03,132 [0b0def17-0118-466c-b8b3-e46885956633@group-1C366893CAC8:LeaderElection9] INFO  server.RaftServerConfigKeys (ConfUtils.java:logGet(43)) - raft.server.watch.timeout = 10s (default)
2019-09-25 11:44:03,132 [0b0def17-0118-466c-b8b3-e46885956633@group-1C366893CAC8:LeaderElection9] INFO  server.RaftServerConfigKeys (ConfUtils.java:logGet(43)) - raft.server.watch.timeout.denomination = 1s (default)
2019-09-25 11:44:03,132 [0b0def17-0118-466c-b8b3-e46885956633@group-1C366893CAC8:LeaderElection9] INFO  server.RaftServerConfigKeys (ConfUtils.java:logGet(43)) - raft.server.watch.element-limit = 65536 (default)
2019-09-25 11:44:03,133 [Thread-213] INFO  impl.FollowerState (FollowerState.java:run(106)) - 23446a0b-162d-43e0-a8ad-af938e24e577:group-4FC30D35D749 changes to CANDIDATE, lastRpcTime:5019, electionTimeout:5019ms
2019-09-25 11:44:03,133 [Thread-213] INFO  impl.RoleInfo (RoleInfo.java:shutdownFollowerState(121)) - 23446a0b-162d-43e0-a8ad-af938e24e577: shutdown FollowerState
2019-09-25 11:44:03,133 [Thread-213] INFO  impl.RaftServerImpl (RaftServerImpl.java:setRole(174)) - 23446a0b-162d-43e0-a8ad-af938e24e577@group-4FC30D35D749: changes role from  FOLLOWER to CANDIDATE at term 0 for changeToCandidate
2019-09-25 11:44:03,133 [Thread-213] INFO  impl.RoleInfo (RoleInfo.java:updateAndGet(143)) - 23446a0b-162d-43e0-a8ad-af938e24e577: start LeaderElection
2019-09-25 11:44:03,138 [0b0def17-0118-466c-b8b3-e46885956633@group-1C366893CAC8:LeaderElection9] INFO  impl.RoleInfo (RoleInfo.java:updateAndGet(143)) - 0b0def17-0118-466c-b8b3-e46885956633: start LeaderState
2019-09-25 11:44:03,138 [0b0def17-0118-466c-b8b3-e46885956633@group-1C366893CAC8:LeaderElection9] INFO  segmented.SegmentedRaftLogWorker (SegmentedRaftLogWorker.java:startLogSegment(380)) - 0b0def17-0118-466c-b8b3-e46885956633@group-1C366893CAC8-SegmentedRaftLogWorker: Starting segment from index:0
2019-09-25 11:44:03,139 [0b0def17-0118-466c-b8b3-e46885956633@group-1C366893CAC8:LeaderElection9] INFO  impl.RaftServerImpl (ServerState.java:setRaftConf(354)) - 0b0def17-0118-466c-b8b3-e46885956633@group-1C366893CAC8: set configuration 0: [0b0def17-0118-466c-b8b3-e46885956633:192.168.30.6:44389], old=null at 0
2019-09-25 11:44:03,171 [Thread-204] INFO  impl.FollowerState (FollowerState.java:run(106)) - 23446a0b-162d-43e0-a8ad-af938e24e577:group-1180C5EFE106 changes to CANDIDATE, lastRpcTime:5217, electionTimeout:5195ms
2019-09-25 11:44:03,171 [23446a0b-162d-43e0-a8ad-af938e24e577@group-4FC30D35D749:LeaderElection10] INFO  impl.LeaderElection (LeaderElection.java:askForVotes(182)) - 23446a0b-162d-43e0-a8ad-af938e24e577@group-4FC30D35D749:LeaderElection10: begin an election at term 1 for -1: [23446a0b-162d-43e0-a8ad-af938e24e577:192.168.30.6:41601], old=null
2019-09-25 11:44:03,171 [Thread-204] INFO  impl.RoleInfo (RoleInfo.java:shutdownFollowerState(121)) - 23446a0b-162d-43e0-a8ad-af938e24e577: shutdown FollowerState
2019-09-25 11:44:03,172 [23446a0b-162d-43e0-a8ad-af938e24e577@group-4FC30D35D749:LeaderElection10] INFO  impl.RoleInfo (RoleInfo.java:shutdownLeaderElection(134)) - 23446a0b-162d-43e0-a8ad-af938e24e577: shutdown LeaderElection
2019-09-25 11:44:03,172 [Thread-204] INFO  impl.RaftServerImpl (RaftServerImpl.java:setRole(174)) - 23446a0b-162d-43e0-a8ad-af938e24e577@group-1180C5EFE106: changes role from  FOLLOWER to CANDIDATE at term 0 for changeToCandidate
2019-09-25 11:44:03,172 [23446a0b-162d-43e0-a8ad-af938e24e577@group-4FC30D35D749:LeaderElection10] INFO  impl.RaftServerImpl (RaftServerImpl.java:setRole(174)) - 23446a0b-162d-43e0-a8ad-af938e24e577@group-4FC30D35D749: changes role from CANDIDATE to LEADER at term 1 for changeToLeader
2019-09-25 11:44:03,172 [23446a0b-162d-43e0-a8ad-af938e24e577@group-4FC30D35D749:LeaderElection10] INFO  impl.RaftServerImpl (ServerState.java:setLeader(253)) - 23446a0b-162d-43e0-a8ad-af938e24e577@group-4FC30D35D749: change Leader from null to 23446a0b-162d-43e0-a8ad-af938e24e577 at term 1 for becomeLeader, leader elected after 5067ms
2019-09-25 11:44:03,172 [Thread-204] INFO  impl.RoleInfo (RoleInfo.java:updateAndGet(143)) - 23446a0b-162d-43e0-a8ad-af938e24e577: start LeaderElection
2019-09-25 11:44:03,172 [23446a0b-162d-43e0-a8ad-af938e24e577@group-4FC30D35D749:LeaderElection10] INFO  server.RaftServerConfigKeys (ConfUtils.java:logGet(43)) - raft.server.staging.catchup.gap = 1000 (default)
2019-09-25 11:44:03,172 [23446a0b-162d-43e0-a8ad-af938e24e577@group-4FC30D35D749:LeaderElection10] INFO  server.RaftServerConfigKeys (ConfUtils.java:logGet(43)) - raft.server.rpc.sleep.time = 25ms (default)
2019-09-25 11:44:03,176 [23446a0b-162d-43e0-a8ad-af938e24e577@group-4FC30D35D749:LeaderElection10] INFO  server.RaftServerConfigKeys (ConfUtils.java:logGet(43)) - raft.server.write.element-limit = 4096 (default)
2019-09-25 11:44:03,176 [23446a0b-162d-43e0-a8ad-af938e24e577@group-4FC30D35D749:LeaderElection10] INFO  server.RaftServerConfigKeys (ConfUtils.java:logGet(43)) - raft.server.watch.timeout = 10s (default)
2019-09-25 11:44:03,176 [23446a0b-162d-43e0-a8ad-af938e24e577@group-4FC30D35D749:LeaderElection10] INFO  server.RaftServerConfigKeys (ConfUtils.java:logGet(43)) - raft.server.watch.timeout.denomination = 1s (default)
2019-09-25 11:44:03,177 [23446a0b-162d-43e0-a8ad-af938e24e577@group-4FC30D35D749:LeaderElection10] INFO  server.RaftServerConfigKeys (ConfUtils.java:logGet(43)) - raft.server.watch.element-limit = 65536 (default)
2019-09-25 11:44:03,180 [23446a0b-162d-43e0-a8ad-af938e24e577@group-4FC30D35D749:LeaderElection10] INFO  impl.RoleInfo (RoleInfo.java:updateAndGet(143)) - 23446a0b-162d-43e0-a8ad-af938e24e577: start LeaderState
2019-09-25 11:44:03,180 [23446a0b-162d-43e0-a8ad-af938e24e577@group-4FC30D35D749:LeaderElection10] INFO  segmented.SegmentedRaftLogWorker (SegmentedRaftLogWorker.java:startLogSegment(380)) - 23446a0b-162d-43e0-a8ad-af938e24e577@group-4FC30D35D749-SegmentedRaftLogWorker: Starting segment from index:0
2019-09-25 11:44:03,181 [23446a0b-162d-43e0-a8ad-af938e24e577@group-4FC30D35D749:LeaderElection10] INFO  impl.RaftServerImpl (ServerState.java:setRaftConf(354)) - 23446a0b-162d-43e0-a8ad-af938e24e577@group-4FC30D35D749: set configuration 0: [23446a0b-162d-43e0-a8ad-af938e24e577:192.168.30.6:41601], old=null at 0
2019-09-25 11:44:03,218 [Thread-210] INFO  impl.FollowerState (FollowerState.java:run(106)) - 0b0def17-0118-466c-b8b3-e46885956633:group-1E129BB001AC changes to CANDIDATE, lastRpcTime:5158, electionTimeout:5143ms
2019-09-25 11:44:03,218 [0b0def17-0118-466c-b8b3-e46885956633@group-1C366893CAC8-SegmentedRaftLogWorker] INFO  segmented.SegmentedRaftLogWorker (SegmentedRaftLogWorker.java:execute(569)) - 0b0def17-0118-466c-b8b3-e46885956633@group-1C366893CAC8-SegmentedRaftLogWorker: created new log segment /workdir/hadoop-ozone/integration-test/target/test-dir/MiniOzoneClusterImpl-a207e20c-42ee-4864-92cb-a931ccd2d47f/datanode-1/data/ratis/3058d6fe-e056-4f36-aa6d-1c366893cac8/current/log_inprogress_0
2019-09-25 11:44:03,219 [Thread-210] INFO  impl.RoleInfo (RoleInfo.java:shutdownFollowerState(121)) - 0b0def17-0118-466c-b8b3-e46885956633: shutdown FollowerState
2019-09-25 11:44:03,219 [23446a0b-162d-43e0-a8ad-af938e24e577@group-1180C5EFE106:LeaderElection11] INFO  impl.LeaderElection (LeaderElection.java:askForVotes(182)) - 23446a0b-162d-43e0-a8ad-af938e24e577@group-1180C5EFE106:LeaderElection11: begin an election at term 1 for -1: [23446a0b-162d-43e0-a8ad-af938e24e577:192.168.30.6:41601], old=null
2019-09-25 11:44:03,219 [Thread-210] INFO  impl.RaftServerImpl (RaftServerImpl.java:setRole(174)) - 0b0def17-0118-466c-b8b3-e46885956633@group-1E129BB001AC: changes role from  FOLLOWER to CANDIDATE at term 0 for changeToCandidate
2019-09-25 11:44:03,219 [23446a0b-162d-43e0-a8ad-af938e24e577@group-1180C5EFE106:LeaderElection11] INFO  impl.RoleInfo (RoleInfo.java:shutdownLeaderElection(134)) - 23446a0b-162d-43e0-a8ad-af938e24e577: shutdown LeaderElection
2019-09-25 11:44:03,219 [Thread-210] INFO  impl.RoleInfo (RoleInfo.java:updateAndGet(143)) - 0b0def17-0118-466c-b8b3-e46885956633: start LeaderElection
2019-09-25 11:44:03,219 [23446a0b-162d-43e0-a8ad-af938e24e577@group-1180C5EFE106:LeaderElection11] INFO  impl.RaftServerImpl (RaftServerImpl.java:setRole(174)) - 23446a0b-162d-43e0-a8ad-af938e24e577@group-1180C5EFE106: changes role from CANDIDATE to LEADER at term 1 for changeToLeader
2019-09-25 11:44:03,224 [23446a0b-162d-43e0-a8ad-af938e24e577@group-1180C5EFE106:LeaderElection11] INFO  impl.RaftServerImpl (ServerState.java:setLeader(253)) - 23446a0b-162d-43e0-a8ad-af938e24e577@group-1180C5EFE106: change Leader from null to 23446a0b-162d-43e0-a8ad-af938e24e577 at term 1 for becomeLeader, leader elected after 5274ms
2019-09-25 11:44:03,224 [23446a0b-162d-43e0-a8ad-af938e24e577@group-1180C5EFE106:LeaderElection11] INFO  server.RaftServerConfigKeys (ConfUtils.java:logGet(43)) - raft.server.staging.catchup.gap = 1000 (default)
2019-09-25 11:44:03,224 [23446a0b-162d-43e0-a8ad-af938e24e577@group-1180C5EFE106:LeaderElection11] INFO  server.RaftServerConfigKeys (ConfUtils.java:logGet(43)) - raft.server.rpc.sleep.time = 25ms (default)
2019-09-25 11:44:03,225 [23446a0b-162d-43e0-a8ad-af938e24e577@group-1180C5EFE106:LeaderElection11] INFO  server.RaftServerConfigKeys (ConfUtils.java:logGet(43)) - raft.server.write.element-limit = 4096 (default)
2019-09-25 11:44:03,225 [23446a0b-162d-43e0-a8ad-af938e24e577@group-1180C5EFE106:LeaderElection11] INFO  server.RaftServerConfigKeys (ConfUtils.java:logGet(43)) - raft.server.watch.timeout = 10s (default)
2019-09-25 11:44:03,225 [23446a0b-162d-43e0-a8ad-af938e24e577@group-1180C5EFE106:LeaderElection11] INFO  server.RaftServerConfigKeys (ConfUtils.java:logGet(43)) - raft.server.watch.timeout.denomination = 1s (default)
2019-09-25 11:44:03,225 [23446a0b-162d-43e0-a8ad-af938e24e577@group-1180C5EFE106:LeaderElection11] INFO  server.RaftServerConfigKeys (ConfUtils.java:logGet(43)) - raft.server.watch.element-limit = 65536 (default)
2019-09-25 11:44:03,229 [23446a0b-162d-43e0-a8ad-af938e24e577@group-1180C5EFE106:LeaderElection11] INFO  impl.RoleInfo (RoleInfo.java:updateAndGet(143)) - 23446a0b-162d-43e0-a8ad-af938e24e577: start LeaderState
2019-09-25 11:44:03,229 [23446a0b-162d-43e0-a8ad-af938e24e577@group-1180C5EFE106:LeaderElection11] INFO  segmented.SegmentedRaftLogWorker (SegmentedRaftLogWorker.java:startLogSegment(380)) - 23446a0b-162d-43e0-a8ad-af938e24e577@group-1180C5EFE106-SegmentedRaftLogWorker: Starting segment from index:0
2019-09-25 11:44:03,230 [23446a0b-162d-43e0-a8ad-af938e24e577@group-1180C5EFE106:LeaderElection11] INFO  impl.RaftServerImpl (ServerState.java:setRaftConf(354)) - 23446a0b-162d-43e0-a8ad-af938e24e577@group-1180C5EFE106: set configuration 0: [23446a0b-162d-43e0-a8ad-af938e24e577:192.168.30.6:41601], old=null at 0
2019-09-25 11:44:03,231 [23446a0b-162d-43e0-a8ad-af938e24e577@group-4FC30D35D749-SegmentedRaftLogWorker] INFO  segmented.SegmentedRaftLogWorker (SegmentedRaftLogWorker.java:execute(569)) - 23446a0b-162d-43e0-a8ad-af938e24e577@group-4FC30D35D749-SegmentedRaftLogWorker: created new log segment /workdir/hadoop-ozone/integration-test/target/test-dir/MiniOzoneClusterImpl-a207e20c-42ee-4864-92cb-a931ccd2d47f/datanode-2/data/ratis/1ee06314-15ba-4c2e-9c45-4fc30d35d749/current/log_inprogress_0
2019-09-25 11:44:03,232 [0b0def17-0118-466c-b8b3-e46885956633@group-1E129BB001AC:LeaderElection12] INFO  impl.LeaderElection (LeaderElection.java:askForVotes(182)) - 0b0def17-0118-466c-b8b3-e46885956633@group-1E129BB001AC:LeaderElection12: begin an election at term 1 for -1: [0b0def17-0118-466c-b8b3-e46885956633:192.168.30.6:44389], old=null
2019-09-25 11:44:03,232 [0b0def17-0118-466c-b8b3-e46885956633@group-1E129BB001AC:LeaderElection12] INFO  impl.RoleInfo (RoleInfo.java:shutdownLeaderElection(134)) - 0b0def17-0118-466c-b8b3-e46885956633: shutdown LeaderElection
2019-09-25 11:44:03,232 [0b0def17-0118-466c-b8b3-e46885956633@group-1E129BB001AC:LeaderElection12] INFO  impl.RaftServerImpl (RaftServerImpl.java:setRole(174)) - 0b0def17-0118-466c-b8b3-e46885956633@group-1E129BB001AC: changes role from CANDIDATE to LEADER at term 1 for changeToLeader
2019-09-25 11:44:03,232 [0b0def17-0118-466c-b8b3-e46885956633@group-1E129BB001AC:LeaderElection12] INFO  impl.RaftServerImpl (ServerState.java:setLeader(253)) - 0b0def17-0118-466c-b8b3-e46885956633@group-1E129BB001AC: change Leader from null to 0b0def17-0118-466c-b8b3-e46885956633 at term 1 for becomeLeader, leader elected after 5179ms
2019-09-25 11:44:03,232 [0b0def17-0118-466c-b8b3-e46885956633@group-1E129BB001AC:LeaderElection12] INFO  server.RaftServerConfigKeys (ConfUtils.java:logGet(43)) - raft.server.staging.catchup.gap = 1000 (default)
2019-09-25 11:44:03,232 [0b0def17-0118-466c-b8b3-e46885956633@group-1E129BB001AC:LeaderElection12] INFO  server.RaftServerConfigKeys (ConfUtils.java:logGet(43)) - raft.server.rpc.sleep.time = 25ms (default)
2019-09-25 11:44:03,232 [0b0def17-0118-466c-b8b3-e46885956633@group-1E129BB001AC:LeaderElection12] INFO  server.RaftServerConfigKeys (ConfUtils.java:logGet(43)) - raft.server.write.element-limit = 4096 (default)
2019-09-25 11:44:03,233 [0b0def17-0118-466c-b8b3-e46885956633@group-1E129BB001AC:LeaderElection12] INFO  server.RaftServerConfigKeys (ConfUtils.java:logGet(43)) - raft.server.watch.timeout = 10s (default)
2019-09-25 11:44:03,233 [0b0def17-0118-466c-b8b3-e46885956633@group-1E129BB001AC:LeaderElection12] INFO  server.RaftServerConfigKeys (ConfUtils.java:logGet(43)) - raft.server.watch.timeout.denomination = 1s (default)
2019-09-25 11:44:03,233 [0b0def17-0118-466c-b8b3-e46885956633@group-1E129BB001AC:LeaderElection12] INFO  server.RaftServerConfigKeys (ConfUtils.java:logGet(43)) - raft.server.watch.element-limit = 65536 (default)
2019-09-25 11:44:03,235 [0b0def17-0118-466c-b8b3-e46885956633@group-1E129BB001AC:LeaderElection12] INFO  impl.RoleInfo (RoleInfo.java:updateAndGet(143)) - 0b0def17-0118-466c-b8b3-e46885956633: start LeaderState
2019-09-25 11:44:03,236 [0b0def17-0118-466c-b8b3-e46885956633@group-1E129BB001AC:LeaderElection12] INFO  segmented.SegmentedRaftLogWorker (SegmentedRaftLogWorker.java:startLogSegment(380)) - 0b0def17-0118-466c-b8b3-e46885956633@group-1E129BB001AC-SegmentedRaftLogWorker: Starting segment from index:0
2019-09-25 11:44:03,236 [0b0def17-0118-466c-b8b3-e46885956633@group-1E129BB001AC:LeaderElection12] INFO  impl.RaftServerImpl (ServerState.java:setRaftConf(354)) - 0b0def17-0118-466c-b8b3-e46885956633@group-1E129BB001AC: set configuration 0: [0b0def17-0118-466c-b8b3-e46885956633:192.168.30.6:44389], old=null at 0
2019-09-25 11:44:03,265 [Thread-216] INFO  impl.FollowerState (FollowerState.java:run(106)) - 0b0def17-0118-466c-b8b3-e46885956633:group-3B9859CC67DF changes to CANDIDATE, lastRpcTime:5091, electionTimeout:5069ms
2019-09-25 11:44:03,266 [Thread-216] INFO  impl.RoleInfo (RoleInfo.java:shutdownFollowerState(121)) - 0b0def17-0118-466c-b8b3-e46885956633: shutdown FollowerState
2019-09-25 11:44:03,267 [Thread-216] INFO  impl.RaftServerImpl (RaftServerImpl.java:setRole(174)) - 0b0def17-0118-466c-b8b3-e46885956633@group-3B9859CC67DF: changes role from  FOLLOWER to CANDIDATE at term 0 for changeToCandidate
2019-09-25 11:44:03,267 [Thread-216] INFO  impl.RoleInfo (RoleInfo.java:updateAndGet(143)) - 0b0def17-0118-466c-b8b3-e46885956633: start LeaderElection
2019-09-25 11:44:03,278 [23446a0b-162d-43e0-a8ad-af938e24e577@group-1180C5EFE106-SegmentedRaftLogWorker] INFO  segmented.SegmentedRaftLogWorker (SegmentedRaftLogWorker.java:execute(569)) - 23446a0b-162d-43e0-a8ad-af938e24e577@group-1180C5EFE106-SegmentedRaftLogWorker: created new log segment /workdir/hadoop-ozone/integration-test/target/test-dir/MiniOzoneClusterImpl-a207e20c-42ee-4864-92cb-a931ccd2d47f/datanode-2/data/ratis/8ca2cbcb-7229-4769-8c70-1180c5efe106/current/log_inprogress_0
2019-09-25 11:44:03,278 [0b0def17-0118-466c-b8b3-e46885956633@group-1E129BB001AC-SegmentedRaftLogWorker] INFO  segmented.SegmentedRaftLogWorker (SegmentedRaftLogWorker.java:execute(569)) - 0b0def17-0118-466c-b8b3-e46885956633@group-1E129BB001AC-SegmentedRaftLogWorker: created new log segment /workdir/hadoop-ozone/integration-test/target/test-dir/MiniOzoneClusterImpl-a207e20c-42ee-4864-92cb-a931ccd2d47f/datanode-1/data/ratis/656c5aa0-5d2d-4de5-b399-1e129bb001ac/current/log_inprogress_0
2019-09-25 11:44:03,304 [Thread-219] INFO  impl.FollowerState (FollowerState.java:run(106)) - 23446a0b-162d-43e0-a8ad-af938e24e577:group-15438488D8E4 changes to CANDIDATE, lastRpcTime:5070, electionTimeout:5070ms
2019-09-25 11:44:03,304 [Thread-219] INFO  impl.RoleInfo (RoleInfo.java:shutdownFollowerState(121)) - 23446a0b-162d-43e0-a8ad-af938e24e577: shutdown FollowerState
2019-09-25 11:44:03,305 [Thread-219] INFO  impl.RaftServerImpl (RaftServerImpl.java:setRole(174)) - 23446a0b-162d-43e0-a8ad-af938e24e577@group-15438488D8E4: changes role from  FOLLOWER to CANDIDATE at term 0 for changeToCandidate
2019-09-25 11:44:03,305 [Thread-219] INFO  impl.RoleInfo (RoleInfo.java:updateAndGet(143)) - 23446a0b-162d-43e0-a8ad-af938e24e577: start LeaderElection
2019-09-25 11:44:03,307 [0b0def17-0118-466c-b8b3-e46885956633@group-3B9859CC67DF:LeaderElection13] INFO  impl.LeaderElection (LeaderElection.java:askForVotes(182)) - 0b0def17-0118-466c-b8b3-e46885956633@group-3B9859CC67DF:LeaderElection13: begin an election at term 1 for -1: [0b0def17-0118-466c-b8b3-e46885956633:192.168.30.6:44389], old=null
2019-09-25 11:44:03,308 [0b0def17-0118-466c-b8b3-e46885956633@group-3B9859CC67DF:LeaderElection13] INFO  impl.RoleInfo (RoleInfo.java:shutdownLeaderElection(134)) - 0b0def17-0118-466c-b8b3-e46885956633: shutdown LeaderElection
2019-09-25 11:44:03,309 [0b0def17-0118-466c-b8b3-e46885956633@group-3B9859CC67DF:LeaderElection13] INFO  impl.RaftServerImpl (RaftServerImpl.java:setRole(174)) - 0b0def17-0118-466c-b8b3-e46885956633@group-3B9859CC67DF: changes role from CANDIDATE to LEADER at term 1 for changeToLeader
2019-09-25 11:44:03,309 [0b0def17-0118-466c-b8b3-e46885956633@group-3B9859CC67DF:LeaderElection13] INFO  impl.RaftServerImpl (ServerState.java:setLeader(253)) - 0b0def17-0118-466c-b8b3-e46885956633@group-3B9859CC67DF: change Leader from null to 0b0def17-0118-466c-b8b3-e46885956633 at term 1 for becomeLeader, leader elected after 5142ms
2019-09-25 11:44:03,309 [0b0def17-0118-466c-b8b3-e46885956633@group-3B9859CC67DF:LeaderElection13] INFO  server.RaftServerConfigKeys (ConfUtils.java:logGet(43)) - raft.server.staging.catchup.gap = 1000 (default)
2019-09-25 11:44:03,309 [0b0def17-0118-466c-b8b3-e46885956633@group-3B9859CC67DF:LeaderElection13] INFO  server.RaftServerConfigKeys (ConfUtils.java:logGet(43)) - raft.server.rpc.sleep.time = 25ms (default)
2019-09-25 11:44:03,309 [0b0def17-0118-466c-b8b3-e46885956633@group-3B9859CC67DF:LeaderElection13] INFO  server.RaftServerConfigKeys (ConfUtils.java:logGet(43)) - raft.server.write.element-limit = 4096 (default)
2019-09-25 11:44:03,310 [0b0def17-0118-466c-b8b3-e46885956633@group-3B9859CC67DF:LeaderElection13] INFO  server.RaftServerConfigKeys (ConfUtils.java:logGet(43)) - raft.server.watch.timeout = 10s (default)
2019-09-25 11:44:03,310 [0b0def17-0118-466c-b8b3-e46885956633@group-3B9859CC67DF:LeaderElection13] INFO  server.RaftServerConfigKeys (ConfUtils.java:logGet(43)) - raft.server.watch.timeout.denomination = 1s (default)
2019-09-25 11:44:03,310 [0b0def17-0118-466c-b8b3-e46885956633@group-3B9859CC67DF:LeaderElection13] INFO  server.RaftServerConfigKeys (ConfUtils.java:logGet(43)) - raft.server.watch.element-limit = 65536 (default)
2019-09-25 11:44:03,313 [0b0def17-0118-466c-b8b3-e46885956633@group-3B9859CC67DF:LeaderElection13] INFO  impl.RoleInfo (RoleInfo.java:updateAndGet(143)) - 0b0def17-0118-466c-b8b3-e46885956633: start LeaderState
2019-09-25 11:44:03,314 [0b0def17-0118-466c-b8b3-e46885956633@group-3B9859CC67DF:LeaderElection13] INFO  segmented.SegmentedRaftLogWorker (SegmentedRaftLogWorker.java:startLogSegment(380)) - 0b0def17-0118-466c-b8b3-e46885956633@group-3B9859CC67DF-SegmentedRaftLogWorker: Starting segment from index:0
2019-09-25 11:44:03,314 [0b0def17-0118-466c-b8b3-e46885956633@group-3B9859CC67DF:LeaderElection13] INFO  impl.RaftServerImpl (ServerState.java:setRaftConf(354)) - 0b0def17-0118-466c-b8b3-e46885956633@group-3B9859CC67DF: set configuration 0: [0b0def17-0118-466c-b8b3-e46885956633:192.168.30.6:44389], old=null at 0
2019-09-25 11:44:03,338 [23446a0b-162d-43e0-a8ad-af938e24e577@group-15438488D8E4:LeaderElection14] INFO  impl.LeaderElection (LeaderElection.java:askForVotes(182)) - 23446a0b-162d-43e0-a8ad-af938e24e577@group-15438488D8E4:LeaderElection14: begin an election at term 1 for -1: [23446a0b-162d-43e0-a8ad-af938e24e577:192.168.30.6:41601], old=null
2019-09-25 11:44:03,339 [23446a0b-162d-43e0-a8ad-af938e24e577@group-15438488D8E4:LeaderElection14] INFO  impl.RoleInfo (RoleInfo.java:shutdownLeaderElection(134)) - 23446a0b-162d-43e0-a8ad-af938e24e577: shutdown LeaderElection
2019-09-25 11:44:03,339 [23446a0b-162d-43e0-a8ad-af938e24e577@group-15438488D8E4:LeaderElection14] INFO  impl.RaftServerImpl (RaftServerImpl.java:setRole(174)) - 23446a0b-162d-43e0-a8ad-af938e24e577@group-15438488D8E4: changes role from CANDIDATE to LEADER at term 1 for changeToLeader
2019-09-25 11:44:03,339 [23446a0b-162d-43e0-a8ad-af938e24e577@group-15438488D8E4:LeaderElection14] INFO  impl.RaftServerImpl (ServerState.java:setLeader(253)) - 23446a0b-162d-43e0-a8ad-af938e24e577@group-15438488D8E4: change Leader from null to 23446a0b-162d-43e0-a8ad-af938e24e577 at term 1 for becomeLeader, leader elected after 5111ms
2019-09-25 11:44:03,339 [23446a0b-162d-43e0-a8ad-af938e24e577@group-15438488D8E4:LeaderElection14] INFO  server.RaftServerConfigKeys (ConfUtils.java:logGet(43)) - raft.server.staging.catchup.gap = 1000 (default)
2019-09-25 11:44:03,339 [23446a0b-162d-43e0-a8ad-af938e24e577@group-15438488D8E4:LeaderElection14] INFO  server.RaftServerConfigKeys (ConfUtils.java:logGet(43)) - raft.server.rpc.sleep.time = 25ms (default)
2019-09-25 11:44:03,339 [23446a0b-162d-43e0-a8ad-af938e24e577@group-15438488D8E4:LeaderElection14] INFO  server.RaftServerConfigKeys (ConfUtils.java:logGet(43)) - raft.server.write.element-limit = 4096 (default)
2019-09-25 11:44:03,339 [23446a0b-162d-43e0-a8ad-af938e24e577@group-15438488D8E4:LeaderElection14] INFO  server.RaftServerConfigKeys (ConfUtils.java:logGet(43)) - raft.server.watch.timeout = 10s (default)
2019-09-25 11:44:03,340 [23446a0b-162d-43e0-a8ad-af938e24e577@group-15438488D8E4:LeaderElection14] INFO  server.RaftServerConfigKeys (ConfUtils.java:logGet(43)) - raft.server.watch.timeout.denomination = 1s (default)
2019-09-25 11:44:03,340 [23446a0b-162d-43e0-a8ad-af938e24e577@group-15438488D8E4:LeaderElection14] INFO  server.RaftServerConfigKeys (ConfUtils.java:logGet(43)) - raft.server.watch.element-limit = 65536 (default)
2019-09-25 11:44:03,342 [23446a0b-162d-43e0-a8ad-af938e24e577@group-15438488D8E4:LeaderElection14] INFO  impl.RoleInfo (RoleInfo.java:updateAndGet(143)) - 23446a0b-162d-43e0-a8ad-af938e24e577: start LeaderState
2019-09-25 11:44:03,342 [23446a0b-162d-43e0-a8ad-af938e24e577@group-15438488D8E4:LeaderElection14] INFO  segmented.SegmentedRaftLogWorker (SegmentedRaftLogWorker.java:startLogSegment(380)) - 23446a0b-162d-43e0-a8ad-af938e24e577@group-15438488D8E4-SegmentedRaftLogWorker: Starting segment from index:0
2019-09-25 11:44:03,343 [23446a0b-162d-43e0-a8ad-af938e24e577@group-15438488D8E4:LeaderElection14] INFO  impl.RaftServerImpl (ServerState.java:setRaftConf(354)) - 23446a0b-162d-43e0-a8ad-af938e24e577@group-15438488D8E4: set configuration 0: [23446a0b-162d-43e0-a8ad-af938e24e577:192.168.30.6:41601], old=null at 0
2019-09-25 11:44:03,368 [0b0def17-0118-466c-b8b3-e46885956633@group-3B9859CC67DF-SegmentedRaftLogWorker] INFO  segmented.SegmentedRaftLogWorker (SegmentedRaftLogWorker.java:execute(569)) - 0b0def17-0118-466c-b8b3-e46885956633@group-3B9859CC67DF-SegmentedRaftLogWorker: created new log segment /workdir/hadoop-ozone/integration-test/target/test-dir/MiniOzoneClusterImpl-a207e20c-42ee-4864-92cb-a931ccd2d47f/datanode-1/data/ratis/b1bdbf79-7f57-4826-ab14-3b9859cc67df/current/log_inprogress_0
2019-09-25 11:44:03,381 [23446a0b-162d-43e0-a8ad-af938e24e577@group-15438488D8E4-SegmentedRaftLogWorker] INFO  segmented.SegmentedRaftLogWorker (SegmentedRaftLogWorker.java:execute(569)) - 23446a0b-162d-43e0-a8ad-af938e24e577@group-15438488D8E4-SegmentedRaftLogWorker: created new log segment /workdir/hadoop-ozone/integration-test/target/test-dir/MiniOzoneClusterImpl-a207e20c-42ee-4864-92cb-a931ccd2d47f/datanode-2/data/ratis/b24cc207-ac4c-486f-bf81-15438488d8e4/current/log_inprogress_0
2019-09-25 11:44:03,470 [Thread-222] INFO  impl.FollowerState (FollowerState.java:run(106)) - 0b0def17-0118-466c-b8b3-e46885956633:group-0BEDEA513479 changes to CANDIDATE, lastRpcTime:5175, electionTimeout:5175ms
2019-09-25 11:44:03,470 [Thread-222] INFO  impl.RoleInfo (RoleInfo.java:shutdownFollowerState(121)) - 0b0def17-0118-466c-b8b3-e46885956633: shutdown FollowerState
2019-09-25 11:44:03,471 [Thread-222] INFO  impl.RaftServerImpl (RaftServerImpl.java:setRole(174)) - 0b0def17-0118-466c-b8b3-e46885956633@group-0BEDEA513479: changes role from  FOLLOWER to CANDIDATE at term 0 for changeToCandidate
2019-09-25 11:44:03,471 [Thread-222] INFO  impl.RoleInfo (RoleInfo.java:updateAndGet(143)) - 0b0def17-0118-466c-b8b3-e46885956633: start LeaderElection
2019-09-25 11:44:03,489 [0b0def17-0118-466c-b8b3-e46885956633@group-0BEDEA513479:LeaderElection15] INFO  impl.LeaderElection (LeaderElection.java:askForVotes(182)) - 0b0def17-0118-466c-b8b3-e46885956633@group-0BEDEA513479:LeaderElection15: begin an election at term 1 for -1: [0b0def17-0118-466c-b8b3-e46885956633:192.168.30.6:44389], old=null
2019-09-25 11:44:03,489 [0b0def17-0118-466c-b8b3-e46885956633@group-0BEDEA513479:LeaderElection15] INFO  impl.RoleInfo (RoleInfo.java:shutdownLeaderElection(134)) - 0b0def17-0118-466c-b8b3-e46885956633: shutdown LeaderElection
2019-09-25 11:44:03,489 [0b0def17-0118-466c-b8b3-e46885956633@group-0BEDEA513479:LeaderElection15] INFO  impl.RaftServerImpl (RaftServerImpl.java:setRole(174)) - 0b0def17-0118-466c-b8b3-e46885956633@group-0BEDEA513479: changes role from CANDIDATE to LEADER at term 1 for changeToLeader
2019-09-25 11:44:03,489 [0b0def17-0118-466c-b8b3-e46885956633@group-0BEDEA513479:LeaderElection15] INFO  impl.RaftServerImpl (ServerState.java:setLeader(253)) - 0b0def17-0118-466c-b8b3-e46885956633@group-0BEDEA513479: change Leader from null to 0b0def17-0118-466c-b8b3-e46885956633 at term 1 for becomeLeader, leader elected after 5200ms
2019-09-25 11:44:03,490 [0b0def17-0118-466c-b8b3-e46885956633@group-0BEDEA513479:LeaderElection15] INFO  server.RaftServerConfigKeys (ConfUtils.java:logGet(43)) - raft.server.staging.catchup.gap = 1000 (default)
2019-09-25 11:44:03,490 [0b0def17-0118-466c-b8b3-e46885956633@group-0BEDEA513479:LeaderElection15] INFO  server.RaftServerConfigKeys (ConfUtils.java:logGet(43)) - raft.server.rpc.sleep.time = 25ms (default)
2019-09-25 11:44:03,490 [0b0def17-0118-466c-b8b3-e46885956633@group-0BEDEA513479:LeaderElection15] INFO  server.RaftServerConfigKeys (ConfUtils.java:logGet(43)) - raft.server.write.element-limit = 4096 (default)
2019-09-25 11:44:03,490 [0b0def17-0118-466c-b8b3-e46885956633@group-0BEDEA513479:LeaderElection15] INFO  server.RaftServerConfigKeys (ConfUtils.java:logGet(43)) - raft.server.watch.timeout = 10s (default)
2019-09-25 11:44:03,490 [0b0def17-0118-466c-b8b3-e46885956633@group-0BEDEA513479:LeaderElection15] INFO  server.RaftServerConfigKeys (ConfUtils.java:logGet(43)) - raft.server.watch.timeout.denomination = 1s (default)
2019-09-25 11:44:03,491 [0b0def17-0118-466c-b8b3-e46885956633@group-0BEDEA513479:LeaderElection15] INFO  server.RaftServerConfigKeys (ConfUtils.java:logGet(43)) - raft.server.watch.element-limit = 65536 (default)
2019-09-25 11:44:03,494 [0b0def17-0118-466c-b8b3-e46885956633@group-0BEDEA513479:LeaderElection15] INFO  impl.RoleInfo (RoleInfo.java:updateAndGet(143)) - 0b0def17-0118-466c-b8b3-e46885956633: start LeaderState
2019-09-25 11:44:03,494 [0b0def17-0118-466c-b8b3-e46885956633@group-0BEDEA513479:LeaderElection15] INFO  segmented.SegmentedRaftLogWorker (SegmentedRaftLogWorker.java:startLogSegment(380)) - 0b0def17-0118-466c-b8b3-e46885956633@group-0BEDEA513479-SegmentedRaftLogWorker: Starting segment from index:0
2019-09-25 11:44:03,495 [0b0def17-0118-466c-b8b3-e46885956633@group-0BEDEA513479:LeaderElection15] INFO  impl.RaftServerImpl (ServerState.java:setRaftConf(354)) - 0b0def17-0118-466c-b8b3-e46885956633@group-0BEDEA513479: set configuration 0: [0b0def17-0118-466c-b8b3-e46885956633:192.168.30.6:44389], old=null at 0
2019-09-25 11:44:03,533 [Thread-225] INFO  impl.FollowerState (FollowerState.java:run(106)) - 23446a0b-162d-43e0-a8ad-af938e24e577:group-3A6749B80F17 changes to CANDIDATE, lastRpcTime:5132, electionTimeout:5132ms
2019-09-25 11:44:03,533 [Thread-225] INFO  impl.RoleInfo (RoleInfo.java:shutdownFollowerState(121)) - 23446a0b-162d-43e0-a8ad-af938e24e577: shutdown FollowerState
2019-09-25 11:44:03,534 [Thread-225] INFO  impl.RaftServerImpl (RaftServerImpl.java:setRole(174)) - 23446a0b-162d-43e0-a8ad-af938e24e577@group-3A6749B80F17: changes role from  FOLLOWER to CANDIDATE at term 0 for changeToCandidate
2019-09-25 11:44:03,534 [Thread-225] INFO  impl.RoleInfo (RoleInfo.java:updateAndGet(143)) - 23446a0b-162d-43e0-a8ad-af938e24e577: start LeaderElection
2019-09-25 11:44:03,545 [0b0def17-0118-466c-b8b3-e46885956633@group-0BEDEA513479-SegmentedRaftLogWorker] INFO  segmented.SegmentedRaftLogWorker (SegmentedRaftLogWorker.java:execute(569)) - 0b0def17-0118-466c-b8b3-e46885956633@group-0BEDEA513479-SegmentedRaftLogWorker: created new log segment /workdir/hadoop-ozone/integration-test/target/test-dir/MiniOzoneClusterImpl-a207e20c-42ee-4864-92cb-a931ccd2d47f/datanode-1/data/ratis/c03627ef-ded5-45f3-a561-0bedea513479/current/log_inprogress_0
2019-09-25 11:44:03,545 [23446a0b-162d-43e0-a8ad-af938e24e577@group-3A6749B80F17:LeaderElection16] INFO  impl.LeaderElection (LeaderElection.java:askForVotes(182)) - 23446a0b-162d-43e0-a8ad-af938e24e577@group-3A6749B80F17:LeaderElection16: begin an election at term 1 for -1: [23446a0b-162d-43e0-a8ad-af938e24e577:192.168.30.6:41601], old=null
2019-09-25 11:44:03,545 [23446a0b-162d-43e0-a8ad-af938e24e577@group-3A6749B80F17:LeaderElection16] INFO  impl.RoleInfo (RoleInfo.java:shutdownLeaderElection(134)) - 23446a0b-162d-43e0-a8ad-af938e24e577: shutdown LeaderElection
2019-09-25 11:44:03,545 [23446a0b-162d-43e0-a8ad-af938e24e577@group-3A6749B80F17:LeaderElection16] INFO  impl.RaftServerImpl (RaftServerImpl.java:setRole(174)) - 23446a0b-162d-43e0-a8ad-af938e24e577@group-3A6749B80F17: changes role from CANDIDATE to LEADER at term 1 for changeToLeader
2019-09-25 11:44:03,545 [23446a0b-162d-43e0-a8ad-af938e24e577@group-3A6749B80F17:LeaderElection16] INFO  impl.RaftServerImpl (ServerState.java:setLeader(253)) - 23446a0b-162d-43e0-a8ad-af938e24e577@group-3A6749B80F17: change Leader from null to 23446a0b-162d-43e0-a8ad-af938e24e577 at term 1 for becomeLeader, leader elected after 5153ms
2019-09-25 11:44:03,546 [23446a0b-162d-43e0-a8ad-af938e24e577@group-3A6749B80F17:LeaderElection16] INFO  server.RaftServerConfigKeys (ConfUtils.java:logGet(43)) - raft.server.staging.catchup.gap = 1000 (default)
2019-09-25 11:44:03,546 [23446a0b-162d-43e0-a8ad-af938e24e577@group-3A6749B80F17:LeaderElection16] INFO  server.RaftServerConfigKeys (ConfUtils.java:logGet(43)) - raft.server.rpc.sleep.time = 25ms (default)
2019-09-25 11:44:03,546 [23446a0b-162d-43e0-a8ad-af938e24e577@group-3A6749B80F17:LeaderElection16] INFO  server.RaftServerConfigKeys (ConfUtils.java:logGet(43)) - raft.server.write.element-limit = 4096 (default)
2019-09-25 11:44:03,546 [23446a0b-162d-43e0-a8ad-af938e24e577@group-3A6749B80F17:LeaderElection16] INFO  server.RaftServerConfigKeys (ConfUtils.java:logGet(43)) - raft.server.watch.timeout = 10s (default)
2019-09-25 11:44:03,547 [23446a0b-162d-43e0-a8ad-af938e24e577@group-3A6749B80F17:LeaderElection16] INFO  server.RaftServerConfigKeys (ConfUtils.java:logGet(43)) - raft.server.watch.timeout.denomination = 1s (default)
2019-09-25 11:44:03,547 [23446a0b-162d-43e0-a8ad-af938e24e577@group-3A6749B80F17:LeaderElection16] INFO  server.RaftServerConfigKeys (ConfUtils.java:logGet(43)) - raft.server.watch.element-limit = 65536 (default)
2019-09-25 11:44:03,550 [23446a0b-162d-43e0-a8ad-af938e24e577@group-3A6749B80F17:LeaderElection16] INFO  impl.RoleInfo (RoleInfo.java:updateAndGet(143)) - 23446a0b-162d-43e0-a8ad-af938e24e577: start LeaderState
2019-09-25 11:44:03,550 [23446a0b-162d-43e0-a8ad-af938e24e577@group-3A6749B80F17:LeaderElection16] INFO  segmented.SegmentedRaftLogWorker (SegmentedRaftLogWorker.java:startLogSegment(380)) - 23446a0b-162d-43e0-a8ad-af938e24e577@group-3A6749B80F17-SegmentedRaftLogWorker: Starting segment from index:0
2019-09-25 11:44:03,551 [23446a0b-162d-43e0-a8ad-af938e24e577@group-3A6749B80F17:LeaderElection16] INFO  impl.RaftServerImpl (ServerState.java:setRaftConf(354)) - 23446a0b-162d-43e0-a8ad-af938e24e577@group-3A6749B80F17: set configuration 0: [23446a0b-162d-43e0-a8ad-af938e24e577:192.168.30.6:41601], old=null at 0
2019-09-25 11:44:03,585 [Thread-228] INFO  impl.FollowerState (FollowerState.java:run(106)) - e0e6d57f-f91e-4ea8-aa2d-63ea10a38e43:group-06C5ADDB4CF4 changes to CANDIDATE, lastRpcTime:5125, electionTimeout:5122ms
2019-09-25 11:44:03,585 [Thread-228] INFO  impl.RoleInfo (RoleInfo.java:shutdownFollowerState(121)) - e0e6d57f-f91e-4ea8-aa2d-63ea10a38e43: shutdown FollowerState
2019-09-25 11:44:03,585 [Thread-228] INFO  impl.RaftServerImpl (RaftServerImpl.java:setRole(174)) - e0e6d57f-f91e-4ea8-aa2d-63ea10a38e43@group-06C5ADDB4CF4: changes role from  FOLLOWER to CANDIDATE at term 0 for changeToCandidate
2019-09-25 11:44:03,586 [Thread-228] INFO  impl.RoleInfo (RoleInfo.java:updateAndGet(143)) - e0e6d57f-f91e-4ea8-aa2d-63ea10a38e43: start LeaderElection
2019-09-25 11:44:03,590 [ForkJoinPool.commonPool-worker-1] INFO  ozoneimpl.OzoneContainer (OzoneContainer.java:stop(231)) - Attempting to stop container services.
2019-09-25 11:44:03,590 [main] INFO  ozoneimpl.OzoneContainer (OzoneContainer.java:stop(231)) - Attempting to stop container services.
2019-09-25 11:44:03,591 [ForkJoinPool.commonPool-worker-1] INFO  impl.RaftServerProxy (RaftServerProxy.java:lambda$close$4(314)) - e0e6d57f-f91e-4ea8-aa2d-63ea10a38e43: close
2019-09-25 11:44:03,591 [main] INFO  impl.RaftServerProxy (RaftServerProxy.java:lambda$close$4(314)) - 0b0def17-0118-466c-b8b3-e46885956633: close
2019-09-25 11:44:03,593 [main] INFO  impl.RaftServerImpl (RaftServerImpl.java:lambda$shutdown$3(251)) - 0b0def17-0118-466c-b8b3-e46885956633@group-77CF398F632E: shutdown
2019-09-25 11:44:03,593 [ForkJoinPool.commonPool-worker-1] INFO  impl.RaftServerImpl (RaftServerImpl.java:lambda$shutdown$3(251)) - e0e6d57f-f91e-4ea8-aa2d-63ea10a38e43@group-FE18201C31F7: shutdown
2019-09-25 11:44:03,594 [main] INFO  util.JmxRegister (JmxRegister.java:unregister(73)) - Successfully un-registered JMX Bean with object name Ratis:service=RaftServer,group=group-77CF398F632E,id=0b0def17-0118-466c-b8b3-e46885956633
2019-09-25 11:44:03,594 [main] INFO  impl.RoleInfo (RoleInfo.java:shutdownLeaderState(104)) - 0b0def17-0118-466c-b8b3-e46885956633: shutdown LeaderState
2019-09-25 11:44:03,594 [ForkJoinPool.commonPool-worker-1] INFO  util.JmxRegister (JmxRegister.java:unregister(73)) - Successfully un-registered JMX Bean with object name Ratis:service=RaftServer,group=group-FE18201C31F7,id=e0e6d57f-f91e-4ea8-aa2d-63ea10a38e43
2019-09-25 11:44:03,595 [ForkJoinPool.commonPool-worker-1] INFO  impl.RoleInfo (RoleInfo.java:shutdownLeaderState(104)) - e0e6d57f-f91e-4ea8-aa2d-63ea10a38e43: shutdown LeaderState
2019-09-25 11:44:03,596 [main] INFO  impl.PendingRequests (PendingRequests.java:sendNotLeaderResponses(202)) - 0b0def17-0118-466c-b8b3-e46885956633-PendingRequests: sendNotLeaderResponses
2019-09-25 11:44:03,596 [ForkJoinPool.commonPool-worker-1] INFO  impl.PendingRequests (PendingRequests.java:sendNotLeaderResponses(202)) - e0e6d57f-f91e-4ea8-aa2d-63ea10a38e43-PendingRequests: sendNotLeaderResponses
2019-09-25 11:44:03,598 [23446a0b-162d-43e0-a8ad-af938e24e577@group-3A6749B80F17-SegmentedRaftLogWorker] INFO  segmented.SegmentedRaftLogWorker (SegmentedRaftLogWorker.java:execute(569)) - 23446a0b-162d-43e0-a8ad-af938e24e577@group-3A6749B80F17-SegmentedRaftLogWorker: created new log segment /workdir/hadoop-ozone/integration-test/target/test-dir/MiniOzoneClusterImpl-a207e20c-42ee-4864-92cb-a931ccd2d47f/datanode-2/data/ratis/882bac5e-d0e5-4d9e-b8a8-3a6749b80f17/current/log_inprogress_0
2019-09-25 11:44:03,598 [e0e6d57f-f91e-4ea8-aa2d-63ea10a38e43@group-06C5ADDB4CF4:LeaderElection17] INFO  impl.LeaderElection (LeaderElection.java:askForVotes(182)) - e0e6d57f-f91e-4ea8-aa2d-63ea10a38e43@group-06C5ADDB4CF4:LeaderElection17: begin an election at term 1 for -1: [e0e6d57f-f91e-4ea8-aa2d-63ea10a38e43:192.168.30.6:37819], old=null
2019-09-25 11:44:03,599 [e0e6d57f-f91e-4ea8-aa2d-63ea10a38e43@group-06C5ADDB4CF4:LeaderElection17] INFO  impl.RoleInfo (RoleInfo.java:shutdownLeaderElection(134)) - e0e6d57f-f91e-4ea8-aa2d-63ea10a38e43: shutdown LeaderElection
2019-09-25 11:44:03,599 [e0e6d57f-f91e-4ea8-aa2d-63ea10a38e43@group-06C5ADDB4CF4:LeaderElection17] INFO  impl.RaftServerImpl (RaftServerImpl.java:setRole(174)) - e0e6d57f-f91e-4ea8-aa2d-63ea10a38e43@group-06C5ADDB4CF4: changes role from CANDIDATE to LEADER at term 1 for changeToLeader
2019-09-25 11:44:03,599 [e0e6d57f-f91e-4ea8-aa2d-63ea10a38e43@group-06C5ADDB4CF4:LeaderElection17] INFO  impl.RaftServerImpl (ServerState.java:setLeader(253)) - e0e6d57f-f91e-4ea8-aa2d-63ea10a38e43@group-06C5ADDB4CF4: change Leader from null to e0e6d57f-f91e-4ea8-aa2d-63ea10a38e43 at term 1 for becomeLeader, leader elected after 5150ms
2019-09-25 11:44:03,599 [e0e6d57f-f91e-4ea8-aa2d-63ea10a38e43@group-06C5ADDB4CF4:LeaderElection17] INFO  server.RaftServerConfigKeys (ConfUtils.java:logGet(43)) - raft.server.staging.catchup.gap = 1000 (default)
2019-09-25 11:44:03,599 [ForkJoinPool.commonPool-worker-1] INFO  impl.StateMachineUpdater (StateMachineUpdater.java:stopAndJoin(125)) - e0e6d57f-f91e-4ea8-aa2d-63ea10a38e43@group-FE18201C31F7-StateMachineUpdater: set stopIndex = 0
2019-09-25 11:44:03,600 [e0e6d57f-f91e-4ea8-aa2d-63ea10a38e43@group-06C5ADDB4CF4:LeaderElection17] INFO  server.RaftServerConfigKeys (ConfUtils.java:logGet(43)) - raft.server.rpc.sleep.time = 25ms (default)
2019-09-25 11:44:03,599 [main] INFO  impl.StateMachineUpdater (StateMachineUpdater.java:stopAndJoin(125)) - 0b0def17-0118-466c-b8b3-e46885956633@group-77CF398F632E-StateMachineUpdater: set stopIndex = 0
2019-09-25 11:44:03,603 [e0e6d57f-f91e-4ea8-aa2d-63ea10a38e43@group-06C5ADDB4CF4:LeaderElection17] INFO  server.RaftServerConfigKeys (ConfUtils.java:logGet(43)) - raft.server.write.element-limit = 4096 (default)
2019-09-25 11:44:03,602 [ForkJoinPool.commonPool-worker-1] INFO  impl.RaftServerImpl (ServerState.java:close(385)) - e0e6d57f-f91e-4ea8-aa2d-63ea10a38e43@group-FE18201C31F7: closes. applyIndex: 0
2019-09-25 11:44:03,604 [e0e6d57f-f91e-4ea8-aa2d-63ea10a38e43@group-06C5ADDB4CF4:LeaderElection17] INFO  server.RaftServerConfigKeys (ConfUtils.java:logGet(43)) - raft.server.watch.timeout = 10s (default)
2019-09-25 11:44:03,603 [main] INFO  impl.RaftServerImpl (ServerState.java:close(385)) - 0b0def17-0118-466c-b8b3-e46885956633@group-77CF398F632E: closes. applyIndex: 0
2019-09-25 11:44:03,605 [e0e6d57f-f91e-4ea8-aa2d-63ea10a38e43@group-06C5ADDB4CF4:LeaderElection17] INFO  server.RaftServerConfigKeys (ConfUtils.java:logGet(43)) - raft.server.watch.timeout.denomination = 1s (default)
2019-09-25 11:44:03,605 [e0e6d57f-f91e-4ea8-aa2d-63ea10a38e43@group-06C5ADDB4CF4:LeaderElection17] INFO  server.RaftServerConfigKeys (ConfUtils.java:logGet(43)) - raft.server.watch.element-limit = 65536 (default)
2019-09-25 11:44:03,607 [0b0def17-0118-466c-b8b3-e46885956633@group-77CF398F632E-SegmentedRaftLogWorker] INFO  segmented.SegmentedRaftLogWorker (SegmentedRaftLogWorker.java:run(313)) - 0b0def17-0118-466c-b8b3-e46885956633@group-77CF398F632E-SegmentedRaftLogWorker was interrupted, exiting. There are 0 tasks remaining in the queue.
2019-09-25 11:44:03,607 [e0e6d57f-f91e-4ea8-aa2d-63ea10a38e43@group-FE18201C31F7-SegmentedRaftLogWorker] INFO  segmented.SegmentedRaftLogWorker (SegmentedRaftLogWorker.java:run(313)) - e0e6d57f-f91e-4ea8-aa2d-63ea10a38e43@group-FE18201C31F7-SegmentedRaftLogWorker was interrupted, exiting. There are 0 tasks remaining in the queue.
2019-09-25 11:44:03,610 [ForkJoinPool.commonPool-worker-1] INFO  segmented.SegmentedRaftLogWorker (SegmentedRaftLogWorker.java:close(228)) - e0e6d57f-f91e-4ea8-aa2d-63ea10a38e43@group-FE18201C31F7-SegmentedRaftLogWorker close()
2019-09-25 11:44:03,610 [main] INFO  segmented.SegmentedRaftLogWorker (SegmentedRaftLogWorker.java:close(228)) - 0b0def17-0118-466c-b8b3-e46885956633@group-77CF398F632E-SegmentedRaftLogWorker close()
2019-09-25 11:44:03,617 [ForkJoinPool.commonPool-worker-1] INFO  impl.RaftServerImpl (RaftServerImpl.java:lambda$shutdown$3(251)) - e0e6d57f-f91e-4ea8-aa2d-63ea10a38e43@group-874C735BB2C6: shutdown
2019-09-25 11:44:03,619 [Thread-231] INFO  impl.FollowerState (FollowerState.java:run(106)) - e0e6d57f-f91e-4ea8-aa2d-63ea10a38e43:group-457F1F4F10A0 changes to CANDIDATE, lastRpcTime:5109, electionTimeout:5109ms
2019-09-25 11:44:03,619 [main] INFO  impl.RaftServerImpl (RaftServerImpl.java:lambda$shutdown$3(251)) - 0b0def17-0118-466c-b8b3-e46885956633@group-1ED2E77B1FA3: shutdown
2019-09-25 11:44:03,619 [Thread-231] INFO  impl.RoleInfo (RoleInfo.java:shutdownFollowerState(121)) - e0e6d57f-f91e-4ea8-aa2d-63ea10a38e43: shutdown FollowerState
2019-09-25 11:44:03,619 [ForkJoinPool.commonPool-worker-1] INFO  util.JmxRegister (JmxRegister.java:unregister(73)) - Successfully un-registered JMX Bean with object name Ratis:service=RaftServer,group=group-874C735BB2C6,id=e0e6d57f-f91e-4ea8-aa2d-63ea10a38e43
2019-09-25 11:44:03,620 [Thread-231] INFO  impl.RaftServerImpl (RaftServerImpl.java:setRole(174)) - e0e6d57f-f91e-4ea8-aa2d-63ea10a38e43@group-457F1F4F10A0: changes role from  FOLLOWER to CANDIDATE at term 0 for changeToCandidate
2019-09-25 11:44:03,619 [main] INFO  util.JmxRegister (JmxRegister.java:unregister(73)) - Successfully un-registered JMX Bean with object name Ratis:service=RaftServer,group=group-1ED2E77B1FA3,id=0b0def17-0118-466c-b8b3-e46885956633
2019-09-25 11:44:03,620 [e0e6d57f-f91e-4ea8-aa2d-63ea10a38e43@group-06C5ADDB4CF4:LeaderElection17] INFO  impl.RoleInfo (RoleInfo.java:updateAndGet(143)) - e0e6d57f-f91e-4ea8-aa2d-63ea10a38e43: start LeaderState
2019-09-25 11:44:03,620 [Thread-231] INFO  impl.RoleInfo (RoleInfo.java:updateAndGet(143)) - e0e6d57f-f91e-4ea8-aa2d-63ea10a38e43: start LeaderElection
2019-09-25 11:44:03,620 [ForkJoinPool.commonPool-worker-1] INFO  impl.RoleInfo (RoleInfo.java:shutdownLeaderState(104)) - e0e6d57f-f91e-4ea8-aa2d-63ea10a38e43: shutdown LeaderState
2019-09-25 11:44:03,621 [e0e6d57f-f91e-4ea8-aa2d-63ea10a38e43@group-06C5ADDB4CF4:LeaderElection17] INFO  segmented.SegmentedRaftLogWorker (SegmentedRaftLogWorker.java:startLogSegment(380)) - e0e6d57f-f91e-4ea8-aa2d-63ea10a38e43@group-06C5ADDB4CF4-SegmentedRaftLogWorker: Starting segment from index:0
2019-09-25 11:44:03,620 [main] INFO  impl.RoleInfo (RoleInfo.java:shutdownLeaderState(104)) - 0b0def17-0118-466c-b8b3-e46885956633: shutdown LeaderState
2019-09-25 11:44:03,624 [ForkJoinPool.commonPool-worker-1] INFO  impl.PendingRequests (PendingRequests.java:sendNotLeaderResponses(202)) - e0e6d57f-f91e-4ea8-aa2d-63ea10a38e43-PendingRequests: sendNotLeaderResponses
2019-09-25 11:44:03,624 [main] INFO  impl.PendingRequests (PendingRequests.java:sendNotLeaderResponses(202)) - 0b0def17-0118-466c-b8b3-e46885956633-PendingRequests: sendNotLeaderResponses
2019-09-25 11:44:03,624 [e0e6d57f-f91e-4ea8-aa2d-63ea10a38e43@group-06C5ADDB4CF4:LeaderElection17] INFO  impl.RaftServerImpl (ServerState.java:setRaftConf(354)) - e0e6d57f-f91e-4ea8-aa2d-63ea10a38e43@group-06C5ADDB4CF4: set configuration 0: [e0e6d57f-f91e-4ea8-aa2d-63ea10a38e43:192.168.30.6:37819], old=null at 0
2019-09-25 11:44:03,625 [main] INFO  impl.StateMachineUpdater (StateMachineUpdater.java:stopAndJoin(125)) - 0b0def17-0118-466c-b8b3-e46885956633@group-1ED2E77B1FA3-StateMachineUpdater: set stopIndex = 0
2019-09-25 11:44:03,655 [main] INFO  impl.RaftServerImpl (ServerState.java:close(385)) - 0b0def17-0118-466c-b8b3-e46885956633@group-1ED2E77B1FA3: closes. applyIndex: 0
2019-09-25 11:44:03,625 [ForkJoinPool.commonPool-worker-1] INFO  impl.StateMachineUpdater (StateMachineUpdater.java:stopAndJoin(125)) - e0e6d57f-f91e-4ea8-aa2d-63ea10a38e43@group-874C735BB2C6-StateMachineUpdater: set stopIndex = 0
2019-09-25 11:44:03,656 [0b0def17-0118-466c-b8b3-e46885956633@group-1ED2E77B1FA3-SegmentedRaftLogWorker] INFO  segmented.SegmentedRaftLogWorker (SegmentedRaftLogWorker.java:run(313)) - 0b0def17-0118-466c-b8b3-e46885956633@group-1ED2E77B1FA3-SegmentedRaftLogWorker was interrupted, exiting. There are 0 tasks remaining in the queue.
2019-09-25 11:44:03,655 [e0e6d57f-f91e-4ea8-aa2d-63ea10a38e43@group-457F1F4F10A0:LeaderElection18] INFO  impl.LeaderElection (LeaderElection.java:askForVotes(182)) - e0e6d57f-f91e-4ea8-aa2d-63ea10a38e43@group-457F1F4F10A0:LeaderElection18: begin an election at term 1 for -1: [e0e6d57f-f91e-4ea8-aa2d-63ea10a38e43:192.168.30.6:37819], old=null
2019-09-25 11:44:03,656 [ForkJoinPool.commonPool-worker-1] INFO  impl.RaftServerImpl (ServerState.java:close(385)) - e0e6d57f-f91e-4ea8-aa2d-63ea10a38e43@group-874C735BB2C6: closes. applyIndex: 0
2019-09-25 11:44:03,657 [main] INFO  segmented.SegmentedRaftLogWorker (SegmentedRaftLogWorker.java:close(228)) - 0b0def17-0118-466c-b8b3-e46885956633@group-1ED2E77B1FA3-SegmentedRaftLogWorker close()
2019-09-25 11:44:03,657 [e0e6d57f-f91e-4ea8-aa2d-63ea10a38e43@group-457F1F4F10A0:LeaderElection18] INFO  impl.RoleInfo (RoleInfo.java:shutdownLeaderElection(134)) - e0e6d57f-f91e-4ea8-aa2d-63ea10a38e43: shutdown LeaderElection
2019-09-25 11:44:03,658 [e0e6d57f-f91e-4ea8-aa2d-63ea10a38e43@group-874C735BB2C6-SegmentedRaftLogWorker] INFO  segmented.SegmentedRaftLogWorker (SegmentedRaftLogWorker.java:run(313)) - e0e6d57f-f91e-4ea8-aa2d-63ea10a38e43@group-874C735BB2C6-SegmentedRaftLogWorker was interrupted, exiting. There are 0 tasks remaining in the queue.
2019-09-25 11:44:03,659 [main] INFO  impl.RaftServerImpl (RaftServerImpl.java:lambda$shutdown$3(251)) - 0b0def17-0118-466c-b8b3-e46885956633@group-1C366893CAC8: shutdown
2019-09-25 11:44:03,659 [e0e6d57f-f91e-4ea8-aa2d-63ea10a38e43@group-457F1F4F10A0:LeaderElection18] INFO  impl.RaftServerImpl (RaftServerImpl.java:setRole(174)) - e0e6d57f-f91e-4ea8-aa2d-63ea10a38e43@group-457F1F4F10A0: changes role from CANDIDATE to LEADER at term 1 for changeToLeader
2019-09-25 11:44:03,660 [ForkJoinPool.commonPool-worker-1] INFO  segmented.SegmentedRaftLogWorker (SegmentedRaftLogWorker.java:close(228)) - e0e6d57f-f91e-4ea8-aa2d-63ea10a38e43@group-874C735BB2C6-SegmentedRaftLogWorker close()
2019-09-25 11:44:03,661 [e0e6d57f-f91e-4ea8-aa2d-63ea10a38e43@group-457F1F4F10A0:LeaderElection18] INFO  impl.RaftServerImpl (ServerState.java:setLeader(253)) - e0e6d57f-f91e-4ea8-aa2d-63ea10a38e43@group-457F1F4F10A0: change Leader from null to e0e6d57f-f91e-4ea8-aa2d-63ea10a38e43 at term 1 for becomeLeader, leader elected after 5156ms
2019-09-25 11:44:03,661 [main] INFO  util.JmxRegister (JmxRegister.java:unregister(73)) - Successfully un-registered JMX Bean with object name Ratis:service=RaftServer,group=group-1C366893CAC8,id=0b0def17-0118-466c-b8b3-e46885956633
2019-09-25 11:44:03,663 [ForkJoinPool.commonPool-worker-1] INFO  impl.RaftServerImpl (RaftServerImpl.java:lambda$shutdown$3(251)) - e0e6d57f-f91e-4ea8-aa2d-63ea10a38e43@group-A833644733A7: shutdown
2019-09-25 11:44:03,662 [e0e6d57f-f91e-4ea8-aa2d-63ea10a38e43@group-457F1F4F10A0:LeaderElection18] INFO  server.RaftServerConfigKeys (ConfUtils.java:logGet(43)) - raft.server.staging.catchup.gap = 1000 (default)
2019-09-25 11:44:03,663 [ForkJoinPool.commonPool-worker-1] INFO  util.JmxRegister (JmxRegister.java:unregister(73)) - Successfully un-registered JMX Bean with object name Ratis:service=RaftServer,group=group-A833644733A7,id=e0e6d57f-f91e-4ea8-aa2d-63ea10a38e43
2019-09-25 11:44:03,663 [main] INFO  impl.RoleInfo (RoleInfo.java:shutdownLeaderState(104)) - 0b0def17-0118-466c-b8b3-e46885956633: shutdown LeaderState
2019-09-25 11:44:03,664 [ForkJoinPool.commonPool-worker-1] INFO  impl.RoleInfo (RoleInfo.java:shutdownLeaderState(104)) - e0e6d57f-f91e-4ea8-aa2d-63ea10a38e43: shutdown LeaderState
2019-09-25 11:44:03,663 [e0e6d57f-f91e-4ea8-aa2d-63ea10a38e43@group-457F1F4F10A0:LeaderElection18] INFO  server.RaftServerConfigKeys (ConfUtils.java:logGet(43)) - raft.server.rpc.sleep.time = 25ms (default)
2019-09-25 11:44:03,664 [ForkJoinPool.commonPool-worker-1] INFO  impl.PendingRequests (PendingRequests.java:sendNotLeaderResponses(202)) - e0e6d57f-f91e-4ea8-aa2d-63ea10a38e43-PendingRequests: sendNotLeaderResponses
2019-09-25 11:44:03,664 [main] INFO  impl.PendingRequests (PendingRequests.java:sendNotLeaderResponses(202)) - 0b0def17-0118-466c-b8b3-e46885956633-PendingRequests: sendNotLeaderResponses
2019-09-25 11:44:03,665 [ForkJoinPool.commonPool-worker-1] INFO  impl.StateMachineUpdater (StateMachineUpdater.java:stopAndJoin(125)) - e0e6d57f-f91e-4ea8-aa2d-63ea10a38e43@group-A833644733A7-StateMachineUpdater: set stopIndex = 0
2019-09-25 11:44:03,664 [e0e6d57f-f91e-4ea8-aa2d-63ea10a38e43@group-457F1F4F10A0:LeaderElection18] INFO  server.RaftServerConfigKeys (ConfUtils.java:logGet(43)) - raft.server.write.element-limit = 4096 (default)
2019-09-25 11:44:03,665 [ForkJoinPool.commonPool-worker-1] INFO  impl.RaftServerImpl (ServerState.java:close(385)) - e0e6d57f-f91e-4ea8-aa2d-63ea10a38e43@group-A833644733A7: closes. applyIndex: 0
2019-09-25 11:44:03,665 [main] INFO  impl.StateMachineUpdater (StateMachineUpdater.java:stopAndJoin(125)) - 0b0def17-0118-466c-b8b3-e46885956633@group-1C366893CAC8-StateMachineUpdater: set stopIndex = 0
2019-09-25 11:44:03,666 [main] INFO  impl.RaftServerImpl (ServerState.java:close(385)) - 0b0def17-0118-466c-b8b3-e46885956633@group-1C366893CAC8: closes. applyIndex: 0
2019-09-25 11:44:03,666 [e0e6d57f-f91e-4ea8-aa2d-63ea10a38e43@group-A833644733A7-SegmentedRaftLogWorker] INFO  segmented.SegmentedRaftLogWorker (SegmentedRaftLogWorker.java:run(313)) - e0e6d57f-f91e-4ea8-aa2d-63ea10a38e43@group-A833644733A7-SegmentedRaftLogWorker was interrupted, exiting. There are 0 tasks remaining in the queue.
2019-09-25 11:44:03,665 [e0e6d57f-f91e-4ea8-aa2d-63ea10a38e43@group-457F1F4F10A0:LeaderElection18] INFO  server.RaftServerConfigKeys (ConfUtils.java:logGet(43)) - raft.server.watch.timeout = 10s (default)
2019-09-25 11:44:03,667 [e0e6d57f-f91e-4ea8-aa2d-63ea10a38e43@group-06C5ADDB4CF4-SegmentedRaftLogWorker] INFO  segmented.SegmentedRaftLogWorker (SegmentedRaftLogWorker.java:execute(569)) - e0e6d57f-f91e-4ea8-aa2d-63ea10a38e43@group-06C5ADDB4CF4-SegmentedRaftLogWorker: created new log segment /workdir/hadoop-ozone/integration-test/target/test-dir/MiniOzoneClusterImpl-a207e20c-42ee-4864-92cb-a931ccd2d47f/datanode-0/data/ratis/472fa951-9b8f-4807-af90-06c5addb4cf4/current/log_inprogress_0
2019-09-25 11:44:03,666 [0b0def17-0118-466c-b8b3-e46885956633@group-1C366893CAC8-SegmentedRaftLogWorker] INFO  segmented.SegmentedRaftLogWorker (SegmentedRaftLogWorker.java:run(313)) - 0b0def17-0118-466c-b8b3-e46885956633@group-1C366893CAC8-SegmentedRaftLogWorker was interrupted, exiting. There are 0 tasks remaining in the queue.
2019-09-25 11:44:03,667 [ForkJoinPool.commonPool-worker-1] INFO  segmented.SegmentedRaftLogWorker (SegmentedRaftLogWorker.java:close(228)) - e0e6d57f-f91e-4ea8-aa2d-63ea10a38e43@group-A833644733A7-SegmentedRaftLogWorker close()
2019-09-25 11:44:03,667 [e0e6d57f-f91e-4ea8-aa2d-63ea10a38e43@group-457F1F4F10A0:LeaderElection18] INFO  server.RaftServerConfigKeys (ConfUtils.java:logGet(43)) - raft.server.watch.timeout.denomination = 1s (default)
2019-09-25 11:44:03,668 [main] INFO  segmented.SegmentedRaftLogWorker (SegmentedRaftLogWorker.java:close(228)) - 0b0def17-0118-466c-b8b3-e46885956633@group-1C366893CAC8-SegmentedRaftLogWorker close()
2019-09-25 11:44:03,670 [ForkJoinPool.commonPool-worker-1] INFO  impl.RaftServerImpl (RaftServerImpl.java:lambda$shutdown$3(251)) - e0e6d57f-f91e-4ea8-aa2d-63ea10a38e43@group-06C5ADDB4CF4: shutdown
2019-09-25 11:44:03,670 [e0e6d57f-f91e-4ea8-aa2d-63ea10a38e43@group-457F1F4F10A0:LeaderElection18] INFO  server.RaftServerConfigKeys (ConfUtils.java:logGet(43)) - raft.server.watch.element-limit = 65536 (default)
2019-09-25 11:44:03,672 [ForkJoinPool.commonPool-worker-1] INFO  util.JmxRegister (JmxRegister.java:unregister(73)) - Successfully un-registered JMX Bean with object name Ratis:service=RaftServer,group=group-06C5ADDB4CF4,id=e0e6d57f-f91e-4ea8-aa2d-63ea10a38e43
2019-09-25 11:44:03,672 [main] INFO  impl.RaftServerImpl (RaftServerImpl.java:lambda$shutdown$3(251)) - 0b0def17-0118-466c-b8b3-e46885956633@group-1E129BB001AC: shutdown
2019-09-25 11:44:03,672 [ForkJoinPool.commonPool-worker-1] INFO  impl.RoleInfo (RoleInfo.java:shutdownLeaderState(104)) - e0e6d57f-f91e-4ea8-aa2d-63ea10a38e43: shutdown LeaderState
2019-09-25 11:44:03,673 [main] INFO  util.JmxRegister (JmxRegister.java:unregister(73)) - Successfully un-registered JMX Bean with object name Ratis:service=RaftServer,group=group-1E129BB001AC,id=0b0def17-0118-466c-b8b3-e46885956633
2019-09-25 11:44:03,673 [ForkJoinPool.commonPool-worker-1] INFO  impl.PendingRequests (PendingRequests.java:sendNotLeaderResponses(202)) - e0e6d57f-f91e-4ea8-aa2d-63ea10a38e43-PendingRequests: sendNotLeaderResponses
2019-09-25 11:44:03,673 [main] INFO  impl.RoleInfo (RoleInfo.java:shutdownLeaderState(104)) - 0b0def17-0118-466c-b8b3-e46885956633: shutdown LeaderState
2019-09-25 11:44:03,674 [ForkJoinPool.commonPool-worker-1] INFO  impl.StateMachineUpdater (StateMachineUpdater.java:stopAndJoin(125)) - e0e6d57f-f91e-4ea8-aa2d-63ea10a38e43@group-06C5ADDB4CF4-StateMachineUpdater: set stopIndex = -1
2019-09-25 11:44:03,674 [main] INFO  impl.PendingRequests (PendingRequests.java:sendNotLeaderResponses(202)) - 0b0def17-0118-466c-b8b3-e46885956633-PendingRequests: sendNotLeaderResponses
2019-09-25 11:44:03,674 [ForkJoinPool.commonPool-worker-1] INFO  impl.RaftServerImpl (ServerState.java:close(385)) - e0e6d57f-f91e-4ea8-aa2d-63ea10a38e43@group-06C5ADDB4CF4: closes. applyIndex: -1
2019-09-25 11:44:03,674 [e0e6d57f-f91e-4ea8-aa2d-63ea10a38e43@group-457F1F4F10A0:LeaderElection18] INFO  impl.RoleInfo (RoleInfo.java:updateAndGet(143)) - e0e6d57f-f91e-4ea8-aa2d-63ea10a38e43: start LeaderState
2019-09-25 11:44:03,675 [main] INFO  impl.StateMachineUpdater (StateMachineUpdater.java:stopAndJoin(125)) - 0b0def17-0118-466c-b8b3-e46885956633@group-1E129BB001AC-StateMachineUpdater: set stopIndex = 0
2019-09-25 11:44:03,676 [e0e6d57f-f91e-4ea8-aa2d-63ea10a38e43@group-457F1F4F10A0:LeaderElection18] INFO  segmented.SegmentedRaftLogWorker (SegmentedRaftLogWorker.java:startLogSegment(380)) - e0e6d57f-f91e-4ea8-aa2d-63ea10a38e43@group-457F1F4F10A0-SegmentedRaftLogWorker: Starting segment from index:0
2019-09-25 11:44:03,676 [main] INFO  impl.RaftServerImpl (ServerState.java:close(385)) - 0b0def17-0118-466c-b8b3-e46885956633@group-1E129BB001AC: closes. applyIndex: 0
2019-09-25 11:44:03,677 [e0e6d57f-f91e-4ea8-aa2d-63ea10a38e43@group-457F1F4F10A0:LeaderElection18] INFO  impl.RaftServerImpl (ServerState.java:setRaftConf(354)) - e0e6d57f-f91e-4ea8-aa2d-63ea10a38e43@group-457F1F4F10A0: set configuration 0: [e0e6d57f-f91e-4ea8-aa2d-63ea10a38e43:192.168.30.6:37819], old=null at 0
2019-09-25 11:44:03,677 [0b0def17-0118-466c-b8b3-e46885956633@group-1E129BB001AC-SegmentedRaftLogWorker] INFO  segmented.SegmentedRaftLogWorker (SegmentedRaftLogWorker.java:run(313)) - 0b0def17-0118-466c-b8b3-e46885956633@group-1E129BB001AC-SegmentedRaftLogWorker was interrupted, exiting. There are 0 tasks remaining in the queue.
2019-09-25 11:44:03,706 [main] INFO  segmented.SegmentedRaftLogWorker (SegmentedRaftLogWorker.java:close(228)) - 0b0def17-0118-466c-b8b3-e46885956633@group-1E129BB001AC-SegmentedRaftLogWorker close()
2019-09-25 11:44:03,709 [main] INFO  impl.RaftServerImpl (RaftServerImpl.java:lambda$shutdown$3(251)) - 0b0def17-0118-466c-b8b3-e46885956633@group-3B9859CC67DF: shutdown
2019-09-25 11:44:03,709 [main] INFO  util.JmxRegister (JmxRegister.java:unregister(73)) - Successfully un-registered JMX Bean with object name Ratis:service=RaftServer,group=group-3B9859CC67DF,id=0b0def17-0118-466c-b8b3-e46885956633
2019-09-25 11:44:03,710 [main] INFO  impl.RoleInfo (RoleInfo.java:shutdownLeaderState(104)) - 0b0def17-0118-466c-b8b3-e46885956633: shutdown LeaderState
2019-09-25 11:44:03,710 [main] INFO  impl.PendingRequests (PendingRequests.java:sendNotLeaderResponses(202)) - 0b0def17-0118-466c-b8b3-e46885956633-PendingRequests: sendNotLeaderResponses
2019-09-25 11:44:03,711 [main] INFO  impl.StateMachineUpdater (StateMachineUpdater.java:stopAndJoin(125)) - 0b0def17-0118-466c-b8b3-e46885956633@group-3B9859CC67DF-StateMachineUpdater: set stopIndex = 0
2019-09-25 11:44:03,712 [main] INFO  impl.RaftServerImpl (ServerState.java:close(385)) - 0b0def17-0118-466c-b8b3-e46885956633@group-3B9859CC67DF: closes. applyIndex: 0
2019-09-25 11:44:03,713 [0b0def17-0118-466c-b8b3-e46885956633@group-3B9859CC67DF-SegmentedRaftLogWorker] INFO  segmented.SegmentedRaftLogWorker (SegmentedRaftLogWorker.java:run(313)) - 0b0def17-0118-466c-b8b3-e46885956633@group-3B9859CC67DF-SegmentedRaftLogWorker was interrupted, exiting. There are 0 tasks remaining in the queue.
2019-09-25 11:44:03,714 [main] INFO  segmented.SegmentedRaftLogWorker (SegmentedRaftLogWorker.java:close(228)) - 0b0def17-0118-466c-b8b3-e46885956633@group-3B9859CC67DF-SegmentedRaftLogWorker close()
2019-09-25 11:44:03,716 [main] INFO  impl.RaftServerImpl (RaftServerImpl.java:lambda$shutdown$3(251)) - 0b0def17-0118-466c-b8b3-e46885956633@group-0BEDEA513479: shutdown
2019-09-25 11:44:03,716 [e0e6d57f-f91e-4ea8-aa2d-63ea10a38e43@group-06C5ADDB4CF4-SegmentedRaftLogWorker] INFO  segmented.SegmentedRaftLogWorker (SegmentedRaftLogWorker.java:run(320)) - e0e6d57f-f91e-4ea8-aa2d-63ea10a38e43@group-06C5ADDB4CF4-SegmentedRaftLogWorker got closed and hit exception
java.lang.NullPointerException
	at org.apache.hadoop.hdds.protocol.proto.StorageContainerDatanodeProtocolProtos$ClosePipelineInfo$Builder.setDetailedReason(StorageContainerDatanodeProtocolProtos.java:19487)
	at org.apache.hadoop.ozone.container.common.transport.server.ratis.XceiverServerRatis.triggerPipelineClose(XceiverServerRatis.java:564)
	at org.apache.hadoop.ozone.container.common.transport.server.ratis.XceiverServerRatis.handleNodeLogFailure(XceiverServerRatis.java:663)
	at org.apache.hadoop.ozone.container.common.transport.server.ratis.ContainerStateMachine.notifyLogFailed(ContainerStateMachine.java:812)
	at org.apache.ratis.server.raftlog.segmented.SegmentedRaftLogWorker$WriteLog.failed(SegmentedRaftLogWorker.java:455)
	at org.apache.ratis.server.raftlog.segmented.SegmentedRaftLogWorker.run(SegmentedRaftLogWorker.java:297)
	at java.lang.Thread.run(Thread.java:748)
2019-09-25 11:44:03,717 [main] INFO  util.JmxRegister (JmxRegister.java:unregister(73)) - Successfully un-registered JMX Bean with object name Ratis:service=RaftServer,group=group-0BEDEA513479,id=0b0def17-0118-466c-b8b3-e46885956633
2019-09-25 11:44:03,717 [ForkJoinPool.commonPool-worker-1] INFO  segmented.SegmentedRaftLogWorker (SegmentedRaftLogWorker.java:close(228)) - e0e6d57f-f91e-4ea8-aa2d-63ea10a38e43@group-06C5ADDB4CF4-SegmentedRaftLogWorker close()
2019-09-25 11:44:03,717 [main] INFO  impl.RoleInfo (RoleInfo.java:shutdownLeaderState(104)) - 0b0def17-0118-466c-b8b3-e46885956633: shutdown LeaderState
2019-09-25 11:44:03,719 [ForkJoinPool.commonPool-worker-1] INFO  impl.RaftServerImpl (RaftServerImpl.java:lambda$shutdown$3(251)) - e0e6d57f-f91e-4ea8-aa2d-63ea10a38e43@group-457F1F4F10A0: shutdown
2019-09-25 11:44:03,719 [e0e6d57f-f91e-4ea8-aa2d-63ea10a38e43@group-457F1F4F10A0-SegmentedRaftLogWorker] INFO  segmented.SegmentedRaftLogWorker (SegmentedRaftLogWorker.java:execute(569)) - e0e6d57f-f91e-4ea8-aa2d-63ea10a38e43@group-457F1F4F10A0-SegmentedRaftLogWorker: created new log segment /workdir/hadoop-ozone/integration-test/target/test-dir/MiniOzoneClusterImpl-a207e20c-42ee-4864-92cb-a931ccd2d47f/datanode-0/data/ratis/d54ad14f-1039-42b4-82d4-457f1f4f10a0/current/log_inprogress_0
2019-09-25 11:44:03,720 [ForkJoinPool.commonPool-worker-1] INFO  util.JmxRegister (JmxRegister.java:unregister(73)) - Successfully un-registered JMX Bean with object name Ratis:service=RaftServer,group=group-457F1F4F10A0,id=e0e6d57f-f91e-4ea8-aa2d-63ea10a38e43
2019-09-25 11:44:03,720 [ForkJoinPool.commonPool-worker-1] INFO  impl.RoleInfo (RoleInfo.java:shutdownLeaderState(104)) - e0e6d57f-f91e-4ea8-aa2d-63ea10a38e43: shutdown LeaderState
2019-09-25 11:44:03,719 [main] INFO  impl.PendingRequests (PendingRequests.java:sendNotLeaderResponses(202)) - 0b0def17-0118-466c-b8b3-e46885956633-PendingRequests: sendNotLeaderResponses
2019-09-25 11:44:03,720 [ForkJoinPool.commonPool-worker-1] INFO  impl.PendingRequests (PendingRequests.java:sendNotLeaderResponses(202)) - e0e6d57f-f91e-4ea8-aa2d-63ea10a38e43-PendingRequests: sendNotLeaderResponses
2019-09-25 11:44:03,721 [main] INFO  impl.StateMachineUpdater (StateMachineUpdater.java:stopAndJoin(125)) - 0b0def17-0118-466c-b8b3-e46885956633@group-0BEDEA513479-StateMachineUpdater: set stopIndex = 0
2019-09-25 11:44:03,721 [ForkJoinPool.commonPool-worker-1] INFO  impl.StateMachineUpdater (StateMachineUpdater.java:stopAndJoin(125)) - e0e6d57f-f91e-4ea8-aa2d-63ea10a38e43@group-457F1F4F10A0-StateMachineUpdater: set stopIndex = -1
2019-09-25 11:44:03,721 [main] INFO  impl.RaftServerImpl (ServerState.java:close(385)) - 0b0def17-0118-466c-b8b3-e46885956633@group-0BEDEA513479: closes. applyIndex: 0
2019-09-25 11:44:03,722 [ForkJoinPool.commonPool-worker-1] INFO  impl.RaftServerImpl (ServerState.java:close(385)) - e0e6d57f-f91e-4ea8-aa2d-63ea10a38e43@group-457F1F4F10A0: closes. applyIndex: -1
2019-09-25 11:44:03,722 [0b0def17-0118-466c-b8b3-e46885956633@group-0BEDEA513479-SegmentedRaftLogWorker] INFO  segmented.SegmentedRaftLogWorker (SegmentedRaftLogWorker.java:run(313)) - 0b0def17-0118-466c-b8b3-e46885956633@group-0BEDEA513479-SegmentedRaftLogWorker was interrupted, exiting. There are 0 tasks remaining in the queue.
2019-09-25 11:44:03,726 [main] INFO  segmented.SegmentedRaftLogWorker (SegmentedRaftLogWorker.java:close(228)) - 0b0def17-0118-466c-b8b3-e46885956633@group-0BEDEA513479-SegmentedRaftLogWorker close()
2019-09-25 11:44:03,728 [main] INFO  server.GrpcService (GrpcService.java:closeImpl(164)) - 0b0def17-0118-466c-b8b3-e46885956633: shutdown server with port 44389 now
2019-09-25 11:44:03,731 [main] INFO  server.GrpcService (GrpcService.java:closeImpl(172)) - 0b0def17-0118-466c-b8b3-e46885956633: shutdown server with port 44389 successfully
2019-09-25 11:44:03,732 [e0e6d57f-f91e-4ea8-aa2d-63ea10a38e43@group-457F1F4F10A0-SegmentedRaftLogWorker] INFO  segmented.SegmentedRaftLogWorker (SegmentedRaftLogWorker.java:run(320)) - e0e6d57f-f91e-4ea8-aa2d-63ea10a38e43@group-457F1F4F10A0-SegmentedRaftLogWorker got closed and hit exception
java.lang.NullPointerException
	at org.apache.hadoop.hdds.protocol.proto.StorageContainerDatanodeProtocolProtos$ClosePipelineInfo$Builder.setDetailedReason(StorageContainerDatanodeProtocolProtos.java:19487)
	at org.apache.hadoop.ozone.container.common.transport.server.ratis.XceiverServerRatis.triggerPipelineClose(XceiverServerRatis.java:564)
	at org.apache.hadoop.ozone.container.common.transport.server.ratis.XceiverServerRatis.handleNodeLogFailure(XceiverServerRatis.java:663)
	at org.apache.hadoop.ozone.container.common.transport.server.ratis.ContainerStateMachine.notifyLogFailed(ContainerStateMachine.java:812)
	at org.apache.ratis.server.raftlog.segmented.SegmentedRaftLogWorker$WriteLog.failed(SegmentedRaftLogWorker.java:455)
	at org.apache.ratis.server.raftlog.segmented.SegmentedRaftLogWorker.run(SegmentedRaftLogWorker.java:297)
	at java.lang.Thread.run(Thread.java:748)
2019-09-25 11:44:03,732 [ForkJoinPool.commonPool-worker-1] INFO  segmented.SegmentedRaftLogWorker (SegmentedRaftLogWorker.java:close(228)) - e0e6d57f-f91e-4ea8-aa2d-63ea10a38e43@group-457F1F4F10A0-SegmentedRaftLogWorker close()
2019-09-25 11:44:03,733 [ForkJoinPool.commonPool-worker-1] INFO  impl.RaftServerImpl (RaftServerImpl.java:lambda$shutdown$3(251)) - e0e6d57f-f91e-4ea8-aa2d-63ea10a38e43@group-9C21795A4D36: shutdown
2019-09-25 11:44:03,734 [ForkJoinPool.commonPool-worker-1] INFO  util.JmxRegister (JmxRegister.java:unregister(73)) - Successfully un-registered JMX Bean with object name Ratis:service=RaftServer,group=group-9C21795A4D36,id=e0e6d57f-f91e-4ea8-aa2d-63ea10a38e43
2019-09-25 11:44:03,735 [ForkJoinPool.commonPool-worker-1] INFO  impl.RoleInfo (RoleInfo.java:shutdownLeaderState(104)) - e0e6d57f-f91e-4ea8-aa2d-63ea10a38e43: shutdown LeaderState
2019-09-25 11:44:03,735 [ForkJoinPool.commonPool-worker-1] INFO  impl.PendingRequests (PendingRequests.java:sendNotLeaderResponses(202)) - e0e6d57f-f91e-4ea8-aa2d-63ea10a38e43-PendingRequests: sendNotLeaderResponses
2019-09-25 11:44:03,735 [ForkJoinPool.commonPool-worker-1] INFO  impl.StateMachineUpdater (StateMachineUpdater.java:stopAndJoin(125)) - e0e6d57f-f91e-4ea8-aa2d-63ea10a38e43@group-9C21795A4D36-StateMachineUpdater: set stopIndex = 0
2019-09-25 11:44:03,736 [ForkJoinPool.commonPool-worker-1] INFO  impl.RaftServerImpl (ServerState.java:close(385)) - e0e6d57f-f91e-4ea8-aa2d-63ea10a38e43@group-9C21795A4D36: closes. applyIndex: 0
2019-09-25 11:44:03,738 [refreshUsed-/workdir/hadoop-ozone/integration-test/target/test-dir/MiniOzoneClusterImpl-a207e20c-42ee-4864-92cb-a931ccd2d47f/datanode-1/data/containers] WARN  fs.CachingGetSpaceUsed (CachingGetSpaceUsed.java:run(183)) - Thread Interrupted waiting to refresh disk information: sleep interrupted
2019-09-25 11:44:03,738 [e0e6d57f-f91e-4ea8-aa2d-63ea10a38e43@group-9C21795A4D36-SegmentedRaftLogWorker] INFO  segmented.SegmentedRaftLogWorker (SegmentedRaftLogWorker.java:run(313)) - e0e6d57f-f91e-4ea8-aa2d-63ea10a38e43@group-9C21795A4D36-SegmentedRaftLogWorker was interrupted, exiting. There are 0 tasks remaining in the queue.
2019-09-25 11:44:03,739 [ForkJoinPool.commonPool-worker-1] INFO  segmented.SegmentedRaftLogWorker (SegmentedRaftLogWorker.java:close(228)) - e0e6d57f-f91e-4ea8-aa2d-63ea10a38e43@group-9C21795A4D36-SegmentedRaftLogWorker close()
2019-09-25 11:44:03,739 [ForkJoinPool.commonPool-worker-1] INFO  server.GrpcService (GrpcService.java:closeImpl(164)) - e0e6d57f-f91e-4ea8-aa2d-63ea10a38e43: shutdown server with port 37819 now
2019-09-25 11:44:03,740 [ForkJoinPool.commonPool-worker-1] INFO  server.GrpcService (GrpcService.java:closeImpl(172)) - e0e6d57f-f91e-4ea8-aa2d-63ea10a38e43: shutdown server with port 37819 successfully
2019-09-25 11:44:03,745 [refreshUsed-/workdir/hadoop-ozone/integration-test/target/test-dir/MiniOzoneClusterImpl-a207e20c-42ee-4864-92cb-a931ccd2d47f/datanode-0/data/containers] WARN  fs.CachingGetSpaceUsed (CachingGetSpaceUsed.java:run(183)) - Thread Interrupted waiting to refresh disk information: sleep interrupted
2019-09-25 11:44:03,758 [main] INFO  utils.BackgroundService (BackgroundService.java:shutdown(148)) - Shutting down service BlockDeletingService
2019-09-25 11:44:03,760 [main] INFO  statemachine.DatanodeStateMachine (DatanodeStateMachine.java:stopDaemon(395)) - Ozone container server stopped.
2019-09-25 11:44:03,761 [main] INFO  handler.ContextHandler (ContextHandler.java:doStop(910)) - Stopped o.e.j.w.WebAppContext@a451491{/,null,UNAVAILABLE}{/hddsDatanode}
2019-09-25 11:44:03,762 [main] INFO  server.AbstractConnector (AbstractConnector.java:doStop(318)) - Stopped ServerConnector@1422ac7f{HTTP/1.1,[http/1.1]}{0.0.0.0:0}
2019-09-25 11:44:03,762 [main] INFO  handler.ContextHandler (ContextHandler.java:doStop(910)) - Stopped o.e.j.s.ServletContextHandler@77774571{/static,jar:file:/home/user/.m2/repository/org/apache/hadoop/hadoop-hdds-container-service/0.5.0-SNAPSHOT/hadoop-hdds-container-service-0.5.0-SNAPSHOT.jar!/webapps/static,UNAVAILABLE}
2019-09-25 11:44:03,762 [main] INFO  handler.ContextHandler (ContextHandler.java:doStop(910)) - Stopped o.e.j.s.ServletContextHandler@1e7ab390{/logs,file:///workdir/hadoop-ozone/integration-test/target/log,UNAVAILABLE}
2019-09-25 11:44:03,768 [ForkJoinPool.commonPool-worker-1] INFO  utils.BackgroundService (BackgroundService.java:shutdown(148)) - Shutting down service BlockDeletingService
2019-09-25 11:44:03,770 [ForkJoinPool.commonPool-worker-1] INFO  statemachine.DatanodeStateMachine (DatanodeStateMachine.java:stopDaemon(395)) - Ozone container server stopped.
2019-09-25 11:44:03,773 [ForkJoinPool.commonPool-worker-1] INFO  handler.ContextHandler (ContextHandler.java:doStop(910)) - Stopped o.e.j.w.WebAppContext@3c5dbdf8{/,null,UNAVAILABLE}{/hddsDatanode}
2019-09-25 11:44:03,774 [ForkJoinPool.commonPool-worker-1] INFO  server.AbstractConnector (AbstractConnector.java:doStop(318)) - Stopped ServerConnector@352c44a8{HTTP/1.1,[http/1.1]}{0.0.0.0:0}
2019-09-25 11:44:03,775 [ForkJoinPool.commonPool-worker-1] INFO  handler.ContextHandler (ContextHandler.java:doStop(910)) - Stopped o.e.j.s.ServletContextHandler@433348bc{/static,jar:file:/home/user/.m2/repository/org/apache/hadoop/hadoop-hdds-container-service/0.5.0-SNAPSHOT/hadoop-hdds-container-service-0.5.0-SNAPSHOT.jar!/webapps/static,UNAVAILABLE}
2019-09-25 11:44:03,776 [ForkJoinPool.commonPool-worker-1] INFO  handler.ContextHandler (ContextHandler.java:doStop(910)) - Stopped o.e.j.s.ServletContextHandler@5fa23c{/logs,file:///workdir/hadoop-ozone/integration-test/target/log,UNAVAILABLE}
2019-09-25 11:44:04,602 [Datanode State Machine Thread - 0] INFO  statemachine.DatanodeStateMachine (DatanodeStateMachine.java:lambda$startDaemon$0(350)) - Ozone container server started.
2019-09-25 11:44:08,764 [main] INFO  ozoneimpl.OzoneContainer (OzoneContainer.java:stop(231)) - Attempting to stop container services.
2019-09-25 11:44:08,765 [main] INFO  impl.RaftServerProxy (RaftServerProxy.java:lambda$close$4(314)) - 23446a0b-162d-43e0-a8ad-af938e24e577: close
2019-09-25 11:44:08,766 [main] INFO  impl.RaftServerImpl (RaftServerImpl.java:lambda$shutdown$3(251)) - 23446a0b-162d-43e0-a8ad-af938e24e577@group-0F5DB94041FA: shutdown
2019-09-25 11:44:08,766 [ForkJoinPool.commonPool-worker-0] INFO  impl.RaftServerImpl (RaftServerImpl.java:lambda$shutdown$3(251)) - 23446a0b-162d-43e0-a8ad-af938e24e577@group-D0C78356D666: shutdown
2019-09-25 11:44:08,766 [main] INFO  util.JmxRegister (JmxRegister.java:unregister(73)) - Successfully un-registered JMX Bean with object name Ratis:service=RaftServer,group=group-0F5DB94041FA,id=23446a0b-162d-43e0-a8ad-af938e24e577
2019-09-25 11:44:08,767 [ForkJoinPool.commonPool-worker-0] INFO  util.JmxRegister (JmxRegister.java:unregister(73)) - Successfully un-registered JMX Bean with object name Ratis:service=RaftServer,group=group-D0C78356D666,id=23446a0b-162d-43e0-a8ad-af938e24e577
2019-09-25 11:44:08,767 [main] INFO  impl.RoleInfo (RoleInfo.java:shutdownLeaderState(104)) - 23446a0b-162d-43e0-a8ad-af938e24e577: shutdown LeaderState
2019-09-25 11:44:08,767 [ForkJoinPool.commonPool-worker-0] INFO  impl.RoleInfo (RoleInfo.java:shutdownLeaderState(104)) - 23446a0b-162d-43e0-a8ad-af938e24e577: shutdown LeaderState
2019-09-25 11:44:08,768 [main] INFO  impl.PendingRequests (PendingRequests.java:sendNotLeaderResponses(202)) - 23446a0b-162d-43e0-a8ad-af938e24e577-PendingRequests: sendNotLeaderResponses
2019-09-25 11:44:08,768 [ForkJoinPool.commonPool-worker-0] INFO  impl.PendingRequests (PendingRequests.java:sendNotLeaderResponses(202)) - 23446a0b-162d-43e0-a8ad-af938e24e577-PendingRequests: sendNotLeaderResponses
2019-09-25 11:44:08,768 [main] INFO  impl.StateMachineUpdater (StateMachineUpdater.java:stopAndJoin(125)) - 23446a0b-162d-43e0-a8ad-af938e24e577@group-0F5DB94041FA-StateMachineUpdater: set stopIndex = 0
2019-09-25 11:44:08,768 [ForkJoinPool.commonPool-worker-0] INFO  impl.StateMachineUpdater (StateMachineUpdater.java:stopAndJoin(125)) - 23446a0b-162d-43e0-a8ad-af938e24e577@group-D0C78356D666-StateMachineUpdater: set stopIndex = 0
2019-09-25 11:44:08,770 [main] INFO  impl.RaftServerImpl (ServerState.java:close(385)) - 23446a0b-162d-43e0-a8ad-af938e24e577@group-0F5DB94041FA: closes. applyIndex: 0
2019-09-25 11:44:08,770 [ForkJoinPool.commonPool-worker-0] INFO  impl.RaftServerImpl (ServerState.java:close(385)) - 23446a0b-162d-43e0-a8ad-af938e24e577@group-D0C78356D666: closes. applyIndex: 0
2019-09-25 11:44:08,771 [23446a0b-162d-43e0-a8ad-af938e24e577@group-0F5DB94041FA-SegmentedRaftLogWorker] INFO  segmented.SegmentedRaftLogWorker (SegmentedRaftLogWorker.java:run(313)) - 23446a0b-162d-43e0-a8ad-af938e24e577@group-0F5DB94041FA-SegmentedRaftLogWorker was interrupted, exiting. There are 0 tasks remaining in the queue.
2019-09-25 11:44:08,771 [23446a0b-162d-43e0-a8ad-af938e24e577@group-D0C78356D666-SegmentedRaftLogWorker] INFO  segmented.SegmentedRaftLogWorker (SegmentedRaftLogWorker.java:run(313)) - 23446a0b-162d-43e0-a8ad-af938e24e577@group-D0C78356D666-SegmentedRaftLogWorker was interrupted, exiting. There are 0 tasks remaining in the queue.
2019-09-25 11:44:08,771 [main] INFO  segmented.SegmentedRaftLogWorker (SegmentedRaftLogWorker.java:close(228)) - 23446a0b-162d-43e0-a8ad-af938e24e577@group-0F5DB94041FA-SegmentedRaftLogWorker close()
2019-09-25 11:44:08,772 [main] INFO  impl.RaftServerImpl (RaftServerImpl.java:lambda$shutdown$3(251)) - 23446a0b-162d-43e0-a8ad-af938e24e577@group-15438488D8E4: shutdown
2019-09-25 11:44:08,773 [main] INFO  util.JmxRegister (JmxRegister.java:unregister(73)) - Successfully un-registered JMX Bean with object name Ratis:service=RaftServer,group=group-15438488D8E4,id=23446a0b-162d-43e0-a8ad-af938e24e577
2019-09-25 11:44:08,773 [main] INFO  impl.RoleInfo (RoleInfo.java:shutdownLeaderState(104)) - 23446a0b-162d-43e0-a8ad-af938e24e577: shutdown LeaderState
2019-09-25 11:44:08,774 [main] INFO  impl.PendingRequests (PendingRequests.java:sendNotLeaderResponses(202)) - 23446a0b-162d-43e0-a8ad-af938e24e577-PendingRequests: sendNotLeaderResponses
2019-09-25 11:44:08,774 [main] INFO  impl.StateMachineUpdater (StateMachineUpdater.java:stopAndJoin(125)) - 23446a0b-162d-43e0-a8ad-af938e24e577@group-15438488D8E4-StateMachineUpdater: set stopIndex = 0
2019-09-25 11:44:08,775 [main] INFO  impl.RaftServerImpl (ServerState.java:close(385)) - 23446a0b-162d-43e0-a8ad-af938e24e577@group-15438488D8E4: closes. applyIndex: 0
2019-09-25 11:44:08,775 [23446a0b-162d-43e0-a8ad-af938e24e577@group-15438488D8E4-SegmentedRaftLogWorker] INFO  segmented.SegmentedRaftLogWorker (SegmentedRaftLogWorker.java:run(313)) - 23446a0b-162d-43e0-a8ad-af938e24e577@group-15438488D8E4-SegmentedRaftLogWorker was interrupted, exiting. There are 0 tasks remaining in the queue.
2019-09-25 11:44:09,079 [main] INFO  segmented.SegmentedRaftLogWorker (SegmentedRaftLogWorker.java:close(228)) - 23446a0b-162d-43e0-a8ad-af938e24e577@group-15438488D8E4-SegmentedRaftLogWorker close()
2019-09-25 11:44:09,079 [ForkJoinPool.commonPool-worker-0] INFO  segmented.SegmentedRaftLogWorker (SegmentedRaftLogWorker.java:close(228)) - 23446a0b-162d-43e0-a8ad-af938e24e577@group-D0C78356D666-SegmentedRaftLogWorker close()
2019-09-25 11:44:09,081 [main] INFO  impl.RaftServerImpl (RaftServerImpl.java:lambda$shutdown$3(251)) - 23446a0b-162d-43e0-a8ad-af938e24e577@group-1180C5EFE106: shutdown
2019-09-25 11:44:09,081 [ForkJoinPool.commonPool-worker-0] INFO  impl.RaftServerImpl (RaftServerImpl.java:lambda$shutdown$3(251)) - 23446a0b-162d-43e0-a8ad-af938e24e577@group-4FC30D35D749: shutdown
2019-09-25 11:44:09,082 [main] INFO  util.JmxRegister (JmxRegister.java:unregister(73)) - Successfully un-registered JMX Bean with object name Ratis:service=RaftServer,group=group-1180C5EFE106,id=23446a0b-162d-43e0-a8ad-af938e24e577
2019-09-25 11:44:09,082 [ForkJoinPool.commonPool-worker-0] INFO  util.JmxRegister (JmxRegister.java:unregister(73)) - Successfully un-registered JMX Bean with object name Ratis:service=RaftServer,group=group-4FC30D35D749,id=23446a0b-162d-43e0-a8ad-af938e24e577
2019-09-25 11:44:09,082 [main] INFO  impl.RoleInfo (RoleInfo.java:shutdownLeaderState(104)) - 23446a0b-162d-43e0-a8ad-af938e24e577: shutdown LeaderState
2019-09-25 11:44:09,083 [ForkJoinPool.commonPool-worker-0] INFO  impl.RoleInfo (RoleInfo.java:shutdownLeaderState(104)) - 23446a0b-162d-43e0-a8ad-af938e24e577: shutdown LeaderState
2019-09-25 11:44:09,083 [main] INFO  impl.PendingRequests (PendingRequests.java:sendNotLeaderResponses(202)) - 23446a0b-162d-43e0-a8ad-af938e24e577-PendingRequests: sendNotLeaderResponses
2019-09-25 11:44:09,083 [ForkJoinPool.commonPool-worker-0] INFO  impl.PendingRequests (PendingRequests.java:sendNotLeaderResponses(202)) - 23446a0b-162d-43e0-a8ad-af938e24e577-PendingRequests: sendNotLeaderResponses
2019-09-25 11:44:09,084 [main] INFO  impl.StateMachineUpdater (StateMachineUpdater.java:stopAndJoin(125)) - 23446a0b-162d-43e0-a8ad-af938e24e577@group-1180C5EFE106-StateMachineUpdater: set stopIndex = 0
2019-09-25 11:44:09,084 [ForkJoinPool.commonPool-worker-0] INFO  impl.StateMachineUpdater (StateMachineUpdater.java:stopAndJoin(125)) - 23446a0b-162d-43e0-a8ad-af938e24e577@group-4FC30D35D749-StateMachineUpdater: set stopIndex = 0
2019-09-25 11:44:09,084 [main] INFO  impl.RaftServerImpl (ServerState.java:close(385)) - 23446a0b-162d-43e0-a8ad-af938e24e577@group-1180C5EFE106: closes. applyIndex: 0
2019-09-25 11:44:09,085 [ForkJoinPool.commonPool-worker-0] INFO  impl.RaftServerImpl (ServerState.java:close(385)) - 23446a0b-162d-43e0-a8ad-af938e24e577@group-4FC30D35D749: closes. applyIndex: 0
2019-09-25 11:44:09,085 [23446a0b-162d-43e0-a8ad-af938e24e577@group-1180C5EFE106-SegmentedRaftLogWorker] INFO  segmented.SegmentedRaftLogWorker (SegmentedRaftLogWorker.java:run(313)) - 23446a0b-162d-43e0-a8ad-af938e24e577@group-1180C5EFE106-SegmentedRaftLogWorker was interrupted, exiting. There are 0 tasks remaining in the queue.
2019-09-25 11:44:09,086 [23446a0b-162d-43e0-a8ad-af938e24e577@group-4FC30D35D749-SegmentedRaftLogWorker] INFO  segmented.SegmentedRaftLogWorker (SegmentedRaftLogWorker.java:run(313)) - 23446a0b-162d-43e0-a8ad-af938e24e577@group-4FC30D35D749-SegmentedRaftLogWorker was interrupted, exiting. There are 0 tasks remaining in the queue.
2019-09-25 11:44:09,086 [main] INFO  segmented.SegmentedRaftLogWorker (SegmentedRaftLogWorker.java:close(228)) - 23446a0b-162d-43e0-a8ad-af938e24e577@group-1180C5EFE106-SegmentedRaftLogWorker close()
2019-09-25 11:44:09,086 [ForkJoinPool.commonPool-worker-0] INFO  segmented.SegmentedRaftLogWorker (SegmentedRaftLogWorker.java:close(228)) - 23446a0b-162d-43e0-a8ad-af938e24e577@group-4FC30D35D749-SegmentedRaftLogWorker close()
2019-09-25 11:44:09,087 [main] INFO  impl.RaftServerImpl (RaftServerImpl.java:lambda$shutdown$3(251)) - 23446a0b-162d-43e0-a8ad-af938e24e577@group-3A6749B80F17: shutdown
2019-09-25 11:44:09,088 [main] INFO  util.JmxRegister (JmxRegister.java:unregister(73)) - Successfully un-registered JMX Bean with object name Ratis:service=RaftServer,group=group-3A6749B80F17,id=23446a0b-162d-43e0-a8ad-af938e24e577
2019-09-25 11:44:09,089 [main] INFO  impl.RoleInfo (RoleInfo.java:shutdownLeaderState(104)) - 23446a0b-162d-43e0-a8ad-af938e24e577: shutdown LeaderState
2019-09-25 11:44:09,089 [main] INFO  impl.PendingRequests (PendingRequests.java:sendNotLeaderResponses(202)) - 23446a0b-162d-43e0-a8ad-af938e24e577-PendingRequests: sendNotLeaderResponses
2019-09-25 11:44:09,090 [main] INFO  impl.StateMachineUpdater (StateMachineUpdater.java:stopAndJoin(125)) - 23446a0b-162d-43e0-a8ad-af938e24e577@group-3A6749B80F17-StateMachineUpdater: set stopIndex = 0
2019-09-25 11:44:09,090 [main] INFO  impl.RaftServerImpl (ServerState.java:close(385)) - 23446a0b-162d-43e0-a8ad-af938e24e577@group-3A6749B80F17: closes. applyIndex: 0
2019-09-25 11:44:09,091 [23446a0b-162d-43e0-a8ad-af938e24e577@group-3A6749B80F17-SegmentedRaftLogWorker] INFO  segmented.SegmentedRaftLogWorker (SegmentedRaftLogWorker.java:run(313)) - 23446a0b-162d-43e0-a8ad-af938e24e577@group-3A6749B80F17-SegmentedRaftLogWorker was interrupted, exiting. There are 0 tasks remaining in the queue.
2019-09-25 11:44:09,091 [main] INFO  segmented.SegmentedRaftLogWorker (SegmentedRaftLogWorker.java:close(228)) - 23446a0b-162d-43e0-a8ad-af938e24e577@group-3A6749B80F17-SegmentedRaftLogWorker close()
2019-09-25 11:44:09,092 [main] INFO  server.GrpcService (GrpcService.java:closeImpl(164)) - 23446a0b-162d-43e0-a8ad-af938e24e577: shutdown server with port 41601 now
2019-09-25 11:44:09,094 [main] INFO  server.GrpcService (GrpcService.java:closeImpl(172)) - 23446a0b-162d-43e0-a8ad-af938e24e577: shutdown server with port 41601 successfully
2019-09-25 11:44:09,101 [refreshUsed-/workdir/hadoop-ozone/integration-test/target/test-dir/MiniOzoneClusterImpl-a207e20c-42ee-4864-92cb-a931ccd2d47f/datanode-2/data/containers] WARN  fs.CachingGetSpaceUsed (CachingGetSpaceUsed.java:run(183)) - Thread Interrupted waiting to refresh disk information: sleep interrupted
2019-09-25 11:44:09,121 [main] INFO  utils.BackgroundService (BackgroundService.java:shutdown(148)) - Shutting down service BlockDeletingService
2019-09-25 11:44:09,123 [main] INFO  statemachine.DatanodeStateMachine (DatanodeStateMachine.java:stopDaemon(395)) - Ozone container server stopped.
2019-09-25 11:44:09,125 [main] INFO  handler.ContextHandler (ContextHandler.java:doStop(910)) - Stopped o.e.j.w.WebAppContext@fc807c1{/,null,UNAVAILABLE}{/hddsDatanode}
2019-09-25 11:44:09,126 [main] INFO  server.AbstractConnector (AbstractConnector.java:doStop(318)) - Stopped ServerConnector@296e281a{HTTP/1.1,[http/1.1]}{0.0.0.0:0}
2019-09-25 11:44:09,127 [main] INFO  handler.ContextHandler (ContextHandler.java:doStop(910)) - Stopped o.e.j.s.ServletContextHandler@4d95a72e{/static,jar:file:/home/user/.m2/repository/org/apache/hadoop/hadoop-hdds-container-service/0.5.0-SNAPSHOT/hadoop-hdds-container-service-0.5.0-SNAPSHOT.jar!/webapps/static,UNAVAILABLE}
2019-09-25 11:44:09,127 [main] INFO  handler.ContextHandler (ContextHandler.java:doStop(910)) - Stopped o.e.j.s.ServletContextHandler@44536de4{/logs,file:///workdir/hadoop-ozone/integration-test/target/log,UNAVAILABLE}
2019-09-25 11:44:09,128 [main] INFO  ozone.MiniOzoneClusterImpl (MiniOzoneClusterImpl.java:stopSCM(392)) - Stopping the StorageContainerManager
2019-09-25 11:44:09,129 [main] INFO  server.StorageContainerManager (StorageContainerManager.java:stop(808)) - Stopping Replication Manager Service.
2019-09-25 11:44:09,129 [main] INFO  container.ReplicationManager (ReplicationManager.java:stop(204)) - Stopping Replication Monitor Thread.
2019-09-25 11:44:09,129 [main] INFO  server.StorageContainerManager (StorageContainerManager.java:stop(815)) - Stopping Lease Manager of the command watchers
2019-09-25 11:44:09,129 [main] INFO  server.StorageContainerManager (StorageContainerManager.java:stop(822)) - Stopping datanode service RPC server
2019-09-25 11:44:09,129 [main] INFO  server.SCMDatanodeProtocolServer (SCMDatanodeProtocolServer.java:stop(367)) - Stopping the RPC server for DataNodes
2019-09-25 11:44:09,130 [main] INFO  ipc.Server (Server.java:stop(3082)) - Stopping server on 34851
2019-09-25 11:44:09,131 [IPC Server listener on 34851] INFO  ipc.Server (Server.java:run(1185)) - Stopping IPC Server listener on 34851
2019-09-25 11:44:09,132 [IPC Server Responder] INFO  ipc.Server (Server.java:run(1319)) - Stopping IPC Server Responder
2019-09-25 11:44:09,167 [SCM Heartbeat Processing Thread - 0] WARN  node.NodeStateManager (NodeStateManager.java:scheduleNextHealthCheck(655)) - Current Thread is interrupted, shutting down HB processing thread for Node Manager.
2019-09-25 11:44:09,168 [main] INFO  server.StorageContainerManager (StorageContainerManager.java:stop(830)) - Stopping block service RPC server
2019-09-25 11:44:09,168 [main] INFO  server.SCMBlockProtocolServer (SCMBlockProtocolServer.java:stop(155)) - Stopping the RPC server for Block Protocol
2019-09-25 11:44:09,169 [main] INFO  ipc.Server (Server.java:stop(3082)) - Stopping server on 43482
2019-09-25 11:44:09,170 [main] INFO  server.StorageContainerManager (StorageContainerManager.java:stop(837)) - Stopping the StorageContainerLocationProtocol RPC server
2019-09-25 11:44:09,171 [main] INFO  server.SCMClientProtocolServer (SCMClientProtocolServer.java:stop(159)) - Stopping the RPC server for Client Protocol
2019-09-25 11:44:09,171 [main] INFO  ipc.Server (Server.java:stop(3082)) - Stopping server on 42906
2019-09-25 11:44:09,171 [IPC Server Responder] INFO  ipc.Server (Server.java:run(1319)) - Stopping IPC Server Responder
2019-09-25 11:44:09,171 [IPC Server listener on 43482] INFO  ipc.Server (Server.java:run(1185)) - Stopping IPC Server listener on 43482
2019-09-25 11:44:09,175 [IPC Server listener on 42906] INFO  ipc.Server (Server.java:run(1185)) - Stopping IPC Server listener on 42906
2019-09-25 11:44:09,175 [main] INFO  server.StorageContainerManager (StorageContainerManager.java:stop(844)) - Stopping Storage Container Manager HTTP server.
2019-09-25 11:44:09,175 [IPC Server Responder] INFO  ipc.Server (Server.java:run(1319)) - Stopping IPC Server Responder
2019-09-25 11:44:09,177 [main] INFO  handler.ContextHandler (ContextHandler.java:doStop(910)) - Stopped o.e.j.w.WebAppContext@6928f576{/,null,UNAVAILABLE}{/scm}
2019-09-25 11:44:09,178 [main] INFO  server.AbstractConnector (AbstractConnector.java:doStop(318)) - Stopped ServerConnector@548e76f1{HTTP/1.1,[http/1.1]}{0.0.0.0:0}
2019-09-25 11:44:09,178 [main] INFO  handler.ContextHandler (ContextHandler.java:doStop(910)) - Stopped o.e.j.s.ServletContextHandler@3e821657{/static,file:///workdir/hadoop-ozone/integration-test/target/test-classes/webapps/static,UNAVAILABLE}
2019-09-25 11:44:09,179 [main] INFO  handler.ContextHandler (ContextHandler.java:doStop(910)) - Stopped o.e.j.s.ServletContextHandler@6b00f608{/logs,file:///workdir/hadoop-ozone/integration-test/target/log,UNAVAILABLE}
2019-09-25 11:44:09,180 [main] INFO  server.StorageContainerManager (StorageContainerManager.java:stop(855)) - Stopping Block Manager Service.
2019-09-25 11:44:09,180 [main] INFO  utils.BackgroundService (BackgroundService.java:shutdown(148)) - Shutting down service SCMBlockDeletingService
2019-09-25 11:44:09,181 [main] INFO  utils.BackgroundService (BackgroundService.java:shutdown(148)) - Shutting down service SCMBlockDeletingService
2019-09-25 11:44:09,182 [main] INFO  server.StorageContainerManager (StorageContainerManager.java:stop(877)) - Stopping SCM Event Queue.
2019-09-25 11:44:09,189 [main] INFO  impl.MetricsSystemImpl (MetricsSystemImpl.java:stop(210)) - Stopping ratis metrics system...
2019-09-25 11:44:09,200 [prometheus] INFO  impl.MetricsSinkAdapter (MetricsSinkAdapter.java:publishMetricsFromQueue(141)) - prometheus thread interrupted.
2019-09-25 11:44:09,200 [main] INFO  impl.MetricsSystemImpl (MetricsSystemImpl.java:stop(216)) - ratis metrics system stopped.
]]></system-out>
    <system-err><![CDATA[ERROR StatusLogger No Log4j 2 configuration file found. Using default configuration (logging only errors to the console), or user programmatically provided configurations. Set system property 'log4j2.debug' to show Log4j 2 internal initialization logging. See https://logging.apache.org/log4j/2.x/manual/configuration.html for instructions on how to configure Log4j 2
]]></system-err>
  </testcase>
  <testcase name="testPipelineCloseWithOpenContainer" classname="org.apache.hadoop.hdds.scm.pipeline.TestPipelineClose" time="22.325"/>
  <testcase name="testPipelineCloseWithClosedContainer" classname="org.apache.hadoop.hdds.scm.pipeline.TestPipelineClose" time="27.813"/>
  <testcase name="testPipelineCloseWithLogFailure" classname="org.apache.hadoop.hdds.scm.pipeline.TestPipelineClose" time="20.578">
    <error message="Could not allocate container. Cannot get any matching pipeline for Type:RATIS, Factor:THREE, State:PipelineState.OPEN" type="java.io.IOException">java.io.IOException: Could not allocate container. Cannot get any matching pipeline for Type:RATIS, Factor:THREE, State:PipelineState.OPEN
	at org.apache.hadoop.hdds.scm.container.ContainerStateManager.allocateContainer(ContainerStateManager.java:260)
	at org.apache.hadoop.hdds.scm.container.SCMContainerManager.allocateContainer(SCMContainerManager.java:247)
	at org.apache.hadoop.hdds.scm.pipeline.TestPipelineClose.init(TestPipelineClose.java:92)
	at sun.reflect.NativeMethodAccessorImpl.invoke0(Native Method)
	at sun.reflect.NativeMethodAccessorImpl.invoke(NativeMethodAccessorImpl.java:62)
	at sun.reflect.DelegatingMethodAccessorImpl.invoke(DelegatingMethodAccessorImpl.java:43)
	at java.lang.reflect.Method.invoke(Method.java:498)
	at org.junit.runners.model.FrameworkMethod$1.runReflectiveCall(FrameworkMethod.java:47)
	at org.junit.internal.runners.model.ReflectiveCallable.run(ReflectiveCallable.java:12)
	at org.junit.runners.model.FrameworkMethod.invokeExplosively(FrameworkMethod.java:44)
	at org.junit.internal.runners.statements.RunBefores.evaluate(RunBefores.java:24)
	at org.junit.internal.runners.statements.RunAfters.evaluate(RunAfters.java:27)
	at org.junit.runners.ParentRunner.runLeaf(ParentRunner.java:271)
	at org.junit.runners.BlockJUnit4ClassRunner.runChild(BlockJUnit4ClassRunner.java:70)
	at org.junit.runners.BlockJUnit4ClassRunner.runChild(BlockJUnit4ClassRunner.java:50)
	at org.junit.runners.ParentRunner$3.run(ParentRunner.java:238)
	at org.junit.runners.ParentRunner$1.schedule(ParentRunner.java:63)
	at org.junit.runners.ParentRunner.runChildren(ParentRunner.java:236)
	at org.junit.runners.ParentRunner.access$000(ParentRunner.java:53)
	at org.junit.runners.ParentRunner$2.evaluate(ParentRunner.java:229)
	at org.junit.runners.ParentRunner.run(ParentRunner.java:309)
	at org.apache.maven.surefire.junit4.JUnit4Provider.execute(JUnit4Provider.java:365)
	at org.apache.maven.surefire.junit4.JUnit4Provider.executeWithRerun(JUnit4Provider.java:273)
	at org.apache.maven.surefire.junit4.JUnit4Provider.executeTestSet(JUnit4Provider.java:238)
	at org.apache.maven.surefire.junit4.JUnit4Provider.invoke(JUnit4Provider.java:159)
	at org.apache.maven.surefire.booter.ForkedBooter.invokeProviderInSameClassLoader(ForkedBooter.java:384)
	at org.apache.maven.surefire.booter.ForkedBooter.runSuitesInProcess(ForkedBooter.java:345)
	at org.apache.maven.surefire.booter.ForkedBooter.execute(ForkedBooter.java:126)
	at org.apache.maven.surefire.booter.ForkedBooter.main(ForkedBooter.java:418)
</error>
    <system-out><![CDATA[2019-09-25 11:44:59,407 [main] WARN  server.ServerUtils (ServerUtils.java:getScmDbDir(145)) - ozone.scm.db.dirs is not configured. We recommend adding this setting. Falling back to ozone.metadata.dirs instead.
2019-09-25 11:45:03,053 [main] WARN  server.ServerUtils (ServerUtils.java:getScmDbDir(145)) - ozone.scm.db.dirs is not configured. We recommend adding this setting. Falling back to ozone.metadata.dirs instead.
2019-09-25 11:45:03,054 [main] WARN  server.ServerUtils (ServerUtils.java:getScmDbDir(145)) - ozone.scm.db.dirs is not configured. We recommend adding this setting. Falling back to ozone.metadata.dirs instead.
2019-09-25 11:45:03,055 [main] INFO  db.DBStoreBuilder (DBStoreBuilder.java:addTable(110)) - using custom profile for table: deletedBlocks
2019-09-25 11:45:03,055 [main] INFO  db.DBStoreBuilder (DBStoreBuilder.java:processTables(161)) - Using default column profile:DBProfile.DISK for Table:deletedBlocks
2019-09-25 11:45:03,055 [main] INFO  db.DBStoreBuilder (DBStoreBuilder.java:addTable(110)) - using custom profile for table: validCerts
2019-09-25 11:45:03,055 [main] INFO  db.DBStoreBuilder (DBStoreBuilder.java:processTables(161)) - Using default column profile:DBProfile.DISK for Table:validCerts
2019-09-25 11:45:03,056 [main] INFO  db.DBStoreBuilder (DBStoreBuilder.java:addTable(110)) - using custom profile for table: revokedCerts
2019-09-25 11:45:03,056 [main] INFO  db.DBStoreBuilder (DBStoreBuilder.java:processTables(161)) - Using default column profile:DBProfile.DISK for Table:revokedCerts
2019-09-25 11:45:03,056 [main] INFO  db.DBStoreBuilder (DBStoreBuilder.java:addTable(110)) - using custom profile for table: default
2019-09-25 11:45:03,057 [main] INFO  db.DBStoreBuilder (DBStoreBuilder.java:processTables(167)) - Using default column profile:DBProfile.DISK for Table:default
2019-09-25 11:45:03,057 [main] INFO  db.DBStoreBuilder (DBStoreBuilder.java:getDbProfile(198)) - Using default options. DBProfile.DISK
2019-09-25 11:45:03,682 [main] INFO  net.NodeSchemaLoader (NodeSchemaLoader.java:loadSchemaFromFile(125)) - Loading file from sun.misc.CompoundEnumeration@68a78f3c
2019-09-25 11:45:03,682 [main] INFO  net.NodeSchemaLoader (NodeSchemaLoader.java:loadSchema(171)) - Loading network topology layer schema file
2019-09-25 11:45:03,686 [main] WARN  server.ServerUtils (ServerUtils.java:sanitizeUserArgs(70)) - ozone.scm.stale.node.interval value = 300000 is larger than max = 100000 based on the key value of ozone.scm.heartbeat.thread.interval, reset to the max value 100000.
2019-09-25 11:45:03,686 [main] WARN  server.ServerUtils (ServerUtils.java:sanitizeUserArgs(70)) - ozone.scm.stale.node.interval value = 300000 is larger than max = 100000 based on the key value of ozone.scm.heartbeat.thread.interval, reset to the max value 100000.
2019-09-25 11:45:03,686 [main] INFO  node.SCMNodeManager (SCMNodeManager.java:<init>(114)) - Entering startup safe mode.
2019-09-25 11:45:03,687 [main] INFO  algorithms.ContainerPlacementPolicyFactory (ContainerPlacementPolicyFactory.java:getPolicy(59)) - Create container placement policy of type org.apache.hadoop.hdds.scm.container.placement.algorithms.SCMContainerPlacementRandom
2019-09-25 11:45:03,687 [main] WARN  server.ServerUtils (ServerUtils.java:getScmDbDir(145)) - ozone.scm.db.dirs is not configured. We recommend adding this setting. Falling back to ozone.metadata.dirs instead.
2019-09-25 11:45:03,736 [main] INFO  pipeline.SCMPipelineManager (SCMPipelineManager.java:initializePipelineState(132)) - No pipeline exists in current db
2019-09-25 11:45:03,736 [main] WARN  server.ServerUtils (ServerUtils.java:getScmDbDir(145)) - ozone.scm.db.dirs is not configured. We recommend adding this setting. Falling back to ozone.metadata.dirs instead.
2019-09-25 11:45:03,791 [main] WARN  events.EventQueue (EventQueue.java:fireEvent(183)) - No event handler registered for event TypedEvent{payloadType=SafeModeStatus, name='SafeModeStatus'}
2019-09-25 11:45:03,792 [main] INFO  ipc.CallQueueManager (CallQueueManager.java:<init>(84)) - Using callQueue: class java.util.concurrent.LinkedBlockingQueue, queueCapacity: 2000, scheduler: class org.apache.hadoop.ipc.DefaultRpcScheduler, ipcBackoff: false.
2019-09-25 11:45:03,793 [Socket Reader #1 for port 41855] INFO  ipc.Server (Server.java:run(1074)) - Starting Socket Reader #1 for port 41855
2019-09-25 11:45:03,794 [main] INFO  ipc.CallQueueManager (CallQueueManager.java:<init>(84)) - Using callQueue: class java.util.concurrent.LinkedBlockingQueue, queueCapacity: 2000, scheduler: class org.apache.hadoop.ipc.DefaultRpcScheduler, ipcBackoff: false.
2019-09-25 11:45:03,795 [Socket Reader #1 for port 45473] INFO  ipc.Server (Server.java:run(1074)) - Starting Socket Reader #1 for port 45473
2019-09-25 11:45:03,796 [main] INFO  ipc.CallQueueManager (CallQueueManager.java:<init>(84)) - Using callQueue: class java.util.concurrent.LinkedBlockingQueue, queueCapacity: 2000, scheduler: class org.apache.hadoop.ipc.DefaultRpcScheduler, ipcBackoff: false.
2019-09-25 11:45:03,797 [Socket Reader #1 for port 35009] INFO  ipc.Server (Server.java:run(1074)) - Starting Socket Reader #1 for port 35009
2019-09-25 11:45:03,799 [main] INFO  hdfs.DFSUtil (DFSUtil.java:httpServerTemplateForNNAndJN(1641)) - Starting Web-server for scm at: http://0.0.0.0:0
2019-09-25 11:45:03,802 [main] INFO  server.AuthenticationFilter (AuthenticationFilter.java:constructSecretProvider(240)) - Unable to initialize FileSignerSecretProvider, falling back to use random secrets.
2019-09-25 11:45:03,803 [main] WARN  http.HttpRequestLog (HttpRequestLog.java:getRequestLog(97)) - Jetty request log can only be enabled using Log4j
2019-09-25 11:45:03,806 [main] INFO  http.HttpServer2 (HttpServer2.java:addGlobalFilter(975)) - Added global filter 'safety' (class=org.apache.hadoop.http.HttpServer2$QuotingInputFilter)
2019-09-25 11:45:03,807 [main] INFO  http.HttpServer2 (HttpServer2.java:addFilter(948)) - Added filter static_user_filter (class=org.apache.hadoop.http.lib.StaticUserWebFilter$StaticUserFilter) to context scm
2019-09-25 11:45:03,808 [main] INFO  http.HttpServer2 (HttpServer2.java:addFilter(958)) - Added filter static_user_filter (class=org.apache.hadoop.http.lib.StaticUserWebFilter$StaticUserFilter) to context static
2019-09-25 11:45:03,808 [main] INFO  http.HttpServer2 (HttpServer2.java:addFilter(958)) - Added filter static_user_filter (class=org.apache.hadoop.http.lib.StaticUserWebFilter$StaticUserFilter) to context logs
2019-09-25 11:45:03,812 [main] INFO  server.StorageContainerManager (StorageContainerManager.java:start(770)) - StorageContainerLocationProtocol RPC server is listening at /0.0.0.0:35009
2019-09-25 11:45:03,815 [main] WARN  impl.MetricsConfig (MetricsConfig.java:loadFirst(134)) - Cannot locate configuration: tried hadoop-metrics2-storagecontainermanager.properties,hadoop-metrics2.properties
2019-09-25 11:45:03,816 [main] INFO  impl.MetricsSystemImpl (MetricsSystemImpl.java:startTimer(374)) - Scheduled Metric snapshot period at 10 second(s).
2019-09-25 11:45:03,816 [main] INFO  impl.MetricsSystemImpl (MetricsSystemImpl.java:start(191)) - StorageContainerManager metrics system started
2019-09-25 11:45:03,858 [main] WARN  impl.MetricsSystemImpl (MetricsSystemImpl.java:register(276)) - Sink prometheus already exists!
2019-09-25 11:45:03,907 [main] INFO  server.SCMClientProtocolServer (SCMClientProtocolServer.java:start(151)) - RPC server for Client  is listening at /0.0.0.0:35009
2019-09-25 11:45:03,907 [IPC Server Responder] INFO  ipc.Server (Server.java:run(1314)) - IPC Server Responder: starting
2019-09-25 11:45:03,908 [IPC Server listener on 35009] INFO  ipc.Server (Server.java:run(1153)) - IPC Server listener on 35009: starting
2019-09-25 11:45:03,913 [main] INFO  server.StorageContainerManager (StorageContainerManager.java:start(780)) - ScmBlockLocationProtocol RPC server is listening at /0.0.0.0:45473
2019-09-25 11:45:03,913 [main] INFO  server.SCMBlockProtocolServer (SCMBlockProtocolServer.java:start(146)) - RPC server for Block Protocol is listening at /0.0.0.0:45473
2019-09-25 11:45:03,914 [IPC Server Responder] INFO  ipc.Server (Server.java:run(1314)) - IPC Server Responder: starting
2019-09-25 11:45:03,914 [IPC Server listener on 45473] INFO  ipc.Server (Server.java:run(1153)) - IPC Server listener on 45473: starting
2019-09-25 11:45:03,919 [main] INFO  server.StorageContainerManager (StorageContainerManager.java:start(784)) - ScmDatanodeProtocl RPC server is listening at /0.0.0.0:41855
2019-09-25 11:45:03,919 [main] INFO  server.SCMDatanodeProtocolServer (SCMDatanodeProtocolServer.java:start(191)) - RPC server for DataNodes is listening at /0.0.0.0:41855
2019-09-25 11:45:03,920 [IPC Server Responder] INFO  ipc.Server (Server.java:run(1314)) - IPC Server Responder: starting
2019-09-25 11:45:03,920 [IPC Server listener on 41855] INFO  ipc.Server (Server.java:run(1153)) - IPC Server listener on 41855: starting
2019-09-25 11:45:03,924 [main] INFO  http.HttpServer2 (HttpServer2.java:bindListener(1191)) - Jetty bound to port 35540
2019-09-25 11:45:03,924 [main] INFO  server.Server (Server.java:doStart(351)) - jetty-9.3.25.v20180904, build timestamp: 2018-09-04T21:11:46Z, git hash: 3ce520221d0240229c862b122d2b06c12a625732
2019-09-25 11:45:03,929 [main] INFO  handler.ContextHandler (ContextHandler.java:doStart(781)) - Started o.e.j.s.ServletContextHandler@33feb805{/logs,file:///workdir/hadoop-ozone/integration-test/target/log,AVAILABLE}
2019-09-25 11:45:03,929 [main] INFO  handler.ContextHandler (ContextHandler.java:doStart(781)) - Started o.e.j.s.ServletContextHandler@48eb001a{/static,file:///workdir/hadoop-ozone/integration-test/target/test-classes/webapps/static,AVAILABLE}
2019-09-25 11:45:03,937 [main] INFO  handler.ContextHandler (ContextHandler.java:doStart(781)) - Started o.e.j.w.WebAppContext@cb39552{/,file:///workdir/hadoop-ozone/integration-test/target/test-classes/webapps/scm/,AVAILABLE}{/scm}
2019-09-25 11:45:03,938 [main] INFO  server.AbstractConnector (AbstractConnector.java:doStart(278)) - Started ServerConnector@1f3b992{HTTP/1.1,[http/1.1]}{0.0.0.0:35540}
2019-09-25 11:45:03,939 [main] INFO  server.Server (Server.java:doStart(419)) - Started @84072ms
2019-09-25 11:45:03,939 [main] WARN  impl.MetricsSystemImpl (MetricsSystemImpl.java:register(276)) - Sink prometheus already exists!
2019-09-25 11:45:03,940 [main] INFO  server.BaseHttpServer (BaseHttpServer.java:updateConnectorAddress(215)) - HTTP server of SCM is listening at http://0.0.0.0:35540
2019-09-25 11:45:03,940 [main] WARN  server.ServerUtils (ServerUtils.java:getDBPath(222)) - ozone.om.db.dirs is not configured. We recommend adding this setting. Falling back to ozone.metadata.dirs instead.
2019-09-25 11:45:03,941 [org.apache.hadoop.util.JvmPauseMonitor$Monitor@6b63e6ad] INFO  util.JvmPauseMonitor (JvmPauseMonitor.java:run(188)) - Starting JVM pause monitor
2019-09-25 11:45:03,948 [main] WARN  server.ServerUtils (ServerUtils.java:getDBPath(222)) - ozone.om.db.dirs is not configured. We recommend adding this setting. Falling back to ozone.metadata.dirs instead.
2019-09-25 11:45:03,949 [main] WARN  server.ServerUtils (ServerUtils.java:getDBPath(222)) - ozone.om.db.dirs is not configured. We recommend adding this setting. Falling back to ozone.metadata.dirs instead.
2019-09-25 11:45:03,949 [main] INFO  om.OzoneManager (OzoneManager.java:setOMNodeDetails(652)) - OM Service ID is not set. Setting it to the default ID: omServiceIdDefault
2019-09-25 11:45:03,949 [main] INFO  om.OzoneManager (OzoneManager.java:setOMNodeDetails(658)) - OM Node ID is not set. Setting it to the OmStorage's OmID: 1d39f571-4c0c-4f0f-a087-868a40cf99dd
2019-09-25 11:45:03,949 [main] INFO  om.OzoneManager (OzoneManager.java:loadOMHAConfigs(609)) - Found matching OM address with OMServiceId: null, OMNodeId: null, RPC Address: localhost:0 and Ratis port: 9872
2019-09-25 11:45:03,956 [main] WARN  server.ServerUtils (ServerUtils.java:getDBPath(222)) - ozone.om.db.dirs is not configured. We recommend adding this setting. Falling back to ozone.metadata.dirs instead.
2019-09-25 11:45:03,956 [main] INFO  db.DBStoreBuilder (DBStoreBuilder.java:addTable(110)) - using custom profile for table: userTable
2019-09-25 11:45:03,956 [main] INFO  db.DBStoreBuilder (DBStoreBuilder.java:processTables(161)) - Using default column profile:DBProfile.DISK for Table:userTable
2019-09-25 11:45:03,956 [main] INFO  db.DBStoreBuilder (DBStoreBuilder.java:addTable(110)) - using custom profile for table: volumeTable
2019-09-25 11:45:03,956 [main] INFO  db.DBStoreBuilder (DBStoreBuilder.java:processTables(161)) - Using default column profile:DBProfile.DISK for Table:volumeTable
2019-09-25 11:45:03,957 [main] INFO  db.DBStoreBuilder (DBStoreBuilder.java:addTable(110)) - using custom profile for table: bucketTable
2019-09-25 11:45:03,957 [main] INFO  db.DBStoreBuilder (DBStoreBuilder.java:processTables(161)) - Using default column profile:DBProfile.DISK for Table:bucketTable
2019-09-25 11:45:03,957 [main] INFO  db.DBStoreBuilder (DBStoreBuilder.java:addTable(110)) - using custom profile for table: keyTable
2019-09-25 11:45:03,957 [main] INFO  db.DBStoreBuilder (DBStoreBuilder.java:processTables(161)) - Using default column profile:DBProfile.DISK for Table:keyTable
2019-09-25 11:45:03,957 [main] INFO  db.DBStoreBuilder (DBStoreBuilder.java:addTable(110)) - using custom profile for table: deletedTable
2019-09-25 11:45:03,958 [main] INFO  db.DBStoreBuilder (DBStoreBuilder.java:processTables(161)) - Using default column profile:DBProfile.DISK for Table:deletedTable
2019-09-25 11:45:03,958 [main] INFO  db.DBStoreBuilder (DBStoreBuilder.java:addTable(110)) - using custom profile for table: openKeyTable
2019-09-25 11:45:03,958 [main] INFO  db.DBStoreBuilder (DBStoreBuilder.java:processTables(161)) - Using default column profile:DBProfile.DISK for Table:openKeyTable
2019-09-25 11:45:03,958 [main] INFO  db.DBStoreBuilder (DBStoreBuilder.java:addTable(110)) - using custom profile for table: s3Table
2019-09-25 11:45:03,958 [main] INFO  db.DBStoreBuilder (DBStoreBuilder.java:processTables(161)) - Using default column profile:DBProfile.DISK for Table:s3Table
2019-09-25 11:45:03,959 [main] INFO  db.DBStoreBuilder (DBStoreBuilder.java:addTable(110)) - using custom profile for table: multipartInfoTable
2019-09-25 11:45:03,959 [main] INFO  db.DBStoreBuilder (DBStoreBuilder.java:processTables(161)) - Using default column profile:DBProfile.DISK for Table:multipartInfoTable
2019-09-25 11:45:03,959 [main] INFO  db.DBStoreBuilder (DBStoreBuilder.java:addTable(110)) - using custom profile for table: dTokenTable
2019-09-25 11:45:03,959 [main] INFO  db.DBStoreBuilder (DBStoreBuilder.java:processTables(161)) - Using default column profile:DBProfile.DISK for Table:dTokenTable
2019-09-25 11:45:03,959 [main] INFO  db.DBStoreBuilder (DBStoreBuilder.java:addTable(110)) - using custom profile for table: s3SecretTable
2019-09-25 11:45:03,960 [main] INFO  db.DBStoreBuilder (DBStoreBuilder.java:processTables(161)) - Using default column profile:DBProfile.DISK for Table:s3SecretTable
2019-09-25 11:45:03,960 [main] INFO  db.DBStoreBuilder (DBStoreBuilder.java:addTable(110)) - using custom profile for table: prefixTable
2019-09-25 11:45:03,960 [main] INFO  db.DBStoreBuilder (DBStoreBuilder.java:processTables(161)) - Using default column profile:DBProfile.DISK for Table:prefixTable
2019-09-25 11:45:03,960 [main] INFO  db.DBStoreBuilder (DBStoreBuilder.java:addTable(110)) - using custom profile for table: default
2019-09-25 11:45:03,960 [main] INFO  db.DBStoreBuilder (DBStoreBuilder.java:processTables(167)) - Using default column profile:DBProfile.DISK for Table:default
2019-09-25 11:45:03,961 [main] INFO  db.DBStoreBuilder (DBStoreBuilder.java:getDbProfile(198)) - Using default options. DBProfile.DISK
2019-09-25 11:45:04,418 [main] INFO  ipc.CallQueueManager (CallQueueManager.java:<init>(84)) - Using callQueue: class java.util.concurrent.LinkedBlockingQueue, queueCapacity: 2000, scheduler: class org.apache.hadoop.ipc.DefaultRpcScheduler, ipcBackoff: false.
2019-09-25 11:45:04,419 [Socket Reader #1 for port 34914] INFO  ipc.Server (Server.java:run(1074)) - Starting Socket Reader #1 for port 34914
2019-09-25 11:45:04,432 [main] INFO  om.OzoneManager (OzoneManager.java:start(1243)) - OzoneManager RPC server is listening at localhost/127.0.0.1:34914
2019-09-25 11:45:04,432 [main] INFO  impl.MetricsSystemImpl (MetricsSystemImpl.java:init(158)) - OzoneManager metrics system started (again)
2019-09-25 11:45:04,433 [IPC Server Responder] INFO  ipc.Server (Server.java:run(1314)) - IPC Server Responder: starting
2019-09-25 11:45:04,433 [IPC Server listener on 34914] INFO  ipc.Server (Server.java:run(1153)) - IPC Server listener on 34914: starting
2019-09-25 11:45:04,438 [main] INFO  hdfs.DFSUtil (DFSUtil.java:httpServerTemplateForNNAndJN(1641)) - Starting Web-server for ozoneManager at: http://0.0.0.0:0
2019-09-25 11:45:04,440 [main] INFO  server.AuthenticationFilter (AuthenticationFilter.java:constructSecretProvider(240)) - Unable to initialize FileSignerSecretProvider, falling back to use random secrets.
2019-09-25 11:45:04,441 [main] WARN  http.HttpRequestLog (HttpRequestLog.java:getRequestLog(97)) - Jetty request log can only be enabled using Log4j
2019-09-25 11:45:04,443 [main] INFO  http.HttpServer2 (HttpServer2.java:addGlobalFilter(975)) - Added global filter 'safety' (class=org.apache.hadoop.http.HttpServer2$QuotingInputFilter)
2019-09-25 11:45:04,444 [main] INFO  http.HttpServer2 (HttpServer2.java:addFilter(948)) - Added filter static_user_filter (class=org.apache.hadoop.http.lib.StaticUserWebFilter$StaticUserFilter) to context ozoneManager
2019-09-25 11:45:04,444 [main] INFO  http.HttpServer2 (HttpServer2.java:addFilter(958)) - Added filter static_user_filter (class=org.apache.hadoop.http.lib.StaticUserWebFilter$StaticUserFilter) to context static
2019-09-25 11:45:04,444 [main] INFO  http.HttpServer2 (HttpServer2.java:addFilter(958)) - Added filter static_user_filter (class=org.apache.hadoop.http.lib.StaticUserWebFilter$StaticUserFilter) to context logs
2019-09-25 11:45:04,445 [main] INFO  http.HttpServer2 (HttpServer2.java:bindListener(1191)) - Jetty bound to port 35669
2019-09-25 11:45:04,446 [main] INFO  server.Server (Server.java:doStart(351)) - jetty-9.3.25.v20180904, build timestamp: 2018-09-04T21:11:46Z, git hash: 3ce520221d0240229c862b122d2b06c12a625732
2019-09-25 11:45:04,448 [main] INFO  handler.ContextHandler (ContextHandler.java:doStart(781)) - Started o.e.j.s.ServletContextHandler@697173d9{/logs,file:///workdir/hadoop-ozone/integration-test/target/log,AVAILABLE}
2019-09-25 11:45:04,449 [main] INFO  handler.ContextHandler (ContextHandler.java:doStart(781)) - Started o.e.j.s.ServletContextHandler@3d90eeb3{/static,file:///workdir/hadoop-ozone/integration-test/target/test-classes/webapps/static,AVAILABLE}
2019-09-25 11:45:04,454 [main] INFO  handler.ContextHandler (ContextHandler.java:doStart(781)) - Started o.e.j.w.WebAppContext@71b639d0{/,file:///workdir/hadoop-ozone/integration-test/target/test-classes/webapps/ozoneManager/,AVAILABLE}{/ozoneManager}
2019-09-25 11:45:04,455 [main] INFO  server.AbstractConnector (AbstractConnector.java:doStart(278)) - Started ServerConnector@18a25bbd{HTTP/1.1,[http/1.1]}{0.0.0.0:35669}
2019-09-25 11:45:04,456 [main] INFO  server.Server (Server.java:doStart(419)) - Started @84589ms
2019-09-25 11:45:04,456 [main] WARN  impl.MetricsSystemImpl (MetricsSystemImpl.java:register(276)) - Sink prometheus already exists!
2019-09-25 11:45:04,457 [main] INFO  server.BaseHttpServer (BaseHttpServer.java:updateConnectorAddress(215)) - HTTP server of OZONEMANAGER is listening at http://0.0.0.0:35669
2019-09-25 11:45:04,467 [main] INFO  impl.MetricsSystemImpl (MetricsSystemImpl.java:init(158)) - HddsDatanode metrics system started (again)
2019-09-25 11:45:04,470 [main] INFO  ozone.HddsDatanodeService (HddsDatanodeService.java:start(184)) - HddsDatanodeService host:pr-hdds-1569-5gmkr-4255264070 ip:192.168.30.6
2019-09-25 11:45:04,476 [main] INFO  volume.HddsVolume (HddsVolume.java:<init>(176)) - Creating Volume: /workdir/hadoop-ozone/integration-test/target/test-dir/MiniOzoneClusterImpl-99ecd979-b3b3-4b08-8770-c9a2ea2db525/datanode-0/data/containers/hdds of  storage type : DISK and capacity : 1482555576320
2019-09-25 11:45:04,477 [main] INFO  volume.VolumeSet (VolumeSet.java:initializeVolumeSet(170)) - Added Volume : /workdir/hadoop-ozone/integration-test/target/test-dir/MiniOzoneClusterImpl-99ecd979-b3b3-4b08-8770-c9a2ea2db525/datanode-0/data/containers/hdds to VolumeSet
2019-09-25 11:45:04,477 [main] INFO  volume.ThrottledAsyncChecker (ThrottledAsyncChecker.java:schedule(139)) - Scheduling a check for org.apache.hadoop.ozone.container.common.volume.HddsVolume@1eff3cfb
2019-09-25 11:45:04,478 [main] INFO  volume.HddsVolumeChecker (HddsVolumeChecker.java:checkAllVolumes(202)) - Scheduled health check for volume org.apache.hadoop.ozone.container.common.volume.HddsVolume@1eff3cfb
2019-09-25 11:45:04,496 [main] INFO  impl.RaftServerProxy (ConfUtils.java:logGet(43)) - raft.rpc.type = GRPC (default)
2019-09-25 11:45:04,496 [main] INFO  grpc.GrpcFactory (GrpcFactory.java:checkPooledByteBufAllocatorUseCacheForAllThreads(45)) - PERFORMANCE WARNING: useCacheForAllThreads is true that may cause Netty to create a lot garbage objects and, as a result, trigger GC.
	It is recommended to disable useCacheForAllThreads by setting -Dorg.apache.ratis.thirdparty.io.netty.allocator.useCacheForAllThreads=false in command line.
2019-09-25 11:45:04,497 [main] INFO  grpc.GrpcConfigKeys$Server (ConfUtils.java:logGet(43)) - raft.grpc.server.port = 0 (default)
2019-09-25 11:45:04,497 [main] INFO  server.GrpcService (ConfUtils.java:logGet(43)) - raft.grpc.message.size.max = 33570816 (custom)
2019-09-25 11:45:04,497 [main] INFO  server.RaftServerConfigKeys (ConfUtils.java:logGet(43)) - raft.server.log.appender.buffer.byte-limit = 33554432 (custom)
2019-09-25 11:45:04,497 [main] INFO  server.GrpcService (ConfUtils.java:logGet(43)) - raft.grpc.flow.control.window = 1MB (=1048576) (default)
2019-09-25 11:45:04,497 [main] INFO  server.RaftServerConfigKeys (ConfUtils.java:logGet(43)) - raft.server.rpc.request.timeout = 3000ms (default)
2019-09-25 11:45:04,498 [main] INFO  server.RaftServerConfigKeys (ConfUtils.java:logGet(43)) - raft.server.storage.dir = [/workdir/hadoop-ozone/integration-test/target/test-dir/MiniOzoneClusterImpl-99ecd979-b3b3-4b08-8770-c9a2ea2db525/datanode-0/data/ratis] (custom)
2019-09-25 11:45:04,500 [main] INFO  hdfs.DFSUtil (DFSUtil.java:httpServerTemplateForNNAndJN(1641)) - Starting Web-server for hddsDatanode at: http://0.0.0.0:0
2019-09-25 11:45:04,501 [main] INFO  server.AuthenticationFilter (AuthenticationFilter.java:constructSecretProvider(240)) - Unable to initialize FileSignerSecretProvider, falling back to use random secrets.
2019-09-25 11:45:04,502 [main] WARN  http.HttpRequestLog (HttpRequestLog.java:getRequestLog(97)) - Jetty request log can only be enabled using Log4j
2019-09-25 11:45:04,503 [main] INFO  http.HttpServer2 (HttpServer2.java:addGlobalFilter(975)) - Added global filter 'safety' (class=org.apache.hadoop.http.HttpServer2$QuotingInputFilter)
2019-09-25 11:45:04,504 [main] INFO  http.HttpServer2 (HttpServer2.java:addFilter(948)) - Added filter static_user_filter (class=org.apache.hadoop.http.lib.StaticUserWebFilter$StaticUserFilter) to context hddsDatanode
2019-09-25 11:45:04,505 [main] INFO  http.HttpServer2 (HttpServer2.java:addFilter(958)) - Added filter static_user_filter (class=org.apache.hadoop.http.lib.StaticUserWebFilter$StaticUserFilter) to context static
2019-09-25 11:45:04,505 [main] INFO  http.HttpServer2 (HttpServer2.java:addFilter(958)) - Added filter static_user_filter (class=org.apache.hadoop.http.lib.StaticUserWebFilter$StaticUserFilter) to context logs
2019-09-25 11:45:04,505 [main] INFO  http.HttpServer2 (HttpServer2.java:bindListener(1191)) - Jetty bound to port 44971
2019-09-25 11:45:04,506 [main] INFO  server.Server (Server.java:doStart(351)) - jetty-9.3.25.v20180904, build timestamp: 2018-09-04T21:11:46Z, git hash: 3ce520221d0240229c862b122d2b06c12a625732
2019-09-25 11:45:04,507 [main] INFO  handler.ContextHandler (ContextHandler.java:doStart(781)) - Started o.e.j.s.ServletContextHandler@338766de{/logs,file:///workdir/hadoop-ozone/integration-test/target/log,AVAILABLE}
2019-09-25 11:45:04,508 [main] INFO  handler.ContextHandler (ContextHandler.java:doStart(781)) - Started o.e.j.s.ServletContextHandler@4976085{/static,jar:file:/home/user/.m2/repository/org/apache/hadoop/hadoop-hdds-container-service/0.5.0-SNAPSHOT/hadoop-hdds-container-service-0.5.0-SNAPSHOT.jar!/webapps/static,AVAILABLE}
2019-09-25 11:45:04,537 [main] INFO  handler.ContextHandler (ContextHandler.java:doStart(781)) - Started o.e.j.w.WebAppContext@101a461c{/,file:///tmp/jetty-0.0.0.0-44971-hddsDatanode-_-any-8801259736309925992.dir/webapp/,AVAILABLE}{/hddsDatanode}
2019-09-25 11:45:04,537 [main] INFO  server.AbstractConnector (AbstractConnector.java:doStart(278)) - Started ServerConnector@360e9c06{HTTP/1.1,[http/1.1]}{0.0.0.0:44971}
2019-09-25 11:45:04,539 [main] INFO  server.Server (Server.java:doStart(419)) - Started @84672ms
2019-09-25 11:45:04,539 [main] WARN  impl.MetricsSystemImpl (MetricsSystemImpl.java:register(276)) - Sink prometheus already exists!
2019-09-25 11:45:04,539 [main] INFO  server.BaseHttpServer (BaseHttpServer.java:updateConnectorAddress(215)) - HTTP server of HDDSDATANODE is listening at http://0.0.0.0:44971
2019-09-25 11:45:04,540 [main] INFO  impl.MetricsSystemImpl (MetricsSystemImpl.java:init(158)) - HddsDatanode metrics system started (again)
2019-09-25 11:45:04,542 [org.apache.hadoop.util.JvmPauseMonitor$Monitor@4a188309] INFO  util.JvmPauseMonitor (JvmPauseMonitor.java:run(188)) - Starting JVM pause monitor
2019-09-25 11:45:04,543 [main] INFO  ozone.HddsDatanodeService (HddsDatanodeService.java:start(184)) - HddsDatanodeService host:pr-hdds-1569-5gmkr-4255264070 ip:192.168.30.6
2019-09-25 11:45:04,544 [Datanode State Machine Thread - 0] INFO  datanode.InitDatanodeState (InitDatanodeState.java:persistContainerDatanodeDetails(140)) - DatanodeDetails is persisted to /workdir/hadoop-ozone/integration-test/target/test-dir/MiniOzoneClusterImpl-99ecd979-b3b3-4b08-8770-c9a2ea2db525/datanode-0/meta/datanode.id
2019-09-25 11:45:04,549 [main] INFO  volume.HddsVolume (HddsVolume.java:<init>(176)) - Creating Volume: /workdir/hadoop-ozone/integration-test/target/test-dir/MiniOzoneClusterImpl-99ecd979-b3b3-4b08-8770-c9a2ea2db525/datanode-1/data/containers/hdds of  storage type : DISK and capacity : 1482555576320
2019-09-25 11:45:04,549 [main] INFO  volume.VolumeSet (VolumeSet.java:initializeVolumeSet(170)) - Added Volume : /workdir/hadoop-ozone/integration-test/target/test-dir/MiniOzoneClusterImpl-99ecd979-b3b3-4b08-8770-c9a2ea2db525/datanode-1/data/containers/hdds to VolumeSet
2019-09-25 11:45:04,549 [main] INFO  volume.ThrottledAsyncChecker (ThrottledAsyncChecker.java:schedule(139)) - Scheduling a check for org.apache.hadoop.ozone.container.common.volume.HddsVolume@49fa1d74
2019-09-25 11:45:04,550 [main] INFO  volume.HddsVolumeChecker (HddsVolumeChecker.java:checkAllVolumes(202)) - Scheduled health check for volume org.apache.hadoop.ozone.container.common.volume.HddsVolume@49fa1d74
2019-09-25 11:45:04,566 [main] INFO  impl.RaftServerProxy (ConfUtils.java:logGet(43)) - raft.rpc.type = GRPC (default)
2019-09-25 11:45:04,566 [main] INFO  grpc.GrpcFactory (GrpcFactory.java:checkPooledByteBufAllocatorUseCacheForAllThreads(45)) - PERFORMANCE WARNING: useCacheForAllThreads is true that may cause Netty to create a lot garbage objects and, as a result, trigger GC.
	It is recommended to disable useCacheForAllThreads by setting -Dorg.apache.ratis.thirdparty.io.netty.allocator.useCacheForAllThreads=false in command line.
2019-09-25 11:45:04,566 [main] INFO  grpc.GrpcConfigKeys$Server (ConfUtils.java:logGet(43)) - raft.grpc.server.port = 0 (default)
2019-09-25 11:45:04,567 [main] INFO  server.GrpcService (ConfUtils.java:logGet(43)) - raft.grpc.message.size.max = 33570816 (custom)
2019-09-25 11:45:04,567 [main] INFO  server.RaftServerConfigKeys (ConfUtils.java:logGet(43)) - raft.server.log.appender.buffer.byte-limit = 33554432 (custom)
2019-09-25 11:45:04,567 [main] INFO  server.GrpcService (ConfUtils.java:logGet(43)) - raft.grpc.flow.control.window = 1MB (=1048576) (default)
2019-09-25 11:45:04,567 [main] INFO  server.RaftServerConfigKeys (ConfUtils.java:logGet(43)) - raft.server.rpc.request.timeout = 3000ms (default)
2019-09-25 11:45:04,568 [main] INFO  server.RaftServerConfigKeys (ConfUtils.java:logGet(43)) - raft.server.storage.dir = [/workdir/hadoop-ozone/integration-test/target/test-dir/MiniOzoneClusterImpl-99ecd979-b3b3-4b08-8770-c9a2ea2db525/datanode-1/data/ratis] (custom)
2019-09-25 11:45:04,569 [main] INFO  hdfs.DFSUtil (DFSUtil.java:httpServerTemplateForNNAndJN(1641)) - Starting Web-server for hddsDatanode at: http://0.0.0.0:0
2019-09-25 11:45:04,571 [main] INFO  server.AuthenticationFilter (AuthenticationFilter.java:constructSecretProvider(240)) - Unable to initialize FileSignerSecretProvider, falling back to use random secrets.
2019-09-25 11:45:04,571 [main] WARN  http.HttpRequestLog (HttpRequestLog.java:getRequestLog(97)) - Jetty request log can only be enabled using Log4j
2019-09-25 11:45:04,573 [main] INFO  http.HttpServer2 (HttpServer2.java:addGlobalFilter(975)) - Added global filter 'safety' (class=org.apache.hadoop.http.HttpServer2$QuotingInputFilter)
2019-09-25 11:45:04,574 [main] INFO  http.HttpServer2 (HttpServer2.java:addFilter(948)) - Added filter static_user_filter (class=org.apache.hadoop.http.lib.StaticUserWebFilter$StaticUserFilter) to context hddsDatanode
2019-09-25 11:45:04,574 [main] INFO  http.HttpServer2 (HttpServer2.java:addFilter(958)) - Added filter static_user_filter (class=org.apache.hadoop.http.lib.StaticUserWebFilter$StaticUserFilter) to context logs
2019-09-25 11:45:04,574 [main] INFO  http.HttpServer2 (HttpServer2.java:addFilter(958)) - Added filter static_user_filter (class=org.apache.hadoop.http.lib.StaticUserWebFilter$StaticUserFilter) to context static
2019-09-25 11:45:04,575 [main] INFO  http.HttpServer2 (HttpServer2.java:bindListener(1191)) - Jetty bound to port 46182
2019-09-25 11:45:04,575 [main] INFO  server.Server (Server.java:doStart(351)) - jetty-9.3.25.v20180904, build timestamp: 2018-09-04T21:11:46Z, git hash: 3ce520221d0240229c862b122d2b06c12a625732
2019-09-25 11:45:04,577 [main] INFO  handler.ContextHandler (ContextHandler.java:doStart(781)) - Started o.e.j.s.ServletContextHandler@2e7157c7{/logs,file:///workdir/hadoop-ozone/integration-test/target/log,AVAILABLE}
2019-09-25 11:45:04,577 [main] INFO  handler.ContextHandler (ContextHandler.java:doStart(781)) - Started o.e.j.s.ServletContextHandler@22d9bc14{/static,jar:file:/home/user/.m2/repository/org/apache/hadoop/hadoop-hdds-container-service/0.5.0-SNAPSHOT/hadoop-hdds-container-service-0.5.0-SNAPSHOT.jar!/webapps/static,AVAILABLE}
2019-09-25 11:45:04,606 [main] INFO  handler.ContextHandler (ContextHandler.java:doStart(781)) - Started o.e.j.w.WebAppContext@49cb1baf{/,file:///tmp/jetty-0.0.0.0-46182-hddsDatanode-_-any-9149804192555397452.dir/webapp/,AVAILABLE}{/hddsDatanode}
2019-09-25 11:45:04,607 [main] INFO  server.AbstractConnector (AbstractConnector.java:doStart(278)) - Started ServerConnector@3664f108{HTTP/1.1,[http/1.1]}{0.0.0.0:46182}
2019-09-25 11:45:04,608 [main] INFO  server.Server (Server.java:doStart(419)) - Started @84741ms
2019-09-25 11:45:04,608 [main] WARN  impl.MetricsSystemImpl (MetricsSystemImpl.java:register(276)) - Sink prometheus already exists!
2019-09-25 11:45:04,609 [main] INFO  server.BaseHttpServer (BaseHttpServer.java:updateConnectorAddress(215)) - HTTP server of HDDSDATANODE is listening at http://0.0.0.0:46182
2019-09-25 11:45:04,609 [main] INFO  impl.MetricsSystemImpl (MetricsSystemImpl.java:init(158)) - HddsDatanode metrics system started (again)
2019-09-25 11:45:04,612 [org.apache.hadoop.util.JvmPauseMonitor$Monitor@33b536a0] INFO  util.JvmPauseMonitor (JvmPauseMonitor.java:run(188)) - Starting JVM pause monitor
2019-09-25 11:45:04,613 [main] INFO  ozone.HddsDatanodeService (HddsDatanodeService.java:start(184)) - HddsDatanodeService host:pr-hdds-1569-5gmkr-4255264070 ip:192.168.30.6
2019-09-25 11:45:04,613 [Datanode State Machine Thread - 0] INFO  datanode.InitDatanodeState (InitDatanodeState.java:persistContainerDatanodeDetails(140)) - DatanodeDetails is persisted to /workdir/hadoop-ozone/integration-test/target/test-dir/MiniOzoneClusterImpl-99ecd979-b3b3-4b08-8770-c9a2ea2db525/datanode-1/meta/datanode.id
2019-09-25 11:45:04,618 [main] INFO  volume.HddsVolume (HddsVolume.java:<init>(176)) - Creating Volume: /workdir/hadoop-ozone/integration-test/target/test-dir/MiniOzoneClusterImpl-99ecd979-b3b3-4b08-8770-c9a2ea2db525/datanode-2/data/containers/hdds of  storage type : DISK and capacity : 1482555576320
2019-09-25 11:45:04,618 [main] INFO  volume.VolumeSet (VolumeSet.java:initializeVolumeSet(170)) - Added Volume : /workdir/hadoop-ozone/integration-test/target/test-dir/MiniOzoneClusterImpl-99ecd979-b3b3-4b08-8770-c9a2ea2db525/datanode-2/data/containers/hdds to VolumeSet
2019-09-25 11:45:04,618 [main] INFO  volume.ThrottledAsyncChecker (ThrottledAsyncChecker.java:schedule(139)) - Scheduling a check for org.apache.hadoop.ozone.container.common.volume.HddsVolume@3451f01d
2019-09-25 11:45:04,619 [main] INFO  volume.HddsVolumeChecker (HddsVolumeChecker.java:checkAllVolumes(202)) - Scheduled health check for volume org.apache.hadoop.ozone.container.common.volume.HddsVolume@3451f01d
2019-09-25 11:45:04,637 [main] INFO  impl.RaftServerProxy (ConfUtils.java:logGet(43)) - raft.rpc.type = GRPC (default)
2019-09-25 11:45:04,637 [main] INFO  grpc.GrpcFactory (GrpcFactory.java:checkPooledByteBufAllocatorUseCacheForAllThreads(45)) - PERFORMANCE WARNING: useCacheForAllThreads is true that may cause Netty to create a lot garbage objects and, as a result, trigger GC.
	It is recommended to disable useCacheForAllThreads by setting -Dorg.apache.ratis.thirdparty.io.netty.allocator.useCacheForAllThreads=false in command line.
2019-09-25 11:45:04,637 [main] INFO  grpc.GrpcConfigKeys$Server (ConfUtils.java:logGet(43)) - raft.grpc.server.port = 0 (default)
2019-09-25 11:45:04,637 [main] INFO  server.GrpcService (ConfUtils.java:logGet(43)) - raft.grpc.message.size.max = 33570816 (custom)
2019-09-25 11:45:04,637 [main] INFO  server.RaftServerConfigKeys (ConfUtils.java:logGet(43)) - raft.server.log.appender.buffer.byte-limit = 33554432 (custom)
2019-09-25 11:45:04,638 [main] INFO  server.GrpcService (ConfUtils.java:logGet(43)) - raft.grpc.flow.control.window = 1MB (=1048576) (default)
2019-09-25 11:45:04,638 [main] INFO  server.RaftServerConfigKeys (ConfUtils.java:logGet(43)) - raft.server.rpc.request.timeout = 3000ms (default)
2019-09-25 11:45:04,638 [main] INFO  server.RaftServerConfigKeys (ConfUtils.java:logGet(43)) - raft.server.storage.dir = [/workdir/hadoop-ozone/integration-test/target/test-dir/MiniOzoneClusterImpl-99ecd979-b3b3-4b08-8770-c9a2ea2db525/datanode-2/data/ratis] (custom)
2019-09-25 11:45:04,640 [main] INFO  hdfs.DFSUtil (DFSUtil.java:httpServerTemplateForNNAndJN(1641)) - Starting Web-server for hddsDatanode at: http://0.0.0.0:0
2019-09-25 11:45:04,647 [main] INFO  server.AuthenticationFilter (AuthenticationFilter.java:constructSecretProvider(240)) - Unable to initialize FileSignerSecretProvider, falling back to use random secrets.
2019-09-25 11:45:04,647 [main] WARN  http.HttpRequestLog (HttpRequestLog.java:getRequestLog(97)) - Jetty request log can only be enabled using Log4j
2019-09-25 11:45:04,649 [main] INFO  http.HttpServer2 (HttpServer2.java:addGlobalFilter(975)) - Added global filter 'safety' (class=org.apache.hadoop.http.HttpServer2$QuotingInputFilter)
2019-09-25 11:45:04,649 [main] INFO  http.HttpServer2 (HttpServer2.java:addFilter(948)) - Added filter static_user_filter (class=org.apache.hadoop.http.lib.StaticUserWebFilter$StaticUserFilter) to context hddsDatanode
2019-09-25 11:45:04,650 [main] INFO  http.HttpServer2 (HttpServer2.java:addFilter(958)) - Added filter static_user_filter (class=org.apache.hadoop.http.lib.StaticUserWebFilter$StaticUserFilter) to context logs
2019-09-25 11:45:04,650 [main] INFO  http.HttpServer2 (HttpServer2.java:addFilter(958)) - Added filter static_user_filter (class=org.apache.hadoop.http.lib.StaticUserWebFilter$StaticUserFilter) to context static
2019-09-25 11:45:04,651 [main] INFO  http.HttpServer2 (HttpServer2.java:bindListener(1191)) - Jetty bound to port 37242
2019-09-25 11:45:04,651 [main] INFO  server.Server (Server.java:doStart(351)) - jetty-9.3.25.v20180904, build timestamp: 2018-09-04T21:11:46Z, git hash: 3ce520221d0240229c862b122d2b06c12a625732
2019-09-25 11:45:04,653 [main] INFO  handler.ContextHandler (ContextHandler.java:doStart(781)) - Started o.e.j.s.ServletContextHandler@28369db0{/logs,file:///workdir/hadoop-ozone/integration-test/target/log,AVAILABLE}
2019-09-25 11:45:04,653 [main] INFO  handler.ContextHandler (ContextHandler.java:doStart(781)) - Started o.e.j.s.ServletContextHandler@2e86807a{/static,jar:file:/home/user/.m2/repository/org/apache/hadoop/hadoop-hdds-container-service/0.5.0-SNAPSHOT/hadoop-hdds-container-service-0.5.0-SNAPSHOT.jar!/webapps/static,AVAILABLE}
2019-09-25 11:45:04,683 [main] INFO  handler.ContextHandler (ContextHandler.java:doStart(781)) - Started o.e.j.w.WebAppContext@5de5e95{/,file:///tmp/jetty-0.0.0.0-37242-hddsDatanode-_-any-5466327959087706508.dir/webapp/,AVAILABLE}{/hddsDatanode}
2019-09-25 11:45:04,683 [main] INFO  server.AbstractConnector (AbstractConnector.java:doStart(278)) - Started ServerConnector@365cdacf{HTTP/1.1,[http/1.1]}{0.0.0.0:37242}
2019-09-25 11:45:04,688 [main] INFO  server.Server (Server.java:doStart(419)) - Started @84821ms
2019-09-25 11:45:04,688 [main] WARN  impl.MetricsSystemImpl (MetricsSystemImpl.java:register(276)) - Sink prometheus already exists!
2019-09-25 11:45:04,689 [main] INFO  server.BaseHttpServer (BaseHttpServer.java:updateConnectorAddress(215)) - HTTP server of HDDSDATANODE is listening at http://0.0.0.0:37242
2019-09-25 11:45:04,689 [main] INFO  ozone.MiniOzoneClusterImpl (MiniOzoneClusterImpl.java:lambda$waitForClusterToBeReady$0(147)) - Waiting for cluster to be ready. Got 0 of 3 DN Heartbeats.
2019-09-25 11:45:04,690 [org.apache.hadoop.util.JvmPauseMonitor$Monitor@1972ac94] INFO  util.JvmPauseMonitor (JvmPauseMonitor.java:run(188)) - Starting JVM pause monitor
2019-09-25 11:45:04,692 [Datanode State Machine Thread - 0] INFO  datanode.InitDatanodeState (InitDatanodeState.java:persistContainerDatanodeDetails(140)) - DatanodeDetails is persisted to /workdir/hadoop-ozone/integration-test/target/test-dir/MiniOzoneClusterImpl-99ecd979-b3b3-4b08-8770-c9a2ea2db525/datanode-2/meta/datanode.id
2019-09-25 11:45:05,690 [main] INFO  ozone.MiniOzoneClusterImpl (MiniOzoneClusterImpl.java:lambda$waitForClusterToBeReady$0(147)) - Waiting for cluster to be ready. Got 0 of 3 DN Heartbeats.
2019-09-25 11:45:06,576 [Datanode State Machine Thread - 0] INFO  ozoneimpl.OzoneContainer (OzoneContainer.java:start(217)) - Attempting to start container services.
2019-09-25 11:45:06,576 [Datanode State Machine Thread - 0] INFO  ozoneimpl.OzoneContainer (OzoneContainer.java:startContainerScrub(179)) - Background container scanner has been disabled.
2019-09-25 11:45:06,576 [Datanode State Machine Thread - 0] INFO  ratis.XceiverServerRatis (XceiverServerRatis.java:start(411)) - Starting XceiverServerRatis 031e4d08-7683-4c7f-bd85-96c0eaa9cc40 at port 0
2019-09-25 11:45:06,583 [Datanode State Machine Thread - 0] INFO  impl.RaftServerProxy (RaftServerProxy.java:lambda$start$3(299)) - 031e4d08-7683-4c7f-bd85-96c0eaa9cc40: start RPC server
2019-09-25 11:45:06,586 [Datanode State Machine Thread - 0] INFO  server.GrpcService (GrpcService.java:startImpl(158)) - 031e4d08-7683-4c7f-bd85-96c0eaa9cc40: GrpcService started, listening on 0.0.0.0/0.0.0.0:35702
2019-09-25 11:45:06,586 [Datanode State Machine Thread - 0] INFO  ratis.XceiverServerRatis (XceiverServerRatis.java:start(421)) - XceiverServerRatis 031e4d08-7683-4c7f-bd85-96c0eaa9cc40 is started using port 35702
2019-09-25 11:45:06,592 [Datanode State Machine Thread - 0] INFO  server.XceiverServerGrpc (XceiverServerGrpc.java:start(149)) - XceiverServerGrpc 031e4d08-7683-4c7f-bd85-96c0eaa9cc40 is started using port 33034
2019-09-25 11:45:06,628 [Datanode State Machine Thread - 0] INFO  ozoneimpl.OzoneContainer (OzoneContainer.java:start(217)) - Attempting to start container services.
2019-09-25 11:45:06,629 [Datanode State Machine Thread - 0] INFO  ozoneimpl.OzoneContainer (OzoneContainer.java:startContainerScrub(179)) - Background container scanner has been disabled.
2019-09-25 11:45:06,629 [Datanode State Machine Thread - 0] INFO  ratis.XceiverServerRatis (XceiverServerRatis.java:start(411)) - Starting XceiverServerRatis f100c784-18af-433c-b537-5ce403f57dd8 at port 0
2019-09-25 11:45:06,635 [Datanode State Machine Thread - 0] INFO  impl.RaftServerProxy (RaftServerProxy.java:lambda$start$3(299)) - f100c784-18af-433c-b537-5ce403f57dd8: start RPC server
2019-09-25 11:45:06,637 [Datanode State Machine Thread - 0] INFO  server.GrpcService (GrpcService.java:startImpl(158)) - f100c784-18af-433c-b537-5ce403f57dd8: GrpcService started, listening on 0.0.0.0/0.0.0.0:33083
2019-09-25 11:45:06,637 [Datanode State Machine Thread - 0] INFO  ratis.XceiverServerRatis (XceiverServerRatis.java:start(421)) - XceiverServerRatis f100c784-18af-433c-b537-5ce403f57dd8 is started using port 33083
2019-09-25 11:45:06,639 [Datanode State Machine Thread - 0] INFO  server.XceiverServerGrpc (XceiverServerGrpc.java:start(149)) - XceiverServerGrpc f100c784-18af-433c-b537-5ce403f57dd8 is started using port 39670
2019-09-25 11:45:06,690 [main] INFO  ozone.MiniOzoneClusterImpl (MiniOzoneClusterImpl.java:lambda$waitForClusterToBeReady$0(147)) - Waiting for cluster to be ready. Got 0 of 3 DN Heartbeats.
2019-09-25 11:45:06,706 [Datanode State Machine Thread - 0] INFO  ozoneimpl.OzoneContainer (OzoneContainer.java:start(217)) - Attempting to start container services.
2019-09-25 11:45:06,706 [Datanode State Machine Thread - 0] INFO  ozoneimpl.OzoneContainer (OzoneContainer.java:startContainerScrub(179)) - Background container scanner has been disabled.
2019-09-25 11:45:06,706 [Datanode State Machine Thread - 0] INFO  ratis.XceiverServerRatis (XceiverServerRatis.java:start(411)) - Starting XceiverServerRatis 7e6bc9ff-76d0-4b16-93bc-b993a8f14e87 at port 0
2019-09-25 11:45:06,712 [Datanode State Machine Thread - 0] INFO  impl.RaftServerProxy (RaftServerProxy.java:lambda$start$3(299)) - 7e6bc9ff-76d0-4b16-93bc-b993a8f14e87: start RPC server
2019-09-25 11:45:06,714 [Datanode State Machine Thread - 0] INFO  server.GrpcService (GrpcService.java:startImpl(158)) - 7e6bc9ff-76d0-4b16-93bc-b993a8f14e87: GrpcService started, listening on 0.0.0.0/0.0.0.0:46304
2019-09-25 11:45:06,714 [Datanode State Machine Thread - 0] INFO  ratis.XceiverServerRatis (XceiverServerRatis.java:start(421)) - XceiverServerRatis 7e6bc9ff-76d0-4b16-93bc-b993a8f14e87 is started using port 46304
2019-09-25 11:45:06,716 [Datanode State Machine Thread - 0] INFO  server.XceiverServerGrpc (XceiverServerGrpc.java:start(149)) - XceiverServerGrpc 7e6bc9ff-76d0-4b16-93bc-b993a8f14e87 is started using port 34189
2019-09-25 11:45:07,691 [main] INFO  ozone.MiniOzoneClusterImpl (MiniOzoneClusterImpl.java:lambda$waitForClusterToBeReady$0(147)) - Waiting for cluster to be ready. Got 0 of 3 DN Heartbeats.
2019-09-25 11:45:08,546 [IPC Server handler 0 on 41855] INFO  net.NetworkTopology (NetworkTopologyImpl.java:add(111)) - Added a new node: /default-rack/031e4d08-7683-4c7f-bd85-96c0eaa9cc40
2019-09-25 11:45:08,548 [IPC Server handler 0 on 41855] INFO  node.SCMNodeManager (SCMNodeManager.java:register(266)) - Registered Data node : 031e4d08-7683-4c7f-bd85-96c0eaa9cc40{ip: 192.168.30.6, host: pr-hdds-1569-5gmkr-4255264070, networkLocation: /default-rack, certSerialId: null}
2019-09-25 11:45:08,550 [EventQueue-NodeRegistrationContainerReportForDataNodeSafeModeRule] INFO  safemode.SCMSafeModeManager (DataNodeSafeModeRule.java:process(71)) - SCM in safe mode. 1 DataNodes registered, 1 required.
2019-09-25 11:45:08,551 [EventQueue-NodeRegistrationContainerReportForDataNodeSafeModeRule] INFO  safemode.SCMSafeModeManager (SCMSafeModeManager.java:validateSafeModeExitRules(177)) - ScmSafeModeManager, all rules are successfully validated
2019-09-25 11:45:08,552 [EventQueue-NodeRegistrationContainerReportForDataNodeSafeModeRule] INFO  safemode.SCMSafeModeManager (SCMSafeModeManager.java:exitSafeMode(193)) - SCM exiting safe mode.
2019-09-25 11:45:08,565 [grpc-default-executor-0] INFO  impl.RaftServerProxy (RaftServerProxy.java:addNew(89)) - 031e4d08-7683-4c7f-bd85-96c0eaa9cc40: addNew group-18A4C4FB0214:[031e4d08-7683-4c7f-bd85-96c0eaa9cc40:192.168.30.6:35702] returns group-18A4C4FB0214:java.util.concurrent.CompletableFuture@59c416d9[Not completed]
2019-09-25 11:45:08,566 [pool-177-thread-1] INFO  impl.RaftServerImpl (RaftServerImpl.java:<init>(95)) - 031e4d08-7683-4c7f-bd85-96c0eaa9cc40: new RaftServerImpl for group-18A4C4FB0214:[031e4d08-7683-4c7f-bd85-96c0eaa9cc40:192.168.30.6:35702] with ContainerStateMachine:uninitialized
2019-09-25 11:45:08,567 [pool-177-thread-1] INFO  server.RaftServerConfigKeys (ConfUtils.java:logGet(43)) - raft.server.rpc.timeout.min = 5s (custom)
2019-09-25 11:45:08,567 [pool-177-thread-1] INFO  server.RaftServerConfigKeys (ConfUtils.java:logGet(43)) - raft.server.rpc.timeout.max = 5200ms (custom)
2019-09-25 11:45:08,567 [pool-177-thread-1] INFO  server.RaftServerConfigKeys (ConfUtils.java:logGet(43)) - raft.server.rpcslowness.timeout = 120s (custom)
2019-09-25 11:45:08,567 [pool-177-thread-1] INFO  server.RaftServerConfigKeys (ConfUtils.java:logGet(43)) - raft.server.sleep.deviation.threshold = 300 (default)
2019-09-25 11:45:08,567 [pool-177-thread-1] INFO  server.RaftServerConfigKeys (ConfUtils.java:logGet(43)) - raft.server.log.appender.install.snapshot.enabled = false (custom)
2019-09-25 11:45:08,567 [pool-177-thread-1] INFO  impl.RaftServerImpl (ServerState.java:<init>(103)) - 031e4d08-7683-4c7f-bd85-96c0eaa9cc40@group-18A4C4FB0214: ConfigurationManager, init=-1: [031e4d08-7683-4c7f-bd85-96c0eaa9cc40:192.168.30.6:35702], old=null, confs=<EMPTY_MAP>
2019-09-25 11:45:08,568 [pool-177-thread-1] INFO  server.RaftServerConfigKeys (ConfUtils.java:logGet(43)) - raft.server.storage.dir = [/workdir/hadoop-ozone/integration-test/target/test-dir/MiniOzoneClusterImpl-99ecd979-b3b3-4b08-8770-c9a2ea2db525/datanode-0/data/ratis] (custom)
2019-09-25 11:45:08,568 [pool-177-thread-1] INFO  storage.RaftStorageDirectory (RaftStorageDirectory.java:analyzeStorage(246)) - The storage directory /workdir/hadoop-ozone/integration-test/target/test-dir/MiniOzoneClusterImpl-99ecd979-b3b3-4b08-8770-c9a2ea2db525/datanode-0/data/ratis/6280b588-cdcb-45cb-aeb9-18a4c4fb0214 does not exist. Creating ...
2019-09-25 11:45:08,582 [pool-177-thread-1] INFO  storage.RaftStorageDirectory (RaftStorageDirectory.java:tryLock(328)) - Lock on /workdir/hadoop-ozone/integration-test/target/test-dir/MiniOzoneClusterImpl-99ecd979-b3b3-4b08-8770-c9a2ea2db525/datanode-0/data/ratis/6280b588-cdcb-45cb-aeb9-18a4c4fb0214/in_use.lock acquired by nodename 9579@pr-hdds-1569-5gmkr-4255264070
2019-09-25 11:45:08,595 [pool-177-thread-1] INFO  storage.RaftStorage (RaftStorage.java:format(72)) - Storage directory /workdir/hadoop-ozone/integration-test/target/test-dir/MiniOzoneClusterImpl-99ecd979-b3b3-4b08-8770-c9a2ea2db525/datanode-0/data/ratis/6280b588-cdcb-45cb-aeb9-18a4c4fb0214 has been successfully formatted.
2019-09-25 11:45:08,596 [pool-177-thread-1] INFO  ratis.ContainerStateMachine (ContainerStateMachine.java:loadSnapshot(230)) - group-18A4C4FB0214: The snapshot info is null. Setting the last applied indexto:(t:0, i:~)
2019-09-25 11:45:08,596 [pool-177-thread-1] INFO  server.RaftServerConfigKeys (ConfUtils.java:logGet(43)) - raft.server.notification.no-leader.timeout = 120s (custom)
2019-09-25 11:45:08,596 [pool-177-thread-1] INFO  server.RaftServerConfigKeys (ConfUtils.java:logGet(43)) - raft.server.log.use.memory = false (default)
2019-09-25 11:45:08,596 [pool-177-thread-1] INFO  server.RaftServerConfigKeys (ConfUtils.java:logGet(43)) - raft.server.log.purge.gap = 1000000 (custom)
2019-09-25 11:45:08,596 [pool-177-thread-1] INFO  server.RaftServerConfigKeys (ConfUtils.java:logGet(43)) - raft.server.log.appender.buffer.byte-limit = 33554432 (custom)
2019-09-25 11:45:08,597 [pool-177-thread-1] INFO  server.RaftServerConfigKeys (ConfUtils.java:logGet(43)) - raft.server.log.segment.size.max = 1048576 (custom)
2019-09-25 11:45:08,597 [pool-177-thread-1] INFO  server.RaftServerConfigKeys (ConfUtils.java:logGet(43)) - raft.server.log.segment.cache.num.max = 2 (custom)
2019-09-25 11:45:08,597 [pool-177-thread-1] INFO  segmented.SegmentedRaftLogWorker (SegmentedRaftLogWorker.java:<init>(172)) - new 031e4d08-7683-4c7f-bd85-96c0eaa9cc40@group-18A4C4FB0214-SegmentedRaftLogWorker for RaftStorage:Storage Directory /workdir/hadoop-ozone/integration-test/target/test-dir/MiniOzoneClusterImpl-99ecd979-b3b3-4b08-8770-c9a2ea2db525/datanode-0/data/ratis/6280b588-cdcb-45cb-aeb9-18a4c4fb0214
2019-09-25 11:45:08,601 [pool-177-thread-1] INFO  server.RaftServerConfigKeys (ConfUtils.java:logGet(43)) - raft.server.log.queue.byte-limit = 2147483647 (custom)
2019-09-25 11:45:08,601 [pool-177-thread-1] INFO  server.RaftServerConfigKeys (ConfUtils.java:logGet(43)) - raft.server.log.queue.element-limit = 1024 (custom)
2019-09-25 11:45:08,601 [pool-177-thread-1] INFO  server.RaftServerConfigKeys (ConfUtils.java:logGet(43)) - raft.server.log.segment.size.max = 1048576 (custom)
2019-09-25 11:45:08,601 [pool-177-thread-1] INFO  server.RaftServerConfigKeys (ConfUtils.java:logGet(43)) - raft.server.log.preallocated.size = 16384 (custom)
2019-09-25 11:45:08,601 [pool-177-thread-1] INFO  server.RaftServerConfigKeys (ConfUtils.java:logGet(43)) - raft.server.log.write.buffer.size = 33554432 (custom)
2019-09-25 11:45:08,602 [pool-177-thread-1] INFO  server.RaftServerConfigKeys (ConfUtils.java:logGet(43)) - raft.server.log.force.sync.num = 128 (default)
2019-09-25 11:45:08,602 [pool-177-thread-1] INFO  server.RaftServerConfigKeys (ConfUtils.java:logGet(43)) - raft.server.log.statemachine.data.sync = true (default)
2019-09-25 11:45:08,602 [pool-177-thread-1] INFO  server.RaftServerConfigKeys (ConfUtils.java:logGet(43)) - raft.server.log.statemachine.data.sync.timeout = 10s (default)
2019-09-25 11:45:08,602 [pool-177-thread-1] INFO  server.RaftServerConfigKeys (ConfUtils.java:logGet(43)) - raft.server.log.statemachine.data.sync.timeout.retry = -1 (default)
2019-09-25 11:45:08,602 [pool-177-thread-1] INFO  server.RaftServerConfigKeys (ConfUtils.java:logGet(43)) - raft.server.log.statemachine.data.caching.enabled = true (custom)
2019-09-25 11:45:08,603 [pool-177-thread-1] INFO  segmented.SegmentedRaftLogWorker (SegmentedRaftLogWorker.java:lambda$new$0(132)) - 031e4d08-7683-4c7f-bd85-96c0eaa9cc40@group-18A4C4FB0214-SegmentedRaftLogWorker: flushIndex: setUnconditionally 0 -> -1
2019-09-25 11:45:08,603 [pool-177-thread-1] INFO  server.RaftServerConfigKeys (ConfUtils.java:logGet(43)) - raft.server.snapshot.auto.trigger.enabled = true (custom)
2019-09-25 11:45:08,604 [pool-177-thread-1] INFO  server.RaftServerConfigKeys (ConfUtils.java:logGet(43)) - raft.server.snapshot.auto.trigger.threshold = 10000 (custom)
2019-09-25 11:45:08,604 [pool-177-thread-1] INFO  server.RaftServerConfigKeys (ConfUtils.java:logGet(43)) - raft.server.snapshot.retention.num.files = 5 (custom)
2019-09-25 11:45:08,604 [pool-177-thread-1] INFO  server.RaftServerConfigKeys (ConfUtils.java:logGet(43)) - raft.server.retrycache.expirytime = 600000ms (custom)
2019-09-25 11:45:08,606 [pool-177-thread-1] INFO  impl.RaftServerImpl (RaftServerImpl.java:start(185)) - 031e4d08-7683-4c7f-bd85-96c0eaa9cc40@group-18A4C4FB0214: start as a follower, conf=-1: [031e4d08-7683-4c7f-bd85-96c0eaa9cc40:192.168.30.6:35702], old=null
2019-09-25 11:45:08,606 [pool-177-thread-1] INFO  impl.RaftServerImpl (RaftServerImpl.java:setRole(174)) - 031e4d08-7683-4c7f-bd85-96c0eaa9cc40@group-18A4C4FB0214: changes role from      null to FOLLOWER at term 0 for startAsFollower
2019-09-25 11:45:08,607 [pool-177-thread-1] INFO  impl.RoleInfo (RoleInfo.java:updateAndGet(143)) - 031e4d08-7683-4c7f-bd85-96c0eaa9cc40: start FollowerState
2019-09-25 11:45:08,607 [pool-177-thread-1] INFO  util.JmxRegister (JmxRegister.java:tryRegister(44)) - Successfully registered JMX Bean with object name Ratis:service=RaftServer,group=group-18A4C4FB0214,id=031e4d08-7683-4c7f-bd85-96c0eaa9cc40
2019-09-25 11:45:08,612 [RatisPipelineUtilsThread] INFO  pipeline.PipelineStateManager (PipelineStateManager.java:addPipeline(56)) - Created pipeline Pipeline[ Id: 6280b588-cdcb-45cb-aeb9-18a4c4fb0214, Nodes: 031e4d08-7683-4c7f-bd85-96c0eaa9cc40{ip: 192.168.30.6, host: pr-hdds-1569-5gmkr-4255264070, networkLocation: /default-rack, certSerialId: null}, Type:RATIS, Factor:ONE, State:OPEN]
2019-09-25 11:45:08,622 [IPC Server handler 2 on 41855] INFO  net.NetworkTopology (NetworkTopologyImpl.java:add(111)) - Added a new node: /default-rack/f100c784-18af-433c-b537-5ce403f57dd8
2019-09-25 11:45:08,623 [IPC Server handler 2 on 41855] INFO  node.SCMNodeManager (SCMNodeManager.java:register(266)) - Registered Data node : f100c784-18af-433c-b537-5ce403f57dd8{ip: 192.168.30.6, host: pr-hdds-1569-5gmkr-4255264070, networkLocation: /default-rack, certSerialId: null}
2019-09-25 11:45:08,626 [grpc-default-executor-0] INFO  impl.RaftServerProxy (RaftServerProxy.java:addNew(89)) - 031e4d08-7683-4c7f-bd85-96c0eaa9cc40: addNew group-1FCFDC2F7A1E:[031e4d08-7683-4c7f-bd85-96c0eaa9cc40:192.168.30.6:35702] returns group-1FCFDC2F7A1E:java.util.concurrent.CompletableFuture@68d7ec01[Not completed]
2019-09-25 11:45:08,627 [pool-177-thread-1] INFO  impl.RaftServerImpl (RaftServerImpl.java:<init>(95)) - 031e4d08-7683-4c7f-bd85-96c0eaa9cc40: new RaftServerImpl for group-1FCFDC2F7A1E:[031e4d08-7683-4c7f-bd85-96c0eaa9cc40:192.168.30.6:35702] with ContainerStateMachine:uninitialized
2019-09-25 11:45:08,627 [pool-177-thread-1] INFO  server.RaftServerConfigKeys (ConfUtils.java:logGet(43)) - raft.server.rpc.timeout.min = 5s (custom)
2019-09-25 11:45:08,627 [pool-177-thread-1] INFO  server.RaftServerConfigKeys (ConfUtils.java:logGet(43)) - raft.server.rpc.timeout.max = 5200ms (custom)
2019-09-25 11:45:08,628 [pool-177-thread-1] INFO  server.RaftServerConfigKeys (ConfUtils.java:logGet(43)) - raft.server.rpcslowness.timeout = 120s (custom)
2019-09-25 11:45:08,628 [pool-177-thread-1] INFO  server.RaftServerConfigKeys (ConfUtils.java:logGet(43)) - raft.server.sleep.deviation.threshold = 300 (default)
2019-09-25 11:45:08,628 [pool-177-thread-1] INFO  server.RaftServerConfigKeys (ConfUtils.java:logGet(43)) - raft.server.log.appender.install.snapshot.enabled = false (custom)
2019-09-25 11:45:08,628 [pool-177-thread-1] INFO  impl.RaftServerImpl (ServerState.java:<init>(103)) - 031e4d08-7683-4c7f-bd85-96c0eaa9cc40@group-1FCFDC2F7A1E: ConfigurationManager, init=-1: [031e4d08-7683-4c7f-bd85-96c0eaa9cc40:192.168.30.6:35702], old=null, confs=<EMPTY_MAP>
2019-09-25 11:45:08,628 [pool-177-thread-1] INFO  server.RaftServerConfigKeys (ConfUtils.java:logGet(43)) - raft.server.storage.dir = [/workdir/hadoop-ozone/integration-test/target/test-dir/MiniOzoneClusterImpl-99ecd979-b3b3-4b08-8770-c9a2ea2db525/datanode-0/data/ratis] (custom)
2019-09-25 11:45:08,629 [pool-177-thread-1] INFO  storage.RaftStorageDirectory (RaftStorageDirectory.java:analyzeStorage(246)) - The storage directory /workdir/hadoop-ozone/integration-test/target/test-dir/MiniOzoneClusterImpl-99ecd979-b3b3-4b08-8770-c9a2ea2db525/datanode-0/data/ratis/ae7f34ff-f390-48c2-ab66-1fcfdc2f7a1e does not exist. Creating ...
2019-09-25 11:45:08,642 [pool-177-thread-1] INFO  storage.RaftStorageDirectory (RaftStorageDirectory.java:tryLock(328)) - Lock on /workdir/hadoop-ozone/integration-test/target/test-dir/MiniOzoneClusterImpl-99ecd979-b3b3-4b08-8770-c9a2ea2db525/datanode-0/data/ratis/ae7f34ff-f390-48c2-ab66-1fcfdc2f7a1e/in_use.lock acquired by nodename 9579@pr-hdds-1569-5gmkr-4255264070
2019-09-25 11:45:08,656 [pool-177-thread-1] INFO  storage.RaftStorage (RaftStorage.java:format(72)) - Storage directory /workdir/hadoop-ozone/integration-test/target/test-dir/MiniOzoneClusterImpl-99ecd979-b3b3-4b08-8770-c9a2ea2db525/datanode-0/data/ratis/ae7f34ff-f390-48c2-ab66-1fcfdc2f7a1e has been successfully formatted.
2019-09-25 11:45:08,656 [pool-177-thread-1] INFO  ratis.ContainerStateMachine (ContainerStateMachine.java:loadSnapshot(230)) - group-1FCFDC2F7A1E: The snapshot info is null. Setting the last applied indexto:(t:0, i:~)
2019-09-25 11:45:08,656 [pool-177-thread-1] INFO  server.RaftServerConfigKeys (ConfUtils.java:logGet(43)) - raft.server.notification.no-leader.timeout = 120s (custom)
2019-09-25 11:45:08,656 [pool-177-thread-1] INFO  server.RaftServerConfigKeys (ConfUtils.java:logGet(43)) - raft.server.log.use.memory = false (default)
2019-09-25 11:45:08,656 [pool-177-thread-1] INFO  server.RaftServerConfigKeys (ConfUtils.java:logGet(43)) - raft.server.log.purge.gap = 1000000 (custom)
2019-09-25 11:45:08,657 [pool-177-thread-1] INFO  server.RaftServerConfigKeys (ConfUtils.java:logGet(43)) - raft.server.log.appender.buffer.byte-limit = 33554432 (custom)
2019-09-25 11:45:08,657 [pool-177-thread-1] INFO  server.RaftServerConfigKeys (ConfUtils.java:logGet(43)) - raft.server.log.segment.size.max = 1048576 (custom)
2019-09-25 11:45:08,657 [pool-177-thread-1] INFO  server.RaftServerConfigKeys (ConfUtils.java:logGet(43)) - raft.server.log.segment.cache.num.max = 2 (custom)
2019-09-25 11:45:08,657 [pool-177-thread-1] INFO  segmented.SegmentedRaftLogWorker (SegmentedRaftLogWorker.java:<init>(172)) - new 031e4d08-7683-4c7f-bd85-96c0eaa9cc40@group-1FCFDC2F7A1E-SegmentedRaftLogWorker for RaftStorage:Storage Directory /workdir/hadoop-ozone/integration-test/target/test-dir/MiniOzoneClusterImpl-99ecd979-b3b3-4b08-8770-c9a2ea2db525/datanode-0/data/ratis/ae7f34ff-f390-48c2-ab66-1fcfdc2f7a1e
2019-09-25 11:45:08,657 [pool-177-thread-1] INFO  server.RaftServerConfigKeys (ConfUtils.java:logGet(43)) - raft.server.log.queue.byte-limit = 2147483647 (custom)
2019-09-25 11:45:08,657 [pool-177-thread-1] INFO  server.RaftServerConfigKeys (ConfUtils.java:logGet(43)) - raft.server.log.queue.element-limit = 1024 (custom)
2019-09-25 11:45:08,658 [pool-177-thread-1] INFO  server.RaftServerConfigKeys (ConfUtils.java:logGet(43)) - raft.server.log.segment.size.max = 1048576 (custom)
2019-09-25 11:45:08,658 [pool-177-thread-1] INFO  server.RaftServerConfigKeys (ConfUtils.java:logGet(43)) - raft.server.log.preallocated.size = 16384 (custom)
2019-09-25 11:45:08,658 [pool-177-thread-1] INFO  server.RaftServerConfigKeys (ConfUtils.java:logGet(43)) - raft.server.log.write.buffer.size = 33554432 (custom)
2019-09-25 11:45:08,658 [pool-177-thread-1] INFO  server.RaftServerConfigKeys (ConfUtils.java:logGet(43)) - raft.server.log.force.sync.num = 128 (default)
2019-09-25 11:45:08,658 [pool-177-thread-1] INFO  server.RaftServerConfigKeys (ConfUtils.java:logGet(43)) - raft.server.log.statemachine.data.sync = true (default)
2019-09-25 11:45:08,658 [pool-177-thread-1] INFO  server.RaftServerConfigKeys (ConfUtils.java:logGet(43)) - raft.server.log.statemachine.data.sync.timeout = 10s (default)
2019-09-25 11:45:08,659 [pool-177-thread-1] INFO  server.RaftServerConfigKeys (ConfUtils.java:logGet(43)) - raft.server.log.statemachine.data.sync.timeout.retry = -1 (default)
2019-09-25 11:45:08,659 [pool-177-thread-1] INFO  server.RaftServerConfigKeys (ConfUtils.java:logGet(43)) - raft.server.log.statemachine.data.caching.enabled = true (custom)
2019-09-25 11:45:08,659 [pool-177-thread-1] INFO  segmented.SegmentedRaftLogWorker (SegmentedRaftLogWorker.java:lambda$new$0(132)) - 031e4d08-7683-4c7f-bd85-96c0eaa9cc40@group-1FCFDC2F7A1E-SegmentedRaftLogWorker: flushIndex: setUnconditionally 0 -> -1
2019-09-25 11:45:08,659 [pool-177-thread-1] INFO  server.RaftServerConfigKeys (ConfUtils.java:logGet(43)) - raft.server.snapshot.auto.trigger.enabled = true (custom)
2019-09-25 11:45:08,660 [pool-177-thread-1] INFO  server.RaftServerConfigKeys (ConfUtils.java:logGet(43)) - raft.server.snapshot.auto.trigger.threshold = 10000 (custom)
2019-09-25 11:45:08,660 [pool-177-thread-1] INFO  server.RaftServerConfigKeys (ConfUtils.java:logGet(43)) - raft.server.snapshot.retention.num.files = 5 (custom)
2019-09-25 11:45:08,660 [pool-177-thread-1] INFO  server.RaftServerConfigKeys (ConfUtils.java:logGet(43)) - raft.server.retrycache.expirytime = 600000ms (custom)
2019-09-25 11:45:08,663 [pool-177-thread-1] INFO  impl.RaftServerImpl (RaftServerImpl.java:start(185)) - 031e4d08-7683-4c7f-bd85-96c0eaa9cc40@group-1FCFDC2F7A1E: start as a follower, conf=-1: [031e4d08-7683-4c7f-bd85-96c0eaa9cc40:192.168.30.6:35702], old=null
2019-09-25 11:45:08,663 [pool-177-thread-1] INFO  impl.RaftServerImpl (RaftServerImpl.java:setRole(174)) - 031e4d08-7683-4c7f-bd85-96c0eaa9cc40@group-1FCFDC2F7A1E: changes role from      null to FOLLOWER at term 0 for startAsFollower
2019-09-25 11:45:08,663 [pool-177-thread-1] INFO  impl.RoleInfo (RoleInfo.java:updateAndGet(143)) - 031e4d08-7683-4c7f-bd85-96c0eaa9cc40: start FollowerState
2019-09-25 11:45:08,663 [pool-177-thread-1] INFO  util.JmxRegister (JmxRegister.java:tryRegister(44)) - Successfully registered JMX Bean with object name Ratis:service=RaftServer,group=group-1FCFDC2F7A1E,id=031e4d08-7683-4c7f-bd85-96c0eaa9cc40
2019-09-25 11:45:08,666 [RatisPipelineUtilsThread] INFO  pipeline.PipelineStateManager (PipelineStateManager.java:addPipeline(56)) - Created pipeline Pipeline[ Id: ae7f34ff-f390-48c2-ab66-1fcfdc2f7a1e, Nodes: 031e4d08-7683-4c7f-bd85-96c0eaa9cc40{ip: 192.168.30.6, host: pr-hdds-1569-5gmkr-4255264070, networkLocation: /default-rack, certSerialId: null}, Type:RATIS, Factor:ONE, State:OPEN]
2019-09-25 11:45:08,671 [grpc-default-executor-0] INFO  impl.RaftServerProxy (RaftServerProxy.java:addNew(89)) - 031e4d08-7683-4c7f-bd85-96c0eaa9cc40: addNew group-3B92DE73E249:[031e4d08-7683-4c7f-bd85-96c0eaa9cc40:192.168.30.6:35702] returns group-3B92DE73E249:java.util.concurrent.CompletableFuture@39ebe996[Not completed]
2019-09-25 11:45:08,673 [pool-177-thread-1] INFO  impl.RaftServerImpl (RaftServerImpl.java:<init>(95)) - 031e4d08-7683-4c7f-bd85-96c0eaa9cc40: new RaftServerImpl for group-3B92DE73E249:[031e4d08-7683-4c7f-bd85-96c0eaa9cc40:192.168.30.6:35702] with ContainerStateMachine:uninitialized
2019-09-25 11:45:08,673 [pool-177-thread-1] INFO  server.RaftServerConfigKeys (ConfUtils.java:logGet(43)) - raft.server.rpc.timeout.min = 5s (custom)
2019-09-25 11:45:08,673 [pool-177-thread-1] INFO  server.RaftServerConfigKeys (ConfUtils.java:logGet(43)) - raft.server.rpc.timeout.max = 5200ms (custom)
2019-09-25 11:45:08,673 [pool-177-thread-1] INFO  server.RaftServerConfigKeys (ConfUtils.java:logGet(43)) - raft.server.rpcslowness.timeout = 120s (custom)
2019-09-25 11:45:08,673 [pool-177-thread-1] INFO  server.RaftServerConfigKeys (ConfUtils.java:logGet(43)) - raft.server.sleep.deviation.threshold = 300 (default)
2019-09-25 11:45:08,674 [pool-177-thread-1] INFO  server.RaftServerConfigKeys (ConfUtils.java:logGet(43)) - raft.server.log.appender.install.snapshot.enabled = false (custom)
2019-09-25 11:45:08,674 [pool-177-thread-1] INFO  impl.RaftServerImpl (ServerState.java:<init>(103)) - 031e4d08-7683-4c7f-bd85-96c0eaa9cc40@group-3B92DE73E249: ConfigurationManager, init=-1: [031e4d08-7683-4c7f-bd85-96c0eaa9cc40:192.168.30.6:35702], old=null, confs=<EMPTY_MAP>
2019-09-25 11:45:08,674 [pool-177-thread-1] INFO  server.RaftServerConfigKeys (ConfUtils.java:logGet(43)) - raft.server.storage.dir = [/workdir/hadoop-ozone/integration-test/target/test-dir/MiniOzoneClusterImpl-99ecd979-b3b3-4b08-8770-c9a2ea2db525/datanode-0/data/ratis] (custom)
2019-09-25 11:45:08,674 [pool-177-thread-1] INFO  storage.RaftStorageDirectory (RaftStorageDirectory.java:analyzeStorage(246)) - The storage directory /workdir/hadoop-ozone/integration-test/target/test-dir/MiniOzoneClusterImpl-99ecd979-b3b3-4b08-8770-c9a2ea2db525/datanode-0/data/ratis/1538b13e-1034-4629-b7c7-3b92de73e249 does not exist. Creating ...
2019-09-25 11:45:08,687 [pool-177-thread-1] INFO  storage.RaftStorageDirectory (RaftStorageDirectory.java:tryLock(328)) - Lock on /workdir/hadoop-ozone/integration-test/target/test-dir/MiniOzoneClusterImpl-99ecd979-b3b3-4b08-8770-c9a2ea2db525/datanode-0/data/ratis/1538b13e-1034-4629-b7c7-3b92de73e249/in_use.lock acquired by nodename 9579@pr-hdds-1569-5gmkr-4255264070
2019-09-25 11:45:08,691 [main] INFO  ozone.MiniOzoneClusterImpl (MiniOzoneClusterImpl.java:lambda$waitForClusterToBeReady$0(147)) - Waiting for cluster to be ready. Got 2 of 3 DN Heartbeats.
2019-09-25 11:45:08,691 [IPC Server handler 3 on 41855] INFO  net.NetworkTopology (NetworkTopologyImpl.java:add(111)) - Added a new node: /default-rack/7e6bc9ff-76d0-4b16-93bc-b993a8f14e87
2019-09-25 11:45:08,692 [IPC Server handler 3 on 41855] INFO  node.SCMNodeManager (SCMNodeManager.java:register(266)) - Registered Data node : 7e6bc9ff-76d0-4b16-93bc-b993a8f14e87{ip: 192.168.30.6, host: pr-hdds-1569-5gmkr-4255264070, networkLocation: /default-rack, certSerialId: null}
2019-09-25 11:45:08,701 [pool-177-thread-1] INFO  storage.RaftStorage (RaftStorage.java:format(72)) - Storage directory /workdir/hadoop-ozone/integration-test/target/test-dir/MiniOzoneClusterImpl-99ecd979-b3b3-4b08-8770-c9a2ea2db525/datanode-0/data/ratis/1538b13e-1034-4629-b7c7-3b92de73e249 has been successfully formatted.
2019-09-25 11:45:08,701 [pool-177-thread-1] INFO  ratis.ContainerStateMachine (ContainerStateMachine.java:loadSnapshot(230)) - group-3B92DE73E249: The snapshot info is null. Setting the last applied indexto:(t:0, i:~)
2019-09-25 11:45:08,701 [pool-177-thread-1] INFO  server.RaftServerConfigKeys (ConfUtils.java:logGet(43)) - raft.server.notification.no-leader.timeout = 120s (custom)
2019-09-25 11:45:08,701 [pool-177-thread-1] INFO  server.RaftServerConfigKeys (ConfUtils.java:logGet(43)) - raft.server.log.use.memory = false (default)
2019-09-25 11:45:08,701 [pool-177-thread-1] INFO  server.RaftServerConfigKeys (ConfUtils.java:logGet(43)) - raft.server.log.purge.gap = 1000000 (custom)
2019-09-25 11:45:08,702 [pool-177-thread-1] INFO  server.RaftServerConfigKeys (ConfUtils.java:logGet(43)) - raft.server.log.appender.buffer.byte-limit = 33554432 (custom)
2019-09-25 11:45:08,702 [pool-177-thread-1] INFO  server.RaftServerConfigKeys (ConfUtils.java:logGet(43)) - raft.server.log.segment.size.max = 1048576 (custom)
2019-09-25 11:45:08,702 [pool-177-thread-1] INFO  server.RaftServerConfigKeys (ConfUtils.java:logGet(43)) - raft.server.log.segment.cache.num.max = 2 (custom)
2019-09-25 11:45:08,702 [pool-177-thread-1] INFO  segmented.SegmentedRaftLogWorker (SegmentedRaftLogWorker.java:<init>(172)) - new 031e4d08-7683-4c7f-bd85-96c0eaa9cc40@group-3B92DE73E249-SegmentedRaftLogWorker for RaftStorage:Storage Directory /workdir/hadoop-ozone/integration-test/target/test-dir/MiniOzoneClusterImpl-99ecd979-b3b3-4b08-8770-c9a2ea2db525/datanode-0/data/ratis/1538b13e-1034-4629-b7c7-3b92de73e249
2019-09-25 11:45:08,702 [pool-177-thread-1] INFO  server.RaftServerConfigKeys (ConfUtils.java:logGet(43)) - raft.server.log.queue.byte-limit = 2147483647 (custom)
2019-09-25 11:45:08,702 [pool-177-thread-1] INFO  server.RaftServerConfigKeys (ConfUtils.java:logGet(43)) - raft.server.log.queue.element-limit = 1024 (custom)
2019-09-25 11:45:08,702 [pool-177-thread-1] INFO  server.RaftServerConfigKeys (ConfUtils.java:logGet(43)) - raft.server.log.segment.size.max = 1048576 (custom)
2019-09-25 11:45:08,703 [pool-177-thread-1] INFO  server.RaftServerConfigKeys (ConfUtils.java:logGet(43)) - raft.server.log.preallocated.size = 16384 (custom)
2019-09-25 11:45:08,703 [pool-177-thread-1] INFO  server.RaftServerConfigKeys (ConfUtils.java:logGet(43)) - raft.server.log.write.buffer.size = 33554432 (custom)
2019-09-25 11:45:08,703 [pool-177-thread-1] INFO  server.RaftServerConfigKeys (ConfUtils.java:logGet(43)) - raft.server.log.force.sync.num = 128 (default)
2019-09-25 11:45:08,703 [pool-177-thread-1] INFO  server.RaftServerConfigKeys (ConfUtils.java:logGet(43)) - raft.server.log.statemachine.data.sync = true (default)
2019-09-25 11:45:08,703 [pool-177-thread-1] INFO  server.RaftServerConfigKeys (ConfUtils.java:logGet(43)) - raft.server.log.statemachine.data.sync.timeout = 10s (default)
2019-09-25 11:45:08,703 [pool-177-thread-1] INFO  server.RaftServerConfigKeys (ConfUtils.java:logGet(43)) - raft.server.log.statemachine.data.sync.timeout.retry = -1 (default)
2019-09-25 11:45:08,704 [pool-177-thread-1] INFO  server.RaftServerConfigKeys (ConfUtils.java:logGet(43)) - raft.server.log.statemachine.data.caching.enabled = true (custom)
2019-09-25 11:45:08,704 [pool-177-thread-1] INFO  segmented.SegmentedRaftLogWorker (SegmentedRaftLogWorker.java:lambda$new$0(132)) - 031e4d08-7683-4c7f-bd85-96c0eaa9cc40@group-3B92DE73E249-SegmentedRaftLogWorker: flushIndex: setUnconditionally 0 -> -1
2019-09-25 11:45:08,704 [pool-177-thread-1] INFO  server.RaftServerConfigKeys (ConfUtils.java:logGet(43)) - raft.server.snapshot.auto.trigger.enabled = true (custom)
2019-09-25 11:45:08,704 [pool-177-thread-1] INFO  server.RaftServerConfigKeys (ConfUtils.java:logGet(43)) - raft.server.snapshot.auto.trigger.threshold = 10000 (custom)
2019-09-25 11:45:08,705 [pool-177-thread-1] INFO  server.RaftServerConfigKeys (ConfUtils.java:logGet(43)) - raft.server.snapshot.retention.num.files = 5 (custom)
2019-09-25 11:45:08,705 [pool-177-thread-1] INFO  server.RaftServerConfigKeys (ConfUtils.java:logGet(43)) - raft.server.retrycache.expirytime = 600000ms (custom)
2019-09-25 11:45:08,707 [pool-177-thread-1] INFO  impl.RaftServerImpl (RaftServerImpl.java:start(185)) - 031e4d08-7683-4c7f-bd85-96c0eaa9cc40@group-3B92DE73E249: start as a follower, conf=-1: [031e4d08-7683-4c7f-bd85-96c0eaa9cc40:192.168.30.6:35702], old=null
2019-09-25 11:45:08,707 [pool-177-thread-1] INFO  impl.RaftServerImpl (RaftServerImpl.java:setRole(174)) - 031e4d08-7683-4c7f-bd85-96c0eaa9cc40@group-3B92DE73E249: changes role from      null to FOLLOWER at term 0 for startAsFollower
2019-09-25 11:45:08,707 [pool-177-thread-1] INFO  impl.RoleInfo (RoleInfo.java:updateAndGet(143)) - 031e4d08-7683-4c7f-bd85-96c0eaa9cc40: start FollowerState
2019-09-25 11:45:08,708 [pool-177-thread-1] INFO  util.JmxRegister (JmxRegister.java:tryRegister(44)) - Successfully registered JMX Bean with object name Ratis:service=RaftServer,group=group-3B92DE73E249,id=031e4d08-7683-4c7f-bd85-96c0eaa9cc40
2019-09-25 11:45:08,711 [RatisPipelineUtilsThread] INFO  pipeline.PipelineStateManager (PipelineStateManager.java:addPipeline(56)) - Created pipeline Pipeline[ Id: 1538b13e-1034-4629-b7c7-3b92de73e249, Nodes: 031e4d08-7683-4c7f-bd85-96c0eaa9cc40{ip: 192.168.30.6, host: pr-hdds-1569-5gmkr-4255264070, networkLocation: /default-rack, certSerialId: null}, Type:RATIS, Factor:ONE, State:OPEN]
2019-09-25 11:45:08,718 [grpc-default-executor-0] INFO  impl.RaftServerProxy (RaftServerProxy.java:addNew(89)) - f100c784-18af-433c-b537-5ce403f57dd8: addNew group-5E0530F25157:[f100c784-18af-433c-b537-5ce403f57dd8:192.168.30.6:33083] returns group-5E0530F25157:java.util.concurrent.CompletableFuture@5be4d17f[Not completed]
2019-09-25 11:45:08,719 [pool-187-thread-1] INFO  impl.RaftServerImpl (RaftServerImpl.java:<init>(95)) - f100c784-18af-433c-b537-5ce403f57dd8: new RaftServerImpl for group-5E0530F25157:[f100c784-18af-433c-b537-5ce403f57dd8:192.168.30.6:33083] with ContainerStateMachine:uninitialized
2019-09-25 11:45:08,719 [pool-187-thread-1] INFO  server.RaftServerConfigKeys (ConfUtils.java:logGet(43)) - raft.server.rpc.timeout.min = 5s (custom)
2019-09-25 11:45:08,719 [pool-187-thread-1] INFO  server.RaftServerConfigKeys (ConfUtils.java:logGet(43)) - raft.server.rpc.timeout.max = 5200ms (custom)
2019-09-25 11:45:08,720 [pool-187-thread-1] INFO  server.RaftServerConfigKeys (ConfUtils.java:logGet(43)) - raft.server.rpcslowness.timeout = 120s (custom)
2019-09-25 11:45:08,720 [pool-187-thread-1] INFO  server.RaftServerConfigKeys (ConfUtils.java:logGet(43)) - raft.server.sleep.deviation.threshold = 300 (default)
2019-09-25 11:45:08,720 [pool-187-thread-1] INFO  server.RaftServerConfigKeys (ConfUtils.java:logGet(43)) - raft.server.log.appender.install.snapshot.enabled = false (custom)
2019-09-25 11:45:08,720 [pool-187-thread-1] INFO  impl.RaftServerImpl (ServerState.java:<init>(103)) - f100c784-18af-433c-b537-5ce403f57dd8@group-5E0530F25157: ConfigurationManager, init=-1: [f100c784-18af-433c-b537-5ce403f57dd8:192.168.30.6:33083], old=null, confs=<EMPTY_MAP>
2019-09-25 11:45:08,720 [pool-187-thread-1] INFO  server.RaftServerConfigKeys (ConfUtils.java:logGet(43)) - raft.server.storage.dir = [/workdir/hadoop-ozone/integration-test/target/test-dir/MiniOzoneClusterImpl-99ecd979-b3b3-4b08-8770-c9a2ea2db525/datanode-1/data/ratis] (custom)
2019-09-25 11:45:08,721 [pool-187-thread-1] INFO  storage.RaftStorageDirectory (RaftStorageDirectory.java:analyzeStorage(246)) - The storage directory /workdir/hadoop-ozone/integration-test/target/test-dir/MiniOzoneClusterImpl-99ecd979-b3b3-4b08-8770-c9a2ea2db525/datanode-1/data/ratis/db284759-5c67-4654-bc79-5e0530f25157 does not exist. Creating ...
2019-09-25 11:45:08,734 [pool-187-thread-1] INFO  storage.RaftStorageDirectory (RaftStorageDirectory.java:tryLock(328)) - Lock on /workdir/hadoop-ozone/integration-test/target/test-dir/MiniOzoneClusterImpl-99ecd979-b3b3-4b08-8770-c9a2ea2db525/datanode-1/data/ratis/db284759-5c67-4654-bc79-5e0530f25157/in_use.lock acquired by nodename 9579@pr-hdds-1569-5gmkr-4255264070
2019-09-25 11:45:08,742 [pool-187-thread-1] INFO  storage.RaftStorage (RaftStorage.java:format(72)) - Storage directory /workdir/hadoop-ozone/integration-test/target/test-dir/MiniOzoneClusterImpl-99ecd979-b3b3-4b08-8770-c9a2ea2db525/datanode-1/data/ratis/db284759-5c67-4654-bc79-5e0530f25157 has been successfully formatted.
2019-09-25 11:45:08,742 [pool-187-thread-1] INFO  ratis.ContainerStateMachine (ContainerStateMachine.java:loadSnapshot(230)) - group-5E0530F25157: The snapshot info is null. Setting the last applied indexto:(t:0, i:~)
2019-09-25 11:45:08,742 [pool-187-thread-1] INFO  server.RaftServerConfigKeys (ConfUtils.java:logGet(43)) - raft.server.notification.no-leader.timeout = 120s (custom)
2019-09-25 11:45:08,742 [pool-187-thread-1] INFO  server.RaftServerConfigKeys (ConfUtils.java:logGet(43)) - raft.server.log.use.memory = false (default)
2019-09-25 11:45:08,742 [pool-187-thread-1] INFO  server.RaftServerConfigKeys (ConfUtils.java:logGet(43)) - raft.server.log.purge.gap = 1000000 (custom)
2019-09-25 11:45:08,742 [pool-187-thread-1] INFO  server.RaftServerConfigKeys (ConfUtils.java:logGet(43)) - raft.server.log.appender.buffer.byte-limit = 33554432 (custom)
2019-09-25 11:45:08,743 [pool-187-thread-1] INFO  server.RaftServerConfigKeys (ConfUtils.java:logGet(43)) - raft.server.log.segment.size.max = 1048576 (custom)
2019-09-25 11:45:08,743 [pool-187-thread-1] INFO  server.RaftServerConfigKeys (ConfUtils.java:logGet(43)) - raft.server.log.segment.cache.num.max = 2 (custom)
2019-09-25 11:45:08,743 [pool-187-thread-1] INFO  segmented.SegmentedRaftLogWorker (SegmentedRaftLogWorker.java:<init>(172)) - new f100c784-18af-433c-b537-5ce403f57dd8@group-5E0530F25157-SegmentedRaftLogWorker for RaftStorage:Storage Directory /workdir/hadoop-ozone/integration-test/target/test-dir/MiniOzoneClusterImpl-99ecd979-b3b3-4b08-8770-c9a2ea2db525/datanode-1/data/ratis/db284759-5c67-4654-bc79-5e0530f25157
2019-09-25 11:45:08,745 [pool-187-thread-1] INFO  server.RaftServerConfigKeys (ConfUtils.java:logGet(43)) - raft.server.log.queue.byte-limit = 2147483647 (custom)
2019-09-25 11:45:08,745 [pool-187-thread-1] INFO  server.RaftServerConfigKeys (ConfUtils.java:logGet(43)) - raft.server.log.queue.element-limit = 1024 (custom)
2019-09-25 11:45:08,745 [pool-187-thread-1] INFO  server.RaftServerConfigKeys (ConfUtils.java:logGet(43)) - raft.server.log.segment.size.max = 1048576 (custom)
2019-09-25 11:45:08,745 [pool-187-thread-1] INFO  server.RaftServerConfigKeys (ConfUtils.java:logGet(43)) - raft.server.log.preallocated.size = 16384 (custom)
2019-09-25 11:45:08,745 [pool-187-thread-1] INFO  server.RaftServerConfigKeys (ConfUtils.java:logGet(43)) - raft.server.log.write.buffer.size = 33554432 (custom)
2019-09-25 11:45:08,745 [pool-187-thread-1] INFO  server.RaftServerConfigKeys (ConfUtils.java:logGet(43)) - raft.server.log.force.sync.num = 128 (default)
2019-09-25 11:45:08,746 [pool-187-thread-1] INFO  server.RaftServerConfigKeys (ConfUtils.java:logGet(43)) - raft.server.log.statemachine.data.sync = true (default)
2019-09-25 11:45:08,746 [pool-187-thread-1] INFO  server.RaftServerConfigKeys (ConfUtils.java:logGet(43)) - raft.server.log.statemachine.data.sync.timeout = 10s (default)
2019-09-25 11:45:08,746 [pool-187-thread-1] INFO  server.RaftServerConfigKeys (ConfUtils.java:logGet(43)) - raft.server.log.statemachine.data.sync.timeout.retry = -1 (default)
2019-09-25 11:45:08,746 [pool-187-thread-1] INFO  server.RaftServerConfigKeys (ConfUtils.java:logGet(43)) - raft.server.log.statemachine.data.caching.enabled = true (custom)
2019-09-25 11:45:08,746 [pool-187-thread-1] INFO  segmented.SegmentedRaftLogWorker (SegmentedRaftLogWorker.java:lambda$new$0(132)) - f100c784-18af-433c-b537-5ce403f57dd8@group-5E0530F25157-SegmentedRaftLogWorker: flushIndex: setUnconditionally 0 -> -1
2019-09-25 11:45:08,747 [pool-187-thread-1] INFO  server.RaftServerConfigKeys (ConfUtils.java:logGet(43)) - raft.server.snapshot.auto.trigger.enabled = true (custom)
2019-09-25 11:45:08,747 [pool-187-thread-1] INFO  server.RaftServerConfigKeys (ConfUtils.java:logGet(43)) - raft.server.snapshot.auto.trigger.threshold = 10000 (custom)
2019-09-25 11:45:08,747 [pool-187-thread-1] INFO  server.RaftServerConfigKeys (ConfUtils.java:logGet(43)) - raft.server.snapshot.retention.num.files = 5 (custom)
2019-09-25 11:45:08,747 [pool-187-thread-1] INFO  server.RaftServerConfigKeys (ConfUtils.java:logGet(43)) - raft.server.retrycache.expirytime = 600000ms (custom)
2019-09-25 11:45:08,749 [pool-187-thread-1] INFO  impl.RaftServerImpl (RaftServerImpl.java:start(185)) - f100c784-18af-433c-b537-5ce403f57dd8@group-5E0530F25157: start as a follower, conf=-1: [f100c784-18af-433c-b537-5ce403f57dd8:192.168.30.6:33083], old=null
2019-09-25 11:45:08,749 [pool-187-thread-1] INFO  impl.RaftServerImpl (RaftServerImpl.java:setRole(174)) - f100c784-18af-433c-b537-5ce403f57dd8@group-5E0530F25157: changes role from      null to FOLLOWER at term 0 for startAsFollower
2019-09-25 11:45:08,749 [pool-187-thread-1] INFO  impl.RoleInfo (RoleInfo.java:updateAndGet(143)) - f100c784-18af-433c-b537-5ce403f57dd8: start FollowerState
2019-09-25 11:45:08,750 [pool-187-thread-1] INFO  util.JmxRegister (JmxRegister.java:tryRegister(44)) - Successfully registered JMX Bean with object name Ratis:service=RaftServer,group=group-5E0530F25157,id=f100c784-18af-433c-b537-5ce403f57dd8
2019-09-25 11:45:08,752 [RatisPipelineUtilsThread] INFO  pipeline.PipelineStateManager (PipelineStateManager.java:addPipeline(56)) - Created pipeline Pipeline[ Id: db284759-5c67-4654-bc79-5e0530f25157, Nodes: f100c784-18af-433c-b537-5ce403f57dd8{ip: 192.168.30.6, host: pr-hdds-1569-5gmkr-4255264070, networkLocation: /default-rack, certSerialId: null}, Type:RATIS, Factor:ONE, State:OPEN]
2019-09-25 11:45:08,758 [grpc-default-executor-0] INFO  impl.RaftServerProxy (RaftServerProxy.java:addNew(89)) - 031e4d08-7683-4c7f-bd85-96c0eaa9cc40: addNew group-F0CB769A4280:[031e4d08-7683-4c7f-bd85-96c0eaa9cc40:192.168.30.6:35702] returns group-F0CB769A4280:java.util.concurrent.CompletableFuture@26fa36e7[Not completed]
2019-09-25 11:45:08,759 [pool-177-thread-1] INFO  impl.RaftServerImpl (RaftServerImpl.java:<init>(95)) - 031e4d08-7683-4c7f-bd85-96c0eaa9cc40: new RaftServerImpl for group-F0CB769A4280:[031e4d08-7683-4c7f-bd85-96c0eaa9cc40:192.168.30.6:35702] with ContainerStateMachine:uninitialized
2019-09-25 11:45:08,759 [pool-177-thread-1] INFO  server.RaftServerConfigKeys (ConfUtils.java:logGet(43)) - raft.server.rpc.timeout.min = 5s (custom)
2019-09-25 11:45:08,759 [pool-177-thread-1] INFO  server.RaftServerConfigKeys (ConfUtils.java:logGet(43)) - raft.server.rpc.timeout.max = 5200ms (custom)
2019-09-25 11:45:08,759 [pool-177-thread-1] INFO  server.RaftServerConfigKeys (ConfUtils.java:logGet(43)) - raft.server.rpcslowness.timeout = 120s (custom)
2019-09-25 11:45:08,759 [pool-177-thread-1] INFO  server.RaftServerConfigKeys (ConfUtils.java:logGet(43)) - raft.server.sleep.deviation.threshold = 300 (default)
2019-09-25 11:45:08,759 [pool-177-thread-1] INFO  server.RaftServerConfigKeys (ConfUtils.java:logGet(43)) - raft.server.log.appender.install.snapshot.enabled = false (custom)
2019-09-25 11:45:08,759 [pool-177-thread-1] INFO  impl.RaftServerImpl (ServerState.java:<init>(103)) - 031e4d08-7683-4c7f-bd85-96c0eaa9cc40@group-F0CB769A4280: ConfigurationManager, init=-1: [031e4d08-7683-4c7f-bd85-96c0eaa9cc40:192.168.30.6:35702], old=null, confs=<EMPTY_MAP>
2019-09-25 11:45:08,760 [pool-177-thread-1] INFO  server.RaftServerConfigKeys (ConfUtils.java:logGet(43)) - raft.server.storage.dir = [/workdir/hadoop-ozone/integration-test/target/test-dir/MiniOzoneClusterImpl-99ecd979-b3b3-4b08-8770-c9a2ea2db525/datanode-0/data/ratis] (custom)
2019-09-25 11:45:08,773 [pool-177-thread-1] INFO  storage.RaftStorageDirectory (RaftStorageDirectory.java:analyzeStorage(246)) - The storage directory /workdir/hadoop-ozone/integration-test/target/test-dir/MiniOzoneClusterImpl-99ecd979-b3b3-4b08-8770-c9a2ea2db525/datanode-0/data/ratis/bbb9af9f-d932-46d2-a6f0-f0cb769a4280 does not exist. Creating ...
2019-09-25 11:45:08,906 [pool-177-thread-1] INFO  storage.RaftStorageDirectory (RaftStorageDirectory.java:tryLock(328)) - Lock on /workdir/hadoop-ozone/integration-test/target/test-dir/MiniOzoneClusterImpl-99ecd979-b3b3-4b08-8770-c9a2ea2db525/datanode-0/data/ratis/bbb9af9f-d932-46d2-a6f0-f0cb769a4280/in_use.lock acquired by nodename 9579@pr-hdds-1569-5gmkr-4255264070
2019-09-25 11:45:08,917 [pool-177-thread-1] INFO  storage.RaftStorage (RaftStorage.java:format(72)) - Storage directory /workdir/hadoop-ozone/integration-test/target/test-dir/MiniOzoneClusterImpl-99ecd979-b3b3-4b08-8770-c9a2ea2db525/datanode-0/data/ratis/bbb9af9f-d932-46d2-a6f0-f0cb769a4280 has been successfully formatted.
2019-09-25 11:45:08,918 [pool-177-thread-1] INFO  ratis.ContainerStateMachine (ContainerStateMachine.java:loadSnapshot(230)) - group-F0CB769A4280: The snapshot info is null. Setting the last applied indexto:(t:0, i:~)
2019-09-25 11:45:08,918 [pool-177-thread-1] INFO  server.RaftServerConfigKeys (ConfUtils.java:logGet(43)) - raft.server.notification.no-leader.timeout = 120s (custom)
2019-09-25 11:45:08,918 [pool-177-thread-1] INFO  server.RaftServerConfigKeys (ConfUtils.java:logGet(43)) - raft.server.log.use.memory = false (default)
2019-09-25 11:45:08,919 [pool-177-thread-1] INFO  server.RaftServerConfigKeys (ConfUtils.java:logGet(43)) - raft.server.log.purge.gap = 1000000 (custom)
2019-09-25 11:45:08,919 [pool-177-thread-1] INFO  server.RaftServerConfigKeys (ConfUtils.java:logGet(43)) - raft.server.log.appender.buffer.byte-limit = 33554432 (custom)
2019-09-25 11:45:08,919 [pool-177-thread-1] INFO  server.RaftServerConfigKeys (ConfUtils.java:logGet(43)) - raft.server.log.segment.size.max = 1048576 (custom)
2019-09-25 11:45:08,919 [pool-177-thread-1] INFO  server.RaftServerConfigKeys (ConfUtils.java:logGet(43)) - raft.server.log.segment.cache.num.max = 2 (custom)
2019-09-25 11:45:08,920 [pool-177-thread-1] INFO  segmented.SegmentedRaftLogWorker (SegmentedRaftLogWorker.java:<init>(172)) - new 031e4d08-7683-4c7f-bd85-96c0eaa9cc40@group-F0CB769A4280-SegmentedRaftLogWorker for RaftStorage:Storage Directory /workdir/hadoop-ozone/integration-test/target/test-dir/MiniOzoneClusterImpl-99ecd979-b3b3-4b08-8770-c9a2ea2db525/datanode-0/data/ratis/bbb9af9f-d932-46d2-a6f0-f0cb769a4280
2019-09-25 11:45:08,920 [pool-177-thread-1] INFO  server.RaftServerConfigKeys (ConfUtils.java:logGet(43)) - raft.server.log.queue.byte-limit = 2147483647 (custom)
2019-09-25 11:45:08,920 [pool-177-thread-1] INFO  server.RaftServerConfigKeys (ConfUtils.java:logGet(43)) - raft.server.log.queue.element-limit = 1024 (custom)
2019-09-25 11:45:08,920 [pool-177-thread-1] INFO  server.RaftServerConfigKeys (ConfUtils.java:logGet(43)) - raft.server.log.segment.size.max = 1048576 (custom)
2019-09-25 11:45:08,920 [pool-177-thread-1] INFO  server.RaftServerConfigKeys (ConfUtils.java:logGet(43)) - raft.server.log.preallocated.size = 16384 (custom)
2019-09-25 11:45:08,920 [pool-177-thread-1] INFO  server.RaftServerConfigKeys (ConfUtils.java:logGet(43)) - raft.server.log.write.buffer.size = 33554432 (custom)
2019-09-25 11:45:08,921 [pool-177-thread-1] INFO  server.RaftServerConfigKeys (ConfUtils.java:logGet(43)) - raft.server.log.force.sync.num = 128 (default)
2019-09-25 11:45:08,921 [pool-177-thread-1] INFO  server.RaftServerConfigKeys (ConfUtils.java:logGet(43)) - raft.server.log.statemachine.data.sync = true (default)
2019-09-25 11:45:08,921 [pool-177-thread-1] INFO  server.RaftServerConfigKeys (ConfUtils.java:logGet(43)) - raft.server.log.statemachine.data.sync.timeout = 10s (default)
2019-09-25 11:45:08,921 [pool-177-thread-1] INFO  server.RaftServerConfigKeys (ConfUtils.java:logGet(43)) - raft.server.log.statemachine.data.sync.timeout.retry = -1 (default)
2019-09-25 11:45:08,921 [pool-177-thread-1] INFO  server.RaftServerConfigKeys (ConfUtils.java:logGet(43)) - raft.server.log.statemachine.data.caching.enabled = true (custom)
2019-09-25 11:45:08,922 [pool-177-thread-1] INFO  segmented.SegmentedRaftLogWorker (SegmentedRaftLogWorker.java:lambda$new$0(132)) - 031e4d08-7683-4c7f-bd85-96c0eaa9cc40@group-F0CB769A4280-SegmentedRaftLogWorker: flushIndex: setUnconditionally 0 -> -1
2019-09-25 11:45:08,922 [pool-177-thread-1] INFO  server.RaftServerConfigKeys (ConfUtils.java:logGet(43)) - raft.server.snapshot.auto.trigger.enabled = true (custom)
2019-09-25 11:45:08,923 [pool-177-thread-1] INFO  server.RaftServerConfigKeys (ConfUtils.java:logGet(43)) - raft.server.snapshot.auto.trigger.threshold = 10000 (custom)
2019-09-25 11:45:08,923 [pool-177-thread-1] INFO  server.RaftServerConfigKeys (ConfUtils.java:logGet(43)) - raft.server.snapshot.retention.num.files = 5 (custom)
2019-09-25 11:45:08,923 [pool-177-thread-1] INFO  server.RaftServerConfigKeys (ConfUtils.java:logGet(43)) - raft.server.retrycache.expirytime = 600000ms (custom)
2019-09-25 11:45:08,927 [pool-177-thread-1] INFO  impl.RaftServerImpl (RaftServerImpl.java:start(185)) - 031e4d08-7683-4c7f-bd85-96c0eaa9cc40@group-F0CB769A4280: start as a follower, conf=-1: [031e4d08-7683-4c7f-bd85-96c0eaa9cc40:192.168.30.6:35702], old=null
2019-09-25 11:45:08,927 [pool-177-thread-1] INFO  impl.RaftServerImpl (RaftServerImpl.java:setRole(174)) - 031e4d08-7683-4c7f-bd85-96c0eaa9cc40@group-F0CB769A4280: changes role from      null to FOLLOWER at term 0 for startAsFollower
2019-09-25 11:45:08,928 [pool-177-thread-1] INFO  impl.RoleInfo (RoleInfo.java:updateAndGet(143)) - 031e4d08-7683-4c7f-bd85-96c0eaa9cc40: start FollowerState
2019-09-25 11:45:08,928 [pool-177-thread-1] INFO  util.JmxRegister (JmxRegister.java:tryRegister(44)) - Successfully registered JMX Bean with object name Ratis:service=RaftServer,group=group-F0CB769A4280,id=031e4d08-7683-4c7f-bd85-96c0eaa9cc40
2019-09-25 11:45:08,934 [RatisPipelineUtilsThread] INFO  pipeline.PipelineStateManager (PipelineStateManager.java:addPipeline(56)) - Created pipeline Pipeline[ Id: bbb9af9f-d932-46d2-a6f0-f0cb769a4280, Nodes: 031e4d08-7683-4c7f-bd85-96c0eaa9cc40{ip: 192.168.30.6, host: pr-hdds-1569-5gmkr-4255264070, networkLocation: /default-rack, certSerialId: null}, Type:RATIS, Factor:ONE, State:OPEN]
2019-09-25 11:45:08,941 [grpc-default-executor-0] INFO  impl.RaftServerProxy (RaftServerProxy.java:addNew(89)) - 031e4d08-7683-4c7f-bd85-96c0eaa9cc40: addNew group-FDFD6CCDC69F:[031e4d08-7683-4c7f-bd85-96c0eaa9cc40:192.168.30.6:35702] returns group-FDFD6CCDC69F:java.util.concurrent.CompletableFuture@1553f76f[Not completed]
2019-09-25 11:45:08,943 [pool-177-thread-1] INFO  impl.RaftServerImpl (RaftServerImpl.java:<init>(95)) - 031e4d08-7683-4c7f-bd85-96c0eaa9cc40: new RaftServerImpl for group-FDFD6CCDC69F:[031e4d08-7683-4c7f-bd85-96c0eaa9cc40:192.168.30.6:35702] with ContainerStateMachine:uninitialized
2019-09-25 11:45:08,943 [pool-177-thread-1] INFO  server.RaftServerConfigKeys (ConfUtils.java:logGet(43)) - raft.server.rpc.timeout.min = 5s (custom)
2019-09-25 11:45:08,943 [pool-177-thread-1] INFO  server.RaftServerConfigKeys (ConfUtils.java:logGet(43)) - raft.server.rpc.timeout.max = 5200ms (custom)
2019-09-25 11:45:08,943 [pool-177-thread-1] INFO  server.RaftServerConfigKeys (ConfUtils.java:logGet(43)) - raft.server.rpcslowness.timeout = 120s (custom)
2019-09-25 11:45:08,943 [pool-177-thread-1] INFO  server.RaftServerConfigKeys (ConfUtils.java:logGet(43)) - raft.server.sleep.deviation.threshold = 300 (default)
2019-09-25 11:45:08,943 [pool-177-thread-1] INFO  server.RaftServerConfigKeys (ConfUtils.java:logGet(43)) - raft.server.log.appender.install.snapshot.enabled = false (custom)
2019-09-25 11:45:08,944 [pool-177-thread-1] INFO  impl.RaftServerImpl (ServerState.java:<init>(103)) - 031e4d08-7683-4c7f-bd85-96c0eaa9cc40@group-FDFD6CCDC69F: ConfigurationManager, init=-1: [031e4d08-7683-4c7f-bd85-96c0eaa9cc40:192.168.30.6:35702], old=null, confs=<EMPTY_MAP>
2019-09-25 11:45:08,944 [pool-177-thread-1] INFO  server.RaftServerConfigKeys (ConfUtils.java:logGet(43)) - raft.server.storage.dir = [/workdir/hadoop-ozone/integration-test/target/test-dir/MiniOzoneClusterImpl-99ecd979-b3b3-4b08-8770-c9a2ea2db525/datanode-0/data/ratis] (custom)
2019-09-25 11:45:08,944 [pool-177-thread-1] INFO  storage.RaftStorageDirectory (RaftStorageDirectory.java:analyzeStorage(246)) - The storage directory /workdir/hadoop-ozone/integration-test/target/test-dir/MiniOzoneClusterImpl-99ecd979-b3b3-4b08-8770-c9a2ea2db525/datanode-0/data/ratis/440d2f0e-fef9-48ba-a4e9-fdfd6ccdc69f does not exist. Creating ...
2019-09-25 11:45:08,951 [pool-177-thread-1] INFO  storage.RaftStorageDirectory (RaftStorageDirectory.java:tryLock(328)) - Lock on /workdir/hadoop-ozone/integration-test/target/test-dir/MiniOzoneClusterImpl-99ecd979-b3b3-4b08-8770-c9a2ea2db525/datanode-0/data/ratis/440d2f0e-fef9-48ba-a4e9-fdfd6ccdc69f/in_use.lock acquired by nodename 9579@pr-hdds-1569-5gmkr-4255264070
2019-09-25 11:45:08,964 [pool-177-thread-1] INFO  storage.RaftStorage (RaftStorage.java:format(72)) - Storage directory /workdir/hadoop-ozone/integration-test/target/test-dir/MiniOzoneClusterImpl-99ecd979-b3b3-4b08-8770-c9a2ea2db525/datanode-0/data/ratis/440d2f0e-fef9-48ba-a4e9-fdfd6ccdc69f has been successfully formatted.
2019-09-25 11:45:08,964 [pool-177-thread-1] INFO  ratis.ContainerStateMachine (ContainerStateMachine.java:loadSnapshot(230)) - group-FDFD6CCDC69F: The snapshot info is null. Setting the last applied indexto:(t:0, i:~)
2019-09-25 11:45:08,965 [pool-177-thread-1] INFO  server.RaftServerConfigKeys (ConfUtils.java:logGet(43)) - raft.server.notification.no-leader.timeout = 120s (custom)
2019-09-25 11:45:08,965 [pool-177-thread-1] INFO  server.RaftServerConfigKeys (ConfUtils.java:logGet(43)) - raft.server.log.use.memory = false (default)
2019-09-25 11:45:08,965 [pool-177-thread-1] INFO  server.RaftServerConfigKeys (ConfUtils.java:logGet(43)) - raft.server.log.purge.gap = 1000000 (custom)
2019-09-25 11:45:08,965 [pool-177-thread-1] INFO  server.RaftServerConfigKeys (ConfUtils.java:logGet(43)) - raft.server.log.appender.buffer.byte-limit = 33554432 (custom)
2019-09-25 11:45:08,965 [pool-177-thread-1] INFO  server.RaftServerConfigKeys (ConfUtils.java:logGet(43)) - raft.server.log.segment.size.max = 1048576 (custom)
2019-09-25 11:45:08,965 [pool-177-thread-1] INFO  server.RaftServerConfigKeys (ConfUtils.java:logGet(43)) - raft.server.log.segment.cache.num.max = 2 (custom)
2019-09-25 11:45:08,965 [pool-177-thread-1] INFO  segmented.SegmentedRaftLogWorker (SegmentedRaftLogWorker.java:<init>(172)) - new 031e4d08-7683-4c7f-bd85-96c0eaa9cc40@group-FDFD6CCDC69F-SegmentedRaftLogWorker for RaftStorage:Storage Directory /workdir/hadoop-ozone/integration-test/target/test-dir/MiniOzoneClusterImpl-99ecd979-b3b3-4b08-8770-c9a2ea2db525/datanode-0/data/ratis/440d2f0e-fef9-48ba-a4e9-fdfd6ccdc69f
2019-09-25 11:45:08,966 [pool-177-thread-1] INFO  server.RaftServerConfigKeys (ConfUtils.java:logGet(43)) - raft.server.log.queue.byte-limit = 2147483647 (custom)
2019-09-25 11:45:08,966 [pool-177-thread-1] INFO  server.RaftServerConfigKeys (ConfUtils.java:logGet(43)) - raft.server.log.queue.element-limit = 1024 (custom)
2019-09-25 11:45:08,966 [pool-177-thread-1] INFO  server.RaftServerConfigKeys (ConfUtils.java:logGet(43)) - raft.server.log.segment.size.max = 1048576 (custom)
2019-09-25 11:45:08,966 [pool-177-thread-1] INFO  server.RaftServerConfigKeys (ConfUtils.java:logGet(43)) - raft.server.log.preallocated.size = 16384 (custom)
2019-09-25 11:45:08,966 [pool-177-thread-1] INFO  server.RaftServerConfigKeys (ConfUtils.java:logGet(43)) - raft.server.log.write.buffer.size = 33554432 (custom)
2019-09-25 11:45:08,966 [pool-177-thread-1] INFO  server.RaftServerConfigKeys (ConfUtils.java:logGet(43)) - raft.server.log.force.sync.num = 128 (default)
2019-09-25 11:45:08,966 [pool-177-thread-1] INFO  server.RaftServerConfigKeys (ConfUtils.java:logGet(43)) - raft.server.log.statemachine.data.sync = true (default)
2019-09-25 11:45:08,967 [pool-177-thread-1] INFO  server.RaftServerConfigKeys (ConfUtils.java:logGet(43)) - raft.server.log.statemachine.data.sync.timeout = 10s (default)
2019-09-25 11:45:08,967 [pool-177-thread-1] INFO  server.RaftServerConfigKeys (ConfUtils.java:logGet(43)) - raft.server.log.statemachine.data.sync.timeout.retry = -1 (default)
2019-09-25 11:45:08,967 [pool-177-thread-1] INFO  server.RaftServerConfigKeys (ConfUtils.java:logGet(43)) - raft.server.log.statemachine.data.caching.enabled = true (custom)
2019-09-25 11:45:08,967 [pool-177-thread-1] INFO  segmented.SegmentedRaftLogWorker (SegmentedRaftLogWorker.java:lambda$new$0(132)) - 031e4d08-7683-4c7f-bd85-96c0eaa9cc40@group-FDFD6CCDC69F-SegmentedRaftLogWorker: flushIndex: setUnconditionally 0 -> -1
2019-09-25 11:45:08,968 [pool-177-thread-1] INFO  server.RaftServerConfigKeys (ConfUtils.java:logGet(43)) - raft.server.snapshot.auto.trigger.enabled = true (custom)
2019-09-25 11:45:08,968 [pool-177-thread-1] INFO  server.RaftServerConfigKeys (ConfUtils.java:logGet(43)) - raft.server.snapshot.auto.trigger.threshold = 10000 (custom)
2019-09-25 11:45:08,968 [pool-177-thread-1] INFO  server.RaftServerConfigKeys (ConfUtils.java:logGet(43)) - raft.server.snapshot.retention.num.files = 5 (custom)
2019-09-25 11:45:08,968 [pool-177-thread-1] INFO  server.RaftServerConfigKeys (ConfUtils.java:logGet(43)) - raft.server.retrycache.expirytime = 600000ms (custom)
2019-09-25 11:45:08,970 [pool-177-thread-1] INFO  impl.RaftServerImpl (RaftServerImpl.java:start(185)) - 031e4d08-7683-4c7f-bd85-96c0eaa9cc40@group-FDFD6CCDC69F: start as a follower, conf=-1: [031e4d08-7683-4c7f-bd85-96c0eaa9cc40:192.168.30.6:35702], old=null
2019-09-25 11:45:08,970 [pool-177-thread-1] INFO  impl.RaftServerImpl (RaftServerImpl.java:setRole(174)) - 031e4d08-7683-4c7f-bd85-96c0eaa9cc40@group-FDFD6CCDC69F: changes role from      null to FOLLOWER at term 0 for startAsFollower
2019-09-25 11:45:08,970 [pool-177-thread-1] INFO  impl.RoleInfo (RoleInfo.java:updateAndGet(143)) - 031e4d08-7683-4c7f-bd85-96c0eaa9cc40: start FollowerState
2019-09-25 11:45:08,971 [pool-177-thread-1] INFO  util.JmxRegister (JmxRegister.java:tryRegister(44)) - Successfully registered JMX Bean with object name Ratis:service=RaftServer,group=group-FDFD6CCDC69F,id=031e4d08-7683-4c7f-bd85-96c0eaa9cc40
2019-09-25 11:45:08,974 [RatisPipelineUtilsThread] INFO  pipeline.PipelineStateManager (PipelineStateManager.java:addPipeline(56)) - Created pipeline Pipeline[ Id: 440d2f0e-fef9-48ba-a4e9-fdfd6ccdc69f, Nodes: 031e4d08-7683-4c7f-bd85-96c0eaa9cc40{ip: 192.168.30.6, host: pr-hdds-1569-5gmkr-4255264070, networkLocation: /default-rack, certSerialId: null}, Type:RATIS, Factor:ONE, State:OPEN]
2019-09-25 11:45:08,979 [grpc-default-executor-0] INFO  impl.RaftServerProxy (RaftServerProxy.java:addNew(89)) - 031e4d08-7683-4c7f-bd85-96c0eaa9cc40: addNew group-FD524E4861B9:[031e4d08-7683-4c7f-bd85-96c0eaa9cc40:192.168.30.6:35702] returns group-FD524E4861B9:java.util.concurrent.CompletableFuture@76fee19c[Not completed]
2019-09-25 11:45:08,980 [pool-177-thread-1] INFO  impl.RaftServerImpl (RaftServerImpl.java:<init>(95)) - 031e4d08-7683-4c7f-bd85-96c0eaa9cc40: new RaftServerImpl for group-FD524E4861B9:[031e4d08-7683-4c7f-bd85-96c0eaa9cc40:192.168.30.6:35702] with ContainerStateMachine:uninitialized
2019-09-25 11:45:08,981 [pool-177-thread-1] INFO  server.RaftServerConfigKeys (ConfUtils.java:logGet(43)) - raft.server.rpc.timeout.min = 5s (custom)
2019-09-25 11:45:08,981 [pool-177-thread-1] INFO  server.RaftServerConfigKeys (ConfUtils.java:logGet(43)) - raft.server.rpc.timeout.max = 5200ms (custom)
2019-09-25 11:45:08,981 [pool-177-thread-1] INFO  server.RaftServerConfigKeys (ConfUtils.java:logGet(43)) - raft.server.rpcslowness.timeout = 120s (custom)
2019-09-25 11:45:08,981 [pool-177-thread-1] INFO  server.RaftServerConfigKeys (ConfUtils.java:logGet(43)) - raft.server.sleep.deviation.threshold = 300 (default)
2019-09-25 11:45:08,981 [pool-177-thread-1] INFO  server.RaftServerConfigKeys (ConfUtils.java:logGet(43)) - raft.server.log.appender.install.snapshot.enabled = false (custom)
2019-09-25 11:45:08,981 [pool-177-thread-1] INFO  impl.RaftServerImpl (ServerState.java:<init>(103)) - 031e4d08-7683-4c7f-bd85-96c0eaa9cc40@group-FD524E4861B9: ConfigurationManager, init=-1: [031e4d08-7683-4c7f-bd85-96c0eaa9cc40:192.168.30.6:35702], old=null, confs=<EMPTY_MAP>
2019-09-25 11:45:08,981 [pool-177-thread-1] INFO  server.RaftServerConfigKeys (ConfUtils.java:logGet(43)) - raft.server.storage.dir = [/workdir/hadoop-ozone/integration-test/target/test-dir/MiniOzoneClusterImpl-99ecd979-b3b3-4b08-8770-c9a2ea2db525/datanode-0/data/ratis] (custom)
2019-09-25 11:45:08,982 [pool-177-thread-1] INFO  storage.RaftStorageDirectory (RaftStorageDirectory.java:analyzeStorage(246)) - The storage directory /workdir/hadoop-ozone/integration-test/target/test-dir/MiniOzoneClusterImpl-99ecd979-b3b3-4b08-8770-c9a2ea2db525/datanode-0/data/ratis/bd288d79-6b0f-40c8-ad62-fd524e4861b9 does not exist. Creating ...
2019-09-25 11:45:08,988 [pool-177-thread-1] INFO  storage.RaftStorageDirectory (RaftStorageDirectory.java:tryLock(328)) - Lock on /workdir/hadoop-ozone/integration-test/target/test-dir/MiniOzoneClusterImpl-99ecd979-b3b3-4b08-8770-c9a2ea2db525/datanode-0/data/ratis/bd288d79-6b0f-40c8-ad62-fd524e4861b9/in_use.lock acquired by nodename 9579@pr-hdds-1569-5gmkr-4255264070
2019-09-25 11:45:09,002 [pool-177-thread-1] INFO  storage.RaftStorage (RaftStorage.java:format(72)) - Storage directory /workdir/hadoop-ozone/integration-test/target/test-dir/MiniOzoneClusterImpl-99ecd979-b3b3-4b08-8770-c9a2ea2db525/datanode-0/data/ratis/bd288d79-6b0f-40c8-ad62-fd524e4861b9 has been successfully formatted.
2019-09-25 11:45:09,002 [pool-177-thread-1] INFO  ratis.ContainerStateMachine (ContainerStateMachine.java:loadSnapshot(230)) - group-FD524E4861B9: The snapshot info is null. Setting the last applied indexto:(t:0, i:~)
2019-09-25 11:45:09,002 [pool-177-thread-1] INFO  server.RaftServerConfigKeys (ConfUtils.java:logGet(43)) - raft.server.notification.no-leader.timeout = 120s (custom)
2019-09-25 11:45:09,002 [pool-177-thread-1] INFO  server.RaftServerConfigKeys (ConfUtils.java:logGet(43)) - raft.server.log.use.memory = false (default)
2019-09-25 11:45:09,002 [pool-177-thread-1] INFO  server.RaftServerConfigKeys (ConfUtils.java:logGet(43)) - raft.server.log.purge.gap = 1000000 (custom)
2019-09-25 11:45:09,002 [pool-177-thread-1] INFO  server.RaftServerConfigKeys (ConfUtils.java:logGet(43)) - raft.server.log.appender.buffer.byte-limit = 33554432 (custom)
2019-09-25 11:45:09,003 [pool-177-thread-1] INFO  server.RaftServerConfigKeys (ConfUtils.java:logGet(43)) - raft.server.log.segment.size.max = 1048576 (custom)
2019-09-25 11:45:09,003 [pool-177-thread-1] INFO  server.RaftServerConfigKeys (ConfUtils.java:logGet(43)) - raft.server.log.segment.cache.num.max = 2 (custom)
2019-09-25 11:45:09,003 [pool-177-thread-1] INFO  segmented.SegmentedRaftLogWorker (SegmentedRaftLogWorker.java:<init>(172)) - new 031e4d08-7683-4c7f-bd85-96c0eaa9cc40@group-FD524E4861B9-SegmentedRaftLogWorker for RaftStorage:Storage Directory /workdir/hadoop-ozone/integration-test/target/test-dir/MiniOzoneClusterImpl-99ecd979-b3b3-4b08-8770-c9a2ea2db525/datanode-0/data/ratis/bd288d79-6b0f-40c8-ad62-fd524e4861b9
2019-09-25 11:45:09,003 [pool-177-thread-1] INFO  server.RaftServerConfigKeys (ConfUtils.java:logGet(43)) - raft.server.log.queue.byte-limit = 2147483647 (custom)
2019-09-25 11:45:09,003 [pool-177-thread-1] INFO  server.RaftServerConfigKeys (ConfUtils.java:logGet(43)) - raft.server.log.queue.element-limit = 1024 (custom)
2019-09-25 11:45:09,003 [pool-177-thread-1] INFO  server.RaftServerConfigKeys (ConfUtils.java:logGet(43)) - raft.server.log.segment.size.max = 1048576 (custom)
2019-09-25 11:45:09,003 [pool-177-thread-1] INFO  server.RaftServerConfigKeys (ConfUtils.java:logGet(43)) - raft.server.log.preallocated.size = 16384 (custom)
2019-09-25 11:45:09,004 [pool-177-thread-1] INFO  server.RaftServerConfigKeys (ConfUtils.java:logGet(43)) - raft.server.log.write.buffer.size = 33554432 (custom)
2019-09-25 11:45:09,004 [pool-177-thread-1] INFO  server.RaftServerConfigKeys (ConfUtils.java:logGet(43)) - raft.server.log.force.sync.num = 128 (default)
2019-09-25 11:45:09,004 [pool-177-thread-1] INFO  server.RaftServerConfigKeys (ConfUtils.java:logGet(43)) - raft.server.log.statemachine.data.sync = true (default)
2019-09-25 11:45:09,004 [pool-177-thread-1] INFO  server.RaftServerConfigKeys (ConfUtils.java:logGet(43)) - raft.server.log.statemachine.data.sync.timeout = 10s (default)
2019-09-25 11:45:09,004 [pool-177-thread-1] INFO  server.RaftServerConfigKeys (ConfUtils.java:logGet(43)) - raft.server.log.statemachine.data.sync.timeout.retry = -1 (default)
2019-09-25 11:45:09,004 [pool-177-thread-1] INFO  server.RaftServerConfigKeys (ConfUtils.java:logGet(43)) - raft.server.log.statemachine.data.caching.enabled = true (custom)
2019-09-25 11:45:09,005 [pool-177-thread-1] INFO  segmented.SegmentedRaftLogWorker (SegmentedRaftLogWorker.java:lambda$new$0(132)) - 031e4d08-7683-4c7f-bd85-96c0eaa9cc40@group-FD524E4861B9-SegmentedRaftLogWorker: flushIndex: setUnconditionally 0 -> -1
2019-09-25 11:45:09,005 [pool-177-thread-1] INFO  server.RaftServerConfigKeys (ConfUtils.java:logGet(43)) - raft.server.snapshot.auto.trigger.enabled = true (custom)
2019-09-25 11:45:09,005 [pool-177-thread-1] INFO  server.RaftServerConfigKeys (ConfUtils.java:logGet(43)) - raft.server.snapshot.auto.trigger.threshold = 10000 (custom)
2019-09-25 11:45:09,005 [pool-177-thread-1] INFO  server.RaftServerConfigKeys (ConfUtils.java:logGet(43)) - raft.server.snapshot.retention.num.files = 5 (custom)
2019-09-25 11:45:09,005 [pool-177-thread-1] INFO  server.RaftServerConfigKeys (ConfUtils.java:logGet(43)) - raft.server.retrycache.expirytime = 600000ms (custom)
2019-09-25 11:45:09,007 [pool-177-thread-1] INFO  impl.RaftServerImpl (RaftServerImpl.java:start(185)) - 031e4d08-7683-4c7f-bd85-96c0eaa9cc40@group-FD524E4861B9: start as a follower, conf=-1: [031e4d08-7683-4c7f-bd85-96c0eaa9cc40:192.168.30.6:35702], old=null
2019-09-25 11:45:09,007 [pool-177-thread-1] INFO  impl.RaftServerImpl (RaftServerImpl.java:setRole(174)) - 031e4d08-7683-4c7f-bd85-96c0eaa9cc40@group-FD524E4861B9: changes role from      null to FOLLOWER at term 0 for startAsFollower
2019-09-25 11:45:09,008 [pool-177-thread-1] INFO  impl.RoleInfo (RoleInfo.java:updateAndGet(143)) - 031e4d08-7683-4c7f-bd85-96c0eaa9cc40: start FollowerState
2019-09-25 11:45:09,008 [pool-177-thread-1] INFO  util.JmxRegister (JmxRegister.java:tryRegister(44)) - Successfully registered JMX Bean with object name Ratis:service=RaftServer,group=group-FD524E4861B9,id=031e4d08-7683-4c7f-bd85-96c0eaa9cc40
2019-09-25 11:45:09,011 [RatisPipelineUtilsThread] INFO  pipeline.PipelineStateManager (PipelineStateManager.java:addPipeline(56)) - Created pipeline Pipeline[ Id: bd288d79-6b0f-40c8-ad62-fd524e4861b9, Nodes: 031e4d08-7683-4c7f-bd85-96c0eaa9cc40{ip: 192.168.30.6, host: pr-hdds-1569-5gmkr-4255264070, networkLocation: /default-rack, certSerialId: null}, Type:RATIS, Factor:ONE, State:OPEN]
2019-09-25 11:45:09,011 [RatisPipelineUtilsThread] INFO  pipeline.PipelinePlacementPolicy (PipelinePlacementPolicy.java:meetCriteria(91)) - Pipeline Placement: can't place more pipeline on heavy datanode： 031e4d08-7683-4c7f-bd85-96c0eaa9cc40 Heaviness: 6 limit: 5
2019-09-25 11:45:09,017 [grpc-default-executor-0] INFO  impl.RaftServerProxy (RaftServerProxy.java:addNew(89)) - f100c784-18af-433c-b537-5ce403f57dd8: addNew group-D692F0C37064:[f100c784-18af-433c-b537-5ce403f57dd8:192.168.30.6:33083] returns group-D692F0C37064:java.util.concurrent.CompletableFuture@19591e41[Not completed]
2019-09-25 11:45:09,018 [pool-187-thread-1] INFO  impl.RaftServerImpl (RaftServerImpl.java:<init>(95)) - f100c784-18af-433c-b537-5ce403f57dd8: new RaftServerImpl for group-D692F0C37064:[f100c784-18af-433c-b537-5ce403f57dd8:192.168.30.6:33083] with ContainerStateMachine:uninitialized
2019-09-25 11:45:09,018 [pool-187-thread-1] INFO  server.RaftServerConfigKeys (ConfUtils.java:logGet(43)) - raft.server.rpc.timeout.min = 5s (custom)
2019-09-25 11:45:09,018 [pool-187-thread-1] INFO  server.RaftServerConfigKeys (ConfUtils.java:logGet(43)) - raft.server.rpc.timeout.max = 5200ms (custom)
2019-09-25 11:45:09,018 [pool-187-thread-1] INFO  server.RaftServerConfigKeys (ConfUtils.java:logGet(43)) - raft.server.rpcslowness.timeout = 120s (custom)
2019-09-25 11:45:09,018 [pool-187-thread-1] INFO  server.RaftServerConfigKeys (ConfUtils.java:logGet(43)) - raft.server.sleep.deviation.threshold = 300 (default)
2019-09-25 11:45:09,018 [pool-187-thread-1] INFO  server.RaftServerConfigKeys (ConfUtils.java:logGet(43)) - raft.server.log.appender.install.snapshot.enabled = false (custom)
2019-09-25 11:45:09,018 [pool-187-thread-1] INFO  impl.RaftServerImpl (ServerState.java:<init>(103)) - f100c784-18af-433c-b537-5ce403f57dd8@group-D692F0C37064: ConfigurationManager, init=-1: [f100c784-18af-433c-b537-5ce403f57dd8:192.168.30.6:33083], old=null, confs=<EMPTY_MAP>
2019-09-25 11:45:09,019 [pool-187-thread-1] INFO  server.RaftServerConfigKeys (ConfUtils.java:logGet(43)) - raft.server.storage.dir = [/workdir/hadoop-ozone/integration-test/target/test-dir/MiniOzoneClusterImpl-99ecd979-b3b3-4b08-8770-c9a2ea2db525/datanode-1/data/ratis] (custom)
2019-09-25 11:45:09,019 [pool-187-thread-1] INFO  storage.RaftStorageDirectory (RaftStorageDirectory.java:analyzeStorage(246)) - The storage directory /workdir/hadoop-ozone/integration-test/target/test-dir/MiniOzoneClusterImpl-99ecd979-b3b3-4b08-8770-c9a2ea2db525/datanode-1/data/ratis/0e35a2d5-bf58-4553-8572-d692f0c37064 does not exist. Creating ...
2019-09-25 11:45:09,027 [pool-187-thread-1] INFO  storage.RaftStorageDirectory (RaftStorageDirectory.java:tryLock(328)) - Lock on /workdir/hadoop-ozone/integration-test/target/test-dir/MiniOzoneClusterImpl-99ecd979-b3b3-4b08-8770-c9a2ea2db525/datanode-1/data/ratis/0e35a2d5-bf58-4553-8572-d692f0c37064/in_use.lock acquired by nodename 9579@pr-hdds-1569-5gmkr-4255264070
2019-09-25 11:45:09,041 [pool-187-thread-1] INFO  storage.RaftStorage (RaftStorage.java:format(72)) - Storage directory /workdir/hadoop-ozone/integration-test/target/test-dir/MiniOzoneClusterImpl-99ecd979-b3b3-4b08-8770-c9a2ea2db525/datanode-1/data/ratis/0e35a2d5-bf58-4553-8572-d692f0c37064 has been successfully formatted.
2019-09-25 11:45:09,041 [pool-187-thread-1] INFO  ratis.ContainerStateMachine (ContainerStateMachine.java:loadSnapshot(230)) - group-D692F0C37064: The snapshot info is null. Setting the last applied indexto:(t:0, i:~)
2019-09-25 11:45:09,041 [pool-187-thread-1] INFO  server.RaftServerConfigKeys (ConfUtils.java:logGet(43)) - raft.server.notification.no-leader.timeout = 120s (custom)
2019-09-25 11:45:09,041 [pool-187-thread-1] INFO  server.RaftServerConfigKeys (ConfUtils.java:logGet(43)) - raft.server.log.use.memory = false (default)
2019-09-25 11:45:09,042 [pool-187-thread-1] INFO  server.RaftServerConfigKeys (ConfUtils.java:logGet(43)) - raft.server.log.purge.gap = 1000000 (custom)
2019-09-25 11:45:09,042 [pool-187-thread-1] INFO  server.RaftServerConfigKeys (ConfUtils.java:logGet(43)) - raft.server.log.appender.buffer.byte-limit = 33554432 (custom)
2019-09-25 11:45:09,042 [pool-187-thread-1] INFO  server.RaftServerConfigKeys (ConfUtils.java:logGet(43)) - raft.server.log.segment.size.max = 1048576 (custom)
2019-09-25 11:45:09,042 [pool-187-thread-1] INFO  server.RaftServerConfigKeys (ConfUtils.java:logGet(43)) - raft.server.log.segment.cache.num.max = 2 (custom)
2019-09-25 11:45:09,042 [pool-187-thread-1] INFO  segmented.SegmentedRaftLogWorker (SegmentedRaftLogWorker.java:<init>(172)) - new f100c784-18af-433c-b537-5ce403f57dd8@group-D692F0C37064-SegmentedRaftLogWorker for RaftStorage:Storage Directory /workdir/hadoop-ozone/integration-test/target/test-dir/MiniOzoneClusterImpl-99ecd979-b3b3-4b08-8770-c9a2ea2db525/datanode-1/data/ratis/0e35a2d5-bf58-4553-8572-d692f0c37064
2019-09-25 11:45:09,043 [pool-187-thread-1] INFO  server.RaftServerConfigKeys (ConfUtils.java:logGet(43)) - raft.server.log.queue.byte-limit = 2147483647 (custom)
2019-09-25 11:45:09,043 [pool-187-thread-1] INFO  server.RaftServerConfigKeys (ConfUtils.java:logGet(43)) - raft.server.log.queue.element-limit = 1024 (custom)
2019-09-25 11:45:09,043 [pool-187-thread-1] INFO  server.RaftServerConfigKeys (ConfUtils.java:logGet(43)) - raft.server.log.segment.size.max = 1048576 (custom)
2019-09-25 11:45:09,043 [pool-187-thread-1] INFO  server.RaftServerConfigKeys (ConfUtils.java:logGet(43)) - raft.server.log.preallocated.size = 16384 (custom)
2019-09-25 11:45:09,043 [pool-187-thread-1] INFO  server.RaftServerConfigKeys (ConfUtils.java:logGet(43)) - raft.server.log.write.buffer.size = 33554432 (custom)
2019-09-25 11:45:09,043 [pool-187-thread-1] INFO  server.RaftServerConfigKeys (ConfUtils.java:logGet(43)) - raft.server.log.force.sync.num = 128 (default)
2019-09-25 11:45:09,044 [pool-187-thread-1] INFO  server.RaftServerConfigKeys (ConfUtils.java:logGet(43)) - raft.server.log.statemachine.data.sync = true (default)
2019-09-25 11:45:09,044 [pool-187-thread-1] INFO  server.RaftServerConfigKeys (ConfUtils.java:logGet(43)) - raft.server.log.statemachine.data.sync.timeout = 10s (default)
2019-09-25 11:45:09,044 [pool-187-thread-1] INFO  server.RaftServerConfigKeys (ConfUtils.java:logGet(43)) - raft.server.log.statemachine.data.sync.timeout.retry = -1 (default)
2019-09-25 11:45:09,044 [pool-187-thread-1] INFO  server.RaftServerConfigKeys (ConfUtils.java:logGet(43)) - raft.server.log.statemachine.data.caching.enabled = true (custom)
2019-09-25 11:45:09,045 [pool-187-thread-1] INFO  segmented.SegmentedRaftLogWorker (SegmentedRaftLogWorker.java:lambda$new$0(132)) - f100c784-18af-433c-b537-5ce403f57dd8@group-D692F0C37064-SegmentedRaftLogWorker: flushIndex: setUnconditionally 0 -> -1
2019-09-25 11:45:09,045 [pool-187-thread-1] INFO  server.RaftServerConfigKeys (ConfUtils.java:logGet(43)) - raft.server.snapshot.auto.trigger.enabled = true (custom)
2019-09-25 11:45:09,045 [pool-187-thread-1] INFO  server.RaftServerConfigKeys (ConfUtils.java:logGet(43)) - raft.server.snapshot.auto.trigger.threshold = 10000 (custom)
2019-09-25 11:45:09,045 [pool-187-thread-1] INFO  server.RaftServerConfigKeys (ConfUtils.java:logGet(43)) - raft.server.snapshot.retention.num.files = 5 (custom)
2019-09-25 11:45:09,045 [pool-187-thread-1] INFO  server.RaftServerConfigKeys (ConfUtils.java:logGet(43)) - raft.server.retrycache.expirytime = 600000ms (custom)
2019-09-25 11:45:09,048 [pool-187-thread-1] INFO  impl.RaftServerImpl (RaftServerImpl.java:start(185)) - f100c784-18af-433c-b537-5ce403f57dd8@group-D692F0C37064: start as a follower, conf=-1: [f100c784-18af-433c-b537-5ce403f57dd8:192.168.30.6:33083], old=null
2019-09-25 11:45:09,048 [pool-187-thread-1] INFO  impl.RaftServerImpl (RaftServerImpl.java:setRole(174)) - f100c784-18af-433c-b537-5ce403f57dd8@group-D692F0C37064: changes role from      null to FOLLOWER at term 0 for startAsFollower
2019-09-25 11:45:09,048 [pool-187-thread-1] INFO  impl.RoleInfo (RoleInfo.java:updateAndGet(143)) - f100c784-18af-433c-b537-5ce403f57dd8: start FollowerState
2019-09-25 11:45:09,049 [pool-187-thread-1] INFO  util.JmxRegister (JmxRegister.java:tryRegister(44)) - Successfully registered JMX Bean with object name Ratis:service=RaftServer,group=group-D692F0C37064,id=f100c784-18af-433c-b537-5ce403f57dd8
2019-09-25 11:45:09,052 [RatisPipelineUtilsThread] INFO  pipeline.PipelineStateManager (PipelineStateManager.java:addPipeline(56)) - Created pipeline Pipeline[ Id: 0e35a2d5-bf58-4553-8572-d692f0c37064, Nodes: f100c784-18af-433c-b537-5ce403f57dd8{ip: 192.168.30.6, host: pr-hdds-1569-5gmkr-4255264070, networkLocation: /default-rack, certSerialId: null}, Type:RATIS, Factor:ONE, State:OPEN]
2019-09-25 11:45:09,052 [RatisPipelineUtilsThread] INFO  pipeline.PipelinePlacementPolicy (PipelinePlacementPolicy.java:meetCriteria(91)) - Pipeline Placement: can't place more pipeline on heavy datanode： 031e4d08-7683-4c7f-bd85-96c0eaa9cc40 Heaviness: 6 limit: 5
2019-09-25 11:45:09,058 [grpc-default-executor-0] INFO  impl.RaftServerProxy (RaftServerProxy.java:addNew(89)) - f100c784-18af-433c-b537-5ce403f57dd8: addNew group-CC3942825603:[f100c784-18af-433c-b537-5ce403f57dd8:192.168.30.6:33083] returns group-CC3942825603:java.util.concurrent.CompletableFuture@3c587555[Not completed]
2019-09-25 11:45:09,059 [pool-187-thread-1] INFO  impl.RaftServerImpl (RaftServerImpl.java:<init>(95)) - f100c784-18af-433c-b537-5ce403f57dd8: new RaftServerImpl for group-CC3942825603:[f100c784-18af-433c-b537-5ce403f57dd8:192.168.30.6:33083] with ContainerStateMachine:uninitialized
2019-09-25 11:45:09,059 [pool-187-thread-1] INFO  server.RaftServerConfigKeys (ConfUtils.java:logGet(43)) - raft.server.rpc.timeout.min = 5s (custom)
2019-09-25 11:45:09,060 [pool-187-thread-1] INFO  server.RaftServerConfigKeys (ConfUtils.java:logGet(43)) - raft.server.rpc.timeout.max = 5200ms (custom)
2019-09-25 11:45:09,060 [pool-187-thread-1] INFO  server.RaftServerConfigKeys (ConfUtils.java:logGet(43)) - raft.server.rpcslowness.timeout = 120s (custom)
2019-09-25 11:45:09,060 [pool-187-thread-1] INFO  server.RaftServerConfigKeys (ConfUtils.java:logGet(43)) - raft.server.sleep.deviation.threshold = 300 (default)
2019-09-25 11:45:09,060 [pool-187-thread-1] INFO  server.RaftServerConfigKeys (ConfUtils.java:logGet(43)) - raft.server.log.appender.install.snapshot.enabled = false (custom)
2019-09-25 11:45:09,060 [pool-187-thread-1] INFO  impl.RaftServerImpl (ServerState.java:<init>(103)) - f100c784-18af-433c-b537-5ce403f57dd8@group-CC3942825603: ConfigurationManager, init=-1: [f100c784-18af-433c-b537-5ce403f57dd8:192.168.30.6:33083], old=null, confs=<EMPTY_MAP>
2019-09-25 11:45:09,060 [pool-187-thread-1] INFO  server.RaftServerConfigKeys (ConfUtils.java:logGet(43)) - raft.server.storage.dir = [/workdir/hadoop-ozone/integration-test/target/test-dir/MiniOzoneClusterImpl-99ecd979-b3b3-4b08-8770-c9a2ea2db525/datanode-1/data/ratis] (custom)
2019-09-25 11:45:09,061 [pool-187-thread-1] INFO  storage.RaftStorageDirectory (RaftStorageDirectory.java:analyzeStorage(246)) - The storage directory /workdir/hadoop-ozone/integration-test/target/test-dir/MiniOzoneClusterImpl-99ecd979-b3b3-4b08-8770-c9a2ea2db525/datanode-1/data/ratis/760eb738-bbd6-4009-b8b5-cc3942825603 does not exist. Creating ...
2019-09-25 11:45:09,067 [pool-187-thread-1] INFO  storage.RaftStorageDirectory (RaftStorageDirectory.java:tryLock(328)) - Lock on /workdir/hadoop-ozone/integration-test/target/test-dir/MiniOzoneClusterImpl-99ecd979-b3b3-4b08-8770-c9a2ea2db525/datanode-1/data/ratis/760eb738-bbd6-4009-b8b5-cc3942825603/in_use.lock acquired by nodename 9579@pr-hdds-1569-5gmkr-4255264070
2019-09-25 11:45:09,097 [pool-187-thread-1] INFO  storage.RaftStorage (RaftStorage.java:format(72)) - Storage directory /workdir/hadoop-ozone/integration-test/target/test-dir/MiniOzoneClusterImpl-99ecd979-b3b3-4b08-8770-c9a2ea2db525/datanode-1/data/ratis/760eb738-bbd6-4009-b8b5-cc3942825603 has been successfully formatted.
2019-09-25 11:45:09,097 [pool-187-thread-1] INFO  ratis.ContainerStateMachine (ContainerStateMachine.java:loadSnapshot(230)) - group-CC3942825603: The snapshot info is null. Setting the last applied indexto:(t:0, i:~)
2019-09-25 11:45:09,098 [pool-187-thread-1] INFO  server.RaftServerConfigKeys (ConfUtils.java:logGet(43)) - raft.server.notification.no-leader.timeout = 120s (custom)
2019-09-25 11:45:09,098 [pool-187-thread-1] INFO  server.RaftServerConfigKeys (ConfUtils.java:logGet(43)) - raft.server.log.use.memory = false (default)
2019-09-25 11:45:09,098 [pool-187-thread-1] INFO  server.RaftServerConfigKeys (ConfUtils.java:logGet(43)) - raft.server.log.purge.gap = 1000000 (custom)
2019-09-25 11:45:09,098 [pool-187-thread-1] INFO  server.RaftServerConfigKeys (ConfUtils.java:logGet(43)) - raft.server.log.appender.buffer.byte-limit = 33554432 (custom)
2019-09-25 11:45:09,098 [pool-187-thread-1] INFO  server.RaftServerConfigKeys (ConfUtils.java:logGet(43)) - raft.server.log.segment.size.max = 1048576 (custom)
2019-09-25 11:45:09,099 [pool-187-thread-1] INFO  server.RaftServerConfigKeys (ConfUtils.java:logGet(43)) - raft.server.log.segment.cache.num.max = 2 (custom)
2019-09-25 11:45:09,099 [pool-187-thread-1] INFO  segmented.SegmentedRaftLogWorker (SegmentedRaftLogWorker.java:<init>(172)) - new f100c784-18af-433c-b537-5ce403f57dd8@group-CC3942825603-SegmentedRaftLogWorker for RaftStorage:Storage Directory /workdir/hadoop-ozone/integration-test/target/test-dir/MiniOzoneClusterImpl-99ecd979-b3b3-4b08-8770-c9a2ea2db525/datanode-1/data/ratis/760eb738-bbd6-4009-b8b5-cc3942825603
2019-09-25 11:45:09,099 [pool-187-thread-1] INFO  server.RaftServerConfigKeys (ConfUtils.java:logGet(43)) - raft.server.log.queue.byte-limit = 2147483647 (custom)
2019-09-25 11:45:09,099 [pool-187-thread-1] INFO  server.RaftServerConfigKeys (ConfUtils.java:logGet(43)) - raft.server.log.queue.element-limit = 1024 (custom)
2019-09-25 11:45:09,099 [pool-187-thread-1] INFO  server.RaftServerConfigKeys (ConfUtils.java:logGet(43)) - raft.server.log.segment.size.max = 1048576 (custom)
2019-09-25 11:45:09,099 [pool-187-thread-1] INFO  server.RaftServerConfigKeys (ConfUtils.java:logGet(43)) - raft.server.log.preallocated.size = 16384 (custom)
2019-09-25 11:45:09,100 [pool-187-thread-1] INFO  server.RaftServerConfigKeys (ConfUtils.java:logGet(43)) - raft.server.log.write.buffer.size = 33554432 (custom)
2019-09-25 11:45:09,100 [pool-187-thread-1] INFO  server.RaftServerConfigKeys (ConfUtils.java:logGet(43)) - raft.server.log.force.sync.num = 128 (default)
2019-09-25 11:45:09,100 [pool-187-thread-1] INFO  server.RaftServerConfigKeys (ConfUtils.java:logGet(43)) - raft.server.log.statemachine.data.sync = true (default)
2019-09-25 11:45:09,100 [pool-187-thread-1] INFO  server.RaftServerConfigKeys (ConfUtils.java:logGet(43)) - raft.server.log.statemachine.data.sync.timeout = 10s (default)
2019-09-25 11:45:09,100 [pool-187-thread-1] INFO  server.RaftServerConfigKeys (ConfUtils.java:logGet(43)) - raft.server.log.statemachine.data.sync.timeout.retry = -1 (default)
2019-09-25 11:45:09,101 [pool-187-thread-1] INFO  server.RaftServerConfigKeys (ConfUtils.java:logGet(43)) - raft.server.log.statemachine.data.caching.enabled = true (custom)
2019-09-25 11:45:09,101 [pool-187-thread-1] INFO  segmented.SegmentedRaftLogWorker (SegmentedRaftLogWorker.java:lambda$new$0(132)) - f100c784-18af-433c-b537-5ce403f57dd8@group-CC3942825603-SegmentedRaftLogWorker: flushIndex: setUnconditionally 0 -> -1
2019-09-25 11:45:09,101 [pool-187-thread-1] INFO  server.RaftServerConfigKeys (ConfUtils.java:logGet(43)) - raft.server.snapshot.auto.trigger.enabled = true (custom)
2019-09-25 11:45:09,101 [pool-187-thread-1] INFO  server.RaftServerConfigKeys (ConfUtils.java:logGet(43)) - raft.server.snapshot.auto.trigger.threshold = 10000 (custom)
2019-09-25 11:45:09,102 [pool-187-thread-1] INFO  server.RaftServerConfigKeys (ConfUtils.java:logGet(43)) - raft.server.snapshot.retention.num.files = 5 (custom)
2019-09-25 11:45:09,102 [pool-187-thread-1] INFO  server.RaftServerConfigKeys (ConfUtils.java:logGet(43)) - raft.server.retrycache.expirytime = 600000ms (custom)
2019-09-25 11:45:09,104 [pool-187-thread-1] INFO  impl.RaftServerImpl (RaftServerImpl.java:start(185)) - f100c784-18af-433c-b537-5ce403f57dd8@group-CC3942825603: start as a follower, conf=-1: [f100c784-18af-433c-b537-5ce403f57dd8:192.168.30.6:33083], old=null
2019-09-25 11:45:09,104 [pool-187-thread-1] INFO  impl.RaftServerImpl (RaftServerImpl.java:setRole(174)) - f100c784-18af-433c-b537-5ce403f57dd8@group-CC3942825603: changes role from      null to FOLLOWER at term 0 for startAsFollower
2019-09-25 11:45:09,105 [pool-187-thread-1] INFO  impl.RoleInfo (RoleInfo.java:updateAndGet(143)) - f100c784-18af-433c-b537-5ce403f57dd8: start FollowerState
2019-09-25 11:45:09,105 [pool-187-thread-1] INFO  util.JmxRegister (JmxRegister.java:tryRegister(44)) - Successfully registered JMX Bean with object name Ratis:service=RaftServer,group=group-CC3942825603,id=f100c784-18af-433c-b537-5ce403f57dd8
2019-09-25 11:45:09,109 [RatisPipelineUtilsThread] INFO  pipeline.PipelineStateManager (PipelineStateManager.java:addPipeline(56)) - Created pipeline Pipeline[ Id: 760eb738-bbd6-4009-b8b5-cc3942825603, Nodes: f100c784-18af-433c-b537-5ce403f57dd8{ip: 192.168.30.6, host: pr-hdds-1569-5gmkr-4255264070, networkLocation: /default-rack, certSerialId: null}, Type:RATIS, Factor:ONE, State:OPEN]
2019-09-25 11:45:09,109 [RatisPipelineUtilsThread] INFO  pipeline.PipelinePlacementPolicy (PipelinePlacementPolicy.java:meetCriteria(91)) - Pipeline Placement: can't place more pipeline on heavy datanode： 031e4d08-7683-4c7f-bd85-96c0eaa9cc40 Heaviness: 6 limit: 5
2019-09-25 11:45:09,115 [grpc-default-executor-0] INFO  impl.RaftServerProxy (RaftServerProxy.java:addNew(89)) - f100c784-18af-433c-b537-5ce403f57dd8: addNew group-CF806A3A9D31:[f100c784-18af-433c-b537-5ce403f57dd8:192.168.30.6:33083] returns group-CF806A3A9D31:java.util.concurrent.CompletableFuture@258f7f0a[Not completed]
2019-09-25 11:45:09,116 [pool-187-thread-1] INFO  impl.RaftServerImpl (RaftServerImpl.java:<init>(95)) - f100c784-18af-433c-b537-5ce403f57dd8: new RaftServerImpl for group-CF806A3A9D31:[f100c784-18af-433c-b537-5ce403f57dd8:192.168.30.6:33083] with ContainerStateMachine:uninitialized
2019-09-25 11:45:09,116 [pool-187-thread-1] INFO  server.RaftServerConfigKeys (ConfUtils.java:logGet(43)) - raft.server.rpc.timeout.min = 5s (custom)
2019-09-25 11:45:09,117 [pool-187-thread-1] INFO  server.RaftServerConfigKeys (ConfUtils.java:logGet(43)) - raft.server.rpc.timeout.max = 5200ms (custom)
2019-09-25 11:45:09,117 [pool-187-thread-1] INFO  server.RaftServerConfigKeys (ConfUtils.java:logGet(43)) - raft.server.rpcslowness.timeout = 120s (custom)
2019-09-25 11:45:09,117 [pool-187-thread-1] INFO  server.RaftServerConfigKeys (ConfUtils.java:logGet(43)) - raft.server.sleep.deviation.threshold = 300 (default)
2019-09-25 11:45:09,117 [pool-187-thread-1] INFO  server.RaftServerConfigKeys (ConfUtils.java:logGet(43)) - raft.server.log.appender.install.snapshot.enabled = false (custom)
2019-09-25 11:45:09,117 [pool-187-thread-1] INFO  impl.RaftServerImpl (ServerState.java:<init>(103)) - f100c784-18af-433c-b537-5ce403f57dd8@group-CF806A3A9D31: ConfigurationManager, init=-1: [f100c784-18af-433c-b537-5ce403f57dd8:192.168.30.6:33083], old=null, confs=<EMPTY_MAP>
2019-09-25 11:45:09,117 [pool-187-thread-1] INFO  server.RaftServerConfigKeys (ConfUtils.java:logGet(43)) - raft.server.storage.dir = [/workdir/hadoop-ozone/integration-test/target/test-dir/MiniOzoneClusterImpl-99ecd979-b3b3-4b08-8770-c9a2ea2db525/datanode-1/data/ratis] (custom)
2019-09-25 11:45:09,118 [pool-187-thread-1] INFO  storage.RaftStorageDirectory (RaftStorageDirectory.java:analyzeStorage(246)) - The storage directory /workdir/hadoop-ozone/integration-test/target/test-dir/MiniOzoneClusterImpl-99ecd979-b3b3-4b08-8770-c9a2ea2db525/datanode-1/data/ratis/3b1d0e4e-d94f-4c92-931f-cf806a3a9d31 does not exist. Creating ...
2019-09-25 11:45:09,125 [pool-187-thread-1] INFO  storage.RaftStorageDirectory (RaftStorageDirectory.java:tryLock(328)) - Lock on /workdir/hadoop-ozone/integration-test/target/test-dir/MiniOzoneClusterImpl-99ecd979-b3b3-4b08-8770-c9a2ea2db525/datanode-1/data/ratis/3b1d0e4e-d94f-4c92-931f-cf806a3a9d31/in_use.lock acquired by nodename 9579@pr-hdds-1569-5gmkr-4255264070
2019-09-25 11:45:09,137 [pool-187-thread-1] INFO  storage.RaftStorage (RaftStorage.java:format(72)) - Storage directory /workdir/hadoop-ozone/integration-test/target/test-dir/MiniOzoneClusterImpl-99ecd979-b3b3-4b08-8770-c9a2ea2db525/datanode-1/data/ratis/3b1d0e4e-d94f-4c92-931f-cf806a3a9d31 has been successfully formatted.
2019-09-25 11:45:09,137 [pool-187-thread-1] INFO  ratis.ContainerStateMachine (ContainerStateMachine.java:loadSnapshot(230)) - group-CF806A3A9D31: The snapshot info is null. Setting the last applied indexto:(t:0, i:~)
2019-09-25 11:45:09,137 [pool-187-thread-1] INFO  server.RaftServerConfigKeys (ConfUtils.java:logGet(43)) - raft.server.notification.no-leader.timeout = 120s (custom)
2019-09-25 11:45:09,137 [pool-187-thread-1] INFO  server.RaftServerConfigKeys (ConfUtils.java:logGet(43)) - raft.server.log.use.memory = false (default)
2019-09-25 11:45:09,138 [pool-187-thread-1] INFO  server.RaftServerConfigKeys (ConfUtils.java:logGet(43)) - raft.server.log.purge.gap = 1000000 (custom)
2019-09-25 11:45:09,138 [pool-187-thread-1] INFO  server.RaftServerConfigKeys (ConfUtils.java:logGet(43)) - raft.server.log.appender.buffer.byte-limit = 33554432 (custom)
2019-09-25 11:45:09,138 [pool-187-thread-1] INFO  server.RaftServerConfigKeys (ConfUtils.java:logGet(43)) - raft.server.log.segment.size.max = 1048576 (custom)
2019-09-25 11:45:09,138 [pool-187-thread-1] INFO  server.RaftServerConfigKeys (ConfUtils.java:logGet(43)) - raft.server.log.segment.cache.num.max = 2 (custom)
2019-09-25 11:45:09,138 [pool-187-thread-1] INFO  segmented.SegmentedRaftLogWorker (SegmentedRaftLogWorker.java:<init>(172)) - new f100c784-18af-433c-b537-5ce403f57dd8@group-CF806A3A9D31-SegmentedRaftLogWorker for RaftStorage:Storage Directory /workdir/hadoop-ozone/integration-test/target/test-dir/MiniOzoneClusterImpl-99ecd979-b3b3-4b08-8770-c9a2ea2db525/datanode-1/data/ratis/3b1d0e4e-d94f-4c92-931f-cf806a3a9d31
2019-09-25 11:45:09,138 [pool-187-thread-1] INFO  server.RaftServerConfigKeys (ConfUtils.java:logGet(43)) - raft.server.log.queue.byte-limit = 2147483647 (custom)
2019-09-25 11:45:09,139 [pool-187-thread-1] INFO  server.RaftServerConfigKeys (ConfUtils.java:logGet(43)) - raft.server.log.queue.element-limit = 1024 (custom)
2019-09-25 11:45:09,139 [pool-187-thread-1] INFO  server.RaftServerConfigKeys (ConfUtils.java:logGet(43)) - raft.server.log.segment.size.max = 1048576 (custom)
2019-09-25 11:45:09,139 [pool-187-thread-1] INFO  server.RaftServerConfigKeys (ConfUtils.java:logGet(43)) - raft.server.log.preallocated.size = 16384 (custom)
2019-09-25 11:45:09,139 [pool-187-thread-1] INFO  server.RaftServerConfigKeys (ConfUtils.java:logGet(43)) - raft.server.log.write.buffer.size = 33554432 (custom)
2019-09-25 11:45:09,139 [pool-187-thread-1] INFO  server.RaftServerConfigKeys (ConfUtils.java:logGet(43)) - raft.server.log.force.sync.num = 128 (default)
2019-09-25 11:45:09,139 [pool-187-thread-1] INFO  server.RaftServerConfigKeys (ConfUtils.java:logGet(43)) - raft.server.log.statemachine.data.sync = true (default)
2019-09-25 11:45:09,140 [pool-187-thread-1] INFO  server.RaftServerConfigKeys (ConfUtils.java:logGet(43)) - raft.server.log.statemachine.data.sync.timeout = 10s (default)
2019-09-25 11:45:09,140 [pool-187-thread-1] INFO  server.RaftServerConfigKeys (ConfUtils.java:logGet(43)) - raft.server.log.statemachine.data.sync.timeout.retry = -1 (default)
2019-09-25 11:45:09,140 [pool-187-thread-1] INFO  server.RaftServerConfigKeys (ConfUtils.java:logGet(43)) - raft.server.log.statemachine.data.caching.enabled = true (custom)
2019-09-25 11:45:09,140 [pool-187-thread-1] INFO  segmented.SegmentedRaftLogWorker (SegmentedRaftLogWorker.java:lambda$new$0(132)) - f100c784-18af-433c-b537-5ce403f57dd8@group-CF806A3A9D31-SegmentedRaftLogWorker: flushIndex: setUnconditionally 0 -> -1
2019-09-25 11:45:09,141 [pool-187-thread-1] INFO  server.RaftServerConfigKeys (ConfUtils.java:logGet(43)) - raft.server.snapshot.auto.trigger.enabled = true (custom)
2019-09-25 11:45:09,141 [pool-187-thread-1] INFO  server.RaftServerConfigKeys (ConfUtils.java:logGet(43)) - raft.server.snapshot.auto.trigger.threshold = 10000 (custom)
2019-09-25 11:45:09,141 [pool-187-thread-1] INFO  server.RaftServerConfigKeys (ConfUtils.java:logGet(43)) - raft.server.snapshot.retention.num.files = 5 (custom)
2019-09-25 11:45:09,141 [pool-187-thread-1] INFO  server.RaftServerConfigKeys (ConfUtils.java:logGet(43)) - raft.server.retrycache.expirytime = 600000ms (custom)
2019-09-25 11:45:09,143 [pool-187-thread-1] INFO  impl.RaftServerImpl (RaftServerImpl.java:start(185)) - f100c784-18af-433c-b537-5ce403f57dd8@group-CF806A3A9D31: start as a follower, conf=-1: [f100c784-18af-433c-b537-5ce403f57dd8:192.168.30.6:33083], old=null
2019-09-25 11:45:09,143 [pool-187-thread-1] INFO  impl.RaftServerImpl (RaftServerImpl.java:setRole(174)) - f100c784-18af-433c-b537-5ce403f57dd8@group-CF806A3A9D31: changes role from      null to FOLLOWER at term 0 for startAsFollower
2019-09-25 11:45:09,144 [pool-187-thread-1] INFO  impl.RoleInfo (RoleInfo.java:updateAndGet(143)) - f100c784-18af-433c-b537-5ce403f57dd8: start FollowerState
2019-09-25 11:45:09,144 [pool-187-thread-1] INFO  util.JmxRegister (JmxRegister.java:tryRegister(44)) - Successfully registered JMX Bean with object name Ratis:service=RaftServer,group=group-CF806A3A9D31,id=f100c784-18af-433c-b537-5ce403f57dd8
2019-09-25 11:45:09,147 [RatisPipelineUtilsThread] INFO  pipeline.PipelineStateManager (PipelineStateManager.java:addPipeline(56)) - Created pipeline Pipeline[ Id: 3b1d0e4e-d94f-4c92-931f-cf806a3a9d31, Nodes: f100c784-18af-433c-b537-5ce403f57dd8{ip: 192.168.30.6, host: pr-hdds-1569-5gmkr-4255264070, networkLocation: /default-rack, certSerialId: null}, Type:RATIS, Factor:ONE, State:OPEN]
2019-09-25 11:45:09,147 [RatisPipelineUtilsThread] INFO  pipeline.PipelinePlacementPolicy (PipelinePlacementPolicy.java:meetCriteria(91)) - Pipeline Placement: can't place more pipeline on heavy datanode： 031e4d08-7683-4c7f-bd85-96c0eaa9cc40 Heaviness: 6 limit: 5
2019-09-25 11:45:09,153 [grpc-default-executor-0] INFO  impl.RaftServerProxy (RaftServerProxy.java:addNew(89)) - f100c784-18af-433c-b537-5ce403f57dd8: addNew group-041592B23DD8:[f100c784-18af-433c-b537-5ce403f57dd8:192.168.30.6:33083] returns group-041592B23DD8:java.util.concurrent.CompletableFuture@3bc3153e[Not completed]
2019-09-25 11:45:09,155 [pool-187-thread-1] INFO  impl.RaftServerImpl (RaftServerImpl.java:<init>(95)) - f100c784-18af-433c-b537-5ce403f57dd8: new RaftServerImpl for group-041592B23DD8:[f100c784-18af-433c-b537-5ce403f57dd8:192.168.30.6:33083] with ContainerStateMachine:uninitialized
2019-09-25 11:45:09,155 [pool-187-thread-1] INFO  server.RaftServerConfigKeys (ConfUtils.java:logGet(43)) - raft.server.rpc.timeout.min = 5s (custom)
2019-09-25 11:45:09,155 [pool-187-thread-1] INFO  server.RaftServerConfigKeys (ConfUtils.java:logGet(43)) - raft.server.rpc.timeout.max = 5200ms (custom)
2019-09-25 11:45:09,155 [pool-187-thread-1] INFO  server.RaftServerConfigKeys (ConfUtils.java:logGet(43)) - raft.server.rpcslowness.timeout = 120s (custom)
2019-09-25 11:45:09,155 [pool-187-thread-1] INFO  server.RaftServerConfigKeys (ConfUtils.java:logGet(43)) - raft.server.sleep.deviation.threshold = 300 (default)
2019-09-25 11:45:09,156 [pool-187-thread-1] INFO  server.RaftServerConfigKeys (ConfUtils.java:logGet(43)) - raft.server.log.appender.install.snapshot.enabled = false (custom)
2019-09-25 11:45:09,156 [pool-187-thread-1] INFO  impl.RaftServerImpl (ServerState.java:<init>(103)) - f100c784-18af-433c-b537-5ce403f57dd8@group-041592B23DD8: ConfigurationManager, init=-1: [f100c784-18af-433c-b537-5ce403f57dd8:192.168.30.6:33083], old=null, confs=<EMPTY_MAP>
2019-09-25 11:45:09,156 [pool-187-thread-1] INFO  server.RaftServerConfigKeys (ConfUtils.java:logGet(43)) - raft.server.storage.dir = [/workdir/hadoop-ozone/integration-test/target/test-dir/MiniOzoneClusterImpl-99ecd979-b3b3-4b08-8770-c9a2ea2db525/datanode-1/data/ratis] (custom)
2019-09-25 11:45:09,156 [pool-187-thread-1] INFO  storage.RaftStorageDirectory (RaftStorageDirectory.java:analyzeStorage(246)) - The storage directory /workdir/hadoop-ozone/integration-test/target/test-dir/MiniOzoneClusterImpl-99ecd979-b3b3-4b08-8770-c9a2ea2db525/datanode-1/data/ratis/89731506-bc1e-4a59-a983-041592b23dd8 does not exist. Creating ...
2019-09-25 11:45:09,163 [pool-187-thread-1] INFO  storage.RaftStorageDirectory (RaftStorageDirectory.java:tryLock(328)) - Lock on /workdir/hadoop-ozone/integration-test/target/test-dir/MiniOzoneClusterImpl-99ecd979-b3b3-4b08-8770-c9a2ea2db525/datanode-1/data/ratis/89731506-bc1e-4a59-a983-041592b23dd8/in_use.lock acquired by nodename 9579@pr-hdds-1569-5gmkr-4255264070
2019-09-25 11:45:09,171 [pool-187-thread-1] INFO  storage.RaftStorage (RaftStorage.java:format(72)) - Storage directory /workdir/hadoop-ozone/integration-test/target/test-dir/MiniOzoneClusterImpl-99ecd979-b3b3-4b08-8770-c9a2ea2db525/datanode-1/data/ratis/89731506-bc1e-4a59-a983-041592b23dd8 has been successfully formatted.
2019-09-25 11:45:09,172 [pool-187-thread-1] INFO  ratis.ContainerStateMachine (ContainerStateMachine.java:loadSnapshot(230)) - group-041592B23DD8: The snapshot info is null. Setting the last applied indexto:(t:0, i:~)
2019-09-25 11:45:09,172 [pool-187-thread-1] INFO  server.RaftServerConfigKeys (ConfUtils.java:logGet(43)) - raft.server.notification.no-leader.timeout = 120s (custom)
2019-09-25 11:45:09,172 [pool-187-thread-1] INFO  server.RaftServerConfigKeys (ConfUtils.java:logGet(43)) - raft.server.log.use.memory = false (default)
2019-09-25 11:45:09,172 [pool-187-thread-1] INFO  server.RaftServerConfigKeys (ConfUtils.java:logGet(43)) - raft.server.log.purge.gap = 1000000 (custom)
2019-09-25 11:45:09,172 [pool-187-thread-1] INFO  server.RaftServerConfigKeys (ConfUtils.java:logGet(43)) - raft.server.log.appender.buffer.byte-limit = 33554432 (custom)
2019-09-25 11:45:09,172 [pool-187-thread-1] INFO  server.RaftServerConfigKeys (ConfUtils.java:logGet(43)) - raft.server.log.segment.size.max = 1048576 (custom)
2019-09-25 11:45:09,173 [pool-187-thread-1] INFO  server.RaftServerConfigKeys (ConfUtils.java:logGet(43)) - raft.server.log.segment.cache.num.max = 2 (custom)
2019-09-25 11:45:09,173 [pool-187-thread-1] INFO  segmented.SegmentedRaftLogWorker (SegmentedRaftLogWorker.java:<init>(172)) - new f100c784-18af-433c-b537-5ce403f57dd8@group-041592B23DD8-SegmentedRaftLogWorker for RaftStorage:Storage Directory /workdir/hadoop-ozone/integration-test/target/test-dir/MiniOzoneClusterImpl-99ecd979-b3b3-4b08-8770-c9a2ea2db525/datanode-1/data/ratis/89731506-bc1e-4a59-a983-041592b23dd8
2019-09-25 11:45:09,173 [pool-187-thread-1] INFO  server.RaftServerConfigKeys (ConfUtils.java:logGet(43)) - raft.server.log.queue.byte-limit = 2147483647 (custom)
2019-09-25 11:45:09,173 [pool-187-thread-1] INFO  server.RaftServerConfigKeys (ConfUtils.java:logGet(43)) - raft.server.log.queue.element-limit = 1024 (custom)
2019-09-25 11:45:09,173 [pool-187-thread-1] INFO  server.RaftServerConfigKeys (ConfUtils.java:logGet(43)) - raft.server.log.segment.size.max = 1048576 (custom)
2019-09-25 11:45:09,173 [pool-187-thread-1] INFO  server.RaftServerConfigKeys (ConfUtils.java:logGet(43)) - raft.server.log.preallocated.size = 16384 (custom)
2019-09-25 11:45:09,173 [pool-187-thread-1] INFO  server.RaftServerConfigKeys (ConfUtils.java:logGet(43)) - raft.server.log.write.buffer.size = 33554432 (custom)
2019-09-25 11:45:09,174 [pool-187-thread-1] INFO  server.RaftServerConfigKeys (ConfUtils.java:logGet(43)) - raft.server.log.force.sync.num = 128 (default)
2019-09-25 11:45:09,174 [pool-187-thread-1] INFO  server.RaftServerConfigKeys (ConfUtils.java:logGet(43)) - raft.server.log.statemachine.data.sync = true (default)
2019-09-25 11:45:09,174 [pool-187-thread-1] INFO  server.RaftServerConfigKeys (ConfUtils.java:logGet(43)) - raft.server.log.statemachine.data.sync.timeout = 10s (default)
2019-09-25 11:45:09,174 [pool-187-thread-1] INFO  server.RaftServerConfigKeys (ConfUtils.java:logGet(43)) - raft.server.log.statemachine.data.sync.timeout.retry = -1 (default)
2019-09-25 11:45:09,174 [pool-187-thread-1] INFO  server.RaftServerConfigKeys (ConfUtils.java:logGet(43)) - raft.server.log.statemachine.data.caching.enabled = true (custom)
2019-09-25 11:45:09,175 [pool-187-thread-1] INFO  segmented.SegmentedRaftLogWorker (SegmentedRaftLogWorker.java:lambda$new$0(132)) - f100c784-18af-433c-b537-5ce403f57dd8@group-041592B23DD8-SegmentedRaftLogWorker: flushIndex: setUnconditionally 0 -> -1
2019-09-25 11:45:09,175 [pool-187-thread-1] INFO  server.RaftServerConfigKeys (ConfUtils.java:logGet(43)) - raft.server.snapshot.auto.trigger.enabled = true (custom)
2019-09-25 11:45:09,175 [pool-187-thread-1] INFO  server.RaftServerConfigKeys (ConfUtils.java:logGet(43)) - raft.server.snapshot.auto.trigger.threshold = 10000 (custom)
2019-09-25 11:45:09,175 [pool-187-thread-1] INFO  server.RaftServerConfigKeys (ConfUtils.java:logGet(43)) - raft.server.snapshot.retention.num.files = 5 (custom)
2019-09-25 11:45:09,175 [pool-187-thread-1] INFO  server.RaftServerConfigKeys (ConfUtils.java:logGet(43)) - raft.server.retrycache.expirytime = 600000ms (custom)
2019-09-25 11:45:09,177 [pool-187-thread-1] INFO  impl.RaftServerImpl (RaftServerImpl.java:start(185)) - f100c784-18af-433c-b537-5ce403f57dd8@group-041592B23DD8: start as a follower, conf=-1: [f100c784-18af-433c-b537-5ce403f57dd8:192.168.30.6:33083], old=null
2019-09-25 11:45:09,177 [pool-187-thread-1] INFO  impl.RaftServerImpl (RaftServerImpl.java:setRole(174)) - f100c784-18af-433c-b537-5ce403f57dd8@group-041592B23DD8: changes role from      null to FOLLOWER at term 0 for startAsFollower
2019-09-25 11:45:09,178 [pool-187-thread-1] INFO  impl.RoleInfo (RoleInfo.java:updateAndGet(143)) - f100c784-18af-433c-b537-5ce403f57dd8: start FollowerState
2019-09-25 11:45:09,178 [pool-187-thread-1] INFO  util.JmxRegister (JmxRegister.java:tryRegister(44)) - Successfully registered JMX Bean with object name Ratis:service=RaftServer,group=group-041592B23DD8,id=f100c784-18af-433c-b537-5ce403f57dd8
2019-09-25 11:45:09,181 [RatisPipelineUtilsThread] INFO  pipeline.PipelineStateManager (PipelineStateManager.java:addPipeline(56)) - Created pipeline Pipeline[ Id: 89731506-bc1e-4a59-a983-041592b23dd8, Nodes: f100c784-18af-433c-b537-5ce403f57dd8{ip: 192.168.30.6, host: pr-hdds-1569-5gmkr-4255264070, networkLocation: /default-rack, certSerialId: null}, Type:RATIS, Factor:ONE, State:OPEN]
2019-09-25 11:45:09,181 [RatisPipelineUtilsThread] INFO  pipeline.PipelinePlacementPolicy (PipelinePlacementPolicy.java:meetCriteria(91)) - Pipeline Placement: can't place more pipeline on heavy datanode： 031e4d08-7683-4c7f-bd85-96c0eaa9cc40 Heaviness: 6 limit: 5
2019-09-25 11:45:09,189 [grpc-default-executor-0] INFO  impl.RaftServerProxy (RaftServerProxy.java:addNew(89)) - 7e6bc9ff-76d0-4b16-93bc-b993a8f14e87: addNew group-74695701EA2A:[7e6bc9ff-76d0-4b16-93bc-b993a8f14e87:192.168.30.6:46304] returns group-74695701EA2A:java.util.concurrent.CompletableFuture@ac913d4[Not completed]
2019-09-25 11:45:09,190 [pool-197-thread-1] INFO  impl.RaftServerImpl (RaftServerImpl.java:<init>(95)) - 7e6bc9ff-76d0-4b16-93bc-b993a8f14e87: new RaftServerImpl for group-74695701EA2A:[7e6bc9ff-76d0-4b16-93bc-b993a8f14e87:192.168.30.6:46304] with ContainerStateMachine:uninitialized
2019-09-25 11:45:09,190 [pool-197-thread-1] INFO  server.RaftServerConfigKeys (ConfUtils.java:logGet(43)) - raft.server.rpc.timeout.min = 5s (custom)
2019-09-25 11:45:09,190 [pool-197-thread-1] INFO  server.RaftServerConfigKeys (ConfUtils.java:logGet(43)) - raft.server.rpc.timeout.max = 5200ms (custom)
2019-09-25 11:45:09,191 [pool-197-thread-1] INFO  server.RaftServerConfigKeys (ConfUtils.java:logGet(43)) - raft.server.rpcslowness.timeout = 120s (custom)
2019-09-25 11:45:09,191 [pool-197-thread-1] INFO  server.RaftServerConfigKeys (ConfUtils.java:logGet(43)) - raft.server.sleep.deviation.threshold = 300 (default)
2019-09-25 11:45:09,191 [pool-197-thread-1] INFO  server.RaftServerConfigKeys (ConfUtils.java:logGet(43)) - raft.server.log.appender.install.snapshot.enabled = false (custom)
2019-09-25 11:45:09,191 [pool-197-thread-1] INFO  impl.RaftServerImpl (ServerState.java:<init>(103)) - 7e6bc9ff-76d0-4b16-93bc-b993a8f14e87@group-74695701EA2A: ConfigurationManager, init=-1: [7e6bc9ff-76d0-4b16-93bc-b993a8f14e87:192.168.30.6:46304], old=null, confs=<EMPTY_MAP>
2019-09-25 11:45:09,191 [pool-197-thread-1] INFO  server.RaftServerConfigKeys (ConfUtils.java:logGet(43)) - raft.server.storage.dir = [/workdir/hadoop-ozone/integration-test/target/test-dir/MiniOzoneClusterImpl-99ecd979-b3b3-4b08-8770-c9a2ea2db525/datanode-2/data/ratis] (custom)
2019-09-25 11:45:09,192 [pool-197-thread-1] INFO  storage.RaftStorageDirectory (RaftStorageDirectory.java:analyzeStorage(246)) - The storage directory /workdir/hadoop-ozone/integration-test/target/test-dir/MiniOzoneClusterImpl-99ecd979-b3b3-4b08-8770-c9a2ea2db525/datanode-2/data/ratis/0b601113-d92b-4374-bb15-74695701ea2a does not exist. Creating ...
2019-09-25 11:45:09,200 [pool-197-thread-1] INFO  storage.RaftStorageDirectory (RaftStorageDirectory.java:tryLock(328)) - Lock on /workdir/hadoop-ozone/integration-test/target/test-dir/MiniOzoneClusterImpl-99ecd979-b3b3-4b08-8770-c9a2ea2db525/datanode-2/data/ratis/0b601113-d92b-4374-bb15-74695701ea2a/in_use.lock acquired by nodename 9579@pr-hdds-1569-5gmkr-4255264070
2019-09-25 11:45:09,209 [pool-197-thread-1] INFO  storage.RaftStorage (RaftStorage.java:format(72)) - Storage directory /workdir/hadoop-ozone/integration-test/target/test-dir/MiniOzoneClusterImpl-99ecd979-b3b3-4b08-8770-c9a2ea2db525/datanode-2/data/ratis/0b601113-d92b-4374-bb15-74695701ea2a has been successfully formatted.
2019-09-25 11:45:09,210 [pool-197-thread-1] INFO  ratis.ContainerStateMachine (ContainerStateMachine.java:loadSnapshot(230)) - group-74695701EA2A: The snapshot info is null. Setting the last applied indexto:(t:0, i:~)
2019-09-25 11:45:09,210 [pool-197-thread-1] INFO  server.RaftServerConfigKeys (ConfUtils.java:logGet(43)) - raft.server.notification.no-leader.timeout = 120s (custom)
2019-09-25 11:45:09,210 [pool-197-thread-1] INFO  server.RaftServerConfigKeys (ConfUtils.java:logGet(43)) - raft.server.log.use.memory = false (default)
2019-09-25 11:45:09,210 [pool-197-thread-1] INFO  server.RaftServerConfigKeys (ConfUtils.java:logGet(43)) - raft.server.log.purge.gap = 1000000 (custom)
2019-09-25 11:45:09,210 [pool-197-thread-1] INFO  server.RaftServerConfigKeys (ConfUtils.java:logGet(43)) - raft.server.log.appender.buffer.byte-limit = 33554432 (custom)
2019-09-25 11:45:09,210 [pool-197-thread-1] INFO  server.RaftServerConfigKeys (ConfUtils.java:logGet(43)) - raft.server.log.segment.size.max = 1048576 (custom)
2019-09-25 11:45:09,210 [pool-197-thread-1] INFO  server.RaftServerConfigKeys (ConfUtils.java:logGet(43)) - raft.server.log.segment.cache.num.max = 2 (custom)
2019-09-25 11:45:09,211 [pool-197-thread-1] INFO  segmented.SegmentedRaftLogWorker (SegmentedRaftLogWorker.java:<init>(172)) - new 7e6bc9ff-76d0-4b16-93bc-b993a8f14e87@group-74695701EA2A-SegmentedRaftLogWorker for RaftStorage:Storage Directory /workdir/hadoop-ozone/integration-test/target/test-dir/MiniOzoneClusterImpl-99ecd979-b3b3-4b08-8770-c9a2ea2db525/datanode-2/data/ratis/0b601113-d92b-4374-bb15-74695701ea2a
2019-09-25 11:45:09,212 [pool-197-thread-1] INFO  server.RaftServerConfigKeys (ConfUtils.java:logGet(43)) - raft.server.log.queue.byte-limit = 2147483647 (custom)
2019-09-25 11:45:09,213 [pool-197-thread-1] INFO  server.RaftServerConfigKeys (ConfUtils.java:logGet(43)) - raft.server.log.queue.element-limit = 1024 (custom)
2019-09-25 11:45:09,213 [pool-197-thread-1] INFO  server.RaftServerConfigKeys (ConfUtils.java:logGet(43)) - raft.server.log.segment.size.max = 1048576 (custom)
2019-09-25 11:45:09,213 [pool-197-thread-1] INFO  server.RaftServerConfigKeys (ConfUtils.java:logGet(43)) - raft.server.log.preallocated.size = 16384 (custom)
2019-09-25 11:45:09,213 [pool-197-thread-1] INFO  server.RaftServerConfigKeys (ConfUtils.java:logGet(43)) - raft.server.log.write.buffer.size = 33554432 (custom)
2019-09-25 11:45:09,213 [pool-197-thread-1] INFO  server.RaftServerConfigKeys (ConfUtils.java:logGet(43)) - raft.server.log.force.sync.num = 128 (default)
2019-09-25 11:45:09,213 [pool-197-thread-1] INFO  server.RaftServerConfigKeys (ConfUtils.java:logGet(43)) - raft.server.log.statemachine.data.sync = true (default)
2019-09-25 11:45:09,213 [pool-197-thread-1] INFO  server.RaftServerConfigKeys (ConfUtils.java:logGet(43)) - raft.server.log.statemachine.data.sync.timeout = 10s (default)
2019-09-25 11:45:09,214 [pool-197-thread-1] INFO  server.RaftServerConfigKeys (ConfUtils.java:logGet(43)) - raft.server.log.statemachine.data.sync.timeout.retry = -1 (default)
2019-09-25 11:45:09,214 [pool-197-thread-1] INFO  server.RaftServerConfigKeys (ConfUtils.java:logGet(43)) - raft.server.log.statemachine.data.caching.enabled = true (custom)
2019-09-25 11:45:09,214 [pool-197-thread-1] INFO  segmented.SegmentedRaftLogWorker (SegmentedRaftLogWorker.java:lambda$new$0(132)) - 7e6bc9ff-76d0-4b16-93bc-b993a8f14e87@group-74695701EA2A-SegmentedRaftLogWorker: flushIndex: setUnconditionally 0 -> -1
2019-09-25 11:45:09,215 [pool-197-thread-1] INFO  server.RaftServerConfigKeys (ConfUtils.java:logGet(43)) - raft.server.snapshot.auto.trigger.enabled = true (custom)
2019-09-25 11:45:09,215 [pool-197-thread-1] INFO  server.RaftServerConfigKeys (ConfUtils.java:logGet(43)) - raft.server.snapshot.auto.trigger.threshold = 10000 (custom)
2019-09-25 11:45:09,215 [pool-197-thread-1] INFO  server.RaftServerConfigKeys (ConfUtils.java:logGet(43)) - raft.server.snapshot.retention.num.files = 5 (custom)
2019-09-25 11:45:09,215 [pool-197-thread-1] INFO  server.RaftServerConfigKeys (ConfUtils.java:logGet(43)) - raft.server.retrycache.expirytime = 600000ms (custom)
2019-09-25 11:45:09,217 [pool-197-thread-1] INFO  impl.RaftServerImpl (RaftServerImpl.java:start(185)) - 7e6bc9ff-76d0-4b16-93bc-b993a8f14e87@group-74695701EA2A: start as a follower, conf=-1: [7e6bc9ff-76d0-4b16-93bc-b993a8f14e87:192.168.30.6:46304], old=null
2019-09-25 11:45:09,217 [pool-197-thread-1] INFO  impl.RaftServerImpl (RaftServerImpl.java:setRole(174)) - 7e6bc9ff-76d0-4b16-93bc-b993a8f14e87@group-74695701EA2A: changes role from      null to FOLLOWER at term 0 for startAsFollower
2019-09-25 11:45:09,217 [pool-197-thread-1] INFO  impl.RoleInfo (RoleInfo.java:updateAndGet(143)) - 7e6bc9ff-76d0-4b16-93bc-b993a8f14e87: start FollowerState
2019-09-25 11:45:09,218 [pool-197-thread-1] INFO  util.JmxRegister (JmxRegister.java:tryRegister(44)) - Successfully registered JMX Bean with object name Ratis:service=RaftServer,group=group-74695701EA2A,id=7e6bc9ff-76d0-4b16-93bc-b993a8f14e87
2019-09-25 11:45:09,221 [RatisPipelineUtilsThread] INFO  pipeline.PipelineStateManager (PipelineStateManager.java:addPipeline(56)) - Created pipeline Pipeline[ Id: 0b601113-d92b-4374-bb15-74695701ea2a, Nodes: 7e6bc9ff-76d0-4b16-93bc-b993a8f14e87{ip: 192.168.30.6, host: pr-hdds-1569-5gmkr-4255264070, networkLocation: /default-rack, certSerialId: null}, Type:RATIS, Factor:ONE, State:OPEN]
2019-09-25 11:45:09,221 [RatisPipelineUtilsThread] INFO  pipeline.PipelinePlacementPolicy (PipelinePlacementPolicy.java:meetCriteria(91)) - Pipeline Placement: can't place more pipeline on heavy datanode： 031e4d08-7683-4c7f-bd85-96c0eaa9cc40 Heaviness: 6 limit: 5
2019-09-25 11:45:09,227 [grpc-default-executor-0] INFO  impl.RaftServerProxy (RaftServerProxy.java:addNew(89)) - 7e6bc9ff-76d0-4b16-93bc-b993a8f14e87: addNew group-50BBE8D72139:[7e6bc9ff-76d0-4b16-93bc-b993a8f14e87:192.168.30.6:46304] returns group-50BBE8D72139:java.util.concurrent.CompletableFuture@1e17f5ea[Not completed]
2019-09-25 11:45:09,229 [pool-197-thread-1] INFO  impl.RaftServerImpl (RaftServerImpl.java:<init>(95)) - 7e6bc9ff-76d0-4b16-93bc-b993a8f14e87: new RaftServerImpl for group-50BBE8D72139:[7e6bc9ff-76d0-4b16-93bc-b993a8f14e87:192.168.30.6:46304] with ContainerStateMachine:uninitialized
2019-09-25 11:45:09,229 [pool-197-thread-1] INFO  server.RaftServerConfigKeys (ConfUtils.java:logGet(43)) - raft.server.rpc.timeout.min = 5s (custom)
2019-09-25 11:45:09,229 [pool-197-thread-1] INFO  server.RaftServerConfigKeys (ConfUtils.java:logGet(43)) - raft.server.rpc.timeout.max = 5200ms (custom)
2019-09-25 11:45:09,229 [pool-197-thread-1] INFO  server.RaftServerConfigKeys (ConfUtils.java:logGet(43)) - raft.server.rpcslowness.timeout = 120s (custom)
2019-09-25 11:45:09,229 [pool-197-thread-1] INFO  server.RaftServerConfigKeys (ConfUtils.java:logGet(43)) - raft.server.sleep.deviation.threshold = 300 (default)
2019-09-25 11:45:09,230 [pool-197-thread-1] INFO  server.RaftServerConfigKeys (ConfUtils.java:logGet(43)) - raft.server.log.appender.install.snapshot.enabled = false (custom)
2019-09-25 11:45:09,230 [pool-197-thread-1] INFO  impl.RaftServerImpl (ServerState.java:<init>(103)) - 7e6bc9ff-76d0-4b16-93bc-b993a8f14e87@group-50BBE8D72139: ConfigurationManager, init=-1: [7e6bc9ff-76d0-4b16-93bc-b993a8f14e87:192.168.30.6:46304], old=null, confs=<EMPTY_MAP>
2019-09-25 11:45:09,230 [pool-197-thread-1] INFO  server.RaftServerConfigKeys (ConfUtils.java:logGet(43)) - raft.server.storage.dir = [/workdir/hadoop-ozone/integration-test/target/test-dir/MiniOzoneClusterImpl-99ecd979-b3b3-4b08-8770-c9a2ea2db525/datanode-2/data/ratis] (custom)
2019-09-25 11:45:09,231 [pool-197-thread-1] INFO  storage.RaftStorageDirectory (RaftStorageDirectory.java:analyzeStorage(246)) - The storage directory /workdir/hadoop-ozone/integration-test/target/test-dir/MiniOzoneClusterImpl-99ecd979-b3b3-4b08-8770-c9a2ea2db525/datanode-2/data/ratis/d38184f6-4ebc-4472-a9b8-50bbe8d72139 does not exist. Creating ...
2019-09-25 11:45:09,247 [pool-197-thread-1] INFO  storage.RaftStorageDirectory (RaftStorageDirectory.java:tryLock(328)) - Lock on /workdir/hadoop-ozone/integration-test/target/test-dir/MiniOzoneClusterImpl-99ecd979-b3b3-4b08-8770-c9a2ea2db525/datanode-2/data/ratis/d38184f6-4ebc-4472-a9b8-50bbe8d72139/in_use.lock acquired by nodename 9579@pr-hdds-1569-5gmkr-4255264070
2019-09-25 11:45:09,261 [pool-197-thread-1] INFO  storage.RaftStorage (RaftStorage.java:format(72)) - Storage directory /workdir/hadoop-ozone/integration-test/target/test-dir/MiniOzoneClusterImpl-99ecd979-b3b3-4b08-8770-c9a2ea2db525/datanode-2/data/ratis/d38184f6-4ebc-4472-a9b8-50bbe8d72139 has been successfully formatted.
2019-09-25 11:45:09,261 [pool-197-thread-1] INFO  ratis.ContainerStateMachine (ContainerStateMachine.java:loadSnapshot(230)) - group-50BBE8D72139: The snapshot info is null. Setting the last applied indexto:(t:0, i:~)
2019-09-25 11:45:09,261 [pool-197-thread-1] INFO  server.RaftServerConfigKeys (ConfUtils.java:logGet(43)) - raft.server.notification.no-leader.timeout = 120s (custom)
2019-09-25 11:45:09,261 [pool-197-thread-1] INFO  server.RaftServerConfigKeys (ConfUtils.java:logGet(43)) - raft.server.log.use.memory = false (default)
2019-09-25 11:45:09,262 [pool-197-thread-1] INFO  server.RaftServerConfigKeys (ConfUtils.java:logGet(43)) - raft.server.log.purge.gap = 1000000 (custom)
2019-09-25 11:45:09,262 [pool-197-thread-1] INFO  server.RaftServerConfigKeys (ConfUtils.java:logGet(43)) - raft.server.log.appender.buffer.byte-limit = 33554432 (custom)
2019-09-25 11:45:09,262 [pool-197-thread-1] INFO  server.RaftServerConfigKeys (ConfUtils.java:logGet(43)) - raft.server.log.segment.size.max = 1048576 (custom)
2019-09-25 11:45:09,262 [pool-197-thread-1] INFO  server.RaftServerConfigKeys (ConfUtils.java:logGet(43)) - raft.server.log.segment.cache.num.max = 2 (custom)
2019-09-25 11:45:09,262 [pool-197-thread-1] INFO  segmented.SegmentedRaftLogWorker (SegmentedRaftLogWorker.java:<init>(172)) - new 7e6bc9ff-76d0-4b16-93bc-b993a8f14e87@group-50BBE8D72139-SegmentedRaftLogWorker for RaftStorage:Storage Directory /workdir/hadoop-ozone/integration-test/target/test-dir/MiniOzoneClusterImpl-99ecd979-b3b3-4b08-8770-c9a2ea2db525/datanode-2/data/ratis/d38184f6-4ebc-4472-a9b8-50bbe8d72139
2019-09-25 11:45:09,262 [pool-197-thread-1] INFO  server.RaftServerConfigKeys (ConfUtils.java:logGet(43)) - raft.server.log.queue.byte-limit = 2147483647 (custom)
2019-09-25 11:45:09,263 [pool-197-thread-1] INFO  server.RaftServerConfigKeys (ConfUtils.java:logGet(43)) - raft.server.log.queue.element-limit = 1024 (custom)
2019-09-25 11:45:09,263 [pool-197-thread-1] INFO  server.RaftServerConfigKeys (ConfUtils.java:logGet(43)) - raft.server.log.segment.size.max = 1048576 (custom)
2019-09-25 11:45:09,263 [pool-197-thread-1] INFO  server.RaftServerConfigKeys (ConfUtils.java:logGet(43)) - raft.server.log.preallocated.size = 16384 (custom)
2019-09-25 11:45:09,263 [pool-197-thread-1] INFO  server.RaftServerConfigKeys (ConfUtils.java:logGet(43)) - raft.server.log.write.buffer.size = 33554432 (custom)
2019-09-25 11:45:09,263 [pool-197-thread-1] INFO  server.RaftServerConfigKeys (ConfUtils.java:logGet(43)) - raft.server.log.force.sync.num = 128 (default)
2019-09-25 11:45:09,263 [pool-197-thread-1] INFO  server.RaftServerConfigKeys (ConfUtils.java:logGet(43)) - raft.server.log.statemachine.data.sync = true (default)
2019-09-25 11:45:09,264 [pool-197-thread-1] INFO  server.RaftServerConfigKeys (ConfUtils.java:logGet(43)) - raft.server.log.statemachine.data.sync.timeout = 10s (default)
2019-09-25 11:45:09,264 [pool-197-thread-1] INFO  server.RaftServerConfigKeys (ConfUtils.java:logGet(43)) - raft.server.log.statemachine.data.sync.timeout.retry = -1 (default)
2019-09-25 11:45:09,264 [pool-197-thread-1] INFO  server.RaftServerConfigKeys (ConfUtils.java:logGet(43)) - raft.server.log.statemachine.data.caching.enabled = true (custom)
2019-09-25 11:45:09,264 [pool-197-thread-1] INFO  segmented.SegmentedRaftLogWorker (SegmentedRaftLogWorker.java:lambda$new$0(132)) - 7e6bc9ff-76d0-4b16-93bc-b993a8f14e87@group-50BBE8D72139-SegmentedRaftLogWorker: flushIndex: setUnconditionally 0 -> -1
2019-09-25 11:45:09,264 [pool-197-thread-1] INFO  server.RaftServerConfigKeys (ConfUtils.java:logGet(43)) - raft.server.snapshot.auto.trigger.enabled = true (custom)
2019-09-25 11:45:09,264 [pool-197-thread-1] INFO  server.RaftServerConfigKeys (ConfUtils.java:logGet(43)) - raft.server.snapshot.auto.trigger.threshold = 10000 (custom)
2019-09-25 11:45:09,264 [pool-197-thread-1] INFO  server.RaftServerConfigKeys (ConfUtils.java:logGet(43)) - raft.server.snapshot.retention.num.files = 5 (custom)
2019-09-25 11:45:09,265 [pool-197-thread-1] INFO  server.RaftServerConfigKeys (ConfUtils.java:logGet(43)) - raft.server.retrycache.expirytime = 600000ms (custom)
2019-09-25 11:45:09,266 [pool-197-thread-1] INFO  impl.RaftServerImpl (RaftServerImpl.java:start(185)) - 7e6bc9ff-76d0-4b16-93bc-b993a8f14e87@group-50BBE8D72139: start as a follower, conf=-1: [7e6bc9ff-76d0-4b16-93bc-b993a8f14e87:192.168.30.6:46304], old=null
2019-09-25 11:45:09,266 [pool-197-thread-1] INFO  impl.RaftServerImpl (RaftServerImpl.java:setRole(174)) - 7e6bc9ff-76d0-4b16-93bc-b993a8f14e87@group-50BBE8D72139: changes role from      null to FOLLOWER at term 0 for startAsFollower
2019-09-25 11:45:09,266 [pool-197-thread-1] INFO  impl.RoleInfo (RoleInfo.java:updateAndGet(143)) - 7e6bc9ff-76d0-4b16-93bc-b993a8f14e87: start FollowerState
2019-09-25 11:45:09,267 [pool-197-thread-1] INFO  util.JmxRegister (JmxRegister.java:tryRegister(44)) - Successfully registered JMX Bean with object name Ratis:service=RaftServer,group=group-50BBE8D72139,id=7e6bc9ff-76d0-4b16-93bc-b993a8f14e87
2019-09-25 11:45:09,270 [RatisPipelineUtilsThread] INFO  pipeline.PipelineStateManager (PipelineStateManager.java:addPipeline(56)) - Created pipeline Pipeline[ Id: d38184f6-4ebc-4472-a9b8-50bbe8d72139, Nodes: 7e6bc9ff-76d0-4b16-93bc-b993a8f14e87{ip: 192.168.30.6, host: pr-hdds-1569-5gmkr-4255264070, networkLocation: /default-rack, certSerialId: null}, Type:RATIS, Factor:ONE, State:OPEN]
2019-09-25 11:45:09,270 [RatisPipelineUtilsThread] INFO  pipeline.PipelinePlacementPolicy (PipelinePlacementPolicy.java:meetCriteria(91)) - Pipeline Placement: can't place more pipeline on heavy datanode： 031e4d08-7683-4c7f-bd85-96c0eaa9cc40 Heaviness: 6 limit: 5
2019-09-25 11:45:09,275 [grpc-default-executor-0] INFO  impl.RaftServerProxy (RaftServerProxy.java:addNew(89)) - f100c784-18af-433c-b537-5ce403f57dd8: addNew group-792195793DDF:[f100c784-18af-433c-b537-5ce403f57dd8:192.168.30.6:33083] returns group-792195793DDF:java.util.concurrent.CompletableFuture@7f880580[Not completed]
2019-09-25 11:45:09,277 [pool-187-thread-1] INFO  impl.RaftServerImpl (RaftServerImpl.java:<init>(95)) - f100c784-18af-433c-b537-5ce403f57dd8: new RaftServerImpl for group-792195793DDF:[f100c784-18af-433c-b537-5ce403f57dd8:192.168.30.6:33083] with ContainerStateMachine:uninitialized
2019-09-25 11:45:09,277 [pool-187-thread-1] INFO  server.RaftServerConfigKeys (ConfUtils.java:logGet(43)) - raft.server.rpc.timeout.min = 5s (custom)
2019-09-25 11:45:09,277 [pool-187-thread-1] INFO  server.RaftServerConfigKeys (ConfUtils.java:logGet(43)) - raft.server.rpc.timeout.max = 5200ms (custom)
2019-09-25 11:45:09,277 [pool-187-thread-1] INFO  server.RaftServerConfigKeys (ConfUtils.java:logGet(43)) - raft.server.rpcslowness.timeout = 120s (custom)
2019-09-25 11:45:09,277 [pool-187-thread-1] INFO  server.RaftServerConfigKeys (ConfUtils.java:logGet(43)) - raft.server.sleep.deviation.threshold = 300 (default)
2019-09-25 11:45:09,277 [pool-187-thread-1] INFO  server.RaftServerConfigKeys (ConfUtils.java:logGet(43)) - raft.server.log.appender.install.snapshot.enabled = false (custom)
2019-09-25 11:45:09,278 [pool-187-thread-1] INFO  impl.RaftServerImpl (ServerState.java:<init>(103)) - f100c784-18af-433c-b537-5ce403f57dd8@group-792195793DDF: ConfigurationManager, init=-1: [f100c784-18af-433c-b537-5ce403f57dd8:192.168.30.6:33083], old=null, confs=<EMPTY_MAP>
2019-09-25 11:45:09,278 [pool-187-thread-1] INFO  server.RaftServerConfigKeys (ConfUtils.java:logGet(43)) - raft.server.storage.dir = [/workdir/hadoop-ozone/integration-test/target/test-dir/MiniOzoneClusterImpl-99ecd979-b3b3-4b08-8770-c9a2ea2db525/datanode-1/data/ratis] (custom)
2019-09-25 11:45:09,278 [pool-187-thread-1] INFO  storage.RaftStorageDirectory (RaftStorageDirectory.java:analyzeStorage(246)) - The storage directory /workdir/hadoop-ozone/integration-test/target/test-dir/MiniOzoneClusterImpl-99ecd979-b3b3-4b08-8770-c9a2ea2db525/datanode-1/data/ratis/5f5aac14-1e51-4422-a333-792195793ddf does not exist. Creating ...
2019-09-25 11:45:09,291 [pool-187-thread-1] INFO  storage.RaftStorageDirectory (RaftStorageDirectory.java:tryLock(328)) - Lock on /workdir/hadoop-ozone/integration-test/target/test-dir/MiniOzoneClusterImpl-99ecd979-b3b3-4b08-8770-c9a2ea2db525/datanode-1/data/ratis/5f5aac14-1e51-4422-a333-792195793ddf/in_use.lock acquired by nodename 9579@pr-hdds-1569-5gmkr-4255264070
2019-09-25 11:45:09,304 [pool-187-thread-1] INFO  storage.RaftStorage (RaftStorage.java:format(72)) - Storage directory /workdir/hadoop-ozone/integration-test/target/test-dir/MiniOzoneClusterImpl-99ecd979-b3b3-4b08-8770-c9a2ea2db525/datanode-1/data/ratis/5f5aac14-1e51-4422-a333-792195793ddf has been successfully formatted.
2019-09-25 11:45:09,304 [pool-187-thread-1] INFO  ratis.ContainerStateMachine (ContainerStateMachine.java:loadSnapshot(230)) - group-792195793DDF: The snapshot info is null. Setting the last applied indexto:(t:0, i:~)
2019-09-25 11:45:09,305 [pool-187-thread-1] INFO  server.RaftServerConfigKeys (ConfUtils.java:logGet(43)) - raft.server.notification.no-leader.timeout = 120s (custom)
2019-09-25 11:45:09,305 [pool-187-thread-1] INFO  server.RaftServerConfigKeys (ConfUtils.java:logGet(43)) - raft.server.log.use.memory = false (default)
2019-09-25 11:45:09,305 [pool-187-thread-1] INFO  server.RaftServerConfigKeys (ConfUtils.java:logGet(43)) - raft.server.log.purge.gap = 1000000 (custom)
2019-09-25 11:45:09,305 [pool-187-thread-1] INFO  server.RaftServerConfigKeys (ConfUtils.java:logGet(43)) - raft.server.log.appender.buffer.byte-limit = 33554432 (custom)
2019-09-25 11:45:09,305 [pool-187-thread-1] INFO  server.RaftServerConfigKeys (ConfUtils.java:logGet(43)) - raft.server.log.segment.size.max = 1048576 (custom)
2019-09-25 11:45:09,305 [pool-187-thread-1] INFO  server.RaftServerConfigKeys (ConfUtils.java:logGet(43)) - raft.server.log.segment.cache.num.max = 2 (custom)
2019-09-25 11:45:09,305 [pool-187-thread-1] INFO  segmented.SegmentedRaftLogWorker (SegmentedRaftLogWorker.java:<init>(172)) - new f100c784-18af-433c-b537-5ce403f57dd8@group-792195793DDF-SegmentedRaftLogWorker for RaftStorage:Storage Directory /workdir/hadoop-ozone/integration-test/target/test-dir/MiniOzoneClusterImpl-99ecd979-b3b3-4b08-8770-c9a2ea2db525/datanode-1/data/ratis/5f5aac14-1e51-4422-a333-792195793ddf
2019-09-25 11:45:09,305 [pool-187-thread-1] INFO  server.RaftServerConfigKeys (ConfUtils.java:logGet(43)) - raft.server.log.queue.byte-limit = 2147483647 (custom)
2019-09-25 11:45:09,306 [pool-187-thread-1] INFO  server.RaftServerConfigKeys (ConfUtils.java:logGet(43)) - raft.server.log.queue.element-limit = 1024 (custom)
2019-09-25 11:45:09,306 [pool-187-thread-1] INFO  server.RaftServerConfigKeys (ConfUtils.java:logGet(43)) - raft.server.log.segment.size.max = 1048576 (custom)
2019-09-25 11:45:09,306 [pool-187-thread-1] INFO  server.RaftServerConfigKeys (ConfUtils.java:logGet(43)) - raft.server.log.preallocated.size = 16384 (custom)
2019-09-25 11:45:09,306 [pool-187-thread-1] INFO  server.RaftServerConfigKeys (ConfUtils.java:logGet(43)) - raft.server.log.write.buffer.size = 33554432 (custom)
2019-09-25 11:45:09,306 [pool-187-thread-1] INFO  server.RaftServerConfigKeys (ConfUtils.java:logGet(43)) - raft.server.log.force.sync.num = 128 (default)
2019-09-25 11:45:09,306 [pool-187-thread-1] INFO  server.RaftServerConfigKeys (ConfUtils.java:logGet(43)) - raft.server.log.statemachine.data.sync = true (default)
2019-09-25 11:45:09,306 [pool-187-thread-1] INFO  server.RaftServerConfigKeys (ConfUtils.java:logGet(43)) - raft.server.log.statemachine.data.sync.timeout = 10s (default)
2019-09-25 11:45:09,306 [pool-187-thread-1] INFO  server.RaftServerConfigKeys (ConfUtils.java:logGet(43)) - raft.server.log.statemachine.data.sync.timeout.retry = -1 (default)
2019-09-25 11:45:09,307 [pool-187-thread-1] INFO  server.RaftServerConfigKeys (ConfUtils.java:logGet(43)) - raft.server.log.statemachine.data.caching.enabled = true (custom)
2019-09-25 11:45:09,307 [pool-187-thread-1] INFO  segmented.SegmentedRaftLogWorker (SegmentedRaftLogWorker.java:lambda$new$0(132)) - f100c784-18af-433c-b537-5ce403f57dd8@group-792195793DDF-SegmentedRaftLogWorker: flushIndex: setUnconditionally 0 -> -1
2019-09-25 11:45:09,307 [pool-187-thread-1] INFO  server.RaftServerConfigKeys (ConfUtils.java:logGet(43)) - raft.server.snapshot.auto.trigger.enabled = true (custom)
2019-09-25 11:45:09,307 [pool-187-thread-1] INFO  server.RaftServerConfigKeys (ConfUtils.java:logGet(43)) - raft.server.snapshot.auto.trigger.threshold = 10000 (custom)
2019-09-25 11:45:09,307 [pool-187-thread-1] INFO  server.RaftServerConfigKeys (ConfUtils.java:logGet(43)) - raft.server.snapshot.retention.num.files = 5 (custom)
2019-09-25 11:45:09,308 [pool-187-thread-1] INFO  server.RaftServerConfigKeys (ConfUtils.java:logGet(43)) - raft.server.retrycache.expirytime = 600000ms (custom)
2019-09-25 11:45:09,309 [pool-187-thread-1] INFO  impl.RaftServerImpl (RaftServerImpl.java:start(185)) - f100c784-18af-433c-b537-5ce403f57dd8@group-792195793DDF: start as a follower, conf=-1: [f100c784-18af-433c-b537-5ce403f57dd8:192.168.30.6:33083], old=null
2019-09-25 11:45:09,309 [pool-187-thread-1] INFO  impl.RaftServerImpl (RaftServerImpl.java:setRole(174)) - f100c784-18af-433c-b537-5ce403f57dd8@group-792195793DDF: changes role from      null to FOLLOWER at term 0 for startAsFollower
2019-09-25 11:45:09,309 [pool-187-thread-1] INFO  impl.RoleInfo (RoleInfo.java:updateAndGet(143)) - f100c784-18af-433c-b537-5ce403f57dd8: start FollowerState
2019-09-25 11:45:09,310 [pool-187-thread-1] INFO  util.JmxRegister (JmxRegister.java:tryRegister(44)) - Successfully registered JMX Bean with object name Ratis:service=RaftServer,group=group-792195793DDF,id=f100c784-18af-433c-b537-5ce403f57dd8
2019-09-25 11:45:09,313 [RatisPipelineUtilsThread] INFO  pipeline.PipelineStateManager (PipelineStateManager.java:addPipeline(56)) - Created pipeline Pipeline[ Id: 5f5aac14-1e51-4422-a333-792195793ddf, Nodes: f100c784-18af-433c-b537-5ce403f57dd8{ip: 192.168.30.6, host: pr-hdds-1569-5gmkr-4255264070, networkLocation: /default-rack, certSerialId: null}, Type:RATIS, Factor:ONE, State:OPEN]
2019-09-25 11:45:09,313 [RatisPipelineUtilsThread] INFO  pipeline.PipelinePlacementPolicy (PipelinePlacementPolicy.java:meetCriteria(91)) - Pipeline Placement: can't place more pipeline on heavy datanode： 031e4d08-7683-4c7f-bd85-96c0eaa9cc40 Heaviness: 6 limit: 5
2019-09-25 11:45:09,313 [RatisPipelineUtilsThread] INFO  pipeline.PipelinePlacementPolicy (PipelinePlacementPolicy.java:meetCriteria(91)) - Pipeline Placement: can't place more pipeline on heavy datanode： f100c784-18af-433c-b537-5ce403f57dd8 Heaviness: 6 limit: 5
2019-09-25 11:45:09,319 [grpc-default-executor-0] INFO  impl.RaftServerProxy (RaftServerProxy.java:addNew(89)) - 7e6bc9ff-76d0-4b16-93bc-b993a8f14e87: addNew group-0038F10558D9:[7e6bc9ff-76d0-4b16-93bc-b993a8f14e87:192.168.30.6:46304] returns group-0038F10558D9:java.util.concurrent.CompletableFuture@7356da0c[Not completed]
2019-09-25 11:45:09,320 [pool-197-thread-1] INFO  impl.RaftServerImpl (RaftServerImpl.java:<init>(95)) - 7e6bc9ff-76d0-4b16-93bc-b993a8f14e87: new RaftServerImpl for group-0038F10558D9:[7e6bc9ff-76d0-4b16-93bc-b993a8f14e87:192.168.30.6:46304] with ContainerStateMachine:uninitialized
2019-09-25 11:45:09,320 [pool-197-thread-1] INFO  server.RaftServerConfigKeys (ConfUtils.java:logGet(43)) - raft.server.rpc.timeout.min = 5s (custom)
2019-09-25 11:45:09,320 [pool-197-thread-1] INFO  server.RaftServerConfigKeys (ConfUtils.java:logGet(43)) - raft.server.rpc.timeout.max = 5200ms (custom)
2019-09-25 11:45:09,320 [pool-197-thread-1] INFO  server.RaftServerConfigKeys (ConfUtils.java:logGet(43)) - raft.server.rpcslowness.timeout = 120s (custom)
2019-09-25 11:45:09,320 [pool-197-thread-1] INFO  server.RaftServerConfigKeys (ConfUtils.java:logGet(43)) - raft.server.sleep.deviation.threshold = 300 (default)
2019-09-25 11:45:09,321 [pool-197-thread-1] INFO  server.RaftServerConfigKeys (ConfUtils.java:logGet(43)) - raft.server.log.appender.install.snapshot.enabled = false (custom)
2019-09-25 11:45:09,321 [pool-197-thread-1] INFO  impl.RaftServerImpl (ServerState.java:<init>(103)) - 7e6bc9ff-76d0-4b16-93bc-b993a8f14e87@group-0038F10558D9: ConfigurationManager, init=-1: [7e6bc9ff-76d0-4b16-93bc-b993a8f14e87:192.168.30.6:46304], old=null, confs=<EMPTY_MAP>
2019-09-25 11:45:09,321 [pool-197-thread-1] INFO  server.RaftServerConfigKeys (ConfUtils.java:logGet(43)) - raft.server.storage.dir = [/workdir/hadoop-ozone/integration-test/target/test-dir/MiniOzoneClusterImpl-99ecd979-b3b3-4b08-8770-c9a2ea2db525/datanode-2/data/ratis] (custom)
2019-09-25 11:45:09,321 [pool-197-thread-1] INFO  storage.RaftStorageDirectory (RaftStorageDirectory.java:analyzeStorage(246)) - The storage directory /workdir/hadoop-ozone/integration-test/target/test-dir/MiniOzoneClusterImpl-99ecd979-b3b3-4b08-8770-c9a2ea2db525/datanode-2/data/ratis/6529610c-ad81-4612-9684-0038f10558d9 does not exist. Creating ...
2019-09-25 11:45:09,334 [pool-197-thread-1] INFO  storage.RaftStorageDirectory (RaftStorageDirectory.java:tryLock(328)) - Lock on /workdir/hadoop-ozone/integration-test/target/test-dir/MiniOzoneClusterImpl-99ecd979-b3b3-4b08-8770-c9a2ea2db525/datanode-2/data/ratis/6529610c-ad81-4612-9684-0038f10558d9/in_use.lock acquired by nodename 9579@pr-hdds-1569-5gmkr-4255264070
2019-09-25 11:45:09,348 [pool-197-thread-1] INFO  storage.RaftStorage (RaftStorage.java:format(72)) - Storage directory /workdir/hadoop-ozone/integration-test/target/test-dir/MiniOzoneClusterImpl-99ecd979-b3b3-4b08-8770-c9a2ea2db525/datanode-2/data/ratis/6529610c-ad81-4612-9684-0038f10558d9 has been successfully formatted.
2019-09-25 11:45:09,349 [pool-197-thread-1] INFO  ratis.ContainerStateMachine (ContainerStateMachine.java:loadSnapshot(230)) - group-0038F10558D9: The snapshot info is null. Setting the last applied indexto:(t:0, i:~)
2019-09-25 11:45:09,349 [pool-197-thread-1] INFO  server.RaftServerConfigKeys (ConfUtils.java:logGet(43)) - raft.server.notification.no-leader.timeout = 120s (custom)
2019-09-25 11:45:09,349 [pool-197-thread-1] INFO  server.RaftServerConfigKeys (ConfUtils.java:logGet(43)) - raft.server.log.use.memory = false (default)
2019-09-25 11:45:09,349 [pool-197-thread-1] INFO  server.RaftServerConfigKeys (ConfUtils.java:logGet(43)) - raft.server.log.purge.gap = 1000000 (custom)
2019-09-25 11:45:09,349 [pool-197-thread-1] INFO  server.RaftServerConfigKeys (ConfUtils.java:logGet(43)) - raft.server.log.appender.buffer.byte-limit = 33554432 (custom)
2019-09-25 11:45:09,349 [pool-197-thread-1] INFO  server.RaftServerConfigKeys (ConfUtils.java:logGet(43)) - raft.server.log.segment.size.max = 1048576 (custom)
2019-09-25 11:45:09,350 [pool-197-thread-1] INFO  server.RaftServerConfigKeys (ConfUtils.java:logGet(43)) - raft.server.log.segment.cache.num.max = 2 (custom)
2019-09-25 11:45:09,350 [pool-197-thread-1] INFO  segmented.SegmentedRaftLogWorker (SegmentedRaftLogWorker.java:<init>(172)) - new 7e6bc9ff-76d0-4b16-93bc-b993a8f14e87@group-0038F10558D9-SegmentedRaftLogWorker for RaftStorage:Storage Directory /workdir/hadoop-ozone/integration-test/target/test-dir/MiniOzoneClusterImpl-99ecd979-b3b3-4b08-8770-c9a2ea2db525/datanode-2/data/ratis/6529610c-ad81-4612-9684-0038f10558d9
2019-09-25 11:45:09,350 [pool-197-thread-1] INFO  server.RaftServerConfigKeys (ConfUtils.java:logGet(43)) - raft.server.log.queue.byte-limit = 2147483647 (custom)
2019-09-25 11:45:09,350 [pool-197-thread-1] INFO  server.RaftServerConfigKeys (ConfUtils.java:logGet(43)) - raft.server.log.queue.element-limit = 1024 (custom)
2019-09-25 11:45:09,350 [pool-197-thread-1] INFO  server.RaftServerConfigKeys (ConfUtils.java:logGet(43)) - raft.server.log.segment.size.max = 1048576 (custom)
2019-09-25 11:45:09,350 [pool-197-thread-1] INFO  server.RaftServerConfigKeys (ConfUtils.java:logGet(43)) - raft.server.log.preallocated.size = 16384 (custom)
2019-09-25 11:45:09,350 [pool-197-thread-1] INFO  server.RaftServerConfigKeys (ConfUtils.java:logGet(43)) - raft.server.log.write.buffer.size = 33554432 (custom)
2019-09-25 11:45:09,351 [pool-197-thread-1] INFO  server.RaftServerConfigKeys (ConfUtils.java:logGet(43)) - raft.server.log.force.sync.num = 128 (default)
2019-09-25 11:45:09,351 [pool-197-thread-1] INFO  server.RaftServerConfigKeys (ConfUtils.java:logGet(43)) - raft.server.log.statemachine.data.sync = true (default)
2019-09-25 11:45:09,351 [pool-197-thread-1] INFO  server.RaftServerConfigKeys (ConfUtils.java:logGet(43)) - raft.server.log.statemachine.data.sync.timeout = 10s (default)
2019-09-25 11:45:09,351 [pool-197-thread-1] INFO  server.RaftServerConfigKeys (ConfUtils.java:logGet(43)) - raft.server.log.statemachine.data.sync.timeout.retry = -1 (default)
2019-09-25 11:45:09,351 [pool-197-thread-1] INFO  server.RaftServerConfigKeys (ConfUtils.java:logGet(43)) - raft.server.log.statemachine.data.caching.enabled = true (custom)
2019-09-25 11:45:09,352 [pool-197-thread-1] INFO  segmented.SegmentedRaftLogWorker (SegmentedRaftLogWorker.java:lambda$new$0(132)) - 7e6bc9ff-76d0-4b16-93bc-b993a8f14e87@group-0038F10558D9-SegmentedRaftLogWorker: flushIndex: setUnconditionally 0 -> -1
2019-09-25 11:45:09,352 [pool-197-thread-1] INFO  server.RaftServerConfigKeys (ConfUtils.java:logGet(43)) - raft.server.snapshot.auto.trigger.enabled = true (custom)
2019-09-25 11:45:09,352 [pool-197-thread-1] INFO  server.RaftServerConfigKeys (ConfUtils.java:logGet(43)) - raft.server.snapshot.auto.trigger.threshold = 10000 (custom)
2019-09-25 11:45:09,352 [pool-197-thread-1] INFO  server.RaftServerConfigKeys (ConfUtils.java:logGet(43)) - raft.server.snapshot.retention.num.files = 5 (custom)
2019-09-25 11:45:09,352 [pool-197-thread-1] INFO  server.RaftServerConfigKeys (ConfUtils.java:logGet(43)) - raft.server.retrycache.expirytime = 600000ms (custom)
2019-09-25 11:45:09,354 [pool-197-thread-1] INFO  impl.RaftServerImpl (RaftServerImpl.java:start(185)) - 7e6bc9ff-76d0-4b16-93bc-b993a8f14e87@group-0038F10558D9: start as a follower, conf=-1: [7e6bc9ff-76d0-4b16-93bc-b993a8f14e87:192.168.30.6:46304], old=null
2019-09-25 11:45:09,354 [pool-197-thread-1] INFO  impl.RaftServerImpl (RaftServerImpl.java:setRole(174)) - 7e6bc9ff-76d0-4b16-93bc-b993a8f14e87@group-0038F10558D9: changes role from      null to FOLLOWER at term 0 for startAsFollower
2019-09-25 11:45:09,355 [pool-197-thread-1] INFO  impl.RoleInfo (RoleInfo.java:updateAndGet(143)) - 7e6bc9ff-76d0-4b16-93bc-b993a8f14e87: start FollowerState
2019-09-25 11:45:09,355 [pool-197-thread-1] INFO  util.JmxRegister (JmxRegister.java:tryRegister(44)) - Successfully registered JMX Bean with object name Ratis:service=RaftServer,group=group-0038F10558D9,id=7e6bc9ff-76d0-4b16-93bc-b993a8f14e87
2019-09-25 11:45:09,358 [RatisPipelineUtilsThread] INFO  pipeline.PipelineStateManager (PipelineStateManager.java:addPipeline(56)) - Created pipeline Pipeline[ Id: 6529610c-ad81-4612-9684-0038f10558d9, Nodes: 7e6bc9ff-76d0-4b16-93bc-b993a8f14e87{ip: 192.168.30.6, host: pr-hdds-1569-5gmkr-4255264070, networkLocation: /default-rack, certSerialId: null}, Type:RATIS, Factor:ONE, State:OPEN]
2019-09-25 11:45:09,358 [RatisPipelineUtilsThread] INFO  pipeline.PipelinePlacementPolicy (PipelinePlacementPolicy.java:meetCriteria(91)) - Pipeline Placement: can't place more pipeline on heavy datanode： 031e4d08-7683-4c7f-bd85-96c0eaa9cc40 Heaviness: 6 limit: 5
2019-09-25 11:45:09,359 [RatisPipelineUtilsThread] INFO  pipeline.PipelinePlacementPolicy (PipelinePlacementPolicy.java:meetCriteria(91)) - Pipeline Placement: can't place more pipeline on heavy datanode： f100c784-18af-433c-b537-5ce403f57dd8 Heaviness: 6 limit: 5
2019-09-25 11:45:09,364 [grpc-default-executor-0] INFO  impl.RaftServerProxy (RaftServerProxy.java:addNew(89)) - 7e6bc9ff-76d0-4b16-93bc-b993a8f14e87: addNew group-75C17E542996:[7e6bc9ff-76d0-4b16-93bc-b993a8f14e87:192.168.30.6:46304] returns group-75C17E542996:java.util.concurrent.CompletableFuture@1e300844[Not completed]
2019-09-25 11:45:09,365 [pool-197-thread-1] INFO  impl.RaftServerImpl (RaftServerImpl.java:<init>(95)) - 7e6bc9ff-76d0-4b16-93bc-b993a8f14e87: new RaftServerImpl for group-75C17E542996:[7e6bc9ff-76d0-4b16-93bc-b993a8f14e87:192.168.30.6:46304] with ContainerStateMachine:uninitialized
2019-09-25 11:45:09,365 [pool-197-thread-1] INFO  server.RaftServerConfigKeys (ConfUtils.java:logGet(43)) - raft.server.rpc.timeout.min = 5s (custom)
2019-09-25 11:45:09,365 [pool-197-thread-1] INFO  server.RaftServerConfigKeys (ConfUtils.java:logGet(43)) - raft.server.rpc.timeout.max = 5200ms (custom)
2019-09-25 11:45:09,365 [pool-197-thread-1] INFO  server.RaftServerConfigKeys (ConfUtils.java:logGet(43)) - raft.server.rpcslowness.timeout = 120s (custom)
2019-09-25 11:45:09,365 [pool-197-thread-1] INFO  server.RaftServerConfigKeys (ConfUtils.java:logGet(43)) - raft.server.sleep.deviation.threshold = 300 (default)
2019-09-25 11:45:09,366 [pool-197-thread-1] INFO  server.RaftServerConfigKeys (ConfUtils.java:logGet(43)) - raft.server.log.appender.install.snapshot.enabled = false (custom)
2019-09-25 11:45:09,366 [pool-197-thread-1] INFO  impl.RaftServerImpl (ServerState.java:<init>(103)) - 7e6bc9ff-76d0-4b16-93bc-b993a8f14e87@group-75C17E542996: ConfigurationManager, init=-1: [7e6bc9ff-76d0-4b16-93bc-b993a8f14e87:192.168.30.6:46304], old=null, confs=<EMPTY_MAP>
2019-09-25 11:45:09,366 [pool-197-thread-1] INFO  server.RaftServerConfigKeys (ConfUtils.java:logGet(43)) - raft.server.storage.dir = [/workdir/hadoop-ozone/integration-test/target/test-dir/MiniOzoneClusterImpl-99ecd979-b3b3-4b08-8770-c9a2ea2db525/datanode-2/data/ratis] (custom)
2019-09-25 11:45:09,366 [pool-197-thread-1] INFO  storage.RaftStorageDirectory (RaftStorageDirectory.java:analyzeStorage(246)) - The storage directory /workdir/hadoop-ozone/integration-test/target/test-dir/MiniOzoneClusterImpl-99ecd979-b3b3-4b08-8770-c9a2ea2db525/datanode-2/data/ratis/b4c46305-cf2e-4f3f-b7b6-75c17e542996 does not exist. Creating ...
2019-09-25 11:45:09,380 [pool-197-thread-1] INFO  storage.RaftStorageDirectory (RaftStorageDirectory.java:tryLock(328)) - Lock on /workdir/hadoop-ozone/integration-test/target/test-dir/MiniOzoneClusterImpl-99ecd979-b3b3-4b08-8770-c9a2ea2db525/datanode-2/data/ratis/b4c46305-cf2e-4f3f-b7b6-75c17e542996/in_use.lock acquired by nodename 9579@pr-hdds-1569-5gmkr-4255264070
2019-09-25 11:45:09,394 [pool-197-thread-1] INFO  storage.RaftStorage (RaftStorage.java:format(72)) - Storage directory /workdir/hadoop-ozone/integration-test/target/test-dir/MiniOzoneClusterImpl-99ecd979-b3b3-4b08-8770-c9a2ea2db525/datanode-2/data/ratis/b4c46305-cf2e-4f3f-b7b6-75c17e542996 has been successfully formatted.
2019-09-25 11:45:09,394 [pool-197-thread-1] INFO  ratis.ContainerStateMachine (ContainerStateMachine.java:loadSnapshot(230)) - group-75C17E542996: The snapshot info is null. Setting the last applied indexto:(t:0, i:~)
2019-09-25 11:45:09,394 [pool-197-thread-1] INFO  server.RaftServerConfigKeys (ConfUtils.java:logGet(43)) - raft.server.notification.no-leader.timeout = 120s (custom)
2019-09-25 11:45:09,394 [pool-197-thread-1] INFO  server.RaftServerConfigKeys (ConfUtils.java:logGet(43)) - raft.server.log.use.memory = false (default)
2019-09-25 11:45:09,395 [pool-197-thread-1] INFO  server.RaftServerConfigKeys (ConfUtils.java:logGet(43)) - raft.server.log.purge.gap = 1000000 (custom)
2019-09-25 11:45:09,395 [pool-197-thread-1] INFO  server.RaftServerConfigKeys (ConfUtils.java:logGet(43)) - raft.server.log.appender.buffer.byte-limit = 33554432 (custom)
2019-09-25 11:45:09,395 [pool-197-thread-1] INFO  server.RaftServerConfigKeys (ConfUtils.java:logGet(43)) - raft.server.log.segment.size.max = 1048576 (custom)
2019-09-25 11:45:09,395 [pool-197-thread-1] INFO  server.RaftServerConfigKeys (ConfUtils.java:logGet(43)) - raft.server.log.segment.cache.num.max = 2 (custom)
2019-09-25 11:45:09,395 [pool-197-thread-1] INFO  segmented.SegmentedRaftLogWorker (SegmentedRaftLogWorker.java:<init>(172)) - new 7e6bc9ff-76d0-4b16-93bc-b993a8f14e87@group-75C17E542996-SegmentedRaftLogWorker for RaftStorage:Storage Directory /workdir/hadoop-ozone/integration-test/target/test-dir/MiniOzoneClusterImpl-99ecd979-b3b3-4b08-8770-c9a2ea2db525/datanode-2/data/ratis/b4c46305-cf2e-4f3f-b7b6-75c17e542996
2019-09-25 11:45:09,395 [pool-197-thread-1] INFO  server.RaftServerConfigKeys (ConfUtils.java:logGet(43)) - raft.server.log.queue.byte-limit = 2147483647 (custom)
2019-09-25 11:45:09,395 [pool-197-thread-1] INFO  server.RaftServerConfigKeys (ConfUtils.java:logGet(43)) - raft.server.log.queue.element-limit = 1024 (custom)
2019-09-25 11:45:09,396 [pool-197-thread-1] INFO  server.RaftServerConfigKeys (ConfUtils.java:logGet(43)) - raft.server.log.segment.size.max = 1048576 (custom)
2019-09-25 11:45:09,396 [pool-197-thread-1] INFO  server.RaftServerConfigKeys (ConfUtils.java:logGet(43)) - raft.server.log.preallocated.size = 16384 (custom)
2019-09-25 11:45:09,396 [pool-197-thread-1] INFO  server.RaftServerConfigKeys (ConfUtils.java:logGet(43)) - raft.server.log.write.buffer.size = 33554432 (custom)
2019-09-25 11:45:09,396 [pool-197-thread-1] INFO  server.RaftServerConfigKeys (ConfUtils.java:logGet(43)) - raft.server.log.force.sync.num = 128 (default)
2019-09-25 11:45:09,396 [pool-197-thread-1] INFO  server.RaftServerConfigKeys (ConfUtils.java:logGet(43)) - raft.server.log.statemachine.data.sync = true (default)
2019-09-25 11:45:09,396 [pool-197-thread-1] INFO  server.RaftServerConfigKeys (ConfUtils.java:logGet(43)) - raft.server.log.statemachine.data.sync.timeout = 10s (default)
2019-09-25 11:45:09,396 [pool-197-thread-1] INFO  server.RaftServerConfigKeys (ConfUtils.java:logGet(43)) - raft.server.log.statemachine.data.sync.timeout.retry = -1 (default)
2019-09-25 11:45:09,397 [pool-197-thread-1] INFO  server.RaftServerConfigKeys (ConfUtils.java:logGet(43)) - raft.server.log.statemachine.data.caching.enabled = true (custom)
2019-09-25 11:45:09,397 [pool-197-thread-1] INFO  segmented.SegmentedRaftLogWorker (SegmentedRaftLogWorker.java:lambda$new$0(132)) - 7e6bc9ff-76d0-4b16-93bc-b993a8f14e87@group-75C17E542996-SegmentedRaftLogWorker: flushIndex: setUnconditionally 0 -> -1
2019-09-25 11:45:09,397 [pool-197-thread-1] INFO  server.RaftServerConfigKeys (ConfUtils.java:logGet(43)) - raft.server.snapshot.auto.trigger.enabled = true (custom)
2019-09-25 11:45:09,397 [pool-197-thread-1] INFO  server.RaftServerConfigKeys (ConfUtils.java:logGet(43)) - raft.server.snapshot.auto.trigger.threshold = 10000 (custom)
2019-09-25 11:45:09,397 [pool-197-thread-1] INFO  server.RaftServerConfigKeys (ConfUtils.java:logGet(43)) - raft.server.snapshot.retention.num.files = 5 (custom)
2019-09-25 11:45:09,398 [pool-197-thread-1] INFO  server.RaftServerConfigKeys (ConfUtils.java:logGet(43)) - raft.server.retrycache.expirytime = 600000ms (custom)
2019-09-25 11:45:09,399 [pool-197-thread-1] INFO  impl.RaftServerImpl (RaftServerImpl.java:start(185)) - 7e6bc9ff-76d0-4b16-93bc-b993a8f14e87@group-75C17E542996: start as a follower, conf=-1: [7e6bc9ff-76d0-4b16-93bc-b993a8f14e87:192.168.30.6:46304], old=null
2019-09-25 11:45:09,400 [pool-197-thread-1] INFO  impl.RaftServerImpl (RaftServerImpl.java:setRole(174)) - 7e6bc9ff-76d0-4b16-93bc-b993a8f14e87@group-75C17E542996: changes role from      null to FOLLOWER at term 0 for startAsFollower
2019-09-25 11:45:09,400 [pool-197-thread-1] INFO  impl.RoleInfo (RoleInfo.java:updateAndGet(143)) - 7e6bc9ff-76d0-4b16-93bc-b993a8f14e87: start FollowerState
2019-09-25 11:45:09,400 [pool-197-thread-1] INFO  util.JmxRegister (JmxRegister.java:tryRegister(44)) - Successfully registered JMX Bean with object name Ratis:service=RaftServer,group=group-75C17E542996,id=7e6bc9ff-76d0-4b16-93bc-b993a8f14e87
2019-09-25 11:45:09,403 [RatisPipelineUtilsThread] INFO  pipeline.PipelineStateManager (PipelineStateManager.java:addPipeline(56)) - Created pipeline Pipeline[ Id: b4c46305-cf2e-4f3f-b7b6-75c17e542996, Nodes: 7e6bc9ff-76d0-4b16-93bc-b993a8f14e87{ip: 192.168.30.6, host: pr-hdds-1569-5gmkr-4255264070, networkLocation: /default-rack, certSerialId: null}, Type:RATIS, Factor:ONE, State:OPEN]
2019-09-25 11:45:09,403 [RatisPipelineUtilsThread] INFO  pipeline.PipelinePlacementPolicy (PipelinePlacementPolicy.java:meetCriteria(91)) - Pipeline Placement: can't place more pipeline on heavy datanode： 031e4d08-7683-4c7f-bd85-96c0eaa9cc40 Heaviness: 6 limit: 5
2019-09-25 11:45:09,403 [RatisPipelineUtilsThread] INFO  pipeline.PipelinePlacementPolicy (PipelinePlacementPolicy.java:meetCriteria(91)) - Pipeline Placement: can't place more pipeline on heavy datanode： f100c784-18af-433c-b537-5ce403f57dd8 Heaviness: 6 limit: 5
2019-09-25 11:45:09,409 [grpc-default-executor-0] INFO  impl.RaftServerProxy (RaftServerProxy.java:addNew(89)) - 7e6bc9ff-76d0-4b16-93bc-b993a8f14e87: addNew group-2EBA4FF3ACBE:[7e6bc9ff-76d0-4b16-93bc-b993a8f14e87:192.168.30.6:46304] returns group-2EBA4FF3ACBE:java.util.concurrent.CompletableFuture@77780b74[Not completed]
2019-09-25 11:45:09,410 [pool-197-thread-1] INFO  impl.RaftServerImpl (RaftServerImpl.java:<init>(95)) - 7e6bc9ff-76d0-4b16-93bc-b993a8f14e87: new RaftServerImpl for group-2EBA4FF3ACBE:[7e6bc9ff-76d0-4b16-93bc-b993a8f14e87:192.168.30.6:46304] with ContainerStateMachine:uninitialized
2019-09-25 11:45:09,410 [pool-197-thread-1] INFO  server.RaftServerConfigKeys (ConfUtils.java:logGet(43)) - raft.server.rpc.timeout.min = 5s (custom)
2019-09-25 11:45:09,410 [pool-197-thread-1] INFO  server.RaftServerConfigKeys (ConfUtils.java:logGet(43)) - raft.server.rpc.timeout.max = 5200ms (custom)
2019-09-25 11:45:09,410 [pool-197-thread-1] INFO  server.RaftServerConfigKeys (ConfUtils.java:logGet(43)) - raft.server.rpcslowness.timeout = 120s (custom)
2019-09-25 11:45:09,410 [pool-197-thread-1] INFO  server.RaftServerConfigKeys (ConfUtils.java:logGet(43)) - raft.server.sleep.deviation.threshold = 300 (default)
2019-09-25 11:45:09,410 [pool-197-thread-1] INFO  server.RaftServerConfigKeys (ConfUtils.java:logGet(43)) - raft.server.log.appender.install.snapshot.enabled = false (custom)
2019-09-25 11:45:09,410 [pool-197-thread-1] INFO  impl.RaftServerImpl (ServerState.java:<init>(103)) - 7e6bc9ff-76d0-4b16-93bc-b993a8f14e87@group-2EBA4FF3ACBE: ConfigurationManager, init=-1: [7e6bc9ff-76d0-4b16-93bc-b993a8f14e87:192.168.30.6:46304], old=null, confs=<EMPTY_MAP>
2019-09-25 11:45:09,411 [pool-197-thread-1] INFO  server.RaftServerConfigKeys (ConfUtils.java:logGet(43)) - raft.server.storage.dir = [/workdir/hadoop-ozone/integration-test/target/test-dir/MiniOzoneClusterImpl-99ecd979-b3b3-4b08-8770-c9a2ea2db525/datanode-2/data/ratis] (custom)
2019-09-25 11:45:09,411 [pool-197-thread-1] INFO  storage.RaftStorageDirectory (RaftStorageDirectory.java:analyzeStorage(246)) - The storage directory /workdir/hadoop-ozone/integration-test/target/test-dir/MiniOzoneClusterImpl-99ecd979-b3b3-4b08-8770-c9a2ea2db525/datanode-2/data/ratis/39f2584a-fff1-4da6-a92e-2eba4ff3acbe does not exist. Creating ...
2019-09-25 11:45:09,424 [pool-197-thread-1] INFO  storage.RaftStorageDirectory (RaftStorageDirectory.java:tryLock(328)) - Lock on /workdir/hadoop-ozone/integration-test/target/test-dir/MiniOzoneClusterImpl-99ecd979-b3b3-4b08-8770-c9a2ea2db525/datanode-2/data/ratis/39f2584a-fff1-4da6-a92e-2eba4ff3acbe/in_use.lock acquired by nodename 9579@pr-hdds-1569-5gmkr-4255264070
2019-09-25 11:45:09,453 [pool-197-thread-1] INFO  storage.RaftStorage (RaftStorage.java:format(72)) - Storage directory /workdir/hadoop-ozone/integration-test/target/test-dir/MiniOzoneClusterImpl-99ecd979-b3b3-4b08-8770-c9a2ea2db525/datanode-2/data/ratis/39f2584a-fff1-4da6-a92e-2eba4ff3acbe has been successfully formatted.
2019-09-25 11:45:09,453 [pool-197-thread-1] INFO  ratis.ContainerStateMachine (ContainerStateMachine.java:loadSnapshot(230)) - group-2EBA4FF3ACBE: The snapshot info is null. Setting the last applied indexto:(t:0, i:~)
2019-09-25 11:45:09,454 [pool-197-thread-1] INFO  server.RaftServerConfigKeys (ConfUtils.java:logGet(43)) - raft.server.notification.no-leader.timeout = 120s (custom)
2019-09-25 11:45:09,454 [pool-197-thread-1] INFO  server.RaftServerConfigKeys (ConfUtils.java:logGet(43)) - raft.server.log.use.memory = false (default)
2019-09-25 11:45:09,454 [pool-197-thread-1] INFO  server.RaftServerConfigKeys (ConfUtils.java:logGet(43)) - raft.server.log.purge.gap = 1000000 (custom)
2019-09-25 11:45:09,454 [pool-197-thread-1] INFO  server.RaftServerConfigKeys (ConfUtils.java:logGet(43)) - raft.server.log.appender.buffer.byte-limit = 33554432 (custom)
2019-09-25 11:45:09,454 [pool-197-thread-1] INFO  server.RaftServerConfigKeys (ConfUtils.java:logGet(43)) - raft.server.log.segment.size.max = 1048576 (custom)
2019-09-25 11:45:09,454 [pool-197-thread-1] INFO  server.RaftServerConfigKeys (ConfUtils.java:logGet(43)) - raft.server.log.segment.cache.num.max = 2 (custom)
2019-09-25 11:45:09,455 [pool-197-thread-1] INFO  segmented.SegmentedRaftLogWorker (SegmentedRaftLogWorker.java:<init>(172)) - new 7e6bc9ff-76d0-4b16-93bc-b993a8f14e87@group-2EBA4FF3ACBE-SegmentedRaftLogWorker for RaftStorage:Storage Directory /workdir/hadoop-ozone/integration-test/target/test-dir/MiniOzoneClusterImpl-99ecd979-b3b3-4b08-8770-c9a2ea2db525/datanode-2/data/ratis/39f2584a-fff1-4da6-a92e-2eba4ff3acbe
2019-09-25 11:45:09,455 [pool-197-thread-1] INFO  server.RaftServerConfigKeys (ConfUtils.java:logGet(43)) - raft.server.log.queue.byte-limit = 2147483647 (custom)
2019-09-25 11:45:09,455 [pool-197-thread-1] INFO  server.RaftServerConfigKeys (ConfUtils.java:logGet(43)) - raft.server.log.queue.element-limit = 1024 (custom)
2019-09-25 11:45:09,455 [pool-197-thread-1] INFO  server.RaftServerConfigKeys (ConfUtils.java:logGet(43)) - raft.server.log.segment.size.max = 1048576 (custom)
2019-09-25 11:45:09,455 [pool-197-thread-1] INFO  server.RaftServerConfigKeys (ConfUtils.java:logGet(43)) - raft.server.log.preallocated.size = 16384 (custom)
2019-09-25 11:45:09,455 [pool-197-thread-1] INFO  server.RaftServerConfigKeys (ConfUtils.java:logGet(43)) - raft.server.log.write.buffer.size = 33554432 (custom)
2019-09-25 11:45:09,455 [pool-197-thread-1] INFO  server.RaftServerConfigKeys (ConfUtils.java:logGet(43)) - raft.server.log.force.sync.num = 128 (default)
2019-09-25 11:45:09,456 [pool-197-thread-1] INFO  server.RaftServerConfigKeys (ConfUtils.java:logGet(43)) - raft.server.log.statemachine.data.sync = true (default)
2019-09-25 11:45:09,456 [pool-197-thread-1] INFO  server.RaftServerConfigKeys (ConfUtils.java:logGet(43)) - raft.server.log.statemachine.data.sync.timeout = 10s (default)
2019-09-25 11:45:09,456 [pool-197-thread-1] INFO  server.RaftServerConfigKeys (ConfUtils.java:logGet(43)) - raft.server.log.statemachine.data.sync.timeout.retry = -1 (default)
2019-09-25 11:45:09,456 [pool-197-thread-1] INFO  server.RaftServerConfigKeys (ConfUtils.java:logGet(43)) - raft.server.log.statemachine.data.caching.enabled = true (custom)
2019-09-25 11:45:09,457 [pool-197-thread-1] INFO  segmented.SegmentedRaftLogWorker (SegmentedRaftLogWorker.java:lambda$new$0(132)) - 7e6bc9ff-76d0-4b16-93bc-b993a8f14e87@group-2EBA4FF3ACBE-SegmentedRaftLogWorker: flushIndex: setUnconditionally 0 -> -1
2019-09-25 11:45:09,457 [pool-197-thread-1] INFO  server.RaftServerConfigKeys (ConfUtils.java:logGet(43)) - raft.server.snapshot.auto.trigger.enabled = true (custom)
2019-09-25 11:45:09,457 [pool-197-thread-1] INFO  server.RaftServerConfigKeys (ConfUtils.java:logGet(43)) - raft.server.snapshot.auto.trigger.threshold = 10000 (custom)
2019-09-25 11:45:09,457 [pool-197-thread-1] INFO  server.RaftServerConfigKeys (ConfUtils.java:logGet(43)) - raft.server.snapshot.retention.num.files = 5 (custom)
2019-09-25 11:45:09,457 [pool-197-thread-1] INFO  server.RaftServerConfigKeys (ConfUtils.java:logGet(43)) - raft.server.retrycache.expirytime = 600000ms (custom)
2019-09-25 11:45:09,460 [pool-197-thread-1] INFO  impl.RaftServerImpl (RaftServerImpl.java:start(185)) - 7e6bc9ff-76d0-4b16-93bc-b993a8f14e87@group-2EBA4FF3ACBE: start as a follower, conf=-1: [7e6bc9ff-76d0-4b16-93bc-b993a8f14e87:192.168.30.6:46304], old=null
2019-09-25 11:45:09,460 [pool-197-thread-1] INFO  impl.RaftServerImpl (RaftServerImpl.java:setRole(174)) - 7e6bc9ff-76d0-4b16-93bc-b993a8f14e87@group-2EBA4FF3ACBE: changes role from      null to FOLLOWER at term 0 for startAsFollower
2019-09-25 11:45:09,460 [pool-197-thread-1] INFO  impl.RoleInfo (RoleInfo.java:updateAndGet(143)) - 7e6bc9ff-76d0-4b16-93bc-b993a8f14e87: start FollowerState
2019-09-25 11:45:09,460 [pool-197-thread-1] INFO  util.JmxRegister (JmxRegister.java:tryRegister(44)) - Successfully registered JMX Bean with object name Ratis:service=RaftServer,group=group-2EBA4FF3ACBE,id=7e6bc9ff-76d0-4b16-93bc-b993a8f14e87
2019-09-25 11:45:09,463 [RatisPipelineUtilsThread] INFO  pipeline.PipelineStateManager (PipelineStateManager.java:addPipeline(56)) - Created pipeline Pipeline[ Id: 39f2584a-fff1-4da6-a92e-2eba4ff3acbe, Nodes: 7e6bc9ff-76d0-4b16-93bc-b993a8f14e87{ip: 192.168.30.6, host: pr-hdds-1569-5gmkr-4255264070, networkLocation: /default-rack, certSerialId: null}, Type:RATIS, Factor:ONE, State:OPEN]
2019-09-25 11:45:09,463 [RatisPipelineUtilsThread] INFO  pipeline.PipelinePlacementPolicy (PipelinePlacementPolicy.java:meetCriteria(91)) - Pipeline Placement: can't place more pipeline on heavy datanode： 031e4d08-7683-4c7f-bd85-96c0eaa9cc40 Heaviness: 6 limit: 5
2019-09-25 11:45:09,464 [RatisPipelineUtilsThread] INFO  pipeline.PipelinePlacementPolicy (PipelinePlacementPolicy.java:meetCriteria(91)) - Pipeline Placement: can't place more pipeline on heavy datanode： f100c784-18af-433c-b537-5ce403f57dd8 Heaviness: 6 limit: 5
2019-09-25 11:45:09,469 [grpc-default-executor-0] INFO  impl.RaftServerProxy (RaftServerProxy.java:addNew(89)) - 7e6bc9ff-76d0-4b16-93bc-b993a8f14e87: addNew group-FFF73F4709E1:[7e6bc9ff-76d0-4b16-93bc-b993a8f14e87:192.168.30.6:46304] returns group-FFF73F4709E1:java.util.concurrent.CompletableFuture@15ac1766[Not completed]
2019-09-25 11:45:09,470 [pool-197-thread-1] INFO  impl.RaftServerImpl (RaftServerImpl.java:<init>(95)) - 7e6bc9ff-76d0-4b16-93bc-b993a8f14e87: new RaftServerImpl for group-FFF73F4709E1:[7e6bc9ff-76d0-4b16-93bc-b993a8f14e87:192.168.30.6:46304] with ContainerStateMachine:uninitialized
2019-09-25 11:45:09,470 [pool-197-thread-1] INFO  server.RaftServerConfigKeys (ConfUtils.java:logGet(43)) - raft.server.rpc.timeout.min = 5s (custom)
2019-09-25 11:45:09,470 [pool-197-thread-1] INFO  server.RaftServerConfigKeys (ConfUtils.java:logGet(43)) - raft.server.rpc.timeout.max = 5200ms (custom)
2019-09-25 11:45:09,471 [pool-197-thread-1] INFO  server.RaftServerConfigKeys (ConfUtils.java:logGet(43)) - raft.server.rpcslowness.timeout = 120s (custom)
2019-09-25 11:45:09,471 [pool-197-thread-1] INFO  server.RaftServerConfigKeys (ConfUtils.java:logGet(43)) - raft.server.sleep.deviation.threshold = 300 (default)
2019-09-25 11:45:09,471 [pool-197-thread-1] INFO  server.RaftServerConfigKeys (ConfUtils.java:logGet(43)) - raft.server.log.appender.install.snapshot.enabled = false (custom)
2019-09-25 11:45:09,471 [pool-197-thread-1] INFO  impl.RaftServerImpl (ServerState.java:<init>(103)) - 7e6bc9ff-76d0-4b16-93bc-b993a8f14e87@group-FFF73F4709E1: ConfigurationManager, init=-1: [7e6bc9ff-76d0-4b16-93bc-b993a8f14e87:192.168.30.6:46304], old=null, confs=<EMPTY_MAP>
2019-09-25 11:45:09,471 [pool-197-thread-1] INFO  server.RaftServerConfigKeys (ConfUtils.java:logGet(43)) - raft.server.storage.dir = [/workdir/hadoop-ozone/integration-test/target/test-dir/MiniOzoneClusterImpl-99ecd979-b3b3-4b08-8770-c9a2ea2db525/datanode-2/data/ratis] (custom)
2019-09-25 11:45:09,472 [pool-197-thread-1] INFO  storage.RaftStorageDirectory (RaftStorageDirectory.java:analyzeStorage(246)) - The storage directory /workdir/hadoop-ozone/integration-test/target/test-dir/MiniOzoneClusterImpl-99ecd979-b3b3-4b08-8770-c9a2ea2db525/datanode-2/data/ratis/ebd4c3c8-7632-44a1-99c6-fff73f4709e1 does not exist. Creating ...
2019-09-25 11:45:09,485 [pool-197-thread-1] INFO  storage.RaftStorageDirectory (RaftStorageDirectory.java:tryLock(328)) - Lock on /workdir/hadoop-ozone/integration-test/target/test-dir/MiniOzoneClusterImpl-99ecd979-b3b3-4b08-8770-c9a2ea2db525/datanode-2/data/ratis/ebd4c3c8-7632-44a1-99c6-fff73f4709e1/in_use.lock acquired by nodename 9579@pr-hdds-1569-5gmkr-4255264070
2019-09-25 11:45:09,500 [pool-197-thread-1] INFO  storage.RaftStorage (RaftStorage.java:format(72)) - Storage directory /workdir/hadoop-ozone/integration-test/target/test-dir/MiniOzoneClusterImpl-99ecd979-b3b3-4b08-8770-c9a2ea2db525/datanode-2/data/ratis/ebd4c3c8-7632-44a1-99c6-fff73f4709e1 has been successfully formatted.
2019-09-25 11:45:09,500 [pool-197-thread-1] INFO  ratis.ContainerStateMachine (ContainerStateMachine.java:loadSnapshot(230)) - group-FFF73F4709E1: The snapshot info is null. Setting the last applied indexto:(t:0, i:~)
2019-09-25 11:45:09,500 [pool-197-thread-1] INFO  server.RaftServerConfigKeys (ConfUtils.java:logGet(43)) - raft.server.notification.no-leader.timeout = 120s (custom)
2019-09-25 11:45:09,500 [pool-197-thread-1] INFO  server.RaftServerConfigKeys (ConfUtils.java:logGet(43)) - raft.server.log.use.memory = false (default)
2019-09-25 11:45:09,500 [pool-197-thread-1] INFO  server.RaftServerConfigKeys (ConfUtils.java:logGet(43)) - raft.server.log.purge.gap = 1000000 (custom)
2019-09-25 11:45:09,500 [pool-197-thread-1] INFO  server.RaftServerConfigKeys (ConfUtils.java:logGet(43)) - raft.server.log.appender.buffer.byte-limit = 33554432 (custom)
2019-09-25 11:45:09,501 [pool-197-thread-1] INFO  server.RaftServerConfigKeys (ConfUtils.java:logGet(43)) - raft.server.log.segment.size.max = 1048576 (custom)
2019-09-25 11:45:09,501 [pool-197-thread-1] INFO  server.RaftServerConfigKeys (ConfUtils.java:logGet(43)) - raft.server.log.segment.cache.num.max = 2 (custom)
2019-09-25 11:45:09,501 [pool-197-thread-1] INFO  segmented.SegmentedRaftLogWorker (SegmentedRaftLogWorker.java:<init>(172)) - new 7e6bc9ff-76d0-4b16-93bc-b993a8f14e87@group-FFF73F4709E1-SegmentedRaftLogWorker for RaftStorage:Storage Directory /workdir/hadoop-ozone/integration-test/target/test-dir/MiniOzoneClusterImpl-99ecd979-b3b3-4b08-8770-c9a2ea2db525/datanode-2/data/ratis/ebd4c3c8-7632-44a1-99c6-fff73f4709e1
2019-09-25 11:45:09,501 [pool-197-thread-1] INFO  server.RaftServerConfigKeys (ConfUtils.java:logGet(43)) - raft.server.log.queue.byte-limit = 2147483647 (custom)
2019-09-25 11:45:09,501 [pool-197-thread-1] INFO  server.RaftServerConfigKeys (ConfUtils.java:logGet(43)) - raft.server.log.queue.element-limit = 1024 (custom)
2019-09-25 11:45:09,501 [pool-197-thread-1] INFO  server.RaftServerConfigKeys (ConfUtils.java:logGet(43)) - raft.server.log.segment.size.max = 1048576 (custom)
2019-09-25 11:45:09,502 [pool-197-thread-1] INFO  server.RaftServerConfigKeys (ConfUtils.java:logGet(43)) - raft.server.log.preallocated.size = 16384 (custom)
2019-09-25 11:45:09,502 [pool-197-thread-1] INFO  server.RaftServerConfigKeys (ConfUtils.java:logGet(43)) - raft.server.log.write.buffer.size = 33554432 (custom)
2019-09-25 11:45:09,502 [pool-197-thread-1] INFO  server.RaftServerConfigKeys (ConfUtils.java:logGet(43)) - raft.server.log.force.sync.num = 128 (default)
2019-09-25 11:45:09,502 [pool-197-thread-1] INFO  server.RaftServerConfigKeys (ConfUtils.java:logGet(43)) - raft.server.log.statemachine.data.sync = true (default)
2019-09-25 11:45:09,502 [pool-197-thread-1] INFO  server.RaftServerConfigKeys (ConfUtils.java:logGet(43)) - raft.server.log.statemachine.data.sync.timeout = 10s (default)
2019-09-25 11:45:09,502 [pool-197-thread-1] INFO  server.RaftServerConfigKeys (ConfUtils.java:logGet(43)) - raft.server.log.statemachine.data.sync.timeout.retry = -1 (default)
2019-09-25 11:45:09,502 [pool-197-thread-1] INFO  server.RaftServerConfigKeys (ConfUtils.java:logGet(43)) - raft.server.log.statemachine.data.caching.enabled = true (custom)
2019-09-25 11:45:09,503 [pool-197-thread-1] INFO  segmented.SegmentedRaftLogWorker (SegmentedRaftLogWorker.java:lambda$new$0(132)) - 7e6bc9ff-76d0-4b16-93bc-b993a8f14e87@group-FFF73F4709E1-SegmentedRaftLogWorker: flushIndex: setUnconditionally 0 -> -1
2019-09-25 11:45:09,503 [pool-197-thread-1] INFO  server.RaftServerConfigKeys (ConfUtils.java:logGet(43)) - raft.server.snapshot.auto.trigger.enabled = true (custom)
2019-09-25 11:45:09,503 [pool-197-thread-1] INFO  server.RaftServerConfigKeys (ConfUtils.java:logGet(43)) - raft.server.snapshot.auto.trigger.threshold = 10000 (custom)
2019-09-25 11:45:09,503 [pool-197-thread-1] INFO  server.RaftServerConfigKeys (ConfUtils.java:logGet(43)) - raft.server.snapshot.retention.num.files = 5 (custom)
2019-09-25 11:45:09,503 [pool-197-thread-1] INFO  server.RaftServerConfigKeys (ConfUtils.java:logGet(43)) - raft.server.retrycache.expirytime = 600000ms (custom)
2019-09-25 11:45:09,505 [pool-197-thread-1] INFO  impl.RaftServerImpl (RaftServerImpl.java:start(185)) - 7e6bc9ff-76d0-4b16-93bc-b993a8f14e87@group-FFF73F4709E1: start as a follower, conf=-1: [7e6bc9ff-76d0-4b16-93bc-b993a8f14e87:192.168.30.6:46304], old=null
2019-09-25 11:45:09,505 [pool-197-thread-1] INFO  impl.RaftServerImpl (RaftServerImpl.java:setRole(174)) - 7e6bc9ff-76d0-4b16-93bc-b993a8f14e87@group-FFF73F4709E1: changes role from      null to FOLLOWER at term 0 for startAsFollower
2019-09-25 11:45:09,506 [pool-197-thread-1] INFO  impl.RoleInfo (RoleInfo.java:updateAndGet(143)) - 7e6bc9ff-76d0-4b16-93bc-b993a8f14e87: start FollowerState
2019-09-25 11:45:09,506 [pool-197-thread-1] INFO  util.JmxRegister (JmxRegister.java:tryRegister(44)) - Successfully registered JMX Bean with object name Ratis:service=RaftServer,group=group-FFF73F4709E1,id=7e6bc9ff-76d0-4b16-93bc-b993a8f14e87
2019-09-25 11:45:09,509 [RatisPipelineUtilsThread] INFO  pipeline.PipelineStateManager (PipelineStateManager.java:addPipeline(56)) - Created pipeline Pipeline[ Id: ebd4c3c8-7632-44a1-99c6-fff73f4709e1, Nodes: 7e6bc9ff-76d0-4b16-93bc-b993a8f14e87{ip: 192.168.30.6, host: pr-hdds-1569-5gmkr-4255264070, networkLocation: /default-rack, certSerialId: null}, Type:RATIS, Factor:ONE, State:OPEN]
2019-09-25 11:45:09,509 [RatisPipelineUtilsThread] INFO  pipeline.PipelinePlacementPolicy (PipelinePlacementPolicy.java:meetCriteria(91)) - Pipeline Placement: can't place more pipeline on heavy datanode： 031e4d08-7683-4c7f-bd85-96c0eaa9cc40 Heaviness: 6 limit: 5
2019-09-25 11:45:09,509 [RatisPipelineUtilsThread] INFO  pipeline.PipelinePlacementPolicy (PipelinePlacementPolicy.java:meetCriteria(91)) - Pipeline Placement: can't place more pipeline on heavy datanode： f100c784-18af-433c-b537-5ce403f57dd8 Heaviness: 6 limit: 5
2019-09-25 11:45:09,509 [RatisPipelineUtilsThread] INFO  pipeline.PipelinePlacementPolicy (PipelinePlacementPolicy.java:meetCriteria(91)) - Pipeline Placement: can't place more pipeline on heavy datanode： 7e6bc9ff-76d0-4b16-93bc-b993a8f14e87 Heaviness: 6 limit: 5
2019-09-25 11:45:09,510 [RatisPipelineUtilsThread] ERROR pipeline.PipelinePlacementPolicy (PipelinePlacementPolicy.java:filterViableNodes(148)) - Unable to find enough nodes that meet the criteria that cannot engage in more than 5 pipelines. Nodes required: 1 Found: 0, healthy nodes count inNodeManager: 3.
2019-09-25 11:45:09,510 [RatisPipelineUtilsThread] ERROR pipeline.SCMPipelineManager (SCMPipelineManager.java:createPipeline(167)) - Pipeline creation failed.
org.apache.hadoop.hdds.scm.exceptions.SCMException: Unable to find enough nodes that meet the criteria that cannot engage in more than 5 pipelines. Nodes required: 1 Found: 0, healthy nodes count inNodeManager: 3.
	at org.apache.hadoop.hdds.scm.pipeline.PipelinePlacementPolicy.filterViableNodes(PipelinePlacementPolicy.java:149)
	at org.apache.hadoop.hdds.scm.pipeline.PipelinePlacementPolicy.chooseDatanodes(PipelinePlacementPolicy.java:172)
	at org.apache.hadoop.hdds.scm.pipeline.RatisPipelineProvider.create(RatisPipelineProvider.java:93)
	at org.apache.hadoop.hdds.scm.pipeline.PipelineFactory.create(PipelineFactory.java:58)
	at org.apache.hadoop.hdds.scm.pipeline.SCMPipelineManager.createPipeline(SCMPipelineManager.java:155)
	at org.apache.hadoop.hdds.scm.pipeline.BackgroundPipelineCreator.createPipelines(BackgroundPipelineCreator.java:99)
	at java.util.concurrent.Executors$RunnableAdapter.call(Executors.java:511)
	at java.util.concurrent.FutureTask.run(FutureTask.java:266)
	at java.util.concurrent.ScheduledThreadPoolExecutor$ScheduledFutureTask.access$201(ScheduledThreadPoolExecutor.java:180)
	at java.util.concurrent.ScheduledThreadPoolExecutor$ScheduledFutureTask.run(ScheduledThreadPoolExecutor.java:293)
	at java.util.concurrent.ThreadPoolExecutor.runWorker(ThreadPoolExecutor.java:1149)
	at java.util.concurrent.ThreadPoolExecutor$Worker.run(ThreadPoolExecutor.java:624)
	at java.lang.Thread.run(Thread.java:748)
2019-09-25 11:45:09,510 [RatisPipelineUtilsThread] INFO  pipeline.PipelinePlacementPolicy (PipelinePlacementPolicy.java:meetCriteria(91)) - Pipeline Placement: can't place more pipeline on heavy datanode： 031e4d08-7683-4c7f-bd85-96c0eaa9cc40 Heaviness: 6 limit: 5
2019-09-25 11:45:09,510 [RatisPipelineUtilsThread] INFO  pipeline.PipelinePlacementPolicy (PipelinePlacementPolicy.java:meetCriteria(91)) - Pipeline Placement: can't place more pipeline on heavy datanode： f100c784-18af-433c-b537-5ce403f57dd8 Heaviness: 6 limit: 5
2019-09-25 11:45:09,510 [RatisPipelineUtilsThread] INFO  pipeline.PipelinePlacementPolicy (PipelinePlacementPolicy.java:meetCriteria(91)) - Pipeline Placement: can't place more pipeline on heavy datanode： 7e6bc9ff-76d0-4b16-93bc-b993a8f14e87 Heaviness: 6 limit: 5
2019-09-25 11:45:09,511 [RatisPipelineUtilsThread] ERROR pipeline.PipelinePlacementPolicy (PipelinePlacementPolicy.java:filterViableNodes(148)) - Unable to find enough nodes that meet the criteria that cannot engage in more than 5 pipelines. Nodes required: 3 Found: 0, healthy nodes count inNodeManager: 3.
2019-09-25 11:45:09,511 [RatisPipelineUtilsThread] ERROR pipeline.SCMPipelineManager (SCMPipelineManager.java:createPipeline(167)) - Pipeline creation failed.
org.apache.hadoop.hdds.scm.exceptions.SCMException: Unable to find enough nodes that meet the criteria that cannot engage in more than 5 pipelines. Nodes required: 3 Found: 0, healthy nodes count inNodeManager: 3.
	at org.apache.hadoop.hdds.scm.pipeline.PipelinePlacementPolicy.filterViableNodes(PipelinePlacementPolicy.java:149)
	at org.apache.hadoop.hdds.scm.pipeline.PipelinePlacementPolicy.chooseDatanodes(PipelinePlacementPolicy.java:172)
	at org.apache.hadoop.hdds.scm.pipeline.RatisPipelineProvider.create(RatisPipelineProvider.java:93)
	at org.apache.hadoop.hdds.scm.pipeline.PipelineFactory.create(PipelineFactory.java:58)
	at org.apache.hadoop.hdds.scm.pipeline.SCMPipelineManager.createPipeline(SCMPipelineManager.java:155)
	at org.apache.hadoop.hdds.scm.pipeline.BackgroundPipelineCreator.createPipelines(BackgroundPipelineCreator.java:99)
	at java.util.concurrent.Executors$RunnableAdapter.call(Executors.java:511)
	at java.util.concurrent.FutureTask.run(FutureTask.java:266)
	at java.util.concurrent.ScheduledThreadPoolExecutor$ScheduledFutureTask.access$201(ScheduledThreadPoolExecutor.java:180)
	at java.util.concurrent.ScheduledThreadPoolExecutor$ScheduledFutureTask.run(ScheduledThreadPoolExecutor.java:293)
	at java.util.concurrent.ThreadPoolExecutor.runWorker(ThreadPoolExecutor.java:1149)
	at java.util.concurrent.ThreadPoolExecutor$Worker.run(ThreadPoolExecutor.java:624)
	at java.lang.Thread.run(Thread.java:748)
2019-09-25 11:45:09,511 [RatisPipelineUtilsThread] INFO  pipeline.PipelinePlacementPolicy (PipelinePlacementPolicy.java:meetCriteria(91)) - Pipeline Placement: can't place more pipeline on heavy datanode： 031e4d08-7683-4c7f-bd85-96c0eaa9cc40 Heaviness: 6 limit: 5
2019-09-25 11:45:09,511 [RatisPipelineUtilsThread] INFO  pipeline.PipelinePlacementPolicy (PipelinePlacementPolicy.java:meetCriteria(91)) - Pipeline Placement: can't place more pipeline on heavy datanode： f100c784-18af-433c-b537-5ce403f57dd8 Heaviness: 6 limit: 5
2019-09-25 11:45:09,511 [RatisPipelineUtilsThread] INFO  pipeline.PipelinePlacementPolicy (PipelinePlacementPolicy.java:meetCriteria(91)) - Pipeline Placement: can't place more pipeline on heavy datanode： 7e6bc9ff-76d0-4b16-93bc-b993a8f14e87 Heaviness: 6 limit: 5
2019-09-25 11:45:09,512 [RatisPipelineUtilsThread] ERROR pipeline.PipelinePlacementPolicy (PipelinePlacementPolicy.java:filterViableNodes(148)) - Unable to find enough nodes that meet the criteria that cannot engage in more than 5 pipelines. Nodes required: 1 Found: 0, healthy nodes count inNodeManager: 3.
2019-09-25 11:45:09,512 [RatisPipelineUtilsThread] ERROR pipeline.SCMPipelineManager (SCMPipelineManager.java:createPipeline(167)) - Pipeline creation failed.
org.apache.hadoop.hdds.scm.exceptions.SCMException: Unable to find enough nodes that meet the criteria that cannot engage in more than 5 pipelines. Nodes required: 1 Found: 0, healthy nodes count inNodeManager: 3.
	at org.apache.hadoop.hdds.scm.pipeline.PipelinePlacementPolicy.filterViableNodes(PipelinePlacementPolicy.java:149)
	at org.apache.hadoop.hdds.scm.pipeline.PipelinePlacementPolicy.chooseDatanodes(PipelinePlacementPolicy.java:172)
	at org.apache.hadoop.hdds.scm.pipeline.RatisPipelineProvider.create(RatisPipelineProvider.java:93)
	at org.apache.hadoop.hdds.scm.pipeline.PipelineFactory.create(PipelineFactory.java:58)
	at org.apache.hadoop.hdds.scm.pipeline.SCMPipelineManager.createPipeline(SCMPipelineManager.java:155)
	at org.apache.hadoop.hdds.scm.pipeline.BackgroundPipelineCreator.createPipelines(BackgroundPipelineCreator.java:99)
	at org.apache.hadoop.hdds.scm.pipeline.BackgroundPipelineCreator.lambda$startFixedIntervalPipelineCreator$0(BackgroundPipelineCreator.java:70)
	at java.util.concurrent.Executors$RunnableAdapter.call(Executors.java:511)
	at java.util.concurrent.FutureTask.runAndReset(FutureTask.java:308)
	at java.util.concurrent.ScheduledThreadPoolExecutor$ScheduledFutureTask.access$301(ScheduledThreadPoolExecutor.java:180)
	at java.util.concurrent.ScheduledThreadPoolExecutor$ScheduledFutureTask.run(ScheduledThreadPoolExecutor.java:294)
	at java.util.concurrent.ThreadPoolExecutor.runWorker(ThreadPoolExecutor.java:1149)
	at java.util.concurrent.ThreadPoolExecutor$Worker.run(ThreadPoolExecutor.java:624)
	at java.lang.Thread.run(Thread.java:748)
2019-09-25 11:45:09,512 [RatisPipelineUtilsThread] INFO  pipeline.PipelinePlacementPolicy (PipelinePlacementPolicy.java:meetCriteria(91)) - Pipeline Placement: can't place more pipeline on heavy datanode： 031e4d08-7683-4c7f-bd85-96c0eaa9cc40 Heaviness: 6 limit: 5
2019-09-25 11:45:09,512 [RatisPipelineUtilsThread] INFO  pipeline.PipelinePlacementPolicy (PipelinePlacementPolicy.java:meetCriteria(91)) - Pipeline Placement: can't place more pipeline on heavy datanode： f100c784-18af-433c-b537-5ce403f57dd8 Heaviness: 6 limit: 5
2019-09-25 11:45:09,512 [RatisPipelineUtilsThread] INFO  pipeline.PipelinePlacementPolicy (PipelinePlacementPolicy.java:meetCriteria(91)) - Pipeline Placement: can't place more pipeline on heavy datanode： 7e6bc9ff-76d0-4b16-93bc-b993a8f14e87 Heaviness: 6 limit: 5
2019-09-25 11:45:09,513 [RatisPipelineUtilsThread] ERROR pipeline.PipelinePlacementPolicy (PipelinePlacementPolicy.java:filterViableNodes(148)) - Unable to find enough nodes that meet the criteria that cannot engage in more than 5 pipelines. Nodes required: 3 Found: 0, healthy nodes count inNodeManager: 3.
2019-09-25 11:45:09,513 [RatisPipelineUtilsThread] ERROR pipeline.SCMPipelineManager (SCMPipelineManager.java:createPipeline(167)) - Pipeline creation failed.
org.apache.hadoop.hdds.scm.exceptions.SCMException: Unable to find enough nodes that meet the criteria that cannot engage in more than 5 pipelines. Nodes required: 3 Found: 0, healthy nodes count inNodeManager: 3.
	at org.apache.hadoop.hdds.scm.pipeline.PipelinePlacementPolicy.filterViableNodes(PipelinePlacementPolicy.java:149)
	at org.apache.hadoop.hdds.scm.pipeline.PipelinePlacementPolicy.chooseDatanodes(PipelinePlacementPolicy.java:172)
	at org.apache.hadoop.hdds.scm.pipeline.RatisPipelineProvider.create(RatisPipelineProvider.java:93)
	at org.apache.hadoop.hdds.scm.pipeline.PipelineFactory.create(PipelineFactory.java:58)
	at org.apache.hadoop.hdds.scm.pipeline.SCMPipelineManager.createPipeline(SCMPipelineManager.java:155)
	at org.apache.hadoop.hdds.scm.pipeline.BackgroundPipelineCreator.createPipelines(BackgroundPipelineCreator.java:99)
	at org.apache.hadoop.hdds.scm.pipeline.BackgroundPipelineCreator.lambda$startFixedIntervalPipelineCreator$0(BackgroundPipelineCreator.java:70)
	at java.util.concurrent.Executors$RunnableAdapter.call(Executors.java:511)
	at java.util.concurrent.FutureTask.runAndReset(FutureTask.java:308)
	at java.util.concurrent.ScheduledThreadPoolExecutor$ScheduledFutureTask.access$301(ScheduledThreadPoolExecutor.java:180)
	at java.util.concurrent.ScheduledThreadPoolExecutor$ScheduledFutureTask.run(ScheduledThreadPoolExecutor.java:294)
	at java.util.concurrent.ThreadPoolExecutor.runWorker(ThreadPoolExecutor.java:1149)
	at java.util.concurrent.ThreadPoolExecutor$Worker.run(ThreadPoolExecutor.java:624)
	at java.lang.Thread.run(Thread.java:748)
2019-09-25 11:45:09,692 [main] INFO  ozone.MiniOzoneClusterImpl (MiniOzoneClusterImpl.java:lambda$waitForClusterToBeReady$0(147)) - Cluster is ready. Got 3 of 3 DN Heartbeats.
2019-09-25 11:45:09,692 [main] INFO  pipeline.PipelinePlacementPolicy (PipelinePlacementPolicy.java:meetCriteria(91)) - Pipeline Placement: can't place more pipeline on heavy datanode： 031e4d08-7683-4c7f-bd85-96c0eaa9cc40 Heaviness: 6 limit: 5
2019-09-25 11:45:09,693 [main] INFO  pipeline.PipelinePlacementPolicy (PipelinePlacementPolicy.java:meetCriteria(91)) - Pipeline Placement: can't place more pipeline on heavy datanode： f100c784-18af-433c-b537-5ce403f57dd8 Heaviness: 6 limit: 5
2019-09-25 11:45:09,693 [main] INFO  pipeline.PipelinePlacementPolicy (PipelinePlacementPolicy.java:meetCriteria(91)) - Pipeline Placement: can't place more pipeline on heavy datanode： 7e6bc9ff-76d0-4b16-93bc-b993a8f14e87 Heaviness: 6 limit: 5
2019-09-25 11:45:09,693 [main] ERROR pipeline.PipelinePlacementPolicy (PipelinePlacementPolicy.java:filterViableNodes(148)) - Unable to find enough nodes that meet the criteria that cannot engage in more than 5 pipelines. Nodes required: 3 Found: 0, healthy nodes count inNodeManager: 3.
2019-09-25 11:45:09,693 [main] ERROR pipeline.SCMPipelineManager (SCMPipelineManager.java:createPipeline(167)) - Pipeline creation failed.
org.apache.hadoop.hdds.scm.exceptions.SCMException: Unable to find enough nodes that meet the criteria that cannot engage in more than 5 pipelines. Nodes required: 3 Found: 0, healthy nodes count inNodeManager: 3.
	at org.apache.hadoop.hdds.scm.pipeline.PipelinePlacementPolicy.filterViableNodes(PipelinePlacementPolicy.java:149)
	at org.apache.hadoop.hdds.scm.pipeline.PipelinePlacementPolicy.chooseDatanodes(PipelinePlacementPolicy.java:172)
	at org.apache.hadoop.hdds.scm.pipeline.RatisPipelineProvider.create(RatisPipelineProvider.java:93)
	at org.apache.hadoop.hdds.scm.pipeline.PipelineFactory.create(PipelineFactory.java:58)
	at org.apache.hadoop.hdds.scm.pipeline.SCMPipelineManager.createPipeline(SCMPipelineManager.java:155)
	at org.apache.hadoop.hdds.scm.container.ContainerStateManager.allocateContainer(ContainerStateManager.java:255)
	at org.apache.hadoop.hdds.scm.container.SCMContainerManager.allocateContainer(SCMContainerManager.java:247)
	at org.apache.hadoop.hdds.scm.pipeline.TestPipelineClose.init(TestPipelineClose.java:92)
	at sun.reflect.NativeMethodAccessorImpl.invoke0(Native Method)
	at sun.reflect.NativeMethodAccessorImpl.invoke(NativeMethodAccessorImpl.java:62)
	at sun.reflect.DelegatingMethodAccessorImpl.invoke(DelegatingMethodAccessorImpl.java:43)
	at java.lang.reflect.Method.invoke(Method.java:498)
	at org.junit.runners.model.FrameworkMethod$1.runReflectiveCall(FrameworkMethod.java:47)
	at org.junit.internal.runners.model.ReflectiveCallable.run(ReflectiveCallable.java:12)
	at org.junit.runners.model.FrameworkMethod.invokeExplosively(FrameworkMethod.java:44)
	at org.junit.internal.runners.statements.RunBefores.evaluate(RunBefores.java:24)
	at org.junit.internal.runners.statements.RunAfters.evaluate(RunAfters.java:27)
	at org.junit.runners.ParentRunner.runLeaf(ParentRunner.java:271)
	at org.junit.runners.BlockJUnit4ClassRunner.runChild(BlockJUnit4ClassRunner.java:70)
	at org.junit.runners.BlockJUnit4ClassRunner.runChild(BlockJUnit4ClassRunner.java:50)
	at org.junit.runners.ParentRunner$3.run(ParentRunner.java:238)
	at org.junit.runners.ParentRunner$1.schedule(ParentRunner.java:63)
	at org.junit.runners.ParentRunner.runChildren(ParentRunner.java:236)
	at org.junit.runners.ParentRunner.access$000(ParentRunner.java:53)
	at org.junit.runners.ParentRunner$2.evaluate(ParentRunner.java:229)
	at org.junit.runners.ParentRunner.run(ParentRunner.java:309)
	at org.apache.maven.surefire.junit4.JUnit4Provider.execute(JUnit4Provider.java:365)
	at org.apache.maven.surefire.junit4.JUnit4Provider.executeWithRerun(JUnit4Provider.java:273)
	at org.apache.maven.surefire.junit4.JUnit4Provider.executeTestSet(JUnit4Provider.java:238)
	at org.apache.maven.surefire.junit4.JUnit4Provider.invoke(JUnit4Provider.java:159)
	at org.apache.maven.surefire.booter.ForkedBooter.invokeProviderInSameClassLoader(ForkedBooter.java:384)
	at org.apache.maven.surefire.booter.ForkedBooter.runSuitesInProcess(ForkedBooter.java:345)
	at org.apache.maven.surefire.booter.ForkedBooter.execute(ForkedBooter.java:126)
	at org.apache.maven.surefire.booter.ForkedBooter.main(ForkedBooter.java:418)
2019-09-25 11:45:09,701 [main] INFO  ozone.MiniOzoneClusterImpl (MiniOzoneClusterImpl.java:shutdown(314)) - Shutting down the Mini Ozone Cluster
2019-09-25 11:45:09,701 [main] INFO  ozone.MiniOzoneClusterImpl (MiniOzoneClusterImpl.java:stop(330)) - Stopping the Mini Ozone Cluster
2019-09-25 11:45:09,701 [main] INFO  ozone.MiniOzoneClusterImpl (MiniOzoneClusterImpl.java:stopOM(400)) - Stopping the OzoneManager
2019-09-25 11:45:09,701 [main] INFO  ipc.Server (Server.java:stop(3082)) - Stopping server on 34914
2019-09-25 11:45:09,705 [IPC Server listener on 34914] INFO  ipc.Server (Server.java:run(1185)) - Stopping IPC Server listener on 34914
2019-09-25 11:45:09,706 [main] INFO  ratis.OzoneManagerDoubleBuffer (OzoneManagerDoubleBuffer.java:stop(248)) - Stopping OMDoubleBuffer flush thread
2019-09-25 11:45:09,706 [IPC Server Responder] INFO  ipc.Server (Server.java:run(1319)) - Stopping IPC Server Responder
2019-09-25 11:45:09,711 [OMDoubleBufferFlushThread] INFO  ratis.OzoneManagerDoubleBuffer (OzoneManagerDoubleBuffer.java:flushTransactions(191)) - OMDoubleBuffer flush thread OMDoubleBufferFlushThread is interrupted and will exit. OMDoubleBufferFlushThread
2019-09-25 11:45:09,711 [main] INFO  utils.BackgroundService (BackgroundService.java:shutdown(148)) - Shutting down service KeyDeletingService
2019-09-25 11:45:09,714 [main] INFO  handler.ContextHandler (ContextHandler.java:doStop(910)) - Stopped o.e.j.w.WebAppContext@71b639d0{/,null,UNAVAILABLE}{/ozoneManager}
2019-09-25 11:45:09,715 [main] INFO  server.AbstractConnector (AbstractConnector.java:doStop(318)) - Stopped ServerConnector@18a25bbd{HTTP/1.1,[http/1.1]}{0.0.0.0:0}
2019-09-25 11:45:09,715 [main] INFO  handler.ContextHandler (ContextHandler.java:doStop(910)) - Stopped o.e.j.s.ServletContextHandler@3d90eeb3{/static,file:///workdir/hadoop-ozone/integration-test/target/test-classes/webapps/static,UNAVAILABLE}
2019-09-25 11:45:09,716 [main] INFO  handler.ContextHandler (ContextHandler.java:doStop(910)) - Stopped o.e.j.s.ServletContextHandler@697173d9{/logs,file:///workdir/hadoop-ozone/integration-test/target/log,UNAVAILABLE}
2019-09-25 11:45:09,718 [main] INFO  ozone.MiniOzoneClusterImpl (MiniOzoneClusterImpl.java:stopDatanodes(377)) - Stopping the HddsDatanodes
2019-09-25 11:45:10,542 [Datanode State Machine Thread - 0] INFO  statemachine.DatanodeStateMachine (DatanodeStateMachine.java:lambda$startDaemon$0(350)) - Ozone container server started.
2019-09-25 11:45:10,612 [Datanode State Machine Thread - 0] INFO  statemachine.DatanodeStateMachine (DatanodeStateMachine.java:lambda$startDaemon$0(350)) - Ozone container server started.
2019-09-25 11:45:11,553 [Thread-998] INFO  container.ReplicationManager (ReplicationManager.java:start(163)) - Starting Replication Monitor Thread.
2019-09-25 11:45:11,556 [ReplicationMonitor] INFO  container.ReplicationManager (ReplicationManager.java:run(226)) - Replication Monitor Thread took 0 milliseconds for processing 0 containers.
2019-09-25 11:45:13,713 [Thread-1000] INFO  impl.FollowerState (FollowerState.java:run(106)) - 031e4d08-7683-4c7f-bd85-96c0eaa9cc40:group-18A4C4FB0214 changes to CANDIDATE, lastRpcTime:5106, electionTimeout:5106ms
2019-09-25 11:45:13,714 [Thread-1000] INFO  impl.RoleInfo (RoleInfo.java:shutdownFollowerState(121)) - 031e4d08-7683-4c7f-bd85-96c0eaa9cc40: shutdown FollowerState
2019-09-25 11:45:13,714 [Thread-1000] INFO  impl.RaftServerImpl (RaftServerImpl.java:setRole(174)) - 031e4d08-7683-4c7f-bd85-96c0eaa9cc40@group-18A4C4FB0214: changes role from  FOLLOWER to CANDIDATE at term 0 for changeToCandidate
2019-09-25 11:45:13,714 [Thread-1000] INFO  impl.RoleInfo (RoleInfo.java:updateAndGet(143)) - 031e4d08-7683-4c7f-bd85-96c0eaa9cc40: start LeaderElection
2019-09-25 11:45:13,773 [031e4d08-7683-4c7f-bd85-96c0eaa9cc40@group-18A4C4FB0214:LeaderElection56] INFO  impl.LeaderElection (LeaderElection.java:askForVotes(182)) - 031e4d08-7683-4c7f-bd85-96c0eaa9cc40@group-18A4C4FB0214:LeaderElection56: begin an election at term 1 for -1: [031e4d08-7683-4c7f-bd85-96c0eaa9cc40:192.168.30.6:35702], old=null
2019-09-25 11:45:13,774 [031e4d08-7683-4c7f-bd85-96c0eaa9cc40@group-18A4C4FB0214:LeaderElection56] INFO  impl.RoleInfo (RoleInfo.java:shutdownLeaderElection(134)) - 031e4d08-7683-4c7f-bd85-96c0eaa9cc40: shutdown LeaderElection
2019-09-25 11:45:13,774 [031e4d08-7683-4c7f-bd85-96c0eaa9cc40@group-18A4C4FB0214:LeaderElection56] INFO  impl.RaftServerImpl (RaftServerImpl.java:setRole(174)) - 031e4d08-7683-4c7f-bd85-96c0eaa9cc40@group-18A4C4FB0214: changes role from CANDIDATE to LEADER at term 1 for changeToLeader
2019-09-25 11:45:13,774 [031e4d08-7683-4c7f-bd85-96c0eaa9cc40@group-18A4C4FB0214:LeaderElection56] INFO  impl.RaftServerImpl (ServerState.java:setLeader(253)) - 031e4d08-7683-4c7f-bd85-96c0eaa9cc40@group-18A4C4FB0214: change Leader from null to 031e4d08-7683-4c7f-bd85-96c0eaa9cc40 at term 1 for becomeLeader, leader elected after 5178ms
2019-09-25 11:45:13,774 [031e4d08-7683-4c7f-bd85-96c0eaa9cc40@group-18A4C4FB0214:LeaderElection56] INFO  server.RaftServerConfigKeys (ConfUtils.java:logGet(43)) - raft.server.staging.catchup.gap = 1000 (default)
2019-09-25 11:45:13,774 [031e4d08-7683-4c7f-bd85-96c0eaa9cc40@group-18A4C4FB0214:LeaderElection56] INFO  server.RaftServerConfigKeys (ConfUtils.java:logGet(43)) - raft.server.rpc.sleep.time = 25ms (default)
2019-09-25 11:45:13,775 [031e4d08-7683-4c7f-bd85-96c0eaa9cc40@group-18A4C4FB0214:LeaderElection56] INFO  server.RaftServerConfigKeys (ConfUtils.java:logGet(43)) - raft.server.write.element-limit = 4096 (default)
2019-09-25 11:45:13,775 [031e4d08-7683-4c7f-bd85-96c0eaa9cc40@group-18A4C4FB0214:LeaderElection56] INFO  server.RaftServerConfigKeys (ConfUtils.java:logGet(43)) - raft.server.watch.timeout = 10s (default)
2019-09-25 11:45:13,775 [031e4d08-7683-4c7f-bd85-96c0eaa9cc40@group-18A4C4FB0214:LeaderElection56] INFO  server.RaftServerConfigKeys (ConfUtils.java:logGet(43)) - raft.server.watch.timeout.denomination = 1s (default)
2019-09-25 11:45:13,775 [031e4d08-7683-4c7f-bd85-96c0eaa9cc40@group-18A4C4FB0214:LeaderElection56] INFO  server.RaftServerConfigKeys (ConfUtils.java:logGet(43)) - raft.server.watch.element-limit = 65536 (default)
2019-09-25 11:45:13,778 [031e4d08-7683-4c7f-bd85-96c0eaa9cc40@group-18A4C4FB0214:LeaderElection56] INFO  impl.RoleInfo (RoleInfo.java:updateAndGet(143)) - 031e4d08-7683-4c7f-bd85-96c0eaa9cc40: start LeaderState
2019-09-25 11:45:13,778 [031e4d08-7683-4c7f-bd85-96c0eaa9cc40@group-18A4C4FB0214:LeaderElection56] INFO  segmented.SegmentedRaftLogWorker (SegmentedRaftLogWorker.java:startLogSegment(380)) - 031e4d08-7683-4c7f-bd85-96c0eaa9cc40@group-18A4C4FB0214-SegmentedRaftLogWorker: Starting segment from index:0
2019-09-25 11:45:13,779 [031e4d08-7683-4c7f-bd85-96c0eaa9cc40@group-18A4C4FB0214:LeaderElection56] INFO  impl.RaftServerImpl (ServerState.java:setRaftConf(354)) - 031e4d08-7683-4c7f-bd85-96c0eaa9cc40@group-18A4C4FB0214: set configuration 0: [031e4d08-7683-4c7f-bd85-96c0eaa9cc40:192.168.30.6:35702], old=null at 0
2019-09-25 11:45:13,815 [Thread-1006] INFO  impl.FollowerState (FollowerState.java:run(106)) - 031e4d08-7683-4c7f-bd85-96c0eaa9cc40:group-3B92DE73E249 changes to CANDIDATE, lastRpcTime:5107, electionTimeout:5088ms
2019-09-25 11:45:13,815 [Thread-1006] INFO  impl.RoleInfo (RoleInfo.java:shutdownFollowerState(121)) - 031e4d08-7683-4c7f-bd85-96c0eaa9cc40: shutdown FollowerState
2019-09-25 11:45:13,815 [Thread-1006] INFO  impl.RaftServerImpl (RaftServerImpl.java:setRole(174)) - 031e4d08-7683-4c7f-bd85-96c0eaa9cc40@group-3B92DE73E249: changes role from  FOLLOWER to CANDIDATE at term 0 for changeToCandidate
2019-09-25 11:45:13,815 [Thread-1006] INFO  impl.RoleInfo (RoleInfo.java:updateAndGet(143)) - 031e4d08-7683-4c7f-bd85-96c0eaa9cc40: start LeaderElection
2019-09-25 11:45:13,828 [031e4d08-7683-4c7f-bd85-96c0eaa9cc40@group-18A4C4FB0214-SegmentedRaftLogWorker] INFO  segmented.SegmentedRaftLogWorker (SegmentedRaftLogWorker.java:execute(569)) - 031e4d08-7683-4c7f-bd85-96c0eaa9cc40@group-18A4C4FB0214-SegmentedRaftLogWorker: created new log segment /workdir/hadoop-ozone/integration-test/target/test-dir/MiniOzoneClusterImpl-99ecd979-b3b3-4b08-8770-c9a2ea2db525/datanode-0/data/ratis/6280b588-cdcb-45cb-aeb9-18a4c4fb0214/current/log_inprogress_0
2019-09-25 11:45:13,828 [031e4d08-7683-4c7f-bd85-96c0eaa9cc40@group-3B92DE73E249:LeaderElection57] INFO  impl.LeaderElection (LeaderElection.java:askForVotes(182)) - 031e4d08-7683-4c7f-bd85-96c0eaa9cc40@group-3B92DE73E249:LeaderElection57: begin an election at term 1 for -1: [031e4d08-7683-4c7f-bd85-96c0eaa9cc40:192.168.30.6:35702], old=null
2019-09-25 11:45:13,829 [031e4d08-7683-4c7f-bd85-96c0eaa9cc40@group-3B92DE73E249:LeaderElection57] INFO  impl.RoleInfo (RoleInfo.java:shutdownLeaderElection(134)) - 031e4d08-7683-4c7f-bd85-96c0eaa9cc40: shutdown LeaderElection
2019-09-25 11:45:13,829 [031e4d08-7683-4c7f-bd85-96c0eaa9cc40@group-3B92DE73E249:LeaderElection57] INFO  impl.RaftServerImpl (RaftServerImpl.java:setRole(174)) - 031e4d08-7683-4c7f-bd85-96c0eaa9cc40@group-3B92DE73E249: changes role from CANDIDATE to LEADER at term 1 for changeToLeader
2019-09-25 11:45:13,829 [031e4d08-7683-4c7f-bd85-96c0eaa9cc40@group-3B92DE73E249:LeaderElection57] INFO  impl.RaftServerImpl (ServerState.java:setLeader(253)) - 031e4d08-7683-4c7f-bd85-96c0eaa9cc40@group-3B92DE73E249: change Leader from null to 031e4d08-7683-4c7f-bd85-96c0eaa9cc40 at term 1 for becomeLeader, leader elected after 5127ms
2019-09-25 11:45:13,829 [031e4d08-7683-4c7f-bd85-96c0eaa9cc40@group-3B92DE73E249:LeaderElection57] INFO  server.RaftServerConfigKeys (ConfUtils.java:logGet(43)) - raft.server.staging.catchup.gap = 1000 (default)
2019-09-25 11:45:13,829 [031e4d08-7683-4c7f-bd85-96c0eaa9cc40@group-3B92DE73E249:LeaderElection57] INFO  server.RaftServerConfigKeys (ConfUtils.java:logGet(43)) - raft.server.rpc.sleep.time = 25ms (default)
2019-09-25 11:45:13,829 [031e4d08-7683-4c7f-bd85-96c0eaa9cc40@group-3B92DE73E249:LeaderElection57] INFO  server.RaftServerConfigKeys (ConfUtils.java:logGet(43)) - raft.server.write.element-limit = 4096 (default)
2019-09-25 11:45:13,829 [Thread-1003] INFO  impl.FollowerState (FollowerState.java:run(106)) - 031e4d08-7683-4c7f-bd85-96c0eaa9cc40:group-1FCFDC2F7A1E changes to CANDIDATE, lastRpcTime:5166, electionTimeout:5166ms
2019-09-25 11:45:13,830 [031e4d08-7683-4c7f-bd85-96c0eaa9cc40@group-3B92DE73E249:LeaderElection57] INFO  server.RaftServerConfigKeys (ConfUtils.java:logGet(43)) - raft.server.watch.timeout = 10s (default)
2019-09-25 11:45:13,830 [Thread-1003] INFO  impl.RoleInfo (RoleInfo.java:shutdownFollowerState(121)) - 031e4d08-7683-4c7f-bd85-96c0eaa9cc40: shutdown FollowerState
2019-09-25 11:45:13,830 [031e4d08-7683-4c7f-bd85-96c0eaa9cc40@group-3B92DE73E249:LeaderElection57] INFO  server.RaftServerConfigKeys (ConfUtils.java:logGet(43)) - raft.server.watch.timeout.denomination = 1s (default)
2019-09-25 11:45:13,830 [Thread-1003] INFO  impl.RaftServerImpl (RaftServerImpl.java:setRole(174)) - 031e4d08-7683-4c7f-bd85-96c0eaa9cc40@group-1FCFDC2F7A1E: changes role from  FOLLOWER to CANDIDATE at term 0 for changeToCandidate
2019-09-25 11:45:13,830 [031e4d08-7683-4c7f-bd85-96c0eaa9cc40@group-3B92DE73E249:LeaderElection57] INFO  server.RaftServerConfigKeys (ConfUtils.java:logGet(43)) - raft.server.watch.element-limit = 65536 (default)
2019-09-25 11:45:13,830 [Thread-1003] INFO  impl.RoleInfo (RoleInfo.java:updateAndGet(143)) - 031e4d08-7683-4c7f-bd85-96c0eaa9cc40: start LeaderElection
2019-09-25 11:45:13,834 [Thread-1009] INFO  impl.FollowerState (FollowerState.java:run(106)) - f100c784-18af-433c-b537-5ce403f57dd8:group-5E0530F25157 changes to CANDIDATE, lastRpcTime:5084, electionTimeout:5084ms
2019-09-25 11:45:13,834 [Thread-1009] INFO  impl.RoleInfo (RoleInfo.java:shutdownFollowerState(121)) - f100c784-18af-433c-b537-5ce403f57dd8: shutdown FollowerState
2019-09-25 11:45:13,834 [Thread-1009] INFO  impl.RaftServerImpl (RaftServerImpl.java:setRole(174)) - f100c784-18af-433c-b537-5ce403f57dd8@group-5E0530F25157: changes role from  FOLLOWER to CANDIDATE at term 0 for changeToCandidate
2019-09-25 11:45:13,834 [Thread-1009] INFO  impl.RoleInfo (RoleInfo.java:updateAndGet(143)) - f100c784-18af-433c-b537-5ce403f57dd8: start LeaderElection
2019-09-25 11:45:13,836 [031e4d08-7683-4c7f-bd85-96c0eaa9cc40@group-3B92DE73E249:LeaderElection57] INFO  impl.RoleInfo (RoleInfo.java:updateAndGet(143)) - 031e4d08-7683-4c7f-bd85-96c0eaa9cc40: start LeaderState
2019-09-25 11:45:13,837 [031e4d08-7683-4c7f-bd85-96c0eaa9cc40@group-3B92DE73E249:LeaderElection57] INFO  segmented.SegmentedRaftLogWorker (SegmentedRaftLogWorker.java:startLogSegment(380)) - 031e4d08-7683-4c7f-bd85-96c0eaa9cc40@group-3B92DE73E249-SegmentedRaftLogWorker: Starting segment from index:0
2019-09-25 11:45:13,837 [031e4d08-7683-4c7f-bd85-96c0eaa9cc40@group-3B92DE73E249:LeaderElection57] INFO  impl.RaftServerImpl (ServerState.java:setRaftConf(354)) - 031e4d08-7683-4c7f-bd85-96c0eaa9cc40@group-3B92DE73E249: set configuration 0: [031e4d08-7683-4c7f-bd85-96c0eaa9cc40:192.168.30.6:35702], old=null at 0
2019-09-25 11:45:13,867 [f100c784-18af-433c-b537-5ce403f57dd8@group-5E0530F25157:LeaderElection59] INFO  impl.LeaderElection (LeaderElection.java:askForVotes(182)) - f100c784-18af-433c-b537-5ce403f57dd8@group-5E0530F25157:LeaderElection59: begin an election at term 1 for -1: [f100c784-18af-433c-b537-5ce403f57dd8:192.168.30.6:33083], old=null
2019-09-25 11:45:13,867 [031e4d08-7683-4c7f-bd85-96c0eaa9cc40@group-1FCFDC2F7A1E:LeaderElection58] INFO  impl.LeaderElection (LeaderElection.java:askForVotes(182)) - 031e4d08-7683-4c7f-bd85-96c0eaa9cc40@group-1FCFDC2F7A1E:LeaderElection58: begin an election at term 1 for -1: [031e4d08-7683-4c7f-bd85-96c0eaa9cc40:192.168.30.6:35702], old=null
2019-09-25 11:45:13,868 [f100c784-18af-433c-b537-5ce403f57dd8@group-5E0530F25157:LeaderElection59] INFO  impl.RoleInfo (RoleInfo.java:shutdownLeaderElection(134)) - f100c784-18af-433c-b537-5ce403f57dd8: shutdown LeaderElection
2019-09-25 11:45:13,868 [031e4d08-7683-4c7f-bd85-96c0eaa9cc40@group-1FCFDC2F7A1E:LeaderElection58] INFO  impl.RoleInfo (RoleInfo.java:shutdownLeaderElection(134)) - 031e4d08-7683-4c7f-bd85-96c0eaa9cc40: shutdown LeaderElection
2019-09-25 11:45:13,868 [f100c784-18af-433c-b537-5ce403f57dd8@group-5E0530F25157:LeaderElection59] INFO  impl.RaftServerImpl (RaftServerImpl.java:setRole(174)) - f100c784-18af-433c-b537-5ce403f57dd8@group-5E0530F25157: changes role from CANDIDATE to LEADER at term 1 for changeToLeader
2019-09-25 11:45:13,868 [031e4d08-7683-4c7f-bd85-96c0eaa9cc40@group-1FCFDC2F7A1E:LeaderElection58] INFO  impl.RaftServerImpl (RaftServerImpl.java:setRole(174)) - 031e4d08-7683-4c7f-bd85-96c0eaa9cc40@group-1FCFDC2F7A1E: changes role from CANDIDATE to LEADER at term 1 for changeToLeader
2019-09-25 11:45:13,868 [f100c784-18af-433c-b537-5ce403f57dd8@group-5E0530F25157:LeaderElection59] INFO  impl.RaftServerImpl (ServerState.java:setLeader(253)) - f100c784-18af-433c-b537-5ce403f57dd8@group-5E0530F25157: change Leader from null to f100c784-18af-433c-b537-5ce403f57dd8 at term 1 for becomeLeader, leader elected after 5126ms
2019-09-25 11:45:13,868 [031e4d08-7683-4c7f-bd85-96c0eaa9cc40@group-1FCFDC2F7A1E:LeaderElection58] INFO  impl.RaftServerImpl (ServerState.java:setLeader(253)) - 031e4d08-7683-4c7f-bd85-96c0eaa9cc40@group-1FCFDC2F7A1E: change Leader from null to 031e4d08-7683-4c7f-bd85-96c0eaa9cc40 at term 1 for becomeLeader, leader elected after 5212ms
2019-09-25 11:45:13,868 [f100c784-18af-433c-b537-5ce403f57dd8@group-5E0530F25157:LeaderElection59] INFO  server.RaftServerConfigKeys (ConfUtils.java:logGet(43)) - raft.server.staging.catchup.gap = 1000 (default)
2019-09-25 11:45:13,868 [031e4d08-7683-4c7f-bd85-96c0eaa9cc40@group-1FCFDC2F7A1E:LeaderElection58] INFO  server.RaftServerConfigKeys (ConfUtils.java:logGet(43)) - raft.server.staging.catchup.gap = 1000 (default)
2019-09-25 11:45:13,869 [f100c784-18af-433c-b537-5ce403f57dd8@group-5E0530F25157:LeaderElection59] INFO  server.RaftServerConfigKeys (ConfUtils.java:logGet(43)) - raft.server.rpc.sleep.time = 25ms (default)
2019-09-25 11:45:13,869 [031e4d08-7683-4c7f-bd85-96c0eaa9cc40@group-1FCFDC2F7A1E:LeaderElection58] INFO  server.RaftServerConfigKeys (ConfUtils.java:logGet(43)) - raft.server.rpc.sleep.time = 25ms (default)
2019-09-25 11:45:13,869 [f100c784-18af-433c-b537-5ce403f57dd8@group-5E0530F25157:LeaderElection59] INFO  server.RaftServerConfigKeys (ConfUtils.java:logGet(43)) - raft.server.write.element-limit = 4096 (default)
2019-09-25 11:45:13,869 [031e4d08-7683-4c7f-bd85-96c0eaa9cc40@group-1FCFDC2F7A1E:LeaderElection58] INFO  server.RaftServerConfigKeys (ConfUtils.java:logGet(43)) - raft.server.write.element-limit = 4096 (default)
2019-09-25 11:45:13,869 [f100c784-18af-433c-b537-5ce403f57dd8@group-5E0530F25157:LeaderElection59] INFO  server.RaftServerConfigKeys (ConfUtils.java:logGet(43)) - raft.server.watch.timeout = 10s (default)
2019-09-25 11:45:13,869 [031e4d08-7683-4c7f-bd85-96c0eaa9cc40@group-1FCFDC2F7A1E:LeaderElection58] INFO  server.RaftServerConfigKeys (ConfUtils.java:logGet(43)) - raft.server.watch.timeout = 10s (default)
2019-09-25 11:45:13,869 [f100c784-18af-433c-b537-5ce403f57dd8@group-5E0530F25157:LeaderElection59] INFO  server.RaftServerConfigKeys (ConfUtils.java:logGet(43)) - raft.server.watch.timeout.denomination = 1s (default)
2019-09-25 11:45:13,869 [031e4d08-7683-4c7f-bd85-96c0eaa9cc40@group-1FCFDC2F7A1E:LeaderElection58] INFO  server.RaftServerConfigKeys (ConfUtils.java:logGet(43)) - raft.server.watch.timeout.denomination = 1s (default)
2019-09-25 11:45:13,870 [f100c784-18af-433c-b537-5ce403f57dd8@group-5E0530F25157:LeaderElection59] INFO  server.RaftServerConfigKeys (ConfUtils.java:logGet(43)) - raft.server.watch.element-limit = 65536 (default)
2019-09-25 11:45:13,870 [031e4d08-7683-4c7f-bd85-96c0eaa9cc40@group-1FCFDC2F7A1E:LeaderElection58] INFO  server.RaftServerConfigKeys (ConfUtils.java:logGet(43)) - raft.server.watch.element-limit = 65536 (default)
2019-09-25 11:45:13,873 [f100c784-18af-433c-b537-5ce403f57dd8@group-5E0530F25157:LeaderElection59] INFO  impl.RoleInfo (RoleInfo.java:updateAndGet(143)) - f100c784-18af-433c-b537-5ce403f57dd8: start LeaderState
2019-09-25 11:45:13,873 [f100c784-18af-433c-b537-5ce403f57dd8@group-5E0530F25157:LeaderElection59] INFO  segmented.SegmentedRaftLogWorker (SegmentedRaftLogWorker.java:startLogSegment(380)) - f100c784-18af-433c-b537-5ce403f57dd8@group-5E0530F25157-SegmentedRaftLogWorker: Starting segment from index:0
2019-09-25 11:45:13,874 [031e4d08-7683-4c7f-bd85-96c0eaa9cc40@group-1FCFDC2F7A1E:LeaderElection58] INFO  impl.RoleInfo (RoleInfo.java:updateAndGet(143)) - 031e4d08-7683-4c7f-bd85-96c0eaa9cc40: start LeaderState
2019-09-25 11:45:13,874 [f100c784-18af-433c-b537-5ce403f57dd8@group-5E0530F25157:LeaderElection59] INFO  impl.RaftServerImpl (ServerState.java:setRaftConf(354)) - f100c784-18af-433c-b537-5ce403f57dd8@group-5E0530F25157: set configuration 0: [f100c784-18af-433c-b537-5ce403f57dd8:192.168.30.6:33083], old=null at 0
2019-09-25 11:45:13,874 [031e4d08-7683-4c7f-bd85-96c0eaa9cc40@group-1FCFDC2F7A1E:LeaderElection58] INFO  segmented.SegmentedRaftLogWorker (SegmentedRaftLogWorker.java:startLogSegment(380)) - 031e4d08-7683-4c7f-bd85-96c0eaa9cc40@group-1FCFDC2F7A1E-SegmentedRaftLogWorker: Starting segment from index:0
2019-09-25 11:45:13,901 [031e4d08-7683-4c7f-bd85-96c0eaa9cc40@group-3B92DE73E249-SegmentedRaftLogWorker] INFO  segmented.SegmentedRaftLogWorker (SegmentedRaftLogWorker.java:execute(569)) - 031e4d08-7683-4c7f-bd85-96c0eaa9cc40@group-3B92DE73E249-SegmentedRaftLogWorker: created new log segment /workdir/hadoop-ozone/integration-test/target/test-dir/MiniOzoneClusterImpl-99ecd979-b3b3-4b08-8770-c9a2ea2db525/datanode-0/data/ratis/1538b13e-1034-4629-b7c7-3b92de73e249/current/log_inprogress_0
2019-09-25 11:45:13,902 [031e4d08-7683-4c7f-bd85-96c0eaa9cc40@group-1FCFDC2F7A1E:LeaderElection58] INFO  impl.RaftServerImpl (ServerState.java:setRaftConf(354)) - 031e4d08-7683-4c7f-bd85-96c0eaa9cc40@group-1FCFDC2F7A1E: set configuration 0: [031e4d08-7683-4c7f-bd85-96c0eaa9cc40:192.168.30.6:35702], old=null at 0
2019-09-25 11:45:13,935 [f100c784-18af-433c-b537-5ce403f57dd8@group-5E0530F25157-SegmentedRaftLogWorker] INFO  segmented.SegmentedRaftLogWorker (SegmentedRaftLogWorker.java:execute(569)) - f100c784-18af-433c-b537-5ce403f57dd8@group-5E0530F25157-SegmentedRaftLogWorker: created new log segment /workdir/hadoop-ozone/integration-test/target/test-dir/MiniOzoneClusterImpl-99ecd979-b3b3-4b08-8770-c9a2ea2db525/datanode-1/data/ratis/db284759-5c67-4654-bc79-5e0530f25157/current/log_inprogress_0
2019-09-25 11:45:13,947 [031e4d08-7683-4c7f-bd85-96c0eaa9cc40@group-1FCFDC2F7A1E-SegmentedRaftLogWorker] INFO  segmented.SegmentedRaftLogWorker (SegmentedRaftLogWorker.java:execute(569)) - 031e4d08-7683-4c7f-bd85-96c0eaa9cc40@group-1FCFDC2F7A1E-SegmentedRaftLogWorker: created new log segment /workdir/hadoop-ozone/integration-test/target/test-dir/MiniOzoneClusterImpl-99ecd979-b3b3-4b08-8770-c9a2ea2db525/datanode-0/data/ratis/ae7f34ff-f390-48c2-ab66-1fcfdc2f7a1e/current/log_inprogress_0
2019-09-25 11:45:13,968 [Thread-1012] INFO  impl.FollowerState (FollowerState.java:run(106)) - 031e4d08-7683-4c7f-bd85-96c0eaa9cc40:group-F0CB769A4280 changes to CANDIDATE, lastRpcTime:5040, electionTimeout:5040ms
2019-09-25 11:45:13,969 [Thread-1012] INFO  impl.RoleInfo (RoleInfo.java:shutdownFollowerState(121)) - 031e4d08-7683-4c7f-bd85-96c0eaa9cc40: shutdown FollowerState
2019-09-25 11:45:13,969 [Thread-1012] INFO  impl.RaftServerImpl (RaftServerImpl.java:setRole(174)) - 031e4d08-7683-4c7f-bd85-96c0eaa9cc40@group-F0CB769A4280: changes role from  FOLLOWER to CANDIDATE at term 0 for changeToCandidate
2019-09-25 11:45:13,969 [Thread-1012] INFO  impl.RoleInfo (RoleInfo.java:updateAndGet(143)) - 031e4d08-7683-4c7f-bd85-96c0eaa9cc40: start LeaderElection
2019-09-25 11:45:13,985 [031e4d08-7683-4c7f-bd85-96c0eaa9cc40@group-F0CB769A4280:LeaderElection60] INFO  impl.LeaderElection (LeaderElection.java:askForVotes(182)) - 031e4d08-7683-4c7f-bd85-96c0eaa9cc40@group-F0CB769A4280:LeaderElection60: begin an election at term 1 for -1: [031e4d08-7683-4c7f-bd85-96c0eaa9cc40:192.168.30.6:35702], old=null
2019-09-25 11:45:13,985 [031e4d08-7683-4c7f-bd85-96c0eaa9cc40@group-F0CB769A4280:LeaderElection60] INFO  impl.RoleInfo (RoleInfo.java:shutdownLeaderElection(134)) - 031e4d08-7683-4c7f-bd85-96c0eaa9cc40: shutdown LeaderElection
2019-09-25 11:45:13,986 [031e4d08-7683-4c7f-bd85-96c0eaa9cc40@group-F0CB769A4280:LeaderElection60] INFO  impl.RaftServerImpl (RaftServerImpl.java:setRole(174)) - 031e4d08-7683-4c7f-bd85-96c0eaa9cc40@group-F0CB769A4280: changes role from CANDIDATE to LEADER at term 1 for changeToLeader
2019-09-25 11:45:13,986 [031e4d08-7683-4c7f-bd85-96c0eaa9cc40@group-F0CB769A4280:LeaderElection60] INFO  impl.RaftServerImpl (ServerState.java:setLeader(253)) - 031e4d08-7683-4c7f-bd85-96c0eaa9cc40@group-F0CB769A4280: change Leader from null to 031e4d08-7683-4c7f-bd85-96c0eaa9cc40 at term 1 for becomeLeader, leader elected after 5067ms
2019-09-25 11:45:13,986 [031e4d08-7683-4c7f-bd85-96c0eaa9cc40@group-F0CB769A4280:LeaderElection60] INFO  server.RaftServerConfigKeys (ConfUtils.java:logGet(43)) - raft.server.staging.catchup.gap = 1000 (default)
2019-09-25 11:45:13,986 [031e4d08-7683-4c7f-bd85-96c0eaa9cc40@group-F0CB769A4280:LeaderElection60] INFO  server.RaftServerConfigKeys (ConfUtils.java:logGet(43)) - raft.server.rpc.sleep.time = 25ms (default)
2019-09-25 11:45:13,986 [031e4d08-7683-4c7f-bd85-96c0eaa9cc40@group-F0CB769A4280:LeaderElection60] INFO  server.RaftServerConfigKeys (ConfUtils.java:logGet(43)) - raft.server.write.element-limit = 4096 (default)
2019-09-25 11:45:13,986 [031e4d08-7683-4c7f-bd85-96c0eaa9cc40@group-F0CB769A4280:LeaderElection60] INFO  server.RaftServerConfigKeys (ConfUtils.java:logGet(43)) - raft.server.watch.timeout = 10s (default)
2019-09-25 11:45:13,986 [031e4d08-7683-4c7f-bd85-96c0eaa9cc40@group-F0CB769A4280:LeaderElection60] INFO  server.RaftServerConfigKeys (ConfUtils.java:logGet(43)) - raft.server.watch.timeout.denomination = 1s (default)
2019-09-25 11:45:13,986 [031e4d08-7683-4c7f-bd85-96c0eaa9cc40@group-F0CB769A4280:LeaderElection60] INFO  server.RaftServerConfigKeys (ConfUtils.java:logGet(43)) - raft.server.watch.element-limit = 65536 (default)
2019-09-25 11:45:13,988 [031e4d08-7683-4c7f-bd85-96c0eaa9cc40@group-F0CB769A4280:LeaderElection60] INFO  impl.RoleInfo (RoleInfo.java:updateAndGet(143)) - 031e4d08-7683-4c7f-bd85-96c0eaa9cc40: start LeaderState
2019-09-25 11:45:13,988 [031e4d08-7683-4c7f-bd85-96c0eaa9cc40@group-F0CB769A4280:LeaderElection60] INFO  segmented.SegmentedRaftLogWorker (SegmentedRaftLogWorker.java:startLogSegment(380)) - 031e4d08-7683-4c7f-bd85-96c0eaa9cc40@group-F0CB769A4280-SegmentedRaftLogWorker: Starting segment from index:0
2019-09-25 11:45:13,989 [031e4d08-7683-4c7f-bd85-96c0eaa9cc40@group-F0CB769A4280:LeaderElection60] INFO  impl.RaftServerImpl (ServerState.java:setRaftConf(354)) - 031e4d08-7683-4c7f-bd85-96c0eaa9cc40@group-F0CB769A4280: set configuration 0: [031e4d08-7683-4c7f-bd85-96c0eaa9cc40:192.168.30.6:35702], old=null at 0
2019-09-25 11:45:14,036 [031e4d08-7683-4c7f-bd85-96c0eaa9cc40@group-F0CB769A4280-SegmentedRaftLogWorker] INFO  segmented.SegmentedRaftLogWorker (SegmentedRaftLogWorker.java:execute(569)) - 031e4d08-7683-4c7f-bd85-96c0eaa9cc40@group-F0CB769A4280-SegmentedRaftLogWorker: created new log segment /workdir/hadoop-ozone/integration-test/target/test-dir/MiniOzoneClusterImpl-99ecd979-b3b3-4b08-8770-c9a2ea2db525/datanode-0/data/ratis/bbb9af9f-d932-46d2-a6f0-f0cb769a4280/current/log_inprogress_0
2019-09-25 11:45:14,049 [Thread-1015] INFO  impl.FollowerState (FollowerState.java:run(106)) - 031e4d08-7683-4c7f-bd85-96c0eaa9cc40:group-FDFD6CCDC69F changes to CANDIDATE, lastRpcTime:5078, electionTimeout:5078ms
2019-09-25 11:45:14,049 [Thread-1015] INFO  impl.RoleInfo (RoleInfo.java:shutdownFollowerState(121)) - 031e4d08-7683-4c7f-bd85-96c0eaa9cc40: shutdown FollowerState
2019-09-25 11:45:14,049 [Thread-1015] INFO  impl.RaftServerImpl (RaftServerImpl.java:setRole(174)) - 031e4d08-7683-4c7f-bd85-96c0eaa9cc40@group-FDFD6CCDC69F: changes role from  FOLLOWER to CANDIDATE at term 0 for changeToCandidate
2019-09-25 11:45:14,049 [Thread-1015] INFO  impl.RoleInfo (RoleInfo.java:updateAndGet(143)) - 031e4d08-7683-4c7f-bd85-96c0eaa9cc40: start LeaderElection
2019-09-25 11:45:14,073 [031e4d08-7683-4c7f-bd85-96c0eaa9cc40@group-FDFD6CCDC69F:LeaderElection61] INFO  impl.LeaderElection (LeaderElection.java:askForVotes(182)) - 031e4d08-7683-4c7f-bd85-96c0eaa9cc40@group-FDFD6CCDC69F:LeaderElection61: begin an election at term 1 for -1: [031e4d08-7683-4c7f-bd85-96c0eaa9cc40:192.168.30.6:35702], old=null
2019-09-25 11:45:14,073 [031e4d08-7683-4c7f-bd85-96c0eaa9cc40@group-FDFD6CCDC69F:LeaderElection61] INFO  impl.RoleInfo (RoleInfo.java:shutdownLeaderElection(134)) - 031e4d08-7683-4c7f-bd85-96c0eaa9cc40: shutdown LeaderElection
2019-09-25 11:45:14,073 [031e4d08-7683-4c7f-bd85-96c0eaa9cc40@group-FDFD6CCDC69F:LeaderElection61] INFO  impl.RaftServerImpl (RaftServerImpl.java:setRole(174)) - 031e4d08-7683-4c7f-bd85-96c0eaa9cc40@group-FDFD6CCDC69F: changes role from CANDIDATE to LEADER at term 1 for changeToLeader
2019-09-25 11:45:14,073 [031e4d08-7683-4c7f-bd85-96c0eaa9cc40@group-FDFD6CCDC69F:LeaderElection61] INFO  impl.RaftServerImpl (ServerState.java:setLeader(253)) - 031e4d08-7683-4c7f-bd85-96c0eaa9cc40@group-FDFD6CCDC69F: change Leader from null to 031e4d08-7683-4c7f-bd85-96c0eaa9cc40 at term 1 for becomeLeader, leader elected after 5108ms
2019-09-25 11:45:14,074 [031e4d08-7683-4c7f-bd85-96c0eaa9cc40@group-FDFD6CCDC69F:LeaderElection61] INFO  server.RaftServerConfigKeys (ConfUtils.java:logGet(43)) - raft.server.staging.catchup.gap = 1000 (default)
2019-09-25 11:45:14,074 [031e4d08-7683-4c7f-bd85-96c0eaa9cc40@group-FDFD6CCDC69F:LeaderElection61] INFO  server.RaftServerConfigKeys (ConfUtils.java:logGet(43)) - raft.server.rpc.sleep.time = 25ms (default)
2019-09-25 11:45:14,074 [031e4d08-7683-4c7f-bd85-96c0eaa9cc40@group-FDFD6CCDC69F:LeaderElection61] INFO  server.RaftServerConfigKeys (ConfUtils.java:logGet(43)) - raft.server.write.element-limit = 4096 (default)
2019-09-25 11:45:14,074 [031e4d08-7683-4c7f-bd85-96c0eaa9cc40@group-FDFD6CCDC69F:LeaderElection61] INFO  server.RaftServerConfigKeys (ConfUtils.java:logGet(43)) - raft.server.watch.timeout = 10s (default)
2019-09-25 11:45:14,074 [031e4d08-7683-4c7f-bd85-96c0eaa9cc40@group-FDFD6CCDC69F:LeaderElection61] INFO  server.RaftServerConfigKeys (ConfUtils.java:logGet(43)) - raft.server.watch.timeout.denomination = 1s (default)
2019-09-25 11:45:14,074 [031e4d08-7683-4c7f-bd85-96c0eaa9cc40@group-FDFD6CCDC69F:LeaderElection61] INFO  server.RaftServerConfigKeys (ConfUtils.java:logGet(43)) - raft.server.watch.element-limit = 65536 (default)
2019-09-25 11:45:14,076 [031e4d08-7683-4c7f-bd85-96c0eaa9cc40@group-FDFD6CCDC69F:LeaderElection61] INFO  impl.RoleInfo (RoleInfo.java:updateAndGet(143)) - 031e4d08-7683-4c7f-bd85-96c0eaa9cc40: start LeaderState
2019-09-25 11:45:14,077 [031e4d08-7683-4c7f-bd85-96c0eaa9cc40@group-FDFD6CCDC69F:LeaderElection61] INFO  segmented.SegmentedRaftLogWorker (SegmentedRaftLogWorker.java:startLogSegment(380)) - 031e4d08-7683-4c7f-bd85-96c0eaa9cc40@group-FDFD6CCDC69F-SegmentedRaftLogWorker: Starting segment from index:0
2019-09-25 11:45:14,077 [031e4d08-7683-4c7f-bd85-96c0eaa9cc40@group-FDFD6CCDC69F:LeaderElection61] INFO  impl.RaftServerImpl (ServerState.java:setRaftConf(354)) - 031e4d08-7683-4c7f-bd85-96c0eaa9cc40@group-FDFD6CCDC69F: set configuration 0: [031e4d08-7683-4c7f-bd85-96c0eaa9cc40:192.168.30.6:35702], old=null at 0
2019-09-25 11:45:14,115 [Thread-1021] INFO  impl.FollowerState (FollowerState.java:run(106)) - f100c784-18af-433c-b537-5ce403f57dd8:group-D692F0C37064 changes to CANDIDATE, lastRpcTime:5066, electionTimeout:5047ms
2019-09-25 11:45:14,115 [Thread-1018] INFO  impl.FollowerState (FollowerState.java:run(106)) - 031e4d08-7683-4c7f-bd85-96c0eaa9cc40:group-FD524E4861B9 changes to CANDIDATE, lastRpcTime:5107, electionTimeout:5079ms
2019-09-25 11:45:14,115 [Thread-1021] INFO  impl.RoleInfo (RoleInfo.java:shutdownFollowerState(121)) - f100c784-18af-433c-b537-5ce403f57dd8: shutdown FollowerState
2019-09-25 11:45:14,115 [Thread-1018] INFO  impl.RoleInfo (RoleInfo.java:shutdownFollowerState(121)) - 031e4d08-7683-4c7f-bd85-96c0eaa9cc40: shutdown FollowerState
2019-09-25 11:45:14,115 [Thread-1021] INFO  impl.RaftServerImpl (RaftServerImpl.java:setRole(174)) - f100c784-18af-433c-b537-5ce403f57dd8@group-D692F0C37064: changes role from  FOLLOWER to CANDIDATE at term 0 for changeToCandidate
2019-09-25 11:45:14,115 [Thread-1018] INFO  impl.RaftServerImpl (RaftServerImpl.java:setRole(174)) - 031e4d08-7683-4c7f-bd85-96c0eaa9cc40@group-FD524E4861B9: changes role from  FOLLOWER to CANDIDATE at term 0 for changeToCandidate
2019-09-25 11:45:14,116 [Thread-1021] INFO  impl.RoleInfo (RoleInfo.java:updateAndGet(143)) - f100c784-18af-433c-b537-5ce403f57dd8: start LeaderElection
2019-09-25 11:45:14,116 [Thread-1018] INFO  impl.RoleInfo (RoleInfo.java:updateAndGet(143)) - 031e4d08-7683-4c7f-bd85-96c0eaa9cc40: start LeaderElection
2019-09-25 11:45:14,128 [031e4d08-7683-4c7f-bd85-96c0eaa9cc40@group-FDFD6CCDC69F-SegmentedRaftLogWorker] INFO  segmented.SegmentedRaftLogWorker (SegmentedRaftLogWorker.java:execute(569)) - 031e4d08-7683-4c7f-bd85-96c0eaa9cc40@group-FDFD6CCDC69F-SegmentedRaftLogWorker: created new log segment /workdir/hadoop-ozone/integration-test/target/test-dir/MiniOzoneClusterImpl-99ecd979-b3b3-4b08-8770-c9a2ea2db525/datanode-0/data/ratis/440d2f0e-fef9-48ba-a4e9-fdfd6ccdc69f/current/log_inprogress_0
2019-09-25 11:45:14,128 [f100c784-18af-433c-b537-5ce403f57dd8@group-D692F0C37064:LeaderElection62] INFO  impl.LeaderElection (LeaderElection.java:askForVotes(182)) - f100c784-18af-433c-b537-5ce403f57dd8@group-D692F0C37064:LeaderElection62: begin an election at term 1 for -1: [f100c784-18af-433c-b537-5ce403f57dd8:192.168.30.6:33083], old=null
2019-09-25 11:45:14,128 [031e4d08-7683-4c7f-bd85-96c0eaa9cc40@group-FD524E4861B9:LeaderElection63] INFO  impl.LeaderElection (LeaderElection.java:askForVotes(182)) - 031e4d08-7683-4c7f-bd85-96c0eaa9cc40@group-FD524E4861B9:LeaderElection63: begin an election at term 1 for -1: [031e4d08-7683-4c7f-bd85-96c0eaa9cc40:192.168.30.6:35702], old=null
2019-09-25 11:45:14,128 [f100c784-18af-433c-b537-5ce403f57dd8@group-D692F0C37064:LeaderElection62] INFO  impl.RoleInfo (RoleInfo.java:shutdownLeaderElection(134)) - f100c784-18af-433c-b537-5ce403f57dd8: shutdown LeaderElection
2019-09-25 11:45:14,128 [031e4d08-7683-4c7f-bd85-96c0eaa9cc40@group-FD524E4861B9:LeaderElection63] INFO  impl.RoleInfo (RoleInfo.java:shutdownLeaderElection(134)) - 031e4d08-7683-4c7f-bd85-96c0eaa9cc40: shutdown LeaderElection
2019-09-25 11:45:14,129 [f100c784-18af-433c-b537-5ce403f57dd8@group-D692F0C37064:LeaderElection62] INFO  impl.RaftServerImpl (RaftServerImpl.java:setRole(174)) - f100c784-18af-433c-b537-5ce403f57dd8@group-D692F0C37064: changes role from CANDIDATE to LEADER at term 1 for changeToLeader
2019-09-25 11:45:14,129 [031e4d08-7683-4c7f-bd85-96c0eaa9cc40@group-FD524E4861B9:LeaderElection63] INFO  impl.RaftServerImpl (RaftServerImpl.java:setRole(174)) - 031e4d08-7683-4c7f-bd85-96c0eaa9cc40@group-FD524E4861B9: changes role from CANDIDATE to LEADER at term 1 for changeToLeader
2019-09-25 11:45:14,129 [f100c784-18af-433c-b537-5ce403f57dd8@group-D692F0C37064:LeaderElection62] INFO  impl.RaftServerImpl (ServerState.java:setLeader(253)) - f100c784-18af-433c-b537-5ce403f57dd8@group-D692F0C37064: change Leader from null to f100c784-18af-433c-b537-5ce403f57dd8 at term 1 for becomeLeader, leader elected after 5087ms
2019-09-25 11:45:14,129 [031e4d08-7683-4c7f-bd85-96c0eaa9cc40@group-FD524E4861B9:LeaderElection63] INFO  impl.RaftServerImpl (ServerState.java:setLeader(253)) - 031e4d08-7683-4c7f-bd85-96c0eaa9cc40@group-FD524E4861B9: change Leader from null to 031e4d08-7683-4c7f-bd85-96c0eaa9cc40 at term 1 for becomeLeader, leader elected after 5126ms
2019-09-25 11:45:14,129 [f100c784-18af-433c-b537-5ce403f57dd8@group-D692F0C37064:LeaderElection62] INFO  server.RaftServerConfigKeys (ConfUtils.java:logGet(43)) - raft.server.staging.catchup.gap = 1000 (default)
2019-09-25 11:45:14,129 [031e4d08-7683-4c7f-bd85-96c0eaa9cc40@group-FD524E4861B9:LeaderElection63] INFO  server.RaftServerConfigKeys (ConfUtils.java:logGet(43)) - raft.server.staging.catchup.gap = 1000 (default)
2019-09-25 11:45:14,129 [f100c784-18af-433c-b537-5ce403f57dd8@group-D692F0C37064:LeaderElection62] INFO  server.RaftServerConfigKeys (ConfUtils.java:logGet(43)) - raft.server.rpc.sleep.time = 25ms (default)
2019-09-25 11:45:14,129 [031e4d08-7683-4c7f-bd85-96c0eaa9cc40@group-FD524E4861B9:LeaderElection63] INFO  server.RaftServerConfigKeys (ConfUtils.java:logGet(43)) - raft.server.rpc.sleep.time = 25ms (default)
2019-09-25 11:45:14,129 [f100c784-18af-433c-b537-5ce403f57dd8@group-D692F0C37064:LeaderElection62] INFO  server.RaftServerConfigKeys (ConfUtils.java:logGet(43)) - raft.server.write.element-limit = 4096 (default)
2019-09-25 11:45:14,130 [031e4d08-7683-4c7f-bd85-96c0eaa9cc40@group-FD524E4861B9:LeaderElection63] INFO  server.RaftServerConfigKeys (ConfUtils.java:logGet(43)) - raft.server.write.element-limit = 4096 (default)
2019-09-25 11:45:14,130 [f100c784-18af-433c-b537-5ce403f57dd8@group-D692F0C37064:LeaderElection62] INFO  server.RaftServerConfigKeys (ConfUtils.java:logGet(43)) - raft.server.watch.timeout = 10s (default)
2019-09-25 11:45:14,130 [031e4d08-7683-4c7f-bd85-96c0eaa9cc40@group-FD524E4861B9:LeaderElection63] INFO  server.RaftServerConfigKeys (ConfUtils.java:logGet(43)) - raft.server.watch.timeout = 10s (default)
2019-09-25 11:45:14,130 [f100c784-18af-433c-b537-5ce403f57dd8@group-D692F0C37064:LeaderElection62] INFO  server.RaftServerConfigKeys (ConfUtils.java:logGet(43)) - raft.server.watch.timeout.denomination = 1s (default)
2019-09-25 11:45:14,130 [031e4d08-7683-4c7f-bd85-96c0eaa9cc40@group-FD524E4861B9:LeaderElection63] INFO  server.RaftServerConfigKeys (ConfUtils.java:logGet(43)) - raft.server.watch.timeout.denomination = 1s (default)
2019-09-25 11:45:14,130 [f100c784-18af-433c-b537-5ce403f57dd8@group-D692F0C37064:LeaderElection62] INFO  server.RaftServerConfigKeys (ConfUtils.java:logGet(43)) - raft.server.watch.element-limit = 65536 (default)
2019-09-25 11:45:14,130 [031e4d08-7683-4c7f-bd85-96c0eaa9cc40@group-FD524E4861B9:LeaderElection63] INFO  server.RaftServerConfigKeys (ConfUtils.java:logGet(43)) - raft.server.watch.element-limit = 65536 (default)
2019-09-25 11:45:14,134 [f100c784-18af-433c-b537-5ce403f57dd8@group-D692F0C37064:LeaderElection62] INFO  impl.RoleInfo (RoleInfo.java:updateAndGet(143)) - f100c784-18af-433c-b537-5ce403f57dd8: start LeaderState
2019-09-25 11:45:14,134 [f100c784-18af-433c-b537-5ce403f57dd8@group-D692F0C37064:LeaderElection62] INFO  segmented.SegmentedRaftLogWorker (SegmentedRaftLogWorker.java:startLogSegment(380)) - f100c784-18af-433c-b537-5ce403f57dd8@group-D692F0C37064-SegmentedRaftLogWorker: Starting segment from index:0
2019-09-25 11:45:14,134 [031e4d08-7683-4c7f-bd85-96c0eaa9cc40@group-FD524E4861B9:LeaderElection63] INFO  impl.RoleInfo (RoleInfo.java:updateAndGet(143)) - 031e4d08-7683-4c7f-bd85-96c0eaa9cc40: start LeaderState
2019-09-25 11:45:14,134 [031e4d08-7683-4c7f-bd85-96c0eaa9cc40@group-FD524E4861B9:LeaderElection63] INFO  segmented.SegmentedRaftLogWorker (SegmentedRaftLogWorker.java:startLogSegment(380)) - 031e4d08-7683-4c7f-bd85-96c0eaa9cc40@group-FD524E4861B9-SegmentedRaftLogWorker: Starting segment from index:0
2019-09-25 11:45:14,135 [f100c784-18af-433c-b537-5ce403f57dd8@group-D692F0C37064:LeaderElection62] INFO  impl.RaftServerImpl (ServerState.java:setRaftConf(354)) - f100c784-18af-433c-b537-5ce403f57dd8@group-D692F0C37064: set configuration 0: [f100c784-18af-433c-b537-5ce403f57dd8:192.168.30.6:33083], old=null at 0
2019-09-25 11:45:14,167 [Thread-1024] INFO  impl.FollowerState (FollowerState.java:run(106)) - f100c784-18af-433c-b537-5ce403f57dd8:group-CC3942825603 changes to CANDIDATE, lastRpcTime:5061, electionTimeout:5040ms
2019-09-25 11:45:14,167 [031e4d08-7683-4c7f-bd85-96c0eaa9cc40@group-FD524E4861B9:LeaderElection63] INFO  impl.RaftServerImpl (ServerState.java:setRaftConf(354)) - 031e4d08-7683-4c7f-bd85-96c0eaa9cc40@group-FD524E4861B9: set configuration 0: [031e4d08-7683-4c7f-bd85-96c0eaa9cc40:192.168.30.6:35702], old=null at 0
2019-09-25 11:45:14,167 [Thread-1024] INFO  impl.RoleInfo (RoleInfo.java:shutdownFollowerState(121)) - f100c784-18af-433c-b537-5ce403f57dd8: shutdown FollowerState
2019-09-25 11:45:14,203 [Thread-1027] INFO  impl.FollowerState (FollowerState.java:run(106)) - f100c784-18af-433c-b537-5ce403f57dd8:group-CF806A3A9D31 changes to CANDIDATE, lastRpcTime:5059, electionTimeout:5033ms
2019-09-25 11:45:14,203 [f100c784-18af-433c-b537-5ce403f57dd8@group-D692F0C37064-SegmentedRaftLogWorker] INFO  segmented.SegmentedRaftLogWorker (SegmentedRaftLogWorker.java:execute(569)) - f100c784-18af-433c-b537-5ce403f57dd8@group-D692F0C37064-SegmentedRaftLogWorker: created new log segment /workdir/hadoop-ozone/integration-test/target/test-dir/MiniOzoneClusterImpl-99ecd979-b3b3-4b08-8770-c9a2ea2db525/datanode-1/data/ratis/0e35a2d5-bf58-4553-8572-d692f0c37064/current/log_inprogress_0
2019-09-25 11:45:14,204 [Thread-1027] INFO  impl.RoleInfo (RoleInfo.java:shutdownFollowerState(121)) - f100c784-18af-433c-b537-5ce403f57dd8: shutdown FollowerState
2019-09-25 11:45:14,204 [Thread-1024] INFO  impl.RaftServerImpl (RaftServerImpl.java:setRole(174)) - f100c784-18af-433c-b537-5ce403f57dd8@group-CC3942825603: changes role from  FOLLOWER to CANDIDATE at term 0 for changeToCandidate
2019-09-25 11:45:14,204 [Thread-1027] INFO  impl.RaftServerImpl (RaftServerImpl.java:setRole(174)) - f100c784-18af-433c-b537-5ce403f57dd8@group-CF806A3A9D31: changes role from  FOLLOWER to CANDIDATE at term 0 for changeToCandidate
2019-09-25 11:45:14,204 [Thread-1024] INFO  impl.RoleInfo (RoleInfo.java:updateAndGet(143)) - f100c784-18af-433c-b537-5ce403f57dd8: start LeaderElection
2019-09-25 11:45:14,204 [Thread-1027] INFO  impl.RoleInfo (RoleInfo.java:updateAndGet(143)) - f100c784-18af-433c-b537-5ce403f57dd8: start LeaderElection
2019-09-25 11:45:14,216 [031e4d08-7683-4c7f-bd85-96c0eaa9cc40@group-FD524E4861B9-SegmentedRaftLogWorker] INFO  segmented.SegmentedRaftLogWorker (SegmentedRaftLogWorker.java:execute(569)) - 031e4d08-7683-4c7f-bd85-96c0eaa9cc40@group-FD524E4861B9-SegmentedRaftLogWorker: created new log segment /workdir/hadoop-ozone/integration-test/target/test-dir/MiniOzoneClusterImpl-99ecd979-b3b3-4b08-8770-c9a2ea2db525/datanode-0/data/ratis/bd288d79-6b0f-40c8-ad62-fd524e4861b9/current/log_inprogress_0
2019-09-25 11:45:14,216 [f100c784-18af-433c-b537-5ce403f57dd8@group-CF806A3A9D31:LeaderElection65] INFO  impl.LeaderElection (LeaderElection.java:askForVotes(182)) - f100c784-18af-433c-b537-5ce403f57dd8@group-CF806A3A9D31:LeaderElection65: begin an election at term 1 for -1: [f100c784-18af-433c-b537-5ce403f57dd8:192.168.30.6:33083], old=null
2019-09-25 11:45:14,216 [f100c784-18af-433c-b537-5ce403f57dd8@group-CC3942825603:LeaderElection64] INFO  impl.LeaderElection (LeaderElection.java:askForVotes(182)) - f100c784-18af-433c-b537-5ce403f57dd8@group-CC3942825603:LeaderElection64: begin an election at term 1 for -1: [f100c784-18af-433c-b537-5ce403f57dd8:192.168.30.6:33083], old=null
2019-09-25 11:45:14,217 [f100c784-18af-433c-b537-5ce403f57dd8@group-CF806A3A9D31:LeaderElection65] INFO  impl.RoleInfo (RoleInfo.java:shutdownLeaderElection(134)) - f100c784-18af-433c-b537-5ce403f57dd8: shutdown LeaderElection
2019-09-25 11:45:14,217 [f100c784-18af-433c-b537-5ce403f57dd8@group-CC3942825603:LeaderElection64] INFO  impl.RoleInfo (RoleInfo.java:shutdownLeaderElection(134)) - f100c784-18af-433c-b537-5ce403f57dd8: shutdown LeaderElection
2019-09-25 11:45:14,217 [f100c784-18af-433c-b537-5ce403f57dd8@group-CF806A3A9D31:LeaderElection65] INFO  impl.RaftServerImpl (RaftServerImpl.java:setRole(174)) - f100c784-18af-433c-b537-5ce403f57dd8@group-CF806A3A9D31: changes role from CANDIDATE to LEADER at term 1 for changeToLeader
2019-09-25 11:45:14,217 [f100c784-18af-433c-b537-5ce403f57dd8@group-CC3942825603:LeaderElection64] INFO  impl.RaftServerImpl (RaftServerImpl.java:setRole(174)) - f100c784-18af-433c-b537-5ce403f57dd8@group-CC3942825603: changes role from CANDIDATE to LEADER at term 1 for changeToLeader
2019-09-25 11:45:14,217 [f100c784-18af-433c-b537-5ce403f57dd8@group-CF806A3A9D31:LeaderElection65] INFO  impl.RaftServerImpl (ServerState.java:setLeader(253)) - f100c784-18af-433c-b537-5ce403f57dd8@group-CF806A3A9D31: change Leader from null to f100c784-18af-433c-b537-5ce403f57dd8 at term 1 for becomeLeader, leader elected after 5079ms
2019-09-25 11:45:14,217 [f100c784-18af-433c-b537-5ce403f57dd8@group-CC3942825603:LeaderElection64] INFO  impl.RaftServerImpl (ServerState.java:setLeader(253)) - f100c784-18af-433c-b537-5ce403f57dd8@group-CC3942825603: change Leader from null to f100c784-18af-433c-b537-5ce403f57dd8 at term 1 for becomeLeader, leader elected after 5119ms
2019-09-25 11:45:14,217 [f100c784-18af-433c-b537-5ce403f57dd8@group-CF806A3A9D31:LeaderElection65] INFO  server.RaftServerConfigKeys (ConfUtils.java:logGet(43)) - raft.server.staging.catchup.gap = 1000 (default)
2019-09-25 11:45:14,217 [f100c784-18af-433c-b537-5ce403f57dd8@group-CC3942825603:LeaderElection64] INFO  server.RaftServerConfigKeys (ConfUtils.java:logGet(43)) - raft.server.staging.catchup.gap = 1000 (default)
2019-09-25 11:45:14,217 [f100c784-18af-433c-b537-5ce403f57dd8@group-CF806A3A9D31:LeaderElection65] INFO  server.RaftServerConfigKeys (ConfUtils.java:logGet(43)) - raft.server.rpc.sleep.time = 25ms (default)
2019-09-25 11:45:14,218 [f100c784-18af-433c-b537-5ce403f57dd8@group-CC3942825603:LeaderElection64] INFO  server.RaftServerConfigKeys (ConfUtils.java:logGet(43)) - raft.server.rpc.sleep.time = 25ms (default)
2019-09-25 11:45:14,218 [f100c784-18af-433c-b537-5ce403f57dd8@group-CF806A3A9D31:LeaderElection65] INFO  server.RaftServerConfigKeys (ConfUtils.java:logGet(43)) - raft.server.write.element-limit = 4096 (default)
2019-09-25 11:45:14,218 [f100c784-18af-433c-b537-5ce403f57dd8@group-CC3942825603:LeaderElection64] INFO  server.RaftServerConfigKeys (ConfUtils.java:logGet(43)) - raft.server.write.element-limit = 4096 (default)
2019-09-25 11:45:14,218 [f100c784-18af-433c-b537-5ce403f57dd8@group-CF806A3A9D31:LeaderElection65] INFO  server.RaftServerConfigKeys (ConfUtils.java:logGet(43)) - raft.server.watch.timeout = 10s (default)
2019-09-25 11:45:14,218 [f100c784-18af-433c-b537-5ce403f57dd8@group-CC3942825603:LeaderElection64] INFO  server.RaftServerConfigKeys (ConfUtils.java:logGet(43)) - raft.server.watch.timeout = 10s (default)
2019-09-25 11:45:14,218 [f100c784-18af-433c-b537-5ce403f57dd8@group-CF806A3A9D31:LeaderElection65] INFO  server.RaftServerConfigKeys (ConfUtils.java:logGet(43)) - raft.server.watch.timeout.denomination = 1s (default)
2019-09-25 11:45:14,218 [f100c784-18af-433c-b537-5ce403f57dd8@group-CC3942825603:LeaderElection64] INFO  server.RaftServerConfigKeys (ConfUtils.java:logGet(43)) - raft.server.watch.timeout.denomination = 1s (default)
2019-09-25 11:45:14,218 [f100c784-18af-433c-b537-5ce403f57dd8@group-CF806A3A9D31:LeaderElection65] INFO  server.RaftServerConfigKeys (ConfUtils.java:logGet(43)) - raft.server.watch.element-limit = 65536 (default)
2019-09-25 11:45:14,218 [f100c784-18af-433c-b537-5ce403f57dd8@group-CC3942825603:LeaderElection64] INFO  server.RaftServerConfigKeys (ConfUtils.java:logGet(43)) - raft.server.watch.element-limit = 65536 (default)
2019-09-25 11:45:14,221 [f100c784-18af-433c-b537-5ce403f57dd8@group-CF806A3A9D31:LeaderElection65] INFO  impl.RoleInfo (RoleInfo.java:updateAndGet(143)) - f100c784-18af-433c-b537-5ce403f57dd8: start LeaderState
2019-09-25 11:45:14,222 [f100c784-18af-433c-b537-5ce403f57dd8@group-CF806A3A9D31:LeaderElection65] INFO  segmented.SegmentedRaftLogWorker (SegmentedRaftLogWorker.java:startLogSegment(380)) - f100c784-18af-433c-b537-5ce403f57dd8@group-CF806A3A9D31-SegmentedRaftLogWorker: Starting segment from index:0
2019-09-25 11:45:14,222 [f100c784-18af-433c-b537-5ce403f57dd8@group-CC3942825603:LeaderElection64] INFO  impl.RoleInfo (RoleInfo.java:updateAndGet(143)) - f100c784-18af-433c-b537-5ce403f57dd8: start LeaderState
2019-09-25 11:45:14,222 [f100c784-18af-433c-b537-5ce403f57dd8@group-CF806A3A9D31:LeaderElection65] INFO  impl.RaftServerImpl (ServerState.java:setRaftConf(354)) - f100c784-18af-433c-b537-5ce403f57dd8@group-CF806A3A9D31: set configuration 0: [f100c784-18af-433c-b537-5ce403f57dd8:192.168.30.6:33083], old=null at 0
2019-09-25 11:45:14,222 [f100c784-18af-433c-b537-5ce403f57dd8@group-CC3942825603:LeaderElection64] INFO  segmented.SegmentedRaftLogWorker (SegmentedRaftLogWorker.java:startLogSegment(380)) - f100c784-18af-433c-b537-5ce403f57dd8@group-CC3942825603-SegmentedRaftLogWorker: Starting segment from index:0
2019-09-25 11:45:14,256 [Thread-1033] INFO  impl.FollowerState (FollowerState.java:run(106)) - 7e6bc9ff-76d0-4b16-93bc-b993a8f14e87:group-74695701EA2A changes to CANDIDATE, lastRpcTime:5038, electionTimeout:5024ms
2019-09-25 11:45:14,257 [Thread-1033] INFO  impl.RoleInfo (RoleInfo.java:shutdownFollowerState(121)) - 7e6bc9ff-76d0-4b16-93bc-b993a8f14e87: shutdown FollowerState
2019-09-25 11:45:14,257 [Thread-1033] INFO  impl.RaftServerImpl (RaftServerImpl.java:setRole(174)) - 7e6bc9ff-76d0-4b16-93bc-b993a8f14e87@group-74695701EA2A: changes role from  FOLLOWER to CANDIDATE at term 0 for changeToCandidate
2019-09-25 11:45:14,257 [f100c784-18af-433c-b537-5ce403f57dd8@group-CC3942825603:LeaderElection64] INFO  impl.RaftServerImpl (ServerState.java:setRaftConf(354)) - f100c784-18af-433c-b537-5ce403f57dd8@group-CC3942825603: set configuration 0: [f100c784-18af-433c-b537-5ce403f57dd8:192.168.30.6:33083], old=null at 0
2019-09-25 11:45:14,257 [Thread-1033] INFO  impl.RoleInfo (RoleInfo.java:updateAndGet(143)) - 7e6bc9ff-76d0-4b16-93bc-b993a8f14e87: start LeaderElection
2019-09-25 11:45:14,290 [f100c784-18af-433c-b537-5ce403f57dd8@group-CF806A3A9D31-SegmentedRaftLogWorker] INFO  segmented.SegmentedRaftLogWorker (SegmentedRaftLogWorker.java:execute(569)) - f100c784-18af-433c-b537-5ce403f57dd8@group-CF806A3A9D31-SegmentedRaftLogWorker: created new log segment /workdir/hadoop-ozone/integration-test/target/test-dir/MiniOzoneClusterImpl-99ecd979-b3b3-4b08-8770-c9a2ea2db525/datanode-1/data/ratis/3b1d0e4e-d94f-4c92-931f-cf806a3a9d31/current/log_inprogress_0
2019-09-25 11:45:14,290 [Thread-1030] INFO  impl.FollowerState (FollowerState.java:run(106)) - f100c784-18af-433c-b537-5ce403f57dd8:group-041592B23DD8 changes to CANDIDATE, lastRpcTime:5111, electionTimeout:5102ms
2019-09-25 11:45:14,292 [Thread-1030] INFO  impl.RoleInfo (RoleInfo.java:shutdownFollowerState(121)) - f100c784-18af-433c-b537-5ce403f57dd8: shutdown FollowerState
2019-09-25 11:45:14,293 [Thread-1030] INFO  impl.RaftServerImpl (RaftServerImpl.java:setRole(174)) - f100c784-18af-433c-b537-5ce403f57dd8@group-041592B23DD8: changes role from  FOLLOWER to CANDIDATE at term 0 for changeToCandidate
2019-09-25 11:45:14,293 [Thread-1030] INFO  impl.RoleInfo (RoleInfo.java:updateAndGet(143)) - f100c784-18af-433c-b537-5ce403f57dd8: start LeaderElection
2019-09-25 11:45:14,303 [f100c784-18af-433c-b537-5ce403f57dd8@group-CC3942825603-SegmentedRaftLogWorker] INFO  segmented.SegmentedRaftLogWorker (SegmentedRaftLogWorker.java:execute(569)) - f100c784-18af-433c-b537-5ce403f57dd8@group-CC3942825603-SegmentedRaftLogWorker: created new log segment /workdir/hadoop-ozone/integration-test/target/test-dir/MiniOzoneClusterImpl-99ecd979-b3b3-4b08-8770-c9a2ea2db525/datanode-1/data/ratis/760eb738-bbd6-4009-b8b5-cc3942825603/current/log_inprogress_0
2019-09-25 11:45:14,303 [7e6bc9ff-76d0-4b16-93bc-b993a8f14e87@group-74695701EA2A:LeaderElection66] INFO  impl.LeaderElection (LeaderElection.java:askForVotes(182)) - 7e6bc9ff-76d0-4b16-93bc-b993a8f14e87@group-74695701EA2A:LeaderElection66: begin an election at term 1 for -1: [7e6bc9ff-76d0-4b16-93bc-b993a8f14e87:192.168.30.6:46304], old=null
2019-09-25 11:45:14,303 [f100c784-18af-433c-b537-5ce403f57dd8@group-041592B23DD8:LeaderElection67] INFO  impl.LeaderElection (LeaderElection.java:askForVotes(182)) - f100c784-18af-433c-b537-5ce403f57dd8@group-041592B23DD8:LeaderElection67: begin an election at term 1 for -1: [f100c784-18af-433c-b537-5ce403f57dd8:192.168.30.6:33083], old=null
2019-09-25 11:45:14,303 [7e6bc9ff-76d0-4b16-93bc-b993a8f14e87@group-74695701EA2A:LeaderElection66] INFO  impl.RoleInfo (RoleInfo.java:shutdownLeaderElection(134)) - 7e6bc9ff-76d0-4b16-93bc-b993a8f14e87: shutdown LeaderElection
2019-09-25 11:45:14,303 [f100c784-18af-433c-b537-5ce403f57dd8@group-041592B23DD8:LeaderElection67] INFO  impl.RoleInfo (RoleInfo.java:shutdownLeaderElection(134)) - f100c784-18af-433c-b537-5ce403f57dd8: shutdown LeaderElection
2019-09-25 11:45:14,303 [7e6bc9ff-76d0-4b16-93bc-b993a8f14e87@group-74695701EA2A:LeaderElection66] INFO  impl.RaftServerImpl (RaftServerImpl.java:setRole(174)) - 7e6bc9ff-76d0-4b16-93bc-b993a8f14e87@group-74695701EA2A: changes role from CANDIDATE to LEADER at term 1 for changeToLeader
2019-09-25 11:45:14,304 [f100c784-18af-433c-b537-5ce403f57dd8@group-041592B23DD8:LeaderElection67] INFO  impl.RaftServerImpl (RaftServerImpl.java:setRole(174)) - f100c784-18af-433c-b537-5ce403f57dd8@group-041592B23DD8: changes role from CANDIDATE to LEADER at term 1 for changeToLeader
2019-09-25 11:45:14,304 [7e6bc9ff-76d0-4b16-93bc-b993a8f14e87@group-74695701EA2A:LeaderElection66] INFO  impl.RaftServerImpl (ServerState.java:setLeader(253)) - 7e6bc9ff-76d0-4b16-93bc-b993a8f14e87@group-74695701EA2A: change Leader from null to 7e6bc9ff-76d0-4b16-93bc-b993a8f14e87 at term 1 for becomeLeader, leader elected after 5093ms
2019-09-25 11:45:14,304 [f100c784-18af-433c-b537-5ce403f57dd8@group-041592B23DD8:LeaderElection67] INFO  impl.RaftServerImpl (ServerState.java:setLeader(253)) - f100c784-18af-433c-b537-5ce403f57dd8@group-041592B23DD8: change Leader from null to f100c784-18af-433c-b537-5ce403f57dd8 at term 1 for becomeLeader, leader elected after 5132ms
2019-09-25 11:45:14,304 [7e6bc9ff-76d0-4b16-93bc-b993a8f14e87@group-74695701EA2A:LeaderElection66] INFO  server.RaftServerConfigKeys (ConfUtils.java:logGet(43)) - raft.server.staging.catchup.gap = 1000 (default)
2019-09-25 11:45:14,304 [f100c784-18af-433c-b537-5ce403f57dd8@group-041592B23DD8:LeaderElection67] INFO  server.RaftServerConfigKeys (ConfUtils.java:logGet(43)) - raft.server.staging.catchup.gap = 1000 (default)
2019-09-25 11:45:14,304 [7e6bc9ff-76d0-4b16-93bc-b993a8f14e87@group-74695701EA2A:LeaderElection66] INFO  server.RaftServerConfigKeys (ConfUtils.java:logGet(43)) - raft.server.rpc.sleep.time = 25ms (default)
2019-09-25 11:45:14,304 [f100c784-18af-433c-b537-5ce403f57dd8@group-041592B23DD8:LeaderElection67] INFO  server.RaftServerConfigKeys (ConfUtils.java:logGet(43)) - raft.server.rpc.sleep.time = 25ms (default)
2019-09-25 11:45:14,304 [7e6bc9ff-76d0-4b16-93bc-b993a8f14e87@group-74695701EA2A:LeaderElection66] INFO  server.RaftServerConfigKeys (ConfUtils.java:logGet(43)) - raft.server.write.element-limit = 4096 (default)
2019-09-25 11:45:14,305 [f100c784-18af-433c-b537-5ce403f57dd8@group-041592B23DD8:LeaderElection67] INFO  server.RaftServerConfigKeys (ConfUtils.java:logGet(43)) - raft.server.write.element-limit = 4096 (default)
2019-09-25 11:45:14,305 [7e6bc9ff-76d0-4b16-93bc-b993a8f14e87@group-74695701EA2A:LeaderElection66] INFO  server.RaftServerConfigKeys (ConfUtils.java:logGet(43)) - raft.server.watch.timeout = 10s (default)
2019-09-25 11:45:14,305 [f100c784-18af-433c-b537-5ce403f57dd8@group-041592B23DD8:LeaderElection67] INFO  server.RaftServerConfigKeys (ConfUtils.java:logGet(43)) - raft.server.watch.timeout = 10s (default)
2019-09-25 11:45:14,305 [7e6bc9ff-76d0-4b16-93bc-b993a8f14e87@group-74695701EA2A:LeaderElection66] INFO  server.RaftServerConfigKeys (ConfUtils.java:logGet(43)) - raft.server.watch.timeout.denomination = 1s (default)
2019-09-25 11:45:14,305 [f100c784-18af-433c-b537-5ce403f57dd8@group-041592B23DD8:LeaderElection67] INFO  server.RaftServerConfigKeys (ConfUtils.java:logGet(43)) - raft.server.watch.timeout.denomination = 1s (default)
2019-09-25 11:45:14,305 [7e6bc9ff-76d0-4b16-93bc-b993a8f14e87@group-74695701EA2A:LeaderElection66] INFO  server.RaftServerConfigKeys (ConfUtils.java:logGet(43)) - raft.server.watch.element-limit = 65536 (default)
2019-09-25 11:45:14,305 [f100c784-18af-433c-b537-5ce403f57dd8@group-041592B23DD8:LeaderElection67] INFO  server.RaftServerConfigKeys (ConfUtils.java:logGet(43)) - raft.server.watch.element-limit = 65536 (default)
2019-09-25 11:45:14,309 [7e6bc9ff-76d0-4b16-93bc-b993a8f14e87@group-74695701EA2A:LeaderElection66] INFO  impl.RoleInfo (RoleInfo.java:updateAndGet(143)) - 7e6bc9ff-76d0-4b16-93bc-b993a8f14e87: start LeaderState
2019-09-25 11:45:14,309 [7e6bc9ff-76d0-4b16-93bc-b993a8f14e87@group-74695701EA2A:LeaderElection66] INFO  segmented.SegmentedRaftLogWorker (SegmentedRaftLogWorker.java:startLogSegment(380)) - 7e6bc9ff-76d0-4b16-93bc-b993a8f14e87@group-74695701EA2A-SegmentedRaftLogWorker: Starting segment from index:0
2019-09-25 11:45:14,310 [f100c784-18af-433c-b537-5ce403f57dd8@group-041592B23DD8:LeaderElection67] INFO  impl.RoleInfo (RoleInfo.java:updateAndGet(143)) - f100c784-18af-433c-b537-5ce403f57dd8: start LeaderState
2019-09-25 11:45:14,310 [f100c784-18af-433c-b537-5ce403f57dd8@group-041592B23DD8:LeaderElection67] INFO  segmented.SegmentedRaftLogWorker (SegmentedRaftLogWorker.java:startLogSegment(380)) - f100c784-18af-433c-b537-5ce403f57dd8@group-041592B23DD8-SegmentedRaftLogWorker: Starting segment from index:0
2019-09-25 11:45:14,310 [7e6bc9ff-76d0-4b16-93bc-b993a8f14e87@group-74695701EA2A:LeaderElection66] INFO  impl.RaftServerImpl (ServerState.java:setRaftConf(354)) - 7e6bc9ff-76d0-4b16-93bc-b993a8f14e87@group-74695701EA2A: set configuration 0: [7e6bc9ff-76d0-4b16-93bc-b993a8f14e87:192.168.30.6:46304], old=null at 0
2019-09-25 11:45:14,338 [f100c784-18af-433c-b537-5ce403f57dd8@group-041592B23DD8:LeaderElection67] INFO  impl.RaftServerImpl (ServerState.java:setRaftConf(354)) - f100c784-18af-433c-b537-5ce403f57dd8@group-041592B23DD8: set configuration 0: [f100c784-18af-433c-b537-5ce403f57dd8:192.168.30.6:33083], old=null at 0
2019-09-25 11:45:14,378 [Thread-1036] INFO  impl.FollowerState (FollowerState.java:run(106)) - 7e6bc9ff-76d0-4b16-93bc-b993a8f14e87:group-50BBE8D72139 changes to CANDIDATE, lastRpcTime:5111, electionTimeout:5091ms
2019-09-25 11:45:14,378 [7e6bc9ff-76d0-4b16-93bc-b993a8f14e87@group-74695701EA2A-SegmentedRaftLogWorker] INFO  segmented.SegmentedRaftLogWorker (SegmentedRaftLogWorker.java:execute(569)) - 7e6bc9ff-76d0-4b16-93bc-b993a8f14e87@group-74695701EA2A-SegmentedRaftLogWorker: created new log segment /workdir/hadoop-ozone/integration-test/target/test-dir/MiniOzoneClusterImpl-99ecd979-b3b3-4b08-8770-c9a2ea2db525/datanode-2/data/ratis/0b601113-d92b-4374-bb15-74695701ea2a/current/log_inprogress_0
2019-09-25 11:45:14,378 [Thread-1036] INFO  impl.RoleInfo (RoleInfo.java:shutdownFollowerState(121)) - 7e6bc9ff-76d0-4b16-93bc-b993a8f14e87: shutdown FollowerState
2019-09-25 11:45:14,379 [Thread-1036] INFO  impl.RaftServerImpl (RaftServerImpl.java:setRole(174)) - 7e6bc9ff-76d0-4b16-93bc-b993a8f14e87@group-50BBE8D72139: changes role from  FOLLOWER to CANDIDATE at term 0 for changeToCandidate
2019-09-25 11:45:14,379 [Thread-1036] INFO  impl.RoleInfo (RoleInfo.java:updateAndGet(143)) - 7e6bc9ff-76d0-4b16-93bc-b993a8f14e87: start LeaderElection
2019-09-25 11:45:14,391 [f100c784-18af-433c-b537-5ce403f57dd8@group-041592B23DD8-SegmentedRaftLogWorker] INFO  segmented.SegmentedRaftLogWorker (SegmentedRaftLogWorker.java:execute(569)) - f100c784-18af-433c-b537-5ce403f57dd8@group-041592B23DD8-SegmentedRaftLogWorker: created new log segment /workdir/hadoop-ozone/integration-test/target/test-dir/MiniOzoneClusterImpl-99ecd979-b3b3-4b08-8770-c9a2ea2db525/datanode-1/data/ratis/89731506-bc1e-4a59-a983-041592b23dd8/current/log_inprogress_0
2019-09-25 11:45:14,392 [7e6bc9ff-76d0-4b16-93bc-b993a8f14e87@group-50BBE8D72139:LeaderElection68] INFO  impl.LeaderElection (LeaderElection.java:askForVotes(182)) - 7e6bc9ff-76d0-4b16-93bc-b993a8f14e87@group-50BBE8D72139:LeaderElection68: begin an election at term 1 for -1: [7e6bc9ff-76d0-4b16-93bc-b993a8f14e87:192.168.30.6:46304], old=null
2019-09-25 11:45:14,392 [7e6bc9ff-76d0-4b16-93bc-b993a8f14e87@group-50BBE8D72139:LeaderElection68] INFO  impl.RoleInfo (RoleInfo.java:shutdownLeaderElection(134)) - 7e6bc9ff-76d0-4b16-93bc-b993a8f14e87: shutdown LeaderElection
2019-09-25 11:45:14,392 [7e6bc9ff-76d0-4b16-93bc-b993a8f14e87@group-50BBE8D72139:LeaderElection68] INFO  impl.RaftServerImpl (RaftServerImpl.java:setRole(174)) - 7e6bc9ff-76d0-4b16-93bc-b993a8f14e87@group-50BBE8D72139: changes role from CANDIDATE to LEADER at term 1 for changeToLeader
2019-09-25 11:45:14,392 [7e6bc9ff-76d0-4b16-93bc-b993a8f14e87@group-50BBE8D72139:LeaderElection68] INFO  impl.RaftServerImpl (ServerState.java:setLeader(253)) - 7e6bc9ff-76d0-4b16-93bc-b993a8f14e87@group-50BBE8D72139: change Leader from null to 7e6bc9ff-76d0-4b16-93bc-b993a8f14e87 at term 1 for becomeLeader, leader elected after 5130ms
2019-09-25 11:45:14,392 [7e6bc9ff-76d0-4b16-93bc-b993a8f14e87@group-50BBE8D72139:LeaderElection68] INFO  server.RaftServerConfigKeys (ConfUtils.java:logGet(43)) - raft.server.staging.catchup.gap = 1000 (default)
2019-09-25 11:45:14,392 [7e6bc9ff-76d0-4b16-93bc-b993a8f14e87@group-50BBE8D72139:LeaderElection68] INFO  server.RaftServerConfigKeys (ConfUtils.java:logGet(43)) - raft.server.rpc.sleep.time = 25ms (default)
2019-09-25 11:45:14,393 [7e6bc9ff-76d0-4b16-93bc-b993a8f14e87@group-50BBE8D72139:LeaderElection68] INFO  server.RaftServerConfigKeys (ConfUtils.java:logGet(43)) - raft.server.write.element-limit = 4096 (default)
2019-09-25 11:45:14,393 [7e6bc9ff-76d0-4b16-93bc-b993a8f14e87@group-50BBE8D72139:LeaderElection68] INFO  server.RaftServerConfigKeys (ConfUtils.java:logGet(43)) - raft.server.watch.timeout = 10s (default)
2019-09-25 11:45:14,393 [7e6bc9ff-76d0-4b16-93bc-b993a8f14e87@group-50BBE8D72139:LeaderElection68] INFO  server.RaftServerConfigKeys (ConfUtils.java:logGet(43)) - raft.server.watch.timeout.denomination = 1s (default)
2019-09-25 11:45:14,393 [7e6bc9ff-76d0-4b16-93bc-b993a8f14e87@group-50BBE8D72139:LeaderElection68] INFO  server.RaftServerConfigKeys (ConfUtils.java:logGet(43)) - raft.server.watch.element-limit = 65536 (default)
2019-09-25 11:45:14,395 [7e6bc9ff-76d0-4b16-93bc-b993a8f14e87@group-50BBE8D72139:LeaderElection68] INFO  impl.RoleInfo (RoleInfo.java:updateAndGet(143)) - 7e6bc9ff-76d0-4b16-93bc-b993a8f14e87: start LeaderState
2019-09-25 11:45:14,396 [7e6bc9ff-76d0-4b16-93bc-b993a8f14e87@group-50BBE8D72139:LeaderElection68] INFO  segmented.SegmentedRaftLogWorker (SegmentedRaftLogWorker.java:startLogSegment(380)) - 7e6bc9ff-76d0-4b16-93bc-b993a8f14e87@group-50BBE8D72139-SegmentedRaftLogWorker: Starting segment from index:0
2019-09-25 11:45:14,396 [7e6bc9ff-76d0-4b16-93bc-b993a8f14e87@group-50BBE8D72139:LeaderElection68] INFO  impl.RaftServerImpl (ServerState.java:setRaftConf(354)) - 7e6bc9ff-76d0-4b16-93bc-b993a8f14e87@group-50BBE8D72139: set configuration 0: [7e6bc9ff-76d0-4b16-93bc-b993a8f14e87:192.168.30.6:46304], old=null at 0
2019-09-25 11:45:14,425 [Thread-1039] INFO  impl.FollowerState (FollowerState.java:run(106)) - f100c784-18af-433c-b537-5ce403f57dd8:group-792195793DDF changes to CANDIDATE, lastRpcTime:5115, electionTimeout:5108ms
2019-09-25 11:45:14,425 [Thread-1042] INFO  impl.FollowerState (FollowerState.java:run(106)) - 7e6bc9ff-76d0-4b16-93bc-b993a8f14e87:group-0038F10558D9 changes to CANDIDATE, lastRpcTime:5069, electionTimeout:5059ms
2019-09-25 11:45:14,425 [Thread-1039] INFO  impl.RoleInfo (RoleInfo.java:shutdownFollowerState(121)) - f100c784-18af-433c-b537-5ce403f57dd8: shutdown FollowerState
2019-09-25 11:45:14,425 [Thread-1042] INFO  impl.RoleInfo (RoleInfo.java:shutdownFollowerState(121)) - 7e6bc9ff-76d0-4b16-93bc-b993a8f14e87: shutdown FollowerState
2019-09-25 11:45:14,425 [Thread-1039] INFO  impl.RaftServerImpl (RaftServerImpl.java:setRole(174)) - f100c784-18af-433c-b537-5ce403f57dd8@group-792195793DDF: changes role from  FOLLOWER to CANDIDATE at term 0 for changeToCandidate
2019-09-25 11:45:14,425 [Thread-1042] INFO  impl.RaftServerImpl (RaftServerImpl.java:setRole(174)) - 7e6bc9ff-76d0-4b16-93bc-b993a8f14e87@group-0038F10558D9: changes role from  FOLLOWER to CANDIDATE at term 0 for changeToCandidate
2019-09-25 11:45:14,426 [Thread-1039] INFO  impl.RoleInfo (RoleInfo.java:updateAndGet(143)) - f100c784-18af-433c-b537-5ce403f57dd8: start LeaderElection
2019-09-25 11:45:14,426 [Thread-1042] INFO  impl.RoleInfo (RoleInfo.java:updateAndGet(143)) - 7e6bc9ff-76d0-4b16-93bc-b993a8f14e87: start LeaderElection
2019-09-25 11:45:14,438 [7e6bc9ff-76d0-4b16-93bc-b993a8f14e87@group-50BBE8D72139-SegmentedRaftLogWorker] INFO  segmented.SegmentedRaftLogWorker (SegmentedRaftLogWorker.java:execute(569)) - 7e6bc9ff-76d0-4b16-93bc-b993a8f14e87@group-50BBE8D72139-SegmentedRaftLogWorker: created new log segment /workdir/hadoop-ozone/integration-test/target/test-dir/MiniOzoneClusterImpl-99ecd979-b3b3-4b08-8770-c9a2ea2db525/datanode-2/data/ratis/d38184f6-4ebc-4472-a9b8-50bbe8d72139/current/log_inprogress_0
2019-09-25 11:45:14,438 [f100c784-18af-433c-b537-5ce403f57dd8@group-792195793DDF:LeaderElection69] INFO  impl.LeaderElection (LeaderElection.java:askForVotes(182)) - f100c784-18af-433c-b537-5ce403f57dd8@group-792195793DDF:LeaderElection69: begin an election at term 1 for -1: [f100c784-18af-433c-b537-5ce403f57dd8:192.168.30.6:33083], old=null
2019-09-25 11:45:14,438 [7e6bc9ff-76d0-4b16-93bc-b993a8f14e87@group-0038F10558D9:LeaderElection70] INFO  impl.LeaderElection (LeaderElection.java:askForVotes(182)) - 7e6bc9ff-76d0-4b16-93bc-b993a8f14e87@group-0038F10558D9:LeaderElection70: begin an election at term 1 for -1: [7e6bc9ff-76d0-4b16-93bc-b993a8f14e87:192.168.30.6:46304], old=null
2019-09-25 11:45:14,438 [f100c784-18af-433c-b537-5ce403f57dd8@group-792195793DDF:LeaderElection69] INFO  impl.RoleInfo (RoleInfo.java:shutdownLeaderElection(134)) - f100c784-18af-433c-b537-5ce403f57dd8: shutdown LeaderElection
2019-09-25 11:45:14,438 [7e6bc9ff-76d0-4b16-93bc-b993a8f14e87@group-0038F10558D9:LeaderElection70] INFO  impl.RoleInfo (RoleInfo.java:shutdownLeaderElection(134)) - 7e6bc9ff-76d0-4b16-93bc-b993a8f14e87: shutdown LeaderElection
2019-09-25 11:45:14,438 [f100c784-18af-433c-b537-5ce403f57dd8@group-792195793DDF:LeaderElection69] INFO  impl.RaftServerImpl (RaftServerImpl.java:setRole(174)) - f100c784-18af-433c-b537-5ce403f57dd8@group-792195793DDF: changes role from CANDIDATE to LEADER at term 1 for changeToLeader
2019-09-25 11:45:14,438 [7e6bc9ff-76d0-4b16-93bc-b993a8f14e87@group-0038F10558D9:LeaderElection70] INFO  impl.RaftServerImpl (RaftServerImpl.java:setRole(174)) - 7e6bc9ff-76d0-4b16-93bc-b993a8f14e87@group-0038F10558D9: changes role from CANDIDATE to LEADER at term 1 for changeToLeader
2019-09-25 11:45:14,438 [f100c784-18af-433c-b537-5ce403f57dd8@group-792195793DDF:LeaderElection69] INFO  impl.RaftServerImpl (ServerState.java:setLeader(253)) - f100c784-18af-433c-b537-5ce403f57dd8@group-792195793DDF: change Leader from null to f100c784-18af-433c-b537-5ce403f57dd8 at term 1 for becomeLeader, leader elected after 5133ms
2019-09-25 11:45:14,438 [7e6bc9ff-76d0-4b16-93bc-b993a8f14e87@group-0038F10558D9:LeaderElection70] INFO  impl.RaftServerImpl (ServerState.java:setLeader(253)) - 7e6bc9ff-76d0-4b16-93bc-b993a8f14e87@group-0038F10558D9: change Leader from null to 7e6bc9ff-76d0-4b16-93bc-b993a8f14e87 at term 1 for becomeLeader, leader elected after 5089ms
2019-09-25 11:45:14,439 [f100c784-18af-433c-b537-5ce403f57dd8@group-792195793DDF:LeaderElection69] INFO  server.RaftServerConfigKeys (ConfUtils.java:logGet(43)) - raft.server.staging.catchup.gap = 1000 (default)
2019-09-25 11:45:14,439 [7e6bc9ff-76d0-4b16-93bc-b993a8f14e87@group-0038F10558D9:LeaderElection70] INFO  server.RaftServerConfigKeys (ConfUtils.java:logGet(43)) - raft.server.staging.catchup.gap = 1000 (default)
2019-09-25 11:45:14,439 [f100c784-18af-433c-b537-5ce403f57dd8@group-792195793DDF:LeaderElection69] INFO  server.RaftServerConfigKeys (ConfUtils.java:logGet(43)) - raft.server.rpc.sleep.time = 25ms (default)
2019-09-25 11:45:14,439 [7e6bc9ff-76d0-4b16-93bc-b993a8f14e87@group-0038F10558D9:LeaderElection70] INFO  server.RaftServerConfigKeys (ConfUtils.java:logGet(43)) - raft.server.rpc.sleep.time = 25ms (default)
2019-09-25 11:45:14,439 [f100c784-18af-433c-b537-5ce403f57dd8@group-792195793DDF:LeaderElection69] INFO  server.RaftServerConfigKeys (ConfUtils.java:logGet(43)) - raft.server.write.element-limit = 4096 (default)
2019-09-25 11:45:14,439 [7e6bc9ff-76d0-4b16-93bc-b993a8f14e87@group-0038F10558D9:LeaderElection70] INFO  server.RaftServerConfigKeys (ConfUtils.java:logGet(43)) - raft.server.write.element-limit = 4096 (default)
2019-09-25 11:45:14,439 [f100c784-18af-433c-b537-5ce403f57dd8@group-792195793DDF:LeaderElection69] INFO  server.RaftServerConfigKeys (ConfUtils.java:logGet(43)) - raft.server.watch.timeout = 10s (default)
2019-09-25 11:45:14,439 [7e6bc9ff-76d0-4b16-93bc-b993a8f14e87@group-0038F10558D9:LeaderElection70] INFO  server.RaftServerConfigKeys (ConfUtils.java:logGet(43)) - raft.server.watch.timeout = 10s (default)
2019-09-25 11:45:14,440 [f100c784-18af-433c-b537-5ce403f57dd8@group-792195793DDF:LeaderElection69] INFO  server.RaftServerConfigKeys (ConfUtils.java:logGet(43)) - raft.server.watch.timeout.denomination = 1s (default)
2019-09-25 11:45:14,440 [7e6bc9ff-76d0-4b16-93bc-b993a8f14e87@group-0038F10558D9:LeaderElection70] INFO  server.RaftServerConfigKeys (ConfUtils.java:logGet(43)) - raft.server.watch.timeout.denomination = 1s (default)
2019-09-25 11:45:14,440 [f100c784-18af-433c-b537-5ce403f57dd8@group-792195793DDF:LeaderElection69] INFO  server.RaftServerConfigKeys (ConfUtils.java:logGet(43)) - raft.server.watch.element-limit = 65536 (default)
2019-09-25 11:45:14,440 [7e6bc9ff-76d0-4b16-93bc-b993a8f14e87@group-0038F10558D9:LeaderElection70] INFO  server.RaftServerConfigKeys (ConfUtils.java:logGet(43)) - raft.server.watch.element-limit = 65536 (default)
2019-09-25 11:45:14,443 [f100c784-18af-433c-b537-5ce403f57dd8@group-792195793DDF:LeaderElection69] INFO  impl.RoleInfo (RoleInfo.java:updateAndGet(143)) - f100c784-18af-433c-b537-5ce403f57dd8: start LeaderState
2019-09-25 11:45:14,443 [f100c784-18af-433c-b537-5ce403f57dd8@group-792195793DDF:LeaderElection69] INFO  segmented.SegmentedRaftLogWorker (SegmentedRaftLogWorker.java:startLogSegment(380)) - f100c784-18af-433c-b537-5ce403f57dd8@group-792195793DDF-SegmentedRaftLogWorker: Starting segment from index:0
2019-09-25 11:45:14,443 [7e6bc9ff-76d0-4b16-93bc-b993a8f14e87@group-0038F10558D9:LeaderElection70] INFO  impl.RoleInfo (RoleInfo.java:updateAndGet(143)) - 7e6bc9ff-76d0-4b16-93bc-b993a8f14e87: start LeaderState
2019-09-25 11:45:14,443 [7e6bc9ff-76d0-4b16-93bc-b993a8f14e87@group-0038F10558D9:LeaderElection70] INFO  segmented.SegmentedRaftLogWorker (SegmentedRaftLogWorker.java:startLogSegment(380)) - 7e6bc9ff-76d0-4b16-93bc-b993a8f14e87@group-0038F10558D9-SegmentedRaftLogWorker: Starting segment from index:0
2019-09-25 11:45:14,443 [f100c784-18af-433c-b537-5ce403f57dd8@group-792195793DDF:LeaderElection69] INFO  impl.RaftServerImpl (ServerState.java:setRaftConf(354)) - f100c784-18af-433c-b537-5ce403f57dd8@group-792195793DDF: set configuration 0: [f100c784-18af-433c-b537-5ce403f57dd8:192.168.30.6:33083], old=null at 0
2019-09-25 11:45:14,477 [7e6bc9ff-76d0-4b16-93bc-b993a8f14e87@group-0038F10558D9:LeaderElection70] INFO  impl.RaftServerImpl (ServerState.java:setRaftConf(354)) - 7e6bc9ff-76d0-4b16-93bc-b993a8f14e87@group-0038F10558D9: set configuration 0: [7e6bc9ff-76d0-4b16-93bc-b993a8f14e87:192.168.30.6:46304], old=null at 0
2019-09-25 11:45:14,514 [f100c784-18af-433c-b537-5ce403f57dd8@group-792195793DDF-SegmentedRaftLogWorker] INFO  segmented.SegmentedRaftLogWorker (SegmentedRaftLogWorker.java:execute(569)) - f100c784-18af-433c-b537-5ce403f57dd8@group-792195793DDF-SegmentedRaftLogWorker: created new log segment /workdir/hadoop-ozone/integration-test/target/test-dir/MiniOzoneClusterImpl-99ecd979-b3b3-4b08-8770-c9a2ea2db525/datanode-1/data/ratis/5f5aac14-1e51-4422-a333-792195793ddf/current/log_inprogress_0
2019-09-25 11:45:14,527 [7e6bc9ff-76d0-4b16-93bc-b993a8f14e87@group-0038F10558D9-SegmentedRaftLogWorker] INFO  segmented.SegmentedRaftLogWorker (SegmentedRaftLogWorker.java:execute(569)) - 7e6bc9ff-76d0-4b16-93bc-b993a8f14e87@group-0038F10558D9-SegmentedRaftLogWorker: created new log segment /workdir/hadoop-ozone/integration-test/target/test-dir/MiniOzoneClusterImpl-99ecd979-b3b3-4b08-8770-c9a2ea2db525/datanode-2/data/ratis/6529610c-ad81-4612-9684-0038f10558d9/current/log_inprogress_0
2019-09-25 11:45:14,534 [Thread-1051] INFO  impl.FollowerState (FollowerState.java:run(106)) - 7e6bc9ff-76d0-4b16-93bc-b993a8f14e87:group-FFF73F4709E1 changes to CANDIDATE, lastRpcTime:5028, electionTimeout:5028ms
2019-09-25 11:45:14,534 [Thread-1051] INFO  impl.RoleInfo (RoleInfo.java:shutdownFollowerState(121)) - 7e6bc9ff-76d0-4b16-93bc-b993a8f14e87: shutdown FollowerState
2019-09-25 11:45:14,534 [Thread-1051] INFO  impl.RaftServerImpl (RaftServerImpl.java:setRole(174)) - 7e6bc9ff-76d0-4b16-93bc-b993a8f14e87@group-FFF73F4709E1: changes role from  FOLLOWER to CANDIDATE at term 0 for changeToCandidate
2019-09-25 11:45:14,535 [Thread-1051] INFO  impl.RoleInfo (RoleInfo.java:updateAndGet(143)) - 7e6bc9ff-76d0-4b16-93bc-b993a8f14e87: start LeaderElection
2019-09-25 11:45:14,541 [7e6bc9ff-76d0-4b16-93bc-b993a8f14e87@group-FFF73F4709E1:LeaderElection71] INFO  impl.LeaderElection (LeaderElection.java:askForVotes(182)) - 7e6bc9ff-76d0-4b16-93bc-b993a8f14e87@group-FFF73F4709E1:LeaderElection71: begin an election at term 1 for -1: [7e6bc9ff-76d0-4b16-93bc-b993a8f14e87:192.168.30.6:46304], old=null
2019-09-25 11:45:14,541 [7e6bc9ff-76d0-4b16-93bc-b993a8f14e87@group-FFF73F4709E1:LeaderElection71] INFO  impl.RoleInfo (RoleInfo.java:shutdownLeaderElection(134)) - 7e6bc9ff-76d0-4b16-93bc-b993a8f14e87: shutdown LeaderElection
2019-09-25 11:45:14,541 [7e6bc9ff-76d0-4b16-93bc-b993a8f14e87@group-FFF73F4709E1:LeaderElection71] INFO  impl.RaftServerImpl (RaftServerImpl.java:setRole(174)) - 7e6bc9ff-76d0-4b16-93bc-b993a8f14e87@group-FFF73F4709E1: changes role from CANDIDATE to LEADER at term 1 for changeToLeader
2019-09-25 11:45:14,541 [7e6bc9ff-76d0-4b16-93bc-b993a8f14e87@group-FFF73F4709E1:LeaderElection71] INFO  impl.RaftServerImpl (ServerState.java:setLeader(253)) - 7e6bc9ff-76d0-4b16-93bc-b993a8f14e87@group-FFF73F4709E1: change Leader from null to 7e6bc9ff-76d0-4b16-93bc-b993a8f14e87 at term 1 for becomeLeader, leader elected after 5040ms
2019-09-25 11:45:14,541 [7e6bc9ff-76d0-4b16-93bc-b993a8f14e87@group-FFF73F4709E1:LeaderElection71] INFO  server.RaftServerConfigKeys (ConfUtils.java:logGet(43)) - raft.server.staging.catchup.gap = 1000 (default)
2019-09-25 11:45:14,541 [7e6bc9ff-76d0-4b16-93bc-b993a8f14e87@group-FFF73F4709E1:LeaderElection71] INFO  server.RaftServerConfigKeys (ConfUtils.java:logGet(43)) - raft.server.rpc.sleep.time = 25ms (default)
2019-09-25 11:45:14,541 [7e6bc9ff-76d0-4b16-93bc-b993a8f14e87@group-FFF73F4709E1:LeaderElection71] INFO  server.RaftServerConfigKeys (ConfUtils.java:logGet(43)) - raft.server.write.element-limit = 4096 (default)
2019-09-25 11:45:14,542 [7e6bc9ff-76d0-4b16-93bc-b993a8f14e87@group-FFF73F4709E1:LeaderElection71] INFO  server.RaftServerConfigKeys (ConfUtils.java:logGet(43)) - raft.server.watch.timeout = 10s (default)
2019-09-25 11:45:14,542 [7e6bc9ff-76d0-4b16-93bc-b993a8f14e87@group-FFF73F4709E1:LeaderElection71] INFO  server.RaftServerConfigKeys (ConfUtils.java:logGet(43)) - raft.server.watch.timeout.denomination = 1s (default)
2019-09-25 11:45:14,542 [7e6bc9ff-76d0-4b16-93bc-b993a8f14e87@group-FFF73F4709E1:LeaderElection71] INFO  server.RaftServerConfigKeys (ConfUtils.java:logGet(43)) - raft.server.watch.element-limit = 65536 (default)
2019-09-25 11:45:14,542 [Thread-1045] INFO  impl.FollowerState (FollowerState.java:run(106)) - 7e6bc9ff-76d0-4b16-93bc-b993a8f14e87:group-75C17E542996 changes to CANDIDATE, lastRpcTime:5142, electionTimeout:5142ms
2019-09-25 11:45:14,542 [Thread-1045] INFO  impl.RoleInfo (RoleInfo.java:shutdownFollowerState(121)) - 7e6bc9ff-76d0-4b16-93bc-b993a8f14e87: shutdown FollowerState
2019-09-25 11:45:14,543 [Thread-1045] INFO  impl.RaftServerImpl (RaftServerImpl.java:setRole(174)) - 7e6bc9ff-76d0-4b16-93bc-b993a8f14e87@group-75C17E542996: changes role from  FOLLOWER to CANDIDATE at term 0 for changeToCandidate
2019-09-25 11:45:14,543 [Thread-1045] INFO  impl.RoleInfo (RoleInfo.java:updateAndGet(143)) - 7e6bc9ff-76d0-4b16-93bc-b993a8f14e87: start LeaderElection
2019-09-25 11:45:14,545 [7e6bc9ff-76d0-4b16-93bc-b993a8f14e87@group-FFF73F4709E1:LeaderElection71] INFO  impl.RoleInfo (RoleInfo.java:updateAndGet(143)) - 7e6bc9ff-76d0-4b16-93bc-b993a8f14e87: start LeaderState
2019-09-25 11:45:14,546 [7e6bc9ff-76d0-4b16-93bc-b993a8f14e87@group-FFF73F4709E1:LeaderElection71] INFO  segmented.SegmentedRaftLogWorker (SegmentedRaftLogWorker.java:startLogSegment(380)) - 7e6bc9ff-76d0-4b16-93bc-b993a8f14e87@group-FFF73F4709E1-SegmentedRaftLogWorker: Starting segment from index:0
2019-09-25 11:45:14,546 [7e6bc9ff-76d0-4b16-93bc-b993a8f14e87@group-FFF73F4709E1:LeaderElection71] INFO  impl.RaftServerImpl (ServerState.java:setRaftConf(354)) - 7e6bc9ff-76d0-4b16-93bc-b993a8f14e87@group-FFF73F4709E1: set configuration 0: [7e6bc9ff-76d0-4b16-93bc-b993a8f14e87:192.168.30.6:46304], old=null at 0
2019-09-25 11:45:14,582 [7e6bc9ff-76d0-4b16-93bc-b993a8f14e87@group-75C17E542996:LeaderElection72] INFO  impl.LeaderElection (LeaderElection.java:askForVotes(182)) - 7e6bc9ff-76d0-4b16-93bc-b993a8f14e87@group-75C17E542996:LeaderElection72: begin an election at term 1 for -1: [7e6bc9ff-76d0-4b16-93bc-b993a8f14e87:192.168.30.6:46304], old=null
2019-09-25 11:45:14,582 [7e6bc9ff-76d0-4b16-93bc-b993a8f14e87@group-75C17E542996:LeaderElection72] INFO  impl.RoleInfo (RoleInfo.java:shutdownLeaderElection(134)) - 7e6bc9ff-76d0-4b16-93bc-b993a8f14e87: shutdown LeaderElection
2019-09-25 11:45:14,582 [7e6bc9ff-76d0-4b16-93bc-b993a8f14e87@group-75C17E542996:LeaderElection72] INFO  impl.RaftServerImpl (RaftServerImpl.java:setRole(174)) - 7e6bc9ff-76d0-4b16-93bc-b993a8f14e87@group-75C17E542996: changes role from CANDIDATE to LEADER at term 1 for changeToLeader
2019-09-25 11:45:14,582 [7e6bc9ff-76d0-4b16-93bc-b993a8f14e87@group-75C17E542996:LeaderElection72] INFO  impl.RaftServerImpl (ServerState.java:setLeader(253)) - 7e6bc9ff-76d0-4b16-93bc-b993a8f14e87@group-75C17E542996: change Leader from null to 7e6bc9ff-76d0-4b16-93bc-b993a8f14e87 at term 1 for becomeLeader, leader elected after 5187ms
2019-09-25 11:45:14,582 [7e6bc9ff-76d0-4b16-93bc-b993a8f14e87@group-75C17E542996:LeaderElection72] INFO  server.RaftServerConfigKeys (ConfUtils.java:logGet(43)) - raft.server.staging.catchup.gap = 1000 (default)
2019-09-25 11:45:14,582 [7e6bc9ff-76d0-4b16-93bc-b993a8f14e87@group-75C17E542996:LeaderElection72] INFO  server.RaftServerConfigKeys (ConfUtils.java:logGet(43)) - raft.server.rpc.sleep.time = 25ms (default)
2019-09-25 11:45:14,582 [7e6bc9ff-76d0-4b16-93bc-b993a8f14e87@group-75C17E542996:LeaderElection72] INFO  server.RaftServerConfigKeys (ConfUtils.java:logGet(43)) - raft.server.write.element-limit = 4096 (default)
2019-09-25 11:45:14,583 [7e6bc9ff-76d0-4b16-93bc-b993a8f14e87@group-75C17E542996:LeaderElection72] INFO  server.RaftServerConfigKeys (ConfUtils.java:logGet(43)) - raft.server.watch.timeout = 10s (default)
2019-09-25 11:45:14,583 [7e6bc9ff-76d0-4b16-93bc-b993a8f14e87@group-75C17E542996:LeaderElection72] INFO  server.RaftServerConfigKeys (ConfUtils.java:logGet(43)) - raft.server.watch.timeout.denomination = 1s (default)
2019-09-25 11:45:14,583 [7e6bc9ff-76d0-4b16-93bc-b993a8f14e87@group-75C17E542996:LeaderElection72] INFO  server.RaftServerConfigKeys (ConfUtils.java:logGet(43)) - raft.server.watch.element-limit = 65536 (default)
2019-09-25 11:45:14,585 [7e6bc9ff-76d0-4b16-93bc-b993a8f14e87@group-75C17E542996:LeaderElection72] INFO  impl.RoleInfo (RoleInfo.java:updateAndGet(143)) - 7e6bc9ff-76d0-4b16-93bc-b993a8f14e87: start LeaderState
2019-09-25 11:45:14,585 [7e6bc9ff-76d0-4b16-93bc-b993a8f14e87@group-75C17E542996:LeaderElection72] INFO  segmented.SegmentedRaftLogWorker (SegmentedRaftLogWorker.java:startLogSegment(380)) - 7e6bc9ff-76d0-4b16-93bc-b993a8f14e87@group-75C17E542996-SegmentedRaftLogWorker: Starting segment from index:0
2019-09-25 11:45:14,585 [7e6bc9ff-76d0-4b16-93bc-b993a8f14e87@group-75C17E542996:LeaderElection72] INFO  impl.RaftServerImpl (ServerState.java:setRaftConf(354)) - 7e6bc9ff-76d0-4b16-93bc-b993a8f14e87@group-75C17E542996: set configuration 0: [7e6bc9ff-76d0-4b16-93bc-b993a8f14e87:192.168.30.6:46304], old=null at 0
2019-09-25 11:45:14,621 [7e6bc9ff-76d0-4b16-93bc-b993a8f14e87@group-FFF73F4709E1-SegmentedRaftLogWorker] INFO  segmented.SegmentedRaftLogWorker (SegmentedRaftLogWorker.java:execute(569)) - 7e6bc9ff-76d0-4b16-93bc-b993a8f14e87@group-FFF73F4709E1-SegmentedRaftLogWorker: created new log segment /workdir/hadoop-ozone/integration-test/target/test-dir/MiniOzoneClusterImpl-99ecd979-b3b3-4b08-8770-c9a2ea2db525/datanode-2/data/ratis/ebd4c3c8-7632-44a1-99c6-fff73f4709e1/current/log_inprogress_0
2019-09-25 11:45:14,621 [Thread-1048] INFO  impl.FollowerState (FollowerState.java:run(106)) - 7e6bc9ff-76d0-4b16-93bc-b993a8f14e87:group-2EBA4FF3ACBE changes to CANDIDATE, lastRpcTime:5161, electionTimeout:5127ms
2019-09-25 11:45:14,622 [Thread-1048] INFO  impl.RoleInfo (RoleInfo.java:shutdownFollowerState(121)) - 7e6bc9ff-76d0-4b16-93bc-b993a8f14e87: shutdown FollowerState
2019-09-25 11:45:14,622 [Thread-1048] INFO  impl.RaftServerImpl (RaftServerImpl.java:setRole(174)) - 7e6bc9ff-76d0-4b16-93bc-b993a8f14e87@group-2EBA4FF3ACBE: changes role from  FOLLOWER to CANDIDATE at term 0 for changeToCandidate
2019-09-25 11:45:14,622 [Thread-1048] INFO  impl.RoleInfo (RoleInfo.java:updateAndGet(143)) - 7e6bc9ff-76d0-4b16-93bc-b993a8f14e87: start LeaderElection
2019-09-25 11:45:14,635 [7e6bc9ff-76d0-4b16-93bc-b993a8f14e87@group-75C17E542996-SegmentedRaftLogWorker] INFO  segmented.SegmentedRaftLogWorker (SegmentedRaftLogWorker.java:execute(569)) - 7e6bc9ff-76d0-4b16-93bc-b993a8f14e87@group-75C17E542996-SegmentedRaftLogWorker: created new log segment /workdir/hadoop-ozone/integration-test/target/test-dir/MiniOzoneClusterImpl-99ecd979-b3b3-4b08-8770-c9a2ea2db525/datanode-2/data/ratis/b4c46305-cf2e-4f3f-b7b6-75c17e542996/current/log_inprogress_0
2019-09-25 11:45:14,635 [7e6bc9ff-76d0-4b16-93bc-b993a8f14e87@group-2EBA4FF3ACBE:LeaderElection73] INFO  impl.LeaderElection (LeaderElection.java:askForVotes(182)) - 7e6bc9ff-76d0-4b16-93bc-b993a8f14e87@group-2EBA4FF3ACBE:LeaderElection73: begin an election at term 1 for -1: [7e6bc9ff-76d0-4b16-93bc-b993a8f14e87:192.168.30.6:46304], old=null
2019-09-25 11:45:14,635 [7e6bc9ff-76d0-4b16-93bc-b993a8f14e87@group-2EBA4FF3ACBE:LeaderElection73] INFO  impl.RoleInfo (RoleInfo.java:shutdownLeaderElection(134)) - 7e6bc9ff-76d0-4b16-93bc-b993a8f14e87: shutdown LeaderElection
2019-09-25 11:45:14,635 [7e6bc9ff-76d0-4b16-93bc-b993a8f14e87@group-2EBA4FF3ACBE:LeaderElection73] INFO  impl.RaftServerImpl (RaftServerImpl.java:setRole(174)) - 7e6bc9ff-76d0-4b16-93bc-b993a8f14e87@group-2EBA4FF3ACBE: changes role from CANDIDATE to LEADER at term 1 for changeToLeader
2019-09-25 11:45:14,635 [7e6bc9ff-76d0-4b16-93bc-b993a8f14e87@group-2EBA4FF3ACBE:LeaderElection73] INFO  impl.RaftServerImpl (ServerState.java:setLeader(253)) - 7e6bc9ff-76d0-4b16-93bc-b993a8f14e87@group-2EBA4FF3ACBE: change Leader from null to 7e6bc9ff-76d0-4b16-93bc-b993a8f14e87 at term 1 for becomeLeader, leader elected after 5181ms
2019-09-25 11:45:14,636 [7e6bc9ff-76d0-4b16-93bc-b993a8f14e87@group-2EBA4FF3ACBE:LeaderElection73] INFO  server.RaftServerConfigKeys (ConfUtils.java:logGet(43)) - raft.server.staging.catchup.gap = 1000 (default)
2019-09-25 11:45:14,636 [7e6bc9ff-76d0-4b16-93bc-b993a8f14e87@group-2EBA4FF3ACBE:LeaderElection73] INFO  server.RaftServerConfigKeys (ConfUtils.java:logGet(43)) - raft.server.rpc.sleep.time = 25ms (default)
2019-09-25 11:45:14,636 [7e6bc9ff-76d0-4b16-93bc-b993a8f14e87@group-2EBA4FF3ACBE:LeaderElection73] INFO  server.RaftServerConfigKeys (ConfUtils.java:logGet(43)) - raft.server.write.element-limit = 4096 (default)
2019-09-25 11:45:14,636 [7e6bc9ff-76d0-4b16-93bc-b993a8f14e87@group-2EBA4FF3ACBE:LeaderElection73] INFO  server.RaftServerConfigKeys (ConfUtils.java:logGet(43)) - raft.server.watch.timeout = 10s (default)
2019-09-25 11:45:14,636 [7e6bc9ff-76d0-4b16-93bc-b993a8f14e87@group-2EBA4FF3ACBE:LeaderElection73] INFO  server.RaftServerConfigKeys (ConfUtils.java:logGet(43)) - raft.server.watch.timeout.denomination = 1s (default)
2019-09-25 11:45:14,636 [7e6bc9ff-76d0-4b16-93bc-b993a8f14e87@group-2EBA4FF3ACBE:LeaderElection73] INFO  server.RaftServerConfigKeys (ConfUtils.java:logGet(43)) - raft.server.watch.element-limit = 65536 (default)
2019-09-25 11:45:14,638 [7e6bc9ff-76d0-4b16-93bc-b993a8f14e87@group-2EBA4FF3ACBE:LeaderElection73] INFO  impl.RoleInfo (RoleInfo.java:updateAndGet(143)) - 7e6bc9ff-76d0-4b16-93bc-b993a8f14e87: start LeaderState
2019-09-25 11:45:14,639 [7e6bc9ff-76d0-4b16-93bc-b993a8f14e87@group-2EBA4FF3ACBE:LeaderElection73] INFO  segmented.SegmentedRaftLogWorker (SegmentedRaftLogWorker.java:startLogSegment(380)) - 7e6bc9ff-76d0-4b16-93bc-b993a8f14e87@group-2EBA4FF3ACBE-SegmentedRaftLogWorker: Starting segment from index:0
2019-09-25 11:45:14,639 [7e6bc9ff-76d0-4b16-93bc-b993a8f14e87@group-2EBA4FF3ACBE:LeaderElection73] INFO  impl.RaftServerImpl (ServerState.java:setRaftConf(354)) - 7e6bc9ff-76d0-4b16-93bc-b993a8f14e87@group-2EBA4FF3ACBE: set configuration 0: [7e6bc9ff-76d0-4b16-93bc-b993a8f14e87:192.168.30.6:46304], old=null at 0
2019-09-25 11:45:14,689 [7e6bc9ff-76d0-4b16-93bc-b993a8f14e87@group-2EBA4FF3ACBE-SegmentedRaftLogWorker] INFO  segmented.SegmentedRaftLogWorker (SegmentedRaftLogWorker.java:execute(569)) - 7e6bc9ff-76d0-4b16-93bc-b993a8f14e87@group-2EBA4FF3ACBE-SegmentedRaftLogWorker: created new log segment /workdir/hadoop-ozone/integration-test/target/test-dir/MiniOzoneClusterImpl-99ecd979-b3b3-4b08-8770-c9a2ea2db525/datanode-2/data/ratis/39f2584a-fff1-4da6-a92e-2eba4ff3acbe/current/log_inprogress_0
2019-09-25 11:45:14,719 [main] INFO  ozoneimpl.OzoneContainer (OzoneContainer.java:stop(231)) - Attempting to stop container services.
2019-09-25 11:45:14,720 [ForkJoinPool.commonPool-worker-0] INFO  ozoneimpl.OzoneContainer (OzoneContainer.java:stop(231)) - Attempting to stop container services.
2019-09-25 11:45:14,720 [main] INFO  impl.RaftServerProxy (RaftServerProxy.java:lambda$close$4(314)) - f100c784-18af-433c-b537-5ce403f57dd8: close
2019-09-25 11:45:14,720 [ForkJoinPool.commonPool-worker-0] INFO  impl.RaftServerProxy (RaftServerProxy.java:lambda$close$4(314)) - 031e4d08-7683-4c7f-bd85-96c0eaa9cc40: close
2019-09-25 11:45:14,721 [main] INFO  impl.RaftServerImpl (RaftServerImpl.java:lambda$shutdown$3(251)) - f100c784-18af-433c-b537-5ce403f57dd8@group-CC3942825603: shutdown
2019-09-25 11:45:14,721 [ForkJoinPool.commonPool-worker-0] INFO  impl.RaftServerImpl (RaftServerImpl.java:lambda$shutdown$3(251)) - 031e4d08-7683-4c7f-bd85-96c0eaa9cc40@group-3B92DE73E249: shutdown
2019-09-25 11:45:14,721 [main] INFO  util.JmxRegister (JmxRegister.java:unregister(73)) - Successfully un-registered JMX Bean with object name Ratis:service=RaftServer,group=group-CC3942825603,id=f100c784-18af-433c-b537-5ce403f57dd8
2019-09-25 11:45:14,722 [ForkJoinPool.commonPool-worker-0] INFO  util.JmxRegister (JmxRegister.java:unregister(73)) - Successfully un-registered JMX Bean with object name Ratis:service=RaftServer,group=group-3B92DE73E249,id=031e4d08-7683-4c7f-bd85-96c0eaa9cc40
2019-09-25 11:45:14,722 [main] INFO  impl.RoleInfo (RoleInfo.java:shutdownLeaderState(104)) - f100c784-18af-433c-b537-5ce403f57dd8: shutdown LeaderState
2019-09-25 11:45:14,722 [ForkJoinPool.commonPool-worker-0] INFO  impl.RoleInfo (RoleInfo.java:shutdownLeaderState(104)) - 031e4d08-7683-4c7f-bd85-96c0eaa9cc40: shutdown LeaderState
2019-09-25 11:45:14,723 [main] INFO  impl.PendingRequests (PendingRequests.java:sendNotLeaderResponses(202)) - f100c784-18af-433c-b537-5ce403f57dd8-PendingRequests: sendNotLeaderResponses
2019-09-25 11:45:14,723 [ForkJoinPool.commonPool-worker-0] INFO  impl.PendingRequests (PendingRequests.java:sendNotLeaderResponses(202)) - 031e4d08-7683-4c7f-bd85-96c0eaa9cc40-PendingRequests: sendNotLeaderResponses
2019-09-25 11:45:14,724 [main] INFO  impl.StateMachineUpdater (StateMachineUpdater.java:stopAndJoin(125)) - f100c784-18af-433c-b537-5ce403f57dd8@group-CC3942825603-StateMachineUpdater: set stopIndex = 0
2019-09-25 11:45:14,725 [main] INFO  impl.RaftServerImpl (ServerState.java:close(385)) - f100c784-18af-433c-b537-5ce403f57dd8@group-CC3942825603: closes. applyIndex: 0
2019-09-25 11:45:14,724 [ForkJoinPool.commonPool-worker-0] INFO  impl.StateMachineUpdater (StateMachineUpdater.java:stopAndJoin(125)) - 031e4d08-7683-4c7f-bd85-96c0eaa9cc40@group-3B92DE73E249-StateMachineUpdater: set stopIndex = 0
2019-09-25 11:45:14,726 [f100c784-18af-433c-b537-5ce403f57dd8@group-CC3942825603-SegmentedRaftLogWorker] INFO  segmented.SegmentedRaftLogWorker (SegmentedRaftLogWorker.java:run(313)) - f100c784-18af-433c-b537-5ce403f57dd8@group-CC3942825603-SegmentedRaftLogWorker was interrupted, exiting. There are 0 tasks remaining in the queue.
2019-09-25 11:45:14,726 [ForkJoinPool.commonPool-worker-0] INFO  impl.RaftServerImpl (ServerState.java:close(385)) - 031e4d08-7683-4c7f-bd85-96c0eaa9cc40@group-3B92DE73E249: closes. applyIndex: 0
2019-09-25 11:45:14,728 [main] INFO  segmented.SegmentedRaftLogWorker (SegmentedRaftLogWorker.java:close(228)) - f100c784-18af-433c-b537-5ce403f57dd8@group-CC3942825603-SegmentedRaftLogWorker close()
2019-09-25 11:45:14,728 [031e4d08-7683-4c7f-bd85-96c0eaa9cc40@group-3B92DE73E249-SegmentedRaftLogWorker] INFO  segmented.SegmentedRaftLogWorker (SegmentedRaftLogWorker.java:run(313)) - 031e4d08-7683-4c7f-bd85-96c0eaa9cc40@group-3B92DE73E249-SegmentedRaftLogWorker was interrupted, exiting. There are 0 tasks remaining in the queue.
2019-09-25 11:45:14,733 [main] INFO  impl.RaftServerImpl (RaftServerImpl.java:lambda$shutdown$3(251)) - f100c784-18af-433c-b537-5ce403f57dd8@group-792195793DDF: shutdown
2019-09-25 11:45:14,733 [ForkJoinPool.commonPool-worker-0] INFO  segmented.SegmentedRaftLogWorker (SegmentedRaftLogWorker.java:close(228)) - 031e4d08-7683-4c7f-bd85-96c0eaa9cc40@group-3B92DE73E249-SegmentedRaftLogWorker close()
2019-09-25 11:45:14,733 [main] INFO  util.JmxRegister (JmxRegister.java:unregister(73)) - Successfully un-registered JMX Bean with object name Ratis:service=RaftServer,group=group-792195793DDF,id=f100c784-18af-433c-b537-5ce403f57dd8
2019-09-25 11:45:14,737 [ForkJoinPool.commonPool-worker-0] INFO  impl.RaftServerImpl (RaftServerImpl.java:lambda$shutdown$3(251)) - 031e4d08-7683-4c7f-bd85-96c0eaa9cc40@group-FDFD6CCDC69F: shutdown
2019-09-25 11:45:14,737 [main] INFO  impl.RoleInfo (RoleInfo.java:shutdownLeaderState(104)) - f100c784-18af-433c-b537-5ce403f57dd8: shutdown LeaderState
2019-09-25 11:45:14,737 [ForkJoinPool.commonPool-worker-0] INFO  util.JmxRegister (JmxRegister.java:unregister(73)) - Successfully un-registered JMX Bean with object name Ratis:service=RaftServer,group=group-FDFD6CCDC69F,id=031e4d08-7683-4c7f-bd85-96c0eaa9cc40
2019-09-25 11:45:14,737 [main] INFO  impl.PendingRequests (PendingRequests.java:sendNotLeaderResponses(202)) - f100c784-18af-433c-b537-5ce403f57dd8-PendingRequests: sendNotLeaderResponses
2019-09-25 11:45:14,738 [ForkJoinPool.commonPool-worker-0] INFO  impl.RoleInfo (RoleInfo.java:shutdownLeaderState(104)) - 031e4d08-7683-4c7f-bd85-96c0eaa9cc40: shutdown LeaderState
2019-09-25 11:45:14,738 [main] INFO  impl.StateMachineUpdater (StateMachineUpdater.java:stopAndJoin(125)) - f100c784-18af-433c-b537-5ce403f57dd8@group-792195793DDF-StateMachineUpdater: set stopIndex = 0
2019-09-25 11:45:14,738 [ForkJoinPool.commonPool-worker-0] INFO  impl.PendingRequests (PendingRequests.java:sendNotLeaderResponses(202)) - 031e4d08-7683-4c7f-bd85-96c0eaa9cc40-PendingRequests: sendNotLeaderResponses
2019-09-25 11:45:14,739 [main] INFO  impl.RaftServerImpl (ServerState.java:close(385)) - f100c784-18af-433c-b537-5ce403f57dd8@group-792195793DDF: closes. applyIndex: 0
2019-09-25 11:45:14,739 [ForkJoinPool.commonPool-worker-0] INFO  impl.StateMachineUpdater (StateMachineUpdater.java:stopAndJoin(125)) - 031e4d08-7683-4c7f-bd85-96c0eaa9cc40@group-FDFD6CCDC69F-StateMachineUpdater: set stopIndex = 0
2019-09-25 11:45:14,739 [f100c784-18af-433c-b537-5ce403f57dd8@group-792195793DDF-SegmentedRaftLogWorker] INFO  segmented.SegmentedRaftLogWorker (SegmentedRaftLogWorker.java:run(313)) - f100c784-18af-433c-b537-5ce403f57dd8@group-792195793DDF-SegmentedRaftLogWorker was interrupted, exiting. There are 0 tasks remaining in the queue.
2019-09-25 11:45:14,739 [ForkJoinPool.commonPool-worker-0] INFO  impl.RaftServerImpl (ServerState.java:close(385)) - 031e4d08-7683-4c7f-bd85-96c0eaa9cc40@group-FDFD6CCDC69F: closes. applyIndex: 0
2019-09-25 11:45:14,741 [main] INFO  segmented.SegmentedRaftLogWorker (SegmentedRaftLogWorker.java:close(228)) - f100c784-18af-433c-b537-5ce403f57dd8@group-792195793DDF-SegmentedRaftLogWorker close()
2019-09-25 11:45:14,741 [031e4d08-7683-4c7f-bd85-96c0eaa9cc40@group-FDFD6CCDC69F-SegmentedRaftLogWorker] INFO  segmented.SegmentedRaftLogWorker (SegmentedRaftLogWorker.java:run(313)) - 031e4d08-7683-4c7f-bd85-96c0eaa9cc40@group-FDFD6CCDC69F-SegmentedRaftLogWorker was interrupted, exiting. There are 0 tasks remaining in the queue.
2019-09-25 11:45:14,745 [main] INFO  impl.RaftServerImpl (RaftServerImpl.java:lambda$shutdown$3(251)) - f100c784-18af-433c-b537-5ce403f57dd8@group-CF806A3A9D31: shutdown
2019-09-25 11:45:14,746 [ForkJoinPool.commonPool-worker-0] INFO  segmented.SegmentedRaftLogWorker (SegmentedRaftLogWorker.java:close(228)) - 031e4d08-7683-4c7f-bd85-96c0eaa9cc40@group-FDFD6CCDC69F-SegmentedRaftLogWorker close()
2019-09-25 11:45:14,747 [main] INFO  util.JmxRegister (JmxRegister.java:unregister(73)) - Successfully un-registered JMX Bean with object name Ratis:service=RaftServer,group=group-CF806A3A9D31,id=f100c784-18af-433c-b537-5ce403f57dd8
2019-09-25 11:45:14,750 [ForkJoinPool.commonPool-worker-0] INFO  impl.RaftServerImpl (RaftServerImpl.java:lambda$shutdown$3(251)) - 031e4d08-7683-4c7f-bd85-96c0eaa9cc40@group-F0CB769A4280: shutdown
2019-09-25 11:45:14,750 [main] INFO  impl.RoleInfo (RoleInfo.java:shutdownLeaderState(104)) - f100c784-18af-433c-b537-5ce403f57dd8: shutdown LeaderState
2019-09-25 11:45:14,750 [ForkJoinPool.commonPool-worker-0] INFO  util.JmxRegister (JmxRegister.java:unregister(73)) - Successfully un-registered JMX Bean with object name Ratis:service=RaftServer,group=group-F0CB769A4280,id=031e4d08-7683-4c7f-bd85-96c0eaa9cc40
2019-09-25 11:45:14,751 [main] INFO  impl.PendingRequests (PendingRequests.java:sendNotLeaderResponses(202)) - f100c784-18af-433c-b537-5ce403f57dd8-PendingRequests: sendNotLeaderResponses
2019-09-25 11:45:14,751 [ForkJoinPool.commonPool-worker-0] INFO  impl.RoleInfo (RoleInfo.java:shutdownLeaderState(104)) - 031e4d08-7683-4c7f-bd85-96c0eaa9cc40: shutdown LeaderState
2019-09-25 11:45:14,752 [main] INFO  impl.StateMachineUpdater (StateMachineUpdater.java:stopAndJoin(125)) - f100c784-18af-433c-b537-5ce403f57dd8@group-CF806A3A9D31-StateMachineUpdater: set stopIndex = 0
2019-09-25 11:45:14,752 [ForkJoinPool.commonPool-worker-0] INFO  impl.PendingRequests (PendingRequests.java:sendNotLeaderResponses(202)) - 031e4d08-7683-4c7f-bd85-96c0eaa9cc40-PendingRequests: sendNotLeaderResponses
2019-09-25 11:45:14,752 [main] INFO  impl.RaftServerImpl (ServerState.java:close(385)) - f100c784-18af-433c-b537-5ce403f57dd8@group-CF806A3A9D31: closes. applyIndex: 0
2019-09-25 11:45:14,752 [ForkJoinPool.commonPool-worker-0] INFO  impl.StateMachineUpdater (StateMachineUpdater.java:stopAndJoin(125)) - 031e4d08-7683-4c7f-bd85-96c0eaa9cc40@group-F0CB769A4280-StateMachineUpdater: set stopIndex = 0
2019-09-25 11:45:14,753 [f100c784-18af-433c-b537-5ce403f57dd8@group-CF806A3A9D31-SegmentedRaftLogWorker] INFO  segmented.SegmentedRaftLogWorker (SegmentedRaftLogWorker.java:run(313)) - f100c784-18af-433c-b537-5ce403f57dd8@group-CF806A3A9D31-SegmentedRaftLogWorker was interrupted, exiting. There are 0 tasks remaining in the queue.
2019-09-25 11:45:14,753 [ForkJoinPool.commonPool-worker-0] INFO  impl.RaftServerImpl (ServerState.java:close(385)) - 031e4d08-7683-4c7f-bd85-96c0eaa9cc40@group-F0CB769A4280: closes. applyIndex: 0
2019-09-25 11:45:14,755 [main] INFO  segmented.SegmentedRaftLogWorker (SegmentedRaftLogWorker.java:close(228)) - f100c784-18af-433c-b537-5ce403f57dd8@group-CF806A3A9D31-SegmentedRaftLogWorker close()
2019-09-25 11:45:14,755 [031e4d08-7683-4c7f-bd85-96c0eaa9cc40@group-F0CB769A4280-SegmentedRaftLogWorker] INFO  segmented.SegmentedRaftLogWorker (SegmentedRaftLogWorker.java:run(313)) - 031e4d08-7683-4c7f-bd85-96c0eaa9cc40@group-F0CB769A4280-SegmentedRaftLogWorker was interrupted, exiting. There are 0 tasks remaining in the queue.
2019-09-25 11:45:14,758 [main] INFO  impl.RaftServerImpl (RaftServerImpl.java:lambda$shutdown$3(251)) - f100c784-18af-433c-b537-5ce403f57dd8@group-5E0530F25157: shutdown
2019-09-25 11:45:14,759 [ForkJoinPool.commonPool-worker-0] INFO  segmented.SegmentedRaftLogWorker (SegmentedRaftLogWorker.java:close(228)) - 031e4d08-7683-4c7f-bd85-96c0eaa9cc40@group-F0CB769A4280-SegmentedRaftLogWorker close()
2019-09-25 11:45:14,760 [main] INFO  util.JmxRegister (JmxRegister.java:unregister(73)) - Successfully un-registered JMX Bean with object name Ratis:service=RaftServer,group=group-5E0530F25157,id=f100c784-18af-433c-b537-5ce403f57dd8
2019-09-25 11:45:14,762 [ForkJoinPool.commonPool-worker-0] INFO  impl.RaftServerImpl (RaftServerImpl.java:lambda$shutdown$3(251)) - 031e4d08-7683-4c7f-bd85-96c0eaa9cc40@group-FD524E4861B9: shutdown
2019-09-25 11:45:14,763 [main] INFO  impl.RoleInfo (RoleInfo.java:shutdownLeaderState(104)) - f100c784-18af-433c-b537-5ce403f57dd8: shutdown LeaderState
2019-09-25 11:45:14,763 [ForkJoinPool.commonPool-worker-0] INFO  util.JmxRegister (JmxRegister.java:unregister(73)) - Successfully un-registered JMX Bean with object name Ratis:service=RaftServer,group=group-FD524E4861B9,id=031e4d08-7683-4c7f-bd85-96c0eaa9cc40
2019-09-25 11:45:14,763 [main] INFO  impl.PendingRequests (PendingRequests.java:sendNotLeaderResponses(202)) - f100c784-18af-433c-b537-5ce403f57dd8-PendingRequests: sendNotLeaderResponses
2019-09-25 11:45:14,763 [ForkJoinPool.commonPool-worker-0] INFO  impl.RoleInfo (RoleInfo.java:shutdownLeaderState(104)) - 031e4d08-7683-4c7f-bd85-96c0eaa9cc40: shutdown LeaderState
2019-09-25 11:45:14,764 [main] INFO  impl.StateMachineUpdater (StateMachineUpdater.java:stopAndJoin(125)) - f100c784-18af-433c-b537-5ce403f57dd8@group-5E0530F25157-StateMachineUpdater: set stopIndex = 0
2019-09-25 11:45:14,764 [main] INFO  impl.RaftServerImpl (ServerState.java:close(385)) - f100c784-18af-433c-b537-5ce403f57dd8@group-5E0530F25157: closes. applyIndex: 0
2019-09-25 11:45:14,764 [ForkJoinPool.commonPool-worker-0] INFO  impl.PendingRequests (PendingRequests.java:sendNotLeaderResponses(202)) - 031e4d08-7683-4c7f-bd85-96c0eaa9cc40-PendingRequests: sendNotLeaderResponses
2019-09-25 11:45:14,765 [f100c784-18af-433c-b537-5ce403f57dd8@group-5E0530F25157-SegmentedRaftLogWorker] INFO  segmented.SegmentedRaftLogWorker (SegmentedRaftLogWorker.java:run(313)) - f100c784-18af-433c-b537-5ce403f57dd8@group-5E0530F25157-SegmentedRaftLogWorker was interrupted, exiting. There are 0 tasks remaining in the queue.
2019-09-25 11:45:14,765 [ForkJoinPool.commonPool-worker-0] INFO  impl.StateMachineUpdater (StateMachineUpdater.java:stopAndJoin(125)) - 031e4d08-7683-4c7f-bd85-96c0eaa9cc40@group-FD524E4861B9-StateMachineUpdater: set stopIndex = 0
2019-09-25 11:45:14,766 [main] INFO  segmented.SegmentedRaftLogWorker (SegmentedRaftLogWorker.java:close(228)) - f100c784-18af-433c-b537-5ce403f57dd8@group-5E0530F25157-SegmentedRaftLogWorker close()
2019-09-25 11:45:14,767 [ForkJoinPool.commonPool-worker-0] INFO  impl.RaftServerImpl (ServerState.java:close(385)) - 031e4d08-7683-4c7f-bd85-96c0eaa9cc40@group-FD524E4861B9: closes. applyIndex: 0
2019-09-25 11:45:14,773 [main] INFO  impl.RaftServerImpl (RaftServerImpl.java:lambda$shutdown$3(251)) - f100c784-18af-433c-b537-5ce403f57dd8@group-D692F0C37064: shutdown
2019-09-25 11:45:14,774 [031e4d08-7683-4c7f-bd85-96c0eaa9cc40@group-FD524E4861B9-SegmentedRaftLogWorker] INFO  segmented.SegmentedRaftLogWorker (SegmentedRaftLogWorker.java:run(313)) - 031e4d08-7683-4c7f-bd85-96c0eaa9cc40@group-FD524E4861B9-SegmentedRaftLogWorker was interrupted, exiting. There are 0 tasks remaining in the queue.
2019-09-25 11:45:14,774 [main] INFO  util.JmxRegister (JmxRegister.java:unregister(73)) - Successfully un-registered JMX Bean with object name Ratis:service=RaftServer,group=group-D692F0C37064,id=f100c784-18af-433c-b537-5ce403f57dd8
2019-09-25 11:45:14,774 [ForkJoinPool.commonPool-worker-0] INFO  segmented.SegmentedRaftLogWorker (SegmentedRaftLogWorker.java:close(228)) - 031e4d08-7683-4c7f-bd85-96c0eaa9cc40@group-FD524E4861B9-SegmentedRaftLogWorker close()
2019-09-25 11:45:14,774 [main] INFO  impl.RoleInfo (RoleInfo.java:shutdownLeaderState(104)) - f100c784-18af-433c-b537-5ce403f57dd8: shutdown LeaderState
2019-09-25 11:45:14,776 [ForkJoinPool.commonPool-worker-0] INFO  impl.RaftServerImpl (RaftServerImpl.java:lambda$shutdown$3(251)) - 031e4d08-7683-4c7f-bd85-96c0eaa9cc40@group-18A4C4FB0214: shutdown
2019-09-25 11:45:14,776 [main] INFO  impl.PendingRequests (PendingRequests.java:sendNotLeaderResponses(202)) - f100c784-18af-433c-b537-5ce403f57dd8-PendingRequests: sendNotLeaderResponses
2019-09-25 11:45:14,776 [ForkJoinPool.commonPool-worker-0] INFO  util.JmxRegister (JmxRegister.java:unregister(73)) - Successfully un-registered JMX Bean with object name Ratis:service=RaftServer,group=group-18A4C4FB0214,id=031e4d08-7683-4c7f-bd85-96c0eaa9cc40
2019-09-25 11:45:14,777 [main] INFO  impl.StateMachineUpdater (StateMachineUpdater.java:stopAndJoin(125)) - f100c784-18af-433c-b537-5ce403f57dd8@group-D692F0C37064-StateMachineUpdater: set stopIndex = 0
2019-09-25 11:45:14,777 [main] INFO  impl.RaftServerImpl (ServerState.java:close(385)) - f100c784-18af-433c-b537-5ce403f57dd8@group-D692F0C37064: closes. applyIndex: 0
2019-09-25 11:45:14,777 [ForkJoinPool.commonPool-worker-0] INFO  impl.RoleInfo (RoleInfo.java:shutdownLeaderState(104)) - 031e4d08-7683-4c7f-bd85-96c0eaa9cc40: shutdown LeaderState
2019-09-25 11:45:14,778 [f100c784-18af-433c-b537-5ce403f57dd8@group-D692F0C37064-SegmentedRaftLogWorker] INFO  segmented.SegmentedRaftLogWorker (SegmentedRaftLogWorker.java:run(313)) - f100c784-18af-433c-b537-5ce403f57dd8@group-D692F0C37064-SegmentedRaftLogWorker was interrupted, exiting. There are 0 tasks remaining in the queue.
2019-09-25 11:45:14,778 [ForkJoinPool.commonPool-worker-0] INFO  impl.PendingRequests (PendingRequests.java:sendNotLeaderResponses(202)) - 031e4d08-7683-4c7f-bd85-96c0eaa9cc40-PendingRequests: sendNotLeaderResponses
2019-09-25 11:45:14,778 [main] INFO  segmented.SegmentedRaftLogWorker (SegmentedRaftLogWorker.java:close(228)) - f100c784-18af-433c-b537-5ce403f57dd8@group-D692F0C37064-SegmentedRaftLogWorker close()
2019-09-25 11:45:14,778 [ForkJoinPool.commonPool-worker-0] INFO  impl.StateMachineUpdater (StateMachineUpdater.java:stopAndJoin(125)) - 031e4d08-7683-4c7f-bd85-96c0eaa9cc40@group-18A4C4FB0214-StateMachineUpdater: set stopIndex = 0
2019-09-25 11:45:14,779 [main] INFO  impl.RaftServerImpl (RaftServerImpl.java:lambda$shutdown$3(251)) - f100c784-18af-433c-b537-5ce403f57dd8@group-041592B23DD8: shutdown
2019-09-25 11:45:14,780 [ForkJoinPool.commonPool-worker-0] INFO  impl.RaftServerImpl (ServerState.java:close(385)) - 031e4d08-7683-4c7f-bd85-96c0eaa9cc40@group-18A4C4FB0214: closes. applyIndex: 0
2019-09-25 11:45:14,780 [main] INFO  util.JmxRegister (JmxRegister.java:unregister(73)) - Successfully un-registered JMX Bean with object name Ratis:service=RaftServer,group=group-041592B23DD8,id=f100c784-18af-433c-b537-5ce403f57dd8
2019-09-25 11:45:14,781 [main] INFO  impl.RoleInfo (RoleInfo.java:shutdownLeaderState(104)) - f100c784-18af-433c-b537-5ce403f57dd8: shutdown LeaderState
2019-09-25 11:45:14,780 [031e4d08-7683-4c7f-bd85-96c0eaa9cc40@group-18A4C4FB0214-SegmentedRaftLogWorker] INFO  segmented.SegmentedRaftLogWorker (SegmentedRaftLogWorker.java:run(313)) - 031e4d08-7683-4c7f-bd85-96c0eaa9cc40@group-18A4C4FB0214-SegmentedRaftLogWorker was interrupted, exiting. There are 0 tasks remaining in the queue.
2019-09-25 11:45:14,781 [main] INFO  impl.PendingRequests (PendingRequests.java:sendNotLeaderResponses(202)) - f100c784-18af-433c-b537-5ce403f57dd8-PendingRequests: sendNotLeaderResponses
2019-09-25 11:45:14,781 [ForkJoinPool.commonPool-worker-0] INFO  segmented.SegmentedRaftLogWorker (SegmentedRaftLogWorker.java:close(228)) - 031e4d08-7683-4c7f-bd85-96c0eaa9cc40@group-18A4C4FB0214-SegmentedRaftLogWorker close()
2019-09-25 11:45:14,782 [main] INFO  impl.StateMachineUpdater (StateMachineUpdater.java:stopAndJoin(125)) - f100c784-18af-433c-b537-5ce403f57dd8@group-041592B23DD8-StateMachineUpdater: set stopIndex = 0
2019-09-25 11:45:14,783 [ForkJoinPool.commonPool-worker-0] INFO  impl.RaftServerImpl (RaftServerImpl.java:lambda$shutdown$3(251)) - 031e4d08-7683-4c7f-bd85-96c0eaa9cc40@group-1FCFDC2F7A1E: shutdown
2019-09-25 11:45:14,783 [main] INFO  impl.RaftServerImpl (ServerState.java:close(385)) - f100c784-18af-433c-b537-5ce403f57dd8@group-041592B23DD8: closes. applyIndex: 0
2019-09-25 11:45:14,783 [ForkJoinPool.commonPool-worker-0] INFO  util.JmxRegister (JmxRegister.java:unregister(73)) - Successfully un-registered JMX Bean with object name Ratis:service=RaftServer,group=group-1FCFDC2F7A1E,id=031e4d08-7683-4c7f-bd85-96c0eaa9cc40
2019-09-25 11:45:14,784 [f100c784-18af-433c-b537-5ce403f57dd8@group-041592B23DD8-SegmentedRaftLogWorker] INFO  segmented.SegmentedRaftLogWorker (SegmentedRaftLogWorker.java:run(313)) - f100c784-18af-433c-b537-5ce403f57dd8@group-041592B23DD8-SegmentedRaftLogWorker was interrupted, exiting. There are 0 tasks remaining in the queue.
2019-09-25 11:45:14,784 [ForkJoinPool.commonPool-worker-0] INFO  impl.RoleInfo (RoleInfo.java:shutdownLeaderState(104)) - 031e4d08-7683-4c7f-bd85-96c0eaa9cc40: shutdown LeaderState
2019-09-25 11:45:14,784 [main] INFO  segmented.SegmentedRaftLogWorker (SegmentedRaftLogWorker.java:close(228)) - f100c784-18af-433c-b537-5ce403f57dd8@group-041592B23DD8-SegmentedRaftLogWorker close()
2019-09-25 11:45:14,784 [ForkJoinPool.commonPool-worker-0] INFO  impl.PendingRequests (PendingRequests.java:sendNotLeaderResponses(202)) - 031e4d08-7683-4c7f-bd85-96c0eaa9cc40-PendingRequests: sendNotLeaderResponses
2019-09-25 11:45:14,785 [main] INFO  server.GrpcService (GrpcService.java:closeImpl(164)) - f100c784-18af-433c-b537-5ce403f57dd8: shutdown server with port 33083 now
2019-09-25 11:45:14,786 [ForkJoinPool.commonPool-worker-0] INFO  impl.StateMachineUpdater (StateMachineUpdater.java:stopAndJoin(125)) - 031e4d08-7683-4c7f-bd85-96c0eaa9cc40@group-1FCFDC2F7A1E-StateMachineUpdater: set stopIndex = 0
2019-09-25 11:45:14,787 [ForkJoinPool.commonPool-worker-0] INFO  impl.RaftServerImpl (ServerState.java:close(385)) - 031e4d08-7683-4c7f-bd85-96c0eaa9cc40@group-1FCFDC2F7A1E: closes. applyIndex: 0
2019-09-25 11:45:14,787 [main] INFO  server.GrpcService (GrpcService.java:closeImpl(172)) - f100c784-18af-433c-b537-5ce403f57dd8: shutdown server with port 33083 successfully
2019-09-25 11:45:14,788 [031e4d08-7683-4c7f-bd85-96c0eaa9cc40@group-1FCFDC2F7A1E-SegmentedRaftLogWorker] INFO  segmented.SegmentedRaftLogWorker (SegmentedRaftLogWorker.java:run(313)) - 031e4d08-7683-4c7f-bd85-96c0eaa9cc40@group-1FCFDC2F7A1E-SegmentedRaftLogWorker was interrupted, exiting. There are 0 tasks remaining in the queue.
2019-09-25 11:45:14,788 [ForkJoinPool.commonPool-worker-0] INFO  segmented.SegmentedRaftLogWorker (SegmentedRaftLogWorker.java:close(228)) - 031e4d08-7683-4c7f-bd85-96c0eaa9cc40@group-1FCFDC2F7A1E-SegmentedRaftLogWorker close()
2019-09-25 11:45:14,789 [ForkJoinPool.commonPool-worker-0] INFO  server.GrpcService (GrpcService.java:closeImpl(164)) - 031e4d08-7683-4c7f-bd85-96c0eaa9cc40: shutdown server with port 35702 now
2019-09-25 11:45:14,791 [ForkJoinPool.commonPool-worker-0] INFO  server.GrpcService (GrpcService.java:closeImpl(172)) - 031e4d08-7683-4c7f-bd85-96c0eaa9cc40: shutdown server with port 35702 successfully
2019-09-25 11:45:14,791 [refreshUsed-/workdir/hadoop-ozone/integration-test/target/test-dir/MiniOzoneClusterImpl-99ecd979-b3b3-4b08-8770-c9a2ea2db525/datanode-1/data/containers] WARN  fs.CachingGetSpaceUsed (CachingGetSpaceUsed.java:run(183)) - Thread Interrupted waiting to refresh disk information: sleep interrupted
2019-09-25 11:45:14,798 [refreshUsed-/workdir/hadoop-ozone/integration-test/target/test-dir/MiniOzoneClusterImpl-99ecd979-b3b3-4b08-8770-c9a2ea2db525/datanode-0/data/containers] WARN  fs.CachingGetSpaceUsed (CachingGetSpaceUsed.java:run(183)) - Thread Interrupted waiting to refresh disk information: sleep interrupted
2019-09-25 11:45:14,807 [ForkJoinPool.commonPool-worker-0] INFO  utils.BackgroundService (BackgroundService.java:shutdown(148)) - Shutting down service BlockDeletingService
2019-09-25 11:45:14,811 [ForkJoinPool.commonPool-worker-0] INFO  statemachine.DatanodeStateMachine (DatanodeStateMachine.java:stopDaemon(395)) - Ozone container server stopped.
2019-09-25 11:45:14,815 [ForkJoinPool.commonPool-worker-0] INFO  handler.ContextHandler (ContextHandler.java:doStop(910)) - Stopped o.e.j.w.WebAppContext@101a461c{/,null,UNAVAILABLE}{/hddsDatanode}
2019-09-25 11:45:14,816 [ForkJoinPool.commonPool-worker-0] INFO  server.AbstractConnector (AbstractConnector.java:doStop(318)) - Stopped ServerConnector@360e9c06{HTTP/1.1,[http/1.1]}{0.0.0.0:0}
2019-09-25 11:45:14,817 [ForkJoinPool.commonPool-worker-0] INFO  handler.ContextHandler (ContextHandler.java:doStop(910)) - Stopped o.e.j.s.ServletContextHandler@4976085{/static,jar:file:/home/user/.m2/repository/org/apache/hadoop/hadoop-hdds-container-service/0.5.0-SNAPSHOT/hadoop-hdds-container-service-0.5.0-SNAPSHOT.jar!/webapps/static,UNAVAILABLE}
2019-09-25 11:45:14,818 [ForkJoinPool.commonPool-worker-0] INFO  handler.ContextHandler (ContextHandler.java:doStop(910)) - Stopped o.e.j.s.ServletContextHandler@338766de{/logs,file:///workdir/hadoop-ozone/integration-test/target/log,UNAVAILABLE}
2019-09-25 11:45:14,823 [main] INFO  utils.BackgroundService (BackgroundService.java:shutdown(148)) - Shutting down service BlockDeletingService
2019-09-25 11:45:14,828 [main] INFO  statemachine.DatanodeStateMachine (DatanodeStateMachine.java:stopDaemon(395)) - Ozone container server stopped.
2019-09-25 11:45:14,829 [main] INFO  handler.ContextHandler (ContextHandler.java:doStop(910)) - Stopped o.e.j.w.WebAppContext@49cb1baf{/,null,UNAVAILABLE}{/hddsDatanode}
2019-09-25 11:45:14,830 [main] INFO  server.AbstractConnector (AbstractConnector.java:doStop(318)) - Stopped ServerConnector@3664f108{HTTP/1.1,[http/1.1]}{0.0.0.0:0}
2019-09-25 11:45:14,830 [main] INFO  handler.ContextHandler (ContextHandler.java:doStop(910)) - Stopped o.e.j.s.ServletContextHandler@22d9bc14{/static,jar:file:/home/user/.m2/repository/org/apache/hadoop/hadoop-hdds-container-service/0.5.0-SNAPSHOT/hadoop-hdds-container-service-0.5.0-SNAPSHOT.jar!/webapps/static,UNAVAILABLE}
2019-09-25 11:45:14,830 [main] INFO  handler.ContextHandler (ContextHandler.java:doStop(910)) - Stopped o.e.j.s.ServletContextHandler@2e7157c7{/logs,file:///workdir/hadoop-ozone/integration-test/target/log,UNAVAILABLE}
2019-09-25 11:45:15,691 [Datanode State Machine Thread - 0] INFO  statemachine.DatanodeStateMachine (DatanodeStateMachine.java:lambda$startDaemon$0(350)) - Ozone container server started.
2019-09-25 11:45:19,819 [ForkJoinPool.commonPool-worker-0] INFO  ozoneimpl.OzoneContainer (OzoneContainer.java:stop(231)) - Attempting to stop container services.
2019-09-25 11:45:19,820 [ForkJoinPool.commonPool-worker-0] INFO  impl.RaftServerProxy (RaftServerProxy.java:lambda$close$4(314)) - 7e6bc9ff-76d0-4b16-93bc-b993a8f14e87: close
2019-09-25 11:45:19,820 [ForkJoinPool.commonPool-worker-0] INFO  impl.RaftServerImpl (RaftServerImpl.java:lambda$shutdown$3(251)) - 7e6bc9ff-76d0-4b16-93bc-b993a8f14e87@group-50BBE8D72139: shutdown
2019-09-25 11:45:19,821 [ForkJoinPool.commonPool-worker-0] INFO  util.JmxRegister (JmxRegister.java:unregister(73)) - Successfully un-registered JMX Bean with object name Ratis:service=RaftServer,group=group-50BBE8D72139,id=7e6bc9ff-76d0-4b16-93bc-b993a8f14e87
2019-09-25 11:45:19,821 [ForkJoinPool.commonPool-worker-0] INFO  impl.RoleInfo (RoleInfo.java:shutdownLeaderState(104)) - 7e6bc9ff-76d0-4b16-93bc-b993a8f14e87: shutdown LeaderState
2019-09-25 11:45:19,821 [ForkJoinPool.commonPool-worker-0] INFO  impl.PendingRequests (PendingRequests.java:sendNotLeaderResponses(202)) - 7e6bc9ff-76d0-4b16-93bc-b993a8f14e87-PendingRequests: sendNotLeaderResponses
2019-09-25 11:45:19,822 [ForkJoinPool.commonPool-worker-0] INFO  impl.StateMachineUpdater (StateMachineUpdater.java:stopAndJoin(125)) - 7e6bc9ff-76d0-4b16-93bc-b993a8f14e87@group-50BBE8D72139-StateMachineUpdater: set stopIndex = 0
2019-09-25 11:45:19,823 [ForkJoinPool.commonPool-worker-0] INFO  impl.RaftServerImpl (ServerState.java:close(385)) - 7e6bc9ff-76d0-4b16-93bc-b993a8f14e87@group-50BBE8D72139: closes. applyIndex: 0
2019-09-25 11:45:19,823 [7e6bc9ff-76d0-4b16-93bc-b993a8f14e87@group-50BBE8D72139-SegmentedRaftLogWorker] INFO  segmented.SegmentedRaftLogWorker (SegmentedRaftLogWorker.java:run(313)) - 7e6bc9ff-76d0-4b16-93bc-b993a8f14e87@group-50BBE8D72139-SegmentedRaftLogWorker was interrupted, exiting. There are 0 tasks remaining in the queue.
2019-09-25 11:45:19,846 [ForkJoinPool.commonPool-worker-0] INFO  segmented.SegmentedRaftLogWorker (SegmentedRaftLogWorker.java:close(228)) - 7e6bc9ff-76d0-4b16-93bc-b993a8f14e87@group-50BBE8D72139-SegmentedRaftLogWorker close()
2019-09-25 11:45:19,848 [ForkJoinPool.commonPool-worker-0] INFO  impl.RaftServerImpl (RaftServerImpl.java:lambda$shutdown$3(251)) - 7e6bc9ff-76d0-4b16-93bc-b993a8f14e87@group-75C17E542996: shutdown
2019-09-25 11:45:19,848 [ForkJoinPool.commonPool-worker-0] INFO  util.JmxRegister (JmxRegister.java:unregister(73)) - Successfully un-registered JMX Bean with object name Ratis:service=RaftServer,group=group-75C17E542996,id=7e6bc9ff-76d0-4b16-93bc-b993a8f14e87
2019-09-25 11:45:19,849 [ForkJoinPool.commonPool-worker-0] INFO  impl.RoleInfo (RoleInfo.java:shutdownLeaderState(104)) - 7e6bc9ff-76d0-4b16-93bc-b993a8f14e87: shutdown LeaderState
2019-09-25 11:45:19,849 [ForkJoinPool.commonPool-worker-0] INFO  impl.PendingRequests (PendingRequests.java:sendNotLeaderResponses(202)) - 7e6bc9ff-76d0-4b16-93bc-b993a8f14e87-PendingRequests: sendNotLeaderResponses
2019-09-25 11:45:19,849 [ForkJoinPool.commonPool-worker-0] INFO  impl.StateMachineUpdater (StateMachineUpdater.java:stopAndJoin(125)) - 7e6bc9ff-76d0-4b16-93bc-b993a8f14e87@group-75C17E542996-StateMachineUpdater: set stopIndex = 0
2019-09-25 11:45:19,852 [ForkJoinPool.commonPool-worker-0] INFO  impl.RaftServerImpl (ServerState.java:close(385)) - 7e6bc9ff-76d0-4b16-93bc-b993a8f14e87@group-75C17E542996: closes. applyIndex: 0
2019-09-25 11:45:19,852 [7e6bc9ff-76d0-4b16-93bc-b993a8f14e87@group-75C17E542996-SegmentedRaftLogWorker] INFO  segmented.SegmentedRaftLogWorker (SegmentedRaftLogWorker.java:run(313)) - 7e6bc9ff-76d0-4b16-93bc-b993a8f14e87@group-75C17E542996-SegmentedRaftLogWorker was interrupted, exiting. There are 0 tasks remaining in the queue.
2019-09-25 11:45:19,852 [ForkJoinPool.commonPool-worker-0] INFO  segmented.SegmentedRaftLogWorker (SegmentedRaftLogWorker.java:close(228)) - 7e6bc9ff-76d0-4b16-93bc-b993a8f14e87@group-75C17E542996-SegmentedRaftLogWorker close()
2019-09-25 11:45:19,854 [ForkJoinPool.commonPool-worker-0] INFO  impl.RaftServerImpl (RaftServerImpl.java:lambda$shutdown$3(251)) - 7e6bc9ff-76d0-4b16-93bc-b993a8f14e87@group-0038F10558D9: shutdown
2019-09-25 11:45:19,854 [ForkJoinPool.commonPool-worker-0] INFO  util.JmxRegister (JmxRegister.java:unregister(73)) - Successfully un-registered JMX Bean with object name Ratis:service=RaftServer,group=group-0038F10558D9,id=7e6bc9ff-76d0-4b16-93bc-b993a8f14e87
2019-09-25 11:45:19,855 [ForkJoinPool.commonPool-worker-0] INFO  impl.RoleInfo (RoleInfo.java:shutdownLeaderState(104)) - 7e6bc9ff-76d0-4b16-93bc-b993a8f14e87: shutdown LeaderState
2019-09-25 11:45:19,855 [ForkJoinPool.commonPool-worker-0] INFO  impl.PendingRequests (PendingRequests.java:sendNotLeaderResponses(202)) - 7e6bc9ff-76d0-4b16-93bc-b993a8f14e87-PendingRequests: sendNotLeaderResponses
2019-09-25 11:45:19,855 [ForkJoinPool.commonPool-worker-0] INFO  impl.StateMachineUpdater (StateMachineUpdater.java:stopAndJoin(125)) - 7e6bc9ff-76d0-4b16-93bc-b993a8f14e87@group-0038F10558D9-StateMachineUpdater: set stopIndex = 0
2019-09-25 11:45:19,856 [ForkJoinPool.commonPool-worker-0] INFO  impl.RaftServerImpl (ServerState.java:close(385)) - 7e6bc9ff-76d0-4b16-93bc-b993a8f14e87@group-0038F10558D9: closes. applyIndex: 0
2019-09-25 11:45:19,856 [7e6bc9ff-76d0-4b16-93bc-b993a8f14e87@group-0038F10558D9-SegmentedRaftLogWorker] INFO  segmented.SegmentedRaftLogWorker (SegmentedRaftLogWorker.java:run(313)) - 7e6bc9ff-76d0-4b16-93bc-b993a8f14e87@group-0038F10558D9-SegmentedRaftLogWorker was interrupted, exiting. There are 0 tasks remaining in the queue.
2019-09-25 11:45:19,856 [ForkJoinPool.commonPool-worker-0] INFO  segmented.SegmentedRaftLogWorker (SegmentedRaftLogWorker.java:close(228)) - 7e6bc9ff-76d0-4b16-93bc-b993a8f14e87@group-0038F10558D9-SegmentedRaftLogWorker close()
2019-09-25 11:45:19,858 [ForkJoinPool.commonPool-worker-0] INFO  impl.RaftServerImpl (RaftServerImpl.java:lambda$shutdown$3(251)) - 7e6bc9ff-76d0-4b16-93bc-b993a8f14e87@group-2EBA4FF3ACBE: shutdown
2019-09-25 11:45:19,858 [ForkJoinPool.commonPool-worker-0] INFO  util.JmxRegister (JmxRegister.java:unregister(73)) - Successfully un-registered JMX Bean with object name Ratis:service=RaftServer,group=group-2EBA4FF3ACBE,id=7e6bc9ff-76d0-4b16-93bc-b993a8f14e87
2019-09-25 11:45:19,858 [ForkJoinPool.commonPool-worker-0] INFO  impl.RoleInfo (RoleInfo.java:shutdownLeaderState(104)) - 7e6bc9ff-76d0-4b16-93bc-b993a8f14e87: shutdown LeaderState
2019-09-25 11:45:19,859 [ForkJoinPool.commonPool-worker-0] INFO  impl.PendingRequests (PendingRequests.java:sendNotLeaderResponses(202)) - 7e6bc9ff-76d0-4b16-93bc-b993a8f14e87-PendingRequests: sendNotLeaderResponses
2019-09-25 11:45:19,859 [ForkJoinPool.commonPool-worker-0] INFO  impl.StateMachineUpdater (StateMachineUpdater.java:stopAndJoin(125)) - 7e6bc9ff-76d0-4b16-93bc-b993a8f14e87@group-2EBA4FF3ACBE-StateMachineUpdater: set stopIndex = 0
2019-09-25 11:45:19,859 [ForkJoinPool.commonPool-worker-0] INFO  impl.RaftServerImpl (ServerState.java:close(385)) - 7e6bc9ff-76d0-4b16-93bc-b993a8f14e87@group-2EBA4FF3ACBE: closes. applyIndex: 0
2019-09-25 11:45:19,860 [7e6bc9ff-76d0-4b16-93bc-b993a8f14e87@group-2EBA4FF3ACBE-SegmentedRaftLogWorker] INFO  segmented.SegmentedRaftLogWorker (SegmentedRaftLogWorker.java:run(313)) - 7e6bc9ff-76d0-4b16-93bc-b993a8f14e87@group-2EBA4FF3ACBE-SegmentedRaftLogWorker was interrupted, exiting. There are 0 tasks remaining in the queue.
2019-09-25 11:45:19,860 [ForkJoinPool.commonPool-worker-0] INFO  segmented.SegmentedRaftLogWorker (SegmentedRaftLogWorker.java:close(228)) - 7e6bc9ff-76d0-4b16-93bc-b993a8f14e87@group-2EBA4FF3ACBE-SegmentedRaftLogWorker close()
2019-09-25 11:45:19,862 [ForkJoinPool.commonPool-worker-0] INFO  impl.RaftServerImpl (RaftServerImpl.java:lambda$shutdown$3(251)) - 7e6bc9ff-76d0-4b16-93bc-b993a8f14e87@group-FFF73F4709E1: shutdown
2019-09-25 11:45:19,862 [ForkJoinPool.commonPool-worker-0] INFO  util.JmxRegister (JmxRegister.java:unregister(73)) - Successfully un-registered JMX Bean with object name Ratis:service=RaftServer,group=group-FFF73F4709E1,id=7e6bc9ff-76d0-4b16-93bc-b993a8f14e87
2019-09-25 11:45:19,862 [ForkJoinPool.commonPool-worker-0] INFO  impl.RoleInfo (RoleInfo.java:shutdownLeaderState(104)) - 7e6bc9ff-76d0-4b16-93bc-b993a8f14e87: shutdown LeaderState
2019-09-25 11:45:19,863 [ForkJoinPool.commonPool-worker-0] INFO  impl.PendingRequests (PendingRequests.java:sendNotLeaderResponses(202)) - 7e6bc9ff-76d0-4b16-93bc-b993a8f14e87-PendingRequests: sendNotLeaderResponses
2019-09-25 11:45:19,863 [ForkJoinPool.commonPool-worker-0] INFO  impl.StateMachineUpdater (StateMachineUpdater.java:stopAndJoin(125)) - 7e6bc9ff-76d0-4b16-93bc-b993a8f14e87@group-FFF73F4709E1-StateMachineUpdater: set stopIndex = 0
2019-09-25 11:45:19,863 [ForkJoinPool.commonPool-worker-0] INFO  impl.RaftServerImpl (ServerState.java:close(385)) - 7e6bc9ff-76d0-4b16-93bc-b993a8f14e87@group-FFF73F4709E1: closes. applyIndex: 0
2019-09-25 11:45:19,864 [7e6bc9ff-76d0-4b16-93bc-b993a8f14e87@group-FFF73F4709E1-SegmentedRaftLogWorker] INFO  segmented.SegmentedRaftLogWorker (SegmentedRaftLogWorker.java:run(313)) - 7e6bc9ff-76d0-4b16-93bc-b993a8f14e87@group-FFF73F4709E1-SegmentedRaftLogWorker was interrupted, exiting. There are 0 tasks remaining in the queue.
2019-09-25 11:45:19,864 [ForkJoinPool.commonPool-worker-0] INFO  segmented.SegmentedRaftLogWorker (SegmentedRaftLogWorker.java:close(228)) - 7e6bc9ff-76d0-4b16-93bc-b993a8f14e87@group-FFF73F4709E1-SegmentedRaftLogWorker close()
2019-09-25 11:45:19,865 [ForkJoinPool.commonPool-worker-0] INFO  impl.RaftServerImpl (RaftServerImpl.java:lambda$shutdown$3(251)) - 7e6bc9ff-76d0-4b16-93bc-b993a8f14e87@group-74695701EA2A: shutdown
2019-09-25 11:45:19,866 [ForkJoinPool.commonPool-worker-0] INFO  util.JmxRegister (JmxRegister.java:unregister(73)) - Successfully un-registered JMX Bean with object name Ratis:service=RaftServer,group=group-74695701EA2A,id=7e6bc9ff-76d0-4b16-93bc-b993a8f14e87
2019-09-25 11:45:19,866 [ForkJoinPool.commonPool-worker-0] INFO  impl.RoleInfo (RoleInfo.java:shutdownLeaderState(104)) - 7e6bc9ff-76d0-4b16-93bc-b993a8f14e87: shutdown LeaderState
2019-09-25 11:45:19,866 [ForkJoinPool.commonPool-worker-0] INFO  impl.PendingRequests (PendingRequests.java:sendNotLeaderResponses(202)) - 7e6bc9ff-76d0-4b16-93bc-b993a8f14e87-PendingRequests: sendNotLeaderResponses
2019-09-25 11:45:19,867 [ForkJoinPool.commonPool-worker-0] INFO  impl.StateMachineUpdater (StateMachineUpdater.java:stopAndJoin(125)) - 7e6bc9ff-76d0-4b16-93bc-b993a8f14e87@group-74695701EA2A-StateMachineUpdater: set stopIndex = 0
2019-09-25 11:45:19,867 [ForkJoinPool.commonPool-worker-0] INFO  impl.RaftServerImpl (ServerState.java:close(385)) - 7e6bc9ff-76d0-4b16-93bc-b993a8f14e87@group-74695701EA2A: closes. applyIndex: 0
2019-09-25 11:45:19,867 [7e6bc9ff-76d0-4b16-93bc-b993a8f14e87@group-74695701EA2A-SegmentedRaftLogWorker] INFO  segmented.SegmentedRaftLogWorker (SegmentedRaftLogWorker.java:run(313)) - 7e6bc9ff-76d0-4b16-93bc-b993a8f14e87@group-74695701EA2A-SegmentedRaftLogWorker was interrupted, exiting. There are 0 tasks remaining in the queue.
2019-09-25 11:45:19,868 [ForkJoinPool.commonPool-worker-0] INFO  segmented.SegmentedRaftLogWorker (SegmentedRaftLogWorker.java:close(228)) - 7e6bc9ff-76d0-4b16-93bc-b993a8f14e87@group-74695701EA2A-SegmentedRaftLogWorker close()
2019-09-25 11:45:19,869 [ForkJoinPool.commonPool-worker-0] INFO  server.GrpcService (GrpcService.java:closeImpl(164)) - 7e6bc9ff-76d0-4b16-93bc-b993a8f14e87: shutdown server with port 46304 now
2019-09-25 11:45:19,871 [ForkJoinPool.commonPool-worker-0] INFO  server.GrpcService (GrpcService.java:closeImpl(172)) - 7e6bc9ff-76d0-4b16-93bc-b993a8f14e87: shutdown server with port 46304 successfully
2019-09-25 11:45:19,874 [refreshUsed-/workdir/hadoop-ozone/integration-test/target/test-dir/MiniOzoneClusterImpl-99ecd979-b3b3-4b08-8770-c9a2ea2db525/datanode-2/data/containers] WARN  fs.CachingGetSpaceUsed (CachingGetSpaceUsed.java:run(183)) - Thread Interrupted waiting to refresh disk information: sleep interrupted
2019-09-25 11:45:19,896 [ForkJoinPool.commonPool-worker-0] INFO  utils.BackgroundService (BackgroundService.java:shutdown(148)) - Shutting down service BlockDeletingService
2019-09-25 11:45:19,900 [ForkJoinPool.commonPool-worker-0] INFO  statemachine.DatanodeStateMachine (DatanodeStateMachine.java:stopDaemon(395)) - Ozone container server stopped.
2019-09-25 11:45:19,905 [ForkJoinPool.commonPool-worker-0] INFO  handler.ContextHandler (ContextHandler.java:doStop(910)) - Stopped o.e.j.w.WebAppContext@5de5e95{/,null,UNAVAILABLE}{/hddsDatanode}
2019-09-25 11:45:19,906 [ForkJoinPool.commonPool-worker-0] INFO  server.AbstractConnector (AbstractConnector.java:doStop(318)) - Stopped ServerConnector@365cdacf{HTTP/1.1,[http/1.1]}{0.0.0.0:0}
2019-09-25 11:45:19,908 [ForkJoinPool.commonPool-worker-0] INFO  handler.ContextHandler (ContextHandler.java:doStop(910)) - Stopped o.e.j.s.ServletContextHandler@2e86807a{/static,jar:file:/home/user/.m2/repository/org/apache/hadoop/hadoop-hdds-container-service/0.5.0-SNAPSHOT/hadoop-hdds-container-service-0.5.0-SNAPSHOT.jar!/webapps/static,UNAVAILABLE}
2019-09-25 11:45:19,909 [ForkJoinPool.commonPool-worker-0] INFO  handler.ContextHandler (ContextHandler.java:doStop(910)) - Stopped o.e.j.s.ServletContextHandler@28369db0{/logs,file:///workdir/hadoop-ozone/integration-test/target/log,UNAVAILABLE}
2019-09-25 11:45:19,910 [main] INFO  ozone.MiniOzoneClusterImpl (MiniOzoneClusterImpl.java:stopSCM(392)) - Stopping the StorageContainerManager
2019-09-25 11:45:19,910 [main] INFO  server.StorageContainerManager (StorageContainerManager.java:stop(808)) - Stopping Replication Manager Service.
2019-09-25 11:45:19,910 [main] INFO  container.ReplicationManager (ReplicationManager.java:stop(204)) - Stopping Replication Monitor Thread.
2019-09-25 11:45:19,910 [main] INFO  server.StorageContainerManager (StorageContainerManager.java:stop(815)) - Stopping Lease Manager of the command watchers
2019-09-25 11:45:19,911 [main] INFO  server.StorageContainerManager (StorageContainerManager.java:stop(822)) - Stopping datanode service RPC server
2019-09-25 11:45:19,911 [main] INFO  server.SCMDatanodeProtocolServer (SCMDatanodeProtocolServer.java:stop(367)) - Stopping the RPC server for DataNodes
2019-09-25 11:45:19,911 [main] INFO  ipc.Server (Server.java:stop(3082)) - Stopping server on 41855
2019-09-25 11:45:19,913 [IPC Server listener on 41855] INFO  ipc.Server (Server.java:run(1185)) - Stopping IPC Server listener on 41855
2019-09-25 11:45:19,913 [IPC Server Responder] INFO  ipc.Server (Server.java:run(1319)) - Stopping IPC Server Responder
2019-09-25 11:45:19,929 [SCM Heartbeat Processing Thread - 0] WARN  node.NodeStateManager (NodeStateManager.java:scheduleNextHealthCheck(655)) - Current Thread is interrupted, shutting down HB processing thread for Node Manager.
2019-09-25 11:45:19,929 [main] INFO  server.StorageContainerManager (StorageContainerManager.java:stop(830)) - Stopping block service RPC server
2019-09-25 11:45:19,929 [main] INFO  server.SCMBlockProtocolServer (SCMBlockProtocolServer.java:stop(155)) - Stopping the RPC server for Block Protocol
2019-09-25 11:45:19,930 [main] INFO  ipc.Server (Server.java:stop(3082)) - Stopping server on 45473
2019-09-25 11:45:19,931 [main] INFO  server.StorageContainerManager (StorageContainerManager.java:stop(837)) - Stopping the StorageContainerLocationProtocol RPC server
2019-09-25 11:45:19,932 [IPC Server Responder] INFO  ipc.Server (Server.java:run(1319)) - Stopping IPC Server Responder
2019-09-25 11:45:19,932 [main] INFO  server.SCMClientProtocolServer (SCMClientProtocolServer.java:stop(159)) - Stopping the RPC server for Client Protocol
2019-09-25 11:45:19,932 [IPC Server listener on 45473] INFO  ipc.Server (Server.java:run(1185)) - Stopping IPC Server listener on 45473
2019-09-25 11:45:19,932 [main] INFO  ipc.Server (Server.java:stop(3082)) - Stopping server on 35009
2019-09-25 11:45:19,935 [main] INFO  server.StorageContainerManager (StorageContainerManager.java:stop(844)) - Stopping Storage Container Manager HTTP server.
2019-09-25 11:45:19,935 [IPC Server listener on 35009] INFO  ipc.Server (Server.java:run(1185)) - Stopping IPC Server listener on 35009
2019-09-25 11:45:19,935 [IPC Server Responder] INFO  ipc.Server (Server.java:run(1319)) - Stopping IPC Server Responder
2019-09-25 11:45:19,936 [main] INFO  handler.ContextHandler (ContextHandler.java:doStop(910)) - Stopped o.e.j.w.WebAppContext@cb39552{/,null,UNAVAILABLE}{/scm}
2019-09-25 11:45:19,936 [main] INFO  server.AbstractConnector (AbstractConnector.java:doStop(318)) - Stopped ServerConnector@1f3b992{HTTP/1.1,[http/1.1]}{0.0.0.0:0}
2019-09-25 11:45:19,937 [main] INFO  handler.ContextHandler (ContextHandler.java:doStop(910)) - Stopped o.e.j.s.ServletContextHandler@48eb001a{/static,file:///workdir/hadoop-ozone/integration-test/target/test-classes/webapps/static,UNAVAILABLE}
2019-09-25 11:45:19,937 [main] INFO  handler.ContextHandler (ContextHandler.java:doStop(910)) - Stopped o.e.j.s.ServletContextHandler@33feb805{/logs,file:///workdir/hadoop-ozone/integration-test/target/log,UNAVAILABLE}
2019-09-25 11:45:19,938 [main] INFO  server.StorageContainerManager (StorageContainerManager.java:stop(855)) - Stopping Block Manager Service.
2019-09-25 11:45:19,938 [main] INFO  utils.BackgroundService (BackgroundService.java:shutdown(148)) - Shutting down service SCMBlockDeletingService
2019-09-25 11:45:19,939 [main] INFO  utils.BackgroundService (BackgroundService.java:shutdown(148)) - Shutting down service SCMBlockDeletingService
2019-09-25 11:45:19,939 [main] INFO  server.StorageContainerManager (StorageContainerManager.java:stop(877)) - Stopping SCM Event Queue.
2019-09-25 11:45:19,945 [main] INFO  impl.MetricsSystemImpl (MetricsSystemImpl.java:stop(210)) - Stopping HddsDatanode metrics system...
2019-09-25 11:45:19,949 [main] INFO  impl.MetricsSystemImpl (MetricsSystemImpl.java:stop(216)) - HddsDatanode metrics system stopped.
]]></system-out>
  </testcase>
</testsuite>