<?xml version="1.0" encoding="UTF-8"?>
<testsuite xmlns:xsi="http://www.w3.org/2001/XMLSchema-instance" xsi:noNamespaceSchemaLocation="https://maven.apache.org/surefire/maven-surefire-plugin/xsd/surefire-test-report.xsd" name="org.apache.hadoop.ozone.client.rpc.TestBlockOutputStreamWithFailures" time="649.286" tests="8" errors="5" skipped="0" failures="0">
  <properties>
    <property name="awt.toolkit" value="sun.awt.X11.XToolkit"/>
    <property name="file.encoding.pkg" value="sun.io"/>
    <property name="java.specification.version" value="1.8"/>
    <property name="sun.cpu.isalist" value=""/>
    <property name="sun.jnu.encoding" value="UTF-8"/>
    <property name="java.class.path" value="/workdir/hadoop-ozone/integration-test/target/test-classes:/workdir/hadoop-ozone/integration-test/target/classes:/home/user/.m2/repository/org/apache/hadoop/hadoop-ozone-common/0.5.0-SNAPSHOT/hadoop-ozone-common-0.5.0-SNAPSHOT.jar:/home/user/.m2/repository/org/apache/commons/commons-compress/1.4.1/commons-compress-1.4.1.jar:/home/user/.m2/repository/org/tukaani/xz/1.0/xz-1.0.jar:/home/user/.m2/repository/org/apache/hadoop/hadoop-common/3.2.0/hadoop-common-3.2.0.jar:/home/user/.m2/repository/org/apache/hadoop/hadoop-hdfs/3.2.0/hadoop-hdfs-3.2.0.jar:/home/user/.m2/repository/org/apache/hadoop/hadoop-hdfs-client/3.2.0/hadoop-hdfs-client-3.2.0.jar:/home/user/.m2/repository/com/fasterxml/jackson/core/jackson-annotations/2.9.9/jackson-annotations-2.9.9.jar:/home/user/.m2/repository/org/apache/hadoop/hadoop-hdds-common/0.5.0-SNAPSHOT/hadoop-hdds-common-0.5.0-SNAPSHOT.jar:/home/user/.m2/repository/javax/annotation/javax.annotation-api/1.2/javax.annotation-api-1.2.jar:/home/user/.m2/repository/org/apache/ratis/ratis-server/0.4.0/ratis-server-0.4.0.jar:/home/user/.m2/repository/org/apache/ratis/ratis-thirdparty-misc/0.2.0/ratis-thirdparty-misc-0.2.0.jar:/home/user/.m2/repository/org/apache/ratis/ratis-proto/0.4.0/ratis-proto-0.4.0.jar:/home/user/.m2/repository/org/apache/ratis/ratis-common/0.4.0/ratis-common-0.4.0.jar:/home/user/.m2/repository/org/apache/ratis/ratis-client/0.4.0/ratis-client-0.4.0.jar:/home/user/.m2/repository/org/apache/ratis/ratis-metrics/0.4.0/ratis-metrics-0.4.0.jar:/home/user/.m2/repository/com/github/joshelser/dropwizard-metrics-hadoop-metrics2-reporter/0.1.2/dropwizard-metrics-hadoop-metrics2-reporter-0.1.2.jar:/home/user/.m2/repository/io/dropwizard/metrics/metrics-jvm/3.2.5/metrics-jvm-3.2.5.jar:/home/user/.m2/repository/io/dropwizard/metrics/metrics-ganglia/3.2.5/metrics-ganglia-3.2.5.jar:/home/user/.m2/repository/info/ganglia/gmetric4j/gmetric4j/1.0.7/gmetric4j-1.0.7.jar:/home/user/.m2/repository/org/apache/ratis/ratis-netty/0.4.0/ratis-netty-0.4.0.jar:/home/user/.m2/repository/org/apache/ratis/ratis-grpc/0.4.0/ratis-grpc-0.4.0.jar:/home/user/.m2/repository/org/rocksdb/rocksdbjni/6.0.1/rocksdbjni-6.0.1.jar:/home/user/.m2/repository/org/apache/logging/log4j/log4j-api/2.11.0/log4j-api-2.11.0.jar:/home/user/.m2/repository/org/apache/logging/log4j/log4j-core/2.11.0/log4j-core-2.11.0.jar:/home/user/.m2/repository/com/lmax/disruptor/3.4.2/disruptor-3.4.2.jar:/home/user/.m2/repository/org/apache/commons/commons-pool2/2.6.0/commons-pool2-2.6.0.jar:/home/user/.m2/repository/org/bouncycastle/bcpkix-jdk15on/1.60/bcpkix-jdk15on-1.60.jar:/home/user/.m2/repository/commons-validator/commons-validator/1.6/commons-validator-1.6.jar:/home/user/.m2/repository/commons-digester/commons-digester/1.8.1/commons-digester-1.8.1.jar:/home/user/.m2/repository/io/jaegertracing/jaeger-client/0.34.0/jaeger-client-0.34.0.jar:/home/user/.m2/repository/io/jaegertracing/jaeger-thrift/0.34.0/jaeger-thrift-0.34.0.jar:/home/user/.m2/repository/org/apache/thrift/libthrift/0.12.0/libthrift-0.12.0.jar:/home/user/.m2/repository/com/squareup/okhttp3/okhttp/3.9.0/okhttp-3.9.0.jar:/home/user/.m2/repository/com/squareup/okio/okio/1.13.0/okio-1.13.0.jar:/home/user/.m2/repository/io/jaegertracing/jaeger-core/0.34.0/jaeger-core-0.34.0.jar:/home/user/.m2/repository/io/jaegertracing/jaeger-tracerresolver/0.34.0/jaeger-tracerresolver-0.34.0.jar:/home/user/.m2/repository/io/opentracing/contrib/opentracing-tracerresolver/0.1.5/opentracing-tracerresolver-0.1.5.jar:/home/user/.m2/repository/io/opentracing/opentracing-util/0.31.0/opentracing-util-0.31.0.jar:/home/user/.m2/repository/io/opentracing/opentracing-api/0.31.0/opentracing-api-0.31.0.jar:/home/user/.m2/repository/io/opentracing/opentracing-noop/0.31.0/opentracing-noop-0.31.0.jar:/home/user/.m2/repository/org/apache/hadoop/hadoop-hdds-server-framework/0.5.0-SNAPSHOT/hadoop-hdds-server-framework-0.5.0-SNAPSHOT.jar:/home/user/.m2/repository/org/apache/hadoop/hadoop-hdds-container-service/0.5.0-SNAPSHOT/hadoop-hdds-container-service-0.5.0-SNAPSHOT.jar:/home/user/.m2/repository/org/apache/hadoop/hadoop-hdds-client/0.5.0-SNAPSHOT/hadoop-hdds-client-0.5.0-SNAPSHOT.jar:/home/user/.m2/repository/org/apache/hadoop/hadoop-hdds-tools/0.5.0-SNAPSHOT/hadoop-hdds-tools-0.5.0-SNAPSHOT.jar:/home/user/.m2/repository/org/apache/hadoop/hadoop-hdds-server-scm/0.5.0-SNAPSHOT/hadoop-hdds-server-scm-0.5.0-SNAPSHOT.jar:/home/user/.m2/repository/org/apache/hadoop/hadoop-hdds-docs/0.5.0-SNAPSHOT/hadoop-hdds-docs-0.5.0-SNAPSHOT.jar:/home/user/.m2/repository/io/dropwizard/metrics/metrics-core/3.2.4/metrics-core-3.2.4.jar:/home/user/.m2/repository/org/hamcrest/hamcrest-all/1.3/hamcrest-all-1.3.jar:/home/user/.m2/repository/org/bouncycastle/bcprov-jdk15on/1.60/bcprov-jdk15on-1.60.jar:/home/user/.m2/repository/info/picocli/picocli/3.9.6/picocli-3.9.6.jar:/home/user/.m2/repository/com/google/protobuf/protobuf-java/2.5.0/protobuf-java-2.5.0.jar:/home/user/.m2/repository/com/google/guava/guava/11.0.2/guava-11.0.2.jar:/home/user/.m2/repository/org/apache/hadoop/hadoop-ozone-ozone-manager/0.5.0-SNAPSHOT/hadoop-ozone-ozone-manager-0.5.0-SNAPSHOT.jar:/home/user/.m2/repository/org/apache/hadoop/hadoop-minikdc/3.2.0/hadoop-minikdc-3.2.0.jar:/home/user/.m2/repository/commons-io/commons-io/2.5/commons-io-2.5.jar:/home/user/.m2/repository/org/apache/kerby/kerb-simplekdc/1.0.1/kerb-simplekdc-1.0.1.jar:/home/user/.m2/repository/org/apache/kerby/kerb-client/1.0.1/kerb-client-1.0.1.jar:/home/user/.m2/repository/org/apache/kerby/kerby-config/1.0.1/kerby-config-1.0.1.jar:/home/user/.m2/repository/org/apache/kerby/kerb-core/1.0.1/kerb-core-1.0.1.jar:/home/user/.m2/repository/org/apache/kerby/kerby-pkix/1.0.1/kerby-pkix-1.0.1.jar:/home/user/.m2/repository/org/apache/kerby/kerby-asn1/1.0.1/kerby-asn1-1.0.1.jar:/home/user/.m2/repository/org/apache/kerby/kerby-util/1.0.1/kerby-util-1.0.1.jar:/home/user/.m2/repository/org/apache/kerby/kerb-common/1.0.1/kerb-common-1.0.1.jar:/home/user/.m2/repository/org/apache/kerby/kerb-crypto/1.0.1/kerb-crypto-1.0.1.jar:/home/user/.m2/repository/org/apache/kerby/kerb-util/1.0.1/kerb-util-1.0.1.jar:/home/user/.m2/repository/org/apache/kerby/token-provider/1.0.1/token-provider-1.0.1.jar:/home/user/.m2/repository/org/apache/kerby/kerb-admin/1.0.1/kerb-admin-1.0.1.jar:/home/user/.m2/repository/org/apache/kerby/kerb-server/1.0.1/kerb-server-1.0.1.jar:/home/user/.m2/repository/org/apache/kerby/kerb-identity/1.0.1/kerb-identity-1.0.1.jar:/home/user/.m2/repository/org/apache/kerby/kerby-xdr/1.0.1/kerby-xdr-1.0.1.jar:/home/user/.m2/repository/org/slf4j/slf4j-log4j12/1.7.25/slf4j-log4j12-1.7.25.jar:/home/user/.m2/repository/org/apache/hadoop/hadoop-ozone-s3gateway/0.5.0-SNAPSHOT/hadoop-ozone-s3gateway-0.5.0-SNAPSHOT.jar:/home/user/.m2/repository/org/jboss/weld/servlet/weld-servlet/2.4.7.Final/weld-servlet-2.4.7.Final.jar:/home/user/.m2/repository/org/glassfish/jersey/containers/jersey-container-servlet-core/2.27/jersey-container-servlet-core-2.27.jar:/home/user/.m2/repository/org/glassfish/hk2/external/javax.inject/2.5.0-b42/javax.inject-2.5.0-b42.jar:/home/user/.m2/repository/org/glassfish/jersey/core/jersey-common/2.27/jersey-common-2.27.jar:/home/user/.m2/repository/org/glassfish/hk2/osgi-resource-locator/1.0.1/osgi-resource-locator-1.0.1.jar:/home/user/.m2/repository/javax/ws/rs/javax.ws.rs-api/2.1/javax.ws.rs-api-2.1.jar:/home/user/.m2/repository/org/glassfish/jersey/ext/cdi/jersey-cdi1x/2.27/jersey-cdi1x-2.27.jar:/home/user/.m2/repository/org/glassfish/jersey/inject/jersey-hk2/2.27/jersey-hk2-2.27.jar:/home/user/.m2/repository/org/glassfish/hk2/hk2-locator/2.5.0-b42/hk2-locator-2.5.0-b42.jar:/home/user/.m2/repository/org/javassist/javassist/3.22.0-CR2/javassist-3.22.0-CR2.jar:/home/user/.m2/repository/org/glassfish/hk2/hk2-api/2.5.0/hk2-api-2.5.0.jar:/home/user/.m2/repository/org/glassfish/hk2/external/jakarta.inject/2.5.0/jakarta.inject-2.5.0.jar:/home/user/.m2/repository/org/glassfish/hk2/hk2-utils/2.5.0/hk2-utils-2.5.0.jar:/home/user/.m2/repository/jakarta/annotation/jakarta.annotation-api/1.3.4/jakarta.annotation-api-1.3.4.jar:/home/user/.m2/repository/org/glassfish/hk2/external/aopalliance-repackaged/2.5.0/aopalliance-repackaged-2.5.0.jar:/home/user/.m2/repository/com/fasterxml/jackson/dataformat/jackson-dataformat-xml/2.9.0/jackson-dataformat-xml-2.9.0.jar:/home/user/.m2/repository/com/fasterxml/jackson/core/jackson-core/2.9.9/jackson-core-2.9.9.jar:/home/user/.m2/repository/com/fasterxml/jackson/module/jackson-module-jaxb-annotations/2.9.9/jackson-module-jaxb-annotations-2.9.9.jar:/home/user/.m2/repository/javax/enterprise/cdi-api/1.2/cdi-api-1.2.jar:/home/user/.m2/repository/javax/el/javax.el-api/3.0.0/javax.el-api-3.0.0.jar:/home/user/.m2/repository/javax/interceptor/javax.interceptor-api/1.2/javax.interceptor-api-1.2.jar:/home/user/.m2/repository/javax/inject/javax.inject/1/javax.inject-1.jar:/home/user/.m2/repository/com/sun/xml/bind/jaxb-impl/2.3.0.1/jaxb-impl-2.3.0.1.jar:/home/user/.m2/repository/com/sun/xml/bind/jaxb-core/2.3.0.1/jaxb-core-2.3.0.1.jar:/home/user/.m2/repository/javax/xml/bind/jaxb-api/2.3.0/jaxb-api-2.3.0.jar:/home/user/.m2/repository/javax/activation/activation/1.1.1/activation-1.1.1.jar:/home/user/.m2/repository/org/apache/hadoop/hadoop-ozone-csi/0.5.0-SNAPSHOT/hadoop-ozone-csi-0.5.0-SNAPSHOT.jar:/home/user/.m2/repository/com/google/protobuf/protobuf-java-util/3.5.1/protobuf-java-util-3.5.1.jar:/home/user/.m2/repository/org/apache/hadoop/hadoop-hdds-config/0.5.0-SNAPSHOT/hadoop-hdds-config-0.5.0-SNAPSHOT.jar:/home/user/.m2/repository/io/grpc/grpc-netty/1.17.1/grpc-netty-1.17.1.jar:/home/user/.m2/repository/io/grpc/grpc-core/1.17.1/grpc-core-1.17.1.jar:/home/user/.m2/repository/io/grpc/grpc-context/1.17.1/grpc-context-1.17.1.jar:/home/user/.m2/repository/com/google/errorprone/error_prone_annotations/2.2.0/error_prone_annotations-2.2.0.jar:/home/user/.m2/repository/org/codehaus/mojo/animal-sniffer-annotations/1.17/animal-sniffer-annotations-1.17.jar:/home/user/.m2/repository/io/opencensus/opencensus-api/0.17.0/opencensus-api-0.17.0.jar:/home/user/.m2/repository/io/opencensus/opencensus-contrib-grpc-metrics/0.17.0/opencensus-contrib-grpc-metrics-0.17.0.jar:/home/user/.m2/repository/io/netty/netty-codec-http2/4.1.30.Final/netty-codec-http2-4.1.30.Final.jar:/home/user/.m2/repository/io/netty/netty-codec-http/4.1.30.Final/netty-codec-http-4.1.30.Final.jar:/home/user/.m2/repository/io/netty/netty-codec/4.1.30.Final/netty-codec-4.1.30.Final.jar:/home/user/.m2/repository/io/netty/netty-handler/4.1.30.Final/netty-handler-4.1.30.Final.jar:/home/user/.m2/repository/io/netty/netty-handler-proxy/4.1.30.Final/netty-handler-proxy-4.1.30.Final.jar:/home/user/.m2/repository/io/netty/netty-codec-socks/4.1.30.Final/netty-codec-socks-4.1.30.Final.jar:/home/user/.m2/repository/io/netty/netty-transport-native-epoll/4.1.30.Final/netty-transport-native-epoll-4.1.30.Final.jar:/home/user/.m2/repository/io/netty/netty-common/4.1.30.Final/netty-common-4.1.30.Final.jar:/home/user/.m2/repository/io/netty/netty-buffer/4.1.30.Final/netty-buffer-4.1.30.Final.jar:/home/user/.m2/repository/io/netty/netty-transport/4.1.30.Final/netty-transport-4.1.30.Final.jar:/home/user/.m2/repository/io/netty/netty-resolver/4.1.30.Final/netty-resolver-4.1.30.Final.jar:/home/user/.m2/repository/io/netty/netty-transport-native-unix-common/4.1.30.Final/netty-transport-native-unix-common-4.1.30.Final.jar:/home/user/.m2/repository/io/grpc/grpc-protobuf/1.17.1/grpc-protobuf-1.17.1.jar:/home/user/.m2/repository/com/google/api/grpc/proto-google-common-protos/1.0.0/proto-google-common-protos-1.0.0.jar:/home/user/.m2/repository/io/grpc/grpc-protobuf-lite/1.17.1/grpc-protobuf-lite-1.17.1.jar:/home/user/.m2/repository/io/grpc/grpc-stub/1.17.1/grpc-stub-1.17.1.jar:/home/user/.m2/repository/org/apache/hadoop/hadoop-ozone-recon/0.5.0-SNAPSHOT/hadoop-ozone-recon-0.5.0-SNAPSHOT.jar:/home/user/.m2/repository/org/apache/hadoop/hadoop-ozone-reconcodegen/0.5.0-SNAPSHOT/hadoop-ozone-reconcodegen-0.5.0-SNAPSHOT.jar:/home/user/.m2/repository/com/google/inject/extensions/guice-multibindings/4.0/guice-multibindings-4.0.jar:/home/user/.m2/repository/com/google/inject/guice/4.0/guice-4.0.jar:/home/user/.m2/repository/aopalliance/aopalliance/1.0/aopalliance-1.0.jar:/home/user/.m2/repository/com/google/inject/extensions/guice-servlet/4.0/guice-servlet-4.0.jar:/home/user/.m2/repository/org/glassfish/jersey/containers/jersey-container-servlet/2.27/jersey-container-servlet-2.27.jar:/home/user/.m2/repository/org/glassfish/hk2/guice-bridge/2.5.0/guice-bridge-2.5.0.jar:/home/user/.m2/repository/org/glassfish/jersey/core/jersey-server/2.27/jersey-server-2.27.jar:/home/user/.m2/repository/org/glassfish/jersey/core/jersey-client/2.27/jersey-client-2.27.jar:/home/user/.m2/repository/org/glassfish/jersey/media/jersey-media-jaxb/2.27/jersey-media-jaxb-2.27.jar:/home/user/.m2/repository/javax/validation/validation-api/1.1.0.Final/validation-api-1.1.0.Final.jar:/home/user/.m2/repository/org/glassfish/jersey/media/jersey-media-json-jackson/2.27/jersey-media-json-jackson-2.27.jar:/home/user/.m2/repository/org/glassfish/jersey/ext/jersey-entity-filtering/2.27/jersey-entity-filtering-2.27.jar:/home/user/.m2/repository/com/google/inject/extensions/guice-assistedinject/4.0/guice-assistedinject-4.0.jar:/home/user/.m2/repository/org/jooq/jooq/3.11.10/jooq-3.11.10.jar:/home/user/.m2/repository/org/jooq/jooq-meta/3.11.10/jooq-meta-3.11.10.jar:/home/user/.m2/repository/org/jooq/jooq-codegen/3.11.10/jooq-codegen-3.11.10.jar:/home/user/.m2/repository/com/jolbox/bonecp/0.8.0.RELEASE/bonecp-0.8.0.RELEASE.jar:/home/user/.m2/repository/org/xerial/sqlite-jdbc/3.25.2/sqlite-jdbc-3.25.2.jar:/home/user/.m2/repository/org/springframework/spring-jdbc/5.1.3.RELEASE/spring-jdbc-5.1.3.RELEASE.jar:/home/user/.m2/repository/org/springframework/spring-beans/5.1.3.RELEASE/spring-beans-5.1.3.RELEASE.jar:/home/user/.m2/repository/org/springframework/spring-core/5.1.3.RELEASE/spring-core-5.1.3.RELEASE.jar:/home/user/.m2/repository/org/springframework/spring-jcl/5.1.3.RELEASE/spring-jcl-5.1.3.RELEASE.jar:/home/user/.m2/repository/org/springframework/spring-tx/5.1.3.RELEASE/spring-tx-5.1.3.RELEASE.jar:/home/user/.m2/repository/org/apache/hadoop/hadoop-ozone-client/0.5.0-SNAPSHOT/hadoop-ozone-client-0.5.0-SNAPSHOT.jar:/home/user/.m2/repository/commons-lang/commons-lang/2.6/commons-lang-2.6.jar:/home/user/.m2/repository/org/apache/hadoop/hadoop-ozone-ozone-manager/0.5.0-SNAPSHOT/hadoop-ozone-ozone-manager-0.5.0-SNAPSHOT-tests.jar:/home/user/.m2/repository/junit/junit/4.11/junit-4.11.jar:/home/user/.m2/repository/org/hamcrest/hamcrest-core/1.3/hamcrest-core-1.3.jar:/home/user/.m2/repository/org/openjdk/jmh/jmh-core/1.19/jmh-core-1.19.jar:/home/user/.m2/repository/net/sf/jopt-simple/jopt-simple/4.6/jopt-simple-4.6.jar:/home/user/.m2/repository/org/apache/commons/commons-math3/3.1.1/commons-math3-3.1.1.jar:/home/user/.m2/repository/org/openjdk/jmh/jmh-generator-annprocess/1.19/jmh-generator-annprocess-1.19.jar:/home/user/.m2/repository/org/mockito/mockito-all/1.8.5/mockito-all-1.8.5.jar:/home/user/.m2/repository/org/apache/hadoop/hadoop-kms/3.2.0/hadoop-kms-3.2.0.jar:/home/user/.m2/repository/org/apache/hadoop/hadoop-auth/3.2.0/hadoop-auth-3.2.0.jar:/home/user/.m2/repository/com/nimbusds/nimbus-jose-jwt/4.41.1/nimbus-jose-jwt-4.41.1.jar:/home/user/.m2/repository/com/github/stephenc/jcip/jcip-annotations/1.0-1/jcip-annotations-1.0-1.jar:/home/user/.m2/repository/net/minidev/json-smart/2.3/json-smart-2.3.jar:/home/user/.m2/repository/net/minidev/accessors-smart/1.2/accessors-smart-1.2.jar:/home/user/.m2/repository/org/ow2/asm/asm/5.0.4/asm-5.0.4.jar:/home/user/.m2/repository/org/apache/curator/curator-framework/2.12.0/curator-framework-2.12.0.jar:/home/user/.m2/repository/com/sun/jersey/jersey-core/1.19/jersey-core-1.19.jar:/home/user/.m2/repository/javax/ws/rs/jsr311-api/1.1.1/jsr311-api-1.1.1.jar:/home/user/.m2/repository/com/sun/jersey/jersey-server/1.19/jersey-server-1.19.jar:/home/user/.m2/repository/javax/servlet/javax.servlet-api/3.1.0/javax.servlet-api-3.1.0.jar:/home/user/.m2/repository/org/eclipse/jetty/jetty-server/9.3.25.v20180904/jetty-server-9.3.25.v20180904.jar:/home/user/.m2/repository/org/eclipse/jetty/jetty-http/9.3.25.v20180904/jetty-http-9.3.25.v20180904.jar:/home/user/.m2/repository/org/eclipse/jetty/jetty-io/9.3.25.v20180904/jetty-io-9.3.25.v20180904.jar:/home/user/.m2/repository/org/eclipse/jetty/jetty-webapp/9.3.25.v20180904/jetty-webapp-9.3.25.v20180904.jar:/home/user/.m2/repository/org/eclipse/jetty/jetty-xml/9.3.25.v20180904/jetty-xml-9.3.25.v20180904.jar:/home/user/.m2/repository/log4j/log4j/1.2.17/log4j-1.2.17.jar:/home/user/.m2/repository/org/slf4j/slf4j-api/1.7.25/slf4j-api-1.7.25.jar:/home/user/.m2/repository/org/slf4j/jul-to-slf4j/1.7.25/jul-to-slf4j-1.7.25.jar:/home/user/.m2/repository/org/eclipse/jetty/jetty-util/9.3.25.v20180904/jetty-util-9.3.25.v20180904.jar:/home/user/.m2/repository/com/fasterxml/jackson/core/jackson-databind/2.9.9/jackson-databind-2.9.9.jar:/home/user/.m2/repository/org/apache/hadoop/hadoop-kms/3.2.0/hadoop-kms-3.2.0-tests.jar:/home/user/.m2/repository/org/apache/hadoop/hadoop-hdds-server-scm/0.5.0-SNAPSHOT/hadoop-hdds-server-scm-0.5.0-SNAPSHOT-tests.jar:/home/user/.m2/repository/org/apache/hadoop/hadoop-hdds-container-service/0.5.0-SNAPSHOT/hadoop-hdds-container-service-0.5.0-SNAPSHOT-tests.jar:/home/user/.m2/repository/org/yaml/snakeyaml/1.16/snakeyaml-1.16.jar:/home/user/.m2/repository/org/apache/hadoop/hadoop-common/3.2.0/hadoop-common-3.2.0-tests.jar:/home/user/.m2/repository/org/apache/hadoop/hadoop-annotations/3.2.0/hadoop-annotations-3.2.0.jar:/usr/lib/jvm/java-1.8-openjdk/jre/../lib/tools.jar:/home/user/.m2/repository/commons-cli/commons-cli/1.2/commons-cli-1.2.jar:/home/user/.m2/repository/org/apache/httpcomponents/httpclient/4.5.2/httpclient-4.5.2.jar:/home/user/.m2/repository/org/apache/httpcomponents/httpcore/4.4.4/httpcore-4.4.4.jar:/home/user/.m2/repository/commons-codec/commons-codec/1.11/commons-codec-1.11.jar:/home/user/.m2/repository/commons-net/commons-net/3.6/commons-net-3.6.jar:/home/user/.m2/repository/commons-collections/commons-collections/3.2.2/commons-collections-3.2.2.jar:/home/user/.m2/repository/org/eclipse/jetty/jetty-servlet/9.3.25.v20180904/jetty-servlet-9.3.25.v20180904.jar:/home/user/.m2/repository/org/eclipse/jetty/jetty-security/9.3.25.v20180904/jetty-security-9.3.25.v20180904.jar:/home/user/.m2/repository/javax/servlet/jsp/jsp-api/2.1/jsp-api-2.1.jar:/home/user/.m2/repository/com/sun/jersey/jersey-servlet/1.19/jersey-servlet-1.19.jar:/home/user/.m2/repository/com/sun/jersey/jersey-json/1.19/jersey-json-1.19.jar:/home/user/.m2/repository/org/codehaus/jettison/jettison/1.1/jettison-1.1.jar:/home/user/.m2/repository/org/codehaus/jackson/jackson-core-asl/1.9.13/jackson-core-asl-1.9.13.jar:/home/user/.m2/repository/org/codehaus/jackson/jackson-mapper-asl/1.9.13/jackson-mapper-asl-1.9.13.jar:/home/user/.m2/repository/org/codehaus/jackson/jackson-jaxrs/1.9.13/jackson-jaxrs-1.9.13.jar:/home/user/.m2/repository/org/codehaus/jackson/jackson-xc/1.9.13/jackson-xc-1.9.13.jar:/home/user/.m2/repository/commons-logging/commons-logging/1.1.3/commons-logging-1.1.3.jar:/home/user/.m2/repository/commons-beanutils/commons-beanutils/1.9.4/commons-beanutils-1.9.4.jar:/home/user/.m2/repository/org/apache/commons/commons-configuration2/2.1.1/commons-configuration2-2.1.1.jar:/home/user/.m2/repository/org/apache/commons/commons-lang3/3.7/commons-lang3-3.7.jar:/home/user/.m2/repository/org/apache/commons/commons-text/1.4/commons-text-1.4.jar:/home/user/.m2/repository/org/apache/avro/avro/1.7.7/avro-1.7.7.jar:/home/user/.m2/repository/com/thoughtworks/paranamer/paranamer/2.3/paranamer-2.3.jar:/home/user/.m2/repository/org/xerial/snappy/snappy-java/1.0.5/snappy-java-1.0.5.jar:/home/user/.m2/repository/com/google/re2j/re2j/1.1/re2j-1.1.jar:/home/user/.m2/repository/com/google/code/gson/gson/2.2.4/gson-2.2.4.jar:/home/user/.m2/repository/com/jcraft/jsch/0.1.54/jsch-0.1.54.jar:/home/user/.m2/repository/org/apache/curator/curator-client/2.12.0/curator-client-2.12.0.jar:/home/user/.m2/repository/org/apache/curator/curator-recipes/2.12.0/curator-recipes-2.12.0.jar:/home/user/.m2/repository/com/google/code/findbugs/jsr305/3.0.0/jsr305-3.0.0.jar:/home/user/.m2/repository/org/apache/htrace/htrace-core4/4.1.0-incubating/htrace-core4-4.1.0-incubating.jar:/home/user/.m2/repository/org/apache/zookeeper/zookeeper/3.4.13/zookeeper-3.4.13.jar:/home/user/.m2/repository/jline/jline/0.9.94/jline-0.9.94.jar:/home/user/.m2/repository/org/apache/yetus/audience-annotations/0.5.0/audience-annotations-0.5.0.jar:/home/user/.m2/repository/org/codehaus/woodstox/stax2-api/3.1.4/stax2-api-3.1.4.jar:/home/user/.m2/repository/com/fasterxml/woodstox/woodstox-core/5.0.3/woodstox-core-5.0.3.jar:/home/user/.m2/repository/dnsjava/dnsjava/2.1.7/dnsjava-2.1.7.jar:/home/user/.m2/repository/org/apache/hadoop/hadoop-hdfs/3.2.0/hadoop-hdfs-3.2.0-tests.jar:/home/user/.m2/repository/org/eclipse/jetty/jetty-util-ajax/9.3.25.v20180904/jetty-util-ajax-9.3.25.v20180904.jar:/home/user/.m2/repository/commons-daemon/commons-daemon/1.0.13/commons-daemon-1.0.13.jar:/home/user/.m2/repository/io/netty/netty/3.10.5.Final/netty-3.10.5.Final.jar:/home/user/.m2/repository/io/netty/netty-all/4.0.52.Final/netty-all-4.0.52.Final.jar:/home/user/.m2/repository/org/fusesource/leveldbjni/leveldbjni-all/1.8/leveldbjni-all-1.8.jar:"/>
    <property name="java.vm.vendor" value="IcedTea"/>
    <property name="sun.arch.data.model" value="64"/>
    <property name="test.build.dir" value="/workdir/hadoop-ozone/integration-test/target/test-dir"/>
    <property name="test.cache.data" value=""/>
    <property name="java.vendor.url" value="https://icedtea.classpath.org"/>
    <property name="user.timezone" value=""/>
    <property name="java.vm.specification.version" value="1.8"/>
    <property name="os.name" value="Linux"/>
    <property name="test.build.data" value="/workdir/hadoop-ozone/integration-test/target/test-dir"/>
    <property name="user.country" value="US"/>
    <property name="sun.java.launcher" value="SUN_STANDARD"/>
    <property name="sun.boot.library.path" value="/usr/lib/jvm/java-1.8-openjdk/jre/lib/amd64"/>
    <property name="sun.java.command" value="/workdir/hadoop-ozone/integration-test/target/surefire/surefirebooter3265093872350610867.jar /workdir/hadoop-ozone/integration-test/target/surefire 2019-09-25T10-18-59_181-jvmRun1 surefire6934690795867207196tmp surefire_558119220873453272887tmp"/>
    <property name="test" value="!TestMiniChaosOzoneCluster"/>
    <property name="surefire.test.class.path" value="/workdir/hadoop-ozone/integration-test/target/test-classes:/workdir/hadoop-ozone/integration-test/target/classes:/home/user/.m2/repository/org/apache/hadoop/hadoop-ozone-common/0.5.0-SNAPSHOT/hadoop-ozone-common-0.5.0-SNAPSHOT.jar:/home/user/.m2/repository/org/apache/commons/commons-compress/1.4.1/commons-compress-1.4.1.jar:/home/user/.m2/repository/org/tukaani/xz/1.0/xz-1.0.jar:/home/user/.m2/repository/org/apache/hadoop/hadoop-common/3.2.0/hadoop-common-3.2.0.jar:/home/user/.m2/repository/org/apache/hadoop/hadoop-hdfs/3.2.0/hadoop-hdfs-3.2.0.jar:/home/user/.m2/repository/org/apache/hadoop/hadoop-hdfs-client/3.2.0/hadoop-hdfs-client-3.2.0.jar:/home/user/.m2/repository/com/fasterxml/jackson/core/jackson-annotations/2.9.9/jackson-annotations-2.9.9.jar:/home/user/.m2/repository/org/apache/hadoop/hadoop-hdds-common/0.5.0-SNAPSHOT/hadoop-hdds-common-0.5.0-SNAPSHOT.jar:/home/user/.m2/repository/javax/annotation/javax.annotation-api/1.2/javax.annotation-api-1.2.jar:/home/user/.m2/repository/org/apache/ratis/ratis-server/0.4.0/ratis-server-0.4.0.jar:/home/user/.m2/repository/org/apache/ratis/ratis-thirdparty-misc/0.2.0/ratis-thirdparty-misc-0.2.0.jar:/home/user/.m2/repository/org/apache/ratis/ratis-proto/0.4.0/ratis-proto-0.4.0.jar:/home/user/.m2/repository/org/apache/ratis/ratis-common/0.4.0/ratis-common-0.4.0.jar:/home/user/.m2/repository/org/apache/ratis/ratis-client/0.4.0/ratis-client-0.4.0.jar:/home/user/.m2/repository/org/apache/ratis/ratis-metrics/0.4.0/ratis-metrics-0.4.0.jar:/home/user/.m2/repository/com/github/joshelser/dropwizard-metrics-hadoop-metrics2-reporter/0.1.2/dropwizard-metrics-hadoop-metrics2-reporter-0.1.2.jar:/home/user/.m2/repository/io/dropwizard/metrics/metrics-jvm/3.2.5/metrics-jvm-3.2.5.jar:/home/user/.m2/repository/io/dropwizard/metrics/metrics-ganglia/3.2.5/metrics-ganglia-3.2.5.jar:/home/user/.m2/repository/info/ganglia/gmetric4j/gmetric4j/1.0.7/gmetric4j-1.0.7.jar:/home/user/.m2/repository/org/apache/ratis/ratis-netty/0.4.0/ratis-netty-0.4.0.jar:/home/user/.m2/repository/org/apache/ratis/ratis-grpc/0.4.0/ratis-grpc-0.4.0.jar:/home/user/.m2/repository/org/rocksdb/rocksdbjni/6.0.1/rocksdbjni-6.0.1.jar:/home/user/.m2/repository/org/apache/logging/log4j/log4j-api/2.11.0/log4j-api-2.11.0.jar:/home/user/.m2/repository/org/apache/logging/log4j/log4j-core/2.11.0/log4j-core-2.11.0.jar:/home/user/.m2/repository/com/lmax/disruptor/3.4.2/disruptor-3.4.2.jar:/home/user/.m2/repository/org/apache/commons/commons-pool2/2.6.0/commons-pool2-2.6.0.jar:/home/user/.m2/repository/org/bouncycastle/bcpkix-jdk15on/1.60/bcpkix-jdk15on-1.60.jar:/home/user/.m2/repository/commons-validator/commons-validator/1.6/commons-validator-1.6.jar:/home/user/.m2/repository/commons-digester/commons-digester/1.8.1/commons-digester-1.8.1.jar:/home/user/.m2/repository/io/jaegertracing/jaeger-client/0.34.0/jaeger-client-0.34.0.jar:/home/user/.m2/repository/io/jaegertracing/jaeger-thrift/0.34.0/jaeger-thrift-0.34.0.jar:/home/user/.m2/repository/org/apache/thrift/libthrift/0.12.0/libthrift-0.12.0.jar:/home/user/.m2/repository/com/squareup/okhttp3/okhttp/3.9.0/okhttp-3.9.0.jar:/home/user/.m2/repository/com/squareup/okio/okio/1.13.0/okio-1.13.0.jar:/home/user/.m2/repository/io/jaegertracing/jaeger-core/0.34.0/jaeger-core-0.34.0.jar:/home/user/.m2/repository/io/jaegertracing/jaeger-tracerresolver/0.34.0/jaeger-tracerresolver-0.34.0.jar:/home/user/.m2/repository/io/opentracing/contrib/opentracing-tracerresolver/0.1.5/opentracing-tracerresolver-0.1.5.jar:/home/user/.m2/repository/io/opentracing/opentracing-util/0.31.0/opentracing-util-0.31.0.jar:/home/user/.m2/repository/io/opentracing/opentracing-api/0.31.0/opentracing-api-0.31.0.jar:/home/user/.m2/repository/io/opentracing/opentracing-noop/0.31.0/opentracing-noop-0.31.0.jar:/home/user/.m2/repository/org/apache/hadoop/hadoop-hdds-server-framework/0.5.0-SNAPSHOT/hadoop-hdds-server-framework-0.5.0-SNAPSHOT.jar:/home/user/.m2/repository/org/apache/hadoop/hadoop-hdds-container-service/0.5.0-SNAPSHOT/hadoop-hdds-container-service-0.5.0-SNAPSHOT.jar:/home/user/.m2/repository/org/apache/hadoop/hadoop-hdds-client/0.5.0-SNAPSHOT/hadoop-hdds-client-0.5.0-SNAPSHOT.jar:/home/user/.m2/repository/org/apache/hadoop/hadoop-hdds-tools/0.5.0-SNAPSHOT/hadoop-hdds-tools-0.5.0-SNAPSHOT.jar:/home/user/.m2/repository/org/apache/hadoop/hadoop-hdds-server-scm/0.5.0-SNAPSHOT/hadoop-hdds-server-scm-0.5.0-SNAPSHOT.jar:/home/user/.m2/repository/org/apache/hadoop/hadoop-hdds-docs/0.5.0-SNAPSHOT/hadoop-hdds-docs-0.5.0-SNAPSHOT.jar:/home/user/.m2/repository/io/dropwizard/metrics/metrics-core/3.2.4/metrics-core-3.2.4.jar:/home/user/.m2/repository/org/hamcrest/hamcrest-all/1.3/hamcrest-all-1.3.jar:/home/user/.m2/repository/org/bouncycastle/bcprov-jdk15on/1.60/bcprov-jdk15on-1.60.jar:/home/user/.m2/repository/info/picocli/picocli/3.9.6/picocli-3.9.6.jar:/home/user/.m2/repository/com/google/protobuf/protobuf-java/2.5.0/protobuf-java-2.5.0.jar:/home/user/.m2/repository/com/google/guava/guava/11.0.2/guava-11.0.2.jar:/home/user/.m2/repository/org/apache/hadoop/hadoop-ozone-ozone-manager/0.5.0-SNAPSHOT/hadoop-ozone-ozone-manager-0.5.0-SNAPSHOT.jar:/home/user/.m2/repository/org/apache/hadoop/hadoop-minikdc/3.2.0/hadoop-minikdc-3.2.0.jar:/home/user/.m2/repository/commons-io/commons-io/2.5/commons-io-2.5.jar:/home/user/.m2/repository/org/apache/kerby/kerb-simplekdc/1.0.1/kerb-simplekdc-1.0.1.jar:/home/user/.m2/repository/org/apache/kerby/kerb-client/1.0.1/kerb-client-1.0.1.jar:/home/user/.m2/repository/org/apache/kerby/kerby-config/1.0.1/kerby-config-1.0.1.jar:/home/user/.m2/repository/org/apache/kerby/kerb-core/1.0.1/kerb-core-1.0.1.jar:/home/user/.m2/repository/org/apache/kerby/kerby-pkix/1.0.1/kerby-pkix-1.0.1.jar:/home/user/.m2/repository/org/apache/kerby/kerby-asn1/1.0.1/kerby-asn1-1.0.1.jar:/home/user/.m2/repository/org/apache/kerby/kerby-util/1.0.1/kerby-util-1.0.1.jar:/home/user/.m2/repository/org/apache/kerby/kerb-common/1.0.1/kerb-common-1.0.1.jar:/home/user/.m2/repository/org/apache/kerby/kerb-crypto/1.0.1/kerb-crypto-1.0.1.jar:/home/user/.m2/repository/org/apache/kerby/kerb-util/1.0.1/kerb-util-1.0.1.jar:/home/user/.m2/repository/org/apache/kerby/token-provider/1.0.1/token-provider-1.0.1.jar:/home/user/.m2/repository/org/apache/kerby/kerb-admin/1.0.1/kerb-admin-1.0.1.jar:/home/user/.m2/repository/org/apache/kerby/kerb-server/1.0.1/kerb-server-1.0.1.jar:/home/user/.m2/repository/org/apache/kerby/kerb-identity/1.0.1/kerb-identity-1.0.1.jar:/home/user/.m2/repository/org/apache/kerby/kerby-xdr/1.0.1/kerby-xdr-1.0.1.jar:/home/user/.m2/repository/org/slf4j/slf4j-log4j12/1.7.25/slf4j-log4j12-1.7.25.jar:/home/user/.m2/repository/org/apache/hadoop/hadoop-ozone-s3gateway/0.5.0-SNAPSHOT/hadoop-ozone-s3gateway-0.5.0-SNAPSHOT.jar:/home/user/.m2/repository/org/jboss/weld/servlet/weld-servlet/2.4.7.Final/weld-servlet-2.4.7.Final.jar:/home/user/.m2/repository/org/glassfish/jersey/containers/jersey-container-servlet-core/2.27/jersey-container-servlet-core-2.27.jar:/home/user/.m2/repository/org/glassfish/hk2/external/javax.inject/2.5.0-b42/javax.inject-2.5.0-b42.jar:/home/user/.m2/repository/org/glassfish/jersey/core/jersey-common/2.27/jersey-common-2.27.jar:/home/user/.m2/repository/org/glassfish/hk2/osgi-resource-locator/1.0.1/osgi-resource-locator-1.0.1.jar:/home/user/.m2/repository/javax/ws/rs/javax.ws.rs-api/2.1/javax.ws.rs-api-2.1.jar:/home/user/.m2/repository/org/glassfish/jersey/ext/cdi/jersey-cdi1x/2.27/jersey-cdi1x-2.27.jar:/home/user/.m2/repository/org/glassfish/jersey/inject/jersey-hk2/2.27/jersey-hk2-2.27.jar:/home/user/.m2/repository/org/glassfish/hk2/hk2-locator/2.5.0-b42/hk2-locator-2.5.0-b42.jar:/home/user/.m2/repository/org/javassist/javassist/3.22.0-CR2/javassist-3.22.0-CR2.jar:/home/user/.m2/repository/org/glassfish/hk2/hk2-api/2.5.0/hk2-api-2.5.0.jar:/home/user/.m2/repository/org/glassfish/hk2/external/jakarta.inject/2.5.0/jakarta.inject-2.5.0.jar:/home/user/.m2/repository/org/glassfish/hk2/hk2-utils/2.5.0/hk2-utils-2.5.0.jar:/home/user/.m2/repository/jakarta/annotation/jakarta.annotation-api/1.3.4/jakarta.annotation-api-1.3.4.jar:/home/user/.m2/repository/org/glassfish/hk2/external/aopalliance-repackaged/2.5.0/aopalliance-repackaged-2.5.0.jar:/home/user/.m2/repository/com/fasterxml/jackson/dataformat/jackson-dataformat-xml/2.9.0/jackson-dataformat-xml-2.9.0.jar:/home/user/.m2/repository/com/fasterxml/jackson/core/jackson-core/2.9.9/jackson-core-2.9.9.jar:/home/user/.m2/repository/com/fasterxml/jackson/module/jackson-module-jaxb-annotations/2.9.9/jackson-module-jaxb-annotations-2.9.9.jar:/home/user/.m2/repository/javax/enterprise/cdi-api/1.2/cdi-api-1.2.jar:/home/user/.m2/repository/javax/el/javax.el-api/3.0.0/javax.el-api-3.0.0.jar:/home/user/.m2/repository/javax/interceptor/javax.interceptor-api/1.2/javax.interceptor-api-1.2.jar:/home/user/.m2/repository/javax/inject/javax.inject/1/javax.inject-1.jar:/home/user/.m2/repository/com/sun/xml/bind/jaxb-impl/2.3.0.1/jaxb-impl-2.3.0.1.jar:/home/user/.m2/repository/com/sun/xml/bind/jaxb-core/2.3.0.1/jaxb-core-2.3.0.1.jar:/home/user/.m2/repository/javax/xml/bind/jaxb-api/2.3.0/jaxb-api-2.3.0.jar:/home/user/.m2/repository/javax/activation/activation/1.1.1/activation-1.1.1.jar:/home/user/.m2/repository/org/apache/hadoop/hadoop-ozone-csi/0.5.0-SNAPSHOT/hadoop-ozone-csi-0.5.0-SNAPSHOT.jar:/home/user/.m2/repository/com/google/protobuf/protobuf-java-util/3.5.1/protobuf-java-util-3.5.1.jar:/home/user/.m2/repository/org/apache/hadoop/hadoop-hdds-config/0.5.0-SNAPSHOT/hadoop-hdds-config-0.5.0-SNAPSHOT.jar:/home/user/.m2/repository/io/grpc/grpc-netty/1.17.1/grpc-netty-1.17.1.jar:/home/user/.m2/repository/io/grpc/grpc-core/1.17.1/grpc-core-1.17.1.jar:/home/user/.m2/repository/io/grpc/grpc-context/1.17.1/grpc-context-1.17.1.jar:/home/user/.m2/repository/com/google/errorprone/error_prone_annotations/2.2.0/error_prone_annotations-2.2.0.jar:/home/user/.m2/repository/org/codehaus/mojo/animal-sniffer-annotations/1.17/animal-sniffer-annotations-1.17.jar:/home/user/.m2/repository/io/opencensus/opencensus-api/0.17.0/opencensus-api-0.17.0.jar:/home/user/.m2/repository/io/opencensus/opencensus-contrib-grpc-metrics/0.17.0/opencensus-contrib-grpc-metrics-0.17.0.jar:/home/user/.m2/repository/io/netty/netty-codec-http2/4.1.30.Final/netty-codec-http2-4.1.30.Final.jar:/home/user/.m2/repository/io/netty/netty-codec-http/4.1.30.Final/netty-codec-http-4.1.30.Final.jar:/home/user/.m2/repository/io/netty/netty-codec/4.1.30.Final/netty-codec-4.1.30.Final.jar:/home/user/.m2/repository/io/netty/netty-handler/4.1.30.Final/netty-handler-4.1.30.Final.jar:/home/user/.m2/repository/io/netty/netty-handler-proxy/4.1.30.Final/netty-handler-proxy-4.1.30.Final.jar:/home/user/.m2/repository/io/netty/netty-codec-socks/4.1.30.Final/netty-codec-socks-4.1.30.Final.jar:/home/user/.m2/repository/io/netty/netty-transport-native-epoll/4.1.30.Final/netty-transport-native-epoll-4.1.30.Final.jar:/home/user/.m2/repository/io/netty/netty-common/4.1.30.Final/netty-common-4.1.30.Final.jar:/home/user/.m2/repository/io/netty/netty-buffer/4.1.30.Final/netty-buffer-4.1.30.Final.jar:/home/user/.m2/repository/io/netty/netty-transport/4.1.30.Final/netty-transport-4.1.30.Final.jar:/home/user/.m2/repository/io/netty/netty-resolver/4.1.30.Final/netty-resolver-4.1.30.Final.jar:/home/user/.m2/repository/io/netty/netty-transport-native-unix-common/4.1.30.Final/netty-transport-native-unix-common-4.1.30.Final.jar:/home/user/.m2/repository/io/grpc/grpc-protobuf/1.17.1/grpc-protobuf-1.17.1.jar:/home/user/.m2/repository/com/google/api/grpc/proto-google-common-protos/1.0.0/proto-google-common-protos-1.0.0.jar:/home/user/.m2/repository/io/grpc/grpc-protobuf-lite/1.17.1/grpc-protobuf-lite-1.17.1.jar:/home/user/.m2/repository/io/grpc/grpc-stub/1.17.1/grpc-stub-1.17.1.jar:/home/user/.m2/repository/org/apache/hadoop/hadoop-ozone-recon/0.5.0-SNAPSHOT/hadoop-ozone-recon-0.5.0-SNAPSHOT.jar:/home/user/.m2/repository/org/apache/hadoop/hadoop-ozone-reconcodegen/0.5.0-SNAPSHOT/hadoop-ozone-reconcodegen-0.5.0-SNAPSHOT.jar:/home/user/.m2/repository/com/google/inject/extensions/guice-multibindings/4.0/guice-multibindings-4.0.jar:/home/user/.m2/repository/com/google/inject/guice/4.0/guice-4.0.jar:/home/user/.m2/repository/aopalliance/aopalliance/1.0/aopalliance-1.0.jar:/home/user/.m2/repository/com/google/inject/extensions/guice-servlet/4.0/guice-servlet-4.0.jar:/home/user/.m2/repository/org/glassfish/jersey/containers/jersey-container-servlet/2.27/jersey-container-servlet-2.27.jar:/home/user/.m2/repository/org/glassfish/hk2/guice-bridge/2.5.0/guice-bridge-2.5.0.jar:/home/user/.m2/repository/org/glassfish/jersey/core/jersey-server/2.27/jersey-server-2.27.jar:/home/user/.m2/repository/org/glassfish/jersey/core/jersey-client/2.27/jersey-client-2.27.jar:/home/user/.m2/repository/org/glassfish/jersey/media/jersey-media-jaxb/2.27/jersey-media-jaxb-2.27.jar:/home/user/.m2/repository/javax/validation/validation-api/1.1.0.Final/validation-api-1.1.0.Final.jar:/home/user/.m2/repository/org/glassfish/jersey/media/jersey-media-json-jackson/2.27/jersey-media-json-jackson-2.27.jar:/home/user/.m2/repository/org/glassfish/jersey/ext/jersey-entity-filtering/2.27/jersey-entity-filtering-2.27.jar:/home/user/.m2/repository/com/google/inject/extensions/guice-assistedinject/4.0/guice-assistedinject-4.0.jar:/home/user/.m2/repository/org/jooq/jooq/3.11.10/jooq-3.11.10.jar:/home/user/.m2/repository/org/jooq/jooq-meta/3.11.10/jooq-meta-3.11.10.jar:/home/user/.m2/repository/org/jooq/jooq-codegen/3.11.10/jooq-codegen-3.11.10.jar:/home/user/.m2/repository/com/jolbox/bonecp/0.8.0.RELEASE/bonecp-0.8.0.RELEASE.jar:/home/user/.m2/repository/org/xerial/sqlite-jdbc/3.25.2/sqlite-jdbc-3.25.2.jar:/home/user/.m2/repository/org/springframework/spring-jdbc/5.1.3.RELEASE/spring-jdbc-5.1.3.RELEASE.jar:/home/user/.m2/repository/org/springframework/spring-beans/5.1.3.RELEASE/spring-beans-5.1.3.RELEASE.jar:/home/user/.m2/repository/org/springframework/spring-core/5.1.3.RELEASE/spring-core-5.1.3.RELEASE.jar:/home/user/.m2/repository/org/springframework/spring-jcl/5.1.3.RELEASE/spring-jcl-5.1.3.RELEASE.jar:/home/user/.m2/repository/org/springframework/spring-tx/5.1.3.RELEASE/spring-tx-5.1.3.RELEASE.jar:/home/user/.m2/repository/org/apache/hadoop/hadoop-ozone-client/0.5.0-SNAPSHOT/hadoop-ozone-client-0.5.0-SNAPSHOT.jar:/home/user/.m2/repository/commons-lang/commons-lang/2.6/commons-lang-2.6.jar:/home/user/.m2/repository/org/apache/hadoop/hadoop-ozone-ozone-manager/0.5.0-SNAPSHOT/hadoop-ozone-ozone-manager-0.5.0-SNAPSHOT-tests.jar:/home/user/.m2/repository/junit/junit/4.11/junit-4.11.jar:/home/user/.m2/repository/org/hamcrest/hamcrest-core/1.3/hamcrest-core-1.3.jar:/home/user/.m2/repository/org/openjdk/jmh/jmh-core/1.19/jmh-core-1.19.jar:/home/user/.m2/repository/net/sf/jopt-simple/jopt-simple/4.6/jopt-simple-4.6.jar:/home/user/.m2/repository/org/apache/commons/commons-math3/3.1.1/commons-math3-3.1.1.jar:/home/user/.m2/repository/org/openjdk/jmh/jmh-generator-annprocess/1.19/jmh-generator-annprocess-1.19.jar:/home/user/.m2/repository/org/mockito/mockito-all/1.8.5/mockito-all-1.8.5.jar:/home/user/.m2/repository/org/apache/hadoop/hadoop-kms/3.2.0/hadoop-kms-3.2.0.jar:/home/user/.m2/repository/org/apache/hadoop/hadoop-auth/3.2.0/hadoop-auth-3.2.0.jar:/home/user/.m2/repository/com/nimbusds/nimbus-jose-jwt/4.41.1/nimbus-jose-jwt-4.41.1.jar:/home/user/.m2/repository/com/github/stephenc/jcip/jcip-annotations/1.0-1/jcip-annotations-1.0-1.jar:/home/user/.m2/repository/net/minidev/json-smart/2.3/json-smart-2.3.jar:/home/user/.m2/repository/net/minidev/accessors-smart/1.2/accessors-smart-1.2.jar:/home/user/.m2/repository/org/ow2/asm/asm/5.0.4/asm-5.0.4.jar:/home/user/.m2/repository/org/apache/curator/curator-framework/2.12.0/curator-framework-2.12.0.jar:/home/user/.m2/repository/com/sun/jersey/jersey-core/1.19/jersey-core-1.19.jar:/home/user/.m2/repository/javax/ws/rs/jsr311-api/1.1.1/jsr311-api-1.1.1.jar:/home/user/.m2/repository/com/sun/jersey/jersey-server/1.19/jersey-server-1.19.jar:/home/user/.m2/repository/javax/servlet/javax.servlet-api/3.1.0/javax.servlet-api-3.1.0.jar:/home/user/.m2/repository/org/eclipse/jetty/jetty-server/9.3.25.v20180904/jetty-server-9.3.25.v20180904.jar:/home/user/.m2/repository/org/eclipse/jetty/jetty-http/9.3.25.v20180904/jetty-http-9.3.25.v20180904.jar:/home/user/.m2/repository/org/eclipse/jetty/jetty-io/9.3.25.v20180904/jetty-io-9.3.25.v20180904.jar:/home/user/.m2/repository/org/eclipse/jetty/jetty-webapp/9.3.25.v20180904/jetty-webapp-9.3.25.v20180904.jar:/home/user/.m2/repository/org/eclipse/jetty/jetty-xml/9.3.25.v20180904/jetty-xml-9.3.25.v20180904.jar:/home/user/.m2/repository/log4j/log4j/1.2.17/log4j-1.2.17.jar:/home/user/.m2/repository/org/slf4j/slf4j-api/1.7.25/slf4j-api-1.7.25.jar:/home/user/.m2/repository/org/slf4j/jul-to-slf4j/1.7.25/jul-to-slf4j-1.7.25.jar:/home/user/.m2/repository/org/eclipse/jetty/jetty-util/9.3.25.v20180904/jetty-util-9.3.25.v20180904.jar:/home/user/.m2/repository/com/fasterxml/jackson/core/jackson-databind/2.9.9/jackson-databind-2.9.9.jar:/home/user/.m2/repository/org/apache/hadoop/hadoop-kms/3.2.0/hadoop-kms-3.2.0-tests.jar:/home/user/.m2/repository/org/apache/hadoop/hadoop-hdds-server-scm/0.5.0-SNAPSHOT/hadoop-hdds-server-scm-0.5.0-SNAPSHOT-tests.jar:/home/user/.m2/repository/org/apache/hadoop/hadoop-hdds-container-service/0.5.0-SNAPSHOT/hadoop-hdds-container-service-0.5.0-SNAPSHOT-tests.jar:/home/user/.m2/repository/org/yaml/snakeyaml/1.16/snakeyaml-1.16.jar:/home/user/.m2/repository/org/apache/hadoop/hadoop-common/3.2.0/hadoop-common-3.2.0-tests.jar:/home/user/.m2/repository/org/apache/hadoop/hadoop-annotations/3.2.0/hadoop-annotations-3.2.0.jar:/usr/lib/jvm/java-1.8-openjdk/jre/../lib/tools.jar:/home/user/.m2/repository/commons-cli/commons-cli/1.2/commons-cli-1.2.jar:/home/user/.m2/repository/org/apache/httpcomponents/httpclient/4.5.2/httpclient-4.5.2.jar:/home/user/.m2/repository/org/apache/httpcomponents/httpcore/4.4.4/httpcore-4.4.4.jar:/home/user/.m2/repository/commons-codec/commons-codec/1.11/commons-codec-1.11.jar:/home/user/.m2/repository/commons-net/commons-net/3.6/commons-net-3.6.jar:/home/user/.m2/repository/commons-collections/commons-collections/3.2.2/commons-collections-3.2.2.jar:/home/user/.m2/repository/org/eclipse/jetty/jetty-servlet/9.3.25.v20180904/jetty-servlet-9.3.25.v20180904.jar:/home/user/.m2/repository/org/eclipse/jetty/jetty-security/9.3.25.v20180904/jetty-security-9.3.25.v20180904.jar:/home/user/.m2/repository/javax/servlet/jsp/jsp-api/2.1/jsp-api-2.1.jar:/home/user/.m2/repository/com/sun/jersey/jersey-servlet/1.19/jersey-servlet-1.19.jar:/home/user/.m2/repository/com/sun/jersey/jersey-json/1.19/jersey-json-1.19.jar:/home/user/.m2/repository/org/codehaus/jettison/jettison/1.1/jettison-1.1.jar:/home/user/.m2/repository/org/codehaus/jackson/jackson-core-asl/1.9.13/jackson-core-asl-1.9.13.jar:/home/user/.m2/repository/org/codehaus/jackson/jackson-mapper-asl/1.9.13/jackson-mapper-asl-1.9.13.jar:/home/user/.m2/repository/org/codehaus/jackson/jackson-jaxrs/1.9.13/jackson-jaxrs-1.9.13.jar:/home/user/.m2/repository/org/codehaus/jackson/jackson-xc/1.9.13/jackson-xc-1.9.13.jar:/home/user/.m2/repository/commons-logging/commons-logging/1.1.3/commons-logging-1.1.3.jar:/home/user/.m2/repository/commons-beanutils/commons-beanutils/1.9.4/commons-beanutils-1.9.4.jar:/home/user/.m2/repository/org/apache/commons/commons-configuration2/2.1.1/commons-configuration2-2.1.1.jar:/home/user/.m2/repository/org/apache/commons/commons-lang3/3.7/commons-lang3-3.7.jar:/home/user/.m2/repository/org/apache/commons/commons-text/1.4/commons-text-1.4.jar:/home/user/.m2/repository/org/apache/avro/avro/1.7.7/avro-1.7.7.jar:/home/user/.m2/repository/com/thoughtworks/paranamer/paranamer/2.3/paranamer-2.3.jar:/home/user/.m2/repository/org/xerial/snappy/snappy-java/1.0.5/snappy-java-1.0.5.jar:/home/user/.m2/repository/com/google/re2j/re2j/1.1/re2j-1.1.jar:/home/user/.m2/repository/com/google/code/gson/gson/2.2.4/gson-2.2.4.jar:/home/user/.m2/repository/com/jcraft/jsch/0.1.54/jsch-0.1.54.jar:/home/user/.m2/repository/org/apache/curator/curator-client/2.12.0/curator-client-2.12.0.jar:/home/user/.m2/repository/org/apache/curator/curator-recipes/2.12.0/curator-recipes-2.12.0.jar:/home/user/.m2/repository/com/google/code/findbugs/jsr305/3.0.0/jsr305-3.0.0.jar:/home/user/.m2/repository/org/apache/htrace/htrace-core4/4.1.0-incubating/htrace-core4-4.1.0-incubating.jar:/home/user/.m2/repository/org/apache/zookeeper/zookeeper/3.4.13/zookeeper-3.4.13.jar:/home/user/.m2/repository/jline/jline/0.9.94/jline-0.9.94.jar:/home/user/.m2/repository/org/apache/yetus/audience-annotations/0.5.0/audience-annotations-0.5.0.jar:/home/user/.m2/repository/org/codehaus/woodstox/stax2-api/3.1.4/stax2-api-3.1.4.jar:/home/user/.m2/repository/com/fasterxml/woodstox/woodstox-core/5.0.3/woodstox-core-5.0.3.jar:/home/user/.m2/repository/dnsjava/dnsjava/2.1.7/dnsjava-2.1.7.jar:/home/user/.m2/repository/org/apache/hadoop/hadoop-hdfs/3.2.0/hadoop-hdfs-3.2.0-tests.jar:/home/user/.m2/repository/org/eclipse/jetty/jetty-util-ajax/9.3.25.v20180904/jetty-util-ajax-9.3.25.v20180904.jar:/home/user/.m2/repository/commons-daemon/commons-daemon/1.0.13/commons-daemon-1.0.13.jar:/home/user/.m2/repository/io/netty/netty/3.10.5.Final/netty-3.10.5.Final.jar:/home/user/.m2/repository/io/netty/netty-all/4.0.52.Final/netty-all-4.0.52.Final.jar:/home/user/.m2/repository/org/fusesource/leveldbjni/leveldbjni-all/1.8/leveldbjni-all-1.8.jar:"/>
    <property name="sun.cpu.endian" value="little"/>
    <property name="user.home" value="/home/user"/>
    <property name="user.language" value="en"/>
    <property name="java.specification.vendor" value="Oracle Corporation"/>
    <property name="java.home" value="/usr/lib/jvm/java-1.8-openjdk/jre"/>
    <property name="java.security.krb5.conf" value="/workdir/hadoop-ozone/integration-test/target/test-classes/krb5.conf"/>
    <property name="basedir" value="/workdir/hadoop-ozone/integration-test"/>
    <property name="file.separator" value="/"/>
    <property name="line.separator" value="&#10;"/>
    <property name="java.vm.specification.vendor" value="Oracle Corporation"/>
    <property name="java.specification.name" value="Java Platform API Specification"/>
    <property name="java.awt.graphicsenv" value="sun.awt.X11GraphicsEnvironment"/>
    <property name="surefire.real.class.path" value="/workdir/hadoop-ozone/integration-test/target/surefire/surefirebooter3265093872350610867.jar"/>
    <property name="hadoop.log.dir" value="/workdir/hadoop-ozone/integration-test/target/log"/>
    <property name="sun.boot.class.path" value="/usr/lib/jvm/java-1.8-openjdk/jre/lib/resources.jar:/usr/lib/jvm/java-1.8-openjdk/jre/lib/rt.jar:/usr/lib/jvm/java-1.8-openjdk/jre/lib/sunrsasign.jar:/usr/lib/jvm/java-1.8-openjdk/jre/lib/jsse.jar:/usr/lib/jvm/java-1.8-openjdk/jre/lib/jce.jar:/usr/lib/jvm/java-1.8-openjdk/jre/lib/charsets.jar:/usr/lib/jvm/java-1.8-openjdk/jre/lib/jfr.jar:/usr/lib/jvm/java-1.8-openjdk/jre/classes"/>
    <property name="sun.management.compiler" value="HotSpot 64-Bit Tiered Compilers"/>
    <property name="java.runtime.version" value="1.8.0_212-b04"/>
    <property name="java.net.preferIPv4Stack" value="true"/>
    <property name="user.name" value="jenkins1000"/>
    <property name="path.separator" value=":"/>
    <property name="java.security.egd" value="file:///dev/urandom"/>
    <property name="os.version" value="3.10.0-957.12.2.el7.x86_64"/>
    <property name="java.endorsed.dirs" value="/usr/lib/jvm/java-1.8-openjdk/jre/lib/endorsed"/>
    <property name="java.runtime.name" value="OpenJDK Runtime Environment"/>
    <property name="file.encoding" value="UTF-8"/>
    <property name="java.vm.name" value="OpenJDK 64-Bit Server VM"/>
    <property name="test.build.webapps" value=""/>
    <property name="localRepository" value="/home/user/.m2/repository"/>
    <property name="java.vendor.url.bug" value="https://icedtea.classpath.org/bugzilla"/>
    <property name="java.io.tmpdir" value="/tmp"/>
    <property name="require.test.libhadoop" value=""/>
    <property name="java.version" value="1.8.0_212"/>
    <property name="user.dir" value="/workdir/hadoop-ozone/integration-test"/>
    <property name="os.arch" value="amd64"/>
    <property name="java.vm.specification.name" value="Java Virtual Machine Specification"/>
    <property name="test.build.classes" value="/workdir/hadoop-ozone/integration-test/target/test-classes"/>
    <property name="java.awt.printerjob" value="sun.print.PSPrinterJob"/>
    <property name="sun.os.patch.level" value="unknown"/>
    <property name="hadoop.tmp.dir" value="/workdir/hadoop-ozone/integration-test/target/tmp"/>
    <property name="java.library.path" value="/usr/lib/jvm/java-1.8-openjdk/jre/lib/amd64/server:/usr/lib/jvm/java-1.8-openjdk/jre/lib/amd64:/usr/lib/jvm/java-1.8-openjdk/jre/../lib/amd64:/workdir/hadoop-ozone/integration-test/target/native/target/usr/local/lib:/workdir/hadoop-ozone/integration-test/../../hadoop-common-project/hadoop-common/target/native/target/usr/local/lib:/usr/java/packages/lib/amd64:/usr/lib64:/lib64:/lib:/usr/lib"/>
    <property name="java.vm.info" value="mixed mode"/>
    <property name="java.vendor" value="IcedTea"/>
    <property name="java.vm.version" value="25.212-b04"/>
    <property name="java.ext.dirs" value="/usr/lib/jvm/java-1.8-openjdk/jre/lib/ext:/usr/java/packages/lib/ext"/>
    <property name="sun.io.unicode.encoding" value="UnicodeLittle"/>
    <property name="java.class.version" value="52.0"/>
  </properties>
  <testcase name="test2DatanodesFailure" classname="org.apache.hadoop.ozone.client.rpc.TestBlockOutputStreamWithFailures" time="33.667">
    <error message="Allocated 0 blocks. Requested 1 blocks" type="INTERNAL_ERROR org.apache.hadoop.ozone.om.exceptions.OMException">INTERNAL_ERROR org.apache.hadoop.ozone.om.exceptions.OMException: Allocated 0 blocks. Requested 1 blocks
	at org.apache.hadoop.ozone.om.protocolPB.OzoneManagerProtocolClientSideTranslatorPB.handleError(OzoneManagerProtocolClientSideTranslatorPB.java:732)
	at org.apache.hadoop.ozone.om.protocolPB.OzoneManagerProtocolClientSideTranslatorPB.openKey(OzoneManagerProtocolClientSideTranslatorPB.java:723)
	at sun.reflect.NativeMethodAccessorImpl.invoke0(Native Method)
	at sun.reflect.NativeMethodAccessorImpl.invoke(NativeMethodAccessorImpl.java:62)
	at sun.reflect.DelegatingMethodAccessorImpl.invoke(DelegatingMethodAccessorImpl.java:43)
	at java.lang.reflect.Method.invoke(Method.java:498)
	at org.apache.hadoop.hdds.tracing.TraceAllMethod.invoke(TraceAllMethod.java:66)
	at com.sun.proxy.$Proxy37.openKey(Unknown Source)
	at org.apache.hadoop.ozone.client.rpc.RpcClient.createKey(RpcClient.java:614)
	at org.apache.hadoop.ozone.client.OzoneBucket.createKey(OzoneBucket.java:325)
	at org.apache.hadoop.ozone.container.ContainerTestHelper.createKey(ContainerTestHelper.java:704)
	at org.apache.hadoop.ozone.client.rpc.TestBlockOutputStreamWithFailures.createKey(TestBlockOutputStreamWithFailures.java:1210)
	at org.apache.hadoop.ozone.client.rpc.TestBlockOutputStreamWithFailures.createKey(TestBlockOutputStreamWithFailures.java:1204)
	at org.apache.hadoop.ozone.client.rpc.TestBlockOutputStreamWithFailures.test2DatanodesFailure(TestBlockOutputStreamWithFailures.java:410)
	at sun.reflect.NativeMethodAccessorImpl.invoke0(Native Method)
	at sun.reflect.NativeMethodAccessorImpl.invoke(NativeMethodAccessorImpl.java:62)
	at sun.reflect.DelegatingMethodAccessorImpl.invoke(DelegatingMethodAccessorImpl.java:43)
	at java.lang.reflect.Method.invoke(Method.java:498)
	at org.junit.runners.model.FrameworkMethod$1.runReflectiveCall(FrameworkMethod.java:47)
	at org.junit.internal.runners.model.ReflectiveCallable.run(ReflectiveCallable.java:12)
	at org.junit.runners.model.FrameworkMethod.invokeExplosively(FrameworkMethod.java:44)
	at org.junit.internal.runners.statements.InvokeMethod.evaluate(InvokeMethod.java:17)
	at org.junit.internal.runners.statements.RunBefores.evaluate(RunBefores.java:26)
	at org.junit.internal.runners.statements.RunAfters.evaluate(RunAfters.java:27)
	at org.junit.runners.ParentRunner.runLeaf(ParentRunner.java:271)
	at org.junit.runners.BlockJUnit4ClassRunner.runChild(BlockJUnit4ClassRunner.java:70)
	at org.junit.runners.BlockJUnit4ClassRunner.runChild(BlockJUnit4ClassRunner.java:50)
	at org.junit.runners.ParentRunner$3.run(ParentRunner.java:238)
	at org.junit.runners.ParentRunner$1.schedule(ParentRunner.java:63)
	at org.junit.runners.ParentRunner.runChildren(ParentRunner.java:236)
	at org.junit.runners.ParentRunner.access$000(ParentRunner.java:53)
	at org.junit.runners.ParentRunner$2.evaluate(ParentRunner.java:229)
	at org.junit.runners.ParentRunner.run(ParentRunner.java:309)
	at org.apache.maven.surefire.junit4.JUnit4Provider.execute(JUnit4Provider.java:365)
	at org.apache.maven.surefire.junit4.JUnit4Provider.executeWithRerun(JUnit4Provider.java:273)
	at org.apache.maven.surefire.junit4.JUnit4Provider.executeTestSet(JUnit4Provider.java:238)
	at org.apache.maven.surefire.junit4.JUnit4Provider.invoke(JUnit4Provider.java:159)
	at org.apache.maven.surefire.booter.ForkedBooter.invokeProviderInSameClassLoader(ForkedBooter.java:384)
	at org.apache.maven.surefire.booter.ForkedBooter.runSuitesInProcess(ForkedBooter.java:345)
	at org.apache.maven.surefire.booter.ForkedBooter.execute(ForkedBooter.java:126)
	at org.apache.maven.surefire.booter.ForkedBooter.main(ForkedBooter.java:418)
</error>
    <system-out><![CDATA[2019-09-25 10:59:57,137 [main] WARN  server.ServerUtils (ServerUtils.java:getScmDbDir(145)) - ozone.scm.db.dirs is not configured. We recommend adding this setting. Falling back to ozone.metadata.dirs instead.
2019-09-25 10:59:57,267 [main] WARN  server.ServerUtils (ServerUtils.java:getScmDbDir(145)) - ozone.scm.db.dirs is not configured. We recommend adding this setting. Falling back to ozone.metadata.dirs instead.
2019-09-25 10:59:57,271 [main] WARN  server.ServerUtils (ServerUtils.java:getScmDbDir(145)) - ozone.scm.db.dirs is not configured. We recommend adding this setting. Falling back to ozone.metadata.dirs instead.
2019-09-25 10:59:57,289 [main] INFO  util.log (Log.java:initialized(192)) - Logging initialized @836ms
2019-09-25 10:59:57,382 [main] INFO  db.DBStoreBuilder (DBStoreBuilder.java:addTable(110)) - using custom profile for table: deletedBlocks
2019-09-25 10:59:57,383 [main] INFO  db.DBStoreBuilder (DBStoreBuilder.java:processTables(161)) - Using default column profile:DBProfile.DISK for Table:deletedBlocks
2019-09-25 10:59:57,383 [main] INFO  db.DBStoreBuilder (DBStoreBuilder.java:addTable(110)) - using custom profile for table: validCerts
2019-09-25 10:59:57,383 [main] INFO  db.DBStoreBuilder (DBStoreBuilder.java:processTables(161)) - Using default column profile:DBProfile.DISK for Table:validCerts
2019-09-25 10:59:57,384 [main] INFO  db.DBStoreBuilder (DBStoreBuilder.java:addTable(110)) - using custom profile for table: revokedCerts
2019-09-25 10:59:57,384 [main] INFO  db.DBStoreBuilder (DBStoreBuilder.java:processTables(161)) - Using default column profile:DBProfile.DISK for Table:revokedCerts
2019-09-25 10:59:57,395 [main] INFO  db.DBStoreBuilder (DBStoreBuilder.java:addTable(110)) - using custom profile for table: default
2019-09-25 10:59:57,395 [main] INFO  db.DBStoreBuilder (DBStoreBuilder.java:processTables(167)) - Using default column profile:DBProfile.DISK for Table:default
2019-09-25 10:59:57,397 [main] INFO  db.DBStoreBuilder (DBStoreBuilder.java:getDbProfile(198)) - Using default options. DBProfile.DISK
2019-09-25 10:59:57,627 [main] INFO  net.NodeSchemaLoader (NodeSchemaLoader.java:loadSchemaFromFile(125)) - Loading file from sun.misc.CompoundEnumeration@71d44a3
2019-09-25 10:59:57,629 [main] INFO  net.NodeSchemaLoader (NodeSchemaLoader.java:loadSchema(171)) - Loading network topology layer schema file
2019-09-25 10:59:57,699 [main] INFO  node.SCMNodeManager (SCMNodeManager.java:<init>(114)) - Entering startup safe mode.
2019-09-25 10:59:57,770 [main] INFO  algorithms.ContainerPlacementPolicyFactory (ContainerPlacementPolicyFactory.java:getPolicy(59)) - Create container placement policy of type org.apache.hadoop.hdds.scm.container.placement.algorithms.SCMContainerPlacementRandom
2019-09-25 10:59:57,784 [main] WARN  server.ServerUtils (ServerUtils.java:getScmDbDir(145)) - ozone.scm.db.dirs is not configured. We recommend adding this setting. Falling back to ozone.metadata.dirs instead.
2019-09-25 10:59:57,918 [main] INFO  pipeline.SCMPipelineManager (SCMPipelineManager.java:initializePipelineState(132)) - No pipeline exists in current db
2019-09-25 10:59:57,923 [main] WARN  server.ServerUtils (ServerUtils.java:getScmDbDir(145)) - ozone.scm.db.dirs is not configured. We recommend adding this setting. Falling back to ozone.metadata.dirs instead.
2019-09-25 10:59:58,068 [main] WARN  events.EventQueue (EventQueue.java:fireEvent(183)) - No event handler registered for event TypedEvent{payloadType=SafeModeStatus, name='SafeModeStatus'}
2019-09-25 10:59:58,404 [main] INFO  ipc.CallQueueManager (CallQueueManager.java:<init>(84)) - Using callQueue: class java.util.concurrent.LinkedBlockingQueue, queueCapacity: 2000, scheduler: class org.apache.hadoop.ipc.DefaultRpcScheduler, ipcBackoff: false.
2019-09-25 10:59:58,430 [Socket Reader #1 for port 43430] INFO  ipc.Server (Server.java:run(1074)) - Starting Socket Reader #1 for port 43430
2019-09-25 10:59:58,555 [main] INFO  ipc.CallQueueManager (CallQueueManager.java:<init>(84)) - Using callQueue: class java.util.concurrent.LinkedBlockingQueue, queueCapacity: 2000, scheduler: class org.apache.hadoop.ipc.DefaultRpcScheduler, ipcBackoff: false.
2019-09-25 10:59:58,556 [Socket Reader #1 for port 42768] INFO  ipc.Server (Server.java:run(1074)) - Starting Socket Reader #1 for port 42768
2019-09-25 10:59:58,566 [main] INFO  ipc.CallQueueManager (CallQueueManager.java:<init>(84)) - Using callQueue: class java.util.concurrent.LinkedBlockingQueue, queueCapacity: 2000, scheduler: class org.apache.hadoop.ipc.DefaultRpcScheduler, ipcBackoff: false.
2019-09-25 10:59:58,567 [Socket Reader #1 for port 32773] INFO  ipc.Server (Server.java:run(1074)) - Starting Socket Reader #1 for port 32773
2019-09-25 10:59:58,588 [main] INFO  hdfs.DFSUtil (DFSUtil.java:httpServerTemplateForNNAndJN(1641)) - Starting Web-server for scm at: http://0.0.0.0:0
2019-09-25 10:59:58,720 [main] INFO  server.AuthenticationFilter (AuthenticationFilter.java:constructSecretProvider(240)) - Unable to initialize FileSignerSecretProvider, falling back to use random secrets.
2019-09-25 10:59:58,727 [main] WARN  http.HttpRequestLog (HttpRequestLog.java:getRequestLog(97)) - Jetty request log can only be enabled using Log4j
2019-09-25 10:59:58,734 [main] INFO  http.HttpServer2 (HttpServer2.java:addGlobalFilter(975)) - Added global filter 'safety' (class=org.apache.hadoop.http.HttpServer2$QuotingInputFilter)
2019-09-25 10:59:58,736 [main] INFO  http.HttpServer2 (HttpServer2.java:addFilter(948)) - Added filter static_user_filter (class=org.apache.hadoop.http.lib.StaticUserWebFilter$StaticUserFilter) to context scm
2019-09-25 10:59:58,737 [main] INFO  http.HttpServer2 (HttpServer2.java:addFilter(958)) - Added filter static_user_filter (class=org.apache.hadoop.http.lib.StaticUserWebFilter$StaticUserFilter) to context logs
2019-09-25 10:59:58,737 [main] INFO  http.HttpServer2 (HttpServer2.java:addFilter(958)) - Added filter static_user_filter (class=org.apache.hadoop.http.lib.StaticUserWebFilter$StaticUserFilter) to context static
2019-09-25 10:59:58,765 [main] INFO  server.StorageContainerManager (StorageContainerManager.java:start(770)) - StorageContainerLocationProtocol RPC server is listening at /0.0.0.0:32773
2019-09-25 10:59:58,822 [main] WARN  impl.MetricsConfig (MetricsConfig.java:loadFirst(134)) - Cannot locate configuration: tried hadoop-metrics2-storagecontainermanager.properties,hadoop-metrics2.properties
2019-09-25 10:59:58,834 [main] INFO  impl.MetricsSystemImpl (MetricsSystemImpl.java:startTimer(374)) - Scheduled Metric snapshot period at 10 second(s).
2019-09-25 10:59:58,834 [main] INFO  impl.MetricsSystemImpl (MetricsSystemImpl.java:start(191)) - StorageContainerManager metrics system started
2019-09-25 10:59:59,044 [main] INFO  server.SCMClientProtocolServer (SCMClientProtocolServer.java:start(151)) - RPC server for Client  is listening at /0.0.0.0:32773
2019-09-25 10:59:59,044 [IPC Server Responder] INFO  ipc.Server (Server.java:run(1314)) - IPC Server Responder: starting
2019-09-25 10:59:59,045 [IPC Server listener on 32773] INFO  ipc.Server (Server.java:run(1153)) - IPC Server listener on 32773: starting
2019-09-25 10:59:59,047 [main] INFO  server.StorageContainerManager (StorageContainerManager.java:start(780)) - ScmBlockLocationProtocol RPC server is listening at /0.0.0.0:42768
2019-09-25 10:59:59,048 [main] INFO  server.SCMBlockProtocolServer (SCMBlockProtocolServer.java:start(146)) - RPC server for Block Protocol is listening at /0.0.0.0:42768
2019-09-25 10:59:59,048 [IPC Server Responder] INFO  ipc.Server (Server.java:run(1314)) - IPC Server Responder: starting
2019-09-25 10:59:59,049 [IPC Server listener on 42768] INFO  ipc.Server (Server.java:run(1153)) - IPC Server listener on 42768: starting
2019-09-25 10:59:59,055 [main] INFO  server.StorageContainerManager (StorageContainerManager.java:start(784)) - ScmDatanodeProtocl RPC server is listening at /0.0.0.0:43430
2019-09-25 10:59:59,055 [main] INFO  server.SCMDatanodeProtocolServer (SCMDatanodeProtocolServer.java:start(191)) - RPC server for DataNodes is listening at /0.0.0.0:43430
2019-09-25 10:59:59,055 [IPC Server Responder] INFO  ipc.Server (Server.java:run(1314)) - IPC Server Responder: starting
2019-09-25 10:59:59,055 [IPC Server listener on 43430] INFO  ipc.Server (Server.java:run(1153)) - IPC Server listener on 43430: starting
2019-09-25 10:59:59,060 [main] INFO  http.HttpServer2 (HttpServer2.java:bindListener(1191)) - Jetty bound to port 39097
2019-09-25 10:59:59,062 [main] INFO  server.Server (Server.java:doStart(351)) - jetty-9.3.25.v20180904, build timestamp: 2018-09-04T21:11:46Z, git hash: 3ce520221d0240229c862b122d2b06c12a625732
2019-09-25 10:59:59,102 [main] INFO  handler.ContextHandler (ContextHandler.java:doStart(781)) - Started o.e.j.s.ServletContextHandler@4fce136b{/logs,file:///workdir/hadoop-ozone/integration-test/target/log,AVAILABLE}
2019-09-25 10:59:59,103 [main] INFO  handler.ContextHandler (ContextHandler.java:doStart(781)) - Started o.e.j.s.ServletContextHandler@43b6123e{/static,file:///workdir/hadoop-ozone/integration-test/target/test-classes/webapps/static,AVAILABLE}
2019-09-25 10:59:59,145 [main] INFO  handler.ContextHandler (ContextHandler.java:doStart(781)) - Started o.e.j.w.WebAppContext@6db66836{/,file:///workdir/hadoop-ozone/integration-test/target/test-classes/webapps/scm/,AVAILABLE}{/scm}
2019-09-25 10:59:59,151 [main] INFO  server.AbstractConnector (AbstractConnector.java:doStart(278)) - Started ServerConnector@1ee4730{HTTP/1.1,[http/1.1]}{0.0.0.0:39097}
2019-09-25 10:59:59,151 [main] INFO  server.Server (Server.java:doStart(419)) - Started @2698ms
2019-09-25 10:59:59,153 [main] INFO  impl.MetricsSinkAdapter (MetricsSinkAdapter.java:start(204)) - Sink prometheus started
2019-09-25 10:59:59,153 [main] INFO  impl.MetricsSystemImpl (MetricsSystemImpl.java:registerSink(301)) - Registered sink prometheus
2019-09-25 10:59:59,155 [main] INFO  server.BaseHttpServer (BaseHttpServer.java:updateConnectorAddress(215)) - HTTP server of SCM is listening at http://0.0.0.0:39097
2019-09-25 10:59:59,160 [org.apache.hadoop.util.JvmPauseMonitor$Monitor@51f49060] INFO  util.JvmPauseMonitor (JvmPauseMonitor.java:run(188)) - Starting JVM pause monitor
2019-09-25 10:59:59,163 [main] WARN  server.ServerUtils (ServerUtils.java:getDBPath(222)) - ozone.om.db.dirs is not configured. We recommend adding this setting. Falling back to ozone.metadata.dirs instead.
2019-09-25 10:59:59,324 [main] WARN  server.ServerUtils (ServerUtils.java:getDBPath(222)) - ozone.om.db.dirs is not configured. We recommend adding this setting. Falling back to ozone.metadata.dirs instead.
2019-09-25 10:59:59,325 [main] WARN  server.ServerUtils (ServerUtils.java:getDBPath(222)) - ozone.om.db.dirs is not configured. We recommend adding this setting. Falling back to ozone.metadata.dirs instead.
2019-09-25 10:59:59,326 [main] INFO  om.OzoneManager (OzoneManager.java:setOMNodeDetails(652)) - OM Service ID is not set. Setting it to the default ID: omServiceIdDefault
2019-09-25 10:59:59,326 [main] INFO  om.OzoneManager (OzoneManager.java:setOMNodeDetails(658)) - OM Node ID is not set. Setting it to the OmStorage's OmID: a325bb52-a6c2-4e50-9e53-64a4f5231e60
2019-09-25 10:59:59,328 [main] INFO  om.OzoneManager (OzoneManager.java:loadOMHAConfigs(609)) - Found matching OM address with OMServiceId: null, OMNodeId: null, RPC Address: localhost:0 and Ratis port: 9872
2019-09-25 10:59:59,996 [main] WARN  server.ServerUtils (ServerUtils.java:getDBPath(222)) - ozone.om.db.dirs is not configured. We recommend adding this setting. Falling back to ozone.metadata.dirs instead.
2019-09-25 11:00:00,002 [main] INFO  db.DBStoreBuilder (DBStoreBuilder.java:addTable(110)) - using custom profile for table: userTable
2019-09-25 11:00:00,003 [main] INFO  db.DBStoreBuilder (DBStoreBuilder.java:processTables(161)) - Using default column profile:DBProfile.DISK for Table:userTable
2019-09-25 11:00:00,003 [main] INFO  db.DBStoreBuilder (DBStoreBuilder.java:addTable(110)) - using custom profile for table: volumeTable
2019-09-25 11:00:00,003 [main] INFO  db.DBStoreBuilder (DBStoreBuilder.java:processTables(161)) - Using default column profile:DBProfile.DISK for Table:volumeTable
2019-09-25 11:00:00,003 [main] INFO  db.DBStoreBuilder (DBStoreBuilder.java:addTable(110)) - using custom profile for table: bucketTable
2019-09-25 11:00:00,003 [main] INFO  db.DBStoreBuilder (DBStoreBuilder.java:processTables(161)) - Using default column profile:DBProfile.DISK for Table:bucketTable
2019-09-25 11:00:00,004 [main] INFO  db.DBStoreBuilder (DBStoreBuilder.java:addTable(110)) - using custom profile for table: keyTable
2019-09-25 11:00:00,004 [main] INFO  db.DBStoreBuilder (DBStoreBuilder.java:processTables(161)) - Using default column profile:DBProfile.DISK for Table:keyTable
2019-09-25 11:00:00,004 [main] INFO  db.DBStoreBuilder (DBStoreBuilder.java:addTable(110)) - using custom profile for table: deletedTable
2019-09-25 11:00:00,004 [main] INFO  db.DBStoreBuilder (DBStoreBuilder.java:processTables(161)) - Using default column profile:DBProfile.DISK for Table:deletedTable
2019-09-25 11:00:00,005 [main] INFO  db.DBStoreBuilder (DBStoreBuilder.java:addTable(110)) - using custom profile for table: openKeyTable
2019-09-25 11:00:00,005 [main] INFO  db.DBStoreBuilder (DBStoreBuilder.java:processTables(161)) - Using default column profile:DBProfile.DISK for Table:openKeyTable
2019-09-25 11:00:00,005 [main] INFO  db.DBStoreBuilder (DBStoreBuilder.java:addTable(110)) - using custom profile for table: s3Table
2019-09-25 11:00:00,005 [main] INFO  db.DBStoreBuilder (DBStoreBuilder.java:processTables(161)) - Using default column profile:DBProfile.DISK for Table:s3Table
2019-09-25 11:00:00,006 [main] INFO  db.DBStoreBuilder (DBStoreBuilder.java:addTable(110)) - using custom profile for table: multipartInfoTable
2019-09-25 11:00:00,006 [main] INFO  db.DBStoreBuilder (DBStoreBuilder.java:processTables(161)) - Using default column profile:DBProfile.DISK for Table:multipartInfoTable
2019-09-25 11:00:00,006 [main] INFO  db.DBStoreBuilder (DBStoreBuilder.java:addTable(110)) - using custom profile for table: dTokenTable
2019-09-25 11:00:00,006 [main] INFO  db.DBStoreBuilder (DBStoreBuilder.java:processTables(161)) - Using default column profile:DBProfile.DISK for Table:dTokenTable
2019-09-25 11:00:00,007 [main] INFO  db.DBStoreBuilder (DBStoreBuilder.java:addTable(110)) - using custom profile for table: s3SecretTable
2019-09-25 11:00:00,007 [main] INFO  db.DBStoreBuilder (DBStoreBuilder.java:processTables(161)) - Using default column profile:DBProfile.DISK for Table:s3SecretTable
2019-09-25 11:00:00,007 [main] INFO  db.DBStoreBuilder (DBStoreBuilder.java:addTable(110)) - using custom profile for table: prefixTable
2019-09-25 11:00:00,007 [main] INFO  db.DBStoreBuilder (DBStoreBuilder.java:processTables(161)) - Using default column profile:DBProfile.DISK for Table:prefixTable
2019-09-25 11:00:00,008 [main] INFO  db.DBStoreBuilder (DBStoreBuilder.java:addTable(110)) - using custom profile for table: default
2019-09-25 11:00:00,008 [main] INFO  db.DBStoreBuilder (DBStoreBuilder.java:processTables(167)) - Using default column profile:DBProfile.DISK for Table:default
2019-09-25 11:00:00,008 [main] INFO  db.DBStoreBuilder (DBStoreBuilder.java:getDbProfile(198)) - Using default options. DBProfile.DISK
2019-09-25 11:00:00,453 [main] INFO  ipc.CallQueueManager (CallQueueManager.java:<init>(84)) - Using callQueue: class java.util.concurrent.LinkedBlockingQueue, queueCapacity: 2000, scheduler: class org.apache.hadoop.ipc.DefaultRpcScheduler, ipcBackoff: false.
2019-09-25 11:00:00,454 [Socket Reader #1 for port 34126] INFO  ipc.Server (Server.java:run(1074)) - Starting Socket Reader #1 for port 34126
2019-09-25 11:00:00,473 [main] INFO  om.OzoneManager (OzoneManager.java:start(1243)) - OzoneManager RPC server is listening at localhost/127.0.0.1:34126
2019-09-25 11:00:00,473 [main] INFO  impl.MetricsSystemImpl (MetricsSystemImpl.java:init(158)) - OzoneManager metrics system started (again)
2019-09-25 11:00:00,474 [IPC Server listener on 34126] INFO  ipc.Server (Server.java:run(1153)) - IPC Server listener on 34126: starting
2019-09-25 11:00:00,474 [IPC Server Responder] INFO  ipc.Server (Server.java:run(1314)) - IPC Server Responder: starting
2019-09-25 11:00:00,478 [main] INFO  hdfs.DFSUtil (DFSUtil.java:httpServerTemplateForNNAndJN(1641)) - Starting Web-server for ozoneManager at: http://0.0.0.0:0
2019-09-25 11:00:00,480 [main] INFO  server.AuthenticationFilter (AuthenticationFilter.java:constructSecretProvider(240)) - Unable to initialize FileSignerSecretProvider, falling back to use random secrets.
2019-09-25 11:00:00,480 [main] WARN  http.HttpRequestLog (HttpRequestLog.java:getRequestLog(97)) - Jetty request log can only be enabled using Log4j
2019-09-25 11:00:00,482 [main] INFO  http.HttpServer2 (HttpServer2.java:addGlobalFilter(975)) - Added global filter 'safety' (class=org.apache.hadoop.http.HttpServer2$QuotingInputFilter)
2019-09-25 11:00:00,483 [main] INFO  http.HttpServer2 (HttpServer2.java:addFilter(948)) - Added filter static_user_filter (class=org.apache.hadoop.http.lib.StaticUserWebFilter$StaticUserFilter) to context ozoneManager
2019-09-25 11:00:00,483 [main] INFO  http.HttpServer2 (HttpServer2.java:addFilter(958)) - Added filter static_user_filter (class=org.apache.hadoop.http.lib.StaticUserWebFilter$StaticUserFilter) to context static
2019-09-25 11:00:00,484 [main] INFO  http.HttpServer2 (HttpServer2.java:addFilter(958)) - Added filter static_user_filter (class=org.apache.hadoop.http.lib.StaticUserWebFilter$StaticUserFilter) to context logs
2019-09-25 11:00:00,485 [main] INFO  http.HttpServer2 (HttpServer2.java:bindListener(1191)) - Jetty bound to port 41128
2019-09-25 11:00:00,486 [main] INFO  server.Server (Server.java:doStart(351)) - jetty-9.3.25.v20180904, build timestamp: 2018-09-04T21:11:46Z, git hash: 3ce520221d0240229c862b122d2b06c12a625732
2019-09-25 11:00:00,488 [main] INFO  handler.ContextHandler (ContextHandler.java:doStart(781)) - Started o.e.j.s.ServletContextHandler@20ed3303{/logs,file:///workdir/hadoop-ozone/integration-test/target/log,AVAILABLE}
2019-09-25 11:00:00,488 [main] INFO  handler.ContextHandler (ContextHandler.java:doStart(781)) - Started o.e.j.s.ServletContextHandler@3a627c80{/static,file:///workdir/hadoop-ozone/integration-test/target/test-classes/webapps/static,AVAILABLE}
2019-09-25 11:00:00,493 [main] INFO  handler.ContextHandler (ContextHandler.java:doStart(781)) - Started o.e.j.w.WebAppContext@415156bf{/,file:///workdir/hadoop-ozone/integration-test/target/test-classes/webapps/ozoneManager/,AVAILABLE}{/ozoneManager}
2019-09-25 11:00:00,493 [main] INFO  server.AbstractConnector (AbstractConnector.java:doStart(278)) - Started ServerConnector@393881f0{HTTP/1.1,[http/1.1]}{0.0.0.0:41128}
2019-09-25 11:00:00,494 [main] INFO  server.Server (Server.java:doStart(419)) - Started @4041ms
2019-09-25 11:00:00,494 [main] WARN  impl.MetricsSystemImpl (MetricsSystemImpl.java:register(276)) - Sink prometheus already exists!
2019-09-25 11:00:00,494 [main] INFO  server.BaseHttpServer (BaseHttpServer.java:updateConnectorAddress(215)) - HTTP server of OZONEMANAGER is listening at http://0.0.0.0:41128
2019-09-25 11:00:00,782 [main] INFO  impl.MetricsSystemImpl (MetricsSystemImpl.java:init(158)) - HddsDatanode metrics system started (again)
2019-09-25 11:00:00,826 [main] INFO  ozone.HddsDatanodeService (HddsDatanodeService.java:start(184)) - HddsDatanodeService host:pr-hdds-1569-5gmkr-4255264070 ip:192.168.30.6
2019-09-25 11:00:00,856 [main] INFO  volume.HddsVolume (HddsVolume.java:<init>(176)) - Creating Volume: /workdir/hadoop-ozone/integration-test/target/test-dir/MiniOzoneClusterImpl-cb8ecd13-95cc-47fe-8445-93be882af5d4/datanode-0/data/containers/hdds of  storage type : DISK and capacity : 1482555576320
2019-09-25 11:00:00,858 [main] INFO  volume.VolumeSet (VolumeSet.java:initializeVolumeSet(170)) - Added Volume : /workdir/hadoop-ozone/integration-test/target/test-dir/MiniOzoneClusterImpl-cb8ecd13-95cc-47fe-8445-93be882af5d4/datanode-0/data/containers/hdds to VolumeSet
2019-09-25 11:00:00,861 [main] INFO  volume.ThrottledAsyncChecker (ThrottledAsyncChecker.java:schedule(139)) - Scheduling a check for org.apache.hadoop.ozone.container.common.volume.HddsVolume@59496961
2019-09-25 11:00:00,878 [main] INFO  volume.HddsVolumeChecker (HddsVolumeChecker.java:checkAllVolumes(202)) - Scheduled health check for volume org.apache.hadoop.ozone.container.common.volume.HddsVolume@59496961
2019-09-25 11:00:00,976 [main] INFO  impl.RaftServerProxy (ConfUtils.java:logGet(43)) - raft.rpc.type = GRPC (default)
2019-09-25 11:00:01,036 [main] INFO  grpc.GrpcFactory (GrpcFactory.java:checkPooledByteBufAllocatorUseCacheForAllThreads(45)) - PERFORMANCE WARNING: useCacheForAllThreads is true that may cause Netty to create a lot garbage objects and, as a result, trigger GC.
	It is recommended to disable useCacheForAllThreads by setting -Dorg.apache.ratis.thirdparty.io.netty.allocator.useCacheForAllThreads=false in command line.
2019-09-25 11:00:01,041 [main] INFO  grpc.GrpcConfigKeys$Server (ConfUtils.java:logGet(43)) - raft.grpc.server.port = 0 (default)
2019-09-25 11:00:01,042 [main] INFO  server.GrpcService (ConfUtils.java:logGet(43)) - raft.grpc.message.size.max = 33570816 (custom)
2019-09-25 11:00:01,043 [main] INFO  server.RaftServerConfigKeys (ConfUtils.java:logGet(43)) - raft.server.log.appender.buffer.byte-limit = 33554432 (custom)
2019-09-25 11:00:01,044 [main] INFO  server.GrpcService (ConfUtils.java:logGet(43)) - raft.grpc.flow.control.window = 1MB (=1048576) (default)
2019-09-25 11:00:01,044 [main] INFO  server.RaftServerConfigKeys (ConfUtils.java:logGet(43)) - raft.server.rpc.request.timeout = 3000ms (default)
2019-09-25 11:00:01,186 [main] INFO  server.RaftServerConfigKeys (ConfUtils.java:logGet(43)) - raft.server.storage.dir = [/workdir/hadoop-ozone/integration-test/target/test-dir/MiniOzoneClusterImpl-cb8ecd13-95cc-47fe-8445-93be882af5d4/datanode-0/data/ratis] (custom)
2019-09-25 11:00:01,233 [main] INFO  hdfs.DFSUtil (DFSUtil.java:httpServerTemplateForNNAndJN(1641)) - Starting Web-server for hddsDatanode at: http://0.0.0.0:0
2019-09-25 11:00:01,235 [main] INFO  server.AuthenticationFilter (AuthenticationFilter.java:constructSecretProvider(240)) - Unable to initialize FileSignerSecretProvider, falling back to use random secrets.
2019-09-25 11:00:01,236 [main] WARN  http.HttpRequestLog (HttpRequestLog.java:getRequestLog(97)) - Jetty request log can only be enabled using Log4j
2019-09-25 11:00:01,238 [main] INFO  http.HttpServer2 (HttpServer2.java:addGlobalFilter(975)) - Added global filter 'safety' (class=org.apache.hadoop.http.HttpServer2$QuotingInputFilter)
2019-09-25 11:00:01,239 [main] INFO  http.HttpServer2 (HttpServer2.java:addFilter(948)) - Added filter static_user_filter (class=org.apache.hadoop.http.lib.StaticUserWebFilter$StaticUserFilter) to context hddsDatanode
2019-09-25 11:00:01,239 [main] INFO  http.HttpServer2 (HttpServer2.java:addFilter(958)) - Added filter static_user_filter (class=org.apache.hadoop.http.lib.StaticUserWebFilter$StaticUserFilter) to context logs
2019-09-25 11:00:01,239 [main] INFO  http.HttpServer2 (HttpServer2.java:addFilter(958)) - Added filter static_user_filter (class=org.apache.hadoop.http.lib.StaticUserWebFilter$StaticUserFilter) to context static
2019-09-25 11:00:01,241 [main] INFO  http.HttpServer2 (HttpServer2.java:bindListener(1191)) - Jetty bound to port 43003
2019-09-25 11:00:01,241 [main] INFO  server.Server (Server.java:doStart(351)) - jetty-9.3.25.v20180904, build timestamp: 2018-09-04T21:11:46Z, git hash: 3ce520221d0240229c862b122d2b06c12a625732
2019-09-25 11:00:01,243 [main] INFO  handler.ContextHandler (ContextHandler.java:doStart(781)) - Started o.e.j.s.ServletContextHandler@43045f9f{/logs,file:///workdir/hadoop-ozone/integration-test/target/log,AVAILABLE}
2019-09-25 11:00:01,244 [main] INFO  handler.ContextHandler (ContextHandler.java:doStart(781)) - Started o.e.j.s.ServletContextHandler@6403e24c{/static,jar:file:/home/user/.m2/repository/org/apache/hadoop/hadoop-hdds-container-service/0.5.0-SNAPSHOT/hadoop-hdds-container-service-0.5.0-SNAPSHOT.jar!/webapps/static,AVAILABLE}
2019-09-25 11:00:01,283 [main] INFO  handler.ContextHandler (ContextHandler.java:doStart(781)) - Started o.e.j.w.WebAppContext@5df778c3{/,file:///tmp/jetty-0.0.0.0-43003-hddsDatanode-_-any-4703217789829835383.dir/webapp/,AVAILABLE}{/hddsDatanode}
2019-09-25 11:00:01,283 [main] INFO  server.AbstractConnector (AbstractConnector.java:doStart(278)) - Started ServerConnector@895416d{HTTP/1.1,[http/1.1]}{0.0.0.0:43003}
2019-09-25 11:00:01,284 [main] INFO  server.Server (Server.java:doStart(419)) - Started @4830ms
2019-09-25 11:00:01,284 [main] WARN  impl.MetricsSystemImpl (MetricsSystemImpl.java:register(276)) - Sink prometheus already exists!
2019-09-25 11:00:01,285 [main] INFO  server.BaseHttpServer (BaseHttpServer.java:updateConnectorAddress(215)) - HTTP server of HDDSDATANODE is listening at http://0.0.0.0:43003
2019-09-25 11:00:01,287 [main] INFO  impl.MetricsSystemImpl (MetricsSystemImpl.java:init(158)) - HddsDatanode metrics system started (again)
2019-09-25 11:00:01,289 [main] INFO  ozone.HddsDatanodeService (HddsDatanodeService.java:start(184)) - HddsDatanodeService host:pr-hdds-1569-5gmkr-4255264070 ip:192.168.30.6
2019-09-25 11:00:01,290 [org.apache.hadoop.util.JvmPauseMonitor$Monitor@78f49be6] INFO  util.JvmPauseMonitor (JvmPauseMonitor.java:run(188)) - Starting JVM pause monitor
2019-09-25 11:00:01,296 [main] INFO  volume.HddsVolume (HddsVolume.java:<init>(176)) - Creating Volume: /workdir/hadoop-ozone/integration-test/target/test-dir/MiniOzoneClusterImpl-cb8ecd13-95cc-47fe-8445-93be882af5d4/datanode-1/data/containers/hdds of  storage type : DISK and capacity : 1482555576320
2019-09-25 11:00:01,297 [main] INFO  volume.VolumeSet (VolumeSet.java:initializeVolumeSet(170)) - Added Volume : /workdir/hadoop-ozone/integration-test/target/test-dir/MiniOzoneClusterImpl-cb8ecd13-95cc-47fe-8445-93be882af5d4/datanode-1/data/containers/hdds to VolumeSet
2019-09-25 11:00:01,297 [main] INFO  volume.ThrottledAsyncChecker (ThrottledAsyncChecker.java:schedule(139)) - Scheduling a check for org.apache.hadoop.ozone.container.common.volume.HddsVolume@55e42449
2019-09-25 11:00:01,297 [main] INFO  volume.HddsVolumeChecker (HddsVolumeChecker.java:checkAllVolumes(202)) - Scheduled health check for volume org.apache.hadoop.ozone.container.common.volume.HddsVolume@55e42449
2019-09-25 11:00:01,313 [main] INFO  impl.RaftServerProxy (ConfUtils.java:logGet(43)) - raft.rpc.type = GRPC (default)
2019-09-25 11:00:01,313 [main] INFO  grpc.GrpcFactory (GrpcFactory.java:checkPooledByteBufAllocatorUseCacheForAllThreads(45)) - PERFORMANCE WARNING: useCacheForAllThreads is true that may cause Netty to create a lot garbage objects and, as a result, trigger GC.
	It is recommended to disable useCacheForAllThreads by setting -Dorg.apache.ratis.thirdparty.io.netty.allocator.useCacheForAllThreads=false in command line.
2019-09-25 11:00:01,313 [main] INFO  grpc.GrpcConfigKeys$Server (ConfUtils.java:logGet(43)) - raft.grpc.server.port = 0 (default)
2019-09-25 11:00:01,314 [main] INFO  server.GrpcService (ConfUtils.java:logGet(43)) - raft.grpc.message.size.max = 33570816 (custom)
2019-09-25 11:00:01,314 [main] INFO  server.RaftServerConfigKeys (ConfUtils.java:logGet(43)) - raft.server.log.appender.buffer.byte-limit = 33554432 (custom)
2019-09-25 11:00:01,314 [main] INFO  server.GrpcService (ConfUtils.java:logGet(43)) - raft.grpc.flow.control.window = 1MB (=1048576) (default)
2019-09-25 11:00:01,314 [main] INFO  server.RaftServerConfigKeys (ConfUtils.java:logGet(43)) - raft.server.rpc.request.timeout = 3000ms (default)
2019-09-25 11:00:01,315 [main] INFO  server.RaftServerConfigKeys (ConfUtils.java:logGet(43)) - raft.server.storage.dir = [/workdir/hadoop-ozone/integration-test/target/test-dir/MiniOzoneClusterImpl-cb8ecd13-95cc-47fe-8445-93be882af5d4/datanode-1/data/ratis] (custom)
2019-09-25 11:00:01,317 [main] INFO  hdfs.DFSUtil (DFSUtil.java:httpServerTemplateForNNAndJN(1641)) - Starting Web-server for hddsDatanode at: http://0.0.0.0:0
2019-09-25 11:00:01,318 [main] INFO  server.AuthenticationFilter (AuthenticationFilter.java:constructSecretProvider(240)) - Unable to initialize FileSignerSecretProvider, falling back to use random secrets.
2019-09-25 11:00:01,319 [main] WARN  http.HttpRequestLog (HttpRequestLog.java:getRequestLog(97)) - Jetty request log can only be enabled using Log4j
2019-09-25 11:00:01,321 [main] INFO  http.HttpServer2 (HttpServer2.java:addGlobalFilter(975)) - Added global filter 'safety' (class=org.apache.hadoop.http.HttpServer2$QuotingInputFilter)
2019-09-25 11:00:01,321 [main] INFO  http.HttpServer2 (HttpServer2.java:addFilter(948)) - Added filter static_user_filter (class=org.apache.hadoop.http.lib.StaticUserWebFilter$StaticUserFilter) to context hddsDatanode
2019-09-25 11:00:01,322 [main] INFO  http.HttpServer2 (HttpServer2.java:addFilter(958)) - Added filter static_user_filter (class=org.apache.hadoop.http.lib.StaticUserWebFilter$StaticUserFilter) to context logs
2019-09-25 11:00:01,322 [main] INFO  http.HttpServer2 (HttpServer2.java:addFilter(958)) - Added filter static_user_filter (class=org.apache.hadoop.http.lib.StaticUserWebFilter$StaticUserFilter) to context static
2019-09-25 11:00:01,323 [main] INFO  http.HttpServer2 (HttpServer2.java:bindListener(1191)) - Jetty bound to port 32800
2019-09-25 11:00:01,323 [main] INFO  server.Server (Server.java:doStart(351)) - jetty-9.3.25.v20180904, build timestamp: 2018-09-04T21:11:46Z, git hash: 3ce520221d0240229c862b122d2b06c12a625732
2019-09-25 11:00:01,326 [main] INFO  handler.ContextHandler (ContextHandler.java:doStart(781)) - Started o.e.j.s.ServletContextHandler@c27a3a2{/logs,file:///workdir/hadoop-ozone/integration-test/target/log,AVAILABLE}
2019-09-25 11:00:01,326 [main] INFO  handler.ContextHandler (ContextHandler.java:doStart(781)) - Started o.e.j.s.ServletContextHandler@1a2bcd56{/static,jar:file:/home/user/.m2/repository/org/apache/hadoop/hadoop-hdds-container-service/0.5.0-SNAPSHOT/hadoop-hdds-container-service-0.5.0-SNAPSHOT.jar!/webapps/static,AVAILABLE}
2019-09-25 11:00:01,365 [main] INFO  handler.ContextHandler (ContextHandler.java:doStart(781)) - Started o.e.j.w.WebAppContext@52d97ab6{/,file:///tmp/jetty-0.0.0.0-32800-hddsDatanode-_-any-6501666352956777294.dir/webapp/,AVAILABLE}{/hddsDatanode}
2019-09-25 11:00:01,365 [main] INFO  server.AbstractConnector (AbstractConnector.java:doStart(278)) - Started ServerConnector@4da6d664{HTTP/1.1,[http/1.1]}{0.0.0.0:32800}
2019-09-25 11:00:01,366 [main] INFO  server.Server (Server.java:doStart(419)) - Started @4913ms
2019-09-25 11:00:01,367 [main] WARN  impl.MetricsSystemImpl (MetricsSystemImpl.java:register(276)) - Sink prometheus already exists!
2019-09-25 11:00:01,368 [main] INFO  server.BaseHttpServer (BaseHttpServer.java:updateConnectorAddress(215)) - HTTP server of HDDSDATANODE is listening at http://0.0.0.0:32800
2019-09-25 11:00:01,368 [main] INFO  impl.MetricsSystemImpl (MetricsSystemImpl.java:init(158)) - HddsDatanode metrics system started (again)
2019-09-25 11:00:01,370 [org.apache.hadoop.util.JvmPauseMonitor$Monitor@3270c868] INFO  util.JvmPauseMonitor (JvmPauseMonitor.java:run(188)) - Starting JVM pause monitor
2019-09-25 11:00:01,373 [main] INFO  ozone.HddsDatanodeService (HddsDatanodeService.java:start(184)) - HddsDatanodeService host:pr-hdds-1569-5gmkr-4255264070 ip:192.168.30.6
2019-09-25 11:00:01,380 [main] INFO  volume.HddsVolume (HddsVolume.java:<init>(176)) - Creating Volume: /workdir/hadoop-ozone/integration-test/target/test-dir/MiniOzoneClusterImpl-cb8ecd13-95cc-47fe-8445-93be882af5d4/datanode-2/data/containers/hdds of  storage type : DISK and capacity : 1482555576320
2019-09-25 11:00:01,380 [main] INFO  volume.VolumeSet (VolumeSet.java:initializeVolumeSet(170)) - Added Volume : /workdir/hadoop-ozone/integration-test/target/test-dir/MiniOzoneClusterImpl-cb8ecd13-95cc-47fe-8445-93be882af5d4/datanode-2/data/containers/hdds to VolumeSet
2019-09-25 11:00:01,380 [main] INFO  volume.ThrottledAsyncChecker (ThrottledAsyncChecker.java:schedule(139)) - Scheduling a check for org.apache.hadoop.ozone.container.common.volume.HddsVolume@65e21ce3
2019-09-25 11:00:01,381 [main] INFO  volume.HddsVolumeChecker (HddsVolumeChecker.java:checkAllVolumes(202)) - Scheduled health check for volume org.apache.hadoop.ozone.container.common.volume.HddsVolume@65e21ce3
2019-09-25 11:00:01,393 [main] INFO  impl.RaftServerProxy (ConfUtils.java:logGet(43)) - raft.rpc.type = GRPC (default)
2019-09-25 11:00:01,394 [main] INFO  grpc.GrpcFactory (GrpcFactory.java:checkPooledByteBufAllocatorUseCacheForAllThreads(45)) - PERFORMANCE WARNING: useCacheForAllThreads is true that may cause Netty to create a lot garbage objects and, as a result, trigger GC.
	It is recommended to disable useCacheForAllThreads by setting -Dorg.apache.ratis.thirdparty.io.netty.allocator.useCacheForAllThreads=false in command line.
2019-09-25 11:00:01,394 [main] INFO  grpc.GrpcConfigKeys$Server (ConfUtils.java:logGet(43)) - raft.grpc.server.port = 0 (default)
2019-09-25 11:00:01,394 [main] INFO  server.GrpcService (ConfUtils.java:logGet(43)) - raft.grpc.message.size.max = 33570816 (custom)
2019-09-25 11:00:01,394 [main] INFO  server.RaftServerConfigKeys (ConfUtils.java:logGet(43)) - raft.server.log.appender.buffer.byte-limit = 33554432 (custom)
2019-09-25 11:00:01,395 [main] INFO  server.GrpcService (ConfUtils.java:logGet(43)) - raft.grpc.flow.control.window = 1MB (=1048576) (default)
2019-09-25 11:00:01,395 [main] INFO  server.RaftServerConfigKeys (ConfUtils.java:logGet(43)) - raft.server.rpc.request.timeout = 3000ms (default)
2019-09-25 11:00:01,395 [main] INFO  server.RaftServerConfigKeys (ConfUtils.java:logGet(43)) - raft.server.storage.dir = [/workdir/hadoop-ozone/integration-test/target/test-dir/MiniOzoneClusterImpl-cb8ecd13-95cc-47fe-8445-93be882af5d4/datanode-2/data/ratis] (custom)
2019-09-25 11:00:01,397 [main] INFO  hdfs.DFSUtil (DFSUtil.java:httpServerTemplateForNNAndJN(1641)) - Starting Web-server for hddsDatanode at: http://0.0.0.0:0
2019-09-25 11:00:01,398 [main] INFO  server.AuthenticationFilter (AuthenticationFilter.java:constructSecretProvider(240)) - Unable to initialize FileSignerSecretProvider, falling back to use random secrets.
2019-09-25 11:00:01,399 [main] WARN  http.HttpRequestLog (HttpRequestLog.java:getRequestLog(97)) - Jetty request log can only be enabled using Log4j
2019-09-25 11:00:01,401 [main] INFO  http.HttpServer2 (HttpServer2.java:addGlobalFilter(975)) - Added global filter 'safety' (class=org.apache.hadoop.http.HttpServer2$QuotingInputFilter)
2019-09-25 11:00:01,402 [main] INFO  http.HttpServer2 (HttpServer2.java:addFilter(948)) - Added filter static_user_filter (class=org.apache.hadoop.http.lib.StaticUserWebFilter$StaticUserFilter) to context hddsDatanode
2019-09-25 11:00:01,402 [main] INFO  http.HttpServer2 (HttpServer2.java:addFilter(958)) - Added filter static_user_filter (class=org.apache.hadoop.http.lib.StaticUserWebFilter$StaticUserFilter) to context static
2019-09-25 11:00:01,402 [main] INFO  http.HttpServer2 (HttpServer2.java:addFilter(958)) - Added filter static_user_filter (class=org.apache.hadoop.http.lib.StaticUserWebFilter$StaticUserFilter) to context logs
2019-09-25 11:00:01,403 [main] INFO  http.HttpServer2 (HttpServer2.java:bindListener(1191)) - Jetty bound to port 41287
2019-09-25 11:00:01,403 [main] INFO  server.Server (Server.java:doStart(351)) - jetty-9.3.25.v20180904, build timestamp: 2018-09-04T21:11:46Z, git hash: 3ce520221d0240229c862b122d2b06c12a625732
2019-09-25 11:00:01,407 [main] INFO  handler.ContextHandler (ContextHandler.java:doStart(781)) - Started o.e.j.s.ServletContextHandler@7100dea{/logs,file:///workdir/hadoop-ozone/integration-test/target/log,AVAILABLE}
2019-09-25 11:00:01,408 [main] INFO  handler.ContextHandler (ContextHandler.java:doStart(781)) - Started o.e.j.s.ServletContextHandler@32e54a9d{/static,jar:file:/home/user/.m2/repository/org/apache/hadoop/hadoop-hdds-container-service/0.5.0-SNAPSHOT/hadoop-hdds-container-service-0.5.0-SNAPSHOT.jar!/webapps/static,AVAILABLE}
2019-09-25 11:00:01,409 [Datanode State Machine Thread - 0] INFO  datanode.InitDatanodeState (InitDatanodeState.java:persistContainerDatanodeDetails(140)) - DatanodeDetails is persisted to /workdir/hadoop-ozone/integration-test/target/test-dir/MiniOzoneClusterImpl-cb8ecd13-95cc-47fe-8445-93be882af5d4/datanode-0/meta/datanode.id
2019-09-25 11:00:01,413 [Datanode State Machine Thread - 0] INFO  datanode.InitDatanodeState (InitDatanodeState.java:persistContainerDatanodeDetails(140)) - DatanodeDetails is persisted to /workdir/hadoop-ozone/integration-test/target/test-dir/MiniOzoneClusterImpl-cb8ecd13-95cc-47fe-8445-93be882af5d4/datanode-1/meta/datanode.id
2019-09-25 11:00:01,440 [main] INFO  handler.ContextHandler (ContextHandler.java:doStart(781)) - Started o.e.j.w.WebAppContext@588f63c{/,file:///tmp/jetty-0.0.0.0-41287-hddsDatanode-_-any-1807589537916301745.dir/webapp/,AVAILABLE}{/hddsDatanode}
2019-09-25 11:00:01,442 [main] INFO  server.AbstractConnector (AbstractConnector.java:doStart(278)) - Started ServerConnector@5a6fa56e{HTTP/1.1,[http/1.1]}{0.0.0.0:41287}
2019-09-25 11:00:01,445 [main] INFO  server.Server (Server.java:doStart(419)) - Started @4992ms
2019-09-25 11:00:01,445 [main] WARN  impl.MetricsSystemImpl (MetricsSystemImpl.java:register(276)) - Sink prometheus already exists!
2019-09-25 11:00:01,446 [main] INFO  server.BaseHttpServer (BaseHttpServer.java:updateConnectorAddress(215)) - HTTP server of HDDSDATANODE is listening at http://0.0.0.0:41287
2019-09-25 11:00:01,446 [main] INFO  impl.MetricsSystemImpl (MetricsSystemImpl.java:init(158)) - HddsDatanode metrics system started (again)
2019-09-25 11:00:01,449 [org.apache.hadoop.util.JvmPauseMonitor$Monitor@6801ca99] INFO  util.JvmPauseMonitor (JvmPauseMonitor.java:run(188)) - Starting JVM pause monitor
2019-09-25 11:00:01,449 [main] INFO  ozone.HddsDatanodeService (HddsDatanodeService.java:start(184)) - HddsDatanodeService host:pr-hdds-1569-5gmkr-4255264070 ip:192.168.30.6
2019-09-25 11:00:01,451 [Datanode State Machine Thread - 0] INFO  datanode.InitDatanodeState (InitDatanodeState.java:persistContainerDatanodeDetails(140)) - DatanodeDetails is persisted to /workdir/hadoop-ozone/integration-test/target/test-dir/MiniOzoneClusterImpl-cb8ecd13-95cc-47fe-8445-93be882af5d4/datanode-2/meta/datanode.id
2019-09-25 11:00:01,455 [main] INFO  volume.HddsVolume (HddsVolume.java:<init>(176)) - Creating Volume: /workdir/hadoop-ozone/integration-test/target/test-dir/MiniOzoneClusterImpl-cb8ecd13-95cc-47fe-8445-93be882af5d4/datanode-3/data/containers/hdds of  storage type : DISK and capacity : 1482555576320
2019-09-25 11:00:01,456 [main] INFO  volume.VolumeSet (VolumeSet.java:initializeVolumeSet(170)) - Added Volume : /workdir/hadoop-ozone/integration-test/target/test-dir/MiniOzoneClusterImpl-cb8ecd13-95cc-47fe-8445-93be882af5d4/datanode-3/data/containers/hdds to VolumeSet
2019-09-25 11:00:01,456 [main] INFO  volume.ThrottledAsyncChecker (ThrottledAsyncChecker.java:schedule(139)) - Scheduling a check for org.apache.hadoop.ozone.container.common.volume.HddsVolume@7efb53af
2019-09-25 11:00:01,456 [main] INFO  volume.HddsVolumeChecker (HddsVolumeChecker.java:checkAllVolumes(202)) - Scheduled health check for volume org.apache.hadoop.ozone.container.common.volume.HddsVolume@7efb53af
2019-09-25 11:00:01,468 [main] INFO  impl.RaftServerProxy (ConfUtils.java:logGet(43)) - raft.rpc.type = GRPC (default)
2019-09-25 11:00:01,468 [main] INFO  grpc.GrpcFactory (GrpcFactory.java:checkPooledByteBufAllocatorUseCacheForAllThreads(45)) - PERFORMANCE WARNING: useCacheForAllThreads is true that may cause Netty to create a lot garbage objects and, as a result, trigger GC.
	It is recommended to disable useCacheForAllThreads by setting -Dorg.apache.ratis.thirdparty.io.netty.allocator.useCacheForAllThreads=false in command line.
2019-09-25 11:00:01,469 [main] INFO  grpc.GrpcConfigKeys$Server (ConfUtils.java:logGet(43)) - raft.grpc.server.port = 0 (default)
2019-09-25 11:00:01,469 [main] INFO  server.GrpcService (ConfUtils.java:logGet(43)) - raft.grpc.message.size.max = 33570816 (custom)
2019-09-25 11:00:01,469 [main] INFO  server.RaftServerConfigKeys (ConfUtils.java:logGet(43)) - raft.server.log.appender.buffer.byte-limit = 33554432 (custom)
2019-09-25 11:00:01,469 [main] INFO  server.GrpcService (ConfUtils.java:logGet(43)) - raft.grpc.flow.control.window = 1MB (=1048576) (default)
2019-09-25 11:00:01,469 [main] INFO  server.RaftServerConfigKeys (ConfUtils.java:logGet(43)) - raft.server.rpc.request.timeout = 3000ms (default)
2019-09-25 11:00:01,470 [main] INFO  server.RaftServerConfigKeys (ConfUtils.java:logGet(43)) - raft.server.storage.dir = [/workdir/hadoop-ozone/integration-test/target/test-dir/MiniOzoneClusterImpl-cb8ecd13-95cc-47fe-8445-93be882af5d4/datanode-3/data/ratis] (custom)
2019-09-25 11:00:01,471 [main] INFO  hdfs.DFSUtil (DFSUtil.java:httpServerTemplateForNNAndJN(1641)) - Starting Web-server for hddsDatanode at: http://0.0.0.0:0
2019-09-25 11:00:01,473 [main] INFO  server.AuthenticationFilter (AuthenticationFilter.java:constructSecretProvider(240)) - Unable to initialize FileSignerSecretProvider, falling back to use random secrets.
2019-09-25 11:00:01,474 [main] WARN  http.HttpRequestLog (HttpRequestLog.java:getRequestLog(97)) - Jetty request log can only be enabled using Log4j
2019-09-25 11:00:01,476 [main] INFO  http.HttpServer2 (HttpServer2.java:addGlobalFilter(975)) - Added global filter 'safety' (class=org.apache.hadoop.http.HttpServer2$QuotingInputFilter)
2019-09-25 11:00:01,477 [main] INFO  http.HttpServer2 (HttpServer2.java:addFilter(948)) - Added filter static_user_filter (class=org.apache.hadoop.http.lib.StaticUserWebFilter$StaticUserFilter) to context hddsDatanode
2019-09-25 11:00:01,477 [main] INFO  http.HttpServer2 (HttpServer2.java:addFilter(958)) - Added filter static_user_filter (class=org.apache.hadoop.http.lib.StaticUserWebFilter$StaticUserFilter) to context logs
2019-09-25 11:00:01,477 [main] INFO  http.HttpServer2 (HttpServer2.java:addFilter(958)) - Added filter static_user_filter (class=org.apache.hadoop.http.lib.StaticUserWebFilter$StaticUserFilter) to context static
2019-09-25 11:00:01,478 [main] INFO  http.HttpServer2 (HttpServer2.java:bindListener(1191)) - Jetty bound to port 45120
2019-09-25 11:00:01,479 [main] INFO  server.Server (Server.java:doStart(351)) - jetty-9.3.25.v20180904, build timestamp: 2018-09-04T21:11:46Z, git hash: 3ce520221d0240229c862b122d2b06c12a625732
2019-09-25 11:00:01,481 [main] INFO  handler.ContextHandler (ContextHandler.java:doStart(781)) - Started o.e.j.s.ServletContextHandler@72f9f27c{/logs,file:///workdir/hadoop-ozone/integration-test/target/log,AVAILABLE}
2019-09-25 11:00:01,482 [main] INFO  handler.ContextHandler (ContextHandler.java:doStart(781)) - Started o.e.j.s.ServletContextHandler@762637be{/static,jar:file:/home/user/.m2/repository/org/apache/hadoop/hadoop-hdds-container-service/0.5.0-SNAPSHOT/hadoop-hdds-container-service-0.5.0-SNAPSHOT.jar!/webapps/static,AVAILABLE}
2019-09-25 11:00:01,521 [main] INFO  handler.ContextHandler (ContextHandler.java:doStart(781)) - Started o.e.j.w.WebAppContext@715b886f{/,file:///tmp/jetty-0.0.0.0-45120-hddsDatanode-_-any-1233120979831873651.dir/webapp/,AVAILABLE}{/hddsDatanode}
2019-09-25 11:00:01,523 [main] INFO  server.AbstractConnector (AbstractConnector.java:doStart(278)) - Started ServerConnector@7fb29ca9{HTTP/1.1,[http/1.1]}{0.0.0.0:45120}
2019-09-25 11:00:01,524 [main] INFO  server.Server (Server.java:doStart(419)) - Started @5071ms
2019-09-25 11:00:01,524 [main] WARN  impl.MetricsSystemImpl (MetricsSystemImpl.java:register(276)) - Sink prometheus already exists!
2019-09-25 11:00:01,525 [main] INFO  server.BaseHttpServer (BaseHttpServer.java:updateConnectorAddress(215)) - HTTP server of HDDSDATANODE is listening at http://0.0.0.0:45120
2019-09-25 11:00:01,525 [main] INFO  impl.MetricsSystemImpl (MetricsSystemImpl.java:init(158)) - HddsDatanode metrics system started (again)
2019-09-25 11:00:01,528 [org.apache.hadoop.util.JvmPauseMonitor$Monitor@3a847a4a] INFO  util.JvmPauseMonitor (JvmPauseMonitor.java:run(188)) - Starting JVM pause monitor
2019-09-25 11:00:01,529 [main] INFO  ozone.HddsDatanodeService (HddsDatanodeService.java:start(184)) - HddsDatanodeService host:pr-hdds-1569-5gmkr-4255264070 ip:192.168.30.6
2019-09-25 11:00:01,531 [Datanode State Machine Thread - 0] INFO  datanode.InitDatanodeState (InitDatanodeState.java:persistContainerDatanodeDetails(140)) - DatanodeDetails is persisted to /workdir/hadoop-ozone/integration-test/target/test-dir/MiniOzoneClusterImpl-cb8ecd13-95cc-47fe-8445-93be882af5d4/datanode-3/meta/datanode.id
2019-09-25 11:00:01,536 [main] INFO  volume.HddsVolume (HddsVolume.java:<init>(176)) - Creating Volume: /workdir/hadoop-ozone/integration-test/target/test-dir/MiniOzoneClusterImpl-cb8ecd13-95cc-47fe-8445-93be882af5d4/datanode-4/data/containers/hdds of  storage type : DISK and capacity : 1482555576320
2019-09-25 11:00:01,536 [main] INFO  volume.VolumeSet (VolumeSet.java:initializeVolumeSet(170)) - Added Volume : /workdir/hadoop-ozone/integration-test/target/test-dir/MiniOzoneClusterImpl-cb8ecd13-95cc-47fe-8445-93be882af5d4/datanode-4/data/containers/hdds to VolumeSet
2019-09-25 11:00:01,536 [main] INFO  volume.ThrottledAsyncChecker (ThrottledAsyncChecker.java:schedule(139)) - Scheduling a check for org.apache.hadoop.ozone.container.common.volume.HddsVolume@5d2828c9
2019-09-25 11:00:01,537 [main] INFO  volume.HddsVolumeChecker (HddsVolumeChecker.java:checkAllVolumes(202)) - Scheduled health check for volume org.apache.hadoop.ozone.container.common.volume.HddsVolume@5d2828c9
2019-09-25 11:00:01,549 [main] INFO  impl.RaftServerProxy (ConfUtils.java:logGet(43)) - raft.rpc.type = GRPC (default)
2019-09-25 11:00:01,549 [main] INFO  grpc.GrpcFactory (GrpcFactory.java:checkPooledByteBufAllocatorUseCacheForAllThreads(45)) - PERFORMANCE WARNING: useCacheForAllThreads is true that may cause Netty to create a lot garbage objects and, as a result, trigger GC.
	It is recommended to disable useCacheForAllThreads by setting -Dorg.apache.ratis.thirdparty.io.netty.allocator.useCacheForAllThreads=false in command line.
2019-09-25 11:00:01,550 [main] INFO  grpc.GrpcConfigKeys$Server (ConfUtils.java:logGet(43)) - raft.grpc.server.port = 0 (default)
2019-09-25 11:00:01,550 [main] INFO  server.GrpcService (ConfUtils.java:logGet(43)) - raft.grpc.message.size.max = 33570816 (custom)
2019-09-25 11:00:01,550 [main] INFO  server.RaftServerConfigKeys (ConfUtils.java:logGet(43)) - raft.server.log.appender.buffer.byte-limit = 33554432 (custom)
2019-09-25 11:00:01,550 [main] INFO  server.GrpcService (ConfUtils.java:logGet(43)) - raft.grpc.flow.control.window = 1MB (=1048576) (default)
2019-09-25 11:00:01,554 [main] INFO  server.RaftServerConfigKeys (ConfUtils.java:logGet(43)) - raft.server.rpc.request.timeout = 3000ms (default)
2019-09-25 11:00:01,558 [main] INFO  server.RaftServerConfigKeys (ConfUtils.java:logGet(43)) - raft.server.storage.dir = [/workdir/hadoop-ozone/integration-test/target/test-dir/MiniOzoneClusterImpl-cb8ecd13-95cc-47fe-8445-93be882af5d4/datanode-4/data/ratis] (custom)
2019-09-25 11:00:01,561 [main] INFO  hdfs.DFSUtil (DFSUtil.java:httpServerTemplateForNNAndJN(1641)) - Starting Web-server for hddsDatanode at: http://0.0.0.0:0
2019-09-25 11:00:01,564 [main] INFO  server.AuthenticationFilter (AuthenticationFilter.java:constructSecretProvider(240)) - Unable to initialize FileSignerSecretProvider, falling back to use random secrets.
2019-09-25 11:00:01,565 [main] WARN  http.HttpRequestLog (HttpRequestLog.java:getRequestLog(97)) - Jetty request log can only be enabled using Log4j
2019-09-25 11:00:01,567 [main] INFO  http.HttpServer2 (HttpServer2.java:addGlobalFilter(975)) - Added global filter 'safety' (class=org.apache.hadoop.http.HttpServer2$QuotingInputFilter)
2019-09-25 11:00:01,567 [main] INFO  http.HttpServer2 (HttpServer2.java:addFilter(948)) - Added filter static_user_filter (class=org.apache.hadoop.http.lib.StaticUserWebFilter$StaticUserFilter) to context hddsDatanode
2019-09-25 11:00:01,567 [main] INFO  http.HttpServer2 (HttpServer2.java:addFilter(958)) - Added filter static_user_filter (class=org.apache.hadoop.http.lib.StaticUserWebFilter$StaticUserFilter) to context static
2019-09-25 11:00:01,568 [main] INFO  http.HttpServer2 (HttpServer2.java:addFilter(958)) - Added filter static_user_filter (class=org.apache.hadoop.http.lib.StaticUserWebFilter$StaticUserFilter) to context logs
2019-09-25 11:00:01,569 [main] INFO  http.HttpServer2 (HttpServer2.java:bindListener(1191)) - Jetty bound to port 33945
2019-09-25 11:00:01,569 [main] INFO  server.Server (Server.java:doStart(351)) - jetty-9.3.25.v20180904, build timestamp: 2018-09-04T21:11:46Z, git hash: 3ce520221d0240229c862b122d2b06c12a625732
2019-09-25 11:00:01,582 [main] INFO  handler.ContextHandler (ContextHandler.java:doStart(781)) - Started o.e.j.s.ServletContextHandler@6f94fb9d{/logs,file:///workdir/hadoop-ozone/integration-test/target/log,AVAILABLE}
2019-09-25 11:00:01,583 [main] INFO  handler.ContextHandler (ContextHandler.java:doStart(781)) - Started o.e.j.s.ServletContextHandler@4228bf58{/static,jar:file:/home/user/.m2/repository/org/apache/hadoop/hadoop-hdds-container-service/0.5.0-SNAPSHOT/hadoop-hdds-container-service-0.5.0-SNAPSHOT.jar!/webapps/static,AVAILABLE}
2019-09-25 11:00:01,613 [main] INFO  handler.ContextHandler (ContextHandler.java:doStart(781)) - Started o.e.j.w.WebAppContext@2630dbc4{/,file:///tmp/jetty-0.0.0.0-33945-hddsDatanode-_-any-6245758142980852897.dir/webapp/,AVAILABLE}{/hddsDatanode}
2019-09-25 11:00:01,614 [main] INFO  server.AbstractConnector (AbstractConnector.java:doStart(278)) - Started ServerConnector@5ea4300e{HTTP/1.1,[http/1.1]}{0.0.0.0:33945}
2019-09-25 11:00:01,614 [main] INFO  server.Server (Server.java:doStart(419)) - Started @5161ms
2019-09-25 11:00:01,615 [main] WARN  impl.MetricsSystemImpl (MetricsSystemImpl.java:register(276)) - Sink prometheus already exists!
2019-09-25 11:00:01,616 [main] INFO  server.BaseHttpServer (BaseHttpServer.java:updateConnectorAddress(215)) - HTTP server of HDDSDATANODE is listening at http://0.0.0.0:33945
2019-09-25 11:00:01,617 [main] INFO  impl.MetricsSystemImpl (MetricsSystemImpl.java:init(158)) - HddsDatanode metrics system started (again)
2019-09-25 11:00:01,619 [org.apache.hadoop.util.JvmPauseMonitor$Monitor@75662268] INFO  util.JvmPauseMonitor (JvmPauseMonitor.java:run(188)) - Starting JVM pause monitor
2019-09-25 11:00:01,623 [main] INFO  ozone.HddsDatanodeService (HddsDatanodeService.java:start(184)) - HddsDatanodeService host:pr-hdds-1569-5gmkr-4255264070 ip:192.168.30.6
2019-09-25 11:00:01,624 [Datanode State Machine Thread - 0] INFO  datanode.InitDatanodeState (InitDatanodeState.java:persistContainerDatanodeDetails(140)) - DatanodeDetails is persisted to /workdir/hadoop-ozone/integration-test/target/test-dir/MiniOzoneClusterImpl-cb8ecd13-95cc-47fe-8445-93be882af5d4/datanode-4/meta/datanode.id
2019-09-25 11:00:01,631 [main] INFO  volume.HddsVolume (HddsVolume.java:<init>(176)) - Creating Volume: /workdir/hadoop-ozone/integration-test/target/test-dir/MiniOzoneClusterImpl-cb8ecd13-95cc-47fe-8445-93be882af5d4/datanode-5/data/containers/hdds of  storage type : DISK and capacity : 1482555576320
2019-09-25 11:00:01,632 [main] INFO  volume.VolumeSet (VolumeSet.java:initializeVolumeSet(170)) - Added Volume : /workdir/hadoop-ozone/integration-test/target/test-dir/MiniOzoneClusterImpl-cb8ecd13-95cc-47fe-8445-93be882af5d4/datanode-5/data/containers/hdds to VolumeSet
2019-09-25 11:00:01,632 [main] INFO  volume.ThrottledAsyncChecker (ThrottledAsyncChecker.java:schedule(139)) - Scheduling a check for org.apache.hadoop.ozone.container.common.volume.HddsVolume@4821aa9f
2019-09-25 11:00:01,633 [main] INFO  volume.HddsVolumeChecker (HddsVolumeChecker.java:checkAllVolumes(202)) - Scheduled health check for volume org.apache.hadoop.ozone.container.common.volume.HddsVolume@4821aa9f
2019-09-25 11:00:01,647 [main] INFO  impl.RaftServerProxy (ConfUtils.java:logGet(43)) - raft.rpc.type = GRPC (default)
2019-09-25 11:00:01,648 [main] INFO  grpc.GrpcFactory (GrpcFactory.java:checkPooledByteBufAllocatorUseCacheForAllThreads(45)) - PERFORMANCE WARNING: useCacheForAllThreads is true that may cause Netty to create a lot garbage objects and, as a result, trigger GC.
	It is recommended to disable useCacheForAllThreads by setting -Dorg.apache.ratis.thirdparty.io.netty.allocator.useCacheForAllThreads=false in command line.
2019-09-25 11:00:01,648 [main] INFO  grpc.GrpcConfigKeys$Server (ConfUtils.java:logGet(43)) - raft.grpc.server.port = 0 (default)
2019-09-25 11:00:01,648 [main] INFO  server.GrpcService (ConfUtils.java:logGet(43)) - raft.grpc.message.size.max = 33570816 (custom)
2019-09-25 11:00:01,648 [main] INFO  server.RaftServerConfigKeys (ConfUtils.java:logGet(43)) - raft.server.log.appender.buffer.byte-limit = 33554432 (custom)
2019-09-25 11:00:01,649 [main] INFO  server.GrpcService (ConfUtils.java:logGet(43)) - raft.grpc.flow.control.window = 1MB (=1048576) (default)
2019-09-25 11:00:01,649 [main] INFO  server.RaftServerConfigKeys (ConfUtils.java:logGet(43)) - raft.server.rpc.request.timeout = 3000ms (default)
2019-09-25 11:00:01,649 [main] INFO  server.RaftServerConfigKeys (ConfUtils.java:logGet(43)) - raft.server.storage.dir = [/workdir/hadoop-ozone/integration-test/target/test-dir/MiniOzoneClusterImpl-cb8ecd13-95cc-47fe-8445-93be882af5d4/datanode-5/data/ratis] (custom)
2019-09-25 11:00:01,651 [main] INFO  hdfs.DFSUtil (DFSUtil.java:httpServerTemplateForNNAndJN(1641)) - Starting Web-server for hddsDatanode at: http://0.0.0.0:0
2019-09-25 11:00:01,652 [main] INFO  server.AuthenticationFilter (AuthenticationFilter.java:constructSecretProvider(240)) - Unable to initialize FileSignerSecretProvider, falling back to use random secrets.
2019-09-25 11:00:01,652 [main] WARN  http.HttpRequestLog (HttpRequestLog.java:getRequestLog(97)) - Jetty request log can only be enabled using Log4j
2019-09-25 11:00:01,654 [main] INFO  http.HttpServer2 (HttpServer2.java:addGlobalFilter(975)) - Added global filter 'safety' (class=org.apache.hadoop.http.HttpServer2$QuotingInputFilter)
2019-09-25 11:00:01,654 [main] INFO  http.HttpServer2 (HttpServer2.java:addFilter(948)) - Added filter static_user_filter (class=org.apache.hadoop.http.lib.StaticUserWebFilter$StaticUserFilter) to context hddsDatanode
2019-09-25 11:00:01,654 [main] INFO  http.HttpServer2 (HttpServer2.java:addFilter(958)) - Added filter static_user_filter (class=org.apache.hadoop.http.lib.StaticUserWebFilter$StaticUserFilter) to context logs
2019-09-25 11:00:01,654 [main] INFO  http.HttpServer2 (HttpServer2.java:addFilter(958)) - Added filter static_user_filter (class=org.apache.hadoop.http.lib.StaticUserWebFilter$StaticUserFilter) to context static
2019-09-25 11:00:01,655 [main] INFO  http.HttpServer2 (HttpServer2.java:bindListener(1191)) - Jetty bound to port 46263
2019-09-25 11:00:01,655 [main] INFO  server.Server (Server.java:doStart(351)) - jetty-9.3.25.v20180904, build timestamp: 2018-09-04T21:11:46Z, git hash: 3ce520221d0240229c862b122d2b06c12a625732
2019-09-25 11:00:01,657 [main] INFO  handler.ContextHandler (ContextHandler.java:doStart(781)) - Started o.e.j.s.ServletContextHandler@12eedfee{/logs,file:///workdir/hadoop-ozone/integration-test/target/log,AVAILABLE}
2019-09-25 11:00:01,657 [main] INFO  handler.ContextHandler (ContextHandler.java:doStart(781)) - Started o.e.j.s.ServletContextHandler@1352434e{/static,jar:file:/home/user/.m2/repository/org/apache/hadoop/hadoop-hdds-container-service/0.5.0-SNAPSHOT/hadoop-hdds-container-service-0.5.0-SNAPSHOT.jar!/webapps/static,AVAILABLE}
2019-09-25 11:00:01,684 [main] INFO  handler.ContextHandler (ContextHandler.java:doStart(781)) - Started o.e.j.w.WebAppContext@64d4f7c7{/,file:///tmp/jetty-0.0.0.0-46263-hddsDatanode-_-any-63379293741890473.dir/webapp/,AVAILABLE}{/hddsDatanode}
2019-09-25 11:00:01,686 [main] INFO  server.AbstractConnector (AbstractConnector.java:doStart(278)) - Started ServerConnector@54e02f6a{HTTP/1.1,[http/1.1]}{0.0.0.0:46263}
2019-09-25 11:00:01,687 [main] INFO  server.Server (Server.java:doStart(419)) - Started @5234ms
2019-09-25 11:00:01,687 [main] WARN  impl.MetricsSystemImpl (MetricsSystemImpl.java:register(276)) - Sink prometheus already exists!
2019-09-25 11:00:01,688 [main] INFO  server.BaseHttpServer (BaseHttpServer.java:updateConnectorAddress(215)) - HTTP server of HDDSDATANODE is listening at http://0.0.0.0:46263
2019-09-25 11:00:01,688 [main] INFO  impl.MetricsSystemImpl (MetricsSystemImpl.java:init(158)) - HddsDatanode metrics system started (again)
2019-09-25 11:00:01,693 [org.apache.hadoop.util.JvmPauseMonitor$Monitor@c9fcd4] INFO  util.JvmPauseMonitor (JvmPauseMonitor.java:run(188)) - Starting JVM pause monitor
2019-09-25 11:00:01,694 [main] INFO  ozone.HddsDatanodeService (HddsDatanodeService.java:start(184)) - HddsDatanodeService host:pr-hdds-1569-5gmkr-4255264070 ip:192.168.30.6
2019-09-25 11:00:01,695 [Datanode State Machine Thread - 0] INFO  datanode.InitDatanodeState (InitDatanodeState.java:persistContainerDatanodeDetails(140)) - DatanodeDetails is persisted to /workdir/hadoop-ozone/integration-test/target/test-dir/MiniOzoneClusterImpl-cb8ecd13-95cc-47fe-8445-93be882af5d4/datanode-5/meta/datanode.id
2019-09-25 11:00:01,699 [main] INFO  volume.HddsVolume (HddsVolume.java:<init>(176)) - Creating Volume: /workdir/hadoop-ozone/integration-test/target/test-dir/MiniOzoneClusterImpl-cb8ecd13-95cc-47fe-8445-93be882af5d4/datanode-6/data/containers/hdds of  storage type : DISK and capacity : 1482555576320
2019-09-25 11:00:01,700 [main] INFO  volume.VolumeSet (VolumeSet.java:initializeVolumeSet(170)) - Added Volume : /workdir/hadoop-ozone/integration-test/target/test-dir/MiniOzoneClusterImpl-cb8ecd13-95cc-47fe-8445-93be882af5d4/datanode-6/data/containers/hdds to VolumeSet
2019-09-25 11:00:01,700 [main] INFO  volume.ThrottledAsyncChecker (ThrottledAsyncChecker.java:schedule(139)) - Scheduling a check for org.apache.hadoop.ozone.container.common.volume.HddsVolume@524270b8
2019-09-25 11:00:01,701 [main] INFO  volume.HddsVolumeChecker (HddsVolumeChecker.java:checkAllVolumes(202)) - Scheduled health check for volume org.apache.hadoop.ozone.container.common.volume.HddsVolume@524270b8
2019-09-25 11:00:01,722 [main] INFO  impl.RaftServerProxy (ConfUtils.java:logGet(43)) - raft.rpc.type = GRPC (default)
2019-09-25 11:00:01,722 [main] INFO  grpc.GrpcFactory (GrpcFactory.java:checkPooledByteBufAllocatorUseCacheForAllThreads(45)) - PERFORMANCE WARNING: useCacheForAllThreads is true that may cause Netty to create a lot garbage objects and, as a result, trigger GC.
	It is recommended to disable useCacheForAllThreads by setting -Dorg.apache.ratis.thirdparty.io.netty.allocator.useCacheForAllThreads=false in command line.
2019-09-25 11:00:01,722 [main] INFO  grpc.GrpcConfigKeys$Server (ConfUtils.java:logGet(43)) - raft.grpc.server.port = 0 (default)
2019-09-25 11:00:01,723 [main] INFO  server.GrpcService (ConfUtils.java:logGet(43)) - raft.grpc.message.size.max = 33570816 (custom)
2019-09-25 11:00:01,723 [main] INFO  server.RaftServerConfigKeys (ConfUtils.java:logGet(43)) - raft.server.log.appender.buffer.byte-limit = 33554432 (custom)
2019-09-25 11:00:01,723 [main] INFO  server.GrpcService (ConfUtils.java:logGet(43)) - raft.grpc.flow.control.window = 1MB (=1048576) (default)
2019-09-25 11:00:01,723 [main] INFO  server.RaftServerConfigKeys (ConfUtils.java:logGet(43)) - raft.server.rpc.request.timeout = 3000ms (default)
2019-09-25 11:00:01,724 [main] INFO  server.RaftServerConfigKeys (ConfUtils.java:logGet(43)) - raft.server.storage.dir = [/workdir/hadoop-ozone/integration-test/target/test-dir/MiniOzoneClusterImpl-cb8ecd13-95cc-47fe-8445-93be882af5d4/datanode-6/data/ratis] (custom)
2019-09-25 11:00:01,725 [main] INFO  hdfs.DFSUtil (DFSUtil.java:httpServerTemplateForNNAndJN(1641)) - Starting Web-server for hddsDatanode at: http://0.0.0.0:0
2019-09-25 11:00:01,727 [main] INFO  server.AuthenticationFilter (AuthenticationFilter.java:constructSecretProvider(240)) - Unable to initialize FileSignerSecretProvider, falling back to use random secrets.
2019-09-25 11:00:01,728 [main] WARN  http.HttpRequestLog (HttpRequestLog.java:getRequestLog(97)) - Jetty request log can only be enabled using Log4j
2019-09-25 11:00:01,730 [main] INFO  http.HttpServer2 (HttpServer2.java:addGlobalFilter(975)) - Added global filter 'safety' (class=org.apache.hadoop.http.HttpServer2$QuotingInputFilter)
2019-09-25 11:00:01,730 [main] INFO  http.HttpServer2 (HttpServer2.java:addFilter(948)) - Added filter static_user_filter (class=org.apache.hadoop.http.lib.StaticUserWebFilter$StaticUserFilter) to context hddsDatanode
2019-09-25 11:00:01,730 [main] INFO  http.HttpServer2 (HttpServer2.java:addFilter(958)) - Added filter static_user_filter (class=org.apache.hadoop.http.lib.StaticUserWebFilter$StaticUserFilter) to context static
2019-09-25 11:00:01,730 [main] INFO  http.HttpServer2 (HttpServer2.java:addFilter(958)) - Added filter static_user_filter (class=org.apache.hadoop.http.lib.StaticUserWebFilter$StaticUserFilter) to context logs
2019-09-25 11:00:01,731 [main] INFO  http.HttpServer2 (HttpServer2.java:bindListener(1191)) - Jetty bound to port 33285
2019-09-25 11:00:01,732 [main] INFO  server.Server (Server.java:doStart(351)) - jetty-9.3.25.v20180904, build timestamp: 2018-09-04T21:11:46Z, git hash: 3ce520221d0240229c862b122d2b06c12a625732
2019-09-25 11:00:01,733 [main] INFO  handler.ContextHandler (ContextHandler.java:doStart(781)) - Started o.e.j.s.ServletContextHandler@66b59b7d{/logs,file:///workdir/hadoop-ozone/integration-test/target/log,AVAILABLE}
2019-09-25 11:00:01,734 [main] INFO  handler.ContextHandler (ContextHandler.java:doStart(781)) - Started o.e.j.s.ServletContextHandler@4437ac07{/static,jar:file:/home/user/.m2/repository/org/apache/hadoop/hadoop-hdds-container-service/0.5.0-SNAPSHOT/hadoop-hdds-container-service-0.5.0-SNAPSHOT.jar!/webapps/static,AVAILABLE}
2019-09-25 11:00:01,765 [main] INFO  handler.ContextHandler (ContextHandler.java:doStart(781)) - Started o.e.j.w.WebAppContext@648d0e6d{/,file:///tmp/jetty-0.0.0.0-33285-hddsDatanode-_-any-7418346168618092583.dir/webapp/,AVAILABLE}{/hddsDatanode}
2019-09-25 11:00:01,767 [main] INFO  server.AbstractConnector (AbstractConnector.java:doStart(278)) - Started ServerConnector@79e66b2f{HTTP/1.1,[http/1.1]}{0.0.0.0:33285}
2019-09-25 11:00:01,769 [main] INFO  server.Server (Server.java:doStart(419)) - Started @5316ms
2019-09-25 11:00:01,770 [main] WARN  impl.MetricsSystemImpl (MetricsSystemImpl.java:register(276)) - Sink prometheus already exists!
2019-09-25 11:00:01,771 [main] INFO  server.BaseHttpServer (BaseHttpServer.java:updateConnectorAddress(215)) - HTTP server of HDDSDATANODE is listening at http://0.0.0.0:33285
2019-09-25 11:00:01,773 [org.apache.hadoop.util.JvmPauseMonitor$Monitor@1ff372de] INFO  util.JvmPauseMonitor (JvmPauseMonitor.java:run(188)) - Starting JVM pause monitor
2019-09-25 11:00:01,773 [main] INFO  ozone.MiniOzoneClusterImpl (MiniOzoneClusterImpl.java:lambda$waitForClusterToBeReady$0(147)) - Waiting for cluster to be ready. Got 0 of 7 DN Heartbeats.
2019-09-25 11:00:01,776 [Datanode State Machine Thread - 0] INFO  datanode.InitDatanodeState (InitDatanodeState.java:persistContainerDatanodeDetails(140)) - DatanodeDetails is persisted to /workdir/hadoop-ozone/integration-test/target/test-dir/MiniOzoneClusterImpl-cb8ecd13-95cc-47fe-8445-93be882af5d4/datanode-6/meta/datanode.id
2019-09-25 11:00:02,774 [main] INFO  ozone.MiniOzoneClusterImpl (MiniOzoneClusterImpl.java:lambda$waitForClusterToBeReady$0(147)) - Waiting for cluster to be ready. Got 0 of 7 DN Heartbeats.
2019-09-25 11:00:03,358 [Datanode State Machine Thread - 0] INFO  ozoneimpl.OzoneContainer (OzoneContainer.java:start(217)) - Attempting to start container services.
2019-09-25 11:00:03,360 [Datanode State Machine Thread - 0] INFO  ozoneimpl.OzoneContainer (OzoneContainer.java:startContainerScrub(179)) - Background container scanner has been disabled.
2019-09-25 11:00:03,360 [Datanode State Machine Thread - 0] INFO  ratis.XceiverServerRatis (XceiverServerRatis.java:start(411)) - Starting XceiverServerRatis e32c4ad0-ba90-43ec-bb55-c70e02bd141a at port 0
2019-09-25 11:00:03,391 [Datanode State Machine Thread - 0] INFO  ozoneimpl.OzoneContainer (OzoneContainer.java:start(217)) - Attempting to start container services.
2019-09-25 11:00:03,397 [Datanode State Machine Thread - 0] INFO  ozoneimpl.OzoneContainer (OzoneContainer.java:startContainerScrub(179)) - Background container scanner has been disabled.
2019-09-25 11:00:03,398 [Datanode State Machine Thread - 0] INFO  ratis.XceiverServerRatis (XceiverServerRatis.java:start(411)) - Starting XceiverServerRatis 024c4dd7-7c9d-4cdb-8271-6a4ddb62c17e at port 0
2019-09-25 11:00:03,398 [Datanode State Machine Thread - 0] INFO  impl.RaftServerProxy (RaftServerProxy.java:lambda$start$3(299)) - e32c4ad0-ba90-43ec-bb55-c70e02bd141a: start RPC server
2019-09-25 11:00:03,407 [Datanode State Machine Thread - 0] INFO  impl.RaftServerProxy (RaftServerProxy.java:lambda$start$3(299)) - 024c4dd7-7c9d-4cdb-8271-6a4ddb62c17e: start RPC server
2019-09-25 11:00:03,466 [Datanode State Machine Thread - 0] INFO  ozoneimpl.OzoneContainer (OzoneContainer.java:start(217)) - Attempting to start container services.
2019-09-25 11:00:03,468 [Datanode State Machine Thread - 0] INFO  ozoneimpl.OzoneContainer (OzoneContainer.java:startContainerScrub(179)) - Background container scanner has been disabled.
2019-09-25 11:00:03,468 [Datanode State Machine Thread - 0] INFO  ratis.XceiverServerRatis (XceiverServerRatis.java:start(411)) - Starting XceiverServerRatis b9731c9a-07e8-4827-9eb9-5f784fb447b9 at port 0
2019-09-25 11:00:03,475 [Datanode State Machine Thread - 0] INFO  impl.RaftServerProxy (RaftServerProxy.java:lambda$start$3(299)) - b9731c9a-07e8-4827-9eb9-5f784fb447b9: start RPC server
2019-09-25 11:00:03,552 [Datanode State Machine Thread - 0] INFO  ozoneimpl.OzoneContainer (OzoneContainer.java:start(217)) - Attempting to start container services.
2019-09-25 11:00:03,558 [Datanode State Machine Thread - 0] INFO  ozoneimpl.OzoneContainer (OzoneContainer.java:startContainerScrub(179)) - Background container scanner has been disabled.
2019-09-25 11:00:03,558 [Datanode State Machine Thread - 0] INFO  ratis.XceiverServerRatis (XceiverServerRatis.java:start(411)) - Starting XceiverServerRatis 5f9a0e92-828f-4406-8370-fc24211be18d at port 0
2019-09-25 11:00:03,567 [Datanode State Machine Thread - 0] INFO  server.GrpcService (GrpcService.java:startImpl(158)) - e32c4ad0-ba90-43ec-bb55-c70e02bd141a: GrpcService started, listening on 0.0.0.0/0.0.0.0:43545
2019-09-25 11:00:03,567 [Datanode State Machine Thread - 0] INFO  server.GrpcService (GrpcService.java:startImpl(158)) - 024c4dd7-7c9d-4cdb-8271-6a4ddb62c17e: GrpcService started, listening on 0.0.0.0/0.0.0.0:36470
2019-09-25 11:00:03,567 [Datanode State Machine Thread - 0] INFO  server.GrpcService (GrpcService.java:startImpl(158)) - b9731c9a-07e8-4827-9eb9-5f784fb447b9: GrpcService started, listening on 0.0.0.0/0.0.0.0:46688
2019-09-25 11:00:03,568 [Datanode State Machine Thread - 0] INFO  ratis.XceiverServerRatis (XceiverServerRatis.java:start(421)) - XceiverServerRatis 024c4dd7-7c9d-4cdb-8271-6a4ddb62c17e is started using port 36470
2019-09-25 11:00:03,568 [Datanode State Machine Thread - 0] INFO  ratis.XceiverServerRatis (XceiverServerRatis.java:start(421)) - XceiverServerRatis e32c4ad0-ba90-43ec-bb55-c70e02bd141a is started using port 43545
2019-09-25 11:00:03,568 [Datanode State Machine Thread - 0] INFO  ratis.XceiverServerRatis (XceiverServerRatis.java:start(421)) - XceiverServerRatis b9731c9a-07e8-4827-9eb9-5f784fb447b9 is started using port 46688
2019-09-25 11:00:03,574 [Datanode State Machine Thread - 0] INFO  impl.RaftServerProxy (RaftServerProxy.java:lambda$start$3(299)) - 5f9a0e92-828f-4406-8370-fc24211be18d: start RPC server
2019-09-25 11:00:03,577 [Datanode State Machine Thread - 0] INFO  server.XceiverServerGrpc (XceiverServerGrpc.java:start(149)) - XceiverServerGrpc b9731c9a-07e8-4827-9eb9-5f784fb447b9 is started using port 40616
2019-09-25 11:00:03,579 [Datanode State Machine Thread - 0] INFO  server.XceiverServerGrpc (XceiverServerGrpc.java:start(149)) - XceiverServerGrpc 024c4dd7-7c9d-4cdb-8271-6a4ddb62c17e is started using port 33724
2019-09-25 11:00:03,578 [Datanode State Machine Thread - 0] INFO  server.XceiverServerGrpc (XceiverServerGrpc.java:start(149)) - XceiverServerGrpc e32c4ad0-ba90-43ec-bb55-c70e02bd141a is started using port 38494
2019-09-25 11:00:03,580 [Datanode State Machine Thread - 0] INFO  server.GrpcService (GrpcService.java:startImpl(158)) - 5f9a0e92-828f-4406-8370-fc24211be18d: GrpcService started, listening on 0.0.0.0/0.0.0.0:38144
2019-09-25 11:00:03,580 [Datanode State Machine Thread - 0] INFO  ratis.XceiverServerRatis (XceiverServerRatis.java:start(421)) - XceiverServerRatis 5f9a0e92-828f-4406-8370-fc24211be18d is started using port 38144
2019-09-25 11:00:03,584 [Datanode State Machine Thread - 0] INFO  server.XceiverServerGrpc (XceiverServerGrpc.java:start(149)) - XceiverServerGrpc 5f9a0e92-828f-4406-8370-fc24211be18d is started using port 37638
2019-09-25 11:00:03,636 [Datanode State Machine Thread - 0] INFO  ozoneimpl.OzoneContainer (OzoneContainer.java:start(217)) - Attempting to start container services.
2019-09-25 11:00:03,636 [Datanode State Machine Thread - 0] INFO  ozoneimpl.OzoneContainer (OzoneContainer.java:startContainerScrub(179)) - Background container scanner has been disabled.
2019-09-25 11:00:03,636 [Datanode State Machine Thread - 0] INFO  ratis.XceiverServerRatis (XceiverServerRatis.java:start(411)) - Starting XceiverServerRatis 642f0824-8397-42da-9ac4-13d7260e7e2f at port 0
2019-09-25 11:00:03,641 [Datanode State Machine Thread - 0] INFO  impl.RaftServerProxy (RaftServerProxy.java:lambda$start$3(299)) - 642f0824-8397-42da-9ac4-13d7260e7e2f: start RPC server
2019-09-25 11:00:03,645 [Datanode State Machine Thread - 0] INFO  server.GrpcService (GrpcService.java:startImpl(158)) - 642f0824-8397-42da-9ac4-13d7260e7e2f: GrpcService started, listening on 0.0.0.0/0.0.0.0:44587
2019-09-25 11:00:03,645 [Datanode State Machine Thread - 0] INFO  ratis.XceiverServerRatis (XceiverServerRatis.java:start(421)) - XceiverServerRatis 642f0824-8397-42da-9ac4-13d7260e7e2f is started using port 44587
2019-09-25 11:00:03,648 [Datanode State Machine Thread - 0] INFO  server.XceiverServerGrpc (XceiverServerGrpc.java:start(149)) - XceiverServerGrpc 642f0824-8397-42da-9ac4-13d7260e7e2f is started using port 40507
2019-09-25 11:00:03,709 [Datanode State Machine Thread - 0] INFO  ozoneimpl.OzoneContainer (OzoneContainer.java:start(217)) - Attempting to start container services.
2019-09-25 11:00:03,710 [Datanode State Machine Thread - 0] INFO  ozoneimpl.OzoneContainer (OzoneContainer.java:startContainerScrub(179)) - Background container scanner has been disabled.
2019-09-25 11:00:03,710 [Datanode State Machine Thread - 0] INFO  ratis.XceiverServerRatis (XceiverServerRatis.java:start(411)) - Starting XceiverServerRatis 87c8d9bf-e5fd-4c93-82d7-07f29d18cd92 at port 0
2019-09-25 11:00:03,717 [Datanode State Machine Thread - 0] INFO  impl.RaftServerProxy (RaftServerProxy.java:lambda$start$3(299)) - 87c8d9bf-e5fd-4c93-82d7-07f29d18cd92: start RPC server
2019-09-25 11:00:03,720 [Datanode State Machine Thread - 0] INFO  server.GrpcService (GrpcService.java:startImpl(158)) - 87c8d9bf-e5fd-4c93-82d7-07f29d18cd92: GrpcService started, listening on 0.0.0.0/0.0.0.0:45400
2019-09-25 11:00:03,720 [Datanode State Machine Thread - 0] INFO  ratis.XceiverServerRatis (XceiverServerRatis.java:start(421)) - XceiverServerRatis 87c8d9bf-e5fd-4c93-82d7-07f29d18cd92 is started using port 45400
2019-09-25 11:00:03,724 [Datanode State Machine Thread - 0] INFO  server.XceiverServerGrpc (XceiverServerGrpc.java:start(149)) - XceiverServerGrpc 87c8d9bf-e5fd-4c93-82d7-07f29d18cd92 is started using port 33882
2019-09-25 11:00:03,776 [main] INFO  ozone.MiniOzoneClusterImpl (MiniOzoneClusterImpl.java:lambda$waitForClusterToBeReady$0(147)) - Waiting for cluster to be ready. Got 0 of 7 DN Heartbeats.
2019-09-25 11:00:03,791 [Datanode State Machine Thread - 0] INFO  ozoneimpl.OzoneContainer (OzoneContainer.java:start(217)) - Attempting to start container services.
2019-09-25 11:00:03,791 [Datanode State Machine Thread - 0] INFO  ozoneimpl.OzoneContainer (OzoneContainer.java:startContainerScrub(179)) - Background container scanner has been disabled.
2019-09-25 11:00:03,791 [Datanode State Machine Thread - 0] INFO  ratis.XceiverServerRatis (XceiverServerRatis.java:start(411)) - Starting XceiverServerRatis 10236b5f-bff6-485e-aafa-3b26ea1d6574 at port 0
2019-09-25 11:00:03,797 [Datanode State Machine Thread - 0] INFO  impl.RaftServerProxy (RaftServerProxy.java:lambda$start$3(299)) - 10236b5f-bff6-485e-aafa-3b26ea1d6574: start RPC server
2019-09-25 11:00:03,802 [Datanode State Machine Thread - 0] INFO  server.GrpcService (GrpcService.java:startImpl(158)) - 10236b5f-bff6-485e-aafa-3b26ea1d6574: GrpcService started, listening on 0.0.0.0/0.0.0.0:44690
2019-09-25 11:00:03,802 [Datanode State Machine Thread - 0] INFO  ratis.XceiverServerRatis (XceiverServerRatis.java:start(421)) - XceiverServerRatis 10236b5f-bff6-485e-aafa-3b26ea1d6574 is started using port 44690
2019-09-25 11:00:03,805 [Datanode State Machine Thread - 0] INFO  server.XceiverServerGrpc (XceiverServerGrpc.java:start(149)) - XceiverServerGrpc 10236b5f-bff6-485e-aafa-3b26ea1d6574 is started using port 34222
2019-09-25 11:00:04,776 [main] INFO  ozone.MiniOzoneClusterImpl (MiniOzoneClusterImpl.java:lambda$waitForClusterToBeReady$0(147)) - Waiting for cluster to be ready. Got 0 of 7 DN Heartbeats.
2019-09-25 11:00:05,334 [IPC Server handler 2 on 43430] INFO  net.NetworkTopology (NetworkTopologyImpl.java:add(111)) - Added a new node: /default-rack/e32c4ad0-ba90-43ec-bb55-c70e02bd141a
2019-09-25 11:00:05,334 [IPC Server handler 2 on 43430] INFO  node.SCMNodeManager (SCMNodeManager.java:register(266)) - Registered Data node : e32c4ad0-ba90-43ec-bb55-c70e02bd141a{ip: 192.168.30.6, host: pr-hdds-1569-5gmkr-4255264070, networkLocation: /default-rack, certSerialId: null}
2019-09-25 11:00:05,339 [EventQueue-NodeRegistrationContainerReportForDataNodeSafeModeRule] INFO  safemode.SCMSafeModeManager (DataNodeSafeModeRule.java:process(71)) - SCM in safe mode. 1 DataNodes registered, 1 required.
2019-09-25 11:00:05,339 [EventQueue-NodeRegistrationContainerReportForDataNodeSafeModeRule] INFO  safemode.SCMSafeModeManager (SCMSafeModeManager.java:validateSafeModeExitRules(177)) - ScmSafeModeManager, all rules are successfully validated
2019-09-25 11:00:05,340 [EventQueue-NodeRegistrationContainerReportForDataNodeSafeModeRule] INFO  safemode.SCMSafeModeManager (SCMSafeModeManager.java:exitSafeMode(193)) - SCM exiting safe mode.
2019-09-25 11:00:05,377 [IPC Server handler 3 on 43430] INFO  net.NetworkTopology (NetworkTopologyImpl.java:add(111)) - Added a new node: /default-rack/024c4dd7-7c9d-4cdb-8271-6a4ddb62c17e
2019-09-25 11:00:05,378 [IPC Server handler 3 on 43430] INFO  node.SCMNodeManager (SCMNodeManager.java:register(266)) - Registered Data node : 024c4dd7-7c9d-4cdb-8271-6a4ddb62c17e{ip: 192.168.30.6, host: pr-hdds-1569-5gmkr-4255264070, networkLocation: /default-rack, certSerialId: null}
2019-09-25 11:00:05,454 [IPC Server handler 4 on 43430] INFO  net.NetworkTopology (NetworkTopologyImpl.java:add(111)) - Added a new node: /default-rack/b9731c9a-07e8-4827-9eb9-5f784fb447b9
2019-09-25 11:00:05,454 [IPC Server handler 4 on 43430] INFO  node.SCMNodeManager (SCMNodeManager.java:register(266)) - Registered Data node : b9731c9a-07e8-4827-9eb9-5f784fb447b9{ip: 192.168.30.6, host: pr-hdds-1569-5gmkr-4255264070, networkLocation: /default-rack, certSerialId: null}
2019-09-25 11:00:05,532 [IPC Server handler 5 on 43430] INFO  net.NetworkTopology (NetworkTopologyImpl.java:add(111)) - Added a new node: /default-rack/5f9a0e92-828f-4406-8370-fc24211be18d
2019-09-25 11:00:05,532 [IPC Server handler 5 on 43430] INFO  node.SCMNodeManager (SCMNodeManager.java:register(266)) - Registered Data node : 5f9a0e92-828f-4406-8370-fc24211be18d{ip: 192.168.30.6, host: pr-hdds-1569-5gmkr-4255264070, networkLocation: /default-rack, certSerialId: null}
2019-09-25 11:00:05,625 [IPC Server handler 0 on 43430] INFO  net.NetworkTopology (NetworkTopologyImpl.java:add(111)) - Added a new node: /default-rack/642f0824-8397-42da-9ac4-13d7260e7e2f
2019-09-25 11:00:05,625 [IPC Server handler 0 on 43430] INFO  node.SCMNodeManager (SCMNodeManager.java:register(266)) - Registered Data node : 642f0824-8397-42da-9ac4-13d7260e7e2f{ip: 192.168.30.6, host: pr-hdds-1569-5gmkr-4255264070, networkLocation: /default-rack, certSerialId: null}
2019-09-25 11:00:05,707 [IPC Server handler 6 on 43430] INFO  net.NetworkTopology (NetworkTopologyImpl.java:add(111)) - Added a new node: /default-rack/87c8d9bf-e5fd-4c93-82d7-07f29d18cd92
2019-09-25 11:00:05,708 [IPC Server handler 6 on 43430] INFO  node.SCMNodeManager (SCMNodeManager.java:register(266)) - Registered Data node : 87c8d9bf-e5fd-4c93-82d7-07f29d18cd92{ip: 192.168.30.6, host: pr-hdds-1569-5gmkr-4255264070, networkLocation: /default-rack, certSerialId: null}
2019-09-25 11:00:05,777 [IPC Server handler 7 on 43430] INFO  net.NetworkTopology (NetworkTopologyImpl.java:add(111)) - Added a new node: /default-rack/10236b5f-bff6-485e-aafa-3b26ea1d6574
2019-09-25 11:00:05,777 [main] INFO  ozone.MiniOzoneClusterImpl (MiniOzoneClusterImpl.java:lambda$waitForClusterToBeReady$0(147)) - Cluster is ready. Got 7 of 7 DN Heartbeats.
2019-09-25 11:00:05,777 [IPC Server handler 7 on 43430] INFO  node.SCMNodeManager (SCMNodeManager.java:register(266)) - Registered Data node : 10236b5f-bff6-485e-aafa-3b26ea1d6574{ip: 192.168.30.6, host: pr-hdds-1569-5gmkr-4255264070, networkLocation: /default-rack, certSerialId: null}
2019-09-25 11:00:05,883 [grpc-default-executor-0] INFO  impl.RaftServerProxy (RaftServerProxy.java:addNew(89)) - e32c4ad0-ba90-43ec-bb55-c70e02bd141a: addNew group-83C9D25398C1:[e32c4ad0-ba90-43ec-bb55-c70e02bd141a:192.168.30.6:43545] returns group-83C9D25398C1:java.util.concurrent.CompletableFuture@15452ee8[Not completed]
2019-09-25 11:00:05,910 [pool-27-thread-1] INFO  impl.RaftServerImpl (RaftServerImpl.java:<init>(95)) - e32c4ad0-ba90-43ec-bb55-c70e02bd141a: new RaftServerImpl for group-83C9D25398C1:[e32c4ad0-ba90-43ec-bb55-c70e02bd141a:192.168.30.6:43545] with ContainerStateMachine:uninitialized
2019-09-25 11:00:05,911 [pool-27-thread-1] INFO  server.RaftServerConfigKeys (ConfUtils.java:logGet(43)) - raft.server.rpc.timeout.min = 5s (custom)
2019-09-25 11:00:05,914 [pool-27-thread-1] INFO  server.RaftServerConfigKeys (ConfUtils.java:logGet(43)) - raft.server.rpc.timeout.max = 5200ms (custom)
2019-09-25 11:00:05,914 [pool-27-thread-1] INFO  server.RaftServerConfigKeys (ConfUtils.java:logGet(43)) - raft.server.rpcslowness.timeout = 120s (custom)
2019-09-25 11:00:05,915 [pool-27-thread-1] INFO  server.RaftServerConfigKeys (ConfUtils.java:logGet(43)) - raft.server.sleep.deviation.threshold = 300 (default)
2019-09-25 11:00:05,916 [pool-27-thread-1] INFO  server.RaftServerConfigKeys (ConfUtils.java:logGet(43)) - raft.server.log.appender.install.snapshot.enabled = false (custom)
2019-09-25 11:00:05,925 [pool-27-thread-1] INFO  impl.RaftServerImpl (ServerState.java:<init>(103)) - e32c4ad0-ba90-43ec-bb55-c70e02bd141a@group-83C9D25398C1: ConfigurationManager, init=-1: [e32c4ad0-ba90-43ec-bb55-c70e02bd141a:192.168.30.6:43545], old=null, confs=<EMPTY_MAP>
2019-09-25 11:00:05,926 [pool-27-thread-1] INFO  server.RaftServerConfigKeys (ConfUtils.java:logGet(43)) - raft.server.storage.dir = [/workdir/hadoop-ozone/integration-test/target/test-dir/MiniOzoneClusterImpl-cb8ecd13-95cc-47fe-8445-93be882af5d4/datanode-0/data/ratis] (custom)
2019-09-25 11:00:05,934 [pool-27-thread-1] INFO  storage.RaftStorageDirectory (RaftStorageDirectory.java:analyzeStorage(246)) - The storage directory /workdir/hadoop-ozone/integration-test/target/test-dir/MiniOzoneClusterImpl-cb8ecd13-95cc-47fe-8445-93be882af5d4/datanode-0/data/ratis/f2570b4b-1cfb-41ff-b9f6-83c9d25398c1 does not exist. Creating ...
2019-09-25 11:00:05,952 [pool-27-thread-1] INFO  storage.RaftStorageDirectory (RaftStorageDirectory.java:tryLock(328)) - Lock on /workdir/hadoop-ozone/integration-test/target/test-dir/MiniOzoneClusterImpl-cb8ecd13-95cc-47fe-8445-93be882af5d4/datanode-0/data/ratis/f2570b4b-1cfb-41ff-b9f6-83c9d25398c1/in_use.lock acquired by nodename 21763@pr-hdds-1569-5gmkr-4255264070
2019-09-25 11:00:05,971 [pool-27-thread-1] INFO  storage.RaftStorage (RaftStorage.java:format(72)) - Storage directory /workdir/hadoop-ozone/integration-test/target/test-dir/MiniOzoneClusterImpl-cb8ecd13-95cc-47fe-8445-93be882af5d4/datanode-0/data/ratis/f2570b4b-1cfb-41ff-b9f6-83c9d25398c1 has been successfully formatted.
2019-09-25 11:00:05,974 [pool-27-thread-1] INFO  ratis.ContainerStateMachine (ContainerStateMachine.java:loadSnapshot(230)) - group-83C9D25398C1: The snapshot info is null. Setting the last applied indexto:(t:0, i:~)
2019-09-25 11:00:05,975 [pool-27-thread-1] INFO  server.RaftServerConfigKeys (ConfUtils.java:logGet(43)) - raft.server.notification.no-leader.timeout = 120s (custom)
2019-09-25 11:00:05,978 [pool-27-thread-1] INFO  server.RaftServerConfigKeys (ConfUtils.java:logGet(43)) - raft.server.log.use.memory = false (default)
2019-09-25 11:00:05,984 [pool-27-thread-1] INFO  server.RaftServerConfigKeys (ConfUtils.java:logGet(43)) - raft.server.log.purge.gap = 1000000 (custom)
2019-09-25 11:00:05,984 [pool-27-thread-1] INFO  server.RaftServerConfigKeys (ConfUtils.java:logGet(43)) - raft.server.log.appender.buffer.byte-limit = 33554432 (custom)
2019-09-25 11:00:05,986 [pool-27-thread-1] INFO  server.RaftServerConfigKeys (ConfUtils.java:logGet(43)) - raft.server.log.segment.size.max = 1048576 (custom)
2019-09-25 11:00:05,991 [pool-27-thread-1] INFO  server.RaftServerConfigKeys (ConfUtils.java:logGet(43)) - raft.server.log.segment.cache.num.max = 2 (custom)
2019-09-25 11:00:05,996 [pool-27-thread-1] INFO  segmented.SegmentedRaftLogWorker (SegmentedRaftLogWorker.java:<init>(172)) - new e32c4ad0-ba90-43ec-bb55-c70e02bd141a@group-83C9D25398C1-SegmentedRaftLogWorker for RaftStorage:Storage Directory /workdir/hadoop-ozone/integration-test/target/test-dir/MiniOzoneClusterImpl-cb8ecd13-95cc-47fe-8445-93be882af5d4/datanode-0/data/ratis/f2570b4b-1cfb-41ff-b9f6-83c9d25398c1
2019-09-25 11:00:05,997 [pool-27-thread-1] INFO  impl.MetricsSystemImpl (MetricsSystemImpl.java:init(158)) - ratis metrics system started (again)
2019-09-25 11:00:06,009 [pool-27-thread-1] INFO  metrics.MetricRegistries (MetricRegistriesLoader.java:load(64)) - Loaded MetricRegistries class org.apache.ratis.metrics.impl.MetricRegistriesImpl
2019-09-25 11:00:06,038 [pool-27-thread-1] INFO  server.RaftServerConfigKeys (ConfUtils.java:logGet(43)) - raft.server.log.queue.byte-limit = 2147483647 (custom)
2019-09-25 11:00:06,038 [pool-27-thread-1] INFO  server.RaftServerConfigKeys (ConfUtils.java:logGet(43)) - raft.server.log.queue.element-limit = 1024 (custom)
2019-09-25 11:00:06,042 [pool-27-thread-1] INFO  server.RaftServerConfigKeys (ConfUtils.java:logGet(43)) - raft.server.log.segment.size.max = 1048576 (custom)
2019-09-25 11:00:06,042 [pool-27-thread-1] INFO  server.RaftServerConfigKeys (ConfUtils.java:logGet(43)) - raft.server.log.preallocated.size = 16384 (custom)
2019-09-25 11:00:06,042 [pool-27-thread-1] INFO  server.RaftServerConfigKeys (ConfUtils.java:logGet(43)) - raft.server.log.write.buffer.size = 33554432 (custom)
2019-09-25 11:00:06,043 [pool-27-thread-1] INFO  server.RaftServerConfigKeys (ConfUtils.java:logGet(43)) - raft.server.log.force.sync.num = 128 (default)
2019-09-25 11:00:06,044 [pool-27-thread-1] INFO  server.RaftServerConfigKeys (ConfUtils.java:logGet(43)) - raft.server.log.statemachine.data.sync = true (default)
2019-09-25 11:00:06,044 [pool-27-thread-1] INFO  server.RaftServerConfigKeys (ConfUtils.java:logGet(43)) - raft.server.log.statemachine.data.sync.timeout = 10s (default)
2019-09-25 11:00:06,045 [pool-27-thread-1] INFO  server.RaftServerConfigKeys (ConfUtils.java:logGet(43)) - raft.server.log.statemachine.data.sync.timeout.retry = -1 (default)
2019-09-25 11:00:06,053 [pool-27-thread-1] INFO  server.RaftServerConfigKeys (ConfUtils.java:logGet(43)) - raft.server.log.statemachine.data.caching.enabled = true (custom)
2019-09-25 11:00:06,058 [pool-27-thread-1] INFO  segmented.SegmentedRaftLogWorker (SegmentedRaftLogWorker.java:lambda$new$0(132)) - e32c4ad0-ba90-43ec-bb55-c70e02bd141a@group-83C9D25398C1-SegmentedRaftLogWorker: flushIndex: setUnconditionally 0 -> -1
2019-09-25 11:00:06,062 [pool-27-thread-1] INFO  server.RaftServerConfigKeys (ConfUtils.java:logGet(43)) - raft.server.snapshot.auto.trigger.enabled = true (custom)
2019-09-25 11:00:06,063 [pool-27-thread-1] INFO  server.RaftServerConfigKeys (ConfUtils.java:logGet(43)) - raft.server.snapshot.auto.trigger.threshold = 10000 (custom)
2019-09-25 11:00:06,064 [pool-27-thread-1] INFO  server.RaftServerConfigKeys (ConfUtils.java:logGet(43)) - raft.server.snapshot.retention.num.files = 5 (custom)
2019-09-25 11:00:06,064 [pool-27-thread-1] INFO  server.RaftServerConfigKeys (ConfUtils.java:logGet(43)) - raft.server.retrycache.expirytime = 600000ms (custom)
2019-09-25 11:00:06,091 [pool-27-thread-1] INFO  impl.RaftServerImpl (RaftServerImpl.java:start(185)) - e32c4ad0-ba90-43ec-bb55-c70e02bd141a@group-83C9D25398C1: start as a follower, conf=-1: [e32c4ad0-ba90-43ec-bb55-c70e02bd141a:192.168.30.6:43545], old=null
2019-09-25 11:00:06,092 [pool-27-thread-1] INFO  impl.RaftServerImpl (RaftServerImpl.java:setRole(174)) - e32c4ad0-ba90-43ec-bb55-c70e02bd141a@group-83C9D25398C1: changes role from      null to FOLLOWER at term 0 for startAsFollower
2019-09-25 11:00:06,093 [pool-27-thread-1] INFO  impl.RoleInfo (RoleInfo.java:updateAndGet(143)) - e32c4ad0-ba90-43ec-bb55-c70e02bd141a: start FollowerState
2019-09-25 11:00:06,095 [pool-27-thread-1] INFO  util.JmxRegister (JmxRegister.java:tryRegister(44)) - Successfully registered JMX Bean with object name Ratis:service=RaftServer,group=group-83C9D25398C1,id=e32c4ad0-ba90-43ec-bb55-c70e02bd141a
2019-09-25 11:00:06,169 [RatisPipelineUtilsThread] INFO  pipeline.PipelineStateManager (PipelineStateManager.java:addPipeline(56)) - Created pipeline Pipeline[ Id: f2570b4b-1cfb-41ff-b9f6-83c9d25398c1, Nodes: e32c4ad0-ba90-43ec-bb55-c70e02bd141a{ip: 192.168.30.6, host: pr-hdds-1569-5gmkr-4255264070, networkLocation: /default-rack, certSerialId: null}, Type:RATIS, Factor:ONE, State:OPEN]
2019-09-25 11:00:06,214 [grpc-default-executor-0] INFO  impl.RaftServerProxy (RaftServerProxy.java:addNew(89)) - 642f0824-8397-42da-9ac4-13d7260e7e2f: addNew group-D0048FDBAF30:[642f0824-8397-42da-9ac4-13d7260e7e2f:192.168.30.6:44587] returns group-D0048FDBAF30:java.util.concurrent.CompletableFuture@508cb1db[Not completed]
2019-09-25 11:00:06,265 [pool-67-thread-1] INFO  impl.RaftServerImpl (RaftServerImpl.java:<init>(95)) - 642f0824-8397-42da-9ac4-13d7260e7e2f: new RaftServerImpl for group-D0048FDBAF30:[642f0824-8397-42da-9ac4-13d7260e7e2f:192.168.30.6:44587] with ContainerStateMachine:uninitialized
2019-09-25 11:00:06,267 [pool-67-thread-1] INFO  server.RaftServerConfigKeys (ConfUtils.java:logGet(43)) - raft.server.rpc.timeout.min = 5s (custom)
2019-09-25 11:00:06,267 [pool-67-thread-1] INFO  server.RaftServerConfigKeys (ConfUtils.java:logGet(43)) - raft.server.rpc.timeout.max = 5200ms (custom)
2019-09-25 11:00:06,267 [pool-67-thread-1] INFO  server.RaftServerConfigKeys (ConfUtils.java:logGet(43)) - raft.server.rpcslowness.timeout = 120s (custom)
2019-09-25 11:00:06,267 [pool-67-thread-1] INFO  server.RaftServerConfigKeys (ConfUtils.java:logGet(43)) - raft.server.sleep.deviation.threshold = 300 (default)
2019-09-25 11:00:06,267 [pool-67-thread-1] INFO  server.RaftServerConfigKeys (ConfUtils.java:logGet(43)) - raft.server.log.appender.install.snapshot.enabled = false (custom)
2019-09-25 11:00:06,267 [pool-67-thread-1] INFO  impl.RaftServerImpl (ServerState.java:<init>(103)) - 642f0824-8397-42da-9ac4-13d7260e7e2f@group-D0048FDBAF30: ConfigurationManager, init=-1: [642f0824-8397-42da-9ac4-13d7260e7e2f:192.168.30.6:44587], old=null, confs=<EMPTY_MAP>
2019-09-25 11:00:06,268 [pool-67-thread-1] INFO  server.RaftServerConfigKeys (ConfUtils.java:logGet(43)) - raft.server.storage.dir = [/workdir/hadoop-ozone/integration-test/target/test-dir/MiniOzoneClusterImpl-cb8ecd13-95cc-47fe-8445-93be882af5d4/datanode-4/data/ratis] (custom)
2019-09-25 11:00:06,268 [pool-67-thread-1] INFO  storage.RaftStorageDirectory (RaftStorageDirectory.java:analyzeStorage(246)) - The storage directory /workdir/hadoop-ozone/integration-test/target/test-dir/MiniOzoneClusterImpl-cb8ecd13-95cc-47fe-8445-93be882af5d4/datanode-4/data/ratis/9df8850f-ed56-4222-a472-d0048fdbaf30 does not exist. Creating ...
2019-09-25 11:00:06,281 [pool-67-thread-1] INFO  storage.RaftStorageDirectory (RaftStorageDirectory.java:tryLock(328)) - Lock on /workdir/hadoop-ozone/integration-test/target/test-dir/MiniOzoneClusterImpl-cb8ecd13-95cc-47fe-8445-93be882af5d4/datanode-4/data/ratis/9df8850f-ed56-4222-a472-d0048fdbaf30/in_use.lock acquired by nodename 21763@pr-hdds-1569-5gmkr-4255264070
2019-09-25 11:00:06,294 [pool-67-thread-1] INFO  storage.RaftStorage (RaftStorage.java:format(72)) - Storage directory /workdir/hadoop-ozone/integration-test/target/test-dir/MiniOzoneClusterImpl-cb8ecd13-95cc-47fe-8445-93be882af5d4/datanode-4/data/ratis/9df8850f-ed56-4222-a472-d0048fdbaf30 has been successfully formatted.
2019-09-25 11:00:06,296 [pool-67-thread-1] INFO  ratis.ContainerStateMachine (ContainerStateMachine.java:loadSnapshot(230)) - group-D0048FDBAF30: The snapshot info is null. Setting the last applied indexto:(t:0, i:~)
2019-09-25 11:00:06,297 [pool-67-thread-1] INFO  server.RaftServerConfigKeys (ConfUtils.java:logGet(43)) - raft.server.notification.no-leader.timeout = 120s (custom)
2019-09-25 11:00:06,297 [pool-67-thread-1] INFO  server.RaftServerConfigKeys (ConfUtils.java:logGet(43)) - raft.server.log.use.memory = false (default)
2019-09-25 11:00:06,297 [pool-67-thread-1] INFO  server.RaftServerConfigKeys (ConfUtils.java:logGet(43)) - raft.server.log.purge.gap = 1000000 (custom)
2019-09-25 11:00:06,297 [pool-67-thread-1] INFO  server.RaftServerConfigKeys (ConfUtils.java:logGet(43)) - raft.server.log.appender.buffer.byte-limit = 33554432 (custom)
2019-09-25 11:00:06,297 [pool-67-thread-1] INFO  server.RaftServerConfigKeys (ConfUtils.java:logGet(43)) - raft.server.log.segment.size.max = 1048576 (custom)
2019-09-25 11:00:06,297 [pool-67-thread-1] INFO  server.RaftServerConfigKeys (ConfUtils.java:logGet(43)) - raft.server.log.segment.cache.num.max = 2 (custom)
2019-09-25 11:00:06,298 [pool-67-thread-1] INFO  segmented.SegmentedRaftLogWorker (SegmentedRaftLogWorker.java:<init>(172)) - new 642f0824-8397-42da-9ac4-13d7260e7e2f@group-D0048FDBAF30-SegmentedRaftLogWorker for RaftStorage:Storage Directory /workdir/hadoop-ozone/integration-test/target/test-dir/MiniOzoneClusterImpl-cb8ecd13-95cc-47fe-8445-93be882af5d4/datanode-4/data/ratis/9df8850f-ed56-4222-a472-d0048fdbaf30
2019-09-25 11:00:06,302 [pool-67-thread-1] INFO  server.RaftServerConfigKeys (ConfUtils.java:logGet(43)) - raft.server.log.queue.byte-limit = 2147483647 (custom)
2019-09-25 11:00:06,302 [pool-67-thread-1] INFO  server.RaftServerConfigKeys (ConfUtils.java:logGet(43)) - raft.server.log.queue.element-limit = 1024 (custom)
2019-09-25 11:00:06,303 [pool-67-thread-1] INFO  server.RaftServerConfigKeys (ConfUtils.java:logGet(43)) - raft.server.log.segment.size.max = 1048576 (custom)
2019-09-25 11:00:06,303 [pool-67-thread-1] INFO  server.RaftServerConfigKeys (ConfUtils.java:logGet(43)) - raft.server.log.preallocated.size = 16384 (custom)
2019-09-25 11:00:06,303 [pool-67-thread-1] INFO  server.RaftServerConfigKeys (ConfUtils.java:logGet(43)) - raft.server.log.write.buffer.size = 33554432 (custom)
2019-09-25 11:00:06,303 [pool-67-thread-1] INFO  server.RaftServerConfigKeys (ConfUtils.java:logGet(43)) - raft.server.log.force.sync.num = 128 (default)
2019-09-25 11:00:06,303 [pool-67-thread-1] INFO  server.RaftServerConfigKeys (ConfUtils.java:logGet(43)) - raft.server.log.statemachine.data.sync = true (default)
2019-09-25 11:00:06,303 [pool-67-thread-1] INFO  server.RaftServerConfigKeys (ConfUtils.java:logGet(43)) - raft.server.log.statemachine.data.sync.timeout = 10s (default)
2019-09-25 11:00:06,303 [pool-67-thread-1] INFO  server.RaftServerConfigKeys (ConfUtils.java:logGet(43)) - raft.server.log.statemachine.data.sync.timeout.retry = -1 (default)
2019-09-25 11:00:06,304 [pool-67-thread-1] INFO  server.RaftServerConfigKeys (ConfUtils.java:logGet(43)) - raft.server.log.statemachine.data.caching.enabled = true (custom)
2019-09-25 11:00:06,304 [pool-67-thread-1] INFO  segmented.SegmentedRaftLogWorker (SegmentedRaftLogWorker.java:lambda$new$0(132)) - 642f0824-8397-42da-9ac4-13d7260e7e2f@group-D0048FDBAF30-SegmentedRaftLogWorker: flushIndex: setUnconditionally 0 -> -1
2019-09-25 11:00:06,304 [pool-67-thread-1] INFO  server.RaftServerConfigKeys (ConfUtils.java:logGet(43)) - raft.server.snapshot.auto.trigger.enabled = true (custom)
2019-09-25 11:00:06,304 [pool-67-thread-1] INFO  server.RaftServerConfigKeys (ConfUtils.java:logGet(43)) - raft.server.snapshot.auto.trigger.threshold = 10000 (custom)
2019-09-25 11:00:06,304 [pool-67-thread-1] INFO  server.RaftServerConfigKeys (ConfUtils.java:logGet(43)) - raft.server.snapshot.retention.num.files = 5 (custom)
2019-09-25 11:00:06,305 [pool-67-thread-1] INFO  server.RaftServerConfigKeys (ConfUtils.java:logGet(43)) - raft.server.retrycache.expirytime = 600000ms (custom)
2019-09-25 11:00:06,309 [pool-67-thread-1] INFO  impl.RaftServerImpl (RaftServerImpl.java:start(185)) - 642f0824-8397-42da-9ac4-13d7260e7e2f@group-D0048FDBAF30: start as a follower, conf=-1: [642f0824-8397-42da-9ac4-13d7260e7e2f:192.168.30.6:44587], old=null
2019-09-25 11:00:06,309 [pool-67-thread-1] INFO  impl.RaftServerImpl (RaftServerImpl.java:setRole(174)) - 642f0824-8397-42da-9ac4-13d7260e7e2f@group-D0048FDBAF30: changes role from      null to FOLLOWER at term 0 for startAsFollower
2019-09-25 11:00:06,309 [pool-67-thread-1] INFO  impl.RoleInfo (RoleInfo.java:updateAndGet(143)) - 642f0824-8397-42da-9ac4-13d7260e7e2f: start FollowerState
2019-09-25 11:00:06,311 [pool-67-thread-1] INFO  util.JmxRegister (JmxRegister.java:tryRegister(44)) - Successfully registered JMX Bean with object name Ratis:service=RaftServer,group=group-D0048FDBAF30,id=642f0824-8397-42da-9ac4-13d7260e7e2f
2019-09-25 11:00:06,327 [RatisPipelineUtilsThread] INFO  pipeline.PipelineStateManager (PipelineStateManager.java:addPipeline(56)) - Created pipeline Pipeline[ Id: 9df8850f-ed56-4222-a472-d0048fdbaf30, Nodes: 642f0824-8397-42da-9ac4-13d7260e7e2f{ip: 192.168.30.6, host: pr-hdds-1569-5gmkr-4255264070, networkLocation: /default-rack, certSerialId: null}, Type:RATIS, Factor:ONE, State:OPEN]
2019-09-25 11:00:06,369 [grpc-default-executor-0] INFO  impl.RaftServerProxy (RaftServerProxy.java:addNew(89)) - 87c8d9bf-e5fd-4c93-82d7-07f29d18cd92: addNew group-AF68702B1EC0:[87c8d9bf-e5fd-4c93-82d7-07f29d18cd92:192.168.30.6:45400] returns group-AF68702B1EC0:java.util.concurrent.CompletableFuture@7a788bd2[Not completed]
2019-09-25 11:00:06,369 [main] INFO  rpc.RpcClient (RpcClient.java:createVolume(276)) - Creating Volume: testblockoutputstream, with jenkins1000 as owner.
2019-09-25 11:00:06,394 [pool-77-thread-1] INFO  impl.RaftServerImpl (RaftServerImpl.java:<init>(95)) - 87c8d9bf-e5fd-4c93-82d7-07f29d18cd92: new RaftServerImpl for group-AF68702B1EC0:[87c8d9bf-e5fd-4c93-82d7-07f29d18cd92:192.168.30.6:45400] with ContainerStateMachine:uninitialized
2019-09-25 11:00:06,394 [pool-77-thread-1] INFO  server.RaftServerConfigKeys (ConfUtils.java:logGet(43)) - raft.server.rpc.timeout.min = 5s (custom)
2019-09-25 11:00:06,394 [pool-77-thread-1] INFO  server.RaftServerConfigKeys (ConfUtils.java:logGet(43)) - raft.server.rpc.timeout.max = 5200ms (custom)
2019-09-25 11:00:06,394 [pool-77-thread-1] INFO  server.RaftServerConfigKeys (ConfUtils.java:logGet(43)) - raft.server.rpcslowness.timeout = 120s (custom)
2019-09-25 11:00:06,395 [pool-77-thread-1] INFO  server.RaftServerConfigKeys (ConfUtils.java:logGet(43)) - raft.server.sleep.deviation.threshold = 300 (default)
2019-09-25 11:00:06,395 [pool-77-thread-1] INFO  server.RaftServerConfigKeys (ConfUtils.java:logGet(43)) - raft.server.log.appender.install.snapshot.enabled = false (custom)
2019-09-25 11:00:06,395 [pool-77-thread-1] INFO  impl.RaftServerImpl (ServerState.java:<init>(103)) - 87c8d9bf-e5fd-4c93-82d7-07f29d18cd92@group-AF68702B1EC0: ConfigurationManager, init=-1: [87c8d9bf-e5fd-4c93-82d7-07f29d18cd92:192.168.30.6:45400], old=null, confs=<EMPTY_MAP>
2019-09-25 11:00:06,395 [pool-77-thread-1] INFO  server.RaftServerConfigKeys (ConfUtils.java:logGet(43)) - raft.server.storage.dir = [/workdir/hadoop-ozone/integration-test/target/test-dir/MiniOzoneClusterImpl-cb8ecd13-95cc-47fe-8445-93be882af5d4/datanode-5/data/ratis] (custom)
2019-09-25 11:00:06,395 [pool-77-thread-1] INFO  storage.RaftStorageDirectory (RaftStorageDirectory.java:analyzeStorage(246)) - The storage directory /workdir/hadoop-ozone/integration-test/target/test-dir/MiniOzoneClusterImpl-cb8ecd13-95cc-47fe-8445-93be882af5d4/datanode-5/data/ratis/c461b102-c7c0-4585-8ba9-af68702b1ec0 does not exist. Creating ...
2019-09-25 11:00:06,408 [pool-77-thread-1] INFO  storage.RaftStorageDirectory (RaftStorageDirectory.java:tryLock(328)) - Lock on /workdir/hadoop-ozone/integration-test/target/test-dir/MiniOzoneClusterImpl-cb8ecd13-95cc-47fe-8445-93be882af5d4/datanode-5/data/ratis/c461b102-c7c0-4585-8ba9-af68702b1ec0/in_use.lock acquired by nodename 21763@pr-hdds-1569-5gmkr-4255264070
2019-09-25 11:00:06,421 [pool-77-thread-1] INFO  storage.RaftStorage (RaftStorage.java:format(72)) - Storage directory /workdir/hadoop-ozone/integration-test/target/test-dir/MiniOzoneClusterImpl-cb8ecd13-95cc-47fe-8445-93be882af5d4/datanode-5/data/ratis/c461b102-c7c0-4585-8ba9-af68702b1ec0 has been successfully formatted.
2019-09-25 11:00:06,422 [pool-77-thread-1] INFO  ratis.ContainerStateMachine (ContainerStateMachine.java:loadSnapshot(230)) - group-AF68702B1EC0: The snapshot info is null. Setting the last applied indexto:(t:0, i:~)
2019-09-25 11:00:06,422 [pool-77-thread-1] INFO  server.RaftServerConfigKeys (ConfUtils.java:logGet(43)) - raft.server.notification.no-leader.timeout = 120s (custom)
2019-09-25 11:00:06,422 [pool-77-thread-1] INFO  server.RaftServerConfigKeys (ConfUtils.java:logGet(43)) - raft.server.log.use.memory = false (default)
2019-09-25 11:00:06,422 [pool-77-thread-1] INFO  server.RaftServerConfigKeys (ConfUtils.java:logGet(43)) - raft.server.log.purge.gap = 1000000 (custom)
2019-09-25 11:00:06,423 [pool-77-thread-1] INFO  server.RaftServerConfigKeys (ConfUtils.java:logGet(43)) - raft.server.log.appender.buffer.byte-limit = 33554432 (custom)
2019-09-25 11:00:06,423 [pool-77-thread-1] INFO  server.RaftServerConfigKeys (ConfUtils.java:logGet(43)) - raft.server.log.segment.size.max = 1048576 (custom)
2019-09-25 11:00:06,423 [pool-77-thread-1] INFO  server.RaftServerConfigKeys (ConfUtils.java:logGet(43)) - raft.server.log.segment.cache.num.max = 2 (custom)
2019-09-25 11:00:06,423 [pool-77-thread-1] INFO  segmented.SegmentedRaftLogWorker (SegmentedRaftLogWorker.java:<init>(172)) - new 87c8d9bf-e5fd-4c93-82d7-07f29d18cd92@group-AF68702B1EC0-SegmentedRaftLogWorker for RaftStorage:Storage Directory /workdir/hadoop-ozone/integration-test/target/test-dir/MiniOzoneClusterImpl-cb8ecd13-95cc-47fe-8445-93be882af5d4/datanode-5/data/ratis/c461b102-c7c0-4585-8ba9-af68702b1ec0
2019-09-25 11:00:06,459 [pool-77-thread-1] INFO  server.RaftServerConfigKeys (ConfUtils.java:logGet(43)) - raft.server.log.queue.byte-limit = 2147483647 (custom)
2019-09-25 11:00:06,460 [pool-77-thread-1] INFO  server.RaftServerConfigKeys (ConfUtils.java:logGet(43)) - raft.server.log.queue.element-limit = 1024 (custom)
2019-09-25 11:00:06,460 [pool-77-thread-1] INFO  server.RaftServerConfigKeys (ConfUtils.java:logGet(43)) - raft.server.log.segment.size.max = 1048576 (custom)
2019-09-25 11:00:06,460 [pool-77-thread-1] INFO  server.RaftServerConfigKeys (ConfUtils.java:logGet(43)) - raft.server.log.preallocated.size = 16384 (custom)
2019-09-25 11:00:06,460 [pool-77-thread-1] INFO  server.RaftServerConfigKeys (ConfUtils.java:logGet(43)) - raft.server.log.write.buffer.size = 33554432 (custom)
2019-09-25 11:00:06,460 [pool-77-thread-1] INFO  server.RaftServerConfigKeys (ConfUtils.java:logGet(43)) - raft.server.log.force.sync.num = 128 (default)
2019-09-25 11:00:06,461 [pool-77-thread-1] INFO  server.RaftServerConfigKeys (ConfUtils.java:logGet(43)) - raft.server.log.statemachine.data.sync = true (default)
2019-09-25 11:00:06,461 [pool-77-thread-1] INFO  server.RaftServerConfigKeys (ConfUtils.java:logGet(43)) - raft.server.log.statemachine.data.sync.timeout = 10s (default)
2019-09-25 11:00:06,461 [pool-77-thread-1] INFO  server.RaftServerConfigKeys (ConfUtils.java:logGet(43)) - raft.server.log.statemachine.data.sync.timeout.retry = -1 (default)
2019-09-25 11:00:06,461 [pool-77-thread-1] INFO  server.RaftServerConfigKeys (ConfUtils.java:logGet(43)) - raft.server.log.statemachine.data.caching.enabled = true (custom)
2019-09-25 11:00:06,462 [pool-77-thread-1] INFO  segmented.SegmentedRaftLogWorker (SegmentedRaftLogWorker.java:lambda$new$0(132)) - 87c8d9bf-e5fd-4c93-82d7-07f29d18cd92@group-AF68702B1EC0-SegmentedRaftLogWorker: flushIndex: setUnconditionally 0 -> -1
2019-09-25 11:00:06,462 [pool-77-thread-1] INFO  server.RaftServerConfigKeys (ConfUtils.java:logGet(43)) - raft.server.snapshot.auto.trigger.enabled = true (custom)
2019-09-25 11:00:06,463 [pool-77-thread-1] INFO  server.RaftServerConfigKeys (ConfUtils.java:logGet(43)) - raft.server.snapshot.auto.trigger.threshold = 10000 (custom)
2019-09-25 11:00:06,463 [pool-77-thread-1] INFO  server.RaftServerConfigKeys (ConfUtils.java:logGet(43)) - raft.server.snapshot.retention.num.files = 5 (custom)
2019-09-25 11:00:06,463 [pool-77-thread-1] INFO  server.RaftServerConfigKeys (ConfUtils.java:logGet(43)) - raft.server.retrycache.expirytime = 600000ms (custom)
2019-09-25 11:00:06,469 [pool-77-thread-1] INFO  impl.RaftServerImpl (RaftServerImpl.java:start(185)) - 87c8d9bf-e5fd-4c93-82d7-07f29d18cd92@group-AF68702B1EC0: start as a follower, conf=-1: [87c8d9bf-e5fd-4c93-82d7-07f29d18cd92:192.168.30.6:45400], old=null
2019-09-25 11:00:06,469 [pool-77-thread-1] INFO  impl.RaftServerImpl (RaftServerImpl.java:setRole(174)) - 87c8d9bf-e5fd-4c93-82d7-07f29d18cd92@group-AF68702B1EC0: changes role from      null to FOLLOWER at term 0 for startAsFollower
2019-09-25 11:00:06,469 [pool-77-thread-1] INFO  impl.RoleInfo (RoleInfo.java:updateAndGet(143)) - 87c8d9bf-e5fd-4c93-82d7-07f29d18cd92: start FollowerState
2019-09-25 11:00:06,470 [pool-77-thread-1] INFO  util.JmxRegister (JmxRegister.java:tryRegister(44)) - Successfully registered JMX Bean with object name Ratis:service=RaftServer,group=group-AF68702B1EC0,id=87c8d9bf-e5fd-4c93-82d7-07f29d18cd92
2019-09-25 11:00:06,483 [RatisPipelineUtilsThread] INFO  pipeline.PipelineStateManager (PipelineStateManager.java:addPipeline(56)) - Created pipeline Pipeline[ Id: c461b102-c7c0-4585-8ba9-af68702b1ec0, Nodes: 87c8d9bf-e5fd-4c93-82d7-07f29d18cd92{ip: 192.168.30.6, host: pr-hdds-1569-5gmkr-4255264070, networkLocation: /default-rack, certSerialId: null}, Type:RATIS, Factor:ONE, State:OPEN]
2019-09-25 11:00:06,507 [grpc-default-executor-0] INFO  impl.RaftServerProxy (RaftServerProxy.java:addNew(89)) - 10236b5f-bff6-485e-aafa-3b26ea1d6574: addNew group-0B0A90638D0B:[10236b5f-bff6-485e-aafa-3b26ea1d6574:192.168.30.6:44690] returns group-0B0A90638D0B:java.util.concurrent.CompletableFuture@7b7bed1d[Not completed]
2019-09-25 11:00:06,513 [pool-87-thread-1] INFO  impl.RaftServerImpl (RaftServerImpl.java:<init>(95)) - 10236b5f-bff6-485e-aafa-3b26ea1d6574: new RaftServerImpl for group-0B0A90638D0B:[10236b5f-bff6-485e-aafa-3b26ea1d6574:192.168.30.6:44690] with ContainerStateMachine:uninitialized
2019-09-25 11:00:06,513 [pool-87-thread-1] INFO  server.RaftServerConfigKeys (ConfUtils.java:logGet(43)) - raft.server.rpc.timeout.min = 5s (custom)
2019-09-25 11:00:06,513 [pool-87-thread-1] INFO  server.RaftServerConfigKeys (ConfUtils.java:logGet(43)) - raft.server.rpc.timeout.max = 5200ms (custom)
2019-09-25 11:00:06,513 [pool-87-thread-1] INFO  server.RaftServerConfigKeys (ConfUtils.java:logGet(43)) - raft.server.rpcslowness.timeout = 120s (custom)
2019-09-25 11:00:06,513 [pool-87-thread-1] INFO  server.RaftServerConfigKeys (ConfUtils.java:logGet(43)) - raft.server.sleep.deviation.threshold = 300 (default)
2019-09-25 11:00:06,513 [pool-87-thread-1] INFO  server.RaftServerConfigKeys (ConfUtils.java:logGet(43)) - raft.server.log.appender.install.snapshot.enabled = false (custom)
2019-09-25 11:00:06,514 [pool-87-thread-1] INFO  impl.RaftServerImpl (ServerState.java:<init>(103)) - 10236b5f-bff6-485e-aafa-3b26ea1d6574@group-0B0A90638D0B: ConfigurationManager, init=-1: [10236b5f-bff6-485e-aafa-3b26ea1d6574:192.168.30.6:44690], old=null, confs=<EMPTY_MAP>
2019-09-25 11:00:06,514 [pool-87-thread-1] INFO  server.RaftServerConfigKeys (ConfUtils.java:logGet(43)) - raft.server.storage.dir = [/workdir/hadoop-ozone/integration-test/target/test-dir/MiniOzoneClusterImpl-cb8ecd13-95cc-47fe-8445-93be882af5d4/datanode-6/data/ratis] (custom)
2019-09-25 11:00:06,514 [pool-87-thread-1] INFO  storage.RaftStorageDirectory (RaftStorageDirectory.java:analyzeStorage(246)) - The storage directory /workdir/hadoop-ozone/integration-test/target/test-dir/MiniOzoneClusterImpl-cb8ecd13-95cc-47fe-8445-93be882af5d4/datanode-6/data/ratis/f13a0b49-22ef-47d1-af67-0b0a90638d0b does not exist. Creating ...
2019-09-25 11:00:06,538 [IPC Server handler 1 on 34126] INFO  volume.OMVolumeCreateRequest (OMVolumeCreateRequest.java:validateAndUpdateCache(189)) - created volume:testblockoutputstream for user:jenkins1000
2019-09-25 11:00:06,542 [pool-87-thread-1] INFO  storage.RaftStorageDirectory (RaftStorageDirectory.java:tryLock(328)) - Lock on /workdir/hadoop-ozone/integration-test/target/test-dir/MiniOzoneClusterImpl-cb8ecd13-95cc-47fe-8445-93be882af5d4/datanode-6/data/ratis/f13a0b49-22ef-47d1-af67-0b0a90638d0b/in_use.lock acquired by nodename 21763@pr-hdds-1569-5gmkr-4255264070
2019-09-25 11:00:06,555 [pool-87-thread-1] INFO  storage.RaftStorage (RaftStorage.java:format(72)) - Storage directory /workdir/hadoop-ozone/integration-test/target/test-dir/MiniOzoneClusterImpl-cb8ecd13-95cc-47fe-8445-93be882af5d4/datanode-6/data/ratis/f13a0b49-22ef-47d1-af67-0b0a90638d0b has been successfully formatted.
2019-09-25 11:00:06,556 [pool-87-thread-1] INFO  ratis.ContainerStateMachine (ContainerStateMachine.java:loadSnapshot(230)) - group-0B0A90638D0B: The snapshot info is null. Setting the last applied indexto:(t:0, i:~)
2019-09-25 11:00:06,556 [pool-87-thread-1] INFO  server.RaftServerConfigKeys (ConfUtils.java:logGet(43)) - raft.server.notification.no-leader.timeout = 120s (custom)
2019-09-25 11:00:06,556 [pool-87-thread-1] INFO  server.RaftServerConfigKeys (ConfUtils.java:logGet(43)) - raft.server.log.use.memory = false (default)
2019-09-25 11:00:06,556 [pool-87-thread-1] INFO  server.RaftServerConfigKeys (ConfUtils.java:logGet(43)) - raft.server.log.purge.gap = 1000000 (custom)
2019-09-25 11:00:06,557 [pool-87-thread-1] INFO  server.RaftServerConfigKeys (ConfUtils.java:logGet(43)) - raft.server.log.appender.buffer.byte-limit = 33554432 (custom)
2019-09-25 11:00:06,557 [pool-87-thread-1] INFO  server.RaftServerConfigKeys (ConfUtils.java:logGet(43)) - raft.server.log.segment.size.max = 1048576 (custom)
2019-09-25 11:00:06,557 [pool-87-thread-1] INFO  server.RaftServerConfigKeys (ConfUtils.java:logGet(43)) - raft.server.log.segment.cache.num.max = 2 (custom)
2019-09-25 11:00:06,557 [pool-87-thread-1] INFO  segmented.SegmentedRaftLogWorker (SegmentedRaftLogWorker.java:<init>(172)) - new 10236b5f-bff6-485e-aafa-3b26ea1d6574@group-0B0A90638D0B-SegmentedRaftLogWorker for RaftStorage:Storage Directory /workdir/hadoop-ozone/integration-test/target/test-dir/MiniOzoneClusterImpl-cb8ecd13-95cc-47fe-8445-93be882af5d4/datanode-6/data/ratis/f13a0b49-22ef-47d1-af67-0b0a90638d0b
2019-09-25 11:00:06,567 [pool-87-thread-1] INFO  server.RaftServerConfigKeys (ConfUtils.java:logGet(43)) - raft.server.log.queue.byte-limit = 2147483647 (custom)
2019-09-25 11:00:06,567 [pool-87-thread-1] INFO  server.RaftServerConfigKeys (ConfUtils.java:logGet(43)) - raft.server.log.queue.element-limit = 1024 (custom)
2019-09-25 11:00:06,567 [pool-87-thread-1] INFO  server.RaftServerConfigKeys (ConfUtils.java:logGet(43)) - raft.server.log.segment.size.max = 1048576 (custom)
2019-09-25 11:00:06,568 [pool-87-thread-1] INFO  server.RaftServerConfigKeys (ConfUtils.java:logGet(43)) - raft.server.log.preallocated.size = 16384 (custom)
2019-09-25 11:00:06,568 [pool-87-thread-1] INFO  server.RaftServerConfigKeys (ConfUtils.java:logGet(43)) - raft.server.log.write.buffer.size = 33554432 (custom)
2019-09-25 11:00:06,568 [pool-87-thread-1] INFO  server.RaftServerConfigKeys (ConfUtils.java:logGet(43)) - raft.server.log.force.sync.num = 128 (default)
2019-09-25 11:00:06,568 [pool-87-thread-1] INFO  server.RaftServerConfigKeys (ConfUtils.java:logGet(43)) - raft.server.log.statemachine.data.sync = true (default)
2019-09-25 11:00:06,569 [pool-87-thread-1] INFO  server.RaftServerConfigKeys (ConfUtils.java:logGet(43)) - raft.server.log.statemachine.data.sync.timeout = 10s (default)
2019-09-25 11:00:06,569 [pool-87-thread-1] INFO  server.RaftServerConfigKeys (ConfUtils.java:logGet(43)) - raft.server.log.statemachine.data.sync.timeout.retry = -1 (default)
2019-09-25 11:00:06,569 [main] INFO  rpc.RpcClient (RpcClient.java:createBucket(415)) - Creating Bucket: testblockoutputstream/testblockoutputstream, with Versioning false and Storage Type set to DISK and Encryption set to false 
2019-09-25 11:00:06,569 [pool-87-thread-1] INFO  server.RaftServerConfigKeys (ConfUtils.java:logGet(43)) - raft.server.log.statemachine.data.caching.enabled = true (custom)
2019-09-25 11:00:06,570 [pool-87-thread-1] INFO  segmented.SegmentedRaftLogWorker (SegmentedRaftLogWorker.java:lambda$new$0(132)) - 10236b5f-bff6-485e-aafa-3b26ea1d6574@group-0B0A90638D0B-SegmentedRaftLogWorker: flushIndex: setUnconditionally 0 -> -1
2019-09-25 11:00:06,570 [pool-87-thread-1] INFO  server.RaftServerConfigKeys (ConfUtils.java:logGet(43)) - raft.server.snapshot.auto.trigger.enabled = true (custom)
2019-09-25 11:00:06,570 [pool-87-thread-1] INFO  server.RaftServerConfigKeys (ConfUtils.java:logGet(43)) - raft.server.snapshot.auto.trigger.threshold = 10000 (custom)
2019-09-25 11:00:06,571 [pool-87-thread-1] INFO  server.RaftServerConfigKeys (ConfUtils.java:logGet(43)) - raft.server.snapshot.retention.num.files = 5 (custom)
2019-09-25 11:00:06,571 [pool-87-thread-1] INFO  server.RaftServerConfigKeys (ConfUtils.java:logGet(43)) - raft.server.retrycache.expirytime = 600000ms (custom)
2019-09-25 11:00:06,589 [pool-87-thread-1] INFO  impl.RaftServerImpl (RaftServerImpl.java:start(185)) - 10236b5f-bff6-485e-aafa-3b26ea1d6574@group-0B0A90638D0B: start as a follower, conf=-1: [10236b5f-bff6-485e-aafa-3b26ea1d6574:192.168.30.6:44690], old=null
2019-09-25 11:00:06,595 [pool-87-thread-1] INFO  impl.RaftServerImpl (RaftServerImpl.java:setRole(174)) - 10236b5f-bff6-485e-aafa-3b26ea1d6574@group-0B0A90638D0B: changes role from      null to FOLLOWER at term 0 for startAsFollower
2019-09-25 11:00:06,595 [pool-87-thread-1] INFO  impl.RoleInfo (RoleInfo.java:updateAndGet(143)) - 10236b5f-bff6-485e-aafa-3b26ea1d6574: start FollowerState
2019-09-25 11:00:06,596 [pool-87-thread-1] INFO  util.JmxRegister (JmxRegister.java:tryRegister(44)) - Successfully registered JMX Bean with object name Ratis:service=RaftServer,group=group-0B0A90638D0B,id=10236b5f-bff6-485e-aafa-3b26ea1d6574
2019-09-25 11:00:06,610 [RatisPipelineUtilsThread] INFO  pipeline.PipelineStateManager (PipelineStateManager.java:addPipeline(56)) - Created pipeline Pipeline[ Id: f13a0b49-22ef-47d1-af67-0b0a90638d0b, Nodes: 10236b5f-bff6-485e-aafa-3b26ea1d6574{ip: 192.168.30.6, host: pr-hdds-1569-5gmkr-4255264070, networkLocation: /default-rack, certSerialId: null}, Type:RATIS, Factor:ONE, State:OPEN]
2019-09-25 11:00:06,632 [grpc-default-executor-0] INFO  impl.RaftServerProxy (RaftServerProxy.java:addNew(89)) - 5f9a0e92-828f-4406-8370-fc24211be18d: addNew group-A3C8774EE2AF:[5f9a0e92-828f-4406-8370-fc24211be18d:192.168.30.6:38144] returns group-A3C8774EE2AF:java.util.concurrent.CompletableFuture@5271e601[Not completed]
2019-09-25 11:00:06,635 [main] INFO  impl.MetricsSystemImpl (MetricsSystemImpl.java:init(158)) - XceiverClientMetrics metrics system started (again)
2019-09-25 11:00:06,636 [pool-57-thread-1] INFO  impl.RaftServerImpl (RaftServerImpl.java:<init>(95)) - 5f9a0e92-828f-4406-8370-fc24211be18d: new RaftServerImpl for group-A3C8774EE2AF:[5f9a0e92-828f-4406-8370-fc24211be18d:192.168.30.6:38144] with ContainerStateMachine:uninitialized
2019-09-25 11:00:06,636 [pool-57-thread-1] INFO  server.RaftServerConfigKeys (ConfUtils.java:logGet(43)) - raft.server.rpc.timeout.min = 5s (custom)
2019-09-25 11:00:06,637 [pool-57-thread-1] INFO  server.RaftServerConfigKeys (ConfUtils.java:logGet(43)) - raft.server.rpc.timeout.max = 5200ms (custom)
2019-09-25 11:00:06,637 [pool-57-thread-1] INFO  server.RaftServerConfigKeys (ConfUtils.java:logGet(43)) - raft.server.rpcslowness.timeout = 120s (custom)
2019-09-25 11:00:06,637 [pool-57-thread-1] INFO  server.RaftServerConfigKeys (ConfUtils.java:logGet(43)) - raft.server.sleep.deviation.threshold = 300 (default)
2019-09-25 11:00:06,637 [pool-57-thread-1] INFO  server.RaftServerConfigKeys (ConfUtils.java:logGet(43)) - raft.server.log.appender.install.snapshot.enabled = false (custom)
2019-09-25 11:00:06,638 [pool-57-thread-1] INFO  impl.RaftServerImpl (ServerState.java:<init>(103)) - 5f9a0e92-828f-4406-8370-fc24211be18d@group-A3C8774EE2AF: ConfigurationManager, init=-1: [5f9a0e92-828f-4406-8370-fc24211be18d:192.168.30.6:38144], old=null, confs=<EMPTY_MAP>
2019-09-25 11:00:06,638 [pool-57-thread-1] INFO  server.RaftServerConfigKeys (ConfUtils.java:logGet(43)) - raft.server.storage.dir = [/workdir/hadoop-ozone/integration-test/target/test-dir/MiniOzoneClusterImpl-cb8ecd13-95cc-47fe-8445-93be882af5d4/datanode-3/data/ratis] (custom)
2019-09-25 11:00:06,638 [pool-57-thread-1] INFO  storage.RaftStorageDirectory (RaftStorageDirectory.java:analyzeStorage(246)) - The storage directory /workdir/hadoop-ozone/integration-test/target/test-dir/MiniOzoneClusterImpl-cb8ecd13-95cc-47fe-8445-93be882af5d4/datanode-3/data/ratis/4ff83ca9-56ad-4aa1-8981-a3c8774ee2af does not exist. Creating ...
2019-09-25 11:00:06,651 [pool-57-thread-1] INFO  storage.RaftStorageDirectory (RaftStorageDirectory.java:tryLock(328)) - Lock on /workdir/hadoop-ozone/integration-test/target/test-dir/MiniOzoneClusterImpl-cb8ecd13-95cc-47fe-8445-93be882af5d4/datanode-3/data/ratis/4ff83ca9-56ad-4aa1-8981-a3c8774ee2af/in_use.lock acquired by nodename 21763@pr-hdds-1569-5gmkr-4255264070
2019-09-25 11:00:06,665 [pool-57-thread-1] INFO  storage.RaftStorage (RaftStorage.java:format(72)) - Storage directory /workdir/hadoop-ozone/integration-test/target/test-dir/MiniOzoneClusterImpl-cb8ecd13-95cc-47fe-8445-93be882af5d4/datanode-3/data/ratis/4ff83ca9-56ad-4aa1-8981-a3c8774ee2af has been successfully formatted.
2019-09-25 11:00:06,665 [pool-57-thread-1] INFO  ratis.ContainerStateMachine (ContainerStateMachine.java:loadSnapshot(230)) - group-A3C8774EE2AF: The snapshot info is null. Setting the last applied indexto:(t:0, i:~)
2019-09-25 11:00:06,665 [pool-57-thread-1] INFO  server.RaftServerConfigKeys (ConfUtils.java:logGet(43)) - raft.server.notification.no-leader.timeout = 120s (custom)
2019-09-25 11:00:06,665 [pool-57-thread-1] INFO  server.RaftServerConfigKeys (ConfUtils.java:logGet(43)) - raft.server.log.use.memory = false (default)
2019-09-25 11:00:06,666 [pool-57-thread-1] INFO  server.RaftServerConfigKeys (ConfUtils.java:logGet(43)) - raft.server.log.purge.gap = 1000000 (custom)
2019-09-25 11:00:06,666 [pool-57-thread-1] INFO  server.RaftServerConfigKeys (ConfUtils.java:logGet(43)) - raft.server.log.appender.buffer.byte-limit = 33554432 (custom)
2019-09-25 11:00:06,666 [pool-57-thread-1] INFO  server.RaftServerConfigKeys (ConfUtils.java:logGet(43)) - raft.server.log.segment.size.max = 1048576 (custom)
2019-09-25 11:00:06,666 [pool-57-thread-1] INFO  server.RaftServerConfigKeys (ConfUtils.java:logGet(43)) - raft.server.log.segment.cache.num.max = 2 (custom)
2019-09-25 11:00:06,666 [pool-57-thread-1] INFO  segmented.SegmentedRaftLogWorker (SegmentedRaftLogWorker.java:<init>(172)) - new 5f9a0e92-828f-4406-8370-fc24211be18d@group-A3C8774EE2AF-SegmentedRaftLogWorker for RaftStorage:Storage Directory /workdir/hadoop-ozone/integration-test/target/test-dir/MiniOzoneClusterImpl-cb8ecd13-95cc-47fe-8445-93be882af5d4/datanode-3/data/ratis/4ff83ca9-56ad-4aa1-8981-a3c8774ee2af
2019-09-25 11:00:06,671 [pool-57-thread-1] INFO  server.RaftServerConfigKeys (ConfUtils.java:logGet(43)) - raft.server.log.queue.byte-limit = 2147483647 (custom)
2019-09-25 11:00:06,671 [pool-57-thread-1] INFO  server.RaftServerConfigKeys (ConfUtils.java:logGet(43)) - raft.server.log.queue.element-limit = 1024 (custom)
2019-09-25 11:00:06,671 [pool-57-thread-1] INFO  server.RaftServerConfigKeys (ConfUtils.java:logGet(43)) - raft.server.log.segment.size.max = 1048576 (custom)
2019-09-25 11:00:06,672 [pool-57-thread-1] INFO  server.RaftServerConfigKeys (ConfUtils.java:logGet(43)) - raft.server.log.preallocated.size = 16384 (custom)
2019-09-25 11:00:06,672 [pool-57-thread-1] INFO  server.RaftServerConfigKeys (ConfUtils.java:logGet(43)) - raft.server.log.write.buffer.size = 33554432 (custom)
2019-09-25 11:00:06,672 [pool-57-thread-1] INFO  server.RaftServerConfigKeys (ConfUtils.java:logGet(43)) - raft.server.log.force.sync.num = 128 (default)
2019-09-25 11:00:06,672 [pool-57-thread-1] INFO  server.RaftServerConfigKeys (ConfUtils.java:logGet(43)) - raft.server.log.statemachine.data.sync = true (default)
2019-09-25 11:00:06,672 [pool-57-thread-1] INFO  server.RaftServerConfigKeys (ConfUtils.java:logGet(43)) - raft.server.log.statemachine.data.sync.timeout = 10s (default)
2019-09-25 11:00:06,672 [pool-57-thread-1] INFO  server.RaftServerConfigKeys (ConfUtils.java:logGet(43)) - raft.server.log.statemachine.data.sync.timeout.retry = -1 (default)
2019-09-25 11:00:06,673 [pool-57-thread-1] INFO  server.RaftServerConfigKeys (ConfUtils.java:logGet(43)) - raft.server.log.statemachine.data.caching.enabled = true (custom)
2019-09-25 11:00:06,673 [pool-57-thread-1] INFO  segmented.SegmentedRaftLogWorker (SegmentedRaftLogWorker.java:lambda$new$0(132)) - 5f9a0e92-828f-4406-8370-fc24211be18d@group-A3C8774EE2AF-SegmentedRaftLogWorker: flushIndex: setUnconditionally 0 -> -1
2019-09-25 11:00:06,674 [pool-57-thread-1] INFO  server.RaftServerConfigKeys (ConfUtils.java:logGet(43)) - raft.server.snapshot.auto.trigger.enabled = true (custom)
2019-09-25 11:00:06,674 [pool-57-thread-1] INFO  server.RaftServerConfigKeys (ConfUtils.java:logGet(43)) - raft.server.snapshot.auto.trigger.threshold = 10000 (custom)
2019-09-25 11:00:06,674 [pool-57-thread-1] INFO  server.RaftServerConfigKeys (ConfUtils.java:logGet(43)) - raft.server.snapshot.retention.num.files = 5 (custom)
2019-09-25 11:00:06,676 [pool-57-thread-1] INFO  server.RaftServerConfigKeys (ConfUtils.java:logGet(43)) - raft.server.retrycache.expirytime = 600000ms (custom)
2019-09-25 11:00:06,680 [pool-57-thread-1] INFO  impl.RaftServerImpl (RaftServerImpl.java:start(185)) - 5f9a0e92-828f-4406-8370-fc24211be18d@group-A3C8774EE2AF: start as a follower, conf=-1: [5f9a0e92-828f-4406-8370-fc24211be18d:192.168.30.6:38144], old=null
2019-09-25 11:00:06,680 [pool-57-thread-1] INFO  impl.RaftServerImpl (RaftServerImpl.java:setRole(174)) - 5f9a0e92-828f-4406-8370-fc24211be18d@group-A3C8774EE2AF: changes role from      null to FOLLOWER at term 0 for startAsFollower
2019-09-25 11:00:06,680 [pool-57-thread-1] INFO  impl.RoleInfo (RoleInfo.java:updateAndGet(143)) - 5f9a0e92-828f-4406-8370-fc24211be18d: start FollowerState
2019-09-25 11:00:06,681 [pool-57-thread-1] INFO  util.JmxRegister (JmxRegister.java:tryRegister(44)) - Successfully registered JMX Bean with object name Ratis:service=RaftServer,group=group-A3C8774EE2AF,id=5f9a0e92-828f-4406-8370-fc24211be18d
2019-09-25 11:00:06,692 [RatisPipelineUtilsThread] INFO  pipeline.PipelineStateManager (PipelineStateManager.java:addPipeline(56)) - Created pipeline Pipeline[ Id: 4ff83ca9-56ad-4aa1-8981-a3c8774ee2af, Nodes: 5f9a0e92-828f-4406-8370-fc24211be18d{ip: 192.168.30.6, host: pr-hdds-1569-5gmkr-4255264070, networkLocation: /default-rack, certSerialId: null}, Type:RATIS, Factor:ONE, State:OPEN]
2019-09-25 11:00:06,716 [grpc-default-executor-0] INFO  impl.RaftServerProxy (RaftServerProxy.java:addNew(89)) - 87c8d9bf-e5fd-4c93-82d7-07f29d18cd92: addNew group-56F61432CDAA:[87c8d9bf-e5fd-4c93-82d7-07f29d18cd92:192.168.30.6:45400] returns group-56F61432CDAA:java.util.concurrent.CompletableFuture@2d03fd33[Not completed]
2019-09-25 11:00:06,718 [pool-77-thread-1] INFO  impl.RaftServerImpl (RaftServerImpl.java:<init>(95)) - 87c8d9bf-e5fd-4c93-82d7-07f29d18cd92: new RaftServerImpl for group-56F61432CDAA:[87c8d9bf-e5fd-4c93-82d7-07f29d18cd92:192.168.30.6:45400] with ContainerStateMachine:uninitialized
2019-09-25 11:00:06,718 [pool-77-thread-1] INFO  server.RaftServerConfigKeys (ConfUtils.java:logGet(43)) - raft.server.rpc.timeout.min = 5s (custom)
2019-09-25 11:00:06,719 [pool-77-thread-1] INFO  server.RaftServerConfigKeys (ConfUtils.java:logGet(43)) - raft.server.rpc.timeout.max = 5200ms (custom)
2019-09-25 11:00:06,719 [pool-77-thread-1] INFO  server.RaftServerConfigKeys (ConfUtils.java:logGet(43)) - raft.server.rpcslowness.timeout = 120s (custom)
2019-09-25 11:00:06,719 [pool-77-thread-1] INFO  server.RaftServerConfigKeys (ConfUtils.java:logGet(43)) - raft.server.sleep.deviation.threshold = 300 (default)
2019-09-25 11:00:06,719 [pool-77-thread-1] INFO  server.RaftServerConfigKeys (ConfUtils.java:logGet(43)) - raft.server.log.appender.install.snapshot.enabled = false (custom)
2019-09-25 11:00:06,719 [pool-77-thread-1] INFO  impl.RaftServerImpl (ServerState.java:<init>(103)) - 87c8d9bf-e5fd-4c93-82d7-07f29d18cd92@group-56F61432CDAA: ConfigurationManager, init=-1: [87c8d9bf-e5fd-4c93-82d7-07f29d18cd92:192.168.30.6:45400], old=null, confs=<EMPTY_MAP>
2019-09-25 11:00:06,719 [pool-77-thread-1] INFO  server.RaftServerConfigKeys (ConfUtils.java:logGet(43)) - raft.server.storage.dir = [/workdir/hadoop-ozone/integration-test/target/test-dir/MiniOzoneClusterImpl-cb8ecd13-95cc-47fe-8445-93be882af5d4/datanode-5/data/ratis] (custom)
2019-09-25 11:00:06,720 [pool-77-thread-1] INFO  storage.RaftStorageDirectory (RaftStorageDirectory.java:analyzeStorage(246)) - The storage directory /workdir/hadoop-ozone/integration-test/target/test-dir/MiniOzoneClusterImpl-cb8ecd13-95cc-47fe-8445-93be882af5d4/datanode-5/data/ratis/e9635449-e46b-4dad-b77a-56f61432cdaa does not exist. Creating ...
2019-09-25 11:00:06,733 [pool-77-thread-1] INFO  storage.RaftStorageDirectory (RaftStorageDirectory.java:tryLock(328)) - Lock on /workdir/hadoop-ozone/integration-test/target/test-dir/MiniOzoneClusterImpl-cb8ecd13-95cc-47fe-8445-93be882af5d4/datanode-5/data/ratis/e9635449-e46b-4dad-b77a-56f61432cdaa/in_use.lock acquired by nodename 21763@pr-hdds-1569-5gmkr-4255264070
2019-09-25 11:00:06,747 [pool-77-thread-1] INFO  storage.RaftStorage (RaftStorage.java:format(72)) - Storage directory /workdir/hadoop-ozone/integration-test/target/test-dir/MiniOzoneClusterImpl-cb8ecd13-95cc-47fe-8445-93be882af5d4/datanode-5/data/ratis/e9635449-e46b-4dad-b77a-56f61432cdaa has been successfully formatted.
2019-09-25 11:00:06,747 [pool-77-thread-1] INFO  ratis.ContainerStateMachine (ContainerStateMachine.java:loadSnapshot(230)) - group-56F61432CDAA: The snapshot info is null. Setting the last applied indexto:(t:0, i:~)
2019-09-25 11:00:06,747 [pool-77-thread-1] INFO  server.RaftServerConfigKeys (ConfUtils.java:logGet(43)) - raft.server.notification.no-leader.timeout = 120s (custom)
2019-09-25 11:00:06,747 [pool-77-thread-1] INFO  server.RaftServerConfigKeys (ConfUtils.java:logGet(43)) - raft.server.log.use.memory = false (default)
2019-09-25 11:00:06,747 [pool-77-thread-1] INFO  server.RaftServerConfigKeys (ConfUtils.java:logGet(43)) - raft.server.log.purge.gap = 1000000 (custom)
2019-09-25 11:00:06,748 [pool-77-thread-1] INFO  server.RaftServerConfigKeys (ConfUtils.java:logGet(43)) - raft.server.log.appender.buffer.byte-limit = 33554432 (custom)
2019-09-25 11:00:06,748 [pool-77-thread-1] INFO  server.RaftServerConfigKeys (ConfUtils.java:logGet(43)) - raft.server.log.segment.size.max = 1048576 (custom)
2019-09-25 11:00:06,748 [pool-77-thread-1] INFO  server.RaftServerConfigKeys (ConfUtils.java:logGet(43)) - raft.server.log.segment.cache.num.max = 2 (custom)
2019-09-25 11:00:06,748 [pool-77-thread-1] INFO  segmented.SegmentedRaftLogWorker (SegmentedRaftLogWorker.java:<init>(172)) - new 87c8d9bf-e5fd-4c93-82d7-07f29d18cd92@group-56F61432CDAA-SegmentedRaftLogWorker for RaftStorage:Storage Directory /workdir/hadoop-ozone/integration-test/target/test-dir/MiniOzoneClusterImpl-cb8ecd13-95cc-47fe-8445-93be882af5d4/datanode-5/data/ratis/e9635449-e46b-4dad-b77a-56f61432cdaa
2019-09-25 11:00:06,748 [pool-77-thread-1] INFO  server.RaftServerConfigKeys (ConfUtils.java:logGet(43)) - raft.server.log.queue.byte-limit = 2147483647 (custom)
2019-09-25 11:00:06,748 [pool-77-thread-1] INFO  server.RaftServerConfigKeys (ConfUtils.java:logGet(43)) - raft.server.log.queue.element-limit = 1024 (custom)
2019-09-25 11:00:06,748 [pool-77-thread-1] INFO  server.RaftServerConfigKeys (ConfUtils.java:logGet(43)) - raft.server.log.segment.size.max = 1048576 (custom)
2019-09-25 11:00:06,749 [pool-77-thread-1] INFO  server.RaftServerConfigKeys (ConfUtils.java:logGet(43)) - raft.server.log.preallocated.size = 16384 (custom)
2019-09-25 11:00:06,749 [pool-77-thread-1] INFO  server.RaftServerConfigKeys (ConfUtils.java:logGet(43)) - raft.server.log.write.buffer.size = 33554432 (custom)
2019-09-25 11:00:06,749 [pool-77-thread-1] INFO  server.RaftServerConfigKeys (ConfUtils.java:logGet(43)) - raft.server.log.force.sync.num = 128 (default)
2019-09-25 11:00:06,749 [pool-77-thread-1] INFO  server.RaftServerConfigKeys (ConfUtils.java:logGet(43)) - raft.server.log.statemachine.data.sync = true (default)
2019-09-25 11:00:06,749 [pool-77-thread-1] INFO  server.RaftServerConfigKeys (ConfUtils.java:logGet(43)) - raft.server.log.statemachine.data.sync.timeout = 10s (default)
2019-09-25 11:00:06,749 [pool-77-thread-1] INFO  server.RaftServerConfigKeys (ConfUtils.java:logGet(43)) - raft.server.log.statemachine.data.sync.timeout.retry = -1 (default)
2019-09-25 11:00:06,749 [pool-77-thread-1] INFO  server.RaftServerConfigKeys (ConfUtils.java:logGet(43)) - raft.server.log.statemachine.data.caching.enabled = true (custom)
2019-09-25 11:00:06,750 [pool-77-thread-1] INFO  segmented.SegmentedRaftLogWorker (SegmentedRaftLogWorker.java:lambda$new$0(132)) - 87c8d9bf-e5fd-4c93-82d7-07f29d18cd92@group-56F61432CDAA-SegmentedRaftLogWorker: flushIndex: setUnconditionally 0 -> -1
2019-09-25 11:00:06,750 [pool-77-thread-1] INFO  server.RaftServerConfigKeys (ConfUtils.java:logGet(43)) - raft.server.snapshot.auto.trigger.enabled = true (custom)
2019-09-25 11:00:06,750 [pool-77-thread-1] INFO  server.RaftServerConfigKeys (ConfUtils.java:logGet(43)) - raft.server.snapshot.auto.trigger.threshold = 10000 (custom)
2019-09-25 11:00:06,750 [pool-77-thread-1] INFO  server.RaftServerConfigKeys (ConfUtils.java:logGet(43)) - raft.server.snapshot.retention.num.files = 5 (custom)
2019-09-25 11:00:06,750 [pool-77-thread-1] INFO  server.RaftServerConfigKeys (ConfUtils.java:logGet(43)) - raft.server.retrycache.expirytime = 600000ms (custom)
2019-09-25 11:00:06,753 [pool-77-thread-1] INFO  impl.RaftServerImpl (RaftServerImpl.java:start(185)) - 87c8d9bf-e5fd-4c93-82d7-07f29d18cd92@group-56F61432CDAA: start as a follower, conf=-1: [87c8d9bf-e5fd-4c93-82d7-07f29d18cd92:192.168.30.6:45400], old=null
2019-09-25 11:00:06,754 [pool-77-thread-1] INFO  impl.RaftServerImpl (RaftServerImpl.java:setRole(174)) - 87c8d9bf-e5fd-4c93-82d7-07f29d18cd92@group-56F61432CDAA: changes role from      null to FOLLOWER at term 0 for startAsFollower
2019-09-25 11:00:06,754 [pool-77-thread-1] INFO  impl.RoleInfo (RoleInfo.java:updateAndGet(143)) - 87c8d9bf-e5fd-4c93-82d7-07f29d18cd92: start FollowerState
2019-09-25 11:00:06,754 [pool-77-thread-1] INFO  util.JmxRegister (JmxRegister.java:tryRegister(44)) - Successfully registered JMX Bean with object name Ratis:service=RaftServer,group=group-56F61432CDAA,id=87c8d9bf-e5fd-4c93-82d7-07f29d18cd92
2019-09-25 11:00:06,769 [RatisPipelineUtilsThread] INFO  pipeline.PipelineStateManager (PipelineStateManager.java:addPipeline(56)) - Created pipeline Pipeline[ Id: e9635449-e46b-4dad-b77a-56f61432cdaa, Nodes: 87c8d9bf-e5fd-4c93-82d7-07f29d18cd92{ip: 192.168.30.6, host: pr-hdds-1569-5gmkr-4255264070, networkLocation: /default-rack, certSerialId: null}, Type:RATIS, Factor:ONE, State:OPEN]
2019-09-25 11:00:06,785 [grpc-default-executor-0] INFO  impl.RaftServerProxy (RaftServerProxy.java:addNew(89)) - 642f0824-8397-42da-9ac4-13d7260e7e2f: addNew group-AEC2F25C6B8D:[642f0824-8397-42da-9ac4-13d7260e7e2f:192.168.30.6:44587] returns group-AEC2F25C6B8D:java.util.concurrent.CompletableFuture@2a15972c[Not completed]
2019-09-25 11:00:06,787 [pool-67-thread-1] INFO  impl.RaftServerImpl (RaftServerImpl.java:<init>(95)) - 642f0824-8397-42da-9ac4-13d7260e7e2f: new RaftServerImpl for group-AEC2F25C6B8D:[642f0824-8397-42da-9ac4-13d7260e7e2f:192.168.30.6:44587] with ContainerStateMachine:uninitialized
2019-09-25 11:00:06,787 [pool-67-thread-1] INFO  server.RaftServerConfigKeys (ConfUtils.java:logGet(43)) - raft.server.rpc.timeout.min = 5s (custom)
2019-09-25 11:00:06,787 [pool-67-thread-1] INFO  server.RaftServerConfigKeys (ConfUtils.java:logGet(43)) - raft.server.rpc.timeout.max = 5200ms (custom)
2019-09-25 11:00:06,787 [pool-67-thread-1] INFO  server.RaftServerConfigKeys (ConfUtils.java:logGet(43)) - raft.server.rpcslowness.timeout = 120s (custom)
2019-09-25 11:00:06,787 [pool-67-thread-1] INFO  server.RaftServerConfigKeys (ConfUtils.java:logGet(43)) - raft.server.sleep.deviation.threshold = 300 (default)
2019-09-25 11:00:06,788 [pool-67-thread-1] INFO  server.RaftServerConfigKeys (ConfUtils.java:logGet(43)) - raft.server.log.appender.install.snapshot.enabled = false (custom)
2019-09-25 11:00:06,788 [pool-67-thread-1] INFO  impl.RaftServerImpl (ServerState.java:<init>(103)) - 642f0824-8397-42da-9ac4-13d7260e7e2f@group-AEC2F25C6B8D: ConfigurationManager, init=-1: [642f0824-8397-42da-9ac4-13d7260e7e2f:192.168.30.6:44587], old=null, confs=<EMPTY_MAP>
2019-09-25 11:00:06,788 [pool-67-thread-1] INFO  server.RaftServerConfigKeys (ConfUtils.java:logGet(43)) - raft.server.storage.dir = [/workdir/hadoop-ozone/integration-test/target/test-dir/MiniOzoneClusterImpl-cb8ecd13-95cc-47fe-8445-93be882af5d4/datanode-4/data/ratis] (custom)
2019-09-25 11:00:06,788 [pool-67-thread-1] INFO  storage.RaftStorageDirectory (RaftStorageDirectory.java:analyzeStorage(246)) - The storage directory /workdir/hadoop-ozone/integration-test/target/test-dir/MiniOzoneClusterImpl-cb8ecd13-95cc-47fe-8445-93be882af5d4/datanode-4/data/ratis/bb713445-c486-4c7f-a202-aec2f25c6b8d does not exist. Creating ...
2019-09-25 11:00:06,801 [pool-67-thread-1] INFO  storage.RaftStorageDirectory (RaftStorageDirectory.java:tryLock(328)) - Lock on /workdir/hadoop-ozone/integration-test/target/test-dir/MiniOzoneClusterImpl-cb8ecd13-95cc-47fe-8445-93be882af5d4/datanode-4/data/ratis/bb713445-c486-4c7f-a202-aec2f25c6b8d/in_use.lock acquired by nodename 21763@pr-hdds-1569-5gmkr-4255264070
2019-09-25 11:00:06,818 [pool-67-thread-1] INFO  storage.RaftStorage (RaftStorage.java:format(72)) - Storage directory /workdir/hadoop-ozone/integration-test/target/test-dir/MiniOzoneClusterImpl-cb8ecd13-95cc-47fe-8445-93be882af5d4/datanode-4/data/ratis/bb713445-c486-4c7f-a202-aec2f25c6b8d has been successfully formatted.
2019-09-25 11:00:06,818 [pool-67-thread-1] INFO  ratis.ContainerStateMachine (ContainerStateMachine.java:loadSnapshot(230)) - group-AEC2F25C6B8D: The snapshot info is null. Setting the last applied indexto:(t:0, i:~)
2019-09-25 11:00:06,818 [pool-67-thread-1] INFO  server.RaftServerConfigKeys (ConfUtils.java:logGet(43)) - raft.server.notification.no-leader.timeout = 120s (custom)
2019-09-25 11:00:06,819 [pool-67-thread-1] INFO  server.RaftServerConfigKeys (ConfUtils.java:logGet(43)) - raft.server.log.use.memory = false (default)
2019-09-25 11:00:06,819 [pool-67-thread-1] INFO  server.RaftServerConfigKeys (ConfUtils.java:logGet(43)) - raft.server.log.purge.gap = 1000000 (custom)
2019-09-25 11:00:06,819 [pool-67-thread-1] INFO  server.RaftServerConfigKeys (ConfUtils.java:logGet(43)) - raft.server.log.appender.buffer.byte-limit = 33554432 (custom)
2019-09-25 11:00:06,819 [pool-67-thread-1] INFO  server.RaftServerConfigKeys (ConfUtils.java:logGet(43)) - raft.server.log.segment.size.max = 1048576 (custom)
2019-09-25 11:00:06,819 [pool-67-thread-1] INFO  server.RaftServerConfigKeys (ConfUtils.java:logGet(43)) - raft.server.log.segment.cache.num.max = 2 (custom)
2019-09-25 11:00:06,819 [pool-67-thread-1] INFO  segmented.SegmentedRaftLogWorker (SegmentedRaftLogWorker.java:<init>(172)) - new 642f0824-8397-42da-9ac4-13d7260e7e2f@group-AEC2F25C6B8D-SegmentedRaftLogWorker for RaftStorage:Storage Directory /workdir/hadoop-ozone/integration-test/target/test-dir/MiniOzoneClusterImpl-cb8ecd13-95cc-47fe-8445-93be882af5d4/datanode-4/data/ratis/bb713445-c486-4c7f-a202-aec2f25c6b8d
2019-09-25 11:00:06,819 [pool-67-thread-1] INFO  server.RaftServerConfigKeys (ConfUtils.java:logGet(43)) - raft.server.log.queue.byte-limit = 2147483647 (custom)
2019-09-25 11:00:06,819 [pool-67-thread-1] INFO  server.RaftServerConfigKeys (ConfUtils.java:logGet(43)) - raft.server.log.queue.element-limit = 1024 (custom)
2019-09-25 11:00:06,819 [pool-67-thread-1] INFO  server.RaftServerConfigKeys (ConfUtils.java:logGet(43)) - raft.server.log.segment.size.max = 1048576 (custom)
2019-09-25 11:00:06,820 [pool-67-thread-1] INFO  server.RaftServerConfigKeys (ConfUtils.java:logGet(43)) - raft.server.log.preallocated.size = 16384 (custom)
2019-09-25 11:00:06,820 [pool-67-thread-1] INFO  server.RaftServerConfigKeys (ConfUtils.java:logGet(43)) - raft.server.log.write.buffer.size = 33554432 (custom)
2019-09-25 11:00:06,820 [pool-67-thread-1] INFO  server.RaftServerConfigKeys (ConfUtils.java:logGet(43)) - raft.server.log.force.sync.num = 128 (default)
2019-09-25 11:00:06,820 [pool-67-thread-1] INFO  server.RaftServerConfigKeys (ConfUtils.java:logGet(43)) - raft.server.log.statemachine.data.sync = true (default)
2019-09-25 11:00:06,820 [pool-67-thread-1] INFO  server.RaftServerConfigKeys (ConfUtils.java:logGet(43)) - raft.server.log.statemachine.data.sync.timeout = 10s (default)
2019-09-25 11:00:06,820 [pool-67-thread-1] INFO  server.RaftServerConfigKeys (ConfUtils.java:logGet(43)) - raft.server.log.statemachine.data.sync.timeout.retry = -1 (default)
2019-09-25 11:00:06,821 [pool-67-thread-1] INFO  server.RaftServerConfigKeys (ConfUtils.java:logGet(43)) - raft.server.log.statemachine.data.caching.enabled = true (custom)
2019-09-25 11:00:06,821 [pool-67-thread-1] INFO  segmented.SegmentedRaftLogWorker (SegmentedRaftLogWorker.java:lambda$new$0(132)) - 642f0824-8397-42da-9ac4-13d7260e7e2f@group-AEC2F25C6B8D-SegmentedRaftLogWorker: flushIndex: setUnconditionally 0 -> -1
2019-09-25 11:00:06,821 [pool-67-thread-1] INFO  server.RaftServerConfigKeys (ConfUtils.java:logGet(43)) - raft.server.snapshot.auto.trigger.enabled = true (custom)
2019-09-25 11:00:06,822 [pool-67-thread-1] INFO  server.RaftServerConfigKeys (ConfUtils.java:logGet(43)) - raft.server.snapshot.auto.trigger.threshold = 10000 (custom)
2019-09-25 11:00:06,822 [pool-67-thread-1] INFO  server.RaftServerConfigKeys (ConfUtils.java:logGet(43)) - raft.server.snapshot.retention.num.files = 5 (custom)
2019-09-25 11:00:06,822 [pool-67-thread-1] INFO  server.RaftServerConfigKeys (ConfUtils.java:logGet(43)) - raft.server.retrycache.expirytime = 600000ms (custom)
2019-09-25 11:00:06,826 [pool-67-thread-1] INFO  impl.RaftServerImpl (RaftServerImpl.java:start(185)) - 642f0824-8397-42da-9ac4-13d7260e7e2f@group-AEC2F25C6B8D: start as a follower, conf=-1: [642f0824-8397-42da-9ac4-13d7260e7e2f:192.168.30.6:44587], old=null
2019-09-25 11:00:06,826 [pool-67-thread-1] INFO  impl.RaftServerImpl (RaftServerImpl.java:setRole(174)) - 642f0824-8397-42da-9ac4-13d7260e7e2f@group-AEC2F25C6B8D: changes role from      null to FOLLOWER at term 0 for startAsFollower
2019-09-25 11:00:06,826 [pool-67-thread-1] INFO  impl.RoleInfo (RoleInfo.java:updateAndGet(143)) - 642f0824-8397-42da-9ac4-13d7260e7e2f: start FollowerState
2019-09-25 11:00:06,827 [pool-67-thread-1] INFO  util.JmxRegister (JmxRegister.java:tryRegister(44)) - Successfully registered JMX Bean with object name Ratis:service=RaftServer,group=group-AEC2F25C6B8D,id=642f0824-8397-42da-9ac4-13d7260e7e2f
2019-09-25 11:00:06,845 [RatisPipelineUtilsThread] INFO  pipeline.PipelineStateManager (PipelineStateManager.java:addPipeline(56)) - Created pipeline Pipeline[ Id: bb713445-c486-4c7f-a202-aec2f25c6b8d, Nodes: 642f0824-8397-42da-9ac4-13d7260e7e2f{ip: 192.168.30.6, host: pr-hdds-1569-5gmkr-4255264070, networkLocation: /default-rack, certSerialId: null}, Type:RATIS, Factor:ONE, State:OPEN]
2019-09-25 11:00:06,861 [grpc-default-executor-0] INFO  impl.RaftServerProxy (RaftServerProxy.java:addNew(89)) - b9731c9a-07e8-4827-9eb9-5f784fb447b9: addNew group-C7E7E188FD92:[b9731c9a-07e8-4827-9eb9-5f784fb447b9:192.168.30.6:46688] returns group-C7E7E188FD92:java.util.concurrent.CompletableFuture@671ec3e2[Not completed]
2019-09-25 11:00:06,863 [pool-47-thread-1] INFO  impl.RaftServerImpl (RaftServerImpl.java:<init>(95)) - b9731c9a-07e8-4827-9eb9-5f784fb447b9: new RaftServerImpl for group-C7E7E188FD92:[b9731c9a-07e8-4827-9eb9-5f784fb447b9:192.168.30.6:46688] with ContainerStateMachine:uninitialized
2019-09-25 11:00:06,864 [pool-47-thread-1] INFO  server.RaftServerConfigKeys (ConfUtils.java:logGet(43)) - raft.server.rpc.timeout.min = 5s (custom)
2019-09-25 11:00:06,864 [pool-47-thread-1] INFO  server.RaftServerConfigKeys (ConfUtils.java:logGet(43)) - raft.server.rpc.timeout.max = 5200ms (custom)
2019-09-25 11:00:06,864 [pool-47-thread-1] INFO  server.RaftServerConfigKeys (ConfUtils.java:logGet(43)) - raft.server.rpcslowness.timeout = 120s (custom)
2019-09-25 11:00:06,864 [pool-47-thread-1] INFO  server.RaftServerConfigKeys (ConfUtils.java:logGet(43)) - raft.server.sleep.deviation.threshold = 300 (default)
2019-09-25 11:00:06,864 [pool-47-thread-1] INFO  server.RaftServerConfigKeys (ConfUtils.java:logGet(43)) - raft.server.log.appender.install.snapshot.enabled = false (custom)
2019-09-25 11:00:06,865 [pool-47-thread-1] INFO  impl.RaftServerImpl (ServerState.java:<init>(103)) - b9731c9a-07e8-4827-9eb9-5f784fb447b9@group-C7E7E188FD92: ConfigurationManager, init=-1: [b9731c9a-07e8-4827-9eb9-5f784fb447b9:192.168.30.6:46688], old=null, confs=<EMPTY_MAP>
2019-09-25 11:00:06,865 [pool-47-thread-1] INFO  server.RaftServerConfigKeys (ConfUtils.java:logGet(43)) - raft.server.storage.dir = [/workdir/hadoop-ozone/integration-test/target/test-dir/MiniOzoneClusterImpl-cb8ecd13-95cc-47fe-8445-93be882af5d4/datanode-2/data/ratis] (custom)
2019-09-25 11:00:06,865 [pool-47-thread-1] INFO  storage.RaftStorageDirectory (RaftStorageDirectory.java:analyzeStorage(246)) - The storage directory /workdir/hadoop-ozone/integration-test/target/test-dir/MiniOzoneClusterImpl-cb8ecd13-95cc-47fe-8445-93be882af5d4/datanode-2/data/ratis/b3c02b03-bfd2-472f-9356-c7e7e188fd92 does not exist. Creating ...
2019-09-25 11:00:06,879 [pool-47-thread-1] INFO  storage.RaftStorageDirectory (RaftStorageDirectory.java:tryLock(328)) - Lock on /workdir/hadoop-ozone/integration-test/target/test-dir/MiniOzoneClusterImpl-cb8ecd13-95cc-47fe-8445-93be882af5d4/datanode-2/data/ratis/b3c02b03-bfd2-472f-9356-c7e7e188fd92/in_use.lock acquired by nodename 21763@pr-hdds-1569-5gmkr-4255264070
2019-09-25 11:00:06,893 [pool-47-thread-1] INFO  storage.RaftStorage (RaftStorage.java:format(72)) - Storage directory /workdir/hadoop-ozone/integration-test/target/test-dir/MiniOzoneClusterImpl-cb8ecd13-95cc-47fe-8445-93be882af5d4/datanode-2/data/ratis/b3c02b03-bfd2-472f-9356-c7e7e188fd92 has been successfully formatted.
2019-09-25 11:00:06,893 [pool-47-thread-1] INFO  ratis.ContainerStateMachine (ContainerStateMachine.java:loadSnapshot(230)) - group-C7E7E188FD92: The snapshot info is null. Setting the last applied indexto:(t:0, i:~)
2019-09-25 11:00:06,893 [pool-47-thread-1] INFO  server.RaftServerConfigKeys (ConfUtils.java:logGet(43)) - raft.server.notification.no-leader.timeout = 120s (custom)
2019-09-25 11:00:06,893 [pool-47-thread-1] INFO  server.RaftServerConfigKeys (ConfUtils.java:logGet(43)) - raft.server.log.use.memory = false (default)
2019-09-25 11:00:06,894 [pool-47-thread-1] INFO  server.RaftServerConfigKeys (ConfUtils.java:logGet(43)) - raft.server.log.purge.gap = 1000000 (custom)
2019-09-25 11:00:06,894 [pool-47-thread-1] INFO  server.RaftServerConfigKeys (ConfUtils.java:logGet(43)) - raft.server.log.appender.buffer.byte-limit = 33554432 (custom)
2019-09-25 11:00:06,894 [pool-47-thread-1] INFO  server.RaftServerConfigKeys (ConfUtils.java:logGet(43)) - raft.server.log.segment.size.max = 1048576 (custom)
2019-09-25 11:00:06,894 [pool-47-thread-1] INFO  server.RaftServerConfigKeys (ConfUtils.java:logGet(43)) - raft.server.log.segment.cache.num.max = 2 (custom)
2019-09-25 11:00:06,894 [pool-47-thread-1] INFO  segmented.SegmentedRaftLogWorker (SegmentedRaftLogWorker.java:<init>(172)) - new b9731c9a-07e8-4827-9eb9-5f784fb447b9@group-C7E7E188FD92-SegmentedRaftLogWorker for RaftStorage:Storage Directory /workdir/hadoop-ozone/integration-test/target/test-dir/MiniOzoneClusterImpl-cb8ecd13-95cc-47fe-8445-93be882af5d4/datanode-2/data/ratis/b3c02b03-bfd2-472f-9356-c7e7e188fd92
2019-09-25 11:00:06,898 [pool-47-thread-1] INFO  server.RaftServerConfigKeys (ConfUtils.java:logGet(43)) - raft.server.log.queue.byte-limit = 2147483647 (custom)
2019-09-25 11:00:06,898 [pool-47-thread-1] INFO  server.RaftServerConfigKeys (ConfUtils.java:logGet(43)) - raft.server.log.queue.element-limit = 1024 (custom)
2019-09-25 11:00:06,898 [pool-47-thread-1] INFO  server.RaftServerConfigKeys (ConfUtils.java:logGet(43)) - raft.server.log.segment.size.max = 1048576 (custom)
2019-09-25 11:00:06,898 [pool-47-thread-1] INFO  server.RaftServerConfigKeys (ConfUtils.java:logGet(43)) - raft.server.log.preallocated.size = 16384 (custom)
2019-09-25 11:00:06,898 [pool-47-thread-1] INFO  server.RaftServerConfigKeys (ConfUtils.java:logGet(43)) - raft.server.log.write.buffer.size = 33554432 (custom)
2019-09-25 11:00:06,899 [pool-47-thread-1] INFO  server.RaftServerConfigKeys (ConfUtils.java:logGet(43)) - raft.server.log.force.sync.num = 128 (default)
2019-09-25 11:00:06,899 [pool-47-thread-1] INFO  server.RaftServerConfigKeys (ConfUtils.java:logGet(43)) - raft.server.log.statemachine.data.sync = true (default)
2019-09-25 11:00:06,899 [pool-47-thread-1] INFO  server.RaftServerConfigKeys (ConfUtils.java:logGet(43)) - raft.server.log.statemachine.data.sync.timeout = 10s (default)
2019-09-25 11:00:06,899 [pool-47-thread-1] INFO  server.RaftServerConfigKeys (ConfUtils.java:logGet(43)) - raft.server.log.statemachine.data.sync.timeout.retry = -1 (default)
2019-09-25 11:00:06,900 [pool-47-thread-1] INFO  server.RaftServerConfigKeys (ConfUtils.java:logGet(43)) - raft.server.log.statemachine.data.caching.enabled = true (custom)
2019-09-25 11:00:06,900 [pool-47-thread-1] INFO  segmented.SegmentedRaftLogWorker (SegmentedRaftLogWorker.java:lambda$new$0(132)) - b9731c9a-07e8-4827-9eb9-5f784fb447b9@group-C7E7E188FD92-SegmentedRaftLogWorker: flushIndex: setUnconditionally 0 -> -1
2019-09-25 11:00:06,900 [pool-47-thread-1] INFO  server.RaftServerConfigKeys (ConfUtils.java:logGet(43)) - raft.server.snapshot.auto.trigger.enabled = true (custom)
2019-09-25 11:00:06,900 [pool-47-thread-1] INFO  server.RaftServerConfigKeys (ConfUtils.java:logGet(43)) - raft.server.snapshot.auto.trigger.threshold = 10000 (custom)
2019-09-25 11:00:06,901 [pool-47-thread-1] INFO  server.RaftServerConfigKeys (ConfUtils.java:logGet(43)) - raft.server.snapshot.retention.num.files = 5 (custom)
2019-09-25 11:00:06,901 [pool-47-thread-1] INFO  server.RaftServerConfigKeys (ConfUtils.java:logGet(43)) - raft.server.retrycache.expirytime = 600000ms (custom)
2019-09-25 11:00:06,904 [pool-47-thread-1] INFO  impl.RaftServerImpl (RaftServerImpl.java:start(185)) - b9731c9a-07e8-4827-9eb9-5f784fb447b9@group-C7E7E188FD92: start as a follower, conf=-1: [b9731c9a-07e8-4827-9eb9-5f784fb447b9:192.168.30.6:46688], old=null
2019-09-25 11:00:06,904 [pool-47-thread-1] INFO  impl.RaftServerImpl (RaftServerImpl.java:setRole(174)) - b9731c9a-07e8-4827-9eb9-5f784fb447b9@group-C7E7E188FD92: changes role from      null to FOLLOWER at term 0 for startAsFollower
2019-09-25 11:00:06,904 [pool-47-thread-1] INFO  impl.RoleInfo (RoleInfo.java:updateAndGet(143)) - b9731c9a-07e8-4827-9eb9-5f784fb447b9: start FollowerState
2019-09-25 11:00:06,905 [pool-47-thread-1] INFO  util.JmxRegister (JmxRegister.java:tryRegister(44)) - Successfully registered JMX Bean with object name Ratis:service=RaftServer,group=group-C7E7E188FD92,id=b9731c9a-07e8-4827-9eb9-5f784fb447b9
2019-09-25 11:00:06,918 [RatisPipelineUtilsThread] INFO  pipeline.PipelineStateManager (PipelineStateManager.java:addPipeline(56)) - Created pipeline Pipeline[ Id: b3c02b03-bfd2-472f-9356-c7e7e188fd92, Nodes: b9731c9a-07e8-4827-9eb9-5f784fb447b9{ip: 192.168.30.6, host: pr-hdds-1569-5gmkr-4255264070, networkLocation: /default-rack, certSerialId: null}, Type:RATIS, Factor:ONE, State:OPEN]
2019-09-25 11:00:06,933 [grpc-default-executor-0] INFO  impl.RaftServerProxy (RaftServerProxy.java:addNew(89)) - 642f0824-8397-42da-9ac4-13d7260e7e2f: addNew group-F507A41D6FA8:[642f0824-8397-42da-9ac4-13d7260e7e2f:192.168.30.6:44587] returns group-F507A41D6FA8:java.util.concurrent.CompletableFuture@cbaf79b[Not completed]
2019-09-25 11:00:06,934 [pool-67-thread-1] INFO  impl.RaftServerImpl (RaftServerImpl.java:<init>(95)) - 642f0824-8397-42da-9ac4-13d7260e7e2f: new RaftServerImpl for group-F507A41D6FA8:[642f0824-8397-42da-9ac4-13d7260e7e2f:192.168.30.6:44587] with ContainerStateMachine:uninitialized
2019-09-25 11:00:06,934 [pool-67-thread-1] INFO  server.RaftServerConfigKeys (ConfUtils.java:logGet(43)) - raft.server.rpc.timeout.min = 5s (custom)
2019-09-25 11:00:06,934 [pool-67-thread-1] INFO  server.RaftServerConfigKeys (ConfUtils.java:logGet(43)) - raft.server.rpc.timeout.max = 5200ms (custom)
2019-09-25 11:00:06,935 [pool-67-thread-1] INFO  server.RaftServerConfigKeys (ConfUtils.java:logGet(43)) - raft.server.rpcslowness.timeout = 120s (custom)
2019-09-25 11:00:06,935 [pool-67-thread-1] INFO  server.RaftServerConfigKeys (ConfUtils.java:logGet(43)) - raft.server.sleep.deviation.threshold = 300 (default)
2019-09-25 11:00:06,935 [pool-67-thread-1] INFO  server.RaftServerConfigKeys (ConfUtils.java:logGet(43)) - raft.server.log.appender.install.snapshot.enabled = false (custom)
2019-09-25 11:00:06,935 [pool-67-thread-1] INFO  impl.RaftServerImpl (ServerState.java:<init>(103)) - 642f0824-8397-42da-9ac4-13d7260e7e2f@group-F507A41D6FA8: ConfigurationManager, init=-1: [642f0824-8397-42da-9ac4-13d7260e7e2f:192.168.30.6:44587], old=null, confs=<EMPTY_MAP>
2019-09-25 11:00:06,935 [pool-67-thread-1] INFO  server.RaftServerConfigKeys (ConfUtils.java:logGet(43)) - raft.server.storage.dir = [/workdir/hadoop-ozone/integration-test/target/test-dir/MiniOzoneClusterImpl-cb8ecd13-95cc-47fe-8445-93be882af5d4/datanode-4/data/ratis] (custom)
2019-09-25 11:00:06,935 [pool-67-thread-1] INFO  storage.RaftStorageDirectory (RaftStorageDirectory.java:analyzeStorage(246)) - The storage directory /workdir/hadoop-ozone/integration-test/target/test-dir/MiniOzoneClusterImpl-cb8ecd13-95cc-47fe-8445-93be882af5d4/datanode-4/data/ratis/49770d4f-4d30-44de-8c24-f507a41d6fa8 does not exist. Creating ...
2019-09-25 11:00:06,948 [pool-67-thread-1] INFO  storage.RaftStorageDirectory (RaftStorageDirectory.java:tryLock(328)) - Lock on /workdir/hadoop-ozone/integration-test/target/test-dir/MiniOzoneClusterImpl-cb8ecd13-95cc-47fe-8445-93be882af5d4/datanode-4/data/ratis/49770d4f-4d30-44de-8c24-f507a41d6fa8/in_use.lock acquired by nodename 21763@pr-hdds-1569-5gmkr-4255264070
2019-09-25 11:00:06,961 [pool-67-thread-1] INFO  storage.RaftStorage (RaftStorage.java:format(72)) - Storage directory /workdir/hadoop-ozone/integration-test/target/test-dir/MiniOzoneClusterImpl-cb8ecd13-95cc-47fe-8445-93be882af5d4/datanode-4/data/ratis/49770d4f-4d30-44de-8c24-f507a41d6fa8 has been successfully formatted.
2019-09-25 11:00:06,961 [pool-67-thread-1] INFO  ratis.ContainerStateMachine (ContainerStateMachine.java:loadSnapshot(230)) - group-F507A41D6FA8: The snapshot info is null. Setting the last applied indexto:(t:0, i:~)
2019-09-25 11:00:06,961 [pool-67-thread-1] INFO  server.RaftServerConfigKeys (ConfUtils.java:logGet(43)) - raft.server.notification.no-leader.timeout = 120s (custom)
2019-09-25 11:00:06,961 [pool-67-thread-1] INFO  server.RaftServerConfigKeys (ConfUtils.java:logGet(43)) - raft.server.log.use.memory = false (default)
2019-09-25 11:00:06,961 [pool-67-thread-1] INFO  server.RaftServerConfigKeys (ConfUtils.java:logGet(43)) - raft.server.log.purge.gap = 1000000 (custom)
2019-09-25 11:00:06,961 [pool-67-thread-1] INFO  server.RaftServerConfigKeys (ConfUtils.java:logGet(43)) - raft.server.log.appender.buffer.byte-limit = 33554432 (custom)
2019-09-25 11:00:06,962 [pool-67-thread-1] INFO  server.RaftServerConfigKeys (ConfUtils.java:logGet(43)) - raft.server.log.segment.size.max = 1048576 (custom)
2019-09-25 11:00:06,962 [pool-67-thread-1] INFO  server.RaftServerConfigKeys (ConfUtils.java:logGet(43)) - raft.server.log.segment.cache.num.max = 2 (custom)
2019-09-25 11:00:06,962 [pool-67-thread-1] INFO  segmented.SegmentedRaftLogWorker (SegmentedRaftLogWorker.java:<init>(172)) - new 642f0824-8397-42da-9ac4-13d7260e7e2f@group-F507A41D6FA8-SegmentedRaftLogWorker for RaftStorage:Storage Directory /workdir/hadoop-ozone/integration-test/target/test-dir/MiniOzoneClusterImpl-cb8ecd13-95cc-47fe-8445-93be882af5d4/datanode-4/data/ratis/49770d4f-4d30-44de-8c24-f507a41d6fa8
2019-09-25 11:00:06,962 [pool-67-thread-1] INFO  server.RaftServerConfigKeys (ConfUtils.java:logGet(43)) - raft.server.log.queue.byte-limit = 2147483647 (custom)
2019-09-25 11:00:06,962 [pool-67-thread-1] INFO  server.RaftServerConfigKeys (ConfUtils.java:logGet(43)) - raft.server.log.queue.element-limit = 1024 (custom)
2019-09-25 11:00:06,962 [pool-67-thread-1] INFO  server.RaftServerConfigKeys (ConfUtils.java:logGet(43)) - raft.server.log.segment.size.max = 1048576 (custom)
2019-09-25 11:00:06,962 [pool-67-thread-1] INFO  server.RaftServerConfigKeys (ConfUtils.java:logGet(43)) - raft.server.log.preallocated.size = 16384 (custom)
2019-09-25 11:00:06,962 [pool-67-thread-1] INFO  server.RaftServerConfigKeys (ConfUtils.java:logGet(43)) - raft.server.log.write.buffer.size = 33554432 (custom)
2019-09-25 11:00:06,962 [pool-67-thread-1] INFO  server.RaftServerConfigKeys (ConfUtils.java:logGet(43)) - raft.server.log.force.sync.num = 128 (default)
2019-09-25 11:00:06,962 [pool-67-thread-1] INFO  server.RaftServerConfigKeys (ConfUtils.java:logGet(43)) - raft.server.log.statemachine.data.sync = true (default)
2019-09-25 11:00:06,963 [pool-67-thread-1] INFO  server.RaftServerConfigKeys (ConfUtils.java:logGet(43)) - raft.server.log.statemachine.data.sync.timeout = 10s (default)
2019-09-25 11:00:06,963 [pool-67-thread-1] INFO  server.RaftServerConfigKeys (ConfUtils.java:logGet(43)) - raft.server.log.statemachine.data.sync.timeout.retry = -1 (default)
2019-09-25 11:00:06,963 [pool-67-thread-1] INFO  server.RaftServerConfigKeys (ConfUtils.java:logGet(43)) - raft.server.log.statemachine.data.caching.enabled = true (custom)
2019-09-25 11:00:06,963 [pool-67-thread-1] INFO  segmented.SegmentedRaftLogWorker (SegmentedRaftLogWorker.java:lambda$new$0(132)) - 642f0824-8397-42da-9ac4-13d7260e7e2f@group-F507A41D6FA8-SegmentedRaftLogWorker: flushIndex: setUnconditionally 0 -> -1
2019-09-25 11:00:06,963 [pool-67-thread-1] INFO  server.RaftServerConfigKeys (ConfUtils.java:logGet(43)) - raft.server.snapshot.auto.trigger.enabled = true (custom)
2019-09-25 11:00:06,963 [pool-67-thread-1] INFO  server.RaftServerConfigKeys (ConfUtils.java:logGet(43)) - raft.server.snapshot.auto.trigger.threshold = 10000 (custom)
2019-09-25 11:00:06,964 [pool-67-thread-1] INFO  server.RaftServerConfigKeys (ConfUtils.java:logGet(43)) - raft.server.snapshot.retention.num.files = 5 (custom)
2019-09-25 11:00:06,964 [pool-67-thread-1] INFO  server.RaftServerConfigKeys (ConfUtils.java:logGet(43)) - raft.server.retrycache.expirytime = 600000ms (custom)
2019-09-25 11:00:06,969 [pool-67-thread-1] INFO  impl.RaftServerImpl (RaftServerImpl.java:start(185)) - 642f0824-8397-42da-9ac4-13d7260e7e2f@group-F507A41D6FA8: start as a follower, conf=-1: [642f0824-8397-42da-9ac4-13d7260e7e2f:192.168.30.6:44587], old=null
2019-09-25 11:00:06,969 [pool-67-thread-1] INFO  impl.RaftServerImpl (RaftServerImpl.java:setRole(174)) - 642f0824-8397-42da-9ac4-13d7260e7e2f@group-F507A41D6FA8: changes role from      null to FOLLOWER at term 0 for startAsFollower
2019-09-25 11:00:06,969 [pool-67-thread-1] INFO  impl.RoleInfo (RoleInfo.java:updateAndGet(143)) - 642f0824-8397-42da-9ac4-13d7260e7e2f: start FollowerState
2019-09-25 11:00:06,969 [pool-67-thread-1] INFO  util.JmxRegister (JmxRegister.java:tryRegister(44)) - Successfully registered JMX Bean with object name Ratis:service=RaftServer,group=group-F507A41D6FA8,id=642f0824-8397-42da-9ac4-13d7260e7e2f
2019-09-25 11:00:06,982 [RatisPipelineUtilsThread] INFO  pipeline.PipelineStateManager (PipelineStateManager.java:addPipeline(56)) - Created pipeline Pipeline[ Id: 49770d4f-4d30-44de-8c24-f507a41d6fa8, Nodes: 642f0824-8397-42da-9ac4-13d7260e7e2f{ip: 192.168.30.6, host: pr-hdds-1569-5gmkr-4255264070, networkLocation: /default-rack, certSerialId: null}, Type:RATIS, Factor:ONE, State:OPEN]
2019-09-25 11:00:06,998 [grpc-default-executor-0] INFO  impl.RaftServerProxy (RaftServerProxy.java:addNew(89)) - b9731c9a-07e8-4827-9eb9-5f784fb447b9: addNew group-B75C02CCEA49:[b9731c9a-07e8-4827-9eb9-5f784fb447b9:192.168.30.6:46688] returns group-B75C02CCEA49:java.util.concurrent.CompletableFuture@61b6267[Not completed]
2019-09-25 11:00:07,000 [pool-47-thread-1] INFO  impl.RaftServerImpl (RaftServerImpl.java:<init>(95)) - b9731c9a-07e8-4827-9eb9-5f784fb447b9: new RaftServerImpl for group-B75C02CCEA49:[b9731c9a-07e8-4827-9eb9-5f784fb447b9:192.168.30.6:46688] with ContainerStateMachine:uninitialized
2019-09-25 11:00:07,001 [pool-47-thread-1] INFO  server.RaftServerConfigKeys (ConfUtils.java:logGet(43)) - raft.server.rpc.timeout.min = 5s (custom)
2019-09-25 11:00:07,001 [pool-47-thread-1] INFO  server.RaftServerConfigKeys (ConfUtils.java:logGet(43)) - raft.server.rpc.timeout.max = 5200ms (custom)
2019-09-25 11:00:07,001 [pool-47-thread-1] INFO  server.RaftServerConfigKeys (ConfUtils.java:logGet(43)) - raft.server.rpcslowness.timeout = 120s (custom)
2019-09-25 11:00:07,001 [pool-47-thread-1] INFO  server.RaftServerConfigKeys (ConfUtils.java:logGet(43)) - raft.server.sleep.deviation.threshold = 300 (default)
2019-09-25 11:00:07,001 [pool-47-thread-1] INFO  server.RaftServerConfigKeys (ConfUtils.java:logGet(43)) - raft.server.log.appender.install.snapshot.enabled = false (custom)
2019-09-25 11:00:07,002 [pool-47-thread-1] INFO  impl.RaftServerImpl (ServerState.java:<init>(103)) - b9731c9a-07e8-4827-9eb9-5f784fb447b9@group-B75C02CCEA49: ConfigurationManager, init=-1: [b9731c9a-07e8-4827-9eb9-5f784fb447b9:192.168.30.6:46688], old=null, confs=<EMPTY_MAP>
2019-09-25 11:00:07,002 [pool-47-thread-1] INFO  server.RaftServerConfigKeys (ConfUtils.java:logGet(43)) - raft.server.storage.dir = [/workdir/hadoop-ozone/integration-test/target/test-dir/MiniOzoneClusterImpl-cb8ecd13-95cc-47fe-8445-93be882af5d4/datanode-2/data/ratis] (custom)
2019-09-25 11:00:07,002 [pool-47-thread-1] INFO  storage.RaftStorageDirectory (RaftStorageDirectory.java:analyzeStorage(246)) - The storage directory /workdir/hadoop-ozone/integration-test/target/test-dir/MiniOzoneClusterImpl-cb8ecd13-95cc-47fe-8445-93be882af5d4/datanode-2/data/ratis/bd39eaf3-83b6-4498-bf54-b75c02ccea49 does not exist. Creating ...
2019-09-25 11:00:07,015 [pool-47-thread-1] INFO  storage.RaftStorageDirectory (RaftStorageDirectory.java:tryLock(328)) - Lock on /workdir/hadoop-ozone/integration-test/target/test-dir/MiniOzoneClusterImpl-cb8ecd13-95cc-47fe-8445-93be882af5d4/datanode-2/data/ratis/bd39eaf3-83b6-4498-bf54-b75c02ccea49/in_use.lock acquired by nodename 21763@pr-hdds-1569-5gmkr-4255264070
2019-09-25 11:00:07,029 [pool-47-thread-1] INFO  storage.RaftStorage (RaftStorage.java:format(72)) - Storage directory /workdir/hadoop-ozone/integration-test/target/test-dir/MiniOzoneClusterImpl-cb8ecd13-95cc-47fe-8445-93be882af5d4/datanode-2/data/ratis/bd39eaf3-83b6-4498-bf54-b75c02ccea49 has been successfully formatted.
2019-09-25 11:00:07,029 [pool-47-thread-1] INFO  ratis.ContainerStateMachine (ContainerStateMachine.java:loadSnapshot(230)) - group-B75C02CCEA49: The snapshot info is null. Setting the last applied indexto:(t:0, i:~)
2019-09-25 11:00:07,029 [pool-47-thread-1] INFO  server.RaftServerConfigKeys (ConfUtils.java:logGet(43)) - raft.server.notification.no-leader.timeout = 120s (custom)
2019-09-25 11:00:07,029 [pool-47-thread-1] INFO  server.RaftServerConfigKeys (ConfUtils.java:logGet(43)) - raft.server.log.use.memory = false (default)
2019-09-25 11:00:07,030 [pool-47-thread-1] INFO  server.RaftServerConfigKeys (ConfUtils.java:logGet(43)) - raft.server.log.purge.gap = 1000000 (custom)
2019-09-25 11:00:07,030 [pool-47-thread-1] INFO  server.RaftServerConfigKeys (ConfUtils.java:logGet(43)) - raft.server.log.appender.buffer.byte-limit = 33554432 (custom)
2019-09-25 11:00:07,030 [pool-47-thread-1] INFO  server.RaftServerConfigKeys (ConfUtils.java:logGet(43)) - raft.server.log.segment.size.max = 1048576 (custom)
2019-09-25 11:00:07,030 [pool-47-thread-1] INFO  server.RaftServerConfigKeys (ConfUtils.java:logGet(43)) - raft.server.log.segment.cache.num.max = 2 (custom)
2019-09-25 11:00:07,030 [pool-47-thread-1] INFO  segmented.SegmentedRaftLogWorker (SegmentedRaftLogWorker.java:<init>(172)) - new b9731c9a-07e8-4827-9eb9-5f784fb447b9@group-B75C02CCEA49-SegmentedRaftLogWorker for RaftStorage:Storage Directory /workdir/hadoop-ozone/integration-test/target/test-dir/MiniOzoneClusterImpl-cb8ecd13-95cc-47fe-8445-93be882af5d4/datanode-2/data/ratis/bd39eaf3-83b6-4498-bf54-b75c02ccea49
2019-09-25 11:00:07,030 [pool-47-thread-1] INFO  server.RaftServerConfigKeys (ConfUtils.java:logGet(43)) - raft.server.log.queue.byte-limit = 2147483647 (custom)
2019-09-25 11:00:07,030 [pool-47-thread-1] INFO  server.RaftServerConfigKeys (ConfUtils.java:logGet(43)) - raft.server.log.queue.element-limit = 1024 (custom)
2019-09-25 11:00:07,030 [pool-47-thread-1] INFO  server.RaftServerConfigKeys (ConfUtils.java:logGet(43)) - raft.server.log.segment.size.max = 1048576 (custom)
2019-09-25 11:00:07,031 [pool-47-thread-1] INFO  server.RaftServerConfigKeys (ConfUtils.java:logGet(43)) - raft.server.log.preallocated.size = 16384 (custom)
2019-09-25 11:00:07,031 [pool-47-thread-1] INFO  server.RaftServerConfigKeys (ConfUtils.java:logGet(43)) - raft.server.log.write.buffer.size = 33554432 (custom)
2019-09-25 11:00:07,031 [pool-47-thread-1] INFO  server.RaftServerConfigKeys (ConfUtils.java:logGet(43)) - raft.server.log.force.sync.num = 128 (default)
2019-09-25 11:00:07,031 [pool-47-thread-1] INFO  server.RaftServerConfigKeys (ConfUtils.java:logGet(43)) - raft.server.log.statemachine.data.sync = true (default)
2019-09-25 11:00:07,031 [pool-47-thread-1] INFO  server.RaftServerConfigKeys (ConfUtils.java:logGet(43)) - raft.server.log.statemachine.data.sync.timeout = 10s (default)
2019-09-25 11:00:07,031 [pool-47-thread-1] INFO  server.RaftServerConfigKeys (ConfUtils.java:logGet(43)) - raft.server.log.statemachine.data.sync.timeout.retry = -1 (default)
2019-09-25 11:00:07,031 [pool-47-thread-1] INFO  server.RaftServerConfigKeys (ConfUtils.java:logGet(43)) - raft.server.log.statemachine.data.caching.enabled = true (custom)
2019-09-25 11:00:07,032 [pool-47-thread-1] INFO  segmented.SegmentedRaftLogWorker (SegmentedRaftLogWorker.java:lambda$new$0(132)) - b9731c9a-07e8-4827-9eb9-5f784fb447b9@group-B75C02CCEA49-SegmentedRaftLogWorker: flushIndex: setUnconditionally 0 -> -1
2019-09-25 11:00:07,032 [pool-47-thread-1] INFO  server.RaftServerConfigKeys (ConfUtils.java:logGet(43)) - raft.server.snapshot.auto.trigger.enabled = true (custom)
2019-09-25 11:00:07,032 [pool-47-thread-1] INFO  server.RaftServerConfigKeys (ConfUtils.java:logGet(43)) - raft.server.snapshot.auto.trigger.threshold = 10000 (custom)
2019-09-25 11:00:07,032 [pool-47-thread-1] INFO  server.RaftServerConfigKeys (ConfUtils.java:logGet(43)) - raft.server.snapshot.retention.num.files = 5 (custom)
2019-09-25 11:00:07,032 [pool-47-thread-1] INFO  server.RaftServerConfigKeys (ConfUtils.java:logGet(43)) - raft.server.retrycache.expirytime = 600000ms (custom)
2019-09-25 11:00:07,035 [pool-47-thread-1] INFO  impl.RaftServerImpl (RaftServerImpl.java:start(185)) - b9731c9a-07e8-4827-9eb9-5f784fb447b9@group-B75C02CCEA49: start as a follower, conf=-1: [b9731c9a-07e8-4827-9eb9-5f784fb447b9:192.168.30.6:46688], old=null
2019-09-25 11:00:07,035 [pool-47-thread-1] INFO  impl.RaftServerImpl (RaftServerImpl.java:setRole(174)) - b9731c9a-07e8-4827-9eb9-5f784fb447b9@group-B75C02CCEA49: changes role from      null to FOLLOWER at term 0 for startAsFollower
2019-09-25 11:00:07,035 [pool-47-thread-1] INFO  impl.RoleInfo (RoleInfo.java:updateAndGet(143)) - b9731c9a-07e8-4827-9eb9-5f784fb447b9: start FollowerState
2019-09-25 11:00:07,036 [pool-47-thread-1] INFO  util.JmxRegister (JmxRegister.java:tryRegister(44)) - Successfully registered JMX Bean with object name Ratis:service=RaftServer,group=group-B75C02CCEA49,id=b9731c9a-07e8-4827-9eb9-5f784fb447b9
2019-09-25 11:00:07,049 [RatisPipelineUtilsThread] INFO  pipeline.PipelineStateManager (PipelineStateManager.java:addPipeline(56)) - Created pipeline Pipeline[ Id: bd39eaf3-83b6-4498-bf54-b75c02ccea49, Nodes: b9731c9a-07e8-4827-9eb9-5f784fb447b9{ip: 192.168.30.6, host: pr-hdds-1569-5gmkr-4255264070, networkLocation: /default-rack, certSerialId: null}, Type:RATIS, Factor:ONE, State:OPEN]
2019-09-25 11:00:07,067 [grpc-default-executor-0] INFO  impl.RaftServerProxy (RaftServerProxy.java:addNew(89)) - 10236b5f-bff6-485e-aafa-3b26ea1d6574: addNew group-B1848800A3B8:[10236b5f-bff6-485e-aafa-3b26ea1d6574:192.168.30.6:44690] returns group-B1848800A3B8:java.util.concurrent.CompletableFuture@181105f7[Not completed]
2019-09-25 11:00:07,069 [pool-87-thread-1] INFO  impl.RaftServerImpl (RaftServerImpl.java:<init>(95)) - 10236b5f-bff6-485e-aafa-3b26ea1d6574: new RaftServerImpl for group-B1848800A3B8:[10236b5f-bff6-485e-aafa-3b26ea1d6574:192.168.30.6:44690] with ContainerStateMachine:uninitialized
2019-09-25 11:00:07,069 [pool-87-thread-1] INFO  server.RaftServerConfigKeys (ConfUtils.java:logGet(43)) - raft.server.rpc.timeout.min = 5s (custom)
2019-09-25 11:00:07,069 [pool-87-thread-1] INFO  server.RaftServerConfigKeys (ConfUtils.java:logGet(43)) - raft.server.rpc.timeout.max = 5200ms (custom)
2019-09-25 11:00:07,069 [pool-87-thread-1] INFO  server.RaftServerConfigKeys (ConfUtils.java:logGet(43)) - raft.server.rpcslowness.timeout = 120s (custom)
2019-09-25 11:00:07,069 [pool-87-thread-1] INFO  server.RaftServerConfigKeys (ConfUtils.java:logGet(43)) - raft.server.sleep.deviation.threshold = 300 (default)
2019-09-25 11:00:07,069 [pool-87-thread-1] INFO  server.RaftServerConfigKeys (ConfUtils.java:logGet(43)) - raft.server.log.appender.install.snapshot.enabled = false (custom)
2019-09-25 11:00:07,069 [pool-87-thread-1] INFO  impl.RaftServerImpl (ServerState.java:<init>(103)) - 10236b5f-bff6-485e-aafa-3b26ea1d6574@group-B1848800A3B8: ConfigurationManager, init=-1: [10236b5f-bff6-485e-aafa-3b26ea1d6574:192.168.30.6:44690], old=null, confs=<EMPTY_MAP>
2019-09-25 11:00:07,070 [pool-87-thread-1] INFO  server.RaftServerConfigKeys (ConfUtils.java:logGet(43)) - raft.server.storage.dir = [/workdir/hadoop-ozone/integration-test/target/test-dir/MiniOzoneClusterImpl-cb8ecd13-95cc-47fe-8445-93be882af5d4/datanode-6/data/ratis] (custom)
2019-09-25 11:00:07,070 [pool-87-thread-1] INFO  storage.RaftStorageDirectory (RaftStorageDirectory.java:analyzeStorage(246)) - The storage directory /workdir/hadoop-ozone/integration-test/target/test-dir/MiniOzoneClusterImpl-cb8ecd13-95cc-47fe-8445-93be882af5d4/datanode-6/data/ratis/955ccf5c-4beb-47e0-9108-b1848800a3b8 does not exist. Creating ...
2019-09-25 11:00:07,093 [pool-87-thread-1] INFO  storage.RaftStorageDirectory (RaftStorageDirectory.java:tryLock(328)) - Lock on /workdir/hadoop-ozone/integration-test/target/test-dir/MiniOzoneClusterImpl-cb8ecd13-95cc-47fe-8445-93be882af5d4/datanode-6/data/ratis/955ccf5c-4beb-47e0-9108-b1848800a3b8/in_use.lock acquired by nodename 21763@pr-hdds-1569-5gmkr-4255264070
2019-09-25 11:00:07,107 [pool-87-thread-1] INFO  storage.RaftStorage (RaftStorage.java:format(72)) - Storage directory /workdir/hadoop-ozone/integration-test/target/test-dir/MiniOzoneClusterImpl-cb8ecd13-95cc-47fe-8445-93be882af5d4/datanode-6/data/ratis/955ccf5c-4beb-47e0-9108-b1848800a3b8 has been successfully formatted.
2019-09-25 11:00:07,107 [pool-87-thread-1] INFO  ratis.ContainerStateMachine (ContainerStateMachine.java:loadSnapshot(230)) - group-B1848800A3B8: The snapshot info is null. Setting the last applied indexto:(t:0, i:~)
2019-09-25 11:00:07,108 [pool-87-thread-1] INFO  server.RaftServerConfigKeys (ConfUtils.java:logGet(43)) - raft.server.notification.no-leader.timeout = 120s (custom)
2019-09-25 11:00:07,108 [pool-87-thread-1] INFO  server.RaftServerConfigKeys (ConfUtils.java:logGet(43)) - raft.server.log.use.memory = false (default)
2019-09-25 11:00:07,108 [pool-87-thread-1] INFO  server.RaftServerConfigKeys (ConfUtils.java:logGet(43)) - raft.server.log.purge.gap = 1000000 (custom)
2019-09-25 11:00:07,108 [pool-87-thread-1] INFO  server.RaftServerConfigKeys (ConfUtils.java:logGet(43)) - raft.server.log.appender.buffer.byte-limit = 33554432 (custom)
2019-09-25 11:00:07,108 [pool-87-thread-1] INFO  server.RaftServerConfigKeys (ConfUtils.java:logGet(43)) - raft.server.log.segment.size.max = 1048576 (custom)
2019-09-25 11:00:07,108 [pool-87-thread-1] INFO  server.RaftServerConfigKeys (ConfUtils.java:logGet(43)) - raft.server.log.segment.cache.num.max = 2 (custom)
2019-09-25 11:00:07,108 [pool-87-thread-1] INFO  segmented.SegmentedRaftLogWorker (SegmentedRaftLogWorker.java:<init>(172)) - new 10236b5f-bff6-485e-aafa-3b26ea1d6574@group-B1848800A3B8-SegmentedRaftLogWorker for RaftStorage:Storage Directory /workdir/hadoop-ozone/integration-test/target/test-dir/MiniOzoneClusterImpl-cb8ecd13-95cc-47fe-8445-93be882af5d4/datanode-6/data/ratis/955ccf5c-4beb-47e0-9108-b1848800a3b8
2019-09-25 11:00:07,108 [pool-87-thread-1] INFO  server.RaftServerConfigKeys (ConfUtils.java:logGet(43)) - raft.server.log.queue.byte-limit = 2147483647 (custom)
2019-09-25 11:00:07,108 [pool-87-thread-1] INFO  server.RaftServerConfigKeys (ConfUtils.java:logGet(43)) - raft.server.log.queue.element-limit = 1024 (custom)
2019-09-25 11:00:07,109 [pool-87-thread-1] INFO  server.RaftServerConfigKeys (ConfUtils.java:logGet(43)) - raft.server.log.segment.size.max = 1048576 (custom)
2019-09-25 11:00:07,109 [pool-87-thread-1] INFO  server.RaftServerConfigKeys (ConfUtils.java:logGet(43)) - raft.server.log.preallocated.size = 16384 (custom)
2019-09-25 11:00:07,109 [pool-87-thread-1] INFO  server.RaftServerConfigKeys (ConfUtils.java:logGet(43)) - raft.server.log.write.buffer.size = 33554432 (custom)
2019-09-25 11:00:07,109 [pool-87-thread-1] INFO  server.RaftServerConfigKeys (ConfUtils.java:logGet(43)) - raft.server.log.force.sync.num = 128 (default)
2019-09-25 11:00:07,109 [pool-87-thread-1] INFO  server.RaftServerConfigKeys (ConfUtils.java:logGet(43)) - raft.server.log.statemachine.data.sync = true (default)
2019-09-25 11:00:07,109 [pool-87-thread-1] INFO  server.RaftServerConfigKeys (ConfUtils.java:logGet(43)) - raft.server.log.statemachine.data.sync.timeout = 10s (default)
2019-09-25 11:00:07,109 [pool-87-thread-1] INFO  server.RaftServerConfigKeys (ConfUtils.java:logGet(43)) - raft.server.log.statemachine.data.sync.timeout.retry = -1 (default)
2019-09-25 11:00:07,109 [pool-87-thread-1] INFO  server.RaftServerConfigKeys (ConfUtils.java:logGet(43)) - raft.server.log.statemachine.data.caching.enabled = true (custom)
2019-09-25 11:00:07,110 [pool-87-thread-1] INFO  segmented.SegmentedRaftLogWorker (SegmentedRaftLogWorker.java:lambda$new$0(132)) - 10236b5f-bff6-485e-aafa-3b26ea1d6574@group-B1848800A3B8-SegmentedRaftLogWorker: flushIndex: setUnconditionally 0 -> -1
2019-09-25 11:00:07,110 [pool-87-thread-1] INFO  server.RaftServerConfigKeys (ConfUtils.java:logGet(43)) - raft.server.snapshot.auto.trigger.enabled = true (custom)
2019-09-25 11:00:07,110 [pool-87-thread-1] INFO  server.RaftServerConfigKeys (ConfUtils.java:logGet(43)) - raft.server.snapshot.auto.trigger.threshold = 10000 (custom)
2019-09-25 11:00:07,110 [pool-87-thread-1] INFO  server.RaftServerConfigKeys (ConfUtils.java:logGet(43)) - raft.server.snapshot.retention.num.files = 5 (custom)
2019-09-25 11:00:07,110 [pool-87-thread-1] INFO  server.RaftServerConfigKeys (ConfUtils.java:logGet(43)) - raft.server.retrycache.expirytime = 600000ms (custom)
2019-09-25 11:00:07,113 [pool-87-thread-1] INFO  impl.RaftServerImpl (RaftServerImpl.java:start(185)) - 10236b5f-bff6-485e-aafa-3b26ea1d6574@group-B1848800A3B8: start as a follower, conf=-1: [10236b5f-bff6-485e-aafa-3b26ea1d6574:192.168.30.6:44690], old=null
2019-09-25 11:00:07,113 [pool-87-thread-1] INFO  impl.RaftServerImpl (RaftServerImpl.java:setRole(174)) - 10236b5f-bff6-485e-aafa-3b26ea1d6574@group-B1848800A3B8: changes role from      null to FOLLOWER at term 0 for startAsFollower
2019-09-25 11:00:07,113 [pool-87-thread-1] INFO  impl.RoleInfo (RoleInfo.java:updateAndGet(143)) - 10236b5f-bff6-485e-aafa-3b26ea1d6574: start FollowerState
2019-09-25 11:00:07,113 [pool-87-thread-1] INFO  util.JmxRegister (JmxRegister.java:tryRegister(44)) - Successfully registered JMX Bean with object name Ratis:service=RaftServer,group=group-B1848800A3B8,id=10236b5f-bff6-485e-aafa-3b26ea1d6574
2019-09-25 11:00:07,125 [RatisPipelineUtilsThread] INFO  pipeline.PipelineStateManager (PipelineStateManager.java:addPipeline(56)) - Created pipeline Pipeline[ Id: 955ccf5c-4beb-47e0-9108-b1848800a3b8, Nodes: 10236b5f-bff6-485e-aafa-3b26ea1d6574{ip: 192.168.30.6, host: pr-hdds-1569-5gmkr-4255264070, networkLocation: /default-rack, certSerialId: null}, Type:RATIS, Factor:ONE, State:OPEN]
2019-09-25 11:00:07,139 [grpc-default-executor-0] INFO  impl.RaftServerProxy (RaftServerProxy.java:addNew(89)) - b9731c9a-07e8-4827-9eb9-5f784fb447b9: addNew group-C1FF5E53A2B4:[b9731c9a-07e8-4827-9eb9-5f784fb447b9:192.168.30.6:46688] returns group-C1FF5E53A2B4:java.util.concurrent.CompletableFuture@f904abd[Not completed]
2019-09-25 11:00:07,142 [pool-47-thread-1] INFO  impl.RaftServerImpl (RaftServerImpl.java:<init>(95)) - b9731c9a-07e8-4827-9eb9-5f784fb447b9: new RaftServerImpl for group-C1FF5E53A2B4:[b9731c9a-07e8-4827-9eb9-5f784fb447b9:192.168.30.6:46688] with ContainerStateMachine:uninitialized
2019-09-25 11:00:07,142 [pool-47-thread-1] INFO  server.RaftServerConfigKeys (ConfUtils.java:logGet(43)) - raft.server.rpc.timeout.min = 5s (custom)
2019-09-25 11:00:07,142 [pool-47-thread-1] INFO  server.RaftServerConfigKeys (ConfUtils.java:logGet(43)) - raft.server.rpc.timeout.max = 5200ms (custom)
2019-09-25 11:00:07,142 [pool-47-thread-1] INFO  server.RaftServerConfigKeys (ConfUtils.java:logGet(43)) - raft.server.rpcslowness.timeout = 120s (custom)
2019-09-25 11:00:07,142 [pool-47-thread-1] INFO  server.RaftServerConfigKeys (ConfUtils.java:logGet(43)) - raft.server.sleep.deviation.threshold = 300 (default)
2019-09-25 11:00:07,142 [pool-47-thread-1] INFO  server.RaftServerConfigKeys (ConfUtils.java:logGet(43)) - raft.server.log.appender.install.snapshot.enabled = false (custom)
2019-09-25 11:00:07,142 [pool-47-thread-1] INFO  impl.RaftServerImpl (ServerState.java:<init>(103)) - b9731c9a-07e8-4827-9eb9-5f784fb447b9@group-C1FF5E53A2B4: ConfigurationManager, init=-1: [b9731c9a-07e8-4827-9eb9-5f784fb447b9:192.168.30.6:46688], old=null, confs=<EMPTY_MAP>
2019-09-25 11:00:07,142 [pool-47-thread-1] INFO  server.RaftServerConfigKeys (ConfUtils.java:logGet(43)) - raft.server.storage.dir = [/workdir/hadoop-ozone/integration-test/target/test-dir/MiniOzoneClusterImpl-cb8ecd13-95cc-47fe-8445-93be882af5d4/datanode-2/data/ratis] (custom)
2019-09-25 11:00:07,143 [pool-47-thread-1] INFO  storage.RaftStorageDirectory (RaftStorageDirectory.java:analyzeStorage(246)) - The storage directory /workdir/hadoop-ozone/integration-test/target/test-dir/MiniOzoneClusterImpl-cb8ecd13-95cc-47fe-8445-93be882af5d4/datanode-2/data/ratis/4b443a29-ff77-4352-9c87-c1ff5e53a2b4 does not exist. Creating ...
2019-09-25 11:00:07,150 [pool-47-thread-1] INFO  storage.RaftStorageDirectory (RaftStorageDirectory.java:tryLock(328)) - Lock on /workdir/hadoop-ozone/integration-test/target/test-dir/MiniOzoneClusterImpl-cb8ecd13-95cc-47fe-8445-93be882af5d4/datanode-2/data/ratis/4b443a29-ff77-4352-9c87-c1ff5e53a2b4/in_use.lock acquired by nodename 21763@pr-hdds-1569-5gmkr-4255264070
2019-09-25 11:00:07,164 [pool-47-thread-1] INFO  storage.RaftStorage (RaftStorage.java:format(72)) - Storage directory /workdir/hadoop-ozone/integration-test/target/test-dir/MiniOzoneClusterImpl-cb8ecd13-95cc-47fe-8445-93be882af5d4/datanode-2/data/ratis/4b443a29-ff77-4352-9c87-c1ff5e53a2b4 has been successfully formatted.
2019-09-25 11:00:07,165 [pool-47-thread-1] INFO  ratis.ContainerStateMachine (ContainerStateMachine.java:loadSnapshot(230)) - group-C1FF5E53A2B4: The snapshot info is null. Setting the last applied indexto:(t:0, i:~)
2019-09-25 11:00:07,165 [pool-47-thread-1] INFO  server.RaftServerConfigKeys (ConfUtils.java:logGet(43)) - raft.server.notification.no-leader.timeout = 120s (custom)
2019-09-25 11:00:07,165 [pool-47-thread-1] INFO  server.RaftServerConfigKeys (ConfUtils.java:logGet(43)) - raft.server.log.use.memory = false (default)
2019-09-25 11:00:07,165 [pool-47-thread-1] INFO  server.RaftServerConfigKeys (ConfUtils.java:logGet(43)) - raft.server.log.purge.gap = 1000000 (custom)
2019-09-25 11:00:07,165 [pool-47-thread-1] INFO  server.RaftServerConfigKeys (ConfUtils.java:logGet(43)) - raft.server.log.appender.buffer.byte-limit = 33554432 (custom)
2019-09-25 11:00:07,165 [pool-47-thread-1] INFO  server.RaftServerConfigKeys (ConfUtils.java:logGet(43)) - raft.server.log.segment.size.max = 1048576 (custom)
2019-09-25 11:00:07,166 [pool-47-thread-1] INFO  server.RaftServerConfigKeys (ConfUtils.java:logGet(43)) - raft.server.log.segment.cache.num.max = 2 (custom)
2019-09-25 11:00:07,166 [pool-47-thread-1] INFO  segmented.SegmentedRaftLogWorker (SegmentedRaftLogWorker.java:<init>(172)) - new b9731c9a-07e8-4827-9eb9-5f784fb447b9@group-C1FF5E53A2B4-SegmentedRaftLogWorker for RaftStorage:Storage Directory /workdir/hadoop-ozone/integration-test/target/test-dir/MiniOzoneClusterImpl-cb8ecd13-95cc-47fe-8445-93be882af5d4/datanode-2/data/ratis/4b443a29-ff77-4352-9c87-c1ff5e53a2b4
2019-09-25 11:00:07,166 [pool-47-thread-1] INFO  server.RaftServerConfigKeys (ConfUtils.java:logGet(43)) - raft.server.log.queue.byte-limit = 2147483647 (custom)
2019-09-25 11:00:07,166 [pool-47-thread-1] INFO  server.RaftServerConfigKeys (ConfUtils.java:logGet(43)) - raft.server.log.queue.element-limit = 1024 (custom)
2019-09-25 11:00:07,166 [pool-47-thread-1] INFO  server.RaftServerConfigKeys (ConfUtils.java:logGet(43)) - raft.server.log.segment.size.max = 1048576 (custom)
2019-09-25 11:00:07,167 [pool-47-thread-1] INFO  server.RaftServerConfigKeys (ConfUtils.java:logGet(43)) - raft.server.log.preallocated.size = 16384 (custom)
2019-09-25 11:00:07,167 [pool-47-thread-1] INFO  server.RaftServerConfigKeys (ConfUtils.java:logGet(43)) - raft.server.log.write.buffer.size = 33554432 (custom)
2019-09-25 11:00:07,167 [pool-47-thread-1] INFO  server.RaftServerConfigKeys (ConfUtils.java:logGet(43)) - raft.server.log.force.sync.num = 128 (default)
2019-09-25 11:00:07,167 [pool-47-thread-1] INFO  server.RaftServerConfigKeys (ConfUtils.java:logGet(43)) - raft.server.log.statemachine.data.sync = true (default)
2019-09-25 11:00:07,167 [pool-47-thread-1] INFO  server.RaftServerConfigKeys (ConfUtils.java:logGet(43)) - raft.server.log.statemachine.data.sync.timeout = 10s (default)
2019-09-25 11:00:07,170 [pool-47-thread-1] INFO  server.RaftServerConfigKeys (ConfUtils.java:logGet(43)) - raft.server.log.statemachine.data.sync.timeout.retry = -1 (default)
2019-09-25 11:00:07,170 [pool-47-thread-1] INFO  server.RaftServerConfigKeys (ConfUtils.java:logGet(43)) - raft.server.log.statemachine.data.caching.enabled = true (custom)
2019-09-25 11:00:07,170 [pool-47-thread-1] INFO  segmented.SegmentedRaftLogWorker (SegmentedRaftLogWorker.java:lambda$new$0(132)) - b9731c9a-07e8-4827-9eb9-5f784fb447b9@group-C1FF5E53A2B4-SegmentedRaftLogWorker: flushIndex: setUnconditionally 0 -> -1
2019-09-25 11:00:07,171 [pool-47-thread-1] INFO  server.RaftServerConfigKeys (ConfUtils.java:logGet(43)) - raft.server.snapshot.auto.trigger.enabled = true (custom)
2019-09-25 11:00:07,171 [pool-47-thread-1] INFO  server.RaftServerConfigKeys (ConfUtils.java:logGet(43)) - raft.server.snapshot.auto.trigger.threshold = 10000 (custom)
2019-09-25 11:00:07,171 [pool-47-thread-1] INFO  server.RaftServerConfigKeys (ConfUtils.java:logGet(43)) - raft.server.snapshot.retention.num.files = 5 (custom)
2019-09-25 11:00:07,171 [pool-47-thread-1] INFO  server.RaftServerConfigKeys (ConfUtils.java:logGet(43)) - raft.server.retrycache.expirytime = 600000ms (custom)
2019-09-25 11:00:07,175 [pool-47-thread-1] INFO  impl.RaftServerImpl (RaftServerImpl.java:start(185)) - b9731c9a-07e8-4827-9eb9-5f784fb447b9@group-C1FF5E53A2B4: start as a follower, conf=-1: [b9731c9a-07e8-4827-9eb9-5f784fb447b9:192.168.30.6:46688], old=null
2019-09-25 11:00:07,175 [pool-47-thread-1] INFO  impl.RaftServerImpl (RaftServerImpl.java:setRole(174)) - b9731c9a-07e8-4827-9eb9-5f784fb447b9@group-C1FF5E53A2B4: changes role from      null to FOLLOWER at term 0 for startAsFollower
2019-09-25 11:00:07,175 [pool-47-thread-1] INFO  impl.RoleInfo (RoleInfo.java:updateAndGet(143)) - b9731c9a-07e8-4827-9eb9-5f784fb447b9: start FollowerState
2019-09-25 11:00:07,175 [pool-47-thread-1] INFO  util.JmxRegister (JmxRegister.java:tryRegister(44)) - Successfully registered JMX Bean with object name Ratis:service=RaftServer,group=group-C1FF5E53A2B4,id=b9731c9a-07e8-4827-9eb9-5f784fb447b9
2019-09-25 11:00:07,189 [RatisPipelineUtilsThread] INFO  pipeline.PipelineStateManager (PipelineStateManager.java:addPipeline(56)) - Created pipeline Pipeline[ Id: 4b443a29-ff77-4352-9c87-c1ff5e53a2b4, Nodes: b9731c9a-07e8-4827-9eb9-5f784fb447b9{ip: 192.168.30.6, host: pr-hdds-1569-5gmkr-4255264070, networkLocation: /default-rack, certSerialId: null}, Type:RATIS, Factor:ONE, State:OPEN]
2019-09-25 11:00:07,207 [grpc-default-executor-0] INFO  impl.RaftServerProxy (RaftServerProxy.java:addNew(89)) - 024c4dd7-7c9d-4cdb-8271-6a4ddb62c17e: addNew group-D3643D614FE5:[024c4dd7-7c9d-4cdb-8271-6a4ddb62c17e:192.168.30.6:36470] returns group-D3643D614FE5:java.util.concurrent.CompletableFuture@47584244[Not completed]
2019-09-25 11:00:07,209 [pool-37-thread-1] INFO  impl.RaftServerImpl (RaftServerImpl.java:<init>(95)) - 024c4dd7-7c9d-4cdb-8271-6a4ddb62c17e: new RaftServerImpl for group-D3643D614FE5:[024c4dd7-7c9d-4cdb-8271-6a4ddb62c17e:192.168.30.6:36470] with ContainerStateMachine:uninitialized
2019-09-25 11:00:07,210 [pool-37-thread-1] INFO  server.RaftServerConfigKeys (ConfUtils.java:logGet(43)) - raft.server.rpc.timeout.min = 5s (custom)
2019-09-25 11:00:07,210 [pool-37-thread-1] INFO  server.RaftServerConfigKeys (ConfUtils.java:logGet(43)) - raft.server.rpc.timeout.max = 5200ms (custom)
2019-09-25 11:00:07,210 [pool-37-thread-1] INFO  server.RaftServerConfigKeys (ConfUtils.java:logGet(43)) - raft.server.rpcslowness.timeout = 120s (custom)
2019-09-25 11:00:07,210 [pool-37-thread-1] INFO  server.RaftServerConfigKeys (ConfUtils.java:logGet(43)) - raft.server.sleep.deviation.threshold = 300 (default)
2019-09-25 11:00:07,210 [pool-37-thread-1] INFO  server.RaftServerConfigKeys (ConfUtils.java:logGet(43)) - raft.server.log.appender.install.snapshot.enabled = false (custom)
2019-09-25 11:00:07,211 [pool-37-thread-1] INFO  impl.RaftServerImpl (ServerState.java:<init>(103)) - 024c4dd7-7c9d-4cdb-8271-6a4ddb62c17e@group-D3643D614FE5: ConfigurationManager, init=-1: [024c4dd7-7c9d-4cdb-8271-6a4ddb62c17e:192.168.30.6:36470], old=null, confs=<EMPTY_MAP>
2019-09-25 11:00:07,211 [pool-37-thread-1] INFO  server.RaftServerConfigKeys (ConfUtils.java:logGet(43)) - raft.server.storage.dir = [/workdir/hadoop-ozone/integration-test/target/test-dir/MiniOzoneClusterImpl-cb8ecd13-95cc-47fe-8445-93be882af5d4/datanode-1/data/ratis] (custom)
2019-09-25 11:00:07,212 [pool-37-thread-1] INFO  storage.RaftStorageDirectory (RaftStorageDirectory.java:analyzeStorage(246)) - The storage directory /workdir/hadoop-ozone/integration-test/target/test-dir/MiniOzoneClusterImpl-cb8ecd13-95cc-47fe-8445-93be882af5d4/datanode-1/data/ratis/17f562a5-f8a5-43db-8286-d3643d614fe5 does not exist. Creating ...
2019-09-25 11:00:07,217 [pool-37-thread-1] INFO  storage.RaftStorageDirectory (RaftStorageDirectory.java:tryLock(328)) - Lock on /workdir/hadoop-ozone/integration-test/target/test-dir/MiniOzoneClusterImpl-cb8ecd13-95cc-47fe-8445-93be882af5d4/datanode-1/data/ratis/17f562a5-f8a5-43db-8286-d3643d614fe5/in_use.lock acquired by nodename 21763@pr-hdds-1569-5gmkr-4255264070
2019-09-25 11:00:07,230 [pool-37-thread-1] INFO  storage.RaftStorage (RaftStorage.java:format(72)) - Storage directory /workdir/hadoop-ozone/integration-test/target/test-dir/MiniOzoneClusterImpl-cb8ecd13-95cc-47fe-8445-93be882af5d4/datanode-1/data/ratis/17f562a5-f8a5-43db-8286-d3643d614fe5 has been successfully formatted.
2019-09-25 11:00:07,230 [pool-37-thread-1] INFO  ratis.ContainerStateMachine (ContainerStateMachine.java:loadSnapshot(230)) - group-D3643D614FE5: The snapshot info is null. Setting the last applied indexto:(t:0, i:~)
2019-09-25 11:00:07,231 [pool-37-thread-1] INFO  server.RaftServerConfigKeys (ConfUtils.java:logGet(43)) - raft.server.notification.no-leader.timeout = 120s (custom)
2019-09-25 11:00:07,231 [pool-37-thread-1] INFO  server.RaftServerConfigKeys (ConfUtils.java:logGet(43)) - raft.server.log.use.memory = false (default)
2019-09-25 11:00:07,231 [pool-37-thread-1] INFO  server.RaftServerConfigKeys (ConfUtils.java:logGet(43)) - raft.server.log.purge.gap = 1000000 (custom)
2019-09-25 11:00:07,231 [pool-37-thread-1] INFO  server.RaftServerConfigKeys (ConfUtils.java:logGet(43)) - raft.server.log.appender.buffer.byte-limit = 33554432 (custom)
2019-09-25 11:00:07,231 [pool-37-thread-1] INFO  server.RaftServerConfigKeys (ConfUtils.java:logGet(43)) - raft.server.log.segment.size.max = 1048576 (custom)
2019-09-25 11:00:07,231 [pool-37-thread-1] INFO  server.RaftServerConfigKeys (ConfUtils.java:logGet(43)) - raft.server.log.segment.cache.num.max = 2 (custom)
2019-09-25 11:00:07,231 [pool-37-thread-1] INFO  segmented.SegmentedRaftLogWorker (SegmentedRaftLogWorker.java:<init>(172)) - new 024c4dd7-7c9d-4cdb-8271-6a4ddb62c17e@group-D3643D614FE5-SegmentedRaftLogWorker for RaftStorage:Storage Directory /workdir/hadoop-ozone/integration-test/target/test-dir/MiniOzoneClusterImpl-cb8ecd13-95cc-47fe-8445-93be882af5d4/datanode-1/data/ratis/17f562a5-f8a5-43db-8286-d3643d614fe5
2019-09-25 11:00:07,233 [pool-37-thread-1] INFO  server.RaftServerConfigKeys (ConfUtils.java:logGet(43)) - raft.server.log.queue.byte-limit = 2147483647 (custom)
2019-09-25 11:00:07,233 [pool-37-thread-1] INFO  server.RaftServerConfigKeys (ConfUtils.java:logGet(43)) - raft.server.log.queue.element-limit = 1024 (custom)
2019-09-25 11:00:07,233 [pool-37-thread-1] INFO  server.RaftServerConfigKeys (ConfUtils.java:logGet(43)) - raft.server.log.segment.size.max = 1048576 (custom)
2019-09-25 11:00:07,234 [pool-37-thread-1] INFO  server.RaftServerConfigKeys (ConfUtils.java:logGet(43)) - raft.server.log.preallocated.size = 16384 (custom)
2019-09-25 11:00:07,234 [pool-37-thread-1] INFO  server.RaftServerConfigKeys (ConfUtils.java:logGet(43)) - raft.server.log.write.buffer.size = 33554432 (custom)
2019-09-25 11:00:07,234 [pool-37-thread-1] INFO  server.RaftServerConfigKeys (ConfUtils.java:logGet(43)) - raft.server.log.force.sync.num = 128 (default)
2019-09-25 11:00:07,234 [pool-37-thread-1] INFO  server.RaftServerConfigKeys (ConfUtils.java:logGet(43)) - raft.server.log.statemachine.data.sync = true (default)
2019-09-25 11:00:07,234 [pool-37-thread-1] INFO  server.RaftServerConfigKeys (ConfUtils.java:logGet(43)) - raft.server.log.statemachine.data.sync.timeout = 10s (default)
2019-09-25 11:00:07,234 [pool-37-thread-1] INFO  server.RaftServerConfigKeys (ConfUtils.java:logGet(43)) - raft.server.log.statemachine.data.sync.timeout.retry = -1 (default)
2019-09-25 11:00:07,234 [pool-37-thread-1] INFO  server.RaftServerConfigKeys (ConfUtils.java:logGet(43)) - raft.server.log.statemachine.data.caching.enabled = true (custom)
2019-09-25 11:00:07,235 [pool-37-thread-1] INFO  segmented.SegmentedRaftLogWorker (SegmentedRaftLogWorker.java:lambda$new$0(132)) - 024c4dd7-7c9d-4cdb-8271-6a4ddb62c17e@group-D3643D614FE5-SegmentedRaftLogWorker: flushIndex: setUnconditionally 0 -> -1
2019-09-25 11:00:07,235 [pool-37-thread-1] INFO  server.RaftServerConfigKeys (ConfUtils.java:logGet(43)) - raft.server.snapshot.auto.trigger.enabled = true (custom)
2019-09-25 11:00:07,235 [pool-37-thread-1] INFO  server.RaftServerConfigKeys (ConfUtils.java:logGet(43)) - raft.server.snapshot.auto.trigger.threshold = 10000 (custom)
2019-09-25 11:00:07,235 [pool-37-thread-1] INFO  server.RaftServerConfigKeys (ConfUtils.java:logGet(43)) - raft.server.snapshot.retention.num.files = 5 (custom)
2019-09-25 11:00:07,235 [pool-37-thread-1] INFO  server.RaftServerConfigKeys (ConfUtils.java:logGet(43)) - raft.server.retrycache.expirytime = 600000ms (custom)
2019-09-25 11:00:07,237 [pool-37-thread-1] INFO  impl.RaftServerImpl (RaftServerImpl.java:start(185)) - 024c4dd7-7c9d-4cdb-8271-6a4ddb62c17e@group-D3643D614FE5: start as a follower, conf=-1: [024c4dd7-7c9d-4cdb-8271-6a4ddb62c17e:192.168.30.6:36470], old=null
2019-09-25 11:00:07,237 [pool-37-thread-1] INFO  impl.RaftServerImpl (RaftServerImpl.java:setRole(174)) - 024c4dd7-7c9d-4cdb-8271-6a4ddb62c17e@group-D3643D614FE5: changes role from      null to FOLLOWER at term 0 for startAsFollower
2019-09-25 11:00:07,237 [pool-37-thread-1] INFO  impl.RoleInfo (RoleInfo.java:updateAndGet(143)) - 024c4dd7-7c9d-4cdb-8271-6a4ddb62c17e: start FollowerState
2019-09-25 11:00:07,237 [pool-37-thread-1] INFO  util.JmxRegister (JmxRegister.java:tryRegister(44)) - Successfully registered JMX Bean with object name Ratis:service=RaftServer,group=group-D3643D614FE5,id=024c4dd7-7c9d-4cdb-8271-6a4ddb62c17e
2019-09-25 11:00:07,246 [RatisPipelineUtilsThread] INFO  pipeline.PipelineStateManager (PipelineStateManager.java:addPipeline(56)) - Created pipeline Pipeline[ Id: 17f562a5-f8a5-43db-8286-d3643d614fe5, Nodes: 024c4dd7-7c9d-4cdb-8271-6a4ddb62c17e{ip: 192.168.30.6, host: pr-hdds-1569-5gmkr-4255264070, networkLocation: /default-rack, certSerialId: null}, Type:RATIS, Factor:ONE, State:OPEN]
2019-09-25 11:00:07,262 [grpc-default-executor-0] INFO  impl.RaftServerProxy (RaftServerProxy.java:addNew(89)) - 87c8d9bf-e5fd-4c93-82d7-07f29d18cd92: addNew group-FD7CE6300704:[87c8d9bf-e5fd-4c93-82d7-07f29d18cd92:192.168.30.6:45400] returns group-FD7CE6300704:java.util.concurrent.CompletableFuture@19083529[Not completed]
2019-09-25 11:00:07,263 [pool-77-thread-1] INFO  impl.RaftServerImpl (RaftServerImpl.java:<init>(95)) - 87c8d9bf-e5fd-4c93-82d7-07f29d18cd92: new RaftServerImpl for group-FD7CE6300704:[87c8d9bf-e5fd-4c93-82d7-07f29d18cd92:192.168.30.6:45400] with ContainerStateMachine:uninitialized
2019-09-25 11:00:07,264 [pool-77-thread-1] INFO  server.RaftServerConfigKeys (ConfUtils.java:logGet(43)) - raft.server.rpc.timeout.min = 5s (custom)
2019-09-25 11:00:07,264 [pool-77-thread-1] INFO  server.RaftServerConfigKeys (ConfUtils.java:logGet(43)) - raft.server.rpc.timeout.max = 5200ms (custom)
2019-09-25 11:00:07,264 [pool-77-thread-1] INFO  server.RaftServerConfigKeys (ConfUtils.java:logGet(43)) - raft.server.rpcslowness.timeout = 120s (custom)
2019-09-25 11:00:07,264 [pool-77-thread-1] INFO  server.RaftServerConfigKeys (ConfUtils.java:logGet(43)) - raft.server.sleep.deviation.threshold = 300 (default)
2019-09-25 11:00:07,264 [pool-77-thread-1] INFO  server.RaftServerConfigKeys (ConfUtils.java:logGet(43)) - raft.server.log.appender.install.snapshot.enabled = false (custom)
2019-09-25 11:00:07,264 [pool-77-thread-1] INFO  impl.RaftServerImpl (ServerState.java:<init>(103)) - 87c8d9bf-e5fd-4c93-82d7-07f29d18cd92@group-FD7CE6300704: ConfigurationManager, init=-1: [87c8d9bf-e5fd-4c93-82d7-07f29d18cd92:192.168.30.6:45400], old=null, confs=<EMPTY_MAP>
2019-09-25 11:00:07,264 [pool-77-thread-1] INFO  server.RaftServerConfigKeys (ConfUtils.java:logGet(43)) - raft.server.storage.dir = [/workdir/hadoop-ozone/integration-test/target/test-dir/MiniOzoneClusterImpl-cb8ecd13-95cc-47fe-8445-93be882af5d4/datanode-5/data/ratis] (custom)
2019-09-25 11:00:07,265 [pool-77-thread-1] INFO  storage.RaftStorageDirectory (RaftStorageDirectory.java:analyzeStorage(246)) - The storage directory /workdir/hadoop-ozone/integration-test/target/test-dir/MiniOzoneClusterImpl-cb8ecd13-95cc-47fe-8445-93be882af5d4/datanode-5/data/ratis/815eb512-737d-488f-b667-fd7ce6300704 does not exist. Creating ...
2019-09-25 11:00:07,268 [pool-77-thread-1] INFO  storage.RaftStorageDirectory (RaftStorageDirectory.java:tryLock(328)) - Lock on /workdir/hadoop-ozone/integration-test/target/test-dir/MiniOzoneClusterImpl-cb8ecd13-95cc-47fe-8445-93be882af5d4/datanode-5/data/ratis/815eb512-737d-488f-b667-fd7ce6300704/in_use.lock acquired by nodename 21763@pr-hdds-1569-5gmkr-4255264070
2019-09-25 11:00:07,282 [pool-77-thread-1] INFO  storage.RaftStorage (RaftStorage.java:format(72)) - Storage directory /workdir/hadoop-ozone/integration-test/target/test-dir/MiniOzoneClusterImpl-cb8ecd13-95cc-47fe-8445-93be882af5d4/datanode-5/data/ratis/815eb512-737d-488f-b667-fd7ce6300704 has been successfully formatted.
2019-09-25 11:00:07,282 [pool-77-thread-1] INFO  ratis.ContainerStateMachine (ContainerStateMachine.java:loadSnapshot(230)) - group-FD7CE6300704: The snapshot info is null. Setting the last applied indexto:(t:0, i:~)
2019-09-25 11:00:07,282 [pool-77-thread-1] INFO  server.RaftServerConfigKeys (ConfUtils.java:logGet(43)) - raft.server.notification.no-leader.timeout = 120s (custom)
2019-09-25 11:00:07,282 [pool-77-thread-1] INFO  server.RaftServerConfigKeys (ConfUtils.java:logGet(43)) - raft.server.log.use.memory = false (default)
2019-09-25 11:00:07,282 [pool-77-thread-1] INFO  server.RaftServerConfigKeys (ConfUtils.java:logGet(43)) - raft.server.log.purge.gap = 1000000 (custom)
2019-09-25 11:00:07,282 [pool-77-thread-1] INFO  server.RaftServerConfigKeys (ConfUtils.java:logGet(43)) - raft.server.log.appender.buffer.byte-limit = 33554432 (custom)
2019-09-25 11:00:07,282 [pool-77-thread-1] INFO  server.RaftServerConfigKeys (ConfUtils.java:logGet(43)) - raft.server.log.segment.size.max = 1048576 (custom)
2019-09-25 11:00:07,283 [pool-77-thread-1] INFO  server.RaftServerConfigKeys (ConfUtils.java:logGet(43)) - raft.server.log.segment.cache.num.max = 2 (custom)
2019-09-25 11:00:07,283 [pool-77-thread-1] INFO  segmented.SegmentedRaftLogWorker (SegmentedRaftLogWorker.java:<init>(172)) - new 87c8d9bf-e5fd-4c93-82d7-07f29d18cd92@group-FD7CE6300704-SegmentedRaftLogWorker for RaftStorage:Storage Directory /workdir/hadoop-ozone/integration-test/target/test-dir/MiniOzoneClusterImpl-cb8ecd13-95cc-47fe-8445-93be882af5d4/datanode-5/data/ratis/815eb512-737d-488f-b667-fd7ce6300704
2019-09-25 11:00:07,283 [pool-77-thread-1] INFO  server.RaftServerConfigKeys (ConfUtils.java:logGet(43)) - raft.server.log.queue.byte-limit = 2147483647 (custom)
2019-09-25 11:00:07,283 [pool-77-thread-1] INFO  server.RaftServerConfigKeys (ConfUtils.java:logGet(43)) - raft.server.log.queue.element-limit = 1024 (custom)
2019-09-25 11:00:07,283 [pool-77-thread-1] INFO  server.RaftServerConfigKeys (ConfUtils.java:logGet(43)) - raft.server.log.segment.size.max = 1048576 (custom)
2019-09-25 11:00:07,283 [pool-77-thread-1] INFO  server.RaftServerConfigKeys (ConfUtils.java:logGet(43)) - raft.server.log.preallocated.size = 16384 (custom)
2019-09-25 11:00:07,283 [pool-77-thread-1] INFO  server.RaftServerConfigKeys (ConfUtils.java:logGet(43)) - raft.server.log.write.buffer.size = 33554432 (custom)
2019-09-25 11:00:07,283 [pool-77-thread-1] INFO  server.RaftServerConfigKeys (ConfUtils.java:logGet(43)) - raft.server.log.force.sync.num = 128 (default)
2019-09-25 11:00:07,284 [pool-77-thread-1] INFO  server.RaftServerConfigKeys (ConfUtils.java:logGet(43)) - raft.server.log.statemachine.data.sync = true (default)
2019-09-25 11:00:07,284 [pool-77-thread-1] INFO  server.RaftServerConfigKeys (ConfUtils.java:logGet(43)) - raft.server.log.statemachine.data.sync.timeout = 10s (default)
2019-09-25 11:00:07,284 [pool-77-thread-1] INFO  server.RaftServerConfigKeys (ConfUtils.java:logGet(43)) - raft.server.log.statemachine.data.sync.timeout.retry = -1 (default)
2019-09-25 11:00:07,284 [pool-77-thread-1] INFO  server.RaftServerConfigKeys (ConfUtils.java:logGet(43)) - raft.server.log.statemachine.data.caching.enabled = true (custom)
2019-09-25 11:00:07,284 [pool-77-thread-1] INFO  segmented.SegmentedRaftLogWorker (SegmentedRaftLogWorker.java:lambda$new$0(132)) - 87c8d9bf-e5fd-4c93-82d7-07f29d18cd92@group-FD7CE6300704-SegmentedRaftLogWorker: flushIndex: setUnconditionally 0 -> -1
2019-09-25 11:00:07,284 [pool-77-thread-1] INFO  server.RaftServerConfigKeys (ConfUtils.java:logGet(43)) - raft.server.snapshot.auto.trigger.enabled = true (custom)
2019-09-25 11:00:07,285 [pool-77-thread-1] INFO  server.RaftServerConfigKeys (ConfUtils.java:logGet(43)) - raft.server.snapshot.auto.trigger.threshold = 10000 (custom)
2019-09-25 11:00:07,285 [pool-77-thread-1] INFO  server.RaftServerConfigKeys (ConfUtils.java:logGet(43)) - raft.server.snapshot.retention.num.files = 5 (custom)
2019-09-25 11:00:07,285 [pool-77-thread-1] INFO  server.RaftServerConfigKeys (ConfUtils.java:logGet(43)) - raft.server.retrycache.expirytime = 600000ms (custom)
2019-09-25 11:00:07,287 [pool-77-thread-1] INFO  impl.RaftServerImpl (RaftServerImpl.java:start(185)) - 87c8d9bf-e5fd-4c93-82d7-07f29d18cd92@group-FD7CE6300704: start as a follower, conf=-1: [87c8d9bf-e5fd-4c93-82d7-07f29d18cd92:192.168.30.6:45400], old=null
2019-09-25 11:00:07,287 [pool-77-thread-1] INFO  impl.RaftServerImpl (RaftServerImpl.java:setRole(174)) - 87c8d9bf-e5fd-4c93-82d7-07f29d18cd92@group-FD7CE6300704: changes role from      null to FOLLOWER at term 0 for startAsFollower
2019-09-25 11:00:07,287 [pool-77-thread-1] INFO  impl.RoleInfo (RoleInfo.java:updateAndGet(143)) - 87c8d9bf-e5fd-4c93-82d7-07f29d18cd92: start FollowerState
2019-09-25 11:00:07,287 [pool-77-thread-1] INFO  util.JmxRegister (JmxRegister.java:tryRegister(44)) - Successfully registered JMX Bean with object name Ratis:service=RaftServer,group=group-FD7CE6300704,id=87c8d9bf-e5fd-4c93-82d7-07f29d18cd92
2019-09-25 11:00:07,298 [RatisPipelineUtilsThread] INFO  pipeline.PipelineStateManager (PipelineStateManager.java:addPipeline(56)) - Created pipeline Pipeline[ Id: 815eb512-737d-488f-b667-fd7ce6300704, Nodes: 87c8d9bf-e5fd-4c93-82d7-07f29d18cd92{ip: 192.168.30.6, host: pr-hdds-1569-5gmkr-4255264070, networkLocation: /default-rack, certSerialId: null}, Type:RATIS, Factor:ONE, State:OPEN]
2019-09-25 11:00:07,640 [grpc-default-executor-0] INFO  impl.RaftServerProxy (RaftServerProxy.java:addNew(89)) - 642f0824-8397-42da-9ac4-13d7260e7e2f: addNew group-B89217195BC3:[642f0824-8397-42da-9ac4-13d7260e7e2f:192.168.30.6:44587] returns group-B89217195BC3:java.util.concurrent.CompletableFuture@2ba28d57[Not completed]
2019-09-25 11:00:07,641 [pool-67-thread-1] INFO  impl.RaftServerImpl (RaftServerImpl.java:<init>(95)) - 642f0824-8397-42da-9ac4-13d7260e7e2f: new RaftServerImpl for group-B89217195BC3:[642f0824-8397-42da-9ac4-13d7260e7e2f:192.168.30.6:44587] with ContainerStateMachine:uninitialized
2019-09-25 11:00:07,642 [pool-67-thread-1] INFO  server.RaftServerConfigKeys (ConfUtils.java:logGet(43)) - raft.server.rpc.timeout.min = 5s (custom)
2019-09-25 11:00:07,642 [pool-67-thread-1] INFO  server.RaftServerConfigKeys (ConfUtils.java:logGet(43)) - raft.server.rpc.timeout.max = 5200ms (custom)
2019-09-25 11:00:07,642 [pool-67-thread-1] INFO  server.RaftServerConfigKeys (ConfUtils.java:logGet(43)) - raft.server.rpcslowness.timeout = 120s (custom)
2019-09-25 11:00:07,643 [pool-67-thread-1] INFO  server.RaftServerConfigKeys (ConfUtils.java:logGet(43)) - raft.server.sleep.deviation.threshold = 300 (default)
2019-09-25 11:00:07,643 [pool-67-thread-1] INFO  server.RaftServerConfigKeys (ConfUtils.java:logGet(43)) - raft.server.log.appender.install.snapshot.enabled = false (custom)
2019-09-25 11:00:07,643 [pool-67-thread-1] INFO  impl.RaftServerImpl (ServerState.java:<init>(103)) - 642f0824-8397-42da-9ac4-13d7260e7e2f@group-B89217195BC3: ConfigurationManager, init=-1: [642f0824-8397-42da-9ac4-13d7260e7e2f:192.168.30.6:44587], old=null, confs=<EMPTY_MAP>
2019-09-25 11:00:07,643 [pool-67-thread-1] INFO  server.RaftServerConfigKeys (ConfUtils.java:logGet(43)) - raft.server.storage.dir = [/workdir/hadoop-ozone/integration-test/target/test-dir/MiniOzoneClusterImpl-cb8ecd13-95cc-47fe-8445-93be882af5d4/datanode-4/data/ratis] (custom)
2019-09-25 11:00:07,644 [pool-67-thread-1] INFO  storage.RaftStorageDirectory (RaftStorageDirectory.java:analyzeStorage(246)) - The storage directory /workdir/hadoop-ozone/integration-test/target/test-dir/MiniOzoneClusterImpl-cb8ecd13-95cc-47fe-8445-93be882af5d4/datanode-4/data/ratis/e830b8b1-2f84-4745-bc51-b89217195bc3 does not exist. Creating ...
2019-09-25 11:00:07,664 [pool-67-thread-1] INFO  storage.RaftStorageDirectory (RaftStorageDirectory.java:tryLock(328)) - Lock on /workdir/hadoop-ozone/integration-test/target/test-dir/MiniOzoneClusterImpl-cb8ecd13-95cc-47fe-8445-93be882af5d4/datanode-4/data/ratis/e830b8b1-2f84-4745-bc51-b89217195bc3/in_use.lock acquired by nodename 21763@pr-hdds-1569-5gmkr-4255264070
2019-09-25 11:00:07,709 [pool-67-thread-1] INFO  storage.RaftStorage (RaftStorage.java:format(72)) - Storage directory /workdir/hadoop-ozone/integration-test/target/test-dir/MiniOzoneClusterImpl-cb8ecd13-95cc-47fe-8445-93be882af5d4/datanode-4/data/ratis/e830b8b1-2f84-4745-bc51-b89217195bc3 has been successfully formatted.
2019-09-25 11:00:07,710 [pool-67-thread-1] INFO  ratis.ContainerStateMachine (ContainerStateMachine.java:loadSnapshot(230)) - group-B89217195BC3: The snapshot info is null. Setting the last applied indexto:(t:0, i:~)
2019-09-25 11:00:07,710 [pool-67-thread-1] INFO  server.RaftServerConfigKeys (ConfUtils.java:logGet(43)) - raft.server.notification.no-leader.timeout = 120s (custom)
2019-09-25 11:00:07,710 [pool-67-thread-1] INFO  server.RaftServerConfigKeys (ConfUtils.java:logGet(43)) - raft.server.log.use.memory = false (default)
2019-09-25 11:00:07,710 [pool-67-thread-1] INFO  server.RaftServerConfigKeys (ConfUtils.java:logGet(43)) - raft.server.log.purge.gap = 1000000 (custom)
2019-09-25 11:00:07,710 [pool-67-thread-1] INFO  server.RaftServerConfigKeys (ConfUtils.java:logGet(43)) - raft.server.log.appender.buffer.byte-limit = 33554432 (custom)
2019-09-25 11:00:07,710 [pool-67-thread-1] INFO  server.RaftServerConfigKeys (ConfUtils.java:logGet(43)) - raft.server.log.segment.size.max = 1048576 (custom)
2019-09-25 11:00:07,710 [pool-67-thread-1] INFO  server.RaftServerConfigKeys (ConfUtils.java:logGet(43)) - raft.server.log.segment.cache.num.max = 2 (custom)
2019-09-25 11:00:07,711 [pool-67-thread-1] INFO  segmented.SegmentedRaftLogWorker (SegmentedRaftLogWorker.java:<init>(172)) - new 642f0824-8397-42da-9ac4-13d7260e7e2f@group-B89217195BC3-SegmentedRaftLogWorker for RaftStorage:Storage Directory /workdir/hadoop-ozone/integration-test/target/test-dir/MiniOzoneClusterImpl-cb8ecd13-95cc-47fe-8445-93be882af5d4/datanode-4/data/ratis/e830b8b1-2f84-4745-bc51-b89217195bc3
2019-09-25 11:00:07,711 [pool-67-thread-1] INFO  server.RaftServerConfigKeys (ConfUtils.java:logGet(43)) - raft.server.log.queue.byte-limit = 2147483647 (custom)
2019-09-25 11:00:07,711 [pool-67-thread-1] INFO  server.RaftServerConfigKeys (ConfUtils.java:logGet(43)) - raft.server.log.queue.element-limit = 1024 (custom)
2019-09-25 11:00:07,711 [pool-67-thread-1] INFO  server.RaftServerConfigKeys (ConfUtils.java:logGet(43)) - raft.server.log.segment.size.max = 1048576 (custom)
2019-09-25 11:00:07,711 [pool-67-thread-1] INFO  server.RaftServerConfigKeys (ConfUtils.java:logGet(43)) - raft.server.log.preallocated.size = 16384 (custom)
2019-09-25 11:00:07,711 [pool-67-thread-1] INFO  server.RaftServerConfigKeys (ConfUtils.java:logGet(43)) - raft.server.log.write.buffer.size = 33554432 (custom)
2019-09-25 11:00:07,711 [pool-67-thread-1] INFO  server.RaftServerConfigKeys (ConfUtils.java:logGet(43)) - raft.server.log.force.sync.num = 128 (default)
2019-09-25 11:00:07,711 [pool-67-thread-1] INFO  server.RaftServerConfigKeys (ConfUtils.java:logGet(43)) - raft.server.log.statemachine.data.sync = true (default)
2019-09-25 11:00:07,711 [pool-67-thread-1] INFO  server.RaftServerConfigKeys (ConfUtils.java:logGet(43)) - raft.server.log.statemachine.data.sync.timeout = 10s (default)
2019-09-25 11:00:07,712 [pool-67-thread-1] INFO  server.RaftServerConfigKeys (ConfUtils.java:logGet(43)) - raft.server.log.statemachine.data.sync.timeout.retry = -1 (default)
2019-09-25 11:00:07,712 [pool-67-thread-1] INFO  server.RaftServerConfigKeys (ConfUtils.java:logGet(43)) - raft.server.log.statemachine.data.caching.enabled = true (custom)
2019-09-25 11:00:07,712 [pool-67-thread-1] INFO  segmented.SegmentedRaftLogWorker (SegmentedRaftLogWorker.java:lambda$new$0(132)) - 642f0824-8397-42da-9ac4-13d7260e7e2f@group-B89217195BC3-SegmentedRaftLogWorker: flushIndex: setUnconditionally 0 -> -1
2019-09-25 11:00:07,712 [pool-67-thread-1] INFO  server.RaftServerConfigKeys (ConfUtils.java:logGet(43)) - raft.server.snapshot.auto.trigger.enabled = true (custom)
2019-09-25 11:00:07,713 [pool-67-thread-1] INFO  server.RaftServerConfigKeys (ConfUtils.java:logGet(43)) - raft.server.snapshot.auto.trigger.threshold = 10000 (custom)
2019-09-25 11:00:07,713 [pool-67-thread-1] INFO  server.RaftServerConfigKeys (ConfUtils.java:logGet(43)) - raft.server.snapshot.retention.num.files = 5 (custom)
2019-09-25 11:00:07,713 [pool-67-thread-1] INFO  server.RaftServerConfigKeys (ConfUtils.java:logGet(43)) - raft.server.retrycache.expirytime = 600000ms (custom)
2019-09-25 11:00:07,715 [pool-67-thread-1] INFO  impl.RaftServerImpl (RaftServerImpl.java:start(185)) - 642f0824-8397-42da-9ac4-13d7260e7e2f@group-B89217195BC3: start as a follower, conf=-1: [642f0824-8397-42da-9ac4-13d7260e7e2f:192.168.30.6:44587], old=null
2019-09-25 11:00:07,715 [pool-67-thread-1] INFO  impl.RaftServerImpl (RaftServerImpl.java:setRole(174)) - 642f0824-8397-42da-9ac4-13d7260e7e2f@group-B89217195BC3: changes role from      null to FOLLOWER at term 0 for startAsFollower
2019-09-25 11:00:07,716 [pool-67-thread-1] INFO  impl.RoleInfo (RoleInfo.java:updateAndGet(143)) - 642f0824-8397-42da-9ac4-13d7260e7e2f: start FollowerState
2019-09-25 11:00:07,716 [pool-67-thread-1] INFO  util.JmxRegister (JmxRegister.java:tryRegister(44)) - Successfully registered JMX Bean with object name Ratis:service=RaftServer,group=group-B89217195BC3,id=642f0824-8397-42da-9ac4-13d7260e7e2f
2019-09-25 11:00:07,722 [RatisPipelineUtilsThread] INFO  pipeline.PipelineStateManager (PipelineStateManager.java:addPipeline(56)) - Created pipeline Pipeline[ Id: e830b8b1-2f84-4745-bc51-b89217195bc3, Nodes: 642f0824-8397-42da-9ac4-13d7260e7e2f{ip: 192.168.30.6, host: pr-hdds-1569-5gmkr-4255264070, networkLocation: /default-rack, certSerialId: null}, Type:RATIS, Factor:ONE, State:OPEN]
2019-09-25 11:00:07,735 [grpc-default-executor-0] INFO  impl.RaftServerProxy (RaftServerProxy.java:addNew(89)) - 5f9a0e92-828f-4406-8370-fc24211be18d: addNew group-29D9BAE4E7EC:[5f9a0e92-828f-4406-8370-fc24211be18d:192.168.30.6:38144] returns group-29D9BAE4E7EC:java.util.concurrent.CompletableFuture@44b15503[Not completed]
2019-09-25 11:00:07,743 [pool-57-thread-1] INFO  impl.RaftServerImpl (RaftServerImpl.java:<init>(95)) - 5f9a0e92-828f-4406-8370-fc24211be18d: new RaftServerImpl for group-29D9BAE4E7EC:[5f9a0e92-828f-4406-8370-fc24211be18d:192.168.30.6:38144] with ContainerStateMachine:uninitialized
2019-09-25 11:00:07,744 [pool-57-thread-1] INFO  server.RaftServerConfigKeys (ConfUtils.java:logGet(43)) - raft.server.rpc.timeout.min = 5s (custom)
2019-09-25 11:00:07,744 [pool-57-thread-1] INFO  server.RaftServerConfigKeys (ConfUtils.java:logGet(43)) - raft.server.rpc.timeout.max = 5200ms (custom)
2019-09-25 11:00:07,744 [pool-57-thread-1] INFO  server.RaftServerConfigKeys (ConfUtils.java:logGet(43)) - raft.server.rpcslowness.timeout = 120s (custom)
2019-09-25 11:00:07,744 [pool-57-thread-1] INFO  server.RaftServerConfigKeys (ConfUtils.java:logGet(43)) - raft.server.sleep.deviation.threshold = 300 (default)
2019-09-25 11:00:07,744 [pool-57-thread-1] INFO  server.RaftServerConfigKeys (ConfUtils.java:logGet(43)) - raft.server.log.appender.install.snapshot.enabled = false (custom)
2019-09-25 11:00:07,744 [pool-57-thread-1] INFO  impl.RaftServerImpl (ServerState.java:<init>(103)) - 5f9a0e92-828f-4406-8370-fc24211be18d@group-29D9BAE4E7EC: ConfigurationManager, init=-1: [5f9a0e92-828f-4406-8370-fc24211be18d:192.168.30.6:38144], old=null, confs=<EMPTY_MAP>
2019-09-25 11:00:07,744 [pool-57-thread-1] INFO  server.RaftServerConfigKeys (ConfUtils.java:logGet(43)) - raft.server.storage.dir = [/workdir/hadoop-ozone/integration-test/target/test-dir/MiniOzoneClusterImpl-cb8ecd13-95cc-47fe-8445-93be882af5d4/datanode-3/data/ratis] (custom)
2019-09-25 11:00:07,745 [pool-57-thread-1] INFO  storage.RaftStorageDirectory (RaftStorageDirectory.java:analyzeStorage(246)) - The storage directory /workdir/hadoop-ozone/integration-test/target/test-dir/MiniOzoneClusterImpl-cb8ecd13-95cc-47fe-8445-93be882af5d4/datanode-3/data/ratis/b3fc396c-c22c-4e4c-b490-29d9bae4e7ec does not exist. Creating ...
2019-09-25 11:00:07,758 [pool-57-thread-1] INFO  storage.RaftStorageDirectory (RaftStorageDirectory.java:tryLock(328)) - Lock on /workdir/hadoop-ozone/integration-test/target/test-dir/MiniOzoneClusterImpl-cb8ecd13-95cc-47fe-8445-93be882af5d4/datanode-3/data/ratis/b3fc396c-c22c-4e4c-b490-29d9bae4e7ec/in_use.lock acquired by nodename 21763@pr-hdds-1569-5gmkr-4255264070
2019-09-25 11:00:07,771 [pool-57-thread-1] INFO  storage.RaftStorage (RaftStorage.java:format(72)) - Storage directory /workdir/hadoop-ozone/integration-test/target/test-dir/MiniOzoneClusterImpl-cb8ecd13-95cc-47fe-8445-93be882af5d4/datanode-3/data/ratis/b3fc396c-c22c-4e4c-b490-29d9bae4e7ec has been successfully formatted.
2019-09-25 11:00:07,771 [pool-57-thread-1] INFO  ratis.ContainerStateMachine (ContainerStateMachine.java:loadSnapshot(230)) - group-29D9BAE4E7EC: The snapshot info is null. Setting the last applied indexto:(t:0, i:~)
2019-09-25 11:00:07,772 [pool-57-thread-1] INFO  server.RaftServerConfigKeys (ConfUtils.java:logGet(43)) - raft.server.notification.no-leader.timeout = 120s (custom)
2019-09-25 11:00:07,772 [pool-57-thread-1] INFO  server.RaftServerConfigKeys (ConfUtils.java:logGet(43)) - raft.server.log.use.memory = false (default)
2019-09-25 11:00:07,772 [pool-57-thread-1] INFO  server.RaftServerConfigKeys (ConfUtils.java:logGet(43)) - raft.server.log.purge.gap = 1000000 (custom)
2019-09-25 11:00:07,772 [pool-57-thread-1] INFO  server.RaftServerConfigKeys (ConfUtils.java:logGet(43)) - raft.server.log.appender.buffer.byte-limit = 33554432 (custom)
2019-09-25 11:00:07,772 [pool-57-thread-1] INFO  server.RaftServerConfigKeys (ConfUtils.java:logGet(43)) - raft.server.log.segment.size.max = 1048576 (custom)
2019-09-25 11:00:07,772 [pool-57-thread-1] INFO  server.RaftServerConfigKeys (ConfUtils.java:logGet(43)) - raft.server.log.segment.cache.num.max = 2 (custom)
2019-09-25 11:00:07,772 [pool-57-thread-1] INFO  segmented.SegmentedRaftLogWorker (SegmentedRaftLogWorker.java:<init>(172)) - new 5f9a0e92-828f-4406-8370-fc24211be18d@group-29D9BAE4E7EC-SegmentedRaftLogWorker for RaftStorage:Storage Directory /workdir/hadoop-ozone/integration-test/target/test-dir/MiniOzoneClusterImpl-cb8ecd13-95cc-47fe-8445-93be882af5d4/datanode-3/data/ratis/b3fc396c-c22c-4e4c-b490-29d9bae4e7ec
2019-09-25 11:00:07,772 [pool-57-thread-1] INFO  server.RaftServerConfigKeys (ConfUtils.java:logGet(43)) - raft.server.log.queue.byte-limit = 2147483647 (custom)
2019-09-25 11:00:07,772 [pool-57-thread-1] INFO  server.RaftServerConfigKeys (ConfUtils.java:logGet(43)) - raft.server.log.queue.element-limit = 1024 (custom)
2019-09-25 11:00:07,773 [pool-57-thread-1] INFO  server.RaftServerConfigKeys (ConfUtils.java:logGet(43)) - raft.server.log.segment.size.max = 1048576 (custom)
2019-09-25 11:00:07,773 [pool-57-thread-1] INFO  server.RaftServerConfigKeys (ConfUtils.java:logGet(43)) - raft.server.log.preallocated.size = 16384 (custom)
2019-09-25 11:00:07,773 [pool-57-thread-1] INFO  server.RaftServerConfigKeys (ConfUtils.java:logGet(43)) - raft.server.log.write.buffer.size = 33554432 (custom)
2019-09-25 11:00:07,773 [pool-57-thread-1] INFO  server.RaftServerConfigKeys (ConfUtils.java:logGet(43)) - raft.server.log.force.sync.num = 128 (default)
2019-09-25 11:00:07,773 [pool-57-thread-1] INFO  server.RaftServerConfigKeys (ConfUtils.java:logGet(43)) - raft.server.log.statemachine.data.sync = true (default)
2019-09-25 11:00:07,773 [pool-57-thread-1] INFO  server.RaftServerConfigKeys (ConfUtils.java:logGet(43)) - raft.server.log.statemachine.data.sync.timeout = 10s (default)
2019-09-25 11:00:07,773 [pool-57-thread-1] INFO  server.RaftServerConfigKeys (ConfUtils.java:logGet(43)) - raft.server.log.statemachine.data.sync.timeout.retry = -1 (default)
2019-09-25 11:00:07,776 [pool-57-thread-1] INFO  server.RaftServerConfigKeys (ConfUtils.java:logGet(43)) - raft.server.log.statemachine.data.caching.enabled = true (custom)
2019-09-25 11:00:07,777 [pool-57-thread-1] INFO  segmented.SegmentedRaftLogWorker (SegmentedRaftLogWorker.java:lambda$new$0(132)) - 5f9a0e92-828f-4406-8370-fc24211be18d@group-29D9BAE4E7EC-SegmentedRaftLogWorker: flushIndex: setUnconditionally 0 -> -1
2019-09-25 11:00:07,777 [pool-57-thread-1] INFO  server.RaftServerConfigKeys (ConfUtils.java:logGet(43)) - raft.server.snapshot.auto.trigger.enabled = true (custom)
2019-09-25 11:00:07,777 [pool-57-thread-1] INFO  server.RaftServerConfigKeys (ConfUtils.java:logGet(43)) - raft.server.snapshot.auto.trigger.threshold = 10000 (custom)
2019-09-25 11:00:07,777 [pool-57-thread-1] INFO  server.RaftServerConfigKeys (ConfUtils.java:logGet(43)) - raft.server.snapshot.retention.num.files = 5 (custom)
2019-09-25 11:00:07,777 [pool-57-thread-1] INFO  server.RaftServerConfigKeys (ConfUtils.java:logGet(43)) - raft.server.retrycache.expirytime = 600000ms (custom)
2019-09-25 11:00:07,780 [pool-57-thread-1] INFO  impl.RaftServerImpl (RaftServerImpl.java:start(185)) - 5f9a0e92-828f-4406-8370-fc24211be18d@group-29D9BAE4E7EC: start as a follower, conf=-1: [5f9a0e92-828f-4406-8370-fc24211be18d:192.168.30.6:38144], old=null
2019-09-25 11:00:07,780 [pool-57-thread-1] INFO  impl.RaftServerImpl (RaftServerImpl.java:setRole(174)) - 5f9a0e92-828f-4406-8370-fc24211be18d@group-29D9BAE4E7EC: changes role from      null to FOLLOWER at term 0 for startAsFollower
2019-09-25 11:00:07,780 [pool-57-thread-1] INFO  impl.RoleInfo (RoleInfo.java:updateAndGet(143)) - 5f9a0e92-828f-4406-8370-fc24211be18d: start FollowerState
2019-09-25 11:00:07,780 [pool-57-thread-1] INFO  util.JmxRegister (JmxRegister.java:tryRegister(44)) - Successfully registered JMX Bean with object name Ratis:service=RaftServer,group=group-29D9BAE4E7EC,id=5f9a0e92-828f-4406-8370-fc24211be18d
2019-09-25 11:00:07,787 [RatisPipelineUtilsThread] INFO  pipeline.PipelineStateManager (PipelineStateManager.java:addPipeline(56)) - Created pipeline Pipeline[ Id: b3fc396c-c22c-4e4c-b490-29d9bae4e7ec, Nodes: 5f9a0e92-828f-4406-8370-fc24211be18d{ip: 192.168.30.6, host: pr-hdds-1569-5gmkr-4255264070, networkLocation: /default-rack, certSerialId: null}, Type:RATIS, Factor:ONE, State:OPEN]
2019-09-25 11:00:07,798 [grpc-default-executor-0] INFO  impl.RaftServerProxy (RaftServerProxy.java:addNew(89)) - 87c8d9bf-e5fd-4c93-82d7-07f29d18cd92: addNew group-77526F9E3ECC:[87c8d9bf-e5fd-4c93-82d7-07f29d18cd92:192.168.30.6:45400] returns group-77526F9E3ECC:java.util.concurrent.CompletableFuture@525cd677[Not completed]
2019-09-25 11:00:07,799 [pool-77-thread-1] INFO  impl.RaftServerImpl (RaftServerImpl.java:<init>(95)) - 87c8d9bf-e5fd-4c93-82d7-07f29d18cd92: new RaftServerImpl for group-77526F9E3ECC:[87c8d9bf-e5fd-4c93-82d7-07f29d18cd92:192.168.30.6:45400] with ContainerStateMachine:uninitialized
2019-09-25 11:00:07,800 [pool-77-thread-1] INFO  server.RaftServerConfigKeys (ConfUtils.java:logGet(43)) - raft.server.rpc.timeout.min = 5s (custom)
2019-09-25 11:00:07,800 [pool-77-thread-1] INFO  server.RaftServerConfigKeys (ConfUtils.java:logGet(43)) - raft.server.rpc.timeout.max = 5200ms (custom)
2019-09-25 11:00:07,800 [pool-77-thread-1] INFO  server.RaftServerConfigKeys (ConfUtils.java:logGet(43)) - raft.server.rpcslowness.timeout = 120s (custom)
2019-09-25 11:00:07,800 [pool-77-thread-1] INFO  server.RaftServerConfigKeys (ConfUtils.java:logGet(43)) - raft.server.sleep.deviation.threshold = 300 (default)
2019-09-25 11:00:07,800 [pool-77-thread-1] INFO  server.RaftServerConfigKeys (ConfUtils.java:logGet(43)) - raft.server.log.appender.install.snapshot.enabled = false (custom)
2019-09-25 11:00:07,800 [pool-77-thread-1] INFO  impl.RaftServerImpl (ServerState.java:<init>(103)) - 87c8d9bf-e5fd-4c93-82d7-07f29d18cd92@group-77526F9E3ECC: ConfigurationManager, init=-1: [87c8d9bf-e5fd-4c93-82d7-07f29d18cd92:192.168.30.6:45400], old=null, confs=<EMPTY_MAP>
2019-09-25 11:00:07,800 [pool-77-thread-1] INFO  server.RaftServerConfigKeys (ConfUtils.java:logGet(43)) - raft.server.storage.dir = [/workdir/hadoop-ozone/integration-test/target/test-dir/MiniOzoneClusterImpl-cb8ecd13-95cc-47fe-8445-93be882af5d4/datanode-5/data/ratis] (custom)
2019-09-25 11:00:07,800 [pool-77-thread-1] INFO  storage.RaftStorageDirectory (RaftStorageDirectory.java:analyzeStorage(246)) - The storage directory /workdir/hadoop-ozone/integration-test/target/test-dir/MiniOzoneClusterImpl-cb8ecd13-95cc-47fe-8445-93be882af5d4/datanode-5/data/ratis/f89dfd84-2a38-4b45-9519-77526f9e3ecc does not exist. Creating ...
2019-09-25 11:00:07,813 [pool-77-thread-1] INFO  storage.RaftStorageDirectory (RaftStorageDirectory.java:tryLock(328)) - Lock on /workdir/hadoop-ozone/integration-test/target/test-dir/MiniOzoneClusterImpl-cb8ecd13-95cc-47fe-8445-93be882af5d4/datanode-5/data/ratis/f89dfd84-2a38-4b45-9519-77526f9e3ecc/in_use.lock acquired by nodename 21763@pr-hdds-1569-5gmkr-4255264070
2019-09-25 11:00:07,826 [pool-77-thread-1] INFO  storage.RaftStorage (RaftStorage.java:format(72)) - Storage directory /workdir/hadoop-ozone/integration-test/target/test-dir/MiniOzoneClusterImpl-cb8ecd13-95cc-47fe-8445-93be882af5d4/datanode-5/data/ratis/f89dfd84-2a38-4b45-9519-77526f9e3ecc has been successfully formatted.
2019-09-25 11:00:07,827 [pool-77-thread-1] INFO  ratis.ContainerStateMachine (ContainerStateMachine.java:loadSnapshot(230)) - group-77526F9E3ECC: The snapshot info is null. Setting the last applied indexto:(t:0, i:~)
2019-09-25 11:00:07,827 [pool-77-thread-1] INFO  server.RaftServerConfigKeys (ConfUtils.java:logGet(43)) - raft.server.notification.no-leader.timeout = 120s (custom)
2019-09-25 11:00:07,827 [pool-77-thread-1] INFO  server.RaftServerConfigKeys (ConfUtils.java:logGet(43)) - raft.server.log.use.memory = false (default)
2019-09-25 11:00:07,827 [pool-77-thread-1] INFO  server.RaftServerConfigKeys (ConfUtils.java:logGet(43)) - raft.server.log.purge.gap = 1000000 (custom)
2019-09-25 11:00:07,827 [pool-77-thread-1] INFO  server.RaftServerConfigKeys (ConfUtils.java:logGet(43)) - raft.server.log.appender.buffer.byte-limit = 33554432 (custom)
2019-09-25 11:00:07,827 [pool-77-thread-1] INFO  server.RaftServerConfigKeys (ConfUtils.java:logGet(43)) - raft.server.log.segment.size.max = 1048576 (custom)
2019-09-25 11:00:07,827 [pool-77-thread-1] INFO  server.RaftServerConfigKeys (ConfUtils.java:logGet(43)) - raft.server.log.segment.cache.num.max = 2 (custom)
2019-09-25 11:00:07,828 [pool-77-thread-1] INFO  segmented.SegmentedRaftLogWorker (SegmentedRaftLogWorker.java:<init>(172)) - new 87c8d9bf-e5fd-4c93-82d7-07f29d18cd92@group-77526F9E3ECC-SegmentedRaftLogWorker for RaftStorage:Storage Directory /workdir/hadoop-ozone/integration-test/target/test-dir/MiniOzoneClusterImpl-cb8ecd13-95cc-47fe-8445-93be882af5d4/datanode-5/data/ratis/f89dfd84-2a38-4b45-9519-77526f9e3ecc
2019-09-25 11:00:07,828 [pool-77-thread-1] INFO  server.RaftServerConfigKeys (ConfUtils.java:logGet(43)) - raft.server.log.queue.byte-limit = 2147483647 (custom)
2019-09-25 11:00:07,828 [pool-77-thread-1] INFO  server.RaftServerConfigKeys (ConfUtils.java:logGet(43)) - raft.server.log.queue.element-limit = 1024 (custom)
2019-09-25 11:00:07,828 [pool-77-thread-1] INFO  server.RaftServerConfigKeys (ConfUtils.java:logGet(43)) - raft.server.log.segment.size.max = 1048576 (custom)
2019-09-25 11:00:07,828 [pool-77-thread-1] INFO  server.RaftServerConfigKeys (ConfUtils.java:logGet(43)) - raft.server.log.preallocated.size = 16384 (custom)
2019-09-25 11:00:07,828 [pool-77-thread-1] INFO  server.RaftServerConfigKeys (ConfUtils.java:logGet(43)) - raft.server.log.write.buffer.size = 33554432 (custom)
2019-09-25 11:00:07,828 [pool-77-thread-1] INFO  server.RaftServerConfigKeys (ConfUtils.java:logGet(43)) - raft.server.log.force.sync.num = 128 (default)
2019-09-25 11:00:07,828 [pool-77-thread-1] INFO  server.RaftServerConfigKeys (ConfUtils.java:logGet(43)) - raft.server.log.statemachine.data.sync = true (default)
2019-09-25 11:00:07,828 [pool-77-thread-1] INFO  server.RaftServerConfigKeys (ConfUtils.java:logGet(43)) - raft.server.log.statemachine.data.sync.timeout = 10s (default)
2019-09-25 11:00:07,829 [pool-77-thread-1] INFO  server.RaftServerConfigKeys (ConfUtils.java:logGet(43)) - raft.server.log.statemachine.data.sync.timeout.retry = -1 (default)
2019-09-25 11:00:07,829 [pool-77-thread-1] INFO  server.RaftServerConfigKeys (ConfUtils.java:logGet(43)) - raft.server.log.statemachine.data.caching.enabled = true (custom)
2019-09-25 11:00:07,829 [pool-77-thread-1] INFO  segmented.SegmentedRaftLogWorker (SegmentedRaftLogWorker.java:lambda$new$0(132)) - 87c8d9bf-e5fd-4c93-82d7-07f29d18cd92@group-77526F9E3ECC-SegmentedRaftLogWorker: flushIndex: setUnconditionally 0 -> -1
2019-09-25 11:00:07,829 [pool-77-thread-1] INFO  server.RaftServerConfigKeys (ConfUtils.java:logGet(43)) - raft.server.snapshot.auto.trigger.enabled = true (custom)
2019-09-25 11:00:07,829 [pool-77-thread-1] INFO  server.RaftServerConfigKeys (ConfUtils.java:logGet(43)) - raft.server.snapshot.auto.trigger.threshold = 10000 (custom)
2019-09-25 11:00:07,829 [pool-77-thread-1] INFO  server.RaftServerConfigKeys (ConfUtils.java:logGet(43)) - raft.server.snapshot.retention.num.files = 5 (custom)
2019-09-25 11:00:07,830 [pool-77-thread-1] INFO  server.RaftServerConfigKeys (ConfUtils.java:logGet(43)) - raft.server.retrycache.expirytime = 600000ms (custom)
2019-09-25 11:00:07,832 [pool-77-thread-1] INFO  impl.RaftServerImpl (RaftServerImpl.java:start(185)) - 87c8d9bf-e5fd-4c93-82d7-07f29d18cd92@group-77526F9E3ECC: start as a follower, conf=-1: [87c8d9bf-e5fd-4c93-82d7-07f29d18cd92:192.168.30.6:45400], old=null
2019-09-25 11:00:07,832 [pool-77-thread-1] INFO  impl.RaftServerImpl (RaftServerImpl.java:setRole(174)) - 87c8d9bf-e5fd-4c93-82d7-07f29d18cd92@group-77526F9E3ECC: changes role from      null to FOLLOWER at term 0 for startAsFollower
2019-09-25 11:00:07,832 [pool-77-thread-1] INFO  impl.RoleInfo (RoleInfo.java:updateAndGet(143)) - 87c8d9bf-e5fd-4c93-82d7-07f29d18cd92: start FollowerState
2019-09-25 11:00:07,832 [pool-77-thread-1] INFO  util.JmxRegister (JmxRegister.java:tryRegister(44)) - Successfully registered JMX Bean with object name Ratis:service=RaftServer,group=group-77526F9E3ECC,id=87c8d9bf-e5fd-4c93-82d7-07f29d18cd92
2019-09-25 11:00:07,838 [RatisPipelineUtilsThread] INFO  pipeline.PipelineStateManager (PipelineStateManager.java:addPipeline(56)) - Created pipeline Pipeline[ Id: f89dfd84-2a38-4b45-9519-77526f9e3ecc, Nodes: 87c8d9bf-e5fd-4c93-82d7-07f29d18cd92{ip: 192.168.30.6, host: pr-hdds-1569-5gmkr-4255264070, networkLocation: /default-rack, certSerialId: null}, Type:RATIS, Factor:ONE, State:OPEN]
2019-09-25 11:00:07,850 [grpc-default-executor-0] INFO  impl.RaftServerProxy (RaftServerProxy.java:addNew(89)) - 10236b5f-bff6-485e-aafa-3b26ea1d6574: addNew group-474418EEB874:[10236b5f-bff6-485e-aafa-3b26ea1d6574:192.168.30.6:44690] returns group-474418EEB874:java.util.concurrent.CompletableFuture@523b9a89[Not completed]
2019-09-25 11:00:07,853 [pool-87-thread-1] INFO  impl.RaftServerImpl (RaftServerImpl.java:<init>(95)) - 10236b5f-bff6-485e-aafa-3b26ea1d6574: new RaftServerImpl for group-474418EEB874:[10236b5f-bff6-485e-aafa-3b26ea1d6574:192.168.30.6:44690] with ContainerStateMachine:uninitialized
2019-09-25 11:00:07,853 [pool-87-thread-1] INFO  server.RaftServerConfigKeys (ConfUtils.java:logGet(43)) - raft.server.rpc.timeout.min = 5s (custom)
2019-09-25 11:00:07,853 [pool-87-thread-1] INFO  server.RaftServerConfigKeys (ConfUtils.java:logGet(43)) - raft.server.rpc.timeout.max = 5200ms (custom)
2019-09-25 11:00:07,854 [pool-87-thread-1] INFO  server.RaftServerConfigKeys (ConfUtils.java:logGet(43)) - raft.server.rpcslowness.timeout = 120s (custom)
2019-09-25 11:00:07,854 [pool-87-thread-1] INFO  server.RaftServerConfigKeys (ConfUtils.java:logGet(43)) - raft.server.sleep.deviation.threshold = 300 (default)
2019-09-25 11:00:07,854 [pool-87-thread-1] INFO  server.RaftServerConfigKeys (ConfUtils.java:logGet(43)) - raft.server.log.appender.install.snapshot.enabled = false (custom)
2019-09-25 11:00:07,854 [pool-87-thread-1] INFO  impl.RaftServerImpl (ServerState.java:<init>(103)) - 10236b5f-bff6-485e-aafa-3b26ea1d6574@group-474418EEB874: ConfigurationManager, init=-1: [10236b5f-bff6-485e-aafa-3b26ea1d6574:192.168.30.6:44690], old=null, confs=<EMPTY_MAP>
2019-09-25 11:00:07,855 [pool-87-thread-1] INFO  server.RaftServerConfigKeys (ConfUtils.java:logGet(43)) - raft.server.storage.dir = [/workdir/hadoop-ozone/integration-test/target/test-dir/MiniOzoneClusterImpl-cb8ecd13-95cc-47fe-8445-93be882af5d4/datanode-6/data/ratis] (custom)
2019-09-25 11:00:07,855 [pool-87-thread-1] INFO  storage.RaftStorageDirectory (RaftStorageDirectory.java:analyzeStorage(246)) - The storage directory /workdir/hadoop-ozone/integration-test/target/test-dir/MiniOzoneClusterImpl-cb8ecd13-95cc-47fe-8445-93be882af5d4/datanode-6/data/ratis/d345ec00-de1e-40ea-9caa-474418eeb874 does not exist. Creating ...
2019-09-25 11:00:07,869 [pool-87-thread-1] INFO  storage.RaftStorageDirectory (RaftStorageDirectory.java:tryLock(328)) - Lock on /workdir/hadoop-ozone/integration-test/target/test-dir/MiniOzoneClusterImpl-cb8ecd13-95cc-47fe-8445-93be882af5d4/datanode-6/data/ratis/d345ec00-de1e-40ea-9caa-474418eeb874/in_use.lock acquired by nodename 21763@pr-hdds-1569-5gmkr-4255264070
2019-09-25 11:00:07,890 [pool-87-thread-1] INFO  storage.RaftStorage (RaftStorage.java:format(72)) - Storage directory /workdir/hadoop-ozone/integration-test/target/test-dir/MiniOzoneClusterImpl-cb8ecd13-95cc-47fe-8445-93be882af5d4/datanode-6/data/ratis/d345ec00-de1e-40ea-9caa-474418eeb874 has been successfully formatted.
2019-09-25 11:00:07,890 [pool-87-thread-1] INFO  ratis.ContainerStateMachine (ContainerStateMachine.java:loadSnapshot(230)) - group-474418EEB874: The snapshot info is null. Setting the last applied indexto:(t:0, i:~)
2019-09-25 11:00:07,891 [pool-87-thread-1] INFO  server.RaftServerConfigKeys (ConfUtils.java:logGet(43)) - raft.server.notification.no-leader.timeout = 120s (custom)
2019-09-25 11:00:07,891 [pool-87-thread-1] INFO  server.RaftServerConfigKeys (ConfUtils.java:logGet(43)) - raft.server.log.use.memory = false (default)
2019-09-25 11:00:07,891 [pool-87-thread-1] INFO  server.RaftServerConfigKeys (ConfUtils.java:logGet(43)) - raft.server.log.purge.gap = 1000000 (custom)
2019-09-25 11:00:07,891 [pool-87-thread-1] INFO  server.RaftServerConfigKeys (ConfUtils.java:logGet(43)) - raft.server.log.appender.buffer.byte-limit = 33554432 (custom)
2019-09-25 11:00:07,892 [pool-87-thread-1] INFO  server.RaftServerConfigKeys (ConfUtils.java:logGet(43)) - raft.server.log.segment.size.max = 1048576 (custom)
2019-09-25 11:00:07,892 [pool-87-thread-1] INFO  server.RaftServerConfigKeys (ConfUtils.java:logGet(43)) - raft.server.log.segment.cache.num.max = 2 (custom)
2019-09-25 11:00:07,892 [pool-87-thread-1] INFO  segmented.SegmentedRaftLogWorker (SegmentedRaftLogWorker.java:<init>(172)) - new 10236b5f-bff6-485e-aafa-3b26ea1d6574@group-474418EEB874-SegmentedRaftLogWorker for RaftStorage:Storage Directory /workdir/hadoop-ozone/integration-test/target/test-dir/MiniOzoneClusterImpl-cb8ecd13-95cc-47fe-8445-93be882af5d4/datanode-6/data/ratis/d345ec00-de1e-40ea-9caa-474418eeb874
2019-09-25 11:00:07,892 [pool-87-thread-1] INFO  server.RaftServerConfigKeys (ConfUtils.java:logGet(43)) - raft.server.log.queue.byte-limit = 2147483647 (custom)
2019-09-25 11:00:07,893 [pool-87-thread-1] INFO  server.RaftServerConfigKeys (ConfUtils.java:logGet(43)) - raft.server.log.queue.element-limit = 1024 (custom)
2019-09-25 11:00:07,893 [pool-87-thread-1] INFO  server.RaftServerConfigKeys (ConfUtils.java:logGet(43)) - raft.server.log.segment.size.max = 1048576 (custom)
2019-09-25 11:00:07,893 [pool-87-thread-1] INFO  server.RaftServerConfigKeys (ConfUtils.java:logGet(43)) - raft.server.log.preallocated.size = 16384 (custom)
2019-09-25 11:00:07,902 [pool-87-thread-1] INFO  server.RaftServerConfigKeys (ConfUtils.java:logGet(43)) - raft.server.log.write.buffer.size = 33554432 (custom)
2019-09-25 11:00:07,902 [pool-87-thread-1] INFO  server.RaftServerConfigKeys (ConfUtils.java:logGet(43)) - raft.server.log.force.sync.num = 128 (default)
2019-09-25 11:00:07,903 [pool-87-thread-1] INFO  server.RaftServerConfigKeys (ConfUtils.java:logGet(43)) - raft.server.log.statemachine.data.sync = true (default)
2019-09-25 11:00:07,903 [pool-87-thread-1] INFO  server.RaftServerConfigKeys (ConfUtils.java:logGet(43)) - raft.server.log.statemachine.data.sync.timeout = 10s (default)
2019-09-25 11:00:07,903 [pool-87-thread-1] INFO  server.RaftServerConfigKeys (ConfUtils.java:logGet(43)) - raft.server.log.statemachine.data.sync.timeout.retry = -1 (default)
2019-09-25 11:00:07,903 [pool-87-thread-1] INFO  server.RaftServerConfigKeys (ConfUtils.java:logGet(43)) - raft.server.log.statemachine.data.caching.enabled = true (custom)
2019-09-25 11:00:07,904 [pool-87-thread-1] INFO  segmented.SegmentedRaftLogWorker (SegmentedRaftLogWorker.java:lambda$new$0(132)) - 10236b5f-bff6-485e-aafa-3b26ea1d6574@group-474418EEB874-SegmentedRaftLogWorker: flushIndex: setUnconditionally 0 -> -1
2019-09-25 11:00:07,904 [pool-87-thread-1] INFO  server.RaftServerConfigKeys (ConfUtils.java:logGet(43)) - raft.server.snapshot.auto.trigger.enabled = true (custom)
2019-09-25 11:00:07,905 [pool-87-thread-1] INFO  server.RaftServerConfigKeys (ConfUtils.java:logGet(43)) - raft.server.snapshot.auto.trigger.threshold = 10000 (custom)
2019-09-25 11:00:07,905 [pool-87-thread-1] INFO  server.RaftServerConfigKeys (ConfUtils.java:logGet(43)) - raft.server.snapshot.retention.num.files = 5 (custom)
2019-09-25 11:00:07,905 [pool-87-thread-1] INFO  server.RaftServerConfigKeys (ConfUtils.java:logGet(43)) - raft.server.retrycache.expirytime = 600000ms (custom)
2019-09-25 11:00:07,909 [pool-87-thread-1] INFO  impl.RaftServerImpl (RaftServerImpl.java:start(185)) - 10236b5f-bff6-485e-aafa-3b26ea1d6574@group-474418EEB874: start as a follower, conf=-1: [10236b5f-bff6-485e-aafa-3b26ea1d6574:192.168.30.6:44690], old=null
2019-09-25 11:00:07,909 [pool-87-thread-1] INFO  impl.RaftServerImpl (RaftServerImpl.java:setRole(174)) - 10236b5f-bff6-485e-aafa-3b26ea1d6574@group-474418EEB874: changes role from      null to FOLLOWER at term 0 for startAsFollower
2019-09-25 11:00:07,909 [pool-87-thread-1] INFO  impl.RoleInfo (RoleInfo.java:updateAndGet(143)) - 10236b5f-bff6-485e-aafa-3b26ea1d6574: start FollowerState
2019-09-25 11:00:07,910 [pool-87-thread-1] INFO  util.JmxRegister (JmxRegister.java:tryRegister(44)) - Successfully registered JMX Bean with object name Ratis:service=RaftServer,group=group-474418EEB874,id=10236b5f-bff6-485e-aafa-3b26ea1d6574
2019-09-25 11:00:07,915 [RatisPipelineUtilsThread] INFO  pipeline.PipelineStateManager (PipelineStateManager.java:addPipeline(56)) - Created pipeline Pipeline[ Id: d345ec00-de1e-40ea-9caa-474418eeb874, Nodes: 10236b5f-bff6-485e-aafa-3b26ea1d6574{ip: 192.168.30.6, host: pr-hdds-1569-5gmkr-4255264070, networkLocation: /default-rack, certSerialId: null}, Type:RATIS, Factor:ONE, State:OPEN]
2019-09-25 11:00:07,927 [grpc-default-executor-0] INFO  impl.RaftServerProxy (RaftServerProxy.java:addNew(89)) - b9731c9a-07e8-4827-9eb9-5f784fb447b9: addNew group-6438F16C250B:[b9731c9a-07e8-4827-9eb9-5f784fb447b9:192.168.30.6:46688] returns group-6438F16C250B:java.util.concurrent.CompletableFuture@7155134d[Not completed]
2019-09-25 11:00:07,928 [pool-47-thread-1] INFO  impl.RaftServerImpl (RaftServerImpl.java:<init>(95)) - b9731c9a-07e8-4827-9eb9-5f784fb447b9: new RaftServerImpl for group-6438F16C250B:[b9731c9a-07e8-4827-9eb9-5f784fb447b9:192.168.30.6:46688] with ContainerStateMachine:uninitialized
2019-09-25 11:00:07,928 [pool-47-thread-1] INFO  server.RaftServerConfigKeys (ConfUtils.java:logGet(43)) - raft.server.rpc.timeout.min = 5s (custom)
2019-09-25 11:00:07,929 [pool-47-thread-1] INFO  server.RaftServerConfigKeys (ConfUtils.java:logGet(43)) - raft.server.rpc.timeout.max = 5200ms (custom)
2019-09-25 11:00:07,929 [pool-47-thread-1] INFO  server.RaftServerConfigKeys (ConfUtils.java:logGet(43)) - raft.server.rpcslowness.timeout = 120s (custom)
2019-09-25 11:00:07,929 [pool-47-thread-1] INFO  server.RaftServerConfigKeys (ConfUtils.java:logGet(43)) - raft.server.sleep.deviation.threshold = 300 (default)
2019-09-25 11:00:07,929 [pool-47-thread-1] INFO  server.RaftServerConfigKeys (ConfUtils.java:logGet(43)) - raft.server.log.appender.install.snapshot.enabled = false (custom)
2019-09-25 11:00:07,929 [pool-47-thread-1] INFO  impl.RaftServerImpl (ServerState.java:<init>(103)) - b9731c9a-07e8-4827-9eb9-5f784fb447b9@group-6438F16C250B: ConfigurationManager, init=-1: [b9731c9a-07e8-4827-9eb9-5f784fb447b9:192.168.30.6:46688], old=null, confs=<EMPTY_MAP>
2019-09-25 11:00:07,929 [pool-47-thread-1] INFO  server.RaftServerConfigKeys (ConfUtils.java:logGet(43)) - raft.server.storage.dir = [/workdir/hadoop-ozone/integration-test/target/test-dir/MiniOzoneClusterImpl-cb8ecd13-95cc-47fe-8445-93be882af5d4/datanode-2/data/ratis] (custom)
2019-09-25 11:00:07,930 [pool-47-thread-1] INFO  storage.RaftStorageDirectory (RaftStorageDirectory.java:analyzeStorage(246)) - The storage directory /workdir/hadoop-ozone/integration-test/target/test-dir/MiniOzoneClusterImpl-cb8ecd13-95cc-47fe-8445-93be882af5d4/datanode-2/data/ratis/550759b4-b513-41f7-90d5-6438f16c250b does not exist. Creating ...
2019-09-25 11:00:07,944 [pool-47-thread-1] INFO  storage.RaftStorageDirectory (RaftStorageDirectory.java:tryLock(328)) - Lock on /workdir/hadoop-ozone/integration-test/target/test-dir/MiniOzoneClusterImpl-cb8ecd13-95cc-47fe-8445-93be882af5d4/datanode-2/data/ratis/550759b4-b513-41f7-90d5-6438f16c250b/in_use.lock acquired by nodename 21763@pr-hdds-1569-5gmkr-4255264070
2019-09-25 11:00:07,957 [pool-47-thread-1] INFO  storage.RaftStorage (RaftStorage.java:format(72)) - Storage directory /workdir/hadoop-ozone/integration-test/target/test-dir/MiniOzoneClusterImpl-cb8ecd13-95cc-47fe-8445-93be882af5d4/datanode-2/data/ratis/550759b4-b513-41f7-90d5-6438f16c250b has been successfully formatted.
2019-09-25 11:00:07,958 [pool-47-thread-1] INFO  ratis.ContainerStateMachine (ContainerStateMachine.java:loadSnapshot(230)) - group-6438F16C250B: The snapshot info is null. Setting the last applied indexto:(t:0, i:~)
2019-09-25 11:00:07,958 [pool-47-thread-1] INFO  server.RaftServerConfigKeys (ConfUtils.java:logGet(43)) - raft.server.notification.no-leader.timeout = 120s (custom)
2019-09-25 11:00:07,958 [pool-47-thread-1] INFO  server.RaftServerConfigKeys (ConfUtils.java:logGet(43)) - raft.server.log.use.memory = false (default)
2019-09-25 11:00:07,959 [pool-47-thread-1] INFO  server.RaftServerConfigKeys (ConfUtils.java:logGet(43)) - raft.server.log.purge.gap = 1000000 (custom)
2019-09-25 11:00:07,959 [pool-47-thread-1] INFO  server.RaftServerConfigKeys (ConfUtils.java:logGet(43)) - raft.server.log.appender.buffer.byte-limit = 33554432 (custom)
2019-09-25 11:00:07,959 [pool-47-thread-1] INFO  server.RaftServerConfigKeys (ConfUtils.java:logGet(43)) - raft.server.log.segment.size.max = 1048576 (custom)
2019-09-25 11:00:07,959 [pool-47-thread-1] INFO  server.RaftServerConfigKeys (ConfUtils.java:logGet(43)) - raft.server.log.segment.cache.num.max = 2 (custom)
2019-09-25 11:00:07,959 [pool-47-thread-1] INFO  segmented.SegmentedRaftLogWorker (SegmentedRaftLogWorker.java:<init>(172)) - new b9731c9a-07e8-4827-9eb9-5f784fb447b9@group-6438F16C250B-SegmentedRaftLogWorker for RaftStorage:Storage Directory /workdir/hadoop-ozone/integration-test/target/test-dir/MiniOzoneClusterImpl-cb8ecd13-95cc-47fe-8445-93be882af5d4/datanode-2/data/ratis/550759b4-b513-41f7-90d5-6438f16c250b
2019-09-25 11:00:07,959 [pool-47-thread-1] INFO  server.RaftServerConfigKeys (ConfUtils.java:logGet(43)) - raft.server.log.queue.byte-limit = 2147483647 (custom)
2019-09-25 11:00:07,960 [pool-47-thread-1] INFO  server.RaftServerConfigKeys (ConfUtils.java:logGet(43)) - raft.server.log.queue.element-limit = 1024 (custom)
2019-09-25 11:00:07,960 [pool-47-thread-1] INFO  server.RaftServerConfigKeys (ConfUtils.java:logGet(43)) - raft.server.log.segment.size.max = 1048576 (custom)
2019-09-25 11:00:07,960 [pool-47-thread-1] INFO  server.RaftServerConfigKeys (ConfUtils.java:logGet(43)) - raft.server.log.preallocated.size = 16384 (custom)
2019-09-25 11:00:07,960 [pool-47-thread-1] INFO  server.RaftServerConfigKeys (ConfUtils.java:logGet(43)) - raft.server.log.write.buffer.size = 33554432 (custom)
2019-09-25 11:00:07,960 [pool-47-thread-1] INFO  server.RaftServerConfigKeys (ConfUtils.java:logGet(43)) - raft.server.log.force.sync.num = 128 (default)
2019-09-25 11:00:07,960 [pool-47-thread-1] INFO  server.RaftServerConfigKeys (ConfUtils.java:logGet(43)) - raft.server.log.statemachine.data.sync = true (default)
2019-09-25 11:00:07,961 [pool-47-thread-1] INFO  server.RaftServerConfigKeys (ConfUtils.java:logGet(43)) - raft.server.log.statemachine.data.sync.timeout = 10s (default)
2019-09-25 11:00:07,961 [pool-47-thread-1] INFO  server.RaftServerConfigKeys (ConfUtils.java:logGet(43)) - raft.server.log.statemachine.data.sync.timeout.retry = -1 (default)
2019-09-25 11:00:07,961 [pool-47-thread-1] INFO  server.RaftServerConfigKeys (ConfUtils.java:logGet(43)) - raft.server.log.statemachine.data.caching.enabled = true (custom)
2019-09-25 11:00:07,962 [pool-47-thread-1] INFO  segmented.SegmentedRaftLogWorker (SegmentedRaftLogWorker.java:lambda$new$0(132)) - b9731c9a-07e8-4827-9eb9-5f784fb447b9@group-6438F16C250B-SegmentedRaftLogWorker: flushIndex: setUnconditionally 0 -> -1
2019-09-25 11:00:07,962 [pool-47-thread-1] INFO  server.RaftServerConfigKeys (ConfUtils.java:logGet(43)) - raft.server.snapshot.auto.trigger.enabled = true (custom)
2019-09-25 11:00:07,962 [pool-47-thread-1] INFO  server.RaftServerConfigKeys (ConfUtils.java:logGet(43)) - raft.server.snapshot.auto.trigger.threshold = 10000 (custom)
2019-09-25 11:00:07,962 [pool-47-thread-1] INFO  server.RaftServerConfigKeys (ConfUtils.java:logGet(43)) - raft.server.snapshot.retention.num.files = 5 (custom)
2019-09-25 11:00:07,963 [pool-47-thread-1] INFO  server.RaftServerConfigKeys (ConfUtils.java:logGet(43)) - raft.server.retrycache.expirytime = 600000ms (custom)
2019-09-25 11:00:07,966 [pool-47-thread-1] INFO  impl.RaftServerImpl (RaftServerImpl.java:start(185)) - b9731c9a-07e8-4827-9eb9-5f784fb447b9@group-6438F16C250B: start as a follower, conf=-1: [b9731c9a-07e8-4827-9eb9-5f784fb447b9:192.168.30.6:46688], old=null
2019-09-25 11:00:07,966 [pool-47-thread-1] INFO  impl.RaftServerImpl (RaftServerImpl.java:setRole(174)) - b9731c9a-07e8-4827-9eb9-5f784fb447b9@group-6438F16C250B: changes role from      null to FOLLOWER at term 0 for startAsFollower
2019-09-25 11:00:07,966 [pool-47-thread-1] INFO  impl.RoleInfo (RoleInfo.java:updateAndGet(143)) - b9731c9a-07e8-4827-9eb9-5f784fb447b9: start FollowerState
2019-09-25 11:00:07,967 [pool-47-thread-1] INFO  util.JmxRegister (JmxRegister.java:tryRegister(44)) - Successfully registered JMX Bean with object name Ratis:service=RaftServer,group=group-6438F16C250B,id=b9731c9a-07e8-4827-9eb9-5f784fb447b9
2019-09-25 11:00:07,974 [RatisPipelineUtilsThread] INFO  pipeline.PipelineStateManager (PipelineStateManager.java:addPipeline(56)) - Created pipeline Pipeline[ Id: 550759b4-b513-41f7-90d5-6438f16c250b, Nodes: b9731c9a-07e8-4827-9eb9-5f784fb447b9{ip: 192.168.30.6, host: pr-hdds-1569-5gmkr-4255264070, networkLocation: /default-rack, certSerialId: null}, Type:RATIS, Factor:ONE, State:OPEN]
2019-09-25 11:00:08,013 [grpc-default-executor-0] INFO  impl.RaftServerProxy (RaftServerProxy.java:addNew(89)) - b9731c9a-07e8-4827-9eb9-5f784fb447b9: addNew group-B02A97286828:[b9731c9a-07e8-4827-9eb9-5f784fb447b9:192.168.30.6:46688] returns group-B02A97286828:java.util.concurrent.CompletableFuture@548ba0e[Not completed]
2019-09-25 11:00:08,015 [pool-47-thread-1] INFO  impl.RaftServerImpl (RaftServerImpl.java:<init>(95)) - b9731c9a-07e8-4827-9eb9-5f784fb447b9: new RaftServerImpl for group-B02A97286828:[b9731c9a-07e8-4827-9eb9-5f784fb447b9:192.168.30.6:46688] with ContainerStateMachine:uninitialized
2019-09-25 11:00:08,015 [pool-47-thread-1] INFO  server.RaftServerConfigKeys (ConfUtils.java:logGet(43)) - raft.server.rpc.timeout.min = 5s (custom)
2019-09-25 11:00:08,016 [pool-47-thread-1] INFO  server.RaftServerConfigKeys (ConfUtils.java:logGet(43)) - raft.server.rpc.timeout.max = 5200ms (custom)
2019-09-25 11:00:08,016 [pool-47-thread-1] INFO  server.RaftServerConfigKeys (ConfUtils.java:logGet(43)) - raft.server.rpcslowness.timeout = 120s (custom)
2019-09-25 11:00:08,016 [pool-47-thread-1] INFO  server.RaftServerConfigKeys (ConfUtils.java:logGet(43)) - raft.server.sleep.deviation.threshold = 300 (default)
2019-09-25 11:00:08,016 [pool-47-thread-1] INFO  server.RaftServerConfigKeys (ConfUtils.java:logGet(43)) - raft.server.log.appender.install.snapshot.enabled = false (custom)
2019-09-25 11:00:08,016 [pool-47-thread-1] INFO  impl.RaftServerImpl (ServerState.java:<init>(103)) - b9731c9a-07e8-4827-9eb9-5f784fb447b9@group-B02A97286828: ConfigurationManager, init=-1: [b9731c9a-07e8-4827-9eb9-5f784fb447b9:192.168.30.6:46688], old=null, confs=<EMPTY_MAP>
2019-09-25 11:00:08,016 [pool-47-thread-1] INFO  server.RaftServerConfigKeys (ConfUtils.java:logGet(43)) - raft.server.storage.dir = [/workdir/hadoop-ozone/integration-test/target/test-dir/MiniOzoneClusterImpl-cb8ecd13-95cc-47fe-8445-93be882af5d4/datanode-2/data/ratis] (custom)
2019-09-25 11:00:08,017 [pool-47-thread-1] INFO  storage.RaftStorageDirectory (RaftStorageDirectory.java:analyzeStorage(246)) - The storage directory /workdir/hadoop-ozone/integration-test/target/test-dir/MiniOzoneClusterImpl-cb8ecd13-95cc-47fe-8445-93be882af5d4/datanode-2/data/ratis/0898d7f9-dfa9-4407-808f-b02a97286828 does not exist. Creating ...
2019-09-25 11:00:08,031 [pool-47-thread-1] INFO  storage.RaftStorageDirectory (RaftStorageDirectory.java:tryLock(328)) - Lock on /workdir/hadoop-ozone/integration-test/target/test-dir/MiniOzoneClusterImpl-cb8ecd13-95cc-47fe-8445-93be882af5d4/datanode-2/data/ratis/0898d7f9-dfa9-4407-808f-b02a97286828/in_use.lock acquired by nodename 21763@pr-hdds-1569-5gmkr-4255264070
2019-09-25 11:00:08,066 [pool-47-thread-1] INFO  storage.RaftStorage (RaftStorage.java:format(72)) - Storage directory /workdir/hadoop-ozone/integration-test/target/test-dir/MiniOzoneClusterImpl-cb8ecd13-95cc-47fe-8445-93be882af5d4/datanode-2/data/ratis/0898d7f9-dfa9-4407-808f-b02a97286828 has been successfully formatted.
2019-09-25 11:00:08,067 [pool-47-thread-1] INFO  ratis.ContainerStateMachine (ContainerStateMachine.java:loadSnapshot(230)) - group-B02A97286828: The snapshot info is null. Setting the last applied indexto:(t:0, i:~)
2019-09-25 11:00:08,067 [pool-47-thread-1] INFO  server.RaftServerConfigKeys (ConfUtils.java:logGet(43)) - raft.server.notification.no-leader.timeout = 120s (custom)
2019-09-25 11:00:08,067 [pool-47-thread-1] INFO  server.RaftServerConfigKeys (ConfUtils.java:logGet(43)) - raft.server.log.use.memory = false (default)
2019-09-25 11:00:08,067 [pool-47-thread-1] INFO  server.RaftServerConfigKeys (ConfUtils.java:logGet(43)) - raft.server.log.purge.gap = 1000000 (custom)
2019-09-25 11:00:08,068 [pool-47-thread-1] INFO  server.RaftServerConfigKeys (ConfUtils.java:logGet(43)) - raft.server.log.appender.buffer.byte-limit = 33554432 (custom)
2019-09-25 11:00:08,068 [pool-47-thread-1] INFO  server.RaftServerConfigKeys (ConfUtils.java:logGet(43)) - raft.server.log.segment.size.max = 1048576 (custom)
2019-09-25 11:00:08,068 [pool-47-thread-1] INFO  server.RaftServerConfigKeys (ConfUtils.java:logGet(43)) - raft.server.log.segment.cache.num.max = 2 (custom)
2019-09-25 11:00:08,068 [pool-47-thread-1] INFO  segmented.SegmentedRaftLogWorker (SegmentedRaftLogWorker.java:<init>(172)) - new b9731c9a-07e8-4827-9eb9-5f784fb447b9@group-B02A97286828-SegmentedRaftLogWorker for RaftStorage:Storage Directory /workdir/hadoop-ozone/integration-test/target/test-dir/MiniOzoneClusterImpl-cb8ecd13-95cc-47fe-8445-93be882af5d4/datanode-2/data/ratis/0898d7f9-dfa9-4407-808f-b02a97286828
2019-09-25 11:00:08,068 [pool-47-thread-1] INFO  server.RaftServerConfigKeys (ConfUtils.java:logGet(43)) - raft.server.log.queue.byte-limit = 2147483647 (custom)
2019-09-25 11:00:08,068 [pool-47-thread-1] INFO  server.RaftServerConfigKeys (ConfUtils.java:logGet(43)) - raft.server.log.queue.element-limit = 1024 (custom)
2019-09-25 11:00:08,068 [pool-47-thread-1] INFO  server.RaftServerConfigKeys (ConfUtils.java:logGet(43)) - raft.server.log.segment.size.max = 1048576 (custom)
2019-09-25 11:00:08,069 [pool-47-thread-1] INFO  server.RaftServerConfigKeys (ConfUtils.java:logGet(43)) - raft.server.log.preallocated.size = 16384 (custom)
2019-09-25 11:00:08,069 [pool-47-thread-1] INFO  server.RaftServerConfigKeys (ConfUtils.java:logGet(43)) - raft.server.log.write.buffer.size = 33554432 (custom)
2019-09-25 11:00:08,069 [pool-47-thread-1] INFO  server.RaftServerConfigKeys (ConfUtils.java:logGet(43)) - raft.server.log.force.sync.num = 128 (default)
2019-09-25 11:00:08,069 [pool-47-thread-1] INFO  server.RaftServerConfigKeys (ConfUtils.java:logGet(43)) - raft.server.log.statemachine.data.sync = true (default)
2019-09-25 11:00:08,069 [pool-47-thread-1] INFO  server.RaftServerConfigKeys (ConfUtils.java:logGet(43)) - raft.server.log.statemachine.data.sync.timeout = 10s (default)
2019-09-25 11:00:08,069 [pool-47-thread-1] INFO  server.RaftServerConfigKeys (ConfUtils.java:logGet(43)) - raft.server.log.statemachine.data.sync.timeout.retry = -1 (default)
2019-09-25 11:00:08,069 [pool-47-thread-1] INFO  server.RaftServerConfigKeys (ConfUtils.java:logGet(43)) - raft.server.log.statemachine.data.caching.enabled = true (custom)
2019-09-25 11:00:08,070 [pool-47-thread-1] INFO  segmented.SegmentedRaftLogWorker (SegmentedRaftLogWorker.java:lambda$new$0(132)) - b9731c9a-07e8-4827-9eb9-5f784fb447b9@group-B02A97286828-SegmentedRaftLogWorker: flushIndex: setUnconditionally 0 -> -1
2019-09-25 11:00:08,070 [pool-47-thread-1] INFO  server.RaftServerConfigKeys (ConfUtils.java:logGet(43)) - raft.server.snapshot.auto.trigger.enabled = true (custom)
2019-09-25 11:00:08,070 [pool-47-thread-1] INFO  server.RaftServerConfigKeys (ConfUtils.java:logGet(43)) - raft.server.snapshot.auto.trigger.threshold = 10000 (custom)
2019-09-25 11:00:08,070 [pool-47-thread-1] INFO  server.RaftServerConfigKeys (ConfUtils.java:logGet(43)) - raft.server.snapshot.retention.num.files = 5 (custom)
2019-09-25 11:00:08,071 [pool-47-thread-1] INFO  server.RaftServerConfigKeys (ConfUtils.java:logGet(43)) - raft.server.retrycache.expirytime = 600000ms (custom)
2019-09-25 11:00:08,073 [pool-47-thread-1] INFO  impl.RaftServerImpl (RaftServerImpl.java:start(185)) - b9731c9a-07e8-4827-9eb9-5f784fb447b9@group-B02A97286828: start as a follower, conf=-1: [b9731c9a-07e8-4827-9eb9-5f784fb447b9:192.168.30.6:46688], old=null
2019-09-25 11:00:08,073 [pool-47-thread-1] INFO  impl.RaftServerImpl (RaftServerImpl.java:setRole(174)) - b9731c9a-07e8-4827-9eb9-5f784fb447b9@group-B02A97286828: changes role from      null to FOLLOWER at term 0 for startAsFollower
2019-09-25 11:00:08,074 [pool-47-thread-1] INFO  impl.RoleInfo (RoleInfo.java:updateAndGet(143)) - b9731c9a-07e8-4827-9eb9-5f784fb447b9: start FollowerState
2019-09-25 11:00:08,083 [pool-47-thread-1] INFO  util.JmxRegister (JmxRegister.java:tryRegister(44)) - Successfully registered JMX Bean with object name Ratis:service=RaftServer,group=group-B02A97286828,id=b9731c9a-07e8-4827-9eb9-5f784fb447b9
2019-09-25 11:00:08,101 [RatisPipelineUtilsThread] INFO  pipeline.PipelineStateManager (PipelineStateManager.java:addPipeline(56)) - Created pipeline Pipeline[ Id: 0898d7f9-dfa9-4407-808f-b02a97286828, Nodes: b9731c9a-07e8-4827-9eb9-5f784fb447b9{ip: 192.168.30.6, host: pr-hdds-1569-5gmkr-4255264070, networkLocation: /default-rack, certSerialId: null}, Type:RATIS, Factor:ONE, State:OPEN]
2019-09-25 11:00:08,111 [grpc-default-executor-0] INFO  impl.RaftServerProxy (RaftServerProxy.java:addNew(89)) - 10236b5f-bff6-485e-aafa-3b26ea1d6574: addNew group-4192A5379F9C:[10236b5f-bff6-485e-aafa-3b26ea1d6574:192.168.30.6:44690] returns group-4192A5379F9C:java.util.concurrent.CompletableFuture@6d36e342[Not completed]
2019-09-25 11:00:08,113 [pool-87-thread-1] INFO  impl.RaftServerImpl (RaftServerImpl.java:<init>(95)) - 10236b5f-bff6-485e-aafa-3b26ea1d6574: new RaftServerImpl for group-4192A5379F9C:[10236b5f-bff6-485e-aafa-3b26ea1d6574:192.168.30.6:44690] with ContainerStateMachine:uninitialized
2019-09-25 11:00:08,113 [pool-87-thread-1] INFO  server.RaftServerConfigKeys (ConfUtils.java:logGet(43)) - raft.server.rpc.timeout.min = 5s (custom)
2019-09-25 11:00:08,113 [pool-87-thread-1] INFO  server.RaftServerConfigKeys (ConfUtils.java:logGet(43)) - raft.server.rpc.timeout.max = 5200ms (custom)
2019-09-25 11:00:08,113 [pool-87-thread-1] INFO  server.RaftServerConfigKeys (ConfUtils.java:logGet(43)) - raft.server.rpcslowness.timeout = 120s (custom)
2019-09-25 11:00:08,114 [pool-87-thread-1] INFO  server.RaftServerConfigKeys (ConfUtils.java:logGet(43)) - raft.server.sleep.deviation.threshold = 300 (default)
2019-09-25 11:00:08,114 [pool-87-thread-1] INFO  server.RaftServerConfigKeys (ConfUtils.java:logGet(43)) - raft.server.log.appender.install.snapshot.enabled = false (custom)
2019-09-25 11:00:08,114 [pool-87-thread-1] INFO  impl.RaftServerImpl (ServerState.java:<init>(103)) - 10236b5f-bff6-485e-aafa-3b26ea1d6574@group-4192A5379F9C: ConfigurationManager, init=-1: [10236b5f-bff6-485e-aafa-3b26ea1d6574:192.168.30.6:44690], old=null, confs=<EMPTY_MAP>
2019-09-25 11:00:08,114 [pool-87-thread-1] INFO  server.RaftServerConfigKeys (ConfUtils.java:logGet(43)) - raft.server.storage.dir = [/workdir/hadoop-ozone/integration-test/target/test-dir/MiniOzoneClusterImpl-cb8ecd13-95cc-47fe-8445-93be882af5d4/datanode-6/data/ratis] (custom)
2019-09-25 11:00:08,114 [pool-87-thread-1] INFO  storage.RaftStorageDirectory (RaftStorageDirectory.java:analyzeStorage(246)) - The storage directory /workdir/hadoop-ozone/integration-test/target/test-dir/MiniOzoneClusterImpl-cb8ecd13-95cc-47fe-8445-93be882af5d4/datanode-6/data/ratis/9728ee4d-4f7c-4f66-9b7d-4192a5379f9c does not exist. Creating ...
2019-09-25 11:00:08,128 [pool-87-thread-1] INFO  storage.RaftStorageDirectory (RaftStorageDirectory.java:tryLock(328)) - Lock on /workdir/hadoop-ozone/integration-test/target/test-dir/MiniOzoneClusterImpl-cb8ecd13-95cc-47fe-8445-93be882af5d4/datanode-6/data/ratis/9728ee4d-4f7c-4f66-9b7d-4192a5379f9c/in_use.lock acquired by nodename 21763@pr-hdds-1569-5gmkr-4255264070
2019-09-25 11:00:08,154 [pool-87-thread-1] INFO  storage.RaftStorage (RaftStorage.java:format(72)) - Storage directory /workdir/hadoop-ozone/integration-test/target/test-dir/MiniOzoneClusterImpl-cb8ecd13-95cc-47fe-8445-93be882af5d4/datanode-6/data/ratis/9728ee4d-4f7c-4f66-9b7d-4192a5379f9c has been successfully formatted.
2019-09-25 11:00:08,154 [pool-87-thread-1] INFO  ratis.ContainerStateMachine (ContainerStateMachine.java:loadSnapshot(230)) - group-4192A5379F9C: The snapshot info is null. Setting the last applied indexto:(t:0, i:~)
2019-09-25 11:00:08,154 [pool-87-thread-1] INFO  server.RaftServerConfigKeys (ConfUtils.java:logGet(43)) - raft.server.notification.no-leader.timeout = 120s (custom)
2019-09-25 11:00:08,154 [pool-87-thread-1] INFO  server.RaftServerConfigKeys (ConfUtils.java:logGet(43)) - raft.server.log.use.memory = false (default)
2019-09-25 11:00:08,154 [pool-87-thread-1] INFO  server.RaftServerConfigKeys (ConfUtils.java:logGet(43)) - raft.server.log.purge.gap = 1000000 (custom)
2019-09-25 11:00:08,155 [pool-87-thread-1] INFO  server.RaftServerConfigKeys (ConfUtils.java:logGet(43)) - raft.server.log.appender.buffer.byte-limit = 33554432 (custom)
2019-09-25 11:00:08,155 [pool-87-thread-1] INFO  server.RaftServerConfigKeys (ConfUtils.java:logGet(43)) - raft.server.log.segment.size.max = 1048576 (custom)
2019-09-25 11:00:08,155 [pool-87-thread-1] INFO  server.RaftServerConfigKeys (ConfUtils.java:logGet(43)) - raft.server.log.segment.cache.num.max = 2 (custom)
2019-09-25 11:00:08,155 [pool-87-thread-1] INFO  segmented.SegmentedRaftLogWorker (SegmentedRaftLogWorker.java:<init>(172)) - new 10236b5f-bff6-485e-aafa-3b26ea1d6574@group-4192A5379F9C-SegmentedRaftLogWorker for RaftStorage:Storage Directory /workdir/hadoop-ozone/integration-test/target/test-dir/MiniOzoneClusterImpl-cb8ecd13-95cc-47fe-8445-93be882af5d4/datanode-6/data/ratis/9728ee4d-4f7c-4f66-9b7d-4192a5379f9c
2019-09-25 11:00:08,155 [pool-87-thread-1] INFO  server.RaftServerConfigKeys (ConfUtils.java:logGet(43)) - raft.server.log.queue.byte-limit = 2147483647 (custom)
2019-09-25 11:00:08,155 [pool-87-thread-1] INFO  server.RaftServerConfigKeys (ConfUtils.java:logGet(43)) - raft.server.log.queue.element-limit = 1024 (custom)
2019-09-25 11:00:08,155 [pool-87-thread-1] INFO  server.RaftServerConfigKeys (ConfUtils.java:logGet(43)) - raft.server.log.segment.size.max = 1048576 (custom)
2019-09-25 11:00:08,155 [pool-87-thread-1] INFO  server.RaftServerConfigKeys (ConfUtils.java:logGet(43)) - raft.server.log.preallocated.size = 16384 (custom)
2019-09-25 11:00:08,155 [pool-87-thread-1] INFO  server.RaftServerConfigKeys (ConfUtils.java:logGet(43)) - raft.server.log.write.buffer.size = 33554432 (custom)
2019-09-25 11:00:08,155 [pool-87-thread-1] INFO  server.RaftServerConfigKeys (ConfUtils.java:logGet(43)) - raft.server.log.force.sync.num = 128 (default)
2019-09-25 11:00:08,156 [pool-87-thread-1] INFO  server.RaftServerConfigKeys (ConfUtils.java:logGet(43)) - raft.server.log.statemachine.data.sync = true (default)
2019-09-25 11:00:08,156 [pool-87-thread-1] INFO  server.RaftServerConfigKeys (ConfUtils.java:logGet(43)) - raft.server.log.statemachine.data.sync.timeout = 10s (default)
2019-09-25 11:00:08,156 [pool-87-thread-1] INFO  server.RaftServerConfigKeys (ConfUtils.java:logGet(43)) - raft.server.log.statemachine.data.sync.timeout.retry = -1 (default)
2019-09-25 11:00:08,156 [pool-87-thread-1] INFO  server.RaftServerConfigKeys (ConfUtils.java:logGet(43)) - raft.server.log.statemachine.data.caching.enabled = true (custom)
2019-09-25 11:00:08,156 [pool-87-thread-1] INFO  segmented.SegmentedRaftLogWorker (SegmentedRaftLogWorker.java:lambda$new$0(132)) - 10236b5f-bff6-485e-aafa-3b26ea1d6574@group-4192A5379F9C-SegmentedRaftLogWorker: flushIndex: setUnconditionally 0 -> -1
2019-09-25 11:00:08,157 [pool-87-thread-1] INFO  server.RaftServerConfigKeys (ConfUtils.java:logGet(43)) - raft.server.snapshot.auto.trigger.enabled = true (custom)
2019-09-25 11:00:08,157 [pool-87-thread-1] INFO  server.RaftServerConfigKeys (ConfUtils.java:logGet(43)) - raft.server.snapshot.auto.trigger.threshold = 10000 (custom)
2019-09-25 11:00:08,157 [pool-87-thread-1] INFO  server.RaftServerConfigKeys (ConfUtils.java:logGet(43)) - raft.server.snapshot.retention.num.files = 5 (custom)
2019-09-25 11:00:08,157 [pool-87-thread-1] INFO  server.RaftServerConfigKeys (ConfUtils.java:logGet(43)) - raft.server.retrycache.expirytime = 600000ms (custom)
2019-09-25 11:00:08,159 [pool-87-thread-1] INFO  impl.RaftServerImpl (RaftServerImpl.java:start(185)) - 10236b5f-bff6-485e-aafa-3b26ea1d6574@group-4192A5379F9C: start as a follower, conf=-1: [10236b5f-bff6-485e-aafa-3b26ea1d6574:192.168.30.6:44690], old=null
2019-09-25 11:00:08,159 [pool-87-thread-1] INFO  impl.RaftServerImpl (RaftServerImpl.java:setRole(174)) - 10236b5f-bff6-485e-aafa-3b26ea1d6574@group-4192A5379F9C: changes role from      null to FOLLOWER at term 0 for startAsFollower
2019-09-25 11:00:08,160 [pool-87-thread-1] INFO  impl.RoleInfo (RoleInfo.java:updateAndGet(143)) - 10236b5f-bff6-485e-aafa-3b26ea1d6574: start FollowerState
2019-09-25 11:00:08,160 [pool-87-thread-1] INFO  util.JmxRegister (JmxRegister.java:tryRegister(44)) - Successfully registered JMX Bean with object name Ratis:service=RaftServer,group=group-4192A5379F9C,id=10236b5f-bff6-485e-aafa-3b26ea1d6574
2019-09-25 11:00:08,166 [RatisPipelineUtilsThread] INFO  pipeline.PipelineStateManager (PipelineStateManager.java:addPipeline(56)) - Created pipeline Pipeline[ Id: 9728ee4d-4f7c-4f66-9b7d-4192a5379f9c, Nodes: 10236b5f-bff6-485e-aafa-3b26ea1d6574{ip: 192.168.30.6, host: pr-hdds-1569-5gmkr-4255264070, networkLocation: /default-rack, certSerialId: null}, Type:RATIS, Factor:ONE, State:OPEN]
2019-09-25 11:00:08,177 [grpc-default-executor-0] INFO  impl.RaftServerProxy (RaftServerProxy.java:addNew(89)) - 10236b5f-bff6-485e-aafa-3b26ea1d6574: addNew group-A0C1EFD1E870:[10236b5f-bff6-485e-aafa-3b26ea1d6574:192.168.30.6:44690] returns group-A0C1EFD1E870:java.util.concurrent.CompletableFuture@6a31a7db[Not completed]
2019-09-25 11:00:08,179 [pool-87-thread-1] INFO  impl.RaftServerImpl (RaftServerImpl.java:<init>(95)) - 10236b5f-bff6-485e-aafa-3b26ea1d6574: new RaftServerImpl for group-A0C1EFD1E870:[10236b5f-bff6-485e-aafa-3b26ea1d6574:192.168.30.6:44690] with ContainerStateMachine:uninitialized
2019-09-25 11:00:08,179 [pool-87-thread-1] INFO  server.RaftServerConfigKeys (ConfUtils.java:logGet(43)) - raft.server.rpc.timeout.min = 5s (custom)
2019-09-25 11:00:08,179 [pool-87-thread-1] INFO  server.RaftServerConfigKeys (ConfUtils.java:logGet(43)) - raft.server.rpc.timeout.max = 5200ms (custom)
2019-09-25 11:00:08,179 [pool-87-thread-1] INFO  server.RaftServerConfigKeys (ConfUtils.java:logGet(43)) - raft.server.rpcslowness.timeout = 120s (custom)
2019-09-25 11:00:08,179 [pool-87-thread-1] INFO  server.RaftServerConfigKeys (ConfUtils.java:logGet(43)) - raft.server.sleep.deviation.threshold = 300 (default)
2019-09-25 11:00:08,179 [pool-87-thread-1] INFO  server.RaftServerConfigKeys (ConfUtils.java:logGet(43)) - raft.server.log.appender.install.snapshot.enabled = false (custom)
2019-09-25 11:00:08,179 [pool-87-thread-1] INFO  impl.RaftServerImpl (ServerState.java:<init>(103)) - 10236b5f-bff6-485e-aafa-3b26ea1d6574@group-A0C1EFD1E870: ConfigurationManager, init=-1: [10236b5f-bff6-485e-aafa-3b26ea1d6574:192.168.30.6:44690], old=null, confs=<EMPTY_MAP>
2019-09-25 11:00:08,179 [pool-87-thread-1] INFO  server.RaftServerConfigKeys (ConfUtils.java:logGet(43)) - raft.server.storage.dir = [/workdir/hadoop-ozone/integration-test/target/test-dir/MiniOzoneClusterImpl-cb8ecd13-95cc-47fe-8445-93be882af5d4/datanode-6/data/ratis] (custom)
2019-09-25 11:00:08,180 [pool-87-thread-1] INFO  storage.RaftStorageDirectory (RaftStorageDirectory.java:analyzeStorage(246)) - The storage directory /workdir/hadoop-ozone/integration-test/target/test-dir/MiniOzoneClusterImpl-cb8ecd13-95cc-47fe-8445-93be882af5d4/datanode-6/data/ratis/0da39241-51af-408b-8f45-a0c1efd1e870 does not exist. Creating ...
2019-09-25 11:00:08,186 [pool-87-thread-1] INFO  storage.RaftStorageDirectory (RaftStorageDirectory.java:tryLock(328)) - Lock on /workdir/hadoop-ozone/integration-test/target/test-dir/MiniOzoneClusterImpl-cb8ecd13-95cc-47fe-8445-93be882af5d4/datanode-6/data/ratis/0da39241-51af-408b-8f45-a0c1efd1e870/in_use.lock acquired by nodename 21763@pr-hdds-1569-5gmkr-4255264070
2019-09-25 11:00:08,192 [pool-87-thread-1] INFO  storage.RaftStorage (RaftStorage.java:format(72)) - Storage directory /workdir/hadoop-ozone/integration-test/target/test-dir/MiniOzoneClusterImpl-cb8ecd13-95cc-47fe-8445-93be882af5d4/datanode-6/data/ratis/0da39241-51af-408b-8f45-a0c1efd1e870 has been successfully formatted.
2019-09-25 11:00:08,192 [pool-87-thread-1] INFO  ratis.ContainerStateMachine (ContainerStateMachine.java:loadSnapshot(230)) - group-A0C1EFD1E870: The snapshot info is null. Setting the last applied indexto:(t:0, i:~)
2019-09-25 11:00:08,192 [pool-87-thread-1] INFO  server.RaftServerConfigKeys (ConfUtils.java:logGet(43)) - raft.server.notification.no-leader.timeout = 120s (custom)
2019-09-25 11:00:08,193 [pool-87-thread-1] INFO  server.RaftServerConfigKeys (ConfUtils.java:logGet(43)) - raft.server.log.use.memory = false (default)
2019-09-25 11:00:08,193 [pool-87-thread-1] INFO  server.RaftServerConfigKeys (ConfUtils.java:logGet(43)) - raft.server.log.purge.gap = 1000000 (custom)
2019-09-25 11:00:08,193 [pool-87-thread-1] INFO  server.RaftServerConfigKeys (ConfUtils.java:logGet(43)) - raft.server.log.appender.buffer.byte-limit = 33554432 (custom)
2019-09-25 11:00:08,193 [pool-87-thread-1] INFO  server.RaftServerConfigKeys (ConfUtils.java:logGet(43)) - raft.server.log.segment.size.max = 1048576 (custom)
2019-09-25 11:00:08,193 [pool-87-thread-1] INFO  server.RaftServerConfigKeys (ConfUtils.java:logGet(43)) - raft.server.log.segment.cache.num.max = 2 (custom)
2019-09-25 11:00:08,193 [pool-87-thread-1] INFO  segmented.SegmentedRaftLogWorker (SegmentedRaftLogWorker.java:<init>(172)) - new 10236b5f-bff6-485e-aafa-3b26ea1d6574@group-A0C1EFD1E870-SegmentedRaftLogWorker for RaftStorage:Storage Directory /workdir/hadoop-ozone/integration-test/target/test-dir/MiniOzoneClusterImpl-cb8ecd13-95cc-47fe-8445-93be882af5d4/datanode-6/data/ratis/0da39241-51af-408b-8f45-a0c1efd1e870
2019-09-25 11:00:08,193 [pool-87-thread-1] INFO  server.RaftServerConfigKeys (ConfUtils.java:logGet(43)) - raft.server.log.queue.byte-limit = 2147483647 (custom)
2019-09-25 11:00:08,193 [pool-87-thread-1] INFO  server.RaftServerConfigKeys (ConfUtils.java:logGet(43)) - raft.server.log.queue.element-limit = 1024 (custom)
2019-09-25 11:00:08,194 [pool-87-thread-1] INFO  server.RaftServerConfigKeys (ConfUtils.java:logGet(43)) - raft.server.log.segment.size.max = 1048576 (custom)
2019-09-25 11:00:08,194 [pool-87-thread-1] INFO  server.RaftServerConfigKeys (ConfUtils.java:logGet(43)) - raft.server.log.preallocated.size = 16384 (custom)
2019-09-25 11:00:08,194 [pool-87-thread-1] INFO  server.RaftServerConfigKeys (ConfUtils.java:logGet(43)) - raft.server.log.write.buffer.size = 33554432 (custom)
2019-09-25 11:00:08,194 [pool-87-thread-1] INFO  server.RaftServerConfigKeys (ConfUtils.java:logGet(43)) - raft.server.log.force.sync.num = 128 (default)
2019-09-25 11:00:08,194 [pool-87-thread-1] INFO  server.RaftServerConfigKeys (ConfUtils.java:logGet(43)) - raft.server.log.statemachine.data.sync = true (default)
2019-09-25 11:00:08,194 [pool-87-thread-1] INFO  server.RaftServerConfigKeys (ConfUtils.java:logGet(43)) - raft.server.log.statemachine.data.sync.timeout = 10s (default)
2019-09-25 11:00:08,194 [pool-87-thread-1] INFO  server.RaftServerConfigKeys (ConfUtils.java:logGet(43)) - raft.server.log.statemachine.data.sync.timeout.retry = -1 (default)
2019-09-25 11:00:08,194 [pool-87-thread-1] INFO  server.RaftServerConfigKeys (ConfUtils.java:logGet(43)) - raft.server.log.statemachine.data.caching.enabled = true (custom)
2019-09-25 11:00:08,195 [pool-87-thread-1] INFO  segmented.SegmentedRaftLogWorker (SegmentedRaftLogWorker.java:lambda$new$0(132)) - 10236b5f-bff6-485e-aafa-3b26ea1d6574@group-A0C1EFD1E870-SegmentedRaftLogWorker: flushIndex: setUnconditionally 0 -> -1
2019-09-25 11:00:08,195 [pool-87-thread-1] INFO  server.RaftServerConfigKeys (ConfUtils.java:logGet(43)) - raft.server.snapshot.auto.trigger.enabled = true (custom)
2019-09-25 11:00:08,195 [pool-87-thread-1] INFO  server.RaftServerConfigKeys (ConfUtils.java:logGet(43)) - raft.server.snapshot.auto.trigger.threshold = 10000 (custom)
2019-09-25 11:00:08,195 [pool-87-thread-1] INFO  server.RaftServerConfigKeys (ConfUtils.java:logGet(43)) - raft.server.snapshot.retention.num.files = 5 (custom)
2019-09-25 11:00:08,195 [pool-87-thread-1] INFO  server.RaftServerConfigKeys (ConfUtils.java:logGet(43)) - raft.server.retrycache.expirytime = 600000ms (custom)
2019-09-25 11:00:08,197 [pool-87-thread-1] INFO  impl.RaftServerImpl (RaftServerImpl.java:start(185)) - 10236b5f-bff6-485e-aafa-3b26ea1d6574@group-A0C1EFD1E870: start as a follower, conf=-1: [10236b5f-bff6-485e-aafa-3b26ea1d6574:192.168.30.6:44690], old=null
2019-09-25 11:00:08,198 [pool-87-thread-1] INFO  impl.RaftServerImpl (RaftServerImpl.java:setRole(174)) - 10236b5f-bff6-485e-aafa-3b26ea1d6574@group-A0C1EFD1E870: changes role from      null to FOLLOWER at term 0 for startAsFollower
2019-09-25 11:00:08,198 [pool-87-thread-1] INFO  impl.RoleInfo (RoleInfo.java:updateAndGet(143)) - 10236b5f-bff6-485e-aafa-3b26ea1d6574: start FollowerState
2019-09-25 11:00:08,198 [pool-87-thread-1] INFO  util.JmxRegister (JmxRegister.java:tryRegister(44)) - Successfully registered JMX Bean with object name Ratis:service=RaftServer,group=group-A0C1EFD1E870,id=10236b5f-bff6-485e-aafa-3b26ea1d6574
2019-09-25 11:00:08,203 [RatisPipelineUtilsThread] INFO  pipeline.PipelineStateManager (PipelineStateManager.java:addPipeline(56)) - Created pipeline Pipeline[ Id: 0da39241-51af-408b-8f45-a0c1efd1e870, Nodes: 10236b5f-bff6-485e-aafa-3b26ea1d6574{ip: 192.168.30.6, host: pr-hdds-1569-5gmkr-4255264070, networkLocation: /default-rack, certSerialId: null}, Type:RATIS, Factor:ONE, State:OPEN]
2019-09-25 11:00:08,215 [grpc-default-executor-0] INFO  impl.RaftServerProxy (RaftServerProxy.java:addNew(89)) - 024c4dd7-7c9d-4cdb-8271-6a4ddb62c17e: addNew group-AB757A6B681D:[024c4dd7-7c9d-4cdb-8271-6a4ddb62c17e:192.168.30.6:36470] returns group-AB757A6B681D:java.util.concurrent.CompletableFuture@6de0098[Not completed]
2019-09-25 11:00:08,217 [pool-37-thread-1] INFO  impl.RaftServerImpl (RaftServerImpl.java:<init>(95)) - 024c4dd7-7c9d-4cdb-8271-6a4ddb62c17e: new RaftServerImpl for group-AB757A6B681D:[024c4dd7-7c9d-4cdb-8271-6a4ddb62c17e:192.168.30.6:36470] with ContainerStateMachine:uninitialized
2019-09-25 11:00:08,217 [pool-37-thread-1] INFO  server.RaftServerConfigKeys (ConfUtils.java:logGet(43)) - raft.server.rpc.timeout.min = 5s (custom)
2019-09-25 11:00:08,217 [pool-37-thread-1] INFO  server.RaftServerConfigKeys (ConfUtils.java:logGet(43)) - raft.server.rpc.timeout.max = 5200ms (custom)
2019-09-25 11:00:08,217 [pool-37-thread-1] INFO  server.RaftServerConfigKeys (ConfUtils.java:logGet(43)) - raft.server.rpcslowness.timeout = 120s (custom)
2019-09-25 11:00:08,218 [pool-37-thread-1] INFO  server.RaftServerConfigKeys (ConfUtils.java:logGet(43)) - raft.server.sleep.deviation.threshold = 300 (default)
2019-09-25 11:00:08,218 [pool-37-thread-1] INFO  server.RaftServerConfigKeys (ConfUtils.java:logGet(43)) - raft.server.log.appender.install.snapshot.enabled = false (custom)
2019-09-25 11:00:08,218 [pool-37-thread-1] INFO  impl.RaftServerImpl (ServerState.java:<init>(103)) - 024c4dd7-7c9d-4cdb-8271-6a4ddb62c17e@group-AB757A6B681D: ConfigurationManager, init=-1: [024c4dd7-7c9d-4cdb-8271-6a4ddb62c17e:192.168.30.6:36470], old=null, confs=<EMPTY_MAP>
2019-09-25 11:00:08,218 [pool-37-thread-1] INFO  server.RaftServerConfigKeys (ConfUtils.java:logGet(43)) - raft.server.storage.dir = [/workdir/hadoop-ozone/integration-test/target/test-dir/MiniOzoneClusterImpl-cb8ecd13-95cc-47fe-8445-93be882af5d4/datanode-1/data/ratis] (custom)
2019-09-25 11:00:08,219 [pool-37-thread-1] INFO  storage.RaftStorageDirectory (RaftStorageDirectory.java:analyzeStorage(246)) - The storage directory /workdir/hadoop-ozone/integration-test/target/test-dir/MiniOzoneClusterImpl-cb8ecd13-95cc-47fe-8445-93be882af5d4/datanode-1/data/ratis/7faffb15-4744-4832-91c6-ab757a6b681d does not exist. Creating ...
2019-09-25 11:00:08,224 [pool-37-thread-1] INFO  storage.RaftStorageDirectory (RaftStorageDirectory.java:tryLock(328)) - Lock on /workdir/hadoop-ozone/integration-test/target/test-dir/MiniOzoneClusterImpl-cb8ecd13-95cc-47fe-8445-93be882af5d4/datanode-1/data/ratis/7faffb15-4744-4832-91c6-ab757a6b681d/in_use.lock acquired by nodename 21763@pr-hdds-1569-5gmkr-4255264070
2019-09-25 11:00:08,241 [pool-37-thread-1] INFO  storage.RaftStorage (RaftStorage.java:format(72)) - Storage directory /workdir/hadoop-ozone/integration-test/target/test-dir/MiniOzoneClusterImpl-cb8ecd13-95cc-47fe-8445-93be882af5d4/datanode-1/data/ratis/7faffb15-4744-4832-91c6-ab757a6b681d has been successfully formatted.
2019-09-25 11:00:08,241 [pool-37-thread-1] INFO  ratis.ContainerStateMachine (ContainerStateMachine.java:loadSnapshot(230)) - group-AB757A6B681D: The snapshot info is null. Setting the last applied indexto:(t:0, i:~)
2019-09-25 11:00:08,242 [pool-37-thread-1] INFO  server.RaftServerConfigKeys (ConfUtils.java:logGet(43)) - raft.server.notification.no-leader.timeout = 120s (custom)
2019-09-25 11:00:08,242 [pool-37-thread-1] INFO  server.RaftServerConfigKeys (ConfUtils.java:logGet(43)) - raft.server.log.use.memory = false (default)
2019-09-25 11:00:08,242 [pool-37-thread-1] INFO  server.RaftServerConfigKeys (ConfUtils.java:logGet(43)) - raft.server.log.purge.gap = 1000000 (custom)
2019-09-25 11:00:08,242 [pool-37-thread-1] INFO  server.RaftServerConfigKeys (ConfUtils.java:logGet(43)) - raft.server.log.appender.buffer.byte-limit = 33554432 (custom)
2019-09-25 11:00:08,242 [pool-37-thread-1] INFO  server.RaftServerConfigKeys (ConfUtils.java:logGet(43)) - raft.server.log.segment.size.max = 1048576 (custom)
2019-09-25 11:00:08,242 [pool-37-thread-1] INFO  server.RaftServerConfigKeys (ConfUtils.java:logGet(43)) - raft.server.log.segment.cache.num.max = 2 (custom)
2019-09-25 11:00:08,242 [pool-37-thread-1] INFO  segmented.SegmentedRaftLogWorker (SegmentedRaftLogWorker.java:<init>(172)) - new 024c4dd7-7c9d-4cdb-8271-6a4ddb62c17e@group-AB757A6B681D-SegmentedRaftLogWorker for RaftStorage:Storage Directory /workdir/hadoop-ozone/integration-test/target/test-dir/MiniOzoneClusterImpl-cb8ecd13-95cc-47fe-8445-93be882af5d4/datanode-1/data/ratis/7faffb15-4744-4832-91c6-ab757a6b681d
2019-09-25 11:00:08,242 [pool-37-thread-1] INFO  server.RaftServerConfigKeys (ConfUtils.java:logGet(43)) - raft.server.log.queue.byte-limit = 2147483647 (custom)
2019-09-25 11:00:08,243 [pool-37-thread-1] INFO  server.RaftServerConfigKeys (ConfUtils.java:logGet(43)) - raft.server.log.queue.element-limit = 1024 (custom)
2019-09-25 11:00:08,243 [pool-37-thread-1] INFO  server.RaftServerConfigKeys (ConfUtils.java:logGet(43)) - raft.server.log.segment.size.max = 1048576 (custom)
2019-09-25 11:00:08,243 [pool-37-thread-1] INFO  server.RaftServerConfigKeys (ConfUtils.java:logGet(43)) - raft.server.log.preallocated.size = 16384 (custom)
2019-09-25 11:00:08,243 [pool-37-thread-1] INFO  server.RaftServerConfigKeys (ConfUtils.java:logGet(43)) - raft.server.log.write.buffer.size = 33554432 (custom)
2019-09-25 11:00:08,243 [pool-37-thread-1] INFO  server.RaftServerConfigKeys (ConfUtils.java:logGet(43)) - raft.server.log.force.sync.num = 128 (default)
2019-09-25 11:00:08,243 [pool-37-thread-1] INFO  server.RaftServerConfigKeys (ConfUtils.java:logGet(43)) - raft.server.log.statemachine.data.sync = true (default)
2019-09-25 11:00:08,243 [pool-37-thread-1] INFO  server.RaftServerConfigKeys (ConfUtils.java:logGet(43)) - raft.server.log.statemachine.data.sync.timeout = 10s (default)
2019-09-25 11:00:08,243 [pool-37-thread-1] INFO  server.RaftServerConfigKeys (ConfUtils.java:logGet(43)) - raft.server.log.statemachine.data.sync.timeout.retry = -1 (default)
2019-09-25 11:00:08,244 [pool-37-thread-1] INFO  server.RaftServerConfigKeys (ConfUtils.java:logGet(43)) - raft.server.log.statemachine.data.caching.enabled = true (custom)
2019-09-25 11:00:08,244 [pool-37-thread-1] INFO  segmented.SegmentedRaftLogWorker (SegmentedRaftLogWorker.java:lambda$new$0(132)) - 024c4dd7-7c9d-4cdb-8271-6a4ddb62c17e@group-AB757A6B681D-SegmentedRaftLogWorker: flushIndex: setUnconditionally 0 -> -1
2019-09-25 11:00:08,244 [pool-37-thread-1] INFO  server.RaftServerConfigKeys (ConfUtils.java:logGet(43)) - raft.server.snapshot.auto.trigger.enabled = true (custom)
2019-09-25 11:00:08,244 [pool-37-thread-1] INFO  server.RaftServerConfigKeys (ConfUtils.java:logGet(43)) - raft.server.snapshot.auto.trigger.threshold = 10000 (custom)
2019-09-25 11:00:08,244 [pool-37-thread-1] INFO  server.RaftServerConfigKeys (ConfUtils.java:logGet(43)) - raft.server.snapshot.retention.num.files = 5 (custom)
2019-09-25 11:00:08,244 [pool-37-thread-1] INFO  server.RaftServerConfigKeys (ConfUtils.java:logGet(43)) - raft.server.retrycache.expirytime = 600000ms (custom)
2019-09-25 11:00:08,246 [pool-37-thread-1] INFO  impl.RaftServerImpl (RaftServerImpl.java:start(185)) - 024c4dd7-7c9d-4cdb-8271-6a4ddb62c17e@group-AB757A6B681D: start as a follower, conf=-1: [024c4dd7-7c9d-4cdb-8271-6a4ddb62c17e:192.168.30.6:36470], old=null
2019-09-25 11:00:08,246 [pool-37-thread-1] INFO  impl.RaftServerImpl (RaftServerImpl.java:setRole(174)) - 024c4dd7-7c9d-4cdb-8271-6a4ddb62c17e@group-AB757A6B681D: changes role from      null to FOLLOWER at term 0 for startAsFollower
2019-09-25 11:00:08,247 [pool-37-thread-1] INFO  impl.RoleInfo (RoleInfo.java:updateAndGet(143)) - 024c4dd7-7c9d-4cdb-8271-6a4ddb62c17e: start FollowerState
2019-09-25 11:00:08,247 [pool-37-thread-1] INFO  util.JmxRegister (JmxRegister.java:tryRegister(44)) - Successfully registered JMX Bean with object name Ratis:service=RaftServer,group=group-AB757A6B681D,id=024c4dd7-7c9d-4cdb-8271-6a4ddb62c17e
2019-09-25 11:00:08,253 [RatisPipelineUtilsThread] INFO  pipeline.PipelineStateManager (PipelineStateManager.java:addPipeline(56)) - Created pipeline Pipeline[ Id: 7faffb15-4744-4832-91c6-ab757a6b681d, Nodes: 024c4dd7-7c9d-4cdb-8271-6a4ddb62c17e{ip: 192.168.30.6, host: pr-hdds-1569-5gmkr-4255264070, networkLocation: /default-rack, certSerialId: null}, Type:RATIS, Factor:ONE, State:OPEN]
2019-09-25 11:00:08,263 [grpc-default-executor-0] INFO  impl.RaftServerProxy (RaftServerProxy.java:addNew(89)) - 10236b5f-bff6-485e-aafa-3b26ea1d6574: addNew group-F7CDF0A4393A:[10236b5f-bff6-485e-aafa-3b26ea1d6574:192.168.30.6:44690] returns group-F7CDF0A4393A:java.util.concurrent.CompletableFuture@4b8772f[Not completed]
2019-09-25 11:00:08,265 [pool-87-thread-1] INFO  impl.RaftServerImpl (RaftServerImpl.java:<init>(95)) - 10236b5f-bff6-485e-aafa-3b26ea1d6574: new RaftServerImpl for group-F7CDF0A4393A:[10236b5f-bff6-485e-aafa-3b26ea1d6574:192.168.30.6:44690] with ContainerStateMachine:uninitialized
2019-09-25 11:00:08,265 [pool-87-thread-1] INFO  server.RaftServerConfigKeys (ConfUtils.java:logGet(43)) - raft.server.rpc.timeout.min = 5s (custom)
2019-09-25 11:00:08,265 [pool-87-thread-1] INFO  server.RaftServerConfigKeys (ConfUtils.java:logGet(43)) - raft.server.rpc.timeout.max = 5200ms (custom)
2019-09-25 11:00:08,265 [pool-87-thread-1] INFO  server.RaftServerConfigKeys (ConfUtils.java:logGet(43)) - raft.server.rpcslowness.timeout = 120s (custom)
2019-09-25 11:00:08,265 [pool-87-thread-1] INFO  server.RaftServerConfigKeys (ConfUtils.java:logGet(43)) - raft.server.sleep.deviation.threshold = 300 (default)
2019-09-25 11:00:08,265 [pool-87-thread-1] INFO  server.RaftServerConfigKeys (ConfUtils.java:logGet(43)) - raft.server.log.appender.install.snapshot.enabled = false (custom)
2019-09-25 11:00:08,266 [pool-87-thread-1] INFO  impl.RaftServerImpl (ServerState.java:<init>(103)) - 10236b5f-bff6-485e-aafa-3b26ea1d6574@group-F7CDF0A4393A: ConfigurationManager, init=-1: [10236b5f-bff6-485e-aafa-3b26ea1d6574:192.168.30.6:44690], old=null, confs=<EMPTY_MAP>
2019-09-25 11:00:08,266 [pool-87-thread-1] INFO  server.RaftServerConfigKeys (ConfUtils.java:logGet(43)) - raft.server.storage.dir = [/workdir/hadoop-ozone/integration-test/target/test-dir/MiniOzoneClusterImpl-cb8ecd13-95cc-47fe-8445-93be882af5d4/datanode-6/data/ratis] (custom)
2019-09-25 11:00:08,266 [pool-87-thread-1] INFO  storage.RaftStorageDirectory (RaftStorageDirectory.java:analyzeStorage(246)) - The storage directory /workdir/hadoop-ozone/integration-test/target/test-dir/MiniOzoneClusterImpl-cb8ecd13-95cc-47fe-8445-93be882af5d4/datanode-6/data/ratis/3e11c912-5dc4-4ad3-ab72-f7cdf0a4393a does not exist. Creating ...
2019-09-25 11:00:08,287 [pool-87-thread-1] INFO  storage.RaftStorageDirectory (RaftStorageDirectory.java:tryLock(328)) - Lock on /workdir/hadoop-ozone/integration-test/target/test-dir/MiniOzoneClusterImpl-cb8ecd13-95cc-47fe-8445-93be882af5d4/datanode-6/data/ratis/3e11c912-5dc4-4ad3-ab72-f7cdf0a4393a/in_use.lock acquired by nodename 21763@pr-hdds-1569-5gmkr-4255264070
2019-09-25 11:00:08,298 [pool-87-thread-1] INFO  storage.RaftStorage (RaftStorage.java:format(72)) - Storage directory /workdir/hadoop-ozone/integration-test/target/test-dir/MiniOzoneClusterImpl-cb8ecd13-95cc-47fe-8445-93be882af5d4/datanode-6/data/ratis/3e11c912-5dc4-4ad3-ab72-f7cdf0a4393a has been successfully formatted.
2019-09-25 11:00:08,299 [pool-87-thread-1] INFO  ratis.ContainerStateMachine (ContainerStateMachine.java:loadSnapshot(230)) - group-F7CDF0A4393A: The snapshot info is null. Setting the last applied indexto:(t:0, i:~)
2019-09-25 11:00:08,299 [pool-87-thread-1] INFO  server.RaftServerConfigKeys (ConfUtils.java:logGet(43)) - raft.server.notification.no-leader.timeout = 120s (custom)
2019-09-25 11:00:08,299 [pool-87-thread-1] INFO  server.RaftServerConfigKeys (ConfUtils.java:logGet(43)) - raft.server.log.use.memory = false (default)
2019-09-25 11:00:08,299 [pool-87-thread-1] INFO  server.RaftServerConfigKeys (ConfUtils.java:logGet(43)) - raft.server.log.purge.gap = 1000000 (custom)
2019-09-25 11:00:08,299 [pool-87-thread-1] INFO  server.RaftServerConfigKeys (ConfUtils.java:logGet(43)) - raft.server.log.appender.buffer.byte-limit = 33554432 (custom)
2019-09-25 11:00:08,300 [pool-87-thread-1] INFO  server.RaftServerConfigKeys (ConfUtils.java:logGet(43)) - raft.server.log.segment.size.max = 1048576 (custom)
2019-09-25 11:00:08,300 [pool-87-thread-1] INFO  server.RaftServerConfigKeys (ConfUtils.java:logGet(43)) - raft.server.log.segment.cache.num.max = 2 (custom)
2019-09-25 11:00:08,300 [pool-87-thread-1] INFO  segmented.SegmentedRaftLogWorker (SegmentedRaftLogWorker.java:<init>(172)) - new 10236b5f-bff6-485e-aafa-3b26ea1d6574@group-F7CDF0A4393A-SegmentedRaftLogWorker for RaftStorage:Storage Directory /workdir/hadoop-ozone/integration-test/target/test-dir/MiniOzoneClusterImpl-cb8ecd13-95cc-47fe-8445-93be882af5d4/datanode-6/data/ratis/3e11c912-5dc4-4ad3-ab72-f7cdf0a4393a
2019-09-25 11:00:08,300 [pool-87-thread-1] INFO  server.RaftServerConfigKeys (ConfUtils.java:logGet(43)) - raft.server.log.queue.byte-limit = 2147483647 (custom)
2019-09-25 11:00:08,300 [pool-87-thread-1] INFO  server.RaftServerConfigKeys (ConfUtils.java:logGet(43)) - raft.server.log.queue.element-limit = 1024 (custom)
2019-09-25 11:00:08,301 [pool-87-thread-1] INFO  server.RaftServerConfigKeys (ConfUtils.java:logGet(43)) - raft.server.log.segment.size.max = 1048576 (custom)
2019-09-25 11:00:08,301 [pool-87-thread-1] INFO  server.RaftServerConfigKeys (ConfUtils.java:logGet(43)) - raft.server.log.preallocated.size = 16384 (custom)
2019-09-25 11:00:08,301 [pool-87-thread-1] INFO  server.RaftServerConfigKeys (ConfUtils.java:logGet(43)) - raft.server.log.write.buffer.size = 33554432 (custom)
2019-09-25 11:00:08,301 [pool-87-thread-1] INFO  server.RaftServerConfigKeys (ConfUtils.java:logGet(43)) - raft.server.log.force.sync.num = 128 (default)
2019-09-25 11:00:08,301 [pool-87-thread-1] INFO  server.RaftServerConfigKeys (ConfUtils.java:logGet(43)) - raft.server.log.statemachine.data.sync = true (default)
2019-09-25 11:00:08,301 [pool-87-thread-1] INFO  server.RaftServerConfigKeys (ConfUtils.java:logGet(43)) - raft.server.log.statemachine.data.sync.timeout = 10s (default)
2019-09-25 11:00:08,302 [pool-87-thread-1] INFO  server.RaftServerConfigKeys (ConfUtils.java:logGet(43)) - raft.server.log.statemachine.data.sync.timeout.retry = -1 (default)
2019-09-25 11:00:08,302 [pool-87-thread-1] INFO  server.RaftServerConfigKeys (ConfUtils.java:logGet(43)) - raft.server.log.statemachine.data.caching.enabled = true (custom)
2019-09-25 11:00:08,302 [pool-87-thread-1] INFO  segmented.SegmentedRaftLogWorker (SegmentedRaftLogWorker.java:lambda$new$0(132)) - 10236b5f-bff6-485e-aafa-3b26ea1d6574@group-F7CDF0A4393A-SegmentedRaftLogWorker: flushIndex: setUnconditionally 0 -> -1
2019-09-25 11:00:08,303 [pool-87-thread-1] INFO  server.RaftServerConfigKeys (ConfUtils.java:logGet(43)) - raft.server.snapshot.auto.trigger.enabled = true (custom)
2019-09-25 11:00:08,303 [pool-87-thread-1] INFO  server.RaftServerConfigKeys (ConfUtils.java:logGet(43)) - raft.server.snapshot.auto.trigger.threshold = 10000 (custom)
2019-09-25 11:00:08,303 [pool-87-thread-1] INFO  server.RaftServerConfigKeys (ConfUtils.java:logGet(43)) - raft.server.snapshot.retention.num.files = 5 (custom)
2019-09-25 11:00:08,303 [pool-87-thread-1] INFO  server.RaftServerConfigKeys (ConfUtils.java:logGet(43)) - raft.server.retrycache.expirytime = 600000ms (custom)
2019-09-25 11:00:08,306 [pool-87-thread-1] INFO  impl.RaftServerImpl (RaftServerImpl.java:start(185)) - 10236b5f-bff6-485e-aafa-3b26ea1d6574@group-F7CDF0A4393A: start as a follower, conf=-1: [10236b5f-bff6-485e-aafa-3b26ea1d6574:192.168.30.6:44690], old=null
2019-09-25 11:00:08,306 [pool-87-thread-1] INFO  impl.RaftServerImpl (RaftServerImpl.java:setRole(174)) - 10236b5f-bff6-485e-aafa-3b26ea1d6574@group-F7CDF0A4393A: changes role from      null to FOLLOWER at term 0 for startAsFollower
2019-09-25 11:00:08,307 [pool-87-thread-1] INFO  impl.RoleInfo (RoleInfo.java:updateAndGet(143)) - 10236b5f-bff6-485e-aafa-3b26ea1d6574: start FollowerState
2019-09-25 11:00:08,307 [pool-87-thread-1] INFO  util.JmxRegister (JmxRegister.java:tryRegister(44)) - Successfully registered JMX Bean with object name Ratis:service=RaftServer,group=group-F7CDF0A4393A,id=10236b5f-bff6-485e-aafa-3b26ea1d6574
2019-09-25 11:00:08,313 [RatisPipelineUtilsThread] INFO  pipeline.PipelineStateManager (PipelineStateManager.java:addPipeline(56)) - Created pipeline Pipeline[ Id: 3e11c912-5dc4-4ad3-ab72-f7cdf0a4393a, Nodes: 10236b5f-bff6-485e-aafa-3b26ea1d6574{ip: 192.168.30.6, host: pr-hdds-1569-5gmkr-4255264070, networkLocation: /default-rack, certSerialId: null}, Type:RATIS, Factor:ONE, State:OPEN]
2019-09-25 11:00:08,313 [RatisPipelineUtilsThread] INFO  pipeline.PipelinePlacementPolicy (PipelinePlacementPolicy.java:meetCriteria(91)) - Pipeline Placement: can't place more pipeline on heavy datanode： 10236b5f-bff6-485e-aafa-3b26ea1d6574 Heaviness: 6 limit: 5
2019-09-25 11:00:08,323 [grpc-default-executor-0] INFO  impl.RaftServerProxy (RaftServerProxy.java:addNew(89)) - 024c4dd7-7c9d-4cdb-8271-6a4ddb62c17e: addNew group-406844D73841:[024c4dd7-7c9d-4cdb-8271-6a4ddb62c17e:192.168.30.6:36470] returns group-406844D73841:java.util.concurrent.CompletableFuture@6803d7ad[Not completed]
2019-09-25 11:00:08,324 [pool-37-thread-1] INFO  impl.RaftServerImpl (RaftServerImpl.java:<init>(95)) - 024c4dd7-7c9d-4cdb-8271-6a4ddb62c17e: new RaftServerImpl for group-406844D73841:[024c4dd7-7c9d-4cdb-8271-6a4ddb62c17e:192.168.30.6:36470] with ContainerStateMachine:uninitialized
2019-09-25 11:00:08,324 [pool-37-thread-1] INFO  server.RaftServerConfigKeys (ConfUtils.java:logGet(43)) - raft.server.rpc.timeout.min = 5s (custom)
2019-09-25 11:00:08,324 [pool-37-thread-1] INFO  server.RaftServerConfigKeys (ConfUtils.java:logGet(43)) - raft.server.rpc.timeout.max = 5200ms (custom)
2019-09-25 11:00:08,324 [pool-37-thread-1] INFO  server.RaftServerConfigKeys (ConfUtils.java:logGet(43)) - raft.server.rpcslowness.timeout = 120s (custom)
2019-09-25 11:00:08,324 [pool-37-thread-1] INFO  server.RaftServerConfigKeys (ConfUtils.java:logGet(43)) - raft.server.sleep.deviation.threshold = 300 (default)
2019-09-25 11:00:08,324 [pool-37-thread-1] INFO  server.RaftServerConfigKeys (ConfUtils.java:logGet(43)) - raft.server.log.appender.install.snapshot.enabled = false (custom)
2019-09-25 11:00:08,324 [pool-37-thread-1] INFO  impl.RaftServerImpl (ServerState.java:<init>(103)) - 024c4dd7-7c9d-4cdb-8271-6a4ddb62c17e@group-406844D73841: ConfigurationManager, init=-1: [024c4dd7-7c9d-4cdb-8271-6a4ddb62c17e:192.168.30.6:36470], old=null, confs=<EMPTY_MAP>
2019-09-25 11:00:08,325 [pool-37-thread-1] INFO  server.RaftServerConfigKeys (ConfUtils.java:logGet(43)) - raft.server.storage.dir = [/workdir/hadoop-ozone/integration-test/target/test-dir/MiniOzoneClusterImpl-cb8ecd13-95cc-47fe-8445-93be882af5d4/datanode-1/data/ratis] (custom)
2019-09-25 11:00:08,325 [pool-37-thread-1] INFO  storage.RaftStorageDirectory (RaftStorageDirectory.java:analyzeStorage(246)) - The storage directory /workdir/hadoop-ozone/integration-test/target/test-dir/MiniOzoneClusterImpl-cb8ecd13-95cc-47fe-8445-93be882af5d4/datanode-1/data/ratis/eafbe55c-0727-4c00-a00e-406844d73841 does not exist. Creating ...
2019-09-25 11:00:08,344 [Thread-238] INFO  container.ReplicationManager (ReplicationManager.java:start(163)) - Starting Replication Monitor Thread.
2019-09-25 11:00:08,346 [ReplicationMonitor] INFO  container.ReplicationManager (ReplicationManager.java:run(226)) - Replication Monitor Thread took 1 milliseconds for processing 0 containers.
2019-09-25 11:00:08,358 [pool-37-thread-1] INFO  storage.RaftStorageDirectory (RaftStorageDirectory.java:tryLock(328)) - Lock on /workdir/hadoop-ozone/integration-test/target/test-dir/MiniOzoneClusterImpl-cb8ecd13-95cc-47fe-8445-93be882af5d4/datanode-1/data/ratis/eafbe55c-0727-4c00-a00e-406844d73841/in_use.lock acquired by nodename 21763@pr-hdds-1569-5gmkr-4255264070
2019-09-25 11:00:08,371 [pool-37-thread-1] INFO  storage.RaftStorage (RaftStorage.java:format(72)) - Storage directory /workdir/hadoop-ozone/integration-test/target/test-dir/MiniOzoneClusterImpl-cb8ecd13-95cc-47fe-8445-93be882af5d4/datanode-1/data/ratis/eafbe55c-0727-4c00-a00e-406844d73841 has been successfully formatted.
2019-09-25 11:00:08,372 [pool-37-thread-1] INFO  ratis.ContainerStateMachine (ContainerStateMachine.java:loadSnapshot(230)) - group-406844D73841: The snapshot info is null. Setting the last applied indexto:(t:0, i:~)
2019-09-25 11:00:08,372 [pool-37-thread-1] INFO  server.RaftServerConfigKeys (ConfUtils.java:logGet(43)) - raft.server.notification.no-leader.timeout = 120s (custom)
2019-09-25 11:00:08,372 [pool-37-thread-1] INFO  server.RaftServerConfigKeys (ConfUtils.java:logGet(43)) - raft.server.log.use.memory = false (default)
2019-09-25 11:00:08,372 [pool-37-thread-1] INFO  server.RaftServerConfigKeys (ConfUtils.java:logGet(43)) - raft.server.log.purge.gap = 1000000 (custom)
2019-09-25 11:00:08,372 [pool-37-thread-1] INFO  server.RaftServerConfigKeys (ConfUtils.java:logGet(43)) - raft.server.log.appender.buffer.byte-limit = 33554432 (custom)
2019-09-25 11:00:08,373 [pool-37-thread-1] INFO  server.RaftServerConfigKeys (ConfUtils.java:logGet(43)) - raft.server.log.segment.size.max = 1048576 (custom)
2019-09-25 11:00:08,373 [pool-37-thread-1] INFO  server.RaftServerConfigKeys (ConfUtils.java:logGet(43)) - raft.server.log.segment.cache.num.max = 2 (custom)
2019-09-25 11:00:08,373 [pool-37-thread-1] INFO  segmented.SegmentedRaftLogWorker (SegmentedRaftLogWorker.java:<init>(172)) - new 024c4dd7-7c9d-4cdb-8271-6a4ddb62c17e@group-406844D73841-SegmentedRaftLogWorker for RaftStorage:Storage Directory /workdir/hadoop-ozone/integration-test/target/test-dir/MiniOzoneClusterImpl-cb8ecd13-95cc-47fe-8445-93be882af5d4/datanode-1/data/ratis/eafbe55c-0727-4c00-a00e-406844d73841
2019-09-25 11:00:08,373 [pool-37-thread-1] INFO  server.RaftServerConfigKeys (ConfUtils.java:logGet(43)) - raft.server.log.queue.byte-limit = 2147483647 (custom)
2019-09-25 11:00:08,373 [pool-37-thread-1] INFO  server.RaftServerConfigKeys (ConfUtils.java:logGet(43)) - raft.server.log.queue.element-limit = 1024 (custom)
2019-09-25 11:00:08,373 [pool-37-thread-1] INFO  server.RaftServerConfigKeys (ConfUtils.java:logGet(43)) - raft.server.log.segment.size.max = 1048576 (custom)
2019-09-25 11:00:08,374 [pool-37-thread-1] INFO  server.RaftServerConfigKeys (ConfUtils.java:logGet(43)) - raft.server.log.preallocated.size = 16384 (custom)
2019-09-25 11:00:08,374 [pool-37-thread-1] INFO  server.RaftServerConfigKeys (ConfUtils.java:logGet(43)) - raft.server.log.write.buffer.size = 33554432 (custom)
2019-09-25 11:00:08,374 [pool-37-thread-1] INFO  server.RaftServerConfigKeys (ConfUtils.java:logGet(43)) - raft.server.log.force.sync.num = 128 (default)
2019-09-25 11:00:08,374 [pool-37-thread-1] INFO  server.RaftServerConfigKeys (ConfUtils.java:logGet(43)) - raft.server.log.statemachine.data.sync = true (default)
2019-09-25 11:00:08,374 [pool-37-thread-1] INFO  server.RaftServerConfigKeys (ConfUtils.java:logGet(43)) - raft.server.log.statemachine.data.sync.timeout = 10s (default)
2019-09-25 11:00:08,374 [pool-37-thread-1] INFO  server.RaftServerConfigKeys (ConfUtils.java:logGet(43)) - raft.server.log.statemachine.data.sync.timeout.retry = -1 (default)
2019-09-25 11:00:08,375 [pool-37-thread-1] INFO  server.RaftServerConfigKeys (ConfUtils.java:logGet(43)) - raft.server.log.statemachine.data.caching.enabled = true (custom)
2019-09-25 11:00:08,375 [pool-37-thread-1] INFO  segmented.SegmentedRaftLogWorker (SegmentedRaftLogWorker.java:lambda$new$0(132)) - 024c4dd7-7c9d-4cdb-8271-6a4ddb62c17e@group-406844D73841-SegmentedRaftLogWorker: flushIndex: setUnconditionally 0 -> -1
2019-09-25 11:00:08,375 [pool-37-thread-1] INFO  server.RaftServerConfigKeys (ConfUtils.java:logGet(43)) - raft.server.snapshot.auto.trigger.enabled = true (custom)
2019-09-25 11:00:08,375 [pool-37-thread-1] INFO  server.RaftServerConfigKeys (ConfUtils.java:logGet(43)) - raft.server.snapshot.auto.trigger.threshold = 10000 (custom)
2019-09-25 11:00:08,376 [pool-37-thread-1] INFO  server.RaftServerConfigKeys (ConfUtils.java:logGet(43)) - raft.server.snapshot.retention.num.files = 5 (custom)
2019-09-25 11:00:08,376 [pool-37-thread-1] INFO  server.RaftServerConfigKeys (ConfUtils.java:logGet(43)) - raft.server.retrycache.expirytime = 600000ms (custom)
2019-09-25 11:00:08,378 [pool-37-thread-1] INFO  impl.RaftServerImpl (RaftServerImpl.java:start(185)) - 024c4dd7-7c9d-4cdb-8271-6a4ddb62c17e@group-406844D73841: start as a follower, conf=-1: [024c4dd7-7c9d-4cdb-8271-6a4ddb62c17e:192.168.30.6:36470], old=null
2019-09-25 11:00:08,378 [pool-37-thread-1] INFO  impl.RaftServerImpl (RaftServerImpl.java:setRole(174)) - 024c4dd7-7c9d-4cdb-8271-6a4ddb62c17e@group-406844D73841: changes role from      null to FOLLOWER at term 0 for startAsFollower
2019-09-25 11:00:08,378 [pool-37-thread-1] INFO  impl.RoleInfo (RoleInfo.java:updateAndGet(143)) - 024c4dd7-7c9d-4cdb-8271-6a4ddb62c17e: start FollowerState
2019-09-25 11:00:08,379 [pool-37-thread-1] INFO  util.JmxRegister (JmxRegister.java:tryRegister(44)) - Successfully registered JMX Bean with object name Ratis:service=RaftServer,group=group-406844D73841,id=024c4dd7-7c9d-4cdb-8271-6a4ddb62c17e
2019-09-25 11:00:08,385 [RatisPipelineUtilsThread] INFO  pipeline.PipelineStateManager (PipelineStateManager.java:addPipeline(56)) - Created pipeline Pipeline[ Id: eafbe55c-0727-4c00-a00e-406844d73841, Nodes: 024c4dd7-7c9d-4cdb-8271-6a4ddb62c17e{ip: 192.168.30.6, host: pr-hdds-1569-5gmkr-4255264070, networkLocation: /default-rack, certSerialId: null}, Type:RATIS, Factor:ONE, State:OPEN]
2019-09-25 11:00:08,385 [RatisPipelineUtilsThread] INFO  pipeline.PipelinePlacementPolicy (PipelinePlacementPolicy.java:meetCriteria(91)) - Pipeline Placement: can't place more pipeline on heavy datanode： 10236b5f-bff6-485e-aafa-3b26ea1d6574 Heaviness: 6 limit: 5
2019-09-25 11:00:08,396 [grpc-default-executor-0] INFO  impl.RaftServerProxy (RaftServerProxy.java:addNew(89)) - 5f9a0e92-828f-4406-8370-fc24211be18d: addNew group-8C8046F07407:[5f9a0e92-828f-4406-8370-fc24211be18d:192.168.30.6:38144] returns group-8C8046F07407:java.util.concurrent.CompletableFuture@4ca9c992[Not completed]
2019-09-25 11:00:08,397 [pool-57-thread-1] INFO  impl.RaftServerImpl (RaftServerImpl.java:<init>(95)) - 5f9a0e92-828f-4406-8370-fc24211be18d: new RaftServerImpl for group-8C8046F07407:[5f9a0e92-828f-4406-8370-fc24211be18d:192.168.30.6:38144] with ContainerStateMachine:uninitialized
2019-09-25 11:00:08,397 [pool-57-thread-1] INFO  server.RaftServerConfigKeys (ConfUtils.java:logGet(43)) - raft.server.rpc.timeout.min = 5s (custom)
2019-09-25 11:00:08,397 [pool-57-thread-1] INFO  server.RaftServerConfigKeys (ConfUtils.java:logGet(43)) - raft.server.rpc.timeout.max = 5200ms (custom)
2019-09-25 11:00:08,397 [pool-57-thread-1] INFO  server.RaftServerConfigKeys (ConfUtils.java:logGet(43)) - raft.server.rpcslowness.timeout = 120s (custom)
2019-09-25 11:00:08,398 [pool-57-thread-1] INFO  server.RaftServerConfigKeys (ConfUtils.java:logGet(43)) - raft.server.sleep.deviation.threshold = 300 (default)
2019-09-25 11:00:08,398 [pool-57-thread-1] INFO  server.RaftServerConfigKeys (ConfUtils.java:logGet(43)) - raft.server.log.appender.install.snapshot.enabled = false (custom)
2019-09-25 11:00:08,398 [pool-57-thread-1] INFO  impl.RaftServerImpl (ServerState.java:<init>(103)) - 5f9a0e92-828f-4406-8370-fc24211be18d@group-8C8046F07407: ConfigurationManager, init=-1: [5f9a0e92-828f-4406-8370-fc24211be18d:192.168.30.6:38144], old=null, confs=<EMPTY_MAP>
2019-09-25 11:00:08,398 [pool-57-thread-1] INFO  server.RaftServerConfigKeys (ConfUtils.java:logGet(43)) - raft.server.storage.dir = [/workdir/hadoop-ozone/integration-test/target/test-dir/MiniOzoneClusterImpl-cb8ecd13-95cc-47fe-8445-93be882af5d4/datanode-3/data/ratis] (custom)
2019-09-25 11:00:08,398 [pool-57-thread-1] INFO  storage.RaftStorageDirectory (RaftStorageDirectory.java:analyzeStorage(246)) - The storage directory /workdir/hadoop-ozone/integration-test/target/test-dir/MiniOzoneClusterImpl-cb8ecd13-95cc-47fe-8445-93be882af5d4/datanode-3/data/ratis/69805b67-260a-402a-83f5-8c8046f07407 does not exist. Creating ...
2019-09-25 11:00:08,411 [pool-57-thread-1] INFO  storage.RaftStorageDirectory (RaftStorageDirectory.java:tryLock(328)) - Lock on /workdir/hadoop-ozone/integration-test/target/test-dir/MiniOzoneClusterImpl-cb8ecd13-95cc-47fe-8445-93be882af5d4/datanode-3/data/ratis/69805b67-260a-402a-83f5-8c8046f07407/in_use.lock acquired by nodename 21763@pr-hdds-1569-5gmkr-4255264070
2019-09-25 11:00:08,425 [pool-57-thread-1] INFO  storage.RaftStorage (RaftStorage.java:format(72)) - Storage directory /workdir/hadoop-ozone/integration-test/target/test-dir/MiniOzoneClusterImpl-cb8ecd13-95cc-47fe-8445-93be882af5d4/datanode-3/data/ratis/69805b67-260a-402a-83f5-8c8046f07407 has been successfully formatted.
2019-09-25 11:00:08,425 [pool-57-thread-1] INFO  ratis.ContainerStateMachine (ContainerStateMachine.java:loadSnapshot(230)) - group-8C8046F07407: The snapshot info is null. Setting the last applied indexto:(t:0, i:~)
2019-09-25 11:00:08,425 [pool-57-thread-1] INFO  server.RaftServerConfigKeys (ConfUtils.java:logGet(43)) - raft.server.notification.no-leader.timeout = 120s (custom)
2019-09-25 11:00:08,425 [pool-57-thread-1] INFO  server.RaftServerConfigKeys (ConfUtils.java:logGet(43)) - raft.server.log.use.memory = false (default)
2019-09-25 11:00:08,425 [pool-57-thread-1] INFO  server.RaftServerConfigKeys (ConfUtils.java:logGet(43)) - raft.server.log.purge.gap = 1000000 (custom)
2019-09-25 11:00:08,425 [pool-57-thread-1] INFO  server.RaftServerConfigKeys (ConfUtils.java:logGet(43)) - raft.server.log.appender.buffer.byte-limit = 33554432 (custom)
2019-09-25 11:00:08,425 [pool-57-thread-1] INFO  server.RaftServerConfigKeys (ConfUtils.java:logGet(43)) - raft.server.log.segment.size.max = 1048576 (custom)
2019-09-25 11:00:08,425 [pool-57-thread-1] INFO  server.RaftServerConfigKeys (ConfUtils.java:logGet(43)) - raft.server.log.segment.cache.num.max = 2 (custom)
2019-09-25 11:00:08,425 [pool-57-thread-1] INFO  segmented.SegmentedRaftLogWorker (SegmentedRaftLogWorker.java:<init>(172)) - new 5f9a0e92-828f-4406-8370-fc24211be18d@group-8C8046F07407-SegmentedRaftLogWorker for RaftStorage:Storage Directory /workdir/hadoop-ozone/integration-test/target/test-dir/MiniOzoneClusterImpl-cb8ecd13-95cc-47fe-8445-93be882af5d4/datanode-3/data/ratis/69805b67-260a-402a-83f5-8c8046f07407
2019-09-25 11:00:08,426 [pool-57-thread-1] INFO  server.RaftServerConfigKeys (ConfUtils.java:logGet(43)) - raft.server.log.queue.byte-limit = 2147483647 (custom)
2019-09-25 11:00:08,426 [pool-57-thread-1] INFO  server.RaftServerConfigKeys (ConfUtils.java:logGet(43)) - raft.server.log.queue.element-limit = 1024 (custom)
2019-09-25 11:00:08,426 [pool-57-thread-1] INFO  server.RaftServerConfigKeys (ConfUtils.java:logGet(43)) - raft.server.log.segment.size.max = 1048576 (custom)
2019-09-25 11:00:08,426 [pool-57-thread-1] INFO  server.RaftServerConfigKeys (ConfUtils.java:logGet(43)) - raft.server.log.preallocated.size = 16384 (custom)
2019-09-25 11:00:08,426 [pool-57-thread-1] INFO  server.RaftServerConfigKeys (ConfUtils.java:logGet(43)) - raft.server.log.write.buffer.size = 33554432 (custom)
2019-09-25 11:00:08,426 [pool-57-thread-1] INFO  server.RaftServerConfigKeys (ConfUtils.java:logGet(43)) - raft.server.log.force.sync.num = 128 (default)
2019-09-25 11:00:08,426 [pool-57-thread-1] INFO  server.RaftServerConfigKeys (ConfUtils.java:logGet(43)) - raft.server.log.statemachine.data.sync = true (default)
2019-09-25 11:00:08,426 [pool-57-thread-1] INFO  server.RaftServerConfigKeys (ConfUtils.java:logGet(43)) - raft.server.log.statemachine.data.sync.timeout = 10s (default)
2019-09-25 11:00:08,426 [pool-57-thread-1] INFO  server.RaftServerConfigKeys (ConfUtils.java:logGet(43)) - raft.server.log.statemachine.data.sync.timeout.retry = -1 (default)
2019-09-25 11:00:08,427 [pool-57-thread-1] INFO  server.RaftServerConfigKeys (ConfUtils.java:logGet(43)) - raft.server.log.statemachine.data.caching.enabled = true (custom)
2019-09-25 11:00:08,427 [pool-57-thread-1] INFO  segmented.SegmentedRaftLogWorker (SegmentedRaftLogWorker.java:lambda$new$0(132)) - 5f9a0e92-828f-4406-8370-fc24211be18d@group-8C8046F07407-SegmentedRaftLogWorker: flushIndex: setUnconditionally 0 -> -1
2019-09-25 11:00:08,427 [pool-57-thread-1] INFO  server.RaftServerConfigKeys (ConfUtils.java:logGet(43)) - raft.server.snapshot.auto.trigger.enabled = true (custom)
2019-09-25 11:00:08,427 [pool-57-thread-1] INFO  server.RaftServerConfigKeys (ConfUtils.java:logGet(43)) - raft.server.snapshot.auto.trigger.threshold = 10000 (custom)
2019-09-25 11:00:08,427 [pool-57-thread-1] INFO  server.RaftServerConfigKeys (ConfUtils.java:logGet(43)) - raft.server.snapshot.retention.num.files = 5 (custom)
2019-09-25 11:00:08,427 [pool-57-thread-1] INFO  server.RaftServerConfigKeys (ConfUtils.java:logGet(43)) - raft.server.retrycache.expirytime = 600000ms (custom)
2019-09-25 11:00:08,429 [pool-57-thread-1] INFO  impl.RaftServerImpl (RaftServerImpl.java:start(185)) - 5f9a0e92-828f-4406-8370-fc24211be18d@group-8C8046F07407: start as a follower, conf=-1: [5f9a0e92-828f-4406-8370-fc24211be18d:192.168.30.6:38144], old=null
2019-09-25 11:00:08,429 [pool-57-thread-1] INFO  impl.RaftServerImpl (RaftServerImpl.java:setRole(174)) - 5f9a0e92-828f-4406-8370-fc24211be18d@group-8C8046F07407: changes role from      null to FOLLOWER at term 0 for startAsFollower
2019-09-25 11:00:08,429 [pool-57-thread-1] INFO  impl.RoleInfo (RoleInfo.java:updateAndGet(143)) - 5f9a0e92-828f-4406-8370-fc24211be18d: start FollowerState
2019-09-25 11:00:08,430 [pool-57-thread-1] INFO  util.JmxRegister (JmxRegister.java:tryRegister(44)) - Successfully registered JMX Bean with object name Ratis:service=RaftServer,group=group-8C8046F07407,id=5f9a0e92-828f-4406-8370-fc24211be18d
2019-09-25 11:00:08,436 [RatisPipelineUtilsThread] INFO  pipeline.PipelineStateManager (PipelineStateManager.java:addPipeline(56)) - Created pipeline Pipeline[ Id: 69805b67-260a-402a-83f5-8c8046f07407, Nodes: 5f9a0e92-828f-4406-8370-fc24211be18d{ip: 192.168.30.6, host: pr-hdds-1569-5gmkr-4255264070, networkLocation: /default-rack, certSerialId: null}, Type:RATIS, Factor:ONE, State:OPEN]
2019-09-25 11:00:08,436 [RatisPipelineUtilsThread] INFO  pipeline.PipelinePlacementPolicy (PipelinePlacementPolicy.java:meetCriteria(91)) - Pipeline Placement: can't place more pipeline on heavy datanode： 10236b5f-bff6-485e-aafa-3b26ea1d6574 Heaviness: 6 limit: 5
2019-09-25 11:00:08,446 [grpc-default-executor-0] INFO  impl.RaftServerProxy (RaftServerProxy.java:addNew(89)) - 87c8d9bf-e5fd-4c93-82d7-07f29d18cd92: addNew group-BE09A61ACAF1:[87c8d9bf-e5fd-4c93-82d7-07f29d18cd92:192.168.30.6:45400] returns group-BE09A61ACAF1:java.util.concurrent.CompletableFuture@5a5f5469[Not completed]
2019-09-25 11:00:08,447 [pool-77-thread-1] INFO  impl.RaftServerImpl (RaftServerImpl.java:<init>(95)) - 87c8d9bf-e5fd-4c93-82d7-07f29d18cd92: new RaftServerImpl for group-BE09A61ACAF1:[87c8d9bf-e5fd-4c93-82d7-07f29d18cd92:192.168.30.6:45400] with ContainerStateMachine:uninitialized
2019-09-25 11:00:08,448 [pool-77-thread-1] INFO  server.RaftServerConfigKeys (ConfUtils.java:logGet(43)) - raft.server.rpc.timeout.min = 5s (custom)
2019-09-25 11:00:08,448 [pool-77-thread-1] INFO  server.RaftServerConfigKeys (ConfUtils.java:logGet(43)) - raft.server.rpc.timeout.max = 5200ms (custom)
2019-09-25 11:00:08,448 [pool-77-thread-1] INFO  server.RaftServerConfigKeys (ConfUtils.java:logGet(43)) - raft.server.rpcslowness.timeout = 120s (custom)
2019-09-25 11:00:08,448 [pool-77-thread-1] INFO  server.RaftServerConfigKeys (ConfUtils.java:logGet(43)) - raft.server.sleep.deviation.threshold = 300 (default)
2019-09-25 11:00:08,448 [pool-77-thread-1] INFO  server.RaftServerConfigKeys (ConfUtils.java:logGet(43)) - raft.server.log.appender.install.snapshot.enabled = false (custom)
2019-09-25 11:00:08,448 [pool-77-thread-1] INFO  impl.RaftServerImpl (ServerState.java:<init>(103)) - 87c8d9bf-e5fd-4c93-82d7-07f29d18cd92@group-BE09A61ACAF1: ConfigurationManager, init=-1: [87c8d9bf-e5fd-4c93-82d7-07f29d18cd92:192.168.30.6:45400], old=null, confs=<EMPTY_MAP>
2019-09-25 11:00:08,448 [pool-77-thread-1] INFO  server.RaftServerConfigKeys (ConfUtils.java:logGet(43)) - raft.server.storage.dir = [/workdir/hadoop-ozone/integration-test/target/test-dir/MiniOzoneClusterImpl-cb8ecd13-95cc-47fe-8445-93be882af5d4/datanode-5/data/ratis] (custom)
2019-09-25 11:00:08,449 [pool-77-thread-1] INFO  storage.RaftStorageDirectory (RaftStorageDirectory.java:analyzeStorage(246)) - The storage directory /workdir/hadoop-ozone/integration-test/target/test-dir/MiniOzoneClusterImpl-cb8ecd13-95cc-47fe-8445-93be882af5d4/datanode-5/data/ratis/e943803c-96bf-4789-8136-be09a61acaf1 does not exist. Creating ...
2019-09-25 11:00:08,462 [pool-77-thread-1] INFO  storage.RaftStorageDirectory (RaftStorageDirectory.java:tryLock(328)) - Lock on /workdir/hadoop-ozone/integration-test/target/test-dir/MiniOzoneClusterImpl-cb8ecd13-95cc-47fe-8445-93be882af5d4/datanode-5/data/ratis/e943803c-96bf-4789-8136-be09a61acaf1/in_use.lock acquired by nodename 21763@pr-hdds-1569-5gmkr-4255264070
2019-09-25 11:00:08,475 [pool-77-thread-1] INFO  storage.RaftStorage (RaftStorage.java:format(72)) - Storage directory /workdir/hadoop-ozone/integration-test/target/test-dir/MiniOzoneClusterImpl-cb8ecd13-95cc-47fe-8445-93be882af5d4/datanode-5/data/ratis/e943803c-96bf-4789-8136-be09a61acaf1 has been successfully formatted.
2019-09-25 11:00:08,475 [pool-77-thread-1] INFO  ratis.ContainerStateMachine (ContainerStateMachine.java:loadSnapshot(230)) - group-BE09A61ACAF1: The snapshot info is null. Setting the last applied indexto:(t:0, i:~)
2019-09-25 11:00:08,475 [pool-77-thread-1] INFO  server.RaftServerConfigKeys (ConfUtils.java:logGet(43)) - raft.server.notification.no-leader.timeout = 120s (custom)
2019-09-25 11:00:08,475 [pool-77-thread-1] INFO  server.RaftServerConfigKeys (ConfUtils.java:logGet(43)) - raft.server.log.use.memory = false (default)
2019-09-25 11:00:08,476 [pool-77-thread-1] INFO  server.RaftServerConfigKeys (ConfUtils.java:logGet(43)) - raft.server.log.purge.gap = 1000000 (custom)
2019-09-25 11:00:08,476 [pool-77-thread-1] INFO  server.RaftServerConfigKeys (ConfUtils.java:logGet(43)) - raft.server.log.appender.buffer.byte-limit = 33554432 (custom)
2019-09-25 11:00:08,476 [pool-77-thread-1] INFO  server.RaftServerConfigKeys (ConfUtils.java:logGet(43)) - raft.server.log.segment.size.max = 1048576 (custom)
2019-09-25 11:00:08,476 [pool-77-thread-1] INFO  server.RaftServerConfigKeys (ConfUtils.java:logGet(43)) - raft.server.log.segment.cache.num.max = 2 (custom)
2019-09-25 11:00:08,476 [pool-77-thread-1] INFO  segmented.SegmentedRaftLogWorker (SegmentedRaftLogWorker.java:<init>(172)) - new 87c8d9bf-e5fd-4c93-82d7-07f29d18cd92@group-BE09A61ACAF1-SegmentedRaftLogWorker for RaftStorage:Storage Directory /workdir/hadoop-ozone/integration-test/target/test-dir/MiniOzoneClusterImpl-cb8ecd13-95cc-47fe-8445-93be882af5d4/datanode-5/data/ratis/e943803c-96bf-4789-8136-be09a61acaf1
2019-09-25 11:00:08,476 [pool-77-thread-1] INFO  server.RaftServerConfigKeys (ConfUtils.java:logGet(43)) - raft.server.log.queue.byte-limit = 2147483647 (custom)
2019-09-25 11:00:08,477 [pool-77-thread-1] INFO  server.RaftServerConfigKeys (ConfUtils.java:logGet(43)) - raft.server.log.queue.element-limit = 1024 (custom)
2019-09-25 11:00:08,477 [pool-77-thread-1] INFO  server.RaftServerConfigKeys (ConfUtils.java:logGet(43)) - raft.server.log.segment.size.max = 1048576 (custom)
2019-09-25 11:00:08,477 [pool-77-thread-1] INFO  server.RaftServerConfigKeys (ConfUtils.java:logGet(43)) - raft.server.log.preallocated.size = 16384 (custom)
2019-09-25 11:00:08,477 [pool-77-thread-1] INFO  server.RaftServerConfigKeys (ConfUtils.java:logGet(43)) - raft.server.log.write.buffer.size = 33554432 (custom)
2019-09-25 11:00:08,477 [pool-77-thread-1] INFO  server.RaftServerConfigKeys (ConfUtils.java:logGet(43)) - raft.server.log.force.sync.num = 128 (default)
2019-09-25 11:00:08,477 [pool-77-thread-1] INFO  server.RaftServerConfigKeys (ConfUtils.java:logGet(43)) - raft.server.log.statemachine.data.sync = true (default)
2019-09-25 11:00:08,478 [pool-77-thread-1] INFO  server.RaftServerConfigKeys (ConfUtils.java:logGet(43)) - raft.server.log.statemachine.data.sync.timeout = 10s (default)
2019-09-25 11:00:08,478 [pool-77-thread-1] INFO  server.RaftServerConfigKeys (ConfUtils.java:logGet(43)) - raft.server.log.statemachine.data.sync.timeout.retry = -1 (default)
2019-09-25 11:00:08,478 [pool-77-thread-1] INFO  server.RaftServerConfigKeys (ConfUtils.java:logGet(43)) - raft.server.log.statemachine.data.caching.enabled = true (custom)
2019-09-25 11:00:08,478 [pool-77-thread-1] INFO  segmented.SegmentedRaftLogWorker (SegmentedRaftLogWorker.java:lambda$new$0(132)) - 87c8d9bf-e5fd-4c93-82d7-07f29d18cd92@group-BE09A61ACAF1-SegmentedRaftLogWorker: flushIndex: setUnconditionally 0 -> -1
2019-09-25 11:00:08,479 [pool-77-thread-1] INFO  server.RaftServerConfigKeys (ConfUtils.java:logGet(43)) - raft.server.snapshot.auto.trigger.enabled = true (custom)
2019-09-25 11:00:08,479 [pool-77-thread-1] INFO  server.RaftServerConfigKeys (ConfUtils.java:logGet(43)) - raft.server.snapshot.auto.trigger.threshold = 10000 (custom)
2019-09-25 11:00:08,479 [pool-77-thread-1] INFO  server.RaftServerConfigKeys (ConfUtils.java:logGet(43)) - raft.server.snapshot.retention.num.files = 5 (custom)
2019-09-25 11:00:08,479 [pool-77-thread-1] INFO  server.RaftServerConfigKeys (ConfUtils.java:logGet(43)) - raft.server.retrycache.expirytime = 600000ms (custom)
2019-09-25 11:00:08,482 [pool-77-thread-1] INFO  impl.RaftServerImpl (RaftServerImpl.java:start(185)) - 87c8d9bf-e5fd-4c93-82d7-07f29d18cd92@group-BE09A61ACAF1: start as a follower, conf=-1: [87c8d9bf-e5fd-4c93-82d7-07f29d18cd92:192.168.30.6:45400], old=null
2019-09-25 11:00:08,482 [pool-77-thread-1] INFO  impl.RaftServerImpl (RaftServerImpl.java:setRole(174)) - 87c8d9bf-e5fd-4c93-82d7-07f29d18cd92@group-BE09A61ACAF1: changes role from      null to FOLLOWER at term 0 for startAsFollower
2019-09-25 11:00:08,482 [pool-77-thread-1] INFO  impl.RoleInfo (RoleInfo.java:updateAndGet(143)) - 87c8d9bf-e5fd-4c93-82d7-07f29d18cd92: start FollowerState
2019-09-25 11:00:08,483 [pool-77-thread-1] INFO  util.JmxRegister (JmxRegister.java:tryRegister(44)) - Successfully registered JMX Bean with object name Ratis:service=RaftServer,group=group-BE09A61ACAF1,id=87c8d9bf-e5fd-4c93-82d7-07f29d18cd92
2019-09-25 11:00:08,488 [RatisPipelineUtilsThread] INFO  pipeline.PipelineStateManager (PipelineStateManager.java:addPipeline(56)) - Created pipeline Pipeline[ Id: e943803c-96bf-4789-8136-be09a61acaf1, Nodes: 87c8d9bf-e5fd-4c93-82d7-07f29d18cd92{ip: 192.168.30.6, host: pr-hdds-1569-5gmkr-4255264070, networkLocation: /default-rack, certSerialId: null}, Type:RATIS, Factor:ONE, State:OPEN]
2019-09-25 11:00:08,489 [RatisPipelineUtilsThread] INFO  pipeline.PipelinePlacementPolicy (PipelinePlacementPolicy.java:meetCriteria(91)) - Pipeline Placement: can't place more pipeline on heavy datanode： 10236b5f-bff6-485e-aafa-3b26ea1d6574 Heaviness: 6 limit: 5
2019-09-25 11:00:08,500 [grpc-default-executor-0] INFO  impl.RaftServerProxy (RaftServerProxy.java:addNew(89)) - 5f9a0e92-828f-4406-8370-fc24211be18d: addNew group-C6C4F8618661:[5f9a0e92-828f-4406-8370-fc24211be18d:192.168.30.6:38144] returns group-C6C4F8618661:java.util.concurrent.CompletableFuture@2d1481e6[Not completed]
2019-09-25 11:00:08,501 [pool-57-thread-1] INFO  impl.RaftServerImpl (RaftServerImpl.java:<init>(95)) - 5f9a0e92-828f-4406-8370-fc24211be18d: new RaftServerImpl for group-C6C4F8618661:[5f9a0e92-828f-4406-8370-fc24211be18d:192.168.30.6:38144] with ContainerStateMachine:uninitialized
2019-09-25 11:00:08,501 [pool-57-thread-1] INFO  server.RaftServerConfigKeys (ConfUtils.java:logGet(43)) - raft.server.rpc.timeout.min = 5s (custom)
2019-09-25 11:00:08,501 [pool-57-thread-1] INFO  server.RaftServerConfigKeys (ConfUtils.java:logGet(43)) - raft.server.rpc.timeout.max = 5200ms (custom)
2019-09-25 11:00:08,501 [pool-57-thread-1] INFO  server.RaftServerConfigKeys (ConfUtils.java:logGet(43)) - raft.server.rpcslowness.timeout = 120s (custom)
2019-09-25 11:00:08,501 [pool-57-thread-1] INFO  server.RaftServerConfigKeys (ConfUtils.java:logGet(43)) - raft.server.sleep.deviation.threshold = 300 (default)
2019-09-25 11:00:08,501 [pool-57-thread-1] INFO  server.RaftServerConfigKeys (ConfUtils.java:logGet(43)) - raft.server.log.appender.install.snapshot.enabled = false (custom)
2019-09-25 11:00:08,501 [pool-57-thread-1] INFO  impl.RaftServerImpl (ServerState.java:<init>(103)) - 5f9a0e92-828f-4406-8370-fc24211be18d@group-C6C4F8618661: ConfigurationManager, init=-1: [5f9a0e92-828f-4406-8370-fc24211be18d:192.168.30.6:38144], old=null, confs=<EMPTY_MAP>
2019-09-25 11:00:08,502 [pool-57-thread-1] INFO  server.RaftServerConfigKeys (ConfUtils.java:logGet(43)) - raft.server.storage.dir = [/workdir/hadoop-ozone/integration-test/target/test-dir/MiniOzoneClusterImpl-cb8ecd13-95cc-47fe-8445-93be882af5d4/datanode-3/data/ratis] (custom)
2019-09-25 11:00:08,502 [pool-57-thread-1] INFO  storage.RaftStorageDirectory (RaftStorageDirectory.java:analyzeStorage(246)) - The storage directory /workdir/hadoop-ozone/integration-test/target/test-dir/MiniOzoneClusterImpl-cb8ecd13-95cc-47fe-8445-93be882af5d4/datanode-3/data/ratis/688b1a44-c863-4779-ba05-c6c4f8618661 does not exist. Creating ...
2019-09-25 11:00:08,514 [pool-57-thread-1] INFO  storage.RaftStorageDirectory (RaftStorageDirectory.java:tryLock(328)) - Lock on /workdir/hadoop-ozone/integration-test/target/test-dir/MiniOzoneClusterImpl-cb8ecd13-95cc-47fe-8445-93be882af5d4/datanode-3/data/ratis/688b1a44-c863-4779-ba05-c6c4f8618661/in_use.lock acquired by nodename 21763@pr-hdds-1569-5gmkr-4255264070
2019-09-25 11:00:08,527 [pool-57-thread-1] INFO  storage.RaftStorage (RaftStorage.java:format(72)) - Storage directory /workdir/hadoop-ozone/integration-test/target/test-dir/MiniOzoneClusterImpl-cb8ecd13-95cc-47fe-8445-93be882af5d4/datanode-3/data/ratis/688b1a44-c863-4779-ba05-c6c4f8618661 has been successfully formatted.
2019-09-25 11:00:08,528 [pool-57-thread-1] INFO  ratis.ContainerStateMachine (ContainerStateMachine.java:loadSnapshot(230)) - group-C6C4F8618661: The snapshot info is null. Setting the last applied indexto:(t:0, i:~)
2019-09-25 11:00:08,528 [pool-57-thread-1] INFO  server.RaftServerConfigKeys (ConfUtils.java:logGet(43)) - raft.server.notification.no-leader.timeout = 120s (custom)
2019-09-25 11:00:08,528 [pool-57-thread-1] INFO  server.RaftServerConfigKeys (ConfUtils.java:logGet(43)) - raft.server.log.use.memory = false (default)
2019-09-25 11:00:08,528 [pool-57-thread-1] INFO  server.RaftServerConfigKeys (ConfUtils.java:logGet(43)) - raft.server.log.purge.gap = 1000000 (custom)
2019-09-25 11:00:08,528 [pool-57-thread-1] INFO  server.RaftServerConfigKeys (ConfUtils.java:logGet(43)) - raft.server.log.appender.buffer.byte-limit = 33554432 (custom)
2019-09-25 11:00:08,528 [pool-57-thread-1] INFO  server.RaftServerConfigKeys (ConfUtils.java:logGet(43)) - raft.server.log.segment.size.max = 1048576 (custom)
2019-09-25 11:00:08,528 [pool-57-thread-1] INFO  server.RaftServerConfigKeys (ConfUtils.java:logGet(43)) - raft.server.log.segment.cache.num.max = 2 (custom)
2019-09-25 11:00:08,528 [pool-57-thread-1] INFO  segmented.SegmentedRaftLogWorker (SegmentedRaftLogWorker.java:<init>(172)) - new 5f9a0e92-828f-4406-8370-fc24211be18d@group-C6C4F8618661-SegmentedRaftLogWorker for RaftStorage:Storage Directory /workdir/hadoop-ozone/integration-test/target/test-dir/MiniOzoneClusterImpl-cb8ecd13-95cc-47fe-8445-93be882af5d4/datanode-3/data/ratis/688b1a44-c863-4779-ba05-c6c4f8618661
2019-09-25 11:00:08,528 [pool-57-thread-1] INFO  server.RaftServerConfigKeys (ConfUtils.java:logGet(43)) - raft.server.log.queue.byte-limit = 2147483647 (custom)
2019-09-25 11:00:08,528 [pool-57-thread-1] INFO  server.RaftServerConfigKeys (ConfUtils.java:logGet(43)) - raft.server.log.queue.element-limit = 1024 (custom)
2019-09-25 11:00:08,529 [pool-57-thread-1] INFO  server.RaftServerConfigKeys (ConfUtils.java:logGet(43)) - raft.server.log.segment.size.max = 1048576 (custom)
2019-09-25 11:00:08,529 [pool-57-thread-1] INFO  server.RaftServerConfigKeys (ConfUtils.java:logGet(43)) - raft.server.log.preallocated.size = 16384 (custom)
2019-09-25 11:00:08,529 [pool-57-thread-1] INFO  server.RaftServerConfigKeys (ConfUtils.java:logGet(43)) - raft.server.log.write.buffer.size = 33554432 (custom)
2019-09-25 11:00:08,529 [pool-57-thread-1] INFO  server.RaftServerConfigKeys (ConfUtils.java:logGet(43)) - raft.server.log.force.sync.num = 128 (default)
2019-09-25 11:00:08,529 [pool-57-thread-1] INFO  server.RaftServerConfigKeys (ConfUtils.java:logGet(43)) - raft.server.log.statemachine.data.sync = true (default)
2019-09-25 11:00:08,529 [pool-57-thread-1] INFO  server.RaftServerConfigKeys (ConfUtils.java:logGet(43)) - raft.server.log.statemachine.data.sync.timeout = 10s (default)
2019-09-25 11:00:08,529 [pool-57-thread-1] INFO  server.RaftServerConfigKeys (ConfUtils.java:logGet(43)) - raft.server.log.statemachine.data.sync.timeout.retry = -1 (default)
2019-09-25 11:00:08,529 [pool-57-thread-1] INFO  server.RaftServerConfigKeys (ConfUtils.java:logGet(43)) - raft.server.log.statemachine.data.caching.enabled = true (custom)
2019-09-25 11:00:08,529 [pool-57-thread-1] INFO  segmented.SegmentedRaftLogWorker (SegmentedRaftLogWorker.java:lambda$new$0(132)) - 5f9a0e92-828f-4406-8370-fc24211be18d@group-C6C4F8618661-SegmentedRaftLogWorker: flushIndex: setUnconditionally 0 -> -1
2019-09-25 11:00:08,530 [pool-57-thread-1] INFO  server.RaftServerConfigKeys (ConfUtils.java:logGet(43)) - raft.server.snapshot.auto.trigger.enabled = true (custom)
2019-09-25 11:00:08,530 [pool-57-thread-1] INFO  server.RaftServerConfigKeys (ConfUtils.java:logGet(43)) - raft.server.snapshot.auto.trigger.threshold = 10000 (custom)
2019-09-25 11:00:08,530 [pool-57-thread-1] INFO  server.RaftServerConfigKeys (ConfUtils.java:logGet(43)) - raft.server.snapshot.retention.num.files = 5 (custom)
2019-09-25 11:00:08,530 [pool-57-thread-1] INFO  server.RaftServerConfigKeys (ConfUtils.java:logGet(43)) - raft.server.retrycache.expirytime = 600000ms (custom)
2019-09-25 11:00:08,532 [pool-57-thread-1] INFO  impl.RaftServerImpl (RaftServerImpl.java:start(185)) - 5f9a0e92-828f-4406-8370-fc24211be18d@group-C6C4F8618661: start as a follower, conf=-1: [5f9a0e92-828f-4406-8370-fc24211be18d:192.168.30.6:38144], old=null
2019-09-25 11:00:08,532 [pool-57-thread-1] INFO  impl.RaftServerImpl (RaftServerImpl.java:setRole(174)) - 5f9a0e92-828f-4406-8370-fc24211be18d@group-C6C4F8618661: changes role from      null to FOLLOWER at term 0 for startAsFollower
2019-09-25 11:00:08,532 [pool-57-thread-1] INFO  impl.RoleInfo (RoleInfo.java:updateAndGet(143)) - 5f9a0e92-828f-4406-8370-fc24211be18d: start FollowerState
2019-09-25 11:00:08,532 [pool-57-thread-1] INFO  util.JmxRegister (JmxRegister.java:tryRegister(44)) - Successfully registered JMX Bean with object name Ratis:service=RaftServer,group=group-C6C4F8618661,id=5f9a0e92-828f-4406-8370-fc24211be18d
2019-09-25 11:00:08,538 [RatisPipelineUtilsThread] INFO  pipeline.PipelineStateManager (PipelineStateManager.java:addPipeline(56)) - Created pipeline Pipeline[ Id: 688b1a44-c863-4779-ba05-c6c4f8618661, Nodes: 5f9a0e92-828f-4406-8370-fc24211be18d{ip: 192.168.30.6, host: pr-hdds-1569-5gmkr-4255264070, networkLocation: /default-rack, certSerialId: null}, Type:RATIS, Factor:ONE, State:OPEN]
2019-09-25 11:00:08,538 [RatisPipelineUtilsThread] INFO  pipeline.PipelinePlacementPolicy (PipelinePlacementPolicy.java:meetCriteria(91)) - Pipeline Placement: can't place more pipeline on heavy datanode： 10236b5f-bff6-485e-aafa-3b26ea1d6574 Heaviness: 6 limit: 5
2019-09-25 11:00:08,549 [grpc-default-executor-0] INFO  impl.RaftServerProxy (RaftServerProxy.java:addNew(89)) - 642f0824-8397-42da-9ac4-13d7260e7e2f: addNew group-DAD6C4481534:[642f0824-8397-42da-9ac4-13d7260e7e2f:192.168.30.6:44587] returns group-DAD6C4481534:java.util.concurrent.CompletableFuture@1bce7b32[Not completed]
2019-09-25 11:00:08,551 [pool-67-thread-1] INFO  impl.RaftServerImpl (RaftServerImpl.java:<init>(95)) - 642f0824-8397-42da-9ac4-13d7260e7e2f: new RaftServerImpl for group-DAD6C4481534:[642f0824-8397-42da-9ac4-13d7260e7e2f:192.168.30.6:44587] with ContainerStateMachine:uninitialized
2019-09-25 11:00:08,551 [pool-67-thread-1] INFO  server.RaftServerConfigKeys (ConfUtils.java:logGet(43)) - raft.server.rpc.timeout.min = 5s (custom)
2019-09-25 11:00:08,551 [pool-67-thread-1] INFO  server.RaftServerConfigKeys (ConfUtils.java:logGet(43)) - raft.server.rpc.timeout.max = 5200ms (custom)
2019-09-25 11:00:08,551 [pool-67-thread-1] INFO  server.RaftServerConfigKeys (ConfUtils.java:logGet(43)) - raft.server.rpcslowness.timeout = 120s (custom)
2019-09-25 11:00:08,551 [pool-67-thread-1] INFO  server.RaftServerConfigKeys (ConfUtils.java:logGet(43)) - raft.server.sleep.deviation.threshold = 300 (default)
2019-09-25 11:00:08,551 [pool-67-thread-1] INFO  server.RaftServerConfigKeys (ConfUtils.java:logGet(43)) - raft.server.log.appender.install.snapshot.enabled = false (custom)
2019-09-25 11:00:08,552 [pool-67-thread-1] INFO  impl.RaftServerImpl (ServerState.java:<init>(103)) - 642f0824-8397-42da-9ac4-13d7260e7e2f@group-DAD6C4481534: ConfigurationManager, init=-1: [642f0824-8397-42da-9ac4-13d7260e7e2f:192.168.30.6:44587], old=null, confs=<EMPTY_MAP>
2019-09-25 11:00:08,552 [pool-67-thread-1] INFO  server.RaftServerConfigKeys (ConfUtils.java:logGet(43)) - raft.server.storage.dir = [/workdir/hadoop-ozone/integration-test/target/test-dir/MiniOzoneClusterImpl-cb8ecd13-95cc-47fe-8445-93be882af5d4/datanode-4/data/ratis] (custom)
2019-09-25 11:00:08,552 [pool-67-thread-1] INFO  storage.RaftStorageDirectory (RaftStorageDirectory.java:analyzeStorage(246)) - The storage directory /workdir/hadoop-ozone/integration-test/target/test-dir/MiniOzoneClusterImpl-cb8ecd13-95cc-47fe-8445-93be882af5d4/datanode-4/data/ratis/13147220-e632-49f0-ace9-dad6c4481534 does not exist. Creating ...
2019-09-25 11:00:08,566 [pool-67-thread-1] INFO  storage.RaftStorageDirectory (RaftStorageDirectory.java:tryLock(328)) - Lock on /workdir/hadoop-ozone/integration-test/target/test-dir/MiniOzoneClusterImpl-cb8ecd13-95cc-47fe-8445-93be882af5d4/datanode-4/data/ratis/13147220-e632-49f0-ace9-dad6c4481534/in_use.lock acquired by nodename 21763@pr-hdds-1569-5gmkr-4255264070
2019-09-25 11:00:08,579 [pool-67-thread-1] INFO  storage.RaftStorage (RaftStorage.java:format(72)) - Storage directory /workdir/hadoop-ozone/integration-test/target/test-dir/MiniOzoneClusterImpl-cb8ecd13-95cc-47fe-8445-93be882af5d4/datanode-4/data/ratis/13147220-e632-49f0-ace9-dad6c4481534 has been successfully formatted.
2019-09-25 11:00:08,579 [pool-67-thread-1] INFO  ratis.ContainerStateMachine (ContainerStateMachine.java:loadSnapshot(230)) - group-DAD6C4481534: The snapshot info is null. Setting the last applied indexto:(t:0, i:~)
2019-09-25 11:00:08,579 [pool-67-thread-1] INFO  server.RaftServerConfigKeys (ConfUtils.java:logGet(43)) - raft.server.notification.no-leader.timeout = 120s (custom)
2019-09-25 11:00:08,579 [pool-67-thread-1] INFO  server.RaftServerConfigKeys (ConfUtils.java:logGet(43)) - raft.server.log.use.memory = false (default)
2019-09-25 11:00:08,580 [pool-67-thread-1] INFO  server.RaftServerConfigKeys (ConfUtils.java:logGet(43)) - raft.server.log.purge.gap = 1000000 (custom)
2019-09-25 11:00:08,580 [pool-67-thread-1] INFO  server.RaftServerConfigKeys (ConfUtils.java:logGet(43)) - raft.server.log.appender.buffer.byte-limit = 33554432 (custom)
2019-09-25 11:00:08,580 [pool-67-thread-1] INFO  server.RaftServerConfigKeys (ConfUtils.java:logGet(43)) - raft.server.log.segment.size.max = 1048576 (custom)
2019-09-25 11:00:08,580 [pool-67-thread-1] INFO  server.RaftServerConfigKeys (ConfUtils.java:logGet(43)) - raft.server.log.segment.cache.num.max = 2 (custom)
2019-09-25 11:00:08,580 [pool-67-thread-1] INFO  segmented.SegmentedRaftLogWorker (SegmentedRaftLogWorker.java:<init>(172)) - new 642f0824-8397-42da-9ac4-13d7260e7e2f@group-DAD6C4481534-SegmentedRaftLogWorker for RaftStorage:Storage Directory /workdir/hadoop-ozone/integration-test/target/test-dir/MiniOzoneClusterImpl-cb8ecd13-95cc-47fe-8445-93be882af5d4/datanode-4/data/ratis/13147220-e632-49f0-ace9-dad6c4481534
2019-09-25 11:00:08,580 [pool-67-thread-1] INFO  server.RaftServerConfigKeys (ConfUtils.java:logGet(43)) - raft.server.log.queue.byte-limit = 2147483647 (custom)
2019-09-25 11:00:08,581 [pool-67-thread-1] INFO  server.RaftServerConfigKeys (ConfUtils.java:logGet(43)) - raft.server.log.queue.element-limit = 1024 (custom)
2019-09-25 11:00:08,581 [pool-67-thread-1] INFO  server.RaftServerConfigKeys (ConfUtils.java:logGet(43)) - raft.server.log.segment.size.max = 1048576 (custom)
2019-09-25 11:00:08,581 [pool-67-thread-1] INFO  server.RaftServerConfigKeys (ConfUtils.java:logGet(43)) - raft.server.log.preallocated.size = 16384 (custom)
2019-09-25 11:00:08,581 [pool-67-thread-1] INFO  server.RaftServerConfigKeys (ConfUtils.java:logGet(43)) - raft.server.log.write.buffer.size = 33554432 (custom)
2019-09-25 11:00:08,581 [pool-67-thread-1] INFO  server.RaftServerConfigKeys (ConfUtils.java:logGet(43)) - raft.server.log.force.sync.num = 128 (default)
2019-09-25 11:00:08,581 [pool-67-thread-1] INFO  server.RaftServerConfigKeys (ConfUtils.java:logGet(43)) - raft.server.log.statemachine.data.sync = true (default)
2019-09-25 11:00:08,581 [pool-67-thread-1] INFO  server.RaftServerConfigKeys (ConfUtils.java:logGet(43)) - raft.server.log.statemachine.data.sync.timeout = 10s (default)
2019-09-25 11:00:08,582 [pool-67-thread-1] INFO  server.RaftServerConfigKeys (ConfUtils.java:logGet(43)) - raft.server.log.statemachine.data.sync.timeout.retry = -1 (default)
2019-09-25 11:00:08,582 [pool-67-thread-1] INFO  server.RaftServerConfigKeys (ConfUtils.java:logGet(43)) - raft.server.log.statemachine.data.caching.enabled = true (custom)
2019-09-25 11:00:08,582 [pool-67-thread-1] INFO  segmented.SegmentedRaftLogWorker (SegmentedRaftLogWorker.java:lambda$new$0(132)) - 642f0824-8397-42da-9ac4-13d7260e7e2f@group-DAD6C4481534-SegmentedRaftLogWorker: flushIndex: setUnconditionally 0 -> -1
2019-09-25 11:00:08,583 [pool-67-thread-1] INFO  server.RaftServerConfigKeys (ConfUtils.java:logGet(43)) - raft.server.snapshot.auto.trigger.enabled = true (custom)
2019-09-25 11:00:08,583 [pool-67-thread-1] INFO  server.RaftServerConfigKeys (ConfUtils.java:logGet(43)) - raft.server.snapshot.auto.trigger.threshold = 10000 (custom)
2019-09-25 11:00:08,583 [pool-67-thread-1] INFO  server.RaftServerConfigKeys (ConfUtils.java:logGet(43)) - raft.server.snapshot.retention.num.files = 5 (custom)
2019-09-25 11:00:08,583 [pool-67-thread-1] INFO  server.RaftServerConfigKeys (ConfUtils.java:logGet(43)) - raft.server.retrycache.expirytime = 600000ms (custom)
2019-09-25 11:00:08,586 [pool-67-thread-1] INFO  impl.RaftServerImpl (RaftServerImpl.java:start(185)) - 642f0824-8397-42da-9ac4-13d7260e7e2f@group-DAD6C4481534: start as a follower, conf=-1: [642f0824-8397-42da-9ac4-13d7260e7e2f:192.168.30.6:44587], old=null
2019-09-25 11:00:08,586 [pool-67-thread-1] INFO  impl.RaftServerImpl (RaftServerImpl.java:setRole(174)) - 642f0824-8397-42da-9ac4-13d7260e7e2f@group-DAD6C4481534: changes role from      null to FOLLOWER at term 0 for startAsFollower
2019-09-25 11:00:08,586 [pool-67-thread-1] INFO  impl.RoleInfo (RoleInfo.java:updateAndGet(143)) - 642f0824-8397-42da-9ac4-13d7260e7e2f: start FollowerState
2019-09-25 11:00:08,586 [pool-67-thread-1] INFO  util.JmxRegister (JmxRegister.java:tryRegister(44)) - Successfully registered JMX Bean with object name Ratis:service=RaftServer,group=group-DAD6C4481534,id=642f0824-8397-42da-9ac4-13d7260e7e2f
2019-09-25 11:00:08,592 [RatisPipelineUtilsThread] INFO  pipeline.PipelineStateManager (PipelineStateManager.java:addPipeline(56)) - Created pipeline Pipeline[ Id: 13147220-e632-49f0-ace9-dad6c4481534, Nodes: 642f0824-8397-42da-9ac4-13d7260e7e2f{ip: 192.168.30.6, host: pr-hdds-1569-5gmkr-4255264070, networkLocation: /default-rack, certSerialId: null}, Type:RATIS, Factor:ONE, State:OPEN]
2019-09-25 11:00:08,592 [RatisPipelineUtilsThread] INFO  pipeline.PipelinePlacementPolicy (PipelinePlacementPolicy.java:meetCriteria(91)) - Pipeline Placement: can't place more pipeline on heavy datanode： 10236b5f-bff6-485e-aafa-3b26ea1d6574 Heaviness: 6 limit: 5
2019-09-25 11:00:08,610 [grpc-default-executor-0] INFO  impl.RaftServerProxy (RaftServerProxy.java:addNew(89)) - 024c4dd7-7c9d-4cdb-8271-6a4ddb62c17e: addNew group-75A5A9AF2773:[024c4dd7-7c9d-4cdb-8271-6a4ddb62c17e:192.168.30.6:36470] returns group-75A5A9AF2773:java.util.concurrent.CompletableFuture@245fd256[Not completed]
2019-09-25 11:00:08,611 [pool-37-thread-1] INFO  impl.RaftServerImpl (RaftServerImpl.java:<init>(95)) - 024c4dd7-7c9d-4cdb-8271-6a4ddb62c17e: new RaftServerImpl for group-75A5A9AF2773:[024c4dd7-7c9d-4cdb-8271-6a4ddb62c17e:192.168.30.6:36470] with ContainerStateMachine:uninitialized
2019-09-25 11:00:08,611 [pool-37-thread-1] INFO  server.RaftServerConfigKeys (ConfUtils.java:logGet(43)) - raft.server.rpc.timeout.min = 5s (custom)
2019-09-25 11:00:08,611 [pool-37-thread-1] INFO  server.RaftServerConfigKeys (ConfUtils.java:logGet(43)) - raft.server.rpc.timeout.max = 5200ms (custom)
2019-09-25 11:00:08,611 [pool-37-thread-1] INFO  server.RaftServerConfigKeys (ConfUtils.java:logGet(43)) - raft.server.rpcslowness.timeout = 120s (custom)
2019-09-25 11:00:08,612 [pool-37-thread-1] INFO  server.RaftServerConfigKeys (ConfUtils.java:logGet(43)) - raft.server.sleep.deviation.threshold = 300 (default)
2019-09-25 11:00:08,612 [pool-37-thread-1] INFO  server.RaftServerConfigKeys (ConfUtils.java:logGet(43)) - raft.server.log.appender.install.snapshot.enabled = false (custom)
2019-09-25 11:00:08,612 [pool-37-thread-1] INFO  impl.RaftServerImpl (ServerState.java:<init>(103)) - 024c4dd7-7c9d-4cdb-8271-6a4ddb62c17e@group-75A5A9AF2773: ConfigurationManager, init=-1: [024c4dd7-7c9d-4cdb-8271-6a4ddb62c17e:192.168.30.6:36470], old=null, confs=<EMPTY_MAP>
2019-09-25 11:00:08,612 [pool-37-thread-1] INFO  server.RaftServerConfigKeys (ConfUtils.java:logGet(43)) - raft.server.storage.dir = [/workdir/hadoop-ozone/integration-test/target/test-dir/MiniOzoneClusterImpl-cb8ecd13-95cc-47fe-8445-93be882af5d4/datanode-1/data/ratis] (custom)
2019-09-25 11:00:08,613 [pool-37-thread-1] INFO  storage.RaftStorageDirectory (RaftStorageDirectory.java:analyzeStorage(246)) - The storage directory /workdir/hadoop-ozone/integration-test/target/test-dir/MiniOzoneClusterImpl-cb8ecd13-95cc-47fe-8445-93be882af5d4/datanode-1/data/ratis/974ebe69-b3d2-41bf-94fc-75a5a9af2773 does not exist. Creating ...
2019-09-25 11:00:08,626 [pool-37-thread-1] INFO  storage.RaftStorageDirectory (RaftStorageDirectory.java:tryLock(328)) - Lock on /workdir/hadoop-ozone/integration-test/target/test-dir/MiniOzoneClusterImpl-cb8ecd13-95cc-47fe-8445-93be882af5d4/datanode-1/data/ratis/974ebe69-b3d2-41bf-94fc-75a5a9af2773/in_use.lock acquired by nodename 21763@pr-hdds-1569-5gmkr-4255264070
2019-09-25 11:00:08,639 [pool-37-thread-1] INFO  storage.RaftStorage (RaftStorage.java:format(72)) - Storage directory /workdir/hadoop-ozone/integration-test/target/test-dir/MiniOzoneClusterImpl-cb8ecd13-95cc-47fe-8445-93be882af5d4/datanode-1/data/ratis/974ebe69-b3d2-41bf-94fc-75a5a9af2773 has been successfully formatted.
2019-09-25 11:00:08,639 [pool-37-thread-1] INFO  ratis.ContainerStateMachine (ContainerStateMachine.java:loadSnapshot(230)) - group-75A5A9AF2773: The snapshot info is null. Setting the last applied indexto:(t:0, i:~)
2019-09-25 11:00:08,639 [pool-37-thread-1] INFO  server.RaftServerConfigKeys (ConfUtils.java:logGet(43)) - raft.server.notification.no-leader.timeout = 120s (custom)
2019-09-25 11:00:08,639 [pool-37-thread-1] INFO  server.RaftServerConfigKeys (ConfUtils.java:logGet(43)) - raft.server.log.use.memory = false (default)
2019-09-25 11:00:08,640 [pool-37-thread-1] INFO  server.RaftServerConfigKeys (ConfUtils.java:logGet(43)) - raft.server.log.purge.gap = 1000000 (custom)
2019-09-25 11:00:08,640 [pool-37-thread-1] INFO  server.RaftServerConfigKeys (ConfUtils.java:logGet(43)) - raft.server.log.appender.buffer.byte-limit = 33554432 (custom)
2019-09-25 11:00:08,640 [pool-37-thread-1] INFO  server.RaftServerConfigKeys (ConfUtils.java:logGet(43)) - raft.server.log.segment.size.max = 1048576 (custom)
2019-09-25 11:00:08,640 [pool-37-thread-1] INFO  server.RaftServerConfigKeys (ConfUtils.java:logGet(43)) - raft.server.log.segment.cache.num.max = 2 (custom)
2019-09-25 11:00:08,640 [pool-37-thread-1] INFO  segmented.SegmentedRaftLogWorker (SegmentedRaftLogWorker.java:<init>(172)) - new 024c4dd7-7c9d-4cdb-8271-6a4ddb62c17e@group-75A5A9AF2773-SegmentedRaftLogWorker for RaftStorage:Storage Directory /workdir/hadoop-ozone/integration-test/target/test-dir/MiniOzoneClusterImpl-cb8ecd13-95cc-47fe-8445-93be882af5d4/datanode-1/data/ratis/974ebe69-b3d2-41bf-94fc-75a5a9af2773
2019-09-25 11:00:08,640 [pool-37-thread-1] INFO  server.RaftServerConfigKeys (ConfUtils.java:logGet(43)) - raft.server.log.queue.byte-limit = 2147483647 (custom)
2019-09-25 11:00:08,640 [pool-37-thread-1] INFO  server.RaftServerConfigKeys (ConfUtils.java:logGet(43)) - raft.server.log.queue.element-limit = 1024 (custom)
2019-09-25 11:00:08,641 [pool-37-thread-1] INFO  server.RaftServerConfigKeys (ConfUtils.java:logGet(43)) - raft.server.log.segment.size.max = 1048576 (custom)
2019-09-25 11:00:08,641 [pool-37-thread-1] INFO  server.RaftServerConfigKeys (ConfUtils.java:logGet(43)) - raft.server.log.preallocated.size = 16384 (custom)
2019-09-25 11:00:08,641 [pool-37-thread-1] INFO  server.RaftServerConfigKeys (ConfUtils.java:logGet(43)) - raft.server.log.write.buffer.size = 33554432 (custom)
2019-09-25 11:00:08,641 [pool-37-thread-1] INFO  server.RaftServerConfigKeys (ConfUtils.java:logGet(43)) - raft.server.log.force.sync.num = 128 (default)
2019-09-25 11:00:08,641 [pool-37-thread-1] INFO  server.RaftServerConfigKeys (ConfUtils.java:logGet(43)) - raft.server.log.statemachine.data.sync = true (default)
2019-09-25 11:00:08,641 [pool-37-thread-1] INFO  server.RaftServerConfigKeys (ConfUtils.java:logGet(43)) - raft.server.log.statemachine.data.sync.timeout = 10s (default)
2019-09-25 11:00:08,641 [pool-37-thread-1] INFO  server.RaftServerConfigKeys (ConfUtils.java:logGet(43)) - raft.server.log.statemachine.data.sync.timeout.retry = -1 (default)
2019-09-25 11:00:08,642 [pool-37-thread-1] INFO  server.RaftServerConfigKeys (ConfUtils.java:logGet(43)) - raft.server.log.statemachine.data.caching.enabled = true (custom)
2019-09-25 11:00:08,642 [pool-37-thread-1] INFO  segmented.SegmentedRaftLogWorker (SegmentedRaftLogWorker.java:lambda$new$0(132)) - 024c4dd7-7c9d-4cdb-8271-6a4ddb62c17e@group-75A5A9AF2773-SegmentedRaftLogWorker: flushIndex: setUnconditionally 0 -> -1
2019-09-25 11:00:08,642 [pool-37-thread-1] INFO  server.RaftServerConfigKeys (ConfUtils.java:logGet(43)) - raft.server.snapshot.auto.trigger.enabled = true (custom)
2019-09-25 11:00:08,643 [pool-37-thread-1] INFO  server.RaftServerConfigKeys (ConfUtils.java:logGet(43)) - raft.server.snapshot.auto.trigger.threshold = 10000 (custom)
2019-09-25 11:00:08,643 [pool-37-thread-1] INFO  server.RaftServerConfigKeys (ConfUtils.java:logGet(43)) - raft.server.snapshot.retention.num.files = 5 (custom)
2019-09-25 11:00:08,643 [pool-37-thread-1] INFO  server.RaftServerConfigKeys (ConfUtils.java:logGet(43)) - raft.server.retrycache.expirytime = 600000ms (custom)
2019-09-25 11:00:08,645 [pool-37-thread-1] INFO  impl.RaftServerImpl (RaftServerImpl.java:start(185)) - 024c4dd7-7c9d-4cdb-8271-6a4ddb62c17e@group-75A5A9AF2773: start as a follower, conf=-1: [024c4dd7-7c9d-4cdb-8271-6a4ddb62c17e:192.168.30.6:36470], old=null
2019-09-25 11:00:08,646 [pool-37-thread-1] INFO  impl.RaftServerImpl (RaftServerImpl.java:setRole(174)) - 024c4dd7-7c9d-4cdb-8271-6a4ddb62c17e@group-75A5A9AF2773: changes role from      null to FOLLOWER at term 0 for startAsFollower
2019-09-25 11:00:08,646 [pool-37-thread-1] INFO  impl.RoleInfo (RoleInfo.java:updateAndGet(143)) - 024c4dd7-7c9d-4cdb-8271-6a4ddb62c17e: start FollowerState
2019-09-25 11:00:08,646 [pool-37-thread-1] INFO  util.JmxRegister (JmxRegister.java:tryRegister(44)) - Successfully registered JMX Bean with object name Ratis:service=RaftServer,group=group-75A5A9AF2773,id=024c4dd7-7c9d-4cdb-8271-6a4ddb62c17e
2019-09-25 11:00:08,651 [RatisPipelineUtilsThread] INFO  pipeline.PipelineStateManager (PipelineStateManager.java:addPipeline(56)) - Created pipeline Pipeline[ Id: 974ebe69-b3d2-41bf-94fc-75a5a9af2773, Nodes: 024c4dd7-7c9d-4cdb-8271-6a4ddb62c17e{ip: 192.168.30.6, host: pr-hdds-1569-5gmkr-4255264070, networkLocation: /default-rack, certSerialId: null}, Type:RATIS, Factor:ONE, State:OPEN]
2019-09-25 11:00:08,651 [RatisPipelineUtilsThread] INFO  pipeline.PipelinePlacementPolicy (PipelinePlacementPolicy.java:meetCriteria(91)) - Pipeline Placement: can't place more pipeline on heavy datanode： 10236b5f-bff6-485e-aafa-3b26ea1d6574 Heaviness: 6 limit: 5
2019-09-25 11:00:08,662 [grpc-default-executor-0] INFO  impl.RaftServerProxy (RaftServerProxy.java:addNew(89)) - 642f0824-8397-42da-9ac4-13d7260e7e2f: addNew group-96158F29E184:[642f0824-8397-42da-9ac4-13d7260e7e2f:192.168.30.6:44587] returns group-96158F29E184:java.util.concurrent.CompletableFuture@63fcfce5[Not completed]
2019-09-25 11:00:08,663 [pool-67-thread-1] INFO  impl.RaftServerImpl (RaftServerImpl.java:<init>(95)) - 642f0824-8397-42da-9ac4-13d7260e7e2f: new RaftServerImpl for group-96158F29E184:[642f0824-8397-42da-9ac4-13d7260e7e2f:192.168.30.6:44587] with ContainerStateMachine:uninitialized
2019-09-25 11:00:08,663 [pool-67-thread-1] INFO  server.RaftServerConfigKeys (ConfUtils.java:logGet(43)) - raft.server.rpc.timeout.min = 5s (custom)
2019-09-25 11:00:08,664 [pool-67-thread-1] INFO  server.RaftServerConfigKeys (ConfUtils.java:logGet(43)) - raft.server.rpc.timeout.max = 5200ms (custom)
2019-09-25 11:00:08,664 [pool-67-thread-1] INFO  server.RaftServerConfigKeys (ConfUtils.java:logGet(43)) - raft.server.rpcslowness.timeout = 120s (custom)
2019-09-25 11:00:08,664 [pool-67-thread-1] INFO  server.RaftServerConfigKeys (ConfUtils.java:logGet(43)) - raft.server.sleep.deviation.threshold = 300 (default)
2019-09-25 11:00:08,664 [pool-67-thread-1] INFO  server.RaftServerConfigKeys (ConfUtils.java:logGet(43)) - raft.server.log.appender.install.snapshot.enabled = false (custom)
2019-09-25 11:00:08,664 [pool-67-thread-1] INFO  impl.RaftServerImpl (ServerState.java:<init>(103)) - 642f0824-8397-42da-9ac4-13d7260e7e2f@group-96158F29E184: ConfigurationManager, init=-1: [642f0824-8397-42da-9ac4-13d7260e7e2f:192.168.30.6:44587], old=null, confs=<EMPTY_MAP>
2019-09-25 11:00:08,664 [pool-67-thread-1] INFO  server.RaftServerConfigKeys (ConfUtils.java:logGet(43)) - raft.server.storage.dir = [/workdir/hadoop-ozone/integration-test/target/test-dir/MiniOzoneClusterImpl-cb8ecd13-95cc-47fe-8445-93be882af5d4/datanode-4/data/ratis] (custom)
2019-09-25 11:00:08,665 [pool-67-thread-1] INFO  storage.RaftStorageDirectory (RaftStorageDirectory.java:analyzeStorage(246)) - The storage directory /workdir/hadoop-ozone/integration-test/target/test-dir/MiniOzoneClusterImpl-cb8ecd13-95cc-47fe-8445-93be882af5d4/datanode-4/data/ratis/6988fdc6-8517-4906-829c-96158f29e184 does not exist. Creating ...
2019-09-25 11:00:08,678 [pool-67-thread-1] INFO  storage.RaftStorageDirectory (RaftStorageDirectory.java:tryLock(328)) - Lock on /workdir/hadoop-ozone/integration-test/target/test-dir/MiniOzoneClusterImpl-cb8ecd13-95cc-47fe-8445-93be882af5d4/datanode-4/data/ratis/6988fdc6-8517-4906-829c-96158f29e184/in_use.lock acquired by nodename 21763@pr-hdds-1569-5gmkr-4255264070
2019-09-25 11:00:08,681 [pool-67-thread-1] INFO  storage.RaftStorage (RaftStorage.java:format(72)) - Storage directory /workdir/hadoop-ozone/integration-test/target/test-dir/MiniOzoneClusterImpl-cb8ecd13-95cc-47fe-8445-93be882af5d4/datanode-4/data/ratis/6988fdc6-8517-4906-829c-96158f29e184 has been successfully formatted.
2019-09-25 11:00:08,681 [pool-67-thread-1] INFO  ratis.ContainerStateMachine (ContainerStateMachine.java:loadSnapshot(230)) - group-96158F29E184: The snapshot info is null. Setting the last applied indexto:(t:0, i:~)
2019-09-25 11:00:08,681 [pool-67-thread-1] INFO  server.RaftServerConfigKeys (ConfUtils.java:logGet(43)) - raft.server.notification.no-leader.timeout = 120s (custom)
2019-09-25 11:00:08,681 [pool-67-thread-1] INFO  server.RaftServerConfigKeys (ConfUtils.java:logGet(43)) - raft.server.log.use.memory = false (default)
2019-09-25 11:00:08,681 [pool-67-thread-1] INFO  server.RaftServerConfigKeys (ConfUtils.java:logGet(43)) - raft.server.log.purge.gap = 1000000 (custom)
2019-09-25 11:00:08,681 [pool-67-thread-1] INFO  server.RaftServerConfigKeys (ConfUtils.java:logGet(43)) - raft.server.log.appender.buffer.byte-limit = 33554432 (custom)
2019-09-25 11:00:08,682 [pool-67-thread-1] INFO  server.RaftServerConfigKeys (ConfUtils.java:logGet(43)) - raft.server.log.segment.size.max = 1048576 (custom)
2019-09-25 11:00:08,682 [pool-67-thread-1] INFO  server.RaftServerConfigKeys (ConfUtils.java:logGet(43)) - raft.server.log.segment.cache.num.max = 2 (custom)
2019-09-25 11:00:08,682 [pool-67-thread-1] INFO  segmented.SegmentedRaftLogWorker (SegmentedRaftLogWorker.java:<init>(172)) - new 642f0824-8397-42da-9ac4-13d7260e7e2f@group-96158F29E184-SegmentedRaftLogWorker for RaftStorage:Storage Directory /workdir/hadoop-ozone/integration-test/target/test-dir/MiniOzoneClusterImpl-cb8ecd13-95cc-47fe-8445-93be882af5d4/datanode-4/data/ratis/6988fdc6-8517-4906-829c-96158f29e184
2019-09-25 11:00:08,682 [pool-67-thread-1] INFO  server.RaftServerConfigKeys (ConfUtils.java:logGet(43)) - raft.server.log.queue.byte-limit = 2147483647 (custom)
2019-09-25 11:00:08,682 [pool-67-thread-1] INFO  server.RaftServerConfigKeys (ConfUtils.java:logGet(43)) - raft.server.log.queue.element-limit = 1024 (custom)
2019-09-25 11:00:08,682 [pool-67-thread-1] INFO  server.RaftServerConfigKeys (ConfUtils.java:logGet(43)) - raft.server.log.segment.size.max = 1048576 (custom)
2019-09-25 11:00:08,682 [pool-67-thread-1] INFO  server.RaftServerConfigKeys (ConfUtils.java:logGet(43)) - raft.server.log.preallocated.size = 16384 (custom)
2019-09-25 11:00:08,682 [pool-67-thread-1] INFO  server.RaftServerConfigKeys (ConfUtils.java:logGet(43)) - raft.server.log.write.buffer.size = 33554432 (custom)
2019-09-25 11:00:08,683 [pool-67-thread-1] INFO  server.RaftServerConfigKeys (ConfUtils.java:logGet(43)) - raft.server.log.force.sync.num = 128 (default)
2019-09-25 11:00:08,683 [pool-67-thread-1] INFO  server.RaftServerConfigKeys (ConfUtils.java:logGet(43)) - raft.server.log.statemachine.data.sync = true (default)
2019-09-25 11:00:08,683 [pool-67-thread-1] INFO  server.RaftServerConfigKeys (ConfUtils.java:logGet(43)) - raft.server.log.statemachine.data.sync.timeout = 10s (default)
2019-09-25 11:00:08,683 [pool-67-thread-1] INFO  server.RaftServerConfigKeys (ConfUtils.java:logGet(43)) - raft.server.log.statemachine.data.sync.timeout.retry = -1 (default)
2019-09-25 11:00:08,683 [pool-67-thread-1] INFO  server.RaftServerConfigKeys (ConfUtils.java:logGet(43)) - raft.server.log.statemachine.data.caching.enabled = true (custom)
2019-09-25 11:00:08,683 [pool-67-thread-1] INFO  segmented.SegmentedRaftLogWorker (SegmentedRaftLogWorker.java:lambda$new$0(132)) - 642f0824-8397-42da-9ac4-13d7260e7e2f@group-96158F29E184-SegmentedRaftLogWorker: flushIndex: setUnconditionally 0 -> -1
2019-09-25 11:00:08,684 [pool-67-thread-1] INFO  server.RaftServerConfigKeys (ConfUtils.java:logGet(43)) - raft.server.snapshot.auto.trigger.enabled = true (custom)
2019-09-25 11:00:08,684 [pool-67-thread-1] INFO  server.RaftServerConfigKeys (ConfUtils.java:logGet(43)) - raft.server.snapshot.auto.trigger.threshold = 10000 (custom)
2019-09-25 11:00:08,684 [pool-67-thread-1] INFO  server.RaftServerConfigKeys (ConfUtils.java:logGet(43)) - raft.server.snapshot.retention.num.files = 5 (custom)
2019-09-25 11:00:08,684 [pool-67-thread-1] INFO  server.RaftServerConfigKeys (ConfUtils.java:logGet(43)) - raft.server.retrycache.expirytime = 600000ms (custom)
2019-09-25 11:00:08,686 [pool-67-thread-1] INFO  impl.RaftServerImpl (RaftServerImpl.java:start(185)) - 642f0824-8397-42da-9ac4-13d7260e7e2f@group-96158F29E184: start as a follower, conf=-1: [642f0824-8397-42da-9ac4-13d7260e7e2f:192.168.30.6:44587], old=null
2019-09-25 11:00:08,687 [pool-67-thread-1] INFO  impl.RaftServerImpl (RaftServerImpl.java:setRole(174)) - 642f0824-8397-42da-9ac4-13d7260e7e2f@group-96158F29E184: changes role from      null to FOLLOWER at term 0 for startAsFollower
2019-09-25 11:00:08,687 [pool-67-thread-1] INFO  impl.RoleInfo (RoleInfo.java:updateAndGet(143)) - 642f0824-8397-42da-9ac4-13d7260e7e2f: start FollowerState
2019-09-25 11:00:08,687 [pool-67-thread-1] INFO  util.JmxRegister (JmxRegister.java:tryRegister(44)) - Successfully registered JMX Bean with object name Ratis:service=RaftServer,group=group-96158F29E184,id=642f0824-8397-42da-9ac4-13d7260e7e2f
2019-09-25 11:00:08,693 [RatisPipelineUtilsThread] INFO  pipeline.PipelineStateManager (PipelineStateManager.java:addPipeline(56)) - Created pipeline Pipeline[ Id: 6988fdc6-8517-4906-829c-96158f29e184, Nodes: 642f0824-8397-42da-9ac4-13d7260e7e2f{ip: 192.168.30.6, host: pr-hdds-1569-5gmkr-4255264070, networkLocation: /default-rack, certSerialId: null}, Type:RATIS, Factor:ONE, State:OPEN]
2019-09-25 11:00:08,693 [RatisPipelineUtilsThread] INFO  pipeline.PipelinePlacementPolicy (PipelinePlacementPolicy.java:meetCriteria(91)) - Pipeline Placement: can't place more pipeline on heavy datanode： 10236b5f-bff6-485e-aafa-3b26ea1d6574 Heaviness: 6 limit: 5
2019-09-25 11:00:08,693 [RatisPipelineUtilsThread] INFO  pipeline.PipelinePlacementPolicy (PipelinePlacementPolicy.java:meetCriteria(91)) - Pipeline Placement: can't place more pipeline on heavy datanode： 642f0824-8397-42da-9ac4-13d7260e7e2f Heaviness: 6 limit: 5
2019-09-25 11:00:08,705 [grpc-default-executor-0] INFO  impl.RaftServerProxy (RaftServerProxy.java:addNew(89)) - 5f9a0e92-828f-4406-8370-fc24211be18d: addNew group-A44DFED006C8:[5f9a0e92-828f-4406-8370-fc24211be18d:192.168.30.6:38144] returns group-A44DFED006C8:java.util.concurrent.CompletableFuture@7f8d4608[Not completed]
2019-09-25 11:00:08,706 [pool-57-thread-1] INFO  impl.RaftServerImpl (RaftServerImpl.java:<init>(95)) - 5f9a0e92-828f-4406-8370-fc24211be18d: new RaftServerImpl for group-A44DFED006C8:[5f9a0e92-828f-4406-8370-fc24211be18d:192.168.30.6:38144] with ContainerStateMachine:uninitialized
2019-09-25 11:00:08,707 [pool-57-thread-1] INFO  server.RaftServerConfigKeys (ConfUtils.java:logGet(43)) - raft.server.rpc.timeout.min = 5s (custom)
2019-09-25 11:00:08,707 [pool-57-thread-1] INFO  server.RaftServerConfigKeys (ConfUtils.java:logGet(43)) - raft.server.rpc.timeout.max = 5200ms (custom)
2019-09-25 11:00:08,707 [pool-57-thread-1] INFO  server.RaftServerConfigKeys (ConfUtils.java:logGet(43)) - raft.server.rpcslowness.timeout = 120s (custom)
2019-09-25 11:00:08,707 [pool-57-thread-1] INFO  server.RaftServerConfigKeys (ConfUtils.java:logGet(43)) - raft.server.sleep.deviation.threshold = 300 (default)
2019-09-25 11:00:08,707 [pool-57-thread-1] INFO  server.RaftServerConfigKeys (ConfUtils.java:logGet(43)) - raft.server.log.appender.install.snapshot.enabled = false (custom)
2019-09-25 11:00:08,707 [pool-57-thread-1] INFO  impl.RaftServerImpl (ServerState.java:<init>(103)) - 5f9a0e92-828f-4406-8370-fc24211be18d@group-A44DFED006C8: ConfigurationManager, init=-1: [5f9a0e92-828f-4406-8370-fc24211be18d:192.168.30.6:38144], old=null, confs=<EMPTY_MAP>
2019-09-25 11:00:08,707 [pool-57-thread-1] INFO  server.RaftServerConfigKeys (ConfUtils.java:logGet(43)) - raft.server.storage.dir = [/workdir/hadoop-ozone/integration-test/target/test-dir/MiniOzoneClusterImpl-cb8ecd13-95cc-47fe-8445-93be882af5d4/datanode-3/data/ratis] (custom)
2019-09-25 11:00:08,707 [pool-57-thread-1] INFO  storage.RaftStorageDirectory (RaftStorageDirectory.java:analyzeStorage(246)) - The storage directory /workdir/hadoop-ozone/integration-test/target/test-dir/MiniOzoneClusterImpl-cb8ecd13-95cc-47fe-8445-93be882af5d4/datanode-3/data/ratis/c7e031a5-eddd-4a14-a38a-a44dfed006c8 does not exist. Creating ...
2019-09-25 11:00:08,719 [pool-57-thread-1] INFO  storage.RaftStorageDirectory (RaftStorageDirectory.java:tryLock(328)) - Lock on /workdir/hadoop-ozone/integration-test/target/test-dir/MiniOzoneClusterImpl-cb8ecd13-95cc-47fe-8445-93be882af5d4/datanode-3/data/ratis/c7e031a5-eddd-4a14-a38a-a44dfed006c8/in_use.lock acquired by nodename 21763@pr-hdds-1569-5gmkr-4255264070
2019-09-25 11:00:08,722 [pool-57-thread-1] INFO  storage.RaftStorage (RaftStorage.java:format(72)) - Storage directory /workdir/hadoop-ozone/integration-test/target/test-dir/MiniOzoneClusterImpl-cb8ecd13-95cc-47fe-8445-93be882af5d4/datanode-3/data/ratis/c7e031a5-eddd-4a14-a38a-a44dfed006c8 has been successfully formatted.
2019-09-25 11:00:08,723 [pool-57-thread-1] INFO  ratis.ContainerStateMachine (ContainerStateMachine.java:loadSnapshot(230)) - group-A44DFED006C8: The snapshot info is null. Setting the last applied indexto:(t:0, i:~)
2019-09-25 11:00:08,723 [pool-57-thread-1] INFO  server.RaftServerConfigKeys (ConfUtils.java:logGet(43)) - raft.server.notification.no-leader.timeout = 120s (custom)
2019-09-25 11:00:08,723 [pool-57-thread-1] INFO  server.RaftServerConfigKeys (ConfUtils.java:logGet(43)) - raft.server.log.use.memory = false (default)
2019-09-25 11:00:08,723 [pool-57-thread-1] INFO  server.RaftServerConfigKeys (ConfUtils.java:logGet(43)) - raft.server.log.purge.gap = 1000000 (custom)
2019-09-25 11:00:08,723 [pool-57-thread-1] INFO  server.RaftServerConfigKeys (ConfUtils.java:logGet(43)) - raft.server.log.appender.buffer.byte-limit = 33554432 (custom)
2019-09-25 11:00:08,723 [pool-57-thread-1] INFO  server.RaftServerConfigKeys (ConfUtils.java:logGet(43)) - raft.server.log.segment.size.max = 1048576 (custom)
2019-09-25 11:00:08,723 [pool-57-thread-1] INFO  server.RaftServerConfigKeys (ConfUtils.java:logGet(43)) - raft.server.log.segment.cache.num.max = 2 (custom)
2019-09-25 11:00:08,723 [pool-57-thread-1] INFO  segmented.SegmentedRaftLogWorker (SegmentedRaftLogWorker.java:<init>(172)) - new 5f9a0e92-828f-4406-8370-fc24211be18d@group-A44DFED006C8-SegmentedRaftLogWorker for RaftStorage:Storage Directory /workdir/hadoop-ozone/integration-test/target/test-dir/MiniOzoneClusterImpl-cb8ecd13-95cc-47fe-8445-93be882af5d4/datanode-3/data/ratis/c7e031a5-eddd-4a14-a38a-a44dfed006c8
2019-09-25 11:00:08,724 [pool-57-thread-1] INFO  server.RaftServerConfigKeys (ConfUtils.java:logGet(43)) - raft.server.log.queue.byte-limit = 2147483647 (custom)
2019-09-25 11:00:08,724 [pool-57-thread-1] INFO  server.RaftServerConfigKeys (ConfUtils.java:logGet(43)) - raft.server.log.queue.element-limit = 1024 (custom)
2019-09-25 11:00:08,724 [pool-57-thread-1] INFO  server.RaftServerConfigKeys (ConfUtils.java:logGet(43)) - raft.server.log.segment.size.max = 1048576 (custom)
2019-09-25 11:00:08,724 [pool-57-thread-1] INFO  server.RaftServerConfigKeys (ConfUtils.java:logGet(43)) - raft.server.log.preallocated.size = 16384 (custom)
2019-09-25 11:00:08,724 [pool-57-thread-1] INFO  server.RaftServerConfigKeys (ConfUtils.java:logGet(43)) - raft.server.log.write.buffer.size = 33554432 (custom)
2019-09-25 11:00:08,724 [pool-57-thread-1] INFO  server.RaftServerConfigKeys (ConfUtils.java:logGet(43)) - raft.server.log.force.sync.num = 128 (default)
2019-09-25 11:00:08,724 [pool-57-thread-1] INFO  server.RaftServerConfigKeys (ConfUtils.java:logGet(43)) - raft.server.log.statemachine.data.sync = true (default)
2019-09-25 11:00:08,724 [pool-57-thread-1] INFO  server.RaftServerConfigKeys (ConfUtils.java:logGet(43)) - raft.server.log.statemachine.data.sync.timeout = 10s (default)
2019-09-25 11:00:08,724 [pool-57-thread-1] INFO  server.RaftServerConfigKeys (ConfUtils.java:logGet(43)) - raft.server.log.statemachine.data.sync.timeout.retry = -1 (default)
2019-09-25 11:00:08,724 [pool-57-thread-1] INFO  server.RaftServerConfigKeys (ConfUtils.java:logGet(43)) - raft.server.log.statemachine.data.caching.enabled = true (custom)
2019-09-25 11:00:08,725 [pool-57-thread-1] INFO  segmented.SegmentedRaftLogWorker (SegmentedRaftLogWorker.java:lambda$new$0(132)) - 5f9a0e92-828f-4406-8370-fc24211be18d@group-A44DFED006C8-SegmentedRaftLogWorker: flushIndex: setUnconditionally 0 -> -1
2019-09-25 11:00:08,725 [pool-57-thread-1] INFO  server.RaftServerConfigKeys (ConfUtils.java:logGet(43)) - raft.server.snapshot.auto.trigger.enabled = true (custom)
2019-09-25 11:00:08,725 [pool-57-thread-1] INFO  server.RaftServerConfigKeys (ConfUtils.java:logGet(43)) - raft.server.snapshot.auto.trigger.threshold = 10000 (custom)
2019-09-25 11:00:08,725 [pool-57-thread-1] INFO  server.RaftServerConfigKeys (ConfUtils.java:logGet(43)) - raft.server.snapshot.retention.num.files = 5 (custom)
2019-09-25 11:00:08,725 [pool-57-thread-1] INFO  server.RaftServerConfigKeys (ConfUtils.java:logGet(43)) - raft.server.retrycache.expirytime = 600000ms (custom)
2019-09-25 11:00:08,727 [pool-57-thread-1] INFO  impl.RaftServerImpl (RaftServerImpl.java:start(185)) - 5f9a0e92-828f-4406-8370-fc24211be18d@group-A44DFED006C8: start as a follower, conf=-1: [5f9a0e92-828f-4406-8370-fc24211be18d:192.168.30.6:38144], old=null
2019-09-25 11:00:08,727 [pool-57-thread-1] INFO  impl.RaftServerImpl (RaftServerImpl.java:setRole(174)) - 5f9a0e92-828f-4406-8370-fc24211be18d@group-A44DFED006C8: changes role from      null to FOLLOWER at term 0 for startAsFollower
2019-09-25 11:00:08,727 [pool-57-thread-1] INFO  impl.RoleInfo (RoleInfo.java:updateAndGet(143)) - 5f9a0e92-828f-4406-8370-fc24211be18d: start FollowerState
2019-09-25 11:00:08,728 [pool-57-thread-1] INFO  util.JmxRegister (JmxRegister.java:tryRegister(44)) - Successfully registered JMX Bean with object name Ratis:service=RaftServer,group=group-A44DFED006C8,id=5f9a0e92-828f-4406-8370-fc24211be18d
2019-09-25 11:00:08,732 [RatisPipelineUtilsThread] INFO  pipeline.PipelineStateManager (PipelineStateManager.java:addPipeline(56)) - Created pipeline Pipeline[ Id: c7e031a5-eddd-4a14-a38a-a44dfed006c8, Nodes: 5f9a0e92-828f-4406-8370-fc24211be18d{ip: 192.168.30.6, host: pr-hdds-1569-5gmkr-4255264070, networkLocation: /default-rack, certSerialId: null}, Type:RATIS, Factor:ONE, State:OPEN]
2019-09-25 11:00:08,733 [RatisPipelineUtilsThread] INFO  pipeline.PipelinePlacementPolicy (PipelinePlacementPolicy.java:meetCriteria(91)) - Pipeline Placement: can't place more pipeline on heavy datanode： 10236b5f-bff6-485e-aafa-3b26ea1d6574 Heaviness: 6 limit: 5
2019-09-25 11:00:08,733 [RatisPipelineUtilsThread] INFO  pipeline.PipelinePlacementPolicy (PipelinePlacementPolicy.java:meetCriteria(91)) - Pipeline Placement: can't place more pipeline on heavy datanode： 642f0824-8397-42da-9ac4-13d7260e7e2f Heaviness: 6 limit: 5
2019-09-25 11:00:08,742 [grpc-default-executor-0] INFO  impl.RaftServerProxy (RaftServerProxy.java:addNew(89)) - 5f9a0e92-828f-4406-8370-fc24211be18d: addNew group-74394EFD8F2E:[5f9a0e92-828f-4406-8370-fc24211be18d:192.168.30.6:38144] returns group-74394EFD8F2E:java.util.concurrent.CompletableFuture@688863e7[Not completed]
2019-09-25 11:00:08,743 [pool-57-thread-1] INFO  impl.RaftServerImpl (RaftServerImpl.java:<init>(95)) - 5f9a0e92-828f-4406-8370-fc24211be18d: new RaftServerImpl for group-74394EFD8F2E:[5f9a0e92-828f-4406-8370-fc24211be18d:192.168.30.6:38144] with ContainerStateMachine:uninitialized
2019-09-25 11:00:08,743 [pool-57-thread-1] INFO  server.RaftServerConfigKeys (ConfUtils.java:logGet(43)) - raft.server.rpc.timeout.min = 5s (custom)
2019-09-25 11:00:08,743 [pool-57-thread-1] INFO  server.RaftServerConfigKeys (ConfUtils.java:logGet(43)) - raft.server.rpc.timeout.max = 5200ms (custom)
2019-09-25 11:00:08,743 [pool-57-thread-1] INFO  server.RaftServerConfigKeys (ConfUtils.java:logGet(43)) - raft.server.rpcslowness.timeout = 120s (custom)
2019-09-25 11:00:08,743 [pool-57-thread-1] INFO  server.RaftServerConfigKeys (ConfUtils.java:logGet(43)) - raft.server.sleep.deviation.threshold = 300 (default)
2019-09-25 11:00:08,743 [pool-57-thread-1] INFO  server.RaftServerConfigKeys (ConfUtils.java:logGet(43)) - raft.server.log.appender.install.snapshot.enabled = false (custom)
2019-09-25 11:00:08,743 [pool-57-thread-1] INFO  impl.RaftServerImpl (ServerState.java:<init>(103)) - 5f9a0e92-828f-4406-8370-fc24211be18d@group-74394EFD8F2E: ConfigurationManager, init=-1: [5f9a0e92-828f-4406-8370-fc24211be18d:192.168.30.6:38144], old=null, confs=<EMPTY_MAP>
2019-09-25 11:00:08,744 [pool-57-thread-1] INFO  server.RaftServerConfigKeys (ConfUtils.java:logGet(43)) - raft.server.storage.dir = [/workdir/hadoop-ozone/integration-test/target/test-dir/MiniOzoneClusterImpl-cb8ecd13-95cc-47fe-8445-93be882af5d4/datanode-3/data/ratis] (custom)
2019-09-25 11:00:08,744 [pool-57-thread-1] INFO  storage.RaftStorageDirectory (RaftStorageDirectory.java:analyzeStorage(246)) - The storage directory /workdir/hadoop-ozone/integration-test/target/test-dir/MiniOzoneClusterImpl-cb8ecd13-95cc-47fe-8445-93be882af5d4/datanode-3/data/ratis/63bcc39f-e157-4c16-accf-74394efd8f2e does not exist. Creating ...
2019-09-25 11:00:08,756 [pool-57-thread-1] INFO  storage.RaftStorageDirectory (RaftStorageDirectory.java:tryLock(328)) - Lock on /workdir/hadoop-ozone/integration-test/target/test-dir/MiniOzoneClusterImpl-cb8ecd13-95cc-47fe-8445-93be882af5d4/datanode-3/data/ratis/63bcc39f-e157-4c16-accf-74394efd8f2e/in_use.lock acquired by nodename 21763@pr-hdds-1569-5gmkr-4255264070
2019-09-25 11:00:08,769 [pool-57-thread-1] INFO  storage.RaftStorage (RaftStorage.java:format(72)) - Storage directory /workdir/hadoop-ozone/integration-test/target/test-dir/MiniOzoneClusterImpl-cb8ecd13-95cc-47fe-8445-93be882af5d4/datanode-3/data/ratis/63bcc39f-e157-4c16-accf-74394efd8f2e has been successfully formatted.
2019-09-25 11:00:08,769 [pool-57-thread-1] INFO  ratis.ContainerStateMachine (ContainerStateMachine.java:loadSnapshot(230)) - group-74394EFD8F2E: The snapshot info is null. Setting the last applied indexto:(t:0, i:~)
2019-09-25 11:00:08,770 [pool-57-thread-1] INFO  server.RaftServerConfigKeys (ConfUtils.java:logGet(43)) - raft.server.notification.no-leader.timeout = 120s (custom)
2019-09-25 11:00:08,770 [pool-57-thread-1] INFO  server.RaftServerConfigKeys (ConfUtils.java:logGet(43)) - raft.server.log.use.memory = false (default)
2019-09-25 11:00:08,770 [pool-57-thread-1] INFO  server.RaftServerConfigKeys (ConfUtils.java:logGet(43)) - raft.server.log.purge.gap = 1000000 (custom)
2019-09-25 11:00:08,770 [pool-57-thread-1] INFO  server.RaftServerConfigKeys (ConfUtils.java:logGet(43)) - raft.server.log.appender.buffer.byte-limit = 33554432 (custom)
2019-09-25 11:00:08,770 [pool-57-thread-1] INFO  server.RaftServerConfigKeys (ConfUtils.java:logGet(43)) - raft.server.log.segment.size.max = 1048576 (custom)
2019-09-25 11:00:08,770 [pool-57-thread-1] INFO  server.RaftServerConfigKeys (ConfUtils.java:logGet(43)) - raft.server.log.segment.cache.num.max = 2 (custom)
2019-09-25 11:00:08,770 [pool-57-thread-1] INFO  segmented.SegmentedRaftLogWorker (SegmentedRaftLogWorker.java:<init>(172)) - new 5f9a0e92-828f-4406-8370-fc24211be18d@group-74394EFD8F2E-SegmentedRaftLogWorker for RaftStorage:Storage Directory /workdir/hadoop-ozone/integration-test/target/test-dir/MiniOzoneClusterImpl-cb8ecd13-95cc-47fe-8445-93be882af5d4/datanode-3/data/ratis/63bcc39f-e157-4c16-accf-74394efd8f2e
2019-09-25 11:00:08,770 [pool-57-thread-1] INFO  server.RaftServerConfigKeys (ConfUtils.java:logGet(43)) - raft.server.log.queue.byte-limit = 2147483647 (custom)
2019-09-25 11:00:08,770 [pool-57-thread-1] INFO  server.RaftServerConfigKeys (ConfUtils.java:logGet(43)) - raft.server.log.queue.element-limit = 1024 (custom)
2019-09-25 11:00:08,771 [pool-57-thread-1] INFO  server.RaftServerConfigKeys (ConfUtils.java:logGet(43)) - raft.server.log.segment.size.max = 1048576 (custom)
2019-09-25 11:00:08,771 [pool-57-thread-1] INFO  server.RaftServerConfigKeys (ConfUtils.java:logGet(43)) - raft.server.log.preallocated.size = 16384 (custom)
2019-09-25 11:00:08,771 [pool-57-thread-1] INFO  server.RaftServerConfigKeys (ConfUtils.java:logGet(43)) - raft.server.log.write.buffer.size = 33554432 (custom)
2019-09-25 11:00:08,771 [pool-57-thread-1] INFO  server.RaftServerConfigKeys (ConfUtils.java:logGet(43)) - raft.server.log.force.sync.num = 128 (default)
2019-09-25 11:00:08,771 [pool-57-thread-1] INFO  server.RaftServerConfigKeys (ConfUtils.java:logGet(43)) - raft.server.log.statemachine.data.sync = true (default)
2019-09-25 11:00:08,771 [pool-57-thread-1] INFO  server.RaftServerConfigKeys (ConfUtils.java:logGet(43)) - raft.server.log.statemachine.data.sync.timeout = 10s (default)
2019-09-25 11:00:08,771 [pool-57-thread-1] INFO  server.RaftServerConfigKeys (ConfUtils.java:logGet(43)) - raft.server.log.statemachine.data.sync.timeout.retry = -1 (default)
2019-09-25 11:00:08,771 [pool-57-thread-1] INFO  server.RaftServerConfigKeys (ConfUtils.java:logGet(43)) - raft.server.log.statemachine.data.caching.enabled = true (custom)
2019-09-25 11:00:08,771 [pool-57-thread-1] INFO  segmented.SegmentedRaftLogWorker (SegmentedRaftLogWorker.java:lambda$new$0(132)) - 5f9a0e92-828f-4406-8370-fc24211be18d@group-74394EFD8F2E-SegmentedRaftLogWorker: flushIndex: setUnconditionally 0 -> -1
2019-09-25 11:00:08,772 [pool-57-thread-1] INFO  server.RaftServerConfigKeys (ConfUtils.java:logGet(43)) - raft.server.snapshot.auto.trigger.enabled = true (custom)
2019-09-25 11:00:08,772 [pool-57-thread-1] INFO  server.RaftServerConfigKeys (ConfUtils.java:logGet(43)) - raft.server.snapshot.auto.trigger.threshold = 10000 (custom)
2019-09-25 11:00:08,772 [pool-57-thread-1] INFO  server.RaftServerConfigKeys (ConfUtils.java:logGet(43)) - raft.server.snapshot.retention.num.files = 5 (custom)
2019-09-25 11:00:08,772 [pool-57-thread-1] INFO  server.RaftServerConfigKeys (ConfUtils.java:logGet(43)) - raft.server.retrycache.expirytime = 600000ms (custom)
2019-09-25 11:00:08,776 [pool-57-thread-1] INFO  impl.RaftServerImpl (RaftServerImpl.java:start(185)) - 5f9a0e92-828f-4406-8370-fc24211be18d@group-74394EFD8F2E: start as a follower, conf=-1: [5f9a0e92-828f-4406-8370-fc24211be18d:192.168.30.6:38144], old=null
2019-09-25 11:00:08,776 [pool-57-thread-1] INFO  impl.RaftServerImpl (RaftServerImpl.java:setRole(174)) - 5f9a0e92-828f-4406-8370-fc24211be18d@group-74394EFD8F2E: changes role from      null to FOLLOWER at term 0 for startAsFollower
2019-09-25 11:00:08,776 [pool-57-thread-1] INFO  impl.RoleInfo (RoleInfo.java:updateAndGet(143)) - 5f9a0e92-828f-4406-8370-fc24211be18d: start FollowerState
2019-09-25 11:00:08,777 [pool-57-thread-1] INFO  util.JmxRegister (JmxRegister.java:tryRegister(44)) - Successfully registered JMX Bean with object name Ratis:service=RaftServer,group=group-74394EFD8F2E,id=5f9a0e92-828f-4406-8370-fc24211be18d
2019-09-25 11:00:08,781 [RatisPipelineUtilsThread] INFO  pipeline.PipelineStateManager (PipelineStateManager.java:addPipeline(56)) - Created pipeline Pipeline[ Id: 63bcc39f-e157-4c16-accf-74394efd8f2e, Nodes: 5f9a0e92-828f-4406-8370-fc24211be18d{ip: 192.168.30.6, host: pr-hdds-1569-5gmkr-4255264070, networkLocation: /default-rack, certSerialId: null}, Type:RATIS, Factor:ONE, State:OPEN]
2019-09-25 11:00:08,782 [RatisPipelineUtilsThread] INFO  pipeline.PipelinePlacementPolicy (PipelinePlacementPolicy.java:meetCriteria(91)) - Pipeline Placement: can't place more pipeline on heavy datanode： 10236b5f-bff6-485e-aafa-3b26ea1d6574 Heaviness: 6 limit: 5
2019-09-25 11:00:08,782 [RatisPipelineUtilsThread] INFO  pipeline.PipelinePlacementPolicy (PipelinePlacementPolicy.java:meetCriteria(91)) - Pipeline Placement: can't place more pipeline on heavy datanode： 5f9a0e92-828f-4406-8370-fc24211be18d Heaviness: 6 limit: 5
2019-09-25 11:00:08,782 [RatisPipelineUtilsThread] INFO  pipeline.PipelinePlacementPolicy (PipelinePlacementPolicy.java:meetCriteria(91)) - Pipeline Placement: can't place more pipeline on heavy datanode： 642f0824-8397-42da-9ac4-13d7260e7e2f Heaviness: 6 limit: 5
2019-09-25 11:00:08,792 [grpc-default-executor-0] INFO  impl.RaftServerProxy (RaftServerProxy.java:addNew(89)) - b9731c9a-07e8-4827-9eb9-5f784fb447b9: addNew group-31C0F503099D:[b9731c9a-07e8-4827-9eb9-5f784fb447b9:192.168.30.6:46688] returns group-31C0F503099D:java.util.concurrent.CompletableFuture@fa4a5b3[Not completed]
2019-09-25 11:00:08,793 [pool-47-thread-1] INFO  impl.RaftServerImpl (RaftServerImpl.java:<init>(95)) - b9731c9a-07e8-4827-9eb9-5f784fb447b9: new RaftServerImpl for group-31C0F503099D:[b9731c9a-07e8-4827-9eb9-5f784fb447b9:192.168.30.6:46688] with ContainerStateMachine:uninitialized
2019-09-25 11:00:08,793 [pool-47-thread-1] INFO  server.RaftServerConfigKeys (ConfUtils.java:logGet(43)) - raft.server.rpc.timeout.min = 5s (custom)
2019-09-25 11:00:08,793 [pool-47-thread-1] INFO  server.RaftServerConfigKeys (ConfUtils.java:logGet(43)) - raft.server.rpc.timeout.max = 5200ms (custom)
2019-09-25 11:00:08,794 [pool-47-thread-1] INFO  server.RaftServerConfigKeys (ConfUtils.java:logGet(43)) - raft.server.rpcslowness.timeout = 120s (custom)
2019-09-25 11:00:08,794 [pool-47-thread-1] INFO  server.RaftServerConfigKeys (ConfUtils.java:logGet(43)) - raft.server.sleep.deviation.threshold = 300 (default)
2019-09-25 11:00:08,794 [pool-47-thread-1] INFO  server.RaftServerConfigKeys (ConfUtils.java:logGet(43)) - raft.server.log.appender.install.snapshot.enabled = false (custom)
2019-09-25 11:00:08,794 [pool-47-thread-1] INFO  impl.RaftServerImpl (ServerState.java:<init>(103)) - b9731c9a-07e8-4827-9eb9-5f784fb447b9@group-31C0F503099D: ConfigurationManager, init=-1: [b9731c9a-07e8-4827-9eb9-5f784fb447b9:192.168.30.6:46688], old=null, confs=<EMPTY_MAP>
2019-09-25 11:00:08,794 [pool-47-thread-1] INFO  server.RaftServerConfigKeys (ConfUtils.java:logGet(43)) - raft.server.storage.dir = [/workdir/hadoop-ozone/integration-test/target/test-dir/MiniOzoneClusterImpl-cb8ecd13-95cc-47fe-8445-93be882af5d4/datanode-2/data/ratis] (custom)
2019-09-25 11:00:08,795 [pool-47-thread-1] INFO  storage.RaftStorageDirectory (RaftStorageDirectory.java:analyzeStorage(246)) - The storage directory /workdir/hadoop-ozone/integration-test/target/test-dir/MiniOzoneClusterImpl-cb8ecd13-95cc-47fe-8445-93be882af5d4/datanode-2/data/ratis/77cc3ec0-e075-4230-886c-31c0f503099d does not exist. Creating ...
2019-09-25 11:00:08,808 [pool-47-thread-1] INFO  storage.RaftStorageDirectory (RaftStorageDirectory.java:tryLock(328)) - Lock on /workdir/hadoop-ozone/integration-test/target/test-dir/MiniOzoneClusterImpl-cb8ecd13-95cc-47fe-8445-93be882af5d4/datanode-2/data/ratis/77cc3ec0-e075-4230-886c-31c0f503099d/in_use.lock acquired by nodename 21763@pr-hdds-1569-5gmkr-4255264070
2019-09-25 11:00:08,821 [pool-47-thread-1] INFO  storage.RaftStorage (RaftStorage.java:format(72)) - Storage directory /workdir/hadoop-ozone/integration-test/target/test-dir/MiniOzoneClusterImpl-cb8ecd13-95cc-47fe-8445-93be882af5d4/datanode-2/data/ratis/77cc3ec0-e075-4230-886c-31c0f503099d has been successfully formatted.
2019-09-25 11:00:08,821 [pool-47-thread-1] INFO  ratis.ContainerStateMachine (ContainerStateMachine.java:loadSnapshot(230)) - group-31C0F503099D: The snapshot info is null. Setting the last applied indexto:(t:0, i:~)
2019-09-25 11:00:08,821 [pool-47-thread-1] INFO  server.RaftServerConfigKeys (ConfUtils.java:logGet(43)) - raft.server.notification.no-leader.timeout = 120s (custom)
2019-09-25 11:00:08,822 [pool-47-thread-1] INFO  server.RaftServerConfigKeys (ConfUtils.java:logGet(43)) - raft.server.log.use.memory = false (default)
2019-09-25 11:00:08,822 [pool-47-thread-1] INFO  server.RaftServerConfigKeys (ConfUtils.java:logGet(43)) - raft.server.log.purge.gap = 1000000 (custom)
2019-09-25 11:00:08,822 [pool-47-thread-1] INFO  server.RaftServerConfigKeys (ConfUtils.java:logGet(43)) - raft.server.log.appender.buffer.byte-limit = 33554432 (custom)
2019-09-25 11:00:08,822 [pool-47-thread-1] INFO  server.RaftServerConfigKeys (ConfUtils.java:logGet(43)) - raft.server.log.segment.size.max = 1048576 (custom)
2019-09-25 11:00:08,822 [pool-47-thread-1] INFO  server.RaftServerConfigKeys (ConfUtils.java:logGet(43)) - raft.server.log.segment.cache.num.max = 2 (custom)
2019-09-25 11:00:08,822 [pool-47-thread-1] INFO  segmented.SegmentedRaftLogWorker (SegmentedRaftLogWorker.java:<init>(172)) - new b9731c9a-07e8-4827-9eb9-5f784fb447b9@group-31C0F503099D-SegmentedRaftLogWorker for RaftStorage:Storage Directory /workdir/hadoop-ozone/integration-test/target/test-dir/MiniOzoneClusterImpl-cb8ecd13-95cc-47fe-8445-93be882af5d4/datanode-2/data/ratis/77cc3ec0-e075-4230-886c-31c0f503099d
2019-09-25 11:00:08,822 [pool-47-thread-1] INFO  server.RaftServerConfigKeys (ConfUtils.java:logGet(43)) - raft.server.log.queue.byte-limit = 2147483647 (custom)
2019-09-25 11:00:08,822 [pool-47-thread-1] INFO  server.RaftServerConfigKeys (ConfUtils.java:logGet(43)) - raft.server.log.queue.element-limit = 1024 (custom)
2019-09-25 11:00:08,823 [pool-47-thread-1] INFO  server.RaftServerConfigKeys (ConfUtils.java:logGet(43)) - raft.server.log.segment.size.max = 1048576 (custom)
2019-09-25 11:00:08,823 [pool-47-thread-1] INFO  server.RaftServerConfigKeys (ConfUtils.java:logGet(43)) - raft.server.log.preallocated.size = 16384 (custom)
2019-09-25 11:00:08,823 [pool-47-thread-1] INFO  server.RaftServerConfigKeys (ConfUtils.java:logGet(43)) - raft.server.log.write.buffer.size = 33554432 (custom)
2019-09-25 11:00:08,823 [pool-47-thread-1] INFO  server.RaftServerConfigKeys (ConfUtils.java:logGet(43)) - raft.server.log.force.sync.num = 128 (default)
2019-09-25 11:00:08,823 [pool-47-thread-1] INFO  server.RaftServerConfigKeys (ConfUtils.java:logGet(43)) - raft.server.log.statemachine.data.sync = true (default)
2019-09-25 11:00:08,823 [pool-47-thread-1] INFO  server.RaftServerConfigKeys (ConfUtils.java:logGet(43)) - raft.server.log.statemachine.data.sync.timeout = 10s (default)
2019-09-25 11:00:08,823 [pool-47-thread-1] INFO  server.RaftServerConfigKeys (ConfUtils.java:logGet(43)) - raft.server.log.statemachine.data.sync.timeout.retry = -1 (default)
2019-09-25 11:00:08,823 [pool-47-thread-1] INFO  server.RaftServerConfigKeys (ConfUtils.java:logGet(43)) - raft.server.log.statemachine.data.caching.enabled = true (custom)
2019-09-25 11:00:08,824 [pool-47-thread-1] INFO  segmented.SegmentedRaftLogWorker (SegmentedRaftLogWorker.java:lambda$new$0(132)) - b9731c9a-07e8-4827-9eb9-5f784fb447b9@group-31C0F503099D-SegmentedRaftLogWorker: flushIndex: setUnconditionally 0 -> -1
2019-09-25 11:00:08,824 [pool-47-thread-1] INFO  server.RaftServerConfigKeys (ConfUtils.java:logGet(43)) - raft.server.snapshot.auto.trigger.enabled = true (custom)
2019-09-25 11:00:08,824 [pool-47-thread-1] INFO  server.RaftServerConfigKeys (ConfUtils.java:logGet(43)) - raft.server.snapshot.auto.trigger.threshold = 10000 (custom)
2019-09-25 11:00:08,824 [pool-47-thread-1] INFO  server.RaftServerConfigKeys (ConfUtils.java:logGet(43)) - raft.server.snapshot.retention.num.files = 5 (custom)
2019-09-25 11:00:08,824 [pool-47-thread-1] INFO  server.RaftServerConfigKeys (ConfUtils.java:logGet(43)) - raft.server.retrycache.expirytime = 600000ms (custom)
2019-09-25 11:00:08,827 [pool-47-thread-1] INFO  impl.RaftServerImpl (RaftServerImpl.java:start(185)) - b9731c9a-07e8-4827-9eb9-5f784fb447b9@group-31C0F503099D: start as a follower, conf=-1: [b9731c9a-07e8-4827-9eb9-5f784fb447b9:192.168.30.6:46688], old=null
2019-09-25 11:00:08,827 [pool-47-thread-1] INFO  impl.RaftServerImpl (RaftServerImpl.java:setRole(174)) - b9731c9a-07e8-4827-9eb9-5f784fb447b9@group-31C0F503099D: changes role from      null to FOLLOWER at term 0 for startAsFollower
2019-09-25 11:00:08,827 [pool-47-thread-1] INFO  impl.RoleInfo (RoleInfo.java:updateAndGet(143)) - b9731c9a-07e8-4827-9eb9-5f784fb447b9: start FollowerState
2019-09-25 11:00:08,827 [pool-47-thread-1] INFO  util.JmxRegister (JmxRegister.java:tryRegister(44)) - Successfully registered JMX Bean with object name Ratis:service=RaftServer,group=group-31C0F503099D,id=b9731c9a-07e8-4827-9eb9-5f784fb447b9
2019-09-25 11:00:08,833 [RatisPipelineUtilsThread] INFO  pipeline.PipelineStateManager (PipelineStateManager.java:addPipeline(56)) - Created pipeline Pipeline[ Id: 77cc3ec0-e075-4230-886c-31c0f503099d, Nodes: b9731c9a-07e8-4827-9eb9-5f784fb447b9{ip: 192.168.30.6, host: pr-hdds-1569-5gmkr-4255264070, networkLocation: /default-rack, certSerialId: null}, Type:RATIS, Factor:ONE, State:OPEN]
2019-09-25 11:00:08,833 [RatisPipelineUtilsThread] INFO  pipeline.PipelinePlacementPolicy (PipelinePlacementPolicy.java:meetCriteria(91)) - Pipeline Placement: can't place more pipeline on heavy datanode： 10236b5f-bff6-485e-aafa-3b26ea1d6574 Heaviness: 6 limit: 5
2019-09-25 11:00:08,833 [RatisPipelineUtilsThread] INFO  pipeline.PipelinePlacementPolicy (PipelinePlacementPolicy.java:meetCriteria(91)) - Pipeline Placement: can't place more pipeline on heavy datanode： 5f9a0e92-828f-4406-8370-fc24211be18d Heaviness: 6 limit: 5
2019-09-25 11:00:08,834 [RatisPipelineUtilsThread] INFO  pipeline.PipelinePlacementPolicy (PipelinePlacementPolicy.java:meetCriteria(91)) - Pipeline Placement: can't place more pipeline on heavy datanode： 642f0824-8397-42da-9ac4-13d7260e7e2f Heaviness: 6 limit: 5
2019-09-25 11:00:08,834 [RatisPipelineUtilsThread] INFO  pipeline.PipelinePlacementPolicy (PipelinePlacementPolicy.java:meetCriteria(91)) - Pipeline Placement: can't place more pipeline on heavy datanode： b9731c9a-07e8-4827-9eb9-5f784fb447b9 Heaviness: 6 limit: 5
2019-09-25 11:00:08,845 [grpc-default-executor-0] INFO  impl.RaftServerProxy (RaftServerProxy.java:addNew(89)) - e32c4ad0-ba90-43ec-bb55-c70e02bd141a: addNew group-1F6175DB538B:[e32c4ad0-ba90-43ec-bb55-c70e02bd141a:192.168.30.6:43545] returns group-1F6175DB538B:java.util.concurrent.CompletableFuture@75d4eff3[Not completed]
2019-09-25 11:00:09,119 [pool-27-thread-1] INFO  impl.RaftServerImpl (RaftServerImpl.java:<init>(95)) - e32c4ad0-ba90-43ec-bb55-c70e02bd141a: new RaftServerImpl for group-1F6175DB538B:[e32c4ad0-ba90-43ec-bb55-c70e02bd141a:192.168.30.6:43545] with ContainerStateMachine:uninitialized
2019-09-25 11:00:09,119 [pool-27-thread-1] INFO  server.RaftServerConfigKeys (ConfUtils.java:logGet(43)) - raft.server.rpc.timeout.min = 5s (custom)
2019-09-25 11:00:09,119 [pool-27-thread-1] INFO  server.RaftServerConfigKeys (ConfUtils.java:logGet(43)) - raft.server.rpc.timeout.max = 5200ms (custom)
2019-09-25 11:00:09,119 [pool-27-thread-1] INFO  server.RaftServerConfigKeys (ConfUtils.java:logGet(43)) - raft.server.rpcslowness.timeout = 120s (custom)
2019-09-25 11:00:09,120 [pool-27-thread-1] INFO  server.RaftServerConfigKeys (ConfUtils.java:logGet(43)) - raft.server.sleep.deviation.threshold = 300 (default)
2019-09-25 11:00:09,120 [pool-27-thread-1] INFO  server.RaftServerConfigKeys (ConfUtils.java:logGet(43)) - raft.server.log.appender.install.snapshot.enabled = false (custom)
2019-09-25 11:00:09,120 [pool-27-thread-1] INFO  impl.RaftServerImpl (ServerState.java:<init>(103)) - e32c4ad0-ba90-43ec-bb55-c70e02bd141a@group-1F6175DB538B: ConfigurationManager, init=-1: [e32c4ad0-ba90-43ec-bb55-c70e02bd141a:192.168.30.6:43545], old=null, confs=<EMPTY_MAP>
2019-09-25 11:00:09,120 [pool-27-thread-1] INFO  server.RaftServerConfigKeys (ConfUtils.java:logGet(43)) - raft.server.storage.dir = [/workdir/hadoop-ozone/integration-test/target/test-dir/MiniOzoneClusterImpl-cb8ecd13-95cc-47fe-8445-93be882af5d4/datanode-0/data/ratis] (custom)
2019-09-25 11:00:09,120 [pool-27-thread-1] INFO  storage.RaftStorageDirectory (RaftStorageDirectory.java:analyzeStorage(246)) - The storage directory /workdir/hadoop-ozone/integration-test/target/test-dir/MiniOzoneClusterImpl-cb8ecd13-95cc-47fe-8445-93be882af5d4/datanode-0/data/ratis/749c08d5-2174-48e4-b3da-1f6175db538b does not exist. Creating ...
2019-09-25 11:00:09,134 [pool-27-thread-1] INFO  storage.RaftStorageDirectory (RaftStorageDirectory.java:tryLock(328)) - Lock on /workdir/hadoop-ozone/integration-test/target/test-dir/MiniOzoneClusterImpl-cb8ecd13-95cc-47fe-8445-93be882af5d4/datanode-0/data/ratis/749c08d5-2174-48e4-b3da-1f6175db538b/in_use.lock acquired by nodename 21763@pr-hdds-1569-5gmkr-4255264070
2019-09-25 11:00:09,146 [pool-27-thread-1] INFO  storage.RaftStorage (RaftStorage.java:format(72)) - Storage directory /workdir/hadoop-ozone/integration-test/target/test-dir/MiniOzoneClusterImpl-cb8ecd13-95cc-47fe-8445-93be882af5d4/datanode-0/data/ratis/749c08d5-2174-48e4-b3da-1f6175db538b has been successfully formatted.
2019-09-25 11:00:09,147 [pool-27-thread-1] INFO  ratis.ContainerStateMachine (ContainerStateMachine.java:loadSnapshot(230)) - group-1F6175DB538B: The snapshot info is null. Setting the last applied indexto:(t:0, i:~)
2019-09-25 11:00:09,147 [pool-27-thread-1] INFO  server.RaftServerConfigKeys (ConfUtils.java:logGet(43)) - raft.server.notification.no-leader.timeout = 120s (custom)
2019-09-25 11:00:09,147 [pool-27-thread-1] INFO  server.RaftServerConfigKeys (ConfUtils.java:logGet(43)) - raft.server.log.use.memory = false (default)
2019-09-25 11:00:09,147 [pool-27-thread-1] INFO  server.RaftServerConfigKeys (ConfUtils.java:logGet(43)) - raft.server.log.purge.gap = 1000000 (custom)
2019-09-25 11:00:09,147 [pool-27-thread-1] INFO  server.RaftServerConfigKeys (ConfUtils.java:logGet(43)) - raft.server.log.appender.buffer.byte-limit = 33554432 (custom)
2019-09-25 11:00:09,147 [pool-27-thread-1] INFO  server.RaftServerConfigKeys (ConfUtils.java:logGet(43)) - raft.server.log.segment.size.max = 1048576 (custom)
2019-09-25 11:00:09,147 [pool-27-thread-1] INFO  server.RaftServerConfigKeys (ConfUtils.java:logGet(43)) - raft.server.log.segment.cache.num.max = 2 (custom)
2019-09-25 11:00:09,147 [pool-27-thread-1] INFO  segmented.SegmentedRaftLogWorker (SegmentedRaftLogWorker.java:<init>(172)) - new e32c4ad0-ba90-43ec-bb55-c70e02bd141a@group-1F6175DB538B-SegmentedRaftLogWorker for RaftStorage:Storage Directory /workdir/hadoop-ozone/integration-test/target/test-dir/MiniOzoneClusterImpl-cb8ecd13-95cc-47fe-8445-93be882af5d4/datanode-0/data/ratis/749c08d5-2174-48e4-b3da-1f6175db538b
2019-09-25 11:00:09,148 [pool-27-thread-1] INFO  server.RaftServerConfigKeys (ConfUtils.java:logGet(43)) - raft.server.log.queue.byte-limit = 2147483647 (custom)
2019-09-25 11:00:09,148 [pool-27-thread-1] INFO  server.RaftServerConfigKeys (ConfUtils.java:logGet(43)) - raft.server.log.queue.element-limit = 1024 (custom)
2019-09-25 11:00:09,148 [pool-27-thread-1] INFO  server.RaftServerConfigKeys (ConfUtils.java:logGet(43)) - raft.server.log.segment.size.max = 1048576 (custom)
2019-09-25 11:00:09,148 [pool-27-thread-1] INFO  server.RaftServerConfigKeys (ConfUtils.java:logGet(43)) - raft.server.log.preallocated.size = 16384 (custom)
2019-09-25 11:00:09,148 [pool-27-thread-1] INFO  server.RaftServerConfigKeys (ConfUtils.java:logGet(43)) - raft.server.log.write.buffer.size = 33554432 (custom)
2019-09-25 11:00:09,148 [pool-27-thread-1] INFO  server.RaftServerConfigKeys (ConfUtils.java:logGet(43)) - raft.server.log.force.sync.num = 128 (default)
2019-09-25 11:00:09,148 [pool-27-thread-1] INFO  server.RaftServerConfigKeys (ConfUtils.java:logGet(43)) - raft.server.log.statemachine.data.sync = true (default)
2019-09-25 11:00:09,148 [pool-27-thread-1] INFO  server.RaftServerConfigKeys (ConfUtils.java:logGet(43)) - raft.server.log.statemachine.data.sync.timeout = 10s (default)
2019-09-25 11:00:09,148 [pool-27-thread-1] INFO  server.RaftServerConfigKeys (ConfUtils.java:logGet(43)) - raft.server.log.statemachine.data.sync.timeout.retry = -1 (default)
2019-09-25 11:00:09,149 [pool-27-thread-1] INFO  server.RaftServerConfigKeys (ConfUtils.java:logGet(43)) - raft.server.log.statemachine.data.caching.enabled = true (custom)
2019-09-25 11:00:09,149 [pool-27-thread-1] INFO  segmented.SegmentedRaftLogWorker (SegmentedRaftLogWorker.java:lambda$new$0(132)) - e32c4ad0-ba90-43ec-bb55-c70e02bd141a@group-1F6175DB538B-SegmentedRaftLogWorker: flushIndex: setUnconditionally 0 -> -1
2019-09-25 11:00:09,149 [pool-27-thread-1] INFO  server.RaftServerConfigKeys (ConfUtils.java:logGet(43)) - raft.server.snapshot.auto.trigger.enabled = true (custom)
2019-09-25 11:00:09,149 [pool-27-thread-1] INFO  server.RaftServerConfigKeys (ConfUtils.java:logGet(43)) - raft.server.snapshot.auto.trigger.threshold = 10000 (custom)
2019-09-25 11:00:09,149 [pool-27-thread-1] INFO  server.RaftServerConfigKeys (ConfUtils.java:logGet(43)) - raft.server.snapshot.retention.num.files = 5 (custom)
2019-09-25 11:00:09,150 [pool-27-thread-1] INFO  server.RaftServerConfigKeys (ConfUtils.java:logGet(43)) - raft.server.retrycache.expirytime = 600000ms (custom)
2019-09-25 11:00:09,152 [pool-27-thread-1] INFO  impl.RaftServerImpl (RaftServerImpl.java:start(185)) - e32c4ad0-ba90-43ec-bb55-c70e02bd141a@group-1F6175DB538B: start as a follower, conf=-1: [e32c4ad0-ba90-43ec-bb55-c70e02bd141a:192.168.30.6:43545], old=null
2019-09-25 11:00:09,152 [pool-27-thread-1] INFO  impl.RaftServerImpl (RaftServerImpl.java:setRole(174)) - e32c4ad0-ba90-43ec-bb55-c70e02bd141a@group-1F6175DB538B: changes role from      null to FOLLOWER at term 0 for startAsFollower
2019-09-25 11:00:09,152 [pool-27-thread-1] INFO  impl.RoleInfo (RoleInfo.java:updateAndGet(143)) - e32c4ad0-ba90-43ec-bb55-c70e02bd141a: start FollowerState
2019-09-25 11:00:09,152 [pool-27-thread-1] INFO  util.JmxRegister (JmxRegister.java:tryRegister(44)) - Successfully registered JMX Bean with object name Ratis:service=RaftServer,group=group-1F6175DB538B,id=e32c4ad0-ba90-43ec-bb55-c70e02bd141a
2019-09-25 11:00:09,158 [RatisPipelineUtilsThread] INFO  pipeline.PipelineStateManager (PipelineStateManager.java:addPipeline(56)) - Created pipeline Pipeline[ Id: 749c08d5-2174-48e4-b3da-1f6175db538b, Nodes: e32c4ad0-ba90-43ec-bb55-c70e02bd141a{ip: 192.168.30.6, host: pr-hdds-1569-5gmkr-4255264070, networkLocation: /default-rack, certSerialId: null}, Type:RATIS, Factor:ONE, State:OPEN]
2019-09-25 11:00:09,158 [RatisPipelineUtilsThread] INFO  pipeline.PipelinePlacementPolicy (PipelinePlacementPolicy.java:meetCriteria(91)) - Pipeline Placement: can't place more pipeline on heavy datanode： 10236b5f-bff6-485e-aafa-3b26ea1d6574 Heaviness: 6 limit: 5
2019-09-25 11:00:09,158 [RatisPipelineUtilsThread] INFO  pipeline.PipelinePlacementPolicy (PipelinePlacementPolicy.java:meetCriteria(91)) - Pipeline Placement: can't place more pipeline on heavy datanode： 5f9a0e92-828f-4406-8370-fc24211be18d Heaviness: 6 limit: 5
2019-09-25 11:00:09,159 [RatisPipelineUtilsThread] INFO  pipeline.PipelinePlacementPolicy (PipelinePlacementPolicy.java:meetCriteria(91)) - Pipeline Placement: can't place more pipeline on heavy datanode： 642f0824-8397-42da-9ac4-13d7260e7e2f Heaviness: 6 limit: 5
2019-09-25 11:00:09,159 [RatisPipelineUtilsThread] INFO  pipeline.PipelinePlacementPolicy (PipelinePlacementPolicy.java:meetCriteria(91)) - Pipeline Placement: can't place more pipeline on heavy datanode： b9731c9a-07e8-4827-9eb9-5f784fb447b9 Heaviness: 6 limit: 5
2019-09-25 11:00:09,168 [grpc-default-executor-0] INFO  impl.RaftServerProxy (RaftServerProxy.java:addNew(89)) - 024c4dd7-7c9d-4cdb-8271-6a4ddb62c17e: addNew group-D31D9010DD88:[024c4dd7-7c9d-4cdb-8271-6a4ddb62c17e:192.168.30.6:36470] returns group-D31D9010DD88:java.util.concurrent.CompletableFuture@25ee4aaf[Not completed]
2019-09-25 11:00:09,170 [pool-37-thread-1] INFO  impl.RaftServerImpl (RaftServerImpl.java:<init>(95)) - 024c4dd7-7c9d-4cdb-8271-6a4ddb62c17e: new RaftServerImpl for group-D31D9010DD88:[024c4dd7-7c9d-4cdb-8271-6a4ddb62c17e:192.168.30.6:36470] with ContainerStateMachine:uninitialized
2019-09-25 11:00:09,170 [pool-37-thread-1] INFO  server.RaftServerConfigKeys (ConfUtils.java:logGet(43)) - raft.server.rpc.timeout.min = 5s (custom)
2019-09-25 11:00:09,170 [pool-37-thread-1] INFO  server.RaftServerConfigKeys (ConfUtils.java:logGet(43)) - raft.server.rpc.timeout.max = 5200ms (custom)
2019-09-25 11:00:09,170 [pool-37-thread-1] INFO  server.RaftServerConfigKeys (ConfUtils.java:logGet(43)) - raft.server.rpcslowness.timeout = 120s (custom)
2019-09-25 11:00:09,170 [pool-37-thread-1] INFO  server.RaftServerConfigKeys (ConfUtils.java:logGet(43)) - raft.server.sleep.deviation.threshold = 300 (default)
2019-09-25 11:00:09,171 [pool-37-thread-1] INFO  server.RaftServerConfigKeys (ConfUtils.java:logGet(43)) - raft.server.log.appender.install.snapshot.enabled = false (custom)
2019-09-25 11:00:09,171 [pool-37-thread-1] INFO  impl.RaftServerImpl (ServerState.java:<init>(103)) - 024c4dd7-7c9d-4cdb-8271-6a4ddb62c17e@group-D31D9010DD88: ConfigurationManager, init=-1: [024c4dd7-7c9d-4cdb-8271-6a4ddb62c17e:192.168.30.6:36470], old=null, confs=<EMPTY_MAP>
2019-09-25 11:00:09,171 [pool-37-thread-1] INFO  server.RaftServerConfigKeys (ConfUtils.java:logGet(43)) - raft.server.storage.dir = [/workdir/hadoop-ozone/integration-test/target/test-dir/MiniOzoneClusterImpl-cb8ecd13-95cc-47fe-8445-93be882af5d4/datanode-1/data/ratis] (custom)
2019-09-25 11:00:09,171 [pool-37-thread-1] INFO  storage.RaftStorageDirectory (RaftStorageDirectory.java:analyzeStorage(246)) - The storage directory /workdir/hadoop-ozone/integration-test/target/test-dir/MiniOzoneClusterImpl-cb8ecd13-95cc-47fe-8445-93be882af5d4/datanode-1/data/ratis/bfc4953d-5a4c-4fe7-a0ed-d31d9010dd88 does not exist. Creating ...
2019-09-25 11:00:09,185 [pool-37-thread-1] INFO  storage.RaftStorageDirectory (RaftStorageDirectory.java:tryLock(328)) - Lock on /workdir/hadoop-ozone/integration-test/target/test-dir/MiniOzoneClusterImpl-cb8ecd13-95cc-47fe-8445-93be882af5d4/datanode-1/data/ratis/bfc4953d-5a4c-4fe7-a0ed-d31d9010dd88/in_use.lock acquired by nodename 21763@pr-hdds-1569-5gmkr-4255264070
2019-09-25 11:00:09,198 [pool-37-thread-1] INFO  storage.RaftStorage (RaftStorage.java:format(72)) - Storage directory /workdir/hadoop-ozone/integration-test/target/test-dir/MiniOzoneClusterImpl-cb8ecd13-95cc-47fe-8445-93be882af5d4/datanode-1/data/ratis/bfc4953d-5a4c-4fe7-a0ed-d31d9010dd88 has been successfully formatted.
2019-09-25 11:00:09,198 [pool-37-thread-1] INFO  ratis.ContainerStateMachine (ContainerStateMachine.java:loadSnapshot(230)) - group-D31D9010DD88: The snapshot info is null. Setting the last applied indexto:(t:0, i:~)
2019-09-25 11:00:09,198 [pool-37-thread-1] INFO  server.RaftServerConfigKeys (ConfUtils.java:logGet(43)) - raft.server.notification.no-leader.timeout = 120s (custom)
2019-09-25 11:00:09,198 [pool-37-thread-1] INFO  server.RaftServerConfigKeys (ConfUtils.java:logGet(43)) - raft.server.log.use.memory = false (default)
2019-09-25 11:00:09,198 [pool-37-thread-1] INFO  server.RaftServerConfigKeys (ConfUtils.java:logGet(43)) - raft.server.log.purge.gap = 1000000 (custom)
2019-09-25 11:00:09,199 [pool-37-thread-1] INFO  server.RaftServerConfigKeys (ConfUtils.java:logGet(43)) - raft.server.log.appender.buffer.byte-limit = 33554432 (custom)
2019-09-25 11:00:09,199 [pool-37-thread-1] INFO  server.RaftServerConfigKeys (ConfUtils.java:logGet(43)) - raft.server.log.segment.size.max = 1048576 (custom)
2019-09-25 11:00:09,199 [pool-37-thread-1] INFO  server.RaftServerConfigKeys (ConfUtils.java:logGet(43)) - raft.server.log.segment.cache.num.max = 2 (custom)
2019-09-25 11:00:09,199 [pool-37-thread-1] INFO  segmented.SegmentedRaftLogWorker (SegmentedRaftLogWorker.java:<init>(172)) - new 024c4dd7-7c9d-4cdb-8271-6a4ddb62c17e@group-D31D9010DD88-SegmentedRaftLogWorker for RaftStorage:Storage Directory /workdir/hadoop-ozone/integration-test/target/test-dir/MiniOzoneClusterImpl-cb8ecd13-95cc-47fe-8445-93be882af5d4/datanode-1/data/ratis/bfc4953d-5a4c-4fe7-a0ed-d31d9010dd88
2019-09-25 11:00:09,199 [pool-37-thread-1] INFO  server.RaftServerConfigKeys (ConfUtils.java:logGet(43)) - raft.server.log.queue.byte-limit = 2147483647 (custom)
2019-09-25 11:00:09,199 [pool-37-thread-1] INFO  server.RaftServerConfigKeys (ConfUtils.java:logGet(43)) - raft.server.log.queue.element-limit = 1024 (custom)
2019-09-25 11:00:09,200 [pool-37-thread-1] INFO  server.RaftServerConfigKeys (ConfUtils.java:logGet(43)) - raft.server.log.segment.size.max = 1048576 (custom)
2019-09-25 11:00:09,200 [pool-37-thread-1] INFO  server.RaftServerConfigKeys (ConfUtils.java:logGet(43)) - raft.server.log.preallocated.size = 16384 (custom)
2019-09-25 11:00:09,200 [pool-37-thread-1] INFO  server.RaftServerConfigKeys (ConfUtils.java:logGet(43)) - raft.server.log.write.buffer.size = 33554432 (custom)
2019-09-25 11:00:09,200 [pool-37-thread-1] INFO  server.RaftServerConfigKeys (ConfUtils.java:logGet(43)) - raft.server.log.force.sync.num = 128 (default)
2019-09-25 11:00:09,200 [pool-37-thread-1] INFO  server.RaftServerConfigKeys (ConfUtils.java:logGet(43)) - raft.server.log.statemachine.data.sync = true (default)
2019-09-25 11:00:09,200 [pool-37-thread-1] INFO  server.RaftServerConfigKeys (ConfUtils.java:logGet(43)) - raft.server.log.statemachine.data.sync.timeout = 10s (default)
2019-09-25 11:00:09,200 [pool-37-thread-1] INFO  server.RaftServerConfigKeys (ConfUtils.java:logGet(43)) - raft.server.log.statemachine.data.sync.timeout.retry = -1 (default)
2019-09-25 11:00:09,201 [pool-37-thread-1] INFO  server.RaftServerConfigKeys (ConfUtils.java:logGet(43)) - raft.server.log.statemachine.data.caching.enabled = true (custom)
2019-09-25 11:00:09,201 [pool-37-thread-1] INFO  segmented.SegmentedRaftLogWorker (SegmentedRaftLogWorker.java:lambda$new$0(132)) - 024c4dd7-7c9d-4cdb-8271-6a4ddb62c17e@group-D31D9010DD88-SegmentedRaftLogWorker: flushIndex: setUnconditionally 0 -> -1
2019-09-25 11:00:09,201 [pool-37-thread-1] INFO  server.RaftServerConfigKeys (ConfUtils.java:logGet(43)) - raft.server.snapshot.auto.trigger.enabled = true (custom)
2019-09-25 11:00:09,202 [pool-37-thread-1] INFO  server.RaftServerConfigKeys (ConfUtils.java:logGet(43)) - raft.server.snapshot.auto.trigger.threshold = 10000 (custom)
2019-09-25 11:00:09,202 [pool-37-thread-1] INFO  server.RaftServerConfigKeys (ConfUtils.java:logGet(43)) - raft.server.snapshot.retention.num.files = 5 (custom)
2019-09-25 11:00:09,202 [pool-37-thread-1] INFO  server.RaftServerConfigKeys (ConfUtils.java:logGet(43)) - raft.server.retrycache.expirytime = 600000ms (custom)
2019-09-25 11:00:09,204 [pool-37-thread-1] INFO  impl.RaftServerImpl (RaftServerImpl.java:start(185)) - 024c4dd7-7c9d-4cdb-8271-6a4ddb62c17e@group-D31D9010DD88: start as a follower, conf=-1: [024c4dd7-7c9d-4cdb-8271-6a4ddb62c17e:192.168.30.6:36470], old=null
2019-09-25 11:00:09,205 [pool-37-thread-1] INFO  impl.RaftServerImpl (RaftServerImpl.java:setRole(174)) - 024c4dd7-7c9d-4cdb-8271-6a4ddb62c17e@group-D31D9010DD88: changes role from      null to FOLLOWER at term 0 for startAsFollower
2019-09-25 11:00:09,205 [pool-37-thread-1] INFO  impl.RoleInfo (RoleInfo.java:updateAndGet(143)) - 024c4dd7-7c9d-4cdb-8271-6a4ddb62c17e: start FollowerState
2019-09-25 11:00:09,205 [pool-37-thread-1] INFO  util.JmxRegister (JmxRegister.java:tryRegister(44)) - Successfully registered JMX Bean with object name Ratis:service=RaftServer,group=group-D31D9010DD88,id=024c4dd7-7c9d-4cdb-8271-6a4ddb62c17e
2019-09-25 11:00:09,210 [RatisPipelineUtilsThread] INFO  pipeline.PipelineStateManager (PipelineStateManager.java:addPipeline(56)) - Created pipeline Pipeline[ Id: bfc4953d-5a4c-4fe7-a0ed-d31d9010dd88, Nodes: 024c4dd7-7c9d-4cdb-8271-6a4ddb62c17e{ip: 192.168.30.6, host: pr-hdds-1569-5gmkr-4255264070, networkLocation: /default-rack, certSerialId: null}, Type:RATIS, Factor:ONE, State:OPEN]
2019-09-25 11:00:09,211 [RatisPipelineUtilsThread] INFO  pipeline.PipelinePlacementPolicy (PipelinePlacementPolicy.java:meetCriteria(91)) - Pipeline Placement: can't place more pipeline on heavy datanode： 10236b5f-bff6-485e-aafa-3b26ea1d6574 Heaviness: 6 limit: 5
2019-09-25 11:00:09,211 [RatisPipelineUtilsThread] INFO  pipeline.PipelinePlacementPolicy (PipelinePlacementPolicy.java:meetCriteria(91)) - Pipeline Placement: can't place more pipeline on heavy datanode： 5f9a0e92-828f-4406-8370-fc24211be18d Heaviness: 6 limit: 5
2019-09-25 11:00:09,211 [RatisPipelineUtilsThread] INFO  pipeline.PipelinePlacementPolicy (PipelinePlacementPolicy.java:meetCriteria(91)) - Pipeline Placement: can't place more pipeline on heavy datanode： 642f0824-8397-42da-9ac4-13d7260e7e2f Heaviness: 6 limit: 5
2019-09-25 11:00:09,211 [RatisPipelineUtilsThread] INFO  pipeline.PipelinePlacementPolicy (PipelinePlacementPolicy.java:meetCriteria(91)) - Pipeline Placement: can't place more pipeline on heavy datanode： b9731c9a-07e8-4827-9eb9-5f784fb447b9 Heaviness: 6 limit: 5
2019-09-25 11:00:09,222 [grpc-default-executor-0] INFO  impl.RaftServerProxy (RaftServerProxy.java:addNew(89)) - 024c4dd7-7c9d-4cdb-8271-6a4ddb62c17e: addNew group-6B67DD3E35FC:[024c4dd7-7c9d-4cdb-8271-6a4ddb62c17e:192.168.30.6:36470] returns group-6B67DD3E35FC:java.util.concurrent.CompletableFuture@682401e7[Not completed]
2019-09-25 11:00:09,223 [pool-37-thread-1] INFO  impl.RaftServerImpl (RaftServerImpl.java:<init>(95)) - 024c4dd7-7c9d-4cdb-8271-6a4ddb62c17e: new RaftServerImpl for group-6B67DD3E35FC:[024c4dd7-7c9d-4cdb-8271-6a4ddb62c17e:192.168.30.6:36470] with ContainerStateMachine:uninitialized
2019-09-25 11:00:09,224 [pool-37-thread-1] INFO  server.RaftServerConfigKeys (ConfUtils.java:logGet(43)) - raft.server.rpc.timeout.min = 5s (custom)
2019-09-25 11:00:09,224 [pool-37-thread-1] INFO  server.RaftServerConfigKeys (ConfUtils.java:logGet(43)) - raft.server.rpc.timeout.max = 5200ms (custom)
2019-09-25 11:00:09,224 [pool-37-thread-1] INFO  server.RaftServerConfigKeys (ConfUtils.java:logGet(43)) - raft.server.rpcslowness.timeout = 120s (custom)
2019-09-25 11:00:09,224 [pool-37-thread-1] INFO  server.RaftServerConfigKeys (ConfUtils.java:logGet(43)) - raft.server.sleep.deviation.threshold = 300 (default)
2019-09-25 11:00:09,224 [pool-37-thread-1] INFO  server.RaftServerConfigKeys (ConfUtils.java:logGet(43)) - raft.server.log.appender.install.snapshot.enabled = false (custom)
2019-09-25 11:00:09,224 [pool-37-thread-1] INFO  impl.RaftServerImpl (ServerState.java:<init>(103)) - 024c4dd7-7c9d-4cdb-8271-6a4ddb62c17e@group-6B67DD3E35FC: ConfigurationManager, init=-1: [024c4dd7-7c9d-4cdb-8271-6a4ddb62c17e:192.168.30.6:36470], old=null, confs=<EMPTY_MAP>
2019-09-25 11:00:09,225 [pool-37-thread-1] INFO  server.RaftServerConfigKeys (ConfUtils.java:logGet(43)) - raft.server.storage.dir = [/workdir/hadoop-ozone/integration-test/target/test-dir/MiniOzoneClusterImpl-cb8ecd13-95cc-47fe-8445-93be882af5d4/datanode-1/data/ratis] (custom)
2019-09-25 11:00:09,225 [pool-37-thread-1] INFO  storage.RaftStorageDirectory (RaftStorageDirectory.java:analyzeStorage(246)) - The storage directory /workdir/hadoop-ozone/integration-test/target/test-dir/MiniOzoneClusterImpl-cb8ecd13-95cc-47fe-8445-93be882af5d4/datanode-1/data/ratis/772adde8-8070-43c4-a942-6b67dd3e35fc does not exist. Creating ...
2019-09-25 11:00:09,239 [pool-37-thread-1] INFO  storage.RaftStorageDirectory (RaftStorageDirectory.java:tryLock(328)) - Lock on /workdir/hadoop-ozone/integration-test/target/test-dir/MiniOzoneClusterImpl-cb8ecd13-95cc-47fe-8445-93be882af5d4/datanode-1/data/ratis/772adde8-8070-43c4-a942-6b67dd3e35fc/in_use.lock acquired by nodename 21763@pr-hdds-1569-5gmkr-4255264070
2019-09-25 11:00:09,262 [pool-37-thread-1] INFO  storage.RaftStorage (RaftStorage.java:format(72)) - Storage directory /workdir/hadoop-ozone/integration-test/target/test-dir/MiniOzoneClusterImpl-cb8ecd13-95cc-47fe-8445-93be882af5d4/datanode-1/data/ratis/772adde8-8070-43c4-a942-6b67dd3e35fc has been successfully formatted.
2019-09-25 11:00:09,262 [pool-37-thread-1] INFO  ratis.ContainerStateMachine (ContainerStateMachine.java:loadSnapshot(230)) - group-6B67DD3E35FC: The snapshot info is null. Setting the last applied indexto:(t:0, i:~)
2019-09-25 11:00:09,263 [pool-37-thread-1] INFO  server.RaftServerConfigKeys (ConfUtils.java:logGet(43)) - raft.server.notification.no-leader.timeout = 120s (custom)
2019-09-25 11:00:09,263 [pool-37-thread-1] INFO  server.RaftServerConfigKeys (ConfUtils.java:logGet(43)) - raft.server.log.use.memory = false (default)
2019-09-25 11:00:09,263 [pool-37-thread-1] INFO  server.RaftServerConfigKeys (ConfUtils.java:logGet(43)) - raft.server.log.purge.gap = 1000000 (custom)
2019-09-25 11:00:09,263 [pool-37-thread-1] INFO  server.RaftServerConfigKeys (ConfUtils.java:logGet(43)) - raft.server.log.appender.buffer.byte-limit = 33554432 (custom)
2019-09-25 11:00:09,263 [pool-37-thread-1] INFO  server.RaftServerConfigKeys (ConfUtils.java:logGet(43)) - raft.server.log.segment.size.max = 1048576 (custom)
2019-09-25 11:00:09,263 [pool-37-thread-1] INFO  server.RaftServerConfigKeys (ConfUtils.java:logGet(43)) - raft.server.log.segment.cache.num.max = 2 (custom)
2019-09-25 11:00:09,264 [pool-37-thread-1] INFO  segmented.SegmentedRaftLogWorker (SegmentedRaftLogWorker.java:<init>(172)) - new 024c4dd7-7c9d-4cdb-8271-6a4ddb62c17e@group-6B67DD3E35FC-SegmentedRaftLogWorker for RaftStorage:Storage Directory /workdir/hadoop-ozone/integration-test/target/test-dir/MiniOzoneClusterImpl-cb8ecd13-95cc-47fe-8445-93be882af5d4/datanode-1/data/ratis/772adde8-8070-43c4-a942-6b67dd3e35fc
2019-09-25 11:00:09,264 [pool-37-thread-1] INFO  server.RaftServerConfigKeys (ConfUtils.java:logGet(43)) - raft.server.log.queue.byte-limit = 2147483647 (custom)
2019-09-25 11:00:09,264 [pool-37-thread-1] INFO  server.RaftServerConfigKeys (ConfUtils.java:logGet(43)) - raft.server.log.queue.element-limit = 1024 (custom)
2019-09-25 11:00:09,264 [pool-37-thread-1] INFO  server.RaftServerConfigKeys (ConfUtils.java:logGet(43)) - raft.server.log.segment.size.max = 1048576 (custom)
2019-09-25 11:00:09,264 [pool-37-thread-1] INFO  server.RaftServerConfigKeys (ConfUtils.java:logGet(43)) - raft.server.log.preallocated.size = 16384 (custom)
2019-09-25 11:00:09,264 [pool-37-thread-1] INFO  server.RaftServerConfigKeys (ConfUtils.java:logGet(43)) - raft.server.log.write.buffer.size = 33554432 (custom)
2019-09-25 11:00:09,265 [pool-37-thread-1] INFO  server.RaftServerConfigKeys (ConfUtils.java:logGet(43)) - raft.server.log.force.sync.num = 128 (default)
2019-09-25 11:00:09,265 [pool-37-thread-1] INFO  server.RaftServerConfigKeys (ConfUtils.java:logGet(43)) - raft.server.log.statemachine.data.sync = true (default)
2019-09-25 11:00:09,265 [pool-37-thread-1] INFO  server.RaftServerConfigKeys (ConfUtils.java:logGet(43)) - raft.server.log.statemachine.data.sync.timeout = 10s (default)
2019-09-25 11:00:09,265 [pool-37-thread-1] INFO  server.RaftServerConfigKeys (ConfUtils.java:logGet(43)) - raft.server.log.statemachine.data.sync.timeout.retry = -1 (default)
2019-09-25 11:00:09,265 [pool-37-thread-1] INFO  server.RaftServerConfigKeys (ConfUtils.java:logGet(43)) - raft.server.log.statemachine.data.caching.enabled = true (custom)
2019-09-25 11:00:09,266 [pool-37-thread-1] INFO  segmented.SegmentedRaftLogWorker (SegmentedRaftLogWorker.java:lambda$new$0(132)) - 024c4dd7-7c9d-4cdb-8271-6a4ddb62c17e@group-6B67DD3E35FC-SegmentedRaftLogWorker: flushIndex: setUnconditionally 0 -> -1
2019-09-25 11:00:09,266 [pool-37-thread-1] INFO  server.RaftServerConfigKeys (ConfUtils.java:logGet(43)) - raft.server.snapshot.auto.trigger.enabled = true (custom)
2019-09-25 11:00:09,266 [pool-37-thread-1] INFO  server.RaftServerConfigKeys (ConfUtils.java:logGet(43)) - raft.server.snapshot.auto.trigger.threshold = 10000 (custom)
2019-09-25 11:00:09,266 [pool-37-thread-1] INFO  server.RaftServerConfigKeys (ConfUtils.java:logGet(43)) - raft.server.snapshot.retention.num.files = 5 (custom)
2019-09-25 11:00:09,266 [pool-37-thread-1] INFO  server.RaftServerConfigKeys (ConfUtils.java:logGet(43)) - raft.server.retrycache.expirytime = 600000ms (custom)
2019-09-25 11:00:09,269 [pool-37-thread-1] INFO  impl.RaftServerImpl (RaftServerImpl.java:start(185)) - 024c4dd7-7c9d-4cdb-8271-6a4ddb62c17e@group-6B67DD3E35FC: start as a follower, conf=-1: [024c4dd7-7c9d-4cdb-8271-6a4ddb62c17e:192.168.30.6:36470], old=null
2019-09-25 11:00:09,269 [pool-37-thread-1] INFO  impl.RaftServerImpl (RaftServerImpl.java:setRole(174)) - 024c4dd7-7c9d-4cdb-8271-6a4ddb62c17e@group-6B67DD3E35FC: changes role from      null to FOLLOWER at term 0 for startAsFollower
2019-09-25 11:00:09,269 [pool-37-thread-1] INFO  impl.RoleInfo (RoleInfo.java:updateAndGet(143)) - 024c4dd7-7c9d-4cdb-8271-6a4ddb62c17e: start FollowerState
2019-09-25 11:00:09,270 [pool-37-thread-1] INFO  util.JmxRegister (JmxRegister.java:tryRegister(44)) - Successfully registered JMX Bean with object name Ratis:service=RaftServer,group=group-6B67DD3E35FC,id=024c4dd7-7c9d-4cdb-8271-6a4ddb62c17e
2019-09-25 11:00:09,276 [RatisPipelineUtilsThread] INFO  pipeline.PipelineStateManager (PipelineStateManager.java:addPipeline(56)) - Created pipeline Pipeline[ Id: 772adde8-8070-43c4-a942-6b67dd3e35fc, Nodes: 024c4dd7-7c9d-4cdb-8271-6a4ddb62c17e{ip: 192.168.30.6, host: pr-hdds-1569-5gmkr-4255264070, networkLocation: /default-rack, certSerialId: null}, Type:RATIS, Factor:ONE, State:OPEN]
2019-09-25 11:00:09,276 [RatisPipelineUtilsThread] INFO  pipeline.PipelinePlacementPolicy (PipelinePlacementPolicy.java:meetCriteria(91)) - Pipeline Placement: can't place more pipeline on heavy datanode： 10236b5f-bff6-485e-aafa-3b26ea1d6574 Heaviness: 6 limit: 5
2019-09-25 11:00:09,277 [RatisPipelineUtilsThread] INFO  pipeline.PipelinePlacementPolicy (PipelinePlacementPolicy.java:meetCriteria(91)) - Pipeline Placement: can't place more pipeline on heavy datanode： 5f9a0e92-828f-4406-8370-fc24211be18d Heaviness: 6 limit: 5
2019-09-25 11:00:09,277 [RatisPipelineUtilsThread] INFO  pipeline.PipelinePlacementPolicy (PipelinePlacementPolicy.java:meetCriteria(91)) - Pipeline Placement: can't place more pipeline on heavy datanode： 642f0824-8397-42da-9ac4-13d7260e7e2f Heaviness: 6 limit: 5
2019-09-25 11:00:09,277 [RatisPipelineUtilsThread] INFO  pipeline.PipelinePlacementPolicy (PipelinePlacementPolicy.java:meetCriteria(91)) - Pipeline Placement: can't place more pipeline on heavy datanode： b9731c9a-07e8-4827-9eb9-5f784fb447b9 Heaviness: 6 limit: 5
2019-09-25 11:00:09,277 [RatisPipelineUtilsThread] INFO  pipeline.PipelinePlacementPolicy (PipelinePlacementPolicy.java:meetCriteria(91)) - Pipeline Placement: can't place more pipeline on heavy datanode： 024c4dd7-7c9d-4cdb-8271-6a4ddb62c17e Heaviness: 6 limit: 5
2019-09-25 11:00:09,287 [grpc-default-executor-0] INFO  impl.RaftServerProxy (RaftServerProxy.java:addNew(89)) - 87c8d9bf-e5fd-4c93-82d7-07f29d18cd92: addNew group-A1B4858C075A:[87c8d9bf-e5fd-4c93-82d7-07f29d18cd92:192.168.30.6:45400] returns group-A1B4858C075A:java.util.concurrent.CompletableFuture@5f1b8897[Not completed]
2019-09-25 11:00:09,289 [pool-77-thread-1] INFO  impl.RaftServerImpl (RaftServerImpl.java:<init>(95)) - 87c8d9bf-e5fd-4c93-82d7-07f29d18cd92: new RaftServerImpl for group-A1B4858C075A:[87c8d9bf-e5fd-4c93-82d7-07f29d18cd92:192.168.30.6:45400] with ContainerStateMachine:uninitialized
2019-09-25 11:00:09,289 [pool-77-thread-1] INFO  server.RaftServerConfigKeys (ConfUtils.java:logGet(43)) - raft.server.rpc.timeout.min = 5s (custom)
2019-09-25 11:00:09,289 [pool-77-thread-1] INFO  server.RaftServerConfigKeys (ConfUtils.java:logGet(43)) - raft.server.rpc.timeout.max = 5200ms (custom)
2019-09-25 11:00:09,289 [pool-77-thread-1] INFO  server.RaftServerConfigKeys (ConfUtils.java:logGet(43)) - raft.server.rpcslowness.timeout = 120s (custom)
2019-09-25 11:00:09,289 [pool-77-thread-1] INFO  server.RaftServerConfigKeys (ConfUtils.java:logGet(43)) - raft.server.sleep.deviation.threshold = 300 (default)
2019-09-25 11:00:09,289 [pool-77-thread-1] INFO  server.RaftServerConfigKeys (ConfUtils.java:logGet(43)) - raft.server.log.appender.install.snapshot.enabled = false (custom)
2019-09-25 11:00:09,290 [pool-77-thread-1] INFO  impl.RaftServerImpl (ServerState.java:<init>(103)) - 87c8d9bf-e5fd-4c93-82d7-07f29d18cd92@group-A1B4858C075A: ConfigurationManager, init=-1: [87c8d9bf-e5fd-4c93-82d7-07f29d18cd92:192.168.30.6:45400], old=null, confs=<EMPTY_MAP>
2019-09-25 11:00:09,290 [pool-77-thread-1] INFO  server.RaftServerConfigKeys (ConfUtils.java:logGet(43)) - raft.server.storage.dir = [/workdir/hadoop-ozone/integration-test/target/test-dir/MiniOzoneClusterImpl-cb8ecd13-95cc-47fe-8445-93be882af5d4/datanode-5/data/ratis] (custom)
2019-09-25 11:00:09,290 [pool-77-thread-1] INFO  storage.RaftStorageDirectory (RaftStorageDirectory.java:analyzeStorage(246)) - The storage directory /workdir/hadoop-ozone/integration-test/target/test-dir/MiniOzoneClusterImpl-cb8ecd13-95cc-47fe-8445-93be882af5d4/datanode-5/data/ratis/07de0e42-1c78-457c-bbfb-a1b4858c075a does not exist. Creating ...
2019-09-25 11:00:09,303 [pool-77-thread-1] INFO  storage.RaftStorageDirectory (RaftStorageDirectory.java:tryLock(328)) - Lock on /workdir/hadoop-ozone/integration-test/target/test-dir/MiniOzoneClusterImpl-cb8ecd13-95cc-47fe-8445-93be882af5d4/datanode-5/data/ratis/07de0e42-1c78-457c-bbfb-a1b4858c075a/in_use.lock acquired by nodename 21763@pr-hdds-1569-5gmkr-4255264070
2019-09-25 11:00:09,317 [pool-77-thread-1] INFO  storage.RaftStorage (RaftStorage.java:format(72)) - Storage directory /workdir/hadoop-ozone/integration-test/target/test-dir/MiniOzoneClusterImpl-cb8ecd13-95cc-47fe-8445-93be882af5d4/datanode-5/data/ratis/07de0e42-1c78-457c-bbfb-a1b4858c075a has been successfully formatted.
2019-09-25 11:00:09,317 [pool-77-thread-1] INFO  ratis.ContainerStateMachine (ContainerStateMachine.java:loadSnapshot(230)) - group-A1B4858C075A: The snapshot info is null. Setting the last applied indexto:(t:0, i:~)
2019-09-25 11:00:09,317 [pool-77-thread-1] INFO  server.RaftServerConfigKeys (ConfUtils.java:logGet(43)) - raft.server.notification.no-leader.timeout = 120s (custom)
2019-09-25 11:00:09,317 [pool-77-thread-1] INFO  server.RaftServerConfigKeys (ConfUtils.java:logGet(43)) - raft.server.log.use.memory = false (default)
2019-09-25 11:00:09,317 [pool-77-thread-1] INFO  server.RaftServerConfigKeys (ConfUtils.java:logGet(43)) - raft.server.log.purge.gap = 1000000 (custom)
2019-09-25 11:00:09,318 [pool-77-thread-1] INFO  server.RaftServerConfigKeys (ConfUtils.java:logGet(43)) - raft.server.log.appender.buffer.byte-limit = 33554432 (custom)
2019-09-25 11:00:09,318 [pool-77-thread-1] INFO  server.RaftServerConfigKeys (ConfUtils.java:logGet(43)) - raft.server.log.segment.size.max = 1048576 (custom)
2019-09-25 11:00:09,318 [pool-77-thread-1] INFO  server.RaftServerConfigKeys (ConfUtils.java:logGet(43)) - raft.server.log.segment.cache.num.max = 2 (custom)
2019-09-25 11:00:09,318 [pool-77-thread-1] INFO  segmented.SegmentedRaftLogWorker (SegmentedRaftLogWorker.java:<init>(172)) - new 87c8d9bf-e5fd-4c93-82d7-07f29d18cd92@group-A1B4858C075A-SegmentedRaftLogWorker for RaftStorage:Storage Directory /workdir/hadoop-ozone/integration-test/target/test-dir/MiniOzoneClusterImpl-cb8ecd13-95cc-47fe-8445-93be882af5d4/datanode-5/data/ratis/07de0e42-1c78-457c-bbfb-a1b4858c075a
2019-09-25 11:00:09,318 [pool-77-thread-1] INFO  server.RaftServerConfigKeys (ConfUtils.java:logGet(43)) - raft.server.log.queue.byte-limit = 2147483647 (custom)
2019-09-25 11:00:09,318 [pool-77-thread-1] INFO  server.RaftServerConfigKeys (ConfUtils.java:logGet(43)) - raft.server.log.queue.element-limit = 1024 (custom)
2019-09-25 11:00:09,318 [pool-77-thread-1] INFO  server.RaftServerConfigKeys (ConfUtils.java:logGet(43)) - raft.server.log.segment.size.max = 1048576 (custom)
2019-09-25 11:00:09,318 [pool-77-thread-1] INFO  server.RaftServerConfigKeys (ConfUtils.java:logGet(43)) - raft.server.log.preallocated.size = 16384 (custom)
2019-09-25 11:00:09,319 [pool-77-thread-1] INFO  server.RaftServerConfigKeys (ConfUtils.java:logGet(43)) - raft.server.log.write.buffer.size = 33554432 (custom)
2019-09-25 11:00:09,319 [pool-77-thread-1] INFO  server.RaftServerConfigKeys (ConfUtils.java:logGet(43)) - raft.server.log.force.sync.num = 128 (default)
2019-09-25 11:00:09,319 [pool-77-thread-1] INFO  server.RaftServerConfigKeys (ConfUtils.java:logGet(43)) - raft.server.log.statemachine.data.sync = true (default)
2019-09-25 11:00:09,319 [pool-77-thread-1] INFO  server.RaftServerConfigKeys (ConfUtils.java:logGet(43)) - raft.server.log.statemachine.data.sync.timeout = 10s (default)
2019-09-25 11:00:09,319 [pool-77-thread-1] INFO  server.RaftServerConfigKeys (ConfUtils.java:logGet(43)) - raft.server.log.statemachine.data.sync.timeout.retry = -1 (default)
2019-09-25 11:00:09,319 [pool-77-thread-1] INFO  server.RaftServerConfigKeys (ConfUtils.java:logGet(43)) - raft.server.log.statemachine.data.caching.enabled = true (custom)
2019-09-25 11:00:09,320 [pool-77-thread-1] INFO  segmented.SegmentedRaftLogWorker (SegmentedRaftLogWorker.java:lambda$new$0(132)) - 87c8d9bf-e5fd-4c93-82d7-07f29d18cd92@group-A1B4858C075A-SegmentedRaftLogWorker: flushIndex: setUnconditionally 0 -> -1
2019-09-25 11:00:09,320 [pool-77-thread-1] INFO  server.RaftServerConfigKeys (ConfUtils.java:logGet(43)) - raft.server.snapshot.auto.trigger.enabled = true (custom)
2019-09-25 11:00:09,320 [pool-77-thread-1] INFO  server.RaftServerConfigKeys (ConfUtils.java:logGet(43)) - raft.server.snapshot.auto.trigger.threshold = 10000 (custom)
2019-09-25 11:00:09,320 [pool-77-thread-1] INFO  server.RaftServerConfigKeys (ConfUtils.java:logGet(43)) - raft.server.snapshot.retention.num.files = 5 (custom)
2019-09-25 11:00:09,320 [pool-77-thread-1] INFO  server.RaftServerConfigKeys (ConfUtils.java:logGet(43)) - raft.server.retrycache.expirytime = 600000ms (custom)
2019-09-25 11:00:09,323 [pool-77-thread-1] INFO  impl.RaftServerImpl (RaftServerImpl.java:start(185)) - 87c8d9bf-e5fd-4c93-82d7-07f29d18cd92@group-A1B4858C075A: start as a follower, conf=-1: [87c8d9bf-e5fd-4c93-82d7-07f29d18cd92:192.168.30.6:45400], old=null
2019-09-25 11:00:09,323 [pool-77-thread-1] INFO  impl.RaftServerImpl (RaftServerImpl.java:setRole(174)) - 87c8d9bf-e5fd-4c93-82d7-07f29d18cd92@group-A1B4858C075A: changes role from      null to FOLLOWER at term 0 for startAsFollower
2019-09-25 11:00:09,323 [pool-77-thread-1] INFO  impl.RoleInfo (RoleInfo.java:updateAndGet(143)) - 87c8d9bf-e5fd-4c93-82d7-07f29d18cd92: start FollowerState
2019-09-25 11:00:09,324 [pool-77-thread-1] INFO  util.JmxRegister (JmxRegister.java:tryRegister(44)) - Successfully registered JMX Bean with object name Ratis:service=RaftServer,group=group-A1B4858C075A,id=87c8d9bf-e5fd-4c93-82d7-07f29d18cd92
2019-09-25 11:00:09,330 [RatisPipelineUtilsThread] INFO  pipeline.PipelineStateManager (PipelineStateManager.java:addPipeline(56)) - Created pipeline Pipeline[ Id: 07de0e42-1c78-457c-bbfb-a1b4858c075a, Nodes: 87c8d9bf-e5fd-4c93-82d7-07f29d18cd92{ip: 192.168.30.6, host: pr-hdds-1569-5gmkr-4255264070, networkLocation: /default-rack, certSerialId: null}, Type:RATIS, Factor:ONE, State:OPEN]
2019-09-25 11:00:09,330 [RatisPipelineUtilsThread] INFO  pipeline.PipelinePlacementPolicy (PipelinePlacementPolicy.java:meetCriteria(91)) - Pipeline Placement: can't place more pipeline on heavy datanode： 10236b5f-bff6-485e-aafa-3b26ea1d6574 Heaviness: 6 limit: 5
2019-09-25 11:00:09,330 [RatisPipelineUtilsThread] INFO  pipeline.PipelinePlacementPolicy (PipelinePlacementPolicy.java:meetCriteria(91)) - Pipeline Placement: can't place more pipeline on heavy datanode： 5f9a0e92-828f-4406-8370-fc24211be18d Heaviness: 6 limit: 5
2019-09-25 11:00:09,330 [RatisPipelineUtilsThread] INFO  pipeline.PipelinePlacementPolicy (PipelinePlacementPolicy.java:meetCriteria(91)) - Pipeline Placement: can't place more pipeline on heavy datanode： 642f0824-8397-42da-9ac4-13d7260e7e2f Heaviness: 6 limit: 5
2019-09-25 11:00:09,330 [RatisPipelineUtilsThread] INFO  pipeline.PipelinePlacementPolicy (PipelinePlacementPolicy.java:meetCriteria(91)) - Pipeline Placement: can't place more pipeline on heavy datanode： 87c8d9bf-e5fd-4c93-82d7-07f29d18cd92 Heaviness: 6 limit: 5
2019-09-25 11:00:09,331 [RatisPipelineUtilsThread] INFO  pipeline.PipelinePlacementPolicy (PipelinePlacementPolicy.java:meetCriteria(91)) - Pipeline Placement: can't place more pipeline on heavy datanode： b9731c9a-07e8-4827-9eb9-5f784fb447b9 Heaviness: 6 limit: 5
2019-09-25 11:00:09,331 [RatisPipelineUtilsThread] INFO  pipeline.PipelinePlacementPolicy (PipelinePlacementPolicy.java:meetCriteria(91)) - Pipeline Placement: can't place more pipeline on heavy datanode： 024c4dd7-7c9d-4cdb-8271-6a4ddb62c17e Heaviness: 6 limit: 5
2019-09-25 11:00:09,349 [grpc-default-executor-0] INFO  impl.RaftServerProxy (RaftServerProxy.java:addNew(89)) - e32c4ad0-ba90-43ec-bb55-c70e02bd141a: addNew group-63B19AF4D091:[e32c4ad0-ba90-43ec-bb55-c70e02bd141a:192.168.30.6:43545] returns group-63B19AF4D091:java.util.concurrent.CompletableFuture@43a09670[Not completed]
2019-09-25 11:00:09,350 [pool-27-thread-1] INFO  impl.RaftServerImpl (RaftServerImpl.java:<init>(95)) - e32c4ad0-ba90-43ec-bb55-c70e02bd141a: new RaftServerImpl for group-63B19AF4D091:[e32c4ad0-ba90-43ec-bb55-c70e02bd141a:192.168.30.6:43545] with ContainerStateMachine:uninitialized
2019-09-25 11:00:09,350 [pool-27-thread-1] INFO  server.RaftServerConfigKeys (ConfUtils.java:logGet(43)) - raft.server.rpc.timeout.min = 5s (custom)
2019-09-25 11:00:09,351 [pool-27-thread-1] INFO  server.RaftServerConfigKeys (ConfUtils.java:logGet(43)) - raft.server.rpc.timeout.max = 5200ms (custom)
2019-09-25 11:00:09,351 [pool-27-thread-1] INFO  server.RaftServerConfigKeys (ConfUtils.java:logGet(43)) - raft.server.rpcslowness.timeout = 120s (custom)
2019-09-25 11:00:09,351 [pool-27-thread-1] INFO  server.RaftServerConfigKeys (ConfUtils.java:logGet(43)) - raft.server.sleep.deviation.threshold = 300 (default)
2019-09-25 11:00:09,351 [pool-27-thread-1] INFO  server.RaftServerConfigKeys (ConfUtils.java:logGet(43)) - raft.server.log.appender.install.snapshot.enabled = false (custom)
2019-09-25 11:00:09,351 [pool-27-thread-1] INFO  impl.RaftServerImpl (ServerState.java:<init>(103)) - e32c4ad0-ba90-43ec-bb55-c70e02bd141a@group-63B19AF4D091: ConfigurationManager, init=-1: [e32c4ad0-ba90-43ec-bb55-c70e02bd141a:192.168.30.6:43545], old=null, confs=<EMPTY_MAP>
2019-09-25 11:00:09,351 [pool-27-thread-1] INFO  server.RaftServerConfigKeys (ConfUtils.java:logGet(43)) - raft.server.storage.dir = [/workdir/hadoop-ozone/integration-test/target/test-dir/MiniOzoneClusterImpl-cb8ecd13-95cc-47fe-8445-93be882af5d4/datanode-0/data/ratis] (custom)
2019-09-25 11:00:09,352 [pool-27-thread-1] INFO  storage.RaftStorageDirectory (RaftStorageDirectory.java:analyzeStorage(246)) - The storage directory /workdir/hadoop-ozone/integration-test/target/test-dir/MiniOzoneClusterImpl-cb8ecd13-95cc-47fe-8445-93be882af5d4/datanode-0/data/ratis/2db2d5a3-6de0-49e2-9f31-63b19af4d091 does not exist. Creating ...
2019-09-25 11:00:09,365 [pool-27-thread-1] INFO  storage.RaftStorageDirectory (RaftStorageDirectory.java:tryLock(328)) - Lock on /workdir/hadoop-ozone/integration-test/target/test-dir/MiniOzoneClusterImpl-cb8ecd13-95cc-47fe-8445-93be882af5d4/datanode-0/data/ratis/2db2d5a3-6de0-49e2-9f31-63b19af4d091/in_use.lock acquired by nodename 21763@pr-hdds-1569-5gmkr-4255264070
2019-09-25 11:00:09,379 [pool-27-thread-1] INFO  storage.RaftStorage (RaftStorage.java:format(72)) - Storage directory /workdir/hadoop-ozone/integration-test/target/test-dir/MiniOzoneClusterImpl-cb8ecd13-95cc-47fe-8445-93be882af5d4/datanode-0/data/ratis/2db2d5a3-6de0-49e2-9f31-63b19af4d091 has been successfully formatted.
2019-09-25 11:00:09,379 [pool-27-thread-1] INFO  ratis.ContainerStateMachine (ContainerStateMachine.java:loadSnapshot(230)) - group-63B19AF4D091: The snapshot info is null. Setting the last applied indexto:(t:0, i:~)
2019-09-25 11:00:09,380 [pool-27-thread-1] INFO  server.RaftServerConfigKeys (ConfUtils.java:logGet(43)) - raft.server.notification.no-leader.timeout = 120s (custom)
2019-09-25 11:00:09,380 [pool-27-thread-1] INFO  server.RaftServerConfigKeys (ConfUtils.java:logGet(43)) - raft.server.log.use.memory = false (default)
2019-09-25 11:00:09,380 [pool-27-thread-1] INFO  server.RaftServerConfigKeys (ConfUtils.java:logGet(43)) - raft.server.log.purge.gap = 1000000 (custom)
2019-09-25 11:00:09,380 [pool-27-thread-1] INFO  server.RaftServerConfigKeys (ConfUtils.java:logGet(43)) - raft.server.log.appender.buffer.byte-limit = 33554432 (custom)
2019-09-25 11:00:09,380 [pool-27-thread-1] INFO  server.RaftServerConfigKeys (ConfUtils.java:logGet(43)) - raft.server.log.segment.size.max = 1048576 (custom)
2019-09-25 11:00:09,380 [pool-27-thread-1] INFO  server.RaftServerConfigKeys (ConfUtils.java:logGet(43)) - raft.server.log.segment.cache.num.max = 2 (custom)
2019-09-25 11:00:09,381 [pool-27-thread-1] INFO  segmented.SegmentedRaftLogWorker (SegmentedRaftLogWorker.java:<init>(172)) - new e32c4ad0-ba90-43ec-bb55-c70e02bd141a@group-63B19AF4D091-SegmentedRaftLogWorker for RaftStorage:Storage Directory /workdir/hadoop-ozone/integration-test/target/test-dir/MiniOzoneClusterImpl-cb8ecd13-95cc-47fe-8445-93be882af5d4/datanode-0/data/ratis/2db2d5a3-6de0-49e2-9f31-63b19af4d091
2019-09-25 11:00:09,381 [pool-27-thread-1] INFO  server.RaftServerConfigKeys (ConfUtils.java:logGet(43)) - raft.server.log.queue.byte-limit = 2147483647 (custom)
2019-09-25 11:00:09,381 [pool-27-thread-1] INFO  server.RaftServerConfigKeys (ConfUtils.java:logGet(43)) - raft.server.log.queue.element-limit = 1024 (custom)
2019-09-25 11:00:09,381 [pool-27-thread-1] INFO  server.RaftServerConfigKeys (ConfUtils.java:logGet(43)) - raft.server.log.segment.size.max = 1048576 (custom)
2019-09-25 11:00:09,381 [pool-27-thread-1] INFO  server.RaftServerConfigKeys (ConfUtils.java:logGet(43)) - raft.server.log.preallocated.size = 16384 (custom)
2019-09-25 11:00:09,381 [pool-27-thread-1] INFO  server.RaftServerConfigKeys (ConfUtils.java:logGet(43)) - raft.server.log.write.buffer.size = 33554432 (custom)
2019-09-25 11:00:09,381 [pool-27-thread-1] INFO  server.RaftServerConfigKeys (ConfUtils.java:logGet(43)) - raft.server.log.force.sync.num = 128 (default)
2019-09-25 11:00:09,382 [pool-27-thread-1] INFO  server.RaftServerConfigKeys (ConfUtils.java:logGet(43)) - raft.server.log.statemachine.data.sync = true (default)
2019-09-25 11:00:09,382 [pool-27-thread-1] INFO  server.RaftServerConfigKeys (ConfUtils.java:logGet(43)) - raft.server.log.statemachine.data.sync.timeout = 10s (default)
2019-09-25 11:00:09,382 [pool-27-thread-1] INFO  server.RaftServerConfigKeys (ConfUtils.java:logGet(43)) - raft.server.log.statemachine.data.sync.timeout.retry = -1 (default)
2019-09-25 11:00:09,382 [pool-27-thread-1] INFO  server.RaftServerConfigKeys (ConfUtils.java:logGet(43)) - raft.server.log.statemachine.data.caching.enabled = true (custom)
2019-09-25 11:00:09,383 [pool-27-thread-1] INFO  segmented.SegmentedRaftLogWorker (SegmentedRaftLogWorker.java:lambda$new$0(132)) - e32c4ad0-ba90-43ec-bb55-c70e02bd141a@group-63B19AF4D091-SegmentedRaftLogWorker: flushIndex: setUnconditionally 0 -> -1
2019-09-25 11:00:09,383 [pool-27-thread-1] INFO  server.RaftServerConfigKeys (ConfUtils.java:logGet(43)) - raft.server.snapshot.auto.trigger.enabled = true (custom)
2019-09-25 11:00:09,383 [pool-27-thread-1] INFO  server.RaftServerConfigKeys (ConfUtils.java:logGet(43)) - raft.server.snapshot.auto.trigger.threshold = 10000 (custom)
2019-09-25 11:00:09,383 [pool-27-thread-1] INFO  server.RaftServerConfigKeys (ConfUtils.java:logGet(43)) - raft.server.snapshot.retention.num.files = 5 (custom)
2019-09-25 11:00:09,383 [pool-27-thread-1] INFO  server.RaftServerConfigKeys (ConfUtils.java:logGet(43)) - raft.server.retrycache.expirytime = 600000ms (custom)
2019-09-25 11:00:09,386 [pool-27-thread-1] INFO  impl.RaftServerImpl (RaftServerImpl.java:start(185)) - e32c4ad0-ba90-43ec-bb55-c70e02bd141a@group-63B19AF4D091: start as a follower, conf=-1: [e32c4ad0-ba90-43ec-bb55-c70e02bd141a:192.168.30.6:43545], old=null
2019-09-25 11:00:09,386 [pool-27-thread-1] INFO  impl.RaftServerImpl (RaftServerImpl.java:setRole(174)) - e32c4ad0-ba90-43ec-bb55-c70e02bd141a@group-63B19AF4D091: changes role from      null to FOLLOWER at term 0 for startAsFollower
2019-09-25 11:00:09,386 [pool-27-thread-1] INFO  impl.RoleInfo (RoleInfo.java:updateAndGet(143)) - e32c4ad0-ba90-43ec-bb55-c70e02bd141a: start FollowerState
2019-09-25 11:00:09,387 [pool-27-thread-1] INFO  util.JmxRegister (JmxRegister.java:tryRegister(44)) - Successfully registered JMX Bean with object name Ratis:service=RaftServer,group=group-63B19AF4D091,id=e32c4ad0-ba90-43ec-bb55-c70e02bd141a
2019-09-25 11:00:09,394 [RatisPipelineUtilsThread] INFO  pipeline.PipelineStateManager (PipelineStateManager.java:addPipeline(56)) - Created pipeline Pipeline[ Id: 2db2d5a3-6de0-49e2-9f31-63b19af4d091, Nodes: e32c4ad0-ba90-43ec-bb55-c70e02bd141a{ip: 192.168.30.6, host: pr-hdds-1569-5gmkr-4255264070, networkLocation: /default-rack, certSerialId: null}, Type:RATIS, Factor:ONE, State:OPEN]
2019-09-25 11:00:09,394 [RatisPipelineUtilsThread] INFO  pipeline.PipelinePlacementPolicy (PipelinePlacementPolicy.java:meetCriteria(91)) - Pipeline Placement: can't place more pipeline on heavy datanode： 10236b5f-bff6-485e-aafa-3b26ea1d6574 Heaviness: 6 limit: 5
2019-09-25 11:00:09,394 [RatisPipelineUtilsThread] INFO  pipeline.PipelinePlacementPolicy (PipelinePlacementPolicy.java:meetCriteria(91)) - Pipeline Placement: can't place more pipeline on heavy datanode： 5f9a0e92-828f-4406-8370-fc24211be18d Heaviness: 6 limit: 5
2019-09-25 11:00:09,395 [RatisPipelineUtilsThread] INFO  pipeline.PipelinePlacementPolicy (PipelinePlacementPolicy.java:meetCriteria(91)) - Pipeline Placement: can't place more pipeline on heavy datanode： 642f0824-8397-42da-9ac4-13d7260e7e2f Heaviness: 6 limit: 5
2019-09-25 11:00:09,395 [RatisPipelineUtilsThread] INFO  pipeline.PipelinePlacementPolicy (PipelinePlacementPolicy.java:meetCriteria(91)) - Pipeline Placement: can't place more pipeline on heavy datanode： 87c8d9bf-e5fd-4c93-82d7-07f29d18cd92 Heaviness: 6 limit: 5
2019-09-25 11:00:09,395 [RatisPipelineUtilsThread] INFO  pipeline.PipelinePlacementPolicy (PipelinePlacementPolicy.java:meetCriteria(91)) - Pipeline Placement: can't place more pipeline on heavy datanode： b9731c9a-07e8-4827-9eb9-5f784fb447b9 Heaviness: 6 limit: 5
2019-09-25 11:00:09,395 [RatisPipelineUtilsThread] INFO  pipeline.PipelinePlacementPolicy (PipelinePlacementPolicy.java:meetCriteria(91)) - Pipeline Placement: can't place more pipeline on heavy datanode： 024c4dd7-7c9d-4cdb-8271-6a4ddb62c17e Heaviness: 6 limit: 5
2019-09-25 11:00:09,417 [grpc-default-executor-0] INFO  impl.RaftServerProxy (RaftServerProxy.java:addNew(89)) - e32c4ad0-ba90-43ec-bb55-c70e02bd141a: addNew group-4B2D1E2E3EA2:[e32c4ad0-ba90-43ec-bb55-c70e02bd141a:192.168.30.6:43545] returns group-4B2D1E2E3EA2:java.util.concurrent.CompletableFuture@70bb38fb[Not completed]
2019-09-25 11:00:09,418 [pool-27-thread-1] INFO  impl.RaftServerImpl (RaftServerImpl.java:<init>(95)) - e32c4ad0-ba90-43ec-bb55-c70e02bd141a: new RaftServerImpl for group-4B2D1E2E3EA2:[e32c4ad0-ba90-43ec-bb55-c70e02bd141a:192.168.30.6:43545] with ContainerStateMachine:uninitialized
2019-09-25 11:00:09,418 [pool-27-thread-1] INFO  server.RaftServerConfigKeys (ConfUtils.java:logGet(43)) - raft.server.rpc.timeout.min = 5s (custom)
2019-09-25 11:00:09,418 [pool-27-thread-1] INFO  server.RaftServerConfigKeys (ConfUtils.java:logGet(43)) - raft.server.rpc.timeout.max = 5200ms (custom)
2019-09-25 11:00:09,419 [pool-27-thread-1] INFO  server.RaftServerConfigKeys (ConfUtils.java:logGet(43)) - raft.server.rpcslowness.timeout = 120s (custom)
2019-09-25 11:00:09,419 [pool-27-thread-1] INFO  server.RaftServerConfigKeys (ConfUtils.java:logGet(43)) - raft.server.sleep.deviation.threshold = 300 (default)
2019-09-25 11:00:09,419 [pool-27-thread-1] INFO  server.RaftServerConfigKeys (ConfUtils.java:logGet(43)) - raft.server.log.appender.install.snapshot.enabled = false (custom)
2019-09-25 11:00:09,419 [pool-27-thread-1] INFO  impl.RaftServerImpl (ServerState.java:<init>(103)) - e32c4ad0-ba90-43ec-bb55-c70e02bd141a@group-4B2D1E2E3EA2: ConfigurationManager, init=-1: [e32c4ad0-ba90-43ec-bb55-c70e02bd141a:192.168.30.6:43545], old=null, confs=<EMPTY_MAP>
2019-09-25 11:00:09,419 [pool-27-thread-1] INFO  server.RaftServerConfigKeys (ConfUtils.java:logGet(43)) - raft.server.storage.dir = [/workdir/hadoop-ozone/integration-test/target/test-dir/MiniOzoneClusterImpl-cb8ecd13-95cc-47fe-8445-93be882af5d4/datanode-0/data/ratis] (custom)
2019-09-25 11:00:09,419 [pool-27-thread-1] INFO  storage.RaftStorageDirectory (RaftStorageDirectory.java:analyzeStorage(246)) - The storage directory /workdir/hadoop-ozone/integration-test/target/test-dir/MiniOzoneClusterImpl-cb8ecd13-95cc-47fe-8445-93be882af5d4/datanode-0/data/ratis/e3d35170-1d07-45fd-be61-4b2d1e2e3ea2 does not exist. Creating ...
2019-09-25 11:00:09,432 [pool-27-thread-1] INFO  storage.RaftStorageDirectory (RaftStorageDirectory.java:tryLock(328)) - Lock on /workdir/hadoop-ozone/integration-test/target/test-dir/MiniOzoneClusterImpl-cb8ecd13-95cc-47fe-8445-93be882af5d4/datanode-0/data/ratis/e3d35170-1d07-45fd-be61-4b2d1e2e3ea2/in_use.lock acquired by nodename 21763@pr-hdds-1569-5gmkr-4255264070
2019-09-25 11:00:09,446 [pool-27-thread-1] INFO  storage.RaftStorage (RaftStorage.java:format(72)) - Storage directory /workdir/hadoop-ozone/integration-test/target/test-dir/MiniOzoneClusterImpl-cb8ecd13-95cc-47fe-8445-93be882af5d4/datanode-0/data/ratis/e3d35170-1d07-45fd-be61-4b2d1e2e3ea2 has been successfully formatted.
2019-09-25 11:00:09,446 [pool-27-thread-1] INFO  ratis.ContainerStateMachine (ContainerStateMachine.java:loadSnapshot(230)) - group-4B2D1E2E3EA2: The snapshot info is null. Setting the last applied indexto:(t:0, i:~)
2019-09-25 11:00:09,446 [pool-27-thread-1] INFO  server.RaftServerConfigKeys (ConfUtils.java:logGet(43)) - raft.server.notification.no-leader.timeout = 120s (custom)
2019-09-25 11:00:09,446 [pool-27-thread-1] INFO  server.RaftServerConfigKeys (ConfUtils.java:logGet(43)) - raft.server.log.use.memory = false (default)
2019-09-25 11:00:09,446 [pool-27-thread-1] INFO  server.RaftServerConfigKeys (ConfUtils.java:logGet(43)) - raft.server.log.purge.gap = 1000000 (custom)
2019-09-25 11:00:09,447 [pool-27-thread-1] INFO  server.RaftServerConfigKeys (ConfUtils.java:logGet(43)) - raft.server.log.appender.buffer.byte-limit = 33554432 (custom)
2019-09-25 11:00:09,447 [pool-27-thread-1] INFO  server.RaftServerConfigKeys (ConfUtils.java:logGet(43)) - raft.server.log.segment.size.max = 1048576 (custom)
2019-09-25 11:00:09,447 [pool-27-thread-1] INFO  server.RaftServerConfigKeys (ConfUtils.java:logGet(43)) - raft.server.log.segment.cache.num.max = 2 (custom)
2019-09-25 11:00:09,447 [pool-27-thread-1] INFO  segmented.SegmentedRaftLogWorker (SegmentedRaftLogWorker.java:<init>(172)) - new e32c4ad0-ba90-43ec-bb55-c70e02bd141a@group-4B2D1E2E3EA2-SegmentedRaftLogWorker for RaftStorage:Storage Directory /workdir/hadoop-ozone/integration-test/target/test-dir/MiniOzoneClusterImpl-cb8ecd13-95cc-47fe-8445-93be882af5d4/datanode-0/data/ratis/e3d35170-1d07-45fd-be61-4b2d1e2e3ea2
2019-09-25 11:00:09,447 [pool-27-thread-1] INFO  server.RaftServerConfigKeys (ConfUtils.java:logGet(43)) - raft.server.log.queue.byte-limit = 2147483647 (custom)
2019-09-25 11:00:09,447 [pool-27-thread-1] INFO  server.RaftServerConfigKeys (ConfUtils.java:logGet(43)) - raft.server.log.queue.element-limit = 1024 (custom)
2019-09-25 11:00:09,447 [pool-27-thread-1] INFO  server.RaftServerConfigKeys (ConfUtils.java:logGet(43)) - raft.server.log.segment.size.max = 1048576 (custom)
2019-09-25 11:00:09,447 [pool-27-thread-1] INFO  server.RaftServerConfigKeys (ConfUtils.java:logGet(43)) - raft.server.log.preallocated.size = 16384 (custom)
2019-09-25 11:00:09,448 [pool-27-thread-1] INFO  server.RaftServerConfigKeys (ConfUtils.java:logGet(43)) - raft.server.log.write.buffer.size = 33554432 (custom)
2019-09-25 11:00:09,448 [pool-27-thread-1] INFO  server.RaftServerConfigKeys (ConfUtils.java:logGet(43)) - raft.server.log.force.sync.num = 128 (default)
2019-09-25 11:00:09,448 [pool-27-thread-1] INFO  server.RaftServerConfigKeys (ConfUtils.java:logGet(43)) - raft.server.log.statemachine.data.sync = true (default)
2019-09-25 11:00:09,448 [pool-27-thread-1] INFO  server.RaftServerConfigKeys (ConfUtils.java:logGet(43)) - raft.server.log.statemachine.data.sync.timeout = 10s (default)
2019-09-25 11:00:09,448 [pool-27-thread-1] INFO  server.RaftServerConfigKeys (ConfUtils.java:logGet(43)) - raft.server.log.statemachine.data.sync.timeout.retry = -1 (default)
2019-09-25 11:00:09,448 [pool-27-thread-1] INFO  server.RaftServerConfigKeys (ConfUtils.java:logGet(43)) - raft.server.log.statemachine.data.caching.enabled = true (custom)
2019-09-25 11:00:09,449 [pool-27-thread-1] INFO  segmented.SegmentedRaftLogWorker (SegmentedRaftLogWorker.java:lambda$new$0(132)) - e32c4ad0-ba90-43ec-bb55-c70e02bd141a@group-4B2D1E2E3EA2-SegmentedRaftLogWorker: flushIndex: setUnconditionally 0 -> -1
2019-09-25 11:00:09,449 [pool-27-thread-1] INFO  server.RaftServerConfigKeys (ConfUtils.java:logGet(43)) - raft.server.snapshot.auto.trigger.enabled = true (custom)
2019-09-25 11:00:09,449 [pool-27-thread-1] INFO  server.RaftServerConfigKeys (ConfUtils.java:logGet(43)) - raft.server.snapshot.auto.trigger.threshold = 10000 (custom)
2019-09-25 11:00:09,449 [pool-27-thread-1] INFO  server.RaftServerConfigKeys (ConfUtils.java:logGet(43)) - raft.server.snapshot.retention.num.files = 5 (custom)
2019-09-25 11:00:09,449 [pool-27-thread-1] INFO  server.RaftServerConfigKeys (ConfUtils.java:logGet(43)) - raft.server.retrycache.expirytime = 600000ms (custom)
2019-09-25 11:00:09,451 [pool-27-thread-1] INFO  impl.RaftServerImpl (RaftServerImpl.java:start(185)) - e32c4ad0-ba90-43ec-bb55-c70e02bd141a@group-4B2D1E2E3EA2: start as a follower, conf=-1: [e32c4ad0-ba90-43ec-bb55-c70e02bd141a:192.168.30.6:43545], old=null
2019-09-25 11:00:09,452 [pool-27-thread-1] INFO  impl.RaftServerImpl (RaftServerImpl.java:setRole(174)) - e32c4ad0-ba90-43ec-bb55-c70e02bd141a@group-4B2D1E2E3EA2: changes role from      null to FOLLOWER at term 0 for startAsFollower
2019-09-25 11:00:09,452 [pool-27-thread-1] INFO  impl.RoleInfo (RoleInfo.java:updateAndGet(143)) - e32c4ad0-ba90-43ec-bb55-c70e02bd141a: start FollowerState
2019-09-25 11:00:09,460 [pool-27-thread-1] INFO  util.JmxRegister (JmxRegister.java:tryRegister(44)) - Successfully registered JMX Bean with object name Ratis:service=RaftServer,group=group-4B2D1E2E3EA2,id=e32c4ad0-ba90-43ec-bb55-c70e02bd141a
2019-09-25 11:00:09,474 [RatisPipelineUtilsThread] INFO  pipeline.PipelineStateManager (PipelineStateManager.java:addPipeline(56)) - Created pipeline Pipeline[ Id: e3d35170-1d07-45fd-be61-4b2d1e2e3ea2, Nodes: e32c4ad0-ba90-43ec-bb55-c70e02bd141a{ip: 192.168.30.6, host: pr-hdds-1569-5gmkr-4255264070, networkLocation: /default-rack, certSerialId: null}, Type:RATIS, Factor:ONE, State:OPEN]
2019-09-25 11:00:09,474 [RatisPipelineUtilsThread] INFO  pipeline.PipelinePlacementPolicy (PipelinePlacementPolicy.java:meetCriteria(91)) - Pipeline Placement: can't place more pipeline on heavy datanode： 10236b5f-bff6-485e-aafa-3b26ea1d6574 Heaviness: 6 limit: 5
2019-09-25 11:00:09,475 [RatisPipelineUtilsThread] INFO  pipeline.PipelinePlacementPolicy (PipelinePlacementPolicy.java:meetCriteria(91)) - Pipeline Placement: can't place more pipeline on heavy datanode： 5f9a0e92-828f-4406-8370-fc24211be18d Heaviness: 6 limit: 5
2019-09-25 11:00:09,475 [RatisPipelineUtilsThread] INFO  pipeline.PipelinePlacementPolicy (PipelinePlacementPolicy.java:meetCriteria(91)) - Pipeline Placement: can't place more pipeline on heavy datanode： 642f0824-8397-42da-9ac4-13d7260e7e2f Heaviness: 6 limit: 5
2019-09-25 11:00:09,475 [RatisPipelineUtilsThread] INFO  pipeline.PipelinePlacementPolicy (PipelinePlacementPolicy.java:meetCriteria(91)) - Pipeline Placement: can't place more pipeline on heavy datanode： 87c8d9bf-e5fd-4c93-82d7-07f29d18cd92 Heaviness: 6 limit: 5
2019-09-25 11:00:09,475 [RatisPipelineUtilsThread] INFO  pipeline.PipelinePlacementPolicy (PipelinePlacementPolicy.java:meetCriteria(91)) - Pipeline Placement: can't place more pipeline on heavy datanode： b9731c9a-07e8-4827-9eb9-5f784fb447b9 Heaviness: 6 limit: 5
2019-09-25 11:00:09,475 [RatisPipelineUtilsThread] INFO  pipeline.PipelinePlacementPolicy (PipelinePlacementPolicy.java:meetCriteria(91)) - Pipeline Placement: can't place more pipeline on heavy datanode： 024c4dd7-7c9d-4cdb-8271-6a4ddb62c17e Heaviness: 6 limit: 5
2019-09-25 11:00:09,481 [grpc-default-executor-0] INFO  impl.RaftServerProxy (RaftServerProxy.java:addNew(89)) - e32c4ad0-ba90-43ec-bb55-c70e02bd141a: addNew group-CED32A3CCACF:[e32c4ad0-ba90-43ec-bb55-c70e02bd141a:192.168.30.6:43545] returns group-CED32A3CCACF:java.util.concurrent.CompletableFuture@20956711[Not completed]
2019-09-25 11:00:09,482 [pool-27-thread-1] INFO  impl.RaftServerImpl (RaftServerImpl.java:<init>(95)) - e32c4ad0-ba90-43ec-bb55-c70e02bd141a: new RaftServerImpl for group-CED32A3CCACF:[e32c4ad0-ba90-43ec-bb55-c70e02bd141a:192.168.30.6:43545] with ContainerStateMachine:uninitialized
2019-09-25 11:00:09,483 [pool-27-thread-1] INFO  server.RaftServerConfigKeys (ConfUtils.java:logGet(43)) - raft.server.rpc.timeout.min = 5s (custom)
2019-09-25 11:00:09,483 [pool-27-thread-1] INFO  server.RaftServerConfigKeys (ConfUtils.java:logGet(43)) - raft.server.rpc.timeout.max = 5200ms (custom)
2019-09-25 11:00:09,483 [pool-27-thread-1] INFO  server.RaftServerConfigKeys (ConfUtils.java:logGet(43)) - raft.server.rpcslowness.timeout = 120s (custom)
2019-09-25 11:00:09,483 [pool-27-thread-1] INFO  server.RaftServerConfigKeys (ConfUtils.java:logGet(43)) - raft.server.sleep.deviation.threshold = 300 (default)
2019-09-25 11:00:09,484 [pool-27-thread-1] INFO  server.RaftServerConfigKeys (ConfUtils.java:logGet(43)) - raft.server.log.appender.install.snapshot.enabled = false (custom)
2019-09-25 11:00:09,484 [pool-27-thread-1] INFO  impl.RaftServerImpl (ServerState.java:<init>(103)) - e32c4ad0-ba90-43ec-bb55-c70e02bd141a@group-CED32A3CCACF: ConfigurationManager, init=-1: [e32c4ad0-ba90-43ec-bb55-c70e02bd141a:192.168.30.6:43545], old=null, confs=<EMPTY_MAP>
2019-09-25 11:00:09,484 [pool-27-thread-1] INFO  server.RaftServerConfigKeys (ConfUtils.java:logGet(43)) - raft.server.storage.dir = [/workdir/hadoop-ozone/integration-test/target/test-dir/MiniOzoneClusterImpl-cb8ecd13-95cc-47fe-8445-93be882af5d4/datanode-0/data/ratis] (custom)
2019-09-25 11:00:09,485 [pool-27-thread-1] INFO  storage.RaftStorageDirectory (RaftStorageDirectory.java:analyzeStorage(246)) - The storage directory /workdir/hadoop-ozone/integration-test/target/test-dir/MiniOzoneClusterImpl-cb8ecd13-95cc-47fe-8445-93be882af5d4/datanode-0/data/ratis/0b600ffa-c055-4666-9d38-ced32a3ccacf does not exist. Creating ...
2019-09-25 11:00:09,498 [pool-27-thread-1] INFO  storage.RaftStorageDirectory (RaftStorageDirectory.java:tryLock(328)) - Lock on /workdir/hadoop-ozone/integration-test/target/test-dir/MiniOzoneClusterImpl-cb8ecd13-95cc-47fe-8445-93be882af5d4/datanode-0/data/ratis/0b600ffa-c055-4666-9d38-ced32a3ccacf/in_use.lock acquired by nodename 21763@pr-hdds-1569-5gmkr-4255264070
2019-09-25 11:00:09,512 [pool-27-thread-1] INFO  storage.RaftStorage (RaftStorage.java:format(72)) - Storage directory /workdir/hadoop-ozone/integration-test/target/test-dir/MiniOzoneClusterImpl-cb8ecd13-95cc-47fe-8445-93be882af5d4/datanode-0/data/ratis/0b600ffa-c055-4666-9d38-ced32a3ccacf has been successfully formatted.
2019-09-25 11:00:09,512 [pool-27-thread-1] INFO  ratis.ContainerStateMachine (ContainerStateMachine.java:loadSnapshot(230)) - group-CED32A3CCACF: The snapshot info is null. Setting the last applied indexto:(t:0, i:~)
2019-09-25 11:00:09,512 [pool-27-thread-1] INFO  server.RaftServerConfigKeys (ConfUtils.java:logGet(43)) - raft.server.notification.no-leader.timeout = 120s (custom)
2019-09-25 11:00:09,513 [pool-27-thread-1] INFO  server.RaftServerConfigKeys (ConfUtils.java:logGet(43)) - raft.server.log.use.memory = false (default)
2019-09-25 11:00:09,513 [pool-27-thread-1] INFO  server.RaftServerConfigKeys (ConfUtils.java:logGet(43)) - raft.server.log.purge.gap = 1000000 (custom)
2019-09-25 11:00:09,513 [pool-27-thread-1] INFO  server.RaftServerConfigKeys (ConfUtils.java:logGet(43)) - raft.server.log.appender.buffer.byte-limit = 33554432 (custom)
2019-09-25 11:00:09,513 [pool-27-thread-1] INFO  server.RaftServerConfigKeys (ConfUtils.java:logGet(43)) - raft.server.log.segment.size.max = 1048576 (custom)
2019-09-25 11:00:09,513 [pool-27-thread-1] INFO  server.RaftServerConfigKeys (ConfUtils.java:logGet(43)) - raft.server.log.segment.cache.num.max = 2 (custom)
2019-09-25 11:00:09,513 [pool-27-thread-1] INFO  segmented.SegmentedRaftLogWorker (SegmentedRaftLogWorker.java:<init>(172)) - new e32c4ad0-ba90-43ec-bb55-c70e02bd141a@group-CED32A3CCACF-SegmentedRaftLogWorker for RaftStorage:Storage Directory /workdir/hadoop-ozone/integration-test/target/test-dir/MiniOzoneClusterImpl-cb8ecd13-95cc-47fe-8445-93be882af5d4/datanode-0/data/ratis/0b600ffa-c055-4666-9d38-ced32a3ccacf
2019-09-25 11:00:09,514 [pool-27-thread-1] INFO  server.RaftServerConfigKeys (ConfUtils.java:logGet(43)) - raft.server.log.queue.byte-limit = 2147483647 (custom)
2019-09-25 11:00:09,514 [pool-27-thread-1] INFO  server.RaftServerConfigKeys (ConfUtils.java:logGet(43)) - raft.server.log.queue.element-limit = 1024 (custom)
2019-09-25 11:00:09,514 [pool-27-thread-1] INFO  server.RaftServerConfigKeys (ConfUtils.java:logGet(43)) - raft.server.log.segment.size.max = 1048576 (custom)
2019-09-25 11:00:09,514 [pool-27-thread-1] INFO  server.RaftServerConfigKeys (ConfUtils.java:logGet(43)) - raft.server.log.preallocated.size = 16384 (custom)
2019-09-25 11:00:09,514 [pool-27-thread-1] INFO  server.RaftServerConfigKeys (ConfUtils.java:logGet(43)) - raft.server.log.write.buffer.size = 33554432 (custom)
2019-09-25 11:00:09,514 [pool-27-thread-1] INFO  server.RaftServerConfigKeys (ConfUtils.java:logGet(43)) - raft.server.log.force.sync.num = 128 (default)
2019-09-25 11:00:09,514 [pool-27-thread-1] INFO  server.RaftServerConfigKeys (ConfUtils.java:logGet(43)) - raft.server.log.statemachine.data.sync = true (default)
2019-09-25 11:00:09,515 [pool-27-thread-1] INFO  server.RaftServerConfigKeys (ConfUtils.java:logGet(43)) - raft.server.log.statemachine.data.sync.timeout = 10s (default)
2019-09-25 11:00:09,515 [pool-27-thread-1] INFO  server.RaftServerConfigKeys (ConfUtils.java:logGet(43)) - raft.server.log.statemachine.data.sync.timeout.retry = -1 (default)
2019-09-25 11:00:09,515 [pool-27-thread-1] INFO  server.RaftServerConfigKeys (ConfUtils.java:logGet(43)) - raft.server.log.statemachine.data.caching.enabled = true (custom)
2019-09-25 11:00:09,515 [pool-27-thread-1] INFO  segmented.SegmentedRaftLogWorker (SegmentedRaftLogWorker.java:lambda$new$0(132)) - e32c4ad0-ba90-43ec-bb55-c70e02bd141a@group-CED32A3CCACF-SegmentedRaftLogWorker: flushIndex: setUnconditionally 0 -> -1
2019-09-25 11:00:09,516 [pool-27-thread-1] INFO  server.RaftServerConfigKeys (ConfUtils.java:logGet(43)) - raft.server.snapshot.auto.trigger.enabled = true (custom)
2019-09-25 11:00:09,516 [pool-27-thread-1] INFO  server.RaftServerConfigKeys (ConfUtils.java:logGet(43)) - raft.server.snapshot.auto.trigger.threshold = 10000 (custom)
2019-09-25 11:00:09,516 [pool-27-thread-1] INFO  server.RaftServerConfigKeys (ConfUtils.java:logGet(43)) - raft.server.snapshot.retention.num.files = 5 (custom)
2019-09-25 11:00:09,516 [pool-27-thread-1] INFO  server.RaftServerConfigKeys (ConfUtils.java:logGet(43)) - raft.server.retrycache.expirytime = 600000ms (custom)
2019-09-25 11:00:09,519 [pool-27-thread-1] INFO  impl.RaftServerImpl (RaftServerImpl.java:start(185)) - e32c4ad0-ba90-43ec-bb55-c70e02bd141a@group-CED32A3CCACF: start as a follower, conf=-1: [e32c4ad0-ba90-43ec-bb55-c70e02bd141a:192.168.30.6:43545], old=null
2019-09-25 11:00:09,519 [pool-27-thread-1] INFO  impl.RaftServerImpl (RaftServerImpl.java:setRole(174)) - e32c4ad0-ba90-43ec-bb55-c70e02bd141a@group-CED32A3CCACF: changes role from      null to FOLLOWER at term 0 for startAsFollower
2019-09-25 11:00:09,519 [pool-27-thread-1] INFO  impl.RoleInfo (RoleInfo.java:updateAndGet(143)) - e32c4ad0-ba90-43ec-bb55-c70e02bd141a: start FollowerState
2019-09-25 11:00:09,519 [pool-27-thread-1] INFO  util.JmxRegister (JmxRegister.java:tryRegister(44)) - Successfully registered JMX Bean with object name Ratis:service=RaftServer,group=group-CED32A3CCACF,id=e32c4ad0-ba90-43ec-bb55-c70e02bd141a
2019-09-25 11:00:09,522 [RatisPipelineUtilsThread] INFO  pipeline.PipelineStateManager (PipelineStateManager.java:addPipeline(56)) - Created pipeline Pipeline[ Id: 0b600ffa-c055-4666-9d38-ced32a3ccacf, Nodes: e32c4ad0-ba90-43ec-bb55-c70e02bd141a{ip: 192.168.30.6, host: pr-hdds-1569-5gmkr-4255264070, networkLocation: /default-rack, certSerialId: null}, Type:RATIS, Factor:ONE, State:OPEN]
2019-09-25 11:00:09,522 [RatisPipelineUtilsThread] INFO  pipeline.PipelinePlacementPolicy (PipelinePlacementPolicy.java:meetCriteria(91)) - Pipeline Placement: can't place more pipeline on heavy datanode： 10236b5f-bff6-485e-aafa-3b26ea1d6574 Heaviness: 6 limit: 5
2019-09-25 11:00:09,523 [RatisPipelineUtilsThread] INFO  pipeline.PipelinePlacementPolicy (PipelinePlacementPolicy.java:meetCriteria(91)) - Pipeline Placement: can't place more pipeline on heavy datanode： 5f9a0e92-828f-4406-8370-fc24211be18d Heaviness: 6 limit: 5
2019-09-25 11:00:09,523 [RatisPipelineUtilsThread] INFO  pipeline.PipelinePlacementPolicy (PipelinePlacementPolicy.java:meetCriteria(91)) - Pipeline Placement: can't place more pipeline on heavy datanode： 642f0824-8397-42da-9ac4-13d7260e7e2f Heaviness: 6 limit: 5
2019-09-25 11:00:09,523 [RatisPipelineUtilsThread] INFO  pipeline.PipelinePlacementPolicy (PipelinePlacementPolicy.java:meetCriteria(91)) - Pipeline Placement: can't place more pipeline on heavy datanode： 87c8d9bf-e5fd-4c93-82d7-07f29d18cd92 Heaviness: 6 limit: 5
2019-09-25 11:00:09,523 [RatisPipelineUtilsThread] INFO  pipeline.PipelinePlacementPolicy (PipelinePlacementPolicy.java:meetCriteria(91)) - Pipeline Placement: can't place more pipeline on heavy datanode： b9731c9a-07e8-4827-9eb9-5f784fb447b9 Heaviness: 6 limit: 5
2019-09-25 11:00:09,523 [RatisPipelineUtilsThread] INFO  pipeline.PipelinePlacementPolicy (PipelinePlacementPolicy.java:meetCriteria(91)) - Pipeline Placement: can't place more pipeline on heavy datanode： 024c4dd7-7c9d-4cdb-8271-6a4ddb62c17e Heaviness: 6 limit: 5
2019-09-25 11:00:09,529 [grpc-default-executor-0] INFO  impl.RaftServerProxy (RaftServerProxy.java:addNew(89)) - e32c4ad0-ba90-43ec-bb55-c70e02bd141a: addNew group-6BEE706C674D:[e32c4ad0-ba90-43ec-bb55-c70e02bd141a:192.168.30.6:43545] returns group-6BEE706C674D:java.util.concurrent.CompletableFuture@402785df[Not completed]
2019-09-25 11:00:09,530 [pool-27-thread-1] INFO  impl.RaftServerImpl (RaftServerImpl.java:<init>(95)) - e32c4ad0-ba90-43ec-bb55-c70e02bd141a: new RaftServerImpl for group-6BEE706C674D:[e32c4ad0-ba90-43ec-bb55-c70e02bd141a:192.168.30.6:43545] with ContainerStateMachine:uninitialized
2019-09-25 11:00:09,530 [pool-27-thread-1] INFO  server.RaftServerConfigKeys (ConfUtils.java:logGet(43)) - raft.server.rpc.timeout.min = 5s (custom)
2019-09-25 11:00:09,530 [pool-27-thread-1] INFO  server.RaftServerConfigKeys (ConfUtils.java:logGet(43)) - raft.server.rpc.timeout.max = 5200ms (custom)
2019-09-25 11:00:09,531 [pool-27-thread-1] INFO  server.RaftServerConfigKeys (ConfUtils.java:logGet(43)) - raft.server.rpcslowness.timeout = 120s (custom)
2019-09-25 11:00:09,531 [pool-27-thread-1] INFO  server.RaftServerConfigKeys (ConfUtils.java:logGet(43)) - raft.server.sleep.deviation.threshold = 300 (default)
2019-09-25 11:00:09,531 [pool-27-thread-1] INFO  server.RaftServerConfigKeys (ConfUtils.java:logGet(43)) - raft.server.log.appender.install.snapshot.enabled = false (custom)
2019-09-25 11:00:09,531 [pool-27-thread-1] INFO  impl.RaftServerImpl (ServerState.java:<init>(103)) - e32c4ad0-ba90-43ec-bb55-c70e02bd141a@group-6BEE706C674D: ConfigurationManager, init=-1: [e32c4ad0-ba90-43ec-bb55-c70e02bd141a:192.168.30.6:43545], old=null, confs=<EMPTY_MAP>
2019-09-25 11:00:09,531 [pool-27-thread-1] INFO  server.RaftServerConfigKeys (ConfUtils.java:logGet(43)) - raft.server.storage.dir = [/workdir/hadoop-ozone/integration-test/target/test-dir/MiniOzoneClusterImpl-cb8ecd13-95cc-47fe-8445-93be882af5d4/datanode-0/data/ratis] (custom)
2019-09-25 11:00:09,532 [pool-27-thread-1] INFO  storage.RaftStorageDirectory (RaftStorageDirectory.java:analyzeStorage(246)) - The storage directory /workdir/hadoop-ozone/integration-test/target/test-dir/MiniOzoneClusterImpl-cb8ecd13-95cc-47fe-8445-93be882af5d4/datanode-0/data/ratis/ba0a1606-7735-42f9-a8ec-6bee706c674d does not exist. Creating ...
2019-09-25 11:00:09,545 [pool-27-thread-1] INFO  storage.RaftStorageDirectory (RaftStorageDirectory.java:tryLock(328)) - Lock on /workdir/hadoop-ozone/integration-test/target/test-dir/MiniOzoneClusterImpl-cb8ecd13-95cc-47fe-8445-93be882af5d4/datanode-0/data/ratis/ba0a1606-7735-42f9-a8ec-6bee706c674d/in_use.lock acquired by nodename 21763@pr-hdds-1569-5gmkr-4255264070
2019-09-25 11:00:09,558 [pool-27-thread-1] INFO  storage.RaftStorage (RaftStorage.java:format(72)) - Storage directory /workdir/hadoop-ozone/integration-test/target/test-dir/MiniOzoneClusterImpl-cb8ecd13-95cc-47fe-8445-93be882af5d4/datanode-0/data/ratis/ba0a1606-7735-42f9-a8ec-6bee706c674d has been successfully formatted.
2019-09-25 11:00:09,558 [pool-27-thread-1] INFO  ratis.ContainerStateMachine (ContainerStateMachine.java:loadSnapshot(230)) - group-6BEE706C674D: The snapshot info is null. Setting the last applied indexto:(t:0, i:~)
2019-09-25 11:00:09,559 [pool-27-thread-1] INFO  server.RaftServerConfigKeys (ConfUtils.java:logGet(43)) - raft.server.notification.no-leader.timeout = 120s (custom)
2019-09-25 11:00:09,559 [pool-27-thread-1] INFO  server.RaftServerConfigKeys (ConfUtils.java:logGet(43)) - raft.server.log.use.memory = false (default)
2019-09-25 11:00:09,559 [pool-27-thread-1] INFO  server.RaftServerConfigKeys (ConfUtils.java:logGet(43)) - raft.server.log.purge.gap = 1000000 (custom)
2019-09-25 11:00:09,559 [pool-27-thread-1] INFO  server.RaftServerConfigKeys (ConfUtils.java:logGet(43)) - raft.server.log.appender.buffer.byte-limit = 33554432 (custom)
2019-09-25 11:00:09,560 [pool-27-thread-1] INFO  server.RaftServerConfigKeys (ConfUtils.java:logGet(43)) - raft.server.log.segment.size.max = 1048576 (custom)
2019-09-25 11:00:09,560 [pool-27-thread-1] INFO  server.RaftServerConfigKeys (ConfUtils.java:logGet(43)) - raft.server.log.segment.cache.num.max = 2 (custom)
2019-09-25 11:00:09,560 [pool-27-thread-1] INFO  segmented.SegmentedRaftLogWorker (SegmentedRaftLogWorker.java:<init>(172)) - new e32c4ad0-ba90-43ec-bb55-c70e02bd141a@group-6BEE706C674D-SegmentedRaftLogWorker for RaftStorage:Storage Directory /workdir/hadoop-ozone/integration-test/target/test-dir/MiniOzoneClusterImpl-cb8ecd13-95cc-47fe-8445-93be882af5d4/datanode-0/data/ratis/ba0a1606-7735-42f9-a8ec-6bee706c674d
2019-09-25 11:00:09,560 [pool-27-thread-1] INFO  server.RaftServerConfigKeys (ConfUtils.java:logGet(43)) - raft.server.log.queue.byte-limit = 2147483647 (custom)
2019-09-25 11:00:09,560 [pool-27-thread-1] INFO  server.RaftServerConfigKeys (ConfUtils.java:logGet(43)) - raft.server.log.queue.element-limit = 1024 (custom)
2019-09-25 11:00:09,560 [pool-27-thread-1] INFO  server.RaftServerConfigKeys (ConfUtils.java:logGet(43)) - raft.server.log.segment.size.max = 1048576 (custom)
2019-09-25 11:00:09,561 [pool-27-thread-1] INFO  server.RaftServerConfigKeys (ConfUtils.java:logGet(43)) - raft.server.log.preallocated.size = 16384 (custom)
2019-09-25 11:00:09,561 [pool-27-thread-1] INFO  server.RaftServerConfigKeys (ConfUtils.java:logGet(43)) - raft.server.log.write.buffer.size = 33554432 (custom)
2019-09-25 11:00:09,561 [pool-27-thread-1] INFO  server.RaftServerConfigKeys (ConfUtils.java:logGet(43)) - raft.server.log.force.sync.num = 128 (default)
2019-09-25 11:00:09,561 [pool-27-thread-1] INFO  server.RaftServerConfigKeys (ConfUtils.java:logGet(43)) - raft.server.log.statemachine.data.sync = true (default)
2019-09-25 11:00:09,561 [pool-27-thread-1] INFO  server.RaftServerConfigKeys (ConfUtils.java:logGet(43)) - raft.server.log.statemachine.data.sync.timeout = 10s (default)
2019-09-25 11:00:09,561 [pool-27-thread-1] INFO  server.RaftServerConfigKeys (ConfUtils.java:logGet(43)) - raft.server.log.statemachine.data.sync.timeout.retry = -1 (default)
2019-09-25 11:00:09,561 [pool-27-thread-1] INFO  server.RaftServerConfigKeys (ConfUtils.java:logGet(43)) - raft.server.log.statemachine.data.caching.enabled = true (custom)
2019-09-25 11:00:09,562 [pool-27-thread-1] INFO  segmented.SegmentedRaftLogWorker (SegmentedRaftLogWorker.java:lambda$new$0(132)) - e32c4ad0-ba90-43ec-bb55-c70e02bd141a@group-6BEE706C674D-SegmentedRaftLogWorker: flushIndex: setUnconditionally 0 -> -1
2019-09-25 11:00:09,562 [pool-27-thread-1] INFO  server.RaftServerConfigKeys (ConfUtils.java:logGet(43)) - raft.server.snapshot.auto.trigger.enabled = true (custom)
2019-09-25 11:00:09,562 [pool-27-thread-1] INFO  server.RaftServerConfigKeys (ConfUtils.java:logGet(43)) - raft.server.snapshot.auto.trigger.threshold = 10000 (custom)
2019-09-25 11:00:09,562 [pool-27-thread-1] INFO  server.RaftServerConfigKeys (ConfUtils.java:logGet(43)) - raft.server.snapshot.retention.num.files = 5 (custom)
2019-09-25 11:00:09,562 [pool-27-thread-1] INFO  server.RaftServerConfigKeys (ConfUtils.java:logGet(43)) - raft.server.retrycache.expirytime = 600000ms (custom)
2019-09-25 11:00:09,565 [pool-27-thread-1] INFO  impl.RaftServerImpl (RaftServerImpl.java:start(185)) - e32c4ad0-ba90-43ec-bb55-c70e02bd141a@group-6BEE706C674D: start as a follower, conf=-1: [e32c4ad0-ba90-43ec-bb55-c70e02bd141a:192.168.30.6:43545], old=null
2019-09-25 11:00:09,565 [pool-27-thread-1] INFO  impl.RaftServerImpl (RaftServerImpl.java:setRole(174)) - e32c4ad0-ba90-43ec-bb55-c70e02bd141a@group-6BEE706C674D: changes role from      null to FOLLOWER at term 0 for startAsFollower
2019-09-25 11:00:09,565 [pool-27-thread-1] INFO  impl.RoleInfo (RoleInfo.java:updateAndGet(143)) - e32c4ad0-ba90-43ec-bb55-c70e02bd141a: start FollowerState
2019-09-25 11:00:09,565 [pool-27-thread-1] INFO  util.JmxRegister (JmxRegister.java:tryRegister(44)) - Successfully registered JMX Bean with object name Ratis:service=RaftServer,group=group-6BEE706C674D,id=e32c4ad0-ba90-43ec-bb55-c70e02bd141a
2019-09-25 11:00:09,568 [RatisPipelineUtilsThread] INFO  pipeline.PipelineStateManager (PipelineStateManager.java:addPipeline(56)) - Created pipeline Pipeline[ Id: ba0a1606-7735-42f9-a8ec-6bee706c674d, Nodes: e32c4ad0-ba90-43ec-bb55-c70e02bd141a{ip: 192.168.30.6, host: pr-hdds-1569-5gmkr-4255264070, networkLocation: /default-rack, certSerialId: null}, Type:RATIS, Factor:ONE, State:OPEN]
2019-09-25 11:00:09,569 [RatisPipelineUtilsThread] INFO  pipeline.PipelinePlacementPolicy (PipelinePlacementPolicy.java:meetCriteria(91)) - Pipeline Placement: can't place more pipeline on heavy datanode： 10236b5f-bff6-485e-aafa-3b26ea1d6574 Heaviness: 6 limit: 5
2019-09-25 11:00:09,569 [RatisPipelineUtilsThread] INFO  pipeline.PipelinePlacementPolicy (PipelinePlacementPolicy.java:meetCriteria(91)) - Pipeline Placement: can't place more pipeline on heavy datanode： 5f9a0e92-828f-4406-8370-fc24211be18d Heaviness: 6 limit: 5
2019-09-25 11:00:09,569 [RatisPipelineUtilsThread] INFO  pipeline.PipelinePlacementPolicy (PipelinePlacementPolicy.java:meetCriteria(91)) - Pipeline Placement: can't place more pipeline on heavy datanode： 642f0824-8397-42da-9ac4-13d7260e7e2f Heaviness: 6 limit: 5
2019-09-25 11:00:09,569 [RatisPipelineUtilsThread] INFO  pipeline.PipelinePlacementPolicy (PipelinePlacementPolicy.java:meetCriteria(91)) - Pipeline Placement: can't place more pipeline on heavy datanode： 87c8d9bf-e5fd-4c93-82d7-07f29d18cd92 Heaviness: 6 limit: 5
2019-09-25 11:00:09,569 [RatisPipelineUtilsThread] INFO  pipeline.PipelinePlacementPolicy (PipelinePlacementPolicy.java:meetCriteria(91)) - Pipeline Placement: can't place more pipeline on heavy datanode： b9731c9a-07e8-4827-9eb9-5f784fb447b9 Heaviness: 6 limit: 5
2019-09-25 11:00:09,569 [RatisPipelineUtilsThread] INFO  pipeline.PipelinePlacementPolicy (PipelinePlacementPolicy.java:meetCriteria(91)) - Pipeline Placement: can't place more pipeline on heavy datanode： e32c4ad0-ba90-43ec-bb55-c70e02bd141a Heaviness: 6 limit: 5
2019-09-25 11:00:09,570 [RatisPipelineUtilsThread] INFO  pipeline.PipelinePlacementPolicy (PipelinePlacementPolicy.java:meetCriteria(91)) - Pipeline Placement: can't place more pipeline on heavy datanode： 024c4dd7-7c9d-4cdb-8271-6a4ddb62c17e Heaviness: 6 limit: 5
2019-09-25 11:00:09,570 [RatisPipelineUtilsThread] ERROR pipeline.PipelinePlacementPolicy (PipelinePlacementPolicy.java:filterViableNodes(148)) - Unable to find enough nodes that meet the criteria that cannot engage in more than 5 pipelines. Nodes required: 1 Found: 0, healthy nodes count inNodeManager: 7.
2019-09-25 11:00:09,572 [RatisPipelineUtilsThread] ERROR pipeline.SCMPipelineManager (SCMPipelineManager.java:createPipeline(167)) - Pipeline creation failed.
org.apache.hadoop.hdds.scm.exceptions.SCMException: Unable to find enough nodes that meet the criteria that cannot engage in more than 5 pipelines. Nodes required: 1 Found: 0, healthy nodes count inNodeManager: 7.
	at org.apache.hadoop.hdds.scm.pipeline.PipelinePlacementPolicy.filterViableNodes(PipelinePlacementPolicy.java:149)
	at org.apache.hadoop.hdds.scm.pipeline.PipelinePlacementPolicy.chooseDatanodes(PipelinePlacementPolicy.java:172)
	at org.apache.hadoop.hdds.scm.pipeline.RatisPipelineProvider.create(RatisPipelineProvider.java:93)
	at org.apache.hadoop.hdds.scm.pipeline.PipelineFactory.create(PipelineFactory.java:58)
	at org.apache.hadoop.hdds.scm.pipeline.SCMPipelineManager.createPipeline(SCMPipelineManager.java:155)
	at org.apache.hadoop.hdds.scm.pipeline.BackgroundPipelineCreator.createPipelines(BackgroundPipelineCreator.java:99)
	at java.util.concurrent.Executors$RunnableAdapter.call(Executors.java:511)
	at java.util.concurrent.FutureTask.run(FutureTask.java:266)
	at java.util.concurrent.ScheduledThreadPoolExecutor$ScheduledFutureTask.access$201(ScheduledThreadPoolExecutor.java:180)
	at java.util.concurrent.ScheduledThreadPoolExecutor$ScheduledFutureTask.run(ScheduledThreadPoolExecutor.java:293)
	at java.util.concurrent.ThreadPoolExecutor.runWorker(ThreadPoolExecutor.java:1149)
	at java.util.concurrent.ThreadPoolExecutor$Worker.run(ThreadPoolExecutor.java:624)
	at java.lang.Thread.run(Thread.java:748)
2019-09-25 11:00:09,574 [RatisPipelineUtilsThread] INFO  pipeline.PipelinePlacementPolicy (PipelinePlacementPolicy.java:meetCriteria(91)) - Pipeline Placement: can't place more pipeline on heavy datanode： 10236b5f-bff6-485e-aafa-3b26ea1d6574 Heaviness: 6 limit: 5
2019-09-25 11:00:09,574 [RatisPipelineUtilsThread] INFO  pipeline.PipelinePlacementPolicy (PipelinePlacementPolicy.java:meetCriteria(91)) - Pipeline Placement: can't place more pipeline on heavy datanode： 5f9a0e92-828f-4406-8370-fc24211be18d Heaviness: 6 limit: 5
2019-09-25 11:00:09,574 [RatisPipelineUtilsThread] INFO  pipeline.PipelinePlacementPolicy (PipelinePlacementPolicy.java:meetCriteria(91)) - Pipeline Placement: can't place more pipeline on heavy datanode： 642f0824-8397-42da-9ac4-13d7260e7e2f Heaviness: 6 limit: 5
2019-09-25 11:00:09,574 [RatisPipelineUtilsThread] INFO  pipeline.PipelinePlacementPolicy (PipelinePlacementPolicy.java:meetCriteria(91)) - Pipeline Placement: can't place more pipeline on heavy datanode： 87c8d9bf-e5fd-4c93-82d7-07f29d18cd92 Heaviness: 6 limit: 5
2019-09-25 11:00:09,574 [RatisPipelineUtilsThread] INFO  pipeline.PipelinePlacementPolicy (PipelinePlacementPolicy.java:meetCriteria(91)) - Pipeline Placement: can't place more pipeline on heavy datanode： b9731c9a-07e8-4827-9eb9-5f784fb447b9 Heaviness: 6 limit: 5
2019-09-25 11:00:09,574 [RatisPipelineUtilsThread] INFO  pipeline.PipelinePlacementPolicy (PipelinePlacementPolicy.java:meetCriteria(91)) - Pipeline Placement: can't place more pipeline on heavy datanode： e32c4ad0-ba90-43ec-bb55-c70e02bd141a Heaviness: 6 limit: 5
2019-09-25 11:00:09,574 [RatisPipelineUtilsThread] INFO  pipeline.PipelinePlacementPolicy (PipelinePlacementPolicy.java:meetCriteria(91)) - Pipeline Placement: can't place more pipeline on heavy datanode： 024c4dd7-7c9d-4cdb-8271-6a4ddb62c17e Heaviness: 6 limit: 5
2019-09-25 11:00:09,574 [RatisPipelineUtilsThread] ERROR pipeline.PipelinePlacementPolicy (PipelinePlacementPolicy.java:filterViableNodes(148)) - Unable to find enough nodes that meet the criteria that cannot engage in more than 5 pipelines. Nodes required: 3 Found: 0, healthy nodes count inNodeManager: 7.
2019-09-25 11:00:09,575 [RatisPipelineUtilsThread] ERROR pipeline.SCMPipelineManager (SCMPipelineManager.java:createPipeline(167)) - Pipeline creation failed.
org.apache.hadoop.hdds.scm.exceptions.SCMException: Unable to find enough nodes that meet the criteria that cannot engage in more than 5 pipelines. Nodes required: 3 Found: 0, healthy nodes count inNodeManager: 7.
	at org.apache.hadoop.hdds.scm.pipeline.PipelinePlacementPolicy.filterViableNodes(PipelinePlacementPolicy.java:149)
	at org.apache.hadoop.hdds.scm.pipeline.PipelinePlacementPolicy.chooseDatanodes(PipelinePlacementPolicy.java:172)
	at org.apache.hadoop.hdds.scm.pipeline.RatisPipelineProvider.create(RatisPipelineProvider.java:93)
	at org.apache.hadoop.hdds.scm.pipeline.PipelineFactory.create(PipelineFactory.java:58)
	at org.apache.hadoop.hdds.scm.pipeline.SCMPipelineManager.createPipeline(SCMPipelineManager.java:155)
	at org.apache.hadoop.hdds.scm.pipeline.BackgroundPipelineCreator.createPipelines(BackgroundPipelineCreator.java:99)
	at java.util.concurrent.Executors$RunnableAdapter.call(Executors.java:511)
	at java.util.concurrent.FutureTask.run(FutureTask.java:266)
	at java.util.concurrent.ScheduledThreadPoolExecutor$ScheduledFutureTask.access$201(ScheduledThreadPoolExecutor.java:180)
	at java.util.concurrent.ScheduledThreadPoolExecutor$ScheduledFutureTask.run(ScheduledThreadPoolExecutor.java:293)
	at java.util.concurrent.ThreadPoolExecutor.runWorker(ThreadPoolExecutor.java:1149)
	at java.util.concurrent.ThreadPoolExecutor$Worker.run(ThreadPoolExecutor.java:624)
	at java.lang.Thread.run(Thread.java:748)
2019-09-25 11:00:09,576 [RatisPipelineUtilsThread] INFO  pipeline.PipelinePlacementPolicy (PipelinePlacementPolicy.java:meetCriteria(91)) - Pipeline Placement: can't place more pipeline on heavy datanode： 10236b5f-bff6-485e-aafa-3b26ea1d6574 Heaviness: 6 limit: 5
2019-09-25 11:00:09,576 [RatisPipelineUtilsThread] INFO  pipeline.PipelinePlacementPolicy (PipelinePlacementPolicy.java:meetCriteria(91)) - Pipeline Placement: can't place more pipeline on heavy datanode： 5f9a0e92-828f-4406-8370-fc24211be18d Heaviness: 6 limit: 5
2019-09-25 11:00:09,576 [RatisPipelineUtilsThread] INFO  pipeline.PipelinePlacementPolicy (PipelinePlacementPolicy.java:meetCriteria(91)) - Pipeline Placement: can't place more pipeline on heavy datanode： 642f0824-8397-42da-9ac4-13d7260e7e2f Heaviness: 6 limit: 5
2019-09-25 11:00:09,577 [RatisPipelineUtilsThread] INFO  pipeline.PipelinePlacementPolicy (PipelinePlacementPolicy.java:meetCriteria(91)) - Pipeline Placement: can't place more pipeline on heavy datanode： 87c8d9bf-e5fd-4c93-82d7-07f29d18cd92 Heaviness: 6 limit: 5
2019-09-25 11:00:09,577 [RatisPipelineUtilsThread] INFO  pipeline.PipelinePlacementPolicy (PipelinePlacementPolicy.java:meetCriteria(91)) - Pipeline Placement: can't place more pipeline on heavy datanode： b9731c9a-07e8-4827-9eb9-5f784fb447b9 Heaviness: 6 limit: 5
2019-09-25 11:00:09,577 [RatisPipelineUtilsThread] INFO  pipeline.PipelinePlacementPolicy (PipelinePlacementPolicy.java:meetCriteria(91)) - Pipeline Placement: can't place more pipeline on heavy datanode： e32c4ad0-ba90-43ec-bb55-c70e02bd141a Heaviness: 6 limit: 5
2019-09-25 11:00:09,577 [RatisPipelineUtilsThread] INFO  pipeline.PipelinePlacementPolicy (PipelinePlacementPolicy.java:meetCriteria(91)) - Pipeline Placement: can't place more pipeline on heavy datanode： 024c4dd7-7c9d-4cdb-8271-6a4ddb62c17e Heaviness: 6 limit: 5
2019-09-25 11:00:09,577 [RatisPipelineUtilsThread] ERROR pipeline.PipelinePlacementPolicy (PipelinePlacementPolicy.java:filterViableNodes(148)) - Unable to find enough nodes that meet the criteria that cannot engage in more than 5 pipelines. Nodes required: 1 Found: 0, healthy nodes count inNodeManager: 7.
2019-09-25 11:00:09,577 [RatisPipelineUtilsThread] ERROR pipeline.SCMPipelineManager (SCMPipelineManager.java:createPipeline(167)) - Pipeline creation failed.
org.apache.hadoop.hdds.scm.exceptions.SCMException: Unable to find enough nodes that meet the criteria that cannot engage in more than 5 pipelines. Nodes required: 1 Found: 0, healthy nodes count inNodeManager: 7.
	at org.apache.hadoop.hdds.scm.pipeline.PipelinePlacementPolicy.filterViableNodes(PipelinePlacementPolicy.java:149)
	at org.apache.hadoop.hdds.scm.pipeline.PipelinePlacementPolicy.chooseDatanodes(PipelinePlacementPolicy.java:172)
	at org.apache.hadoop.hdds.scm.pipeline.RatisPipelineProvider.create(RatisPipelineProvider.java:93)
	at org.apache.hadoop.hdds.scm.pipeline.PipelineFactory.create(PipelineFactory.java:58)
	at org.apache.hadoop.hdds.scm.pipeline.SCMPipelineManager.createPipeline(SCMPipelineManager.java:155)
	at org.apache.hadoop.hdds.scm.pipeline.BackgroundPipelineCreator.createPipelines(BackgroundPipelineCreator.java:99)
	at org.apache.hadoop.hdds.scm.pipeline.BackgroundPipelineCreator.lambda$startFixedIntervalPipelineCreator$0(BackgroundPipelineCreator.java:70)
	at java.util.concurrent.Executors$RunnableAdapter.call(Executors.java:511)
	at java.util.concurrent.FutureTask.runAndReset(FutureTask.java:308)
	at java.util.concurrent.ScheduledThreadPoolExecutor$ScheduledFutureTask.access$301(ScheduledThreadPoolExecutor.java:180)
	at java.util.concurrent.ScheduledThreadPoolExecutor$ScheduledFutureTask.run(ScheduledThreadPoolExecutor.java:294)
	at java.util.concurrent.ThreadPoolExecutor.runWorker(ThreadPoolExecutor.java:1149)
	at java.util.concurrent.ThreadPoolExecutor$Worker.run(ThreadPoolExecutor.java:624)
	at java.lang.Thread.run(Thread.java:748)
2019-09-25 11:00:09,577 [RatisPipelineUtilsThread] INFO  pipeline.PipelinePlacementPolicy (PipelinePlacementPolicy.java:meetCriteria(91)) - Pipeline Placement: can't place more pipeline on heavy datanode： 10236b5f-bff6-485e-aafa-3b26ea1d6574 Heaviness: 6 limit: 5
2019-09-25 11:00:09,577 [RatisPipelineUtilsThread] INFO  pipeline.PipelinePlacementPolicy (PipelinePlacementPolicy.java:meetCriteria(91)) - Pipeline Placement: can't place more pipeline on heavy datanode： 5f9a0e92-828f-4406-8370-fc24211be18d Heaviness: 6 limit: 5
2019-09-25 11:00:09,577 [RatisPipelineUtilsThread] INFO  pipeline.PipelinePlacementPolicy (PipelinePlacementPolicy.java:meetCriteria(91)) - Pipeline Placement: can't place more pipeline on heavy datanode： 642f0824-8397-42da-9ac4-13d7260e7e2f Heaviness: 6 limit: 5
2019-09-25 11:00:09,578 [RatisPipelineUtilsThread] INFO  pipeline.PipelinePlacementPolicy (PipelinePlacementPolicy.java:meetCriteria(91)) - Pipeline Placement: can't place more pipeline on heavy datanode： 87c8d9bf-e5fd-4c93-82d7-07f29d18cd92 Heaviness: 6 limit: 5
2019-09-25 11:00:09,578 [RatisPipelineUtilsThread] INFO  pipeline.PipelinePlacementPolicy (PipelinePlacementPolicy.java:meetCriteria(91)) - Pipeline Placement: can't place more pipeline on heavy datanode： b9731c9a-07e8-4827-9eb9-5f784fb447b9 Heaviness: 6 limit: 5
2019-09-25 11:00:09,578 [RatisPipelineUtilsThread] INFO  pipeline.PipelinePlacementPolicy (PipelinePlacementPolicy.java:meetCriteria(91)) - Pipeline Placement: can't place more pipeline on heavy datanode： e32c4ad0-ba90-43ec-bb55-c70e02bd141a Heaviness: 6 limit: 5
2019-09-25 11:00:09,578 [RatisPipelineUtilsThread] INFO  pipeline.PipelinePlacementPolicy (PipelinePlacementPolicy.java:meetCriteria(91)) - Pipeline Placement: can't place more pipeline on heavy datanode： 024c4dd7-7c9d-4cdb-8271-6a4ddb62c17e Heaviness: 6 limit: 5
2019-09-25 11:00:09,578 [RatisPipelineUtilsThread] ERROR pipeline.PipelinePlacementPolicy (PipelinePlacementPolicy.java:filterViableNodes(148)) - Unable to find enough nodes that meet the criteria that cannot engage in more than 5 pipelines. Nodes required: 3 Found: 0, healthy nodes count inNodeManager: 7.
2019-09-25 11:00:09,578 [RatisPipelineUtilsThread] ERROR pipeline.SCMPipelineManager (SCMPipelineManager.java:createPipeline(167)) - Pipeline creation failed.
org.apache.hadoop.hdds.scm.exceptions.SCMException: Unable to find enough nodes that meet the criteria that cannot engage in more than 5 pipelines. Nodes required: 3 Found: 0, healthy nodes count inNodeManager: 7.
	at org.apache.hadoop.hdds.scm.pipeline.PipelinePlacementPolicy.filterViableNodes(PipelinePlacementPolicy.java:149)
	at org.apache.hadoop.hdds.scm.pipeline.PipelinePlacementPolicy.chooseDatanodes(PipelinePlacementPolicy.java:172)
	at org.apache.hadoop.hdds.scm.pipeline.RatisPipelineProvider.create(RatisPipelineProvider.java:93)
	at org.apache.hadoop.hdds.scm.pipeline.PipelineFactory.create(PipelineFactory.java:58)
	at org.apache.hadoop.hdds.scm.pipeline.SCMPipelineManager.createPipeline(SCMPipelineManager.java:155)
	at org.apache.hadoop.hdds.scm.pipeline.BackgroundPipelineCreator.createPipelines(BackgroundPipelineCreator.java:99)
	at org.apache.hadoop.hdds.scm.pipeline.BackgroundPipelineCreator.lambda$startFixedIntervalPipelineCreator$0(BackgroundPipelineCreator.java:70)
	at java.util.concurrent.Executors$RunnableAdapter.call(Executors.java:511)
	at java.util.concurrent.FutureTask.runAndReset(FutureTask.java:308)
	at java.util.concurrent.ScheduledThreadPoolExecutor$ScheduledFutureTask.access$301(ScheduledThreadPoolExecutor.java:180)
	at java.util.concurrent.ScheduledThreadPoolExecutor$ScheduledFutureTask.run(ScheduledThreadPoolExecutor.java:294)
	at java.util.concurrent.ThreadPoolExecutor.runWorker(ThreadPoolExecutor.java:1149)
	at java.util.concurrent.ThreadPoolExecutor$Worker.run(ThreadPoolExecutor.java:624)
	at java.lang.Thread.run(Thread.java:748)
2019-09-25 11:00:09,578 [IPC Server handler 1 on 42768] INFO  pipeline.PipelinePlacementPolicy (PipelinePlacementPolicy.java:meetCriteria(91)) - Pipeline Placement: can't place more pipeline on heavy datanode： 10236b5f-bff6-485e-aafa-3b26ea1d6574 Heaviness: 6 limit: 5
2019-09-25 11:00:09,579 [IPC Server handler 1 on 42768] INFO  pipeline.PipelinePlacementPolicy (PipelinePlacementPolicy.java:meetCriteria(91)) - Pipeline Placement: can't place more pipeline on heavy datanode： 5f9a0e92-828f-4406-8370-fc24211be18d Heaviness: 6 limit: 5
2019-09-25 11:00:09,579 [IPC Server handler 1 on 42768] INFO  pipeline.PipelinePlacementPolicy (PipelinePlacementPolicy.java:meetCriteria(91)) - Pipeline Placement: can't place more pipeline on heavy datanode： 642f0824-8397-42da-9ac4-13d7260e7e2f Heaviness: 6 limit: 5
2019-09-25 11:00:09,579 [IPC Server handler 1 on 42768] INFO  pipeline.PipelinePlacementPolicy (PipelinePlacementPolicy.java:meetCriteria(91)) - Pipeline Placement: can't place more pipeline on heavy datanode： 87c8d9bf-e5fd-4c93-82d7-07f29d18cd92 Heaviness: 6 limit: 5
2019-09-25 11:00:09,579 [IPC Server handler 1 on 42768] INFO  pipeline.PipelinePlacementPolicy (PipelinePlacementPolicy.java:meetCriteria(91)) - Pipeline Placement: can't place more pipeline on heavy datanode： b9731c9a-07e8-4827-9eb9-5f784fb447b9 Heaviness: 6 limit: 5
2019-09-25 11:00:09,579 [IPC Server handler 1 on 42768] INFO  pipeline.PipelinePlacementPolicy (PipelinePlacementPolicy.java:meetCriteria(91)) - Pipeline Placement: can't place more pipeline on heavy datanode： e32c4ad0-ba90-43ec-bb55-c70e02bd141a Heaviness: 6 limit: 5
2019-09-25 11:00:09,580 [IPC Server handler 1 on 42768] INFO  pipeline.PipelinePlacementPolicy (PipelinePlacementPolicy.java:meetCriteria(91)) - Pipeline Placement: can't place more pipeline on heavy datanode： 024c4dd7-7c9d-4cdb-8271-6a4ddb62c17e Heaviness: 6 limit: 5
2019-09-25 11:00:09,580 [IPC Server handler 1 on 42768] ERROR pipeline.PipelinePlacementPolicy (PipelinePlacementPolicy.java:filterViableNodes(148)) - Unable to find enough nodes that meet the criteria that cannot engage in more than 5 pipelines. Nodes required: 3 Found: 0, healthy nodes count inNodeManager: 7.
2019-09-25 11:00:09,580 [IPC Server handler 1 on 42768] ERROR pipeline.SCMPipelineManager (SCMPipelineManager.java:createPipeline(167)) - Pipeline creation failed.
org.apache.hadoop.hdds.scm.exceptions.SCMException: Unable to find enough nodes that meet the criteria that cannot engage in more than 5 pipelines. Nodes required: 3 Found: 0, healthy nodes count inNodeManager: 7.
	at org.apache.hadoop.hdds.scm.pipeline.PipelinePlacementPolicy.filterViableNodes(PipelinePlacementPolicy.java:149)
	at org.apache.hadoop.hdds.scm.pipeline.PipelinePlacementPolicy.chooseDatanodes(PipelinePlacementPolicy.java:172)
	at org.apache.hadoop.hdds.scm.pipeline.RatisPipelineProvider.create(RatisPipelineProvider.java:93)
	at org.apache.hadoop.hdds.scm.pipeline.PipelineFactory.create(PipelineFactory.java:58)
	at org.apache.hadoop.hdds.scm.pipeline.SCMPipelineManager.createPipeline(SCMPipelineManager.java:155)
	at org.apache.hadoop.hdds.scm.block.BlockManagerImpl.allocateBlock(BlockManagerImpl.java:190)
	at org.apache.hadoop.hdds.scm.server.SCMBlockProtocolServer.allocateBlock(SCMBlockProtocolServer.java:182)
	at org.apache.hadoop.ozone.protocolPB.ScmBlockLocationProtocolServerSideTranslatorPB.allocateScmBlock(ScmBlockLocationProtocolServerSideTranslatorPB.java:183)
	at org.apache.hadoop.ozone.protocolPB.ScmBlockLocationProtocolServerSideTranslatorPB.processMessage(ScmBlockLocationProtocolServerSideTranslatorPB.java:141)
	at org.apache.hadoop.ozone.protocolPB.ScmBlockLocationProtocolServerSideTranslatorPB.send(ScmBlockLocationProtocolServerSideTranslatorPB.java:116)
	at org.apache.hadoop.hdds.protocol.proto.ScmBlockLocationProtocolProtos$ScmBlockLocationProtocolService$2.callBlockingMethod(ScmBlockLocationProtocolProtos.java:13157)
	at org.apache.hadoop.ipc.ProtobufRpcEngine$Server$ProtoBufRpcInvoker.call(ProtobufRpcEngine.java:524)
	at org.apache.hadoop.ipc.RPC$Server.call(RPC.java:1025)
	at org.apache.hadoop.ipc.Server$RpcCall.run(Server.java:876)
	at org.apache.hadoop.ipc.Server$RpcCall.run(Server.java:822)
	at java.security.AccessController.doPrivileged(Native Method)
	at javax.security.auth.Subject.doAs(Subject.java:422)
	at org.apache.hadoop.security.UserGroupInformation.doAs(UserGroupInformation.java:1730)
	at org.apache.hadoop.ipc.Server$Handler.run(Server.java:2682)
2019-09-25 11:00:09,580 [IPC Server handler 1 on 42768] WARN  block.BlockManagerImpl (BlockManagerImpl.java:allocateBlock(192)) - Pipeline creation failed for type:RATIS factor:THREE. Retrying get pipelines call once.
org.apache.hadoop.hdds.scm.exceptions.SCMException: Unable to find enough nodes that meet the criteria that cannot engage in more than 5 pipelines. Nodes required: 3 Found: 0, healthy nodes count inNodeManager: 7.
	at org.apache.hadoop.hdds.scm.pipeline.PipelinePlacementPolicy.filterViableNodes(PipelinePlacementPolicy.java:149)
	at org.apache.hadoop.hdds.scm.pipeline.PipelinePlacementPolicy.chooseDatanodes(PipelinePlacementPolicy.java:172)
	at org.apache.hadoop.hdds.scm.pipeline.RatisPipelineProvider.create(RatisPipelineProvider.java:93)
	at org.apache.hadoop.hdds.scm.pipeline.PipelineFactory.create(PipelineFactory.java:58)
	at org.apache.hadoop.hdds.scm.pipeline.SCMPipelineManager.createPipeline(SCMPipelineManager.java:155)
	at org.apache.hadoop.hdds.scm.block.BlockManagerImpl.allocateBlock(BlockManagerImpl.java:190)
	at org.apache.hadoop.hdds.scm.server.SCMBlockProtocolServer.allocateBlock(SCMBlockProtocolServer.java:182)
	at org.apache.hadoop.ozone.protocolPB.ScmBlockLocationProtocolServerSideTranslatorPB.allocateScmBlock(ScmBlockLocationProtocolServerSideTranslatorPB.java:183)
	at org.apache.hadoop.ozone.protocolPB.ScmBlockLocationProtocolServerSideTranslatorPB.processMessage(ScmBlockLocationProtocolServerSideTranslatorPB.java:141)
	at org.apache.hadoop.ozone.protocolPB.ScmBlockLocationProtocolServerSideTranslatorPB.send(ScmBlockLocationProtocolServerSideTranslatorPB.java:116)
	at org.apache.hadoop.hdds.protocol.proto.ScmBlockLocationProtocolProtos$ScmBlockLocationProtocolService$2.callBlockingMethod(ScmBlockLocationProtocolProtos.java:13157)
	at org.apache.hadoop.ipc.ProtobufRpcEngine$Server$ProtoBufRpcInvoker.call(ProtobufRpcEngine.java:524)
	at org.apache.hadoop.ipc.RPC$Server.call(RPC.java:1025)
	at org.apache.hadoop.ipc.Server$RpcCall.run(Server.java:876)
	at org.apache.hadoop.ipc.Server$RpcCall.run(Server.java:822)
	at java.security.AccessController.doPrivileged(Native Method)
	at javax.security.auth.Subject.doAs(Subject.java:422)
	at org.apache.hadoop.security.UserGroupInformation.doAs(UserGroupInformation.java:1730)
	at org.apache.hadoop.ipc.Server$Handler.run(Server.java:2682)
2019-09-25 11:00:09,581 [IPC Server handler 1 on 42768] INFO  block.BlockManagerImpl (BlockManagerImpl.java:allocateBlock(198)) - Could not find available pipeline of type:RATIS and factor:THREE even after retrying
2019-09-25 11:00:09,581 [IPC Server handler 1 on 42768] ERROR block.BlockManagerImpl (BlockManagerImpl.java:allocateBlock(222)) - Unable to allocate a block for the size: 800, type: RATIS, factor: THREE
2019-09-25 11:00:09,588 [main] INFO  ozone.MiniOzoneClusterImpl (MiniOzoneClusterImpl.java:shutdown(314)) - Shutting down the Mini Ozone Cluster
2019-09-25 11:00:09,589 [main] INFO  ozone.MiniOzoneClusterImpl (MiniOzoneClusterImpl.java:stop(330)) - Stopping the Mini Ozone Cluster
2019-09-25 11:00:09,589 [main] INFO  ozone.MiniOzoneClusterImpl (MiniOzoneClusterImpl.java:stopOM(400)) - Stopping the OzoneManager
2019-09-25 11:00:09,589 [main] INFO  ipc.Server (Server.java:stop(3082)) - Stopping server on 34126
2019-09-25 11:00:09,591 [IPC Server listener on 34126] INFO  ipc.Server (Server.java:run(1185)) - Stopping IPC Server listener on 34126
2019-09-25 11:00:09,591 [main] INFO  ratis.OzoneManagerDoubleBuffer (OzoneManagerDoubleBuffer.java:stop(248)) - Stopping OMDoubleBuffer flush thread
2019-09-25 11:00:09,591 [OMDoubleBufferFlushThread] INFO  ratis.OzoneManagerDoubleBuffer (OzoneManagerDoubleBuffer.java:flushTransactions(191)) - OMDoubleBuffer flush thread OMDoubleBufferFlushThread is interrupted and will exit. OMDoubleBufferFlushThread
2019-09-25 11:00:09,592 [IPC Server Responder] INFO  ipc.Server (Server.java:run(1319)) - Stopping IPC Server Responder
2019-09-25 11:00:09,592 [main] INFO  utils.BackgroundService (BackgroundService.java:shutdown(148)) - Shutting down service KeyDeletingService
2019-09-25 11:00:09,596 [main] INFO  handler.ContextHandler (ContextHandler.java:doStop(910)) - Stopped o.e.j.w.WebAppContext@415156bf{/,null,UNAVAILABLE}{/ozoneManager}
2019-09-25 11:00:09,625 [main] INFO  server.AbstractConnector (AbstractConnector.java:doStop(318)) - Stopped ServerConnector@393881f0{HTTP/1.1,[http/1.1]}{0.0.0.0:0}
2019-09-25 11:00:09,625 [main] INFO  handler.ContextHandler (ContextHandler.java:doStop(910)) - Stopped o.e.j.s.ServletContextHandler@3a627c80{/static,file:///workdir/hadoop-ozone/integration-test/target/test-classes/webapps/static,UNAVAILABLE}
2019-09-25 11:00:09,626 [main] INFO  handler.ContextHandler (ContextHandler.java:doStop(910)) - Stopped o.e.j.s.ServletContextHandler@20ed3303{/logs,file:///workdir/hadoop-ozone/integration-test/target/log,UNAVAILABLE}
2019-09-25 11:00:09,630 [main] INFO  ozone.MiniOzoneClusterImpl (MiniOzoneClusterImpl.java:stopDatanodes(377)) - Stopping the HddsDatanodes
2019-09-25 11:00:10,610 [Datanode State Machine Thread - 0] INFO  statemachine.DatanodeStateMachine (DatanodeStateMachine.java:lambda$startDaemon$0(350)) - Ozone container server started.
2019-09-25 11:00:10,621 [Datanode State Machine Thread - 0] INFO  statemachine.DatanodeStateMachine (DatanodeStateMachine.java:lambda$startDaemon$0(350)) - Ozone container server started.
2019-09-25 11:00:11,275 [Thread-241] INFO  impl.FollowerState (FollowerState.java:run(106)) - e32c4ad0-ba90-43ec-bb55-c70e02bd141a:group-83C9D25398C1 changes to CANDIDATE, lastRpcTime:5181, electionTimeout:5181ms
2019-09-25 11:00:11,280 [Thread-241] INFO  impl.RoleInfo (RoleInfo.java:shutdownFollowerState(121)) - e32c4ad0-ba90-43ec-bb55-c70e02bd141a: shutdown FollowerState
2019-09-25 11:00:11,280 [Thread-241] INFO  impl.RaftServerImpl (RaftServerImpl.java:setRole(174)) - e32c4ad0-ba90-43ec-bb55-c70e02bd141a@group-83C9D25398C1: changes role from  FOLLOWER to CANDIDATE at term 0 for changeToCandidate
2019-09-25 11:00:11,283 [Thread-241] INFO  impl.RoleInfo (RoleInfo.java:updateAndGet(143)) - e32c4ad0-ba90-43ec-bb55-c70e02bd141a: start LeaderElection
2019-09-25 11:00:11,303 [e32c4ad0-ba90-43ec-bb55-c70e02bd141a@group-83C9D25398C1:LeaderElection1] INFO  impl.LeaderElection (LeaderElection.java:askForVotes(182)) - e32c4ad0-ba90-43ec-bb55-c70e02bd141a@group-83C9D25398C1:LeaderElection1: begin an election at term 1 for -1: [e32c4ad0-ba90-43ec-bb55-c70e02bd141a:192.168.30.6:43545], old=null
2019-09-25 11:00:11,305 [e32c4ad0-ba90-43ec-bb55-c70e02bd141a@group-83C9D25398C1:LeaderElection1] INFO  impl.RoleInfo (RoleInfo.java:shutdownLeaderElection(134)) - e32c4ad0-ba90-43ec-bb55-c70e02bd141a: shutdown LeaderElection
2019-09-25 11:00:11,305 [e32c4ad0-ba90-43ec-bb55-c70e02bd141a@group-83C9D25398C1:LeaderElection1] INFO  impl.RaftServerImpl (RaftServerImpl.java:setRole(174)) - e32c4ad0-ba90-43ec-bb55-c70e02bd141a@group-83C9D25398C1: changes role from CANDIDATE to LEADER at term 1 for changeToLeader
2019-09-25 11:00:11,306 [e32c4ad0-ba90-43ec-bb55-c70e02bd141a@group-83C9D25398C1:LeaderElection1] INFO  impl.RaftServerImpl (ServerState.java:setLeader(253)) - e32c4ad0-ba90-43ec-bb55-c70e02bd141a@group-83C9D25398C1: change Leader from null to e32c4ad0-ba90-43ec-bb55-c70e02bd141a at term 1 for becomeLeader, leader elected after 5331ms
2019-09-25 11:00:11,315 [e32c4ad0-ba90-43ec-bb55-c70e02bd141a@group-83C9D25398C1:LeaderElection1] INFO  server.RaftServerConfigKeys (ConfUtils.java:logGet(43)) - raft.server.staging.catchup.gap = 1000 (default)
2019-09-25 11:00:11,315 [e32c4ad0-ba90-43ec-bb55-c70e02bd141a@group-83C9D25398C1:LeaderElection1] INFO  server.RaftServerConfigKeys (ConfUtils.java:logGet(43)) - raft.server.rpc.sleep.time = 25ms (default)
2019-09-25 11:00:11,319 [e32c4ad0-ba90-43ec-bb55-c70e02bd141a@group-83C9D25398C1:LeaderElection1] INFO  server.RaftServerConfigKeys (ConfUtils.java:logGet(43)) - raft.server.write.element-limit = 4096 (default)
2019-09-25 11:00:11,322 [e32c4ad0-ba90-43ec-bb55-c70e02bd141a@group-83C9D25398C1:LeaderElection1] INFO  server.RaftServerConfigKeys (ConfUtils.java:logGet(43)) - raft.server.watch.timeout = 10s (default)
2019-09-25 11:00:11,322 [e32c4ad0-ba90-43ec-bb55-c70e02bd141a@group-83C9D25398C1:LeaderElection1] INFO  server.RaftServerConfigKeys (ConfUtils.java:logGet(43)) - raft.server.watch.timeout.denomination = 1s (default)
2019-09-25 11:00:11,323 [e32c4ad0-ba90-43ec-bb55-c70e02bd141a@group-83C9D25398C1:LeaderElection1] INFO  server.RaftServerConfigKeys (ConfUtils.java:logGet(43)) - raft.server.watch.element-limit = 65536 (default)
2019-09-25 11:00:11,333 [e32c4ad0-ba90-43ec-bb55-c70e02bd141a@group-83C9D25398C1:LeaderElection1] INFO  impl.RoleInfo (RoleInfo.java:updateAndGet(143)) - e32c4ad0-ba90-43ec-bb55-c70e02bd141a: start LeaderState
2019-09-25 11:00:11,353 [e32c4ad0-ba90-43ec-bb55-c70e02bd141a@group-83C9D25398C1:LeaderElection1] INFO  segmented.SegmentedRaftLogWorker (SegmentedRaftLogWorker.java:startLogSegment(380)) - e32c4ad0-ba90-43ec-bb55-c70e02bd141a@group-83C9D25398C1-SegmentedRaftLogWorker: Starting segment from index:0
2019-09-25 11:00:11,361 [e32c4ad0-ba90-43ec-bb55-c70e02bd141a@group-83C9D25398C1:LeaderElection1] INFO  impl.RaftServerImpl (ServerState.java:setRaftConf(354)) - e32c4ad0-ba90-43ec-bb55-c70e02bd141a@group-83C9D25398C1: set configuration 0: [e32c4ad0-ba90-43ec-bb55-c70e02bd141a:192.168.30.6:43545], old=null at 0
2019-09-25 11:00:11,438 [Thread-245] INFO  impl.FollowerState (FollowerState.java:run(106)) - 642f0824-8397-42da-9ac4-13d7260e7e2f:group-D0048FDBAF30 changes to CANDIDATE, lastRpcTime:5128, electionTimeout:5126ms
2019-09-25 11:00:11,440 [Thread-245] INFO  impl.RoleInfo (RoleInfo.java:shutdownFollowerState(121)) - 642f0824-8397-42da-9ac4-13d7260e7e2f: shutdown FollowerState
2019-09-25 11:00:11,440 [Thread-245] INFO  impl.RaftServerImpl (RaftServerImpl.java:setRole(174)) - 642f0824-8397-42da-9ac4-13d7260e7e2f@group-D0048FDBAF30: changes role from  FOLLOWER to CANDIDATE at term 0 for changeToCandidate
2019-09-25 11:00:11,440 [Thread-245] INFO  impl.RoleInfo (RoleInfo.java:updateAndGet(143)) - 642f0824-8397-42da-9ac4-13d7260e7e2f: start LeaderElection
2019-09-25 11:00:11,459 [642f0824-8397-42da-9ac4-13d7260e7e2f@group-D0048FDBAF30:LeaderElection2] INFO  impl.LeaderElection (LeaderElection.java:askForVotes(182)) - 642f0824-8397-42da-9ac4-13d7260e7e2f@group-D0048FDBAF30:LeaderElection2: begin an election at term 1 for -1: [642f0824-8397-42da-9ac4-13d7260e7e2f:192.168.30.6:44587], old=null
2019-09-25 11:00:11,461 [642f0824-8397-42da-9ac4-13d7260e7e2f@group-D0048FDBAF30:LeaderElection2] INFO  impl.RoleInfo (RoleInfo.java:shutdownLeaderElection(134)) - 642f0824-8397-42da-9ac4-13d7260e7e2f: shutdown LeaderElection
2019-09-25 11:00:11,461 [642f0824-8397-42da-9ac4-13d7260e7e2f@group-D0048FDBAF30:LeaderElection2] INFO  impl.RaftServerImpl (RaftServerImpl.java:setRole(174)) - 642f0824-8397-42da-9ac4-13d7260e7e2f@group-D0048FDBAF30: changes role from CANDIDATE to LEADER at term 1 for changeToLeader
2019-09-25 11:00:11,461 [642f0824-8397-42da-9ac4-13d7260e7e2f@group-D0048FDBAF30:LeaderElection2] INFO  impl.RaftServerImpl (ServerState.java:setLeader(253)) - 642f0824-8397-42da-9ac4-13d7260e7e2f@group-D0048FDBAF30: change Leader from null to 642f0824-8397-42da-9ac4-13d7260e7e2f at term 1 for becomeLeader, leader elected after 5164ms
2019-09-25 11:00:11,463 [642f0824-8397-42da-9ac4-13d7260e7e2f@group-D0048FDBAF30:LeaderElection2] INFO  server.RaftServerConfigKeys (ConfUtils.java:logGet(43)) - raft.server.staging.catchup.gap = 1000 (default)
2019-09-25 11:00:11,463 [642f0824-8397-42da-9ac4-13d7260e7e2f@group-D0048FDBAF30:LeaderElection2] INFO  server.RaftServerConfigKeys (ConfUtils.java:logGet(43)) - raft.server.rpc.sleep.time = 25ms (default)
2019-09-25 11:00:11,464 [642f0824-8397-42da-9ac4-13d7260e7e2f@group-D0048FDBAF30:LeaderElection2] INFO  server.RaftServerConfigKeys (ConfUtils.java:logGet(43)) - raft.server.write.element-limit = 4096 (default)
2019-09-25 11:00:11,464 [642f0824-8397-42da-9ac4-13d7260e7e2f@group-D0048FDBAF30:LeaderElection2] INFO  server.RaftServerConfigKeys (ConfUtils.java:logGet(43)) - raft.server.watch.timeout = 10s (default)
2019-09-25 11:00:11,464 [642f0824-8397-42da-9ac4-13d7260e7e2f@group-D0048FDBAF30:LeaderElection2] INFO  server.RaftServerConfigKeys (ConfUtils.java:logGet(43)) - raft.server.watch.timeout.denomination = 1s (default)
2019-09-25 11:00:11,464 [642f0824-8397-42da-9ac4-13d7260e7e2f@group-D0048FDBAF30:LeaderElection2] INFO  server.RaftServerConfigKeys (ConfUtils.java:logGet(43)) - raft.server.watch.element-limit = 65536 (default)
2019-09-25 11:00:11,467 [642f0824-8397-42da-9ac4-13d7260e7e2f@group-D0048FDBAF30:LeaderElection2] INFO  impl.RoleInfo (RoleInfo.java:updateAndGet(143)) - 642f0824-8397-42da-9ac4-13d7260e7e2f: start LeaderState
2019-09-25 11:00:11,467 [642f0824-8397-42da-9ac4-13d7260e7e2f@group-D0048FDBAF30:LeaderElection2] INFO  segmented.SegmentedRaftLogWorker (SegmentedRaftLogWorker.java:startLogSegment(380)) - 642f0824-8397-42da-9ac4-13d7260e7e2f@group-D0048FDBAF30-SegmentedRaftLogWorker: Starting segment from index:0
2019-09-25 11:00:11,468 [642f0824-8397-42da-9ac4-13d7260e7e2f@group-D0048FDBAF30:LeaderElection2] INFO  impl.RaftServerImpl (ServerState.java:setRaftConf(354)) - 642f0824-8397-42da-9ac4-13d7260e7e2f@group-D0048FDBAF30: set configuration 0: [642f0824-8397-42da-9ac4-13d7260e7e2f:192.168.30.6:44587], old=null at 0
2019-09-25 11:00:11,546 [e32c4ad0-ba90-43ec-bb55-c70e02bd141a@group-83C9D25398C1-SegmentedRaftLogWorker] INFO  segmented.SegmentedRaftLogWorker (SegmentedRaftLogWorker.java:execute(569)) - e32c4ad0-ba90-43ec-bb55-c70e02bd141a@group-83C9D25398C1-SegmentedRaftLogWorker: created new log segment /workdir/hadoop-ozone/integration-test/target/test-dir/MiniOzoneClusterImpl-cb8ecd13-95cc-47fe-8445-93be882af5d4/datanode-0/data/ratis/f2570b4b-1cfb-41ff-b9f6-83c9d25398c1/current/log_inprogress_0
2019-09-25 11:00:11,548 [642f0824-8397-42da-9ac4-13d7260e7e2f@group-D0048FDBAF30-SegmentedRaftLogWorker] INFO  segmented.SegmentedRaftLogWorker (SegmentedRaftLogWorker.java:execute(569)) - 642f0824-8397-42da-9ac4-13d7260e7e2f@group-D0048FDBAF30-SegmentedRaftLogWorker: created new log segment /workdir/hadoop-ozone/integration-test/target/test-dir/MiniOzoneClusterImpl-cb8ecd13-95cc-47fe-8445-93be882af5d4/datanode-4/data/ratis/9df8850f-ed56-4222-a472-d0048fdbaf30/current/log_inprogress_0
2019-09-25 11:00:11,647 [Thread-249] INFO  impl.FollowerState (FollowerState.java:run(106)) - 87c8d9bf-e5fd-4c93-82d7-07f29d18cd92:group-AF68702B1EC0 changes to CANDIDATE, lastRpcTime:5177, electionTimeout:5177ms
2019-09-25 11:00:11,647 [Thread-249] INFO  impl.RoleInfo (RoleInfo.java:shutdownFollowerState(121)) - 87c8d9bf-e5fd-4c93-82d7-07f29d18cd92: shutdown FollowerState
2019-09-25 11:00:11,647 [Thread-249] INFO  impl.RaftServerImpl (RaftServerImpl.java:setRole(174)) - 87c8d9bf-e5fd-4c93-82d7-07f29d18cd92@group-AF68702B1EC0: changes role from  FOLLOWER to CANDIDATE at term 0 for changeToCandidate
2019-09-25 11:00:11,648 [Thread-249] INFO  impl.RoleInfo (RoleInfo.java:updateAndGet(143)) - 87c8d9bf-e5fd-4c93-82d7-07f29d18cd92: start LeaderElection
2019-09-25 11:00:11,669 [87c8d9bf-e5fd-4c93-82d7-07f29d18cd92@group-AF68702B1EC0:LeaderElection3] INFO  impl.LeaderElection (LeaderElection.java:askForVotes(182)) - 87c8d9bf-e5fd-4c93-82d7-07f29d18cd92@group-AF68702B1EC0:LeaderElection3: begin an election at term 1 for -1: [87c8d9bf-e5fd-4c93-82d7-07f29d18cd92:192.168.30.6:45400], old=null
2019-09-25 11:00:11,669 [87c8d9bf-e5fd-4c93-82d7-07f29d18cd92@group-AF68702B1EC0:LeaderElection3] INFO  impl.RoleInfo (RoleInfo.java:shutdownLeaderElection(134)) - 87c8d9bf-e5fd-4c93-82d7-07f29d18cd92: shutdown LeaderElection
2019-09-25 11:00:11,670 [87c8d9bf-e5fd-4c93-82d7-07f29d18cd92@group-AF68702B1EC0:LeaderElection3] INFO  impl.RaftServerImpl (RaftServerImpl.java:setRole(174)) - 87c8d9bf-e5fd-4c93-82d7-07f29d18cd92@group-AF68702B1EC0: changes role from CANDIDATE to LEADER at term 1 for changeToLeader
2019-09-25 11:00:11,670 [87c8d9bf-e5fd-4c93-82d7-07f29d18cd92@group-AF68702B1EC0:LeaderElection3] INFO  impl.RaftServerImpl (ServerState.java:setLeader(253)) - 87c8d9bf-e5fd-4c93-82d7-07f29d18cd92@group-AF68702B1EC0: change Leader from null to 87c8d9bf-e5fd-4c93-82d7-07f29d18cd92 at term 1 for becomeLeader, leader elected after 5247ms
2019-09-25 11:00:11,673 [87c8d9bf-e5fd-4c93-82d7-07f29d18cd92@group-AF68702B1EC0:LeaderElection3] INFO  server.RaftServerConfigKeys (ConfUtils.java:logGet(43)) - raft.server.staging.catchup.gap = 1000 (default)
2019-09-25 11:00:11,673 [87c8d9bf-e5fd-4c93-82d7-07f29d18cd92@group-AF68702B1EC0:LeaderElection3] INFO  server.RaftServerConfigKeys (ConfUtils.java:logGet(43)) - raft.server.rpc.sleep.time = 25ms (default)
2019-09-25 11:00:11,673 [87c8d9bf-e5fd-4c93-82d7-07f29d18cd92@group-AF68702B1EC0:LeaderElection3] INFO  server.RaftServerConfigKeys (ConfUtils.java:logGet(43)) - raft.server.write.element-limit = 4096 (default)
2019-09-25 11:00:11,673 [87c8d9bf-e5fd-4c93-82d7-07f29d18cd92@group-AF68702B1EC0:LeaderElection3] INFO  server.RaftServerConfigKeys (ConfUtils.java:logGet(43)) - raft.server.watch.timeout = 10s (default)
2019-09-25 11:00:11,674 [87c8d9bf-e5fd-4c93-82d7-07f29d18cd92@group-AF68702B1EC0:LeaderElection3] INFO  server.RaftServerConfigKeys (ConfUtils.java:logGet(43)) - raft.server.watch.timeout.denomination = 1s (default)
2019-09-25 11:00:11,674 [87c8d9bf-e5fd-4c93-82d7-07f29d18cd92@group-AF68702B1EC0:LeaderElection3] INFO  server.RaftServerConfigKeys (ConfUtils.java:logGet(43)) - raft.server.watch.element-limit = 65536 (default)
2019-09-25 11:00:11,677 [87c8d9bf-e5fd-4c93-82d7-07f29d18cd92@group-AF68702B1EC0:LeaderElection3] INFO  impl.RoleInfo (RoleInfo.java:updateAndGet(143)) - 87c8d9bf-e5fd-4c93-82d7-07f29d18cd92: start LeaderState
2019-09-25 11:00:11,678 [87c8d9bf-e5fd-4c93-82d7-07f29d18cd92@group-AF68702B1EC0:LeaderElection3] INFO  segmented.SegmentedRaftLogWorker (SegmentedRaftLogWorker.java:startLogSegment(380)) - 87c8d9bf-e5fd-4c93-82d7-07f29d18cd92@group-AF68702B1EC0-SegmentedRaftLogWorker: Starting segment from index:0
2019-09-25 11:00:11,678 [87c8d9bf-e5fd-4c93-82d7-07f29d18cd92@group-AF68702B1EC0:LeaderElection3] INFO  impl.RaftServerImpl (ServerState.java:setRaftConf(354)) - 87c8d9bf-e5fd-4c93-82d7-07f29d18cd92@group-AF68702B1EC0: set configuration 0: [87c8d9bf-e5fd-4c93-82d7-07f29d18cd92:192.168.30.6:45400], old=null at 0
2019-09-25 11:00:11,736 [87c8d9bf-e5fd-4c93-82d7-07f29d18cd92@group-AF68702B1EC0-SegmentedRaftLogWorker] INFO  segmented.SegmentedRaftLogWorker (SegmentedRaftLogWorker.java:execute(569)) - 87c8d9bf-e5fd-4c93-82d7-07f29d18cd92@group-AF68702B1EC0-SegmentedRaftLogWorker: created new log segment /workdir/hadoop-ozone/integration-test/target/test-dir/MiniOzoneClusterImpl-cb8ecd13-95cc-47fe-8445-93be882af5d4/datanode-5/data/ratis/c461b102-c7c0-4585-8ba9-af68702b1ec0/current/log_inprogress_0
2019-09-25 11:00:11,763 [Thread-255] INFO  impl.FollowerState (FollowerState.java:run(106)) - 5f9a0e92-828f-4406-8370-fc24211be18d:group-A3C8774EE2AF changes to CANDIDATE, lastRpcTime:5082, electionTimeout:5082ms
2019-09-25 11:00:11,763 [Thread-255] INFO  impl.RoleInfo (RoleInfo.java:shutdownFollowerState(121)) - 5f9a0e92-828f-4406-8370-fc24211be18d: shutdown FollowerState
2019-09-25 11:00:11,763 [Thread-255] INFO  impl.RaftServerImpl (RaftServerImpl.java:setRole(174)) - 5f9a0e92-828f-4406-8370-fc24211be18d@group-A3C8774EE2AF: changes role from  FOLLOWER to CANDIDATE at term 0 for changeToCandidate
2019-09-25 11:00:11,764 [Thread-255] INFO  impl.RoleInfo (RoleInfo.java:updateAndGet(143)) - 5f9a0e92-828f-4406-8370-fc24211be18d: start LeaderElection
2019-09-25 11:00:11,785 [5f9a0e92-828f-4406-8370-fc24211be18d@group-A3C8774EE2AF:LeaderElection4] INFO  impl.LeaderElection (LeaderElection.java:askForVotes(182)) - 5f9a0e92-828f-4406-8370-fc24211be18d@group-A3C8774EE2AF:LeaderElection4: begin an election at term 1 for -1: [5f9a0e92-828f-4406-8370-fc24211be18d:192.168.30.6:38144], old=null
2019-09-25 11:00:11,785 [5f9a0e92-828f-4406-8370-fc24211be18d@group-A3C8774EE2AF:LeaderElection4] INFO  impl.RoleInfo (RoleInfo.java:shutdownLeaderElection(134)) - 5f9a0e92-828f-4406-8370-fc24211be18d: shutdown LeaderElection
2019-09-25 11:00:11,786 [5f9a0e92-828f-4406-8370-fc24211be18d@group-A3C8774EE2AF:LeaderElection4] INFO  impl.RaftServerImpl (RaftServerImpl.java:setRole(174)) - 5f9a0e92-828f-4406-8370-fc24211be18d@group-A3C8774EE2AF: changes role from CANDIDATE to LEADER at term 1 for changeToLeader
2019-09-25 11:00:11,786 [5f9a0e92-828f-4406-8370-fc24211be18d@group-A3C8774EE2AF:LeaderElection4] INFO  impl.RaftServerImpl (ServerState.java:setLeader(253)) - 5f9a0e92-828f-4406-8370-fc24211be18d@group-A3C8774EE2AF: change Leader from null to 5f9a0e92-828f-4406-8370-fc24211be18d at term 1 for becomeLeader, leader elected after 5120ms
2019-09-25 11:00:11,788 [5f9a0e92-828f-4406-8370-fc24211be18d@group-A3C8774EE2AF:LeaderElection4] INFO  server.RaftServerConfigKeys (ConfUtils.java:logGet(43)) - raft.server.staging.catchup.gap = 1000 (default)
2019-09-25 11:00:11,789 [5f9a0e92-828f-4406-8370-fc24211be18d@group-A3C8774EE2AF:LeaderElection4] INFO  server.RaftServerConfigKeys (ConfUtils.java:logGet(43)) - raft.server.rpc.sleep.time = 25ms (default)
2019-09-25 11:00:11,789 [5f9a0e92-828f-4406-8370-fc24211be18d@group-A3C8774EE2AF:LeaderElection4] INFO  server.RaftServerConfigKeys (ConfUtils.java:logGet(43)) - raft.server.write.element-limit = 4096 (default)
2019-09-25 11:00:11,789 [5f9a0e92-828f-4406-8370-fc24211be18d@group-A3C8774EE2AF:LeaderElection4] INFO  server.RaftServerConfigKeys (ConfUtils.java:logGet(43)) - raft.server.watch.timeout = 10s (default)
2019-09-25 11:00:11,789 [5f9a0e92-828f-4406-8370-fc24211be18d@group-A3C8774EE2AF:LeaderElection4] INFO  server.RaftServerConfigKeys (ConfUtils.java:logGet(43)) - raft.server.watch.timeout.denomination = 1s (default)
2019-09-25 11:00:11,789 [5f9a0e92-828f-4406-8370-fc24211be18d@group-A3C8774EE2AF:LeaderElection4] INFO  server.RaftServerConfigKeys (ConfUtils.java:logGet(43)) - raft.server.watch.element-limit = 65536 (default)
2019-09-25 11:00:11,792 [5f9a0e92-828f-4406-8370-fc24211be18d@group-A3C8774EE2AF:LeaderElection4] INFO  impl.RoleInfo (RoleInfo.java:updateAndGet(143)) - 5f9a0e92-828f-4406-8370-fc24211be18d: start LeaderState
2019-09-25 11:00:11,793 [5f9a0e92-828f-4406-8370-fc24211be18d@group-A3C8774EE2AF:LeaderElection4] INFO  segmented.SegmentedRaftLogWorker (SegmentedRaftLogWorker.java:startLogSegment(380)) - 5f9a0e92-828f-4406-8370-fc24211be18d@group-A3C8774EE2AF-SegmentedRaftLogWorker: Starting segment from index:0
2019-09-25 11:00:11,793 [5f9a0e92-828f-4406-8370-fc24211be18d@group-A3C8774EE2AF:LeaderElection4] INFO  impl.RaftServerImpl (ServerState.java:setRaftConf(354)) - 5f9a0e92-828f-4406-8370-fc24211be18d@group-A3C8774EE2AF: set configuration 0: [5f9a0e92-828f-4406-8370-fc24211be18d:192.168.30.6:38144], old=null at 0
2019-09-25 11:00:11,829 [Thread-252] INFO  impl.FollowerState (FollowerState.java:run(106)) - 10236b5f-bff6-485e-aafa-3b26ea1d6574:group-0B0A90638D0B changes to CANDIDATE, lastRpcTime:5233, electionTimeout:5199ms
2019-09-25 11:00:11,829 [Thread-252] INFO  impl.RoleInfo (RoleInfo.java:shutdownFollowerState(121)) - 10236b5f-bff6-485e-aafa-3b26ea1d6574: shutdown FollowerState
2019-09-25 11:00:11,829 [Thread-252] INFO  impl.RaftServerImpl (RaftServerImpl.java:setRole(174)) - 10236b5f-bff6-485e-aafa-3b26ea1d6574@group-0B0A90638D0B: changes role from  FOLLOWER to CANDIDATE at term 0 for changeToCandidate
2019-09-25 11:00:11,829 [Thread-252] INFO  impl.RoleInfo (RoleInfo.java:updateAndGet(143)) - 10236b5f-bff6-485e-aafa-3b26ea1d6574: start LeaderElection
2019-09-25 11:00:11,842 [5f9a0e92-828f-4406-8370-fc24211be18d@group-A3C8774EE2AF-SegmentedRaftLogWorker] INFO  segmented.SegmentedRaftLogWorker (SegmentedRaftLogWorker.java:execute(569)) - 5f9a0e92-828f-4406-8370-fc24211be18d@group-A3C8774EE2AF-SegmentedRaftLogWorker: created new log segment /workdir/hadoop-ozone/integration-test/target/test-dir/MiniOzoneClusterImpl-cb8ecd13-95cc-47fe-8445-93be882af5d4/datanode-3/data/ratis/4ff83ca9-56ad-4aa1-8981-a3c8774ee2af/current/log_inprogress_0
2019-09-25 11:00:11,842 [10236b5f-bff6-485e-aafa-3b26ea1d6574@group-0B0A90638D0B:LeaderElection5] INFO  impl.LeaderElection (LeaderElection.java:askForVotes(182)) - 10236b5f-bff6-485e-aafa-3b26ea1d6574@group-0B0A90638D0B:LeaderElection5: begin an election at term 1 for -1: [10236b5f-bff6-485e-aafa-3b26ea1d6574:192.168.30.6:44690], old=null
2019-09-25 11:00:11,842 [10236b5f-bff6-485e-aafa-3b26ea1d6574@group-0B0A90638D0B:LeaderElection5] INFO  impl.RoleInfo (RoleInfo.java:shutdownLeaderElection(134)) - 10236b5f-bff6-485e-aafa-3b26ea1d6574: shutdown LeaderElection
2019-09-25 11:00:11,842 [10236b5f-bff6-485e-aafa-3b26ea1d6574@group-0B0A90638D0B:LeaderElection5] INFO  impl.RaftServerImpl (RaftServerImpl.java:setRole(174)) - 10236b5f-bff6-485e-aafa-3b26ea1d6574@group-0B0A90638D0B: changes role from CANDIDATE to LEADER at term 1 for changeToLeader
2019-09-25 11:00:11,843 [10236b5f-bff6-485e-aafa-3b26ea1d6574@group-0B0A90638D0B:LeaderElection5] INFO  impl.RaftServerImpl (ServerState.java:setLeader(253)) - 10236b5f-bff6-485e-aafa-3b26ea1d6574@group-0B0A90638D0B: change Leader from null to 10236b5f-bff6-485e-aafa-3b26ea1d6574 at term 1 for becomeLeader, leader elected after 5286ms
2019-09-25 11:00:11,845 [10236b5f-bff6-485e-aafa-3b26ea1d6574@group-0B0A90638D0B:LeaderElection5] INFO  server.RaftServerConfigKeys (ConfUtils.java:logGet(43)) - raft.server.staging.catchup.gap = 1000 (default)
2019-09-25 11:00:11,845 [10236b5f-bff6-485e-aafa-3b26ea1d6574@group-0B0A90638D0B:LeaderElection5] INFO  server.RaftServerConfigKeys (ConfUtils.java:logGet(43)) - raft.server.rpc.sleep.time = 25ms (default)
2019-09-25 11:00:11,845 [10236b5f-bff6-485e-aafa-3b26ea1d6574@group-0B0A90638D0B:LeaderElection5] INFO  server.RaftServerConfigKeys (ConfUtils.java:logGet(43)) - raft.server.write.element-limit = 4096 (default)
2019-09-25 11:00:11,845 [10236b5f-bff6-485e-aafa-3b26ea1d6574@group-0B0A90638D0B:LeaderElection5] INFO  server.RaftServerConfigKeys (ConfUtils.java:logGet(43)) - raft.server.watch.timeout = 10s (default)
2019-09-25 11:00:11,846 [10236b5f-bff6-485e-aafa-3b26ea1d6574@group-0B0A90638D0B:LeaderElection5] INFO  server.RaftServerConfigKeys (ConfUtils.java:logGet(43)) - raft.server.watch.timeout.denomination = 1s (default)
2019-09-25 11:00:11,846 [10236b5f-bff6-485e-aafa-3b26ea1d6574@group-0B0A90638D0B:LeaderElection5] INFO  server.RaftServerConfigKeys (ConfUtils.java:logGet(43)) - raft.server.watch.element-limit = 65536 (default)
2019-09-25 11:00:11,849 [10236b5f-bff6-485e-aafa-3b26ea1d6574@group-0B0A90638D0B:LeaderElection5] INFO  impl.RoleInfo (RoleInfo.java:updateAndGet(143)) - 10236b5f-bff6-485e-aafa-3b26ea1d6574: start LeaderState
2019-09-25 11:00:11,849 [10236b5f-bff6-485e-aafa-3b26ea1d6574@group-0B0A90638D0B:LeaderElection5] INFO  segmented.SegmentedRaftLogWorker (SegmentedRaftLogWorker.java:startLogSegment(380)) - 10236b5f-bff6-485e-aafa-3b26ea1d6574@group-0B0A90638D0B-SegmentedRaftLogWorker: Starting segment from index:0
2019-09-25 11:00:11,849 [10236b5f-bff6-485e-aafa-3b26ea1d6574@group-0B0A90638D0B:LeaderElection5] INFO  impl.RaftServerImpl (ServerState.java:setRaftConf(354)) - 10236b5f-bff6-485e-aafa-3b26ea1d6574@group-0B0A90638D0B: set configuration 0: [10236b5f-bff6-485e-aafa-3b26ea1d6574:192.168.30.6:44690], old=null at 0
2019-09-25 11:00:11,886 [Thread-261] INFO  impl.FollowerState (FollowerState.java:run(106)) - 642f0824-8397-42da-9ac4-13d7260e7e2f:group-AEC2F25C6B8D changes to CANDIDATE, lastRpcTime:5059, electionTimeout:5049ms
2019-09-25 11:00:11,886 [Thread-261] INFO  impl.RoleInfo (RoleInfo.java:shutdownFollowerState(121)) - 642f0824-8397-42da-9ac4-13d7260e7e2f: shutdown FollowerState
2019-09-25 11:00:11,887 [Thread-261] INFO  impl.RaftServerImpl (RaftServerImpl.java:setRole(174)) - 642f0824-8397-42da-9ac4-13d7260e7e2f@group-AEC2F25C6B8D: changes role from  FOLLOWER to CANDIDATE at term 0 for changeToCandidate
2019-09-25 11:00:11,887 [Thread-261] INFO  impl.RoleInfo (RoleInfo.java:updateAndGet(143)) - 642f0824-8397-42da-9ac4-13d7260e7e2f: start LeaderElection
2019-09-25 11:00:11,889 [Thread-258] INFO  impl.FollowerState (FollowerState.java:run(106)) - 87c8d9bf-e5fd-4c93-82d7-07f29d18cd92:group-56F61432CDAA changes to CANDIDATE, lastRpcTime:5135, electionTimeout:5133ms
2019-09-25 11:00:11,894 [Thread-258] INFO  impl.RoleInfo (RoleInfo.java:shutdownFollowerState(121)) - 87c8d9bf-e5fd-4c93-82d7-07f29d18cd92: shutdown FollowerState
2019-09-25 11:00:11,894 [Thread-258] INFO  impl.RaftServerImpl (RaftServerImpl.java:setRole(174)) - 87c8d9bf-e5fd-4c93-82d7-07f29d18cd92@group-56F61432CDAA: changes role from  FOLLOWER to CANDIDATE at term 0 for changeToCandidate
2019-09-25 11:00:11,894 [Thread-258] INFO  impl.RoleInfo (RoleInfo.java:updateAndGet(143)) - 87c8d9bf-e5fd-4c93-82d7-07f29d18cd92: start LeaderElection
2019-09-25 11:00:11,901 [10236b5f-bff6-485e-aafa-3b26ea1d6574@group-0B0A90638D0B-SegmentedRaftLogWorker] INFO  segmented.SegmentedRaftLogWorker (SegmentedRaftLogWorker.java:execute(569)) - 10236b5f-bff6-485e-aafa-3b26ea1d6574@group-0B0A90638D0B-SegmentedRaftLogWorker: created new log segment /workdir/hadoop-ozone/integration-test/target/test-dir/MiniOzoneClusterImpl-cb8ecd13-95cc-47fe-8445-93be882af5d4/datanode-6/data/ratis/f13a0b49-22ef-47d1-af67-0b0a90638d0b/current/log_inprogress_0
2019-09-25 11:00:11,901 [642f0824-8397-42da-9ac4-13d7260e7e2f@group-AEC2F25C6B8D:LeaderElection6] INFO  impl.LeaderElection (LeaderElection.java:askForVotes(182)) - 642f0824-8397-42da-9ac4-13d7260e7e2f@group-AEC2F25C6B8D:LeaderElection6: begin an election at term 1 for -1: [642f0824-8397-42da-9ac4-13d7260e7e2f:192.168.30.6:44587], old=null
2019-09-25 11:00:11,901 [642f0824-8397-42da-9ac4-13d7260e7e2f@group-AEC2F25C6B8D:LeaderElection6] INFO  impl.RoleInfo (RoleInfo.java:shutdownLeaderElection(134)) - 642f0824-8397-42da-9ac4-13d7260e7e2f: shutdown LeaderElection
2019-09-25 11:00:11,901 [642f0824-8397-42da-9ac4-13d7260e7e2f@group-AEC2F25C6B8D:LeaderElection6] INFO  impl.RaftServerImpl (RaftServerImpl.java:setRole(174)) - 642f0824-8397-42da-9ac4-13d7260e7e2f@group-AEC2F25C6B8D: changes role from CANDIDATE to LEADER at term 1 for changeToLeader
2019-09-25 11:00:11,901 [642f0824-8397-42da-9ac4-13d7260e7e2f@group-AEC2F25C6B8D:LeaderElection6] INFO  impl.RaftServerImpl (ServerState.java:setLeader(253)) - 642f0824-8397-42da-9ac4-13d7260e7e2f@group-AEC2F25C6B8D: change Leader from null to 642f0824-8397-42da-9ac4-13d7260e7e2f at term 1 for becomeLeader, leader elected after 5082ms
2019-09-25 11:00:11,901 [642f0824-8397-42da-9ac4-13d7260e7e2f@group-AEC2F25C6B8D:LeaderElection6] INFO  server.RaftServerConfigKeys (ConfUtils.java:logGet(43)) - raft.server.staging.catchup.gap = 1000 (default)
2019-09-25 11:00:11,901 [642f0824-8397-42da-9ac4-13d7260e7e2f@group-AEC2F25C6B8D:LeaderElection6] INFO  server.RaftServerConfigKeys (ConfUtils.java:logGet(43)) - raft.server.rpc.sleep.time = 25ms (default)
2019-09-25 11:00:11,902 [642f0824-8397-42da-9ac4-13d7260e7e2f@group-AEC2F25C6B8D:LeaderElection6] INFO  server.RaftServerConfigKeys (ConfUtils.java:logGet(43)) - raft.server.write.element-limit = 4096 (default)
2019-09-25 11:00:11,902 [642f0824-8397-42da-9ac4-13d7260e7e2f@group-AEC2F25C6B8D:LeaderElection6] INFO  server.RaftServerConfigKeys (ConfUtils.java:logGet(43)) - raft.server.watch.timeout = 10s (default)
2019-09-25 11:00:11,902 [642f0824-8397-42da-9ac4-13d7260e7e2f@group-AEC2F25C6B8D:LeaderElection6] INFO  server.RaftServerConfigKeys (ConfUtils.java:logGet(43)) - raft.server.watch.timeout.denomination = 1s (default)
2019-09-25 11:00:11,902 [642f0824-8397-42da-9ac4-13d7260e7e2f@group-AEC2F25C6B8D:LeaderElection6] INFO  server.RaftServerConfigKeys (ConfUtils.java:logGet(43)) - raft.server.watch.element-limit = 65536 (default)
2019-09-25 11:00:11,905 [642f0824-8397-42da-9ac4-13d7260e7e2f@group-AEC2F25C6B8D:LeaderElection6] INFO  impl.RoleInfo (RoleInfo.java:updateAndGet(143)) - 642f0824-8397-42da-9ac4-13d7260e7e2f: start LeaderState
2019-09-25 11:00:11,905 [642f0824-8397-42da-9ac4-13d7260e7e2f@group-AEC2F25C6B8D:LeaderElection6] INFO  segmented.SegmentedRaftLogWorker (SegmentedRaftLogWorker.java:startLogSegment(380)) - 642f0824-8397-42da-9ac4-13d7260e7e2f@group-AEC2F25C6B8D-SegmentedRaftLogWorker: Starting segment from index:0
2019-09-25 11:00:11,905 [642f0824-8397-42da-9ac4-13d7260e7e2f@group-AEC2F25C6B8D:LeaderElection6] INFO  impl.RaftServerImpl (ServerState.java:setRaftConf(354)) - 642f0824-8397-42da-9ac4-13d7260e7e2f@group-AEC2F25C6B8D: set configuration 0: [642f0824-8397-42da-9ac4-13d7260e7e2f:192.168.30.6:44587], old=null at 0
2019-09-25 11:00:11,941 [87c8d9bf-e5fd-4c93-82d7-07f29d18cd92@group-56F61432CDAA:LeaderElection7] INFO  impl.LeaderElection (LeaderElection.java:askForVotes(182)) - 87c8d9bf-e5fd-4c93-82d7-07f29d18cd92@group-56F61432CDAA:LeaderElection7: begin an election at term 1 for -1: [87c8d9bf-e5fd-4c93-82d7-07f29d18cd92:192.168.30.6:45400], old=null
2019-09-25 11:00:11,941 [87c8d9bf-e5fd-4c93-82d7-07f29d18cd92@group-56F61432CDAA:LeaderElection7] INFO  impl.RoleInfo (RoleInfo.java:shutdownLeaderElection(134)) - 87c8d9bf-e5fd-4c93-82d7-07f29d18cd92: shutdown LeaderElection
2019-09-25 11:00:11,942 [87c8d9bf-e5fd-4c93-82d7-07f29d18cd92@group-56F61432CDAA:LeaderElection7] INFO  impl.RaftServerImpl (RaftServerImpl.java:setRole(174)) - 87c8d9bf-e5fd-4c93-82d7-07f29d18cd92@group-56F61432CDAA: changes role from CANDIDATE to LEADER at term 1 for changeToLeader
2019-09-25 11:00:11,942 [87c8d9bf-e5fd-4c93-82d7-07f29d18cd92@group-56F61432CDAA:LeaderElection7] INFO  impl.RaftServerImpl (ServerState.java:setLeader(253)) - 87c8d9bf-e5fd-4c93-82d7-07f29d18cd92@group-56F61432CDAA: change Leader from null to 87c8d9bf-e5fd-4c93-82d7-07f29d18cd92 at term 1 for becomeLeader, leader elected after 5194ms
2019-09-25 11:00:11,942 [87c8d9bf-e5fd-4c93-82d7-07f29d18cd92@group-56F61432CDAA:LeaderElection7] INFO  server.RaftServerConfigKeys (ConfUtils.java:logGet(43)) - raft.server.staging.catchup.gap = 1000 (default)
2019-09-25 11:00:11,942 [87c8d9bf-e5fd-4c93-82d7-07f29d18cd92@group-56F61432CDAA:LeaderElection7] INFO  server.RaftServerConfigKeys (ConfUtils.java:logGet(43)) - raft.server.rpc.sleep.time = 25ms (default)
2019-09-25 11:00:11,942 [87c8d9bf-e5fd-4c93-82d7-07f29d18cd92@group-56F61432CDAA:LeaderElection7] INFO  server.RaftServerConfigKeys (ConfUtils.java:logGet(43)) - raft.server.write.element-limit = 4096 (default)
2019-09-25 11:00:11,942 [87c8d9bf-e5fd-4c93-82d7-07f29d18cd92@group-56F61432CDAA:LeaderElection7] INFO  server.RaftServerConfigKeys (ConfUtils.java:logGet(43)) - raft.server.watch.timeout = 10s (default)
2019-09-25 11:00:11,943 [87c8d9bf-e5fd-4c93-82d7-07f29d18cd92@group-56F61432CDAA:LeaderElection7] INFO  server.RaftServerConfigKeys (ConfUtils.java:logGet(43)) - raft.server.watch.timeout.denomination = 1s (default)
2019-09-25 11:00:11,943 [87c8d9bf-e5fd-4c93-82d7-07f29d18cd92@group-56F61432CDAA:LeaderElection7] INFO  server.RaftServerConfigKeys (ConfUtils.java:logGet(43)) - raft.server.watch.element-limit = 65536 (default)
2019-09-25 11:00:11,946 [87c8d9bf-e5fd-4c93-82d7-07f29d18cd92@group-56F61432CDAA:LeaderElection7] INFO  impl.RoleInfo (RoleInfo.java:updateAndGet(143)) - 87c8d9bf-e5fd-4c93-82d7-07f29d18cd92: start LeaderState
2019-09-25 11:00:11,946 [87c8d9bf-e5fd-4c93-82d7-07f29d18cd92@group-56F61432CDAA:LeaderElection7] INFO  segmented.SegmentedRaftLogWorker (SegmentedRaftLogWorker.java:startLogSegment(380)) - 87c8d9bf-e5fd-4c93-82d7-07f29d18cd92@group-56F61432CDAA-SegmentedRaftLogWorker: Starting segment from index:0
2019-09-25 11:00:11,947 [87c8d9bf-e5fd-4c93-82d7-07f29d18cd92@group-56F61432CDAA:LeaderElection7] INFO  impl.RaftServerImpl (ServerState.java:setRaftConf(354)) - 87c8d9bf-e5fd-4c93-82d7-07f29d18cd92@group-56F61432CDAA: set configuration 0: [87c8d9bf-e5fd-4c93-82d7-07f29d18cd92:192.168.30.6:45400], old=null at 0
2019-09-25 11:00:11,978 [642f0824-8397-42da-9ac4-13d7260e7e2f@group-AEC2F25C6B8D-SegmentedRaftLogWorker] INFO  segmented.SegmentedRaftLogWorker (SegmentedRaftLogWorker.java:execute(569)) - 642f0824-8397-42da-9ac4-13d7260e7e2f@group-AEC2F25C6B8D-SegmentedRaftLogWorker: created new log segment /workdir/hadoop-ozone/integration-test/target/test-dir/MiniOzoneClusterImpl-cb8ecd13-95cc-47fe-8445-93be882af5d4/datanode-4/data/ratis/bb713445-c486-4c7f-a202-aec2f25c6b8d/current/log_inprogress_0
2019-09-25 11:00:11,997 [87c8d9bf-e5fd-4c93-82d7-07f29d18cd92@group-56F61432CDAA-SegmentedRaftLogWorker] INFO  segmented.SegmentedRaftLogWorker (SegmentedRaftLogWorker.java:execute(569)) - 87c8d9bf-e5fd-4c93-82d7-07f29d18cd92@group-56F61432CDAA-SegmentedRaftLogWorker: created new log segment /workdir/hadoop-ozone/integration-test/target/test-dir/MiniOzoneClusterImpl-cb8ecd13-95cc-47fe-8445-93be882af5d4/datanode-5/data/ratis/e9635449-e46b-4dad-b77a-56f61432cdaa/current/log_inprogress_0
2019-09-25 11:00:12,065 [Thread-264] INFO  impl.FollowerState (FollowerState.java:run(106)) - b9731c9a-07e8-4827-9eb9-5f784fb447b9:group-C7E7E188FD92 changes to CANDIDATE, lastRpcTime:5160, electionTimeout:5160ms
2019-09-25 11:00:12,065 [Thread-264] INFO  impl.RoleInfo (RoleInfo.java:shutdownFollowerState(121)) - b9731c9a-07e8-4827-9eb9-5f784fb447b9: shutdown FollowerState
2019-09-25 11:00:12,065 [Thread-264] INFO  impl.RaftServerImpl (RaftServerImpl.java:setRole(174)) - b9731c9a-07e8-4827-9eb9-5f784fb447b9@group-C7E7E188FD92: changes role from  FOLLOWER to CANDIDATE at term 0 for changeToCandidate
2019-09-25 11:00:12,066 [Thread-264] INFO  impl.RoleInfo (RoleInfo.java:updateAndGet(143)) - b9731c9a-07e8-4827-9eb9-5f784fb447b9: start LeaderElection
2019-09-25 11:00:12,088 [b9731c9a-07e8-4827-9eb9-5f784fb447b9@group-C7E7E188FD92:LeaderElection8] INFO  impl.LeaderElection (LeaderElection.java:askForVotes(182)) - b9731c9a-07e8-4827-9eb9-5f784fb447b9@group-C7E7E188FD92:LeaderElection8: begin an election at term 1 for -1: [b9731c9a-07e8-4827-9eb9-5f784fb447b9:192.168.30.6:46688], old=null
2019-09-25 11:00:12,088 [b9731c9a-07e8-4827-9eb9-5f784fb447b9@group-C7E7E188FD92:LeaderElection8] INFO  impl.RoleInfo (RoleInfo.java:shutdownLeaderElection(134)) - b9731c9a-07e8-4827-9eb9-5f784fb447b9: shutdown LeaderElection
2019-09-25 11:00:12,088 [b9731c9a-07e8-4827-9eb9-5f784fb447b9@group-C7E7E188FD92:LeaderElection8] INFO  impl.RaftServerImpl (RaftServerImpl.java:setRole(174)) - b9731c9a-07e8-4827-9eb9-5f784fb447b9@group-C7E7E188FD92: changes role from CANDIDATE to LEADER at term 1 for changeToLeader
2019-09-25 11:00:12,088 [b9731c9a-07e8-4827-9eb9-5f784fb447b9@group-C7E7E188FD92:LeaderElection8] INFO  impl.RaftServerImpl (ServerState.java:setLeader(253)) - b9731c9a-07e8-4827-9eb9-5f784fb447b9@group-C7E7E188FD92: change Leader from null to b9731c9a-07e8-4827-9eb9-5f784fb447b9 at term 1 for becomeLeader, leader elected after 5195ms
2019-09-25 11:00:12,091 [b9731c9a-07e8-4827-9eb9-5f784fb447b9@group-C7E7E188FD92:LeaderElection8] INFO  server.RaftServerConfigKeys (ConfUtils.java:logGet(43)) - raft.server.staging.catchup.gap = 1000 (default)
2019-09-25 11:00:12,091 [b9731c9a-07e8-4827-9eb9-5f784fb447b9@group-C7E7E188FD92:LeaderElection8] INFO  server.RaftServerConfigKeys (ConfUtils.java:logGet(43)) - raft.server.rpc.sleep.time = 25ms (default)
2019-09-25 11:00:12,091 [b9731c9a-07e8-4827-9eb9-5f784fb447b9@group-C7E7E188FD92:LeaderElection8] INFO  server.RaftServerConfigKeys (ConfUtils.java:logGet(43)) - raft.server.write.element-limit = 4096 (default)
2019-09-25 11:00:12,091 [b9731c9a-07e8-4827-9eb9-5f784fb447b9@group-C7E7E188FD92:LeaderElection8] INFO  server.RaftServerConfigKeys (ConfUtils.java:logGet(43)) - raft.server.watch.timeout = 10s (default)
2019-09-25 11:00:12,091 [b9731c9a-07e8-4827-9eb9-5f784fb447b9@group-C7E7E188FD92:LeaderElection8] INFO  server.RaftServerConfigKeys (ConfUtils.java:logGet(43)) - raft.server.watch.timeout.denomination = 1s (default)
2019-09-25 11:00:12,091 [b9731c9a-07e8-4827-9eb9-5f784fb447b9@group-C7E7E188FD92:LeaderElection8] INFO  server.RaftServerConfigKeys (ConfUtils.java:logGet(43)) - raft.server.watch.element-limit = 65536 (default)
2019-09-25 11:00:12,094 [b9731c9a-07e8-4827-9eb9-5f784fb447b9@group-C7E7E188FD92:LeaderElection8] INFO  impl.RoleInfo (RoleInfo.java:updateAndGet(143)) - b9731c9a-07e8-4827-9eb9-5f784fb447b9: start LeaderState
2019-09-25 11:00:12,095 [b9731c9a-07e8-4827-9eb9-5f784fb447b9@group-C7E7E188FD92:LeaderElection8] INFO  segmented.SegmentedRaftLogWorker (SegmentedRaftLogWorker.java:startLogSegment(380)) - b9731c9a-07e8-4827-9eb9-5f784fb447b9@group-C7E7E188FD92-SegmentedRaftLogWorker: Starting segment from index:0
2019-09-25 11:00:12,095 [b9731c9a-07e8-4827-9eb9-5f784fb447b9@group-C7E7E188FD92:LeaderElection8] INFO  impl.RaftServerImpl (ServerState.java:setRaftConf(354)) - b9731c9a-07e8-4827-9eb9-5f784fb447b9@group-C7E7E188FD92: set configuration 0: [b9731c9a-07e8-4827-9eb9-5f784fb447b9:192.168.30.6:46688], old=null at 0
2019-09-25 11:00:12,133 [Thread-273] INFO  impl.FollowerState (FollowerState.java:run(106)) - 10236b5f-bff6-485e-aafa-3b26ea1d6574:group-B1848800A3B8 changes to CANDIDATE, lastRpcTime:5019, electionTimeout:5001ms
2019-09-25 11:00:12,133 [Thread-273] INFO  impl.RoleInfo (RoleInfo.java:shutdownFollowerState(121)) - 10236b5f-bff6-485e-aafa-3b26ea1d6574: shutdown FollowerState
2019-09-25 11:00:12,133 [Thread-273] INFO  impl.RaftServerImpl (RaftServerImpl.java:setRole(174)) - 10236b5f-bff6-485e-aafa-3b26ea1d6574@group-B1848800A3B8: changes role from  FOLLOWER to CANDIDATE at term 0 for changeToCandidate
2019-09-25 11:00:12,133 [Thread-273] INFO  impl.RoleInfo (RoleInfo.java:updateAndGet(143)) - 10236b5f-bff6-485e-aafa-3b26ea1d6574: start LeaderElection
2019-09-25 11:00:12,146 [b9731c9a-07e8-4827-9eb9-5f784fb447b9@group-C7E7E188FD92-SegmentedRaftLogWorker] INFO  segmented.SegmentedRaftLogWorker (SegmentedRaftLogWorker.java:execute(569)) - b9731c9a-07e8-4827-9eb9-5f784fb447b9@group-C7E7E188FD92-SegmentedRaftLogWorker: created new log segment /workdir/hadoop-ozone/integration-test/target/test-dir/MiniOzoneClusterImpl-cb8ecd13-95cc-47fe-8445-93be882af5d4/datanode-2/data/ratis/b3c02b03-bfd2-472f-9356-c7e7e188fd92/current/log_inprogress_0
2019-09-25 11:00:12,146 [10236b5f-bff6-485e-aafa-3b26ea1d6574@group-B1848800A3B8:LeaderElection9] INFO  impl.LeaderElection (LeaderElection.java:askForVotes(182)) - 10236b5f-bff6-485e-aafa-3b26ea1d6574@group-B1848800A3B8:LeaderElection9: begin an election at term 1 for -1: [10236b5f-bff6-485e-aafa-3b26ea1d6574:192.168.30.6:44690], old=null
2019-09-25 11:00:12,146 [10236b5f-bff6-485e-aafa-3b26ea1d6574@group-B1848800A3B8:LeaderElection9] INFO  impl.RoleInfo (RoleInfo.java:shutdownLeaderElection(134)) - 10236b5f-bff6-485e-aafa-3b26ea1d6574: shutdown LeaderElection
2019-09-25 11:00:12,147 [10236b5f-bff6-485e-aafa-3b26ea1d6574@group-B1848800A3B8:LeaderElection9] INFO  impl.RaftServerImpl (RaftServerImpl.java:setRole(174)) - 10236b5f-bff6-485e-aafa-3b26ea1d6574@group-B1848800A3B8: changes role from CANDIDATE to LEADER at term 1 for changeToLeader
2019-09-25 11:00:12,147 [10236b5f-bff6-485e-aafa-3b26ea1d6574@group-B1848800A3B8:LeaderElection9] INFO  impl.RaftServerImpl (ServerState.java:setLeader(253)) - 10236b5f-bff6-485e-aafa-3b26ea1d6574@group-B1848800A3B8: change Leader from null to 10236b5f-bff6-485e-aafa-3b26ea1d6574 at term 1 for becomeLeader, leader elected after 5039ms
2019-09-25 11:00:12,147 [10236b5f-bff6-485e-aafa-3b26ea1d6574@group-B1848800A3B8:LeaderElection9] INFO  server.RaftServerConfigKeys (ConfUtils.java:logGet(43)) - raft.server.staging.catchup.gap = 1000 (default)
2019-09-25 11:00:12,147 [10236b5f-bff6-485e-aafa-3b26ea1d6574@group-B1848800A3B8:LeaderElection9] INFO  server.RaftServerConfigKeys (ConfUtils.java:logGet(43)) - raft.server.rpc.sleep.time = 25ms (default)
2019-09-25 11:00:12,147 [10236b5f-bff6-485e-aafa-3b26ea1d6574@group-B1848800A3B8:LeaderElection9] INFO  server.RaftServerConfigKeys (ConfUtils.java:logGet(43)) - raft.server.write.element-limit = 4096 (default)
2019-09-25 11:00:12,148 [10236b5f-bff6-485e-aafa-3b26ea1d6574@group-B1848800A3B8:LeaderElection9] INFO  server.RaftServerConfigKeys (ConfUtils.java:logGet(43)) - raft.server.watch.timeout = 10s (default)
2019-09-25 11:00:12,148 [10236b5f-bff6-485e-aafa-3b26ea1d6574@group-B1848800A3B8:LeaderElection9] INFO  server.RaftServerConfigKeys (ConfUtils.java:logGet(43)) - raft.server.watch.timeout.denomination = 1s (default)
2019-09-25 11:00:12,148 [10236b5f-bff6-485e-aafa-3b26ea1d6574@group-B1848800A3B8:LeaderElection9] INFO  server.RaftServerConfigKeys (ConfUtils.java:logGet(43)) - raft.server.watch.element-limit = 65536 (default)
2019-09-25 11:00:12,149 [Thread-267] INFO  impl.FollowerState (FollowerState.java:run(106)) - 642f0824-8397-42da-9ac4-13d7260e7e2f:group-F507A41D6FA8 changes to CANDIDATE, lastRpcTime:5179, electionTimeout:5179ms
2019-09-25 11:00:12,149 [Thread-267] INFO  impl.RoleInfo (RoleInfo.java:shutdownFollowerState(121)) - 642f0824-8397-42da-9ac4-13d7260e7e2f: shutdown FollowerState
2019-09-25 11:00:12,149 [Thread-267] INFO  impl.RaftServerImpl (RaftServerImpl.java:setRole(174)) - 642f0824-8397-42da-9ac4-13d7260e7e2f@group-F507A41D6FA8: changes role from  FOLLOWER to CANDIDATE at term 0 for changeToCandidate
2019-09-25 11:00:12,149 [Thread-267] INFO  impl.RoleInfo (RoleInfo.java:updateAndGet(143)) - 642f0824-8397-42da-9ac4-13d7260e7e2f: start LeaderElection
2019-09-25 11:00:12,155 [10236b5f-bff6-485e-aafa-3b26ea1d6574@group-B1848800A3B8:LeaderElection9] INFO  impl.RoleInfo (RoleInfo.java:updateAndGet(143)) - 10236b5f-bff6-485e-aafa-3b26ea1d6574: start LeaderState
2019-09-25 11:00:12,156 [10236b5f-bff6-485e-aafa-3b26ea1d6574@group-B1848800A3B8:LeaderElection9] INFO  segmented.SegmentedRaftLogWorker (SegmentedRaftLogWorker.java:startLogSegment(380)) - 10236b5f-bff6-485e-aafa-3b26ea1d6574@group-B1848800A3B8-SegmentedRaftLogWorker: Starting segment from index:0
2019-09-25 11:00:12,156 [10236b5f-bff6-485e-aafa-3b26ea1d6574@group-B1848800A3B8:LeaderElection9] INFO  impl.RaftServerImpl (ServerState.java:setRaftConf(354)) - 10236b5f-bff6-485e-aafa-3b26ea1d6574@group-B1848800A3B8: set configuration 0: [10236b5f-bff6-485e-aafa-3b26ea1d6574:192.168.30.6:44690], old=null at 0
2019-09-25 11:00:12,189 [642f0824-8397-42da-9ac4-13d7260e7e2f@group-F507A41D6FA8:LeaderElection10] INFO  impl.LeaderElection (LeaderElection.java:askForVotes(182)) - 642f0824-8397-42da-9ac4-13d7260e7e2f@group-F507A41D6FA8:LeaderElection10: begin an election at term 1 for -1: [642f0824-8397-42da-9ac4-13d7260e7e2f:192.168.30.6:44587], old=null
2019-09-25 11:00:12,189 [642f0824-8397-42da-9ac4-13d7260e7e2f@group-F507A41D6FA8:LeaderElection10] INFO  impl.RoleInfo (RoleInfo.java:shutdownLeaderElection(134)) - 642f0824-8397-42da-9ac4-13d7260e7e2f: shutdown LeaderElection
2019-09-25 11:00:12,190 [642f0824-8397-42da-9ac4-13d7260e7e2f@group-F507A41D6FA8:LeaderElection10] INFO  impl.RaftServerImpl (RaftServerImpl.java:setRole(174)) - 642f0824-8397-42da-9ac4-13d7260e7e2f@group-F507A41D6FA8: changes role from CANDIDATE to LEADER at term 1 for changeToLeader
2019-09-25 11:00:12,190 [642f0824-8397-42da-9ac4-13d7260e7e2f@group-F507A41D6FA8:LeaderElection10] INFO  impl.RaftServerImpl (ServerState.java:setLeader(253)) - 642f0824-8397-42da-9ac4-13d7260e7e2f@group-F507A41D6FA8: change Leader from null to 642f0824-8397-42da-9ac4-13d7260e7e2f at term 1 for becomeLeader, leader elected after 5228ms
2019-09-25 11:00:12,190 [642f0824-8397-42da-9ac4-13d7260e7e2f@group-F507A41D6FA8:LeaderElection10] INFO  server.RaftServerConfigKeys (ConfUtils.java:logGet(43)) - raft.server.staging.catchup.gap = 1000 (default)
2019-09-25 11:00:12,190 [642f0824-8397-42da-9ac4-13d7260e7e2f@group-F507A41D6FA8:LeaderElection10] INFO  server.RaftServerConfigKeys (ConfUtils.java:logGet(43)) - raft.server.rpc.sleep.time = 25ms (default)
2019-09-25 11:00:12,190 [642f0824-8397-42da-9ac4-13d7260e7e2f@group-F507A41D6FA8:LeaderElection10] INFO  server.RaftServerConfigKeys (ConfUtils.java:logGet(43)) - raft.server.write.element-limit = 4096 (default)
2019-09-25 11:00:12,191 [642f0824-8397-42da-9ac4-13d7260e7e2f@group-F507A41D6FA8:LeaderElection10] INFO  server.RaftServerConfigKeys (ConfUtils.java:logGet(43)) - raft.server.watch.timeout = 10s (default)
2019-09-25 11:00:12,191 [642f0824-8397-42da-9ac4-13d7260e7e2f@group-F507A41D6FA8:LeaderElection10] INFO  server.RaftServerConfigKeys (ConfUtils.java:logGet(43)) - raft.server.watch.timeout.denomination = 1s (default)
2019-09-25 11:00:12,191 [642f0824-8397-42da-9ac4-13d7260e7e2f@group-F507A41D6FA8:LeaderElection10] INFO  server.RaftServerConfigKeys (ConfUtils.java:logGet(43)) - raft.server.watch.element-limit = 65536 (default)
2019-09-25 11:00:12,194 [642f0824-8397-42da-9ac4-13d7260e7e2f@group-F507A41D6FA8:LeaderElection10] INFO  impl.RoleInfo (RoleInfo.java:updateAndGet(143)) - 642f0824-8397-42da-9ac4-13d7260e7e2f: start LeaderState
2019-09-25 11:00:12,194 [642f0824-8397-42da-9ac4-13d7260e7e2f@group-F507A41D6FA8:LeaderElection10] INFO  segmented.SegmentedRaftLogWorker (SegmentedRaftLogWorker.java:startLogSegment(380)) - 642f0824-8397-42da-9ac4-13d7260e7e2f@group-F507A41D6FA8-SegmentedRaftLogWorker: Starting segment from index:0
2019-09-25 11:00:12,195 [642f0824-8397-42da-9ac4-13d7260e7e2f@group-F507A41D6FA8:LeaderElection10] INFO  impl.RaftServerImpl (ServerState.java:setRaftConf(354)) - 642f0824-8397-42da-9ac4-13d7260e7e2f@group-F507A41D6FA8: set configuration 0: [642f0824-8397-42da-9ac4-13d7260e7e2f:192.168.30.6:44587], old=null at 0
2019-09-25 11:00:12,224 [10236b5f-bff6-485e-aafa-3b26ea1d6574@group-B1848800A3B8-SegmentedRaftLogWorker] INFO  segmented.SegmentedRaftLogWorker (SegmentedRaftLogWorker.java:execute(569)) - 10236b5f-bff6-485e-aafa-3b26ea1d6574@group-B1848800A3B8-SegmentedRaftLogWorker: created new log segment /workdir/hadoop-ozone/integration-test/target/test-dir/MiniOzoneClusterImpl-cb8ecd13-95cc-47fe-8445-93be882af5d4/datanode-6/data/ratis/955ccf5c-4beb-47e0-9108-b1848800a3b8/current/log_inprogress_0
2019-09-25 11:00:12,224 [Thread-270] INFO  impl.FollowerState (FollowerState.java:run(106)) - b9731c9a-07e8-4827-9eb9-5f784fb447b9:group-B75C02CCEA49 changes to CANDIDATE, lastRpcTime:5188, electionTimeout:5161ms
2019-09-25 11:00:12,224 [Thread-270] INFO  impl.RoleInfo (RoleInfo.java:shutdownFollowerState(121)) - b9731c9a-07e8-4827-9eb9-5f784fb447b9: shutdown FollowerState
2019-09-25 11:00:12,225 [Thread-270] INFO  impl.RaftServerImpl (RaftServerImpl.java:setRole(174)) - b9731c9a-07e8-4827-9eb9-5f784fb447b9@group-B75C02CCEA49: changes role from  FOLLOWER to CANDIDATE at term 0 for changeToCandidate
2019-09-25 11:00:12,225 [Thread-270] INFO  impl.RoleInfo (RoleInfo.java:updateAndGet(143)) - b9731c9a-07e8-4827-9eb9-5f784fb447b9: start LeaderElection
2019-09-25 11:00:12,238 [642f0824-8397-42da-9ac4-13d7260e7e2f@group-F507A41D6FA8-SegmentedRaftLogWorker] INFO  segmented.SegmentedRaftLogWorker (SegmentedRaftLogWorker.java:execute(569)) - 642f0824-8397-42da-9ac4-13d7260e7e2f@group-F507A41D6FA8-SegmentedRaftLogWorker: created new log segment /workdir/hadoop-ozone/integration-test/target/test-dir/MiniOzoneClusterImpl-cb8ecd13-95cc-47fe-8445-93be882af5d4/datanode-4/data/ratis/49770d4f-4d30-44de-8c24-f507a41d6fa8/current/log_inprogress_0
2019-09-25 11:00:12,238 [b9731c9a-07e8-4827-9eb9-5f784fb447b9@group-B75C02CCEA49:LeaderElection11] INFO  impl.LeaderElection (LeaderElection.java:askForVotes(182)) - b9731c9a-07e8-4827-9eb9-5f784fb447b9@group-B75C02CCEA49:LeaderElection11: begin an election at term 1 for -1: [b9731c9a-07e8-4827-9eb9-5f784fb447b9:192.168.30.6:46688], old=null
2019-09-25 11:00:12,238 [b9731c9a-07e8-4827-9eb9-5f784fb447b9@group-B75C02CCEA49:LeaderElection11] INFO  impl.RoleInfo (RoleInfo.java:shutdownLeaderElection(134)) - b9731c9a-07e8-4827-9eb9-5f784fb447b9: shutdown LeaderElection
2019-09-25 11:00:12,238 [b9731c9a-07e8-4827-9eb9-5f784fb447b9@group-B75C02CCEA49:LeaderElection11] INFO  impl.RaftServerImpl (RaftServerImpl.java:setRole(174)) - b9731c9a-07e8-4827-9eb9-5f784fb447b9@group-B75C02CCEA49: changes role from CANDIDATE to LEADER at term 1 for changeToLeader
2019-09-25 11:00:12,238 [b9731c9a-07e8-4827-9eb9-5f784fb447b9@group-B75C02CCEA49:LeaderElection11] INFO  impl.RaftServerImpl (ServerState.java:setLeader(253)) - b9731c9a-07e8-4827-9eb9-5f784fb447b9@group-B75C02CCEA49: change Leader from null to b9731c9a-07e8-4827-9eb9-5f784fb447b9 at term 1 for becomeLeader, leader elected after 5209ms
2019-09-25 11:00:12,239 [b9731c9a-07e8-4827-9eb9-5f784fb447b9@group-B75C02CCEA49:LeaderElection11] INFO  server.RaftServerConfigKeys (ConfUtils.java:logGet(43)) - raft.server.staging.catchup.gap = 1000 (default)
2019-09-25 11:00:12,239 [b9731c9a-07e8-4827-9eb9-5f784fb447b9@group-B75C02CCEA49:LeaderElection11] INFO  server.RaftServerConfigKeys (ConfUtils.java:logGet(43)) - raft.server.rpc.sleep.time = 25ms (default)
2019-09-25 11:00:12,239 [b9731c9a-07e8-4827-9eb9-5f784fb447b9@group-B75C02CCEA49:LeaderElection11] INFO  server.RaftServerConfigKeys (ConfUtils.java:logGet(43)) - raft.server.write.element-limit = 4096 (default)
2019-09-25 11:00:12,239 [b9731c9a-07e8-4827-9eb9-5f784fb447b9@group-B75C02CCEA49:LeaderElection11] INFO  server.RaftServerConfigKeys (ConfUtils.java:logGet(43)) - raft.server.watch.timeout = 10s (default)
2019-09-25 11:00:12,239 [b9731c9a-07e8-4827-9eb9-5f784fb447b9@group-B75C02CCEA49:LeaderElection11] INFO  server.RaftServerConfigKeys (ConfUtils.java:logGet(43)) - raft.server.watch.timeout.denomination = 1s (default)
2019-09-25 11:00:12,239 [b9731c9a-07e8-4827-9eb9-5f784fb447b9@group-B75C02CCEA49:LeaderElection11] INFO  server.RaftServerConfigKeys (ConfUtils.java:logGet(43)) - raft.server.watch.element-limit = 65536 (default)
2019-09-25 11:00:12,242 [b9731c9a-07e8-4827-9eb9-5f784fb447b9@group-B75C02CCEA49:LeaderElection11] INFO  impl.RoleInfo (RoleInfo.java:updateAndGet(143)) - b9731c9a-07e8-4827-9eb9-5f784fb447b9: start LeaderState
2019-09-25 11:00:12,242 [b9731c9a-07e8-4827-9eb9-5f784fb447b9@group-B75C02CCEA49:LeaderElection11] INFO  segmented.SegmentedRaftLogWorker (SegmentedRaftLogWorker.java:startLogSegment(380)) - b9731c9a-07e8-4827-9eb9-5f784fb447b9@group-B75C02CCEA49-SegmentedRaftLogWorker: Starting segment from index:0
2019-09-25 11:00:12,243 [b9731c9a-07e8-4827-9eb9-5f784fb447b9@group-B75C02CCEA49:LeaderElection11] INFO  impl.RaftServerImpl (ServerState.java:setRaftConf(354)) - b9731c9a-07e8-4827-9eb9-5f784fb447b9@group-B75C02CCEA49: set configuration 0: [b9731c9a-07e8-4827-9eb9-5f784fb447b9:192.168.30.6:46688], old=null at 0
2019-09-25 11:00:12,273 [Thread-279] INFO  impl.FollowerState (FollowerState.java:run(106)) - 024c4dd7-7c9d-4cdb-8271-6a4ddb62c17e:group-D3643D614FE5 changes to CANDIDATE, lastRpcTime:5035, electionTimeout:5035ms
2019-09-25 11:00:12,273 [Thread-279] INFO  impl.RoleInfo (RoleInfo.java:shutdownFollowerState(121)) - 024c4dd7-7c9d-4cdb-8271-6a4ddb62c17e: shutdown FollowerState
2019-09-25 11:00:12,273 [Thread-279] INFO  impl.RaftServerImpl (RaftServerImpl.java:setRole(174)) - 024c4dd7-7c9d-4cdb-8271-6a4ddb62c17e@group-D3643D614FE5: changes role from  FOLLOWER to CANDIDATE at term 0 for changeToCandidate
2019-09-25 11:00:12,273 [Thread-279] INFO  impl.RoleInfo (RoleInfo.java:updateAndGet(143)) - 024c4dd7-7c9d-4cdb-8271-6a4ddb62c17e: start LeaderElection
2019-09-25 11:00:12,281 [b9731c9a-07e8-4827-9eb9-5f784fb447b9@group-B75C02CCEA49-SegmentedRaftLogWorker] INFO  segmented.SegmentedRaftLogWorker (SegmentedRaftLogWorker.java:execute(569)) - b9731c9a-07e8-4827-9eb9-5f784fb447b9@group-B75C02CCEA49-SegmentedRaftLogWorker: created new log segment /workdir/hadoop-ozone/integration-test/target/test-dir/MiniOzoneClusterImpl-cb8ecd13-95cc-47fe-8445-93be882af5d4/datanode-2/data/ratis/bd39eaf3-83b6-4498-bf54-b75c02ccea49/current/log_inprogress_0
2019-09-25 11:00:12,285 [024c4dd7-7c9d-4cdb-8271-6a4ddb62c17e@group-D3643D614FE5:LeaderElection12] INFO  impl.LeaderElection (LeaderElection.java:askForVotes(182)) - 024c4dd7-7c9d-4cdb-8271-6a4ddb62c17e@group-D3643D614FE5:LeaderElection12: begin an election at term 1 for -1: [024c4dd7-7c9d-4cdb-8271-6a4ddb62c17e:192.168.30.6:36470], old=null
2019-09-25 11:00:12,285 [024c4dd7-7c9d-4cdb-8271-6a4ddb62c17e@group-D3643D614FE5:LeaderElection12] INFO  impl.RoleInfo (RoleInfo.java:shutdownLeaderElection(134)) - 024c4dd7-7c9d-4cdb-8271-6a4ddb62c17e: shutdown LeaderElection
2019-09-25 11:00:12,285 [024c4dd7-7c9d-4cdb-8271-6a4ddb62c17e@group-D3643D614FE5:LeaderElection12] INFO  impl.RaftServerImpl (RaftServerImpl.java:setRole(174)) - 024c4dd7-7c9d-4cdb-8271-6a4ddb62c17e@group-D3643D614FE5: changes role from CANDIDATE to LEADER at term 1 for changeToLeader
2019-09-25 11:00:12,285 [024c4dd7-7c9d-4cdb-8271-6a4ddb62c17e@group-D3643D614FE5:LeaderElection12] INFO  impl.RaftServerImpl (ServerState.java:setLeader(253)) - 024c4dd7-7c9d-4cdb-8271-6a4ddb62c17e@group-D3643D614FE5: change Leader from null to 024c4dd7-7c9d-4cdb-8271-6a4ddb62c17e at term 1 for becomeLeader, leader elected after 5054ms
2019-09-25 11:00:12,287 [024c4dd7-7c9d-4cdb-8271-6a4ddb62c17e@group-D3643D614FE5:LeaderElection12] INFO  server.RaftServerConfigKeys (ConfUtils.java:logGet(43)) - raft.server.staging.catchup.gap = 1000 (default)
2019-09-25 11:00:12,287 [024c4dd7-7c9d-4cdb-8271-6a4ddb62c17e@group-D3643D614FE5:LeaderElection12] INFO  server.RaftServerConfigKeys (ConfUtils.java:logGet(43)) - raft.server.rpc.sleep.time = 25ms (default)
2019-09-25 11:00:12,287 [024c4dd7-7c9d-4cdb-8271-6a4ddb62c17e@group-D3643D614FE5:LeaderElection12] INFO  server.RaftServerConfigKeys (ConfUtils.java:logGet(43)) - raft.server.write.element-limit = 4096 (default)
2019-09-25 11:00:12,288 [024c4dd7-7c9d-4cdb-8271-6a4ddb62c17e@group-D3643D614FE5:LeaderElection12] INFO  server.RaftServerConfigKeys (ConfUtils.java:logGet(43)) - raft.server.watch.timeout = 10s (default)
2019-09-25 11:00:12,288 [024c4dd7-7c9d-4cdb-8271-6a4ddb62c17e@group-D3643D614FE5:LeaderElection12] INFO  server.RaftServerConfigKeys (ConfUtils.java:logGet(43)) - raft.server.watch.timeout.denomination = 1s (default)
2019-09-25 11:00:12,288 [024c4dd7-7c9d-4cdb-8271-6a4ddb62c17e@group-D3643D614FE5:LeaderElection12] INFO  server.RaftServerConfigKeys (ConfUtils.java:logGet(43)) - raft.server.watch.element-limit = 65536 (default)
2019-09-25 11:00:12,289 [Thread-276] INFO  impl.FollowerState (FollowerState.java:run(106)) - b9731c9a-07e8-4827-9eb9-5f784fb447b9:group-C1FF5E53A2B4 changes to CANDIDATE, lastRpcTime:5114, electionTimeout:5114ms
2019-09-25 11:00:12,290 [Thread-282] INFO  impl.FollowerState (FollowerState.java:run(106)) - 87c8d9bf-e5fd-4c93-82d7-07f29d18cd92:group-FD7CE6300704 changes to CANDIDATE, lastRpcTime:5002, electionTimeout:5002ms
2019-09-25 11:00:12,290 [Thread-276] INFO  impl.RoleInfo (RoleInfo.java:shutdownFollowerState(121)) - b9731c9a-07e8-4827-9eb9-5f784fb447b9: shutdown FollowerState
2019-09-25 11:00:12,290 [Thread-282] INFO  impl.RoleInfo (RoleInfo.java:shutdownFollowerState(121)) - 87c8d9bf-e5fd-4c93-82d7-07f29d18cd92: shutdown FollowerState
2019-09-25 11:00:12,290 [Thread-276] INFO  impl.RaftServerImpl (RaftServerImpl.java:setRole(174)) - b9731c9a-07e8-4827-9eb9-5f784fb447b9@group-C1FF5E53A2B4: changes role from  FOLLOWER to CANDIDATE at term 0 for changeToCandidate
2019-09-25 11:00:12,290 [Thread-282] INFO  impl.RaftServerImpl (RaftServerImpl.java:setRole(174)) - 87c8d9bf-e5fd-4c93-82d7-07f29d18cd92@group-FD7CE6300704: changes role from  FOLLOWER to CANDIDATE at term 0 for changeToCandidate
2019-09-25 11:00:12,290 [Thread-276] INFO  impl.RoleInfo (RoleInfo.java:updateAndGet(143)) - b9731c9a-07e8-4827-9eb9-5f784fb447b9: start LeaderElection
2019-09-25 11:00:12,290 [Thread-282] INFO  impl.RoleInfo (RoleInfo.java:updateAndGet(143)) - 87c8d9bf-e5fd-4c93-82d7-07f29d18cd92: start LeaderElection
2019-09-25 11:00:12,298 [024c4dd7-7c9d-4cdb-8271-6a4ddb62c17e@group-D3643D614FE5:LeaderElection12] INFO  impl.RoleInfo (RoleInfo.java:updateAndGet(143)) - 024c4dd7-7c9d-4cdb-8271-6a4ddb62c17e: start LeaderState
2019-09-25 11:00:12,299 [024c4dd7-7c9d-4cdb-8271-6a4ddb62c17e@group-D3643D614FE5:LeaderElection12] INFO  segmented.SegmentedRaftLogWorker (SegmentedRaftLogWorker.java:startLogSegment(380)) - 024c4dd7-7c9d-4cdb-8271-6a4ddb62c17e@group-D3643D614FE5-SegmentedRaftLogWorker: Starting segment from index:0
2019-09-25 11:00:12,299 [024c4dd7-7c9d-4cdb-8271-6a4ddb62c17e@group-D3643D614FE5:LeaderElection12] INFO  impl.RaftServerImpl (ServerState.java:setRaftConf(354)) - 024c4dd7-7c9d-4cdb-8271-6a4ddb62c17e@group-D3643D614FE5: set configuration 0: [024c4dd7-7c9d-4cdb-8271-6a4ddb62c17e:192.168.30.6:36470], old=null at 0
2019-09-25 11:00:12,332 [b9731c9a-07e8-4827-9eb9-5f784fb447b9@group-C1FF5E53A2B4:LeaderElection13] INFO  impl.LeaderElection (LeaderElection.java:askForVotes(182)) - b9731c9a-07e8-4827-9eb9-5f784fb447b9@group-C1FF5E53A2B4:LeaderElection13: begin an election at term 1 for -1: [b9731c9a-07e8-4827-9eb9-5f784fb447b9:192.168.30.6:46688], old=null
2019-09-25 11:00:12,332 [87c8d9bf-e5fd-4c93-82d7-07f29d18cd92@group-FD7CE6300704:LeaderElection14] INFO  impl.LeaderElection (LeaderElection.java:askForVotes(182)) - 87c8d9bf-e5fd-4c93-82d7-07f29d18cd92@group-FD7CE6300704:LeaderElection14: begin an election at term 1 for -1: [87c8d9bf-e5fd-4c93-82d7-07f29d18cd92:192.168.30.6:45400], old=null
2019-09-25 11:00:12,333 [b9731c9a-07e8-4827-9eb9-5f784fb447b9@group-C1FF5E53A2B4:LeaderElection13] INFO  impl.RoleInfo (RoleInfo.java:shutdownLeaderElection(134)) - b9731c9a-07e8-4827-9eb9-5f784fb447b9: shutdown LeaderElection
2019-09-25 11:00:12,333 [87c8d9bf-e5fd-4c93-82d7-07f29d18cd92@group-FD7CE6300704:LeaderElection14] INFO  impl.RoleInfo (RoleInfo.java:shutdownLeaderElection(134)) - 87c8d9bf-e5fd-4c93-82d7-07f29d18cd92: shutdown LeaderElection
2019-09-25 11:00:12,333 [b9731c9a-07e8-4827-9eb9-5f784fb447b9@group-C1FF5E53A2B4:LeaderElection13] INFO  impl.RaftServerImpl (RaftServerImpl.java:setRole(174)) - b9731c9a-07e8-4827-9eb9-5f784fb447b9@group-C1FF5E53A2B4: changes role from CANDIDATE to LEADER at term 1 for changeToLeader
2019-09-25 11:00:12,333 [87c8d9bf-e5fd-4c93-82d7-07f29d18cd92@group-FD7CE6300704:LeaderElection14] INFO  impl.RaftServerImpl (RaftServerImpl.java:setRole(174)) - 87c8d9bf-e5fd-4c93-82d7-07f29d18cd92@group-FD7CE6300704: changes role from CANDIDATE to LEADER at term 1 for changeToLeader
2019-09-25 11:00:12,333 [b9731c9a-07e8-4827-9eb9-5f784fb447b9@group-C1FF5E53A2B4:LeaderElection13] INFO  impl.RaftServerImpl (ServerState.java:setLeader(253)) - b9731c9a-07e8-4827-9eb9-5f784fb447b9@group-C1FF5E53A2B4: change Leader from null to b9731c9a-07e8-4827-9eb9-5f784fb447b9 at term 1 for becomeLeader, leader elected after 5168ms
2019-09-25 11:00:12,333 [87c8d9bf-e5fd-4c93-82d7-07f29d18cd92@group-FD7CE6300704:LeaderElection14] INFO  impl.RaftServerImpl (ServerState.java:setLeader(253)) - 87c8d9bf-e5fd-4c93-82d7-07f29d18cd92@group-FD7CE6300704: change Leader from null to 87c8d9bf-e5fd-4c93-82d7-07f29d18cd92 at term 1 for becomeLeader, leader elected after 5051ms
2019-09-25 11:00:12,333 [b9731c9a-07e8-4827-9eb9-5f784fb447b9@group-C1FF5E53A2B4:LeaderElection13] INFO  server.RaftServerConfigKeys (ConfUtils.java:logGet(43)) - raft.server.staging.catchup.gap = 1000 (default)
2019-09-25 11:00:12,334 [87c8d9bf-e5fd-4c93-82d7-07f29d18cd92@group-FD7CE6300704:LeaderElection14] INFO  server.RaftServerConfigKeys (ConfUtils.java:logGet(43)) - raft.server.staging.catchup.gap = 1000 (default)
2019-09-25 11:00:12,334 [b9731c9a-07e8-4827-9eb9-5f784fb447b9@group-C1FF5E53A2B4:LeaderElection13] INFO  server.RaftServerConfigKeys (ConfUtils.java:logGet(43)) - raft.server.rpc.sleep.time = 25ms (default)
2019-09-25 11:00:12,334 [87c8d9bf-e5fd-4c93-82d7-07f29d18cd92@group-FD7CE6300704:LeaderElection14] INFO  server.RaftServerConfigKeys (ConfUtils.java:logGet(43)) - raft.server.rpc.sleep.time = 25ms (default)
2019-09-25 11:00:12,334 [b9731c9a-07e8-4827-9eb9-5f784fb447b9@group-C1FF5E53A2B4:LeaderElection13] INFO  server.RaftServerConfigKeys (ConfUtils.java:logGet(43)) - raft.server.write.element-limit = 4096 (default)
2019-09-25 11:00:12,334 [87c8d9bf-e5fd-4c93-82d7-07f29d18cd92@group-FD7CE6300704:LeaderElection14] INFO  server.RaftServerConfigKeys (ConfUtils.java:logGet(43)) - raft.server.write.element-limit = 4096 (default)
2019-09-25 11:00:12,334 [b9731c9a-07e8-4827-9eb9-5f784fb447b9@group-C1FF5E53A2B4:LeaderElection13] INFO  server.RaftServerConfigKeys (ConfUtils.java:logGet(43)) - raft.server.watch.timeout = 10s (default)
2019-09-25 11:00:12,334 [87c8d9bf-e5fd-4c93-82d7-07f29d18cd92@group-FD7CE6300704:LeaderElection14] INFO  server.RaftServerConfigKeys (ConfUtils.java:logGet(43)) - raft.server.watch.timeout = 10s (default)
2019-09-25 11:00:12,335 [b9731c9a-07e8-4827-9eb9-5f784fb447b9@group-C1FF5E53A2B4:LeaderElection13] INFO  server.RaftServerConfigKeys (ConfUtils.java:logGet(43)) - raft.server.watch.timeout.denomination = 1s (default)
2019-09-25 11:00:12,335 [87c8d9bf-e5fd-4c93-82d7-07f29d18cd92@group-FD7CE6300704:LeaderElection14] INFO  server.RaftServerConfigKeys (ConfUtils.java:logGet(43)) - raft.server.watch.timeout.denomination = 1s (default)
2019-09-25 11:00:12,335 [b9731c9a-07e8-4827-9eb9-5f784fb447b9@group-C1FF5E53A2B4:LeaderElection13] INFO  server.RaftServerConfigKeys (ConfUtils.java:logGet(43)) - raft.server.watch.element-limit = 65536 (default)
2019-09-25 11:00:12,335 [87c8d9bf-e5fd-4c93-82d7-07f29d18cd92@group-FD7CE6300704:LeaderElection14] INFO  server.RaftServerConfigKeys (ConfUtils.java:logGet(43)) - raft.server.watch.element-limit = 65536 (default)
2019-09-25 11:00:12,338 [b9731c9a-07e8-4827-9eb9-5f784fb447b9@group-C1FF5E53A2B4:LeaderElection13] INFO  impl.RoleInfo (RoleInfo.java:updateAndGet(143)) - b9731c9a-07e8-4827-9eb9-5f784fb447b9: start LeaderState
2019-09-25 11:00:12,339 [87c8d9bf-e5fd-4c93-82d7-07f29d18cd92@group-FD7CE6300704:LeaderElection14] INFO  impl.RoleInfo (RoleInfo.java:updateAndGet(143)) - 87c8d9bf-e5fd-4c93-82d7-07f29d18cd92: start LeaderState
2019-09-25 11:00:12,339 [b9731c9a-07e8-4827-9eb9-5f784fb447b9@group-C1FF5E53A2B4:LeaderElection13] INFO  segmented.SegmentedRaftLogWorker (SegmentedRaftLogWorker.java:startLogSegment(380)) - b9731c9a-07e8-4827-9eb9-5f784fb447b9@group-C1FF5E53A2B4-SegmentedRaftLogWorker: Starting segment from index:0
2019-09-25 11:00:12,339 [87c8d9bf-e5fd-4c93-82d7-07f29d18cd92@group-FD7CE6300704:LeaderElection14] INFO  segmented.SegmentedRaftLogWorker (SegmentedRaftLogWorker.java:startLogSegment(380)) - 87c8d9bf-e5fd-4c93-82d7-07f29d18cd92@group-FD7CE6300704-SegmentedRaftLogWorker: Starting segment from index:0
2019-09-25 11:00:12,340 [b9731c9a-07e8-4827-9eb9-5f784fb447b9@group-C1FF5E53A2B4:LeaderElection13] INFO  impl.RaftServerImpl (ServerState.java:setRaftConf(354)) - b9731c9a-07e8-4827-9eb9-5f784fb447b9@group-C1FF5E53A2B4: set configuration 0: [b9731c9a-07e8-4827-9eb9-5f784fb447b9:192.168.30.6:46688], old=null at 0
2019-09-25 11:00:12,373 [024c4dd7-7c9d-4cdb-8271-6a4ddb62c17e@group-D3643D614FE5-SegmentedRaftLogWorker] INFO  segmented.SegmentedRaftLogWorker (SegmentedRaftLogWorker.java:execute(569)) - 024c4dd7-7c9d-4cdb-8271-6a4ddb62c17e@group-D3643D614FE5-SegmentedRaftLogWorker: created new log segment /workdir/hadoop-ozone/integration-test/target/test-dir/MiniOzoneClusterImpl-cb8ecd13-95cc-47fe-8445-93be882af5d4/datanode-1/data/ratis/17f562a5-f8a5-43db-8286-d3643d614fe5/current/log_inprogress_0
2019-09-25 11:00:12,373 [87c8d9bf-e5fd-4c93-82d7-07f29d18cd92@group-FD7CE6300704:LeaderElection14] INFO  impl.RaftServerImpl (ServerState.java:setRaftConf(354)) - 87c8d9bf-e5fd-4c93-82d7-07f29d18cd92@group-FD7CE6300704: set configuration 0: [87c8d9bf-e5fd-4c93-82d7-07f29d18cd92:192.168.30.6:45400], old=null at 0
2019-09-25 11:00:12,386 [87c8d9bf-e5fd-4c93-82d7-07f29d18cd92@group-FD7CE6300704-SegmentedRaftLogWorker] INFO  segmented.SegmentedRaftLogWorker (SegmentedRaftLogWorker.java:execute(569)) - 87c8d9bf-e5fd-4c93-82d7-07f29d18cd92@group-FD7CE6300704-SegmentedRaftLogWorker: created new log segment /workdir/hadoop-ozone/integration-test/target/test-dir/MiniOzoneClusterImpl-cb8ecd13-95cc-47fe-8445-93be882af5d4/datanode-5/data/ratis/815eb512-737d-488f-b667-fd7ce6300704/current/log_inprogress_0
2019-09-25 11:00:12,386 [b9731c9a-07e8-4827-9eb9-5f784fb447b9@group-C1FF5E53A2B4-SegmentedRaftLogWorker] INFO  segmented.SegmentedRaftLogWorker (SegmentedRaftLogWorker.java:execute(569)) - b9731c9a-07e8-4827-9eb9-5f784fb447b9@group-C1FF5E53A2B4-SegmentedRaftLogWorker: created new log segment /workdir/hadoop-ozone/integration-test/target/test-dir/MiniOzoneClusterImpl-cb8ecd13-95cc-47fe-8445-93be882af5d4/datanode-2/data/ratis/4b443a29-ff77-4352-9c87-c1ff5e53a2b4/current/log_inprogress_0
2019-09-25 11:00:12,790 [Thread-285] INFO  impl.FollowerState (FollowerState.java:run(106)) - 642f0824-8397-42da-9ac4-13d7260e7e2f:group-B89217195BC3 changes to CANDIDATE, lastRpcTime:5074, electionTimeout:5074ms
2019-09-25 11:00:12,791 [Thread-285] INFO  impl.RoleInfo (RoleInfo.java:shutdownFollowerState(121)) - 642f0824-8397-42da-9ac4-13d7260e7e2f: shutdown FollowerState
2019-09-25 11:00:12,791 [Thread-285] INFO  impl.RaftServerImpl (RaftServerImpl.java:setRole(174)) - 642f0824-8397-42da-9ac4-13d7260e7e2f@group-B89217195BC3: changes role from  FOLLOWER to CANDIDATE at term 0 for changeToCandidate
2019-09-25 11:00:12,791 [Thread-285] INFO  impl.RoleInfo (RoleInfo.java:updateAndGet(143)) - 642f0824-8397-42da-9ac4-13d7260e7e2f: start LeaderElection
2019-09-25 11:00:12,812 [642f0824-8397-42da-9ac4-13d7260e7e2f@group-B89217195BC3:LeaderElection15] INFO  impl.LeaderElection (LeaderElection.java:askForVotes(182)) - 642f0824-8397-42da-9ac4-13d7260e7e2f@group-B89217195BC3:LeaderElection15: begin an election at term 1 for -1: [642f0824-8397-42da-9ac4-13d7260e7e2f:192.168.30.6:44587], old=null
2019-09-25 11:00:12,812 [642f0824-8397-42da-9ac4-13d7260e7e2f@group-B89217195BC3:LeaderElection15] INFO  impl.RoleInfo (RoleInfo.java:shutdownLeaderElection(134)) - 642f0824-8397-42da-9ac4-13d7260e7e2f: shutdown LeaderElection
2019-09-25 11:00:12,813 [642f0824-8397-42da-9ac4-13d7260e7e2f@group-B89217195BC3:LeaderElection15] INFO  impl.RaftServerImpl (RaftServerImpl.java:setRole(174)) - 642f0824-8397-42da-9ac4-13d7260e7e2f@group-B89217195BC3: changes role from CANDIDATE to LEADER at term 1 for changeToLeader
2019-09-25 11:00:12,813 [642f0824-8397-42da-9ac4-13d7260e7e2f@group-B89217195BC3:LeaderElection15] INFO  impl.RaftServerImpl (ServerState.java:setLeader(253)) - 642f0824-8397-42da-9ac4-13d7260e7e2f@group-B89217195BC3: change Leader from null to 642f0824-8397-42da-9ac4-13d7260e7e2f at term 1 for becomeLeader, leader elected after 5103ms
2019-09-25 11:00:12,813 [642f0824-8397-42da-9ac4-13d7260e7e2f@group-B89217195BC3:LeaderElection15] INFO  server.RaftServerConfigKeys (ConfUtils.java:logGet(43)) - raft.server.staging.catchup.gap = 1000 (default)
2019-09-25 11:00:12,813 [642f0824-8397-42da-9ac4-13d7260e7e2f@group-B89217195BC3:LeaderElection15] INFO  server.RaftServerConfigKeys (ConfUtils.java:logGet(43)) - raft.server.rpc.sleep.time = 25ms (default)
2019-09-25 11:00:12,813 [642f0824-8397-42da-9ac4-13d7260e7e2f@group-B89217195BC3:LeaderElection15] INFO  server.RaftServerConfigKeys (ConfUtils.java:logGet(43)) - raft.server.write.element-limit = 4096 (default)
2019-09-25 11:00:12,813 [642f0824-8397-42da-9ac4-13d7260e7e2f@group-B89217195BC3:LeaderElection15] INFO  server.RaftServerConfigKeys (ConfUtils.java:logGet(43)) - raft.server.watch.timeout = 10s (default)
2019-09-25 11:00:12,813 [642f0824-8397-42da-9ac4-13d7260e7e2f@group-B89217195BC3:LeaderElection15] INFO  server.RaftServerConfigKeys (ConfUtils.java:logGet(43)) - raft.server.watch.timeout.denomination = 1s (default)
2019-09-25 11:00:12,813 [642f0824-8397-42da-9ac4-13d7260e7e2f@group-B89217195BC3:LeaderElection15] INFO  server.RaftServerConfigKeys (ConfUtils.java:logGet(43)) - raft.server.watch.element-limit = 65536 (default)
2019-09-25 11:00:12,815 [642f0824-8397-42da-9ac4-13d7260e7e2f@group-B89217195BC3:LeaderElection15] INFO  impl.RoleInfo (RoleInfo.java:updateAndGet(143)) - 642f0824-8397-42da-9ac4-13d7260e7e2f: start LeaderState
2019-09-25 11:00:12,816 [642f0824-8397-42da-9ac4-13d7260e7e2f@group-B89217195BC3:LeaderElection15] INFO  segmented.SegmentedRaftLogWorker (SegmentedRaftLogWorker.java:startLogSegment(380)) - 642f0824-8397-42da-9ac4-13d7260e7e2f@group-B89217195BC3-SegmentedRaftLogWorker: Starting segment from index:0
2019-09-25 11:00:12,816 [642f0824-8397-42da-9ac4-13d7260e7e2f@group-B89217195BC3:LeaderElection15] INFO  impl.RaftServerImpl (ServerState.java:setRaftConf(354)) - 642f0824-8397-42da-9ac4-13d7260e7e2f@group-B89217195BC3: set configuration 0: [642f0824-8397-42da-9ac4-13d7260e7e2f:192.168.30.6:44587], old=null at 0
2019-09-25 11:00:12,860 [642f0824-8397-42da-9ac4-13d7260e7e2f@group-B89217195BC3-SegmentedRaftLogWorker] INFO  segmented.SegmentedRaftLogWorker (SegmentedRaftLogWorker.java:execute(569)) - 642f0824-8397-42da-9ac4-13d7260e7e2f@group-B89217195BC3-SegmentedRaftLogWorker: created new log segment /workdir/hadoop-ozone/integration-test/target/test-dir/MiniOzoneClusterImpl-cb8ecd13-95cc-47fe-8445-93be882af5d4/datanode-4/data/ratis/e830b8b1-2f84-4745-bc51-b89217195bc3/current/log_inprogress_0
2019-09-25 11:00:12,880 [Thread-288] INFO  impl.FollowerState (FollowerState.java:run(106)) - 5f9a0e92-828f-4406-8370-fc24211be18d:group-29D9BAE4E7EC changes to CANDIDATE, lastRpcTime:5100, electionTimeout:5100ms
2019-09-25 11:00:12,881 [Thread-288] INFO  impl.RoleInfo (RoleInfo.java:shutdownFollowerState(121)) - 5f9a0e92-828f-4406-8370-fc24211be18d: shutdown FollowerState
2019-09-25 11:00:12,881 [Thread-288] INFO  impl.RaftServerImpl (RaftServerImpl.java:setRole(174)) - 5f9a0e92-828f-4406-8370-fc24211be18d@group-29D9BAE4E7EC: changes role from  FOLLOWER to CANDIDATE at term 0 for changeToCandidate
2019-09-25 11:00:12,881 [Thread-288] INFO  impl.RoleInfo (RoleInfo.java:updateAndGet(143)) - 5f9a0e92-828f-4406-8370-fc24211be18d: start LeaderElection
2019-09-25 11:00:12,902 [5f9a0e92-828f-4406-8370-fc24211be18d@group-29D9BAE4E7EC:LeaderElection16] INFO  impl.LeaderElection (LeaderElection.java:askForVotes(182)) - 5f9a0e92-828f-4406-8370-fc24211be18d@group-29D9BAE4E7EC:LeaderElection16: begin an election at term 1 for -1: [5f9a0e92-828f-4406-8370-fc24211be18d:192.168.30.6:38144], old=null
2019-09-25 11:00:12,902 [5f9a0e92-828f-4406-8370-fc24211be18d@group-29D9BAE4E7EC:LeaderElection16] INFO  impl.RoleInfo (RoleInfo.java:shutdownLeaderElection(134)) - 5f9a0e92-828f-4406-8370-fc24211be18d: shutdown LeaderElection
2019-09-25 11:00:12,903 [5f9a0e92-828f-4406-8370-fc24211be18d@group-29D9BAE4E7EC:LeaderElection16] INFO  impl.RaftServerImpl (RaftServerImpl.java:setRole(174)) - 5f9a0e92-828f-4406-8370-fc24211be18d@group-29D9BAE4E7EC: changes role from CANDIDATE to LEADER at term 1 for changeToLeader
2019-09-25 11:00:12,903 [5f9a0e92-828f-4406-8370-fc24211be18d@group-29D9BAE4E7EC:LeaderElection16] INFO  impl.RaftServerImpl (ServerState.java:setLeader(253)) - 5f9a0e92-828f-4406-8370-fc24211be18d@group-29D9BAE4E7EC: change Leader from null to 5f9a0e92-828f-4406-8370-fc24211be18d at term 1 for becomeLeader, leader elected after 5131ms
2019-09-25 11:00:12,903 [5f9a0e92-828f-4406-8370-fc24211be18d@group-29D9BAE4E7EC:LeaderElection16] INFO  server.RaftServerConfigKeys (ConfUtils.java:logGet(43)) - raft.server.staging.catchup.gap = 1000 (default)
2019-09-25 11:00:12,903 [5f9a0e92-828f-4406-8370-fc24211be18d@group-29D9BAE4E7EC:LeaderElection16] INFO  server.RaftServerConfigKeys (ConfUtils.java:logGet(43)) - raft.server.rpc.sleep.time = 25ms (default)
2019-09-25 11:00:12,903 [5f9a0e92-828f-4406-8370-fc24211be18d@group-29D9BAE4E7EC:LeaderElection16] INFO  server.RaftServerConfigKeys (ConfUtils.java:logGet(43)) - raft.server.write.element-limit = 4096 (default)
2019-09-25 11:00:12,904 [5f9a0e92-828f-4406-8370-fc24211be18d@group-29D9BAE4E7EC:LeaderElection16] INFO  server.RaftServerConfigKeys (ConfUtils.java:logGet(43)) - raft.server.watch.timeout = 10s (default)
2019-09-25 11:00:12,904 [5f9a0e92-828f-4406-8370-fc24211be18d@group-29D9BAE4E7EC:LeaderElection16] INFO  server.RaftServerConfigKeys (ConfUtils.java:logGet(43)) - raft.server.watch.timeout.denomination = 1s (default)
2019-09-25 11:00:12,904 [5f9a0e92-828f-4406-8370-fc24211be18d@group-29D9BAE4E7EC:LeaderElection16] INFO  server.RaftServerConfigKeys (ConfUtils.java:logGet(43)) - raft.server.watch.element-limit = 65536 (default)
2019-09-25 11:00:12,907 [5f9a0e92-828f-4406-8370-fc24211be18d@group-29D9BAE4E7EC:LeaderElection16] INFO  impl.RoleInfo (RoleInfo.java:updateAndGet(143)) - 5f9a0e92-828f-4406-8370-fc24211be18d: start LeaderState
2019-09-25 11:00:12,908 [5f9a0e92-828f-4406-8370-fc24211be18d@group-29D9BAE4E7EC:LeaderElection16] INFO  segmented.SegmentedRaftLogWorker (SegmentedRaftLogWorker.java:startLogSegment(380)) - 5f9a0e92-828f-4406-8370-fc24211be18d@group-29D9BAE4E7EC-SegmentedRaftLogWorker: Starting segment from index:0
2019-09-25 11:00:12,908 [5f9a0e92-828f-4406-8370-fc24211be18d@group-29D9BAE4E7EC:LeaderElection16] INFO  impl.RaftServerImpl (ServerState.java:setRaftConf(354)) - 5f9a0e92-828f-4406-8370-fc24211be18d@group-29D9BAE4E7EC: set configuration 0: [5f9a0e92-828f-4406-8370-fc24211be18d:192.168.30.6:38144], old=null at 0
2019-09-25 11:00:12,956 [5f9a0e92-828f-4406-8370-fc24211be18d@group-29D9BAE4E7EC-SegmentedRaftLogWorker] INFO  segmented.SegmentedRaftLogWorker (SegmentedRaftLogWorker.java:execute(569)) - 5f9a0e92-828f-4406-8370-fc24211be18d@group-29D9BAE4E7EC-SegmentedRaftLogWorker: created new log segment /workdir/hadoop-ozone/integration-test/target/test-dir/MiniOzoneClusterImpl-cb8ecd13-95cc-47fe-8445-93be882af5d4/datanode-3/data/ratis/b3fc396c-c22c-4e4c-b490-29d9bae4e7ec/current/log_inprogress_0
2019-09-25 11:00:12,968 [Thread-291] INFO  impl.FollowerState (FollowerState.java:run(106)) - 87c8d9bf-e5fd-4c93-82d7-07f29d18cd92:group-77526F9E3ECC changes to CANDIDATE, lastRpcTime:5136, electionTimeout:5136ms
2019-09-25 11:00:12,969 [Thread-291] INFO  impl.RoleInfo (RoleInfo.java:shutdownFollowerState(121)) - 87c8d9bf-e5fd-4c93-82d7-07f29d18cd92: shutdown FollowerState
2019-09-25 11:00:12,969 [Thread-291] INFO  impl.RaftServerImpl (RaftServerImpl.java:setRole(174)) - 87c8d9bf-e5fd-4c93-82d7-07f29d18cd92@group-77526F9E3ECC: changes role from  FOLLOWER to CANDIDATE at term 0 for changeToCandidate
2019-09-25 11:00:12,969 [Thread-291] INFO  impl.RoleInfo (RoleInfo.java:updateAndGet(143)) - 87c8d9bf-e5fd-4c93-82d7-07f29d18cd92: start LeaderElection
2019-09-25 11:00:12,989 [87c8d9bf-e5fd-4c93-82d7-07f29d18cd92@group-77526F9E3ECC:LeaderElection17] INFO  impl.LeaderElection (LeaderElection.java:askForVotes(182)) - 87c8d9bf-e5fd-4c93-82d7-07f29d18cd92@group-77526F9E3ECC:LeaderElection17: begin an election at term 1 for -1: [87c8d9bf-e5fd-4c93-82d7-07f29d18cd92:192.168.30.6:45400], old=null
2019-09-25 11:00:12,989 [87c8d9bf-e5fd-4c93-82d7-07f29d18cd92@group-77526F9E3ECC:LeaderElection17] INFO  impl.RoleInfo (RoleInfo.java:shutdownLeaderElection(134)) - 87c8d9bf-e5fd-4c93-82d7-07f29d18cd92: shutdown LeaderElection
2019-09-25 11:00:12,989 [87c8d9bf-e5fd-4c93-82d7-07f29d18cd92@group-77526F9E3ECC:LeaderElection17] INFO  impl.RaftServerImpl (RaftServerImpl.java:setRole(174)) - 87c8d9bf-e5fd-4c93-82d7-07f29d18cd92@group-77526F9E3ECC: changes role from CANDIDATE to LEADER at term 1 for changeToLeader
2019-09-25 11:00:12,989 [87c8d9bf-e5fd-4c93-82d7-07f29d18cd92@group-77526F9E3ECC:LeaderElection17] INFO  impl.RaftServerImpl (ServerState.java:setLeader(253)) - 87c8d9bf-e5fd-4c93-82d7-07f29d18cd92@group-77526F9E3ECC: change Leader from null to 87c8d9bf-e5fd-4c93-82d7-07f29d18cd92 at term 1 for becomeLeader, leader elected after 5162ms
2019-09-25 11:00:12,990 [87c8d9bf-e5fd-4c93-82d7-07f29d18cd92@group-77526F9E3ECC:LeaderElection17] INFO  server.RaftServerConfigKeys (ConfUtils.java:logGet(43)) - raft.server.staging.catchup.gap = 1000 (default)
2019-09-25 11:00:12,990 [87c8d9bf-e5fd-4c93-82d7-07f29d18cd92@group-77526F9E3ECC:LeaderElection17] INFO  server.RaftServerConfigKeys (ConfUtils.java:logGet(43)) - raft.server.rpc.sleep.time = 25ms (default)
2019-09-25 11:00:12,990 [87c8d9bf-e5fd-4c93-82d7-07f29d18cd92@group-77526F9E3ECC:LeaderElection17] INFO  server.RaftServerConfigKeys (ConfUtils.java:logGet(43)) - raft.server.write.element-limit = 4096 (default)
2019-09-25 11:00:12,990 [87c8d9bf-e5fd-4c93-82d7-07f29d18cd92@group-77526F9E3ECC:LeaderElection17] INFO  server.RaftServerConfigKeys (ConfUtils.java:logGet(43)) - raft.server.watch.timeout = 10s (default)
2019-09-25 11:00:12,990 [87c8d9bf-e5fd-4c93-82d7-07f29d18cd92@group-77526F9E3ECC:LeaderElection17] INFO  server.RaftServerConfigKeys (ConfUtils.java:logGet(43)) - raft.server.watch.timeout.denomination = 1s (default)
2019-09-25 11:00:12,990 [87c8d9bf-e5fd-4c93-82d7-07f29d18cd92@group-77526F9E3ECC:LeaderElection17] INFO  server.RaftServerConfigKeys (ConfUtils.java:logGet(43)) - raft.server.watch.element-limit = 65536 (default)
2019-09-25 11:00:12,994 [87c8d9bf-e5fd-4c93-82d7-07f29d18cd92@group-77526F9E3ECC:LeaderElection17] INFO  impl.RoleInfo (RoleInfo.java:updateAndGet(143)) - 87c8d9bf-e5fd-4c93-82d7-07f29d18cd92: start LeaderState
2019-09-25 11:00:12,994 [87c8d9bf-e5fd-4c93-82d7-07f29d18cd92@group-77526F9E3ECC:LeaderElection17] INFO  segmented.SegmentedRaftLogWorker (SegmentedRaftLogWorker.java:startLogSegment(380)) - 87c8d9bf-e5fd-4c93-82d7-07f29d18cd92@group-77526F9E3ECC-SegmentedRaftLogWorker: Starting segment from index:0
2019-09-25 11:00:12,994 [87c8d9bf-e5fd-4c93-82d7-07f29d18cd92@group-77526F9E3ECC:LeaderElection17] INFO  impl.RaftServerImpl (ServerState.java:setRaftConf(354)) - 87c8d9bf-e5fd-4c93-82d7-07f29d18cd92@group-77526F9E3ECC: set configuration 0: [87c8d9bf-e5fd-4c93-82d7-07f29d18cd92:192.168.30.6:45400], old=null at 0
2019-09-25 11:00:13,034 [Thread-294] INFO  impl.FollowerState (FollowerState.java:run(106)) - 10236b5f-bff6-485e-aafa-3b26ea1d6574:group-474418EEB874 changes to CANDIDATE, lastRpcTime:5124, electionTimeout:5124ms
2019-09-25 11:00:13,034 [Thread-294] INFO  impl.RoleInfo (RoleInfo.java:shutdownFollowerState(121)) - 10236b5f-bff6-485e-aafa-3b26ea1d6574: shutdown FollowerState
2019-09-25 11:00:13,034 [Thread-294] INFO  impl.RaftServerImpl (RaftServerImpl.java:setRole(174)) - 10236b5f-bff6-485e-aafa-3b26ea1d6574@group-474418EEB874: changes role from  FOLLOWER to CANDIDATE at term 0 for changeToCandidate
2019-09-25 11:00:13,034 [Thread-294] INFO  impl.RoleInfo (RoleInfo.java:updateAndGet(143)) - 10236b5f-bff6-485e-aafa-3b26ea1d6574: start LeaderElection
2019-09-25 11:00:13,048 [87c8d9bf-e5fd-4c93-82d7-07f29d18cd92@group-77526F9E3ECC-SegmentedRaftLogWorker] INFO  segmented.SegmentedRaftLogWorker (SegmentedRaftLogWorker.java:execute(569)) - 87c8d9bf-e5fd-4c93-82d7-07f29d18cd92@group-77526F9E3ECC-SegmentedRaftLogWorker: created new log segment /workdir/hadoop-ozone/integration-test/target/test-dir/MiniOzoneClusterImpl-cb8ecd13-95cc-47fe-8445-93be882af5d4/datanode-5/data/ratis/f89dfd84-2a38-4b45-9519-77526f9e3ecc/current/log_inprogress_0
2019-09-25 11:00:13,062 [Thread-297] INFO  impl.FollowerState (FollowerState.java:run(106)) - b9731c9a-07e8-4827-9eb9-5f784fb447b9:group-6438F16C250B changes to CANDIDATE, lastRpcTime:5095, electionTimeout:5095ms
2019-09-25 11:00:13,062 [Thread-297] INFO  impl.RoleInfo (RoleInfo.java:shutdownFollowerState(121)) - b9731c9a-07e8-4827-9eb9-5f784fb447b9: shutdown FollowerState
2019-09-25 11:00:13,062 [Thread-297] INFO  impl.RaftServerImpl (RaftServerImpl.java:setRole(174)) - b9731c9a-07e8-4827-9eb9-5f784fb447b9@group-6438F16C250B: changes role from  FOLLOWER to CANDIDATE at term 0 for changeToCandidate
2019-09-25 11:00:13,062 [Thread-297] INFO  impl.RoleInfo (RoleInfo.java:updateAndGet(143)) - b9731c9a-07e8-4827-9eb9-5f784fb447b9: start LeaderElection
2019-09-25 11:00:13,106 [Thread-300] INFO  impl.FollowerState (FollowerState.java:run(106)) - b9731c9a-07e8-4827-9eb9-5f784fb447b9:group-B02A97286828 changes to CANDIDATE, lastRpcTime:5032, electionTimeout:5032ms
2019-09-25 11:00:13,106 [Thread-300] INFO  impl.RoleInfo (RoleInfo.java:shutdownFollowerState(121)) - b9731c9a-07e8-4827-9eb9-5f784fb447b9: shutdown FollowerState
2019-09-25 11:00:13,107 [Thread-300] INFO  impl.RaftServerImpl (RaftServerImpl.java:setRole(174)) - b9731c9a-07e8-4827-9eb9-5f784fb447b9@group-B02A97286828: changes role from  FOLLOWER to CANDIDATE at term 0 for changeToCandidate
2019-09-25 11:00:13,107 [Thread-300] INFO  impl.RoleInfo (RoleInfo.java:updateAndGet(143)) - b9731c9a-07e8-4827-9eb9-5f784fb447b9: start LeaderElection
2019-09-25 11:00:13,262 [Thread-303] INFO  impl.FollowerState (FollowerState.java:run(106)) - 10236b5f-bff6-485e-aafa-3b26ea1d6574:group-4192A5379F9C changes to CANDIDATE, lastRpcTime:5102, electionTimeout:5102ms
2019-09-25 11:00:13,263 [Thread-303] INFO  impl.RoleInfo (RoleInfo.java:shutdownFollowerState(121)) - 10236b5f-bff6-485e-aafa-3b26ea1d6574: shutdown FollowerState
2019-09-25 11:00:13,263 [Thread-303] INFO  impl.RaftServerImpl (RaftServerImpl.java:setRole(174)) - 10236b5f-bff6-485e-aafa-3b26ea1d6574@group-4192A5379F9C: changes role from  FOLLOWER to CANDIDATE at term 0 for changeToCandidate
2019-09-25 11:00:13,263 [Thread-303] INFO  impl.RoleInfo (RoleInfo.java:updateAndGet(143)) - 10236b5f-bff6-485e-aafa-3b26ea1d6574: start LeaderElection
2019-09-25 11:00:13,307 [Thread-312] INFO  impl.FollowerState (FollowerState.java:run(106)) - 10236b5f-bff6-485e-aafa-3b26ea1d6574:group-F7CDF0A4393A changes to CANDIDATE, lastRpcTime:5000, electionTimeout:5000ms
2019-09-25 11:00:13,307 [Thread-312] INFO  impl.RoleInfo (RoleInfo.java:shutdownFollowerState(121)) - 10236b5f-bff6-485e-aafa-3b26ea1d6574: shutdown FollowerState
2019-09-25 11:00:13,308 [Thread-312] INFO  impl.RaftServerImpl (RaftServerImpl.java:setRole(174)) - 10236b5f-bff6-485e-aafa-3b26ea1d6574@group-F7CDF0A4393A: changes role from  FOLLOWER to CANDIDATE at term 0 for changeToCandidate
2019-09-25 11:00:13,308 [Thread-312] INFO  impl.RoleInfo (RoleInfo.java:updateAndGet(143)) - 10236b5f-bff6-485e-aafa-3b26ea1d6574: start LeaderElection
2019-09-25 11:00:13,343 [Thread-306] INFO  impl.FollowerState (FollowerState.java:run(106)) - 10236b5f-bff6-485e-aafa-3b26ea1d6574:group-A0C1EFD1E870 changes to CANDIDATE, lastRpcTime:5145, electionTimeout:5145ms
2019-09-25 11:00:13,344 [Thread-306] INFO  impl.RoleInfo (RoleInfo.java:shutdownFollowerState(121)) - 10236b5f-bff6-485e-aafa-3b26ea1d6574: shutdown FollowerState
2019-09-25 11:00:13,344 [Thread-306] INFO  impl.RaftServerImpl (RaftServerImpl.java:setRole(174)) - 10236b5f-bff6-485e-aafa-3b26ea1d6574@group-A0C1EFD1E870: changes role from  FOLLOWER to CANDIDATE at term 0 for changeToCandidate
2019-09-25 11:00:13,344 [Thread-306] INFO  impl.RoleInfo (RoleInfo.java:updateAndGet(143)) - 10236b5f-bff6-485e-aafa-3b26ea1d6574: start LeaderElection
2019-09-25 11:00:13,377 [Thread-309] INFO  impl.FollowerState (FollowerState.java:run(106)) - 024c4dd7-7c9d-4cdb-8271-6a4ddb62c17e:group-AB757A6B681D changes to CANDIDATE, lastRpcTime:5130, electionTimeout:5130ms
2019-09-25 11:00:13,377 [Thread-309] INFO  impl.RoleInfo (RoleInfo.java:shutdownFollowerState(121)) - 024c4dd7-7c9d-4cdb-8271-6a4ddb62c17e: shutdown FollowerState
2019-09-25 11:00:13,377 [Thread-309] INFO  impl.RaftServerImpl (RaftServerImpl.java:setRole(174)) - 024c4dd7-7c9d-4cdb-8271-6a4ddb62c17e@group-AB757A6B681D: changes role from  FOLLOWER to CANDIDATE at term 0 for changeToCandidate
2019-09-25 11:00:13,378 [Thread-309] INFO  impl.RoleInfo (RoleInfo.java:updateAndGet(143)) - 024c4dd7-7c9d-4cdb-8271-6a4ddb62c17e: start LeaderElection
2019-09-25 11:00:13,490 [Thread-319] INFO  impl.FollowerState (FollowerState.java:run(106)) - 5f9a0e92-828f-4406-8370-fc24211be18d:group-8C8046F07407 changes to CANDIDATE, lastRpcTime:5060, electionTimeout:5060ms
2019-09-25 11:00:13,490 [Thread-319] INFO  impl.RoleInfo (RoleInfo.java:shutdownFollowerState(121)) - 5f9a0e92-828f-4406-8370-fc24211be18d: shutdown FollowerState
2019-09-25 11:00:13,490 [Thread-319] INFO  impl.RaftServerImpl (RaftServerImpl.java:setRole(174)) - 5f9a0e92-828f-4406-8370-fc24211be18d@group-8C8046F07407: changes role from  FOLLOWER to CANDIDATE at term 0 for changeToCandidate
2019-09-25 11:00:13,491 [Thread-319] INFO  impl.RoleInfo (RoleInfo.java:updateAndGet(143)) - 5f9a0e92-828f-4406-8370-fc24211be18d: start LeaderElection
2019-09-25 11:00:13,554 [Thread-322] INFO  impl.FollowerState (FollowerState.java:run(106)) - 87c8d9bf-e5fd-4c93-82d7-07f29d18cd92:group-BE09A61ACAF1 changes to CANDIDATE, lastRpcTime:5071, electionTimeout:5071ms
2019-09-25 11:00:13,554 [Thread-322] INFO  impl.RoleInfo (RoleInfo.java:shutdownFollowerState(121)) - 87c8d9bf-e5fd-4c93-82d7-07f29d18cd92: shutdown FollowerState
2019-09-25 11:00:13,554 [Thread-322] INFO  impl.RaftServerImpl (RaftServerImpl.java:setRole(174)) - 87c8d9bf-e5fd-4c93-82d7-07f29d18cd92@group-BE09A61ACAF1: changes role from  FOLLOWER to CANDIDATE at term 0 for changeToCandidate
2019-09-25 11:00:13,554 [Thread-322] INFO  impl.RoleInfo (RoleInfo.java:updateAndGet(143)) - 87c8d9bf-e5fd-4c93-82d7-07f29d18cd92: start LeaderElection
2019-09-25 11:00:13,576 [Thread-316] INFO  impl.FollowerState (FollowerState.java:run(106)) - 024c4dd7-7c9d-4cdb-8271-6a4ddb62c17e:group-406844D73841 changes to CANDIDATE, lastRpcTime:5197, electionTimeout:5197ms
2019-09-25 11:00:13,576 [Thread-316] INFO  impl.RoleInfo (RoleInfo.java:shutdownFollowerState(121)) - 024c4dd7-7c9d-4cdb-8271-6a4ddb62c17e: shutdown FollowerState
2019-09-25 11:00:13,576 [Thread-316] INFO  impl.RaftServerImpl (RaftServerImpl.java:setRole(174)) - 024c4dd7-7c9d-4cdb-8271-6a4ddb62c17e@group-406844D73841: changes role from  FOLLOWER to CANDIDATE at term 0 for changeToCandidate
2019-09-25 11:00:13,577 [Thread-316] INFO  impl.RoleInfo (RoleInfo.java:updateAndGet(143)) - 024c4dd7-7c9d-4cdb-8271-6a4ddb62c17e: start LeaderElection
2019-09-25 11:00:13,611 [Thread-325] INFO  impl.FollowerState (FollowerState.java:run(106)) - 5f9a0e92-828f-4406-8370-fc24211be18d:group-C6C4F8618661 changes to CANDIDATE, lastRpcTime:5079, electionTimeout:5079ms
2019-09-25 11:00:13,612 [Thread-325] INFO  impl.RoleInfo (RoleInfo.java:shutdownFollowerState(121)) - 5f9a0e92-828f-4406-8370-fc24211be18d: shutdown FollowerState
2019-09-25 11:00:13,612 [Thread-325] INFO  impl.RaftServerImpl (RaftServerImpl.java:setRole(174)) - 5f9a0e92-828f-4406-8370-fc24211be18d@group-C6C4F8618661: changes role from  FOLLOWER to CANDIDATE at term 0 for changeToCandidate
2019-09-25 11:00:13,612 [Thread-325] INFO  impl.RoleInfo (RoleInfo.java:updateAndGet(143)) - 5f9a0e92-828f-4406-8370-fc24211be18d: start LeaderElection
2019-09-25 11:00:13,621 [Thread-328] INFO  impl.FollowerState (FollowerState.java:run(106)) - 642f0824-8397-42da-9ac4-13d7260e7e2f:group-DAD6C4481534 changes to CANDIDATE, lastRpcTime:5035, electionTimeout:5035ms
2019-09-25 11:00:13,622 [Thread-328] INFO  impl.RoleInfo (RoleInfo.java:shutdownFollowerState(121)) - 642f0824-8397-42da-9ac4-13d7260e7e2f: shutdown FollowerState
2019-09-25 11:00:13,622 [Thread-328] INFO  impl.RaftServerImpl (RaftServerImpl.java:setRole(174)) - 642f0824-8397-42da-9ac4-13d7260e7e2f@group-DAD6C4481534: changes role from  FOLLOWER to CANDIDATE at term 0 for changeToCandidate
2019-09-25 11:00:13,622 [Thread-328] INFO  impl.RoleInfo (RoleInfo.java:updateAndGet(143)) - 642f0824-8397-42da-9ac4-13d7260e7e2f: start LeaderElection
2019-09-25 11:00:13,710 [Thread-334] INFO  impl.FollowerState (FollowerState.java:run(106)) - 642f0824-8397-42da-9ac4-13d7260e7e2f:group-96158F29E184 changes to CANDIDATE, lastRpcTime:5023, electionTimeout:5023ms
2019-09-25 11:00:13,710 [Thread-334] INFO  impl.RoleInfo (RoleInfo.java:shutdownFollowerState(121)) - 642f0824-8397-42da-9ac4-13d7260e7e2f: shutdown FollowerState
2019-09-25 11:00:13,711 [Thread-334] INFO  impl.RaftServerImpl (RaftServerImpl.java:setRole(174)) - 642f0824-8397-42da-9ac4-13d7260e7e2f@group-96158F29E184: changes role from  FOLLOWER to CANDIDATE at term 0 for changeToCandidate
2019-09-25 11:00:13,711 [Thread-334] INFO  impl.RoleInfo (RoleInfo.java:updateAndGet(143)) - 642f0824-8397-42da-9ac4-13d7260e7e2f: start LeaderElection
2019-09-25 11:00:13,735 [Thread-331] INFO  impl.FollowerState (FollowerState.java:run(106)) - 024c4dd7-7c9d-4cdb-8271-6a4ddb62c17e:group-75A5A9AF2773 changes to CANDIDATE, lastRpcTime:5089, electionTimeout:5089ms
2019-09-25 11:00:13,736 [Thread-331] INFO  impl.RoleInfo (RoleInfo.java:shutdownFollowerState(121)) - 024c4dd7-7c9d-4cdb-8271-6a4ddb62c17e: shutdown FollowerState
2019-09-25 11:00:13,736 [Thread-331] INFO  impl.RaftServerImpl (RaftServerImpl.java:setRole(174)) - 024c4dd7-7c9d-4cdb-8271-6a4ddb62c17e@group-75A5A9AF2773: changes role from  FOLLOWER to CANDIDATE at term 0 for changeToCandidate
2019-09-25 11:00:13,736 [Thread-331] INFO  impl.RoleInfo (RoleInfo.java:updateAndGet(143)) - 024c4dd7-7c9d-4cdb-8271-6a4ddb62c17e: start LeaderElection
2019-09-25 11:00:13,809 [Thread-340] INFO  impl.FollowerState (FollowerState.java:run(106)) - 5f9a0e92-828f-4406-8370-fc24211be18d:group-74394EFD8F2E changes to CANDIDATE, lastRpcTime:5032, electionTimeout:5032ms
2019-09-25 11:00:13,809 [Thread-340] INFO  impl.RoleInfo (RoleInfo.java:shutdownFollowerState(121)) - 5f9a0e92-828f-4406-8370-fc24211be18d: shutdown FollowerState
2019-09-25 11:00:13,809 [Thread-340] INFO  impl.RaftServerImpl (RaftServerImpl.java:setRole(174)) - 5f9a0e92-828f-4406-8370-fc24211be18d@group-74394EFD8F2E: changes role from  FOLLOWER to CANDIDATE at term 0 for changeToCandidate
2019-09-25 11:00:13,810 [Thread-340] INFO  impl.RoleInfo (RoleInfo.java:updateAndGet(143)) - 5f9a0e92-828f-4406-8370-fc24211be18d: start LeaderElection
2019-09-25 11:00:13,845 [Thread-337] INFO  impl.FollowerState (FollowerState.java:run(106)) - 5f9a0e92-828f-4406-8370-fc24211be18d:group-A44DFED006C8 changes to CANDIDATE, lastRpcTime:5117, electionTimeout:5117ms
2019-09-25 11:00:13,845 [Thread-337] INFO  impl.RoleInfo (RoleInfo.java:shutdownFollowerState(121)) - 5f9a0e92-828f-4406-8370-fc24211be18d: shutdown FollowerState
2019-09-25 11:00:13,845 [Thread-337] INFO  impl.RaftServerImpl (RaftServerImpl.java:setRole(174)) - 5f9a0e92-828f-4406-8370-fc24211be18d@group-A44DFED006C8: changes role from  FOLLOWER to CANDIDATE at term 0 for changeToCandidate
2019-09-25 11:00:13,845 [Thread-337] INFO  impl.RoleInfo (RoleInfo.java:updateAndGet(143)) - 5f9a0e92-828f-4406-8370-fc24211be18d: start LeaderElection
2019-09-25 11:00:13,860 [Thread-343] INFO  impl.FollowerState (FollowerState.java:run(106)) - b9731c9a-07e8-4827-9eb9-5f784fb447b9:group-31C0F503099D changes to CANDIDATE, lastRpcTime:5033, electionTimeout:5033ms
2019-09-25 11:00:13,861 [Thread-343] INFO  impl.RoleInfo (RoleInfo.java:shutdownFollowerState(121)) - b9731c9a-07e8-4827-9eb9-5f784fb447b9: shutdown FollowerState
2019-09-25 11:00:13,861 [Thread-343] INFO  impl.RaftServerImpl (RaftServerImpl.java:setRole(174)) - b9731c9a-07e8-4827-9eb9-5f784fb447b9@group-31C0F503099D: changes role from  FOLLOWER to CANDIDATE at term 0 for changeToCandidate
2019-09-25 11:00:13,861 [Thread-343] INFO  impl.RoleInfo (RoleInfo.java:updateAndGet(143)) - b9731c9a-07e8-4827-9eb9-5f784fb447b9: start LeaderElection
2019-09-25 11:00:14,240 [Thread-349] INFO  impl.FollowerState (FollowerState.java:run(106)) - 024c4dd7-7c9d-4cdb-8271-6a4ddb62c17e:group-D31D9010DD88 changes to CANDIDATE, lastRpcTime:5035, electionTimeout:5035ms
2019-09-25 11:00:14,241 [Thread-349] INFO  impl.RoleInfo (RoleInfo.java:shutdownFollowerState(121)) - 024c4dd7-7c9d-4cdb-8271-6a4ddb62c17e: shutdown FollowerState
2019-09-25 11:00:14,241 [Thread-349] INFO  impl.RaftServerImpl (RaftServerImpl.java:setRole(174)) - 024c4dd7-7c9d-4cdb-8271-6a4ddb62c17e@group-D31D9010DD88: changes role from  FOLLOWER to CANDIDATE at term 0 for changeToCandidate
2019-09-25 11:00:14,241 [Thread-349] INFO  impl.RoleInfo (RoleInfo.java:updateAndGet(143)) - 024c4dd7-7c9d-4cdb-8271-6a4ddb62c17e: start LeaderElection
2019-09-25 11:00:14,299 [Thread-346] INFO  impl.FollowerState (FollowerState.java:run(106)) - e32c4ad0-ba90-43ec-bb55-c70e02bd141a:group-1F6175DB538B changes to CANDIDATE, lastRpcTime:5147, electionTimeout:5147ms
2019-09-25 11:00:14,300 [Thread-346] INFO  impl.RoleInfo (RoleInfo.java:shutdownFollowerState(121)) - e32c4ad0-ba90-43ec-bb55-c70e02bd141a: shutdown FollowerState
2019-09-25 11:00:14,300 [Thread-346] INFO  impl.RaftServerImpl (RaftServerImpl.java:setRole(174)) - e32c4ad0-ba90-43ec-bb55-c70e02bd141a@group-1F6175DB538B: changes role from  FOLLOWER to CANDIDATE at term 0 for changeToCandidate
2019-09-25 11:00:14,300 [Thread-346] INFO  impl.RoleInfo (RoleInfo.java:updateAndGet(143)) - e32c4ad0-ba90-43ec-bb55-c70e02bd141a: start LeaderElection
2019-09-25 11:00:14,375 [Thread-352] INFO  impl.FollowerState (FollowerState.java:run(106)) - 024c4dd7-7c9d-4cdb-8271-6a4ddb62c17e:group-6B67DD3E35FC changes to CANDIDATE, lastRpcTime:5105, electionTimeout:5105ms
2019-09-25 11:00:14,375 [Thread-352] INFO  impl.RoleInfo (RoleInfo.java:shutdownFollowerState(121)) - 024c4dd7-7c9d-4cdb-8271-6a4ddb62c17e: shutdown FollowerState
2019-09-25 11:00:14,375 [Thread-352] INFO  impl.RaftServerImpl (RaftServerImpl.java:setRole(174)) - 024c4dd7-7c9d-4cdb-8271-6a4ddb62c17e@group-6B67DD3E35FC: changes role from  FOLLOWER to CANDIDATE at term 0 for changeToCandidate
2019-09-25 11:00:14,376 [Thread-352] INFO  impl.RoleInfo (RoleInfo.java:updateAndGet(143)) - 024c4dd7-7c9d-4cdb-8271-6a4ddb62c17e: start LeaderElection
2019-09-25 11:00:14,465 [Thread-358] INFO  impl.FollowerState (FollowerState.java:run(106)) - e32c4ad0-ba90-43ec-bb55-c70e02bd141a:group-63B19AF4D091 changes to CANDIDATE, lastRpcTime:5078, electionTimeout:5078ms
2019-09-25 11:00:14,465 [Thread-358] INFO  impl.RoleInfo (RoleInfo.java:shutdownFollowerState(121)) - e32c4ad0-ba90-43ec-bb55-c70e02bd141a: shutdown FollowerState
2019-09-25 11:00:14,465 [Thread-358] INFO  impl.RaftServerImpl (RaftServerImpl.java:setRole(174)) - e32c4ad0-ba90-43ec-bb55-c70e02bd141a@group-63B19AF4D091: changes role from  FOLLOWER to CANDIDATE at term 0 for changeToCandidate
2019-09-25 11:00:14,466 [Thread-358] INFO  impl.RoleInfo (RoleInfo.java:updateAndGet(143)) - e32c4ad0-ba90-43ec-bb55-c70e02bd141a: start LeaderElection
2019-09-25 11:00:14,482 [Thread-355] INFO  impl.FollowerState (FollowerState.java:run(106)) - 87c8d9bf-e5fd-4c93-82d7-07f29d18cd92:group-A1B4858C075A changes to CANDIDATE, lastRpcTime:5158, electionTimeout:5158ms
2019-09-25 11:00:14,482 [Thread-355] INFO  impl.RoleInfo (RoleInfo.java:shutdownFollowerState(121)) - 87c8d9bf-e5fd-4c93-82d7-07f29d18cd92: shutdown FollowerState
2019-09-25 11:00:14,482 [Thread-355] INFO  impl.RaftServerImpl (RaftServerImpl.java:setRole(174)) - 87c8d9bf-e5fd-4c93-82d7-07f29d18cd92@group-A1B4858C075A: changes role from  FOLLOWER to CANDIDATE at term 0 for changeToCandidate
2019-09-25 11:00:14,482 [Thread-355] INFO  impl.RoleInfo (RoleInfo.java:updateAndGet(143)) - 87c8d9bf-e5fd-4c93-82d7-07f29d18cd92: start LeaderElection
2019-09-25 11:00:14,509 [Thread-361] INFO  impl.FollowerState (FollowerState.java:run(106)) - e32c4ad0-ba90-43ec-bb55-c70e02bd141a:group-4B2D1E2E3EA2 changes to CANDIDATE, lastRpcTime:5057, electionTimeout:5049ms
2019-09-25 11:00:14,510 [Thread-361] INFO  impl.RoleInfo (RoleInfo.java:shutdownFollowerState(121)) - e32c4ad0-ba90-43ec-bb55-c70e02bd141a: shutdown FollowerState
2019-09-25 11:00:14,510 [Thread-361] INFO  impl.RaftServerImpl (RaftServerImpl.java:setRole(174)) - e32c4ad0-ba90-43ec-bb55-c70e02bd141a@group-4B2D1E2E3EA2: changes role from  FOLLOWER to CANDIDATE at term 0 for changeToCandidate
2019-09-25 11:00:14,510 [Thread-361] INFO  impl.RoleInfo (RoleInfo.java:updateAndGet(143)) - e32c4ad0-ba90-43ec-bb55-c70e02bd141a: start LeaderElection
2019-09-25 11:00:14,633 [ForkJoinPool.commonPool-worker-1] INFO  ozoneimpl.OzoneContainer (OzoneContainer.java:stop(231)) - Attempting to stop container services.
2019-09-25 11:00:14,633 [main] INFO  ozoneimpl.OzoneContainer (OzoneContainer.java:stop(231)) - Attempting to stop container services.
2019-09-25 11:00:14,634 [ForkJoinPool.commonPool-worker-1] INFO  impl.RaftServerProxy (RaftServerProxy.java:lambda$close$4(314)) - 024c4dd7-7c9d-4cdb-8271-6a4ddb62c17e: close
2019-09-25 11:00:14,634 [main] INFO  impl.RaftServerProxy (RaftServerProxy.java:lambda$close$4(314)) - 642f0824-8397-42da-9ac4-13d7260e7e2f: close
2019-09-25 11:00:14,637 [main] INFO  impl.RaftServerImpl (RaftServerImpl.java:lambda$shutdown$3(251)) - 642f0824-8397-42da-9ac4-13d7260e7e2f@group-DAD6C4481534: shutdown
2019-09-25 11:00:14,637 [ForkJoinPool.commonPool-worker-1] INFO  impl.RaftServerImpl (RaftServerImpl.java:lambda$shutdown$3(251)) - 024c4dd7-7c9d-4cdb-8271-6a4ddb62c17e@group-406844D73841: shutdown
2019-09-25 11:00:14,638 [main] INFO  util.JmxRegister (JmxRegister.java:unregister(73)) - Successfully un-registered JMX Bean with object name Ratis:service=RaftServer,group=group-DAD6C4481534,id=642f0824-8397-42da-9ac4-13d7260e7e2f
2019-09-25 11:00:14,638 [ForkJoinPool.commonPool-worker-1] INFO  util.JmxRegister (JmxRegister.java:unregister(73)) - Successfully un-registered JMX Bean with object name Ratis:service=RaftServer,group=group-406844D73841,id=024c4dd7-7c9d-4cdb-8271-6a4ddb62c17e
2019-09-25 11:00:14,638 [main] INFO  impl.RoleInfo (RoleInfo.java:shutdownLeaderElection(134)) - 642f0824-8397-42da-9ac4-13d7260e7e2f: shutdown LeaderElection
2019-09-25 11:00:14,638 [ForkJoinPool.commonPool-worker-1] INFO  impl.RoleInfo (RoleInfo.java:shutdownLeaderElection(134)) - 024c4dd7-7c9d-4cdb-8271-6a4ddb62c17e: shutdown LeaderElection
2019-09-25 11:00:14,639 [main] INFO  impl.StateMachineUpdater (StateMachineUpdater.java:stopAndJoin(125)) - 642f0824-8397-42da-9ac4-13d7260e7e2f@group-DAD6C4481534-StateMachineUpdater: set stopIndex = -1
2019-09-25 11:00:14,639 [ForkJoinPool.commonPool-worker-1] INFO  impl.StateMachineUpdater (StateMachineUpdater.java:stopAndJoin(125)) - 024c4dd7-7c9d-4cdb-8271-6a4ddb62c17e@group-406844D73841-StateMachineUpdater: set stopIndex = -1
2019-09-25 11:00:14,653 [main] INFO  impl.RaftServerImpl (ServerState.java:close(385)) - 642f0824-8397-42da-9ac4-13d7260e7e2f@group-DAD6C4481534: closes. applyIndex: -1
2019-09-25 11:00:14,654 [ForkJoinPool.commonPool-worker-1] INFO  impl.RaftServerImpl (ServerState.java:close(385)) - 024c4dd7-7c9d-4cdb-8271-6a4ddb62c17e@group-406844D73841: closes. applyIndex: -1
2019-09-25 11:00:14,656 [024c4dd7-7c9d-4cdb-8271-6a4ddb62c17e@group-406844D73841-SegmentedRaftLogWorker] INFO  segmented.SegmentedRaftLogWorker (SegmentedRaftLogWorker.java:run(313)) - 024c4dd7-7c9d-4cdb-8271-6a4ddb62c17e@group-406844D73841-SegmentedRaftLogWorker was interrupted, exiting. There are 0 tasks remaining in the queue.
2019-09-25 11:00:14,656 [642f0824-8397-42da-9ac4-13d7260e7e2f@group-DAD6C4481534-SegmentedRaftLogWorker] INFO  segmented.SegmentedRaftLogWorker (SegmentedRaftLogWorker.java:run(313)) - 642f0824-8397-42da-9ac4-13d7260e7e2f@group-DAD6C4481534-SegmentedRaftLogWorker was interrupted, exiting. There are 0 tasks remaining in the queue.
2019-09-25 11:00:14,656 [ForkJoinPool.commonPool-worker-1] INFO  segmented.SegmentedRaftLogWorker (SegmentedRaftLogWorker.java:close(228)) - 024c4dd7-7c9d-4cdb-8271-6a4ddb62c17e@group-406844D73841-SegmentedRaftLogWorker close()
2019-09-25 11:00:14,656 [main] INFO  segmented.SegmentedRaftLogWorker (SegmentedRaftLogWorker.java:close(228)) - 642f0824-8397-42da-9ac4-13d7260e7e2f@group-DAD6C4481534-SegmentedRaftLogWorker close()
2019-09-25 11:00:14,663 [ForkJoinPool.commonPool-worker-1] INFO  impl.RaftServerImpl (RaftServerImpl.java:lambda$shutdown$3(251)) - 024c4dd7-7c9d-4cdb-8271-6a4ddb62c17e@group-6B67DD3E35FC: shutdown
2019-09-25 11:00:14,669 [main] INFO  impl.RaftServerImpl (RaftServerImpl.java:lambda$shutdown$3(251)) - 642f0824-8397-42da-9ac4-13d7260e7e2f@group-F507A41D6FA8: shutdown
2019-09-25 11:00:14,669 [ForkJoinPool.commonPool-worker-1] INFO  util.JmxRegister (JmxRegister.java:unregister(73)) - Successfully un-registered JMX Bean with object name Ratis:service=RaftServer,group=group-6B67DD3E35FC,id=024c4dd7-7c9d-4cdb-8271-6a4ddb62c17e
2019-09-25 11:00:14,670 [main] INFO  util.JmxRegister (JmxRegister.java:unregister(73)) - Successfully un-registered JMX Bean with object name Ratis:service=RaftServer,group=group-F507A41D6FA8,id=642f0824-8397-42da-9ac4-13d7260e7e2f
2019-09-25 11:00:14,670 [ForkJoinPool.commonPool-worker-1] INFO  impl.RoleInfo (RoleInfo.java:shutdownLeaderElection(134)) - 024c4dd7-7c9d-4cdb-8271-6a4ddb62c17e: shutdown LeaderElection
2019-09-25 11:00:14,670 [main] INFO  impl.RoleInfo (RoleInfo.java:shutdownLeaderState(104)) - 642f0824-8397-42da-9ac4-13d7260e7e2f: shutdown LeaderState
2019-09-25 11:00:14,680 [Thread-364] INFO  impl.FollowerState (FollowerState.java:run(106)) - e32c4ad0-ba90-43ec-bb55-c70e02bd141a:group-CED32A3CCACF changes to CANDIDATE, lastRpcTime:5160, electionTimeout:5159ms
2019-09-25 11:00:14,670 [ForkJoinPool.commonPool-worker-1] INFO  impl.StateMachineUpdater (StateMachineUpdater.java:stopAndJoin(125)) - 024c4dd7-7c9d-4cdb-8271-6a4ddb62c17e@group-6B67DD3E35FC-StateMachineUpdater: set stopIndex = -1
2019-09-25 11:00:14,680 [Thread-364] INFO  impl.RoleInfo (RoleInfo.java:shutdownFollowerState(121)) - e32c4ad0-ba90-43ec-bb55-c70e02bd141a: shutdown FollowerState
2019-09-25 11:00:14,681 [ForkJoinPool.commonPool-worker-1] INFO  impl.RaftServerImpl (ServerState.java:close(385)) - 024c4dd7-7c9d-4cdb-8271-6a4ddb62c17e@group-6B67DD3E35FC: closes. applyIndex: -1
2019-09-25 11:00:14,681 [Thread-364] INFO  impl.RaftServerImpl (RaftServerImpl.java:setRole(174)) - e32c4ad0-ba90-43ec-bb55-c70e02bd141a@group-CED32A3CCACF: changes role from  FOLLOWER to CANDIDATE at term 0 for changeToCandidate
2019-09-25 11:00:14,681 [EventQueue-StaleNodeForStaleNodeHandler] INFO  node.StaleNodeHandler (StaleNodeHandler.java:onMessage(58)) - Datanode 642f0824-8397-42da-9ac4-13d7260e7e2f{ip: 192.168.30.6, host: pr-hdds-1569-5gmkr-4255264070, networkLocation: /default-rack, certSerialId: null} moved to stale state. Finalizing its pipelines [PipelineID=49770d4f-4d30-44de-8c24-f507a41d6fa8, PipelineID=13147220-e632-49f0-ace9-dad6c4481534, PipelineID=e830b8b1-2f84-4745-bc51-b89217195bc3, PipelineID=6988fdc6-8517-4906-829c-96158f29e184, PipelineID=bb713445-c486-4c7f-a202-aec2f25c6b8d, PipelineID=9df8850f-ed56-4222-a472-d0048fdbaf30]
2019-09-25 11:00:14,681 [Thread-364] INFO  impl.RoleInfo (RoleInfo.java:updateAndGet(143)) - e32c4ad0-ba90-43ec-bb55-c70e02bd141a: start LeaderElection
2019-09-25 11:00:14,681 [024c4dd7-7c9d-4cdb-8271-6a4ddb62c17e@group-6B67DD3E35FC-SegmentedRaftLogWorker] INFO  segmented.SegmentedRaftLogWorker (SegmentedRaftLogWorker.java:run(313)) - 024c4dd7-7c9d-4cdb-8271-6a4ddb62c17e@group-6B67DD3E35FC-SegmentedRaftLogWorker was interrupted, exiting. There are 0 tasks remaining in the queue.
2019-09-25 11:00:14,682 [EventQueue-StaleNodeForStaleNodeHandler] INFO  pipeline.SCMPipelineManager (SCMPipelineManager.java:finalizeAndDestroyPipeline(316)) - destroying pipeline:Pipeline[ Id: 49770d4f-4d30-44de-8c24-f507a41d6fa8, Nodes: 642f0824-8397-42da-9ac4-13d7260e7e2f{ip: 192.168.30.6, host: pr-hdds-1569-5gmkr-4255264070, networkLocation: /default-rack, certSerialId: null}, Type:RATIS, Factor:ONE, State:OPEN]
2019-09-25 11:00:14,681 [main] INFO  impl.PendingRequests (PendingRequests.java:sendNotLeaderResponses(202)) - 642f0824-8397-42da-9ac4-13d7260e7e2f-PendingRequests: sendNotLeaderResponses
2019-09-25 11:00:14,684 [ForkJoinPool.commonPool-worker-1] INFO  segmented.SegmentedRaftLogWorker (SegmentedRaftLogWorker.java:close(228)) - 024c4dd7-7c9d-4cdb-8271-6a4ddb62c17e@group-6B67DD3E35FC-SegmentedRaftLogWorker close()
2019-09-25 11:00:14,688 [ForkJoinPool.commonPool-worker-1] INFO  impl.RaftServerImpl (RaftServerImpl.java:lambda$shutdown$3(251)) - 024c4dd7-7c9d-4cdb-8271-6a4ddb62c17e@group-D3643D614FE5: shutdown
2019-09-25 11:00:14,689 [ForkJoinPool.commonPool-worker-1] INFO  util.JmxRegister (JmxRegister.java:unregister(73)) - Successfully un-registered JMX Bean with object name Ratis:service=RaftServer,group=group-D3643D614FE5,id=024c4dd7-7c9d-4cdb-8271-6a4ddb62c17e
2019-09-25 11:00:14,689 [ForkJoinPool.commonPool-worker-1] INFO  impl.RoleInfo (RoleInfo.java:shutdownLeaderState(104)) - 024c4dd7-7c9d-4cdb-8271-6a4ddb62c17e: shutdown LeaderState
2019-09-25 11:00:14,689 [ForkJoinPool.commonPool-worker-1] INFO  impl.PendingRequests (PendingRequests.java:sendNotLeaderResponses(202)) - 024c4dd7-7c9d-4cdb-8271-6a4ddb62c17e-PendingRequests: sendNotLeaderResponses
2019-09-25 11:00:14,691 [main] INFO  impl.StateMachineUpdater (StateMachineUpdater.java:stopAndJoin(125)) - 642f0824-8397-42da-9ac4-13d7260e7e2f@group-F507A41D6FA8-StateMachineUpdater: set stopIndex = 0
2019-09-25 11:00:14,692 [ForkJoinPool.commonPool-worker-1] INFO  impl.StateMachineUpdater (StateMachineUpdater.java:stopAndJoin(125)) - 024c4dd7-7c9d-4cdb-8271-6a4ddb62c17e@group-D3643D614FE5-StateMachineUpdater: set stopIndex = 0
2019-09-25 11:00:14,693 [main] INFO  impl.RaftServerImpl (ServerState.java:close(385)) - 642f0824-8397-42da-9ac4-13d7260e7e2f@group-F507A41D6FA8: closes. applyIndex: 0
2019-09-25 11:00:14,692 [Thread-367] INFO  impl.FollowerState (FollowerState.java:run(106)) - e32c4ad0-ba90-43ec-bb55-c70e02bd141a:group-6BEE706C674D changes to CANDIDATE, lastRpcTime:5127, electionTimeout:5126ms
2019-09-25 11:00:14,693 [ForkJoinPool.commonPool-worker-1] INFO  impl.RaftServerImpl (ServerState.java:close(385)) - 024c4dd7-7c9d-4cdb-8271-6a4ddb62c17e@group-D3643D614FE5: closes. applyIndex: 0
2019-09-25 11:00:14,693 [642f0824-8397-42da-9ac4-13d7260e7e2f@group-F507A41D6FA8-SegmentedRaftLogWorker] INFO  segmented.SegmentedRaftLogWorker (SegmentedRaftLogWorker.java:run(313)) - 642f0824-8397-42da-9ac4-13d7260e7e2f@group-F507A41D6FA8-SegmentedRaftLogWorker was interrupted, exiting. There are 0 tasks remaining in the queue.
2019-09-25 11:00:14,693 [Thread-367] INFO  impl.RoleInfo (RoleInfo.java:shutdownFollowerState(121)) - e32c4ad0-ba90-43ec-bb55-c70e02bd141a: shutdown FollowerState
2019-09-25 11:00:14,694 [024c4dd7-7c9d-4cdb-8271-6a4ddb62c17e@group-D3643D614FE5-SegmentedRaftLogWorker] INFO  segmented.SegmentedRaftLogWorker (SegmentedRaftLogWorker.java:run(313)) - 024c4dd7-7c9d-4cdb-8271-6a4ddb62c17e@group-D3643D614FE5-SegmentedRaftLogWorker was interrupted, exiting. There are 0 tasks remaining in the queue.
2019-09-25 11:00:14,694 [Thread-367] INFO  impl.RaftServerImpl (RaftServerImpl.java:setRole(174)) - e32c4ad0-ba90-43ec-bb55-c70e02bd141a@group-6BEE706C674D: changes role from  FOLLOWER to CANDIDATE at term 0 for changeToCandidate
2019-09-25 11:00:14,699 [Thread-367] INFO  impl.RoleInfo (RoleInfo.java:updateAndGet(143)) - e32c4ad0-ba90-43ec-bb55-c70e02bd141a: start LeaderElection
2019-09-25 11:00:14,699 [EventQueue-StaleNodeForStaleNodeHandler] INFO  pipeline.PipelineStateManager (PipelineStateManager.java:finalizePipeline(123)) - Pipeline Pipeline[ Id: 49770d4f-4d30-44de-8c24-f507a41d6fa8, Nodes: 642f0824-8397-42da-9ac4-13d7260e7e2f{ip: 192.168.30.6, host: pr-hdds-1569-5gmkr-4255264070, networkLocation: /default-rack, certSerialId: null}, Type:RATIS, Factor:ONE, State:CLOSED] moved to CLOSED state
2019-09-25 11:00:14,701 [EventQueue-StaleNodeForStaleNodeHandler] INFO  pipeline.SCMPipelineManager (SCMPipelineManager.java:finalizeAndDestroyPipeline(316)) - destroying pipeline:Pipeline[ Id: 13147220-e632-49f0-ace9-dad6c4481534, Nodes: 642f0824-8397-42da-9ac4-13d7260e7e2f{ip: 192.168.30.6, host: pr-hdds-1569-5gmkr-4255264070, networkLocation: /default-rack, certSerialId: null}, Type:RATIS, Factor:ONE, State:OPEN]
2019-09-25 11:00:14,702 [EventQueue-StaleNodeForStaleNodeHandler] INFO  pipeline.PipelineStateManager (PipelineStateManager.java:finalizePipeline(123)) - Pipeline Pipeline[ Id: 13147220-e632-49f0-ace9-dad6c4481534, Nodes: 642f0824-8397-42da-9ac4-13d7260e7e2f{ip: 192.168.30.6, host: pr-hdds-1569-5gmkr-4255264070, networkLocation: /default-rack, certSerialId: null}, Type:RATIS, Factor:ONE, State:CLOSED] moved to CLOSED state
2019-09-25 11:00:14,702 [EventQueue-StaleNodeForStaleNodeHandler] INFO  pipeline.SCMPipelineManager (SCMPipelineManager.java:finalizeAndDestroyPipeline(316)) - destroying pipeline:Pipeline[ Id: e830b8b1-2f84-4745-bc51-b89217195bc3, Nodes: 642f0824-8397-42da-9ac4-13d7260e7e2f{ip: 192.168.30.6, host: pr-hdds-1569-5gmkr-4255264070, networkLocation: /default-rack, certSerialId: null}, Type:RATIS, Factor:ONE, State:OPEN]
2019-09-25 11:00:14,703 [EventQueue-StaleNodeForStaleNodeHandler] INFO  pipeline.PipelineStateManager (PipelineStateManager.java:finalizePipeline(123)) - Pipeline Pipeline[ Id: e830b8b1-2f84-4745-bc51-b89217195bc3, Nodes: 642f0824-8397-42da-9ac4-13d7260e7e2f{ip: 192.168.30.6, host: pr-hdds-1569-5gmkr-4255264070, networkLocation: /default-rack, certSerialId: null}, Type:RATIS, Factor:ONE, State:CLOSED] moved to CLOSED state
2019-09-25 11:00:14,703 [EventQueue-StaleNodeForStaleNodeHandler] INFO  pipeline.SCMPipelineManager (SCMPipelineManager.java:finalizeAndDestroyPipeline(316)) - destroying pipeline:Pipeline[ Id: 6988fdc6-8517-4906-829c-96158f29e184, Nodes: 642f0824-8397-42da-9ac4-13d7260e7e2f{ip: 192.168.30.6, host: pr-hdds-1569-5gmkr-4255264070, networkLocation: /default-rack, certSerialId: null}, Type:RATIS, Factor:ONE, State:OPEN]
2019-09-25 11:00:14,703 [EventQueue-StaleNodeForStaleNodeHandler] INFO  pipeline.PipelineStateManager (PipelineStateManager.java:finalizePipeline(123)) - Pipeline Pipeline[ Id: 6988fdc6-8517-4906-829c-96158f29e184, Nodes: 642f0824-8397-42da-9ac4-13d7260e7e2f{ip: 192.168.30.6, host: pr-hdds-1569-5gmkr-4255264070, networkLocation: /default-rack, certSerialId: null}, Type:RATIS, Factor:ONE, State:CLOSED] moved to CLOSED state
2019-09-25 11:00:14,704 [EventQueue-StaleNodeForStaleNodeHandler] INFO  pipeline.SCMPipelineManager (SCMPipelineManager.java:finalizeAndDestroyPipeline(316)) - destroying pipeline:Pipeline[ Id: bb713445-c486-4c7f-a202-aec2f25c6b8d, Nodes: 642f0824-8397-42da-9ac4-13d7260e7e2f{ip: 192.168.30.6, host: pr-hdds-1569-5gmkr-4255264070, networkLocation: /default-rack, certSerialId: null}, Type:RATIS, Factor:ONE, State:OPEN]
2019-09-25 11:00:14,704 [EventQueue-StaleNodeForStaleNodeHandler] INFO  pipeline.PipelineStateManager (PipelineStateManager.java:finalizePipeline(123)) - Pipeline Pipeline[ Id: bb713445-c486-4c7f-a202-aec2f25c6b8d, Nodes: 642f0824-8397-42da-9ac4-13d7260e7e2f{ip: 192.168.30.6, host: pr-hdds-1569-5gmkr-4255264070, networkLocation: /default-rack, certSerialId: null}, Type:RATIS, Factor:ONE, State:CLOSED] moved to CLOSED state
2019-09-25 11:00:14,704 [EventQueue-StaleNodeForStaleNodeHandler] INFO  pipeline.SCMPipelineManager (SCMPipelineManager.java:finalizeAndDestroyPipeline(316)) - destroying pipeline:Pipeline[ Id: 9df8850f-ed56-4222-a472-d0048fdbaf30, Nodes: 642f0824-8397-42da-9ac4-13d7260e7e2f{ip: 192.168.30.6, host: pr-hdds-1569-5gmkr-4255264070, networkLocation: /default-rack, certSerialId: null}, Type:RATIS, Factor:ONE, State:OPEN]
2019-09-25 11:00:14,705 [EventQueue-StaleNodeForStaleNodeHandler] INFO  pipeline.PipelineStateManager (PipelineStateManager.java:finalizePipeline(123)) - Pipeline Pipeline[ Id: 9df8850f-ed56-4222-a472-d0048fdbaf30, Nodes: 642f0824-8397-42da-9ac4-13d7260e7e2f{ip: 192.168.30.6, host: pr-hdds-1569-5gmkr-4255264070, networkLocation: /default-rack, certSerialId: null}, Type:RATIS, Factor:ONE, State:CLOSED] moved to CLOSED state
2019-09-25 11:00:14,705 [EventQueue-StaleNodeForStaleNodeHandler] INFO  node.StaleNodeHandler (StaleNodeHandler.java:onMessage(58)) - Datanode 024c4dd7-7c9d-4cdb-8271-6a4ddb62c17e{ip: 192.168.30.6, host: pr-hdds-1569-5gmkr-4255264070, networkLocation: /default-rack, certSerialId: null} moved to stale state. Finalizing its pipelines [PipelineID=eafbe55c-0727-4c00-a00e-406844d73841, PipelineID=772adde8-8070-43c4-a942-6b67dd3e35fc, PipelineID=17f562a5-f8a5-43db-8286-d3643d614fe5, PipelineID=7faffb15-4744-4832-91c6-ab757a6b681d, PipelineID=bfc4953d-5a4c-4fe7-a0ed-d31d9010dd88, PipelineID=974ebe69-b3d2-41bf-94fc-75a5a9af2773]
2019-09-25 11:00:14,705 [EventQueue-StaleNodeForStaleNodeHandler] INFO  pipeline.SCMPipelineManager (SCMPipelineManager.java:finalizeAndDestroyPipeline(316)) - destroying pipeline:Pipeline[ Id: eafbe55c-0727-4c00-a00e-406844d73841, Nodes: 024c4dd7-7c9d-4cdb-8271-6a4ddb62c17e{ip: 192.168.30.6, host: pr-hdds-1569-5gmkr-4255264070, networkLocation: /default-rack, certSerialId: null}, Type:RATIS, Factor:ONE, State:OPEN]
2019-09-25 11:00:14,706 [EventQueue-StaleNodeForStaleNodeHandler] INFO  pipeline.PipelineStateManager (PipelineStateManager.java:finalizePipeline(123)) - Pipeline Pipeline[ Id: eafbe55c-0727-4c00-a00e-406844d73841, Nodes: 024c4dd7-7c9d-4cdb-8271-6a4ddb62c17e{ip: 192.168.30.6, host: pr-hdds-1569-5gmkr-4255264070, networkLocation: /default-rack, certSerialId: null}, Type:RATIS, Factor:ONE, State:CLOSED] moved to CLOSED state
2019-09-25 11:00:14,706 [EventQueue-StaleNodeForStaleNodeHandler] INFO  pipeline.SCMPipelineManager (SCMPipelineManager.java:finalizeAndDestroyPipeline(316)) - destroying pipeline:Pipeline[ Id: 772adde8-8070-43c4-a942-6b67dd3e35fc, Nodes: 024c4dd7-7c9d-4cdb-8271-6a4ddb62c17e{ip: 192.168.30.6, host: pr-hdds-1569-5gmkr-4255264070, networkLocation: /default-rack, certSerialId: null}, Type:RATIS, Factor:ONE, State:OPEN]
2019-09-25 11:00:14,707 [EventQueue-StaleNodeForStaleNodeHandler] INFO  pipeline.PipelineStateManager (PipelineStateManager.java:finalizePipeline(123)) - Pipeline Pipeline[ Id: 772adde8-8070-43c4-a942-6b67dd3e35fc, Nodes: 024c4dd7-7c9d-4cdb-8271-6a4ddb62c17e{ip: 192.168.30.6, host: pr-hdds-1569-5gmkr-4255264070, networkLocation: /default-rack, certSerialId: null}, Type:RATIS, Factor:ONE, State:CLOSED] moved to CLOSED state
2019-09-25 11:00:14,707 [EventQueue-StaleNodeForStaleNodeHandler] INFO  pipeline.SCMPipelineManager (SCMPipelineManager.java:finalizeAndDestroyPipeline(316)) - destroying pipeline:Pipeline[ Id: 17f562a5-f8a5-43db-8286-d3643d614fe5, Nodes: 024c4dd7-7c9d-4cdb-8271-6a4ddb62c17e{ip: 192.168.30.6, host: pr-hdds-1569-5gmkr-4255264070, networkLocation: /default-rack, certSerialId: null}, Type:RATIS, Factor:ONE, State:OPEN]
2019-09-25 11:00:14,707 [EventQueue-StaleNodeForStaleNodeHandler] INFO  pipeline.PipelineStateManager (PipelineStateManager.java:finalizePipeline(123)) - Pipeline Pipeline[ Id: 17f562a5-f8a5-43db-8286-d3643d614fe5, Nodes: 024c4dd7-7c9d-4cdb-8271-6a4ddb62c17e{ip: 192.168.30.6, host: pr-hdds-1569-5gmkr-4255264070, networkLocation: /default-rack, certSerialId: null}, Type:RATIS, Factor:ONE, State:CLOSED] moved to CLOSED state
2019-09-25 11:00:14,707 [EventQueue-StaleNodeForStaleNodeHandler] INFO  pipeline.SCMPipelineManager (SCMPipelineManager.java:finalizeAndDestroyPipeline(316)) - destroying pipeline:Pipeline[ Id: 7faffb15-4744-4832-91c6-ab757a6b681d, Nodes: 024c4dd7-7c9d-4cdb-8271-6a4ddb62c17e{ip: 192.168.30.6, host: pr-hdds-1569-5gmkr-4255264070, networkLocation: /default-rack, certSerialId: null}, Type:RATIS, Factor:ONE, State:OPEN]
2019-09-25 11:00:14,708 [EventQueue-StaleNodeForStaleNodeHandler] INFO  pipeline.PipelineStateManager (PipelineStateManager.java:finalizePipeline(123)) - Pipeline Pipeline[ Id: 7faffb15-4744-4832-91c6-ab757a6b681d, Nodes: 024c4dd7-7c9d-4cdb-8271-6a4ddb62c17e{ip: 192.168.30.6, host: pr-hdds-1569-5gmkr-4255264070, networkLocation: /default-rack, certSerialId: null}, Type:RATIS, Factor:ONE, State:CLOSED] moved to CLOSED state
2019-09-25 11:00:14,708 [EventQueue-StaleNodeForStaleNodeHandler] INFO  pipeline.SCMPipelineManager (SCMPipelineManager.java:finalizeAndDestroyPipeline(316)) - destroying pipeline:Pipeline[ Id: bfc4953d-5a4c-4fe7-a0ed-d31d9010dd88, Nodes: 024c4dd7-7c9d-4cdb-8271-6a4ddb62c17e{ip: 192.168.30.6, host: pr-hdds-1569-5gmkr-4255264070, networkLocation: /default-rack, certSerialId: null}, Type:RATIS, Factor:ONE, State:OPEN]
2019-09-25 11:00:14,708 [EventQueue-StaleNodeForStaleNodeHandler] INFO  pipeline.PipelineStateManager (PipelineStateManager.java:finalizePipeline(123)) - Pipeline Pipeline[ Id: bfc4953d-5a4c-4fe7-a0ed-d31d9010dd88, Nodes: 024c4dd7-7c9d-4cdb-8271-6a4ddb62c17e{ip: 192.168.30.6, host: pr-hdds-1569-5gmkr-4255264070, networkLocation: /default-rack, certSerialId: null}, Type:RATIS, Factor:ONE, State:CLOSED] moved to CLOSED state
2019-09-25 11:00:14,709 [EventQueue-StaleNodeForStaleNodeHandler] INFO  pipeline.SCMPipelineManager (SCMPipelineManager.java:finalizeAndDestroyPipeline(316)) - destroying pipeline:Pipeline[ Id: 974ebe69-b3d2-41bf-94fc-75a5a9af2773, Nodes: 024c4dd7-7c9d-4cdb-8271-6a4ddb62c17e{ip: 192.168.30.6, host: pr-hdds-1569-5gmkr-4255264070, networkLocation: /default-rack, certSerialId: null}, Type:RATIS, Factor:ONE, State:OPEN]
2019-09-25 11:00:14,709 [EventQueue-StaleNodeForStaleNodeHandler] INFO  pipeline.PipelineStateManager (PipelineStateManager.java:finalizePipeline(123)) - Pipeline Pipeline[ Id: 974ebe69-b3d2-41bf-94fc-75a5a9af2773, Nodes: 024c4dd7-7c9d-4cdb-8271-6a4ddb62c17e{ip: 192.168.30.6, host: pr-hdds-1569-5gmkr-4255264070, networkLocation: /default-rack, certSerialId: null}, Type:RATIS, Factor:ONE, State:CLOSED] moved to CLOSED state
2019-09-25 11:00:14,730 [main] INFO  segmented.SegmentedRaftLogWorker (SegmentedRaftLogWorker.java:close(228)) - 642f0824-8397-42da-9ac4-13d7260e7e2f@group-F507A41D6FA8-SegmentedRaftLogWorker close()
2019-09-25 11:00:14,730 [ForkJoinPool.commonPool-worker-1] INFO  segmented.SegmentedRaftLogWorker (SegmentedRaftLogWorker.java:close(228)) - 024c4dd7-7c9d-4cdb-8271-6a4ddb62c17e@group-D3643D614FE5-SegmentedRaftLogWorker close()
2019-09-25 11:00:14,735 [main] INFO  impl.RaftServerImpl (RaftServerImpl.java:lambda$shutdown$3(251)) - 642f0824-8397-42da-9ac4-13d7260e7e2f@group-B89217195BC3: shutdown
2019-09-25 11:00:14,738 [ForkJoinPool.commonPool-worker-1] INFO  impl.RaftServerImpl (RaftServerImpl.java:lambda$shutdown$3(251)) - 024c4dd7-7c9d-4cdb-8271-6a4ddb62c17e@group-AB757A6B681D: shutdown
2019-09-25 11:00:14,738 [main] INFO  util.JmxRegister (JmxRegister.java:unregister(73)) - Successfully un-registered JMX Bean with object name Ratis:service=RaftServer,group=group-B89217195BC3,id=642f0824-8397-42da-9ac4-13d7260e7e2f
2019-09-25 11:00:14,739 [ForkJoinPool.commonPool-worker-1] INFO  util.JmxRegister (JmxRegister.java:unregister(73)) - Successfully un-registered JMX Bean with object name Ratis:service=RaftServer,group=group-AB757A6B681D,id=024c4dd7-7c9d-4cdb-8271-6a4ddb62c17e
2019-09-25 11:00:14,739 [main] INFO  impl.RoleInfo (RoleInfo.java:shutdownLeaderState(104)) - 642f0824-8397-42da-9ac4-13d7260e7e2f: shutdown LeaderState
2019-09-25 11:00:14,739 [ForkJoinPool.commonPool-worker-1] INFO  impl.RoleInfo (RoleInfo.java:shutdownLeaderElection(134)) - 024c4dd7-7c9d-4cdb-8271-6a4ddb62c17e: shutdown LeaderElection
2019-09-25 11:00:14,740 [main] INFO  impl.PendingRequests (PendingRequests.java:sendNotLeaderResponses(202)) - 642f0824-8397-42da-9ac4-13d7260e7e2f-PendingRequests: sendNotLeaderResponses
2019-09-25 11:00:14,740 [ForkJoinPool.commonPool-worker-1] INFO  impl.StateMachineUpdater (StateMachineUpdater.java:stopAndJoin(125)) - 024c4dd7-7c9d-4cdb-8271-6a4ddb62c17e@group-AB757A6B681D-StateMachineUpdater: set stopIndex = -1
2019-09-25 11:00:14,740 [main] INFO  impl.StateMachineUpdater (StateMachineUpdater.java:stopAndJoin(125)) - 642f0824-8397-42da-9ac4-13d7260e7e2f@group-B89217195BC3-StateMachineUpdater: set stopIndex = 0
2019-09-25 11:00:14,740 [ForkJoinPool.commonPool-worker-1] INFO  impl.RaftServerImpl (ServerState.java:close(385)) - 024c4dd7-7c9d-4cdb-8271-6a4ddb62c17e@group-AB757A6B681D: closes. applyIndex: -1
2019-09-25 11:00:14,740 [main] INFO  impl.RaftServerImpl (ServerState.java:close(385)) - 642f0824-8397-42da-9ac4-13d7260e7e2f@group-B89217195BC3: closes. applyIndex: 0
2019-09-25 11:00:14,741 [024c4dd7-7c9d-4cdb-8271-6a4ddb62c17e@group-AB757A6B681D-SegmentedRaftLogWorker] INFO  segmented.SegmentedRaftLogWorker (SegmentedRaftLogWorker.java:run(313)) - 024c4dd7-7c9d-4cdb-8271-6a4ddb62c17e@group-AB757A6B681D-SegmentedRaftLogWorker was interrupted, exiting. There are 0 tasks remaining in the queue.
2019-09-25 11:00:14,741 [642f0824-8397-42da-9ac4-13d7260e7e2f@group-B89217195BC3-SegmentedRaftLogWorker] INFO  segmented.SegmentedRaftLogWorker (SegmentedRaftLogWorker.java:run(313)) - 642f0824-8397-42da-9ac4-13d7260e7e2f@group-B89217195BC3-SegmentedRaftLogWorker was interrupted, exiting. There are 0 tasks remaining in the queue.
2019-09-25 11:00:14,741 [ForkJoinPool.commonPool-worker-1] INFO  segmented.SegmentedRaftLogWorker (SegmentedRaftLogWorker.java:close(228)) - 024c4dd7-7c9d-4cdb-8271-6a4ddb62c17e@group-AB757A6B681D-SegmentedRaftLogWorker close()
2019-09-25 11:00:14,743 [10236b5f-bff6-485e-aafa-3b26ea1d6574@group-A0C1EFD1E870:LeaderElection23] INFO  impl.LeaderElection (LeaderElection.java:askForVotes(182)) - 10236b5f-bff6-485e-aafa-3b26ea1d6574@group-A0C1EFD1E870:LeaderElection23: begin an election at term 1 for -1: [10236b5f-bff6-485e-aafa-3b26ea1d6574:192.168.30.6:44690], old=null
2019-09-25 11:00:14,745 [10236b5f-bff6-485e-aafa-3b26ea1d6574@group-F7CDF0A4393A:LeaderElection22] INFO  impl.LeaderElection (LeaderElection.java:askForVotes(182)) - 10236b5f-bff6-485e-aafa-3b26ea1d6574@group-F7CDF0A4393A:LeaderElection22: begin an election at term 1 for -1: [10236b5f-bff6-485e-aafa-3b26ea1d6574:192.168.30.6:44690], old=null
2019-09-25 11:00:14,745 [024c4dd7-7c9d-4cdb-8271-6a4ddb62c17e@group-AB757A6B681D:LeaderElection24] INFO  impl.LeaderElection (LeaderElection.java:askForVotes(182)) - 024c4dd7-7c9d-4cdb-8271-6a4ddb62c17e@group-AB757A6B681D:LeaderElection24: begin an election at term 1 for -1: [024c4dd7-7c9d-4cdb-8271-6a4ddb62c17e:192.168.30.6:36470], old=null
2019-09-25 11:00:14,745 [5f9a0e92-828f-4406-8370-fc24211be18d@group-A44DFED006C8:LeaderElection33] INFO  impl.LeaderElection (LeaderElection.java:askForVotes(182)) - 5f9a0e92-828f-4406-8370-fc24211be18d@group-A44DFED006C8:LeaderElection33: begin an election at term 1 for -1: [5f9a0e92-828f-4406-8370-fc24211be18d:192.168.30.6:38144], old=null
2019-09-25 11:00:14,745 [10236b5f-bff6-485e-aafa-3b26ea1d6574@group-474418EEB874:LeaderElection18] INFO  impl.LeaderElection (LeaderElection.java:askForVotes(182)) - 10236b5f-bff6-485e-aafa-3b26ea1d6574@group-474418EEB874:LeaderElection18: begin an election at term 1 for -1: [10236b5f-bff6-485e-aafa-3b26ea1d6574:192.168.30.6:44690], old=null
2019-09-25 11:00:14,745 [b9731c9a-07e8-4827-9eb9-5f784fb447b9@group-B02A97286828:LeaderElection20] INFO  impl.LeaderElection (LeaderElection.java:askForVotes(182)) - b9731c9a-07e8-4827-9eb9-5f784fb447b9@group-B02A97286828:LeaderElection20: begin an election at term 1 for -1: [b9731c9a-07e8-4827-9eb9-5f784fb447b9:192.168.30.6:46688], old=null
2019-09-25 11:00:14,745 [e32c4ad0-ba90-43ec-bb55-c70e02bd141a@group-1F6175DB538B:LeaderElection36] INFO  impl.LeaderElection (LeaderElection.java:askForVotes(182)) - e32c4ad0-ba90-43ec-bb55-c70e02bd141a@group-1F6175DB538B:LeaderElection36: begin an election at term 1 for -1: [e32c4ad0-ba90-43ec-bb55-c70e02bd141a:192.168.30.6:43545], old=null
2019-09-25 11:00:14,745 [main] INFO  segmented.SegmentedRaftLogWorker (SegmentedRaftLogWorker.java:close(228)) - 642f0824-8397-42da-9ac4-13d7260e7e2f@group-B89217195BC3-SegmentedRaftLogWorker close()
2019-09-25 11:00:14,745 [024c4dd7-7c9d-4cdb-8271-6a4ddb62c17e@group-75A5A9AF2773:LeaderElection31] INFO  impl.LeaderElection (LeaderElection.java:askForVotes(182)) - 024c4dd7-7c9d-4cdb-8271-6a4ddb62c17e@group-75A5A9AF2773:LeaderElection31: begin an election at term 1 for -1: [024c4dd7-7c9d-4cdb-8271-6a4ddb62c17e:192.168.30.6:36470], old=null
2019-09-25 11:00:14,753 [main] INFO  impl.RaftServerImpl (RaftServerImpl.java:lambda$shutdown$3(251)) - 642f0824-8397-42da-9ac4-13d7260e7e2f@group-96158F29E184: shutdown
2019-09-25 11:00:14,741 [b9731c9a-07e8-4827-9eb9-5f784fb447b9@group-6438F16C250B:LeaderElection19] INFO  impl.LeaderElection (LeaderElection.java:askForVotes(182)) - b9731c9a-07e8-4827-9eb9-5f784fb447b9@group-6438F16C250B:LeaderElection19: begin an election at term 1 for -1: [b9731c9a-07e8-4827-9eb9-5f784fb447b9:192.168.30.6:46688], old=null
2019-09-25 11:00:14,743 [024c4dd7-7c9d-4cdb-8271-6a4ddb62c17e@group-D31D9010DD88:LeaderElection35] INFO  impl.LeaderElection (LeaderElection.java:askForVotes(182)) - 024c4dd7-7c9d-4cdb-8271-6a4ddb62c17e@group-D31D9010DD88:LeaderElection35: begin an election at term 1 for -1: [024c4dd7-7c9d-4cdb-8271-6a4ddb62c17e:192.168.30.6:36470], old=null
2019-09-25 11:00:14,741 [024c4dd7-7c9d-4cdb-8271-6a4ddb62c17e@group-406844D73841:LeaderElection27] INFO  impl.LeaderElection (LeaderElection.java:askForVotes(182)) - 024c4dd7-7c9d-4cdb-8271-6a4ddb62c17e@group-406844D73841:LeaderElection27: begin an election at term 1 for -1: [024c4dd7-7c9d-4cdb-8271-6a4ddb62c17e:192.168.30.6:36470], old=null
2019-09-25 11:00:14,741 [5f9a0e92-828f-4406-8370-fc24211be18d@group-8C8046F07407:LeaderElection25] INFO  impl.LeaderElection (LeaderElection.java:askForVotes(182)) - 5f9a0e92-828f-4406-8370-fc24211be18d@group-8C8046F07407:LeaderElection25: begin an election at term 1 for -1: [5f9a0e92-828f-4406-8370-fc24211be18d:192.168.30.6:38144], old=null
2019-09-25 11:00:14,741 [5f9a0e92-828f-4406-8370-fc24211be18d@group-74394EFD8F2E:LeaderElection32] INFO  impl.LeaderElection (LeaderElection.java:askForVotes(182)) - 5f9a0e92-828f-4406-8370-fc24211be18d@group-74394EFD8F2E:LeaderElection32: begin an election at term 1 for -1: [5f9a0e92-828f-4406-8370-fc24211be18d:192.168.30.6:38144], old=null
2019-09-25 11:00:14,741 [10236b5f-bff6-485e-aafa-3b26ea1d6574@group-4192A5379F9C:LeaderElection21] INFO  impl.LeaderElection (LeaderElection.java:askForVotes(182)) - 10236b5f-bff6-485e-aafa-3b26ea1d6574@group-4192A5379F9C:LeaderElection21: begin an election at term 1 for -1: [10236b5f-bff6-485e-aafa-3b26ea1d6574:192.168.30.6:44690], old=null
2019-09-25 11:00:14,741 [642f0824-8397-42da-9ac4-13d7260e7e2f@group-DAD6C4481534:LeaderElection29] INFO  impl.LeaderElection (LeaderElection.java:askForVotes(182)) - 642f0824-8397-42da-9ac4-13d7260e7e2f@group-DAD6C4481534:LeaderElection29: begin an election at term 1 for -1: [642f0824-8397-42da-9ac4-13d7260e7e2f:192.168.30.6:44587], old=null
2019-09-25 11:00:14,754 [642f0824-8397-42da-9ac4-13d7260e7e2f@group-DAD6C4481534:LeaderElection29] INFO  impl.LeaderElection (LogUtils.java:infoOrTrace(149)) - Failed 642f0824-8397-42da-9ac4-13d7260e7e2f@group-DAD6C4481534:LeaderElection29, state=CLOSING: {}
java.lang.IllegalArgumentException: 642f0824-8397-42da-9ac4-13d7260e7e2f@group-DAD6C4481534-SegmentedRaftLog is expected to be opened but it is CLOSED
	at org.apache.ratis.util.OpenCloseState.assertOpen(OpenCloseState.java:63)
	at org.apache.ratis.server.raftlog.RaftLog.checkLogState(RaftLog.java:102)
	at org.apache.ratis.server.raftlog.segmented.SegmentedRaftLog.getLastEntryTermIndex(SegmentedRaftLog.java:324)
	at org.apache.ratis.server.impl.LeaderElection.askForVotes(LeaderElection.java:184)
	at org.apache.ratis.server.impl.LeaderElection.run(LeaderElection.java:133)
	at java.lang.Thread.run(Thread.java:748)
Caused by: org.apache.ratis.util.OpenCloseState$CloseTrace: Close 642f0824-8397-42da-9ac4-13d7260e7e2f@group-DAD6C4481534-SegmentedRaftLog
	at org.apache.ratis.util.OpenCloseState.lambda$close$1(OpenCloseState.java:109)
	at java.util.concurrent.atomic.AtomicReference.getAndUpdate(AtomicReference.java:160)
	at org.apache.ratis.util.OpenCloseState.close(OpenCloseState.java:109)
	at org.apache.ratis.server.raftlog.RaftLog.close(RaftLog.java:437)
	at org.apache.ratis.server.raftlog.segmented.SegmentedRaftLog.close(SegmentedRaftLog.java:476)
	at org.apache.ratis.server.impl.ServerState.close(ServerState.java:387)
	at org.apache.ratis.server.impl.RaftServerImpl.lambda$shutdown$3(RaftServerImpl.java:273)
	at org.apache.ratis.util.LifeCycle.lambda$checkStateAndClose$2(LifeCycle.java:231)
	at org.apache.ratis.util.LifeCycle.checkStateAndClose(LifeCycle.java:251)
	at org.apache.ratis.util.LifeCycle.checkStateAndClose(LifeCycle.java:229)
	at org.apache.ratis.server.impl.RaftServerImpl.shutdown(RaftServerImpl.java:250)
	at org.apache.ratis.server.impl.RaftServerProxy$ImplMap.lambda$close$0(RaftServerProxy.java:107)
	at java.util.stream.ForEachOps$ForEachOp$OfRef.accept(ForEachOps.java:184)
	at java.util.stream.ReferencePipeline$3$1.accept(ReferencePipeline.java:193)
	at java.util.concurrent.ConcurrentHashMap$ValueSpliterator.forEachRemaining(ConcurrentHashMap.java:3566)
	at java.util.stream.AbstractPipeline.copyInto(AbstractPipeline.java:482)
	at java.util.stream.ForEachOps$ForEachTask.compute(ForEachOps.java:291)
	at java.util.concurrent.CountedCompleter.exec(CountedCompleter.java:731)
	at java.util.concurrent.ForkJoinTask.doExec(ForkJoinTask.java:289)
	at java.util.concurrent.ForkJoinTask.doInvoke(ForkJoinTask.java:401)
	at java.util.concurrent.ForkJoinTask.invoke(ForkJoinTask.java:734)
	at java.util.stream.ForEachOps$ForEachOp.evaluateParallel(ForEachOps.java:160)
	at java.util.stream.ForEachOps$ForEachOp$OfRef.evaluateParallel(ForEachOps.java:174)
	at java.util.stream.AbstractPipeline.evaluate(AbstractPipeline.java:233)
	at java.util.stream.ReferencePipeline.forEach(ReferencePipeline.java:418)
	at org.apache.ratis.server.impl.RaftServerProxy$ImplMap.close(RaftServerProxy.java:107)
	at org.apache.ratis.server.impl.RaftServerProxy.lambda$close$4(RaftServerProxy.java:315)
	at org.apache.ratis.util.LifeCycle.lambda$checkStateAndClose$2(LifeCycle.java:231)
	at org.apache.ratis.util.LifeCycle.checkStateAndClose(LifeCycle.java:251)
	at org.apache.ratis.util.LifeCycle.checkStateAndClose(LifeCycle.java:229)
	at org.apache.ratis.server.impl.RaftServerProxy.close(RaftServerProxy.java:313)
	at org.apache.hadoop.ozone.container.common.transport.server.ratis.XceiverServerRatis.stop(XceiverServerRatis.java:441)
	at org.apache.hadoop.ozone.container.ozoneimpl.OzoneContainer.stop(OzoneContainer.java:233)
	at org.apache.hadoop.ozone.container.common.statemachine.DatanodeStateMachine.close(DatanodeStateMachine.java:270)
	at org.apache.hadoop.ozone.container.common.statemachine.DatanodeStateMachine.stopDaemon(DatanodeStateMachine.java:394)
	at org.apache.hadoop.ozone.HddsDatanodeService.stop(HddsDatanodeService.java:457)
	at org.apache.hadoop.ozone.MiniOzoneClusterImpl.stopDatanode(MiniOzoneClusterImpl.java:385)
	at java.util.stream.ForEachOps$ForEachOp$OfRef.accept(ForEachOps.java:184)
	at java.util.ArrayList$ArrayListSpliterator.forEachRemaining(ArrayList.java:1382)
	at java.util.stream.AbstractPipeline.copyInto(AbstractPipeline.java:482)
	at java.util.stream.ForEachOps$ForEachTask.compute(ForEachOps.java:291)
	at java.util.concurrent.CountedCompleter.exec(CountedCompleter.java:731)
	at java.util.concurrent.ForkJoinTask.doExec(ForkJoinTask.java:289)
	at java.util.concurrent.ForkJoinTask.doInvoke(ForkJoinTask.java:401)
	at java.util.concurrent.ForkJoinTask.invoke(ForkJoinTask.java:734)
	at java.util.stream.ForEachOps$ForEachOp.evaluateParallel(ForEachOps.java:160)
	at java.util.stream.ForEachOps$ForEachOp$OfRef.evaluateParallel(ForEachOps.java:174)
	at java.util.stream.AbstractPipeline.evaluate(AbstractPipeline.java:233)
	at java.util.stream.ReferencePipeline.forEach(ReferencePipeline.java:418)
	at java.util.stream.ReferencePipeline$Head.forEach(ReferencePipeline.java:583)
	at org.apache.hadoop.ozone.MiniOzoneClusterImpl.stopDatanodes(MiniOzoneClusterImpl.java:379)
	at org.apache.hadoop.ozone.MiniOzoneClusterImpl.stop(MiniOzoneClusterImpl.java:332)
	at org.apache.hadoop.ozone.MiniOzoneClusterImpl.shutdown(MiniOzoneClusterImpl.java:319)
	at org.apache.hadoop.ozone.client.rpc.TestBlockOutputStreamWithFailures.shutdown(TestBlockOutputStreamWithFailures.java:118)
	at sun.reflect.NativeMethodAccessorImpl.invoke0(Native Method)
	at sun.reflect.NativeMethodAccessorImpl.invoke(NativeMethodAccessorImpl.java:62)
	at sun.reflect.DelegatingMethodAccessorImpl.invoke(DelegatingMethodAccessorImpl.java:43)
	at java.lang.reflect.Method.invoke(Method.java:498)
	at org.junit.runners.model.FrameworkMethod$1.runReflectiveCall(FrameworkMethod.java:47)
	at org.junit.internal.runners.model.ReflectiveCallable.run(ReflectiveCallable.java:12)
	at org.junit.runners.model.FrameworkMethod.invokeExplosively(FrameworkMethod.java:44)
	at org.junit.internal.runners.statements.RunAfters.evaluate(RunAfters.java:33)
	at org.junit.runners.ParentRunner.runLeaf(ParentRunner.java:271)
	at org.junit.runners.BlockJUnit4ClassRunner.runChild(BlockJUnit4ClassRunner.java:70)
	at org.junit.runners.BlockJUnit4ClassRunner.runChild(BlockJUnit4ClassRunner.java:50)
	at org.junit.runners.ParentRunner$3.run(ParentRunner.java:238)
	at org.junit.runners.ParentRunner$1.schedule(ParentRunner.java:63)
	at org.junit.runners.ParentRunner.runChildren(ParentRunner.java:236)
	at org.junit.runners.ParentRunner.access$000(ParentRunner.java:53)
	at org.junit.runners.ParentRunner$2.evaluate(ParentRunner.java:229)
	at org.junit.runners.ParentRunner.run(ParentRunner.java:309)
	at org.apache.maven.surefire.junit4.JUnit4Provider.execute(JUnit4Provider.java:365)
	at org.apache.maven.surefire.junit4.JUnit4Provider.executeWithRerun(JUnit4Provider.java:273)
	at org.apache.maven.surefire.junit4.JUnit4Provider.executeTestSet(JUnit4Provider.java:238)
	at org.apache.maven.surefire.junit4.JUnit4Provider.invoke(JUnit4Provider.java:159)
	at org.apache.maven.surefire.booter.ForkedBooter.invokeProviderInSameClassLoader(ForkedBooter.java:384)
	at org.apache.maven.surefire.booter.ForkedBooter.runSuitesInProcess(ForkedBooter.java:345)
	at org.apache.maven.surefire.booter.ForkedBooter.execute(ForkedBooter.java:126)
	at org.apache.maven.surefire.booter.ForkedBooter.main(ForkedBooter.java:418)
2019-09-25 11:00:14,741 [5f9a0e92-828f-4406-8370-fc24211be18d@group-C6C4F8618661:LeaderElection28] INFO  impl.LeaderElection (LeaderElection.java:askForVotes(182)) - 5f9a0e92-828f-4406-8370-fc24211be18d@group-C6C4F8618661:LeaderElection28: begin an election at term 1 for -1: [5f9a0e92-828f-4406-8370-fc24211be18d:192.168.30.6:38144], old=null
2019-09-25 11:00:14,757 [5f9a0e92-828f-4406-8370-fc24211be18d@group-C6C4F8618661:LeaderElection28] INFO  impl.RoleInfo (RoleInfo.java:shutdownLeaderElection(134)) - 5f9a0e92-828f-4406-8370-fc24211be18d: shutdown LeaderElection
2019-09-25 11:00:14,741 [b9731c9a-07e8-4827-9eb9-5f784fb447b9@group-31C0F503099D:LeaderElection34] INFO  impl.LeaderElection (LeaderElection.java:askForVotes(182)) - b9731c9a-07e8-4827-9eb9-5f784fb447b9@group-31C0F503099D:LeaderElection34: begin an election at term 1 for -1: [b9731c9a-07e8-4827-9eb9-5f784fb447b9:192.168.30.6:46688], old=null
2019-09-25 11:00:14,741 [642f0824-8397-42da-9ac4-13d7260e7e2f@group-96158F29E184:LeaderElection30] INFO  impl.LeaderElection (LeaderElection.java:askForVotes(182)) - 642f0824-8397-42da-9ac4-13d7260e7e2f@group-96158F29E184:LeaderElection30: begin an election at term 1 for -1: [642f0824-8397-42da-9ac4-13d7260e7e2f:192.168.30.6:44587], old=null
2019-09-25 11:00:14,741 [87c8d9bf-e5fd-4c93-82d7-07f29d18cd92@group-BE09A61ACAF1:LeaderElection26] INFO  impl.LeaderElection (LeaderElection.java:askForVotes(182)) - 87c8d9bf-e5fd-4c93-82d7-07f29d18cd92@group-BE09A61ACAF1:LeaderElection26: begin an election at term 1 for -1: [87c8d9bf-e5fd-4c93-82d7-07f29d18cd92:192.168.30.6:45400], old=null
2019-09-25 11:00:14,757 [b9731c9a-07e8-4827-9eb9-5f784fb447b9@group-31C0F503099D:LeaderElection34] INFO  impl.RoleInfo (RoleInfo.java:shutdownLeaderElection(134)) - b9731c9a-07e8-4827-9eb9-5f784fb447b9: shutdown LeaderElection
2019-09-25 11:00:14,757 [5f9a0e92-828f-4406-8370-fc24211be18d@group-C6C4F8618661:LeaderElection28] INFO  impl.RaftServerImpl (RaftServerImpl.java:setRole(174)) - 5f9a0e92-828f-4406-8370-fc24211be18d@group-C6C4F8618661: changes role from CANDIDATE to LEADER at term 1 for changeToLeader
2019-09-25 11:00:14,757 [642f0824-8397-42da-9ac4-13d7260e7e2f@group-DAD6C4481534:LeaderElection29] INFO  impl.LeaderElection (LeaderElection.java:run(140)) - 642f0824-8397-42da-9ac4-13d7260e7e2f@group-DAD6C4481534:LeaderElection29: IllegalArgumentException is safely ignored since this is already CLOSING
2019-09-25 11:00:14,754 [10236b5f-bff6-485e-aafa-3b26ea1d6574@group-4192A5379F9C:LeaderElection21] INFO  impl.RoleInfo (RoleInfo.java:shutdownLeaderElection(134)) - 10236b5f-bff6-485e-aafa-3b26ea1d6574: shutdown LeaderElection
2019-09-25 11:00:14,754 [5f9a0e92-828f-4406-8370-fc24211be18d@group-74394EFD8F2E:LeaderElection32] INFO  impl.RoleInfo (RoleInfo.java:shutdownLeaderElection(134)) - 5f9a0e92-828f-4406-8370-fc24211be18d: shutdown LeaderElection
2019-09-25 11:00:14,754 [5f9a0e92-828f-4406-8370-fc24211be18d@group-8C8046F07407:LeaderElection25] INFO  impl.RoleInfo (RoleInfo.java:shutdownLeaderElection(134)) - 5f9a0e92-828f-4406-8370-fc24211be18d: shutdown LeaderElection
2019-09-25 11:00:14,754 [024c4dd7-7c9d-4cdb-8271-6a4ddb62c17e@group-406844D73841:LeaderElection27] INFO  impl.LeaderElection (LogUtils.java:infoOrTrace(149)) - Failed 024c4dd7-7c9d-4cdb-8271-6a4ddb62c17e@group-406844D73841:LeaderElection27, state=CLOSING: {}
java.lang.IllegalArgumentException: 024c4dd7-7c9d-4cdb-8271-6a4ddb62c17e@group-406844D73841-SegmentedRaftLog is expected to be opened but it is CLOSED
	at org.apache.ratis.util.OpenCloseState.assertOpen(OpenCloseState.java:63)
	at org.apache.ratis.server.raftlog.RaftLog.checkLogState(RaftLog.java:102)
	at org.apache.ratis.server.raftlog.segmented.SegmentedRaftLog.getLastEntryTermIndex(SegmentedRaftLog.java:324)
	at org.apache.ratis.server.impl.LeaderElection.askForVotes(LeaderElection.java:184)
	at org.apache.ratis.server.impl.LeaderElection.run(LeaderElection.java:133)
	at java.lang.Thread.run(Thread.java:748)
Caused by: org.apache.ratis.util.OpenCloseState$CloseTrace: Close 024c4dd7-7c9d-4cdb-8271-6a4ddb62c17e@group-406844D73841-SegmentedRaftLog
	at org.apache.ratis.util.OpenCloseState.lambda$close$1(OpenCloseState.java:109)
	at java.util.concurrent.atomic.AtomicReference.getAndUpdate(AtomicReference.java:160)
	at org.apache.ratis.util.OpenCloseState.close(OpenCloseState.java:109)
	at org.apache.ratis.server.raftlog.RaftLog.close(RaftLog.java:437)
	at org.apache.ratis.server.raftlog.segmented.SegmentedRaftLog.close(SegmentedRaftLog.java:476)
	at org.apache.ratis.server.impl.ServerState.close(ServerState.java:387)
	at org.apache.ratis.server.impl.RaftServerImpl.lambda$shutdown$3(RaftServerImpl.java:273)
	at org.apache.ratis.util.LifeCycle.lambda$checkStateAndClose$2(LifeCycle.java:231)
	at org.apache.ratis.util.LifeCycle.checkStateAndClose(LifeCycle.java:251)
	at org.apache.ratis.util.LifeCycle.checkStateAndClose(LifeCycle.java:229)
	at org.apache.ratis.server.impl.RaftServerImpl.shutdown(RaftServerImpl.java:250)
	at org.apache.ratis.server.impl.RaftServerProxy$ImplMap.lambda$close$0(RaftServerProxy.java:107)
	at java.util.stream.ForEachOps$ForEachOp$OfRef.accept(ForEachOps.java:184)
	at java.util.stream.ReferencePipeline$3$1.accept(ReferencePipeline.java:193)
	at java.util.concurrent.ConcurrentHashMap$ValueSpliterator.forEachRemaining(ConcurrentHashMap.java:3566)
	at java.util.stream.AbstractPipeline.copyInto(AbstractPipeline.java:482)
	at java.util.stream.ForEachOps$ForEachTask.compute(ForEachOps.java:291)
	at java.util.concurrent.CountedCompleter.exec(CountedCompleter.java:731)
	at java.util.concurrent.ForkJoinTask.doExec(ForkJoinTask.java:289)
	at java.util.concurrent.ForkJoinPool.helpComplete(ForkJoinPool.java:1870)
	at java.util.concurrent.ForkJoinPool.awaitJoin(ForkJoinPool.java:2045)
	at java.util.concurrent.ForkJoinTask.doInvoke(ForkJoinTask.java:404)
	at java.util.concurrent.ForkJoinTask.invoke(ForkJoinTask.java:734)
	at java.util.stream.ForEachOps$ForEachOp.evaluateParallel(ForEachOps.java:160)
	at java.util.stream.ForEachOps$ForEachOp$OfRef.evaluateParallel(ForEachOps.java:174)
	at java.util.stream.AbstractPipeline.evaluate(AbstractPipeline.java:233)
	at java.util.stream.ReferencePipeline.forEach(ReferencePipeline.java:418)
	at org.apache.ratis.server.impl.RaftServerProxy$ImplMap.close(RaftServerProxy.java:107)
	at org.apache.ratis.server.impl.RaftServerProxy.lambda$close$4(RaftServerProxy.java:315)
	at org.apache.ratis.util.LifeCycle.lambda$checkStateAndClose$2(LifeCycle.java:231)
	at org.apache.ratis.util.LifeCycle.checkStateAndClose(LifeCycle.java:251)
	at org.apache.ratis.util.LifeCycle.checkStateAndClose(LifeCycle.java:229)
	at org.apache.ratis.server.impl.RaftServerProxy.close(RaftServerProxy.java:313)
	at org.apache.hadoop.ozone.container.common.transport.server.ratis.XceiverServerRatis.stop(XceiverServerRatis.java:441)
	at org.apache.hadoop.ozone.container.ozoneimpl.OzoneContainer.stop(OzoneContainer.java:233)
	at org.apache.hadoop.ozone.container.common.statemachine.DatanodeStateMachine.close(DatanodeStateMachine.java:270)
	at org.apache.hadoop.ozone.container.common.statemachine.DatanodeStateMachine.stopDaemon(DatanodeStateMachine.java:394)
	at org.apache.hadoop.ozone.HddsDatanodeService.stop(HddsDatanodeService.java:457)
	at org.apache.hadoop.ozone.MiniOzoneClusterImpl.stopDatanode(MiniOzoneClusterImpl.java:385)
	at java.util.stream.ForEachOps$ForEachOp$OfRef.accept(ForEachOps.java:184)
	at java.util.ArrayList$ArrayListSpliterator.forEachRemaining(ArrayList.java:1382)
	at java.util.stream.AbstractPipeline.copyInto(AbstractPipeline.java:482)
	at java.util.stream.ForEachOps$ForEachTask.compute(ForEachOps.java:291)
	at java.util.concurrent.CountedCompleter.exec(CountedCompleter.java:731)
	at java.util.concurrent.ForkJoinTask.doExec(ForkJoinTask.java:289)
	at java.util.concurrent.ForkJoinPool$WorkQueue.runTask(ForkJoinPool.java:1056)
	at java.util.concurrent.ForkJoinPool.runWorker(ForkJoinPool.java:1692)
	at java.util.concurrent.ForkJoinWorkerThread.run(ForkJoinWorkerThread.java:157)
2019-09-25 11:00:14,753 [b9731c9a-07e8-4827-9eb9-5f784fb447b9@group-6438F16C250B:LeaderElection19] INFO  impl.RoleInfo (RoleInfo.java:shutdownLeaderElection(134)) - b9731c9a-07e8-4827-9eb9-5f784fb447b9: shutdown LeaderElection
2019-09-25 11:00:14,753 [main] INFO  util.JmxRegister (JmxRegister.java:unregister(73)) - Successfully un-registered JMX Bean with object name Ratis:service=RaftServer,group=group-96158F29E184,id=642f0824-8397-42da-9ac4-13d7260e7e2f
2019-09-25 11:00:14,753 [024c4dd7-7c9d-4cdb-8271-6a4ddb62c17e@group-75A5A9AF2773:LeaderElection31] INFO  impl.RoleInfo (RoleInfo.java:shutdownLeaderElection(134)) - 024c4dd7-7c9d-4cdb-8271-6a4ddb62c17e: shutdown LeaderElection
2019-09-25 11:00:14,750 [024c4dd7-7c9d-4cdb-8271-6a4ddb62c17e@group-AB757A6B681D:LeaderElection24] INFO  impl.LeaderElection (LogUtils.java:infoOrTrace(149)) - Failed 024c4dd7-7c9d-4cdb-8271-6a4ddb62c17e@group-AB757A6B681D:LeaderElection24, state=CLOSING: {}
java.lang.IllegalArgumentException: 024c4dd7-7c9d-4cdb-8271-6a4ddb62c17e@group-AB757A6B681D-SegmentedRaftLog is expected to be opened but it is CLOSED
	at org.apache.ratis.util.OpenCloseState.assertOpen(OpenCloseState.java:63)
	at org.apache.ratis.server.raftlog.RaftLog.checkLogState(RaftLog.java:102)
	at org.apache.ratis.server.raftlog.segmented.SegmentedRaftLog.getLastEntryTermIndex(SegmentedRaftLog.java:324)
	at org.apache.ratis.server.impl.LeaderElection.askForVotes(LeaderElection.java:184)
	at org.apache.ratis.server.impl.LeaderElection.run(LeaderElection.java:133)
	at java.lang.Thread.run(Thread.java:748)
Caused by: org.apache.ratis.util.OpenCloseState$CloseTrace: Close 024c4dd7-7c9d-4cdb-8271-6a4ddb62c17e@group-AB757A6B681D-SegmentedRaftLog
	at org.apache.ratis.util.OpenCloseState.lambda$close$1(OpenCloseState.java:109)
	at java.util.concurrent.atomic.AtomicReference.getAndUpdate(AtomicReference.java:160)
	at org.apache.ratis.util.OpenCloseState.close(OpenCloseState.java:109)
	at org.apache.ratis.server.raftlog.RaftLog.close(RaftLog.java:437)
	at org.apache.ratis.server.raftlog.segmented.SegmentedRaftLog.close(SegmentedRaftLog.java:476)
	at org.apache.ratis.server.impl.ServerState.close(ServerState.java:387)
	at org.apache.ratis.server.impl.RaftServerImpl.lambda$shutdown$3(RaftServerImpl.java:273)
	at org.apache.ratis.util.LifeCycle.lambda$checkStateAndClose$2(LifeCycle.java:231)
	at org.apache.ratis.util.LifeCycle.checkStateAndClose(LifeCycle.java:251)
	at org.apache.ratis.util.LifeCycle.checkStateAndClose(LifeCycle.java:229)
	at org.apache.ratis.server.impl.RaftServerImpl.shutdown(RaftServerImpl.java:250)
	at org.apache.ratis.server.impl.RaftServerProxy$ImplMap.lambda$close$0(RaftServerProxy.java:107)
	at java.util.stream.ForEachOps$ForEachOp$OfRef.accept(ForEachOps.java:184)
	at java.util.stream.ReferencePipeline$3$1.accept(ReferencePipeline.java:193)
	at java.util.concurrent.ConcurrentHashMap$ValueSpliterator.forEachRemaining(ConcurrentHashMap.java:3566)
	at java.util.stream.AbstractPipeline.copyInto(AbstractPipeline.java:482)
	at java.util.stream.ForEachOps$ForEachTask.compute(ForEachOps.java:291)
	at java.util.concurrent.CountedCompleter.exec(CountedCompleter.java:731)
	at java.util.concurrent.ForkJoinTask.doExec(ForkJoinTask.java:289)
	at java.util.concurrent.ForkJoinPool.helpComplete(ForkJoinPool.java:1870)
	at java.util.concurrent.ForkJoinPool.awaitJoin(ForkJoinPool.java:2045)
	at java.util.concurrent.ForkJoinTask.doInvoke(ForkJoinTask.java:404)
	at java.util.concurrent.ForkJoinTask.invoke(ForkJoinTask.java:734)
	at java.util.stream.ForEachOps$ForEachOp.evaluateParallel(ForEachOps.java:160)
	at java.util.stream.ForEachOps$ForEachOp$OfRef.evaluateParallel(ForEachOps.java:174)
	at java.util.stream.AbstractPipeline.evaluate(AbstractPipeline.java:233)
	at java.util.stream.ReferencePipeline.forEach(ReferencePipeline.java:418)
	at org.apache.ratis.server.impl.RaftServerProxy$ImplMap.close(RaftServerProxy.java:107)
	at org.apache.ratis.server.impl.RaftServerProxy.lambda$close$4(RaftServerProxy.java:315)
	at org.apache.ratis.util.LifeCycle.lambda$checkStateAndClose$2(LifeCycle.java:231)
	at org.apache.ratis.util.LifeCycle.checkStateAndClose(LifeCycle.java:251)
	at org.apache.ratis.util.LifeCycle.checkStateAndClose(LifeCycle.java:229)
	at org.apache.ratis.server.impl.RaftServerProxy.close(RaftServerProxy.java:313)
	at org.apache.hadoop.ozone.container.common.transport.server.ratis.XceiverServerRatis.stop(XceiverServerRatis.java:441)
	at org.apache.hadoop.ozone.container.ozoneimpl.OzoneContainer.stop(OzoneContainer.java:233)
	at org.apache.hadoop.ozone.container.common.statemachine.DatanodeStateMachine.close(DatanodeStateMachine.java:270)
	at org.apache.hadoop.ozone.container.common.statemachine.DatanodeStateMachine.stopDaemon(DatanodeStateMachine.java:394)
	at org.apache.hadoop.ozone.HddsDatanodeService.stop(HddsDatanodeService.java:457)
	at org.apache.hadoop.ozone.MiniOzoneClusterImpl.stopDatanode(MiniOzoneClusterImpl.java:385)
	at java.util.stream.ForEachOps$ForEachOp$OfRef.accept(ForEachOps.java:184)
	at java.util.ArrayList$ArrayListSpliterator.forEachRemaining(ArrayList.java:1382)
	at java.util.stream.AbstractPipeline.copyInto(AbstractPipeline.java:482)
	at java.util.stream.ForEachOps$ForEachTask.compute(ForEachOps.java:291)
	at java.util.concurrent.CountedCompleter.exec(CountedCompleter.java:731)
	at java.util.concurrent.ForkJoinTask.doExec(ForkJoinTask.java:289)
	at java.util.concurrent.ForkJoinPool$WorkQueue.runTask(ForkJoinPool.java:1056)
	at java.util.concurrent.ForkJoinPool.runWorker(ForkJoinPool.java:1692)
	at java.util.concurrent.ForkJoinWorkerThread.run(ForkJoinWorkerThread.java:157)
2019-09-25 11:00:14,762 [024c4dd7-7c9d-4cdb-8271-6a4ddb62c17e@group-AB757A6B681D:LeaderElection24] INFO  impl.LeaderElection (LeaderElection.java:run(140)) - 024c4dd7-7c9d-4cdb-8271-6a4ddb62c17e@group-AB757A6B681D:LeaderElection24: IllegalArgumentException is safely ignored since this is already CLOSING
2019-09-25 11:00:14,750 [e32c4ad0-ba90-43ec-bb55-c70e02bd141a@group-1F6175DB538B:LeaderElection36] INFO  impl.RoleInfo (RoleInfo.java:shutdownLeaderElection(134)) - e32c4ad0-ba90-43ec-bb55-c70e02bd141a: shutdown LeaderElection
2019-09-25 11:00:14,750 [b9731c9a-07e8-4827-9eb9-5f784fb447b9@group-B02A97286828:LeaderElection20] INFO  impl.RoleInfo (RoleInfo.java:shutdownLeaderElection(134)) - b9731c9a-07e8-4827-9eb9-5f784fb447b9: shutdown LeaderElection
2019-09-25 11:00:14,750 [10236b5f-bff6-485e-aafa-3b26ea1d6574@group-474418EEB874:LeaderElection18] INFO  impl.RoleInfo (RoleInfo.java:shutdownLeaderElection(134)) - 10236b5f-bff6-485e-aafa-3b26ea1d6574: shutdown LeaderElection
2019-09-25 11:00:14,750 [5f9a0e92-828f-4406-8370-fc24211be18d@group-A44DFED006C8:LeaderElection33] INFO  impl.RoleInfo (RoleInfo.java:shutdownLeaderElection(134)) - 5f9a0e92-828f-4406-8370-fc24211be18d: shutdown LeaderElection
2019-09-25 11:00:14,750 [10236b5f-bff6-485e-aafa-3b26ea1d6574@group-F7CDF0A4393A:LeaderElection22] INFO  impl.RoleInfo (RoleInfo.java:shutdownLeaderElection(134)) - 10236b5f-bff6-485e-aafa-3b26ea1d6574: shutdown LeaderElection
2019-09-25 11:00:14,749 [ForkJoinPool.commonPool-worker-1] INFO  impl.RaftServerImpl (RaftServerImpl.java:lambda$shutdown$3(251)) - 024c4dd7-7c9d-4cdb-8271-6a4ddb62c17e@group-D31D9010DD88: shutdown
2019-09-25 11:00:14,749 [10236b5f-bff6-485e-aafa-3b26ea1d6574@group-A0C1EFD1E870:LeaderElection23] INFO  impl.RoleInfo (RoleInfo.java:shutdownLeaderElection(134)) - 10236b5f-bff6-485e-aafa-3b26ea1d6574: shutdown LeaderElection
2019-09-25 11:00:14,763 [ForkJoinPool.commonPool-worker-1] INFO  util.JmxRegister (JmxRegister.java:unregister(73)) - Successfully un-registered JMX Bean with object name Ratis:service=RaftServer,group=group-D31D9010DD88,id=024c4dd7-7c9d-4cdb-8271-6a4ddb62c17e
2019-09-25 11:00:14,763 [ForkJoinPool.commonPool-worker-1] INFO  impl.RoleInfo (RoleInfo.java:shutdownLeaderElection(134)) - 024c4dd7-7c9d-4cdb-8271-6a4ddb62c17e: shutdown LeaderElection
2019-09-25 11:00:14,763 [10236b5f-bff6-485e-aafa-3b26ea1d6574@group-F7CDF0A4393A:LeaderElection22] INFO  impl.RaftServerImpl (RaftServerImpl.java:setRole(174)) - 10236b5f-bff6-485e-aafa-3b26ea1d6574@group-F7CDF0A4393A: changes role from CANDIDATE to LEADER at term 1 for changeToLeader
2019-09-25 11:00:14,763 [5f9a0e92-828f-4406-8370-fc24211be18d@group-A44DFED006C8:LeaderElection33] INFO  impl.RaftServerImpl (RaftServerImpl.java:setRole(174)) - 5f9a0e92-828f-4406-8370-fc24211be18d@group-A44DFED006C8: changes role from CANDIDATE to LEADER at term 1 for changeToLeader
2019-09-25 11:00:14,763 [10236b5f-bff6-485e-aafa-3b26ea1d6574@group-474418EEB874:LeaderElection18] INFO  impl.RaftServerImpl (RaftServerImpl.java:setRole(174)) - 10236b5f-bff6-485e-aafa-3b26ea1d6574@group-474418EEB874: changes role from CANDIDATE to LEADER at term 1 for changeToLeader
2019-09-25 11:00:14,764 [10236b5f-bff6-485e-aafa-3b26ea1d6574@group-474418EEB874:LeaderElection18] INFO  impl.RaftServerImpl (ServerState.java:setLeader(253)) - 10236b5f-bff6-485e-aafa-3b26ea1d6574@group-474418EEB874: change Leader from null to 10236b5f-bff6-485e-aafa-3b26ea1d6574 at term 1 for becomeLeader, leader elected after 6873ms
2019-09-25 11:00:14,762 [b9731c9a-07e8-4827-9eb9-5f784fb447b9@group-B02A97286828:LeaderElection20] INFO  impl.RaftServerImpl (RaftServerImpl.java:setRole(174)) - b9731c9a-07e8-4827-9eb9-5f784fb447b9@group-B02A97286828: changes role from CANDIDATE to LEADER at term 1 for changeToLeader
2019-09-25 11:00:14,762 [e32c4ad0-ba90-43ec-bb55-c70e02bd141a@group-1F6175DB538B:LeaderElection36] INFO  impl.RaftServerImpl (RaftServerImpl.java:setRole(174)) - e32c4ad0-ba90-43ec-bb55-c70e02bd141a@group-1F6175DB538B: changes role from CANDIDATE to LEADER at term 1 for changeToLeader
2019-09-25 11:00:14,760 [024c4dd7-7c9d-4cdb-8271-6a4ddb62c17e@group-75A5A9AF2773:LeaderElection31] INFO  impl.RaftServerImpl (RaftServerImpl.java:setRole(174)) - 024c4dd7-7c9d-4cdb-8271-6a4ddb62c17e@group-75A5A9AF2773: changes role from CANDIDATE to LEADER at term 1 for changeToLeader
2019-09-25 11:00:14,760 [main] INFO  impl.RoleInfo (RoleInfo.java:shutdownLeaderElection(134)) - 642f0824-8397-42da-9ac4-13d7260e7e2f: shutdown LeaderElection
2019-09-25 11:00:14,760 [b9731c9a-07e8-4827-9eb9-5f784fb447b9@group-6438F16C250B:LeaderElection19] INFO  impl.RaftServerImpl (RaftServerImpl.java:setRole(174)) - b9731c9a-07e8-4827-9eb9-5f784fb447b9@group-6438F16C250B: changes role from CANDIDATE to LEADER at term 1 for changeToLeader
2019-09-25 11:00:14,760 [024c4dd7-7c9d-4cdb-8271-6a4ddb62c17e@group-406844D73841:LeaderElection27] INFO  impl.LeaderElection (LeaderElection.java:run(140)) - 024c4dd7-7c9d-4cdb-8271-6a4ddb62c17e@group-406844D73841:LeaderElection27: IllegalArgumentException is safely ignored since this is already CLOSING
2019-09-25 11:00:14,758 [5f9a0e92-828f-4406-8370-fc24211be18d@group-8C8046F07407:LeaderElection25] INFO  impl.RaftServerImpl (RaftServerImpl.java:setRole(174)) - 5f9a0e92-828f-4406-8370-fc24211be18d@group-8C8046F07407: changes role from CANDIDATE to LEADER at term 1 for changeToLeader
2019-09-25 11:00:14,758 [5f9a0e92-828f-4406-8370-fc24211be18d@group-74394EFD8F2E:LeaderElection32] INFO  impl.RaftServerImpl (RaftServerImpl.java:setRole(174)) - 5f9a0e92-828f-4406-8370-fc24211be18d@group-74394EFD8F2E: changes role from CANDIDATE to LEADER at term 1 for changeToLeader
2019-09-25 11:00:14,765 [5f9a0e92-828f-4406-8370-fc24211be18d@group-74394EFD8F2E:LeaderElection32] INFO  impl.RaftServerImpl (ServerState.java:setLeader(253)) - 5f9a0e92-828f-4406-8370-fc24211be18d@group-74394EFD8F2E: change Leader from null to 5f9a0e92-828f-4406-8370-fc24211be18d at term 1 for becomeLeader, leader elected after 5995ms
2019-09-25 11:00:14,757 [10236b5f-bff6-485e-aafa-3b26ea1d6574@group-4192A5379F9C:LeaderElection21] INFO  impl.RaftServerImpl (RaftServerImpl.java:setRole(174)) - 10236b5f-bff6-485e-aafa-3b26ea1d6574@group-4192A5379F9C: changes role from CANDIDATE to LEADER at term 1 for changeToLeader
2019-09-25 11:00:14,765 [10236b5f-bff6-485e-aafa-3b26ea1d6574@group-4192A5379F9C:LeaderElection21] INFO  impl.RaftServerImpl (ServerState.java:setLeader(253)) - 10236b5f-bff6-485e-aafa-3b26ea1d6574@group-4192A5379F9C: change Leader from null to 10236b5f-bff6-485e-aafa-3b26ea1d6574 at term 1 for becomeLeader, leader elected after 6610ms
2019-09-25 11:00:14,757 [5f9a0e92-828f-4406-8370-fc24211be18d@group-C6C4F8618661:LeaderElection28] INFO  impl.RaftServerImpl (ServerState.java:setLeader(253)) - 5f9a0e92-828f-4406-8370-fc24211be18d@group-C6C4F8618661: change Leader from null to 5f9a0e92-828f-4406-8370-fc24211be18d at term 1 for becomeLeader, leader elected after 6229ms
2019-09-25 11:00:14,757 [b9731c9a-07e8-4827-9eb9-5f784fb447b9@group-31C0F503099D:LeaderElection34] INFO  impl.RaftServerImpl (RaftServerImpl.java:setRole(174)) - b9731c9a-07e8-4827-9eb9-5f784fb447b9@group-31C0F503099D: changes role from CANDIDATE to LEADER at term 1 for changeToLeader
2019-09-25 11:00:14,757 [87c8d9bf-e5fd-4c93-82d7-07f29d18cd92@group-BE09A61ACAF1:LeaderElection26] INFO  impl.RoleInfo (RoleInfo.java:shutdownLeaderElection(134)) - 87c8d9bf-e5fd-4c93-82d7-07f29d18cd92: shutdown LeaderElection
2019-09-25 11:00:14,765 [b9731c9a-07e8-4827-9eb9-5f784fb447b9@group-31C0F503099D:LeaderElection34] INFO  impl.RaftServerImpl (ServerState.java:setLeader(253)) - b9731c9a-07e8-4827-9eb9-5f784fb447b9@group-31C0F503099D: change Leader from null to b9731c9a-07e8-4827-9eb9-5f784fb447b9 at term 1 for becomeLeader, leader elected after 5943ms
2019-09-25 11:00:14,765 [5f9a0e92-828f-4406-8370-fc24211be18d@group-C6C4F8618661:LeaderElection28] INFO  server.RaftServerConfigKeys (ConfUtils.java:logGet(43)) - raft.server.staging.catchup.gap = 1000 (default)
2019-09-25 11:00:14,765 [10236b5f-bff6-485e-aafa-3b26ea1d6574@group-4192A5379F9C:LeaderElection21] INFO  server.RaftServerConfigKeys (ConfUtils.java:logGet(43)) - raft.server.staging.catchup.gap = 1000 (default)
2019-09-25 11:00:14,766 [10236b5f-bff6-485e-aafa-3b26ea1d6574@group-4192A5379F9C:LeaderElection21] INFO  server.RaftServerConfigKeys (ConfUtils.java:logGet(43)) - raft.server.rpc.sleep.time = 25ms (default)
2019-09-25 11:00:14,765 [5f9a0e92-828f-4406-8370-fc24211be18d@group-74394EFD8F2E:LeaderElection32] INFO  server.RaftServerConfigKeys (ConfUtils.java:logGet(43)) - raft.server.staging.catchup.gap = 1000 (default)
2019-09-25 11:00:14,765 [5f9a0e92-828f-4406-8370-fc24211be18d@group-8C8046F07407:LeaderElection25] INFO  impl.RaftServerImpl (ServerState.java:setLeader(253)) - 5f9a0e92-828f-4406-8370-fc24211be18d@group-8C8046F07407: change Leader from null to 5f9a0e92-828f-4406-8370-fc24211be18d at term 1 for becomeLeader, leader elected after 6340ms
2019-09-25 11:00:14,765 [b9731c9a-07e8-4827-9eb9-5f784fb447b9@group-6438F16C250B:LeaderElection19] INFO  impl.RaftServerImpl (ServerState.java:setLeader(253)) - b9731c9a-07e8-4827-9eb9-5f784fb447b9@group-6438F16C250B: change Leader from null to b9731c9a-07e8-4827-9eb9-5f784fb447b9 at term 1 for becomeLeader, leader elected after 6806ms
2019-09-25 11:00:14,765 [main] INFO  impl.StateMachineUpdater (StateMachineUpdater.java:stopAndJoin(125)) - 642f0824-8397-42da-9ac4-13d7260e7e2f@group-96158F29E184-StateMachineUpdater: set stopIndex = -1
2019-09-25 11:00:14,764 [024c4dd7-7c9d-4cdb-8271-6a4ddb62c17e@group-75A5A9AF2773:LeaderElection31] INFO  impl.RaftServerImpl (ServerState.java:setLeader(253)) - 024c4dd7-7c9d-4cdb-8271-6a4ddb62c17e@group-75A5A9AF2773: change Leader from null to 024c4dd7-7c9d-4cdb-8271-6a4ddb62c17e at term 1 for becomeLeader, leader elected after 6125ms
2019-09-25 11:00:14,764 [e32c4ad0-ba90-43ec-bb55-c70e02bd141a@group-1F6175DB538B:LeaderElection36] INFO  impl.RaftServerImpl (ServerState.java:setLeader(253)) - e32c4ad0-ba90-43ec-bb55-c70e02bd141a@group-1F6175DB538B: change Leader from null to e32c4ad0-ba90-43ec-bb55-c70e02bd141a at term 1 for becomeLeader, leader elected after 5617ms
2019-09-25 11:00:14,764 [10236b5f-bff6-485e-aafa-3b26ea1d6574@group-474418EEB874:LeaderElection18] INFO  server.RaftServerConfigKeys (ConfUtils.java:logGet(43)) - raft.server.staging.catchup.gap = 1000 (default)
2019-09-25 11:00:14,764 [b9731c9a-07e8-4827-9eb9-5f784fb447b9@group-B02A97286828:LeaderElection20] INFO  impl.RaftServerImpl (ServerState.java:setLeader(253)) - b9731c9a-07e8-4827-9eb9-5f784fb447b9@group-B02A97286828: change Leader from null to b9731c9a-07e8-4827-9eb9-5f784fb447b9 at term 1 for becomeLeader, leader elected after 6697ms
2019-09-25 11:00:14,764 [5f9a0e92-828f-4406-8370-fc24211be18d@group-A44DFED006C8:LeaderElection33] INFO  impl.RaftServerImpl (ServerState.java:setLeader(253)) - 5f9a0e92-828f-4406-8370-fc24211be18d@group-A44DFED006C8: change Leader from null to 5f9a0e92-828f-4406-8370-fc24211be18d at term 1 for becomeLeader, leader elected after 6040ms
2019-09-25 11:00:14,767 [e32c4ad0-ba90-43ec-bb55-c70e02bd141a@group-63B19AF4D091:LeaderElection38] INFO  impl.LeaderElection (LeaderElection.java:askForVotes(182)) - e32c4ad0-ba90-43ec-bb55-c70e02bd141a@group-63B19AF4D091:LeaderElection38: begin an election at term 1 for -1: [e32c4ad0-ba90-43ec-bb55-c70e02bd141a:192.168.30.6:43545], old=null
2019-09-25 11:00:14,764 [10236b5f-bff6-485e-aafa-3b26ea1d6574@group-F7CDF0A4393A:LeaderElection22] INFO  impl.RaftServerImpl (ServerState.java:setLeader(253)) - 10236b5f-bff6-485e-aafa-3b26ea1d6574@group-F7CDF0A4393A: change Leader from null to 10236b5f-bff6-485e-aafa-3b26ea1d6574 at term 1 for becomeLeader, leader elected after 6464ms
2019-09-25 11:00:14,764 [ForkJoinPool.commonPool-worker-1] INFO  impl.StateMachineUpdater (StateMachineUpdater.java:stopAndJoin(125)) - 024c4dd7-7c9d-4cdb-8271-6a4ddb62c17e@group-D31D9010DD88-StateMachineUpdater: set stopIndex = -1
2019-09-25 11:00:14,763 [10236b5f-bff6-485e-aafa-3b26ea1d6574@group-A0C1EFD1E870:LeaderElection23] INFO  impl.RaftServerImpl (RaftServerImpl.java:setRole(174)) - 10236b5f-bff6-485e-aafa-3b26ea1d6574@group-A0C1EFD1E870: changes role from CANDIDATE to LEADER at term 1 for changeToLeader
2019-09-25 11:00:14,768 [ForkJoinPool.commonPool-worker-1] INFO  impl.RaftServerImpl (ServerState.java:close(385)) - 024c4dd7-7c9d-4cdb-8271-6a4ddb62c17e@group-D31D9010DD88: closes. applyIndex: -1
2019-09-25 11:00:14,767 [10236b5f-bff6-485e-aafa-3b26ea1d6574@group-F7CDF0A4393A:LeaderElection22] INFO  server.RaftServerConfigKeys (ConfUtils.java:logGet(43)) - raft.server.staging.catchup.gap = 1000 (default)
2019-09-25 11:00:14,768 [024c4dd7-7c9d-4cdb-8271-6a4ddb62c17e@group-D31D9010DD88-SegmentedRaftLogWorker] INFO  segmented.SegmentedRaftLogWorker (SegmentedRaftLogWorker.java:run(313)) - 024c4dd7-7c9d-4cdb-8271-6a4ddb62c17e@group-D31D9010DD88-SegmentedRaftLogWorker was interrupted, exiting. There are 0 tasks remaining in the queue.
2019-09-25 11:00:14,767 [e32c4ad0-ba90-43ec-bb55-c70e02bd141a@group-63B19AF4D091:LeaderElection38] INFO  impl.RoleInfo (RoleInfo.java:shutdownLeaderElection(134)) - e32c4ad0-ba90-43ec-bb55-c70e02bd141a: shutdown LeaderElection
2019-09-25 11:00:14,767 [5f9a0e92-828f-4406-8370-fc24211be18d@group-A44DFED006C8:LeaderElection33] INFO  server.RaftServerConfigKeys (ConfUtils.java:logGet(43)) - raft.server.staging.catchup.gap = 1000 (default)
2019-09-25 11:00:14,767 [e32c4ad0-ba90-43ec-bb55-c70e02bd141a@group-4B2D1E2E3EA2:LeaderElection40] INFO  impl.LeaderElection (LeaderElection.java:askForVotes(182)) - e32c4ad0-ba90-43ec-bb55-c70e02bd141a@group-4B2D1E2E3EA2:LeaderElection40: begin an election at term 1 for -1: [e32c4ad0-ba90-43ec-bb55-c70e02bd141a:192.168.30.6:43545], old=null
2019-09-25 11:00:14,767 [87c8d9bf-e5fd-4c93-82d7-07f29d18cd92@group-A1B4858C075A:LeaderElection39] INFO  impl.LeaderElection (LeaderElection.java:askForVotes(182)) - 87c8d9bf-e5fd-4c93-82d7-07f29d18cd92@group-A1B4858C075A:LeaderElection39: begin an election at term 1 for -1: [87c8d9bf-e5fd-4c93-82d7-07f29d18cd92:192.168.30.6:45400], old=null
2019-09-25 11:00:14,769 [e32c4ad0-ba90-43ec-bb55-c70e02bd141a@group-4B2D1E2E3EA2:LeaderElection40] INFO  impl.RoleInfo (RoleInfo.java:shutdownLeaderElection(134)) - e32c4ad0-ba90-43ec-bb55-c70e02bd141a: shutdown LeaderElection
2019-09-25 11:00:14,767 [e32c4ad0-ba90-43ec-bb55-c70e02bd141a@group-CED32A3CCACF:LeaderElection41] INFO  impl.LeaderElection (LeaderElection.java:askForVotes(182)) - e32c4ad0-ba90-43ec-bb55-c70e02bd141a@group-CED32A3CCACF:LeaderElection41: begin an election at term 1 for -1: [e32c4ad0-ba90-43ec-bb55-c70e02bd141a:192.168.30.6:43545], old=null
2019-09-25 11:00:14,767 [e32c4ad0-ba90-43ec-bb55-c70e02bd141a@group-6BEE706C674D:LeaderElection42] INFO  impl.LeaderElection (LeaderElection.java:askForVotes(182)) - e32c4ad0-ba90-43ec-bb55-c70e02bd141a@group-6BEE706C674D:LeaderElection42: begin an election at term 1 for -1: [e32c4ad0-ba90-43ec-bb55-c70e02bd141a:192.168.30.6:43545], old=null
2019-09-25 11:00:14,767 [024c4dd7-7c9d-4cdb-8271-6a4ddb62c17e@group-6B67DD3E35FC:LeaderElection37] INFO  impl.LeaderElection (LeaderElection.java:askForVotes(182)) - 024c4dd7-7c9d-4cdb-8271-6a4ddb62c17e@group-6B67DD3E35FC:LeaderElection37: begin an election at term 1 for -1: [024c4dd7-7c9d-4cdb-8271-6a4ddb62c17e:192.168.30.6:36470], old=null
2019-09-25 11:00:14,767 [b9731c9a-07e8-4827-9eb9-5f784fb447b9@group-B02A97286828:LeaderElection20] INFO  server.RaftServerConfigKeys (ConfUtils.java:logGet(43)) - raft.server.staging.catchup.gap = 1000 (default)
2019-09-25 11:00:14,767 [10236b5f-bff6-485e-aafa-3b26ea1d6574@group-474418EEB874:LeaderElection18] INFO  server.RaftServerConfigKeys (ConfUtils.java:logGet(43)) - raft.server.rpc.sleep.time = 25ms (default)
2019-09-25 11:00:14,767 [e32c4ad0-ba90-43ec-bb55-c70e02bd141a@group-1F6175DB538B:LeaderElection36] INFO  server.RaftServerConfigKeys (ConfUtils.java:logGet(43)) - raft.server.staging.catchup.gap = 1000 (default)
2019-09-25 11:00:14,767 [024c4dd7-7c9d-4cdb-8271-6a4ddb62c17e@group-75A5A9AF2773:LeaderElection31] INFO  server.RaftServerConfigKeys (ConfUtils.java:logGet(43)) - raft.server.staging.catchup.gap = 1000 (default)
2019-09-25 11:00:14,767 [main] INFO  impl.RaftServerImpl (ServerState.java:close(385)) - 642f0824-8397-42da-9ac4-13d7260e7e2f@group-96158F29E184: closes. applyIndex: -1
2019-09-25 11:00:14,766 [b9731c9a-07e8-4827-9eb9-5f784fb447b9@group-6438F16C250B:LeaderElection19] INFO  server.RaftServerConfigKeys (ConfUtils.java:logGet(43)) - raft.server.staging.catchup.gap = 1000 (default)
2019-09-25 11:00:14,766 [5f9a0e92-828f-4406-8370-fc24211be18d@group-8C8046F07407:LeaderElection25] INFO  server.RaftServerConfigKeys (ConfUtils.java:logGet(43)) - raft.server.staging.catchup.gap = 1000 (default)
2019-09-25 11:00:14,770 [5f9a0e92-828f-4406-8370-fc24211be18d@group-8C8046F07407:LeaderElection25] INFO  server.RaftServerConfigKeys (ConfUtils.java:logGet(43)) - raft.server.rpc.sleep.time = 25ms (default)
2019-09-25 11:00:14,766 [5f9a0e92-828f-4406-8370-fc24211be18d@group-74394EFD8F2E:LeaderElection32] INFO  server.RaftServerConfigKeys (ConfUtils.java:logGet(43)) - raft.server.rpc.sleep.time = 25ms (default)
2019-09-25 11:00:14,766 [10236b5f-bff6-485e-aafa-3b26ea1d6574@group-4192A5379F9C:LeaderElection21] INFO  server.RaftServerConfigKeys (ConfUtils.java:logGet(43)) - raft.server.write.element-limit = 4096 (default)
2019-09-25 11:00:14,766 [5f9a0e92-828f-4406-8370-fc24211be18d@group-C6C4F8618661:LeaderElection28] INFO  server.RaftServerConfigKeys (ConfUtils.java:logGet(43)) - raft.server.rpc.sleep.time = 25ms (default)
2019-09-25 11:00:14,771 [10236b5f-bff6-485e-aafa-3b26ea1d6574@group-4192A5379F9C:LeaderElection21] INFO  server.RaftServerConfigKeys (ConfUtils.java:logGet(43)) - raft.server.watch.timeout = 10s (default)
2019-09-25 11:00:14,766 [b9731c9a-07e8-4827-9eb9-5f784fb447b9@group-31C0F503099D:LeaderElection34] INFO  server.RaftServerConfigKeys (ConfUtils.java:logGet(43)) - raft.server.staging.catchup.gap = 1000 (default)
2019-09-25 11:00:14,766 [87c8d9bf-e5fd-4c93-82d7-07f29d18cd92@group-BE09A61ACAF1:LeaderElection26] INFO  impl.RaftServerImpl (RaftServerImpl.java:setRole(174)) - 87c8d9bf-e5fd-4c93-82d7-07f29d18cd92@group-BE09A61ACAF1: changes role from CANDIDATE to LEADER at term 1 for changeToLeader
2019-09-25 11:00:14,771 [b9731c9a-07e8-4827-9eb9-5f784fb447b9@group-31C0F503099D:LeaderElection34] INFO  server.RaftServerConfigKeys (ConfUtils.java:logGet(43)) - raft.server.rpc.sleep.time = 25ms (default)
2019-09-25 11:00:14,771 [10236b5f-bff6-485e-aafa-3b26ea1d6574@group-4192A5379F9C:LeaderElection21] INFO  server.RaftServerConfigKeys (ConfUtils.java:logGet(43)) - raft.server.watch.timeout.denomination = 1s (default)
2019-09-25 11:00:14,771 [5f9a0e92-828f-4406-8370-fc24211be18d@group-C6C4F8618661:LeaderElection28] INFO  server.RaftServerConfigKeys (ConfUtils.java:logGet(43)) - raft.server.write.element-limit = 4096 (default)
2019-09-25 11:00:14,770 [5f9a0e92-828f-4406-8370-fc24211be18d@group-74394EFD8F2E:LeaderElection32] INFO  server.RaftServerConfigKeys (ConfUtils.java:logGet(43)) - raft.server.write.element-limit = 4096 (default)
2019-09-25 11:00:14,770 [5f9a0e92-828f-4406-8370-fc24211be18d@group-8C8046F07407:LeaderElection25] INFO  server.RaftServerConfigKeys (ConfUtils.java:logGet(43)) - raft.server.write.element-limit = 4096 (default)
2019-09-25 11:00:14,770 [b9731c9a-07e8-4827-9eb9-5f784fb447b9@group-6438F16C250B:LeaderElection19] INFO  server.RaftServerConfigKeys (ConfUtils.java:logGet(43)) - raft.server.rpc.sleep.time = 25ms (default)
2019-09-25 11:00:14,770 [642f0824-8397-42da-9ac4-13d7260e7e2f@group-96158F29E184-SegmentedRaftLogWorker] INFO  segmented.SegmentedRaftLogWorker (SegmentedRaftLogWorker.java:run(313)) - 642f0824-8397-42da-9ac4-13d7260e7e2f@group-96158F29E184-SegmentedRaftLogWorker was interrupted, exiting. There are 0 tasks remaining in the queue.
2019-09-25 11:00:14,770 [024c4dd7-7c9d-4cdb-8271-6a4ddb62c17e@group-75A5A9AF2773:LeaderElection31] INFO  server.RaftServerConfigKeys (ConfUtils.java:logGet(43)) - raft.server.rpc.sleep.time = 25ms (default)
2019-09-25 11:00:14,769 [e32c4ad0-ba90-43ec-bb55-c70e02bd141a@group-1F6175DB538B:LeaderElection36] INFO  server.RaftServerConfigKeys (ConfUtils.java:logGet(43)) - raft.server.rpc.sleep.time = 25ms (default)
2019-09-25 11:00:14,769 [10236b5f-bff6-485e-aafa-3b26ea1d6574@group-474418EEB874:LeaderElection18] INFO  server.RaftServerConfigKeys (ConfUtils.java:logGet(43)) - raft.server.write.element-limit = 4096 (default)
2019-09-25 11:00:14,769 [b9731c9a-07e8-4827-9eb9-5f784fb447b9@group-B02A97286828:LeaderElection20] INFO  server.RaftServerConfigKeys (ConfUtils.java:logGet(43)) - raft.server.rpc.sleep.time = 25ms (default)
2019-09-25 11:00:14,769 [024c4dd7-7c9d-4cdb-8271-6a4ddb62c17e@group-6B67DD3E35FC:LeaderElection37] INFO  impl.LeaderElection (LogUtils.java:infoOrTrace(149)) - Failed 024c4dd7-7c9d-4cdb-8271-6a4ddb62c17e@group-6B67DD3E35FC:LeaderElection37, state=CLOSING: {}
java.lang.IllegalArgumentException: 024c4dd7-7c9d-4cdb-8271-6a4ddb62c17e@group-6B67DD3E35FC-SegmentedRaftLog is expected to be opened but it is CLOSED
	at org.apache.ratis.util.OpenCloseState.assertOpen(OpenCloseState.java:63)
	at org.apache.ratis.server.raftlog.RaftLog.checkLogState(RaftLog.java:102)
	at org.apache.ratis.server.raftlog.segmented.SegmentedRaftLog.getLastEntryTermIndex(SegmentedRaftLog.java:324)
	at org.apache.ratis.server.impl.LeaderElection.askForVotes(LeaderElection.java:184)
	at org.apache.ratis.server.impl.LeaderElection.run(LeaderElection.java:133)
	at java.lang.Thread.run(Thread.java:748)
Caused by: org.apache.ratis.util.OpenCloseState$CloseTrace: Close 024c4dd7-7c9d-4cdb-8271-6a4ddb62c17e@group-6B67DD3E35FC-SegmentedRaftLog
	at org.apache.ratis.util.OpenCloseState.lambda$close$1(OpenCloseState.java:109)
	at java.util.concurrent.atomic.AtomicReference.getAndUpdate(AtomicReference.java:160)
	at org.apache.ratis.util.OpenCloseState.close(OpenCloseState.java:109)
	at org.apache.ratis.server.raftlog.RaftLog.close(RaftLog.java:437)
	at org.apache.ratis.server.raftlog.segmented.SegmentedRaftLog.close(SegmentedRaftLog.java:476)
	at org.apache.ratis.server.impl.ServerState.close(ServerState.java:387)
	at org.apache.ratis.server.impl.RaftServerImpl.lambda$shutdown$3(RaftServerImpl.java:273)
	at org.apache.ratis.util.LifeCycle.lambda$checkStateAndClose$2(LifeCycle.java:231)
	at org.apache.ratis.util.LifeCycle.checkStateAndClose(LifeCycle.java:251)
	at org.apache.ratis.util.LifeCycle.checkStateAndClose(LifeCycle.java:229)
	at org.apache.ratis.server.impl.RaftServerImpl.shutdown(RaftServerImpl.java:250)
	at org.apache.ratis.server.impl.RaftServerProxy$ImplMap.lambda$close$0(RaftServerProxy.java:107)
	at java.util.stream.ForEachOps$ForEachOp$OfRef.accept(ForEachOps.java:184)
	at java.util.stream.ReferencePipeline$3$1.accept(ReferencePipeline.java:193)
	at java.util.concurrent.ConcurrentHashMap$ValueSpliterator.forEachRemaining(ConcurrentHashMap.java:3566)
	at java.util.stream.AbstractPipeline.copyInto(AbstractPipeline.java:482)
	at java.util.stream.ForEachOps$ForEachTask.compute(ForEachOps.java:291)
	at java.util.concurrent.CountedCompleter.exec(CountedCompleter.java:731)
	at java.util.concurrent.ForkJoinTask.doExec(ForkJoinTask.java:289)
	at java.util.concurrent.ForkJoinPool.helpComplete(ForkJoinPool.java:1870)
	at java.util.concurrent.ForkJoinPool.awaitJoin(ForkJoinPool.java:2045)
	at java.util.concurrent.ForkJoinTask.doInvoke(ForkJoinTask.java:404)
	at java.util.concurrent.ForkJoinTask.invoke(ForkJoinTask.java:734)
	at java.util.stream.ForEachOps$ForEachOp.evaluateParallel(ForEachOps.java:160)
	at java.util.stream.ForEachOps$ForEachOp$OfRef.evaluateParallel(ForEachOps.java:174)
	at java.util.stream.AbstractPipeline.evaluate(AbstractPipeline.java:233)
	at java.util.stream.ReferencePipeline.forEach(ReferencePipeline.java:418)
	at org.apache.ratis.server.impl.RaftServerProxy$ImplMap.close(RaftServerProxy.java:107)
	at org.apache.ratis.server.impl.RaftServerProxy.lambda$close$4(RaftServerProxy.java:315)
	at org.apache.ratis.util.LifeCycle.lambda$checkStateAndClose$2(LifeCycle.java:231)
	at org.apache.ratis.util.LifeCycle.checkStateAndClose(LifeCycle.java:251)
	at org.apache.ratis.util.LifeCycle.checkStateAndClose(LifeCycle.java:229)
	at org.apache.ratis.server.impl.RaftServerProxy.close(RaftServerProxy.java:313)
	at org.apache.hadoop.ozone.container.common.transport.server.ratis.XceiverServerRatis.stop(XceiverServerRatis.java:441)
	at org.apache.hadoop.ozone.container.ozoneimpl.OzoneContainer.stop(OzoneContainer.java:233)
	at org.apache.hadoop.ozone.container.common.statemachine.DatanodeStateMachine.close(DatanodeStateMachine.java:270)
	at org.apache.hadoop.ozone.container.common.statemachine.DatanodeStateMachine.stopDaemon(DatanodeStateMachine.java:394)
	at org.apache.hadoop.ozone.HddsDatanodeService.stop(HddsDatanodeService.java:457)
	at org.apache.hadoop.ozone.MiniOzoneClusterImpl.stopDatanode(MiniOzoneClusterImpl.java:385)
	at java.util.stream.ForEachOps$ForEachOp$OfRef.accept(ForEachOps.java:184)
	at java.util.ArrayList$ArrayListSpliterator.forEachRemaining(ArrayList.java:1382)
	at java.util.stream.AbstractPipeline.copyInto(AbstractPipeline.java:482)
	at java.util.stream.ForEachOps$ForEachTask.compute(ForEachOps.java:291)
	at java.util.concurrent.CountedCompleter.exec(CountedCompleter.java:731)
	at java.util.concurrent.ForkJoinTask.doExec(ForkJoinTask.java:289)
	at java.util.concurrent.ForkJoinPool$WorkQueue.runTask(ForkJoinPool.java:1056)
	at java.util.concurrent.ForkJoinPool.runWorker(ForkJoinPool.java:1692)
	at java.util.concurrent.ForkJoinWorkerThread.run(ForkJoinWorkerThread.java:157)
2019-09-25 11:00:14,769 [e32c4ad0-ba90-43ec-bb55-c70e02bd141a@group-6BEE706C674D:LeaderElection42] INFO  impl.RoleInfo (RoleInfo.java:shutdownLeaderElection(134)) - e32c4ad0-ba90-43ec-bb55-c70e02bd141a: shutdown LeaderElection
2019-09-25 11:00:14,769 [e32c4ad0-ba90-43ec-bb55-c70e02bd141a@group-CED32A3CCACF:LeaderElection41] INFO  impl.RoleInfo (RoleInfo.java:shutdownLeaderElection(134)) - e32c4ad0-ba90-43ec-bb55-c70e02bd141a: shutdown LeaderElection
2019-09-25 11:00:14,769 [e32c4ad0-ba90-43ec-bb55-c70e02bd141a@group-4B2D1E2E3EA2:LeaderElection40] INFO  impl.RaftServerImpl (RaftServerImpl.java:setRole(174)) - e32c4ad0-ba90-43ec-bb55-c70e02bd141a@group-4B2D1E2E3EA2: changes role from CANDIDATE to LEADER at term 1 for changeToLeader
2019-09-25 11:00:14,769 [87c8d9bf-e5fd-4c93-82d7-07f29d18cd92@group-A1B4858C075A:LeaderElection39] INFO  impl.RoleInfo (RoleInfo.java:shutdownLeaderElection(134)) - 87c8d9bf-e5fd-4c93-82d7-07f29d18cd92: shutdown LeaderElection
2019-09-25 11:00:14,768 [5f9a0e92-828f-4406-8370-fc24211be18d@group-A44DFED006C8:LeaderElection33] INFO  server.RaftServerConfigKeys (ConfUtils.java:logGet(43)) - raft.server.rpc.sleep.time = 25ms (default)
2019-09-25 11:00:14,768 [e32c4ad0-ba90-43ec-bb55-c70e02bd141a@group-63B19AF4D091:LeaderElection38] INFO  impl.RaftServerImpl (RaftServerImpl.java:setRole(174)) - e32c4ad0-ba90-43ec-bb55-c70e02bd141a@group-63B19AF4D091: changes role from CANDIDATE to LEADER at term 1 for changeToLeader
2019-09-25 11:00:14,768 [ForkJoinPool.commonPool-worker-1] INFO  segmented.SegmentedRaftLogWorker (SegmentedRaftLogWorker.java:close(228)) - 024c4dd7-7c9d-4cdb-8271-6a4ddb62c17e@group-D31D9010DD88-SegmentedRaftLogWorker close()
2019-09-25 11:00:14,768 [10236b5f-bff6-485e-aafa-3b26ea1d6574@group-F7CDF0A4393A:LeaderElection22] INFO  server.RaftServerConfigKeys (ConfUtils.java:logGet(43)) - raft.server.rpc.sleep.time = 25ms (default)
2019-09-25 11:00:14,768 [10236b5f-bff6-485e-aafa-3b26ea1d6574@group-A0C1EFD1E870:LeaderElection23] INFO  impl.RaftServerImpl (ServerState.java:setLeader(253)) - 10236b5f-bff6-485e-aafa-3b26ea1d6574@group-A0C1EFD1E870: change Leader from null to 10236b5f-bff6-485e-aafa-3b26ea1d6574 at term 1 for becomeLeader, leader elected after 6575ms
2019-09-25 11:00:14,780 [10236b5f-bff6-485e-aafa-3b26ea1d6574@group-F7CDF0A4393A:LeaderElection22] INFO  server.RaftServerConfigKeys (ConfUtils.java:logGet(43)) - raft.server.write.element-limit = 4096 (default)
2019-09-25 11:00:14,780 [ForkJoinPool.commonPool-worker-1] INFO  impl.RaftServerImpl (RaftServerImpl.java:lambda$shutdown$3(251)) - 024c4dd7-7c9d-4cdb-8271-6a4ddb62c17e@group-75A5A9AF2773: shutdown
2019-09-25 11:00:14,775 [e32c4ad0-ba90-43ec-bb55-c70e02bd141a@group-63B19AF4D091:LeaderElection38] INFO  impl.RaftServerImpl (ServerState.java:setLeader(253)) - e32c4ad0-ba90-43ec-bb55-c70e02bd141a@group-63B19AF4D091: change Leader from null to e32c4ad0-ba90-43ec-bb55-c70e02bd141a at term 1 for becomeLeader, leader elected after 5395ms
2019-09-25 11:00:14,775 [5f9a0e92-828f-4406-8370-fc24211be18d@group-A44DFED006C8:LeaderElection33] INFO  server.RaftServerConfigKeys (ConfUtils.java:logGet(43)) - raft.server.write.element-limit = 4096 (default)
2019-09-25 11:00:14,775 [87c8d9bf-e5fd-4c93-82d7-07f29d18cd92@group-A1B4858C075A:LeaderElection39] INFO  impl.RaftServerImpl (RaftServerImpl.java:setRole(174)) - 87c8d9bf-e5fd-4c93-82d7-07f29d18cd92@group-A1B4858C075A: changes role from CANDIDATE to LEADER at term 1 for changeToLeader
2019-09-25 11:00:14,775 [e32c4ad0-ba90-43ec-bb55-c70e02bd141a@group-4B2D1E2E3EA2:LeaderElection40] INFO  impl.RaftServerImpl (ServerState.java:setLeader(253)) - e32c4ad0-ba90-43ec-bb55-c70e02bd141a@group-4B2D1E2E3EA2: change Leader from null to e32c4ad0-ba90-43ec-bb55-c70e02bd141a at term 1 for becomeLeader, leader elected after 5328ms
2019-09-25 11:00:14,775 [e32c4ad0-ba90-43ec-bb55-c70e02bd141a@group-CED32A3CCACF:LeaderElection41] INFO  impl.RaftServerImpl (RaftServerImpl.java:setRole(174)) - e32c4ad0-ba90-43ec-bb55-c70e02bd141a@group-CED32A3CCACF: changes role from CANDIDATE to LEADER at term 1 for changeToLeader
2019-09-25 11:00:14,775 [e32c4ad0-ba90-43ec-bb55-c70e02bd141a@group-6BEE706C674D:LeaderElection42] INFO  impl.RaftServerImpl (RaftServerImpl.java:setRole(174)) - e32c4ad0-ba90-43ec-bb55-c70e02bd141a@group-6BEE706C674D: changes role from CANDIDATE to LEADER at term 1 for changeToLeader
2019-09-25 11:00:14,774 [024c4dd7-7c9d-4cdb-8271-6a4ddb62c17e@group-6B67DD3E35FC:LeaderElection37] INFO  impl.LeaderElection (LeaderElection.java:run(140)) - 024c4dd7-7c9d-4cdb-8271-6a4ddb62c17e@group-6B67DD3E35FC:LeaderElection37: IllegalArgumentException is safely ignored since this is already CLOSING
2019-09-25 11:00:14,772 [b9731c9a-07e8-4827-9eb9-5f784fb447b9@group-B02A97286828:LeaderElection20] INFO  server.RaftServerConfigKeys (ConfUtils.java:logGet(43)) - raft.server.write.element-limit = 4096 (default)
2019-09-25 11:00:14,772 [10236b5f-bff6-485e-aafa-3b26ea1d6574@group-474418EEB874:LeaderElection18] INFO  server.RaftServerConfigKeys (ConfUtils.java:logGet(43)) - raft.server.watch.timeout = 10s (default)
2019-09-25 11:00:14,772 [e32c4ad0-ba90-43ec-bb55-c70e02bd141a@group-1F6175DB538B:LeaderElection36] INFO  server.RaftServerConfigKeys (ConfUtils.java:logGet(43)) - raft.server.write.element-limit = 4096 (default)
2019-09-25 11:00:14,772 [024c4dd7-7c9d-4cdb-8271-6a4ddb62c17e@group-75A5A9AF2773:LeaderElection31] INFO  server.RaftServerConfigKeys (ConfUtils.java:logGet(43)) - raft.server.write.element-limit = 4096 (default)
2019-09-25 11:00:14,782 [024c4dd7-7c9d-4cdb-8271-6a4ddb62c17e@group-75A5A9AF2773:LeaderElection31] INFO  server.RaftServerConfigKeys (ConfUtils.java:logGet(43)) - raft.server.watch.timeout = 10s (default)
2019-09-25 11:00:14,782 [024c4dd7-7c9d-4cdb-8271-6a4ddb62c17e@group-75A5A9AF2773:LeaderElection31] INFO  server.RaftServerConfigKeys (ConfUtils.java:logGet(43)) - raft.server.watch.timeout.denomination = 1s (default)
2019-09-25 11:00:14,782 [024c4dd7-7c9d-4cdb-8271-6a4ddb62c17e@group-75A5A9AF2773:LeaderElection31] INFO  server.RaftServerConfigKeys (ConfUtils.java:logGet(43)) - raft.server.watch.element-limit = 65536 (default)
2019-09-25 11:00:14,772 [main] INFO  segmented.SegmentedRaftLogWorker (SegmentedRaftLogWorker.java:close(228)) - 642f0824-8397-42da-9ac4-13d7260e7e2f@group-96158F29E184-SegmentedRaftLogWorker close()
2019-09-25 11:00:14,772 [b9731c9a-07e8-4827-9eb9-5f784fb447b9@group-6438F16C250B:LeaderElection19] INFO  server.RaftServerConfigKeys (ConfUtils.java:logGet(43)) - raft.server.write.element-limit = 4096 (default)
2019-09-25 11:00:14,790 [main] INFO  impl.RaftServerImpl (RaftServerImpl.java:lambda$shutdown$3(251)) - 642f0824-8397-42da-9ac4-13d7260e7e2f@group-AEC2F25C6B8D: shutdown
2019-09-25 11:00:14,771 [5f9a0e92-828f-4406-8370-fc24211be18d@group-8C8046F07407:LeaderElection25] INFO  server.RaftServerConfigKeys (ConfUtils.java:logGet(43)) - raft.server.watch.timeout = 10s (default)
2019-09-25 11:00:14,771 [5f9a0e92-828f-4406-8370-fc24211be18d@group-74394EFD8F2E:LeaderElection32] INFO  server.RaftServerConfigKeys (ConfUtils.java:logGet(43)) - raft.server.watch.timeout = 10s (default)
2019-09-25 11:00:14,771 [5f9a0e92-828f-4406-8370-fc24211be18d@group-C6C4F8618661:LeaderElection28] INFO  server.RaftServerConfigKeys (ConfUtils.java:logGet(43)) - raft.server.watch.timeout = 10s (default)
2019-09-25 11:00:14,771 [10236b5f-bff6-485e-aafa-3b26ea1d6574@group-4192A5379F9C:LeaderElection21] INFO  server.RaftServerConfigKeys (ConfUtils.java:logGet(43)) - raft.server.watch.element-limit = 65536 (default)
2019-09-25 11:00:14,771 [b9731c9a-07e8-4827-9eb9-5f784fb447b9@group-31C0F503099D:LeaderElection34] INFO  server.RaftServerConfigKeys (ConfUtils.java:logGet(43)) - raft.server.write.element-limit = 4096 (default)
2019-09-25 11:00:14,771 [87c8d9bf-e5fd-4c93-82d7-07f29d18cd92@group-BE09A61ACAF1:LeaderElection26] INFO  impl.RaftServerImpl (ServerState.java:setLeader(253)) - 87c8d9bf-e5fd-4c93-82d7-07f29d18cd92@group-BE09A61ACAF1: change Leader from null to 87c8d9bf-e5fd-4c93-82d7-07f29d18cd92 at term 1 for becomeLeader, leader elected after 6295ms
2019-09-25 11:00:14,791 [b9731c9a-07e8-4827-9eb9-5f784fb447b9@group-31C0F503099D:LeaderElection34] INFO  server.RaftServerConfigKeys (ConfUtils.java:logGet(43)) - raft.server.watch.timeout = 10s (default)
2019-09-25 11:00:14,791 [5f9a0e92-828f-4406-8370-fc24211be18d@group-C6C4F8618661:LeaderElection28] INFO  server.RaftServerConfigKeys (ConfUtils.java:logGet(43)) - raft.server.watch.timeout.denomination = 1s (default)
2019-09-25 11:00:14,790 [5f9a0e92-828f-4406-8370-fc24211be18d@group-74394EFD8F2E:LeaderElection32] INFO  server.RaftServerConfigKeys (ConfUtils.java:logGet(43)) - raft.server.watch.timeout.denomination = 1s (default)
2019-09-25 11:00:14,790 [024c4dd7-7c9d-4cdb-8271-6a4ddb62c17e@group-75A5A9AF2773:LeaderElection31] INFO  impl.RoleInfo (RoleInfo.java:updateAndGet(143)) - 024c4dd7-7c9d-4cdb-8271-6a4ddb62c17e: start LeaderState
2019-09-25 11:00:14,790 [5f9a0e92-828f-4406-8370-fc24211be18d@group-8C8046F07407:LeaderElection25] INFO  server.RaftServerConfigKeys (ConfUtils.java:logGet(43)) - raft.server.watch.timeout.denomination = 1s (default)
2019-09-25 11:00:14,790 [main] INFO  util.JmxRegister (JmxRegister.java:unregister(73)) - Successfully un-registered JMX Bean with object name Ratis:service=RaftServer,group=group-AEC2F25C6B8D,id=642f0824-8397-42da-9ac4-13d7260e7e2f
2019-09-25 11:00:14,792 [main] INFO  impl.RoleInfo (RoleInfo.java:shutdownLeaderState(104)) - 642f0824-8397-42da-9ac4-13d7260e7e2f: shutdown LeaderState
2019-09-25 11:00:14,790 [b9731c9a-07e8-4827-9eb9-5f784fb447b9@group-6438F16C250B:LeaderElection19] INFO  server.RaftServerConfigKeys (ConfUtils.java:logGet(43)) - raft.server.watch.timeout = 10s (default)
2019-09-25 11:00:14,782 [e32c4ad0-ba90-43ec-bb55-c70e02bd141a@group-1F6175DB538B:LeaderElection36] INFO  server.RaftServerConfigKeys (ConfUtils.java:logGet(43)) - raft.server.watch.timeout = 10s (default)
2019-09-25 11:00:14,781 [10236b5f-bff6-485e-aafa-3b26ea1d6574@group-474418EEB874:LeaderElection18] INFO  server.RaftServerConfigKeys (ConfUtils.java:logGet(43)) - raft.server.watch.timeout.denomination = 1s (default)
2019-09-25 11:00:14,781 [b9731c9a-07e8-4827-9eb9-5f784fb447b9@group-B02A97286828:LeaderElection20] INFO  server.RaftServerConfigKeys (ConfUtils.java:logGet(43)) - raft.server.watch.timeout = 10s (default)
2019-09-25 11:00:14,781 [e32c4ad0-ba90-43ec-bb55-c70e02bd141a@group-6BEE706C674D:LeaderElection42] INFO  impl.RaftServerImpl (ServerState.java:setLeader(253)) - e32c4ad0-ba90-43ec-bb55-c70e02bd141a@group-6BEE706C674D: change Leader from null to e32c4ad0-ba90-43ec-bb55-c70e02bd141a at term 1 for becomeLeader, leader elected after 5222ms
2019-09-25 11:00:14,781 [e32c4ad0-ba90-43ec-bb55-c70e02bd141a@group-CED32A3CCACF:LeaderElection41] INFO  impl.RaftServerImpl (ServerState.java:setLeader(253)) - e32c4ad0-ba90-43ec-bb55-c70e02bd141a@group-CED32A3CCACF: change Leader from null to e32c4ad0-ba90-43ec-bb55-c70e02bd141a at term 1 for becomeLeader, leader elected after 5268ms
2019-09-25 11:00:14,781 [e32c4ad0-ba90-43ec-bb55-c70e02bd141a@group-4B2D1E2E3EA2:LeaderElection40] INFO  server.RaftServerConfigKeys (ConfUtils.java:logGet(43)) - raft.server.staging.catchup.gap = 1000 (default)
2019-09-25 11:00:14,781 [87c8d9bf-e5fd-4c93-82d7-07f29d18cd92@group-A1B4858C075A:LeaderElection39] INFO  impl.RaftServerImpl (ServerState.java:setLeader(253)) - 87c8d9bf-e5fd-4c93-82d7-07f29d18cd92@group-A1B4858C075A: change Leader from null to 87c8d9bf-e5fd-4c93-82d7-07f29d18cd92 at term 1 for becomeLeader, leader elected after 5463ms
2019-09-25 11:00:14,781 [5f9a0e92-828f-4406-8370-fc24211be18d@group-A44DFED006C8:LeaderElection33] INFO  server.RaftServerConfigKeys (ConfUtils.java:logGet(43)) - raft.server.watch.timeout = 10s (default)
2019-09-25 11:00:14,780 [e32c4ad0-ba90-43ec-bb55-c70e02bd141a@group-63B19AF4D091:LeaderElection38] INFO  server.RaftServerConfigKeys (ConfUtils.java:logGet(43)) - raft.server.staging.catchup.gap = 1000 (default)
2019-09-25 11:00:14,780 [ForkJoinPool.commonPool-worker-1] INFO  util.JmxRegister (JmxRegister.java:unregister(73)) - Successfully un-registered JMX Bean with object name Ratis:service=RaftServer,group=group-75A5A9AF2773,id=024c4dd7-7c9d-4cdb-8271-6a4ddb62c17e
2019-09-25 11:00:14,780 [10236b5f-bff6-485e-aafa-3b26ea1d6574@group-F7CDF0A4393A:LeaderElection22] INFO  server.RaftServerConfigKeys (ConfUtils.java:logGet(43)) - raft.server.watch.timeout = 10s (default)
2019-09-25 11:00:14,780 [10236b5f-bff6-485e-aafa-3b26ea1d6574@group-A0C1EFD1E870:LeaderElection23] INFO  server.RaftServerConfigKeys (ConfUtils.java:logGet(43)) - raft.server.staging.catchup.gap = 1000 (default)
2019-09-25 11:00:14,794 [10236b5f-bff6-485e-aafa-3b26ea1d6574@group-F7CDF0A4393A:LeaderElection22] INFO  server.RaftServerConfigKeys (ConfUtils.java:logGet(43)) - raft.server.watch.timeout.denomination = 1s (default)
2019-09-25 11:00:14,794 [10236b5f-bff6-485e-aafa-3b26ea1d6574@group-F7CDF0A4393A:LeaderElection22] INFO  server.RaftServerConfigKeys (ConfUtils.java:logGet(43)) - raft.server.watch.element-limit = 65536 (default)
2019-09-25 11:00:14,794 [ForkJoinPool.commonPool-worker-1] INFO  impl.RoleInfo (RoleInfo.java:shutdownLeaderState(104)) - 024c4dd7-7c9d-4cdb-8271-6a4ddb62c17e: shutdown LeaderState
2019-09-25 11:00:14,794 [e32c4ad0-ba90-43ec-bb55-c70e02bd141a@group-63B19AF4D091:LeaderElection38] INFO  server.RaftServerConfigKeys (ConfUtils.java:logGet(43)) - raft.server.rpc.sleep.time = 25ms (default)
2019-09-25 11:00:14,794 [5f9a0e92-828f-4406-8370-fc24211be18d@group-A44DFED006C8:LeaderElection33] INFO  server.RaftServerConfigKeys (ConfUtils.java:logGet(43)) - raft.server.watch.timeout.denomination = 1s (default)
2019-09-25 11:00:14,793 [87c8d9bf-e5fd-4c93-82d7-07f29d18cd92@group-A1B4858C075A:LeaderElection39] INFO  server.RaftServerConfigKeys (ConfUtils.java:logGet(43)) - raft.server.staging.catchup.gap = 1000 (default)
2019-09-25 11:00:14,793 [e32c4ad0-ba90-43ec-bb55-c70e02bd141a@group-4B2D1E2E3EA2:LeaderElection40] INFO  server.RaftServerConfigKeys (ConfUtils.java:logGet(43)) - raft.server.rpc.sleep.time = 25ms (default)
2019-09-25 11:00:14,793 [e32c4ad0-ba90-43ec-bb55-c70e02bd141a@group-CED32A3CCACF:LeaderElection41] INFO  server.RaftServerConfigKeys (ConfUtils.java:logGet(43)) - raft.server.staging.catchup.gap = 1000 (default)
2019-09-25 11:00:14,793 [e32c4ad0-ba90-43ec-bb55-c70e02bd141a@group-6BEE706C674D:LeaderElection42] INFO  server.RaftServerConfigKeys (ConfUtils.java:logGet(43)) - raft.server.staging.catchup.gap = 1000 (default)
2019-09-25 11:00:14,793 [b9731c9a-07e8-4827-9eb9-5f784fb447b9@group-B02A97286828:LeaderElection20] INFO  server.RaftServerConfigKeys (ConfUtils.java:logGet(43)) - raft.server.watch.timeout.denomination = 1s (default)
2019-09-25 11:00:14,793 [10236b5f-bff6-485e-aafa-3b26ea1d6574@group-474418EEB874:LeaderElection18] INFO  server.RaftServerConfigKeys (ConfUtils.java:logGet(43)) - raft.server.watch.element-limit = 65536 (default)
2019-09-25 11:00:14,793 [e32c4ad0-ba90-43ec-bb55-c70e02bd141a@group-1F6175DB538B:LeaderElection36] INFO  server.RaftServerConfigKeys (ConfUtils.java:logGet(43)) - raft.server.watch.timeout.denomination = 1s (default)
2019-09-25 11:00:14,793 [10236b5f-bff6-485e-aafa-3b26ea1d6574@group-4192A5379F9C:LeaderElection21] INFO  impl.RoleInfo (RoleInfo.java:updateAndGet(143)) - 10236b5f-bff6-485e-aafa-3b26ea1d6574: start LeaderState
2019-09-25 11:00:14,792 [b9731c9a-07e8-4827-9eb9-5f784fb447b9@group-6438F16C250B:LeaderElection19] INFO  server.RaftServerConfigKeys (ConfUtils.java:logGet(43)) - raft.server.watch.timeout.denomination = 1s (default)
2019-09-25 11:00:14,792 [main] INFO  impl.PendingRequests (PendingRequests.java:sendNotLeaderResponses(202)) - 642f0824-8397-42da-9ac4-13d7260e7e2f-PendingRequests: sendNotLeaderResponses
2019-09-25 11:00:14,792 [5f9a0e92-828f-4406-8370-fc24211be18d@group-8C8046F07407:LeaderElection25] INFO  server.RaftServerConfigKeys (ConfUtils.java:logGet(43)) - raft.server.watch.element-limit = 65536 (default)
2019-09-25 11:00:14,796 [main] INFO  impl.StateMachineUpdater (StateMachineUpdater.java:stopAndJoin(125)) - 642f0824-8397-42da-9ac4-13d7260e7e2f@group-AEC2F25C6B8D-StateMachineUpdater: set stopIndex = 0
2019-09-25 11:00:14,797 [main] INFO  impl.RaftServerImpl (ServerState.java:close(385)) - 642f0824-8397-42da-9ac4-13d7260e7e2f@group-AEC2F25C6B8D: closes. applyIndex: 0
2019-09-25 11:00:14,792 [024c4dd7-7c9d-4cdb-8271-6a4ddb62c17e@group-75A5A9AF2773:LeaderElection31] INFO  segmented.SegmentedRaftLogWorker (SegmentedRaftLogWorker.java:startLogSegment(380)) - 024c4dd7-7c9d-4cdb-8271-6a4ddb62c17e@group-75A5A9AF2773-SegmentedRaftLogWorker: Starting segment from index:0
2019-09-25 11:00:14,797 [642f0824-8397-42da-9ac4-13d7260e7e2f@group-AEC2F25C6B8D-SegmentedRaftLogWorker] INFO  segmented.SegmentedRaftLogWorker (SegmentedRaftLogWorker.java:run(313)) - 642f0824-8397-42da-9ac4-13d7260e7e2f@group-AEC2F25C6B8D-SegmentedRaftLogWorker was interrupted, exiting. There are 0 tasks remaining in the queue.
2019-09-25 11:00:14,791 [5f9a0e92-828f-4406-8370-fc24211be18d@group-74394EFD8F2E:LeaderElection32] INFO  server.RaftServerConfigKeys (ConfUtils.java:logGet(43)) - raft.server.watch.element-limit = 65536 (default)
2019-09-25 11:00:14,791 [5f9a0e92-828f-4406-8370-fc24211be18d@group-C6C4F8618661:LeaderElection28] INFO  server.RaftServerConfigKeys (ConfUtils.java:logGet(43)) - raft.server.watch.element-limit = 65536 (default)
2019-09-25 11:00:14,791 [b9731c9a-07e8-4827-9eb9-5f784fb447b9@group-31C0F503099D:LeaderElection34] INFO  server.RaftServerConfigKeys (ConfUtils.java:logGet(43)) - raft.server.watch.timeout.denomination = 1s (default)
2019-09-25 11:00:14,791 [87c8d9bf-e5fd-4c93-82d7-07f29d18cd92@group-BE09A61ACAF1:LeaderElection26] INFO  server.RaftServerConfigKeys (ConfUtils.java:logGet(43)) - raft.server.staging.catchup.gap = 1000 (default)
2019-09-25 11:00:14,801 [b9731c9a-07e8-4827-9eb9-5f784fb447b9@group-31C0F503099D:LeaderElection34] INFO  server.RaftServerConfigKeys (ConfUtils.java:logGet(43)) - raft.server.watch.element-limit = 65536 (default)
2019-09-25 11:00:14,801 [024c4dd7-7c9d-4cdb-8271-6a4ddb62c17e@group-75A5A9AF2773:LeaderElection31] INFO  impl.RaftServerImpl (ServerState.java:setRaftConf(354)) - 024c4dd7-7c9d-4cdb-8271-6a4ddb62c17e@group-75A5A9AF2773: set configuration 0: [024c4dd7-7c9d-4cdb-8271-6a4ddb62c17e:192.168.30.6:36470], old=null at 0
2019-09-25 11:00:14,801 [main] INFO  segmented.SegmentedRaftLogWorker (SegmentedRaftLogWorker.java:close(228)) - 642f0824-8397-42da-9ac4-13d7260e7e2f@group-AEC2F25C6B8D-SegmentedRaftLogWorker close()
2019-09-25 11:00:14,799 [10236b5f-bff6-485e-aafa-3b26ea1d6574@group-474418EEB874:LeaderElection18] INFO  impl.RoleInfo (RoleInfo.java:updateAndGet(143)) - 10236b5f-bff6-485e-aafa-3b26ea1d6574: start LeaderState
2019-09-25 11:00:14,796 [10236b5f-bff6-485e-aafa-3b26ea1d6574@group-F7CDF0A4393A:LeaderElection22] INFO  impl.RoleInfo (RoleInfo.java:updateAndGet(143)) - 10236b5f-bff6-485e-aafa-3b26ea1d6574: start LeaderState
2019-09-25 11:00:14,796 [b9731c9a-07e8-4827-9eb9-5f784fb447b9@group-6438F16C250B:LeaderElection19] INFO  server.RaftServerConfigKeys (ConfUtils.java:logGet(43)) - raft.server.watch.element-limit = 65536 (default)
2019-09-25 11:00:14,796 [10236b5f-bff6-485e-aafa-3b26ea1d6574@group-4192A5379F9C:LeaderElection21] INFO  segmented.SegmentedRaftLogWorker (SegmentedRaftLogWorker.java:startLogSegment(380)) - 10236b5f-bff6-485e-aafa-3b26ea1d6574@group-4192A5379F9C-SegmentedRaftLogWorker: Starting segment from index:0
2019-09-25 11:00:14,796 [e32c4ad0-ba90-43ec-bb55-c70e02bd141a@group-1F6175DB538B:LeaderElection36] INFO  server.RaftServerConfigKeys (ConfUtils.java:logGet(43)) - raft.server.watch.element-limit = 65536 (default)
2019-09-25 11:00:14,795 [b9731c9a-07e8-4827-9eb9-5f784fb447b9@group-B02A97286828:LeaderElection20] INFO  server.RaftServerConfigKeys (ConfUtils.java:logGet(43)) - raft.server.watch.element-limit = 65536 (default)
2019-09-25 11:00:14,795 [e32c4ad0-ba90-43ec-bb55-c70e02bd141a@group-6BEE706C674D:LeaderElection42] INFO  server.RaftServerConfigKeys (ConfUtils.java:logGet(43)) - raft.server.rpc.sleep.time = 25ms (default)
2019-09-25 11:00:14,795 [e32c4ad0-ba90-43ec-bb55-c70e02bd141a@group-CED32A3CCACF:LeaderElection41] INFO  server.RaftServerConfigKeys (ConfUtils.java:logGet(43)) - raft.server.rpc.sleep.time = 25ms (default)
2019-09-25 11:00:14,795 [e32c4ad0-ba90-43ec-bb55-c70e02bd141a@group-4B2D1E2E3EA2:LeaderElection40] INFO  server.RaftServerConfigKeys (ConfUtils.java:logGet(43)) - raft.server.write.element-limit = 4096 (default)
2019-09-25 11:00:14,795 [87c8d9bf-e5fd-4c93-82d7-07f29d18cd92@group-A1B4858C075A:LeaderElection39] INFO  server.RaftServerConfigKeys (ConfUtils.java:logGet(43)) - raft.server.rpc.sleep.time = 25ms (default)
2019-09-25 11:00:14,795 [5f9a0e92-828f-4406-8370-fc24211be18d@group-A44DFED006C8:LeaderElection33] INFO  server.RaftServerConfigKeys (ConfUtils.java:logGet(43)) - raft.server.watch.element-limit = 65536 (default)
2019-09-25 11:00:14,794 [e32c4ad0-ba90-43ec-bb55-c70e02bd141a@group-63B19AF4D091:LeaderElection38] INFO  server.RaftServerConfigKeys (ConfUtils.java:logGet(43)) - raft.server.write.element-limit = 4096 (default)
2019-09-25 11:00:14,794 [ForkJoinPool.commonPool-worker-1] INFO  impl.PendingRequests (PendingRequests.java:sendNotLeaderResponses(202)) - 024c4dd7-7c9d-4cdb-8271-6a4ddb62c17e-PendingRequests: sendNotLeaderResponses
2019-09-25 11:00:14,794 [10236b5f-bff6-485e-aafa-3b26ea1d6574@group-A0C1EFD1E870:LeaderElection23] INFO  server.RaftServerConfigKeys (ConfUtils.java:logGet(43)) - raft.server.rpc.sleep.time = 25ms (default)
2019-09-25 11:00:14,833 [e32c4ad0-ba90-43ec-bb55-c70e02bd141a@group-63B19AF4D091:LeaderElection38] INFO  server.RaftServerConfigKeys (ConfUtils.java:logGet(43)) - raft.server.watch.timeout = 10s (default)
2019-09-25 11:00:14,833 [87c8d9bf-e5fd-4c93-82d7-07f29d18cd92@group-A1B4858C075A:LeaderElection39] INFO  server.RaftServerConfigKeys (ConfUtils.java:logGet(43)) - raft.server.write.element-limit = 4096 (default)
2019-09-25 11:00:14,833 [e32c4ad0-ba90-43ec-bb55-c70e02bd141a@group-4B2D1E2E3EA2:LeaderElection40] INFO  server.RaftServerConfigKeys (ConfUtils.java:logGet(43)) - raft.server.watch.timeout = 10s (default)
2019-09-25 11:00:14,833 [e32c4ad0-ba90-43ec-bb55-c70e02bd141a@group-CED32A3CCACF:LeaderElection41] INFO  server.RaftServerConfigKeys (ConfUtils.java:logGet(43)) - raft.server.write.element-limit = 4096 (default)
2019-09-25 11:00:14,832 [e32c4ad0-ba90-43ec-bb55-c70e02bd141a@group-6BEE706C674D:LeaderElection42] INFO  server.RaftServerConfigKeys (ConfUtils.java:logGet(43)) - raft.server.write.element-limit = 4096 (default)
2019-09-25 11:00:14,832 [10236b5f-bff6-485e-aafa-3b26ea1d6574@group-4192A5379F9C:LeaderElection21] INFO  impl.RaftServerImpl (ServerState.java:setRaftConf(354)) - 10236b5f-bff6-485e-aafa-3b26ea1d6574@group-4192A5379F9C: set configuration 0: [10236b5f-bff6-485e-aafa-3b26ea1d6574:192.168.30.6:44690], old=null at 0
2019-09-25 11:00:14,832 [10236b5f-bff6-485e-aafa-3b26ea1d6574@group-F7CDF0A4393A:LeaderElection22] INFO  segmented.SegmentedRaftLogWorker (SegmentedRaftLogWorker.java:startLogSegment(380)) - 10236b5f-bff6-485e-aafa-3b26ea1d6574@group-F7CDF0A4393A-SegmentedRaftLogWorker: Starting segment from index:0
2019-09-25 11:00:14,832 [024c4dd7-7c9d-4cdb-8271-6a4ddb62c17e@group-75A5A9AF2773-SegmentedRaftLogWorker] INFO  segmented.SegmentedRaftLogWorker (SegmentedRaftLogWorker.java:execute(569)) - 024c4dd7-7c9d-4cdb-8271-6a4ddb62c17e@group-75A5A9AF2773-SegmentedRaftLogWorker: created new log segment /workdir/hadoop-ozone/integration-test/target/test-dir/MiniOzoneClusterImpl-cb8ecd13-95cc-47fe-8445-93be882af5d4/datanode-1/data/ratis/974ebe69-b3d2-41bf-94fc-75a5a9af2773/current/log_inprogress_0
2019-09-25 11:00:14,832 [10236b5f-bff6-485e-aafa-3b26ea1d6574@group-474418EEB874:LeaderElection18] INFO  segmented.SegmentedRaftLogWorker (SegmentedRaftLogWorker.java:startLogSegment(380)) - 10236b5f-bff6-485e-aafa-3b26ea1d6574@group-474418EEB874-SegmentedRaftLogWorker: Starting segment from index:0
2019-09-25 11:00:14,831 [main] INFO  impl.RaftServerImpl (RaftServerImpl.java:lambda$shutdown$3(251)) - 642f0824-8397-42da-9ac4-13d7260e7e2f@group-D0048FDBAF30: shutdown
2019-09-25 11:00:14,801 [87c8d9bf-e5fd-4c93-82d7-07f29d18cd92@group-BE09A61ACAF1:LeaderElection26] INFO  server.RaftServerConfigKeys (ConfUtils.java:logGet(43)) - raft.server.rpc.sleep.time = 25ms (default)
2019-09-25 11:00:14,870 [10236b5f-bff6-485e-aafa-3b26ea1d6574@group-474418EEB874:LeaderElection18] INFO  impl.RaftServerImpl (ServerState.java:setRaftConf(354)) - 10236b5f-bff6-485e-aafa-3b26ea1d6574@group-474418EEB874: set configuration 0: [10236b5f-bff6-485e-aafa-3b26ea1d6574:192.168.30.6:44690], old=null at 0
2019-09-25 11:00:14,870 [10236b5f-bff6-485e-aafa-3b26ea1d6574@group-F7CDF0A4393A:LeaderElection22] INFO  impl.RaftServerImpl (ServerState.java:setRaftConf(354)) - 10236b5f-bff6-485e-aafa-3b26ea1d6574@group-F7CDF0A4393A: set configuration 0: [10236b5f-bff6-485e-aafa-3b26ea1d6574:192.168.30.6:44690], old=null at 0
2019-09-25 11:00:14,869 [5f9a0e92-828f-4406-8370-fc24211be18d@group-8C8046F07407:LeaderElection25] INFO  impl.RoleInfo (RoleInfo.java:updateAndGet(143)) - 5f9a0e92-828f-4406-8370-fc24211be18d: start LeaderState
2019-09-25 11:00:14,834 [e32c4ad0-ba90-43ec-bb55-c70e02bd141a@group-6BEE706C674D:LeaderElection42] INFO  server.RaftServerConfigKeys (ConfUtils.java:logGet(43)) - raft.server.watch.timeout = 10s (default)
2019-09-25 11:00:14,834 [e32c4ad0-ba90-43ec-bb55-c70e02bd141a@group-CED32A3CCACF:LeaderElection41] INFO  server.RaftServerConfigKeys (ConfUtils.java:logGet(43)) - raft.server.watch.timeout = 10s (default)
2019-09-25 11:00:14,834 [e32c4ad0-ba90-43ec-bb55-c70e02bd141a@group-4B2D1E2E3EA2:LeaderElection40] INFO  server.RaftServerConfigKeys (ConfUtils.java:logGet(43)) - raft.server.watch.timeout.denomination = 1s (default)
2019-09-25 11:00:14,833 [87c8d9bf-e5fd-4c93-82d7-07f29d18cd92@group-A1B4858C075A:LeaderElection39] INFO  server.RaftServerConfigKeys (ConfUtils.java:logGet(43)) - raft.server.watch.timeout = 10s (default)
2019-09-25 11:00:14,833 [e32c4ad0-ba90-43ec-bb55-c70e02bd141a@group-63B19AF4D091:LeaderElection38] INFO  server.RaftServerConfigKeys (ConfUtils.java:logGet(43)) - raft.server.watch.timeout.denomination = 1s (default)
2019-09-25 11:00:14,833 [10236b5f-bff6-485e-aafa-3b26ea1d6574@group-A0C1EFD1E870:LeaderElection23] INFO  server.RaftServerConfigKeys (ConfUtils.java:logGet(43)) - raft.server.write.element-limit = 4096 (default)
2019-09-25 11:00:14,833 [ForkJoinPool.commonPool-worker-1] INFO  impl.StateMachineUpdater (StateMachineUpdater.java:stopAndJoin(125)) - 024c4dd7-7c9d-4cdb-8271-6a4ddb62c17e@group-75A5A9AF2773-StateMachineUpdater: set stopIndex = -1
2019-09-25 11:00:14,907 [10236b5f-bff6-485e-aafa-3b26ea1d6574@group-A0C1EFD1E870:LeaderElection23] INFO  server.RaftServerConfigKeys (ConfUtils.java:logGet(43)) - raft.server.watch.timeout = 10s (default)
2019-09-25 11:00:14,907 [e32c4ad0-ba90-43ec-bb55-c70e02bd141a@group-63B19AF4D091:LeaderElection38] INFO  server.RaftServerConfigKeys (ConfUtils.java:logGet(43)) - raft.server.watch.element-limit = 65536 (default)
2019-09-25 11:00:14,907 [87c8d9bf-e5fd-4c93-82d7-07f29d18cd92@group-A1B4858C075A:LeaderElection39] INFO  server.RaftServerConfigKeys (ConfUtils.java:logGet(43)) - raft.server.watch.timeout.denomination = 1s (default)
2019-09-25 11:00:14,907 [e32c4ad0-ba90-43ec-bb55-c70e02bd141a@group-4B2D1E2E3EA2:LeaderElection40] INFO  server.RaftServerConfigKeys (ConfUtils.java:logGet(43)) - raft.server.watch.element-limit = 65536 (default)
2019-09-25 11:00:14,907 [e32c4ad0-ba90-43ec-bb55-c70e02bd141a@group-CED32A3CCACF:LeaderElection41] INFO  server.RaftServerConfigKeys (ConfUtils.java:logGet(43)) - raft.server.watch.timeout.denomination = 1s (default)
2019-09-25 11:00:14,906 [e32c4ad0-ba90-43ec-bb55-c70e02bd141a@group-6BEE706C674D:LeaderElection42] INFO  server.RaftServerConfigKeys (ConfUtils.java:logGet(43)) - raft.server.watch.timeout.denomination = 1s (default)
2019-09-25 11:00:14,906 [5f9a0e92-828f-4406-8370-fc24211be18d@group-8C8046F07407:LeaderElection25] INFO  segmented.SegmentedRaftLogWorker (SegmentedRaftLogWorker.java:startLogSegment(380)) - 5f9a0e92-828f-4406-8370-fc24211be18d@group-8C8046F07407-SegmentedRaftLogWorker: Starting segment from index:0
2019-09-25 11:00:14,906 [10236b5f-bff6-485e-aafa-3b26ea1d6574@group-4192A5379F9C-SegmentedRaftLogWorker] INFO  segmented.SegmentedRaftLogWorker (SegmentedRaftLogWorker.java:execute(569)) - 10236b5f-bff6-485e-aafa-3b26ea1d6574@group-4192A5379F9C-SegmentedRaftLogWorker: created new log segment /workdir/hadoop-ozone/integration-test/target/test-dir/MiniOzoneClusterImpl-cb8ecd13-95cc-47fe-8445-93be882af5d4/datanode-6/data/ratis/9728ee4d-4f7c-4f66-9b7d-4192a5379f9c/current/log_inprogress_0
2019-09-25 11:00:14,871 [main] INFO  util.JmxRegister (JmxRegister.java:unregister(73)) - Successfully un-registered JMX Bean with object name Ratis:service=RaftServer,group=group-D0048FDBAF30,id=642f0824-8397-42da-9ac4-13d7260e7e2f
2019-09-25 11:00:14,871 [87c8d9bf-e5fd-4c93-82d7-07f29d18cd92@group-BE09A61ACAF1:LeaderElection26] INFO  server.RaftServerConfigKeys (ConfUtils.java:logGet(43)) - raft.server.write.element-limit = 4096 (default)
2019-09-25 11:00:14,909 [main] INFO  impl.RoleInfo (RoleInfo.java:shutdownLeaderState(104)) - 642f0824-8397-42da-9ac4-13d7260e7e2f: shutdown LeaderState
2019-09-25 11:00:14,909 [5f9a0e92-828f-4406-8370-fc24211be18d@group-8C8046F07407:LeaderElection25] INFO  impl.RaftServerImpl (ServerState.java:setRaftConf(354)) - 5f9a0e92-828f-4406-8370-fc24211be18d@group-8C8046F07407: set configuration 0: [5f9a0e92-828f-4406-8370-fc24211be18d:192.168.30.6:38144], old=null at 0
2019-09-25 11:00:14,908 [e32c4ad0-ba90-43ec-bb55-c70e02bd141a@group-6BEE706C674D:LeaderElection42] INFO  server.RaftServerConfigKeys (ConfUtils.java:logGet(43)) - raft.server.watch.element-limit = 65536 (default)
2019-09-25 11:00:14,908 [e32c4ad0-ba90-43ec-bb55-c70e02bd141a@group-CED32A3CCACF:LeaderElection41] INFO  server.RaftServerConfigKeys (ConfUtils.java:logGet(43)) - raft.server.watch.element-limit = 65536 (default)
2019-09-25 11:00:14,908 [87c8d9bf-e5fd-4c93-82d7-07f29d18cd92@group-A1B4858C075A:LeaderElection39] INFO  server.RaftServerConfigKeys (ConfUtils.java:logGet(43)) - raft.server.watch.element-limit = 65536 (default)
2019-09-25 11:00:14,908 [10236b5f-bff6-485e-aafa-3b26ea1d6574@group-A0C1EFD1E870:LeaderElection23] INFO  server.RaftServerConfigKeys (ConfUtils.java:logGet(43)) - raft.server.watch.timeout.denomination = 1s (default)
2019-09-25 11:00:14,907 [ForkJoinPool.commonPool-worker-1] INFO  impl.RaftServerImpl (ServerState.java:close(385)) - 024c4dd7-7c9d-4cdb-8271-6a4ddb62c17e@group-75A5A9AF2773: closes. applyIndex: -1
2019-09-25 11:00:14,946 [10236b5f-bff6-485e-aafa-3b26ea1d6574@group-A0C1EFD1E870:LeaderElection23] INFO  server.RaftServerConfigKeys (ConfUtils.java:logGet(43)) - raft.server.watch.element-limit = 65536 (default)
2019-09-25 11:00:14,945 [10236b5f-bff6-485e-aafa-3b26ea1d6574@group-F7CDF0A4393A-SegmentedRaftLogWorker] INFO  segmented.SegmentedRaftLogWorker (SegmentedRaftLogWorker.java:execute(569)) - 10236b5f-bff6-485e-aafa-3b26ea1d6574@group-F7CDF0A4393A-SegmentedRaftLogWorker: created new log segment /workdir/hadoop-ozone/integration-test/target/test-dir/MiniOzoneClusterImpl-cb8ecd13-95cc-47fe-8445-93be882af5d4/datanode-6/data/ratis/3e11c912-5dc4-4ad3-ab72-f7cdf0a4393a/current/log_inprogress_0
2019-09-25 11:00:14,945 [10236b5f-bff6-485e-aafa-3b26ea1d6574@group-474418EEB874-SegmentedRaftLogWorker] INFO  segmented.SegmentedRaftLogWorker (SegmentedRaftLogWorker.java:execute(569)) - 10236b5f-bff6-485e-aafa-3b26ea1d6574@group-474418EEB874-SegmentedRaftLogWorker: created new log segment /workdir/hadoop-ozone/integration-test/target/test-dir/MiniOzoneClusterImpl-cb8ecd13-95cc-47fe-8445-93be882af5d4/datanode-6/data/ratis/d345ec00-de1e-40ea-9caa-474418eeb874/current/log_inprogress_0
2019-09-25 11:00:14,910 [main] INFO  impl.PendingRequests (PendingRequests.java:sendNotLeaderResponses(202)) - 642f0824-8397-42da-9ac4-13d7260e7e2f-PendingRequests: sendNotLeaderResponses
2019-09-25 11:00:14,909 [87c8d9bf-e5fd-4c93-82d7-07f29d18cd92@group-BE09A61ACAF1:LeaderElection26] INFO  server.RaftServerConfigKeys (ConfUtils.java:logGet(43)) - raft.server.watch.timeout = 10s (default)
2019-09-25 11:00:14,947 [main] INFO  impl.StateMachineUpdater (StateMachineUpdater.java:stopAndJoin(125)) - 642f0824-8397-42da-9ac4-13d7260e7e2f@group-D0048FDBAF30-StateMachineUpdater: set stopIndex = 0
2019-09-25 11:00:14,947 [024c4dd7-7c9d-4cdb-8271-6a4ddb62c17e@group-75A5A9AF2773-SegmentedRaftLogWorker] INFO  segmented.SegmentedRaftLogWorker (SegmentedRaftLogWorker.java:run(313)) - 024c4dd7-7c9d-4cdb-8271-6a4ddb62c17e@group-75A5A9AF2773-SegmentedRaftLogWorker was interrupted, exiting. There are 0 tasks remaining in the queue.
2019-09-25 11:00:14,947 [87c8d9bf-e5fd-4c93-82d7-07f29d18cd92@group-BE09A61ACAF1:LeaderElection26] INFO  server.RaftServerConfigKeys (ConfUtils.java:logGet(43)) - raft.server.watch.timeout.denomination = 1s (default)
2019-09-25 11:00:14,949 [87c8d9bf-e5fd-4c93-82d7-07f29d18cd92@group-BE09A61ACAF1:LeaderElection26] INFO  server.RaftServerConfigKeys (ConfUtils.java:logGet(43)) - raft.server.watch.element-limit = 65536 (default)
2019-09-25 11:00:14,956 [ForkJoinPool.commonPool-worker-1] INFO  segmented.SegmentedRaftLogWorker (SegmentedRaftLogWorker.java:close(228)) - 024c4dd7-7c9d-4cdb-8271-6a4ddb62c17e@group-75A5A9AF2773-SegmentedRaftLogWorker close()
2019-09-25 11:00:14,956 [main] INFO  impl.RaftServerImpl (ServerState.java:close(385)) - 642f0824-8397-42da-9ac4-13d7260e7e2f@group-D0048FDBAF30: closes. applyIndex: 0
2019-09-25 11:00:14,959 [5f9a0e92-828f-4406-8370-fc24211be18d@group-8C8046F07407-SegmentedRaftLogWorker] INFO  segmented.SegmentedRaftLogWorker (SegmentedRaftLogWorker.java:execute(569)) - 5f9a0e92-828f-4406-8370-fc24211be18d@group-8C8046F07407-SegmentedRaftLogWorker: created new log segment /workdir/hadoop-ozone/integration-test/target/test-dir/MiniOzoneClusterImpl-cb8ecd13-95cc-47fe-8445-93be882af5d4/datanode-3/data/ratis/69805b67-260a-402a-83f5-8c8046f07407/current/log_inprogress_0
2019-09-25 11:00:14,960 [642f0824-8397-42da-9ac4-13d7260e7e2f@group-D0048FDBAF30-SegmentedRaftLogWorker] INFO  segmented.SegmentedRaftLogWorker (SegmentedRaftLogWorker.java:run(313)) - 642f0824-8397-42da-9ac4-13d7260e7e2f@group-D0048FDBAF30-SegmentedRaftLogWorker was interrupted, exiting. There are 0 tasks remaining in the queue.
2019-09-25 11:00:14,961 [main] INFO  segmented.SegmentedRaftLogWorker (SegmentedRaftLogWorker.java:close(228)) - 642f0824-8397-42da-9ac4-13d7260e7e2f@group-D0048FDBAF30-SegmentedRaftLogWorker close()
2019-09-25 11:00:14,961 [ForkJoinPool.commonPool-worker-1] INFO  server.GrpcService (GrpcService.java:closeImpl(164)) - 024c4dd7-7c9d-4cdb-8271-6a4ddb62c17e: shutdown server with port 36470 now
2019-09-25 11:00:14,964 [main] INFO  server.GrpcService (GrpcService.java:closeImpl(164)) - 642f0824-8397-42da-9ac4-13d7260e7e2f: shutdown server with port 44587 now
2019-09-25 11:00:14,967 [main] INFO  server.GrpcService (GrpcService.java:closeImpl(172)) - 642f0824-8397-42da-9ac4-13d7260e7e2f: shutdown server with port 44587 successfully
2019-09-25 11:00:14,968 [ForkJoinPool.commonPool-worker-1] INFO  server.GrpcService (GrpcService.java:closeImpl(172)) - 024c4dd7-7c9d-4cdb-8271-6a4ddb62c17e: shutdown server with port 36470 successfully
2019-09-25 11:00:14,969 [5f9a0e92-828f-4406-8370-fc24211be18d@group-C6C4F8618661:LeaderElection28] INFO  impl.RoleInfo (RoleInfo.java:updateAndGet(143)) - 5f9a0e92-828f-4406-8370-fc24211be18d: start LeaderState
2019-09-25 11:00:14,969 [5f9a0e92-828f-4406-8370-fc24211be18d@group-C6C4F8618661:LeaderElection28] INFO  segmented.SegmentedRaftLogWorker (SegmentedRaftLogWorker.java:startLogSegment(380)) - 5f9a0e92-828f-4406-8370-fc24211be18d@group-C6C4F8618661-SegmentedRaftLogWorker: Starting segment from index:0
2019-09-25 11:00:14,970 [5f9a0e92-828f-4406-8370-fc24211be18d@group-C6C4F8618661:LeaderElection28] INFO  impl.RaftServerImpl (ServerState.java:setRaftConf(354)) - 5f9a0e92-828f-4406-8370-fc24211be18d@group-C6C4F8618661: set configuration 0: [5f9a0e92-828f-4406-8370-fc24211be18d:192.168.30.6:38144], old=null at 0
2019-09-25 11:00:15,006 [refreshUsed-/workdir/hadoop-ozone/integration-test/target/test-dir/MiniOzoneClusterImpl-cb8ecd13-95cc-47fe-8445-93be882af5d4/datanode-4/data/containers] WARN  fs.CachingGetSpaceUsed (CachingGetSpaceUsed.java:run(183)) - Thread Interrupted waiting to refresh disk information: sleep interrupted
2019-09-25 11:00:15,007 [refreshUsed-/workdir/hadoop-ozone/integration-test/target/test-dir/MiniOzoneClusterImpl-cb8ecd13-95cc-47fe-8445-93be882af5d4/datanode-1/data/containers] WARN  fs.CachingGetSpaceUsed (CachingGetSpaceUsed.java:run(183)) - Thread Interrupted waiting to refresh disk information: sleep interrupted
2019-09-25 11:00:15,010 [5f9a0e92-828f-4406-8370-fc24211be18d@group-74394EFD8F2E:LeaderElection32] INFO  impl.RoleInfo (RoleInfo.java:updateAndGet(143)) - 5f9a0e92-828f-4406-8370-fc24211be18d: start LeaderState
2019-09-25 11:00:15,010 [5f9a0e92-828f-4406-8370-fc24211be18d@group-74394EFD8F2E:LeaderElection32] INFO  segmented.SegmentedRaftLogWorker (SegmentedRaftLogWorker.java:startLogSegment(380)) - 5f9a0e92-828f-4406-8370-fc24211be18d@group-74394EFD8F2E-SegmentedRaftLogWorker: Starting segment from index:0
2019-09-25 11:00:15,013 [b9731c9a-07e8-4827-9eb9-5f784fb447b9@group-31C0F503099D:LeaderElection34] INFO  impl.RoleInfo (RoleInfo.java:updateAndGet(143)) - b9731c9a-07e8-4827-9eb9-5f784fb447b9: start LeaderState
2019-09-25 11:00:15,013 [b9731c9a-07e8-4827-9eb9-5f784fb447b9@group-31C0F503099D:LeaderElection34] INFO  segmented.SegmentedRaftLogWorker (SegmentedRaftLogWorker.java:startLogSegment(380)) - b9731c9a-07e8-4827-9eb9-5f784fb447b9@group-31C0F503099D-SegmentedRaftLogWorker: Starting segment from index:0
2019-09-25 11:00:15,014 [b9731c9a-07e8-4827-9eb9-5f784fb447b9@group-6438F16C250B:LeaderElection19] INFO  impl.RoleInfo (RoleInfo.java:updateAndGet(143)) - b9731c9a-07e8-4827-9eb9-5f784fb447b9: start LeaderState
2019-09-25 11:00:15,015 [b9731c9a-07e8-4827-9eb9-5f784fb447b9@group-6438F16C250B:LeaderElection19] INFO  segmented.SegmentedRaftLogWorker (SegmentedRaftLogWorker.java:startLogSegment(380)) - b9731c9a-07e8-4827-9eb9-5f784fb447b9@group-6438F16C250B-SegmentedRaftLogWorker: Starting segment from index:0
2019-09-25 11:00:15,015 [e32c4ad0-ba90-43ec-bb55-c70e02bd141a@group-1F6175DB538B:LeaderElection36] INFO  impl.RoleInfo (RoleInfo.java:updateAndGet(143)) - e32c4ad0-ba90-43ec-bb55-c70e02bd141a: start LeaderState
2019-09-25 11:00:15,015 [e32c4ad0-ba90-43ec-bb55-c70e02bd141a@group-1F6175DB538B:LeaderElection36] INFO  segmented.SegmentedRaftLogWorker (SegmentedRaftLogWorker.java:startLogSegment(380)) - e32c4ad0-ba90-43ec-bb55-c70e02bd141a@group-1F6175DB538B-SegmentedRaftLogWorker: Starting segment from index:0
2019-09-25 11:00:15,016 [5f9a0e92-828f-4406-8370-fc24211be18d@group-74394EFD8F2E:LeaderElection32] INFO  impl.RaftServerImpl (ServerState.java:setRaftConf(354)) - 5f9a0e92-828f-4406-8370-fc24211be18d@group-74394EFD8F2E: set configuration 0: [5f9a0e92-828f-4406-8370-fc24211be18d:192.168.30.6:38144], old=null at 0
2019-09-25 11:00:15,016 [b9731c9a-07e8-4827-9eb9-5f784fb447b9@group-31C0F503099D:LeaderElection34] INFO  impl.RaftServerImpl (ServerState.java:setRaftConf(354)) - b9731c9a-07e8-4827-9eb9-5f784fb447b9@group-31C0F503099D: set configuration 0: [b9731c9a-07e8-4827-9eb9-5f784fb447b9:192.168.30.6:46688], old=null at 0
2019-09-25 11:00:15,016 [b9731c9a-07e8-4827-9eb9-5f784fb447b9@group-B02A97286828:LeaderElection20] INFO  impl.RoleInfo (RoleInfo.java:updateAndGet(143)) - b9731c9a-07e8-4827-9eb9-5f784fb447b9: start LeaderState
2019-09-25 11:00:15,017 [5f9a0e92-828f-4406-8370-fc24211be18d@group-A44DFED006C8:LeaderElection33] INFO  impl.RoleInfo (RoleInfo.java:updateAndGet(143)) - 5f9a0e92-828f-4406-8370-fc24211be18d: start LeaderState
2019-09-25 11:00:15,016 [e32c4ad0-ba90-43ec-bb55-c70e02bd141a@group-1F6175DB538B:LeaderElection36] INFO  impl.RaftServerImpl (ServerState.java:setRaftConf(354)) - e32c4ad0-ba90-43ec-bb55-c70e02bd141a@group-1F6175DB538B: set configuration 0: [e32c4ad0-ba90-43ec-bb55-c70e02bd141a:192.168.30.6:43545], old=null at 0
2019-09-25 11:00:15,045 [b9731c9a-07e8-4827-9eb9-5f784fb447b9@group-B02A97286828:LeaderElection20] INFO  segmented.SegmentedRaftLogWorker (SegmentedRaftLogWorker.java:startLogSegment(380)) - b9731c9a-07e8-4827-9eb9-5f784fb447b9@group-B02A97286828-SegmentedRaftLogWorker: Starting segment from index:0
2019-09-25 11:00:15,045 [5f9a0e92-828f-4406-8370-fc24211be18d@group-C6C4F8618661-SegmentedRaftLogWorker] INFO  segmented.SegmentedRaftLogWorker (SegmentedRaftLogWorker.java:execute(569)) - 5f9a0e92-828f-4406-8370-fc24211be18d@group-C6C4F8618661-SegmentedRaftLogWorker: created new log segment /workdir/hadoop-ozone/integration-test/target/test-dir/MiniOzoneClusterImpl-cb8ecd13-95cc-47fe-8445-93be882af5d4/datanode-3/data/ratis/688b1a44-c863-4779-ba05-c6c4f8618661/current/log_inprogress_0
2019-09-25 11:00:15,017 [b9731c9a-07e8-4827-9eb9-5f784fb447b9@group-6438F16C250B:LeaderElection19] INFO  impl.RaftServerImpl (ServerState.java:setRaftConf(354)) - b9731c9a-07e8-4827-9eb9-5f784fb447b9@group-6438F16C250B: set configuration 0: [b9731c9a-07e8-4827-9eb9-5f784fb447b9:192.168.30.6:46688], old=null at 0
2019-09-25 11:00:15,048 [5f9a0e92-828f-4406-8370-fc24211be18d@group-A44DFED006C8:LeaderElection33] INFO  segmented.SegmentedRaftLogWorker (SegmentedRaftLogWorker.java:startLogSegment(380)) - 5f9a0e92-828f-4406-8370-fc24211be18d@group-A44DFED006C8-SegmentedRaftLogWorker: Starting segment from index:0
2019-09-25 11:00:15,049 [b9731c9a-07e8-4827-9eb9-5f784fb447b9@group-B02A97286828:LeaderElection20] INFO  impl.RaftServerImpl (ServerState.java:setRaftConf(354)) - b9731c9a-07e8-4827-9eb9-5f784fb447b9@group-B02A97286828: set configuration 0: [b9731c9a-07e8-4827-9eb9-5f784fb447b9:192.168.30.6:46688], old=null at 0
2019-09-25 11:00:15,049 [5f9a0e92-828f-4406-8370-fc24211be18d@group-A44DFED006C8:LeaderElection33] INFO  impl.RaftServerImpl (ServerState.java:setRaftConf(354)) - 5f9a0e92-828f-4406-8370-fc24211be18d@group-A44DFED006C8: set configuration 0: [5f9a0e92-828f-4406-8370-fc24211be18d:192.168.30.6:38144], old=null at 0
2019-09-25 11:00:15,077 [b9731c9a-07e8-4827-9eb9-5f784fb447b9@group-31C0F503099D-SegmentedRaftLogWorker] INFO  segmented.SegmentedRaftLogWorker (SegmentedRaftLogWorker.java:execute(569)) - b9731c9a-07e8-4827-9eb9-5f784fb447b9@group-31C0F503099D-SegmentedRaftLogWorker: created new log segment /workdir/hadoop-ozone/integration-test/target/test-dir/MiniOzoneClusterImpl-cb8ecd13-95cc-47fe-8445-93be882af5d4/datanode-2/data/ratis/77cc3ec0-e075-4230-886c-31c0f503099d/current/log_inprogress_0
2019-09-25 11:00:15,077 [b9731c9a-07e8-4827-9eb9-5f784fb447b9@group-6438F16C250B-SegmentedRaftLogWorker] INFO  segmented.SegmentedRaftLogWorker (SegmentedRaftLogWorker.java:execute(569)) - b9731c9a-07e8-4827-9eb9-5f784fb447b9@group-6438F16C250B-SegmentedRaftLogWorker: created new log segment /workdir/hadoop-ozone/integration-test/target/test-dir/MiniOzoneClusterImpl-cb8ecd13-95cc-47fe-8445-93be882af5d4/datanode-2/data/ratis/550759b4-b513-41f7-90d5-6438f16c250b/current/log_inprogress_0
2019-09-25 11:00:15,077 [5f9a0e92-828f-4406-8370-fc24211be18d@group-74394EFD8F2E-SegmentedRaftLogWorker] INFO  segmented.SegmentedRaftLogWorker (SegmentedRaftLogWorker.java:execute(569)) - 5f9a0e92-828f-4406-8370-fc24211be18d@group-74394EFD8F2E-SegmentedRaftLogWorker: created new log segment /workdir/hadoop-ozone/integration-test/target/test-dir/MiniOzoneClusterImpl-cb8ecd13-95cc-47fe-8445-93be882af5d4/datanode-3/data/ratis/63bcc39f-e157-4c16-accf-74394efd8f2e/current/log_inprogress_0
2019-09-25 11:00:15,077 [e32c4ad0-ba90-43ec-bb55-c70e02bd141a@group-1F6175DB538B-SegmentedRaftLogWorker] INFO  segmented.SegmentedRaftLogWorker (SegmentedRaftLogWorker.java:execute(569)) - e32c4ad0-ba90-43ec-bb55-c70e02bd141a@group-1F6175DB538B-SegmentedRaftLogWorker: created new log segment /workdir/hadoop-ozone/integration-test/target/test-dir/MiniOzoneClusterImpl-cb8ecd13-95cc-47fe-8445-93be882af5d4/datanode-0/data/ratis/749c08d5-2174-48e4-b3da-1f6175db538b/current/log_inprogress_0
2019-09-25 11:00:15,081 [e32c4ad0-ba90-43ec-bb55-c70e02bd141a@group-63B19AF4D091:LeaderElection38] INFO  impl.RoleInfo (RoleInfo.java:updateAndGet(143)) - e32c4ad0-ba90-43ec-bb55-c70e02bd141a: start LeaderState
2019-09-25 11:00:15,081 [e32c4ad0-ba90-43ec-bb55-c70e02bd141a@group-63B19AF4D091:LeaderElection38] INFO  segmented.SegmentedRaftLogWorker (SegmentedRaftLogWorker.java:startLogSegment(380)) - e32c4ad0-ba90-43ec-bb55-c70e02bd141a@group-63B19AF4D091-SegmentedRaftLogWorker: Starting segment from index:0
2019-09-25 11:00:15,082 [e32c4ad0-ba90-43ec-bb55-c70e02bd141a@group-63B19AF4D091:LeaderElection38] INFO  impl.RaftServerImpl (ServerState.java:setRaftConf(354)) - e32c4ad0-ba90-43ec-bb55-c70e02bd141a@group-63B19AF4D091: set configuration 0: [e32c4ad0-ba90-43ec-bb55-c70e02bd141a:192.168.30.6:43545], old=null at 0
2019-09-25 11:00:15,106 [b9731c9a-07e8-4827-9eb9-5f784fb447b9@group-B02A97286828-SegmentedRaftLogWorker] INFO  segmented.SegmentedRaftLogWorker (SegmentedRaftLogWorker.java:execute(569)) - b9731c9a-07e8-4827-9eb9-5f784fb447b9@group-B02A97286828-SegmentedRaftLogWorker: created new log segment /workdir/hadoop-ozone/integration-test/target/test-dir/MiniOzoneClusterImpl-cb8ecd13-95cc-47fe-8445-93be882af5d4/datanode-2/data/ratis/0898d7f9-dfa9-4407-808f-b02a97286828/current/log_inprogress_0
2019-09-25 11:00:15,106 [5f9a0e92-828f-4406-8370-fc24211be18d@group-A44DFED006C8-SegmentedRaftLogWorker] INFO  segmented.SegmentedRaftLogWorker (SegmentedRaftLogWorker.java:execute(569)) - 5f9a0e92-828f-4406-8370-fc24211be18d@group-A44DFED006C8-SegmentedRaftLogWorker: created new log segment /workdir/hadoop-ozone/integration-test/target/test-dir/MiniOzoneClusterImpl-cb8ecd13-95cc-47fe-8445-93be882af5d4/datanode-3/data/ratis/c7e031a5-eddd-4a14-a38a-a44dfed006c8/current/log_inprogress_0
2019-09-25 11:00:15,110 [e32c4ad0-ba90-43ec-bb55-c70e02bd141a@group-4B2D1E2E3EA2:LeaderElection40] INFO  impl.RoleInfo (RoleInfo.java:updateAndGet(143)) - e32c4ad0-ba90-43ec-bb55-c70e02bd141a: start LeaderState
2019-09-25 11:00:15,111 [e32c4ad0-ba90-43ec-bb55-c70e02bd141a@group-6BEE706C674D:LeaderElection42] INFO  impl.RoleInfo (RoleInfo.java:updateAndGet(143)) - e32c4ad0-ba90-43ec-bb55-c70e02bd141a: start LeaderState
2019-09-25 11:00:15,111 [e32c4ad0-ba90-43ec-bb55-c70e02bd141a@group-4B2D1E2E3EA2:LeaderElection40] INFO  segmented.SegmentedRaftLogWorker (SegmentedRaftLogWorker.java:startLogSegment(380)) - e32c4ad0-ba90-43ec-bb55-c70e02bd141a@group-4B2D1E2E3EA2-SegmentedRaftLogWorker: Starting segment from index:0
2019-09-25 11:00:15,111 [87c8d9bf-e5fd-4c93-82d7-07f29d18cd92@group-A1B4858C075A:LeaderElection39] INFO  impl.RoleInfo (RoleInfo.java:updateAndGet(143)) - 87c8d9bf-e5fd-4c93-82d7-07f29d18cd92: start LeaderState
2019-09-25 11:00:15,111 [e32c4ad0-ba90-43ec-bb55-c70e02bd141a@group-6BEE706C674D:LeaderElection42] INFO  segmented.SegmentedRaftLogWorker (SegmentedRaftLogWorker.java:startLogSegment(380)) - e32c4ad0-ba90-43ec-bb55-c70e02bd141a@group-6BEE706C674D-SegmentedRaftLogWorker: Starting segment from index:0
2019-09-25 11:00:15,111 [10236b5f-bff6-485e-aafa-3b26ea1d6574@group-A0C1EFD1E870:LeaderElection23] INFO  impl.RoleInfo (RoleInfo.java:updateAndGet(143)) - 10236b5f-bff6-485e-aafa-3b26ea1d6574: start LeaderState
2019-09-25 11:00:15,111 [87c8d9bf-e5fd-4c93-82d7-07f29d18cd92@group-BE09A61ACAF1:LeaderElection26] INFO  impl.RoleInfo (RoleInfo.java:updateAndGet(143)) - 87c8d9bf-e5fd-4c93-82d7-07f29d18cd92: start LeaderState
2019-09-25 11:00:15,111 [e32c4ad0-ba90-43ec-bb55-c70e02bd141a@group-CED32A3CCACF:LeaderElection41] INFO  impl.RoleInfo (RoleInfo.java:updateAndGet(143)) - e32c4ad0-ba90-43ec-bb55-c70e02bd141a: start LeaderState
2019-09-25 11:00:15,111 [87c8d9bf-e5fd-4c93-82d7-07f29d18cd92@group-BE09A61ACAF1:LeaderElection26] INFO  segmented.SegmentedRaftLogWorker (SegmentedRaftLogWorker.java:startLogSegment(380)) - 87c8d9bf-e5fd-4c93-82d7-07f29d18cd92@group-BE09A61ACAF1-SegmentedRaftLogWorker: Starting segment from index:0
2019-09-25 11:00:15,111 [e32c4ad0-ba90-43ec-bb55-c70e02bd141a@group-6BEE706C674D:LeaderElection42] INFO  impl.RaftServerImpl (ServerState.java:setRaftConf(354)) - e32c4ad0-ba90-43ec-bb55-c70e02bd141a@group-6BEE706C674D: set configuration 0: [e32c4ad0-ba90-43ec-bb55-c70e02bd141a:192.168.30.6:43545], old=null at 0
2019-09-25 11:00:15,111 [10236b5f-bff6-485e-aafa-3b26ea1d6574@group-A0C1EFD1E870:LeaderElection23] INFO  segmented.SegmentedRaftLogWorker (SegmentedRaftLogWorker.java:startLogSegment(380)) - 10236b5f-bff6-485e-aafa-3b26ea1d6574@group-A0C1EFD1E870-SegmentedRaftLogWorker: Starting segment from index:0
2019-09-25 11:00:15,111 [e32c4ad0-ba90-43ec-bb55-c70e02bd141a@group-4B2D1E2E3EA2:LeaderElection40] INFO  impl.RaftServerImpl (ServerState.java:setRaftConf(354)) - e32c4ad0-ba90-43ec-bb55-c70e02bd141a@group-4B2D1E2E3EA2: set configuration 0: [e32c4ad0-ba90-43ec-bb55-c70e02bd141a:192.168.30.6:43545], old=null at 0
2019-09-25 11:00:15,111 [87c8d9bf-e5fd-4c93-82d7-07f29d18cd92@group-A1B4858C075A:LeaderElection39] INFO  segmented.SegmentedRaftLogWorker (SegmentedRaftLogWorker.java:startLogSegment(380)) - 87c8d9bf-e5fd-4c93-82d7-07f29d18cd92@group-A1B4858C075A-SegmentedRaftLogWorker: Starting segment from index:0
2019-09-25 11:00:15,163 [10236b5f-bff6-485e-aafa-3b26ea1d6574@group-A0C1EFD1E870:LeaderElection23] INFO  impl.RaftServerImpl (ServerState.java:setRaftConf(354)) - 10236b5f-bff6-485e-aafa-3b26ea1d6574@group-A0C1EFD1E870: set configuration 0: [10236b5f-bff6-485e-aafa-3b26ea1d6574:192.168.30.6:44690], old=null at 0
2019-09-25 11:00:15,163 [e32c4ad0-ba90-43ec-bb55-c70e02bd141a@group-6BEE706C674D-SegmentedRaftLogWorker] INFO  segmented.SegmentedRaftLogWorker (SegmentedRaftLogWorker.java:execute(569)) - e32c4ad0-ba90-43ec-bb55-c70e02bd141a@group-6BEE706C674D-SegmentedRaftLogWorker: created new log segment /workdir/hadoop-ozone/integration-test/target/test-dir/MiniOzoneClusterImpl-cb8ecd13-95cc-47fe-8445-93be882af5d4/datanode-0/data/ratis/ba0a1606-7735-42f9-a8ec-6bee706c674d/current/log_inprogress_0
2019-09-25 11:00:15,163 [e32c4ad0-ba90-43ec-bb55-c70e02bd141a@group-4B2D1E2E3EA2-SegmentedRaftLogWorker] INFO  segmented.SegmentedRaftLogWorker (SegmentedRaftLogWorker.java:execute(569)) - e32c4ad0-ba90-43ec-bb55-c70e02bd141a@group-4B2D1E2E3EA2-SegmentedRaftLogWorker: created new log segment /workdir/hadoop-ozone/integration-test/target/test-dir/MiniOzoneClusterImpl-cb8ecd13-95cc-47fe-8445-93be882af5d4/datanode-0/data/ratis/e3d35170-1d07-45fd-be61-4b2d1e2e3ea2/current/log_inprogress_0
2019-09-25 11:00:15,138 [87c8d9bf-e5fd-4c93-82d7-07f29d18cd92@group-BE09A61ACAF1:LeaderElection26] INFO  impl.RaftServerImpl (ServerState.java:setRaftConf(354)) - 87c8d9bf-e5fd-4c93-82d7-07f29d18cd92@group-BE09A61ACAF1: set configuration 0: [87c8d9bf-e5fd-4c93-82d7-07f29d18cd92:192.168.30.6:45400], old=null at 0
2019-09-25 11:00:15,138 [e32c4ad0-ba90-43ec-bb55-c70e02bd141a@group-63B19AF4D091-SegmentedRaftLogWorker] INFO  segmented.SegmentedRaftLogWorker (SegmentedRaftLogWorker.java:execute(569)) - e32c4ad0-ba90-43ec-bb55-c70e02bd141a@group-63B19AF4D091-SegmentedRaftLogWorker: created new log segment /workdir/hadoop-ozone/integration-test/target/test-dir/MiniOzoneClusterImpl-cb8ecd13-95cc-47fe-8445-93be882af5d4/datanode-0/data/ratis/2db2d5a3-6de0-49e2-9f31-63b19af4d091/current/log_inprogress_0
2019-09-25 11:00:15,112 [e32c4ad0-ba90-43ec-bb55-c70e02bd141a@group-CED32A3CCACF:LeaderElection41] INFO  segmented.SegmentedRaftLogWorker (SegmentedRaftLogWorker.java:startLogSegment(380)) - e32c4ad0-ba90-43ec-bb55-c70e02bd141a@group-CED32A3CCACF-SegmentedRaftLogWorker: Starting segment from index:0
2019-09-25 11:00:15,189 [87c8d9bf-e5fd-4c93-82d7-07f29d18cd92@group-A1B4858C075A:LeaderElection39] INFO  impl.RaftServerImpl (ServerState.java:setRaftConf(354)) - 87c8d9bf-e5fd-4c93-82d7-07f29d18cd92@group-A1B4858C075A: set configuration 0: [87c8d9bf-e5fd-4c93-82d7-07f29d18cd92:192.168.30.6:45400], old=null at 0
2019-09-25 11:00:15,188 [87c8d9bf-e5fd-4c93-82d7-07f29d18cd92@group-BE09A61ACAF1-SegmentedRaftLogWorker] INFO  segmented.SegmentedRaftLogWorker (SegmentedRaftLogWorker.java:execute(569)) - 87c8d9bf-e5fd-4c93-82d7-07f29d18cd92@group-BE09A61ACAF1-SegmentedRaftLogWorker: created new log segment /workdir/hadoop-ozone/integration-test/target/test-dir/MiniOzoneClusterImpl-cb8ecd13-95cc-47fe-8445-93be882af5d4/datanode-5/data/ratis/e943803c-96bf-4789-8136-be09a61acaf1/current/log_inprogress_0
2019-09-25 11:00:15,227 [10236b5f-bff6-485e-aafa-3b26ea1d6574@group-A0C1EFD1E870-SegmentedRaftLogWorker] INFO  segmented.SegmentedRaftLogWorker (SegmentedRaftLogWorker.java:execute(569)) - 10236b5f-bff6-485e-aafa-3b26ea1d6574@group-A0C1EFD1E870-SegmentedRaftLogWorker: created new log segment /workdir/hadoop-ozone/integration-test/target/test-dir/MiniOzoneClusterImpl-cb8ecd13-95cc-47fe-8445-93be882af5d4/datanode-6/data/ratis/0da39241-51af-408b-8f45-a0c1efd1e870/current/log_inprogress_0
2019-09-25 11:00:15,227 [e32c4ad0-ba90-43ec-bb55-c70e02bd141a@group-CED32A3CCACF:LeaderElection41] INFO  impl.RaftServerImpl (ServerState.java:setRaftConf(354)) - e32c4ad0-ba90-43ec-bb55-c70e02bd141a@group-CED32A3CCACF: set configuration 0: [e32c4ad0-ba90-43ec-bb55-c70e02bd141a:192.168.30.6:43545], old=null at 0
2019-09-25 11:00:15,254 [87c8d9bf-e5fd-4c93-82d7-07f29d18cd92@group-A1B4858C075A-SegmentedRaftLogWorker] INFO  segmented.SegmentedRaftLogWorker (SegmentedRaftLogWorker.java:execute(569)) - 87c8d9bf-e5fd-4c93-82d7-07f29d18cd92@group-A1B4858C075A-SegmentedRaftLogWorker: created new log segment /workdir/hadoop-ozone/integration-test/target/test-dir/MiniOzoneClusterImpl-cb8ecd13-95cc-47fe-8445-93be882af5d4/datanode-5/data/ratis/07de0e42-1c78-457c-bbfb-a1b4858c075a/current/log_inprogress_0
2019-09-25 11:00:15,257 [main] INFO  utils.BackgroundService (BackgroundService.java:shutdown(148)) - Shutting down service BlockDeletingService
2019-09-25 11:00:15,263 [main] INFO  statemachine.DatanodeStateMachine (DatanodeStateMachine.java:stopDaemon(395)) - Ozone container server stopped.
2019-09-25 11:00:15,263 [main] INFO  handler.ContextHandler (ContextHandler.java:doStop(910)) - Stopped o.e.j.w.WebAppContext@2630dbc4{/,null,UNAVAILABLE}{/hddsDatanode}
2019-09-25 11:00:15,264 [main] INFO  server.AbstractConnector (AbstractConnector.java:doStop(318)) - Stopped ServerConnector@5ea4300e{HTTP/1.1,[http/1.1]}{0.0.0.0:0}
2019-09-25 11:00:15,264 [main] INFO  handler.ContextHandler (ContextHandler.java:doStop(910)) - Stopped o.e.j.s.ServletContextHandler@4228bf58{/static,jar:file:/home/user/.m2/repository/org/apache/hadoop/hadoop-hdds-container-service/0.5.0-SNAPSHOT/hadoop-hdds-container-service-0.5.0-SNAPSHOT.jar!/webapps/static,UNAVAILABLE}
2019-09-25 11:00:15,265 [ForkJoinPool.commonPool-worker-1] INFO  utils.BackgroundService (BackgroundService.java:shutdown(148)) - Shutting down service BlockDeletingService
2019-09-25 11:00:15,265 [main] INFO  handler.ContextHandler (ContextHandler.java:doStop(910)) - Stopped o.e.j.s.ServletContextHandler@6f94fb9d{/logs,file:///workdir/hadoop-ozone/integration-test/target/log,UNAVAILABLE}
2019-09-25 11:00:15,268 [e32c4ad0-ba90-43ec-bb55-c70e02bd141a@group-CED32A3CCACF-SegmentedRaftLogWorker] INFO  segmented.SegmentedRaftLogWorker (SegmentedRaftLogWorker.java:execute(569)) - e32c4ad0-ba90-43ec-bb55-c70e02bd141a@group-CED32A3CCACF-SegmentedRaftLogWorker: created new log segment /workdir/hadoop-ozone/integration-test/target/test-dir/MiniOzoneClusterImpl-cb8ecd13-95cc-47fe-8445-93be882af5d4/datanode-0/data/ratis/0b600ffa-c055-4666-9d38-ced32a3ccacf/current/log_inprogress_0
2019-09-25 11:00:15,269 [ForkJoinPool.commonPool-worker-1] INFO  statemachine.DatanodeStateMachine (DatanodeStateMachine.java:stopDaemon(395)) - Ozone container server stopped.
2019-09-25 11:00:15,275 [ForkJoinPool.commonPool-worker-1] INFO  handler.ContextHandler (ContextHandler.java:doStop(910)) - Stopped o.e.j.w.WebAppContext@52d97ab6{/,null,UNAVAILABLE}{/hddsDatanode}
2019-09-25 11:00:15,276 [ForkJoinPool.commonPool-worker-1] INFO  server.AbstractConnector (AbstractConnector.java:doStop(318)) - Stopped ServerConnector@4da6d664{HTTP/1.1,[http/1.1]}{0.0.0.0:0}
2019-09-25 11:00:15,278 [ForkJoinPool.commonPool-worker-1] INFO  handler.ContextHandler (ContextHandler.java:doStop(910)) - Stopped o.e.j.s.ServletContextHandler@1a2bcd56{/static,jar:file:/home/user/.m2/repository/org/apache/hadoop/hadoop-hdds-container-service/0.5.0-SNAPSHOT/hadoop-hdds-container-service-0.5.0-SNAPSHOT.jar!/webapps/static,UNAVAILABLE}
2019-09-25 11:00:15,280 [ForkJoinPool.commonPool-worker-1] INFO  handler.ContextHandler (ContextHandler.java:doStop(910)) - Stopped o.e.j.s.ServletContextHandler@c27a3a2{/logs,file:///workdir/hadoop-ozone/integration-test/target/log,UNAVAILABLE}
2019-09-25 11:00:15,600 [Datanode State Machine Thread - 0] INFO  statemachine.DatanodeStateMachine (DatanodeStateMachine.java:lambda$startDaemon$0(350)) - Ozone container server started.
2019-09-25 11:00:15,611 [Datanode State Machine Thread - 0] INFO  statemachine.DatanodeStateMachine (DatanodeStateMachine.java:lambda$startDaemon$0(350)) - Ozone container server started.
2019-09-25 11:00:19,635 [EventQueue-StaleNodeForStaleNodeHandler] INFO  node.StaleNodeHandler (StaleNodeHandler.java:onMessage(58)) - Datanode 5f9a0e92-828f-4406-8370-fc24211be18d{ip: 192.168.30.6, host: pr-hdds-1569-5gmkr-4255264070, networkLocation: /default-rack, certSerialId: null} moved to stale state. Finalizing its pipelines [PipelineID=b3fc396c-c22c-4e4c-b490-29d9bae4e7ec, PipelineID=c7e031a5-eddd-4a14-a38a-a44dfed006c8, PipelineID=688b1a44-c863-4779-ba05-c6c4f8618661, PipelineID=4ff83ca9-56ad-4aa1-8981-a3c8774ee2af, PipelineID=69805b67-260a-402a-83f5-8c8046f07407, PipelineID=63bcc39f-e157-4c16-accf-74394efd8f2e]
2019-09-25 11:00:19,636 [EventQueue-StaleNodeForStaleNodeHandler] INFO  pipeline.SCMPipelineManager (SCMPipelineManager.java:finalizeAndDestroyPipeline(316)) - destroying pipeline:Pipeline[ Id: b3fc396c-c22c-4e4c-b490-29d9bae4e7ec, Nodes: 5f9a0e92-828f-4406-8370-fc24211be18d{ip: 192.168.30.6, host: pr-hdds-1569-5gmkr-4255264070, networkLocation: /default-rack, certSerialId: null}, Type:RATIS, Factor:ONE, State:OPEN]
2019-09-25 11:00:19,636 [EventQueue-StaleNodeForStaleNodeHandler] INFO  pipeline.PipelineStateManager (PipelineStateManager.java:finalizePipeline(123)) - Pipeline Pipeline[ Id: b3fc396c-c22c-4e4c-b490-29d9bae4e7ec, Nodes: 5f9a0e92-828f-4406-8370-fc24211be18d{ip: 192.168.30.6, host: pr-hdds-1569-5gmkr-4255264070, networkLocation: /default-rack, certSerialId: null}, Type:RATIS, Factor:ONE, State:CLOSED] moved to CLOSED state
2019-09-25 11:00:19,637 [EventQueue-StaleNodeForStaleNodeHandler] INFO  pipeline.SCMPipelineManager (SCMPipelineManager.java:finalizeAndDestroyPipeline(316)) - destroying pipeline:Pipeline[ Id: c7e031a5-eddd-4a14-a38a-a44dfed006c8, Nodes: 5f9a0e92-828f-4406-8370-fc24211be18d{ip: 192.168.30.6, host: pr-hdds-1569-5gmkr-4255264070, networkLocation: /default-rack, certSerialId: null}, Type:RATIS, Factor:ONE, State:OPEN]
2019-09-25 11:00:19,637 [EventQueue-StaleNodeForStaleNodeHandler] INFO  pipeline.PipelineStateManager (PipelineStateManager.java:finalizePipeline(123)) - Pipeline Pipeline[ Id: c7e031a5-eddd-4a14-a38a-a44dfed006c8, Nodes: 5f9a0e92-828f-4406-8370-fc24211be18d{ip: 192.168.30.6, host: pr-hdds-1569-5gmkr-4255264070, networkLocation: /default-rack, certSerialId: null}, Type:RATIS, Factor:ONE, State:CLOSED] moved to CLOSED state
2019-09-25 11:00:19,637 [EventQueue-StaleNodeForStaleNodeHandler] INFO  pipeline.SCMPipelineManager (SCMPipelineManager.java:finalizeAndDestroyPipeline(316)) - destroying pipeline:Pipeline[ Id: 688b1a44-c863-4779-ba05-c6c4f8618661, Nodes: 5f9a0e92-828f-4406-8370-fc24211be18d{ip: 192.168.30.6, host: pr-hdds-1569-5gmkr-4255264070, networkLocation: /default-rack, certSerialId: null}, Type:RATIS, Factor:ONE, State:OPEN]
2019-09-25 11:00:19,637 [EventQueue-StaleNodeForStaleNodeHandler] INFO  pipeline.PipelineStateManager (PipelineStateManager.java:finalizePipeline(123)) - Pipeline Pipeline[ Id: 688b1a44-c863-4779-ba05-c6c4f8618661, Nodes: 5f9a0e92-828f-4406-8370-fc24211be18d{ip: 192.168.30.6, host: pr-hdds-1569-5gmkr-4255264070, networkLocation: /default-rack, certSerialId: null}, Type:RATIS, Factor:ONE, State:CLOSED] moved to CLOSED state
2019-09-25 11:00:19,638 [EventQueue-StaleNodeForStaleNodeHandler] INFO  pipeline.SCMPipelineManager (SCMPipelineManager.java:finalizeAndDestroyPipeline(316)) - destroying pipeline:Pipeline[ Id: 4ff83ca9-56ad-4aa1-8981-a3c8774ee2af, Nodes: 5f9a0e92-828f-4406-8370-fc24211be18d{ip: 192.168.30.6, host: pr-hdds-1569-5gmkr-4255264070, networkLocation: /default-rack, certSerialId: null}, Type:RATIS, Factor:ONE, State:OPEN]
2019-09-25 11:00:19,638 [EventQueue-StaleNodeForStaleNodeHandler] INFO  pipeline.PipelineStateManager (PipelineStateManager.java:finalizePipeline(123)) - Pipeline Pipeline[ Id: 4ff83ca9-56ad-4aa1-8981-a3c8774ee2af, Nodes: 5f9a0e92-828f-4406-8370-fc24211be18d{ip: 192.168.30.6, host: pr-hdds-1569-5gmkr-4255264070, networkLocation: /default-rack, certSerialId: null}, Type:RATIS, Factor:ONE, State:CLOSED] moved to CLOSED state
2019-09-25 11:00:19,638 [EventQueue-StaleNodeForStaleNodeHandler] INFO  pipeline.SCMPipelineManager (SCMPipelineManager.java:finalizeAndDestroyPipeline(316)) - destroying pipeline:Pipeline[ Id: 69805b67-260a-402a-83f5-8c8046f07407, Nodes: 5f9a0e92-828f-4406-8370-fc24211be18d{ip: 192.168.30.6, host: pr-hdds-1569-5gmkr-4255264070, networkLocation: /default-rack, certSerialId: null}, Type:RATIS, Factor:ONE, State:OPEN]
2019-09-25 11:00:19,639 [EventQueue-StaleNodeForStaleNodeHandler] INFO  pipeline.PipelineStateManager (PipelineStateManager.java:finalizePipeline(123)) - Pipeline Pipeline[ Id: 69805b67-260a-402a-83f5-8c8046f07407, Nodes: 5f9a0e92-828f-4406-8370-fc24211be18d{ip: 192.168.30.6, host: pr-hdds-1569-5gmkr-4255264070, networkLocation: /default-rack, certSerialId: null}, Type:RATIS, Factor:ONE, State:CLOSED] moved to CLOSED state
2019-09-25 11:00:19,639 [EventQueue-StaleNodeForStaleNodeHandler] INFO  pipeline.SCMPipelineManager (SCMPipelineManager.java:finalizeAndDestroyPipeline(316)) - destroying pipeline:Pipeline[ Id: 63bcc39f-e157-4c16-accf-74394efd8f2e, Nodes: 5f9a0e92-828f-4406-8370-fc24211be18d{ip: 192.168.30.6, host: pr-hdds-1569-5gmkr-4255264070, networkLocation: /default-rack, certSerialId: null}, Type:RATIS, Factor:ONE, State:OPEN]
2019-09-25 11:00:19,639 [EventQueue-StaleNodeForStaleNodeHandler] INFO  pipeline.PipelineStateManager (PipelineStateManager.java:finalizePipeline(123)) - Pipeline Pipeline[ Id: 63bcc39f-e157-4c16-accf-74394efd8f2e, Nodes: 5f9a0e92-828f-4406-8370-fc24211be18d{ip: 192.168.30.6, host: pr-hdds-1569-5gmkr-4255264070, networkLocation: /default-rack, certSerialId: null}, Type:RATIS, Factor:ONE, State:CLOSED] moved to CLOSED state
2019-09-25 11:00:19,639 [EventQueue-StaleNodeForStaleNodeHandler] INFO  node.StaleNodeHandler (StaleNodeHandler.java:onMessage(58)) - Datanode b9731c9a-07e8-4827-9eb9-5f784fb447b9{ip: 192.168.30.6, host: pr-hdds-1569-5gmkr-4255264070, networkLocation: /default-rack, certSerialId: null} moved to stale state. Finalizing its pipelines [PipelineID=b3c02b03-bfd2-472f-9356-c7e7e188fd92, PipelineID=4b443a29-ff77-4352-9c87-c1ff5e53a2b4, PipelineID=bd39eaf3-83b6-4498-bf54-b75c02ccea49, PipelineID=0898d7f9-dfa9-4407-808f-b02a97286828, PipelineID=77cc3ec0-e075-4230-886c-31c0f503099d, PipelineID=550759b4-b513-41f7-90d5-6438f16c250b]
2019-09-25 11:00:19,639 [EventQueue-StaleNodeForStaleNodeHandler] INFO  pipeline.SCMPipelineManager (SCMPipelineManager.java:finalizeAndDestroyPipeline(316)) - destroying pipeline:Pipeline[ Id: b3c02b03-bfd2-472f-9356-c7e7e188fd92, Nodes: b9731c9a-07e8-4827-9eb9-5f784fb447b9{ip: 192.168.30.6, host: pr-hdds-1569-5gmkr-4255264070, networkLocation: /default-rack, certSerialId: null}, Type:RATIS, Factor:ONE, State:OPEN]
2019-09-25 11:00:19,640 [EventQueue-StaleNodeForStaleNodeHandler] INFO  pipeline.PipelineStateManager (PipelineStateManager.java:finalizePipeline(123)) - Pipeline Pipeline[ Id: b3c02b03-bfd2-472f-9356-c7e7e188fd92, Nodes: b9731c9a-07e8-4827-9eb9-5f784fb447b9{ip: 192.168.30.6, host: pr-hdds-1569-5gmkr-4255264070, networkLocation: /default-rack, certSerialId: null}, Type:RATIS, Factor:ONE, State:CLOSED] moved to CLOSED state
2019-09-25 11:00:19,640 [EventQueue-StaleNodeForStaleNodeHandler] INFO  pipeline.SCMPipelineManager (SCMPipelineManager.java:finalizeAndDestroyPipeline(316)) - destroying pipeline:Pipeline[ Id: 4b443a29-ff77-4352-9c87-c1ff5e53a2b4, Nodes: b9731c9a-07e8-4827-9eb9-5f784fb447b9{ip: 192.168.30.6, host: pr-hdds-1569-5gmkr-4255264070, networkLocation: /default-rack, certSerialId: null}, Type:RATIS, Factor:ONE, State:OPEN]
2019-09-25 11:00:19,640 [EventQueue-StaleNodeForStaleNodeHandler] INFO  pipeline.PipelineStateManager (PipelineStateManager.java:finalizePipeline(123)) - Pipeline Pipeline[ Id: 4b443a29-ff77-4352-9c87-c1ff5e53a2b4, Nodes: b9731c9a-07e8-4827-9eb9-5f784fb447b9{ip: 192.168.30.6, host: pr-hdds-1569-5gmkr-4255264070, networkLocation: /default-rack, certSerialId: null}, Type:RATIS, Factor:ONE, State:CLOSED] moved to CLOSED state
2019-09-25 11:00:19,640 [EventQueue-StaleNodeForStaleNodeHandler] INFO  pipeline.SCMPipelineManager (SCMPipelineManager.java:finalizeAndDestroyPipeline(316)) - destroying pipeline:Pipeline[ Id: bd39eaf3-83b6-4498-bf54-b75c02ccea49, Nodes: b9731c9a-07e8-4827-9eb9-5f784fb447b9{ip: 192.168.30.6, host: pr-hdds-1569-5gmkr-4255264070, networkLocation: /default-rack, certSerialId: null}, Type:RATIS, Factor:ONE, State:OPEN]
2019-09-25 11:00:19,640 [EventQueue-StaleNodeForStaleNodeHandler] INFO  pipeline.PipelineStateManager (PipelineStateManager.java:finalizePipeline(123)) - Pipeline Pipeline[ Id: bd39eaf3-83b6-4498-bf54-b75c02ccea49, Nodes: b9731c9a-07e8-4827-9eb9-5f784fb447b9{ip: 192.168.30.6, host: pr-hdds-1569-5gmkr-4255264070, networkLocation: /default-rack, certSerialId: null}, Type:RATIS, Factor:ONE, State:CLOSED] moved to CLOSED state
2019-09-25 11:00:19,641 [EventQueue-StaleNodeForStaleNodeHandler] INFO  pipeline.SCMPipelineManager (SCMPipelineManager.java:finalizeAndDestroyPipeline(316)) - destroying pipeline:Pipeline[ Id: 0898d7f9-dfa9-4407-808f-b02a97286828, Nodes: b9731c9a-07e8-4827-9eb9-5f784fb447b9{ip: 192.168.30.6, host: pr-hdds-1569-5gmkr-4255264070, networkLocation: /default-rack, certSerialId: null}, Type:RATIS, Factor:ONE, State:OPEN]
2019-09-25 11:00:19,641 [EventQueue-StaleNodeForStaleNodeHandler] INFO  pipeline.PipelineStateManager (PipelineStateManager.java:finalizePipeline(123)) - Pipeline Pipeline[ Id: 0898d7f9-dfa9-4407-808f-b02a97286828, Nodes: b9731c9a-07e8-4827-9eb9-5f784fb447b9{ip: 192.168.30.6, host: pr-hdds-1569-5gmkr-4255264070, networkLocation: /default-rack, certSerialId: null}, Type:RATIS, Factor:ONE, State:CLOSED] moved to CLOSED state
2019-09-25 11:00:19,641 [EventQueue-StaleNodeForStaleNodeHandler] INFO  pipeline.SCMPipelineManager (SCMPipelineManager.java:finalizeAndDestroyPipeline(316)) - destroying pipeline:Pipeline[ Id: 77cc3ec0-e075-4230-886c-31c0f503099d, Nodes: b9731c9a-07e8-4827-9eb9-5f784fb447b9{ip: 192.168.30.6, host: pr-hdds-1569-5gmkr-4255264070, networkLocation: /default-rack, certSerialId: null}, Type:RATIS, Factor:ONE, State:OPEN]
2019-09-25 11:00:19,641 [EventQueue-StaleNodeForStaleNodeHandler] INFO  pipeline.PipelineStateManager (PipelineStateManager.java:finalizePipeline(123)) - Pipeline Pipeline[ Id: 77cc3ec0-e075-4230-886c-31c0f503099d, Nodes: b9731c9a-07e8-4827-9eb9-5f784fb447b9{ip: 192.168.30.6, host: pr-hdds-1569-5gmkr-4255264070, networkLocation: /default-rack, certSerialId: null}, Type:RATIS, Factor:ONE, State:CLOSED] moved to CLOSED state
2019-09-25 11:00:19,642 [EventQueue-StaleNodeForStaleNodeHandler] INFO  pipeline.SCMPipelineManager (SCMPipelineManager.java:finalizeAndDestroyPipeline(316)) - destroying pipeline:Pipeline[ Id: 550759b4-b513-41f7-90d5-6438f16c250b, Nodes: b9731c9a-07e8-4827-9eb9-5f784fb447b9{ip: 192.168.30.6, host: pr-hdds-1569-5gmkr-4255264070, networkLocation: /default-rack, certSerialId: null}, Type:RATIS, Factor:ONE, State:OPEN]
2019-09-25 11:00:19,642 [EventQueue-StaleNodeForStaleNodeHandler] INFO  pipeline.PipelineStateManager (PipelineStateManager.java:finalizePipeline(123)) - Pipeline Pipeline[ Id: 550759b4-b513-41f7-90d5-6438f16c250b, Nodes: b9731c9a-07e8-4827-9eb9-5f784fb447b9{ip: 192.168.30.6, host: pr-hdds-1569-5gmkr-4255264070, networkLocation: /default-rack, certSerialId: null}, Type:RATIS, Factor:ONE, State:CLOSED] moved to CLOSED state
2019-09-25 11:00:20,273 [main] INFO  ozoneimpl.OzoneContainer (OzoneContainer.java:stop(231)) - Attempting to stop container services.
2019-09-25 11:00:20,277 [main] INFO  impl.RaftServerProxy (RaftServerProxy.java:lambda$close$4(314)) - 5f9a0e92-828f-4406-8370-fc24211be18d: close
2019-09-25 11:00:20,277 [main] INFO  impl.RaftServerImpl (RaftServerImpl.java:lambda$shutdown$3(251)) - 5f9a0e92-828f-4406-8370-fc24211be18d@group-C6C4F8618661: shutdown
2019-09-25 11:00:20,278 [main] INFO  util.JmxRegister (JmxRegister.java:unregister(73)) - Successfully un-registered JMX Bean with object name Ratis:service=RaftServer,group=group-C6C4F8618661,id=5f9a0e92-828f-4406-8370-fc24211be18d
2019-09-25 11:00:20,278 [main] INFO  impl.RoleInfo (RoleInfo.java:shutdownLeaderState(104)) - 5f9a0e92-828f-4406-8370-fc24211be18d: shutdown LeaderState
2019-09-25 11:00:20,278 [main] INFO  impl.PendingRequests (PendingRequests.java:sendNotLeaderResponses(202)) - 5f9a0e92-828f-4406-8370-fc24211be18d-PendingRequests: sendNotLeaderResponses
2019-09-25 11:00:20,279 [main] INFO  impl.StateMachineUpdater (StateMachineUpdater.java:stopAndJoin(125)) - 5f9a0e92-828f-4406-8370-fc24211be18d@group-C6C4F8618661-StateMachineUpdater: set stopIndex = 0
2019-09-25 11:00:20,281 [main] INFO  impl.RaftServerImpl (ServerState.java:close(385)) - 5f9a0e92-828f-4406-8370-fc24211be18d@group-C6C4F8618661: closes. applyIndex: 0
2019-09-25 11:00:20,282 [5f9a0e92-828f-4406-8370-fc24211be18d@group-C6C4F8618661-SegmentedRaftLogWorker] INFO  segmented.SegmentedRaftLogWorker (SegmentedRaftLogWorker.java:run(313)) - 5f9a0e92-828f-4406-8370-fc24211be18d@group-C6C4F8618661-SegmentedRaftLogWorker was interrupted, exiting. There are 0 tasks remaining in the queue.
2019-09-25 11:00:20,284 [main] INFO  segmented.SegmentedRaftLogWorker (SegmentedRaftLogWorker.java:close(228)) - 5f9a0e92-828f-4406-8370-fc24211be18d@group-C6C4F8618661-SegmentedRaftLogWorker close()
2019-09-25 11:00:20,284 [ForkJoinPool.commonPool-worker-1] INFO  ozoneimpl.OzoneContainer (OzoneContainer.java:stop(231)) - Attempting to stop container services.
2019-09-25 11:00:20,292 [main] INFO  impl.RaftServerImpl (RaftServerImpl.java:lambda$shutdown$3(251)) - 5f9a0e92-828f-4406-8370-fc24211be18d@group-A3C8774EE2AF: shutdown
2019-09-25 11:00:20,293 [ForkJoinPool.commonPool-worker-1] INFO  impl.RaftServerProxy (RaftServerProxy.java:lambda$close$4(314)) - b9731c9a-07e8-4827-9eb9-5f784fb447b9: close
2019-09-25 11:00:20,293 [main] INFO  util.JmxRegister (JmxRegister.java:unregister(73)) - Successfully un-registered JMX Bean with object name Ratis:service=RaftServer,group=group-A3C8774EE2AF,id=5f9a0e92-828f-4406-8370-fc24211be18d
2019-09-25 11:00:20,293 [ForkJoinPool.commonPool-worker-1] INFO  impl.RaftServerImpl (RaftServerImpl.java:lambda$shutdown$3(251)) - b9731c9a-07e8-4827-9eb9-5f784fb447b9@group-C7E7E188FD92: shutdown
2019-09-25 11:00:20,294 [main] INFO  impl.RoleInfo (RoleInfo.java:shutdownLeaderState(104)) - 5f9a0e92-828f-4406-8370-fc24211be18d: shutdown LeaderState
2019-09-25 11:00:20,294 [ForkJoinPool.commonPool-worker-1] INFO  util.JmxRegister (JmxRegister.java:unregister(73)) - Successfully un-registered JMX Bean with object name Ratis:service=RaftServer,group=group-C7E7E188FD92,id=b9731c9a-07e8-4827-9eb9-5f784fb447b9
2019-09-25 11:00:20,294 [main] INFO  impl.PendingRequests (PendingRequests.java:sendNotLeaderResponses(202)) - 5f9a0e92-828f-4406-8370-fc24211be18d-PendingRequests: sendNotLeaderResponses
2019-09-25 11:00:20,294 [ForkJoinPool.commonPool-worker-1] INFO  impl.RoleInfo (RoleInfo.java:shutdownLeaderState(104)) - b9731c9a-07e8-4827-9eb9-5f784fb447b9: shutdown LeaderState
2019-09-25 11:00:20,295 [main] INFO  impl.StateMachineUpdater (StateMachineUpdater.java:stopAndJoin(125)) - 5f9a0e92-828f-4406-8370-fc24211be18d@group-A3C8774EE2AF-StateMachineUpdater: set stopIndex = 0
2019-09-25 11:00:20,295 [ForkJoinPool.commonPool-worker-1] INFO  impl.PendingRequests (PendingRequests.java:sendNotLeaderResponses(202)) - b9731c9a-07e8-4827-9eb9-5f784fb447b9-PendingRequests: sendNotLeaderResponses
2019-09-25 11:00:20,295 [main] INFO  impl.RaftServerImpl (ServerState.java:close(385)) - 5f9a0e92-828f-4406-8370-fc24211be18d@group-A3C8774EE2AF: closes. applyIndex: 0
2019-09-25 11:00:20,296 [ForkJoinPool.commonPool-worker-1] INFO  impl.StateMachineUpdater (StateMachineUpdater.java:stopAndJoin(125)) - b9731c9a-07e8-4827-9eb9-5f784fb447b9@group-C7E7E188FD92-StateMachineUpdater: set stopIndex = 0
2019-09-25 11:00:20,296 [5f9a0e92-828f-4406-8370-fc24211be18d@group-A3C8774EE2AF-SegmentedRaftLogWorker] INFO  segmented.SegmentedRaftLogWorker (SegmentedRaftLogWorker.java:run(313)) - 5f9a0e92-828f-4406-8370-fc24211be18d@group-A3C8774EE2AF-SegmentedRaftLogWorker was interrupted, exiting. There are 0 tasks remaining in the queue.
2019-09-25 11:00:20,296 [ForkJoinPool.commonPool-worker-1] INFO  impl.RaftServerImpl (ServerState.java:close(385)) - b9731c9a-07e8-4827-9eb9-5f784fb447b9@group-C7E7E188FD92: closes. applyIndex: 0
2019-09-25 11:00:20,297 [main] INFO  segmented.SegmentedRaftLogWorker (SegmentedRaftLogWorker.java:close(228)) - 5f9a0e92-828f-4406-8370-fc24211be18d@group-A3C8774EE2AF-SegmentedRaftLogWorker close()
2019-09-25 11:00:20,297 [b9731c9a-07e8-4827-9eb9-5f784fb447b9@group-C7E7E188FD92-SegmentedRaftLogWorker] INFO  segmented.SegmentedRaftLogWorker (SegmentedRaftLogWorker.java:run(313)) - b9731c9a-07e8-4827-9eb9-5f784fb447b9@group-C7E7E188FD92-SegmentedRaftLogWorker was interrupted, exiting. There are 0 tasks remaining in the queue.
2019-09-25 11:00:20,299 [main] INFO  impl.RaftServerImpl (RaftServerImpl.java:lambda$shutdown$3(251)) - 5f9a0e92-828f-4406-8370-fc24211be18d@group-8C8046F07407: shutdown
2019-09-25 11:00:20,299 [ForkJoinPool.commonPool-worker-1] INFO  segmented.SegmentedRaftLogWorker (SegmentedRaftLogWorker.java:close(228)) - b9731c9a-07e8-4827-9eb9-5f784fb447b9@group-C7E7E188FD92-SegmentedRaftLogWorker close()
2019-09-25 11:00:20,300 [main] INFO  util.JmxRegister (JmxRegister.java:unregister(73)) - Successfully un-registered JMX Bean with object name Ratis:service=RaftServer,group=group-8C8046F07407,id=5f9a0e92-828f-4406-8370-fc24211be18d
2019-09-25 11:00:20,302 [ForkJoinPool.commonPool-worker-1] INFO  impl.RaftServerImpl (RaftServerImpl.java:lambda$shutdown$3(251)) - b9731c9a-07e8-4827-9eb9-5f784fb447b9@group-C1FF5E53A2B4: shutdown
2019-09-25 11:00:20,302 [main] INFO  impl.RoleInfo (RoleInfo.java:shutdownLeaderState(104)) - 5f9a0e92-828f-4406-8370-fc24211be18d: shutdown LeaderState
2019-09-25 11:00:20,302 [ForkJoinPool.commonPool-worker-1] INFO  util.JmxRegister (JmxRegister.java:unregister(73)) - Successfully un-registered JMX Bean with object name Ratis:service=RaftServer,group=group-C1FF5E53A2B4,id=b9731c9a-07e8-4827-9eb9-5f784fb447b9
2019-09-25 11:00:20,303 [main] INFO  impl.PendingRequests (PendingRequests.java:sendNotLeaderResponses(202)) - 5f9a0e92-828f-4406-8370-fc24211be18d-PendingRequests: sendNotLeaderResponses
2019-09-25 11:00:20,303 [ForkJoinPool.commonPool-worker-1] INFO  impl.RoleInfo (RoleInfo.java:shutdownLeaderState(104)) - b9731c9a-07e8-4827-9eb9-5f784fb447b9: shutdown LeaderState
2019-09-25 11:00:20,304 [main] INFO  impl.StateMachineUpdater (StateMachineUpdater.java:stopAndJoin(125)) - 5f9a0e92-828f-4406-8370-fc24211be18d@group-8C8046F07407-StateMachineUpdater: set stopIndex = 0
2019-09-25 11:00:20,304 [ForkJoinPool.commonPool-worker-1] INFO  impl.PendingRequests (PendingRequests.java:sendNotLeaderResponses(202)) - b9731c9a-07e8-4827-9eb9-5f784fb447b9-PendingRequests: sendNotLeaderResponses
2019-09-25 11:00:20,304 [main] INFO  impl.RaftServerImpl (ServerState.java:close(385)) - 5f9a0e92-828f-4406-8370-fc24211be18d@group-8C8046F07407: closes. applyIndex: 0
2019-09-25 11:00:20,304 [ForkJoinPool.commonPool-worker-1] INFO  impl.StateMachineUpdater (StateMachineUpdater.java:stopAndJoin(125)) - b9731c9a-07e8-4827-9eb9-5f784fb447b9@group-C1FF5E53A2B4-StateMachineUpdater: set stopIndex = 0
2019-09-25 11:00:20,305 [ForkJoinPool.commonPool-worker-1] INFO  impl.RaftServerImpl (ServerState.java:close(385)) - b9731c9a-07e8-4827-9eb9-5f784fb447b9@group-C1FF5E53A2B4: closes. applyIndex: 0
2019-09-25 11:00:20,305 [5f9a0e92-828f-4406-8370-fc24211be18d@group-8C8046F07407-SegmentedRaftLogWorker] INFO  segmented.SegmentedRaftLogWorker (SegmentedRaftLogWorker.java:run(313)) - 5f9a0e92-828f-4406-8370-fc24211be18d@group-8C8046F07407-SegmentedRaftLogWorker was interrupted, exiting. There are 0 tasks remaining in the queue.
2019-09-25 11:00:20,305 [b9731c9a-07e8-4827-9eb9-5f784fb447b9@group-C1FF5E53A2B4-SegmentedRaftLogWorker] INFO  segmented.SegmentedRaftLogWorker (SegmentedRaftLogWorker.java:run(313)) - b9731c9a-07e8-4827-9eb9-5f784fb447b9@group-C1FF5E53A2B4-SegmentedRaftLogWorker was interrupted, exiting. There are 0 tasks remaining in the queue.
2019-09-25 11:00:20,305 [main] INFO  segmented.SegmentedRaftLogWorker (SegmentedRaftLogWorker.java:close(228)) - 5f9a0e92-828f-4406-8370-fc24211be18d@group-8C8046F07407-SegmentedRaftLogWorker close()
2019-09-25 11:00:20,306 [ForkJoinPool.commonPool-worker-1] INFO  segmented.SegmentedRaftLogWorker (SegmentedRaftLogWorker.java:close(228)) - b9731c9a-07e8-4827-9eb9-5f784fb447b9@group-C1FF5E53A2B4-SegmentedRaftLogWorker close()
2019-09-25 11:00:20,308 [main] INFO  impl.RaftServerImpl (RaftServerImpl.java:lambda$shutdown$3(251)) - 5f9a0e92-828f-4406-8370-fc24211be18d@group-74394EFD8F2E: shutdown
2019-09-25 11:00:20,310 [ForkJoinPool.commonPool-worker-1] INFO  impl.RaftServerImpl (RaftServerImpl.java:lambda$shutdown$3(251)) - b9731c9a-07e8-4827-9eb9-5f784fb447b9@group-B75C02CCEA49: shutdown
2019-09-25 11:00:20,310 [main] INFO  util.JmxRegister (JmxRegister.java:unregister(73)) - Successfully un-registered JMX Bean with object name Ratis:service=RaftServer,group=group-74394EFD8F2E,id=5f9a0e92-828f-4406-8370-fc24211be18d
2019-09-25 11:00:20,310 [main] INFO  impl.RoleInfo (RoleInfo.java:shutdownLeaderState(104)) - 5f9a0e92-828f-4406-8370-fc24211be18d: shutdown LeaderState
2019-09-25 11:00:20,310 [ForkJoinPool.commonPool-worker-1] INFO  util.JmxRegister (JmxRegister.java:unregister(73)) - Successfully un-registered JMX Bean with object name Ratis:service=RaftServer,group=group-B75C02CCEA49,id=b9731c9a-07e8-4827-9eb9-5f784fb447b9
2019-09-25 11:00:20,311 [main] INFO  impl.PendingRequests (PendingRequests.java:sendNotLeaderResponses(202)) - 5f9a0e92-828f-4406-8370-fc24211be18d-PendingRequests: sendNotLeaderResponses
2019-09-25 11:00:20,311 [ForkJoinPool.commonPool-worker-1] INFO  impl.RoleInfo (RoleInfo.java:shutdownLeaderState(104)) - b9731c9a-07e8-4827-9eb9-5f784fb447b9: shutdown LeaderState
2019-09-25 11:00:20,312 [main] INFO  impl.StateMachineUpdater (StateMachineUpdater.java:stopAndJoin(125)) - 5f9a0e92-828f-4406-8370-fc24211be18d@group-74394EFD8F2E-StateMachineUpdater: set stopIndex = 0
2019-09-25 11:00:20,312 [main] INFO  impl.RaftServerImpl (ServerState.java:close(385)) - 5f9a0e92-828f-4406-8370-fc24211be18d@group-74394EFD8F2E: closes. applyIndex: 0
2019-09-25 11:00:20,312 [ForkJoinPool.commonPool-worker-1] INFO  impl.PendingRequests (PendingRequests.java:sendNotLeaderResponses(202)) - b9731c9a-07e8-4827-9eb9-5f784fb447b9-PendingRequests: sendNotLeaderResponses
2019-09-25 11:00:20,313 [5f9a0e92-828f-4406-8370-fc24211be18d@group-74394EFD8F2E-SegmentedRaftLogWorker] INFO  segmented.SegmentedRaftLogWorker (SegmentedRaftLogWorker.java:run(313)) - 5f9a0e92-828f-4406-8370-fc24211be18d@group-74394EFD8F2E-SegmentedRaftLogWorker was interrupted, exiting. There are 0 tasks remaining in the queue.
2019-09-25 11:00:20,313 [ForkJoinPool.commonPool-worker-1] INFO  impl.StateMachineUpdater (StateMachineUpdater.java:stopAndJoin(125)) - b9731c9a-07e8-4827-9eb9-5f784fb447b9@group-B75C02CCEA49-StateMachineUpdater: set stopIndex = 0
2019-09-25 11:00:20,313 [main] INFO  segmented.SegmentedRaftLogWorker (SegmentedRaftLogWorker.java:close(228)) - 5f9a0e92-828f-4406-8370-fc24211be18d@group-74394EFD8F2E-SegmentedRaftLogWorker close()
2019-09-25 11:00:20,315 [main] INFO  impl.RaftServerImpl (RaftServerImpl.java:lambda$shutdown$3(251)) - 5f9a0e92-828f-4406-8370-fc24211be18d@group-29D9BAE4E7EC: shutdown
2019-09-25 11:00:20,316 [ForkJoinPool.commonPool-worker-1] INFO  impl.RaftServerImpl (ServerState.java:close(385)) - b9731c9a-07e8-4827-9eb9-5f784fb447b9@group-B75C02CCEA49: closes. applyIndex: 0
2019-09-25 11:00:20,316 [main] INFO  util.JmxRegister (JmxRegister.java:unregister(73)) - Successfully un-registered JMX Bean with object name Ratis:service=RaftServer,group=group-29D9BAE4E7EC,id=5f9a0e92-828f-4406-8370-fc24211be18d
2019-09-25 11:00:20,316 [b9731c9a-07e8-4827-9eb9-5f784fb447b9@group-B75C02CCEA49-SegmentedRaftLogWorker] INFO  segmented.SegmentedRaftLogWorker (SegmentedRaftLogWorker.java:run(313)) - b9731c9a-07e8-4827-9eb9-5f784fb447b9@group-B75C02CCEA49-SegmentedRaftLogWorker was interrupted, exiting. There are 0 tasks remaining in the queue.
2019-09-25 11:00:20,316 [main] INFO  impl.RoleInfo (RoleInfo.java:shutdownLeaderState(104)) - 5f9a0e92-828f-4406-8370-fc24211be18d: shutdown LeaderState
2019-09-25 11:00:20,317 [ForkJoinPool.commonPool-worker-1] INFO  segmented.SegmentedRaftLogWorker (SegmentedRaftLogWorker.java:close(228)) - b9731c9a-07e8-4827-9eb9-5f784fb447b9@group-B75C02CCEA49-SegmentedRaftLogWorker close()
2019-09-25 11:00:20,317 [main] INFO  impl.PendingRequests (PendingRequests.java:sendNotLeaderResponses(202)) - 5f9a0e92-828f-4406-8370-fc24211be18d-PendingRequests: sendNotLeaderResponses
2019-09-25 11:00:20,319 [ForkJoinPool.commonPool-worker-1] INFO  impl.RaftServerImpl (RaftServerImpl.java:lambda$shutdown$3(251)) - b9731c9a-07e8-4827-9eb9-5f784fb447b9@group-B02A97286828: shutdown
2019-09-25 11:00:20,319 [main] INFO  impl.StateMachineUpdater (StateMachineUpdater.java:stopAndJoin(125)) - 5f9a0e92-828f-4406-8370-fc24211be18d@group-29D9BAE4E7EC-StateMachineUpdater: set stopIndex = 0
2019-09-25 11:00:20,319 [ForkJoinPool.commonPool-worker-1] INFO  util.JmxRegister (JmxRegister.java:unregister(73)) - Successfully un-registered JMX Bean with object name Ratis:service=RaftServer,group=group-B02A97286828,id=b9731c9a-07e8-4827-9eb9-5f784fb447b9
2019-09-25 11:00:20,320 [main] INFO  impl.RaftServerImpl (ServerState.java:close(385)) - 5f9a0e92-828f-4406-8370-fc24211be18d@group-29D9BAE4E7EC: closes. applyIndex: 0
2019-09-25 11:00:20,320 [ForkJoinPool.commonPool-worker-1] INFO  impl.RoleInfo (RoleInfo.java:shutdownLeaderState(104)) - b9731c9a-07e8-4827-9eb9-5f784fb447b9: shutdown LeaderState
2019-09-25 11:00:20,321 [5f9a0e92-828f-4406-8370-fc24211be18d@group-29D9BAE4E7EC-SegmentedRaftLogWorker] INFO  segmented.SegmentedRaftLogWorker (SegmentedRaftLogWorker.java:run(313)) - 5f9a0e92-828f-4406-8370-fc24211be18d@group-29D9BAE4E7EC-SegmentedRaftLogWorker was interrupted, exiting. There are 0 tasks remaining in the queue.
2019-09-25 11:00:20,321 [ForkJoinPool.commonPool-worker-1] INFO  impl.PendingRequests (PendingRequests.java:sendNotLeaderResponses(202)) - b9731c9a-07e8-4827-9eb9-5f784fb447b9-PendingRequests: sendNotLeaderResponses
2019-09-25 11:00:20,321 [main] INFO  segmented.SegmentedRaftLogWorker (SegmentedRaftLogWorker.java:close(228)) - 5f9a0e92-828f-4406-8370-fc24211be18d@group-29D9BAE4E7EC-SegmentedRaftLogWorker close()
2019-09-25 11:00:20,321 [ForkJoinPool.commonPool-worker-1] INFO  impl.StateMachineUpdater (StateMachineUpdater.java:stopAndJoin(125)) - b9731c9a-07e8-4827-9eb9-5f784fb447b9@group-B02A97286828-StateMachineUpdater: set stopIndex = 0
2019-09-25 11:00:20,328 [main] INFO  impl.RaftServerImpl (RaftServerImpl.java:lambda$shutdown$3(251)) - 5f9a0e92-828f-4406-8370-fc24211be18d@group-A44DFED006C8: shutdown
2019-09-25 11:00:20,329 [ForkJoinPool.commonPool-worker-1] INFO  impl.RaftServerImpl (ServerState.java:close(385)) - b9731c9a-07e8-4827-9eb9-5f784fb447b9@group-B02A97286828: closes. applyIndex: 0
2019-09-25 11:00:20,329 [main] INFO  util.JmxRegister (JmxRegister.java:unregister(73)) - Successfully un-registered JMX Bean with object name Ratis:service=RaftServer,group=group-A44DFED006C8,id=5f9a0e92-828f-4406-8370-fc24211be18d
2019-09-25 11:00:20,329 [b9731c9a-07e8-4827-9eb9-5f784fb447b9@group-B02A97286828-SegmentedRaftLogWorker] INFO  segmented.SegmentedRaftLogWorker (SegmentedRaftLogWorker.java:run(313)) - b9731c9a-07e8-4827-9eb9-5f784fb447b9@group-B02A97286828-SegmentedRaftLogWorker was interrupted, exiting. There are 0 tasks remaining in the queue.
2019-09-25 11:00:20,330 [main] INFO  impl.RoleInfo (RoleInfo.java:shutdownLeaderState(104)) - 5f9a0e92-828f-4406-8370-fc24211be18d: shutdown LeaderState
2019-09-25 11:00:20,330 [ForkJoinPool.commonPool-worker-1] INFO  segmented.SegmentedRaftLogWorker (SegmentedRaftLogWorker.java:close(228)) - b9731c9a-07e8-4827-9eb9-5f784fb447b9@group-B02A97286828-SegmentedRaftLogWorker close()
2019-09-25 11:00:20,330 [main] INFO  impl.PendingRequests (PendingRequests.java:sendNotLeaderResponses(202)) - 5f9a0e92-828f-4406-8370-fc24211be18d-PendingRequests: sendNotLeaderResponses
2019-09-25 11:00:20,330 [ForkJoinPool.commonPool-worker-1] INFO  impl.RaftServerImpl (RaftServerImpl.java:lambda$shutdown$3(251)) - b9731c9a-07e8-4827-9eb9-5f784fb447b9@group-31C0F503099D: shutdown
2019-09-25 11:00:20,331 [main] INFO  impl.StateMachineUpdater (StateMachineUpdater.java:stopAndJoin(125)) - 5f9a0e92-828f-4406-8370-fc24211be18d@group-A44DFED006C8-StateMachineUpdater: set stopIndex = 0
2019-09-25 11:00:20,331 [main] INFO  impl.RaftServerImpl (ServerState.java:close(385)) - 5f9a0e92-828f-4406-8370-fc24211be18d@group-A44DFED006C8: closes. applyIndex: 0
2019-09-25 11:00:20,331 [ForkJoinPool.commonPool-worker-1] INFO  util.JmxRegister (JmxRegister.java:unregister(73)) - Successfully un-registered JMX Bean with object name Ratis:service=RaftServer,group=group-31C0F503099D,id=b9731c9a-07e8-4827-9eb9-5f784fb447b9
2019-09-25 11:00:20,332 [5f9a0e92-828f-4406-8370-fc24211be18d@group-A44DFED006C8-SegmentedRaftLogWorker] INFO  segmented.SegmentedRaftLogWorker (SegmentedRaftLogWorker.java:run(313)) - 5f9a0e92-828f-4406-8370-fc24211be18d@group-A44DFED006C8-SegmentedRaftLogWorker was interrupted, exiting. There are 0 tasks remaining in the queue.
2019-09-25 11:00:20,332 [ForkJoinPool.commonPool-worker-1] INFO  impl.RoleInfo (RoleInfo.java:shutdownLeaderState(104)) - b9731c9a-07e8-4827-9eb9-5f784fb447b9: shutdown LeaderState
2019-09-25 11:00:20,332 [main] INFO  segmented.SegmentedRaftLogWorker (SegmentedRaftLogWorker.java:close(228)) - 5f9a0e92-828f-4406-8370-fc24211be18d@group-A44DFED006C8-SegmentedRaftLogWorker close()
2019-09-25 11:00:20,332 [ForkJoinPool.commonPool-worker-1] INFO  impl.PendingRequests (PendingRequests.java:sendNotLeaderResponses(202)) - b9731c9a-07e8-4827-9eb9-5f784fb447b9-PendingRequests: sendNotLeaderResponses
2019-09-25 11:00:20,333 [main] INFO  server.GrpcService (GrpcService.java:closeImpl(164)) - 5f9a0e92-828f-4406-8370-fc24211be18d: shutdown server with port 38144 now
2019-09-25 11:00:20,333 [ForkJoinPool.commonPool-worker-1] INFO  impl.StateMachineUpdater (StateMachineUpdater.java:stopAndJoin(125)) - b9731c9a-07e8-4827-9eb9-5f784fb447b9@group-31C0F503099D-StateMachineUpdater: set stopIndex = 0
2019-09-25 11:00:20,333 [ForkJoinPool.commonPool-worker-1] INFO  impl.RaftServerImpl (ServerState.java:close(385)) - b9731c9a-07e8-4827-9eb9-5f784fb447b9@group-31C0F503099D: closes. applyIndex: 0
2019-09-25 11:00:20,335 [main] INFO  server.GrpcService (GrpcService.java:closeImpl(172)) - 5f9a0e92-828f-4406-8370-fc24211be18d: shutdown server with port 38144 successfully
2019-09-25 11:00:20,336 [b9731c9a-07e8-4827-9eb9-5f784fb447b9@group-31C0F503099D-SegmentedRaftLogWorker] INFO  segmented.SegmentedRaftLogWorker (SegmentedRaftLogWorker.java:run(313)) - b9731c9a-07e8-4827-9eb9-5f784fb447b9@group-31C0F503099D-SegmentedRaftLogWorker was interrupted, exiting. There are 0 tasks remaining in the queue.
2019-09-25 11:00:20,336 [ForkJoinPool.commonPool-worker-1] INFO  segmented.SegmentedRaftLogWorker (SegmentedRaftLogWorker.java:close(228)) - b9731c9a-07e8-4827-9eb9-5f784fb447b9@group-31C0F503099D-SegmentedRaftLogWorker close()
2019-09-25 11:00:20,336 [ForkJoinPool.commonPool-worker-1] INFO  impl.RaftServerImpl (RaftServerImpl.java:lambda$shutdown$3(251)) - b9731c9a-07e8-4827-9eb9-5f784fb447b9@group-6438F16C250B: shutdown
2019-09-25 11:00:20,337 [ForkJoinPool.commonPool-worker-1] INFO  util.JmxRegister (JmxRegister.java:unregister(73)) - Successfully un-registered JMX Bean with object name Ratis:service=RaftServer,group=group-6438F16C250B,id=b9731c9a-07e8-4827-9eb9-5f784fb447b9
2019-09-25 11:00:20,337 [ForkJoinPool.commonPool-worker-1] INFO  impl.RoleInfo (RoleInfo.java:shutdownLeaderState(104)) - b9731c9a-07e8-4827-9eb9-5f784fb447b9: shutdown LeaderState
2019-09-25 11:00:20,337 [ForkJoinPool.commonPool-worker-1] INFO  impl.PendingRequests (PendingRequests.java:sendNotLeaderResponses(202)) - b9731c9a-07e8-4827-9eb9-5f784fb447b9-PendingRequests: sendNotLeaderResponses
2019-09-25 11:00:20,337 [ForkJoinPool.commonPool-worker-1] INFO  impl.StateMachineUpdater (StateMachineUpdater.java:stopAndJoin(125)) - b9731c9a-07e8-4827-9eb9-5f784fb447b9@group-6438F16C250B-StateMachineUpdater: set stopIndex = 0
2019-09-25 11:00:20,341 [ForkJoinPool.commonPool-worker-1] INFO  impl.RaftServerImpl (ServerState.java:close(385)) - b9731c9a-07e8-4827-9eb9-5f784fb447b9@group-6438F16C250B: closes. applyIndex: 0
2019-09-25 11:00:20,343 [b9731c9a-07e8-4827-9eb9-5f784fb447b9@group-6438F16C250B-SegmentedRaftLogWorker] INFO  segmented.SegmentedRaftLogWorker (SegmentedRaftLogWorker.java:run(313)) - b9731c9a-07e8-4827-9eb9-5f784fb447b9@group-6438F16C250B-SegmentedRaftLogWorker was interrupted, exiting. There are 0 tasks remaining in the queue.
2019-09-25 11:00:20,343 [ForkJoinPool.commonPool-worker-1] INFO  segmented.SegmentedRaftLogWorker (SegmentedRaftLogWorker.java:close(228)) - b9731c9a-07e8-4827-9eb9-5f784fb447b9@group-6438F16C250B-SegmentedRaftLogWorker close()
2019-09-25 11:00:20,344 [ForkJoinPool.commonPool-worker-1] INFO  server.GrpcService (GrpcService.java:closeImpl(164)) - b9731c9a-07e8-4827-9eb9-5f784fb447b9: shutdown server with port 46688 now
2019-09-25 11:00:20,346 [ForkJoinPool.commonPool-worker-1] INFO  server.GrpcService (GrpcService.java:closeImpl(172)) - b9731c9a-07e8-4827-9eb9-5f784fb447b9: shutdown server with port 46688 successfully
2019-09-25 11:00:20,349 [refreshUsed-/workdir/hadoop-ozone/integration-test/target/test-dir/MiniOzoneClusterImpl-cb8ecd13-95cc-47fe-8445-93be882af5d4/datanode-3/data/containers] WARN  fs.CachingGetSpaceUsed (CachingGetSpaceUsed.java:run(183)) - Thread Interrupted waiting to refresh disk information: sleep interrupted
2019-09-25 11:00:20,351 [refreshUsed-/workdir/hadoop-ozone/integration-test/target/test-dir/MiniOzoneClusterImpl-cb8ecd13-95cc-47fe-8445-93be882af5d4/datanode-2/data/containers] WARN  fs.CachingGetSpaceUsed (CachingGetSpaceUsed.java:run(183)) - Thread Interrupted waiting to refresh disk information: sleep interrupted
2019-09-25 11:00:20,363 [ForkJoinPool.commonPool-worker-1] INFO  utils.BackgroundService (BackgroundService.java:shutdown(148)) - Shutting down service BlockDeletingService
2019-09-25 11:00:20,368 [ForkJoinPool.commonPool-worker-1] INFO  statemachine.DatanodeStateMachine (DatanodeStateMachine.java:stopDaemon(395)) - Ozone container server stopped.
2019-09-25 11:00:20,371 [main] INFO  utils.BackgroundService (BackgroundService.java:shutdown(148)) - Shutting down service BlockDeletingService
2019-09-25 11:00:20,373 [ForkJoinPool.commonPool-worker-1] INFO  handler.ContextHandler (ContextHandler.java:doStop(910)) - Stopped o.e.j.w.WebAppContext@588f63c{/,null,UNAVAILABLE}{/hddsDatanode}
2019-09-25 11:00:20,376 [main] INFO  statemachine.DatanodeStateMachine (DatanodeStateMachine.java:stopDaemon(395)) - Ozone container server stopped.
2019-09-25 11:00:20,377 [ForkJoinPool.commonPool-worker-1] INFO  server.AbstractConnector (AbstractConnector.java:doStop(318)) - Stopped ServerConnector@5a6fa56e{HTTP/1.1,[http/1.1]}{0.0.0.0:0}
2019-09-25 11:00:20,378 [ForkJoinPool.commonPool-worker-1] INFO  handler.ContextHandler (ContextHandler.java:doStop(910)) - Stopped o.e.j.s.ServletContextHandler@32e54a9d{/static,jar:file:/home/user/.m2/repository/org/apache/hadoop/hadoop-hdds-container-service/0.5.0-SNAPSHOT/hadoop-hdds-container-service-0.5.0-SNAPSHOT.jar!/webapps/static,UNAVAILABLE}
2019-09-25 11:00:20,380 [ForkJoinPool.commonPool-worker-1] INFO  handler.ContextHandler (ContextHandler.java:doStop(910)) - Stopped o.e.j.s.ServletContextHandler@7100dea{/logs,file:///workdir/hadoop-ozone/integration-test/target/log,UNAVAILABLE}
2019-09-25 11:00:20,380 [main] INFO  handler.ContextHandler (ContextHandler.java:doStop(910)) - Stopped o.e.j.w.WebAppContext@715b886f{/,null,UNAVAILABLE}{/hddsDatanode}
2019-09-25 11:00:20,381 [main] INFO  server.AbstractConnector (AbstractConnector.java:doStop(318)) - Stopped ServerConnector@7fb29ca9{HTTP/1.1,[http/1.1]}{0.0.0.0:0}
2019-09-25 11:00:20,382 [main] INFO  handler.ContextHandler (ContextHandler.java:doStop(910)) - Stopped o.e.j.s.ServletContextHandler@762637be{/static,jar:file:/home/user/.m2/repository/org/apache/hadoop/hadoop-hdds-container-service/0.5.0-SNAPSHOT/hadoop-hdds-container-service-0.5.0-SNAPSHOT.jar!/webapps/static,UNAVAILABLE}
2019-09-25 11:00:20,382 [main] INFO  handler.ContextHandler (ContextHandler.java:doStop(910)) - Stopped o.e.j.s.ServletContextHandler@72f9f27c{/logs,file:///workdir/hadoop-ozone/integration-test/target/log,UNAVAILABLE}
2019-09-25 11:00:20,774 [Datanode State Machine Thread - 0] INFO  statemachine.DatanodeStateMachine (DatanodeStateMachine.java:lambda$startDaemon$0(350)) - Ozone container server started.
2019-09-25 11:00:21,297 [Datanode State Machine Thread - 0] INFO  statemachine.DatanodeStateMachine (DatanodeStateMachine.java:lambda$startDaemon$0(350)) - Ozone container server started.
2019-09-25 11:00:24,845 [EventQueue-StaleNodeForStaleNodeHandler] INFO  node.StaleNodeHandler (StaleNodeHandler.java:onMessage(58)) - Datanode 10236b5f-bff6-485e-aafa-3b26ea1d6574{ip: 192.168.30.6, host: pr-hdds-1569-5gmkr-4255264070, networkLocation: /default-rack, certSerialId: null} moved to stale state. Finalizing its pipelines [PipelineID=0da39241-51af-408b-8f45-a0c1efd1e870, PipelineID=d345ec00-de1e-40ea-9caa-474418eeb874, PipelineID=3e11c912-5dc4-4ad3-ab72-f7cdf0a4393a, PipelineID=f13a0b49-22ef-47d1-af67-0b0a90638d0b, PipelineID=9728ee4d-4f7c-4f66-9b7d-4192a5379f9c, PipelineID=955ccf5c-4beb-47e0-9108-b1848800a3b8]
2019-09-25 11:00:24,846 [EventQueue-StaleNodeForStaleNodeHandler] INFO  pipeline.SCMPipelineManager (SCMPipelineManager.java:finalizeAndDestroyPipeline(316)) - destroying pipeline:Pipeline[ Id: 0da39241-51af-408b-8f45-a0c1efd1e870, Nodes: 10236b5f-bff6-485e-aafa-3b26ea1d6574{ip: 192.168.30.6, host: pr-hdds-1569-5gmkr-4255264070, networkLocation: /default-rack, certSerialId: null}, Type:RATIS, Factor:ONE, State:OPEN]
2019-09-25 11:00:24,846 [EventQueue-StaleNodeForStaleNodeHandler] INFO  pipeline.PipelineStateManager (PipelineStateManager.java:finalizePipeline(123)) - Pipeline Pipeline[ Id: 0da39241-51af-408b-8f45-a0c1efd1e870, Nodes: 10236b5f-bff6-485e-aafa-3b26ea1d6574{ip: 192.168.30.6, host: pr-hdds-1569-5gmkr-4255264070, networkLocation: /default-rack, certSerialId: null}, Type:RATIS, Factor:ONE, State:CLOSED] moved to CLOSED state
2019-09-25 11:00:24,846 [EventQueue-StaleNodeForStaleNodeHandler] INFO  pipeline.SCMPipelineManager (SCMPipelineManager.java:finalizeAndDestroyPipeline(316)) - destroying pipeline:Pipeline[ Id: d345ec00-de1e-40ea-9caa-474418eeb874, Nodes: 10236b5f-bff6-485e-aafa-3b26ea1d6574{ip: 192.168.30.6, host: pr-hdds-1569-5gmkr-4255264070, networkLocation: /default-rack, certSerialId: null}, Type:RATIS, Factor:ONE, State:OPEN]
2019-09-25 11:00:24,846 [EventQueue-StaleNodeForStaleNodeHandler] INFO  pipeline.PipelineStateManager (PipelineStateManager.java:finalizePipeline(123)) - Pipeline Pipeline[ Id: d345ec00-de1e-40ea-9caa-474418eeb874, Nodes: 10236b5f-bff6-485e-aafa-3b26ea1d6574{ip: 192.168.30.6, host: pr-hdds-1569-5gmkr-4255264070, networkLocation: /default-rack, certSerialId: null}, Type:RATIS, Factor:ONE, State:CLOSED] moved to CLOSED state
2019-09-25 11:00:24,847 [EventQueue-StaleNodeForStaleNodeHandler] INFO  pipeline.SCMPipelineManager (SCMPipelineManager.java:finalizeAndDestroyPipeline(316)) - destroying pipeline:Pipeline[ Id: 3e11c912-5dc4-4ad3-ab72-f7cdf0a4393a, Nodes: 10236b5f-bff6-485e-aafa-3b26ea1d6574{ip: 192.168.30.6, host: pr-hdds-1569-5gmkr-4255264070, networkLocation: /default-rack, certSerialId: null}, Type:RATIS, Factor:ONE, State:OPEN]
2019-09-25 11:00:24,847 [EventQueue-StaleNodeForStaleNodeHandler] INFO  pipeline.PipelineStateManager (PipelineStateManager.java:finalizePipeline(123)) - Pipeline Pipeline[ Id: 3e11c912-5dc4-4ad3-ab72-f7cdf0a4393a, Nodes: 10236b5f-bff6-485e-aafa-3b26ea1d6574{ip: 192.168.30.6, host: pr-hdds-1569-5gmkr-4255264070, networkLocation: /default-rack, certSerialId: null}, Type:RATIS, Factor:ONE, State:CLOSED] moved to CLOSED state
2019-09-25 11:00:24,847 [EventQueue-StaleNodeForStaleNodeHandler] INFO  pipeline.SCMPipelineManager (SCMPipelineManager.java:finalizeAndDestroyPipeline(316)) - destroying pipeline:Pipeline[ Id: f13a0b49-22ef-47d1-af67-0b0a90638d0b, Nodes: 10236b5f-bff6-485e-aafa-3b26ea1d6574{ip: 192.168.30.6, host: pr-hdds-1569-5gmkr-4255264070, networkLocation: /default-rack, certSerialId: null}, Type:RATIS, Factor:ONE, State:OPEN]
2019-09-25 11:00:24,847 [EventQueue-StaleNodeForStaleNodeHandler] INFO  pipeline.PipelineStateManager (PipelineStateManager.java:finalizePipeline(123)) - Pipeline Pipeline[ Id: f13a0b49-22ef-47d1-af67-0b0a90638d0b, Nodes: 10236b5f-bff6-485e-aafa-3b26ea1d6574{ip: 192.168.30.6, host: pr-hdds-1569-5gmkr-4255264070, networkLocation: /default-rack, certSerialId: null}, Type:RATIS, Factor:ONE, State:CLOSED] moved to CLOSED state
2019-09-25 11:00:24,848 [EventQueue-StaleNodeForStaleNodeHandler] INFO  pipeline.SCMPipelineManager (SCMPipelineManager.java:finalizeAndDestroyPipeline(316)) - destroying pipeline:Pipeline[ Id: 9728ee4d-4f7c-4f66-9b7d-4192a5379f9c, Nodes: 10236b5f-bff6-485e-aafa-3b26ea1d6574{ip: 192.168.30.6, host: pr-hdds-1569-5gmkr-4255264070, networkLocation: /default-rack, certSerialId: null}, Type:RATIS, Factor:ONE, State:OPEN]
2019-09-25 11:00:24,848 [EventQueue-StaleNodeForStaleNodeHandler] INFO  pipeline.PipelineStateManager (PipelineStateManager.java:finalizePipeline(123)) - Pipeline Pipeline[ Id: 9728ee4d-4f7c-4f66-9b7d-4192a5379f9c, Nodes: 10236b5f-bff6-485e-aafa-3b26ea1d6574{ip: 192.168.30.6, host: pr-hdds-1569-5gmkr-4255264070, networkLocation: /default-rack, certSerialId: null}, Type:RATIS, Factor:ONE, State:CLOSED] moved to CLOSED state
2019-09-25 11:00:24,848 [EventQueue-StaleNodeForStaleNodeHandler] INFO  pipeline.SCMPipelineManager (SCMPipelineManager.java:finalizeAndDestroyPipeline(316)) - destroying pipeline:Pipeline[ Id: 955ccf5c-4beb-47e0-9108-b1848800a3b8, Nodes: 10236b5f-bff6-485e-aafa-3b26ea1d6574{ip: 192.168.30.6, host: pr-hdds-1569-5gmkr-4255264070, networkLocation: /default-rack, certSerialId: null}, Type:RATIS, Factor:ONE, State:OPEN]
2019-09-25 11:00:24,848 [EventQueue-StaleNodeForStaleNodeHandler] INFO  pipeline.PipelineStateManager (PipelineStateManager.java:finalizePipeline(123)) - Pipeline Pipeline[ Id: 955ccf5c-4beb-47e0-9108-b1848800a3b8, Nodes: 10236b5f-bff6-485e-aafa-3b26ea1d6574{ip: 192.168.30.6, host: pr-hdds-1569-5gmkr-4255264070, networkLocation: /default-rack, certSerialId: null}, Type:RATIS, Factor:ONE, State:CLOSED] moved to CLOSED state
2019-09-25 11:00:25,346 [EventQueue-StaleNodeForStaleNodeHandler] INFO  node.StaleNodeHandler (StaleNodeHandler.java:onMessage(58)) - Datanode e32c4ad0-ba90-43ec-bb55-c70e02bd141a{ip: 192.168.30.6, host: pr-hdds-1569-5gmkr-4255264070, networkLocation: /default-rack, certSerialId: null} moved to stale state. Finalizing its pipelines [PipelineID=0b600ffa-c055-4666-9d38-ced32a3ccacf, PipelineID=749c08d5-2174-48e4-b3da-1f6175db538b, PipelineID=ba0a1606-7735-42f9-a8ec-6bee706c674d, PipelineID=f2570b4b-1cfb-41ff-b9f6-83c9d25398c1, PipelineID=2db2d5a3-6de0-49e2-9f31-63b19af4d091, PipelineID=e3d35170-1d07-45fd-be61-4b2d1e2e3ea2]
2019-09-25 11:00:25,346 [EventQueue-StaleNodeForStaleNodeHandler] INFO  pipeline.SCMPipelineManager (SCMPipelineManager.java:finalizeAndDestroyPipeline(316)) - destroying pipeline:Pipeline[ Id: 0b600ffa-c055-4666-9d38-ced32a3ccacf, Nodes: e32c4ad0-ba90-43ec-bb55-c70e02bd141a{ip: 192.168.30.6, host: pr-hdds-1569-5gmkr-4255264070, networkLocation: /default-rack, certSerialId: null}, Type:RATIS, Factor:ONE, State:OPEN]
2019-09-25 11:00:25,347 [EventQueue-StaleNodeForStaleNodeHandler] INFO  pipeline.PipelineStateManager (PipelineStateManager.java:finalizePipeline(123)) - Pipeline Pipeline[ Id: 0b600ffa-c055-4666-9d38-ced32a3ccacf, Nodes: e32c4ad0-ba90-43ec-bb55-c70e02bd141a{ip: 192.168.30.6, host: pr-hdds-1569-5gmkr-4255264070, networkLocation: /default-rack, certSerialId: null}, Type:RATIS, Factor:ONE, State:CLOSED] moved to CLOSED state
2019-09-25 11:00:25,347 [EventQueue-StaleNodeForStaleNodeHandler] INFO  pipeline.SCMPipelineManager (SCMPipelineManager.java:finalizeAndDestroyPipeline(316)) - destroying pipeline:Pipeline[ Id: 749c08d5-2174-48e4-b3da-1f6175db538b, Nodes: e32c4ad0-ba90-43ec-bb55-c70e02bd141a{ip: 192.168.30.6, host: pr-hdds-1569-5gmkr-4255264070, networkLocation: /default-rack, certSerialId: null}, Type:RATIS, Factor:ONE, State:OPEN]
2019-09-25 11:00:25,347 [EventQueue-StaleNodeForStaleNodeHandler] INFO  pipeline.PipelineStateManager (PipelineStateManager.java:finalizePipeline(123)) - Pipeline Pipeline[ Id: 749c08d5-2174-48e4-b3da-1f6175db538b, Nodes: e32c4ad0-ba90-43ec-bb55-c70e02bd141a{ip: 192.168.30.6, host: pr-hdds-1569-5gmkr-4255264070, networkLocation: /default-rack, certSerialId: null}, Type:RATIS, Factor:ONE, State:CLOSED] moved to CLOSED state
2019-09-25 11:00:25,347 [EventQueue-StaleNodeForStaleNodeHandler] INFO  pipeline.SCMPipelineManager (SCMPipelineManager.java:finalizeAndDestroyPipeline(316)) - destroying pipeline:Pipeline[ Id: ba0a1606-7735-42f9-a8ec-6bee706c674d, Nodes: e32c4ad0-ba90-43ec-bb55-c70e02bd141a{ip: 192.168.30.6, host: pr-hdds-1569-5gmkr-4255264070, networkLocation: /default-rack, certSerialId: null}, Type:RATIS, Factor:ONE, State:OPEN]
2019-09-25 11:00:25,348 [EventQueue-StaleNodeForStaleNodeHandler] INFO  pipeline.PipelineStateManager (PipelineStateManager.java:finalizePipeline(123)) - Pipeline Pipeline[ Id: ba0a1606-7735-42f9-a8ec-6bee706c674d, Nodes: e32c4ad0-ba90-43ec-bb55-c70e02bd141a{ip: 192.168.30.6, host: pr-hdds-1569-5gmkr-4255264070, networkLocation: /default-rack, certSerialId: null}, Type:RATIS, Factor:ONE, State:CLOSED] moved to CLOSED state
2019-09-25 11:00:25,348 [EventQueue-StaleNodeForStaleNodeHandler] INFO  pipeline.SCMPipelineManager (SCMPipelineManager.java:finalizeAndDestroyPipeline(316)) - destroying pipeline:Pipeline[ Id: f2570b4b-1cfb-41ff-b9f6-83c9d25398c1, Nodes: e32c4ad0-ba90-43ec-bb55-c70e02bd141a{ip: 192.168.30.6, host: pr-hdds-1569-5gmkr-4255264070, networkLocation: /default-rack, certSerialId: null}, Type:RATIS, Factor:ONE, State:OPEN]
2019-09-25 11:00:25,348 [EventQueue-StaleNodeForStaleNodeHandler] INFO  pipeline.PipelineStateManager (PipelineStateManager.java:finalizePipeline(123)) - Pipeline Pipeline[ Id: f2570b4b-1cfb-41ff-b9f6-83c9d25398c1, Nodes: e32c4ad0-ba90-43ec-bb55-c70e02bd141a{ip: 192.168.30.6, host: pr-hdds-1569-5gmkr-4255264070, networkLocation: /default-rack, certSerialId: null}, Type:RATIS, Factor:ONE, State:CLOSED] moved to CLOSED state
2019-09-25 11:00:25,348 [EventQueue-StaleNodeForStaleNodeHandler] INFO  pipeline.SCMPipelineManager (SCMPipelineManager.java:finalizeAndDestroyPipeline(316)) - destroying pipeline:Pipeline[ Id: 2db2d5a3-6de0-49e2-9f31-63b19af4d091, Nodes: e32c4ad0-ba90-43ec-bb55-c70e02bd141a{ip: 192.168.30.6, host: pr-hdds-1569-5gmkr-4255264070, networkLocation: /default-rack, certSerialId: null}, Type:RATIS, Factor:ONE, State:OPEN]
2019-09-25 11:00:25,348 [EventQueue-StaleNodeForStaleNodeHandler] INFO  pipeline.PipelineStateManager (PipelineStateManager.java:finalizePipeline(123)) - Pipeline Pipeline[ Id: 2db2d5a3-6de0-49e2-9f31-63b19af4d091, Nodes: e32c4ad0-ba90-43ec-bb55-c70e02bd141a{ip: 192.168.30.6, host: pr-hdds-1569-5gmkr-4255264070, networkLocation: /default-rack, certSerialId: null}, Type:RATIS, Factor:ONE, State:CLOSED] moved to CLOSED state
2019-09-25 11:00:25,349 [EventQueue-StaleNodeForStaleNodeHandler] INFO  pipeline.SCMPipelineManager (SCMPipelineManager.java:finalizeAndDestroyPipeline(316)) - destroying pipeline:Pipeline[ Id: e3d35170-1d07-45fd-be61-4b2d1e2e3ea2, Nodes: e32c4ad0-ba90-43ec-bb55-c70e02bd141a{ip: 192.168.30.6, host: pr-hdds-1569-5gmkr-4255264070, networkLocation: /default-rack, certSerialId: null}, Type:RATIS, Factor:ONE, State:OPEN]
2019-09-25 11:00:25,349 [EventQueue-StaleNodeForStaleNodeHandler] INFO  pipeline.PipelineStateManager (PipelineStateManager.java:finalizePipeline(123)) - Pipeline Pipeline[ Id: e3d35170-1d07-45fd-be61-4b2d1e2e3ea2, Nodes: e32c4ad0-ba90-43ec-bb55-c70e02bd141a{ip: 192.168.30.6, host: pr-hdds-1569-5gmkr-4255264070, networkLocation: /default-rack, certSerialId: null}, Type:RATIS, Factor:ONE, State:CLOSED] moved to CLOSED state
2019-09-25 11:00:25,382 [ForkJoinPool.commonPool-worker-1] INFO  ozoneimpl.OzoneContainer (OzoneContainer.java:stop(231)) - Attempting to stop container services.
2019-09-25 11:00:25,384 [main] INFO  ozoneimpl.OzoneContainer (OzoneContainer.java:stop(231)) - Attempting to stop container services.
2019-09-25 11:00:25,384 [ForkJoinPool.commonPool-worker-1] INFO  impl.RaftServerProxy (RaftServerProxy.java:lambda$close$4(314)) - e32c4ad0-ba90-43ec-bb55-c70e02bd141a: close
2019-09-25 11:00:25,385 [main] INFO  impl.RaftServerProxy (RaftServerProxy.java:lambda$close$4(314)) - 10236b5f-bff6-485e-aafa-3b26ea1d6574: close
2019-09-25 11:00:25,385 [ForkJoinPool.commonPool-worker-1] INFO  impl.RaftServerImpl (RaftServerImpl.java:lambda$shutdown$3(251)) - e32c4ad0-ba90-43ec-bb55-c70e02bd141a@group-83C9D25398C1: shutdown
2019-09-25 11:00:25,385 [main] INFO  impl.RaftServerImpl (RaftServerImpl.java:lambda$shutdown$3(251)) - 10236b5f-bff6-485e-aafa-3b26ea1d6574@group-474418EEB874: shutdown
2019-09-25 11:00:25,386 [ForkJoinPool.commonPool-worker-1] INFO  util.JmxRegister (JmxRegister.java:unregister(73)) - Successfully un-registered JMX Bean with object name Ratis:service=RaftServer,group=group-83C9D25398C1,id=e32c4ad0-ba90-43ec-bb55-c70e02bd141a
2019-09-25 11:00:25,386 [main] INFO  util.JmxRegister (JmxRegister.java:unregister(73)) - Successfully un-registered JMX Bean with object name Ratis:service=RaftServer,group=group-474418EEB874,id=10236b5f-bff6-485e-aafa-3b26ea1d6574
2019-09-25 11:00:25,386 [ForkJoinPool.commonPool-worker-1] INFO  impl.RoleInfo (RoleInfo.java:shutdownLeaderState(104)) - e32c4ad0-ba90-43ec-bb55-c70e02bd141a: shutdown LeaderState
2019-09-25 11:00:25,387 [main] INFO  impl.RoleInfo (RoleInfo.java:shutdownLeaderState(104)) - 10236b5f-bff6-485e-aafa-3b26ea1d6574: shutdown LeaderState
2019-09-25 11:00:25,387 [ForkJoinPool.commonPool-worker-1] INFO  impl.PendingRequests (PendingRequests.java:sendNotLeaderResponses(202)) - e32c4ad0-ba90-43ec-bb55-c70e02bd141a-PendingRequests: sendNotLeaderResponses
2019-09-25 11:00:25,388 [main] INFO  impl.PendingRequests (PendingRequests.java:sendNotLeaderResponses(202)) - 10236b5f-bff6-485e-aafa-3b26ea1d6574-PendingRequests: sendNotLeaderResponses
2019-09-25 11:00:25,388 [ForkJoinPool.commonPool-worker-1] INFO  impl.StateMachineUpdater (StateMachineUpdater.java:stopAndJoin(125)) - e32c4ad0-ba90-43ec-bb55-c70e02bd141a@group-83C9D25398C1-StateMachineUpdater: set stopIndex = 0
2019-09-25 11:00:25,389 [main] INFO  impl.StateMachineUpdater (StateMachineUpdater.java:stopAndJoin(125)) - 10236b5f-bff6-485e-aafa-3b26ea1d6574@group-474418EEB874-StateMachineUpdater: set stopIndex = 0
2019-09-25 11:00:25,389 [main] INFO  impl.RaftServerImpl (ServerState.java:close(385)) - 10236b5f-bff6-485e-aafa-3b26ea1d6574@group-474418EEB874: closes. applyIndex: 0
2019-09-25 11:00:25,389 [ForkJoinPool.commonPool-worker-1] INFO  impl.RaftServerImpl (ServerState.java:close(385)) - e32c4ad0-ba90-43ec-bb55-c70e02bd141a@group-83C9D25398C1: closes. applyIndex: 0
2019-09-25 11:00:25,390 [10236b5f-bff6-485e-aafa-3b26ea1d6574@group-474418EEB874-SegmentedRaftLogWorker] INFO  segmented.SegmentedRaftLogWorker (SegmentedRaftLogWorker.java:run(313)) - 10236b5f-bff6-485e-aafa-3b26ea1d6574@group-474418EEB874-SegmentedRaftLogWorker was interrupted, exiting. There are 0 tasks remaining in the queue.
2019-09-25 11:00:25,390 [e32c4ad0-ba90-43ec-bb55-c70e02bd141a@group-83C9D25398C1-SegmentedRaftLogWorker] INFO  segmented.SegmentedRaftLogWorker (SegmentedRaftLogWorker.java:run(313)) - e32c4ad0-ba90-43ec-bb55-c70e02bd141a@group-83C9D25398C1-SegmentedRaftLogWorker was interrupted, exiting. There are 0 tasks remaining in the queue.
2019-09-25 11:00:25,391 [main] INFO  segmented.SegmentedRaftLogWorker (SegmentedRaftLogWorker.java:close(228)) - 10236b5f-bff6-485e-aafa-3b26ea1d6574@group-474418EEB874-SegmentedRaftLogWorker close()
2019-09-25 11:00:25,391 [ForkJoinPool.commonPool-worker-1] INFO  segmented.SegmentedRaftLogWorker (SegmentedRaftLogWorker.java:close(228)) - e32c4ad0-ba90-43ec-bb55-c70e02bd141a@group-83C9D25398C1-SegmentedRaftLogWorker close()
2019-09-25 11:00:25,391 [main] INFO  impl.RaftServerImpl (RaftServerImpl.java:lambda$shutdown$3(251)) - 10236b5f-bff6-485e-aafa-3b26ea1d6574@group-F7CDF0A4393A: shutdown
2019-09-25 11:00:25,391 [ForkJoinPool.commonPool-worker-1] INFO  impl.RaftServerImpl (RaftServerImpl.java:lambda$shutdown$3(251)) - e32c4ad0-ba90-43ec-bb55-c70e02bd141a@group-63B19AF4D091: shutdown
2019-09-25 11:00:25,392 [main] INFO  util.JmxRegister (JmxRegister.java:unregister(73)) - Successfully un-registered JMX Bean with object name Ratis:service=RaftServer,group=group-F7CDF0A4393A,id=10236b5f-bff6-485e-aafa-3b26ea1d6574
2019-09-25 11:00:25,392 [ForkJoinPool.commonPool-worker-1] INFO  util.JmxRegister (JmxRegister.java:unregister(73)) - Successfully un-registered JMX Bean with object name Ratis:service=RaftServer,group=group-63B19AF4D091,id=e32c4ad0-ba90-43ec-bb55-c70e02bd141a
2019-09-25 11:00:25,392 [main] INFO  impl.RoleInfo (RoleInfo.java:shutdownLeaderState(104)) - 10236b5f-bff6-485e-aafa-3b26ea1d6574: shutdown LeaderState
2019-09-25 11:00:25,392 [ForkJoinPool.commonPool-worker-1] INFO  impl.RoleInfo (RoleInfo.java:shutdownLeaderState(104)) - e32c4ad0-ba90-43ec-bb55-c70e02bd141a: shutdown LeaderState
2019-09-25 11:00:25,393 [main] INFO  impl.PendingRequests (PendingRequests.java:sendNotLeaderResponses(202)) - 10236b5f-bff6-485e-aafa-3b26ea1d6574-PendingRequests: sendNotLeaderResponses
2019-09-25 11:00:25,393 [ForkJoinPool.commonPool-worker-1] INFO  impl.PendingRequests (PendingRequests.java:sendNotLeaderResponses(202)) - e32c4ad0-ba90-43ec-bb55-c70e02bd141a-PendingRequests: sendNotLeaderResponses
2019-09-25 11:00:25,393 [main] INFO  impl.StateMachineUpdater (StateMachineUpdater.java:stopAndJoin(125)) - 10236b5f-bff6-485e-aafa-3b26ea1d6574@group-F7CDF0A4393A-StateMachineUpdater: set stopIndex = 0
2019-09-25 11:00:25,394 [ForkJoinPool.commonPool-worker-1] INFO  impl.StateMachineUpdater (StateMachineUpdater.java:stopAndJoin(125)) - e32c4ad0-ba90-43ec-bb55-c70e02bd141a@group-63B19AF4D091-StateMachineUpdater: set stopIndex = 0
2019-09-25 11:00:25,394 [main] INFO  impl.RaftServerImpl (ServerState.java:close(385)) - 10236b5f-bff6-485e-aafa-3b26ea1d6574@group-F7CDF0A4393A: closes. applyIndex: 0
2019-09-25 11:00:25,394 [ForkJoinPool.commonPool-worker-1] INFO  impl.RaftServerImpl (ServerState.java:close(385)) - e32c4ad0-ba90-43ec-bb55-c70e02bd141a@group-63B19AF4D091: closes. applyIndex: 0
2019-09-25 11:00:25,395 [10236b5f-bff6-485e-aafa-3b26ea1d6574@group-F7CDF0A4393A-SegmentedRaftLogWorker] INFO  segmented.SegmentedRaftLogWorker (SegmentedRaftLogWorker.java:run(313)) - 10236b5f-bff6-485e-aafa-3b26ea1d6574@group-F7CDF0A4393A-SegmentedRaftLogWorker was interrupted, exiting. There are 0 tasks remaining in the queue.
2019-09-25 11:00:25,395 [e32c4ad0-ba90-43ec-bb55-c70e02bd141a@group-63B19AF4D091-SegmentedRaftLogWorker] INFO  segmented.SegmentedRaftLogWorker (SegmentedRaftLogWorker.java:run(313)) - e32c4ad0-ba90-43ec-bb55-c70e02bd141a@group-63B19AF4D091-SegmentedRaftLogWorker was interrupted, exiting. There are 0 tasks remaining in the queue.
2019-09-25 11:00:25,395 [ForkJoinPool.commonPool-worker-1] INFO  segmented.SegmentedRaftLogWorker (SegmentedRaftLogWorker.java:close(228)) - e32c4ad0-ba90-43ec-bb55-c70e02bd141a@group-63B19AF4D091-SegmentedRaftLogWorker close()
2019-09-25 11:00:25,395 [main] INFO  segmented.SegmentedRaftLogWorker (SegmentedRaftLogWorker.java:close(228)) - 10236b5f-bff6-485e-aafa-3b26ea1d6574@group-F7CDF0A4393A-SegmentedRaftLogWorker close()
2019-09-25 11:00:25,395 [ForkJoinPool.commonPool-worker-1] INFO  impl.RaftServerImpl (RaftServerImpl.java:lambda$shutdown$3(251)) - e32c4ad0-ba90-43ec-bb55-c70e02bd141a@group-CED32A3CCACF: shutdown
2019-09-25 11:00:25,396 [main] INFO  impl.RaftServerImpl (RaftServerImpl.java:lambda$shutdown$3(251)) - 10236b5f-bff6-485e-aafa-3b26ea1d6574@group-A0C1EFD1E870: shutdown
2019-09-25 11:00:25,396 [ForkJoinPool.commonPool-worker-1] INFO  util.JmxRegister (JmxRegister.java:unregister(73)) - Successfully un-registered JMX Bean with object name Ratis:service=RaftServer,group=group-CED32A3CCACF,id=e32c4ad0-ba90-43ec-bb55-c70e02bd141a
2019-09-25 11:00:25,396 [main] INFO  util.JmxRegister (JmxRegister.java:unregister(73)) - Successfully un-registered JMX Bean with object name Ratis:service=RaftServer,group=group-A0C1EFD1E870,id=10236b5f-bff6-485e-aafa-3b26ea1d6574
2019-09-25 11:00:25,397 [main] INFO  impl.RoleInfo (RoleInfo.java:shutdownLeaderState(104)) - 10236b5f-bff6-485e-aafa-3b26ea1d6574: shutdown LeaderState
2019-09-25 11:00:25,396 [ForkJoinPool.commonPool-worker-1] INFO  impl.RoleInfo (RoleInfo.java:shutdownLeaderState(104)) - e32c4ad0-ba90-43ec-bb55-c70e02bd141a: shutdown LeaderState
2019-09-25 11:00:25,397 [main] INFO  impl.PendingRequests (PendingRequests.java:sendNotLeaderResponses(202)) - 10236b5f-bff6-485e-aafa-3b26ea1d6574-PendingRequests: sendNotLeaderResponses
2019-09-25 11:00:25,398 [ForkJoinPool.commonPool-worker-1] INFO  impl.PendingRequests (PendingRequests.java:sendNotLeaderResponses(202)) - e32c4ad0-ba90-43ec-bb55-c70e02bd141a-PendingRequests: sendNotLeaderResponses
2019-09-25 11:00:25,398 [main] INFO  impl.StateMachineUpdater (StateMachineUpdater.java:stopAndJoin(125)) - 10236b5f-bff6-485e-aafa-3b26ea1d6574@group-A0C1EFD1E870-StateMachineUpdater: set stopIndex = 0
2019-09-25 11:00:25,398 [ForkJoinPool.commonPool-worker-1] INFO  impl.StateMachineUpdater (StateMachineUpdater.java:stopAndJoin(125)) - e32c4ad0-ba90-43ec-bb55-c70e02bd141a@group-CED32A3CCACF-StateMachineUpdater: set stopIndex = 0
2019-09-25 11:00:25,399 [main] INFO  impl.RaftServerImpl (ServerState.java:close(385)) - 10236b5f-bff6-485e-aafa-3b26ea1d6574@group-A0C1EFD1E870: closes. applyIndex: 0
2019-09-25 11:00:25,399 [ForkJoinPool.commonPool-worker-1] INFO  impl.RaftServerImpl (ServerState.java:close(385)) - e32c4ad0-ba90-43ec-bb55-c70e02bd141a@group-CED32A3CCACF: closes. applyIndex: 0
2019-09-25 11:00:25,399 [10236b5f-bff6-485e-aafa-3b26ea1d6574@group-A0C1EFD1E870-SegmentedRaftLogWorker] INFO  segmented.SegmentedRaftLogWorker (SegmentedRaftLogWorker.java:run(313)) - 10236b5f-bff6-485e-aafa-3b26ea1d6574@group-A0C1EFD1E870-SegmentedRaftLogWorker was interrupted, exiting. There are 0 tasks remaining in the queue.
2019-09-25 11:00:25,400 [e32c4ad0-ba90-43ec-bb55-c70e02bd141a@group-CED32A3CCACF-SegmentedRaftLogWorker] INFO  segmented.SegmentedRaftLogWorker (SegmentedRaftLogWorker.java:run(313)) - e32c4ad0-ba90-43ec-bb55-c70e02bd141a@group-CED32A3CCACF-SegmentedRaftLogWorker was interrupted, exiting. There are 0 tasks remaining in the queue.
2019-09-25 11:00:25,400 [main] INFO  segmented.SegmentedRaftLogWorker (SegmentedRaftLogWorker.java:close(228)) - 10236b5f-bff6-485e-aafa-3b26ea1d6574@group-A0C1EFD1E870-SegmentedRaftLogWorker close()
2019-09-25 11:00:25,400 [ForkJoinPool.commonPool-worker-1] INFO  segmented.SegmentedRaftLogWorker (SegmentedRaftLogWorker.java:close(228)) - e32c4ad0-ba90-43ec-bb55-c70e02bd141a@group-CED32A3CCACF-SegmentedRaftLogWorker close()
2019-09-25 11:00:25,400 [main] INFO  impl.RaftServerImpl (RaftServerImpl.java:lambda$shutdown$3(251)) - 10236b5f-bff6-485e-aafa-3b26ea1d6574@group-0B0A90638D0B: shutdown
2019-09-25 11:00:25,401 [ForkJoinPool.commonPool-worker-1] INFO  impl.RaftServerImpl (RaftServerImpl.java:lambda$shutdown$3(251)) - e32c4ad0-ba90-43ec-bb55-c70e02bd141a@group-1F6175DB538B: shutdown
2019-09-25 11:00:25,401 [main] INFO  util.JmxRegister (JmxRegister.java:unregister(73)) - Successfully un-registered JMX Bean with object name Ratis:service=RaftServer,group=group-0B0A90638D0B,id=10236b5f-bff6-485e-aafa-3b26ea1d6574
2019-09-25 11:00:25,401 [ForkJoinPool.commonPool-worker-1] INFO  util.JmxRegister (JmxRegister.java:unregister(73)) - Successfully un-registered JMX Bean with object name Ratis:service=RaftServer,group=group-1F6175DB538B,id=e32c4ad0-ba90-43ec-bb55-c70e02bd141a
2019-09-25 11:00:25,401 [main] INFO  impl.RoleInfo (RoleInfo.java:shutdownLeaderState(104)) - 10236b5f-bff6-485e-aafa-3b26ea1d6574: shutdown LeaderState
2019-09-25 11:00:25,402 [ForkJoinPool.commonPool-worker-1] INFO  impl.RoleInfo (RoleInfo.java:shutdownLeaderState(104)) - e32c4ad0-ba90-43ec-bb55-c70e02bd141a: shutdown LeaderState
2019-09-25 11:00:25,402 [main] INFO  impl.PendingRequests (PendingRequests.java:sendNotLeaderResponses(202)) - 10236b5f-bff6-485e-aafa-3b26ea1d6574-PendingRequests: sendNotLeaderResponses
2019-09-25 11:00:25,402 [ForkJoinPool.commonPool-worker-1] INFO  impl.PendingRequests (PendingRequests.java:sendNotLeaderResponses(202)) - e32c4ad0-ba90-43ec-bb55-c70e02bd141a-PendingRequests: sendNotLeaderResponses
2019-09-25 11:00:25,403 [main] INFO  impl.StateMachineUpdater (StateMachineUpdater.java:stopAndJoin(125)) - 10236b5f-bff6-485e-aafa-3b26ea1d6574@group-0B0A90638D0B-StateMachineUpdater: set stopIndex = 0
2019-09-25 11:00:25,403 [ForkJoinPool.commonPool-worker-1] INFO  impl.StateMachineUpdater (StateMachineUpdater.java:stopAndJoin(125)) - e32c4ad0-ba90-43ec-bb55-c70e02bd141a@group-1F6175DB538B-StateMachineUpdater: set stopIndex = 0
2019-09-25 11:00:25,403 [main] INFO  impl.RaftServerImpl (ServerState.java:close(385)) - 10236b5f-bff6-485e-aafa-3b26ea1d6574@group-0B0A90638D0B: closes. applyIndex: 0
2019-09-25 11:00:25,404 [ForkJoinPool.commonPool-worker-1] INFO  impl.RaftServerImpl (ServerState.java:close(385)) - e32c4ad0-ba90-43ec-bb55-c70e02bd141a@group-1F6175DB538B: closes. applyIndex: 0
2019-09-25 11:00:25,404 [10236b5f-bff6-485e-aafa-3b26ea1d6574@group-0B0A90638D0B-SegmentedRaftLogWorker] INFO  segmented.SegmentedRaftLogWorker (SegmentedRaftLogWorker.java:run(313)) - 10236b5f-bff6-485e-aafa-3b26ea1d6574@group-0B0A90638D0B-SegmentedRaftLogWorker was interrupted, exiting. There are 0 tasks remaining in the queue.
2019-09-25 11:00:25,406 [e32c4ad0-ba90-43ec-bb55-c70e02bd141a@group-1F6175DB538B-SegmentedRaftLogWorker] INFO  segmented.SegmentedRaftLogWorker (SegmentedRaftLogWorker.java:run(313)) - e32c4ad0-ba90-43ec-bb55-c70e02bd141a@group-1F6175DB538B-SegmentedRaftLogWorker was interrupted, exiting. There are 0 tasks remaining in the queue.
2019-09-25 11:00:25,406 [main] INFO  segmented.SegmentedRaftLogWorker (SegmentedRaftLogWorker.java:close(228)) - 10236b5f-bff6-485e-aafa-3b26ea1d6574@group-0B0A90638D0B-SegmentedRaftLogWorker close()
2019-09-25 11:00:25,407 [ForkJoinPool.commonPool-worker-1] INFO  segmented.SegmentedRaftLogWorker (SegmentedRaftLogWorker.java:close(228)) - e32c4ad0-ba90-43ec-bb55-c70e02bd141a@group-1F6175DB538B-SegmentedRaftLogWorker close()
2019-09-25 11:00:25,407 [main] INFO  impl.RaftServerImpl (RaftServerImpl.java:lambda$shutdown$3(251)) - 10236b5f-bff6-485e-aafa-3b26ea1d6574@group-4192A5379F9C: shutdown
2019-09-25 11:00:25,407 [ForkJoinPool.commonPool-worker-1] INFO  impl.RaftServerImpl (RaftServerImpl.java:lambda$shutdown$3(251)) - e32c4ad0-ba90-43ec-bb55-c70e02bd141a@group-6BEE706C674D: shutdown
2019-09-25 11:00:25,407 [main] INFO  util.JmxRegister (JmxRegister.java:unregister(73)) - Successfully un-registered JMX Bean with object name Ratis:service=RaftServer,group=group-4192A5379F9C,id=10236b5f-bff6-485e-aafa-3b26ea1d6574
2019-09-25 11:00:25,408 [ForkJoinPool.commonPool-worker-1] INFO  util.JmxRegister (JmxRegister.java:unregister(73)) - Successfully un-registered JMX Bean with object name Ratis:service=RaftServer,group=group-6BEE706C674D,id=e32c4ad0-ba90-43ec-bb55-c70e02bd141a
2019-09-25 11:00:25,408 [main] INFO  impl.RoleInfo (RoleInfo.java:shutdownLeaderState(104)) - 10236b5f-bff6-485e-aafa-3b26ea1d6574: shutdown LeaderState
2019-09-25 11:00:25,408 [ForkJoinPool.commonPool-worker-1] INFO  impl.RoleInfo (RoleInfo.java:shutdownLeaderState(104)) - e32c4ad0-ba90-43ec-bb55-c70e02bd141a: shutdown LeaderState
2019-09-25 11:00:25,409 [main] INFO  impl.PendingRequests (PendingRequests.java:sendNotLeaderResponses(202)) - 10236b5f-bff6-485e-aafa-3b26ea1d6574-PendingRequests: sendNotLeaderResponses
2019-09-25 11:00:25,409 [ForkJoinPool.commonPool-worker-1] INFO  impl.PendingRequests (PendingRequests.java:sendNotLeaderResponses(202)) - e32c4ad0-ba90-43ec-bb55-c70e02bd141a-PendingRequests: sendNotLeaderResponses
2019-09-25 11:00:25,409 [main] INFO  impl.StateMachineUpdater (StateMachineUpdater.java:stopAndJoin(125)) - 10236b5f-bff6-485e-aafa-3b26ea1d6574@group-4192A5379F9C-StateMachineUpdater: set stopIndex = 0
2019-09-25 11:00:25,410 [ForkJoinPool.commonPool-worker-1] INFO  impl.StateMachineUpdater (StateMachineUpdater.java:stopAndJoin(125)) - e32c4ad0-ba90-43ec-bb55-c70e02bd141a@group-6BEE706C674D-StateMachineUpdater: set stopIndex = 0
2019-09-25 11:00:25,410 [main] INFO  impl.RaftServerImpl (ServerState.java:close(385)) - 10236b5f-bff6-485e-aafa-3b26ea1d6574@group-4192A5379F9C: closes. applyIndex: 0
2019-09-25 11:00:25,410 [ForkJoinPool.commonPool-worker-1] INFO  impl.RaftServerImpl (ServerState.java:close(385)) - e32c4ad0-ba90-43ec-bb55-c70e02bd141a@group-6BEE706C674D: closes. applyIndex: 0
2019-09-25 11:00:25,411 [10236b5f-bff6-485e-aafa-3b26ea1d6574@group-4192A5379F9C-SegmentedRaftLogWorker] INFO  segmented.SegmentedRaftLogWorker (SegmentedRaftLogWorker.java:run(313)) - 10236b5f-bff6-485e-aafa-3b26ea1d6574@group-4192A5379F9C-SegmentedRaftLogWorker was interrupted, exiting. There are 0 tasks remaining in the queue.
2019-09-25 11:00:25,411 [e32c4ad0-ba90-43ec-bb55-c70e02bd141a@group-6BEE706C674D-SegmentedRaftLogWorker] INFO  segmented.SegmentedRaftLogWorker (SegmentedRaftLogWorker.java:run(313)) - e32c4ad0-ba90-43ec-bb55-c70e02bd141a@group-6BEE706C674D-SegmentedRaftLogWorker was interrupted, exiting. There are 0 tasks remaining in the queue.
2019-09-25 11:00:25,411 [main] INFO  segmented.SegmentedRaftLogWorker (SegmentedRaftLogWorker.java:close(228)) - 10236b5f-bff6-485e-aafa-3b26ea1d6574@group-4192A5379F9C-SegmentedRaftLogWorker close()
2019-09-25 11:00:25,411 [ForkJoinPool.commonPool-worker-1] INFO  segmented.SegmentedRaftLogWorker (SegmentedRaftLogWorker.java:close(228)) - e32c4ad0-ba90-43ec-bb55-c70e02bd141a@group-6BEE706C674D-SegmentedRaftLogWorker close()
2019-09-25 11:00:25,411 [main] INFO  impl.RaftServerImpl (RaftServerImpl.java:lambda$shutdown$3(251)) - 10236b5f-bff6-485e-aafa-3b26ea1d6574@group-B1848800A3B8: shutdown
2019-09-25 11:00:25,412 [ForkJoinPool.commonPool-worker-1] INFO  impl.RaftServerImpl (RaftServerImpl.java:lambda$shutdown$3(251)) - e32c4ad0-ba90-43ec-bb55-c70e02bd141a@group-4B2D1E2E3EA2: shutdown
2019-09-25 11:00:25,412 [main] INFO  util.JmxRegister (JmxRegister.java:unregister(73)) - Successfully un-registered JMX Bean with object name Ratis:service=RaftServer,group=group-B1848800A3B8,id=10236b5f-bff6-485e-aafa-3b26ea1d6574
2019-09-25 11:00:25,412 [ForkJoinPool.commonPool-worker-1] INFO  util.JmxRegister (JmxRegister.java:unregister(73)) - Successfully un-registered JMX Bean with object name Ratis:service=RaftServer,group=group-4B2D1E2E3EA2,id=e32c4ad0-ba90-43ec-bb55-c70e02bd141a
2019-09-25 11:00:25,413 [main] INFO  impl.RoleInfo (RoleInfo.java:shutdownLeaderState(104)) - 10236b5f-bff6-485e-aafa-3b26ea1d6574: shutdown LeaderState
2019-09-25 11:00:25,413 [ForkJoinPool.commonPool-worker-1] INFO  impl.RoleInfo (RoleInfo.java:shutdownLeaderState(104)) - e32c4ad0-ba90-43ec-bb55-c70e02bd141a: shutdown LeaderState
2019-09-25 11:00:25,413 [main] INFO  impl.PendingRequests (PendingRequests.java:sendNotLeaderResponses(202)) - 10236b5f-bff6-485e-aafa-3b26ea1d6574-PendingRequests: sendNotLeaderResponses
2019-09-25 11:00:25,413 [ForkJoinPool.commonPool-worker-1] INFO  impl.PendingRequests (PendingRequests.java:sendNotLeaderResponses(202)) - e32c4ad0-ba90-43ec-bb55-c70e02bd141a-PendingRequests: sendNotLeaderResponses
2019-09-25 11:00:25,414 [main] INFO  impl.StateMachineUpdater (StateMachineUpdater.java:stopAndJoin(125)) - 10236b5f-bff6-485e-aafa-3b26ea1d6574@group-B1848800A3B8-StateMachineUpdater: set stopIndex = 0
2019-09-25 11:00:25,414 [main] INFO  impl.RaftServerImpl (ServerState.java:close(385)) - 10236b5f-bff6-485e-aafa-3b26ea1d6574@group-B1848800A3B8: closes. applyIndex: 0
2019-09-25 11:00:25,414 [ForkJoinPool.commonPool-worker-1] INFO  impl.StateMachineUpdater (StateMachineUpdater.java:stopAndJoin(125)) - e32c4ad0-ba90-43ec-bb55-c70e02bd141a@group-4B2D1E2E3EA2-StateMachineUpdater: set stopIndex = 0
2019-09-25 11:00:25,415 [10236b5f-bff6-485e-aafa-3b26ea1d6574@group-B1848800A3B8-SegmentedRaftLogWorker] INFO  segmented.SegmentedRaftLogWorker (SegmentedRaftLogWorker.java:run(313)) - 10236b5f-bff6-485e-aafa-3b26ea1d6574@group-B1848800A3B8-SegmentedRaftLogWorker was interrupted, exiting. There are 0 tasks remaining in the queue.
2019-09-25 11:00:25,415 [ForkJoinPool.commonPool-worker-1] INFO  impl.RaftServerImpl (ServerState.java:close(385)) - e32c4ad0-ba90-43ec-bb55-c70e02bd141a@group-4B2D1E2E3EA2: closes. applyIndex: 0
2019-09-25 11:00:25,415 [main] INFO  segmented.SegmentedRaftLogWorker (SegmentedRaftLogWorker.java:close(228)) - 10236b5f-bff6-485e-aafa-3b26ea1d6574@group-B1848800A3B8-SegmentedRaftLogWorker close()
2019-09-25 11:00:25,415 [e32c4ad0-ba90-43ec-bb55-c70e02bd141a@group-4B2D1E2E3EA2-SegmentedRaftLogWorker] INFO  segmented.SegmentedRaftLogWorker (SegmentedRaftLogWorker.java:run(313)) - e32c4ad0-ba90-43ec-bb55-c70e02bd141a@group-4B2D1E2E3EA2-SegmentedRaftLogWorker was interrupted, exiting. There are 0 tasks remaining in the queue.
2019-09-25 11:00:25,416 [main] INFO  server.GrpcService (GrpcService.java:closeImpl(164)) - 10236b5f-bff6-485e-aafa-3b26ea1d6574: shutdown server with port 44690 now
2019-09-25 11:00:25,416 [ForkJoinPool.commonPool-worker-1] INFO  segmented.SegmentedRaftLogWorker (SegmentedRaftLogWorker.java:close(228)) - e32c4ad0-ba90-43ec-bb55-c70e02bd141a@group-4B2D1E2E3EA2-SegmentedRaftLogWorker close()
2019-09-25 11:00:25,418 [main] INFO  server.GrpcService (GrpcService.java:closeImpl(172)) - 10236b5f-bff6-485e-aafa-3b26ea1d6574: shutdown server with port 44690 successfully
2019-09-25 11:00:25,418 [ForkJoinPool.commonPool-worker-1] INFO  server.GrpcService (GrpcService.java:closeImpl(164)) - e32c4ad0-ba90-43ec-bb55-c70e02bd141a: shutdown server with port 43545 now
2019-09-25 11:00:25,420 [ForkJoinPool.commonPool-worker-1] INFO  server.GrpcService (GrpcService.java:closeImpl(172)) - e32c4ad0-ba90-43ec-bb55-c70e02bd141a: shutdown server with port 43545 successfully
2019-09-25 11:00:25,422 [refreshUsed-/workdir/hadoop-ozone/integration-test/target/test-dir/MiniOzoneClusterImpl-cb8ecd13-95cc-47fe-8445-93be882af5d4/datanode-0/data/containers] WARN  fs.CachingGetSpaceUsed (CachingGetSpaceUsed.java:run(183)) - Thread Interrupted waiting to refresh disk information: sleep interrupted
2019-09-25 11:00:25,422 [refreshUsed-/workdir/hadoop-ozone/integration-test/target/test-dir/MiniOzoneClusterImpl-cb8ecd13-95cc-47fe-8445-93be882af5d4/datanode-6/data/containers] WARN  fs.CachingGetSpaceUsed (CachingGetSpaceUsed.java:run(183)) - Thread Interrupted waiting to refresh disk information: sleep interrupted
2019-09-25 11:00:25,440 [main] INFO  utils.BackgroundService (BackgroundService.java:shutdown(148)) - Shutting down service BlockDeletingService
2019-09-25 11:00:25,443 [main] INFO  statemachine.DatanodeStateMachine (DatanodeStateMachine.java:stopDaemon(395)) - Ozone container server stopped.
2019-09-25 11:00:25,444 [main] INFO  handler.ContextHandler (ContextHandler.java:doStop(910)) - Stopped o.e.j.w.WebAppContext@648d0e6d{/,null,UNAVAILABLE}{/hddsDatanode}
2019-09-25 11:00:25,445 [main] INFO  server.AbstractConnector (AbstractConnector.java:doStop(318)) - Stopped ServerConnector@79e66b2f{HTTP/1.1,[http/1.1]}{0.0.0.0:0}
2019-09-25 11:00:25,445 [ForkJoinPool.commonPool-worker-1] INFO  utils.BackgroundService (BackgroundService.java:shutdown(148)) - Shutting down service BlockDeletingService
2019-09-25 11:00:25,445 [main] INFO  handler.ContextHandler (ContextHandler.java:doStop(910)) - Stopped o.e.j.s.ServletContextHandler@4437ac07{/static,jar:file:/home/user/.m2/repository/org/apache/hadoop/hadoop-hdds-container-service/0.5.0-SNAPSHOT/hadoop-hdds-container-service-0.5.0-SNAPSHOT.jar!/webapps/static,UNAVAILABLE}
2019-09-25 11:00:25,447 [main] INFO  handler.ContextHandler (ContextHandler.java:doStop(910)) - Stopped o.e.j.s.ServletContextHandler@66b59b7d{/logs,file:///workdir/hadoop-ozone/integration-test/target/log,UNAVAILABLE}
2019-09-25 11:00:25,448 [ForkJoinPool.commonPool-worker-1] INFO  statemachine.DatanodeStateMachine (DatanodeStateMachine.java:stopDaemon(395)) - Ozone container server stopped.
2019-09-25 11:00:25,452 [ForkJoinPool.commonPool-worker-1] INFO  handler.ContextHandler (ContextHandler.java:doStop(910)) - Stopped o.e.j.w.WebAppContext@5df778c3{/,null,UNAVAILABLE}{/hddsDatanode}
2019-09-25 11:00:25,453 [ForkJoinPool.commonPool-worker-1] INFO  server.AbstractConnector (AbstractConnector.java:doStop(318)) - Stopped ServerConnector@895416d{HTTP/1.1,[http/1.1]}{0.0.0.0:0}
2019-09-25 11:00:25,454 [ForkJoinPool.commonPool-worker-1] INFO  handler.ContextHandler (ContextHandler.java:doStop(910)) - Stopped o.e.j.s.ServletContextHandler@6403e24c{/static,jar:file:/home/user/.m2/repository/org/apache/hadoop/hadoop-hdds-container-service/0.5.0-SNAPSHOT/hadoop-hdds-container-service-0.5.0-SNAPSHOT.jar!/webapps/static,UNAVAILABLE}
2019-09-25 11:00:25,455 [ForkJoinPool.commonPool-worker-1] INFO  handler.ContextHandler (ContextHandler.java:doStop(910)) - Stopped o.e.j.s.ServletContextHandler@43045f9f{/logs,file:///workdir/hadoop-ozone/integration-test/target/log,UNAVAILABLE}
2019-09-25 11:00:25,716 [Datanode State Machine Thread - 0] INFO  statemachine.DatanodeStateMachine (DatanodeStateMachine.java:lambda$startDaemon$0(350)) - Ozone container server started.
2019-09-25 11:00:29,754 [EventQueue-StaleNodeForStaleNodeHandler] INFO  node.StaleNodeHandler (StaleNodeHandler.java:onMessage(58)) - Datanode 87c8d9bf-e5fd-4c93-82d7-07f29d18cd92{ip: 192.168.30.6, host: pr-hdds-1569-5gmkr-4255264070, networkLocation: /default-rack, certSerialId: null} moved to stale state. Finalizing its pipelines [PipelineID=815eb512-737d-488f-b667-fd7ce6300704, PipelineID=07de0e42-1c78-457c-bbfb-a1b4858c075a, PipelineID=e9635449-e46b-4dad-b77a-56f61432cdaa, PipelineID=c461b102-c7c0-4585-8ba9-af68702b1ec0, PipelineID=f89dfd84-2a38-4b45-9519-77526f9e3ecc, PipelineID=e943803c-96bf-4789-8136-be09a61acaf1]
2019-09-25 11:00:29,755 [EventQueue-StaleNodeForStaleNodeHandler] INFO  pipeline.SCMPipelineManager (SCMPipelineManager.java:finalizeAndDestroyPipeline(316)) - destroying pipeline:Pipeline[ Id: 815eb512-737d-488f-b667-fd7ce6300704, Nodes: 87c8d9bf-e5fd-4c93-82d7-07f29d18cd92{ip: 192.168.30.6, host: pr-hdds-1569-5gmkr-4255264070, networkLocation: /default-rack, certSerialId: null}, Type:RATIS, Factor:ONE, State:OPEN]
2019-09-25 11:00:29,755 [EventQueue-StaleNodeForStaleNodeHandler] INFO  pipeline.PipelineStateManager (PipelineStateManager.java:finalizePipeline(123)) - Pipeline Pipeline[ Id: 815eb512-737d-488f-b667-fd7ce6300704, Nodes: 87c8d9bf-e5fd-4c93-82d7-07f29d18cd92{ip: 192.168.30.6, host: pr-hdds-1569-5gmkr-4255264070, networkLocation: /default-rack, certSerialId: null}, Type:RATIS, Factor:ONE, State:CLOSED] moved to CLOSED state
2019-09-25 11:00:29,755 [EventQueue-StaleNodeForStaleNodeHandler] INFO  pipeline.SCMPipelineManager (SCMPipelineManager.java:finalizeAndDestroyPipeline(316)) - destroying pipeline:Pipeline[ Id: 07de0e42-1c78-457c-bbfb-a1b4858c075a, Nodes: 87c8d9bf-e5fd-4c93-82d7-07f29d18cd92{ip: 192.168.30.6, host: pr-hdds-1569-5gmkr-4255264070, networkLocation: /default-rack, certSerialId: null}, Type:RATIS, Factor:ONE, State:OPEN]
2019-09-25 11:00:29,755 [EventQueue-StaleNodeForStaleNodeHandler] INFO  pipeline.PipelineStateManager (PipelineStateManager.java:finalizePipeline(123)) - Pipeline Pipeline[ Id: 07de0e42-1c78-457c-bbfb-a1b4858c075a, Nodes: 87c8d9bf-e5fd-4c93-82d7-07f29d18cd92{ip: 192.168.30.6, host: pr-hdds-1569-5gmkr-4255264070, networkLocation: /default-rack, certSerialId: null}, Type:RATIS, Factor:ONE, State:CLOSED] moved to CLOSED state
2019-09-25 11:00:29,755 [EventQueue-StaleNodeForStaleNodeHandler] INFO  pipeline.SCMPipelineManager (SCMPipelineManager.java:finalizeAndDestroyPipeline(316)) - destroying pipeline:Pipeline[ Id: e9635449-e46b-4dad-b77a-56f61432cdaa, Nodes: 87c8d9bf-e5fd-4c93-82d7-07f29d18cd92{ip: 192.168.30.6, host: pr-hdds-1569-5gmkr-4255264070, networkLocation: /default-rack, certSerialId: null}, Type:RATIS, Factor:ONE, State:OPEN]
2019-09-25 11:00:29,756 [EventQueue-StaleNodeForStaleNodeHandler] INFO  pipeline.PipelineStateManager (PipelineStateManager.java:finalizePipeline(123)) - Pipeline Pipeline[ Id: e9635449-e46b-4dad-b77a-56f61432cdaa, Nodes: 87c8d9bf-e5fd-4c93-82d7-07f29d18cd92{ip: 192.168.30.6, host: pr-hdds-1569-5gmkr-4255264070, networkLocation: /default-rack, certSerialId: null}, Type:RATIS, Factor:ONE, State:CLOSED] moved to CLOSED state
2019-09-25 11:00:29,756 [EventQueue-StaleNodeForStaleNodeHandler] INFO  pipeline.SCMPipelineManager (SCMPipelineManager.java:finalizeAndDestroyPipeline(316)) - destroying pipeline:Pipeline[ Id: c461b102-c7c0-4585-8ba9-af68702b1ec0, Nodes: 87c8d9bf-e5fd-4c93-82d7-07f29d18cd92{ip: 192.168.30.6, host: pr-hdds-1569-5gmkr-4255264070, networkLocation: /default-rack, certSerialId: null}, Type:RATIS, Factor:ONE, State:OPEN]
2019-09-25 11:00:29,756 [EventQueue-StaleNodeForStaleNodeHandler] INFO  pipeline.PipelineStateManager (PipelineStateManager.java:finalizePipeline(123)) - Pipeline Pipeline[ Id: c461b102-c7c0-4585-8ba9-af68702b1ec0, Nodes: 87c8d9bf-e5fd-4c93-82d7-07f29d18cd92{ip: 192.168.30.6, host: pr-hdds-1569-5gmkr-4255264070, networkLocation: /default-rack, certSerialId: null}, Type:RATIS, Factor:ONE, State:CLOSED] moved to CLOSED state
2019-09-25 11:00:29,756 [EventQueue-StaleNodeForStaleNodeHandler] INFO  pipeline.SCMPipelineManager (SCMPipelineManager.java:finalizeAndDestroyPipeline(316)) - destroying pipeline:Pipeline[ Id: f89dfd84-2a38-4b45-9519-77526f9e3ecc, Nodes: 87c8d9bf-e5fd-4c93-82d7-07f29d18cd92{ip: 192.168.30.6, host: pr-hdds-1569-5gmkr-4255264070, networkLocation: /default-rack, certSerialId: null}, Type:RATIS, Factor:ONE, State:OPEN]
2019-09-25 11:00:29,756 [EventQueue-StaleNodeForStaleNodeHandler] INFO  pipeline.PipelineStateManager (PipelineStateManager.java:finalizePipeline(123)) - Pipeline Pipeline[ Id: f89dfd84-2a38-4b45-9519-77526f9e3ecc, Nodes: 87c8d9bf-e5fd-4c93-82d7-07f29d18cd92{ip: 192.168.30.6, host: pr-hdds-1569-5gmkr-4255264070, networkLocation: /default-rack, certSerialId: null}, Type:RATIS, Factor:ONE, State:CLOSED] moved to CLOSED state
2019-09-25 11:00:29,757 [EventQueue-StaleNodeForStaleNodeHandler] INFO  pipeline.SCMPipelineManager (SCMPipelineManager.java:finalizeAndDestroyPipeline(316)) - destroying pipeline:Pipeline[ Id: e943803c-96bf-4789-8136-be09a61acaf1, Nodes: 87c8d9bf-e5fd-4c93-82d7-07f29d18cd92{ip: 192.168.30.6, host: pr-hdds-1569-5gmkr-4255264070, networkLocation: /default-rack, certSerialId: null}, Type:RATIS, Factor:ONE, State:OPEN]
2019-09-25 11:00:29,757 [EventQueue-StaleNodeForStaleNodeHandler] INFO  pipeline.PipelineStateManager (PipelineStateManager.java:finalizePipeline(123)) - Pipeline Pipeline[ Id: e943803c-96bf-4789-8136-be09a61acaf1, Nodes: 87c8d9bf-e5fd-4c93-82d7-07f29d18cd92{ip: 192.168.30.6, host: pr-hdds-1569-5gmkr-4255264070, networkLocation: /default-rack, certSerialId: null}, Type:RATIS, Factor:ONE, State:CLOSED] moved to CLOSED state
2019-09-25 11:00:30,452 [main] INFO  ozoneimpl.OzoneContainer (OzoneContainer.java:stop(231)) - Attempting to stop container services.
2019-09-25 11:00:30,454 [main] INFO  impl.RaftServerProxy (RaftServerProxy.java:lambda$close$4(314)) - 87c8d9bf-e5fd-4c93-82d7-07f29d18cd92: close
2019-09-25 11:00:30,455 [main] INFO  impl.RaftServerImpl (RaftServerImpl.java:lambda$shutdown$3(251)) - 87c8d9bf-e5fd-4c93-82d7-07f29d18cd92@group-FD7CE6300704: shutdown
2019-09-25 11:00:30,455 [ForkJoinPool.commonPool-worker-0] INFO  impl.RaftServerImpl (RaftServerImpl.java:lambda$shutdown$3(251)) - 87c8d9bf-e5fd-4c93-82d7-07f29d18cd92@group-56F61432CDAA: shutdown
2019-09-25 11:00:30,455 [main] INFO  util.JmxRegister (JmxRegister.java:unregister(73)) - Successfully un-registered JMX Bean with object name Ratis:service=RaftServer,group=group-FD7CE6300704,id=87c8d9bf-e5fd-4c93-82d7-07f29d18cd92
2019-09-25 11:00:30,455 [ForkJoinPool.commonPool-worker-0] INFO  util.JmxRegister (JmxRegister.java:unregister(73)) - Successfully un-registered JMX Bean with object name Ratis:service=RaftServer,group=group-56F61432CDAA,id=87c8d9bf-e5fd-4c93-82d7-07f29d18cd92
2019-09-25 11:00:30,456 [main] INFO  impl.RoleInfo (RoleInfo.java:shutdownLeaderState(104)) - 87c8d9bf-e5fd-4c93-82d7-07f29d18cd92: shutdown LeaderState
2019-09-25 11:00:30,456 [ForkJoinPool.commonPool-worker-0] INFO  impl.RoleInfo (RoleInfo.java:shutdownLeaderState(104)) - 87c8d9bf-e5fd-4c93-82d7-07f29d18cd92: shutdown LeaderState
2019-09-25 11:00:30,457 [main] INFO  impl.PendingRequests (PendingRequests.java:sendNotLeaderResponses(202)) - 87c8d9bf-e5fd-4c93-82d7-07f29d18cd92-PendingRequests: sendNotLeaderResponses
2019-09-25 11:00:30,457 [ForkJoinPool.commonPool-worker-0] INFO  impl.PendingRequests (PendingRequests.java:sendNotLeaderResponses(202)) - 87c8d9bf-e5fd-4c93-82d7-07f29d18cd92-PendingRequests: sendNotLeaderResponses
2019-09-25 11:00:30,457 [main] INFO  impl.StateMachineUpdater (StateMachineUpdater.java:stopAndJoin(125)) - 87c8d9bf-e5fd-4c93-82d7-07f29d18cd92@group-FD7CE6300704-StateMachineUpdater: set stopIndex = 0
2019-09-25 11:00:30,458 [ForkJoinPool.commonPool-worker-0] INFO  impl.StateMachineUpdater (StateMachineUpdater.java:stopAndJoin(125)) - 87c8d9bf-e5fd-4c93-82d7-07f29d18cd92@group-56F61432CDAA-StateMachineUpdater: set stopIndex = 0
2019-09-25 11:00:30,458 [main] INFO  impl.RaftServerImpl (ServerState.java:close(385)) - 87c8d9bf-e5fd-4c93-82d7-07f29d18cd92@group-FD7CE6300704: closes. applyIndex: 0
2019-09-25 11:00:30,458 [ForkJoinPool.commonPool-worker-0] INFO  impl.RaftServerImpl (ServerState.java:close(385)) - 87c8d9bf-e5fd-4c93-82d7-07f29d18cd92@group-56F61432CDAA: closes. applyIndex: 0
2019-09-25 11:00:30,459 [87c8d9bf-e5fd-4c93-82d7-07f29d18cd92@group-FD7CE6300704-SegmentedRaftLogWorker] INFO  segmented.SegmentedRaftLogWorker (SegmentedRaftLogWorker.java:run(313)) - 87c8d9bf-e5fd-4c93-82d7-07f29d18cd92@group-FD7CE6300704-SegmentedRaftLogWorker was interrupted, exiting. There are 0 tasks remaining in the queue.
2019-09-25 11:00:30,459 [87c8d9bf-e5fd-4c93-82d7-07f29d18cd92@group-56F61432CDAA-SegmentedRaftLogWorker] INFO  segmented.SegmentedRaftLogWorker (SegmentedRaftLogWorker.java:run(313)) - 87c8d9bf-e5fd-4c93-82d7-07f29d18cd92@group-56F61432CDAA-SegmentedRaftLogWorker was interrupted, exiting. There are 0 tasks remaining in the queue.
2019-09-25 11:00:30,459 [main] INFO  segmented.SegmentedRaftLogWorker (SegmentedRaftLogWorker.java:close(228)) - 87c8d9bf-e5fd-4c93-82d7-07f29d18cd92@group-FD7CE6300704-SegmentedRaftLogWorker close()
2019-09-25 11:00:30,459 [ForkJoinPool.commonPool-worker-0] INFO  segmented.SegmentedRaftLogWorker (SegmentedRaftLogWorker.java:close(228)) - 87c8d9bf-e5fd-4c93-82d7-07f29d18cd92@group-56F61432CDAA-SegmentedRaftLogWorker close()
2019-09-25 11:00:30,460 [main] INFO  impl.RaftServerImpl (RaftServerImpl.java:lambda$shutdown$3(251)) - 87c8d9bf-e5fd-4c93-82d7-07f29d18cd92@group-A1B4858C075A: shutdown
2019-09-25 11:00:30,460 [ForkJoinPool.commonPool-worker-0] INFO  impl.RaftServerImpl (RaftServerImpl.java:lambda$shutdown$3(251)) - 87c8d9bf-e5fd-4c93-82d7-07f29d18cd92@group-AF68702B1EC0: shutdown
2019-09-25 11:00:30,460 [main] INFO  util.JmxRegister (JmxRegister.java:unregister(73)) - Successfully un-registered JMX Bean with object name Ratis:service=RaftServer,group=group-A1B4858C075A,id=87c8d9bf-e5fd-4c93-82d7-07f29d18cd92
2019-09-25 11:00:30,461 [ForkJoinPool.commonPool-worker-0] INFO  util.JmxRegister (JmxRegister.java:unregister(73)) - Successfully un-registered JMX Bean with object name Ratis:service=RaftServer,group=group-AF68702B1EC0,id=87c8d9bf-e5fd-4c93-82d7-07f29d18cd92
2019-09-25 11:00:30,461 [main] INFO  impl.RoleInfo (RoleInfo.java:shutdownLeaderState(104)) - 87c8d9bf-e5fd-4c93-82d7-07f29d18cd92: shutdown LeaderState
2019-09-25 11:00:30,461 [ForkJoinPool.commonPool-worker-0] INFO  impl.RoleInfo (RoleInfo.java:shutdownLeaderState(104)) - 87c8d9bf-e5fd-4c93-82d7-07f29d18cd92: shutdown LeaderState
2019-09-25 11:00:30,462 [main] INFO  impl.PendingRequests (PendingRequests.java:sendNotLeaderResponses(202)) - 87c8d9bf-e5fd-4c93-82d7-07f29d18cd92-PendingRequests: sendNotLeaderResponses
2019-09-25 11:00:30,462 [ForkJoinPool.commonPool-worker-0] INFO  impl.PendingRequests (PendingRequests.java:sendNotLeaderResponses(202)) - 87c8d9bf-e5fd-4c93-82d7-07f29d18cd92-PendingRequests: sendNotLeaderResponses
2019-09-25 11:00:30,462 [main] INFO  impl.StateMachineUpdater (StateMachineUpdater.java:stopAndJoin(125)) - 87c8d9bf-e5fd-4c93-82d7-07f29d18cd92@group-A1B4858C075A-StateMachineUpdater: set stopIndex = 0
2019-09-25 11:00:30,463 [ForkJoinPool.commonPool-worker-0] INFO  impl.StateMachineUpdater (StateMachineUpdater.java:stopAndJoin(125)) - 87c8d9bf-e5fd-4c93-82d7-07f29d18cd92@group-AF68702B1EC0-StateMachineUpdater: set stopIndex = 0
2019-09-25 11:00:30,463 [main] INFO  impl.RaftServerImpl (ServerState.java:close(385)) - 87c8d9bf-e5fd-4c93-82d7-07f29d18cd92@group-A1B4858C075A: closes. applyIndex: 0
2019-09-25 11:00:30,463 [ForkJoinPool.commonPool-worker-0] INFO  impl.RaftServerImpl (ServerState.java:close(385)) - 87c8d9bf-e5fd-4c93-82d7-07f29d18cd92@group-AF68702B1EC0: closes. applyIndex: 0
2019-09-25 11:00:30,464 [87c8d9bf-e5fd-4c93-82d7-07f29d18cd92@group-A1B4858C075A-SegmentedRaftLogWorker] INFO  segmented.SegmentedRaftLogWorker (SegmentedRaftLogWorker.java:run(313)) - 87c8d9bf-e5fd-4c93-82d7-07f29d18cd92@group-A1B4858C075A-SegmentedRaftLogWorker was interrupted, exiting. There are 0 tasks remaining in the queue.
2019-09-25 11:00:30,464 [87c8d9bf-e5fd-4c93-82d7-07f29d18cd92@group-AF68702B1EC0-SegmentedRaftLogWorker] INFO  segmented.SegmentedRaftLogWorker (SegmentedRaftLogWorker.java:run(313)) - 87c8d9bf-e5fd-4c93-82d7-07f29d18cd92@group-AF68702B1EC0-SegmentedRaftLogWorker was interrupted, exiting. There are 0 tasks remaining in the queue.
2019-09-25 11:00:30,464 [main] INFO  segmented.SegmentedRaftLogWorker (SegmentedRaftLogWorker.java:close(228)) - 87c8d9bf-e5fd-4c93-82d7-07f29d18cd92@group-A1B4858C075A-SegmentedRaftLogWorker close()
2019-09-25 11:00:30,464 [ForkJoinPool.commonPool-worker-0] INFO  segmented.SegmentedRaftLogWorker (SegmentedRaftLogWorker.java:close(228)) - 87c8d9bf-e5fd-4c93-82d7-07f29d18cd92@group-AF68702B1EC0-SegmentedRaftLogWorker close()
2019-09-25 11:00:30,465 [ForkJoinPool.commonPool-worker-0] INFO  impl.RaftServerImpl (RaftServerImpl.java:lambda$shutdown$3(251)) - 87c8d9bf-e5fd-4c93-82d7-07f29d18cd92@group-77526F9E3ECC: shutdown
2019-09-25 11:00:30,465 [ForkJoinPool.commonPool-worker-0] INFO  util.JmxRegister (JmxRegister.java:unregister(73)) - Successfully un-registered JMX Bean with object name Ratis:service=RaftServer,group=group-77526F9E3ECC,id=87c8d9bf-e5fd-4c93-82d7-07f29d18cd92
2019-09-25 11:00:30,465 [ForkJoinPool.commonPool-worker-0] INFO  impl.RoleInfo (RoleInfo.java:shutdownLeaderState(104)) - 87c8d9bf-e5fd-4c93-82d7-07f29d18cd92: shutdown LeaderState
2019-09-25 11:00:30,466 [ForkJoinPool.commonPool-worker-0] INFO  impl.PendingRequests (PendingRequests.java:sendNotLeaderResponses(202)) - 87c8d9bf-e5fd-4c93-82d7-07f29d18cd92-PendingRequests: sendNotLeaderResponses
2019-09-25 11:00:30,466 [ForkJoinPool.commonPool-worker-0] INFO  impl.StateMachineUpdater (StateMachineUpdater.java:stopAndJoin(125)) - 87c8d9bf-e5fd-4c93-82d7-07f29d18cd92@group-77526F9E3ECC-StateMachineUpdater: set stopIndex = 0
2019-09-25 11:00:30,466 [ForkJoinPool.commonPool-worker-0] INFO  impl.RaftServerImpl (ServerState.java:close(385)) - 87c8d9bf-e5fd-4c93-82d7-07f29d18cd92@group-77526F9E3ECC: closes. applyIndex: 0
2019-09-25 11:00:30,466 [87c8d9bf-e5fd-4c93-82d7-07f29d18cd92@group-77526F9E3ECC-SegmentedRaftLogWorker] INFO  segmented.SegmentedRaftLogWorker (SegmentedRaftLogWorker.java:run(313)) - 87c8d9bf-e5fd-4c93-82d7-07f29d18cd92@group-77526F9E3ECC-SegmentedRaftLogWorker was interrupted, exiting. There are 0 tasks remaining in the queue.
2019-09-25 11:00:30,467 [ForkJoinPool.commonPool-worker-0] INFO  segmented.SegmentedRaftLogWorker (SegmentedRaftLogWorker.java:close(228)) - 87c8d9bf-e5fd-4c93-82d7-07f29d18cd92@group-77526F9E3ECC-SegmentedRaftLogWorker close()
2019-09-25 11:00:30,467 [ForkJoinPool.commonPool-worker-0] INFO  impl.RaftServerImpl (RaftServerImpl.java:lambda$shutdown$3(251)) - 87c8d9bf-e5fd-4c93-82d7-07f29d18cd92@group-BE09A61ACAF1: shutdown
2019-09-25 11:00:30,467 [ForkJoinPool.commonPool-worker-0] INFO  util.JmxRegister (JmxRegister.java:unregister(73)) - Successfully un-registered JMX Bean with object name Ratis:service=RaftServer,group=group-BE09A61ACAF1,id=87c8d9bf-e5fd-4c93-82d7-07f29d18cd92
2019-09-25 11:00:30,467 [ForkJoinPool.commonPool-worker-0] INFO  impl.RoleInfo (RoleInfo.java:shutdownLeaderState(104)) - 87c8d9bf-e5fd-4c93-82d7-07f29d18cd92: shutdown LeaderState
2019-09-25 11:00:30,467 [ForkJoinPool.commonPool-worker-0] INFO  impl.PendingRequests (PendingRequests.java:sendNotLeaderResponses(202)) - 87c8d9bf-e5fd-4c93-82d7-07f29d18cd92-PendingRequests: sendNotLeaderResponses
2019-09-25 11:00:30,468 [ForkJoinPool.commonPool-worker-0] INFO  impl.StateMachineUpdater (StateMachineUpdater.java:stopAndJoin(125)) - 87c8d9bf-e5fd-4c93-82d7-07f29d18cd92@group-BE09A61ACAF1-StateMachineUpdater: set stopIndex = 0
2019-09-25 11:00:30,468 [ForkJoinPool.commonPool-worker-0] INFO  impl.RaftServerImpl (ServerState.java:close(385)) - 87c8d9bf-e5fd-4c93-82d7-07f29d18cd92@group-BE09A61ACAF1: closes. applyIndex: 0
2019-09-25 11:00:30,468 [87c8d9bf-e5fd-4c93-82d7-07f29d18cd92@group-BE09A61ACAF1-SegmentedRaftLogWorker] INFO  segmented.SegmentedRaftLogWorker (SegmentedRaftLogWorker.java:run(313)) - 87c8d9bf-e5fd-4c93-82d7-07f29d18cd92@group-BE09A61ACAF1-SegmentedRaftLogWorker was interrupted, exiting. There are 0 tasks remaining in the queue.
2019-09-25 11:00:30,468 [ForkJoinPool.commonPool-worker-0] INFO  segmented.SegmentedRaftLogWorker (SegmentedRaftLogWorker.java:close(228)) - 87c8d9bf-e5fd-4c93-82d7-07f29d18cd92@group-BE09A61ACAF1-SegmentedRaftLogWorker close()
2019-09-25 11:00:30,469 [main] INFO  server.GrpcService (GrpcService.java:closeImpl(164)) - 87c8d9bf-e5fd-4c93-82d7-07f29d18cd92: shutdown server with port 45400 now
2019-09-25 11:00:30,471 [main] INFO  server.GrpcService (GrpcService.java:closeImpl(172)) - 87c8d9bf-e5fd-4c93-82d7-07f29d18cd92: shutdown server with port 45400 successfully
2019-09-25 11:00:30,477 [refreshUsed-/workdir/hadoop-ozone/integration-test/target/test-dir/MiniOzoneClusterImpl-cb8ecd13-95cc-47fe-8445-93be882af5d4/datanode-5/data/containers] WARN  fs.CachingGetSpaceUsed (CachingGetSpaceUsed.java:run(183)) - Thread Interrupted waiting to refresh disk information: sleep interrupted
2019-09-25 11:00:30,493 [main] INFO  utils.BackgroundService (BackgroundService.java:shutdown(148)) - Shutting down service BlockDeletingService
2019-09-25 11:00:30,496 [main] INFO  statemachine.DatanodeStateMachine (DatanodeStateMachine.java:stopDaemon(395)) - Ozone container server stopped.
2019-09-25 11:00:30,497 [main] INFO  handler.ContextHandler (ContextHandler.java:doStop(910)) - Stopped o.e.j.w.WebAppContext@64d4f7c7{/,null,UNAVAILABLE}{/hddsDatanode}
2019-09-25 11:00:30,498 [main] INFO  server.AbstractConnector (AbstractConnector.java:doStop(318)) - Stopped ServerConnector@54e02f6a{HTTP/1.1,[http/1.1]}{0.0.0.0:0}
2019-09-25 11:00:30,498 [main] INFO  handler.ContextHandler (ContextHandler.java:doStop(910)) - Stopped o.e.j.s.ServletContextHandler@1352434e{/static,jar:file:/home/user/.m2/repository/org/apache/hadoop/hadoop-hdds-container-service/0.5.0-SNAPSHOT/hadoop-hdds-container-service-0.5.0-SNAPSHOT.jar!/webapps/static,UNAVAILABLE}
2019-09-25 11:00:30,499 [main] INFO  handler.ContextHandler (ContextHandler.java:doStop(910)) - Stopped o.e.j.s.ServletContextHandler@12eedfee{/logs,file:///workdir/hadoop-ozone/integration-test/target/log,UNAVAILABLE}
2019-09-25 11:00:30,500 [main] INFO  ozone.MiniOzoneClusterImpl (MiniOzoneClusterImpl.java:stopSCM(392)) - Stopping the StorageContainerManager
2019-09-25 11:00:30,500 [main] INFO  server.StorageContainerManager (StorageContainerManager.java:stop(808)) - Stopping Replication Manager Service.
2019-09-25 11:00:30,500 [main] INFO  container.ReplicationManager (ReplicationManager.java:stop(204)) - Stopping Replication Monitor Thread.
2019-09-25 11:00:30,500 [main] INFO  server.StorageContainerManager (StorageContainerManager.java:stop(815)) - Stopping Lease Manager of the command watchers
2019-09-25 11:00:30,501 [main] INFO  server.StorageContainerManager (StorageContainerManager.java:stop(822)) - Stopping datanode service RPC server
2019-09-25 11:00:30,501 [main] INFO  server.SCMDatanodeProtocolServer (SCMDatanodeProtocolServer.java:stop(367)) - Stopping the RPC server for DataNodes
2019-09-25 11:00:30,501 [main] INFO  ipc.Server (Server.java:stop(3082)) - Stopping server on 43430
2019-09-25 11:00:30,503 [IPC Server Responder] INFO  ipc.Server (Server.java:run(1319)) - Stopping IPC Server Responder
2019-09-25 11:00:30,503 [IPC Server listener on 43430] INFO  ipc.Server (Server.java:run(1185)) - Stopping IPC Server listener on 43430
2019-09-25 11:00:30,555 [SCM Heartbeat Processing Thread - 0] WARN  node.NodeStateManager (NodeStateManager.java:scheduleNextHealthCheck(655)) - Current Thread is interrupted, shutting down HB processing thread for Node Manager.
2019-09-25 11:00:30,556 [main] INFO  server.StorageContainerManager (StorageContainerManager.java:stop(830)) - Stopping block service RPC server
2019-09-25 11:00:30,556 [main] INFO  server.SCMBlockProtocolServer (SCMBlockProtocolServer.java:stop(155)) - Stopping the RPC server for Block Protocol
2019-09-25 11:00:30,556 [main] INFO  ipc.Server (Server.java:stop(3082)) - Stopping server on 42768
2019-09-25 11:00:30,557 [main] INFO  server.StorageContainerManager (StorageContainerManager.java:stop(837)) - Stopping the StorageContainerLocationProtocol RPC server
2019-09-25 11:00:30,558 [main] INFO  server.SCMClientProtocolServer (SCMClientProtocolServer.java:stop(159)) - Stopping the RPC server for Client Protocol
2019-09-25 11:00:30,558 [IPC Server listener on 42768] INFO  ipc.Server (Server.java:run(1185)) - Stopping IPC Server listener on 42768
2019-09-25 11:00:30,558 [IPC Server Responder] INFO  ipc.Server (Server.java:run(1319)) - Stopping IPC Server Responder
2019-09-25 11:00:30,558 [main] INFO  ipc.Server (Server.java:stop(3082)) - Stopping server on 32773
2019-09-25 11:00:30,559 [main] INFO  server.StorageContainerManager (StorageContainerManager.java:stop(844)) - Stopping Storage Container Manager HTTP server.
2019-09-25 11:00:30,560 [IPC Server listener on 32773] INFO  ipc.Server (Server.java:run(1185)) - Stopping IPC Server listener on 32773
2019-09-25 11:00:30,560 [IPC Server Responder] INFO  ipc.Server (Server.java:run(1319)) - Stopping IPC Server Responder
2019-09-25 11:00:30,561 [main] INFO  handler.ContextHandler (ContextHandler.java:doStop(910)) - Stopped o.e.j.w.WebAppContext@6db66836{/,null,UNAVAILABLE}{/scm}
2019-09-25 11:00:30,562 [main] INFO  server.AbstractConnector (AbstractConnector.java:doStop(318)) - Stopped ServerConnector@1ee4730{HTTP/1.1,[http/1.1]}{0.0.0.0:0}
2019-09-25 11:00:30,562 [main] INFO  handler.ContextHandler (ContextHandler.java:doStop(910)) - Stopped o.e.j.s.ServletContextHandler@43b6123e{/static,file:///workdir/hadoop-ozone/integration-test/target/test-classes/webapps/static,UNAVAILABLE}
2019-09-25 11:00:30,563 [main] INFO  handler.ContextHandler (ContextHandler.java:doStop(910)) - Stopped o.e.j.s.ServletContextHandler@4fce136b{/logs,file:///workdir/hadoop-ozone/integration-test/target/log,UNAVAILABLE}
2019-09-25 11:00:30,564 [main] INFO  server.StorageContainerManager (StorageContainerManager.java:stop(855)) - Stopping Block Manager Service.
2019-09-25 11:00:30,564 [main] INFO  utils.BackgroundService (BackgroundService.java:shutdown(148)) - Shutting down service SCMBlockDeletingService
2019-09-25 11:00:30,565 [main] INFO  utils.BackgroundService (BackgroundService.java:shutdown(148)) - Shutting down service SCMBlockDeletingService
2019-09-25 11:00:30,565 [main] INFO  server.StorageContainerManager (StorageContainerManager.java:stop(877)) - Stopping SCM Event Queue.
2019-09-25 11:00:30,572 [main] INFO  impl.MetricsSystemImpl (MetricsSystemImpl.java:stop(210)) - Stopping XceiverClientMetrics metrics system...
2019-09-25 11:00:30,587 [prometheus] INFO  impl.MetricsSinkAdapter (MetricsSinkAdapter.java:publishMetricsFromQueue(141)) - prometheus thread interrupted.
2019-09-25 11:00:30,587 [main] INFO  impl.MetricsSystemImpl (MetricsSystemImpl.java:stop(216)) - XceiverClientMetrics metrics system stopped.
]]></system-out>
    <system-err><![CDATA[ERROR StatusLogger No Log4j 2 configuration file found. Using default configuration (logging only errors to the console), or user programmatically provided configurations. Set system property 'log4j2.debug' to show Log4j 2 internal initialization logging. See https://logging.apache.org/log4j/2.x/manual/configuration.html for instructions on how to configure Log4j 2
Exception in thread "024c4dd7-7c9d-4cdb-8271-6a4ddb62c17e@group-D31D9010DD88:LeaderElection35" java.lang.IllegalStateException: ILLEGAL TRANSITION: In 024c4dd7-7c9d-4cdb-8271-6a4ddb62c17e@group-D31D9010DD88:LeaderElection35, RUNNING -> CLOSED
	at org.apache.ratis.util.Preconditions.assertTrue(Preconditions.java:63)
	at org.apache.ratis.util.LifeCycle$State.validate(LifeCycle.java:123)
	at org.apache.ratis.util.LifeCycle.transition(LifeCycle.java:143)
	at org.apache.ratis.server.impl.LeaderElection.run(LeaderElection.java:155)
	at java.lang.Thread.run(Thread.java:748)
Exception in thread "642f0824-8397-42da-9ac4-13d7260e7e2f@group-96158F29E184:LeaderElection30" java.lang.IllegalStateException: ILLEGAL TRANSITION: In 642f0824-8397-42da-9ac4-13d7260e7e2f@group-96158F29E184:LeaderElection30, RUNNING -> CLOSED
	at org.apache.ratis.util.Preconditions.assertTrue(Preconditions.java:63)
	at org.apache.ratis.util.LifeCycle$State.validate(LifeCycle.java:123)
	at org.apache.ratis.util.LifeCycle.transition(LifeCycle.java:143)
	at org.apache.ratis.server.impl.LeaderElection.run(LeaderElection.java:155)
	at java.lang.Thread.run(Thread.java:748)
]]></system-err>
  </testcase>
  <testcase name="testDatanodeFailureWithPreAllocation" classname="org.apache.hadoop.ozone.client.rpc.TestBlockOutputStreamWithFailures" time="226.493"/>
  <testcase name="testDatanodeFailureWithSingleNodeRatis" classname="org.apache.hadoop.ozone.client.rpc.TestBlockOutputStreamWithFailures" time="227.527"/>
  <testcase name="testWatchForCommitWithSingleNodeRatis" classname="org.apache.hadoop.ozone.client.rpc.TestBlockOutputStreamWithFailures" time="35.911"/>
  <testcase name="testWatchForCommitDatanodeFailure" classname="org.apache.hadoop.ozone.client.rpc.TestBlockOutputStreamWithFailures" time="27.695">
    <error message="Allocated 0 blocks. Requested 1 blocks" type="INTERNAL_ERROR org.apache.hadoop.ozone.om.exceptions.OMException">INTERNAL_ERROR org.apache.hadoop.ozone.om.exceptions.OMException: Allocated 0 blocks. Requested 1 blocks
	at org.apache.hadoop.ozone.om.protocolPB.OzoneManagerProtocolClientSideTranslatorPB.handleError(OzoneManagerProtocolClientSideTranslatorPB.java:732)
	at org.apache.hadoop.ozone.om.protocolPB.OzoneManagerProtocolClientSideTranslatorPB.openKey(OzoneManagerProtocolClientSideTranslatorPB.java:723)
	at sun.reflect.NativeMethodAccessorImpl.invoke0(Native Method)
	at sun.reflect.NativeMethodAccessorImpl.invoke(NativeMethodAccessorImpl.java:62)
	at sun.reflect.DelegatingMethodAccessorImpl.invoke(DelegatingMethodAccessorImpl.java:43)
	at java.lang.reflect.Method.invoke(Method.java:498)
	at org.apache.hadoop.hdds.tracing.TraceAllMethod.invoke(TraceAllMethod.java:66)
	at com.sun.proxy.$Proxy37.openKey(Unknown Source)
	at org.apache.hadoop.ozone.client.rpc.RpcClient.createKey(RpcClient.java:614)
	at org.apache.hadoop.ozone.client.OzoneBucket.createKey(OzoneBucket.java:325)
	at org.apache.hadoop.ozone.container.ContainerTestHelper.createKey(ContainerTestHelper.java:704)
	at org.apache.hadoop.ozone.client.rpc.TestBlockOutputStreamWithFailures.createKey(TestBlockOutputStreamWithFailures.java:1210)
	at org.apache.hadoop.ozone.client.rpc.TestBlockOutputStreamWithFailures.createKey(TestBlockOutputStreamWithFailures.java:1204)
	at org.apache.hadoop.ozone.client.rpc.TestBlockOutputStreamWithFailures.testWatchForCommitDatanodeFailure(TestBlockOutputStreamWithFailures.java:277)
	at sun.reflect.NativeMethodAccessorImpl.invoke0(Native Method)
	at sun.reflect.NativeMethodAccessorImpl.invoke(NativeMethodAccessorImpl.java:62)
	at sun.reflect.DelegatingMethodAccessorImpl.invoke(DelegatingMethodAccessorImpl.java:43)
	at java.lang.reflect.Method.invoke(Method.java:498)
	at org.junit.runners.model.FrameworkMethod$1.runReflectiveCall(FrameworkMethod.java:47)
	at org.junit.internal.runners.model.ReflectiveCallable.run(ReflectiveCallable.java:12)
	at org.junit.runners.model.FrameworkMethod.invokeExplosively(FrameworkMethod.java:44)
	at org.junit.internal.runners.statements.InvokeMethod.evaluate(InvokeMethod.java:17)
	at org.junit.internal.runners.statements.RunBefores.evaluate(RunBefores.java:26)
	at org.junit.internal.runners.statements.RunAfters.evaluate(RunAfters.java:27)
	at org.junit.runners.ParentRunner.runLeaf(ParentRunner.java:271)
	at org.junit.runners.BlockJUnit4ClassRunner.runChild(BlockJUnit4ClassRunner.java:70)
	at org.junit.runners.BlockJUnit4ClassRunner.runChild(BlockJUnit4ClassRunner.java:50)
	at org.junit.runners.ParentRunner$3.run(ParentRunner.java:238)
	at org.junit.runners.ParentRunner$1.schedule(ParentRunner.java:63)
	at org.junit.runners.ParentRunner.runChildren(ParentRunner.java:236)
	at org.junit.runners.ParentRunner.access$000(ParentRunner.java:53)
	at org.junit.runners.ParentRunner$2.evaluate(ParentRunner.java:229)
	at org.junit.runners.ParentRunner.run(ParentRunner.java:309)
	at org.apache.maven.surefire.junit4.JUnit4Provider.execute(JUnit4Provider.java:365)
	at org.apache.maven.surefire.junit4.JUnit4Provider.executeWithRerun(JUnit4Provider.java:273)
	at org.apache.maven.surefire.junit4.JUnit4Provider.executeTestSet(JUnit4Provider.java:238)
	at org.apache.maven.surefire.junit4.JUnit4Provider.invoke(JUnit4Provider.java:159)
	at org.apache.maven.surefire.booter.ForkedBooter.invokeProviderInSameClassLoader(ForkedBooter.java:384)
	at org.apache.maven.surefire.booter.ForkedBooter.runSuitesInProcess(ForkedBooter.java:345)
	at org.apache.maven.surefire.booter.ForkedBooter.execute(ForkedBooter.java:126)
	at org.apache.maven.surefire.booter.ForkedBooter.main(ForkedBooter.java:418)
</error>
    <system-out><![CDATA[2019-09-25 11:08:40,605 [main] WARN  server.ServerUtils (ServerUtils.java:getScmDbDir(145)) - ozone.scm.db.dirs is not configured. We recommend adding this setting. Falling back to ozone.metadata.dirs instead.
2019-09-25 11:08:40,632 [main] WARN  server.ServerUtils (ServerUtils.java:getScmDbDir(145)) - ozone.scm.db.dirs is not configured. We recommend adding this setting. Falling back to ozone.metadata.dirs instead.
2019-09-25 11:08:40,633 [main] WARN  server.ServerUtils (ServerUtils.java:getScmDbDir(145)) - ozone.scm.db.dirs is not configured. We recommend adding this setting. Falling back to ozone.metadata.dirs instead.
2019-09-25 11:08:40,633 [main] INFO  db.DBStoreBuilder (DBStoreBuilder.java:addTable(110)) - using custom profile for table: deletedBlocks
2019-09-25 11:08:40,634 [main] INFO  db.DBStoreBuilder (DBStoreBuilder.java:processTables(161)) - Using default column profile:DBProfile.DISK for Table:deletedBlocks
2019-09-25 11:08:40,634 [main] INFO  db.DBStoreBuilder (DBStoreBuilder.java:addTable(110)) - using custom profile for table: validCerts
2019-09-25 11:08:40,634 [main] INFO  db.DBStoreBuilder (DBStoreBuilder.java:processTables(161)) - Using default column profile:DBProfile.DISK for Table:validCerts
2019-09-25 11:08:40,634 [main] INFO  db.DBStoreBuilder (DBStoreBuilder.java:addTable(110)) - using custom profile for table: revokedCerts
2019-09-25 11:08:40,635 [main] INFO  db.DBStoreBuilder (DBStoreBuilder.java:processTables(161)) - Using default column profile:DBProfile.DISK for Table:revokedCerts
2019-09-25 11:08:40,635 [main] INFO  db.DBStoreBuilder (DBStoreBuilder.java:addTable(110)) - using custom profile for table: default
2019-09-25 11:08:40,635 [main] INFO  db.DBStoreBuilder (DBStoreBuilder.java:processTables(167)) - Using default column profile:DBProfile.DISK for Table:default
2019-09-25 11:08:40,635 [main] INFO  db.DBStoreBuilder (DBStoreBuilder.java:getDbProfile(198)) - Using default options. DBProfile.DISK
2019-09-25 11:08:40,786 [main] INFO  net.NodeSchemaLoader (NodeSchemaLoader.java:loadSchemaFromFile(125)) - Loading file from sun.misc.CompoundEnumeration@5dbab232
2019-09-25 11:08:40,787 [main] INFO  net.NodeSchemaLoader (NodeSchemaLoader.java:loadSchema(171)) - Loading network topology layer schema file
2019-09-25 11:08:40,792 [main] INFO  node.SCMNodeManager (SCMNodeManager.java:<init>(114)) - Entering startup safe mode.
2019-09-25 11:08:40,793 [main] INFO  algorithms.ContainerPlacementPolicyFactory (ContainerPlacementPolicyFactory.java:getPolicy(59)) - Create container placement policy of type org.apache.hadoop.hdds.scm.container.placement.algorithms.SCMContainerPlacementRandom
2019-09-25 11:08:40,793 [main] WARN  server.ServerUtils (ServerUtils.java:getScmDbDir(145)) - ozone.scm.db.dirs is not configured. We recommend adding this setting. Falling back to ozone.metadata.dirs instead.
2019-09-25 11:08:40,841 [main] INFO  pipeline.SCMPipelineManager (SCMPipelineManager.java:initializePipelineState(132)) - No pipeline exists in current db
2019-09-25 11:08:40,841 [main] WARN  server.ServerUtils (ServerUtils.java:getScmDbDir(145)) - ozone.scm.db.dirs is not configured. We recommend adding this setting. Falling back to ozone.metadata.dirs instead.
2019-09-25 11:08:40,865 [main] WARN  events.EventQueue (EventQueue.java:fireEvent(183)) - No event handler registered for event TypedEvent{payloadType=SafeModeStatus, name='SafeModeStatus'}
2019-09-25 11:08:40,866 [main] INFO  ipc.CallQueueManager (CallQueueManager.java:<init>(84)) - Using callQueue: class java.util.concurrent.LinkedBlockingQueue, queueCapacity: 2000, scheduler: class org.apache.hadoop.ipc.DefaultRpcScheduler, ipcBackoff: false.
2019-09-25 11:08:40,867 [Socket Reader #1 for port 45602] INFO  ipc.Server (Server.java:run(1074)) - Starting Socket Reader #1 for port 45602
2019-09-25 11:08:40,870 [main] INFO  ipc.CallQueueManager (CallQueueManager.java:<init>(84)) - Using callQueue: class java.util.concurrent.LinkedBlockingQueue, queueCapacity: 2000, scheduler: class org.apache.hadoop.ipc.DefaultRpcScheduler, ipcBackoff: false.
2019-09-25 11:08:40,870 [Socket Reader #1 for port 35653] INFO  ipc.Server (Server.java:run(1074)) - Starting Socket Reader #1 for port 35653
2019-09-25 11:08:40,873 [main] INFO  ipc.CallQueueManager (CallQueueManager.java:<init>(84)) - Using callQueue: class java.util.concurrent.LinkedBlockingQueue, queueCapacity: 2000, scheduler: class org.apache.hadoop.ipc.DefaultRpcScheduler, ipcBackoff: false.
2019-09-25 11:08:40,873 [Socket Reader #1 for port 33216] INFO  ipc.Server (Server.java:run(1074)) - Starting Socket Reader #1 for port 33216
2019-09-25 11:08:40,876 [main] INFO  hdfs.DFSUtil (DFSUtil.java:httpServerTemplateForNNAndJN(1641)) - Starting Web-server for scm at: http://0.0.0.0:0
2019-09-25 11:08:40,878 [main] INFO  server.AuthenticationFilter (AuthenticationFilter.java:constructSecretProvider(240)) - Unable to initialize FileSignerSecretProvider, falling back to use random secrets.
2019-09-25 11:08:40,878 [main] WARN  http.HttpRequestLog (HttpRequestLog.java:getRequestLog(97)) - Jetty request log can only be enabled using Log4j
2019-09-25 11:08:40,880 [main] INFO  http.HttpServer2 (HttpServer2.java:addGlobalFilter(975)) - Added global filter 'safety' (class=org.apache.hadoop.http.HttpServer2$QuotingInputFilter)
2019-09-25 11:08:40,881 [main] INFO  http.HttpServer2 (HttpServer2.java:addFilter(948)) - Added filter static_user_filter (class=org.apache.hadoop.http.lib.StaticUserWebFilter$StaticUserFilter) to context scm
2019-09-25 11:08:40,881 [main] INFO  http.HttpServer2 (HttpServer2.java:addFilter(958)) - Added filter static_user_filter (class=org.apache.hadoop.http.lib.StaticUserWebFilter$StaticUserFilter) to context static
2019-09-25 11:08:40,881 [main] INFO  http.HttpServer2 (HttpServer2.java:addFilter(958)) - Added filter static_user_filter (class=org.apache.hadoop.http.lib.StaticUserWebFilter$StaticUserFilter) to context logs
2019-09-25 11:08:40,882 [main] INFO  server.StorageContainerManager (StorageContainerManager.java:start(770)) - StorageContainerLocationProtocol RPC server is listening at /0.0.0.0:33216
2019-09-25 11:08:40,884 [main] WARN  impl.MetricsConfig (MetricsConfig.java:loadFirst(134)) - Cannot locate configuration: tried hadoop-metrics2-storagecontainermanager.properties,hadoop-metrics2.properties
2019-09-25 11:08:40,885 [main] INFO  impl.MetricsSystemImpl (MetricsSystemImpl.java:startTimer(374)) - Scheduled Metric snapshot period at 10 second(s).
2019-09-25 11:08:40,885 [main] INFO  impl.MetricsSystemImpl (MetricsSystemImpl.java:start(191)) - StorageContainerManager metrics system started
2019-09-25 11:08:41,013 [main] WARN  impl.MetricsSystemImpl (MetricsSystemImpl.java:register(276)) - Sink prometheus already exists!
2019-09-25 11:08:41,123 [main] INFO  server.SCMClientProtocolServer (SCMClientProtocolServer.java:start(151)) - RPC server for Client  is listening at /0.0.0.0:33216
2019-09-25 11:08:41,123 [IPC Server Responder] INFO  ipc.Server (Server.java:run(1314)) - IPC Server Responder: starting
2019-09-25 11:08:41,123 [IPC Server listener on 33216] INFO  ipc.Server (Server.java:run(1153)) - IPC Server listener on 33216: starting
2019-09-25 11:08:41,131 [main] INFO  server.StorageContainerManager (StorageContainerManager.java:start(780)) - ScmBlockLocationProtocol RPC server is listening at /0.0.0.0:35653
2019-09-25 11:08:41,131 [main] INFO  server.SCMBlockProtocolServer (SCMBlockProtocolServer.java:start(146)) - RPC server for Block Protocol is listening at /0.0.0.0:35653
2019-09-25 11:08:41,132 [IPC Server Responder] INFO  ipc.Server (Server.java:run(1314)) - IPC Server Responder: starting
2019-09-25 11:08:41,132 [IPC Server listener on 35653] INFO  ipc.Server (Server.java:run(1153)) - IPC Server listener on 35653: starting
2019-09-25 11:08:41,135 [main] INFO  server.StorageContainerManager (StorageContainerManager.java:start(784)) - ScmDatanodeProtocl RPC server is listening at /0.0.0.0:45602
2019-09-25 11:08:41,135 [main] INFO  server.SCMDatanodeProtocolServer (SCMDatanodeProtocolServer.java:start(191)) - RPC server for DataNodes is listening at /0.0.0.0:45602
2019-09-25 11:08:41,135 [IPC Server Responder] INFO  ipc.Server (Server.java:run(1314)) - IPC Server Responder: starting
2019-09-25 11:08:41,135 [IPC Server listener on 45602] INFO  ipc.Server (Server.java:run(1153)) - IPC Server listener on 45602: starting
2019-09-25 11:08:41,138 [main] INFO  http.HttpServer2 (HttpServer2.java:bindListener(1191)) - Jetty bound to port 42194
2019-09-25 11:08:41,139 [main] INFO  server.Server (Server.java:doStart(351)) - jetty-9.3.25.v20180904, build timestamp: 2018-09-04T21:11:46Z, git hash: 3ce520221d0240229c862b122d2b06c12a625732
2019-09-25 11:08:41,140 [main] INFO  handler.ContextHandler (ContextHandler.java:doStart(781)) - Started o.e.j.s.ServletContextHandler@6f1fa1d0{/logs,file:///workdir/hadoop-ozone/integration-test/target/log,AVAILABLE}
2019-09-25 11:08:41,140 [main] INFO  handler.ContextHandler (ContextHandler.java:doStart(781)) - Started o.e.j.s.ServletContextHandler@52ba685a{/static,file:///workdir/hadoop-ozone/integration-test/target/test-classes/webapps/static,AVAILABLE}
2019-09-25 11:08:41,144 [main] INFO  handler.ContextHandler (ContextHandler.java:doStart(781)) - Started o.e.j.w.WebAppContext@203e705e{/,file:///workdir/hadoop-ozone/integration-test/target/test-classes/webapps/scm/,AVAILABLE}{/scm}
2019-09-25 11:08:41,144 [main] INFO  server.AbstractConnector (AbstractConnector.java:doStart(278)) - Started ServerConnector@78c74647{HTTP/1.1,[http/1.1]}{0.0.0.0:42194}
2019-09-25 11:08:41,146 [main] INFO  server.Server (Server.java:doStart(419)) - Started @524693ms
2019-09-25 11:08:41,146 [main] WARN  impl.MetricsSystemImpl (MetricsSystemImpl.java:register(276)) - Sink prometheus already exists!
2019-09-25 11:08:41,147 [main] INFO  server.BaseHttpServer (BaseHttpServer.java:updateConnectorAddress(215)) - HTTP server of SCM is listening at http://0.0.0.0:42194
2019-09-25 11:08:41,149 [main] WARN  server.ServerUtils (ServerUtils.java:getDBPath(222)) - ozone.om.db.dirs is not configured. We recommend adding this setting. Falling back to ozone.metadata.dirs instead.
2019-09-25 11:08:41,149 [org.apache.hadoop.util.JvmPauseMonitor$Monitor@5763a655] INFO  util.JvmPauseMonitor (JvmPauseMonitor.java:run(188)) - Starting JVM pause monitor
2019-09-25 11:08:41,163 [main] WARN  server.ServerUtils (ServerUtils.java:getDBPath(222)) - ozone.om.db.dirs is not configured. We recommend adding this setting. Falling back to ozone.metadata.dirs instead.
2019-09-25 11:08:41,163 [main] WARN  server.ServerUtils (ServerUtils.java:getDBPath(222)) - ozone.om.db.dirs is not configured. We recommend adding this setting. Falling back to ozone.metadata.dirs instead.
2019-09-25 11:08:41,164 [main] INFO  om.OzoneManager (OzoneManager.java:setOMNodeDetails(652)) - OM Service ID is not set. Setting it to the default ID: omServiceIdDefault
2019-09-25 11:08:41,164 [main] INFO  om.OzoneManager (OzoneManager.java:setOMNodeDetails(658)) - OM Node ID is not set. Setting it to the OmStorage's OmID: 743a555c-3132-4f80-8491-0a9d1d1d5586
2019-09-25 11:08:41,164 [main] INFO  om.OzoneManager (OzoneManager.java:loadOMHAConfigs(609)) - Found matching OM address with OMServiceId: null, OMNodeId: null, RPC Address: localhost:0 and Ratis port: 9872
2019-09-25 11:08:41,171 [main] WARN  server.ServerUtils (ServerUtils.java:getDBPath(222)) - ozone.om.db.dirs is not configured. We recommend adding this setting. Falling back to ozone.metadata.dirs instead.
2019-09-25 11:08:41,171 [main] INFO  db.DBStoreBuilder (DBStoreBuilder.java:addTable(110)) - using custom profile for table: userTable
2019-09-25 11:08:41,171 [main] INFO  db.DBStoreBuilder (DBStoreBuilder.java:processTables(161)) - Using default column profile:DBProfile.DISK for Table:userTable
2019-09-25 11:08:41,172 [main] INFO  db.DBStoreBuilder (DBStoreBuilder.java:addTable(110)) - using custom profile for table: volumeTable
2019-09-25 11:08:41,172 [main] INFO  db.DBStoreBuilder (DBStoreBuilder.java:processTables(161)) - Using default column profile:DBProfile.DISK for Table:volumeTable
2019-09-25 11:08:41,172 [main] INFO  db.DBStoreBuilder (DBStoreBuilder.java:addTable(110)) - using custom profile for table: bucketTable
2019-09-25 11:08:41,172 [main] INFO  db.DBStoreBuilder (DBStoreBuilder.java:processTables(161)) - Using default column profile:DBProfile.DISK for Table:bucketTable
2019-09-25 11:08:41,172 [main] INFO  db.DBStoreBuilder (DBStoreBuilder.java:addTable(110)) - using custom profile for table: keyTable
2019-09-25 11:08:41,173 [main] INFO  db.DBStoreBuilder (DBStoreBuilder.java:processTables(161)) - Using default column profile:DBProfile.DISK for Table:keyTable
2019-09-25 11:08:41,173 [main] INFO  db.DBStoreBuilder (DBStoreBuilder.java:addTable(110)) - using custom profile for table: deletedTable
2019-09-25 11:08:41,173 [main] INFO  db.DBStoreBuilder (DBStoreBuilder.java:processTables(161)) - Using default column profile:DBProfile.DISK for Table:deletedTable
2019-09-25 11:08:41,173 [main] INFO  db.DBStoreBuilder (DBStoreBuilder.java:addTable(110)) - using custom profile for table: openKeyTable
2019-09-25 11:08:41,173 [main] INFO  db.DBStoreBuilder (DBStoreBuilder.java:processTables(161)) - Using default column profile:DBProfile.DISK for Table:openKeyTable
2019-09-25 11:08:41,174 [main] INFO  db.DBStoreBuilder (DBStoreBuilder.java:addTable(110)) - using custom profile for table: s3Table
2019-09-25 11:08:41,174 [main] INFO  db.DBStoreBuilder (DBStoreBuilder.java:processTables(161)) - Using default column profile:DBProfile.DISK for Table:s3Table
2019-09-25 11:08:41,174 [main] INFO  db.DBStoreBuilder (DBStoreBuilder.java:addTable(110)) - using custom profile for table: multipartInfoTable
2019-09-25 11:08:41,174 [main] INFO  db.DBStoreBuilder (DBStoreBuilder.java:processTables(161)) - Using default column profile:DBProfile.DISK for Table:multipartInfoTable
2019-09-25 11:08:41,174 [main] INFO  db.DBStoreBuilder (DBStoreBuilder.java:addTable(110)) - using custom profile for table: dTokenTable
2019-09-25 11:08:41,175 [main] INFO  db.DBStoreBuilder (DBStoreBuilder.java:processTables(161)) - Using default column profile:DBProfile.DISK for Table:dTokenTable
2019-09-25 11:08:41,175 [main] INFO  db.DBStoreBuilder (DBStoreBuilder.java:addTable(110)) - using custom profile for table: s3SecretTable
2019-09-25 11:08:41,175 [main] INFO  db.DBStoreBuilder (DBStoreBuilder.java:processTables(161)) - Using default column profile:DBProfile.DISK for Table:s3SecretTable
2019-09-25 11:08:41,175 [main] INFO  db.DBStoreBuilder (DBStoreBuilder.java:addTable(110)) - using custom profile for table: prefixTable
2019-09-25 11:08:41,175 [main] INFO  db.DBStoreBuilder (DBStoreBuilder.java:processTables(161)) - Using default column profile:DBProfile.DISK for Table:prefixTable
2019-09-25 11:08:41,176 [main] INFO  db.DBStoreBuilder (DBStoreBuilder.java:addTable(110)) - using custom profile for table: default
2019-09-25 11:08:41,176 [main] INFO  db.DBStoreBuilder (DBStoreBuilder.java:processTables(167)) - Using default column profile:DBProfile.DISK for Table:default
2019-09-25 11:08:41,176 [main] INFO  db.DBStoreBuilder (DBStoreBuilder.java:getDbProfile(198)) - Using default options. DBProfile.DISK
2019-09-25 11:08:41,606 [main] INFO  ipc.CallQueueManager (CallQueueManager.java:<init>(84)) - Using callQueue: class java.util.concurrent.LinkedBlockingQueue, queueCapacity: 2000, scheduler: class org.apache.hadoop.ipc.DefaultRpcScheduler, ipcBackoff: false.
2019-09-25 11:08:41,606 [Socket Reader #1 for port 45139] INFO  ipc.Server (Server.java:run(1074)) - Starting Socket Reader #1 for port 45139
2019-09-25 11:08:41,618 [main] INFO  om.OzoneManager (OzoneManager.java:start(1243)) - OzoneManager RPC server is listening at localhost/127.0.0.1:45139
2019-09-25 11:08:41,618 [main] INFO  impl.MetricsSystemImpl (MetricsSystemImpl.java:init(158)) - OzoneManager metrics system started (again)
2019-09-25 11:08:41,619 [IPC Server Responder] INFO  ipc.Server (Server.java:run(1314)) - IPC Server Responder: starting
2019-09-25 11:08:41,619 [IPC Server listener on 45139] INFO  ipc.Server (Server.java:run(1153)) - IPC Server listener on 45139: starting
2019-09-25 11:08:41,627 [main] INFO  hdfs.DFSUtil (DFSUtil.java:httpServerTemplateForNNAndJN(1641)) - Starting Web-server for ozoneManager at: http://0.0.0.0:0
2019-09-25 11:08:41,629 [main] INFO  server.AuthenticationFilter (AuthenticationFilter.java:constructSecretProvider(240)) - Unable to initialize FileSignerSecretProvider, falling back to use random secrets.
2019-09-25 11:08:41,629 [main] WARN  http.HttpRequestLog (HttpRequestLog.java:getRequestLog(97)) - Jetty request log can only be enabled using Log4j
2019-09-25 11:08:41,631 [main] INFO  http.HttpServer2 (HttpServer2.java:addGlobalFilter(975)) - Added global filter 'safety' (class=org.apache.hadoop.http.HttpServer2$QuotingInputFilter)
2019-09-25 11:08:41,631 [main] INFO  http.HttpServer2 (HttpServer2.java:addFilter(948)) - Added filter static_user_filter (class=org.apache.hadoop.http.lib.StaticUserWebFilter$StaticUserFilter) to context ozoneManager
2019-09-25 11:08:41,631 [main] INFO  http.HttpServer2 (HttpServer2.java:addFilter(958)) - Added filter static_user_filter (class=org.apache.hadoop.http.lib.StaticUserWebFilter$StaticUserFilter) to context static
2019-09-25 11:08:41,632 [main] INFO  http.HttpServer2 (HttpServer2.java:addFilter(958)) - Added filter static_user_filter (class=org.apache.hadoop.http.lib.StaticUserWebFilter$StaticUserFilter) to context logs
2019-09-25 11:08:41,632 [main] INFO  http.HttpServer2 (HttpServer2.java:bindListener(1191)) - Jetty bound to port 33846
2019-09-25 11:08:41,632 [main] INFO  server.Server (Server.java:doStart(351)) - jetty-9.3.25.v20180904, build timestamp: 2018-09-04T21:11:46Z, git hash: 3ce520221d0240229c862b122d2b06c12a625732
2019-09-25 11:08:41,634 [main] INFO  handler.ContextHandler (ContextHandler.java:doStart(781)) - Started o.e.j.s.ServletContextHandler@2ce524d2{/logs,file:///workdir/hadoop-ozone/integration-test/target/log,AVAILABLE}
2019-09-25 11:08:41,634 [main] INFO  handler.ContextHandler (ContextHandler.java:doStart(781)) - Started o.e.j.s.ServletContextHandler@e3899fd{/static,file:///workdir/hadoop-ozone/integration-test/target/test-classes/webapps/static,AVAILABLE}
2019-09-25 11:08:41,638 [main] INFO  handler.ContextHandler (ContextHandler.java:doStart(781)) - Started o.e.j.w.WebAppContext@87f501f{/,file:///workdir/hadoop-ozone/integration-test/target/test-classes/webapps/ozoneManager/,AVAILABLE}{/ozoneManager}
2019-09-25 11:08:41,639 [main] INFO  server.AbstractConnector (AbstractConnector.java:doStart(278)) - Started ServerConnector@54495935{HTTP/1.1,[http/1.1]}{0.0.0.0:33846}
2019-09-25 11:08:41,640 [main] INFO  server.Server (Server.java:doStart(419)) - Started @525187ms
2019-09-25 11:08:41,640 [main] WARN  impl.MetricsSystemImpl (MetricsSystemImpl.java:register(276)) - Sink prometheus already exists!
2019-09-25 11:08:41,641 [main] INFO  server.BaseHttpServer (BaseHttpServer.java:updateConnectorAddress(215)) - HTTP server of OZONEMANAGER is listening at http://0.0.0.0:33846
2019-09-25 11:08:41,655 [main] INFO  impl.MetricsSystemImpl (MetricsSystemImpl.java:init(158)) - HddsDatanode metrics system started (again)
2019-09-25 11:08:41,662 [main] INFO  ozone.HddsDatanodeService (HddsDatanodeService.java:start(184)) - HddsDatanodeService host:pr-hdds-1569-5gmkr-4255264070 ip:192.168.30.6
2019-09-25 11:08:41,669 [main] INFO  volume.HddsVolume (HddsVolume.java:<init>(176)) - Creating Volume: /workdir/hadoop-ozone/integration-test/target/test-dir/MiniOzoneClusterImpl-df822a65-554e-408c-8ca9-c8e2ba24269c/datanode-0/data/containers/hdds of  storage type : DISK and capacity : 1482555576320
2019-09-25 11:08:41,669 [main] INFO  volume.VolumeSet (VolumeSet.java:initializeVolumeSet(170)) - Added Volume : /workdir/hadoop-ozone/integration-test/target/test-dir/MiniOzoneClusterImpl-df822a65-554e-408c-8ca9-c8e2ba24269c/datanode-0/data/containers/hdds to VolumeSet
2019-09-25 11:08:41,669 [main] INFO  volume.ThrottledAsyncChecker (ThrottledAsyncChecker.java:schedule(139)) - Scheduling a check for org.apache.hadoop.ozone.container.common.volume.HddsVolume@30508066
2019-09-25 11:08:41,670 [main] INFO  volume.HddsVolumeChecker (HddsVolumeChecker.java:checkAllVolumes(202)) - Scheduled health check for volume org.apache.hadoop.ozone.container.common.volume.HddsVolume@30508066
2019-09-25 11:08:41,684 [main] INFO  impl.RaftServerProxy (ConfUtils.java:logGet(43)) - raft.rpc.type = GRPC (default)
2019-09-25 11:08:41,684 [main] INFO  grpc.GrpcFactory (GrpcFactory.java:checkPooledByteBufAllocatorUseCacheForAllThreads(45)) - PERFORMANCE WARNING: useCacheForAllThreads is true that may cause Netty to create a lot garbage objects and, as a result, trigger GC.
	It is recommended to disable useCacheForAllThreads by setting -Dorg.apache.ratis.thirdparty.io.netty.allocator.useCacheForAllThreads=false in command line.
2019-09-25 11:08:41,684 [main] INFO  grpc.GrpcConfigKeys$Server (ConfUtils.java:logGet(43)) - raft.grpc.server.port = 0 (default)
2019-09-25 11:08:41,684 [main] INFO  server.GrpcService (ConfUtils.java:logGet(43)) - raft.grpc.message.size.max = 33570816 (custom)
2019-09-25 11:08:41,684 [main] INFO  server.RaftServerConfigKeys (ConfUtils.java:logGet(43)) - raft.server.log.appender.buffer.byte-limit = 33554432 (custom)
2019-09-25 11:08:41,685 [main] INFO  server.GrpcService (ConfUtils.java:logGet(43)) - raft.grpc.flow.control.window = 1MB (=1048576) (default)
2019-09-25 11:08:41,685 [main] INFO  server.RaftServerConfigKeys (ConfUtils.java:logGet(43)) - raft.server.rpc.request.timeout = 3000ms (default)
2019-09-25 11:08:41,685 [main] INFO  server.RaftServerConfigKeys (ConfUtils.java:logGet(43)) - raft.server.storage.dir = [/workdir/hadoop-ozone/integration-test/target/test-dir/MiniOzoneClusterImpl-df822a65-554e-408c-8ca9-c8e2ba24269c/datanode-0/data/ratis] (custom)
2019-09-25 11:08:41,687 [main] INFO  hdfs.DFSUtil (DFSUtil.java:httpServerTemplateForNNAndJN(1641)) - Starting Web-server for hddsDatanode at: http://0.0.0.0:0
2019-09-25 11:08:41,688 [main] INFO  server.AuthenticationFilter (AuthenticationFilter.java:constructSecretProvider(240)) - Unable to initialize FileSignerSecretProvider, falling back to use random secrets.
2019-09-25 11:08:41,688 [main] WARN  http.HttpRequestLog (HttpRequestLog.java:getRequestLog(97)) - Jetty request log can only be enabled using Log4j
2019-09-25 11:08:41,690 [main] INFO  http.HttpServer2 (HttpServer2.java:addGlobalFilter(975)) - Added global filter 'safety' (class=org.apache.hadoop.http.HttpServer2$QuotingInputFilter)
2019-09-25 11:08:41,690 [main] INFO  http.HttpServer2 (HttpServer2.java:addFilter(948)) - Added filter static_user_filter (class=org.apache.hadoop.http.lib.StaticUserWebFilter$StaticUserFilter) to context hddsDatanode
2019-09-25 11:08:41,690 [main] INFO  http.HttpServer2 (HttpServer2.java:addFilter(958)) - Added filter static_user_filter (class=org.apache.hadoop.http.lib.StaticUserWebFilter$StaticUserFilter) to context logs
2019-09-25 11:08:41,690 [main] INFO  http.HttpServer2 (HttpServer2.java:addFilter(958)) - Added filter static_user_filter (class=org.apache.hadoop.http.lib.StaticUserWebFilter$StaticUserFilter) to context static
2019-09-25 11:08:41,691 [main] INFO  http.HttpServer2 (HttpServer2.java:bindListener(1191)) - Jetty bound to port 33435
2019-09-25 11:08:41,691 [main] INFO  server.Server (Server.java:doStart(351)) - jetty-9.3.25.v20180904, build timestamp: 2018-09-04T21:11:46Z, git hash: 3ce520221d0240229c862b122d2b06c12a625732
2019-09-25 11:08:41,693 [main] INFO  handler.ContextHandler (ContextHandler.java:doStart(781)) - Started o.e.j.s.ServletContextHandler@5329f6b3{/logs,file:///workdir/hadoop-ozone/integration-test/target/log,AVAILABLE}
2019-09-25 11:08:41,693 [main] INFO  handler.ContextHandler (ContextHandler.java:doStart(781)) - Started o.e.j.s.ServletContextHandler@77324a58{/static,jar:file:/home/user/.m2/repository/org/apache/hadoop/hadoop-hdds-container-service/0.5.0-SNAPSHOT/hadoop-hdds-container-service-0.5.0-SNAPSHOT.jar!/webapps/static,AVAILABLE}
2019-09-25 11:08:41,721 [main] INFO  handler.ContextHandler (ContextHandler.java:doStart(781)) - Started o.e.j.w.WebAppContext@ef86c72{/,file:///tmp/jetty-0.0.0.0-33435-hddsDatanode-_-any-7406734919395679937.dir/webapp/,AVAILABLE}{/hddsDatanode}
2019-09-25 11:08:41,721 [main] INFO  server.AbstractConnector (AbstractConnector.java:doStart(278)) - Started ServerConnector@123307c4{HTTP/1.1,[http/1.1]}{0.0.0.0:33435}
2019-09-25 11:08:41,723 [main] INFO  server.Server (Server.java:doStart(419)) - Started @525270ms
2019-09-25 11:08:41,723 [main] WARN  impl.MetricsSystemImpl (MetricsSystemImpl.java:register(276)) - Sink prometheus already exists!
2019-09-25 11:08:41,724 [main] INFO  server.BaseHttpServer (BaseHttpServer.java:updateConnectorAddress(215)) - HTTP server of HDDSDATANODE is listening at http://0.0.0.0:33435
2019-09-25 11:08:41,724 [main] INFO  impl.MetricsSystemImpl (MetricsSystemImpl.java:init(158)) - HddsDatanode metrics system started (again)
2019-09-25 11:08:41,732 [org.apache.hadoop.util.JvmPauseMonitor$Monitor@29b25216] INFO  util.JvmPauseMonitor (JvmPauseMonitor.java:run(188)) - Starting JVM pause monitor
2019-09-25 11:08:41,734 [main] INFO  ozone.HddsDatanodeService (HddsDatanodeService.java:start(184)) - HddsDatanodeService host:pr-hdds-1569-5gmkr-4255264070 ip:192.168.30.6
2019-09-25 11:08:41,734 [Datanode State Machine Thread - 0] INFO  datanode.InitDatanodeState (InitDatanodeState.java:persistContainerDatanodeDetails(140)) - DatanodeDetails is persisted to /workdir/hadoop-ozone/integration-test/target/test-dir/MiniOzoneClusterImpl-df822a65-554e-408c-8ca9-c8e2ba24269c/datanode-0/meta/datanode.id
2019-09-25 11:08:41,741 [main] INFO  volume.HddsVolume (HddsVolume.java:<init>(176)) - Creating Volume: /workdir/hadoop-ozone/integration-test/target/test-dir/MiniOzoneClusterImpl-df822a65-554e-408c-8ca9-c8e2ba24269c/datanode-1/data/containers/hdds of  storage type : DISK and capacity : 1482555576320
2019-09-25 11:08:41,741 [main] INFO  volume.VolumeSet (VolumeSet.java:initializeVolumeSet(170)) - Added Volume : /workdir/hadoop-ozone/integration-test/target/test-dir/MiniOzoneClusterImpl-df822a65-554e-408c-8ca9-c8e2ba24269c/datanode-1/data/containers/hdds to VolumeSet
2019-09-25 11:08:41,742 [main] INFO  volume.ThrottledAsyncChecker (ThrottledAsyncChecker.java:schedule(139)) - Scheduling a check for org.apache.hadoop.ozone.container.common.volume.HddsVolume@2f4d32bf
2019-09-25 11:08:41,742 [main] INFO  volume.HddsVolumeChecker (HddsVolumeChecker.java:checkAllVolumes(202)) - Scheduled health check for volume org.apache.hadoop.ozone.container.common.volume.HddsVolume@2f4d32bf
2019-09-25 11:08:41,759 [main] INFO  impl.RaftServerProxy (ConfUtils.java:logGet(43)) - raft.rpc.type = GRPC (default)
2019-09-25 11:08:41,759 [main] INFO  grpc.GrpcFactory (GrpcFactory.java:checkPooledByteBufAllocatorUseCacheForAllThreads(45)) - PERFORMANCE WARNING: useCacheForAllThreads is true that may cause Netty to create a lot garbage objects and, as a result, trigger GC.
	It is recommended to disable useCacheForAllThreads by setting -Dorg.apache.ratis.thirdparty.io.netty.allocator.useCacheForAllThreads=false in command line.
2019-09-25 11:08:41,759 [main] INFO  grpc.GrpcConfigKeys$Server (ConfUtils.java:logGet(43)) - raft.grpc.server.port = 0 (default)
2019-09-25 11:08:41,759 [main] INFO  server.GrpcService (ConfUtils.java:logGet(43)) - raft.grpc.message.size.max = 33570816 (custom)
2019-09-25 11:08:41,760 [main] INFO  server.RaftServerConfigKeys (ConfUtils.java:logGet(43)) - raft.server.log.appender.buffer.byte-limit = 33554432 (custom)
2019-09-25 11:08:41,760 [main] INFO  server.GrpcService (ConfUtils.java:logGet(43)) - raft.grpc.flow.control.window = 1MB (=1048576) (default)
2019-09-25 11:08:41,760 [main] INFO  server.RaftServerConfigKeys (ConfUtils.java:logGet(43)) - raft.server.rpc.request.timeout = 3000ms (default)
2019-09-25 11:08:41,760 [main] INFO  server.RaftServerConfigKeys (ConfUtils.java:logGet(43)) - raft.server.storage.dir = [/workdir/hadoop-ozone/integration-test/target/test-dir/MiniOzoneClusterImpl-df822a65-554e-408c-8ca9-c8e2ba24269c/datanode-1/data/ratis] (custom)
2019-09-25 11:08:41,762 [main] INFO  hdfs.DFSUtil (DFSUtil.java:httpServerTemplateForNNAndJN(1641)) - Starting Web-server for hddsDatanode at: http://0.0.0.0:0
2019-09-25 11:08:41,763 [main] INFO  server.AuthenticationFilter (AuthenticationFilter.java:constructSecretProvider(240)) - Unable to initialize FileSignerSecretProvider, falling back to use random secrets.
2019-09-25 11:08:41,764 [main] WARN  http.HttpRequestLog (HttpRequestLog.java:getRequestLog(97)) - Jetty request log can only be enabled using Log4j
2019-09-25 11:08:41,765 [main] INFO  http.HttpServer2 (HttpServer2.java:addGlobalFilter(975)) - Added global filter 'safety' (class=org.apache.hadoop.http.HttpServer2$QuotingInputFilter)
2019-09-25 11:08:41,766 [main] INFO  http.HttpServer2 (HttpServer2.java:addFilter(948)) - Added filter static_user_filter (class=org.apache.hadoop.http.lib.StaticUserWebFilter$StaticUserFilter) to context hddsDatanode
2019-09-25 11:08:41,766 [main] INFO  http.HttpServer2 (HttpServer2.java:addFilter(958)) - Added filter static_user_filter (class=org.apache.hadoop.http.lib.StaticUserWebFilter$StaticUserFilter) to context logs
2019-09-25 11:08:41,766 [main] INFO  http.HttpServer2 (HttpServer2.java:addFilter(958)) - Added filter static_user_filter (class=org.apache.hadoop.http.lib.StaticUserWebFilter$StaticUserFilter) to context static
2019-09-25 11:08:41,767 [main] INFO  http.HttpServer2 (HttpServer2.java:bindListener(1191)) - Jetty bound to port 39448
2019-09-25 11:08:41,767 [main] INFO  server.Server (Server.java:doStart(351)) - jetty-9.3.25.v20180904, build timestamp: 2018-09-04T21:11:46Z, git hash: 3ce520221d0240229c862b122d2b06c12a625732
2019-09-25 11:08:41,768 [main] INFO  handler.ContextHandler (ContextHandler.java:doStart(781)) - Started o.e.j.s.ServletContextHandler@3ca3648{/logs,file:///workdir/hadoop-ozone/integration-test/target/log,AVAILABLE}
2019-09-25 11:08:41,769 [main] INFO  handler.ContextHandler (ContextHandler.java:doStart(781)) - Started o.e.j.s.ServletContextHandler@39f0c343{/static,jar:file:/home/user/.m2/repository/org/apache/hadoop/hadoop-hdds-container-service/0.5.0-SNAPSHOT/hadoop-hdds-container-service-0.5.0-SNAPSHOT.jar!/webapps/static,AVAILABLE}
2019-09-25 11:08:41,796 [main] INFO  handler.ContextHandler (ContextHandler.java:doStart(781)) - Started o.e.j.w.WebAppContext@3be3e76c{/,file:///tmp/jetty-0.0.0.0-39448-hddsDatanode-_-any-7062412364672381955.dir/webapp/,AVAILABLE}{/hddsDatanode}
2019-09-25 11:08:41,797 [main] INFO  server.AbstractConnector (AbstractConnector.java:doStart(278)) - Started ServerConnector@6c07ad6b{HTTP/1.1,[http/1.1]}{0.0.0.0:39448}
2019-09-25 11:08:41,799 [main] INFO  server.Server (Server.java:doStart(419)) - Started @525346ms
2019-09-25 11:08:41,799 [main] WARN  impl.MetricsSystemImpl (MetricsSystemImpl.java:register(276)) - Sink prometheus already exists!
2019-09-25 11:08:41,800 [main] INFO  server.BaseHttpServer (BaseHttpServer.java:updateConnectorAddress(215)) - HTTP server of HDDSDATANODE is listening at http://0.0.0.0:39448
2019-09-25 11:08:41,800 [main] INFO  impl.MetricsSystemImpl (MetricsSystemImpl.java:init(158)) - HddsDatanode metrics system started (again)
2019-09-25 11:08:41,807 [org.apache.hadoop.util.JvmPauseMonitor$Monitor@3467fec0] INFO  util.JvmPauseMonitor (JvmPauseMonitor.java:run(188)) - Starting JVM pause monitor
2019-09-25 11:08:41,808 [main] INFO  ozone.HddsDatanodeService (HddsDatanodeService.java:start(184)) - HddsDatanodeService host:pr-hdds-1569-5gmkr-4255264070 ip:192.168.30.6
2019-09-25 11:08:41,808 [Datanode State Machine Thread - 0] INFO  datanode.InitDatanodeState (InitDatanodeState.java:persistContainerDatanodeDetails(140)) - DatanodeDetails is persisted to /workdir/hadoop-ozone/integration-test/target/test-dir/MiniOzoneClusterImpl-df822a65-554e-408c-8ca9-c8e2ba24269c/datanode-1/meta/datanode.id
2019-09-25 11:08:41,815 [main] INFO  volume.HddsVolume (HddsVolume.java:<init>(176)) - Creating Volume: /workdir/hadoop-ozone/integration-test/target/test-dir/MiniOzoneClusterImpl-df822a65-554e-408c-8ca9-c8e2ba24269c/datanode-2/data/containers/hdds of  storage type : DISK and capacity : 1482555576320
2019-09-25 11:08:41,816 [main] INFO  volume.VolumeSet (VolumeSet.java:initializeVolumeSet(170)) - Added Volume : /workdir/hadoop-ozone/integration-test/target/test-dir/MiniOzoneClusterImpl-df822a65-554e-408c-8ca9-c8e2ba24269c/datanode-2/data/containers/hdds to VolumeSet
2019-09-25 11:08:41,816 [main] INFO  volume.ThrottledAsyncChecker (ThrottledAsyncChecker.java:schedule(139)) - Scheduling a check for org.apache.hadoop.ozone.container.common.volume.HddsVolume@150fc7a7
2019-09-25 11:08:41,816 [main] INFO  volume.HddsVolumeChecker (HddsVolumeChecker.java:checkAllVolumes(202)) - Scheduled health check for volume org.apache.hadoop.ozone.container.common.volume.HddsVolume@150fc7a7
2019-09-25 11:08:41,833 [main] INFO  impl.RaftServerProxy (ConfUtils.java:logGet(43)) - raft.rpc.type = GRPC (default)
2019-09-25 11:08:41,833 [main] INFO  grpc.GrpcFactory (GrpcFactory.java:checkPooledByteBufAllocatorUseCacheForAllThreads(45)) - PERFORMANCE WARNING: useCacheForAllThreads is true that may cause Netty to create a lot garbage objects and, as a result, trigger GC.
	It is recommended to disable useCacheForAllThreads by setting -Dorg.apache.ratis.thirdparty.io.netty.allocator.useCacheForAllThreads=false in command line.
2019-09-25 11:08:41,833 [main] INFO  grpc.GrpcConfigKeys$Server (ConfUtils.java:logGet(43)) - raft.grpc.server.port = 0 (default)
2019-09-25 11:08:41,833 [main] INFO  server.GrpcService (ConfUtils.java:logGet(43)) - raft.grpc.message.size.max = 33570816 (custom)
2019-09-25 11:08:41,834 [main] INFO  server.RaftServerConfigKeys (ConfUtils.java:logGet(43)) - raft.server.log.appender.buffer.byte-limit = 33554432 (custom)
2019-09-25 11:08:41,834 [main] INFO  server.GrpcService (ConfUtils.java:logGet(43)) - raft.grpc.flow.control.window = 1MB (=1048576) (default)
2019-09-25 11:08:41,834 [main] INFO  server.RaftServerConfigKeys (ConfUtils.java:logGet(43)) - raft.server.rpc.request.timeout = 3000ms (default)
2019-09-25 11:08:41,835 [main] INFO  server.RaftServerConfigKeys (ConfUtils.java:logGet(43)) - raft.server.storage.dir = [/workdir/hadoop-ozone/integration-test/target/test-dir/MiniOzoneClusterImpl-df822a65-554e-408c-8ca9-c8e2ba24269c/datanode-2/data/ratis] (custom)
2019-09-25 11:08:41,836 [main] INFO  hdfs.DFSUtil (DFSUtil.java:httpServerTemplateForNNAndJN(1641)) - Starting Web-server for hddsDatanode at: http://0.0.0.0:0
2019-09-25 11:08:41,838 [main] INFO  server.AuthenticationFilter (AuthenticationFilter.java:constructSecretProvider(240)) - Unable to initialize FileSignerSecretProvider, falling back to use random secrets.
2019-09-25 11:08:41,838 [main] WARN  http.HttpRequestLog (HttpRequestLog.java:getRequestLog(97)) - Jetty request log can only be enabled using Log4j
2019-09-25 11:08:41,839 [main] INFO  http.HttpServer2 (HttpServer2.java:addGlobalFilter(975)) - Added global filter 'safety' (class=org.apache.hadoop.http.HttpServer2$QuotingInputFilter)
2019-09-25 11:08:41,840 [main] INFO  http.HttpServer2 (HttpServer2.java:addFilter(948)) - Added filter static_user_filter (class=org.apache.hadoop.http.lib.StaticUserWebFilter$StaticUserFilter) to context hddsDatanode
2019-09-25 11:08:41,840 [main] INFO  http.HttpServer2 (HttpServer2.java:addFilter(958)) - Added filter static_user_filter (class=org.apache.hadoop.http.lib.StaticUserWebFilter$StaticUserFilter) to context logs
2019-09-25 11:08:41,840 [main] INFO  http.HttpServer2 (HttpServer2.java:addFilter(958)) - Added filter static_user_filter (class=org.apache.hadoop.http.lib.StaticUserWebFilter$StaticUserFilter) to context static
2019-09-25 11:08:41,841 [main] INFO  http.HttpServer2 (HttpServer2.java:bindListener(1191)) - Jetty bound to port 39058
2019-09-25 11:08:41,841 [main] INFO  server.Server (Server.java:doStart(351)) - jetty-9.3.25.v20180904, build timestamp: 2018-09-04T21:11:46Z, git hash: 3ce520221d0240229c862b122d2b06c12a625732
2019-09-25 11:08:41,842 [main] INFO  handler.ContextHandler (ContextHandler.java:doStart(781)) - Started o.e.j.s.ServletContextHandler@7cf8f45a{/logs,file:///workdir/hadoop-ozone/integration-test/target/log,AVAILABLE}
2019-09-25 11:08:41,843 [main] INFO  handler.ContextHandler (ContextHandler.java:doStart(781)) - Started o.e.j.s.ServletContextHandler@204d9edf{/static,jar:file:/home/user/.m2/repository/org/apache/hadoop/hadoop-hdds-container-service/0.5.0-SNAPSHOT/hadoop-hdds-container-service-0.5.0-SNAPSHOT.jar!/webapps/static,AVAILABLE}
2019-09-25 11:08:41,870 [main] INFO  handler.ContextHandler (ContextHandler.java:doStart(781)) - Started o.e.j.w.WebAppContext@5c59a0f7{/,file:///tmp/jetty-0.0.0.0-39058-hddsDatanode-_-any-5940033363641735136.dir/webapp/,AVAILABLE}{/hddsDatanode}
2019-09-25 11:08:41,871 [main] INFO  server.AbstractConnector (AbstractConnector.java:doStart(278)) - Started ServerConnector@101330ad{HTTP/1.1,[http/1.1]}{0.0.0.0:39058}
2019-09-25 11:08:41,873 [main] INFO  server.Server (Server.java:doStart(419)) - Started @525420ms
2019-09-25 11:08:41,873 [main] WARN  impl.MetricsSystemImpl (MetricsSystemImpl.java:register(276)) - Sink prometheus already exists!
2019-09-25 11:08:41,874 [main] INFO  server.BaseHttpServer (BaseHttpServer.java:updateConnectorAddress(215)) - HTTP server of HDDSDATANODE is listening at http://0.0.0.0:39058
2019-09-25 11:08:41,874 [main] INFO  impl.MetricsSystemImpl (MetricsSystemImpl.java:init(158)) - HddsDatanode metrics system started (again)
2019-09-25 11:08:41,882 [org.apache.hadoop.util.JvmPauseMonitor$Monitor@4ea0ccea] INFO  util.JvmPauseMonitor (JvmPauseMonitor.java:run(188)) - Starting JVM pause monitor
2019-09-25 11:08:41,883 [main] INFO  ozone.HddsDatanodeService (HddsDatanodeService.java:start(184)) - HddsDatanodeService host:pr-hdds-1569-5gmkr-4255264070 ip:192.168.30.6
2019-09-25 11:08:41,884 [Datanode State Machine Thread - 0] INFO  datanode.InitDatanodeState (InitDatanodeState.java:persistContainerDatanodeDetails(140)) - DatanodeDetails is persisted to /workdir/hadoop-ozone/integration-test/target/test-dir/MiniOzoneClusterImpl-df822a65-554e-408c-8ca9-c8e2ba24269c/datanode-2/meta/datanode.id
2019-09-25 11:08:41,891 [main] INFO  volume.HddsVolume (HddsVolume.java:<init>(176)) - Creating Volume: /workdir/hadoop-ozone/integration-test/target/test-dir/MiniOzoneClusterImpl-df822a65-554e-408c-8ca9-c8e2ba24269c/datanode-3/data/containers/hdds of  storage type : DISK and capacity : 1482555576320
2019-09-25 11:08:41,892 [main] INFO  volume.VolumeSet (VolumeSet.java:initializeVolumeSet(170)) - Added Volume : /workdir/hadoop-ozone/integration-test/target/test-dir/MiniOzoneClusterImpl-df822a65-554e-408c-8ca9-c8e2ba24269c/datanode-3/data/containers/hdds to VolumeSet
2019-09-25 11:08:41,892 [main] INFO  volume.ThrottledAsyncChecker (ThrottledAsyncChecker.java:schedule(139)) - Scheduling a check for org.apache.hadoop.ozone.container.common.volume.HddsVolume@79be91eb
2019-09-25 11:08:41,892 [main] INFO  volume.HddsVolumeChecker (HddsVolumeChecker.java:checkAllVolumes(202)) - Scheduled health check for volume org.apache.hadoop.ozone.container.common.volume.HddsVolume@79be91eb
2019-09-25 11:08:41,908 [main] INFO  impl.RaftServerProxy (ConfUtils.java:logGet(43)) - raft.rpc.type = GRPC (default)
2019-09-25 11:08:41,908 [main] INFO  grpc.GrpcFactory (GrpcFactory.java:checkPooledByteBufAllocatorUseCacheForAllThreads(45)) - PERFORMANCE WARNING: useCacheForAllThreads is true that may cause Netty to create a lot garbage objects and, as a result, trigger GC.
	It is recommended to disable useCacheForAllThreads by setting -Dorg.apache.ratis.thirdparty.io.netty.allocator.useCacheForAllThreads=false in command line.
2019-09-25 11:08:41,908 [main] INFO  grpc.GrpcConfigKeys$Server (ConfUtils.java:logGet(43)) - raft.grpc.server.port = 0 (default)
2019-09-25 11:08:41,909 [main] INFO  server.GrpcService (ConfUtils.java:logGet(43)) - raft.grpc.message.size.max = 33570816 (custom)
2019-09-25 11:08:41,909 [main] INFO  server.RaftServerConfigKeys (ConfUtils.java:logGet(43)) - raft.server.log.appender.buffer.byte-limit = 33554432 (custom)
2019-09-25 11:08:41,909 [main] INFO  server.GrpcService (ConfUtils.java:logGet(43)) - raft.grpc.flow.control.window = 1MB (=1048576) (default)
2019-09-25 11:08:41,909 [main] INFO  server.RaftServerConfigKeys (ConfUtils.java:logGet(43)) - raft.server.rpc.request.timeout = 3000ms (default)
2019-09-25 11:08:41,910 [main] INFO  server.RaftServerConfigKeys (ConfUtils.java:logGet(43)) - raft.server.storage.dir = [/workdir/hadoop-ozone/integration-test/target/test-dir/MiniOzoneClusterImpl-df822a65-554e-408c-8ca9-c8e2ba24269c/datanode-3/data/ratis] (custom)
2019-09-25 11:08:41,911 [main] INFO  hdfs.DFSUtil (DFSUtil.java:httpServerTemplateForNNAndJN(1641)) - Starting Web-server for hddsDatanode at: http://0.0.0.0:0
2019-09-25 11:08:41,912 [main] INFO  server.AuthenticationFilter (AuthenticationFilter.java:constructSecretProvider(240)) - Unable to initialize FileSignerSecretProvider, falling back to use random secrets.
2019-09-25 11:08:41,913 [main] WARN  http.HttpRequestLog (HttpRequestLog.java:getRequestLog(97)) - Jetty request log can only be enabled using Log4j
2019-09-25 11:08:41,914 [main] INFO  http.HttpServer2 (HttpServer2.java:addGlobalFilter(975)) - Added global filter 'safety' (class=org.apache.hadoop.http.HttpServer2$QuotingInputFilter)
2019-09-25 11:08:41,914 [main] INFO  http.HttpServer2 (HttpServer2.java:addFilter(948)) - Added filter static_user_filter (class=org.apache.hadoop.http.lib.StaticUserWebFilter$StaticUserFilter) to context hddsDatanode
2019-09-25 11:08:41,915 [main] INFO  http.HttpServer2 (HttpServer2.java:addFilter(958)) - Added filter static_user_filter (class=org.apache.hadoop.http.lib.StaticUserWebFilter$StaticUserFilter) to context static
2019-09-25 11:08:41,915 [main] INFO  http.HttpServer2 (HttpServer2.java:addFilter(958)) - Added filter static_user_filter (class=org.apache.hadoop.http.lib.StaticUserWebFilter$StaticUserFilter) to context logs
2019-09-25 11:08:41,915 [main] INFO  http.HttpServer2 (HttpServer2.java:bindListener(1191)) - Jetty bound to port 41846
2019-09-25 11:08:41,916 [main] INFO  server.Server (Server.java:doStart(351)) - jetty-9.3.25.v20180904, build timestamp: 2018-09-04T21:11:46Z, git hash: 3ce520221d0240229c862b122d2b06c12a625732
2019-09-25 11:08:41,917 [main] INFO  handler.ContextHandler (ContextHandler.java:doStart(781)) - Started o.e.j.s.ServletContextHandler@3a3883c4{/logs,file:///workdir/hadoop-ozone/integration-test/target/log,AVAILABLE}
2019-09-25 11:08:41,918 [main] INFO  handler.ContextHandler (ContextHandler.java:doStart(781)) - Started o.e.j.s.ServletContextHandler@573aeab2{/static,jar:file:/home/user/.m2/repository/org/apache/hadoop/hadoop-hdds-container-service/0.5.0-SNAPSHOT/hadoop-hdds-container-service-0.5.0-SNAPSHOT.jar!/webapps/static,AVAILABLE}
2019-09-25 11:08:41,945 [main] INFO  handler.ContextHandler (ContextHandler.java:doStart(781)) - Started o.e.j.w.WebAppContext@66756662{/,file:///tmp/jetty-0.0.0.0-41846-hddsDatanode-_-any-4190813290781684470.dir/webapp/,AVAILABLE}{/hddsDatanode}
2019-09-25 11:08:41,946 [main] INFO  server.AbstractConnector (AbstractConnector.java:doStart(278)) - Started ServerConnector@5d14e99e{HTTP/1.1,[http/1.1]}{0.0.0.0:41846}
2019-09-25 11:08:41,948 [main] INFO  server.Server (Server.java:doStart(419)) - Started @525495ms
2019-09-25 11:08:41,948 [main] WARN  impl.MetricsSystemImpl (MetricsSystemImpl.java:register(276)) - Sink prometheus already exists!
2019-09-25 11:08:41,948 [main] INFO  server.BaseHttpServer (BaseHttpServer.java:updateConnectorAddress(215)) - HTTP server of HDDSDATANODE is listening at http://0.0.0.0:41846
2019-09-25 11:08:41,949 [main] INFO  impl.MetricsSystemImpl (MetricsSystemImpl.java:init(158)) - HddsDatanode metrics system started (again)
2019-09-25 11:08:41,957 [org.apache.hadoop.util.JvmPauseMonitor$Monitor@5e888b0b] INFO  util.JvmPauseMonitor (JvmPauseMonitor.java:run(188)) - Starting JVM pause monitor
2019-09-25 11:08:41,958 [main] INFO  ozone.HddsDatanodeService (HddsDatanodeService.java:start(184)) - HddsDatanodeService host:pr-hdds-1569-5gmkr-4255264070 ip:192.168.30.6
2019-09-25 11:08:41,958 [Datanode State Machine Thread - 0] INFO  datanode.InitDatanodeState (InitDatanodeState.java:persistContainerDatanodeDetails(140)) - DatanodeDetails is persisted to /workdir/hadoop-ozone/integration-test/target/test-dir/MiniOzoneClusterImpl-df822a65-554e-408c-8ca9-c8e2ba24269c/datanode-3/meta/datanode.id
2019-09-25 11:08:41,965 [main] INFO  volume.HddsVolume (HddsVolume.java:<init>(176)) - Creating Volume: /workdir/hadoop-ozone/integration-test/target/test-dir/MiniOzoneClusterImpl-df822a65-554e-408c-8ca9-c8e2ba24269c/datanode-4/data/containers/hdds of  storage type : DISK and capacity : 1482555576320
2019-09-25 11:08:41,965 [main] INFO  volume.VolumeSet (VolumeSet.java:initializeVolumeSet(170)) - Added Volume : /workdir/hadoop-ozone/integration-test/target/test-dir/MiniOzoneClusterImpl-df822a65-554e-408c-8ca9-c8e2ba24269c/datanode-4/data/containers/hdds to VolumeSet
2019-09-25 11:08:41,965 [main] INFO  volume.ThrottledAsyncChecker (ThrottledAsyncChecker.java:schedule(139)) - Scheduling a check for org.apache.hadoop.ozone.container.common.volume.HddsVolume@718989fa
2019-09-25 11:08:41,966 [main] INFO  volume.HddsVolumeChecker (HddsVolumeChecker.java:checkAllVolumes(202)) - Scheduled health check for volume org.apache.hadoop.ozone.container.common.volume.HddsVolume@718989fa
2019-09-25 11:08:41,982 [main] INFO  impl.RaftServerProxy (ConfUtils.java:logGet(43)) - raft.rpc.type = GRPC (default)
2019-09-25 11:08:41,982 [main] INFO  grpc.GrpcFactory (GrpcFactory.java:checkPooledByteBufAllocatorUseCacheForAllThreads(45)) - PERFORMANCE WARNING: useCacheForAllThreads is true that may cause Netty to create a lot garbage objects and, as a result, trigger GC.
	It is recommended to disable useCacheForAllThreads by setting -Dorg.apache.ratis.thirdparty.io.netty.allocator.useCacheForAllThreads=false in command line.
2019-09-25 11:08:41,983 [main] INFO  grpc.GrpcConfigKeys$Server (ConfUtils.java:logGet(43)) - raft.grpc.server.port = 0 (default)
2019-09-25 11:08:41,983 [main] INFO  server.GrpcService (ConfUtils.java:logGet(43)) - raft.grpc.message.size.max = 33570816 (custom)
2019-09-25 11:08:41,983 [main] INFO  server.RaftServerConfigKeys (ConfUtils.java:logGet(43)) - raft.server.log.appender.buffer.byte-limit = 33554432 (custom)
2019-09-25 11:08:41,983 [main] INFO  server.GrpcService (ConfUtils.java:logGet(43)) - raft.grpc.flow.control.window = 1MB (=1048576) (default)
2019-09-25 11:08:41,983 [main] INFO  server.RaftServerConfigKeys (ConfUtils.java:logGet(43)) - raft.server.rpc.request.timeout = 3000ms (default)
2019-09-25 11:08:41,984 [main] INFO  server.RaftServerConfigKeys (ConfUtils.java:logGet(43)) - raft.server.storage.dir = [/workdir/hadoop-ozone/integration-test/target/test-dir/MiniOzoneClusterImpl-df822a65-554e-408c-8ca9-c8e2ba24269c/datanode-4/data/ratis] (custom)
2019-09-25 11:08:41,985 [main] INFO  hdfs.DFSUtil (DFSUtil.java:httpServerTemplateForNNAndJN(1641)) - Starting Web-server for hddsDatanode at: http://0.0.0.0:0
2019-09-25 11:08:41,987 [main] INFO  server.AuthenticationFilter (AuthenticationFilter.java:constructSecretProvider(240)) - Unable to initialize FileSignerSecretProvider, falling back to use random secrets.
2019-09-25 11:08:41,987 [main] WARN  http.HttpRequestLog (HttpRequestLog.java:getRequestLog(97)) - Jetty request log can only be enabled using Log4j
2019-09-25 11:08:41,988 [main] INFO  http.HttpServer2 (HttpServer2.java:addGlobalFilter(975)) - Added global filter 'safety' (class=org.apache.hadoop.http.HttpServer2$QuotingInputFilter)
2019-09-25 11:08:41,989 [main] INFO  http.HttpServer2 (HttpServer2.java:addFilter(948)) - Added filter static_user_filter (class=org.apache.hadoop.http.lib.StaticUserWebFilter$StaticUserFilter) to context hddsDatanode
2019-09-25 11:08:41,989 [main] INFO  http.HttpServer2 (HttpServer2.java:addFilter(958)) - Added filter static_user_filter (class=org.apache.hadoop.http.lib.StaticUserWebFilter$StaticUserFilter) to context logs
2019-09-25 11:08:41,989 [main] INFO  http.HttpServer2 (HttpServer2.java:addFilter(958)) - Added filter static_user_filter (class=org.apache.hadoop.http.lib.StaticUserWebFilter$StaticUserFilter) to context static
2019-09-25 11:08:41,990 [main] INFO  http.HttpServer2 (HttpServer2.java:bindListener(1191)) - Jetty bound to port 34983
2019-09-25 11:08:41,990 [main] INFO  server.Server (Server.java:doStart(351)) - jetty-9.3.25.v20180904, build timestamp: 2018-09-04T21:11:46Z, git hash: 3ce520221d0240229c862b122d2b06c12a625732
2019-09-25 11:08:41,992 [main] INFO  handler.ContextHandler (ContextHandler.java:doStart(781)) - Started o.e.j.s.ServletContextHandler@2f15a964{/logs,file:///workdir/hadoop-ozone/integration-test/target/log,AVAILABLE}
2019-09-25 11:08:41,992 [main] INFO  handler.ContextHandler (ContextHandler.java:doStart(781)) - Started o.e.j.s.ServletContextHandler@2d70f312{/static,jar:file:/home/user/.m2/repository/org/apache/hadoop/hadoop-hdds-container-service/0.5.0-SNAPSHOT/hadoop-hdds-container-service-0.5.0-SNAPSHOT.jar!/webapps/static,AVAILABLE}
2019-09-25 11:08:42,020 [main] INFO  handler.ContextHandler (ContextHandler.java:doStart(781)) - Started o.e.j.w.WebAppContext@6aff97d6{/,file:///tmp/jetty-0.0.0.0-34983-hddsDatanode-_-any-3577733672616872301.dir/webapp/,AVAILABLE}{/hddsDatanode}
2019-09-25 11:08:42,020 [main] INFO  server.AbstractConnector (AbstractConnector.java:doStart(278)) - Started ServerConnector@1d60059f{HTTP/1.1,[http/1.1]}{0.0.0.0:34983}
2019-09-25 11:08:42,020 [main] INFO  server.Server (Server.java:doStart(419)) - Started @525567ms
2019-09-25 11:08:42,022 [main] WARN  impl.MetricsSystemImpl (MetricsSystemImpl.java:register(276)) - Sink prometheus already exists!
2019-09-25 11:08:42,023 [main] INFO  server.BaseHttpServer (BaseHttpServer.java:updateConnectorAddress(215)) - HTTP server of HDDSDATANODE is listening at http://0.0.0.0:34983
2019-09-25 11:08:42,023 [main] INFO  impl.MetricsSystemImpl (MetricsSystemImpl.java:init(158)) - HddsDatanode metrics system started (again)
2019-09-25 11:08:42,032 [org.apache.hadoop.util.JvmPauseMonitor$Monitor@4e5c02e9] INFO  util.JvmPauseMonitor (JvmPauseMonitor.java:run(188)) - Starting JVM pause monitor
2019-09-25 11:08:42,033 [main] INFO  ozone.HddsDatanodeService (HddsDatanodeService.java:start(184)) - HddsDatanodeService host:pr-hdds-1569-5gmkr-4255264070 ip:192.168.30.6
2019-09-25 11:08:42,033 [Datanode State Machine Thread - 0] INFO  datanode.InitDatanodeState (InitDatanodeState.java:persistContainerDatanodeDetails(140)) - DatanodeDetails is persisted to /workdir/hadoop-ozone/integration-test/target/test-dir/MiniOzoneClusterImpl-df822a65-554e-408c-8ca9-c8e2ba24269c/datanode-4/meta/datanode.id
2019-09-25 11:08:42,041 [main] INFO  volume.HddsVolume (HddsVolume.java:<init>(176)) - Creating Volume: /workdir/hadoop-ozone/integration-test/target/test-dir/MiniOzoneClusterImpl-df822a65-554e-408c-8ca9-c8e2ba24269c/datanode-5/data/containers/hdds of  storage type : DISK and capacity : 1482555576320
2019-09-25 11:08:42,042 [main] INFO  volume.VolumeSet (VolumeSet.java:initializeVolumeSet(170)) - Added Volume : /workdir/hadoop-ozone/integration-test/target/test-dir/MiniOzoneClusterImpl-df822a65-554e-408c-8ca9-c8e2ba24269c/datanode-5/data/containers/hdds to VolumeSet
2019-09-25 11:08:42,042 [main] INFO  volume.ThrottledAsyncChecker (ThrottledAsyncChecker.java:schedule(139)) - Scheduling a check for org.apache.hadoop.ozone.container.common.volume.HddsVolume@26fadd98
2019-09-25 11:08:42,042 [main] INFO  volume.HddsVolumeChecker (HddsVolumeChecker.java:checkAllVolumes(202)) - Scheduled health check for volume org.apache.hadoop.ozone.container.common.volume.HddsVolume@26fadd98
2019-09-25 11:08:42,055 [main] INFO  impl.RaftServerProxy (ConfUtils.java:logGet(43)) - raft.rpc.type = GRPC (default)
2019-09-25 11:08:42,056 [main] INFO  grpc.GrpcFactory (GrpcFactory.java:checkPooledByteBufAllocatorUseCacheForAllThreads(45)) - PERFORMANCE WARNING: useCacheForAllThreads is true that may cause Netty to create a lot garbage objects and, as a result, trigger GC.
	It is recommended to disable useCacheForAllThreads by setting -Dorg.apache.ratis.thirdparty.io.netty.allocator.useCacheForAllThreads=false in command line.
2019-09-25 11:08:42,056 [main] INFO  grpc.GrpcConfigKeys$Server (ConfUtils.java:logGet(43)) - raft.grpc.server.port = 0 (default)
2019-09-25 11:08:42,056 [main] INFO  server.GrpcService (ConfUtils.java:logGet(43)) - raft.grpc.message.size.max = 33570816 (custom)
2019-09-25 11:08:42,056 [main] INFO  server.RaftServerConfigKeys (ConfUtils.java:logGet(43)) - raft.server.log.appender.buffer.byte-limit = 33554432 (custom)
2019-09-25 11:08:42,056 [main] INFO  server.GrpcService (ConfUtils.java:logGet(43)) - raft.grpc.flow.control.window = 1MB (=1048576) (default)
2019-09-25 11:08:42,057 [main] INFO  server.RaftServerConfigKeys (ConfUtils.java:logGet(43)) - raft.server.rpc.request.timeout = 3000ms (default)
2019-09-25 11:08:42,057 [main] INFO  server.RaftServerConfigKeys (ConfUtils.java:logGet(43)) - raft.server.storage.dir = [/workdir/hadoop-ozone/integration-test/target/test-dir/MiniOzoneClusterImpl-df822a65-554e-408c-8ca9-c8e2ba24269c/datanode-5/data/ratis] (custom)
2019-09-25 11:08:42,058 [main] INFO  hdfs.DFSUtil (DFSUtil.java:httpServerTemplateForNNAndJN(1641)) - Starting Web-server for hddsDatanode at: http://0.0.0.0:0
2019-09-25 11:08:42,059 [main] INFO  server.AuthenticationFilter (AuthenticationFilter.java:constructSecretProvider(240)) - Unable to initialize FileSignerSecretProvider, falling back to use random secrets.
2019-09-25 11:08:42,060 [main] WARN  http.HttpRequestLog (HttpRequestLog.java:getRequestLog(97)) - Jetty request log can only be enabled using Log4j
2019-09-25 11:08:42,061 [main] INFO  http.HttpServer2 (HttpServer2.java:addGlobalFilter(975)) - Added global filter 'safety' (class=org.apache.hadoop.http.HttpServer2$QuotingInputFilter)
2019-09-25 11:08:42,061 [main] INFO  http.HttpServer2 (HttpServer2.java:addFilter(948)) - Added filter static_user_filter (class=org.apache.hadoop.http.lib.StaticUserWebFilter$StaticUserFilter) to context hddsDatanode
2019-09-25 11:08:42,061 [main] INFO  http.HttpServer2 (HttpServer2.java:addFilter(958)) - Added filter static_user_filter (class=org.apache.hadoop.http.lib.StaticUserWebFilter$StaticUserFilter) to context static
2019-09-25 11:08:42,062 [main] INFO  http.HttpServer2 (HttpServer2.java:addFilter(958)) - Added filter static_user_filter (class=org.apache.hadoop.http.lib.StaticUserWebFilter$StaticUserFilter) to context logs
2019-09-25 11:08:42,062 [main] INFO  http.HttpServer2 (HttpServer2.java:bindListener(1191)) - Jetty bound to port 38863
2019-09-25 11:08:42,062 [main] INFO  server.Server (Server.java:doStart(351)) - jetty-9.3.25.v20180904, build timestamp: 2018-09-04T21:11:46Z, git hash: 3ce520221d0240229c862b122d2b06c12a625732
2019-09-25 11:08:42,064 [main] INFO  handler.ContextHandler (ContextHandler.java:doStart(781)) - Started o.e.j.s.ServletContextHandler@5e2a6991{/logs,file:///workdir/hadoop-ozone/integration-test/target/log,AVAILABLE}
2019-09-25 11:08:42,064 [main] INFO  handler.ContextHandler (ContextHandler.java:doStart(781)) - Started o.e.j.s.ServletContextHandler@6f96dd64{/static,jar:file:/home/user/.m2/repository/org/apache/hadoop/hadoop-hdds-container-service/0.5.0-SNAPSHOT/hadoop-hdds-container-service-0.5.0-SNAPSHOT.jar!/webapps/static,AVAILABLE}
2019-09-25 11:08:42,092 [main] INFO  handler.ContextHandler (ContextHandler.java:doStart(781)) - Started o.e.j.w.WebAppContext@401e02b4{/,file:///tmp/jetty-0.0.0.0-38863-hddsDatanode-_-any-3247323003725848955.dir/webapp/,AVAILABLE}{/hddsDatanode}
2019-09-25 11:08:42,092 [main] INFO  server.AbstractConnector (AbstractConnector.java:doStart(278)) - Started ServerConnector@164d01ba{HTTP/1.1,[http/1.1]}{0.0.0.0:38863}
2019-09-25 11:08:42,094 [main] INFO  server.Server (Server.java:doStart(419)) - Started @525641ms
2019-09-25 11:08:42,094 [main] WARN  impl.MetricsSystemImpl (MetricsSystemImpl.java:register(276)) - Sink prometheus already exists!
2019-09-25 11:08:42,095 [main] INFO  server.BaseHttpServer (BaseHttpServer.java:updateConnectorAddress(215)) - HTTP server of HDDSDATANODE is listening at http://0.0.0.0:38863
2019-09-25 11:08:42,095 [main] INFO  impl.MetricsSystemImpl (MetricsSystemImpl.java:init(158)) - HddsDatanode metrics system started (again)
2019-09-25 11:08:42,105 [org.apache.hadoop.util.JvmPauseMonitor$Monitor@706e21b2] INFO  util.JvmPauseMonitor (JvmPauseMonitor.java:run(188)) - Starting JVM pause monitor
2019-09-25 11:08:42,106 [Datanode State Machine Thread - 0] INFO  datanode.InitDatanodeState (InitDatanodeState.java:persistContainerDatanodeDetails(140)) - DatanodeDetails is persisted to /workdir/hadoop-ozone/integration-test/target/test-dir/MiniOzoneClusterImpl-df822a65-554e-408c-8ca9-c8e2ba24269c/datanode-5/meta/datanode.id
2019-09-25 11:08:42,106 [main] INFO  ozone.HddsDatanodeService (HddsDatanodeService.java:start(184)) - HddsDatanodeService host:pr-hdds-1569-5gmkr-4255264070 ip:192.168.30.6
2019-09-25 11:08:42,113 [main] INFO  volume.HddsVolume (HddsVolume.java:<init>(176)) - Creating Volume: /workdir/hadoop-ozone/integration-test/target/test-dir/MiniOzoneClusterImpl-df822a65-554e-408c-8ca9-c8e2ba24269c/datanode-6/data/containers/hdds of  storage type : DISK and capacity : 1482555576320
2019-09-25 11:08:42,113 [main] INFO  volume.VolumeSet (VolumeSet.java:initializeVolumeSet(170)) - Added Volume : /workdir/hadoop-ozone/integration-test/target/test-dir/MiniOzoneClusterImpl-df822a65-554e-408c-8ca9-c8e2ba24269c/datanode-6/data/containers/hdds to VolumeSet
2019-09-25 11:08:42,113 [main] INFO  volume.ThrottledAsyncChecker (ThrottledAsyncChecker.java:schedule(139)) - Scheduling a check for org.apache.hadoop.ozone.container.common.volume.HddsVolume@1d99ee1b
2019-09-25 11:08:42,114 [main] INFO  volume.HddsVolumeChecker (HddsVolumeChecker.java:checkAllVolumes(202)) - Scheduled health check for volume org.apache.hadoop.ozone.container.common.volume.HddsVolume@1d99ee1b
2019-09-25 11:08:42,128 [main] INFO  impl.RaftServerProxy (ConfUtils.java:logGet(43)) - raft.rpc.type = GRPC (default)
2019-09-25 11:08:42,128 [main] INFO  grpc.GrpcFactory (GrpcFactory.java:checkPooledByteBufAllocatorUseCacheForAllThreads(45)) - PERFORMANCE WARNING: useCacheForAllThreads is true that may cause Netty to create a lot garbage objects and, as a result, trigger GC.
	It is recommended to disable useCacheForAllThreads by setting -Dorg.apache.ratis.thirdparty.io.netty.allocator.useCacheForAllThreads=false in command line.
2019-09-25 11:08:42,128 [main] INFO  grpc.GrpcConfigKeys$Server (ConfUtils.java:logGet(43)) - raft.grpc.server.port = 0 (default)
2019-09-25 11:08:42,128 [main] INFO  server.GrpcService (ConfUtils.java:logGet(43)) - raft.grpc.message.size.max = 33570816 (custom)
2019-09-25 11:08:42,129 [main] INFO  server.RaftServerConfigKeys (ConfUtils.java:logGet(43)) - raft.server.log.appender.buffer.byte-limit = 33554432 (custom)
2019-09-25 11:08:42,129 [main] INFO  server.GrpcService (ConfUtils.java:logGet(43)) - raft.grpc.flow.control.window = 1MB (=1048576) (default)
2019-09-25 11:08:42,129 [main] INFO  server.RaftServerConfigKeys (ConfUtils.java:logGet(43)) - raft.server.rpc.request.timeout = 3000ms (default)
2019-09-25 11:08:42,129 [main] INFO  server.RaftServerConfigKeys (ConfUtils.java:logGet(43)) - raft.server.storage.dir = [/workdir/hadoop-ozone/integration-test/target/test-dir/MiniOzoneClusterImpl-df822a65-554e-408c-8ca9-c8e2ba24269c/datanode-6/data/ratis] (custom)
2019-09-25 11:08:42,130 [main] INFO  hdfs.DFSUtil (DFSUtil.java:httpServerTemplateForNNAndJN(1641)) - Starting Web-server for hddsDatanode at: http://0.0.0.0:0
2019-09-25 11:08:42,132 [main] INFO  server.AuthenticationFilter (AuthenticationFilter.java:constructSecretProvider(240)) - Unable to initialize FileSignerSecretProvider, falling back to use random secrets.
2019-09-25 11:08:42,132 [main] WARN  http.HttpRequestLog (HttpRequestLog.java:getRequestLog(97)) - Jetty request log can only be enabled using Log4j
2019-09-25 11:08:42,133 [main] INFO  http.HttpServer2 (HttpServer2.java:addGlobalFilter(975)) - Added global filter 'safety' (class=org.apache.hadoop.http.HttpServer2$QuotingInputFilter)
2019-09-25 11:08:42,134 [main] INFO  http.HttpServer2 (HttpServer2.java:addFilter(948)) - Added filter static_user_filter (class=org.apache.hadoop.http.lib.StaticUserWebFilter$StaticUserFilter) to context hddsDatanode
2019-09-25 11:08:42,134 [main] INFO  http.HttpServer2 (HttpServer2.java:addFilter(958)) - Added filter static_user_filter (class=org.apache.hadoop.http.lib.StaticUserWebFilter$StaticUserFilter) to context logs
2019-09-25 11:08:42,134 [main] INFO  http.HttpServer2 (HttpServer2.java:addFilter(958)) - Added filter static_user_filter (class=org.apache.hadoop.http.lib.StaticUserWebFilter$StaticUserFilter) to context static
2019-09-25 11:08:42,135 [main] INFO  http.HttpServer2 (HttpServer2.java:bindListener(1191)) - Jetty bound to port 45315
2019-09-25 11:08:42,135 [main] INFO  server.Server (Server.java:doStart(351)) - jetty-9.3.25.v20180904, build timestamp: 2018-09-04T21:11:46Z, git hash: 3ce520221d0240229c862b122d2b06c12a625732
2019-09-25 11:08:42,136 [main] INFO  handler.ContextHandler (ContextHandler.java:doStart(781)) - Started o.e.j.s.ServletContextHandler@2b441e56{/logs,file:///workdir/hadoop-ozone/integration-test/target/log,AVAILABLE}
2019-09-25 11:08:42,137 [main] INFO  handler.ContextHandler (ContextHandler.java:doStart(781)) - Started o.e.j.s.ServletContextHandler@3a109ff7{/static,jar:file:/home/user/.m2/repository/org/apache/hadoop/hadoop-hdds-container-service/0.5.0-SNAPSHOT/hadoop-hdds-container-service-0.5.0-SNAPSHOT.jar!/webapps/static,AVAILABLE}
2019-09-25 11:08:42,164 [main] INFO  handler.ContextHandler (ContextHandler.java:doStart(781)) - Started o.e.j.w.WebAppContext@10a907ec{/,file:///tmp/jetty-0.0.0.0-45315-hddsDatanode-_-any-7323544102298526057.dir/webapp/,AVAILABLE}{/hddsDatanode}
2019-09-25 11:08:42,165 [main] INFO  server.AbstractConnector (AbstractConnector.java:doStart(278)) - Started ServerConnector@59b492ec{HTTP/1.1,[http/1.1]}{0.0.0.0:45315}
2019-09-25 11:08:42,173 [main] INFO  server.Server (Server.java:doStart(419)) - Started @525720ms
2019-09-25 11:08:42,174 [main] WARN  impl.MetricsSystemImpl (MetricsSystemImpl.java:register(276)) - Sink prometheus already exists!
2019-09-25 11:08:42,175 [main] INFO  server.BaseHttpServer (BaseHttpServer.java:updateConnectorAddress(215)) - HTTP server of HDDSDATANODE is listening at http://0.0.0.0:45315
2019-09-25 11:08:42,175 [main] INFO  ozone.MiniOzoneClusterImpl (MiniOzoneClusterImpl.java:lambda$waitForClusterToBeReady$0(147)) - Waiting for cluster to be ready. Got 0 of 7 DN Heartbeats.
2019-09-25 11:08:42,176 [org.apache.hadoop.util.JvmPauseMonitor$Monitor@175ce96] INFO  util.JvmPauseMonitor (JvmPauseMonitor.java:run(188)) - Starting JVM pause monitor
2019-09-25 11:08:42,178 [Datanode State Machine Thread - 0] INFO  datanode.InitDatanodeState (InitDatanodeState.java:persistContainerDatanodeDetails(140)) - DatanodeDetails is persisted to /workdir/hadoop-ozone/integration-test/target/test-dir/MiniOzoneClusterImpl-df822a65-554e-408c-8ca9-c8e2ba24269c/datanode-6/meta/datanode.id
2019-09-25 11:08:43,176 [main] INFO  ozone.MiniOzoneClusterImpl (MiniOzoneClusterImpl.java:lambda$waitForClusterToBeReady$0(147)) - Waiting for cluster to be ready. Got 0 of 7 DN Heartbeats.
2019-09-25 11:08:43,768 [Datanode State Machine Thread - 0] INFO  ozoneimpl.OzoneContainer (OzoneContainer.java:start(217)) - Attempting to start container services.
2019-09-25 11:08:43,768 [Datanode State Machine Thread - 0] INFO  ozoneimpl.OzoneContainer (OzoneContainer.java:startContainerScrub(179)) - Background container scanner has been disabled.
2019-09-25 11:08:43,768 [Datanode State Machine Thread - 0] INFO  ratis.XceiverServerRatis (XceiverServerRatis.java:start(411)) - Starting XceiverServerRatis 77f2c583-4ee9-4410-825c-925985ec9618 at port 0
2019-09-25 11:08:43,774 [Datanode State Machine Thread - 0] INFO  impl.RaftServerProxy (RaftServerProxy.java:lambda$start$3(299)) - 77f2c583-4ee9-4410-825c-925985ec9618: start RPC server
2019-09-25 11:08:43,775 [Datanode State Machine Thread - 0] INFO  server.GrpcService (GrpcService.java:startImpl(158)) - 77f2c583-4ee9-4410-825c-925985ec9618: GrpcService started, listening on 0.0.0.0/0.0.0.0:45405
2019-09-25 11:08:43,775 [Datanode State Machine Thread - 0] INFO  ratis.XceiverServerRatis (XceiverServerRatis.java:start(421)) - XceiverServerRatis 77f2c583-4ee9-4410-825c-925985ec9618 is started using port 45405
2019-09-25 11:08:43,776 [Datanode State Machine Thread - 0] INFO  server.XceiverServerGrpc (XceiverServerGrpc.java:start(149)) - XceiverServerGrpc 77f2c583-4ee9-4410-825c-925985ec9618 is started using port 34658
2019-09-25 11:08:43,823 [Datanode State Machine Thread - 0] INFO  ozoneimpl.OzoneContainer (OzoneContainer.java:start(217)) - Attempting to start container services.
2019-09-25 11:08:43,823 [Datanode State Machine Thread - 0] INFO  ozoneimpl.OzoneContainer (OzoneContainer.java:startContainerScrub(179)) - Background container scanner has been disabled.
2019-09-25 11:08:43,823 [Datanode State Machine Thread - 0] INFO  ratis.XceiverServerRatis (XceiverServerRatis.java:start(411)) - Starting XceiverServerRatis 3f6fc67d-8e3f-4380-bdc7-5834d28b5411 at port 0
2019-09-25 11:08:43,829 [Datanode State Machine Thread - 0] INFO  impl.RaftServerProxy (RaftServerProxy.java:lambda$start$3(299)) - 3f6fc67d-8e3f-4380-bdc7-5834d28b5411: start RPC server
2019-09-25 11:08:43,829 [Datanode State Machine Thread - 0] INFO  server.GrpcService (GrpcService.java:startImpl(158)) - 3f6fc67d-8e3f-4380-bdc7-5834d28b5411: GrpcService started, listening on 0.0.0.0/0.0.0.0:38729
2019-09-25 11:08:43,830 [Datanode State Machine Thread - 0] INFO  ratis.XceiverServerRatis (XceiverServerRatis.java:start(421)) - XceiverServerRatis 3f6fc67d-8e3f-4380-bdc7-5834d28b5411 is started using port 38729
2019-09-25 11:08:43,832 [Datanode State Machine Thread - 0] INFO  server.XceiverServerGrpc (XceiverServerGrpc.java:start(149)) - XceiverServerGrpc 3f6fc67d-8e3f-4380-bdc7-5834d28b5411 is started using port 38789
2019-09-25 11:08:43,895 [Datanode State Machine Thread - 0] INFO  ozoneimpl.OzoneContainer (OzoneContainer.java:start(217)) - Attempting to start container services.
2019-09-25 11:08:43,896 [Datanode State Machine Thread - 0] INFO  ozoneimpl.OzoneContainer (OzoneContainer.java:startContainerScrub(179)) - Background container scanner has been disabled.
2019-09-25 11:08:43,896 [Datanode State Machine Thread - 0] INFO  ratis.XceiverServerRatis (XceiverServerRatis.java:start(411)) - Starting XceiverServerRatis 47e44219-9d14-4cb3-978d-901354c5ccca at port 0
2019-09-25 11:08:43,901 [Datanode State Machine Thread - 0] INFO  impl.RaftServerProxy (RaftServerProxy.java:lambda$start$3(299)) - 47e44219-9d14-4cb3-978d-901354c5ccca: start RPC server
2019-09-25 11:08:43,904 [Datanode State Machine Thread - 0] INFO  server.GrpcService (GrpcService.java:startImpl(158)) - 47e44219-9d14-4cb3-978d-901354c5ccca: GrpcService started, listening on 0.0.0.0/0.0.0.0:46243
2019-09-25 11:08:43,904 [Datanode State Machine Thread - 0] INFO  ratis.XceiverServerRatis (XceiverServerRatis.java:start(421)) - XceiverServerRatis 47e44219-9d14-4cb3-978d-901354c5ccca is started using port 46243
2019-09-25 11:08:43,907 [Datanode State Machine Thread - 0] INFO  server.XceiverServerGrpc (XceiverServerGrpc.java:start(149)) - XceiverServerGrpc 47e44219-9d14-4cb3-978d-901354c5ccca is started using port 42030
2019-09-25 11:08:43,972 [Datanode State Machine Thread - 0] INFO  ozoneimpl.OzoneContainer (OzoneContainer.java:start(217)) - Attempting to start container services.
2019-09-25 11:08:43,972 [Datanode State Machine Thread - 0] INFO  ozoneimpl.OzoneContainer (OzoneContainer.java:startContainerScrub(179)) - Background container scanner has been disabled.
2019-09-25 11:08:43,972 [Datanode State Machine Thread - 0] INFO  ratis.XceiverServerRatis (XceiverServerRatis.java:start(411)) - Starting XceiverServerRatis a910ee62-e7d5-4551-8567-f4bec92df57f at port 0
2019-09-25 11:08:43,977 [Datanode State Machine Thread - 0] INFO  impl.RaftServerProxy (RaftServerProxy.java:lambda$start$3(299)) - a910ee62-e7d5-4551-8567-f4bec92df57f: start RPC server
2019-09-25 11:08:43,978 [Datanode State Machine Thread - 0] INFO  server.GrpcService (GrpcService.java:startImpl(158)) - a910ee62-e7d5-4551-8567-f4bec92df57f: GrpcService started, listening on 0.0.0.0/0.0.0.0:39441
2019-09-25 11:08:43,978 [Datanode State Machine Thread - 0] INFO  ratis.XceiverServerRatis (XceiverServerRatis.java:start(421)) - XceiverServerRatis a910ee62-e7d5-4551-8567-f4bec92df57f is started using port 39441
2019-09-25 11:08:43,978 [Datanode State Machine Thread - 0] INFO  server.XceiverServerGrpc (XceiverServerGrpc.java:start(149)) - XceiverServerGrpc a910ee62-e7d5-4551-8567-f4bec92df57f is started using port 40599
2019-09-25 11:08:44,046 [Datanode State Machine Thread - 0] INFO  ozoneimpl.OzoneContainer (OzoneContainer.java:start(217)) - Attempting to start container services.
2019-09-25 11:08:44,046 [Datanode State Machine Thread - 0] INFO  ozoneimpl.OzoneContainer (OzoneContainer.java:startContainerScrub(179)) - Background container scanner has been disabled.
2019-09-25 11:08:44,046 [Datanode State Machine Thread - 0] INFO  ratis.XceiverServerRatis (XceiverServerRatis.java:start(411)) - Starting XceiverServerRatis d29a58f4-bb42-4b4c-aa2d-f4bca2ff5103 at port 0
2019-09-25 11:08:44,052 [Datanode State Machine Thread - 0] INFO  impl.RaftServerProxy (RaftServerProxy.java:lambda$start$3(299)) - d29a58f4-bb42-4b4c-aa2d-f4bca2ff5103: start RPC server
2019-09-25 11:08:44,052 [Datanode State Machine Thread - 0] INFO  server.GrpcService (GrpcService.java:startImpl(158)) - d29a58f4-bb42-4b4c-aa2d-f4bca2ff5103: GrpcService started, listening on 0.0.0.0/0.0.0.0:32888
2019-09-25 11:08:44,052 [Datanode State Machine Thread - 0] INFO  ratis.XceiverServerRatis (XceiverServerRatis.java:start(421)) - XceiverServerRatis d29a58f4-bb42-4b4c-aa2d-f4bca2ff5103 is started using port 32888
2019-09-25 11:08:44,053 [Datanode State Machine Thread - 0] INFO  server.XceiverServerGrpc (XceiverServerGrpc.java:start(149)) - XceiverServerGrpc d29a58f4-bb42-4b4c-aa2d-f4bca2ff5103 is started using port 41931
2019-09-25 11:08:44,119 [Datanode State Machine Thread - 0] INFO  ozoneimpl.OzoneContainer (OzoneContainer.java:start(217)) - Attempting to start container services.
2019-09-25 11:08:44,119 [Datanode State Machine Thread - 0] INFO  ozoneimpl.OzoneContainer (OzoneContainer.java:startContainerScrub(179)) - Background container scanner has been disabled.
2019-09-25 11:08:44,119 [Datanode State Machine Thread - 0] INFO  ratis.XceiverServerRatis (XceiverServerRatis.java:start(411)) - Starting XceiverServerRatis 975b33e8-e2cc-4a40-852a-f9fd970783fd at port 0
2019-09-25 11:08:44,126 [Datanode State Machine Thread - 0] INFO  impl.RaftServerProxy (RaftServerProxy.java:lambda$start$3(299)) - 975b33e8-e2cc-4a40-852a-f9fd970783fd: start RPC server
2019-09-25 11:08:44,148 [Datanode State Machine Thread - 0] INFO  server.GrpcService (GrpcService.java:startImpl(158)) - 975b33e8-e2cc-4a40-852a-f9fd970783fd: GrpcService started, listening on 0.0.0.0/0.0.0.0:37792
2019-09-25 11:08:44,148 [Datanode State Machine Thread - 0] INFO  ratis.XceiverServerRatis (XceiverServerRatis.java:start(421)) - XceiverServerRatis 975b33e8-e2cc-4a40-852a-f9fd970783fd is started using port 37792
2019-09-25 11:08:44,152 [Datanode State Machine Thread - 0] INFO  server.XceiverServerGrpc (XceiverServerGrpc.java:start(149)) - XceiverServerGrpc 975b33e8-e2cc-4a40-852a-f9fd970783fd is started using port 35921
2019-09-25 11:08:44,176 [main] INFO  ozone.MiniOzoneClusterImpl (MiniOzoneClusterImpl.java:lambda$waitForClusterToBeReady$0(147)) - Waiting for cluster to be ready. Got 0 of 7 DN Heartbeats.
2019-09-25 11:08:44,189 [Datanode State Machine Thread - 0] INFO  ozoneimpl.OzoneContainer (OzoneContainer.java:start(217)) - Attempting to start container services.
2019-09-25 11:08:44,190 [Datanode State Machine Thread - 0] INFO  ozoneimpl.OzoneContainer (OzoneContainer.java:startContainerScrub(179)) - Background container scanner has been disabled.
2019-09-25 11:08:44,190 [Datanode State Machine Thread - 0] INFO  ratis.XceiverServerRatis (XceiverServerRatis.java:start(411)) - Starting XceiverServerRatis 2d6a7948-ad77-4bf1-924a-02baaf7fc5b0 at port 0
2019-09-25 11:08:44,195 [Datanode State Machine Thread - 0] INFO  impl.RaftServerProxy (RaftServerProxy.java:lambda$start$3(299)) - 2d6a7948-ad77-4bf1-924a-02baaf7fc5b0: start RPC server
2019-09-25 11:08:44,199 [Datanode State Machine Thread - 0] INFO  server.GrpcService (GrpcService.java:startImpl(158)) - 2d6a7948-ad77-4bf1-924a-02baaf7fc5b0: GrpcService started, listening on 0.0.0.0/0.0.0.0:36745
2019-09-25 11:08:44,199 [Datanode State Machine Thread - 0] INFO  ratis.XceiverServerRatis (XceiverServerRatis.java:start(421)) - XceiverServerRatis 2d6a7948-ad77-4bf1-924a-02baaf7fc5b0 is started using port 36745
2019-09-25 11:08:44,200 [Datanode State Machine Thread - 0] INFO  server.XceiverServerGrpc (XceiverServerGrpc.java:start(149)) - XceiverServerGrpc 2d6a7948-ad77-4bf1-924a-02baaf7fc5b0 is started using port 41627
2019-09-25 11:08:45,177 [main] INFO  ozone.MiniOzoneClusterImpl (MiniOzoneClusterImpl.java:lambda$waitForClusterToBeReady$0(147)) - Waiting for cluster to be ready. Got 0 of 7 DN Heartbeats.
2019-09-25 11:08:45,744 [IPC Server handler 2 on 45602] INFO  net.NetworkTopology (NetworkTopologyImpl.java:add(111)) - Added a new node: /default-rack/77f2c583-4ee9-4410-825c-925985ec9618
2019-09-25 11:08:45,747 [IPC Server handler 2 on 45602] INFO  node.SCMNodeManager (SCMNodeManager.java:register(266)) - Registered Data node : 77f2c583-4ee9-4410-825c-925985ec9618{ip: 192.168.30.6, host: pr-hdds-1569-5gmkr-4255264070, networkLocation: /default-rack, certSerialId: null}
2019-09-25 11:08:45,748 [EventQueue-NodeRegistrationContainerReportForDataNodeSafeModeRule] INFO  safemode.SCMSafeModeManager (DataNodeSafeModeRule.java:process(71)) - SCM in safe mode. 1 DataNodes registered, 1 required.
2019-09-25 11:08:45,751 [EventQueue-NodeRegistrationContainerReportForDataNodeSafeModeRule] INFO  safemode.SCMSafeModeManager (SCMSafeModeManager.java:validateSafeModeExitRules(177)) - ScmSafeModeManager, all rules are successfully validated
2019-09-25 11:08:45,751 [EventQueue-NodeRegistrationContainerReportForDataNodeSafeModeRule] INFO  safemode.SCMSafeModeManager (SCMSafeModeManager.java:exitSafeMode(193)) - SCM exiting safe mode.
2019-09-25 11:08:45,762 [grpc-default-executor-1] INFO  impl.RaftServerProxy (RaftServerProxy.java:addNew(89)) - 77f2c583-4ee9-4410-825c-925985ec9618: addNew group-E7215CF0322E:[77f2c583-4ee9-4410-825c-925985ec9618:192.168.30.6:45405] returns group-E7215CF0322E:java.util.concurrent.CompletableFuture@2cebbe01[Not completed]
2019-09-25 11:08:45,764 [pool-409-thread-1] INFO  impl.RaftServerImpl (RaftServerImpl.java:<init>(95)) - 77f2c583-4ee9-4410-825c-925985ec9618: new RaftServerImpl for group-E7215CF0322E:[77f2c583-4ee9-4410-825c-925985ec9618:192.168.30.6:45405] with ContainerStateMachine:uninitialized
2019-09-25 11:08:45,764 [pool-409-thread-1] INFO  server.RaftServerConfigKeys (ConfUtils.java:logGet(43)) - raft.server.rpc.timeout.min = 5s (custom)
2019-09-25 11:08:45,765 [pool-409-thread-1] INFO  server.RaftServerConfigKeys (ConfUtils.java:logGet(43)) - raft.server.rpc.timeout.max = 5200ms (custom)
2019-09-25 11:08:45,765 [pool-409-thread-1] INFO  server.RaftServerConfigKeys (ConfUtils.java:logGet(43)) - raft.server.rpcslowness.timeout = 120s (custom)
2019-09-25 11:08:45,765 [pool-409-thread-1] INFO  server.RaftServerConfigKeys (ConfUtils.java:logGet(43)) - raft.server.sleep.deviation.threshold = 300 (default)
2019-09-25 11:08:45,765 [pool-409-thread-1] INFO  server.RaftServerConfigKeys (ConfUtils.java:logGet(43)) - raft.server.log.appender.install.snapshot.enabled = false (custom)
2019-09-25 11:08:45,765 [pool-409-thread-1] INFO  impl.RaftServerImpl (ServerState.java:<init>(103)) - 77f2c583-4ee9-4410-825c-925985ec9618@group-E7215CF0322E: ConfigurationManager, init=-1: [77f2c583-4ee9-4410-825c-925985ec9618:192.168.30.6:45405], old=null, confs=<EMPTY_MAP>
2019-09-25 11:08:45,765 [pool-409-thread-1] INFO  server.RaftServerConfigKeys (ConfUtils.java:logGet(43)) - raft.server.storage.dir = [/workdir/hadoop-ozone/integration-test/target/test-dir/MiniOzoneClusterImpl-df822a65-554e-408c-8ca9-c8e2ba24269c/datanode-0/data/ratis] (custom)
2019-09-25 11:08:45,766 [pool-409-thread-1] INFO  storage.RaftStorageDirectory (RaftStorageDirectory.java:analyzeStorage(246)) - The storage directory /workdir/hadoop-ozone/integration-test/target/test-dir/MiniOzoneClusterImpl-df822a65-554e-408c-8ca9-c8e2ba24269c/datanode-0/data/ratis/b39b2f11-a473-4fcf-87e1-e7215cf0322e does not exist. Creating ...
2019-09-25 11:08:45,786 [pool-409-thread-1] INFO  storage.RaftStorageDirectory (RaftStorageDirectory.java:tryLock(328)) - Lock on /workdir/hadoop-ozone/integration-test/target/test-dir/MiniOzoneClusterImpl-df822a65-554e-408c-8ca9-c8e2ba24269c/datanode-0/data/ratis/b39b2f11-a473-4fcf-87e1-e7215cf0322e/in_use.lock acquired by nodename 21763@pr-hdds-1569-5gmkr-4255264070
2019-09-25 11:08:45,799 [pool-409-thread-1] INFO  storage.RaftStorage (RaftStorage.java:format(72)) - Storage directory /workdir/hadoop-ozone/integration-test/target/test-dir/MiniOzoneClusterImpl-df822a65-554e-408c-8ca9-c8e2ba24269c/datanode-0/data/ratis/b39b2f11-a473-4fcf-87e1-e7215cf0322e has been successfully formatted.
2019-09-25 11:08:45,799 [pool-409-thread-1] INFO  ratis.ContainerStateMachine (ContainerStateMachine.java:loadSnapshot(230)) - group-E7215CF0322E: The snapshot info is null. Setting the last applied indexto:(t:0, i:~)
2019-09-25 11:08:45,799 [pool-409-thread-1] INFO  server.RaftServerConfigKeys (ConfUtils.java:logGet(43)) - raft.server.notification.no-leader.timeout = 120s (custom)
2019-09-25 11:08:45,799 [pool-409-thread-1] INFO  server.RaftServerConfigKeys (ConfUtils.java:logGet(43)) - raft.server.log.use.memory = false (default)
2019-09-25 11:08:45,799 [pool-409-thread-1] INFO  server.RaftServerConfigKeys (ConfUtils.java:logGet(43)) - raft.server.log.purge.gap = 1000000 (custom)
2019-09-25 11:08:45,799 [pool-409-thread-1] INFO  server.RaftServerConfigKeys (ConfUtils.java:logGet(43)) - raft.server.log.appender.buffer.byte-limit = 33554432 (custom)
2019-09-25 11:08:45,800 [pool-409-thread-1] INFO  server.RaftServerConfigKeys (ConfUtils.java:logGet(43)) - raft.server.log.segment.size.max = 1048576 (custom)
2019-09-25 11:08:45,800 [pool-409-thread-1] INFO  server.RaftServerConfigKeys (ConfUtils.java:logGet(43)) - raft.server.log.segment.cache.num.max = 2 (custom)
2019-09-25 11:08:45,800 [pool-409-thread-1] INFO  segmented.SegmentedRaftLogWorker (SegmentedRaftLogWorker.java:<init>(172)) - new 77f2c583-4ee9-4410-825c-925985ec9618@group-E7215CF0322E-SegmentedRaftLogWorker for RaftStorage:Storage Directory /workdir/hadoop-ozone/integration-test/target/test-dir/MiniOzoneClusterImpl-df822a65-554e-408c-8ca9-c8e2ba24269c/datanode-0/data/ratis/b39b2f11-a473-4fcf-87e1-e7215cf0322e
2019-09-25 11:08:45,802 [pool-409-thread-1] INFO  server.RaftServerConfigKeys (ConfUtils.java:logGet(43)) - raft.server.log.queue.byte-limit = 2147483647 (custom)
2019-09-25 11:08:45,802 [pool-409-thread-1] INFO  server.RaftServerConfigKeys (ConfUtils.java:logGet(43)) - raft.server.log.queue.element-limit = 1024 (custom)
2019-09-25 11:08:45,802 [pool-409-thread-1] INFO  server.RaftServerConfigKeys (ConfUtils.java:logGet(43)) - raft.server.log.segment.size.max = 1048576 (custom)
2019-09-25 11:08:45,802 [pool-409-thread-1] INFO  server.RaftServerConfigKeys (ConfUtils.java:logGet(43)) - raft.server.log.preallocated.size = 16384 (custom)
2019-09-25 11:08:45,802 [pool-409-thread-1] INFO  server.RaftServerConfigKeys (ConfUtils.java:logGet(43)) - raft.server.log.write.buffer.size = 33554432 (custom)
2019-09-25 11:08:45,802 [pool-409-thread-1] INFO  server.RaftServerConfigKeys (ConfUtils.java:logGet(43)) - raft.server.log.force.sync.num = 128 (default)
2019-09-25 11:08:45,802 [pool-409-thread-1] INFO  server.RaftServerConfigKeys (ConfUtils.java:logGet(43)) - raft.server.log.statemachine.data.sync = true (default)
2019-09-25 11:08:45,803 [pool-409-thread-1] INFO  server.RaftServerConfigKeys (ConfUtils.java:logGet(43)) - raft.server.log.statemachine.data.sync.timeout = 10s (default)
2019-09-25 11:08:45,803 [pool-409-thread-1] INFO  server.RaftServerConfigKeys (ConfUtils.java:logGet(43)) - raft.server.log.statemachine.data.sync.timeout.retry = -1 (default)
2019-09-25 11:08:45,803 [pool-409-thread-1] INFO  server.RaftServerConfigKeys (ConfUtils.java:logGet(43)) - raft.server.log.statemachine.data.caching.enabled = true (custom)
2019-09-25 11:08:45,803 [pool-409-thread-1] INFO  segmented.SegmentedRaftLogWorker (SegmentedRaftLogWorker.java:lambda$new$0(132)) - 77f2c583-4ee9-4410-825c-925985ec9618@group-E7215CF0322E-SegmentedRaftLogWorker: flushIndex: setUnconditionally 0 -> -1
2019-09-25 11:08:45,804 [pool-409-thread-1] INFO  server.RaftServerConfigKeys (ConfUtils.java:logGet(43)) - raft.server.snapshot.auto.trigger.enabled = true (custom)
2019-09-25 11:08:45,804 [pool-409-thread-1] INFO  server.RaftServerConfigKeys (ConfUtils.java:logGet(43)) - raft.server.snapshot.auto.trigger.threshold = 10000 (custom)
2019-09-25 11:08:45,804 [pool-409-thread-1] INFO  server.RaftServerConfigKeys (ConfUtils.java:logGet(43)) - raft.server.snapshot.retention.num.files = 5 (custom)
2019-09-25 11:08:45,804 [pool-409-thread-1] INFO  server.RaftServerConfigKeys (ConfUtils.java:logGet(43)) - raft.server.retrycache.expirytime = 600000ms (custom)
2019-09-25 11:08:45,805 [pool-409-thread-1] INFO  impl.RaftServerImpl (RaftServerImpl.java:start(185)) - 77f2c583-4ee9-4410-825c-925985ec9618@group-E7215CF0322E: start as a follower, conf=-1: [77f2c583-4ee9-4410-825c-925985ec9618:192.168.30.6:45405], old=null
2019-09-25 11:08:45,805 [pool-409-thread-1] INFO  impl.RaftServerImpl (RaftServerImpl.java:setRole(174)) - 77f2c583-4ee9-4410-825c-925985ec9618@group-E7215CF0322E: changes role from      null to FOLLOWER at term 0 for startAsFollower
2019-09-25 11:08:45,806 [pool-409-thread-1] INFO  impl.RoleInfo (RoleInfo.java:updateAndGet(143)) - 77f2c583-4ee9-4410-825c-925985ec9618: start FollowerState
2019-09-25 11:08:45,806 [pool-409-thread-1] INFO  util.JmxRegister (JmxRegister.java:tryRegister(44)) - Successfully registered JMX Bean with object name Ratis:service=RaftServer,group=group-E7215CF0322E,id=77f2c583-4ee9-4410-825c-925985ec9618
2019-09-25 11:08:45,808 [IPC Server handler 4 on 45602] INFO  net.NetworkTopology (NetworkTopologyImpl.java:add(111)) - Added a new node: /default-rack/3f6fc67d-8e3f-4380-bdc7-5834d28b5411
2019-09-25 11:08:45,808 [RatisPipelineUtilsThread] INFO  pipeline.PipelineStateManager (PipelineStateManager.java:addPipeline(56)) - Created pipeline Pipeline[ Id: b39b2f11-a473-4fcf-87e1-e7215cf0322e, Nodes: 77f2c583-4ee9-4410-825c-925985ec9618{ip: 192.168.30.6, host: pr-hdds-1569-5gmkr-4255264070, networkLocation: /default-rack, certSerialId: null}, Type:RATIS, Factor:ONE, State:OPEN]
2019-09-25 11:08:45,808 [IPC Server handler 4 on 45602] INFO  node.SCMNodeManager (SCMNodeManager.java:register(266)) - Registered Data node : 3f6fc67d-8e3f-4380-bdc7-5834d28b5411{ip: 192.168.30.6, host: pr-hdds-1569-5gmkr-4255264070, networkLocation: /default-rack, certSerialId: null}
2019-09-25 11:08:45,811 [grpc-default-executor-1] INFO  impl.RaftServerProxy (RaftServerProxy.java:addNew(89)) - 77f2c583-4ee9-4410-825c-925985ec9618: addNew group-781A64CC0797:[77f2c583-4ee9-4410-825c-925985ec9618:192.168.30.6:45405] returns group-781A64CC0797:java.util.concurrent.CompletableFuture@1f2ef033[Not completed]
2019-09-25 11:08:45,812 [pool-409-thread-1] INFO  impl.RaftServerImpl (RaftServerImpl.java:<init>(95)) - 77f2c583-4ee9-4410-825c-925985ec9618: new RaftServerImpl for group-781A64CC0797:[77f2c583-4ee9-4410-825c-925985ec9618:192.168.30.6:45405] with ContainerStateMachine:uninitialized
2019-09-25 11:08:45,812 [pool-409-thread-1] INFO  server.RaftServerConfigKeys (ConfUtils.java:logGet(43)) - raft.server.rpc.timeout.min = 5s (custom)
2019-09-25 11:08:45,812 [pool-409-thread-1] INFO  server.RaftServerConfigKeys (ConfUtils.java:logGet(43)) - raft.server.rpc.timeout.max = 5200ms (custom)
2019-09-25 11:08:45,812 [pool-409-thread-1] INFO  server.RaftServerConfigKeys (ConfUtils.java:logGet(43)) - raft.server.rpcslowness.timeout = 120s (custom)
2019-09-25 11:08:45,812 [pool-409-thread-1] INFO  server.RaftServerConfigKeys (ConfUtils.java:logGet(43)) - raft.server.sleep.deviation.threshold = 300 (default)
2019-09-25 11:08:45,813 [pool-409-thread-1] INFO  server.RaftServerConfigKeys (ConfUtils.java:logGet(43)) - raft.server.log.appender.install.snapshot.enabled = false (custom)
2019-09-25 11:08:45,813 [pool-409-thread-1] INFO  impl.RaftServerImpl (ServerState.java:<init>(103)) - 77f2c583-4ee9-4410-825c-925985ec9618@group-781A64CC0797: ConfigurationManager, init=-1: [77f2c583-4ee9-4410-825c-925985ec9618:192.168.30.6:45405], old=null, confs=<EMPTY_MAP>
2019-09-25 11:08:45,813 [pool-409-thread-1] INFO  server.RaftServerConfigKeys (ConfUtils.java:logGet(43)) - raft.server.storage.dir = [/workdir/hadoop-ozone/integration-test/target/test-dir/MiniOzoneClusterImpl-df822a65-554e-408c-8ca9-c8e2ba24269c/datanode-0/data/ratis] (custom)
2019-09-25 11:08:45,813 [pool-409-thread-1] INFO  storage.RaftStorageDirectory (RaftStorageDirectory.java:analyzeStorage(246)) - The storage directory /workdir/hadoop-ozone/integration-test/target/test-dir/MiniOzoneClusterImpl-df822a65-554e-408c-8ca9-c8e2ba24269c/datanode-0/data/ratis/8ceb9dee-ee25-41ce-a51c-781a64cc0797 does not exist. Creating ...
2019-09-25 11:08:45,826 [pool-409-thread-1] INFO  storage.RaftStorageDirectory (RaftStorageDirectory.java:tryLock(328)) - Lock on /workdir/hadoop-ozone/integration-test/target/test-dir/MiniOzoneClusterImpl-df822a65-554e-408c-8ca9-c8e2ba24269c/datanode-0/data/ratis/8ceb9dee-ee25-41ce-a51c-781a64cc0797/in_use.lock acquired by nodename 21763@pr-hdds-1569-5gmkr-4255264070
2019-09-25 11:08:45,838 [pool-409-thread-1] INFO  storage.RaftStorage (RaftStorage.java:format(72)) - Storage directory /workdir/hadoop-ozone/integration-test/target/test-dir/MiniOzoneClusterImpl-df822a65-554e-408c-8ca9-c8e2ba24269c/datanode-0/data/ratis/8ceb9dee-ee25-41ce-a51c-781a64cc0797 has been successfully formatted.
2019-09-25 11:08:45,838 [pool-409-thread-1] INFO  ratis.ContainerStateMachine (ContainerStateMachine.java:loadSnapshot(230)) - group-781A64CC0797: The snapshot info is null. Setting the last applied indexto:(t:0, i:~)
2019-09-25 11:08:45,838 [pool-409-thread-1] INFO  server.RaftServerConfigKeys (ConfUtils.java:logGet(43)) - raft.server.notification.no-leader.timeout = 120s (custom)
2019-09-25 11:08:45,839 [pool-409-thread-1] INFO  server.RaftServerConfigKeys (ConfUtils.java:logGet(43)) - raft.server.log.use.memory = false (default)
2019-09-25 11:08:45,839 [pool-409-thread-1] INFO  server.RaftServerConfigKeys (ConfUtils.java:logGet(43)) - raft.server.log.purge.gap = 1000000 (custom)
2019-09-25 11:08:45,839 [pool-409-thread-1] INFO  server.RaftServerConfigKeys (ConfUtils.java:logGet(43)) - raft.server.log.appender.buffer.byte-limit = 33554432 (custom)
2019-09-25 11:08:45,839 [pool-409-thread-1] INFO  server.RaftServerConfigKeys (ConfUtils.java:logGet(43)) - raft.server.log.segment.size.max = 1048576 (custom)
2019-09-25 11:08:45,839 [pool-409-thread-1] INFO  server.RaftServerConfigKeys (ConfUtils.java:logGet(43)) - raft.server.log.segment.cache.num.max = 2 (custom)
2019-09-25 11:08:45,839 [pool-409-thread-1] INFO  segmented.SegmentedRaftLogWorker (SegmentedRaftLogWorker.java:<init>(172)) - new 77f2c583-4ee9-4410-825c-925985ec9618@group-781A64CC0797-SegmentedRaftLogWorker for RaftStorage:Storage Directory /workdir/hadoop-ozone/integration-test/target/test-dir/MiniOzoneClusterImpl-df822a65-554e-408c-8ca9-c8e2ba24269c/datanode-0/data/ratis/8ceb9dee-ee25-41ce-a51c-781a64cc0797
2019-09-25 11:08:45,839 [pool-409-thread-1] INFO  server.RaftServerConfigKeys (ConfUtils.java:logGet(43)) - raft.server.log.queue.byte-limit = 2147483647 (custom)
2019-09-25 11:08:45,839 [pool-409-thread-1] INFO  server.RaftServerConfigKeys (ConfUtils.java:logGet(43)) - raft.server.log.queue.element-limit = 1024 (custom)
2019-09-25 11:08:45,839 [pool-409-thread-1] INFO  server.RaftServerConfigKeys (ConfUtils.java:logGet(43)) - raft.server.log.segment.size.max = 1048576 (custom)
2019-09-25 11:08:45,839 [pool-409-thread-1] INFO  server.RaftServerConfigKeys (ConfUtils.java:logGet(43)) - raft.server.log.preallocated.size = 16384 (custom)
2019-09-25 11:08:45,840 [pool-409-thread-1] INFO  server.RaftServerConfigKeys (ConfUtils.java:logGet(43)) - raft.server.log.write.buffer.size = 33554432 (custom)
2019-09-25 11:08:45,840 [pool-409-thread-1] INFO  server.RaftServerConfigKeys (ConfUtils.java:logGet(43)) - raft.server.log.force.sync.num = 128 (default)
2019-09-25 11:08:45,840 [pool-409-thread-1] INFO  server.RaftServerConfigKeys (ConfUtils.java:logGet(43)) - raft.server.log.statemachine.data.sync = true (default)
2019-09-25 11:08:45,840 [pool-409-thread-1] INFO  server.RaftServerConfigKeys (ConfUtils.java:logGet(43)) - raft.server.log.statemachine.data.sync.timeout = 10s (default)
2019-09-25 11:08:45,840 [pool-409-thread-1] INFO  server.RaftServerConfigKeys (ConfUtils.java:logGet(43)) - raft.server.log.statemachine.data.sync.timeout.retry = -1 (default)
2019-09-25 11:08:45,840 [pool-409-thread-1] INFO  server.RaftServerConfigKeys (ConfUtils.java:logGet(43)) - raft.server.log.statemachine.data.caching.enabled = true (custom)
2019-09-25 11:08:45,840 [pool-409-thread-1] INFO  segmented.SegmentedRaftLogWorker (SegmentedRaftLogWorker.java:lambda$new$0(132)) - 77f2c583-4ee9-4410-825c-925985ec9618@group-781A64CC0797-SegmentedRaftLogWorker: flushIndex: setUnconditionally 0 -> -1
2019-09-25 11:08:45,840 [pool-409-thread-1] INFO  server.RaftServerConfigKeys (ConfUtils.java:logGet(43)) - raft.server.snapshot.auto.trigger.enabled = true (custom)
2019-09-25 11:08:45,841 [pool-409-thread-1] INFO  server.RaftServerConfigKeys (ConfUtils.java:logGet(43)) - raft.server.snapshot.auto.trigger.threshold = 10000 (custom)
2019-09-25 11:08:45,841 [pool-409-thread-1] INFO  server.RaftServerConfigKeys (ConfUtils.java:logGet(43)) - raft.server.snapshot.retention.num.files = 5 (custom)
2019-09-25 11:08:45,841 [pool-409-thread-1] INFO  server.RaftServerConfigKeys (ConfUtils.java:logGet(43)) - raft.server.retrycache.expirytime = 600000ms (custom)
2019-09-25 11:08:45,842 [pool-409-thread-1] INFO  impl.RaftServerImpl (RaftServerImpl.java:start(185)) - 77f2c583-4ee9-4410-825c-925985ec9618@group-781A64CC0797: start as a follower, conf=-1: [77f2c583-4ee9-4410-825c-925985ec9618:192.168.30.6:45405], old=null
2019-09-25 11:08:45,842 [pool-409-thread-1] INFO  impl.RaftServerImpl (RaftServerImpl.java:setRole(174)) - 77f2c583-4ee9-4410-825c-925985ec9618@group-781A64CC0797: changes role from      null to FOLLOWER at term 0 for startAsFollower
2019-09-25 11:08:45,842 [pool-409-thread-1] INFO  impl.RoleInfo (RoleInfo.java:updateAndGet(143)) - 77f2c583-4ee9-4410-825c-925985ec9618: start FollowerState
2019-09-25 11:08:45,842 [pool-409-thread-1] INFO  util.JmxRegister (JmxRegister.java:tryRegister(44)) - Successfully registered JMX Bean with object name Ratis:service=RaftServer,group=group-781A64CC0797,id=77f2c583-4ee9-4410-825c-925985ec9618
2019-09-25 11:08:45,844 [RatisPipelineUtilsThread] INFO  pipeline.PipelineStateManager (PipelineStateManager.java:addPipeline(56)) - Created pipeline Pipeline[ Id: 8ceb9dee-ee25-41ce-a51c-781a64cc0797, Nodes: 77f2c583-4ee9-4410-825c-925985ec9618{ip: 192.168.30.6, host: pr-hdds-1569-5gmkr-4255264070, networkLocation: /default-rack, certSerialId: null}, Type:RATIS, Factor:ONE, State:OPEN]
2019-09-25 11:08:45,851 [grpc-default-executor-1] INFO  impl.RaftServerProxy (RaftServerProxy.java:addNew(89)) - 3f6fc67d-8e3f-4380-bdc7-5834d28b5411: addNew group-CC362AFC04EB:[3f6fc67d-8e3f-4380-bdc7-5834d28b5411:192.168.30.6:38729] returns group-CC362AFC04EB:java.util.concurrent.CompletableFuture@4c4903b0[Not completed]
2019-09-25 11:08:45,852 [pool-419-thread-1] INFO  impl.RaftServerImpl (RaftServerImpl.java:<init>(95)) - 3f6fc67d-8e3f-4380-bdc7-5834d28b5411: new RaftServerImpl for group-CC362AFC04EB:[3f6fc67d-8e3f-4380-bdc7-5834d28b5411:192.168.30.6:38729] with ContainerStateMachine:uninitialized
2019-09-25 11:08:45,852 [pool-419-thread-1] INFO  server.RaftServerConfigKeys (ConfUtils.java:logGet(43)) - raft.server.rpc.timeout.min = 5s (custom)
2019-09-25 11:08:45,852 [pool-419-thread-1] INFO  server.RaftServerConfigKeys (ConfUtils.java:logGet(43)) - raft.server.rpc.timeout.max = 5200ms (custom)
2019-09-25 11:08:45,852 [pool-419-thread-1] INFO  server.RaftServerConfigKeys (ConfUtils.java:logGet(43)) - raft.server.rpcslowness.timeout = 120s (custom)
2019-09-25 11:08:45,852 [pool-419-thread-1] INFO  server.RaftServerConfigKeys (ConfUtils.java:logGet(43)) - raft.server.sleep.deviation.threshold = 300 (default)
2019-09-25 11:08:45,852 [pool-419-thread-1] INFO  server.RaftServerConfigKeys (ConfUtils.java:logGet(43)) - raft.server.log.appender.install.snapshot.enabled = false (custom)
2019-09-25 11:08:45,853 [pool-419-thread-1] INFO  impl.RaftServerImpl (ServerState.java:<init>(103)) - 3f6fc67d-8e3f-4380-bdc7-5834d28b5411@group-CC362AFC04EB: ConfigurationManager, init=-1: [3f6fc67d-8e3f-4380-bdc7-5834d28b5411:192.168.30.6:38729], old=null, confs=<EMPTY_MAP>
2019-09-25 11:08:45,853 [pool-419-thread-1] INFO  server.RaftServerConfigKeys (ConfUtils.java:logGet(43)) - raft.server.storage.dir = [/workdir/hadoop-ozone/integration-test/target/test-dir/MiniOzoneClusterImpl-df822a65-554e-408c-8ca9-c8e2ba24269c/datanode-1/data/ratis] (custom)
2019-09-25 11:08:45,853 [pool-419-thread-1] INFO  storage.RaftStorageDirectory (RaftStorageDirectory.java:analyzeStorage(246)) - The storage directory /workdir/hadoop-ozone/integration-test/target/test-dir/MiniOzoneClusterImpl-df822a65-554e-408c-8ca9-c8e2ba24269c/datanode-1/data/ratis/a081cd81-ca02-4568-98db-cc362afc04eb does not exist. Creating ...
2019-09-25 11:08:45,866 [pool-419-thread-1] INFO  storage.RaftStorageDirectory (RaftStorageDirectory.java:tryLock(328)) - Lock on /workdir/hadoop-ozone/integration-test/target/test-dir/MiniOzoneClusterImpl-df822a65-554e-408c-8ca9-c8e2ba24269c/datanode-1/data/ratis/a081cd81-ca02-4568-98db-cc362afc04eb/in_use.lock acquired by nodename 21763@pr-hdds-1569-5gmkr-4255264070
2019-09-25 11:08:45,878 [pool-419-thread-1] INFO  storage.RaftStorage (RaftStorage.java:format(72)) - Storage directory /workdir/hadoop-ozone/integration-test/target/test-dir/MiniOzoneClusterImpl-df822a65-554e-408c-8ca9-c8e2ba24269c/datanode-1/data/ratis/a081cd81-ca02-4568-98db-cc362afc04eb has been successfully formatted.
2019-09-25 11:08:45,878 [pool-419-thread-1] INFO  ratis.ContainerStateMachine (ContainerStateMachine.java:loadSnapshot(230)) - group-CC362AFC04EB: The snapshot info is null. Setting the last applied indexto:(t:0, i:~)
2019-09-25 11:08:45,878 [pool-419-thread-1] INFO  server.RaftServerConfigKeys (ConfUtils.java:logGet(43)) - raft.server.notification.no-leader.timeout = 120s (custom)
2019-09-25 11:08:45,878 [pool-419-thread-1] INFO  server.RaftServerConfigKeys (ConfUtils.java:logGet(43)) - raft.server.log.use.memory = false (default)
2019-09-25 11:08:45,878 [pool-419-thread-1] INFO  server.RaftServerConfigKeys (ConfUtils.java:logGet(43)) - raft.server.log.purge.gap = 1000000 (custom)
2019-09-25 11:08:45,878 [pool-419-thread-1] INFO  server.RaftServerConfigKeys (ConfUtils.java:logGet(43)) - raft.server.log.appender.buffer.byte-limit = 33554432 (custom)
2019-09-25 11:08:45,878 [pool-419-thread-1] INFO  server.RaftServerConfigKeys (ConfUtils.java:logGet(43)) - raft.server.log.segment.size.max = 1048576 (custom)
2019-09-25 11:08:45,879 [pool-419-thread-1] INFO  server.RaftServerConfigKeys (ConfUtils.java:logGet(43)) - raft.server.log.segment.cache.num.max = 2 (custom)
2019-09-25 11:08:45,879 [pool-419-thread-1] INFO  segmented.SegmentedRaftLogWorker (SegmentedRaftLogWorker.java:<init>(172)) - new 3f6fc67d-8e3f-4380-bdc7-5834d28b5411@group-CC362AFC04EB-SegmentedRaftLogWorker for RaftStorage:Storage Directory /workdir/hadoop-ozone/integration-test/target/test-dir/MiniOzoneClusterImpl-df822a65-554e-408c-8ca9-c8e2ba24269c/datanode-1/data/ratis/a081cd81-ca02-4568-98db-cc362afc04eb
2019-09-25 11:08:45,880 [pool-419-thread-1] INFO  server.RaftServerConfigKeys (ConfUtils.java:logGet(43)) - raft.server.log.queue.byte-limit = 2147483647 (custom)
2019-09-25 11:08:45,880 [pool-419-thread-1] INFO  server.RaftServerConfigKeys (ConfUtils.java:logGet(43)) - raft.server.log.queue.element-limit = 1024 (custom)
2019-09-25 11:08:45,880 [pool-419-thread-1] INFO  server.RaftServerConfigKeys (ConfUtils.java:logGet(43)) - raft.server.log.segment.size.max = 1048576 (custom)
2019-09-25 11:08:45,880 [pool-419-thread-1] INFO  server.RaftServerConfigKeys (ConfUtils.java:logGet(43)) - raft.server.log.preallocated.size = 16384 (custom)
2019-09-25 11:08:45,880 [pool-419-thread-1] INFO  server.RaftServerConfigKeys (ConfUtils.java:logGet(43)) - raft.server.log.write.buffer.size = 33554432 (custom)
2019-09-25 11:08:45,880 [pool-419-thread-1] INFO  server.RaftServerConfigKeys (ConfUtils.java:logGet(43)) - raft.server.log.force.sync.num = 128 (default)
2019-09-25 11:08:45,880 [pool-419-thread-1] INFO  server.RaftServerConfigKeys (ConfUtils.java:logGet(43)) - raft.server.log.statemachine.data.sync = true (default)
2019-09-25 11:08:45,880 [pool-419-thread-1] INFO  server.RaftServerConfigKeys (ConfUtils.java:logGet(43)) - raft.server.log.statemachine.data.sync.timeout = 10s (default)
2019-09-25 11:08:45,881 [pool-419-thread-1] INFO  server.RaftServerConfigKeys (ConfUtils.java:logGet(43)) - raft.server.log.statemachine.data.sync.timeout.retry = -1 (default)
2019-09-25 11:08:45,881 [pool-419-thread-1] INFO  server.RaftServerConfigKeys (ConfUtils.java:logGet(43)) - raft.server.log.statemachine.data.caching.enabled = true (custom)
2019-09-25 11:08:45,881 [pool-419-thread-1] INFO  segmented.SegmentedRaftLogWorker (SegmentedRaftLogWorker.java:lambda$new$0(132)) - 3f6fc67d-8e3f-4380-bdc7-5834d28b5411@group-CC362AFC04EB-SegmentedRaftLogWorker: flushIndex: setUnconditionally 0 -> -1
2019-09-25 11:08:45,881 [pool-419-thread-1] INFO  server.RaftServerConfigKeys (ConfUtils.java:logGet(43)) - raft.server.snapshot.auto.trigger.enabled = true (custom)
2019-09-25 11:08:45,881 [pool-419-thread-1] INFO  server.RaftServerConfigKeys (ConfUtils.java:logGet(43)) - raft.server.snapshot.auto.trigger.threshold = 10000 (custom)
2019-09-25 11:08:45,881 [pool-419-thread-1] INFO  server.RaftServerConfigKeys (ConfUtils.java:logGet(43)) - raft.server.snapshot.retention.num.files = 5 (custom)
2019-09-25 11:08:45,882 [pool-419-thread-1] INFO  server.RaftServerConfigKeys (ConfUtils.java:logGet(43)) - raft.server.retrycache.expirytime = 600000ms (custom)
2019-09-25 11:08:45,883 [pool-419-thread-1] INFO  impl.RaftServerImpl (RaftServerImpl.java:start(185)) - 3f6fc67d-8e3f-4380-bdc7-5834d28b5411@group-CC362AFC04EB: start as a follower, conf=-1: [3f6fc67d-8e3f-4380-bdc7-5834d28b5411:192.168.30.6:38729], old=null
2019-09-25 11:08:45,883 [pool-419-thread-1] INFO  impl.RaftServerImpl (RaftServerImpl.java:setRole(174)) - 3f6fc67d-8e3f-4380-bdc7-5834d28b5411@group-CC362AFC04EB: changes role from      null to FOLLOWER at term 0 for startAsFollower
2019-09-25 11:08:45,883 [pool-419-thread-1] INFO  impl.RoleInfo (RoleInfo.java:updateAndGet(143)) - 3f6fc67d-8e3f-4380-bdc7-5834d28b5411: start FollowerState
2019-09-25 11:08:45,883 [pool-419-thread-1] INFO  util.JmxRegister (JmxRegister.java:tryRegister(44)) - Successfully registered JMX Bean with object name Ratis:service=RaftServer,group=group-CC362AFC04EB,id=3f6fc67d-8e3f-4380-bdc7-5834d28b5411
2019-09-25 11:08:45,883 [IPC Server handler 3 on 45602] INFO  net.NetworkTopology (NetworkTopologyImpl.java:add(111)) - Added a new node: /default-rack/47e44219-9d14-4cb3-978d-901354c5ccca
2019-09-25 11:08:45,883 [IPC Server handler 3 on 45602] INFO  node.SCMNodeManager (SCMNodeManager.java:register(266)) - Registered Data node : 47e44219-9d14-4cb3-978d-901354c5ccca{ip: 192.168.30.6, host: pr-hdds-1569-5gmkr-4255264070, networkLocation: /default-rack, certSerialId: null}
2019-09-25 11:08:45,885 [RatisPipelineUtilsThread] INFO  pipeline.PipelineStateManager (PipelineStateManager.java:addPipeline(56)) - Created pipeline Pipeline[ Id: a081cd81-ca02-4568-98db-cc362afc04eb, Nodes: 3f6fc67d-8e3f-4380-bdc7-5834d28b5411{ip: 192.168.30.6, host: pr-hdds-1569-5gmkr-4255264070, networkLocation: /default-rack, certSerialId: null}, Type:RATIS, Factor:ONE, State:OPEN]
2019-09-25 11:08:45,888 [grpc-default-executor-1] INFO  impl.RaftServerProxy (RaftServerProxy.java:addNew(89)) - 77f2c583-4ee9-4410-825c-925985ec9618: addNew group-503B16C749EA:[77f2c583-4ee9-4410-825c-925985ec9618:192.168.30.6:45405] returns group-503B16C749EA:java.util.concurrent.CompletableFuture@6dd5c494[Not completed]
2019-09-25 11:08:45,889 [pool-409-thread-1] INFO  impl.RaftServerImpl (RaftServerImpl.java:<init>(95)) - 77f2c583-4ee9-4410-825c-925985ec9618: new RaftServerImpl for group-503B16C749EA:[77f2c583-4ee9-4410-825c-925985ec9618:192.168.30.6:45405] with ContainerStateMachine:uninitialized
2019-09-25 11:08:45,889 [pool-409-thread-1] INFO  server.RaftServerConfigKeys (ConfUtils.java:logGet(43)) - raft.server.rpc.timeout.min = 5s (custom)
2019-09-25 11:08:45,889 [pool-409-thread-1] INFO  server.RaftServerConfigKeys (ConfUtils.java:logGet(43)) - raft.server.rpc.timeout.max = 5200ms (custom)
2019-09-25 11:08:45,889 [pool-409-thread-1] INFO  server.RaftServerConfigKeys (ConfUtils.java:logGet(43)) - raft.server.rpcslowness.timeout = 120s (custom)
2019-09-25 11:08:45,889 [pool-409-thread-1] INFO  server.RaftServerConfigKeys (ConfUtils.java:logGet(43)) - raft.server.sleep.deviation.threshold = 300 (default)
2019-09-25 11:08:45,889 [pool-409-thread-1] INFO  server.RaftServerConfigKeys (ConfUtils.java:logGet(43)) - raft.server.log.appender.install.snapshot.enabled = false (custom)
2019-09-25 11:08:45,889 [pool-409-thread-1] INFO  impl.RaftServerImpl (ServerState.java:<init>(103)) - 77f2c583-4ee9-4410-825c-925985ec9618@group-503B16C749EA: ConfigurationManager, init=-1: [77f2c583-4ee9-4410-825c-925985ec9618:192.168.30.6:45405], old=null, confs=<EMPTY_MAP>
2019-09-25 11:08:45,889 [pool-409-thread-1] INFO  server.RaftServerConfigKeys (ConfUtils.java:logGet(43)) - raft.server.storage.dir = [/workdir/hadoop-ozone/integration-test/target/test-dir/MiniOzoneClusterImpl-df822a65-554e-408c-8ca9-c8e2ba24269c/datanode-0/data/ratis] (custom)
2019-09-25 11:08:45,890 [pool-409-thread-1] INFO  storage.RaftStorageDirectory (RaftStorageDirectory.java:analyzeStorage(246)) - The storage directory /workdir/hadoop-ozone/integration-test/target/test-dir/MiniOzoneClusterImpl-df822a65-554e-408c-8ca9-c8e2ba24269c/datanode-0/data/ratis/10d9671b-8cdb-4970-a48c-503b16c749ea does not exist. Creating ...
2019-09-25 11:08:45,902 [pool-409-thread-1] INFO  storage.RaftStorageDirectory (RaftStorageDirectory.java:tryLock(328)) - Lock on /workdir/hadoop-ozone/integration-test/target/test-dir/MiniOzoneClusterImpl-df822a65-554e-408c-8ca9-c8e2ba24269c/datanode-0/data/ratis/10d9671b-8cdb-4970-a48c-503b16c749ea/in_use.lock acquired by nodename 21763@pr-hdds-1569-5gmkr-4255264070
2019-09-25 11:08:45,915 [pool-409-thread-1] INFO  storage.RaftStorage (RaftStorage.java:format(72)) - Storage directory /workdir/hadoop-ozone/integration-test/target/test-dir/MiniOzoneClusterImpl-df822a65-554e-408c-8ca9-c8e2ba24269c/datanode-0/data/ratis/10d9671b-8cdb-4970-a48c-503b16c749ea has been successfully formatted.
2019-09-25 11:08:45,915 [pool-409-thread-1] INFO  ratis.ContainerStateMachine (ContainerStateMachine.java:loadSnapshot(230)) - group-503B16C749EA: The snapshot info is null. Setting the last applied indexto:(t:0, i:~)
2019-09-25 11:08:45,915 [pool-409-thread-1] INFO  server.RaftServerConfigKeys (ConfUtils.java:logGet(43)) - raft.server.notification.no-leader.timeout = 120s (custom)
2019-09-25 11:08:45,915 [pool-409-thread-1] INFO  server.RaftServerConfigKeys (ConfUtils.java:logGet(43)) - raft.server.log.use.memory = false (default)
2019-09-25 11:08:45,915 [pool-409-thread-1] INFO  server.RaftServerConfigKeys (ConfUtils.java:logGet(43)) - raft.server.log.purge.gap = 1000000 (custom)
2019-09-25 11:08:45,915 [pool-409-thread-1] INFO  server.RaftServerConfigKeys (ConfUtils.java:logGet(43)) - raft.server.log.appender.buffer.byte-limit = 33554432 (custom)
2019-09-25 11:08:45,916 [pool-409-thread-1] INFO  server.RaftServerConfigKeys (ConfUtils.java:logGet(43)) - raft.server.log.segment.size.max = 1048576 (custom)
2019-09-25 11:08:45,916 [pool-409-thread-1] INFO  server.RaftServerConfigKeys (ConfUtils.java:logGet(43)) - raft.server.log.segment.cache.num.max = 2 (custom)
2019-09-25 11:08:45,916 [pool-409-thread-1] INFO  segmented.SegmentedRaftLogWorker (SegmentedRaftLogWorker.java:<init>(172)) - new 77f2c583-4ee9-4410-825c-925985ec9618@group-503B16C749EA-SegmentedRaftLogWorker for RaftStorage:Storage Directory /workdir/hadoop-ozone/integration-test/target/test-dir/MiniOzoneClusterImpl-df822a65-554e-408c-8ca9-c8e2ba24269c/datanode-0/data/ratis/10d9671b-8cdb-4970-a48c-503b16c749ea
2019-09-25 11:08:45,916 [pool-409-thread-1] INFO  server.RaftServerConfigKeys (ConfUtils.java:logGet(43)) - raft.server.log.queue.byte-limit = 2147483647 (custom)
2019-09-25 11:08:45,916 [pool-409-thread-1] INFO  server.RaftServerConfigKeys (ConfUtils.java:logGet(43)) - raft.server.log.queue.element-limit = 1024 (custom)
2019-09-25 11:08:45,916 [pool-409-thread-1] INFO  server.RaftServerConfigKeys (ConfUtils.java:logGet(43)) - raft.server.log.segment.size.max = 1048576 (custom)
2019-09-25 11:08:45,916 [pool-409-thread-1] INFO  server.RaftServerConfigKeys (ConfUtils.java:logGet(43)) - raft.server.log.preallocated.size = 16384 (custom)
2019-09-25 11:08:45,916 [pool-409-thread-1] INFO  server.RaftServerConfigKeys (ConfUtils.java:logGet(43)) - raft.server.log.write.buffer.size = 33554432 (custom)
2019-09-25 11:08:45,916 [pool-409-thread-1] INFO  server.RaftServerConfigKeys (ConfUtils.java:logGet(43)) - raft.server.log.force.sync.num = 128 (default)
2019-09-25 11:08:45,916 [pool-409-thread-1] INFO  server.RaftServerConfigKeys (ConfUtils.java:logGet(43)) - raft.server.log.statemachine.data.sync = true (default)
2019-09-25 11:08:45,916 [pool-409-thread-1] INFO  server.RaftServerConfigKeys (ConfUtils.java:logGet(43)) - raft.server.log.statemachine.data.sync.timeout = 10s (default)
2019-09-25 11:08:45,916 [pool-409-thread-1] INFO  server.RaftServerConfigKeys (ConfUtils.java:logGet(43)) - raft.server.log.statemachine.data.sync.timeout.retry = -1 (default)
2019-09-25 11:08:45,917 [pool-409-thread-1] INFO  server.RaftServerConfigKeys (ConfUtils.java:logGet(43)) - raft.server.log.statemachine.data.caching.enabled = true (custom)
2019-09-25 11:08:45,917 [pool-409-thread-1] INFO  segmented.SegmentedRaftLogWorker (SegmentedRaftLogWorker.java:lambda$new$0(132)) - 77f2c583-4ee9-4410-825c-925985ec9618@group-503B16C749EA-SegmentedRaftLogWorker: flushIndex: setUnconditionally 0 -> -1
2019-09-25 11:08:45,917 [pool-409-thread-1] INFO  server.RaftServerConfigKeys (ConfUtils.java:logGet(43)) - raft.server.snapshot.auto.trigger.enabled = true (custom)
2019-09-25 11:08:45,917 [pool-409-thread-1] INFO  server.RaftServerConfigKeys (ConfUtils.java:logGet(43)) - raft.server.snapshot.auto.trigger.threshold = 10000 (custom)
2019-09-25 11:08:45,917 [pool-409-thread-1] INFO  server.RaftServerConfigKeys (ConfUtils.java:logGet(43)) - raft.server.snapshot.retention.num.files = 5 (custom)
2019-09-25 11:08:45,917 [pool-409-thread-1] INFO  server.RaftServerConfigKeys (ConfUtils.java:logGet(43)) - raft.server.retrycache.expirytime = 600000ms (custom)
2019-09-25 11:08:45,918 [pool-409-thread-1] INFO  impl.RaftServerImpl (RaftServerImpl.java:start(185)) - 77f2c583-4ee9-4410-825c-925985ec9618@group-503B16C749EA: start as a follower, conf=-1: [77f2c583-4ee9-4410-825c-925985ec9618:192.168.30.6:45405], old=null
2019-09-25 11:08:45,918 [pool-409-thread-1] INFO  impl.RaftServerImpl (RaftServerImpl.java:setRole(174)) - 77f2c583-4ee9-4410-825c-925985ec9618@group-503B16C749EA: changes role from      null to FOLLOWER at term 0 for startAsFollower
2019-09-25 11:08:45,918 [pool-409-thread-1] INFO  impl.RoleInfo (RoleInfo.java:updateAndGet(143)) - 77f2c583-4ee9-4410-825c-925985ec9618: start FollowerState
2019-09-25 11:08:45,919 [pool-409-thread-1] INFO  util.JmxRegister (JmxRegister.java:tryRegister(44)) - Successfully registered JMX Bean with object name Ratis:service=RaftServer,group=group-503B16C749EA,id=77f2c583-4ee9-4410-825c-925985ec9618
2019-09-25 11:08:45,920 [RatisPipelineUtilsThread] INFO  pipeline.PipelineStateManager (PipelineStateManager.java:addPipeline(56)) - Created pipeline Pipeline[ Id: 10d9671b-8cdb-4970-a48c-503b16c749ea, Nodes: 77f2c583-4ee9-4410-825c-925985ec9618{ip: 192.168.30.6, host: pr-hdds-1569-5gmkr-4255264070, networkLocation: /default-rack, certSerialId: null}, Type:RATIS, Factor:ONE, State:OPEN]
2019-09-25 11:08:45,923 [grpc-default-executor-1] INFO  impl.RaftServerProxy (RaftServerProxy.java:addNew(89)) - 77f2c583-4ee9-4410-825c-925985ec9618: addNew group-48A1A243895C:[77f2c583-4ee9-4410-825c-925985ec9618:192.168.30.6:45405] returns group-48A1A243895C:java.util.concurrent.CompletableFuture@4fa7ed8[Not completed]
2019-09-25 11:08:45,924 [pool-409-thread-1] INFO  impl.RaftServerImpl (RaftServerImpl.java:<init>(95)) - 77f2c583-4ee9-4410-825c-925985ec9618: new RaftServerImpl for group-48A1A243895C:[77f2c583-4ee9-4410-825c-925985ec9618:192.168.30.6:45405] with ContainerStateMachine:uninitialized
2019-09-25 11:08:45,924 [pool-409-thread-1] INFO  server.RaftServerConfigKeys (ConfUtils.java:logGet(43)) - raft.server.rpc.timeout.min = 5s (custom)
2019-09-25 11:08:45,924 [pool-409-thread-1] INFO  server.RaftServerConfigKeys (ConfUtils.java:logGet(43)) - raft.server.rpc.timeout.max = 5200ms (custom)
2019-09-25 11:08:45,924 [pool-409-thread-1] INFO  server.RaftServerConfigKeys (ConfUtils.java:logGet(43)) - raft.server.rpcslowness.timeout = 120s (custom)
2019-09-25 11:08:45,924 [pool-409-thread-1] INFO  server.RaftServerConfigKeys (ConfUtils.java:logGet(43)) - raft.server.sleep.deviation.threshold = 300 (default)
2019-09-25 11:08:45,924 [pool-409-thread-1] INFO  server.RaftServerConfigKeys (ConfUtils.java:logGet(43)) - raft.server.log.appender.install.snapshot.enabled = false (custom)
2019-09-25 11:08:45,924 [pool-409-thread-1] INFO  impl.RaftServerImpl (ServerState.java:<init>(103)) - 77f2c583-4ee9-4410-825c-925985ec9618@group-48A1A243895C: ConfigurationManager, init=-1: [77f2c583-4ee9-4410-825c-925985ec9618:192.168.30.6:45405], old=null, confs=<EMPTY_MAP>
2019-09-25 11:08:45,924 [pool-409-thread-1] INFO  server.RaftServerConfigKeys (ConfUtils.java:logGet(43)) - raft.server.storage.dir = [/workdir/hadoop-ozone/integration-test/target/test-dir/MiniOzoneClusterImpl-df822a65-554e-408c-8ca9-c8e2ba24269c/datanode-0/data/ratis] (custom)
2019-09-25 11:08:45,924 [pool-409-thread-1] INFO  storage.RaftStorageDirectory (RaftStorageDirectory.java:analyzeStorage(246)) - The storage directory /workdir/hadoop-ozone/integration-test/target/test-dir/MiniOzoneClusterImpl-df822a65-554e-408c-8ca9-c8e2ba24269c/datanode-0/data/ratis/68c1b716-2312-4a76-a639-48a1a243895c does not exist. Creating ...
2019-09-25 11:08:45,937 [pool-409-thread-1] INFO  storage.RaftStorageDirectory (RaftStorageDirectory.java:tryLock(328)) - Lock on /workdir/hadoop-ozone/integration-test/target/test-dir/MiniOzoneClusterImpl-df822a65-554e-408c-8ca9-c8e2ba24269c/datanode-0/data/ratis/68c1b716-2312-4a76-a639-48a1a243895c/in_use.lock acquired by nodename 21763@pr-hdds-1569-5gmkr-4255264070
2019-09-25 11:08:45,950 [pool-409-thread-1] INFO  storage.RaftStorage (RaftStorage.java:format(72)) - Storage directory /workdir/hadoop-ozone/integration-test/target/test-dir/MiniOzoneClusterImpl-df822a65-554e-408c-8ca9-c8e2ba24269c/datanode-0/data/ratis/68c1b716-2312-4a76-a639-48a1a243895c has been successfully formatted.
2019-09-25 11:08:45,950 [pool-409-thread-1] INFO  ratis.ContainerStateMachine (ContainerStateMachine.java:loadSnapshot(230)) - group-48A1A243895C: The snapshot info is null. Setting the last applied indexto:(t:0, i:~)
2019-09-25 11:08:45,950 [pool-409-thread-1] INFO  server.RaftServerConfigKeys (ConfUtils.java:logGet(43)) - raft.server.notification.no-leader.timeout = 120s (custom)
2019-09-25 11:08:45,950 [pool-409-thread-1] INFO  server.RaftServerConfigKeys (ConfUtils.java:logGet(43)) - raft.server.log.use.memory = false (default)
2019-09-25 11:08:45,950 [pool-409-thread-1] INFO  server.RaftServerConfigKeys (ConfUtils.java:logGet(43)) - raft.server.log.purge.gap = 1000000 (custom)
2019-09-25 11:08:45,950 [pool-409-thread-1] INFO  server.RaftServerConfigKeys (ConfUtils.java:logGet(43)) - raft.server.log.appender.buffer.byte-limit = 33554432 (custom)
2019-09-25 11:08:45,950 [pool-409-thread-1] INFO  server.RaftServerConfigKeys (ConfUtils.java:logGet(43)) - raft.server.log.segment.size.max = 1048576 (custom)
2019-09-25 11:08:45,950 [pool-409-thread-1] INFO  server.RaftServerConfigKeys (ConfUtils.java:logGet(43)) - raft.server.log.segment.cache.num.max = 2 (custom)
2019-09-25 11:08:45,950 [pool-409-thread-1] INFO  segmented.SegmentedRaftLogWorker (SegmentedRaftLogWorker.java:<init>(172)) - new 77f2c583-4ee9-4410-825c-925985ec9618@group-48A1A243895C-SegmentedRaftLogWorker for RaftStorage:Storage Directory /workdir/hadoop-ozone/integration-test/target/test-dir/MiniOzoneClusterImpl-df822a65-554e-408c-8ca9-c8e2ba24269c/datanode-0/data/ratis/68c1b716-2312-4a76-a639-48a1a243895c
2019-09-25 11:08:45,951 [pool-409-thread-1] INFO  server.RaftServerConfigKeys (ConfUtils.java:logGet(43)) - raft.server.log.queue.byte-limit = 2147483647 (custom)
2019-09-25 11:08:45,951 [pool-409-thread-1] INFO  server.RaftServerConfigKeys (ConfUtils.java:logGet(43)) - raft.server.log.queue.element-limit = 1024 (custom)
2019-09-25 11:08:45,951 [pool-409-thread-1] INFO  server.RaftServerConfigKeys (ConfUtils.java:logGet(43)) - raft.server.log.segment.size.max = 1048576 (custom)
2019-09-25 11:08:45,951 [pool-409-thread-1] INFO  server.RaftServerConfigKeys (ConfUtils.java:logGet(43)) - raft.server.log.preallocated.size = 16384 (custom)
2019-09-25 11:08:45,951 [pool-409-thread-1] INFO  server.RaftServerConfigKeys (ConfUtils.java:logGet(43)) - raft.server.log.write.buffer.size = 33554432 (custom)
2019-09-25 11:08:45,951 [pool-409-thread-1] INFO  server.RaftServerConfigKeys (ConfUtils.java:logGet(43)) - raft.server.log.force.sync.num = 128 (default)
2019-09-25 11:08:45,951 [pool-409-thread-1] INFO  server.RaftServerConfigKeys (ConfUtils.java:logGet(43)) - raft.server.log.statemachine.data.sync = true (default)
2019-09-25 11:08:45,951 [pool-409-thread-1] INFO  server.RaftServerConfigKeys (ConfUtils.java:logGet(43)) - raft.server.log.statemachine.data.sync.timeout = 10s (default)
2019-09-25 11:08:45,952 [pool-409-thread-1] INFO  server.RaftServerConfigKeys (ConfUtils.java:logGet(43)) - raft.server.log.statemachine.data.sync.timeout.retry = -1 (default)
2019-09-25 11:08:45,952 [pool-409-thread-1] INFO  server.RaftServerConfigKeys (ConfUtils.java:logGet(43)) - raft.server.log.statemachine.data.caching.enabled = true (custom)
2019-09-25 11:08:45,952 [pool-409-thread-1] INFO  segmented.SegmentedRaftLogWorker (SegmentedRaftLogWorker.java:lambda$new$0(132)) - 77f2c583-4ee9-4410-825c-925985ec9618@group-48A1A243895C-SegmentedRaftLogWorker: flushIndex: setUnconditionally 0 -> -1
2019-09-25 11:08:45,952 [pool-409-thread-1] INFO  server.RaftServerConfigKeys (ConfUtils.java:logGet(43)) - raft.server.snapshot.auto.trigger.enabled = true (custom)
2019-09-25 11:08:45,952 [pool-409-thread-1] INFO  server.RaftServerConfigKeys (ConfUtils.java:logGet(43)) - raft.server.snapshot.auto.trigger.threshold = 10000 (custom)
2019-09-25 11:08:45,953 [pool-409-thread-1] INFO  server.RaftServerConfigKeys (ConfUtils.java:logGet(43)) - raft.server.snapshot.retention.num.files = 5 (custom)
2019-09-25 11:08:45,953 [pool-409-thread-1] INFO  server.RaftServerConfigKeys (ConfUtils.java:logGet(43)) - raft.server.retrycache.expirytime = 600000ms (custom)
2019-09-25 11:08:45,954 [pool-409-thread-1] INFO  impl.RaftServerImpl (RaftServerImpl.java:start(185)) - 77f2c583-4ee9-4410-825c-925985ec9618@group-48A1A243895C: start as a follower, conf=-1: [77f2c583-4ee9-4410-825c-925985ec9618:192.168.30.6:45405], old=null
2019-09-25 11:08:45,954 [pool-409-thread-1] INFO  impl.RaftServerImpl (RaftServerImpl.java:setRole(174)) - 77f2c583-4ee9-4410-825c-925985ec9618@group-48A1A243895C: changes role from      null to FOLLOWER at term 0 for startAsFollower
2019-09-25 11:08:45,954 [pool-409-thread-1] INFO  impl.RoleInfo (RoleInfo.java:updateAndGet(143)) - 77f2c583-4ee9-4410-825c-925985ec9618: start FollowerState
2019-09-25 11:08:45,955 [pool-409-thread-1] INFO  util.JmxRegister (JmxRegister.java:tryRegister(44)) - Successfully registered JMX Bean with object name Ratis:service=RaftServer,group=group-48A1A243895C,id=77f2c583-4ee9-4410-825c-925985ec9618
2019-09-25 11:08:45,956 [RatisPipelineUtilsThread] INFO  pipeline.PipelineStateManager (PipelineStateManager.java:addPipeline(56)) - Created pipeline Pipeline[ Id: 68c1b716-2312-4a76-a639-48a1a243895c, Nodes: 77f2c583-4ee9-4410-825c-925985ec9618{ip: 192.168.30.6, host: pr-hdds-1569-5gmkr-4255264070, networkLocation: /default-rack, certSerialId: null}, Type:RATIS, Factor:ONE, State:OPEN]
2019-09-25 11:08:45,959 [grpc-default-executor-1] INFO  impl.RaftServerProxy (RaftServerProxy.java:addNew(89)) - 3f6fc67d-8e3f-4380-bdc7-5834d28b5411: addNew group-6FB6547ABC27:[3f6fc67d-8e3f-4380-bdc7-5834d28b5411:192.168.30.6:38729] returns group-6FB6547ABC27:java.util.concurrent.CompletableFuture@157fd9c1[Not completed]
2019-09-25 11:08:45,959 [IPC Server handler 1 on 45602] INFO  net.NetworkTopology (NetworkTopologyImpl.java:add(111)) - Added a new node: /default-rack/a910ee62-e7d5-4551-8567-f4bec92df57f
2019-09-25 11:08:45,959 [IPC Server handler 1 on 45602] INFO  node.SCMNodeManager (SCMNodeManager.java:register(266)) - Registered Data node : a910ee62-e7d5-4551-8567-f4bec92df57f{ip: 192.168.30.6, host: pr-hdds-1569-5gmkr-4255264070, networkLocation: /default-rack, certSerialId: null}
2019-09-25 11:08:45,960 [pool-419-thread-1] INFO  impl.RaftServerImpl (RaftServerImpl.java:<init>(95)) - 3f6fc67d-8e3f-4380-bdc7-5834d28b5411: new RaftServerImpl for group-6FB6547ABC27:[3f6fc67d-8e3f-4380-bdc7-5834d28b5411:192.168.30.6:38729] with ContainerStateMachine:uninitialized
2019-09-25 11:08:45,960 [pool-419-thread-1] INFO  server.RaftServerConfigKeys (ConfUtils.java:logGet(43)) - raft.server.rpc.timeout.min = 5s (custom)
2019-09-25 11:08:45,960 [pool-419-thread-1] INFO  server.RaftServerConfigKeys (ConfUtils.java:logGet(43)) - raft.server.rpc.timeout.max = 5200ms (custom)
2019-09-25 11:08:45,960 [pool-419-thread-1] INFO  server.RaftServerConfigKeys (ConfUtils.java:logGet(43)) - raft.server.rpcslowness.timeout = 120s (custom)
2019-09-25 11:08:45,961 [pool-419-thread-1] INFO  server.RaftServerConfigKeys (ConfUtils.java:logGet(43)) - raft.server.sleep.deviation.threshold = 300 (default)
2019-09-25 11:08:45,961 [pool-419-thread-1] INFO  server.RaftServerConfigKeys (ConfUtils.java:logGet(43)) - raft.server.log.appender.install.snapshot.enabled = false (custom)
2019-09-25 11:08:45,961 [pool-419-thread-1] INFO  impl.RaftServerImpl (ServerState.java:<init>(103)) - 3f6fc67d-8e3f-4380-bdc7-5834d28b5411@group-6FB6547ABC27: ConfigurationManager, init=-1: [3f6fc67d-8e3f-4380-bdc7-5834d28b5411:192.168.30.6:38729], old=null, confs=<EMPTY_MAP>
2019-09-25 11:08:45,961 [pool-419-thread-1] INFO  server.RaftServerConfigKeys (ConfUtils.java:logGet(43)) - raft.server.storage.dir = [/workdir/hadoop-ozone/integration-test/target/test-dir/MiniOzoneClusterImpl-df822a65-554e-408c-8ca9-c8e2ba24269c/datanode-1/data/ratis] (custom)
2019-09-25 11:08:45,961 [pool-419-thread-1] INFO  storage.RaftStorageDirectory (RaftStorageDirectory.java:analyzeStorage(246)) - The storage directory /workdir/hadoop-ozone/integration-test/target/test-dir/MiniOzoneClusterImpl-df822a65-554e-408c-8ca9-c8e2ba24269c/datanode-1/data/ratis/a3eb9bc1-b13c-4e19-ad72-6fb6547abc27 does not exist. Creating ...
2019-09-25 11:08:45,973 [pool-419-thread-1] INFO  storage.RaftStorageDirectory (RaftStorageDirectory.java:tryLock(328)) - Lock on /workdir/hadoop-ozone/integration-test/target/test-dir/MiniOzoneClusterImpl-df822a65-554e-408c-8ca9-c8e2ba24269c/datanode-1/data/ratis/a3eb9bc1-b13c-4e19-ad72-6fb6547abc27/in_use.lock acquired by nodename 21763@pr-hdds-1569-5gmkr-4255264070
2019-09-25 11:08:45,986 [pool-419-thread-1] INFO  storage.RaftStorage (RaftStorage.java:format(72)) - Storage directory /workdir/hadoop-ozone/integration-test/target/test-dir/MiniOzoneClusterImpl-df822a65-554e-408c-8ca9-c8e2ba24269c/datanode-1/data/ratis/a3eb9bc1-b13c-4e19-ad72-6fb6547abc27 has been successfully formatted.
2019-09-25 11:08:45,986 [pool-419-thread-1] INFO  ratis.ContainerStateMachine (ContainerStateMachine.java:loadSnapshot(230)) - group-6FB6547ABC27: The snapshot info is null. Setting the last applied indexto:(t:0, i:~)
2019-09-25 11:08:45,986 [pool-419-thread-1] INFO  server.RaftServerConfigKeys (ConfUtils.java:logGet(43)) - raft.server.notification.no-leader.timeout = 120s (custom)
2019-09-25 11:08:45,986 [pool-419-thread-1] INFO  server.RaftServerConfigKeys (ConfUtils.java:logGet(43)) - raft.server.log.use.memory = false (default)
2019-09-25 11:08:45,986 [pool-419-thread-1] INFO  server.RaftServerConfigKeys (ConfUtils.java:logGet(43)) - raft.server.log.purge.gap = 1000000 (custom)
2019-09-25 11:08:45,986 [pool-419-thread-1] INFO  server.RaftServerConfigKeys (ConfUtils.java:logGet(43)) - raft.server.log.appender.buffer.byte-limit = 33554432 (custom)
2019-09-25 11:08:45,986 [pool-419-thread-1] INFO  server.RaftServerConfigKeys (ConfUtils.java:logGet(43)) - raft.server.log.segment.size.max = 1048576 (custom)
2019-09-25 11:08:45,986 [pool-419-thread-1] INFO  server.RaftServerConfigKeys (ConfUtils.java:logGet(43)) - raft.server.log.segment.cache.num.max = 2 (custom)
2019-09-25 11:08:45,986 [pool-419-thread-1] INFO  segmented.SegmentedRaftLogWorker (SegmentedRaftLogWorker.java:<init>(172)) - new 3f6fc67d-8e3f-4380-bdc7-5834d28b5411@group-6FB6547ABC27-SegmentedRaftLogWorker for RaftStorage:Storage Directory /workdir/hadoop-ozone/integration-test/target/test-dir/MiniOzoneClusterImpl-df822a65-554e-408c-8ca9-c8e2ba24269c/datanode-1/data/ratis/a3eb9bc1-b13c-4e19-ad72-6fb6547abc27
2019-09-25 11:08:45,986 [pool-419-thread-1] INFO  server.RaftServerConfigKeys (ConfUtils.java:logGet(43)) - raft.server.log.queue.byte-limit = 2147483647 (custom)
2019-09-25 11:08:45,986 [pool-419-thread-1] INFO  server.RaftServerConfigKeys (ConfUtils.java:logGet(43)) - raft.server.log.queue.element-limit = 1024 (custom)
2019-09-25 11:08:45,987 [pool-419-thread-1] INFO  server.RaftServerConfigKeys (ConfUtils.java:logGet(43)) - raft.server.log.segment.size.max = 1048576 (custom)
2019-09-25 11:08:45,987 [pool-419-thread-1] INFO  server.RaftServerConfigKeys (ConfUtils.java:logGet(43)) - raft.server.log.preallocated.size = 16384 (custom)
2019-09-25 11:08:45,987 [pool-419-thread-1] INFO  server.RaftServerConfigKeys (ConfUtils.java:logGet(43)) - raft.server.log.write.buffer.size = 33554432 (custom)
2019-09-25 11:08:45,987 [pool-419-thread-1] INFO  server.RaftServerConfigKeys (ConfUtils.java:logGet(43)) - raft.server.log.force.sync.num = 128 (default)
2019-09-25 11:08:45,987 [pool-419-thread-1] INFO  server.RaftServerConfigKeys (ConfUtils.java:logGet(43)) - raft.server.log.statemachine.data.sync = true (default)
2019-09-25 11:08:45,987 [pool-419-thread-1] INFO  server.RaftServerConfigKeys (ConfUtils.java:logGet(43)) - raft.server.log.statemachine.data.sync.timeout = 10s (default)
2019-09-25 11:08:45,987 [pool-419-thread-1] INFO  server.RaftServerConfigKeys (ConfUtils.java:logGet(43)) - raft.server.log.statemachine.data.sync.timeout.retry = -1 (default)
2019-09-25 11:08:45,987 [pool-419-thread-1] INFO  server.RaftServerConfigKeys (ConfUtils.java:logGet(43)) - raft.server.log.statemachine.data.caching.enabled = true (custom)
2019-09-25 11:08:45,987 [pool-419-thread-1] INFO  segmented.SegmentedRaftLogWorker (SegmentedRaftLogWorker.java:lambda$new$0(132)) - 3f6fc67d-8e3f-4380-bdc7-5834d28b5411@group-6FB6547ABC27-SegmentedRaftLogWorker: flushIndex: setUnconditionally 0 -> -1
2019-09-25 11:08:45,987 [pool-419-thread-1] INFO  server.RaftServerConfigKeys (ConfUtils.java:logGet(43)) - raft.server.snapshot.auto.trigger.enabled = true (custom)
2019-09-25 11:08:45,988 [pool-419-thread-1] INFO  server.RaftServerConfigKeys (ConfUtils.java:logGet(43)) - raft.server.snapshot.auto.trigger.threshold = 10000 (custom)
2019-09-25 11:08:45,988 [pool-419-thread-1] INFO  server.RaftServerConfigKeys (ConfUtils.java:logGet(43)) - raft.server.snapshot.retention.num.files = 5 (custom)
2019-09-25 11:08:45,988 [pool-419-thread-1] INFO  server.RaftServerConfigKeys (ConfUtils.java:logGet(43)) - raft.server.retrycache.expirytime = 600000ms (custom)
2019-09-25 11:08:45,989 [pool-419-thread-1] INFO  impl.RaftServerImpl (RaftServerImpl.java:start(185)) - 3f6fc67d-8e3f-4380-bdc7-5834d28b5411@group-6FB6547ABC27: start as a follower, conf=-1: [3f6fc67d-8e3f-4380-bdc7-5834d28b5411:192.168.30.6:38729], old=null
2019-09-25 11:08:45,989 [pool-419-thread-1] INFO  impl.RaftServerImpl (RaftServerImpl.java:setRole(174)) - 3f6fc67d-8e3f-4380-bdc7-5834d28b5411@group-6FB6547ABC27: changes role from      null to FOLLOWER at term 0 for startAsFollower
2019-09-25 11:08:45,989 [pool-419-thread-1] INFO  impl.RoleInfo (RoleInfo.java:updateAndGet(143)) - 3f6fc67d-8e3f-4380-bdc7-5834d28b5411: start FollowerState
2019-09-25 11:08:45,989 [pool-419-thread-1] INFO  util.JmxRegister (JmxRegister.java:tryRegister(44)) - Successfully registered JMX Bean with object name Ratis:service=RaftServer,group=group-6FB6547ABC27,id=3f6fc67d-8e3f-4380-bdc7-5834d28b5411
2019-09-25 11:08:45,991 [RatisPipelineUtilsThread] INFO  pipeline.PipelineStateManager (PipelineStateManager.java:addPipeline(56)) - Created pipeline Pipeline[ Id: a3eb9bc1-b13c-4e19-ad72-6fb6547abc27, Nodes: 3f6fc67d-8e3f-4380-bdc7-5834d28b5411{ip: 192.168.30.6, host: pr-hdds-1569-5gmkr-4255264070, networkLocation: /default-rack, certSerialId: null}, Type:RATIS, Factor:ONE, State:OPEN]
2019-09-25 11:08:45,994 [grpc-default-executor-1] INFO  impl.RaftServerProxy (RaftServerProxy.java:addNew(89)) - 3f6fc67d-8e3f-4380-bdc7-5834d28b5411: addNew group-3192B27536F9:[3f6fc67d-8e3f-4380-bdc7-5834d28b5411:192.168.30.6:38729] returns group-3192B27536F9:java.util.concurrent.CompletableFuture@17945da6[Not completed]
2019-09-25 11:08:45,994 [pool-419-thread-1] INFO  impl.RaftServerImpl (RaftServerImpl.java:<init>(95)) - 3f6fc67d-8e3f-4380-bdc7-5834d28b5411: new RaftServerImpl for group-3192B27536F9:[3f6fc67d-8e3f-4380-bdc7-5834d28b5411:192.168.30.6:38729] with ContainerStateMachine:uninitialized
2019-09-25 11:08:45,994 [pool-419-thread-1] INFO  server.RaftServerConfigKeys (ConfUtils.java:logGet(43)) - raft.server.rpc.timeout.min = 5s (custom)
2019-09-25 11:08:45,994 [pool-419-thread-1] INFO  server.RaftServerConfigKeys (ConfUtils.java:logGet(43)) - raft.server.rpc.timeout.max = 5200ms (custom)
2019-09-25 11:08:45,994 [pool-419-thread-1] INFO  server.RaftServerConfigKeys (ConfUtils.java:logGet(43)) - raft.server.rpcslowness.timeout = 120s (custom)
2019-09-25 11:08:45,995 [pool-419-thread-1] INFO  server.RaftServerConfigKeys (ConfUtils.java:logGet(43)) - raft.server.sleep.deviation.threshold = 300 (default)
2019-09-25 11:08:45,995 [pool-419-thread-1] INFO  server.RaftServerConfigKeys (ConfUtils.java:logGet(43)) - raft.server.log.appender.install.snapshot.enabled = false (custom)
2019-09-25 11:08:45,995 [pool-419-thread-1] INFO  impl.RaftServerImpl (ServerState.java:<init>(103)) - 3f6fc67d-8e3f-4380-bdc7-5834d28b5411@group-3192B27536F9: ConfigurationManager, init=-1: [3f6fc67d-8e3f-4380-bdc7-5834d28b5411:192.168.30.6:38729], old=null, confs=<EMPTY_MAP>
2019-09-25 11:08:45,995 [pool-419-thread-1] INFO  server.RaftServerConfigKeys (ConfUtils.java:logGet(43)) - raft.server.storage.dir = [/workdir/hadoop-ozone/integration-test/target/test-dir/MiniOzoneClusterImpl-df822a65-554e-408c-8ca9-c8e2ba24269c/datanode-1/data/ratis] (custom)
2019-09-25 11:08:45,995 [pool-419-thread-1] INFO  storage.RaftStorageDirectory (RaftStorageDirectory.java:analyzeStorage(246)) - The storage directory /workdir/hadoop-ozone/integration-test/target/test-dir/MiniOzoneClusterImpl-df822a65-554e-408c-8ca9-c8e2ba24269c/datanode-1/data/ratis/8a23ffea-13bc-40f8-b6a1-3192b27536f9 does not exist. Creating ...
2019-09-25 11:08:45,998 [pool-419-thread-1] INFO  storage.RaftStorageDirectory (RaftStorageDirectory.java:tryLock(328)) - Lock on /workdir/hadoop-ozone/integration-test/target/test-dir/MiniOzoneClusterImpl-df822a65-554e-408c-8ca9-c8e2ba24269c/datanode-1/data/ratis/8a23ffea-13bc-40f8-b6a1-3192b27536f9/in_use.lock acquired by nodename 21763@pr-hdds-1569-5gmkr-4255264070
2019-09-25 11:08:46,002 [pool-419-thread-1] INFO  storage.RaftStorage (RaftStorage.java:format(72)) - Storage directory /workdir/hadoop-ozone/integration-test/target/test-dir/MiniOzoneClusterImpl-df822a65-554e-408c-8ca9-c8e2ba24269c/datanode-1/data/ratis/8a23ffea-13bc-40f8-b6a1-3192b27536f9 has been successfully formatted.
2019-09-25 11:08:46,002 [pool-419-thread-1] INFO  ratis.ContainerStateMachine (ContainerStateMachine.java:loadSnapshot(230)) - group-3192B27536F9: The snapshot info is null. Setting the last applied indexto:(t:0, i:~)
2019-09-25 11:08:46,002 [pool-419-thread-1] INFO  server.RaftServerConfigKeys (ConfUtils.java:logGet(43)) - raft.server.notification.no-leader.timeout = 120s (custom)
2019-09-25 11:08:46,003 [pool-419-thread-1] INFO  server.RaftServerConfigKeys (ConfUtils.java:logGet(43)) - raft.server.log.use.memory = false (default)
2019-09-25 11:08:46,003 [pool-419-thread-1] INFO  server.RaftServerConfigKeys (ConfUtils.java:logGet(43)) - raft.server.log.purge.gap = 1000000 (custom)
2019-09-25 11:08:46,003 [pool-419-thread-1] INFO  server.RaftServerConfigKeys (ConfUtils.java:logGet(43)) - raft.server.log.appender.buffer.byte-limit = 33554432 (custom)
2019-09-25 11:08:46,003 [pool-419-thread-1] INFO  server.RaftServerConfigKeys (ConfUtils.java:logGet(43)) - raft.server.log.segment.size.max = 1048576 (custom)
2019-09-25 11:08:46,003 [pool-419-thread-1] INFO  server.RaftServerConfigKeys (ConfUtils.java:logGet(43)) - raft.server.log.segment.cache.num.max = 2 (custom)
2019-09-25 11:08:46,004 [pool-419-thread-1] INFO  segmented.SegmentedRaftLogWorker (SegmentedRaftLogWorker.java:<init>(172)) - new 3f6fc67d-8e3f-4380-bdc7-5834d28b5411@group-3192B27536F9-SegmentedRaftLogWorker for RaftStorage:Storage Directory /workdir/hadoop-ozone/integration-test/target/test-dir/MiniOzoneClusterImpl-df822a65-554e-408c-8ca9-c8e2ba24269c/datanode-1/data/ratis/8a23ffea-13bc-40f8-b6a1-3192b27536f9
2019-09-25 11:08:46,004 [pool-419-thread-1] INFO  server.RaftServerConfigKeys (ConfUtils.java:logGet(43)) - raft.server.log.queue.byte-limit = 2147483647 (custom)
2019-09-25 11:08:46,004 [pool-419-thread-1] INFO  server.RaftServerConfigKeys (ConfUtils.java:logGet(43)) - raft.server.log.queue.element-limit = 1024 (custom)
2019-09-25 11:08:46,004 [pool-419-thread-1] INFO  server.RaftServerConfigKeys (ConfUtils.java:logGet(43)) - raft.server.log.segment.size.max = 1048576 (custom)
2019-09-25 11:08:46,004 [pool-419-thread-1] INFO  server.RaftServerConfigKeys (ConfUtils.java:logGet(43)) - raft.server.log.preallocated.size = 16384 (custom)
2019-09-25 11:08:46,005 [pool-419-thread-1] INFO  server.RaftServerConfigKeys (ConfUtils.java:logGet(43)) - raft.server.log.write.buffer.size = 33554432 (custom)
2019-09-25 11:08:46,005 [pool-419-thread-1] INFO  server.RaftServerConfigKeys (ConfUtils.java:logGet(43)) - raft.server.log.force.sync.num = 128 (default)
2019-09-25 11:08:46,005 [pool-419-thread-1] INFO  server.RaftServerConfigKeys (ConfUtils.java:logGet(43)) - raft.server.log.statemachine.data.sync = true (default)
2019-09-25 11:08:46,005 [pool-419-thread-1] INFO  server.RaftServerConfigKeys (ConfUtils.java:logGet(43)) - raft.server.log.statemachine.data.sync.timeout = 10s (default)
2019-09-25 11:08:46,005 [pool-419-thread-1] INFO  server.RaftServerConfigKeys (ConfUtils.java:logGet(43)) - raft.server.log.statemachine.data.sync.timeout.retry = -1 (default)
2019-09-25 11:08:46,006 [pool-419-thread-1] INFO  server.RaftServerConfigKeys (ConfUtils.java:logGet(43)) - raft.server.log.statemachine.data.caching.enabled = true (custom)
2019-09-25 11:08:46,006 [pool-419-thread-1] INFO  segmented.SegmentedRaftLogWorker (SegmentedRaftLogWorker.java:lambda$new$0(132)) - 3f6fc67d-8e3f-4380-bdc7-5834d28b5411@group-3192B27536F9-SegmentedRaftLogWorker: flushIndex: setUnconditionally 0 -> -1
2019-09-25 11:08:46,006 [pool-419-thread-1] INFO  server.RaftServerConfigKeys (ConfUtils.java:logGet(43)) - raft.server.snapshot.auto.trigger.enabled = true (custom)
2019-09-25 11:08:46,007 [pool-419-thread-1] INFO  server.RaftServerConfigKeys (ConfUtils.java:logGet(43)) - raft.server.snapshot.auto.trigger.threshold = 10000 (custom)
2019-09-25 11:08:46,007 [pool-419-thread-1] INFO  server.RaftServerConfigKeys (ConfUtils.java:logGet(43)) - raft.server.snapshot.retention.num.files = 5 (custom)
2019-09-25 11:08:46,007 [pool-419-thread-1] INFO  server.RaftServerConfigKeys (ConfUtils.java:logGet(43)) - raft.server.retrycache.expirytime = 600000ms (custom)
2019-09-25 11:08:46,009 [pool-419-thread-1] INFO  impl.RaftServerImpl (RaftServerImpl.java:start(185)) - 3f6fc67d-8e3f-4380-bdc7-5834d28b5411@group-3192B27536F9: start as a follower, conf=-1: [3f6fc67d-8e3f-4380-bdc7-5834d28b5411:192.168.30.6:38729], old=null
2019-09-25 11:08:46,009 [pool-419-thread-1] INFO  impl.RaftServerImpl (RaftServerImpl.java:setRole(174)) - 3f6fc67d-8e3f-4380-bdc7-5834d28b5411@group-3192B27536F9: changes role from      null to FOLLOWER at term 0 for startAsFollower
2019-09-25 11:08:46,009 [pool-419-thread-1] INFO  impl.RoleInfo (RoleInfo.java:updateAndGet(143)) - 3f6fc67d-8e3f-4380-bdc7-5834d28b5411: start FollowerState
2019-09-25 11:08:46,010 [pool-419-thread-1] INFO  util.JmxRegister (JmxRegister.java:tryRegister(44)) - Successfully registered JMX Bean with object name Ratis:service=RaftServer,group=group-3192B27536F9,id=3f6fc67d-8e3f-4380-bdc7-5834d28b5411
2019-09-25 11:08:46,012 [RatisPipelineUtilsThread] INFO  pipeline.PipelineStateManager (PipelineStateManager.java:addPipeline(56)) - Created pipeline Pipeline[ Id: 8a23ffea-13bc-40f8-b6a1-3192b27536f9, Nodes: 3f6fc67d-8e3f-4380-bdc7-5834d28b5411{ip: 192.168.30.6, host: pr-hdds-1569-5gmkr-4255264070, networkLocation: /default-rack, certSerialId: null}, Type:RATIS, Factor:ONE, State:OPEN]
2019-09-25 11:08:46,015 [grpc-default-executor-1] INFO  impl.RaftServerProxy (RaftServerProxy.java:addNew(89)) - 77f2c583-4ee9-4410-825c-925985ec9618: addNew group-8146E08F44C6:[77f2c583-4ee9-4410-825c-925985ec9618:192.168.30.6:45405] returns group-8146E08F44C6:java.util.concurrent.CompletableFuture@40884650[Not completed]
2019-09-25 11:08:46,016 [pool-409-thread-1] INFO  impl.RaftServerImpl (RaftServerImpl.java:<init>(95)) - 77f2c583-4ee9-4410-825c-925985ec9618: new RaftServerImpl for group-8146E08F44C6:[77f2c583-4ee9-4410-825c-925985ec9618:192.168.30.6:45405] with ContainerStateMachine:uninitialized
2019-09-25 11:08:46,016 [pool-409-thread-1] INFO  server.RaftServerConfigKeys (ConfUtils.java:logGet(43)) - raft.server.rpc.timeout.min = 5s (custom)
2019-09-25 11:08:46,016 [pool-409-thread-1] INFO  server.RaftServerConfigKeys (ConfUtils.java:logGet(43)) - raft.server.rpc.timeout.max = 5200ms (custom)
2019-09-25 11:08:46,016 [pool-409-thread-1] INFO  server.RaftServerConfigKeys (ConfUtils.java:logGet(43)) - raft.server.rpcslowness.timeout = 120s (custom)
2019-09-25 11:08:46,016 [pool-409-thread-1] INFO  server.RaftServerConfigKeys (ConfUtils.java:logGet(43)) - raft.server.sleep.deviation.threshold = 300 (default)
2019-09-25 11:08:46,016 [pool-409-thread-1] INFO  server.RaftServerConfigKeys (ConfUtils.java:logGet(43)) - raft.server.log.appender.install.snapshot.enabled = false (custom)
2019-09-25 11:08:46,017 [pool-409-thread-1] INFO  impl.RaftServerImpl (ServerState.java:<init>(103)) - 77f2c583-4ee9-4410-825c-925985ec9618@group-8146E08F44C6: ConfigurationManager, init=-1: [77f2c583-4ee9-4410-825c-925985ec9618:192.168.30.6:45405], old=null, confs=<EMPTY_MAP>
2019-09-25 11:08:46,017 [pool-409-thread-1] INFO  server.RaftServerConfigKeys (ConfUtils.java:logGet(43)) - raft.server.storage.dir = [/workdir/hadoop-ozone/integration-test/target/test-dir/MiniOzoneClusterImpl-df822a65-554e-408c-8ca9-c8e2ba24269c/datanode-0/data/ratis] (custom)
2019-09-25 11:08:46,018 [pool-409-thread-1] INFO  storage.RaftStorageDirectory (RaftStorageDirectory.java:analyzeStorage(246)) - The storage directory /workdir/hadoop-ozone/integration-test/target/test-dir/MiniOzoneClusterImpl-df822a65-554e-408c-8ca9-c8e2ba24269c/datanode-0/data/ratis/0e156b91-61e8-499e-a40b-8146e08f44c6 does not exist. Creating ...
2019-09-25 11:08:46,021 [pool-409-thread-1] INFO  storage.RaftStorageDirectory (RaftStorageDirectory.java:tryLock(328)) - Lock on /workdir/hadoop-ozone/integration-test/target/test-dir/MiniOzoneClusterImpl-df822a65-554e-408c-8ca9-c8e2ba24269c/datanode-0/data/ratis/0e156b91-61e8-499e-a40b-8146e08f44c6/in_use.lock acquired by nodename 21763@pr-hdds-1569-5gmkr-4255264070
2019-09-25 11:08:46,033 [IPC Server handler 5 on 45602] INFO  net.NetworkTopology (NetworkTopologyImpl.java:add(111)) - Added a new node: /default-rack/d29a58f4-bb42-4b4c-aa2d-f4bca2ff5103
2019-09-25 11:08:46,033 [IPC Server handler 5 on 45602] INFO  node.SCMNodeManager (SCMNodeManager.java:register(266)) - Registered Data node : d29a58f4-bb42-4b4c-aa2d-f4bca2ff5103{ip: 192.168.30.6, host: pr-hdds-1569-5gmkr-4255264070, networkLocation: /default-rack, certSerialId: null}
2019-09-25 11:08:46,048 [pool-409-thread-1] INFO  storage.RaftStorage (RaftStorage.java:format(72)) - Storage directory /workdir/hadoop-ozone/integration-test/target/test-dir/MiniOzoneClusterImpl-df822a65-554e-408c-8ca9-c8e2ba24269c/datanode-0/data/ratis/0e156b91-61e8-499e-a40b-8146e08f44c6 has been successfully formatted.
2019-09-25 11:08:46,048 [pool-409-thread-1] INFO  ratis.ContainerStateMachine (ContainerStateMachine.java:loadSnapshot(230)) - group-8146E08F44C6: The snapshot info is null. Setting the last applied indexto:(t:0, i:~)
2019-09-25 11:08:46,048 [pool-409-thread-1] INFO  server.RaftServerConfigKeys (ConfUtils.java:logGet(43)) - raft.server.notification.no-leader.timeout = 120s (custom)
2019-09-25 11:08:46,049 [pool-409-thread-1] INFO  server.RaftServerConfigKeys (ConfUtils.java:logGet(43)) - raft.server.log.use.memory = false (default)
2019-09-25 11:08:46,049 [pool-409-thread-1] INFO  server.RaftServerConfigKeys (ConfUtils.java:logGet(43)) - raft.server.log.purge.gap = 1000000 (custom)
2019-09-25 11:08:46,049 [pool-409-thread-1] INFO  server.RaftServerConfigKeys (ConfUtils.java:logGet(43)) - raft.server.log.appender.buffer.byte-limit = 33554432 (custom)
2019-09-25 11:08:46,049 [pool-409-thread-1] INFO  server.RaftServerConfigKeys (ConfUtils.java:logGet(43)) - raft.server.log.segment.size.max = 1048576 (custom)
2019-09-25 11:08:46,049 [pool-409-thread-1] INFO  server.RaftServerConfigKeys (ConfUtils.java:logGet(43)) - raft.server.log.segment.cache.num.max = 2 (custom)
2019-09-25 11:08:46,049 [pool-409-thread-1] INFO  segmented.SegmentedRaftLogWorker (SegmentedRaftLogWorker.java:<init>(172)) - new 77f2c583-4ee9-4410-825c-925985ec9618@group-8146E08F44C6-SegmentedRaftLogWorker for RaftStorage:Storage Directory /workdir/hadoop-ozone/integration-test/target/test-dir/MiniOzoneClusterImpl-df822a65-554e-408c-8ca9-c8e2ba24269c/datanode-0/data/ratis/0e156b91-61e8-499e-a40b-8146e08f44c6
2019-09-25 11:08:46,049 [pool-409-thread-1] INFO  server.RaftServerConfigKeys (ConfUtils.java:logGet(43)) - raft.server.log.queue.byte-limit = 2147483647 (custom)
2019-09-25 11:08:46,049 [pool-409-thread-1] INFO  server.RaftServerConfigKeys (ConfUtils.java:logGet(43)) - raft.server.log.queue.element-limit = 1024 (custom)
2019-09-25 11:08:46,050 [pool-409-thread-1] INFO  server.RaftServerConfigKeys (ConfUtils.java:logGet(43)) - raft.server.log.segment.size.max = 1048576 (custom)
2019-09-25 11:08:46,050 [pool-409-thread-1] INFO  server.RaftServerConfigKeys (ConfUtils.java:logGet(43)) - raft.server.log.preallocated.size = 16384 (custom)
2019-09-25 11:08:46,050 [pool-409-thread-1] INFO  server.RaftServerConfigKeys (ConfUtils.java:logGet(43)) - raft.server.log.write.buffer.size = 33554432 (custom)
2019-09-25 11:08:46,050 [pool-409-thread-1] INFO  server.RaftServerConfigKeys (ConfUtils.java:logGet(43)) - raft.server.log.force.sync.num = 128 (default)
2019-09-25 11:08:46,050 [pool-409-thread-1] INFO  server.RaftServerConfigKeys (ConfUtils.java:logGet(43)) - raft.server.log.statemachine.data.sync = true (default)
2019-09-25 11:08:46,050 [pool-409-thread-1] INFO  server.RaftServerConfigKeys (ConfUtils.java:logGet(43)) - raft.server.log.statemachine.data.sync.timeout = 10s (default)
2019-09-25 11:08:46,050 [pool-409-thread-1] INFO  server.RaftServerConfigKeys (ConfUtils.java:logGet(43)) - raft.server.log.statemachine.data.sync.timeout.retry = -1 (default)
2019-09-25 11:08:46,050 [pool-409-thread-1] INFO  server.RaftServerConfigKeys (ConfUtils.java:logGet(43)) - raft.server.log.statemachine.data.caching.enabled = true (custom)
2019-09-25 11:08:46,051 [pool-409-thread-1] INFO  segmented.SegmentedRaftLogWorker (SegmentedRaftLogWorker.java:lambda$new$0(132)) - 77f2c583-4ee9-4410-825c-925985ec9618@group-8146E08F44C6-SegmentedRaftLogWorker: flushIndex: setUnconditionally 0 -> -1
2019-09-25 11:08:46,051 [pool-409-thread-1] INFO  server.RaftServerConfigKeys (ConfUtils.java:logGet(43)) - raft.server.snapshot.auto.trigger.enabled = true (custom)
2019-09-25 11:08:46,051 [pool-409-thread-1] INFO  server.RaftServerConfigKeys (ConfUtils.java:logGet(43)) - raft.server.snapshot.auto.trigger.threshold = 10000 (custom)
2019-09-25 11:08:46,051 [pool-409-thread-1] INFO  server.RaftServerConfigKeys (ConfUtils.java:logGet(43)) - raft.server.snapshot.retention.num.files = 5 (custom)
2019-09-25 11:08:46,051 [pool-409-thread-1] INFO  server.RaftServerConfigKeys (ConfUtils.java:logGet(43)) - raft.server.retrycache.expirytime = 600000ms (custom)
2019-09-25 11:08:46,053 [pool-409-thread-1] INFO  impl.RaftServerImpl (RaftServerImpl.java:start(185)) - 77f2c583-4ee9-4410-825c-925985ec9618@group-8146E08F44C6: start as a follower, conf=-1: [77f2c583-4ee9-4410-825c-925985ec9618:192.168.30.6:45405], old=null
2019-09-25 11:08:46,053 [pool-409-thread-1] INFO  impl.RaftServerImpl (RaftServerImpl.java:setRole(174)) - 77f2c583-4ee9-4410-825c-925985ec9618@group-8146E08F44C6: changes role from      null to FOLLOWER at term 0 for startAsFollower
2019-09-25 11:08:46,053 [pool-409-thread-1] INFO  impl.RoleInfo (RoleInfo.java:updateAndGet(143)) - 77f2c583-4ee9-4410-825c-925985ec9618: start FollowerState
2019-09-25 11:08:46,053 [pool-409-thread-1] INFO  util.JmxRegister (JmxRegister.java:tryRegister(44)) - Successfully registered JMX Bean with object name Ratis:service=RaftServer,group=group-8146E08F44C6,id=77f2c583-4ee9-4410-825c-925985ec9618
2019-09-25 11:08:46,055 [RatisPipelineUtilsThread] INFO  pipeline.PipelineStateManager (PipelineStateManager.java:addPipeline(56)) - Created pipeline Pipeline[ Id: 0e156b91-61e8-499e-a40b-8146e08f44c6, Nodes: 77f2c583-4ee9-4410-825c-925985ec9618{ip: 192.168.30.6, host: pr-hdds-1569-5gmkr-4255264070, networkLocation: /default-rack, certSerialId: null}, Type:RATIS, Factor:ONE, State:OPEN]
2019-09-25 11:08:46,061 [grpc-default-executor-1] INFO  impl.RaftServerProxy (RaftServerProxy.java:addNew(89)) - 47e44219-9d14-4cb3-978d-901354c5ccca: addNew group-BDF87C468563:[47e44219-9d14-4cb3-978d-901354c5ccca:192.168.30.6:46243] returns group-BDF87C468563:java.util.concurrent.CompletableFuture@707b3a0c[Not completed]
2019-09-25 11:08:46,062 [pool-429-thread-1] INFO  impl.RaftServerImpl (RaftServerImpl.java:<init>(95)) - 47e44219-9d14-4cb3-978d-901354c5ccca: new RaftServerImpl for group-BDF87C468563:[47e44219-9d14-4cb3-978d-901354c5ccca:192.168.30.6:46243] with ContainerStateMachine:uninitialized
2019-09-25 11:08:46,062 [pool-429-thread-1] INFO  server.RaftServerConfigKeys (ConfUtils.java:logGet(43)) - raft.server.rpc.timeout.min = 5s (custom)
2019-09-25 11:08:46,062 [pool-429-thread-1] INFO  server.RaftServerConfigKeys (ConfUtils.java:logGet(43)) - raft.server.rpc.timeout.max = 5200ms (custom)
2019-09-25 11:08:46,062 [pool-429-thread-1] INFO  server.RaftServerConfigKeys (ConfUtils.java:logGet(43)) - raft.server.rpcslowness.timeout = 120s (custom)
2019-09-25 11:08:46,062 [pool-429-thread-1] INFO  server.RaftServerConfigKeys (ConfUtils.java:logGet(43)) - raft.server.sleep.deviation.threshold = 300 (default)
2019-09-25 11:08:46,062 [pool-429-thread-1] INFO  server.RaftServerConfigKeys (ConfUtils.java:logGet(43)) - raft.server.log.appender.install.snapshot.enabled = false (custom)
2019-09-25 11:08:46,062 [pool-429-thread-1] INFO  impl.RaftServerImpl (ServerState.java:<init>(103)) - 47e44219-9d14-4cb3-978d-901354c5ccca@group-BDF87C468563: ConfigurationManager, init=-1: [47e44219-9d14-4cb3-978d-901354c5ccca:192.168.30.6:46243], old=null, confs=<EMPTY_MAP>
2019-09-25 11:08:46,062 [pool-429-thread-1] INFO  server.RaftServerConfigKeys (ConfUtils.java:logGet(43)) - raft.server.storage.dir = [/workdir/hadoop-ozone/integration-test/target/test-dir/MiniOzoneClusterImpl-df822a65-554e-408c-8ca9-c8e2ba24269c/datanode-2/data/ratis] (custom)
2019-09-25 11:08:46,063 [pool-429-thread-1] INFO  storage.RaftStorageDirectory (RaftStorageDirectory.java:analyzeStorage(246)) - The storage directory /workdir/hadoop-ozone/integration-test/target/test-dir/MiniOzoneClusterImpl-df822a65-554e-408c-8ca9-c8e2ba24269c/datanode-2/data/ratis/b91e80f4-99e3-49ba-9310-bdf87c468563 does not exist. Creating ...
2019-09-25 11:08:46,076 [pool-429-thread-1] INFO  storage.RaftStorageDirectory (RaftStorageDirectory.java:tryLock(328)) - Lock on /workdir/hadoop-ozone/integration-test/target/test-dir/MiniOzoneClusterImpl-df822a65-554e-408c-8ca9-c8e2ba24269c/datanode-2/data/ratis/b91e80f4-99e3-49ba-9310-bdf87c468563/in_use.lock acquired by nodename 21763@pr-hdds-1569-5gmkr-4255264070
2019-09-25 11:08:46,088 [pool-429-thread-1] INFO  storage.RaftStorage (RaftStorage.java:format(72)) - Storage directory /workdir/hadoop-ozone/integration-test/target/test-dir/MiniOzoneClusterImpl-df822a65-554e-408c-8ca9-c8e2ba24269c/datanode-2/data/ratis/b91e80f4-99e3-49ba-9310-bdf87c468563 has been successfully formatted.
2019-09-25 11:08:46,088 [pool-429-thread-1] INFO  ratis.ContainerStateMachine (ContainerStateMachine.java:loadSnapshot(230)) - group-BDF87C468563: The snapshot info is null. Setting the last applied indexto:(t:0, i:~)
2019-09-25 11:08:46,088 [pool-429-thread-1] INFO  server.RaftServerConfigKeys (ConfUtils.java:logGet(43)) - raft.server.notification.no-leader.timeout = 120s (custom)
2019-09-25 11:08:46,088 [pool-429-thread-1] INFO  server.RaftServerConfigKeys (ConfUtils.java:logGet(43)) - raft.server.log.use.memory = false (default)
2019-09-25 11:08:46,088 [pool-429-thread-1] INFO  server.RaftServerConfigKeys (ConfUtils.java:logGet(43)) - raft.server.log.purge.gap = 1000000 (custom)
2019-09-25 11:08:46,089 [pool-429-thread-1] INFO  server.RaftServerConfigKeys (ConfUtils.java:logGet(43)) - raft.server.log.appender.buffer.byte-limit = 33554432 (custom)
2019-09-25 11:08:46,089 [pool-429-thread-1] INFO  server.RaftServerConfigKeys (ConfUtils.java:logGet(43)) - raft.server.log.segment.size.max = 1048576 (custom)
2019-09-25 11:08:46,089 [pool-429-thread-1] INFO  server.RaftServerConfigKeys (ConfUtils.java:logGet(43)) - raft.server.log.segment.cache.num.max = 2 (custom)
2019-09-25 11:08:46,089 [pool-429-thread-1] INFO  segmented.SegmentedRaftLogWorker (SegmentedRaftLogWorker.java:<init>(172)) - new 47e44219-9d14-4cb3-978d-901354c5ccca@group-BDF87C468563-SegmentedRaftLogWorker for RaftStorage:Storage Directory /workdir/hadoop-ozone/integration-test/target/test-dir/MiniOzoneClusterImpl-df822a65-554e-408c-8ca9-c8e2ba24269c/datanode-2/data/ratis/b91e80f4-99e3-49ba-9310-bdf87c468563
2019-09-25 11:08:46,090 [pool-429-thread-1] INFO  server.RaftServerConfigKeys (ConfUtils.java:logGet(43)) - raft.server.log.queue.byte-limit = 2147483647 (custom)
2019-09-25 11:08:46,090 [pool-429-thread-1] INFO  server.RaftServerConfigKeys (ConfUtils.java:logGet(43)) - raft.server.log.queue.element-limit = 1024 (custom)
2019-09-25 11:08:46,090 [pool-429-thread-1] INFO  server.RaftServerConfigKeys (ConfUtils.java:logGet(43)) - raft.server.log.segment.size.max = 1048576 (custom)
2019-09-25 11:08:46,090 [pool-429-thread-1] INFO  server.RaftServerConfigKeys (ConfUtils.java:logGet(43)) - raft.server.log.preallocated.size = 16384 (custom)
2019-09-25 11:08:46,090 [pool-429-thread-1] INFO  server.RaftServerConfigKeys (ConfUtils.java:logGet(43)) - raft.server.log.write.buffer.size = 33554432 (custom)
2019-09-25 11:08:46,090 [pool-429-thread-1] INFO  server.RaftServerConfigKeys (ConfUtils.java:logGet(43)) - raft.server.log.force.sync.num = 128 (default)
2019-09-25 11:08:46,090 [pool-429-thread-1] INFO  server.RaftServerConfigKeys (ConfUtils.java:logGet(43)) - raft.server.log.statemachine.data.sync = true (default)
2019-09-25 11:08:46,090 [pool-429-thread-1] INFO  server.RaftServerConfigKeys (ConfUtils.java:logGet(43)) - raft.server.log.statemachine.data.sync.timeout = 10s (default)
2019-09-25 11:08:46,091 [pool-429-thread-1] INFO  server.RaftServerConfigKeys (ConfUtils.java:logGet(43)) - raft.server.log.statemachine.data.sync.timeout.retry = -1 (default)
2019-09-25 11:08:46,091 [pool-429-thread-1] INFO  server.RaftServerConfigKeys (ConfUtils.java:logGet(43)) - raft.server.log.statemachine.data.caching.enabled = true (custom)
2019-09-25 11:08:46,091 [pool-429-thread-1] INFO  segmented.SegmentedRaftLogWorker (SegmentedRaftLogWorker.java:lambda$new$0(132)) - 47e44219-9d14-4cb3-978d-901354c5ccca@group-BDF87C468563-SegmentedRaftLogWorker: flushIndex: setUnconditionally 0 -> -1
2019-09-25 11:08:46,091 [pool-429-thread-1] INFO  server.RaftServerConfigKeys (ConfUtils.java:logGet(43)) - raft.server.snapshot.auto.trigger.enabled = true (custom)
2019-09-25 11:08:46,091 [pool-429-thread-1] INFO  server.RaftServerConfigKeys (ConfUtils.java:logGet(43)) - raft.server.snapshot.auto.trigger.threshold = 10000 (custom)
2019-09-25 11:08:46,091 [pool-429-thread-1] INFO  server.RaftServerConfigKeys (ConfUtils.java:logGet(43)) - raft.server.snapshot.retention.num.files = 5 (custom)
2019-09-25 11:08:46,091 [pool-429-thread-1] INFO  server.RaftServerConfigKeys (ConfUtils.java:logGet(43)) - raft.server.retrycache.expirytime = 600000ms (custom)
2019-09-25 11:08:46,092 [pool-429-thread-1] INFO  impl.RaftServerImpl (RaftServerImpl.java:start(185)) - 47e44219-9d14-4cb3-978d-901354c5ccca@group-BDF87C468563: start as a follower, conf=-1: [47e44219-9d14-4cb3-978d-901354c5ccca:192.168.30.6:46243], old=null
2019-09-25 11:08:46,092 [pool-429-thread-1] INFO  impl.RaftServerImpl (RaftServerImpl.java:setRole(174)) - 47e44219-9d14-4cb3-978d-901354c5ccca@group-BDF87C468563: changes role from      null to FOLLOWER at term 0 for startAsFollower
2019-09-25 11:08:46,092 [pool-429-thread-1] INFO  impl.RoleInfo (RoleInfo.java:updateAndGet(143)) - 47e44219-9d14-4cb3-978d-901354c5ccca: start FollowerState
2019-09-25 11:08:46,093 [pool-429-thread-1] INFO  util.JmxRegister (JmxRegister.java:tryRegister(44)) - Successfully registered JMX Bean with object name Ratis:service=RaftServer,group=group-BDF87C468563,id=47e44219-9d14-4cb3-978d-901354c5ccca
2019-09-25 11:08:46,094 [RatisPipelineUtilsThread] INFO  pipeline.PipelineStateManager (PipelineStateManager.java:addPipeline(56)) - Created pipeline Pipeline[ Id: b91e80f4-99e3-49ba-9310-bdf87c468563, Nodes: 47e44219-9d14-4cb3-978d-901354c5ccca{ip: 192.168.30.6, host: pr-hdds-1569-5gmkr-4255264070, networkLocation: /default-rack, certSerialId: null}, Type:RATIS, Factor:ONE, State:OPEN]
2019-09-25 11:08:46,101 [grpc-default-executor-1] INFO  impl.RaftServerProxy (RaftServerProxy.java:addNew(89)) - a910ee62-e7d5-4551-8567-f4bec92df57f: addNew group-3502E699872C:[a910ee62-e7d5-4551-8567-f4bec92df57f:192.168.30.6:39441] returns group-3502E699872C:java.util.concurrent.CompletableFuture@2783c744[Not completed]
2019-09-25 11:08:46,101 [pool-439-thread-1] INFO  impl.RaftServerImpl (RaftServerImpl.java:<init>(95)) - a910ee62-e7d5-4551-8567-f4bec92df57f: new RaftServerImpl for group-3502E699872C:[a910ee62-e7d5-4551-8567-f4bec92df57f:192.168.30.6:39441] with ContainerStateMachine:uninitialized
2019-09-25 11:08:46,101 [pool-439-thread-1] INFO  server.RaftServerConfigKeys (ConfUtils.java:logGet(43)) - raft.server.rpc.timeout.min = 5s (custom)
2019-09-25 11:08:46,102 [pool-439-thread-1] INFO  server.RaftServerConfigKeys (ConfUtils.java:logGet(43)) - raft.server.rpc.timeout.max = 5200ms (custom)
2019-09-25 11:08:46,102 [pool-439-thread-1] INFO  server.RaftServerConfigKeys (ConfUtils.java:logGet(43)) - raft.server.rpcslowness.timeout = 120s (custom)
2019-09-25 11:08:46,102 [pool-439-thread-1] INFO  server.RaftServerConfigKeys (ConfUtils.java:logGet(43)) - raft.server.sleep.deviation.threshold = 300 (default)
2019-09-25 11:08:46,102 [pool-439-thread-1] INFO  server.RaftServerConfigKeys (ConfUtils.java:logGet(43)) - raft.server.log.appender.install.snapshot.enabled = false (custom)
2019-09-25 11:08:46,102 [pool-439-thread-1] INFO  impl.RaftServerImpl (ServerState.java:<init>(103)) - a910ee62-e7d5-4551-8567-f4bec92df57f@group-3502E699872C: ConfigurationManager, init=-1: [a910ee62-e7d5-4551-8567-f4bec92df57f:192.168.30.6:39441], old=null, confs=<EMPTY_MAP>
2019-09-25 11:08:46,102 [pool-439-thread-1] INFO  server.RaftServerConfigKeys (ConfUtils.java:logGet(43)) - raft.server.storage.dir = [/workdir/hadoop-ozone/integration-test/target/test-dir/MiniOzoneClusterImpl-df822a65-554e-408c-8ca9-c8e2ba24269c/datanode-3/data/ratis] (custom)
2019-09-25 11:08:46,102 [pool-439-thread-1] INFO  storage.RaftStorageDirectory (RaftStorageDirectory.java:analyzeStorage(246)) - The storage directory /workdir/hadoop-ozone/integration-test/target/test-dir/MiniOzoneClusterImpl-df822a65-554e-408c-8ca9-c8e2ba24269c/datanode-3/data/ratis/c2e733f7-7ce7-4748-8d13-3502e699872c does not exist. Creating ...
2019-09-25 11:08:46,106 [IPC Server handler 16 on 45602] INFO  net.NetworkTopology (NetworkTopologyImpl.java:add(111)) - Added a new node: /default-rack/975b33e8-e2cc-4a40-852a-f9fd970783fd
2019-09-25 11:08:46,107 [IPC Server handler 16 on 45602] INFO  node.SCMNodeManager (SCMNodeManager.java:register(266)) - Registered Data node : 975b33e8-e2cc-4a40-852a-f9fd970783fd{ip: 192.168.30.6, host: pr-hdds-1569-5gmkr-4255264070, networkLocation: /default-rack, certSerialId: null}
2019-09-25 11:08:46,115 [pool-439-thread-1] INFO  storage.RaftStorageDirectory (RaftStorageDirectory.java:tryLock(328)) - Lock on /workdir/hadoop-ozone/integration-test/target/test-dir/MiniOzoneClusterImpl-df822a65-554e-408c-8ca9-c8e2ba24269c/datanode-3/data/ratis/c2e733f7-7ce7-4748-8d13-3502e699872c/in_use.lock acquired by nodename 21763@pr-hdds-1569-5gmkr-4255264070
2019-09-25 11:08:46,127 [pool-439-thread-1] INFO  storage.RaftStorage (RaftStorage.java:format(72)) - Storage directory /workdir/hadoop-ozone/integration-test/target/test-dir/MiniOzoneClusterImpl-df822a65-554e-408c-8ca9-c8e2ba24269c/datanode-3/data/ratis/c2e733f7-7ce7-4748-8d13-3502e699872c has been successfully formatted.
2019-09-25 11:08:46,128 [pool-439-thread-1] INFO  ratis.ContainerStateMachine (ContainerStateMachine.java:loadSnapshot(230)) - group-3502E699872C: The snapshot info is null. Setting the last applied indexto:(t:0, i:~)
2019-09-25 11:08:46,128 [pool-439-thread-1] INFO  server.RaftServerConfigKeys (ConfUtils.java:logGet(43)) - raft.server.notification.no-leader.timeout = 120s (custom)
2019-09-25 11:08:46,128 [pool-439-thread-1] INFO  server.RaftServerConfigKeys (ConfUtils.java:logGet(43)) - raft.server.log.use.memory = false (default)
2019-09-25 11:08:46,128 [pool-439-thread-1] INFO  server.RaftServerConfigKeys (ConfUtils.java:logGet(43)) - raft.server.log.purge.gap = 1000000 (custom)
2019-09-25 11:08:46,128 [pool-439-thread-1] INFO  server.RaftServerConfigKeys (ConfUtils.java:logGet(43)) - raft.server.log.appender.buffer.byte-limit = 33554432 (custom)
2019-09-25 11:08:46,128 [pool-439-thread-1] INFO  server.RaftServerConfigKeys (ConfUtils.java:logGet(43)) - raft.server.log.segment.size.max = 1048576 (custom)
2019-09-25 11:08:46,129 [pool-439-thread-1] INFO  server.RaftServerConfigKeys (ConfUtils.java:logGet(43)) - raft.server.log.segment.cache.num.max = 2 (custom)
2019-09-25 11:08:46,129 [pool-439-thread-1] INFO  segmented.SegmentedRaftLogWorker (SegmentedRaftLogWorker.java:<init>(172)) - new a910ee62-e7d5-4551-8567-f4bec92df57f@group-3502E699872C-SegmentedRaftLogWorker for RaftStorage:Storage Directory /workdir/hadoop-ozone/integration-test/target/test-dir/MiniOzoneClusterImpl-df822a65-554e-408c-8ca9-c8e2ba24269c/datanode-3/data/ratis/c2e733f7-7ce7-4748-8d13-3502e699872c
2019-09-25 11:08:46,130 [pool-439-thread-1] INFO  server.RaftServerConfigKeys (ConfUtils.java:logGet(43)) - raft.server.log.queue.byte-limit = 2147483647 (custom)
2019-09-25 11:08:46,130 [pool-439-thread-1] INFO  server.RaftServerConfigKeys (ConfUtils.java:logGet(43)) - raft.server.log.queue.element-limit = 1024 (custom)
2019-09-25 11:08:46,131 [pool-439-thread-1] INFO  server.RaftServerConfigKeys (ConfUtils.java:logGet(43)) - raft.server.log.segment.size.max = 1048576 (custom)
2019-09-25 11:08:46,131 [pool-439-thread-1] INFO  server.RaftServerConfigKeys (ConfUtils.java:logGet(43)) - raft.server.log.preallocated.size = 16384 (custom)
2019-09-25 11:08:46,131 [pool-439-thread-1] INFO  server.RaftServerConfigKeys (ConfUtils.java:logGet(43)) - raft.server.log.write.buffer.size = 33554432 (custom)
2019-09-25 11:08:46,131 [pool-439-thread-1] INFO  server.RaftServerConfigKeys (ConfUtils.java:logGet(43)) - raft.server.log.force.sync.num = 128 (default)
2019-09-25 11:08:46,131 [pool-439-thread-1] INFO  server.RaftServerConfigKeys (ConfUtils.java:logGet(43)) - raft.server.log.statemachine.data.sync = true (default)
2019-09-25 11:08:46,131 [pool-439-thread-1] INFO  server.RaftServerConfigKeys (ConfUtils.java:logGet(43)) - raft.server.log.statemachine.data.sync.timeout = 10s (default)
2019-09-25 11:08:46,131 [pool-439-thread-1] INFO  server.RaftServerConfigKeys (ConfUtils.java:logGet(43)) - raft.server.log.statemachine.data.sync.timeout.retry = -1 (default)
2019-09-25 11:08:46,132 [pool-439-thread-1] INFO  server.RaftServerConfigKeys (ConfUtils.java:logGet(43)) - raft.server.log.statemachine.data.caching.enabled = true (custom)
2019-09-25 11:08:46,132 [pool-439-thread-1] INFO  segmented.SegmentedRaftLogWorker (SegmentedRaftLogWorker.java:lambda$new$0(132)) - a910ee62-e7d5-4551-8567-f4bec92df57f@group-3502E699872C-SegmentedRaftLogWorker: flushIndex: setUnconditionally 0 -> -1
2019-09-25 11:08:46,132 [pool-439-thread-1] INFO  server.RaftServerConfigKeys (ConfUtils.java:logGet(43)) - raft.server.snapshot.auto.trigger.enabled = true (custom)
2019-09-25 11:08:46,132 [pool-439-thread-1] INFO  server.RaftServerConfigKeys (ConfUtils.java:logGet(43)) - raft.server.snapshot.auto.trigger.threshold = 10000 (custom)
2019-09-25 11:08:46,132 [pool-439-thread-1] INFO  server.RaftServerConfigKeys (ConfUtils.java:logGet(43)) - raft.server.snapshot.retention.num.files = 5 (custom)
2019-09-25 11:08:46,133 [pool-439-thread-1] INFO  server.RaftServerConfigKeys (ConfUtils.java:logGet(43)) - raft.server.retrycache.expirytime = 600000ms (custom)
2019-09-25 11:08:46,134 [pool-439-thread-1] INFO  impl.RaftServerImpl (RaftServerImpl.java:start(185)) - a910ee62-e7d5-4551-8567-f4bec92df57f@group-3502E699872C: start as a follower, conf=-1: [a910ee62-e7d5-4551-8567-f4bec92df57f:192.168.30.6:39441], old=null
2019-09-25 11:08:46,134 [pool-439-thread-1] INFO  impl.RaftServerImpl (RaftServerImpl.java:setRole(174)) - a910ee62-e7d5-4551-8567-f4bec92df57f@group-3502E699872C: changes role from      null to FOLLOWER at term 0 for startAsFollower
2019-09-25 11:08:46,134 [pool-439-thread-1] INFO  impl.RoleInfo (RoleInfo.java:updateAndGet(143)) - a910ee62-e7d5-4551-8567-f4bec92df57f: start FollowerState
2019-09-25 11:08:46,135 [pool-439-thread-1] INFO  util.JmxRegister (JmxRegister.java:tryRegister(44)) - Successfully registered JMX Bean with object name Ratis:service=RaftServer,group=group-3502E699872C,id=a910ee62-e7d5-4551-8567-f4bec92df57f
2019-09-25 11:08:46,136 [RatisPipelineUtilsThread] INFO  pipeline.PipelineStateManager (PipelineStateManager.java:addPipeline(56)) - Created pipeline Pipeline[ Id: c2e733f7-7ce7-4748-8d13-3502e699872c, Nodes: a910ee62-e7d5-4551-8567-f4bec92df57f{ip: 192.168.30.6, host: pr-hdds-1569-5gmkr-4255264070, networkLocation: /default-rack, certSerialId: null}, Type:RATIS, Factor:ONE, State:OPEN]
2019-09-25 11:08:46,139 [grpc-default-executor-1] INFO  impl.RaftServerProxy (RaftServerProxy.java:addNew(89)) - a910ee62-e7d5-4551-8567-f4bec92df57f: addNew group-28FACCC12F00:[a910ee62-e7d5-4551-8567-f4bec92df57f:192.168.30.6:39441] returns group-28FACCC12F00:java.util.concurrent.CompletableFuture@66ee4447[Not completed]
2019-09-25 11:08:46,140 [pool-439-thread-1] INFO  impl.RaftServerImpl (RaftServerImpl.java:<init>(95)) - a910ee62-e7d5-4551-8567-f4bec92df57f: new RaftServerImpl for group-28FACCC12F00:[a910ee62-e7d5-4551-8567-f4bec92df57f:192.168.30.6:39441] with ContainerStateMachine:uninitialized
2019-09-25 11:08:46,140 [pool-439-thread-1] INFO  server.RaftServerConfigKeys (ConfUtils.java:logGet(43)) - raft.server.rpc.timeout.min = 5s (custom)
2019-09-25 11:08:46,140 [pool-439-thread-1] INFO  server.RaftServerConfigKeys (ConfUtils.java:logGet(43)) - raft.server.rpc.timeout.max = 5200ms (custom)
2019-09-25 11:08:46,140 [pool-439-thread-1] INFO  server.RaftServerConfigKeys (ConfUtils.java:logGet(43)) - raft.server.rpcslowness.timeout = 120s (custom)
2019-09-25 11:08:46,140 [pool-439-thread-1] INFO  server.RaftServerConfigKeys (ConfUtils.java:logGet(43)) - raft.server.sleep.deviation.threshold = 300 (default)
2019-09-25 11:08:46,141 [pool-439-thread-1] INFO  server.RaftServerConfigKeys (ConfUtils.java:logGet(43)) - raft.server.log.appender.install.snapshot.enabled = false (custom)
2019-09-25 11:08:46,141 [pool-439-thread-1] INFO  impl.RaftServerImpl (ServerState.java:<init>(103)) - a910ee62-e7d5-4551-8567-f4bec92df57f@group-28FACCC12F00: ConfigurationManager, init=-1: [a910ee62-e7d5-4551-8567-f4bec92df57f:192.168.30.6:39441], old=null, confs=<EMPTY_MAP>
2019-09-25 11:08:46,141 [pool-439-thread-1] INFO  server.RaftServerConfigKeys (ConfUtils.java:logGet(43)) - raft.server.storage.dir = [/workdir/hadoop-ozone/integration-test/target/test-dir/MiniOzoneClusterImpl-df822a65-554e-408c-8ca9-c8e2ba24269c/datanode-3/data/ratis] (custom)
2019-09-25 11:08:46,141 [pool-439-thread-1] INFO  storage.RaftStorageDirectory (RaftStorageDirectory.java:analyzeStorage(246)) - The storage directory /workdir/hadoop-ozone/integration-test/target/test-dir/MiniOzoneClusterImpl-df822a65-554e-408c-8ca9-c8e2ba24269c/datanode-3/data/ratis/55d3a009-cb3e-4e88-8a1d-28faccc12f00 does not exist. Creating ...
2019-09-25 11:08:46,154 [pool-439-thread-1] INFO  storage.RaftStorageDirectory (RaftStorageDirectory.java:tryLock(328)) - Lock on /workdir/hadoop-ozone/integration-test/target/test-dir/MiniOzoneClusterImpl-df822a65-554e-408c-8ca9-c8e2ba24269c/datanode-3/data/ratis/55d3a009-cb3e-4e88-8a1d-28faccc12f00/in_use.lock acquired by nodename 21763@pr-hdds-1569-5gmkr-4255264070
2019-09-25 11:08:46,166 [pool-439-thread-1] INFO  storage.RaftStorage (RaftStorage.java:format(72)) - Storage directory /workdir/hadoop-ozone/integration-test/target/test-dir/MiniOzoneClusterImpl-df822a65-554e-408c-8ca9-c8e2ba24269c/datanode-3/data/ratis/55d3a009-cb3e-4e88-8a1d-28faccc12f00 has been successfully formatted.
2019-09-25 11:08:46,166 [pool-439-thread-1] INFO  ratis.ContainerStateMachine (ContainerStateMachine.java:loadSnapshot(230)) - group-28FACCC12F00: The snapshot info is null. Setting the last applied indexto:(t:0, i:~)
2019-09-25 11:08:46,166 [pool-439-thread-1] INFO  server.RaftServerConfigKeys (ConfUtils.java:logGet(43)) - raft.server.notification.no-leader.timeout = 120s (custom)
2019-09-25 11:08:46,166 [pool-439-thread-1] INFO  server.RaftServerConfigKeys (ConfUtils.java:logGet(43)) - raft.server.log.use.memory = false (default)
2019-09-25 11:08:46,166 [pool-439-thread-1] INFO  server.RaftServerConfigKeys (ConfUtils.java:logGet(43)) - raft.server.log.purge.gap = 1000000 (custom)
2019-09-25 11:08:46,167 [pool-439-thread-1] INFO  server.RaftServerConfigKeys (ConfUtils.java:logGet(43)) - raft.server.log.appender.buffer.byte-limit = 33554432 (custom)
2019-09-25 11:08:46,167 [pool-439-thread-1] INFO  server.RaftServerConfigKeys (ConfUtils.java:logGet(43)) - raft.server.log.segment.size.max = 1048576 (custom)
2019-09-25 11:08:46,167 [pool-439-thread-1] INFO  server.RaftServerConfigKeys (ConfUtils.java:logGet(43)) - raft.server.log.segment.cache.num.max = 2 (custom)
2019-09-25 11:08:46,167 [pool-439-thread-1] INFO  segmented.SegmentedRaftLogWorker (SegmentedRaftLogWorker.java:<init>(172)) - new a910ee62-e7d5-4551-8567-f4bec92df57f@group-28FACCC12F00-SegmentedRaftLogWorker for RaftStorage:Storage Directory /workdir/hadoop-ozone/integration-test/target/test-dir/MiniOzoneClusterImpl-df822a65-554e-408c-8ca9-c8e2ba24269c/datanode-3/data/ratis/55d3a009-cb3e-4e88-8a1d-28faccc12f00
2019-09-25 11:08:46,167 [pool-439-thread-1] INFO  server.RaftServerConfigKeys (ConfUtils.java:logGet(43)) - raft.server.log.queue.byte-limit = 2147483647 (custom)
2019-09-25 11:08:46,167 [pool-439-thread-1] INFO  server.RaftServerConfigKeys (ConfUtils.java:logGet(43)) - raft.server.log.queue.element-limit = 1024 (custom)
2019-09-25 11:08:46,167 [pool-439-thread-1] INFO  server.RaftServerConfigKeys (ConfUtils.java:logGet(43)) - raft.server.log.segment.size.max = 1048576 (custom)
2019-09-25 11:08:46,167 [pool-439-thread-1] INFO  server.RaftServerConfigKeys (ConfUtils.java:logGet(43)) - raft.server.log.preallocated.size = 16384 (custom)
2019-09-25 11:08:46,167 [pool-439-thread-1] INFO  server.RaftServerConfigKeys (ConfUtils.java:logGet(43)) - raft.server.log.write.buffer.size = 33554432 (custom)
2019-09-25 11:08:46,167 [pool-439-thread-1] INFO  server.RaftServerConfigKeys (ConfUtils.java:logGet(43)) - raft.server.log.force.sync.num = 128 (default)
2019-09-25 11:08:46,167 [pool-439-thread-1] INFO  server.RaftServerConfigKeys (ConfUtils.java:logGet(43)) - raft.server.log.statemachine.data.sync = true (default)
2019-09-25 11:08:46,167 [pool-439-thread-1] INFO  server.RaftServerConfigKeys (ConfUtils.java:logGet(43)) - raft.server.log.statemachine.data.sync.timeout = 10s (default)
2019-09-25 11:08:46,168 [pool-439-thread-1] INFO  server.RaftServerConfigKeys (ConfUtils.java:logGet(43)) - raft.server.log.statemachine.data.sync.timeout.retry = -1 (default)
2019-09-25 11:08:46,168 [pool-439-thread-1] INFO  server.RaftServerConfigKeys (ConfUtils.java:logGet(43)) - raft.server.log.statemachine.data.caching.enabled = true (custom)
2019-09-25 11:08:46,168 [pool-439-thread-1] INFO  segmented.SegmentedRaftLogWorker (SegmentedRaftLogWorker.java:lambda$new$0(132)) - a910ee62-e7d5-4551-8567-f4bec92df57f@group-28FACCC12F00-SegmentedRaftLogWorker: flushIndex: setUnconditionally 0 -> -1
2019-09-25 11:08:46,168 [pool-439-thread-1] INFO  server.RaftServerConfigKeys (ConfUtils.java:logGet(43)) - raft.server.snapshot.auto.trigger.enabled = true (custom)
2019-09-25 11:08:46,168 [pool-439-thread-1] INFO  server.RaftServerConfigKeys (ConfUtils.java:logGet(43)) - raft.server.snapshot.auto.trigger.threshold = 10000 (custom)
2019-09-25 11:08:46,168 [pool-439-thread-1] INFO  server.RaftServerConfigKeys (ConfUtils.java:logGet(43)) - raft.server.snapshot.retention.num.files = 5 (custom)
2019-09-25 11:08:46,168 [pool-439-thread-1] INFO  server.RaftServerConfigKeys (ConfUtils.java:logGet(43)) - raft.server.retrycache.expirytime = 600000ms (custom)
2019-09-25 11:08:46,170 [pool-439-thread-1] INFO  impl.RaftServerImpl (RaftServerImpl.java:start(185)) - a910ee62-e7d5-4551-8567-f4bec92df57f@group-28FACCC12F00: start as a follower, conf=-1: [a910ee62-e7d5-4551-8567-f4bec92df57f:192.168.30.6:39441], old=null
2019-09-25 11:08:46,170 [pool-439-thread-1] INFO  impl.RaftServerImpl (RaftServerImpl.java:setRole(174)) - a910ee62-e7d5-4551-8567-f4bec92df57f@group-28FACCC12F00: changes role from      null to FOLLOWER at term 0 for startAsFollower
2019-09-25 11:08:46,170 [pool-439-thread-1] INFO  impl.RoleInfo (RoleInfo.java:updateAndGet(143)) - a910ee62-e7d5-4551-8567-f4bec92df57f: start FollowerState
2019-09-25 11:08:46,171 [pool-439-thread-1] INFO  util.JmxRegister (JmxRegister.java:tryRegister(44)) - Successfully registered JMX Bean with object name Ratis:service=RaftServer,group=group-28FACCC12F00,id=a910ee62-e7d5-4551-8567-f4bec92df57f
2019-09-25 11:08:46,172 [RatisPipelineUtilsThread] INFO  pipeline.PipelineStateManager (PipelineStateManager.java:addPipeline(56)) - Created pipeline Pipeline[ Id: 55d3a009-cb3e-4e88-8a1d-28faccc12f00, Nodes: a910ee62-e7d5-4551-8567-f4bec92df57f{ip: 192.168.30.6, host: pr-hdds-1569-5gmkr-4255264070, networkLocation: /default-rack, certSerialId: null}, Type:RATIS, Factor:ONE, State:OPEN]
2019-09-25 11:08:46,175 [grpc-default-executor-1] INFO  impl.RaftServerProxy (RaftServerProxy.java:addNew(89)) - 3f6fc67d-8e3f-4380-bdc7-5834d28b5411: addNew group-A36DE1F55DC3:[3f6fc67d-8e3f-4380-bdc7-5834d28b5411:192.168.30.6:38729] returns group-A36DE1F55DC3:java.util.concurrent.CompletableFuture@1f0b1a97[Not completed]
2019-09-25 11:08:46,176 [pool-419-thread-1] INFO  impl.RaftServerImpl (RaftServerImpl.java:<init>(95)) - 3f6fc67d-8e3f-4380-bdc7-5834d28b5411: new RaftServerImpl for group-A36DE1F55DC3:[3f6fc67d-8e3f-4380-bdc7-5834d28b5411:192.168.30.6:38729] with ContainerStateMachine:uninitialized
2019-09-25 11:08:46,176 [pool-419-thread-1] INFO  server.RaftServerConfigKeys (ConfUtils.java:logGet(43)) - raft.server.rpc.timeout.min = 5s (custom)
2019-09-25 11:08:46,176 [pool-419-thread-1] INFO  server.RaftServerConfigKeys (ConfUtils.java:logGet(43)) - raft.server.rpc.timeout.max = 5200ms (custom)
2019-09-25 11:08:46,176 [pool-419-thread-1] INFO  server.RaftServerConfigKeys (ConfUtils.java:logGet(43)) - raft.server.rpcslowness.timeout = 120s (custom)
2019-09-25 11:08:46,176 [pool-419-thread-1] INFO  server.RaftServerConfigKeys (ConfUtils.java:logGet(43)) - raft.server.sleep.deviation.threshold = 300 (default)
2019-09-25 11:08:46,176 [pool-419-thread-1] INFO  server.RaftServerConfigKeys (ConfUtils.java:logGet(43)) - raft.server.log.appender.install.snapshot.enabled = false (custom)
2019-09-25 11:08:46,176 [pool-419-thread-1] INFO  impl.RaftServerImpl (ServerState.java:<init>(103)) - 3f6fc67d-8e3f-4380-bdc7-5834d28b5411@group-A36DE1F55DC3: ConfigurationManager, init=-1: [3f6fc67d-8e3f-4380-bdc7-5834d28b5411:192.168.30.6:38729], old=null, confs=<EMPTY_MAP>
2019-09-25 11:08:46,176 [pool-419-thread-1] INFO  server.RaftServerConfigKeys (ConfUtils.java:logGet(43)) - raft.server.storage.dir = [/workdir/hadoop-ozone/integration-test/target/test-dir/MiniOzoneClusterImpl-df822a65-554e-408c-8ca9-c8e2ba24269c/datanode-1/data/ratis] (custom)
2019-09-25 11:08:46,176 [pool-419-thread-1] INFO  storage.RaftStorageDirectory (RaftStorageDirectory.java:analyzeStorage(246)) - The storage directory /workdir/hadoop-ozone/integration-test/target/test-dir/MiniOzoneClusterImpl-df822a65-554e-408c-8ca9-c8e2ba24269c/datanode-1/data/ratis/cf98d390-6561-47cf-b6a4-a36de1f55dc3 does not exist. Creating ...
2019-09-25 11:08:46,177 [IPC Server handler 0 on 45602] INFO  net.NetworkTopology (NetworkTopologyImpl.java:add(111)) - Added a new node: /default-rack/2d6a7948-ad77-4bf1-924a-02baaf7fc5b0
2019-09-25 11:08:46,177 [IPC Server handler 0 on 45602] INFO  node.SCMNodeManager (SCMNodeManager.java:register(266)) - Registered Data node : 2d6a7948-ad77-4bf1-924a-02baaf7fc5b0{ip: 192.168.30.6, host: pr-hdds-1569-5gmkr-4255264070, networkLocation: /default-rack, certSerialId: null}
2019-09-25 11:08:46,177 [main] INFO  ozone.MiniOzoneClusterImpl (MiniOzoneClusterImpl.java:lambda$waitForClusterToBeReady$0(147)) - Cluster is ready. Got 7 of 7 DN Heartbeats.
2019-09-25 11:08:46,189 [pool-419-thread-1] INFO  storage.RaftStorageDirectory (RaftStorageDirectory.java:tryLock(328)) - Lock on /workdir/hadoop-ozone/integration-test/target/test-dir/MiniOzoneClusterImpl-df822a65-554e-408c-8ca9-c8e2ba24269c/datanode-1/data/ratis/cf98d390-6561-47cf-b6a4-a36de1f55dc3/in_use.lock acquired by nodename 21763@pr-hdds-1569-5gmkr-4255264070
2019-09-25 11:08:46,207 [pool-419-thread-1] INFO  storage.RaftStorage (RaftStorage.java:format(72)) - Storage directory /workdir/hadoop-ozone/integration-test/target/test-dir/MiniOzoneClusterImpl-df822a65-554e-408c-8ca9-c8e2ba24269c/datanode-1/data/ratis/cf98d390-6561-47cf-b6a4-a36de1f55dc3 has been successfully formatted.
2019-09-25 11:08:46,208 [pool-419-thread-1] INFO  ratis.ContainerStateMachine (ContainerStateMachine.java:loadSnapshot(230)) - group-A36DE1F55DC3: The snapshot info is null. Setting the last applied indexto:(t:0, i:~)
2019-09-25 11:08:46,208 [pool-419-thread-1] INFO  server.RaftServerConfigKeys (ConfUtils.java:logGet(43)) - raft.server.notification.no-leader.timeout = 120s (custom)
2019-09-25 11:08:46,208 [pool-419-thread-1] INFO  server.RaftServerConfigKeys (ConfUtils.java:logGet(43)) - raft.server.log.use.memory = false (default)
2019-09-25 11:08:46,208 [pool-419-thread-1] INFO  server.RaftServerConfigKeys (ConfUtils.java:logGet(43)) - raft.server.log.purge.gap = 1000000 (custom)
2019-09-25 11:08:46,208 [pool-419-thread-1] INFO  server.RaftServerConfigKeys (ConfUtils.java:logGet(43)) - raft.server.log.appender.buffer.byte-limit = 33554432 (custom)
2019-09-25 11:08:46,208 [pool-419-thread-1] INFO  server.RaftServerConfigKeys (ConfUtils.java:logGet(43)) - raft.server.log.segment.size.max = 1048576 (custom)
2019-09-25 11:08:46,208 [pool-419-thread-1] INFO  server.RaftServerConfigKeys (ConfUtils.java:logGet(43)) - raft.server.log.segment.cache.num.max = 2 (custom)
2019-09-25 11:08:46,208 [pool-419-thread-1] INFO  segmented.SegmentedRaftLogWorker (SegmentedRaftLogWorker.java:<init>(172)) - new 3f6fc67d-8e3f-4380-bdc7-5834d28b5411@group-A36DE1F55DC3-SegmentedRaftLogWorker for RaftStorage:Storage Directory /workdir/hadoop-ozone/integration-test/target/test-dir/MiniOzoneClusterImpl-df822a65-554e-408c-8ca9-c8e2ba24269c/datanode-1/data/ratis/cf98d390-6561-47cf-b6a4-a36de1f55dc3
2019-09-25 11:08:46,208 [pool-419-thread-1] INFO  server.RaftServerConfigKeys (ConfUtils.java:logGet(43)) - raft.server.log.queue.byte-limit = 2147483647 (custom)
2019-09-25 11:08:46,208 [pool-419-thread-1] INFO  server.RaftServerConfigKeys (ConfUtils.java:logGet(43)) - raft.server.log.queue.element-limit = 1024 (custom)
2019-09-25 11:08:46,208 [pool-419-thread-1] INFO  server.RaftServerConfigKeys (ConfUtils.java:logGet(43)) - raft.server.log.segment.size.max = 1048576 (custom)
2019-09-25 11:08:46,208 [pool-419-thread-1] INFO  server.RaftServerConfigKeys (ConfUtils.java:logGet(43)) - raft.server.log.preallocated.size = 16384 (custom)
2019-09-25 11:08:46,209 [pool-419-thread-1] INFO  server.RaftServerConfigKeys (ConfUtils.java:logGet(43)) - raft.server.log.write.buffer.size = 33554432 (custom)
2019-09-25 11:08:46,209 [pool-419-thread-1] INFO  server.RaftServerConfigKeys (ConfUtils.java:logGet(43)) - raft.server.log.force.sync.num = 128 (default)
2019-09-25 11:08:46,209 [pool-419-thread-1] INFO  server.RaftServerConfigKeys (ConfUtils.java:logGet(43)) - raft.server.log.statemachine.data.sync = true (default)
2019-09-25 11:08:46,209 [pool-419-thread-1] INFO  server.RaftServerConfigKeys (ConfUtils.java:logGet(43)) - raft.server.log.statemachine.data.sync.timeout = 10s (default)
2019-09-25 11:08:46,209 [pool-419-thread-1] INFO  server.RaftServerConfigKeys (ConfUtils.java:logGet(43)) - raft.server.log.statemachine.data.sync.timeout.retry = -1 (default)
2019-09-25 11:08:46,209 [pool-419-thread-1] INFO  server.RaftServerConfigKeys (ConfUtils.java:logGet(43)) - raft.server.log.statemachine.data.caching.enabled = true (custom)
2019-09-25 11:08:46,209 [pool-419-thread-1] INFO  segmented.SegmentedRaftLogWorker (SegmentedRaftLogWorker.java:lambda$new$0(132)) - 3f6fc67d-8e3f-4380-bdc7-5834d28b5411@group-A36DE1F55DC3-SegmentedRaftLogWorker: flushIndex: setUnconditionally 0 -> -1
2019-09-25 11:08:46,209 [pool-419-thread-1] INFO  server.RaftServerConfigKeys (ConfUtils.java:logGet(43)) - raft.server.snapshot.auto.trigger.enabled = true (custom)
2019-09-25 11:08:46,209 [pool-419-thread-1] INFO  server.RaftServerConfigKeys (ConfUtils.java:logGet(43)) - raft.server.snapshot.auto.trigger.threshold = 10000 (custom)
2019-09-25 11:08:46,210 [pool-419-thread-1] INFO  server.RaftServerConfigKeys (ConfUtils.java:logGet(43)) - raft.server.snapshot.retention.num.files = 5 (custom)
2019-09-25 11:08:46,210 [pool-419-thread-1] INFO  server.RaftServerConfigKeys (ConfUtils.java:logGet(43)) - raft.server.retrycache.expirytime = 600000ms (custom)
2019-09-25 11:08:46,213 [pool-419-thread-1] INFO  impl.RaftServerImpl (RaftServerImpl.java:start(185)) - 3f6fc67d-8e3f-4380-bdc7-5834d28b5411@group-A36DE1F55DC3: start as a follower, conf=-1: [3f6fc67d-8e3f-4380-bdc7-5834d28b5411:192.168.30.6:38729], old=null
2019-09-25 11:08:46,213 [pool-419-thread-1] INFO  impl.RaftServerImpl (RaftServerImpl.java:setRole(174)) - 3f6fc67d-8e3f-4380-bdc7-5834d28b5411@group-A36DE1F55DC3: changes role from      null to FOLLOWER at term 0 for startAsFollower
2019-09-25 11:08:46,213 [pool-419-thread-1] INFO  impl.RoleInfo (RoleInfo.java:updateAndGet(143)) - 3f6fc67d-8e3f-4380-bdc7-5834d28b5411: start FollowerState
2019-09-25 11:08:46,214 [pool-419-thread-1] INFO  util.JmxRegister (JmxRegister.java:tryRegister(44)) - Successfully registered JMX Bean with object name Ratis:service=RaftServer,group=group-A36DE1F55DC3,id=3f6fc67d-8e3f-4380-bdc7-5834d28b5411
2019-09-25 11:08:46,214 [main] INFO  rpc.RpcClient (RpcClient.java:createVolume(276)) - Creating Volume: testblockoutputstream, with jenkins1000 as owner.
2019-09-25 11:08:46,215 [RatisPipelineUtilsThread] INFO  pipeline.PipelineStateManager (PipelineStateManager.java:addPipeline(56)) - Created pipeline Pipeline[ Id: cf98d390-6561-47cf-b6a4-a36de1f55dc3, Nodes: 3f6fc67d-8e3f-4380-bdc7-5834d28b5411{ip: 192.168.30.6, host: pr-hdds-1569-5gmkr-4255264070, networkLocation: /default-rack, certSerialId: null}, Type:RATIS, Factor:ONE, State:OPEN]
2019-09-25 11:08:46,217 [IPC Server handler 2 on 45139] INFO  volume.OMVolumeCreateRequest (OMVolumeCreateRequest.java:validateAndUpdateCache(189)) - created volume:testblockoutputstream for user:jenkins1000
2019-09-25 11:08:46,221 [grpc-default-executor-1] INFO  impl.RaftServerProxy (RaftServerProxy.java:addNew(89)) - 975b33e8-e2cc-4a40-852a-f9fd970783fd: addNew group-72E7AFE52558:[975b33e8-e2cc-4a40-852a-f9fd970783fd:192.168.30.6:37792] returns group-72E7AFE52558:java.util.concurrent.CompletableFuture@70b2fb9b[Not completed]
2019-09-25 11:08:46,224 [pool-459-thread-1] INFO  impl.RaftServerImpl (RaftServerImpl.java:<init>(95)) - 975b33e8-e2cc-4a40-852a-f9fd970783fd: new RaftServerImpl for group-72E7AFE52558:[975b33e8-e2cc-4a40-852a-f9fd970783fd:192.168.30.6:37792] with ContainerStateMachine:uninitialized
2019-09-25 11:08:46,224 [pool-459-thread-1] INFO  server.RaftServerConfigKeys (ConfUtils.java:logGet(43)) - raft.server.rpc.timeout.min = 5s (custom)
2019-09-25 11:08:46,224 [pool-459-thread-1] INFO  server.RaftServerConfigKeys (ConfUtils.java:logGet(43)) - raft.server.rpc.timeout.max = 5200ms (custom)
2019-09-25 11:08:46,233 [pool-459-thread-1] INFO  server.RaftServerConfigKeys (ConfUtils.java:logGet(43)) - raft.server.rpcslowness.timeout = 120s (custom)
2019-09-25 11:08:46,233 [pool-459-thread-1] INFO  server.RaftServerConfigKeys (ConfUtils.java:logGet(43)) - raft.server.sleep.deviation.threshold = 300 (default)
2019-09-25 11:08:46,233 [pool-459-thread-1] INFO  server.RaftServerConfigKeys (ConfUtils.java:logGet(43)) - raft.server.log.appender.install.snapshot.enabled = false (custom)
2019-09-25 11:08:46,233 [pool-459-thread-1] INFO  impl.RaftServerImpl (ServerState.java:<init>(103)) - 975b33e8-e2cc-4a40-852a-f9fd970783fd@group-72E7AFE52558: ConfigurationManager, init=-1: [975b33e8-e2cc-4a40-852a-f9fd970783fd:192.168.30.6:37792], old=null, confs=<EMPTY_MAP>
2019-09-25 11:08:46,234 [pool-459-thread-1] INFO  server.RaftServerConfigKeys (ConfUtils.java:logGet(43)) - raft.server.storage.dir = [/workdir/hadoop-ozone/integration-test/target/test-dir/MiniOzoneClusterImpl-df822a65-554e-408c-8ca9-c8e2ba24269c/datanode-5/data/ratis] (custom)
2019-09-25 11:08:46,234 [main] INFO  rpc.RpcClient (RpcClient.java:createBucket(415)) - Creating Bucket: testblockoutputstream/testblockoutputstream, with Versioning false and Storage Type set to DISK and Encryption set to false 
2019-09-25 11:08:46,234 [pool-459-thread-1] INFO  storage.RaftStorageDirectory (RaftStorageDirectory.java:analyzeStorage(246)) - The storage directory /workdir/hadoop-ozone/integration-test/target/test-dir/MiniOzoneClusterImpl-df822a65-554e-408c-8ca9-c8e2ba24269c/datanode-5/data/ratis/ebd8e2a3-839b-4f6f-a7ff-72e7afe52558 does not exist. Creating ...
2019-09-25 11:08:46,247 [pool-459-thread-1] INFO  storage.RaftStorageDirectory (RaftStorageDirectory.java:tryLock(328)) - Lock on /workdir/hadoop-ozone/integration-test/target/test-dir/MiniOzoneClusterImpl-df822a65-554e-408c-8ca9-c8e2ba24269c/datanode-5/data/ratis/ebd8e2a3-839b-4f6f-a7ff-72e7afe52558/in_use.lock acquired by nodename 21763@pr-hdds-1569-5gmkr-4255264070
2019-09-25 11:08:46,259 [pool-459-thread-1] INFO  storage.RaftStorage (RaftStorage.java:format(72)) - Storage directory /workdir/hadoop-ozone/integration-test/target/test-dir/MiniOzoneClusterImpl-df822a65-554e-408c-8ca9-c8e2ba24269c/datanode-5/data/ratis/ebd8e2a3-839b-4f6f-a7ff-72e7afe52558 has been successfully formatted.
2019-09-25 11:08:46,259 [pool-459-thread-1] INFO  ratis.ContainerStateMachine (ContainerStateMachine.java:loadSnapshot(230)) - group-72E7AFE52558: The snapshot info is null. Setting the last applied indexto:(t:0, i:~)
2019-09-25 11:08:46,259 [pool-459-thread-1] INFO  server.RaftServerConfigKeys (ConfUtils.java:logGet(43)) - raft.server.notification.no-leader.timeout = 120s (custom)
2019-09-25 11:08:46,259 [pool-459-thread-1] INFO  server.RaftServerConfigKeys (ConfUtils.java:logGet(43)) - raft.server.log.use.memory = false (default)
2019-09-25 11:08:46,260 [pool-459-thread-1] INFO  server.RaftServerConfigKeys (ConfUtils.java:logGet(43)) - raft.server.log.purge.gap = 1000000 (custom)
2019-09-25 11:08:46,260 [pool-459-thread-1] INFO  server.RaftServerConfigKeys (ConfUtils.java:logGet(43)) - raft.server.log.appender.buffer.byte-limit = 33554432 (custom)
2019-09-25 11:08:46,260 [pool-459-thread-1] INFO  server.RaftServerConfigKeys (ConfUtils.java:logGet(43)) - raft.server.log.segment.size.max = 1048576 (custom)
2019-09-25 11:08:46,260 [pool-459-thread-1] INFO  server.RaftServerConfigKeys (ConfUtils.java:logGet(43)) - raft.server.log.segment.cache.num.max = 2 (custom)
2019-09-25 11:08:46,260 [pool-459-thread-1] INFO  segmented.SegmentedRaftLogWorker (SegmentedRaftLogWorker.java:<init>(172)) - new 975b33e8-e2cc-4a40-852a-f9fd970783fd@group-72E7AFE52558-SegmentedRaftLogWorker for RaftStorage:Storage Directory /workdir/hadoop-ozone/integration-test/target/test-dir/MiniOzoneClusterImpl-df822a65-554e-408c-8ca9-c8e2ba24269c/datanode-5/data/ratis/ebd8e2a3-839b-4f6f-a7ff-72e7afe52558
2019-09-25 11:08:46,261 [pool-459-thread-1] INFO  server.RaftServerConfigKeys (ConfUtils.java:logGet(43)) - raft.server.log.queue.byte-limit = 2147483647 (custom)
2019-09-25 11:08:46,261 [pool-459-thread-1] INFO  server.RaftServerConfigKeys (ConfUtils.java:logGet(43)) - raft.server.log.queue.element-limit = 1024 (custom)
2019-09-25 11:08:46,261 [pool-459-thread-1] INFO  server.RaftServerConfigKeys (ConfUtils.java:logGet(43)) - raft.server.log.segment.size.max = 1048576 (custom)
2019-09-25 11:08:46,261 [pool-459-thread-1] INFO  server.RaftServerConfigKeys (ConfUtils.java:logGet(43)) - raft.server.log.preallocated.size = 16384 (custom)
2019-09-25 11:08:46,261 [pool-459-thread-1] INFO  server.RaftServerConfigKeys (ConfUtils.java:logGet(43)) - raft.server.log.write.buffer.size = 33554432 (custom)
2019-09-25 11:08:46,261 [pool-459-thread-1] INFO  server.RaftServerConfigKeys (ConfUtils.java:logGet(43)) - raft.server.log.force.sync.num = 128 (default)
2019-09-25 11:08:46,261 [pool-459-thread-1] INFO  server.RaftServerConfigKeys (ConfUtils.java:logGet(43)) - raft.server.log.statemachine.data.sync = true (default)
2019-09-25 11:08:46,262 [pool-459-thread-1] INFO  server.RaftServerConfigKeys (ConfUtils.java:logGet(43)) - raft.server.log.statemachine.data.sync.timeout = 10s (default)
2019-09-25 11:08:46,262 [pool-459-thread-1] INFO  server.RaftServerConfigKeys (ConfUtils.java:logGet(43)) - raft.server.log.statemachine.data.sync.timeout.retry = -1 (default)
2019-09-25 11:08:46,262 [pool-459-thread-1] INFO  server.RaftServerConfigKeys (ConfUtils.java:logGet(43)) - raft.server.log.statemachine.data.caching.enabled = true (custom)
2019-09-25 11:08:46,262 [pool-459-thread-1] INFO  segmented.SegmentedRaftLogWorker (SegmentedRaftLogWorker.java:lambda$new$0(132)) - 975b33e8-e2cc-4a40-852a-f9fd970783fd@group-72E7AFE52558-SegmentedRaftLogWorker: flushIndex: setUnconditionally 0 -> -1
2019-09-25 11:08:46,262 [pool-459-thread-1] INFO  server.RaftServerConfigKeys (ConfUtils.java:logGet(43)) - raft.server.snapshot.auto.trigger.enabled = true (custom)
2019-09-25 11:08:46,262 [pool-459-thread-1] INFO  server.RaftServerConfigKeys (ConfUtils.java:logGet(43)) - raft.server.snapshot.auto.trigger.threshold = 10000 (custom)
2019-09-25 11:08:46,262 [pool-459-thread-1] INFO  server.RaftServerConfigKeys (ConfUtils.java:logGet(43)) - raft.server.snapshot.retention.num.files = 5 (custom)
2019-09-25 11:08:46,262 [pool-459-thread-1] INFO  server.RaftServerConfigKeys (ConfUtils.java:logGet(43)) - raft.server.retrycache.expirytime = 600000ms (custom)
2019-09-25 11:08:46,263 [pool-459-thread-1] INFO  impl.RaftServerImpl (RaftServerImpl.java:start(185)) - 975b33e8-e2cc-4a40-852a-f9fd970783fd@group-72E7AFE52558: start as a follower, conf=-1: [975b33e8-e2cc-4a40-852a-f9fd970783fd:192.168.30.6:37792], old=null
2019-09-25 11:08:46,264 [pool-459-thread-1] INFO  impl.RaftServerImpl (RaftServerImpl.java:setRole(174)) - 975b33e8-e2cc-4a40-852a-f9fd970783fd@group-72E7AFE52558: changes role from      null to FOLLOWER at term 0 for startAsFollower
2019-09-25 11:08:46,264 [pool-459-thread-1] INFO  impl.RoleInfo (RoleInfo.java:updateAndGet(143)) - 975b33e8-e2cc-4a40-852a-f9fd970783fd: start FollowerState
2019-09-25 11:08:46,264 [pool-459-thread-1] INFO  util.JmxRegister (JmxRegister.java:tryRegister(44)) - Successfully registered JMX Bean with object name Ratis:service=RaftServer,group=group-72E7AFE52558,id=975b33e8-e2cc-4a40-852a-f9fd970783fd
2019-09-25 11:08:46,266 [RatisPipelineUtilsThread] INFO  pipeline.PipelineStateManager (PipelineStateManager.java:addPipeline(56)) - Created pipeline Pipeline[ Id: ebd8e2a3-839b-4f6f-a7ff-72e7afe52558, Nodes: 975b33e8-e2cc-4a40-852a-f9fd970783fd{ip: 192.168.30.6, host: pr-hdds-1569-5gmkr-4255264070, networkLocation: /default-rack, certSerialId: null}, Type:RATIS, Factor:ONE, State:OPEN]
2019-09-25 11:08:46,269 [grpc-default-executor-1] INFO  impl.RaftServerProxy (RaftServerProxy.java:addNew(89)) - 77f2c583-4ee9-4410-825c-925985ec9618: addNew group-65C82803BE2A:[77f2c583-4ee9-4410-825c-925985ec9618:192.168.30.6:45405] returns group-65C82803BE2A:java.util.concurrent.CompletableFuture@7a1064f6[Not completed]
2019-09-25 11:08:46,269 [pool-409-thread-1] INFO  impl.RaftServerImpl (RaftServerImpl.java:<init>(95)) - 77f2c583-4ee9-4410-825c-925985ec9618: new RaftServerImpl for group-65C82803BE2A:[77f2c583-4ee9-4410-825c-925985ec9618:192.168.30.6:45405] with ContainerStateMachine:uninitialized
2019-09-25 11:08:46,269 [pool-409-thread-1] INFO  server.RaftServerConfigKeys (ConfUtils.java:logGet(43)) - raft.server.rpc.timeout.min = 5s (custom)
2019-09-25 11:08:46,270 [pool-409-thread-1] INFO  server.RaftServerConfigKeys (ConfUtils.java:logGet(43)) - raft.server.rpc.timeout.max = 5200ms (custom)
2019-09-25 11:08:46,270 [pool-409-thread-1] INFO  server.RaftServerConfigKeys (ConfUtils.java:logGet(43)) - raft.server.rpcslowness.timeout = 120s (custom)
2019-09-25 11:08:46,270 [pool-409-thread-1] INFO  server.RaftServerConfigKeys (ConfUtils.java:logGet(43)) - raft.server.sleep.deviation.threshold = 300 (default)
2019-09-25 11:08:46,270 [pool-409-thread-1] INFO  server.RaftServerConfigKeys (ConfUtils.java:logGet(43)) - raft.server.log.appender.install.snapshot.enabled = false (custom)
2019-09-25 11:08:46,270 [pool-409-thread-1] INFO  impl.RaftServerImpl (ServerState.java:<init>(103)) - 77f2c583-4ee9-4410-825c-925985ec9618@group-65C82803BE2A: ConfigurationManager, init=-1: [77f2c583-4ee9-4410-825c-925985ec9618:192.168.30.6:45405], old=null, confs=<EMPTY_MAP>
2019-09-25 11:08:46,270 [pool-409-thread-1] INFO  server.RaftServerConfigKeys (ConfUtils.java:logGet(43)) - raft.server.storage.dir = [/workdir/hadoop-ozone/integration-test/target/test-dir/MiniOzoneClusterImpl-df822a65-554e-408c-8ca9-c8e2ba24269c/datanode-0/data/ratis] (custom)
2019-09-25 11:08:46,270 [pool-409-thread-1] INFO  storage.RaftStorageDirectory (RaftStorageDirectory.java:analyzeStorage(246)) - The storage directory /workdir/hadoop-ozone/integration-test/target/test-dir/MiniOzoneClusterImpl-df822a65-554e-408c-8ca9-c8e2ba24269c/datanode-0/data/ratis/d346a660-30c3-4b8f-94f8-65c82803be2a does not exist. Creating ...
2019-09-25 11:08:46,282 [pool-409-thread-1] INFO  storage.RaftStorageDirectory (RaftStorageDirectory.java:tryLock(328)) - Lock on /workdir/hadoop-ozone/integration-test/target/test-dir/MiniOzoneClusterImpl-df822a65-554e-408c-8ca9-c8e2ba24269c/datanode-0/data/ratis/d346a660-30c3-4b8f-94f8-65c82803be2a/in_use.lock acquired by nodename 21763@pr-hdds-1569-5gmkr-4255264070
2019-09-25 11:08:46,286 [pool-409-thread-1] INFO  storage.RaftStorage (RaftStorage.java:format(72)) - Storage directory /workdir/hadoop-ozone/integration-test/target/test-dir/MiniOzoneClusterImpl-df822a65-554e-408c-8ca9-c8e2ba24269c/datanode-0/data/ratis/d346a660-30c3-4b8f-94f8-65c82803be2a has been successfully formatted.
2019-09-25 11:08:46,286 [pool-409-thread-1] INFO  ratis.ContainerStateMachine (ContainerStateMachine.java:loadSnapshot(230)) - group-65C82803BE2A: The snapshot info is null. Setting the last applied indexto:(t:0, i:~)
2019-09-25 11:08:46,286 [pool-409-thread-1] INFO  server.RaftServerConfigKeys (ConfUtils.java:logGet(43)) - raft.server.notification.no-leader.timeout = 120s (custom)
2019-09-25 11:08:46,286 [pool-409-thread-1] INFO  server.RaftServerConfigKeys (ConfUtils.java:logGet(43)) - raft.server.log.use.memory = false (default)
2019-09-25 11:08:46,286 [pool-409-thread-1] INFO  server.RaftServerConfigKeys (ConfUtils.java:logGet(43)) - raft.server.log.purge.gap = 1000000 (custom)
2019-09-25 11:08:46,286 [pool-409-thread-1] INFO  server.RaftServerConfigKeys (ConfUtils.java:logGet(43)) - raft.server.log.appender.buffer.byte-limit = 33554432 (custom)
2019-09-25 11:08:46,286 [pool-409-thread-1] INFO  server.RaftServerConfigKeys (ConfUtils.java:logGet(43)) - raft.server.log.segment.size.max = 1048576 (custom)
2019-09-25 11:08:46,286 [pool-409-thread-1] INFO  server.RaftServerConfigKeys (ConfUtils.java:logGet(43)) - raft.server.log.segment.cache.num.max = 2 (custom)
2019-09-25 11:08:46,287 [pool-409-thread-1] INFO  segmented.SegmentedRaftLogWorker (SegmentedRaftLogWorker.java:<init>(172)) - new 77f2c583-4ee9-4410-825c-925985ec9618@group-65C82803BE2A-SegmentedRaftLogWorker for RaftStorage:Storage Directory /workdir/hadoop-ozone/integration-test/target/test-dir/MiniOzoneClusterImpl-df822a65-554e-408c-8ca9-c8e2ba24269c/datanode-0/data/ratis/d346a660-30c3-4b8f-94f8-65c82803be2a
2019-09-25 11:08:46,287 [pool-409-thread-1] INFO  server.RaftServerConfigKeys (ConfUtils.java:logGet(43)) - raft.server.log.queue.byte-limit = 2147483647 (custom)
2019-09-25 11:08:46,287 [pool-409-thread-1] INFO  server.RaftServerConfigKeys (ConfUtils.java:logGet(43)) - raft.server.log.queue.element-limit = 1024 (custom)
2019-09-25 11:08:46,287 [pool-409-thread-1] INFO  server.RaftServerConfigKeys (ConfUtils.java:logGet(43)) - raft.server.log.segment.size.max = 1048576 (custom)
2019-09-25 11:08:46,287 [pool-409-thread-1] INFO  server.RaftServerConfigKeys (ConfUtils.java:logGet(43)) - raft.server.log.preallocated.size = 16384 (custom)
2019-09-25 11:08:46,287 [pool-409-thread-1] INFO  server.RaftServerConfigKeys (ConfUtils.java:logGet(43)) - raft.server.log.write.buffer.size = 33554432 (custom)
2019-09-25 11:08:46,287 [pool-409-thread-1] INFO  server.RaftServerConfigKeys (ConfUtils.java:logGet(43)) - raft.server.log.force.sync.num = 128 (default)
2019-09-25 11:08:46,287 [pool-409-thread-1] INFO  server.RaftServerConfigKeys (ConfUtils.java:logGet(43)) - raft.server.log.statemachine.data.sync = true (default)
2019-09-25 11:08:46,287 [pool-409-thread-1] INFO  server.RaftServerConfigKeys (ConfUtils.java:logGet(43)) - raft.server.log.statemachine.data.sync.timeout = 10s (default)
2019-09-25 11:08:46,287 [pool-409-thread-1] INFO  server.RaftServerConfigKeys (ConfUtils.java:logGet(43)) - raft.server.log.statemachine.data.sync.timeout.retry = -1 (default)
2019-09-25 11:08:46,287 [pool-409-thread-1] INFO  server.RaftServerConfigKeys (ConfUtils.java:logGet(43)) - raft.server.log.statemachine.data.caching.enabled = true (custom)
2019-09-25 11:08:46,288 [pool-409-thread-1] INFO  segmented.SegmentedRaftLogWorker (SegmentedRaftLogWorker.java:lambda$new$0(132)) - 77f2c583-4ee9-4410-825c-925985ec9618@group-65C82803BE2A-SegmentedRaftLogWorker: flushIndex: setUnconditionally 0 -> -1
2019-09-25 11:08:46,288 [pool-409-thread-1] INFO  server.RaftServerConfigKeys (ConfUtils.java:logGet(43)) - raft.server.snapshot.auto.trigger.enabled = true (custom)
2019-09-25 11:08:46,288 [pool-409-thread-1] INFO  server.RaftServerConfigKeys (ConfUtils.java:logGet(43)) - raft.server.snapshot.auto.trigger.threshold = 10000 (custom)
2019-09-25 11:08:46,288 [pool-409-thread-1] INFO  server.RaftServerConfigKeys (ConfUtils.java:logGet(43)) - raft.server.snapshot.retention.num.files = 5 (custom)
2019-09-25 11:08:46,288 [pool-409-thread-1] INFO  server.RaftServerConfigKeys (ConfUtils.java:logGet(43)) - raft.server.retrycache.expirytime = 600000ms (custom)
2019-09-25 11:08:46,289 [pool-409-thread-1] INFO  impl.RaftServerImpl (RaftServerImpl.java:start(185)) - 77f2c583-4ee9-4410-825c-925985ec9618@group-65C82803BE2A: start as a follower, conf=-1: [77f2c583-4ee9-4410-825c-925985ec9618:192.168.30.6:45405], old=null
2019-09-25 11:08:46,289 [pool-409-thread-1] INFO  impl.RaftServerImpl (RaftServerImpl.java:setRole(174)) - 77f2c583-4ee9-4410-825c-925985ec9618@group-65C82803BE2A: changes role from      null to FOLLOWER at term 0 for startAsFollower
2019-09-25 11:08:46,290 [pool-409-thread-1] INFO  impl.RoleInfo (RoleInfo.java:updateAndGet(143)) - 77f2c583-4ee9-4410-825c-925985ec9618: start FollowerState
2019-09-25 11:08:46,290 [pool-409-thread-1] INFO  util.JmxRegister (JmxRegister.java:tryRegister(44)) - Successfully registered JMX Bean with object name Ratis:service=RaftServer,group=group-65C82803BE2A,id=77f2c583-4ee9-4410-825c-925985ec9618
2019-09-25 11:08:46,291 [RatisPipelineUtilsThread] INFO  pipeline.PipelineStateManager (PipelineStateManager.java:addPipeline(56)) - Created pipeline Pipeline[ Id: d346a660-30c3-4b8f-94f8-65c82803be2a, Nodes: 77f2c583-4ee9-4410-825c-925985ec9618{ip: 192.168.30.6, host: pr-hdds-1569-5gmkr-4255264070, networkLocation: /default-rack, certSerialId: null}, Type:RATIS, Factor:ONE, State:OPEN]
2019-09-25 11:08:46,291 [RatisPipelineUtilsThread] INFO  pipeline.PipelinePlacementPolicy (PipelinePlacementPolicy.java:meetCriteria(91)) - Pipeline Placement: can't place more pipeline on heavy datanode： 77f2c583-4ee9-4410-825c-925985ec9618 Heaviness: 6 limit: 5
2019-09-25 11:08:46,294 [grpc-default-executor-1] INFO  impl.RaftServerProxy (RaftServerProxy.java:addNew(89)) - 47e44219-9d14-4cb3-978d-901354c5ccca: addNew group-34500C08C9CD:[47e44219-9d14-4cb3-978d-901354c5ccca:192.168.30.6:46243] returns group-34500C08C9CD:java.util.concurrent.CompletableFuture@13372ab[Not completed]
2019-09-25 11:08:46,299 [pool-429-thread-1] INFO  impl.RaftServerImpl (RaftServerImpl.java:<init>(95)) - 47e44219-9d14-4cb3-978d-901354c5ccca: new RaftServerImpl for group-34500C08C9CD:[47e44219-9d14-4cb3-978d-901354c5ccca:192.168.30.6:46243] with ContainerStateMachine:uninitialized
2019-09-25 11:08:46,299 [pool-429-thread-1] INFO  server.RaftServerConfigKeys (ConfUtils.java:logGet(43)) - raft.server.rpc.timeout.min = 5s (custom)
2019-09-25 11:08:46,299 [pool-429-thread-1] INFO  server.RaftServerConfigKeys (ConfUtils.java:logGet(43)) - raft.server.rpc.timeout.max = 5200ms (custom)
2019-09-25 11:08:46,299 [pool-429-thread-1] INFO  server.RaftServerConfigKeys (ConfUtils.java:logGet(43)) - raft.server.rpcslowness.timeout = 120s (custom)
2019-09-25 11:08:46,299 [pool-429-thread-1] INFO  server.RaftServerConfigKeys (ConfUtils.java:logGet(43)) - raft.server.sleep.deviation.threshold = 300 (default)
2019-09-25 11:08:46,300 [pool-429-thread-1] INFO  server.RaftServerConfigKeys (ConfUtils.java:logGet(43)) - raft.server.log.appender.install.snapshot.enabled = false (custom)
2019-09-25 11:08:46,300 [pool-429-thread-1] INFO  impl.RaftServerImpl (ServerState.java:<init>(103)) - 47e44219-9d14-4cb3-978d-901354c5ccca@group-34500C08C9CD: ConfigurationManager, init=-1: [47e44219-9d14-4cb3-978d-901354c5ccca:192.168.30.6:46243], old=null, confs=<EMPTY_MAP>
2019-09-25 11:08:46,300 [pool-429-thread-1] INFO  server.RaftServerConfigKeys (ConfUtils.java:logGet(43)) - raft.server.storage.dir = [/workdir/hadoop-ozone/integration-test/target/test-dir/MiniOzoneClusterImpl-df822a65-554e-408c-8ca9-c8e2ba24269c/datanode-2/data/ratis] (custom)
2019-09-25 11:08:46,300 [pool-429-thread-1] INFO  storage.RaftStorageDirectory (RaftStorageDirectory.java:analyzeStorage(246)) - The storage directory /workdir/hadoop-ozone/integration-test/target/test-dir/MiniOzoneClusterImpl-df822a65-554e-408c-8ca9-c8e2ba24269c/datanode-2/data/ratis/94307846-2e8e-458b-9f4c-34500c08c9cd does not exist. Creating ...
2019-09-25 11:08:46,319 [pool-429-thread-1] INFO  storage.RaftStorageDirectory (RaftStorageDirectory.java:tryLock(328)) - Lock on /workdir/hadoop-ozone/integration-test/target/test-dir/MiniOzoneClusterImpl-df822a65-554e-408c-8ca9-c8e2ba24269c/datanode-2/data/ratis/94307846-2e8e-458b-9f4c-34500c08c9cd/in_use.lock acquired by nodename 21763@pr-hdds-1569-5gmkr-4255264070
2019-09-25 11:08:46,332 [pool-429-thread-1] INFO  storage.RaftStorage (RaftStorage.java:format(72)) - Storage directory /workdir/hadoop-ozone/integration-test/target/test-dir/MiniOzoneClusterImpl-df822a65-554e-408c-8ca9-c8e2ba24269c/datanode-2/data/ratis/94307846-2e8e-458b-9f4c-34500c08c9cd has been successfully formatted.
2019-09-25 11:08:46,332 [pool-429-thread-1] INFO  ratis.ContainerStateMachine (ContainerStateMachine.java:loadSnapshot(230)) - group-34500C08C9CD: The snapshot info is null. Setting the last applied indexto:(t:0, i:~)
2019-09-25 11:08:46,332 [pool-429-thread-1] INFO  server.RaftServerConfigKeys (ConfUtils.java:logGet(43)) - raft.server.notification.no-leader.timeout = 120s (custom)
2019-09-25 11:08:46,332 [pool-429-thread-1] INFO  server.RaftServerConfigKeys (ConfUtils.java:logGet(43)) - raft.server.log.use.memory = false (default)
2019-09-25 11:08:46,332 [pool-429-thread-1] INFO  server.RaftServerConfigKeys (ConfUtils.java:logGet(43)) - raft.server.log.purge.gap = 1000000 (custom)
2019-09-25 11:08:46,332 [pool-429-thread-1] INFO  server.RaftServerConfigKeys (ConfUtils.java:logGet(43)) - raft.server.log.appender.buffer.byte-limit = 33554432 (custom)
2019-09-25 11:08:46,332 [pool-429-thread-1] INFO  server.RaftServerConfigKeys (ConfUtils.java:logGet(43)) - raft.server.log.segment.size.max = 1048576 (custom)
2019-09-25 11:08:46,332 [pool-429-thread-1] INFO  server.RaftServerConfigKeys (ConfUtils.java:logGet(43)) - raft.server.log.segment.cache.num.max = 2 (custom)
2019-09-25 11:08:46,332 [pool-429-thread-1] INFO  segmented.SegmentedRaftLogWorker (SegmentedRaftLogWorker.java:<init>(172)) - new 47e44219-9d14-4cb3-978d-901354c5ccca@group-34500C08C9CD-SegmentedRaftLogWorker for RaftStorage:Storage Directory /workdir/hadoop-ozone/integration-test/target/test-dir/MiniOzoneClusterImpl-df822a65-554e-408c-8ca9-c8e2ba24269c/datanode-2/data/ratis/94307846-2e8e-458b-9f4c-34500c08c9cd
2019-09-25 11:08:46,332 [pool-429-thread-1] INFO  server.RaftServerConfigKeys (ConfUtils.java:logGet(43)) - raft.server.log.queue.byte-limit = 2147483647 (custom)
2019-09-25 11:08:46,333 [pool-429-thread-1] INFO  server.RaftServerConfigKeys (ConfUtils.java:logGet(43)) - raft.server.log.queue.element-limit = 1024 (custom)
2019-09-25 11:08:46,333 [pool-429-thread-1] INFO  server.RaftServerConfigKeys (ConfUtils.java:logGet(43)) - raft.server.log.segment.size.max = 1048576 (custom)
2019-09-25 11:08:46,333 [pool-429-thread-1] INFO  server.RaftServerConfigKeys (ConfUtils.java:logGet(43)) - raft.server.log.preallocated.size = 16384 (custom)
2019-09-25 11:08:46,333 [pool-429-thread-1] INFO  server.RaftServerConfigKeys (ConfUtils.java:logGet(43)) - raft.server.log.write.buffer.size = 33554432 (custom)
2019-09-25 11:08:46,333 [pool-429-thread-1] INFO  server.RaftServerConfigKeys (ConfUtils.java:logGet(43)) - raft.server.log.force.sync.num = 128 (default)
2019-09-25 11:08:46,333 [pool-429-thread-1] INFO  server.RaftServerConfigKeys (ConfUtils.java:logGet(43)) - raft.server.log.statemachine.data.sync = true (default)
2019-09-25 11:08:46,333 [pool-429-thread-1] INFO  server.RaftServerConfigKeys (ConfUtils.java:logGet(43)) - raft.server.log.statemachine.data.sync.timeout = 10s (default)
2019-09-25 11:08:46,333 [pool-429-thread-1] INFO  server.RaftServerConfigKeys (ConfUtils.java:logGet(43)) - raft.server.log.statemachine.data.sync.timeout.retry = -1 (default)
2019-09-25 11:08:46,333 [pool-429-thread-1] INFO  server.RaftServerConfigKeys (ConfUtils.java:logGet(43)) - raft.server.log.statemachine.data.caching.enabled = true (custom)
2019-09-25 11:08:46,333 [pool-429-thread-1] INFO  segmented.SegmentedRaftLogWorker (SegmentedRaftLogWorker.java:lambda$new$0(132)) - 47e44219-9d14-4cb3-978d-901354c5ccca@group-34500C08C9CD-SegmentedRaftLogWorker: flushIndex: setUnconditionally 0 -> -1
2019-09-25 11:08:46,334 [pool-429-thread-1] INFO  server.RaftServerConfigKeys (ConfUtils.java:logGet(43)) - raft.server.snapshot.auto.trigger.enabled = true (custom)
2019-09-25 11:08:46,334 [pool-429-thread-1] INFO  server.RaftServerConfigKeys (ConfUtils.java:logGet(43)) - raft.server.snapshot.auto.trigger.threshold = 10000 (custom)
2019-09-25 11:08:46,334 [pool-429-thread-1] INFO  server.RaftServerConfigKeys (ConfUtils.java:logGet(43)) - raft.server.snapshot.retention.num.files = 5 (custom)
2019-09-25 11:08:46,334 [pool-429-thread-1] INFO  server.RaftServerConfigKeys (ConfUtils.java:logGet(43)) - raft.server.retrycache.expirytime = 600000ms (custom)
2019-09-25 11:08:46,335 [pool-429-thread-1] INFO  impl.RaftServerImpl (RaftServerImpl.java:start(185)) - 47e44219-9d14-4cb3-978d-901354c5ccca@group-34500C08C9CD: start as a follower, conf=-1: [47e44219-9d14-4cb3-978d-901354c5ccca:192.168.30.6:46243], old=null
2019-09-25 11:08:46,335 [pool-429-thread-1] INFO  impl.RaftServerImpl (RaftServerImpl.java:setRole(174)) - 47e44219-9d14-4cb3-978d-901354c5ccca@group-34500C08C9CD: changes role from      null to FOLLOWER at term 0 for startAsFollower
2019-09-25 11:08:46,335 [pool-429-thread-1] INFO  impl.RoleInfo (RoleInfo.java:updateAndGet(143)) - 47e44219-9d14-4cb3-978d-901354c5ccca: start FollowerState
2019-09-25 11:08:46,335 [pool-429-thread-1] INFO  util.JmxRegister (JmxRegister.java:tryRegister(44)) - Successfully registered JMX Bean with object name Ratis:service=RaftServer,group=group-34500C08C9CD,id=47e44219-9d14-4cb3-978d-901354c5ccca
2019-09-25 11:08:46,337 [RatisPipelineUtilsThread] INFO  pipeline.PipelineStateManager (PipelineStateManager.java:addPipeline(56)) - Created pipeline Pipeline[ Id: 94307846-2e8e-458b-9f4c-34500c08c9cd, Nodes: 47e44219-9d14-4cb3-978d-901354c5ccca{ip: 192.168.30.6, host: pr-hdds-1569-5gmkr-4255264070, networkLocation: /default-rack, certSerialId: null}, Type:RATIS, Factor:ONE, State:OPEN]
2019-09-25 11:08:46,337 [RatisPipelineUtilsThread] INFO  pipeline.PipelinePlacementPolicy (PipelinePlacementPolicy.java:meetCriteria(91)) - Pipeline Placement: can't place more pipeline on heavy datanode： 77f2c583-4ee9-4410-825c-925985ec9618 Heaviness: 6 limit: 5
2019-09-25 11:08:46,340 [grpc-default-executor-1] INFO  impl.RaftServerProxy (RaftServerProxy.java:addNew(89)) - 47e44219-9d14-4cb3-978d-901354c5ccca: addNew group-960B4437CB03:[47e44219-9d14-4cb3-978d-901354c5ccca:192.168.30.6:46243] returns group-960B4437CB03:java.util.concurrent.CompletableFuture@1b71ba18[Not completed]
2019-09-25 11:08:46,341 [pool-429-thread-1] INFO  impl.RaftServerImpl (RaftServerImpl.java:<init>(95)) - 47e44219-9d14-4cb3-978d-901354c5ccca: new RaftServerImpl for group-960B4437CB03:[47e44219-9d14-4cb3-978d-901354c5ccca:192.168.30.6:46243] with ContainerStateMachine:uninitialized
2019-09-25 11:08:46,341 [pool-429-thread-1] INFO  server.RaftServerConfigKeys (ConfUtils.java:logGet(43)) - raft.server.rpc.timeout.min = 5s (custom)
2019-09-25 11:08:46,341 [pool-429-thread-1] INFO  server.RaftServerConfigKeys (ConfUtils.java:logGet(43)) - raft.server.rpc.timeout.max = 5200ms (custom)
2019-09-25 11:08:46,341 [pool-429-thread-1] INFO  server.RaftServerConfigKeys (ConfUtils.java:logGet(43)) - raft.server.rpcslowness.timeout = 120s (custom)
2019-09-25 11:08:46,341 [pool-429-thread-1] INFO  server.RaftServerConfigKeys (ConfUtils.java:logGet(43)) - raft.server.sleep.deviation.threshold = 300 (default)
2019-09-25 11:08:46,341 [pool-429-thread-1] INFO  server.RaftServerConfigKeys (ConfUtils.java:logGet(43)) - raft.server.log.appender.install.snapshot.enabled = false (custom)
2019-09-25 11:08:46,341 [pool-429-thread-1] INFO  impl.RaftServerImpl (ServerState.java:<init>(103)) - 47e44219-9d14-4cb3-978d-901354c5ccca@group-960B4437CB03: ConfigurationManager, init=-1: [47e44219-9d14-4cb3-978d-901354c5ccca:192.168.30.6:46243], old=null, confs=<EMPTY_MAP>
2019-09-25 11:08:46,341 [pool-429-thread-1] INFO  server.RaftServerConfigKeys (ConfUtils.java:logGet(43)) - raft.server.storage.dir = [/workdir/hadoop-ozone/integration-test/target/test-dir/MiniOzoneClusterImpl-df822a65-554e-408c-8ca9-c8e2ba24269c/datanode-2/data/ratis] (custom)
2019-09-25 11:08:46,342 [pool-429-thread-1] INFO  storage.RaftStorageDirectory (RaftStorageDirectory.java:analyzeStorage(246)) - The storage directory /workdir/hadoop-ozone/integration-test/target/test-dir/MiniOzoneClusterImpl-df822a65-554e-408c-8ca9-c8e2ba24269c/datanode-2/data/ratis/449ac9d3-126f-452a-bcb9-960b4437cb03 does not exist. Creating ...
2019-09-25 11:08:46,354 [pool-429-thread-1] INFO  storage.RaftStorageDirectory (RaftStorageDirectory.java:tryLock(328)) - Lock on /workdir/hadoop-ozone/integration-test/target/test-dir/MiniOzoneClusterImpl-df822a65-554e-408c-8ca9-c8e2ba24269c/datanode-2/data/ratis/449ac9d3-126f-452a-bcb9-960b4437cb03/in_use.lock acquired by nodename 21763@pr-hdds-1569-5gmkr-4255264070
2019-09-25 11:08:46,366 [pool-429-thread-1] INFO  storage.RaftStorage (RaftStorage.java:format(72)) - Storage directory /workdir/hadoop-ozone/integration-test/target/test-dir/MiniOzoneClusterImpl-df822a65-554e-408c-8ca9-c8e2ba24269c/datanode-2/data/ratis/449ac9d3-126f-452a-bcb9-960b4437cb03 has been successfully formatted.
2019-09-25 11:08:46,366 [pool-429-thread-1] INFO  ratis.ContainerStateMachine (ContainerStateMachine.java:loadSnapshot(230)) - group-960B4437CB03: The snapshot info is null. Setting the last applied indexto:(t:0, i:~)
2019-09-25 11:08:46,367 [pool-429-thread-1] INFO  server.RaftServerConfigKeys (ConfUtils.java:logGet(43)) - raft.server.notification.no-leader.timeout = 120s (custom)
2019-09-25 11:08:46,367 [pool-429-thread-1] INFO  server.RaftServerConfigKeys (ConfUtils.java:logGet(43)) - raft.server.log.use.memory = false (default)
2019-09-25 11:08:46,367 [pool-429-thread-1] INFO  server.RaftServerConfigKeys (ConfUtils.java:logGet(43)) - raft.server.log.purge.gap = 1000000 (custom)
2019-09-25 11:08:46,367 [pool-429-thread-1] INFO  server.RaftServerConfigKeys (ConfUtils.java:logGet(43)) - raft.server.log.appender.buffer.byte-limit = 33554432 (custom)
2019-09-25 11:08:46,367 [pool-429-thread-1] INFO  server.RaftServerConfigKeys (ConfUtils.java:logGet(43)) - raft.server.log.segment.size.max = 1048576 (custom)
2019-09-25 11:08:46,367 [pool-429-thread-1] INFO  server.RaftServerConfigKeys (ConfUtils.java:logGet(43)) - raft.server.log.segment.cache.num.max = 2 (custom)
2019-09-25 11:08:46,367 [pool-429-thread-1] INFO  segmented.SegmentedRaftLogWorker (SegmentedRaftLogWorker.java:<init>(172)) - new 47e44219-9d14-4cb3-978d-901354c5ccca@group-960B4437CB03-SegmentedRaftLogWorker for RaftStorage:Storage Directory /workdir/hadoop-ozone/integration-test/target/test-dir/MiniOzoneClusterImpl-df822a65-554e-408c-8ca9-c8e2ba24269c/datanode-2/data/ratis/449ac9d3-126f-452a-bcb9-960b4437cb03
2019-09-25 11:08:46,368 [pool-429-thread-1] INFO  server.RaftServerConfigKeys (ConfUtils.java:logGet(43)) - raft.server.log.queue.byte-limit = 2147483647 (custom)
2019-09-25 11:08:46,368 [pool-429-thread-1] INFO  server.RaftServerConfigKeys (ConfUtils.java:logGet(43)) - raft.server.log.queue.element-limit = 1024 (custom)
2019-09-25 11:08:46,368 [pool-429-thread-1] INFO  server.RaftServerConfigKeys (ConfUtils.java:logGet(43)) - raft.server.log.segment.size.max = 1048576 (custom)
2019-09-25 11:08:46,368 [pool-429-thread-1] INFO  server.RaftServerConfigKeys (ConfUtils.java:logGet(43)) - raft.server.log.preallocated.size = 16384 (custom)
2019-09-25 11:08:46,368 [pool-429-thread-1] INFO  server.RaftServerConfigKeys (ConfUtils.java:logGet(43)) - raft.server.log.write.buffer.size = 33554432 (custom)
2019-09-25 11:08:46,368 [pool-429-thread-1] INFO  server.RaftServerConfigKeys (ConfUtils.java:logGet(43)) - raft.server.log.force.sync.num = 128 (default)
2019-09-25 11:08:46,368 [pool-429-thread-1] INFO  server.RaftServerConfigKeys (ConfUtils.java:logGet(43)) - raft.server.log.statemachine.data.sync = true (default)
2019-09-25 11:08:46,368 [pool-429-thread-1] INFO  server.RaftServerConfigKeys (ConfUtils.java:logGet(43)) - raft.server.log.statemachine.data.sync.timeout = 10s (default)
2019-09-25 11:08:46,368 [pool-429-thread-1] INFO  server.RaftServerConfigKeys (ConfUtils.java:logGet(43)) - raft.server.log.statemachine.data.sync.timeout.retry = -1 (default)
2019-09-25 11:08:46,368 [pool-429-thread-1] INFO  server.RaftServerConfigKeys (ConfUtils.java:logGet(43)) - raft.server.log.statemachine.data.caching.enabled = true (custom)
2019-09-25 11:08:46,369 [pool-429-thread-1] INFO  segmented.SegmentedRaftLogWorker (SegmentedRaftLogWorker.java:lambda$new$0(132)) - 47e44219-9d14-4cb3-978d-901354c5ccca@group-960B4437CB03-SegmentedRaftLogWorker: flushIndex: setUnconditionally 0 -> -1
2019-09-25 11:08:46,369 [pool-429-thread-1] INFO  server.RaftServerConfigKeys (ConfUtils.java:logGet(43)) - raft.server.snapshot.auto.trigger.enabled = true (custom)
2019-09-25 11:08:46,369 [pool-429-thread-1] INFO  server.RaftServerConfigKeys (ConfUtils.java:logGet(43)) - raft.server.snapshot.auto.trigger.threshold = 10000 (custom)
2019-09-25 11:08:46,369 [pool-429-thread-1] INFO  server.RaftServerConfigKeys (ConfUtils.java:logGet(43)) - raft.server.snapshot.retention.num.files = 5 (custom)
2019-09-25 11:08:46,369 [pool-429-thread-1] INFO  server.RaftServerConfigKeys (ConfUtils.java:logGet(43)) - raft.server.retrycache.expirytime = 600000ms (custom)
2019-09-25 11:08:46,370 [pool-429-thread-1] INFO  impl.RaftServerImpl (RaftServerImpl.java:start(185)) - 47e44219-9d14-4cb3-978d-901354c5ccca@group-960B4437CB03: start as a follower, conf=-1: [47e44219-9d14-4cb3-978d-901354c5ccca:192.168.30.6:46243], old=null
2019-09-25 11:08:46,370 [pool-429-thread-1] INFO  impl.RaftServerImpl (RaftServerImpl.java:setRole(174)) - 47e44219-9d14-4cb3-978d-901354c5ccca@group-960B4437CB03: changes role from      null to FOLLOWER at term 0 for startAsFollower
2019-09-25 11:08:46,370 [pool-429-thread-1] INFO  impl.RoleInfo (RoleInfo.java:updateAndGet(143)) - 47e44219-9d14-4cb3-978d-901354c5ccca: start FollowerState
2019-09-25 11:08:46,371 [pool-429-thread-1] INFO  util.JmxRegister (JmxRegister.java:tryRegister(44)) - Successfully registered JMX Bean with object name Ratis:service=RaftServer,group=group-960B4437CB03,id=47e44219-9d14-4cb3-978d-901354c5ccca
2019-09-25 11:08:46,372 [RatisPipelineUtilsThread] INFO  pipeline.PipelineStateManager (PipelineStateManager.java:addPipeline(56)) - Created pipeline Pipeline[ Id: 449ac9d3-126f-452a-bcb9-960b4437cb03, Nodes: 47e44219-9d14-4cb3-978d-901354c5ccca{ip: 192.168.30.6, host: pr-hdds-1569-5gmkr-4255264070, networkLocation: /default-rack, certSerialId: null}, Type:RATIS, Factor:ONE, State:OPEN]
2019-09-25 11:08:46,372 [RatisPipelineUtilsThread] INFO  pipeline.PipelinePlacementPolicy (PipelinePlacementPolicy.java:meetCriteria(91)) - Pipeline Placement: can't place more pipeline on heavy datanode： 77f2c583-4ee9-4410-825c-925985ec9618 Heaviness: 6 limit: 5
2019-09-25 11:08:46,375 [grpc-default-executor-1] INFO  impl.RaftServerProxy (RaftServerProxy.java:addNew(89)) - 47e44219-9d14-4cb3-978d-901354c5ccca: addNew group-6BC28B821C61:[47e44219-9d14-4cb3-978d-901354c5ccca:192.168.30.6:46243] returns group-6BC28B821C61:java.util.concurrent.CompletableFuture@36de97ac[Not completed]
2019-09-25 11:08:46,375 [pool-429-thread-1] INFO  impl.RaftServerImpl (RaftServerImpl.java:<init>(95)) - 47e44219-9d14-4cb3-978d-901354c5ccca: new RaftServerImpl for group-6BC28B821C61:[47e44219-9d14-4cb3-978d-901354c5ccca:192.168.30.6:46243] with ContainerStateMachine:uninitialized
2019-09-25 11:08:46,375 [pool-429-thread-1] INFO  server.RaftServerConfigKeys (ConfUtils.java:logGet(43)) - raft.server.rpc.timeout.min = 5s (custom)
2019-09-25 11:08:46,375 [pool-429-thread-1] INFO  server.RaftServerConfigKeys (ConfUtils.java:logGet(43)) - raft.server.rpc.timeout.max = 5200ms (custom)
2019-09-25 11:08:46,376 [pool-429-thread-1] INFO  server.RaftServerConfigKeys (ConfUtils.java:logGet(43)) - raft.server.rpcslowness.timeout = 120s (custom)
2019-09-25 11:08:46,376 [pool-429-thread-1] INFO  server.RaftServerConfigKeys (ConfUtils.java:logGet(43)) - raft.server.sleep.deviation.threshold = 300 (default)
2019-09-25 11:08:46,376 [pool-429-thread-1] INFO  server.RaftServerConfigKeys (ConfUtils.java:logGet(43)) - raft.server.log.appender.install.snapshot.enabled = false (custom)
2019-09-25 11:08:46,376 [pool-429-thread-1] INFO  impl.RaftServerImpl (ServerState.java:<init>(103)) - 47e44219-9d14-4cb3-978d-901354c5ccca@group-6BC28B821C61: ConfigurationManager, init=-1: [47e44219-9d14-4cb3-978d-901354c5ccca:192.168.30.6:46243], old=null, confs=<EMPTY_MAP>
2019-09-25 11:08:46,376 [pool-429-thread-1] INFO  server.RaftServerConfigKeys (ConfUtils.java:logGet(43)) - raft.server.storage.dir = [/workdir/hadoop-ozone/integration-test/target/test-dir/MiniOzoneClusterImpl-df822a65-554e-408c-8ca9-c8e2ba24269c/datanode-2/data/ratis] (custom)
2019-09-25 11:08:46,376 [pool-429-thread-1] INFO  storage.RaftStorageDirectory (RaftStorageDirectory.java:analyzeStorage(246)) - The storage directory /workdir/hadoop-ozone/integration-test/target/test-dir/MiniOzoneClusterImpl-df822a65-554e-408c-8ca9-c8e2ba24269c/datanode-2/data/ratis/021106fb-45f7-45f6-a64b-6bc28b821c61 does not exist. Creating ...
2019-09-25 11:08:46,389 [pool-429-thread-1] INFO  storage.RaftStorageDirectory (RaftStorageDirectory.java:tryLock(328)) - Lock on /workdir/hadoop-ozone/integration-test/target/test-dir/MiniOzoneClusterImpl-df822a65-554e-408c-8ca9-c8e2ba24269c/datanode-2/data/ratis/021106fb-45f7-45f6-a64b-6bc28b821c61/in_use.lock acquired by nodename 21763@pr-hdds-1569-5gmkr-4255264070
2019-09-25 11:08:46,391 [pool-429-thread-1] INFO  storage.RaftStorage (RaftStorage.java:format(72)) - Storage directory /workdir/hadoop-ozone/integration-test/target/test-dir/MiniOzoneClusterImpl-df822a65-554e-408c-8ca9-c8e2ba24269c/datanode-2/data/ratis/021106fb-45f7-45f6-a64b-6bc28b821c61 has been successfully formatted.
2019-09-25 11:08:46,391 [pool-429-thread-1] INFO  ratis.ContainerStateMachine (ContainerStateMachine.java:loadSnapshot(230)) - group-6BC28B821C61: The snapshot info is null. Setting the last applied indexto:(t:0, i:~)
2019-09-25 11:08:46,391 [pool-429-thread-1] INFO  server.RaftServerConfigKeys (ConfUtils.java:logGet(43)) - raft.server.notification.no-leader.timeout = 120s (custom)
2019-09-25 11:08:46,391 [pool-429-thread-1] INFO  server.RaftServerConfigKeys (ConfUtils.java:logGet(43)) - raft.server.log.use.memory = false (default)
2019-09-25 11:08:46,391 [pool-429-thread-1] INFO  server.RaftServerConfigKeys (ConfUtils.java:logGet(43)) - raft.server.log.purge.gap = 1000000 (custom)
2019-09-25 11:08:46,392 [pool-429-thread-1] INFO  server.RaftServerConfigKeys (ConfUtils.java:logGet(43)) - raft.server.log.appender.buffer.byte-limit = 33554432 (custom)
2019-09-25 11:08:46,392 [pool-429-thread-1] INFO  server.RaftServerConfigKeys (ConfUtils.java:logGet(43)) - raft.server.log.segment.size.max = 1048576 (custom)
2019-09-25 11:08:46,392 [pool-429-thread-1] INFO  server.RaftServerConfigKeys (ConfUtils.java:logGet(43)) - raft.server.log.segment.cache.num.max = 2 (custom)
2019-09-25 11:08:46,392 [pool-429-thread-1] INFO  segmented.SegmentedRaftLogWorker (SegmentedRaftLogWorker.java:<init>(172)) - new 47e44219-9d14-4cb3-978d-901354c5ccca@group-6BC28B821C61-SegmentedRaftLogWorker for RaftStorage:Storage Directory /workdir/hadoop-ozone/integration-test/target/test-dir/MiniOzoneClusterImpl-df822a65-554e-408c-8ca9-c8e2ba24269c/datanode-2/data/ratis/021106fb-45f7-45f6-a64b-6bc28b821c61
2019-09-25 11:08:46,392 [pool-429-thread-1] INFO  server.RaftServerConfigKeys (ConfUtils.java:logGet(43)) - raft.server.log.queue.byte-limit = 2147483647 (custom)
2019-09-25 11:08:46,392 [pool-429-thread-1] INFO  server.RaftServerConfigKeys (ConfUtils.java:logGet(43)) - raft.server.log.queue.element-limit = 1024 (custom)
2019-09-25 11:08:46,392 [pool-429-thread-1] INFO  server.RaftServerConfigKeys (ConfUtils.java:logGet(43)) - raft.server.log.segment.size.max = 1048576 (custom)
2019-09-25 11:08:46,392 [pool-429-thread-1] INFO  server.RaftServerConfigKeys (ConfUtils.java:logGet(43)) - raft.server.log.preallocated.size = 16384 (custom)
2019-09-25 11:08:46,392 [pool-429-thread-1] INFO  server.RaftServerConfigKeys (ConfUtils.java:logGet(43)) - raft.server.log.write.buffer.size = 33554432 (custom)
2019-09-25 11:08:46,392 [pool-429-thread-1] INFO  server.RaftServerConfigKeys (ConfUtils.java:logGet(43)) - raft.server.log.force.sync.num = 128 (default)
2019-09-25 11:08:46,392 [pool-429-thread-1] INFO  server.RaftServerConfigKeys (ConfUtils.java:logGet(43)) - raft.server.log.statemachine.data.sync = true (default)
2019-09-25 11:08:46,392 [pool-429-thread-1] INFO  server.RaftServerConfigKeys (ConfUtils.java:logGet(43)) - raft.server.log.statemachine.data.sync.timeout = 10s (default)
2019-09-25 11:08:46,392 [pool-429-thread-1] INFO  server.RaftServerConfigKeys (ConfUtils.java:logGet(43)) - raft.server.log.statemachine.data.sync.timeout.retry = -1 (default)
2019-09-25 11:08:46,393 [pool-429-thread-1] INFO  server.RaftServerConfigKeys (ConfUtils.java:logGet(43)) - raft.server.log.statemachine.data.caching.enabled = true (custom)
2019-09-25 11:08:46,393 [pool-429-thread-1] INFO  segmented.SegmentedRaftLogWorker (SegmentedRaftLogWorker.java:lambda$new$0(132)) - 47e44219-9d14-4cb3-978d-901354c5ccca@group-6BC28B821C61-SegmentedRaftLogWorker: flushIndex: setUnconditionally 0 -> -1
2019-09-25 11:08:46,393 [pool-429-thread-1] INFO  server.RaftServerConfigKeys (ConfUtils.java:logGet(43)) - raft.server.snapshot.auto.trigger.enabled = true (custom)
2019-09-25 11:08:46,393 [pool-429-thread-1] INFO  server.RaftServerConfigKeys (ConfUtils.java:logGet(43)) - raft.server.snapshot.auto.trigger.threshold = 10000 (custom)
2019-09-25 11:08:46,393 [pool-429-thread-1] INFO  server.RaftServerConfigKeys (ConfUtils.java:logGet(43)) - raft.server.snapshot.retention.num.files = 5 (custom)
2019-09-25 11:08:46,393 [pool-429-thread-1] INFO  server.RaftServerConfigKeys (ConfUtils.java:logGet(43)) - raft.server.retrycache.expirytime = 600000ms (custom)
2019-09-25 11:08:46,394 [pool-429-thread-1] INFO  impl.RaftServerImpl (RaftServerImpl.java:start(185)) - 47e44219-9d14-4cb3-978d-901354c5ccca@group-6BC28B821C61: start as a follower, conf=-1: [47e44219-9d14-4cb3-978d-901354c5ccca:192.168.30.6:46243], old=null
2019-09-25 11:08:46,394 [pool-429-thread-1] INFO  impl.RaftServerImpl (RaftServerImpl.java:setRole(174)) - 47e44219-9d14-4cb3-978d-901354c5ccca@group-6BC28B821C61: changes role from      null to FOLLOWER at term 0 for startAsFollower
2019-09-25 11:08:46,394 [pool-429-thread-1] INFO  impl.RoleInfo (RoleInfo.java:updateAndGet(143)) - 47e44219-9d14-4cb3-978d-901354c5ccca: start FollowerState
2019-09-25 11:08:46,395 [pool-429-thread-1] INFO  util.JmxRegister (JmxRegister.java:tryRegister(44)) - Successfully registered JMX Bean with object name Ratis:service=RaftServer,group=group-6BC28B821C61,id=47e44219-9d14-4cb3-978d-901354c5ccca
2019-09-25 11:08:46,396 [RatisPipelineUtilsThread] INFO  pipeline.PipelineStateManager (PipelineStateManager.java:addPipeline(56)) - Created pipeline Pipeline[ Id: 021106fb-45f7-45f6-a64b-6bc28b821c61, Nodes: 47e44219-9d14-4cb3-978d-901354c5ccca{ip: 192.168.30.6, host: pr-hdds-1569-5gmkr-4255264070, networkLocation: /default-rack, certSerialId: null}, Type:RATIS, Factor:ONE, State:OPEN]
2019-09-25 11:08:46,396 [RatisPipelineUtilsThread] INFO  pipeline.PipelinePlacementPolicy (PipelinePlacementPolicy.java:meetCriteria(91)) - Pipeline Placement: can't place more pipeline on heavy datanode： 77f2c583-4ee9-4410-825c-925985ec9618 Heaviness: 6 limit: 5
2019-09-25 11:08:46,398 [grpc-default-executor-1] INFO  impl.RaftServerProxy (RaftServerProxy.java:addNew(89)) - 3f6fc67d-8e3f-4380-bdc7-5834d28b5411: addNew group-F0713188CE3A:[3f6fc67d-8e3f-4380-bdc7-5834d28b5411:192.168.30.6:38729] returns group-F0713188CE3A:java.util.concurrent.CompletableFuture@38e5760f[Not completed]
2019-09-25 11:08:46,399 [pool-419-thread-1] INFO  impl.RaftServerImpl (RaftServerImpl.java:<init>(95)) - 3f6fc67d-8e3f-4380-bdc7-5834d28b5411: new RaftServerImpl for group-F0713188CE3A:[3f6fc67d-8e3f-4380-bdc7-5834d28b5411:192.168.30.6:38729] with ContainerStateMachine:uninitialized
2019-09-25 11:08:46,399 [pool-419-thread-1] INFO  server.RaftServerConfigKeys (ConfUtils.java:logGet(43)) - raft.server.rpc.timeout.min = 5s (custom)
2019-09-25 11:08:46,399 [pool-419-thread-1] INFO  server.RaftServerConfigKeys (ConfUtils.java:logGet(43)) - raft.server.rpc.timeout.max = 5200ms (custom)
2019-09-25 11:08:46,399 [pool-419-thread-1] INFO  server.RaftServerConfigKeys (ConfUtils.java:logGet(43)) - raft.server.rpcslowness.timeout = 120s (custom)
2019-09-25 11:08:46,400 [pool-419-thread-1] INFO  server.RaftServerConfigKeys (ConfUtils.java:logGet(43)) - raft.server.sleep.deviation.threshold = 300 (default)
2019-09-25 11:08:46,400 [pool-419-thread-1] INFO  server.RaftServerConfigKeys (ConfUtils.java:logGet(43)) - raft.server.log.appender.install.snapshot.enabled = false (custom)
2019-09-25 11:08:46,400 [pool-419-thread-1] INFO  impl.RaftServerImpl (ServerState.java:<init>(103)) - 3f6fc67d-8e3f-4380-bdc7-5834d28b5411@group-F0713188CE3A: ConfigurationManager, init=-1: [3f6fc67d-8e3f-4380-bdc7-5834d28b5411:192.168.30.6:38729], old=null, confs=<EMPTY_MAP>
2019-09-25 11:08:46,400 [pool-419-thread-1] INFO  server.RaftServerConfigKeys (ConfUtils.java:logGet(43)) - raft.server.storage.dir = [/workdir/hadoop-ozone/integration-test/target/test-dir/MiniOzoneClusterImpl-df822a65-554e-408c-8ca9-c8e2ba24269c/datanode-1/data/ratis] (custom)
2019-09-25 11:08:46,400 [pool-419-thread-1] INFO  storage.RaftStorageDirectory (RaftStorageDirectory.java:analyzeStorage(246)) - The storage directory /workdir/hadoop-ozone/integration-test/target/test-dir/MiniOzoneClusterImpl-df822a65-554e-408c-8ca9-c8e2ba24269c/datanode-1/data/ratis/d2008751-b23e-40d9-bccf-f0713188ce3a does not exist. Creating ...
2019-09-25 11:08:46,413 [pool-419-thread-1] INFO  storage.RaftStorageDirectory (RaftStorageDirectory.java:tryLock(328)) - Lock on /workdir/hadoop-ozone/integration-test/target/test-dir/MiniOzoneClusterImpl-df822a65-554e-408c-8ca9-c8e2ba24269c/datanode-1/data/ratis/d2008751-b23e-40d9-bccf-f0713188ce3a/in_use.lock acquired by nodename 21763@pr-hdds-1569-5gmkr-4255264070
2019-09-25 11:08:46,425 [pool-419-thread-1] INFO  storage.RaftStorage (RaftStorage.java:format(72)) - Storage directory /workdir/hadoop-ozone/integration-test/target/test-dir/MiniOzoneClusterImpl-df822a65-554e-408c-8ca9-c8e2ba24269c/datanode-1/data/ratis/d2008751-b23e-40d9-bccf-f0713188ce3a has been successfully formatted.
2019-09-25 11:08:46,425 [pool-419-thread-1] INFO  ratis.ContainerStateMachine (ContainerStateMachine.java:loadSnapshot(230)) - group-F0713188CE3A: The snapshot info is null. Setting the last applied indexto:(t:0, i:~)
2019-09-25 11:08:46,425 [pool-419-thread-1] INFO  server.RaftServerConfigKeys (ConfUtils.java:logGet(43)) - raft.server.notification.no-leader.timeout = 120s (custom)
2019-09-25 11:08:46,425 [pool-419-thread-1] INFO  server.RaftServerConfigKeys (ConfUtils.java:logGet(43)) - raft.server.log.use.memory = false (default)
2019-09-25 11:08:46,426 [pool-419-thread-1] INFO  server.RaftServerConfigKeys (ConfUtils.java:logGet(43)) - raft.server.log.purge.gap = 1000000 (custom)
2019-09-25 11:08:46,426 [pool-419-thread-1] INFO  server.RaftServerConfigKeys (ConfUtils.java:logGet(43)) - raft.server.log.appender.buffer.byte-limit = 33554432 (custom)
2019-09-25 11:08:46,426 [pool-419-thread-1] INFO  server.RaftServerConfigKeys (ConfUtils.java:logGet(43)) - raft.server.log.segment.size.max = 1048576 (custom)
2019-09-25 11:08:46,426 [pool-419-thread-1] INFO  server.RaftServerConfigKeys (ConfUtils.java:logGet(43)) - raft.server.log.segment.cache.num.max = 2 (custom)
2019-09-25 11:08:46,426 [pool-419-thread-1] INFO  segmented.SegmentedRaftLogWorker (SegmentedRaftLogWorker.java:<init>(172)) - new 3f6fc67d-8e3f-4380-bdc7-5834d28b5411@group-F0713188CE3A-SegmentedRaftLogWorker for RaftStorage:Storage Directory /workdir/hadoop-ozone/integration-test/target/test-dir/MiniOzoneClusterImpl-df822a65-554e-408c-8ca9-c8e2ba24269c/datanode-1/data/ratis/d2008751-b23e-40d9-bccf-f0713188ce3a
2019-09-25 11:08:46,426 [pool-419-thread-1] INFO  server.RaftServerConfigKeys (ConfUtils.java:logGet(43)) - raft.server.log.queue.byte-limit = 2147483647 (custom)
2019-09-25 11:08:46,426 [pool-419-thread-1] INFO  server.RaftServerConfigKeys (ConfUtils.java:logGet(43)) - raft.server.log.queue.element-limit = 1024 (custom)
2019-09-25 11:08:46,426 [pool-419-thread-1] INFO  server.RaftServerConfigKeys (ConfUtils.java:logGet(43)) - raft.server.log.segment.size.max = 1048576 (custom)
2019-09-25 11:08:46,426 [pool-419-thread-1] INFO  server.RaftServerConfigKeys (ConfUtils.java:logGet(43)) - raft.server.log.preallocated.size = 16384 (custom)
2019-09-25 11:08:46,426 [pool-419-thread-1] INFO  server.RaftServerConfigKeys (ConfUtils.java:logGet(43)) - raft.server.log.write.buffer.size = 33554432 (custom)
2019-09-25 11:08:46,426 [pool-419-thread-1] INFO  server.RaftServerConfigKeys (ConfUtils.java:logGet(43)) - raft.server.log.force.sync.num = 128 (default)
2019-09-25 11:08:46,427 [pool-419-thread-1] INFO  server.RaftServerConfigKeys (ConfUtils.java:logGet(43)) - raft.server.log.statemachine.data.sync = true (default)
2019-09-25 11:08:46,427 [pool-419-thread-1] INFO  server.RaftServerConfigKeys (ConfUtils.java:logGet(43)) - raft.server.log.statemachine.data.sync.timeout = 10s (default)
2019-09-25 11:08:46,427 [pool-419-thread-1] INFO  server.RaftServerConfigKeys (ConfUtils.java:logGet(43)) - raft.server.log.statemachine.data.sync.timeout.retry = -1 (default)
2019-09-25 11:08:46,427 [pool-419-thread-1] INFO  server.RaftServerConfigKeys (ConfUtils.java:logGet(43)) - raft.server.log.statemachine.data.caching.enabled = true (custom)
2019-09-25 11:08:46,427 [pool-419-thread-1] INFO  segmented.SegmentedRaftLogWorker (SegmentedRaftLogWorker.java:lambda$new$0(132)) - 3f6fc67d-8e3f-4380-bdc7-5834d28b5411@group-F0713188CE3A-SegmentedRaftLogWorker: flushIndex: setUnconditionally 0 -> -1
2019-09-25 11:08:46,427 [pool-419-thread-1] INFO  server.RaftServerConfigKeys (ConfUtils.java:logGet(43)) - raft.server.snapshot.auto.trigger.enabled = true (custom)
2019-09-25 11:08:46,427 [pool-419-thread-1] INFO  server.RaftServerConfigKeys (ConfUtils.java:logGet(43)) - raft.server.snapshot.auto.trigger.threshold = 10000 (custom)
2019-09-25 11:08:46,427 [pool-419-thread-1] INFO  server.RaftServerConfigKeys (ConfUtils.java:logGet(43)) - raft.server.snapshot.retention.num.files = 5 (custom)
2019-09-25 11:08:46,428 [pool-419-thread-1] INFO  server.RaftServerConfigKeys (ConfUtils.java:logGet(43)) - raft.server.retrycache.expirytime = 600000ms (custom)
2019-09-25 11:08:46,429 [pool-419-thread-1] INFO  impl.RaftServerImpl (RaftServerImpl.java:start(185)) - 3f6fc67d-8e3f-4380-bdc7-5834d28b5411@group-F0713188CE3A: start as a follower, conf=-1: [3f6fc67d-8e3f-4380-bdc7-5834d28b5411:192.168.30.6:38729], old=null
2019-09-25 11:08:46,429 [pool-419-thread-1] INFO  impl.RaftServerImpl (RaftServerImpl.java:setRole(174)) - 3f6fc67d-8e3f-4380-bdc7-5834d28b5411@group-F0713188CE3A: changes role from      null to FOLLOWER at term 0 for startAsFollower
2019-09-25 11:08:46,429 [pool-419-thread-1] INFO  impl.RoleInfo (RoleInfo.java:updateAndGet(143)) - 3f6fc67d-8e3f-4380-bdc7-5834d28b5411: start FollowerState
2019-09-25 11:08:46,429 [pool-419-thread-1] INFO  util.JmxRegister (JmxRegister.java:tryRegister(44)) - Successfully registered JMX Bean with object name Ratis:service=RaftServer,group=group-F0713188CE3A,id=3f6fc67d-8e3f-4380-bdc7-5834d28b5411
2019-09-25 11:08:46,431 [RatisPipelineUtilsThread] INFO  pipeline.PipelineStateManager (PipelineStateManager.java:addPipeline(56)) - Created pipeline Pipeline[ Id: d2008751-b23e-40d9-bccf-f0713188ce3a, Nodes: 3f6fc67d-8e3f-4380-bdc7-5834d28b5411{ip: 192.168.30.6, host: pr-hdds-1569-5gmkr-4255264070, networkLocation: /default-rack, certSerialId: null}, Type:RATIS, Factor:ONE, State:OPEN]
2019-09-25 11:08:46,431 [RatisPipelineUtilsThread] INFO  pipeline.PipelinePlacementPolicy (PipelinePlacementPolicy.java:meetCriteria(91)) - Pipeline Placement: can't place more pipeline on heavy datanode： 77f2c583-4ee9-4410-825c-925985ec9618 Heaviness: 6 limit: 5
2019-09-25 11:08:46,434 [grpc-default-executor-1] INFO  impl.RaftServerProxy (RaftServerProxy.java:addNew(89)) - a910ee62-e7d5-4551-8567-f4bec92df57f: addNew group-CF7EF23292AF:[a910ee62-e7d5-4551-8567-f4bec92df57f:192.168.30.6:39441] returns group-CF7EF23292AF:java.util.concurrent.CompletableFuture@46ef64f6[Not completed]
2019-09-25 11:08:46,435 [pool-439-thread-1] INFO  impl.RaftServerImpl (RaftServerImpl.java:<init>(95)) - a910ee62-e7d5-4551-8567-f4bec92df57f: new RaftServerImpl for group-CF7EF23292AF:[a910ee62-e7d5-4551-8567-f4bec92df57f:192.168.30.6:39441] with ContainerStateMachine:uninitialized
2019-09-25 11:08:46,435 [pool-439-thread-1] INFO  server.RaftServerConfigKeys (ConfUtils.java:logGet(43)) - raft.server.rpc.timeout.min = 5s (custom)
2019-09-25 11:08:46,435 [pool-439-thread-1] INFO  server.RaftServerConfigKeys (ConfUtils.java:logGet(43)) - raft.server.rpc.timeout.max = 5200ms (custom)
2019-09-25 11:08:46,435 [pool-439-thread-1] INFO  server.RaftServerConfigKeys (ConfUtils.java:logGet(43)) - raft.server.rpcslowness.timeout = 120s (custom)
2019-09-25 11:08:46,435 [pool-439-thread-1] INFO  server.RaftServerConfigKeys (ConfUtils.java:logGet(43)) - raft.server.sleep.deviation.threshold = 300 (default)
2019-09-25 11:08:46,435 [pool-439-thread-1] INFO  server.RaftServerConfigKeys (ConfUtils.java:logGet(43)) - raft.server.log.appender.install.snapshot.enabled = false (custom)
2019-09-25 11:08:46,435 [pool-439-thread-1] INFO  impl.RaftServerImpl (ServerState.java:<init>(103)) - a910ee62-e7d5-4551-8567-f4bec92df57f@group-CF7EF23292AF: ConfigurationManager, init=-1: [a910ee62-e7d5-4551-8567-f4bec92df57f:192.168.30.6:39441], old=null, confs=<EMPTY_MAP>
2019-09-25 11:08:46,435 [pool-439-thread-1] INFO  server.RaftServerConfigKeys (ConfUtils.java:logGet(43)) - raft.server.storage.dir = [/workdir/hadoop-ozone/integration-test/target/test-dir/MiniOzoneClusterImpl-df822a65-554e-408c-8ca9-c8e2ba24269c/datanode-3/data/ratis] (custom)
2019-09-25 11:08:46,436 [pool-439-thread-1] INFO  storage.RaftStorageDirectory (RaftStorageDirectory.java:analyzeStorage(246)) - The storage directory /workdir/hadoop-ozone/integration-test/target/test-dir/MiniOzoneClusterImpl-df822a65-554e-408c-8ca9-c8e2ba24269c/datanode-3/data/ratis/908a818c-f614-48e6-a334-cf7ef23292af does not exist. Creating ...
2019-09-25 11:08:46,448 [pool-439-thread-1] INFO  storage.RaftStorageDirectory (RaftStorageDirectory.java:tryLock(328)) - Lock on /workdir/hadoop-ozone/integration-test/target/test-dir/MiniOzoneClusterImpl-df822a65-554e-408c-8ca9-c8e2ba24269c/datanode-3/data/ratis/908a818c-f614-48e6-a334-cf7ef23292af/in_use.lock acquired by nodename 21763@pr-hdds-1569-5gmkr-4255264070
2019-09-25 11:08:46,461 [pool-439-thread-1] INFO  storage.RaftStorage (RaftStorage.java:format(72)) - Storage directory /workdir/hadoop-ozone/integration-test/target/test-dir/MiniOzoneClusterImpl-df822a65-554e-408c-8ca9-c8e2ba24269c/datanode-3/data/ratis/908a818c-f614-48e6-a334-cf7ef23292af has been successfully formatted.
2019-09-25 11:08:46,461 [pool-439-thread-1] INFO  ratis.ContainerStateMachine (ContainerStateMachine.java:loadSnapshot(230)) - group-CF7EF23292AF: The snapshot info is null. Setting the last applied indexto:(t:0, i:~)
2019-09-25 11:08:46,461 [pool-439-thread-1] INFO  server.RaftServerConfigKeys (ConfUtils.java:logGet(43)) - raft.server.notification.no-leader.timeout = 120s (custom)
2019-09-25 11:08:46,461 [pool-439-thread-1] INFO  server.RaftServerConfigKeys (ConfUtils.java:logGet(43)) - raft.server.log.use.memory = false (default)
2019-09-25 11:08:46,461 [pool-439-thread-1] INFO  server.RaftServerConfigKeys (ConfUtils.java:logGet(43)) - raft.server.log.purge.gap = 1000000 (custom)
2019-09-25 11:08:46,461 [pool-439-thread-1] INFO  server.RaftServerConfigKeys (ConfUtils.java:logGet(43)) - raft.server.log.appender.buffer.byte-limit = 33554432 (custom)
2019-09-25 11:08:46,461 [pool-439-thread-1] INFO  server.RaftServerConfigKeys (ConfUtils.java:logGet(43)) - raft.server.log.segment.size.max = 1048576 (custom)
2019-09-25 11:08:46,461 [pool-439-thread-1] INFO  server.RaftServerConfigKeys (ConfUtils.java:logGet(43)) - raft.server.log.segment.cache.num.max = 2 (custom)
2019-09-25 11:08:46,461 [pool-439-thread-1] INFO  segmented.SegmentedRaftLogWorker (SegmentedRaftLogWorker.java:<init>(172)) - new a910ee62-e7d5-4551-8567-f4bec92df57f@group-CF7EF23292AF-SegmentedRaftLogWorker for RaftStorage:Storage Directory /workdir/hadoop-ozone/integration-test/target/test-dir/MiniOzoneClusterImpl-df822a65-554e-408c-8ca9-c8e2ba24269c/datanode-3/data/ratis/908a818c-f614-48e6-a334-cf7ef23292af
2019-09-25 11:08:46,461 [pool-439-thread-1] INFO  server.RaftServerConfigKeys (ConfUtils.java:logGet(43)) - raft.server.log.queue.byte-limit = 2147483647 (custom)
2019-09-25 11:08:46,461 [pool-439-thread-1] INFO  server.RaftServerConfigKeys (ConfUtils.java:logGet(43)) - raft.server.log.queue.element-limit = 1024 (custom)
2019-09-25 11:08:46,462 [pool-439-thread-1] INFO  server.RaftServerConfigKeys (ConfUtils.java:logGet(43)) - raft.server.log.segment.size.max = 1048576 (custom)
2019-09-25 11:08:46,462 [pool-439-thread-1] INFO  server.RaftServerConfigKeys (ConfUtils.java:logGet(43)) - raft.server.log.preallocated.size = 16384 (custom)
2019-09-25 11:08:46,462 [pool-439-thread-1] INFO  server.RaftServerConfigKeys (ConfUtils.java:logGet(43)) - raft.server.log.write.buffer.size = 33554432 (custom)
2019-09-25 11:08:46,462 [pool-439-thread-1] INFO  server.RaftServerConfigKeys (ConfUtils.java:logGet(43)) - raft.server.log.force.sync.num = 128 (default)
2019-09-25 11:08:46,462 [pool-439-thread-1] INFO  server.RaftServerConfigKeys (ConfUtils.java:logGet(43)) - raft.server.log.statemachine.data.sync = true (default)
2019-09-25 11:08:46,462 [pool-439-thread-1] INFO  server.RaftServerConfigKeys (ConfUtils.java:logGet(43)) - raft.server.log.statemachine.data.sync.timeout = 10s (default)
2019-09-25 11:08:46,462 [pool-439-thread-1] INFO  server.RaftServerConfigKeys (ConfUtils.java:logGet(43)) - raft.server.log.statemachine.data.sync.timeout.retry = -1 (default)
2019-09-25 11:08:46,462 [pool-439-thread-1] INFO  server.RaftServerConfigKeys (ConfUtils.java:logGet(43)) - raft.server.log.statemachine.data.caching.enabled = true (custom)
2019-09-25 11:08:46,462 [pool-439-thread-1] INFO  segmented.SegmentedRaftLogWorker (SegmentedRaftLogWorker.java:lambda$new$0(132)) - a910ee62-e7d5-4551-8567-f4bec92df57f@group-CF7EF23292AF-SegmentedRaftLogWorker: flushIndex: setUnconditionally 0 -> -1
2019-09-25 11:08:46,462 [pool-439-thread-1] INFO  server.RaftServerConfigKeys (ConfUtils.java:logGet(43)) - raft.server.snapshot.auto.trigger.enabled = true (custom)
2019-09-25 11:08:46,462 [pool-439-thread-1] INFO  server.RaftServerConfigKeys (ConfUtils.java:logGet(43)) - raft.server.snapshot.auto.trigger.threshold = 10000 (custom)
2019-09-25 11:08:46,463 [pool-439-thread-1] INFO  server.RaftServerConfigKeys (ConfUtils.java:logGet(43)) - raft.server.snapshot.retention.num.files = 5 (custom)
2019-09-25 11:08:46,463 [pool-439-thread-1] INFO  server.RaftServerConfigKeys (ConfUtils.java:logGet(43)) - raft.server.retrycache.expirytime = 600000ms (custom)
2019-09-25 11:08:46,464 [pool-439-thread-1] INFO  impl.RaftServerImpl (RaftServerImpl.java:start(185)) - a910ee62-e7d5-4551-8567-f4bec92df57f@group-CF7EF23292AF: start as a follower, conf=-1: [a910ee62-e7d5-4551-8567-f4bec92df57f:192.168.30.6:39441], old=null
2019-09-25 11:08:46,464 [pool-439-thread-1] INFO  impl.RaftServerImpl (RaftServerImpl.java:setRole(174)) - a910ee62-e7d5-4551-8567-f4bec92df57f@group-CF7EF23292AF: changes role from      null to FOLLOWER at term 0 for startAsFollower
2019-09-25 11:08:46,464 [pool-439-thread-1] INFO  impl.RoleInfo (RoleInfo.java:updateAndGet(143)) - a910ee62-e7d5-4551-8567-f4bec92df57f: start FollowerState
2019-09-25 11:08:46,464 [pool-439-thread-1] INFO  util.JmxRegister (JmxRegister.java:tryRegister(44)) - Successfully registered JMX Bean with object name Ratis:service=RaftServer,group=group-CF7EF23292AF,id=a910ee62-e7d5-4551-8567-f4bec92df57f
2019-09-25 11:08:46,466 [RatisPipelineUtilsThread] INFO  pipeline.PipelineStateManager (PipelineStateManager.java:addPipeline(56)) - Created pipeline Pipeline[ Id: 908a818c-f614-48e6-a334-cf7ef23292af, Nodes: a910ee62-e7d5-4551-8567-f4bec92df57f{ip: 192.168.30.6, host: pr-hdds-1569-5gmkr-4255264070, networkLocation: /default-rack, certSerialId: null}, Type:RATIS, Factor:ONE, State:OPEN]
2019-09-25 11:08:46,466 [RatisPipelineUtilsThread] INFO  pipeline.PipelinePlacementPolicy (PipelinePlacementPolicy.java:meetCriteria(91)) - Pipeline Placement: can't place more pipeline on heavy datanode： 77f2c583-4ee9-4410-825c-925985ec9618 Heaviness: 6 limit: 5
2019-09-25 11:08:46,468 [grpc-default-executor-1] INFO  impl.RaftServerProxy (RaftServerProxy.java:addNew(89)) - 47e44219-9d14-4cb3-978d-901354c5ccca: addNew group-B089E3337E4A:[47e44219-9d14-4cb3-978d-901354c5ccca:192.168.30.6:46243] returns group-B089E3337E4A:java.util.concurrent.CompletableFuture@6e05af35[Not completed]
2019-09-25 11:08:46,469 [pool-429-thread-1] INFO  impl.RaftServerImpl (RaftServerImpl.java:<init>(95)) - 47e44219-9d14-4cb3-978d-901354c5ccca: new RaftServerImpl for group-B089E3337E4A:[47e44219-9d14-4cb3-978d-901354c5ccca:192.168.30.6:46243] with ContainerStateMachine:uninitialized
2019-09-25 11:08:46,469 [pool-429-thread-1] INFO  server.RaftServerConfigKeys (ConfUtils.java:logGet(43)) - raft.server.rpc.timeout.min = 5s (custom)
2019-09-25 11:08:46,469 [pool-429-thread-1] INFO  server.RaftServerConfigKeys (ConfUtils.java:logGet(43)) - raft.server.rpc.timeout.max = 5200ms (custom)
2019-09-25 11:08:46,470 [pool-429-thread-1] INFO  server.RaftServerConfigKeys (ConfUtils.java:logGet(43)) - raft.server.rpcslowness.timeout = 120s (custom)
2019-09-25 11:08:46,470 [pool-429-thread-1] INFO  server.RaftServerConfigKeys (ConfUtils.java:logGet(43)) - raft.server.sleep.deviation.threshold = 300 (default)
2019-09-25 11:08:46,470 [pool-429-thread-1] INFO  server.RaftServerConfigKeys (ConfUtils.java:logGet(43)) - raft.server.log.appender.install.snapshot.enabled = false (custom)
2019-09-25 11:08:46,470 [pool-429-thread-1] INFO  impl.RaftServerImpl (ServerState.java:<init>(103)) - 47e44219-9d14-4cb3-978d-901354c5ccca@group-B089E3337E4A: ConfigurationManager, init=-1: [47e44219-9d14-4cb3-978d-901354c5ccca:192.168.30.6:46243], old=null, confs=<EMPTY_MAP>
2019-09-25 11:08:46,470 [pool-429-thread-1] INFO  server.RaftServerConfigKeys (ConfUtils.java:logGet(43)) - raft.server.storage.dir = [/workdir/hadoop-ozone/integration-test/target/test-dir/MiniOzoneClusterImpl-df822a65-554e-408c-8ca9-c8e2ba24269c/datanode-2/data/ratis] (custom)
2019-09-25 11:08:46,470 [pool-429-thread-1] INFO  storage.RaftStorageDirectory (RaftStorageDirectory.java:analyzeStorage(246)) - The storage directory /workdir/hadoop-ozone/integration-test/target/test-dir/MiniOzoneClusterImpl-df822a65-554e-408c-8ca9-c8e2ba24269c/datanode-2/data/ratis/a7c388c6-f986-4cba-acb0-b089e3337e4a does not exist. Creating ...
2019-09-25 11:08:46,483 [pool-429-thread-1] INFO  storage.RaftStorageDirectory (RaftStorageDirectory.java:tryLock(328)) - Lock on /workdir/hadoop-ozone/integration-test/target/test-dir/MiniOzoneClusterImpl-df822a65-554e-408c-8ca9-c8e2ba24269c/datanode-2/data/ratis/a7c388c6-f986-4cba-acb0-b089e3337e4a/in_use.lock acquired by nodename 21763@pr-hdds-1569-5gmkr-4255264070
2019-09-25 11:08:46,496 [pool-429-thread-1] INFO  storage.RaftStorage (RaftStorage.java:format(72)) - Storage directory /workdir/hadoop-ozone/integration-test/target/test-dir/MiniOzoneClusterImpl-df822a65-554e-408c-8ca9-c8e2ba24269c/datanode-2/data/ratis/a7c388c6-f986-4cba-acb0-b089e3337e4a has been successfully formatted.
2019-09-25 11:08:46,496 [pool-429-thread-1] INFO  ratis.ContainerStateMachine (ContainerStateMachine.java:loadSnapshot(230)) - group-B089E3337E4A: The snapshot info is null. Setting the last applied indexto:(t:0, i:~)
2019-09-25 11:08:46,496 [pool-429-thread-1] INFO  server.RaftServerConfigKeys (ConfUtils.java:logGet(43)) - raft.server.notification.no-leader.timeout = 120s (custom)
2019-09-25 11:08:46,496 [pool-429-thread-1] INFO  server.RaftServerConfigKeys (ConfUtils.java:logGet(43)) - raft.server.log.use.memory = false (default)
2019-09-25 11:08:46,496 [pool-429-thread-1] INFO  server.RaftServerConfigKeys (ConfUtils.java:logGet(43)) - raft.server.log.purge.gap = 1000000 (custom)
2019-09-25 11:08:46,496 [pool-429-thread-1] INFO  server.RaftServerConfigKeys (ConfUtils.java:logGet(43)) - raft.server.log.appender.buffer.byte-limit = 33554432 (custom)
2019-09-25 11:08:46,497 [pool-429-thread-1] INFO  server.RaftServerConfigKeys (ConfUtils.java:logGet(43)) - raft.server.log.segment.size.max = 1048576 (custom)
2019-09-25 11:08:46,497 [pool-429-thread-1] INFO  server.RaftServerConfigKeys (ConfUtils.java:logGet(43)) - raft.server.log.segment.cache.num.max = 2 (custom)
2019-09-25 11:08:46,497 [pool-429-thread-1] INFO  segmented.SegmentedRaftLogWorker (SegmentedRaftLogWorker.java:<init>(172)) - new 47e44219-9d14-4cb3-978d-901354c5ccca@group-B089E3337E4A-SegmentedRaftLogWorker for RaftStorage:Storage Directory /workdir/hadoop-ozone/integration-test/target/test-dir/MiniOzoneClusterImpl-df822a65-554e-408c-8ca9-c8e2ba24269c/datanode-2/data/ratis/a7c388c6-f986-4cba-acb0-b089e3337e4a
2019-09-25 11:08:46,497 [pool-429-thread-1] INFO  server.RaftServerConfigKeys (ConfUtils.java:logGet(43)) - raft.server.log.queue.byte-limit = 2147483647 (custom)
2019-09-25 11:08:46,497 [pool-429-thread-1] INFO  server.RaftServerConfigKeys (ConfUtils.java:logGet(43)) - raft.server.log.queue.element-limit = 1024 (custom)
2019-09-25 11:08:46,497 [pool-429-thread-1] INFO  server.RaftServerConfigKeys (ConfUtils.java:logGet(43)) - raft.server.log.segment.size.max = 1048576 (custom)
2019-09-25 11:08:46,497 [pool-429-thread-1] INFO  server.RaftServerConfigKeys (ConfUtils.java:logGet(43)) - raft.server.log.preallocated.size = 16384 (custom)
2019-09-25 11:08:46,497 [pool-429-thread-1] INFO  server.RaftServerConfigKeys (ConfUtils.java:logGet(43)) - raft.server.log.write.buffer.size = 33554432 (custom)
2019-09-25 11:08:46,497 [pool-429-thread-1] INFO  server.RaftServerConfigKeys (ConfUtils.java:logGet(43)) - raft.server.log.force.sync.num = 128 (default)
2019-09-25 11:08:46,497 [pool-429-thread-1] INFO  server.RaftServerConfigKeys (ConfUtils.java:logGet(43)) - raft.server.log.statemachine.data.sync = true (default)
2019-09-25 11:08:46,497 [pool-429-thread-1] INFO  server.RaftServerConfigKeys (ConfUtils.java:logGet(43)) - raft.server.log.statemachine.data.sync.timeout = 10s (default)
2019-09-25 11:08:46,497 [pool-429-thread-1] INFO  server.RaftServerConfigKeys (ConfUtils.java:logGet(43)) - raft.server.log.statemachine.data.sync.timeout.retry = -1 (default)
2019-09-25 11:08:46,498 [pool-429-thread-1] INFO  server.RaftServerConfigKeys (ConfUtils.java:logGet(43)) - raft.server.log.statemachine.data.caching.enabled = true (custom)
2019-09-25 11:08:46,498 [pool-429-thread-1] INFO  segmented.SegmentedRaftLogWorker (SegmentedRaftLogWorker.java:lambda$new$0(132)) - 47e44219-9d14-4cb3-978d-901354c5ccca@group-B089E3337E4A-SegmentedRaftLogWorker: flushIndex: setUnconditionally 0 -> -1
2019-09-25 11:08:46,498 [pool-429-thread-1] INFO  server.RaftServerConfigKeys (ConfUtils.java:logGet(43)) - raft.server.snapshot.auto.trigger.enabled = true (custom)
2019-09-25 11:08:46,498 [pool-429-thread-1] INFO  server.RaftServerConfigKeys (ConfUtils.java:logGet(43)) - raft.server.snapshot.auto.trigger.threshold = 10000 (custom)
2019-09-25 11:08:46,498 [pool-429-thread-1] INFO  server.RaftServerConfigKeys (ConfUtils.java:logGet(43)) - raft.server.snapshot.retention.num.files = 5 (custom)
2019-09-25 11:08:46,498 [pool-429-thread-1] INFO  server.RaftServerConfigKeys (ConfUtils.java:logGet(43)) - raft.server.retrycache.expirytime = 600000ms (custom)
2019-09-25 11:08:46,499 [pool-429-thread-1] INFO  impl.RaftServerImpl (RaftServerImpl.java:start(185)) - 47e44219-9d14-4cb3-978d-901354c5ccca@group-B089E3337E4A: start as a follower, conf=-1: [47e44219-9d14-4cb3-978d-901354c5ccca:192.168.30.6:46243], old=null
2019-09-25 11:08:46,499 [pool-429-thread-1] INFO  impl.RaftServerImpl (RaftServerImpl.java:setRole(174)) - 47e44219-9d14-4cb3-978d-901354c5ccca@group-B089E3337E4A: changes role from      null to FOLLOWER at term 0 for startAsFollower
2019-09-25 11:08:46,500 [pool-429-thread-1] INFO  impl.RoleInfo (RoleInfo.java:updateAndGet(143)) - 47e44219-9d14-4cb3-978d-901354c5ccca: start FollowerState
2019-09-25 11:08:46,500 [pool-429-thread-1] INFO  util.JmxRegister (JmxRegister.java:tryRegister(44)) - Successfully registered JMX Bean with object name Ratis:service=RaftServer,group=group-B089E3337E4A,id=47e44219-9d14-4cb3-978d-901354c5ccca
2019-09-25 11:08:46,501 [RatisPipelineUtilsThread] INFO  pipeline.PipelineStateManager (PipelineStateManager.java:addPipeline(56)) - Created pipeline Pipeline[ Id: a7c388c6-f986-4cba-acb0-b089e3337e4a, Nodes: 47e44219-9d14-4cb3-978d-901354c5ccca{ip: 192.168.30.6, host: pr-hdds-1569-5gmkr-4255264070, networkLocation: /default-rack, certSerialId: null}, Type:RATIS, Factor:ONE, State:OPEN]
2019-09-25 11:08:46,501 [RatisPipelineUtilsThread] INFO  pipeline.PipelinePlacementPolicy (PipelinePlacementPolicy.java:meetCriteria(91)) - Pipeline Placement: can't place more pipeline on heavy datanode： 77f2c583-4ee9-4410-825c-925985ec9618 Heaviness: 6 limit: 5
2019-09-25 11:08:46,504 [grpc-default-executor-1] INFO  impl.RaftServerProxy (RaftServerProxy.java:addNew(89)) - 3f6fc67d-8e3f-4380-bdc7-5834d28b5411: addNew group-F8BC442F7217:[3f6fc67d-8e3f-4380-bdc7-5834d28b5411:192.168.30.6:38729] returns group-F8BC442F7217:java.util.concurrent.CompletableFuture@204c2204[Not completed]
2019-09-25 11:08:46,505 [pool-419-thread-1] INFO  impl.RaftServerImpl (RaftServerImpl.java:<init>(95)) - 3f6fc67d-8e3f-4380-bdc7-5834d28b5411: new RaftServerImpl for group-F8BC442F7217:[3f6fc67d-8e3f-4380-bdc7-5834d28b5411:192.168.30.6:38729] with ContainerStateMachine:uninitialized
2019-09-25 11:08:46,505 [pool-419-thread-1] INFO  server.RaftServerConfigKeys (ConfUtils.java:logGet(43)) - raft.server.rpc.timeout.min = 5s (custom)
2019-09-25 11:08:46,505 [pool-419-thread-1] INFO  server.RaftServerConfigKeys (ConfUtils.java:logGet(43)) - raft.server.rpc.timeout.max = 5200ms (custom)
2019-09-25 11:08:46,505 [pool-419-thread-1] INFO  server.RaftServerConfigKeys (ConfUtils.java:logGet(43)) - raft.server.rpcslowness.timeout = 120s (custom)
2019-09-25 11:08:46,505 [pool-419-thread-1] INFO  server.RaftServerConfigKeys (ConfUtils.java:logGet(43)) - raft.server.sleep.deviation.threshold = 300 (default)
2019-09-25 11:08:46,505 [pool-419-thread-1] INFO  server.RaftServerConfigKeys (ConfUtils.java:logGet(43)) - raft.server.log.appender.install.snapshot.enabled = false (custom)
2019-09-25 11:08:46,505 [pool-419-thread-1] INFO  impl.RaftServerImpl (ServerState.java:<init>(103)) - 3f6fc67d-8e3f-4380-bdc7-5834d28b5411@group-F8BC442F7217: ConfigurationManager, init=-1: [3f6fc67d-8e3f-4380-bdc7-5834d28b5411:192.168.30.6:38729], old=null, confs=<EMPTY_MAP>
2019-09-25 11:08:46,505 [pool-419-thread-1] INFO  server.RaftServerConfigKeys (ConfUtils.java:logGet(43)) - raft.server.storage.dir = [/workdir/hadoop-ozone/integration-test/target/test-dir/MiniOzoneClusterImpl-df822a65-554e-408c-8ca9-c8e2ba24269c/datanode-1/data/ratis] (custom)
2019-09-25 11:08:46,505 [pool-419-thread-1] INFO  storage.RaftStorageDirectory (RaftStorageDirectory.java:analyzeStorage(246)) - The storage directory /workdir/hadoop-ozone/integration-test/target/test-dir/MiniOzoneClusterImpl-df822a65-554e-408c-8ca9-c8e2ba24269c/datanode-1/data/ratis/5a40bed5-42b5-43b3-8086-f8bc442f7217 does not exist. Creating ...
2019-09-25 11:08:46,518 [pool-419-thread-1] INFO  storage.RaftStorageDirectory (RaftStorageDirectory.java:tryLock(328)) - Lock on /workdir/hadoop-ozone/integration-test/target/test-dir/MiniOzoneClusterImpl-df822a65-554e-408c-8ca9-c8e2ba24269c/datanode-1/data/ratis/5a40bed5-42b5-43b3-8086-f8bc442f7217/in_use.lock acquired by nodename 21763@pr-hdds-1569-5gmkr-4255264070
2019-09-25 11:08:46,530 [pool-419-thread-1] INFO  storage.RaftStorage (RaftStorage.java:format(72)) - Storage directory /workdir/hadoop-ozone/integration-test/target/test-dir/MiniOzoneClusterImpl-df822a65-554e-408c-8ca9-c8e2ba24269c/datanode-1/data/ratis/5a40bed5-42b5-43b3-8086-f8bc442f7217 has been successfully formatted.
2019-09-25 11:08:46,530 [pool-419-thread-1] INFO  ratis.ContainerStateMachine (ContainerStateMachine.java:loadSnapshot(230)) - group-F8BC442F7217: The snapshot info is null. Setting the last applied indexto:(t:0, i:~)
2019-09-25 11:08:46,531 [pool-419-thread-1] INFO  server.RaftServerConfigKeys (ConfUtils.java:logGet(43)) - raft.server.notification.no-leader.timeout = 120s (custom)
2019-09-25 11:08:46,531 [pool-419-thread-1] INFO  server.RaftServerConfigKeys (ConfUtils.java:logGet(43)) - raft.server.log.use.memory = false (default)
2019-09-25 11:08:46,531 [pool-419-thread-1] INFO  server.RaftServerConfigKeys (ConfUtils.java:logGet(43)) - raft.server.log.purge.gap = 1000000 (custom)
2019-09-25 11:08:46,531 [pool-419-thread-1] INFO  server.RaftServerConfigKeys (ConfUtils.java:logGet(43)) - raft.server.log.appender.buffer.byte-limit = 33554432 (custom)
2019-09-25 11:08:46,531 [pool-419-thread-1] INFO  server.RaftServerConfigKeys (ConfUtils.java:logGet(43)) - raft.server.log.segment.size.max = 1048576 (custom)
2019-09-25 11:08:46,531 [pool-419-thread-1] INFO  server.RaftServerConfigKeys (ConfUtils.java:logGet(43)) - raft.server.log.segment.cache.num.max = 2 (custom)
2019-09-25 11:08:46,531 [pool-419-thread-1] INFO  segmented.SegmentedRaftLogWorker (SegmentedRaftLogWorker.java:<init>(172)) - new 3f6fc67d-8e3f-4380-bdc7-5834d28b5411@group-F8BC442F7217-SegmentedRaftLogWorker for RaftStorage:Storage Directory /workdir/hadoop-ozone/integration-test/target/test-dir/MiniOzoneClusterImpl-df822a65-554e-408c-8ca9-c8e2ba24269c/datanode-1/data/ratis/5a40bed5-42b5-43b3-8086-f8bc442f7217
2019-09-25 11:08:46,531 [pool-419-thread-1] INFO  server.RaftServerConfigKeys (ConfUtils.java:logGet(43)) - raft.server.log.queue.byte-limit = 2147483647 (custom)
2019-09-25 11:08:46,531 [pool-419-thread-1] INFO  server.RaftServerConfigKeys (ConfUtils.java:logGet(43)) - raft.server.log.queue.element-limit = 1024 (custom)
2019-09-25 11:08:46,531 [pool-419-thread-1] INFO  server.RaftServerConfigKeys (ConfUtils.java:logGet(43)) - raft.server.log.segment.size.max = 1048576 (custom)
2019-09-25 11:08:46,531 [pool-419-thread-1] INFO  server.RaftServerConfigKeys (ConfUtils.java:logGet(43)) - raft.server.log.preallocated.size = 16384 (custom)
2019-09-25 11:08:46,531 [pool-419-thread-1] INFO  server.RaftServerConfigKeys (ConfUtils.java:logGet(43)) - raft.server.log.write.buffer.size = 33554432 (custom)
2019-09-25 11:08:46,531 [pool-419-thread-1] INFO  server.RaftServerConfigKeys (ConfUtils.java:logGet(43)) - raft.server.log.force.sync.num = 128 (default)
2019-09-25 11:08:46,532 [pool-419-thread-1] INFO  server.RaftServerConfigKeys (ConfUtils.java:logGet(43)) - raft.server.log.statemachine.data.sync = true (default)
2019-09-25 11:08:46,532 [pool-419-thread-1] INFO  server.RaftServerConfigKeys (ConfUtils.java:logGet(43)) - raft.server.log.statemachine.data.sync.timeout = 10s (default)
2019-09-25 11:08:46,532 [pool-419-thread-1] INFO  server.RaftServerConfigKeys (ConfUtils.java:logGet(43)) - raft.server.log.statemachine.data.sync.timeout.retry = -1 (default)
2019-09-25 11:08:46,532 [pool-419-thread-1] INFO  server.RaftServerConfigKeys (ConfUtils.java:logGet(43)) - raft.server.log.statemachine.data.caching.enabled = true (custom)
2019-09-25 11:08:46,532 [pool-419-thread-1] INFO  segmented.SegmentedRaftLogWorker (SegmentedRaftLogWorker.java:lambda$new$0(132)) - 3f6fc67d-8e3f-4380-bdc7-5834d28b5411@group-F8BC442F7217-SegmentedRaftLogWorker: flushIndex: setUnconditionally 0 -> -1
2019-09-25 11:08:46,532 [pool-419-thread-1] INFO  server.RaftServerConfigKeys (ConfUtils.java:logGet(43)) - raft.server.snapshot.auto.trigger.enabled = true (custom)
2019-09-25 11:08:46,532 [pool-419-thread-1] INFO  server.RaftServerConfigKeys (ConfUtils.java:logGet(43)) - raft.server.snapshot.auto.trigger.threshold = 10000 (custom)
2019-09-25 11:08:46,532 [pool-419-thread-1] INFO  server.RaftServerConfigKeys (ConfUtils.java:logGet(43)) - raft.server.snapshot.retention.num.files = 5 (custom)
2019-09-25 11:08:46,532 [pool-419-thread-1] INFO  server.RaftServerConfigKeys (ConfUtils.java:logGet(43)) - raft.server.retrycache.expirytime = 600000ms (custom)
2019-09-25 11:08:46,534 [pool-419-thread-1] INFO  impl.RaftServerImpl (RaftServerImpl.java:start(185)) - 3f6fc67d-8e3f-4380-bdc7-5834d28b5411@group-F8BC442F7217: start as a follower, conf=-1: [3f6fc67d-8e3f-4380-bdc7-5834d28b5411:192.168.30.6:38729], old=null
2019-09-25 11:08:46,534 [pool-419-thread-1] INFO  impl.RaftServerImpl (RaftServerImpl.java:setRole(174)) - 3f6fc67d-8e3f-4380-bdc7-5834d28b5411@group-F8BC442F7217: changes role from      null to FOLLOWER at term 0 for startAsFollower
2019-09-25 11:08:46,534 [pool-419-thread-1] INFO  impl.RoleInfo (RoleInfo.java:updateAndGet(143)) - 3f6fc67d-8e3f-4380-bdc7-5834d28b5411: start FollowerState
2019-09-25 11:08:46,534 [pool-419-thread-1] INFO  util.JmxRegister (JmxRegister.java:tryRegister(44)) - Successfully registered JMX Bean with object name Ratis:service=RaftServer,group=group-F8BC442F7217,id=3f6fc67d-8e3f-4380-bdc7-5834d28b5411
2019-09-25 11:08:46,536 [RatisPipelineUtilsThread] INFO  pipeline.PipelineStateManager (PipelineStateManager.java:addPipeline(56)) - Created pipeline Pipeline[ Id: 5a40bed5-42b5-43b3-8086-f8bc442f7217, Nodes: 3f6fc67d-8e3f-4380-bdc7-5834d28b5411{ip: 192.168.30.6, host: pr-hdds-1569-5gmkr-4255264070, networkLocation: /default-rack, certSerialId: null}, Type:RATIS, Factor:ONE, State:OPEN]
2019-09-25 11:08:46,536 [RatisPipelineUtilsThread] INFO  pipeline.PipelinePlacementPolicy (PipelinePlacementPolicy.java:meetCriteria(91)) - Pipeline Placement: can't place more pipeline on heavy datanode： 3f6fc67d-8e3f-4380-bdc7-5834d28b5411 Heaviness: 6 limit: 5
2019-09-25 11:08:46,536 [RatisPipelineUtilsThread] INFO  pipeline.PipelinePlacementPolicy (PipelinePlacementPolicy.java:meetCriteria(91)) - Pipeline Placement: can't place more pipeline on heavy datanode： 77f2c583-4ee9-4410-825c-925985ec9618 Heaviness: 6 limit: 5
2019-09-25 11:08:46,539 [grpc-default-executor-1] INFO  impl.RaftServerProxy (RaftServerProxy.java:addNew(89)) - 975b33e8-e2cc-4a40-852a-f9fd970783fd: addNew group-B3B393D3D610:[975b33e8-e2cc-4a40-852a-f9fd970783fd:192.168.30.6:37792] returns group-B3B393D3D610:java.util.concurrent.CompletableFuture@18ed16e[Not completed]
2019-09-25 11:08:46,540 [pool-459-thread-1] INFO  impl.RaftServerImpl (RaftServerImpl.java:<init>(95)) - 975b33e8-e2cc-4a40-852a-f9fd970783fd: new RaftServerImpl for group-B3B393D3D610:[975b33e8-e2cc-4a40-852a-f9fd970783fd:192.168.30.6:37792] with ContainerStateMachine:uninitialized
2019-09-25 11:08:46,540 [pool-459-thread-1] INFO  server.RaftServerConfigKeys (ConfUtils.java:logGet(43)) - raft.server.rpc.timeout.min = 5s (custom)
2019-09-25 11:08:46,540 [pool-459-thread-1] INFO  server.RaftServerConfigKeys (ConfUtils.java:logGet(43)) - raft.server.rpc.timeout.max = 5200ms (custom)
2019-09-25 11:08:46,540 [pool-459-thread-1] INFO  server.RaftServerConfigKeys (ConfUtils.java:logGet(43)) - raft.server.rpcslowness.timeout = 120s (custom)
2019-09-25 11:08:46,540 [pool-459-thread-1] INFO  server.RaftServerConfigKeys (ConfUtils.java:logGet(43)) - raft.server.sleep.deviation.threshold = 300 (default)
2019-09-25 11:08:46,540 [pool-459-thread-1] INFO  server.RaftServerConfigKeys (ConfUtils.java:logGet(43)) - raft.server.log.appender.install.snapshot.enabled = false (custom)
2019-09-25 11:08:46,540 [pool-459-thread-1] INFO  impl.RaftServerImpl (ServerState.java:<init>(103)) - 975b33e8-e2cc-4a40-852a-f9fd970783fd@group-B3B393D3D610: ConfigurationManager, init=-1: [975b33e8-e2cc-4a40-852a-f9fd970783fd:192.168.30.6:37792], old=null, confs=<EMPTY_MAP>
2019-09-25 11:08:46,540 [pool-459-thread-1] INFO  server.RaftServerConfigKeys (ConfUtils.java:logGet(43)) - raft.server.storage.dir = [/workdir/hadoop-ozone/integration-test/target/test-dir/MiniOzoneClusterImpl-df822a65-554e-408c-8ca9-c8e2ba24269c/datanode-5/data/ratis] (custom)
2019-09-25 11:08:46,541 [pool-459-thread-1] INFO  storage.RaftStorageDirectory (RaftStorageDirectory.java:analyzeStorage(246)) - The storage directory /workdir/hadoop-ozone/integration-test/target/test-dir/MiniOzoneClusterImpl-df822a65-554e-408c-8ca9-c8e2ba24269c/datanode-5/data/ratis/3a2fd476-6d7d-43e5-8eb1-b3b393d3d610 does not exist. Creating ...
2019-09-25 11:08:46,548 [pool-459-thread-1] INFO  storage.RaftStorageDirectory (RaftStorageDirectory.java:tryLock(328)) - Lock on /workdir/hadoop-ozone/integration-test/target/test-dir/MiniOzoneClusterImpl-df822a65-554e-408c-8ca9-c8e2ba24269c/datanode-5/data/ratis/3a2fd476-6d7d-43e5-8eb1-b3b393d3d610/in_use.lock acquired by nodename 21763@pr-hdds-1569-5gmkr-4255264070
2019-09-25 11:08:46,561 [pool-459-thread-1] INFO  storage.RaftStorage (RaftStorage.java:format(72)) - Storage directory /workdir/hadoop-ozone/integration-test/target/test-dir/MiniOzoneClusterImpl-df822a65-554e-408c-8ca9-c8e2ba24269c/datanode-5/data/ratis/3a2fd476-6d7d-43e5-8eb1-b3b393d3d610 has been successfully formatted.
2019-09-25 11:08:46,561 [pool-459-thread-1] INFO  ratis.ContainerStateMachine (ContainerStateMachine.java:loadSnapshot(230)) - group-B3B393D3D610: The snapshot info is null. Setting the last applied indexto:(t:0, i:~)
2019-09-25 11:08:46,561 [pool-459-thread-1] INFO  server.RaftServerConfigKeys (ConfUtils.java:logGet(43)) - raft.server.notification.no-leader.timeout = 120s (custom)
2019-09-25 11:08:46,561 [pool-459-thread-1] INFO  server.RaftServerConfigKeys (ConfUtils.java:logGet(43)) - raft.server.log.use.memory = false (default)
2019-09-25 11:08:46,561 [pool-459-thread-1] INFO  server.RaftServerConfigKeys (ConfUtils.java:logGet(43)) - raft.server.log.purge.gap = 1000000 (custom)
2019-09-25 11:08:46,561 [pool-459-thread-1] INFO  server.RaftServerConfigKeys (ConfUtils.java:logGet(43)) - raft.server.log.appender.buffer.byte-limit = 33554432 (custom)
2019-09-25 11:08:46,562 [pool-459-thread-1] INFO  server.RaftServerConfigKeys (ConfUtils.java:logGet(43)) - raft.server.log.segment.size.max = 1048576 (custom)
2019-09-25 11:08:46,562 [pool-459-thread-1] INFO  server.RaftServerConfigKeys (ConfUtils.java:logGet(43)) - raft.server.log.segment.cache.num.max = 2 (custom)
2019-09-25 11:08:46,562 [pool-459-thread-1] INFO  segmented.SegmentedRaftLogWorker (SegmentedRaftLogWorker.java:<init>(172)) - new 975b33e8-e2cc-4a40-852a-f9fd970783fd@group-B3B393D3D610-SegmentedRaftLogWorker for RaftStorage:Storage Directory /workdir/hadoop-ozone/integration-test/target/test-dir/MiniOzoneClusterImpl-df822a65-554e-408c-8ca9-c8e2ba24269c/datanode-5/data/ratis/3a2fd476-6d7d-43e5-8eb1-b3b393d3d610
2019-09-25 11:08:46,562 [pool-459-thread-1] INFO  server.RaftServerConfigKeys (ConfUtils.java:logGet(43)) - raft.server.log.queue.byte-limit = 2147483647 (custom)
2019-09-25 11:08:46,562 [pool-459-thread-1] INFO  server.RaftServerConfigKeys (ConfUtils.java:logGet(43)) - raft.server.log.queue.element-limit = 1024 (custom)
2019-09-25 11:08:46,562 [pool-459-thread-1] INFO  server.RaftServerConfigKeys (ConfUtils.java:logGet(43)) - raft.server.log.segment.size.max = 1048576 (custom)
2019-09-25 11:08:46,562 [pool-459-thread-1] INFO  server.RaftServerConfigKeys (ConfUtils.java:logGet(43)) - raft.server.log.preallocated.size = 16384 (custom)
2019-09-25 11:08:46,562 [pool-459-thread-1] INFO  server.RaftServerConfigKeys (ConfUtils.java:logGet(43)) - raft.server.log.write.buffer.size = 33554432 (custom)
2019-09-25 11:08:46,562 [pool-459-thread-1] INFO  server.RaftServerConfigKeys (ConfUtils.java:logGet(43)) - raft.server.log.force.sync.num = 128 (default)
2019-09-25 11:08:46,562 [pool-459-thread-1] INFO  server.RaftServerConfigKeys (ConfUtils.java:logGet(43)) - raft.server.log.statemachine.data.sync = true (default)
2019-09-25 11:08:46,562 [pool-459-thread-1] INFO  server.RaftServerConfigKeys (ConfUtils.java:logGet(43)) - raft.server.log.statemachine.data.sync.timeout = 10s (default)
2019-09-25 11:08:46,563 [pool-459-thread-1] INFO  server.RaftServerConfigKeys (ConfUtils.java:logGet(43)) - raft.server.log.statemachine.data.sync.timeout.retry = -1 (default)
2019-09-25 11:08:46,563 [pool-459-thread-1] INFO  server.RaftServerConfigKeys (ConfUtils.java:logGet(43)) - raft.server.log.statemachine.data.caching.enabled = true (custom)
2019-09-25 11:08:46,563 [pool-459-thread-1] INFO  segmented.SegmentedRaftLogWorker (SegmentedRaftLogWorker.java:lambda$new$0(132)) - 975b33e8-e2cc-4a40-852a-f9fd970783fd@group-B3B393D3D610-SegmentedRaftLogWorker: flushIndex: setUnconditionally 0 -> -1
2019-09-25 11:08:46,563 [pool-459-thread-1] INFO  server.RaftServerConfigKeys (ConfUtils.java:logGet(43)) - raft.server.snapshot.auto.trigger.enabled = true (custom)
2019-09-25 11:08:46,563 [pool-459-thread-1] INFO  server.RaftServerConfigKeys (ConfUtils.java:logGet(43)) - raft.server.snapshot.auto.trigger.threshold = 10000 (custom)
2019-09-25 11:08:46,563 [pool-459-thread-1] INFO  server.RaftServerConfigKeys (ConfUtils.java:logGet(43)) - raft.server.snapshot.retention.num.files = 5 (custom)
2019-09-25 11:08:46,563 [pool-459-thread-1] INFO  server.RaftServerConfigKeys (ConfUtils.java:logGet(43)) - raft.server.retrycache.expirytime = 600000ms (custom)
2019-09-25 11:08:46,564 [pool-459-thread-1] INFO  impl.RaftServerImpl (RaftServerImpl.java:start(185)) - 975b33e8-e2cc-4a40-852a-f9fd970783fd@group-B3B393D3D610: start as a follower, conf=-1: [975b33e8-e2cc-4a40-852a-f9fd970783fd:192.168.30.6:37792], old=null
2019-09-25 11:08:46,564 [pool-459-thread-1] INFO  impl.RaftServerImpl (RaftServerImpl.java:setRole(174)) - 975b33e8-e2cc-4a40-852a-f9fd970783fd@group-B3B393D3D610: changes role from      null to FOLLOWER at term 0 for startAsFollower
2019-09-25 11:08:46,564 [pool-459-thread-1] INFO  impl.RoleInfo (RoleInfo.java:updateAndGet(143)) - 975b33e8-e2cc-4a40-852a-f9fd970783fd: start FollowerState
2019-09-25 11:08:46,565 [pool-459-thread-1] INFO  util.JmxRegister (JmxRegister.java:tryRegister(44)) - Successfully registered JMX Bean with object name Ratis:service=RaftServer,group=group-B3B393D3D610,id=975b33e8-e2cc-4a40-852a-f9fd970783fd
2019-09-25 11:08:46,566 [RatisPipelineUtilsThread] INFO  pipeline.PipelineStateManager (PipelineStateManager.java:addPipeline(56)) - Created pipeline Pipeline[ Id: 3a2fd476-6d7d-43e5-8eb1-b3b393d3d610, Nodes: 975b33e8-e2cc-4a40-852a-f9fd970783fd{ip: 192.168.30.6, host: pr-hdds-1569-5gmkr-4255264070, networkLocation: /default-rack, certSerialId: null}, Type:RATIS, Factor:ONE, State:OPEN]
2019-09-25 11:08:46,566 [RatisPipelineUtilsThread] INFO  pipeline.PipelinePlacementPolicy (PipelinePlacementPolicy.java:meetCriteria(91)) - Pipeline Placement: can't place more pipeline on heavy datanode： 3f6fc67d-8e3f-4380-bdc7-5834d28b5411 Heaviness: 6 limit: 5
2019-09-25 11:08:46,566 [RatisPipelineUtilsThread] INFO  pipeline.PipelinePlacementPolicy (PipelinePlacementPolicy.java:meetCriteria(91)) - Pipeline Placement: can't place more pipeline on heavy datanode： 77f2c583-4ee9-4410-825c-925985ec9618 Heaviness: 6 limit: 5
2019-09-25 11:08:46,569 [grpc-default-executor-1] INFO  impl.RaftServerProxy (RaftServerProxy.java:addNew(89)) - 47e44219-9d14-4cb3-978d-901354c5ccca: addNew group-81063009C870:[47e44219-9d14-4cb3-978d-901354c5ccca:192.168.30.6:46243] returns group-81063009C870:java.util.concurrent.CompletableFuture@1412755c[Not completed]
2019-09-25 11:08:46,570 [pool-429-thread-1] INFO  impl.RaftServerImpl (RaftServerImpl.java:<init>(95)) - 47e44219-9d14-4cb3-978d-901354c5ccca: new RaftServerImpl for group-81063009C870:[47e44219-9d14-4cb3-978d-901354c5ccca:192.168.30.6:46243] with ContainerStateMachine:uninitialized
2019-09-25 11:08:46,570 [pool-429-thread-1] INFO  server.RaftServerConfigKeys (ConfUtils.java:logGet(43)) - raft.server.rpc.timeout.min = 5s (custom)
2019-09-25 11:08:46,570 [pool-429-thread-1] INFO  server.RaftServerConfigKeys (ConfUtils.java:logGet(43)) - raft.server.rpc.timeout.max = 5200ms (custom)
2019-09-25 11:08:46,570 [pool-429-thread-1] INFO  server.RaftServerConfigKeys (ConfUtils.java:logGet(43)) - raft.server.rpcslowness.timeout = 120s (custom)
2019-09-25 11:08:46,570 [pool-429-thread-1] INFO  server.RaftServerConfigKeys (ConfUtils.java:logGet(43)) - raft.server.sleep.deviation.threshold = 300 (default)
2019-09-25 11:08:46,570 [pool-429-thread-1] INFO  server.RaftServerConfigKeys (ConfUtils.java:logGet(43)) - raft.server.log.appender.install.snapshot.enabled = false (custom)
2019-09-25 11:08:46,570 [pool-429-thread-1] INFO  impl.RaftServerImpl (ServerState.java:<init>(103)) - 47e44219-9d14-4cb3-978d-901354c5ccca@group-81063009C870: ConfigurationManager, init=-1: [47e44219-9d14-4cb3-978d-901354c5ccca:192.168.30.6:46243], old=null, confs=<EMPTY_MAP>
2019-09-25 11:08:46,570 [pool-429-thread-1] INFO  server.RaftServerConfigKeys (ConfUtils.java:logGet(43)) - raft.server.storage.dir = [/workdir/hadoop-ozone/integration-test/target/test-dir/MiniOzoneClusterImpl-df822a65-554e-408c-8ca9-c8e2ba24269c/datanode-2/data/ratis] (custom)
2019-09-25 11:08:46,570 [pool-429-thread-1] INFO  storage.RaftStorageDirectory (RaftStorageDirectory.java:analyzeStorage(246)) - The storage directory /workdir/hadoop-ozone/integration-test/target/test-dir/MiniOzoneClusterImpl-df822a65-554e-408c-8ca9-c8e2ba24269c/datanode-2/data/ratis/53312cda-e745-42c5-9a9b-81063009c870 does not exist. Creating ...
2019-09-25 11:08:46,585 [pool-429-thread-1] INFO  storage.RaftStorageDirectory (RaftStorageDirectory.java:tryLock(328)) - Lock on /workdir/hadoop-ozone/integration-test/target/test-dir/MiniOzoneClusterImpl-df822a65-554e-408c-8ca9-c8e2ba24269c/datanode-2/data/ratis/53312cda-e745-42c5-9a9b-81063009c870/in_use.lock acquired by nodename 21763@pr-hdds-1569-5gmkr-4255264070
2019-09-25 11:08:46,598 [pool-429-thread-1] INFO  storage.RaftStorage (RaftStorage.java:format(72)) - Storage directory /workdir/hadoop-ozone/integration-test/target/test-dir/MiniOzoneClusterImpl-df822a65-554e-408c-8ca9-c8e2ba24269c/datanode-2/data/ratis/53312cda-e745-42c5-9a9b-81063009c870 has been successfully formatted.
2019-09-25 11:08:46,598 [pool-429-thread-1] INFO  ratis.ContainerStateMachine (ContainerStateMachine.java:loadSnapshot(230)) - group-81063009C870: The snapshot info is null. Setting the last applied indexto:(t:0, i:~)
2019-09-25 11:08:46,598 [pool-429-thread-1] INFO  server.RaftServerConfigKeys (ConfUtils.java:logGet(43)) - raft.server.notification.no-leader.timeout = 120s (custom)
2019-09-25 11:08:46,598 [pool-429-thread-1] INFO  server.RaftServerConfigKeys (ConfUtils.java:logGet(43)) - raft.server.log.use.memory = false (default)
2019-09-25 11:08:46,599 [pool-429-thread-1] INFO  server.RaftServerConfigKeys (ConfUtils.java:logGet(43)) - raft.server.log.purge.gap = 1000000 (custom)
2019-09-25 11:08:46,599 [pool-429-thread-1] INFO  server.RaftServerConfigKeys (ConfUtils.java:logGet(43)) - raft.server.log.appender.buffer.byte-limit = 33554432 (custom)
2019-09-25 11:08:46,599 [pool-429-thread-1] INFO  server.RaftServerConfigKeys (ConfUtils.java:logGet(43)) - raft.server.log.segment.size.max = 1048576 (custom)
2019-09-25 11:08:46,599 [pool-429-thread-1] INFO  server.RaftServerConfigKeys (ConfUtils.java:logGet(43)) - raft.server.log.segment.cache.num.max = 2 (custom)
2019-09-25 11:08:46,599 [pool-429-thread-1] INFO  segmented.SegmentedRaftLogWorker (SegmentedRaftLogWorker.java:<init>(172)) - new 47e44219-9d14-4cb3-978d-901354c5ccca@group-81063009C870-SegmentedRaftLogWorker for RaftStorage:Storage Directory /workdir/hadoop-ozone/integration-test/target/test-dir/MiniOzoneClusterImpl-df822a65-554e-408c-8ca9-c8e2ba24269c/datanode-2/data/ratis/53312cda-e745-42c5-9a9b-81063009c870
2019-09-25 11:08:46,599 [pool-429-thread-1] INFO  server.RaftServerConfigKeys (ConfUtils.java:logGet(43)) - raft.server.log.queue.byte-limit = 2147483647 (custom)
2019-09-25 11:08:46,599 [pool-429-thread-1] INFO  server.RaftServerConfigKeys (ConfUtils.java:logGet(43)) - raft.server.log.queue.element-limit = 1024 (custom)
2019-09-25 11:08:46,599 [pool-429-thread-1] INFO  server.RaftServerConfigKeys (ConfUtils.java:logGet(43)) - raft.server.log.segment.size.max = 1048576 (custom)
2019-09-25 11:08:46,599 [pool-429-thread-1] INFO  server.RaftServerConfigKeys (ConfUtils.java:logGet(43)) - raft.server.log.preallocated.size = 16384 (custom)
2019-09-25 11:08:46,599 [pool-429-thread-1] INFO  server.RaftServerConfigKeys (ConfUtils.java:logGet(43)) - raft.server.log.write.buffer.size = 33554432 (custom)
2019-09-25 11:08:46,600 [pool-429-thread-1] INFO  server.RaftServerConfigKeys (ConfUtils.java:logGet(43)) - raft.server.log.force.sync.num = 128 (default)
2019-09-25 11:08:46,600 [pool-429-thread-1] INFO  server.RaftServerConfigKeys (ConfUtils.java:logGet(43)) - raft.server.log.statemachine.data.sync = true (default)
2019-09-25 11:08:46,600 [pool-429-thread-1] INFO  server.RaftServerConfigKeys (ConfUtils.java:logGet(43)) - raft.server.log.statemachine.data.sync.timeout = 10s (default)
2019-09-25 11:08:46,600 [pool-429-thread-1] INFO  server.RaftServerConfigKeys (ConfUtils.java:logGet(43)) - raft.server.log.statemachine.data.sync.timeout.retry = -1 (default)
2019-09-25 11:08:46,600 [pool-429-thread-1] INFO  server.RaftServerConfigKeys (ConfUtils.java:logGet(43)) - raft.server.log.statemachine.data.caching.enabled = true (custom)
2019-09-25 11:08:46,600 [pool-429-thread-1] INFO  segmented.SegmentedRaftLogWorker (SegmentedRaftLogWorker.java:lambda$new$0(132)) - 47e44219-9d14-4cb3-978d-901354c5ccca@group-81063009C870-SegmentedRaftLogWorker: flushIndex: setUnconditionally 0 -> -1
2019-09-25 11:08:46,600 [pool-429-thread-1] INFO  server.RaftServerConfigKeys (ConfUtils.java:logGet(43)) - raft.server.snapshot.auto.trigger.enabled = true (custom)
2019-09-25 11:08:46,601 [pool-429-thread-1] INFO  server.RaftServerConfigKeys (ConfUtils.java:logGet(43)) - raft.server.snapshot.auto.trigger.threshold = 10000 (custom)
2019-09-25 11:08:46,601 [pool-429-thread-1] INFO  server.RaftServerConfigKeys (ConfUtils.java:logGet(43)) - raft.server.snapshot.retention.num.files = 5 (custom)
2019-09-25 11:08:46,601 [pool-429-thread-1] INFO  server.RaftServerConfigKeys (ConfUtils.java:logGet(43)) - raft.server.retrycache.expirytime = 600000ms (custom)
2019-09-25 11:08:46,602 [pool-429-thread-1] INFO  impl.RaftServerImpl (RaftServerImpl.java:start(185)) - 47e44219-9d14-4cb3-978d-901354c5ccca@group-81063009C870: start as a follower, conf=-1: [47e44219-9d14-4cb3-978d-901354c5ccca:192.168.30.6:46243], old=null
2019-09-25 11:08:46,602 [pool-429-thread-1] INFO  impl.RaftServerImpl (RaftServerImpl.java:setRole(174)) - 47e44219-9d14-4cb3-978d-901354c5ccca@group-81063009C870: changes role from      null to FOLLOWER at term 0 for startAsFollower
2019-09-25 11:08:46,602 [pool-429-thread-1] INFO  impl.RoleInfo (RoleInfo.java:updateAndGet(143)) - 47e44219-9d14-4cb3-978d-901354c5ccca: start FollowerState
2019-09-25 11:08:46,602 [pool-429-thread-1] INFO  util.JmxRegister (JmxRegister.java:tryRegister(44)) - Successfully registered JMX Bean with object name Ratis:service=RaftServer,group=group-81063009C870,id=47e44219-9d14-4cb3-978d-901354c5ccca
2019-09-25 11:08:46,604 [RatisPipelineUtilsThread] INFO  pipeline.PipelineStateManager (PipelineStateManager.java:addPipeline(56)) - Created pipeline Pipeline[ Id: 53312cda-e745-42c5-9a9b-81063009c870, Nodes: 47e44219-9d14-4cb3-978d-901354c5ccca{ip: 192.168.30.6, host: pr-hdds-1569-5gmkr-4255264070, networkLocation: /default-rack, certSerialId: null}, Type:RATIS, Factor:ONE, State:OPEN]
2019-09-25 11:08:46,604 [RatisPipelineUtilsThread] INFO  pipeline.PipelinePlacementPolicy (PipelinePlacementPolicy.java:meetCriteria(91)) - Pipeline Placement: can't place more pipeline on heavy datanode： 3f6fc67d-8e3f-4380-bdc7-5834d28b5411 Heaviness: 6 limit: 5
2019-09-25 11:08:46,604 [RatisPipelineUtilsThread] INFO  pipeline.PipelinePlacementPolicy (PipelinePlacementPolicy.java:meetCriteria(91)) - Pipeline Placement: can't place more pipeline on heavy datanode： 77f2c583-4ee9-4410-825c-925985ec9618 Heaviness: 6 limit: 5
2019-09-25 11:08:46,604 [RatisPipelineUtilsThread] INFO  pipeline.PipelinePlacementPolicy (PipelinePlacementPolicy.java:meetCriteria(91)) - Pipeline Placement: can't place more pipeline on heavy datanode： 47e44219-9d14-4cb3-978d-901354c5ccca Heaviness: 6 limit: 5
2019-09-25 11:08:46,607 [grpc-default-executor-1] INFO  impl.RaftServerProxy (RaftServerProxy.java:addNew(89)) - a910ee62-e7d5-4551-8567-f4bec92df57f: addNew group-B8AA32874F27:[a910ee62-e7d5-4551-8567-f4bec92df57f:192.168.30.6:39441] returns group-B8AA32874F27:java.util.concurrent.CompletableFuture@2c8e1b16[Not completed]
2019-09-25 11:08:46,607 [pool-439-thread-1] INFO  impl.RaftServerImpl (RaftServerImpl.java:<init>(95)) - a910ee62-e7d5-4551-8567-f4bec92df57f: new RaftServerImpl for group-B8AA32874F27:[a910ee62-e7d5-4551-8567-f4bec92df57f:192.168.30.6:39441] with ContainerStateMachine:uninitialized
2019-09-25 11:08:46,608 [pool-439-thread-1] INFO  server.RaftServerConfigKeys (ConfUtils.java:logGet(43)) - raft.server.rpc.timeout.min = 5s (custom)
2019-09-25 11:08:46,608 [pool-439-thread-1] INFO  server.RaftServerConfigKeys (ConfUtils.java:logGet(43)) - raft.server.rpc.timeout.max = 5200ms (custom)
2019-09-25 11:08:46,608 [pool-439-thread-1] INFO  server.RaftServerConfigKeys (ConfUtils.java:logGet(43)) - raft.server.rpcslowness.timeout = 120s (custom)
2019-09-25 11:08:46,608 [pool-439-thread-1] INFO  server.RaftServerConfigKeys (ConfUtils.java:logGet(43)) - raft.server.sleep.deviation.threshold = 300 (default)
2019-09-25 11:08:46,608 [pool-439-thread-1] INFO  server.RaftServerConfigKeys (ConfUtils.java:logGet(43)) - raft.server.log.appender.install.snapshot.enabled = false (custom)
2019-09-25 11:08:46,608 [pool-439-thread-1] INFO  impl.RaftServerImpl (ServerState.java:<init>(103)) - a910ee62-e7d5-4551-8567-f4bec92df57f@group-B8AA32874F27: ConfigurationManager, init=-1: [a910ee62-e7d5-4551-8567-f4bec92df57f:192.168.30.6:39441], old=null, confs=<EMPTY_MAP>
2019-09-25 11:08:46,608 [pool-439-thread-1] INFO  server.RaftServerConfigKeys (ConfUtils.java:logGet(43)) - raft.server.storage.dir = [/workdir/hadoop-ozone/integration-test/target/test-dir/MiniOzoneClusterImpl-df822a65-554e-408c-8ca9-c8e2ba24269c/datanode-3/data/ratis] (custom)
2019-09-25 11:08:46,608 [pool-439-thread-1] INFO  storage.RaftStorageDirectory (RaftStorageDirectory.java:analyzeStorage(246)) - The storage directory /workdir/hadoop-ozone/integration-test/target/test-dir/MiniOzoneClusterImpl-df822a65-554e-408c-8ca9-c8e2ba24269c/datanode-3/data/ratis/e35a4661-94bf-43af-916c-b8aa32874f27 does not exist. Creating ...
2019-09-25 11:08:46,621 [pool-439-thread-1] INFO  storage.RaftStorageDirectory (RaftStorageDirectory.java:tryLock(328)) - Lock on /workdir/hadoop-ozone/integration-test/target/test-dir/MiniOzoneClusterImpl-df822a65-554e-408c-8ca9-c8e2ba24269c/datanode-3/data/ratis/e35a4661-94bf-43af-916c-b8aa32874f27/in_use.lock acquired by nodename 21763@pr-hdds-1569-5gmkr-4255264070
2019-09-25 11:08:46,633 [pool-439-thread-1] INFO  storage.RaftStorage (RaftStorage.java:format(72)) - Storage directory /workdir/hadoop-ozone/integration-test/target/test-dir/MiniOzoneClusterImpl-df822a65-554e-408c-8ca9-c8e2ba24269c/datanode-3/data/ratis/e35a4661-94bf-43af-916c-b8aa32874f27 has been successfully formatted.
2019-09-25 11:08:46,633 [pool-439-thread-1] INFO  ratis.ContainerStateMachine (ContainerStateMachine.java:loadSnapshot(230)) - group-B8AA32874F27: The snapshot info is null. Setting the last applied indexto:(t:0, i:~)
2019-09-25 11:08:46,633 [pool-439-thread-1] INFO  server.RaftServerConfigKeys (ConfUtils.java:logGet(43)) - raft.server.notification.no-leader.timeout = 120s (custom)
2019-09-25 11:08:46,633 [pool-439-thread-1] INFO  server.RaftServerConfigKeys (ConfUtils.java:logGet(43)) - raft.server.log.use.memory = false (default)
2019-09-25 11:08:46,633 [pool-439-thread-1] INFO  server.RaftServerConfigKeys (ConfUtils.java:logGet(43)) - raft.server.log.purge.gap = 1000000 (custom)
2019-09-25 11:08:46,633 [pool-439-thread-1] INFO  server.RaftServerConfigKeys (ConfUtils.java:logGet(43)) - raft.server.log.appender.buffer.byte-limit = 33554432 (custom)
2019-09-25 11:08:46,634 [pool-439-thread-1] INFO  server.RaftServerConfigKeys (ConfUtils.java:logGet(43)) - raft.server.log.segment.size.max = 1048576 (custom)
2019-09-25 11:08:46,634 [pool-439-thread-1] INFO  server.RaftServerConfigKeys (ConfUtils.java:logGet(43)) - raft.server.log.segment.cache.num.max = 2 (custom)
2019-09-25 11:08:46,634 [pool-439-thread-1] INFO  segmented.SegmentedRaftLogWorker (SegmentedRaftLogWorker.java:<init>(172)) - new a910ee62-e7d5-4551-8567-f4bec92df57f@group-B8AA32874F27-SegmentedRaftLogWorker for RaftStorage:Storage Directory /workdir/hadoop-ozone/integration-test/target/test-dir/MiniOzoneClusterImpl-df822a65-554e-408c-8ca9-c8e2ba24269c/datanode-3/data/ratis/e35a4661-94bf-43af-916c-b8aa32874f27
2019-09-25 11:08:46,634 [pool-439-thread-1] INFO  server.RaftServerConfigKeys (ConfUtils.java:logGet(43)) - raft.server.log.queue.byte-limit = 2147483647 (custom)
2019-09-25 11:08:46,634 [pool-439-thread-1] INFO  server.RaftServerConfigKeys (ConfUtils.java:logGet(43)) - raft.server.log.queue.element-limit = 1024 (custom)
2019-09-25 11:08:46,634 [pool-439-thread-1] INFO  server.RaftServerConfigKeys (ConfUtils.java:logGet(43)) - raft.server.log.segment.size.max = 1048576 (custom)
2019-09-25 11:08:46,634 [pool-439-thread-1] INFO  server.RaftServerConfigKeys (ConfUtils.java:logGet(43)) - raft.server.log.preallocated.size = 16384 (custom)
2019-09-25 11:08:46,634 [pool-439-thread-1] INFO  server.RaftServerConfigKeys (ConfUtils.java:logGet(43)) - raft.server.log.write.buffer.size = 33554432 (custom)
2019-09-25 11:08:46,634 [pool-439-thread-1] INFO  server.RaftServerConfigKeys (ConfUtils.java:logGet(43)) - raft.server.log.force.sync.num = 128 (default)
2019-09-25 11:08:46,634 [pool-439-thread-1] INFO  server.RaftServerConfigKeys (ConfUtils.java:logGet(43)) - raft.server.log.statemachine.data.sync = true (default)
2019-09-25 11:08:46,634 [pool-439-thread-1] INFO  server.RaftServerConfigKeys (ConfUtils.java:logGet(43)) - raft.server.log.statemachine.data.sync.timeout = 10s (default)
2019-09-25 11:08:46,634 [pool-439-thread-1] INFO  server.RaftServerConfigKeys (ConfUtils.java:logGet(43)) - raft.server.log.statemachine.data.sync.timeout.retry = -1 (default)
2019-09-25 11:08:46,634 [pool-439-thread-1] INFO  server.RaftServerConfigKeys (ConfUtils.java:logGet(43)) - raft.server.log.statemachine.data.caching.enabled = true (custom)
2019-09-25 11:08:46,635 [pool-439-thread-1] INFO  segmented.SegmentedRaftLogWorker (SegmentedRaftLogWorker.java:lambda$new$0(132)) - a910ee62-e7d5-4551-8567-f4bec92df57f@group-B8AA32874F27-SegmentedRaftLogWorker: flushIndex: setUnconditionally 0 -> -1
2019-09-25 11:08:46,635 [pool-439-thread-1] INFO  server.RaftServerConfigKeys (ConfUtils.java:logGet(43)) - raft.server.snapshot.auto.trigger.enabled = true (custom)
2019-09-25 11:08:46,635 [pool-439-thread-1] INFO  server.RaftServerConfigKeys (ConfUtils.java:logGet(43)) - raft.server.snapshot.auto.trigger.threshold = 10000 (custom)
2019-09-25 11:08:46,635 [pool-439-thread-1] INFO  server.RaftServerConfigKeys (ConfUtils.java:logGet(43)) - raft.server.snapshot.retention.num.files = 5 (custom)
2019-09-25 11:08:46,635 [pool-439-thread-1] INFO  server.RaftServerConfigKeys (ConfUtils.java:logGet(43)) - raft.server.retrycache.expirytime = 600000ms (custom)
2019-09-25 11:08:46,636 [pool-439-thread-1] INFO  impl.RaftServerImpl (RaftServerImpl.java:start(185)) - a910ee62-e7d5-4551-8567-f4bec92df57f@group-B8AA32874F27: start as a follower, conf=-1: [a910ee62-e7d5-4551-8567-f4bec92df57f:192.168.30.6:39441], old=null
2019-09-25 11:08:46,636 [pool-439-thread-1] INFO  impl.RaftServerImpl (RaftServerImpl.java:setRole(174)) - a910ee62-e7d5-4551-8567-f4bec92df57f@group-B8AA32874F27: changes role from      null to FOLLOWER at term 0 for startAsFollower
2019-09-25 11:08:46,636 [pool-439-thread-1] INFO  impl.RoleInfo (RoleInfo.java:updateAndGet(143)) - a910ee62-e7d5-4551-8567-f4bec92df57f: start FollowerState
2019-09-25 11:08:46,636 [pool-439-thread-1] INFO  util.JmxRegister (JmxRegister.java:tryRegister(44)) - Successfully registered JMX Bean with object name Ratis:service=RaftServer,group=group-B8AA32874F27,id=a910ee62-e7d5-4551-8567-f4bec92df57f
2019-09-25 11:08:46,638 [RatisPipelineUtilsThread] INFO  pipeline.PipelineStateManager (PipelineStateManager.java:addPipeline(56)) - Created pipeline Pipeline[ Id: e35a4661-94bf-43af-916c-b8aa32874f27, Nodes: a910ee62-e7d5-4551-8567-f4bec92df57f{ip: 192.168.30.6, host: pr-hdds-1569-5gmkr-4255264070, networkLocation: /default-rack, certSerialId: null}, Type:RATIS, Factor:ONE, State:OPEN]
2019-09-25 11:08:46,638 [RatisPipelineUtilsThread] INFO  pipeline.PipelinePlacementPolicy (PipelinePlacementPolicy.java:meetCriteria(91)) - Pipeline Placement: can't place more pipeline on heavy datanode： 3f6fc67d-8e3f-4380-bdc7-5834d28b5411 Heaviness: 6 limit: 5
2019-09-25 11:08:46,638 [RatisPipelineUtilsThread] INFO  pipeline.PipelinePlacementPolicy (PipelinePlacementPolicy.java:meetCriteria(91)) - Pipeline Placement: can't place more pipeline on heavy datanode： 77f2c583-4ee9-4410-825c-925985ec9618 Heaviness: 6 limit: 5
2019-09-25 11:08:46,638 [RatisPipelineUtilsThread] INFO  pipeline.PipelinePlacementPolicy (PipelinePlacementPolicy.java:meetCriteria(91)) - Pipeline Placement: can't place more pipeline on heavy datanode： 47e44219-9d14-4cb3-978d-901354c5ccca Heaviness: 6 limit: 5
2019-09-25 11:08:46,640 [grpc-default-executor-1] INFO  impl.RaftServerProxy (RaftServerProxy.java:addNew(89)) - a910ee62-e7d5-4551-8567-f4bec92df57f: addNew group-ECF4F675A209:[a910ee62-e7d5-4551-8567-f4bec92df57f:192.168.30.6:39441] returns group-ECF4F675A209:java.util.concurrent.CompletableFuture@71d4ac8[Not completed]
2019-09-25 11:08:46,641 [pool-439-thread-1] INFO  impl.RaftServerImpl (RaftServerImpl.java:<init>(95)) - a910ee62-e7d5-4551-8567-f4bec92df57f: new RaftServerImpl for group-ECF4F675A209:[a910ee62-e7d5-4551-8567-f4bec92df57f:192.168.30.6:39441] with ContainerStateMachine:uninitialized
2019-09-25 11:08:46,641 [pool-439-thread-1] INFO  server.RaftServerConfigKeys (ConfUtils.java:logGet(43)) - raft.server.rpc.timeout.min = 5s (custom)
2019-09-25 11:08:46,641 [pool-439-thread-1] INFO  server.RaftServerConfigKeys (ConfUtils.java:logGet(43)) - raft.server.rpc.timeout.max = 5200ms (custom)
2019-09-25 11:08:46,641 [pool-439-thread-1] INFO  server.RaftServerConfigKeys (ConfUtils.java:logGet(43)) - raft.server.rpcslowness.timeout = 120s (custom)
2019-09-25 11:08:46,641 [pool-439-thread-1] INFO  server.RaftServerConfigKeys (ConfUtils.java:logGet(43)) - raft.server.sleep.deviation.threshold = 300 (default)
2019-09-25 11:08:46,642 [pool-439-thread-1] INFO  server.RaftServerConfigKeys (ConfUtils.java:logGet(43)) - raft.server.log.appender.install.snapshot.enabled = false (custom)
2019-09-25 11:08:46,642 [pool-439-thread-1] INFO  impl.RaftServerImpl (ServerState.java:<init>(103)) - a910ee62-e7d5-4551-8567-f4bec92df57f@group-ECF4F675A209: ConfigurationManager, init=-1: [a910ee62-e7d5-4551-8567-f4bec92df57f:192.168.30.6:39441], old=null, confs=<EMPTY_MAP>
2019-09-25 11:08:46,642 [pool-439-thread-1] INFO  server.RaftServerConfigKeys (ConfUtils.java:logGet(43)) - raft.server.storage.dir = [/workdir/hadoop-ozone/integration-test/target/test-dir/MiniOzoneClusterImpl-df822a65-554e-408c-8ca9-c8e2ba24269c/datanode-3/data/ratis] (custom)
2019-09-25 11:08:46,642 [pool-439-thread-1] INFO  storage.RaftStorageDirectory (RaftStorageDirectory.java:analyzeStorage(246)) - The storage directory /workdir/hadoop-ozone/integration-test/target/test-dir/MiniOzoneClusterImpl-df822a65-554e-408c-8ca9-c8e2ba24269c/datanode-3/data/ratis/da1e44e7-0edd-4f09-a49f-ecf4f675a209 does not exist. Creating ...
2019-09-25 11:08:46,655 [pool-439-thread-1] INFO  storage.RaftStorageDirectory (RaftStorageDirectory.java:tryLock(328)) - Lock on /workdir/hadoop-ozone/integration-test/target/test-dir/MiniOzoneClusterImpl-df822a65-554e-408c-8ca9-c8e2ba24269c/datanode-3/data/ratis/da1e44e7-0edd-4f09-a49f-ecf4f675a209/in_use.lock acquired by nodename 21763@pr-hdds-1569-5gmkr-4255264070
2019-09-25 11:08:46,667 [pool-439-thread-1] INFO  storage.RaftStorage (RaftStorage.java:format(72)) - Storage directory /workdir/hadoop-ozone/integration-test/target/test-dir/MiniOzoneClusterImpl-df822a65-554e-408c-8ca9-c8e2ba24269c/datanode-3/data/ratis/da1e44e7-0edd-4f09-a49f-ecf4f675a209 has been successfully formatted.
2019-09-25 11:08:46,667 [pool-439-thread-1] INFO  ratis.ContainerStateMachine (ContainerStateMachine.java:loadSnapshot(230)) - group-ECF4F675A209: The snapshot info is null. Setting the last applied indexto:(t:0, i:~)
2019-09-25 11:08:46,667 [pool-439-thread-1] INFO  server.RaftServerConfigKeys (ConfUtils.java:logGet(43)) - raft.server.notification.no-leader.timeout = 120s (custom)
2019-09-25 11:08:46,667 [pool-439-thread-1] INFO  server.RaftServerConfigKeys (ConfUtils.java:logGet(43)) - raft.server.log.use.memory = false (default)
2019-09-25 11:08:46,667 [pool-439-thread-1] INFO  server.RaftServerConfigKeys (ConfUtils.java:logGet(43)) - raft.server.log.purge.gap = 1000000 (custom)
2019-09-25 11:08:46,667 [pool-439-thread-1] INFO  server.RaftServerConfigKeys (ConfUtils.java:logGet(43)) - raft.server.log.appender.buffer.byte-limit = 33554432 (custom)
2019-09-25 11:08:46,667 [pool-439-thread-1] INFO  server.RaftServerConfigKeys (ConfUtils.java:logGet(43)) - raft.server.log.segment.size.max = 1048576 (custom)
2019-09-25 11:08:46,667 [pool-439-thread-1] INFO  server.RaftServerConfigKeys (ConfUtils.java:logGet(43)) - raft.server.log.segment.cache.num.max = 2 (custom)
2019-09-25 11:08:46,668 [pool-439-thread-1] INFO  segmented.SegmentedRaftLogWorker (SegmentedRaftLogWorker.java:<init>(172)) - new a910ee62-e7d5-4551-8567-f4bec92df57f@group-ECF4F675A209-SegmentedRaftLogWorker for RaftStorage:Storage Directory /workdir/hadoop-ozone/integration-test/target/test-dir/MiniOzoneClusterImpl-df822a65-554e-408c-8ca9-c8e2ba24269c/datanode-3/data/ratis/da1e44e7-0edd-4f09-a49f-ecf4f675a209
2019-09-25 11:08:46,668 [pool-439-thread-1] INFO  server.RaftServerConfigKeys (ConfUtils.java:logGet(43)) - raft.server.log.queue.byte-limit = 2147483647 (custom)
2019-09-25 11:08:46,668 [pool-439-thread-1] INFO  server.RaftServerConfigKeys (ConfUtils.java:logGet(43)) - raft.server.log.queue.element-limit = 1024 (custom)
2019-09-25 11:08:46,668 [pool-439-thread-1] INFO  server.RaftServerConfigKeys (ConfUtils.java:logGet(43)) - raft.server.log.segment.size.max = 1048576 (custom)
2019-09-25 11:08:46,668 [pool-439-thread-1] INFO  server.RaftServerConfigKeys (ConfUtils.java:logGet(43)) - raft.server.log.preallocated.size = 16384 (custom)
2019-09-25 11:08:46,668 [pool-439-thread-1] INFO  server.RaftServerConfigKeys (ConfUtils.java:logGet(43)) - raft.server.log.write.buffer.size = 33554432 (custom)
2019-09-25 11:08:46,668 [pool-439-thread-1] INFO  server.RaftServerConfigKeys (ConfUtils.java:logGet(43)) - raft.server.log.force.sync.num = 128 (default)
2019-09-25 11:08:46,668 [pool-439-thread-1] INFO  server.RaftServerConfigKeys (ConfUtils.java:logGet(43)) - raft.server.log.statemachine.data.sync = true (default)
2019-09-25 11:08:46,668 [pool-439-thread-1] INFO  server.RaftServerConfigKeys (ConfUtils.java:logGet(43)) - raft.server.log.statemachine.data.sync.timeout = 10s (default)
2019-09-25 11:08:46,668 [pool-439-thread-1] INFO  server.RaftServerConfigKeys (ConfUtils.java:logGet(43)) - raft.server.log.statemachine.data.sync.timeout.retry = -1 (default)
2019-09-25 11:08:46,668 [pool-439-thread-1] INFO  server.RaftServerConfigKeys (ConfUtils.java:logGet(43)) - raft.server.log.statemachine.data.caching.enabled = true (custom)
2019-09-25 11:08:46,669 [pool-439-thread-1] INFO  segmented.SegmentedRaftLogWorker (SegmentedRaftLogWorker.java:lambda$new$0(132)) - a910ee62-e7d5-4551-8567-f4bec92df57f@group-ECF4F675A209-SegmentedRaftLogWorker: flushIndex: setUnconditionally 0 -> -1
2019-09-25 11:08:46,669 [pool-439-thread-1] INFO  server.RaftServerConfigKeys (ConfUtils.java:logGet(43)) - raft.server.snapshot.auto.trigger.enabled = true (custom)
2019-09-25 11:08:46,669 [pool-439-thread-1] INFO  server.RaftServerConfigKeys (ConfUtils.java:logGet(43)) - raft.server.snapshot.auto.trigger.threshold = 10000 (custom)
2019-09-25 11:08:46,669 [pool-439-thread-1] INFO  server.RaftServerConfigKeys (ConfUtils.java:logGet(43)) - raft.server.snapshot.retention.num.files = 5 (custom)
2019-09-25 11:08:46,669 [pool-439-thread-1] INFO  server.RaftServerConfigKeys (ConfUtils.java:logGet(43)) - raft.server.retrycache.expirytime = 600000ms (custom)
2019-09-25 11:08:46,670 [pool-439-thread-1] INFO  impl.RaftServerImpl (RaftServerImpl.java:start(185)) - a910ee62-e7d5-4551-8567-f4bec92df57f@group-ECF4F675A209: start as a follower, conf=-1: [a910ee62-e7d5-4551-8567-f4bec92df57f:192.168.30.6:39441], old=null
2019-09-25 11:08:46,670 [pool-439-thread-1] INFO  impl.RaftServerImpl (RaftServerImpl.java:setRole(174)) - a910ee62-e7d5-4551-8567-f4bec92df57f@group-ECF4F675A209: changes role from      null to FOLLOWER at term 0 for startAsFollower
2019-09-25 11:08:46,670 [pool-439-thread-1] INFO  impl.RoleInfo (RoleInfo.java:updateAndGet(143)) - a910ee62-e7d5-4551-8567-f4bec92df57f: start FollowerState
2019-09-25 11:08:46,670 [pool-439-thread-1] INFO  util.JmxRegister (JmxRegister.java:tryRegister(44)) - Successfully registered JMX Bean with object name Ratis:service=RaftServer,group=group-ECF4F675A209,id=a910ee62-e7d5-4551-8567-f4bec92df57f
2019-09-25 11:08:46,672 [RatisPipelineUtilsThread] INFO  pipeline.PipelineStateManager (PipelineStateManager.java:addPipeline(56)) - Created pipeline Pipeline[ Id: da1e44e7-0edd-4f09-a49f-ecf4f675a209, Nodes: a910ee62-e7d5-4551-8567-f4bec92df57f{ip: 192.168.30.6, host: pr-hdds-1569-5gmkr-4255264070, networkLocation: /default-rack, certSerialId: null}, Type:RATIS, Factor:ONE, State:OPEN]
2019-09-25 11:08:46,672 [RatisPipelineUtilsThread] INFO  pipeline.PipelinePlacementPolicy (PipelinePlacementPolicy.java:meetCriteria(91)) - Pipeline Placement: can't place more pipeline on heavy datanode： 3f6fc67d-8e3f-4380-bdc7-5834d28b5411 Heaviness: 6 limit: 5
2019-09-25 11:08:46,672 [RatisPipelineUtilsThread] INFO  pipeline.PipelinePlacementPolicy (PipelinePlacementPolicy.java:meetCriteria(91)) - Pipeline Placement: can't place more pipeline on heavy datanode： 77f2c583-4ee9-4410-825c-925985ec9618 Heaviness: 6 limit: 5
2019-09-25 11:08:46,673 [RatisPipelineUtilsThread] INFO  pipeline.PipelinePlacementPolicy (PipelinePlacementPolicy.java:meetCriteria(91)) - Pipeline Placement: can't place more pipeline on heavy datanode： 47e44219-9d14-4cb3-978d-901354c5ccca Heaviness: 6 limit: 5
2019-09-25 11:08:46,680 [grpc-default-executor-1] INFO  impl.RaftServerProxy (RaftServerProxy.java:addNew(89)) - d29a58f4-bb42-4b4c-aa2d-f4bca2ff5103: addNew group-9C4F2D97FAF3:[d29a58f4-bb42-4b4c-aa2d-f4bca2ff5103:192.168.30.6:32888] returns group-9C4F2D97FAF3:java.util.concurrent.CompletableFuture@76f9a46f[Not completed]
2019-09-25 11:08:46,681 [pool-449-thread-1] INFO  impl.RaftServerImpl (RaftServerImpl.java:<init>(95)) - d29a58f4-bb42-4b4c-aa2d-f4bca2ff5103: new RaftServerImpl for group-9C4F2D97FAF3:[d29a58f4-bb42-4b4c-aa2d-f4bca2ff5103:192.168.30.6:32888] with ContainerStateMachine:uninitialized
2019-09-25 11:08:46,681 [pool-449-thread-1] INFO  server.RaftServerConfigKeys (ConfUtils.java:logGet(43)) - raft.server.rpc.timeout.min = 5s (custom)
2019-09-25 11:08:46,681 [pool-449-thread-1] INFO  server.RaftServerConfigKeys (ConfUtils.java:logGet(43)) - raft.server.rpc.timeout.max = 5200ms (custom)
2019-09-25 11:08:46,681 [pool-449-thread-1] INFO  server.RaftServerConfigKeys (ConfUtils.java:logGet(43)) - raft.server.rpcslowness.timeout = 120s (custom)
2019-09-25 11:08:46,681 [pool-449-thread-1] INFO  server.RaftServerConfigKeys (ConfUtils.java:logGet(43)) - raft.server.sleep.deviation.threshold = 300 (default)
2019-09-25 11:08:46,681 [pool-449-thread-1] INFO  server.RaftServerConfigKeys (ConfUtils.java:logGet(43)) - raft.server.log.appender.install.snapshot.enabled = false (custom)
2019-09-25 11:08:46,682 [pool-449-thread-1] INFO  impl.RaftServerImpl (ServerState.java:<init>(103)) - d29a58f4-bb42-4b4c-aa2d-f4bca2ff5103@group-9C4F2D97FAF3: ConfigurationManager, init=-1: [d29a58f4-bb42-4b4c-aa2d-f4bca2ff5103:192.168.30.6:32888], old=null, confs=<EMPTY_MAP>
2019-09-25 11:08:46,682 [pool-449-thread-1] INFO  server.RaftServerConfigKeys (ConfUtils.java:logGet(43)) - raft.server.storage.dir = [/workdir/hadoop-ozone/integration-test/target/test-dir/MiniOzoneClusterImpl-df822a65-554e-408c-8ca9-c8e2ba24269c/datanode-4/data/ratis] (custom)
2019-09-25 11:08:46,682 [pool-449-thread-1] INFO  storage.RaftStorageDirectory (RaftStorageDirectory.java:analyzeStorage(246)) - The storage directory /workdir/hadoop-ozone/integration-test/target/test-dir/MiniOzoneClusterImpl-df822a65-554e-408c-8ca9-c8e2ba24269c/datanode-4/data/ratis/02e2dfd0-31a9-41f5-b172-9c4f2d97faf3 does not exist. Creating ...
2019-09-25 11:08:46,695 [pool-449-thread-1] INFO  storage.RaftStorageDirectory (RaftStorageDirectory.java:tryLock(328)) - Lock on /workdir/hadoop-ozone/integration-test/target/test-dir/MiniOzoneClusterImpl-df822a65-554e-408c-8ca9-c8e2ba24269c/datanode-4/data/ratis/02e2dfd0-31a9-41f5-b172-9c4f2d97faf3/in_use.lock acquired by nodename 21763@pr-hdds-1569-5gmkr-4255264070
2019-09-25 11:08:46,708 [pool-449-thread-1] INFO  storage.RaftStorage (RaftStorage.java:format(72)) - Storage directory /workdir/hadoop-ozone/integration-test/target/test-dir/MiniOzoneClusterImpl-df822a65-554e-408c-8ca9-c8e2ba24269c/datanode-4/data/ratis/02e2dfd0-31a9-41f5-b172-9c4f2d97faf3 has been successfully formatted.
2019-09-25 11:08:46,708 [pool-449-thread-1] INFO  ratis.ContainerStateMachine (ContainerStateMachine.java:loadSnapshot(230)) - group-9C4F2D97FAF3: The snapshot info is null. Setting the last applied indexto:(t:0, i:~)
2019-09-25 11:08:46,708 [pool-449-thread-1] INFO  server.RaftServerConfigKeys (ConfUtils.java:logGet(43)) - raft.server.notification.no-leader.timeout = 120s (custom)
2019-09-25 11:08:46,708 [pool-449-thread-1] INFO  server.RaftServerConfigKeys (ConfUtils.java:logGet(43)) - raft.server.log.use.memory = false (default)
2019-09-25 11:08:46,708 [pool-449-thread-1] INFO  server.RaftServerConfigKeys (ConfUtils.java:logGet(43)) - raft.server.log.purge.gap = 1000000 (custom)
2019-09-25 11:08:46,708 [pool-449-thread-1] INFO  server.RaftServerConfigKeys (ConfUtils.java:logGet(43)) - raft.server.log.appender.buffer.byte-limit = 33554432 (custom)
2019-09-25 11:08:46,709 [pool-449-thread-1] INFO  server.RaftServerConfigKeys (ConfUtils.java:logGet(43)) - raft.server.log.segment.size.max = 1048576 (custom)
2019-09-25 11:08:46,709 [pool-449-thread-1] INFO  server.RaftServerConfigKeys (ConfUtils.java:logGet(43)) - raft.server.log.segment.cache.num.max = 2 (custom)
2019-09-25 11:08:46,709 [pool-449-thread-1] INFO  segmented.SegmentedRaftLogWorker (SegmentedRaftLogWorker.java:<init>(172)) - new d29a58f4-bb42-4b4c-aa2d-f4bca2ff5103@group-9C4F2D97FAF3-SegmentedRaftLogWorker for RaftStorage:Storage Directory /workdir/hadoop-ozone/integration-test/target/test-dir/MiniOzoneClusterImpl-df822a65-554e-408c-8ca9-c8e2ba24269c/datanode-4/data/ratis/02e2dfd0-31a9-41f5-b172-9c4f2d97faf3
2019-09-25 11:08:46,710 [pool-449-thread-1] INFO  server.RaftServerConfigKeys (ConfUtils.java:logGet(43)) - raft.server.log.queue.byte-limit = 2147483647 (custom)
2019-09-25 11:08:46,710 [pool-449-thread-1] INFO  server.RaftServerConfigKeys (ConfUtils.java:logGet(43)) - raft.server.log.queue.element-limit = 1024 (custom)
2019-09-25 11:08:46,710 [pool-449-thread-1] INFO  server.RaftServerConfigKeys (ConfUtils.java:logGet(43)) - raft.server.log.segment.size.max = 1048576 (custom)
2019-09-25 11:08:46,710 [pool-449-thread-1] INFO  server.RaftServerConfigKeys (ConfUtils.java:logGet(43)) - raft.server.log.preallocated.size = 16384 (custom)
2019-09-25 11:08:46,711 [pool-449-thread-1] INFO  server.RaftServerConfigKeys (ConfUtils.java:logGet(43)) - raft.server.log.write.buffer.size = 33554432 (custom)
2019-09-25 11:08:46,711 [pool-449-thread-1] INFO  server.RaftServerConfigKeys (ConfUtils.java:logGet(43)) - raft.server.log.force.sync.num = 128 (default)
2019-09-25 11:08:46,711 [pool-449-thread-1] INFO  server.RaftServerConfigKeys (ConfUtils.java:logGet(43)) - raft.server.log.statemachine.data.sync = true (default)
2019-09-25 11:08:46,711 [pool-449-thread-1] INFO  server.RaftServerConfigKeys (ConfUtils.java:logGet(43)) - raft.server.log.statemachine.data.sync.timeout = 10s (default)
2019-09-25 11:08:46,711 [pool-449-thread-1] INFO  server.RaftServerConfigKeys (ConfUtils.java:logGet(43)) - raft.server.log.statemachine.data.sync.timeout.retry = -1 (default)
2019-09-25 11:08:46,711 [pool-449-thread-1] INFO  server.RaftServerConfigKeys (ConfUtils.java:logGet(43)) - raft.server.log.statemachine.data.caching.enabled = true (custom)
2019-09-25 11:08:46,712 [pool-449-thread-1] INFO  segmented.SegmentedRaftLogWorker (SegmentedRaftLogWorker.java:lambda$new$0(132)) - d29a58f4-bb42-4b4c-aa2d-f4bca2ff5103@group-9C4F2D97FAF3-SegmentedRaftLogWorker: flushIndex: setUnconditionally 0 -> -1
2019-09-25 11:08:46,712 [pool-449-thread-1] INFO  server.RaftServerConfigKeys (ConfUtils.java:logGet(43)) - raft.server.snapshot.auto.trigger.enabled = true (custom)
2019-09-25 11:08:46,712 [pool-449-thread-1] INFO  server.RaftServerConfigKeys (ConfUtils.java:logGet(43)) - raft.server.snapshot.auto.trigger.threshold = 10000 (custom)
2019-09-25 11:08:46,712 [pool-449-thread-1] INFO  server.RaftServerConfigKeys (ConfUtils.java:logGet(43)) - raft.server.snapshot.retention.num.files = 5 (custom)
2019-09-25 11:08:46,712 [pool-449-thread-1] INFO  server.RaftServerConfigKeys (ConfUtils.java:logGet(43)) - raft.server.retrycache.expirytime = 600000ms (custom)
2019-09-25 11:08:46,713 [pool-449-thread-1] INFO  impl.RaftServerImpl (RaftServerImpl.java:start(185)) - d29a58f4-bb42-4b4c-aa2d-f4bca2ff5103@group-9C4F2D97FAF3: start as a follower, conf=-1: [d29a58f4-bb42-4b4c-aa2d-f4bca2ff5103:192.168.30.6:32888], old=null
2019-09-25 11:08:46,713 [pool-449-thread-1] INFO  impl.RaftServerImpl (RaftServerImpl.java:setRole(174)) - d29a58f4-bb42-4b4c-aa2d-f4bca2ff5103@group-9C4F2D97FAF3: changes role from      null to FOLLOWER at term 0 for startAsFollower
2019-09-25 11:08:46,713 [pool-449-thread-1] INFO  impl.RoleInfo (RoleInfo.java:updateAndGet(143)) - d29a58f4-bb42-4b4c-aa2d-f4bca2ff5103: start FollowerState
2019-09-25 11:08:46,713 [pool-449-thread-1] INFO  util.JmxRegister (JmxRegister.java:tryRegister(44)) - Successfully registered JMX Bean with object name Ratis:service=RaftServer,group=group-9C4F2D97FAF3,id=d29a58f4-bb42-4b4c-aa2d-f4bca2ff5103
2019-09-25 11:08:46,715 [RatisPipelineUtilsThread] INFO  pipeline.PipelineStateManager (PipelineStateManager.java:addPipeline(56)) - Created pipeline Pipeline[ Id: 02e2dfd0-31a9-41f5-b172-9c4f2d97faf3, Nodes: d29a58f4-bb42-4b4c-aa2d-f4bca2ff5103{ip: 192.168.30.6, host: pr-hdds-1569-5gmkr-4255264070, networkLocation: /default-rack, certSerialId: null}, Type:RATIS, Factor:ONE, State:OPEN]
2019-09-25 11:08:46,715 [RatisPipelineUtilsThread] INFO  pipeline.PipelinePlacementPolicy (PipelinePlacementPolicy.java:meetCriteria(91)) - Pipeline Placement: can't place more pipeline on heavy datanode： 3f6fc67d-8e3f-4380-bdc7-5834d28b5411 Heaviness: 6 limit: 5
2019-09-25 11:08:46,715 [RatisPipelineUtilsThread] INFO  pipeline.PipelinePlacementPolicy (PipelinePlacementPolicy.java:meetCriteria(91)) - Pipeline Placement: can't place more pipeline on heavy datanode： 77f2c583-4ee9-4410-825c-925985ec9618 Heaviness: 6 limit: 5
2019-09-25 11:08:46,715 [RatisPipelineUtilsThread] INFO  pipeline.PipelinePlacementPolicy (PipelinePlacementPolicy.java:meetCriteria(91)) - Pipeline Placement: can't place more pipeline on heavy datanode： 47e44219-9d14-4cb3-978d-901354c5ccca Heaviness: 6 limit: 5
2019-09-25 11:08:46,718 [grpc-default-executor-1] INFO  impl.RaftServerProxy (RaftServerProxy.java:addNew(89)) - 975b33e8-e2cc-4a40-852a-f9fd970783fd: addNew group-80A5B0F73212:[975b33e8-e2cc-4a40-852a-f9fd970783fd:192.168.30.6:37792] returns group-80A5B0F73212:java.util.concurrent.CompletableFuture@767065cf[Not completed]
2019-09-25 11:08:46,719 [pool-459-thread-1] INFO  impl.RaftServerImpl (RaftServerImpl.java:<init>(95)) - 975b33e8-e2cc-4a40-852a-f9fd970783fd: new RaftServerImpl for group-80A5B0F73212:[975b33e8-e2cc-4a40-852a-f9fd970783fd:192.168.30.6:37792] with ContainerStateMachine:uninitialized
2019-09-25 11:08:46,719 [pool-459-thread-1] INFO  server.RaftServerConfigKeys (ConfUtils.java:logGet(43)) - raft.server.rpc.timeout.min = 5s (custom)
2019-09-25 11:08:46,719 [pool-459-thread-1] INFO  server.RaftServerConfigKeys (ConfUtils.java:logGet(43)) - raft.server.rpc.timeout.max = 5200ms (custom)
2019-09-25 11:08:46,720 [pool-459-thread-1] INFO  server.RaftServerConfigKeys (ConfUtils.java:logGet(43)) - raft.server.rpcslowness.timeout = 120s (custom)
2019-09-25 11:08:46,720 [pool-459-thread-1] INFO  server.RaftServerConfigKeys (ConfUtils.java:logGet(43)) - raft.server.sleep.deviation.threshold = 300 (default)
2019-09-25 11:08:46,720 [pool-459-thread-1] INFO  server.RaftServerConfigKeys (ConfUtils.java:logGet(43)) - raft.server.log.appender.install.snapshot.enabled = false (custom)
2019-09-25 11:08:46,720 [pool-459-thread-1] INFO  impl.RaftServerImpl (ServerState.java:<init>(103)) - 975b33e8-e2cc-4a40-852a-f9fd970783fd@group-80A5B0F73212: ConfigurationManager, init=-1: [975b33e8-e2cc-4a40-852a-f9fd970783fd:192.168.30.6:37792], old=null, confs=<EMPTY_MAP>
2019-09-25 11:08:46,720 [pool-459-thread-1] INFO  server.RaftServerConfigKeys (ConfUtils.java:logGet(43)) - raft.server.storage.dir = [/workdir/hadoop-ozone/integration-test/target/test-dir/MiniOzoneClusterImpl-df822a65-554e-408c-8ca9-c8e2ba24269c/datanode-5/data/ratis] (custom)
2019-09-25 11:08:46,720 [pool-459-thread-1] INFO  storage.RaftStorageDirectory (RaftStorageDirectory.java:analyzeStorage(246)) - The storage directory /workdir/hadoop-ozone/integration-test/target/test-dir/MiniOzoneClusterImpl-df822a65-554e-408c-8ca9-c8e2ba24269c/datanode-5/data/ratis/f6977fbd-4641-423e-89c2-80a5b0f73212 does not exist. Creating ...
2019-09-25 11:08:46,733 [pool-459-thread-1] INFO  storage.RaftStorageDirectory (RaftStorageDirectory.java:tryLock(328)) - Lock on /workdir/hadoop-ozone/integration-test/target/test-dir/MiniOzoneClusterImpl-df822a65-554e-408c-8ca9-c8e2ba24269c/datanode-5/data/ratis/f6977fbd-4641-423e-89c2-80a5b0f73212/in_use.lock acquired by nodename 21763@pr-hdds-1569-5gmkr-4255264070
2019-09-25 11:08:46,746 [pool-459-thread-1] INFO  storage.RaftStorage (RaftStorage.java:format(72)) - Storage directory /workdir/hadoop-ozone/integration-test/target/test-dir/MiniOzoneClusterImpl-df822a65-554e-408c-8ca9-c8e2ba24269c/datanode-5/data/ratis/f6977fbd-4641-423e-89c2-80a5b0f73212 has been successfully formatted.
2019-09-25 11:08:46,746 [pool-459-thread-1] INFO  ratis.ContainerStateMachine (ContainerStateMachine.java:loadSnapshot(230)) - group-80A5B0F73212: The snapshot info is null. Setting the last applied indexto:(t:0, i:~)
2019-09-25 11:08:46,746 [pool-459-thread-1] INFO  server.RaftServerConfigKeys (ConfUtils.java:logGet(43)) - raft.server.notification.no-leader.timeout = 120s (custom)
2019-09-25 11:08:46,746 [pool-459-thread-1] INFO  server.RaftServerConfigKeys (ConfUtils.java:logGet(43)) - raft.server.log.use.memory = false (default)
2019-09-25 11:08:46,746 [pool-459-thread-1] INFO  server.RaftServerConfigKeys (ConfUtils.java:logGet(43)) - raft.server.log.purge.gap = 1000000 (custom)
2019-09-25 11:08:46,746 [pool-459-thread-1] INFO  server.RaftServerConfigKeys (ConfUtils.java:logGet(43)) - raft.server.log.appender.buffer.byte-limit = 33554432 (custom)
2019-09-25 11:08:46,746 [pool-459-thread-1] INFO  server.RaftServerConfigKeys (ConfUtils.java:logGet(43)) - raft.server.log.segment.size.max = 1048576 (custom)
2019-09-25 11:08:46,747 [pool-459-thread-1] INFO  server.RaftServerConfigKeys (ConfUtils.java:logGet(43)) - raft.server.log.segment.cache.num.max = 2 (custom)
2019-09-25 11:08:46,747 [pool-459-thread-1] INFO  segmented.SegmentedRaftLogWorker (SegmentedRaftLogWorker.java:<init>(172)) - new 975b33e8-e2cc-4a40-852a-f9fd970783fd@group-80A5B0F73212-SegmentedRaftLogWorker for RaftStorage:Storage Directory /workdir/hadoop-ozone/integration-test/target/test-dir/MiniOzoneClusterImpl-df822a65-554e-408c-8ca9-c8e2ba24269c/datanode-5/data/ratis/f6977fbd-4641-423e-89c2-80a5b0f73212
2019-09-25 11:08:46,747 [pool-459-thread-1] INFO  server.RaftServerConfigKeys (ConfUtils.java:logGet(43)) - raft.server.log.queue.byte-limit = 2147483647 (custom)
2019-09-25 11:08:46,747 [pool-459-thread-1] INFO  server.RaftServerConfigKeys (ConfUtils.java:logGet(43)) - raft.server.log.queue.element-limit = 1024 (custom)
2019-09-25 11:08:46,747 [pool-459-thread-1] INFO  server.RaftServerConfigKeys (ConfUtils.java:logGet(43)) - raft.server.log.segment.size.max = 1048576 (custom)
2019-09-25 11:08:46,747 [pool-459-thread-1] INFO  server.RaftServerConfigKeys (ConfUtils.java:logGet(43)) - raft.server.log.preallocated.size = 16384 (custom)
2019-09-25 11:08:46,747 [pool-459-thread-1] INFO  server.RaftServerConfigKeys (ConfUtils.java:logGet(43)) - raft.server.log.write.buffer.size = 33554432 (custom)
2019-09-25 11:08:46,747 [pool-459-thread-1] INFO  server.RaftServerConfigKeys (ConfUtils.java:logGet(43)) - raft.server.log.force.sync.num = 128 (default)
2019-09-25 11:08:46,748 [pool-459-thread-1] INFO  server.RaftServerConfigKeys (ConfUtils.java:logGet(43)) - raft.server.log.statemachine.data.sync = true (default)
2019-09-25 11:08:46,748 [pool-459-thread-1] INFO  server.RaftServerConfigKeys (ConfUtils.java:logGet(43)) - raft.server.log.statemachine.data.sync.timeout = 10s (default)
2019-09-25 11:08:46,748 [pool-459-thread-1] INFO  server.RaftServerConfigKeys (ConfUtils.java:logGet(43)) - raft.server.log.statemachine.data.sync.timeout.retry = -1 (default)
2019-09-25 11:08:46,748 [pool-459-thread-1] INFO  server.RaftServerConfigKeys (ConfUtils.java:logGet(43)) - raft.server.log.statemachine.data.caching.enabled = true (custom)
2019-09-25 11:08:46,748 [pool-459-thread-1] INFO  segmented.SegmentedRaftLogWorker (SegmentedRaftLogWorker.java:lambda$new$0(132)) - 975b33e8-e2cc-4a40-852a-f9fd970783fd@group-80A5B0F73212-SegmentedRaftLogWorker: flushIndex: setUnconditionally 0 -> -1
2019-09-25 11:08:46,748 [pool-459-thread-1] INFO  server.RaftServerConfigKeys (ConfUtils.java:logGet(43)) - raft.server.snapshot.auto.trigger.enabled = true (custom)
2019-09-25 11:08:46,749 [pool-459-thread-1] INFO  server.RaftServerConfigKeys (ConfUtils.java:logGet(43)) - raft.server.snapshot.auto.trigger.threshold = 10000 (custom)
2019-09-25 11:08:46,749 [pool-459-thread-1] INFO  server.RaftServerConfigKeys (ConfUtils.java:logGet(43)) - raft.server.snapshot.retention.num.files = 5 (custom)
2019-09-25 11:08:46,749 [pool-459-thread-1] INFO  server.RaftServerConfigKeys (ConfUtils.java:logGet(43)) - raft.server.retrycache.expirytime = 600000ms (custom)
2019-09-25 11:08:46,750 [pool-459-thread-1] INFO  impl.RaftServerImpl (RaftServerImpl.java:start(185)) - 975b33e8-e2cc-4a40-852a-f9fd970783fd@group-80A5B0F73212: start as a follower, conf=-1: [975b33e8-e2cc-4a40-852a-f9fd970783fd:192.168.30.6:37792], old=null
2019-09-25 11:08:46,750 [pool-459-thread-1] INFO  impl.RaftServerImpl (RaftServerImpl.java:setRole(174)) - 975b33e8-e2cc-4a40-852a-f9fd970783fd@group-80A5B0F73212: changes role from      null to FOLLOWER at term 0 for startAsFollower
2019-09-25 11:08:46,750 [pool-459-thread-1] INFO  impl.RoleInfo (RoleInfo.java:updateAndGet(143)) - 975b33e8-e2cc-4a40-852a-f9fd970783fd: start FollowerState
2019-09-25 11:08:46,751 [pool-459-thread-1] INFO  util.JmxRegister (JmxRegister.java:tryRegister(44)) - Successfully registered JMX Bean with object name Ratis:service=RaftServer,group=group-80A5B0F73212,id=975b33e8-e2cc-4a40-852a-f9fd970783fd
2019-09-25 11:08:46,752 [RatisPipelineUtilsThread] INFO  pipeline.PipelineStateManager (PipelineStateManager.java:addPipeline(56)) - Created pipeline Pipeline[ Id: f6977fbd-4641-423e-89c2-80a5b0f73212, Nodes: 975b33e8-e2cc-4a40-852a-f9fd970783fd{ip: 192.168.30.6, host: pr-hdds-1569-5gmkr-4255264070, networkLocation: /default-rack, certSerialId: null}, Type:RATIS, Factor:ONE, State:OPEN]
2019-09-25 11:08:46,753 [RatisPipelineUtilsThread] INFO  pipeline.PipelinePlacementPolicy (PipelinePlacementPolicy.java:meetCriteria(91)) - Pipeline Placement: can't place more pipeline on heavy datanode： 3f6fc67d-8e3f-4380-bdc7-5834d28b5411 Heaviness: 6 limit: 5
2019-09-25 11:08:46,753 [RatisPipelineUtilsThread] INFO  pipeline.PipelinePlacementPolicy (PipelinePlacementPolicy.java:meetCriteria(91)) - Pipeline Placement: can't place more pipeline on heavy datanode： 77f2c583-4ee9-4410-825c-925985ec9618 Heaviness: 6 limit: 5
2019-09-25 11:08:46,753 [RatisPipelineUtilsThread] INFO  pipeline.PipelinePlacementPolicy (PipelinePlacementPolicy.java:meetCriteria(91)) - Pipeline Placement: can't place more pipeline on heavy datanode： 47e44219-9d14-4cb3-978d-901354c5ccca Heaviness: 6 limit: 5
2019-09-25 11:08:46,755 [grpc-default-executor-1] INFO  impl.RaftServerProxy (RaftServerProxy.java:addNew(89)) - a910ee62-e7d5-4551-8567-f4bec92df57f: addNew group-332C6FD8EF44:[a910ee62-e7d5-4551-8567-f4bec92df57f:192.168.30.6:39441] returns group-332C6FD8EF44:java.util.concurrent.CompletableFuture@2b6b561d[Not completed]
2019-09-25 11:08:46,756 [pool-439-thread-1] INFO  impl.RaftServerImpl (RaftServerImpl.java:<init>(95)) - a910ee62-e7d5-4551-8567-f4bec92df57f: new RaftServerImpl for group-332C6FD8EF44:[a910ee62-e7d5-4551-8567-f4bec92df57f:192.168.30.6:39441] with ContainerStateMachine:uninitialized
2019-09-25 11:08:46,756 [pool-439-thread-1] INFO  server.RaftServerConfigKeys (ConfUtils.java:logGet(43)) - raft.server.rpc.timeout.min = 5s (custom)
2019-09-25 11:08:46,756 [pool-439-thread-1] INFO  server.RaftServerConfigKeys (ConfUtils.java:logGet(43)) - raft.server.rpc.timeout.max = 5200ms (custom)
2019-09-25 11:08:46,756 [pool-439-thread-1] INFO  server.RaftServerConfigKeys (ConfUtils.java:logGet(43)) - raft.server.rpcslowness.timeout = 120s (custom)
2019-09-25 11:08:46,756 [pool-439-thread-1] INFO  server.RaftServerConfigKeys (ConfUtils.java:logGet(43)) - raft.server.sleep.deviation.threshold = 300 (default)
2019-09-25 11:08:46,756 [pool-439-thread-1] INFO  server.RaftServerConfigKeys (ConfUtils.java:logGet(43)) - raft.server.log.appender.install.snapshot.enabled = false (custom)
2019-09-25 11:08:46,756 [pool-439-thread-1] INFO  impl.RaftServerImpl (ServerState.java:<init>(103)) - a910ee62-e7d5-4551-8567-f4bec92df57f@group-332C6FD8EF44: ConfigurationManager, init=-1: [a910ee62-e7d5-4551-8567-f4bec92df57f:192.168.30.6:39441], old=null, confs=<EMPTY_MAP>
2019-09-25 11:08:46,756 [pool-439-thread-1] INFO  server.RaftServerConfigKeys (ConfUtils.java:logGet(43)) - raft.server.storage.dir = [/workdir/hadoop-ozone/integration-test/target/test-dir/MiniOzoneClusterImpl-df822a65-554e-408c-8ca9-c8e2ba24269c/datanode-3/data/ratis] (custom)
2019-09-25 11:08:46,757 [pool-439-thread-1] INFO  storage.RaftStorageDirectory (RaftStorageDirectory.java:analyzeStorage(246)) - The storage directory /workdir/hadoop-ozone/integration-test/target/test-dir/MiniOzoneClusterImpl-df822a65-554e-408c-8ca9-c8e2ba24269c/datanode-3/data/ratis/c7cc6638-5d55-4ef2-aea2-332c6fd8ef44 does not exist. Creating ...
2019-09-25 11:08:46,769 [pool-439-thread-1] INFO  storage.RaftStorageDirectory (RaftStorageDirectory.java:tryLock(328)) - Lock on /workdir/hadoop-ozone/integration-test/target/test-dir/MiniOzoneClusterImpl-df822a65-554e-408c-8ca9-c8e2ba24269c/datanode-3/data/ratis/c7cc6638-5d55-4ef2-aea2-332c6fd8ef44/in_use.lock acquired by nodename 21763@pr-hdds-1569-5gmkr-4255264070
2019-09-25 11:08:46,772 [pool-439-thread-1] INFO  storage.RaftStorage (RaftStorage.java:format(72)) - Storage directory /workdir/hadoop-ozone/integration-test/target/test-dir/MiniOzoneClusterImpl-df822a65-554e-408c-8ca9-c8e2ba24269c/datanode-3/data/ratis/c7cc6638-5d55-4ef2-aea2-332c6fd8ef44 has been successfully formatted.
2019-09-25 11:08:46,772 [pool-439-thread-1] INFO  ratis.ContainerStateMachine (ContainerStateMachine.java:loadSnapshot(230)) - group-332C6FD8EF44: The snapshot info is null. Setting the last applied indexto:(t:0, i:~)
2019-09-25 11:08:46,772 [pool-439-thread-1] INFO  server.RaftServerConfigKeys (ConfUtils.java:logGet(43)) - raft.server.notification.no-leader.timeout = 120s (custom)
2019-09-25 11:08:46,772 [pool-439-thread-1] INFO  server.RaftServerConfigKeys (ConfUtils.java:logGet(43)) - raft.server.log.use.memory = false (default)
2019-09-25 11:08:46,772 [pool-439-thread-1] INFO  server.RaftServerConfigKeys (ConfUtils.java:logGet(43)) - raft.server.log.purge.gap = 1000000 (custom)
2019-09-25 11:08:46,773 [pool-439-thread-1] INFO  server.RaftServerConfigKeys (ConfUtils.java:logGet(43)) - raft.server.log.appender.buffer.byte-limit = 33554432 (custom)
2019-09-25 11:08:46,773 [pool-439-thread-1] INFO  server.RaftServerConfigKeys (ConfUtils.java:logGet(43)) - raft.server.log.segment.size.max = 1048576 (custom)
2019-09-25 11:08:46,773 [pool-439-thread-1] INFO  server.RaftServerConfigKeys (ConfUtils.java:logGet(43)) - raft.server.log.segment.cache.num.max = 2 (custom)
2019-09-25 11:08:46,773 [pool-439-thread-1] INFO  segmented.SegmentedRaftLogWorker (SegmentedRaftLogWorker.java:<init>(172)) - new a910ee62-e7d5-4551-8567-f4bec92df57f@group-332C6FD8EF44-SegmentedRaftLogWorker for RaftStorage:Storage Directory /workdir/hadoop-ozone/integration-test/target/test-dir/MiniOzoneClusterImpl-df822a65-554e-408c-8ca9-c8e2ba24269c/datanode-3/data/ratis/c7cc6638-5d55-4ef2-aea2-332c6fd8ef44
2019-09-25 11:08:46,773 [pool-439-thread-1] INFO  server.RaftServerConfigKeys (ConfUtils.java:logGet(43)) - raft.server.log.queue.byte-limit = 2147483647 (custom)
2019-09-25 11:08:46,773 [pool-439-thread-1] INFO  server.RaftServerConfigKeys (ConfUtils.java:logGet(43)) - raft.server.log.queue.element-limit = 1024 (custom)
2019-09-25 11:08:46,773 [pool-439-thread-1] INFO  server.RaftServerConfigKeys (ConfUtils.java:logGet(43)) - raft.server.log.segment.size.max = 1048576 (custom)
2019-09-25 11:08:46,773 [pool-439-thread-1] INFO  server.RaftServerConfigKeys (ConfUtils.java:logGet(43)) - raft.server.log.preallocated.size = 16384 (custom)
2019-09-25 11:08:46,773 [pool-439-thread-1] INFO  server.RaftServerConfigKeys (ConfUtils.java:logGet(43)) - raft.server.log.write.buffer.size = 33554432 (custom)
2019-09-25 11:08:46,773 [pool-439-thread-1] INFO  server.RaftServerConfigKeys (ConfUtils.java:logGet(43)) - raft.server.log.force.sync.num = 128 (default)
2019-09-25 11:08:46,773 [pool-439-thread-1] INFO  server.RaftServerConfigKeys (ConfUtils.java:logGet(43)) - raft.server.log.statemachine.data.sync = true (default)
2019-09-25 11:08:46,774 [pool-439-thread-1] INFO  server.RaftServerConfigKeys (ConfUtils.java:logGet(43)) - raft.server.log.statemachine.data.sync.timeout = 10s (default)
2019-09-25 11:08:46,774 [pool-439-thread-1] INFO  server.RaftServerConfigKeys (ConfUtils.java:logGet(43)) - raft.server.log.statemachine.data.sync.timeout.retry = -1 (default)
2019-09-25 11:08:46,774 [pool-439-thread-1] INFO  server.RaftServerConfigKeys (ConfUtils.java:logGet(43)) - raft.server.log.statemachine.data.caching.enabled = true (custom)
2019-09-25 11:08:46,774 [pool-439-thread-1] INFO  segmented.SegmentedRaftLogWorker (SegmentedRaftLogWorker.java:lambda$new$0(132)) - a910ee62-e7d5-4551-8567-f4bec92df57f@group-332C6FD8EF44-SegmentedRaftLogWorker: flushIndex: setUnconditionally 0 -> -1
2019-09-25 11:08:46,774 [pool-439-thread-1] INFO  server.RaftServerConfigKeys (ConfUtils.java:logGet(43)) - raft.server.snapshot.auto.trigger.enabled = true (custom)
2019-09-25 11:08:46,774 [pool-439-thread-1] INFO  server.RaftServerConfigKeys (ConfUtils.java:logGet(43)) - raft.server.snapshot.auto.trigger.threshold = 10000 (custom)
2019-09-25 11:08:46,774 [pool-439-thread-1] INFO  server.RaftServerConfigKeys (ConfUtils.java:logGet(43)) - raft.server.snapshot.retention.num.files = 5 (custom)
2019-09-25 11:08:46,774 [pool-439-thread-1] INFO  server.RaftServerConfigKeys (ConfUtils.java:logGet(43)) - raft.server.retrycache.expirytime = 600000ms (custom)
2019-09-25 11:08:46,775 [pool-439-thread-1] INFO  impl.RaftServerImpl (RaftServerImpl.java:start(185)) - a910ee62-e7d5-4551-8567-f4bec92df57f@group-332C6FD8EF44: start as a follower, conf=-1: [a910ee62-e7d5-4551-8567-f4bec92df57f:192.168.30.6:39441], old=null
2019-09-25 11:08:46,775 [pool-439-thread-1] INFO  impl.RaftServerImpl (RaftServerImpl.java:setRole(174)) - a910ee62-e7d5-4551-8567-f4bec92df57f@group-332C6FD8EF44: changes role from      null to FOLLOWER at term 0 for startAsFollower
2019-09-25 11:08:46,775 [pool-439-thread-1] INFO  impl.RoleInfo (RoleInfo.java:updateAndGet(143)) - a910ee62-e7d5-4551-8567-f4bec92df57f: start FollowerState
2019-09-25 11:08:46,776 [pool-439-thread-1] INFO  util.JmxRegister (JmxRegister.java:tryRegister(44)) - Successfully registered JMX Bean with object name Ratis:service=RaftServer,group=group-332C6FD8EF44,id=a910ee62-e7d5-4551-8567-f4bec92df57f
2019-09-25 11:08:46,777 [RatisPipelineUtilsThread] INFO  pipeline.PipelineStateManager (PipelineStateManager.java:addPipeline(56)) - Created pipeline Pipeline[ Id: c7cc6638-5d55-4ef2-aea2-332c6fd8ef44, Nodes: a910ee62-e7d5-4551-8567-f4bec92df57f{ip: 192.168.30.6, host: pr-hdds-1569-5gmkr-4255264070, networkLocation: /default-rack, certSerialId: null}, Type:RATIS, Factor:ONE, State:OPEN]
2019-09-25 11:08:46,777 [RatisPipelineUtilsThread] INFO  pipeline.PipelinePlacementPolicy (PipelinePlacementPolicy.java:meetCriteria(91)) - Pipeline Placement: can't place more pipeline on heavy datanode： 3f6fc67d-8e3f-4380-bdc7-5834d28b5411 Heaviness: 6 limit: 5
2019-09-25 11:08:46,777 [RatisPipelineUtilsThread] INFO  pipeline.PipelinePlacementPolicy (PipelinePlacementPolicy.java:meetCriteria(91)) - Pipeline Placement: can't place more pipeline on heavy datanode： 77f2c583-4ee9-4410-825c-925985ec9618 Heaviness: 6 limit: 5
2019-09-25 11:08:46,778 [RatisPipelineUtilsThread] INFO  pipeline.PipelinePlacementPolicy (PipelinePlacementPolicy.java:meetCriteria(91)) - Pipeline Placement: can't place more pipeline on heavy datanode： 47e44219-9d14-4cb3-978d-901354c5ccca Heaviness: 6 limit: 5
2019-09-25 11:08:46,778 [RatisPipelineUtilsThread] INFO  pipeline.PipelinePlacementPolicy (PipelinePlacementPolicy.java:meetCriteria(91)) - Pipeline Placement: can't place more pipeline on heavy datanode： a910ee62-e7d5-4551-8567-f4bec92df57f Heaviness: 6 limit: 5
2019-09-25 11:08:46,780 [grpc-default-executor-1] INFO  impl.RaftServerProxy (RaftServerProxy.java:addNew(89)) - d29a58f4-bb42-4b4c-aa2d-f4bca2ff5103: addNew group-39C2846B4811:[d29a58f4-bb42-4b4c-aa2d-f4bca2ff5103:192.168.30.6:32888] returns group-39C2846B4811:java.util.concurrent.CompletableFuture@3a20664a[Not completed]
2019-09-25 11:08:46,780 [pool-449-thread-1] INFO  impl.RaftServerImpl (RaftServerImpl.java:<init>(95)) - d29a58f4-bb42-4b4c-aa2d-f4bca2ff5103: new RaftServerImpl for group-39C2846B4811:[d29a58f4-bb42-4b4c-aa2d-f4bca2ff5103:192.168.30.6:32888] with ContainerStateMachine:uninitialized
2019-09-25 11:08:46,780 [pool-449-thread-1] INFO  server.RaftServerConfigKeys (ConfUtils.java:logGet(43)) - raft.server.rpc.timeout.min = 5s (custom)
2019-09-25 11:08:46,781 [pool-449-thread-1] INFO  server.RaftServerConfigKeys (ConfUtils.java:logGet(43)) - raft.server.rpc.timeout.max = 5200ms (custom)
2019-09-25 11:08:46,781 [pool-449-thread-1] INFO  server.RaftServerConfigKeys (ConfUtils.java:logGet(43)) - raft.server.rpcslowness.timeout = 120s (custom)
2019-09-25 11:08:46,781 [pool-449-thread-1] INFO  server.RaftServerConfigKeys (ConfUtils.java:logGet(43)) - raft.server.sleep.deviation.threshold = 300 (default)
2019-09-25 11:08:46,781 [pool-449-thread-1] INFO  server.RaftServerConfigKeys (ConfUtils.java:logGet(43)) - raft.server.log.appender.install.snapshot.enabled = false (custom)
2019-09-25 11:08:46,781 [pool-449-thread-1] INFO  impl.RaftServerImpl (ServerState.java:<init>(103)) - d29a58f4-bb42-4b4c-aa2d-f4bca2ff5103@group-39C2846B4811: ConfigurationManager, init=-1: [d29a58f4-bb42-4b4c-aa2d-f4bca2ff5103:192.168.30.6:32888], old=null, confs=<EMPTY_MAP>
2019-09-25 11:08:46,781 [pool-449-thread-1] INFO  server.RaftServerConfigKeys (ConfUtils.java:logGet(43)) - raft.server.storage.dir = [/workdir/hadoop-ozone/integration-test/target/test-dir/MiniOzoneClusterImpl-df822a65-554e-408c-8ca9-c8e2ba24269c/datanode-4/data/ratis] (custom)
2019-09-25 11:08:46,781 [pool-449-thread-1] INFO  storage.RaftStorageDirectory (RaftStorageDirectory.java:analyzeStorage(246)) - The storage directory /workdir/hadoop-ozone/integration-test/target/test-dir/MiniOzoneClusterImpl-df822a65-554e-408c-8ca9-c8e2ba24269c/datanode-4/data/ratis/e4865233-2828-431b-8253-39c2846b4811 does not exist. Creating ...
2019-09-25 11:08:46,784 [pool-449-thread-1] INFO  storage.RaftStorageDirectory (RaftStorageDirectory.java:tryLock(328)) - Lock on /workdir/hadoop-ozone/integration-test/target/test-dir/MiniOzoneClusterImpl-df822a65-554e-408c-8ca9-c8e2ba24269c/datanode-4/data/ratis/e4865233-2828-431b-8253-39c2846b4811/in_use.lock acquired by nodename 21763@pr-hdds-1569-5gmkr-4255264070
2019-09-25 11:08:46,787 [pool-449-thread-1] INFO  storage.RaftStorage (RaftStorage.java:format(72)) - Storage directory /workdir/hadoop-ozone/integration-test/target/test-dir/MiniOzoneClusterImpl-df822a65-554e-408c-8ca9-c8e2ba24269c/datanode-4/data/ratis/e4865233-2828-431b-8253-39c2846b4811 has been successfully formatted.
2019-09-25 11:08:46,787 [pool-449-thread-1] INFO  ratis.ContainerStateMachine (ContainerStateMachine.java:loadSnapshot(230)) - group-39C2846B4811: The snapshot info is null. Setting the last applied indexto:(t:0, i:~)
2019-09-25 11:08:46,787 [pool-449-thread-1] INFO  server.RaftServerConfigKeys (ConfUtils.java:logGet(43)) - raft.server.notification.no-leader.timeout = 120s (custom)
2019-09-25 11:08:46,787 [pool-449-thread-1] INFO  server.RaftServerConfigKeys (ConfUtils.java:logGet(43)) - raft.server.log.use.memory = false (default)
2019-09-25 11:08:46,787 [pool-449-thread-1] INFO  server.RaftServerConfigKeys (ConfUtils.java:logGet(43)) - raft.server.log.purge.gap = 1000000 (custom)
2019-09-25 11:08:46,787 [pool-449-thread-1] INFO  server.RaftServerConfigKeys (ConfUtils.java:logGet(43)) - raft.server.log.appender.buffer.byte-limit = 33554432 (custom)
2019-09-25 11:08:46,787 [pool-449-thread-1] INFO  server.RaftServerConfigKeys (ConfUtils.java:logGet(43)) - raft.server.log.segment.size.max = 1048576 (custom)
2019-09-25 11:08:46,788 [pool-449-thread-1] INFO  server.RaftServerConfigKeys (ConfUtils.java:logGet(43)) - raft.server.log.segment.cache.num.max = 2 (custom)
2019-09-25 11:08:46,788 [pool-449-thread-1] INFO  segmented.SegmentedRaftLogWorker (SegmentedRaftLogWorker.java:<init>(172)) - new d29a58f4-bb42-4b4c-aa2d-f4bca2ff5103@group-39C2846B4811-SegmentedRaftLogWorker for RaftStorage:Storage Directory /workdir/hadoop-ozone/integration-test/target/test-dir/MiniOzoneClusterImpl-df822a65-554e-408c-8ca9-c8e2ba24269c/datanode-4/data/ratis/e4865233-2828-431b-8253-39c2846b4811
2019-09-25 11:08:46,788 [pool-449-thread-1] INFO  server.RaftServerConfigKeys (ConfUtils.java:logGet(43)) - raft.server.log.queue.byte-limit = 2147483647 (custom)
2019-09-25 11:08:46,788 [pool-449-thread-1] INFO  server.RaftServerConfigKeys (ConfUtils.java:logGet(43)) - raft.server.log.queue.element-limit = 1024 (custom)
2019-09-25 11:08:46,788 [pool-449-thread-1] INFO  server.RaftServerConfigKeys (ConfUtils.java:logGet(43)) - raft.server.log.segment.size.max = 1048576 (custom)
2019-09-25 11:08:46,788 [pool-449-thread-1] INFO  server.RaftServerConfigKeys (ConfUtils.java:logGet(43)) - raft.server.log.preallocated.size = 16384 (custom)
2019-09-25 11:08:46,788 [pool-449-thread-1] INFO  server.RaftServerConfigKeys (ConfUtils.java:logGet(43)) - raft.server.log.write.buffer.size = 33554432 (custom)
2019-09-25 11:08:46,788 [pool-449-thread-1] INFO  server.RaftServerConfigKeys (ConfUtils.java:logGet(43)) - raft.server.log.force.sync.num = 128 (default)
2019-09-25 11:08:46,788 [pool-449-thread-1] INFO  server.RaftServerConfigKeys (ConfUtils.java:logGet(43)) - raft.server.log.statemachine.data.sync = true (default)
2019-09-25 11:08:46,788 [pool-449-thread-1] INFO  server.RaftServerConfigKeys (ConfUtils.java:logGet(43)) - raft.server.log.statemachine.data.sync.timeout = 10s (default)
2019-09-25 11:08:46,788 [pool-449-thread-1] INFO  server.RaftServerConfigKeys (ConfUtils.java:logGet(43)) - raft.server.log.statemachine.data.sync.timeout.retry = -1 (default)
2019-09-25 11:08:46,788 [pool-449-thread-1] INFO  server.RaftServerConfigKeys (ConfUtils.java:logGet(43)) - raft.server.log.statemachine.data.caching.enabled = true (custom)
2019-09-25 11:08:46,788 [pool-449-thread-1] INFO  segmented.SegmentedRaftLogWorker (SegmentedRaftLogWorker.java:lambda$new$0(132)) - d29a58f4-bb42-4b4c-aa2d-f4bca2ff5103@group-39C2846B4811-SegmentedRaftLogWorker: flushIndex: setUnconditionally 0 -> -1
2019-09-25 11:08:46,789 [pool-449-thread-1] INFO  server.RaftServerConfigKeys (ConfUtils.java:logGet(43)) - raft.server.snapshot.auto.trigger.enabled = true (custom)
2019-09-25 11:08:46,789 [pool-449-thread-1] INFO  server.RaftServerConfigKeys (ConfUtils.java:logGet(43)) - raft.server.snapshot.auto.trigger.threshold = 10000 (custom)
2019-09-25 11:08:46,789 [pool-449-thread-1] INFO  server.RaftServerConfigKeys (ConfUtils.java:logGet(43)) - raft.server.snapshot.retention.num.files = 5 (custom)
2019-09-25 11:08:46,789 [pool-449-thread-1] INFO  server.RaftServerConfigKeys (ConfUtils.java:logGet(43)) - raft.server.retrycache.expirytime = 600000ms (custom)
2019-09-25 11:08:46,791 [pool-449-thread-1] INFO  impl.RaftServerImpl (RaftServerImpl.java:start(185)) - d29a58f4-bb42-4b4c-aa2d-f4bca2ff5103@group-39C2846B4811: start as a follower, conf=-1: [d29a58f4-bb42-4b4c-aa2d-f4bca2ff5103:192.168.30.6:32888], old=null
2019-09-25 11:08:46,791 [pool-449-thread-1] INFO  impl.RaftServerImpl (RaftServerImpl.java:setRole(174)) - d29a58f4-bb42-4b4c-aa2d-f4bca2ff5103@group-39C2846B4811: changes role from      null to FOLLOWER at term 0 for startAsFollower
2019-09-25 11:08:46,791 [pool-449-thread-1] INFO  impl.RoleInfo (RoleInfo.java:updateAndGet(143)) - d29a58f4-bb42-4b4c-aa2d-f4bca2ff5103: start FollowerState
2019-09-25 11:08:46,791 [pool-449-thread-1] INFO  util.JmxRegister (JmxRegister.java:tryRegister(44)) - Successfully registered JMX Bean with object name Ratis:service=RaftServer,group=group-39C2846B4811,id=d29a58f4-bb42-4b4c-aa2d-f4bca2ff5103
2019-09-25 11:08:46,792 [RatisPipelineUtilsThread] INFO  pipeline.PipelineStateManager (PipelineStateManager.java:addPipeline(56)) - Created pipeline Pipeline[ Id: e4865233-2828-431b-8253-39c2846b4811, Nodes: d29a58f4-bb42-4b4c-aa2d-f4bca2ff5103{ip: 192.168.30.6, host: pr-hdds-1569-5gmkr-4255264070, networkLocation: /default-rack, certSerialId: null}, Type:RATIS, Factor:ONE, State:OPEN]
2019-09-25 11:08:46,793 [RatisPipelineUtilsThread] INFO  pipeline.PipelinePlacementPolicy (PipelinePlacementPolicy.java:meetCriteria(91)) - Pipeline Placement: can't place more pipeline on heavy datanode： 3f6fc67d-8e3f-4380-bdc7-5834d28b5411 Heaviness: 6 limit: 5
2019-09-25 11:08:46,793 [RatisPipelineUtilsThread] INFO  pipeline.PipelinePlacementPolicy (PipelinePlacementPolicy.java:meetCriteria(91)) - Pipeline Placement: can't place more pipeline on heavy datanode： 77f2c583-4ee9-4410-825c-925985ec9618 Heaviness: 6 limit: 5
2019-09-25 11:08:46,793 [RatisPipelineUtilsThread] INFO  pipeline.PipelinePlacementPolicy (PipelinePlacementPolicy.java:meetCriteria(91)) - Pipeline Placement: can't place more pipeline on heavy datanode： 47e44219-9d14-4cb3-978d-901354c5ccca Heaviness: 6 limit: 5
2019-09-25 11:08:46,793 [RatisPipelineUtilsThread] INFO  pipeline.PipelinePlacementPolicy (PipelinePlacementPolicy.java:meetCriteria(91)) - Pipeline Placement: can't place more pipeline on heavy datanode： a910ee62-e7d5-4551-8567-f4bec92df57f Heaviness: 6 limit: 5
2019-09-25 11:08:46,795 [grpc-default-executor-1] INFO  impl.RaftServerProxy (RaftServerProxy.java:addNew(89)) - d29a58f4-bb42-4b4c-aa2d-f4bca2ff5103: addNew group-3E1872C93BEE:[d29a58f4-bb42-4b4c-aa2d-f4bca2ff5103:192.168.30.6:32888] returns group-3E1872C93BEE:java.util.concurrent.CompletableFuture@9573e27[Not completed]
2019-09-25 11:08:46,796 [pool-449-thread-1] INFO  impl.RaftServerImpl (RaftServerImpl.java:<init>(95)) - d29a58f4-bb42-4b4c-aa2d-f4bca2ff5103: new RaftServerImpl for group-3E1872C93BEE:[d29a58f4-bb42-4b4c-aa2d-f4bca2ff5103:192.168.30.6:32888] with ContainerStateMachine:uninitialized
2019-09-25 11:08:46,796 [pool-449-thread-1] INFO  server.RaftServerConfigKeys (ConfUtils.java:logGet(43)) - raft.server.rpc.timeout.min = 5s (custom)
2019-09-25 11:08:46,796 [pool-449-thread-1] INFO  server.RaftServerConfigKeys (ConfUtils.java:logGet(43)) - raft.server.rpc.timeout.max = 5200ms (custom)
2019-09-25 11:08:46,796 [pool-449-thread-1] INFO  server.RaftServerConfigKeys (ConfUtils.java:logGet(43)) - raft.server.rpcslowness.timeout = 120s (custom)
2019-09-25 11:08:46,797 [pool-449-thread-1] INFO  server.RaftServerConfigKeys (ConfUtils.java:logGet(43)) - raft.server.sleep.deviation.threshold = 300 (default)
2019-09-25 11:08:46,797 [pool-449-thread-1] INFO  server.RaftServerConfigKeys (ConfUtils.java:logGet(43)) - raft.server.log.appender.install.snapshot.enabled = false (custom)
2019-09-25 11:08:46,797 [pool-449-thread-1] INFO  impl.RaftServerImpl (ServerState.java:<init>(103)) - d29a58f4-bb42-4b4c-aa2d-f4bca2ff5103@group-3E1872C93BEE: ConfigurationManager, init=-1: [d29a58f4-bb42-4b4c-aa2d-f4bca2ff5103:192.168.30.6:32888], old=null, confs=<EMPTY_MAP>
2019-09-25 11:08:46,797 [pool-449-thread-1] INFO  server.RaftServerConfigKeys (ConfUtils.java:logGet(43)) - raft.server.storage.dir = [/workdir/hadoop-ozone/integration-test/target/test-dir/MiniOzoneClusterImpl-df822a65-554e-408c-8ca9-c8e2ba24269c/datanode-4/data/ratis] (custom)
2019-09-25 11:08:46,797 [pool-449-thread-1] INFO  storage.RaftStorageDirectory (RaftStorageDirectory.java:analyzeStorage(246)) - The storage directory /workdir/hadoop-ozone/integration-test/target/test-dir/MiniOzoneClusterImpl-df822a65-554e-408c-8ca9-c8e2ba24269c/datanode-4/data/ratis/8225fa04-488f-4cd2-895a-3e1872c93bee does not exist. Creating ...
2019-09-25 11:08:46,807 [pool-449-thread-1] INFO  storage.RaftStorageDirectory (RaftStorageDirectory.java:tryLock(328)) - Lock on /workdir/hadoop-ozone/integration-test/target/test-dir/MiniOzoneClusterImpl-df822a65-554e-408c-8ca9-c8e2ba24269c/datanode-4/data/ratis/8225fa04-488f-4cd2-895a-3e1872c93bee/in_use.lock acquired by nodename 21763@pr-hdds-1569-5gmkr-4255264070
2019-09-25 11:08:46,819 [pool-449-thread-1] INFO  storage.RaftStorage (RaftStorage.java:format(72)) - Storage directory /workdir/hadoop-ozone/integration-test/target/test-dir/MiniOzoneClusterImpl-df822a65-554e-408c-8ca9-c8e2ba24269c/datanode-4/data/ratis/8225fa04-488f-4cd2-895a-3e1872c93bee has been successfully formatted.
2019-09-25 11:08:46,820 [pool-449-thread-1] INFO  ratis.ContainerStateMachine (ContainerStateMachine.java:loadSnapshot(230)) - group-3E1872C93BEE: The snapshot info is null. Setting the last applied indexto:(t:0, i:~)
2019-09-25 11:08:46,820 [pool-449-thread-1] INFO  server.RaftServerConfigKeys (ConfUtils.java:logGet(43)) - raft.server.notification.no-leader.timeout = 120s (custom)
2019-09-25 11:08:46,820 [pool-449-thread-1] INFO  server.RaftServerConfigKeys (ConfUtils.java:logGet(43)) - raft.server.log.use.memory = false (default)
2019-09-25 11:08:46,820 [pool-449-thread-1] INFO  server.RaftServerConfigKeys (ConfUtils.java:logGet(43)) - raft.server.log.purge.gap = 1000000 (custom)
2019-09-25 11:08:46,820 [pool-449-thread-1] INFO  server.RaftServerConfigKeys (ConfUtils.java:logGet(43)) - raft.server.log.appender.buffer.byte-limit = 33554432 (custom)
2019-09-25 11:08:46,820 [pool-449-thread-1] INFO  server.RaftServerConfigKeys (ConfUtils.java:logGet(43)) - raft.server.log.segment.size.max = 1048576 (custom)
2019-09-25 11:08:46,820 [pool-449-thread-1] INFO  server.RaftServerConfigKeys (ConfUtils.java:logGet(43)) - raft.server.log.segment.cache.num.max = 2 (custom)
2019-09-25 11:08:46,820 [pool-449-thread-1] INFO  segmented.SegmentedRaftLogWorker (SegmentedRaftLogWorker.java:<init>(172)) - new d29a58f4-bb42-4b4c-aa2d-f4bca2ff5103@group-3E1872C93BEE-SegmentedRaftLogWorker for RaftStorage:Storage Directory /workdir/hadoop-ozone/integration-test/target/test-dir/MiniOzoneClusterImpl-df822a65-554e-408c-8ca9-c8e2ba24269c/datanode-4/data/ratis/8225fa04-488f-4cd2-895a-3e1872c93bee
2019-09-25 11:08:46,820 [pool-449-thread-1] INFO  server.RaftServerConfigKeys (ConfUtils.java:logGet(43)) - raft.server.log.queue.byte-limit = 2147483647 (custom)
2019-09-25 11:08:46,821 [pool-449-thread-1] INFO  server.RaftServerConfigKeys (ConfUtils.java:logGet(43)) - raft.server.log.queue.element-limit = 1024 (custom)
2019-09-25 11:08:46,821 [pool-449-thread-1] INFO  server.RaftServerConfigKeys (ConfUtils.java:logGet(43)) - raft.server.log.segment.size.max = 1048576 (custom)
2019-09-25 11:08:46,821 [pool-449-thread-1] INFO  server.RaftServerConfigKeys (ConfUtils.java:logGet(43)) - raft.server.log.preallocated.size = 16384 (custom)
2019-09-25 11:08:46,821 [pool-449-thread-1] INFO  server.RaftServerConfigKeys (ConfUtils.java:logGet(43)) - raft.server.log.write.buffer.size = 33554432 (custom)
2019-09-25 11:08:46,821 [pool-449-thread-1] INFO  server.RaftServerConfigKeys (ConfUtils.java:logGet(43)) - raft.server.log.force.sync.num = 128 (default)
2019-09-25 11:08:46,821 [pool-449-thread-1] INFO  server.RaftServerConfigKeys (ConfUtils.java:logGet(43)) - raft.server.log.statemachine.data.sync = true (default)
2019-09-25 11:08:46,821 [pool-449-thread-1] INFO  server.RaftServerConfigKeys (ConfUtils.java:logGet(43)) - raft.server.log.statemachine.data.sync.timeout = 10s (default)
2019-09-25 11:08:46,821 [pool-449-thread-1] INFO  server.RaftServerConfigKeys (ConfUtils.java:logGet(43)) - raft.server.log.statemachine.data.sync.timeout.retry = -1 (default)
2019-09-25 11:08:46,821 [pool-449-thread-1] INFO  server.RaftServerConfigKeys (ConfUtils.java:logGet(43)) - raft.server.log.statemachine.data.caching.enabled = true (custom)
2019-09-25 11:08:46,822 [pool-449-thread-1] INFO  segmented.SegmentedRaftLogWorker (SegmentedRaftLogWorker.java:lambda$new$0(132)) - d29a58f4-bb42-4b4c-aa2d-f4bca2ff5103@group-3E1872C93BEE-SegmentedRaftLogWorker: flushIndex: setUnconditionally 0 -> -1
2019-09-25 11:08:46,822 [pool-449-thread-1] INFO  server.RaftServerConfigKeys (ConfUtils.java:logGet(43)) - raft.server.snapshot.auto.trigger.enabled = true (custom)
2019-09-25 11:08:46,822 [pool-449-thread-1] INFO  server.RaftServerConfigKeys (ConfUtils.java:logGet(43)) - raft.server.snapshot.auto.trigger.threshold = 10000 (custom)
2019-09-25 11:08:46,822 [pool-449-thread-1] INFO  server.RaftServerConfigKeys (ConfUtils.java:logGet(43)) - raft.server.snapshot.retention.num.files = 5 (custom)
2019-09-25 11:08:46,822 [pool-449-thread-1] INFO  server.RaftServerConfigKeys (ConfUtils.java:logGet(43)) - raft.server.retrycache.expirytime = 600000ms (custom)
2019-09-25 11:08:46,824 [pool-449-thread-1] INFO  impl.RaftServerImpl (RaftServerImpl.java:start(185)) - d29a58f4-bb42-4b4c-aa2d-f4bca2ff5103@group-3E1872C93BEE: start as a follower, conf=-1: [d29a58f4-bb42-4b4c-aa2d-f4bca2ff5103:192.168.30.6:32888], old=null
2019-09-25 11:08:46,824 [pool-449-thread-1] INFO  impl.RaftServerImpl (RaftServerImpl.java:setRole(174)) - d29a58f4-bb42-4b4c-aa2d-f4bca2ff5103@group-3E1872C93BEE: changes role from      null to FOLLOWER at term 0 for startAsFollower
2019-09-25 11:08:46,824 [pool-449-thread-1] INFO  impl.RoleInfo (RoleInfo.java:updateAndGet(143)) - d29a58f4-bb42-4b4c-aa2d-f4bca2ff5103: start FollowerState
2019-09-25 11:08:46,824 [pool-449-thread-1] INFO  util.JmxRegister (JmxRegister.java:tryRegister(44)) - Successfully registered JMX Bean with object name Ratis:service=RaftServer,group=group-3E1872C93BEE,id=d29a58f4-bb42-4b4c-aa2d-f4bca2ff5103
2019-09-25 11:08:46,826 [RatisPipelineUtilsThread] INFO  pipeline.PipelineStateManager (PipelineStateManager.java:addPipeline(56)) - Created pipeline Pipeline[ Id: 8225fa04-488f-4cd2-895a-3e1872c93bee, Nodes: d29a58f4-bb42-4b4c-aa2d-f4bca2ff5103{ip: 192.168.30.6, host: pr-hdds-1569-5gmkr-4255264070, networkLocation: /default-rack, certSerialId: null}, Type:RATIS, Factor:ONE, State:OPEN]
2019-09-25 11:08:46,826 [RatisPipelineUtilsThread] INFO  pipeline.PipelinePlacementPolicy (PipelinePlacementPolicy.java:meetCriteria(91)) - Pipeline Placement: can't place more pipeline on heavy datanode： 3f6fc67d-8e3f-4380-bdc7-5834d28b5411 Heaviness: 6 limit: 5
2019-09-25 11:08:46,826 [RatisPipelineUtilsThread] INFO  pipeline.PipelinePlacementPolicy (PipelinePlacementPolicy.java:meetCriteria(91)) - Pipeline Placement: can't place more pipeline on heavy datanode： 77f2c583-4ee9-4410-825c-925985ec9618 Heaviness: 6 limit: 5
2019-09-25 11:08:46,826 [RatisPipelineUtilsThread] INFO  pipeline.PipelinePlacementPolicy (PipelinePlacementPolicy.java:meetCriteria(91)) - Pipeline Placement: can't place more pipeline on heavy datanode： 47e44219-9d14-4cb3-978d-901354c5ccca Heaviness: 6 limit: 5
2019-09-25 11:08:46,827 [RatisPipelineUtilsThread] INFO  pipeline.PipelinePlacementPolicy (PipelinePlacementPolicy.java:meetCriteria(91)) - Pipeline Placement: can't place more pipeline on heavy datanode： a910ee62-e7d5-4551-8567-f4bec92df57f Heaviness: 6 limit: 5
2019-09-25 11:08:46,829 [grpc-default-executor-1] INFO  impl.RaftServerProxy (RaftServerProxy.java:addNew(89)) - d29a58f4-bb42-4b4c-aa2d-f4bca2ff5103: addNew group-861DA62AD06E:[d29a58f4-bb42-4b4c-aa2d-f4bca2ff5103:192.168.30.6:32888] returns group-861DA62AD06E:java.util.concurrent.CompletableFuture@26029409[Not completed]
2019-09-25 11:08:46,830 [pool-449-thread-1] INFO  impl.RaftServerImpl (RaftServerImpl.java:<init>(95)) - d29a58f4-bb42-4b4c-aa2d-f4bca2ff5103: new RaftServerImpl for group-861DA62AD06E:[d29a58f4-bb42-4b4c-aa2d-f4bca2ff5103:192.168.30.6:32888] with ContainerStateMachine:uninitialized
2019-09-25 11:08:46,830 [pool-449-thread-1] INFO  server.RaftServerConfigKeys (ConfUtils.java:logGet(43)) - raft.server.rpc.timeout.min = 5s (custom)
2019-09-25 11:08:46,830 [pool-449-thread-1] INFO  server.RaftServerConfigKeys (ConfUtils.java:logGet(43)) - raft.server.rpc.timeout.max = 5200ms (custom)
2019-09-25 11:08:46,830 [pool-449-thread-1] INFO  server.RaftServerConfigKeys (ConfUtils.java:logGet(43)) - raft.server.rpcslowness.timeout = 120s (custom)
2019-09-25 11:08:46,830 [pool-449-thread-1] INFO  server.RaftServerConfigKeys (ConfUtils.java:logGet(43)) - raft.server.sleep.deviation.threshold = 300 (default)
2019-09-25 11:08:46,830 [pool-449-thread-1] INFO  server.RaftServerConfigKeys (ConfUtils.java:logGet(43)) - raft.server.log.appender.install.snapshot.enabled = false (custom)
2019-09-25 11:08:46,830 [pool-449-thread-1] INFO  impl.RaftServerImpl (ServerState.java:<init>(103)) - d29a58f4-bb42-4b4c-aa2d-f4bca2ff5103@group-861DA62AD06E: ConfigurationManager, init=-1: [d29a58f4-bb42-4b4c-aa2d-f4bca2ff5103:192.168.30.6:32888], old=null, confs=<EMPTY_MAP>
2019-09-25 11:08:46,830 [pool-449-thread-1] INFO  server.RaftServerConfigKeys (ConfUtils.java:logGet(43)) - raft.server.storage.dir = [/workdir/hadoop-ozone/integration-test/target/test-dir/MiniOzoneClusterImpl-df822a65-554e-408c-8ca9-c8e2ba24269c/datanode-4/data/ratis] (custom)
2019-09-25 11:08:46,831 [pool-449-thread-1] INFO  storage.RaftStorageDirectory (RaftStorageDirectory.java:analyzeStorage(246)) - The storage directory /workdir/hadoop-ozone/integration-test/target/test-dir/MiniOzoneClusterImpl-df822a65-554e-408c-8ca9-c8e2ba24269c/datanode-4/data/ratis/1715e5ca-2803-4a39-b8db-861da62ad06e does not exist. Creating ...
2019-09-25 11:08:46,844 [pool-449-thread-1] INFO  storage.RaftStorageDirectory (RaftStorageDirectory.java:tryLock(328)) - Lock on /workdir/hadoop-ozone/integration-test/target/test-dir/MiniOzoneClusterImpl-df822a65-554e-408c-8ca9-c8e2ba24269c/datanode-4/data/ratis/1715e5ca-2803-4a39-b8db-861da62ad06e/in_use.lock acquired by nodename 21763@pr-hdds-1569-5gmkr-4255264070
2019-09-25 11:08:46,857 [pool-449-thread-1] INFO  storage.RaftStorage (RaftStorage.java:format(72)) - Storage directory /workdir/hadoop-ozone/integration-test/target/test-dir/MiniOzoneClusterImpl-df822a65-554e-408c-8ca9-c8e2ba24269c/datanode-4/data/ratis/1715e5ca-2803-4a39-b8db-861da62ad06e has been successfully formatted.
2019-09-25 11:08:46,857 [pool-449-thread-1] INFO  ratis.ContainerStateMachine (ContainerStateMachine.java:loadSnapshot(230)) - group-861DA62AD06E: The snapshot info is null. Setting the last applied indexto:(t:0, i:~)
2019-09-25 11:08:46,857 [pool-449-thread-1] INFO  server.RaftServerConfigKeys (ConfUtils.java:logGet(43)) - raft.server.notification.no-leader.timeout = 120s (custom)
2019-09-25 11:08:46,857 [pool-449-thread-1] INFO  server.RaftServerConfigKeys (ConfUtils.java:logGet(43)) - raft.server.log.use.memory = false (default)
2019-09-25 11:08:46,857 [pool-449-thread-1] INFO  server.RaftServerConfigKeys (ConfUtils.java:logGet(43)) - raft.server.log.purge.gap = 1000000 (custom)
2019-09-25 11:08:46,857 [pool-449-thread-1] INFO  server.RaftServerConfigKeys (ConfUtils.java:logGet(43)) - raft.server.log.appender.buffer.byte-limit = 33554432 (custom)
2019-09-25 11:08:46,858 [pool-449-thread-1] INFO  server.RaftServerConfigKeys (ConfUtils.java:logGet(43)) - raft.server.log.segment.size.max = 1048576 (custom)
2019-09-25 11:08:46,858 [pool-449-thread-1] INFO  server.RaftServerConfigKeys (ConfUtils.java:logGet(43)) - raft.server.log.segment.cache.num.max = 2 (custom)
2019-09-25 11:08:46,858 [pool-449-thread-1] INFO  segmented.SegmentedRaftLogWorker (SegmentedRaftLogWorker.java:<init>(172)) - new d29a58f4-bb42-4b4c-aa2d-f4bca2ff5103@group-861DA62AD06E-SegmentedRaftLogWorker for RaftStorage:Storage Directory /workdir/hadoop-ozone/integration-test/target/test-dir/MiniOzoneClusterImpl-df822a65-554e-408c-8ca9-c8e2ba24269c/datanode-4/data/ratis/1715e5ca-2803-4a39-b8db-861da62ad06e
2019-09-25 11:08:46,858 [pool-449-thread-1] INFO  server.RaftServerConfigKeys (ConfUtils.java:logGet(43)) - raft.server.log.queue.byte-limit = 2147483647 (custom)
2019-09-25 11:08:46,858 [pool-449-thread-1] INFO  server.RaftServerConfigKeys (ConfUtils.java:logGet(43)) - raft.server.log.queue.element-limit = 1024 (custom)
2019-09-25 11:08:46,858 [pool-449-thread-1] INFO  server.RaftServerConfigKeys (ConfUtils.java:logGet(43)) - raft.server.log.segment.size.max = 1048576 (custom)
2019-09-25 11:08:46,858 [pool-449-thread-1] INFO  server.RaftServerConfigKeys (ConfUtils.java:logGet(43)) - raft.server.log.preallocated.size = 16384 (custom)
2019-09-25 11:08:46,858 [pool-449-thread-1] INFO  server.RaftServerConfigKeys (ConfUtils.java:logGet(43)) - raft.server.log.write.buffer.size = 33554432 (custom)
2019-09-25 11:08:46,858 [pool-449-thread-1] INFO  server.RaftServerConfigKeys (ConfUtils.java:logGet(43)) - raft.server.log.force.sync.num = 128 (default)
2019-09-25 11:08:46,858 [pool-449-thread-1] INFO  server.RaftServerConfigKeys (ConfUtils.java:logGet(43)) - raft.server.log.statemachine.data.sync = true (default)
2019-09-25 11:08:46,859 [pool-449-thread-1] INFO  server.RaftServerConfigKeys (ConfUtils.java:logGet(43)) - raft.server.log.statemachine.data.sync.timeout = 10s (default)
2019-09-25 11:08:46,859 [pool-449-thread-1] INFO  server.RaftServerConfigKeys (ConfUtils.java:logGet(43)) - raft.server.log.statemachine.data.sync.timeout.retry = -1 (default)
2019-09-25 11:08:46,859 [pool-449-thread-1] INFO  server.RaftServerConfigKeys (ConfUtils.java:logGet(43)) - raft.server.log.statemachine.data.caching.enabled = true (custom)
2019-09-25 11:08:46,859 [pool-449-thread-1] INFO  segmented.SegmentedRaftLogWorker (SegmentedRaftLogWorker.java:lambda$new$0(132)) - d29a58f4-bb42-4b4c-aa2d-f4bca2ff5103@group-861DA62AD06E-SegmentedRaftLogWorker: flushIndex: setUnconditionally 0 -> -1
2019-09-25 11:08:46,859 [pool-449-thread-1] INFO  server.RaftServerConfigKeys (ConfUtils.java:logGet(43)) - raft.server.snapshot.auto.trigger.enabled = true (custom)
2019-09-25 11:08:46,859 [pool-449-thread-1] INFO  server.RaftServerConfigKeys (ConfUtils.java:logGet(43)) - raft.server.snapshot.auto.trigger.threshold = 10000 (custom)
2019-09-25 11:08:46,859 [pool-449-thread-1] INFO  server.RaftServerConfigKeys (ConfUtils.java:logGet(43)) - raft.server.snapshot.retention.num.files = 5 (custom)
2019-09-25 11:08:46,860 [pool-449-thread-1] INFO  server.RaftServerConfigKeys (ConfUtils.java:logGet(43)) - raft.server.retrycache.expirytime = 600000ms (custom)
2019-09-25 11:08:46,861 [pool-449-thread-1] INFO  impl.RaftServerImpl (RaftServerImpl.java:start(185)) - d29a58f4-bb42-4b4c-aa2d-f4bca2ff5103@group-861DA62AD06E: start as a follower, conf=-1: [d29a58f4-bb42-4b4c-aa2d-f4bca2ff5103:192.168.30.6:32888], old=null
2019-09-25 11:08:46,861 [pool-449-thread-1] INFO  impl.RaftServerImpl (RaftServerImpl.java:setRole(174)) - d29a58f4-bb42-4b4c-aa2d-f4bca2ff5103@group-861DA62AD06E: changes role from      null to FOLLOWER at term 0 for startAsFollower
2019-09-25 11:08:46,861 [pool-449-thread-1] INFO  impl.RoleInfo (RoleInfo.java:updateAndGet(143)) - d29a58f4-bb42-4b4c-aa2d-f4bca2ff5103: start FollowerState
2019-09-25 11:08:46,861 [pool-449-thread-1] INFO  util.JmxRegister (JmxRegister.java:tryRegister(44)) - Successfully registered JMX Bean with object name Ratis:service=RaftServer,group=group-861DA62AD06E,id=d29a58f4-bb42-4b4c-aa2d-f4bca2ff5103
2019-09-25 11:08:46,863 [RatisPipelineUtilsThread] INFO  pipeline.PipelineStateManager (PipelineStateManager.java:addPipeline(56)) - Created pipeline Pipeline[ Id: 1715e5ca-2803-4a39-b8db-861da62ad06e, Nodes: d29a58f4-bb42-4b4c-aa2d-f4bca2ff5103{ip: 192.168.30.6, host: pr-hdds-1569-5gmkr-4255264070, networkLocation: /default-rack, certSerialId: null}, Type:RATIS, Factor:ONE, State:OPEN]
2019-09-25 11:08:46,863 [RatisPipelineUtilsThread] INFO  pipeline.PipelinePlacementPolicy (PipelinePlacementPolicy.java:meetCriteria(91)) - Pipeline Placement: can't place more pipeline on heavy datanode： 3f6fc67d-8e3f-4380-bdc7-5834d28b5411 Heaviness: 6 limit: 5
2019-09-25 11:08:46,863 [RatisPipelineUtilsThread] INFO  pipeline.PipelinePlacementPolicy (PipelinePlacementPolicy.java:meetCriteria(91)) - Pipeline Placement: can't place more pipeline on heavy datanode： 77f2c583-4ee9-4410-825c-925985ec9618 Heaviness: 6 limit: 5
2019-09-25 11:08:46,863 [RatisPipelineUtilsThread] INFO  pipeline.PipelinePlacementPolicy (PipelinePlacementPolicy.java:meetCriteria(91)) - Pipeline Placement: can't place more pipeline on heavy datanode： 47e44219-9d14-4cb3-978d-901354c5ccca Heaviness: 6 limit: 5
2019-09-25 11:08:46,863 [RatisPipelineUtilsThread] INFO  pipeline.PipelinePlacementPolicy (PipelinePlacementPolicy.java:meetCriteria(91)) - Pipeline Placement: can't place more pipeline on heavy datanode： a910ee62-e7d5-4551-8567-f4bec92df57f Heaviness: 6 limit: 5
2019-09-25 11:08:46,866 [grpc-default-executor-1] INFO  impl.RaftServerProxy (RaftServerProxy.java:addNew(89)) - d29a58f4-bb42-4b4c-aa2d-f4bca2ff5103: addNew group-16B477642823:[d29a58f4-bb42-4b4c-aa2d-f4bca2ff5103:192.168.30.6:32888] returns group-16B477642823:java.util.concurrent.CompletableFuture@45f7376[Not completed]
2019-09-25 11:08:46,867 [pool-449-thread-1] INFO  impl.RaftServerImpl (RaftServerImpl.java:<init>(95)) - d29a58f4-bb42-4b4c-aa2d-f4bca2ff5103: new RaftServerImpl for group-16B477642823:[d29a58f4-bb42-4b4c-aa2d-f4bca2ff5103:192.168.30.6:32888] with ContainerStateMachine:uninitialized
2019-09-25 11:08:46,867 [pool-449-thread-1] INFO  server.RaftServerConfigKeys (ConfUtils.java:logGet(43)) - raft.server.rpc.timeout.min = 5s (custom)
2019-09-25 11:08:46,867 [pool-449-thread-1] INFO  server.RaftServerConfigKeys (ConfUtils.java:logGet(43)) - raft.server.rpc.timeout.max = 5200ms (custom)
2019-09-25 11:08:46,867 [pool-449-thread-1] INFO  server.RaftServerConfigKeys (ConfUtils.java:logGet(43)) - raft.server.rpcslowness.timeout = 120s (custom)
2019-09-25 11:08:46,867 [pool-449-thread-1] INFO  server.RaftServerConfigKeys (ConfUtils.java:logGet(43)) - raft.server.sleep.deviation.threshold = 300 (default)
2019-09-25 11:08:46,867 [pool-449-thread-1] INFO  server.RaftServerConfigKeys (ConfUtils.java:logGet(43)) - raft.server.log.appender.install.snapshot.enabled = false (custom)
2019-09-25 11:08:46,867 [pool-449-thread-1] INFO  impl.RaftServerImpl (ServerState.java:<init>(103)) - d29a58f4-bb42-4b4c-aa2d-f4bca2ff5103@group-16B477642823: ConfigurationManager, init=-1: [d29a58f4-bb42-4b4c-aa2d-f4bca2ff5103:192.168.30.6:32888], old=null, confs=<EMPTY_MAP>
2019-09-25 11:08:46,868 [pool-449-thread-1] INFO  server.RaftServerConfigKeys (ConfUtils.java:logGet(43)) - raft.server.storage.dir = [/workdir/hadoop-ozone/integration-test/target/test-dir/MiniOzoneClusterImpl-df822a65-554e-408c-8ca9-c8e2ba24269c/datanode-4/data/ratis] (custom)
2019-09-25 11:08:46,868 [pool-449-thread-1] INFO  storage.RaftStorageDirectory (RaftStorageDirectory.java:analyzeStorage(246)) - The storage directory /workdir/hadoop-ozone/integration-test/target/test-dir/MiniOzoneClusterImpl-df822a65-554e-408c-8ca9-c8e2ba24269c/datanode-4/data/ratis/f1627cb6-a36b-4a3e-a166-16b477642823 does not exist. Creating ...
2019-09-25 11:08:46,880 [pool-449-thread-1] INFO  storage.RaftStorageDirectory (RaftStorageDirectory.java:tryLock(328)) - Lock on /workdir/hadoop-ozone/integration-test/target/test-dir/MiniOzoneClusterImpl-df822a65-554e-408c-8ca9-c8e2ba24269c/datanode-4/data/ratis/f1627cb6-a36b-4a3e-a166-16b477642823/in_use.lock acquired by nodename 21763@pr-hdds-1569-5gmkr-4255264070
2019-09-25 11:08:46,893 [pool-449-thread-1] INFO  storage.RaftStorage (RaftStorage.java:format(72)) - Storage directory /workdir/hadoop-ozone/integration-test/target/test-dir/MiniOzoneClusterImpl-df822a65-554e-408c-8ca9-c8e2ba24269c/datanode-4/data/ratis/f1627cb6-a36b-4a3e-a166-16b477642823 has been successfully formatted.
2019-09-25 11:08:46,893 [pool-449-thread-1] INFO  ratis.ContainerStateMachine (ContainerStateMachine.java:loadSnapshot(230)) - group-16B477642823: The snapshot info is null. Setting the last applied indexto:(t:0, i:~)
2019-09-25 11:08:46,893 [pool-449-thread-1] INFO  server.RaftServerConfigKeys (ConfUtils.java:logGet(43)) - raft.server.notification.no-leader.timeout = 120s (custom)
2019-09-25 11:08:46,893 [pool-449-thread-1] INFO  server.RaftServerConfigKeys (ConfUtils.java:logGet(43)) - raft.server.log.use.memory = false (default)
2019-09-25 11:08:46,893 [pool-449-thread-1] INFO  server.RaftServerConfigKeys (ConfUtils.java:logGet(43)) - raft.server.log.purge.gap = 1000000 (custom)
2019-09-25 11:08:46,893 [pool-449-thread-1] INFO  server.RaftServerConfigKeys (ConfUtils.java:logGet(43)) - raft.server.log.appender.buffer.byte-limit = 33554432 (custom)
2019-09-25 11:08:46,893 [pool-449-thread-1] INFO  server.RaftServerConfigKeys (ConfUtils.java:logGet(43)) - raft.server.log.segment.size.max = 1048576 (custom)
2019-09-25 11:08:46,894 [pool-449-thread-1] INFO  server.RaftServerConfigKeys (ConfUtils.java:logGet(43)) - raft.server.log.segment.cache.num.max = 2 (custom)
2019-09-25 11:08:46,894 [pool-449-thread-1] INFO  segmented.SegmentedRaftLogWorker (SegmentedRaftLogWorker.java:<init>(172)) - new d29a58f4-bb42-4b4c-aa2d-f4bca2ff5103@group-16B477642823-SegmentedRaftLogWorker for RaftStorage:Storage Directory /workdir/hadoop-ozone/integration-test/target/test-dir/MiniOzoneClusterImpl-df822a65-554e-408c-8ca9-c8e2ba24269c/datanode-4/data/ratis/f1627cb6-a36b-4a3e-a166-16b477642823
2019-09-25 11:08:46,894 [pool-449-thread-1] INFO  server.RaftServerConfigKeys (ConfUtils.java:logGet(43)) - raft.server.log.queue.byte-limit = 2147483647 (custom)
2019-09-25 11:08:46,894 [pool-449-thread-1] INFO  server.RaftServerConfigKeys (ConfUtils.java:logGet(43)) - raft.server.log.queue.element-limit = 1024 (custom)
2019-09-25 11:08:46,894 [pool-449-thread-1] INFO  server.RaftServerConfigKeys (ConfUtils.java:logGet(43)) - raft.server.log.segment.size.max = 1048576 (custom)
2019-09-25 11:08:46,894 [pool-449-thread-1] INFO  server.RaftServerConfigKeys (ConfUtils.java:logGet(43)) - raft.server.log.preallocated.size = 16384 (custom)
2019-09-25 11:08:46,894 [pool-449-thread-1] INFO  server.RaftServerConfigKeys (ConfUtils.java:logGet(43)) - raft.server.log.write.buffer.size = 33554432 (custom)
2019-09-25 11:08:46,894 [pool-449-thread-1] INFO  server.RaftServerConfigKeys (ConfUtils.java:logGet(43)) - raft.server.log.force.sync.num = 128 (default)
2019-09-25 11:08:46,894 [pool-449-thread-1] INFO  server.RaftServerConfigKeys (ConfUtils.java:logGet(43)) - raft.server.log.statemachine.data.sync = true (default)
2019-09-25 11:08:46,894 [pool-449-thread-1] INFO  server.RaftServerConfigKeys (ConfUtils.java:logGet(43)) - raft.server.log.statemachine.data.sync.timeout = 10s (default)
2019-09-25 11:08:46,894 [pool-449-thread-1] INFO  server.RaftServerConfigKeys (ConfUtils.java:logGet(43)) - raft.server.log.statemachine.data.sync.timeout.retry = -1 (default)
2019-09-25 11:08:46,894 [pool-449-thread-1] INFO  server.RaftServerConfigKeys (ConfUtils.java:logGet(43)) - raft.server.log.statemachine.data.caching.enabled = true (custom)
2019-09-25 11:08:46,895 [pool-449-thread-1] INFO  segmented.SegmentedRaftLogWorker (SegmentedRaftLogWorker.java:lambda$new$0(132)) - d29a58f4-bb42-4b4c-aa2d-f4bca2ff5103@group-16B477642823-SegmentedRaftLogWorker: flushIndex: setUnconditionally 0 -> -1
2019-09-25 11:08:46,895 [pool-449-thread-1] INFO  server.RaftServerConfigKeys (ConfUtils.java:logGet(43)) - raft.server.snapshot.auto.trigger.enabled = true (custom)
2019-09-25 11:08:46,895 [pool-449-thread-1] INFO  server.RaftServerConfigKeys (ConfUtils.java:logGet(43)) - raft.server.snapshot.auto.trigger.threshold = 10000 (custom)
2019-09-25 11:08:46,895 [pool-449-thread-1] INFO  server.RaftServerConfigKeys (ConfUtils.java:logGet(43)) - raft.server.snapshot.retention.num.files = 5 (custom)
2019-09-25 11:08:46,895 [pool-449-thread-1] INFO  server.RaftServerConfigKeys (ConfUtils.java:logGet(43)) - raft.server.retrycache.expirytime = 600000ms (custom)
2019-09-25 11:08:46,896 [pool-449-thread-1] INFO  impl.RaftServerImpl (RaftServerImpl.java:start(185)) - d29a58f4-bb42-4b4c-aa2d-f4bca2ff5103@group-16B477642823: start as a follower, conf=-1: [d29a58f4-bb42-4b4c-aa2d-f4bca2ff5103:192.168.30.6:32888], old=null
2019-09-25 11:08:46,896 [pool-449-thread-1] INFO  impl.RaftServerImpl (RaftServerImpl.java:setRole(174)) - d29a58f4-bb42-4b4c-aa2d-f4bca2ff5103@group-16B477642823: changes role from      null to FOLLOWER at term 0 for startAsFollower
2019-09-25 11:08:46,896 [pool-449-thread-1] INFO  impl.RoleInfo (RoleInfo.java:updateAndGet(143)) - d29a58f4-bb42-4b4c-aa2d-f4bca2ff5103: start FollowerState
2019-09-25 11:08:46,896 [pool-449-thread-1] INFO  util.JmxRegister (JmxRegister.java:tryRegister(44)) - Successfully registered JMX Bean with object name Ratis:service=RaftServer,group=group-16B477642823,id=d29a58f4-bb42-4b4c-aa2d-f4bca2ff5103
2019-09-25 11:08:46,898 [RatisPipelineUtilsThread] INFO  pipeline.PipelineStateManager (PipelineStateManager.java:addPipeline(56)) - Created pipeline Pipeline[ Id: f1627cb6-a36b-4a3e-a166-16b477642823, Nodes: d29a58f4-bb42-4b4c-aa2d-f4bca2ff5103{ip: 192.168.30.6, host: pr-hdds-1569-5gmkr-4255264070, networkLocation: /default-rack, certSerialId: null}, Type:RATIS, Factor:ONE, State:OPEN]
2019-09-25 11:08:46,898 [RatisPipelineUtilsThread] INFO  pipeline.PipelinePlacementPolicy (PipelinePlacementPolicy.java:meetCriteria(91)) - Pipeline Placement: can't place more pipeline on heavy datanode： 3f6fc67d-8e3f-4380-bdc7-5834d28b5411 Heaviness: 6 limit: 5
2019-09-25 11:08:46,899 [RatisPipelineUtilsThread] INFO  pipeline.PipelinePlacementPolicy (PipelinePlacementPolicy.java:meetCriteria(91)) - Pipeline Placement: can't place more pipeline on heavy datanode： 77f2c583-4ee9-4410-825c-925985ec9618 Heaviness: 6 limit: 5
2019-09-25 11:08:46,899 [RatisPipelineUtilsThread] INFO  pipeline.PipelinePlacementPolicy (PipelinePlacementPolicy.java:meetCriteria(91)) - Pipeline Placement: can't place more pipeline on heavy datanode： 47e44219-9d14-4cb3-978d-901354c5ccca Heaviness: 6 limit: 5
2019-09-25 11:08:46,899 [RatisPipelineUtilsThread] INFO  pipeline.PipelinePlacementPolicy (PipelinePlacementPolicy.java:meetCriteria(91)) - Pipeline Placement: can't place more pipeline on heavy datanode： a910ee62-e7d5-4551-8567-f4bec92df57f Heaviness: 6 limit: 5
2019-09-25 11:08:46,902 [grpc-default-executor-1] INFO  impl.RaftServerProxy (RaftServerProxy.java:addNew(89)) - d29a58f4-bb42-4b4c-aa2d-f4bca2ff5103: addNew group-0B4648CEE00B:[d29a58f4-bb42-4b4c-aa2d-f4bca2ff5103:192.168.30.6:32888] returns group-0B4648CEE00B:java.util.concurrent.CompletableFuture@64a8014c[Not completed]
2019-09-25 11:08:46,903 [pool-449-thread-1] INFO  impl.RaftServerImpl (RaftServerImpl.java:<init>(95)) - d29a58f4-bb42-4b4c-aa2d-f4bca2ff5103: new RaftServerImpl for group-0B4648CEE00B:[d29a58f4-bb42-4b4c-aa2d-f4bca2ff5103:192.168.30.6:32888] with ContainerStateMachine:uninitialized
2019-09-25 11:08:46,903 [pool-449-thread-1] INFO  server.RaftServerConfigKeys (ConfUtils.java:logGet(43)) - raft.server.rpc.timeout.min = 5s (custom)
2019-09-25 11:08:46,903 [pool-449-thread-1] INFO  server.RaftServerConfigKeys (ConfUtils.java:logGet(43)) - raft.server.rpc.timeout.max = 5200ms (custom)
2019-09-25 11:08:46,903 [pool-449-thread-1] INFO  server.RaftServerConfigKeys (ConfUtils.java:logGet(43)) - raft.server.rpcslowness.timeout = 120s (custom)
2019-09-25 11:08:46,904 [pool-449-thread-1] INFO  server.RaftServerConfigKeys (ConfUtils.java:logGet(43)) - raft.server.sleep.deviation.threshold = 300 (default)
2019-09-25 11:08:46,904 [pool-449-thread-1] INFO  server.RaftServerConfigKeys (ConfUtils.java:logGet(43)) - raft.server.log.appender.install.snapshot.enabled = false (custom)
2019-09-25 11:08:46,904 [pool-449-thread-1] INFO  impl.RaftServerImpl (ServerState.java:<init>(103)) - d29a58f4-bb42-4b4c-aa2d-f4bca2ff5103@group-0B4648CEE00B: ConfigurationManager, init=-1: [d29a58f4-bb42-4b4c-aa2d-f4bca2ff5103:192.168.30.6:32888], old=null, confs=<EMPTY_MAP>
2019-09-25 11:08:46,904 [pool-449-thread-1] INFO  server.RaftServerConfigKeys (ConfUtils.java:logGet(43)) - raft.server.storage.dir = [/workdir/hadoop-ozone/integration-test/target/test-dir/MiniOzoneClusterImpl-df822a65-554e-408c-8ca9-c8e2ba24269c/datanode-4/data/ratis] (custom)
2019-09-25 11:08:46,904 [pool-449-thread-1] INFO  storage.RaftStorageDirectory (RaftStorageDirectory.java:analyzeStorage(246)) - The storage directory /workdir/hadoop-ozone/integration-test/target/test-dir/MiniOzoneClusterImpl-df822a65-554e-408c-8ca9-c8e2ba24269c/datanode-4/data/ratis/dd7713e1-65e0-4769-b501-0b4648cee00b does not exist. Creating ...
2019-09-25 11:08:46,917 [pool-449-thread-1] INFO  storage.RaftStorageDirectory (RaftStorageDirectory.java:tryLock(328)) - Lock on /workdir/hadoop-ozone/integration-test/target/test-dir/MiniOzoneClusterImpl-df822a65-554e-408c-8ca9-c8e2ba24269c/datanode-4/data/ratis/dd7713e1-65e0-4769-b501-0b4648cee00b/in_use.lock acquired by nodename 21763@pr-hdds-1569-5gmkr-4255264070
2019-09-25 11:08:46,929 [pool-449-thread-1] INFO  storage.RaftStorage (RaftStorage.java:format(72)) - Storage directory /workdir/hadoop-ozone/integration-test/target/test-dir/MiniOzoneClusterImpl-df822a65-554e-408c-8ca9-c8e2ba24269c/datanode-4/data/ratis/dd7713e1-65e0-4769-b501-0b4648cee00b has been successfully formatted.
2019-09-25 11:08:46,929 [pool-449-thread-1] INFO  ratis.ContainerStateMachine (ContainerStateMachine.java:loadSnapshot(230)) - group-0B4648CEE00B: The snapshot info is null. Setting the last applied indexto:(t:0, i:~)
2019-09-25 11:08:46,929 [pool-449-thread-1] INFO  server.RaftServerConfigKeys (ConfUtils.java:logGet(43)) - raft.server.notification.no-leader.timeout = 120s (custom)
2019-09-25 11:08:46,930 [pool-449-thread-1] INFO  server.RaftServerConfigKeys (ConfUtils.java:logGet(43)) - raft.server.log.use.memory = false (default)
2019-09-25 11:08:46,930 [pool-449-thread-1] INFO  server.RaftServerConfigKeys (ConfUtils.java:logGet(43)) - raft.server.log.purge.gap = 1000000 (custom)
2019-09-25 11:08:46,930 [pool-449-thread-1] INFO  server.RaftServerConfigKeys (ConfUtils.java:logGet(43)) - raft.server.log.appender.buffer.byte-limit = 33554432 (custom)
2019-09-25 11:08:46,930 [pool-449-thread-1] INFO  server.RaftServerConfigKeys (ConfUtils.java:logGet(43)) - raft.server.log.segment.size.max = 1048576 (custom)
2019-09-25 11:08:46,930 [pool-449-thread-1] INFO  server.RaftServerConfigKeys (ConfUtils.java:logGet(43)) - raft.server.log.segment.cache.num.max = 2 (custom)
2019-09-25 11:08:46,930 [pool-449-thread-1] INFO  segmented.SegmentedRaftLogWorker (SegmentedRaftLogWorker.java:<init>(172)) - new d29a58f4-bb42-4b4c-aa2d-f4bca2ff5103@group-0B4648CEE00B-SegmentedRaftLogWorker for RaftStorage:Storage Directory /workdir/hadoop-ozone/integration-test/target/test-dir/MiniOzoneClusterImpl-df822a65-554e-408c-8ca9-c8e2ba24269c/datanode-4/data/ratis/dd7713e1-65e0-4769-b501-0b4648cee00b
2019-09-25 11:08:46,930 [pool-449-thread-1] INFO  server.RaftServerConfigKeys (ConfUtils.java:logGet(43)) - raft.server.log.queue.byte-limit = 2147483647 (custom)
2019-09-25 11:08:46,931 [pool-449-thread-1] INFO  server.RaftServerConfigKeys (ConfUtils.java:logGet(43)) - raft.server.log.queue.element-limit = 1024 (custom)
2019-09-25 11:08:46,931 [pool-449-thread-1] INFO  server.RaftServerConfigKeys (ConfUtils.java:logGet(43)) - raft.server.log.segment.size.max = 1048576 (custom)
2019-09-25 11:08:46,931 [pool-449-thread-1] INFO  server.RaftServerConfigKeys (ConfUtils.java:logGet(43)) - raft.server.log.preallocated.size = 16384 (custom)
2019-09-25 11:08:46,931 [pool-449-thread-1] INFO  server.RaftServerConfigKeys (ConfUtils.java:logGet(43)) - raft.server.log.write.buffer.size = 33554432 (custom)
2019-09-25 11:08:46,931 [pool-449-thread-1] INFO  server.RaftServerConfigKeys (ConfUtils.java:logGet(43)) - raft.server.log.force.sync.num = 128 (default)
2019-09-25 11:08:46,931 [pool-449-thread-1] INFO  server.RaftServerConfigKeys (ConfUtils.java:logGet(43)) - raft.server.log.statemachine.data.sync = true (default)
2019-09-25 11:08:46,931 [pool-449-thread-1] INFO  server.RaftServerConfigKeys (ConfUtils.java:logGet(43)) - raft.server.log.statemachine.data.sync.timeout = 10s (default)
2019-09-25 11:08:46,931 [pool-449-thread-1] INFO  server.RaftServerConfigKeys (ConfUtils.java:logGet(43)) - raft.server.log.statemachine.data.sync.timeout.retry = -1 (default)
2019-09-25 11:08:46,932 [pool-449-thread-1] INFO  server.RaftServerConfigKeys (ConfUtils.java:logGet(43)) - raft.server.log.statemachine.data.caching.enabled = true (custom)
2019-09-25 11:08:46,932 [pool-449-thread-1] INFO  segmented.SegmentedRaftLogWorker (SegmentedRaftLogWorker.java:lambda$new$0(132)) - d29a58f4-bb42-4b4c-aa2d-f4bca2ff5103@group-0B4648CEE00B-SegmentedRaftLogWorker: flushIndex: setUnconditionally 0 -> -1
2019-09-25 11:08:46,932 [pool-449-thread-1] INFO  server.RaftServerConfigKeys (ConfUtils.java:logGet(43)) - raft.server.snapshot.auto.trigger.enabled = true (custom)
2019-09-25 11:08:46,932 [pool-449-thread-1] INFO  server.RaftServerConfigKeys (ConfUtils.java:logGet(43)) - raft.server.snapshot.auto.trigger.threshold = 10000 (custom)
2019-09-25 11:08:46,932 [pool-449-thread-1] INFO  server.RaftServerConfigKeys (ConfUtils.java:logGet(43)) - raft.server.snapshot.retention.num.files = 5 (custom)
2019-09-25 11:08:46,933 [pool-449-thread-1] INFO  server.RaftServerConfigKeys (ConfUtils.java:logGet(43)) - raft.server.retrycache.expirytime = 600000ms (custom)
2019-09-25 11:08:46,934 [pool-449-thread-1] INFO  impl.RaftServerImpl (RaftServerImpl.java:start(185)) - d29a58f4-bb42-4b4c-aa2d-f4bca2ff5103@group-0B4648CEE00B: start as a follower, conf=-1: [d29a58f4-bb42-4b4c-aa2d-f4bca2ff5103:192.168.30.6:32888], old=null
2019-09-25 11:08:46,934 [pool-449-thread-1] INFO  impl.RaftServerImpl (RaftServerImpl.java:setRole(174)) - d29a58f4-bb42-4b4c-aa2d-f4bca2ff5103@group-0B4648CEE00B: changes role from      null to FOLLOWER at term 0 for startAsFollower
2019-09-25 11:08:46,934 [pool-449-thread-1] INFO  impl.RoleInfo (RoleInfo.java:updateAndGet(143)) - d29a58f4-bb42-4b4c-aa2d-f4bca2ff5103: start FollowerState
2019-09-25 11:08:46,935 [pool-449-thread-1] INFO  util.JmxRegister (JmxRegister.java:tryRegister(44)) - Successfully registered JMX Bean with object name Ratis:service=RaftServer,group=group-0B4648CEE00B,id=d29a58f4-bb42-4b4c-aa2d-f4bca2ff5103
2019-09-25 11:08:46,936 [RatisPipelineUtilsThread] INFO  pipeline.PipelineStateManager (PipelineStateManager.java:addPipeline(56)) - Created pipeline Pipeline[ Id: dd7713e1-65e0-4769-b501-0b4648cee00b, Nodes: d29a58f4-bb42-4b4c-aa2d-f4bca2ff5103{ip: 192.168.30.6, host: pr-hdds-1569-5gmkr-4255264070, networkLocation: /default-rack, certSerialId: null}, Type:RATIS, Factor:ONE, State:OPEN]
2019-09-25 11:08:46,937 [RatisPipelineUtilsThread] INFO  pipeline.PipelinePlacementPolicy (PipelinePlacementPolicy.java:meetCriteria(91)) - Pipeline Placement: can't place more pipeline on heavy datanode： 3f6fc67d-8e3f-4380-bdc7-5834d28b5411 Heaviness: 6 limit: 5
2019-09-25 11:08:46,937 [RatisPipelineUtilsThread] INFO  pipeline.PipelinePlacementPolicy (PipelinePlacementPolicy.java:meetCriteria(91)) - Pipeline Placement: can't place more pipeline on heavy datanode： 77f2c583-4ee9-4410-825c-925985ec9618 Heaviness: 6 limit: 5
2019-09-25 11:08:46,937 [RatisPipelineUtilsThread] INFO  pipeline.PipelinePlacementPolicy (PipelinePlacementPolicy.java:meetCriteria(91)) - Pipeline Placement: can't place more pipeline on heavy datanode： 47e44219-9d14-4cb3-978d-901354c5ccca Heaviness: 6 limit: 5
2019-09-25 11:08:46,937 [RatisPipelineUtilsThread] INFO  pipeline.PipelinePlacementPolicy (PipelinePlacementPolicy.java:meetCriteria(91)) - Pipeline Placement: can't place more pipeline on heavy datanode： a910ee62-e7d5-4551-8567-f4bec92df57f Heaviness: 6 limit: 5
2019-09-25 11:08:46,937 [RatisPipelineUtilsThread] INFO  pipeline.PipelinePlacementPolicy (PipelinePlacementPolicy.java:meetCriteria(91)) - Pipeline Placement: can't place more pipeline on heavy datanode： d29a58f4-bb42-4b4c-aa2d-f4bca2ff5103 Heaviness: 6 limit: 5
2019-09-25 11:08:46,940 [grpc-default-executor-1] INFO  impl.RaftServerProxy (RaftServerProxy.java:addNew(89)) - 975b33e8-e2cc-4a40-852a-f9fd970783fd: addNew group-9BDC0A103475:[975b33e8-e2cc-4a40-852a-f9fd970783fd:192.168.30.6:37792] returns group-9BDC0A103475:java.util.concurrent.CompletableFuture@610e4bc1[Not completed]
2019-09-25 11:08:46,941 [pool-459-thread-1] INFO  impl.RaftServerImpl (RaftServerImpl.java:<init>(95)) - 975b33e8-e2cc-4a40-852a-f9fd970783fd: new RaftServerImpl for group-9BDC0A103475:[975b33e8-e2cc-4a40-852a-f9fd970783fd:192.168.30.6:37792] with ContainerStateMachine:uninitialized
2019-09-25 11:08:46,942 [pool-459-thread-1] INFO  server.RaftServerConfigKeys (ConfUtils.java:logGet(43)) - raft.server.rpc.timeout.min = 5s (custom)
2019-09-25 11:08:46,942 [pool-459-thread-1] INFO  server.RaftServerConfigKeys (ConfUtils.java:logGet(43)) - raft.server.rpc.timeout.max = 5200ms (custom)
2019-09-25 11:08:46,942 [pool-459-thread-1] INFO  server.RaftServerConfigKeys (ConfUtils.java:logGet(43)) - raft.server.rpcslowness.timeout = 120s (custom)
2019-09-25 11:08:46,942 [pool-459-thread-1] INFO  server.RaftServerConfigKeys (ConfUtils.java:logGet(43)) - raft.server.sleep.deviation.threshold = 300 (default)
2019-09-25 11:08:46,942 [pool-459-thread-1] INFO  server.RaftServerConfigKeys (ConfUtils.java:logGet(43)) - raft.server.log.appender.install.snapshot.enabled = false (custom)
2019-09-25 11:08:46,942 [pool-459-thread-1] INFO  impl.RaftServerImpl (ServerState.java:<init>(103)) - 975b33e8-e2cc-4a40-852a-f9fd970783fd@group-9BDC0A103475: ConfigurationManager, init=-1: [975b33e8-e2cc-4a40-852a-f9fd970783fd:192.168.30.6:37792], old=null, confs=<EMPTY_MAP>
2019-09-25 11:08:46,942 [pool-459-thread-1] INFO  server.RaftServerConfigKeys (ConfUtils.java:logGet(43)) - raft.server.storage.dir = [/workdir/hadoop-ozone/integration-test/target/test-dir/MiniOzoneClusterImpl-df822a65-554e-408c-8ca9-c8e2ba24269c/datanode-5/data/ratis] (custom)
2019-09-25 11:08:46,943 [pool-459-thread-1] INFO  storage.RaftStorageDirectory (RaftStorageDirectory.java:analyzeStorage(246)) - The storage directory /workdir/hadoop-ozone/integration-test/target/test-dir/MiniOzoneClusterImpl-df822a65-554e-408c-8ca9-c8e2ba24269c/datanode-5/data/ratis/06dd2815-6012-46ba-9e62-9bdc0a103475 does not exist. Creating ...
2019-09-25 11:08:46,955 [pool-459-thread-1] INFO  storage.RaftStorageDirectory (RaftStorageDirectory.java:tryLock(328)) - Lock on /workdir/hadoop-ozone/integration-test/target/test-dir/MiniOzoneClusterImpl-df822a65-554e-408c-8ca9-c8e2ba24269c/datanode-5/data/ratis/06dd2815-6012-46ba-9e62-9bdc0a103475/in_use.lock acquired by nodename 21763@pr-hdds-1569-5gmkr-4255264070
2019-09-25 11:08:46,967 [pool-459-thread-1] INFO  storage.RaftStorage (RaftStorage.java:format(72)) - Storage directory /workdir/hadoop-ozone/integration-test/target/test-dir/MiniOzoneClusterImpl-df822a65-554e-408c-8ca9-c8e2ba24269c/datanode-5/data/ratis/06dd2815-6012-46ba-9e62-9bdc0a103475 has been successfully formatted.
2019-09-25 11:08:46,967 [pool-459-thread-1] INFO  ratis.ContainerStateMachine (ContainerStateMachine.java:loadSnapshot(230)) - group-9BDC0A103475: The snapshot info is null. Setting the last applied indexto:(t:0, i:~)
2019-09-25 11:08:46,968 [pool-459-thread-1] INFO  server.RaftServerConfigKeys (ConfUtils.java:logGet(43)) - raft.server.notification.no-leader.timeout = 120s (custom)
2019-09-25 11:08:46,968 [pool-459-thread-1] INFO  server.RaftServerConfigKeys (ConfUtils.java:logGet(43)) - raft.server.log.use.memory = false (default)
2019-09-25 11:08:46,968 [pool-459-thread-1] INFO  server.RaftServerConfigKeys (ConfUtils.java:logGet(43)) - raft.server.log.purge.gap = 1000000 (custom)
2019-09-25 11:08:46,968 [pool-459-thread-1] INFO  server.RaftServerConfigKeys (ConfUtils.java:logGet(43)) - raft.server.log.appender.buffer.byte-limit = 33554432 (custom)
2019-09-25 11:08:46,968 [pool-459-thread-1] INFO  server.RaftServerConfigKeys (ConfUtils.java:logGet(43)) - raft.server.log.segment.size.max = 1048576 (custom)
2019-09-25 11:08:46,968 [pool-459-thread-1] INFO  server.RaftServerConfigKeys (ConfUtils.java:logGet(43)) - raft.server.log.segment.cache.num.max = 2 (custom)
2019-09-25 11:08:46,969 [pool-459-thread-1] INFO  segmented.SegmentedRaftLogWorker (SegmentedRaftLogWorker.java:<init>(172)) - new 975b33e8-e2cc-4a40-852a-f9fd970783fd@group-9BDC0A103475-SegmentedRaftLogWorker for RaftStorage:Storage Directory /workdir/hadoop-ozone/integration-test/target/test-dir/MiniOzoneClusterImpl-df822a65-554e-408c-8ca9-c8e2ba24269c/datanode-5/data/ratis/06dd2815-6012-46ba-9e62-9bdc0a103475
2019-09-25 11:08:46,969 [pool-459-thread-1] INFO  server.RaftServerConfigKeys (ConfUtils.java:logGet(43)) - raft.server.log.queue.byte-limit = 2147483647 (custom)
2019-09-25 11:08:46,969 [pool-459-thread-1] INFO  server.RaftServerConfigKeys (ConfUtils.java:logGet(43)) - raft.server.log.queue.element-limit = 1024 (custom)
2019-09-25 11:08:46,969 [pool-459-thread-1] INFO  server.RaftServerConfigKeys (ConfUtils.java:logGet(43)) - raft.server.log.segment.size.max = 1048576 (custom)
2019-09-25 11:08:46,969 [pool-459-thread-1] INFO  server.RaftServerConfigKeys (ConfUtils.java:logGet(43)) - raft.server.log.preallocated.size = 16384 (custom)
2019-09-25 11:08:46,969 [pool-459-thread-1] INFO  server.RaftServerConfigKeys (ConfUtils.java:logGet(43)) - raft.server.log.write.buffer.size = 33554432 (custom)
2019-09-25 11:08:46,969 [pool-459-thread-1] INFO  server.RaftServerConfigKeys (ConfUtils.java:logGet(43)) - raft.server.log.force.sync.num = 128 (default)
2019-09-25 11:08:46,969 [pool-459-thread-1] INFO  server.RaftServerConfigKeys (ConfUtils.java:logGet(43)) - raft.server.log.statemachine.data.sync = true (default)
2019-09-25 11:08:46,970 [pool-459-thread-1] INFO  server.RaftServerConfigKeys (ConfUtils.java:logGet(43)) - raft.server.log.statemachine.data.sync.timeout = 10s (default)
2019-09-25 11:08:46,970 [pool-459-thread-1] INFO  server.RaftServerConfigKeys (ConfUtils.java:logGet(43)) - raft.server.log.statemachine.data.sync.timeout.retry = -1 (default)
2019-09-25 11:08:46,970 [pool-459-thread-1] INFO  server.RaftServerConfigKeys (ConfUtils.java:logGet(43)) - raft.server.log.statemachine.data.caching.enabled = true (custom)
2019-09-25 11:08:46,970 [pool-459-thread-1] INFO  segmented.SegmentedRaftLogWorker (SegmentedRaftLogWorker.java:lambda$new$0(132)) - 975b33e8-e2cc-4a40-852a-f9fd970783fd@group-9BDC0A103475-SegmentedRaftLogWorker: flushIndex: setUnconditionally 0 -> -1
2019-09-25 11:08:46,971 [pool-459-thread-1] INFO  server.RaftServerConfigKeys (ConfUtils.java:logGet(43)) - raft.server.snapshot.auto.trigger.enabled = true (custom)
2019-09-25 11:08:46,971 [pool-459-thread-1] INFO  server.RaftServerConfigKeys (ConfUtils.java:logGet(43)) - raft.server.snapshot.auto.trigger.threshold = 10000 (custom)
2019-09-25 11:08:46,971 [pool-459-thread-1] INFO  server.RaftServerConfigKeys (ConfUtils.java:logGet(43)) - raft.server.snapshot.retention.num.files = 5 (custom)
2019-09-25 11:08:46,971 [pool-459-thread-1] INFO  server.RaftServerConfigKeys (ConfUtils.java:logGet(43)) - raft.server.retrycache.expirytime = 600000ms (custom)
2019-09-25 11:08:46,973 [pool-459-thread-1] INFO  impl.RaftServerImpl (RaftServerImpl.java:start(185)) - 975b33e8-e2cc-4a40-852a-f9fd970783fd@group-9BDC0A103475: start as a follower, conf=-1: [975b33e8-e2cc-4a40-852a-f9fd970783fd:192.168.30.6:37792], old=null
2019-09-25 11:08:46,973 [pool-459-thread-1] INFO  impl.RaftServerImpl (RaftServerImpl.java:setRole(174)) - 975b33e8-e2cc-4a40-852a-f9fd970783fd@group-9BDC0A103475: changes role from      null to FOLLOWER at term 0 for startAsFollower
2019-09-25 11:08:46,973 [pool-459-thread-1] INFO  impl.RoleInfo (RoleInfo.java:updateAndGet(143)) - 975b33e8-e2cc-4a40-852a-f9fd970783fd: start FollowerState
2019-09-25 11:08:46,973 [pool-459-thread-1] INFO  util.JmxRegister (JmxRegister.java:tryRegister(44)) - Successfully registered JMX Bean with object name Ratis:service=RaftServer,group=group-9BDC0A103475,id=975b33e8-e2cc-4a40-852a-f9fd970783fd
2019-09-25 11:08:46,975 [RatisPipelineUtilsThread] INFO  pipeline.PipelineStateManager (PipelineStateManager.java:addPipeline(56)) - Created pipeline Pipeline[ Id: 06dd2815-6012-46ba-9e62-9bdc0a103475, Nodes: 975b33e8-e2cc-4a40-852a-f9fd970783fd{ip: 192.168.30.6, host: pr-hdds-1569-5gmkr-4255264070, networkLocation: /default-rack, certSerialId: null}, Type:RATIS, Factor:ONE, State:OPEN]
2019-09-25 11:08:46,975 [RatisPipelineUtilsThread] INFO  pipeline.PipelinePlacementPolicy (PipelinePlacementPolicy.java:meetCriteria(91)) - Pipeline Placement: can't place more pipeline on heavy datanode： 3f6fc67d-8e3f-4380-bdc7-5834d28b5411 Heaviness: 6 limit: 5
2019-09-25 11:08:46,976 [RatisPipelineUtilsThread] INFO  pipeline.PipelinePlacementPolicy (PipelinePlacementPolicy.java:meetCriteria(91)) - Pipeline Placement: can't place more pipeline on heavy datanode： 77f2c583-4ee9-4410-825c-925985ec9618 Heaviness: 6 limit: 5
2019-09-25 11:08:46,976 [RatisPipelineUtilsThread] INFO  pipeline.PipelinePlacementPolicy (PipelinePlacementPolicy.java:meetCriteria(91)) - Pipeline Placement: can't place more pipeline on heavy datanode： 47e44219-9d14-4cb3-978d-901354c5ccca Heaviness: 6 limit: 5
2019-09-25 11:08:46,976 [RatisPipelineUtilsThread] INFO  pipeline.PipelinePlacementPolicy (PipelinePlacementPolicy.java:meetCriteria(91)) - Pipeline Placement: can't place more pipeline on heavy datanode： a910ee62-e7d5-4551-8567-f4bec92df57f Heaviness: 6 limit: 5
2019-09-25 11:08:46,976 [RatisPipelineUtilsThread] INFO  pipeline.PipelinePlacementPolicy (PipelinePlacementPolicy.java:meetCriteria(91)) - Pipeline Placement: can't place more pipeline on heavy datanode： d29a58f4-bb42-4b4c-aa2d-f4bca2ff5103 Heaviness: 6 limit: 5
2019-09-25 11:08:46,979 [grpc-default-executor-1] INFO  impl.RaftServerProxy (RaftServerProxy.java:addNew(89)) - 975b33e8-e2cc-4a40-852a-f9fd970783fd: addNew group-C4E9EB0A16BD:[975b33e8-e2cc-4a40-852a-f9fd970783fd:192.168.30.6:37792] returns group-C4E9EB0A16BD:java.util.concurrent.CompletableFuture@508f8d17[Not completed]
2019-09-25 11:08:46,980 [pool-459-thread-1] INFO  impl.RaftServerImpl (RaftServerImpl.java:<init>(95)) - 975b33e8-e2cc-4a40-852a-f9fd970783fd: new RaftServerImpl for group-C4E9EB0A16BD:[975b33e8-e2cc-4a40-852a-f9fd970783fd:192.168.30.6:37792] with ContainerStateMachine:uninitialized
2019-09-25 11:08:46,980 [pool-459-thread-1] INFO  server.RaftServerConfigKeys (ConfUtils.java:logGet(43)) - raft.server.rpc.timeout.min = 5s (custom)
2019-09-25 11:08:46,980 [pool-459-thread-1] INFO  server.RaftServerConfigKeys (ConfUtils.java:logGet(43)) - raft.server.rpc.timeout.max = 5200ms (custom)
2019-09-25 11:08:46,980 [pool-459-thread-1] INFO  server.RaftServerConfigKeys (ConfUtils.java:logGet(43)) - raft.server.rpcslowness.timeout = 120s (custom)
2019-09-25 11:08:46,980 [pool-459-thread-1] INFO  server.RaftServerConfigKeys (ConfUtils.java:logGet(43)) - raft.server.sleep.deviation.threshold = 300 (default)
2019-09-25 11:08:46,980 [pool-459-thread-1] INFO  server.RaftServerConfigKeys (ConfUtils.java:logGet(43)) - raft.server.log.appender.install.snapshot.enabled = false (custom)
2019-09-25 11:08:46,981 [pool-459-thread-1] INFO  impl.RaftServerImpl (ServerState.java:<init>(103)) - 975b33e8-e2cc-4a40-852a-f9fd970783fd@group-C4E9EB0A16BD: ConfigurationManager, init=-1: [975b33e8-e2cc-4a40-852a-f9fd970783fd:192.168.30.6:37792], old=null, confs=<EMPTY_MAP>
2019-09-25 11:08:46,981 [pool-459-thread-1] INFO  server.RaftServerConfigKeys (ConfUtils.java:logGet(43)) - raft.server.storage.dir = [/workdir/hadoop-ozone/integration-test/target/test-dir/MiniOzoneClusterImpl-df822a65-554e-408c-8ca9-c8e2ba24269c/datanode-5/data/ratis] (custom)
2019-09-25 11:08:46,981 [pool-459-thread-1] INFO  storage.RaftStorageDirectory (RaftStorageDirectory.java:analyzeStorage(246)) - The storage directory /workdir/hadoop-ozone/integration-test/target/test-dir/MiniOzoneClusterImpl-df822a65-554e-408c-8ca9-c8e2ba24269c/datanode-5/data/ratis/109a9015-c0d8-4e8e-a20f-c4e9eb0a16bd does not exist. Creating ...
2019-09-25 11:08:46,994 [pool-459-thread-1] INFO  storage.RaftStorageDirectory (RaftStorageDirectory.java:tryLock(328)) - Lock on /workdir/hadoop-ozone/integration-test/target/test-dir/MiniOzoneClusterImpl-df822a65-554e-408c-8ca9-c8e2ba24269c/datanode-5/data/ratis/109a9015-c0d8-4e8e-a20f-c4e9eb0a16bd/in_use.lock acquired by nodename 21763@pr-hdds-1569-5gmkr-4255264070
2019-09-25 11:08:47,006 [pool-459-thread-1] INFO  storage.RaftStorage (RaftStorage.java:format(72)) - Storage directory /workdir/hadoop-ozone/integration-test/target/test-dir/MiniOzoneClusterImpl-df822a65-554e-408c-8ca9-c8e2ba24269c/datanode-5/data/ratis/109a9015-c0d8-4e8e-a20f-c4e9eb0a16bd has been successfully formatted.
2019-09-25 11:08:47,007 [pool-459-thread-1] INFO  ratis.ContainerStateMachine (ContainerStateMachine.java:loadSnapshot(230)) - group-C4E9EB0A16BD: The snapshot info is null. Setting the last applied indexto:(t:0, i:~)
2019-09-25 11:08:47,007 [pool-459-thread-1] INFO  server.RaftServerConfigKeys (ConfUtils.java:logGet(43)) - raft.server.notification.no-leader.timeout = 120s (custom)
2019-09-25 11:08:47,007 [pool-459-thread-1] INFO  server.RaftServerConfigKeys (ConfUtils.java:logGet(43)) - raft.server.log.use.memory = false (default)
2019-09-25 11:08:47,007 [pool-459-thread-1] INFO  server.RaftServerConfigKeys (ConfUtils.java:logGet(43)) - raft.server.log.purge.gap = 1000000 (custom)
2019-09-25 11:08:47,007 [pool-459-thread-1] INFO  server.RaftServerConfigKeys (ConfUtils.java:logGet(43)) - raft.server.log.appender.buffer.byte-limit = 33554432 (custom)
2019-09-25 11:08:47,007 [pool-459-thread-1] INFO  server.RaftServerConfigKeys (ConfUtils.java:logGet(43)) - raft.server.log.segment.size.max = 1048576 (custom)
2019-09-25 11:08:47,008 [pool-459-thread-1] INFO  server.RaftServerConfigKeys (ConfUtils.java:logGet(43)) - raft.server.log.segment.cache.num.max = 2 (custom)
2019-09-25 11:08:47,008 [pool-459-thread-1] INFO  segmented.SegmentedRaftLogWorker (SegmentedRaftLogWorker.java:<init>(172)) - new 975b33e8-e2cc-4a40-852a-f9fd970783fd@group-C4E9EB0A16BD-SegmentedRaftLogWorker for RaftStorage:Storage Directory /workdir/hadoop-ozone/integration-test/target/test-dir/MiniOzoneClusterImpl-df822a65-554e-408c-8ca9-c8e2ba24269c/datanode-5/data/ratis/109a9015-c0d8-4e8e-a20f-c4e9eb0a16bd
2019-09-25 11:08:47,008 [pool-459-thread-1] INFO  server.RaftServerConfigKeys (ConfUtils.java:logGet(43)) - raft.server.log.queue.byte-limit = 2147483647 (custom)
2019-09-25 11:08:47,008 [pool-459-thread-1] INFO  server.RaftServerConfigKeys (ConfUtils.java:logGet(43)) - raft.server.log.queue.element-limit = 1024 (custom)
2019-09-25 11:08:47,008 [pool-459-thread-1] INFO  server.RaftServerConfigKeys (ConfUtils.java:logGet(43)) - raft.server.log.segment.size.max = 1048576 (custom)
2019-09-25 11:08:47,008 [pool-459-thread-1] INFO  server.RaftServerConfigKeys (ConfUtils.java:logGet(43)) - raft.server.log.preallocated.size = 16384 (custom)
2019-09-25 11:08:47,008 [pool-459-thread-1] INFO  server.RaftServerConfigKeys (ConfUtils.java:logGet(43)) - raft.server.log.write.buffer.size = 33554432 (custom)
2019-09-25 11:08:47,008 [pool-459-thread-1] INFO  server.RaftServerConfigKeys (ConfUtils.java:logGet(43)) - raft.server.log.force.sync.num = 128 (default)
2019-09-25 11:08:47,009 [pool-459-thread-1] INFO  server.RaftServerConfigKeys (ConfUtils.java:logGet(43)) - raft.server.log.statemachine.data.sync = true (default)
2019-09-25 11:08:47,009 [pool-459-thread-1] INFO  server.RaftServerConfigKeys (ConfUtils.java:logGet(43)) - raft.server.log.statemachine.data.sync.timeout = 10s (default)
2019-09-25 11:08:47,009 [pool-459-thread-1] INFO  server.RaftServerConfigKeys (ConfUtils.java:logGet(43)) - raft.server.log.statemachine.data.sync.timeout.retry = -1 (default)
2019-09-25 11:08:47,009 [pool-459-thread-1] INFO  server.RaftServerConfigKeys (ConfUtils.java:logGet(43)) - raft.server.log.statemachine.data.caching.enabled = true (custom)
2019-09-25 11:08:47,009 [pool-459-thread-1] INFO  segmented.SegmentedRaftLogWorker (SegmentedRaftLogWorker.java:lambda$new$0(132)) - 975b33e8-e2cc-4a40-852a-f9fd970783fd@group-C4E9EB0A16BD-SegmentedRaftLogWorker: flushIndex: setUnconditionally 0 -> -1
2019-09-25 11:08:47,009 [pool-459-thread-1] INFO  server.RaftServerConfigKeys (ConfUtils.java:logGet(43)) - raft.server.snapshot.auto.trigger.enabled = true (custom)
2019-09-25 11:08:47,010 [pool-459-thread-1] INFO  server.RaftServerConfigKeys (ConfUtils.java:logGet(43)) - raft.server.snapshot.auto.trigger.threshold = 10000 (custom)
2019-09-25 11:08:47,010 [pool-459-thread-1] INFO  server.RaftServerConfigKeys (ConfUtils.java:logGet(43)) - raft.server.snapshot.retention.num.files = 5 (custom)
2019-09-25 11:08:47,010 [pool-459-thread-1] INFO  server.RaftServerConfigKeys (ConfUtils.java:logGet(43)) - raft.server.retrycache.expirytime = 600000ms (custom)
2019-09-25 11:08:47,011 [pool-459-thread-1] INFO  impl.RaftServerImpl (RaftServerImpl.java:start(185)) - 975b33e8-e2cc-4a40-852a-f9fd970783fd@group-C4E9EB0A16BD: start as a follower, conf=-1: [975b33e8-e2cc-4a40-852a-f9fd970783fd:192.168.30.6:37792], old=null
2019-09-25 11:08:47,011 [pool-459-thread-1] INFO  impl.RaftServerImpl (RaftServerImpl.java:setRole(174)) - 975b33e8-e2cc-4a40-852a-f9fd970783fd@group-C4E9EB0A16BD: changes role from      null to FOLLOWER at term 0 for startAsFollower
2019-09-25 11:08:47,011 [pool-459-thread-1] INFO  impl.RoleInfo (RoleInfo.java:updateAndGet(143)) - 975b33e8-e2cc-4a40-852a-f9fd970783fd: start FollowerState
2019-09-25 11:08:47,012 [pool-459-thread-1] INFO  util.JmxRegister (JmxRegister.java:tryRegister(44)) - Successfully registered JMX Bean with object name Ratis:service=RaftServer,group=group-C4E9EB0A16BD,id=975b33e8-e2cc-4a40-852a-f9fd970783fd
2019-09-25 11:08:47,014 [RatisPipelineUtilsThread] INFO  pipeline.PipelineStateManager (PipelineStateManager.java:addPipeline(56)) - Created pipeline Pipeline[ Id: 109a9015-c0d8-4e8e-a20f-c4e9eb0a16bd, Nodes: 975b33e8-e2cc-4a40-852a-f9fd970783fd{ip: 192.168.30.6, host: pr-hdds-1569-5gmkr-4255264070, networkLocation: /default-rack, certSerialId: null}, Type:RATIS, Factor:ONE, State:OPEN]
2019-09-25 11:08:47,014 [RatisPipelineUtilsThread] INFO  pipeline.PipelinePlacementPolicy (PipelinePlacementPolicy.java:meetCriteria(91)) - Pipeline Placement: can't place more pipeline on heavy datanode： 3f6fc67d-8e3f-4380-bdc7-5834d28b5411 Heaviness: 6 limit: 5
2019-09-25 11:08:47,014 [RatisPipelineUtilsThread] INFO  pipeline.PipelinePlacementPolicy (PipelinePlacementPolicy.java:meetCriteria(91)) - Pipeline Placement: can't place more pipeline on heavy datanode： 77f2c583-4ee9-4410-825c-925985ec9618 Heaviness: 6 limit: 5
2019-09-25 11:08:47,014 [RatisPipelineUtilsThread] INFO  pipeline.PipelinePlacementPolicy (PipelinePlacementPolicy.java:meetCriteria(91)) - Pipeline Placement: can't place more pipeline on heavy datanode： 47e44219-9d14-4cb3-978d-901354c5ccca Heaviness: 6 limit: 5
2019-09-25 11:08:47,014 [RatisPipelineUtilsThread] INFO  pipeline.PipelinePlacementPolicy (PipelinePlacementPolicy.java:meetCriteria(91)) - Pipeline Placement: can't place more pipeline on heavy datanode： a910ee62-e7d5-4551-8567-f4bec92df57f Heaviness: 6 limit: 5
2019-09-25 11:08:47,014 [RatisPipelineUtilsThread] INFO  pipeline.PipelinePlacementPolicy (PipelinePlacementPolicy.java:meetCriteria(91)) - Pipeline Placement: can't place more pipeline on heavy datanode： d29a58f4-bb42-4b4c-aa2d-f4bca2ff5103 Heaviness: 6 limit: 5
2019-09-25 11:08:47,023 [grpc-default-executor-1] INFO  impl.RaftServerProxy (RaftServerProxy.java:addNew(89)) - 2d6a7948-ad77-4bf1-924a-02baaf7fc5b0: addNew group-966058FDFEE4:[2d6a7948-ad77-4bf1-924a-02baaf7fc5b0:192.168.30.6:36745] returns group-966058FDFEE4:java.util.concurrent.CompletableFuture@490205b2[Not completed]
2019-09-25 11:08:47,024 [pool-469-thread-1] INFO  impl.RaftServerImpl (RaftServerImpl.java:<init>(95)) - 2d6a7948-ad77-4bf1-924a-02baaf7fc5b0: new RaftServerImpl for group-966058FDFEE4:[2d6a7948-ad77-4bf1-924a-02baaf7fc5b0:192.168.30.6:36745] with ContainerStateMachine:uninitialized
2019-09-25 11:08:47,024 [pool-469-thread-1] INFO  server.RaftServerConfigKeys (ConfUtils.java:logGet(43)) - raft.server.rpc.timeout.min = 5s (custom)
2019-09-25 11:08:47,025 [pool-469-thread-1] INFO  server.RaftServerConfigKeys (ConfUtils.java:logGet(43)) - raft.server.rpc.timeout.max = 5200ms (custom)
2019-09-25 11:08:47,025 [pool-469-thread-1] INFO  server.RaftServerConfigKeys (ConfUtils.java:logGet(43)) - raft.server.rpcslowness.timeout = 120s (custom)
2019-09-25 11:08:47,025 [pool-469-thread-1] INFO  server.RaftServerConfigKeys (ConfUtils.java:logGet(43)) - raft.server.sleep.deviation.threshold = 300 (default)
2019-09-25 11:08:47,025 [pool-469-thread-1] INFO  server.RaftServerConfigKeys (ConfUtils.java:logGet(43)) - raft.server.log.appender.install.snapshot.enabled = false (custom)
2019-09-25 11:08:47,025 [pool-469-thread-1] INFO  impl.RaftServerImpl (ServerState.java:<init>(103)) - 2d6a7948-ad77-4bf1-924a-02baaf7fc5b0@group-966058FDFEE4: ConfigurationManager, init=-1: [2d6a7948-ad77-4bf1-924a-02baaf7fc5b0:192.168.30.6:36745], old=null, confs=<EMPTY_MAP>
2019-09-25 11:08:47,025 [pool-469-thread-1] INFO  server.RaftServerConfigKeys (ConfUtils.java:logGet(43)) - raft.server.storage.dir = [/workdir/hadoop-ozone/integration-test/target/test-dir/MiniOzoneClusterImpl-df822a65-554e-408c-8ca9-c8e2ba24269c/datanode-6/data/ratis] (custom)
2019-09-25 11:08:47,026 [pool-469-thread-1] INFO  storage.RaftStorageDirectory (RaftStorageDirectory.java:analyzeStorage(246)) - The storage directory /workdir/hadoop-ozone/integration-test/target/test-dir/MiniOzoneClusterImpl-df822a65-554e-408c-8ca9-c8e2ba24269c/datanode-6/data/ratis/28c68306-d575-494a-b7f1-966058fdfee4 does not exist. Creating ...
2019-09-25 11:08:47,038 [pool-469-thread-1] INFO  storage.RaftStorageDirectory (RaftStorageDirectory.java:tryLock(328)) - Lock on /workdir/hadoop-ozone/integration-test/target/test-dir/MiniOzoneClusterImpl-df822a65-554e-408c-8ca9-c8e2ba24269c/datanode-6/data/ratis/28c68306-d575-494a-b7f1-966058fdfee4/in_use.lock acquired by nodename 21763@pr-hdds-1569-5gmkr-4255264070
2019-09-25 11:08:47,081 [pool-469-thread-1] INFO  storage.RaftStorage (RaftStorage.java:format(72)) - Storage directory /workdir/hadoop-ozone/integration-test/target/test-dir/MiniOzoneClusterImpl-df822a65-554e-408c-8ca9-c8e2ba24269c/datanode-6/data/ratis/28c68306-d575-494a-b7f1-966058fdfee4 has been successfully formatted.
2019-09-25 11:08:47,082 [pool-469-thread-1] INFO  ratis.ContainerStateMachine (ContainerStateMachine.java:loadSnapshot(230)) - group-966058FDFEE4: The snapshot info is null. Setting the last applied indexto:(t:0, i:~)
2019-09-25 11:08:47,082 [pool-469-thread-1] INFO  server.RaftServerConfigKeys (ConfUtils.java:logGet(43)) - raft.server.notification.no-leader.timeout = 120s (custom)
2019-09-25 11:08:47,082 [pool-469-thread-1] INFO  server.RaftServerConfigKeys (ConfUtils.java:logGet(43)) - raft.server.log.use.memory = false (default)
2019-09-25 11:08:47,082 [pool-469-thread-1] INFO  server.RaftServerConfigKeys (ConfUtils.java:logGet(43)) - raft.server.log.purge.gap = 1000000 (custom)
2019-09-25 11:08:47,082 [pool-469-thread-1] INFO  server.RaftServerConfigKeys (ConfUtils.java:logGet(43)) - raft.server.log.appender.buffer.byte-limit = 33554432 (custom)
2019-09-25 11:08:47,082 [pool-469-thread-1] INFO  server.RaftServerConfigKeys (ConfUtils.java:logGet(43)) - raft.server.log.segment.size.max = 1048576 (custom)
2019-09-25 11:08:47,083 [pool-469-thread-1] INFO  server.RaftServerConfigKeys (ConfUtils.java:logGet(43)) - raft.server.log.segment.cache.num.max = 2 (custom)
2019-09-25 11:08:47,083 [pool-469-thread-1] INFO  segmented.SegmentedRaftLogWorker (SegmentedRaftLogWorker.java:<init>(172)) - new 2d6a7948-ad77-4bf1-924a-02baaf7fc5b0@group-966058FDFEE4-SegmentedRaftLogWorker for RaftStorage:Storage Directory /workdir/hadoop-ozone/integration-test/target/test-dir/MiniOzoneClusterImpl-df822a65-554e-408c-8ca9-c8e2ba24269c/datanode-6/data/ratis/28c68306-d575-494a-b7f1-966058fdfee4
2019-09-25 11:08:47,084 [pool-469-thread-1] INFO  server.RaftServerConfigKeys (ConfUtils.java:logGet(43)) - raft.server.log.queue.byte-limit = 2147483647 (custom)
2019-09-25 11:08:47,085 [pool-469-thread-1] INFO  server.RaftServerConfigKeys (ConfUtils.java:logGet(43)) - raft.server.log.queue.element-limit = 1024 (custom)
2019-09-25 11:08:47,085 [pool-469-thread-1] INFO  server.RaftServerConfigKeys (ConfUtils.java:logGet(43)) - raft.server.log.segment.size.max = 1048576 (custom)
2019-09-25 11:08:47,085 [pool-469-thread-1] INFO  server.RaftServerConfigKeys (ConfUtils.java:logGet(43)) - raft.server.log.preallocated.size = 16384 (custom)
2019-09-25 11:08:47,085 [pool-469-thread-1] INFO  server.RaftServerConfigKeys (ConfUtils.java:logGet(43)) - raft.server.log.write.buffer.size = 33554432 (custom)
2019-09-25 11:08:47,085 [pool-469-thread-1] INFO  server.RaftServerConfigKeys (ConfUtils.java:logGet(43)) - raft.server.log.force.sync.num = 128 (default)
2019-09-25 11:08:47,085 [pool-469-thread-1] INFO  server.RaftServerConfigKeys (ConfUtils.java:logGet(43)) - raft.server.log.statemachine.data.sync = true (default)
2019-09-25 11:08:47,085 [pool-469-thread-1] INFO  server.RaftServerConfigKeys (ConfUtils.java:logGet(43)) - raft.server.log.statemachine.data.sync.timeout = 10s (default)
2019-09-25 11:08:47,085 [pool-469-thread-1] INFO  server.RaftServerConfigKeys (ConfUtils.java:logGet(43)) - raft.server.log.statemachine.data.sync.timeout.retry = -1 (default)
2019-09-25 11:08:47,086 [pool-469-thread-1] INFO  server.RaftServerConfigKeys (ConfUtils.java:logGet(43)) - raft.server.log.statemachine.data.caching.enabled = true (custom)
2019-09-25 11:08:47,086 [pool-469-thread-1] INFO  segmented.SegmentedRaftLogWorker (SegmentedRaftLogWorker.java:lambda$new$0(132)) - 2d6a7948-ad77-4bf1-924a-02baaf7fc5b0@group-966058FDFEE4-SegmentedRaftLogWorker: flushIndex: setUnconditionally 0 -> -1
2019-09-25 11:08:47,086 [pool-469-thread-1] INFO  server.RaftServerConfigKeys (ConfUtils.java:logGet(43)) - raft.server.snapshot.auto.trigger.enabled = true (custom)
2019-09-25 11:08:47,086 [pool-469-thread-1] INFO  server.RaftServerConfigKeys (ConfUtils.java:logGet(43)) - raft.server.snapshot.auto.trigger.threshold = 10000 (custom)
2019-09-25 11:08:47,086 [pool-469-thread-1] INFO  server.RaftServerConfigKeys (ConfUtils.java:logGet(43)) - raft.server.snapshot.retention.num.files = 5 (custom)
2019-09-25 11:08:47,086 [pool-469-thread-1] INFO  server.RaftServerConfigKeys (ConfUtils.java:logGet(43)) - raft.server.retrycache.expirytime = 600000ms (custom)
2019-09-25 11:08:47,088 [pool-469-thread-1] INFO  impl.RaftServerImpl (RaftServerImpl.java:start(185)) - 2d6a7948-ad77-4bf1-924a-02baaf7fc5b0@group-966058FDFEE4: start as a follower, conf=-1: [2d6a7948-ad77-4bf1-924a-02baaf7fc5b0:192.168.30.6:36745], old=null
2019-09-25 11:08:47,088 [pool-469-thread-1] INFO  impl.RaftServerImpl (RaftServerImpl.java:setRole(174)) - 2d6a7948-ad77-4bf1-924a-02baaf7fc5b0@group-966058FDFEE4: changes role from      null to FOLLOWER at term 0 for startAsFollower
2019-09-25 11:08:47,088 [pool-469-thread-1] INFO  impl.RoleInfo (RoleInfo.java:updateAndGet(143)) - 2d6a7948-ad77-4bf1-924a-02baaf7fc5b0: start FollowerState
2019-09-25 11:08:47,088 [pool-469-thread-1] INFO  util.JmxRegister (JmxRegister.java:tryRegister(44)) - Successfully registered JMX Bean with object name Ratis:service=RaftServer,group=group-966058FDFEE4,id=2d6a7948-ad77-4bf1-924a-02baaf7fc5b0
2019-09-25 11:08:47,091 [RatisPipelineUtilsThread] INFO  pipeline.PipelineStateManager (PipelineStateManager.java:addPipeline(56)) - Created pipeline Pipeline[ Id: 28c68306-d575-494a-b7f1-966058fdfee4, Nodes: 2d6a7948-ad77-4bf1-924a-02baaf7fc5b0{ip: 192.168.30.6, host: pr-hdds-1569-5gmkr-4255264070, networkLocation: /default-rack, certSerialId: null}, Type:RATIS, Factor:ONE, State:OPEN]
2019-09-25 11:08:47,091 [RatisPipelineUtilsThread] INFO  pipeline.PipelinePlacementPolicy (PipelinePlacementPolicy.java:meetCriteria(91)) - Pipeline Placement: can't place more pipeline on heavy datanode： 3f6fc67d-8e3f-4380-bdc7-5834d28b5411 Heaviness: 6 limit: 5
2019-09-25 11:08:47,091 [RatisPipelineUtilsThread] INFO  pipeline.PipelinePlacementPolicy (PipelinePlacementPolicy.java:meetCriteria(91)) - Pipeline Placement: can't place more pipeline on heavy datanode： 77f2c583-4ee9-4410-825c-925985ec9618 Heaviness: 6 limit: 5
2019-09-25 11:08:47,091 [RatisPipelineUtilsThread] INFO  pipeline.PipelinePlacementPolicy (PipelinePlacementPolicy.java:meetCriteria(91)) - Pipeline Placement: can't place more pipeline on heavy datanode： 47e44219-9d14-4cb3-978d-901354c5ccca Heaviness: 6 limit: 5
2019-09-25 11:08:47,091 [RatisPipelineUtilsThread] INFO  pipeline.PipelinePlacementPolicy (PipelinePlacementPolicy.java:meetCriteria(91)) - Pipeline Placement: can't place more pipeline on heavy datanode： a910ee62-e7d5-4551-8567-f4bec92df57f Heaviness: 6 limit: 5
2019-09-25 11:08:47,091 [RatisPipelineUtilsThread] INFO  pipeline.PipelinePlacementPolicy (PipelinePlacementPolicy.java:meetCriteria(91)) - Pipeline Placement: can't place more pipeline on heavy datanode： d29a58f4-bb42-4b4c-aa2d-f4bca2ff5103 Heaviness: 6 limit: 5
2019-09-25 11:08:47,094 [grpc-default-executor-1] INFO  impl.RaftServerProxy (RaftServerProxy.java:addNew(89)) - 2d6a7948-ad77-4bf1-924a-02baaf7fc5b0: addNew group-30BD3325E419:[2d6a7948-ad77-4bf1-924a-02baaf7fc5b0:192.168.30.6:36745] returns group-30BD3325E419:java.util.concurrent.CompletableFuture@19c16e3a[Not completed]
2019-09-25 11:08:47,095 [pool-469-thread-1] INFO  impl.RaftServerImpl (RaftServerImpl.java:<init>(95)) - 2d6a7948-ad77-4bf1-924a-02baaf7fc5b0: new RaftServerImpl for group-30BD3325E419:[2d6a7948-ad77-4bf1-924a-02baaf7fc5b0:192.168.30.6:36745] with ContainerStateMachine:uninitialized
2019-09-25 11:08:47,095 [pool-469-thread-1] INFO  server.RaftServerConfigKeys (ConfUtils.java:logGet(43)) - raft.server.rpc.timeout.min = 5s (custom)
2019-09-25 11:08:47,095 [pool-469-thread-1] INFO  server.RaftServerConfigKeys (ConfUtils.java:logGet(43)) - raft.server.rpc.timeout.max = 5200ms (custom)
2019-09-25 11:08:47,096 [pool-469-thread-1] INFO  server.RaftServerConfigKeys (ConfUtils.java:logGet(43)) - raft.server.rpcslowness.timeout = 120s (custom)
2019-09-25 11:08:47,096 [pool-469-thread-1] INFO  server.RaftServerConfigKeys (ConfUtils.java:logGet(43)) - raft.server.sleep.deviation.threshold = 300 (default)
2019-09-25 11:08:47,096 [pool-469-thread-1] INFO  server.RaftServerConfigKeys (ConfUtils.java:logGet(43)) - raft.server.log.appender.install.snapshot.enabled = false (custom)
2019-09-25 11:08:47,096 [pool-469-thread-1] INFO  impl.RaftServerImpl (ServerState.java:<init>(103)) - 2d6a7948-ad77-4bf1-924a-02baaf7fc5b0@group-30BD3325E419: ConfigurationManager, init=-1: [2d6a7948-ad77-4bf1-924a-02baaf7fc5b0:192.168.30.6:36745], old=null, confs=<EMPTY_MAP>
2019-09-25 11:08:47,096 [pool-469-thread-1] INFO  server.RaftServerConfigKeys (ConfUtils.java:logGet(43)) - raft.server.storage.dir = [/workdir/hadoop-ozone/integration-test/target/test-dir/MiniOzoneClusterImpl-df822a65-554e-408c-8ca9-c8e2ba24269c/datanode-6/data/ratis] (custom)
2019-09-25 11:08:47,096 [pool-469-thread-1] INFO  storage.RaftStorageDirectory (RaftStorageDirectory.java:analyzeStorage(246)) - The storage directory /workdir/hadoop-ozone/integration-test/target/test-dir/MiniOzoneClusterImpl-df822a65-554e-408c-8ca9-c8e2ba24269c/datanode-6/data/ratis/18846414-13d3-4504-9fa4-30bd3325e419 does not exist. Creating ...
2019-09-25 11:08:47,110 [pool-469-thread-1] INFO  storage.RaftStorageDirectory (RaftStorageDirectory.java:tryLock(328)) - Lock on /workdir/hadoop-ozone/integration-test/target/test-dir/MiniOzoneClusterImpl-df822a65-554e-408c-8ca9-c8e2ba24269c/datanode-6/data/ratis/18846414-13d3-4504-9fa4-30bd3325e419/in_use.lock acquired by nodename 21763@pr-hdds-1569-5gmkr-4255264070
2019-09-25 11:08:47,124 [pool-469-thread-1] INFO  storage.RaftStorage (RaftStorage.java:format(72)) - Storage directory /workdir/hadoop-ozone/integration-test/target/test-dir/MiniOzoneClusterImpl-df822a65-554e-408c-8ca9-c8e2ba24269c/datanode-6/data/ratis/18846414-13d3-4504-9fa4-30bd3325e419 has been successfully formatted.
2019-09-25 11:08:47,124 [pool-469-thread-1] INFO  ratis.ContainerStateMachine (ContainerStateMachine.java:loadSnapshot(230)) - group-30BD3325E419: The snapshot info is null. Setting the last applied indexto:(t:0, i:~)
2019-09-25 11:08:47,124 [pool-469-thread-1] INFO  server.RaftServerConfigKeys (ConfUtils.java:logGet(43)) - raft.server.notification.no-leader.timeout = 120s (custom)
2019-09-25 11:08:47,124 [pool-469-thread-1] INFO  server.RaftServerConfigKeys (ConfUtils.java:logGet(43)) - raft.server.log.use.memory = false (default)
2019-09-25 11:08:47,124 [pool-469-thread-1] INFO  server.RaftServerConfigKeys (ConfUtils.java:logGet(43)) - raft.server.log.purge.gap = 1000000 (custom)
2019-09-25 11:08:47,124 [pool-469-thread-1] INFO  server.RaftServerConfigKeys (ConfUtils.java:logGet(43)) - raft.server.log.appender.buffer.byte-limit = 33554432 (custom)
2019-09-25 11:08:47,124 [pool-469-thread-1] INFO  server.RaftServerConfigKeys (ConfUtils.java:logGet(43)) - raft.server.log.segment.size.max = 1048576 (custom)
2019-09-25 11:08:47,124 [pool-469-thread-1] INFO  server.RaftServerConfigKeys (ConfUtils.java:logGet(43)) - raft.server.log.segment.cache.num.max = 2 (custom)
2019-09-25 11:08:47,125 [pool-469-thread-1] INFO  segmented.SegmentedRaftLogWorker (SegmentedRaftLogWorker.java:<init>(172)) - new 2d6a7948-ad77-4bf1-924a-02baaf7fc5b0@group-30BD3325E419-SegmentedRaftLogWorker for RaftStorage:Storage Directory /workdir/hadoop-ozone/integration-test/target/test-dir/MiniOzoneClusterImpl-df822a65-554e-408c-8ca9-c8e2ba24269c/datanode-6/data/ratis/18846414-13d3-4504-9fa4-30bd3325e419
2019-09-25 11:08:47,125 [pool-469-thread-1] INFO  server.RaftServerConfigKeys (ConfUtils.java:logGet(43)) - raft.server.log.queue.byte-limit = 2147483647 (custom)
2019-09-25 11:08:47,125 [pool-469-thread-1] INFO  server.RaftServerConfigKeys (ConfUtils.java:logGet(43)) - raft.server.log.queue.element-limit = 1024 (custom)
2019-09-25 11:08:47,125 [pool-469-thread-1] INFO  server.RaftServerConfigKeys (ConfUtils.java:logGet(43)) - raft.server.log.segment.size.max = 1048576 (custom)
2019-09-25 11:08:47,125 [pool-469-thread-1] INFO  server.RaftServerConfigKeys (ConfUtils.java:logGet(43)) - raft.server.log.preallocated.size = 16384 (custom)
2019-09-25 11:08:47,125 [pool-469-thread-1] INFO  server.RaftServerConfigKeys (ConfUtils.java:logGet(43)) - raft.server.log.write.buffer.size = 33554432 (custom)
2019-09-25 11:08:47,125 [pool-469-thread-1] INFO  server.RaftServerConfigKeys (ConfUtils.java:logGet(43)) - raft.server.log.force.sync.num = 128 (default)
2019-09-25 11:08:47,125 [pool-469-thread-1] INFO  server.RaftServerConfigKeys (ConfUtils.java:logGet(43)) - raft.server.log.statemachine.data.sync = true (default)
2019-09-25 11:08:47,125 [pool-469-thread-1] INFO  server.RaftServerConfigKeys (ConfUtils.java:logGet(43)) - raft.server.log.statemachine.data.sync.timeout = 10s (default)
2019-09-25 11:08:47,125 [pool-469-thread-1] INFO  server.RaftServerConfigKeys (ConfUtils.java:logGet(43)) - raft.server.log.statemachine.data.sync.timeout.retry = -1 (default)
2019-09-25 11:08:47,126 [pool-469-thread-1] INFO  server.RaftServerConfigKeys (ConfUtils.java:logGet(43)) - raft.server.log.statemachine.data.caching.enabled = true (custom)
2019-09-25 11:08:47,126 [pool-469-thread-1] INFO  segmented.SegmentedRaftLogWorker (SegmentedRaftLogWorker.java:lambda$new$0(132)) - 2d6a7948-ad77-4bf1-924a-02baaf7fc5b0@group-30BD3325E419-SegmentedRaftLogWorker: flushIndex: setUnconditionally 0 -> -1
2019-09-25 11:08:47,126 [pool-469-thread-1] INFO  server.RaftServerConfigKeys (ConfUtils.java:logGet(43)) - raft.server.snapshot.auto.trigger.enabled = true (custom)
2019-09-25 11:08:47,126 [pool-469-thread-1] INFO  server.RaftServerConfigKeys (ConfUtils.java:logGet(43)) - raft.server.snapshot.auto.trigger.threshold = 10000 (custom)
2019-09-25 11:08:47,126 [pool-469-thread-1] INFO  server.RaftServerConfigKeys (ConfUtils.java:logGet(43)) - raft.server.snapshot.retention.num.files = 5 (custom)
2019-09-25 11:08:47,126 [pool-469-thread-1] INFO  server.RaftServerConfigKeys (ConfUtils.java:logGet(43)) - raft.server.retrycache.expirytime = 600000ms (custom)
2019-09-25 11:08:47,127 [pool-469-thread-1] INFO  impl.RaftServerImpl (RaftServerImpl.java:start(185)) - 2d6a7948-ad77-4bf1-924a-02baaf7fc5b0@group-30BD3325E419: start as a follower, conf=-1: [2d6a7948-ad77-4bf1-924a-02baaf7fc5b0:192.168.30.6:36745], old=null
2019-09-25 11:08:47,127 [pool-469-thread-1] INFO  impl.RaftServerImpl (RaftServerImpl.java:setRole(174)) - 2d6a7948-ad77-4bf1-924a-02baaf7fc5b0@group-30BD3325E419: changes role from      null to FOLLOWER at term 0 for startAsFollower
2019-09-25 11:08:47,128 [pool-469-thread-1] INFO  impl.RoleInfo (RoleInfo.java:updateAndGet(143)) - 2d6a7948-ad77-4bf1-924a-02baaf7fc5b0: start FollowerState
2019-09-25 11:08:47,128 [pool-469-thread-1] INFO  util.JmxRegister (JmxRegister.java:tryRegister(44)) - Successfully registered JMX Bean with object name Ratis:service=RaftServer,group=group-30BD3325E419,id=2d6a7948-ad77-4bf1-924a-02baaf7fc5b0
2019-09-25 11:08:47,130 [RatisPipelineUtilsThread] INFO  pipeline.PipelineStateManager (PipelineStateManager.java:addPipeline(56)) - Created pipeline Pipeline[ Id: 18846414-13d3-4504-9fa4-30bd3325e419, Nodes: 2d6a7948-ad77-4bf1-924a-02baaf7fc5b0{ip: 192.168.30.6, host: pr-hdds-1569-5gmkr-4255264070, networkLocation: /default-rack, certSerialId: null}, Type:RATIS, Factor:ONE, State:OPEN]
2019-09-25 11:08:47,130 [RatisPipelineUtilsThread] INFO  pipeline.PipelinePlacementPolicy (PipelinePlacementPolicy.java:meetCriteria(91)) - Pipeline Placement: can't place more pipeline on heavy datanode： 3f6fc67d-8e3f-4380-bdc7-5834d28b5411 Heaviness: 6 limit: 5
2019-09-25 11:08:47,130 [RatisPipelineUtilsThread] INFO  pipeline.PipelinePlacementPolicy (PipelinePlacementPolicy.java:meetCriteria(91)) - Pipeline Placement: can't place more pipeline on heavy datanode： 77f2c583-4ee9-4410-825c-925985ec9618 Heaviness: 6 limit: 5
2019-09-25 11:08:47,130 [RatisPipelineUtilsThread] INFO  pipeline.PipelinePlacementPolicy (PipelinePlacementPolicy.java:meetCriteria(91)) - Pipeline Placement: can't place more pipeline on heavy datanode： 47e44219-9d14-4cb3-978d-901354c5ccca Heaviness: 6 limit: 5
2019-09-25 11:08:47,130 [RatisPipelineUtilsThread] INFO  pipeline.PipelinePlacementPolicy (PipelinePlacementPolicy.java:meetCriteria(91)) - Pipeline Placement: can't place more pipeline on heavy datanode： a910ee62-e7d5-4551-8567-f4bec92df57f Heaviness: 6 limit: 5
2019-09-25 11:08:47,130 [RatisPipelineUtilsThread] INFO  pipeline.PipelinePlacementPolicy (PipelinePlacementPolicy.java:meetCriteria(91)) - Pipeline Placement: can't place more pipeline on heavy datanode： d29a58f4-bb42-4b4c-aa2d-f4bca2ff5103 Heaviness: 6 limit: 5
2019-09-25 11:08:47,133 [grpc-default-executor-1] INFO  impl.RaftServerProxy (RaftServerProxy.java:addNew(89)) - 2d6a7948-ad77-4bf1-924a-02baaf7fc5b0: addNew group-B69DFD773A05:[2d6a7948-ad77-4bf1-924a-02baaf7fc5b0:192.168.30.6:36745] returns group-B69DFD773A05:java.util.concurrent.CompletableFuture@378fb23a[Not completed]
2019-09-25 11:08:47,133 [pool-469-thread-1] INFO  impl.RaftServerImpl (RaftServerImpl.java:<init>(95)) - 2d6a7948-ad77-4bf1-924a-02baaf7fc5b0: new RaftServerImpl for group-B69DFD773A05:[2d6a7948-ad77-4bf1-924a-02baaf7fc5b0:192.168.30.6:36745] with ContainerStateMachine:uninitialized
2019-09-25 11:08:47,134 [pool-469-thread-1] INFO  server.RaftServerConfigKeys (ConfUtils.java:logGet(43)) - raft.server.rpc.timeout.min = 5s (custom)
2019-09-25 11:08:47,134 [pool-469-thread-1] INFO  server.RaftServerConfigKeys (ConfUtils.java:logGet(43)) - raft.server.rpc.timeout.max = 5200ms (custom)
2019-09-25 11:08:47,134 [pool-469-thread-1] INFO  server.RaftServerConfigKeys (ConfUtils.java:logGet(43)) - raft.server.rpcslowness.timeout = 120s (custom)
2019-09-25 11:08:47,134 [pool-469-thread-1] INFO  server.RaftServerConfigKeys (ConfUtils.java:logGet(43)) - raft.server.sleep.deviation.threshold = 300 (default)
2019-09-25 11:08:47,134 [pool-469-thread-1] INFO  server.RaftServerConfigKeys (ConfUtils.java:logGet(43)) - raft.server.log.appender.install.snapshot.enabled = false (custom)
2019-09-25 11:08:47,134 [pool-469-thread-1] INFO  impl.RaftServerImpl (ServerState.java:<init>(103)) - 2d6a7948-ad77-4bf1-924a-02baaf7fc5b0@group-B69DFD773A05: ConfigurationManager, init=-1: [2d6a7948-ad77-4bf1-924a-02baaf7fc5b0:192.168.30.6:36745], old=null, confs=<EMPTY_MAP>
2019-09-25 11:08:47,134 [pool-469-thread-1] INFO  server.RaftServerConfigKeys (ConfUtils.java:logGet(43)) - raft.server.storage.dir = [/workdir/hadoop-ozone/integration-test/target/test-dir/MiniOzoneClusterImpl-df822a65-554e-408c-8ca9-c8e2ba24269c/datanode-6/data/ratis] (custom)
2019-09-25 11:08:47,134 [pool-469-thread-1] INFO  storage.RaftStorageDirectory (RaftStorageDirectory.java:analyzeStorage(246)) - The storage directory /workdir/hadoop-ozone/integration-test/target/test-dir/MiniOzoneClusterImpl-df822a65-554e-408c-8ca9-c8e2ba24269c/datanode-6/data/ratis/0e757803-aeda-43ca-a854-b69dfd773a05 does not exist. Creating ...
2019-09-25 11:08:47,146 [pool-469-thread-1] INFO  storage.RaftStorageDirectory (RaftStorageDirectory.java:tryLock(328)) - Lock on /workdir/hadoop-ozone/integration-test/target/test-dir/MiniOzoneClusterImpl-df822a65-554e-408c-8ca9-c8e2ba24269c/datanode-6/data/ratis/0e757803-aeda-43ca-a854-b69dfd773a05/in_use.lock acquired by nodename 21763@pr-hdds-1569-5gmkr-4255264070
2019-09-25 11:08:47,159 [pool-469-thread-1] INFO  storage.RaftStorage (RaftStorage.java:format(72)) - Storage directory /workdir/hadoop-ozone/integration-test/target/test-dir/MiniOzoneClusterImpl-df822a65-554e-408c-8ca9-c8e2ba24269c/datanode-6/data/ratis/0e757803-aeda-43ca-a854-b69dfd773a05 has been successfully formatted.
2019-09-25 11:08:47,159 [pool-469-thread-1] INFO  ratis.ContainerStateMachine (ContainerStateMachine.java:loadSnapshot(230)) - group-B69DFD773A05: The snapshot info is null. Setting the last applied indexto:(t:0, i:~)
2019-09-25 11:08:47,159 [pool-469-thread-1] INFO  server.RaftServerConfigKeys (ConfUtils.java:logGet(43)) - raft.server.notification.no-leader.timeout = 120s (custom)
2019-09-25 11:08:47,159 [pool-469-thread-1] INFO  server.RaftServerConfigKeys (ConfUtils.java:logGet(43)) - raft.server.log.use.memory = false (default)
2019-09-25 11:08:47,160 [pool-469-thread-1] INFO  server.RaftServerConfigKeys (ConfUtils.java:logGet(43)) - raft.server.log.purge.gap = 1000000 (custom)
2019-09-25 11:08:47,160 [pool-469-thread-1] INFO  server.RaftServerConfigKeys (ConfUtils.java:logGet(43)) - raft.server.log.appender.buffer.byte-limit = 33554432 (custom)
2019-09-25 11:08:47,160 [pool-469-thread-1] INFO  server.RaftServerConfigKeys (ConfUtils.java:logGet(43)) - raft.server.log.segment.size.max = 1048576 (custom)
2019-09-25 11:08:47,160 [pool-469-thread-1] INFO  server.RaftServerConfigKeys (ConfUtils.java:logGet(43)) - raft.server.log.segment.cache.num.max = 2 (custom)
2019-09-25 11:08:47,160 [pool-469-thread-1] INFO  segmented.SegmentedRaftLogWorker (SegmentedRaftLogWorker.java:<init>(172)) - new 2d6a7948-ad77-4bf1-924a-02baaf7fc5b0@group-B69DFD773A05-SegmentedRaftLogWorker for RaftStorage:Storage Directory /workdir/hadoop-ozone/integration-test/target/test-dir/MiniOzoneClusterImpl-df822a65-554e-408c-8ca9-c8e2ba24269c/datanode-6/data/ratis/0e757803-aeda-43ca-a854-b69dfd773a05
2019-09-25 11:08:47,160 [pool-469-thread-1] INFO  server.RaftServerConfigKeys (ConfUtils.java:logGet(43)) - raft.server.log.queue.byte-limit = 2147483647 (custom)
2019-09-25 11:08:47,160 [pool-469-thread-1] INFO  server.RaftServerConfigKeys (ConfUtils.java:logGet(43)) - raft.server.log.queue.element-limit = 1024 (custom)
2019-09-25 11:08:47,160 [pool-469-thread-1] INFO  server.RaftServerConfigKeys (ConfUtils.java:logGet(43)) - raft.server.log.segment.size.max = 1048576 (custom)
2019-09-25 11:08:47,160 [pool-469-thread-1] INFO  server.RaftServerConfigKeys (ConfUtils.java:logGet(43)) - raft.server.log.preallocated.size = 16384 (custom)
2019-09-25 11:08:47,160 [pool-469-thread-1] INFO  server.RaftServerConfigKeys (ConfUtils.java:logGet(43)) - raft.server.log.write.buffer.size = 33554432 (custom)
2019-09-25 11:08:47,160 [pool-469-thread-1] INFO  server.RaftServerConfigKeys (ConfUtils.java:logGet(43)) - raft.server.log.force.sync.num = 128 (default)
2019-09-25 11:08:47,161 [pool-469-thread-1] INFO  server.RaftServerConfigKeys (ConfUtils.java:logGet(43)) - raft.server.log.statemachine.data.sync = true (default)
2019-09-25 11:08:47,161 [pool-469-thread-1] INFO  server.RaftServerConfigKeys (ConfUtils.java:logGet(43)) - raft.server.log.statemachine.data.sync.timeout = 10s (default)
2019-09-25 11:08:47,161 [pool-469-thread-1] INFO  server.RaftServerConfigKeys (ConfUtils.java:logGet(43)) - raft.server.log.statemachine.data.sync.timeout.retry = -1 (default)
2019-09-25 11:08:47,161 [pool-469-thread-1] INFO  server.RaftServerConfigKeys (ConfUtils.java:logGet(43)) - raft.server.log.statemachine.data.caching.enabled = true (custom)
2019-09-25 11:08:47,161 [pool-469-thread-1] INFO  segmented.SegmentedRaftLogWorker (SegmentedRaftLogWorker.java:lambda$new$0(132)) - 2d6a7948-ad77-4bf1-924a-02baaf7fc5b0@group-B69DFD773A05-SegmentedRaftLogWorker: flushIndex: setUnconditionally 0 -> -1
2019-09-25 11:08:47,161 [pool-469-thread-1] INFO  server.RaftServerConfigKeys (ConfUtils.java:logGet(43)) - raft.server.snapshot.auto.trigger.enabled = true (custom)
2019-09-25 11:08:47,161 [pool-469-thread-1] INFO  server.RaftServerConfigKeys (ConfUtils.java:logGet(43)) - raft.server.snapshot.auto.trigger.threshold = 10000 (custom)
2019-09-25 11:08:47,161 [pool-469-thread-1] INFO  server.RaftServerConfigKeys (ConfUtils.java:logGet(43)) - raft.server.snapshot.retention.num.files = 5 (custom)
2019-09-25 11:08:47,161 [pool-469-thread-1] INFO  server.RaftServerConfigKeys (ConfUtils.java:logGet(43)) - raft.server.retrycache.expirytime = 600000ms (custom)
2019-09-25 11:08:47,163 [pool-469-thread-1] INFO  impl.RaftServerImpl (RaftServerImpl.java:start(185)) - 2d6a7948-ad77-4bf1-924a-02baaf7fc5b0@group-B69DFD773A05: start as a follower, conf=-1: [2d6a7948-ad77-4bf1-924a-02baaf7fc5b0:192.168.30.6:36745], old=null
2019-09-25 11:08:47,163 [pool-469-thread-1] INFO  impl.RaftServerImpl (RaftServerImpl.java:setRole(174)) - 2d6a7948-ad77-4bf1-924a-02baaf7fc5b0@group-B69DFD773A05: changes role from      null to FOLLOWER at term 0 for startAsFollower
2019-09-25 11:08:47,163 [pool-469-thread-1] INFO  impl.RoleInfo (RoleInfo.java:updateAndGet(143)) - 2d6a7948-ad77-4bf1-924a-02baaf7fc5b0: start FollowerState
2019-09-25 11:08:47,163 [pool-469-thread-1] INFO  util.JmxRegister (JmxRegister.java:tryRegister(44)) - Successfully registered JMX Bean with object name Ratis:service=RaftServer,group=group-B69DFD773A05,id=2d6a7948-ad77-4bf1-924a-02baaf7fc5b0
2019-09-25 11:08:47,165 [RatisPipelineUtilsThread] INFO  pipeline.PipelineStateManager (PipelineStateManager.java:addPipeline(56)) - Created pipeline Pipeline[ Id: 0e757803-aeda-43ca-a854-b69dfd773a05, Nodes: 2d6a7948-ad77-4bf1-924a-02baaf7fc5b0{ip: 192.168.30.6, host: pr-hdds-1569-5gmkr-4255264070, networkLocation: /default-rack, certSerialId: null}, Type:RATIS, Factor:ONE, State:OPEN]
2019-09-25 11:08:47,165 [RatisPipelineUtilsThread] INFO  pipeline.PipelinePlacementPolicy (PipelinePlacementPolicy.java:meetCriteria(91)) - Pipeline Placement: can't place more pipeline on heavy datanode： 3f6fc67d-8e3f-4380-bdc7-5834d28b5411 Heaviness: 6 limit: 5
2019-09-25 11:08:47,165 [RatisPipelineUtilsThread] INFO  pipeline.PipelinePlacementPolicy (PipelinePlacementPolicy.java:meetCriteria(91)) - Pipeline Placement: can't place more pipeline on heavy datanode： 77f2c583-4ee9-4410-825c-925985ec9618 Heaviness: 6 limit: 5
2019-09-25 11:08:47,165 [RatisPipelineUtilsThread] INFO  pipeline.PipelinePlacementPolicy (PipelinePlacementPolicy.java:meetCriteria(91)) - Pipeline Placement: can't place more pipeline on heavy datanode： 47e44219-9d14-4cb3-978d-901354c5ccca Heaviness: 6 limit: 5
2019-09-25 11:08:47,165 [RatisPipelineUtilsThread] INFO  pipeline.PipelinePlacementPolicy (PipelinePlacementPolicy.java:meetCriteria(91)) - Pipeline Placement: can't place more pipeline on heavy datanode： a910ee62-e7d5-4551-8567-f4bec92df57f Heaviness: 6 limit: 5
2019-09-25 11:08:47,165 [RatisPipelineUtilsThread] INFO  pipeline.PipelinePlacementPolicy (PipelinePlacementPolicy.java:meetCriteria(91)) - Pipeline Placement: can't place more pipeline on heavy datanode： d29a58f4-bb42-4b4c-aa2d-f4bca2ff5103 Heaviness: 6 limit: 5
2019-09-25 11:08:47,168 [grpc-default-executor-1] INFO  impl.RaftServerProxy (RaftServerProxy.java:addNew(89)) - 975b33e8-e2cc-4a40-852a-f9fd970783fd: addNew group-3BCC29E616CB:[975b33e8-e2cc-4a40-852a-f9fd970783fd:192.168.30.6:37792] returns group-3BCC29E616CB:java.util.concurrent.CompletableFuture@e3adb32[Not completed]
2019-09-25 11:08:47,169 [pool-459-thread-1] INFO  impl.RaftServerImpl (RaftServerImpl.java:<init>(95)) - 975b33e8-e2cc-4a40-852a-f9fd970783fd: new RaftServerImpl for group-3BCC29E616CB:[975b33e8-e2cc-4a40-852a-f9fd970783fd:192.168.30.6:37792] with ContainerStateMachine:uninitialized
2019-09-25 11:08:47,169 [pool-459-thread-1] INFO  server.RaftServerConfigKeys (ConfUtils.java:logGet(43)) - raft.server.rpc.timeout.min = 5s (custom)
2019-09-25 11:08:47,169 [pool-459-thread-1] INFO  server.RaftServerConfigKeys (ConfUtils.java:logGet(43)) - raft.server.rpc.timeout.max = 5200ms (custom)
2019-09-25 11:08:47,169 [pool-459-thread-1] INFO  server.RaftServerConfigKeys (ConfUtils.java:logGet(43)) - raft.server.rpcslowness.timeout = 120s (custom)
2019-09-25 11:08:47,169 [pool-459-thread-1] INFO  server.RaftServerConfigKeys (ConfUtils.java:logGet(43)) - raft.server.sleep.deviation.threshold = 300 (default)
2019-09-25 11:08:47,169 [pool-459-thread-1] INFO  server.RaftServerConfigKeys (ConfUtils.java:logGet(43)) - raft.server.log.appender.install.snapshot.enabled = false (custom)
2019-09-25 11:08:47,169 [pool-459-thread-1] INFO  impl.RaftServerImpl (ServerState.java:<init>(103)) - 975b33e8-e2cc-4a40-852a-f9fd970783fd@group-3BCC29E616CB: ConfigurationManager, init=-1: [975b33e8-e2cc-4a40-852a-f9fd970783fd:192.168.30.6:37792], old=null, confs=<EMPTY_MAP>
2019-09-25 11:08:47,170 [pool-459-thread-1] INFO  server.RaftServerConfigKeys (ConfUtils.java:logGet(43)) - raft.server.storage.dir = [/workdir/hadoop-ozone/integration-test/target/test-dir/MiniOzoneClusterImpl-df822a65-554e-408c-8ca9-c8e2ba24269c/datanode-5/data/ratis] (custom)
2019-09-25 11:08:47,170 [pool-459-thread-1] INFO  storage.RaftStorageDirectory (RaftStorageDirectory.java:analyzeStorage(246)) - The storage directory /workdir/hadoop-ozone/integration-test/target/test-dir/MiniOzoneClusterImpl-df822a65-554e-408c-8ca9-c8e2ba24269c/datanode-5/data/ratis/8780e44c-ad94-4a66-9ea6-3bcc29e616cb does not exist. Creating ...
2019-09-25 11:08:47,183 [pool-459-thread-1] INFO  storage.RaftStorageDirectory (RaftStorageDirectory.java:tryLock(328)) - Lock on /workdir/hadoop-ozone/integration-test/target/test-dir/MiniOzoneClusterImpl-df822a65-554e-408c-8ca9-c8e2ba24269c/datanode-5/data/ratis/8780e44c-ad94-4a66-9ea6-3bcc29e616cb/in_use.lock acquired by nodename 21763@pr-hdds-1569-5gmkr-4255264070
2019-09-25 11:08:47,195 [pool-459-thread-1] INFO  storage.RaftStorage (RaftStorage.java:format(72)) - Storage directory /workdir/hadoop-ozone/integration-test/target/test-dir/MiniOzoneClusterImpl-df822a65-554e-408c-8ca9-c8e2ba24269c/datanode-5/data/ratis/8780e44c-ad94-4a66-9ea6-3bcc29e616cb has been successfully formatted.
2019-09-25 11:08:47,195 [pool-459-thread-1] INFO  ratis.ContainerStateMachine (ContainerStateMachine.java:loadSnapshot(230)) - group-3BCC29E616CB: The snapshot info is null. Setting the last applied indexto:(t:0, i:~)
2019-09-25 11:08:47,196 [pool-459-thread-1] INFO  server.RaftServerConfigKeys (ConfUtils.java:logGet(43)) - raft.server.notification.no-leader.timeout = 120s (custom)
2019-09-25 11:08:47,196 [pool-459-thread-1] INFO  server.RaftServerConfigKeys (ConfUtils.java:logGet(43)) - raft.server.log.use.memory = false (default)
2019-09-25 11:08:47,196 [pool-459-thread-1] INFO  server.RaftServerConfigKeys (ConfUtils.java:logGet(43)) - raft.server.log.purge.gap = 1000000 (custom)
2019-09-25 11:08:47,196 [pool-459-thread-1] INFO  server.RaftServerConfigKeys (ConfUtils.java:logGet(43)) - raft.server.log.appender.buffer.byte-limit = 33554432 (custom)
2019-09-25 11:08:47,196 [pool-459-thread-1] INFO  server.RaftServerConfigKeys (ConfUtils.java:logGet(43)) - raft.server.log.segment.size.max = 1048576 (custom)
2019-09-25 11:08:47,196 [pool-459-thread-1] INFO  server.RaftServerConfigKeys (ConfUtils.java:logGet(43)) - raft.server.log.segment.cache.num.max = 2 (custom)
2019-09-25 11:08:47,196 [pool-459-thread-1] INFO  segmented.SegmentedRaftLogWorker (SegmentedRaftLogWorker.java:<init>(172)) - new 975b33e8-e2cc-4a40-852a-f9fd970783fd@group-3BCC29E616CB-SegmentedRaftLogWorker for RaftStorage:Storage Directory /workdir/hadoop-ozone/integration-test/target/test-dir/MiniOzoneClusterImpl-df822a65-554e-408c-8ca9-c8e2ba24269c/datanode-5/data/ratis/8780e44c-ad94-4a66-9ea6-3bcc29e616cb
2019-09-25 11:08:47,196 [pool-459-thread-1] INFO  server.RaftServerConfigKeys (ConfUtils.java:logGet(43)) - raft.server.log.queue.byte-limit = 2147483647 (custom)
2019-09-25 11:08:47,197 [pool-459-thread-1] INFO  server.RaftServerConfigKeys (ConfUtils.java:logGet(43)) - raft.server.log.queue.element-limit = 1024 (custom)
2019-09-25 11:08:47,197 [pool-459-thread-1] INFO  server.RaftServerConfigKeys (ConfUtils.java:logGet(43)) - raft.server.log.segment.size.max = 1048576 (custom)
2019-09-25 11:08:47,197 [pool-459-thread-1] INFO  server.RaftServerConfigKeys (ConfUtils.java:logGet(43)) - raft.server.log.preallocated.size = 16384 (custom)
2019-09-25 11:08:47,197 [pool-459-thread-1] INFO  server.RaftServerConfigKeys (ConfUtils.java:logGet(43)) - raft.server.log.write.buffer.size = 33554432 (custom)
2019-09-25 11:08:47,197 [pool-459-thread-1] INFO  server.RaftServerConfigKeys (ConfUtils.java:logGet(43)) - raft.server.log.force.sync.num = 128 (default)
2019-09-25 11:08:47,197 [pool-459-thread-1] INFO  server.RaftServerConfigKeys (ConfUtils.java:logGet(43)) - raft.server.log.statemachine.data.sync = true (default)
2019-09-25 11:08:47,197 [pool-459-thread-1] INFO  server.RaftServerConfigKeys (ConfUtils.java:logGet(43)) - raft.server.log.statemachine.data.sync.timeout = 10s (default)
2019-09-25 11:08:47,197 [pool-459-thread-1] INFO  server.RaftServerConfigKeys (ConfUtils.java:logGet(43)) - raft.server.log.statemachine.data.sync.timeout.retry = -1 (default)
2019-09-25 11:08:47,197 [pool-459-thread-1] INFO  server.RaftServerConfigKeys (ConfUtils.java:logGet(43)) - raft.server.log.statemachine.data.caching.enabled = true (custom)
2019-09-25 11:08:47,198 [pool-459-thread-1] INFO  segmented.SegmentedRaftLogWorker (SegmentedRaftLogWorker.java:lambda$new$0(132)) - 975b33e8-e2cc-4a40-852a-f9fd970783fd@group-3BCC29E616CB-SegmentedRaftLogWorker: flushIndex: setUnconditionally 0 -> -1
2019-09-25 11:08:47,198 [pool-459-thread-1] INFO  server.RaftServerConfigKeys (ConfUtils.java:logGet(43)) - raft.server.snapshot.auto.trigger.enabled = true (custom)
2019-09-25 11:08:47,198 [pool-459-thread-1] INFO  server.RaftServerConfigKeys (ConfUtils.java:logGet(43)) - raft.server.snapshot.auto.trigger.threshold = 10000 (custom)
2019-09-25 11:08:47,198 [pool-459-thread-1] INFO  server.RaftServerConfigKeys (ConfUtils.java:logGet(43)) - raft.server.snapshot.retention.num.files = 5 (custom)
2019-09-25 11:08:47,198 [pool-459-thread-1] INFO  server.RaftServerConfigKeys (ConfUtils.java:logGet(43)) - raft.server.retrycache.expirytime = 600000ms (custom)
2019-09-25 11:08:47,199 [pool-459-thread-1] INFO  impl.RaftServerImpl (RaftServerImpl.java:start(185)) - 975b33e8-e2cc-4a40-852a-f9fd970783fd@group-3BCC29E616CB: start as a follower, conf=-1: [975b33e8-e2cc-4a40-852a-f9fd970783fd:192.168.30.6:37792], old=null
2019-09-25 11:08:47,199 [pool-459-thread-1] INFO  impl.RaftServerImpl (RaftServerImpl.java:setRole(174)) - 975b33e8-e2cc-4a40-852a-f9fd970783fd@group-3BCC29E616CB: changes role from      null to FOLLOWER at term 0 for startAsFollower
2019-09-25 11:08:47,200 [pool-459-thread-1] INFO  impl.RoleInfo (RoleInfo.java:updateAndGet(143)) - 975b33e8-e2cc-4a40-852a-f9fd970783fd: start FollowerState
2019-09-25 11:08:47,200 [pool-459-thread-1] INFO  util.JmxRegister (JmxRegister.java:tryRegister(44)) - Successfully registered JMX Bean with object name Ratis:service=RaftServer,group=group-3BCC29E616CB,id=975b33e8-e2cc-4a40-852a-f9fd970783fd
2019-09-25 11:08:47,201 [RatisPipelineUtilsThread] INFO  pipeline.PipelineStateManager (PipelineStateManager.java:addPipeline(56)) - Created pipeline Pipeline[ Id: 8780e44c-ad94-4a66-9ea6-3bcc29e616cb, Nodes: 975b33e8-e2cc-4a40-852a-f9fd970783fd{ip: 192.168.30.6, host: pr-hdds-1569-5gmkr-4255264070, networkLocation: /default-rack, certSerialId: null}, Type:RATIS, Factor:ONE, State:OPEN]
2019-09-25 11:08:47,202 [RatisPipelineUtilsThread] INFO  pipeline.PipelinePlacementPolicy (PipelinePlacementPolicy.java:meetCriteria(91)) - Pipeline Placement: can't place more pipeline on heavy datanode： 975b33e8-e2cc-4a40-852a-f9fd970783fd Heaviness: 6 limit: 5
2019-09-25 11:08:47,202 [RatisPipelineUtilsThread] INFO  pipeline.PipelinePlacementPolicy (PipelinePlacementPolicy.java:meetCriteria(91)) - Pipeline Placement: can't place more pipeline on heavy datanode： 3f6fc67d-8e3f-4380-bdc7-5834d28b5411 Heaviness: 6 limit: 5
2019-09-25 11:08:47,202 [RatisPipelineUtilsThread] INFO  pipeline.PipelinePlacementPolicy (PipelinePlacementPolicy.java:meetCriteria(91)) - Pipeline Placement: can't place more pipeline on heavy datanode： 77f2c583-4ee9-4410-825c-925985ec9618 Heaviness: 6 limit: 5
2019-09-25 11:08:47,202 [RatisPipelineUtilsThread] INFO  pipeline.PipelinePlacementPolicy (PipelinePlacementPolicy.java:meetCriteria(91)) - Pipeline Placement: can't place more pipeline on heavy datanode： 47e44219-9d14-4cb3-978d-901354c5ccca Heaviness: 6 limit: 5
2019-09-25 11:08:47,202 [RatisPipelineUtilsThread] INFO  pipeline.PipelinePlacementPolicy (PipelinePlacementPolicy.java:meetCriteria(91)) - Pipeline Placement: can't place more pipeline on heavy datanode： a910ee62-e7d5-4551-8567-f4bec92df57f Heaviness: 6 limit: 5
2019-09-25 11:08:47,202 [RatisPipelineUtilsThread] INFO  pipeline.PipelinePlacementPolicy (PipelinePlacementPolicy.java:meetCriteria(91)) - Pipeline Placement: can't place more pipeline on heavy datanode： d29a58f4-bb42-4b4c-aa2d-f4bca2ff5103 Heaviness: 6 limit: 5
2019-09-25 11:08:47,205 [grpc-default-executor-1] INFO  impl.RaftServerProxy (RaftServerProxy.java:addNew(89)) - 2d6a7948-ad77-4bf1-924a-02baaf7fc5b0: addNew group-2664AD285617:[2d6a7948-ad77-4bf1-924a-02baaf7fc5b0:192.168.30.6:36745] returns group-2664AD285617:java.util.concurrent.CompletableFuture@621f7173[Not completed]
2019-09-25 11:08:47,206 [pool-469-thread-1] INFO  impl.RaftServerImpl (RaftServerImpl.java:<init>(95)) - 2d6a7948-ad77-4bf1-924a-02baaf7fc5b0: new RaftServerImpl for group-2664AD285617:[2d6a7948-ad77-4bf1-924a-02baaf7fc5b0:192.168.30.6:36745] with ContainerStateMachine:uninitialized
2019-09-25 11:08:47,206 [pool-469-thread-1] INFO  server.RaftServerConfigKeys (ConfUtils.java:logGet(43)) - raft.server.rpc.timeout.min = 5s (custom)
2019-09-25 11:08:47,206 [pool-469-thread-1] INFO  server.RaftServerConfigKeys (ConfUtils.java:logGet(43)) - raft.server.rpc.timeout.max = 5200ms (custom)
2019-09-25 11:08:47,206 [pool-469-thread-1] INFO  server.RaftServerConfigKeys (ConfUtils.java:logGet(43)) - raft.server.rpcslowness.timeout = 120s (custom)
2019-09-25 11:08:47,206 [pool-469-thread-1] INFO  server.RaftServerConfigKeys (ConfUtils.java:logGet(43)) - raft.server.sleep.deviation.threshold = 300 (default)
2019-09-25 11:08:47,206 [pool-469-thread-1] INFO  server.RaftServerConfigKeys (ConfUtils.java:logGet(43)) - raft.server.log.appender.install.snapshot.enabled = false (custom)
2019-09-25 11:08:47,207 [pool-469-thread-1] INFO  impl.RaftServerImpl (ServerState.java:<init>(103)) - 2d6a7948-ad77-4bf1-924a-02baaf7fc5b0@group-2664AD285617: ConfigurationManager, init=-1: [2d6a7948-ad77-4bf1-924a-02baaf7fc5b0:192.168.30.6:36745], old=null, confs=<EMPTY_MAP>
2019-09-25 11:08:47,207 [pool-469-thread-1] INFO  server.RaftServerConfigKeys (ConfUtils.java:logGet(43)) - raft.server.storage.dir = [/workdir/hadoop-ozone/integration-test/target/test-dir/MiniOzoneClusterImpl-df822a65-554e-408c-8ca9-c8e2ba24269c/datanode-6/data/ratis] (custom)
2019-09-25 11:08:47,207 [pool-469-thread-1] INFO  storage.RaftStorageDirectory (RaftStorageDirectory.java:analyzeStorage(246)) - The storage directory /workdir/hadoop-ozone/integration-test/target/test-dir/MiniOzoneClusterImpl-df822a65-554e-408c-8ca9-c8e2ba24269c/datanode-6/data/ratis/dff78e69-0399-4d77-b32d-2664ad285617 does not exist. Creating ...
2019-09-25 11:08:47,220 [pool-469-thread-1] INFO  storage.RaftStorageDirectory (RaftStorageDirectory.java:tryLock(328)) - Lock on /workdir/hadoop-ozone/integration-test/target/test-dir/MiniOzoneClusterImpl-df822a65-554e-408c-8ca9-c8e2ba24269c/datanode-6/data/ratis/dff78e69-0399-4d77-b32d-2664ad285617/in_use.lock acquired by nodename 21763@pr-hdds-1569-5gmkr-4255264070
2019-09-25 11:08:47,222 [pool-469-thread-1] INFO  storage.RaftStorage (RaftStorage.java:format(72)) - Storage directory /workdir/hadoop-ozone/integration-test/target/test-dir/MiniOzoneClusterImpl-df822a65-554e-408c-8ca9-c8e2ba24269c/datanode-6/data/ratis/dff78e69-0399-4d77-b32d-2664ad285617 has been successfully formatted.
2019-09-25 11:08:47,222 [pool-469-thread-1] INFO  ratis.ContainerStateMachine (ContainerStateMachine.java:loadSnapshot(230)) - group-2664AD285617: The snapshot info is null. Setting the last applied indexto:(t:0, i:~)
2019-09-25 11:08:47,222 [pool-469-thread-1] INFO  server.RaftServerConfigKeys (ConfUtils.java:logGet(43)) - raft.server.notification.no-leader.timeout = 120s (custom)
2019-09-25 11:08:47,222 [pool-469-thread-1] INFO  server.RaftServerConfigKeys (ConfUtils.java:logGet(43)) - raft.server.log.use.memory = false (default)
2019-09-25 11:08:47,222 [pool-469-thread-1] INFO  server.RaftServerConfigKeys (ConfUtils.java:logGet(43)) - raft.server.log.purge.gap = 1000000 (custom)
2019-09-25 11:08:47,222 [pool-469-thread-1] INFO  server.RaftServerConfigKeys (ConfUtils.java:logGet(43)) - raft.server.log.appender.buffer.byte-limit = 33554432 (custom)
2019-09-25 11:08:47,223 [pool-469-thread-1] INFO  server.RaftServerConfigKeys (ConfUtils.java:logGet(43)) - raft.server.log.segment.size.max = 1048576 (custom)
2019-09-25 11:08:47,223 [pool-469-thread-1] INFO  server.RaftServerConfigKeys (ConfUtils.java:logGet(43)) - raft.server.log.segment.cache.num.max = 2 (custom)
2019-09-25 11:08:47,223 [pool-469-thread-1] INFO  segmented.SegmentedRaftLogWorker (SegmentedRaftLogWorker.java:<init>(172)) - new 2d6a7948-ad77-4bf1-924a-02baaf7fc5b0@group-2664AD285617-SegmentedRaftLogWorker for RaftStorage:Storage Directory /workdir/hadoop-ozone/integration-test/target/test-dir/MiniOzoneClusterImpl-df822a65-554e-408c-8ca9-c8e2ba24269c/datanode-6/data/ratis/dff78e69-0399-4d77-b32d-2664ad285617
2019-09-25 11:08:47,223 [pool-469-thread-1] INFO  server.RaftServerConfigKeys (ConfUtils.java:logGet(43)) - raft.server.log.queue.byte-limit = 2147483647 (custom)
2019-09-25 11:08:47,223 [pool-469-thread-1] INFO  server.RaftServerConfigKeys (ConfUtils.java:logGet(43)) - raft.server.log.queue.element-limit = 1024 (custom)
2019-09-25 11:08:47,223 [pool-469-thread-1] INFO  server.RaftServerConfigKeys (ConfUtils.java:logGet(43)) - raft.server.log.segment.size.max = 1048576 (custom)
2019-09-25 11:08:47,223 [pool-469-thread-1] INFO  server.RaftServerConfigKeys (ConfUtils.java:logGet(43)) - raft.server.log.preallocated.size = 16384 (custom)
2019-09-25 11:08:47,223 [pool-469-thread-1] INFO  server.RaftServerConfigKeys (ConfUtils.java:logGet(43)) - raft.server.log.write.buffer.size = 33554432 (custom)
2019-09-25 11:08:47,223 [pool-469-thread-1] INFO  server.RaftServerConfigKeys (ConfUtils.java:logGet(43)) - raft.server.log.force.sync.num = 128 (default)
2019-09-25 11:08:47,223 [pool-469-thread-1] INFO  server.RaftServerConfigKeys (ConfUtils.java:logGet(43)) - raft.server.log.statemachine.data.sync = true (default)
2019-09-25 11:08:47,223 [pool-469-thread-1] INFO  server.RaftServerConfigKeys (ConfUtils.java:logGet(43)) - raft.server.log.statemachine.data.sync.timeout = 10s (default)
2019-09-25 11:08:47,223 [pool-469-thread-1] INFO  server.RaftServerConfigKeys (ConfUtils.java:logGet(43)) - raft.server.log.statemachine.data.sync.timeout.retry = -1 (default)
2019-09-25 11:08:47,224 [pool-469-thread-1] INFO  server.RaftServerConfigKeys (ConfUtils.java:logGet(43)) - raft.server.log.statemachine.data.caching.enabled = true (custom)
2019-09-25 11:08:47,224 [pool-469-thread-1] INFO  segmented.SegmentedRaftLogWorker (SegmentedRaftLogWorker.java:lambda$new$0(132)) - 2d6a7948-ad77-4bf1-924a-02baaf7fc5b0@group-2664AD285617-SegmentedRaftLogWorker: flushIndex: setUnconditionally 0 -> -1
2019-09-25 11:08:47,224 [pool-469-thread-1] INFO  server.RaftServerConfigKeys (ConfUtils.java:logGet(43)) - raft.server.snapshot.auto.trigger.enabled = true (custom)
2019-09-25 11:08:47,224 [pool-469-thread-1] INFO  server.RaftServerConfigKeys (ConfUtils.java:logGet(43)) - raft.server.snapshot.auto.trigger.threshold = 10000 (custom)
2019-09-25 11:08:47,224 [pool-469-thread-1] INFO  server.RaftServerConfigKeys (ConfUtils.java:logGet(43)) - raft.server.snapshot.retention.num.files = 5 (custom)
2019-09-25 11:08:47,224 [pool-469-thread-1] INFO  server.RaftServerConfigKeys (ConfUtils.java:logGet(43)) - raft.server.retrycache.expirytime = 600000ms (custom)
2019-09-25 11:08:47,225 [pool-469-thread-1] INFO  impl.RaftServerImpl (RaftServerImpl.java:start(185)) - 2d6a7948-ad77-4bf1-924a-02baaf7fc5b0@group-2664AD285617: start as a follower, conf=-1: [2d6a7948-ad77-4bf1-924a-02baaf7fc5b0:192.168.30.6:36745], old=null
2019-09-25 11:08:47,225 [pool-469-thread-1] INFO  impl.RaftServerImpl (RaftServerImpl.java:setRole(174)) - 2d6a7948-ad77-4bf1-924a-02baaf7fc5b0@group-2664AD285617: changes role from      null to FOLLOWER at term 0 for startAsFollower
2019-09-25 11:08:47,225 [pool-469-thread-1] INFO  impl.RoleInfo (RoleInfo.java:updateAndGet(143)) - 2d6a7948-ad77-4bf1-924a-02baaf7fc5b0: start FollowerState
2019-09-25 11:08:47,226 [pool-469-thread-1] INFO  util.JmxRegister (JmxRegister.java:tryRegister(44)) - Successfully registered JMX Bean with object name Ratis:service=RaftServer,group=group-2664AD285617,id=2d6a7948-ad77-4bf1-924a-02baaf7fc5b0
2019-09-25 11:08:47,227 [RatisPipelineUtilsThread] INFO  pipeline.PipelineStateManager (PipelineStateManager.java:addPipeline(56)) - Created pipeline Pipeline[ Id: dff78e69-0399-4d77-b32d-2664ad285617, Nodes: 2d6a7948-ad77-4bf1-924a-02baaf7fc5b0{ip: 192.168.30.6, host: pr-hdds-1569-5gmkr-4255264070, networkLocation: /default-rack, certSerialId: null}, Type:RATIS, Factor:ONE, State:OPEN]
2019-09-25 11:08:47,227 [RatisPipelineUtilsThread] INFO  pipeline.PipelinePlacementPolicy (PipelinePlacementPolicy.java:meetCriteria(91)) - Pipeline Placement: can't place more pipeline on heavy datanode： 975b33e8-e2cc-4a40-852a-f9fd970783fd Heaviness: 6 limit: 5
2019-09-25 11:08:47,228 [RatisPipelineUtilsThread] INFO  pipeline.PipelinePlacementPolicy (PipelinePlacementPolicy.java:meetCriteria(91)) - Pipeline Placement: can't place more pipeline on heavy datanode： 3f6fc67d-8e3f-4380-bdc7-5834d28b5411 Heaviness: 6 limit: 5
2019-09-25 11:08:47,228 [RatisPipelineUtilsThread] INFO  pipeline.PipelinePlacementPolicy (PipelinePlacementPolicy.java:meetCriteria(91)) - Pipeline Placement: can't place more pipeline on heavy datanode： 77f2c583-4ee9-4410-825c-925985ec9618 Heaviness: 6 limit: 5
2019-09-25 11:08:47,228 [RatisPipelineUtilsThread] INFO  pipeline.PipelinePlacementPolicy (PipelinePlacementPolicy.java:meetCriteria(91)) - Pipeline Placement: can't place more pipeline on heavy datanode： 47e44219-9d14-4cb3-978d-901354c5ccca Heaviness: 6 limit: 5
2019-09-25 11:08:47,228 [RatisPipelineUtilsThread] INFO  pipeline.PipelinePlacementPolicy (PipelinePlacementPolicy.java:meetCriteria(91)) - Pipeline Placement: can't place more pipeline on heavy datanode： a910ee62-e7d5-4551-8567-f4bec92df57f Heaviness: 6 limit: 5
2019-09-25 11:08:47,228 [RatisPipelineUtilsThread] INFO  pipeline.PipelinePlacementPolicy (PipelinePlacementPolicy.java:meetCriteria(91)) - Pipeline Placement: can't place more pipeline on heavy datanode： d29a58f4-bb42-4b4c-aa2d-f4bca2ff5103 Heaviness: 6 limit: 5
2019-09-25 11:08:47,231 [grpc-default-executor-1] INFO  impl.RaftServerProxy (RaftServerProxy.java:addNew(89)) - 2d6a7948-ad77-4bf1-924a-02baaf7fc5b0: addNew group-758FE320704C:[2d6a7948-ad77-4bf1-924a-02baaf7fc5b0:192.168.30.6:36745] returns group-758FE320704C:java.util.concurrent.CompletableFuture@60d7158f[Not completed]
2019-09-25 11:08:47,232 [pool-469-thread-1] INFO  impl.RaftServerImpl (RaftServerImpl.java:<init>(95)) - 2d6a7948-ad77-4bf1-924a-02baaf7fc5b0: new RaftServerImpl for group-758FE320704C:[2d6a7948-ad77-4bf1-924a-02baaf7fc5b0:192.168.30.6:36745] with ContainerStateMachine:uninitialized
2019-09-25 11:08:47,232 [pool-469-thread-1] INFO  server.RaftServerConfigKeys (ConfUtils.java:logGet(43)) - raft.server.rpc.timeout.min = 5s (custom)
2019-09-25 11:08:47,232 [pool-469-thread-1] INFO  server.RaftServerConfigKeys (ConfUtils.java:logGet(43)) - raft.server.rpc.timeout.max = 5200ms (custom)
2019-09-25 11:08:47,232 [pool-469-thread-1] INFO  server.RaftServerConfigKeys (ConfUtils.java:logGet(43)) - raft.server.rpcslowness.timeout = 120s (custom)
2019-09-25 11:08:47,232 [pool-469-thread-1] INFO  server.RaftServerConfigKeys (ConfUtils.java:logGet(43)) - raft.server.sleep.deviation.threshold = 300 (default)
2019-09-25 11:08:47,232 [pool-469-thread-1] INFO  server.RaftServerConfigKeys (ConfUtils.java:logGet(43)) - raft.server.log.appender.install.snapshot.enabled = false (custom)
2019-09-25 11:08:47,233 [pool-469-thread-1] INFO  impl.RaftServerImpl (ServerState.java:<init>(103)) - 2d6a7948-ad77-4bf1-924a-02baaf7fc5b0@group-758FE320704C: ConfigurationManager, init=-1: [2d6a7948-ad77-4bf1-924a-02baaf7fc5b0:192.168.30.6:36745], old=null, confs=<EMPTY_MAP>
2019-09-25 11:08:47,236 [pool-469-thread-1] INFO  server.RaftServerConfigKeys (ConfUtils.java:logGet(43)) - raft.server.storage.dir = [/workdir/hadoop-ozone/integration-test/target/test-dir/MiniOzoneClusterImpl-df822a65-554e-408c-8ca9-c8e2ba24269c/datanode-6/data/ratis] (custom)
2019-09-25 11:08:47,236 [pool-469-thread-1] INFO  storage.RaftStorageDirectory (RaftStorageDirectory.java:analyzeStorage(246)) - The storage directory /workdir/hadoop-ozone/integration-test/target/test-dir/MiniOzoneClusterImpl-df822a65-554e-408c-8ca9-c8e2ba24269c/datanode-6/data/ratis/20a970ce-7acc-4e5f-b77b-758fe320704c does not exist. Creating ...
2019-09-25 11:08:47,249 [pool-469-thread-1] INFO  storage.RaftStorageDirectory (RaftStorageDirectory.java:tryLock(328)) - Lock on /workdir/hadoop-ozone/integration-test/target/test-dir/MiniOzoneClusterImpl-df822a65-554e-408c-8ca9-c8e2ba24269c/datanode-6/data/ratis/20a970ce-7acc-4e5f-b77b-758fe320704c/in_use.lock acquired by nodename 21763@pr-hdds-1569-5gmkr-4255264070
2019-09-25 11:08:47,262 [pool-469-thread-1] INFO  storage.RaftStorage (RaftStorage.java:format(72)) - Storage directory /workdir/hadoop-ozone/integration-test/target/test-dir/MiniOzoneClusterImpl-df822a65-554e-408c-8ca9-c8e2ba24269c/datanode-6/data/ratis/20a970ce-7acc-4e5f-b77b-758fe320704c has been successfully formatted.
2019-09-25 11:08:47,262 [pool-469-thread-1] INFO  ratis.ContainerStateMachine (ContainerStateMachine.java:loadSnapshot(230)) - group-758FE320704C: The snapshot info is null. Setting the last applied indexto:(t:0, i:~)
2019-09-25 11:08:47,262 [pool-469-thread-1] INFO  server.RaftServerConfigKeys (ConfUtils.java:logGet(43)) - raft.server.notification.no-leader.timeout = 120s (custom)
2019-09-25 11:08:47,262 [pool-469-thread-1] INFO  server.RaftServerConfigKeys (ConfUtils.java:logGet(43)) - raft.server.log.use.memory = false (default)
2019-09-25 11:08:47,262 [pool-469-thread-1] INFO  server.RaftServerConfigKeys (ConfUtils.java:logGet(43)) - raft.server.log.purge.gap = 1000000 (custom)
2019-09-25 11:08:47,263 [pool-469-thread-1] INFO  server.RaftServerConfigKeys (ConfUtils.java:logGet(43)) - raft.server.log.appender.buffer.byte-limit = 33554432 (custom)
2019-09-25 11:08:47,263 [pool-469-thread-1] INFO  server.RaftServerConfigKeys (ConfUtils.java:logGet(43)) - raft.server.log.segment.size.max = 1048576 (custom)
2019-09-25 11:08:47,263 [pool-469-thread-1] INFO  server.RaftServerConfigKeys (ConfUtils.java:logGet(43)) - raft.server.log.segment.cache.num.max = 2 (custom)
2019-09-25 11:08:47,263 [pool-469-thread-1] INFO  segmented.SegmentedRaftLogWorker (SegmentedRaftLogWorker.java:<init>(172)) - new 2d6a7948-ad77-4bf1-924a-02baaf7fc5b0@group-758FE320704C-SegmentedRaftLogWorker for RaftStorage:Storage Directory /workdir/hadoop-ozone/integration-test/target/test-dir/MiniOzoneClusterImpl-df822a65-554e-408c-8ca9-c8e2ba24269c/datanode-6/data/ratis/20a970ce-7acc-4e5f-b77b-758fe320704c
2019-09-25 11:08:47,263 [pool-469-thread-1] INFO  server.RaftServerConfigKeys (ConfUtils.java:logGet(43)) - raft.server.log.queue.byte-limit = 2147483647 (custom)
2019-09-25 11:08:47,263 [pool-469-thread-1] INFO  server.RaftServerConfigKeys (ConfUtils.java:logGet(43)) - raft.server.log.queue.element-limit = 1024 (custom)
2019-09-25 11:08:47,263 [pool-469-thread-1] INFO  server.RaftServerConfigKeys (ConfUtils.java:logGet(43)) - raft.server.log.segment.size.max = 1048576 (custom)
2019-09-25 11:08:47,264 [pool-469-thread-1] INFO  server.RaftServerConfigKeys (ConfUtils.java:logGet(43)) - raft.server.log.preallocated.size = 16384 (custom)
2019-09-25 11:08:47,264 [pool-469-thread-1] INFO  server.RaftServerConfigKeys (ConfUtils.java:logGet(43)) - raft.server.log.write.buffer.size = 33554432 (custom)
2019-09-25 11:08:47,264 [pool-469-thread-1] INFO  server.RaftServerConfigKeys (ConfUtils.java:logGet(43)) - raft.server.log.force.sync.num = 128 (default)
2019-09-25 11:08:47,264 [pool-469-thread-1] INFO  server.RaftServerConfigKeys (ConfUtils.java:logGet(43)) - raft.server.log.statemachine.data.sync = true (default)
2019-09-25 11:08:47,264 [pool-469-thread-1] INFO  server.RaftServerConfigKeys (ConfUtils.java:logGet(43)) - raft.server.log.statemachine.data.sync.timeout = 10s (default)
2019-09-25 11:08:47,264 [pool-469-thread-1] INFO  server.RaftServerConfigKeys (ConfUtils.java:logGet(43)) - raft.server.log.statemachine.data.sync.timeout.retry = -1 (default)
2019-09-25 11:08:47,264 [pool-469-thread-1] INFO  server.RaftServerConfigKeys (ConfUtils.java:logGet(43)) - raft.server.log.statemachine.data.caching.enabled = true (custom)
2019-09-25 11:08:47,265 [pool-469-thread-1] INFO  segmented.SegmentedRaftLogWorker (SegmentedRaftLogWorker.java:lambda$new$0(132)) - 2d6a7948-ad77-4bf1-924a-02baaf7fc5b0@group-758FE320704C-SegmentedRaftLogWorker: flushIndex: setUnconditionally 0 -> -1
2019-09-25 11:08:47,265 [pool-469-thread-1] INFO  server.RaftServerConfigKeys (ConfUtils.java:logGet(43)) - raft.server.snapshot.auto.trigger.enabled = true (custom)
2019-09-25 11:08:47,265 [pool-469-thread-1] INFO  server.RaftServerConfigKeys (ConfUtils.java:logGet(43)) - raft.server.snapshot.auto.trigger.threshold = 10000 (custom)
2019-09-25 11:08:47,265 [pool-469-thread-1] INFO  server.RaftServerConfigKeys (ConfUtils.java:logGet(43)) - raft.server.snapshot.retention.num.files = 5 (custom)
2019-09-25 11:08:47,265 [pool-469-thread-1] INFO  server.RaftServerConfigKeys (ConfUtils.java:logGet(43)) - raft.server.retrycache.expirytime = 600000ms (custom)
2019-09-25 11:08:47,267 [pool-469-thread-1] INFO  impl.RaftServerImpl (RaftServerImpl.java:start(185)) - 2d6a7948-ad77-4bf1-924a-02baaf7fc5b0@group-758FE320704C: start as a follower, conf=-1: [2d6a7948-ad77-4bf1-924a-02baaf7fc5b0:192.168.30.6:36745], old=null
2019-09-25 11:08:47,267 [pool-469-thread-1] INFO  impl.RaftServerImpl (RaftServerImpl.java:setRole(174)) - 2d6a7948-ad77-4bf1-924a-02baaf7fc5b0@group-758FE320704C: changes role from      null to FOLLOWER at term 0 for startAsFollower
2019-09-25 11:08:47,267 [pool-469-thread-1] INFO  impl.RoleInfo (RoleInfo.java:updateAndGet(143)) - 2d6a7948-ad77-4bf1-924a-02baaf7fc5b0: start FollowerState
2019-09-25 11:08:47,267 [pool-469-thread-1] INFO  util.JmxRegister (JmxRegister.java:tryRegister(44)) - Successfully registered JMX Bean with object name Ratis:service=RaftServer,group=group-758FE320704C,id=2d6a7948-ad77-4bf1-924a-02baaf7fc5b0
2019-09-25 11:08:47,269 [RatisPipelineUtilsThread] INFO  pipeline.PipelineStateManager (PipelineStateManager.java:addPipeline(56)) - Created pipeline Pipeline[ Id: 20a970ce-7acc-4e5f-b77b-758fe320704c, Nodes: 2d6a7948-ad77-4bf1-924a-02baaf7fc5b0{ip: 192.168.30.6, host: pr-hdds-1569-5gmkr-4255264070, networkLocation: /default-rack, certSerialId: null}, Type:RATIS, Factor:ONE, State:OPEN]
2019-09-25 11:08:47,269 [RatisPipelineUtilsThread] INFO  pipeline.PipelinePlacementPolicy (PipelinePlacementPolicy.java:meetCriteria(91)) - Pipeline Placement: can't place more pipeline on heavy datanode： 975b33e8-e2cc-4a40-852a-f9fd970783fd Heaviness: 6 limit: 5
2019-09-25 11:08:47,269 [RatisPipelineUtilsThread] INFO  pipeline.PipelinePlacementPolicy (PipelinePlacementPolicy.java:meetCriteria(91)) - Pipeline Placement: can't place more pipeline on heavy datanode： 3f6fc67d-8e3f-4380-bdc7-5834d28b5411 Heaviness: 6 limit: 5
2019-09-25 11:08:47,269 [RatisPipelineUtilsThread] INFO  pipeline.PipelinePlacementPolicy (PipelinePlacementPolicy.java:meetCriteria(91)) - Pipeline Placement: can't place more pipeline on heavy datanode： 77f2c583-4ee9-4410-825c-925985ec9618 Heaviness: 6 limit: 5
2019-09-25 11:08:47,269 [RatisPipelineUtilsThread] INFO  pipeline.PipelinePlacementPolicy (PipelinePlacementPolicy.java:meetCriteria(91)) - Pipeline Placement: can't place more pipeline on heavy datanode： 47e44219-9d14-4cb3-978d-901354c5ccca Heaviness: 6 limit: 5
2019-09-25 11:08:47,270 [RatisPipelineUtilsThread] INFO  pipeline.PipelinePlacementPolicy (PipelinePlacementPolicy.java:meetCriteria(91)) - Pipeline Placement: can't place more pipeline on heavy datanode： a910ee62-e7d5-4551-8567-f4bec92df57f Heaviness: 6 limit: 5
2019-09-25 11:08:47,270 [RatisPipelineUtilsThread] INFO  pipeline.PipelinePlacementPolicy (PipelinePlacementPolicy.java:meetCriteria(91)) - Pipeline Placement: can't place more pipeline on heavy datanode： d29a58f4-bb42-4b4c-aa2d-f4bca2ff5103 Heaviness: 6 limit: 5
2019-09-25 11:08:47,273 [grpc-default-executor-1] INFO  impl.RaftServerProxy (RaftServerProxy.java:addNew(89)) - 2d6a7948-ad77-4bf1-924a-02baaf7fc5b0: addNew group-D55D7670FDB7:[2d6a7948-ad77-4bf1-924a-02baaf7fc5b0:192.168.30.6:36745] returns group-D55D7670FDB7:java.util.concurrent.CompletableFuture@920f430[Not completed]
2019-09-25 11:08:47,273 [pool-469-thread-1] INFO  impl.RaftServerImpl (RaftServerImpl.java:<init>(95)) - 2d6a7948-ad77-4bf1-924a-02baaf7fc5b0: new RaftServerImpl for group-D55D7670FDB7:[2d6a7948-ad77-4bf1-924a-02baaf7fc5b0:192.168.30.6:36745] with ContainerStateMachine:uninitialized
2019-09-25 11:08:47,273 [pool-469-thread-1] INFO  server.RaftServerConfigKeys (ConfUtils.java:logGet(43)) - raft.server.rpc.timeout.min = 5s (custom)
2019-09-25 11:08:47,274 [pool-469-thread-1] INFO  server.RaftServerConfigKeys (ConfUtils.java:logGet(43)) - raft.server.rpc.timeout.max = 5200ms (custom)
2019-09-25 11:08:47,274 [pool-469-thread-1] INFO  server.RaftServerConfigKeys (ConfUtils.java:logGet(43)) - raft.server.rpcslowness.timeout = 120s (custom)
2019-09-25 11:08:47,274 [pool-469-thread-1] INFO  server.RaftServerConfigKeys (ConfUtils.java:logGet(43)) - raft.server.sleep.deviation.threshold = 300 (default)
2019-09-25 11:08:47,274 [pool-469-thread-1] INFO  server.RaftServerConfigKeys (ConfUtils.java:logGet(43)) - raft.server.log.appender.install.snapshot.enabled = false (custom)
2019-09-25 11:08:47,274 [pool-469-thread-1] INFO  impl.RaftServerImpl (ServerState.java:<init>(103)) - 2d6a7948-ad77-4bf1-924a-02baaf7fc5b0@group-D55D7670FDB7: ConfigurationManager, init=-1: [2d6a7948-ad77-4bf1-924a-02baaf7fc5b0:192.168.30.6:36745], old=null, confs=<EMPTY_MAP>
2019-09-25 11:08:47,274 [pool-469-thread-1] INFO  server.RaftServerConfigKeys (ConfUtils.java:logGet(43)) - raft.server.storage.dir = [/workdir/hadoop-ozone/integration-test/target/test-dir/MiniOzoneClusterImpl-df822a65-554e-408c-8ca9-c8e2ba24269c/datanode-6/data/ratis] (custom)
2019-09-25 11:08:47,274 [pool-469-thread-1] INFO  storage.RaftStorageDirectory (RaftStorageDirectory.java:analyzeStorage(246)) - The storage directory /workdir/hadoop-ozone/integration-test/target/test-dir/MiniOzoneClusterImpl-df822a65-554e-408c-8ca9-c8e2ba24269c/datanode-6/data/ratis/fb07e1ed-984c-44c0-86f1-d55d7670fdb7 does not exist. Creating ...
2019-09-25 11:08:47,286 [pool-469-thread-1] INFO  storage.RaftStorageDirectory (RaftStorageDirectory.java:tryLock(328)) - Lock on /workdir/hadoop-ozone/integration-test/target/test-dir/MiniOzoneClusterImpl-df822a65-554e-408c-8ca9-c8e2ba24269c/datanode-6/data/ratis/fb07e1ed-984c-44c0-86f1-d55d7670fdb7/in_use.lock acquired by nodename 21763@pr-hdds-1569-5gmkr-4255264070
2019-09-25 11:08:47,299 [pool-469-thread-1] INFO  storage.RaftStorage (RaftStorage.java:format(72)) - Storage directory /workdir/hadoop-ozone/integration-test/target/test-dir/MiniOzoneClusterImpl-df822a65-554e-408c-8ca9-c8e2ba24269c/datanode-6/data/ratis/fb07e1ed-984c-44c0-86f1-d55d7670fdb7 has been successfully formatted.
2019-09-25 11:08:47,299 [pool-469-thread-1] INFO  ratis.ContainerStateMachine (ContainerStateMachine.java:loadSnapshot(230)) - group-D55D7670FDB7: The snapshot info is null. Setting the last applied indexto:(t:0, i:~)
2019-09-25 11:08:47,299 [pool-469-thread-1] INFO  server.RaftServerConfigKeys (ConfUtils.java:logGet(43)) - raft.server.notification.no-leader.timeout = 120s (custom)
2019-09-25 11:08:47,299 [pool-469-thread-1] INFO  server.RaftServerConfigKeys (ConfUtils.java:logGet(43)) - raft.server.log.use.memory = false (default)
2019-09-25 11:08:47,299 [pool-469-thread-1] INFO  server.RaftServerConfigKeys (ConfUtils.java:logGet(43)) - raft.server.log.purge.gap = 1000000 (custom)
2019-09-25 11:08:47,299 [pool-469-thread-1] INFO  server.RaftServerConfigKeys (ConfUtils.java:logGet(43)) - raft.server.log.appender.buffer.byte-limit = 33554432 (custom)
2019-09-25 11:08:47,299 [pool-469-thread-1] INFO  server.RaftServerConfigKeys (ConfUtils.java:logGet(43)) - raft.server.log.segment.size.max = 1048576 (custom)
2019-09-25 11:08:47,300 [pool-469-thread-1] INFO  server.RaftServerConfigKeys (ConfUtils.java:logGet(43)) - raft.server.log.segment.cache.num.max = 2 (custom)
2019-09-25 11:08:47,300 [pool-469-thread-1] INFO  segmented.SegmentedRaftLogWorker (SegmentedRaftLogWorker.java:<init>(172)) - new 2d6a7948-ad77-4bf1-924a-02baaf7fc5b0@group-D55D7670FDB7-SegmentedRaftLogWorker for RaftStorage:Storage Directory /workdir/hadoop-ozone/integration-test/target/test-dir/MiniOzoneClusterImpl-df822a65-554e-408c-8ca9-c8e2ba24269c/datanode-6/data/ratis/fb07e1ed-984c-44c0-86f1-d55d7670fdb7
2019-09-25 11:08:47,300 [pool-469-thread-1] INFO  server.RaftServerConfigKeys (ConfUtils.java:logGet(43)) - raft.server.log.queue.byte-limit = 2147483647 (custom)
2019-09-25 11:08:47,300 [pool-469-thread-1] INFO  server.RaftServerConfigKeys (ConfUtils.java:logGet(43)) - raft.server.log.queue.element-limit = 1024 (custom)
2019-09-25 11:08:47,300 [pool-469-thread-1] INFO  server.RaftServerConfigKeys (ConfUtils.java:logGet(43)) - raft.server.log.segment.size.max = 1048576 (custom)
2019-09-25 11:08:47,300 [pool-469-thread-1] INFO  server.RaftServerConfigKeys (ConfUtils.java:logGet(43)) - raft.server.log.preallocated.size = 16384 (custom)
2019-09-25 11:08:47,300 [pool-469-thread-1] INFO  server.RaftServerConfigKeys (ConfUtils.java:logGet(43)) - raft.server.log.write.buffer.size = 33554432 (custom)
2019-09-25 11:08:47,300 [pool-469-thread-1] INFO  server.RaftServerConfigKeys (ConfUtils.java:logGet(43)) - raft.server.log.force.sync.num = 128 (default)
2019-09-25 11:08:47,300 [pool-469-thread-1] INFO  server.RaftServerConfigKeys (ConfUtils.java:logGet(43)) - raft.server.log.statemachine.data.sync = true (default)
2019-09-25 11:08:47,300 [pool-469-thread-1] INFO  server.RaftServerConfigKeys (ConfUtils.java:logGet(43)) - raft.server.log.statemachine.data.sync.timeout = 10s (default)
2019-09-25 11:08:47,301 [pool-469-thread-1] INFO  server.RaftServerConfigKeys (ConfUtils.java:logGet(43)) - raft.server.log.statemachine.data.sync.timeout.retry = -1 (default)
2019-09-25 11:08:47,301 [pool-469-thread-1] INFO  server.RaftServerConfigKeys (ConfUtils.java:logGet(43)) - raft.server.log.statemachine.data.caching.enabled = true (custom)
2019-09-25 11:08:47,301 [pool-469-thread-1] INFO  segmented.SegmentedRaftLogWorker (SegmentedRaftLogWorker.java:lambda$new$0(132)) - 2d6a7948-ad77-4bf1-924a-02baaf7fc5b0@group-D55D7670FDB7-SegmentedRaftLogWorker: flushIndex: setUnconditionally 0 -> -1
2019-09-25 11:08:47,301 [pool-469-thread-1] INFO  server.RaftServerConfigKeys (ConfUtils.java:logGet(43)) - raft.server.snapshot.auto.trigger.enabled = true (custom)
2019-09-25 11:08:47,301 [pool-469-thread-1] INFO  server.RaftServerConfigKeys (ConfUtils.java:logGet(43)) - raft.server.snapshot.auto.trigger.threshold = 10000 (custom)
2019-09-25 11:08:47,301 [pool-469-thread-1] INFO  server.RaftServerConfigKeys (ConfUtils.java:logGet(43)) - raft.server.snapshot.retention.num.files = 5 (custom)
2019-09-25 11:08:47,301 [pool-469-thread-1] INFO  server.RaftServerConfigKeys (ConfUtils.java:logGet(43)) - raft.server.retrycache.expirytime = 600000ms (custom)
2019-09-25 11:08:47,303 [pool-469-thread-1] INFO  impl.RaftServerImpl (RaftServerImpl.java:start(185)) - 2d6a7948-ad77-4bf1-924a-02baaf7fc5b0@group-D55D7670FDB7: start as a follower, conf=-1: [2d6a7948-ad77-4bf1-924a-02baaf7fc5b0:192.168.30.6:36745], old=null
2019-09-25 11:08:47,303 [pool-469-thread-1] INFO  impl.RaftServerImpl (RaftServerImpl.java:setRole(174)) - 2d6a7948-ad77-4bf1-924a-02baaf7fc5b0@group-D55D7670FDB7: changes role from      null to FOLLOWER at term 0 for startAsFollower
2019-09-25 11:08:47,303 [pool-469-thread-1] INFO  impl.RoleInfo (RoleInfo.java:updateAndGet(143)) - 2d6a7948-ad77-4bf1-924a-02baaf7fc5b0: start FollowerState
2019-09-25 11:08:47,303 [pool-469-thread-1] INFO  util.JmxRegister (JmxRegister.java:tryRegister(44)) - Successfully registered JMX Bean with object name Ratis:service=RaftServer,group=group-D55D7670FDB7,id=2d6a7948-ad77-4bf1-924a-02baaf7fc5b0
2019-09-25 11:08:47,304 [RatisPipelineUtilsThread] INFO  pipeline.PipelineStateManager (PipelineStateManager.java:addPipeline(56)) - Created pipeline Pipeline[ Id: fb07e1ed-984c-44c0-86f1-d55d7670fdb7, Nodes: 2d6a7948-ad77-4bf1-924a-02baaf7fc5b0{ip: 192.168.30.6, host: pr-hdds-1569-5gmkr-4255264070, networkLocation: /default-rack, certSerialId: null}, Type:RATIS, Factor:ONE, State:OPEN]
2019-09-25 11:08:47,305 [RatisPipelineUtilsThread] INFO  pipeline.PipelinePlacementPolicy (PipelinePlacementPolicy.java:meetCriteria(91)) - Pipeline Placement: can't place more pipeline on heavy datanode： 975b33e8-e2cc-4a40-852a-f9fd970783fd Heaviness: 6 limit: 5
2019-09-25 11:08:47,305 [RatisPipelineUtilsThread] INFO  pipeline.PipelinePlacementPolicy (PipelinePlacementPolicy.java:meetCriteria(91)) - Pipeline Placement: can't place more pipeline on heavy datanode： 3f6fc67d-8e3f-4380-bdc7-5834d28b5411 Heaviness: 6 limit: 5
2019-09-25 11:08:47,305 [RatisPipelineUtilsThread] INFO  pipeline.PipelinePlacementPolicy (PipelinePlacementPolicy.java:meetCriteria(91)) - Pipeline Placement: can't place more pipeline on heavy datanode： 77f2c583-4ee9-4410-825c-925985ec9618 Heaviness: 6 limit: 5
2019-09-25 11:08:47,305 [RatisPipelineUtilsThread] INFO  pipeline.PipelinePlacementPolicy (PipelinePlacementPolicy.java:meetCriteria(91)) - Pipeline Placement: can't place more pipeline on heavy datanode： 47e44219-9d14-4cb3-978d-901354c5ccca Heaviness: 6 limit: 5
2019-09-25 11:08:47,305 [RatisPipelineUtilsThread] INFO  pipeline.PipelinePlacementPolicy (PipelinePlacementPolicy.java:meetCriteria(91)) - Pipeline Placement: can't place more pipeline on heavy datanode： 2d6a7948-ad77-4bf1-924a-02baaf7fc5b0 Heaviness: 6 limit: 5
2019-09-25 11:08:47,305 [RatisPipelineUtilsThread] INFO  pipeline.PipelinePlacementPolicy (PipelinePlacementPolicy.java:meetCriteria(91)) - Pipeline Placement: can't place more pipeline on heavy datanode： a910ee62-e7d5-4551-8567-f4bec92df57f Heaviness: 6 limit: 5
2019-09-25 11:08:47,305 [RatisPipelineUtilsThread] INFO  pipeline.PipelinePlacementPolicy (PipelinePlacementPolicy.java:meetCriteria(91)) - Pipeline Placement: can't place more pipeline on heavy datanode： d29a58f4-bb42-4b4c-aa2d-f4bca2ff5103 Heaviness: 6 limit: 5
2019-09-25 11:08:47,306 [RatisPipelineUtilsThread] ERROR pipeline.PipelinePlacementPolicy (PipelinePlacementPolicy.java:filterViableNodes(148)) - Unable to find enough nodes that meet the criteria that cannot engage in more than 5 pipelines. Nodes required: 1 Found: 0, healthy nodes count inNodeManager: 7.
2019-09-25 11:08:47,306 [RatisPipelineUtilsThread] ERROR pipeline.SCMPipelineManager (SCMPipelineManager.java:createPipeline(167)) - Pipeline creation failed.
org.apache.hadoop.hdds.scm.exceptions.SCMException: Unable to find enough nodes that meet the criteria that cannot engage in more than 5 pipelines. Nodes required: 1 Found: 0, healthy nodes count inNodeManager: 7.
	at org.apache.hadoop.hdds.scm.pipeline.PipelinePlacementPolicy.filterViableNodes(PipelinePlacementPolicy.java:149)
	at org.apache.hadoop.hdds.scm.pipeline.PipelinePlacementPolicy.chooseDatanodes(PipelinePlacementPolicy.java:172)
	at org.apache.hadoop.hdds.scm.pipeline.RatisPipelineProvider.create(RatisPipelineProvider.java:93)
	at org.apache.hadoop.hdds.scm.pipeline.PipelineFactory.create(PipelineFactory.java:58)
	at org.apache.hadoop.hdds.scm.pipeline.SCMPipelineManager.createPipeline(SCMPipelineManager.java:155)
	at org.apache.hadoop.hdds.scm.pipeline.BackgroundPipelineCreator.createPipelines(BackgroundPipelineCreator.java:99)
	at java.util.concurrent.Executors$RunnableAdapter.call(Executors.java:511)
	at java.util.concurrent.FutureTask.run(FutureTask.java:266)
	at java.util.concurrent.ScheduledThreadPoolExecutor$ScheduledFutureTask.access$201(ScheduledThreadPoolExecutor.java:180)
	at java.util.concurrent.ScheduledThreadPoolExecutor$ScheduledFutureTask.run(ScheduledThreadPoolExecutor.java:293)
	at java.util.concurrent.ThreadPoolExecutor.runWorker(ThreadPoolExecutor.java:1149)
	at java.util.concurrent.ThreadPoolExecutor$Worker.run(ThreadPoolExecutor.java:624)
	at java.lang.Thread.run(Thread.java:748)
2019-09-25 11:08:47,306 [RatisPipelineUtilsThread] INFO  pipeline.PipelinePlacementPolicy (PipelinePlacementPolicy.java:meetCriteria(91)) - Pipeline Placement: can't place more pipeline on heavy datanode： 975b33e8-e2cc-4a40-852a-f9fd970783fd Heaviness: 6 limit: 5
2019-09-25 11:08:47,306 [RatisPipelineUtilsThread] INFO  pipeline.PipelinePlacementPolicy (PipelinePlacementPolicy.java:meetCriteria(91)) - Pipeline Placement: can't place more pipeline on heavy datanode： 3f6fc67d-8e3f-4380-bdc7-5834d28b5411 Heaviness: 6 limit: 5
2019-09-25 11:08:47,306 [RatisPipelineUtilsThread] INFO  pipeline.PipelinePlacementPolicy (PipelinePlacementPolicy.java:meetCriteria(91)) - Pipeline Placement: can't place more pipeline on heavy datanode： 77f2c583-4ee9-4410-825c-925985ec9618 Heaviness: 6 limit: 5
2019-09-25 11:08:47,306 [RatisPipelineUtilsThread] INFO  pipeline.PipelinePlacementPolicy (PipelinePlacementPolicy.java:meetCriteria(91)) - Pipeline Placement: can't place more pipeline on heavy datanode： 47e44219-9d14-4cb3-978d-901354c5ccca Heaviness: 6 limit: 5
2019-09-25 11:08:47,306 [RatisPipelineUtilsThread] INFO  pipeline.PipelinePlacementPolicy (PipelinePlacementPolicy.java:meetCriteria(91)) - Pipeline Placement: can't place more pipeline on heavy datanode： 2d6a7948-ad77-4bf1-924a-02baaf7fc5b0 Heaviness: 6 limit: 5
2019-09-25 11:08:47,307 [RatisPipelineUtilsThread] INFO  pipeline.PipelinePlacementPolicy (PipelinePlacementPolicy.java:meetCriteria(91)) - Pipeline Placement: can't place more pipeline on heavy datanode： a910ee62-e7d5-4551-8567-f4bec92df57f Heaviness: 6 limit: 5
2019-09-25 11:08:47,307 [RatisPipelineUtilsThread] INFO  pipeline.PipelinePlacementPolicy (PipelinePlacementPolicy.java:meetCriteria(91)) - Pipeline Placement: can't place more pipeline on heavy datanode： d29a58f4-bb42-4b4c-aa2d-f4bca2ff5103 Heaviness: 6 limit: 5
2019-09-25 11:08:47,307 [RatisPipelineUtilsThread] ERROR pipeline.PipelinePlacementPolicy (PipelinePlacementPolicy.java:filterViableNodes(148)) - Unable to find enough nodes that meet the criteria that cannot engage in more than 5 pipelines. Nodes required: 3 Found: 0, healthy nodes count inNodeManager: 7.
2019-09-25 11:08:47,307 [RatisPipelineUtilsThread] ERROR pipeline.SCMPipelineManager (SCMPipelineManager.java:createPipeline(167)) - Pipeline creation failed.
org.apache.hadoop.hdds.scm.exceptions.SCMException: Unable to find enough nodes that meet the criteria that cannot engage in more than 5 pipelines. Nodes required: 3 Found: 0, healthy nodes count inNodeManager: 7.
	at org.apache.hadoop.hdds.scm.pipeline.PipelinePlacementPolicy.filterViableNodes(PipelinePlacementPolicy.java:149)
	at org.apache.hadoop.hdds.scm.pipeline.PipelinePlacementPolicy.chooseDatanodes(PipelinePlacementPolicy.java:172)
	at org.apache.hadoop.hdds.scm.pipeline.RatisPipelineProvider.create(RatisPipelineProvider.java:93)
	at org.apache.hadoop.hdds.scm.pipeline.PipelineFactory.create(PipelineFactory.java:58)
	at org.apache.hadoop.hdds.scm.pipeline.SCMPipelineManager.createPipeline(SCMPipelineManager.java:155)
	at org.apache.hadoop.hdds.scm.pipeline.BackgroundPipelineCreator.createPipelines(BackgroundPipelineCreator.java:99)
	at java.util.concurrent.Executors$RunnableAdapter.call(Executors.java:511)
	at java.util.concurrent.FutureTask.run(FutureTask.java:266)
	at java.util.concurrent.ScheduledThreadPoolExecutor$ScheduledFutureTask.access$201(ScheduledThreadPoolExecutor.java:180)
	at java.util.concurrent.ScheduledThreadPoolExecutor$ScheduledFutureTask.run(ScheduledThreadPoolExecutor.java:293)
	at java.util.concurrent.ThreadPoolExecutor.runWorker(ThreadPoolExecutor.java:1149)
	at java.util.concurrent.ThreadPoolExecutor$Worker.run(ThreadPoolExecutor.java:624)
	at java.lang.Thread.run(Thread.java:748)
2019-09-25 11:08:47,307 [RatisPipelineUtilsThread] INFO  pipeline.PipelinePlacementPolicy (PipelinePlacementPolicy.java:meetCriteria(91)) - Pipeline Placement: can't place more pipeline on heavy datanode： 975b33e8-e2cc-4a40-852a-f9fd970783fd Heaviness: 6 limit: 5
2019-09-25 11:08:47,307 [RatisPipelineUtilsThread] INFO  pipeline.PipelinePlacementPolicy (PipelinePlacementPolicy.java:meetCriteria(91)) - Pipeline Placement: can't place more pipeline on heavy datanode： 3f6fc67d-8e3f-4380-bdc7-5834d28b5411 Heaviness: 6 limit: 5
2019-09-25 11:08:47,308 [RatisPipelineUtilsThread] INFO  pipeline.PipelinePlacementPolicy (PipelinePlacementPolicy.java:meetCriteria(91)) - Pipeline Placement: can't place more pipeline on heavy datanode： 77f2c583-4ee9-4410-825c-925985ec9618 Heaviness: 6 limit: 5
2019-09-25 11:08:47,308 [RatisPipelineUtilsThread] INFO  pipeline.PipelinePlacementPolicy (PipelinePlacementPolicy.java:meetCriteria(91)) - Pipeline Placement: can't place more pipeline on heavy datanode： 47e44219-9d14-4cb3-978d-901354c5ccca Heaviness: 6 limit: 5
2019-09-25 11:08:47,308 [RatisPipelineUtilsThread] INFO  pipeline.PipelinePlacementPolicy (PipelinePlacementPolicy.java:meetCriteria(91)) - Pipeline Placement: can't place more pipeline on heavy datanode： 2d6a7948-ad77-4bf1-924a-02baaf7fc5b0 Heaviness: 6 limit: 5
2019-09-25 11:08:47,308 [RatisPipelineUtilsThread] INFO  pipeline.PipelinePlacementPolicy (PipelinePlacementPolicy.java:meetCriteria(91)) - Pipeline Placement: can't place more pipeline on heavy datanode： a910ee62-e7d5-4551-8567-f4bec92df57f Heaviness: 6 limit: 5
2019-09-25 11:08:47,308 [RatisPipelineUtilsThread] INFO  pipeline.PipelinePlacementPolicy (PipelinePlacementPolicy.java:meetCriteria(91)) - Pipeline Placement: can't place more pipeline on heavy datanode： d29a58f4-bb42-4b4c-aa2d-f4bca2ff5103 Heaviness: 6 limit: 5
2019-09-25 11:08:47,308 [RatisPipelineUtilsThread] ERROR pipeline.PipelinePlacementPolicy (PipelinePlacementPolicy.java:filterViableNodes(148)) - Unable to find enough nodes that meet the criteria that cannot engage in more than 5 pipelines. Nodes required: 1 Found: 0, healthy nodes count inNodeManager: 7.
2019-09-25 11:08:47,308 [RatisPipelineUtilsThread] ERROR pipeline.SCMPipelineManager (SCMPipelineManager.java:createPipeline(167)) - Pipeline creation failed.
org.apache.hadoop.hdds.scm.exceptions.SCMException: Unable to find enough nodes that meet the criteria that cannot engage in more than 5 pipelines. Nodes required: 1 Found: 0, healthy nodes count inNodeManager: 7.
	at org.apache.hadoop.hdds.scm.pipeline.PipelinePlacementPolicy.filterViableNodes(PipelinePlacementPolicy.java:149)
	at org.apache.hadoop.hdds.scm.pipeline.PipelinePlacementPolicy.chooseDatanodes(PipelinePlacementPolicy.java:172)
	at org.apache.hadoop.hdds.scm.pipeline.RatisPipelineProvider.create(RatisPipelineProvider.java:93)
	at org.apache.hadoop.hdds.scm.pipeline.PipelineFactory.create(PipelineFactory.java:58)
	at org.apache.hadoop.hdds.scm.pipeline.SCMPipelineManager.createPipeline(SCMPipelineManager.java:155)
	at org.apache.hadoop.hdds.scm.pipeline.BackgroundPipelineCreator.createPipelines(BackgroundPipelineCreator.java:99)
	at org.apache.hadoop.hdds.scm.pipeline.BackgroundPipelineCreator.lambda$startFixedIntervalPipelineCreator$0(BackgroundPipelineCreator.java:70)
	at java.util.concurrent.Executors$RunnableAdapter.call(Executors.java:511)
	at java.util.concurrent.FutureTask.runAndReset(FutureTask.java:308)
	at java.util.concurrent.ScheduledThreadPoolExecutor$ScheduledFutureTask.access$301(ScheduledThreadPoolExecutor.java:180)
	at java.util.concurrent.ScheduledThreadPoolExecutor$ScheduledFutureTask.run(ScheduledThreadPoolExecutor.java:294)
	at java.util.concurrent.ThreadPoolExecutor.runWorker(ThreadPoolExecutor.java:1149)
	at java.util.concurrent.ThreadPoolExecutor$Worker.run(ThreadPoolExecutor.java:624)
	at java.lang.Thread.run(Thread.java:748)
2019-09-25 11:08:47,309 [IPC Server handler 16 on 35653] INFO  pipeline.PipelinePlacementPolicy (PipelinePlacementPolicy.java:meetCriteria(91)) - Pipeline Placement: can't place more pipeline on heavy datanode： 975b33e8-e2cc-4a40-852a-f9fd970783fd Heaviness: 6 limit: 5
2019-09-25 11:08:47,309 [IPC Server handler 16 on 35653] INFO  pipeline.PipelinePlacementPolicy (PipelinePlacementPolicy.java:meetCriteria(91)) - Pipeline Placement: can't place more pipeline on heavy datanode： 3f6fc67d-8e3f-4380-bdc7-5834d28b5411 Heaviness: 6 limit: 5
2019-09-25 11:08:47,309 [IPC Server handler 16 on 35653] INFO  pipeline.PipelinePlacementPolicy (PipelinePlacementPolicy.java:meetCriteria(91)) - Pipeline Placement: can't place more pipeline on heavy datanode： 77f2c583-4ee9-4410-825c-925985ec9618 Heaviness: 6 limit: 5
2019-09-25 11:08:47,309 [IPC Server handler 16 on 35653] INFO  pipeline.PipelinePlacementPolicy (PipelinePlacementPolicy.java:meetCriteria(91)) - Pipeline Placement: can't place more pipeline on heavy datanode： 47e44219-9d14-4cb3-978d-901354c5ccca Heaviness: 6 limit: 5
2019-09-25 11:08:47,309 [IPC Server handler 16 on 35653] INFO  pipeline.PipelinePlacementPolicy (PipelinePlacementPolicy.java:meetCriteria(91)) - Pipeline Placement: can't place more pipeline on heavy datanode： 2d6a7948-ad77-4bf1-924a-02baaf7fc5b0 Heaviness: 6 limit: 5
2019-09-25 11:08:47,309 [IPC Server handler 16 on 35653] INFO  pipeline.PipelinePlacementPolicy (PipelinePlacementPolicy.java:meetCriteria(91)) - Pipeline Placement: can't place more pipeline on heavy datanode： a910ee62-e7d5-4551-8567-f4bec92df57f Heaviness: 6 limit: 5
2019-09-25 11:08:47,309 [IPC Server handler 16 on 35653] INFO  pipeline.PipelinePlacementPolicy (PipelinePlacementPolicy.java:meetCriteria(91)) - Pipeline Placement: can't place more pipeline on heavy datanode： d29a58f4-bb42-4b4c-aa2d-f4bca2ff5103 Heaviness: 6 limit: 5
2019-09-25 11:08:47,309 [IPC Server handler 16 on 35653] ERROR pipeline.PipelinePlacementPolicy (PipelinePlacementPolicy.java:filterViableNodes(148)) - Unable to find enough nodes that meet the criteria that cannot engage in more than 5 pipelines. Nodes required: 3 Found: 0, healthy nodes count inNodeManager: 7.
2019-09-25 11:08:47,310 [IPC Server handler 16 on 35653] ERROR pipeline.SCMPipelineManager (SCMPipelineManager.java:createPipeline(167)) - Pipeline creation failed.
org.apache.hadoop.hdds.scm.exceptions.SCMException: Unable to find enough nodes that meet the criteria that cannot engage in more than 5 pipelines. Nodes required: 3 Found: 0, healthy nodes count inNodeManager: 7.
	at org.apache.hadoop.hdds.scm.pipeline.PipelinePlacementPolicy.filterViableNodes(PipelinePlacementPolicy.java:149)
	at org.apache.hadoop.hdds.scm.pipeline.PipelinePlacementPolicy.chooseDatanodes(PipelinePlacementPolicy.java:172)
	at org.apache.hadoop.hdds.scm.pipeline.RatisPipelineProvider.create(RatisPipelineProvider.java:93)
	at org.apache.hadoop.hdds.scm.pipeline.PipelineFactory.create(PipelineFactory.java:58)
	at org.apache.hadoop.hdds.scm.pipeline.SCMPipelineManager.createPipeline(SCMPipelineManager.java:155)
	at org.apache.hadoop.hdds.scm.block.BlockManagerImpl.allocateBlock(BlockManagerImpl.java:190)
	at org.apache.hadoop.hdds.scm.server.SCMBlockProtocolServer.allocateBlock(SCMBlockProtocolServer.java:182)
	at org.apache.hadoop.ozone.protocolPB.ScmBlockLocationProtocolServerSideTranslatorPB.allocateScmBlock(ScmBlockLocationProtocolServerSideTranslatorPB.java:183)
	at org.apache.hadoop.ozone.protocolPB.ScmBlockLocationProtocolServerSideTranslatorPB.processMessage(ScmBlockLocationProtocolServerSideTranslatorPB.java:141)
	at org.apache.hadoop.ozone.protocolPB.ScmBlockLocationProtocolServerSideTranslatorPB.send(ScmBlockLocationProtocolServerSideTranslatorPB.java:116)
	at org.apache.hadoop.hdds.protocol.proto.ScmBlockLocationProtocolProtos$ScmBlockLocationProtocolService$2.callBlockingMethod(ScmBlockLocationProtocolProtos.java:13157)
	at org.apache.hadoop.ipc.ProtobufRpcEngine$Server$ProtoBufRpcInvoker.call(ProtobufRpcEngine.java:524)
	at org.apache.hadoop.ipc.RPC$Server.call(RPC.java:1025)
	at org.apache.hadoop.ipc.Server$RpcCall.run(Server.java:876)
	at org.apache.hadoop.ipc.Server$RpcCall.run(Server.java:822)
	at java.security.AccessController.doPrivileged(Native Method)
	at javax.security.auth.Subject.doAs(Subject.java:422)
	at org.apache.hadoop.security.UserGroupInformation.doAs(UserGroupInformation.java:1730)
	at org.apache.hadoop.ipc.Server$Handler.run(Server.java:2682)
2019-09-25 11:08:47,310 [IPC Server handler 16 on 35653] WARN  block.BlockManagerImpl (BlockManagerImpl.java:allocateBlock(192)) - Pipeline creation failed for type:RATIS factor:THREE. Retrying get pipelines call once.
org.apache.hadoop.hdds.scm.exceptions.SCMException: Unable to find enough nodes that meet the criteria that cannot engage in more than 5 pipelines. Nodes required: 3 Found: 0, healthy nodes count inNodeManager: 7.
	at org.apache.hadoop.hdds.scm.pipeline.PipelinePlacementPolicy.filterViableNodes(PipelinePlacementPolicy.java:149)
	at org.apache.hadoop.hdds.scm.pipeline.PipelinePlacementPolicy.chooseDatanodes(PipelinePlacementPolicy.java:172)
	at org.apache.hadoop.hdds.scm.pipeline.RatisPipelineProvider.create(RatisPipelineProvider.java:93)
	at org.apache.hadoop.hdds.scm.pipeline.PipelineFactory.create(PipelineFactory.java:58)
	at org.apache.hadoop.hdds.scm.pipeline.SCMPipelineManager.createPipeline(SCMPipelineManager.java:155)
	at org.apache.hadoop.hdds.scm.block.BlockManagerImpl.allocateBlock(BlockManagerImpl.java:190)
	at org.apache.hadoop.hdds.scm.server.SCMBlockProtocolServer.allocateBlock(SCMBlockProtocolServer.java:182)
	at org.apache.hadoop.ozone.protocolPB.ScmBlockLocationProtocolServerSideTranslatorPB.allocateScmBlock(ScmBlockLocationProtocolServerSideTranslatorPB.java:183)
	at org.apache.hadoop.ozone.protocolPB.ScmBlockLocationProtocolServerSideTranslatorPB.processMessage(ScmBlockLocationProtocolServerSideTranslatorPB.java:141)
	at org.apache.hadoop.ozone.protocolPB.ScmBlockLocationProtocolServerSideTranslatorPB.send(ScmBlockLocationProtocolServerSideTranslatorPB.java:116)
	at org.apache.hadoop.hdds.protocol.proto.ScmBlockLocationProtocolProtos$ScmBlockLocationProtocolService$2.callBlockingMethod(ScmBlockLocationProtocolProtos.java:13157)
	at org.apache.hadoop.ipc.ProtobufRpcEngine$Server$ProtoBufRpcInvoker.call(ProtobufRpcEngine.java:524)
	at org.apache.hadoop.ipc.RPC$Server.call(RPC.java:1025)
	at org.apache.hadoop.ipc.Server$RpcCall.run(Server.java:876)
	at org.apache.hadoop.ipc.Server$RpcCall.run(Server.java:822)
	at java.security.AccessController.doPrivileged(Native Method)
	at javax.security.auth.Subject.doAs(Subject.java:422)
	at org.apache.hadoop.security.UserGroupInformation.doAs(UserGroupInformation.java:1730)
	at org.apache.hadoop.ipc.Server$Handler.run(Server.java:2682)
2019-09-25 11:08:47,310 [RatisPipelineUtilsThread] INFO  pipeline.PipelinePlacementPolicy (PipelinePlacementPolicy.java:meetCriteria(91)) - Pipeline Placement: can't place more pipeline on heavy datanode： 975b33e8-e2cc-4a40-852a-f9fd970783fd Heaviness: 6 limit: 5
2019-09-25 11:08:47,310 [RatisPipelineUtilsThread] INFO  pipeline.PipelinePlacementPolicy (PipelinePlacementPolicy.java:meetCriteria(91)) - Pipeline Placement: can't place more pipeline on heavy datanode： 3f6fc67d-8e3f-4380-bdc7-5834d28b5411 Heaviness: 6 limit: 5
2019-09-25 11:08:47,310 [RatisPipelineUtilsThread] INFO  pipeline.PipelinePlacementPolicy (PipelinePlacementPolicy.java:meetCriteria(91)) - Pipeline Placement: can't place more pipeline on heavy datanode： 77f2c583-4ee9-4410-825c-925985ec9618 Heaviness: 6 limit: 5
2019-09-25 11:08:47,311 [RatisPipelineUtilsThread] INFO  pipeline.PipelinePlacementPolicy (PipelinePlacementPolicy.java:meetCriteria(91)) - Pipeline Placement: can't place more pipeline on heavy datanode： 47e44219-9d14-4cb3-978d-901354c5ccca Heaviness: 6 limit: 5
2019-09-25 11:08:47,311 [RatisPipelineUtilsThread] INFO  pipeline.PipelinePlacementPolicy (PipelinePlacementPolicy.java:meetCriteria(91)) - Pipeline Placement: can't place more pipeline on heavy datanode： 2d6a7948-ad77-4bf1-924a-02baaf7fc5b0 Heaviness: 6 limit: 5
2019-09-25 11:08:47,311 [RatisPipelineUtilsThread] INFO  pipeline.PipelinePlacementPolicy (PipelinePlacementPolicy.java:meetCriteria(91)) - Pipeline Placement: can't place more pipeline on heavy datanode： a910ee62-e7d5-4551-8567-f4bec92df57f Heaviness: 6 limit: 5
2019-09-25 11:08:47,311 [RatisPipelineUtilsThread] INFO  pipeline.PipelinePlacementPolicy (PipelinePlacementPolicy.java:meetCriteria(91)) - Pipeline Placement: can't place more pipeline on heavy datanode： d29a58f4-bb42-4b4c-aa2d-f4bca2ff5103 Heaviness: 6 limit: 5
2019-09-25 11:08:47,311 [RatisPipelineUtilsThread] ERROR pipeline.PipelinePlacementPolicy (PipelinePlacementPolicy.java:filterViableNodes(148)) - Unable to find enough nodes that meet the criteria that cannot engage in more than 5 pipelines. Nodes required: 3 Found: 0, healthy nodes count inNodeManager: 7.
2019-09-25 11:08:47,311 [RatisPipelineUtilsThread] ERROR pipeline.SCMPipelineManager (SCMPipelineManager.java:createPipeline(167)) - Pipeline creation failed.
org.apache.hadoop.hdds.scm.exceptions.SCMException: Unable to find enough nodes that meet the criteria that cannot engage in more than 5 pipelines. Nodes required: 3 Found: 0, healthy nodes count inNodeManager: 7.
	at org.apache.hadoop.hdds.scm.pipeline.PipelinePlacementPolicy.filterViableNodes(PipelinePlacementPolicy.java:149)
	at org.apache.hadoop.hdds.scm.pipeline.PipelinePlacementPolicy.chooseDatanodes(PipelinePlacementPolicy.java:172)
	at org.apache.hadoop.hdds.scm.pipeline.RatisPipelineProvider.create(RatisPipelineProvider.java:93)
	at org.apache.hadoop.hdds.scm.pipeline.PipelineFactory.create(PipelineFactory.java:58)
	at org.apache.hadoop.hdds.scm.pipeline.SCMPipelineManager.createPipeline(SCMPipelineManager.java:155)
	at org.apache.hadoop.hdds.scm.pipeline.BackgroundPipelineCreator.createPipelines(BackgroundPipelineCreator.java:99)
	at org.apache.hadoop.hdds.scm.pipeline.BackgroundPipelineCreator.lambda$startFixedIntervalPipelineCreator$0(BackgroundPipelineCreator.java:70)
	at java.util.concurrent.Executors$RunnableAdapter.call(Executors.java:511)
	at java.util.concurrent.FutureTask.runAndReset(FutureTask.java:308)
	at java.util.concurrent.ScheduledThreadPoolExecutor$ScheduledFutureTask.access$301(ScheduledThreadPoolExecutor.java:180)
	at java.util.concurrent.ScheduledThreadPoolExecutor$ScheduledFutureTask.run(ScheduledThreadPoolExecutor.java:294)
	at java.util.concurrent.ThreadPoolExecutor.runWorker(ThreadPoolExecutor.java:1149)
	at java.util.concurrent.ThreadPoolExecutor$Worker.run(ThreadPoolExecutor.java:624)
	at java.lang.Thread.run(Thread.java:748)
2019-09-25 11:08:47,311 [IPC Server handler 16 on 35653] INFO  block.BlockManagerImpl (BlockManagerImpl.java:allocateBlock(198)) - Could not find available pipeline of type:RATIS and factor:THREE even after retrying
2019-09-25 11:08:47,312 [IPC Server handler 16 on 35653] ERROR block.BlockManagerImpl (BlockManagerImpl.java:allocateBlock(222)) - Unable to allocate a block for the size: 800, type: RATIS, factor: THREE
2019-09-25 11:08:47,317 [main] INFO  ozone.MiniOzoneClusterImpl (MiniOzoneClusterImpl.java:shutdown(314)) - Shutting down the Mini Ozone Cluster
2019-09-25 11:08:47,317 [main] INFO  ozone.MiniOzoneClusterImpl (MiniOzoneClusterImpl.java:stop(330)) - Stopping the Mini Ozone Cluster
2019-09-25 11:08:47,317 [main] INFO  ozone.MiniOzoneClusterImpl (MiniOzoneClusterImpl.java:stopOM(400)) - Stopping the OzoneManager
2019-09-25 11:08:47,317 [main] INFO  ipc.Server (Server.java:stop(3082)) - Stopping server on 45139
2019-09-25 11:08:47,327 [IPC Server listener on 45139] INFO  ipc.Server (Server.java:run(1185)) - Stopping IPC Server listener on 45139
2019-09-25 11:08:47,331 [main] INFO  ratis.OzoneManagerDoubleBuffer (OzoneManagerDoubleBuffer.java:stop(248)) - Stopping OMDoubleBuffer flush thread
2019-09-25 11:08:47,331 [IPC Server Responder] INFO  ipc.Server (Server.java:run(1319)) - Stopping IPC Server Responder
2019-09-25 11:08:47,331 [OMDoubleBufferFlushThread] INFO  ratis.OzoneManagerDoubleBuffer (OzoneManagerDoubleBuffer.java:flushTransactions(191)) - OMDoubleBuffer flush thread OMDoubleBufferFlushThread is interrupted and will exit. OMDoubleBufferFlushThread
2019-09-25 11:08:47,340 [main] INFO  utils.BackgroundService (BackgroundService.java:shutdown(148)) - Shutting down service KeyDeletingService
2019-09-25 11:08:47,358 [main] INFO  handler.ContextHandler (ContextHandler.java:doStop(910)) - Stopped o.e.j.w.WebAppContext@87f501f{/,null,UNAVAILABLE}{/ozoneManager}
2019-09-25 11:08:47,358 [main] INFO  server.AbstractConnector (AbstractConnector.java:doStop(318)) - Stopped ServerConnector@54495935{HTTP/1.1,[http/1.1]}{0.0.0.0:0}
2019-09-25 11:08:47,359 [main] INFO  handler.ContextHandler (ContextHandler.java:doStop(910)) - Stopped o.e.j.s.ServletContextHandler@e3899fd{/static,file:///workdir/hadoop-ozone/integration-test/target/test-classes/webapps/static,UNAVAILABLE}
2019-09-25 11:08:47,359 [main] INFO  handler.ContextHandler (ContextHandler.java:doStop(910)) - Stopped o.e.j.s.ServletContextHandler@2ce524d2{/logs,file:///workdir/hadoop-ozone/integration-test/target/log,UNAVAILABLE}
2019-09-25 11:08:47,360 [main] INFO  ozone.MiniOzoneClusterImpl (MiniOzoneClusterImpl.java:stopDatanodes(377)) - Stopping the HddsDatanodes
2019-09-25 11:08:47,807 [Datanode State Machine Thread - 0] INFO  statemachine.DatanodeStateMachine (DatanodeStateMachine.java:lambda$startDaemon$0(350)) - Ozone container server started.
2019-09-25 11:08:48,032 [Datanode State Machine Thread - 0] INFO  statemachine.DatanodeStateMachine (DatanodeStateMachine.java:lambda$startDaemon$0(350)) - Ozone container server started.
2019-09-25 11:08:48,753 [Thread-2640] INFO  container.ReplicationManager (ReplicationManager.java:start(163)) - Starting Replication Monitor Thread.
2019-09-25 11:08:48,757 [ReplicationMonitor] INFO  container.ReplicationManager (ReplicationManager.java:run(226)) - Replication Monitor Thread took 0 milliseconds for processing 0 containers.
2019-09-25 11:08:50,813 [EventQueue-StaleNodeForStaleNodeHandler] INFO  node.StaleNodeHandler (StaleNodeHandler.java:onMessage(58)) - Datanode 3f6fc67d-8e3f-4380-bdc7-5834d28b5411{ip: 192.168.30.6, host: pr-hdds-1569-5gmkr-4255264070, networkLocation: /default-rack, certSerialId: null} moved to stale state. Finalizing its pipelines [PipelineID=a081cd81-ca02-4568-98db-cc362afc04eb, PipelineID=5a40bed5-42b5-43b3-8086-f8bc442f7217, PipelineID=8a23ffea-13bc-40f8-b6a1-3192b27536f9, PipelineID=a3eb9bc1-b13c-4e19-ad72-6fb6547abc27, PipelineID=cf98d390-6561-47cf-b6a4-a36de1f55dc3, PipelineID=d2008751-b23e-40d9-bccf-f0713188ce3a]
2019-09-25 11:08:50,814 [EventQueue-StaleNodeForStaleNodeHandler] INFO  pipeline.SCMPipelineManager (SCMPipelineManager.java:finalizeAndDestroyPipeline(316)) - destroying pipeline:Pipeline[ Id: a081cd81-ca02-4568-98db-cc362afc04eb, Nodes: 3f6fc67d-8e3f-4380-bdc7-5834d28b5411{ip: 192.168.30.6, host: pr-hdds-1569-5gmkr-4255264070, networkLocation: /default-rack, certSerialId: null}, Type:RATIS, Factor:ONE, State:OPEN]
2019-09-25 11:08:50,814 [EventQueue-StaleNodeForStaleNodeHandler] INFO  pipeline.PipelineStateManager (PipelineStateManager.java:finalizePipeline(123)) - Pipeline Pipeline[ Id: a081cd81-ca02-4568-98db-cc362afc04eb, Nodes: 3f6fc67d-8e3f-4380-bdc7-5834d28b5411{ip: 192.168.30.6, host: pr-hdds-1569-5gmkr-4255264070, networkLocation: /default-rack, certSerialId: null}, Type:RATIS, Factor:ONE, State:CLOSED] moved to CLOSED state
2019-09-25 11:08:50,814 [EventQueue-StaleNodeForStaleNodeHandler] INFO  pipeline.SCMPipelineManager (SCMPipelineManager.java:finalizeAndDestroyPipeline(316)) - destroying pipeline:Pipeline[ Id: 5a40bed5-42b5-43b3-8086-f8bc442f7217, Nodes: 3f6fc67d-8e3f-4380-bdc7-5834d28b5411{ip: 192.168.30.6, host: pr-hdds-1569-5gmkr-4255264070, networkLocation: /default-rack, certSerialId: null}, Type:RATIS, Factor:ONE, State:OPEN]
2019-09-25 11:08:50,814 [EventQueue-StaleNodeForStaleNodeHandler] INFO  pipeline.PipelineStateManager (PipelineStateManager.java:finalizePipeline(123)) - Pipeline Pipeline[ Id: 5a40bed5-42b5-43b3-8086-f8bc442f7217, Nodes: 3f6fc67d-8e3f-4380-bdc7-5834d28b5411{ip: 192.168.30.6, host: pr-hdds-1569-5gmkr-4255264070, networkLocation: /default-rack, certSerialId: null}, Type:RATIS, Factor:ONE, State:CLOSED] moved to CLOSED state
2019-09-25 11:08:50,814 [EventQueue-StaleNodeForStaleNodeHandler] INFO  pipeline.SCMPipelineManager (SCMPipelineManager.java:finalizeAndDestroyPipeline(316)) - destroying pipeline:Pipeline[ Id: 8a23ffea-13bc-40f8-b6a1-3192b27536f9, Nodes: 3f6fc67d-8e3f-4380-bdc7-5834d28b5411{ip: 192.168.30.6, host: pr-hdds-1569-5gmkr-4255264070, networkLocation: /default-rack, certSerialId: null}, Type:RATIS, Factor:ONE, State:OPEN]
2019-09-25 11:08:50,814 [EventQueue-StaleNodeForStaleNodeHandler] INFO  pipeline.PipelineStateManager (PipelineStateManager.java:finalizePipeline(123)) - Pipeline Pipeline[ Id: 8a23ffea-13bc-40f8-b6a1-3192b27536f9, Nodes: 3f6fc67d-8e3f-4380-bdc7-5834d28b5411{ip: 192.168.30.6, host: pr-hdds-1569-5gmkr-4255264070, networkLocation: /default-rack, certSerialId: null}, Type:RATIS, Factor:ONE, State:CLOSED] moved to CLOSED state
2019-09-25 11:08:50,815 [EventQueue-StaleNodeForStaleNodeHandler] INFO  pipeline.SCMPipelineManager (SCMPipelineManager.java:finalizeAndDestroyPipeline(316)) - destroying pipeline:Pipeline[ Id: a3eb9bc1-b13c-4e19-ad72-6fb6547abc27, Nodes: 3f6fc67d-8e3f-4380-bdc7-5834d28b5411{ip: 192.168.30.6, host: pr-hdds-1569-5gmkr-4255264070, networkLocation: /default-rack, certSerialId: null}, Type:RATIS, Factor:ONE, State:OPEN]
2019-09-25 11:08:50,815 [EventQueue-StaleNodeForStaleNodeHandler] INFO  pipeline.PipelineStateManager (PipelineStateManager.java:finalizePipeline(123)) - Pipeline Pipeline[ Id: a3eb9bc1-b13c-4e19-ad72-6fb6547abc27, Nodes: 3f6fc67d-8e3f-4380-bdc7-5834d28b5411{ip: 192.168.30.6, host: pr-hdds-1569-5gmkr-4255264070, networkLocation: /default-rack, certSerialId: null}, Type:RATIS, Factor:ONE, State:CLOSED] moved to CLOSED state
2019-09-25 11:08:50,815 [EventQueue-StaleNodeForStaleNodeHandler] INFO  pipeline.SCMPipelineManager (SCMPipelineManager.java:finalizeAndDestroyPipeline(316)) - destroying pipeline:Pipeline[ Id: cf98d390-6561-47cf-b6a4-a36de1f55dc3, Nodes: 3f6fc67d-8e3f-4380-bdc7-5834d28b5411{ip: 192.168.30.6, host: pr-hdds-1569-5gmkr-4255264070, networkLocation: /default-rack, certSerialId: null}, Type:RATIS, Factor:ONE, State:OPEN]
2019-09-25 11:08:50,815 [EventQueue-StaleNodeForStaleNodeHandler] INFO  pipeline.PipelineStateManager (PipelineStateManager.java:finalizePipeline(123)) - Pipeline Pipeline[ Id: cf98d390-6561-47cf-b6a4-a36de1f55dc3, Nodes: 3f6fc67d-8e3f-4380-bdc7-5834d28b5411{ip: 192.168.30.6, host: pr-hdds-1569-5gmkr-4255264070, networkLocation: /default-rack, certSerialId: null}, Type:RATIS, Factor:ONE, State:CLOSED] moved to CLOSED state
2019-09-25 11:08:50,815 [EventQueue-StaleNodeForStaleNodeHandler] INFO  pipeline.SCMPipelineManager (SCMPipelineManager.java:finalizeAndDestroyPipeline(316)) - destroying pipeline:Pipeline[ Id: d2008751-b23e-40d9-bccf-f0713188ce3a, Nodes: 3f6fc67d-8e3f-4380-bdc7-5834d28b5411{ip: 192.168.30.6, host: pr-hdds-1569-5gmkr-4255264070, networkLocation: /default-rack, certSerialId: null}, Type:RATIS, Factor:ONE, State:OPEN]
2019-09-25 11:08:50,815 [EventQueue-StaleNodeForStaleNodeHandler] INFO  pipeline.PipelineStateManager (PipelineStateManager.java:finalizePipeline(123)) - Pipeline Pipeline[ Id: d2008751-b23e-40d9-bccf-f0713188ce3a, Nodes: 3f6fc67d-8e3f-4380-bdc7-5834d28b5411{ip: 192.168.30.6, host: pr-hdds-1569-5gmkr-4255264070, networkLocation: /default-rack, certSerialId: null}, Type:RATIS, Factor:ONE, State:CLOSED] moved to CLOSED state
2019-09-25 11:08:50,915 [Thread-2645] INFO  impl.FollowerState (FollowerState.java:run(106)) - 77f2c583-4ee9-4410-825c-925985ec9618:group-781A64CC0797 changes to CANDIDATE, lastRpcTime:5073, electionTimeout:5073ms
2019-09-25 11:08:50,923 [Thread-2645] INFO  impl.RoleInfo (RoleInfo.java:shutdownFollowerState(121)) - 77f2c583-4ee9-4410-825c-925985ec9618: shutdown FollowerState
2019-09-25 11:08:50,924 [Thread-2645] INFO  impl.RaftServerImpl (RaftServerImpl.java:setRole(174)) - 77f2c583-4ee9-4410-825c-925985ec9618@group-781A64CC0797: changes role from  FOLLOWER to CANDIDATE at term 0 for changeToCandidate
2019-09-25 11:08:50,924 [Thread-2645] INFO  impl.RoleInfo (RoleInfo.java:updateAndGet(143)) - 77f2c583-4ee9-4410-825c-925985ec9618: start LeaderElection
2019-09-25 11:08:50,928 [Thread-2651] INFO  impl.FollowerState (FollowerState.java:run(106)) - 77f2c583-4ee9-4410-825c-925985ec9618:group-503B16C749EA changes to CANDIDATE, lastRpcTime:5009, electionTimeout:5009ms
2019-09-25 11:08:50,928 [Thread-2651] INFO  impl.RoleInfo (RoleInfo.java:shutdownFollowerState(121)) - 77f2c583-4ee9-4410-825c-925985ec9618: shutdown FollowerState
2019-09-25 11:08:50,928 [Thread-2651] INFO  impl.RaftServerImpl (RaftServerImpl.java:setRole(174)) - 77f2c583-4ee9-4410-825c-925985ec9618@group-503B16C749EA: changes role from  FOLLOWER to CANDIDATE at term 0 for changeToCandidate
2019-09-25 11:08:50,928 [Thread-2651] INFO  impl.RoleInfo (RoleInfo.java:updateAndGet(143)) - 77f2c583-4ee9-4410-825c-925985ec9618: start LeaderElection
2019-09-25 11:08:50,955 [77f2c583-4ee9-4410-825c-925985ec9618@group-781A64CC0797:LeaderElection181] INFO  impl.LeaderElection (LeaderElection.java:askForVotes(182)) - 77f2c583-4ee9-4410-825c-925985ec9618@group-781A64CC0797:LeaderElection181: begin an election at term 1 for -1: [77f2c583-4ee9-4410-825c-925985ec9618:192.168.30.6:45405], old=null
2019-09-25 11:08:50,955 [77f2c583-4ee9-4410-825c-925985ec9618@group-503B16C749EA:LeaderElection182] INFO  impl.LeaderElection (LeaderElection.java:askForVotes(182)) - 77f2c583-4ee9-4410-825c-925985ec9618@group-503B16C749EA:LeaderElection182: begin an election at term 1 for -1: [77f2c583-4ee9-4410-825c-925985ec9618:192.168.30.6:45405], old=null
2019-09-25 11:08:50,955 [77f2c583-4ee9-4410-825c-925985ec9618@group-781A64CC0797:LeaderElection181] INFO  impl.RoleInfo (RoleInfo.java:shutdownLeaderElection(134)) - 77f2c583-4ee9-4410-825c-925985ec9618: shutdown LeaderElection
2019-09-25 11:08:50,955 [77f2c583-4ee9-4410-825c-925985ec9618@group-503B16C749EA:LeaderElection182] INFO  impl.RoleInfo (RoleInfo.java:shutdownLeaderElection(134)) - 77f2c583-4ee9-4410-825c-925985ec9618: shutdown LeaderElection
2019-09-25 11:08:50,955 [77f2c583-4ee9-4410-825c-925985ec9618@group-781A64CC0797:LeaderElection181] INFO  impl.RaftServerImpl (RaftServerImpl.java:setRole(174)) - 77f2c583-4ee9-4410-825c-925985ec9618@group-781A64CC0797: changes role from CANDIDATE to LEADER at term 1 for changeToLeader
2019-09-25 11:08:50,955 [77f2c583-4ee9-4410-825c-925985ec9618@group-503B16C749EA:LeaderElection182] INFO  impl.RaftServerImpl (RaftServerImpl.java:setRole(174)) - 77f2c583-4ee9-4410-825c-925985ec9618@group-503B16C749EA: changes role from CANDIDATE to LEADER at term 1 for changeToLeader
2019-09-25 11:08:50,955 [77f2c583-4ee9-4410-825c-925985ec9618@group-781A64CC0797:LeaderElection181] INFO  impl.RaftServerImpl (ServerState.java:setLeader(253)) - 77f2c583-4ee9-4410-825c-925985ec9618@group-781A64CC0797: change Leader from null to 77f2c583-4ee9-4410-825c-925985ec9618 at term 1 for becomeLeader, leader elected after 5116ms
2019-09-25 11:08:50,955 [77f2c583-4ee9-4410-825c-925985ec9618@group-503B16C749EA:LeaderElection182] INFO  impl.RaftServerImpl (ServerState.java:setLeader(253)) - 77f2c583-4ee9-4410-825c-925985ec9618@group-503B16C749EA: change Leader from null to 77f2c583-4ee9-4410-825c-925985ec9618 at term 1 for becomeLeader, leader elected after 5040ms
2019-09-25 11:08:50,955 [77f2c583-4ee9-4410-825c-925985ec9618@group-781A64CC0797:LeaderElection181] INFO  server.RaftServerConfigKeys (ConfUtils.java:logGet(43)) - raft.server.staging.catchup.gap = 1000 (default)
2019-09-25 11:08:50,956 [77f2c583-4ee9-4410-825c-925985ec9618@group-503B16C749EA:LeaderElection182] INFO  server.RaftServerConfigKeys (ConfUtils.java:logGet(43)) - raft.server.staging.catchup.gap = 1000 (default)
2019-09-25 11:08:50,956 [77f2c583-4ee9-4410-825c-925985ec9618@group-781A64CC0797:LeaderElection181] INFO  server.RaftServerConfigKeys (ConfUtils.java:logGet(43)) - raft.server.rpc.sleep.time = 25ms (default)
2019-09-25 11:08:50,956 [77f2c583-4ee9-4410-825c-925985ec9618@group-503B16C749EA:LeaderElection182] INFO  server.RaftServerConfigKeys (ConfUtils.java:logGet(43)) - raft.server.rpc.sleep.time = 25ms (default)
2019-09-25 11:08:50,956 [77f2c583-4ee9-4410-825c-925985ec9618@group-781A64CC0797:LeaderElection181] INFO  server.RaftServerConfigKeys (ConfUtils.java:logGet(43)) - raft.server.write.element-limit = 4096 (default)
2019-09-25 11:08:50,956 [77f2c583-4ee9-4410-825c-925985ec9618@group-503B16C749EA:LeaderElection182] INFO  server.RaftServerConfigKeys (ConfUtils.java:logGet(43)) - raft.server.write.element-limit = 4096 (default)
2019-09-25 11:08:50,956 [77f2c583-4ee9-4410-825c-925985ec9618@group-781A64CC0797:LeaderElection181] INFO  server.RaftServerConfigKeys (ConfUtils.java:logGet(43)) - raft.server.watch.timeout = 10s (default)
2019-09-25 11:08:50,956 [77f2c583-4ee9-4410-825c-925985ec9618@group-503B16C749EA:LeaderElection182] INFO  server.RaftServerConfigKeys (ConfUtils.java:logGet(43)) - raft.server.watch.timeout = 10s (default)
2019-09-25 11:08:50,956 [77f2c583-4ee9-4410-825c-925985ec9618@group-781A64CC0797:LeaderElection181] INFO  server.RaftServerConfigKeys (ConfUtils.java:logGet(43)) - raft.server.watch.timeout.denomination = 1s (default)
2019-09-25 11:08:50,956 [77f2c583-4ee9-4410-825c-925985ec9618@group-503B16C749EA:LeaderElection182] INFO  server.RaftServerConfigKeys (ConfUtils.java:logGet(43)) - raft.server.watch.timeout.denomination = 1s (default)
2019-09-25 11:08:50,956 [77f2c583-4ee9-4410-825c-925985ec9618@group-781A64CC0797:LeaderElection181] INFO  server.RaftServerConfigKeys (ConfUtils.java:logGet(43)) - raft.server.watch.element-limit = 65536 (default)
2019-09-25 11:08:50,956 [77f2c583-4ee9-4410-825c-925985ec9618@group-503B16C749EA:LeaderElection182] INFO  server.RaftServerConfigKeys (ConfUtils.java:logGet(43)) - raft.server.watch.element-limit = 65536 (default)
2019-09-25 11:08:50,959 [77f2c583-4ee9-4410-825c-925985ec9618@group-781A64CC0797:LeaderElection181] INFO  impl.RoleInfo (RoleInfo.java:updateAndGet(143)) - 77f2c583-4ee9-4410-825c-925985ec9618: start LeaderState
2019-09-25 11:08:50,959 [77f2c583-4ee9-4410-825c-925985ec9618@group-503B16C749EA:LeaderElection182] INFO  impl.RoleInfo (RoleInfo.java:updateAndGet(143)) - 77f2c583-4ee9-4410-825c-925985ec9618: start LeaderState
2019-09-25 11:08:50,959 [77f2c583-4ee9-4410-825c-925985ec9618@group-503B16C749EA:LeaderElection182] INFO  segmented.SegmentedRaftLogWorker (SegmentedRaftLogWorker.java:startLogSegment(380)) - 77f2c583-4ee9-4410-825c-925985ec9618@group-503B16C749EA-SegmentedRaftLogWorker: Starting segment from index:0
2019-09-25 11:08:50,959 [77f2c583-4ee9-4410-825c-925985ec9618@group-781A64CC0797:LeaderElection181] INFO  segmented.SegmentedRaftLogWorker (SegmentedRaftLogWorker.java:startLogSegment(380)) - 77f2c583-4ee9-4410-825c-925985ec9618@group-781A64CC0797-SegmentedRaftLogWorker: Starting segment from index:0
2019-09-25 11:08:50,960 [77f2c583-4ee9-4410-825c-925985ec9618@group-781A64CC0797:LeaderElection181] INFO  impl.RaftServerImpl (ServerState.java:setRaftConf(354)) - 77f2c583-4ee9-4410-825c-925985ec9618@group-781A64CC0797: set configuration 0: [77f2c583-4ee9-4410-825c-925985ec9618:192.168.30.6:45405], old=null at 0
2019-09-25 11:08:50,960 [77f2c583-4ee9-4410-825c-925985ec9618@group-503B16C749EA:LeaderElection182] INFO  impl.RaftServerImpl (ServerState.java:setRaftConf(354)) - 77f2c583-4ee9-4410-825c-925985ec9618@group-503B16C749EA: set configuration 0: [77f2c583-4ee9-4410-825c-925985ec9618:192.168.30.6:45405], old=null at 0
2019-09-25 11:08:50,997 [77f2c583-4ee9-4410-825c-925985ec9618@group-781A64CC0797-SegmentedRaftLogWorker] INFO  segmented.SegmentedRaftLogWorker (SegmentedRaftLogWorker.java:execute(569)) - 77f2c583-4ee9-4410-825c-925985ec9618@group-781A64CC0797-SegmentedRaftLogWorker: created new log segment /workdir/hadoop-ozone/integration-test/target/test-dir/MiniOzoneClusterImpl-df822a65-554e-408c-8ca9-c8e2ba24269c/datanode-0/data/ratis/8ceb9dee-ee25-41ce-a51c-781a64cc0797/current/log_inprogress_0
2019-09-25 11:08:50,997 [77f2c583-4ee9-4410-825c-925985ec9618@group-503B16C749EA-SegmentedRaftLogWorker] INFO  segmented.SegmentedRaftLogWorker (SegmentedRaftLogWorker.java:execute(569)) - 77f2c583-4ee9-4410-825c-925985ec9618@group-503B16C749EA-SegmentedRaftLogWorker: created new log segment /workdir/hadoop-ozone/integration-test/target/test-dir/MiniOzoneClusterImpl-df822a65-554e-408c-8ca9-c8e2ba24269c/datanode-0/data/ratis/10d9671b-8cdb-4970-a48c-503b16c749ea/current/log_inprogress_0
2019-09-25 11:08:50,999 [Thread-2642] INFO  impl.FollowerState (FollowerState.java:run(106)) - 77f2c583-4ee9-4410-825c-925985ec9618:group-E7215CF0322E changes to CANDIDATE, lastRpcTime:5193, electionTimeout:5193ms
2019-09-25 11:08:50,999 [Thread-2642] INFO  impl.RoleInfo (RoleInfo.java:shutdownFollowerState(121)) - 77f2c583-4ee9-4410-825c-925985ec9618: shutdown FollowerState
2019-09-25 11:08:50,999 [Thread-2642] INFO  impl.RaftServerImpl (RaftServerImpl.java:setRole(174)) - 77f2c583-4ee9-4410-825c-925985ec9618@group-E7215CF0322E: changes role from  FOLLOWER to CANDIDATE at term 0 for changeToCandidate
2019-09-25 11:08:50,999 [Thread-2642] INFO  impl.RoleInfo (RoleInfo.java:updateAndGet(143)) - 77f2c583-4ee9-4410-825c-925985ec9618: start LeaderElection
2019-09-25 11:08:51,015 [77f2c583-4ee9-4410-825c-925985ec9618@group-E7215CF0322E:LeaderElection183] INFO  impl.LeaderElection (LeaderElection.java:askForVotes(182)) - 77f2c583-4ee9-4410-825c-925985ec9618@group-E7215CF0322E:LeaderElection183: begin an election at term 1 for -1: [77f2c583-4ee9-4410-825c-925985ec9618:192.168.30.6:45405], old=null
2019-09-25 11:08:51,015 [77f2c583-4ee9-4410-825c-925985ec9618@group-E7215CF0322E:LeaderElection183] INFO  impl.RoleInfo (RoleInfo.java:shutdownLeaderElection(134)) - 77f2c583-4ee9-4410-825c-925985ec9618: shutdown LeaderElection
2019-09-25 11:08:51,016 [77f2c583-4ee9-4410-825c-925985ec9618@group-E7215CF0322E:LeaderElection183] INFO  impl.RaftServerImpl (RaftServerImpl.java:setRole(174)) - 77f2c583-4ee9-4410-825c-925985ec9618@group-E7215CF0322E: changes role from CANDIDATE to LEADER at term 1 for changeToLeader
2019-09-25 11:08:51,016 [77f2c583-4ee9-4410-825c-925985ec9618@group-E7215CF0322E:LeaderElection183] INFO  impl.RaftServerImpl (ServerState.java:setLeader(253)) - 77f2c583-4ee9-4410-825c-925985ec9618@group-E7215CF0322E: change Leader from null to 77f2c583-4ee9-4410-825c-925985ec9618 at term 1 for becomeLeader, leader elected after 5216ms
2019-09-25 11:08:51,016 [77f2c583-4ee9-4410-825c-925985ec9618@group-E7215CF0322E:LeaderElection183] INFO  server.RaftServerConfigKeys (ConfUtils.java:logGet(43)) - raft.server.staging.catchup.gap = 1000 (default)
2019-09-25 11:08:51,016 [77f2c583-4ee9-4410-825c-925985ec9618@group-E7215CF0322E:LeaderElection183] INFO  server.RaftServerConfigKeys (ConfUtils.java:logGet(43)) - raft.server.rpc.sleep.time = 25ms (default)
2019-09-25 11:08:51,016 [77f2c583-4ee9-4410-825c-925985ec9618@group-E7215CF0322E:LeaderElection183] INFO  server.RaftServerConfigKeys (ConfUtils.java:logGet(43)) - raft.server.write.element-limit = 4096 (default)
2019-09-25 11:08:51,016 [77f2c583-4ee9-4410-825c-925985ec9618@group-E7215CF0322E:LeaderElection183] INFO  server.RaftServerConfigKeys (ConfUtils.java:logGet(43)) - raft.server.watch.timeout = 10s (default)
2019-09-25 11:08:51,016 [77f2c583-4ee9-4410-825c-925985ec9618@group-E7215CF0322E:LeaderElection183] INFO  server.RaftServerConfigKeys (ConfUtils.java:logGet(43)) - raft.server.watch.timeout.denomination = 1s (default)
2019-09-25 11:08:51,016 [77f2c583-4ee9-4410-825c-925985ec9618@group-E7215CF0322E:LeaderElection183] INFO  server.RaftServerConfigKeys (ConfUtils.java:logGet(43)) - raft.server.watch.element-limit = 65536 (default)
2019-09-25 11:08:51,017 [77f2c583-4ee9-4410-825c-925985ec9618@group-E7215CF0322E:LeaderElection183] INFO  impl.RoleInfo (RoleInfo.java:updateAndGet(143)) - 77f2c583-4ee9-4410-825c-925985ec9618: start LeaderState
2019-09-25 11:08:51,017 [77f2c583-4ee9-4410-825c-925985ec9618@group-E7215CF0322E:LeaderElection183] INFO  segmented.SegmentedRaftLogWorker (SegmentedRaftLogWorker.java:startLogSegment(380)) - 77f2c583-4ee9-4410-825c-925985ec9618@group-E7215CF0322E-SegmentedRaftLogWorker: Starting segment from index:0
2019-09-25 11:08:51,018 [77f2c583-4ee9-4410-825c-925985ec9618@group-E7215CF0322E:LeaderElection183] INFO  impl.RaftServerImpl (ServerState.java:setRaftConf(354)) - 77f2c583-4ee9-4410-825c-925985ec9618@group-E7215CF0322E: set configuration 0: [77f2c583-4ee9-4410-825c-925985ec9618:192.168.30.6:45405], old=null at 0
2019-09-25 11:08:51,023 [Thread-2654] INFO  impl.FollowerState (FollowerState.java:run(106)) - 77f2c583-4ee9-4410-825c-925985ec9618:group-48A1A243895C changes to CANDIDATE, lastRpcTime:5068, electionTimeout:5068ms
2019-09-25 11:08:51,023 [Thread-2654] INFO  impl.RoleInfo (RoleInfo.java:shutdownFollowerState(121)) - 77f2c583-4ee9-4410-825c-925985ec9618: shutdown FollowerState
2019-09-25 11:08:51,023 [Thread-2654] INFO  impl.RaftServerImpl (RaftServerImpl.java:setRole(174)) - 77f2c583-4ee9-4410-825c-925985ec9618@group-48A1A243895C: changes role from  FOLLOWER to CANDIDATE at term 0 for changeToCandidate
2019-09-25 11:08:51,023 [Thread-2654] INFO  impl.RoleInfo (RoleInfo.java:updateAndGet(143)) - 77f2c583-4ee9-4410-825c-925985ec9618: start LeaderElection
2019-09-25 11:08:51,064 [77f2c583-4ee9-4410-825c-925985ec9618@group-E7215CF0322E-SegmentedRaftLogWorker] INFO  segmented.SegmentedRaftLogWorker (SegmentedRaftLogWorker.java:execute(569)) - 77f2c583-4ee9-4410-825c-925985ec9618@group-E7215CF0322E-SegmentedRaftLogWorker: created new log segment /workdir/hadoop-ozone/integration-test/target/test-dir/MiniOzoneClusterImpl-df822a65-554e-408c-8ca9-c8e2ba24269c/datanode-0/data/ratis/b39b2f11-a473-4fcf-87e1-e7215cf0322e/current/log_inprogress_0
2019-09-25 11:08:51,064 [77f2c583-4ee9-4410-825c-925985ec9618@group-48A1A243895C:LeaderElection184] INFO  impl.LeaderElection (LeaderElection.java:askForVotes(182)) - 77f2c583-4ee9-4410-825c-925985ec9618@group-48A1A243895C:LeaderElection184: begin an election at term 1 for -1: [77f2c583-4ee9-4410-825c-925985ec9618:192.168.30.6:45405], old=null
2019-09-25 11:08:51,064 [77f2c583-4ee9-4410-825c-925985ec9618@group-48A1A243895C:LeaderElection184] INFO  impl.RoleInfo (RoleInfo.java:shutdownLeaderElection(134)) - 77f2c583-4ee9-4410-825c-925985ec9618: shutdown LeaderElection
2019-09-25 11:08:51,064 [77f2c583-4ee9-4410-825c-925985ec9618@group-48A1A243895C:LeaderElection184] INFO  impl.RaftServerImpl (RaftServerImpl.java:setRole(174)) - 77f2c583-4ee9-4410-825c-925985ec9618@group-48A1A243895C: changes role from CANDIDATE to LEADER at term 1 for changeToLeader
2019-09-25 11:08:51,064 [77f2c583-4ee9-4410-825c-925985ec9618@group-48A1A243895C:LeaderElection184] INFO  impl.RaftServerImpl (ServerState.java:setLeader(253)) - 77f2c583-4ee9-4410-825c-925985ec9618@group-48A1A243895C: change Leader from null to 77f2c583-4ee9-4410-825c-925985ec9618 at term 1 for becomeLeader, leader elected after 5114ms
2019-09-25 11:08:51,064 [77f2c583-4ee9-4410-825c-925985ec9618@group-48A1A243895C:LeaderElection184] INFO  server.RaftServerConfigKeys (ConfUtils.java:logGet(43)) - raft.server.staging.catchup.gap = 1000 (default)
2019-09-25 11:08:51,065 [77f2c583-4ee9-4410-825c-925985ec9618@group-48A1A243895C:LeaderElection184] INFO  server.RaftServerConfigKeys (ConfUtils.java:logGet(43)) - raft.server.rpc.sleep.time = 25ms (default)
2019-09-25 11:08:51,065 [77f2c583-4ee9-4410-825c-925985ec9618@group-48A1A243895C:LeaderElection184] INFO  server.RaftServerConfigKeys (ConfUtils.java:logGet(43)) - raft.server.write.element-limit = 4096 (default)
2019-09-25 11:08:51,065 [77f2c583-4ee9-4410-825c-925985ec9618@group-48A1A243895C:LeaderElection184] INFO  server.RaftServerConfigKeys (ConfUtils.java:logGet(43)) - raft.server.watch.timeout = 10s (default)
2019-09-25 11:08:51,065 [77f2c583-4ee9-4410-825c-925985ec9618@group-48A1A243895C:LeaderElection184] INFO  server.RaftServerConfigKeys (ConfUtils.java:logGet(43)) - raft.server.watch.timeout.denomination = 1s (default)
2019-09-25 11:08:51,065 [77f2c583-4ee9-4410-825c-925985ec9618@group-48A1A243895C:LeaderElection184] INFO  server.RaftServerConfigKeys (ConfUtils.java:logGet(43)) - raft.server.watch.element-limit = 65536 (default)
2019-09-25 11:08:51,066 [77f2c583-4ee9-4410-825c-925985ec9618@group-48A1A243895C:LeaderElection184] INFO  impl.RoleInfo (RoleInfo.java:updateAndGet(143)) - 77f2c583-4ee9-4410-825c-925985ec9618: start LeaderState
2019-09-25 11:08:51,066 [77f2c583-4ee9-4410-825c-925985ec9618@group-48A1A243895C:LeaderElection184] INFO  segmented.SegmentedRaftLogWorker (SegmentedRaftLogWorker.java:startLogSegment(380)) - 77f2c583-4ee9-4410-825c-925985ec9618@group-48A1A243895C-SegmentedRaftLogWorker: Starting segment from index:0
2019-09-25 11:08:51,067 [77f2c583-4ee9-4410-825c-925985ec9618@group-48A1A243895C:LeaderElection184] INFO  impl.RaftServerImpl (ServerState.java:setRaftConf(354)) - 77f2c583-4ee9-4410-825c-925985ec9618@group-48A1A243895C: set configuration 0: [77f2c583-4ee9-4410-825c-925985ec9618:192.168.30.6:45405], old=null at 0
2019-09-25 11:08:51,079 [Thread-2648] INFO  impl.FollowerState (FollowerState.java:run(106)) - 3f6fc67d-8e3f-4380-bdc7-5834d28b5411:group-CC362AFC04EB changes to CANDIDATE, lastRpcTime:5196, electionTimeout:5196ms
2019-09-25 11:08:51,079 [Thread-2648] INFO  impl.RoleInfo (RoleInfo.java:shutdownFollowerState(121)) - 3f6fc67d-8e3f-4380-bdc7-5834d28b5411: shutdown FollowerState
2019-09-25 11:08:51,080 [Thread-2648] INFO  impl.RaftServerImpl (RaftServerImpl.java:setRole(174)) - 3f6fc67d-8e3f-4380-bdc7-5834d28b5411@group-CC362AFC04EB: changes role from  FOLLOWER to CANDIDATE at term 0 for changeToCandidate
2019-09-25 11:08:51,080 [Thread-2648] INFO  impl.RoleInfo (RoleInfo.java:updateAndGet(143)) - 3f6fc67d-8e3f-4380-bdc7-5834d28b5411: start LeaderElection
2019-09-25 11:08:51,105 [77f2c583-4ee9-4410-825c-925985ec9618@group-48A1A243895C-SegmentedRaftLogWorker] INFO  segmented.SegmentedRaftLogWorker (SegmentedRaftLogWorker.java:execute(569)) - 77f2c583-4ee9-4410-825c-925985ec9618@group-48A1A243895C-SegmentedRaftLogWorker: created new log segment /workdir/hadoop-ozone/integration-test/target/test-dir/MiniOzoneClusterImpl-df822a65-554e-408c-8ca9-c8e2ba24269c/datanode-0/data/ratis/68c1b716-2312-4a76-a639-48a1a243895c/current/log_inprogress_0
2019-09-25 11:08:51,105 [3f6fc67d-8e3f-4380-bdc7-5834d28b5411@group-CC362AFC04EB:LeaderElection185] INFO  impl.LeaderElection (LeaderElection.java:askForVotes(182)) - 3f6fc67d-8e3f-4380-bdc7-5834d28b5411@group-CC362AFC04EB:LeaderElection185: begin an election at term 1 for -1: [3f6fc67d-8e3f-4380-bdc7-5834d28b5411:192.168.30.6:38729], old=null
2019-09-25 11:08:51,106 [3f6fc67d-8e3f-4380-bdc7-5834d28b5411@group-CC362AFC04EB:LeaderElection185] INFO  impl.RoleInfo (RoleInfo.java:shutdownLeaderElection(134)) - 3f6fc67d-8e3f-4380-bdc7-5834d28b5411: shutdown LeaderElection
2019-09-25 11:08:51,106 [3f6fc67d-8e3f-4380-bdc7-5834d28b5411@group-CC362AFC04EB:LeaderElection185] INFO  impl.RaftServerImpl (RaftServerImpl.java:setRole(174)) - 3f6fc67d-8e3f-4380-bdc7-5834d28b5411@group-CC362AFC04EB: changes role from CANDIDATE to LEADER at term 1 for changeToLeader
2019-09-25 11:08:51,106 [3f6fc67d-8e3f-4380-bdc7-5834d28b5411@group-CC362AFC04EB:LeaderElection185] INFO  impl.RaftServerImpl (ServerState.java:setLeader(253)) - 3f6fc67d-8e3f-4380-bdc7-5834d28b5411@group-CC362AFC04EB: change Leader from null to 3f6fc67d-8e3f-4380-bdc7-5834d28b5411 at term 1 for becomeLeader, leader elected after 5227ms
2019-09-25 11:08:51,106 [3f6fc67d-8e3f-4380-bdc7-5834d28b5411@group-CC362AFC04EB:LeaderElection185] INFO  server.RaftServerConfigKeys (ConfUtils.java:logGet(43)) - raft.server.staging.catchup.gap = 1000 (default)
2019-09-25 11:08:51,106 [3f6fc67d-8e3f-4380-bdc7-5834d28b5411@group-CC362AFC04EB:LeaderElection185] INFO  server.RaftServerConfigKeys (ConfUtils.java:logGet(43)) - raft.server.rpc.sleep.time = 25ms (default)
2019-09-25 11:08:51,106 [3f6fc67d-8e3f-4380-bdc7-5834d28b5411@group-CC362AFC04EB:LeaderElection185] INFO  server.RaftServerConfigKeys (ConfUtils.java:logGet(43)) - raft.server.write.element-limit = 4096 (default)
2019-09-25 11:08:51,106 [3f6fc67d-8e3f-4380-bdc7-5834d28b5411@group-CC362AFC04EB:LeaderElection185] INFO  server.RaftServerConfigKeys (ConfUtils.java:logGet(43)) - raft.server.watch.timeout = 10s (default)
2019-09-25 11:08:51,106 [3f6fc67d-8e3f-4380-bdc7-5834d28b5411@group-CC362AFC04EB:LeaderElection185] INFO  server.RaftServerConfigKeys (ConfUtils.java:logGet(43)) - raft.server.watch.timeout.denomination = 1s (default)
2019-09-25 11:08:51,106 [3f6fc67d-8e3f-4380-bdc7-5834d28b5411@group-CC362AFC04EB:LeaderElection185] INFO  server.RaftServerConfigKeys (ConfUtils.java:logGet(43)) - raft.server.watch.element-limit = 65536 (default)
2019-09-25 11:08:51,108 [3f6fc67d-8e3f-4380-bdc7-5834d28b5411@group-CC362AFC04EB:LeaderElection185] INFO  impl.RoleInfo (RoleInfo.java:updateAndGet(143)) - 3f6fc67d-8e3f-4380-bdc7-5834d28b5411: start LeaderState
2019-09-25 11:08:51,108 [3f6fc67d-8e3f-4380-bdc7-5834d28b5411@group-CC362AFC04EB:LeaderElection185] INFO  segmented.SegmentedRaftLogWorker (SegmentedRaftLogWorker.java:startLogSegment(380)) - 3f6fc67d-8e3f-4380-bdc7-5834d28b5411@group-CC362AFC04EB-SegmentedRaftLogWorker: Starting segment from index:0
2019-09-25 11:08:51,108 [3f6fc67d-8e3f-4380-bdc7-5834d28b5411@group-CC362AFC04EB:LeaderElection185] INFO  impl.RaftServerImpl (ServerState.java:setRaftConf(354)) - 3f6fc67d-8e3f-4380-bdc7-5834d28b5411@group-CC362AFC04EB: set configuration 0: [3f6fc67d-8e3f-4380-bdc7-5834d28b5411:192.168.30.6:38729], old=null at 0
2019-09-25 11:08:51,113 [EventQueue-StaleNodeForStaleNodeHandler] INFO  node.StaleNodeHandler (StaleNodeHandler.java:onMessage(58)) - Datanode d29a58f4-bb42-4b4c-aa2d-f4bca2ff5103{ip: 192.168.30.6, host: pr-hdds-1569-5gmkr-4255264070, networkLocation: /default-rack, certSerialId: null} moved to stale state. Finalizing its pipelines [PipelineID=f1627cb6-a36b-4a3e-a166-16b477642823, PipelineID=02e2dfd0-31a9-41f5-b172-9c4f2d97faf3, PipelineID=1715e5ca-2803-4a39-b8db-861da62ad06e, PipelineID=8225fa04-488f-4cd2-895a-3e1872c93bee, PipelineID=e4865233-2828-431b-8253-39c2846b4811, PipelineID=dd7713e1-65e0-4769-b501-0b4648cee00b]
2019-09-25 11:08:51,113 [EventQueue-StaleNodeForStaleNodeHandler] INFO  pipeline.SCMPipelineManager (SCMPipelineManager.java:finalizeAndDestroyPipeline(316)) - destroying pipeline:Pipeline[ Id: f1627cb6-a36b-4a3e-a166-16b477642823, Nodes: d29a58f4-bb42-4b4c-aa2d-f4bca2ff5103{ip: 192.168.30.6, host: pr-hdds-1569-5gmkr-4255264070, networkLocation: /default-rack, certSerialId: null}, Type:RATIS, Factor:ONE, State:OPEN]
2019-09-25 11:08:51,114 [EventQueue-StaleNodeForStaleNodeHandler] INFO  pipeline.PipelineStateManager (PipelineStateManager.java:finalizePipeline(123)) - Pipeline Pipeline[ Id: f1627cb6-a36b-4a3e-a166-16b477642823, Nodes: d29a58f4-bb42-4b4c-aa2d-f4bca2ff5103{ip: 192.168.30.6, host: pr-hdds-1569-5gmkr-4255264070, networkLocation: /default-rack, certSerialId: null}, Type:RATIS, Factor:ONE, State:CLOSED] moved to CLOSED state
2019-09-25 11:08:51,114 [EventQueue-StaleNodeForStaleNodeHandler] INFO  pipeline.SCMPipelineManager (SCMPipelineManager.java:finalizeAndDestroyPipeline(316)) - destroying pipeline:Pipeline[ Id: 02e2dfd0-31a9-41f5-b172-9c4f2d97faf3, Nodes: d29a58f4-bb42-4b4c-aa2d-f4bca2ff5103{ip: 192.168.30.6, host: pr-hdds-1569-5gmkr-4255264070, networkLocation: /default-rack, certSerialId: null}, Type:RATIS, Factor:ONE, State:OPEN]
2019-09-25 11:08:51,114 [EventQueue-StaleNodeForStaleNodeHandler] INFO  pipeline.PipelineStateManager (PipelineStateManager.java:finalizePipeline(123)) - Pipeline Pipeline[ Id: 02e2dfd0-31a9-41f5-b172-9c4f2d97faf3, Nodes: d29a58f4-bb42-4b4c-aa2d-f4bca2ff5103{ip: 192.168.30.6, host: pr-hdds-1569-5gmkr-4255264070, networkLocation: /default-rack, certSerialId: null}, Type:RATIS, Factor:ONE, State:CLOSED] moved to CLOSED state
2019-09-25 11:08:51,114 [EventQueue-StaleNodeForStaleNodeHandler] INFO  pipeline.SCMPipelineManager (SCMPipelineManager.java:finalizeAndDestroyPipeline(316)) - destroying pipeline:Pipeline[ Id: 1715e5ca-2803-4a39-b8db-861da62ad06e, Nodes: d29a58f4-bb42-4b4c-aa2d-f4bca2ff5103{ip: 192.168.30.6, host: pr-hdds-1569-5gmkr-4255264070, networkLocation: /default-rack, certSerialId: null}, Type:RATIS, Factor:ONE, State:OPEN]
2019-09-25 11:08:51,114 [EventQueue-StaleNodeForStaleNodeHandler] INFO  pipeline.PipelineStateManager (PipelineStateManager.java:finalizePipeline(123)) - Pipeline Pipeline[ Id: 1715e5ca-2803-4a39-b8db-861da62ad06e, Nodes: d29a58f4-bb42-4b4c-aa2d-f4bca2ff5103{ip: 192.168.30.6, host: pr-hdds-1569-5gmkr-4255264070, networkLocation: /default-rack, certSerialId: null}, Type:RATIS, Factor:ONE, State:CLOSED] moved to CLOSED state
2019-09-25 11:08:51,114 [EventQueue-StaleNodeForStaleNodeHandler] INFO  pipeline.SCMPipelineManager (SCMPipelineManager.java:finalizeAndDestroyPipeline(316)) - destroying pipeline:Pipeline[ Id: 8225fa04-488f-4cd2-895a-3e1872c93bee, Nodes: d29a58f4-bb42-4b4c-aa2d-f4bca2ff5103{ip: 192.168.30.6, host: pr-hdds-1569-5gmkr-4255264070, networkLocation: /default-rack, certSerialId: null}, Type:RATIS, Factor:ONE, State:OPEN]
2019-09-25 11:08:51,114 [EventQueue-StaleNodeForStaleNodeHandler] INFO  pipeline.PipelineStateManager (PipelineStateManager.java:finalizePipeline(123)) - Pipeline Pipeline[ Id: 8225fa04-488f-4cd2-895a-3e1872c93bee, Nodes: d29a58f4-bb42-4b4c-aa2d-f4bca2ff5103{ip: 192.168.30.6, host: pr-hdds-1569-5gmkr-4255264070, networkLocation: /default-rack, certSerialId: null}, Type:RATIS, Factor:ONE, State:CLOSED] moved to CLOSED state
2019-09-25 11:08:51,114 [EventQueue-StaleNodeForStaleNodeHandler] INFO  pipeline.SCMPipelineManager (SCMPipelineManager.java:finalizeAndDestroyPipeline(316)) - destroying pipeline:Pipeline[ Id: e4865233-2828-431b-8253-39c2846b4811, Nodes: d29a58f4-bb42-4b4c-aa2d-f4bca2ff5103{ip: 192.168.30.6, host: pr-hdds-1569-5gmkr-4255264070, networkLocation: /default-rack, certSerialId: null}, Type:RATIS, Factor:ONE, State:OPEN]
2019-09-25 11:08:51,115 [EventQueue-StaleNodeForStaleNodeHandler] INFO  pipeline.PipelineStateManager (PipelineStateManager.java:finalizePipeline(123)) - Pipeline Pipeline[ Id: e4865233-2828-431b-8253-39c2846b4811, Nodes: d29a58f4-bb42-4b4c-aa2d-f4bca2ff5103{ip: 192.168.30.6, host: pr-hdds-1569-5gmkr-4255264070, networkLocation: /default-rack, certSerialId: null}, Type:RATIS, Factor:ONE, State:CLOSED] moved to CLOSED state
2019-09-25 11:08:51,115 [EventQueue-StaleNodeForStaleNodeHandler] INFO  pipeline.SCMPipelineManager (SCMPipelineManager.java:finalizeAndDestroyPipeline(316)) - destroying pipeline:Pipeline[ Id: dd7713e1-65e0-4769-b501-0b4648cee00b, Nodes: d29a58f4-bb42-4b4c-aa2d-f4bca2ff5103{ip: 192.168.30.6, host: pr-hdds-1569-5gmkr-4255264070, networkLocation: /default-rack, certSerialId: null}, Type:RATIS, Factor:ONE, State:OPEN]
2019-09-25 11:08:51,115 [EventQueue-StaleNodeForStaleNodeHandler] INFO  pipeline.PipelineStateManager (PipelineStateManager.java:finalizePipeline(123)) - Pipeline Pipeline[ Id: dd7713e1-65e0-4769-b501-0b4648cee00b, Nodes: d29a58f4-bb42-4b4c-aa2d-f4bca2ff5103{ip: 192.168.30.6, host: pr-hdds-1569-5gmkr-4255264070, networkLocation: /default-rack, certSerialId: null}, Type:RATIS, Factor:ONE, State:CLOSED] moved to CLOSED state
2019-09-25 11:08:51,136 [Thread-2657] INFO  impl.FollowerState (FollowerState.java:run(106)) - 3f6fc67d-8e3f-4380-bdc7-5834d28b5411:group-6FB6547ABC27 changes to CANDIDATE, lastRpcTime:5147, electionTimeout:5147ms
2019-09-25 11:08:51,152 [Thread-2657] INFO  impl.RoleInfo (RoleInfo.java:shutdownFollowerState(121)) - 3f6fc67d-8e3f-4380-bdc7-5834d28b5411: shutdown FollowerState
2019-09-25 11:08:51,152 [Thread-2657] INFO  impl.RaftServerImpl (RaftServerImpl.java:setRole(174)) - 3f6fc67d-8e3f-4380-bdc7-5834d28b5411@group-6FB6547ABC27: changes role from  FOLLOWER to CANDIDATE at term 0 for changeToCandidate
2019-09-25 11:08:51,152 [Thread-2657] INFO  impl.RoleInfo (RoleInfo.java:updateAndGet(143)) - 3f6fc67d-8e3f-4380-bdc7-5834d28b5411: start LeaderElection
2019-09-25 11:08:51,170 [3f6fc67d-8e3f-4380-bdc7-5834d28b5411@group-CC362AFC04EB-SegmentedRaftLogWorker] INFO  segmented.SegmentedRaftLogWorker (SegmentedRaftLogWorker.java:execute(569)) - 3f6fc67d-8e3f-4380-bdc7-5834d28b5411@group-CC362AFC04EB-SegmentedRaftLogWorker: created new log segment /workdir/hadoop-ozone/integration-test/target/test-dir/MiniOzoneClusterImpl-df822a65-554e-408c-8ca9-c8e2ba24269c/datanode-1/data/ratis/a081cd81-ca02-4568-98db-cc362afc04eb/current/log_inprogress_0
2019-09-25 11:08:51,170 [3f6fc67d-8e3f-4380-bdc7-5834d28b5411@group-6FB6547ABC27:LeaderElection186] INFO  impl.LeaderElection (LeaderElection.java:askForVotes(182)) - 3f6fc67d-8e3f-4380-bdc7-5834d28b5411@group-6FB6547ABC27:LeaderElection186: begin an election at term 1 for -1: [3f6fc67d-8e3f-4380-bdc7-5834d28b5411:192.168.30.6:38729], old=null
2019-09-25 11:08:51,170 [3f6fc67d-8e3f-4380-bdc7-5834d28b5411@group-6FB6547ABC27:LeaderElection186] INFO  impl.RoleInfo (RoleInfo.java:shutdownLeaderElection(134)) - 3f6fc67d-8e3f-4380-bdc7-5834d28b5411: shutdown LeaderElection
2019-09-25 11:08:51,170 [3f6fc67d-8e3f-4380-bdc7-5834d28b5411@group-6FB6547ABC27:LeaderElection186] INFO  impl.RaftServerImpl (RaftServerImpl.java:setRole(174)) - 3f6fc67d-8e3f-4380-bdc7-5834d28b5411@group-6FB6547ABC27: changes role from CANDIDATE to LEADER at term 1 for changeToLeader
2019-09-25 11:08:51,170 [3f6fc67d-8e3f-4380-bdc7-5834d28b5411@group-6FB6547ABC27:LeaderElection186] INFO  impl.RaftServerImpl (ServerState.java:setLeader(253)) - 3f6fc67d-8e3f-4380-bdc7-5834d28b5411@group-6FB6547ABC27: change Leader from null to 3f6fc67d-8e3f-4380-bdc7-5834d28b5411 at term 1 for becomeLeader, leader elected after 5184ms
2019-09-25 11:08:51,170 [3f6fc67d-8e3f-4380-bdc7-5834d28b5411@group-6FB6547ABC27:LeaderElection186] INFO  server.RaftServerConfigKeys (ConfUtils.java:logGet(43)) - raft.server.staging.catchup.gap = 1000 (default)
2019-09-25 11:08:51,170 [3f6fc67d-8e3f-4380-bdc7-5834d28b5411@group-6FB6547ABC27:LeaderElection186] INFO  server.RaftServerConfigKeys (ConfUtils.java:logGet(43)) - raft.server.rpc.sleep.time = 25ms (default)
2019-09-25 11:08:51,170 [3f6fc67d-8e3f-4380-bdc7-5834d28b5411@group-6FB6547ABC27:LeaderElection186] INFO  server.RaftServerConfigKeys (ConfUtils.java:logGet(43)) - raft.server.write.element-limit = 4096 (default)
2019-09-25 11:08:51,170 [3f6fc67d-8e3f-4380-bdc7-5834d28b5411@group-6FB6547ABC27:LeaderElection186] INFO  server.RaftServerConfigKeys (ConfUtils.java:logGet(43)) - raft.server.watch.timeout = 10s (default)
2019-09-25 11:08:51,171 [3f6fc67d-8e3f-4380-bdc7-5834d28b5411@group-6FB6547ABC27:LeaderElection186] INFO  server.RaftServerConfigKeys (ConfUtils.java:logGet(43)) - raft.server.watch.timeout.denomination = 1s (default)
2019-09-25 11:08:51,171 [3f6fc67d-8e3f-4380-bdc7-5834d28b5411@group-6FB6547ABC27:LeaderElection186] INFO  server.RaftServerConfigKeys (ConfUtils.java:logGet(43)) - raft.server.watch.element-limit = 65536 (default)
2019-09-25 11:08:51,172 [3f6fc67d-8e3f-4380-bdc7-5834d28b5411@group-6FB6547ABC27:LeaderElection186] INFO  impl.RoleInfo (RoleInfo.java:updateAndGet(143)) - 3f6fc67d-8e3f-4380-bdc7-5834d28b5411: start LeaderState
2019-09-25 11:08:51,172 [3f6fc67d-8e3f-4380-bdc7-5834d28b5411@group-6FB6547ABC27:LeaderElection186] INFO  segmented.SegmentedRaftLogWorker (SegmentedRaftLogWorker.java:startLogSegment(380)) - 3f6fc67d-8e3f-4380-bdc7-5834d28b5411@group-6FB6547ABC27-SegmentedRaftLogWorker: Starting segment from index:0
2019-09-25 11:08:51,173 [3f6fc67d-8e3f-4380-bdc7-5834d28b5411@group-6FB6547ABC27:LeaderElection186] INFO  impl.RaftServerImpl (ServerState.java:setRaftConf(354)) - 3f6fc67d-8e3f-4380-bdc7-5834d28b5411@group-6FB6547ABC27: set configuration 0: [3f6fc67d-8e3f-4380-bdc7-5834d28b5411:192.168.30.6:38729], old=null at 0
2019-09-25 11:08:51,207 [Thread-2660] INFO  impl.FollowerState (FollowerState.java:run(106)) - 3f6fc67d-8e3f-4380-bdc7-5834d28b5411:group-3192B27536F9 changes to CANDIDATE, lastRpcTime:5197, electionTimeout:5197ms
2019-09-25 11:08:51,207 [Thread-2660] INFO  impl.RoleInfo (RoleInfo.java:shutdownFollowerState(121)) - 3f6fc67d-8e3f-4380-bdc7-5834d28b5411: shutdown FollowerState
2019-09-25 11:08:51,207 [Thread-2660] INFO  impl.RaftServerImpl (RaftServerImpl.java:setRole(174)) - 3f6fc67d-8e3f-4380-bdc7-5834d28b5411@group-3192B27536F9: changes role from  FOLLOWER to CANDIDATE at term 0 for changeToCandidate
2019-09-25 11:08:51,207 [Thread-2660] INFO  impl.RoleInfo (RoleInfo.java:updateAndGet(143)) - 3f6fc67d-8e3f-4380-bdc7-5834d28b5411: start LeaderElection
2019-09-25 11:08:51,229 [Thread-2669] INFO  impl.FollowerState (FollowerState.java:run(106)) - a910ee62-e7d5-4551-8567-f4bec92df57f:group-3502E699872C changes to CANDIDATE, lastRpcTime:5094, electionTimeout:5094ms
2019-09-25 11:08:51,229 [Thread-2669] INFO  impl.RoleInfo (RoleInfo.java:shutdownFollowerState(121)) - a910ee62-e7d5-4551-8567-f4bec92df57f: shutdown FollowerState
2019-09-25 11:08:51,229 [Thread-2669] INFO  impl.RaftServerImpl (RaftServerImpl.java:setRole(174)) - a910ee62-e7d5-4551-8567-f4bec92df57f@group-3502E699872C: changes role from  FOLLOWER to CANDIDATE at term 0 for changeToCandidate
2019-09-25 11:08:51,229 [Thread-2669] INFO  impl.RoleInfo (RoleInfo.java:updateAndGet(143)) - a910ee62-e7d5-4551-8567-f4bec92df57f: start LeaderElection
2019-09-25 11:08:51,233 [3f6fc67d-8e3f-4380-bdc7-5834d28b5411@group-6FB6547ABC27-SegmentedRaftLogWorker] INFO  segmented.SegmentedRaftLogWorker (SegmentedRaftLogWorker.java:execute(569)) - 3f6fc67d-8e3f-4380-bdc7-5834d28b5411@group-6FB6547ABC27-SegmentedRaftLogWorker: created new log segment /workdir/hadoop-ozone/integration-test/target/test-dir/MiniOzoneClusterImpl-df822a65-554e-408c-8ca9-c8e2ba24269c/datanode-1/data/ratis/a3eb9bc1-b13c-4e19-ad72-6fb6547abc27/current/log_inprogress_0
2019-09-25 11:08:51,233 [3f6fc67d-8e3f-4380-bdc7-5834d28b5411@group-3192B27536F9:LeaderElection187] INFO  impl.LeaderElection (LeaderElection.java:askForVotes(182)) - 3f6fc67d-8e3f-4380-bdc7-5834d28b5411@group-3192B27536F9:LeaderElection187: begin an election at term 1 for -1: [3f6fc67d-8e3f-4380-bdc7-5834d28b5411:192.168.30.6:38729], old=null
2019-09-25 11:08:51,233 [3f6fc67d-8e3f-4380-bdc7-5834d28b5411@group-3192B27536F9:LeaderElection187] INFO  impl.RoleInfo (RoleInfo.java:shutdownLeaderElection(134)) - 3f6fc67d-8e3f-4380-bdc7-5834d28b5411: shutdown LeaderElection
2019-09-25 11:08:51,233 [3f6fc67d-8e3f-4380-bdc7-5834d28b5411@group-3192B27536F9:LeaderElection187] INFO  impl.RaftServerImpl (RaftServerImpl.java:setRole(174)) - 3f6fc67d-8e3f-4380-bdc7-5834d28b5411@group-3192B27536F9: changes role from CANDIDATE to LEADER at term 1 for changeToLeader
2019-09-25 11:08:51,233 [3f6fc67d-8e3f-4380-bdc7-5834d28b5411@group-3192B27536F9:LeaderElection187] INFO  impl.RaftServerImpl (ServerState.java:setLeader(253)) - 3f6fc67d-8e3f-4380-bdc7-5834d28b5411@group-3192B27536F9: change Leader from null to 3f6fc67d-8e3f-4380-bdc7-5834d28b5411 at term 1 for becomeLeader, leader elected after 5230ms
2019-09-25 11:08:51,233 [3f6fc67d-8e3f-4380-bdc7-5834d28b5411@group-3192B27536F9:LeaderElection187] INFO  server.RaftServerConfigKeys (ConfUtils.java:logGet(43)) - raft.server.staging.catchup.gap = 1000 (default)
2019-09-25 11:08:51,233 [3f6fc67d-8e3f-4380-bdc7-5834d28b5411@group-3192B27536F9:LeaderElection187] INFO  server.RaftServerConfigKeys (ConfUtils.java:logGet(43)) - raft.server.rpc.sleep.time = 25ms (default)
2019-09-25 11:08:51,234 [3f6fc67d-8e3f-4380-bdc7-5834d28b5411@group-3192B27536F9:LeaderElection187] INFO  server.RaftServerConfigKeys (ConfUtils.java:logGet(43)) - raft.server.write.element-limit = 4096 (default)
2019-09-25 11:08:51,234 [3f6fc67d-8e3f-4380-bdc7-5834d28b5411@group-3192B27536F9:LeaderElection187] INFO  server.RaftServerConfigKeys (ConfUtils.java:logGet(43)) - raft.server.watch.timeout = 10s (default)
2019-09-25 11:08:51,234 [3f6fc67d-8e3f-4380-bdc7-5834d28b5411@group-3192B27536F9:LeaderElection187] INFO  server.RaftServerConfigKeys (ConfUtils.java:logGet(43)) - raft.server.watch.timeout.denomination = 1s (default)
2019-09-25 11:08:51,234 [3f6fc67d-8e3f-4380-bdc7-5834d28b5411@group-3192B27536F9:LeaderElection187] INFO  server.RaftServerConfigKeys (ConfUtils.java:logGet(43)) - raft.server.watch.element-limit = 65536 (default)
2019-09-25 11:08:51,235 [3f6fc67d-8e3f-4380-bdc7-5834d28b5411@group-3192B27536F9:LeaderElection187] INFO  impl.RoleInfo (RoleInfo.java:updateAndGet(143)) - 3f6fc67d-8e3f-4380-bdc7-5834d28b5411: start LeaderState
2019-09-25 11:08:51,235 [3f6fc67d-8e3f-4380-bdc7-5834d28b5411@group-3192B27536F9:LeaderElection187] INFO  segmented.SegmentedRaftLogWorker (SegmentedRaftLogWorker.java:startLogSegment(380)) - 3f6fc67d-8e3f-4380-bdc7-5834d28b5411@group-3192B27536F9-SegmentedRaftLogWorker: Starting segment from index:0
2019-09-25 11:08:51,235 [3f6fc67d-8e3f-4380-bdc7-5834d28b5411@group-3192B27536F9:LeaderElection187] INFO  impl.RaftServerImpl (ServerState.java:setRaftConf(354)) - 3f6fc67d-8e3f-4380-bdc7-5834d28b5411@group-3192B27536F9: set configuration 0: [3f6fc67d-8e3f-4380-bdc7-5834d28b5411:192.168.30.6:38729], old=null at 0
2019-09-25 11:08:51,237 [Thread-2666] INFO  impl.FollowerState (FollowerState.java:run(106)) - 47e44219-9d14-4cb3-978d-901354c5ccca:group-BDF87C468563 changes to CANDIDATE, lastRpcTime:5144, electionTimeout:5144ms
2019-09-25 11:08:51,237 [Thread-2666] INFO  impl.RoleInfo (RoleInfo.java:shutdownFollowerState(121)) - 47e44219-9d14-4cb3-978d-901354c5ccca: shutdown FollowerState
2019-09-25 11:08:51,237 [Thread-2666] INFO  impl.RaftServerImpl (RaftServerImpl.java:setRole(174)) - 47e44219-9d14-4cb3-978d-901354c5ccca@group-BDF87C468563: changes role from  FOLLOWER to CANDIDATE at term 0 for changeToCandidate
2019-09-25 11:08:51,237 [Thread-2666] INFO  impl.RoleInfo (RoleInfo.java:updateAndGet(143)) - 47e44219-9d14-4cb3-978d-901354c5ccca: start LeaderElection
2019-09-25 11:08:51,263 [Thread-2663] INFO  impl.FollowerState (FollowerState.java:run(106)) - 77f2c583-4ee9-4410-825c-925985ec9618:group-8146E08F44C6 changes to CANDIDATE, lastRpcTime:5209, electionTimeout:5191ms
2019-09-25 11:08:51,263 [a910ee62-e7d5-4551-8567-f4bec92df57f@group-3502E699872C:LeaderElection188] INFO  impl.LeaderElection (LeaderElection.java:askForVotes(182)) - a910ee62-e7d5-4551-8567-f4bec92df57f@group-3502E699872C:LeaderElection188: begin an election at term 1 for -1: [a910ee62-e7d5-4551-8567-f4bec92df57f:192.168.30.6:39441], old=null
2019-09-25 11:08:51,263 [Thread-2663] INFO  impl.RoleInfo (RoleInfo.java:shutdownFollowerState(121)) - 77f2c583-4ee9-4410-825c-925985ec9618: shutdown FollowerState
2019-09-25 11:08:51,263 [a910ee62-e7d5-4551-8567-f4bec92df57f@group-3502E699872C:LeaderElection188] INFO  impl.RoleInfo (RoleInfo.java:shutdownLeaderElection(134)) - a910ee62-e7d5-4551-8567-f4bec92df57f: shutdown LeaderElection
2019-09-25 11:08:51,263 [Thread-2663] INFO  impl.RaftServerImpl (RaftServerImpl.java:setRole(174)) - 77f2c583-4ee9-4410-825c-925985ec9618@group-8146E08F44C6: changes role from  FOLLOWER to CANDIDATE at term 0 for changeToCandidate
2019-09-25 11:08:51,263 [a910ee62-e7d5-4551-8567-f4bec92df57f@group-3502E699872C:LeaderElection188] INFO  impl.RaftServerImpl (RaftServerImpl.java:setRole(174)) - a910ee62-e7d5-4551-8567-f4bec92df57f@group-3502E699872C: changes role from CANDIDATE to LEADER at term 1 for changeToLeader
2019-09-25 11:08:51,263 [Thread-2663] INFO  impl.RoleInfo (RoleInfo.java:updateAndGet(143)) - 77f2c583-4ee9-4410-825c-925985ec9618: start LeaderElection
2019-09-25 11:08:51,263 [a910ee62-e7d5-4551-8567-f4bec92df57f@group-3502E699872C:LeaderElection188] INFO  impl.RaftServerImpl (ServerState.java:setLeader(253)) - a910ee62-e7d5-4551-8567-f4bec92df57f@group-3502E699872C: change Leader from null to a910ee62-e7d5-4551-8567-f4bec92df57f at term 1 for becomeLeader, leader elected after 5135ms
2019-09-25 11:08:51,263 [a910ee62-e7d5-4551-8567-f4bec92df57f@group-3502E699872C:LeaderElection188] INFO  server.RaftServerConfigKeys (ConfUtils.java:logGet(43)) - raft.server.staging.catchup.gap = 1000 (default)
2019-09-25 11:08:51,264 [a910ee62-e7d5-4551-8567-f4bec92df57f@group-3502E699872C:LeaderElection188] INFO  server.RaftServerConfigKeys (ConfUtils.java:logGet(43)) - raft.server.rpc.sleep.time = 25ms (default)
2019-09-25 11:08:51,266 [a910ee62-e7d5-4551-8567-f4bec92df57f@group-3502E699872C:LeaderElection188] INFO  server.RaftServerConfigKeys (ConfUtils.java:logGet(43)) - raft.server.write.element-limit = 4096 (default)
2019-09-25 11:08:51,266 [a910ee62-e7d5-4551-8567-f4bec92df57f@group-3502E699872C:LeaderElection188] INFO  server.RaftServerConfigKeys (ConfUtils.java:logGet(43)) - raft.server.watch.timeout = 10s (default)
2019-09-25 11:08:51,266 [a910ee62-e7d5-4551-8567-f4bec92df57f@group-3502E699872C:LeaderElection188] INFO  server.RaftServerConfigKeys (ConfUtils.java:logGet(43)) - raft.server.watch.timeout.denomination = 1s (default)
2019-09-25 11:08:51,267 [a910ee62-e7d5-4551-8567-f4bec92df57f@group-3502E699872C:LeaderElection188] INFO  server.RaftServerConfigKeys (ConfUtils.java:logGet(43)) - raft.server.watch.element-limit = 65536 (default)
2019-09-25 11:08:51,268 [a910ee62-e7d5-4551-8567-f4bec92df57f@group-3502E699872C:LeaderElection188] INFO  impl.RoleInfo (RoleInfo.java:updateAndGet(143)) - a910ee62-e7d5-4551-8567-f4bec92df57f: start LeaderState
2019-09-25 11:08:51,268 [a910ee62-e7d5-4551-8567-f4bec92df57f@group-3502E699872C:LeaderElection188] INFO  segmented.SegmentedRaftLogWorker (SegmentedRaftLogWorker.java:startLogSegment(380)) - a910ee62-e7d5-4551-8567-f4bec92df57f@group-3502E699872C-SegmentedRaftLogWorker: Starting segment from index:0
2019-09-25 11:08:51,268 [a910ee62-e7d5-4551-8567-f4bec92df57f@group-3502E699872C:LeaderElection188] INFO  impl.RaftServerImpl (ServerState.java:setRaftConf(354)) - a910ee62-e7d5-4551-8567-f4bec92df57f@group-3502E699872C: set configuration 0: [a910ee62-e7d5-4551-8567-f4bec92df57f:192.168.30.6:39441], old=null at 0
2019-09-25 11:08:51,275 [3f6fc67d-8e3f-4380-bdc7-5834d28b5411@group-3192B27536F9-SegmentedRaftLogWorker] INFO  segmented.SegmentedRaftLogWorker (SegmentedRaftLogWorker.java:execute(569)) - 3f6fc67d-8e3f-4380-bdc7-5834d28b5411@group-3192B27536F9-SegmentedRaftLogWorker: created new log segment /workdir/hadoop-ozone/integration-test/target/test-dir/MiniOzoneClusterImpl-df822a65-554e-408c-8ca9-c8e2ba24269c/datanode-1/data/ratis/8a23ffea-13bc-40f8-b6a1-3192b27536f9/current/log_inprogress_0
2019-09-25 11:08:51,276 [47e44219-9d14-4cb3-978d-901354c5ccca@group-BDF87C468563:LeaderElection189] INFO  impl.LeaderElection (LeaderElection.java:askForVotes(182)) - 47e44219-9d14-4cb3-978d-901354c5ccca@group-BDF87C468563:LeaderElection189: begin an election at term 1 for -1: [47e44219-9d14-4cb3-978d-901354c5ccca:192.168.30.6:46243], old=null
2019-09-25 11:08:51,276 [77f2c583-4ee9-4410-825c-925985ec9618@group-8146E08F44C6:LeaderElection190] INFO  impl.LeaderElection (LeaderElection.java:askForVotes(182)) - 77f2c583-4ee9-4410-825c-925985ec9618@group-8146E08F44C6:LeaderElection190: begin an election at term 1 for -1: [77f2c583-4ee9-4410-825c-925985ec9618:192.168.30.6:45405], old=null
2019-09-25 11:08:51,276 [47e44219-9d14-4cb3-978d-901354c5ccca@group-BDF87C468563:LeaderElection189] INFO  impl.RoleInfo (RoleInfo.java:shutdownLeaderElection(134)) - 47e44219-9d14-4cb3-978d-901354c5ccca: shutdown LeaderElection
2019-09-25 11:08:51,276 [77f2c583-4ee9-4410-825c-925985ec9618@group-8146E08F44C6:LeaderElection190] INFO  impl.RoleInfo (RoleInfo.java:shutdownLeaderElection(134)) - 77f2c583-4ee9-4410-825c-925985ec9618: shutdown LeaderElection
2019-09-25 11:08:51,276 [47e44219-9d14-4cb3-978d-901354c5ccca@group-BDF87C468563:LeaderElection189] INFO  impl.RaftServerImpl (RaftServerImpl.java:setRole(174)) - 47e44219-9d14-4cb3-978d-901354c5ccca@group-BDF87C468563: changes role from CANDIDATE to LEADER at term 1 for changeToLeader
2019-09-25 11:08:51,276 [77f2c583-4ee9-4410-825c-925985ec9618@group-8146E08F44C6:LeaderElection190] INFO  impl.RaftServerImpl (RaftServerImpl.java:setRole(174)) - 77f2c583-4ee9-4410-825c-925985ec9618@group-8146E08F44C6: changes role from CANDIDATE to LEADER at term 1 for changeToLeader
2019-09-25 11:08:51,276 [47e44219-9d14-4cb3-978d-901354c5ccca@group-BDF87C468563:LeaderElection189] INFO  impl.RaftServerImpl (ServerState.java:setLeader(253)) - 47e44219-9d14-4cb3-978d-901354c5ccca@group-BDF87C468563: change Leader from null to 47e44219-9d14-4cb3-978d-901354c5ccca at term 1 for becomeLeader, leader elected after 5187ms
2019-09-25 11:08:51,276 [77f2c583-4ee9-4410-825c-925985ec9618@group-8146E08F44C6:LeaderElection190] INFO  impl.RaftServerImpl (ServerState.java:setLeader(253)) - 77f2c583-4ee9-4410-825c-925985ec9618@group-8146E08F44C6: change Leader from null to 77f2c583-4ee9-4410-825c-925985ec9618 at term 1 for becomeLeader, leader elected after 5227ms
2019-09-25 11:08:51,277 [47e44219-9d14-4cb3-978d-901354c5ccca@group-BDF87C468563:LeaderElection189] INFO  server.RaftServerConfigKeys (ConfUtils.java:logGet(43)) - raft.server.staging.catchup.gap = 1000 (default)
2019-09-25 11:08:51,277 [77f2c583-4ee9-4410-825c-925985ec9618@group-8146E08F44C6:LeaderElection190] INFO  server.RaftServerConfigKeys (ConfUtils.java:logGet(43)) - raft.server.staging.catchup.gap = 1000 (default)
2019-09-25 11:08:51,277 [47e44219-9d14-4cb3-978d-901354c5ccca@group-BDF87C468563:LeaderElection189] INFO  server.RaftServerConfigKeys (ConfUtils.java:logGet(43)) - raft.server.rpc.sleep.time = 25ms (default)
2019-09-25 11:08:51,277 [77f2c583-4ee9-4410-825c-925985ec9618@group-8146E08F44C6:LeaderElection190] INFO  server.RaftServerConfigKeys (ConfUtils.java:logGet(43)) - raft.server.rpc.sleep.time = 25ms (default)
2019-09-25 11:08:51,277 [47e44219-9d14-4cb3-978d-901354c5ccca@group-BDF87C468563:LeaderElection189] INFO  server.RaftServerConfigKeys (ConfUtils.java:logGet(43)) - raft.server.write.element-limit = 4096 (default)
2019-09-25 11:08:51,277 [77f2c583-4ee9-4410-825c-925985ec9618@group-8146E08F44C6:LeaderElection190] INFO  server.RaftServerConfigKeys (ConfUtils.java:logGet(43)) - raft.server.write.element-limit = 4096 (default)
2019-09-25 11:08:51,277 [47e44219-9d14-4cb3-978d-901354c5ccca@group-BDF87C468563:LeaderElection189] INFO  server.RaftServerConfigKeys (ConfUtils.java:logGet(43)) - raft.server.watch.timeout = 10s (default)
2019-09-25 11:08:51,278 [77f2c583-4ee9-4410-825c-925985ec9618@group-8146E08F44C6:LeaderElection190] INFO  server.RaftServerConfigKeys (ConfUtils.java:logGet(43)) - raft.server.watch.timeout = 10s (default)
2019-09-25 11:08:51,278 [47e44219-9d14-4cb3-978d-901354c5ccca@group-BDF87C468563:LeaderElection189] INFO  server.RaftServerConfigKeys (ConfUtils.java:logGet(43)) - raft.server.watch.timeout.denomination = 1s (default)
2019-09-25 11:08:51,278 [77f2c583-4ee9-4410-825c-925985ec9618@group-8146E08F44C6:LeaderElection190] INFO  server.RaftServerConfigKeys (ConfUtils.java:logGet(43)) - raft.server.watch.timeout.denomination = 1s (default)
2019-09-25 11:08:51,278 [47e44219-9d14-4cb3-978d-901354c5ccca@group-BDF87C468563:LeaderElection189] INFO  server.RaftServerConfigKeys (ConfUtils.java:logGet(43)) - raft.server.watch.element-limit = 65536 (default)
2019-09-25 11:08:51,278 [77f2c583-4ee9-4410-825c-925985ec9618@group-8146E08F44C6:LeaderElection190] INFO  server.RaftServerConfigKeys (ConfUtils.java:logGet(43)) - raft.server.watch.element-limit = 65536 (default)
2019-09-25 11:08:51,280 [Thread-2677] INFO  impl.FollowerState (FollowerState.java:run(106)) - 3f6fc67d-8e3f-4380-bdc7-5834d28b5411:group-A36DE1F55DC3 changes to CANDIDATE, lastRpcTime:5066, electionTimeout:5066ms
2019-09-25 11:08:51,280 [Thread-2677] INFO  impl.RoleInfo (RoleInfo.java:shutdownFollowerState(121)) - 3f6fc67d-8e3f-4380-bdc7-5834d28b5411: shutdown FollowerState
2019-09-25 11:08:51,280 [Thread-2677] INFO  impl.RaftServerImpl (RaftServerImpl.java:setRole(174)) - 3f6fc67d-8e3f-4380-bdc7-5834d28b5411@group-A36DE1F55DC3: changes role from  FOLLOWER to CANDIDATE at term 0 for changeToCandidate
2019-09-25 11:08:51,280 [Thread-2677] INFO  impl.RoleInfo (RoleInfo.java:updateAndGet(143)) - 3f6fc67d-8e3f-4380-bdc7-5834d28b5411: start LeaderElection
2019-09-25 11:08:51,309 [Thread-2680] INFO  impl.FollowerState (FollowerState.java:run(106)) - 975b33e8-e2cc-4a40-852a-f9fd970783fd:group-72E7AFE52558 changes to CANDIDATE, lastRpcTime:5045, electionTimeout:5017ms
2019-09-25 11:08:51,309 [Thread-2672] INFO  impl.FollowerState (FollowerState.java:run(106)) - a910ee62-e7d5-4551-8567-f4bec92df57f:group-28FACCC12F00 changes to CANDIDATE, lastRpcTime:5138, electionTimeout:5110ms
2019-09-25 11:08:51,309 [Thread-2680] INFO  impl.RoleInfo (RoleInfo.java:shutdownFollowerState(121)) - 975b33e8-e2cc-4a40-852a-f9fd970783fd: shutdown FollowerState
2019-09-25 11:08:51,309 [Thread-2672] INFO  impl.RoleInfo (RoleInfo.java:shutdownFollowerState(121)) - a910ee62-e7d5-4551-8567-f4bec92df57f: shutdown FollowerState
2019-09-25 11:08:51,310 [47e44219-9d14-4cb3-978d-901354c5ccca@group-BDF87C468563:LeaderElection189] INFO  impl.RoleInfo (RoleInfo.java:updateAndGet(143)) - 47e44219-9d14-4cb3-978d-901354c5ccca: start LeaderState
2019-09-25 11:08:51,309 [Thread-2680] INFO  impl.RaftServerImpl (RaftServerImpl.java:setRole(174)) - 975b33e8-e2cc-4a40-852a-f9fd970783fd@group-72E7AFE52558: changes role from  FOLLOWER to CANDIDATE at term 0 for changeToCandidate
2019-09-25 11:08:51,310 [Thread-2672] INFO  impl.RaftServerImpl (RaftServerImpl.java:setRole(174)) - a910ee62-e7d5-4551-8567-f4bec92df57f@group-28FACCC12F00: changes role from  FOLLOWER to CANDIDATE at term 0 for changeToCandidate
2019-09-25 11:08:51,310 [Thread-2680] INFO  impl.RoleInfo (RoleInfo.java:updateAndGet(143)) - 975b33e8-e2cc-4a40-852a-f9fd970783fd: start LeaderElection
2019-09-25 11:08:51,310 [47e44219-9d14-4cb3-978d-901354c5ccca@group-BDF87C468563:LeaderElection189] INFO  segmented.SegmentedRaftLogWorker (SegmentedRaftLogWorker.java:startLogSegment(380)) - 47e44219-9d14-4cb3-978d-901354c5ccca@group-BDF87C468563-SegmentedRaftLogWorker: Starting segment from index:0
2019-09-25 11:08:51,310 [77f2c583-4ee9-4410-825c-925985ec9618@group-8146E08F44C6:LeaderElection190] INFO  impl.RoleInfo (RoleInfo.java:updateAndGet(143)) - 77f2c583-4ee9-4410-825c-925985ec9618: start LeaderState
2019-09-25 11:08:51,310 [Thread-2672] INFO  impl.RoleInfo (RoleInfo.java:updateAndGet(143)) - a910ee62-e7d5-4551-8567-f4bec92df57f: start LeaderElection
2019-09-25 11:08:51,313 [77f2c583-4ee9-4410-825c-925985ec9618@group-8146E08F44C6:LeaderElection190] INFO  segmented.SegmentedRaftLogWorker (SegmentedRaftLogWorker.java:startLogSegment(380)) - 77f2c583-4ee9-4410-825c-925985ec9618@group-8146E08F44C6-SegmentedRaftLogWorker: Starting segment from index:0
2019-09-25 11:08:51,313 [47e44219-9d14-4cb3-978d-901354c5ccca@group-BDF87C468563:LeaderElection189] INFO  impl.RaftServerImpl (ServerState.java:setRaftConf(354)) - 47e44219-9d14-4cb3-978d-901354c5ccca@group-BDF87C468563: set configuration 0: [47e44219-9d14-4cb3-978d-901354c5ccca:192.168.30.6:46243], old=null at 0
2019-09-25 11:08:51,316 [77f2c583-4ee9-4410-825c-925985ec9618@group-8146E08F44C6:LeaderElection190] INFO  impl.RaftServerImpl (ServerState.java:setRaftConf(354)) - 77f2c583-4ee9-4410-825c-925985ec9618@group-8146E08F44C6: set configuration 0: [77f2c583-4ee9-4410-825c-925985ec9618:192.168.30.6:45405], old=null at 0
2019-09-25 11:08:51,317 [Thread-2683] INFO  impl.FollowerState (FollowerState.java:run(106)) - 77f2c583-4ee9-4410-825c-925985ec9618:group-65C82803BE2A changes to CANDIDATE, lastRpcTime:5027, electionTimeout:5027ms
2019-09-25 11:08:51,317 [Thread-2683] INFO  impl.RoleInfo (RoleInfo.java:shutdownFollowerState(121)) - 77f2c583-4ee9-4410-825c-925985ec9618: shutdown FollowerState
2019-09-25 11:08:51,317 [Thread-2683] INFO  impl.RaftServerImpl (RaftServerImpl.java:setRole(174)) - 77f2c583-4ee9-4410-825c-925985ec9618@group-65C82803BE2A: changes role from  FOLLOWER to CANDIDATE at term 0 for changeToCandidate
2019-09-25 11:08:51,317 [Thread-2683] INFO  impl.RoleInfo (RoleInfo.java:updateAndGet(143)) - 77f2c583-4ee9-4410-825c-925985ec9618: start LeaderElection
2019-09-25 11:08:51,344 [a910ee62-e7d5-4551-8567-f4bec92df57f@group-3502E699872C-SegmentedRaftLogWorker] INFO  segmented.SegmentedRaftLogWorker (SegmentedRaftLogWorker.java:execute(569)) - a910ee62-e7d5-4551-8567-f4bec92df57f@group-3502E699872C-SegmentedRaftLogWorker: created new log segment /workdir/hadoop-ozone/integration-test/target/test-dir/MiniOzoneClusterImpl-df822a65-554e-408c-8ca9-c8e2ba24269c/datanode-3/data/ratis/c2e733f7-7ce7-4748-8d13-3502e699872c/current/log_inprogress_0
2019-09-25 11:08:51,345 [a910ee62-e7d5-4551-8567-f4bec92df57f@group-28FACCC12F00:LeaderElection193] INFO  impl.LeaderElection (LeaderElection.java:askForVotes(182)) - a910ee62-e7d5-4551-8567-f4bec92df57f@group-28FACCC12F00:LeaderElection193: begin an election at term 1 for -1: [a910ee62-e7d5-4551-8567-f4bec92df57f:192.168.30.6:39441], old=null
2019-09-25 11:08:51,345 [975b33e8-e2cc-4a40-852a-f9fd970783fd@group-72E7AFE52558:LeaderElection192] INFO  impl.LeaderElection (LeaderElection.java:askForVotes(182)) - 975b33e8-e2cc-4a40-852a-f9fd970783fd@group-72E7AFE52558:LeaderElection192: begin an election at term 1 for -1: [975b33e8-e2cc-4a40-852a-f9fd970783fd:192.168.30.6:37792], old=null
2019-09-25 11:08:51,345 [3f6fc67d-8e3f-4380-bdc7-5834d28b5411@group-A36DE1F55DC3:LeaderElection191] INFO  impl.LeaderElection (LeaderElection.java:askForVotes(182)) - 3f6fc67d-8e3f-4380-bdc7-5834d28b5411@group-A36DE1F55DC3:LeaderElection191: begin an election at term 1 for -1: [3f6fc67d-8e3f-4380-bdc7-5834d28b5411:192.168.30.6:38729], old=null
2019-09-25 11:08:51,345 [975b33e8-e2cc-4a40-852a-f9fd970783fd@group-72E7AFE52558:LeaderElection192] INFO  impl.RoleInfo (RoleInfo.java:shutdownLeaderElection(134)) - 975b33e8-e2cc-4a40-852a-f9fd970783fd: shutdown LeaderElection
2019-09-25 11:08:51,345 [a910ee62-e7d5-4551-8567-f4bec92df57f@group-28FACCC12F00:LeaderElection193] INFO  impl.RoleInfo (RoleInfo.java:shutdownLeaderElection(134)) - a910ee62-e7d5-4551-8567-f4bec92df57f: shutdown LeaderElection
2019-09-25 11:08:51,345 [975b33e8-e2cc-4a40-852a-f9fd970783fd@group-72E7AFE52558:LeaderElection192] INFO  impl.RaftServerImpl (RaftServerImpl.java:setRole(174)) - 975b33e8-e2cc-4a40-852a-f9fd970783fd@group-72E7AFE52558: changes role from CANDIDATE to LEADER at term 1 for changeToLeader
2019-09-25 11:08:51,345 [3f6fc67d-8e3f-4380-bdc7-5834d28b5411@group-A36DE1F55DC3:LeaderElection191] INFO  impl.RoleInfo (RoleInfo.java:shutdownLeaderElection(134)) - 3f6fc67d-8e3f-4380-bdc7-5834d28b5411: shutdown LeaderElection
2019-09-25 11:08:51,345 [975b33e8-e2cc-4a40-852a-f9fd970783fd@group-72E7AFE52558:LeaderElection192] INFO  impl.RaftServerImpl (ServerState.java:setLeader(253)) - 975b33e8-e2cc-4a40-852a-f9fd970783fd@group-72E7AFE52558: change Leader from null to 975b33e8-e2cc-4a40-852a-f9fd970783fd at term 1 for becomeLeader, leader elected after 5086ms
2019-09-25 11:08:51,345 [a910ee62-e7d5-4551-8567-f4bec92df57f@group-28FACCC12F00:LeaderElection193] INFO  impl.RaftServerImpl (RaftServerImpl.java:setRole(174)) - a910ee62-e7d5-4551-8567-f4bec92df57f@group-28FACCC12F00: changes role from CANDIDATE to LEADER at term 1 for changeToLeader
2019-09-25 11:08:51,346 [975b33e8-e2cc-4a40-852a-f9fd970783fd@group-72E7AFE52558:LeaderElection192] INFO  server.RaftServerConfigKeys (ConfUtils.java:logGet(43)) - raft.server.staging.catchup.gap = 1000 (default)
2019-09-25 11:08:51,346 [3f6fc67d-8e3f-4380-bdc7-5834d28b5411@group-A36DE1F55DC3:LeaderElection191] INFO  impl.RaftServerImpl (RaftServerImpl.java:setRole(174)) - 3f6fc67d-8e3f-4380-bdc7-5834d28b5411@group-A36DE1F55DC3: changes role from CANDIDATE to LEADER at term 1 for changeToLeader
2019-09-25 11:08:51,346 [975b33e8-e2cc-4a40-852a-f9fd970783fd@group-72E7AFE52558:LeaderElection192] INFO  server.RaftServerConfigKeys (ConfUtils.java:logGet(43)) - raft.server.rpc.sleep.time = 25ms (default)
2019-09-25 11:08:51,346 [a910ee62-e7d5-4551-8567-f4bec92df57f@group-28FACCC12F00:LeaderElection193] INFO  impl.RaftServerImpl (ServerState.java:setLeader(253)) - a910ee62-e7d5-4551-8567-f4bec92df57f@group-28FACCC12F00: change Leader from null to a910ee62-e7d5-4551-8567-f4bec92df57f at term 1 for becomeLeader, leader elected after 5179ms
2019-09-25 11:08:51,346 [975b33e8-e2cc-4a40-852a-f9fd970783fd@group-72E7AFE52558:LeaderElection192] INFO  server.RaftServerConfigKeys (ConfUtils.java:logGet(43)) - raft.server.write.element-limit = 4096 (default)
2019-09-25 11:08:51,346 [3f6fc67d-8e3f-4380-bdc7-5834d28b5411@group-A36DE1F55DC3:LeaderElection191] INFO  impl.RaftServerImpl (ServerState.java:setLeader(253)) - 3f6fc67d-8e3f-4380-bdc7-5834d28b5411@group-A36DE1F55DC3: change Leader from null to 3f6fc67d-8e3f-4380-bdc7-5834d28b5411 at term 1 for becomeLeader, leader elected after 5138ms
2019-09-25 11:08:51,347 [975b33e8-e2cc-4a40-852a-f9fd970783fd@group-72E7AFE52558:LeaderElection192] INFO  server.RaftServerConfigKeys (ConfUtils.java:logGet(43)) - raft.server.watch.timeout = 10s (default)
2019-09-25 11:08:51,346 [a910ee62-e7d5-4551-8567-f4bec92df57f@group-28FACCC12F00:LeaderElection193] INFO  server.RaftServerConfigKeys (ConfUtils.java:logGet(43)) - raft.server.staging.catchup.gap = 1000 (default)
2019-09-25 11:08:51,347 [975b33e8-e2cc-4a40-852a-f9fd970783fd@group-72E7AFE52558:LeaderElection192] INFO  server.RaftServerConfigKeys (ConfUtils.java:logGet(43)) - raft.server.watch.timeout.denomination = 1s (default)
2019-09-25 11:08:51,347 [3f6fc67d-8e3f-4380-bdc7-5834d28b5411@group-A36DE1F55DC3:LeaderElection191] INFO  server.RaftServerConfigKeys (ConfUtils.java:logGet(43)) - raft.server.staging.catchup.gap = 1000 (default)
2019-09-25 11:08:51,347 [3f6fc67d-8e3f-4380-bdc7-5834d28b5411@group-A36DE1F55DC3:LeaderElection191] INFO  server.RaftServerConfigKeys (ConfUtils.java:logGet(43)) - raft.server.rpc.sleep.time = 25ms (default)
2019-09-25 11:08:51,347 [975b33e8-e2cc-4a40-852a-f9fd970783fd@group-72E7AFE52558:LeaderElection192] INFO  server.RaftServerConfigKeys (ConfUtils.java:logGet(43)) - raft.server.watch.element-limit = 65536 (default)
2019-09-25 11:08:51,347 [a910ee62-e7d5-4551-8567-f4bec92df57f@group-28FACCC12F00:LeaderElection193] INFO  server.RaftServerConfigKeys (ConfUtils.java:logGet(43)) - raft.server.rpc.sleep.time = 25ms (default)
2019-09-25 11:08:51,347 [3f6fc67d-8e3f-4380-bdc7-5834d28b5411@group-A36DE1F55DC3:LeaderElection191] INFO  server.RaftServerConfigKeys (ConfUtils.java:logGet(43)) - raft.server.write.element-limit = 4096 (default)
2019-09-25 11:08:51,348 [a910ee62-e7d5-4551-8567-f4bec92df57f@group-28FACCC12F00:LeaderElection193] INFO  server.RaftServerConfigKeys (ConfUtils.java:logGet(43)) - raft.server.write.element-limit = 4096 (default)
2019-09-25 11:08:51,348 [3f6fc67d-8e3f-4380-bdc7-5834d28b5411@group-A36DE1F55DC3:LeaderElection191] INFO  server.RaftServerConfigKeys (ConfUtils.java:logGet(43)) - raft.server.watch.timeout = 10s (default)
2019-09-25 11:08:51,348 [a910ee62-e7d5-4551-8567-f4bec92df57f@group-28FACCC12F00:LeaderElection193] INFO  server.RaftServerConfigKeys (ConfUtils.java:logGet(43)) - raft.server.watch.timeout = 10s (default)
2019-09-25 11:08:51,348 [3f6fc67d-8e3f-4380-bdc7-5834d28b5411@group-A36DE1F55DC3:LeaderElection191] INFO  server.RaftServerConfigKeys (ConfUtils.java:logGet(43)) - raft.server.watch.timeout.denomination = 1s (default)
2019-09-25 11:08:51,348 [a910ee62-e7d5-4551-8567-f4bec92df57f@group-28FACCC12F00:LeaderElection193] INFO  server.RaftServerConfigKeys (ConfUtils.java:logGet(43)) - raft.server.watch.timeout.denomination = 1s (default)
2019-09-25 11:08:51,348 [3f6fc67d-8e3f-4380-bdc7-5834d28b5411@group-A36DE1F55DC3:LeaderElection191] INFO  server.RaftServerConfigKeys (ConfUtils.java:logGet(43)) - raft.server.watch.element-limit = 65536 (default)
2019-09-25 11:08:51,349 [a910ee62-e7d5-4551-8567-f4bec92df57f@group-28FACCC12F00:LeaderElection193] INFO  server.RaftServerConfigKeys (ConfUtils.java:logGet(43)) - raft.server.watch.element-limit = 65536 (default)
2019-09-25 11:08:51,351 [975b33e8-e2cc-4a40-852a-f9fd970783fd@group-72E7AFE52558:LeaderElection192] INFO  impl.RoleInfo (RoleInfo.java:updateAndGet(143)) - 975b33e8-e2cc-4a40-852a-f9fd970783fd: start LeaderState
2019-09-25 11:08:51,351 [975b33e8-e2cc-4a40-852a-f9fd970783fd@group-72E7AFE52558:LeaderElection192] INFO  segmented.SegmentedRaftLogWorker (SegmentedRaftLogWorker.java:startLogSegment(380)) - 975b33e8-e2cc-4a40-852a-f9fd970783fd@group-72E7AFE52558-SegmentedRaftLogWorker: Starting segment from index:0
2019-09-25 11:08:51,352 [975b33e8-e2cc-4a40-852a-f9fd970783fd@group-72E7AFE52558:LeaderElection192] INFO  impl.RaftServerImpl (ServerState.java:setRaftConf(354)) - 975b33e8-e2cc-4a40-852a-f9fd970783fd@group-72E7AFE52558: set configuration 0: [975b33e8-e2cc-4a40-852a-f9fd970783fd:192.168.30.6:37792], old=null at 0
2019-09-25 11:08:51,352 [a910ee62-e7d5-4551-8567-f4bec92df57f@group-28FACCC12F00:LeaderElection193] INFO  impl.RoleInfo (RoleInfo.java:updateAndGet(143)) - a910ee62-e7d5-4551-8567-f4bec92df57f: start LeaderState
2019-09-25 11:08:51,352 [3f6fc67d-8e3f-4380-bdc7-5834d28b5411@group-A36DE1F55DC3:LeaderElection191] INFO  impl.RoleInfo (RoleInfo.java:updateAndGet(143)) - 3f6fc67d-8e3f-4380-bdc7-5834d28b5411: start LeaderState
2019-09-25 11:08:51,352 [a910ee62-e7d5-4551-8567-f4bec92df57f@group-28FACCC12F00:LeaderElection193] INFO  segmented.SegmentedRaftLogWorker (SegmentedRaftLogWorker.java:startLogSegment(380)) - a910ee62-e7d5-4551-8567-f4bec92df57f@group-28FACCC12F00-SegmentedRaftLogWorker: Starting segment from index:0
2019-09-25 11:08:51,352 [3f6fc67d-8e3f-4380-bdc7-5834d28b5411@group-A36DE1F55DC3:LeaderElection191] INFO  segmented.SegmentedRaftLogWorker (SegmentedRaftLogWorker.java:startLogSegment(380)) - 3f6fc67d-8e3f-4380-bdc7-5834d28b5411@group-A36DE1F55DC3-SegmentedRaftLogWorker: Starting segment from index:0
2019-09-25 11:08:51,353 [a910ee62-e7d5-4551-8567-f4bec92df57f@group-28FACCC12F00:LeaderElection193] INFO  impl.RaftServerImpl (ServerState.java:setRaftConf(354)) - a910ee62-e7d5-4551-8567-f4bec92df57f@group-28FACCC12F00: set configuration 0: [a910ee62-e7d5-4551-8567-f4bec92df57f:192.168.30.6:39441], old=null at 0
2019-09-25 11:08:51,353 [3f6fc67d-8e3f-4380-bdc7-5834d28b5411@group-A36DE1F55DC3:LeaderElection191] INFO  impl.RaftServerImpl (ServerState.java:setRaftConf(354)) - 3f6fc67d-8e3f-4380-bdc7-5834d28b5411@group-A36DE1F55DC3: set configuration 0: [3f6fc67d-8e3f-4380-bdc7-5834d28b5411:192.168.30.6:38729], old=null at 0
2019-09-25 11:08:51,357 [77f2c583-4ee9-4410-825c-925985ec9618@group-8146E08F44C6-SegmentedRaftLogWorker] INFO  segmented.SegmentedRaftLogWorker (SegmentedRaftLogWorker.java:execute(569)) - 77f2c583-4ee9-4410-825c-925985ec9618@group-8146E08F44C6-SegmentedRaftLogWorker: created new log segment /workdir/hadoop-ozone/integration-test/target/test-dir/MiniOzoneClusterImpl-df822a65-554e-408c-8ca9-c8e2ba24269c/datanode-0/data/ratis/0e156b91-61e8-499e-a40b-8146e08f44c6/current/log_inprogress_0
2019-09-25 11:08:51,357 [47e44219-9d14-4cb3-978d-901354c5ccca@group-BDF87C468563-SegmentedRaftLogWorker] INFO  segmented.SegmentedRaftLogWorker (SegmentedRaftLogWorker.java:execute(569)) - 47e44219-9d14-4cb3-978d-901354c5ccca@group-BDF87C468563-SegmentedRaftLogWorker: created new log segment /workdir/hadoop-ozone/integration-test/target/test-dir/MiniOzoneClusterImpl-df822a65-554e-408c-8ca9-c8e2ba24269c/datanode-2/data/ratis/b91e80f4-99e3-49ba-9310-bdf87c468563/current/log_inprogress_0
2019-09-25 11:08:51,357 [77f2c583-4ee9-4410-825c-925985ec9618@group-65C82803BE2A:LeaderElection194] INFO  impl.LeaderElection (LeaderElection.java:askForVotes(182)) - 77f2c583-4ee9-4410-825c-925985ec9618@group-65C82803BE2A:LeaderElection194: begin an election at term 1 for -1: [77f2c583-4ee9-4410-825c-925985ec9618:192.168.30.6:45405], old=null
2019-09-25 11:08:51,358 [77f2c583-4ee9-4410-825c-925985ec9618@group-65C82803BE2A:LeaderElection194] INFO  impl.RoleInfo (RoleInfo.java:shutdownLeaderElection(134)) - 77f2c583-4ee9-4410-825c-925985ec9618: shutdown LeaderElection
2019-09-25 11:08:51,358 [77f2c583-4ee9-4410-825c-925985ec9618@group-65C82803BE2A:LeaderElection194] INFO  impl.RaftServerImpl (RaftServerImpl.java:setRole(174)) - 77f2c583-4ee9-4410-825c-925985ec9618@group-65C82803BE2A: changes role from CANDIDATE to LEADER at term 1 for changeToLeader
2019-09-25 11:08:51,358 [77f2c583-4ee9-4410-825c-925985ec9618@group-65C82803BE2A:LeaderElection194] INFO  impl.RaftServerImpl (ServerState.java:setLeader(253)) - 77f2c583-4ee9-4410-825c-925985ec9618@group-65C82803BE2A: change Leader from null to 77f2c583-4ee9-4410-825c-925985ec9618 at term 1 for becomeLeader, leader elected after 5071ms
2019-09-25 11:08:51,358 [77f2c583-4ee9-4410-825c-925985ec9618@group-65C82803BE2A:LeaderElection194] INFO  server.RaftServerConfigKeys (ConfUtils.java:logGet(43)) - raft.server.staging.catchup.gap = 1000 (default)
2019-09-25 11:08:51,358 [77f2c583-4ee9-4410-825c-925985ec9618@group-65C82803BE2A:LeaderElection194] INFO  server.RaftServerConfigKeys (ConfUtils.java:logGet(43)) - raft.server.rpc.sleep.time = 25ms (default)
2019-09-25 11:08:51,358 [77f2c583-4ee9-4410-825c-925985ec9618@group-65C82803BE2A:LeaderElection194] INFO  server.RaftServerConfigKeys (ConfUtils.java:logGet(43)) - raft.server.write.element-limit = 4096 (default)
2019-09-25 11:08:51,358 [77f2c583-4ee9-4410-825c-925985ec9618@group-65C82803BE2A:LeaderElection194] INFO  server.RaftServerConfigKeys (ConfUtils.java:logGet(43)) - raft.server.watch.timeout = 10s (default)
2019-09-25 11:08:51,359 [77f2c583-4ee9-4410-825c-925985ec9618@group-65C82803BE2A:LeaderElection194] INFO  server.RaftServerConfigKeys (ConfUtils.java:logGet(43)) - raft.server.watch.timeout.denomination = 1s (default)
2019-09-25 11:08:51,359 [77f2c583-4ee9-4410-825c-925985ec9618@group-65C82803BE2A:LeaderElection194] INFO  server.RaftServerConfigKeys (ConfUtils.java:logGet(43)) - raft.server.watch.element-limit = 65536 (default)
2019-09-25 11:08:51,361 [77f2c583-4ee9-4410-825c-925985ec9618@group-65C82803BE2A:LeaderElection194] INFO  impl.RoleInfo (RoleInfo.java:updateAndGet(143)) - 77f2c583-4ee9-4410-825c-925985ec9618: start LeaderState
2019-09-25 11:08:51,361 [77f2c583-4ee9-4410-825c-925985ec9618@group-65C82803BE2A:LeaderElection194] INFO  segmented.SegmentedRaftLogWorker (SegmentedRaftLogWorker.java:startLogSegment(380)) - 77f2c583-4ee9-4410-825c-925985ec9618@group-65C82803BE2A-SegmentedRaftLogWorker: Starting segment from index:0
2019-09-25 11:08:51,362 [77f2c583-4ee9-4410-825c-925985ec9618@group-65C82803BE2A:LeaderElection194] INFO  impl.RaftServerImpl (ServerState.java:setRaftConf(354)) - 77f2c583-4ee9-4410-825c-925985ec9618@group-65C82803BE2A: set configuration 0: [77f2c583-4ee9-4410-825c-925985ec9618:192.168.30.6:45405], old=null at 0
2019-09-25 11:08:51,373 [Thread-2686] INFO  impl.FollowerState (FollowerState.java:run(106)) - 47e44219-9d14-4cb3-978d-901354c5ccca:group-34500C08C9CD changes to CANDIDATE, lastRpcTime:5038, electionTimeout:5038ms
2019-09-25 11:08:51,374 [Thread-2686] INFO  impl.RoleInfo (RoleInfo.java:shutdownFollowerState(121)) - 47e44219-9d14-4cb3-978d-901354c5ccca: shutdown FollowerState
2019-09-25 11:08:51,374 [Thread-2686] INFO  impl.RaftServerImpl (RaftServerImpl.java:setRole(174)) - 47e44219-9d14-4cb3-978d-901354c5ccca@group-34500C08C9CD: changes role from  FOLLOWER to CANDIDATE at term 0 for changeToCandidate
2019-09-25 11:08:51,374 [Thread-2686] INFO  impl.RoleInfo (RoleInfo.java:updateAndGet(143)) - 47e44219-9d14-4cb3-978d-901354c5ccca: start LeaderElection
2019-09-25 11:08:51,417 [77f2c583-4ee9-4410-825c-925985ec9618@group-65C82803BE2A-SegmentedRaftLogWorker] INFO  segmented.SegmentedRaftLogWorker (SegmentedRaftLogWorker.java:execute(569)) - 77f2c583-4ee9-4410-825c-925985ec9618@group-65C82803BE2A-SegmentedRaftLogWorker: created new log segment /workdir/hadoop-ozone/integration-test/target/test-dir/MiniOzoneClusterImpl-df822a65-554e-408c-8ca9-c8e2ba24269c/datanode-0/data/ratis/d346a660-30c3-4b8f-94f8-65c82803be2a/current/log_inprogress_0
2019-09-25 11:08:51,417 [975b33e8-e2cc-4a40-852a-f9fd970783fd@group-72E7AFE52558-SegmentedRaftLogWorker] INFO  segmented.SegmentedRaftLogWorker (SegmentedRaftLogWorker.java:execute(569)) - 975b33e8-e2cc-4a40-852a-f9fd970783fd@group-72E7AFE52558-SegmentedRaftLogWorker: created new log segment /workdir/hadoop-ozone/integration-test/target/test-dir/MiniOzoneClusterImpl-df822a65-554e-408c-8ca9-c8e2ba24269c/datanode-5/data/ratis/ebd8e2a3-839b-4f6f-a7ff-72e7afe52558/current/log_inprogress_0
2019-09-25 11:08:51,418 [47e44219-9d14-4cb3-978d-901354c5ccca@group-34500C08C9CD:LeaderElection195] INFO  impl.LeaderElection (LeaderElection.java:askForVotes(182)) - 47e44219-9d14-4cb3-978d-901354c5ccca@group-34500C08C9CD:LeaderElection195: begin an election at term 1 for -1: [47e44219-9d14-4cb3-978d-901354c5ccca:192.168.30.6:46243], old=null
2019-09-25 11:08:51,417 [a910ee62-e7d5-4551-8567-f4bec92df57f@group-28FACCC12F00-SegmentedRaftLogWorker] INFO  segmented.SegmentedRaftLogWorker (SegmentedRaftLogWorker.java:execute(569)) - a910ee62-e7d5-4551-8567-f4bec92df57f@group-28FACCC12F00-SegmentedRaftLogWorker: created new log segment /workdir/hadoop-ozone/integration-test/target/test-dir/MiniOzoneClusterImpl-df822a65-554e-408c-8ca9-c8e2ba24269c/datanode-3/data/ratis/55d3a009-cb3e-4e88-8a1d-28faccc12f00/current/log_inprogress_0
2019-09-25 11:08:51,417 [3f6fc67d-8e3f-4380-bdc7-5834d28b5411@group-A36DE1F55DC3-SegmentedRaftLogWorker] INFO  segmented.SegmentedRaftLogWorker (SegmentedRaftLogWorker.java:execute(569)) - 3f6fc67d-8e3f-4380-bdc7-5834d28b5411@group-A36DE1F55DC3-SegmentedRaftLogWorker: created new log segment /workdir/hadoop-ozone/integration-test/target/test-dir/MiniOzoneClusterImpl-df822a65-554e-408c-8ca9-c8e2ba24269c/datanode-1/data/ratis/cf98d390-6561-47cf-b6a4-a36de1f55dc3/current/log_inprogress_0
2019-09-25 11:08:51,418 [47e44219-9d14-4cb3-978d-901354c5ccca@group-34500C08C9CD:LeaderElection195] INFO  impl.RoleInfo (RoleInfo.java:shutdownLeaderElection(134)) - 47e44219-9d14-4cb3-978d-901354c5ccca: shutdown LeaderElection
2019-09-25 11:08:51,418 [47e44219-9d14-4cb3-978d-901354c5ccca@group-34500C08C9CD:LeaderElection195] INFO  impl.RaftServerImpl (RaftServerImpl.java:setRole(174)) - 47e44219-9d14-4cb3-978d-901354c5ccca@group-34500C08C9CD: changes role from CANDIDATE to LEADER at term 1 for changeToLeader
2019-09-25 11:08:51,418 [47e44219-9d14-4cb3-978d-901354c5ccca@group-34500C08C9CD:LeaderElection195] INFO  impl.RaftServerImpl (ServerState.java:setLeader(253)) - 47e44219-9d14-4cb3-978d-901354c5ccca@group-34500C08C9CD: change Leader from null to 47e44219-9d14-4cb3-978d-901354c5ccca at term 1 for becomeLeader, leader elected after 5086ms
2019-09-25 11:08:51,418 [47e44219-9d14-4cb3-978d-901354c5ccca@group-34500C08C9CD:LeaderElection195] INFO  server.RaftServerConfigKeys (ConfUtils.java:logGet(43)) - raft.server.staging.catchup.gap = 1000 (default)
2019-09-25 11:08:51,419 [47e44219-9d14-4cb3-978d-901354c5ccca@group-34500C08C9CD:LeaderElection195] INFO  server.RaftServerConfigKeys (ConfUtils.java:logGet(43)) - raft.server.rpc.sleep.time = 25ms (default)
2019-09-25 11:08:51,419 [47e44219-9d14-4cb3-978d-901354c5ccca@group-34500C08C9CD:LeaderElection195] INFO  server.RaftServerConfigKeys (ConfUtils.java:logGet(43)) - raft.server.write.element-limit = 4096 (default)
2019-09-25 11:08:51,419 [47e44219-9d14-4cb3-978d-901354c5ccca@group-34500C08C9CD:LeaderElection195] INFO  server.RaftServerConfigKeys (ConfUtils.java:logGet(43)) - raft.server.watch.timeout = 10s (default)
2019-09-25 11:08:51,419 [47e44219-9d14-4cb3-978d-901354c5ccca@group-34500C08C9CD:LeaderElection195] INFO  server.RaftServerConfigKeys (ConfUtils.java:logGet(43)) - raft.server.watch.timeout.denomination = 1s (default)
2019-09-25 11:08:51,419 [47e44219-9d14-4cb3-978d-901354c5ccca@group-34500C08C9CD:LeaderElection195] INFO  server.RaftServerConfigKeys (ConfUtils.java:logGet(43)) - raft.server.watch.element-limit = 65536 (default)
2019-09-25 11:08:51,421 [47e44219-9d14-4cb3-978d-901354c5ccca@group-34500C08C9CD:LeaderElection195] INFO  impl.RoleInfo (RoleInfo.java:updateAndGet(143)) - 47e44219-9d14-4cb3-978d-901354c5ccca: start LeaderState
2019-09-25 11:08:51,421 [47e44219-9d14-4cb3-978d-901354c5ccca@group-34500C08C9CD:LeaderElection195] INFO  segmented.SegmentedRaftLogWorker (SegmentedRaftLogWorker.java:startLogSegment(380)) - 47e44219-9d14-4cb3-978d-901354c5ccca@group-34500C08C9CD-SegmentedRaftLogWorker: Starting segment from index:0
2019-09-25 11:08:51,422 [47e44219-9d14-4cb3-978d-901354c5ccca@group-34500C08C9CD:LeaderElection195] INFO  impl.RaftServerImpl (ServerState.java:setRaftConf(354)) - 47e44219-9d14-4cb3-978d-901354c5ccca@group-34500C08C9CD: set configuration 0: [47e44219-9d14-4cb3-978d-901354c5ccca:192.168.30.6:46243], old=null at 0
2019-09-25 11:08:51,458 [47e44219-9d14-4cb3-978d-901354c5ccca@group-34500C08C9CD-SegmentedRaftLogWorker] INFO  segmented.SegmentedRaftLogWorker (SegmentedRaftLogWorker.java:execute(569)) - 47e44219-9d14-4cb3-978d-901354c5ccca@group-34500C08C9CD-SegmentedRaftLogWorker: created new log segment /workdir/hadoop-ozone/integration-test/target/test-dir/MiniOzoneClusterImpl-df822a65-554e-408c-8ca9-c8e2ba24269c/datanode-2/data/ratis/94307846-2e8e-458b-9f4c-34500c08c9cd/current/log_inprogress_0
2019-09-25 11:08:51,515 [Thread-2689] INFO  impl.FollowerState (FollowerState.java:run(106)) - 47e44219-9d14-4cb3-978d-901354c5ccca:group-960B4437CB03 changes to CANDIDATE, lastRpcTime:5144, electionTimeout:5144ms
2019-09-25 11:08:51,515 [Thread-2689] INFO  impl.RoleInfo (RoleInfo.java:shutdownFollowerState(121)) - 47e44219-9d14-4cb3-978d-901354c5ccca: shutdown FollowerState
2019-09-25 11:08:51,515 [Thread-2689] INFO  impl.RaftServerImpl (RaftServerImpl.java:setRole(174)) - 47e44219-9d14-4cb3-978d-901354c5ccca@group-960B4437CB03: changes role from  FOLLOWER to CANDIDATE at term 0 for changeToCandidate
2019-09-25 11:08:51,515 [Thread-2689] INFO  impl.RoleInfo (RoleInfo.java:updateAndGet(143)) - 47e44219-9d14-4cb3-978d-901354c5ccca: start LeaderElection
2019-09-25 11:08:51,528 [47e44219-9d14-4cb3-978d-901354c5ccca@group-960B4437CB03:LeaderElection196] INFO  impl.LeaderElection (LeaderElection.java:askForVotes(182)) - 47e44219-9d14-4cb3-978d-901354c5ccca@group-960B4437CB03:LeaderElection196: begin an election at term 1 for -1: [47e44219-9d14-4cb3-978d-901354c5ccca:192.168.30.6:46243], old=null
2019-09-25 11:08:51,528 [47e44219-9d14-4cb3-978d-901354c5ccca@group-960B4437CB03:LeaderElection196] INFO  impl.RoleInfo (RoleInfo.java:shutdownLeaderElection(134)) - 47e44219-9d14-4cb3-978d-901354c5ccca: shutdown LeaderElection
2019-09-25 11:08:51,528 [47e44219-9d14-4cb3-978d-901354c5ccca@group-960B4437CB03:LeaderElection196] INFO  impl.RaftServerImpl (RaftServerImpl.java:setRole(174)) - 47e44219-9d14-4cb3-978d-901354c5ccca@group-960B4437CB03: changes role from CANDIDATE to LEADER at term 1 for changeToLeader
2019-09-25 11:08:51,528 [47e44219-9d14-4cb3-978d-901354c5ccca@group-960B4437CB03:LeaderElection196] INFO  impl.RaftServerImpl (ServerState.java:setLeader(253)) - 47e44219-9d14-4cb3-978d-901354c5ccca@group-960B4437CB03: change Leader from null to 47e44219-9d14-4cb3-978d-901354c5ccca at term 1 for becomeLeader, leader elected after 5161ms
2019-09-25 11:08:51,528 [47e44219-9d14-4cb3-978d-901354c5ccca@group-960B4437CB03:LeaderElection196] INFO  server.RaftServerConfigKeys (ConfUtils.java:logGet(43)) - raft.server.staging.catchup.gap = 1000 (default)
2019-09-25 11:08:51,528 [47e44219-9d14-4cb3-978d-901354c5ccca@group-960B4437CB03:LeaderElection196] INFO  server.RaftServerConfigKeys (ConfUtils.java:logGet(43)) - raft.server.rpc.sleep.time = 25ms (default)
2019-09-25 11:08:51,528 [47e44219-9d14-4cb3-978d-901354c5ccca@group-960B4437CB03:LeaderElection196] INFO  server.RaftServerConfigKeys (ConfUtils.java:logGet(43)) - raft.server.write.element-limit = 4096 (default)
2019-09-25 11:08:51,529 [47e44219-9d14-4cb3-978d-901354c5ccca@group-960B4437CB03:LeaderElection196] INFO  server.RaftServerConfigKeys (ConfUtils.java:logGet(43)) - raft.server.watch.timeout = 10s (default)
2019-09-25 11:08:51,529 [47e44219-9d14-4cb3-978d-901354c5ccca@group-960B4437CB03:LeaderElection196] INFO  server.RaftServerConfigKeys (ConfUtils.java:logGet(43)) - raft.server.watch.timeout.denomination = 1s (default)
2019-09-25 11:08:51,529 [47e44219-9d14-4cb3-978d-901354c5ccca@group-960B4437CB03:LeaderElection196] INFO  server.RaftServerConfigKeys (ConfUtils.java:logGet(43)) - raft.server.watch.element-limit = 65536 (default)
2019-09-25 11:08:51,530 [Thread-2695] INFO  impl.FollowerState (FollowerState.java:run(106)) - 3f6fc67d-8e3f-4380-bdc7-5834d28b5411:group-F0713188CE3A changes to CANDIDATE, lastRpcTime:5101, electionTimeout:5101ms
2019-09-25 11:08:51,530 [Thread-2695] INFO  impl.RoleInfo (RoleInfo.java:shutdownFollowerState(121)) - 3f6fc67d-8e3f-4380-bdc7-5834d28b5411: shutdown FollowerState
2019-09-25 11:08:51,530 [Thread-2695] INFO  impl.RaftServerImpl (RaftServerImpl.java:setRole(174)) - 3f6fc67d-8e3f-4380-bdc7-5834d28b5411@group-F0713188CE3A: changes role from  FOLLOWER to CANDIDATE at term 0 for changeToCandidate
2019-09-25 11:08:51,530 [47e44219-9d14-4cb3-978d-901354c5ccca@group-960B4437CB03:LeaderElection196] INFO  impl.RoleInfo (RoleInfo.java:updateAndGet(143)) - 47e44219-9d14-4cb3-978d-901354c5ccca: start LeaderState
2019-09-25 11:08:51,531 [Thread-2695] INFO  impl.RoleInfo (RoleInfo.java:updateAndGet(143)) - 3f6fc67d-8e3f-4380-bdc7-5834d28b5411: start LeaderElection
2019-09-25 11:08:51,531 [47e44219-9d14-4cb3-978d-901354c5ccca@group-960B4437CB03:LeaderElection196] INFO  segmented.SegmentedRaftLogWorker (SegmentedRaftLogWorker.java:startLogSegment(380)) - 47e44219-9d14-4cb3-978d-901354c5ccca@group-960B4437CB03-SegmentedRaftLogWorker: Starting segment from index:0
2019-09-25 11:08:51,535 [47e44219-9d14-4cb3-978d-901354c5ccca@group-960B4437CB03:LeaderElection196] INFO  impl.RaftServerImpl (ServerState.java:setRaftConf(354)) - 47e44219-9d14-4cb3-978d-901354c5ccca@group-960B4437CB03: set configuration 0: [47e44219-9d14-4cb3-978d-901354c5ccca:192.168.30.6:46243], old=null at 0
2019-09-25 11:08:51,548 [3f6fc67d-8e3f-4380-bdc7-5834d28b5411@group-F0713188CE3A:LeaderElection197] INFO  impl.LeaderElection (LeaderElection.java:askForVotes(182)) - 3f6fc67d-8e3f-4380-bdc7-5834d28b5411@group-F0713188CE3A:LeaderElection197: begin an election at term 1 for -1: [3f6fc67d-8e3f-4380-bdc7-5834d28b5411:192.168.30.6:38729], old=null
2019-09-25 11:08:51,548 [3f6fc67d-8e3f-4380-bdc7-5834d28b5411@group-F0713188CE3A:LeaderElection197] INFO  impl.RoleInfo (RoleInfo.java:shutdownLeaderElection(134)) - 3f6fc67d-8e3f-4380-bdc7-5834d28b5411: shutdown LeaderElection
2019-09-25 11:08:51,548 [3f6fc67d-8e3f-4380-bdc7-5834d28b5411@group-F0713188CE3A:LeaderElection197] INFO  impl.RaftServerImpl (RaftServerImpl.java:setRole(174)) - 3f6fc67d-8e3f-4380-bdc7-5834d28b5411@group-F0713188CE3A: changes role from CANDIDATE to LEADER at term 1 for changeToLeader
2019-09-25 11:08:51,548 [3f6fc67d-8e3f-4380-bdc7-5834d28b5411@group-F0713188CE3A:LeaderElection197] INFO  impl.RaftServerImpl (ServerState.java:setLeader(253)) - 3f6fc67d-8e3f-4380-bdc7-5834d28b5411@group-F0713188CE3A: change Leader from null to 3f6fc67d-8e3f-4380-bdc7-5834d28b5411 at term 1 for becomeLeader, leader elected after 5123ms
2019-09-25 11:08:51,549 [3f6fc67d-8e3f-4380-bdc7-5834d28b5411@group-F0713188CE3A:LeaderElection197] INFO  server.RaftServerConfigKeys (ConfUtils.java:logGet(43)) - raft.server.staging.catchup.gap = 1000 (default)
2019-09-25 11:08:51,549 [3f6fc67d-8e3f-4380-bdc7-5834d28b5411@group-F0713188CE3A:LeaderElection197] INFO  server.RaftServerConfigKeys (ConfUtils.java:logGet(43)) - raft.server.rpc.sleep.time = 25ms (default)
2019-09-25 11:08:51,549 [3f6fc67d-8e3f-4380-bdc7-5834d28b5411@group-F0713188CE3A:LeaderElection197] INFO  server.RaftServerConfigKeys (ConfUtils.java:logGet(43)) - raft.server.write.element-limit = 4096 (default)
2019-09-25 11:08:51,549 [3f6fc67d-8e3f-4380-bdc7-5834d28b5411@group-F0713188CE3A:LeaderElection197] INFO  server.RaftServerConfigKeys (ConfUtils.java:logGet(43)) - raft.server.watch.timeout = 10s (default)
2019-09-25 11:08:51,549 [3f6fc67d-8e3f-4380-bdc7-5834d28b5411@group-F0713188CE3A:LeaderElection197] INFO  server.RaftServerConfigKeys (ConfUtils.java:logGet(43)) - raft.server.watch.timeout.denomination = 1s (default)
2019-09-25 11:08:51,549 [3f6fc67d-8e3f-4380-bdc7-5834d28b5411@group-F0713188CE3A:LeaderElection197] INFO  server.RaftServerConfigKeys (ConfUtils.java:logGet(43)) - raft.server.watch.element-limit = 65536 (default)
2019-09-25 11:08:51,552 [3f6fc67d-8e3f-4380-bdc7-5834d28b5411@group-F0713188CE3A:LeaderElection197] INFO  impl.RoleInfo (RoleInfo.java:updateAndGet(143)) - 3f6fc67d-8e3f-4380-bdc7-5834d28b5411: start LeaderState
2019-09-25 11:08:51,552 [3f6fc67d-8e3f-4380-bdc7-5834d28b5411@group-F0713188CE3A:LeaderElection197] INFO  segmented.SegmentedRaftLogWorker (SegmentedRaftLogWorker.java:startLogSegment(380)) - 3f6fc67d-8e3f-4380-bdc7-5834d28b5411@group-F0713188CE3A-SegmentedRaftLogWorker: Starting segment from index:0
2019-09-25 11:08:51,552 [3f6fc67d-8e3f-4380-bdc7-5834d28b5411@group-F0713188CE3A:LeaderElection197] INFO  impl.RaftServerImpl (ServerState.java:setRaftConf(354)) - 3f6fc67d-8e3f-4380-bdc7-5834d28b5411@group-F0713188CE3A: set configuration 0: [3f6fc67d-8e3f-4380-bdc7-5834d28b5411:192.168.30.6:38729], old=null at 0
2019-09-25 11:08:51,584 [47e44219-9d14-4cb3-978d-901354c5ccca@group-960B4437CB03-SegmentedRaftLogWorker] INFO  segmented.SegmentedRaftLogWorker (SegmentedRaftLogWorker.java:execute(569)) - 47e44219-9d14-4cb3-978d-901354c5ccca@group-960B4437CB03-SegmentedRaftLogWorker: created new log segment /workdir/hadoop-ozone/integration-test/target/test-dir/MiniOzoneClusterImpl-df822a65-554e-408c-8ca9-c8e2ba24269c/datanode-2/data/ratis/449ac9d3-126f-452a-bcb9-960b4437cb03/current/log_inprogress_0
2019-09-25 11:08:51,584 [3f6fc67d-8e3f-4380-bdc7-5834d28b5411@group-F0713188CE3A-SegmentedRaftLogWorker] INFO  segmented.SegmentedRaftLogWorker (SegmentedRaftLogWorker.java:execute(569)) - 3f6fc67d-8e3f-4380-bdc7-5834d28b5411@group-F0713188CE3A-SegmentedRaftLogWorker: created new log segment /workdir/hadoop-ozone/integration-test/target/test-dir/MiniOzoneClusterImpl-df822a65-554e-408c-8ca9-c8e2ba24269c/datanode-1/data/ratis/d2008751-b23e-40d9-bccf-f0713188ce3a/current/log_inprogress_0
2019-09-25 11:08:51,590 [Thread-2692] INFO  impl.FollowerState (FollowerState.java:run(106)) - 47e44219-9d14-4cb3-978d-901354c5ccca:group-6BC28B821C61 changes to CANDIDATE, lastRpcTime:5195, electionTimeout:5195ms
2019-09-25 11:08:51,590 [Thread-2692] INFO  impl.RoleInfo (RoleInfo.java:shutdownFollowerState(121)) - 47e44219-9d14-4cb3-978d-901354c5ccca: shutdown FollowerState
2019-09-25 11:08:51,590 [Thread-2692] INFO  impl.RaftServerImpl (RaftServerImpl.java:setRole(174)) - 47e44219-9d14-4cb3-978d-901354c5ccca@group-6BC28B821C61: changes role from  FOLLOWER to CANDIDATE at term 0 for changeToCandidate
2019-09-25 11:08:51,591 [Thread-2692] INFO  impl.RoleInfo (RoleInfo.java:updateAndGet(143)) - 47e44219-9d14-4cb3-978d-901354c5ccca: start LeaderElection
2019-09-25 11:08:51,602 [47e44219-9d14-4cb3-978d-901354c5ccca@group-6BC28B821C61:LeaderElection198] INFO  impl.LeaderElection (LeaderElection.java:askForVotes(182)) - 47e44219-9d14-4cb3-978d-901354c5ccca@group-6BC28B821C61:LeaderElection198: begin an election at term 1 for -1: [47e44219-9d14-4cb3-978d-901354c5ccca:192.168.30.6:46243], old=null
2019-09-25 11:08:51,602 [47e44219-9d14-4cb3-978d-901354c5ccca@group-6BC28B821C61:LeaderElection198] INFO  impl.RoleInfo (RoleInfo.java:shutdownLeaderElection(134)) - 47e44219-9d14-4cb3-978d-901354c5ccca: shutdown LeaderElection
2019-09-25 11:08:51,602 [47e44219-9d14-4cb3-978d-901354c5ccca@group-6BC28B821C61:LeaderElection198] INFO  impl.RaftServerImpl (RaftServerImpl.java:setRole(174)) - 47e44219-9d14-4cb3-978d-901354c5ccca@group-6BC28B821C61: changes role from CANDIDATE to LEADER at term 1 for changeToLeader
2019-09-25 11:08:51,602 [47e44219-9d14-4cb3-978d-901354c5ccca@group-6BC28B821C61:LeaderElection198] INFO  impl.RaftServerImpl (ServerState.java:setLeader(253)) - 47e44219-9d14-4cb3-978d-901354c5ccca@group-6BC28B821C61: change Leader from null to 47e44219-9d14-4cb3-978d-901354c5ccca at term 1 for becomeLeader, leader elected after 5211ms
2019-09-25 11:08:51,603 [47e44219-9d14-4cb3-978d-901354c5ccca@group-6BC28B821C61:LeaderElection198] INFO  server.RaftServerConfigKeys (ConfUtils.java:logGet(43)) - raft.server.staging.catchup.gap = 1000 (default)
2019-09-25 11:08:51,603 [47e44219-9d14-4cb3-978d-901354c5ccca@group-6BC28B821C61:LeaderElection198] INFO  server.RaftServerConfigKeys (ConfUtils.java:logGet(43)) - raft.server.rpc.sleep.time = 25ms (default)
2019-09-25 11:08:51,603 [47e44219-9d14-4cb3-978d-901354c5ccca@group-6BC28B821C61:LeaderElection198] INFO  server.RaftServerConfigKeys (ConfUtils.java:logGet(43)) - raft.server.write.element-limit = 4096 (default)
2019-09-25 11:08:51,603 [47e44219-9d14-4cb3-978d-901354c5ccca@group-6BC28B821C61:LeaderElection198] INFO  server.RaftServerConfigKeys (ConfUtils.java:logGet(43)) - raft.server.watch.timeout = 10s (default)
2019-09-25 11:08:51,603 [47e44219-9d14-4cb3-978d-901354c5ccca@group-6BC28B821C61:LeaderElection198] INFO  server.RaftServerConfigKeys (ConfUtils.java:logGet(43)) - raft.server.watch.timeout.denomination = 1s (default)
2019-09-25 11:08:51,603 [47e44219-9d14-4cb3-978d-901354c5ccca@group-6BC28B821C61:LeaderElection198] INFO  server.RaftServerConfigKeys (ConfUtils.java:logGet(43)) - raft.server.watch.element-limit = 65536 (default)
2019-09-25 11:08:51,605 [47e44219-9d14-4cb3-978d-901354c5ccca@group-6BC28B821C61:LeaderElection198] INFO  impl.RoleInfo (RoleInfo.java:updateAndGet(143)) - 47e44219-9d14-4cb3-978d-901354c5ccca: start LeaderState
2019-09-25 11:08:51,605 [47e44219-9d14-4cb3-978d-901354c5ccca@group-6BC28B821C61:LeaderElection198] INFO  segmented.SegmentedRaftLogWorker (SegmentedRaftLogWorker.java:startLogSegment(380)) - 47e44219-9d14-4cb3-978d-901354c5ccca@group-6BC28B821C61-SegmentedRaftLogWorker: Starting segment from index:0
2019-09-25 11:08:51,606 [47e44219-9d14-4cb3-978d-901354c5ccca@group-6BC28B821C61:LeaderElection198] INFO  impl.RaftServerImpl (ServerState.java:setRaftConf(354)) - 47e44219-9d14-4cb3-978d-901354c5ccca@group-6BC28B821C61: set configuration 0: [47e44219-9d14-4cb3-978d-901354c5ccca:192.168.30.6:46243], old=null at 0
2019-09-25 11:08:51,633 [Thread-2707] INFO  impl.FollowerState (FollowerState.java:run(106)) - 975b33e8-e2cc-4a40-852a-f9fd970783fd:group-B3B393D3D610 changes to CANDIDATE, lastRpcTime:5068, electionTimeout:5068ms
2019-09-25 11:08:51,633 [Thread-2701] INFO  impl.FollowerState (FollowerState.java:run(106)) - 47e44219-9d14-4cb3-978d-901354c5ccca:group-B089E3337E4A changes to CANDIDATE, lastRpcTime:5133, electionTimeout:5133ms
2019-09-25 11:08:51,633 [Thread-2707] INFO  impl.RoleInfo (RoleInfo.java:shutdownFollowerState(121)) - 975b33e8-e2cc-4a40-852a-f9fd970783fd: shutdown FollowerState
2019-09-25 11:08:51,633 [Thread-2701] INFO  impl.RoleInfo (RoleInfo.java:shutdownFollowerState(121)) - 47e44219-9d14-4cb3-978d-901354c5ccca: shutdown FollowerState
2019-09-25 11:08:51,633 [Thread-2707] INFO  impl.RaftServerImpl (RaftServerImpl.java:setRole(174)) - 975b33e8-e2cc-4a40-852a-f9fd970783fd@group-B3B393D3D610: changes role from  FOLLOWER to CANDIDATE at term 0 for changeToCandidate
2019-09-25 11:08:51,633 [Thread-2701] INFO  impl.RaftServerImpl (RaftServerImpl.java:setRole(174)) - 47e44219-9d14-4cb3-978d-901354c5ccca@group-B089E3337E4A: changes role from  FOLLOWER to CANDIDATE at term 0 for changeToCandidate
2019-09-25 11:08:51,633 [Thread-2707] INFO  impl.RoleInfo (RoleInfo.java:updateAndGet(143)) - 975b33e8-e2cc-4a40-852a-f9fd970783fd: start LeaderElection
2019-09-25 11:08:51,634 [Thread-2701] INFO  impl.RoleInfo (RoleInfo.java:updateAndGet(143)) - 47e44219-9d14-4cb3-978d-901354c5ccca: start LeaderElection
2019-09-25 11:08:51,642 [Thread-2698] INFO  impl.FollowerState (FollowerState.java:run(106)) - a910ee62-e7d5-4551-8567-f4bec92df57f:group-CF7EF23292AF changes to CANDIDATE, lastRpcTime:5178, electionTimeout:5175ms
2019-09-25 11:08:51,665 [47e44219-9d14-4cb3-978d-901354c5ccca@group-6BC28B821C61-SegmentedRaftLogWorker] INFO  segmented.SegmentedRaftLogWorker (SegmentedRaftLogWorker.java:execute(569)) - 47e44219-9d14-4cb3-978d-901354c5ccca@group-6BC28B821C61-SegmentedRaftLogWorker: created new log segment /workdir/hadoop-ozone/integration-test/target/test-dir/MiniOzoneClusterImpl-df822a65-554e-408c-8ca9-c8e2ba24269c/datanode-2/data/ratis/021106fb-45f7-45f6-a64b-6bc28b821c61/current/log_inprogress_0
2019-09-25 11:08:51,665 [Thread-2704] INFO  impl.FollowerState (FollowerState.java:run(106)) - 3f6fc67d-8e3f-4380-bdc7-5834d28b5411:group-F8BC442F7217 changes to CANDIDATE, lastRpcTime:5131, electionTimeout:5131ms
2019-09-25 11:08:51,666 [Thread-2698] INFO  impl.RoleInfo (RoleInfo.java:shutdownFollowerState(121)) - a910ee62-e7d5-4551-8567-f4bec92df57f: shutdown FollowerState
2019-09-25 11:08:51,666 [Thread-2704] INFO  impl.RoleInfo (RoleInfo.java:shutdownFollowerState(121)) - 3f6fc67d-8e3f-4380-bdc7-5834d28b5411: shutdown FollowerState
2019-09-25 11:08:51,666 [Thread-2698] INFO  impl.RaftServerImpl (RaftServerImpl.java:setRole(174)) - a910ee62-e7d5-4551-8567-f4bec92df57f@group-CF7EF23292AF: changes role from  FOLLOWER to CANDIDATE at term 0 for changeToCandidate
2019-09-25 11:08:51,666 [Thread-2704] INFO  impl.RaftServerImpl (RaftServerImpl.java:setRole(174)) - 3f6fc67d-8e3f-4380-bdc7-5834d28b5411@group-F8BC442F7217: changes role from  FOLLOWER to CANDIDATE at term 0 for changeToCandidate
2019-09-25 11:08:51,666 [Thread-2698] INFO  impl.RoleInfo (RoleInfo.java:updateAndGet(143)) - a910ee62-e7d5-4551-8567-f4bec92df57f: start LeaderElection
2019-09-25 11:08:51,666 [Thread-2704] INFO  impl.RoleInfo (RoleInfo.java:updateAndGet(143)) - 3f6fc67d-8e3f-4380-bdc7-5834d28b5411: start LeaderElection
2019-09-25 11:08:51,678 [a910ee62-e7d5-4551-8567-f4bec92df57f@group-CF7EF23292AF:LeaderElection201] INFO  impl.LeaderElection (LeaderElection.java:askForVotes(182)) - a910ee62-e7d5-4551-8567-f4bec92df57f@group-CF7EF23292AF:LeaderElection201: begin an election at term 1 for -1: [a910ee62-e7d5-4551-8567-f4bec92df57f:192.168.30.6:39441], old=null
2019-09-25 11:08:51,678 [47e44219-9d14-4cb3-978d-901354c5ccca@group-B089E3337E4A:LeaderElection200] INFO  impl.LeaderElection (LeaderElection.java:askForVotes(182)) - 47e44219-9d14-4cb3-978d-901354c5ccca@group-B089E3337E4A:LeaderElection200: begin an election at term 1 for -1: [47e44219-9d14-4cb3-978d-901354c5ccca:192.168.30.6:46243], old=null
2019-09-25 11:08:51,678 [975b33e8-e2cc-4a40-852a-f9fd970783fd@group-B3B393D3D610:LeaderElection199] INFO  impl.LeaderElection (LeaderElection.java:askForVotes(182)) - 975b33e8-e2cc-4a40-852a-f9fd970783fd@group-B3B393D3D610:LeaderElection199: begin an election at term 1 for -1: [975b33e8-e2cc-4a40-852a-f9fd970783fd:192.168.30.6:37792], old=null
2019-09-25 11:08:51,679 [975b33e8-e2cc-4a40-852a-f9fd970783fd@group-B3B393D3D610:LeaderElection199] INFO  impl.RoleInfo (RoleInfo.java:shutdownLeaderElection(134)) - 975b33e8-e2cc-4a40-852a-f9fd970783fd: shutdown LeaderElection
2019-09-25 11:08:51,678 [3f6fc67d-8e3f-4380-bdc7-5834d28b5411@group-F8BC442F7217:LeaderElection202] INFO  impl.LeaderElection (LeaderElection.java:askForVotes(182)) - 3f6fc67d-8e3f-4380-bdc7-5834d28b5411@group-F8BC442F7217:LeaderElection202: begin an election at term 1 for -1: [3f6fc67d-8e3f-4380-bdc7-5834d28b5411:192.168.30.6:38729], old=null
2019-09-25 11:08:51,679 [975b33e8-e2cc-4a40-852a-f9fd970783fd@group-B3B393D3D610:LeaderElection199] INFO  impl.RaftServerImpl (RaftServerImpl.java:setRole(174)) - 975b33e8-e2cc-4a40-852a-f9fd970783fd@group-B3B393D3D610: changes role from CANDIDATE to LEADER at term 1 for changeToLeader
2019-09-25 11:08:51,679 [47e44219-9d14-4cb3-978d-901354c5ccca@group-B089E3337E4A:LeaderElection200] INFO  impl.RoleInfo (RoleInfo.java:shutdownLeaderElection(134)) - 47e44219-9d14-4cb3-978d-901354c5ccca: shutdown LeaderElection
2019-09-25 11:08:51,678 [a910ee62-e7d5-4551-8567-f4bec92df57f@group-CF7EF23292AF:LeaderElection201] INFO  impl.RoleInfo (RoleInfo.java:shutdownLeaderElection(134)) - a910ee62-e7d5-4551-8567-f4bec92df57f: shutdown LeaderElection
2019-09-25 11:08:51,679 [47e44219-9d14-4cb3-978d-901354c5ccca@group-B089E3337E4A:LeaderElection200] INFO  impl.RaftServerImpl (RaftServerImpl.java:setRole(174)) - 47e44219-9d14-4cb3-978d-901354c5ccca@group-B089E3337E4A: changes role from CANDIDATE to LEADER at term 1 for changeToLeader
2019-09-25 11:08:51,679 [975b33e8-e2cc-4a40-852a-f9fd970783fd@group-B3B393D3D610:LeaderElection199] INFO  impl.RaftServerImpl (ServerState.java:setLeader(253)) - 975b33e8-e2cc-4a40-852a-f9fd970783fd@group-B3B393D3D610: change Leader from null to 975b33e8-e2cc-4a40-852a-f9fd970783fd at term 1 for becomeLeader, leader elected after 5118ms
2019-09-25 11:08:51,679 [3f6fc67d-8e3f-4380-bdc7-5834d28b5411@group-F8BC442F7217:LeaderElection202] INFO  impl.RoleInfo (RoleInfo.java:shutdownLeaderElection(134)) - 3f6fc67d-8e3f-4380-bdc7-5834d28b5411: shutdown LeaderElection
2019-09-25 11:08:51,680 [975b33e8-e2cc-4a40-852a-f9fd970783fd@group-B3B393D3D610:LeaderElection199] INFO  server.RaftServerConfigKeys (ConfUtils.java:logGet(43)) - raft.server.staging.catchup.gap = 1000 (default)
2019-09-25 11:08:51,679 [47e44219-9d14-4cb3-978d-901354c5ccca@group-B089E3337E4A:LeaderElection200] INFO  impl.RaftServerImpl (ServerState.java:setLeader(253)) - 47e44219-9d14-4cb3-978d-901354c5ccca@group-B089E3337E4A: change Leader from null to 47e44219-9d14-4cb3-978d-901354c5ccca at term 1 for becomeLeader, leader elected after 5183ms
2019-09-25 11:08:51,679 [a910ee62-e7d5-4551-8567-f4bec92df57f@group-CF7EF23292AF:LeaderElection201] INFO  impl.RaftServerImpl (RaftServerImpl.java:setRole(174)) - a910ee62-e7d5-4551-8567-f4bec92df57f@group-CF7EF23292AF: changes role from CANDIDATE to LEADER at term 1 for changeToLeader
2019-09-25 11:08:51,680 [47e44219-9d14-4cb3-978d-901354c5ccca@group-B089E3337E4A:LeaderElection200] INFO  server.RaftServerConfigKeys (ConfUtils.java:logGet(43)) - raft.server.staging.catchup.gap = 1000 (default)
2019-09-25 11:08:51,680 [975b33e8-e2cc-4a40-852a-f9fd970783fd@group-B3B393D3D610:LeaderElection199] INFO  server.RaftServerConfigKeys (ConfUtils.java:logGet(43)) - raft.server.rpc.sleep.time = 25ms (default)
2019-09-25 11:08:51,680 [3f6fc67d-8e3f-4380-bdc7-5834d28b5411@group-F8BC442F7217:LeaderElection202] INFO  impl.RaftServerImpl (RaftServerImpl.java:setRole(174)) - 3f6fc67d-8e3f-4380-bdc7-5834d28b5411@group-F8BC442F7217: changes role from CANDIDATE to LEADER at term 1 for changeToLeader
2019-09-25 11:08:51,680 [975b33e8-e2cc-4a40-852a-f9fd970783fd@group-B3B393D3D610:LeaderElection199] INFO  server.RaftServerConfigKeys (ConfUtils.java:logGet(43)) - raft.server.write.element-limit = 4096 (default)
2019-09-25 11:08:51,680 [47e44219-9d14-4cb3-978d-901354c5ccca@group-B089E3337E4A:LeaderElection200] INFO  server.RaftServerConfigKeys (ConfUtils.java:logGet(43)) - raft.server.rpc.sleep.time = 25ms (default)
2019-09-25 11:08:51,680 [a910ee62-e7d5-4551-8567-f4bec92df57f@group-CF7EF23292AF:LeaderElection201] INFO  impl.RaftServerImpl (ServerState.java:setLeader(253)) - a910ee62-e7d5-4551-8567-f4bec92df57f@group-CF7EF23292AF: change Leader from null to a910ee62-e7d5-4551-8567-f4bec92df57f at term 1 for becomeLeader, leader elected after 5219ms
2019-09-25 11:08:51,681 [47e44219-9d14-4cb3-978d-901354c5ccca@group-B089E3337E4A:LeaderElection200] INFO  server.RaftServerConfigKeys (ConfUtils.java:logGet(43)) - raft.server.write.element-limit = 4096 (default)
2019-09-25 11:08:51,681 [975b33e8-e2cc-4a40-852a-f9fd970783fd@group-B3B393D3D610:LeaderElection199] INFO  server.RaftServerConfigKeys (ConfUtils.java:logGet(43)) - raft.server.watch.timeout = 10s (default)
2019-09-25 11:08:51,681 [3f6fc67d-8e3f-4380-bdc7-5834d28b5411@group-F8BC442F7217:LeaderElection202] INFO  impl.RaftServerImpl (ServerState.java:setLeader(253)) - 3f6fc67d-8e3f-4380-bdc7-5834d28b5411@group-F8BC442F7217: change Leader from null to 3f6fc67d-8e3f-4380-bdc7-5834d28b5411 at term 1 for becomeLeader, leader elected after 5150ms
2019-09-25 11:08:51,681 [975b33e8-e2cc-4a40-852a-f9fd970783fd@group-B3B393D3D610:LeaderElection199] INFO  server.RaftServerConfigKeys (ConfUtils.java:logGet(43)) - raft.server.watch.timeout.denomination = 1s (default)
2019-09-25 11:08:51,681 [47e44219-9d14-4cb3-978d-901354c5ccca@group-B089E3337E4A:LeaderElection200] INFO  server.RaftServerConfigKeys (ConfUtils.java:logGet(43)) - raft.server.watch.timeout = 10s (default)
2019-09-25 11:08:51,681 [a910ee62-e7d5-4551-8567-f4bec92df57f@group-CF7EF23292AF:LeaderElection201] INFO  server.RaftServerConfigKeys (ConfUtils.java:logGet(43)) - raft.server.staging.catchup.gap = 1000 (default)
2019-09-25 11:08:51,682 [47e44219-9d14-4cb3-978d-901354c5ccca@group-B089E3337E4A:LeaderElection200] INFO  server.RaftServerConfigKeys (ConfUtils.java:logGet(43)) - raft.server.watch.timeout.denomination = 1s (default)
2019-09-25 11:08:51,681 [975b33e8-e2cc-4a40-852a-f9fd970783fd@group-B3B393D3D610:LeaderElection199] INFO  server.RaftServerConfigKeys (ConfUtils.java:logGet(43)) - raft.server.watch.element-limit = 65536 (default)
2019-09-25 11:08:51,681 [3f6fc67d-8e3f-4380-bdc7-5834d28b5411@group-F8BC442F7217:LeaderElection202] INFO  server.RaftServerConfigKeys (ConfUtils.java:logGet(43)) - raft.server.staging.catchup.gap = 1000 (default)
2019-09-25 11:08:51,682 [47e44219-9d14-4cb3-978d-901354c5ccca@group-B089E3337E4A:LeaderElection200] INFO  server.RaftServerConfigKeys (ConfUtils.java:logGet(43)) - raft.server.watch.element-limit = 65536 (default)
2019-09-25 11:08:51,682 [a910ee62-e7d5-4551-8567-f4bec92df57f@group-CF7EF23292AF:LeaderElection201] INFO  server.RaftServerConfigKeys (ConfUtils.java:logGet(43)) - raft.server.rpc.sleep.time = 25ms (default)
2019-09-25 11:08:51,682 [3f6fc67d-8e3f-4380-bdc7-5834d28b5411@group-F8BC442F7217:LeaderElection202] INFO  server.RaftServerConfigKeys (ConfUtils.java:logGet(43)) - raft.server.rpc.sleep.time = 25ms (default)
2019-09-25 11:08:51,682 [a910ee62-e7d5-4551-8567-f4bec92df57f@group-CF7EF23292AF:LeaderElection201] INFO  server.RaftServerConfigKeys (ConfUtils.java:logGet(43)) - raft.server.write.element-limit = 4096 (default)
2019-09-25 11:08:51,683 [3f6fc67d-8e3f-4380-bdc7-5834d28b5411@group-F8BC442F7217:LeaderElection202] INFO  server.RaftServerConfigKeys (ConfUtils.java:logGet(43)) - raft.server.write.element-limit = 4096 (default)
2019-09-25 11:08:51,683 [a910ee62-e7d5-4551-8567-f4bec92df57f@group-CF7EF23292AF:LeaderElection201] INFO  server.RaftServerConfigKeys (ConfUtils.java:logGet(43)) - raft.server.watch.timeout = 10s (default)
2019-09-25 11:08:51,683 [3f6fc67d-8e3f-4380-bdc7-5834d28b5411@group-F8BC442F7217:LeaderElection202] INFO  server.RaftServerConfigKeys (ConfUtils.java:logGet(43)) - raft.server.watch.timeout = 10s (default)
2019-09-25 11:08:51,683 [a910ee62-e7d5-4551-8567-f4bec92df57f@group-CF7EF23292AF:LeaderElection201] INFO  server.RaftServerConfigKeys (ConfUtils.java:logGet(43)) - raft.server.watch.timeout.denomination = 1s (default)
2019-09-25 11:08:51,683 [3f6fc67d-8e3f-4380-bdc7-5834d28b5411@group-F8BC442F7217:LeaderElection202] INFO  server.RaftServerConfigKeys (ConfUtils.java:logGet(43)) - raft.server.watch.timeout.denomination = 1s (default)
2019-09-25 11:08:51,683 [a910ee62-e7d5-4551-8567-f4bec92df57f@group-CF7EF23292AF:LeaderElection201] INFO  server.RaftServerConfigKeys (ConfUtils.java:logGet(43)) - raft.server.watch.element-limit = 65536 (default)
2019-09-25 11:08:51,683 [3f6fc67d-8e3f-4380-bdc7-5834d28b5411@group-F8BC442F7217:LeaderElection202] INFO  server.RaftServerConfigKeys (ConfUtils.java:logGet(43)) - raft.server.watch.element-limit = 65536 (default)
2019-09-25 11:08:51,686 [975b33e8-e2cc-4a40-852a-f9fd970783fd@group-B3B393D3D610:LeaderElection199] INFO  impl.RoleInfo (RoleInfo.java:updateAndGet(143)) - 975b33e8-e2cc-4a40-852a-f9fd970783fd: start LeaderState
2019-09-25 11:08:51,686 [975b33e8-e2cc-4a40-852a-f9fd970783fd@group-B3B393D3D610:LeaderElection199] INFO  segmented.SegmentedRaftLogWorker (SegmentedRaftLogWorker.java:startLogSegment(380)) - 975b33e8-e2cc-4a40-852a-f9fd970783fd@group-B3B393D3D610-SegmentedRaftLogWorker: Starting segment from index:0
2019-09-25 11:08:51,686 [975b33e8-e2cc-4a40-852a-f9fd970783fd@group-B3B393D3D610:LeaderElection199] INFO  impl.RaftServerImpl (ServerState.java:setRaftConf(354)) - 975b33e8-e2cc-4a40-852a-f9fd970783fd@group-B3B393D3D610: set configuration 0: [975b33e8-e2cc-4a40-852a-f9fd970783fd:192.168.30.6:37792], old=null at 0
2019-09-25 11:08:51,686 [47e44219-9d14-4cb3-978d-901354c5ccca@group-B089E3337E4A:LeaderElection200] INFO  impl.RoleInfo (RoleInfo.java:updateAndGet(143)) - 47e44219-9d14-4cb3-978d-901354c5ccca: start LeaderState
2019-09-25 11:08:51,687 [47e44219-9d14-4cb3-978d-901354c5ccca@group-B089E3337E4A:LeaderElection200] INFO  segmented.SegmentedRaftLogWorker (SegmentedRaftLogWorker.java:startLogSegment(380)) - 47e44219-9d14-4cb3-978d-901354c5ccca@group-B089E3337E4A-SegmentedRaftLogWorker: Starting segment from index:0
2019-09-25 11:08:51,687 [a910ee62-e7d5-4551-8567-f4bec92df57f@group-CF7EF23292AF:LeaderElection201] INFO  impl.RoleInfo (RoleInfo.java:updateAndGet(143)) - a910ee62-e7d5-4551-8567-f4bec92df57f: start LeaderState
2019-09-25 11:08:51,687 [47e44219-9d14-4cb3-978d-901354c5ccca@group-B089E3337E4A:LeaderElection200] INFO  impl.RaftServerImpl (ServerState.java:setRaftConf(354)) - 47e44219-9d14-4cb3-978d-901354c5ccca@group-B089E3337E4A: set configuration 0: [47e44219-9d14-4cb3-978d-901354c5ccca:192.168.30.6:46243], old=null at 0
2019-09-25 11:08:52,332 [Thread-2734] WARN  util.JavaUtils (JavaUtils.java:sleep(250)) - Unexpected long sleep: sleep(5112ms) actually took 5457ms which is over the threshold 300ms
2019-09-25 11:08:52,327 [3f6fc67d-8e3f-4380-bdc7-5834d28b5411@group-F8BC442F7217:LeaderElection202] INFO  impl.RoleInfo (RoleInfo.java:updateAndGet(143)) - 3f6fc67d-8e3f-4380-bdc7-5834d28b5411: start LeaderState
2019-09-25 11:08:52,327 [Thread-2740] INFO  impl.FollowerState (FollowerState.java:run(106)) - d29a58f4-bb42-4b4c-aa2d-f4bca2ff5103:group-0B4648CEE00B changes to CANDIDATE, lastRpcTime:5391, electionTimeout:5188ms
2019-09-25 11:08:52,327 [Thread-2767] INFO  impl.FollowerState (FollowerState.java:run(106)) - 2d6a7948-ad77-4bf1-924a-02baaf7fc5b0:group-D55D7670FDB7 changes to CANDIDATE, lastRpcTime:5023, electionTimeout:5022ms
2019-09-25 11:08:52,327 [Thread-2746] INFO  impl.FollowerState (FollowerState.java:run(106)) - 975b33e8-e2cc-4a40-852a-f9fd970783fd:group-C4E9EB0A16BD changes to CANDIDATE, lastRpcTime:5314, electionTimeout:5105ms
2019-09-25 11:08:52,327 [Thread-2710] WARN  util.JavaUtils (JavaUtils.java:sleep(250)) - Unexpected long sleep: sleep(5169ms) actually took 5724ms which is over the threshold 300ms
2019-09-25 11:08:52,327 [Thread-2728] WARN  util.JavaUtils (JavaUtils.java:sleep(250)) - Unexpected long sleep: sleep(5012ms) actually took 5535ms which is over the threshold 300ms
2019-09-25 11:08:52,327 [Thread-2722] WARN  util.JavaUtils (JavaUtils.java:sleep(250)) - Unexpected long sleep: sleep(5097ms) actually took 5575ms which is over the threshold 300ms
2019-09-25 11:08:52,326 [Thread-2719] WARN  util.JavaUtils (JavaUtils.java:sleep(250)) - Unexpected long sleep: sleep(5161ms) actually took 5613ms which is over the threshold 300ms
2019-09-25 11:08:52,326 [Thread-2743] INFO  impl.FollowerState (FollowerState.java:run(106)) - 975b33e8-e2cc-4a40-852a-f9fd970783fd:group-9BDC0A103475 changes to CANDIDATE, lastRpcTime:5353, electionTimeout:5139ms
2019-09-25 11:08:52,326 [Thread-2761] INFO  impl.FollowerState (FollowerState.java:run(106)) - 2d6a7948-ad77-4bf1-924a-02baaf7fc5b0:group-2664AD285617 changes to CANDIDATE, lastRpcTime:5100, electionTimeout:5001ms
2019-09-25 11:08:52,326 [Thread-2752] INFO  impl.FollowerState (FollowerState.java:run(106)) - 2d6a7948-ad77-4bf1-924a-02baaf7fc5b0:group-30BD3325E419 changes to CANDIDATE, lastRpcTime:5198, electionTimeout:5058ms
2019-09-25 11:08:52,326 [Thread-2737] INFO  impl.FollowerState (FollowerState.java:run(106)) - d29a58f4-bb42-4b4c-aa2d-f4bca2ff5103:group-16B477642823 changes to CANDIDATE, lastRpcTime:5429, electionTimeout:5166ms
2019-09-25 11:08:52,326 [Thread-2758] INFO  impl.FollowerState (FollowerState.java:run(106)) - 975b33e8-e2cc-4a40-852a-f9fd970783fd:group-3BCC29E616CB changes to CANDIDATE, lastRpcTime:5126, electionTimeout:5032ms
2019-09-25 11:08:52,429 [Thread-2737] INFO  impl.RoleInfo (RoleInfo.java:shutdownFollowerState(121)) - d29a58f4-bb42-4b4c-aa2d-f4bca2ff5103: shutdown FollowerState
2019-09-25 11:08:52,326 [Thread-2749] INFO  impl.FollowerState (FollowerState.java:run(106)) - 2d6a7948-ad77-4bf1-924a-02baaf7fc5b0:group-966058FDFEE4 changes to CANDIDATE, lastRpcTime:5230, electionTimeout:5146ms
2019-09-25 11:08:52,319 [Thread-2755] INFO  impl.FollowerState (FollowerState.java:run(106)) - 2d6a7948-ad77-4bf1-924a-02baaf7fc5b0:group-B69DFD773A05 changes to CANDIDATE, lastRpcTime:5155, electionTimeout:5069ms
2019-09-25 11:08:52,441 [Thread-2758] INFO  impl.RoleInfo (RoleInfo.java:shutdownFollowerState(121)) - 975b33e8-e2cc-4a40-852a-f9fd970783fd: shutdown FollowerState
2019-09-25 11:08:52,433 [Thread-2737] INFO  impl.RaftServerImpl (RaftServerImpl.java:setRole(174)) - d29a58f4-bb42-4b4c-aa2d-f4bca2ff5103@group-16B477642823: changes role from  FOLLOWER to CANDIDATE at term 0 for changeToCandidate
2019-09-25 11:08:52,429 [Thread-2746] INFO  impl.RoleInfo (RoleInfo.java:shutdownFollowerState(121)) - 975b33e8-e2cc-4a40-852a-f9fd970783fd: shutdown FollowerState
2019-09-25 11:08:52,424 [Thread-2761] INFO  impl.RoleInfo (RoleInfo.java:shutdownFollowerState(121)) - 2d6a7948-ad77-4bf1-924a-02baaf7fc5b0: shutdown FollowerState
2019-09-25 11:08:52,424 [Thread-2752] INFO  impl.RoleInfo (RoleInfo.java:shutdownFollowerState(121)) - 2d6a7948-ad77-4bf1-924a-02baaf7fc5b0: shutdown FollowerState
2019-09-25 11:08:52,424 [Thread-2743] INFO  impl.RoleInfo (RoleInfo.java:shutdownFollowerState(121)) - 975b33e8-e2cc-4a40-852a-f9fd970783fd: shutdown FollowerState
2019-09-25 11:08:52,461 [Thread-2752] INFO  impl.RaftServerImpl (RaftServerImpl.java:setRole(174)) - 2d6a7948-ad77-4bf1-924a-02baaf7fc5b0@group-30BD3325E419: changes role from  FOLLOWER to CANDIDATE at term 0 for changeToCandidate
2019-09-25 11:08:52,399 [47e44219-9d14-4cb3-978d-901354c5ccca@group-B089E3337E4A-SegmentedRaftLogWorker] INFO  segmented.SegmentedRaftLogWorker (SegmentedRaftLogWorker.java:execute(569)) - 47e44219-9d14-4cb3-978d-901354c5ccca@group-B089E3337E4A-SegmentedRaftLogWorker: created new log segment /workdir/hadoop-ozone/integration-test/target/test-dir/MiniOzoneClusterImpl-df822a65-554e-408c-8ca9-c8e2ba24269c/datanode-2/data/ratis/a7c388c6-f986-4cba-acb0-b089e3337e4a/current/log_inprogress_0
2019-09-25 11:08:52,394 [ForkJoinPool.commonPool-worker-1] INFO  ozoneimpl.OzoneContainer (OzoneContainer.java:stop(231)) - Attempting to stop container services.
2019-09-25 11:08:52,394 [main] INFO  ozoneimpl.OzoneContainer (OzoneContainer.java:stop(231)) - Attempting to stop container services.
2019-09-25 11:08:52,387 [Thread-2740] INFO  impl.RoleInfo (RoleInfo.java:shutdownFollowerState(121)) - d29a58f4-bb42-4b4c-aa2d-f4bca2ff5103: shutdown FollowerState
2019-09-25 11:08:52,358 [Thread-2764] INFO  impl.FollowerState (FollowerState.java:run(106)) - 2d6a7948-ad77-4bf1-924a-02baaf7fc5b0:group-758FE320704C changes to CANDIDATE, lastRpcTime:5090, electionTimeout:5089ms
2019-09-25 11:08:52,358 [Thread-2767] INFO  impl.RoleInfo (RoleInfo.java:shutdownFollowerState(121)) - 2d6a7948-ad77-4bf1-924a-02baaf7fc5b0: shutdown FollowerState
2019-09-25 11:08:52,342 [975b33e8-e2cc-4a40-852a-f9fd970783fd@group-B3B393D3D610-SegmentedRaftLogWorker] INFO  segmented.SegmentedRaftLogWorker (SegmentedRaftLogWorker.java:execute(569)) - 975b33e8-e2cc-4a40-852a-f9fd970783fd@group-B3B393D3D610-SegmentedRaftLogWorker: created new log segment /workdir/hadoop-ozone/integration-test/target/test-dir/MiniOzoneClusterImpl-df822a65-554e-408c-8ca9-c8e2ba24269c/datanode-5/data/ratis/3a2fd476-6d7d-43e5-8eb1-b3b393d3d610/current/log_inprogress_0
2019-09-25 11:08:52,337 [3f6fc67d-8e3f-4380-bdc7-5834d28b5411@group-F8BC442F7217:LeaderElection202] INFO  segmented.SegmentedRaftLogWorker (SegmentedRaftLogWorker.java:startLogSegment(380)) - 3f6fc67d-8e3f-4380-bdc7-5834d28b5411@group-F8BC442F7217-SegmentedRaftLogWorker: Starting segment from index:0
2019-09-25 11:08:52,337 [Thread-2725] WARN  util.JavaUtils (JavaUtils.java:sleep(250)) - Unexpected long sleep: sleep(5183ms) actually took 5543ms which is over the threshold 300ms
2019-09-25 11:08:52,332 [a910ee62-e7d5-4551-8567-f4bec92df57f@group-CF7EF23292AF:LeaderElection201] INFO  segmented.SegmentedRaftLogWorker (SegmentedRaftLogWorker.java:startLogSegment(380)) - a910ee62-e7d5-4551-8567-f4bec92df57f@group-CF7EF23292AF-SegmentedRaftLogWorker: Starting segment from index:0
2019-09-25 11:08:52,332 [Thread-2713] WARN  util.JavaUtils (JavaUtils.java:sleep(250)) - Unexpected long sleep: sleep(5099ms) actually took 5690ms which is over the threshold 300ms
2019-09-25 11:08:52,332 [Thread-2716] WARN  util.JavaUtils (JavaUtils.java:sleep(250)) - Unexpected long sleep: sleep(5137ms) actually took 5656ms which is over the threshold 300ms
2019-09-25 11:08:52,332 [Thread-2731] WARN  util.JavaUtils (JavaUtils.java:sleep(250)) - Unexpected long sleep: sleep(5099ms) actually took 5495ms which is over the threshold 300ms
2019-09-25 11:08:52,485 [Thread-2767] INFO  impl.RaftServerImpl (RaftServerImpl.java:setRole(174)) - 2d6a7948-ad77-4bf1-924a-02baaf7fc5b0@group-D55D7670FDB7: changes role from  FOLLOWER to CANDIDATE at term 0 for changeToCandidate
2019-09-25 11:08:52,477 [Thread-2749] INFO  impl.RoleInfo (RoleInfo.java:shutdownFollowerState(121)) - 2d6a7948-ad77-4bf1-924a-02baaf7fc5b0: shutdown FollowerState
2019-09-25 11:08:52,473 [Thread-2740] INFO  impl.RaftServerImpl (RaftServerImpl.java:setRole(174)) - d29a58f4-bb42-4b4c-aa2d-f4bca2ff5103@group-0B4648CEE00B: changes role from  FOLLOWER to CANDIDATE at term 0 for changeToCandidate
2019-09-25 11:08:52,470 [ForkJoinPool.commonPool-worker-1] INFO  impl.RaftServerProxy (RaftServerProxy.java:lambda$close$4(314)) - 3f6fc67d-8e3f-4380-bdc7-5834d28b5411: close
2019-09-25 11:08:52,466 [Thread-2752] INFO  impl.RoleInfo (RoleInfo.java:updateAndGet(143)) - 2d6a7948-ad77-4bf1-924a-02baaf7fc5b0: start LeaderElection
2019-09-25 11:08:52,461 [Thread-2743] INFO  impl.RaftServerImpl (RaftServerImpl.java:setRole(174)) - 975b33e8-e2cc-4a40-852a-f9fd970783fd@group-9BDC0A103475: changes role from  FOLLOWER to CANDIDATE at term 0 for changeToCandidate
2019-09-25 11:08:52,457 [Thread-2761] INFO  impl.RaftServerImpl (RaftServerImpl.java:setRole(174)) - 2d6a7948-ad77-4bf1-924a-02baaf7fc5b0@group-2664AD285617: changes role from  FOLLOWER to CANDIDATE at term 0 for changeToCandidate
2019-09-25 11:08:52,457 [Thread-2755] INFO  impl.RoleInfo (RoleInfo.java:shutdownFollowerState(121)) - 2d6a7948-ad77-4bf1-924a-02baaf7fc5b0: shutdown FollowerState
2019-09-25 11:08:52,453 [Thread-2746] INFO  impl.RaftServerImpl (RaftServerImpl.java:setRole(174)) - 975b33e8-e2cc-4a40-852a-f9fd970783fd@group-C4E9EB0A16BD: changes role from  FOLLOWER to CANDIDATE at term 0 for changeToCandidate
2019-09-25 11:08:52,453 [Thread-2737] INFO  impl.RoleInfo (RoleInfo.java:updateAndGet(143)) - d29a58f4-bb42-4b4c-aa2d-f4bca2ff5103: start LeaderElection
2019-09-25 11:08:52,449 [Thread-2758] INFO  impl.RaftServerImpl (RaftServerImpl.java:setRole(174)) - 975b33e8-e2cc-4a40-852a-f9fd970783fd@group-3BCC29E616CB: changes role from  FOLLOWER to CANDIDATE at term 0 for changeToCandidate
2019-09-25 11:08:52,497 [Thread-2755] INFO  impl.RaftServerImpl (RaftServerImpl.java:setRole(174)) - 2d6a7948-ad77-4bf1-924a-02baaf7fc5b0@group-B69DFD773A05: changes role from  FOLLOWER to CANDIDATE at term 0 for changeToCandidate
2019-09-25 11:08:52,497 [a910ee62-e7d5-4551-8567-f4bec92df57f@group-CF7EF23292AF:LeaderElection201] INFO  impl.RaftServerImpl (ServerState.java:setRaftConf(354)) - a910ee62-e7d5-4551-8567-f4bec92df57f@group-CF7EF23292AF: set configuration 0: [a910ee62-e7d5-4551-8567-f4bec92df57f:192.168.30.6:39441], old=null at 0
2019-09-25 11:08:52,497 [Thread-2740] INFO  impl.RoleInfo (RoleInfo.java:updateAndGet(143)) - d29a58f4-bb42-4b4c-aa2d-f4bca2ff5103: start LeaderElection
2019-09-25 11:08:52,497 [Thread-2767] INFO  impl.RoleInfo (RoleInfo.java:updateAndGet(143)) - 2d6a7948-ad77-4bf1-924a-02baaf7fc5b0: start LeaderElection
2019-09-25 11:08:52,497 [Thread-2749] INFO  impl.RaftServerImpl (RaftServerImpl.java:setRole(174)) - 2d6a7948-ad77-4bf1-924a-02baaf7fc5b0@group-966058FDFEE4: changes role from  FOLLOWER to CANDIDATE at term 0 for changeToCandidate
2019-09-25 11:08:52,497 [Thread-2764] INFO  impl.RoleInfo (RoleInfo.java:shutdownFollowerState(121)) - 2d6a7948-ad77-4bf1-924a-02baaf7fc5b0: shutdown FollowerState
2019-09-25 11:08:52,497 [main] INFO  impl.RaftServerProxy (RaftServerProxy.java:lambda$close$4(314)) - d29a58f4-bb42-4b4c-aa2d-f4bca2ff5103: close
2019-09-25 11:08:52,497 [3f6fc67d-8e3f-4380-bdc7-5834d28b5411@group-F8BC442F7217:LeaderElection202] INFO  impl.RaftServerImpl (ServerState.java:setRaftConf(354)) - 3f6fc67d-8e3f-4380-bdc7-5834d28b5411@group-F8BC442F7217: set configuration 0: [3f6fc67d-8e3f-4380-bdc7-5834d28b5411:192.168.30.6:38729], old=null at 0
2019-09-25 11:08:52,505 [main] INFO  impl.RaftServerImpl (RaftServerImpl.java:lambda$shutdown$3(251)) - d29a58f4-bb42-4b4c-aa2d-f4bca2ff5103@group-16B477642823: shutdown
2019-09-25 11:08:52,505 [ForkJoinPool.commonPool-worker-1] INFO  impl.RaftServerImpl (RaftServerImpl.java:lambda$shutdown$3(251)) - 3f6fc67d-8e3f-4380-bdc7-5834d28b5411@group-6FB6547ABC27: shutdown
2019-09-25 11:08:52,501 [Thread-2749] INFO  impl.RoleInfo (RoleInfo.java:updateAndGet(143)) - 2d6a7948-ad77-4bf1-924a-02baaf7fc5b0: start LeaderElection
2019-09-25 11:08:52,498 [Thread-2764] INFO  impl.RaftServerImpl (RaftServerImpl.java:setRole(174)) - 2d6a7948-ad77-4bf1-924a-02baaf7fc5b0@group-758FE320704C: changes role from  FOLLOWER to CANDIDATE at term 0 for changeToCandidate
2019-09-25 11:08:52,521 [Thread-2764] INFO  impl.RoleInfo (RoleInfo.java:updateAndGet(143)) - 2d6a7948-ad77-4bf1-924a-02baaf7fc5b0: start LeaderElection
2019-09-25 11:08:52,521 [ForkJoinPool.commonPool-worker-1] INFO  util.JmxRegister (JmxRegister.java:unregister(73)) - Successfully un-registered JMX Bean with object name Ratis:service=RaftServer,group=group-6FB6547ABC27,id=3f6fc67d-8e3f-4380-bdc7-5834d28b5411
2019-09-25 11:08:52,517 [Thread-2743] INFO  impl.RoleInfo (RoleInfo.java:updateAndGet(143)) - 975b33e8-e2cc-4a40-852a-f9fd970783fd: start LeaderElection
2019-09-25 11:08:52,517 [Thread-2761] INFO  impl.RoleInfo (RoleInfo.java:updateAndGet(143)) - 2d6a7948-ad77-4bf1-924a-02baaf7fc5b0: start LeaderElection
2019-09-25 11:08:52,517 [Thread-2746] INFO  impl.RoleInfo (RoleInfo.java:updateAndGet(143)) - 975b33e8-e2cc-4a40-852a-f9fd970783fd: start LeaderElection
2019-09-25 11:08:52,517 [main] INFO  util.JmxRegister (JmxRegister.java:unregister(73)) - Successfully un-registered JMX Bean with object name Ratis:service=RaftServer,group=group-16B477642823,id=d29a58f4-bb42-4b4c-aa2d-f4bca2ff5103
2019-09-25 11:08:52,513 [Thread-2758] INFO  impl.RoleInfo (RoleInfo.java:updateAndGet(143)) - 975b33e8-e2cc-4a40-852a-f9fd970783fd: start LeaderElection
2019-09-25 11:08:52,513 [Thread-2755] INFO  impl.RoleInfo (RoleInfo.java:updateAndGet(143)) - 2d6a7948-ad77-4bf1-924a-02baaf7fc5b0: start LeaderElection
2019-09-25 11:08:52,613 [2d6a7948-ad77-4bf1-924a-02baaf7fc5b0@group-D55D7670FDB7:LeaderElection205] INFO  impl.LeaderElection (LeaderElection.java:askForVotes(182)) - 2d6a7948-ad77-4bf1-924a-02baaf7fc5b0@group-D55D7670FDB7:LeaderElection205: begin an election at term 1 for -1: [2d6a7948-ad77-4bf1-924a-02baaf7fc5b0:192.168.30.6:36745], old=null
2019-09-25 11:08:52,598 [main] INFO  impl.RoleInfo (RoleInfo.java:shutdownLeaderElection(134)) - d29a58f4-bb42-4b4c-aa2d-f4bca2ff5103: shutdown LeaderElection
2019-09-25 11:08:52,598 [3f6fc67d-8e3f-4380-bdc7-5834d28b5411@group-F8BC442F7217-SegmentedRaftLogWorker] INFO  segmented.SegmentedRaftLogWorker (SegmentedRaftLogWorker.java:execute(569)) - 3f6fc67d-8e3f-4380-bdc7-5834d28b5411@group-F8BC442F7217-SegmentedRaftLogWorker: created new log segment /workdir/hadoop-ozone/integration-test/target/test-dir/MiniOzoneClusterImpl-df822a65-554e-408c-8ca9-c8e2ba24269c/datanode-1/data/ratis/5a40bed5-42b5-43b3-8086-f8bc442f7217/current/log_inprogress_0
2019-09-25 11:08:52,598 [d29a58f4-bb42-4b4c-aa2d-f4bca2ff5103@group-0B4648CEE00B:LeaderElection206] INFO  impl.LeaderElection (LeaderElection.java:askForVotes(182)) - d29a58f4-bb42-4b4c-aa2d-f4bca2ff5103@group-0B4648CEE00B:LeaderElection206: begin an election at term 1 for -1: [d29a58f4-bb42-4b4c-aa2d-f4bca2ff5103:192.168.30.6:32888], old=null
2019-09-25 11:08:52,614 [d29a58f4-bb42-4b4c-aa2d-f4bca2ff5103@group-0B4648CEE00B:LeaderElection206] INFO  impl.RoleInfo (RoleInfo.java:shutdownLeaderElection(134)) - d29a58f4-bb42-4b4c-aa2d-f4bca2ff5103: shutdown LeaderElection
2019-09-25 11:08:52,598 [2d6a7948-ad77-4bf1-924a-02baaf7fc5b0@group-30BD3325E419:LeaderElection204] INFO  impl.LeaderElection (LeaderElection.java:askForVotes(182)) - 2d6a7948-ad77-4bf1-924a-02baaf7fc5b0@group-30BD3325E419:LeaderElection204: begin an election at term 1 for -1: [2d6a7948-ad77-4bf1-924a-02baaf7fc5b0:192.168.30.6:36745], old=null
2019-09-25 11:08:52,597 [a910ee62-e7d5-4551-8567-f4bec92df57f@group-CF7EF23292AF-SegmentedRaftLogWorker] INFO  segmented.SegmentedRaftLogWorker (SegmentedRaftLogWorker.java:execute(569)) - a910ee62-e7d5-4551-8567-f4bec92df57f@group-CF7EF23292AF-SegmentedRaftLogWorker: created new log segment /workdir/hadoop-ozone/integration-test/target/test-dir/MiniOzoneClusterImpl-df822a65-554e-408c-8ca9-c8e2ba24269c/datanode-3/data/ratis/908a818c-f614-48e6-a334-cf7ef23292af/current/log_inprogress_0
2019-09-25 11:08:52,554 [ForkJoinPool.commonPool-worker-1] INFO  impl.RoleInfo (RoleInfo.java:shutdownLeaderState(104)) - 3f6fc67d-8e3f-4380-bdc7-5834d28b5411: shutdown LeaderState
2019-09-25 11:08:52,614 [2d6a7948-ad77-4bf1-924a-02baaf7fc5b0@group-30BD3325E419:LeaderElection204] INFO  impl.RoleInfo (RoleInfo.java:shutdownLeaderElection(134)) - 2d6a7948-ad77-4bf1-924a-02baaf7fc5b0: shutdown LeaderElection
2019-09-25 11:08:52,614 [d29a58f4-bb42-4b4c-aa2d-f4bca2ff5103@group-0B4648CEE00B:LeaderElection206] INFO  impl.RaftServerImpl (RaftServerImpl.java:setRole(174)) - d29a58f4-bb42-4b4c-aa2d-f4bca2ff5103@group-0B4648CEE00B: changes role from CANDIDATE to LEADER at term 1 for changeToLeader
2019-09-25 11:08:52,614 [main] INFO  impl.StateMachineUpdater (StateMachineUpdater.java:stopAndJoin(125)) - d29a58f4-bb42-4b4c-aa2d-f4bca2ff5103@group-16B477642823-StateMachineUpdater: set stopIndex = -1
2019-09-25 11:08:52,615 [main] INFO  impl.RaftServerImpl (ServerState.java:close(385)) - d29a58f4-bb42-4b4c-aa2d-f4bca2ff5103@group-16B477642823: closes. applyIndex: -1
2019-09-25 11:08:52,613 [2d6a7948-ad77-4bf1-924a-02baaf7fc5b0@group-D55D7670FDB7:LeaderElection205] INFO  impl.RoleInfo (RoleInfo.java:shutdownLeaderElection(134)) - 2d6a7948-ad77-4bf1-924a-02baaf7fc5b0: shutdown LeaderElection
2019-09-25 11:08:52,616 [d29a58f4-bb42-4b4c-aa2d-f4bca2ff5103@group-16B477642823-SegmentedRaftLogWorker] INFO  segmented.SegmentedRaftLogWorker (SegmentedRaftLogWorker.java:run(313)) - d29a58f4-bb42-4b4c-aa2d-f4bca2ff5103@group-16B477642823-SegmentedRaftLogWorker was interrupted, exiting. There are 0 tasks remaining in the queue.
2019-09-25 11:08:52,615 [d29a58f4-bb42-4b4c-aa2d-f4bca2ff5103@group-0B4648CEE00B:LeaderElection206] INFO  impl.RaftServerImpl (ServerState.java:setLeader(253)) - d29a58f4-bb42-4b4c-aa2d-f4bca2ff5103@group-0B4648CEE00B: change Leader from null to d29a58f4-bb42-4b4c-aa2d-f4bca2ff5103 at term 1 for becomeLeader, leader elected after 5685ms
2019-09-25 11:08:52,615 [2d6a7948-ad77-4bf1-924a-02baaf7fc5b0@group-30BD3325E419:LeaderElection204] INFO  impl.RaftServerImpl (RaftServerImpl.java:setRole(174)) - 2d6a7948-ad77-4bf1-924a-02baaf7fc5b0@group-30BD3325E419: changes role from CANDIDATE to LEADER at term 1 for changeToLeader
2019-09-25 11:08:52,615 [ForkJoinPool.commonPool-worker-1] INFO  impl.PendingRequests (PendingRequests.java:sendNotLeaderResponses(202)) - 3f6fc67d-8e3f-4380-bdc7-5834d28b5411-PendingRequests: sendNotLeaderResponses
2019-09-25 11:08:52,616 [2d6a7948-ad77-4bf1-924a-02baaf7fc5b0@group-30BD3325E419:LeaderElection204] INFO  impl.RaftServerImpl (ServerState.java:setLeader(253)) - 2d6a7948-ad77-4bf1-924a-02baaf7fc5b0@group-30BD3325E419: change Leader from null to 2d6a7948-ad77-4bf1-924a-02baaf7fc5b0 at term 1 for becomeLeader, leader elected after 5492ms
2019-09-25 11:08:52,616 [d29a58f4-bb42-4b4c-aa2d-f4bca2ff5103@group-0B4648CEE00B:LeaderElection206] INFO  server.RaftServerConfigKeys (ConfUtils.java:logGet(43)) - raft.server.staging.catchup.gap = 1000 (default)
2019-09-25 11:08:52,616 [main] INFO  segmented.SegmentedRaftLogWorker (SegmentedRaftLogWorker.java:close(228)) - d29a58f4-bb42-4b4c-aa2d-f4bca2ff5103@group-16B477642823-SegmentedRaftLogWorker close()
2019-09-25 11:08:52,616 [2d6a7948-ad77-4bf1-924a-02baaf7fc5b0@group-D55D7670FDB7:LeaderElection205] INFO  impl.RaftServerImpl (RaftServerImpl.java:setRole(174)) - 2d6a7948-ad77-4bf1-924a-02baaf7fc5b0@group-D55D7670FDB7: changes role from CANDIDATE to LEADER at term 1 for changeToLeader
2019-09-25 11:08:52,621 [main] INFO  impl.RaftServerImpl (RaftServerImpl.java:lambda$shutdown$3(251)) - d29a58f4-bb42-4b4c-aa2d-f4bca2ff5103@group-9C4F2D97FAF3: shutdown
2019-09-25 11:08:52,616 [d29a58f4-bb42-4b4c-aa2d-f4bca2ff5103@group-0B4648CEE00B:LeaderElection206] INFO  server.RaftServerConfigKeys (ConfUtils.java:logGet(43)) - raft.server.rpc.sleep.time = 25ms (default)
2019-09-25 11:08:52,616 [2d6a7948-ad77-4bf1-924a-02baaf7fc5b0@group-30BD3325E419:LeaderElection204] INFO  server.RaftServerConfigKeys (ConfUtils.java:logGet(43)) - raft.server.staging.catchup.gap = 1000 (default)
2019-09-25 11:08:52,616 [ForkJoinPool.commonPool-worker-1] INFO  impl.StateMachineUpdater (StateMachineUpdater.java:stopAndJoin(125)) - 3f6fc67d-8e3f-4380-bdc7-5834d28b5411@group-6FB6547ABC27-StateMachineUpdater: set stopIndex = 0
2019-09-25 11:08:52,622 [ForkJoinPool.commonPool-worker-1] INFO  impl.RaftServerImpl (ServerState.java:close(385)) - 3f6fc67d-8e3f-4380-bdc7-5834d28b5411@group-6FB6547ABC27: closes. applyIndex: 0
2019-09-25 11:08:52,622 [2d6a7948-ad77-4bf1-924a-02baaf7fc5b0@group-30BD3325E419:LeaderElection204] INFO  server.RaftServerConfigKeys (ConfUtils.java:logGet(43)) - raft.server.rpc.sleep.time = 25ms (default)
2019-09-25 11:08:52,621 [d29a58f4-bb42-4b4c-aa2d-f4bca2ff5103@group-0B4648CEE00B:LeaderElection206] INFO  server.RaftServerConfigKeys (ConfUtils.java:logGet(43)) - raft.server.write.element-limit = 4096 (default)
2019-09-25 11:08:52,621 [main] INFO  util.JmxRegister (JmxRegister.java:unregister(73)) - Successfully un-registered JMX Bean with object name Ratis:service=RaftServer,group=group-9C4F2D97FAF3,id=d29a58f4-bb42-4b4c-aa2d-f4bca2ff5103
2019-09-25 11:08:52,621 [2d6a7948-ad77-4bf1-924a-02baaf7fc5b0@group-D55D7670FDB7:LeaderElection205] INFO  impl.RaftServerImpl (ServerState.java:setLeader(253)) - 2d6a7948-ad77-4bf1-924a-02baaf7fc5b0@group-D55D7670FDB7: change Leader from null to 2d6a7948-ad77-4bf1-924a-02baaf7fc5b0 at term 1 for becomeLeader, leader elected after 5321ms
2019-09-25 11:08:52,622 [main] INFO  impl.RoleInfo (RoleInfo.java:shutdownFollowerState(121)) - d29a58f4-bb42-4b4c-aa2d-f4bca2ff5103: shutdown FollowerState
2019-09-25 11:08:52,622 [d29a58f4-bb42-4b4c-aa2d-f4bca2ff5103@group-0B4648CEE00B:LeaderElection206] INFO  server.RaftServerConfigKeys (ConfUtils.java:logGet(43)) - raft.server.watch.timeout = 10s (default)
2019-09-25 11:08:52,622 [2d6a7948-ad77-4bf1-924a-02baaf7fc5b0@group-30BD3325E419:LeaderElection204] INFO  server.RaftServerConfigKeys (ConfUtils.java:logGet(43)) - raft.server.write.element-limit = 4096 (default)
2019-09-25 11:08:52,622 [3f6fc67d-8e3f-4380-bdc7-5834d28b5411@group-6FB6547ABC27-SegmentedRaftLogWorker] INFO  segmented.SegmentedRaftLogWorker (SegmentedRaftLogWorker.java:run(313)) - 3f6fc67d-8e3f-4380-bdc7-5834d28b5411@group-6FB6547ABC27-SegmentedRaftLogWorker was interrupted, exiting. There are 0 tasks remaining in the queue.
2019-09-25 11:08:52,623 [2d6a7948-ad77-4bf1-924a-02baaf7fc5b0@group-30BD3325E419:LeaderElection204] INFO  server.RaftServerConfigKeys (ConfUtils.java:logGet(43)) - raft.server.watch.timeout = 10s (default)
2019-09-25 11:08:52,623 [d29a58f4-bb42-4b4c-aa2d-f4bca2ff5103@group-0B4648CEE00B:LeaderElection206] INFO  server.RaftServerConfigKeys (ConfUtils.java:logGet(43)) - raft.server.watch.timeout.denomination = 1s (default)
2019-09-25 11:08:52,623 [Thread-2719] INFO  impl.FollowerState (FollowerState.java:run(115)) - d29a58f4-bb42-4b4c-aa2d-f4bca2ff5103: FollowerState was interrupted: java.lang.InterruptedException: sleep interrupted
2019-09-25 11:08:52,623 [main] INFO  impl.StateMachineUpdater (StateMachineUpdater.java:stopAndJoin(125)) - d29a58f4-bb42-4b4c-aa2d-f4bca2ff5103@group-9C4F2D97FAF3-StateMachineUpdater: set stopIndex = -1
2019-09-25 11:08:52,626 [main] INFO  impl.RaftServerImpl (ServerState.java:close(385)) - d29a58f4-bb42-4b4c-aa2d-f4bca2ff5103@group-9C4F2D97FAF3: closes. applyIndex: -1
2019-09-25 11:08:52,623 [2d6a7948-ad77-4bf1-924a-02baaf7fc5b0@group-D55D7670FDB7:LeaderElection205] INFO  server.RaftServerConfigKeys (ConfUtils.java:logGet(43)) - raft.server.staging.catchup.gap = 1000 (default)
2019-09-25 11:08:52,626 [d29a58f4-bb42-4b4c-aa2d-f4bca2ff5103@group-9C4F2D97FAF3-SegmentedRaftLogWorker] INFO  segmented.SegmentedRaftLogWorker (SegmentedRaftLogWorker.java:run(313)) - d29a58f4-bb42-4b4c-aa2d-f4bca2ff5103@group-9C4F2D97FAF3-SegmentedRaftLogWorker was interrupted, exiting. There are 0 tasks remaining in the queue.
2019-09-25 11:08:52,625 [d29a58f4-bb42-4b4c-aa2d-f4bca2ff5103@group-0B4648CEE00B:LeaderElection206] INFO  server.RaftServerConfigKeys (ConfUtils.java:logGet(43)) - raft.server.watch.element-limit = 65536 (default)
2019-09-25 11:08:52,625 [2d6a7948-ad77-4bf1-924a-02baaf7fc5b0@group-30BD3325E419:LeaderElection204] INFO  server.RaftServerConfigKeys (ConfUtils.java:logGet(43)) - raft.server.watch.timeout.denomination = 1s (default)
2019-09-25 11:08:52,626 [main] INFO  segmented.SegmentedRaftLogWorker (SegmentedRaftLogWorker.java:close(228)) - d29a58f4-bb42-4b4c-aa2d-f4bca2ff5103@group-9C4F2D97FAF3-SegmentedRaftLogWorker close()
2019-09-25 11:08:52,626 [2d6a7948-ad77-4bf1-924a-02baaf7fc5b0@group-D55D7670FDB7:LeaderElection205] INFO  server.RaftServerConfigKeys (ConfUtils.java:logGet(43)) - raft.server.rpc.sleep.time = 25ms (default)
2019-09-25 11:08:52,631 [main] INFO  impl.RaftServerImpl (RaftServerImpl.java:lambda$shutdown$3(251)) - d29a58f4-bb42-4b4c-aa2d-f4bca2ff5103@group-861DA62AD06E: shutdown
2019-09-25 11:08:52,626 [2d6a7948-ad77-4bf1-924a-02baaf7fc5b0@group-30BD3325E419:LeaderElection204] INFO  server.RaftServerConfigKeys (ConfUtils.java:logGet(43)) - raft.server.watch.element-limit = 65536 (default)
2019-09-25 11:08:52,631 [main] INFO  util.JmxRegister (JmxRegister.java:unregister(73)) - Successfully un-registered JMX Bean with object name Ratis:service=RaftServer,group=group-861DA62AD06E,id=d29a58f4-bb42-4b4c-aa2d-f4bca2ff5103
2019-09-25 11:08:52,632 [main] INFO  impl.RoleInfo (RoleInfo.java:shutdownFollowerState(121)) - d29a58f4-bb42-4b4c-aa2d-f4bca2ff5103: shutdown FollowerState
2019-09-25 11:08:52,631 [2d6a7948-ad77-4bf1-924a-02baaf7fc5b0@group-D55D7670FDB7:LeaderElection205] INFO  server.RaftServerConfigKeys (ConfUtils.java:logGet(43)) - raft.server.write.element-limit = 4096 (default)
2019-09-25 11:08:52,632 [Thread-2734] INFO  impl.FollowerState (FollowerState.java:run(115)) - d29a58f4-bb42-4b4c-aa2d-f4bca2ff5103: FollowerState was interrupted: java.lang.InterruptedException: sleep interrupted
2019-09-25 11:08:52,632 [main] INFO  impl.StateMachineUpdater (StateMachineUpdater.java:stopAndJoin(125)) - d29a58f4-bb42-4b4c-aa2d-f4bca2ff5103@group-861DA62AD06E-StateMachineUpdater: set stopIndex = -1
2019-09-25 11:08:52,632 [main] INFO  impl.RaftServerImpl (ServerState.java:close(385)) - d29a58f4-bb42-4b4c-aa2d-f4bca2ff5103@group-861DA62AD06E: closes. applyIndex: -1
2019-09-25 11:08:52,632 [d29a58f4-bb42-4b4c-aa2d-f4bca2ff5103@group-0B4648CEE00B:LeaderElection206] INFO  impl.RoleInfo (RoleInfo.java:updateAndGet(143)) - d29a58f4-bb42-4b4c-aa2d-f4bca2ff5103: start LeaderState
2019-09-25 11:08:52,633 [d29a58f4-bb42-4b4c-aa2d-f4bca2ff5103@group-861DA62AD06E-SegmentedRaftLogWorker] INFO  segmented.SegmentedRaftLogWorker (SegmentedRaftLogWorker.java:run(313)) - d29a58f4-bb42-4b4c-aa2d-f4bca2ff5103@group-861DA62AD06E-SegmentedRaftLogWorker was interrupted, exiting. There are 0 tasks remaining in the queue.
2019-09-25 11:08:52,633 [d29a58f4-bb42-4b4c-aa2d-f4bca2ff5103@group-0B4648CEE00B:LeaderElection206] INFO  segmented.SegmentedRaftLogWorker (SegmentedRaftLogWorker.java:startLogSegment(380)) - d29a58f4-bb42-4b4c-aa2d-f4bca2ff5103@group-0B4648CEE00B-SegmentedRaftLogWorker: Starting segment from index:0
2019-09-25 11:08:52,632 [2d6a7948-ad77-4bf1-924a-02baaf7fc5b0@group-D55D7670FDB7:LeaderElection205] INFO  server.RaftServerConfigKeys (ConfUtils.java:logGet(43)) - raft.server.watch.timeout = 10s (default)
2019-09-25 11:08:52,633 [main] INFO  segmented.SegmentedRaftLogWorker (SegmentedRaftLogWorker.java:close(228)) - d29a58f4-bb42-4b4c-aa2d-f4bca2ff5103@group-861DA62AD06E-SegmentedRaftLogWorker close()
2019-09-25 11:08:52,633 [2d6a7948-ad77-4bf1-924a-02baaf7fc5b0@group-30BD3325E419:LeaderElection204] INFO  impl.RoleInfo (RoleInfo.java:updateAndGet(143)) - 2d6a7948-ad77-4bf1-924a-02baaf7fc5b0: start LeaderState
2019-09-25 11:08:52,637 [main] INFO  impl.RaftServerImpl (RaftServerImpl.java:lambda$shutdown$3(251)) - d29a58f4-bb42-4b4c-aa2d-f4bca2ff5103@group-3E1872C93BEE: shutdown
2019-09-25 11:08:52,633 [2d6a7948-ad77-4bf1-924a-02baaf7fc5b0@group-D55D7670FDB7:LeaderElection205] INFO  server.RaftServerConfigKeys (ConfUtils.java:logGet(43)) - raft.server.watch.timeout.denomination = 1s (default)
2019-09-25 11:08:52,633 [d29a58f4-bb42-4b4c-aa2d-f4bca2ff5103@group-0B4648CEE00B:LeaderElection206] INFO  impl.RaftServerImpl (ServerState.java:setRaftConf(354)) - d29a58f4-bb42-4b4c-aa2d-f4bca2ff5103@group-0B4648CEE00B: set configuration 0: [d29a58f4-bb42-4b4c-aa2d-f4bca2ff5103:192.168.30.6:32888], old=null at 0
2019-09-25 11:08:52,638 [2d6a7948-ad77-4bf1-924a-02baaf7fc5b0@group-D55D7670FDB7:LeaderElection205] INFO  server.RaftServerConfigKeys (ConfUtils.java:logGet(43)) - raft.server.watch.element-limit = 65536 (default)
2019-09-25 11:08:52,638 [ForkJoinPool.commonPool-worker-1] INFO  segmented.SegmentedRaftLogWorker (SegmentedRaftLogWorker.java:close(228)) - 3f6fc67d-8e3f-4380-bdc7-5834d28b5411@group-6FB6547ABC27-SegmentedRaftLogWorker close()
2019-09-25 11:08:52,638 [main] INFO  util.JmxRegister (JmxRegister.java:unregister(73)) - Successfully un-registered JMX Bean with object name Ratis:service=RaftServer,group=group-3E1872C93BEE,id=d29a58f4-bb42-4b4c-aa2d-f4bca2ff5103
2019-09-25 11:08:52,670 [main] INFO  impl.RoleInfo (RoleInfo.java:shutdownFollowerState(121)) - d29a58f4-bb42-4b4c-aa2d-f4bca2ff5103: shutdown FollowerState
2019-09-25 11:08:52,638 [2d6a7948-ad77-4bf1-924a-02baaf7fc5b0@group-30BD3325E419:LeaderElection204] INFO  segmented.SegmentedRaftLogWorker (SegmentedRaftLogWorker.java:startLogSegment(380)) - 2d6a7948-ad77-4bf1-924a-02baaf7fc5b0@group-30BD3325E419-SegmentedRaftLogWorker: Starting segment from index:0
2019-09-25 11:08:52,670 [Thread-2731] INFO  impl.FollowerState (FollowerState.java:run(115)) - d29a58f4-bb42-4b4c-aa2d-f4bca2ff5103: FollowerState was interrupted: java.lang.InterruptedException: sleep interrupted
2019-09-25 11:08:52,670 [main] INFO  impl.StateMachineUpdater (StateMachineUpdater.java:stopAndJoin(125)) - d29a58f4-bb42-4b4c-aa2d-f4bca2ff5103@group-3E1872C93BEE-StateMachineUpdater: set stopIndex = -1
2019-09-25 11:08:52,671 [main] INFO  impl.RaftServerImpl (ServerState.java:close(385)) - d29a58f4-bb42-4b4c-aa2d-f4bca2ff5103@group-3E1872C93BEE: closes. applyIndex: -1
2019-09-25 11:08:52,670 [2d6a7948-ad77-4bf1-924a-02baaf7fc5b0@group-2664AD285617:LeaderElection208] INFO  impl.LeaderElection (LeaderElection.java:askForVotes(182)) - 2d6a7948-ad77-4bf1-924a-02baaf7fc5b0@group-2664AD285617:LeaderElection208: begin an election at term 1 for -1: [2d6a7948-ad77-4bf1-924a-02baaf7fc5b0:192.168.30.6:36745], old=null
2019-09-25 11:08:52,670 [2d6a7948-ad77-4bf1-924a-02baaf7fc5b0@group-966058FDFEE4:LeaderElection212] INFO  impl.LeaderElection (LeaderElection.java:askForVotes(182)) - 2d6a7948-ad77-4bf1-924a-02baaf7fc5b0@group-966058FDFEE4:LeaderElection212: begin an election at term 1 for -1: [2d6a7948-ad77-4bf1-924a-02baaf7fc5b0:192.168.30.6:36745], old=null
2019-09-25 11:08:52,672 [2d6a7948-ad77-4bf1-924a-02baaf7fc5b0@group-966058FDFEE4:LeaderElection212] INFO  impl.RoleInfo (RoleInfo.java:shutdownLeaderElection(134)) - 2d6a7948-ad77-4bf1-924a-02baaf7fc5b0: shutdown LeaderElection
2019-09-25 11:08:52,670 [2d6a7948-ad77-4bf1-924a-02baaf7fc5b0@group-B69DFD773A05:LeaderElection211] INFO  impl.LeaderElection (LeaderElection.java:askForVotes(182)) - 2d6a7948-ad77-4bf1-924a-02baaf7fc5b0@group-B69DFD773A05:LeaderElection211: begin an election at term 1 for -1: [2d6a7948-ad77-4bf1-924a-02baaf7fc5b0:192.168.30.6:36745], old=null
2019-09-25 11:08:52,670 [975b33e8-e2cc-4a40-852a-f9fd970783fd@group-3BCC29E616CB:LeaderElection210] INFO  impl.LeaderElection (LeaderElection.java:askForVotes(182)) - 975b33e8-e2cc-4a40-852a-f9fd970783fd@group-3BCC29E616CB:LeaderElection210: begin an election at term 1 for -1: [975b33e8-e2cc-4a40-852a-f9fd970783fd:192.168.30.6:37792], old=null
2019-09-25 11:08:52,670 [2d6a7948-ad77-4bf1-924a-02baaf7fc5b0@group-758FE320704C:LeaderElection213] INFO  impl.LeaderElection (LeaderElection.java:askForVotes(182)) - 2d6a7948-ad77-4bf1-924a-02baaf7fc5b0@group-758FE320704C:LeaderElection213: begin an election at term 1 for -1: [2d6a7948-ad77-4bf1-924a-02baaf7fc5b0:192.168.30.6:36745], old=null
2019-09-25 11:08:52,670 [975b33e8-e2cc-4a40-852a-f9fd970783fd@group-9BDC0A103475:LeaderElection207] INFO  impl.LeaderElection (LeaderElection.java:askForVotes(182)) - 975b33e8-e2cc-4a40-852a-f9fd970783fd@group-9BDC0A103475:LeaderElection207: begin an election at term 1 for -1: [975b33e8-e2cc-4a40-852a-f9fd970783fd:192.168.30.6:37792], old=null
2019-09-25 11:08:52,670 [975b33e8-e2cc-4a40-852a-f9fd970783fd@group-C4E9EB0A16BD:LeaderElection209] INFO  impl.LeaderElection (LeaderElection.java:askForVotes(182)) - 975b33e8-e2cc-4a40-852a-f9fd970783fd@group-C4E9EB0A16BD:LeaderElection209: begin an election at term 1 for -1: [975b33e8-e2cc-4a40-852a-f9fd970783fd:192.168.30.6:37792], old=null
2019-09-25 11:08:52,672 [975b33e8-e2cc-4a40-852a-f9fd970783fd@group-C4E9EB0A16BD:LeaderElection209] INFO  impl.RoleInfo (RoleInfo.java:shutdownLeaderElection(134)) - 975b33e8-e2cc-4a40-852a-f9fd970783fd: shutdown LeaderElection
2019-09-25 11:08:52,669 [ForkJoinPool.commonPool-worker-1] INFO  impl.RaftServerImpl (RaftServerImpl.java:lambda$shutdown$3(251)) - 3f6fc67d-8e3f-4380-bdc7-5834d28b5411@group-CC362AFC04EB: shutdown
2019-09-25 11:08:52,673 [975b33e8-e2cc-4a40-852a-f9fd970783fd@group-C4E9EB0A16BD:LeaderElection209] INFO  impl.RaftServerImpl (RaftServerImpl.java:setRole(174)) - 975b33e8-e2cc-4a40-852a-f9fd970783fd@group-C4E9EB0A16BD: changes role from CANDIDATE to LEADER at term 1 for changeToLeader
2019-09-25 11:08:52,673 [975b33e8-e2cc-4a40-852a-f9fd970783fd@group-C4E9EB0A16BD:LeaderElection209] INFO  impl.RaftServerImpl (ServerState.java:setLeader(253)) - 975b33e8-e2cc-4a40-852a-f9fd970783fd@group-C4E9EB0A16BD: change Leader from null to 975b33e8-e2cc-4a40-852a-f9fd970783fd at term 1 for becomeLeader, leader elected after 5666ms
2019-09-25 11:08:52,672 [975b33e8-e2cc-4a40-852a-f9fd970783fd@group-9BDC0A103475:LeaderElection207] INFO  impl.RoleInfo (RoleInfo.java:shutdownLeaderElection(134)) - 975b33e8-e2cc-4a40-852a-f9fd970783fd: shutdown LeaderElection
2019-09-25 11:08:52,672 [2d6a7948-ad77-4bf1-924a-02baaf7fc5b0@group-758FE320704C:LeaderElection213] INFO  impl.RoleInfo (RoleInfo.java:shutdownLeaderElection(134)) - 2d6a7948-ad77-4bf1-924a-02baaf7fc5b0: shutdown LeaderElection
2019-09-25 11:08:52,672 [975b33e8-e2cc-4a40-852a-f9fd970783fd@group-3BCC29E616CB:LeaderElection210] INFO  impl.RoleInfo (RoleInfo.java:shutdownLeaderElection(134)) - 975b33e8-e2cc-4a40-852a-f9fd970783fd: shutdown LeaderElection
2019-09-25 11:08:52,672 [2d6a7948-ad77-4bf1-924a-02baaf7fc5b0@group-B69DFD773A05:LeaderElection211] INFO  impl.RoleInfo (RoleInfo.java:shutdownLeaderElection(134)) - 2d6a7948-ad77-4bf1-924a-02baaf7fc5b0: shutdown LeaderElection
2019-09-25 11:08:52,672 [2d6a7948-ad77-4bf1-924a-02baaf7fc5b0@group-966058FDFEE4:LeaderElection212] INFO  impl.RaftServerImpl (RaftServerImpl.java:setRole(174)) - 2d6a7948-ad77-4bf1-924a-02baaf7fc5b0@group-966058FDFEE4: changes role from CANDIDATE to LEADER at term 1 for changeToLeader
2019-09-25 11:08:52,672 [2d6a7948-ad77-4bf1-924a-02baaf7fc5b0@group-2664AD285617:LeaderElection208] INFO  impl.RoleInfo (RoleInfo.java:shutdownLeaderElection(134)) - 2d6a7948-ad77-4bf1-924a-02baaf7fc5b0: shutdown LeaderElection
2019-09-25 11:08:52,672 [d29a58f4-bb42-4b4c-aa2d-f4bca2ff5103@group-3E1872C93BEE-SegmentedRaftLogWorker] INFO  segmented.SegmentedRaftLogWorker (SegmentedRaftLogWorker.java:run(313)) - d29a58f4-bb42-4b4c-aa2d-f4bca2ff5103@group-3E1872C93BEE-SegmentedRaftLogWorker was interrupted, exiting. There are 0 tasks remaining in the queue.
2019-09-25 11:08:52,671 [2d6a7948-ad77-4bf1-924a-02baaf7fc5b0@group-D55D7670FDB7:LeaderElection205] INFO  impl.RoleInfo (RoleInfo.java:updateAndGet(143)) - 2d6a7948-ad77-4bf1-924a-02baaf7fc5b0: start LeaderState
2019-09-25 11:08:52,671 [2d6a7948-ad77-4bf1-924a-02baaf7fc5b0@group-30BD3325E419:LeaderElection204] INFO  impl.RaftServerImpl (ServerState.java:setRaftConf(354)) - 2d6a7948-ad77-4bf1-924a-02baaf7fc5b0@group-30BD3325E419: set configuration 0: [2d6a7948-ad77-4bf1-924a-02baaf7fc5b0:192.168.30.6:36745], old=null at 0
2019-09-25 11:08:52,674 [2d6a7948-ad77-4bf1-924a-02baaf7fc5b0@group-D55D7670FDB7:LeaderElection205] INFO  segmented.SegmentedRaftLogWorker (SegmentedRaftLogWorker.java:startLogSegment(380)) - 2d6a7948-ad77-4bf1-924a-02baaf7fc5b0@group-D55D7670FDB7-SegmentedRaftLogWorker: Starting segment from index:0
2019-09-25 11:08:52,674 [main] INFO  segmented.SegmentedRaftLogWorker (SegmentedRaftLogWorker.java:close(228)) - d29a58f4-bb42-4b4c-aa2d-f4bca2ff5103@group-3E1872C93BEE-SegmentedRaftLogWorker close()
2019-09-25 11:08:52,675 [2d6a7948-ad77-4bf1-924a-02baaf7fc5b0@group-D55D7670FDB7:LeaderElection205] INFO  impl.RaftServerImpl (ServerState.java:setRaftConf(354)) - 2d6a7948-ad77-4bf1-924a-02baaf7fc5b0@group-D55D7670FDB7: set configuration 0: [2d6a7948-ad77-4bf1-924a-02baaf7fc5b0:192.168.30.6:36745], old=null at 0
2019-09-25 11:08:52,674 [2d6a7948-ad77-4bf1-924a-02baaf7fc5b0@group-2664AD285617:LeaderElection208] INFO  impl.RaftServerImpl (RaftServerImpl.java:setRole(174)) - 2d6a7948-ad77-4bf1-924a-02baaf7fc5b0@group-2664AD285617: changes role from CANDIDATE to LEADER at term 1 for changeToLeader
2019-09-25 11:08:52,674 [2d6a7948-ad77-4bf1-924a-02baaf7fc5b0@group-966058FDFEE4:LeaderElection212] INFO  impl.RaftServerImpl (ServerState.java:setLeader(253)) - 2d6a7948-ad77-4bf1-924a-02baaf7fc5b0@group-966058FDFEE4: change Leader from null to 2d6a7948-ad77-4bf1-924a-02baaf7fc5b0 at term 1 for becomeLeader, leader elected after 5591ms
2019-09-25 11:08:52,674 [2d6a7948-ad77-4bf1-924a-02baaf7fc5b0@group-B69DFD773A05:LeaderElection211] INFO  impl.RaftServerImpl (RaftServerImpl.java:setRole(174)) - 2d6a7948-ad77-4bf1-924a-02baaf7fc5b0@group-B69DFD773A05: changes role from CANDIDATE to LEADER at term 1 for changeToLeader
2019-09-25 11:08:52,704 [2d6a7948-ad77-4bf1-924a-02baaf7fc5b0@group-B69DFD773A05:LeaderElection211] INFO  impl.RaftServerImpl (ServerState.java:setLeader(253)) - 2d6a7948-ad77-4bf1-924a-02baaf7fc5b0@group-B69DFD773A05: change Leader from null to 2d6a7948-ad77-4bf1-924a-02baaf7fc5b0 at term 1 for becomeLeader, leader elected after 5544ms
2019-09-25 11:08:52,673 [975b33e8-e2cc-4a40-852a-f9fd970783fd@group-3BCC29E616CB:LeaderElection210] INFO  impl.RaftServerImpl (RaftServerImpl.java:setRole(174)) - 975b33e8-e2cc-4a40-852a-f9fd970783fd@group-3BCC29E616CB: changes role from CANDIDATE to LEADER at term 1 for changeToLeader
2019-09-25 11:08:52,704 [2d6a7948-ad77-4bf1-924a-02baaf7fc5b0@group-B69DFD773A05:LeaderElection211] INFO  server.RaftServerConfigKeys (ConfUtils.java:logGet(43)) - raft.server.staging.catchup.gap = 1000 (default)
2019-09-25 11:08:52,673 [2d6a7948-ad77-4bf1-924a-02baaf7fc5b0@group-758FE320704C:LeaderElection213] INFO  impl.RaftServerImpl (RaftServerImpl.java:setRole(174)) - 2d6a7948-ad77-4bf1-924a-02baaf7fc5b0@group-758FE320704C: changes role from CANDIDATE to LEADER at term 1 for changeToLeader
2019-09-25 11:08:52,673 [975b33e8-e2cc-4a40-852a-f9fd970783fd@group-9BDC0A103475:LeaderElection207] INFO  impl.RaftServerImpl (RaftServerImpl.java:setRole(174)) - 975b33e8-e2cc-4a40-852a-f9fd970783fd@group-9BDC0A103475: changes role from CANDIDATE to LEADER at term 1 for changeToLeader
2019-09-25 11:08:52,673 [975b33e8-e2cc-4a40-852a-f9fd970783fd@group-C4E9EB0A16BD:LeaderElection209] INFO  server.RaftServerConfigKeys (ConfUtils.java:logGet(43)) - raft.server.staging.catchup.gap = 1000 (default)
2019-09-25 11:08:52,704 [975b33e8-e2cc-4a40-852a-f9fd970783fd@group-C4E9EB0A16BD:LeaderElection209] INFO  server.RaftServerConfigKeys (ConfUtils.java:logGet(43)) - raft.server.rpc.sleep.time = 25ms (default)
2019-09-25 11:08:52,673 [ForkJoinPool.commonPool-worker-1] INFO  util.JmxRegister (JmxRegister.java:unregister(73)) - Successfully un-registered JMX Bean with object name Ratis:service=RaftServer,group=group-CC362AFC04EB,id=3f6fc67d-8e3f-4380-bdc7-5834d28b5411
2019-09-25 11:08:52,705 [975b33e8-e2cc-4a40-852a-f9fd970783fd@group-C4E9EB0A16BD:LeaderElection209] INFO  server.RaftServerConfigKeys (ConfUtils.java:logGet(43)) - raft.server.write.element-limit = 4096 (default)
2019-09-25 11:08:52,704 [975b33e8-e2cc-4a40-852a-f9fd970783fd@group-9BDC0A103475:LeaderElection207] INFO  impl.RaftServerImpl (ServerState.java:setLeader(253)) - 975b33e8-e2cc-4a40-852a-f9fd970783fd@group-9BDC0A103475: change Leader from null to 975b33e8-e2cc-4a40-852a-f9fd970783fd at term 1 for becomeLeader, leader elected after 5736ms
2019-09-25 11:08:52,704 [2d6a7948-ad77-4bf1-924a-02baaf7fc5b0@group-758FE320704C:LeaderElection213] INFO  impl.RaftServerImpl (ServerState.java:setLeader(253)) - 2d6a7948-ad77-4bf1-924a-02baaf7fc5b0@group-758FE320704C: change Leader from null to 2d6a7948-ad77-4bf1-924a-02baaf7fc5b0 at term 1 for becomeLeader, leader elected after 5441ms
2019-09-25 11:08:52,704 [2d6a7948-ad77-4bf1-924a-02baaf7fc5b0@group-B69DFD773A05:LeaderElection211] INFO  server.RaftServerConfigKeys (ConfUtils.java:logGet(43)) - raft.server.rpc.sleep.time = 25ms (default)
2019-09-25 11:08:52,704 [975b33e8-e2cc-4a40-852a-f9fd970783fd@group-3BCC29E616CB:LeaderElection210] INFO  impl.RaftServerImpl (ServerState.java:setLeader(253)) - 975b33e8-e2cc-4a40-852a-f9fd970783fd@group-3BCC29E616CB: change Leader from null to 975b33e8-e2cc-4a40-852a-f9fd970783fd at term 1 for becomeLeader, leader elected after 5508ms
2019-09-25 11:08:52,706 [975b33e8-e2cc-4a40-852a-f9fd970783fd@group-3BCC29E616CB:LeaderElection210] INFO  server.RaftServerConfigKeys (ConfUtils.java:logGet(43)) - raft.server.staging.catchup.gap = 1000 (default)
2019-09-25 11:08:52,706 [975b33e8-e2cc-4a40-852a-f9fd970783fd@group-3BCC29E616CB:LeaderElection210] INFO  server.RaftServerConfigKeys (ConfUtils.java:logGet(43)) - raft.server.rpc.sleep.time = 25ms (default)
2019-09-25 11:08:52,703 [2d6a7948-ad77-4bf1-924a-02baaf7fc5b0@group-966058FDFEE4:LeaderElection212] INFO  server.RaftServerConfigKeys (ConfUtils.java:logGet(43)) - raft.server.staging.catchup.gap = 1000 (default)
2019-09-25 11:08:52,703 [2d6a7948-ad77-4bf1-924a-02baaf7fc5b0@group-2664AD285617:LeaderElection208] INFO  impl.RaftServerImpl (ServerState.java:setLeader(253)) - 2d6a7948-ad77-4bf1-924a-02baaf7fc5b0@group-2664AD285617: change Leader from null to 2d6a7948-ad77-4bf1-924a-02baaf7fc5b0 at term 1 for becomeLeader, leader elected after 5481ms
2019-09-25 11:08:52,703 [d29a58f4-bb42-4b4c-aa2d-f4bca2ff5103@group-0B4648CEE00B-SegmentedRaftLogWorker] INFO  segmented.SegmentedRaftLogWorker (SegmentedRaftLogWorker.java:execute(569)) - d29a58f4-bb42-4b4c-aa2d-f4bca2ff5103@group-0B4648CEE00B-SegmentedRaftLogWorker: created new log segment /workdir/hadoop-ozone/integration-test/target/test-dir/MiniOzoneClusterImpl-df822a65-554e-408c-8ca9-c8e2ba24269c/datanode-4/data/ratis/dd7713e1-65e0-4769-b501-0b4648cee00b/current/log_inprogress_0
2019-09-25 11:08:52,702 [main] INFO  impl.RaftServerImpl (RaftServerImpl.java:lambda$shutdown$3(251)) - d29a58f4-bb42-4b4c-aa2d-f4bca2ff5103@group-39C2846B4811: shutdown
2019-09-25 11:08:52,706 [2d6a7948-ad77-4bf1-924a-02baaf7fc5b0@group-2664AD285617:LeaderElection208] INFO  server.RaftServerConfigKeys (ConfUtils.java:logGet(43)) - raft.server.staging.catchup.gap = 1000 (default)
2019-09-25 11:08:52,707 [2d6a7948-ad77-4bf1-924a-02baaf7fc5b0@group-2664AD285617:LeaderElection208] INFO  server.RaftServerConfigKeys (ConfUtils.java:logGet(43)) - raft.server.rpc.sleep.time = 25ms (default)
2019-09-25 11:08:52,706 [2d6a7948-ad77-4bf1-924a-02baaf7fc5b0@group-966058FDFEE4:LeaderElection212] INFO  server.RaftServerConfigKeys (ConfUtils.java:logGet(43)) - raft.server.rpc.sleep.time = 25ms (default)
2019-09-25 11:08:52,706 [975b33e8-e2cc-4a40-852a-f9fd970783fd@group-3BCC29E616CB:LeaderElection210] INFO  server.RaftServerConfigKeys (ConfUtils.java:logGet(43)) - raft.server.write.element-limit = 4096 (default)
2019-09-25 11:08:52,707 [975b33e8-e2cc-4a40-852a-f9fd970783fd@group-3BCC29E616CB:LeaderElection210] INFO  server.RaftServerConfigKeys (ConfUtils.java:logGet(43)) - raft.server.watch.timeout = 10s (default)
2019-09-25 11:08:52,705 [2d6a7948-ad77-4bf1-924a-02baaf7fc5b0@group-B69DFD773A05:LeaderElection211] INFO  server.RaftServerConfigKeys (ConfUtils.java:logGet(43)) - raft.server.write.element-limit = 4096 (default)
2019-09-25 11:08:52,705 [2d6a7948-ad77-4bf1-924a-02baaf7fc5b0@group-758FE320704C:LeaderElection213] INFO  server.RaftServerConfigKeys (ConfUtils.java:logGet(43)) - raft.server.staging.catchup.gap = 1000 (default)
2019-09-25 11:08:52,708 [2d6a7948-ad77-4bf1-924a-02baaf7fc5b0@group-758FE320704C:LeaderElection213] INFO  server.RaftServerConfigKeys (ConfUtils.java:logGet(43)) - raft.server.rpc.sleep.time = 25ms (default)
2019-09-25 11:08:52,705 [975b33e8-e2cc-4a40-852a-f9fd970783fd@group-9BDC0A103475:LeaderElection207] INFO  server.RaftServerConfigKeys (ConfUtils.java:logGet(43)) - raft.server.staging.catchup.gap = 1000 (default)
2019-09-25 11:08:52,705 [975b33e8-e2cc-4a40-852a-f9fd970783fd@group-C4E9EB0A16BD:LeaderElection209] INFO  server.RaftServerConfigKeys (ConfUtils.java:logGet(43)) - raft.server.watch.timeout = 10s (default)
2019-09-25 11:08:52,705 [ForkJoinPool.commonPool-worker-1] INFO  impl.RoleInfo (RoleInfo.java:shutdownLeaderState(104)) - 3f6fc67d-8e3f-4380-bdc7-5834d28b5411: shutdown LeaderState
2019-09-25 11:08:52,708 [975b33e8-e2cc-4a40-852a-f9fd970783fd@group-C4E9EB0A16BD:LeaderElection209] INFO  server.RaftServerConfigKeys (ConfUtils.java:logGet(43)) - raft.server.watch.timeout.denomination = 1s (default)
2019-09-25 11:08:52,709 [975b33e8-e2cc-4a40-852a-f9fd970783fd@group-C4E9EB0A16BD:LeaderElection209] INFO  server.RaftServerConfigKeys (ConfUtils.java:logGet(43)) - raft.server.watch.element-limit = 65536 (default)
2019-09-25 11:08:52,708 [975b33e8-e2cc-4a40-852a-f9fd970783fd@group-9BDC0A103475:LeaderElection207] INFO  server.RaftServerConfigKeys (ConfUtils.java:logGet(43)) - raft.server.rpc.sleep.time = 25ms (default)
2019-09-25 11:08:52,708 [2d6a7948-ad77-4bf1-924a-02baaf7fc5b0@group-758FE320704C:LeaderElection213] INFO  server.RaftServerConfigKeys (ConfUtils.java:logGet(43)) - raft.server.write.element-limit = 4096 (default)
2019-09-25 11:08:52,708 [2d6a7948-ad77-4bf1-924a-02baaf7fc5b0@group-B69DFD773A05:LeaderElection211] INFO  server.RaftServerConfigKeys (ConfUtils.java:logGet(43)) - raft.server.watch.timeout = 10s (default)
2019-09-25 11:08:52,707 [975b33e8-e2cc-4a40-852a-f9fd970783fd@group-3BCC29E616CB:LeaderElection210] INFO  server.RaftServerConfigKeys (ConfUtils.java:logGet(43)) - raft.server.watch.timeout.denomination = 1s (default)
2019-09-25 11:08:52,709 [975b33e8-e2cc-4a40-852a-f9fd970783fd@group-3BCC29E616CB:LeaderElection210] INFO  server.RaftServerConfigKeys (ConfUtils.java:logGet(43)) - raft.server.watch.element-limit = 65536 (default)
2019-09-25 11:08:52,707 [2d6a7948-ad77-4bf1-924a-02baaf7fc5b0@group-966058FDFEE4:LeaderElection212] INFO  server.RaftServerConfigKeys (ConfUtils.java:logGet(43)) - raft.server.write.element-limit = 4096 (default)
2019-09-25 11:08:52,707 [2d6a7948-ad77-4bf1-924a-02baaf7fc5b0@group-2664AD285617:LeaderElection208] INFO  server.RaftServerConfigKeys (ConfUtils.java:logGet(43)) - raft.server.write.element-limit = 4096 (default)
2019-09-25 11:08:52,707 [main] INFO  util.JmxRegister (JmxRegister.java:unregister(73)) - Successfully un-registered JMX Bean with object name Ratis:service=RaftServer,group=group-39C2846B4811,id=d29a58f4-bb42-4b4c-aa2d-f4bca2ff5103
2019-09-25 11:08:52,710 [main] INFO  impl.RoleInfo (RoleInfo.java:shutdownFollowerState(121)) - d29a58f4-bb42-4b4c-aa2d-f4bca2ff5103: shutdown FollowerState
2019-09-25 11:08:52,710 [2d6a7948-ad77-4bf1-924a-02baaf7fc5b0@group-2664AD285617:LeaderElection208] INFO  server.RaftServerConfigKeys (ConfUtils.java:logGet(43)) - raft.server.watch.timeout = 10s (default)
2019-09-25 11:08:52,710 [Thread-2728] INFO  impl.FollowerState (FollowerState.java:run(115)) - d29a58f4-bb42-4b4c-aa2d-f4bca2ff5103: FollowerState was interrupted: java.lang.InterruptedException: sleep interrupted
2019-09-25 11:08:52,710 [2d6a7948-ad77-4bf1-924a-02baaf7fc5b0@group-966058FDFEE4:LeaderElection212] INFO  server.RaftServerConfigKeys (ConfUtils.java:logGet(43)) - raft.server.watch.timeout = 10s (default)
2019-09-25 11:08:52,709 [2d6a7948-ad77-4bf1-924a-02baaf7fc5b0@group-B69DFD773A05:LeaderElection211] INFO  server.RaftServerConfigKeys (ConfUtils.java:logGet(43)) - raft.server.watch.timeout.denomination = 1s (default)
2019-09-25 11:08:52,709 [2d6a7948-ad77-4bf1-924a-02baaf7fc5b0@group-758FE320704C:LeaderElection213] INFO  server.RaftServerConfigKeys (ConfUtils.java:logGet(43)) - raft.server.watch.timeout = 10s (default)
2019-09-25 11:08:52,709 [975b33e8-e2cc-4a40-852a-f9fd970783fd@group-9BDC0A103475:LeaderElection207] INFO  server.RaftServerConfigKeys (ConfUtils.java:logGet(43)) - raft.server.write.element-limit = 4096 (default)
2019-09-25 11:08:52,708 [ForkJoinPool.commonPool-worker-1] INFO  impl.PendingRequests (PendingRequests.java:sendNotLeaderResponses(202)) - 3f6fc67d-8e3f-4380-bdc7-5834d28b5411-PendingRequests: sendNotLeaderResponses
2019-09-25 11:08:52,711 [975b33e8-e2cc-4a40-852a-f9fd970783fd@group-9BDC0A103475:LeaderElection207] INFO  server.RaftServerConfigKeys (ConfUtils.java:logGet(43)) - raft.server.watch.timeout = 10s (default)
2019-09-25 11:08:52,712 [975b33e8-e2cc-4a40-852a-f9fd970783fd@group-3BCC29E616CB:LeaderElection210] INFO  impl.RoleInfo (RoleInfo.java:updateAndGet(143)) - 975b33e8-e2cc-4a40-852a-f9fd970783fd: start LeaderState
2019-09-25 11:08:52,711 [975b33e8-e2cc-4a40-852a-f9fd970783fd@group-C4E9EB0A16BD:LeaderElection209] INFO  impl.RoleInfo (RoleInfo.java:updateAndGet(143)) - 975b33e8-e2cc-4a40-852a-f9fd970783fd: start LeaderState
2019-09-25 11:08:52,712 [975b33e8-e2cc-4a40-852a-f9fd970783fd@group-3BCC29E616CB:LeaderElection210] INFO  segmented.SegmentedRaftLogWorker (SegmentedRaftLogWorker.java:startLogSegment(380)) - 975b33e8-e2cc-4a40-852a-f9fd970783fd@group-3BCC29E616CB-SegmentedRaftLogWorker: Starting segment from index:0
2019-09-25 11:08:52,711 [2d6a7948-ad77-4bf1-924a-02baaf7fc5b0@group-758FE320704C:LeaderElection213] INFO  server.RaftServerConfigKeys (ConfUtils.java:logGet(43)) - raft.server.watch.timeout.denomination = 1s (default)
2019-09-25 11:08:52,711 [2d6a7948-ad77-4bf1-924a-02baaf7fc5b0@group-B69DFD773A05:LeaderElection211] INFO  server.RaftServerConfigKeys (ConfUtils.java:logGet(43)) - raft.server.watch.element-limit = 65536 (default)
2019-09-25 11:08:52,711 [2d6a7948-ad77-4bf1-924a-02baaf7fc5b0@group-966058FDFEE4:LeaderElection212] INFO  server.RaftServerConfigKeys (ConfUtils.java:logGet(43)) - raft.server.watch.timeout.denomination = 1s (default)
2019-09-25 11:08:52,710 [2d6a7948-ad77-4bf1-924a-02baaf7fc5b0@group-2664AD285617:LeaderElection208] INFO  server.RaftServerConfigKeys (ConfUtils.java:logGet(43)) - raft.server.watch.timeout.denomination = 1s (default)
2019-09-25 11:08:52,710 [main] INFO  impl.StateMachineUpdater (StateMachineUpdater.java:stopAndJoin(125)) - d29a58f4-bb42-4b4c-aa2d-f4bca2ff5103@group-39C2846B4811-StateMachineUpdater: set stopIndex = -1
2019-09-25 11:08:52,713 [main] INFO  impl.RaftServerImpl (ServerState.java:close(385)) - d29a58f4-bb42-4b4c-aa2d-f4bca2ff5103@group-39C2846B4811: closes. applyIndex: -1
2019-09-25 11:08:52,713 [2d6a7948-ad77-4bf1-924a-02baaf7fc5b0@group-2664AD285617:LeaderElection208] INFO  server.RaftServerConfigKeys (ConfUtils.java:logGet(43)) - raft.server.watch.element-limit = 65536 (default)
2019-09-25 11:08:52,713 [2d6a7948-ad77-4bf1-924a-02baaf7fc5b0@group-966058FDFEE4:LeaderElection212] INFO  server.RaftServerConfigKeys (ConfUtils.java:logGet(43)) - raft.server.watch.element-limit = 65536 (default)
2019-09-25 11:08:52,712 [975b33e8-e2cc-4a40-852a-f9fd970783fd@group-3BCC29E616CB:LeaderElection210] INFO  impl.RaftServerImpl (ServerState.java:setRaftConf(354)) - 975b33e8-e2cc-4a40-852a-f9fd970783fd@group-3BCC29E616CB: set configuration 0: [975b33e8-e2cc-4a40-852a-f9fd970783fd:192.168.30.6:37792], old=null at 0
2019-09-25 11:08:52,712 [2d6a7948-ad77-4bf1-924a-02baaf7fc5b0@group-758FE320704C:LeaderElection213] INFO  server.RaftServerConfigKeys (ConfUtils.java:logGet(43)) - raft.server.watch.element-limit = 65536 (default)
2019-09-25 11:08:52,712 [975b33e8-e2cc-4a40-852a-f9fd970783fd@group-C4E9EB0A16BD:LeaderElection209] INFO  segmented.SegmentedRaftLogWorker (SegmentedRaftLogWorker.java:startLogSegment(380)) - 975b33e8-e2cc-4a40-852a-f9fd970783fd@group-C4E9EB0A16BD-SegmentedRaftLogWorker: Starting segment from index:0
2019-09-25 11:08:52,712 [975b33e8-e2cc-4a40-852a-f9fd970783fd@group-9BDC0A103475:LeaderElection207] INFO  server.RaftServerConfigKeys (ConfUtils.java:logGet(43)) - raft.server.watch.timeout.denomination = 1s (default)
2019-09-25 11:08:52,712 [ForkJoinPool.commonPool-worker-1] INFO  impl.StateMachineUpdater (StateMachineUpdater.java:stopAndJoin(125)) - 3f6fc67d-8e3f-4380-bdc7-5834d28b5411@group-CC362AFC04EB-StateMachineUpdater: set stopIndex = 0
2019-09-25 11:08:52,715 [975b33e8-e2cc-4a40-852a-f9fd970783fd@group-C4E9EB0A16BD:LeaderElection209] INFO  impl.RaftServerImpl (ServerState.java:setRaftConf(354)) - 975b33e8-e2cc-4a40-852a-f9fd970783fd@group-C4E9EB0A16BD: set configuration 0: [975b33e8-e2cc-4a40-852a-f9fd970783fd:192.168.30.6:37792], old=null at 0
2019-09-25 11:08:52,715 [975b33e8-e2cc-4a40-852a-f9fd970783fd@group-9BDC0A103475:LeaderElection207] INFO  server.RaftServerConfigKeys (ConfUtils.java:logGet(43)) - raft.server.watch.element-limit = 65536 (default)
2019-09-25 11:08:52,714 [2d6a7948-ad77-4bf1-924a-02baaf7fc5b0@group-B69DFD773A05:LeaderElection211] INFO  impl.RoleInfo (RoleInfo.java:updateAndGet(143)) - 2d6a7948-ad77-4bf1-924a-02baaf7fc5b0: start LeaderState
2019-09-25 11:08:52,714 [d29a58f4-bb42-4b4c-aa2d-f4bca2ff5103@group-39C2846B4811-SegmentedRaftLogWorker] INFO  segmented.SegmentedRaftLogWorker (SegmentedRaftLogWorker.java:run(313)) - d29a58f4-bb42-4b4c-aa2d-f4bca2ff5103@group-39C2846B4811-SegmentedRaftLogWorker was interrupted, exiting. There are 0 tasks remaining in the queue.
2019-09-25 11:08:52,716 [2d6a7948-ad77-4bf1-924a-02baaf7fc5b0@group-B69DFD773A05:LeaderElection211] INFO  segmented.SegmentedRaftLogWorker (SegmentedRaftLogWorker.java:startLogSegment(380)) - 2d6a7948-ad77-4bf1-924a-02baaf7fc5b0@group-B69DFD773A05-SegmentedRaftLogWorker: Starting segment from index:0
2019-09-25 11:08:52,716 [2d6a7948-ad77-4bf1-924a-02baaf7fc5b0@group-30BD3325E419-SegmentedRaftLogWorker] INFO  segmented.SegmentedRaftLogWorker (SegmentedRaftLogWorker.java:execute(569)) - 2d6a7948-ad77-4bf1-924a-02baaf7fc5b0@group-30BD3325E419-SegmentedRaftLogWorker: created new log segment /workdir/hadoop-ozone/integration-test/target/test-dir/MiniOzoneClusterImpl-df822a65-554e-408c-8ca9-c8e2ba24269c/datanode-6/data/ratis/18846414-13d3-4504-9fa4-30bd3325e419/current/log_inprogress_0
2019-09-25 11:08:52,715 [ForkJoinPool.commonPool-worker-1] INFO  impl.RaftServerImpl (ServerState.java:close(385)) - 3f6fc67d-8e3f-4380-bdc7-5834d28b5411@group-CC362AFC04EB: closes. applyIndex: 0
2019-09-25 11:08:52,716 [2d6a7948-ad77-4bf1-924a-02baaf7fc5b0@group-B69DFD773A05:LeaderElection211] INFO  impl.RaftServerImpl (ServerState.java:setRaftConf(354)) - 2d6a7948-ad77-4bf1-924a-02baaf7fc5b0@group-B69DFD773A05: set configuration 0: [2d6a7948-ad77-4bf1-924a-02baaf7fc5b0:192.168.30.6:36745], old=null at 0
2019-09-25 11:08:52,717 [3f6fc67d-8e3f-4380-bdc7-5834d28b5411@group-CC362AFC04EB-SegmentedRaftLogWorker] INFO  segmented.SegmentedRaftLogWorker (SegmentedRaftLogWorker.java:run(313)) - 3f6fc67d-8e3f-4380-bdc7-5834d28b5411@group-CC362AFC04EB-SegmentedRaftLogWorker was interrupted, exiting. There are 0 tasks remaining in the queue.
2019-09-25 11:08:52,716 [main] INFO  segmented.SegmentedRaftLogWorker (SegmentedRaftLogWorker.java:close(228)) - d29a58f4-bb42-4b4c-aa2d-f4bca2ff5103@group-39C2846B4811-SegmentedRaftLogWorker close()
2019-09-25 11:08:52,756 [ForkJoinPool.commonPool-worker-1] INFO  segmented.SegmentedRaftLogWorker (SegmentedRaftLogWorker.java:close(228)) - 3f6fc67d-8e3f-4380-bdc7-5834d28b5411@group-CC362AFC04EB-SegmentedRaftLogWorker close()
2019-09-25 11:08:52,762 [main] INFO  impl.RaftServerImpl (RaftServerImpl.java:lambda$shutdown$3(251)) - d29a58f4-bb42-4b4c-aa2d-f4bca2ff5103@group-0B4648CEE00B: shutdown
2019-09-25 11:08:52,766 [ForkJoinPool.commonPool-worker-1] INFO  impl.RaftServerImpl (RaftServerImpl.java:lambda$shutdown$3(251)) - 3f6fc67d-8e3f-4380-bdc7-5834d28b5411@group-F8BC442F7217: shutdown
2019-09-25 11:08:52,767 [main] INFO  util.JmxRegister (JmxRegister.java:unregister(73)) - Successfully un-registered JMX Bean with object name Ratis:service=RaftServer,group=group-0B4648CEE00B,id=d29a58f4-bb42-4b4c-aa2d-f4bca2ff5103
2019-09-25 11:08:52,767 [ForkJoinPool.commonPool-worker-1] INFO  util.JmxRegister (JmxRegister.java:unregister(73)) - Successfully un-registered JMX Bean with object name Ratis:service=RaftServer,group=group-F8BC442F7217,id=3f6fc67d-8e3f-4380-bdc7-5834d28b5411
2019-09-25 11:08:52,767 [main] INFO  impl.RoleInfo (RoleInfo.java:shutdownLeaderState(104)) - d29a58f4-bb42-4b4c-aa2d-f4bca2ff5103: shutdown LeaderState
2019-09-25 11:08:52,768 [ForkJoinPool.commonPool-worker-1] INFO  impl.RoleInfo (RoleInfo.java:shutdownLeaderState(104)) - 3f6fc67d-8e3f-4380-bdc7-5834d28b5411: shutdown LeaderState
2019-09-25 11:08:52,768 [main] INFO  impl.PendingRequests (PendingRequests.java:sendNotLeaderResponses(202)) - d29a58f4-bb42-4b4c-aa2d-f4bca2ff5103-PendingRequests: sendNotLeaderResponses
2019-09-25 11:08:52,768 [2d6a7948-ad77-4bf1-924a-02baaf7fc5b0@group-2664AD285617:LeaderElection208] INFO  impl.RoleInfo (RoleInfo.java:updateAndGet(143)) - 2d6a7948-ad77-4bf1-924a-02baaf7fc5b0: start LeaderState
2019-09-25 11:08:52,768 [ForkJoinPool.commonPool-worker-1] INFO  impl.PendingRequests (PendingRequests.java:sendNotLeaderResponses(202)) - 3f6fc67d-8e3f-4380-bdc7-5834d28b5411-PendingRequests: sendNotLeaderResponses
2019-09-25 11:08:52,769 [2d6a7948-ad77-4bf1-924a-02baaf7fc5b0@group-2664AD285617:LeaderElection208] INFO  segmented.SegmentedRaftLogWorker (SegmentedRaftLogWorker.java:startLogSegment(380)) - 2d6a7948-ad77-4bf1-924a-02baaf7fc5b0@group-2664AD285617-SegmentedRaftLogWorker: Starting segment from index:0
2019-09-25 11:08:52,769 [main] INFO  impl.StateMachineUpdater (StateMachineUpdater.java:stopAndJoin(125)) - d29a58f4-bb42-4b4c-aa2d-f4bca2ff5103@group-0B4648CEE00B-StateMachineUpdater: set stopIndex = 0
2019-09-25 11:08:52,769 [2d6a7948-ad77-4bf1-924a-02baaf7fc5b0@group-758FE320704C:LeaderElection213] INFO  impl.RoleInfo (RoleInfo.java:updateAndGet(143)) - 2d6a7948-ad77-4bf1-924a-02baaf7fc5b0: start LeaderState
2019-09-25 11:08:52,769 [2d6a7948-ad77-4bf1-924a-02baaf7fc5b0@group-2664AD285617:LeaderElection208] INFO  impl.RaftServerImpl (ServerState.java:setRaftConf(354)) - 2d6a7948-ad77-4bf1-924a-02baaf7fc5b0@group-2664AD285617: set configuration 0: [2d6a7948-ad77-4bf1-924a-02baaf7fc5b0:192.168.30.6:36745], old=null at 0
2019-09-25 11:08:52,769 [2d6a7948-ad77-4bf1-924a-02baaf7fc5b0@group-966058FDFEE4:LeaderElection212] INFO  impl.RoleInfo (RoleInfo.java:updateAndGet(143)) - 2d6a7948-ad77-4bf1-924a-02baaf7fc5b0: start LeaderState
2019-09-25 11:08:52,769 [ForkJoinPool.commonPool-worker-1] INFO  impl.StateMachineUpdater (StateMachineUpdater.java:stopAndJoin(125)) - 3f6fc67d-8e3f-4380-bdc7-5834d28b5411@group-F8BC442F7217-StateMachineUpdater: set stopIndex = 0
2019-09-25 11:08:52,770 [2d6a7948-ad77-4bf1-924a-02baaf7fc5b0@group-966058FDFEE4:LeaderElection212] INFO  segmented.SegmentedRaftLogWorker (SegmentedRaftLogWorker.java:startLogSegment(380)) - 2d6a7948-ad77-4bf1-924a-02baaf7fc5b0@group-966058FDFEE4-SegmentedRaftLogWorker: Starting segment from index:0
2019-09-25 11:08:52,770 [2d6a7948-ad77-4bf1-924a-02baaf7fc5b0@group-758FE320704C:LeaderElection213] INFO  segmented.SegmentedRaftLogWorker (SegmentedRaftLogWorker.java:startLogSegment(380)) - 2d6a7948-ad77-4bf1-924a-02baaf7fc5b0@group-758FE320704C-SegmentedRaftLogWorker: Starting segment from index:0
2019-09-25 11:08:52,770 [2d6a7948-ad77-4bf1-924a-02baaf7fc5b0@group-B69DFD773A05-SegmentedRaftLogWorker] INFO  segmented.SegmentedRaftLogWorker (SegmentedRaftLogWorker.java:execute(569)) - 2d6a7948-ad77-4bf1-924a-02baaf7fc5b0@group-B69DFD773A05-SegmentedRaftLogWorker: created new log segment /workdir/hadoop-ozone/integration-test/target/test-dir/MiniOzoneClusterImpl-df822a65-554e-408c-8ca9-c8e2ba24269c/datanode-6/data/ratis/0e757803-aeda-43ca-a854-b69dfd773a05/current/log_inprogress_0
2019-09-25 11:08:52,771 [2d6a7948-ad77-4bf1-924a-02baaf7fc5b0@group-966058FDFEE4:LeaderElection212] INFO  impl.RaftServerImpl (ServerState.java:setRaftConf(354)) - 2d6a7948-ad77-4bf1-924a-02baaf7fc5b0@group-966058FDFEE4: set configuration 0: [2d6a7948-ad77-4bf1-924a-02baaf7fc5b0:192.168.30.6:36745], old=null at 0
2019-09-25 11:08:52,771 [2d6a7948-ad77-4bf1-924a-02baaf7fc5b0@group-758FE320704C:LeaderElection213] INFO  impl.RaftServerImpl (ServerState.java:setRaftConf(354)) - 2d6a7948-ad77-4bf1-924a-02baaf7fc5b0@group-758FE320704C: set configuration 0: [2d6a7948-ad77-4bf1-924a-02baaf7fc5b0:192.168.30.6:36745], old=null at 0
2019-09-25 11:08:52,770 [2d6a7948-ad77-4bf1-924a-02baaf7fc5b0@group-D55D7670FDB7-SegmentedRaftLogWorker] INFO  segmented.SegmentedRaftLogWorker (SegmentedRaftLogWorker.java:execute(569)) - 2d6a7948-ad77-4bf1-924a-02baaf7fc5b0@group-D55D7670FDB7-SegmentedRaftLogWorker: created new log segment /workdir/hadoop-ozone/integration-test/target/test-dir/MiniOzoneClusterImpl-df822a65-554e-408c-8ca9-c8e2ba24269c/datanode-6/data/ratis/fb07e1ed-984c-44c0-86f1-d55d7670fdb7/current/log_inprogress_0
2019-09-25 11:08:52,770 [975b33e8-e2cc-4a40-852a-f9fd970783fd@group-C4E9EB0A16BD-SegmentedRaftLogWorker] INFO  segmented.SegmentedRaftLogWorker (SegmentedRaftLogWorker.java:execute(569)) - 975b33e8-e2cc-4a40-852a-f9fd970783fd@group-C4E9EB0A16BD-SegmentedRaftLogWorker: created new log segment /workdir/hadoop-ozone/integration-test/target/test-dir/MiniOzoneClusterImpl-df822a65-554e-408c-8ca9-c8e2ba24269c/datanode-5/data/ratis/109a9015-c0d8-4e8e-a20f-c4e9eb0a16bd/current/log_inprogress_0
2019-09-25 11:08:52,770 [975b33e8-e2cc-4a40-852a-f9fd970783fd@group-3BCC29E616CB-SegmentedRaftLogWorker] INFO  segmented.SegmentedRaftLogWorker (SegmentedRaftLogWorker.java:execute(569)) - 975b33e8-e2cc-4a40-852a-f9fd970783fd@group-3BCC29E616CB-SegmentedRaftLogWorker: created new log segment /workdir/hadoop-ozone/integration-test/target/test-dir/MiniOzoneClusterImpl-df822a65-554e-408c-8ca9-c8e2ba24269c/datanode-5/data/ratis/8780e44c-ad94-4a66-9ea6-3bcc29e616cb/current/log_inprogress_0
2019-09-25 11:08:52,770 [975b33e8-e2cc-4a40-852a-f9fd970783fd@group-9BDC0A103475:LeaderElection207] INFO  impl.RoleInfo (RoleInfo.java:updateAndGet(143)) - 975b33e8-e2cc-4a40-852a-f9fd970783fd: start LeaderState
2019-09-25 11:08:52,770 [main] INFO  impl.RaftServerImpl (ServerState.java:close(385)) - d29a58f4-bb42-4b4c-aa2d-f4bca2ff5103@group-0B4648CEE00B: closes. applyIndex: 0
2019-09-25 11:08:52,772 [975b33e8-e2cc-4a40-852a-f9fd970783fd@group-9BDC0A103475:LeaderElection207] INFO  segmented.SegmentedRaftLogWorker (SegmentedRaftLogWorker.java:startLogSegment(380)) - 975b33e8-e2cc-4a40-852a-f9fd970783fd@group-9BDC0A103475-SegmentedRaftLogWorker: Starting segment from index:0
2019-09-25 11:08:52,770 [ForkJoinPool.commonPool-worker-1] INFO  impl.RaftServerImpl (ServerState.java:close(385)) - 3f6fc67d-8e3f-4380-bdc7-5834d28b5411@group-F8BC442F7217: closes. applyIndex: 0
2019-09-25 11:08:52,772 [d29a58f4-bb42-4b4c-aa2d-f4bca2ff5103@group-0B4648CEE00B-SegmentedRaftLogWorker] INFO  segmented.SegmentedRaftLogWorker (SegmentedRaftLogWorker.java:run(313)) - d29a58f4-bb42-4b4c-aa2d-f4bca2ff5103@group-0B4648CEE00B-SegmentedRaftLogWorker was interrupted, exiting. There are 0 tasks remaining in the queue.
2019-09-25 11:08:52,772 [3f6fc67d-8e3f-4380-bdc7-5834d28b5411@group-F8BC442F7217-SegmentedRaftLogWorker] INFO  segmented.SegmentedRaftLogWorker (SegmentedRaftLogWorker.java:run(313)) - 3f6fc67d-8e3f-4380-bdc7-5834d28b5411@group-F8BC442F7217-SegmentedRaftLogWorker was interrupted, exiting. There are 0 tasks remaining in the queue.
2019-09-25 11:08:52,772 [975b33e8-e2cc-4a40-852a-f9fd970783fd@group-9BDC0A103475:LeaderElection207] INFO  impl.RaftServerImpl (ServerState.java:setRaftConf(354)) - 975b33e8-e2cc-4a40-852a-f9fd970783fd@group-9BDC0A103475: set configuration 0: [975b33e8-e2cc-4a40-852a-f9fd970783fd:192.168.30.6:37792], old=null at 0
2019-09-25 11:08:52,811 [ForkJoinPool.commonPool-worker-1] INFO  segmented.SegmentedRaftLogWorker (SegmentedRaftLogWorker.java:close(228)) - 3f6fc67d-8e3f-4380-bdc7-5834d28b5411@group-F8BC442F7217-SegmentedRaftLogWorker close()
2019-09-25 11:08:52,808 [main] INFO  segmented.SegmentedRaftLogWorker (SegmentedRaftLogWorker.java:close(228)) - d29a58f4-bb42-4b4c-aa2d-f4bca2ff5103@group-0B4648CEE00B-SegmentedRaftLogWorker close()
2019-09-25 11:08:52,816 [ForkJoinPool.commonPool-worker-1] INFO  impl.RaftServerImpl (RaftServerImpl.java:lambda$shutdown$3(251)) - 3f6fc67d-8e3f-4380-bdc7-5834d28b5411@group-3192B27536F9: shutdown
2019-09-25 11:08:52,820 [main] INFO  server.GrpcService (GrpcService.java:closeImpl(164)) - d29a58f4-bb42-4b4c-aa2d-f4bca2ff5103: shutdown server with port 32888 now
2019-09-25 11:08:52,820 [ForkJoinPool.commonPool-worker-1] INFO  util.JmxRegister (JmxRegister.java:unregister(73)) - Successfully un-registered JMX Bean with object name Ratis:service=RaftServer,group=group-3192B27536F9,id=3f6fc67d-8e3f-4380-bdc7-5834d28b5411
2019-09-25 11:08:52,822 [main] INFO  server.GrpcService (GrpcService.java:closeImpl(172)) - d29a58f4-bb42-4b4c-aa2d-f4bca2ff5103: shutdown server with port 32888 successfully
2019-09-25 11:08:52,823 [ForkJoinPool.commonPool-worker-1] INFO  impl.RoleInfo (RoleInfo.java:shutdownLeaderState(104)) - 3f6fc67d-8e3f-4380-bdc7-5834d28b5411: shutdown LeaderState
2019-09-25 11:08:52,823 [ForkJoinPool.commonPool-worker-1] INFO  impl.PendingRequests (PendingRequests.java:sendNotLeaderResponses(202)) - 3f6fc67d-8e3f-4380-bdc7-5834d28b5411-PendingRequests: sendNotLeaderResponses
2019-09-25 11:08:52,824 [ForkJoinPool.commonPool-worker-1] INFO  impl.StateMachineUpdater (StateMachineUpdater.java:stopAndJoin(125)) - 3f6fc67d-8e3f-4380-bdc7-5834d28b5411@group-3192B27536F9-StateMachineUpdater: set stopIndex = 0
2019-09-25 11:08:52,824 [refreshUsed-/workdir/hadoop-ozone/integration-test/target/test-dir/MiniOzoneClusterImpl-df822a65-554e-408c-8ca9-c8e2ba24269c/datanode-4/data/containers] WARN  fs.CachingGetSpaceUsed (CachingGetSpaceUsed.java:run(183)) - Thread Interrupted waiting to refresh disk information: sleep interrupted
2019-09-25 11:08:52,824 [ForkJoinPool.commonPool-worker-1] INFO  impl.RaftServerImpl (ServerState.java:close(385)) - 3f6fc67d-8e3f-4380-bdc7-5834d28b5411@group-3192B27536F9: closes. applyIndex: 0
2019-09-25 11:08:52,824 [3f6fc67d-8e3f-4380-bdc7-5834d28b5411@group-3192B27536F9-SegmentedRaftLogWorker] INFO  segmented.SegmentedRaftLogWorker (SegmentedRaftLogWorker.java:run(313)) - 3f6fc67d-8e3f-4380-bdc7-5834d28b5411@group-3192B27536F9-SegmentedRaftLogWorker was interrupted, exiting. There are 0 tasks remaining in the queue.
2019-09-25 11:08:52,827 [ForkJoinPool.commonPool-worker-1] INFO  segmented.SegmentedRaftLogWorker (SegmentedRaftLogWorker.java:close(228)) - 3f6fc67d-8e3f-4380-bdc7-5834d28b5411@group-3192B27536F9-SegmentedRaftLogWorker close()
2019-09-25 11:08:52,831 [ForkJoinPool.commonPool-worker-1] INFO  impl.RaftServerImpl (RaftServerImpl.java:lambda$shutdown$3(251)) - 3f6fc67d-8e3f-4380-bdc7-5834d28b5411@group-A36DE1F55DC3: shutdown
2019-09-25 11:08:52,832 [ForkJoinPool.commonPool-worker-1] INFO  util.JmxRegister (JmxRegister.java:unregister(73)) - Successfully un-registered JMX Bean with object name Ratis:service=RaftServer,group=group-A36DE1F55DC3,id=3f6fc67d-8e3f-4380-bdc7-5834d28b5411
2019-09-25 11:08:52,832 [ForkJoinPool.commonPool-worker-1] INFO  impl.RoleInfo (RoleInfo.java:shutdownLeaderState(104)) - 3f6fc67d-8e3f-4380-bdc7-5834d28b5411: shutdown LeaderState
2019-09-25 11:08:52,833 [2d6a7948-ad77-4bf1-924a-02baaf7fc5b0@group-758FE320704C-SegmentedRaftLogWorker] INFO  segmented.SegmentedRaftLogWorker (SegmentedRaftLogWorker.java:execute(569)) - 2d6a7948-ad77-4bf1-924a-02baaf7fc5b0@group-758FE320704C-SegmentedRaftLogWorker: created new log segment /workdir/hadoop-ozone/integration-test/target/test-dir/MiniOzoneClusterImpl-df822a65-554e-408c-8ca9-c8e2ba24269c/datanode-6/data/ratis/20a970ce-7acc-4e5f-b77b-758fe320704c/current/log_inprogress_0
2019-09-25 11:08:52,833 [2d6a7948-ad77-4bf1-924a-02baaf7fc5b0@group-2664AD285617-SegmentedRaftLogWorker] INFO  segmented.SegmentedRaftLogWorker (SegmentedRaftLogWorker.java:execute(569)) - 2d6a7948-ad77-4bf1-924a-02baaf7fc5b0@group-2664AD285617-SegmentedRaftLogWorker: created new log segment /workdir/hadoop-ozone/integration-test/target/test-dir/MiniOzoneClusterImpl-df822a65-554e-408c-8ca9-c8e2ba24269c/datanode-6/data/ratis/dff78e69-0399-4d77-b32d-2664ad285617/current/log_inprogress_0
2019-09-25 11:08:52,833 [975b33e8-e2cc-4a40-852a-f9fd970783fd@group-9BDC0A103475-SegmentedRaftLogWorker] INFO  segmented.SegmentedRaftLogWorker (SegmentedRaftLogWorker.java:execute(569)) - 975b33e8-e2cc-4a40-852a-f9fd970783fd@group-9BDC0A103475-SegmentedRaftLogWorker: created new log segment /workdir/hadoop-ozone/integration-test/target/test-dir/MiniOzoneClusterImpl-df822a65-554e-408c-8ca9-c8e2ba24269c/datanode-5/data/ratis/06dd2815-6012-46ba-9e62-9bdc0a103475/current/log_inprogress_0
2019-09-25 11:08:52,833 [2d6a7948-ad77-4bf1-924a-02baaf7fc5b0@group-966058FDFEE4-SegmentedRaftLogWorker] INFO  segmented.SegmentedRaftLogWorker (SegmentedRaftLogWorker.java:execute(569)) - 2d6a7948-ad77-4bf1-924a-02baaf7fc5b0@group-966058FDFEE4-SegmentedRaftLogWorker: created new log segment /workdir/hadoop-ozone/integration-test/target/test-dir/MiniOzoneClusterImpl-df822a65-554e-408c-8ca9-c8e2ba24269c/datanode-6/data/ratis/28c68306-d575-494a-b7f1-966058fdfee4/current/log_inprogress_0
2019-09-25 11:08:52,833 [ForkJoinPool.commonPool-worker-1] INFO  impl.PendingRequests (PendingRequests.java:sendNotLeaderResponses(202)) - 3f6fc67d-8e3f-4380-bdc7-5834d28b5411-PendingRequests: sendNotLeaderResponses
2019-09-25 11:08:52,834 [ForkJoinPool.commonPool-worker-1] INFO  impl.StateMachineUpdater (StateMachineUpdater.java:stopAndJoin(125)) - 3f6fc67d-8e3f-4380-bdc7-5834d28b5411@group-A36DE1F55DC3-StateMachineUpdater: set stopIndex = 0
2019-09-25 11:08:52,834 [ForkJoinPool.commonPool-worker-1] INFO  impl.RaftServerImpl (ServerState.java:close(385)) - 3f6fc67d-8e3f-4380-bdc7-5834d28b5411@group-A36DE1F55DC3: closes. applyIndex: 0
2019-09-25 11:08:52,835 [3f6fc67d-8e3f-4380-bdc7-5834d28b5411@group-A36DE1F55DC3-SegmentedRaftLogWorker] INFO  segmented.SegmentedRaftLogWorker (SegmentedRaftLogWorker.java:run(313)) - 3f6fc67d-8e3f-4380-bdc7-5834d28b5411@group-A36DE1F55DC3-SegmentedRaftLogWorker was interrupted, exiting. There are 0 tasks remaining in the queue.
2019-09-25 11:08:52,837 [ForkJoinPool.commonPool-worker-1] INFO  segmented.SegmentedRaftLogWorker (SegmentedRaftLogWorker.java:close(228)) - 3f6fc67d-8e3f-4380-bdc7-5834d28b5411@group-A36DE1F55DC3-SegmentedRaftLogWorker close()
2019-09-25 11:08:52,841 [ForkJoinPool.commonPool-worker-1] INFO  impl.RaftServerImpl (RaftServerImpl.java:lambda$shutdown$3(251)) - 3f6fc67d-8e3f-4380-bdc7-5834d28b5411@group-F0713188CE3A: shutdown
2019-09-25 11:08:52,841 [ForkJoinPool.commonPool-worker-1] INFO  util.JmxRegister (JmxRegister.java:unregister(73)) - Successfully un-registered JMX Bean with object name Ratis:service=RaftServer,group=group-F0713188CE3A,id=3f6fc67d-8e3f-4380-bdc7-5834d28b5411
2019-09-25 11:08:52,841 [ForkJoinPool.commonPool-worker-1] INFO  impl.RoleInfo (RoleInfo.java:shutdownLeaderState(104)) - 3f6fc67d-8e3f-4380-bdc7-5834d28b5411: shutdown LeaderState
2019-09-25 11:08:52,841 [ForkJoinPool.commonPool-worker-1] INFO  impl.PendingRequests (PendingRequests.java:sendNotLeaderResponses(202)) - 3f6fc67d-8e3f-4380-bdc7-5834d28b5411-PendingRequests: sendNotLeaderResponses
2019-09-25 11:08:52,841 [ForkJoinPool.commonPool-worker-1] INFO  impl.StateMachineUpdater (StateMachineUpdater.java:stopAndJoin(125)) - 3f6fc67d-8e3f-4380-bdc7-5834d28b5411@group-F0713188CE3A-StateMachineUpdater: set stopIndex = 0
2019-09-25 11:08:52,841 [ForkJoinPool.commonPool-worker-1] INFO  impl.RaftServerImpl (ServerState.java:close(385)) - 3f6fc67d-8e3f-4380-bdc7-5834d28b5411@group-F0713188CE3A: closes. applyIndex: 0
2019-09-25 11:08:52,842 [3f6fc67d-8e3f-4380-bdc7-5834d28b5411@group-F0713188CE3A-SegmentedRaftLogWorker] INFO  segmented.SegmentedRaftLogWorker (SegmentedRaftLogWorker.java:run(313)) - 3f6fc67d-8e3f-4380-bdc7-5834d28b5411@group-F0713188CE3A-SegmentedRaftLogWorker was interrupted, exiting. There are 0 tasks remaining in the queue.
2019-09-25 11:08:52,844 [ForkJoinPool.commonPool-worker-1] INFO  segmented.SegmentedRaftLogWorker (SegmentedRaftLogWorker.java:close(228)) - 3f6fc67d-8e3f-4380-bdc7-5834d28b5411@group-F0713188CE3A-SegmentedRaftLogWorker close()
2019-09-25 11:08:52,848 [ForkJoinPool.commonPool-worker-1] INFO  server.GrpcService (GrpcService.java:closeImpl(164)) - 3f6fc67d-8e3f-4380-bdc7-5834d28b5411: shutdown server with port 38729 now
2019-09-25 11:08:52,850 [ForkJoinPool.commonPool-worker-1] INFO  server.GrpcService (GrpcService.java:closeImpl(172)) - 3f6fc67d-8e3f-4380-bdc7-5834d28b5411: shutdown server with port 38729 successfully
2019-09-25 11:08:52,851 [refreshUsed-/workdir/hadoop-ozone/integration-test/target/test-dir/MiniOzoneClusterImpl-df822a65-554e-408c-8ca9-c8e2ba24269c/datanode-1/data/containers] WARN  fs.CachingGetSpaceUsed (CachingGetSpaceUsed.java:run(183)) - Thread Interrupted waiting to refresh disk information: sleep interrupted
2019-09-25 11:08:52,859 [main] INFO  utils.BackgroundService (BackgroundService.java:shutdown(148)) - Shutting down service BlockDeletingService
2019-09-25 11:08:52,866 [main] INFO  statemachine.DatanodeStateMachine (DatanodeStateMachine.java:stopDaemon(395)) - Ozone container server stopped.
2019-09-25 11:08:52,866 [main] INFO  handler.ContextHandler (ContextHandler.java:doStop(910)) - Stopped o.e.j.w.WebAppContext@6aff97d6{/,null,UNAVAILABLE}{/hddsDatanode}
2019-09-25 11:08:52,867 [main] INFO  server.AbstractConnector (AbstractConnector.java:doStop(318)) - Stopped ServerConnector@1d60059f{HTTP/1.1,[http/1.1]}{0.0.0.0:0}
2019-09-25 11:08:52,867 [main] INFO  handler.ContextHandler (ContextHandler.java:doStop(910)) - Stopped o.e.j.s.ServletContextHandler@2d70f312{/static,jar:file:/home/user/.m2/repository/org/apache/hadoop/hadoop-hdds-container-service/0.5.0-SNAPSHOT/hadoop-hdds-container-service-0.5.0-SNAPSHOT.jar!/webapps/static,UNAVAILABLE}
2019-09-25 11:08:52,867 [main] INFO  handler.ContextHandler (ContextHandler.java:doStop(910)) - Stopped o.e.j.s.ServletContextHandler@2f15a964{/logs,file:///workdir/hadoop-ozone/integration-test/target/log,UNAVAILABLE}
2019-09-25 11:08:52,868 [ForkJoinPool.commonPool-worker-1] INFO  utils.BackgroundService (BackgroundService.java:shutdown(148)) - Shutting down service BlockDeletingService
2019-09-25 11:08:52,874 [ForkJoinPool.commonPool-worker-1] INFO  statemachine.DatanodeStateMachine (DatanodeStateMachine.java:stopDaemon(395)) - Ozone container server stopped.
2019-09-25 11:08:52,879 [ForkJoinPool.commonPool-worker-1] INFO  handler.ContextHandler (ContextHandler.java:doStop(910)) - Stopped o.e.j.w.WebAppContext@3be3e76c{/,null,UNAVAILABLE}{/hddsDatanode}
2019-09-25 11:08:52,880 [ForkJoinPool.commonPool-worker-1] INFO  server.AbstractConnector (AbstractConnector.java:doStop(318)) - Stopped ServerConnector@6c07ad6b{HTTP/1.1,[http/1.1]}{0.0.0.0:0}
2019-09-25 11:08:52,882 [ForkJoinPool.commonPool-worker-1] INFO  handler.ContextHandler (ContextHandler.java:doStop(910)) - Stopped o.e.j.s.ServletContextHandler@39f0c343{/static,jar:file:/home/user/.m2/repository/org/apache/hadoop/hadoop-hdds-container-service/0.5.0-SNAPSHOT/hadoop-hdds-container-service-0.5.0-SNAPSHOT.jar!/webapps/static,UNAVAILABLE}
2019-09-25 11:08:52,884 [ForkJoinPool.commonPool-worker-1] INFO  handler.ContextHandler (ContextHandler.java:doStop(910)) - Stopped o.e.j.s.ServletContextHandler@3ca3648{/logs,file:///workdir/hadoop-ozone/integration-test/target/log,UNAVAILABLE}
2019-09-25 11:08:53,317 [Datanode State Machine Thread - 0] INFO  statemachine.DatanodeStateMachine (DatanodeStateMachine.java:lambda$startDaemon$0(350)) - Ozone container server started.
2019-09-25 11:08:53,320 [Datanode State Machine Thread - 0] INFO  statemachine.DatanodeStateMachine (DatanodeStateMachine.java:lambda$startDaemon$0(350)) - Ozone container server started.
2019-09-25 11:08:57,378 [EventQueue-StaleNodeForStaleNodeHandler] INFO  node.StaleNodeHandler (StaleNodeHandler.java:onMessage(58)) - Datanode 47e44219-9d14-4cb3-978d-901354c5ccca{ip: 192.168.30.6, host: pr-hdds-1569-5gmkr-4255264070, networkLocation: /default-rack, certSerialId: null} moved to stale state. Finalizing its pipelines [PipelineID=021106fb-45f7-45f6-a64b-6bc28b821c61, PipelineID=a7c388c6-f986-4cba-acb0-b089e3337e4a, PipelineID=94307846-2e8e-458b-9f4c-34500c08c9cd, PipelineID=449ac9d3-126f-452a-bcb9-960b4437cb03, PipelineID=b91e80f4-99e3-49ba-9310-bdf87c468563, PipelineID=53312cda-e745-42c5-9a9b-81063009c870]
2019-09-25 11:08:57,379 [EventQueue-StaleNodeForStaleNodeHandler] INFO  pipeline.SCMPipelineManager (SCMPipelineManager.java:finalizeAndDestroyPipeline(316)) - destroying pipeline:Pipeline[ Id: 021106fb-45f7-45f6-a64b-6bc28b821c61, Nodes: 47e44219-9d14-4cb3-978d-901354c5ccca{ip: 192.168.30.6, host: pr-hdds-1569-5gmkr-4255264070, networkLocation: /default-rack, certSerialId: null}, Type:RATIS, Factor:ONE, State:OPEN]
2019-09-25 11:08:57,380 [EventQueue-StaleNodeForStaleNodeHandler] INFO  pipeline.PipelineStateManager (PipelineStateManager.java:finalizePipeline(123)) - Pipeline Pipeline[ Id: 021106fb-45f7-45f6-a64b-6bc28b821c61, Nodes: 47e44219-9d14-4cb3-978d-901354c5ccca{ip: 192.168.30.6, host: pr-hdds-1569-5gmkr-4255264070, networkLocation: /default-rack, certSerialId: null}, Type:RATIS, Factor:ONE, State:CLOSED] moved to CLOSED state
2019-09-25 11:08:57,380 [EventQueue-StaleNodeForStaleNodeHandler] INFO  pipeline.SCMPipelineManager (SCMPipelineManager.java:finalizeAndDestroyPipeline(316)) - destroying pipeline:Pipeline[ Id: a7c388c6-f986-4cba-acb0-b089e3337e4a, Nodes: 47e44219-9d14-4cb3-978d-901354c5ccca{ip: 192.168.30.6, host: pr-hdds-1569-5gmkr-4255264070, networkLocation: /default-rack, certSerialId: null}, Type:RATIS, Factor:ONE, State:OPEN]
2019-09-25 11:08:57,380 [EventQueue-StaleNodeForStaleNodeHandler] INFO  pipeline.PipelineStateManager (PipelineStateManager.java:finalizePipeline(123)) - Pipeline Pipeline[ Id: a7c388c6-f986-4cba-acb0-b089e3337e4a, Nodes: 47e44219-9d14-4cb3-978d-901354c5ccca{ip: 192.168.30.6, host: pr-hdds-1569-5gmkr-4255264070, networkLocation: /default-rack, certSerialId: null}, Type:RATIS, Factor:ONE, State:CLOSED] moved to CLOSED state
2019-09-25 11:08:57,381 [EventQueue-StaleNodeForStaleNodeHandler] INFO  pipeline.SCMPipelineManager (SCMPipelineManager.java:finalizeAndDestroyPipeline(316)) - destroying pipeline:Pipeline[ Id: 94307846-2e8e-458b-9f4c-34500c08c9cd, Nodes: 47e44219-9d14-4cb3-978d-901354c5ccca{ip: 192.168.30.6, host: pr-hdds-1569-5gmkr-4255264070, networkLocation: /default-rack, certSerialId: null}, Type:RATIS, Factor:ONE, State:OPEN]
2019-09-25 11:08:57,381 [EventQueue-StaleNodeForStaleNodeHandler] INFO  pipeline.PipelineStateManager (PipelineStateManager.java:finalizePipeline(123)) - Pipeline Pipeline[ Id: 94307846-2e8e-458b-9f4c-34500c08c9cd, Nodes: 47e44219-9d14-4cb3-978d-901354c5ccca{ip: 192.168.30.6, host: pr-hdds-1569-5gmkr-4255264070, networkLocation: /default-rack, certSerialId: null}, Type:RATIS, Factor:ONE, State:CLOSED] moved to CLOSED state
2019-09-25 11:08:57,381 [EventQueue-StaleNodeForStaleNodeHandler] INFO  pipeline.SCMPipelineManager (SCMPipelineManager.java:finalizeAndDestroyPipeline(316)) - destroying pipeline:Pipeline[ Id: 449ac9d3-126f-452a-bcb9-960b4437cb03, Nodes: 47e44219-9d14-4cb3-978d-901354c5ccca{ip: 192.168.30.6, host: pr-hdds-1569-5gmkr-4255264070, networkLocation: /default-rack, certSerialId: null}, Type:RATIS, Factor:ONE, State:OPEN]
2019-09-25 11:08:57,381 [EventQueue-StaleNodeForStaleNodeHandler] INFO  pipeline.PipelineStateManager (PipelineStateManager.java:finalizePipeline(123)) - Pipeline Pipeline[ Id: 449ac9d3-126f-452a-bcb9-960b4437cb03, Nodes: 47e44219-9d14-4cb3-978d-901354c5ccca{ip: 192.168.30.6, host: pr-hdds-1569-5gmkr-4255264070, networkLocation: /default-rack, certSerialId: null}, Type:RATIS, Factor:ONE, State:CLOSED] moved to CLOSED state
2019-09-25 11:08:57,381 [EventQueue-StaleNodeForStaleNodeHandler] INFO  pipeline.SCMPipelineManager (SCMPipelineManager.java:finalizeAndDestroyPipeline(316)) - destroying pipeline:Pipeline[ Id: b91e80f4-99e3-49ba-9310-bdf87c468563, Nodes: 47e44219-9d14-4cb3-978d-901354c5ccca{ip: 192.168.30.6, host: pr-hdds-1569-5gmkr-4255264070, networkLocation: /default-rack, certSerialId: null}, Type:RATIS, Factor:ONE, State:OPEN]
2019-09-25 11:08:57,381 [EventQueue-StaleNodeForStaleNodeHandler] INFO  pipeline.PipelineStateManager (PipelineStateManager.java:finalizePipeline(123)) - Pipeline Pipeline[ Id: b91e80f4-99e3-49ba-9310-bdf87c468563, Nodes: 47e44219-9d14-4cb3-978d-901354c5ccca{ip: 192.168.30.6, host: pr-hdds-1569-5gmkr-4255264070, networkLocation: /default-rack, certSerialId: null}, Type:RATIS, Factor:ONE, State:CLOSED] moved to CLOSED state
2019-09-25 11:08:57,382 [EventQueue-StaleNodeForStaleNodeHandler] INFO  pipeline.SCMPipelineManager (SCMPipelineManager.java:finalizeAndDestroyPipeline(316)) - destroying pipeline:Pipeline[ Id: 53312cda-e745-42c5-9a9b-81063009c870, Nodes: 47e44219-9d14-4cb3-978d-901354c5ccca{ip: 192.168.30.6, host: pr-hdds-1569-5gmkr-4255264070, networkLocation: /default-rack, certSerialId: null}, Type:RATIS, Factor:ONE, State:OPEN]
2019-09-25 11:08:57,382 [EventQueue-StaleNodeForStaleNodeHandler] INFO  pipeline.PipelineStateManager (PipelineStateManager.java:finalizePipeline(123)) - Pipeline Pipeline[ Id: 53312cda-e745-42c5-9a9b-81063009c870, Nodes: 47e44219-9d14-4cb3-978d-901354c5ccca{ip: 192.168.30.6, host: pr-hdds-1569-5gmkr-4255264070, networkLocation: /default-rack, certSerialId: null}, Type:RATIS, Factor:ONE, State:CLOSED] moved to CLOSED state
2019-09-25 11:08:57,382 [EventQueue-StaleNodeForStaleNodeHandler] INFO  node.StaleNodeHandler (StaleNodeHandler.java:onMessage(58)) - Datanode a910ee62-e7d5-4551-8567-f4bec92df57f{ip: 192.168.30.6, host: pr-hdds-1569-5gmkr-4255264070, networkLocation: /default-rack, certSerialId: null} moved to stale state. Finalizing its pipelines [PipelineID=c7cc6638-5d55-4ef2-aea2-332c6fd8ef44, PipelineID=908a818c-f614-48e6-a334-cf7ef23292af, PipelineID=55d3a009-cb3e-4e88-8a1d-28faccc12f00, PipelineID=da1e44e7-0edd-4f09-a49f-ecf4f675a209, PipelineID=c2e733f7-7ce7-4748-8d13-3502e699872c, PipelineID=e35a4661-94bf-43af-916c-b8aa32874f27]
2019-09-25 11:08:57,382 [EventQueue-StaleNodeForStaleNodeHandler] INFO  pipeline.SCMPipelineManager (SCMPipelineManager.java:finalizeAndDestroyPipeline(316)) - destroying pipeline:Pipeline[ Id: c7cc6638-5d55-4ef2-aea2-332c6fd8ef44, Nodes: a910ee62-e7d5-4551-8567-f4bec92df57f{ip: 192.168.30.6, host: pr-hdds-1569-5gmkr-4255264070, networkLocation: /default-rack, certSerialId: null}, Type:RATIS, Factor:ONE, State:OPEN]
2019-09-25 11:08:57,382 [EventQueue-StaleNodeForStaleNodeHandler] INFO  pipeline.PipelineStateManager (PipelineStateManager.java:finalizePipeline(123)) - Pipeline Pipeline[ Id: c7cc6638-5d55-4ef2-aea2-332c6fd8ef44, Nodes: a910ee62-e7d5-4551-8567-f4bec92df57f{ip: 192.168.30.6, host: pr-hdds-1569-5gmkr-4255264070, networkLocation: /default-rack, certSerialId: null}, Type:RATIS, Factor:ONE, State:CLOSED] moved to CLOSED state
2019-09-25 11:08:57,383 [EventQueue-StaleNodeForStaleNodeHandler] INFO  pipeline.SCMPipelineManager (SCMPipelineManager.java:finalizeAndDestroyPipeline(316)) - destroying pipeline:Pipeline[ Id: 908a818c-f614-48e6-a334-cf7ef23292af, Nodes: a910ee62-e7d5-4551-8567-f4bec92df57f{ip: 192.168.30.6, host: pr-hdds-1569-5gmkr-4255264070, networkLocation: /default-rack, certSerialId: null}, Type:RATIS, Factor:ONE, State:OPEN]
2019-09-25 11:08:57,383 [EventQueue-StaleNodeForStaleNodeHandler] INFO  pipeline.PipelineStateManager (PipelineStateManager.java:finalizePipeline(123)) - Pipeline Pipeline[ Id: 908a818c-f614-48e6-a334-cf7ef23292af, Nodes: a910ee62-e7d5-4551-8567-f4bec92df57f{ip: 192.168.30.6, host: pr-hdds-1569-5gmkr-4255264070, networkLocation: /default-rack, certSerialId: null}, Type:RATIS, Factor:ONE, State:CLOSED] moved to CLOSED state
2019-09-25 11:08:57,383 [EventQueue-StaleNodeForStaleNodeHandler] INFO  pipeline.SCMPipelineManager (SCMPipelineManager.java:finalizeAndDestroyPipeline(316)) - destroying pipeline:Pipeline[ Id: 55d3a009-cb3e-4e88-8a1d-28faccc12f00, Nodes: a910ee62-e7d5-4551-8567-f4bec92df57f{ip: 192.168.30.6, host: pr-hdds-1569-5gmkr-4255264070, networkLocation: /default-rack, certSerialId: null}, Type:RATIS, Factor:ONE, State:OPEN]
2019-09-25 11:08:57,383 [EventQueue-StaleNodeForStaleNodeHandler] INFO  pipeline.PipelineStateManager (PipelineStateManager.java:finalizePipeline(123)) - Pipeline Pipeline[ Id: 55d3a009-cb3e-4e88-8a1d-28faccc12f00, Nodes: a910ee62-e7d5-4551-8567-f4bec92df57f{ip: 192.168.30.6, host: pr-hdds-1569-5gmkr-4255264070, networkLocation: /default-rack, certSerialId: null}, Type:RATIS, Factor:ONE, State:CLOSED] moved to CLOSED state
2019-09-25 11:08:57,383 [EventQueue-StaleNodeForStaleNodeHandler] INFO  pipeline.SCMPipelineManager (SCMPipelineManager.java:finalizeAndDestroyPipeline(316)) - destroying pipeline:Pipeline[ Id: da1e44e7-0edd-4f09-a49f-ecf4f675a209, Nodes: a910ee62-e7d5-4551-8567-f4bec92df57f{ip: 192.168.30.6, host: pr-hdds-1569-5gmkr-4255264070, networkLocation: /default-rack, certSerialId: null}, Type:RATIS, Factor:ONE, State:OPEN]
2019-09-25 11:08:57,383 [EventQueue-StaleNodeForStaleNodeHandler] INFO  pipeline.PipelineStateManager (PipelineStateManager.java:finalizePipeline(123)) - Pipeline Pipeline[ Id: da1e44e7-0edd-4f09-a49f-ecf4f675a209, Nodes: a910ee62-e7d5-4551-8567-f4bec92df57f{ip: 192.168.30.6, host: pr-hdds-1569-5gmkr-4255264070, networkLocation: /default-rack, certSerialId: null}, Type:RATIS, Factor:ONE, State:CLOSED] moved to CLOSED state
2019-09-25 11:08:57,384 [EventQueue-StaleNodeForStaleNodeHandler] INFO  pipeline.SCMPipelineManager (SCMPipelineManager.java:finalizeAndDestroyPipeline(316)) - destroying pipeline:Pipeline[ Id: c2e733f7-7ce7-4748-8d13-3502e699872c, Nodes: a910ee62-e7d5-4551-8567-f4bec92df57f{ip: 192.168.30.6, host: pr-hdds-1569-5gmkr-4255264070, networkLocation: /default-rack, certSerialId: null}, Type:RATIS, Factor:ONE, State:OPEN]
2019-09-25 11:08:57,384 [EventQueue-StaleNodeForStaleNodeHandler] INFO  pipeline.PipelineStateManager (PipelineStateManager.java:finalizePipeline(123)) - Pipeline Pipeline[ Id: c2e733f7-7ce7-4748-8d13-3502e699872c, Nodes: a910ee62-e7d5-4551-8567-f4bec92df57f{ip: 192.168.30.6, host: pr-hdds-1569-5gmkr-4255264070, networkLocation: /default-rack, certSerialId: null}, Type:RATIS, Factor:ONE, State:CLOSED] moved to CLOSED state
2019-09-25 11:08:57,384 [EventQueue-StaleNodeForStaleNodeHandler] INFO  pipeline.SCMPipelineManager (SCMPipelineManager.java:finalizeAndDestroyPipeline(316)) - destroying pipeline:Pipeline[ Id: e35a4661-94bf-43af-916c-b8aa32874f27, Nodes: a910ee62-e7d5-4551-8567-f4bec92df57f{ip: 192.168.30.6, host: pr-hdds-1569-5gmkr-4255264070, networkLocation: /default-rack, certSerialId: null}, Type:RATIS, Factor:ONE, State:OPEN]
2019-09-25 11:08:57,384 [EventQueue-StaleNodeForStaleNodeHandler] INFO  pipeline.PipelineStateManager (PipelineStateManager.java:finalizePipeline(123)) - Pipeline Pipeline[ Id: e35a4661-94bf-43af-916c-b8aa32874f27, Nodes: a910ee62-e7d5-4551-8567-f4bec92df57f{ip: 192.168.30.6, host: pr-hdds-1569-5gmkr-4255264070, networkLocation: /default-rack, certSerialId: null}, Type:RATIS, Factor:ONE, State:CLOSED] moved to CLOSED state
2019-09-25 11:08:57,469 [Thread-2710] INFO  impl.FollowerState (FollowerState.java:run(106)) - 47e44219-9d14-4cb3-978d-901354c5ccca:group-81063009C870 changes to CANDIDATE, lastRpcTime:10866, electionTimeout:5082ms
2019-09-25 11:08:57,474 [Thread-2710] INFO  impl.RoleInfo (RoleInfo.java:shutdownFollowerState(121)) - 47e44219-9d14-4cb3-978d-901354c5ccca: shutdown FollowerState
2019-09-25 11:08:57,474 [Thread-2710] INFO  impl.RaftServerImpl (RaftServerImpl.java:setRole(174)) - 47e44219-9d14-4cb3-978d-901354c5ccca@group-81063009C870: changes role from  FOLLOWER to CANDIDATE at term 0 for changeToCandidate
2019-09-25 11:08:57,474 [Thread-2710] INFO  impl.RoleInfo (RoleInfo.java:updateAndGet(143)) - 47e44219-9d14-4cb3-978d-901354c5ccca: start LeaderElection
2019-09-25 11:08:57,513 [47e44219-9d14-4cb3-978d-901354c5ccca@group-81063009C870:LeaderElection214] INFO  impl.LeaderElection (LeaderElection.java:askForVotes(182)) - 47e44219-9d14-4cb3-978d-901354c5ccca@group-81063009C870:LeaderElection214: begin an election at term 1 for -1: [47e44219-9d14-4cb3-978d-901354c5ccca:192.168.30.6:46243], old=null
2019-09-25 11:08:57,514 [47e44219-9d14-4cb3-978d-901354c5ccca@group-81063009C870:LeaderElection214] INFO  impl.RoleInfo (RoleInfo.java:shutdownLeaderElection(134)) - 47e44219-9d14-4cb3-978d-901354c5ccca: shutdown LeaderElection
2019-09-25 11:08:57,514 [47e44219-9d14-4cb3-978d-901354c5ccca@group-81063009C870:LeaderElection214] INFO  impl.RaftServerImpl (RaftServerImpl.java:setRole(174)) - 47e44219-9d14-4cb3-978d-901354c5ccca@group-81063009C870: changes role from CANDIDATE to LEADER at term 1 for changeToLeader
2019-09-25 11:08:57,514 [47e44219-9d14-4cb3-978d-901354c5ccca@group-81063009C870:LeaderElection214] INFO  impl.RaftServerImpl (ServerState.java:setLeader(253)) - 47e44219-9d14-4cb3-978d-901354c5ccca@group-81063009C870: change Leader from null to 47e44219-9d14-4cb3-978d-901354c5ccca at term 1 for becomeLeader, leader elected after 10915ms
2019-09-25 11:08:57,514 [47e44219-9d14-4cb3-978d-901354c5ccca@group-81063009C870:LeaderElection214] INFO  server.RaftServerConfigKeys (ConfUtils.java:logGet(43)) - raft.server.staging.catchup.gap = 1000 (default)
2019-09-25 11:08:57,515 [47e44219-9d14-4cb3-978d-901354c5ccca@group-81063009C870:LeaderElection214] INFO  server.RaftServerConfigKeys (ConfUtils.java:logGet(43)) - raft.server.rpc.sleep.time = 25ms (default)
2019-09-25 11:08:57,515 [47e44219-9d14-4cb3-978d-901354c5ccca@group-81063009C870:LeaderElection214] INFO  server.RaftServerConfigKeys (ConfUtils.java:logGet(43)) - raft.server.write.element-limit = 4096 (default)
2019-09-25 11:08:57,515 [47e44219-9d14-4cb3-978d-901354c5ccca@group-81063009C870:LeaderElection214] INFO  server.RaftServerConfigKeys (ConfUtils.java:logGet(43)) - raft.server.watch.timeout = 10s (default)
2019-09-25 11:08:57,515 [47e44219-9d14-4cb3-978d-901354c5ccca@group-81063009C870:LeaderElection214] INFO  server.RaftServerConfigKeys (ConfUtils.java:logGet(43)) - raft.server.watch.timeout.denomination = 1s (default)
2019-09-25 11:08:57,515 [47e44219-9d14-4cb3-978d-901354c5ccca@group-81063009C870:LeaderElection214] INFO  server.RaftServerConfigKeys (ConfUtils.java:logGet(43)) - raft.server.watch.element-limit = 65536 (default)
2019-09-25 11:08:57,519 [47e44219-9d14-4cb3-978d-901354c5ccca@group-81063009C870:LeaderElection214] INFO  impl.RoleInfo (RoleInfo.java:updateAndGet(143)) - 47e44219-9d14-4cb3-978d-901354c5ccca: start LeaderState
2019-09-25 11:08:57,520 [47e44219-9d14-4cb3-978d-901354c5ccca@group-81063009C870:LeaderElection214] INFO  segmented.SegmentedRaftLogWorker (SegmentedRaftLogWorker.java:startLogSegment(380)) - 47e44219-9d14-4cb3-978d-901354c5ccca@group-81063009C870-SegmentedRaftLogWorker: Starting segment from index:0
2019-09-25 11:08:57,521 [47e44219-9d14-4cb3-978d-901354c5ccca@group-81063009C870:LeaderElection214] INFO  impl.RaftServerImpl (ServerState.java:setRaftConf(354)) - 47e44219-9d14-4cb3-978d-901354c5ccca@group-81063009C870: set configuration 0: [47e44219-9d14-4cb3-978d-901354c5ccca:192.168.30.6:46243], old=null at 0
2019-09-25 11:08:57,529 [Thread-2713] INFO  impl.FollowerState (FollowerState.java:run(106)) - a910ee62-e7d5-4551-8567-f4bec92df57f:group-B8AA32874F27 changes to CANDIDATE, lastRpcTime:10893, electionTimeout:5036ms
2019-09-25 11:08:57,529 [Thread-2713] INFO  impl.RoleInfo (RoleInfo.java:shutdownFollowerState(121)) - a910ee62-e7d5-4551-8567-f4bec92df57f: shutdown FollowerState
2019-09-25 11:08:57,529 [Thread-2713] INFO  impl.RaftServerImpl (RaftServerImpl.java:setRole(174)) - a910ee62-e7d5-4551-8567-f4bec92df57f@group-B8AA32874F27: changes role from  FOLLOWER to CANDIDATE at term 0 for changeToCandidate
2019-09-25 11:08:57,530 [Thread-2713] INFO  impl.RoleInfo (RoleInfo.java:updateAndGet(143)) - a910ee62-e7d5-4551-8567-f4bec92df57f: start LeaderElection
2019-09-25 11:08:57,536 [Thread-2722] INFO  impl.FollowerState (FollowerState.java:run(106)) - 975b33e8-e2cc-4a40-852a-f9fd970783fd:group-80A5B0F73212 changes to CANDIDATE, lastRpcTime:10785, electionTimeout:5145ms
2019-09-25 11:08:57,536 [Thread-2722] INFO  impl.RoleInfo (RoleInfo.java:shutdownFollowerState(121)) - 975b33e8-e2cc-4a40-852a-f9fd970783fd: shutdown FollowerState
2019-09-25 11:08:57,536 [Thread-2722] INFO  impl.RaftServerImpl (RaftServerImpl.java:setRole(174)) - 975b33e8-e2cc-4a40-852a-f9fd970783fd@group-80A5B0F73212: changes role from  FOLLOWER to CANDIDATE at term 0 for changeToCandidate
2019-09-25 11:08:57,536 [Thread-2722] INFO  impl.RoleInfo (RoleInfo.java:updateAndGet(143)) - 975b33e8-e2cc-4a40-852a-f9fd970783fd: start LeaderElection
2019-09-25 11:08:57,541 [Thread-2725] INFO  impl.FollowerState (FollowerState.java:run(106)) - a910ee62-e7d5-4551-8567-f4bec92df57f:group-332C6FD8EF44 changes to CANDIDATE, lastRpcTime:10765, electionTimeout:5052ms
2019-09-25 11:08:57,541 [Thread-2725] INFO  impl.RoleInfo (RoleInfo.java:shutdownFollowerState(121)) - a910ee62-e7d5-4551-8567-f4bec92df57f: shutdown FollowerState
2019-09-25 11:08:57,541 [Thread-2725] INFO  impl.RaftServerImpl (RaftServerImpl.java:setRole(174)) - a910ee62-e7d5-4551-8567-f4bec92df57f@group-332C6FD8EF44: changes role from  FOLLOWER to CANDIDATE at term 0 for changeToCandidate
2019-09-25 11:08:57,542 [Thread-2725] INFO  impl.RoleInfo (RoleInfo.java:updateAndGet(143)) - a910ee62-e7d5-4551-8567-f4bec92df57f: start LeaderElection
2019-09-25 11:08:57,544 [a910ee62-e7d5-4551-8567-f4bec92df57f@group-B8AA32874F27:LeaderElection215] INFO  impl.LeaderElection (LeaderElection.java:askForVotes(182)) - a910ee62-e7d5-4551-8567-f4bec92df57f@group-B8AA32874F27:LeaderElection215: begin an election at term 1 for -1: [a910ee62-e7d5-4551-8567-f4bec92df57f:192.168.30.6:39441], old=null
2019-09-25 11:08:57,544 [975b33e8-e2cc-4a40-852a-f9fd970783fd@group-80A5B0F73212:LeaderElection216] INFO  impl.LeaderElection (LeaderElection.java:askForVotes(182)) - 975b33e8-e2cc-4a40-852a-f9fd970783fd@group-80A5B0F73212:LeaderElection216: begin an election at term 1 for -1: [975b33e8-e2cc-4a40-852a-f9fd970783fd:192.168.30.6:37792], old=null
2019-09-25 11:08:57,544 [a910ee62-e7d5-4551-8567-f4bec92df57f@group-B8AA32874F27:LeaderElection215] INFO  impl.RoleInfo (RoleInfo.java:shutdownLeaderElection(134)) - a910ee62-e7d5-4551-8567-f4bec92df57f: shutdown LeaderElection
2019-09-25 11:08:57,544 [975b33e8-e2cc-4a40-852a-f9fd970783fd@group-80A5B0F73212:LeaderElection216] INFO  impl.RoleInfo (RoleInfo.java:shutdownLeaderElection(134)) - 975b33e8-e2cc-4a40-852a-f9fd970783fd: shutdown LeaderElection
2019-09-25 11:08:57,545 [a910ee62-e7d5-4551-8567-f4bec92df57f@group-B8AA32874F27:LeaderElection215] INFO  impl.RaftServerImpl (RaftServerImpl.java:setRole(174)) - a910ee62-e7d5-4551-8567-f4bec92df57f@group-B8AA32874F27: changes role from CANDIDATE to LEADER at term 1 for changeToLeader
2019-09-25 11:08:57,545 [975b33e8-e2cc-4a40-852a-f9fd970783fd@group-80A5B0F73212:LeaderElection216] INFO  impl.RaftServerImpl (RaftServerImpl.java:setRole(174)) - 975b33e8-e2cc-4a40-852a-f9fd970783fd@group-80A5B0F73212: changes role from CANDIDATE to LEADER at term 1 for changeToLeader
2019-09-25 11:08:57,545 [a910ee62-e7d5-4551-8567-f4bec92df57f@group-B8AA32874F27:LeaderElection215] INFO  impl.RaftServerImpl (ServerState.java:setLeader(253)) - a910ee62-e7d5-4551-8567-f4bec92df57f@group-B8AA32874F27: change Leader from null to a910ee62-e7d5-4551-8567-f4bec92df57f at term 1 for becomeLeader, leader elected after 10911ms
2019-09-25 11:08:57,545 [975b33e8-e2cc-4a40-852a-f9fd970783fd@group-80A5B0F73212:LeaderElection216] INFO  impl.RaftServerImpl (ServerState.java:setLeader(253)) - 975b33e8-e2cc-4a40-852a-f9fd970783fd@group-80A5B0F73212: change Leader from null to 975b33e8-e2cc-4a40-852a-f9fd970783fd at term 1 for becomeLeader, leader elected after 10799ms
2019-09-25 11:08:57,545 [a910ee62-e7d5-4551-8567-f4bec92df57f@group-B8AA32874F27:LeaderElection215] INFO  server.RaftServerConfigKeys (ConfUtils.java:logGet(43)) - raft.server.staging.catchup.gap = 1000 (default)
2019-09-25 11:08:57,545 [975b33e8-e2cc-4a40-852a-f9fd970783fd@group-80A5B0F73212:LeaderElection216] INFO  server.RaftServerConfigKeys (ConfUtils.java:logGet(43)) - raft.server.staging.catchup.gap = 1000 (default)
2019-09-25 11:08:57,545 [a910ee62-e7d5-4551-8567-f4bec92df57f@group-B8AA32874F27:LeaderElection215] INFO  server.RaftServerConfigKeys (ConfUtils.java:logGet(43)) - raft.server.rpc.sleep.time = 25ms (default)
2019-09-25 11:08:57,545 [975b33e8-e2cc-4a40-852a-f9fd970783fd@group-80A5B0F73212:LeaderElection216] INFO  server.RaftServerConfigKeys (ConfUtils.java:logGet(43)) - raft.server.rpc.sleep.time = 25ms (default)
2019-09-25 11:08:57,546 [a910ee62-e7d5-4551-8567-f4bec92df57f@group-B8AA32874F27:LeaderElection215] INFO  server.RaftServerConfigKeys (ConfUtils.java:logGet(43)) - raft.server.write.element-limit = 4096 (default)
2019-09-25 11:08:57,546 [975b33e8-e2cc-4a40-852a-f9fd970783fd@group-80A5B0F73212:LeaderElection216] INFO  server.RaftServerConfigKeys (ConfUtils.java:logGet(43)) - raft.server.write.element-limit = 4096 (default)
2019-09-25 11:08:57,546 [a910ee62-e7d5-4551-8567-f4bec92df57f@group-B8AA32874F27:LeaderElection215] INFO  server.RaftServerConfigKeys (ConfUtils.java:logGet(43)) - raft.server.watch.timeout = 10s (default)
2019-09-25 11:08:57,546 [975b33e8-e2cc-4a40-852a-f9fd970783fd@group-80A5B0F73212:LeaderElection216] INFO  server.RaftServerConfigKeys (ConfUtils.java:logGet(43)) - raft.server.watch.timeout = 10s (default)
2019-09-25 11:08:57,546 [a910ee62-e7d5-4551-8567-f4bec92df57f@group-B8AA32874F27:LeaderElection215] INFO  server.RaftServerConfigKeys (ConfUtils.java:logGet(43)) - raft.server.watch.timeout.denomination = 1s (default)
2019-09-25 11:08:57,546 [a910ee62-e7d5-4551-8567-f4bec92df57f@group-332C6FD8EF44:LeaderElection217] INFO  impl.LeaderElection (LeaderElection.java:askForVotes(182)) - a910ee62-e7d5-4551-8567-f4bec92df57f@group-332C6FD8EF44:LeaderElection217: begin an election at term 1 for -1: [a910ee62-e7d5-4551-8567-f4bec92df57f:192.168.30.6:39441], old=null
2019-09-25 11:08:57,547 [a910ee62-e7d5-4551-8567-f4bec92df57f@group-B8AA32874F27:LeaderElection215] INFO  server.RaftServerConfigKeys (ConfUtils.java:logGet(43)) - raft.server.watch.element-limit = 65536 (default)
2019-09-25 11:08:57,546 [975b33e8-e2cc-4a40-852a-f9fd970783fd@group-80A5B0F73212:LeaderElection216] INFO  server.RaftServerConfigKeys (ConfUtils.java:logGet(43)) - raft.server.watch.timeout.denomination = 1s (default)
2019-09-25 11:08:57,547 [a910ee62-e7d5-4551-8567-f4bec92df57f@group-332C6FD8EF44:LeaderElection217] INFO  impl.RoleInfo (RoleInfo.java:shutdownLeaderElection(134)) - a910ee62-e7d5-4551-8567-f4bec92df57f: shutdown LeaderElection
2019-09-25 11:08:57,547 [975b33e8-e2cc-4a40-852a-f9fd970783fd@group-80A5B0F73212:LeaderElection216] INFO  server.RaftServerConfigKeys (ConfUtils.java:logGet(43)) - raft.server.watch.element-limit = 65536 (default)
2019-09-25 11:08:57,547 [a910ee62-e7d5-4551-8567-f4bec92df57f@group-332C6FD8EF44:LeaderElection217] INFO  impl.RaftServerImpl (RaftServerImpl.java:setRole(174)) - a910ee62-e7d5-4551-8567-f4bec92df57f@group-332C6FD8EF44: changes role from CANDIDATE to LEADER at term 1 for changeToLeader
2019-09-25 11:08:57,547 [a910ee62-e7d5-4551-8567-f4bec92df57f@group-332C6FD8EF44:LeaderElection217] INFO  impl.RaftServerImpl (ServerState.java:setLeader(253)) - a910ee62-e7d5-4551-8567-f4bec92df57f@group-332C6FD8EF44: change Leader from null to a910ee62-e7d5-4551-8567-f4bec92df57f at term 1 for becomeLeader, leader elected after 10774ms
2019-09-25 11:08:57,547 [a910ee62-e7d5-4551-8567-f4bec92df57f@group-332C6FD8EF44:LeaderElection217] INFO  server.RaftServerConfigKeys (ConfUtils.java:logGet(43)) - raft.server.staging.catchup.gap = 1000 (default)
2019-09-25 11:08:57,548 [a910ee62-e7d5-4551-8567-f4bec92df57f@group-332C6FD8EF44:LeaderElection217] INFO  server.RaftServerConfigKeys (ConfUtils.java:logGet(43)) - raft.server.rpc.sleep.time = 25ms (default)
2019-09-25 11:08:57,548 [a910ee62-e7d5-4551-8567-f4bec92df57f@group-332C6FD8EF44:LeaderElection217] INFO  server.RaftServerConfigKeys (ConfUtils.java:logGet(43)) - raft.server.write.element-limit = 4096 (default)
2019-09-25 11:08:57,548 [a910ee62-e7d5-4551-8567-f4bec92df57f@group-332C6FD8EF44:LeaderElection217] INFO  server.RaftServerConfigKeys (ConfUtils.java:logGet(43)) - raft.server.watch.timeout = 10s (default)
2019-09-25 11:08:57,548 [a910ee62-e7d5-4551-8567-f4bec92df57f@group-332C6FD8EF44:LeaderElection217] INFO  server.RaftServerConfigKeys (ConfUtils.java:logGet(43)) - raft.server.watch.timeout.denomination = 1s (default)
2019-09-25 11:08:57,548 [a910ee62-e7d5-4551-8567-f4bec92df57f@group-332C6FD8EF44:LeaderElection217] INFO  server.RaftServerConfigKeys (ConfUtils.java:logGet(43)) - raft.server.watch.element-limit = 65536 (default)
2019-09-25 11:08:57,550 [a910ee62-e7d5-4551-8567-f4bec92df57f@group-B8AA32874F27:LeaderElection215] INFO  impl.RoleInfo (RoleInfo.java:updateAndGet(143)) - a910ee62-e7d5-4551-8567-f4bec92df57f: start LeaderState
2019-09-25 11:08:57,550 [a910ee62-e7d5-4551-8567-f4bec92df57f@group-B8AA32874F27:LeaderElection215] INFO  segmented.SegmentedRaftLogWorker (SegmentedRaftLogWorker.java:startLogSegment(380)) - a910ee62-e7d5-4551-8567-f4bec92df57f@group-B8AA32874F27-SegmentedRaftLogWorker: Starting segment from index:0
2019-09-25 11:08:57,550 [975b33e8-e2cc-4a40-852a-f9fd970783fd@group-80A5B0F73212:LeaderElection216] INFO  impl.RoleInfo (RoleInfo.java:updateAndGet(143)) - 975b33e8-e2cc-4a40-852a-f9fd970783fd: start LeaderState
2019-09-25 11:08:57,551 [975b33e8-e2cc-4a40-852a-f9fd970783fd@group-80A5B0F73212:LeaderElection216] INFO  segmented.SegmentedRaftLogWorker (SegmentedRaftLogWorker.java:startLogSegment(380)) - 975b33e8-e2cc-4a40-852a-f9fd970783fd@group-80A5B0F73212-SegmentedRaftLogWorker: Starting segment from index:0
2019-09-25 11:08:57,551 [a910ee62-e7d5-4551-8567-f4bec92df57f@group-B8AA32874F27:LeaderElection215] INFO  impl.RaftServerImpl (ServerState.java:setRaftConf(354)) - a910ee62-e7d5-4551-8567-f4bec92df57f@group-B8AA32874F27: set configuration 0: [a910ee62-e7d5-4551-8567-f4bec92df57f:192.168.30.6:39441], old=null at 0
2019-09-25 11:08:57,551 [a910ee62-e7d5-4551-8567-f4bec92df57f@group-332C6FD8EF44:LeaderElection217] INFO  impl.RoleInfo (RoleInfo.java:updateAndGet(143)) - a910ee62-e7d5-4551-8567-f4bec92df57f: start LeaderState
2019-09-25 11:08:57,551 [975b33e8-e2cc-4a40-852a-f9fd970783fd@group-80A5B0F73212:LeaderElection216] INFO  impl.RaftServerImpl (ServerState.java:setRaftConf(354)) - 975b33e8-e2cc-4a40-852a-f9fd970783fd@group-80A5B0F73212: set configuration 0: [975b33e8-e2cc-4a40-852a-f9fd970783fd:192.168.30.6:37792], old=null at 0
2019-09-25 11:08:57,551 [a910ee62-e7d5-4551-8567-f4bec92df57f@group-332C6FD8EF44:LeaderElection217] INFO  segmented.SegmentedRaftLogWorker (SegmentedRaftLogWorker.java:startLogSegment(380)) - a910ee62-e7d5-4551-8567-f4bec92df57f@group-332C6FD8EF44-SegmentedRaftLogWorker: Starting segment from index:0
2019-09-25 11:08:57,552 [a910ee62-e7d5-4551-8567-f4bec92df57f@group-332C6FD8EF44:LeaderElection217] INFO  impl.RaftServerImpl (ServerState.java:setRaftConf(354)) - a910ee62-e7d5-4551-8567-f4bec92df57f@group-332C6FD8EF44: set configuration 0: [a910ee62-e7d5-4551-8567-f4bec92df57f:192.168.30.6:39441], old=null at 0
2019-09-25 11:08:57,559 [47e44219-9d14-4cb3-978d-901354c5ccca@group-81063009C870-SegmentedRaftLogWorker] INFO  segmented.SegmentedRaftLogWorker (SegmentedRaftLogWorker.java:execute(569)) - 47e44219-9d14-4cb3-978d-901354c5ccca@group-81063009C870-SegmentedRaftLogWorker: created new log segment /workdir/hadoop-ozone/integration-test/target/test-dir/MiniOzoneClusterImpl-df822a65-554e-408c-8ca9-c8e2ba24269c/datanode-2/data/ratis/53312cda-e745-42c5-9a9b-81063009c870/current/log_inprogress_0
2019-09-25 11:08:57,596 [975b33e8-e2cc-4a40-852a-f9fd970783fd@group-80A5B0F73212-SegmentedRaftLogWorker] INFO  segmented.SegmentedRaftLogWorker (SegmentedRaftLogWorker.java:execute(569)) - 975b33e8-e2cc-4a40-852a-f9fd970783fd@group-80A5B0F73212-SegmentedRaftLogWorker: created new log segment /workdir/hadoop-ozone/integration-test/target/test-dir/MiniOzoneClusterImpl-df822a65-554e-408c-8ca9-c8e2ba24269c/datanode-5/data/ratis/f6977fbd-4641-423e-89c2-80a5b0f73212/current/log_inprogress_0
2019-09-25 11:08:57,596 [a910ee62-e7d5-4551-8567-f4bec92df57f@group-332C6FD8EF44-SegmentedRaftLogWorker] INFO  segmented.SegmentedRaftLogWorker (SegmentedRaftLogWorker.java:execute(569)) - a910ee62-e7d5-4551-8567-f4bec92df57f@group-332C6FD8EF44-SegmentedRaftLogWorker: created new log segment /workdir/hadoop-ozone/integration-test/target/test-dir/MiniOzoneClusterImpl-df822a65-554e-408c-8ca9-c8e2ba24269c/datanode-3/data/ratis/c7cc6638-5d55-4ef2-aea2-332c6fd8ef44/current/log_inprogress_0
2019-09-25 11:08:57,609 [a910ee62-e7d5-4551-8567-f4bec92df57f@group-B8AA32874F27-SegmentedRaftLogWorker] INFO  segmented.SegmentedRaftLogWorker (SegmentedRaftLogWorker.java:execute(569)) - a910ee62-e7d5-4551-8567-f4bec92df57f@group-B8AA32874F27-SegmentedRaftLogWorker: created new log segment /workdir/hadoop-ozone/integration-test/target/test-dir/MiniOzoneClusterImpl-df822a65-554e-408c-8ca9-c8e2ba24269c/datanode-3/data/ratis/e35a4661-94bf-43af-916c-b8aa32874f27/current/log_inprogress_0
2019-09-25 11:08:57,654 [Thread-2716] INFO  impl.FollowerState (FollowerState.java:run(106)) - a910ee62-e7d5-4551-8567-f4bec92df57f:group-ECF4F675A209 changes to CANDIDATE, lastRpcTime:10984, electionTimeout:5161ms
2019-09-25 11:08:57,654 [Thread-2716] INFO  impl.RoleInfo (RoleInfo.java:shutdownFollowerState(121)) - a910ee62-e7d5-4551-8567-f4bec92df57f: shutdown FollowerState
2019-09-25 11:08:57,655 [Thread-2716] INFO  impl.RaftServerImpl (RaftServerImpl.java:setRole(174)) - a910ee62-e7d5-4551-8567-f4bec92df57f@group-ECF4F675A209: changes role from  FOLLOWER to CANDIDATE at term 0 for changeToCandidate
2019-09-25 11:08:57,655 [Thread-2716] INFO  impl.RoleInfo (RoleInfo.java:updateAndGet(143)) - a910ee62-e7d5-4551-8567-f4bec92df57f: start LeaderElection
2019-09-25 11:08:57,669 [a910ee62-e7d5-4551-8567-f4bec92df57f@group-ECF4F675A209:LeaderElection218] INFO  impl.LeaderElection (LeaderElection.java:askForVotes(182)) - a910ee62-e7d5-4551-8567-f4bec92df57f@group-ECF4F675A209:LeaderElection218: begin an election at term 1 for -1: [a910ee62-e7d5-4551-8567-f4bec92df57f:192.168.30.6:39441], old=null
2019-09-25 11:08:57,669 [a910ee62-e7d5-4551-8567-f4bec92df57f@group-ECF4F675A209:LeaderElection218] INFO  impl.RoleInfo (RoleInfo.java:shutdownLeaderElection(134)) - a910ee62-e7d5-4551-8567-f4bec92df57f: shutdown LeaderElection
2019-09-25 11:08:57,669 [a910ee62-e7d5-4551-8567-f4bec92df57f@group-ECF4F675A209:LeaderElection218] INFO  impl.RaftServerImpl (RaftServerImpl.java:setRole(174)) - a910ee62-e7d5-4551-8567-f4bec92df57f@group-ECF4F675A209: changes role from CANDIDATE to LEADER at term 1 for changeToLeader
2019-09-25 11:08:57,669 [a910ee62-e7d5-4551-8567-f4bec92df57f@group-ECF4F675A209:LeaderElection218] INFO  impl.RaftServerImpl (ServerState.java:setLeader(253)) - a910ee62-e7d5-4551-8567-f4bec92df57f@group-ECF4F675A209: change Leader from null to a910ee62-e7d5-4551-8567-f4bec92df57f at term 1 for becomeLeader, leader elected after 11001ms
2019-09-25 11:08:57,669 [a910ee62-e7d5-4551-8567-f4bec92df57f@group-ECF4F675A209:LeaderElection218] INFO  server.RaftServerConfigKeys (ConfUtils.java:logGet(43)) - raft.server.staging.catchup.gap = 1000 (default)
2019-09-25 11:08:57,669 [a910ee62-e7d5-4551-8567-f4bec92df57f@group-ECF4F675A209:LeaderElection218] INFO  server.RaftServerConfigKeys (ConfUtils.java:logGet(43)) - raft.server.rpc.sleep.time = 25ms (default)
2019-09-25 11:08:57,669 [a910ee62-e7d5-4551-8567-f4bec92df57f@group-ECF4F675A209:LeaderElection218] INFO  server.RaftServerConfigKeys (ConfUtils.java:logGet(43)) - raft.server.write.element-limit = 4096 (default)
2019-09-25 11:08:57,669 [a910ee62-e7d5-4551-8567-f4bec92df57f@group-ECF4F675A209:LeaderElection218] INFO  server.RaftServerConfigKeys (ConfUtils.java:logGet(43)) - raft.server.watch.timeout = 10s (default)
2019-09-25 11:08:57,670 [a910ee62-e7d5-4551-8567-f4bec92df57f@group-ECF4F675A209:LeaderElection218] INFO  server.RaftServerConfigKeys (ConfUtils.java:logGet(43)) - raft.server.watch.timeout.denomination = 1s (default)
2019-09-25 11:08:57,670 [a910ee62-e7d5-4551-8567-f4bec92df57f@group-ECF4F675A209:LeaderElection218] INFO  server.RaftServerConfigKeys (ConfUtils.java:logGet(43)) - raft.server.watch.element-limit = 65536 (default)
2019-09-25 11:08:57,671 [a910ee62-e7d5-4551-8567-f4bec92df57f@group-ECF4F675A209:LeaderElection218] INFO  impl.RoleInfo (RoleInfo.java:updateAndGet(143)) - a910ee62-e7d5-4551-8567-f4bec92df57f: start LeaderState
2019-09-25 11:08:57,671 [a910ee62-e7d5-4551-8567-f4bec92df57f@group-ECF4F675A209:LeaderElection218] INFO  segmented.SegmentedRaftLogWorker (SegmentedRaftLogWorker.java:startLogSegment(380)) - a910ee62-e7d5-4551-8567-f4bec92df57f@group-ECF4F675A209-SegmentedRaftLogWorker: Starting segment from index:0
2019-09-25 11:08:57,672 [a910ee62-e7d5-4551-8567-f4bec92df57f@group-ECF4F675A209:LeaderElection218] INFO  impl.RaftServerImpl (ServerState.java:setRaftConf(354)) - a910ee62-e7d5-4551-8567-f4bec92df57f@group-ECF4F675A209: set configuration 0: [a910ee62-e7d5-4551-8567-f4bec92df57f:192.168.30.6:39441], old=null at 0
2019-09-25 11:08:57,715 [a910ee62-e7d5-4551-8567-f4bec92df57f@group-ECF4F675A209-SegmentedRaftLogWorker] INFO  segmented.SegmentedRaftLogWorker (SegmentedRaftLogWorker.java:execute(569)) - a910ee62-e7d5-4551-8567-f4bec92df57f@group-ECF4F675A209-SegmentedRaftLogWorker: created new log segment /workdir/hadoop-ozone/integration-test/target/test-dir/MiniOzoneClusterImpl-df822a65-554e-408c-8ca9-c8e2ba24269c/datanode-3/data/ratis/da1e44e7-0edd-4f09-a49f-ecf4f675a209/current/log_inprogress_0
2019-09-25 11:08:57,869 [main] INFO  ozoneimpl.OzoneContainer (OzoneContainer.java:stop(231)) - Attempting to stop container services.
2019-09-25 11:08:57,869 [main] INFO  impl.RaftServerProxy (RaftServerProxy.java:lambda$close$4(314)) - a910ee62-e7d5-4551-8567-f4bec92df57f: close
2019-09-25 11:08:57,870 [main] INFO  impl.RaftServerImpl (RaftServerImpl.java:lambda$shutdown$3(251)) - a910ee62-e7d5-4551-8567-f4bec92df57f@group-332C6FD8EF44: shutdown
2019-09-25 11:08:57,870 [main] INFO  util.JmxRegister (JmxRegister.java:unregister(73)) - Successfully un-registered JMX Bean with object name Ratis:service=RaftServer,group=group-332C6FD8EF44,id=a910ee62-e7d5-4551-8567-f4bec92df57f
2019-09-25 11:08:57,870 [main] INFO  impl.RoleInfo (RoleInfo.java:shutdownLeaderState(104)) - a910ee62-e7d5-4551-8567-f4bec92df57f: shutdown LeaderState
2019-09-25 11:08:57,871 [main] INFO  impl.PendingRequests (PendingRequests.java:sendNotLeaderResponses(202)) - a910ee62-e7d5-4551-8567-f4bec92df57f-PendingRequests: sendNotLeaderResponses
2019-09-25 11:08:57,871 [main] INFO  impl.StateMachineUpdater (StateMachineUpdater.java:stopAndJoin(125)) - a910ee62-e7d5-4551-8567-f4bec92df57f@group-332C6FD8EF44-StateMachineUpdater: set stopIndex = 0
2019-09-25 11:08:57,872 [main] INFO  impl.RaftServerImpl (ServerState.java:close(385)) - a910ee62-e7d5-4551-8567-f4bec92df57f@group-332C6FD8EF44: closes. applyIndex: 0
2019-09-25 11:08:57,872 [a910ee62-e7d5-4551-8567-f4bec92df57f@group-332C6FD8EF44-SegmentedRaftLogWorker] INFO  segmented.SegmentedRaftLogWorker (SegmentedRaftLogWorker.java:run(313)) - a910ee62-e7d5-4551-8567-f4bec92df57f@group-332C6FD8EF44-SegmentedRaftLogWorker was interrupted, exiting. There are 0 tasks remaining in the queue.
2019-09-25 11:08:57,888 [main] INFO  segmented.SegmentedRaftLogWorker (SegmentedRaftLogWorker.java:close(228)) - a910ee62-e7d5-4551-8567-f4bec92df57f@group-332C6FD8EF44-SegmentedRaftLogWorker close()
2019-09-25 11:08:57,888 [ForkJoinPool.commonPool-worker-1] INFO  ozoneimpl.OzoneContainer (OzoneContainer.java:stop(231)) - Attempting to stop container services.
2019-09-25 11:08:57,892 [main] INFO  impl.RaftServerImpl (RaftServerImpl.java:lambda$shutdown$3(251)) - a910ee62-e7d5-4551-8567-f4bec92df57f@group-CF7EF23292AF: shutdown
2019-09-25 11:08:57,892 [ForkJoinPool.commonPool-worker-1] INFO  impl.RaftServerProxy (RaftServerProxy.java:lambda$close$4(314)) - 47e44219-9d14-4cb3-978d-901354c5ccca: close
2019-09-25 11:08:57,892 [main] INFO  util.JmxRegister (JmxRegister.java:unregister(73)) - Successfully un-registered JMX Bean with object name Ratis:service=RaftServer,group=group-CF7EF23292AF,id=a910ee62-e7d5-4551-8567-f4bec92df57f
2019-09-25 11:08:57,893 [ForkJoinPool.commonPool-worker-1] INFO  impl.RaftServerImpl (RaftServerImpl.java:lambda$shutdown$3(251)) - 47e44219-9d14-4cb3-978d-901354c5ccca@group-6BC28B821C61: shutdown
2019-09-25 11:08:57,893 [main] INFO  impl.RoleInfo (RoleInfo.java:shutdownLeaderState(104)) - a910ee62-e7d5-4551-8567-f4bec92df57f: shutdown LeaderState
2019-09-25 11:08:57,893 [ForkJoinPool.commonPool-worker-1] INFO  util.JmxRegister (JmxRegister.java:unregister(73)) - Successfully un-registered JMX Bean with object name Ratis:service=RaftServer,group=group-6BC28B821C61,id=47e44219-9d14-4cb3-978d-901354c5ccca
2019-09-25 11:08:57,894 [main] INFO  impl.PendingRequests (PendingRequests.java:sendNotLeaderResponses(202)) - a910ee62-e7d5-4551-8567-f4bec92df57f-PendingRequests: sendNotLeaderResponses
2019-09-25 11:08:57,894 [ForkJoinPool.commonPool-worker-1] INFO  impl.RoleInfo (RoleInfo.java:shutdownLeaderState(104)) - 47e44219-9d14-4cb3-978d-901354c5ccca: shutdown LeaderState
2019-09-25 11:08:57,894 [main] INFO  impl.StateMachineUpdater (StateMachineUpdater.java:stopAndJoin(125)) - a910ee62-e7d5-4551-8567-f4bec92df57f@group-CF7EF23292AF-StateMachineUpdater: set stopIndex = 0
2019-09-25 11:08:57,895 [ForkJoinPool.commonPool-worker-1] INFO  impl.PendingRequests (PendingRequests.java:sendNotLeaderResponses(202)) - 47e44219-9d14-4cb3-978d-901354c5ccca-PendingRequests: sendNotLeaderResponses
2019-09-25 11:08:57,895 [main] INFO  impl.RaftServerImpl (ServerState.java:close(385)) - a910ee62-e7d5-4551-8567-f4bec92df57f@group-CF7EF23292AF: closes. applyIndex: 0
2019-09-25 11:08:57,895 [ForkJoinPool.commonPool-worker-1] INFO  impl.StateMachineUpdater (StateMachineUpdater.java:stopAndJoin(125)) - 47e44219-9d14-4cb3-978d-901354c5ccca@group-6BC28B821C61-StateMachineUpdater: set stopIndex = 0
2019-09-25 11:08:57,896 [ForkJoinPool.commonPool-worker-1] INFO  impl.RaftServerImpl (ServerState.java:close(385)) - 47e44219-9d14-4cb3-978d-901354c5ccca@group-6BC28B821C61: closes. applyIndex: 0
2019-09-25 11:08:57,896 [a910ee62-e7d5-4551-8567-f4bec92df57f@group-CF7EF23292AF-SegmentedRaftLogWorker] INFO  segmented.SegmentedRaftLogWorker (SegmentedRaftLogWorker.java:run(313)) - a910ee62-e7d5-4551-8567-f4bec92df57f@group-CF7EF23292AF-SegmentedRaftLogWorker was interrupted, exiting. There are 0 tasks remaining in the queue.
2019-09-25 11:08:57,896 [47e44219-9d14-4cb3-978d-901354c5ccca@group-6BC28B821C61-SegmentedRaftLogWorker] INFO  segmented.SegmentedRaftLogWorker (SegmentedRaftLogWorker.java:run(313)) - 47e44219-9d14-4cb3-978d-901354c5ccca@group-6BC28B821C61-SegmentedRaftLogWorker was interrupted, exiting. There are 0 tasks remaining in the queue.
2019-09-25 11:08:57,896 [main] INFO  segmented.SegmentedRaftLogWorker (SegmentedRaftLogWorker.java:close(228)) - a910ee62-e7d5-4551-8567-f4bec92df57f@group-CF7EF23292AF-SegmentedRaftLogWorker close()
2019-09-25 11:08:57,896 [ForkJoinPool.commonPool-worker-1] INFO  segmented.SegmentedRaftLogWorker (SegmentedRaftLogWorker.java:close(228)) - 47e44219-9d14-4cb3-978d-901354c5ccca@group-6BC28B821C61-SegmentedRaftLogWorker close()
2019-09-25 11:08:57,900 [main] INFO  impl.RaftServerImpl (RaftServerImpl.java:lambda$shutdown$3(251)) - a910ee62-e7d5-4551-8567-f4bec92df57f@group-28FACCC12F00: shutdown
2019-09-25 11:08:57,903 [ForkJoinPool.commonPool-worker-1] INFO  impl.RaftServerImpl (RaftServerImpl.java:lambda$shutdown$3(251)) - 47e44219-9d14-4cb3-978d-901354c5ccca@group-B089E3337E4A: shutdown
2019-09-25 11:08:57,904 [main] INFO  util.JmxRegister (JmxRegister.java:unregister(73)) - Successfully un-registered JMX Bean with object name Ratis:service=RaftServer,group=group-28FACCC12F00,id=a910ee62-e7d5-4551-8567-f4bec92df57f
2019-09-25 11:08:57,904 [ForkJoinPool.commonPool-worker-1] INFO  util.JmxRegister (JmxRegister.java:unregister(73)) - Successfully un-registered JMX Bean with object name Ratis:service=RaftServer,group=group-B089E3337E4A,id=47e44219-9d14-4cb3-978d-901354c5ccca
2019-09-25 11:08:57,904 [main] INFO  impl.RoleInfo (RoleInfo.java:shutdownLeaderState(104)) - a910ee62-e7d5-4551-8567-f4bec92df57f: shutdown LeaderState
2019-09-25 11:08:57,904 [ForkJoinPool.commonPool-worker-1] INFO  impl.RoleInfo (RoleInfo.java:shutdownLeaderState(104)) - 47e44219-9d14-4cb3-978d-901354c5ccca: shutdown LeaderState
2019-09-25 11:08:57,905 [main] INFO  impl.PendingRequests (PendingRequests.java:sendNotLeaderResponses(202)) - a910ee62-e7d5-4551-8567-f4bec92df57f-PendingRequests: sendNotLeaderResponses
2019-09-25 11:08:57,905 [ForkJoinPool.commonPool-worker-1] INFO  impl.PendingRequests (PendingRequests.java:sendNotLeaderResponses(202)) - 47e44219-9d14-4cb3-978d-901354c5ccca-PendingRequests: sendNotLeaderResponses
2019-09-25 11:08:57,905 [main] INFO  impl.StateMachineUpdater (StateMachineUpdater.java:stopAndJoin(125)) - a910ee62-e7d5-4551-8567-f4bec92df57f@group-28FACCC12F00-StateMachineUpdater: set stopIndex = 0
2019-09-25 11:08:57,905 [ForkJoinPool.commonPool-worker-1] INFO  impl.StateMachineUpdater (StateMachineUpdater.java:stopAndJoin(125)) - 47e44219-9d14-4cb3-978d-901354c5ccca@group-B089E3337E4A-StateMachineUpdater: set stopIndex = 0
2019-09-25 11:08:57,906 [main] INFO  impl.RaftServerImpl (ServerState.java:close(385)) - a910ee62-e7d5-4551-8567-f4bec92df57f@group-28FACCC12F00: closes. applyIndex: 0
2019-09-25 11:08:57,906 [ForkJoinPool.commonPool-worker-1] INFO  impl.RaftServerImpl (ServerState.java:close(385)) - 47e44219-9d14-4cb3-978d-901354c5ccca@group-B089E3337E4A: closes. applyIndex: 0
2019-09-25 11:08:57,906 [a910ee62-e7d5-4551-8567-f4bec92df57f@group-28FACCC12F00-SegmentedRaftLogWorker] INFO  segmented.SegmentedRaftLogWorker (SegmentedRaftLogWorker.java:run(313)) - a910ee62-e7d5-4551-8567-f4bec92df57f@group-28FACCC12F00-SegmentedRaftLogWorker was interrupted, exiting. There are 0 tasks remaining in the queue.
2019-09-25 11:08:57,906 [47e44219-9d14-4cb3-978d-901354c5ccca@group-B089E3337E4A-SegmentedRaftLogWorker] INFO  segmented.SegmentedRaftLogWorker (SegmentedRaftLogWorker.java:run(313)) - 47e44219-9d14-4cb3-978d-901354c5ccca@group-B089E3337E4A-SegmentedRaftLogWorker was interrupted, exiting. There are 0 tasks remaining in the queue.
2019-09-25 11:08:57,906 [main] INFO  segmented.SegmentedRaftLogWorker (SegmentedRaftLogWorker.java:close(228)) - a910ee62-e7d5-4551-8567-f4bec92df57f@group-28FACCC12F00-SegmentedRaftLogWorker close()
2019-09-25 11:08:57,907 [ForkJoinPool.commonPool-worker-1] INFO  segmented.SegmentedRaftLogWorker (SegmentedRaftLogWorker.java:close(228)) - 47e44219-9d14-4cb3-978d-901354c5ccca@group-B089E3337E4A-SegmentedRaftLogWorker close()
2019-09-25 11:08:57,909 [main] INFO  impl.RaftServerImpl (RaftServerImpl.java:lambda$shutdown$3(251)) - a910ee62-e7d5-4551-8567-f4bec92df57f@group-ECF4F675A209: shutdown
2019-09-25 11:08:57,912 [ForkJoinPool.commonPool-worker-1] INFO  impl.RaftServerImpl (RaftServerImpl.java:lambda$shutdown$3(251)) - 47e44219-9d14-4cb3-978d-901354c5ccca@group-34500C08C9CD: shutdown
2019-09-25 11:08:57,912 [main] INFO  util.JmxRegister (JmxRegister.java:unregister(73)) - Successfully un-registered JMX Bean with object name Ratis:service=RaftServer,group=group-ECF4F675A209,id=a910ee62-e7d5-4551-8567-f4bec92df57f
2019-09-25 11:08:57,912 [ForkJoinPool.commonPool-worker-1] INFO  util.JmxRegister (JmxRegister.java:unregister(73)) - Successfully un-registered JMX Bean with object name Ratis:service=RaftServer,group=group-34500C08C9CD,id=47e44219-9d14-4cb3-978d-901354c5ccca
2019-09-25 11:08:57,913 [main] INFO  impl.RoleInfo (RoleInfo.java:shutdownLeaderState(104)) - a910ee62-e7d5-4551-8567-f4bec92df57f: shutdown LeaderState
2019-09-25 11:08:57,913 [ForkJoinPool.commonPool-worker-1] INFO  impl.RoleInfo (RoleInfo.java:shutdownLeaderState(104)) - 47e44219-9d14-4cb3-978d-901354c5ccca: shutdown LeaderState
2019-09-25 11:08:57,913 [main] INFO  impl.PendingRequests (PendingRequests.java:sendNotLeaderResponses(202)) - a910ee62-e7d5-4551-8567-f4bec92df57f-PendingRequests: sendNotLeaderResponses
2019-09-25 11:08:57,913 [ForkJoinPool.commonPool-worker-1] INFO  impl.PendingRequests (PendingRequests.java:sendNotLeaderResponses(202)) - 47e44219-9d14-4cb3-978d-901354c5ccca-PendingRequests: sendNotLeaderResponses
2019-09-25 11:08:57,914 [main] INFO  impl.StateMachineUpdater (StateMachineUpdater.java:stopAndJoin(125)) - a910ee62-e7d5-4551-8567-f4bec92df57f@group-ECF4F675A209-StateMachineUpdater: set stopIndex = 0
2019-09-25 11:08:57,914 [ForkJoinPool.commonPool-worker-1] INFO  impl.StateMachineUpdater (StateMachineUpdater.java:stopAndJoin(125)) - 47e44219-9d14-4cb3-978d-901354c5ccca@group-34500C08C9CD-StateMachineUpdater: set stopIndex = 0
2019-09-25 11:08:57,916 [main] INFO  impl.RaftServerImpl (ServerState.java:close(385)) - a910ee62-e7d5-4551-8567-f4bec92df57f@group-ECF4F675A209: closes. applyIndex: 0
2019-09-25 11:08:57,916 [ForkJoinPool.commonPool-worker-1] INFO  impl.RaftServerImpl (ServerState.java:close(385)) - 47e44219-9d14-4cb3-978d-901354c5ccca@group-34500C08C9CD: closes. applyIndex: 0
2019-09-25 11:08:57,917 [a910ee62-e7d5-4551-8567-f4bec92df57f@group-ECF4F675A209-SegmentedRaftLogWorker] INFO  segmented.SegmentedRaftLogWorker (SegmentedRaftLogWorker.java:run(313)) - a910ee62-e7d5-4551-8567-f4bec92df57f@group-ECF4F675A209-SegmentedRaftLogWorker was interrupted, exiting. There are 0 tasks remaining in the queue.
2019-09-25 11:08:57,917 [47e44219-9d14-4cb3-978d-901354c5ccca@group-34500C08C9CD-SegmentedRaftLogWorker] INFO  segmented.SegmentedRaftLogWorker (SegmentedRaftLogWorker.java:run(313)) - 47e44219-9d14-4cb3-978d-901354c5ccca@group-34500C08C9CD-SegmentedRaftLogWorker was interrupted, exiting. There are 0 tasks remaining in the queue.
2019-09-25 11:08:57,917 [main] INFO  segmented.SegmentedRaftLogWorker (SegmentedRaftLogWorker.java:close(228)) - a910ee62-e7d5-4551-8567-f4bec92df57f@group-ECF4F675A209-SegmentedRaftLogWorker close()
2019-09-25 11:08:57,917 [ForkJoinPool.commonPool-worker-1] INFO  segmented.SegmentedRaftLogWorker (SegmentedRaftLogWorker.java:close(228)) - 47e44219-9d14-4cb3-978d-901354c5ccca@group-34500C08C9CD-SegmentedRaftLogWorker close()
2019-09-25 11:08:57,919 [main] INFO  impl.RaftServerImpl (RaftServerImpl.java:lambda$shutdown$3(251)) - a910ee62-e7d5-4551-8567-f4bec92df57f@group-3502E699872C: shutdown
2019-09-25 11:08:57,921 [ForkJoinPool.commonPool-worker-1] INFO  impl.RaftServerImpl (RaftServerImpl.java:lambda$shutdown$3(251)) - 47e44219-9d14-4cb3-978d-901354c5ccca@group-960B4437CB03: shutdown
2019-09-25 11:08:57,922 [main] INFO  util.JmxRegister (JmxRegister.java:unregister(73)) - Successfully un-registered JMX Bean with object name Ratis:service=RaftServer,group=group-3502E699872C,id=a910ee62-e7d5-4551-8567-f4bec92df57f
2019-09-25 11:08:57,922 [ForkJoinPool.commonPool-worker-1] INFO  util.JmxRegister (JmxRegister.java:unregister(73)) - Successfully un-registered JMX Bean with object name Ratis:service=RaftServer,group=group-960B4437CB03,id=47e44219-9d14-4cb3-978d-901354c5ccca
2019-09-25 11:08:57,922 [main] INFO  impl.RoleInfo (RoleInfo.java:shutdownLeaderState(104)) - a910ee62-e7d5-4551-8567-f4bec92df57f: shutdown LeaderState
2019-09-25 11:08:57,922 [ForkJoinPool.commonPool-worker-1] INFO  impl.RoleInfo (RoleInfo.java:shutdownLeaderState(104)) - 47e44219-9d14-4cb3-978d-901354c5ccca: shutdown LeaderState
2019-09-25 11:08:57,922 [main] INFO  impl.PendingRequests (PendingRequests.java:sendNotLeaderResponses(202)) - a910ee62-e7d5-4551-8567-f4bec92df57f-PendingRequests: sendNotLeaderResponses
2019-09-25 11:08:57,923 [ForkJoinPool.commonPool-worker-1] INFO  impl.PendingRequests (PendingRequests.java:sendNotLeaderResponses(202)) - 47e44219-9d14-4cb3-978d-901354c5ccca-PendingRequests: sendNotLeaderResponses
2019-09-25 11:08:57,923 [main] INFO  impl.StateMachineUpdater (StateMachineUpdater.java:stopAndJoin(125)) - a910ee62-e7d5-4551-8567-f4bec92df57f@group-3502E699872C-StateMachineUpdater: set stopIndex = 0
2019-09-25 11:08:57,923 [ForkJoinPool.commonPool-worker-1] INFO  impl.StateMachineUpdater (StateMachineUpdater.java:stopAndJoin(125)) - 47e44219-9d14-4cb3-978d-901354c5ccca@group-960B4437CB03-StateMachineUpdater: set stopIndex = 0
2019-09-25 11:08:57,923 [main] INFO  impl.RaftServerImpl (ServerState.java:close(385)) - a910ee62-e7d5-4551-8567-f4bec92df57f@group-3502E699872C: closes. applyIndex: 0
2019-09-25 11:08:57,924 [ForkJoinPool.commonPool-worker-1] INFO  impl.RaftServerImpl (ServerState.java:close(385)) - 47e44219-9d14-4cb3-978d-901354c5ccca@group-960B4437CB03: closes. applyIndex: 0
2019-09-25 11:08:57,924 [a910ee62-e7d5-4551-8567-f4bec92df57f@group-3502E699872C-SegmentedRaftLogWorker] INFO  segmented.SegmentedRaftLogWorker (SegmentedRaftLogWorker.java:run(313)) - a910ee62-e7d5-4551-8567-f4bec92df57f@group-3502E699872C-SegmentedRaftLogWorker was interrupted, exiting. There are 0 tasks remaining in the queue.
2019-09-25 11:08:57,924 [47e44219-9d14-4cb3-978d-901354c5ccca@group-960B4437CB03-SegmentedRaftLogWorker] INFO  segmented.SegmentedRaftLogWorker (SegmentedRaftLogWorker.java:run(313)) - 47e44219-9d14-4cb3-978d-901354c5ccca@group-960B4437CB03-SegmentedRaftLogWorker was interrupted, exiting. There are 0 tasks remaining in the queue.
2019-09-25 11:08:57,924 [main] INFO  segmented.SegmentedRaftLogWorker (SegmentedRaftLogWorker.java:close(228)) - a910ee62-e7d5-4551-8567-f4bec92df57f@group-3502E699872C-SegmentedRaftLogWorker close()
2019-09-25 11:08:57,924 [ForkJoinPool.commonPool-worker-1] INFO  segmented.SegmentedRaftLogWorker (SegmentedRaftLogWorker.java:close(228)) - 47e44219-9d14-4cb3-978d-901354c5ccca@group-960B4437CB03-SegmentedRaftLogWorker close()
2019-09-25 11:08:57,927 [main] INFO  impl.RaftServerImpl (RaftServerImpl.java:lambda$shutdown$3(251)) - a910ee62-e7d5-4551-8567-f4bec92df57f@group-B8AA32874F27: shutdown
2019-09-25 11:08:57,929 [ForkJoinPool.commonPool-worker-1] INFO  impl.RaftServerImpl (RaftServerImpl.java:lambda$shutdown$3(251)) - 47e44219-9d14-4cb3-978d-901354c5ccca@group-BDF87C468563: shutdown
2019-09-25 11:08:57,929 [main] INFO  util.JmxRegister (JmxRegister.java:unregister(73)) - Successfully un-registered JMX Bean with object name Ratis:service=RaftServer,group=group-B8AA32874F27,id=a910ee62-e7d5-4551-8567-f4bec92df57f
2019-09-25 11:08:57,929 [ForkJoinPool.commonPool-worker-1] INFO  util.JmxRegister (JmxRegister.java:unregister(73)) - Successfully un-registered JMX Bean with object name Ratis:service=RaftServer,group=group-BDF87C468563,id=47e44219-9d14-4cb3-978d-901354c5ccca
2019-09-25 11:08:57,929 [main] INFO  impl.RoleInfo (RoleInfo.java:shutdownLeaderState(104)) - a910ee62-e7d5-4551-8567-f4bec92df57f: shutdown LeaderState
2019-09-25 11:08:57,930 [ForkJoinPool.commonPool-worker-1] INFO  impl.RoleInfo (RoleInfo.java:shutdownLeaderState(104)) - 47e44219-9d14-4cb3-978d-901354c5ccca: shutdown LeaderState
2019-09-25 11:08:57,930 [main] INFO  impl.PendingRequests (PendingRequests.java:sendNotLeaderResponses(202)) - a910ee62-e7d5-4551-8567-f4bec92df57f-PendingRequests: sendNotLeaderResponses
2019-09-25 11:08:57,930 [ForkJoinPool.commonPool-worker-1] INFO  impl.PendingRequests (PendingRequests.java:sendNotLeaderResponses(202)) - 47e44219-9d14-4cb3-978d-901354c5ccca-PendingRequests: sendNotLeaderResponses
2019-09-25 11:08:57,930 [main] INFO  impl.StateMachineUpdater (StateMachineUpdater.java:stopAndJoin(125)) - a910ee62-e7d5-4551-8567-f4bec92df57f@group-B8AA32874F27-StateMachineUpdater: set stopIndex = 0
2019-09-25 11:08:57,931 [ForkJoinPool.commonPool-worker-1] INFO  impl.StateMachineUpdater (StateMachineUpdater.java:stopAndJoin(125)) - 47e44219-9d14-4cb3-978d-901354c5ccca@group-BDF87C468563-StateMachineUpdater: set stopIndex = 0
2019-09-25 11:08:57,931 [main] INFO  impl.RaftServerImpl (ServerState.java:close(385)) - a910ee62-e7d5-4551-8567-f4bec92df57f@group-B8AA32874F27: closes. applyIndex: 0
2019-09-25 11:08:57,931 [ForkJoinPool.commonPool-worker-1] INFO  impl.RaftServerImpl (ServerState.java:close(385)) - 47e44219-9d14-4cb3-978d-901354c5ccca@group-BDF87C468563: closes. applyIndex: 0
2019-09-25 11:08:57,931 [a910ee62-e7d5-4551-8567-f4bec92df57f@group-B8AA32874F27-SegmentedRaftLogWorker] INFO  segmented.SegmentedRaftLogWorker (SegmentedRaftLogWorker.java:run(313)) - a910ee62-e7d5-4551-8567-f4bec92df57f@group-B8AA32874F27-SegmentedRaftLogWorker was interrupted, exiting. There are 0 tasks remaining in the queue.
2019-09-25 11:08:57,931 [47e44219-9d14-4cb3-978d-901354c5ccca@group-BDF87C468563-SegmentedRaftLogWorker] INFO  segmented.SegmentedRaftLogWorker (SegmentedRaftLogWorker.java:run(313)) - 47e44219-9d14-4cb3-978d-901354c5ccca@group-BDF87C468563-SegmentedRaftLogWorker was interrupted, exiting. There are 0 tasks remaining in the queue.
2019-09-25 11:08:57,932 [main] INFO  segmented.SegmentedRaftLogWorker (SegmentedRaftLogWorker.java:close(228)) - a910ee62-e7d5-4551-8567-f4bec92df57f@group-B8AA32874F27-SegmentedRaftLogWorker close()
2019-09-25 11:08:57,932 [ForkJoinPool.commonPool-worker-1] INFO  segmented.SegmentedRaftLogWorker (SegmentedRaftLogWorker.java:close(228)) - 47e44219-9d14-4cb3-978d-901354c5ccca@group-BDF87C468563-SegmentedRaftLogWorker close()
2019-09-25 11:08:57,934 [main] INFO  server.GrpcService (GrpcService.java:closeImpl(164)) - a910ee62-e7d5-4551-8567-f4bec92df57f: shutdown server with port 39441 now
2019-09-25 11:08:57,936 [ForkJoinPool.commonPool-worker-1] INFO  impl.RaftServerImpl (RaftServerImpl.java:lambda$shutdown$3(251)) - 47e44219-9d14-4cb3-978d-901354c5ccca@group-81063009C870: shutdown
2019-09-25 11:08:57,939 [ForkJoinPool.commonPool-worker-1] INFO  util.JmxRegister (JmxRegister.java:unregister(73)) - Successfully un-registered JMX Bean with object name Ratis:service=RaftServer,group=group-81063009C870,id=47e44219-9d14-4cb3-978d-901354c5ccca
2019-09-25 11:08:57,939 [main] INFO  server.GrpcService (GrpcService.java:closeImpl(172)) - a910ee62-e7d5-4551-8567-f4bec92df57f: shutdown server with port 39441 successfully
2019-09-25 11:08:57,939 [ForkJoinPool.commonPool-worker-1] INFO  impl.RoleInfo (RoleInfo.java:shutdownLeaderState(104)) - 47e44219-9d14-4cb3-978d-901354c5ccca: shutdown LeaderState
2019-09-25 11:08:57,940 [ForkJoinPool.commonPool-worker-1] INFO  impl.PendingRequests (PendingRequests.java:sendNotLeaderResponses(202)) - 47e44219-9d14-4cb3-978d-901354c5ccca-PendingRequests: sendNotLeaderResponses
2019-09-25 11:08:57,940 [ForkJoinPool.commonPool-worker-1] INFO  impl.StateMachineUpdater (StateMachineUpdater.java:stopAndJoin(125)) - 47e44219-9d14-4cb3-978d-901354c5ccca@group-81063009C870-StateMachineUpdater: set stopIndex = 0
2019-09-25 11:08:57,940 [ForkJoinPool.commonPool-worker-1] INFO  impl.RaftServerImpl (ServerState.java:close(385)) - 47e44219-9d14-4cb3-978d-901354c5ccca@group-81063009C870: closes. applyIndex: 0
2019-09-25 11:08:57,940 [refreshUsed-/workdir/hadoop-ozone/integration-test/target/test-dir/MiniOzoneClusterImpl-df822a65-554e-408c-8ca9-c8e2ba24269c/datanode-3/data/containers] WARN  fs.CachingGetSpaceUsed (CachingGetSpaceUsed.java:run(183)) - Thread Interrupted waiting to refresh disk information: sleep interrupted
2019-09-25 11:08:57,940 [47e44219-9d14-4cb3-978d-901354c5ccca@group-81063009C870-SegmentedRaftLogWorker] INFO  segmented.SegmentedRaftLogWorker (SegmentedRaftLogWorker.java:run(313)) - 47e44219-9d14-4cb3-978d-901354c5ccca@group-81063009C870-SegmentedRaftLogWorker was interrupted, exiting. There are 0 tasks remaining in the queue.
2019-09-25 11:08:57,941 [ForkJoinPool.commonPool-worker-1] INFO  segmented.SegmentedRaftLogWorker (SegmentedRaftLogWorker.java:close(228)) - 47e44219-9d14-4cb3-978d-901354c5ccca@group-81063009C870-SegmentedRaftLogWorker close()
2019-09-25 11:08:57,943 [ForkJoinPool.commonPool-worker-1] INFO  server.GrpcService (GrpcService.java:closeImpl(164)) - 47e44219-9d14-4cb3-978d-901354c5ccca: shutdown server with port 46243 now
2019-09-25 11:08:57,946 [ForkJoinPool.commonPool-worker-1] INFO  server.GrpcService (GrpcService.java:closeImpl(172)) - 47e44219-9d14-4cb3-978d-901354c5ccca: shutdown server with port 46243 successfully
2019-09-25 11:08:57,947 [refreshUsed-/workdir/hadoop-ozone/integration-test/target/test-dir/MiniOzoneClusterImpl-df822a65-554e-408c-8ca9-c8e2ba24269c/datanode-2/data/containers] WARN  fs.CachingGetSpaceUsed (CachingGetSpaceUsed.java:run(183)) - Thread Interrupted waiting to refresh disk information: sleep interrupted
2019-09-25 11:08:57,959 [main] INFO  utils.BackgroundService (BackgroundService.java:shutdown(148)) - Shutting down service BlockDeletingService
2019-09-25 11:08:57,964 [main] INFO  statemachine.DatanodeStateMachine (DatanodeStateMachine.java:stopDaemon(395)) - Ozone container server stopped.
2019-09-25 11:08:57,965 [main] INFO  handler.ContextHandler (ContextHandler.java:doStop(910)) - Stopped o.e.j.w.WebAppContext@66756662{/,null,UNAVAILABLE}{/hddsDatanode}
2019-09-25 11:08:57,966 [main] INFO  server.AbstractConnector (AbstractConnector.java:doStop(318)) - Stopped ServerConnector@5d14e99e{HTTP/1.1,[http/1.1]}{0.0.0.0:0}
2019-09-25 11:08:57,966 [main] INFO  handler.ContextHandler (ContextHandler.java:doStop(910)) - Stopped o.e.j.s.ServletContextHandler@573aeab2{/static,jar:file:/home/user/.m2/repository/org/apache/hadoop/hadoop-hdds-container-service/0.5.0-SNAPSHOT/hadoop-hdds-container-service-0.5.0-SNAPSHOT.jar!/webapps/static,UNAVAILABLE}
2019-09-25 11:08:57,966 [main] INFO  handler.ContextHandler (ContextHandler.java:doStop(910)) - Stopped o.e.j.s.ServletContextHandler@3a3883c4{/logs,file:///workdir/hadoop-ozone/integration-test/target/log,UNAVAILABLE}
2019-09-25 11:08:57,969 [ForkJoinPool.commonPool-worker-1] INFO  utils.BackgroundService (BackgroundService.java:shutdown(148)) - Shutting down service BlockDeletingService
2019-09-25 11:08:57,976 [ForkJoinPool.commonPool-worker-1] INFO  statemachine.DatanodeStateMachine (DatanodeStateMachine.java:stopDaemon(395)) - Ozone container server stopped.
2019-09-25 11:08:57,984 [ForkJoinPool.commonPool-worker-1] INFO  handler.ContextHandler (ContextHandler.java:doStop(910)) - Stopped o.e.j.w.WebAppContext@5c59a0f7{/,null,UNAVAILABLE}{/hddsDatanode}
2019-09-25 11:08:57,985 [ForkJoinPool.commonPool-worker-1] INFO  server.AbstractConnector (AbstractConnector.java:doStop(318)) - Stopped ServerConnector@101330ad{HTTP/1.1,[http/1.1]}{0.0.0.0:0}
2019-09-25 11:08:57,988 [ForkJoinPool.commonPool-worker-1] INFO  handler.ContextHandler (ContextHandler.java:doStop(910)) - Stopped o.e.j.s.ServletContextHandler@204d9edf{/static,jar:file:/home/user/.m2/repository/org/apache/hadoop/hadoop-hdds-container-service/0.5.0-SNAPSHOT/hadoop-hdds-container-service-0.5.0-SNAPSHOT.jar!/webapps/static,UNAVAILABLE}
2019-09-25 11:08:57,990 [ForkJoinPool.commonPool-worker-1] INFO  handler.ContextHandler (ContextHandler.java:doStop(910)) - Stopped o.e.j.s.ServletContextHandler@7cf8f45a{/logs,file:///workdir/hadoop-ozone/integration-test/target/log,UNAVAILABLE}
2019-09-25 11:08:58,313 [Datanode State Machine Thread - 0] INFO  statemachine.DatanodeStateMachine (DatanodeStateMachine.java:lambda$startDaemon$0(350)) - Ozone container server started.
2019-09-25 11:08:58,323 [Datanode State Machine Thread - 0] INFO  statemachine.DatanodeStateMachine (DatanodeStateMachine.java:lambda$startDaemon$0(350)) - Ozone container server started.
2019-09-25 11:09:02,396 [EventQueue-StaleNodeForStaleNodeHandler] INFO  node.StaleNodeHandler (StaleNodeHandler.java:onMessage(58)) - Datanode 77f2c583-4ee9-4410-825c-925985ec9618{ip: 192.168.30.6, host: pr-hdds-1569-5gmkr-4255264070, networkLocation: /default-rack, certSerialId: null} moved to stale state. Finalizing its pipelines [PipelineID=8ceb9dee-ee25-41ce-a51c-781a64cc0797, PipelineID=10d9671b-8cdb-4970-a48c-503b16c749ea, PipelineID=d346a660-30c3-4b8f-94f8-65c82803be2a, PipelineID=68c1b716-2312-4a76-a639-48a1a243895c, PipelineID=0e156b91-61e8-499e-a40b-8146e08f44c6, PipelineID=b39b2f11-a473-4fcf-87e1-e7215cf0322e]
2019-09-25 11:09:02,397 [EventQueue-StaleNodeForStaleNodeHandler] INFO  pipeline.SCMPipelineManager (SCMPipelineManager.java:finalizeAndDestroyPipeline(316)) - destroying pipeline:Pipeline[ Id: 8ceb9dee-ee25-41ce-a51c-781a64cc0797, Nodes: 77f2c583-4ee9-4410-825c-925985ec9618{ip: 192.168.30.6, host: pr-hdds-1569-5gmkr-4255264070, networkLocation: /default-rack, certSerialId: null}, Type:RATIS, Factor:ONE, State:OPEN]
2019-09-25 11:09:02,397 [EventQueue-StaleNodeForStaleNodeHandler] INFO  pipeline.PipelineStateManager (PipelineStateManager.java:finalizePipeline(123)) - Pipeline Pipeline[ Id: 8ceb9dee-ee25-41ce-a51c-781a64cc0797, Nodes: 77f2c583-4ee9-4410-825c-925985ec9618{ip: 192.168.30.6, host: pr-hdds-1569-5gmkr-4255264070, networkLocation: /default-rack, certSerialId: null}, Type:RATIS, Factor:ONE, State:CLOSED] moved to CLOSED state
2019-09-25 11:09:02,397 [EventQueue-StaleNodeForStaleNodeHandler] INFO  pipeline.SCMPipelineManager (SCMPipelineManager.java:finalizeAndDestroyPipeline(316)) - destroying pipeline:Pipeline[ Id: 10d9671b-8cdb-4970-a48c-503b16c749ea, Nodes: 77f2c583-4ee9-4410-825c-925985ec9618{ip: 192.168.30.6, host: pr-hdds-1569-5gmkr-4255264070, networkLocation: /default-rack, certSerialId: null}, Type:RATIS, Factor:ONE, State:OPEN]
2019-09-25 11:09:02,397 [EventQueue-StaleNodeForStaleNodeHandler] INFO  pipeline.PipelineStateManager (PipelineStateManager.java:finalizePipeline(123)) - Pipeline Pipeline[ Id: 10d9671b-8cdb-4970-a48c-503b16c749ea, Nodes: 77f2c583-4ee9-4410-825c-925985ec9618{ip: 192.168.30.6, host: pr-hdds-1569-5gmkr-4255264070, networkLocation: /default-rack, certSerialId: null}, Type:RATIS, Factor:ONE, State:CLOSED] moved to CLOSED state
2019-09-25 11:09:02,397 [EventQueue-StaleNodeForStaleNodeHandler] INFO  pipeline.SCMPipelineManager (SCMPipelineManager.java:finalizeAndDestroyPipeline(316)) - destroying pipeline:Pipeline[ Id: d346a660-30c3-4b8f-94f8-65c82803be2a, Nodes: 77f2c583-4ee9-4410-825c-925985ec9618{ip: 192.168.30.6, host: pr-hdds-1569-5gmkr-4255264070, networkLocation: /default-rack, certSerialId: null}, Type:RATIS, Factor:ONE, State:OPEN]
2019-09-25 11:09:02,397 [EventQueue-StaleNodeForStaleNodeHandler] INFO  pipeline.PipelineStateManager (PipelineStateManager.java:finalizePipeline(123)) - Pipeline Pipeline[ Id: d346a660-30c3-4b8f-94f8-65c82803be2a, Nodes: 77f2c583-4ee9-4410-825c-925985ec9618{ip: 192.168.30.6, host: pr-hdds-1569-5gmkr-4255264070, networkLocation: /default-rack, certSerialId: null}, Type:RATIS, Factor:ONE, State:CLOSED] moved to CLOSED state
2019-09-25 11:09:02,397 [EventQueue-StaleNodeForStaleNodeHandler] INFO  pipeline.SCMPipelineManager (SCMPipelineManager.java:finalizeAndDestroyPipeline(316)) - destroying pipeline:Pipeline[ Id: 68c1b716-2312-4a76-a639-48a1a243895c, Nodes: 77f2c583-4ee9-4410-825c-925985ec9618{ip: 192.168.30.6, host: pr-hdds-1569-5gmkr-4255264070, networkLocation: /default-rack, certSerialId: null}, Type:RATIS, Factor:ONE, State:OPEN]
2019-09-25 11:09:02,397 [EventQueue-StaleNodeForStaleNodeHandler] INFO  pipeline.PipelineStateManager (PipelineStateManager.java:finalizePipeline(123)) - Pipeline Pipeline[ Id: 68c1b716-2312-4a76-a639-48a1a243895c, Nodes: 77f2c583-4ee9-4410-825c-925985ec9618{ip: 192.168.30.6, host: pr-hdds-1569-5gmkr-4255264070, networkLocation: /default-rack, certSerialId: null}, Type:RATIS, Factor:ONE, State:CLOSED] moved to CLOSED state
2019-09-25 11:09:02,397 [EventQueue-StaleNodeForStaleNodeHandler] INFO  pipeline.SCMPipelineManager (SCMPipelineManager.java:finalizeAndDestroyPipeline(316)) - destroying pipeline:Pipeline[ Id: 0e156b91-61e8-499e-a40b-8146e08f44c6, Nodes: 77f2c583-4ee9-4410-825c-925985ec9618{ip: 192.168.30.6, host: pr-hdds-1569-5gmkr-4255264070, networkLocation: /default-rack, certSerialId: null}, Type:RATIS, Factor:ONE, State:OPEN]
2019-09-25 11:09:02,398 [EventQueue-StaleNodeForStaleNodeHandler] INFO  pipeline.PipelineStateManager (PipelineStateManager.java:finalizePipeline(123)) - Pipeline Pipeline[ Id: 0e156b91-61e8-499e-a40b-8146e08f44c6, Nodes: 77f2c583-4ee9-4410-825c-925985ec9618{ip: 192.168.30.6, host: pr-hdds-1569-5gmkr-4255264070, networkLocation: /default-rack, certSerialId: null}, Type:RATIS, Factor:ONE, State:CLOSED] moved to CLOSED state
2019-09-25 11:09:02,398 [EventQueue-StaleNodeForStaleNodeHandler] INFO  pipeline.SCMPipelineManager (SCMPipelineManager.java:finalizeAndDestroyPipeline(316)) - destroying pipeline:Pipeline[ Id: b39b2f11-a473-4fcf-87e1-e7215cf0322e, Nodes: 77f2c583-4ee9-4410-825c-925985ec9618{ip: 192.168.30.6, host: pr-hdds-1569-5gmkr-4255264070, networkLocation: /default-rack, certSerialId: null}, Type:RATIS, Factor:ONE, State:OPEN]
2019-09-25 11:09:02,398 [EventQueue-StaleNodeForStaleNodeHandler] INFO  pipeline.PipelineStateManager (PipelineStateManager.java:finalizePipeline(123)) - Pipeline Pipeline[ Id: b39b2f11-a473-4fcf-87e1-e7215cf0322e, Nodes: 77f2c583-4ee9-4410-825c-925985ec9618{ip: 192.168.30.6, host: pr-hdds-1569-5gmkr-4255264070, networkLocation: /default-rack, certSerialId: null}, Type:RATIS, Factor:ONE, State:CLOSED] moved to CLOSED state
2019-09-25 11:09:02,398 [EventQueue-StaleNodeForStaleNodeHandler] INFO  node.StaleNodeHandler (StaleNodeHandler.java:onMessage(58)) - Datanode 2d6a7948-ad77-4bf1-924a-02baaf7fc5b0{ip: 192.168.30.6, host: pr-hdds-1569-5gmkr-4255264070, networkLocation: /default-rack, certSerialId: null} moved to stale state. Finalizing its pipelines [PipelineID=18846414-13d3-4504-9fa4-30bd3325e419, PipelineID=dff78e69-0399-4d77-b32d-2664ad285617, PipelineID=28c68306-d575-494a-b7f1-966058fdfee4, PipelineID=20a970ce-7acc-4e5f-b77b-758fe320704c, PipelineID=0e757803-aeda-43ca-a854-b69dfd773a05, PipelineID=fb07e1ed-984c-44c0-86f1-d55d7670fdb7]
2019-09-25 11:09:02,398 [EventQueue-StaleNodeForStaleNodeHandler] INFO  pipeline.SCMPipelineManager (SCMPipelineManager.java:finalizeAndDestroyPipeline(316)) - destroying pipeline:Pipeline[ Id: 18846414-13d3-4504-9fa4-30bd3325e419, Nodes: 2d6a7948-ad77-4bf1-924a-02baaf7fc5b0{ip: 192.168.30.6, host: pr-hdds-1569-5gmkr-4255264070, networkLocation: /default-rack, certSerialId: null}, Type:RATIS, Factor:ONE, State:OPEN]
2019-09-25 11:09:02,398 [EventQueue-StaleNodeForStaleNodeHandler] INFO  pipeline.PipelineStateManager (PipelineStateManager.java:finalizePipeline(123)) - Pipeline Pipeline[ Id: 18846414-13d3-4504-9fa4-30bd3325e419, Nodes: 2d6a7948-ad77-4bf1-924a-02baaf7fc5b0{ip: 192.168.30.6, host: pr-hdds-1569-5gmkr-4255264070, networkLocation: /default-rack, certSerialId: null}, Type:RATIS, Factor:ONE, State:CLOSED] moved to CLOSED state
2019-09-25 11:09:02,398 [EventQueue-StaleNodeForStaleNodeHandler] INFO  pipeline.SCMPipelineManager (SCMPipelineManager.java:finalizeAndDestroyPipeline(316)) - destroying pipeline:Pipeline[ Id: dff78e69-0399-4d77-b32d-2664ad285617, Nodes: 2d6a7948-ad77-4bf1-924a-02baaf7fc5b0{ip: 192.168.30.6, host: pr-hdds-1569-5gmkr-4255264070, networkLocation: /default-rack, certSerialId: null}, Type:RATIS, Factor:ONE, State:OPEN]
2019-09-25 11:09:02,398 [EventQueue-StaleNodeForStaleNodeHandler] INFO  pipeline.PipelineStateManager (PipelineStateManager.java:finalizePipeline(123)) - Pipeline Pipeline[ Id: dff78e69-0399-4d77-b32d-2664ad285617, Nodes: 2d6a7948-ad77-4bf1-924a-02baaf7fc5b0{ip: 192.168.30.6, host: pr-hdds-1569-5gmkr-4255264070, networkLocation: /default-rack, certSerialId: null}, Type:RATIS, Factor:ONE, State:CLOSED] moved to CLOSED state
2019-09-25 11:09:02,398 [EventQueue-StaleNodeForStaleNodeHandler] INFO  pipeline.SCMPipelineManager (SCMPipelineManager.java:finalizeAndDestroyPipeline(316)) - destroying pipeline:Pipeline[ Id: 28c68306-d575-494a-b7f1-966058fdfee4, Nodes: 2d6a7948-ad77-4bf1-924a-02baaf7fc5b0{ip: 192.168.30.6, host: pr-hdds-1569-5gmkr-4255264070, networkLocation: /default-rack, certSerialId: null}, Type:RATIS, Factor:ONE, State:OPEN]
2019-09-25 11:09:02,398 [EventQueue-StaleNodeForStaleNodeHandler] INFO  pipeline.PipelineStateManager (PipelineStateManager.java:finalizePipeline(123)) - Pipeline Pipeline[ Id: 28c68306-d575-494a-b7f1-966058fdfee4, Nodes: 2d6a7948-ad77-4bf1-924a-02baaf7fc5b0{ip: 192.168.30.6, host: pr-hdds-1569-5gmkr-4255264070, networkLocation: /default-rack, certSerialId: null}, Type:RATIS, Factor:ONE, State:CLOSED] moved to CLOSED state
2019-09-25 11:09:02,398 [EventQueue-StaleNodeForStaleNodeHandler] INFO  pipeline.SCMPipelineManager (SCMPipelineManager.java:finalizeAndDestroyPipeline(316)) - destroying pipeline:Pipeline[ Id: 20a970ce-7acc-4e5f-b77b-758fe320704c, Nodes: 2d6a7948-ad77-4bf1-924a-02baaf7fc5b0{ip: 192.168.30.6, host: pr-hdds-1569-5gmkr-4255264070, networkLocation: /default-rack, certSerialId: null}, Type:RATIS, Factor:ONE, State:OPEN]
2019-09-25 11:09:02,399 [EventQueue-StaleNodeForStaleNodeHandler] INFO  pipeline.PipelineStateManager (PipelineStateManager.java:finalizePipeline(123)) - Pipeline Pipeline[ Id: 20a970ce-7acc-4e5f-b77b-758fe320704c, Nodes: 2d6a7948-ad77-4bf1-924a-02baaf7fc5b0{ip: 192.168.30.6, host: pr-hdds-1569-5gmkr-4255264070, networkLocation: /default-rack, certSerialId: null}, Type:RATIS, Factor:ONE, State:CLOSED] moved to CLOSED state
2019-09-25 11:09:02,399 [EventQueue-StaleNodeForStaleNodeHandler] INFO  pipeline.SCMPipelineManager (SCMPipelineManager.java:finalizeAndDestroyPipeline(316)) - destroying pipeline:Pipeline[ Id: 0e757803-aeda-43ca-a854-b69dfd773a05, Nodes: 2d6a7948-ad77-4bf1-924a-02baaf7fc5b0{ip: 192.168.30.6, host: pr-hdds-1569-5gmkr-4255264070, networkLocation: /default-rack, certSerialId: null}, Type:RATIS, Factor:ONE, State:OPEN]
2019-09-25 11:09:02,399 [EventQueue-StaleNodeForStaleNodeHandler] INFO  pipeline.PipelineStateManager (PipelineStateManager.java:finalizePipeline(123)) - Pipeline Pipeline[ Id: 0e757803-aeda-43ca-a854-b69dfd773a05, Nodes: 2d6a7948-ad77-4bf1-924a-02baaf7fc5b0{ip: 192.168.30.6, host: pr-hdds-1569-5gmkr-4255264070, networkLocation: /default-rack, certSerialId: null}, Type:RATIS, Factor:ONE, State:CLOSED] moved to CLOSED state
2019-09-25 11:09:02,399 [EventQueue-StaleNodeForStaleNodeHandler] INFO  pipeline.SCMPipelineManager (SCMPipelineManager.java:finalizeAndDestroyPipeline(316)) - destroying pipeline:Pipeline[ Id: fb07e1ed-984c-44c0-86f1-d55d7670fdb7, Nodes: 2d6a7948-ad77-4bf1-924a-02baaf7fc5b0{ip: 192.168.30.6, host: pr-hdds-1569-5gmkr-4255264070, networkLocation: /default-rack, certSerialId: null}, Type:RATIS, Factor:ONE, State:OPEN]
2019-09-25 11:09:02,399 [EventQueue-StaleNodeForStaleNodeHandler] INFO  pipeline.PipelineStateManager (PipelineStateManager.java:finalizePipeline(123)) - Pipeline Pipeline[ Id: fb07e1ed-984c-44c0-86f1-d55d7670fdb7, Nodes: 2d6a7948-ad77-4bf1-924a-02baaf7fc5b0{ip: 192.168.30.6, host: pr-hdds-1569-5gmkr-4255264070, networkLocation: /default-rack, certSerialId: null}, Type:RATIS, Factor:ONE, State:CLOSED] moved to CLOSED state
2019-09-25 11:09:02,968 [main] INFO  ozoneimpl.OzoneContainer (OzoneContainer.java:stop(231)) - Attempting to stop container services.
2019-09-25 11:09:02,970 [main] INFO  impl.RaftServerProxy (RaftServerProxy.java:lambda$close$4(314)) - 2d6a7948-ad77-4bf1-924a-02baaf7fc5b0: close
2019-09-25 11:09:02,971 [main] INFO  impl.RaftServerImpl (RaftServerImpl.java:lambda$shutdown$3(251)) - 2d6a7948-ad77-4bf1-924a-02baaf7fc5b0@group-2664AD285617: shutdown
2019-09-25 11:09:02,971 [main] INFO  util.JmxRegister (JmxRegister.java:unregister(73)) - Successfully un-registered JMX Bean with object name Ratis:service=RaftServer,group=group-2664AD285617,id=2d6a7948-ad77-4bf1-924a-02baaf7fc5b0
2019-09-25 11:09:02,972 [main] INFO  impl.RoleInfo (RoleInfo.java:shutdownLeaderState(104)) - 2d6a7948-ad77-4bf1-924a-02baaf7fc5b0: shutdown LeaderState
2019-09-25 11:09:02,972 [main] INFO  impl.PendingRequests (PendingRequests.java:sendNotLeaderResponses(202)) - 2d6a7948-ad77-4bf1-924a-02baaf7fc5b0-PendingRequests: sendNotLeaderResponses
2019-09-25 11:09:02,973 [main] INFO  impl.StateMachineUpdater (StateMachineUpdater.java:stopAndJoin(125)) - 2d6a7948-ad77-4bf1-924a-02baaf7fc5b0@group-2664AD285617-StateMachineUpdater: set stopIndex = 0
2019-09-25 11:09:02,973 [main] INFO  impl.RaftServerImpl (ServerState.java:close(385)) - 2d6a7948-ad77-4bf1-924a-02baaf7fc5b0@group-2664AD285617: closes. applyIndex: 0
2019-09-25 11:09:02,974 [2d6a7948-ad77-4bf1-924a-02baaf7fc5b0@group-2664AD285617-SegmentedRaftLogWorker] INFO  segmented.SegmentedRaftLogWorker (SegmentedRaftLogWorker.java:run(313)) - 2d6a7948-ad77-4bf1-924a-02baaf7fc5b0@group-2664AD285617-SegmentedRaftLogWorker was interrupted, exiting. There are 0 tasks remaining in the queue.
2019-09-25 11:09:02,974 [main] INFO  segmented.SegmentedRaftLogWorker (SegmentedRaftLogWorker.java:close(228)) - 2d6a7948-ad77-4bf1-924a-02baaf7fc5b0@group-2664AD285617-SegmentedRaftLogWorker close()
2019-09-25 11:09:02,976 [main] INFO  impl.RaftServerImpl (RaftServerImpl.java:lambda$shutdown$3(251)) - 2d6a7948-ad77-4bf1-924a-02baaf7fc5b0@group-966058FDFEE4: shutdown
2019-09-25 11:09:02,977 [main] INFO  util.JmxRegister (JmxRegister.java:unregister(73)) - Successfully un-registered JMX Bean with object name Ratis:service=RaftServer,group=group-966058FDFEE4,id=2d6a7948-ad77-4bf1-924a-02baaf7fc5b0
2019-09-25 11:09:02,977 [main] INFO  impl.RoleInfo (RoleInfo.java:shutdownLeaderState(104)) - 2d6a7948-ad77-4bf1-924a-02baaf7fc5b0: shutdown LeaderState
2019-09-25 11:09:02,978 [main] INFO  impl.PendingRequests (PendingRequests.java:sendNotLeaderResponses(202)) - 2d6a7948-ad77-4bf1-924a-02baaf7fc5b0-PendingRequests: sendNotLeaderResponses
2019-09-25 11:09:02,978 [main] INFO  impl.StateMachineUpdater (StateMachineUpdater.java:stopAndJoin(125)) - 2d6a7948-ad77-4bf1-924a-02baaf7fc5b0@group-966058FDFEE4-StateMachineUpdater: set stopIndex = 0
2019-09-25 11:09:02,978 [main] INFO  impl.RaftServerImpl (ServerState.java:close(385)) - 2d6a7948-ad77-4bf1-924a-02baaf7fc5b0@group-966058FDFEE4: closes. applyIndex: 0
2019-09-25 11:09:02,979 [2d6a7948-ad77-4bf1-924a-02baaf7fc5b0@group-966058FDFEE4-SegmentedRaftLogWorker] INFO  segmented.SegmentedRaftLogWorker (SegmentedRaftLogWorker.java:run(313)) - 2d6a7948-ad77-4bf1-924a-02baaf7fc5b0@group-966058FDFEE4-SegmentedRaftLogWorker was interrupted, exiting. There are 0 tasks remaining in the queue.
2019-09-25 11:09:02,979 [main] INFO  segmented.SegmentedRaftLogWorker (SegmentedRaftLogWorker.java:close(228)) - 2d6a7948-ad77-4bf1-924a-02baaf7fc5b0@group-966058FDFEE4-SegmentedRaftLogWorker close()
2019-09-25 11:09:02,981 [main] INFO  impl.RaftServerImpl (RaftServerImpl.java:lambda$shutdown$3(251)) - 2d6a7948-ad77-4bf1-924a-02baaf7fc5b0@group-30BD3325E419: shutdown
2019-09-25 11:09:02,982 [main] INFO  util.JmxRegister (JmxRegister.java:unregister(73)) - Successfully un-registered JMX Bean with object name Ratis:service=RaftServer,group=group-30BD3325E419,id=2d6a7948-ad77-4bf1-924a-02baaf7fc5b0
2019-09-25 11:09:02,982 [main] INFO  impl.RoleInfo (RoleInfo.java:shutdownLeaderState(104)) - 2d6a7948-ad77-4bf1-924a-02baaf7fc5b0: shutdown LeaderState
2019-09-25 11:09:02,982 [main] INFO  impl.PendingRequests (PendingRequests.java:sendNotLeaderResponses(202)) - 2d6a7948-ad77-4bf1-924a-02baaf7fc5b0-PendingRequests: sendNotLeaderResponses
2019-09-25 11:09:02,983 [main] INFO  impl.StateMachineUpdater (StateMachineUpdater.java:stopAndJoin(125)) - 2d6a7948-ad77-4bf1-924a-02baaf7fc5b0@group-30BD3325E419-StateMachineUpdater: set stopIndex = 0
2019-09-25 11:09:02,983 [main] INFO  impl.RaftServerImpl (ServerState.java:close(385)) - 2d6a7948-ad77-4bf1-924a-02baaf7fc5b0@group-30BD3325E419: closes. applyIndex: 0
2019-09-25 11:09:02,984 [2d6a7948-ad77-4bf1-924a-02baaf7fc5b0@group-30BD3325E419-SegmentedRaftLogWorker] INFO  segmented.SegmentedRaftLogWorker (SegmentedRaftLogWorker.java:run(313)) - 2d6a7948-ad77-4bf1-924a-02baaf7fc5b0@group-30BD3325E419-SegmentedRaftLogWorker was interrupted, exiting. There are 0 tasks remaining in the queue.
2019-09-25 11:09:02,984 [main] INFO  segmented.SegmentedRaftLogWorker (SegmentedRaftLogWorker.java:close(228)) - 2d6a7948-ad77-4bf1-924a-02baaf7fc5b0@group-30BD3325E419-SegmentedRaftLogWorker close()
2019-09-25 11:09:02,986 [main] INFO  impl.RaftServerImpl (RaftServerImpl.java:lambda$shutdown$3(251)) - 2d6a7948-ad77-4bf1-924a-02baaf7fc5b0@group-758FE320704C: shutdown
2019-09-25 11:09:02,986 [main] INFO  util.JmxRegister (JmxRegister.java:unregister(73)) - Successfully un-registered JMX Bean with object name Ratis:service=RaftServer,group=group-758FE320704C,id=2d6a7948-ad77-4bf1-924a-02baaf7fc5b0
2019-09-25 11:09:02,987 [main] INFO  impl.RoleInfo (RoleInfo.java:shutdownLeaderState(104)) - 2d6a7948-ad77-4bf1-924a-02baaf7fc5b0: shutdown LeaderState
2019-09-25 11:09:02,987 [main] INFO  impl.PendingRequests (PendingRequests.java:sendNotLeaderResponses(202)) - 2d6a7948-ad77-4bf1-924a-02baaf7fc5b0-PendingRequests: sendNotLeaderResponses
2019-09-25 11:09:02,987 [main] INFO  impl.StateMachineUpdater (StateMachineUpdater.java:stopAndJoin(125)) - 2d6a7948-ad77-4bf1-924a-02baaf7fc5b0@group-758FE320704C-StateMachineUpdater: set stopIndex = 0
2019-09-25 11:09:02,988 [main] INFO  impl.RaftServerImpl (ServerState.java:close(385)) - 2d6a7948-ad77-4bf1-924a-02baaf7fc5b0@group-758FE320704C: closes. applyIndex: 0
2019-09-25 11:09:02,988 [2d6a7948-ad77-4bf1-924a-02baaf7fc5b0@group-758FE320704C-SegmentedRaftLogWorker] INFO  segmented.SegmentedRaftLogWorker (SegmentedRaftLogWorker.java:run(313)) - 2d6a7948-ad77-4bf1-924a-02baaf7fc5b0@group-758FE320704C-SegmentedRaftLogWorker was interrupted, exiting. There are 0 tasks remaining in the queue.
2019-09-25 11:09:02,988 [main] INFO  segmented.SegmentedRaftLogWorker (SegmentedRaftLogWorker.java:close(228)) - 2d6a7948-ad77-4bf1-924a-02baaf7fc5b0@group-758FE320704C-SegmentedRaftLogWorker close()
2019-09-25 11:09:02,990 [main] INFO  impl.RaftServerImpl (RaftServerImpl.java:lambda$shutdown$3(251)) - 2d6a7948-ad77-4bf1-924a-02baaf7fc5b0@group-B69DFD773A05: shutdown
2019-09-25 11:09:02,991 [main] INFO  util.JmxRegister (JmxRegister.java:unregister(73)) - Successfully un-registered JMX Bean with object name Ratis:service=RaftServer,group=group-B69DFD773A05,id=2d6a7948-ad77-4bf1-924a-02baaf7fc5b0
2019-09-25 11:09:02,991 [main] INFO  impl.RoleInfo (RoleInfo.java:shutdownLeaderState(104)) - 2d6a7948-ad77-4bf1-924a-02baaf7fc5b0: shutdown LeaderState
2019-09-25 11:09:02,991 [ForkJoinPool.commonPool-worker-1] INFO  ozoneimpl.OzoneContainer (OzoneContainer.java:stop(231)) - Attempting to stop container services.
2019-09-25 11:09:02,991 [main] INFO  impl.PendingRequests (PendingRequests.java:sendNotLeaderResponses(202)) - 2d6a7948-ad77-4bf1-924a-02baaf7fc5b0-PendingRequests: sendNotLeaderResponses
2019-09-25 11:09:02,992 [ForkJoinPool.commonPool-worker-1] INFO  impl.RaftServerProxy (RaftServerProxy.java:lambda$close$4(314)) - 77f2c583-4ee9-4410-825c-925985ec9618: close
2019-09-25 11:09:02,992 [main] INFO  impl.StateMachineUpdater (StateMachineUpdater.java:stopAndJoin(125)) - 2d6a7948-ad77-4bf1-924a-02baaf7fc5b0@group-B69DFD773A05-StateMachineUpdater: set stopIndex = 0
2019-09-25 11:09:02,992 [ForkJoinPool.commonPool-worker-1] INFO  impl.RaftServerImpl (RaftServerImpl.java:lambda$shutdown$3(251)) - 77f2c583-4ee9-4410-825c-925985ec9618@group-48A1A243895C: shutdown
2019-09-25 11:09:02,992 [main] INFO  impl.RaftServerImpl (ServerState.java:close(385)) - 2d6a7948-ad77-4bf1-924a-02baaf7fc5b0@group-B69DFD773A05: closes. applyIndex: 0
2019-09-25 11:09:02,993 [ForkJoinPool.commonPool-worker-1] INFO  util.JmxRegister (JmxRegister.java:unregister(73)) - Successfully un-registered JMX Bean with object name Ratis:service=RaftServer,group=group-48A1A243895C,id=77f2c583-4ee9-4410-825c-925985ec9618
2019-09-25 11:09:02,993 [ForkJoinPool.commonPool-worker-1] INFO  impl.RoleInfo (RoleInfo.java:shutdownLeaderState(104)) - 77f2c583-4ee9-4410-825c-925985ec9618: shutdown LeaderState
2019-09-25 11:09:02,993 [2d6a7948-ad77-4bf1-924a-02baaf7fc5b0@group-B69DFD773A05-SegmentedRaftLogWorker] INFO  segmented.SegmentedRaftLogWorker (SegmentedRaftLogWorker.java:run(313)) - 2d6a7948-ad77-4bf1-924a-02baaf7fc5b0@group-B69DFD773A05-SegmentedRaftLogWorker was interrupted, exiting. There are 0 tasks remaining in the queue.
2019-09-25 11:09:02,993 [ForkJoinPool.commonPool-worker-1] INFO  impl.PendingRequests (PendingRequests.java:sendNotLeaderResponses(202)) - 77f2c583-4ee9-4410-825c-925985ec9618-PendingRequests: sendNotLeaderResponses
2019-09-25 11:09:02,993 [main] INFO  segmented.SegmentedRaftLogWorker (SegmentedRaftLogWorker.java:close(228)) - 2d6a7948-ad77-4bf1-924a-02baaf7fc5b0@group-B69DFD773A05-SegmentedRaftLogWorker close()
2019-09-25 11:09:02,994 [ForkJoinPool.commonPool-worker-1] INFO  impl.StateMachineUpdater (StateMachineUpdater.java:stopAndJoin(125)) - 77f2c583-4ee9-4410-825c-925985ec9618@group-48A1A243895C-StateMachineUpdater: set stopIndex = 0
2019-09-25 11:09:02,996 [main] INFO  impl.RaftServerImpl (RaftServerImpl.java:lambda$shutdown$3(251)) - 2d6a7948-ad77-4bf1-924a-02baaf7fc5b0@group-D55D7670FDB7: shutdown
2019-09-25 11:09:02,997 [ForkJoinPool.commonPool-worker-1] INFO  impl.RaftServerImpl (ServerState.java:close(385)) - 77f2c583-4ee9-4410-825c-925985ec9618@group-48A1A243895C: closes. applyIndex: 0
2019-09-25 11:09:02,997 [main] INFO  util.JmxRegister (JmxRegister.java:unregister(73)) - Successfully un-registered JMX Bean with object name Ratis:service=RaftServer,group=group-D55D7670FDB7,id=2d6a7948-ad77-4bf1-924a-02baaf7fc5b0
2019-09-25 11:09:02,998 [main] INFO  impl.RoleInfo (RoleInfo.java:shutdownLeaderState(104)) - 2d6a7948-ad77-4bf1-924a-02baaf7fc5b0: shutdown LeaderState
2019-09-25 11:09:02,997 [77f2c583-4ee9-4410-825c-925985ec9618@group-48A1A243895C-SegmentedRaftLogWorker] INFO  segmented.SegmentedRaftLogWorker (SegmentedRaftLogWorker.java:run(313)) - 77f2c583-4ee9-4410-825c-925985ec9618@group-48A1A243895C-SegmentedRaftLogWorker was interrupted, exiting. There are 0 tasks remaining in the queue.
2019-09-25 11:09:02,998 [main] INFO  impl.PendingRequests (PendingRequests.java:sendNotLeaderResponses(202)) - 2d6a7948-ad77-4bf1-924a-02baaf7fc5b0-PendingRequests: sendNotLeaderResponses
2019-09-25 11:09:02,999 [ForkJoinPool.commonPool-worker-1] INFO  segmented.SegmentedRaftLogWorker (SegmentedRaftLogWorker.java:close(228)) - 77f2c583-4ee9-4410-825c-925985ec9618@group-48A1A243895C-SegmentedRaftLogWorker close()
2019-09-25 11:09:02,999 [main] INFO  impl.StateMachineUpdater (StateMachineUpdater.java:stopAndJoin(125)) - 2d6a7948-ad77-4bf1-924a-02baaf7fc5b0@group-D55D7670FDB7-StateMachineUpdater: set stopIndex = 0
2019-09-25 11:09:03,002 [ForkJoinPool.commonPool-worker-1] INFO  impl.RaftServerImpl (RaftServerImpl.java:lambda$shutdown$3(251)) - 77f2c583-4ee9-4410-825c-925985ec9618@group-8146E08F44C6: shutdown
2019-09-25 11:09:03,002 [main] INFO  impl.RaftServerImpl (ServerState.java:close(385)) - 2d6a7948-ad77-4bf1-924a-02baaf7fc5b0@group-D55D7670FDB7: closes. applyIndex: 0
2019-09-25 11:09:03,002 [ForkJoinPool.commonPool-worker-1] INFO  util.JmxRegister (JmxRegister.java:unregister(73)) - Successfully un-registered JMX Bean with object name Ratis:service=RaftServer,group=group-8146E08F44C6,id=77f2c583-4ee9-4410-825c-925985ec9618
2019-09-25 11:09:03,003 [ForkJoinPool.commonPool-worker-1] INFO  impl.RoleInfo (RoleInfo.java:shutdownLeaderState(104)) - 77f2c583-4ee9-4410-825c-925985ec9618: shutdown LeaderState
2019-09-25 11:09:03,003 [2d6a7948-ad77-4bf1-924a-02baaf7fc5b0@group-D55D7670FDB7-SegmentedRaftLogWorker] INFO  segmented.SegmentedRaftLogWorker (SegmentedRaftLogWorker.java:run(313)) - 2d6a7948-ad77-4bf1-924a-02baaf7fc5b0@group-D55D7670FDB7-SegmentedRaftLogWorker was interrupted, exiting. There are 0 tasks remaining in the queue.
2019-09-25 11:09:03,003 [ForkJoinPool.commonPool-worker-1] INFO  impl.PendingRequests (PendingRequests.java:sendNotLeaderResponses(202)) - 77f2c583-4ee9-4410-825c-925985ec9618-PendingRequests: sendNotLeaderResponses
2019-09-25 11:09:03,003 [main] INFO  segmented.SegmentedRaftLogWorker (SegmentedRaftLogWorker.java:close(228)) - 2d6a7948-ad77-4bf1-924a-02baaf7fc5b0@group-D55D7670FDB7-SegmentedRaftLogWorker close()
2019-09-25 11:09:03,003 [ForkJoinPool.commonPool-worker-1] INFO  impl.StateMachineUpdater (StateMachineUpdater.java:stopAndJoin(125)) - 77f2c583-4ee9-4410-825c-925985ec9618@group-8146E08F44C6-StateMachineUpdater: set stopIndex = 0
2019-09-25 11:09:03,006 [main] INFO  server.GrpcService (GrpcService.java:closeImpl(164)) - 2d6a7948-ad77-4bf1-924a-02baaf7fc5b0: shutdown server with port 36745 now
2019-09-25 11:09:03,006 [ForkJoinPool.commonPool-worker-1] INFO  impl.RaftServerImpl (ServerState.java:close(385)) - 77f2c583-4ee9-4410-825c-925985ec9618@group-8146E08F44C6: closes. applyIndex: 0
2019-09-25 11:09:03,008 [main] INFO  server.GrpcService (GrpcService.java:closeImpl(172)) - 2d6a7948-ad77-4bf1-924a-02baaf7fc5b0: shutdown server with port 36745 successfully
2019-09-25 11:09:03,008 [77f2c583-4ee9-4410-825c-925985ec9618@group-8146E08F44C6-SegmentedRaftLogWorker] INFO  segmented.SegmentedRaftLogWorker (SegmentedRaftLogWorker.java:run(313)) - 77f2c583-4ee9-4410-825c-925985ec9618@group-8146E08F44C6-SegmentedRaftLogWorker was interrupted, exiting. There are 0 tasks remaining in the queue.
2019-09-25 11:09:03,009 [ForkJoinPool.commonPool-worker-1] INFO  segmented.SegmentedRaftLogWorker (SegmentedRaftLogWorker.java:close(228)) - 77f2c583-4ee9-4410-825c-925985ec9618@group-8146E08F44C6-SegmentedRaftLogWorker close()
2019-09-25 11:09:03,025 [ForkJoinPool.commonPool-worker-1] INFO  impl.RaftServerImpl (RaftServerImpl.java:lambda$shutdown$3(251)) - 77f2c583-4ee9-4410-825c-925985ec9618@group-781A64CC0797: shutdown
2019-09-25 11:09:03,026 [ForkJoinPool.commonPool-worker-1] INFO  util.JmxRegister (JmxRegister.java:unregister(73)) - Successfully un-registered JMX Bean with object name Ratis:service=RaftServer,group=group-781A64CC0797,id=77f2c583-4ee9-4410-825c-925985ec9618
2019-09-25 11:09:03,026 [ForkJoinPool.commonPool-worker-1] INFO  impl.RoleInfo (RoleInfo.java:shutdownLeaderState(104)) - 77f2c583-4ee9-4410-825c-925985ec9618: shutdown LeaderState
2019-09-25 11:09:03,026 [ForkJoinPool.commonPool-worker-1] INFO  impl.PendingRequests (PendingRequests.java:sendNotLeaderResponses(202)) - 77f2c583-4ee9-4410-825c-925985ec9618-PendingRequests: sendNotLeaderResponses
2019-09-25 11:09:03,026 [ForkJoinPool.commonPool-worker-1] INFO  impl.StateMachineUpdater (StateMachineUpdater.java:stopAndJoin(125)) - 77f2c583-4ee9-4410-825c-925985ec9618@group-781A64CC0797-StateMachineUpdater: set stopIndex = 0
2019-09-25 11:09:03,034 [ForkJoinPool.commonPool-worker-1] INFO  impl.RaftServerImpl (ServerState.java:close(385)) - 77f2c583-4ee9-4410-825c-925985ec9618@group-781A64CC0797: closes. applyIndex: 0
2019-09-25 11:09:03,035 [refreshUsed-/workdir/hadoop-ozone/integration-test/target/test-dir/MiniOzoneClusterImpl-df822a65-554e-408c-8ca9-c8e2ba24269c/datanode-6/data/containers] WARN  fs.CachingGetSpaceUsed (CachingGetSpaceUsed.java:run(183)) - Thread Interrupted waiting to refresh disk information: sleep interrupted
2019-09-25 11:09:03,035 [77f2c583-4ee9-4410-825c-925985ec9618@group-781A64CC0797-SegmentedRaftLogWorker] INFO  segmented.SegmentedRaftLogWorker (SegmentedRaftLogWorker.java:run(313)) - 77f2c583-4ee9-4410-825c-925985ec9618@group-781A64CC0797-SegmentedRaftLogWorker was interrupted, exiting. There are 0 tasks remaining in the queue.
2019-09-25 11:09:03,035 [ForkJoinPool.commonPool-worker-1] INFO  segmented.SegmentedRaftLogWorker (SegmentedRaftLogWorker.java:close(228)) - 77f2c583-4ee9-4410-825c-925985ec9618@group-781A64CC0797-SegmentedRaftLogWorker close()
2019-09-25 11:09:03,036 [ForkJoinPool.commonPool-worker-1] INFO  impl.RaftServerImpl (RaftServerImpl.java:lambda$shutdown$3(251)) - 77f2c583-4ee9-4410-825c-925985ec9618@group-503B16C749EA: shutdown
2019-09-25 11:09:03,036 [ForkJoinPool.commonPool-worker-1] INFO  util.JmxRegister (JmxRegister.java:unregister(73)) - Successfully un-registered JMX Bean with object name Ratis:service=RaftServer,group=group-503B16C749EA,id=77f2c583-4ee9-4410-825c-925985ec9618
2019-09-25 11:09:03,036 [ForkJoinPool.commonPool-worker-1] INFO  impl.RoleInfo (RoleInfo.java:shutdownLeaderState(104)) - 77f2c583-4ee9-4410-825c-925985ec9618: shutdown LeaderState
2019-09-25 11:09:03,037 [ForkJoinPool.commonPool-worker-1] INFO  impl.PendingRequests (PendingRequests.java:sendNotLeaderResponses(202)) - 77f2c583-4ee9-4410-825c-925985ec9618-PendingRequests: sendNotLeaderResponses
2019-09-25 11:09:03,038 [ForkJoinPool.commonPool-worker-1] INFO  impl.StateMachineUpdater (StateMachineUpdater.java:stopAndJoin(125)) - 77f2c583-4ee9-4410-825c-925985ec9618@group-503B16C749EA-StateMachineUpdater: set stopIndex = 0
2019-09-25 11:09:03,038 [ForkJoinPool.commonPool-worker-1] INFO  impl.RaftServerImpl (ServerState.java:close(385)) - 77f2c583-4ee9-4410-825c-925985ec9618@group-503B16C749EA: closes. applyIndex: 0
2019-09-25 11:09:03,038 [77f2c583-4ee9-4410-825c-925985ec9618@group-503B16C749EA-SegmentedRaftLogWorker] INFO  segmented.SegmentedRaftLogWorker (SegmentedRaftLogWorker.java:run(313)) - 77f2c583-4ee9-4410-825c-925985ec9618@group-503B16C749EA-SegmentedRaftLogWorker was interrupted, exiting. There are 0 tasks remaining in the queue.
2019-09-25 11:09:03,038 [ForkJoinPool.commonPool-worker-1] INFO  segmented.SegmentedRaftLogWorker (SegmentedRaftLogWorker.java:close(228)) - 77f2c583-4ee9-4410-825c-925985ec9618@group-503B16C749EA-SegmentedRaftLogWorker close()
2019-09-25 11:09:03,038 [ForkJoinPool.commonPool-worker-1] INFO  impl.RaftServerImpl (RaftServerImpl.java:lambda$shutdown$3(251)) - 77f2c583-4ee9-4410-825c-925985ec9618@group-65C82803BE2A: shutdown
2019-09-25 11:09:03,039 [ForkJoinPool.commonPool-worker-1] INFO  util.JmxRegister (JmxRegister.java:unregister(73)) - Successfully un-registered JMX Bean with object name Ratis:service=RaftServer,group=group-65C82803BE2A,id=77f2c583-4ee9-4410-825c-925985ec9618
2019-09-25 11:09:03,039 [ForkJoinPool.commonPool-worker-1] INFO  impl.RoleInfo (RoleInfo.java:shutdownLeaderState(104)) - 77f2c583-4ee9-4410-825c-925985ec9618: shutdown LeaderState
2019-09-25 11:09:03,039 [ForkJoinPool.commonPool-worker-1] INFO  impl.PendingRequests (PendingRequests.java:sendNotLeaderResponses(202)) - 77f2c583-4ee9-4410-825c-925985ec9618-PendingRequests: sendNotLeaderResponses
2019-09-25 11:09:03,039 [ForkJoinPool.commonPool-worker-1] INFO  impl.StateMachineUpdater (StateMachineUpdater.java:stopAndJoin(125)) - 77f2c583-4ee9-4410-825c-925985ec9618@group-65C82803BE2A-StateMachineUpdater: set stopIndex = 0
2019-09-25 11:09:03,039 [ForkJoinPool.commonPool-worker-1] INFO  impl.RaftServerImpl (ServerState.java:close(385)) - 77f2c583-4ee9-4410-825c-925985ec9618@group-65C82803BE2A: closes. applyIndex: 0
2019-09-25 11:09:03,039 [77f2c583-4ee9-4410-825c-925985ec9618@group-65C82803BE2A-SegmentedRaftLogWorker] INFO  segmented.SegmentedRaftLogWorker (SegmentedRaftLogWorker.java:run(313)) - 77f2c583-4ee9-4410-825c-925985ec9618@group-65C82803BE2A-SegmentedRaftLogWorker was interrupted, exiting. There are 0 tasks remaining in the queue.
2019-09-25 11:09:03,040 [ForkJoinPool.commonPool-worker-1] INFO  segmented.SegmentedRaftLogWorker (SegmentedRaftLogWorker.java:close(228)) - 77f2c583-4ee9-4410-825c-925985ec9618@group-65C82803BE2A-SegmentedRaftLogWorker close()
2019-09-25 11:09:03,040 [ForkJoinPool.commonPool-worker-1] INFO  impl.RaftServerImpl (RaftServerImpl.java:lambda$shutdown$3(251)) - 77f2c583-4ee9-4410-825c-925985ec9618@group-E7215CF0322E: shutdown
2019-09-25 11:09:03,040 [ForkJoinPool.commonPool-worker-1] INFO  util.JmxRegister (JmxRegister.java:unregister(73)) - Successfully un-registered JMX Bean with object name Ratis:service=RaftServer,group=group-E7215CF0322E,id=77f2c583-4ee9-4410-825c-925985ec9618
2019-09-25 11:09:03,040 [ForkJoinPool.commonPool-worker-1] INFO  impl.RoleInfo (RoleInfo.java:shutdownLeaderState(104)) - 77f2c583-4ee9-4410-825c-925985ec9618: shutdown LeaderState
2019-09-25 11:09:03,040 [ForkJoinPool.commonPool-worker-1] INFO  impl.PendingRequests (PendingRequests.java:sendNotLeaderResponses(202)) - 77f2c583-4ee9-4410-825c-925985ec9618-PendingRequests: sendNotLeaderResponses
2019-09-25 11:09:03,040 [ForkJoinPool.commonPool-worker-1] INFO  impl.StateMachineUpdater (StateMachineUpdater.java:stopAndJoin(125)) - 77f2c583-4ee9-4410-825c-925985ec9618@group-E7215CF0322E-StateMachineUpdater: set stopIndex = 0
2019-09-25 11:09:03,041 [ForkJoinPool.commonPool-worker-1] INFO  impl.RaftServerImpl (ServerState.java:close(385)) - 77f2c583-4ee9-4410-825c-925985ec9618@group-E7215CF0322E: closes. applyIndex: 0
2019-09-25 11:09:03,041 [77f2c583-4ee9-4410-825c-925985ec9618@group-E7215CF0322E-SegmentedRaftLogWorker] INFO  segmented.SegmentedRaftLogWorker (SegmentedRaftLogWorker.java:run(313)) - 77f2c583-4ee9-4410-825c-925985ec9618@group-E7215CF0322E-SegmentedRaftLogWorker was interrupted, exiting. There are 0 tasks remaining in the queue.
2019-09-25 11:09:03,041 [ForkJoinPool.commonPool-worker-1] INFO  segmented.SegmentedRaftLogWorker (SegmentedRaftLogWorker.java:close(228)) - 77f2c583-4ee9-4410-825c-925985ec9618@group-E7215CF0322E-SegmentedRaftLogWorker close()
2019-09-25 11:09:03,041 [ForkJoinPool.commonPool-worker-1] INFO  server.GrpcService (GrpcService.java:closeImpl(164)) - 77f2c583-4ee9-4410-825c-925985ec9618: shutdown server with port 45405 now
2019-09-25 11:09:03,043 [ForkJoinPool.commonPool-worker-1] INFO  server.GrpcService (GrpcService.java:closeImpl(172)) - 77f2c583-4ee9-4410-825c-925985ec9618: shutdown server with port 45405 successfully
2019-09-25 11:09:03,044 [refreshUsed-/workdir/hadoop-ozone/integration-test/target/test-dir/MiniOzoneClusterImpl-df822a65-554e-408c-8ca9-c8e2ba24269c/datanode-0/data/containers] WARN  fs.CachingGetSpaceUsed (CachingGetSpaceUsed.java:run(183)) - Thread Interrupted waiting to refresh disk information: sleep interrupted
2019-09-25 11:09:03,052 [main] INFO  utils.BackgroundService (BackgroundService.java:shutdown(148)) - Shutting down service BlockDeletingService
2019-09-25 11:09:03,059 [main] INFO  statemachine.DatanodeStateMachine (DatanodeStateMachine.java:stopDaemon(395)) - Ozone container server stopped.
2019-09-25 11:09:03,060 [main] INFO  handler.ContextHandler (ContextHandler.java:doStop(910)) - Stopped o.e.j.w.WebAppContext@10a907ec{/,null,UNAVAILABLE}{/hddsDatanode}
2019-09-25 11:09:03,060 [ForkJoinPool.commonPool-worker-1] INFO  utils.BackgroundService (BackgroundService.java:shutdown(148)) - Shutting down service BlockDeletingService
2019-09-25 11:09:03,062 [main] INFO  server.AbstractConnector (AbstractConnector.java:doStop(318)) - Stopped ServerConnector@59b492ec{HTTP/1.1,[http/1.1]}{0.0.0.0:0}
2019-09-25 11:09:03,066 [ForkJoinPool.commonPool-worker-1] INFO  statemachine.DatanodeStateMachine (DatanodeStateMachine.java:stopDaemon(395)) - Ozone container server stopped.
2019-09-25 11:09:03,066 [main] INFO  handler.ContextHandler (ContextHandler.java:doStop(910)) - Stopped o.e.j.s.ServletContextHandler@3a109ff7{/static,jar:file:/home/user/.m2/repository/org/apache/hadoop/hadoop-hdds-container-service/0.5.0-SNAPSHOT/hadoop-hdds-container-service-0.5.0-SNAPSHOT.jar!/webapps/static,UNAVAILABLE}
2019-09-25 11:09:03,070 [main] INFO  handler.ContextHandler (ContextHandler.java:doStop(910)) - Stopped o.e.j.s.ServletContextHandler@2b441e56{/logs,file:///workdir/hadoop-ozone/integration-test/target/log,UNAVAILABLE}
2019-09-25 11:09:03,071 [ForkJoinPool.commonPool-worker-1] INFO  handler.ContextHandler (ContextHandler.java:doStop(910)) - Stopped o.e.j.w.WebAppContext@ef86c72{/,null,UNAVAILABLE}{/hddsDatanode}
2019-09-25 11:09:03,072 [ForkJoinPool.commonPool-worker-1] INFO  server.AbstractConnector (AbstractConnector.java:doStop(318)) - Stopped ServerConnector@123307c4{HTTP/1.1,[http/1.1]}{0.0.0.0:0}
2019-09-25 11:09:03,073 [ForkJoinPool.commonPool-worker-1] INFO  handler.ContextHandler (ContextHandler.java:doStop(910)) - Stopped o.e.j.s.ServletContextHandler@77324a58{/static,jar:file:/home/user/.m2/repository/org/apache/hadoop/hadoop-hdds-container-service/0.5.0-SNAPSHOT/hadoop-hdds-container-service-0.5.0-SNAPSHOT.jar!/webapps/static,UNAVAILABLE}
2019-09-25 11:09:03,075 [ForkJoinPool.commonPool-worker-1] INFO  handler.ContextHandler (ContextHandler.java:doStop(910)) - Stopped o.e.j.s.ServletContextHandler@5329f6b3{/logs,file:///workdir/hadoop-ozone/integration-test/target/log,UNAVAILABLE}
2019-09-25 11:09:03,316 [Datanode State Machine Thread - 0] INFO  statemachine.DatanodeStateMachine (DatanodeStateMachine.java:lambda$startDaemon$0(350)) - Ozone container server started.
2019-09-25 11:09:07,403 [EventQueue-StaleNodeForStaleNodeHandler] INFO  node.StaleNodeHandler (StaleNodeHandler.java:onMessage(58)) - Datanode 975b33e8-e2cc-4a40-852a-f9fd970783fd{ip: 192.168.30.6, host: pr-hdds-1569-5gmkr-4255264070, networkLocation: /default-rack, certSerialId: null} moved to stale state. Finalizing its pipelines [PipelineID=3a2fd476-6d7d-43e5-8eb1-b3b393d3d610, PipelineID=f6977fbd-4641-423e-89c2-80a5b0f73212, PipelineID=109a9015-c0d8-4e8e-a20f-c4e9eb0a16bd, PipelineID=8780e44c-ad94-4a66-9ea6-3bcc29e616cb, PipelineID=ebd8e2a3-839b-4f6f-a7ff-72e7afe52558, PipelineID=06dd2815-6012-46ba-9e62-9bdc0a103475]
2019-09-25 11:09:07,403 [EventQueue-StaleNodeForStaleNodeHandler] INFO  pipeline.SCMPipelineManager (SCMPipelineManager.java:finalizeAndDestroyPipeline(316)) - destroying pipeline:Pipeline[ Id: 3a2fd476-6d7d-43e5-8eb1-b3b393d3d610, Nodes: 975b33e8-e2cc-4a40-852a-f9fd970783fd{ip: 192.168.30.6, host: pr-hdds-1569-5gmkr-4255264070, networkLocation: /default-rack, certSerialId: null}, Type:RATIS, Factor:ONE, State:OPEN]
2019-09-25 11:09:07,404 [EventQueue-StaleNodeForStaleNodeHandler] INFO  pipeline.PipelineStateManager (PipelineStateManager.java:finalizePipeline(123)) - Pipeline Pipeline[ Id: 3a2fd476-6d7d-43e5-8eb1-b3b393d3d610, Nodes: 975b33e8-e2cc-4a40-852a-f9fd970783fd{ip: 192.168.30.6, host: pr-hdds-1569-5gmkr-4255264070, networkLocation: /default-rack, certSerialId: null}, Type:RATIS, Factor:ONE, State:CLOSED] moved to CLOSED state
2019-09-25 11:09:07,404 [EventQueue-StaleNodeForStaleNodeHandler] INFO  pipeline.SCMPipelineManager (SCMPipelineManager.java:finalizeAndDestroyPipeline(316)) - destroying pipeline:Pipeline[ Id: f6977fbd-4641-423e-89c2-80a5b0f73212, Nodes: 975b33e8-e2cc-4a40-852a-f9fd970783fd{ip: 192.168.30.6, host: pr-hdds-1569-5gmkr-4255264070, networkLocation: /default-rack, certSerialId: null}, Type:RATIS, Factor:ONE, State:OPEN]
2019-09-25 11:09:07,404 [EventQueue-StaleNodeForStaleNodeHandler] INFO  pipeline.PipelineStateManager (PipelineStateManager.java:finalizePipeline(123)) - Pipeline Pipeline[ Id: f6977fbd-4641-423e-89c2-80a5b0f73212, Nodes: 975b33e8-e2cc-4a40-852a-f9fd970783fd{ip: 192.168.30.6, host: pr-hdds-1569-5gmkr-4255264070, networkLocation: /default-rack, certSerialId: null}, Type:RATIS, Factor:ONE, State:CLOSED] moved to CLOSED state
2019-09-25 11:09:07,404 [EventQueue-StaleNodeForStaleNodeHandler] INFO  pipeline.SCMPipelineManager (SCMPipelineManager.java:finalizeAndDestroyPipeline(316)) - destroying pipeline:Pipeline[ Id: 109a9015-c0d8-4e8e-a20f-c4e9eb0a16bd, Nodes: 975b33e8-e2cc-4a40-852a-f9fd970783fd{ip: 192.168.30.6, host: pr-hdds-1569-5gmkr-4255264070, networkLocation: /default-rack, certSerialId: null}, Type:RATIS, Factor:ONE, State:OPEN]
2019-09-25 11:09:07,404 [EventQueue-StaleNodeForStaleNodeHandler] INFO  pipeline.PipelineStateManager (PipelineStateManager.java:finalizePipeline(123)) - Pipeline Pipeline[ Id: 109a9015-c0d8-4e8e-a20f-c4e9eb0a16bd, Nodes: 975b33e8-e2cc-4a40-852a-f9fd970783fd{ip: 192.168.30.6, host: pr-hdds-1569-5gmkr-4255264070, networkLocation: /default-rack, certSerialId: null}, Type:RATIS, Factor:ONE, State:CLOSED] moved to CLOSED state
2019-09-25 11:09:07,405 [EventQueue-StaleNodeForStaleNodeHandler] INFO  pipeline.SCMPipelineManager (SCMPipelineManager.java:finalizeAndDestroyPipeline(316)) - destroying pipeline:Pipeline[ Id: 8780e44c-ad94-4a66-9ea6-3bcc29e616cb, Nodes: 975b33e8-e2cc-4a40-852a-f9fd970783fd{ip: 192.168.30.6, host: pr-hdds-1569-5gmkr-4255264070, networkLocation: /default-rack, certSerialId: null}, Type:RATIS, Factor:ONE, State:OPEN]
2019-09-25 11:09:07,405 [EventQueue-StaleNodeForStaleNodeHandler] INFO  pipeline.PipelineStateManager (PipelineStateManager.java:finalizePipeline(123)) - Pipeline Pipeline[ Id: 8780e44c-ad94-4a66-9ea6-3bcc29e616cb, Nodes: 975b33e8-e2cc-4a40-852a-f9fd970783fd{ip: 192.168.30.6, host: pr-hdds-1569-5gmkr-4255264070, networkLocation: /default-rack, certSerialId: null}, Type:RATIS, Factor:ONE, State:CLOSED] moved to CLOSED state
2019-09-25 11:09:07,405 [EventQueue-StaleNodeForStaleNodeHandler] INFO  pipeline.SCMPipelineManager (SCMPipelineManager.java:finalizeAndDestroyPipeline(316)) - destroying pipeline:Pipeline[ Id: ebd8e2a3-839b-4f6f-a7ff-72e7afe52558, Nodes: 975b33e8-e2cc-4a40-852a-f9fd970783fd{ip: 192.168.30.6, host: pr-hdds-1569-5gmkr-4255264070, networkLocation: /default-rack, certSerialId: null}, Type:RATIS, Factor:ONE, State:OPEN]
2019-09-25 11:09:07,405 [EventQueue-StaleNodeForStaleNodeHandler] INFO  pipeline.PipelineStateManager (PipelineStateManager.java:finalizePipeline(123)) - Pipeline Pipeline[ Id: ebd8e2a3-839b-4f6f-a7ff-72e7afe52558, Nodes: 975b33e8-e2cc-4a40-852a-f9fd970783fd{ip: 192.168.30.6, host: pr-hdds-1569-5gmkr-4255264070, networkLocation: /default-rack, certSerialId: null}, Type:RATIS, Factor:ONE, State:CLOSED] moved to CLOSED state
2019-09-25 11:09:07,405 [EventQueue-StaleNodeForStaleNodeHandler] INFO  pipeline.SCMPipelineManager (SCMPipelineManager.java:finalizeAndDestroyPipeline(316)) - destroying pipeline:Pipeline[ Id: 06dd2815-6012-46ba-9e62-9bdc0a103475, Nodes: 975b33e8-e2cc-4a40-852a-f9fd970783fd{ip: 192.168.30.6, host: pr-hdds-1569-5gmkr-4255264070, networkLocation: /default-rack, certSerialId: null}, Type:RATIS, Factor:ONE, State:OPEN]
2019-09-25 11:09:07,405 [EventQueue-StaleNodeForStaleNodeHandler] INFO  pipeline.PipelineStateManager (PipelineStateManager.java:finalizePipeline(123)) - Pipeline Pipeline[ Id: 06dd2815-6012-46ba-9e62-9bdc0a103475, Nodes: 975b33e8-e2cc-4a40-852a-f9fd970783fd{ip: 192.168.30.6, host: pr-hdds-1569-5gmkr-4255264070, networkLocation: /default-rack, certSerialId: null}, Type:RATIS, Factor:ONE, State:CLOSED] moved to CLOSED state
2019-09-25 11:09:08,073 [main] INFO  ozoneimpl.OzoneContainer (OzoneContainer.java:stop(231)) - Attempting to stop container services.
2019-09-25 11:09:08,078 [main] INFO  impl.RaftServerProxy (RaftServerProxy.java:lambda$close$4(314)) - 975b33e8-e2cc-4a40-852a-f9fd970783fd: close
2019-09-25 11:09:08,080 [main] INFO  impl.RaftServerImpl (RaftServerImpl.java:lambda$shutdown$3(251)) - 975b33e8-e2cc-4a40-852a-f9fd970783fd@group-80A5B0F73212: shutdown
2019-09-25 11:09:08,080 [ForkJoinPool.commonPool-worker-0] INFO  impl.RaftServerImpl (RaftServerImpl.java:lambda$shutdown$3(251)) - 975b33e8-e2cc-4a40-852a-f9fd970783fd@group-C4E9EB0A16BD: shutdown
2019-09-25 11:09:08,081 [main] INFO  util.JmxRegister (JmxRegister.java:unregister(73)) - Successfully un-registered JMX Bean with object name Ratis:service=RaftServer,group=group-80A5B0F73212,id=975b33e8-e2cc-4a40-852a-f9fd970783fd
2019-09-25 11:09:08,081 [ForkJoinPool.commonPool-worker-0] INFO  util.JmxRegister (JmxRegister.java:unregister(73)) - Successfully un-registered JMX Bean with object name Ratis:service=RaftServer,group=group-C4E9EB0A16BD,id=975b33e8-e2cc-4a40-852a-f9fd970783fd
2019-09-25 11:09:08,081 [main] INFO  impl.RoleInfo (RoleInfo.java:shutdownLeaderState(104)) - 975b33e8-e2cc-4a40-852a-f9fd970783fd: shutdown LeaderState
2019-09-25 11:09:08,081 [ForkJoinPool.commonPool-worker-0] INFO  impl.RoleInfo (RoleInfo.java:shutdownLeaderState(104)) - 975b33e8-e2cc-4a40-852a-f9fd970783fd: shutdown LeaderState
2019-09-25 11:09:08,082 [main] INFO  impl.PendingRequests (PendingRequests.java:sendNotLeaderResponses(202)) - 975b33e8-e2cc-4a40-852a-f9fd970783fd-PendingRequests: sendNotLeaderResponses
2019-09-25 11:09:08,082 [ForkJoinPool.commonPool-worker-0] INFO  impl.PendingRequests (PendingRequests.java:sendNotLeaderResponses(202)) - 975b33e8-e2cc-4a40-852a-f9fd970783fd-PendingRequests: sendNotLeaderResponses
2019-09-25 11:09:08,083 [main] INFO  impl.StateMachineUpdater (StateMachineUpdater.java:stopAndJoin(125)) - 975b33e8-e2cc-4a40-852a-f9fd970783fd@group-80A5B0F73212-StateMachineUpdater: set stopIndex = 0
2019-09-25 11:09:08,083 [ForkJoinPool.commonPool-worker-0] INFO  impl.StateMachineUpdater (StateMachineUpdater.java:stopAndJoin(125)) - 975b33e8-e2cc-4a40-852a-f9fd970783fd@group-C4E9EB0A16BD-StateMachineUpdater: set stopIndex = 0
2019-09-25 11:09:08,083 [main] INFO  impl.RaftServerImpl (ServerState.java:close(385)) - 975b33e8-e2cc-4a40-852a-f9fd970783fd@group-80A5B0F73212: closes. applyIndex: 0
2019-09-25 11:09:08,083 [ForkJoinPool.commonPool-worker-0] INFO  impl.RaftServerImpl (ServerState.java:close(385)) - 975b33e8-e2cc-4a40-852a-f9fd970783fd@group-C4E9EB0A16BD: closes. applyIndex: 0
2019-09-25 11:09:08,084 [975b33e8-e2cc-4a40-852a-f9fd970783fd@group-80A5B0F73212-SegmentedRaftLogWorker] INFO  segmented.SegmentedRaftLogWorker (SegmentedRaftLogWorker.java:run(313)) - 975b33e8-e2cc-4a40-852a-f9fd970783fd@group-80A5B0F73212-SegmentedRaftLogWorker was interrupted, exiting. There are 0 tasks remaining in the queue.
2019-09-25 11:09:08,084 [975b33e8-e2cc-4a40-852a-f9fd970783fd@group-C4E9EB0A16BD-SegmentedRaftLogWorker] INFO  segmented.SegmentedRaftLogWorker (SegmentedRaftLogWorker.java:run(313)) - 975b33e8-e2cc-4a40-852a-f9fd970783fd@group-C4E9EB0A16BD-SegmentedRaftLogWorker was interrupted, exiting. There are 0 tasks remaining in the queue.
2019-09-25 11:09:08,084 [main] INFO  segmented.SegmentedRaftLogWorker (SegmentedRaftLogWorker.java:close(228)) - 975b33e8-e2cc-4a40-852a-f9fd970783fd@group-80A5B0F73212-SegmentedRaftLogWorker close()
2019-09-25 11:09:08,084 [ForkJoinPool.commonPool-worker-0] INFO  segmented.SegmentedRaftLogWorker (SegmentedRaftLogWorker.java:close(228)) - 975b33e8-e2cc-4a40-852a-f9fd970783fd@group-C4E9EB0A16BD-SegmentedRaftLogWorker close()
2019-09-25 11:09:08,085 [main] INFO  impl.RaftServerImpl (RaftServerImpl.java:lambda$shutdown$3(251)) - 975b33e8-e2cc-4a40-852a-f9fd970783fd@group-B3B393D3D610: shutdown
2019-09-25 11:09:08,085 [ForkJoinPool.commonPool-worker-0] INFO  impl.RaftServerImpl (RaftServerImpl.java:lambda$shutdown$3(251)) - 975b33e8-e2cc-4a40-852a-f9fd970783fd@group-3BCC29E616CB: shutdown
2019-09-25 11:09:08,085 [main] INFO  util.JmxRegister (JmxRegister.java:unregister(73)) - Successfully un-registered JMX Bean with object name Ratis:service=RaftServer,group=group-B3B393D3D610,id=975b33e8-e2cc-4a40-852a-f9fd970783fd
2019-09-25 11:09:08,086 [main] INFO  impl.RoleInfo (RoleInfo.java:shutdownLeaderState(104)) - 975b33e8-e2cc-4a40-852a-f9fd970783fd: shutdown LeaderState
2019-09-25 11:09:08,085 [ForkJoinPool.commonPool-worker-0] INFO  util.JmxRegister (JmxRegister.java:unregister(73)) - Successfully un-registered JMX Bean with object name Ratis:service=RaftServer,group=group-3BCC29E616CB,id=975b33e8-e2cc-4a40-852a-f9fd970783fd
2019-09-25 11:09:08,086 [main] INFO  impl.PendingRequests (PendingRequests.java:sendNotLeaderResponses(202)) - 975b33e8-e2cc-4a40-852a-f9fd970783fd-PendingRequests: sendNotLeaderResponses
2019-09-25 11:09:08,086 [ForkJoinPool.commonPool-worker-0] INFO  impl.RoleInfo (RoleInfo.java:shutdownLeaderState(104)) - 975b33e8-e2cc-4a40-852a-f9fd970783fd: shutdown LeaderState
2019-09-25 11:09:08,087 [main] INFO  impl.StateMachineUpdater (StateMachineUpdater.java:stopAndJoin(125)) - 975b33e8-e2cc-4a40-852a-f9fd970783fd@group-B3B393D3D610-StateMachineUpdater: set stopIndex = 0
2019-09-25 11:09:08,087 [main] INFO  impl.RaftServerImpl (ServerState.java:close(385)) - 975b33e8-e2cc-4a40-852a-f9fd970783fd@group-B3B393D3D610: closes. applyIndex: 0
2019-09-25 11:09:08,087 [ForkJoinPool.commonPool-worker-0] INFO  impl.PendingRequests (PendingRequests.java:sendNotLeaderResponses(202)) - 975b33e8-e2cc-4a40-852a-f9fd970783fd-PendingRequests: sendNotLeaderResponses
2019-09-25 11:09:08,087 [975b33e8-e2cc-4a40-852a-f9fd970783fd@group-B3B393D3D610-SegmentedRaftLogWorker] INFO  segmented.SegmentedRaftLogWorker (SegmentedRaftLogWorker.java:run(313)) - 975b33e8-e2cc-4a40-852a-f9fd970783fd@group-B3B393D3D610-SegmentedRaftLogWorker was interrupted, exiting. There are 0 tasks remaining in the queue.
2019-09-25 11:09:08,088 [ForkJoinPool.commonPool-worker-0] INFO  impl.StateMachineUpdater (StateMachineUpdater.java:stopAndJoin(125)) - 975b33e8-e2cc-4a40-852a-f9fd970783fd@group-3BCC29E616CB-StateMachineUpdater: set stopIndex = 0
2019-09-25 11:09:08,088 [main] INFO  segmented.SegmentedRaftLogWorker (SegmentedRaftLogWorker.java:close(228)) - 975b33e8-e2cc-4a40-852a-f9fd970783fd@group-B3B393D3D610-SegmentedRaftLogWorker close()
2019-09-25 11:09:08,088 [ForkJoinPool.commonPool-worker-0] INFO  impl.RaftServerImpl (ServerState.java:close(385)) - 975b33e8-e2cc-4a40-852a-f9fd970783fd@group-3BCC29E616CB: closes. applyIndex: 0
2019-09-25 11:09:08,088 [975b33e8-e2cc-4a40-852a-f9fd970783fd@group-3BCC29E616CB-SegmentedRaftLogWorker] INFO  segmented.SegmentedRaftLogWorker (SegmentedRaftLogWorker.java:run(313)) - 975b33e8-e2cc-4a40-852a-f9fd970783fd@group-3BCC29E616CB-SegmentedRaftLogWorker was interrupted, exiting. There are 0 tasks remaining in the queue.
2019-09-25 11:09:08,089 [ForkJoinPool.commonPool-worker-0] INFO  segmented.SegmentedRaftLogWorker (SegmentedRaftLogWorker.java:close(228)) - 975b33e8-e2cc-4a40-852a-f9fd970783fd@group-3BCC29E616CB-SegmentedRaftLogWorker close()
2019-09-25 11:09:08,089 [ForkJoinPool.commonPool-worker-0] INFO  impl.RaftServerImpl (RaftServerImpl.java:lambda$shutdown$3(251)) - 975b33e8-e2cc-4a40-852a-f9fd970783fd@group-72E7AFE52558: shutdown
2019-09-25 11:09:08,089 [ForkJoinPool.commonPool-worker-0] INFO  util.JmxRegister (JmxRegister.java:unregister(73)) - Successfully un-registered JMX Bean with object name Ratis:service=RaftServer,group=group-72E7AFE52558,id=975b33e8-e2cc-4a40-852a-f9fd970783fd
2019-09-25 11:09:08,089 [ForkJoinPool.commonPool-worker-0] INFO  impl.RoleInfo (RoleInfo.java:shutdownLeaderState(104)) - 975b33e8-e2cc-4a40-852a-f9fd970783fd: shutdown LeaderState
2019-09-25 11:09:08,089 [ForkJoinPool.commonPool-worker-0] INFO  impl.PendingRequests (PendingRequests.java:sendNotLeaderResponses(202)) - 975b33e8-e2cc-4a40-852a-f9fd970783fd-PendingRequests: sendNotLeaderResponses
2019-09-25 11:09:08,090 [ForkJoinPool.commonPool-worker-0] INFO  impl.StateMachineUpdater (StateMachineUpdater.java:stopAndJoin(125)) - 975b33e8-e2cc-4a40-852a-f9fd970783fd@group-72E7AFE52558-StateMachineUpdater: set stopIndex = 0
2019-09-25 11:09:08,090 [ForkJoinPool.commonPool-worker-0] INFO  impl.RaftServerImpl (ServerState.java:close(385)) - 975b33e8-e2cc-4a40-852a-f9fd970783fd@group-72E7AFE52558: closes. applyIndex: 0
2019-09-25 11:09:08,090 [975b33e8-e2cc-4a40-852a-f9fd970783fd@group-72E7AFE52558-SegmentedRaftLogWorker] INFO  segmented.SegmentedRaftLogWorker (SegmentedRaftLogWorker.java:run(313)) - 975b33e8-e2cc-4a40-852a-f9fd970783fd@group-72E7AFE52558-SegmentedRaftLogWorker was interrupted, exiting. There are 0 tasks remaining in the queue.
2019-09-25 11:09:08,090 [ForkJoinPool.commonPool-worker-0] INFO  segmented.SegmentedRaftLogWorker (SegmentedRaftLogWorker.java:close(228)) - 975b33e8-e2cc-4a40-852a-f9fd970783fd@group-72E7AFE52558-SegmentedRaftLogWorker close()
2019-09-25 11:09:08,091 [ForkJoinPool.commonPool-worker-0] INFO  impl.RaftServerImpl (RaftServerImpl.java:lambda$shutdown$3(251)) - 975b33e8-e2cc-4a40-852a-f9fd970783fd@group-9BDC0A103475: shutdown
2019-09-25 11:09:08,091 [ForkJoinPool.commonPool-worker-0] INFO  util.JmxRegister (JmxRegister.java:unregister(73)) - Successfully un-registered JMX Bean with object name Ratis:service=RaftServer,group=group-9BDC0A103475,id=975b33e8-e2cc-4a40-852a-f9fd970783fd
2019-09-25 11:09:08,091 [ForkJoinPool.commonPool-worker-0] INFO  impl.RoleInfo (RoleInfo.java:shutdownLeaderState(104)) - 975b33e8-e2cc-4a40-852a-f9fd970783fd: shutdown LeaderState
2019-09-25 11:09:08,091 [ForkJoinPool.commonPool-worker-0] INFO  impl.PendingRequests (PendingRequests.java:sendNotLeaderResponses(202)) - 975b33e8-e2cc-4a40-852a-f9fd970783fd-PendingRequests: sendNotLeaderResponses
2019-09-25 11:09:08,091 [ForkJoinPool.commonPool-worker-0] INFO  impl.StateMachineUpdater (StateMachineUpdater.java:stopAndJoin(125)) - 975b33e8-e2cc-4a40-852a-f9fd970783fd@group-9BDC0A103475-StateMachineUpdater: set stopIndex = 0
2019-09-25 11:09:08,092 [ForkJoinPool.commonPool-worker-0] INFO  impl.RaftServerImpl (ServerState.java:close(385)) - 975b33e8-e2cc-4a40-852a-f9fd970783fd@group-9BDC0A103475: closes. applyIndex: 0
2019-09-25 11:09:08,092 [975b33e8-e2cc-4a40-852a-f9fd970783fd@group-9BDC0A103475-SegmentedRaftLogWorker] INFO  segmented.SegmentedRaftLogWorker (SegmentedRaftLogWorker.java:run(313)) - 975b33e8-e2cc-4a40-852a-f9fd970783fd@group-9BDC0A103475-SegmentedRaftLogWorker was interrupted, exiting. There are 0 tasks remaining in the queue.
2019-09-25 11:09:08,092 [ForkJoinPool.commonPool-worker-0] INFO  segmented.SegmentedRaftLogWorker (SegmentedRaftLogWorker.java:close(228)) - 975b33e8-e2cc-4a40-852a-f9fd970783fd@group-9BDC0A103475-SegmentedRaftLogWorker close()
2019-09-25 11:09:08,092 [main] INFO  server.GrpcService (GrpcService.java:closeImpl(164)) - 975b33e8-e2cc-4a40-852a-f9fd970783fd: shutdown server with port 37792 now
2019-09-25 11:09:08,095 [main] INFO  server.GrpcService (GrpcService.java:closeImpl(172)) - 975b33e8-e2cc-4a40-852a-f9fd970783fd: shutdown server with port 37792 successfully
2019-09-25 11:09:08,097 [refreshUsed-/workdir/hadoop-ozone/integration-test/target/test-dir/MiniOzoneClusterImpl-df822a65-554e-408c-8ca9-c8e2ba24269c/datanode-5/data/containers] WARN  fs.CachingGetSpaceUsed (CachingGetSpaceUsed.java:run(183)) - Thread Interrupted waiting to refresh disk information: sleep interrupted
2019-09-25 11:09:08,117 [main] INFO  utils.BackgroundService (BackgroundService.java:shutdown(148)) - Shutting down service BlockDeletingService
2019-09-25 11:09:08,122 [main] INFO  statemachine.DatanodeStateMachine (DatanodeStateMachine.java:stopDaemon(395)) - Ozone container server stopped.
2019-09-25 11:09:08,123 [main] INFO  handler.ContextHandler (ContextHandler.java:doStop(910)) - Stopped o.e.j.w.WebAppContext@401e02b4{/,null,UNAVAILABLE}{/hddsDatanode}
2019-09-25 11:09:08,124 [main] INFO  server.AbstractConnector (AbstractConnector.java:doStop(318)) - Stopped ServerConnector@164d01ba{HTTP/1.1,[http/1.1]}{0.0.0.0:0}
2019-09-25 11:09:08,125 [main] INFO  handler.ContextHandler (ContextHandler.java:doStop(910)) - Stopped o.e.j.s.ServletContextHandler@6f96dd64{/static,jar:file:/home/user/.m2/repository/org/apache/hadoop/hadoop-hdds-container-service/0.5.0-SNAPSHOT/hadoop-hdds-container-service-0.5.0-SNAPSHOT.jar!/webapps/static,UNAVAILABLE}
2019-09-25 11:09:08,125 [main] INFO  handler.ContextHandler (ContextHandler.java:doStop(910)) - Stopped o.e.j.s.ServletContextHandler@5e2a6991{/logs,file:///workdir/hadoop-ozone/integration-test/target/log,UNAVAILABLE}
2019-09-25 11:09:08,126 [main] INFO  ozone.MiniOzoneClusterImpl (MiniOzoneClusterImpl.java:stopSCM(392)) - Stopping the StorageContainerManager
2019-09-25 11:09:08,127 [main] INFO  server.StorageContainerManager (StorageContainerManager.java:stop(808)) - Stopping Replication Manager Service.
2019-09-25 11:09:08,127 [main] INFO  container.ReplicationManager (ReplicationManager.java:stop(204)) - Stopping Replication Monitor Thread.
2019-09-25 11:09:08,127 [main] INFO  server.StorageContainerManager (StorageContainerManager.java:stop(815)) - Stopping Lease Manager of the command watchers
2019-09-25 11:09:08,127 [main] INFO  server.StorageContainerManager (StorageContainerManager.java:stop(822)) - Stopping datanode service RPC server
2019-09-25 11:09:08,127 [main] INFO  server.SCMDatanodeProtocolServer (SCMDatanodeProtocolServer.java:stop(367)) - Stopping the RPC server for DataNodes
2019-09-25 11:09:08,128 [main] INFO  ipc.Server (Server.java:stop(3082)) - Stopping server on 45602
2019-09-25 11:09:08,130 [IPC Server listener on 45602] INFO  ipc.Server (Server.java:run(1185)) - Stopping IPC Server listener on 45602
2019-09-25 11:09:08,131 [IPC Server Responder] INFO  ipc.Server (Server.java:run(1319)) - Stopping IPC Server Responder
2019-09-25 11:09:08,204 [SCM Heartbeat Processing Thread - 0] WARN  node.NodeStateManager (NodeStateManager.java:scheduleNextHealthCheck(655)) - Current Thread is interrupted, shutting down HB processing thread for Node Manager.
2019-09-25 11:09:08,204 [main] INFO  server.StorageContainerManager (StorageContainerManager.java:stop(830)) - Stopping block service RPC server
2019-09-25 11:09:08,204 [main] INFO  server.SCMBlockProtocolServer (SCMBlockProtocolServer.java:stop(155)) - Stopping the RPC server for Block Protocol
2019-09-25 11:09:08,204 [main] INFO  ipc.Server (Server.java:stop(3082)) - Stopping server on 35653
2019-09-25 11:09:08,207 [IPC Server listener on 35653] INFO  ipc.Server (Server.java:run(1185)) - Stopping IPC Server listener on 35653
2019-09-25 11:09:08,207 [main] INFO  server.StorageContainerManager (StorageContainerManager.java:stop(837)) - Stopping the StorageContainerLocationProtocol RPC server
2019-09-25 11:09:08,208 [main] INFO  server.SCMClientProtocolServer (SCMClientProtocolServer.java:stop(159)) - Stopping the RPC server for Client Protocol
2019-09-25 11:09:08,208 [main] INFO  ipc.Server (Server.java:stop(3082)) - Stopping server on 33216
2019-09-25 11:09:08,208 [IPC Server Responder] INFO  ipc.Server (Server.java:run(1319)) - Stopping IPC Server Responder
2019-09-25 11:09:08,211 [IPC Server listener on 33216] INFO  ipc.Server (Server.java:run(1185)) - Stopping IPC Server listener on 33216
2019-09-25 11:09:08,211 [main] INFO  server.StorageContainerManager (StorageContainerManager.java:stop(844)) - Stopping Storage Container Manager HTTP server.
2019-09-25 11:09:08,211 [IPC Server Responder] INFO  ipc.Server (Server.java:run(1319)) - Stopping IPC Server Responder
2019-09-25 11:09:08,212 [main] INFO  handler.ContextHandler (ContextHandler.java:doStop(910)) - Stopped o.e.j.w.WebAppContext@203e705e{/,null,UNAVAILABLE}{/scm}
2019-09-25 11:09:08,213 [main] INFO  server.AbstractConnector (AbstractConnector.java:doStop(318)) - Stopped ServerConnector@78c74647{HTTP/1.1,[http/1.1]}{0.0.0.0:0}
2019-09-25 11:09:08,213 [main] INFO  handler.ContextHandler (ContextHandler.java:doStop(910)) - Stopped o.e.j.s.ServletContextHandler@52ba685a{/static,file:///workdir/hadoop-ozone/integration-test/target/test-classes/webapps/static,UNAVAILABLE}
2019-09-25 11:09:08,213 [main] INFO  handler.ContextHandler (ContextHandler.java:doStop(910)) - Stopped o.e.j.s.ServletContextHandler@6f1fa1d0{/logs,file:///workdir/hadoop-ozone/integration-test/target/log,UNAVAILABLE}
2019-09-25 11:09:08,214 [main] INFO  server.StorageContainerManager (StorageContainerManager.java:stop(855)) - Stopping Block Manager Service.
2019-09-25 11:09:08,214 [main] INFO  utils.BackgroundService (BackgroundService.java:shutdown(148)) - Shutting down service SCMBlockDeletingService
2019-09-25 11:09:08,214 [main] INFO  utils.BackgroundService (BackgroundService.java:shutdown(148)) - Shutting down service SCMBlockDeletingService
2019-09-25 11:09:08,214 [main] INFO  server.StorageContainerManager (StorageContainerManager.java:stop(877)) - Stopping SCM Event Queue.
2019-09-25 11:09:08,218 [main] INFO  impl.MetricsSystemImpl (MetricsSystemImpl.java:stop(210)) - Stopping HddsDatanode metrics system...
2019-09-25 11:09:08,260 [main] INFO  impl.MetricsSystemImpl (MetricsSystemImpl.java:stop(216)) - HddsDatanode metrics system stopped.
]]></system-out>
    <system-err><![CDATA[Exception in thread "d29a58f4-bb42-4b4c-aa2d-f4bca2ff5103@group-16B477642823:LeaderElection203" java.lang.IllegalStateException: ILLEGAL TRANSITION: In d29a58f4-bb42-4b4c-aa2d-f4bca2ff5103@group-16B477642823:LeaderElection203, RUNNING -> CLOSED
	at org.apache.ratis.util.Preconditions.assertTrue(Preconditions.java:63)
	at org.apache.ratis.util.LifeCycle$State.validate(LifeCycle.java:123)
	at org.apache.ratis.util.LifeCycle.transition(LifeCycle.java:143)
	at org.apache.ratis.server.impl.LeaderElection.run(LeaderElection.java:155)
	at java.lang.Thread.run(Thread.java:748)
]]></system-err>
  </testcase>
  <testcase name="testFailureWithPrimeSizedData" classname="org.apache.hadoop.ozone.client.rpc.TestBlockOutputStreamWithFailures" time="28.257">
    <error message="Allocated 0 blocks. Requested 1 blocks" type="INTERNAL_ERROR org.apache.hadoop.ozone.om.exceptions.OMException">INTERNAL_ERROR org.apache.hadoop.ozone.om.exceptions.OMException: Allocated 0 blocks. Requested 1 blocks
	at org.apache.hadoop.ozone.om.protocolPB.OzoneManagerProtocolClientSideTranslatorPB.handleError(OzoneManagerProtocolClientSideTranslatorPB.java:732)
	at org.apache.hadoop.ozone.om.protocolPB.OzoneManagerProtocolClientSideTranslatorPB.openKey(OzoneManagerProtocolClientSideTranslatorPB.java:723)
	at sun.reflect.NativeMethodAccessorImpl.invoke0(Native Method)
	at sun.reflect.NativeMethodAccessorImpl.invoke(NativeMethodAccessorImpl.java:62)
	at sun.reflect.DelegatingMethodAccessorImpl.invoke(DelegatingMethodAccessorImpl.java:43)
	at java.lang.reflect.Method.invoke(Method.java:498)
	at org.apache.hadoop.hdds.tracing.TraceAllMethod.invoke(TraceAllMethod.java:66)
	at com.sun.proxy.$Proxy37.openKey(Unknown Source)
	at org.apache.hadoop.ozone.client.rpc.RpcClient.createKey(RpcClient.java:614)
	at org.apache.hadoop.ozone.client.OzoneBucket.createKey(OzoneBucket.java:325)
	at org.apache.hadoop.ozone.container.ContainerTestHelper.createKey(ContainerTestHelper.java:704)
	at org.apache.hadoop.ozone.client.rpc.TestBlockOutputStreamWithFailures.createKey(TestBlockOutputStreamWithFailures.java:1210)
	at org.apache.hadoop.ozone.client.rpc.TestBlockOutputStreamWithFailures.createKey(TestBlockOutputStreamWithFailures.java:1204)
	at org.apache.hadoop.ozone.client.rpc.TestBlockOutputStreamWithFailures.testFailureWithPrimeSizedData(TestBlockOutputStreamWithFailures.java:558)
	at sun.reflect.NativeMethodAccessorImpl.invoke0(Native Method)
	at sun.reflect.NativeMethodAccessorImpl.invoke(NativeMethodAccessorImpl.java:62)
	at sun.reflect.DelegatingMethodAccessorImpl.invoke(DelegatingMethodAccessorImpl.java:43)
	at java.lang.reflect.Method.invoke(Method.java:498)
	at org.junit.runners.model.FrameworkMethod$1.runReflectiveCall(FrameworkMethod.java:47)
	at org.junit.internal.runners.model.ReflectiveCallable.run(ReflectiveCallable.java:12)
	at org.junit.runners.model.FrameworkMethod.invokeExplosively(FrameworkMethod.java:44)
	at org.junit.internal.runners.statements.InvokeMethod.evaluate(InvokeMethod.java:17)
	at org.junit.internal.runners.statements.RunBefores.evaluate(RunBefores.java:26)
	at org.junit.internal.runners.statements.RunAfters.evaluate(RunAfters.java:27)
	at org.junit.runners.ParentRunner.runLeaf(ParentRunner.java:271)
	at org.junit.runners.BlockJUnit4ClassRunner.runChild(BlockJUnit4ClassRunner.java:70)
	at org.junit.runners.BlockJUnit4ClassRunner.runChild(BlockJUnit4ClassRunner.java:50)
	at org.junit.runners.ParentRunner$3.run(ParentRunner.java:238)
	at org.junit.runners.ParentRunner$1.schedule(ParentRunner.java:63)
	at org.junit.runners.ParentRunner.runChildren(ParentRunner.java:236)
	at org.junit.runners.ParentRunner.access$000(ParentRunner.java:53)
	at org.junit.runners.ParentRunner$2.evaluate(ParentRunner.java:229)
	at org.junit.runners.ParentRunner.run(ParentRunner.java:309)
	at org.apache.maven.surefire.junit4.JUnit4Provider.execute(JUnit4Provider.java:365)
	at org.apache.maven.surefire.junit4.JUnit4Provider.executeWithRerun(JUnit4Provider.java:273)
	at org.apache.maven.surefire.junit4.JUnit4Provider.executeTestSet(JUnit4Provider.java:238)
	at org.apache.maven.surefire.junit4.JUnit4Provider.invoke(JUnit4Provider.java:159)
	at org.apache.maven.surefire.booter.ForkedBooter.invokeProviderInSameClassLoader(ForkedBooter.java:384)
	at org.apache.maven.surefire.booter.ForkedBooter.runSuitesInProcess(ForkedBooter.java:345)
	at org.apache.maven.surefire.booter.ForkedBooter.execute(ForkedBooter.java:126)
	at org.apache.maven.surefire.booter.ForkedBooter.main(ForkedBooter.java:418)
</error>
    <system-out><![CDATA[2019-09-25 11:09:08,299 [main] WARN  server.ServerUtils (ServerUtils.java:getScmDbDir(145)) - ozone.scm.db.dirs is not configured. We recommend adding this setting. Falling back to ozone.metadata.dirs instead.
2019-09-25 11:09:08,358 [main] WARN  server.ServerUtils (ServerUtils.java:getScmDbDir(145)) - ozone.scm.db.dirs is not configured. We recommend adding this setting. Falling back to ozone.metadata.dirs instead.
2019-09-25 11:09:08,358 [main] WARN  server.ServerUtils (ServerUtils.java:getScmDbDir(145)) - ozone.scm.db.dirs is not configured. We recommend adding this setting. Falling back to ozone.metadata.dirs instead.
2019-09-25 11:09:08,359 [main] INFO  db.DBStoreBuilder (DBStoreBuilder.java:addTable(110)) - using custom profile for table: deletedBlocks
2019-09-25 11:09:08,359 [main] INFO  db.DBStoreBuilder (DBStoreBuilder.java:processTables(161)) - Using default column profile:DBProfile.DISK for Table:deletedBlocks
2019-09-25 11:09:08,359 [main] INFO  db.DBStoreBuilder (DBStoreBuilder.java:addTable(110)) - using custom profile for table: validCerts
2019-09-25 11:09:08,360 [main] INFO  db.DBStoreBuilder (DBStoreBuilder.java:processTables(161)) - Using default column profile:DBProfile.DISK for Table:validCerts
2019-09-25 11:09:08,360 [main] INFO  db.DBStoreBuilder (DBStoreBuilder.java:addTable(110)) - using custom profile for table: revokedCerts
2019-09-25 11:09:08,360 [main] INFO  db.DBStoreBuilder (DBStoreBuilder.java:processTables(161)) - Using default column profile:DBProfile.DISK for Table:revokedCerts
2019-09-25 11:09:08,360 [main] INFO  db.DBStoreBuilder (DBStoreBuilder.java:addTable(110)) - using custom profile for table: default
2019-09-25 11:09:08,361 [main] INFO  db.DBStoreBuilder (DBStoreBuilder.java:processTables(167)) - Using default column profile:DBProfile.DISK for Table:default
2019-09-25 11:09:08,361 [main] INFO  db.DBStoreBuilder (DBStoreBuilder.java:getDbProfile(198)) - Using default options. DBProfile.DISK
2019-09-25 11:09:08,506 [main] INFO  net.NodeSchemaLoader (NodeSchemaLoader.java:loadSchemaFromFile(125)) - Loading file from sun.misc.CompoundEnumeration@52aa7742
2019-09-25 11:09:08,506 [main] INFO  net.NodeSchemaLoader (NodeSchemaLoader.java:loadSchema(171)) - Loading network topology layer schema file
2019-09-25 11:09:08,513 [main] INFO  node.SCMNodeManager (SCMNodeManager.java:<init>(114)) - Entering startup safe mode.
2019-09-25 11:09:08,513 [main] INFO  algorithms.ContainerPlacementPolicyFactory (ContainerPlacementPolicyFactory.java:getPolicy(59)) - Create container placement policy of type org.apache.hadoop.hdds.scm.container.placement.algorithms.SCMContainerPlacementRandom
2019-09-25 11:09:08,513 [main] WARN  server.ServerUtils (ServerUtils.java:getScmDbDir(145)) - ozone.scm.db.dirs is not configured. We recommend adding this setting. Falling back to ozone.metadata.dirs instead.
2019-09-25 11:09:08,560 [main] INFO  pipeline.SCMPipelineManager (SCMPipelineManager.java:initializePipelineState(132)) - No pipeline exists in current db
2019-09-25 11:09:08,560 [main] WARN  server.ServerUtils (ServerUtils.java:getScmDbDir(145)) - ozone.scm.db.dirs is not configured. We recommend adding this setting. Falling back to ozone.metadata.dirs instead.
2019-09-25 11:09:08,609 [main] WARN  events.EventQueue (EventQueue.java:fireEvent(183)) - No event handler registered for event TypedEvent{payloadType=SafeModeStatus, name='SafeModeStatus'}
2019-09-25 11:09:08,610 [main] INFO  ipc.CallQueueManager (CallQueueManager.java:<init>(84)) - Using callQueue: class java.util.concurrent.LinkedBlockingQueue, queueCapacity: 2000, scheduler: class org.apache.hadoop.ipc.DefaultRpcScheduler, ipcBackoff: false.
2019-09-25 11:09:08,611 [Socket Reader #1 for port 36723] INFO  ipc.Server (Server.java:run(1074)) - Starting Socket Reader #1 for port 36723
2019-09-25 11:09:08,614 [main] INFO  ipc.CallQueueManager (CallQueueManager.java:<init>(84)) - Using callQueue: class java.util.concurrent.LinkedBlockingQueue, queueCapacity: 2000, scheduler: class org.apache.hadoop.ipc.DefaultRpcScheduler, ipcBackoff: false.
2019-09-25 11:09:08,614 [Socket Reader #1 for port 35520] INFO  ipc.Server (Server.java:run(1074)) - Starting Socket Reader #1 for port 35520
2019-09-25 11:09:08,617 [main] INFO  ipc.CallQueueManager (CallQueueManager.java:<init>(84)) - Using callQueue: class java.util.concurrent.LinkedBlockingQueue, queueCapacity: 2000, scheduler: class org.apache.hadoop.ipc.DefaultRpcScheduler, ipcBackoff: false.
2019-09-25 11:09:08,617 [Socket Reader #1 for port 35255] INFO  ipc.Server (Server.java:run(1074)) - Starting Socket Reader #1 for port 35255
2019-09-25 11:09:08,620 [main] INFO  hdfs.DFSUtil (DFSUtil.java:httpServerTemplateForNNAndJN(1641)) - Starting Web-server for scm at: http://0.0.0.0:0
2019-09-25 11:09:08,628 [main] INFO  server.AuthenticationFilter (AuthenticationFilter.java:constructSecretProvider(240)) - Unable to initialize FileSignerSecretProvider, falling back to use random secrets.
2019-09-25 11:09:08,629 [main] WARN  http.HttpRequestLog (HttpRequestLog.java:getRequestLog(97)) - Jetty request log can only be enabled using Log4j
2019-09-25 11:09:08,632 [main] INFO  http.HttpServer2 (HttpServer2.java:addGlobalFilter(975)) - Added global filter 'safety' (class=org.apache.hadoop.http.HttpServer2$QuotingInputFilter)
2019-09-25 11:09:08,632 [main] INFO  http.HttpServer2 (HttpServer2.java:addFilter(948)) - Added filter static_user_filter (class=org.apache.hadoop.http.lib.StaticUserWebFilter$StaticUserFilter) to context scm
2019-09-25 11:09:08,633 [main] INFO  http.HttpServer2 (HttpServer2.java:addFilter(958)) - Added filter static_user_filter (class=org.apache.hadoop.http.lib.StaticUserWebFilter$StaticUserFilter) to context logs
2019-09-25 11:09:08,633 [main] INFO  http.HttpServer2 (HttpServer2.java:addFilter(958)) - Added filter static_user_filter (class=org.apache.hadoop.http.lib.StaticUserWebFilter$StaticUserFilter) to context static
2019-09-25 11:09:08,635 [main] INFO  server.StorageContainerManager (StorageContainerManager.java:start(770)) - StorageContainerLocationProtocol RPC server is listening at /0.0.0.0:35255
2019-09-25 11:09:08,638 [main] WARN  impl.MetricsConfig (MetricsConfig.java:loadFirst(134)) - Cannot locate configuration: tried hadoop-metrics2-storagecontainermanager.properties,hadoop-metrics2.properties
2019-09-25 11:09:08,639 [main] INFO  impl.MetricsSystemImpl (MetricsSystemImpl.java:startTimer(374)) - Scheduled Metric snapshot period at 10 second(s).
2019-09-25 11:09:08,640 [main] INFO  impl.MetricsSystemImpl (MetricsSystemImpl.java:start(191)) - StorageContainerManager metrics system started
2019-09-25 11:09:08,773 [main] WARN  impl.MetricsSystemImpl (MetricsSystemImpl.java:register(276)) - Sink prometheus already exists!
2019-09-25 11:09:09,081 [main] INFO  server.SCMClientProtocolServer (SCMClientProtocolServer.java:start(151)) - RPC server for Client  is listening at /0.0.0.0:35255
2019-09-25 11:09:09,082 [IPC Server Responder] INFO  ipc.Server (Server.java:run(1314)) - IPC Server Responder: starting
2019-09-25 11:09:09,082 [IPC Server listener on 35255] INFO  ipc.Server (Server.java:run(1153)) - IPC Server listener on 35255: starting
2019-09-25 11:09:09,090 [main] INFO  server.StorageContainerManager (StorageContainerManager.java:start(780)) - ScmBlockLocationProtocol RPC server is listening at /0.0.0.0:35520
2019-09-25 11:09:09,090 [main] INFO  server.SCMBlockProtocolServer (SCMBlockProtocolServer.java:start(146)) - RPC server for Block Protocol is listening at /0.0.0.0:35520
2019-09-25 11:09:09,091 [IPC Server Responder] INFO  ipc.Server (Server.java:run(1314)) - IPC Server Responder: starting
2019-09-25 11:09:09,091 [IPC Server listener on 35520] INFO  ipc.Server (Server.java:run(1153)) - IPC Server listener on 35520: starting
2019-09-25 11:09:09,096 [main] INFO  server.StorageContainerManager (StorageContainerManager.java:start(784)) - ScmDatanodeProtocl RPC server is listening at /0.0.0.0:36723
2019-09-25 11:09:09,098 [main] INFO  server.SCMDatanodeProtocolServer (SCMDatanodeProtocolServer.java:start(191)) - RPC server for DataNodes is listening at /0.0.0.0:36723
2019-09-25 11:09:09,099 [IPC Server listener on 36723] INFO  ipc.Server (Server.java:run(1153)) - IPC Server listener on 36723: starting
2019-09-25 11:09:09,101 [IPC Server Responder] INFO  ipc.Server (Server.java:run(1314)) - IPC Server Responder: starting
2019-09-25 11:09:09,104 [main] INFO  http.HttpServer2 (HttpServer2.java:bindListener(1191)) - Jetty bound to port 45077
2019-09-25 11:09:09,104 [main] INFO  server.Server (Server.java:doStart(351)) - jetty-9.3.25.v20180904, build timestamp: 2018-09-04T21:11:46Z, git hash: 3ce520221d0240229c862b122d2b06c12a625732
2019-09-25 11:09:09,106 [main] INFO  handler.ContextHandler (ContextHandler.java:doStart(781)) - Started o.e.j.s.ServletContextHandler@5abf6a99{/logs,file:///workdir/hadoop-ozone/integration-test/target/log,AVAILABLE}
2019-09-25 11:09:09,106 [main] INFO  handler.ContextHandler (ContextHandler.java:doStart(781)) - Started o.e.j.s.ServletContextHandler@375084c9{/static,file:///workdir/hadoop-ozone/integration-test/target/test-classes/webapps/static,AVAILABLE}
2019-09-25 11:09:09,126 [main] INFO  handler.ContextHandler (ContextHandler.java:doStart(781)) - Started o.e.j.w.WebAppContext@59d5a6fd{/,file:///workdir/hadoop-ozone/integration-test/target/test-classes/webapps/scm/,AVAILABLE}{/scm}
2019-09-25 11:09:09,127 [main] INFO  server.AbstractConnector (AbstractConnector.java:doStart(278)) - Started ServerConnector@27bcb4ad{HTTP/1.1,[http/1.1]}{0.0.0.0:45077}
2019-09-25 11:09:09,129 [main] INFO  server.Server (Server.java:doStart(419)) - Started @552676ms
2019-09-25 11:09:09,129 [main] WARN  impl.MetricsSystemImpl (MetricsSystemImpl.java:register(276)) - Sink prometheus already exists!
2019-09-25 11:09:09,130 [main] INFO  server.BaseHttpServer (BaseHttpServer.java:updateConnectorAddress(215)) - HTTP server of SCM is listening at http://0.0.0.0:45077
2019-09-25 11:09:09,132 [main] WARN  server.ServerUtils (ServerUtils.java:getDBPath(222)) - ozone.om.db.dirs is not configured. We recommend adding this setting. Falling back to ozone.metadata.dirs instead.
2019-09-25 11:09:09,132 [org.apache.hadoop.util.JvmPauseMonitor$Monitor@104a287c] INFO  util.JvmPauseMonitor (JvmPauseMonitor.java:run(188)) - Starting JVM pause monitor
2019-09-25 11:09:09,146 [main] WARN  server.ServerUtils (ServerUtils.java:getDBPath(222)) - ozone.om.db.dirs is not configured. We recommend adding this setting. Falling back to ozone.metadata.dirs instead.
2019-09-25 11:09:09,146 [main] WARN  server.ServerUtils (ServerUtils.java:getDBPath(222)) - ozone.om.db.dirs is not configured. We recommend adding this setting. Falling back to ozone.metadata.dirs instead.
2019-09-25 11:09:09,147 [main] INFO  om.OzoneManager (OzoneManager.java:setOMNodeDetails(652)) - OM Service ID is not set. Setting it to the default ID: omServiceIdDefault
2019-09-25 11:09:09,147 [main] INFO  om.OzoneManager (OzoneManager.java:setOMNodeDetails(658)) - OM Node ID is not set. Setting it to the OmStorage's OmID: 7d8a8b96-77da-4739-a3db-82bb7818eb08
2019-09-25 11:09:09,147 [main] INFO  om.OzoneManager (OzoneManager.java:loadOMHAConfigs(609)) - Found matching OM address with OMServiceId: null, OMNodeId: null, RPC Address: localhost:0 and Ratis port: 9872
2019-09-25 11:09:09,155 [main] WARN  server.ServerUtils (ServerUtils.java:getDBPath(222)) - ozone.om.db.dirs is not configured. We recommend adding this setting. Falling back to ozone.metadata.dirs instead.
2019-09-25 11:09:09,156 [main] INFO  db.DBStoreBuilder (DBStoreBuilder.java:addTable(110)) - using custom profile for table: userTable
2019-09-25 11:09:09,156 [main] INFO  db.DBStoreBuilder (DBStoreBuilder.java:processTables(161)) - Using default column profile:DBProfile.DISK for Table:userTable
2019-09-25 11:09:09,156 [main] INFO  db.DBStoreBuilder (DBStoreBuilder.java:addTable(110)) - using custom profile for table: volumeTable
2019-09-25 11:09:09,156 [main] INFO  db.DBStoreBuilder (DBStoreBuilder.java:processTables(161)) - Using default column profile:DBProfile.DISK for Table:volumeTable
2019-09-25 11:09:09,157 [main] INFO  db.DBStoreBuilder (DBStoreBuilder.java:addTable(110)) - using custom profile for table: bucketTable
2019-09-25 11:09:09,157 [main] INFO  db.DBStoreBuilder (DBStoreBuilder.java:processTables(161)) - Using default column profile:DBProfile.DISK for Table:bucketTable
2019-09-25 11:09:09,157 [main] INFO  db.DBStoreBuilder (DBStoreBuilder.java:addTable(110)) - using custom profile for table: keyTable
2019-09-25 11:09:09,157 [main] INFO  db.DBStoreBuilder (DBStoreBuilder.java:processTables(161)) - Using default column profile:DBProfile.DISK for Table:keyTable
2019-09-25 11:09:09,158 [main] INFO  db.DBStoreBuilder (DBStoreBuilder.java:addTable(110)) - using custom profile for table: deletedTable
2019-09-25 11:09:09,158 [main] INFO  db.DBStoreBuilder (DBStoreBuilder.java:processTables(161)) - Using default column profile:DBProfile.DISK for Table:deletedTable
2019-09-25 11:09:09,158 [main] INFO  db.DBStoreBuilder (DBStoreBuilder.java:addTable(110)) - using custom profile for table: openKeyTable
2019-09-25 11:09:09,158 [main] INFO  db.DBStoreBuilder (DBStoreBuilder.java:processTables(161)) - Using default column profile:DBProfile.DISK for Table:openKeyTable
2019-09-25 11:09:09,159 [main] INFO  db.DBStoreBuilder (DBStoreBuilder.java:addTable(110)) - using custom profile for table: s3Table
2019-09-25 11:09:09,159 [main] INFO  db.DBStoreBuilder (DBStoreBuilder.java:processTables(161)) - Using default column profile:DBProfile.DISK for Table:s3Table
2019-09-25 11:09:09,159 [main] INFO  db.DBStoreBuilder (DBStoreBuilder.java:addTable(110)) - using custom profile for table: multipartInfoTable
2019-09-25 11:09:09,159 [main] INFO  db.DBStoreBuilder (DBStoreBuilder.java:processTables(161)) - Using default column profile:DBProfile.DISK for Table:multipartInfoTable
2019-09-25 11:09:09,160 [main] INFO  db.DBStoreBuilder (DBStoreBuilder.java:addTable(110)) - using custom profile for table: dTokenTable
2019-09-25 11:09:09,160 [main] INFO  db.DBStoreBuilder (DBStoreBuilder.java:processTables(161)) - Using default column profile:DBProfile.DISK for Table:dTokenTable
2019-09-25 11:09:09,160 [main] INFO  db.DBStoreBuilder (DBStoreBuilder.java:addTable(110)) - using custom profile for table: s3SecretTable
2019-09-25 11:09:09,160 [main] INFO  db.DBStoreBuilder (DBStoreBuilder.java:processTables(161)) - Using default column profile:DBProfile.DISK for Table:s3SecretTable
2019-09-25 11:09:09,161 [main] INFO  db.DBStoreBuilder (DBStoreBuilder.java:addTable(110)) - using custom profile for table: prefixTable
2019-09-25 11:09:09,161 [main] INFO  db.DBStoreBuilder (DBStoreBuilder.java:processTables(161)) - Using default column profile:DBProfile.DISK for Table:prefixTable
2019-09-25 11:09:09,161 [main] INFO  db.DBStoreBuilder (DBStoreBuilder.java:addTable(110)) - using custom profile for table: default
2019-09-25 11:09:09,161 [main] INFO  db.DBStoreBuilder (DBStoreBuilder.java:processTables(167)) - Using default column profile:DBProfile.DISK for Table:default
2019-09-25 11:09:09,162 [main] INFO  db.DBStoreBuilder (DBStoreBuilder.java:getDbProfile(198)) - Using default options. DBProfile.DISK
2019-09-25 11:09:09,637 [main] INFO  ipc.CallQueueManager (CallQueueManager.java:<init>(84)) - Using callQueue: class java.util.concurrent.LinkedBlockingQueue, queueCapacity: 2000, scheduler: class org.apache.hadoop.ipc.DefaultRpcScheduler, ipcBackoff: false.
2019-09-25 11:09:09,639 [Socket Reader #1 for port 34025] INFO  ipc.Server (Server.java:run(1074)) - Starting Socket Reader #1 for port 34025
2019-09-25 11:09:09,661 [main] INFO  om.OzoneManager (OzoneManager.java:start(1243)) - OzoneManager RPC server is listening at localhost/127.0.0.1:34025
2019-09-25 11:09:09,661 [main] INFO  impl.MetricsSystemImpl (MetricsSystemImpl.java:init(158)) - OzoneManager metrics system started (again)
2019-09-25 11:09:09,662 [IPC Server listener on 34025] INFO  ipc.Server (Server.java:run(1153)) - IPC Server listener on 34025: starting
2019-09-25 11:09:09,662 [IPC Server Responder] INFO  ipc.Server (Server.java:run(1314)) - IPC Server Responder: starting
2019-09-25 11:09:09,678 [main] INFO  hdfs.DFSUtil (DFSUtil.java:httpServerTemplateForNNAndJN(1641)) - Starting Web-server for ozoneManager at: http://0.0.0.0:0
2019-09-25 11:09:09,680 [main] INFO  server.AuthenticationFilter (AuthenticationFilter.java:constructSecretProvider(240)) - Unable to initialize FileSignerSecretProvider, falling back to use random secrets.
2019-09-25 11:09:09,680 [main] WARN  http.HttpRequestLog (HttpRequestLog.java:getRequestLog(97)) - Jetty request log can only be enabled using Log4j
2019-09-25 11:09:09,683 [main] INFO  http.HttpServer2 (HttpServer2.java:addGlobalFilter(975)) - Added global filter 'safety' (class=org.apache.hadoop.http.HttpServer2$QuotingInputFilter)
2019-09-25 11:09:09,683 [main] INFO  http.HttpServer2 (HttpServer2.java:addFilter(948)) - Added filter static_user_filter (class=org.apache.hadoop.http.lib.StaticUserWebFilter$StaticUserFilter) to context ozoneManager
2019-09-25 11:09:09,683 [main] INFO  http.HttpServer2 (HttpServer2.java:addFilter(958)) - Added filter static_user_filter (class=org.apache.hadoop.http.lib.StaticUserWebFilter$StaticUserFilter) to context static
2019-09-25 11:09:09,684 [main] INFO  http.HttpServer2 (HttpServer2.java:addFilter(958)) - Added filter static_user_filter (class=org.apache.hadoop.http.lib.StaticUserWebFilter$StaticUserFilter) to context logs
2019-09-25 11:09:09,684 [main] INFO  http.HttpServer2 (HttpServer2.java:bindListener(1191)) - Jetty bound to port 42663
2019-09-25 11:09:09,685 [main] INFO  server.Server (Server.java:doStart(351)) - jetty-9.3.25.v20180904, build timestamp: 2018-09-04T21:11:46Z, git hash: 3ce520221d0240229c862b122d2b06c12a625732
2019-09-25 11:09:09,687 [main] INFO  handler.ContextHandler (ContextHandler.java:doStart(781)) - Started o.e.j.s.ServletContextHandler@677cb96e{/logs,file:///workdir/hadoop-ozone/integration-test/target/log,AVAILABLE}
2019-09-25 11:09:09,687 [main] INFO  handler.ContextHandler (ContextHandler.java:doStart(781)) - Started o.e.j.s.ServletContextHandler@19d53ab4{/static,file:///workdir/hadoop-ozone/integration-test/target/test-classes/webapps/static,AVAILABLE}
2019-09-25 11:09:09,692 [main] INFO  handler.ContextHandler (ContextHandler.java:doStart(781)) - Started o.e.j.w.WebAppContext@1883871b{/,file:///workdir/hadoop-ozone/integration-test/target/test-classes/webapps/ozoneManager/,AVAILABLE}{/ozoneManager}
2019-09-25 11:09:09,693 [main] INFO  server.AbstractConnector (AbstractConnector.java:doStart(278)) - Started ServerConnector@3e0a9b1d{HTTP/1.1,[http/1.1]}{0.0.0.0:42663}
2019-09-25 11:09:09,695 [main] INFO  server.Server (Server.java:doStart(419)) - Started @553242ms
2019-09-25 11:09:09,695 [main] WARN  impl.MetricsSystemImpl (MetricsSystemImpl.java:register(276)) - Sink prometheus already exists!
2019-09-25 11:09:09,696 [main] INFO  server.BaseHttpServer (BaseHttpServer.java:updateConnectorAddress(215)) - HTTP server of OZONEMANAGER is listening at http://0.0.0.0:42663
2019-09-25 11:09:09,717 [main] INFO  impl.MetricsSystemImpl (MetricsSystemImpl.java:init(158)) - HddsDatanode metrics system started (again)
2019-09-25 11:09:09,730 [main] INFO  ozone.HddsDatanodeService (HddsDatanodeService.java:start(184)) - HddsDatanodeService host:pr-hdds-1569-5gmkr-4255264070 ip:192.168.30.6
2019-09-25 11:09:09,738 [main] INFO  volume.HddsVolume (HddsVolume.java:<init>(176)) - Creating Volume: /workdir/hadoop-ozone/integration-test/target/test-dir/MiniOzoneClusterImpl-4b1c6350-cd3e-4172-b7a0-e9c66394f836/datanode-0/data/containers/hdds of  storage type : DISK and capacity : 1482555576320
2019-09-25 11:09:09,738 [main] INFO  volume.VolumeSet (VolumeSet.java:initializeVolumeSet(170)) - Added Volume : /workdir/hadoop-ozone/integration-test/target/test-dir/MiniOzoneClusterImpl-4b1c6350-cd3e-4172-b7a0-e9c66394f836/datanode-0/data/containers/hdds to VolumeSet
2019-09-25 11:09:09,738 [main] INFO  volume.ThrottledAsyncChecker (ThrottledAsyncChecker.java:schedule(139)) - Scheduling a check for org.apache.hadoop.ozone.container.common.volume.HddsVolume@69bc9584
2019-09-25 11:09:09,739 [main] INFO  volume.HddsVolumeChecker (HddsVolumeChecker.java:checkAllVolumes(202)) - Scheduled health check for volume org.apache.hadoop.ozone.container.common.volume.HddsVolume@69bc9584
2019-09-25 11:09:09,756 [main] INFO  impl.RaftServerProxy (ConfUtils.java:logGet(43)) - raft.rpc.type = GRPC (default)
2019-09-25 11:09:09,757 [main] INFO  grpc.GrpcFactory (GrpcFactory.java:checkPooledByteBufAllocatorUseCacheForAllThreads(45)) - PERFORMANCE WARNING: useCacheForAllThreads is true that may cause Netty to create a lot garbage objects and, as a result, trigger GC.
	It is recommended to disable useCacheForAllThreads by setting -Dorg.apache.ratis.thirdparty.io.netty.allocator.useCacheForAllThreads=false in command line.
2019-09-25 11:09:09,757 [main] INFO  grpc.GrpcConfigKeys$Server (ConfUtils.java:logGet(43)) - raft.grpc.server.port = 0 (default)
2019-09-25 11:09:09,757 [main] INFO  server.GrpcService (ConfUtils.java:logGet(43)) - raft.grpc.message.size.max = 33570816 (custom)
2019-09-25 11:09:09,758 [main] INFO  server.RaftServerConfigKeys (ConfUtils.java:logGet(43)) - raft.server.log.appender.buffer.byte-limit = 33554432 (custom)
2019-09-25 11:09:09,758 [main] INFO  server.GrpcService (ConfUtils.java:logGet(43)) - raft.grpc.flow.control.window = 1MB (=1048576) (default)
2019-09-25 11:09:09,758 [main] INFO  server.RaftServerConfigKeys (ConfUtils.java:logGet(43)) - raft.server.rpc.request.timeout = 3000ms (default)
2019-09-25 11:09:09,759 [main] INFO  server.RaftServerConfigKeys (ConfUtils.java:logGet(43)) - raft.server.storage.dir = [/workdir/hadoop-ozone/integration-test/target/test-dir/MiniOzoneClusterImpl-4b1c6350-cd3e-4172-b7a0-e9c66394f836/datanode-0/data/ratis] (custom)
2019-09-25 11:09:09,760 [main] INFO  hdfs.DFSUtil (DFSUtil.java:httpServerTemplateForNNAndJN(1641)) - Starting Web-server for hddsDatanode at: http://0.0.0.0:0
2019-09-25 11:09:09,762 [main] INFO  server.AuthenticationFilter (AuthenticationFilter.java:constructSecretProvider(240)) - Unable to initialize FileSignerSecretProvider, falling back to use random secrets.
2019-09-25 11:09:09,763 [main] WARN  http.HttpRequestLog (HttpRequestLog.java:getRequestLog(97)) - Jetty request log can only be enabled using Log4j
2019-09-25 11:09:09,765 [main] INFO  http.HttpServer2 (HttpServer2.java:addGlobalFilter(975)) - Added global filter 'safety' (class=org.apache.hadoop.http.HttpServer2$QuotingInputFilter)
2019-09-25 11:09:09,766 [main] INFO  http.HttpServer2 (HttpServer2.java:addFilter(948)) - Added filter static_user_filter (class=org.apache.hadoop.http.lib.StaticUserWebFilter$StaticUserFilter) to context hddsDatanode
2019-09-25 11:09:09,766 [main] INFO  http.HttpServer2 (HttpServer2.java:addFilter(958)) - Added filter static_user_filter (class=org.apache.hadoop.http.lib.StaticUserWebFilter$StaticUserFilter) to context static
2019-09-25 11:09:09,766 [main] INFO  http.HttpServer2 (HttpServer2.java:addFilter(958)) - Added filter static_user_filter (class=org.apache.hadoop.http.lib.StaticUserWebFilter$StaticUserFilter) to context logs
2019-09-25 11:09:09,767 [main] INFO  http.HttpServer2 (HttpServer2.java:bindListener(1191)) - Jetty bound to port 33497
2019-09-25 11:09:09,768 [main] INFO  server.Server (Server.java:doStart(351)) - jetty-9.3.25.v20180904, build timestamp: 2018-09-04T21:11:46Z, git hash: 3ce520221d0240229c862b122d2b06c12a625732
2019-09-25 11:09:09,769 [main] INFO  handler.ContextHandler (ContextHandler.java:doStart(781)) - Started o.e.j.s.ServletContextHandler@28e94c2{/logs,file:///workdir/hadoop-ozone/integration-test/target/log,AVAILABLE}
2019-09-25 11:09:09,770 [main] INFO  handler.ContextHandler (ContextHandler.java:doStart(781)) - Started o.e.j.s.ServletContextHandler@14d1737a{/static,jar:file:/home/user/.m2/repository/org/apache/hadoop/hadoop-hdds-container-service/0.5.0-SNAPSHOT/hadoop-hdds-container-service-0.5.0-SNAPSHOT.jar!/webapps/static,AVAILABLE}
2019-09-25 11:09:09,813 [main] INFO  handler.ContextHandler (ContextHandler.java:doStart(781)) - Started o.e.j.w.WebAppContext@22865072{/,file:///tmp/jetty-0.0.0.0-33497-hddsDatanode-_-any-5439880577497484772.dir/webapp/,AVAILABLE}{/hddsDatanode}
2019-09-25 11:09:09,814 [main] INFO  server.AbstractConnector (AbstractConnector.java:doStart(278)) - Started ServerConnector@563317c1{HTTP/1.1,[http/1.1]}{0.0.0.0:33497}
2019-09-25 11:09:09,817 [main] INFO  server.Server (Server.java:doStart(419)) - Started @553363ms
2019-09-25 11:09:09,817 [main] WARN  impl.MetricsSystemImpl (MetricsSystemImpl.java:register(276)) - Sink prometheus already exists!
2019-09-25 11:09:09,818 [main] INFO  server.BaseHttpServer (BaseHttpServer.java:updateConnectorAddress(215)) - HTTP server of HDDSDATANODE is listening at http://0.0.0.0:33497
2019-09-25 11:09:09,818 [main] INFO  impl.MetricsSystemImpl (MetricsSystemImpl.java:init(158)) - HddsDatanode metrics system started (again)
2019-09-25 11:09:09,829 [org.apache.hadoop.util.JvmPauseMonitor$Monitor@1423b51c] INFO  util.JvmPauseMonitor (JvmPauseMonitor.java:run(188)) - Starting JVM pause monitor
2019-09-25 11:09:09,831 [main] INFO  ozone.HddsDatanodeService (HddsDatanodeService.java:start(184)) - HddsDatanodeService host:pr-hdds-1569-5gmkr-4255264070 ip:192.168.30.6
2019-09-25 11:09:09,831 [Datanode State Machine Thread - 0] INFO  datanode.InitDatanodeState (InitDatanodeState.java:persistContainerDatanodeDetails(140)) - DatanodeDetails is persisted to /workdir/hadoop-ozone/integration-test/target/test-dir/MiniOzoneClusterImpl-4b1c6350-cd3e-4172-b7a0-e9c66394f836/datanode-0/meta/datanode.id
2019-09-25 11:09:09,838 [main] INFO  volume.HddsVolume (HddsVolume.java:<init>(176)) - Creating Volume: /workdir/hadoop-ozone/integration-test/target/test-dir/MiniOzoneClusterImpl-4b1c6350-cd3e-4172-b7a0-e9c66394f836/datanode-1/data/containers/hdds of  storage type : DISK and capacity : 1482555576320
2019-09-25 11:09:09,839 [main] INFO  volume.VolumeSet (VolumeSet.java:initializeVolumeSet(170)) - Added Volume : /workdir/hadoop-ozone/integration-test/target/test-dir/MiniOzoneClusterImpl-4b1c6350-cd3e-4172-b7a0-e9c66394f836/datanode-1/data/containers/hdds to VolumeSet
2019-09-25 11:09:09,839 [main] INFO  volume.ThrottledAsyncChecker (ThrottledAsyncChecker.java:schedule(139)) - Scheduling a check for org.apache.hadoop.ozone.container.common.volume.HddsVolume@d108406
2019-09-25 11:09:09,839 [main] INFO  volume.HddsVolumeChecker (HddsVolumeChecker.java:checkAllVolumes(202)) - Scheduled health check for volume org.apache.hadoop.ozone.container.common.volume.HddsVolume@d108406
2019-09-25 11:09:09,858 [main] INFO  impl.RaftServerProxy (ConfUtils.java:logGet(43)) - raft.rpc.type = GRPC (default)
2019-09-25 11:09:09,858 [main] INFO  grpc.GrpcFactory (GrpcFactory.java:checkPooledByteBufAllocatorUseCacheForAllThreads(45)) - PERFORMANCE WARNING: useCacheForAllThreads is true that may cause Netty to create a lot garbage objects and, as a result, trigger GC.
	It is recommended to disable useCacheForAllThreads by setting -Dorg.apache.ratis.thirdparty.io.netty.allocator.useCacheForAllThreads=false in command line.
2019-09-25 11:09:09,858 [main] INFO  grpc.GrpcConfigKeys$Server (ConfUtils.java:logGet(43)) - raft.grpc.server.port = 0 (default)
2019-09-25 11:09:09,859 [main] INFO  server.GrpcService (ConfUtils.java:logGet(43)) - raft.grpc.message.size.max = 33570816 (custom)
2019-09-25 11:09:09,859 [main] INFO  server.RaftServerConfigKeys (ConfUtils.java:logGet(43)) - raft.server.log.appender.buffer.byte-limit = 33554432 (custom)
2019-09-25 11:09:09,859 [main] INFO  server.GrpcService (ConfUtils.java:logGet(43)) - raft.grpc.flow.control.window = 1MB (=1048576) (default)
2019-09-25 11:09:09,859 [main] INFO  server.RaftServerConfigKeys (ConfUtils.java:logGet(43)) - raft.server.rpc.request.timeout = 3000ms (default)
2019-09-25 11:09:09,860 [main] INFO  server.RaftServerConfigKeys (ConfUtils.java:logGet(43)) - raft.server.storage.dir = [/workdir/hadoop-ozone/integration-test/target/test-dir/MiniOzoneClusterImpl-4b1c6350-cd3e-4172-b7a0-e9c66394f836/datanode-1/data/ratis] (custom)
2019-09-25 11:09:09,861 [main] INFO  hdfs.DFSUtil (DFSUtil.java:httpServerTemplateForNNAndJN(1641)) - Starting Web-server for hddsDatanode at: http://0.0.0.0:0
2019-09-25 11:09:09,862 [main] INFO  server.AuthenticationFilter (AuthenticationFilter.java:constructSecretProvider(240)) - Unable to initialize FileSignerSecretProvider, falling back to use random secrets.
2019-09-25 11:09:09,863 [main] WARN  http.HttpRequestLog (HttpRequestLog.java:getRequestLog(97)) - Jetty request log can only be enabled using Log4j
2019-09-25 11:09:09,864 [main] INFO  http.HttpServer2 (HttpServer2.java:addGlobalFilter(975)) - Added global filter 'safety' (class=org.apache.hadoop.http.HttpServer2$QuotingInputFilter)
2019-09-25 11:09:09,865 [main] INFO  http.HttpServer2 (HttpServer2.java:addFilter(948)) - Added filter static_user_filter (class=org.apache.hadoop.http.lib.StaticUserWebFilter$StaticUserFilter) to context hddsDatanode
2019-09-25 11:09:09,865 [main] INFO  http.HttpServer2 (HttpServer2.java:addFilter(958)) - Added filter static_user_filter (class=org.apache.hadoop.http.lib.StaticUserWebFilter$StaticUserFilter) to context static
2019-09-25 11:09:09,865 [main] INFO  http.HttpServer2 (HttpServer2.java:addFilter(958)) - Added filter static_user_filter (class=org.apache.hadoop.http.lib.StaticUserWebFilter$StaticUserFilter) to context logs
2019-09-25 11:09:09,866 [main] INFO  http.HttpServer2 (HttpServer2.java:bindListener(1191)) - Jetty bound to port 41742
2019-09-25 11:09:09,866 [main] INFO  server.Server (Server.java:doStart(351)) - jetty-9.3.25.v20180904, build timestamp: 2018-09-04T21:11:46Z, git hash: 3ce520221d0240229c862b122d2b06c12a625732
2019-09-25 11:09:09,867 [main] INFO  handler.ContextHandler (ContextHandler.java:doStart(781)) - Started o.e.j.s.ServletContextHandler@163e8949{/logs,file:///workdir/hadoop-ozone/integration-test/target/log,AVAILABLE}
2019-09-25 11:09:09,868 [main] INFO  handler.ContextHandler (ContextHandler.java:doStart(781)) - Started o.e.j.s.ServletContextHandler@64c25a62{/static,jar:file:/home/user/.m2/repository/org/apache/hadoop/hadoop-hdds-container-service/0.5.0-SNAPSHOT/hadoop-hdds-container-service-0.5.0-SNAPSHOT.jar!/webapps/static,AVAILABLE}
2019-09-25 11:09:09,895 [main] INFO  handler.ContextHandler (ContextHandler.java:doStart(781)) - Started o.e.j.w.WebAppContext@1c68d0db{/,file:///tmp/jetty-0.0.0.0-41742-hddsDatanode-_-any-1157231297248065807.dir/webapp/,AVAILABLE}{/hddsDatanode}
2019-09-25 11:09:09,895 [main] INFO  server.AbstractConnector (AbstractConnector.java:doStart(278)) - Started ServerConnector@9be7319{HTTP/1.1,[http/1.1]}{0.0.0.0:41742}
2019-09-25 11:09:09,898 [main] INFO  server.Server (Server.java:doStart(419)) - Started @553445ms
2019-09-25 11:09:09,898 [main] WARN  impl.MetricsSystemImpl (MetricsSystemImpl.java:register(276)) - Sink prometheus already exists!
2019-09-25 11:09:09,899 [main] INFO  server.BaseHttpServer (BaseHttpServer.java:updateConnectorAddress(215)) - HTTP server of HDDSDATANODE is listening at http://0.0.0.0:41742
2019-09-25 11:09:09,899 [main] INFO  impl.MetricsSystemImpl (MetricsSystemImpl.java:init(158)) - HddsDatanode metrics system started (again)
2019-09-25 11:09:09,910 [org.apache.hadoop.util.JvmPauseMonitor$Monitor@1ffe04a0] INFO  util.JvmPauseMonitor (JvmPauseMonitor.java:run(188)) - Starting JVM pause monitor
2019-09-25 11:09:09,912 [Datanode State Machine Thread - 0] INFO  datanode.InitDatanodeState (InitDatanodeState.java:persistContainerDatanodeDetails(140)) - DatanodeDetails is persisted to /workdir/hadoop-ozone/integration-test/target/test-dir/MiniOzoneClusterImpl-4b1c6350-cd3e-4172-b7a0-e9c66394f836/datanode-1/meta/datanode.id
2019-09-25 11:09:09,913 [main] INFO  ozone.HddsDatanodeService (HddsDatanodeService.java:start(184)) - HddsDatanodeService host:pr-hdds-1569-5gmkr-4255264070 ip:192.168.30.6
2019-09-25 11:09:09,920 [main] INFO  volume.HddsVolume (HddsVolume.java:<init>(176)) - Creating Volume: /workdir/hadoop-ozone/integration-test/target/test-dir/MiniOzoneClusterImpl-4b1c6350-cd3e-4172-b7a0-e9c66394f836/datanode-2/data/containers/hdds of  storage type : DISK and capacity : 1482555576320
2019-09-25 11:09:09,920 [main] INFO  volume.VolumeSet (VolumeSet.java:initializeVolumeSet(170)) - Added Volume : /workdir/hadoop-ozone/integration-test/target/test-dir/MiniOzoneClusterImpl-4b1c6350-cd3e-4172-b7a0-e9c66394f836/datanode-2/data/containers/hdds to VolumeSet
2019-09-25 11:09:09,920 [main] INFO  volume.ThrottledAsyncChecker (ThrottledAsyncChecker.java:schedule(139)) - Scheduling a check for org.apache.hadoop.ozone.container.common.volume.HddsVolume@38f617f4
2019-09-25 11:09:09,921 [main] INFO  volume.HddsVolumeChecker (HddsVolumeChecker.java:checkAllVolumes(202)) - Scheduled health check for volume org.apache.hadoop.ozone.container.common.volume.HddsVolume@38f617f4
2019-09-25 11:09:09,935 [main] INFO  impl.RaftServerProxy (ConfUtils.java:logGet(43)) - raft.rpc.type = GRPC (default)
2019-09-25 11:09:09,935 [main] INFO  grpc.GrpcFactory (GrpcFactory.java:checkPooledByteBufAllocatorUseCacheForAllThreads(45)) - PERFORMANCE WARNING: useCacheForAllThreads is true that may cause Netty to create a lot garbage objects and, as a result, trigger GC.
	It is recommended to disable useCacheForAllThreads by setting -Dorg.apache.ratis.thirdparty.io.netty.allocator.useCacheForAllThreads=false in command line.
2019-09-25 11:09:09,935 [main] INFO  grpc.GrpcConfigKeys$Server (ConfUtils.java:logGet(43)) - raft.grpc.server.port = 0 (default)
2019-09-25 11:09:09,935 [main] INFO  server.GrpcService (ConfUtils.java:logGet(43)) - raft.grpc.message.size.max = 33570816 (custom)
2019-09-25 11:09:09,935 [main] INFO  server.RaftServerConfigKeys (ConfUtils.java:logGet(43)) - raft.server.log.appender.buffer.byte-limit = 33554432 (custom)
2019-09-25 11:09:09,936 [main] INFO  server.GrpcService (ConfUtils.java:logGet(43)) - raft.grpc.flow.control.window = 1MB (=1048576) (default)
2019-09-25 11:09:09,936 [main] INFO  server.RaftServerConfigKeys (ConfUtils.java:logGet(43)) - raft.server.rpc.request.timeout = 3000ms (default)
2019-09-25 11:09:09,936 [main] INFO  server.RaftServerConfigKeys (ConfUtils.java:logGet(43)) - raft.server.storage.dir = [/workdir/hadoop-ozone/integration-test/target/test-dir/MiniOzoneClusterImpl-4b1c6350-cd3e-4172-b7a0-e9c66394f836/datanode-2/data/ratis] (custom)
2019-09-25 11:09:09,937 [main] INFO  hdfs.DFSUtil (DFSUtil.java:httpServerTemplateForNNAndJN(1641)) - Starting Web-server for hddsDatanode at: http://0.0.0.0:0
2019-09-25 11:09:09,938 [main] INFO  server.AuthenticationFilter (AuthenticationFilter.java:constructSecretProvider(240)) - Unable to initialize FileSignerSecretProvider, falling back to use random secrets.
2019-09-25 11:09:09,939 [main] WARN  http.HttpRequestLog (HttpRequestLog.java:getRequestLog(97)) - Jetty request log can only be enabled using Log4j
2019-09-25 11:09:09,940 [main] INFO  http.HttpServer2 (HttpServer2.java:addGlobalFilter(975)) - Added global filter 'safety' (class=org.apache.hadoop.http.HttpServer2$QuotingInputFilter)
2019-09-25 11:09:09,941 [main] INFO  http.HttpServer2 (HttpServer2.java:addFilter(948)) - Added filter static_user_filter (class=org.apache.hadoop.http.lib.StaticUserWebFilter$StaticUserFilter) to context hddsDatanode
2019-09-25 11:09:09,941 [main] INFO  http.HttpServer2 (HttpServer2.java:addFilter(958)) - Added filter static_user_filter (class=org.apache.hadoop.http.lib.StaticUserWebFilter$StaticUserFilter) to context logs
2019-09-25 11:09:09,941 [main] INFO  http.HttpServer2 (HttpServer2.java:addFilter(958)) - Added filter static_user_filter (class=org.apache.hadoop.http.lib.StaticUserWebFilter$StaticUserFilter) to context static
2019-09-25 11:09:09,942 [main] INFO  http.HttpServer2 (HttpServer2.java:bindListener(1191)) - Jetty bound to port 33625
2019-09-25 11:09:09,942 [main] INFO  server.Server (Server.java:doStart(351)) - jetty-9.3.25.v20180904, build timestamp: 2018-09-04T21:11:46Z, git hash: 3ce520221d0240229c862b122d2b06c12a625732
2019-09-25 11:09:09,943 [main] INFO  handler.ContextHandler (ContextHandler.java:doStart(781)) - Started o.e.j.s.ServletContextHandler@538b3c88{/logs,file:///workdir/hadoop-ozone/integration-test/target/log,AVAILABLE}
2019-09-25 11:09:09,944 [main] INFO  handler.ContextHandler (ContextHandler.java:doStart(781)) - Started o.e.j.s.ServletContextHandler@10e56da9{/static,jar:file:/home/user/.m2/repository/org/apache/hadoop/hadoop-hdds-container-service/0.5.0-SNAPSHOT/hadoop-hdds-container-service-0.5.0-SNAPSHOT.jar!/webapps/static,AVAILABLE}
2019-09-25 11:09:09,972 [main] INFO  handler.ContextHandler (ContextHandler.java:doStart(781)) - Started o.e.j.w.WebAppContext@19705650{/,file:///tmp/jetty-0.0.0.0-33625-hddsDatanode-_-any-8299409274040417870.dir/webapp/,AVAILABLE}{/hddsDatanode}
2019-09-25 11:09:09,972 [main] INFO  server.AbstractConnector (AbstractConnector.java:doStart(278)) - Started ServerConnector@1a785fd5{HTTP/1.1,[http/1.1]}{0.0.0.0:33625}
2019-09-25 11:09:09,975 [main] INFO  server.Server (Server.java:doStart(419)) - Started @553520ms
2019-09-25 11:09:09,975 [main] WARN  impl.MetricsSystemImpl (MetricsSystemImpl.java:register(276)) - Sink prometheus already exists!
2019-09-25 11:09:09,975 [main] INFO  server.BaseHttpServer (BaseHttpServer.java:updateConnectorAddress(215)) - HTTP server of HDDSDATANODE is listening at http://0.0.0.0:33625
2019-09-25 11:09:09,976 [main] INFO  impl.MetricsSystemImpl (MetricsSystemImpl.java:init(158)) - HddsDatanode metrics system started (again)
2019-09-25 11:09:09,986 [org.apache.hadoop.util.JvmPauseMonitor$Monitor@4a47e916] INFO  util.JvmPauseMonitor (JvmPauseMonitor.java:run(188)) - Starting JVM pause monitor
2019-09-25 11:09:09,987 [Datanode State Machine Thread - 0] INFO  datanode.InitDatanodeState (InitDatanodeState.java:persistContainerDatanodeDetails(140)) - DatanodeDetails is persisted to /workdir/hadoop-ozone/integration-test/target/test-dir/MiniOzoneClusterImpl-4b1c6350-cd3e-4172-b7a0-e9c66394f836/datanode-2/meta/datanode.id
2019-09-25 11:09:09,987 [main] INFO  ozone.HddsDatanodeService (HddsDatanodeService.java:start(184)) - HddsDatanodeService host:pr-hdds-1569-5gmkr-4255264070 ip:192.168.30.6
2019-09-25 11:09:10,000 [main] INFO  volume.HddsVolume (HddsVolume.java:<init>(176)) - Creating Volume: /workdir/hadoop-ozone/integration-test/target/test-dir/MiniOzoneClusterImpl-4b1c6350-cd3e-4172-b7a0-e9c66394f836/datanode-3/data/containers/hdds of  storage type : DISK and capacity : 1482555576320
2019-09-25 11:09:10,000 [main] INFO  volume.VolumeSet (VolumeSet.java:initializeVolumeSet(170)) - Added Volume : /workdir/hadoop-ozone/integration-test/target/test-dir/MiniOzoneClusterImpl-4b1c6350-cd3e-4172-b7a0-e9c66394f836/datanode-3/data/containers/hdds to VolumeSet
2019-09-25 11:09:10,000 [main] INFO  volume.ThrottledAsyncChecker (ThrottledAsyncChecker.java:schedule(139)) - Scheduling a check for org.apache.hadoop.ozone.container.common.volume.HddsVolume@43e3a390
2019-09-25 11:09:10,001 [main] INFO  volume.HddsVolumeChecker (HddsVolumeChecker.java:checkAllVolumes(202)) - Scheduled health check for volume org.apache.hadoop.ozone.container.common.volume.HddsVolume@43e3a390
2019-09-25 11:09:10,020 [main] INFO  impl.RaftServerProxy (ConfUtils.java:logGet(43)) - raft.rpc.type = GRPC (default)
2019-09-25 11:09:10,020 [main] INFO  grpc.GrpcFactory (GrpcFactory.java:checkPooledByteBufAllocatorUseCacheForAllThreads(45)) - PERFORMANCE WARNING: useCacheForAllThreads is true that may cause Netty to create a lot garbage objects and, as a result, trigger GC.
	It is recommended to disable useCacheForAllThreads by setting -Dorg.apache.ratis.thirdparty.io.netty.allocator.useCacheForAllThreads=false in command line.
2019-09-25 11:09:10,020 [main] INFO  grpc.GrpcConfigKeys$Server (ConfUtils.java:logGet(43)) - raft.grpc.server.port = 0 (default)
2019-09-25 11:09:10,021 [main] INFO  server.GrpcService (ConfUtils.java:logGet(43)) - raft.grpc.message.size.max = 33570816 (custom)
2019-09-25 11:09:10,021 [main] INFO  server.RaftServerConfigKeys (ConfUtils.java:logGet(43)) - raft.server.log.appender.buffer.byte-limit = 33554432 (custom)
2019-09-25 11:09:10,021 [main] INFO  server.GrpcService (ConfUtils.java:logGet(43)) - raft.grpc.flow.control.window = 1MB (=1048576) (default)
2019-09-25 11:09:10,021 [main] INFO  server.RaftServerConfigKeys (ConfUtils.java:logGet(43)) - raft.server.rpc.request.timeout = 3000ms (default)
2019-09-25 11:09:10,022 [main] INFO  server.RaftServerConfigKeys (ConfUtils.java:logGet(43)) - raft.server.storage.dir = [/workdir/hadoop-ozone/integration-test/target/test-dir/MiniOzoneClusterImpl-4b1c6350-cd3e-4172-b7a0-e9c66394f836/datanode-3/data/ratis] (custom)
2019-09-25 11:09:10,023 [main] INFO  hdfs.DFSUtil (DFSUtil.java:httpServerTemplateForNNAndJN(1641)) - Starting Web-server for hddsDatanode at: http://0.0.0.0:0
2019-09-25 11:09:10,024 [main] INFO  server.AuthenticationFilter (AuthenticationFilter.java:constructSecretProvider(240)) - Unable to initialize FileSignerSecretProvider, falling back to use random secrets.
2019-09-25 11:09:10,024 [main] WARN  http.HttpRequestLog (HttpRequestLog.java:getRequestLog(97)) - Jetty request log can only be enabled using Log4j
2019-09-25 11:09:10,026 [main] INFO  http.HttpServer2 (HttpServer2.java:addGlobalFilter(975)) - Added global filter 'safety' (class=org.apache.hadoop.http.HttpServer2$QuotingInputFilter)
2019-09-25 11:09:10,026 [main] INFO  http.HttpServer2 (HttpServer2.java:addFilter(948)) - Added filter static_user_filter (class=org.apache.hadoop.http.lib.StaticUserWebFilter$StaticUserFilter) to context hddsDatanode
2019-09-25 11:09:10,026 [main] INFO  http.HttpServer2 (HttpServer2.java:addFilter(958)) - Added filter static_user_filter (class=org.apache.hadoop.http.lib.StaticUserWebFilter$StaticUserFilter) to context logs
2019-09-25 11:09:10,026 [main] INFO  http.HttpServer2 (HttpServer2.java:addFilter(958)) - Added filter static_user_filter (class=org.apache.hadoop.http.lib.StaticUserWebFilter$StaticUserFilter) to context static
2019-09-25 11:09:10,027 [main] INFO  http.HttpServer2 (HttpServer2.java:bindListener(1191)) - Jetty bound to port 39703
2019-09-25 11:09:10,027 [main] INFO  server.Server (Server.java:doStart(351)) - jetty-9.3.25.v20180904, build timestamp: 2018-09-04T21:11:46Z, git hash: 3ce520221d0240229c862b122d2b06c12a625732
2019-09-25 11:09:10,028 [main] INFO  handler.ContextHandler (ContextHandler.java:doStart(781)) - Started o.e.j.s.ServletContextHandler@790ac3e0{/logs,file:///workdir/hadoop-ozone/integration-test/target/log,AVAILABLE}
2019-09-25 11:09:10,029 [main] INFO  handler.ContextHandler (ContextHandler.java:doStart(781)) - Started o.e.j.s.ServletContextHandler@2cee5365{/static,jar:file:/home/user/.m2/repository/org/apache/hadoop/hadoop-hdds-container-service/0.5.0-SNAPSHOT/hadoop-hdds-container-service-0.5.0-SNAPSHOT.jar!/webapps/static,AVAILABLE}
2019-09-25 11:09:10,056 [main] INFO  handler.ContextHandler (ContextHandler.java:doStart(781)) - Started o.e.j.w.WebAppContext@73aaec54{/,file:///tmp/jetty-0.0.0.0-39703-hddsDatanode-_-any-8235161406758238557.dir/webapp/,AVAILABLE}{/hddsDatanode}
2019-09-25 11:09:10,057 [main] INFO  server.AbstractConnector (AbstractConnector.java:doStart(278)) - Started ServerConnector@239b98cb{HTTP/1.1,[http/1.1]}{0.0.0.0:39703}
2019-09-25 11:09:10,057 [main] INFO  server.Server (Server.java:doStart(419)) - Started @553604ms
2019-09-25 11:09:10,060 [main] WARN  impl.MetricsSystemImpl (MetricsSystemImpl.java:register(276)) - Sink prometheus already exists!
2019-09-25 11:09:10,060 [main] INFO  server.BaseHttpServer (BaseHttpServer.java:updateConnectorAddress(215)) - HTTP server of HDDSDATANODE is listening at http://0.0.0.0:39703
2019-09-25 11:09:10,060 [main] INFO  impl.MetricsSystemImpl (MetricsSystemImpl.java:init(158)) - HddsDatanode metrics system started (again)
2019-09-25 11:09:10,072 [org.apache.hadoop.util.JvmPauseMonitor$Monitor@620aff98] INFO  util.JvmPauseMonitor (JvmPauseMonitor.java:run(188)) - Starting JVM pause monitor
2019-09-25 11:09:10,073 [Datanode State Machine Thread - 0] INFO  datanode.InitDatanodeState (InitDatanodeState.java:persistContainerDatanodeDetails(140)) - DatanodeDetails is persisted to /workdir/hadoop-ozone/integration-test/target/test-dir/MiniOzoneClusterImpl-4b1c6350-cd3e-4172-b7a0-e9c66394f836/datanode-3/meta/datanode.id
2019-09-25 11:09:10,073 [main] INFO  ozone.HddsDatanodeService (HddsDatanodeService.java:start(184)) - HddsDatanodeService host:pr-hdds-1569-5gmkr-4255264070 ip:192.168.30.6
2019-09-25 11:09:10,086 [main] INFO  volume.HddsVolume (HddsVolume.java:<init>(176)) - Creating Volume: /workdir/hadoop-ozone/integration-test/target/test-dir/MiniOzoneClusterImpl-4b1c6350-cd3e-4172-b7a0-e9c66394f836/datanode-4/data/containers/hdds of  storage type : DISK and capacity : 1482555576320
2019-09-25 11:09:10,087 [main] INFO  volume.VolumeSet (VolumeSet.java:initializeVolumeSet(170)) - Added Volume : /workdir/hadoop-ozone/integration-test/target/test-dir/MiniOzoneClusterImpl-4b1c6350-cd3e-4172-b7a0-e9c66394f836/datanode-4/data/containers/hdds to VolumeSet
2019-09-25 11:09:10,087 [main] INFO  volume.ThrottledAsyncChecker (ThrottledAsyncChecker.java:schedule(139)) - Scheduling a check for org.apache.hadoop.ozone.container.common.volume.HddsVolume@14a1769d
2019-09-25 11:09:10,087 [main] INFO  volume.HddsVolumeChecker (HddsVolumeChecker.java:checkAllVolumes(202)) - Scheduled health check for volume org.apache.hadoop.ozone.container.common.volume.HddsVolume@14a1769d
2019-09-25 11:09:10,102 [main] INFO  impl.RaftServerProxy (ConfUtils.java:logGet(43)) - raft.rpc.type = GRPC (default)
2019-09-25 11:09:10,102 [main] INFO  grpc.GrpcFactory (GrpcFactory.java:checkPooledByteBufAllocatorUseCacheForAllThreads(45)) - PERFORMANCE WARNING: useCacheForAllThreads is true that may cause Netty to create a lot garbage objects and, as a result, trigger GC.
	It is recommended to disable useCacheForAllThreads by setting -Dorg.apache.ratis.thirdparty.io.netty.allocator.useCacheForAllThreads=false in command line.
2019-09-25 11:09:10,102 [main] INFO  grpc.GrpcConfigKeys$Server (ConfUtils.java:logGet(43)) - raft.grpc.server.port = 0 (default)
2019-09-25 11:09:10,103 [main] INFO  server.GrpcService (ConfUtils.java:logGet(43)) - raft.grpc.message.size.max = 33570816 (custom)
2019-09-25 11:09:10,103 [main] INFO  server.RaftServerConfigKeys (ConfUtils.java:logGet(43)) - raft.server.log.appender.buffer.byte-limit = 33554432 (custom)
2019-09-25 11:09:10,103 [main] INFO  server.GrpcService (ConfUtils.java:logGet(43)) - raft.grpc.flow.control.window = 1MB (=1048576) (default)
2019-09-25 11:09:10,103 [main] INFO  server.RaftServerConfigKeys (ConfUtils.java:logGet(43)) - raft.server.rpc.request.timeout = 3000ms (default)
2019-09-25 11:09:10,103 [main] INFO  server.RaftServerConfigKeys (ConfUtils.java:logGet(43)) - raft.server.storage.dir = [/workdir/hadoop-ozone/integration-test/target/test-dir/MiniOzoneClusterImpl-4b1c6350-cd3e-4172-b7a0-e9c66394f836/datanode-4/data/ratis] (custom)
2019-09-25 11:09:10,104 [main] INFO  hdfs.DFSUtil (DFSUtil.java:httpServerTemplateForNNAndJN(1641)) - Starting Web-server for hddsDatanode at: http://0.0.0.0:0
2019-09-25 11:09:10,105 [main] INFO  server.AuthenticationFilter (AuthenticationFilter.java:constructSecretProvider(240)) - Unable to initialize FileSignerSecretProvider, falling back to use random secrets.
2019-09-25 11:09:10,106 [main] WARN  http.HttpRequestLog (HttpRequestLog.java:getRequestLog(97)) - Jetty request log can only be enabled using Log4j
2019-09-25 11:09:10,107 [main] INFO  http.HttpServer2 (HttpServer2.java:addGlobalFilter(975)) - Added global filter 'safety' (class=org.apache.hadoop.http.HttpServer2$QuotingInputFilter)
2019-09-25 11:09:10,107 [main] INFO  http.HttpServer2 (HttpServer2.java:addFilter(948)) - Added filter static_user_filter (class=org.apache.hadoop.http.lib.StaticUserWebFilter$StaticUserFilter) to context hddsDatanode
2019-09-25 11:09:10,107 [main] INFO  http.HttpServer2 (HttpServer2.java:addFilter(958)) - Added filter static_user_filter (class=org.apache.hadoop.http.lib.StaticUserWebFilter$StaticUserFilter) to context static
2019-09-25 11:09:10,108 [main] INFO  http.HttpServer2 (HttpServer2.java:addFilter(958)) - Added filter static_user_filter (class=org.apache.hadoop.http.lib.StaticUserWebFilter$StaticUserFilter) to context logs
2019-09-25 11:09:10,108 [main] INFO  http.HttpServer2 (HttpServer2.java:bindListener(1191)) - Jetty bound to port 39012
2019-09-25 11:09:10,108 [main] INFO  server.Server (Server.java:doStart(351)) - jetty-9.3.25.v20180904, build timestamp: 2018-09-04T21:11:46Z, git hash: 3ce520221d0240229c862b122d2b06c12a625732
2019-09-25 11:09:10,110 [main] INFO  handler.ContextHandler (ContextHandler.java:doStart(781)) - Started o.e.j.s.ServletContextHandler@63de4fa{/logs,file:///workdir/hadoop-ozone/integration-test/target/log,AVAILABLE}
2019-09-25 11:09:10,110 [main] INFO  handler.ContextHandler (ContextHandler.java:doStart(781)) - Started o.e.j.s.ServletContextHandler@18907af2{/static,jar:file:/home/user/.m2/repository/org/apache/hadoop/hadoop-hdds-container-service/0.5.0-SNAPSHOT/hadoop-hdds-container-service-0.5.0-SNAPSHOT.jar!/webapps/static,AVAILABLE}
2019-09-25 11:09:10,144 [main] INFO  handler.ContextHandler (ContextHandler.java:doStart(781)) - Started o.e.j.w.WebAppContext@56da96b3{/,file:///tmp/jetty-0.0.0.0-39012-hddsDatanode-_-any-490365680818394617.dir/webapp/,AVAILABLE}{/hddsDatanode}
2019-09-25 11:09:10,144 [main] INFO  server.AbstractConnector (AbstractConnector.java:doStart(278)) - Started ServerConnector@6b3d9c38{HTTP/1.1,[http/1.1]}{0.0.0.0:39012}
2019-09-25 11:09:10,146 [main] INFO  server.Server (Server.java:doStart(419)) - Started @553693ms
2019-09-25 11:09:10,146 [main] WARN  impl.MetricsSystemImpl (MetricsSystemImpl.java:register(276)) - Sink prometheus already exists!
2019-09-25 11:09:10,147 [main] INFO  server.BaseHttpServer (BaseHttpServer.java:updateConnectorAddress(215)) - HTTP server of HDDSDATANODE is listening at http://0.0.0.0:39012
2019-09-25 11:09:10,148 [main] INFO  impl.MetricsSystemImpl (MetricsSystemImpl.java:init(158)) - HddsDatanode metrics system started (again)
2019-09-25 11:09:10,166 [org.apache.hadoop.util.JvmPauseMonitor$Monitor@2f67599d] INFO  util.JvmPauseMonitor (JvmPauseMonitor.java:run(188)) - Starting JVM pause monitor
2019-09-25 11:09:10,167 [Datanode State Machine Thread - 0] INFO  datanode.InitDatanodeState (InitDatanodeState.java:persistContainerDatanodeDetails(140)) - DatanodeDetails is persisted to /workdir/hadoop-ozone/integration-test/target/test-dir/MiniOzoneClusterImpl-4b1c6350-cd3e-4172-b7a0-e9c66394f836/datanode-4/meta/datanode.id
2019-09-25 11:09:10,169 [main] INFO  ozone.HddsDatanodeService (HddsDatanodeService.java:start(184)) - HddsDatanodeService host:pr-hdds-1569-5gmkr-4255264070 ip:192.168.30.6
2019-09-25 11:09:10,178 [main] INFO  volume.HddsVolume (HddsVolume.java:<init>(176)) - Creating Volume: /workdir/hadoop-ozone/integration-test/target/test-dir/MiniOzoneClusterImpl-4b1c6350-cd3e-4172-b7a0-e9c66394f836/datanode-5/data/containers/hdds of  storage type : DISK and capacity : 1482555576320
2019-09-25 11:09:10,178 [main] INFO  volume.VolumeSet (VolumeSet.java:initializeVolumeSet(170)) - Added Volume : /workdir/hadoop-ozone/integration-test/target/test-dir/MiniOzoneClusterImpl-4b1c6350-cd3e-4172-b7a0-e9c66394f836/datanode-5/data/containers/hdds to VolumeSet
2019-09-25 11:09:10,179 [main] INFO  volume.ThrottledAsyncChecker (ThrottledAsyncChecker.java:schedule(139)) - Scheduling a check for org.apache.hadoop.ozone.container.common.volume.HddsVolume@2c8ff67
2019-09-25 11:09:10,179 [main] INFO  volume.HddsVolumeChecker (HddsVolumeChecker.java:checkAllVolumes(202)) - Scheduled health check for volume org.apache.hadoop.ozone.container.common.volume.HddsVolume@2c8ff67
2019-09-25 11:09:10,198 [main] INFO  impl.RaftServerProxy (ConfUtils.java:logGet(43)) - raft.rpc.type = GRPC (default)
2019-09-25 11:09:10,198 [main] INFO  grpc.GrpcFactory (GrpcFactory.java:checkPooledByteBufAllocatorUseCacheForAllThreads(45)) - PERFORMANCE WARNING: useCacheForAllThreads is true that may cause Netty to create a lot garbage objects and, as a result, trigger GC.
	It is recommended to disable useCacheForAllThreads by setting -Dorg.apache.ratis.thirdparty.io.netty.allocator.useCacheForAllThreads=false in command line.
2019-09-25 11:09:10,198 [main] INFO  grpc.GrpcConfigKeys$Server (ConfUtils.java:logGet(43)) - raft.grpc.server.port = 0 (default)
2019-09-25 11:09:10,199 [main] INFO  server.GrpcService (ConfUtils.java:logGet(43)) - raft.grpc.message.size.max = 33570816 (custom)
2019-09-25 11:09:10,199 [main] INFO  server.RaftServerConfigKeys (ConfUtils.java:logGet(43)) - raft.server.log.appender.buffer.byte-limit = 33554432 (custom)
2019-09-25 11:09:10,199 [main] INFO  server.GrpcService (ConfUtils.java:logGet(43)) - raft.grpc.flow.control.window = 1MB (=1048576) (default)
2019-09-25 11:09:10,199 [main] INFO  server.RaftServerConfigKeys (ConfUtils.java:logGet(43)) - raft.server.rpc.request.timeout = 3000ms (default)
2019-09-25 11:09:10,200 [main] INFO  server.RaftServerConfigKeys (ConfUtils.java:logGet(43)) - raft.server.storage.dir = [/workdir/hadoop-ozone/integration-test/target/test-dir/MiniOzoneClusterImpl-4b1c6350-cd3e-4172-b7a0-e9c66394f836/datanode-5/data/ratis] (custom)
2019-09-25 11:09:10,201 [main] INFO  hdfs.DFSUtil (DFSUtil.java:httpServerTemplateForNNAndJN(1641)) - Starting Web-server for hddsDatanode at: http://0.0.0.0:0
2019-09-25 11:09:10,203 [main] INFO  server.AuthenticationFilter (AuthenticationFilter.java:constructSecretProvider(240)) - Unable to initialize FileSignerSecretProvider, falling back to use random secrets.
2019-09-25 11:09:10,203 [main] WARN  http.HttpRequestLog (HttpRequestLog.java:getRequestLog(97)) - Jetty request log can only be enabled using Log4j
2019-09-25 11:09:10,205 [main] INFO  http.HttpServer2 (HttpServer2.java:addGlobalFilter(975)) - Added global filter 'safety' (class=org.apache.hadoop.http.HttpServer2$QuotingInputFilter)
2019-09-25 11:09:10,205 [main] INFO  http.HttpServer2 (HttpServer2.java:addFilter(948)) - Added filter static_user_filter (class=org.apache.hadoop.http.lib.StaticUserWebFilter$StaticUserFilter) to context hddsDatanode
2019-09-25 11:09:10,206 [main] INFO  http.HttpServer2 (HttpServer2.java:addFilter(958)) - Added filter static_user_filter (class=org.apache.hadoop.http.lib.StaticUserWebFilter$StaticUserFilter) to context logs
2019-09-25 11:09:10,206 [main] INFO  http.HttpServer2 (HttpServer2.java:addFilter(958)) - Added filter static_user_filter (class=org.apache.hadoop.http.lib.StaticUserWebFilter$StaticUserFilter) to context static
2019-09-25 11:09:10,206 [main] INFO  http.HttpServer2 (HttpServer2.java:bindListener(1191)) - Jetty bound to port 41188
2019-09-25 11:09:10,207 [main] INFO  server.Server (Server.java:doStart(351)) - jetty-9.3.25.v20180904, build timestamp: 2018-09-04T21:11:46Z, git hash: 3ce520221d0240229c862b122d2b06c12a625732
2019-09-25 11:09:10,208 [main] INFO  handler.ContextHandler (ContextHandler.java:doStart(781)) - Started o.e.j.s.ServletContextHandler@16bbaab3{/logs,file:///workdir/hadoop-ozone/integration-test/target/log,AVAILABLE}
2019-09-25 11:09:10,209 [main] INFO  handler.ContextHandler (ContextHandler.java:doStart(781)) - Started o.e.j.s.ServletContextHandler@fe42a09{/static,jar:file:/home/user/.m2/repository/org/apache/hadoop/hadoop-hdds-container-service/0.5.0-SNAPSHOT/hadoop-hdds-container-service-0.5.0-SNAPSHOT.jar!/webapps/static,AVAILABLE}
2019-09-25 11:09:10,244 [main] INFO  handler.ContextHandler (ContextHandler.java:doStart(781)) - Started o.e.j.w.WebAppContext@2774dcf4{/,file:///tmp/jetty-0.0.0.0-41188-hddsDatanode-_-any-3802554580400599085.dir/webapp/,AVAILABLE}{/hddsDatanode}
2019-09-25 11:09:10,245 [main] INFO  server.AbstractConnector (AbstractConnector.java:doStart(278)) - Started ServerConnector@20b829d5{HTTP/1.1,[http/1.1]}{0.0.0.0:41188}
2019-09-25 11:09:10,247 [main] INFO  server.Server (Server.java:doStart(419)) - Started @553794ms
2019-09-25 11:09:10,247 [main] WARN  impl.MetricsSystemImpl (MetricsSystemImpl.java:register(276)) - Sink prometheus already exists!
2019-09-25 11:09:10,248 [main] INFO  server.BaseHttpServer (BaseHttpServer.java:updateConnectorAddress(215)) - HTTP server of HDDSDATANODE is listening at http://0.0.0.0:41188
2019-09-25 11:09:10,248 [main] INFO  impl.MetricsSystemImpl (MetricsSystemImpl.java:init(158)) - HddsDatanode metrics system started (again)
2019-09-25 11:09:10,262 [org.apache.hadoop.util.JvmPauseMonitor$Monitor@2ae935b5] INFO  util.JvmPauseMonitor (JvmPauseMonitor.java:run(188)) - Starting JVM pause monitor
2019-09-25 11:09:10,263 [Datanode State Machine Thread - 0] INFO  datanode.InitDatanodeState (InitDatanodeState.java:persistContainerDatanodeDetails(140)) - DatanodeDetails is persisted to /workdir/hadoop-ozone/integration-test/target/test-dir/MiniOzoneClusterImpl-4b1c6350-cd3e-4172-b7a0-e9c66394f836/datanode-5/meta/datanode.id
2019-09-25 11:09:10,264 [main] INFO  ozone.HddsDatanodeService (HddsDatanodeService.java:start(184)) - HddsDatanodeService host:pr-hdds-1569-5gmkr-4255264070 ip:192.168.30.6
2019-09-25 11:09:10,273 [main] INFO  volume.HddsVolume (HddsVolume.java:<init>(176)) - Creating Volume: /workdir/hadoop-ozone/integration-test/target/test-dir/MiniOzoneClusterImpl-4b1c6350-cd3e-4172-b7a0-e9c66394f836/datanode-6/data/containers/hdds of  storage type : DISK and capacity : 1482555576320
2019-09-25 11:09:10,273 [main] INFO  volume.VolumeSet (VolumeSet.java:initializeVolumeSet(170)) - Added Volume : /workdir/hadoop-ozone/integration-test/target/test-dir/MiniOzoneClusterImpl-4b1c6350-cd3e-4172-b7a0-e9c66394f836/datanode-6/data/containers/hdds to VolumeSet
2019-09-25 11:09:10,273 [main] INFO  volume.ThrottledAsyncChecker (ThrottledAsyncChecker.java:schedule(139)) - Scheduling a check for org.apache.hadoop.ozone.container.common.volume.HddsVolume@6546371
2019-09-25 11:09:10,274 [main] INFO  volume.HddsVolumeChecker (HddsVolumeChecker.java:checkAllVolumes(202)) - Scheduled health check for volume org.apache.hadoop.ozone.container.common.volume.HddsVolume@6546371
2019-09-25 11:09:10,292 [main] INFO  impl.RaftServerProxy (ConfUtils.java:logGet(43)) - raft.rpc.type = GRPC (default)
2019-09-25 11:09:10,293 [main] INFO  grpc.GrpcFactory (GrpcFactory.java:checkPooledByteBufAllocatorUseCacheForAllThreads(45)) - PERFORMANCE WARNING: useCacheForAllThreads is true that may cause Netty to create a lot garbage objects and, as a result, trigger GC.
	It is recommended to disable useCacheForAllThreads by setting -Dorg.apache.ratis.thirdparty.io.netty.allocator.useCacheForAllThreads=false in command line.
2019-09-25 11:09:10,293 [main] INFO  grpc.GrpcConfigKeys$Server (ConfUtils.java:logGet(43)) - raft.grpc.server.port = 0 (default)
2019-09-25 11:09:10,293 [main] INFO  server.GrpcService (ConfUtils.java:logGet(43)) - raft.grpc.message.size.max = 33570816 (custom)
2019-09-25 11:09:10,293 [main] INFO  server.RaftServerConfigKeys (ConfUtils.java:logGet(43)) - raft.server.log.appender.buffer.byte-limit = 33554432 (custom)
2019-09-25 11:09:10,293 [main] INFO  server.GrpcService (ConfUtils.java:logGet(43)) - raft.grpc.flow.control.window = 1MB (=1048576) (default)
2019-09-25 11:09:10,294 [main] INFO  server.RaftServerConfigKeys (ConfUtils.java:logGet(43)) - raft.server.rpc.request.timeout = 3000ms (default)
2019-09-25 11:09:10,294 [main] INFO  server.RaftServerConfigKeys (ConfUtils.java:logGet(43)) - raft.server.storage.dir = [/workdir/hadoop-ozone/integration-test/target/test-dir/MiniOzoneClusterImpl-4b1c6350-cd3e-4172-b7a0-e9c66394f836/datanode-6/data/ratis] (custom)
2019-09-25 11:09:10,295 [main] INFO  hdfs.DFSUtil (DFSUtil.java:httpServerTemplateForNNAndJN(1641)) - Starting Web-server for hddsDatanode at: http://0.0.0.0:0
2019-09-25 11:09:10,296 [main] INFO  server.AuthenticationFilter (AuthenticationFilter.java:constructSecretProvider(240)) - Unable to initialize FileSignerSecretProvider, falling back to use random secrets.
2019-09-25 11:09:10,297 [main] WARN  http.HttpRequestLog (HttpRequestLog.java:getRequestLog(97)) - Jetty request log can only be enabled using Log4j
2019-09-25 11:09:10,298 [main] INFO  http.HttpServer2 (HttpServer2.java:addGlobalFilter(975)) - Added global filter 'safety' (class=org.apache.hadoop.http.HttpServer2$QuotingInputFilter)
2019-09-25 11:09:10,299 [main] INFO  http.HttpServer2 (HttpServer2.java:addFilter(948)) - Added filter static_user_filter (class=org.apache.hadoop.http.lib.StaticUserWebFilter$StaticUserFilter) to context hddsDatanode
2019-09-25 11:09:10,299 [main] INFO  http.HttpServer2 (HttpServer2.java:addFilter(958)) - Added filter static_user_filter (class=org.apache.hadoop.http.lib.StaticUserWebFilter$StaticUserFilter) to context logs
2019-09-25 11:09:10,299 [main] INFO  http.HttpServer2 (HttpServer2.java:addFilter(958)) - Added filter static_user_filter (class=org.apache.hadoop.http.lib.StaticUserWebFilter$StaticUserFilter) to context static
2019-09-25 11:09:10,300 [main] INFO  http.HttpServer2 (HttpServer2.java:bindListener(1191)) - Jetty bound to port 41465
2019-09-25 11:09:10,300 [main] INFO  server.Server (Server.java:doStart(351)) - jetty-9.3.25.v20180904, build timestamp: 2018-09-04T21:11:46Z, git hash: 3ce520221d0240229c862b122d2b06c12a625732
2019-09-25 11:09:10,301 [main] INFO  handler.ContextHandler (ContextHandler.java:doStart(781)) - Started o.e.j.s.ServletContextHandler@b428830{/logs,file:///workdir/hadoop-ozone/integration-test/target/log,AVAILABLE}
2019-09-25 11:09:10,302 [main] INFO  handler.ContextHandler (ContextHandler.java:doStart(781)) - Started o.e.j.s.ServletContextHandler@42aa1324{/static,jar:file:/home/user/.m2/repository/org/apache/hadoop/hadoop-hdds-container-service/0.5.0-SNAPSHOT/hadoop-hdds-container-service-0.5.0-SNAPSHOT.jar!/webapps/static,AVAILABLE}
2019-09-25 11:09:10,329 [main] INFO  handler.ContextHandler (ContextHandler.java:doStart(781)) - Started o.e.j.w.WebAppContext@30ec211a{/,file:///tmp/jetty-0.0.0.0-41465-hddsDatanode-_-any-7878546542215304522.dir/webapp/,AVAILABLE}{/hddsDatanode}
2019-09-25 11:09:10,330 [main] INFO  server.AbstractConnector (AbstractConnector.java:doStart(278)) - Started ServerConnector@1ac0cdb0{HTTP/1.1,[http/1.1]}{0.0.0.0:41465}
2019-09-25 11:09:10,332 [main] INFO  server.Server (Server.java:doStart(419)) - Started @553879ms
2019-09-25 11:09:10,332 [main] WARN  impl.MetricsSystemImpl (MetricsSystemImpl.java:register(276)) - Sink prometheus already exists!
2019-09-25 11:09:10,333 [main] INFO  server.BaseHttpServer (BaseHttpServer.java:updateConnectorAddress(215)) - HTTP server of HDDSDATANODE is listening at http://0.0.0.0:41465
2019-09-25 11:09:10,333 [main] INFO  ozone.MiniOzoneClusterImpl (MiniOzoneClusterImpl.java:lambda$waitForClusterToBeReady$0(147)) - Waiting for cluster to be ready. Got 0 of 7 DN Heartbeats.
2019-09-25 11:09:10,334 [org.apache.hadoop.util.JvmPauseMonitor$Monitor@358108ea] INFO  util.JvmPauseMonitor (JvmPauseMonitor.java:run(188)) - Starting JVM pause monitor
2019-09-25 11:09:10,336 [Datanode State Machine Thread - 0] INFO  datanode.InitDatanodeState (InitDatanodeState.java:persistContainerDatanodeDetails(140)) - DatanodeDetails is persisted to /workdir/hadoop-ozone/integration-test/target/test-dir/MiniOzoneClusterImpl-4b1c6350-cd3e-4172-b7a0-e9c66394f836/datanode-6/meta/datanode.id
2019-09-25 11:09:11,334 [main] INFO  ozone.MiniOzoneClusterImpl (MiniOzoneClusterImpl.java:lambda$waitForClusterToBeReady$0(147)) - Waiting for cluster to be ready. Got 0 of 7 DN Heartbeats.
2019-09-25 11:09:11,845 [Datanode State Machine Thread - 0] INFO  ozoneimpl.OzoneContainer (OzoneContainer.java:start(217)) - Attempting to start container services.
2019-09-25 11:09:11,845 [Datanode State Machine Thread - 0] INFO  ozoneimpl.OzoneContainer (OzoneContainer.java:startContainerScrub(179)) - Background container scanner has been disabled.
2019-09-25 11:09:11,846 [Datanode State Machine Thread - 0] INFO  ratis.XceiverServerRatis (XceiverServerRatis.java:start(411)) - Starting XceiverServerRatis a8823747-7b39-4599-aab8-abab9e384ab8 at port 0
2019-09-25 11:09:11,850 [Datanode State Machine Thread - 0] INFO  impl.RaftServerProxy (RaftServerProxy.java:lambda$start$3(299)) - a8823747-7b39-4599-aab8-abab9e384ab8: start RPC server
2019-09-25 11:09:11,852 [Datanode State Machine Thread - 0] INFO  server.GrpcService (GrpcService.java:startImpl(158)) - a8823747-7b39-4599-aab8-abab9e384ab8: GrpcService started, listening on 0.0.0.0/0.0.0.0:44788
2019-09-25 11:09:11,852 [Datanode State Machine Thread - 0] INFO  ratis.XceiverServerRatis (XceiverServerRatis.java:start(421)) - XceiverServerRatis a8823747-7b39-4599-aab8-abab9e384ab8 is started using port 44788
2019-09-25 11:09:11,852 [Datanode State Machine Thread - 0] INFO  server.XceiverServerGrpc (XceiverServerGrpc.java:start(149)) - XceiverServerGrpc a8823747-7b39-4599-aab8-abab9e384ab8 is started using port 37273
2019-09-25 11:09:11,919 [Datanode State Machine Thread - 0] INFO  ozoneimpl.OzoneContainer (OzoneContainer.java:start(217)) - Attempting to start container services.
2019-09-25 11:09:11,919 [Datanode State Machine Thread - 0] INFO  ozoneimpl.OzoneContainer (OzoneContainer.java:startContainerScrub(179)) - Background container scanner has been disabled.
2019-09-25 11:09:11,919 [Datanode State Machine Thread - 0] INFO  ratis.XceiverServerRatis (XceiverServerRatis.java:start(411)) - Starting XceiverServerRatis 4cceff1e-2c3f-451c-8b62-7d06bcf43963 at port 0
2019-09-25 11:09:11,925 [Datanode State Machine Thread - 0] INFO  impl.RaftServerProxy (RaftServerProxy.java:lambda$start$3(299)) - 4cceff1e-2c3f-451c-8b62-7d06bcf43963: start RPC server
2019-09-25 11:09:11,928 [Datanode State Machine Thread - 0] INFO  server.GrpcService (GrpcService.java:startImpl(158)) - 4cceff1e-2c3f-451c-8b62-7d06bcf43963: GrpcService started, listening on 0.0.0.0/0.0.0.0:43389
2019-09-25 11:09:11,928 [Datanode State Machine Thread - 0] INFO  ratis.XceiverServerRatis (XceiverServerRatis.java:start(421)) - XceiverServerRatis 4cceff1e-2c3f-451c-8b62-7d06bcf43963 is started using port 43389
2019-09-25 11:09:11,930 [Datanode State Machine Thread - 0] INFO  server.XceiverServerGrpc (XceiverServerGrpc.java:start(149)) - XceiverServerGrpc 4cceff1e-2c3f-451c-8b62-7d06bcf43963 is started using port 40797
2019-09-25 11:09:11,997 [Datanode State Machine Thread - 0] INFO  ozoneimpl.OzoneContainer (OzoneContainer.java:start(217)) - Attempting to start container services.
2019-09-25 11:09:11,997 [Datanode State Machine Thread - 0] INFO  ozoneimpl.OzoneContainer (OzoneContainer.java:startContainerScrub(179)) - Background container scanner has been disabled.
2019-09-25 11:09:11,997 [Datanode State Machine Thread - 0] INFO  ratis.XceiverServerRatis (XceiverServerRatis.java:start(411)) - Starting XceiverServerRatis 97301ee4-d551-4dc8-86de-1a37740aeeca at port 0
2019-09-25 11:09:12,002 [Datanode State Machine Thread - 0] INFO  impl.RaftServerProxy (RaftServerProxy.java:lambda$start$3(299)) - 97301ee4-d551-4dc8-86de-1a37740aeeca: start RPC server
2019-09-25 11:09:12,003 [Datanode State Machine Thread - 0] INFO  server.GrpcService (GrpcService.java:startImpl(158)) - 97301ee4-d551-4dc8-86de-1a37740aeeca: GrpcService started, listening on 0.0.0.0/0.0.0.0:39526
2019-09-25 11:09:12,003 [Datanode State Machine Thread - 0] INFO  ratis.XceiverServerRatis (XceiverServerRatis.java:start(421)) - XceiverServerRatis 97301ee4-d551-4dc8-86de-1a37740aeeca is started using port 39526
2019-09-25 11:09:12,013 [Datanode State Machine Thread - 0] INFO  server.XceiverServerGrpc (XceiverServerGrpc.java:start(149)) - XceiverServerGrpc 97301ee4-d551-4dc8-86de-1a37740aeeca is started using port 46044
2019-09-25 11:09:12,086 [Datanode State Machine Thread - 0] INFO  ozoneimpl.OzoneContainer (OzoneContainer.java:start(217)) - Attempting to start container services.
2019-09-25 11:09:12,086 [Datanode State Machine Thread - 0] INFO  ozoneimpl.OzoneContainer (OzoneContainer.java:startContainerScrub(179)) - Background container scanner has been disabled.
2019-09-25 11:09:12,086 [Datanode State Machine Thread - 0] INFO  ratis.XceiverServerRatis (XceiverServerRatis.java:start(411)) - Starting XceiverServerRatis 0ce03005-f534-496c-a0eb-c417dd14ba94 at port 0
2019-09-25 11:09:12,090 [Datanode State Machine Thread - 0] INFO  impl.RaftServerProxy (RaftServerProxy.java:lambda$start$3(299)) - 0ce03005-f534-496c-a0eb-c417dd14ba94: start RPC server
2019-09-25 11:09:12,093 [Datanode State Machine Thread - 0] INFO  server.GrpcService (GrpcService.java:startImpl(158)) - 0ce03005-f534-496c-a0eb-c417dd14ba94: GrpcService started, listening on 0.0.0.0/0.0.0.0:34724
2019-09-25 11:09:12,093 [Datanode State Machine Thread - 0] INFO  ratis.XceiverServerRatis (XceiverServerRatis.java:start(421)) - XceiverServerRatis 0ce03005-f534-496c-a0eb-c417dd14ba94 is started using port 34724
2019-09-25 11:09:12,094 [Datanode State Machine Thread - 0] INFO  server.XceiverServerGrpc (XceiverServerGrpc.java:start(149)) - XceiverServerGrpc 0ce03005-f534-496c-a0eb-c417dd14ba94 is started using port 34290
2019-09-25 11:09:12,179 [Datanode State Machine Thread - 0] INFO  ozoneimpl.OzoneContainer (OzoneContainer.java:start(217)) - Attempting to start container services.
2019-09-25 11:09:12,180 [Datanode State Machine Thread - 0] INFO  ozoneimpl.OzoneContainer (OzoneContainer.java:startContainerScrub(179)) - Background container scanner has been disabled.
2019-09-25 11:09:12,180 [Datanode State Machine Thread - 0] INFO  ratis.XceiverServerRatis (XceiverServerRatis.java:start(411)) - Starting XceiverServerRatis 1dbf52be-8f16-49fd-bad6-8089f3318926 at port 0
2019-09-25 11:09:12,184 [Datanode State Machine Thread - 0] INFO  impl.RaftServerProxy (RaftServerProxy.java:lambda$start$3(299)) - 1dbf52be-8f16-49fd-bad6-8089f3318926: start RPC server
2019-09-25 11:09:12,188 [Datanode State Machine Thread - 0] INFO  server.GrpcService (GrpcService.java:startImpl(158)) - 1dbf52be-8f16-49fd-bad6-8089f3318926: GrpcService started, listening on 0.0.0.0/0.0.0.0:43154
2019-09-25 11:09:12,188 [Datanode State Machine Thread - 0] INFO  ratis.XceiverServerRatis (XceiverServerRatis.java:start(421)) - XceiverServerRatis 1dbf52be-8f16-49fd-bad6-8089f3318926 is started using port 43154
2019-09-25 11:09:12,190 [Datanode State Machine Thread - 0] INFO  server.XceiverServerGrpc (XceiverServerGrpc.java:start(149)) - XceiverServerGrpc 1dbf52be-8f16-49fd-bad6-8089f3318926 is started using port 46263
2019-09-25 11:09:12,266 [Datanode State Machine Thread - 0] INFO  ozoneimpl.OzoneContainer (OzoneContainer.java:start(217)) - Attempting to start container services.
2019-09-25 11:09:12,266 [Datanode State Machine Thread - 0] INFO  ozoneimpl.OzoneContainer (OzoneContainer.java:startContainerScrub(179)) - Background container scanner has been disabled.
2019-09-25 11:09:12,267 [Datanode State Machine Thread - 0] INFO  ratis.XceiverServerRatis (XceiverServerRatis.java:start(411)) - Starting XceiverServerRatis 0b8a7ff0-298a-4c7b-84aa-a28921900e21 at port 0
2019-09-25 11:09:12,278 [Datanode State Machine Thread - 0] INFO  impl.RaftServerProxy (RaftServerProxy.java:lambda$start$3(299)) - 0b8a7ff0-298a-4c7b-84aa-a28921900e21: start RPC server
2019-09-25 11:09:12,279 [Datanode State Machine Thread - 0] INFO  server.GrpcService (GrpcService.java:startImpl(158)) - 0b8a7ff0-298a-4c7b-84aa-a28921900e21: GrpcService started, listening on 0.0.0.0/0.0.0.0:34704
2019-09-25 11:09:12,279 [Datanode State Machine Thread - 0] INFO  ratis.XceiverServerRatis (XceiverServerRatis.java:start(421)) - XceiverServerRatis 0b8a7ff0-298a-4c7b-84aa-a28921900e21 is started using port 34704
2019-09-25 11:09:12,280 [Datanode State Machine Thread - 0] INFO  server.XceiverServerGrpc (XceiverServerGrpc.java:start(149)) - XceiverServerGrpc 0b8a7ff0-298a-4c7b-84aa-a28921900e21 is started using port 39657
2019-09-25 11:09:12,334 [main] INFO  ozone.MiniOzoneClusterImpl (MiniOzoneClusterImpl.java:lambda$waitForClusterToBeReady$0(147)) - Waiting for cluster to be ready. Got 0 of 7 DN Heartbeats.
2019-09-25 11:09:12,361 [Datanode State Machine Thread - 0] INFO  ozoneimpl.OzoneContainer (OzoneContainer.java:start(217)) - Attempting to start container services.
2019-09-25 11:09:12,362 [Datanode State Machine Thread - 0] INFO  ozoneimpl.OzoneContainer (OzoneContainer.java:startContainerScrub(179)) - Background container scanner has been disabled.
2019-09-25 11:09:12,362 [Datanode State Machine Thread - 0] INFO  ratis.XceiverServerRatis (XceiverServerRatis.java:start(411)) - Starting XceiverServerRatis dc1340b3-b3e2-49ee-a070-51ac5340e4da at port 0
2019-09-25 11:09:12,367 [Datanode State Machine Thread - 0] INFO  impl.RaftServerProxy (RaftServerProxy.java:lambda$start$3(299)) - dc1340b3-b3e2-49ee-a070-51ac5340e4da: start RPC server
2019-09-25 11:09:12,367 [Datanode State Machine Thread - 0] INFO  server.GrpcService (GrpcService.java:startImpl(158)) - dc1340b3-b3e2-49ee-a070-51ac5340e4da: GrpcService started, listening on 0.0.0.0/0.0.0.0:35849
2019-09-25 11:09:12,367 [Datanode State Machine Thread - 0] INFO  ratis.XceiverServerRatis (XceiverServerRatis.java:start(421)) - XceiverServerRatis dc1340b3-b3e2-49ee-a070-51ac5340e4da is started using port 35849
2019-09-25 11:09:12,368 [Datanode State Machine Thread - 0] INFO  server.XceiverServerGrpc (XceiverServerGrpc.java:start(149)) - XceiverServerGrpc dc1340b3-b3e2-49ee-a070-51ac5340e4da is started using port 40946
2019-09-25 11:09:13,335 [main] INFO  ozone.MiniOzoneClusterImpl (MiniOzoneClusterImpl.java:lambda$waitForClusterToBeReady$0(147)) - Waiting for cluster to be ready. Got 0 of 7 DN Heartbeats.
2019-09-25 11:09:13,838 [IPC Server handler 3 on 36723] INFO  net.NetworkTopology (NetworkTopologyImpl.java:add(111)) - Added a new node: /default-rack/a8823747-7b39-4599-aab8-abab9e384ab8
2019-09-25 11:09:13,841 [IPC Server handler 3 on 36723] INFO  node.SCMNodeManager (SCMNodeManager.java:register(266)) - Registered Data node : a8823747-7b39-4599-aab8-abab9e384ab8{ip: 192.168.30.6, host: pr-hdds-1569-5gmkr-4255264070, networkLocation: /default-rack, certSerialId: null}
2019-09-25 11:09:13,842 [EventQueue-NodeRegistrationContainerReportForDataNodeSafeModeRule] INFO  safemode.SCMSafeModeManager (DataNodeSafeModeRule.java:process(71)) - SCM in safe mode. 1 DataNodes registered, 1 required.
2019-09-25 11:09:13,846 [EventQueue-NodeRegistrationContainerReportForDataNodeSafeModeRule] INFO  safemode.SCMSafeModeManager (SCMSafeModeManager.java:validateSafeModeExitRules(177)) - ScmSafeModeManager, all rules are successfully validated
2019-09-25 11:09:13,846 [EventQueue-NodeRegistrationContainerReportForDataNodeSafeModeRule] INFO  safemode.SCMSafeModeManager (SCMSafeModeManager.java:exitSafeMode(193)) - SCM exiting safe mode.
2019-09-25 11:09:13,875 [grpc-default-executor-1] INFO  impl.RaftServerProxy (RaftServerProxy.java:addNew(89)) - a8823747-7b39-4599-aab8-abab9e384ab8: addNew group-247F5F112CE6:[a8823747-7b39-4599-aab8-abab9e384ab8:192.168.30.6:44788] returns group-247F5F112CE6:java.util.concurrent.CompletableFuture@70e9b237[Not completed]
2019-09-25 11:09:13,877 [pool-497-thread-1] INFO  impl.RaftServerImpl (RaftServerImpl.java:<init>(95)) - a8823747-7b39-4599-aab8-abab9e384ab8: new RaftServerImpl for group-247F5F112CE6:[a8823747-7b39-4599-aab8-abab9e384ab8:192.168.30.6:44788] with ContainerStateMachine:uninitialized
2019-09-25 11:09:13,877 [pool-497-thread-1] INFO  server.RaftServerConfigKeys (ConfUtils.java:logGet(43)) - raft.server.rpc.timeout.min = 5s (custom)
2019-09-25 11:09:13,878 [pool-497-thread-1] INFO  server.RaftServerConfigKeys (ConfUtils.java:logGet(43)) - raft.server.rpc.timeout.max = 5200ms (custom)
2019-09-25 11:09:13,878 [pool-497-thread-1] INFO  server.RaftServerConfigKeys (ConfUtils.java:logGet(43)) - raft.server.rpcslowness.timeout = 120s (custom)
2019-09-25 11:09:13,878 [pool-497-thread-1] INFO  server.RaftServerConfigKeys (ConfUtils.java:logGet(43)) - raft.server.sleep.deviation.threshold = 300 (default)
2019-09-25 11:09:13,878 [pool-497-thread-1] INFO  server.RaftServerConfigKeys (ConfUtils.java:logGet(43)) - raft.server.log.appender.install.snapshot.enabled = false (custom)
2019-09-25 11:09:13,878 [pool-497-thread-1] INFO  impl.RaftServerImpl (ServerState.java:<init>(103)) - a8823747-7b39-4599-aab8-abab9e384ab8@group-247F5F112CE6: ConfigurationManager, init=-1: [a8823747-7b39-4599-aab8-abab9e384ab8:192.168.30.6:44788], old=null, confs=<EMPTY_MAP>
2019-09-25 11:09:13,879 [pool-497-thread-1] INFO  server.RaftServerConfigKeys (ConfUtils.java:logGet(43)) - raft.server.storage.dir = [/workdir/hadoop-ozone/integration-test/target/test-dir/MiniOzoneClusterImpl-4b1c6350-cd3e-4172-b7a0-e9c66394f836/datanode-0/data/ratis] (custom)
2019-09-25 11:09:13,879 [pool-497-thread-1] INFO  storage.RaftStorageDirectory (RaftStorageDirectory.java:analyzeStorage(246)) - The storage directory /workdir/hadoop-ozone/integration-test/target/test-dir/MiniOzoneClusterImpl-4b1c6350-cd3e-4172-b7a0-e9c66394f836/datanode-0/data/ratis/750311c4-c6dc-472f-925f-247f5f112ce6 does not exist. Creating ...
2019-09-25 11:09:13,887 [pool-497-thread-1] INFO  storage.RaftStorageDirectory (RaftStorageDirectory.java:tryLock(328)) - Lock on /workdir/hadoop-ozone/integration-test/target/test-dir/MiniOzoneClusterImpl-4b1c6350-cd3e-4172-b7a0-e9c66394f836/datanode-0/data/ratis/750311c4-c6dc-472f-925f-247f5f112ce6/in_use.lock acquired by nodename 21763@pr-hdds-1569-5gmkr-4255264070
2019-09-25 11:09:13,900 [pool-497-thread-1] INFO  storage.RaftStorage (RaftStorage.java:format(72)) - Storage directory /workdir/hadoop-ozone/integration-test/target/test-dir/MiniOzoneClusterImpl-4b1c6350-cd3e-4172-b7a0-e9c66394f836/datanode-0/data/ratis/750311c4-c6dc-472f-925f-247f5f112ce6 has been successfully formatted.
2019-09-25 11:09:13,900 [pool-497-thread-1] INFO  ratis.ContainerStateMachine (ContainerStateMachine.java:loadSnapshot(230)) - group-247F5F112CE6: The snapshot info is null. Setting the last applied indexto:(t:0, i:~)
2019-09-25 11:09:13,900 [pool-497-thread-1] INFO  server.RaftServerConfigKeys (ConfUtils.java:logGet(43)) - raft.server.notification.no-leader.timeout = 120s (custom)
2019-09-25 11:09:13,900 [pool-497-thread-1] INFO  server.RaftServerConfigKeys (ConfUtils.java:logGet(43)) - raft.server.log.use.memory = false (default)
2019-09-25 11:09:13,900 [pool-497-thread-1] INFO  server.RaftServerConfigKeys (ConfUtils.java:logGet(43)) - raft.server.log.purge.gap = 1000000 (custom)
2019-09-25 11:09:13,900 [pool-497-thread-1] INFO  server.RaftServerConfigKeys (ConfUtils.java:logGet(43)) - raft.server.log.appender.buffer.byte-limit = 33554432 (custom)
2019-09-25 11:09:13,901 [pool-497-thread-1] INFO  server.RaftServerConfigKeys (ConfUtils.java:logGet(43)) - raft.server.log.segment.size.max = 1048576 (custom)
2019-09-25 11:09:13,901 [pool-497-thread-1] INFO  server.RaftServerConfigKeys (ConfUtils.java:logGet(43)) - raft.server.log.segment.cache.num.max = 2 (custom)
2019-09-25 11:09:13,901 [pool-497-thread-1] INFO  segmented.SegmentedRaftLogWorker (SegmentedRaftLogWorker.java:<init>(172)) - new a8823747-7b39-4599-aab8-abab9e384ab8@group-247F5F112CE6-SegmentedRaftLogWorker for RaftStorage:Storage Directory /workdir/hadoop-ozone/integration-test/target/test-dir/MiniOzoneClusterImpl-4b1c6350-cd3e-4172-b7a0-e9c66394f836/datanode-0/data/ratis/750311c4-c6dc-472f-925f-247f5f112ce6
2019-09-25 11:09:13,902 [pool-497-thread-1] INFO  server.RaftServerConfigKeys (ConfUtils.java:logGet(43)) - raft.server.log.queue.byte-limit = 2147483647 (custom)
2019-09-25 11:09:13,902 [pool-497-thread-1] INFO  server.RaftServerConfigKeys (ConfUtils.java:logGet(43)) - raft.server.log.queue.element-limit = 1024 (custom)
2019-09-25 11:09:13,902 [pool-497-thread-1] INFO  server.RaftServerConfigKeys (ConfUtils.java:logGet(43)) - raft.server.log.segment.size.max = 1048576 (custom)
2019-09-25 11:09:13,902 [pool-497-thread-1] INFO  server.RaftServerConfigKeys (ConfUtils.java:logGet(43)) - raft.server.log.preallocated.size = 16384 (custom)
2019-09-25 11:09:13,902 [pool-497-thread-1] INFO  server.RaftServerConfigKeys (ConfUtils.java:logGet(43)) - raft.server.log.write.buffer.size = 33554432 (custom)
2019-09-25 11:09:13,902 [pool-497-thread-1] INFO  server.RaftServerConfigKeys (ConfUtils.java:logGet(43)) - raft.server.log.force.sync.num = 128 (default)
2019-09-25 11:09:13,903 [pool-497-thread-1] INFO  server.RaftServerConfigKeys (ConfUtils.java:logGet(43)) - raft.server.log.statemachine.data.sync = true (default)
2019-09-25 11:09:13,903 [pool-497-thread-1] INFO  server.RaftServerConfigKeys (ConfUtils.java:logGet(43)) - raft.server.log.statemachine.data.sync.timeout = 10s (default)
2019-09-25 11:09:13,903 [pool-497-thread-1] INFO  server.RaftServerConfigKeys (ConfUtils.java:logGet(43)) - raft.server.log.statemachine.data.sync.timeout.retry = -1 (default)
2019-09-25 11:09:13,903 [pool-497-thread-1] INFO  server.RaftServerConfigKeys (ConfUtils.java:logGet(43)) - raft.server.log.statemachine.data.caching.enabled = true (custom)
2019-09-25 11:09:13,903 [pool-497-thread-1] INFO  segmented.SegmentedRaftLogWorker (SegmentedRaftLogWorker.java:lambda$new$0(132)) - a8823747-7b39-4599-aab8-abab9e384ab8@group-247F5F112CE6-SegmentedRaftLogWorker: flushIndex: setUnconditionally 0 -> -1
2019-09-25 11:09:13,903 [pool-497-thread-1] INFO  server.RaftServerConfigKeys (ConfUtils.java:logGet(43)) - raft.server.snapshot.auto.trigger.enabled = true (custom)
2019-09-25 11:09:13,903 [pool-497-thread-1] INFO  server.RaftServerConfigKeys (ConfUtils.java:logGet(43)) - raft.server.snapshot.auto.trigger.threshold = 10000 (custom)
2019-09-25 11:09:13,904 [pool-497-thread-1] INFO  server.RaftServerConfigKeys (ConfUtils.java:logGet(43)) - raft.server.snapshot.retention.num.files = 5 (custom)
2019-09-25 11:09:13,904 [pool-497-thread-1] INFO  server.RaftServerConfigKeys (ConfUtils.java:logGet(43)) - raft.server.retrycache.expirytime = 600000ms (custom)
2019-09-25 11:09:13,905 [pool-497-thread-1] INFO  impl.RaftServerImpl (RaftServerImpl.java:start(185)) - a8823747-7b39-4599-aab8-abab9e384ab8@group-247F5F112CE6: start as a follower, conf=-1: [a8823747-7b39-4599-aab8-abab9e384ab8:192.168.30.6:44788], old=null
2019-09-25 11:09:13,905 [pool-497-thread-1] INFO  impl.RaftServerImpl (RaftServerImpl.java:setRole(174)) - a8823747-7b39-4599-aab8-abab9e384ab8@group-247F5F112CE6: changes role from      null to FOLLOWER at term 0 for startAsFollower
2019-09-25 11:09:13,905 [pool-497-thread-1] INFO  impl.RoleInfo (RoleInfo.java:updateAndGet(143)) - a8823747-7b39-4599-aab8-abab9e384ab8: start FollowerState
2019-09-25 11:09:13,905 [pool-497-thread-1] INFO  util.JmxRegister (JmxRegister.java:tryRegister(44)) - Successfully registered JMX Bean with object name Ratis:service=RaftServer,group=group-247F5F112CE6,id=a8823747-7b39-4599-aab8-abab9e384ab8
2019-09-25 11:09:13,908 [RatisPipelineUtilsThread] INFO  pipeline.PipelineStateManager (PipelineStateManager.java:addPipeline(56)) - Created pipeline Pipeline[ Id: 750311c4-c6dc-472f-925f-247f5f112ce6, Nodes: a8823747-7b39-4599-aab8-abab9e384ab8{ip: 192.168.30.6, host: pr-hdds-1569-5gmkr-4255264070, networkLocation: /default-rack, certSerialId: null}, Type:RATIS, Factor:ONE, State:OPEN]
2019-09-25 11:09:13,911 [IPC Server handler 6 on 36723] INFO  net.NetworkTopology (NetworkTopologyImpl.java:add(111)) - Added a new node: /default-rack/4cceff1e-2c3f-451c-8b62-7d06bcf43963
2019-09-25 11:09:13,911 [IPC Server handler 6 on 36723] INFO  node.SCMNodeManager (SCMNodeManager.java:register(266)) - Registered Data node : 4cceff1e-2c3f-451c-8b62-7d06bcf43963{ip: 192.168.30.6, host: pr-hdds-1569-5gmkr-4255264070, networkLocation: /default-rack, certSerialId: null}
2019-09-25 11:09:13,912 [grpc-default-executor-1] INFO  impl.RaftServerProxy (RaftServerProxy.java:addNew(89)) - a8823747-7b39-4599-aab8-abab9e384ab8: addNew group-3A3DF5B77245:[a8823747-7b39-4599-aab8-abab9e384ab8:192.168.30.6:44788] returns group-3A3DF5B77245:java.util.concurrent.CompletableFuture@1b25a47b[Not completed]
2019-09-25 11:09:13,913 [pool-497-thread-1] INFO  impl.RaftServerImpl (RaftServerImpl.java:<init>(95)) - a8823747-7b39-4599-aab8-abab9e384ab8: new RaftServerImpl for group-3A3DF5B77245:[a8823747-7b39-4599-aab8-abab9e384ab8:192.168.30.6:44788] with ContainerStateMachine:uninitialized
2019-09-25 11:09:13,913 [pool-497-thread-1] INFO  server.RaftServerConfigKeys (ConfUtils.java:logGet(43)) - raft.server.rpc.timeout.min = 5s (custom)
2019-09-25 11:09:13,913 [pool-497-thread-1] INFO  server.RaftServerConfigKeys (ConfUtils.java:logGet(43)) - raft.server.rpc.timeout.max = 5200ms (custom)
2019-09-25 11:09:13,913 [pool-497-thread-1] INFO  server.RaftServerConfigKeys (ConfUtils.java:logGet(43)) - raft.server.rpcslowness.timeout = 120s (custom)
2019-09-25 11:09:13,913 [pool-497-thread-1] INFO  server.RaftServerConfigKeys (ConfUtils.java:logGet(43)) - raft.server.sleep.deviation.threshold = 300 (default)
2019-09-25 11:09:13,913 [pool-497-thread-1] INFO  server.RaftServerConfigKeys (ConfUtils.java:logGet(43)) - raft.server.log.appender.install.snapshot.enabled = false (custom)
2019-09-25 11:09:13,913 [pool-497-thread-1] INFO  impl.RaftServerImpl (ServerState.java:<init>(103)) - a8823747-7b39-4599-aab8-abab9e384ab8@group-3A3DF5B77245: ConfigurationManager, init=-1: [a8823747-7b39-4599-aab8-abab9e384ab8:192.168.30.6:44788], old=null, confs=<EMPTY_MAP>
2019-09-25 11:09:13,913 [pool-497-thread-1] INFO  server.RaftServerConfigKeys (ConfUtils.java:logGet(43)) - raft.server.storage.dir = [/workdir/hadoop-ozone/integration-test/target/test-dir/MiniOzoneClusterImpl-4b1c6350-cd3e-4172-b7a0-e9c66394f836/datanode-0/data/ratis] (custom)
2019-09-25 11:09:13,914 [pool-497-thread-1] INFO  storage.RaftStorageDirectory (RaftStorageDirectory.java:analyzeStorage(246)) - The storage directory /workdir/hadoop-ozone/integration-test/target/test-dir/MiniOzoneClusterImpl-4b1c6350-cd3e-4172-b7a0-e9c66394f836/datanode-0/data/ratis/055c6f33-504b-4eac-80d3-3a3df5b77245 does not exist. Creating ...
2019-09-25 11:09:13,926 [pool-497-thread-1] INFO  storage.RaftStorageDirectory (RaftStorageDirectory.java:tryLock(328)) - Lock on /workdir/hadoop-ozone/integration-test/target/test-dir/MiniOzoneClusterImpl-4b1c6350-cd3e-4172-b7a0-e9c66394f836/datanode-0/data/ratis/055c6f33-504b-4eac-80d3-3a3df5b77245/in_use.lock acquired by nodename 21763@pr-hdds-1569-5gmkr-4255264070
2019-09-25 11:09:13,939 [pool-497-thread-1] INFO  storage.RaftStorage (RaftStorage.java:format(72)) - Storage directory /workdir/hadoop-ozone/integration-test/target/test-dir/MiniOzoneClusterImpl-4b1c6350-cd3e-4172-b7a0-e9c66394f836/datanode-0/data/ratis/055c6f33-504b-4eac-80d3-3a3df5b77245 has been successfully formatted.
2019-09-25 11:09:13,939 [pool-497-thread-1] INFO  ratis.ContainerStateMachine (ContainerStateMachine.java:loadSnapshot(230)) - group-3A3DF5B77245: The snapshot info is null. Setting the last applied indexto:(t:0, i:~)
2019-09-25 11:09:13,939 [pool-497-thread-1] INFO  server.RaftServerConfigKeys (ConfUtils.java:logGet(43)) - raft.server.notification.no-leader.timeout = 120s (custom)
2019-09-25 11:09:13,939 [pool-497-thread-1] INFO  server.RaftServerConfigKeys (ConfUtils.java:logGet(43)) - raft.server.log.use.memory = false (default)
2019-09-25 11:09:13,939 [pool-497-thread-1] INFO  server.RaftServerConfigKeys (ConfUtils.java:logGet(43)) - raft.server.log.purge.gap = 1000000 (custom)
2019-09-25 11:09:13,939 [pool-497-thread-1] INFO  server.RaftServerConfigKeys (ConfUtils.java:logGet(43)) - raft.server.log.appender.buffer.byte-limit = 33554432 (custom)
2019-09-25 11:09:13,939 [pool-497-thread-1] INFO  server.RaftServerConfigKeys (ConfUtils.java:logGet(43)) - raft.server.log.segment.size.max = 1048576 (custom)
2019-09-25 11:09:13,940 [pool-497-thread-1] INFO  server.RaftServerConfigKeys (ConfUtils.java:logGet(43)) - raft.server.log.segment.cache.num.max = 2 (custom)
2019-09-25 11:09:13,940 [pool-497-thread-1] INFO  segmented.SegmentedRaftLogWorker (SegmentedRaftLogWorker.java:<init>(172)) - new a8823747-7b39-4599-aab8-abab9e384ab8@group-3A3DF5B77245-SegmentedRaftLogWorker for RaftStorage:Storage Directory /workdir/hadoop-ozone/integration-test/target/test-dir/MiniOzoneClusterImpl-4b1c6350-cd3e-4172-b7a0-e9c66394f836/datanode-0/data/ratis/055c6f33-504b-4eac-80d3-3a3df5b77245
2019-09-25 11:09:13,940 [pool-497-thread-1] INFO  server.RaftServerConfigKeys (ConfUtils.java:logGet(43)) - raft.server.log.queue.byte-limit = 2147483647 (custom)
2019-09-25 11:09:13,940 [pool-497-thread-1] INFO  server.RaftServerConfigKeys (ConfUtils.java:logGet(43)) - raft.server.log.queue.element-limit = 1024 (custom)
2019-09-25 11:09:13,940 [pool-497-thread-1] INFO  server.RaftServerConfigKeys (ConfUtils.java:logGet(43)) - raft.server.log.segment.size.max = 1048576 (custom)
2019-09-25 11:09:13,940 [pool-497-thread-1] INFO  server.RaftServerConfigKeys (ConfUtils.java:logGet(43)) - raft.server.log.preallocated.size = 16384 (custom)
2019-09-25 11:09:13,940 [pool-497-thread-1] INFO  server.RaftServerConfigKeys (ConfUtils.java:logGet(43)) - raft.server.log.write.buffer.size = 33554432 (custom)
2019-09-25 11:09:13,940 [pool-497-thread-1] INFO  server.RaftServerConfigKeys (ConfUtils.java:logGet(43)) - raft.server.log.force.sync.num = 128 (default)
2019-09-25 11:09:13,940 [pool-497-thread-1] INFO  server.RaftServerConfigKeys (ConfUtils.java:logGet(43)) - raft.server.log.statemachine.data.sync = true (default)
2019-09-25 11:09:13,940 [pool-497-thread-1] INFO  server.RaftServerConfigKeys (ConfUtils.java:logGet(43)) - raft.server.log.statemachine.data.sync.timeout = 10s (default)
2019-09-25 11:09:13,940 [pool-497-thread-1] INFO  server.RaftServerConfigKeys (ConfUtils.java:logGet(43)) - raft.server.log.statemachine.data.sync.timeout.retry = -1 (default)
2019-09-25 11:09:13,940 [pool-497-thread-1] INFO  server.RaftServerConfigKeys (ConfUtils.java:logGet(43)) - raft.server.log.statemachine.data.caching.enabled = true (custom)
2019-09-25 11:09:13,941 [pool-497-thread-1] INFO  segmented.SegmentedRaftLogWorker (SegmentedRaftLogWorker.java:lambda$new$0(132)) - a8823747-7b39-4599-aab8-abab9e384ab8@group-3A3DF5B77245-SegmentedRaftLogWorker: flushIndex: setUnconditionally 0 -> -1
2019-09-25 11:09:13,941 [pool-497-thread-1] INFO  server.RaftServerConfigKeys (ConfUtils.java:logGet(43)) - raft.server.snapshot.auto.trigger.enabled = true (custom)
2019-09-25 11:09:13,941 [pool-497-thread-1] INFO  server.RaftServerConfigKeys (ConfUtils.java:logGet(43)) - raft.server.snapshot.auto.trigger.threshold = 10000 (custom)
2019-09-25 11:09:13,941 [pool-497-thread-1] INFO  server.RaftServerConfigKeys (ConfUtils.java:logGet(43)) - raft.server.snapshot.retention.num.files = 5 (custom)
2019-09-25 11:09:13,941 [pool-497-thread-1] INFO  server.RaftServerConfigKeys (ConfUtils.java:logGet(43)) - raft.server.retrycache.expirytime = 600000ms (custom)
2019-09-25 11:09:13,942 [pool-497-thread-1] INFO  impl.RaftServerImpl (RaftServerImpl.java:start(185)) - a8823747-7b39-4599-aab8-abab9e384ab8@group-3A3DF5B77245: start as a follower, conf=-1: [a8823747-7b39-4599-aab8-abab9e384ab8:192.168.30.6:44788], old=null
2019-09-25 11:09:13,942 [pool-497-thread-1] INFO  impl.RaftServerImpl (RaftServerImpl.java:setRole(174)) - a8823747-7b39-4599-aab8-abab9e384ab8@group-3A3DF5B77245: changes role from      null to FOLLOWER at term 0 for startAsFollower
2019-09-25 11:09:13,942 [pool-497-thread-1] INFO  impl.RoleInfo (RoleInfo.java:updateAndGet(143)) - a8823747-7b39-4599-aab8-abab9e384ab8: start FollowerState
2019-09-25 11:09:13,942 [pool-497-thread-1] INFO  util.JmxRegister (JmxRegister.java:tryRegister(44)) - Successfully registered JMX Bean with object name Ratis:service=RaftServer,group=group-3A3DF5B77245,id=a8823747-7b39-4599-aab8-abab9e384ab8
2019-09-25 11:09:13,944 [RatisPipelineUtilsThread] INFO  pipeline.PipelineStateManager (PipelineStateManager.java:addPipeline(56)) - Created pipeline Pipeline[ Id: 055c6f33-504b-4eac-80d3-3a3df5b77245, Nodes: a8823747-7b39-4599-aab8-abab9e384ab8{ip: 192.168.30.6, host: pr-hdds-1569-5gmkr-4255264070, networkLocation: /default-rack, certSerialId: null}, Type:RATIS, Factor:ONE, State:OPEN]
2019-09-25 11:09:13,969 [grpc-default-executor-1] INFO  impl.RaftServerProxy (RaftServerProxy.java:addNew(89)) - 4cceff1e-2c3f-451c-8b62-7d06bcf43963: addNew group-0CFEC04E9393:[4cceff1e-2c3f-451c-8b62-7d06bcf43963:192.168.30.6:43389] returns group-0CFEC04E9393:java.util.concurrent.CompletableFuture@4fc2a822[Not completed]
2019-09-25 11:09:13,970 [pool-507-thread-1] INFO  impl.RaftServerImpl (RaftServerImpl.java:<init>(95)) - 4cceff1e-2c3f-451c-8b62-7d06bcf43963: new RaftServerImpl for group-0CFEC04E9393:[4cceff1e-2c3f-451c-8b62-7d06bcf43963:192.168.30.6:43389] with ContainerStateMachine:uninitialized
2019-09-25 11:09:13,970 [pool-507-thread-1] INFO  server.RaftServerConfigKeys (ConfUtils.java:logGet(43)) - raft.server.rpc.timeout.min = 5s (custom)
2019-09-25 11:09:13,970 [pool-507-thread-1] INFO  server.RaftServerConfigKeys (ConfUtils.java:logGet(43)) - raft.server.rpc.timeout.max = 5200ms (custom)
2019-09-25 11:09:13,970 [pool-507-thread-1] INFO  server.RaftServerConfigKeys (ConfUtils.java:logGet(43)) - raft.server.rpcslowness.timeout = 120s (custom)
2019-09-25 11:09:13,970 [pool-507-thread-1] INFO  server.RaftServerConfigKeys (ConfUtils.java:logGet(43)) - raft.server.sleep.deviation.threshold = 300 (default)
2019-09-25 11:09:13,970 [pool-507-thread-1] INFO  server.RaftServerConfigKeys (ConfUtils.java:logGet(43)) - raft.server.log.appender.install.snapshot.enabled = false (custom)
2019-09-25 11:09:13,970 [pool-507-thread-1] INFO  impl.RaftServerImpl (ServerState.java:<init>(103)) - 4cceff1e-2c3f-451c-8b62-7d06bcf43963@group-0CFEC04E9393: ConfigurationManager, init=-1: [4cceff1e-2c3f-451c-8b62-7d06bcf43963:192.168.30.6:43389], old=null, confs=<EMPTY_MAP>
2019-09-25 11:09:13,971 [pool-507-thread-1] INFO  server.RaftServerConfigKeys (ConfUtils.java:logGet(43)) - raft.server.storage.dir = [/workdir/hadoop-ozone/integration-test/target/test-dir/MiniOzoneClusterImpl-4b1c6350-cd3e-4172-b7a0-e9c66394f836/datanode-1/data/ratis] (custom)
2019-09-25 11:09:13,971 [pool-507-thread-1] INFO  storage.RaftStorageDirectory (RaftStorageDirectory.java:analyzeStorage(246)) - The storage directory /workdir/hadoop-ozone/integration-test/target/test-dir/MiniOzoneClusterImpl-4b1c6350-cd3e-4172-b7a0-e9c66394f836/datanode-1/data/ratis/b9484a46-b222-41c8-9004-0cfec04e9393 does not exist. Creating ...
2019-09-25 11:09:13,984 [pool-507-thread-1] INFO  storage.RaftStorageDirectory (RaftStorageDirectory.java:tryLock(328)) - Lock on /workdir/hadoop-ozone/integration-test/target/test-dir/MiniOzoneClusterImpl-4b1c6350-cd3e-4172-b7a0-e9c66394f836/datanode-1/data/ratis/b9484a46-b222-41c8-9004-0cfec04e9393/in_use.lock acquired by nodename 21763@pr-hdds-1569-5gmkr-4255264070
2019-09-25 11:09:13,987 [IPC Server handler 7 on 36723] INFO  net.NetworkTopology (NetworkTopologyImpl.java:add(111)) - Added a new node: /default-rack/97301ee4-d551-4dc8-86de-1a37740aeeca
2019-09-25 11:09:13,987 [IPC Server handler 7 on 36723] INFO  node.SCMNodeManager (SCMNodeManager.java:register(266)) - Registered Data node : 97301ee4-d551-4dc8-86de-1a37740aeeca{ip: 192.168.30.6, host: pr-hdds-1569-5gmkr-4255264070, networkLocation: /default-rack, certSerialId: null}
2019-09-25 11:09:13,996 [pool-507-thread-1] INFO  storage.RaftStorage (RaftStorage.java:format(72)) - Storage directory /workdir/hadoop-ozone/integration-test/target/test-dir/MiniOzoneClusterImpl-4b1c6350-cd3e-4172-b7a0-e9c66394f836/datanode-1/data/ratis/b9484a46-b222-41c8-9004-0cfec04e9393 has been successfully formatted.
2019-09-25 11:09:13,997 [pool-507-thread-1] INFO  ratis.ContainerStateMachine (ContainerStateMachine.java:loadSnapshot(230)) - group-0CFEC04E9393: The snapshot info is null. Setting the last applied indexto:(t:0, i:~)
2019-09-25 11:09:13,997 [pool-507-thread-1] INFO  server.RaftServerConfigKeys (ConfUtils.java:logGet(43)) - raft.server.notification.no-leader.timeout = 120s (custom)
2019-09-25 11:09:13,997 [pool-507-thread-1] INFO  server.RaftServerConfigKeys (ConfUtils.java:logGet(43)) - raft.server.log.use.memory = false (default)
2019-09-25 11:09:13,997 [pool-507-thread-1] INFO  server.RaftServerConfigKeys (ConfUtils.java:logGet(43)) - raft.server.log.purge.gap = 1000000 (custom)
2019-09-25 11:09:13,997 [pool-507-thread-1] INFO  server.RaftServerConfigKeys (ConfUtils.java:logGet(43)) - raft.server.log.appender.buffer.byte-limit = 33554432 (custom)
2019-09-25 11:09:13,997 [pool-507-thread-1] INFO  server.RaftServerConfigKeys (ConfUtils.java:logGet(43)) - raft.server.log.segment.size.max = 1048576 (custom)
2019-09-25 11:09:13,997 [pool-507-thread-1] INFO  server.RaftServerConfigKeys (ConfUtils.java:logGet(43)) - raft.server.log.segment.cache.num.max = 2 (custom)
2019-09-25 11:09:13,997 [pool-507-thread-1] INFO  segmented.SegmentedRaftLogWorker (SegmentedRaftLogWorker.java:<init>(172)) - new 4cceff1e-2c3f-451c-8b62-7d06bcf43963@group-0CFEC04E9393-SegmentedRaftLogWorker for RaftStorage:Storage Directory /workdir/hadoop-ozone/integration-test/target/test-dir/MiniOzoneClusterImpl-4b1c6350-cd3e-4172-b7a0-e9c66394f836/datanode-1/data/ratis/b9484a46-b222-41c8-9004-0cfec04e9393
2019-09-25 11:09:13,999 [pool-507-thread-1] INFO  server.RaftServerConfigKeys (ConfUtils.java:logGet(43)) - raft.server.log.queue.byte-limit = 2147483647 (custom)
2019-09-25 11:09:13,999 [pool-507-thread-1] INFO  server.RaftServerConfigKeys (ConfUtils.java:logGet(43)) - raft.server.log.queue.element-limit = 1024 (custom)
2019-09-25 11:09:13,999 [pool-507-thread-1] INFO  server.RaftServerConfigKeys (ConfUtils.java:logGet(43)) - raft.server.log.segment.size.max = 1048576 (custom)
2019-09-25 11:09:13,999 [pool-507-thread-1] INFO  server.RaftServerConfigKeys (ConfUtils.java:logGet(43)) - raft.server.log.preallocated.size = 16384 (custom)
2019-09-25 11:09:13,999 [pool-507-thread-1] INFO  server.RaftServerConfigKeys (ConfUtils.java:logGet(43)) - raft.server.log.write.buffer.size = 33554432 (custom)
2019-09-25 11:09:14,000 [pool-507-thread-1] INFO  server.RaftServerConfigKeys (ConfUtils.java:logGet(43)) - raft.server.log.force.sync.num = 128 (default)
2019-09-25 11:09:14,000 [pool-507-thread-1] INFO  server.RaftServerConfigKeys (ConfUtils.java:logGet(43)) - raft.server.log.statemachine.data.sync = true (default)
2019-09-25 11:09:14,000 [pool-507-thread-1] INFO  server.RaftServerConfigKeys (ConfUtils.java:logGet(43)) - raft.server.log.statemachine.data.sync.timeout = 10s (default)
2019-09-25 11:09:14,000 [pool-507-thread-1] INFO  server.RaftServerConfigKeys (ConfUtils.java:logGet(43)) - raft.server.log.statemachine.data.sync.timeout.retry = -1 (default)
2019-09-25 11:09:14,000 [pool-507-thread-1] INFO  server.RaftServerConfigKeys (ConfUtils.java:logGet(43)) - raft.server.log.statemachine.data.caching.enabled = true (custom)
2019-09-25 11:09:14,000 [pool-507-thread-1] INFO  segmented.SegmentedRaftLogWorker (SegmentedRaftLogWorker.java:lambda$new$0(132)) - 4cceff1e-2c3f-451c-8b62-7d06bcf43963@group-0CFEC04E9393-SegmentedRaftLogWorker: flushIndex: setUnconditionally 0 -> -1
2019-09-25 11:09:14,001 [pool-507-thread-1] INFO  server.RaftServerConfigKeys (ConfUtils.java:logGet(43)) - raft.server.snapshot.auto.trigger.enabled = true (custom)
2019-09-25 11:09:14,001 [pool-507-thread-1] INFO  server.RaftServerConfigKeys (ConfUtils.java:logGet(43)) - raft.server.snapshot.auto.trigger.threshold = 10000 (custom)
2019-09-25 11:09:14,001 [pool-507-thread-1] INFO  server.RaftServerConfigKeys (ConfUtils.java:logGet(43)) - raft.server.snapshot.retention.num.files = 5 (custom)
2019-09-25 11:09:14,001 [pool-507-thread-1] INFO  server.RaftServerConfigKeys (ConfUtils.java:logGet(43)) - raft.server.retrycache.expirytime = 600000ms (custom)
2019-09-25 11:09:14,003 [pool-507-thread-1] INFO  impl.RaftServerImpl (RaftServerImpl.java:start(185)) - 4cceff1e-2c3f-451c-8b62-7d06bcf43963@group-0CFEC04E9393: start as a follower, conf=-1: [4cceff1e-2c3f-451c-8b62-7d06bcf43963:192.168.30.6:43389], old=null
2019-09-25 11:09:14,003 [pool-507-thread-1] INFO  impl.RaftServerImpl (RaftServerImpl.java:setRole(174)) - 4cceff1e-2c3f-451c-8b62-7d06bcf43963@group-0CFEC04E9393: changes role from      null to FOLLOWER at term 0 for startAsFollower
2019-09-25 11:09:14,003 [pool-507-thread-1] INFO  impl.RoleInfo (RoleInfo.java:updateAndGet(143)) - 4cceff1e-2c3f-451c-8b62-7d06bcf43963: start FollowerState
2019-09-25 11:09:14,003 [pool-507-thread-1] INFO  util.JmxRegister (JmxRegister.java:tryRegister(44)) - Successfully registered JMX Bean with object name Ratis:service=RaftServer,group=group-0CFEC04E9393,id=4cceff1e-2c3f-451c-8b62-7d06bcf43963
2019-09-25 11:09:14,005 [RatisPipelineUtilsThread] INFO  pipeline.PipelineStateManager (PipelineStateManager.java:addPipeline(56)) - Created pipeline Pipeline[ Id: b9484a46-b222-41c8-9004-0cfec04e9393, Nodes: 4cceff1e-2c3f-451c-8b62-7d06bcf43963{ip: 192.168.30.6, host: pr-hdds-1569-5gmkr-4255264070, networkLocation: /default-rack, certSerialId: null}, Type:RATIS, Factor:ONE, State:OPEN]
2019-09-25 11:09:14,008 [grpc-default-executor-1] INFO  impl.RaftServerProxy (RaftServerProxy.java:addNew(89)) - a8823747-7b39-4599-aab8-abab9e384ab8: addNew group-C8D5260293F4:[a8823747-7b39-4599-aab8-abab9e384ab8:192.168.30.6:44788] returns group-C8D5260293F4:java.util.concurrent.CompletableFuture@7153b4ca[Not completed]
2019-09-25 11:09:14,009 [pool-497-thread-1] INFO  impl.RaftServerImpl (RaftServerImpl.java:<init>(95)) - a8823747-7b39-4599-aab8-abab9e384ab8: new RaftServerImpl for group-C8D5260293F4:[a8823747-7b39-4599-aab8-abab9e384ab8:192.168.30.6:44788] with ContainerStateMachine:uninitialized
2019-09-25 11:09:14,009 [pool-497-thread-1] INFO  server.RaftServerConfigKeys (ConfUtils.java:logGet(43)) - raft.server.rpc.timeout.min = 5s (custom)
2019-09-25 11:09:14,009 [pool-497-thread-1] INFO  server.RaftServerConfigKeys (ConfUtils.java:logGet(43)) - raft.server.rpc.timeout.max = 5200ms (custom)
2019-09-25 11:09:14,009 [pool-497-thread-1] INFO  server.RaftServerConfigKeys (ConfUtils.java:logGet(43)) - raft.server.rpcslowness.timeout = 120s (custom)
2019-09-25 11:09:14,009 [pool-497-thread-1] INFO  server.RaftServerConfigKeys (ConfUtils.java:logGet(43)) - raft.server.sleep.deviation.threshold = 300 (default)
2019-09-25 11:09:14,009 [pool-497-thread-1] INFO  server.RaftServerConfigKeys (ConfUtils.java:logGet(43)) - raft.server.log.appender.install.snapshot.enabled = false (custom)
2019-09-25 11:09:14,009 [pool-497-thread-1] INFO  impl.RaftServerImpl (ServerState.java:<init>(103)) - a8823747-7b39-4599-aab8-abab9e384ab8@group-C8D5260293F4: ConfigurationManager, init=-1: [a8823747-7b39-4599-aab8-abab9e384ab8:192.168.30.6:44788], old=null, confs=<EMPTY_MAP>
2019-09-25 11:09:14,010 [pool-497-thread-1] INFO  server.RaftServerConfigKeys (ConfUtils.java:logGet(43)) - raft.server.storage.dir = [/workdir/hadoop-ozone/integration-test/target/test-dir/MiniOzoneClusterImpl-4b1c6350-cd3e-4172-b7a0-e9c66394f836/datanode-0/data/ratis] (custom)
2019-09-25 11:09:14,010 [pool-497-thread-1] INFO  storage.RaftStorageDirectory (RaftStorageDirectory.java:analyzeStorage(246)) - The storage directory /workdir/hadoop-ozone/integration-test/target/test-dir/MiniOzoneClusterImpl-4b1c6350-cd3e-4172-b7a0-e9c66394f836/datanode-0/data/ratis/af336b29-fac9-4bf2-b88d-c8d5260293f4 does not exist. Creating ...
2019-09-25 11:09:14,022 [pool-497-thread-1] INFO  storage.RaftStorageDirectory (RaftStorageDirectory.java:tryLock(328)) - Lock on /workdir/hadoop-ozone/integration-test/target/test-dir/MiniOzoneClusterImpl-4b1c6350-cd3e-4172-b7a0-e9c66394f836/datanode-0/data/ratis/af336b29-fac9-4bf2-b88d-c8d5260293f4/in_use.lock acquired by nodename 21763@pr-hdds-1569-5gmkr-4255264070
2019-09-25 11:09:14,025 [pool-497-thread-1] INFO  storage.RaftStorage (RaftStorage.java:format(72)) - Storage directory /workdir/hadoop-ozone/integration-test/target/test-dir/MiniOzoneClusterImpl-4b1c6350-cd3e-4172-b7a0-e9c66394f836/datanode-0/data/ratis/af336b29-fac9-4bf2-b88d-c8d5260293f4 has been successfully formatted.
2019-09-25 11:09:14,025 [pool-497-thread-1] INFO  ratis.ContainerStateMachine (ContainerStateMachine.java:loadSnapshot(230)) - group-C8D5260293F4: The snapshot info is null. Setting the last applied indexto:(t:0, i:~)
2019-09-25 11:09:14,025 [pool-497-thread-1] INFO  server.RaftServerConfigKeys (ConfUtils.java:logGet(43)) - raft.server.notification.no-leader.timeout = 120s (custom)
2019-09-25 11:09:14,025 [pool-497-thread-1] INFO  server.RaftServerConfigKeys (ConfUtils.java:logGet(43)) - raft.server.log.use.memory = false (default)
2019-09-25 11:09:14,025 [pool-497-thread-1] INFO  server.RaftServerConfigKeys (ConfUtils.java:logGet(43)) - raft.server.log.purge.gap = 1000000 (custom)
2019-09-25 11:09:14,025 [pool-497-thread-1] INFO  server.RaftServerConfigKeys (ConfUtils.java:logGet(43)) - raft.server.log.appender.buffer.byte-limit = 33554432 (custom)
2019-09-25 11:09:14,025 [pool-497-thread-1] INFO  server.RaftServerConfigKeys (ConfUtils.java:logGet(43)) - raft.server.log.segment.size.max = 1048576 (custom)
2019-09-25 11:09:14,025 [pool-497-thread-1] INFO  server.RaftServerConfigKeys (ConfUtils.java:logGet(43)) - raft.server.log.segment.cache.num.max = 2 (custom)
2019-09-25 11:09:14,025 [pool-497-thread-1] INFO  segmented.SegmentedRaftLogWorker (SegmentedRaftLogWorker.java:<init>(172)) - new a8823747-7b39-4599-aab8-abab9e384ab8@group-C8D5260293F4-SegmentedRaftLogWorker for RaftStorage:Storage Directory /workdir/hadoop-ozone/integration-test/target/test-dir/MiniOzoneClusterImpl-4b1c6350-cd3e-4172-b7a0-e9c66394f836/datanode-0/data/ratis/af336b29-fac9-4bf2-b88d-c8d5260293f4
2019-09-25 11:09:14,026 [pool-497-thread-1] INFO  server.RaftServerConfigKeys (ConfUtils.java:logGet(43)) - raft.server.log.queue.byte-limit = 2147483647 (custom)
2019-09-25 11:09:14,026 [pool-497-thread-1] INFO  server.RaftServerConfigKeys (ConfUtils.java:logGet(43)) - raft.server.log.queue.element-limit = 1024 (custom)
2019-09-25 11:09:14,026 [pool-497-thread-1] INFO  server.RaftServerConfigKeys (ConfUtils.java:logGet(43)) - raft.server.log.segment.size.max = 1048576 (custom)
2019-09-25 11:09:14,026 [pool-497-thread-1] INFO  server.RaftServerConfigKeys (ConfUtils.java:logGet(43)) - raft.server.log.preallocated.size = 16384 (custom)
2019-09-25 11:09:14,026 [pool-497-thread-1] INFO  server.RaftServerConfigKeys (ConfUtils.java:logGet(43)) - raft.server.log.write.buffer.size = 33554432 (custom)
2019-09-25 11:09:14,026 [pool-497-thread-1] INFO  server.RaftServerConfigKeys (ConfUtils.java:logGet(43)) - raft.server.log.force.sync.num = 128 (default)
2019-09-25 11:09:14,026 [pool-497-thread-1] INFO  server.RaftServerConfigKeys (ConfUtils.java:logGet(43)) - raft.server.log.statemachine.data.sync = true (default)
2019-09-25 11:09:14,026 [pool-497-thread-1] INFO  server.RaftServerConfigKeys (ConfUtils.java:logGet(43)) - raft.server.log.statemachine.data.sync.timeout = 10s (default)
2019-09-25 11:09:14,026 [pool-497-thread-1] INFO  server.RaftServerConfigKeys (ConfUtils.java:logGet(43)) - raft.server.log.statemachine.data.sync.timeout.retry = -1 (default)
2019-09-25 11:09:14,026 [pool-497-thread-1] INFO  server.RaftServerConfigKeys (ConfUtils.java:logGet(43)) - raft.server.log.statemachine.data.caching.enabled = true (custom)
2019-09-25 11:09:14,026 [pool-497-thread-1] INFO  segmented.SegmentedRaftLogWorker (SegmentedRaftLogWorker.java:lambda$new$0(132)) - a8823747-7b39-4599-aab8-abab9e384ab8@group-C8D5260293F4-SegmentedRaftLogWorker: flushIndex: setUnconditionally 0 -> -1
2019-09-25 11:09:14,027 [pool-497-thread-1] INFO  server.RaftServerConfigKeys (ConfUtils.java:logGet(43)) - raft.server.snapshot.auto.trigger.enabled = true (custom)
2019-09-25 11:09:14,027 [pool-497-thread-1] INFO  server.RaftServerConfigKeys (ConfUtils.java:logGet(43)) - raft.server.snapshot.auto.trigger.threshold = 10000 (custom)
2019-09-25 11:09:14,027 [pool-497-thread-1] INFO  server.RaftServerConfigKeys (ConfUtils.java:logGet(43)) - raft.server.snapshot.retention.num.files = 5 (custom)
2019-09-25 11:09:14,027 [pool-497-thread-1] INFO  server.RaftServerConfigKeys (ConfUtils.java:logGet(43)) - raft.server.retrycache.expirytime = 600000ms (custom)
2019-09-25 11:09:14,028 [pool-497-thread-1] INFO  impl.RaftServerImpl (RaftServerImpl.java:start(185)) - a8823747-7b39-4599-aab8-abab9e384ab8@group-C8D5260293F4: start as a follower, conf=-1: [a8823747-7b39-4599-aab8-abab9e384ab8:192.168.30.6:44788], old=null
2019-09-25 11:09:14,028 [pool-497-thread-1] INFO  impl.RaftServerImpl (RaftServerImpl.java:setRole(174)) - a8823747-7b39-4599-aab8-abab9e384ab8@group-C8D5260293F4: changes role from      null to FOLLOWER at term 0 for startAsFollower
2019-09-25 11:09:14,028 [pool-497-thread-1] INFO  impl.RoleInfo (RoleInfo.java:updateAndGet(143)) - a8823747-7b39-4599-aab8-abab9e384ab8: start FollowerState
2019-09-25 11:09:14,028 [pool-497-thread-1] INFO  util.JmxRegister (JmxRegister.java:tryRegister(44)) - Successfully registered JMX Bean with object name Ratis:service=RaftServer,group=group-C8D5260293F4,id=a8823747-7b39-4599-aab8-abab9e384ab8
2019-09-25 11:09:14,029 [RatisPipelineUtilsThread] INFO  pipeline.PipelineStateManager (PipelineStateManager.java:addPipeline(56)) - Created pipeline Pipeline[ Id: af336b29-fac9-4bf2-b88d-c8d5260293f4, Nodes: a8823747-7b39-4599-aab8-abab9e384ab8{ip: 192.168.30.6, host: pr-hdds-1569-5gmkr-4255264070, networkLocation: /default-rack, certSerialId: null}, Type:RATIS, Factor:ONE, State:OPEN]
2019-09-25 11:09:14,032 [grpc-default-executor-1] INFO  impl.RaftServerProxy (RaftServerProxy.java:addNew(89)) - a8823747-7b39-4599-aab8-abab9e384ab8: addNew group-72FD6F3BF287:[a8823747-7b39-4599-aab8-abab9e384ab8:192.168.30.6:44788] returns group-72FD6F3BF287:java.util.concurrent.CompletableFuture@35d77b2e[Not completed]
2019-09-25 11:09:14,033 [pool-497-thread-1] INFO  impl.RaftServerImpl (RaftServerImpl.java:<init>(95)) - a8823747-7b39-4599-aab8-abab9e384ab8: new RaftServerImpl for group-72FD6F3BF287:[a8823747-7b39-4599-aab8-abab9e384ab8:192.168.30.6:44788] with ContainerStateMachine:uninitialized
2019-09-25 11:09:14,033 [pool-497-thread-1] INFO  server.RaftServerConfigKeys (ConfUtils.java:logGet(43)) - raft.server.rpc.timeout.min = 5s (custom)
2019-09-25 11:09:14,033 [pool-497-thread-1] INFO  server.RaftServerConfigKeys (ConfUtils.java:logGet(43)) - raft.server.rpc.timeout.max = 5200ms (custom)
2019-09-25 11:09:14,033 [pool-497-thread-1] INFO  server.RaftServerConfigKeys (ConfUtils.java:logGet(43)) - raft.server.rpcslowness.timeout = 120s (custom)
2019-09-25 11:09:14,033 [pool-497-thread-1] INFO  server.RaftServerConfigKeys (ConfUtils.java:logGet(43)) - raft.server.sleep.deviation.threshold = 300 (default)
2019-09-25 11:09:14,033 [pool-497-thread-1] INFO  server.RaftServerConfigKeys (ConfUtils.java:logGet(43)) - raft.server.log.appender.install.snapshot.enabled = false (custom)
2019-09-25 11:09:14,033 [pool-497-thread-1] INFO  impl.RaftServerImpl (ServerState.java:<init>(103)) - a8823747-7b39-4599-aab8-abab9e384ab8@group-72FD6F3BF287: ConfigurationManager, init=-1: [a8823747-7b39-4599-aab8-abab9e384ab8:192.168.30.6:44788], old=null, confs=<EMPTY_MAP>
2019-09-25 11:09:14,033 [pool-497-thread-1] INFO  server.RaftServerConfigKeys (ConfUtils.java:logGet(43)) - raft.server.storage.dir = [/workdir/hadoop-ozone/integration-test/target/test-dir/MiniOzoneClusterImpl-4b1c6350-cd3e-4172-b7a0-e9c66394f836/datanode-0/data/ratis] (custom)
2019-09-25 11:09:14,034 [pool-497-thread-1] INFO  storage.RaftStorageDirectory (RaftStorageDirectory.java:analyzeStorage(246)) - The storage directory /workdir/hadoop-ozone/integration-test/target/test-dir/MiniOzoneClusterImpl-4b1c6350-cd3e-4172-b7a0-e9c66394f836/datanode-0/data/ratis/8c4b2025-55e7-406f-be1b-72fd6f3bf287 does not exist. Creating ...
2019-09-25 11:09:14,046 [pool-497-thread-1] INFO  storage.RaftStorageDirectory (RaftStorageDirectory.java:tryLock(328)) - Lock on /workdir/hadoop-ozone/integration-test/target/test-dir/MiniOzoneClusterImpl-4b1c6350-cd3e-4172-b7a0-e9c66394f836/datanode-0/data/ratis/8c4b2025-55e7-406f-be1b-72fd6f3bf287/in_use.lock acquired by nodename 21763@pr-hdds-1569-5gmkr-4255264070
2019-09-25 11:09:14,048 [pool-497-thread-1] INFO  storage.RaftStorage (RaftStorage.java:format(72)) - Storage directory /workdir/hadoop-ozone/integration-test/target/test-dir/MiniOzoneClusterImpl-4b1c6350-cd3e-4172-b7a0-e9c66394f836/datanode-0/data/ratis/8c4b2025-55e7-406f-be1b-72fd6f3bf287 has been successfully formatted.
2019-09-25 11:09:14,048 [pool-497-thread-1] INFO  ratis.ContainerStateMachine (ContainerStateMachine.java:loadSnapshot(230)) - group-72FD6F3BF287: The snapshot info is null. Setting the last applied indexto:(t:0, i:~)
2019-09-25 11:09:14,049 [pool-497-thread-1] INFO  server.RaftServerConfigKeys (ConfUtils.java:logGet(43)) - raft.server.notification.no-leader.timeout = 120s (custom)
2019-09-25 11:09:14,049 [pool-497-thread-1] INFO  server.RaftServerConfigKeys (ConfUtils.java:logGet(43)) - raft.server.log.use.memory = false (default)
2019-09-25 11:09:14,049 [pool-497-thread-1] INFO  server.RaftServerConfigKeys (ConfUtils.java:logGet(43)) - raft.server.log.purge.gap = 1000000 (custom)
2019-09-25 11:09:14,049 [pool-497-thread-1] INFO  server.RaftServerConfigKeys (ConfUtils.java:logGet(43)) - raft.server.log.appender.buffer.byte-limit = 33554432 (custom)
2019-09-25 11:09:14,049 [pool-497-thread-1] INFO  server.RaftServerConfigKeys (ConfUtils.java:logGet(43)) - raft.server.log.segment.size.max = 1048576 (custom)
2019-09-25 11:09:14,049 [pool-497-thread-1] INFO  server.RaftServerConfigKeys (ConfUtils.java:logGet(43)) - raft.server.log.segment.cache.num.max = 2 (custom)
2019-09-25 11:09:14,049 [pool-497-thread-1] INFO  segmented.SegmentedRaftLogWorker (SegmentedRaftLogWorker.java:<init>(172)) - new a8823747-7b39-4599-aab8-abab9e384ab8@group-72FD6F3BF287-SegmentedRaftLogWorker for RaftStorage:Storage Directory /workdir/hadoop-ozone/integration-test/target/test-dir/MiniOzoneClusterImpl-4b1c6350-cd3e-4172-b7a0-e9c66394f836/datanode-0/data/ratis/8c4b2025-55e7-406f-be1b-72fd6f3bf287
2019-09-25 11:09:14,049 [pool-497-thread-1] INFO  server.RaftServerConfigKeys (ConfUtils.java:logGet(43)) - raft.server.log.queue.byte-limit = 2147483647 (custom)
2019-09-25 11:09:14,049 [pool-497-thread-1] INFO  server.RaftServerConfigKeys (ConfUtils.java:logGet(43)) - raft.server.log.queue.element-limit = 1024 (custom)
2019-09-25 11:09:14,049 [pool-497-thread-1] INFO  server.RaftServerConfigKeys (ConfUtils.java:logGet(43)) - raft.server.log.segment.size.max = 1048576 (custom)
2019-09-25 11:09:14,049 [pool-497-thread-1] INFO  server.RaftServerConfigKeys (ConfUtils.java:logGet(43)) - raft.server.log.preallocated.size = 16384 (custom)
2019-09-25 11:09:14,049 [pool-497-thread-1] INFO  server.RaftServerConfigKeys (ConfUtils.java:logGet(43)) - raft.server.log.write.buffer.size = 33554432 (custom)
2019-09-25 11:09:14,049 [pool-497-thread-1] INFO  server.RaftServerConfigKeys (ConfUtils.java:logGet(43)) - raft.server.log.force.sync.num = 128 (default)
2019-09-25 11:09:14,050 [pool-497-thread-1] INFO  server.RaftServerConfigKeys (ConfUtils.java:logGet(43)) - raft.server.log.statemachine.data.sync = true (default)
2019-09-25 11:09:14,050 [pool-497-thread-1] INFO  server.RaftServerConfigKeys (ConfUtils.java:logGet(43)) - raft.server.log.statemachine.data.sync.timeout = 10s (default)
2019-09-25 11:09:14,050 [pool-497-thread-1] INFO  server.RaftServerConfigKeys (ConfUtils.java:logGet(43)) - raft.server.log.statemachine.data.sync.timeout.retry = -1 (default)
2019-09-25 11:09:14,050 [pool-497-thread-1] INFO  server.RaftServerConfigKeys (ConfUtils.java:logGet(43)) - raft.server.log.statemachine.data.caching.enabled = true (custom)
2019-09-25 11:09:14,050 [pool-497-thread-1] INFO  segmented.SegmentedRaftLogWorker (SegmentedRaftLogWorker.java:lambda$new$0(132)) - a8823747-7b39-4599-aab8-abab9e384ab8@group-72FD6F3BF287-SegmentedRaftLogWorker: flushIndex: setUnconditionally 0 -> -1
2019-09-25 11:09:14,050 [pool-497-thread-1] INFO  server.RaftServerConfigKeys (ConfUtils.java:logGet(43)) - raft.server.snapshot.auto.trigger.enabled = true (custom)
2019-09-25 11:09:14,050 [pool-497-thread-1] INFO  server.RaftServerConfigKeys (ConfUtils.java:logGet(43)) - raft.server.snapshot.auto.trigger.threshold = 10000 (custom)
2019-09-25 11:09:14,050 [pool-497-thread-1] INFO  server.RaftServerConfigKeys (ConfUtils.java:logGet(43)) - raft.server.snapshot.retention.num.files = 5 (custom)
2019-09-25 11:09:14,050 [pool-497-thread-1] INFO  server.RaftServerConfigKeys (ConfUtils.java:logGet(43)) - raft.server.retrycache.expirytime = 600000ms (custom)
2019-09-25 11:09:14,051 [pool-497-thread-1] INFO  impl.RaftServerImpl (RaftServerImpl.java:start(185)) - a8823747-7b39-4599-aab8-abab9e384ab8@group-72FD6F3BF287: start as a follower, conf=-1: [a8823747-7b39-4599-aab8-abab9e384ab8:192.168.30.6:44788], old=null
2019-09-25 11:09:14,051 [pool-497-thread-1] INFO  impl.RaftServerImpl (RaftServerImpl.java:setRole(174)) - a8823747-7b39-4599-aab8-abab9e384ab8@group-72FD6F3BF287: changes role from      null to FOLLOWER at term 0 for startAsFollower
2019-09-25 11:09:14,051 [pool-497-thread-1] INFO  impl.RoleInfo (RoleInfo.java:updateAndGet(143)) - a8823747-7b39-4599-aab8-abab9e384ab8: start FollowerState
2019-09-25 11:09:14,052 [pool-497-thread-1] INFO  util.JmxRegister (JmxRegister.java:tryRegister(44)) - Successfully registered JMX Bean with object name Ratis:service=RaftServer,group=group-72FD6F3BF287,id=a8823747-7b39-4599-aab8-abab9e384ab8
2019-09-25 11:09:14,053 [RatisPipelineUtilsThread] INFO  pipeline.PipelineStateManager (PipelineStateManager.java:addPipeline(56)) - Created pipeline Pipeline[ Id: 8c4b2025-55e7-406f-be1b-72fd6f3bf287, Nodes: a8823747-7b39-4599-aab8-abab9e384ab8{ip: 192.168.30.6, host: pr-hdds-1569-5gmkr-4255264070, networkLocation: /default-rack, certSerialId: null}, Type:RATIS, Factor:ONE, State:OPEN]
2019-09-25 11:09:14,055 [grpc-default-executor-1] INFO  impl.RaftServerProxy (RaftServerProxy.java:addNew(89)) - 4cceff1e-2c3f-451c-8b62-7d06bcf43963: addNew group-B0412EA30467:[4cceff1e-2c3f-451c-8b62-7d06bcf43963:192.168.30.6:43389] returns group-B0412EA30467:java.util.concurrent.CompletableFuture@360d6816[Not completed]
2019-09-25 11:09:14,056 [pool-507-thread-1] INFO  impl.RaftServerImpl (RaftServerImpl.java:<init>(95)) - 4cceff1e-2c3f-451c-8b62-7d06bcf43963: new RaftServerImpl for group-B0412EA30467:[4cceff1e-2c3f-451c-8b62-7d06bcf43963:192.168.30.6:43389] with ContainerStateMachine:uninitialized
2019-09-25 11:09:14,056 [pool-507-thread-1] INFO  server.RaftServerConfigKeys (ConfUtils.java:logGet(43)) - raft.server.rpc.timeout.min = 5s (custom)
2019-09-25 11:09:14,056 [pool-507-thread-1] INFO  server.RaftServerConfigKeys (ConfUtils.java:logGet(43)) - raft.server.rpc.timeout.max = 5200ms (custom)
2019-09-25 11:09:14,057 [pool-507-thread-1] INFO  server.RaftServerConfigKeys (ConfUtils.java:logGet(43)) - raft.server.rpcslowness.timeout = 120s (custom)
2019-09-25 11:09:14,057 [pool-507-thread-1] INFO  server.RaftServerConfigKeys (ConfUtils.java:logGet(43)) - raft.server.sleep.deviation.threshold = 300 (default)
2019-09-25 11:09:14,057 [pool-507-thread-1] INFO  server.RaftServerConfigKeys (ConfUtils.java:logGet(43)) - raft.server.log.appender.install.snapshot.enabled = false (custom)
2019-09-25 11:09:14,057 [pool-507-thread-1] INFO  impl.RaftServerImpl (ServerState.java:<init>(103)) - 4cceff1e-2c3f-451c-8b62-7d06bcf43963@group-B0412EA30467: ConfigurationManager, init=-1: [4cceff1e-2c3f-451c-8b62-7d06bcf43963:192.168.30.6:43389], old=null, confs=<EMPTY_MAP>
2019-09-25 11:09:14,057 [pool-507-thread-1] INFO  server.RaftServerConfigKeys (ConfUtils.java:logGet(43)) - raft.server.storage.dir = [/workdir/hadoop-ozone/integration-test/target/test-dir/MiniOzoneClusterImpl-4b1c6350-cd3e-4172-b7a0-e9c66394f836/datanode-1/data/ratis] (custom)
2019-09-25 11:09:14,057 [pool-507-thread-1] INFO  storage.RaftStorageDirectory (RaftStorageDirectory.java:analyzeStorage(246)) - The storage directory /workdir/hadoop-ozone/integration-test/target/test-dir/MiniOzoneClusterImpl-4b1c6350-cd3e-4172-b7a0-e9c66394f836/datanode-1/data/ratis/c8b5e663-4870-41e1-bb34-b0412ea30467 does not exist. Creating ...
2019-09-25 11:09:14,070 [pool-507-thread-1] INFO  storage.RaftStorageDirectory (RaftStorageDirectory.java:tryLock(328)) - Lock on /workdir/hadoop-ozone/integration-test/target/test-dir/MiniOzoneClusterImpl-4b1c6350-cd3e-4172-b7a0-e9c66394f836/datanode-1/data/ratis/c8b5e663-4870-41e1-bb34-b0412ea30467/in_use.lock acquired by nodename 21763@pr-hdds-1569-5gmkr-4255264070
2019-09-25 11:09:14,072 [IPC Server handler 8 on 36723] INFO  net.NetworkTopology (NetworkTopologyImpl.java:add(111)) - Added a new node: /default-rack/0ce03005-f534-496c-a0eb-c417dd14ba94
2019-09-25 11:09:14,072 [IPC Server handler 8 on 36723] INFO  node.SCMNodeManager (SCMNodeManager.java:register(266)) - Registered Data node : 0ce03005-f534-496c-a0eb-c417dd14ba94{ip: 192.168.30.6, host: pr-hdds-1569-5gmkr-4255264070, networkLocation: /default-rack, certSerialId: null}
2019-09-25 11:09:14,082 [pool-507-thread-1] INFO  storage.RaftStorage (RaftStorage.java:format(72)) - Storage directory /workdir/hadoop-ozone/integration-test/target/test-dir/MiniOzoneClusterImpl-4b1c6350-cd3e-4172-b7a0-e9c66394f836/datanode-1/data/ratis/c8b5e663-4870-41e1-bb34-b0412ea30467 has been successfully formatted.
2019-09-25 11:09:14,083 [pool-507-thread-1] INFO  ratis.ContainerStateMachine (ContainerStateMachine.java:loadSnapshot(230)) - group-B0412EA30467: The snapshot info is null. Setting the last applied indexto:(t:0, i:~)
2019-09-25 11:09:14,083 [pool-507-thread-1] INFO  server.RaftServerConfigKeys (ConfUtils.java:logGet(43)) - raft.server.notification.no-leader.timeout = 120s (custom)
2019-09-25 11:09:14,083 [pool-507-thread-1] INFO  server.RaftServerConfigKeys (ConfUtils.java:logGet(43)) - raft.server.log.use.memory = false (default)
2019-09-25 11:09:14,083 [pool-507-thread-1] INFO  server.RaftServerConfigKeys (ConfUtils.java:logGet(43)) - raft.server.log.purge.gap = 1000000 (custom)
2019-09-25 11:09:14,083 [pool-507-thread-1] INFO  server.RaftServerConfigKeys (ConfUtils.java:logGet(43)) - raft.server.log.appender.buffer.byte-limit = 33554432 (custom)
2019-09-25 11:09:14,083 [pool-507-thread-1] INFO  server.RaftServerConfigKeys (ConfUtils.java:logGet(43)) - raft.server.log.segment.size.max = 1048576 (custom)
2019-09-25 11:09:14,083 [pool-507-thread-1] INFO  server.RaftServerConfigKeys (ConfUtils.java:logGet(43)) - raft.server.log.segment.cache.num.max = 2 (custom)
2019-09-25 11:09:14,084 [pool-507-thread-1] INFO  segmented.SegmentedRaftLogWorker (SegmentedRaftLogWorker.java:<init>(172)) - new 4cceff1e-2c3f-451c-8b62-7d06bcf43963@group-B0412EA30467-SegmentedRaftLogWorker for RaftStorage:Storage Directory /workdir/hadoop-ozone/integration-test/target/test-dir/MiniOzoneClusterImpl-4b1c6350-cd3e-4172-b7a0-e9c66394f836/datanode-1/data/ratis/c8b5e663-4870-41e1-bb34-b0412ea30467
2019-09-25 11:09:14,084 [pool-507-thread-1] INFO  server.RaftServerConfigKeys (ConfUtils.java:logGet(43)) - raft.server.log.queue.byte-limit = 2147483647 (custom)
2019-09-25 11:09:14,084 [pool-507-thread-1] INFO  server.RaftServerConfigKeys (ConfUtils.java:logGet(43)) - raft.server.log.queue.element-limit = 1024 (custom)
2019-09-25 11:09:14,084 [pool-507-thread-1] INFO  server.RaftServerConfigKeys (ConfUtils.java:logGet(43)) - raft.server.log.segment.size.max = 1048576 (custom)
2019-09-25 11:09:14,084 [pool-507-thread-1] INFO  server.RaftServerConfigKeys (ConfUtils.java:logGet(43)) - raft.server.log.preallocated.size = 16384 (custom)
2019-09-25 11:09:14,084 [pool-507-thread-1] INFO  server.RaftServerConfigKeys (ConfUtils.java:logGet(43)) - raft.server.log.write.buffer.size = 33554432 (custom)
2019-09-25 11:09:14,084 [pool-507-thread-1] INFO  server.RaftServerConfigKeys (ConfUtils.java:logGet(43)) - raft.server.log.force.sync.num = 128 (default)
2019-09-25 11:09:14,084 [pool-507-thread-1] INFO  server.RaftServerConfigKeys (ConfUtils.java:logGet(43)) - raft.server.log.statemachine.data.sync = true (default)
2019-09-25 11:09:14,085 [pool-507-thread-1] INFO  server.RaftServerConfigKeys (ConfUtils.java:logGet(43)) - raft.server.log.statemachine.data.sync.timeout = 10s (default)
2019-09-25 11:09:14,085 [pool-507-thread-1] INFO  server.RaftServerConfigKeys (ConfUtils.java:logGet(43)) - raft.server.log.statemachine.data.sync.timeout.retry = -1 (default)
2019-09-25 11:09:14,085 [pool-507-thread-1] INFO  server.RaftServerConfigKeys (ConfUtils.java:logGet(43)) - raft.server.log.statemachine.data.caching.enabled = true (custom)
2019-09-25 11:09:14,085 [pool-507-thread-1] INFO  segmented.SegmentedRaftLogWorker (SegmentedRaftLogWorker.java:lambda$new$0(132)) - 4cceff1e-2c3f-451c-8b62-7d06bcf43963@group-B0412EA30467-SegmentedRaftLogWorker: flushIndex: setUnconditionally 0 -> -1
2019-09-25 11:09:14,085 [pool-507-thread-1] INFO  server.RaftServerConfigKeys (ConfUtils.java:logGet(43)) - raft.server.snapshot.auto.trigger.enabled = true (custom)
2019-09-25 11:09:14,085 [pool-507-thread-1] INFO  server.RaftServerConfigKeys (ConfUtils.java:logGet(43)) - raft.server.snapshot.auto.trigger.threshold = 10000 (custom)
2019-09-25 11:09:14,086 [pool-507-thread-1] INFO  server.RaftServerConfigKeys (ConfUtils.java:logGet(43)) - raft.server.snapshot.retention.num.files = 5 (custom)
2019-09-25 11:09:14,086 [pool-507-thread-1] INFO  server.RaftServerConfigKeys (ConfUtils.java:logGet(43)) - raft.server.retrycache.expirytime = 600000ms (custom)
2019-09-25 11:09:14,087 [pool-507-thread-1] INFO  impl.RaftServerImpl (RaftServerImpl.java:start(185)) - 4cceff1e-2c3f-451c-8b62-7d06bcf43963@group-B0412EA30467: start as a follower, conf=-1: [4cceff1e-2c3f-451c-8b62-7d06bcf43963:192.168.30.6:43389], old=null
2019-09-25 11:09:14,087 [pool-507-thread-1] INFO  impl.RaftServerImpl (RaftServerImpl.java:setRole(174)) - 4cceff1e-2c3f-451c-8b62-7d06bcf43963@group-B0412EA30467: changes role from      null to FOLLOWER at term 0 for startAsFollower
2019-09-25 11:09:14,087 [pool-507-thread-1] INFO  impl.RoleInfo (RoleInfo.java:updateAndGet(143)) - 4cceff1e-2c3f-451c-8b62-7d06bcf43963: start FollowerState
2019-09-25 11:09:14,088 [pool-507-thread-1] INFO  util.JmxRegister (JmxRegister.java:tryRegister(44)) - Successfully registered JMX Bean with object name Ratis:service=RaftServer,group=group-B0412EA30467,id=4cceff1e-2c3f-451c-8b62-7d06bcf43963
2019-09-25 11:09:14,089 [RatisPipelineUtilsThread] INFO  pipeline.PipelineStateManager (PipelineStateManager.java:addPipeline(56)) - Created pipeline Pipeline[ Id: c8b5e663-4870-41e1-bb34-b0412ea30467, Nodes: 4cceff1e-2c3f-451c-8b62-7d06bcf43963{ip: 192.168.30.6, host: pr-hdds-1569-5gmkr-4255264070, networkLocation: /default-rack, certSerialId: null}, Type:RATIS, Factor:ONE, State:OPEN]
2019-09-25 11:09:14,097 [grpc-default-executor-1] INFO  impl.RaftServerProxy (RaftServerProxy.java:addNew(89)) - 97301ee4-d551-4dc8-86de-1a37740aeeca: addNew group-DFAB1180C32E:[97301ee4-d551-4dc8-86de-1a37740aeeca:192.168.30.6:39526] returns group-DFAB1180C32E:java.util.concurrent.CompletableFuture@5c8a4e5a[Not completed]
2019-09-25 11:09:14,098 [pool-517-thread-1] INFO  impl.RaftServerImpl (RaftServerImpl.java:<init>(95)) - 97301ee4-d551-4dc8-86de-1a37740aeeca: new RaftServerImpl for group-DFAB1180C32E:[97301ee4-d551-4dc8-86de-1a37740aeeca:192.168.30.6:39526] with ContainerStateMachine:uninitialized
2019-09-25 11:09:14,098 [pool-517-thread-1] INFO  server.RaftServerConfigKeys (ConfUtils.java:logGet(43)) - raft.server.rpc.timeout.min = 5s (custom)
2019-09-25 11:09:14,098 [pool-517-thread-1] INFO  server.RaftServerConfigKeys (ConfUtils.java:logGet(43)) - raft.server.rpc.timeout.max = 5200ms (custom)
2019-09-25 11:09:14,098 [pool-517-thread-1] INFO  server.RaftServerConfigKeys (ConfUtils.java:logGet(43)) - raft.server.rpcslowness.timeout = 120s (custom)
2019-09-25 11:09:14,098 [pool-517-thread-1] INFO  server.RaftServerConfigKeys (ConfUtils.java:logGet(43)) - raft.server.sleep.deviation.threshold = 300 (default)
2019-09-25 11:09:14,098 [pool-517-thread-1] INFO  server.RaftServerConfigKeys (ConfUtils.java:logGet(43)) - raft.server.log.appender.install.snapshot.enabled = false (custom)
2019-09-25 11:09:14,098 [pool-517-thread-1] INFO  impl.RaftServerImpl (ServerState.java:<init>(103)) - 97301ee4-d551-4dc8-86de-1a37740aeeca@group-DFAB1180C32E: ConfigurationManager, init=-1: [97301ee4-d551-4dc8-86de-1a37740aeeca:192.168.30.6:39526], old=null, confs=<EMPTY_MAP>
2019-09-25 11:09:14,098 [pool-517-thread-1] INFO  server.RaftServerConfigKeys (ConfUtils.java:logGet(43)) - raft.server.storage.dir = [/workdir/hadoop-ozone/integration-test/target/test-dir/MiniOzoneClusterImpl-4b1c6350-cd3e-4172-b7a0-e9c66394f836/datanode-2/data/ratis] (custom)
2019-09-25 11:09:14,099 [pool-517-thread-1] INFO  storage.RaftStorageDirectory (RaftStorageDirectory.java:analyzeStorage(246)) - The storage directory /workdir/hadoop-ozone/integration-test/target/test-dir/MiniOzoneClusterImpl-4b1c6350-cd3e-4172-b7a0-e9c66394f836/datanode-2/data/ratis/356ca4ec-7829-4dd6-9ab8-dfab1180c32e does not exist. Creating ...
2019-09-25 11:09:14,111 [pool-517-thread-1] INFO  storage.RaftStorageDirectory (RaftStorageDirectory.java:tryLock(328)) - Lock on /workdir/hadoop-ozone/integration-test/target/test-dir/MiniOzoneClusterImpl-4b1c6350-cd3e-4172-b7a0-e9c66394f836/datanode-2/data/ratis/356ca4ec-7829-4dd6-9ab8-dfab1180c32e/in_use.lock acquired by nodename 21763@pr-hdds-1569-5gmkr-4255264070
2019-09-25 11:09:14,124 [pool-517-thread-1] INFO  storage.RaftStorage (RaftStorage.java:format(72)) - Storage directory /workdir/hadoop-ozone/integration-test/target/test-dir/MiniOzoneClusterImpl-4b1c6350-cd3e-4172-b7a0-e9c66394f836/datanode-2/data/ratis/356ca4ec-7829-4dd6-9ab8-dfab1180c32e has been successfully formatted.
2019-09-25 11:09:14,124 [pool-517-thread-1] INFO  ratis.ContainerStateMachine (ContainerStateMachine.java:loadSnapshot(230)) - group-DFAB1180C32E: The snapshot info is null. Setting the last applied indexto:(t:0, i:~)
2019-09-25 11:09:14,124 [pool-517-thread-1] INFO  server.RaftServerConfigKeys (ConfUtils.java:logGet(43)) - raft.server.notification.no-leader.timeout = 120s (custom)
2019-09-25 11:09:14,124 [pool-517-thread-1] INFO  server.RaftServerConfigKeys (ConfUtils.java:logGet(43)) - raft.server.log.use.memory = false (default)
2019-09-25 11:09:14,125 [pool-517-thread-1] INFO  server.RaftServerConfigKeys (ConfUtils.java:logGet(43)) - raft.server.log.purge.gap = 1000000 (custom)
2019-09-25 11:09:14,125 [pool-517-thread-1] INFO  server.RaftServerConfigKeys (ConfUtils.java:logGet(43)) - raft.server.log.appender.buffer.byte-limit = 33554432 (custom)
2019-09-25 11:09:14,125 [pool-517-thread-1] INFO  server.RaftServerConfigKeys (ConfUtils.java:logGet(43)) - raft.server.log.segment.size.max = 1048576 (custom)
2019-09-25 11:09:14,125 [pool-517-thread-1] INFO  server.RaftServerConfigKeys (ConfUtils.java:logGet(43)) - raft.server.log.segment.cache.num.max = 2 (custom)
2019-09-25 11:09:14,125 [pool-517-thread-1] INFO  segmented.SegmentedRaftLogWorker (SegmentedRaftLogWorker.java:<init>(172)) - new 97301ee4-d551-4dc8-86de-1a37740aeeca@group-DFAB1180C32E-SegmentedRaftLogWorker for RaftStorage:Storage Directory /workdir/hadoop-ozone/integration-test/target/test-dir/MiniOzoneClusterImpl-4b1c6350-cd3e-4172-b7a0-e9c66394f836/datanode-2/data/ratis/356ca4ec-7829-4dd6-9ab8-dfab1180c32e
2019-09-25 11:09:14,126 [pool-517-thread-1] INFO  server.RaftServerConfigKeys (ConfUtils.java:logGet(43)) - raft.server.log.queue.byte-limit = 2147483647 (custom)
2019-09-25 11:09:14,126 [pool-517-thread-1] INFO  server.RaftServerConfigKeys (ConfUtils.java:logGet(43)) - raft.server.log.queue.element-limit = 1024 (custom)
2019-09-25 11:09:14,127 [pool-517-thread-1] INFO  server.RaftServerConfigKeys (ConfUtils.java:logGet(43)) - raft.server.log.segment.size.max = 1048576 (custom)
2019-09-25 11:09:14,127 [pool-517-thread-1] INFO  server.RaftServerConfigKeys (ConfUtils.java:logGet(43)) - raft.server.log.preallocated.size = 16384 (custom)
2019-09-25 11:09:14,127 [pool-517-thread-1] INFO  server.RaftServerConfigKeys (ConfUtils.java:logGet(43)) - raft.server.log.write.buffer.size = 33554432 (custom)
2019-09-25 11:09:14,127 [pool-517-thread-1] INFO  server.RaftServerConfigKeys (ConfUtils.java:logGet(43)) - raft.server.log.force.sync.num = 128 (default)
2019-09-25 11:09:14,127 [pool-517-thread-1] INFO  server.RaftServerConfigKeys (ConfUtils.java:logGet(43)) - raft.server.log.statemachine.data.sync = true (default)
2019-09-25 11:09:14,127 [pool-517-thread-1] INFO  server.RaftServerConfigKeys (ConfUtils.java:logGet(43)) - raft.server.log.statemachine.data.sync.timeout = 10s (default)
2019-09-25 11:09:14,127 [pool-517-thread-1] INFO  server.RaftServerConfigKeys (ConfUtils.java:logGet(43)) - raft.server.log.statemachine.data.sync.timeout.retry = -1 (default)
2019-09-25 11:09:14,127 [pool-517-thread-1] INFO  server.RaftServerConfigKeys (ConfUtils.java:logGet(43)) - raft.server.log.statemachine.data.caching.enabled = true (custom)
2019-09-25 11:09:14,128 [pool-517-thread-1] INFO  segmented.SegmentedRaftLogWorker (SegmentedRaftLogWorker.java:lambda$new$0(132)) - 97301ee4-d551-4dc8-86de-1a37740aeeca@group-DFAB1180C32E-SegmentedRaftLogWorker: flushIndex: setUnconditionally 0 -> -1
2019-09-25 11:09:14,128 [pool-517-thread-1] INFO  server.RaftServerConfigKeys (ConfUtils.java:logGet(43)) - raft.server.snapshot.auto.trigger.enabled = true (custom)
2019-09-25 11:09:14,128 [pool-517-thread-1] INFO  server.RaftServerConfigKeys (ConfUtils.java:logGet(43)) - raft.server.snapshot.auto.trigger.threshold = 10000 (custom)
2019-09-25 11:09:14,128 [pool-517-thread-1] INFO  server.RaftServerConfigKeys (ConfUtils.java:logGet(43)) - raft.server.snapshot.retention.num.files = 5 (custom)
2019-09-25 11:09:14,129 [pool-517-thread-1] INFO  server.RaftServerConfigKeys (ConfUtils.java:logGet(43)) - raft.server.retrycache.expirytime = 600000ms (custom)
2019-09-25 11:09:14,130 [pool-517-thread-1] INFO  impl.RaftServerImpl (RaftServerImpl.java:start(185)) - 97301ee4-d551-4dc8-86de-1a37740aeeca@group-DFAB1180C32E: start as a follower, conf=-1: [97301ee4-d551-4dc8-86de-1a37740aeeca:192.168.30.6:39526], old=null
2019-09-25 11:09:14,130 [pool-517-thread-1] INFO  impl.RaftServerImpl (RaftServerImpl.java:setRole(174)) - 97301ee4-d551-4dc8-86de-1a37740aeeca@group-DFAB1180C32E: changes role from      null to FOLLOWER at term 0 for startAsFollower
2019-09-25 11:09:14,130 [pool-517-thread-1] INFO  impl.RoleInfo (RoleInfo.java:updateAndGet(143)) - 97301ee4-d551-4dc8-86de-1a37740aeeca: start FollowerState
2019-09-25 11:09:14,130 [pool-517-thread-1] INFO  util.JmxRegister (JmxRegister.java:tryRegister(44)) - Successfully registered JMX Bean with object name Ratis:service=RaftServer,group=group-DFAB1180C32E,id=97301ee4-d551-4dc8-86de-1a37740aeeca
2019-09-25 11:09:14,132 [RatisPipelineUtilsThread] INFO  pipeline.PipelineStateManager (PipelineStateManager.java:addPipeline(56)) - Created pipeline Pipeline[ Id: 356ca4ec-7829-4dd6-9ab8-dfab1180c32e, Nodes: 97301ee4-d551-4dc8-86de-1a37740aeeca{ip: 192.168.30.6, host: pr-hdds-1569-5gmkr-4255264070, networkLocation: /default-rack, certSerialId: null}, Type:RATIS, Factor:ONE, State:OPEN]
2019-09-25 11:09:14,134 [grpc-default-executor-1] INFO  impl.RaftServerProxy (RaftServerProxy.java:addNew(89)) - 4cceff1e-2c3f-451c-8b62-7d06bcf43963: addNew group-FED2755EAF26:[4cceff1e-2c3f-451c-8b62-7d06bcf43963:192.168.30.6:43389] returns group-FED2755EAF26:java.util.concurrent.CompletableFuture@d190886[Not completed]
2019-09-25 11:09:14,135 [pool-507-thread-1] INFO  impl.RaftServerImpl (RaftServerImpl.java:<init>(95)) - 4cceff1e-2c3f-451c-8b62-7d06bcf43963: new RaftServerImpl for group-FED2755EAF26:[4cceff1e-2c3f-451c-8b62-7d06bcf43963:192.168.30.6:43389] with ContainerStateMachine:uninitialized
2019-09-25 11:09:14,135 [pool-507-thread-1] INFO  server.RaftServerConfigKeys (ConfUtils.java:logGet(43)) - raft.server.rpc.timeout.min = 5s (custom)
2019-09-25 11:09:14,135 [pool-507-thread-1] INFO  server.RaftServerConfigKeys (ConfUtils.java:logGet(43)) - raft.server.rpc.timeout.max = 5200ms (custom)
2019-09-25 11:09:14,135 [pool-507-thread-1] INFO  server.RaftServerConfigKeys (ConfUtils.java:logGet(43)) - raft.server.rpcslowness.timeout = 120s (custom)
2019-09-25 11:09:14,135 [pool-507-thread-1] INFO  server.RaftServerConfigKeys (ConfUtils.java:logGet(43)) - raft.server.sleep.deviation.threshold = 300 (default)
2019-09-25 11:09:14,135 [pool-507-thread-1] INFO  server.RaftServerConfigKeys (ConfUtils.java:logGet(43)) - raft.server.log.appender.install.snapshot.enabled = false (custom)
2019-09-25 11:09:14,135 [pool-507-thread-1] INFO  impl.RaftServerImpl (ServerState.java:<init>(103)) - 4cceff1e-2c3f-451c-8b62-7d06bcf43963@group-FED2755EAF26: ConfigurationManager, init=-1: [4cceff1e-2c3f-451c-8b62-7d06bcf43963:192.168.30.6:43389], old=null, confs=<EMPTY_MAP>
2019-09-25 11:09:14,135 [pool-507-thread-1] INFO  server.RaftServerConfigKeys (ConfUtils.java:logGet(43)) - raft.server.storage.dir = [/workdir/hadoop-ozone/integration-test/target/test-dir/MiniOzoneClusterImpl-4b1c6350-cd3e-4172-b7a0-e9c66394f836/datanode-1/data/ratis] (custom)
2019-09-25 11:09:14,136 [pool-507-thread-1] INFO  storage.RaftStorageDirectory (RaftStorageDirectory.java:analyzeStorage(246)) - The storage directory /workdir/hadoop-ozone/integration-test/target/test-dir/MiniOzoneClusterImpl-4b1c6350-cd3e-4172-b7a0-e9c66394f836/datanode-1/data/ratis/26b805ad-662e-420a-a7e9-fed2755eaf26 does not exist. Creating ...
2019-09-25 11:09:14,144 [pool-507-thread-1] INFO  storage.RaftStorageDirectory (RaftStorageDirectory.java:tryLock(328)) - Lock on /workdir/hadoop-ozone/integration-test/target/test-dir/MiniOzoneClusterImpl-4b1c6350-cd3e-4172-b7a0-e9c66394f836/datanode-1/data/ratis/26b805ad-662e-420a-a7e9-fed2755eaf26/in_use.lock acquired by nodename 21763@pr-hdds-1569-5gmkr-4255264070
2019-09-25 11:09:14,158 [pool-507-thread-1] INFO  storage.RaftStorage (RaftStorage.java:format(72)) - Storage directory /workdir/hadoop-ozone/integration-test/target/test-dir/MiniOzoneClusterImpl-4b1c6350-cd3e-4172-b7a0-e9c66394f836/datanode-1/data/ratis/26b805ad-662e-420a-a7e9-fed2755eaf26 has been successfully formatted.
2019-09-25 11:09:14,158 [pool-507-thread-1] INFO  ratis.ContainerStateMachine (ContainerStateMachine.java:loadSnapshot(230)) - group-FED2755EAF26: The snapshot info is null. Setting the last applied indexto:(t:0, i:~)
2019-09-25 11:09:14,158 [pool-507-thread-1] INFO  server.RaftServerConfigKeys (ConfUtils.java:logGet(43)) - raft.server.notification.no-leader.timeout = 120s (custom)
2019-09-25 11:09:14,158 [pool-507-thread-1] INFO  server.RaftServerConfigKeys (ConfUtils.java:logGet(43)) - raft.server.log.use.memory = false (default)
2019-09-25 11:09:14,158 [pool-507-thread-1] INFO  server.RaftServerConfigKeys (ConfUtils.java:logGet(43)) - raft.server.log.purge.gap = 1000000 (custom)
2019-09-25 11:09:14,158 [pool-507-thread-1] INFO  server.RaftServerConfigKeys (ConfUtils.java:logGet(43)) - raft.server.log.appender.buffer.byte-limit = 33554432 (custom)
2019-09-25 11:09:14,158 [pool-507-thread-1] INFO  server.RaftServerConfigKeys (ConfUtils.java:logGet(43)) - raft.server.log.segment.size.max = 1048576 (custom)
2019-09-25 11:09:14,159 [pool-507-thread-1] INFO  server.RaftServerConfigKeys (ConfUtils.java:logGet(43)) - raft.server.log.segment.cache.num.max = 2 (custom)
2019-09-25 11:09:14,159 [pool-507-thread-1] INFO  segmented.SegmentedRaftLogWorker (SegmentedRaftLogWorker.java:<init>(172)) - new 4cceff1e-2c3f-451c-8b62-7d06bcf43963@group-FED2755EAF26-SegmentedRaftLogWorker for RaftStorage:Storage Directory /workdir/hadoop-ozone/integration-test/target/test-dir/MiniOzoneClusterImpl-4b1c6350-cd3e-4172-b7a0-e9c66394f836/datanode-1/data/ratis/26b805ad-662e-420a-a7e9-fed2755eaf26
2019-09-25 11:09:14,159 [pool-507-thread-1] INFO  server.RaftServerConfigKeys (ConfUtils.java:logGet(43)) - raft.server.log.queue.byte-limit = 2147483647 (custom)
2019-09-25 11:09:14,159 [pool-507-thread-1] INFO  server.RaftServerConfigKeys (ConfUtils.java:logGet(43)) - raft.server.log.queue.element-limit = 1024 (custom)
2019-09-25 11:09:14,159 [pool-507-thread-1] INFO  server.RaftServerConfigKeys (ConfUtils.java:logGet(43)) - raft.server.log.segment.size.max = 1048576 (custom)
2019-09-25 11:09:14,159 [pool-507-thread-1] INFO  server.RaftServerConfigKeys (ConfUtils.java:logGet(43)) - raft.server.log.preallocated.size = 16384 (custom)
2019-09-25 11:09:14,159 [pool-507-thread-1] INFO  server.RaftServerConfigKeys (ConfUtils.java:logGet(43)) - raft.server.log.write.buffer.size = 33554432 (custom)
2019-09-25 11:09:14,159 [pool-507-thread-1] INFO  server.RaftServerConfigKeys (ConfUtils.java:logGet(43)) - raft.server.log.force.sync.num = 128 (default)
2019-09-25 11:09:14,159 [pool-507-thread-1] INFO  server.RaftServerConfigKeys (ConfUtils.java:logGet(43)) - raft.server.log.statemachine.data.sync = true (default)
2019-09-25 11:09:14,159 [pool-507-thread-1] INFO  server.RaftServerConfigKeys (ConfUtils.java:logGet(43)) - raft.server.log.statemachine.data.sync.timeout = 10s (default)
2019-09-25 11:09:14,159 [pool-507-thread-1] INFO  server.RaftServerConfigKeys (ConfUtils.java:logGet(43)) - raft.server.log.statemachine.data.sync.timeout.retry = -1 (default)
2019-09-25 11:09:14,159 [pool-507-thread-1] INFO  server.RaftServerConfigKeys (ConfUtils.java:logGet(43)) - raft.server.log.statemachine.data.caching.enabled = true (custom)
2019-09-25 11:09:14,160 [pool-507-thread-1] INFO  segmented.SegmentedRaftLogWorker (SegmentedRaftLogWorker.java:lambda$new$0(132)) - 4cceff1e-2c3f-451c-8b62-7d06bcf43963@group-FED2755EAF26-SegmentedRaftLogWorker: flushIndex: setUnconditionally 0 -> -1
2019-09-25 11:09:14,160 [pool-507-thread-1] INFO  server.RaftServerConfigKeys (ConfUtils.java:logGet(43)) - raft.server.snapshot.auto.trigger.enabled = true (custom)
2019-09-25 11:09:14,160 [pool-507-thread-1] INFO  server.RaftServerConfigKeys (ConfUtils.java:logGet(43)) - raft.server.snapshot.auto.trigger.threshold = 10000 (custom)
2019-09-25 11:09:14,160 [pool-507-thread-1] INFO  server.RaftServerConfigKeys (ConfUtils.java:logGet(43)) - raft.server.snapshot.retention.num.files = 5 (custom)
2019-09-25 11:09:14,160 [pool-507-thread-1] INFO  server.RaftServerConfigKeys (ConfUtils.java:logGet(43)) - raft.server.retrycache.expirytime = 600000ms (custom)
2019-09-25 11:09:14,161 [pool-507-thread-1] INFO  impl.RaftServerImpl (RaftServerImpl.java:start(185)) - 4cceff1e-2c3f-451c-8b62-7d06bcf43963@group-FED2755EAF26: start as a follower, conf=-1: [4cceff1e-2c3f-451c-8b62-7d06bcf43963:192.168.30.6:43389], old=null
2019-09-25 11:09:14,161 [pool-507-thread-1] INFO  impl.RaftServerImpl (RaftServerImpl.java:setRole(174)) - 4cceff1e-2c3f-451c-8b62-7d06bcf43963@group-FED2755EAF26: changes role from      null to FOLLOWER at term 0 for startAsFollower
2019-09-25 11:09:14,161 [pool-507-thread-1] INFO  impl.RoleInfo (RoleInfo.java:updateAndGet(143)) - 4cceff1e-2c3f-451c-8b62-7d06bcf43963: start FollowerState
2019-09-25 11:09:14,161 [pool-507-thread-1] INFO  util.JmxRegister (JmxRegister.java:tryRegister(44)) - Successfully registered JMX Bean with object name Ratis:service=RaftServer,group=group-FED2755EAF26,id=4cceff1e-2c3f-451c-8b62-7d06bcf43963
2019-09-25 11:09:14,163 [RatisPipelineUtilsThread] INFO  pipeline.PipelineStateManager (PipelineStateManager.java:addPipeline(56)) - Created pipeline Pipeline[ Id: 26b805ad-662e-420a-a7e9-fed2755eaf26, Nodes: 4cceff1e-2c3f-451c-8b62-7d06bcf43963{ip: 192.168.30.6, host: pr-hdds-1569-5gmkr-4255264070, networkLocation: /default-rack, certSerialId: null}, Type:RATIS, Factor:ONE, State:OPEN]
2019-09-25 11:09:14,166 [grpc-default-executor-1] INFO  impl.RaftServerProxy (RaftServerProxy.java:addNew(89)) - 4cceff1e-2c3f-451c-8b62-7d06bcf43963: addNew group-E749D3C8A619:[4cceff1e-2c3f-451c-8b62-7d06bcf43963:192.168.30.6:43389] returns group-E749D3C8A619:java.util.concurrent.CompletableFuture@1e06cb0[Not completed]
2019-09-25 11:09:14,166 [IPC Server handler 1 on 36723] INFO  net.NetworkTopology (NetworkTopologyImpl.java:add(111)) - Added a new node: /default-rack/1dbf52be-8f16-49fd-bad6-8089f3318926
2019-09-25 11:09:14,166 [pool-507-thread-1] INFO  impl.RaftServerImpl (RaftServerImpl.java:<init>(95)) - 4cceff1e-2c3f-451c-8b62-7d06bcf43963: new RaftServerImpl for group-E749D3C8A619:[4cceff1e-2c3f-451c-8b62-7d06bcf43963:192.168.30.6:43389] with ContainerStateMachine:uninitialized
2019-09-25 11:09:14,166 [IPC Server handler 1 on 36723] INFO  node.SCMNodeManager (SCMNodeManager.java:register(266)) - Registered Data node : 1dbf52be-8f16-49fd-bad6-8089f3318926{ip: 192.168.30.6, host: pr-hdds-1569-5gmkr-4255264070, networkLocation: /default-rack, certSerialId: null}
2019-09-25 11:09:14,167 [pool-507-thread-1] INFO  server.RaftServerConfigKeys (ConfUtils.java:logGet(43)) - raft.server.rpc.timeout.min = 5s (custom)
2019-09-25 11:09:14,167 [pool-507-thread-1] INFO  server.RaftServerConfigKeys (ConfUtils.java:logGet(43)) - raft.server.rpc.timeout.max = 5200ms (custom)
2019-09-25 11:09:14,167 [pool-507-thread-1] INFO  server.RaftServerConfigKeys (ConfUtils.java:logGet(43)) - raft.server.rpcslowness.timeout = 120s (custom)
2019-09-25 11:09:14,167 [pool-507-thread-1] INFO  server.RaftServerConfigKeys (ConfUtils.java:logGet(43)) - raft.server.sleep.deviation.threshold = 300 (default)
2019-09-25 11:09:14,167 [pool-507-thread-1] INFO  server.RaftServerConfigKeys (ConfUtils.java:logGet(43)) - raft.server.log.appender.install.snapshot.enabled = false (custom)
2019-09-25 11:09:14,167 [pool-507-thread-1] INFO  impl.RaftServerImpl (ServerState.java:<init>(103)) - 4cceff1e-2c3f-451c-8b62-7d06bcf43963@group-E749D3C8A619: ConfigurationManager, init=-1: [4cceff1e-2c3f-451c-8b62-7d06bcf43963:192.168.30.6:43389], old=null, confs=<EMPTY_MAP>
2019-09-25 11:09:14,167 [pool-507-thread-1] INFO  server.RaftServerConfigKeys (ConfUtils.java:logGet(43)) - raft.server.storage.dir = [/workdir/hadoop-ozone/integration-test/target/test-dir/MiniOzoneClusterImpl-4b1c6350-cd3e-4172-b7a0-e9c66394f836/datanode-1/data/ratis] (custom)
2019-09-25 11:09:14,167 [pool-507-thread-1] INFO  storage.RaftStorageDirectory (RaftStorageDirectory.java:analyzeStorage(246)) - The storage directory /workdir/hadoop-ozone/integration-test/target/test-dir/MiniOzoneClusterImpl-4b1c6350-cd3e-4172-b7a0-e9c66394f836/datanode-1/data/ratis/102df050-6cc6-4fd2-937d-e749d3c8a619 does not exist. Creating ...
2019-09-25 11:09:14,180 [pool-507-thread-1] INFO  storage.RaftStorageDirectory (RaftStorageDirectory.java:tryLock(328)) - Lock on /workdir/hadoop-ozone/integration-test/target/test-dir/MiniOzoneClusterImpl-4b1c6350-cd3e-4172-b7a0-e9c66394f836/datanode-1/data/ratis/102df050-6cc6-4fd2-937d-e749d3c8a619/in_use.lock acquired by nodename 21763@pr-hdds-1569-5gmkr-4255264070
2019-09-25 11:09:14,193 [pool-507-thread-1] INFO  storage.RaftStorage (RaftStorage.java:format(72)) - Storage directory /workdir/hadoop-ozone/integration-test/target/test-dir/MiniOzoneClusterImpl-4b1c6350-cd3e-4172-b7a0-e9c66394f836/datanode-1/data/ratis/102df050-6cc6-4fd2-937d-e749d3c8a619 has been successfully formatted.
2019-09-25 11:09:14,194 [pool-507-thread-1] INFO  ratis.ContainerStateMachine (ContainerStateMachine.java:loadSnapshot(230)) - group-E749D3C8A619: The snapshot info is null. Setting the last applied indexto:(t:0, i:~)
2019-09-25 11:09:14,194 [pool-507-thread-1] INFO  server.RaftServerConfigKeys (ConfUtils.java:logGet(43)) - raft.server.notification.no-leader.timeout = 120s (custom)
2019-09-25 11:09:14,194 [pool-507-thread-1] INFO  server.RaftServerConfigKeys (ConfUtils.java:logGet(43)) - raft.server.log.use.memory = false (default)
2019-09-25 11:09:14,194 [pool-507-thread-1] INFO  server.RaftServerConfigKeys (ConfUtils.java:logGet(43)) - raft.server.log.purge.gap = 1000000 (custom)
2019-09-25 11:09:14,194 [pool-507-thread-1] INFO  server.RaftServerConfigKeys (ConfUtils.java:logGet(43)) - raft.server.log.appender.buffer.byte-limit = 33554432 (custom)
2019-09-25 11:09:14,194 [pool-507-thread-1] INFO  server.RaftServerConfigKeys (ConfUtils.java:logGet(43)) - raft.server.log.segment.size.max = 1048576 (custom)
2019-09-25 11:09:14,194 [pool-507-thread-1] INFO  server.RaftServerConfigKeys (ConfUtils.java:logGet(43)) - raft.server.log.segment.cache.num.max = 2 (custom)
2019-09-25 11:09:14,194 [pool-507-thread-1] INFO  segmented.SegmentedRaftLogWorker (SegmentedRaftLogWorker.java:<init>(172)) - new 4cceff1e-2c3f-451c-8b62-7d06bcf43963@group-E749D3C8A619-SegmentedRaftLogWorker for RaftStorage:Storage Directory /workdir/hadoop-ozone/integration-test/target/test-dir/MiniOzoneClusterImpl-4b1c6350-cd3e-4172-b7a0-e9c66394f836/datanode-1/data/ratis/102df050-6cc6-4fd2-937d-e749d3c8a619
2019-09-25 11:09:14,194 [pool-507-thread-1] INFO  server.RaftServerConfigKeys (ConfUtils.java:logGet(43)) - raft.server.log.queue.byte-limit = 2147483647 (custom)
2019-09-25 11:09:14,194 [pool-507-thread-1] INFO  server.RaftServerConfigKeys (ConfUtils.java:logGet(43)) - raft.server.log.queue.element-limit = 1024 (custom)
2019-09-25 11:09:14,195 [pool-507-thread-1] INFO  server.RaftServerConfigKeys (ConfUtils.java:logGet(43)) - raft.server.log.segment.size.max = 1048576 (custom)
2019-09-25 11:09:14,195 [pool-507-thread-1] INFO  server.RaftServerConfigKeys (ConfUtils.java:logGet(43)) - raft.server.log.preallocated.size = 16384 (custom)
2019-09-25 11:09:14,195 [pool-507-thread-1] INFO  server.RaftServerConfigKeys (ConfUtils.java:logGet(43)) - raft.server.log.write.buffer.size = 33554432 (custom)
2019-09-25 11:09:14,195 [pool-507-thread-1] INFO  server.RaftServerConfigKeys (ConfUtils.java:logGet(43)) - raft.server.log.force.sync.num = 128 (default)
2019-09-25 11:09:14,195 [pool-507-thread-1] INFO  server.RaftServerConfigKeys (ConfUtils.java:logGet(43)) - raft.server.log.statemachine.data.sync = true (default)
2019-09-25 11:09:14,195 [pool-507-thread-1] INFO  server.RaftServerConfigKeys (ConfUtils.java:logGet(43)) - raft.server.log.statemachine.data.sync.timeout = 10s (default)
2019-09-25 11:09:14,195 [pool-507-thread-1] INFO  server.RaftServerConfigKeys (ConfUtils.java:logGet(43)) - raft.server.log.statemachine.data.sync.timeout.retry = -1 (default)
2019-09-25 11:09:14,195 [pool-507-thread-1] INFO  server.RaftServerConfigKeys (ConfUtils.java:logGet(43)) - raft.server.log.statemachine.data.caching.enabled = true (custom)
2019-09-25 11:09:14,195 [pool-507-thread-1] INFO  segmented.SegmentedRaftLogWorker (SegmentedRaftLogWorker.java:lambda$new$0(132)) - 4cceff1e-2c3f-451c-8b62-7d06bcf43963@group-E749D3C8A619-SegmentedRaftLogWorker: flushIndex: setUnconditionally 0 -> -1
2019-09-25 11:09:14,196 [pool-507-thread-1] INFO  server.RaftServerConfigKeys (ConfUtils.java:logGet(43)) - raft.server.snapshot.auto.trigger.enabled = true (custom)
2019-09-25 11:09:14,196 [pool-507-thread-1] INFO  server.RaftServerConfigKeys (ConfUtils.java:logGet(43)) - raft.server.snapshot.auto.trigger.threshold = 10000 (custom)
2019-09-25 11:09:14,196 [pool-507-thread-1] INFO  server.RaftServerConfigKeys (ConfUtils.java:logGet(43)) - raft.server.snapshot.retention.num.files = 5 (custom)
2019-09-25 11:09:14,196 [pool-507-thread-1] INFO  server.RaftServerConfigKeys (ConfUtils.java:logGet(43)) - raft.server.retrycache.expirytime = 600000ms (custom)
2019-09-25 11:09:14,197 [pool-507-thread-1] INFO  impl.RaftServerImpl (RaftServerImpl.java:start(185)) - 4cceff1e-2c3f-451c-8b62-7d06bcf43963@group-E749D3C8A619: start as a follower, conf=-1: [4cceff1e-2c3f-451c-8b62-7d06bcf43963:192.168.30.6:43389], old=null
2019-09-25 11:09:14,197 [pool-507-thread-1] INFO  impl.RaftServerImpl (RaftServerImpl.java:setRole(174)) - 4cceff1e-2c3f-451c-8b62-7d06bcf43963@group-E749D3C8A619: changes role from      null to FOLLOWER at term 0 for startAsFollower
2019-09-25 11:09:14,197 [pool-507-thread-1] INFO  impl.RoleInfo (RoleInfo.java:updateAndGet(143)) - 4cceff1e-2c3f-451c-8b62-7d06bcf43963: start FollowerState
2019-09-25 11:09:14,197 [pool-507-thread-1] INFO  util.JmxRegister (JmxRegister.java:tryRegister(44)) - Successfully registered JMX Bean with object name Ratis:service=RaftServer,group=group-E749D3C8A619,id=4cceff1e-2c3f-451c-8b62-7d06bcf43963
2019-09-25 11:09:14,199 [RatisPipelineUtilsThread] INFO  pipeline.PipelineStateManager (PipelineStateManager.java:addPipeline(56)) - Created pipeline Pipeline[ Id: 102df050-6cc6-4fd2-937d-e749d3c8a619, Nodes: 4cceff1e-2c3f-451c-8b62-7d06bcf43963{ip: 192.168.30.6, host: pr-hdds-1569-5gmkr-4255264070, networkLocation: /default-rack, certSerialId: null}, Type:RATIS, Factor:ONE, State:OPEN]
2019-09-25 11:09:14,202 [grpc-default-executor-1] INFO  impl.RaftServerProxy (RaftServerProxy.java:addNew(89)) - 97301ee4-d551-4dc8-86de-1a37740aeeca: addNew group-849CD78DD736:[97301ee4-d551-4dc8-86de-1a37740aeeca:192.168.30.6:39526] returns group-849CD78DD736:java.util.concurrent.CompletableFuture@13b5711a[Not completed]
2019-09-25 11:09:14,202 [pool-517-thread-1] INFO  impl.RaftServerImpl (RaftServerImpl.java:<init>(95)) - 97301ee4-d551-4dc8-86de-1a37740aeeca: new RaftServerImpl for group-849CD78DD736:[97301ee4-d551-4dc8-86de-1a37740aeeca:192.168.30.6:39526] with ContainerStateMachine:uninitialized
2019-09-25 11:09:14,203 [pool-517-thread-1] INFO  server.RaftServerConfigKeys (ConfUtils.java:logGet(43)) - raft.server.rpc.timeout.min = 5s (custom)
2019-09-25 11:09:14,203 [pool-517-thread-1] INFO  server.RaftServerConfigKeys (ConfUtils.java:logGet(43)) - raft.server.rpc.timeout.max = 5200ms (custom)
2019-09-25 11:09:14,203 [pool-517-thread-1] INFO  server.RaftServerConfigKeys (ConfUtils.java:logGet(43)) - raft.server.rpcslowness.timeout = 120s (custom)
2019-09-25 11:09:14,203 [pool-517-thread-1] INFO  server.RaftServerConfigKeys (ConfUtils.java:logGet(43)) - raft.server.sleep.deviation.threshold = 300 (default)
2019-09-25 11:09:14,203 [pool-517-thread-1] INFO  server.RaftServerConfigKeys (ConfUtils.java:logGet(43)) - raft.server.log.appender.install.snapshot.enabled = false (custom)
2019-09-25 11:09:14,203 [pool-517-thread-1] INFO  impl.RaftServerImpl (ServerState.java:<init>(103)) - 97301ee4-d551-4dc8-86de-1a37740aeeca@group-849CD78DD736: ConfigurationManager, init=-1: [97301ee4-d551-4dc8-86de-1a37740aeeca:192.168.30.6:39526], old=null, confs=<EMPTY_MAP>
2019-09-25 11:09:14,203 [pool-517-thread-1] INFO  server.RaftServerConfigKeys (ConfUtils.java:logGet(43)) - raft.server.storage.dir = [/workdir/hadoop-ozone/integration-test/target/test-dir/MiniOzoneClusterImpl-4b1c6350-cd3e-4172-b7a0-e9c66394f836/datanode-2/data/ratis] (custom)
2019-09-25 11:09:14,203 [pool-517-thread-1] INFO  storage.RaftStorageDirectory (RaftStorageDirectory.java:analyzeStorage(246)) - The storage directory /workdir/hadoop-ozone/integration-test/target/test-dir/MiniOzoneClusterImpl-4b1c6350-cd3e-4172-b7a0-e9c66394f836/datanode-2/data/ratis/f7b7d518-75be-4df3-b710-849cd78dd736 does not exist. Creating ...
2019-09-25 11:09:14,216 [pool-517-thread-1] INFO  storage.RaftStorageDirectory (RaftStorageDirectory.java:tryLock(328)) - Lock on /workdir/hadoop-ozone/integration-test/target/test-dir/MiniOzoneClusterImpl-4b1c6350-cd3e-4172-b7a0-e9c66394f836/datanode-2/data/ratis/f7b7d518-75be-4df3-b710-849cd78dd736/in_use.lock acquired by nodename 21763@pr-hdds-1569-5gmkr-4255264070
2019-09-25 11:09:14,229 [pool-517-thread-1] INFO  storage.RaftStorage (RaftStorage.java:format(72)) - Storage directory /workdir/hadoop-ozone/integration-test/target/test-dir/MiniOzoneClusterImpl-4b1c6350-cd3e-4172-b7a0-e9c66394f836/datanode-2/data/ratis/f7b7d518-75be-4df3-b710-849cd78dd736 has been successfully formatted.
2019-09-25 11:09:14,229 [pool-517-thread-1] INFO  ratis.ContainerStateMachine (ContainerStateMachine.java:loadSnapshot(230)) - group-849CD78DD736: The snapshot info is null. Setting the last applied indexto:(t:0, i:~)
2019-09-25 11:09:14,229 [pool-517-thread-1] INFO  server.RaftServerConfigKeys (ConfUtils.java:logGet(43)) - raft.server.notification.no-leader.timeout = 120s (custom)
2019-09-25 11:09:14,230 [pool-517-thread-1] INFO  server.RaftServerConfigKeys (ConfUtils.java:logGet(43)) - raft.server.log.use.memory = false (default)
2019-09-25 11:09:14,230 [pool-517-thread-1] INFO  server.RaftServerConfigKeys (ConfUtils.java:logGet(43)) - raft.server.log.purge.gap = 1000000 (custom)
2019-09-25 11:09:14,230 [pool-517-thread-1] INFO  server.RaftServerConfigKeys (ConfUtils.java:logGet(43)) - raft.server.log.appender.buffer.byte-limit = 33554432 (custom)
2019-09-25 11:09:14,230 [pool-517-thread-1] INFO  server.RaftServerConfigKeys (ConfUtils.java:logGet(43)) - raft.server.log.segment.size.max = 1048576 (custom)
2019-09-25 11:09:14,230 [pool-517-thread-1] INFO  server.RaftServerConfigKeys (ConfUtils.java:logGet(43)) - raft.server.log.segment.cache.num.max = 2 (custom)
2019-09-25 11:09:14,230 [pool-517-thread-1] INFO  segmented.SegmentedRaftLogWorker (SegmentedRaftLogWorker.java:<init>(172)) - new 97301ee4-d551-4dc8-86de-1a37740aeeca@group-849CD78DD736-SegmentedRaftLogWorker for RaftStorage:Storage Directory /workdir/hadoop-ozone/integration-test/target/test-dir/MiniOzoneClusterImpl-4b1c6350-cd3e-4172-b7a0-e9c66394f836/datanode-2/data/ratis/f7b7d518-75be-4df3-b710-849cd78dd736
2019-09-25 11:09:14,230 [pool-517-thread-1] INFO  server.RaftServerConfigKeys (ConfUtils.java:logGet(43)) - raft.server.log.queue.byte-limit = 2147483647 (custom)
2019-09-25 11:09:14,230 [pool-517-thread-1] INFO  server.RaftServerConfigKeys (ConfUtils.java:logGet(43)) - raft.server.log.queue.element-limit = 1024 (custom)
2019-09-25 11:09:14,230 [pool-517-thread-1] INFO  server.RaftServerConfigKeys (ConfUtils.java:logGet(43)) - raft.server.log.segment.size.max = 1048576 (custom)
2019-09-25 11:09:14,231 [pool-517-thread-1] INFO  server.RaftServerConfigKeys (ConfUtils.java:logGet(43)) - raft.server.log.preallocated.size = 16384 (custom)
2019-09-25 11:09:14,231 [pool-517-thread-1] INFO  server.RaftServerConfigKeys (ConfUtils.java:logGet(43)) - raft.server.log.write.buffer.size = 33554432 (custom)
2019-09-25 11:09:14,231 [pool-517-thread-1] INFO  server.RaftServerConfigKeys (ConfUtils.java:logGet(43)) - raft.server.log.force.sync.num = 128 (default)
2019-09-25 11:09:14,231 [pool-517-thread-1] INFO  server.RaftServerConfigKeys (ConfUtils.java:logGet(43)) - raft.server.log.statemachine.data.sync = true (default)
2019-09-25 11:09:14,231 [pool-517-thread-1] INFO  server.RaftServerConfigKeys (ConfUtils.java:logGet(43)) - raft.server.log.statemachine.data.sync.timeout = 10s (default)
2019-09-25 11:09:14,231 [pool-517-thread-1] INFO  server.RaftServerConfigKeys (ConfUtils.java:logGet(43)) - raft.server.log.statemachine.data.sync.timeout.retry = -1 (default)
2019-09-25 11:09:14,231 [pool-517-thread-1] INFO  server.RaftServerConfigKeys (ConfUtils.java:logGet(43)) - raft.server.log.statemachine.data.caching.enabled = true (custom)
2019-09-25 11:09:14,232 [pool-517-thread-1] INFO  segmented.SegmentedRaftLogWorker (SegmentedRaftLogWorker.java:lambda$new$0(132)) - 97301ee4-d551-4dc8-86de-1a37740aeeca@group-849CD78DD736-SegmentedRaftLogWorker: flushIndex: setUnconditionally 0 -> -1
2019-09-25 11:09:14,232 [pool-517-thread-1] INFO  server.RaftServerConfigKeys (ConfUtils.java:logGet(43)) - raft.server.snapshot.auto.trigger.enabled = true (custom)
2019-09-25 11:09:14,232 [pool-517-thread-1] INFO  server.RaftServerConfigKeys (ConfUtils.java:logGet(43)) - raft.server.snapshot.auto.trigger.threshold = 10000 (custom)
2019-09-25 11:09:14,232 [pool-517-thread-1] INFO  server.RaftServerConfigKeys (ConfUtils.java:logGet(43)) - raft.server.snapshot.retention.num.files = 5 (custom)
2019-09-25 11:09:14,232 [pool-517-thread-1] INFO  server.RaftServerConfigKeys (ConfUtils.java:logGet(43)) - raft.server.retrycache.expirytime = 600000ms (custom)
2019-09-25 11:09:14,233 [pool-517-thread-1] INFO  impl.RaftServerImpl (RaftServerImpl.java:start(185)) - 97301ee4-d551-4dc8-86de-1a37740aeeca@group-849CD78DD736: start as a follower, conf=-1: [97301ee4-d551-4dc8-86de-1a37740aeeca:192.168.30.6:39526], old=null
2019-09-25 11:09:14,234 [pool-517-thread-1] INFO  impl.RaftServerImpl (RaftServerImpl.java:setRole(174)) - 97301ee4-d551-4dc8-86de-1a37740aeeca@group-849CD78DD736: changes role from      null to FOLLOWER at term 0 for startAsFollower
2019-09-25 11:09:14,234 [pool-517-thread-1] INFO  impl.RoleInfo (RoleInfo.java:updateAndGet(143)) - 97301ee4-d551-4dc8-86de-1a37740aeeca: start FollowerState
2019-09-25 11:09:14,234 [pool-517-thread-1] INFO  util.JmxRegister (JmxRegister.java:tryRegister(44)) - Successfully registered JMX Bean with object name Ratis:service=RaftServer,group=group-849CD78DD736,id=97301ee4-d551-4dc8-86de-1a37740aeeca
2019-09-25 11:09:14,236 [RatisPipelineUtilsThread] INFO  pipeline.PipelineStateManager (PipelineStateManager.java:addPipeline(56)) - Created pipeline Pipeline[ Id: f7b7d518-75be-4df3-b710-849cd78dd736, Nodes: 97301ee4-d551-4dc8-86de-1a37740aeeca{ip: 192.168.30.6, host: pr-hdds-1569-5gmkr-4255264070, networkLocation: /default-rack, certSerialId: null}, Type:RATIS, Factor:ONE, State:OPEN]
2019-09-25 11:09:14,239 [grpc-default-executor-1] INFO  impl.RaftServerProxy (RaftServerProxy.java:addNew(89)) - a8823747-7b39-4599-aab8-abab9e384ab8: addNew group-A7339FE7A43E:[a8823747-7b39-4599-aab8-abab9e384ab8:192.168.30.6:44788] returns group-A7339FE7A43E:java.util.concurrent.CompletableFuture@2ec7fe15[Not completed]
2019-09-25 11:09:14,239 [pool-497-thread-1] INFO  impl.RaftServerImpl (RaftServerImpl.java:<init>(95)) - a8823747-7b39-4599-aab8-abab9e384ab8: new RaftServerImpl for group-A7339FE7A43E:[a8823747-7b39-4599-aab8-abab9e384ab8:192.168.30.6:44788] with ContainerStateMachine:uninitialized
2019-09-25 11:09:14,239 [pool-497-thread-1] INFO  server.RaftServerConfigKeys (ConfUtils.java:logGet(43)) - raft.server.rpc.timeout.min = 5s (custom)
2019-09-25 11:09:14,240 [pool-497-thread-1] INFO  server.RaftServerConfigKeys (ConfUtils.java:logGet(43)) - raft.server.rpc.timeout.max = 5200ms (custom)
2019-09-25 11:09:14,240 [pool-497-thread-1] INFO  server.RaftServerConfigKeys (ConfUtils.java:logGet(43)) - raft.server.rpcslowness.timeout = 120s (custom)
2019-09-25 11:09:14,240 [pool-497-thread-1] INFO  server.RaftServerConfigKeys (ConfUtils.java:logGet(43)) - raft.server.sleep.deviation.threshold = 300 (default)
2019-09-25 11:09:14,240 [pool-497-thread-1] INFO  server.RaftServerConfigKeys (ConfUtils.java:logGet(43)) - raft.server.log.appender.install.snapshot.enabled = false (custom)
2019-09-25 11:09:14,240 [pool-497-thread-1] INFO  impl.RaftServerImpl (ServerState.java:<init>(103)) - a8823747-7b39-4599-aab8-abab9e384ab8@group-A7339FE7A43E: ConfigurationManager, init=-1: [a8823747-7b39-4599-aab8-abab9e384ab8:192.168.30.6:44788], old=null, confs=<EMPTY_MAP>
2019-09-25 11:09:14,240 [pool-497-thread-1] INFO  server.RaftServerConfigKeys (ConfUtils.java:logGet(43)) - raft.server.storage.dir = [/workdir/hadoop-ozone/integration-test/target/test-dir/MiniOzoneClusterImpl-4b1c6350-cd3e-4172-b7a0-e9c66394f836/datanode-0/data/ratis] (custom)
2019-09-25 11:09:14,241 [pool-497-thread-1] INFO  storage.RaftStorageDirectory (RaftStorageDirectory.java:analyzeStorage(246)) - The storage directory /workdir/hadoop-ozone/integration-test/target/test-dir/MiniOzoneClusterImpl-4b1c6350-cd3e-4172-b7a0-e9c66394f836/datanode-0/data/ratis/70158e66-e44f-459d-af57-a7339fe7a43e does not exist. Creating ...
2019-09-25 11:09:14,253 [pool-497-thread-1] INFO  storage.RaftStorageDirectory (RaftStorageDirectory.java:tryLock(328)) - Lock on /workdir/hadoop-ozone/integration-test/target/test-dir/MiniOzoneClusterImpl-4b1c6350-cd3e-4172-b7a0-e9c66394f836/datanode-0/data/ratis/70158e66-e44f-459d-af57-a7339fe7a43e/in_use.lock acquired by nodename 21763@pr-hdds-1569-5gmkr-4255264070
2019-09-25 11:09:14,256 [pool-497-thread-1] INFO  storage.RaftStorage (RaftStorage.java:format(72)) - Storage directory /workdir/hadoop-ozone/integration-test/target/test-dir/MiniOzoneClusterImpl-4b1c6350-cd3e-4172-b7a0-e9c66394f836/datanode-0/data/ratis/70158e66-e44f-459d-af57-a7339fe7a43e has been successfully formatted.
2019-09-25 11:09:14,256 [pool-497-thread-1] INFO  ratis.ContainerStateMachine (ContainerStateMachine.java:loadSnapshot(230)) - group-A7339FE7A43E: The snapshot info is null. Setting the last applied indexto:(t:0, i:~)
2019-09-25 11:09:14,256 [pool-497-thread-1] INFO  server.RaftServerConfigKeys (ConfUtils.java:logGet(43)) - raft.server.notification.no-leader.timeout = 120s (custom)
2019-09-25 11:09:14,256 [pool-497-thread-1] INFO  server.RaftServerConfigKeys (ConfUtils.java:logGet(43)) - raft.server.log.use.memory = false (default)
2019-09-25 11:09:14,256 [pool-497-thread-1] INFO  server.RaftServerConfigKeys (ConfUtils.java:logGet(43)) - raft.server.log.purge.gap = 1000000 (custom)
2019-09-25 11:09:14,256 [pool-497-thread-1] INFO  server.RaftServerConfigKeys (ConfUtils.java:logGet(43)) - raft.server.log.appender.buffer.byte-limit = 33554432 (custom)
2019-09-25 11:09:14,256 [pool-497-thread-1] INFO  server.RaftServerConfigKeys (ConfUtils.java:logGet(43)) - raft.server.log.segment.size.max = 1048576 (custom)
2019-09-25 11:09:14,256 [pool-497-thread-1] INFO  server.RaftServerConfigKeys (ConfUtils.java:logGet(43)) - raft.server.log.segment.cache.num.max = 2 (custom)
2019-09-25 11:09:14,256 [pool-497-thread-1] INFO  segmented.SegmentedRaftLogWorker (SegmentedRaftLogWorker.java:<init>(172)) - new a8823747-7b39-4599-aab8-abab9e384ab8@group-A7339FE7A43E-SegmentedRaftLogWorker for RaftStorage:Storage Directory /workdir/hadoop-ozone/integration-test/target/test-dir/MiniOzoneClusterImpl-4b1c6350-cd3e-4172-b7a0-e9c66394f836/datanode-0/data/ratis/70158e66-e44f-459d-af57-a7339fe7a43e
2019-09-25 11:09:14,256 [pool-497-thread-1] INFO  server.RaftServerConfigKeys (ConfUtils.java:logGet(43)) - raft.server.log.queue.byte-limit = 2147483647 (custom)
2019-09-25 11:09:14,257 [pool-497-thread-1] INFO  server.RaftServerConfigKeys (ConfUtils.java:logGet(43)) - raft.server.log.queue.element-limit = 1024 (custom)
2019-09-25 11:09:14,257 [pool-497-thread-1] INFO  server.RaftServerConfigKeys (ConfUtils.java:logGet(43)) - raft.server.log.segment.size.max = 1048576 (custom)
2019-09-25 11:09:14,257 [pool-497-thread-1] INFO  server.RaftServerConfigKeys (ConfUtils.java:logGet(43)) - raft.server.log.preallocated.size = 16384 (custom)
2019-09-25 11:09:14,257 [pool-497-thread-1] INFO  server.RaftServerConfigKeys (ConfUtils.java:logGet(43)) - raft.server.log.write.buffer.size = 33554432 (custom)
2019-09-25 11:09:14,257 [pool-497-thread-1] INFO  server.RaftServerConfigKeys (ConfUtils.java:logGet(43)) - raft.server.log.force.sync.num = 128 (default)
2019-09-25 11:09:14,257 [pool-497-thread-1] INFO  server.RaftServerConfigKeys (ConfUtils.java:logGet(43)) - raft.server.log.statemachine.data.sync = true (default)
2019-09-25 11:09:14,257 [pool-497-thread-1] INFO  server.RaftServerConfigKeys (ConfUtils.java:logGet(43)) - raft.server.log.statemachine.data.sync.timeout = 10s (default)
2019-09-25 11:09:14,257 [pool-497-thread-1] INFO  server.RaftServerConfigKeys (ConfUtils.java:logGet(43)) - raft.server.log.statemachine.data.sync.timeout.retry = -1 (default)
2019-09-25 11:09:14,257 [pool-497-thread-1] INFO  server.RaftServerConfigKeys (ConfUtils.java:logGet(43)) - raft.server.log.statemachine.data.caching.enabled = true (custom)
2019-09-25 11:09:14,257 [pool-497-thread-1] INFO  segmented.SegmentedRaftLogWorker (SegmentedRaftLogWorker.java:lambda$new$0(132)) - a8823747-7b39-4599-aab8-abab9e384ab8@group-A7339FE7A43E-SegmentedRaftLogWorker: flushIndex: setUnconditionally 0 -> -1
2019-09-25 11:09:14,258 [pool-497-thread-1] INFO  server.RaftServerConfigKeys (ConfUtils.java:logGet(43)) - raft.server.snapshot.auto.trigger.enabled = true (custom)
2019-09-25 11:09:14,258 [pool-497-thread-1] INFO  server.RaftServerConfigKeys (ConfUtils.java:logGet(43)) - raft.server.snapshot.auto.trigger.threshold = 10000 (custom)
2019-09-25 11:09:14,258 [pool-497-thread-1] INFO  server.RaftServerConfigKeys (ConfUtils.java:logGet(43)) - raft.server.snapshot.retention.num.files = 5 (custom)
2019-09-25 11:09:14,258 [pool-497-thread-1] INFO  server.RaftServerConfigKeys (ConfUtils.java:logGet(43)) - raft.server.retrycache.expirytime = 600000ms (custom)
2019-09-25 11:09:14,259 [pool-497-thread-1] INFO  impl.RaftServerImpl (RaftServerImpl.java:start(185)) - a8823747-7b39-4599-aab8-abab9e384ab8@group-A7339FE7A43E: start as a follower, conf=-1: [a8823747-7b39-4599-aab8-abab9e384ab8:192.168.30.6:44788], old=null
2019-09-25 11:09:14,259 [pool-497-thread-1] INFO  impl.RaftServerImpl (RaftServerImpl.java:setRole(174)) - a8823747-7b39-4599-aab8-abab9e384ab8@group-A7339FE7A43E: changes role from      null to FOLLOWER at term 0 for startAsFollower
2019-09-25 11:09:14,259 [pool-497-thread-1] INFO  impl.RoleInfo (RoleInfo.java:updateAndGet(143)) - a8823747-7b39-4599-aab8-abab9e384ab8: start FollowerState
2019-09-25 11:09:14,259 [pool-497-thread-1] INFO  util.JmxRegister (JmxRegister.java:tryRegister(44)) - Successfully registered JMX Bean with object name Ratis:service=RaftServer,group=group-A7339FE7A43E,id=a8823747-7b39-4599-aab8-abab9e384ab8
2019-09-25 11:09:14,261 [RatisPipelineUtilsThread] INFO  pipeline.PipelineStateManager (PipelineStateManager.java:addPipeline(56)) - Created pipeline Pipeline[ Id: 70158e66-e44f-459d-af57-a7339fe7a43e, Nodes: a8823747-7b39-4599-aab8-abab9e384ab8{ip: 192.168.30.6, host: pr-hdds-1569-5gmkr-4255264070, networkLocation: /default-rack, certSerialId: null}, Type:RATIS, Factor:ONE, State:OPEN]
2019-09-25 11:09:14,263 [IPC Server handler 2 on 36723] INFO  net.NetworkTopology (NetworkTopologyImpl.java:add(111)) - Added a new node: /default-rack/0b8a7ff0-298a-4c7b-84aa-a28921900e21
2019-09-25 11:09:14,263 [IPC Server handler 2 on 36723] INFO  node.SCMNodeManager (SCMNodeManager.java:register(266)) - Registered Data node : 0b8a7ff0-298a-4c7b-84aa-a28921900e21{ip: 192.168.30.6, host: pr-hdds-1569-5gmkr-4255264070, networkLocation: /default-rack, certSerialId: null}
2019-09-25 11:09:14,268 [grpc-default-executor-1] INFO  impl.RaftServerProxy (RaftServerProxy.java:addNew(89)) - 0ce03005-f534-496c-a0eb-c417dd14ba94: addNew group-6D0F0AC35B11:[0ce03005-f534-496c-a0eb-c417dd14ba94:192.168.30.6:34724] returns group-6D0F0AC35B11:java.util.concurrent.CompletableFuture@dcf4da[Not completed]
2019-09-25 11:09:14,269 [pool-527-thread-1] INFO  impl.RaftServerImpl (RaftServerImpl.java:<init>(95)) - 0ce03005-f534-496c-a0eb-c417dd14ba94: new RaftServerImpl for group-6D0F0AC35B11:[0ce03005-f534-496c-a0eb-c417dd14ba94:192.168.30.6:34724] with ContainerStateMachine:uninitialized
2019-09-25 11:09:14,269 [pool-527-thread-1] INFO  server.RaftServerConfigKeys (ConfUtils.java:logGet(43)) - raft.server.rpc.timeout.min = 5s (custom)
2019-09-25 11:09:14,269 [pool-527-thread-1] INFO  server.RaftServerConfigKeys (ConfUtils.java:logGet(43)) - raft.server.rpc.timeout.max = 5200ms (custom)
2019-09-25 11:09:14,269 [pool-527-thread-1] INFO  server.RaftServerConfigKeys (ConfUtils.java:logGet(43)) - raft.server.rpcslowness.timeout = 120s (custom)
2019-09-25 11:09:14,270 [pool-527-thread-1] INFO  server.RaftServerConfigKeys (ConfUtils.java:logGet(43)) - raft.server.sleep.deviation.threshold = 300 (default)
2019-09-25 11:09:14,270 [pool-527-thread-1] INFO  server.RaftServerConfigKeys (ConfUtils.java:logGet(43)) - raft.server.log.appender.install.snapshot.enabled = false (custom)
2019-09-25 11:09:14,270 [pool-527-thread-1] INFO  impl.RaftServerImpl (ServerState.java:<init>(103)) - 0ce03005-f534-496c-a0eb-c417dd14ba94@group-6D0F0AC35B11: ConfigurationManager, init=-1: [0ce03005-f534-496c-a0eb-c417dd14ba94:192.168.30.6:34724], old=null, confs=<EMPTY_MAP>
2019-09-25 11:09:14,270 [pool-527-thread-1] INFO  server.RaftServerConfigKeys (ConfUtils.java:logGet(43)) - raft.server.storage.dir = [/workdir/hadoop-ozone/integration-test/target/test-dir/MiniOzoneClusterImpl-4b1c6350-cd3e-4172-b7a0-e9c66394f836/datanode-3/data/ratis] (custom)
2019-09-25 11:09:14,270 [pool-527-thread-1] INFO  storage.RaftStorageDirectory (RaftStorageDirectory.java:analyzeStorage(246)) - The storage directory /workdir/hadoop-ozone/integration-test/target/test-dir/MiniOzoneClusterImpl-4b1c6350-cd3e-4172-b7a0-e9c66394f836/datanode-3/data/ratis/a6981152-8f55-4808-a1c7-6d0f0ac35b11 does not exist. Creating ...
2019-09-25 11:09:14,283 [pool-527-thread-1] INFO  storage.RaftStorageDirectory (RaftStorageDirectory.java:tryLock(328)) - Lock on /workdir/hadoop-ozone/integration-test/target/test-dir/MiniOzoneClusterImpl-4b1c6350-cd3e-4172-b7a0-e9c66394f836/datanode-3/data/ratis/a6981152-8f55-4808-a1c7-6d0f0ac35b11/in_use.lock acquired by nodename 21763@pr-hdds-1569-5gmkr-4255264070
2019-09-25 11:09:14,296 [pool-527-thread-1] INFO  storage.RaftStorage (RaftStorage.java:format(72)) - Storage directory /workdir/hadoop-ozone/integration-test/target/test-dir/MiniOzoneClusterImpl-4b1c6350-cd3e-4172-b7a0-e9c66394f836/datanode-3/data/ratis/a6981152-8f55-4808-a1c7-6d0f0ac35b11 has been successfully formatted.
2019-09-25 11:09:14,296 [pool-527-thread-1] INFO  ratis.ContainerStateMachine (ContainerStateMachine.java:loadSnapshot(230)) - group-6D0F0AC35B11: The snapshot info is null. Setting the last applied indexto:(t:0, i:~)
2019-09-25 11:09:14,296 [pool-527-thread-1] INFO  server.RaftServerConfigKeys (ConfUtils.java:logGet(43)) - raft.server.notification.no-leader.timeout = 120s (custom)
2019-09-25 11:09:14,296 [pool-527-thread-1] INFO  server.RaftServerConfigKeys (ConfUtils.java:logGet(43)) - raft.server.log.use.memory = false (default)
2019-09-25 11:09:14,296 [pool-527-thread-1] INFO  server.RaftServerConfigKeys (ConfUtils.java:logGet(43)) - raft.server.log.purge.gap = 1000000 (custom)
2019-09-25 11:09:14,296 [pool-527-thread-1] INFO  server.RaftServerConfigKeys (ConfUtils.java:logGet(43)) - raft.server.log.appender.buffer.byte-limit = 33554432 (custom)
2019-09-25 11:09:14,296 [pool-527-thread-1] INFO  server.RaftServerConfigKeys (ConfUtils.java:logGet(43)) - raft.server.log.segment.size.max = 1048576 (custom)
2019-09-25 11:09:14,297 [pool-527-thread-1] INFO  server.RaftServerConfigKeys (ConfUtils.java:logGet(43)) - raft.server.log.segment.cache.num.max = 2 (custom)
2019-09-25 11:09:14,297 [pool-527-thread-1] INFO  segmented.SegmentedRaftLogWorker (SegmentedRaftLogWorker.java:<init>(172)) - new 0ce03005-f534-496c-a0eb-c417dd14ba94@group-6D0F0AC35B11-SegmentedRaftLogWorker for RaftStorage:Storage Directory /workdir/hadoop-ozone/integration-test/target/test-dir/MiniOzoneClusterImpl-4b1c6350-cd3e-4172-b7a0-e9c66394f836/datanode-3/data/ratis/a6981152-8f55-4808-a1c7-6d0f0ac35b11
2019-09-25 11:09:14,298 [pool-527-thread-1] INFO  server.RaftServerConfigKeys (ConfUtils.java:logGet(43)) - raft.server.log.queue.byte-limit = 2147483647 (custom)
2019-09-25 11:09:14,298 [pool-527-thread-1] INFO  server.RaftServerConfigKeys (ConfUtils.java:logGet(43)) - raft.server.log.queue.element-limit = 1024 (custom)
2019-09-25 11:09:14,298 [pool-527-thread-1] INFO  server.RaftServerConfigKeys (ConfUtils.java:logGet(43)) - raft.server.log.segment.size.max = 1048576 (custom)
2019-09-25 11:09:14,298 [pool-527-thread-1] INFO  server.RaftServerConfigKeys (ConfUtils.java:logGet(43)) - raft.server.log.preallocated.size = 16384 (custom)
2019-09-25 11:09:14,299 [pool-527-thread-1] INFO  server.RaftServerConfigKeys (ConfUtils.java:logGet(43)) - raft.server.log.write.buffer.size = 33554432 (custom)
2019-09-25 11:09:14,299 [pool-527-thread-1] INFO  server.RaftServerConfigKeys (ConfUtils.java:logGet(43)) - raft.server.log.force.sync.num = 128 (default)
2019-09-25 11:09:14,299 [pool-527-thread-1] INFO  server.RaftServerConfigKeys (ConfUtils.java:logGet(43)) - raft.server.log.statemachine.data.sync = true (default)
2019-09-25 11:09:14,299 [pool-527-thread-1] INFO  server.RaftServerConfigKeys (ConfUtils.java:logGet(43)) - raft.server.log.statemachine.data.sync.timeout = 10s (default)
2019-09-25 11:09:14,299 [pool-527-thread-1] INFO  server.RaftServerConfigKeys (ConfUtils.java:logGet(43)) - raft.server.log.statemachine.data.sync.timeout.retry = -1 (default)
2019-09-25 11:09:14,299 [pool-527-thread-1] INFO  server.RaftServerConfigKeys (ConfUtils.java:logGet(43)) - raft.server.log.statemachine.data.caching.enabled = true (custom)
2019-09-25 11:09:14,299 [pool-527-thread-1] INFO  segmented.SegmentedRaftLogWorker (SegmentedRaftLogWorker.java:lambda$new$0(132)) - 0ce03005-f534-496c-a0eb-c417dd14ba94@group-6D0F0AC35B11-SegmentedRaftLogWorker: flushIndex: setUnconditionally 0 -> -1
2019-09-25 11:09:14,300 [pool-527-thread-1] INFO  server.RaftServerConfigKeys (ConfUtils.java:logGet(43)) - raft.server.snapshot.auto.trigger.enabled = true (custom)
2019-09-25 11:09:14,300 [pool-527-thread-1] INFO  server.RaftServerConfigKeys (ConfUtils.java:logGet(43)) - raft.server.snapshot.auto.trigger.threshold = 10000 (custom)
2019-09-25 11:09:14,300 [pool-527-thread-1] INFO  server.RaftServerConfigKeys (ConfUtils.java:logGet(43)) - raft.server.snapshot.retention.num.files = 5 (custom)
2019-09-25 11:09:14,300 [pool-527-thread-1] INFO  server.RaftServerConfigKeys (ConfUtils.java:logGet(43)) - raft.server.retrycache.expirytime = 600000ms (custom)
2019-09-25 11:09:14,301 [pool-527-thread-1] INFO  impl.RaftServerImpl (RaftServerImpl.java:start(185)) - 0ce03005-f534-496c-a0eb-c417dd14ba94@group-6D0F0AC35B11: start as a follower, conf=-1: [0ce03005-f534-496c-a0eb-c417dd14ba94:192.168.30.6:34724], old=null
2019-09-25 11:09:14,302 [pool-527-thread-1] INFO  impl.RaftServerImpl (RaftServerImpl.java:setRole(174)) - 0ce03005-f534-496c-a0eb-c417dd14ba94@group-6D0F0AC35B11: changes role from      null to FOLLOWER at term 0 for startAsFollower
2019-09-25 11:09:14,302 [pool-527-thread-1] INFO  impl.RoleInfo (RoleInfo.java:updateAndGet(143)) - 0ce03005-f534-496c-a0eb-c417dd14ba94: start FollowerState
2019-09-25 11:09:14,302 [pool-527-thread-1] INFO  util.JmxRegister (JmxRegister.java:tryRegister(44)) - Successfully registered JMX Bean with object name Ratis:service=RaftServer,group=group-6D0F0AC35B11,id=0ce03005-f534-496c-a0eb-c417dd14ba94
2019-09-25 11:09:14,304 [RatisPipelineUtilsThread] INFO  pipeline.PipelineStateManager (PipelineStateManager.java:addPipeline(56)) - Created pipeline Pipeline[ Id: a6981152-8f55-4808-a1c7-6d0f0ac35b11, Nodes: 0ce03005-f534-496c-a0eb-c417dd14ba94{ip: 192.168.30.6, host: pr-hdds-1569-5gmkr-4255264070, networkLocation: /default-rack, certSerialId: null}, Type:RATIS, Factor:ONE, State:OPEN]
2019-09-25 11:09:14,306 [grpc-default-executor-1] INFO  impl.RaftServerProxy (RaftServerProxy.java:addNew(89)) - a8823747-7b39-4599-aab8-abab9e384ab8: addNew group-841F80B7E38C:[a8823747-7b39-4599-aab8-abab9e384ab8:192.168.30.6:44788] returns group-841F80B7E38C:java.util.concurrent.CompletableFuture@3c6d5ee4[Not completed]
2019-09-25 11:09:14,307 [pool-497-thread-1] INFO  impl.RaftServerImpl (RaftServerImpl.java:<init>(95)) - a8823747-7b39-4599-aab8-abab9e384ab8: new RaftServerImpl for group-841F80B7E38C:[a8823747-7b39-4599-aab8-abab9e384ab8:192.168.30.6:44788] with ContainerStateMachine:uninitialized
2019-09-25 11:09:14,307 [pool-497-thread-1] INFO  server.RaftServerConfigKeys (ConfUtils.java:logGet(43)) - raft.server.rpc.timeout.min = 5s (custom)
2019-09-25 11:09:14,307 [pool-497-thread-1] INFO  server.RaftServerConfigKeys (ConfUtils.java:logGet(43)) - raft.server.rpc.timeout.max = 5200ms (custom)
2019-09-25 11:09:14,307 [pool-497-thread-1] INFO  server.RaftServerConfigKeys (ConfUtils.java:logGet(43)) - raft.server.rpcslowness.timeout = 120s (custom)
2019-09-25 11:09:14,307 [pool-497-thread-1] INFO  server.RaftServerConfigKeys (ConfUtils.java:logGet(43)) - raft.server.sleep.deviation.threshold = 300 (default)
2019-09-25 11:09:14,307 [pool-497-thread-1] INFO  server.RaftServerConfigKeys (ConfUtils.java:logGet(43)) - raft.server.log.appender.install.snapshot.enabled = false (custom)
2019-09-25 11:09:14,307 [pool-497-thread-1] INFO  impl.RaftServerImpl (ServerState.java:<init>(103)) - a8823747-7b39-4599-aab8-abab9e384ab8@group-841F80B7E38C: ConfigurationManager, init=-1: [a8823747-7b39-4599-aab8-abab9e384ab8:192.168.30.6:44788], old=null, confs=<EMPTY_MAP>
2019-09-25 11:09:14,307 [pool-497-thread-1] INFO  server.RaftServerConfigKeys (ConfUtils.java:logGet(43)) - raft.server.storage.dir = [/workdir/hadoop-ozone/integration-test/target/test-dir/MiniOzoneClusterImpl-4b1c6350-cd3e-4172-b7a0-e9c66394f836/datanode-0/data/ratis] (custom)
2019-09-25 11:09:14,308 [pool-497-thread-1] INFO  storage.RaftStorageDirectory (RaftStorageDirectory.java:analyzeStorage(246)) - The storage directory /workdir/hadoop-ozone/integration-test/target/test-dir/MiniOzoneClusterImpl-4b1c6350-cd3e-4172-b7a0-e9c66394f836/datanode-0/data/ratis/bda3b189-4dc0-46cc-bfea-841f80b7e38c does not exist. Creating ...
2019-09-25 11:09:14,320 [pool-497-thread-1] INFO  storage.RaftStorageDirectory (RaftStorageDirectory.java:tryLock(328)) - Lock on /workdir/hadoop-ozone/integration-test/target/test-dir/MiniOzoneClusterImpl-4b1c6350-cd3e-4172-b7a0-e9c66394f836/datanode-0/data/ratis/bda3b189-4dc0-46cc-bfea-841f80b7e38c/in_use.lock acquired by nodename 21763@pr-hdds-1569-5gmkr-4255264070
2019-09-25 11:09:14,322 [pool-497-thread-1] INFO  storage.RaftStorage (RaftStorage.java:format(72)) - Storage directory /workdir/hadoop-ozone/integration-test/target/test-dir/MiniOzoneClusterImpl-4b1c6350-cd3e-4172-b7a0-e9c66394f836/datanode-0/data/ratis/bda3b189-4dc0-46cc-bfea-841f80b7e38c has been successfully formatted.
2019-09-25 11:09:14,322 [pool-497-thread-1] INFO  ratis.ContainerStateMachine (ContainerStateMachine.java:loadSnapshot(230)) - group-841F80B7E38C: The snapshot info is null. Setting the last applied indexto:(t:0, i:~)
2019-09-25 11:09:14,322 [pool-497-thread-1] INFO  server.RaftServerConfigKeys (ConfUtils.java:logGet(43)) - raft.server.notification.no-leader.timeout = 120s (custom)
2019-09-25 11:09:14,322 [pool-497-thread-1] INFO  server.RaftServerConfigKeys (ConfUtils.java:logGet(43)) - raft.server.log.use.memory = false (default)
2019-09-25 11:09:14,322 [pool-497-thread-1] INFO  server.RaftServerConfigKeys (ConfUtils.java:logGet(43)) - raft.server.log.purge.gap = 1000000 (custom)
2019-09-25 11:09:14,323 [pool-497-thread-1] INFO  server.RaftServerConfigKeys (ConfUtils.java:logGet(43)) - raft.server.log.appender.buffer.byte-limit = 33554432 (custom)
2019-09-25 11:09:14,323 [pool-497-thread-1] INFO  server.RaftServerConfigKeys (ConfUtils.java:logGet(43)) - raft.server.log.segment.size.max = 1048576 (custom)
2019-09-25 11:09:14,323 [pool-497-thread-1] INFO  server.RaftServerConfigKeys (ConfUtils.java:logGet(43)) - raft.server.log.segment.cache.num.max = 2 (custom)
2019-09-25 11:09:14,323 [pool-497-thread-1] INFO  segmented.SegmentedRaftLogWorker (SegmentedRaftLogWorker.java:<init>(172)) - new a8823747-7b39-4599-aab8-abab9e384ab8@group-841F80B7E38C-SegmentedRaftLogWorker for RaftStorage:Storage Directory /workdir/hadoop-ozone/integration-test/target/test-dir/MiniOzoneClusterImpl-4b1c6350-cd3e-4172-b7a0-e9c66394f836/datanode-0/data/ratis/bda3b189-4dc0-46cc-bfea-841f80b7e38c
2019-09-25 11:09:14,323 [pool-497-thread-1] INFO  server.RaftServerConfigKeys (ConfUtils.java:logGet(43)) - raft.server.log.queue.byte-limit = 2147483647 (custom)
2019-09-25 11:09:14,323 [pool-497-thread-1] INFO  server.RaftServerConfigKeys (ConfUtils.java:logGet(43)) - raft.server.log.queue.element-limit = 1024 (custom)
2019-09-25 11:09:14,323 [pool-497-thread-1] INFO  server.RaftServerConfigKeys (ConfUtils.java:logGet(43)) - raft.server.log.segment.size.max = 1048576 (custom)
2019-09-25 11:09:14,323 [pool-497-thread-1] INFO  server.RaftServerConfigKeys (ConfUtils.java:logGet(43)) - raft.server.log.preallocated.size = 16384 (custom)
2019-09-25 11:09:14,323 [pool-497-thread-1] INFO  server.RaftServerConfigKeys (ConfUtils.java:logGet(43)) - raft.server.log.write.buffer.size = 33554432 (custom)
2019-09-25 11:09:14,323 [pool-497-thread-1] INFO  server.RaftServerConfigKeys (ConfUtils.java:logGet(43)) - raft.server.log.force.sync.num = 128 (default)
2019-09-25 11:09:14,323 [pool-497-thread-1] INFO  server.RaftServerConfigKeys (ConfUtils.java:logGet(43)) - raft.server.log.statemachine.data.sync = true (default)
2019-09-25 11:09:14,323 [pool-497-thread-1] INFO  server.RaftServerConfigKeys (ConfUtils.java:logGet(43)) - raft.server.log.statemachine.data.sync.timeout = 10s (default)
2019-09-25 11:09:14,324 [pool-497-thread-1] INFO  server.RaftServerConfigKeys (ConfUtils.java:logGet(43)) - raft.server.log.statemachine.data.sync.timeout.retry = -1 (default)
2019-09-25 11:09:14,324 [pool-497-thread-1] INFO  server.RaftServerConfigKeys (ConfUtils.java:logGet(43)) - raft.server.log.statemachine.data.caching.enabled = true (custom)
2019-09-25 11:09:14,324 [pool-497-thread-1] INFO  segmented.SegmentedRaftLogWorker (SegmentedRaftLogWorker.java:lambda$new$0(132)) - a8823747-7b39-4599-aab8-abab9e384ab8@group-841F80B7E38C-SegmentedRaftLogWorker: flushIndex: setUnconditionally 0 -> -1
2019-09-25 11:09:14,324 [pool-497-thread-1] INFO  server.RaftServerConfigKeys (ConfUtils.java:logGet(43)) - raft.server.snapshot.auto.trigger.enabled = true (custom)
2019-09-25 11:09:14,324 [pool-497-thread-1] INFO  server.RaftServerConfigKeys (ConfUtils.java:logGet(43)) - raft.server.snapshot.auto.trigger.threshold = 10000 (custom)
2019-09-25 11:09:14,324 [pool-497-thread-1] INFO  server.RaftServerConfigKeys (ConfUtils.java:logGet(43)) - raft.server.snapshot.retention.num.files = 5 (custom)
2019-09-25 11:09:14,324 [pool-497-thread-1] INFO  server.RaftServerConfigKeys (ConfUtils.java:logGet(43)) - raft.server.retrycache.expirytime = 600000ms (custom)
2019-09-25 11:09:14,325 [pool-497-thread-1] INFO  impl.RaftServerImpl (RaftServerImpl.java:start(185)) - a8823747-7b39-4599-aab8-abab9e384ab8@group-841F80B7E38C: start as a follower, conf=-1: [a8823747-7b39-4599-aab8-abab9e384ab8:192.168.30.6:44788], old=null
2019-09-25 11:09:14,325 [pool-497-thread-1] INFO  impl.RaftServerImpl (RaftServerImpl.java:setRole(174)) - a8823747-7b39-4599-aab8-abab9e384ab8@group-841F80B7E38C: changes role from      null to FOLLOWER at term 0 for startAsFollower
2019-09-25 11:09:14,325 [pool-497-thread-1] INFO  impl.RoleInfo (RoleInfo.java:updateAndGet(143)) - a8823747-7b39-4599-aab8-abab9e384ab8: start FollowerState
2019-09-25 11:09:14,326 [pool-497-thread-1] INFO  util.JmxRegister (JmxRegister.java:tryRegister(44)) - Successfully registered JMX Bean with object name Ratis:service=RaftServer,group=group-841F80B7E38C,id=a8823747-7b39-4599-aab8-abab9e384ab8
2019-09-25 11:09:14,327 [RatisPipelineUtilsThread] INFO  pipeline.PipelineStateManager (PipelineStateManager.java:addPipeline(56)) - Created pipeline Pipeline[ Id: bda3b189-4dc0-46cc-bfea-841f80b7e38c, Nodes: a8823747-7b39-4599-aab8-abab9e384ab8{ip: 192.168.30.6, host: pr-hdds-1569-5gmkr-4255264070, networkLocation: /default-rack, certSerialId: null}, Type:RATIS, Factor:ONE, State:OPEN]
2019-09-25 11:09:14,327 [RatisPipelineUtilsThread] INFO  pipeline.PipelinePlacementPolicy (PipelinePlacementPolicy.java:meetCriteria(91)) - Pipeline Placement: can't place more pipeline on heavy datanode： a8823747-7b39-4599-aab8-abab9e384ab8 Heaviness: 6 limit: 5
2019-09-25 11:09:14,330 [grpc-default-executor-1] INFO  impl.RaftServerProxy (RaftServerProxy.java:addNew(89)) - 97301ee4-d551-4dc8-86de-1a37740aeeca: addNew group-44F2F5444F53:[97301ee4-d551-4dc8-86de-1a37740aeeca:192.168.30.6:39526] returns group-44F2F5444F53:java.util.concurrent.CompletableFuture@628348b4[Not completed]
2019-09-25 11:09:14,330 [pool-517-thread-1] INFO  impl.RaftServerImpl (RaftServerImpl.java:<init>(95)) - 97301ee4-d551-4dc8-86de-1a37740aeeca: new RaftServerImpl for group-44F2F5444F53:[97301ee4-d551-4dc8-86de-1a37740aeeca:192.168.30.6:39526] with ContainerStateMachine:uninitialized
2019-09-25 11:09:14,331 [pool-517-thread-1] INFO  server.RaftServerConfigKeys (ConfUtils.java:logGet(43)) - raft.server.rpc.timeout.min = 5s (custom)
2019-09-25 11:09:14,331 [pool-517-thread-1] INFO  server.RaftServerConfigKeys (ConfUtils.java:logGet(43)) - raft.server.rpc.timeout.max = 5200ms (custom)
2019-09-25 11:09:14,331 [pool-517-thread-1] INFO  server.RaftServerConfigKeys (ConfUtils.java:logGet(43)) - raft.server.rpcslowness.timeout = 120s (custom)
2019-09-25 11:09:14,331 [pool-517-thread-1] INFO  server.RaftServerConfigKeys (ConfUtils.java:logGet(43)) - raft.server.sleep.deviation.threshold = 300 (default)
2019-09-25 11:09:14,331 [pool-517-thread-1] INFO  server.RaftServerConfigKeys (ConfUtils.java:logGet(43)) - raft.server.log.appender.install.snapshot.enabled = false (custom)
2019-09-25 11:09:14,331 [pool-517-thread-1] INFO  impl.RaftServerImpl (ServerState.java:<init>(103)) - 97301ee4-d551-4dc8-86de-1a37740aeeca@group-44F2F5444F53: ConfigurationManager, init=-1: [97301ee4-d551-4dc8-86de-1a37740aeeca:192.168.30.6:39526], old=null, confs=<EMPTY_MAP>
2019-09-25 11:09:14,331 [pool-517-thread-1] INFO  server.RaftServerConfigKeys (ConfUtils.java:logGet(43)) - raft.server.storage.dir = [/workdir/hadoop-ozone/integration-test/target/test-dir/MiniOzoneClusterImpl-4b1c6350-cd3e-4172-b7a0-e9c66394f836/datanode-2/data/ratis] (custom)
2019-09-25 11:09:14,331 [pool-517-thread-1] INFO  storage.RaftStorageDirectory (RaftStorageDirectory.java:analyzeStorage(246)) - The storage directory /workdir/hadoop-ozone/integration-test/target/test-dir/MiniOzoneClusterImpl-4b1c6350-cd3e-4172-b7a0-e9c66394f836/datanode-2/data/ratis/23f62968-8d03-472a-8a14-44f2f5444f53 does not exist. Creating ...
2019-09-25 11:09:14,335 [IPC Server handler 3 on 36723] INFO  net.NetworkTopology (NetworkTopologyImpl.java:add(111)) - Added a new node: /default-rack/dc1340b3-b3e2-49ee-a070-51ac5340e4da
2019-09-25 11:09:14,335 [main] INFO  ozone.MiniOzoneClusterImpl (MiniOzoneClusterImpl.java:lambda$waitForClusterToBeReady$0(147)) - Cluster is ready. Got 7 of 7 DN Heartbeats.
2019-09-25 11:09:14,335 [IPC Server handler 3 on 36723] INFO  node.SCMNodeManager (SCMNodeManager.java:register(266)) - Registered Data node : dc1340b3-b3e2-49ee-a070-51ac5340e4da{ip: 192.168.30.6, host: pr-hdds-1569-5gmkr-4255264070, networkLocation: /default-rack, certSerialId: null}
2019-09-25 11:09:14,347 [pool-517-thread-1] INFO  storage.RaftStorageDirectory (RaftStorageDirectory.java:tryLock(328)) - Lock on /workdir/hadoop-ozone/integration-test/target/test-dir/MiniOzoneClusterImpl-4b1c6350-cd3e-4172-b7a0-e9c66394f836/datanode-2/data/ratis/23f62968-8d03-472a-8a14-44f2f5444f53/in_use.lock acquired by nodename 21763@pr-hdds-1569-5gmkr-4255264070
2019-09-25 11:09:14,367 [pool-517-thread-1] INFO  storage.RaftStorage (RaftStorage.java:format(72)) - Storage directory /workdir/hadoop-ozone/integration-test/target/test-dir/MiniOzoneClusterImpl-4b1c6350-cd3e-4172-b7a0-e9c66394f836/datanode-2/data/ratis/23f62968-8d03-472a-8a14-44f2f5444f53 has been successfully formatted.
2019-09-25 11:09:14,367 [pool-517-thread-1] INFO  ratis.ContainerStateMachine (ContainerStateMachine.java:loadSnapshot(230)) - group-44F2F5444F53: The snapshot info is null. Setting the last applied indexto:(t:0, i:~)
2019-09-25 11:09:14,367 [pool-517-thread-1] INFO  server.RaftServerConfigKeys (ConfUtils.java:logGet(43)) - raft.server.notification.no-leader.timeout = 120s (custom)
2019-09-25 11:09:14,367 [pool-517-thread-1] INFO  server.RaftServerConfigKeys (ConfUtils.java:logGet(43)) - raft.server.log.use.memory = false (default)
2019-09-25 11:09:14,368 [pool-517-thread-1] INFO  server.RaftServerConfigKeys (ConfUtils.java:logGet(43)) - raft.server.log.purge.gap = 1000000 (custom)
2019-09-25 11:09:14,368 [pool-517-thread-1] INFO  server.RaftServerConfigKeys (ConfUtils.java:logGet(43)) - raft.server.log.appender.buffer.byte-limit = 33554432 (custom)
2019-09-25 11:09:14,368 [pool-517-thread-1] INFO  server.RaftServerConfigKeys (ConfUtils.java:logGet(43)) - raft.server.log.segment.size.max = 1048576 (custom)
2019-09-25 11:09:14,368 [pool-517-thread-1] INFO  server.RaftServerConfigKeys (ConfUtils.java:logGet(43)) - raft.server.log.segment.cache.num.max = 2 (custom)
2019-09-25 11:09:14,368 [pool-517-thread-1] INFO  segmented.SegmentedRaftLogWorker (SegmentedRaftLogWorker.java:<init>(172)) - new 97301ee4-d551-4dc8-86de-1a37740aeeca@group-44F2F5444F53-SegmentedRaftLogWorker for RaftStorage:Storage Directory /workdir/hadoop-ozone/integration-test/target/test-dir/MiniOzoneClusterImpl-4b1c6350-cd3e-4172-b7a0-e9c66394f836/datanode-2/data/ratis/23f62968-8d03-472a-8a14-44f2f5444f53
2019-09-25 11:09:14,368 [pool-517-thread-1] INFO  server.RaftServerConfigKeys (ConfUtils.java:logGet(43)) - raft.server.log.queue.byte-limit = 2147483647 (custom)
2019-09-25 11:09:14,368 [pool-517-thread-1] INFO  server.RaftServerConfigKeys (ConfUtils.java:logGet(43)) - raft.server.log.queue.element-limit = 1024 (custom)
2019-09-25 11:09:14,369 [pool-517-thread-1] INFO  server.RaftServerConfigKeys (ConfUtils.java:logGet(43)) - raft.server.log.segment.size.max = 1048576 (custom)
2019-09-25 11:09:14,369 [pool-517-thread-1] INFO  server.RaftServerConfigKeys (ConfUtils.java:logGet(43)) - raft.server.log.preallocated.size = 16384 (custom)
2019-09-25 11:09:14,369 [pool-517-thread-1] INFO  server.RaftServerConfigKeys (ConfUtils.java:logGet(43)) - raft.server.log.write.buffer.size = 33554432 (custom)
2019-09-25 11:09:14,369 [pool-517-thread-1] INFO  server.RaftServerConfigKeys (ConfUtils.java:logGet(43)) - raft.server.log.force.sync.num = 128 (default)
2019-09-25 11:09:14,369 [pool-517-thread-1] INFO  server.RaftServerConfigKeys (ConfUtils.java:logGet(43)) - raft.server.log.statemachine.data.sync = true (default)
2019-09-25 11:09:14,372 [pool-517-thread-1] INFO  server.RaftServerConfigKeys (ConfUtils.java:logGet(43)) - raft.server.log.statemachine.data.sync.timeout = 10s (default)
2019-09-25 11:09:14,372 [pool-517-thread-1] INFO  server.RaftServerConfigKeys (ConfUtils.java:logGet(43)) - raft.server.log.statemachine.data.sync.timeout.retry = -1 (default)
2019-09-25 11:09:14,372 [pool-517-thread-1] INFO  server.RaftServerConfigKeys (ConfUtils.java:logGet(43)) - raft.server.log.statemachine.data.caching.enabled = true (custom)
2019-09-25 11:09:14,372 [pool-517-thread-1] INFO  segmented.SegmentedRaftLogWorker (SegmentedRaftLogWorker.java:lambda$new$0(132)) - 97301ee4-d551-4dc8-86de-1a37740aeeca@group-44F2F5444F53-SegmentedRaftLogWorker: flushIndex: setUnconditionally 0 -> -1
2019-09-25 11:09:14,373 [pool-517-thread-1] INFO  server.RaftServerConfigKeys (ConfUtils.java:logGet(43)) - raft.server.snapshot.auto.trigger.enabled = true (custom)
2019-09-25 11:09:14,373 [pool-517-thread-1] INFO  server.RaftServerConfigKeys (ConfUtils.java:logGet(43)) - raft.server.snapshot.auto.trigger.threshold = 10000 (custom)
2019-09-25 11:09:14,373 [pool-517-thread-1] INFO  server.RaftServerConfigKeys (ConfUtils.java:logGet(43)) - raft.server.snapshot.retention.num.files = 5 (custom)
2019-09-25 11:09:14,373 [pool-517-thread-1] INFO  server.RaftServerConfigKeys (ConfUtils.java:logGet(43)) - raft.server.retrycache.expirytime = 600000ms (custom)
2019-09-25 11:09:14,373 [main] INFO  rpc.RpcClient (RpcClient.java:createVolume(276)) - Creating Volume: testblockoutputstream, with jenkins1000 as owner.
2019-09-25 11:09:14,375 [pool-517-thread-1] INFO  impl.RaftServerImpl (RaftServerImpl.java:start(185)) - 97301ee4-d551-4dc8-86de-1a37740aeeca@group-44F2F5444F53: start as a follower, conf=-1: [97301ee4-d551-4dc8-86de-1a37740aeeca:192.168.30.6:39526], old=null
2019-09-25 11:09:14,375 [pool-517-thread-1] INFO  impl.RaftServerImpl (RaftServerImpl.java:setRole(174)) - 97301ee4-d551-4dc8-86de-1a37740aeeca@group-44F2F5444F53: changes role from      null to FOLLOWER at term 0 for startAsFollower
2019-09-25 11:09:14,375 [pool-517-thread-1] INFO  impl.RoleInfo (RoleInfo.java:updateAndGet(143)) - 97301ee4-d551-4dc8-86de-1a37740aeeca: start FollowerState
2019-09-25 11:09:14,375 [IPC Server handler 1 on 34025] INFO  volume.OMVolumeCreateRequest (OMVolumeCreateRequest.java:validateAndUpdateCache(189)) - created volume:testblockoutputstream for user:jenkins1000
2019-09-25 11:09:14,376 [pool-517-thread-1] INFO  util.JmxRegister (JmxRegister.java:tryRegister(44)) - Successfully registered JMX Bean with object name Ratis:service=RaftServer,group=group-44F2F5444F53,id=97301ee4-d551-4dc8-86de-1a37740aeeca
2019-09-25 11:09:14,380 [RatisPipelineUtilsThread] INFO  pipeline.PipelineStateManager (PipelineStateManager.java:addPipeline(56)) - Created pipeline Pipeline[ Id: 23f62968-8d03-472a-8a14-44f2f5444f53, Nodes: 97301ee4-d551-4dc8-86de-1a37740aeeca{ip: 192.168.30.6, host: pr-hdds-1569-5gmkr-4255264070, networkLocation: /default-rack, certSerialId: null}, Type:RATIS, Factor:ONE, State:OPEN]
2019-09-25 11:09:14,380 [RatisPipelineUtilsThread] INFO  pipeline.PipelinePlacementPolicy (PipelinePlacementPolicy.java:meetCriteria(91)) - Pipeline Placement: can't place more pipeline on heavy datanode： a8823747-7b39-4599-aab8-abab9e384ab8 Heaviness: 6 limit: 5
2019-09-25 11:09:14,389 [main] INFO  rpc.RpcClient (RpcClient.java:createBucket(415)) - Creating Bucket: testblockoutputstream/testblockoutputstream, with Versioning false and Storage Type set to DISK and Encryption set to false 
2019-09-25 11:09:14,393 [grpc-default-executor-1] INFO  impl.RaftServerProxy (RaftServerProxy.java:addNew(89)) - 97301ee4-d551-4dc8-86de-1a37740aeeca: addNew group-A0BC16DF7CE3:[97301ee4-d551-4dc8-86de-1a37740aeeca:192.168.30.6:39526] returns group-A0BC16DF7CE3:java.util.concurrent.CompletableFuture@71dce78b[Not completed]
2019-09-25 11:09:14,394 [pool-517-thread-1] INFO  impl.RaftServerImpl (RaftServerImpl.java:<init>(95)) - 97301ee4-d551-4dc8-86de-1a37740aeeca: new RaftServerImpl for group-A0BC16DF7CE3:[97301ee4-d551-4dc8-86de-1a37740aeeca:192.168.30.6:39526] with ContainerStateMachine:uninitialized
2019-09-25 11:09:14,394 [pool-517-thread-1] INFO  server.RaftServerConfigKeys (ConfUtils.java:logGet(43)) - raft.server.rpc.timeout.min = 5s (custom)
2019-09-25 11:09:14,395 [pool-517-thread-1] INFO  server.RaftServerConfigKeys (ConfUtils.java:logGet(43)) - raft.server.rpc.timeout.max = 5200ms (custom)
2019-09-25 11:09:14,395 [pool-517-thread-1] INFO  server.RaftServerConfigKeys (ConfUtils.java:logGet(43)) - raft.server.rpcslowness.timeout = 120s (custom)
2019-09-25 11:09:14,395 [pool-517-thread-1] INFO  server.RaftServerConfigKeys (ConfUtils.java:logGet(43)) - raft.server.sleep.deviation.threshold = 300 (default)
2019-09-25 11:09:14,395 [pool-517-thread-1] INFO  server.RaftServerConfigKeys (ConfUtils.java:logGet(43)) - raft.server.log.appender.install.snapshot.enabled = false (custom)
2019-09-25 11:09:14,395 [pool-517-thread-1] INFO  impl.RaftServerImpl (ServerState.java:<init>(103)) - 97301ee4-d551-4dc8-86de-1a37740aeeca@group-A0BC16DF7CE3: ConfigurationManager, init=-1: [97301ee4-d551-4dc8-86de-1a37740aeeca:192.168.30.6:39526], old=null, confs=<EMPTY_MAP>
2019-09-25 11:09:14,395 [pool-517-thread-1] INFO  server.RaftServerConfigKeys (ConfUtils.java:logGet(43)) - raft.server.storage.dir = [/workdir/hadoop-ozone/integration-test/target/test-dir/MiniOzoneClusterImpl-4b1c6350-cd3e-4172-b7a0-e9c66394f836/datanode-2/data/ratis] (custom)
2019-09-25 11:09:14,396 [pool-517-thread-1] INFO  storage.RaftStorageDirectory (RaftStorageDirectory.java:analyzeStorage(246)) - The storage directory /workdir/hadoop-ozone/integration-test/target/test-dir/MiniOzoneClusterImpl-4b1c6350-cd3e-4172-b7a0-e9c66394f836/datanode-2/data/ratis/e2b8210a-e630-46f6-99df-a0bc16df7ce3 does not exist. Creating ...
2019-09-25 11:09:14,409 [pool-517-thread-1] INFO  storage.RaftStorageDirectory (RaftStorageDirectory.java:tryLock(328)) - Lock on /workdir/hadoop-ozone/integration-test/target/test-dir/MiniOzoneClusterImpl-4b1c6350-cd3e-4172-b7a0-e9c66394f836/datanode-2/data/ratis/e2b8210a-e630-46f6-99df-a0bc16df7ce3/in_use.lock acquired by nodename 21763@pr-hdds-1569-5gmkr-4255264070
2019-09-25 11:09:14,412 [pool-517-thread-1] INFO  storage.RaftStorage (RaftStorage.java:format(72)) - Storage directory /workdir/hadoop-ozone/integration-test/target/test-dir/MiniOzoneClusterImpl-4b1c6350-cd3e-4172-b7a0-e9c66394f836/datanode-2/data/ratis/e2b8210a-e630-46f6-99df-a0bc16df7ce3 has been successfully formatted.
2019-09-25 11:09:14,413 [pool-517-thread-1] INFO  ratis.ContainerStateMachine (ContainerStateMachine.java:loadSnapshot(230)) - group-A0BC16DF7CE3: The snapshot info is null. Setting the last applied indexto:(t:0, i:~)
2019-09-25 11:09:14,413 [pool-517-thread-1] INFO  server.RaftServerConfigKeys (ConfUtils.java:logGet(43)) - raft.server.notification.no-leader.timeout = 120s (custom)
2019-09-25 11:09:14,413 [pool-517-thread-1] INFO  server.RaftServerConfigKeys (ConfUtils.java:logGet(43)) - raft.server.log.use.memory = false (default)
2019-09-25 11:09:14,413 [pool-517-thread-1] INFO  server.RaftServerConfigKeys (ConfUtils.java:logGet(43)) - raft.server.log.purge.gap = 1000000 (custom)
2019-09-25 11:09:14,413 [pool-517-thread-1] INFO  server.RaftServerConfigKeys (ConfUtils.java:logGet(43)) - raft.server.log.appender.buffer.byte-limit = 33554432 (custom)
2019-09-25 11:09:14,413 [pool-517-thread-1] INFO  server.RaftServerConfigKeys (ConfUtils.java:logGet(43)) - raft.server.log.segment.size.max = 1048576 (custom)
2019-09-25 11:09:14,413 [pool-517-thread-1] INFO  server.RaftServerConfigKeys (ConfUtils.java:logGet(43)) - raft.server.log.segment.cache.num.max = 2 (custom)
2019-09-25 11:09:14,414 [pool-517-thread-1] INFO  segmented.SegmentedRaftLogWorker (SegmentedRaftLogWorker.java:<init>(172)) - new 97301ee4-d551-4dc8-86de-1a37740aeeca@group-A0BC16DF7CE3-SegmentedRaftLogWorker for RaftStorage:Storage Directory /workdir/hadoop-ozone/integration-test/target/test-dir/MiniOzoneClusterImpl-4b1c6350-cd3e-4172-b7a0-e9c66394f836/datanode-2/data/ratis/e2b8210a-e630-46f6-99df-a0bc16df7ce3
2019-09-25 11:09:14,414 [pool-517-thread-1] INFO  server.RaftServerConfigKeys (ConfUtils.java:logGet(43)) - raft.server.log.queue.byte-limit = 2147483647 (custom)
2019-09-25 11:09:14,414 [pool-517-thread-1] INFO  server.RaftServerConfigKeys (ConfUtils.java:logGet(43)) - raft.server.log.queue.element-limit = 1024 (custom)
2019-09-25 11:09:14,414 [pool-517-thread-1] INFO  server.RaftServerConfigKeys (ConfUtils.java:logGet(43)) - raft.server.log.segment.size.max = 1048576 (custom)
2019-09-25 11:09:14,414 [pool-517-thread-1] INFO  server.RaftServerConfigKeys (ConfUtils.java:logGet(43)) - raft.server.log.preallocated.size = 16384 (custom)
2019-09-25 11:09:14,414 [pool-517-thread-1] INFO  server.RaftServerConfigKeys (ConfUtils.java:logGet(43)) - raft.server.log.write.buffer.size = 33554432 (custom)
2019-09-25 11:09:14,414 [pool-517-thread-1] INFO  server.RaftServerConfigKeys (ConfUtils.java:logGet(43)) - raft.server.log.force.sync.num = 128 (default)
2019-09-25 11:09:14,414 [pool-517-thread-1] INFO  server.RaftServerConfigKeys (ConfUtils.java:logGet(43)) - raft.server.log.statemachine.data.sync = true (default)
2019-09-25 11:09:14,415 [pool-517-thread-1] INFO  server.RaftServerConfigKeys (ConfUtils.java:logGet(43)) - raft.server.log.statemachine.data.sync.timeout = 10s (default)
2019-09-25 11:09:14,415 [pool-517-thread-1] INFO  server.RaftServerConfigKeys (ConfUtils.java:logGet(43)) - raft.server.log.statemachine.data.sync.timeout.retry = -1 (default)
2019-09-25 11:09:14,415 [pool-517-thread-1] INFO  server.RaftServerConfigKeys (ConfUtils.java:logGet(43)) - raft.server.log.statemachine.data.caching.enabled = true (custom)
2019-09-25 11:09:14,415 [pool-517-thread-1] INFO  segmented.SegmentedRaftLogWorker (SegmentedRaftLogWorker.java:lambda$new$0(132)) - 97301ee4-d551-4dc8-86de-1a37740aeeca@group-A0BC16DF7CE3-SegmentedRaftLogWorker: flushIndex: setUnconditionally 0 -> -1
2019-09-25 11:09:14,416 [pool-517-thread-1] INFO  server.RaftServerConfigKeys (ConfUtils.java:logGet(43)) - raft.server.snapshot.auto.trigger.enabled = true (custom)
2019-09-25 11:09:14,416 [pool-517-thread-1] INFO  server.RaftServerConfigKeys (ConfUtils.java:logGet(43)) - raft.server.snapshot.auto.trigger.threshold = 10000 (custom)
2019-09-25 11:09:14,416 [pool-517-thread-1] INFO  server.RaftServerConfigKeys (ConfUtils.java:logGet(43)) - raft.server.snapshot.retention.num.files = 5 (custom)
2019-09-25 11:09:14,416 [pool-517-thread-1] INFO  server.RaftServerConfigKeys (ConfUtils.java:logGet(43)) - raft.server.retrycache.expirytime = 600000ms (custom)
2019-09-25 11:09:14,418 [pool-517-thread-1] INFO  impl.RaftServerImpl (RaftServerImpl.java:start(185)) - 97301ee4-d551-4dc8-86de-1a37740aeeca@group-A0BC16DF7CE3: start as a follower, conf=-1: [97301ee4-d551-4dc8-86de-1a37740aeeca:192.168.30.6:39526], old=null
2019-09-25 11:09:14,418 [pool-517-thread-1] INFO  impl.RaftServerImpl (RaftServerImpl.java:setRole(174)) - 97301ee4-d551-4dc8-86de-1a37740aeeca@group-A0BC16DF7CE3: changes role from      null to FOLLOWER at term 0 for startAsFollower
2019-09-25 11:09:14,418 [pool-517-thread-1] INFO  impl.RoleInfo (RoleInfo.java:updateAndGet(143)) - 97301ee4-d551-4dc8-86de-1a37740aeeca: start FollowerState
2019-09-25 11:09:14,418 [pool-517-thread-1] INFO  util.JmxRegister (JmxRegister.java:tryRegister(44)) - Successfully registered JMX Bean with object name Ratis:service=RaftServer,group=group-A0BC16DF7CE3,id=97301ee4-d551-4dc8-86de-1a37740aeeca
2019-09-25 11:09:14,420 [RatisPipelineUtilsThread] INFO  pipeline.PipelineStateManager (PipelineStateManager.java:addPipeline(56)) - Created pipeline Pipeline[ Id: e2b8210a-e630-46f6-99df-a0bc16df7ce3, Nodes: 97301ee4-d551-4dc8-86de-1a37740aeeca{ip: 192.168.30.6, host: pr-hdds-1569-5gmkr-4255264070, networkLocation: /default-rack, certSerialId: null}, Type:RATIS, Factor:ONE, State:OPEN]
2019-09-25 11:09:14,420 [RatisPipelineUtilsThread] INFO  pipeline.PipelinePlacementPolicy (PipelinePlacementPolicy.java:meetCriteria(91)) - Pipeline Placement: can't place more pipeline on heavy datanode： a8823747-7b39-4599-aab8-abab9e384ab8 Heaviness: 6 limit: 5
2019-09-25 11:09:14,428 [grpc-default-executor-1] INFO  impl.RaftServerProxy (RaftServerProxy.java:addNew(89)) - 1dbf52be-8f16-49fd-bad6-8089f3318926: addNew group-C8F3AC825171:[1dbf52be-8f16-49fd-bad6-8089f3318926:192.168.30.6:43154] returns group-C8F3AC825171:java.util.concurrent.CompletableFuture@5b368fb0[Not completed]
2019-09-25 11:09:14,428 [pool-537-thread-1] INFO  impl.RaftServerImpl (RaftServerImpl.java:<init>(95)) - 1dbf52be-8f16-49fd-bad6-8089f3318926: new RaftServerImpl for group-C8F3AC825171:[1dbf52be-8f16-49fd-bad6-8089f3318926:192.168.30.6:43154] with ContainerStateMachine:uninitialized
2019-09-25 11:09:14,429 [pool-537-thread-1] INFO  server.RaftServerConfigKeys (ConfUtils.java:logGet(43)) - raft.server.rpc.timeout.min = 5s (custom)
2019-09-25 11:09:14,429 [pool-537-thread-1] INFO  server.RaftServerConfigKeys (ConfUtils.java:logGet(43)) - raft.server.rpc.timeout.max = 5200ms (custom)
2019-09-25 11:09:14,429 [pool-537-thread-1] INFO  server.RaftServerConfigKeys (ConfUtils.java:logGet(43)) - raft.server.rpcslowness.timeout = 120s (custom)
2019-09-25 11:09:14,429 [pool-537-thread-1] INFO  server.RaftServerConfigKeys (ConfUtils.java:logGet(43)) - raft.server.sleep.deviation.threshold = 300 (default)
2019-09-25 11:09:14,429 [pool-537-thread-1] INFO  server.RaftServerConfigKeys (ConfUtils.java:logGet(43)) - raft.server.log.appender.install.snapshot.enabled = false (custom)
2019-09-25 11:09:14,429 [pool-537-thread-1] INFO  impl.RaftServerImpl (ServerState.java:<init>(103)) - 1dbf52be-8f16-49fd-bad6-8089f3318926@group-C8F3AC825171: ConfigurationManager, init=-1: [1dbf52be-8f16-49fd-bad6-8089f3318926:192.168.30.6:43154], old=null, confs=<EMPTY_MAP>
2019-09-25 11:09:14,429 [pool-537-thread-1] INFO  server.RaftServerConfigKeys (ConfUtils.java:logGet(43)) - raft.server.storage.dir = [/workdir/hadoop-ozone/integration-test/target/test-dir/MiniOzoneClusterImpl-4b1c6350-cd3e-4172-b7a0-e9c66394f836/datanode-4/data/ratis] (custom)
2019-09-25 11:09:14,429 [pool-537-thread-1] INFO  storage.RaftStorageDirectory (RaftStorageDirectory.java:analyzeStorage(246)) - The storage directory /workdir/hadoop-ozone/integration-test/target/test-dir/MiniOzoneClusterImpl-4b1c6350-cd3e-4172-b7a0-e9c66394f836/datanode-4/data/ratis/4159b763-4c10-4b68-9a43-c8f3ac825171 does not exist. Creating ...
2019-09-25 11:09:14,435 [pool-537-thread-1] INFO  storage.RaftStorageDirectory (RaftStorageDirectory.java:tryLock(328)) - Lock on /workdir/hadoop-ozone/integration-test/target/test-dir/MiniOzoneClusterImpl-4b1c6350-cd3e-4172-b7a0-e9c66394f836/datanode-4/data/ratis/4159b763-4c10-4b68-9a43-c8f3ac825171/in_use.lock acquired by nodename 21763@pr-hdds-1569-5gmkr-4255264070
2019-09-25 11:09:14,448 [pool-537-thread-1] INFO  storage.RaftStorage (RaftStorage.java:format(72)) - Storage directory /workdir/hadoop-ozone/integration-test/target/test-dir/MiniOzoneClusterImpl-4b1c6350-cd3e-4172-b7a0-e9c66394f836/datanode-4/data/ratis/4159b763-4c10-4b68-9a43-c8f3ac825171 has been successfully formatted.
2019-09-25 11:09:14,448 [pool-537-thread-1] INFO  ratis.ContainerStateMachine (ContainerStateMachine.java:loadSnapshot(230)) - group-C8F3AC825171: The snapshot info is null. Setting the last applied indexto:(t:0, i:~)
2019-09-25 11:09:14,448 [pool-537-thread-1] INFO  server.RaftServerConfigKeys (ConfUtils.java:logGet(43)) - raft.server.notification.no-leader.timeout = 120s (custom)
2019-09-25 11:09:14,448 [pool-537-thread-1] INFO  server.RaftServerConfigKeys (ConfUtils.java:logGet(43)) - raft.server.log.use.memory = false (default)
2019-09-25 11:09:14,448 [pool-537-thread-1] INFO  server.RaftServerConfigKeys (ConfUtils.java:logGet(43)) - raft.server.log.purge.gap = 1000000 (custom)
2019-09-25 11:09:14,449 [pool-537-thread-1] INFO  server.RaftServerConfigKeys (ConfUtils.java:logGet(43)) - raft.server.log.appender.buffer.byte-limit = 33554432 (custom)
2019-09-25 11:09:14,449 [pool-537-thread-1] INFO  server.RaftServerConfigKeys (ConfUtils.java:logGet(43)) - raft.server.log.segment.size.max = 1048576 (custom)
2019-09-25 11:09:14,449 [pool-537-thread-1] INFO  server.RaftServerConfigKeys (ConfUtils.java:logGet(43)) - raft.server.log.segment.cache.num.max = 2 (custom)
2019-09-25 11:09:14,449 [pool-537-thread-1] INFO  segmented.SegmentedRaftLogWorker (SegmentedRaftLogWorker.java:<init>(172)) - new 1dbf52be-8f16-49fd-bad6-8089f3318926@group-C8F3AC825171-SegmentedRaftLogWorker for RaftStorage:Storage Directory /workdir/hadoop-ozone/integration-test/target/test-dir/MiniOzoneClusterImpl-4b1c6350-cd3e-4172-b7a0-e9c66394f836/datanode-4/data/ratis/4159b763-4c10-4b68-9a43-c8f3ac825171
2019-09-25 11:09:14,450 [pool-537-thread-1] INFO  server.RaftServerConfigKeys (ConfUtils.java:logGet(43)) - raft.server.log.queue.byte-limit = 2147483647 (custom)
2019-09-25 11:09:14,450 [pool-537-thread-1] INFO  server.RaftServerConfigKeys (ConfUtils.java:logGet(43)) - raft.server.log.queue.element-limit = 1024 (custom)
2019-09-25 11:09:14,451 [pool-537-thread-1] INFO  server.RaftServerConfigKeys (ConfUtils.java:logGet(43)) - raft.server.log.segment.size.max = 1048576 (custom)
2019-09-25 11:09:14,451 [pool-537-thread-1] INFO  server.RaftServerConfigKeys (ConfUtils.java:logGet(43)) - raft.server.log.preallocated.size = 16384 (custom)
2019-09-25 11:09:14,451 [pool-537-thread-1] INFO  server.RaftServerConfigKeys (ConfUtils.java:logGet(43)) - raft.server.log.write.buffer.size = 33554432 (custom)
2019-09-25 11:09:14,451 [pool-537-thread-1] INFO  server.RaftServerConfigKeys (ConfUtils.java:logGet(43)) - raft.server.log.force.sync.num = 128 (default)
2019-09-25 11:09:14,451 [pool-537-thread-1] INFO  server.RaftServerConfigKeys (ConfUtils.java:logGet(43)) - raft.server.log.statemachine.data.sync = true (default)
2019-09-25 11:09:14,451 [pool-537-thread-1] INFO  server.RaftServerConfigKeys (ConfUtils.java:logGet(43)) - raft.server.log.statemachine.data.sync.timeout = 10s (default)
2019-09-25 11:09:14,451 [pool-537-thread-1] INFO  server.RaftServerConfigKeys (ConfUtils.java:logGet(43)) - raft.server.log.statemachine.data.sync.timeout.retry = -1 (default)
2019-09-25 11:09:14,451 [pool-537-thread-1] INFO  server.RaftServerConfigKeys (ConfUtils.java:logGet(43)) - raft.server.log.statemachine.data.caching.enabled = true (custom)
2019-09-25 11:09:14,452 [pool-537-thread-1] INFO  segmented.SegmentedRaftLogWorker (SegmentedRaftLogWorker.java:lambda$new$0(132)) - 1dbf52be-8f16-49fd-bad6-8089f3318926@group-C8F3AC825171-SegmentedRaftLogWorker: flushIndex: setUnconditionally 0 -> -1
2019-09-25 11:09:14,452 [pool-537-thread-1] INFO  server.RaftServerConfigKeys (ConfUtils.java:logGet(43)) - raft.server.snapshot.auto.trigger.enabled = true (custom)
2019-09-25 11:09:14,452 [pool-537-thread-1] INFO  server.RaftServerConfigKeys (ConfUtils.java:logGet(43)) - raft.server.snapshot.auto.trigger.threshold = 10000 (custom)
2019-09-25 11:09:14,452 [pool-537-thread-1] INFO  server.RaftServerConfigKeys (ConfUtils.java:logGet(43)) - raft.server.snapshot.retention.num.files = 5 (custom)
2019-09-25 11:09:14,452 [pool-537-thread-1] INFO  server.RaftServerConfigKeys (ConfUtils.java:logGet(43)) - raft.server.retrycache.expirytime = 600000ms (custom)
2019-09-25 11:09:14,454 [pool-537-thread-1] INFO  impl.RaftServerImpl (RaftServerImpl.java:start(185)) - 1dbf52be-8f16-49fd-bad6-8089f3318926@group-C8F3AC825171: start as a follower, conf=-1: [1dbf52be-8f16-49fd-bad6-8089f3318926:192.168.30.6:43154], old=null
2019-09-25 11:09:14,454 [pool-537-thread-1] INFO  impl.RaftServerImpl (RaftServerImpl.java:setRole(174)) - 1dbf52be-8f16-49fd-bad6-8089f3318926@group-C8F3AC825171: changes role from      null to FOLLOWER at term 0 for startAsFollower
2019-09-25 11:09:14,454 [pool-537-thread-1] INFO  impl.RoleInfo (RoleInfo.java:updateAndGet(143)) - 1dbf52be-8f16-49fd-bad6-8089f3318926: start FollowerState
2019-09-25 11:09:14,454 [pool-537-thread-1] INFO  util.JmxRegister (JmxRegister.java:tryRegister(44)) - Successfully registered JMX Bean with object name Ratis:service=RaftServer,group=group-C8F3AC825171,id=1dbf52be-8f16-49fd-bad6-8089f3318926
2019-09-25 11:09:14,456 [RatisPipelineUtilsThread] INFO  pipeline.PipelineStateManager (PipelineStateManager.java:addPipeline(56)) - Created pipeline Pipeline[ Id: 4159b763-4c10-4b68-9a43-c8f3ac825171, Nodes: 1dbf52be-8f16-49fd-bad6-8089f3318926{ip: 192.168.30.6, host: pr-hdds-1569-5gmkr-4255264070, networkLocation: /default-rack, certSerialId: null}, Type:RATIS, Factor:ONE, State:OPEN]
2019-09-25 11:09:14,456 [RatisPipelineUtilsThread] INFO  pipeline.PipelinePlacementPolicy (PipelinePlacementPolicy.java:meetCriteria(91)) - Pipeline Placement: can't place more pipeline on heavy datanode： a8823747-7b39-4599-aab8-abab9e384ab8 Heaviness: 6 limit: 5
2019-09-25 11:09:14,463 [grpc-default-executor-1] INFO  impl.RaftServerProxy (RaftServerProxy.java:addNew(89)) - 0b8a7ff0-298a-4c7b-84aa-a28921900e21: addNew group-CD91A94E1E2D:[0b8a7ff0-298a-4c7b-84aa-a28921900e21:192.168.30.6:34704] returns group-CD91A94E1E2D:java.util.concurrent.CompletableFuture@44815d6e[Not completed]
2019-09-25 11:09:14,464 [pool-547-thread-1] INFO  impl.RaftServerImpl (RaftServerImpl.java:<init>(95)) - 0b8a7ff0-298a-4c7b-84aa-a28921900e21: new RaftServerImpl for group-CD91A94E1E2D:[0b8a7ff0-298a-4c7b-84aa-a28921900e21:192.168.30.6:34704] with ContainerStateMachine:uninitialized
2019-09-25 11:09:14,464 [pool-547-thread-1] INFO  server.RaftServerConfigKeys (ConfUtils.java:logGet(43)) - raft.server.rpc.timeout.min = 5s (custom)
2019-09-25 11:09:14,464 [pool-547-thread-1] INFO  server.RaftServerConfigKeys (ConfUtils.java:logGet(43)) - raft.server.rpc.timeout.max = 5200ms (custom)
2019-09-25 11:09:14,464 [pool-547-thread-1] INFO  server.RaftServerConfigKeys (ConfUtils.java:logGet(43)) - raft.server.rpcslowness.timeout = 120s (custom)
2019-09-25 11:09:14,464 [pool-547-thread-1] INFO  server.RaftServerConfigKeys (ConfUtils.java:logGet(43)) - raft.server.sleep.deviation.threshold = 300 (default)
2019-09-25 11:09:14,465 [pool-547-thread-1] INFO  server.RaftServerConfigKeys (ConfUtils.java:logGet(43)) - raft.server.log.appender.install.snapshot.enabled = false (custom)
2019-09-25 11:09:14,465 [pool-547-thread-1] INFO  impl.RaftServerImpl (ServerState.java:<init>(103)) - 0b8a7ff0-298a-4c7b-84aa-a28921900e21@group-CD91A94E1E2D: ConfigurationManager, init=-1: [0b8a7ff0-298a-4c7b-84aa-a28921900e21:192.168.30.6:34704], old=null, confs=<EMPTY_MAP>
2019-09-25 11:09:14,465 [pool-547-thread-1] INFO  server.RaftServerConfigKeys (ConfUtils.java:logGet(43)) - raft.server.storage.dir = [/workdir/hadoop-ozone/integration-test/target/test-dir/MiniOzoneClusterImpl-4b1c6350-cd3e-4172-b7a0-e9c66394f836/datanode-5/data/ratis] (custom)
2019-09-25 11:09:14,465 [pool-547-thread-1] INFO  storage.RaftStorageDirectory (RaftStorageDirectory.java:analyzeStorage(246)) - The storage directory /workdir/hadoop-ozone/integration-test/target/test-dir/MiniOzoneClusterImpl-4b1c6350-cd3e-4172-b7a0-e9c66394f836/datanode-5/data/ratis/7dbfcddb-6fc7-4211-9efe-cd91a94e1e2d does not exist. Creating ...
2019-09-25 11:09:14,478 [pool-547-thread-1] INFO  storage.RaftStorageDirectory (RaftStorageDirectory.java:tryLock(328)) - Lock on /workdir/hadoop-ozone/integration-test/target/test-dir/MiniOzoneClusterImpl-4b1c6350-cd3e-4172-b7a0-e9c66394f836/datanode-5/data/ratis/7dbfcddb-6fc7-4211-9efe-cd91a94e1e2d/in_use.lock acquired by nodename 21763@pr-hdds-1569-5gmkr-4255264070
2019-09-25 11:09:14,491 [pool-547-thread-1] INFO  storage.RaftStorage (RaftStorage.java:format(72)) - Storage directory /workdir/hadoop-ozone/integration-test/target/test-dir/MiniOzoneClusterImpl-4b1c6350-cd3e-4172-b7a0-e9c66394f836/datanode-5/data/ratis/7dbfcddb-6fc7-4211-9efe-cd91a94e1e2d has been successfully formatted.
2019-09-25 11:09:14,491 [pool-547-thread-1] INFO  ratis.ContainerStateMachine (ContainerStateMachine.java:loadSnapshot(230)) - group-CD91A94E1E2D: The snapshot info is null. Setting the last applied indexto:(t:0, i:~)
2019-09-25 11:09:14,491 [pool-547-thread-1] INFO  server.RaftServerConfigKeys (ConfUtils.java:logGet(43)) - raft.server.notification.no-leader.timeout = 120s (custom)
2019-09-25 11:09:14,491 [pool-547-thread-1] INFO  server.RaftServerConfigKeys (ConfUtils.java:logGet(43)) - raft.server.log.use.memory = false (default)
2019-09-25 11:09:14,492 [pool-547-thread-1] INFO  server.RaftServerConfigKeys (ConfUtils.java:logGet(43)) - raft.server.log.purge.gap = 1000000 (custom)
2019-09-25 11:09:14,492 [pool-547-thread-1] INFO  server.RaftServerConfigKeys (ConfUtils.java:logGet(43)) - raft.server.log.appender.buffer.byte-limit = 33554432 (custom)
2019-09-25 11:09:14,492 [pool-547-thread-1] INFO  server.RaftServerConfigKeys (ConfUtils.java:logGet(43)) - raft.server.log.segment.size.max = 1048576 (custom)
2019-09-25 11:09:14,492 [pool-547-thread-1] INFO  server.RaftServerConfigKeys (ConfUtils.java:logGet(43)) - raft.server.log.segment.cache.num.max = 2 (custom)
2019-09-25 11:09:14,492 [pool-547-thread-1] INFO  segmented.SegmentedRaftLogWorker (SegmentedRaftLogWorker.java:<init>(172)) - new 0b8a7ff0-298a-4c7b-84aa-a28921900e21@group-CD91A94E1E2D-SegmentedRaftLogWorker for RaftStorage:Storage Directory /workdir/hadoop-ozone/integration-test/target/test-dir/MiniOzoneClusterImpl-4b1c6350-cd3e-4172-b7a0-e9c66394f836/datanode-5/data/ratis/7dbfcddb-6fc7-4211-9efe-cd91a94e1e2d
2019-09-25 11:09:14,494 [pool-547-thread-1] INFO  server.RaftServerConfigKeys (ConfUtils.java:logGet(43)) - raft.server.log.queue.byte-limit = 2147483647 (custom)
2019-09-25 11:09:14,494 [pool-547-thread-1] INFO  server.RaftServerConfigKeys (ConfUtils.java:logGet(43)) - raft.server.log.queue.element-limit = 1024 (custom)
2019-09-25 11:09:14,494 [pool-547-thread-1] INFO  server.RaftServerConfigKeys (ConfUtils.java:logGet(43)) - raft.server.log.segment.size.max = 1048576 (custom)
2019-09-25 11:09:14,494 [pool-547-thread-1] INFO  server.RaftServerConfigKeys (ConfUtils.java:logGet(43)) - raft.server.log.preallocated.size = 16384 (custom)
2019-09-25 11:09:14,494 [pool-547-thread-1] INFO  server.RaftServerConfigKeys (ConfUtils.java:logGet(43)) - raft.server.log.write.buffer.size = 33554432 (custom)
2019-09-25 11:09:14,494 [pool-547-thread-1] INFO  server.RaftServerConfigKeys (ConfUtils.java:logGet(43)) - raft.server.log.force.sync.num = 128 (default)
2019-09-25 11:09:14,494 [pool-547-thread-1] INFO  server.RaftServerConfigKeys (ConfUtils.java:logGet(43)) - raft.server.log.statemachine.data.sync = true (default)
2019-09-25 11:09:14,494 [pool-547-thread-1] INFO  server.RaftServerConfigKeys (ConfUtils.java:logGet(43)) - raft.server.log.statemachine.data.sync.timeout = 10s (default)
2019-09-25 11:09:14,495 [pool-547-thread-1] INFO  server.RaftServerConfigKeys (ConfUtils.java:logGet(43)) - raft.server.log.statemachine.data.sync.timeout.retry = -1 (default)
2019-09-25 11:09:14,495 [pool-547-thread-1] INFO  server.RaftServerConfigKeys (ConfUtils.java:logGet(43)) - raft.server.log.statemachine.data.caching.enabled = true (custom)
2019-09-25 11:09:14,495 [pool-547-thread-1] INFO  segmented.SegmentedRaftLogWorker (SegmentedRaftLogWorker.java:lambda$new$0(132)) - 0b8a7ff0-298a-4c7b-84aa-a28921900e21@group-CD91A94E1E2D-SegmentedRaftLogWorker: flushIndex: setUnconditionally 0 -> -1
2019-09-25 11:09:14,495 [pool-547-thread-1] INFO  server.RaftServerConfigKeys (ConfUtils.java:logGet(43)) - raft.server.snapshot.auto.trigger.enabled = true (custom)
2019-09-25 11:09:14,495 [pool-547-thread-1] INFO  server.RaftServerConfigKeys (ConfUtils.java:logGet(43)) - raft.server.snapshot.auto.trigger.threshold = 10000 (custom)
2019-09-25 11:09:14,496 [pool-547-thread-1] INFO  server.RaftServerConfigKeys (ConfUtils.java:logGet(43)) - raft.server.snapshot.retention.num.files = 5 (custom)
2019-09-25 11:09:14,496 [pool-547-thread-1] INFO  server.RaftServerConfigKeys (ConfUtils.java:logGet(43)) - raft.server.retrycache.expirytime = 600000ms (custom)
2019-09-25 11:09:14,497 [pool-547-thread-1] INFO  impl.RaftServerImpl (RaftServerImpl.java:start(185)) - 0b8a7ff0-298a-4c7b-84aa-a28921900e21@group-CD91A94E1E2D: start as a follower, conf=-1: [0b8a7ff0-298a-4c7b-84aa-a28921900e21:192.168.30.6:34704], old=null
2019-09-25 11:09:14,497 [pool-547-thread-1] INFO  impl.RaftServerImpl (RaftServerImpl.java:setRole(174)) - 0b8a7ff0-298a-4c7b-84aa-a28921900e21@group-CD91A94E1E2D: changes role from      null to FOLLOWER at term 0 for startAsFollower
2019-09-25 11:09:14,497 [pool-547-thread-1] INFO  impl.RoleInfo (RoleInfo.java:updateAndGet(143)) - 0b8a7ff0-298a-4c7b-84aa-a28921900e21: start FollowerState
2019-09-25 11:09:14,498 [pool-547-thread-1] INFO  util.JmxRegister (JmxRegister.java:tryRegister(44)) - Successfully registered JMX Bean with object name Ratis:service=RaftServer,group=group-CD91A94E1E2D,id=0b8a7ff0-298a-4c7b-84aa-a28921900e21
2019-09-25 11:09:14,500 [RatisPipelineUtilsThread] INFO  pipeline.PipelineStateManager (PipelineStateManager.java:addPipeline(56)) - Created pipeline Pipeline[ Id: 7dbfcddb-6fc7-4211-9efe-cd91a94e1e2d, Nodes: 0b8a7ff0-298a-4c7b-84aa-a28921900e21{ip: 192.168.30.6, host: pr-hdds-1569-5gmkr-4255264070, networkLocation: /default-rack, certSerialId: null}, Type:RATIS, Factor:ONE, State:OPEN]
2019-09-25 11:09:14,500 [RatisPipelineUtilsThread] INFO  pipeline.PipelinePlacementPolicy (PipelinePlacementPolicy.java:meetCriteria(91)) - Pipeline Placement: can't place more pipeline on heavy datanode： a8823747-7b39-4599-aab8-abab9e384ab8 Heaviness: 6 limit: 5
2019-09-25 11:09:14,503 [grpc-default-executor-1] INFO  impl.RaftServerProxy (RaftServerProxy.java:addNew(89)) - 97301ee4-d551-4dc8-86de-1a37740aeeca: addNew group-B8A70FA84C7F:[97301ee4-d551-4dc8-86de-1a37740aeeca:192.168.30.6:39526] returns group-B8A70FA84C7F:java.util.concurrent.CompletableFuture@6071500c[Not completed]
2019-09-25 11:09:14,504 [pool-517-thread-1] INFO  impl.RaftServerImpl (RaftServerImpl.java:<init>(95)) - 97301ee4-d551-4dc8-86de-1a37740aeeca: new RaftServerImpl for group-B8A70FA84C7F:[97301ee4-d551-4dc8-86de-1a37740aeeca:192.168.30.6:39526] with ContainerStateMachine:uninitialized
2019-09-25 11:09:14,504 [pool-517-thread-1] INFO  server.RaftServerConfigKeys (ConfUtils.java:logGet(43)) - raft.server.rpc.timeout.min = 5s (custom)
2019-09-25 11:09:14,504 [pool-517-thread-1] INFO  server.RaftServerConfigKeys (ConfUtils.java:logGet(43)) - raft.server.rpc.timeout.max = 5200ms (custom)
2019-09-25 11:09:14,504 [pool-517-thread-1] INFO  server.RaftServerConfigKeys (ConfUtils.java:logGet(43)) - raft.server.rpcslowness.timeout = 120s (custom)
2019-09-25 11:09:14,504 [pool-517-thread-1] INFO  server.RaftServerConfigKeys (ConfUtils.java:logGet(43)) - raft.server.sleep.deviation.threshold = 300 (default)
2019-09-25 11:09:14,505 [pool-517-thread-1] INFO  server.RaftServerConfigKeys (ConfUtils.java:logGet(43)) - raft.server.log.appender.install.snapshot.enabled = false (custom)
2019-09-25 11:09:14,505 [pool-517-thread-1] INFO  impl.RaftServerImpl (ServerState.java:<init>(103)) - 97301ee4-d551-4dc8-86de-1a37740aeeca@group-B8A70FA84C7F: ConfigurationManager, init=-1: [97301ee4-d551-4dc8-86de-1a37740aeeca:192.168.30.6:39526], old=null, confs=<EMPTY_MAP>
2019-09-25 11:09:14,505 [pool-517-thread-1] INFO  server.RaftServerConfigKeys (ConfUtils.java:logGet(43)) - raft.server.storage.dir = [/workdir/hadoop-ozone/integration-test/target/test-dir/MiniOzoneClusterImpl-4b1c6350-cd3e-4172-b7a0-e9c66394f836/datanode-2/data/ratis] (custom)
2019-09-25 11:09:14,505 [pool-517-thread-1] INFO  storage.RaftStorageDirectory (RaftStorageDirectory.java:analyzeStorage(246)) - The storage directory /workdir/hadoop-ozone/integration-test/target/test-dir/MiniOzoneClusterImpl-4b1c6350-cd3e-4172-b7a0-e9c66394f836/datanode-2/data/ratis/1fc8a976-7293-4093-adc0-b8a70fa84c7f does not exist. Creating ...
2019-09-25 11:09:14,518 [pool-517-thread-1] INFO  storage.RaftStorageDirectory (RaftStorageDirectory.java:tryLock(328)) - Lock on /workdir/hadoop-ozone/integration-test/target/test-dir/MiniOzoneClusterImpl-4b1c6350-cd3e-4172-b7a0-e9c66394f836/datanode-2/data/ratis/1fc8a976-7293-4093-adc0-b8a70fa84c7f/in_use.lock acquired by nodename 21763@pr-hdds-1569-5gmkr-4255264070
2019-09-25 11:09:14,531 [pool-517-thread-1] INFO  storage.RaftStorage (RaftStorage.java:format(72)) - Storage directory /workdir/hadoop-ozone/integration-test/target/test-dir/MiniOzoneClusterImpl-4b1c6350-cd3e-4172-b7a0-e9c66394f836/datanode-2/data/ratis/1fc8a976-7293-4093-adc0-b8a70fa84c7f has been successfully formatted.
2019-09-25 11:09:14,532 [pool-517-thread-1] INFO  ratis.ContainerStateMachine (ContainerStateMachine.java:loadSnapshot(230)) - group-B8A70FA84C7F: The snapshot info is null. Setting the last applied indexto:(t:0, i:~)
2019-09-25 11:09:14,532 [pool-517-thread-1] INFO  server.RaftServerConfigKeys (ConfUtils.java:logGet(43)) - raft.server.notification.no-leader.timeout = 120s (custom)
2019-09-25 11:09:14,532 [pool-517-thread-1] INFO  server.RaftServerConfigKeys (ConfUtils.java:logGet(43)) - raft.server.log.use.memory = false (default)
2019-09-25 11:09:14,532 [pool-517-thread-1] INFO  server.RaftServerConfigKeys (ConfUtils.java:logGet(43)) - raft.server.log.purge.gap = 1000000 (custom)
2019-09-25 11:09:14,532 [pool-517-thread-1] INFO  server.RaftServerConfigKeys (ConfUtils.java:logGet(43)) - raft.server.log.appender.buffer.byte-limit = 33554432 (custom)
2019-09-25 11:09:14,532 [pool-517-thread-1] INFO  server.RaftServerConfigKeys (ConfUtils.java:logGet(43)) - raft.server.log.segment.size.max = 1048576 (custom)
2019-09-25 11:09:14,533 [pool-517-thread-1] INFO  server.RaftServerConfigKeys (ConfUtils.java:logGet(43)) - raft.server.log.segment.cache.num.max = 2 (custom)
2019-09-25 11:09:14,533 [pool-517-thread-1] INFO  segmented.SegmentedRaftLogWorker (SegmentedRaftLogWorker.java:<init>(172)) - new 97301ee4-d551-4dc8-86de-1a37740aeeca@group-B8A70FA84C7F-SegmentedRaftLogWorker for RaftStorage:Storage Directory /workdir/hadoop-ozone/integration-test/target/test-dir/MiniOzoneClusterImpl-4b1c6350-cd3e-4172-b7a0-e9c66394f836/datanode-2/data/ratis/1fc8a976-7293-4093-adc0-b8a70fa84c7f
2019-09-25 11:09:14,533 [pool-517-thread-1] INFO  server.RaftServerConfigKeys (ConfUtils.java:logGet(43)) - raft.server.log.queue.byte-limit = 2147483647 (custom)
2019-09-25 11:09:14,533 [pool-517-thread-1] INFO  server.RaftServerConfigKeys (ConfUtils.java:logGet(43)) - raft.server.log.queue.element-limit = 1024 (custom)
2019-09-25 11:09:14,533 [pool-517-thread-1] INFO  server.RaftServerConfigKeys (ConfUtils.java:logGet(43)) - raft.server.log.segment.size.max = 1048576 (custom)
2019-09-25 11:09:14,533 [pool-517-thread-1] INFO  server.RaftServerConfigKeys (ConfUtils.java:logGet(43)) - raft.server.log.preallocated.size = 16384 (custom)
2019-09-25 11:09:14,533 [pool-517-thread-1] INFO  server.RaftServerConfigKeys (ConfUtils.java:logGet(43)) - raft.server.log.write.buffer.size = 33554432 (custom)
2019-09-25 11:09:14,533 [pool-517-thread-1] INFO  server.RaftServerConfigKeys (ConfUtils.java:logGet(43)) - raft.server.log.force.sync.num = 128 (default)
2019-09-25 11:09:14,534 [pool-517-thread-1] INFO  server.RaftServerConfigKeys (ConfUtils.java:logGet(43)) - raft.server.log.statemachine.data.sync = true (default)
2019-09-25 11:09:14,534 [pool-517-thread-1] INFO  server.RaftServerConfigKeys (ConfUtils.java:logGet(43)) - raft.server.log.statemachine.data.sync.timeout = 10s (default)
2019-09-25 11:09:14,534 [pool-517-thread-1] INFO  server.RaftServerConfigKeys (ConfUtils.java:logGet(43)) - raft.server.log.statemachine.data.sync.timeout.retry = -1 (default)
2019-09-25 11:09:14,534 [pool-517-thread-1] INFO  server.RaftServerConfigKeys (ConfUtils.java:logGet(43)) - raft.server.log.statemachine.data.caching.enabled = true (custom)
2019-09-25 11:09:14,534 [pool-517-thread-1] INFO  segmented.SegmentedRaftLogWorker (SegmentedRaftLogWorker.java:lambda$new$0(132)) - 97301ee4-d551-4dc8-86de-1a37740aeeca@group-B8A70FA84C7F-SegmentedRaftLogWorker: flushIndex: setUnconditionally 0 -> -1
2019-09-25 11:09:14,535 [pool-517-thread-1] INFO  server.RaftServerConfigKeys (ConfUtils.java:logGet(43)) - raft.server.snapshot.auto.trigger.enabled = true (custom)
2019-09-25 11:09:14,535 [pool-517-thread-1] INFO  server.RaftServerConfigKeys (ConfUtils.java:logGet(43)) - raft.server.snapshot.auto.trigger.threshold = 10000 (custom)
2019-09-25 11:09:14,535 [pool-517-thread-1] INFO  server.RaftServerConfigKeys (ConfUtils.java:logGet(43)) - raft.server.snapshot.retention.num.files = 5 (custom)
2019-09-25 11:09:14,535 [pool-517-thread-1] INFO  server.RaftServerConfigKeys (ConfUtils.java:logGet(43)) - raft.server.retrycache.expirytime = 600000ms (custom)
2019-09-25 11:09:14,537 [pool-517-thread-1] INFO  impl.RaftServerImpl (RaftServerImpl.java:start(185)) - 97301ee4-d551-4dc8-86de-1a37740aeeca@group-B8A70FA84C7F: start as a follower, conf=-1: [97301ee4-d551-4dc8-86de-1a37740aeeca:192.168.30.6:39526], old=null
2019-09-25 11:09:14,537 [pool-517-thread-1] INFO  impl.RaftServerImpl (RaftServerImpl.java:setRole(174)) - 97301ee4-d551-4dc8-86de-1a37740aeeca@group-B8A70FA84C7F: changes role from      null to FOLLOWER at term 0 for startAsFollower
2019-09-25 11:09:14,537 [pool-517-thread-1] INFO  impl.RoleInfo (RoleInfo.java:updateAndGet(143)) - 97301ee4-d551-4dc8-86de-1a37740aeeca: start FollowerState
2019-09-25 11:09:14,537 [pool-517-thread-1] INFO  util.JmxRegister (JmxRegister.java:tryRegister(44)) - Successfully registered JMX Bean with object name Ratis:service=RaftServer,group=group-B8A70FA84C7F,id=97301ee4-d551-4dc8-86de-1a37740aeeca
2019-09-25 11:09:14,539 [RatisPipelineUtilsThread] INFO  pipeline.PipelineStateManager (PipelineStateManager.java:addPipeline(56)) - Created pipeline Pipeline[ Id: 1fc8a976-7293-4093-adc0-b8a70fa84c7f, Nodes: 97301ee4-d551-4dc8-86de-1a37740aeeca{ip: 192.168.30.6, host: pr-hdds-1569-5gmkr-4255264070, networkLocation: /default-rack, certSerialId: null}, Type:RATIS, Factor:ONE, State:OPEN]
2019-09-25 11:09:14,539 [RatisPipelineUtilsThread] INFO  pipeline.PipelinePlacementPolicy (PipelinePlacementPolicy.java:meetCriteria(91)) - Pipeline Placement: can't place more pipeline on heavy datanode： a8823747-7b39-4599-aab8-abab9e384ab8 Heaviness: 6 limit: 5
2019-09-25 11:09:14,542 [grpc-default-executor-1] INFO  impl.RaftServerProxy (RaftServerProxy.java:addNew(89)) - 0ce03005-f534-496c-a0eb-c417dd14ba94: addNew group-F76DAFA8E164:[0ce03005-f534-496c-a0eb-c417dd14ba94:192.168.30.6:34724] returns group-F76DAFA8E164:java.util.concurrent.CompletableFuture@632bf5d3[Not completed]
2019-09-25 11:09:14,543 [pool-527-thread-1] INFO  impl.RaftServerImpl (RaftServerImpl.java:<init>(95)) - 0ce03005-f534-496c-a0eb-c417dd14ba94: new RaftServerImpl for group-F76DAFA8E164:[0ce03005-f534-496c-a0eb-c417dd14ba94:192.168.30.6:34724] with ContainerStateMachine:uninitialized
2019-09-25 11:09:14,543 [pool-527-thread-1] INFO  server.RaftServerConfigKeys (ConfUtils.java:logGet(43)) - raft.server.rpc.timeout.min = 5s (custom)
2019-09-25 11:09:14,543 [pool-527-thread-1] INFO  server.RaftServerConfigKeys (ConfUtils.java:logGet(43)) - raft.server.rpc.timeout.max = 5200ms (custom)
2019-09-25 11:09:14,543 [pool-527-thread-1] INFO  server.RaftServerConfigKeys (ConfUtils.java:logGet(43)) - raft.server.rpcslowness.timeout = 120s (custom)
2019-09-25 11:09:14,543 [pool-527-thread-1] INFO  server.RaftServerConfigKeys (ConfUtils.java:logGet(43)) - raft.server.sleep.deviation.threshold = 300 (default)
2019-09-25 11:09:14,543 [pool-527-thread-1] INFO  server.RaftServerConfigKeys (ConfUtils.java:logGet(43)) - raft.server.log.appender.install.snapshot.enabled = false (custom)
2019-09-25 11:09:14,544 [pool-527-thread-1] INFO  impl.RaftServerImpl (ServerState.java:<init>(103)) - 0ce03005-f534-496c-a0eb-c417dd14ba94@group-F76DAFA8E164: ConfigurationManager, init=-1: [0ce03005-f534-496c-a0eb-c417dd14ba94:192.168.30.6:34724], old=null, confs=<EMPTY_MAP>
2019-09-25 11:09:14,544 [pool-527-thread-1] INFO  server.RaftServerConfigKeys (ConfUtils.java:logGet(43)) - raft.server.storage.dir = [/workdir/hadoop-ozone/integration-test/target/test-dir/MiniOzoneClusterImpl-4b1c6350-cd3e-4172-b7a0-e9c66394f836/datanode-3/data/ratis] (custom)
2019-09-25 11:09:14,544 [pool-527-thread-1] INFO  storage.RaftStorageDirectory (RaftStorageDirectory.java:analyzeStorage(246)) - The storage directory /workdir/hadoop-ozone/integration-test/target/test-dir/MiniOzoneClusterImpl-4b1c6350-cd3e-4172-b7a0-e9c66394f836/datanode-3/data/ratis/7ccf220e-2c85-480e-8fa4-f76dafa8e164 does not exist. Creating ...
2019-09-25 11:09:14,557 [pool-527-thread-1] INFO  storage.RaftStorageDirectory (RaftStorageDirectory.java:tryLock(328)) - Lock on /workdir/hadoop-ozone/integration-test/target/test-dir/MiniOzoneClusterImpl-4b1c6350-cd3e-4172-b7a0-e9c66394f836/datanode-3/data/ratis/7ccf220e-2c85-480e-8fa4-f76dafa8e164/in_use.lock acquired by nodename 21763@pr-hdds-1569-5gmkr-4255264070
2019-09-25 11:09:14,569 [pool-527-thread-1] INFO  storage.RaftStorage (RaftStorage.java:format(72)) - Storage directory /workdir/hadoop-ozone/integration-test/target/test-dir/MiniOzoneClusterImpl-4b1c6350-cd3e-4172-b7a0-e9c66394f836/datanode-3/data/ratis/7ccf220e-2c85-480e-8fa4-f76dafa8e164 has been successfully formatted.
2019-09-25 11:09:14,569 [pool-527-thread-1] INFO  ratis.ContainerStateMachine (ContainerStateMachine.java:loadSnapshot(230)) - group-F76DAFA8E164: The snapshot info is null. Setting the last applied indexto:(t:0, i:~)
2019-09-25 11:09:14,569 [pool-527-thread-1] INFO  server.RaftServerConfigKeys (ConfUtils.java:logGet(43)) - raft.server.notification.no-leader.timeout = 120s (custom)
2019-09-25 11:09:14,569 [pool-527-thread-1] INFO  server.RaftServerConfigKeys (ConfUtils.java:logGet(43)) - raft.server.log.use.memory = false (default)
2019-09-25 11:09:14,570 [pool-527-thread-1] INFO  server.RaftServerConfigKeys (ConfUtils.java:logGet(43)) - raft.server.log.purge.gap = 1000000 (custom)
2019-09-25 11:09:14,570 [pool-527-thread-1] INFO  server.RaftServerConfigKeys (ConfUtils.java:logGet(43)) - raft.server.log.appender.buffer.byte-limit = 33554432 (custom)
2019-09-25 11:09:14,570 [pool-527-thread-1] INFO  server.RaftServerConfigKeys (ConfUtils.java:logGet(43)) - raft.server.log.segment.size.max = 1048576 (custom)
2019-09-25 11:09:14,570 [pool-527-thread-1] INFO  server.RaftServerConfigKeys (ConfUtils.java:logGet(43)) - raft.server.log.segment.cache.num.max = 2 (custom)
2019-09-25 11:09:14,570 [pool-527-thread-1] INFO  segmented.SegmentedRaftLogWorker (SegmentedRaftLogWorker.java:<init>(172)) - new 0ce03005-f534-496c-a0eb-c417dd14ba94@group-F76DAFA8E164-SegmentedRaftLogWorker for RaftStorage:Storage Directory /workdir/hadoop-ozone/integration-test/target/test-dir/MiniOzoneClusterImpl-4b1c6350-cd3e-4172-b7a0-e9c66394f836/datanode-3/data/ratis/7ccf220e-2c85-480e-8fa4-f76dafa8e164
2019-09-25 11:09:14,570 [pool-527-thread-1] INFO  server.RaftServerConfigKeys (ConfUtils.java:logGet(43)) - raft.server.log.queue.byte-limit = 2147483647 (custom)
2019-09-25 11:09:14,570 [pool-527-thread-1] INFO  server.RaftServerConfigKeys (ConfUtils.java:logGet(43)) - raft.server.log.queue.element-limit = 1024 (custom)
2019-09-25 11:09:14,570 [pool-527-thread-1] INFO  server.RaftServerConfigKeys (ConfUtils.java:logGet(43)) - raft.server.log.segment.size.max = 1048576 (custom)
2019-09-25 11:09:14,571 [pool-527-thread-1] INFO  server.RaftServerConfigKeys (ConfUtils.java:logGet(43)) - raft.server.log.preallocated.size = 16384 (custom)
2019-09-25 11:09:14,571 [pool-527-thread-1] INFO  server.RaftServerConfigKeys (ConfUtils.java:logGet(43)) - raft.server.log.write.buffer.size = 33554432 (custom)
2019-09-25 11:09:14,571 [pool-527-thread-1] INFO  server.RaftServerConfigKeys (ConfUtils.java:logGet(43)) - raft.server.log.force.sync.num = 128 (default)
2019-09-25 11:09:14,571 [pool-527-thread-1] INFO  server.RaftServerConfigKeys (ConfUtils.java:logGet(43)) - raft.server.log.statemachine.data.sync = true (default)
2019-09-25 11:09:14,571 [pool-527-thread-1] INFO  server.RaftServerConfigKeys (ConfUtils.java:logGet(43)) - raft.server.log.statemachine.data.sync.timeout = 10s (default)
2019-09-25 11:09:14,571 [pool-527-thread-1] INFO  server.RaftServerConfigKeys (ConfUtils.java:logGet(43)) - raft.server.log.statemachine.data.sync.timeout.retry = -1 (default)
2019-09-25 11:09:14,571 [pool-527-thread-1] INFO  server.RaftServerConfigKeys (ConfUtils.java:logGet(43)) - raft.server.log.statemachine.data.caching.enabled = true (custom)
2019-09-25 11:09:14,571 [pool-527-thread-1] INFO  segmented.SegmentedRaftLogWorker (SegmentedRaftLogWorker.java:lambda$new$0(132)) - 0ce03005-f534-496c-a0eb-c417dd14ba94@group-F76DAFA8E164-SegmentedRaftLogWorker: flushIndex: setUnconditionally 0 -> -1
2019-09-25 11:09:14,572 [pool-527-thread-1] INFO  server.RaftServerConfigKeys (ConfUtils.java:logGet(43)) - raft.server.snapshot.auto.trigger.enabled = true (custom)
2019-09-25 11:09:14,572 [pool-527-thread-1] INFO  server.RaftServerConfigKeys (ConfUtils.java:logGet(43)) - raft.server.snapshot.auto.trigger.threshold = 10000 (custom)
2019-09-25 11:09:14,572 [pool-527-thread-1] INFO  server.RaftServerConfigKeys (ConfUtils.java:logGet(43)) - raft.server.snapshot.retention.num.files = 5 (custom)
2019-09-25 11:09:14,572 [pool-527-thread-1] INFO  server.RaftServerConfigKeys (ConfUtils.java:logGet(43)) - raft.server.retrycache.expirytime = 600000ms (custom)
2019-09-25 11:09:14,573 [pool-527-thread-1] INFO  impl.RaftServerImpl (RaftServerImpl.java:start(185)) - 0ce03005-f534-496c-a0eb-c417dd14ba94@group-F76DAFA8E164: start as a follower, conf=-1: [0ce03005-f534-496c-a0eb-c417dd14ba94:192.168.30.6:34724], old=null
2019-09-25 11:09:14,574 [pool-527-thread-1] INFO  impl.RaftServerImpl (RaftServerImpl.java:setRole(174)) - 0ce03005-f534-496c-a0eb-c417dd14ba94@group-F76DAFA8E164: changes role from      null to FOLLOWER at term 0 for startAsFollower
2019-09-25 11:09:14,574 [pool-527-thread-1] INFO  impl.RoleInfo (RoleInfo.java:updateAndGet(143)) - 0ce03005-f534-496c-a0eb-c417dd14ba94: start FollowerState
2019-09-25 11:09:14,574 [pool-527-thread-1] INFO  util.JmxRegister (JmxRegister.java:tryRegister(44)) - Successfully registered JMX Bean with object name Ratis:service=RaftServer,group=group-F76DAFA8E164,id=0ce03005-f534-496c-a0eb-c417dd14ba94
2019-09-25 11:09:14,575 [RatisPipelineUtilsThread] INFO  pipeline.PipelineStateManager (PipelineStateManager.java:addPipeline(56)) - Created pipeline Pipeline[ Id: 7ccf220e-2c85-480e-8fa4-f76dafa8e164, Nodes: 0ce03005-f534-496c-a0eb-c417dd14ba94{ip: 192.168.30.6, host: pr-hdds-1569-5gmkr-4255264070, networkLocation: /default-rack, certSerialId: null}, Type:RATIS, Factor:ONE, State:OPEN]
2019-09-25 11:09:14,576 [RatisPipelineUtilsThread] INFO  pipeline.PipelinePlacementPolicy (PipelinePlacementPolicy.java:meetCriteria(91)) - Pipeline Placement: can't place more pipeline on heavy datanode： a8823747-7b39-4599-aab8-abab9e384ab8 Heaviness: 6 limit: 5
2019-09-25 11:09:14,578 [grpc-default-executor-1] INFO  impl.RaftServerProxy (RaftServerProxy.java:addNew(89)) - 0ce03005-f534-496c-a0eb-c417dd14ba94: addNew group-05926D0EAFF1:[0ce03005-f534-496c-a0eb-c417dd14ba94:192.168.30.6:34724] returns group-05926D0EAFF1:java.util.concurrent.CompletableFuture@a1c92d2[Not completed]
2019-09-25 11:09:14,579 [pool-527-thread-1] INFO  impl.RaftServerImpl (RaftServerImpl.java:<init>(95)) - 0ce03005-f534-496c-a0eb-c417dd14ba94: new RaftServerImpl for group-05926D0EAFF1:[0ce03005-f534-496c-a0eb-c417dd14ba94:192.168.30.6:34724] with ContainerStateMachine:uninitialized
2019-09-25 11:09:14,579 [pool-527-thread-1] INFO  server.RaftServerConfigKeys (ConfUtils.java:logGet(43)) - raft.server.rpc.timeout.min = 5s (custom)
2019-09-25 11:09:14,579 [pool-527-thread-1] INFO  server.RaftServerConfigKeys (ConfUtils.java:logGet(43)) - raft.server.rpc.timeout.max = 5200ms (custom)
2019-09-25 11:09:14,579 [pool-527-thread-1] INFO  server.RaftServerConfigKeys (ConfUtils.java:logGet(43)) - raft.server.rpcslowness.timeout = 120s (custom)
2019-09-25 11:09:14,579 [pool-527-thread-1] INFO  server.RaftServerConfigKeys (ConfUtils.java:logGet(43)) - raft.server.sleep.deviation.threshold = 300 (default)
2019-09-25 11:09:14,579 [pool-527-thread-1] INFO  server.RaftServerConfigKeys (ConfUtils.java:logGet(43)) - raft.server.log.appender.install.snapshot.enabled = false (custom)
2019-09-25 11:09:14,580 [pool-527-thread-1] INFO  impl.RaftServerImpl (ServerState.java:<init>(103)) - 0ce03005-f534-496c-a0eb-c417dd14ba94@group-05926D0EAFF1: ConfigurationManager, init=-1: [0ce03005-f534-496c-a0eb-c417dd14ba94:192.168.30.6:34724], old=null, confs=<EMPTY_MAP>
2019-09-25 11:09:14,580 [pool-527-thread-1] INFO  server.RaftServerConfigKeys (ConfUtils.java:logGet(43)) - raft.server.storage.dir = [/workdir/hadoop-ozone/integration-test/target/test-dir/MiniOzoneClusterImpl-4b1c6350-cd3e-4172-b7a0-e9c66394f836/datanode-3/data/ratis] (custom)
2019-09-25 11:09:14,580 [pool-527-thread-1] INFO  storage.RaftStorageDirectory (RaftStorageDirectory.java:analyzeStorage(246)) - The storage directory /workdir/hadoop-ozone/integration-test/target/test-dir/MiniOzoneClusterImpl-4b1c6350-cd3e-4172-b7a0-e9c66394f836/datanode-3/data/ratis/a9dac57a-7a95-40a1-a55b-05926d0eaff1 does not exist. Creating ...
2019-09-25 11:09:14,592 [pool-527-thread-1] INFO  storage.RaftStorageDirectory (RaftStorageDirectory.java:tryLock(328)) - Lock on /workdir/hadoop-ozone/integration-test/target/test-dir/MiniOzoneClusterImpl-4b1c6350-cd3e-4172-b7a0-e9c66394f836/datanode-3/data/ratis/a9dac57a-7a95-40a1-a55b-05926d0eaff1/in_use.lock acquired by nodename 21763@pr-hdds-1569-5gmkr-4255264070
2019-09-25 11:09:14,605 [pool-527-thread-1] INFO  storage.RaftStorage (RaftStorage.java:format(72)) - Storage directory /workdir/hadoop-ozone/integration-test/target/test-dir/MiniOzoneClusterImpl-4b1c6350-cd3e-4172-b7a0-e9c66394f836/datanode-3/data/ratis/a9dac57a-7a95-40a1-a55b-05926d0eaff1 has been successfully formatted.
2019-09-25 11:09:14,605 [pool-527-thread-1] INFO  ratis.ContainerStateMachine (ContainerStateMachine.java:loadSnapshot(230)) - group-05926D0EAFF1: The snapshot info is null. Setting the last applied indexto:(t:0, i:~)
2019-09-25 11:09:14,605 [pool-527-thread-1] INFO  server.RaftServerConfigKeys (ConfUtils.java:logGet(43)) - raft.server.notification.no-leader.timeout = 120s (custom)
2019-09-25 11:09:14,605 [pool-527-thread-1] INFO  server.RaftServerConfigKeys (ConfUtils.java:logGet(43)) - raft.server.log.use.memory = false (default)
2019-09-25 11:09:14,605 [pool-527-thread-1] INFO  server.RaftServerConfigKeys (ConfUtils.java:logGet(43)) - raft.server.log.purge.gap = 1000000 (custom)
2019-09-25 11:09:14,605 [pool-527-thread-1] INFO  server.RaftServerConfigKeys (ConfUtils.java:logGet(43)) - raft.server.log.appender.buffer.byte-limit = 33554432 (custom)
2019-09-25 11:09:14,605 [pool-527-thread-1] INFO  server.RaftServerConfigKeys (ConfUtils.java:logGet(43)) - raft.server.log.segment.size.max = 1048576 (custom)
2019-09-25 11:09:14,606 [pool-527-thread-1] INFO  server.RaftServerConfigKeys (ConfUtils.java:logGet(43)) - raft.server.log.segment.cache.num.max = 2 (custom)
2019-09-25 11:09:14,606 [pool-527-thread-1] INFO  segmented.SegmentedRaftLogWorker (SegmentedRaftLogWorker.java:<init>(172)) - new 0ce03005-f534-496c-a0eb-c417dd14ba94@group-05926D0EAFF1-SegmentedRaftLogWorker for RaftStorage:Storage Directory /workdir/hadoop-ozone/integration-test/target/test-dir/MiniOzoneClusterImpl-4b1c6350-cd3e-4172-b7a0-e9c66394f836/datanode-3/data/ratis/a9dac57a-7a95-40a1-a55b-05926d0eaff1
2019-09-25 11:09:14,606 [pool-527-thread-1] INFO  server.RaftServerConfigKeys (ConfUtils.java:logGet(43)) - raft.server.log.queue.byte-limit = 2147483647 (custom)
2019-09-25 11:09:14,606 [pool-527-thread-1] INFO  server.RaftServerConfigKeys (ConfUtils.java:logGet(43)) - raft.server.log.queue.element-limit = 1024 (custom)
2019-09-25 11:09:14,606 [pool-527-thread-1] INFO  server.RaftServerConfigKeys (ConfUtils.java:logGet(43)) - raft.server.log.segment.size.max = 1048576 (custom)
2019-09-25 11:09:14,606 [pool-527-thread-1] INFO  server.RaftServerConfigKeys (ConfUtils.java:logGet(43)) - raft.server.log.preallocated.size = 16384 (custom)
2019-09-25 11:09:14,606 [pool-527-thread-1] INFO  server.RaftServerConfigKeys (ConfUtils.java:logGet(43)) - raft.server.log.write.buffer.size = 33554432 (custom)
2019-09-25 11:09:14,606 [pool-527-thread-1] INFO  server.RaftServerConfigKeys (ConfUtils.java:logGet(43)) - raft.server.log.force.sync.num = 128 (default)
2019-09-25 11:09:14,607 [pool-527-thread-1] INFO  server.RaftServerConfigKeys (ConfUtils.java:logGet(43)) - raft.server.log.statemachine.data.sync = true (default)
2019-09-25 11:09:14,607 [pool-527-thread-1] INFO  server.RaftServerConfigKeys (ConfUtils.java:logGet(43)) - raft.server.log.statemachine.data.sync.timeout = 10s (default)
2019-09-25 11:09:14,607 [pool-527-thread-1] INFO  server.RaftServerConfigKeys (ConfUtils.java:logGet(43)) - raft.server.log.statemachine.data.sync.timeout.retry = -1 (default)
2019-09-25 11:09:14,607 [pool-527-thread-1] INFO  server.RaftServerConfigKeys (ConfUtils.java:logGet(43)) - raft.server.log.statemachine.data.caching.enabled = true (custom)
2019-09-25 11:09:14,607 [pool-527-thread-1] INFO  segmented.SegmentedRaftLogWorker (SegmentedRaftLogWorker.java:lambda$new$0(132)) - 0ce03005-f534-496c-a0eb-c417dd14ba94@group-05926D0EAFF1-SegmentedRaftLogWorker: flushIndex: setUnconditionally 0 -> -1
2019-09-25 11:09:14,607 [pool-527-thread-1] INFO  server.RaftServerConfigKeys (ConfUtils.java:logGet(43)) - raft.server.snapshot.auto.trigger.enabled = true (custom)
2019-09-25 11:09:14,607 [pool-527-thread-1] INFO  server.RaftServerConfigKeys (ConfUtils.java:logGet(43)) - raft.server.snapshot.auto.trigger.threshold = 10000 (custom)
2019-09-25 11:09:14,608 [pool-527-thread-1] INFO  server.RaftServerConfigKeys (ConfUtils.java:logGet(43)) - raft.server.snapshot.retention.num.files = 5 (custom)
2019-09-25 11:09:14,608 [pool-527-thread-1] INFO  server.RaftServerConfigKeys (ConfUtils.java:logGet(43)) - raft.server.retrycache.expirytime = 600000ms (custom)
2019-09-25 11:09:14,609 [pool-527-thread-1] INFO  impl.RaftServerImpl (RaftServerImpl.java:start(185)) - 0ce03005-f534-496c-a0eb-c417dd14ba94@group-05926D0EAFF1: start as a follower, conf=-1: [0ce03005-f534-496c-a0eb-c417dd14ba94:192.168.30.6:34724], old=null
2019-09-25 11:09:14,609 [pool-527-thread-1] INFO  impl.RaftServerImpl (RaftServerImpl.java:setRole(174)) - 0ce03005-f534-496c-a0eb-c417dd14ba94@group-05926D0EAFF1: changes role from      null to FOLLOWER at term 0 for startAsFollower
2019-09-25 11:09:14,609 [pool-527-thread-1] INFO  impl.RoleInfo (RoleInfo.java:updateAndGet(143)) - 0ce03005-f534-496c-a0eb-c417dd14ba94: start FollowerState
2019-09-25 11:09:14,609 [pool-527-thread-1] INFO  util.JmxRegister (JmxRegister.java:tryRegister(44)) - Successfully registered JMX Bean with object name Ratis:service=RaftServer,group=group-05926D0EAFF1,id=0ce03005-f534-496c-a0eb-c417dd14ba94
2019-09-25 11:09:14,611 [RatisPipelineUtilsThread] INFO  pipeline.PipelineStateManager (PipelineStateManager.java:addPipeline(56)) - Created pipeline Pipeline[ Id: a9dac57a-7a95-40a1-a55b-05926d0eaff1, Nodes: 0ce03005-f534-496c-a0eb-c417dd14ba94{ip: 192.168.30.6, host: pr-hdds-1569-5gmkr-4255264070, networkLocation: /default-rack, certSerialId: null}, Type:RATIS, Factor:ONE, State:OPEN]
2019-09-25 11:09:14,611 [RatisPipelineUtilsThread] INFO  pipeline.PipelinePlacementPolicy (PipelinePlacementPolicy.java:meetCriteria(91)) - Pipeline Placement: can't place more pipeline on heavy datanode： a8823747-7b39-4599-aab8-abab9e384ab8 Heaviness: 6 limit: 5
2019-09-25 11:09:14,614 [grpc-default-executor-1] INFO  impl.RaftServerProxy (RaftServerProxy.java:addNew(89)) - 0ce03005-f534-496c-a0eb-c417dd14ba94: addNew group-8389D2F12CAA:[0ce03005-f534-496c-a0eb-c417dd14ba94:192.168.30.6:34724] returns group-8389D2F12CAA:java.util.concurrent.CompletableFuture@66c3796e[Not completed]
2019-09-25 11:09:14,614 [pool-527-thread-1] INFO  impl.RaftServerImpl (RaftServerImpl.java:<init>(95)) - 0ce03005-f534-496c-a0eb-c417dd14ba94: new RaftServerImpl for group-8389D2F12CAA:[0ce03005-f534-496c-a0eb-c417dd14ba94:192.168.30.6:34724] with ContainerStateMachine:uninitialized
2019-09-25 11:09:14,615 [pool-527-thread-1] INFO  server.RaftServerConfigKeys (ConfUtils.java:logGet(43)) - raft.server.rpc.timeout.min = 5s (custom)
2019-09-25 11:09:14,615 [pool-527-thread-1] INFO  server.RaftServerConfigKeys (ConfUtils.java:logGet(43)) - raft.server.rpc.timeout.max = 5200ms (custom)
2019-09-25 11:09:14,615 [pool-527-thread-1] INFO  server.RaftServerConfigKeys (ConfUtils.java:logGet(43)) - raft.server.rpcslowness.timeout = 120s (custom)
2019-09-25 11:09:14,615 [pool-527-thread-1] INFO  server.RaftServerConfigKeys (ConfUtils.java:logGet(43)) - raft.server.sleep.deviation.threshold = 300 (default)
2019-09-25 11:09:14,615 [pool-527-thread-1] INFO  server.RaftServerConfigKeys (ConfUtils.java:logGet(43)) - raft.server.log.appender.install.snapshot.enabled = false (custom)
2019-09-25 11:09:14,615 [pool-527-thread-1] INFO  impl.RaftServerImpl (ServerState.java:<init>(103)) - 0ce03005-f534-496c-a0eb-c417dd14ba94@group-8389D2F12CAA: ConfigurationManager, init=-1: [0ce03005-f534-496c-a0eb-c417dd14ba94:192.168.30.6:34724], old=null, confs=<EMPTY_MAP>
2019-09-25 11:09:14,615 [pool-527-thread-1] INFO  server.RaftServerConfigKeys (ConfUtils.java:logGet(43)) - raft.server.storage.dir = [/workdir/hadoop-ozone/integration-test/target/test-dir/MiniOzoneClusterImpl-4b1c6350-cd3e-4172-b7a0-e9c66394f836/datanode-3/data/ratis] (custom)
2019-09-25 11:09:14,615 [pool-527-thread-1] INFO  storage.RaftStorageDirectory (RaftStorageDirectory.java:analyzeStorage(246)) - The storage directory /workdir/hadoop-ozone/integration-test/target/test-dir/MiniOzoneClusterImpl-4b1c6350-cd3e-4172-b7a0-e9c66394f836/datanode-3/data/ratis/12b33b72-c225-4844-8782-8389d2f12caa does not exist. Creating ...
2019-09-25 11:09:14,628 [pool-527-thread-1] INFO  storage.RaftStorageDirectory (RaftStorageDirectory.java:tryLock(328)) - Lock on /workdir/hadoop-ozone/integration-test/target/test-dir/MiniOzoneClusterImpl-4b1c6350-cd3e-4172-b7a0-e9c66394f836/datanode-3/data/ratis/12b33b72-c225-4844-8782-8389d2f12caa/in_use.lock acquired by nodename 21763@pr-hdds-1569-5gmkr-4255264070
2019-09-25 11:09:14,640 [pool-527-thread-1] INFO  storage.RaftStorage (RaftStorage.java:format(72)) - Storage directory /workdir/hadoop-ozone/integration-test/target/test-dir/MiniOzoneClusterImpl-4b1c6350-cd3e-4172-b7a0-e9c66394f836/datanode-3/data/ratis/12b33b72-c225-4844-8782-8389d2f12caa has been successfully formatted.
2019-09-25 11:09:14,640 [pool-527-thread-1] INFO  ratis.ContainerStateMachine (ContainerStateMachine.java:loadSnapshot(230)) - group-8389D2F12CAA: The snapshot info is null. Setting the last applied indexto:(t:0, i:~)
2019-09-25 11:09:14,640 [pool-527-thread-1] INFO  server.RaftServerConfigKeys (ConfUtils.java:logGet(43)) - raft.server.notification.no-leader.timeout = 120s (custom)
2019-09-25 11:09:14,640 [pool-527-thread-1] INFO  server.RaftServerConfigKeys (ConfUtils.java:logGet(43)) - raft.server.log.use.memory = false (default)
2019-09-25 11:09:14,641 [pool-527-thread-1] INFO  server.RaftServerConfigKeys (ConfUtils.java:logGet(43)) - raft.server.log.purge.gap = 1000000 (custom)
2019-09-25 11:09:14,641 [pool-527-thread-1] INFO  server.RaftServerConfigKeys (ConfUtils.java:logGet(43)) - raft.server.log.appender.buffer.byte-limit = 33554432 (custom)
2019-09-25 11:09:14,641 [pool-527-thread-1] INFO  server.RaftServerConfigKeys (ConfUtils.java:logGet(43)) - raft.server.log.segment.size.max = 1048576 (custom)
2019-09-25 11:09:14,641 [pool-527-thread-1] INFO  server.RaftServerConfigKeys (ConfUtils.java:logGet(43)) - raft.server.log.segment.cache.num.max = 2 (custom)
2019-09-25 11:09:14,641 [pool-527-thread-1] INFO  segmented.SegmentedRaftLogWorker (SegmentedRaftLogWorker.java:<init>(172)) - new 0ce03005-f534-496c-a0eb-c417dd14ba94@group-8389D2F12CAA-SegmentedRaftLogWorker for RaftStorage:Storage Directory /workdir/hadoop-ozone/integration-test/target/test-dir/MiniOzoneClusterImpl-4b1c6350-cd3e-4172-b7a0-e9c66394f836/datanode-3/data/ratis/12b33b72-c225-4844-8782-8389d2f12caa
2019-09-25 11:09:14,641 [pool-527-thread-1] INFO  server.RaftServerConfigKeys (ConfUtils.java:logGet(43)) - raft.server.log.queue.byte-limit = 2147483647 (custom)
2019-09-25 11:09:14,641 [pool-527-thread-1] INFO  server.RaftServerConfigKeys (ConfUtils.java:logGet(43)) - raft.server.log.queue.element-limit = 1024 (custom)
2019-09-25 11:09:14,641 [pool-527-thread-1] INFO  server.RaftServerConfigKeys (ConfUtils.java:logGet(43)) - raft.server.log.segment.size.max = 1048576 (custom)
2019-09-25 11:09:14,641 [pool-527-thread-1] INFO  server.RaftServerConfigKeys (ConfUtils.java:logGet(43)) - raft.server.log.preallocated.size = 16384 (custom)
2019-09-25 11:09:14,642 [pool-527-thread-1] INFO  server.RaftServerConfigKeys (ConfUtils.java:logGet(43)) - raft.server.log.write.buffer.size = 33554432 (custom)
2019-09-25 11:09:14,642 [pool-527-thread-1] INFO  server.RaftServerConfigKeys (ConfUtils.java:logGet(43)) - raft.server.log.force.sync.num = 128 (default)
2019-09-25 11:09:14,642 [pool-527-thread-1] INFO  server.RaftServerConfigKeys (ConfUtils.java:logGet(43)) - raft.server.log.statemachine.data.sync = true (default)
2019-09-25 11:09:14,642 [pool-527-thread-1] INFO  server.RaftServerConfigKeys (ConfUtils.java:logGet(43)) - raft.server.log.statemachine.data.sync.timeout = 10s (default)
2019-09-25 11:09:14,642 [pool-527-thread-1] INFO  server.RaftServerConfigKeys (ConfUtils.java:logGet(43)) - raft.server.log.statemachine.data.sync.timeout.retry = -1 (default)
2019-09-25 11:09:14,642 [pool-527-thread-1] INFO  server.RaftServerConfigKeys (ConfUtils.java:logGet(43)) - raft.server.log.statemachine.data.caching.enabled = true (custom)
2019-09-25 11:09:14,642 [pool-527-thread-1] INFO  segmented.SegmentedRaftLogWorker (SegmentedRaftLogWorker.java:lambda$new$0(132)) - 0ce03005-f534-496c-a0eb-c417dd14ba94@group-8389D2F12CAA-SegmentedRaftLogWorker: flushIndex: setUnconditionally 0 -> -1
2019-09-25 11:09:14,643 [pool-527-thread-1] INFO  server.RaftServerConfigKeys (ConfUtils.java:logGet(43)) - raft.server.snapshot.auto.trigger.enabled = true (custom)
2019-09-25 11:09:14,643 [pool-527-thread-1] INFO  server.RaftServerConfigKeys (ConfUtils.java:logGet(43)) - raft.server.snapshot.auto.trigger.threshold = 10000 (custom)
2019-09-25 11:09:14,643 [pool-527-thread-1] INFO  server.RaftServerConfigKeys (ConfUtils.java:logGet(43)) - raft.server.snapshot.retention.num.files = 5 (custom)
2019-09-25 11:09:14,643 [pool-527-thread-1] INFO  server.RaftServerConfigKeys (ConfUtils.java:logGet(43)) - raft.server.retrycache.expirytime = 600000ms (custom)
2019-09-25 11:09:14,644 [pool-527-thread-1] INFO  impl.RaftServerImpl (RaftServerImpl.java:start(185)) - 0ce03005-f534-496c-a0eb-c417dd14ba94@group-8389D2F12CAA: start as a follower, conf=-1: [0ce03005-f534-496c-a0eb-c417dd14ba94:192.168.30.6:34724], old=null
2019-09-25 11:09:14,644 [pool-527-thread-1] INFO  impl.RaftServerImpl (RaftServerImpl.java:setRole(174)) - 0ce03005-f534-496c-a0eb-c417dd14ba94@group-8389D2F12CAA: changes role from      null to FOLLOWER at term 0 for startAsFollower
2019-09-25 11:09:14,644 [pool-527-thread-1] INFO  impl.RoleInfo (RoleInfo.java:updateAndGet(143)) - 0ce03005-f534-496c-a0eb-c417dd14ba94: start FollowerState
2019-09-25 11:09:14,645 [pool-527-thread-1] INFO  util.JmxRegister (JmxRegister.java:tryRegister(44)) - Successfully registered JMX Bean with object name Ratis:service=RaftServer,group=group-8389D2F12CAA,id=0ce03005-f534-496c-a0eb-c417dd14ba94
2019-09-25 11:09:14,646 [RatisPipelineUtilsThread] INFO  pipeline.PipelineStateManager (PipelineStateManager.java:addPipeline(56)) - Created pipeline Pipeline[ Id: 12b33b72-c225-4844-8782-8389d2f12caa, Nodes: 0ce03005-f534-496c-a0eb-c417dd14ba94{ip: 192.168.30.6, host: pr-hdds-1569-5gmkr-4255264070, networkLocation: /default-rack, certSerialId: null}, Type:RATIS, Factor:ONE, State:OPEN]
2019-09-25 11:09:14,647 [RatisPipelineUtilsThread] INFO  pipeline.PipelinePlacementPolicy (PipelinePlacementPolicy.java:meetCriteria(91)) - Pipeline Placement: can't place more pipeline on heavy datanode： a8823747-7b39-4599-aab8-abab9e384ab8 Heaviness: 6 limit: 5
2019-09-25 11:09:14,654 [grpc-default-executor-1] INFO  impl.RaftServerProxy (RaftServerProxy.java:addNew(89)) - dc1340b3-b3e2-49ee-a070-51ac5340e4da: addNew group-2FD81FC479EA:[dc1340b3-b3e2-49ee-a070-51ac5340e4da:192.168.30.6:35849] returns group-2FD81FC479EA:java.util.concurrent.CompletableFuture@5c25fb16[Not completed]
2019-09-25 11:09:14,654 [pool-557-thread-1] INFO  impl.RaftServerImpl (RaftServerImpl.java:<init>(95)) - dc1340b3-b3e2-49ee-a070-51ac5340e4da: new RaftServerImpl for group-2FD81FC479EA:[dc1340b3-b3e2-49ee-a070-51ac5340e4da:192.168.30.6:35849] with ContainerStateMachine:uninitialized
2019-09-25 11:09:14,654 [pool-557-thread-1] INFO  server.RaftServerConfigKeys (ConfUtils.java:logGet(43)) - raft.server.rpc.timeout.min = 5s (custom)
2019-09-25 11:09:14,655 [pool-557-thread-1] INFO  server.RaftServerConfigKeys (ConfUtils.java:logGet(43)) - raft.server.rpc.timeout.max = 5200ms (custom)
2019-09-25 11:09:14,655 [pool-557-thread-1] INFO  server.RaftServerConfigKeys (ConfUtils.java:logGet(43)) - raft.server.rpcslowness.timeout = 120s (custom)
2019-09-25 11:09:14,655 [pool-557-thread-1] INFO  server.RaftServerConfigKeys (ConfUtils.java:logGet(43)) - raft.server.sleep.deviation.threshold = 300 (default)
2019-09-25 11:09:14,655 [pool-557-thread-1] INFO  server.RaftServerConfigKeys (ConfUtils.java:logGet(43)) - raft.server.log.appender.install.snapshot.enabled = false (custom)
2019-09-25 11:09:14,655 [pool-557-thread-1] INFO  impl.RaftServerImpl (ServerState.java:<init>(103)) - dc1340b3-b3e2-49ee-a070-51ac5340e4da@group-2FD81FC479EA: ConfigurationManager, init=-1: [dc1340b3-b3e2-49ee-a070-51ac5340e4da:192.168.30.6:35849], old=null, confs=<EMPTY_MAP>
2019-09-25 11:09:14,655 [pool-557-thread-1] INFO  server.RaftServerConfigKeys (ConfUtils.java:logGet(43)) - raft.server.storage.dir = [/workdir/hadoop-ozone/integration-test/target/test-dir/MiniOzoneClusterImpl-4b1c6350-cd3e-4172-b7a0-e9c66394f836/datanode-6/data/ratis] (custom)
2019-09-25 11:09:14,655 [pool-557-thread-1] INFO  storage.RaftStorageDirectory (RaftStorageDirectory.java:analyzeStorage(246)) - The storage directory /workdir/hadoop-ozone/integration-test/target/test-dir/MiniOzoneClusterImpl-4b1c6350-cd3e-4172-b7a0-e9c66394f836/datanode-6/data/ratis/6b987bce-d958-4657-99d8-2fd81fc479ea does not exist. Creating ...
2019-09-25 11:09:14,668 [pool-557-thread-1] INFO  storage.RaftStorageDirectory (RaftStorageDirectory.java:tryLock(328)) - Lock on /workdir/hadoop-ozone/integration-test/target/test-dir/MiniOzoneClusterImpl-4b1c6350-cd3e-4172-b7a0-e9c66394f836/datanode-6/data/ratis/6b987bce-d958-4657-99d8-2fd81fc479ea/in_use.lock acquired by nodename 21763@pr-hdds-1569-5gmkr-4255264070
2019-09-25 11:09:14,680 [pool-557-thread-1] INFO  storage.RaftStorage (RaftStorage.java:format(72)) - Storage directory /workdir/hadoop-ozone/integration-test/target/test-dir/MiniOzoneClusterImpl-4b1c6350-cd3e-4172-b7a0-e9c66394f836/datanode-6/data/ratis/6b987bce-d958-4657-99d8-2fd81fc479ea has been successfully formatted.
2019-09-25 11:09:14,681 [pool-557-thread-1] INFO  ratis.ContainerStateMachine (ContainerStateMachine.java:loadSnapshot(230)) - group-2FD81FC479EA: The snapshot info is null. Setting the last applied indexto:(t:0, i:~)
2019-09-25 11:09:14,681 [pool-557-thread-1] INFO  server.RaftServerConfigKeys (ConfUtils.java:logGet(43)) - raft.server.notification.no-leader.timeout = 120s (custom)
2019-09-25 11:09:14,681 [pool-557-thread-1] INFO  server.RaftServerConfigKeys (ConfUtils.java:logGet(43)) - raft.server.log.use.memory = false (default)
2019-09-25 11:09:14,681 [pool-557-thread-1] INFO  server.RaftServerConfigKeys (ConfUtils.java:logGet(43)) - raft.server.log.purge.gap = 1000000 (custom)
2019-09-25 11:09:14,681 [pool-557-thread-1] INFO  server.RaftServerConfigKeys (ConfUtils.java:logGet(43)) - raft.server.log.appender.buffer.byte-limit = 33554432 (custom)
2019-09-25 11:09:14,681 [pool-557-thread-1] INFO  server.RaftServerConfigKeys (ConfUtils.java:logGet(43)) - raft.server.log.segment.size.max = 1048576 (custom)
2019-09-25 11:09:14,681 [pool-557-thread-1] INFO  server.RaftServerConfigKeys (ConfUtils.java:logGet(43)) - raft.server.log.segment.cache.num.max = 2 (custom)
2019-09-25 11:09:14,681 [pool-557-thread-1] INFO  segmented.SegmentedRaftLogWorker (SegmentedRaftLogWorker.java:<init>(172)) - new dc1340b3-b3e2-49ee-a070-51ac5340e4da@group-2FD81FC479EA-SegmentedRaftLogWorker for RaftStorage:Storage Directory /workdir/hadoop-ozone/integration-test/target/test-dir/MiniOzoneClusterImpl-4b1c6350-cd3e-4172-b7a0-e9c66394f836/datanode-6/data/ratis/6b987bce-d958-4657-99d8-2fd81fc479ea
2019-09-25 11:09:14,683 [pool-557-thread-1] INFO  server.RaftServerConfigKeys (ConfUtils.java:logGet(43)) - raft.server.log.queue.byte-limit = 2147483647 (custom)
2019-09-25 11:09:14,683 [pool-557-thread-1] INFO  server.RaftServerConfigKeys (ConfUtils.java:logGet(43)) - raft.server.log.queue.element-limit = 1024 (custom)
2019-09-25 11:09:14,683 [pool-557-thread-1] INFO  server.RaftServerConfigKeys (ConfUtils.java:logGet(43)) - raft.server.log.segment.size.max = 1048576 (custom)
2019-09-25 11:09:14,683 [pool-557-thread-1] INFO  server.RaftServerConfigKeys (ConfUtils.java:logGet(43)) - raft.server.log.preallocated.size = 16384 (custom)
2019-09-25 11:09:14,683 [pool-557-thread-1] INFO  server.RaftServerConfigKeys (ConfUtils.java:logGet(43)) - raft.server.log.write.buffer.size = 33554432 (custom)
2019-09-25 11:09:14,683 [pool-557-thread-1] INFO  server.RaftServerConfigKeys (ConfUtils.java:logGet(43)) - raft.server.log.force.sync.num = 128 (default)
2019-09-25 11:09:14,684 [pool-557-thread-1] INFO  server.RaftServerConfigKeys (ConfUtils.java:logGet(43)) - raft.server.log.statemachine.data.sync = true (default)
2019-09-25 11:09:14,684 [pool-557-thread-1] INFO  server.RaftServerConfigKeys (ConfUtils.java:logGet(43)) - raft.server.log.statemachine.data.sync.timeout = 10s (default)
2019-09-25 11:09:14,684 [pool-557-thread-1] INFO  server.RaftServerConfigKeys (ConfUtils.java:logGet(43)) - raft.server.log.statemachine.data.sync.timeout.retry = -1 (default)
2019-09-25 11:09:14,684 [pool-557-thread-1] INFO  server.RaftServerConfigKeys (ConfUtils.java:logGet(43)) - raft.server.log.statemachine.data.caching.enabled = true (custom)
2019-09-25 11:09:14,684 [pool-557-thread-1] INFO  segmented.SegmentedRaftLogWorker (SegmentedRaftLogWorker.java:lambda$new$0(132)) - dc1340b3-b3e2-49ee-a070-51ac5340e4da@group-2FD81FC479EA-SegmentedRaftLogWorker: flushIndex: setUnconditionally 0 -> -1
2019-09-25 11:09:14,684 [pool-557-thread-1] INFO  server.RaftServerConfigKeys (ConfUtils.java:logGet(43)) - raft.server.snapshot.auto.trigger.enabled = true (custom)
2019-09-25 11:09:14,685 [pool-557-thread-1] INFO  server.RaftServerConfigKeys (ConfUtils.java:logGet(43)) - raft.server.snapshot.auto.trigger.threshold = 10000 (custom)
2019-09-25 11:09:14,685 [pool-557-thread-1] INFO  server.RaftServerConfigKeys (ConfUtils.java:logGet(43)) - raft.server.snapshot.retention.num.files = 5 (custom)
2019-09-25 11:09:14,685 [pool-557-thread-1] INFO  server.RaftServerConfigKeys (ConfUtils.java:logGet(43)) - raft.server.retrycache.expirytime = 600000ms (custom)
2019-09-25 11:09:14,686 [pool-557-thread-1] INFO  impl.RaftServerImpl (RaftServerImpl.java:start(185)) - dc1340b3-b3e2-49ee-a070-51ac5340e4da@group-2FD81FC479EA: start as a follower, conf=-1: [dc1340b3-b3e2-49ee-a070-51ac5340e4da:192.168.30.6:35849], old=null
2019-09-25 11:09:14,686 [pool-557-thread-1] INFO  impl.RaftServerImpl (RaftServerImpl.java:setRole(174)) - dc1340b3-b3e2-49ee-a070-51ac5340e4da@group-2FD81FC479EA: changes role from      null to FOLLOWER at term 0 for startAsFollower
2019-09-25 11:09:14,686 [pool-557-thread-1] INFO  impl.RoleInfo (RoleInfo.java:updateAndGet(143)) - dc1340b3-b3e2-49ee-a070-51ac5340e4da: start FollowerState
2019-09-25 11:09:14,687 [pool-557-thread-1] INFO  util.JmxRegister (JmxRegister.java:tryRegister(44)) - Successfully registered JMX Bean with object name Ratis:service=RaftServer,group=group-2FD81FC479EA,id=dc1340b3-b3e2-49ee-a070-51ac5340e4da
2019-09-25 11:09:14,688 [RatisPipelineUtilsThread] INFO  pipeline.PipelineStateManager (PipelineStateManager.java:addPipeline(56)) - Created pipeline Pipeline[ Id: 6b987bce-d958-4657-99d8-2fd81fc479ea, Nodes: dc1340b3-b3e2-49ee-a070-51ac5340e4da{ip: 192.168.30.6, host: pr-hdds-1569-5gmkr-4255264070, networkLocation: /default-rack, certSerialId: null}, Type:RATIS, Factor:ONE, State:OPEN]
2019-09-25 11:09:14,689 [RatisPipelineUtilsThread] INFO  pipeline.PipelinePlacementPolicy (PipelinePlacementPolicy.java:meetCriteria(91)) - Pipeline Placement: can't place more pipeline on heavy datanode： a8823747-7b39-4599-aab8-abab9e384ab8 Heaviness: 6 limit: 5
2019-09-25 11:09:14,691 [grpc-default-executor-1] INFO  impl.RaftServerProxy (RaftServerProxy.java:addNew(89)) - 4cceff1e-2c3f-451c-8b62-7d06bcf43963: addNew group-87F372F55945:[4cceff1e-2c3f-451c-8b62-7d06bcf43963:192.168.30.6:43389] returns group-87F372F55945:java.util.concurrent.CompletableFuture@10931db2[Not completed]
2019-09-25 11:09:14,692 [pool-507-thread-1] INFO  impl.RaftServerImpl (RaftServerImpl.java:<init>(95)) - 4cceff1e-2c3f-451c-8b62-7d06bcf43963: new RaftServerImpl for group-87F372F55945:[4cceff1e-2c3f-451c-8b62-7d06bcf43963:192.168.30.6:43389] with ContainerStateMachine:uninitialized
2019-09-25 11:09:14,692 [pool-507-thread-1] INFO  server.RaftServerConfigKeys (ConfUtils.java:logGet(43)) - raft.server.rpc.timeout.min = 5s (custom)
2019-09-25 11:09:14,692 [pool-507-thread-1] INFO  server.RaftServerConfigKeys (ConfUtils.java:logGet(43)) - raft.server.rpc.timeout.max = 5200ms (custom)
2019-09-25 11:09:14,692 [pool-507-thread-1] INFO  server.RaftServerConfigKeys (ConfUtils.java:logGet(43)) - raft.server.rpcslowness.timeout = 120s (custom)
2019-09-25 11:09:14,692 [pool-507-thread-1] INFO  server.RaftServerConfigKeys (ConfUtils.java:logGet(43)) - raft.server.sleep.deviation.threshold = 300 (default)
2019-09-25 11:09:14,692 [pool-507-thread-1] INFO  server.RaftServerConfigKeys (ConfUtils.java:logGet(43)) - raft.server.log.appender.install.snapshot.enabled = false (custom)
2019-09-25 11:09:14,693 [pool-507-thread-1] INFO  impl.RaftServerImpl (ServerState.java:<init>(103)) - 4cceff1e-2c3f-451c-8b62-7d06bcf43963@group-87F372F55945: ConfigurationManager, init=-1: [4cceff1e-2c3f-451c-8b62-7d06bcf43963:192.168.30.6:43389], old=null, confs=<EMPTY_MAP>
2019-09-25 11:09:14,693 [pool-507-thread-1] INFO  server.RaftServerConfigKeys (ConfUtils.java:logGet(43)) - raft.server.storage.dir = [/workdir/hadoop-ozone/integration-test/target/test-dir/MiniOzoneClusterImpl-4b1c6350-cd3e-4172-b7a0-e9c66394f836/datanode-1/data/ratis] (custom)
2019-09-25 11:09:14,693 [pool-507-thread-1] INFO  storage.RaftStorageDirectory (RaftStorageDirectory.java:analyzeStorage(246)) - The storage directory /workdir/hadoop-ozone/integration-test/target/test-dir/MiniOzoneClusterImpl-4b1c6350-cd3e-4172-b7a0-e9c66394f836/datanode-1/data/ratis/879196d2-7300-41f7-a971-87f372f55945 does not exist. Creating ...
2019-09-25 11:09:14,701 [pool-507-thread-1] INFO  storage.RaftStorageDirectory (RaftStorageDirectory.java:tryLock(328)) - Lock on /workdir/hadoop-ozone/integration-test/target/test-dir/MiniOzoneClusterImpl-4b1c6350-cd3e-4172-b7a0-e9c66394f836/datanode-1/data/ratis/879196d2-7300-41f7-a971-87f372f55945/in_use.lock acquired by nodename 21763@pr-hdds-1569-5gmkr-4255264070
2019-09-25 11:09:14,714 [pool-507-thread-1] INFO  storage.RaftStorage (RaftStorage.java:format(72)) - Storage directory /workdir/hadoop-ozone/integration-test/target/test-dir/MiniOzoneClusterImpl-4b1c6350-cd3e-4172-b7a0-e9c66394f836/datanode-1/data/ratis/879196d2-7300-41f7-a971-87f372f55945 has been successfully formatted.
2019-09-25 11:09:14,715 [pool-507-thread-1] INFO  ratis.ContainerStateMachine (ContainerStateMachine.java:loadSnapshot(230)) - group-87F372F55945: The snapshot info is null. Setting the last applied indexto:(t:0, i:~)
2019-09-25 11:09:14,715 [pool-507-thread-1] INFO  server.RaftServerConfigKeys (ConfUtils.java:logGet(43)) - raft.server.notification.no-leader.timeout = 120s (custom)
2019-09-25 11:09:14,715 [pool-507-thread-1] INFO  server.RaftServerConfigKeys (ConfUtils.java:logGet(43)) - raft.server.log.use.memory = false (default)
2019-09-25 11:09:14,715 [pool-507-thread-1] INFO  server.RaftServerConfigKeys (ConfUtils.java:logGet(43)) - raft.server.log.purge.gap = 1000000 (custom)
2019-09-25 11:09:14,715 [pool-507-thread-1] INFO  server.RaftServerConfigKeys (ConfUtils.java:logGet(43)) - raft.server.log.appender.buffer.byte-limit = 33554432 (custom)
2019-09-25 11:09:14,715 [pool-507-thread-1] INFO  server.RaftServerConfigKeys (ConfUtils.java:logGet(43)) - raft.server.log.segment.size.max = 1048576 (custom)
2019-09-25 11:09:14,715 [pool-507-thread-1] INFO  server.RaftServerConfigKeys (ConfUtils.java:logGet(43)) - raft.server.log.segment.cache.num.max = 2 (custom)
2019-09-25 11:09:14,715 [pool-507-thread-1] INFO  segmented.SegmentedRaftLogWorker (SegmentedRaftLogWorker.java:<init>(172)) - new 4cceff1e-2c3f-451c-8b62-7d06bcf43963@group-87F372F55945-SegmentedRaftLogWorker for RaftStorage:Storage Directory /workdir/hadoop-ozone/integration-test/target/test-dir/MiniOzoneClusterImpl-4b1c6350-cd3e-4172-b7a0-e9c66394f836/datanode-1/data/ratis/879196d2-7300-41f7-a971-87f372f55945
2019-09-25 11:09:14,715 [pool-507-thread-1] INFO  server.RaftServerConfigKeys (ConfUtils.java:logGet(43)) - raft.server.log.queue.byte-limit = 2147483647 (custom)
2019-09-25 11:09:14,716 [pool-507-thread-1] INFO  server.RaftServerConfigKeys (ConfUtils.java:logGet(43)) - raft.server.log.queue.element-limit = 1024 (custom)
2019-09-25 11:09:14,716 [pool-507-thread-1] INFO  server.RaftServerConfigKeys (ConfUtils.java:logGet(43)) - raft.server.log.segment.size.max = 1048576 (custom)
2019-09-25 11:09:14,716 [pool-507-thread-1] INFO  server.RaftServerConfigKeys (ConfUtils.java:logGet(43)) - raft.server.log.preallocated.size = 16384 (custom)
2019-09-25 11:09:14,716 [pool-507-thread-1] INFO  server.RaftServerConfigKeys (ConfUtils.java:logGet(43)) - raft.server.log.write.buffer.size = 33554432 (custom)
2019-09-25 11:09:14,716 [pool-507-thread-1] INFO  server.RaftServerConfigKeys (ConfUtils.java:logGet(43)) - raft.server.log.force.sync.num = 128 (default)
2019-09-25 11:09:14,716 [pool-507-thread-1] INFO  server.RaftServerConfigKeys (ConfUtils.java:logGet(43)) - raft.server.log.statemachine.data.sync = true (default)
2019-09-25 11:09:14,716 [pool-507-thread-1] INFO  server.RaftServerConfigKeys (ConfUtils.java:logGet(43)) - raft.server.log.statemachine.data.sync.timeout = 10s (default)
2019-09-25 11:09:14,716 [pool-507-thread-1] INFO  server.RaftServerConfigKeys (ConfUtils.java:logGet(43)) - raft.server.log.statemachine.data.sync.timeout.retry = -1 (default)
2019-09-25 11:09:14,716 [pool-507-thread-1] INFO  server.RaftServerConfigKeys (ConfUtils.java:logGet(43)) - raft.server.log.statemachine.data.caching.enabled = true (custom)
2019-09-25 11:09:14,717 [pool-507-thread-1] INFO  segmented.SegmentedRaftLogWorker (SegmentedRaftLogWorker.java:lambda$new$0(132)) - 4cceff1e-2c3f-451c-8b62-7d06bcf43963@group-87F372F55945-SegmentedRaftLogWorker: flushIndex: setUnconditionally 0 -> -1
2019-09-25 11:09:14,717 [pool-507-thread-1] INFO  server.RaftServerConfigKeys (ConfUtils.java:logGet(43)) - raft.server.snapshot.auto.trigger.enabled = true (custom)
2019-09-25 11:09:14,717 [pool-507-thread-1] INFO  server.RaftServerConfigKeys (ConfUtils.java:logGet(43)) - raft.server.snapshot.auto.trigger.threshold = 10000 (custom)
2019-09-25 11:09:14,717 [pool-507-thread-1] INFO  server.RaftServerConfigKeys (ConfUtils.java:logGet(43)) - raft.server.snapshot.retention.num.files = 5 (custom)
2019-09-25 11:09:14,717 [pool-507-thread-1] INFO  server.RaftServerConfigKeys (ConfUtils.java:logGet(43)) - raft.server.retrycache.expirytime = 600000ms (custom)
2019-09-25 11:09:14,718 [pool-507-thread-1] INFO  impl.RaftServerImpl (RaftServerImpl.java:start(185)) - 4cceff1e-2c3f-451c-8b62-7d06bcf43963@group-87F372F55945: start as a follower, conf=-1: [4cceff1e-2c3f-451c-8b62-7d06bcf43963:192.168.30.6:43389], old=null
2019-09-25 11:09:14,718 [pool-507-thread-1] INFO  impl.RaftServerImpl (RaftServerImpl.java:setRole(174)) - 4cceff1e-2c3f-451c-8b62-7d06bcf43963@group-87F372F55945: changes role from      null to FOLLOWER at term 0 for startAsFollower
2019-09-25 11:09:14,718 [pool-507-thread-1] INFO  impl.RoleInfo (RoleInfo.java:updateAndGet(143)) - 4cceff1e-2c3f-451c-8b62-7d06bcf43963: start FollowerState
2019-09-25 11:09:14,719 [pool-507-thread-1] INFO  util.JmxRegister (JmxRegister.java:tryRegister(44)) - Successfully registered JMX Bean with object name Ratis:service=RaftServer,group=group-87F372F55945,id=4cceff1e-2c3f-451c-8b62-7d06bcf43963
2019-09-25 11:09:14,720 [RatisPipelineUtilsThread] INFO  pipeline.PipelineStateManager (PipelineStateManager.java:addPipeline(56)) - Created pipeline Pipeline[ Id: 879196d2-7300-41f7-a971-87f372f55945, Nodes: 4cceff1e-2c3f-451c-8b62-7d06bcf43963{ip: 192.168.30.6, host: pr-hdds-1569-5gmkr-4255264070, networkLocation: /default-rack, certSerialId: null}, Type:RATIS, Factor:ONE, State:OPEN]
2019-09-25 11:09:14,721 [RatisPipelineUtilsThread] INFO  pipeline.PipelinePlacementPolicy (PipelinePlacementPolicy.java:meetCriteria(91)) - Pipeline Placement: can't place more pipeline on heavy datanode： a8823747-7b39-4599-aab8-abab9e384ab8 Heaviness: 6 limit: 5
2019-09-25 11:09:14,723 [grpc-default-executor-1] INFO  impl.RaftServerProxy (RaftServerProxy.java:addNew(89)) - 4cceff1e-2c3f-451c-8b62-7d06bcf43963: addNew group-7D46F97C7073:[4cceff1e-2c3f-451c-8b62-7d06bcf43963:192.168.30.6:43389] returns group-7D46F97C7073:java.util.concurrent.CompletableFuture@180a2dd3[Not completed]
2019-09-25 11:09:14,724 [pool-507-thread-1] INFO  impl.RaftServerImpl (RaftServerImpl.java:<init>(95)) - 4cceff1e-2c3f-451c-8b62-7d06bcf43963: new RaftServerImpl for group-7D46F97C7073:[4cceff1e-2c3f-451c-8b62-7d06bcf43963:192.168.30.6:43389] with ContainerStateMachine:uninitialized
2019-09-25 11:09:14,724 [pool-507-thread-1] INFO  server.RaftServerConfigKeys (ConfUtils.java:logGet(43)) - raft.server.rpc.timeout.min = 5s (custom)
2019-09-25 11:09:14,724 [pool-507-thread-1] INFO  server.RaftServerConfigKeys (ConfUtils.java:logGet(43)) - raft.server.rpc.timeout.max = 5200ms (custom)
2019-09-25 11:09:14,724 [pool-507-thread-1] INFO  server.RaftServerConfigKeys (ConfUtils.java:logGet(43)) - raft.server.rpcslowness.timeout = 120s (custom)
2019-09-25 11:09:14,724 [pool-507-thread-1] INFO  server.RaftServerConfigKeys (ConfUtils.java:logGet(43)) - raft.server.sleep.deviation.threshold = 300 (default)
2019-09-25 11:09:14,724 [pool-507-thread-1] INFO  server.RaftServerConfigKeys (ConfUtils.java:logGet(43)) - raft.server.log.appender.install.snapshot.enabled = false (custom)
2019-09-25 11:09:14,724 [pool-507-thread-1] INFO  impl.RaftServerImpl (ServerState.java:<init>(103)) - 4cceff1e-2c3f-451c-8b62-7d06bcf43963@group-7D46F97C7073: ConfigurationManager, init=-1: [4cceff1e-2c3f-451c-8b62-7d06bcf43963:192.168.30.6:43389], old=null, confs=<EMPTY_MAP>
2019-09-25 11:09:14,724 [pool-507-thread-1] INFO  server.RaftServerConfigKeys (ConfUtils.java:logGet(43)) - raft.server.storage.dir = [/workdir/hadoop-ozone/integration-test/target/test-dir/MiniOzoneClusterImpl-4b1c6350-cd3e-4172-b7a0-e9c66394f836/datanode-1/data/ratis] (custom)
2019-09-25 11:09:14,724 [pool-507-thread-1] INFO  storage.RaftStorageDirectory (RaftStorageDirectory.java:analyzeStorage(246)) - The storage directory /workdir/hadoop-ozone/integration-test/target/test-dir/MiniOzoneClusterImpl-4b1c6350-cd3e-4172-b7a0-e9c66394f836/datanode-1/data/ratis/91b3be1c-e511-44aa-9915-7d46f97c7073 does not exist. Creating ...
2019-09-25 11:09:14,752 [pool-507-thread-1] INFO  storage.RaftStorageDirectory (RaftStorageDirectory.java:tryLock(328)) - Lock on /workdir/hadoop-ozone/integration-test/target/test-dir/MiniOzoneClusterImpl-4b1c6350-cd3e-4172-b7a0-e9c66394f836/datanode-1/data/ratis/91b3be1c-e511-44aa-9915-7d46f97c7073/in_use.lock acquired by nodename 21763@pr-hdds-1569-5gmkr-4255264070
2019-09-25 11:09:14,765 [pool-507-thread-1] INFO  storage.RaftStorage (RaftStorage.java:format(72)) - Storage directory /workdir/hadoop-ozone/integration-test/target/test-dir/MiniOzoneClusterImpl-4b1c6350-cd3e-4172-b7a0-e9c66394f836/datanode-1/data/ratis/91b3be1c-e511-44aa-9915-7d46f97c7073 has been successfully formatted.
2019-09-25 11:09:14,765 [pool-507-thread-1] INFO  ratis.ContainerStateMachine (ContainerStateMachine.java:loadSnapshot(230)) - group-7D46F97C7073: The snapshot info is null. Setting the last applied indexto:(t:0, i:~)
2019-09-25 11:09:14,765 [pool-507-thread-1] INFO  server.RaftServerConfigKeys (ConfUtils.java:logGet(43)) - raft.server.notification.no-leader.timeout = 120s (custom)
2019-09-25 11:09:14,765 [pool-507-thread-1] INFO  server.RaftServerConfigKeys (ConfUtils.java:logGet(43)) - raft.server.log.use.memory = false (default)
2019-09-25 11:09:14,765 [pool-507-thread-1] INFO  server.RaftServerConfigKeys (ConfUtils.java:logGet(43)) - raft.server.log.purge.gap = 1000000 (custom)
2019-09-25 11:09:14,765 [pool-507-thread-1] INFO  server.RaftServerConfigKeys (ConfUtils.java:logGet(43)) - raft.server.log.appender.buffer.byte-limit = 33554432 (custom)
2019-09-25 11:09:14,766 [pool-507-thread-1] INFO  server.RaftServerConfigKeys (ConfUtils.java:logGet(43)) - raft.server.log.segment.size.max = 1048576 (custom)
2019-09-25 11:09:14,766 [pool-507-thread-1] INFO  server.RaftServerConfigKeys (ConfUtils.java:logGet(43)) - raft.server.log.segment.cache.num.max = 2 (custom)
2019-09-25 11:09:14,766 [pool-507-thread-1] INFO  segmented.SegmentedRaftLogWorker (SegmentedRaftLogWorker.java:<init>(172)) - new 4cceff1e-2c3f-451c-8b62-7d06bcf43963@group-7D46F97C7073-SegmentedRaftLogWorker for RaftStorage:Storage Directory /workdir/hadoop-ozone/integration-test/target/test-dir/MiniOzoneClusterImpl-4b1c6350-cd3e-4172-b7a0-e9c66394f836/datanode-1/data/ratis/91b3be1c-e511-44aa-9915-7d46f97c7073
2019-09-25 11:09:14,766 [pool-507-thread-1] INFO  server.RaftServerConfigKeys (ConfUtils.java:logGet(43)) - raft.server.log.queue.byte-limit = 2147483647 (custom)
2019-09-25 11:09:14,766 [pool-507-thread-1] INFO  server.RaftServerConfigKeys (ConfUtils.java:logGet(43)) - raft.server.log.queue.element-limit = 1024 (custom)
2019-09-25 11:09:14,766 [pool-507-thread-1] INFO  server.RaftServerConfigKeys (ConfUtils.java:logGet(43)) - raft.server.log.segment.size.max = 1048576 (custom)
2019-09-25 11:09:14,766 [pool-507-thread-1] INFO  server.RaftServerConfigKeys (ConfUtils.java:logGet(43)) - raft.server.log.preallocated.size = 16384 (custom)
2019-09-25 11:09:14,766 [pool-507-thread-1] INFO  server.RaftServerConfigKeys (ConfUtils.java:logGet(43)) - raft.server.log.write.buffer.size = 33554432 (custom)
2019-09-25 11:09:14,766 [pool-507-thread-1] INFO  server.RaftServerConfigKeys (ConfUtils.java:logGet(43)) - raft.server.log.force.sync.num = 128 (default)
2019-09-25 11:09:14,766 [pool-507-thread-1] INFO  server.RaftServerConfigKeys (ConfUtils.java:logGet(43)) - raft.server.log.statemachine.data.sync = true (default)
2019-09-25 11:09:14,766 [pool-507-thread-1] INFO  server.RaftServerConfigKeys (ConfUtils.java:logGet(43)) - raft.server.log.statemachine.data.sync.timeout = 10s (default)
2019-09-25 11:09:14,767 [pool-507-thread-1] INFO  server.RaftServerConfigKeys (ConfUtils.java:logGet(43)) - raft.server.log.statemachine.data.sync.timeout.retry = -1 (default)
2019-09-25 11:09:14,767 [pool-507-thread-1] INFO  server.RaftServerConfigKeys (ConfUtils.java:logGet(43)) - raft.server.log.statemachine.data.caching.enabled = true (custom)
2019-09-25 11:09:14,767 [pool-507-thread-1] INFO  segmented.SegmentedRaftLogWorker (SegmentedRaftLogWorker.java:lambda$new$0(132)) - 4cceff1e-2c3f-451c-8b62-7d06bcf43963@group-7D46F97C7073-SegmentedRaftLogWorker: flushIndex: setUnconditionally 0 -> -1
2019-09-25 11:09:14,767 [pool-507-thread-1] INFO  server.RaftServerConfigKeys (ConfUtils.java:logGet(43)) - raft.server.snapshot.auto.trigger.enabled = true (custom)
2019-09-25 11:09:14,767 [pool-507-thread-1] INFO  server.RaftServerConfigKeys (ConfUtils.java:logGet(43)) - raft.server.snapshot.auto.trigger.threshold = 10000 (custom)
2019-09-25 11:09:14,767 [pool-507-thread-1] INFO  server.RaftServerConfigKeys (ConfUtils.java:logGet(43)) - raft.server.snapshot.retention.num.files = 5 (custom)
2019-09-25 11:09:14,767 [pool-507-thread-1] INFO  server.RaftServerConfigKeys (ConfUtils.java:logGet(43)) - raft.server.retrycache.expirytime = 600000ms (custom)
2019-09-25 11:09:14,769 [pool-507-thread-1] INFO  impl.RaftServerImpl (RaftServerImpl.java:start(185)) - 4cceff1e-2c3f-451c-8b62-7d06bcf43963@group-7D46F97C7073: start as a follower, conf=-1: [4cceff1e-2c3f-451c-8b62-7d06bcf43963:192.168.30.6:43389], old=null
2019-09-25 11:09:14,769 [pool-507-thread-1] INFO  impl.RaftServerImpl (RaftServerImpl.java:setRole(174)) - 4cceff1e-2c3f-451c-8b62-7d06bcf43963@group-7D46F97C7073: changes role from      null to FOLLOWER at term 0 for startAsFollower
2019-09-25 11:09:14,769 [pool-507-thread-1] INFO  impl.RoleInfo (RoleInfo.java:updateAndGet(143)) - 4cceff1e-2c3f-451c-8b62-7d06bcf43963: start FollowerState
2019-09-25 11:09:14,769 [pool-507-thread-1] INFO  util.JmxRegister (JmxRegister.java:tryRegister(44)) - Successfully registered JMX Bean with object name Ratis:service=RaftServer,group=group-7D46F97C7073,id=4cceff1e-2c3f-451c-8b62-7d06bcf43963
2019-09-25 11:09:14,771 [RatisPipelineUtilsThread] INFO  pipeline.PipelineStateManager (PipelineStateManager.java:addPipeline(56)) - Created pipeline Pipeline[ Id: 91b3be1c-e511-44aa-9915-7d46f97c7073, Nodes: 4cceff1e-2c3f-451c-8b62-7d06bcf43963{ip: 192.168.30.6, host: pr-hdds-1569-5gmkr-4255264070, networkLocation: /default-rack, certSerialId: null}, Type:RATIS, Factor:ONE, State:OPEN]
2019-09-25 11:09:14,771 [RatisPipelineUtilsThread] INFO  pipeline.PipelinePlacementPolicy (PipelinePlacementPolicy.java:meetCriteria(91)) - Pipeline Placement: can't place more pipeline on heavy datanode： 4cceff1e-2c3f-451c-8b62-7d06bcf43963 Heaviness: 6 limit: 5
2019-09-25 11:09:14,771 [RatisPipelineUtilsThread] INFO  pipeline.PipelinePlacementPolicy (PipelinePlacementPolicy.java:meetCriteria(91)) - Pipeline Placement: can't place more pipeline on heavy datanode： a8823747-7b39-4599-aab8-abab9e384ab8 Heaviness: 6 limit: 5
2019-09-25 11:09:14,774 [grpc-default-executor-1] INFO  impl.RaftServerProxy (RaftServerProxy.java:addNew(89)) - 1dbf52be-8f16-49fd-bad6-8089f3318926: addNew group-EE227FCDF11F:[1dbf52be-8f16-49fd-bad6-8089f3318926:192.168.30.6:43154] returns group-EE227FCDF11F:java.util.concurrent.CompletableFuture@3685dc8f[Not completed]
2019-09-25 11:09:14,775 [pool-537-thread-1] INFO  impl.RaftServerImpl (RaftServerImpl.java:<init>(95)) - 1dbf52be-8f16-49fd-bad6-8089f3318926: new RaftServerImpl for group-EE227FCDF11F:[1dbf52be-8f16-49fd-bad6-8089f3318926:192.168.30.6:43154] with ContainerStateMachine:uninitialized
2019-09-25 11:09:14,775 [pool-537-thread-1] INFO  server.RaftServerConfigKeys (ConfUtils.java:logGet(43)) - raft.server.rpc.timeout.min = 5s (custom)
2019-09-25 11:09:14,775 [pool-537-thread-1] INFO  server.RaftServerConfigKeys (ConfUtils.java:logGet(43)) - raft.server.rpc.timeout.max = 5200ms (custom)
2019-09-25 11:09:14,775 [pool-537-thread-1] INFO  server.RaftServerConfigKeys (ConfUtils.java:logGet(43)) - raft.server.rpcslowness.timeout = 120s (custom)
2019-09-25 11:09:14,775 [pool-537-thread-1] INFO  server.RaftServerConfigKeys (ConfUtils.java:logGet(43)) - raft.server.sleep.deviation.threshold = 300 (default)
2019-09-25 11:09:14,775 [pool-537-thread-1] INFO  server.RaftServerConfigKeys (ConfUtils.java:logGet(43)) - raft.server.log.appender.install.snapshot.enabled = false (custom)
2019-09-25 11:09:14,775 [pool-537-thread-1] INFO  impl.RaftServerImpl (ServerState.java:<init>(103)) - 1dbf52be-8f16-49fd-bad6-8089f3318926@group-EE227FCDF11F: ConfigurationManager, init=-1: [1dbf52be-8f16-49fd-bad6-8089f3318926:192.168.30.6:43154], old=null, confs=<EMPTY_MAP>
2019-09-25 11:09:14,776 [pool-537-thread-1] INFO  server.RaftServerConfigKeys (ConfUtils.java:logGet(43)) - raft.server.storage.dir = [/workdir/hadoop-ozone/integration-test/target/test-dir/MiniOzoneClusterImpl-4b1c6350-cd3e-4172-b7a0-e9c66394f836/datanode-4/data/ratis] (custom)
2019-09-25 11:09:14,776 [pool-537-thread-1] INFO  storage.RaftStorageDirectory (RaftStorageDirectory.java:analyzeStorage(246)) - The storage directory /workdir/hadoop-ozone/integration-test/target/test-dir/MiniOzoneClusterImpl-4b1c6350-cd3e-4172-b7a0-e9c66394f836/datanode-4/data/ratis/1b70d777-b602-4c2f-8413-ee227fcdf11f does not exist. Creating ...
2019-09-25 11:09:14,788 [pool-537-thread-1] INFO  storage.RaftStorageDirectory (RaftStorageDirectory.java:tryLock(328)) - Lock on /workdir/hadoop-ozone/integration-test/target/test-dir/MiniOzoneClusterImpl-4b1c6350-cd3e-4172-b7a0-e9c66394f836/datanode-4/data/ratis/1b70d777-b602-4c2f-8413-ee227fcdf11f/in_use.lock acquired by nodename 21763@pr-hdds-1569-5gmkr-4255264070
2019-09-25 11:09:14,801 [pool-537-thread-1] INFO  storage.RaftStorage (RaftStorage.java:format(72)) - Storage directory /workdir/hadoop-ozone/integration-test/target/test-dir/MiniOzoneClusterImpl-4b1c6350-cd3e-4172-b7a0-e9c66394f836/datanode-4/data/ratis/1b70d777-b602-4c2f-8413-ee227fcdf11f has been successfully formatted.
2019-09-25 11:09:14,801 [pool-537-thread-1] INFO  ratis.ContainerStateMachine (ContainerStateMachine.java:loadSnapshot(230)) - group-EE227FCDF11F: The snapshot info is null. Setting the last applied indexto:(t:0, i:~)
2019-09-25 11:09:14,801 [pool-537-thread-1] INFO  server.RaftServerConfigKeys (ConfUtils.java:logGet(43)) - raft.server.notification.no-leader.timeout = 120s (custom)
2019-09-25 11:09:14,801 [pool-537-thread-1] INFO  server.RaftServerConfigKeys (ConfUtils.java:logGet(43)) - raft.server.log.use.memory = false (default)
2019-09-25 11:09:14,801 [pool-537-thread-1] INFO  server.RaftServerConfigKeys (ConfUtils.java:logGet(43)) - raft.server.log.purge.gap = 1000000 (custom)
2019-09-25 11:09:14,801 [pool-537-thread-1] INFO  server.RaftServerConfigKeys (ConfUtils.java:logGet(43)) - raft.server.log.appender.buffer.byte-limit = 33554432 (custom)
2019-09-25 11:09:14,801 [pool-537-thread-1] INFO  server.RaftServerConfigKeys (ConfUtils.java:logGet(43)) - raft.server.log.segment.size.max = 1048576 (custom)
2019-09-25 11:09:14,801 [pool-537-thread-1] INFO  server.RaftServerConfigKeys (ConfUtils.java:logGet(43)) - raft.server.log.segment.cache.num.max = 2 (custom)
2019-09-25 11:09:14,802 [pool-537-thread-1] INFO  segmented.SegmentedRaftLogWorker (SegmentedRaftLogWorker.java:<init>(172)) - new 1dbf52be-8f16-49fd-bad6-8089f3318926@group-EE227FCDF11F-SegmentedRaftLogWorker for RaftStorage:Storage Directory /workdir/hadoop-ozone/integration-test/target/test-dir/MiniOzoneClusterImpl-4b1c6350-cd3e-4172-b7a0-e9c66394f836/datanode-4/data/ratis/1b70d777-b602-4c2f-8413-ee227fcdf11f
2019-09-25 11:09:14,802 [pool-537-thread-1] INFO  server.RaftServerConfigKeys (ConfUtils.java:logGet(43)) - raft.server.log.queue.byte-limit = 2147483647 (custom)
2019-09-25 11:09:14,802 [pool-537-thread-1] INFO  server.RaftServerConfigKeys (ConfUtils.java:logGet(43)) - raft.server.log.queue.element-limit = 1024 (custom)
2019-09-25 11:09:14,802 [pool-537-thread-1] INFO  server.RaftServerConfigKeys (ConfUtils.java:logGet(43)) - raft.server.log.segment.size.max = 1048576 (custom)
2019-09-25 11:09:14,802 [pool-537-thread-1] INFO  server.RaftServerConfigKeys (ConfUtils.java:logGet(43)) - raft.server.log.preallocated.size = 16384 (custom)
2019-09-25 11:09:14,802 [pool-537-thread-1] INFO  server.RaftServerConfigKeys (ConfUtils.java:logGet(43)) - raft.server.log.write.buffer.size = 33554432 (custom)
2019-09-25 11:09:14,802 [pool-537-thread-1] INFO  server.RaftServerConfigKeys (ConfUtils.java:logGet(43)) - raft.server.log.force.sync.num = 128 (default)
2019-09-25 11:09:14,802 [pool-537-thread-1] INFO  server.RaftServerConfigKeys (ConfUtils.java:logGet(43)) - raft.server.log.statemachine.data.sync = true (default)
2019-09-25 11:09:14,802 [pool-537-thread-1] INFO  server.RaftServerConfigKeys (ConfUtils.java:logGet(43)) - raft.server.log.statemachine.data.sync.timeout = 10s (default)
2019-09-25 11:09:14,803 [pool-537-thread-1] INFO  server.RaftServerConfigKeys (ConfUtils.java:logGet(43)) - raft.server.log.statemachine.data.sync.timeout.retry = -1 (default)
2019-09-25 11:09:14,803 [pool-537-thread-1] INFO  server.RaftServerConfigKeys (ConfUtils.java:logGet(43)) - raft.server.log.statemachine.data.caching.enabled = true (custom)
2019-09-25 11:09:14,803 [pool-537-thread-1] INFO  segmented.SegmentedRaftLogWorker (SegmentedRaftLogWorker.java:lambda$new$0(132)) - 1dbf52be-8f16-49fd-bad6-8089f3318926@group-EE227FCDF11F-SegmentedRaftLogWorker: flushIndex: setUnconditionally 0 -> -1
2019-09-25 11:09:14,803 [pool-537-thread-1] INFO  server.RaftServerConfigKeys (ConfUtils.java:logGet(43)) - raft.server.snapshot.auto.trigger.enabled = true (custom)
2019-09-25 11:09:14,803 [pool-537-thread-1] INFO  server.RaftServerConfigKeys (ConfUtils.java:logGet(43)) - raft.server.snapshot.auto.trigger.threshold = 10000 (custom)
2019-09-25 11:09:14,803 [pool-537-thread-1] INFO  server.RaftServerConfigKeys (ConfUtils.java:logGet(43)) - raft.server.snapshot.retention.num.files = 5 (custom)
2019-09-25 11:09:14,804 [pool-537-thread-1] INFO  server.RaftServerConfigKeys (ConfUtils.java:logGet(43)) - raft.server.retrycache.expirytime = 600000ms (custom)
2019-09-25 11:09:14,805 [pool-537-thread-1] INFO  impl.RaftServerImpl (RaftServerImpl.java:start(185)) - 1dbf52be-8f16-49fd-bad6-8089f3318926@group-EE227FCDF11F: start as a follower, conf=-1: [1dbf52be-8f16-49fd-bad6-8089f3318926:192.168.30.6:43154], old=null
2019-09-25 11:09:14,805 [pool-537-thread-1] INFO  impl.RaftServerImpl (RaftServerImpl.java:setRole(174)) - 1dbf52be-8f16-49fd-bad6-8089f3318926@group-EE227FCDF11F: changes role from      null to FOLLOWER at term 0 for startAsFollower
2019-09-25 11:09:14,805 [pool-537-thread-1] INFO  impl.RoleInfo (RoleInfo.java:updateAndGet(143)) - 1dbf52be-8f16-49fd-bad6-8089f3318926: start FollowerState
2019-09-25 11:09:14,805 [pool-537-thread-1] INFO  util.JmxRegister (JmxRegister.java:tryRegister(44)) - Successfully registered JMX Bean with object name Ratis:service=RaftServer,group=group-EE227FCDF11F,id=1dbf52be-8f16-49fd-bad6-8089f3318926
2019-09-25 11:09:14,807 [RatisPipelineUtilsThread] INFO  pipeline.PipelineStateManager (PipelineStateManager.java:addPipeline(56)) - Created pipeline Pipeline[ Id: 1b70d777-b602-4c2f-8413-ee227fcdf11f, Nodes: 1dbf52be-8f16-49fd-bad6-8089f3318926{ip: 192.168.30.6, host: pr-hdds-1569-5gmkr-4255264070, networkLocation: /default-rack, certSerialId: null}, Type:RATIS, Factor:ONE, State:OPEN]
2019-09-25 11:09:14,808 [RatisPipelineUtilsThread] INFO  pipeline.PipelinePlacementPolicy (PipelinePlacementPolicy.java:meetCriteria(91)) - Pipeline Placement: can't place more pipeline on heavy datanode： 4cceff1e-2c3f-451c-8b62-7d06bcf43963 Heaviness: 6 limit: 5
2019-09-25 11:09:14,808 [RatisPipelineUtilsThread] INFO  pipeline.PipelinePlacementPolicy (PipelinePlacementPolicy.java:meetCriteria(91)) - Pipeline Placement: can't place more pipeline on heavy datanode： a8823747-7b39-4599-aab8-abab9e384ab8 Heaviness: 6 limit: 5
2019-09-25 11:09:14,811 [grpc-default-executor-1] INFO  impl.RaftServerProxy (RaftServerProxy.java:addNew(89)) - 97301ee4-d551-4dc8-86de-1a37740aeeca: addNew group-1CBA0EE7A9D9:[97301ee4-d551-4dc8-86de-1a37740aeeca:192.168.30.6:39526] returns group-1CBA0EE7A9D9:java.util.concurrent.CompletableFuture@3054d18e[Not completed]
2019-09-25 11:09:14,812 [pool-517-thread-1] INFO  impl.RaftServerImpl (RaftServerImpl.java:<init>(95)) - 97301ee4-d551-4dc8-86de-1a37740aeeca: new RaftServerImpl for group-1CBA0EE7A9D9:[97301ee4-d551-4dc8-86de-1a37740aeeca:192.168.30.6:39526] with ContainerStateMachine:uninitialized
2019-09-25 11:09:14,812 [pool-517-thread-1] INFO  server.RaftServerConfigKeys (ConfUtils.java:logGet(43)) - raft.server.rpc.timeout.min = 5s (custom)
2019-09-25 11:09:14,812 [pool-517-thread-1] INFO  server.RaftServerConfigKeys (ConfUtils.java:logGet(43)) - raft.server.rpc.timeout.max = 5200ms (custom)
2019-09-25 11:09:14,812 [pool-517-thread-1] INFO  server.RaftServerConfigKeys (ConfUtils.java:logGet(43)) - raft.server.rpcslowness.timeout = 120s (custom)
2019-09-25 11:09:14,812 [pool-517-thread-1] INFO  server.RaftServerConfigKeys (ConfUtils.java:logGet(43)) - raft.server.sleep.deviation.threshold = 300 (default)
2019-09-25 11:09:14,812 [pool-517-thread-1] INFO  server.RaftServerConfigKeys (ConfUtils.java:logGet(43)) - raft.server.log.appender.install.snapshot.enabled = false (custom)
2019-09-25 11:09:14,812 [pool-517-thread-1] INFO  impl.RaftServerImpl (ServerState.java:<init>(103)) - 97301ee4-d551-4dc8-86de-1a37740aeeca@group-1CBA0EE7A9D9: ConfigurationManager, init=-1: [97301ee4-d551-4dc8-86de-1a37740aeeca:192.168.30.6:39526], old=null, confs=<EMPTY_MAP>
2019-09-25 11:09:14,813 [pool-517-thread-1] INFO  server.RaftServerConfigKeys (ConfUtils.java:logGet(43)) - raft.server.storage.dir = [/workdir/hadoop-ozone/integration-test/target/test-dir/MiniOzoneClusterImpl-4b1c6350-cd3e-4172-b7a0-e9c66394f836/datanode-2/data/ratis] (custom)
2019-09-25 11:09:14,813 [pool-517-thread-1] INFO  storage.RaftStorageDirectory (RaftStorageDirectory.java:analyzeStorage(246)) - The storage directory /workdir/hadoop-ozone/integration-test/target/test-dir/MiniOzoneClusterImpl-4b1c6350-cd3e-4172-b7a0-e9c66394f836/datanode-2/data/ratis/9608ede0-0fb9-4702-b850-1cba0ee7a9d9 does not exist. Creating ...
2019-09-25 11:09:14,826 [pool-517-thread-1] INFO  storage.RaftStorageDirectory (RaftStorageDirectory.java:tryLock(328)) - Lock on /workdir/hadoop-ozone/integration-test/target/test-dir/MiniOzoneClusterImpl-4b1c6350-cd3e-4172-b7a0-e9c66394f836/datanode-2/data/ratis/9608ede0-0fb9-4702-b850-1cba0ee7a9d9/in_use.lock acquired by nodename 21763@pr-hdds-1569-5gmkr-4255264070
2019-09-25 11:09:14,839 [pool-517-thread-1] INFO  storage.RaftStorage (RaftStorage.java:format(72)) - Storage directory /workdir/hadoop-ozone/integration-test/target/test-dir/MiniOzoneClusterImpl-4b1c6350-cd3e-4172-b7a0-e9c66394f836/datanode-2/data/ratis/9608ede0-0fb9-4702-b850-1cba0ee7a9d9 has been successfully formatted.
2019-09-25 11:09:14,839 [pool-517-thread-1] INFO  ratis.ContainerStateMachine (ContainerStateMachine.java:loadSnapshot(230)) - group-1CBA0EE7A9D9: The snapshot info is null. Setting the last applied indexto:(t:0, i:~)
2019-09-25 11:09:14,839 [pool-517-thread-1] INFO  server.RaftServerConfigKeys (ConfUtils.java:logGet(43)) - raft.server.notification.no-leader.timeout = 120s (custom)
2019-09-25 11:09:14,840 [pool-517-thread-1] INFO  server.RaftServerConfigKeys (ConfUtils.java:logGet(43)) - raft.server.log.use.memory = false (default)
2019-09-25 11:09:14,840 [pool-517-thread-1] INFO  server.RaftServerConfigKeys (ConfUtils.java:logGet(43)) - raft.server.log.purge.gap = 1000000 (custom)
2019-09-25 11:09:14,840 [pool-517-thread-1] INFO  server.RaftServerConfigKeys (ConfUtils.java:logGet(43)) - raft.server.log.appender.buffer.byte-limit = 33554432 (custom)
2019-09-25 11:09:14,840 [pool-517-thread-1] INFO  server.RaftServerConfigKeys (ConfUtils.java:logGet(43)) - raft.server.log.segment.size.max = 1048576 (custom)
2019-09-25 11:09:14,840 [pool-517-thread-1] INFO  server.RaftServerConfigKeys (ConfUtils.java:logGet(43)) - raft.server.log.segment.cache.num.max = 2 (custom)
2019-09-25 11:09:14,840 [pool-517-thread-1] INFO  segmented.SegmentedRaftLogWorker (SegmentedRaftLogWorker.java:<init>(172)) - new 97301ee4-d551-4dc8-86de-1a37740aeeca@group-1CBA0EE7A9D9-SegmentedRaftLogWorker for RaftStorage:Storage Directory /workdir/hadoop-ozone/integration-test/target/test-dir/MiniOzoneClusterImpl-4b1c6350-cd3e-4172-b7a0-e9c66394f836/datanode-2/data/ratis/9608ede0-0fb9-4702-b850-1cba0ee7a9d9
2019-09-25 11:09:14,840 [pool-517-thread-1] INFO  server.RaftServerConfigKeys (ConfUtils.java:logGet(43)) - raft.server.log.queue.byte-limit = 2147483647 (custom)
2019-09-25 11:09:14,841 [pool-517-thread-1] INFO  server.RaftServerConfigKeys (ConfUtils.java:logGet(43)) - raft.server.log.queue.element-limit = 1024 (custom)
2019-09-25 11:09:14,841 [pool-517-thread-1] INFO  server.RaftServerConfigKeys (ConfUtils.java:logGet(43)) - raft.server.log.segment.size.max = 1048576 (custom)
2019-09-25 11:09:14,841 [pool-517-thread-1] INFO  server.RaftServerConfigKeys (ConfUtils.java:logGet(43)) - raft.server.log.preallocated.size = 16384 (custom)
2019-09-25 11:09:14,841 [pool-517-thread-1] INFO  server.RaftServerConfigKeys (ConfUtils.java:logGet(43)) - raft.server.log.write.buffer.size = 33554432 (custom)
2019-09-25 11:09:14,841 [pool-517-thread-1] INFO  server.RaftServerConfigKeys (ConfUtils.java:logGet(43)) - raft.server.log.force.sync.num = 128 (default)
2019-09-25 11:09:14,841 [pool-517-thread-1] INFO  server.RaftServerConfigKeys (ConfUtils.java:logGet(43)) - raft.server.log.statemachine.data.sync = true (default)
2019-09-25 11:09:14,841 [pool-517-thread-1] INFO  server.RaftServerConfigKeys (ConfUtils.java:logGet(43)) - raft.server.log.statemachine.data.sync.timeout = 10s (default)
2019-09-25 11:09:14,841 [pool-517-thread-1] INFO  server.RaftServerConfigKeys (ConfUtils.java:logGet(43)) - raft.server.log.statemachine.data.sync.timeout.retry = -1 (default)
2019-09-25 11:09:14,842 [pool-517-thread-1] INFO  server.RaftServerConfigKeys (ConfUtils.java:logGet(43)) - raft.server.log.statemachine.data.caching.enabled = true (custom)
2019-09-25 11:09:14,842 [pool-517-thread-1] INFO  segmented.SegmentedRaftLogWorker (SegmentedRaftLogWorker.java:lambda$new$0(132)) - 97301ee4-d551-4dc8-86de-1a37740aeeca@group-1CBA0EE7A9D9-SegmentedRaftLogWorker: flushIndex: setUnconditionally 0 -> -1
2019-09-25 11:09:14,842 [pool-517-thread-1] INFO  server.RaftServerConfigKeys (ConfUtils.java:logGet(43)) - raft.server.snapshot.auto.trigger.enabled = true (custom)
2019-09-25 11:09:14,842 [pool-517-thread-1] INFO  server.RaftServerConfigKeys (ConfUtils.java:logGet(43)) - raft.server.snapshot.auto.trigger.threshold = 10000 (custom)
2019-09-25 11:09:14,842 [pool-517-thread-1] INFO  server.RaftServerConfigKeys (ConfUtils.java:logGet(43)) - raft.server.snapshot.retention.num.files = 5 (custom)
2019-09-25 11:09:14,843 [pool-517-thread-1] INFO  server.RaftServerConfigKeys (ConfUtils.java:logGet(43)) - raft.server.retrycache.expirytime = 600000ms (custom)
2019-09-25 11:09:14,844 [pool-517-thread-1] INFO  impl.RaftServerImpl (RaftServerImpl.java:start(185)) - 97301ee4-d551-4dc8-86de-1a37740aeeca@group-1CBA0EE7A9D9: start as a follower, conf=-1: [97301ee4-d551-4dc8-86de-1a37740aeeca:192.168.30.6:39526], old=null
2019-09-25 11:09:14,844 [pool-517-thread-1] INFO  impl.RaftServerImpl (RaftServerImpl.java:setRole(174)) - 97301ee4-d551-4dc8-86de-1a37740aeeca@group-1CBA0EE7A9D9: changes role from      null to FOLLOWER at term 0 for startAsFollower
2019-09-25 11:09:14,844 [pool-517-thread-1] INFO  impl.RoleInfo (RoleInfo.java:updateAndGet(143)) - 97301ee4-d551-4dc8-86de-1a37740aeeca: start FollowerState
2019-09-25 11:09:14,845 [pool-517-thread-1] INFO  util.JmxRegister (JmxRegister.java:tryRegister(44)) - Successfully registered JMX Bean with object name Ratis:service=RaftServer,group=group-1CBA0EE7A9D9,id=97301ee4-d551-4dc8-86de-1a37740aeeca
2019-09-25 11:09:14,847 [RatisPipelineUtilsThread] INFO  pipeline.PipelineStateManager (PipelineStateManager.java:addPipeline(56)) - Created pipeline Pipeline[ Id: 9608ede0-0fb9-4702-b850-1cba0ee7a9d9, Nodes: 97301ee4-d551-4dc8-86de-1a37740aeeca{ip: 192.168.30.6, host: pr-hdds-1569-5gmkr-4255264070, networkLocation: /default-rack, certSerialId: null}, Type:RATIS, Factor:ONE, State:OPEN]
2019-09-25 11:09:14,847 [RatisPipelineUtilsThread] INFO  pipeline.PipelinePlacementPolicy (PipelinePlacementPolicy.java:meetCriteria(91)) - Pipeline Placement: can't place more pipeline on heavy datanode： 4cceff1e-2c3f-451c-8b62-7d06bcf43963 Heaviness: 6 limit: 5
2019-09-25 11:09:14,847 [RatisPipelineUtilsThread] INFO  pipeline.PipelinePlacementPolicy (PipelinePlacementPolicy.java:meetCriteria(91)) - Pipeline Placement: can't place more pipeline on heavy datanode： 97301ee4-d551-4dc8-86de-1a37740aeeca Heaviness: 6 limit: 5
2019-09-25 11:09:14,847 [RatisPipelineUtilsThread] INFO  pipeline.PipelinePlacementPolicy (PipelinePlacementPolicy.java:meetCriteria(91)) - Pipeline Placement: can't place more pipeline on heavy datanode： a8823747-7b39-4599-aab8-abab9e384ab8 Heaviness: 6 limit: 5
2019-09-25 11:09:14,850 [grpc-default-executor-1] INFO  impl.RaftServerProxy (RaftServerProxy.java:addNew(89)) - 1dbf52be-8f16-49fd-bad6-8089f3318926: addNew group-5B5D049F1D1E:[1dbf52be-8f16-49fd-bad6-8089f3318926:192.168.30.6:43154] returns group-5B5D049F1D1E:java.util.concurrent.CompletableFuture@fba68e1[Not completed]
2019-09-25 11:09:14,850 [pool-537-thread-1] INFO  impl.RaftServerImpl (RaftServerImpl.java:<init>(95)) - 1dbf52be-8f16-49fd-bad6-8089f3318926: new RaftServerImpl for group-5B5D049F1D1E:[1dbf52be-8f16-49fd-bad6-8089f3318926:192.168.30.6:43154] with ContainerStateMachine:uninitialized
2019-09-25 11:09:14,850 [pool-537-thread-1] INFO  server.RaftServerConfigKeys (ConfUtils.java:logGet(43)) - raft.server.rpc.timeout.min = 5s (custom)
2019-09-25 11:09:14,851 [pool-537-thread-1] INFO  server.RaftServerConfigKeys (ConfUtils.java:logGet(43)) - raft.server.rpc.timeout.max = 5200ms (custom)
2019-09-25 11:09:14,851 [pool-537-thread-1] INFO  server.RaftServerConfigKeys (ConfUtils.java:logGet(43)) - raft.server.rpcslowness.timeout = 120s (custom)
2019-09-25 11:09:14,851 [pool-537-thread-1] INFO  server.RaftServerConfigKeys (ConfUtils.java:logGet(43)) - raft.server.sleep.deviation.threshold = 300 (default)
2019-09-25 11:09:14,851 [pool-537-thread-1] INFO  server.RaftServerConfigKeys (ConfUtils.java:logGet(43)) - raft.server.log.appender.install.snapshot.enabled = false (custom)
2019-09-25 11:09:14,851 [pool-537-thread-1] INFO  impl.RaftServerImpl (ServerState.java:<init>(103)) - 1dbf52be-8f16-49fd-bad6-8089f3318926@group-5B5D049F1D1E: ConfigurationManager, init=-1: [1dbf52be-8f16-49fd-bad6-8089f3318926:192.168.30.6:43154], old=null, confs=<EMPTY_MAP>
2019-09-25 11:09:14,851 [pool-537-thread-1] INFO  server.RaftServerConfigKeys (ConfUtils.java:logGet(43)) - raft.server.storage.dir = [/workdir/hadoop-ozone/integration-test/target/test-dir/MiniOzoneClusterImpl-4b1c6350-cd3e-4172-b7a0-e9c66394f836/datanode-4/data/ratis] (custom)
2019-09-25 11:09:14,851 [pool-537-thread-1] INFO  storage.RaftStorageDirectory (RaftStorageDirectory.java:analyzeStorage(246)) - The storage directory /workdir/hadoop-ozone/integration-test/target/test-dir/MiniOzoneClusterImpl-4b1c6350-cd3e-4172-b7a0-e9c66394f836/datanode-4/data/ratis/2d9f24ca-0ae9-4a4b-980c-5b5d049f1d1e does not exist. Creating ...
2019-09-25 11:09:14,864 [pool-537-thread-1] INFO  storage.RaftStorageDirectory (RaftStorageDirectory.java:tryLock(328)) - Lock on /workdir/hadoop-ozone/integration-test/target/test-dir/MiniOzoneClusterImpl-4b1c6350-cd3e-4172-b7a0-e9c66394f836/datanode-4/data/ratis/2d9f24ca-0ae9-4a4b-980c-5b5d049f1d1e/in_use.lock acquired by nodename 21763@pr-hdds-1569-5gmkr-4255264070
2019-09-25 11:09:14,877 [pool-537-thread-1] INFO  storage.RaftStorage (RaftStorage.java:format(72)) - Storage directory /workdir/hadoop-ozone/integration-test/target/test-dir/MiniOzoneClusterImpl-4b1c6350-cd3e-4172-b7a0-e9c66394f836/datanode-4/data/ratis/2d9f24ca-0ae9-4a4b-980c-5b5d049f1d1e has been successfully formatted.
2019-09-25 11:09:14,877 [pool-537-thread-1] INFO  ratis.ContainerStateMachine (ContainerStateMachine.java:loadSnapshot(230)) - group-5B5D049F1D1E: The snapshot info is null. Setting the last applied indexto:(t:0, i:~)
2019-09-25 11:09:14,877 [pool-537-thread-1] INFO  server.RaftServerConfigKeys (ConfUtils.java:logGet(43)) - raft.server.notification.no-leader.timeout = 120s (custom)
2019-09-25 11:09:14,877 [pool-537-thread-1] INFO  server.RaftServerConfigKeys (ConfUtils.java:logGet(43)) - raft.server.log.use.memory = false (default)
2019-09-25 11:09:14,878 [pool-537-thread-1] INFO  server.RaftServerConfigKeys (ConfUtils.java:logGet(43)) - raft.server.log.purge.gap = 1000000 (custom)
2019-09-25 11:09:14,878 [pool-537-thread-1] INFO  server.RaftServerConfigKeys (ConfUtils.java:logGet(43)) - raft.server.log.appender.buffer.byte-limit = 33554432 (custom)
2019-09-25 11:09:14,878 [pool-537-thread-1] INFO  server.RaftServerConfigKeys (ConfUtils.java:logGet(43)) - raft.server.log.segment.size.max = 1048576 (custom)
2019-09-25 11:09:14,878 [pool-537-thread-1] INFO  server.RaftServerConfigKeys (ConfUtils.java:logGet(43)) - raft.server.log.segment.cache.num.max = 2 (custom)
2019-09-25 11:09:14,878 [pool-537-thread-1] INFO  segmented.SegmentedRaftLogWorker (SegmentedRaftLogWorker.java:<init>(172)) - new 1dbf52be-8f16-49fd-bad6-8089f3318926@group-5B5D049F1D1E-SegmentedRaftLogWorker for RaftStorage:Storage Directory /workdir/hadoop-ozone/integration-test/target/test-dir/MiniOzoneClusterImpl-4b1c6350-cd3e-4172-b7a0-e9c66394f836/datanode-4/data/ratis/2d9f24ca-0ae9-4a4b-980c-5b5d049f1d1e
2019-09-25 11:09:14,878 [pool-537-thread-1] INFO  server.RaftServerConfigKeys (ConfUtils.java:logGet(43)) - raft.server.log.queue.byte-limit = 2147483647 (custom)
2019-09-25 11:09:14,878 [pool-537-thread-1] INFO  server.RaftServerConfigKeys (ConfUtils.java:logGet(43)) - raft.server.log.queue.element-limit = 1024 (custom)
2019-09-25 11:09:14,878 [pool-537-thread-1] INFO  server.RaftServerConfigKeys (ConfUtils.java:logGet(43)) - raft.server.log.segment.size.max = 1048576 (custom)
2019-09-25 11:09:14,879 [pool-537-thread-1] INFO  server.RaftServerConfigKeys (ConfUtils.java:logGet(43)) - raft.server.log.preallocated.size = 16384 (custom)
2019-09-25 11:09:14,879 [pool-537-thread-1] INFO  server.RaftServerConfigKeys (ConfUtils.java:logGet(43)) - raft.server.log.write.buffer.size = 33554432 (custom)
2019-09-25 11:09:14,879 [pool-537-thread-1] INFO  server.RaftServerConfigKeys (ConfUtils.java:logGet(43)) - raft.server.log.force.sync.num = 128 (default)
2019-09-25 11:09:14,879 [pool-537-thread-1] INFO  server.RaftServerConfigKeys (ConfUtils.java:logGet(43)) - raft.server.log.statemachine.data.sync = true (default)
2019-09-25 11:09:14,879 [pool-537-thread-1] INFO  server.RaftServerConfigKeys (ConfUtils.java:logGet(43)) - raft.server.log.statemachine.data.sync.timeout = 10s (default)
2019-09-25 11:09:14,879 [pool-537-thread-1] INFO  server.RaftServerConfigKeys (ConfUtils.java:logGet(43)) - raft.server.log.statemachine.data.sync.timeout.retry = -1 (default)
2019-09-25 11:09:14,879 [pool-537-thread-1] INFO  server.RaftServerConfigKeys (ConfUtils.java:logGet(43)) - raft.server.log.statemachine.data.caching.enabled = true (custom)
2019-09-25 11:09:14,879 [pool-537-thread-1] INFO  segmented.SegmentedRaftLogWorker (SegmentedRaftLogWorker.java:lambda$new$0(132)) - 1dbf52be-8f16-49fd-bad6-8089f3318926@group-5B5D049F1D1E-SegmentedRaftLogWorker: flushIndex: setUnconditionally 0 -> -1
2019-09-25 11:09:14,880 [pool-537-thread-1] INFO  server.RaftServerConfigKeys (ConfUtils.java:logGet(43)) - raft.server.snapshot.auto.trigger.enabled = true (custom)
2019-09-25 11:09:14,880 [pool-537-thread-1] INFO  server.RaftServerConfigKeys (ConfUtils.java:logGet(43)) - raft.server.snapshot.auto.trigger.threshold = 10000 (custom)
2019-09-25 11:09:14,880 [pool-537-thread-1] INFO  server.RaftServerConfigKeys (ConfUtils.java:logGet(43)) - raft.server.snapshot.retention.num.files = 5 (custom)
2019-09-25 11:09:14,880 [pool-537-thread-1] INFO  server.RaftServerConfigKeys (ConfUtils.java:logGet(43)) - raft.server.retrycache.expirytime = 600000ms (custom)
2019-09-25 11:09:14,881 [pool-537-thread-1] INFO  impl.RaftServerImpl (RaftServerImpl.java:start(185)) - 1dbf52be-8f16-49fd-bad6-8089f3318926@group-5B5D049F1D1E: start as a follower, conf=-1: [1dbf52be-8f16-49fd-bad6-8089f3318926:192.168.30.6:43154], old=null
2019-09-25 11:09:14,882 [pool-537-thread-1] INFO  impl.RaftServerImpl (RaftServerImpl.java:setRole(174)) - 1dbf52be-8f16-49fd-bad6-8089f3318926@group-5B5D049F1D1E: changes role from      null to FOLLOWER at term 0 for startAsFollower
2019-09-25 11:09:14,882 [pool-537-thread-1] INFO  impl.RoleInfo (RoleInfo.java:updateAndGet(143)) - 1dbf52be-8f16-49fd-bad6-8089f3318926: start FollowerState
2019-09-25 11:09:14,882 [pool-537-thread-1] INFO  util.JmxRegister (JmxRegister.java:tryRegister(44)) - Successfully registered JMX Bean with object name Ratis:service=RaftServer,group=group-5B5D049F1D1E,id=1dbf52be-8f16-49fd-bad6-8089f3318926
2019-09-25 11:09:14,884 [RatisPipelineUtilsThread] INFO  pipeline.PipelineStateManager (PipelineStateManager.java:addPipeline(56)) - Created pipeline Pipeline[ Id: 2d9f24ca-0ae9-4a4b-980c-5b5d049f1d1e, Nodes: 1dbf52be-8f16-49fd-bad6-8089f3318926{ip: 192.168.30.6, host: pr-hdds-1569-5gmkr-4255264070, networkLocation: /default-rack, certSerialId: null}, Type:RATIS, Factor:ONE, State:OPEN]
2019-09-25 11:09:14,884 [RatisPipelineUtilsThread] INFO  pipeline.PipelinePlacementPolicy (PipelinePlacementPolicy.java:meetCriteria(91)) - Pipeline Placement: can't place more pipeline on heavy datanode： 4cceff1e-2c3f-451c-8b62-7d06bcf43963 Heaviness: 6 limit: 5
2019-09-25 11:09:14,884 [RatisPipelineUtilsThread] INFO  pipeline.PipelinePlacementPolicy (PipelinePlacementPolicy.java:meetCriteria(91)) - Pipeline Placement: can't place more pipeline on heavy datanode： 97301ee4-d551-4dc8-86de-1a37740aeeca Heaviness: 6 limit: 5
2019-09-25 11:09:14,884 [RatisPipelineUtilsThread] INFO  pipeline.PipelinePlacementPolicy (PipelinePlacementPolicy.java:meetCriteria(91)) - Pipeline Placement: can't place more pipeline on heavy datanode： a8823747-7b39-4599-aab8-abab9e384ab8 Heaviness: 6 limit: 5
2019-09-25 11:09:14,887 [grpc-default-executor-1] INFO  impl.RaftServerProxy (RaftServerProxy.java:addNew(89)) - 0ce03005-f534-496c-a0eb-c417dd14ba94: addNew group-29E6F04255E1:[0ce03005-f534-496c-a0eb-c417dd14ba94:192.168.30.6:34724] returns group-29E6F04255E1:java.util.concurrent.CompletableFuture@28c2b798[Not completed]
2019-09-25 11:09:14,887 [pool-527-thread-1] INFO  impl.RaftServerImpl (RaftServerImpl.java:<init>(95)) - 0ce03005-f534-496c-a0eb-c417dd14ba94: new RaftServerImpl for group-29E6F04255E1:[0ce03005-f534-496c-a0eb-c417dd14ba94:192.168.30.6:34724] with ContainerStateMachine:uninitialized
2019-09-25 11:09:14,888 [pool-527-thread-1] INFO  server.RaftServerConfigKeys (ConfUtils.java:logGet(43)) - raft.server.rpc.timeout.min = 5s (custom)
2019-09-25 11:09:14,888 [pool-527-thread-1] INFO  server.RaftServerConfigKeys (ConfUtils.java:logGet(43)) - raft.server.rpc.timeout.max = 5200ms (custom)
2019-09-25 11:09:14,888 [pool-527-thread-1] INFO  server.RaftServerConfigKeys (ConfUtils.java:logGet(43)) - raft.server.rpcslowness.timeout = 120s (custom)
2019-09-25 11:09:14,888 [pool-527-thread-1] INFO  server.RaftServerConfigKeys (ConfUtils.java:logGet(43)) - raft.server.sleep.deviation.threshold = 300 (default)
2019-09-25 11:09:14,888 [pool-527-thread-1] INFO  server.RaftServerConfigKeys (ConfUtils.java:logGet(43)) - raft.server.log.appender.install.snapshot.enabled = false (custom)
2019-09-25 11:09:14,888 [pool-527-thread-1] INFO  impl.RaftServerImpl (ServerState.java:<init>(103)) - 0ce03005-f534-496c-a0eb-c417dd14ba94@group-29E6F04255E1: ConfigurationManager, init=-1: [0ce03005-f534-496c-a0eb-c417dd14ba94:192.168.30.6:34724], old=null, confs=<EMPTY_MAP>
2019-09-25 11:09:14,888 [pool-527-thread-1] INFO  server.RaftServerConfigKeys (ConfUtils.java:logGet(43)) - raft.server.storage.dir = [/workdir/hadoop-ozone/integration-test/target/test-dir/MiniOzoneClusterImpl-4b1c6350-cd3e-4172-b7a0-e9c66394f836/datanode-3/data/ratis] (custom)
2019-09-25 11:09:14,888 [pool-527-thread-1] INFO  storage.RaftStorageDirectory (RaftStorageDirectory.java:analyzeStorage(246)) - The storage directory /workdir/hadoop-ozone/integration-test/target/test-dir/MiniOzoneClusterImpl-4b1c6350-cd3e-4172-b7a0-e9c66394f836/datanode-3/data/ratis/654db766-f88c-4de1-b51d-29e6f04255e1 does not exist. Creating ...
2019-09-25 11:09:14,900 [pool-527-thread-1] INFO  storage.RaftStorageDirectory (RaftStorageDirectory.java:tryLock(328)) - Lock on /workdir/hadoop-ozone/integration-test/target/test-dir/MiniOzoneClusterImpl-4b1c6350-cd3e-4172-b7a0-e9c66394f836/datanode-3/data/ratis/654db766-f88c-4de1-b51d-29e6f04255e1/in_use.lock acquired by nodename 21763@pr-hdds-1569-5gmkr-4255264070
2019-09-25 11:09:14,913 [pool-527-thread-1] INFO  storage.RaftStorage (RaftStorage.java:format(72)) - Storage directory /workdir/hadoop-ozone/integration-test/target/test-dir/MiniOzoneClusterImpl-4b1c6350-cd3e-4172-b7a0-e9c66394f836/datanode-3/data/ratis/654db766-f88c-4de1-b51d-29e6f04255e1 has been successfully formatted.
2019-09-25 11:09:14,913 [pool-527-thread-1] INFO  ratis.ContainerStateMachine (ContainerStateMachine.java:loadSnapshot(230)) - group-29E6F04255E1: The snapshot info is null. Setting the last applied indexto:(t:0, i:~)
2019-09-25 11:09:14,913 [pool-527-thread-1] INFO  server.RaftServerConfigKeys (ConfUtils.java:logGet(43)) - raft.server.notification.no-leader.timeout = 120s (custom)
2019-09-25 11:09:14,913 [pool-527-thread-1] INFO  server.RaftServerConfigKeys (ConfUtils.java:logGet(43)) - raft.server.log.use.memory = false (default)
2019-09-25 11:09:14,913 [pool-527-thread-1] INFO  server.RaftServerConfigKeys (ConfUtils.java:logGet(43)) - raft.server.log.purge.gap = 1000000 (custom)
2019-09-25 11:09:14,913 [pool-527-thread-1] INFO  server.RaftServerConfigKeys (ConfUtils.java:logGet(43)) - raft.server.log.appender.buffer.byte-limit = 33554432 (custom)
2019-09-25 11:09:14,913 [pool-527-thread-1] INFO  server.RaftServerConfigKeys (ConfUtils.java:logGet(43)) - raft.server.log.segment.size.max = 1048576 (custom)
2019-09-25 11:09:14,914 [pool-527-thread-1] INFO  server.RaftServerConfigKeys (ConfUtils.java:logGet(43)) - raft.server.log.segment.cache.num.max = 2 (custom)
2019-09-25 11:09:14,914 [pool-527-thread-1] INFO  segmented.SegmentedRaftLogWorker (SegmentedRaftLogWorker.java:<init>(172)) - new 0ce03005-f534-496c-a0eb-c417dd14ba94@group-29E6F04255E1-SegmentedRaftLogWorker for RaftStorage:Storage Directory /workdir/hadoop-ozone/integration-test/target/test-dir/MiniOzoneClusterImpl-4b1c6350-cd3e-4172-b7a0-e9c66394f836/datanode-3/data/ratis/654db766-f88c-4de1-b51d-29e6f04255e1
2019-09-25 11:09:14,914 [pool-527-thread-1] INFO  server.RaftServerConfigKeys (ConfUtils.java:logGet(43)) - raft.server.log.queue.byte-limit = 2147483647 (custom)
2019-09-25 11:09:14,914 [pool-527-thread-1] INFO  server.RaftServerConfigKeys (ConfUtils.java:logGet(43)) - raft.server.log.queue.element-limit = 1024 (custom)
2019-09-25 11:09:14,914 [pool-527-thread-1] INFO  server.RaftServerConfigKeys (ConfUtils.java:logGet(43)) - raft.server.log.segment.size.max = 1048576 (custom)
2019-09-25 11:09:14,914 [pool-527-thread-1] INFO  server.RaftServerConfigKeys (ConfUtils.java:logGet(43)) - raft.server.log.preallocated.size = 16384 (custom)
2019-09-25 11:09:14,914 [pool-527-thread-1] INFO  server.RaftServerConfigKeys (ConfUtils.java:logGet(43)) - raft.server.log.write.buffer.size = 33554432 (custom)
2019-09-25 11:09:14,914 [pool-527-thread-1] INFO  server.RaftServerConfigKeys (ConfUtils.java:logGet(43)) - raft.server.log.force.sync.num = 128 (default)
2019-09-25 11:09:14,914 [pool-527-thread-1] INFO  server.RaftServerConfigKeys (ConfUtils.java:logGet(43)) - raft.server.log.statemachine.data.sync = true (default)
2019-09-25 11:09:14,914 [pool-527-thread-1] INFO  server.RaftServerConfigKeys (ConfUtils.java:logGet(43)) - raft.server.log.statemachine.data.sync.timeout = 10s (default)
2019-09-25 11:09:14,915 [pool-527-thread-1] INFO  server.RaftServerConfigKeys (ConfUtils.java:logGet(43)) - raft.server.log.statemachine.data.sync.timeout.retry = -1 (default)
2019-09-25 11:09:14,915 [pool-527-thread-1] INFO  server.RaftServerConfigKeys (ConfUtils.java:logGet(43)) - raft.server.log.statemachine.data.caching.enabled = true (custom)
2019-09-25 11:09:14,915 [pool-527-thread-1] INFO  segmented.SegmentedRaftLogWorker (SegmentedRaftLogWorker.java:lambda$new$0(132)) - 0ce03005-f534-496c-a0eb-c417dd14ba94@group-29E6F04255E1-SegmentedRaftLogWorker: flushIndex: setUnconditionally 0 -> -1
2019-09-25 11:09:14,915 [pool-527-thread-1] INFO  server.RaftServerConfigKeys (ConfUtils.java:logGet(43)) - raft.server.snapshot.auto.trigger.enabled = true (custom)
2019-09-25 11:09:14,915 [pool-527-thread-1] INFO  server.RaftServerConfigKeys (ConfUtils.java:logGet(43)) - raft.server.snapshot.auto.trigger.threshold = 10000 (custom)
2019-09-25 11:09:14,915 [pool-527-thread-1] INFO  server.RaftServerConfigKeys (ConfUtils.java:logGet(43)) - raft.server.snapshot.retention.num.files = 5 (custom)
2019-09-25 11:09:14,915 [pool-527-thread-1] INFO  server.RaftServerConfigKeys (ConfUtils.java:logGet(43)) - raft.server.retrycache.expirytime = 600000ms (custom)
2019-09-25 11:09:14,917 [pool-527-thread-1] INFO  impl.RaftServerImpl (RaftServerImpl.java:start(185)) - 0ce03005-f534-496c-a0eb-c417dd14ba94@group-29E6F04255E1: start as a follower, conf=-1: [0ce03005-f534-496c-a0eb-c417dd14ba94:192.168.30.6:34724], old=null
2019-09-25 11:09:14,917 [pool-527-thread-1] INFO  impl.RaftServerImpl (RaftServerImpl.java:setRole(174)) - 0ce03005-f534-496c-a0eb-c417dd14ba94@group-29E6F04255E1: changes role from      null to FOLLOWER at term 0 for startAsFollower
2019-09-25 11:09:14,917 [pool-527-thread-1] INFO  impl.RoleInfo (RoleInfo.java:updateAndGet(143)) - 0ce03005-f534-496c-a0eb-c417dd14ba94: start FollowerState
2019-09-25 11:09:14,917 [pool-527-thread-1] INFO  util.JmxRegister (JmxRegister.java:tryRegister(44)) - Successfully registered JMX Bean with object name Ratis:service=RaftServer,group=group-29E6F04255E1,id=0ce03005-f534-496c-a0eb-c417dd14ba94
2019-09-25 11:09:14,919 [RatisPipelineUtilsThread] INFO  pipeline.PipelineStateManager (PipelineStateManager.java:addPipeline(56)) - Created pipeline Pipeline[ Id: 654db766-f88c-4de1-b51d-29e6f04255e1, Nodes: 0ce03005-f534-496c-a0eb-c417dd14ba94{ip: 192.168.30.6, host: pr-hdds-1569-5gmkr-4255264070, networkLocation: /default-rack, certSerialId: null}, Type:RATIS, Factor:ONE, State:OPEN]
2019-09-25 11:09:14,919 [RatisPipelineUtilsThread] INFO  pipeline.PipelinePlacementPolicy (PipelinePlacementPolicy.java:meetCriteria(91)) - Pipeline Placement: can't place more pipeline on heavy datanode： 4cceff1e-2c3f-451c-8b62-7d06bcf43963 Heaviness: 6 limit: 5
2019-09-25 11:09:14,919 [RatisPipelineUtilsThread] INFO  pipeline.PipelinePlacementPolicy (PipelinePlacementPolicy.java:meetCriteria(91)) - Pipeline Placement: can't place more pipeline on heavy datanode： 97301ee4-d551-4dc8-86de-1a37740aeeca Heaviness: 6 limit: 5
2019-09-25 11:09:14,919 [RatisPipelineUtilsThread] INFO  pipeline.PipelinePlacementPolicy (PipelinePlacementPolicy.java:meetCriteria(91)) - Pipeline Placement: can't place more pipeline on heavy datanode： a8823747-7b39-4599-aab8-abab9e384ab8 Heaviness: 6 limit: 5
2019-09-25 11:09:14,922 [grpc-default-executor-1] INFO  impl.RaftServerProxy (RaftServerProxy.java:addNew(89)) - 0ce03005-f534-496c-a0eb-c417dd14ba94: addNew group-AEAACE02007D:[0ce03005-f534-496c-a0eb-c417dd14ba94:192.168.30.6:34724] returns group-AEAACE02007D:java.util.concurrent.CompletableFuture@7e53ae42[Not completed]
2019-09-25 11:09:14,922 [pool-527-thread-1] INFO  impl.RaftServerImpl (RaftServerImpl.java:<init>(95)) - 0ce03005-f534-496c-a0eb-c417dd14ba94: new RaftServerImpl for group-AEAACE02007D:[0ce03005-f534-496c-a0eb-c417dd14ba94:192.168.30.6:34724] with ContainerStateMachine:uninitialized
2019-09-25 11:09:14,922 [pool-527-thread-1] INFO  server.RaftServerConfigKeys (ConfUtils.java:logGet(43)) - raft.server.rpc.timeout.min = 5s (custom)
2019-09-25 11:09:14,922 [pool-527-thread-1] INFO  server.RaftServerConfigKeys (ConfUtils.java:logGet(43)) - raft.server.rpc.timeout.max = 5200ms (custom)
2019-09-25 11:09:14,922 [pool-527-thread-1] INFO  server.RaftServerConfigKeys (ConfUtils.java:logGet(43)) - raft.server.rpcslowness.timeout = 120s (custom)
2019-09-25 11:09:14,922 [pool-527-thread-1] INFO  server.RaftServerConfigKeys (ConfUtils.java:logGet(43)) - raft.server.sleep.deviation.threshold = 300 (default)
2019-09-25 11:09:14,922 [pool-527-thread-1] INFO  server.RaftServerConfigKeys (ConfUtils.java:logGet(43)) - raft.server.log.appender.install.snapshot.enabled = false (custom)
2019-09-25 11:09:14,923 [pool-527-thread-1] INFO  impl.RaftServerImpl (ServerState.java:<init>(103)) - 0ce03005-f534-496c-a0eb-c417dd14ba94@group-AEAACE02007D: ConfigurationManager, init=-1: [0ce03005-f534-496c-a0eb-c417dd14ba94:192.168.30.6:34724], old=null, confs=<EMPTY_MAP>
2019-09-25 11:09:14,923 [pool-527-thread-1] INFO  server.RaftServerConfigKeys (ConfUtils.java:logGet(43)) - raft.server.storage.dir = [/workdir/hadoop-ozone/integration-test/target/test-dir/MiniOzoneClusterImpl-4b1c6350-cd3e-4172-b7a0-e9c66394f836/datanode-3/data/ratis] (custom)
2019-09-25 11:09:14,923 [pool-527-thread-1] INFO  storage.RaftStorageDirectory (RaftStorageDirectory.java:analyzeStorage(246)) - The storage directory /workdir/hadoop-ozone/integration-test/target/test-dir/MiniOzoneClusterImpl-4b1c6350-cd3e-4172-b7a0-e9c66394f836/datanode-3/data/ratis/3f0825fd-b44d-4335-a43e-aeaace02007d does not exist. Creating ...
2019-09-25 11:09:14,935 [pool-527-thread-1] INFO  storage.RaftStorageDirectory (RaftStorageDirectory.java:tryLock(328)) - Lock on /workdir/hadoop-ozone/integration-test/target/test-dir/MiniOzoneClusterImpl-4b1c6350-cd3e-4172-b7a0-e9c66394f836/datanode-3/data/ratis/3f0825fd-b44d-4335-a43e-aeaace02007d/in_use.lock acquired by nodename 21763@pr-hdds-1569-5gmkr-4255264070
2019-09-25 11:09:14,949 [pool-527-thread-1] INFO  storage.RaftStorage (RaftStorage.java:format(72)) - Storage directory /workdir/hadoop-ozone/integration-test/target/test-dir/MiniOzoneClusterImpl-4b1c6350-cd3e-4172-b7a0-e9c66394f836/datanode-3/data/ratis/3f0825fd-b44d-4335-a43e-aeaace02007d has been successfully formatted.
2019-09-25 11:09:14,949 [pool-527-thread-1] INFO  ratis.ContainerStateMachine (ContainerStateMachine.java:loadSnapshot(230)) - group-AEAACE02007D: The snapshot info is null. Setting the last applied indexto:(t:0, i:~)
2019-09-25 11:09:14,949 [pool-527-thread-1] INFO  server.RaftServerConfigKeys (ConfUtils.java:logGet(43)) - raft.server.notification.no-leader.timeout = 120s (custom)
2019-09-25 11:09:14,949 [pool-527-thread-1] INFO  server.RaftServerConfigKeys (ConfUtils.java:logGet(43)) - raft.server.log.use.memory = false (default)
2019-09-25 11:09:14,950 [pool-527-thread-1] INFO  server.RaftServerConfigKeys (ConfUtils.java:logGet(43)) - raft.server.log.purge.gap = 1000000 (custom)
2019-09-25 11:09:14,950 [pool-527-thread-1] INFO  server.RaftServerConfigKeys (ConfUtils.java:logGet(43)) - raft.server.log.appender.buffer.byte-limit = 33554432 (custom)
2019-09-25 11:09:14,950 [pool-527-thread-1] INFO  server.RaftServerConfigKeys (ConfUtils.java:logGet(43)) - raft.server.log.segment.size.max = 1048576 (custom)
2019-09-25 11:09:14,950 [pool-527-thread-1] INFO  server.RaftServerConfigKeys (ConfUtils.java:logGet(43)) - raft.server.log.segment.cache.num.max = 2 (custom)
2019-09-25 11:09:14,950 [pool-527-thread-1] INFO  segmented.SegmentedRaftLogWorker (SegmentedRaftLogWorker.java:<init>(172)) - new 0ce03005-f534-496c-a0eb-c417dd14ba94@group-AEAACE02007D-SegmentedRaftLogWorker for RaftStorage:Storage Directory /workdir/hadoop-ozone/integration-test/target/test-dir/MiniOzoneClusterImpl-4b1c6350-cd3e-4172-b7a0-e9c66394f836/datanode-3/data/ratis/3f0825fd-b44d-4335-a43e-aeaace02007d
2019-09-25 11:09:14,950 [pool-527-thread-1] INFO  server.RaftServerConfigKeys (ConfUtils.java:logGet(43)) - raft.server.log.queue.byte-limit = 2147483647 (custom)
2019-09-25 11:09:14,950 [pool-527-thread-1] INFO  server.RaftServerConfigKeys (ConfUtils.java:logGet(43)) - raft.server.log.queue.element-limit = 1024 (custom)
2019-09-25 11:09:14,950 [pool-527-thread-1] INFO  server.RaftServerConfigKeys (ConfUtils.java:logGet(43)) - raft.server.log.segment.size.max = 1048576 (custom)
2019-09-25 11:09:14,950 [pool-527-thread-1] INFO  server.RaftServerConfigKeys (ConfUtils.java:logGet(43)) - raft.server.log.preallocated.size = 16384 (custom)
2019-09-25 11:09:14,950 [pool-527-thread-1] INFO  server.RaftServerConfigKeys (ConfUtils.java:logGet(43)) - raft.server.log.write.buffer.size = 33554432 (custom)
2019-09-25 11:09:14,951 [pool-527-thread-1] INFO  server.RaftServerConfigKeys (ConfUtils.java:logGet(43)) - raft.server.log.force.sync.num = 128 (default)
2019-09-25 11:09:14,951 [pool-527-thread-1] INFO  server.RaftServerConfigKeys (ConfUtils.java:logGet(43)) - raft.server.log.statemachine.data.sync = true (default)
2019-09-25 11:09:14,951 [pool-527-thread-1] INFO  server.RaftServerConfigKeys (ConfUtils.java:logGet(43)) - raft.server.log.statemachine.data.sync.timeout = 10s (default)
2019-09-25 11:09:14,951 [pool-527-thread-1] INFO  server.RaftServerConfigKeys (ConfUtils.java:logGet(43)) - raft.server.log.statemachine.data.sync.timeout.retry = -1 (default)
2019-09-25 11:09:14,951 [pool-527-thread-1] INFO  server.RaftServerConfigKeys (ConfUtils.java:logGet(43)) - raft.server.log.statemachine.data.caching.enabled = true (custom)
2019-09-25 11:09:14,951 [pool-527-thread-1] INFO  segmented.SegmentedRaftLogWorker (SegmentedRaftLogWorker.java:lambda$new$0(132)) - 0ce03005-f534-496c-a0eb-c417dd14ba94@group-AEAACE02007D-SegmentedRaftLogWorker: flushIndex: setUnconditionally 0 -> -1
2019-09-25 11:09:14,951 [pool-527-thread-1] INFO  server.RaftServerConfigKeys (ConfUtils.java:logGet(43)) - raft.server.snapshot.auto.trigger.enabled = true (custom)
2019-09-25 11:09:14,952 [pool-527-thread-1] INFO  server.RaftServerConfigKeys (ConfUtils.java:logGet(43)) - raft.server.snapshot.auto.trigger.threshold = 10000 (custom)
2019-09-25 11:09:14,952 [pool-527-thread-1] INFO  server.RaftServerConfigKeys (ConfUtils.java:logGet(43)) - raft.server.snapshot.retention.num.files = 5 (custom)
2019-09-25 11:09:14,952 [pool-527-thread-1] INFO  server.RaftServerConfigKeys (ConfUtils.java:logGet(43)) - raft.server.retrycache.expirytime = 600000ms (custom)
2019-09-25 11:09:14,953 [pool-527-thread-1] INFO  impl.RaftServerImpl (RaftServerImpl.java:start(185)) - 0ce03005-f534-496c-a0eb-c417dd14ba94@group-AEAACE02007D: start as a follower, conf=-1: [0ce03005-f534-496c-a0eb-c417dd14ba94:192.168.30.6:34724], old=null
2019-09-25 11:09:14,953 [pool-527-thread-1] INFO  impl.RaftServerImpl (RaftServerImpl.java:setRole(174)) - 0ce03005-f534-496c-a0eb-c417dd14ba94@group-AEAACE02007D: changes role from      null to FOLLOWER at term 0 for startAsFollower
2019-09-25 11:09:14,953 [pool-527-thread-1] INFO  impl.RoleInfo (RoleInfo.java:updateAndGet(143)) - 0ce03005-f534-496c-a0eb-c417dd14ba94: start FollowerState
2019-09-25 11:09:14,953 [pool-527-thread-1] INFO  util.JmxRegister (JmxRegister.java:tryRegister(44)) - Successfully registered JMX Bean with object name Ratis:service=RaftServer,group=group-AEAACE02007D,id=0ce03005-f534-496c-a0eb-c417dd14ba94
2019-09-25 11:09:14,955 [RatisPipelineUtilsThread] INFO  pipeline.PipelineStateManager (PipelineStateManager.java:addPipeline(56)) - Created pipeline Pipeline[ Id: 3f0825fd-b44d-4335-a43e-aeaace02007d, Nodes: 0ce03005-f534-496c-a0eb-c417dd14ba94{ip: 192.168.30.6, host: pr-hdds-1569-5gmkr-4255264070, networkLocation: /default-rack, certSerialId: null}, Type:RATIS, Factor:ONE, State:OPEN]
2019-09-25 11:09:14,955 [RatisPipelineUtilsThread] INFO  pipeline.PipelinePlacementPolicy (PipelinePlacementPolicy.java:meetCriteria(91)) - Pipeline Placement: can't place more pipeline on heavy datanode： 4cceff1e-2c3f-451c-8b62-7d06bcf43963 Heaviness: 6 limit: 5
2019-09-25 11:09:14,955 [RatisPipelineUtilsThread] INFO  pipeline.PipelinePlacementPolicy (PipelinePlacementPolicy.java:meetCriteria(91)) - Pipeline Placement: can't place more pipeline on heavy datanode： 0ce03005-f534-496c-a0eb-c417dd14ba94 Heaviness: 6 limit: 5
2019-09-25 11:09:14,955 [RatisPipelineUtilsThread] INFO  pipeline.PipelinePlacementPolicy (PipelinePlacementPolicy.java:meetCriteria(91)) - Pipeline Placement: can't place more pipeline on heavy datanode： 97301ee4-d551-4dc8-86de-1a37740aeeca Heaviness: 6 limit: 5
2019-09-25 11:09:14,956 [RatisPipelineUtilsThread] INFO  pipeline.PipelinePlacementPolicy (PipelinePlacementPolicy.java:meetCriteria(91)) - Pipeline Placement: can't place more pipeline on heavy datanode： a8823747-7b39-4599-aab8-abab9e384ab8 Heaviness: 6 limit: 5
2019-09-25 11:09:14,958 [grpc-default-executor-1] INFO  impl.RaftServerProxy (RaftServerProxy.java:addNew(89)) - 1dbf52be-8f16-49fd-bad6-8089f3318926: addNew group-26E163EA4653:[1dbf52be-8f16-49fd-bad6-8089f3318926:192.168.30.6:43154] returns group-26E163EA4653:java.util.concurrent.CompletableFuture@1b0f9221[Not completed]
2019-09-25 11:09:14,959 [pool-537-thread-1] INFO  impl.RaftServerImpl (RaftServerImpl.java:<init>(95)) - 1dbf52be-8f16-49fd-bad6-8089f3318926: new RaftServerImpl for group-26E163EA4653:[1dbf52be-8f16-49fd-bad6-8089f3318926:192.168.30.6:43154] with ContainerStateMachine:uninitialized
2019-09-25 11:09:14,959 [pool-537-thread-1] INFO  server.RaftServerConfigKeys (ConfUtils.java:logGet(43)) - raft.server.rpc.timeout.min = 5s (custom)
2019-09-25 11:09:14,959 [pool-537-thread-1] INFO  server.RaftServerConfigKeys (ConfUtils.java:logGet(43)) - raft.server.rpc.timeout.max = 5200ms (custom)
2019-09-25 11:09:14,959 [pool-537-thread-1] INFO  server.RaftServerConfigKeys (ConfUtils.java:logGet(43)) - raft.server.rpcslowness.timeout = 120s (custom)
2019-09-25 11:09:14,959 [pool-537-thread-1] INFO  server.RaftServerConfigKeys (ConfUtils.java:logGet(43)) - raft.server.sleep.deviation.threshold = 300 (default)
2019-09-25 11:09:14,959 [pool-537-thread-1] INFO  server.RaftServerConfigKeys (ConfUtils.java:logGet(43)) - raft.server.log.appender.install.snapshot.enabled = false (custom)
2019-09-25 11:09:14,960 [pool-537-thread-1] INFO  impl.RaftServerImpl (ServerState.java:<init>(103)) - 1dbf52be-8f16-49fd-bad6-8089f3318926@group-26E163EA4653: ConfigurationManager, init=-1: [1dbf52be-8f16-49fd-bad6-8089f3318926:192.168.30.6:43154], old=null, confs=<EMPTY_MAP>
2019-09-25 11:09:14,960 [pool-537-thread-1] INFO  server.RaftServerConfigKeys (ConfUtils.java:logGet(43)) - raft.server.storage.dir = [/workdir/hadoop-ozone/integration-test/target/test-dir/MiniOzoneClusterImpl-4b1c6350-cd3e-4172-b7a0-e9c66394f836/datanode-4/data/ratis] (custom)
2019-09-25 11:09:14,960 [pool-537-thread-1] INFO  storage.RaftStorageDirectory (RaftStorageDirectory.java:analyzeStorage(246)) - The storage directory /workdir/hadoop-ozone/integration-test/target/test-dir/MiniOzoneClusterImpl-4b1c6350-cd3e-4172-b7a0-e9c66394f836/datanode-4/data/ratis/352aff90-37a3-4a79-8490-26e163ea4653 does not exist. Creating ...
2019-09-25 11:09:14,972 [pool-537-thread-1] INFO  storage.RaftStorageDirectory (RaftStorageDirectory.java:tryLock(328)) - Lock on /workdir/hadoop-ozone/integration-test/target/test-dir/MiniOzoneClusterImpl-4b1c6350-cd3e-4172-b7a0-e9c66394f836/datanode-4/data/ratis/352aff90-37a3-4a79-8490-26e163ea4653/in_use.lock acquired by nodename 21763@pr-hdds-1569-5gmkr-4255264070
2019-09-25 11:09:14,985 [pool-537-thread-1] INFO  storage.RaftStorage (RaftStorage.java:format(72)) - Storage directory /workdir/hadoop-ozone/integration-test/target/test-dir/MiniOzoneClusterImpl-4b1c6350-cd3e-4172-b7a0-e9c66394f836/datanode-4/data/ratis/352aff90-37a3-4a79-8490-26e163ea4653 has been successfully formatted.
2019-09-25 11:09:14,985 [pool-537-thread-1] INFO  ratis.ContainerStateMachine (ContainerStateMachine.java:loadSnapshot(230)) - group-26E163EA4653: The snapshot info is null. Setting the last applied indexto:(t:0, i:~)
2019-09-25 11:09:14,985 [pool-537-thread-1] INFO  server.RaftServerConfigKeys (ConfUtils.java:logGet(43)) - raft.server.notification.no-leader.timeout = 120s (custom)
2019-09-25 11:09:14,985 [pool-537-thread-1] INFO  server.RaftServerConfigKeys (ConfUtils.java:logGet(43)) - raft.server.log.use.memory = false (default)
2019-09-25 11:09:14,985 [pool-537-thread-1] INFO  server.RaftServerConfigKeys (ConfUtils.java:logGet(43)) - raft.server.log.purge.gap = 1000000 (custom)
2019-09-25 11:09:14,986 [pool-537-thread-1] INFO  server.RaftServerConfigKeys (ConfUtils.java:logGet(43)) - raft.server.log.appender.buffer.byte-limit = 33554432 (custom)
2019-09-25 11:09:14,986 [pool-537-thread-1] INFO  server.RaftServerConfigKeys (ConfUtils.java:logGet(43)) - raft.server.log.segment.size.max = 1048576 (custom)
2019-09-25 11:09:14,986 [pool-537-thread-1] INFO  server.RaftServerConfigKeys (ConfUtils.java:logGet(43)) - raft.server.log.segment.cache.num.max = 2 (custom)
2019-09-25 11:09:14,986 [pool-537-thread-1] INFO  segmented.SegmentedRaftLogWorker (SegmentedRaftLogWorker.java:<init>(172)) - new 1dbf52be-8f16-49fd-bad6-8089f3318926@group-26E163EA4653-SegmentedRaftLogWorker for RaftStorage:Storage Directory /workdir/hadoop-ozone/integration-test/target/test-dir/MiniOzoneClusterImpl-4b1c6350-cd3e-4172-b7a0-e9c66394f836/datanode-4/data/ratis/352aff90-37a3-4a79-8490-26e163ea4653
2019-09-25 11:09:14,986 [pool-537-thread-1] INFO  server.RaftServerConfigKeys (ConfUtils.java:logGet(43)) - raft.server.log.queue.byte-limit = 2147483647 (custom)
2019-09-25 11:09:14,986 [pool-537-thread-1] INFO  server.RaftServerConfigKeys (ConfUtils.java:logGet(43)) - raft.server.log.queue.element-limit = 1024 (custom)
2019-09-25 11:09:14,986 [pool-537-thread-1] INFO  server.RaftServerConfigKeys (ConfUtils.java:logGet(43)) - raft.server.log.segment.size.max = 1048576 (custom)
2019-09-25 11:09:14,986 [pool-537-thread-1] INFO  server.RaftServerConfigKeys (ConfUtils.java:logGet(43)) - raft.server.log.preallocated.size = 16384 (custom)
2019-09-25 11:09:14,986 [pool-537-thread-1] INFO  server.RaftServerConfigKeys (ConfUtils.java:logGet(43)) - raft.server.log.write.buffer.size = 33554432 (custom)
2019-09-25 11:09:14,987 [pool-537-thread-1] INFO  server.RaftServerConfigKeys (ConfUtils.java:logGet(43)) - raft.server.log.force.sync.num = 128 (default)
2019-09-25 11:09:14,987 [pool-537-thread-1] INFO  server.RaftServerConfigKeys (ConfUtils.java:logGet(43)) - raft.server.log.statemachine.data.sync = true (default)
2019-09-25 11:09:14,987 [pool-537-thread-1] INFO  server.RaftServerConfigKeys (ConfUtils.java:logGet(43)) - raft.server.log.statemachine.data.sync.timeout = 10s (default)
2019-09-25 11:09:14,987 [pool-537-thread-1] INFO  server.RaftServerConfigKeys (ConfUtils.java:logGet(43)) - raft.server.log.statemachine.data.sync.timeout.retry = -1 (default)
2019-09-25 11:09:14,987 [pool-537-thread-1] INFO  server.RaftServerConfigKeys (ConfUtils.java:logGet(43)) - raft.server.log.statemachine.data.caching.enabled = true (custom)
2019-09-25 11:09:14,987 [pool-537-thread-1] INFO  segmented.SegmentedRaftLogWorker (SegmentedRaftLogWorker.java:lambda$new$0(132)) - 1dbf52be-8f16-49fd-bad6-8089f3318926@group-26E163EA4653-SegmentedRaftLogWorker: flushIndex: setUnconditionally 0 -> -1
2019-09-25 11:09:14,987 [pool-537-thread-1] INFO  server.RaftServerConfigKeys (ConfUtils.java:logGet(43)) - raft.server.snapshot.auto.trigger.enabled = true (custom)
2019-09-25 11:09:14,987 [pool-537-thread-1] INFO  server.RaftServerConfigKeys (ConfUtils.java:logGet(43)) - raft.server.snapshot.auto.trigger.threshold = 10000 (custom)
2019-09-25 11:09:14,988 [pool-537-thread-1] INFO  server.RaftServerConfigKeys (ConfUtils.java:logGet(43)) - raft.server.snapshot.retention.num.files = 5 (custom)
2019-09-25 11:09:14,988 [pool-537-thread-1] INFO  server.RaftServerConfigKeys (ConfUtils.java:logGet(43)) - raft.server.retrycache.expirytime = 600000ms (custom)
2019-09-25 11:09:14,989 [pool-537-thread-1] INFO  impl.RaftServerImpl (RaftServerImpl.java:start(185)) - 1dbf52be-8f16-49fd-bad6-8089f3318926@group-26E163EA4653: start as a follower, conf=-1: [1dbf52be-8f16-49fd-bad6-8089f3318926:192.168.30.6:43154], old=null
2019-09-25 11:09:14,989 [pool-537-thread-1] INFO  impl.RaftServerImpl (RaftServerImpl.java:setRole(174)) - 1dbf52be-8f16-49fd-bad6-8089f3318926@group-26E163EA4653: changes role from      null to FOLLOWER at term 0 for startAsFollower
2019-09-25 11:09:14,989 [pool-537-thread-1] INFO  impl.RoleInfo (RoleInfo.java:updateAndGet(143)) - 1dbf52be-8f16-49fd-bad6-8089f3318926: start FollowerState
2019-09-25 11:09:14,989 [pool-537-thread-1] INFO  util.JmxRegister (JmxRegister.java:tryRegister(44)) - Successfully registered JMX Bean with object name Ratis:service=RaftServer,group=group-26E163EA4653,id=1dbf52be-8f16-49fd-bad6-8089f3318926
2019-09-25 11:09:14,991 [RatisPipelineUtilsThread] INFO  pipeline.PipelineStateManager (PipelineStateManager.java:addPipeline(56)) - Created pipeline Pipeline[ Id: 352aff90-37a3-4a79-8490-26e163ea4653, Nodes: 1dbf52be-8f16-49fd-bad6-8089f3318926{ip: 192.168.30.6, host: pr-hdds-1569-5gmkr-4255264070, networkLocation: /default-rack, certSerialId: null}, Type:RATIS, Factor:ONE, State:OPEN]
2019-09-25 11:09:14,991 [RatisPipelineUtilsThread] INFO  pipeline.PipelinePlacementPolicy (PipelinePlacementPolicy.java:meetCriteria(91)) - Pipeline Placement: can't place more pipeline on heavy datanode： 4cceff1e-2c3f-451c-8b62-7d06bcf43963 Heaviness: 6 limit: 5
2019-09-25 11:09:14,991 [RatisPipelineUtilsThread] INFO  pipeline.PipelinePlacementPolicy (PipelinePlacementPolicy.java:meetCriteria(91)) - Pipeline Placement: can't place more pipeline on heavy datanode： 0ce03005-f534-496c-a0eb-c417dd14ba94 Heaviness: 6 limit: 5
2019-09-25 11:09:14,991 [RatisPipelineUtilsThread] INFO  pipeline.PipelinePlacementPolicy (PipelinePlacementPolicy.java:meetCriteria(91)) - Pipeline Placement: can't place more pipeline on heavy datanode： 97301ee4-d551-4dc8-86de-1a37740aeeca Heaviness: 6 limit: 5
2019-09-25 11:09:14,992 [RatisPipelineUtilsThread] INFO  pipeline.PipelinePlacementPolicy (PipelinePlacementPolicy.java:meetCriteria(91)) - Pipeline Placement: can't place more pipeline on heavy datanode： a8823747-7b39-4599-aab8-abab9e384ab8 Heaviness: 6 limit: 5
2019-09-25 11:09:14,995 [grpc-default-executor-1] INFO  impl.RaftServerProxy (RaftServerProxy.java:addNew(89)) - dc1340b3-b3e2-49ee-a070-51ac5340e4da: addNew group-AB2B0CBBB6C1:[dc1340b3-b3e2-49ee-a070-51ac5340e4da:192.168.30.6:35849] returns group-AB2B0CBBB6C1:java.util.concurrent.CompletableFuture@4bb00a70[Not completed]
2019-09-25 11:09:14,995 [pool-557-thread-1] INFO  impl.RaftServerImpl (RaftServerImpl.java:<init>(95)) - dc1340b3-b3e2-49ee-a070-51ac5340e4da: new RaftServerImpl for group-AB2B0CBBB6C1:[dc1340b3-b3e2-49ee-a070-51ac5340e4da:192.168.30.6:35849] with ContainerStateMachine:uninitialized
2019-09-25 11:09:14,995 [pool-557-thread-1] INFO  server.RaftServerConfigKeys (ConfUtils.java:logGet(43)) - raft.server.rpc.timeout.min = 5s (custom)
2019-09-25 11:09:14,995 [pool-557-thread-1] INFO  server.RaftServerConfigKeys (ConfUtils.java:logGet(43)) - raft.server.rpc.timeout.max = 5200ms (custom)
2019-09-25 11:09:14,995 [pool-557-thread-1] INFO  server.RaftServerConfigKeys (ConfUtils.java:logGet(43)) - raft.server.rpcslowness.timeout = 120s (custom)
2019-09-25 11:09:14,995 [pool-557-thread-1] INFO  server.RaftServerConfigKeys (ConfUtils.java:logGet(43)) - raft.server.sleep.deviation.threshold = 300 (default)
2019-09-25 11:09:14,996 [pool-557-thread-1] INFO  server.RaftServerConfigKeys (ConfUtils.java:logGet(43)) - raft.server.log.appender.install.snapshot.enabled = false (custom)
2019-09-25 11:09:14,996 [pool-557-thread-1] INFO  impl.RaftServerImpl (ServerState.java:<init>(103)) - dc1340b3-b3e2-49ee-a070-51ac5340e4da@group-AB2B0CBBB6C1: ConfigurationManager, init=-1: [dc1340b3-b3e2-49ee-a070-51ac5340e4da:192.168.30.6:35849], old=null, confs=<EMPTY_MAP>
2019-09-25 11:09:14,996 [pool-557-thread-1] INFO  server.RaftServerConfigKeys (ConfUtils.java:logGet(43)) - raft.server.storage.dir = [/workdir/hadoop-ozone/integration-test/target/test-dir/MiniOzoneClusterImpl-4b1c6350-cd3e-4172-b7a0-e9c66394f836/datanode-6/data/ratis] (custom)
2019-09-25 11:09:14,996 [pool-557-thread-1] INFO  storage.RaftStorageDirectory (RaftStorageDirectory.java:analyzeStorage(246)) - The storage directory /workdir/hadoop-ozone/integration-test/target/test-dir/MiniOzoneClusterImpl-4b1c6350-cd3e-4172-b7a0-e9c66394f836/datanode-6/data/ratis/a0880de3-3418-403a-a410-ab2b0cbbb6c1 does not exist. Creating ...
2019-09-25 11:09:15,009 [pool-557-thread-1] INFO  storage.RaftStorageDirectory (RaftStorageDirectory.java:tryLock(328)) - Lock on /workdir/hadoop-ozone/integration-test/target/test-dir/MiniOzoneClusterImpl-4b1c6350-cd3e-4172-b7a0-e9c66394f836/datanode-6/data/ratis/a0880de3-3418-403a-a410-ab2b0cbbb6c1/in_use.lock acquired by nodename 21763@pr-hdds-1569-5gmkr-4255264070
2019-09-25 11:09:15,021 [pool-557-thread-1] INFO  storage.RaftStorage (RaftStorage.java:format(72)) - Storage directory /workdir/hadoop-ozone/integration-test/target/test-dir/MiniOzoneClusterImpl-4b1c6350-cd3e-4172-b7a0-e9c66394f836/datanode-6/data/ratis/a0880de3-3418-403a-a410-ab2b0cbbb6c1 has been successfully formatted.
2019-09-25 11:09:15,022 [pool-557-thread-1] INFO  ratis.ContainerStateMachine (ContainerStateMachine.java:loadSnapshot(230)) - group-AB2B0CBBB6C1: The snapshot info is null. Setting the last applied indexto:(t:0, i:~)
2019-09-25 11:09:15,022 [pool-557-thread-1] INFO  server.RaftServerConfigKeys (ConfUtils.java:logGet(43)) - raft.server.notification.no-leader.timeout = 120s (custom)
2019-09-25 11:09:15,022 [pool-557-thread-1] INFO  server.RaftServerConfigKeys (ConfUtils.java:logGet(43)) - raft.server.log.use.memory = false (default)
2019-09-25 11:09:15,022 [pool-557-thread-1] INFO  server.RaftServerConfigKeys (ConfUtils.java:logGet(43)) - raft.server.log.purge.gap = 1000000 (custom)
2019-09-25 11:09:15,022 [pool-557-thread-1] INFO  server.RaftServerConfigKeys (ConfUtils.java:logGet(43)) - raft.server.log.appender.buffer.byte-limit = 33554432 (custom)
2019-09-25 11:09:15,022 [pool-557-thread-1] INFO  server.RaftServerConfigKeys (ConfUtils.java:logGet(43)) - raft.server.log.segment.size.max = 1048576 (custom)
2019-09-25 11:09:15,022 [pool-557-thread-1] INFO  server.RaftServerConfigKeys (ConfUtils.java:logGet(43)) - raft.server.log.segment.cache.num.max = 2 (custom)
2019-09-25 11:09:15,022 [pool-557-thread-1] INFO  segmented.SegmentedRaftLogWorker (SegmentedRaftLogWorker.java:<init>(172)) - new dc1340b3-b3e2-49ee-a070-51ac5340e4da@group-AB2B0CBBB6C1-SegmentedRaftLogWorker for RaftStorage:Storage Directory /workdir/hadoop-ozone/integration-test/target/test-dir/MiniOzoneClusterImpl-4b1c6350-cd3e-4172-b7a0-e9c66394f836/datanode-6/data/ratis/a0880de3-3418-403a-a410-ab2b0cbbb6c1
2019-09-25 11:09:15,022 [pool-557-thread-1] INFO  server.RaftServerConfigKeys (ConfUtils.java:logGet(43)) - raft.server.log.queue.byte-limit = 2147483647 (custom)
2019-09-25 11:09:15,023 [pool-557-thread-1] INFO  server.RaftServerConfigKeys (ConfUtils.java:logGet(43)) - raft.server.log.queue.element-limit = 1024 (custom)
2019-09-25 11:09:15,023 [pool-557-thread-1] INFO  server.RaftServerConfigKeys (ConfUtils.java:logGet(43)) - raft.server.log.segment.size.max = 1048576 (custom)
2019-09-25 11:09:15,023 [pool-557-thread-1] INFO  server.RaftServerConfigKeys (ConfUtils.java:logGet(43)) - raft.server.log.preallocated.size = 16384 (custom)
2019-09-25 11:09:15,023 [pool-557-thread-1] INFO  server.RaftServerConfigKeys (ConfUtils.java:logGet(43)) - raft.server.log.write.buffer.size = 33554432 (custom)
2019-09-25 11:09:15,023 [pool-557-thread-1] INFO  server.RaftServerConfigKeys (ConfUtils.java:logGet(43)) - raft.server.log.force.sync.num = 128 (default)
2019-09-25 11:09:15,023 [pool-557-thread-1] INFO  server.RaftServerConfigKeys (ConfUtils.java:logGet(43)) - raft.server.log.statemachine.data.sync = true (default)
2019-09-25 11:09:15,023 [pool-557-thread-1] INFO  server.RaftServerConfigKeys (ConfUtils.java:logGet(43)) - raft.server.log.statemachine.data.sync.timeout = 10s (default)
2019-09-25 11:09:15,023 [pool-557-thread-1] INFO  server.RaftServerConfigKeys (ConfUtils.java:logGet(43)) - raft.server.log.statemachine.data.sync.timeout.retry = -1 (default)
2019-09-25 11:09:15,023 [pool-557-thread-1] INFO  server.RaftServerConfigKeys (ConfUtils.java:logGet(43)) - raft.server.log.statemachine.data.caching.enabled = true (custom)
2019-09-25 11:09:15,024 [pool-557-thread-1] INFO  segmented.SegmentedRaftLogWorker (SegmentedRaftLogWorker.java:lambda$new$0(132)) - dc1340b3-b3e2-49ee-a070-51ac5340e4da@group-AB2B0CBBB6C1-SegmentedRaftLogWorker: flushIndex: setUnconditionally 0 -> -1
2019-09-25 11:09:15,024 [pool-557-thread-1] INFO  server.RaftServerConfigKeys (ConfUtils.java:logGet(43)) - raft.server.snapshot.auto.trigger.enabled = true (custom)
2019-09-25 11:09:15,024 [pool-557-thread-1] INFO  server.RaftServerConfigKeys (ConfUtils.java:logGet(43)) - raft.server.snapshot.auto.trigger.threshold = 10000 (custom)
2019-09-25 11:09:15,024 [pool-557-thread-1] INFO  server.RaftServerConfigKeys (ConfUtils.java:logGet(43)) - raft.server.snapshot.retention.num.files = 5 (custom)
2019-09-25 11:09:15,024 [pool-557-thread-1] INFO  server.RaftServerConfigKeys (ConfUtils.java:logGet(43)) - raft.server.retrycache.expirytime = 600000ms (custom)
2019-09-25 11:09:15,025 [pool-557-thread-1] INFO  impl.RaftServerImpl (RaftServerImpl.java:start(185)) - dc1340b3-b3e2-49ee-a070-51ac5340e4da@group-AB2B0CBBB6C1: start as a follower, conf=-1: [dc1340b3-b3e2-49ee-a070-51ac5340e4da:192.168.30.6:35849], old=null
2019-09-25 11:09:15,026 [pool-557-thread-1] INFO  impl.RaftServerImpl (RaftServerImpl.java:setRole(174)) - dc1340b3-b3e2-49ee-a070-51ac5340e4da@group-AB2B0CBBB6C1: changes role from      null to FOLLOWER at term 0 for startAsFollower
2019-09-25 11:09:15,026 [pool-557-thread-1] INFO  impl.RoleInfo (RoleInfo.java:updateAndGet(143)) - dc1340b3-b3e2-49ee-a070-51ac5340e4da: start FollowerState
2019-09-25 11:09:15,026 [pool-557-thread-1] INFO  util.JmxRegister (JmxRegister.java:tryRegister(44)) - Successfully registered JMX Bean with object name Ratis:service=RaftServer,group=group-AB2B0CBBB6C1,id=dc1340b3-b3e2-49ee-a070-51ac5340e4da
2019-09-25 11:09:15,028 [RatisPipelineUtilsThread] INFO  pipeline.PipelineStateManager (PipelineStateManager.java:addPipeline(56)) - Created pipeline Pipeline[ Id: a0880de3-3418-403a-a410-ab2b0cbbb6c1, Nodes: dc1340b3-b3e2-49ee-a070-51ac5340e4da{ip: 192.168.30.6, host: pr-hdds-1569-5gmkr-4255264070, networkLocation: /default-rack, certSerialId: null}, Type:RATIS, Factor:ONE, State:OPEN]
2019-09-25 11:09:15,028 [RatisPipelineUtilsThread] INFO  pipeline.PipelinePlacementPolicy (PipelinePlacementPolicy.java:meetCriteria(91)) - Pipeline Placement: can't place more pipeline on heavy datanode： 4cceff1e-2c3f-451c-8b62-7d06bcf43963 Heaviness: 6 limit: 5
2019-09-25 11:09:15,028 [RatisPipelineUtilsThread] INFO  pipeline.PipelinePlacementPolicy (PipelinePlacementPolicy.java:meetCriteria(91)) - Pipeline Placement: can't place more pipeline on heavy datanode： 0ce03005-f534-496c-a0eb-c417dd14ba94 Heaviness: 6 limit: 5
2019-09-25 11:09:15,028 [RatisPipelineUtilsThread] INFO  pipeline.PipelinePlacementPolicy (PipelinePlacementPolicy.java:meetCriteria(91)) - Pipeline Placement: can't place more pipeline on heavy datanode： 97301ee4-d551-4dc8-86de-1a37740aeeca Heaviness: 6 limit: 5
2019-09-25 11:09:15,028 [RatisPipelineUtilsThread] INFO  pipeline.PipelinePlacementPolicy (PipelinePlacementPolicy.java:meetCriteria(91)) - Pipeline Placement: can't place more pipeline on heavy datanode： a8823747-7b39-4599-aab8-abab9e384ab8 Heaviness: 6 limit: 5
2019-09-25 11:09:15,031 [grpc-default-executor-1] INFO  impl.RaftServerProxy (RaftServerProxy.java:addNew(89)) - 0b8a7ff0-298a-4c7b-84aa-a28921900e21: addNew group-B43393BB3033:[0b8a7ff0-298a-4c7b-84aa-a28921900e21:192.168.30.6:34704] returns group-B43393BB3033:java.util.concurrent.CompletableFuture@6ebf15b5[Not completed]
2019-09-25 11:09:15,032 [pool-547-thread-1] INFO  impl.RaftServerImpl (RaftServerImpl.java:<init>(95)) - 0b8a7ff0-298a-4c7b-84aa-a28921900e21: new RaftServerImpl for group-B43393BB3033:[0b8a7ff0-298a-4c7b-84aa-a28921900e21:192.168.30.6:34704] with ContainerStateMachine:uninitialized
2019-09-25 11:09:15,032 [pool-547-thread-1] INFO  server.RaftServerConfigKeys (ConfUtils.java:logGet(43)) - raft.server.rpc.timeout.min = 5s (custom)
2019-09-25 11:09:15,032 [pool-547-thread-1] INFO  server.RaftServerConfigKeys (ConfUtils.java:logGet(43)) - raft.server.rpc.timeout.max = 5200ms (custom)
2019-09-25 11:09:15,032 [pool-547-thread-1] INFO  server.RaftServerConfigKeys (ConfUtils.java:logGet(43)) - raft.server.rpcslowness.timeout = 120s (custom)
2019-09-25 11:09:15,032 [pool-547-thread-1] INFO  server.RaftServerConfigKeys (ConfUtils.java:logGet(43)) - raft.server.sleep.deviation.threshold = 300 (default)
2019-09-25 11:09:15,032 [pool-547-thread-1] INFO  server.RaftServerConfigKeys (ConfUtils.java:logGet(43)) - raft.server.log.appender.install.snapshot.enabled = false (custom)
2019-09-25 11:09:15,033 [pool-547-thread-1] INFO  impl.RaftServerImpl (ServerState.java:<init>(103)) - 0b8a7ff0-298a-4c7b-84aa-a28921900e21@group-B43393BB3033: ConfigurationManager, init=-1: [0b8a7ff0-298a-4c7b-84aa-a28921900e21:192.168.30.6:34704], old=null, confs=<EMPTY_MAP>
2019-09-25 11:09:15,033 [pool-547-thread-1] INFO  server.RaftServerConfigKeys (ConfUtils.java:logGet(43)) - raft.server.storage.dir = [/workdir/hadoop-ozone/integration-test/target/test-dir/MiniOzoneClusterImpl-4b1c6350-cd3e-4172-b7a0-e9c66394f836/datanode-5/data/ratis] (custom)
2019-09-25 11:09:15,033 [pool-547-thread-1] INFO  storage.RaftStorageDirectory (RaftStorageDirectory.java:analyzeStorage(246)) - The storage directory /workdir/hadoop-ozone/integration-test/target/test-dir/MiniOzoneClusterImpl-4b1c6350-cd3e-4172-b7a0-e9c66394f836/datanode-5/data/ratis/b3cdd52f-a4db-42dc-aed3-b43393bb3033 does not exist. Creating ...
2019-09-25 11:09:15,045 [pool-547-thread-1] INFO  storage.RaftStorageDirectory (RaftStorageDirectory.java:tryLock(328)) - Lock on /workdir/hadoop-ozone/integration-test/target/test-dir/MiniOzoneClusterImpl-4b1c6350-cd3e-4172-b7a0-e9c66394f836/datanode-5/data/ratis/b3cdd52f-a4db-42dc-aed3-b43393bb3033/in_use.lock acquired by nodename 21763@pr-hdds-1569-5gmkr-4255264070
2019-09-25 11:09:15,058 [pool-547-thread-1] INFO  storage.RaftStorage (RaftStorage.java:format(72)) - Storage directory /workdir/hadoop-ozone/integration-test/target/test-dir/MiniOzoneClusterImpl-4b1c6350-cd3e-4172-b7a0-e9c66394f836/datanode-5/data/ratis/b3cdd52f-a4db-42dc-aed3-b43393bb3033 has been successfully formatted.
2019-09-25 11:09:15,058 [pool-547-thread-1] INFO  ratis.ContainerStateMachine (ContainerStateMachine.java:loadSnapshot(230)) - group-B43393BB3033: The snapshot info is null. Setting the last applied indexto:(t:0, i:~)
2019-09-25 11:09:15,058 [pool-547-thread-1] INFO  server.RaftServerConfigKeys (ConfUtils.java:logGet(43)) - raft.server.notification.no-leader.timeout = 120s (custom)
2019-09-25 11:09:15,058 [pool-547-thread-1] INFO  server.RaftServerConfigKeys (ConfUtils.java:logGet(43)) - raft.server.log.use.memory = false (default)
2019-09-25 11:09:15,058 [pool-547-thread-1] INFO  server.RaftServerConfigKeys (ConfUtils.java:logGet(43)) - raft.server.log.purge.gap = 1000000 (custom)
2019-09-25 11:09:15,059 [pool-547-thread-1] INFO  server.RaftServerConfigKeys (ConfUtils.java:logGet(43)) - raft.server.log.appender.buffer.byte-limit = 33554432 (custom)
2019-09-25 11:09:15,059 [pool-547-thread-1] INFO  server.RaftServerConfigKeys (ConfUtils.java:logGet(43)) - raft.server.log.segment.size.max = 1048576 (custom)
2019-09-25 11:09:15,059 [pool-547-thread-1] INFO  server.RaftServerConfigKeys (ConfUtils.java:logGet(43)) - raft.server.log.segment.cache.num.max = 2 (custom)
2019-09-25 11:09:15,059 [pool-547-thread-1] INFO  segmented.SegmentedRaftLogWorker (SegmentedRaftLogWorker.java:<init>(172)) - new 0b8a7ff0-298a-4c7b-84aa-a28921900e21@group-B43393BB3033-SegmentedRaftLogWorker for RaftStorage:Storage Directory /workdir/hadoop-ozone/integration-test/target/test-dir/MiniOzoneClusterImpl-4b1c6350-cd3e-4172-b7a0-e9c66394f836/datanode-5/data/ratis/b3cdd52f-a4db-42dc-aed3-b43393bb3033
2019-09-25 11:09:15,059 [pool-547-thread-1] INFO  server.RaftServerConfigKeys (ConfUtils.java:logGet(43)) - raft.server.log.queue.byte-limit = 2147483647 (custom)
2019-09-25 11:09:15,059 [pool-547-thread-1] INFO  server.RaftServerConfigKeys (ConfUtils.java:logGet(43)) - raft.server.log.queue.element-limit = 1024 (custom)
2019-09-25 11:09:15,059 [pool-547-thread-1] INFO  server.RaftServerConfigKeys (ConfUtils.java:logGet(43)) - raft.server.log.segment.size.max = 1048576 (custom)
2019-09-25 11:09:15,059 [pool-547-thread-1] INFO  server.RaftServerConfigKeys (ConfUtils.java:logGet(43)) - raft.server.log.preallocated.size = 16384 (custom)
2019-09-25 11:09:15,060 [pool-547-thread-1] INFO  server.RaftServerConfigKeys (ConfUtils.java:logGet(43)) - raft.server.log.write.buffer.size = 33554432 (custom)
2019-09-25 11:09:15,060 [pool-547-thread-1] INFO  server.RaftServerConfigKeys (ConfUtils.java:logGet(43)) - raft.server.log.force.sync.num = 128 (default)
2019-09-25 11:09:15,060 [pool-547-thread-1] INFO  server.RaftServerConfigKeys (ConfUtils.java:logGet(43)) - raft.server.log.statemachine.data.sync = true (default)
2019-09-25 11:09:15,060 [pool-547-thread-1] INFO  server.RaftServerConfigKeys (ConfUtils.java:logGet(43)) - raft.server.log.statemachine.data.sync.timeout = 10s (default)
2019-09-25 11:09:15,060 [pool-547-thread-1] INFO  server.RaftServerConfigKeys (ConfUtils.java:logGet(43)) - raft.server.log.statemachine.data.sync.timeout.retry = -1 (default)
2019-09-25 11:09:15,060 [pool-547-thread-1] INFO  server.RaftServerConfigKeys (ConfUtils.java:logGet(43)) - raft.server.log.statemachine.data.caching.enabled = true (custom)
2019-09-25 11:09:15,060 [pool-547-thread-1] INFO  segmented.SegmentedRaftLogWorker (SegmentedRaftLogWorker.java:lambda$new$0(132)) - 0b8a7ff0-298a-4c7b-84aa-a28921900e21@group-B43393BB3033-SegmentedRaftLogWorker: flushIndex: setUnconditionally 0 -> -1
2019-09-25 11:09:15,061 [pool-547-thread-1] INFO  server.RaftServerConfigKeys (ConfUtils.java:logGet(43)) - raft.server.snapshot.auto.trigger.enabled = true (custom)
2019-09-25 11:09:15,061 [pool-547-thread-1] INFO  server.RaftServerConfigKeys (ConfUtils.java:logGet(43)) - raft.server.snapshot.auto.trigger.threshold = 10000 (custom)
2019-09-25 11:09:15,061 [pool-547-thread-1] INFO  server.RaftServerConfigKeys (ConfUtils.java:logGet(43)) - raft.server.snapshot.retention.num.files = 5 (custom)
2019-09-25 11:09:15,061 [pool-547-thread-1] INFO  server.RaftServerConfigKeys (ConfUtils.java:logGet(43)) - raft.server.retrycache.expirytime = 600000ms (custom)
2019-09-25 11:09:15,062 [pool-547-thread-1] INFO  impl.RaftServerImpl (RaftServerImpl.java:start(185)) - 0b8a7ff0-298a-4c7b-84aa-a28921900e21@group-B43393BB3033: start as a follower, conf=-1: [0b8a7ff0-298a-4c7b-84aa-a28921900e21:192.168.30.6:34704], old=null
2019-09-25 11:09:15,062 [pool-547-thread-1] INFO  impl.RaftServerImpl (RaftServerImpl.java:setRole(174)) - 0b8a7ff0-298a-4c7b-84aa-a28921900e21@group-B43393BB3033: changes role from      null to FOLLOWER at term 0 for startAsFollower
2019-09-25 11:09:15,062 [pool-547-thread-1] INFO  impl.RoleInfo (RoleInfo.java:updateAndGet(143)) - 0b8a7ff0-298a-4c7b-84aa-a28921900e21: start FollowerState
2019-09-25 11:09:15,063 [pool-547-thread-1] INFO  util.JmxRegister (JmxRegister.java:tryRegister(44)) - Successfully registered JMX Bean with object name Ratis:service=RaftServer,group=group-B43393BB3033,id=0b8a7ff0-298a-4c7b-84aa-a28921900e21
2019-09-25 11:09:15,064 [RatisPipelineUtilsThread] INFO  pipeline.PipelineStateManager (PipelineStateManager.java:addPipeline(56)) - Created pipeline Pipeline[ Id: b3cdd52f-a4db-42dc-aed3-b43393bb3033, Nodes: 0b8a7ff0-298a-4c7b-84aa-a28921900e21{ip: 192.168.30.6, host: pr-hdds-1569-5gmkr-4255264070, networkLocation: /default-rack, certSerialId: null}, Type:RATIS, Factor:ONE, State:OPEN]
2019-09-25 11:09:15,064 [RatisPipelineUtilsThread] INFO  pipeline.PipelinePlacementPolicy (PipelinePlacementPolicy.java:meetCriteria(91)) - Pipeline Placement: can't place more pipeline on heavy datanode： 4cceff1e-2c3f-451c-8b62-7d06bcf43963 Heaviness: 6 limit: 5
2019-09-25 11:09:15,064 [RatisPipelineUtilsThread] INFO  pipeline.PipelinePlacementPolicy (PipelinePlacementPolicy.java:meetCriteria(91)) - Pipeline Placement: can't place more pipeline on heavy datanode： 0ce03005-f534-496c-a0eb-c417dd14ba94 Heaviness: 6 limit: 5
2019-09-25 11:09:15,064 [RatisPipelineUtilsThread] INFO  pipeline.PipelinePlacementPolicy (PipelinePlacementPolicy.java:meetCriteria(91)) - Pipeline Placement: can't place more pipeline on heavy datanode： 97301ee4-d551-4dc8-86de-1a37740aeeca Heaviness: 6 limit: 5
2019-09-25 11:09:15,065 [RatisPipelineUtilsThread] INFO  pipeline.PipelinePlacementPolicy (PipelinePlacementPolicy.java:meetCriteria(91)) - Pipeline Placement: can't place more pipeline on heavy datanode： a8823747-7b39-4599-aab8-abab9e384ab8 Heaviness: 6 limit: 5
2019-09-25 11:09:15,067 [grpc-default-executor-1] INFO  impl.RaftServerProxy (RaftServerProxy.java:addNew(89)) - 1dbf52be-8f16-49fd-bad6-8089f3318926: addNew group-BD6D77C94A99:[1dbf52be-8f16-49fd-bad6-8089f3318926:192.168.30.6:43154] returns group-BD6D77C94A99:java.util.concurrent.CompletableFuture@19dd9dd4[Not completed]
2019-09-25 11:09:15,068 [pool-537-thread-1] INFO  impl.RaftServerImpl (RaftServerImpl.java:<init>(95)) - 1dbf52be-8f16-49fd-bad6-8089f3318926: new RaftServerImpl for group-BD6D77C94A99:[1dbf52be-8f16-49fd-bad6-8089f3318926:192.168.30.6:43154] with ContainerStateMachine:uninitialized
2019-09-25 11:09:15,068 [pool-537-thread-1] INFO  server.RaftServerConfigKeys (ConfUtils.java:logGet(43)) - raft.server.rpc.timeout.min = 5s (custom)
2019-09-25 11:09:15,068 [pool-537-thread-1] INFO  server.RaftServerConfigKeys (ConfUtils.java:logGet(43)) - raft.server.rpc.timeout.max = 5200ms (custom)
2019-09-25 11:09:15,068 [pool-537-thread-1] INFO  server.RaftServerConfigKeys (ConfUtils.java:logGet(43)) - raft.server.rpcslowness.timeout = 120s (custom)
2019-09-25 11:09:15,068 [pool-537-thread-1] INFO  server.RaftServerConfigKeys (ConfUtils.java:logGet(43)) - raft.server.sleep.deviation.threshold = 300 (default)
2019-09-25 11:09:15,068 [pool-537-thread-1] INFO  server.RaftServerConfigKeys (ConfUtils.java:logGet(43)) - raft.server.log.appender.install.snapshot.enabled = false (custom)
2019-09-25 11:09:15,068 [pool-537-thread-1] INFO  impl.RaftServerImpl (ServerState.java:<init>(103)) - 1dbf52be-8f16-49fd-bad6-8089f3318926@group-BD6D77C94A99: ConfigurationManager, init=-1: [1dbf52be-8f16-49fd-bad6-8089f3318926:192.168.30.6:43154], old=null, confs=<EMPTY_MAP>
2019-09-25 11:09:15,068 [pool-537-thread-1] INFO  server.RaftServerConfigKeys (ConfUtils.java:logGet(43)) - raft.server.storage.dir = [/workdir/hadoop-ozone/integration-test/target/test-dir/MiniOzoneClusterImpl-4b1c6350-cd3e-4172-b7a0-e9c66394f836/datanode-4/data/ratis] (custom)
2019-09-25 11:09:15,069 [pool-537-thread-1] INFO  storage.RaftStorageDirectory (RaftStorageDirectory.java:analyzeStorage(246)) - The storage directory /workdir/hadoop-ozone/integration-test/target/test-dir/MiniOzoneClusterImpl-4b1c6350-cd3e-4172-b7a0-e9c66394f836/datanode-4/data/ratis/10a46749-6efc-4e79-99c0-bd6d77c94a99 does not exist. Creating ...
2019-09-25 11:09:15,081 [pool-537-thread-1] INFO  storage.RaftStorageDirectory (RaftStorageDirectory.java:tryLock(328)) - Lock on /workdir/hadoop-ozone/integration-test/target/test-dir/MiniOzoneClusterImpl-4b1c6350-cd3e-4172-b7a0-e9c66394f836/datanode-4/data/ratis/10a46749-6efc-4e79-99c0-bd6d77c94a99/in_use.lock acquired by nodename 21763@pr-hdds-1569-5gmkr-4255264070
2019-09-25 11:09:15,094 [pool-537-thread-1] INFO  storage.RaftStorage (RaftStorage.java:format(72)) - Storage directory /workdir/hadoop-ozone/integration-test/target/test-dir/MiniOzoneClusterImpl-4b1c6350-cd3e-4172-b7a0-e9c66394f836/datanode-4/data/ratis/10a46749-6efc-4e79-99c0-bd6d77c94a99 has been successfully formatted.
2019-09-25 11:09:15,094 [pool-537-thread-1] INFO  ratis.ContainerStateMachine (ContainerStateMachine.java:loadSnapshot(230)) - group-BD6D77C94A99: The snapshot info is null. Setting the last applied indexto:(t:0, i:~)
2019-09-25 11:09:15,094 [pool-537-thread-1] INFO  server.RaftServerConfigKeys (ConfUtils.java:logGet(43)) - raft.server.notification.no-leader.timeout = 120s (custom)
2019-09-25 11:09:15,094 [pool-537-thread-1] INFO  server.RaftServerConfigKeys (ConfUtils.java:logGet(43)) - raft.server.log.use.memory = false (default)
2019-09-25 11:09:15,095 [pool-537-thread-1] INFO  server.RaftServerConfigKeys (ConfUtils.java:logGet(43)) - raft.server.log.purge.gap = 1000000 (custom)
2019-09-25 11:09:15,095 [pool-537-thread-1] INFO  server.RaftServerConfigKeys (ConfUtils.java:logGet(43)) - raft.server.log.appender.buffer.byte-limit = 33554432 (custom)
2019-09-25 11:09:15,095 [pool-537-thread-1] INFO  server.RaftServerConfigKeys (ConfUtils.java:logGet(43)) - raft.server.log.segment.size.max = 1048576 (custom)
2019-09-25 11:09:15,095 [pool-537-thread-1] INFO  server.RaftServerConfigKeys (ConfUtils.java:logGet(43)) - raft.server.log.segment.cache.num.max = 2 (custom)
2019-09-25 11:09:15,095 [pool-537-thread-1] INFO  segmented.SegmentedRaftLogWorker (SegmentedRaftLogWorker.java:<init>(172)) - new 1dbf52be-8f16-49fd-bad6-8089f3318926@group-BD6D77C94A99-SegmentedRaftLogWorker for RaftStorage:Storage Directory /workdir/hadoop-ozone/integration-test/target/test-dir/MiniOzoneClusterImpl-4b1c6350-cd3e-4172-b7a0-e9c66394f836/datanode-4/data/ratis/10a46749-6efc-4e79-99c0-bd6d77c94a99
2019-09-25 11:09:15,095 [pool-537-thread-1] INFO  server.RaftServerConfigKeys (ConfUtils.java:logGet(43)) - raft.server.log.queue.byte-limit = 2147483647 (custom)
2019-09-25 11:09:15,095 [pool-537-thread-1] INFO  server.RaftServerConfigKeys (ConfUtils.java:logGet(43)) - raft.server.log.queue.element-limit = 1024 (custom)
2019-09-25 11:09:15,095 [pool-537-thread-1] INFO  server.RaftServerConfigKeys (ConfUtils.java:logGet(43)) - raft.server.log.segment.size.max = 1048576 (custom)
2019-09-25 11:09:15,095 [pool-537-thread-1] INFO  server.RaftServerConfigKeys (ConfUtils.java:logGet(43)) - raft.server.log.preallocated.size = 16384 (custom)
2019-09-25 11:09:15,095 [pool-537-thread-1] INFO  server.RaftServerConfigKeys (ConfUtils.java:logGet(43)) - raft.server.log.write.buffer.size = 33554432 (custom)
2019-09-25 11:09:15,096 [pool-537-thread-1] INFO  server.RaftServerConfigKeys (ConfUtils.java:logGet(43)) - raft.server.log.force.sync.num = 128 (default)
2019-09-25 11:09:15,096 [pool-537-thread-1] INFO  server.RaftServerConfigKeys (ConfUtils.java:logGet(43)) - raft.server.log.statemachine.data.sync = true (default)
2019-09-25 11:09:15,096 [pool-537-thread-1] INFO  server.RaftServerConfigKeys (ConfUtils.java:logGet(43)) - raft.server.log.statemachine.data.sync.timeout = 10s (default)
2019-09-25 11:09:15,096 [pool-537-thread-1] INFO  server.RaftServerConfigKeys (ConfUtils.java:logGet(43)) - raft.server.log.statemachine.data.sync.timeout.retry = -1 (default)
2019-09-25 11:09:15,096 [pool-537-thread-1] INFO  server.RaftServerConfigKeys (ConfUtils.java:logGet(43)) - raft.server.log.statemachine.data.caching.enabled = true (custom)
2019-09-25 11:09:15,096 [pool-537-thread-1] INFO  segmented.SegmentedRaftLogWorker (SegmentedRaftLogWorker.java:lambda$new$0(132)) - 1dbf52be-8f16-49fd-bad6-8089f3318926@group-BD6D77C94A99-SegmentedRaftLogWorker: flushIndex: setUnconditionally 0 -> -1
2019-09-25 11:09:15,096 [pool-537-thread-1] INFO  server.RaftServerConfigKeys (ConfUtils.java:logGet(43)) - raft.server.snapshot.auto.trigger.enabled = true (custom)
2019-09-25 11:09:15,097 [pool-537-thread-1] INFO  server.RaftServerConfigKeys (ConfUtils.java:logGet(43)) - raft.server.snapshot.auto.trigger.threshold = 10000 (custom)
2019-09-25 11:09:15,097 [pool-537-thread-1] INFO  server.RaftServerConfigKeys (ConfUtils.java:logGet(43)) - raft.server.snapshot.retention.num.files = 5 (custom)
2019-09-25 11:09:15,097 [pool-537-thread-1] INFO  server.RaftServerConfigKeys (ConfUtils.java:logGet(43)) - raft.server.retrycache.expirytime = 600000ms (custom)
2019-09-25 11:09:15,098 [pool-537-thread-1] INFO  impl.RaftServerImpl (RaftServerImpl.java:start(185)) - 1dbf52be-8f16-49fd-bad6-8089f3318926@group-BD6D77C94A99: start as a follower, conf=-1: [1dbf52be-8f16-49fd-bad6-8089f3318926:192.168.30.6:43154], old=null
2019-09-25 11:09:15,098 [pool-537-thread-1] INFO  impl.RaftServerImpl (RaftServerImpl.java:setRole(174)) - 1dbf52be-8f16-49fd-bad6-8089f3318926@group-BD6D77C94A99: changes role from      null to FOLLOWER at term 0 for startAsFollower
2019-09-25 11:09:15,098 [pool-537-thread-1] INFO  impl.RoleInfo (RoleInfo.java:updateAndGet(143)) - 1dbf52be-8f16-49fd-bad6-8089f3318926: start FollowerState
2019-09-25 11:09:15,098 [pool-537-thread-1] INFO  util.JmxRegister (JmxRegister.java:tryRegister(44)) - Successfully registered JMX Bean with object name Ratis:service=RaftServer,group=group-BD6D77C94A99,id=1dbf52be-8f16-49fd-bad6-8089f3318926
2019-09-25 11:09:15,100 [RatisPipelineUtilsThread] INFO  pipeline.PipelineStateManager (PipelineStateManager.java:addPipeline(56)) - Created pipeline Pipeline[ Id: 10a46749-6efc-4e79-99c0-bd6d77c94a99, Nodes: 1dbf52be-8f16-49fd-bad6-8089f3318926{ip: 192.168.30.6, host: pr-hdds-1569-5gmkr-4255264070, networkLocation: /default-rack, certSerialId: null}, Type:RATIS, Factor:ONE, State:OPEN]
2019-09-25 11:09:15,100 [RatisPipelineUtilsThread] INFO  pipeline.PipelinePlacementPolicy (PipelinePlacementPolicy.java:meetCriteria(91)) - Pipeline Placement: can't place more pipeline on heavy datanode： 4cceff1e-2c3f-451c-8b62-7d06bcf43963 Heaviness: 6 limit: 5
2019-09-25 11:09:15,101 [RatisPipelineUtilsThread] INFO  pipeline.PipelinePlacementPolicy (PipelinePlacementPolicy.java:meetCriteria(91)) - Pipeline Placement: can't place more pipeline on heavy datanode： 0ce03005-f534-496c-a0eb-c417dd14ba94 Heaviness: 6 limit: 5
2019-09-25 11:09:15,101 [RatisPipelineUtilsThread] INFO  pipeline.PipelinePlacementPolicy (PipelinePlacementPolicy.java:meetCriteria(91)) - Pipeline Placement: can't place more pipeline on heavy datanode： 97301ee4-d551-4dc8-86de-1a37740aeeca Heaviness: 6 limit: 5
2019-09-25 11:09:15,101 [RatisPipelineUtilsThread] INFO  pipeline.PipelinePlacementPolicy (PipelinePlacementPolicy.java:meetCriteria(91)) - Pipeline Placement: can't place more pipeline on heavy datanode： a8823747-7b39-4599-aab8-abab9e384ab8 Heaviness: 6 limit: 5
2019-09-25 11:09:15,104 [grpc-default-executor-1] INFO  impl.RaftServerProxy (RaftServerProxy.java:addNew(89)) - 1dbf52be-8f16-49fd-bad6-8089f3318926: addNew group-787D51B3983B:[1dbf52be-8f16-49fd-bad6-8089f3318926:192.168.30.6:43154] returns group-787D51B3983B:java.util.concurrent.CompletableFuture@36a7d265[Not completed]
2019-09-25 11:09:15,104 [pool-537-thread-1] INFO  impl.RaftServerImpl (RaftServerImpl.java:<init>(95)) - 1dbf52be-8f16-49fd-bad6-8089f3318926: new RaftServerImpl for group-787D51B3983B:[1dbf52be-8f16-49fd-bad6-8089f3318926:192.168.30.6:43154] with ContainerStateMachine:uninitialized
2019-09-25 11:09:15,104 [pool-537-thread-1] INFO  server.RaftServerConfigKeys (ConfUtils.java:logGet(43)) - raft.server.rpc.timeout.min = 5s (custom)
2019-09-25 11:09:15,105 [pool-537-thread-1] INFO  server.RaftServerConfigKeys (ConfUtils.java:logGet(43)) - raft.server.rpc.timeout.max = 5200ms (custom)
2019-09-25 11:09:15,105 [pool-537-thread-1] INFO  server.RaftServerConfigKeys (ConfUtils.java:logGet(43)) - raft.server.rpcslowness.timeout = 120s (custom)
2019-09-25 11:09:15,105 [pool-537-thread-1] INFO  server.RaftServerConfigKeys (ConfUtils.java:logGet(43)) - raft.server.sleep.deviation.threshold = 300 (default)
2019-09-25 11:09:15,105 [pool-537-thread-1] INFO  server.RaftServerConfigKeys (ConfUtils.java:logGet(43)) - raft.server.log.appender.install.snapshot.enabled = false (custom)
2019-09-25 11:09:15,105 [pool-537-thread-1] INFO  impl.RaftServerImpl (ServerState.java:<init>(103)) - 1dbf52be-8f16-49fd-bad6-8089f3318926@group-787D51B3983B: ConfigurationManager, init=-1: [1dbf52be-8f16-49fd-bad6-8089f3318926:192.168.30.6:43154], old=null, confs=<EMPTY_MAP>
2019-09-25 11:09:15,105 [pool-537-thread-1] INFO  server.RaftServerConfigKeys (ConfUtils.java:logGet(43)) - raft.server.storage.dir = [/workdir/hadoop-ozone/integration-test/target/test-dir/MiniOzoneClusterImpl-4b1c6350-cd3e-4172-b7a0-e9c66394f836/datanode-4/data/ratis] (custom)
2019-09-25 11:09:15,105 [pool-537-thread-1] INFO  storage.RaftStorageDirectory (RaftStorageDirectory.java:analyzeStorage(246)) - The storage directory /workdir/hadoop-ozone/integration-test/target/test-dir/MiniOzoneClusterImpl-4b1c6350-cd3e-4172-b7a0-e9c66394f836/datanode-4/data/ratis/f5366e9c-5da9-4f0d-8854-787d51b3983b does not exist. Creating ...
2019-09-25 11:09:15,118 [pool-537-thread-1] INFO  storage.RaftStorageDirectory (RaftStorageDirectory.java:tryLock(328)) - Lock on /workdir/hadoop-ozone/integration-test/target/test-dir/MiniOzoneClusterImpl-4b1c6350-cd3e-4172-b7a0-e9c66394f836/datanode-4/data/ratis/f5366e9c-5da9-4f0d-8854-787d51b3983b/in_use.lock acquired by nodename 21763@pr-hdds-1569-5gmkr-4255264070
2019-09-25 11:09:15,130 [pool-537-thread-1] INFO  storage.RaftStorage (RaftStorage.java:format(72)) - Storage directory /workdir/hadoop-ozone/integration-test/target/test-dir/MiniOzoneClusterImpl-4b1c6350-cd3e-4172-b7a0-e9c66394f836/datanode-4/data/ratis/f5366e9c-5da9-4f0d-8854-787d51b3983b has been successfully formatted.
2019-09-25 11:09:15,130 [pool-537-thread-1] INFO  ratis.ContainerStateMachine (ContainerStateMachine.java:loadSnapshot(230)) - group-787D51B3983B: The snapshot info is null. Setting the last applied indexto:(t:0, i:~)
2019-09-25 11:09:15,130 [pool-537-thread-1] INFO  server.RaftServerConfigKeys (ConfUtils.java:logGet(43)) - raft.server.notification.no-leader.timeout = 120s (custom)
2019-09-25 11:09:15,130 [pool-537-thread-1] INFO  server.RaftServerConfigKeys (ConfUtils.java:logGet(43)) - raft.server.log.use.memory = false (default)
2019-09-25 11:09:15,130 [pool-537-thread-1] INFO  server.RaftServerConfigKeys (ConfUtils.java:logGet(43)) - raft.server.log.purge.gap = 1000000 (custom)
2019-09-25 11:09:15,131 [pool-537-thread-1] INFO  server.RaftServerConfigKeys (ConfUtils.java:logGet(43)) - raft.server.log.appender.buffer.byte-limit = 33554432 (custom)
2019-09-25 11:09:15,131 [pool-537-thread-1] INFO  server.RaftServerConfigKeys (ConfUtils.java:logGet(43)) - raft.server.log.segment.size.max = 1048576 (custom)
2019-09-25 11:09:15,131 [pool-537-thread-1] INFO  server.RaftServerConfigKeys (ConfUtils.java:logGet(43)) - raft.server.log.segment.cache.num.max = 2 (custom)
2019-09-25 11:09:15,131 [pool-537-thread-1] INFO  segmented.SegmentedRaftLogWorker (SegmentedRaftLogWorker.java:<init>(172)) - new 1dbf52be-8f16-49fd-bad6-8089f3318926@group-787D51B3983B-SegmentedRaftLogWorker for RaftStorage:Storage Directory /workdir/hadoop-ozone/integration-test/target/test-dir/MiniOzoneClusterImpl-4b1c6350-cd3e-4172-b7a0-e9c66394f836/datanode-4/data/ratis/f5366e9c-5da9-4f0d-8854-787d51b3983b
2019-09-25 11:09:15,131 [pool-537-thread-1] INFO  server.RaftServerConfigKeys (ConfUtils.java:logGet(43)) - raft.server.log.queue.byte-limit = 2147483647 (custom)
2019-09-25 11:09:15,131 [pool-537-thread-1] INFO  server.RaftServerConfigKeys (ConfUtils.java:logGet(43)) - raft.server.log.queue.element-limit = 1024 (custom)
2019-09-25 11:09:15,131 [pool-537-thread-1] INFO  server.RaftServerConfigKeys (ConfUtils.java:logGet(43)) - raft.server.log.segment.size.max = 1048576 (custom)
2019-09-25 11:09:15,131 [pool-537-thread-1] INFO  server.RaftServerConfigKeys (ConfUtils.java:logGet(43)) - raft.server.log.preallocated.size = 16384 (custom)
2019-09-25 11:09:15,131 [pool-537-thread-1] INFO  server.RaftServerConfigKeys (ConfUtils.java:logGet(43)) - raft.server.log.write.buffer.size = 33554432 (custom)
2019-09-25 11:09:15,132 [pool-537-thread-1] INFO  server.RaftServerConfigKeys (ConfUtils.java:logGet(43)) - raft.server.log.force.sync.num = 128 (default)
2019-09-25 11:09:15,132 [pool-537-thread-1] INFO  server.RaftServerConfigKeys (ConfUtils.java:logGet(43)) - raft.server.log.statemachine.data.sync = true (default)
2019-09-25 11:09:15,132 [pool-537-thread-1] INFO  server.RaftServerConfigKeys (ConfUtils.java:logGet(43)) - raft.server.log.statemachine.data.sync.timeout = 10s (default)
2019-09-25 11:09:15,132 [pool-537-thread-1] INFO  server.RaftServerConfigKeys (ConfUtils.java:logGet(43)) - raft.server.log.statemachine.data.sync.timeout.retry = -1 (default)
2019-09-25 11:09:15,132 [pool-537-thread-1] INFO  server.RaftServerConfigKeys (ConfUtils.java:logGet(43)) - raft.server.log.statemachine.data.caching.enabled = true (custom)
2019-09-25 11:09:15,132 [pool-537-thread-1] INFO  segmented.SegmentedRaftLogWorker (SegmentedRaftLogWorker.java:lambda$new$0(132)) - 1dbf52be-8f16-49fd-bad6-8089f3318926@group-787D51B3983B-SegmentedRaftLogWorker: flushIndex: setUnconditionally 0 -> -1
2019-09-25 11:09:15,132 [pool-537-thread-1] INFO  server.RaftServerConfigKeys (ConfUtils.java:logGet(43)) - raft.server.snapshot.auto.trigger.enabled = true (custom)
2019-09-25 11:09:15,132 [pool-537-thread-1] INFO  server.RaftServerConfigKeys (ConfUtils.java:logGet(43)) - raft.server.snapshot.auto.trigger.threshold = 10000 (custom)
2019-09-25 11:09:15,133 [pool-537-thread-1] INFO  server.RaftServerConfigKeys (ConfUtils.java:logGet(43)) - raft.server.snapshot.retention.num.files = 5 (custom)
2019-09-25 11:09:15,133 [pool-537-thread-1] INFO  server.RaftServerConfigKeys (ConfUtils.java:logGet(43)) - raft.server.retrycache.expirytime = 600000ms (custom)
2019-09-25 11:09:15,134 [pool-537-thread-1] INFO  impl.RaftServerImpl (RaftServerImpl.java:start(185)) - 1dbf52be-8f16-49fd-bad6-8089f3318926@group-787D51B3983B: start as a follower, conf=-1: [1dbf52be-8f16-49fd-bad6-8089f3318926:192.168.30.6:43154], old=null
2019-09-25 11:09:15,134 [pool-537-thread-1] INFO  impl.RaftServerImpl (RaftServerImpl.java:setRole(174)) - 1dbf52be-8f16-49fd-bad6-8089f3318926@group-787D51B3983B: changes role from      null to FOLLOWER at term 0 for startAsFollower
2019-09-25 11:09:15,134 [pool-537-thread-1] INFO  impl.RoleInfo (RoleInfo.java:updateAndGet(143)) - 1dbf52be-8f16-49fd-bad6-8089f3318926: start FollowerState
2019-09-25 11:09:15,134 [pool-537-thread-1] INFO  util.JmxRegister (JmxRegister.java:tryRegister(44)) - Successfully registered JMX Bean with object name Ratis:service=RaftServer,group=group-787D51B3983B,id=1dbf52be-8f16-49fd-bad6-8089f3318926
2019-09-25 11:09:15,136 [RatisPipelineUtilsThread] INFO  pipeline.PipelineStateManager (PipelineStateManager.java:addPipeline(56)) - Created pipeline Pipeline[ Id: f5366e9c-5da9-4f0d-8854-787d51b3983b, Nodes: 1dbf52be-8f16-49fd-bad6-8089f3318926{ip: 192.168.30.6, host: pr-hdds-1569-5gmkr-4255264070, networkLocation: /default-rack, certSerialId: null}, Type:RATIS, Factor:ONE, State:OPEN]
2019-09-25 11:09:15,136 [RatisPipelineUtilsThread] INFO  pipeline.PipelinePlacementPolicy (PipelinePlacementPolicy.java:meetCriteria(91)) - Pipeline Placement: can't place more pipeline on heavy datanode： 4cceff1e-2c3f-451c-8b62-7d06bcf43963 Heaviness: 6 limit: 5
2019-09-25 11:09:15,136 [RatisPipelineUtilsThread] INFO  pipeline.PipelinePlacementPolicy (PipelinePlacementPolicy.java:meetCriteria(91)) - Pipeline Placement: can't place more pipeline on heavy datanode： 0ce03005-f534-496c-a0eb-c417dd14ba94 Heaviness: 6 limit: 5
2019-09-25 11:09:15,136 [RatisPipelineUtilsThread] INFO  pipeline.PipelinePlacementPolicy (PipelinePlacementPolicy.java:meetCriteria(91)) - Pipeline Placement: can't place more pipeline on heavy datanode： 1dbf52be-8f16-49fd-bad6-8089f3318926 Heaviness: 6 limit: 5
2019-09-25 11:09:15,136 [RatisPipelineUtilsThread] INFO  pipeline.PipelinePlacementPolicy (PipelinePlacementPolicy.java:meetCriteria(91)) - Pipeline Placement: can't place more pipeline on heavy datanode： 97301ee4-d551-4dc8-86de-1a37740aeeca Heaviness: 6 limit: 5
2019-09-25 11:09:15,137 [RatisPipelineUtilsThread] INFO  pipeline.PipelinePlacementPolicy (PipelinePlacementPolicy.java:meetCriteria(91)) - Pipeline Placement: can't place more pipeline on heavy datanode： a8823747-7b39-4599-aab8-abab9e384ab8 Heaviness: 6 limit: 5
2019-09-25 11:09:15,139 [grpc-default-executor-1] INFO  impl.RaftServerProxy (RaftServerProxy.java:addNew(89)) - dc1340b3-b3e2-49ee-a070-51ac5340e4da: addNew group-2C91D85736CB:[dc1340b3-b3e2-49ee-a070-51ac5340e4da:192.168.30.6:35849] returns group-2C91D85736CB:java.util.concurrent.CompletableFuture@3e9a3b2d[Not completed]
2019-09-25 11:09:15,139 [pool-557-thread-1] INFO  impl.RaftServerImpl (RaftServerImpl.java:<init>(95)) - dc1340b3-b3e2-49ee-a070-51ac5340e4da: new RaftServerImpl for group-2C91D85736CB:[dc1340b3-b3e2-49ee-a070-51ac5340e4da:192.168.30.6:35849] with ContainerStateMachine:uninitialized
2019-09-25 11:09:15,139 [pool-557-thread-1] INFO  server.RaftServerConfigKeys (ConfUtils.java:logGet(43)) - raft.server.rpc.timeout.min = 5s (custom)
2019-09-25 11:09:15,139 [pool-557-thread-1] INFO  server.RaftServerConfigKeys (ConfUtils.java:logGet(43)) - raft.server.rpc.timeout.max = 5200ms (custom)
2019-09-25 11:09:15,139 [pool-557-thread-1] INFO  server.RaftServerConfigKeys (ConfUtils.java:logGet(43)) - raft.server.rpcslowness.timeout = 120s (custom)
2019-09-25 11:09:15,140 [pool-557-thread-1] INFO  server.RaftServerConfigKeys (ConfUtils.java:logGet(43)) - raft.server.sleep.deviation.threshold = 300 (default)
2019-09-25 11:09:15,140 [pool-557-thread-1] INFO  server.RaftServerConfigKeys (ConfUtils.java:logGet(43)) - raft.server.log.appender.install.snapshot.enabled = false (custom)
2019-09-25 11:09:15,140 [pool-557-thread-1] INFO  impl.RaftServerImpl (ServerState.java:<init>(103)) - dc1340b3-b3e2-49ee-a070-51ac5340e4da@group-2C91D85736CB: ConfigurationManager, init=-1: [dc1340b3-b3e2-49ee-a070-51ac5340e4da:192.168.30.6:35849], old=null, confs=<EMPTY_MAP>
2019-09-25 11:09:15,140 [pool-557-thread-1] INFO  server.RaftServerConfigKeys (ConfUtils.java:logGet(43)) - raft.server.storage.dir = [/workdir/hadoop-ozone/integration-test/target/test-dir/MiniOzoneClusterImpl-4b1c6350-cd3e-4172-b7a0-e9c66394f836/datanode-6/data/ratis] (custom)
2019-09-25 11:09:15,140 [pool-557-thread-1] INFO  storage.RaftStorageDirectory (RaftStorageDirectory.java:analyzeStorage(246)) - The storage directory /workdir/hadoop-ozone/integration-test/target/test-dir/MiniOzoneClusterImpl-4b1c6350-cd3e-4172-b7a0-e9c66394f836/datanode-6/data/ratis/36afe245-2435-4aa5-b9a6-2c91d85736cb does not exist. Creating ...
2019-09-25 11:09:15,152 [pool-557-thread-1] INFO  storage.RaftStorageDirectory (RaftStorageDirectory.java:tryLock(328)) - Lock on /workdir/hadoop-ozone/integration-test/target/test-dir/MiniOzoneClusterImpl-4b1c6350-cd3e-4172-b7a0-e9c66394f836/datanode-6/data/ratis/36afe245-2435-4aa5-b9a6-2c91d85736cb/in_use.lock acquired by nodename 21763@pr-hdds-1569-5gmkr-4255264070
2019-09-25 11:09:15,156 [pool-557-thread-1] INFO  storage.RaftStorage (RaftStorage.java:format(72)) - Storage directory /workdir/hadoop-ozone/integration-test/target/test-dir/MiniOzoneClusterImpl-4b1c6350-cd3e-4172-b7a0-e9c66394f836/datanode-6/data/ratis/36afe245-2435-4aa5-b9a6-2c91d85736cb has been successfully formatted.
2019-09-25 11:09:15,156 [pool-557-thread-1] INFO  ratis.ContainerStateMachine (ContainerStateMachine.java:loadSnapshot(230)) - group-2C91D85736CB: The snapshot info is null. Setting the last applied indexto:(t:0, i:~)
2019-09-25 11:09:15,156 [pool-557-thread-1] INFO  server.RaftServerConfigKeys (ConfUtils.java:logGet(43)) - raft.server.notification.no-leader.timeout = 120s (custom)
2019-09-25 11:09:15,156 [pool-557-thread-1] INFO  server.RaftServerConfigKeys (ConfUtils.java:logGet(43)) - raft.server.log.use.memory = false (default)
2019-09-25 11:09:15,156 [pool-557-thread-1] INFO  server.RaftServerConfigKeys (ConfUtils.java:logGet(43)) - raft.server.log.purge.gap = 1000000 (custom)
2019-09-25 11:09:15,156 [pool-557-thread-1] INFO  server.RaftServerConfigKeys (ConfUtils.java:logGet(43)) - raft.server.log.appender.buffer.byte-limit = 33554432 (custom)
2019-09-25 11:09:15,157 [pool-557-thread-1] INFO  server.RaftServerConfigKeys (ConfUtils.java:logGet(43)) - raft.server.log.segment.size.max = 1048576 (custom)
2019-09-25 11:09:15,157 [pool-557-thread-1] INFO  server.RaftServerConfigKeys (ConfUtils.java:logGet(43)) - raft.server.log.segment.cache.num.max = 2 (custom)
2019-09-25 11:09:15,157 [pool-557-thread-1] INFO  segmented.SegmentedRaftLogWorker (SegmentedRaftLogWorker.java:<init>(172)) - new dc1340b3-b3e2-49ee-a070-51ac5340e4da@group-2C91D85736CB-SegmentedRaftLogWorker for RaftStorage:Storage Directory /workdir/hadoop-ozone/integration-test/target/test-dir/MiniOzoneClusterImpl-4b1c6350-cd3e-4172-b7a0-e9c66394f836/datanode-6/data/ratis/36afe245-2435-4aa5-b9a6-2c91d85736cb
2019-09-25 11:09:15,157 [pool-557-thread-1] INFO  server.RaftServerConfigKeys (ConfUtils.java:logGet(43)) - raft.server.log.queue.byte-limit = 2147483647 (custom)
2019-09-25 11:09:15,157 [pool-557-thread-1] INFO  server.RaftServerConfigKeys (ConfUtils.java:logGet(43)) - raft.server.log.queue.element-limit = 1024 (custom)
2019-09-25 11:09:15,157 [pool-557-thread-1] INFO  server.RaftServerConfigKeys (ConfUtils.java:logGet(43)) - raft.server.log.segment.size.max = 1048576 (custom)
2019-09-25 11:09:15,157 [pool-557-thread-1] INFO  server.RaftServerConfigKeys (ConfUtils.java:logGet(43)) - raft.server.log.preallocated.size = 16384 (custom)
2019-09-25 11:09:15,157 [pool-557-thread-1] INFO  server.RaftServerConfigKeys (ConfUtils.java:logGet(43)) - raft.server.log.write.buffer.size = 33554432 (custom)
2019-09-25 11:09:15,157 [pool-557-thread-1] INFO  server.RaftServerConfigKeys (ConfUtils.java:logGet(43)) - raft.server.log.force.sync.num = 128 (default)
2019-09-25 11:09:15,158 [pool-557-thread-1] INFO  server.RaftServerConfigKeys (ConfUtils.java:logGet(43)) - raft.server.log.statemachine.data.sync = true (default)
2019-09-25 11:09:15,158 [pool-557-thread-1] INFO  server.RaftServerConfigKeys (ConfUtils.java:logGet(43)) - raft.server.log.statemachine.data.sync.timeout = 10s (default)
2019-09-25 11:09:15,158 [pool-557-thread-1] INFO  server.RaftServerConfigKeys (ConfUtils.java:logGet(43)) - raft.server.log.statemachine.data.sync.timeout.retry = -1 (default)
2019-09-25 11:09:15,158 [pool-557-thread-1] INFO  server.RaftServerConfigKeys (ConfUtils.java:logGet(43)) - raft.server.log.statemachine.data.caching.enabled = true (custom)
2019-09-25 11:09:15,158 [pool-557-thread-1] INFO  segmented.SegmentedRaftLogWorker (SegmentedRaftLogWorker.java:lambda$new$0(132)) - dc1340b3-b3e2-49ee-a070-51ac5340e4da@group-2C91D85736CB-SegmentedRaftLogWorker: flushIndex: setUnconditionally 0 -> -1
2019-09-25 11:09:15,158 [pool-557-thread-1] INFO  server.RaftServerConfigKeys (ConfUtils.java:logGet(43)) - raft.server.snapshot.auto.trigger.enabled = true (custom)
2019-09-25 11:09:15,158 [pool-557-thread-1] INFO  server.RaftServerConfigKeys (ConfUtils.java:logGet(43)) - raft.server.snapshot.auto.trigger.threshold = 10000 (custom)
2019-09-25 11:09:15,158 [pool-557-thread-1] INFO  server.RaftServerConfigKeys (ConfUtils.java:logGet(43)) - raft.server.snapshot.retention.num.files = 5 (custom)
2019-09-25 11:09:15,159 [pool-557-thread-1] INFO  server.RaftServerConfigKeys (ConfUtils.java:logGet(43)) - raft.server.retrycache.expirytime = 600000ms (custom)
2019-09-25 11:09:15,160 [pool-557-thread-1] INFO  impl.RaftServerImpl (RaftServerImpl.java:start(185)) - dc1340b3-b3e2-49ee-a070-51ac5340e4da@group-2C91D85736CB: start as a follower, conf=-1: [dc1340b3-b3e2-49ee-a070-51ac5340e4da:192.168.30.6:35849], old=null
2019-09-25 11:09:15,160 [pool-557-thread-1] INFO  impl.RaftServerImpl (RaftServerImpl.java:setRole(174)) - dc1340b3-b3e2-49ee-a070-51ac5340e4da@group-2C91D85736CB: changes role from      null to FOLLOWER at term 0 for startAsFollower
2019-09-25 11:09:15,160 [pool-557-thread-1] INFO  impl.RoleInfo (RoleInfo.java:updateAndGet(143)) - dc1340b3-b3e2-49ee-a070-51ac5340e4da: start FollowerState
2019-09-25 11:09:15,160 [pool-557-thread-1] INFO  util.JmxRegister (JmxRegister.java:tryRegister(44)) - Successfully registered JMX Bean with object name Ratis:service=RaftServer,group=group-2C91D85736CB,id=dc1340b3-b3e2-49ee-a070-51ac5340e4da
2019-09-25 11:09:15,161 [RatisPipelineUtilsThread] INFO  pipeline.PipelineStateManager (PipelineStateManager.java:addPipeline(56)) - Created pipeline Pipeline[ Id: 36afe245-2435-4aa5-b9a6-2c91d85736cb, Nodes: dc1340b3-b3e2-49ee-a070-51ac5340e4da{ip: 192.168.30.6, host: pr-hdds-1569-5gmkr-4255264070, networkLocation: /default-rack, certSerialId: null}, Type:RATIS, Factor:ONE, State:OPEN]
2019-09-25 11:09:15,162 [RatisPipelineUtilsThread] INFO  pipeline.PipelinePlacementPolicy (PipelinePlacementPolicy.java:meetCriteria(91)) - Pipeline Placement: can't place more pipeline on heavy datanode： 4cceff1e-2c3f-451c-8b62-7d06bcf43963 Heaviness: 6 limit: 5
2019-09-25 11:09:15,162 [RatisPipelineUtilsThread] INFO  pipeline.PipelinePlacementPolicy (PipelinePlacementPolicy.java:meetCriteria(91)) - Pipeline Placement: can't place more pipeline on heavy datanode： 0ce03005-f534-496c-a0eb-c417dd14ba94 Heaviness: 6 limit: 5
2019-09-25 11:09:15,162 [RatisPipelineUtilsThread] INFO  pipeline.PipelinePlacementPolicy (PipelinePlacementPolicy.java:meetCriteria(91)) - Pipeline Placement: can't place more pipeline on heavy datanode： 1dbf52be-8f16-49fd-bad6-8089f3318926 Heaviness: 6 limit: 5
2019-09-25 11:09:15,162 [RatisPipelineUtilsThread] INFO  pipeline.PipelinePlacementPolicy (PipelinePlacementPolicy.java:meetCriteria(91)) - Pipeline Placement: can't place more pipeline on heavy datanode： 97301ee4-d551-4dc8-86de-1a37740aeeca Heaviness: 6 limit: 5
2019-09-25 11:09:15,162 [RatisPipelineUtilsThread] INFO  pipeline.PipelinePlacementPolicy (PipelinePlacementPolicy.java:meetCriteria(91)) - Pipeline Placement: can't place more pipeline on heavy datanode： a8823747-7b39-4599-aab8-abab9e384ab8 Heaviness: 6 limit: 5
2019-09-25 11:09:15,164 [grpc-default-executor-1] INFO  impl.RaftServerProxy (RaftServerProxy.java:addNew(89)) - 0b8a7ff0-298a-4c7b-84aa-a28921900e21: addNew group-4232FA587B70:[0b8a7ff0-298a-4c7b-84aa-a28921900e21:192.168.30.6:34704] returns group-4232FA587B70:java.util.concurrent.CompletableFuture@df52b10[Not completed]
2019-09-25 11:09:15,164 [pool-547-thread-1] INFO  impl.RaftServerImpl (RaftServerImpl.java:<init>(95)) - 0b8a7ff0-298a-4c7b-84aa-a28921900e21: new RaftServerImpl for group-4232FA587B70:[0b8a7ff0-298a-4c7b-84aa-a28921900e21:192.168.30.6:34704] with ContainerStateMachine:uninitialized
2019-09-25 11:09:15,164 [pool-547-thread-1] INFO  server.RaftServerConfigKeys (ConfUtils.java:logGet(43)) - raft.server.rpc.timeout.min = 5s (custom)
2019-09-25 11:09:15,165 [pool-547-thread-1] INFO  server.RaftServerConfigKeys (ConfUtils.java:logGet(43)) - raft.server.rpc.timeout.max = 5200ms (custom)
2019-09-25 11:09:15,165 [pool-547-thread-1] INFO  server.RaftServerConfigKeys (ConfUtils.java:logGet(43)) - raft.server.rpcslowness.timeout = 120s (custom)
2019-09-25 11:09:15,165 [pool-547-thread-1] INFO  server.RaftServerConfigKeys (ConfUtils.java:logGet(43)) - raft.server.sleep.deviation.threshold = 300 (default)
2019-09-25 11:09:15,165 [pool-547-thread-1] INFO  server.RaftServerConfigKeys (ConfUtils.java:logGet(43)) - raft.server.log.appender.install.snapshot.enabled = false (custom)
2019-09-25 11:09:15,165 [pool-547-thread-1] INFO  impl.RaftServerImpl (ServerState.java:<init>(103)) - 0b8a7ff0-298a-4c7b-84aa-a28921900e21@group-4232FA587B70: ConfigurationManager, init=-1: [0b8a7ff0-298a-4c7b-84aa-a28921900e21:192.168.30.6:34704], old=null, confs=<EMPTY_MAP>
2019-09-25 11:09:15,165 [pool-547-thread-1] INFO  server.RaftServerConfigKeys (ConfUtils.java:logGet(43)) - raft.server.storage.dir = [/workdir/hadoop-ozone/integration-test/target/test-dir/MiniOzoneClusterImpl-4b1c6350-cd3e-4172-b7a0-e9c66394f836/datanode-5/data/ratis] (custom)
2019-09-25 11:09:15,165 [pool-547-thread-1] INFO  storage.RaftStorageDirectory (RaftStorageDirectory.java:analyzeStorage(246)) - The storage directory /workdir/hadoop-ozone/integration-test/target/test-dir/MiniOzoneClusterImpl-4b1c6350-cd3e-4172-b7a0-e9c66394f836/datanode-5/data/ratis/2b8da051-16f2-4393-ae75-4232fa587b70 does not exist. Creating ...
2019-09-25 11:09:15,169 [pool-547-thread-1] INFO  storage.RaftStorageDirectory (RaftStorageDirectory.java:tryLock(328)) - Lock on /workdir/hadoop-ozone/integration-test/target/test-dir/MiniOzoneClusterImpl-4b1c6350-cd3e-4172-b7a0-e9c66394f836/datanode-5/data/ratis/2b8da051-16f2-4393-ae75-4232fa587b70/in_use.lock acquired by nodename 21763@pr-hdds-1569-5gmkr-4255264070
2019-09-25 11:09:15,172 [pool-547-thread-1] INFO  storage.RaftStorage (RaftStorage.java:format(72)) - Storage directory /workdir/hadoop-ozone/integration-test/target/test-dir/MiniOzoneClusterImpl-4b1c6350-cd3e-4172-b7a0-e9c66394f836/datanode-5/data/ratis/2b8da051-16f2-4393-ae75-4232fa587b70 has been successfully formatted.
2019-09-25 11:09:15,172 [pool-547-thread-1] INFO  ratis.ContainerStateMachine (ContainerStateMachine.java:loadSnapshot(230)) - group-4232FA587B70: The snapshot info is null. Setting the last applied indexto:(t:0, i:~)
2019-09-25 11:09:15,173 [pool-547-thread-1] INFO  server.RaftServerConfigKeys (ConfUtils.java:logGet(43)) - raft.server.notification.no-leader.timeout = 120s (custom)
2019-09-25 11:09:15,173 [pool-547-thread-1] INFO  server.RaftServerConfigKeys (ConfUtils.java:logGet(43)) - raft.server.log.use.memory = false (default)
2019-09-25 11:09:15,173 [pool-547-thread-1] INFO  server.RaftServerConfigKeys (ConfUtils.java:logGet(43)) - raft.server.log.purge.gap = 1000000 (custom)
2019-09-25 11:09:15,173 [pool-547-thread-1] INFO  server.RaftServerConfigKeys (ConfUtils.java:logGet(43)) - raft.server.log.appender.buffer.byte-limit = 33554432 (custom)
2019-09-25 11:09:15,173 [pool-547-thread-1] INFO  server.RaftServerConfigKeys (ConfUtils.java:logGet(43)) - raft.server.log.segment.size.max = 1048576 (custom)
2019-09-25 11:09:15,173 [pool-547-thread-1] INFO  server.RaftServerConfigKeys (ConfUtils.java:logGet(43)) - raft.server.log.segment.cache.num.max = 2 (custom)
2019-09-25 11:09:15,173 [pool-547-thread-1] INFO  segmented.SegmentedRaftLogWorker (SegmentedRaftLogWorker.java:<init>(172)) - new 0b8a7ff0-298a-4c7b-84aa-a28921900e21@group-4232FA587B70-SegmentedRaftLogWorker for RaftStorage:Storage Directory /workdir/hadoop-ozone/integration-test/target/test-dir/MiniOzoneClusterImpl-4b1c6350-cd3e-4172-b7a0-e9c66394f836/datanode-5/data/ratis/2b8da051-16f2-4393-ae75-4232fa587b70
2019-09-25 11:09:15,173 [pool-547-thread-1] INFO  server.RaftServerConfigKeys (ConfUtils.java:logGet(43)) - raft.server.log.queue.byte-limit = 2147483647 (custom)
2019-09-25 11:09:15,173 [pool-547-thread-1] INFO  server.RaftServerConfigKeys (ConfUtils.java:logGet(43)) - raft.server.log.queue.element-limit = 1024 (custom)
2019-09-25 11:09:15,174 [pool-547-thread-1] INFO  server.RaftServerConfigKeys (ConfUtils.java:logGet(43)) - raft.server.log.segment.size.max = 1048576 (custom)
2019-09-25 11:09:15,174 [pool-547-thread-1] INFO  server.RaftServerConfigKeys (ConfUtils.java:logGet(43)) - raft.server.log.preallocated.size = 16384 (custom)
2019-09-25 11:09:15,174 [pool-547-thread-1] INFO  server.RaftServerConfigKeys (ConfUtils.java:logGet(43)) - raft.server.log.write.buffer.size = 33554432 (custom)
2019-09-25 11:09:15,174 [pool-547-thread-1] INFO  server.RaftServerConfigKeys (ConfUtils.java:logGet(43)) - raft.server.log.force.sync.num = 128 (default)
2019-09-25 11:09:15,174 [pool-547-thread-1] INFO  server.RaftServerConfigKeys (ConfUtils.java:logGet(43)) - raft.server.log.statemachine.data.sync = true (default)
2019-09-25 11:09:15,174 [pool-547-thread-1] INFO  server.RaftServerConfigKeys (ConfUtils.java:logGet(43)) - raft.server.log.statemachine.data.sync.timeout = 10s (default)
2019-09-25 11:09:15,174 [pool-547-thread-1] INFO  server.RaftServerConfigKeys (ConfUtils.java:logGet(43)) - raft.server.log.statemachine.data.sync.timeout.retry = -1 (default)
2019-09-25 11:09:15,174 [pool-547-thread-1] INFO  server.RaftServerConfigKeys (ConfUtils.java:logGet(43)) - raft.server.log.statemachine.data.caching.enabled = true (custom)
2019-09-25 11:09:15,175 [pool-547-thread-1] INFO  segmented.SegmentedRaftLogWorker (SegmentedRaftLogWorker.java:lambda$new$0(132)) - 0b8a7ff0-298a-4c7b-84aa-a28921900e21@group-4232FA587B70-SegmentedRaftLogWorker: flushIndex: setUnconditionally 0 -> -1
2019-09-25 11:09:15,175 [pool-547-thread-1] INFO  server.RaftServerConfigKeys (ConfUtils.java:logGet(43)) - raft.server.snapshot.auto.trigger.enabled = true (custom)
2019-09-25 11:09:15,175 [pool-547-thread-1] INFO  server.RaftServerConfigKeys (ConfUtils.java:logGet(43)) - raft.server.snapshot.auto.trigger.threshold = 10000 (custom)
2019-09-25 11:09:15,175 [pool-547-thread-1] INFO  server.RaftServerConfigKeys (ConfUtils.java:logGet(43)) - raft.server.snapshot.retention.num.files = 5 (custom)
2019-09-25 11:09:15,175 [pool-547-thread-1] INFO  server.RaftServerConfigKeys (ConfUtils.java:logGet(43)) - raft.server.retrycache.expirytime = 600000ms (custom)
2019-09-25 11:09:15,176 [pool-547-thread-1] INFO  impl.RaftServerImpl (RaftServerImpl.java:start(185)) - 0b8a7ff0-298a-4c7b-84aa-a28921900e21@group-4232FA587B70: start as a follower, conf=-1: [0b8a7ff0-298a-4c7b-84aa-a28921900e21:192.168.30.6:34704], old=null
2019-09-25 11:09:15,177 [pool-547-thread-1] INFO  impl.RaftServerImpl (RaftServerImpl.java:setRole(174)) - 0b8a7ff0-298a-4c7b-84aa-a28921900e21@group-4232FA587B70: changes role from      null to FOLLOWER at term 0 for startAsFollower
2019-09-25 11:09:15,177 [pool-547-thread-1] INFO  impl.RoleInfo (RoleInfo.java:updateAndGet(143)) - 0b8a7ff0-298a-4c7b-84aa-a28921900e21: start FollowerState
2019-09-25 11:09:15,177 [pool-547-thread-1] INFO  util.JmxRegister (JmxRegister.java:tryRegister(44)) - Successfully registered JMX Bean with object name Ratis:service=RaftServer,group=group-4232FA587B70,id=0b8a7ff0-298a-4c7b-84aa-a28921900e21
2019-09-25 11:09:15,178 [RatisPipelineUtilsThread] INFO  pipeline.PipelineStateManager (PipelineStateManager.java:addPipeline(56)) - Created pipeline Pipeline[ Id: 2b8da051-16f2-4393-ae75-4232fa587b70, Nodes: 0b8a7ff0-298a-4c7b-84aa-a28921900e21{ip: 192.168.30.6, host: pr-hdds-1569-5gmkr-4255264070, networkLocation: /default-rack, certSerialId: null}, Type:RATIS, Factor:ONE, State:OPEN]
2019-09-25 11:09:15,178 [RatisPipelineUtilsThread] INFO  pipeline.PipelinePlacementPolicy (PipelinePlacementPolicy.java:meetCriteria(91)) - Pipeline Placement: can't place more pipeline on heavy datanode： 4cceff1e-2c3f-451c-8b62-7d06bcf43963 Heaviness: 6 limit: 5
2019-09-25 11:09:15,178 [RatisPipelineUtilsThread] INFO  pipeline.PipelinePlacementPolicy (PipelinePlacementPolicy.java:meetCriteria(91)) - Pipeline Placement: can't place more pipeline on heavy datanode： 0ce03005-f534-496c-a0eb-c417dd14ba94 Heaviness: 6 limit: 5
2019-09-25 11:09:15,179 [RatisPipelineUtilsThread] INFO  pipeline.PipelinePlacementPolicy (PipelinePlacementPolicy.java:meetCriteria(91)) - Pipeline Placement: can't place more pipeline on heavy datanode： 1dbf52be-8f16-49fd-bad6-8089f3318926 Heaviness: 6 limit: 5
2019-09-25 11:09:15,179 [RatisPipelineUtilsThread] INFO  pipeline.PipelinePlacementPolicy (PipelinePlacementPolicy.java:meetCriteria(91)) - Pipeline Placement: can't place more pipeline on heavy datanode： 97301ee4-d551-4dc8-86de-1a37740aeeca Heaviness: 6 limit: 5
2019-09-25 11:09:15,179 [RatisPipelineUtilsThread] INFO  pipeline.PipelinePlacementPolicy (PipelinePlacementPolicy.java:meetCriteria(91)) - Pipeline Placement: can't place more pipeline on heavy datanode： a8823747-7b39-4599-aab8-abab9e384ab8 Heaviness: 6 limit: 5
2019-09-25 11:09:15,181 [grpc-default-executor-1] INFO  impl.RaftServerProxy (RaftServerProxy.java:addNew(89)) - dc1340b3-b3e2-49ee-a070-51ac5340e4da: addNew group-BA1C0ED2F1FA:[dc1340b3-b3e2-49ee-a070-51ac5340e4da:192.168.30.6:35849] returns group-BA1C0ED2F1FA:java.util.concurrent.CompletableFuture@48cad3c7[Not completed]
2019-09-25 11:09:15,181 [pool-557-thread-1] INFO  impl.RaftServerImpl (RaftServerImpl.java:<init>(95)) - dc1340b3-b3e2-49ee-a070-51ac5340e4da: new RaftServerImpl for group-BA1C0ED2F1FA:[dc1340b3-b3e2-49ee-a070-51ac5340e4da:192.168.30.6:35849] with ContainerStateMachine:uninitialized
2019-09-25 11:09:15,181 [pool-557-thread-1] INFO  server.RaftServerConfigKeys (ConfUtils.java:logGet(43)) - raft.server.rpc.timeout.min = 5s (custom)
2019-09-25 11:09:15,181 [pool-557-thread-1] INFO  server.RaftServerConfigKeys (ConfUtils.java:logGet(43)) - raft.server.rpc.timeout.max = 5200ms (custom)
2019-09-25 11:09:15,182 [pool-557-thread-1] INFO  server.RaftServerConfigKeys (ConfUtils.java:logGet(43)) - raft.server.rpcslowness.timeout = 120s (custom)
2019-09-25 11:09:15,182 [pool-557-thread-1] INFO  server.RaftServerConfigKeys (ConfUtils.java:logGet(43)) - raft.server.sleep.deviation.threshold = 300 (default)
2019-09-25 11:09:15,182 [pool-557-thread-1] INFO  server.RaftServerConfigKeys (ConfUtils.java:logGet(43)) - raft.server.log.appender.install.snapshot.enabled = false (custom)
2019-09-25 11:09:15,182 [pool-557-thread-1] INFO  impl.RaftServerImpl (ServerState.java:<init>(103)) - dc1340b3-b3e2-49ee-a070-51ac5340e4da@group-BA1C0ED2F1FA: ConfigurationManager, init=-1: [dc1340b3-b3e2-49ee-a070-51ac5340e4da:192.168.30.6:35849], old=null, confs=<EMPTY_MAP>
2019-09-25 11:09:15,182 [pool-557-thread-1] INFO  server.RaftServerConfigKeys (ConfUtils.java:logGet(43)) - raft.server.storage.dir = [/workdir/hadoop-ozone/integration-test/target/test-dir/MiniOzoneClusterImpl-4b1c6350-cd3e-4172-b7a0-e9c66394f836/datanode-6/data/ratis] (custom)
2019-09-25 11:09:15,182 [pool-557-thread-1] INFO  storage.RaftStorageDirectory (RaftStorageDirectory.java:analyzeStorage(246)) - The storage directory /workdir/hadoop-ozone/integration-test/target/test-dir/MiniOzoneClusterImpl-4b1c6350-cd3e-4172-b7a0-e9c66394f836/datanode-6/data/ratis/1b2e918d-cb49-4159-86bd-ba1c0ed2f1fa does not exist. Creating ...
2019-09-25 11:09:15,197 [pool-557-thread-1] INFO  storage.RaftStorageDirectory (RaftStorageDirectory.java:tryLock(328)) - Lock on /workdir/hadoop-ozone/integration-test/target/test-dir/MiniOzoneClusterImpl-4b1c6350-cd3e-4172-b7a0-e9c66394f836/datanode-6/data/ratis/1b2e918d-cb49-4159-86bd-ba1c0ed2f1fa/in_use.lock acquired by nodename 21763@pr-hdds-1569-5gmkr-4255264070
2019-09-25 11:09:15,210 [pool-557-thread-1] INFO  storage.RaftStorage (RaftStorage.java:format(72)) - Storage directory /workdir/hadoop-ozone/integration-test/target/test-dir/MiniOzoneClusterImpl-4b1c6350-cd3e-4172-b7a0-e9c66394f836/datanode-6/data/ratis/1b2e918d-cb49-4159-86bd-ba1c0ed2f1fa has been successfully formatted.
2019-09-25 11:09:15,210 [pool-557-thread-1] INFO  ratis.ContainerStateMachine (ContainerStateMachine.java:loadSnapshot(230)) - group-BA1C0ED2F1FA: The snapshot info is null. Setting the last applied indexto:(t:0, i:~)
2019-09-25 11:09:15,210 [pool-557-thread-1] INFO  server.RaftServerConfigKeys (ConfUtils.java:logGet(43)) - raft.server.notification.no-leader.timeout = 120s (custom)
2019-09-25 11:09:15,210 [pool-557-thread-1] INFO  server.RaftServerConfigKeys (ConfUtils.java:logGet(43)) - raft.server.log.use.memory = false (default)
2019-09-25 11:09:15,210 [pool-557-thread-1] INFO  server.RaftServerConfigKeys (ConfUtils.java:logGet(43)) - raft.server.log.purge.gap = 1000000 (custom)
2019-09-25 11:09:15,211 [pool-557-thread-1] INFO  server.RaftServerConfigKeys (ConfUtils.java:logGet(43)) - raft.server.log.appender.buffer.byte-limit = 33554432 (custom)
2019-09-25 11:09:15,211 [pool-557-thread-1] INFO  server.RaftServerConfigKeys (ConfUtils.java:logGet(43)) - raft.server.log.segment.size.max = 1048576 (custom)
2019-09-25 11:09:15,211 [pool-557-thread-1] INFO  server.RaftServerConfigKeys (ConfUtils.java:logGet(43)) - raft.server.log.segment.cache.num.max = 2 (custom)
2019-09-25 11:09:15,211 [pool-557-thread-1] INFO  segmented.SegmentedRaftLogWorker (SegmentedRaftLogWorker.java:<init>(172)) - new dc1340b3-b3e2-49ee-a070-51ac5340e4da@group-BA1C0ED2F1FA-SegmentedRaftLogWorker for RaftStorage:Storage Directory /workdir/hadoop-ozone/integration-test/target/test-dir/MiniOzoneClusterImpl-4b1c6350-cd3e-4172-b7a0-e9c66394f836/datanode-6/data/ratis/1b2e918d-cb49-4159-86bd-ba1c0ed2f1fa
2019-09-25 11:09:15,211 [pool-557-thread-1] INFO  server.RaftServerConfigKeys (ConfUtils.java:logGet(43)) - raft.server.log.queue.byte-limit = 2147483647 (custom)
2019-09-25 11:09:15,211 [pool-557-thread-1] INFO  server.RaftServerConfigKeys (ConfUtils.java:logGet(43)) - raft.server.log.queue.element-limit = 1024 (custom)
2019-09-25 11:09:15,211 [pool-557-thread-1] INFO  server.RaftServerConfigKeys (ConfUtils.java:logGet(43)) - raft.server.log.segment.size.max = 1048576 (custom)
2019-09-25 11:09:15,211 [pool-557-thread-1] INFO  server.RaftServerConfigKeys (ConfUtils.java:logGet(43)) - raft.server.log.preallocated.size = 16384 (custom)
2019-09-25 11:09:15,211 [pool-557-thread-1] INFO  server.RaftServerConfigKeys (ConfUtils.java:logGet(43)) - raft.server.log.write.buffer.size = 33554432 (custom)
2019-09-25 11:09:15,211 [pool-557-thread-1] INFO  server.RaftServerConfigKeys (ConfUtils.java:logGet(43)) - raft.server.log.force.sync.num = 128 (default)
2019-09-25 11:09:15,212 [pool-557-thread-1] INFO  server.RaftServerConfigKeys (ConfUtils.java:logGet(43)) - raft.server.log.statemachine.data.sync = true (default)
2019-09-25 11:09:15,212 [pool-557-thread-1] INFO  server.RaftServerConfigKeys (ConfUtils.java:logGet(43)) - raft.server.log.statemachine.data.sync.timeout = 10s (default)
2019-09-25 11:09:15,212 [pool-557-thread-1] INFO  server.RaftServerConfigKeys (ConfUtils.java:logGet(43)) - raft.server.log.statemachine.data.sync.timeout.retry = -1 (default)
2019-09-25 11:09:15,212 [pool-557-thread-1] INFO  server.RaftServerConfigKeys (ConfUtils.java:logGet(43)) - raft.server.log.statemachine.data.caching.enabled = true (custom)
2019-09-25 11:09:15,212 [pool-557-thread-1] INFO  segmented.SegmentedRaftLogWorker (SegmentedRaftLogWorker.java:lambda$new$0(132)) - dc1340b3-b3e2-49ee-a070-51ac5340e4da@group-BA1C0ED2F1FA-SegmentedRaftLogWorker: flushIndex: setUnconditionally 0 -> -1
2019-09-25 11:09:15,212 [pool-557-thread-1] INFO  server.RaftServerConfigKeys (ConfUtils.java:logGet(43)) - raft.server.snapshot.auto.trigger.enabled = true (custom)
2019-09-25 11:09:15,212 [pool-557-thread-1] INFO  server.RaftServerConfigKeys (ConfUtils.java:logGet(43)) - raft.server.snapshot.auto.trigger.threshold = 10000 (custom)
2019-09-25 11:09:15,213 [pool-557-thread-1] INFO  server.RaftServerConfigKeys (ConfUtils.java:logGet(43)) - raft.server.snapshot.retention.num.files = 5 (custom)
2019-09-25 11:09:15,213 [pool-557-thread-1] INFO  server.RaftServerConfigKeys (ConfUtils.java:logGet(43)) - raft.server.retrycache.expirytime = 600000ms (custom)
2019-09-25 11:09:15,214 [pool-557-thread-1] INFO  impl.RaftServerImpl (RaftServerImpl.java:start(185)) - dc1340b3-b3e2-49ee-a070-51ac5340e4da@group-BA1C0ED2F1FA: start as a follower, conf=-1: [dc1340b3-b3e2-49ee-a070-51ac5340e4da:192.168.30.6:35849], old=null
2019-09-25 11:09:15,214 [pool-557-thread-1] INFO  impl.RaftServerImpl (RaftServerImpl.java:setRole(174)) - dc1340b3-b3e2-49ee-a070-51ac5340e4da@group-BA1C0ED2F1FA: changes role from      null to FOLLOWER at term 0 for startAsFollower
2019-09-25 11:09:15,214 [pool-557-thread-1] INFO  impl.RoleInfo (RoleInfo.java:updateAndGet(143)) - dc1340b3-b3e2-49ee-a070-51ac5340e4da: start FollowerState
2019-09-25 11:09:15,214 [pool-557-thread-1] INFO  util.JmxRegister (JmxRegister.java:tryRegister(44)) - Successfully registered JMX Bean with object name Ratis:service=RaftServer,group=group-BA1C0ED2F1FA,id=dc1340b3-b3e2-49ee-a070-51ac5340e4da
2019-09-25 11:09:15,216 [RatisPipelineUtilsThread] INFO  pipeline.PipelineStateManager (PipelineStateManager.java:addPipeline(56)) - Created pipeline Pipeline[ Id: 1b2e918d-cb49-4159-86bd-ba1c0ed2f1fa, Nodes: dc1340b3-b3e2-49ee-a070-51ac5340e4da{ip: 192.168.30.6, host: pr-hdds-1569-5gmkr-4255264070, networkLocation: /default-rack, certSerialId: null}, Type:RATIS, Factor:ONE, State:OPEN]
2019-09-25 11:09:15,216 [RatisPipelineUtilsThread] INFO  pipeline.PipelinePlacementPolicy (PipelinePlacementPolicy.java:meetCriteria(91)) - Pipeline Placement: can't place more pipeline on heavy datanode： 4cceff1e-2c3f-451c-8b62-7d06bcf43963 Heaviness: 6 limit: 5
2019-09-25 11:09:15,216 [RatisPipelineUtilsThread] INFO  pipeline.PipelinePlacementPolicy (PipelinePlacementPolicy.java:meetCriteria(91)) - Pipeline Placement: can't place more pipeline on heavy datanode： 0ce03005-f534-496c-a0eb-c417dd14ba94 Heaviness: 6 limit: 5
2019-09-25 11:09:15,216 [RatisPipelineUtilsThread] INFO  pipeline.PipelinePlacementPolicy (PipelinePlacementPolicy.java:meetCriteria(91)) - Pipeline Placement: can't place more pipeline on heavy datanode： 1dbf52be-8f16-49fd-bad6-8089f3318926 Heaviness: 6 limit: 5
2019-09-25 11:09:15,216 [RatisPipelineUtilsThread] INFO  pipeline.PipelinePlacementPolicy (PipelinePlacementPolicy.java:meetCriteria(91)) - Pipeline Placement: can't place more pipeline on heavy datanode： 97301ee4-d551-4dc8-86de-1a37740aeeca Heaviness: 6 limit: 5
2019-09-25 11:09:15,217 [RatisPipelineUtilsThread] INFO  pipeline.PipelinePlacementPolicy (PipelinePlacementPolicy.java:meetCriteria(91)) - Pipeline Placement: can't place more pipeline on heavy datanode： a8823747-7b39-4599-aab8-abab9e384ab8 Heaviness: 6 limit: 5
2019-09-25 11:09:15,219 [grpc-default-executor-1] INFO  impl.RaftServerProxy (RaftServerProxy.java:addNew(89)) - 0b8a7ff0-298a-4c7b-84aa-a28921900e21: addNew group-6C0A5D2B99F3:[0b8a7ff0-298a-4c7b-84aa-a28921900e21:192.168.30.6:34704] returns group-6C0A5D2B99F3:java.util.concurrent.CompletableFuture@26e9e95a[Not completed]
2019-09-25 11:09:15,219 [pool-547-thread-1] INFO  impl.RaftServerImpl (RaftServerImpl.java:<init>(95)) - 0b8a7ff0-298a-4c7b-84aa-a28921900e21: new RaftServerImpl for group-6C0A5D2B99F3:[0b8a7ff0-298a-4c7b-84aa-a28921900e21:192.168.30.6:34704] with ContainerStateMachine:uninitialized
2019-09-25 11:09:15,219 [pool-547-thread-1] INFO  server.RaftServerConfigKeys (ConfUtils.java:logGet(43)) - raft.server.rpc.timeout.min = 5s (custom)
2019-09-25 11:09:15,220 [pool-547-thread-1] INFO  server.RaftServerConfigKeys (ConfUtils.java:logGet(43)) - raft.server.rpc.timeout.max = 5200ms (custom)
2019-09-25 11:09:15,220 [pool-547-thread-1] INFO  server.RaftServerConfigKeys (ConfUtils.java:logGet(43)) - raft.server.rpcslowness.timeout = 120s (custom)
2019-09-25 11:09:15,220 [pool-547-thread-1] INFO  server.RaftServerConfigKeys (ConfUtils.java:logGet(43)) - raft.server.sleep.deviation.threshold = 300 (default)
2019-09-25 11:09:15,220 [pool-547-thread-1] INFO  server.RaftServerConfigKeys (ConfUtils.java:logGet(43)) - raft.server.log.appender.install.snapshot.enabled = false (custom)
2019-09-25 11:09:15,220 [pool-547-thread-1] INFO  impl.RaftServerImpl (ServerState.java:<init>(103)) - 0b8a7ff0-298a-4c7b-84aa-a28921900e21@group-6C0A5D2B99F3: ConfigurationManager, init=-1: [0b8a7ff0-298a-4c7b-84aa-a28921900e21:192.168.30.6:34704], old=null, confs=<EMPTY_MAP>
2019-09-25 11:09:15,220 [pool-547-thread-1] INFO  server.RaftServerConfigKeys (ConfUtils.java:logGet(43)) - raft.server.storage.dir = [/workdir/hadoop-ozone/integration-test/target/test-dir/MiniOzoneClusterImpl-4b1c6350-cd3e-4172-b7a0-e9c66394f836/datanode-5/data/ratis] (custom)
2019-09-25 11:09:15,220 [pool-547-thread-1] INFO  storage.RaftStorageDirectory (RaftStorageDirectory.java:analyzeStorage(246)) - The storage directory /workdir/hadoop-ozone/integration-test/target/test-dir/MiniOzoneClusterImpl-4b1c6350-cd3e-4172-b7a0-e9c66394f836/datanode-5/data/ratis/3a29be01-e89a-40fc-8333-6c0a5d2b99f3 does not exist. Creating ...
2019-09-25 11:09:15,233 [pool-547-thread-1] INFO  storage.RaftStorageDirectory (RaftStorageDirectory.java:tryLock(328)) - Lock on /workdir/hadoop-ozone/integration-test/target/test-dir/MiniOzoneClusterImpl-4b1c6350-cd3e-4172-b7a0-e9c66394f836/datanode-5/data/ratis/3a29be01-e89a-40fc-8333-6c0a5d2b99f3/in_use.lock acquired by nodename 21763@pr-hdds-1569-5gmkr-4255264070
2019-09-25 11:09:15,246 [pool-547-thread-1] INFO  storage.RaftStorage (RaftStorage.java:format(72)) - Storage directory /workdir/hadoop-ozone/integration-test/target/test-dir/MiniOzoneClusterImpl-4b1c6350-cd3e-4172-b7a0-e9c66394f836/datanode-5/data/ratis/3a29be01-e89a-40fc-8333-6c0a5d2b99f3 has been successfully formatted.
2019-09-25 11:09:15,246 [pool-547-thread-1] INFO  ratis.ContainerStateMachine (ContainerStateMachine.java:loadSnapshot(230)) - group-6C0A5D2B99F3: The snapshot info is null. Setting the last applied indexto:(t:0, i:~)
2019-09-25 11:09:15,246 [pool-547-thread-1] INFO  server.RaftServerConfigKeys (ConfUtils.java:logGet(43)) - raft.server.notification.no-leader.timeout = 120s (custom)
2019-09-25 11:09:15,246 [pool-547-thread-1] INFO  server.RaftServerConfigKeys (ConfUtils.java:logGet(43)) - raft.server.log.use.memory = false (default)
2019-09-25 11:09:15,247 [pool-547-thread-1] INFO  server.RaftServerConfigKeys (ConfUtils.java:logGet(43)) - raft.server.log.purge.gap = 1000000 (custom)
2019-09-25 11:09:15,247 [pool-547-thread-1] INFO  server.RaftServerConfigKeys (ConfUtils.java:logGet(43)) - raft.server.log.appender.buffer.byte-limit = 33554432 (custom)
2019-09-25 11:09:15,247 [pool-547-thread-1] INFO  server.RaftServerConfigKeys (ConfUtils.java:logGet(43)) - raft.server.log.segment.size.max = 1048576 (custom)
2019-09-25 11:09:15,247 [pool-547-thread-1] INFO  server.RaftServerConfigKeys (ConfUtils.java:logGet(43)) - raft.server.log.segment.cache.num.max = 2 (custom)
2019-09-25 11:09:15,247 [pool-547-thread-1] INFO  segmented.SegmentedRaftLogWorker (SegmentedRaftLogWorker.java:<init>(172)) - new 0b8a7ff0-298a-4c7b-84aa-a28921900e21@group-6C0A5D2B99F3-SegmentedRaftLogWorker for RaftStorage:Storage Directory /workdir/hadoop-ozone/integration-test/target/test-dir/MiniOzoneClusterImpl-4b1c6350-cd3e-4172-b7a0-e9c66394f836/datanode-5/data/ratis/3a29be01-e89a-40fc-8333-6c0a5d2b99f3
2019-09-25 11:09:15,247 [pool-547-thread-1] INFO  server.RaftServerConfigKeys (ConfUtils.java:logGet(43)) - raft.server.log.queue.byte-limit = 2147483647 (custom)
2019-09-25 11:09:15,247 [pool-547-thread-1] INFO  server.RaftServerConfigKeys (ConfUtils.java:logGet(43)) - raft.server.log.queue.element-limit = 1024 (custom)
2019-09-25 11:09:15,247 [pool-547-thread-1] INFO  server.RaftServerConfigKeys (ConfUtils.java:logGet(43)) - raft.server.log.segment.size.max = 1048576 (custom)
2019-09-25 11:09:15,247 [pool-547-thread-1] INFO  server.RaftServerConfigKeys (ConfUtils.java:logGet(43)) - raft.server.log.preallocated.size = 16384 (custom)
2019-09-25 11:09:15,247 [pool-547-thread-1] INFO  server.RaftServerConfigKeys (ConfUtils.java:logGet(43)) - raft.server.log.write.buffer.size = 33554432 (custom)
2019-09-25 11:09:15,247 [pool-547-thread-1] INFO  server.RaftServerConfigKeys (ConfUtils.java:logGet(43)) - raft.server.log.force.sync.num = 128 (default)
2019-09-25 11:09:15,247 [pool-547-thread-1] INFO  server.RaftServerConfigKeys (ConfUtils.java:logGet(43)) - raft.server.log.statemachine.data.sync = true (default)
2019-09-25 11:09:15,248 [pool-547-thread-1] INFO  server.RaftServerConfigKeys (ConfUtils.java:logGet(43)) - raft.server.log.statemachine.data.sync.timeout = 10s (default)
2019-09-25 11:09:15,248 [pool-547-thread-1] INFO  server.RaftServerConfigKeys (ConfUtils.java:logGet(43)) - raft.server.log.statemachine.data.sync.timeout.retry = -1 (default)
2019-09-25 11:09:15,248 [pool-547-thread-1] INFO  server.RaftServerConfigKeys (ConfUtils.java:logGet(43)) - raft.server.log.statemachine.data.caching.enabled = true (custom)
2019-09-25 11:09:15,248 [pool-547-thread-1] INFO  segmented.SegmentedRaftLogWorker (SegmentedRaftLogWorker.java:lambda$new$0(132)) - 0b8a7ff0-298a-4c7b-84aa-a28921900e21@group-6C0A5D2B99F3-SegmentedRaftLogWorker: flushIndex: setUnconditionally 0 -> -1
2019-09-25 11:09:15,248 [pool-547-thread-1] INFO  server.RaftServerConfigKeys (ConfUtils.java:logGet(43)) - raft.server.snapshot.auto.trigger.enabled = true (custom)
2019-09-25 11:09:15,248 [pool-547-thread-1] INFO  server.RaftServerConfigKeys (ConfUtils.java:logGet(43)) - raft.server.snapshot.auto.trigger.threshold = 10000 (custom)
2019-09-25 11:09:15,248 [pool-547-thread-1] INFO  server.RaftServerConfigKeys (ConfUtils.java:logGet(43)) - raft.server.snapshot.retention.num.files = 5 (custom)
2019-09-25 11:09:15,248 [pool-547-thread-1] INFO  server.RaftServerConfigKeys (ConfUtils.java:logGet(43)) - raft.server.retrycache.expirytime = 600000ms (custom)
2019-09-25 11:09:15,249 [pool-547-thread-1] INFO  impl.RaftServerImpl (RaftServerImpl.java:start(185)) - 0b8a7ff0-298a-4c7b-84aa-a28921900e21@group-6C0A5D2B99F3: start as a follower, conf=-1: [0b8a7ff0-298a-4c7b-84aa-a28921900e21:192.168.30.6:34704], old=null
2019-09-25 11:09:15,249 [pool-547-thread-1] INFO  impl.RaftServerImpl (RaftServerImpl.java:setRole(174)) - 0b8a7ff0-298a-4c7b-84aa-a28921900e21@group-6C0A5D2B99F3: changes role from      null to FOLLOWER at term 0 for startAsFollower
2019-09-25 11:09:15,249 [pool-547-thread-1] INFO  impl.RoleInfo (RoleInfo.java:updateAndGet(143)) - 0b8a7ff0-298a-4c7b-84aa-a28921900e21: start FollowerState
2019-09-25 11:09:15,250 [pool-547-thread-1] INFO  util.JmxRegister (JmxRegister.java:tryRegister(44)) - Successfully registered JMX Bean with object name Ratis:service=RaftServer,group=group-6C0A5D2B99F3,id=0b8a7ff0-298a-4c7b-84aa-a28921900e21
2019-09-25 11:09:15,251 [RatisPipelineUtilsThread] INFO  pipeline.PipelineStateManager (PipelineStateManager.java:addPipeline(56)) - Created pipeline Pipeline[ Id: 3a29be01-e89a-40fc-8333-6c0a5d2b99f3, Nodes: 0b8a7ff0-298a-4c7b-84aa-a28921900e21{ip: 192.168.30.6, host: pr-hdds-1569-5gmkr-4255264070, networkLocation: /default-rack, certSerialId: null}, Type:RATIS, Factor:ONE, State:OPEN]
2019-09-25 11:09:15,251 [RatisPipelineUtilsThread] INFO  pipeline.PipelinePlacementPolicy (PipelinePlacementPolicy.java:meetCriteria(91)) - Pipeline Placement: can't place more pipeline on heavy datanode： 4cceff1e-2c3f-451c-8b62-7d06bcf43963 Heaviness: 6 limit: 5
2019-09-25 11:09:15,251 [RatisPipelineUtilsThread] INFO  pipeline.PipelinePlacementPolicy (PipelinePlacementPolicy.java:meetCriteria(91)) - Pipeline Placement: can't place more pipeline on heavy datanode： 0ce03005-f534-496c-a0eb-c417dd14ba94 Heaviness: 6 limit: 5
2019-09-25 11:09:15,251 [RatisPipelineUtilsThread] INFO  pipeline.PipelinePlacementPolicy (PipelinePlacementPolicy.java:meetCriteria(91)) - Pipeline Placement: can't place more pipeline on heavy datanode： 1dbf52be-8f16-49fd-bad6-8089f3318926 Heaviness: 6 limit: 5
2019-09-25 11:09:15,252 [RatisPipelineUtilsThread] INFO  pipeline.PipelinePlacementPolicy (PipelinePlacementPolicy.java:meetCriteria(91)) - Pipeline Placement: can't place more pipeline on heavy datanode： 97301ee4-d551-4dc8-86de-1a37740aeeca Heaviness: 6 limit: 5
2019-09-25 11:09:15,252 [RatisPipelineUtilsThread] INFO  pipeline.PipelinePlacementPolicy (PipelinePlacementPolicy.java:meetCriteria(91)) - Pipeline Placement: can't place more pipeline on heavy datanode： a8823747-7b39-4599-aab8-abab9e384ab8 Heaviness: 6 limit: 5
2019-09-25 11:09:15,254 [grpc-default-executor-1] INFO  impl.RaftServerProxy (RaftServerProxy.java:addNew(89)) - 0b8a7ff0-298a-4c7b-84aa-a28921900e21: addNew group-B2AC9E6BBB47:[0b8a7ff0-298a-4c7b-84aa-a28921900e21:192.168.30.6:34704] returns group-B2AC9E6BBB47:java.util.concurrent.CompletableFuture@296e67e5[Not completed]
2019-09-25 11:09:15,255 [pool-547-thread-1] INFO  impl.RaftServerImpl (RaftServerImpl.java:<init>(95)) - 0b8a7ff0-298a-4c7b-84aa-a28921900e21: new RaftServerImpl for group-B2AC9E6BBB47:[0b8a7ff0-298a-4c7b-84aa-a28921900e21:192.168.30.6:34704] with ContainerStateMachine:uninitialized
2019-09-25 11:09:15,255 [pool-547-thread-1] INFO  server.RaftServerConfigKeys (ConfUtils.java:logGet(43)) - raft.server.rpc.timeout.min = 5s (custom)
2019-09-25 11:09:15,255 [pool-547-thread-1] INFO  server.RaftServerConfigKeys (ConfUtils.java:logGet(43)) - raft.server.rpc.timeout.max = 5200ms (custom)
2019-09-25 11:09:15,255 [pool-547-thread-1] INFO  server.RaftServerConfigKeys (ConfUtils.java:logGet(43)) - raft.server.rpcslowness.timeout = 120s (custom)
2019-09-25 11:09:15,255 [pool-547-thread-1] INFO  server.RaftServerConfigKeys (ConfUtils.java:logGet(43)) - raft.server.sleep.deviation.threshold = 300 (default)
2019-09-25 11:09:15,255 [pool-547-thread-1] INFO  server.RaftServerConfigKeys (ConfUtils.java:logGet(43)) - raft.server.log.appender.install.snapshot.enabled = false (custom)
2019-09-25 11:09:15,255 [pool-547-thread-1] INFO  impl.RaftServerImpl (ServerState.java:<init>(103)) - 0b8a7ff0-298a-4c7b-84aa-a28921900e21@group-B2AC9E6BBB47: ConfigurationManager, init=-1: [0b8a7ff0-298a-4c7b-84aa-a28921900e21:192.168.30.6:34704], old=null, confs=<EMPTY_MAP>
2019-09-25 11:09:15,255 [pool-547-thread-1] INFO  server.RaftServerConfigKeys (ConfUtils.java:logGet(43)) - raft.server.storage.dir = [/workdir/hadoop-ozone/integration-test/target/test-dir/MiniOzoneClusterImpl-4b1c6350-cd3e-4172-b7a0-e9c66394f836/datanode-5/data/ratis] (custom)
2019-09-25 11:09:15,255 [pool-547-thread-1] INFO  storage.RaftStorageDirectory (RaftStorageDirectory.java:analyzeStorage(246)) - The storage directory /workdir/hadoop-ozone/integration-test/target/test-dir/MiniOzoneClusterImpl-4b1c6350-cd3e-4172-b7a0-e9c66394f836/datanode-5/data/ratis/3d601a29-2045-4815-8976-b2ac9e6bbb47 does not exist. Creating ...
2019-09-25 11:09:15,267 [pool-547-thread-1] INFO  storage.RaftStorageDirectory (RaftStorageDirectory.java:tryLock(328)) - Lock on /workdir/hadoop-ozone/integration-test/target/test-dir/MiniOzoneClusterImpl-4b1c6350-cd3e-4172-b7a0-e9c66394f836/datanode-5/data/ratis/3d601a29-2045-4815-8976-b2ac9e6bbb47/in_use.lock acquired by nodename 21763@pr-hdds-1569-5gmkr-4255264070
2019-09-25 11:09:15,270 [pool-547-thread-1] INFO  storage.RaftStorage (RaftStorage.java:format(72)) - Storage directory /workdir/hadoop-ozone/integration-test/target/test-dir/MiniOzoneClusterImpl-4b1c6350-cd3e-4172-b7a0-e9c66394f836/datanode-5/data/ratis/3d601a29-2045-4815-8976-b2ac9e6bbb47 has been successfully formatted.
2019-09-25 11:09:15,271 [pool-547-thread-1] INFO  ratis.ContainerStateMachine (ContainerStateMachine.java:loadSnapshot(230)) - group-B2AC9E6BBB47: The snapshot info is null. Setting the last applied indexto:(t:0, i:~)
2019-09-25 11:09:15,271 [pool-547-thread-1] INFO  server.RaftServerConfigKeys (ConfUtils.java:logGet(43)) - raft.server.notification.no-leader.timeout = 120s (custom)
2019-09-25 11:09:15,271 [pool-547-thread-1] INFO  server.RaftServerConfigKeys (ConfUtils.java:logGet(43)) - raft.server.log.use.memory = false (default)
2019-09-25 11:09:15,271 [pool-547-thread-1] INFO  server.RaftServerConfigKeys (ConfUtils.java:logGet(43)) - raft.server.log.purge.gap = 1000000 (custom)
2019-09-25 11:09:15,271 [pool-547-thread-1] INFO  server.RaftServerConfigKeys (ConfUtils.java:logGet(43)) - raft.server.log.appender.buffer.byte-limit = 33554432 (custom)
2019-09-25 11:09:15,271 [pool-547-thread-1] INFO  server.RaftServerConfigKeys (ConfUtils.java:logGet(43)) - raft.server.log.segment.size.max = 1048576 (custom)
2019-09-25 11:09:15,271 [pool-547-thread-1] INFO  server.RaftServerConfigKeys (ConfUtils.java:logGet(43)) - raft.server.log.segment.cache.num.max = 2 (custom)
2019-09-25 11:09:15,271 [pool-547-thread-1] INFO  segmented.SegmentedRaftLogWorker (SegmentedRaftLogWorker.java:<init>(172)) - new 0b8a7ff0-298a-4c7b-84aa-a28921900e21@group-B2AC9E6BBB47-SegmentedRaftLogWorker for RaftStorage:Storage Directory /workdir/hadoop-ozone/integration-test/target/test-dir/MiniOzoneClusterImpl-4b1c6350-cd3e-4172-b7a0-e9c66394f836/datanode-5/data/ratis/3d601a29-2045-4815-8976-b2ac9e6bbb47
2019-09-25 11:09:15,271 [pool-547-thread-1] INFO  server.RaftServerConfigKeys (ConfUtils.java:logGet(43)) - raft.server.log.queue.byte-limit = 2147483647 (custom)
2019-09-25 11:09:15,271 [pool-547-thread-1] INFO  server.RaftServerConfigKeys (ConfUtils.java:logGet(43)) - raft.server.log.queue.element-limit = 1024 (custom)
2019-09-25 11:09:15,271 [pool-547-thread-1] INFO  server.RaftServerConfigKeys (ConfUtils.java:logGet(43)) - raft.server.log.segment.size.max = 1048576 (custom)
2019-09-25 11:09:15,271 [pool-547-thread-1] INFO  server.RaftServerConfigKeys (ConfUtils.java:logGet(43)) - raft.server.log.preallocated.size = 16384 (custom)
2019-09-25 11:09:15,272 [pool-547-thread-1] INFO  server.RaftServerConfigKeys (ConfUtils.java:logGet(43)) - raft.server.log.write.buffer.size = 33554432 (custom)
2019-09-25 11:09:15,272 [pool-547-thread-1] INFO  server.RaftServerConfigKeys (ConfUtils.java:logGet(43)) - raft.server.log.force.sync.num = 128 (default)
2019-09-25 11:09:15,272 [pool-547-thread-1] INFO  server.RaftServerConfigKeys (ConfUtils.java:logGet(43)) - raft.server.log.statemachine.data.sync = true (default)
2019-09-25 11:09:15,272 [pool-547-thread-1] INFO  server.RaftServerConfigKeys (ConfUtils.java:logGet(43)) - raft.server.log.statemachine.data.sync.timeout = 10s (default)
2019-09-25 11:09:15,272 [pool-547-thread-1] INFO  server.RaftServerConfigKeys (ConfUtils.java:logGet(43)) - raft.server.log.statemachine.data.sync.timeout.retry = -1 (default)
2019-09-25 11:09:15,272 [pool-547-thread-1] INFO  server.RaftServerConfigKeys (ConfUtils.java:logGet(43)) - raft.server.log.statemachine.data.caching.enabled = true (custom)
2019-09-25 11:09:15,272 [pool-547-thread-1] INFO  segmented.SegmentedRaftLogWorker (SegmentedRaftLogWorker.java:lambda$new$0(132)) - 0b8a7ff0-298a-4c7b-84aa-a28921900e21@group-B2AC9E6BBB47-SegmentedRaftLogWorker: flushIndex: setUnconditionally 0 -> -1
2019-09-25 11:09:15,272 [pool-547-thread-1] INFO  server.RaftServerConfigKeys (ConfUtils.java:logGet(43)) - raft.server.snapshot.auto.trigger.enabled = true (custom)
2019-09-25 11:09:15,272 [pool-547-thread-1] INFO  server.RaftServerConfigKeys (ConfUtils.java:logGet(43)) - raft.server.snapshot.auto.trigger.threshold = 10000 (custom)
2019-09-25 11:09:15,272 [pool-547-thread-1] INFO  server.RaftServerConfigKeys (ConfUtils.java:logGet(43)) - raft.server.snapshot.retention.num.files = 5 (custom)
2019-09-25 11:09:15,272 [pool-547-thread-1] INFO  server.RaftServerConfigKeys (ConfUtils.java:logGet(43)) - raft.server.retrycache.expirytime = 600000ms (custom)
2019-09-25 11:09:15,273 [pool-547-thread-1] INFO  impl.RaftServerImpl (RaftServerImpl.java:start(185)) - 0b8a7ff0-298a-4c7b-84aa-a28921900e21@group-B2AC9E6BBB47: start as a follower, conf=-1: [0b8a7ff0-298a-4c7b-84aa-a28921900e21:192.168.30.6:34704], old=null
2019-09-25 11:09:15,273 [pool-547-thread-1] INFO  impl.RaftServerImpl (RaftServerImpl.java:setRole(174)) - 0b8a7ff0-298a-4c7b-84aa-a28921900e21@group-B2AC9E6BBB47: changes role from      null to FOLLOWER at term 0 for startAsFollower
2019-09-25 11:09:15,274 [pool-547-thread-1] INFO  impl.RoleInfo (RoleInfo.java:updateAndGet(143)) - 0b8a7ff0-298a-4c7b-84aa-a28921900e21: start FollowerState
2019-09-25 11:09:15,274 [pool-547-thread-1] INFO  util.JmxRegister (JmxRegister.java:tryRegister(44)) - Successfully registered JMX Bean with object name Ratis:service=RaftServer,group=group-B2AC9E6BBB47,id=0b8a7ff0-298a-4c7b-84aa-a28921900e21
2019-09-25 11:09:15,275 [RatisPipelineUtilsThread] INFO  pipeline.PipelineStateManager (PipelineStateManager.java:addPipeline(56)) - Created pipeline Pipeline[ Id: 3d601a29-2045-4815-8976-b2ac9e6bbb47, Nodes: 0b8a7ff0-298a-4c7b-84aa-a28921900e21{ip: 192.168.30.6, host: pr-hdds-1569-5gmkr-4255264070, networkLocation: /default-rack, certSerialId: null}, Type:RATIS, Factor:ONE, State:OPEN]
2019-09-25 11:09:15,275 [RatisPipelineUtilsThread] INFO  pipeline.PipelinePlacementPolicy (PipelinePlacementPolicy.java:meetCriteria(91)) - Pipeline Placement: can't place more pipeline on heavy datanode： 4cceff1e-2c3f-451c-8b62-7d06bcf43963 Heaviness: 6 limit: 5
2019-09-25 11:09:15,275 [RatisPipelineUtilsThread] INFO  pipeline.PipelinePlacementPolicy (PipelinePlacementPolicy.java:meetCriteria(91)) - Pipeline Placement: can't place more pipeline on heavy datanode： 0ce03005-f534-496c-a0eb-c417dd14ba94 Heaviness: 6 limit: 5
2019-09-25 11:09:15,275 [RatisPipelineUtilsThread] INFO  pipeline.PipelinePlacementPolicy (PipelinePlacementPolicy.java:meetCriteria(91)) - Pipeline Placement: can't place more pipeline on heavy datanode： 1dbf52be-8f16-49fd-bad6-8089f3318926 Heaviness: 6 limit: 5
2019-09-25 11:09:15,276 [RatisPipelineUtilsThread] INFO  pipeline.PipelinePlacementPolicy (PipelinePlacementPolicy.java:meetCriteria(91)) - Pipeline Placement: can't place more pipeline on heavy datanode： 97301ee4-d551-4dc8-86de-1a37740aeeca Heaviness: 6 limit: 5
2019-09-25 11:09:15,276 [RatisPipelineUtilsThread] INFO  pipeline.PipelinePlacementPolicy (PipelinePlacementPolicy.java:meetCriteria(91)) - Pipeline Placement: can't place more pipeline on heavy datanode： a8823747-7b39-4599-aab8-abab9e384ab8 Heaviness: 6 limit: 5
2019-09-25 11:09:15,278 [grpc-default-executor-1] INFO  impl.RaftServerProxy (RaftServerProxy.java:addNew(89)) - 0b8a7ff0-298a-4c7b-84aa-a28921900e21: addNew group-470178ACBFC5:[0b8a7ff0-298a-4c7b-84aa-a28921900e21:192.168.30.6:34704] returns group-470178ACBFC5:java.util.concurrent.CompletableFuture@453ce71f[Not completed]
2019-09-25 11:09:15,278 [pool-547-thread-1] INFO  impl.RaftServerImpl (RaftServerImpl.java:<init>(95)) - 0b8a7ff0-298a-4c7b-84aa-a28921900e21: new RaftServerImpl for group-470178ACBFC5:[0b8a7ff0-298a-4c7b-84aa-a28921900e21:192.168.30.6:34704] with ContainerStateMachine:uninitialized
2019-09-25 11:09:15,279 [pool-547-thread-1] INFO  server.RaftServerConfigKeys (ConfUtils.java:logGet(43)) - raft.server.rpc.timeout.min = 5s (custom)
2019-09-25 11:09:15,279 [pool-547-thread-1] INFO  server.RaftServerConfigKeys (ConfUtils.java:logGet(43)) - raft.server.rpc.timeout.max = 5200ms (custom)
2019-09-25 11:09:15,279 [pool-547-thread-1] INFO  server.RaftServerConfigKeys (ConfUtils.java:logGet(43)) - raft.server.rpcslowness.timeout = 120s (custom)
2019-09-25 11:09:15,279 [pool-547-thread-1] INFO  server.RaftServerConfigKeys (ConfUtils.java:logGet(43)) - raft.server.sleep.deviation.threshold = 300 (default)
2019-09-25 11:09:15,279 [pool-547-thread-1] INFO  server.RaftServerConfigKeys (ConfUtils.java:logGet(43)) - raft.server.log.appender.install.snapshot.enabled = false (custom)
2019-09-25 11:09:15,279 [pool-547-thread-1] INFO  impl.RaftServerImpl (ServerState.java:<init>(103)) - 0b8a7ff0-298a-4c7b-84aa-a28921900e21@group-470178ACBFC5: ConfigurationManager, init=-1: [0b8a7ff0-298a-4c7b-84aa-a28921900e21:192.168.30.6:34704], old=null, confs=<EMPTY_MAP>
2019-09-25 11:09:15,279 [pool-547-thread-1] INFO  server.RaftServerConfigKeys (ConfUtils.java:logGet(43)) - raft.server.storage.dir = [/workdir/hadoop-ozone/integration-test/target/test-dir/MiniOzoneClusterImpl-4b1c6350-cd3e-4172-b7a0-e9c66394f836/datanode-5/data/ratis] (custom)
2019-09-25 11:09:15,279 [pool-547-thread-1] INFO  storage.RaftStorageDirectory (RaftStorageDirectory.java:analyzeStorage(246)) - The storage directory /workdir/hadoop-ozone/integration-test/target/test-dir/MiniOzoneClusterImpl-4b1c6350-cd3e-4172-b7a0-e9c66394f836/datanode-5/data/ratis/10a00427-fe79-4ff2-aa8f-470178acbfc5 does not exist. Creating ...
2019-09-25 11:09:15,292 [pool-547-thread-1] INFO  storage.RaftStorageDirectory (RaftStorageDirectory.java:tryLock(328)) - Lock on /workdir/hadoop-ozone/integration-test/target/test-dir/MiniOzoneClusterImpl-4b1c6350-cd3e-4172-b7a0-e9c66394f836/datanode-5/data/ratis/10a00427-fe79-4ff2-aa8f-470178acbfc5/in_use.lock acquired by nodename 21763@pr-hdds-1569-5gmkr-4255264070
2019-09-25 11:09:15,294 [pool-547-thread-1] INFO  storage.RaftStorage (RaftStorage.java:format(72)) - Storage directory /workdir/hadoop-ozone/integration-test/target/test-dir/MiniOzoneClusterImpl-4b1c6350-cd3e-4172-b7a0-e9c66394f836/datanode-5/data/ratis/10a00427-fe79-4ff2-aa8f-470178acbfc5 has been successfully formatted.
2019-09-25 11:09:15,294 [pool-547-thread-1] INFO  ratis.ContainerStateMachine (ContainerStateMachine.java:loadSnapshot(230)) - group-470178ACBFC5: The snapshot info is null. Setting the last applied indexto:(t:0, i:~)
2019-09-25 11:09:15,294 [pool-547-thread-1] INFO  server.RaftServerConfigKeys (ConfUtils.java:logGet(43)) - raft.server.notification.no-leader.timeout = 120s (custom)
2019-09-25 11:09:15,294 [pool-547-thread-1] INFO  server.RaftServerConfigKeys (ConfUtils.java:logGet(43)) - raft.server.log.use.memory = false (default)
2019-09-25 11:09:15,294 [pool-547-thread-1] INFO  server.RaftServerConfigKeys (ConfUtils.java:logGet(43)) - raft.server.log.purge.gap = 1000000 (custom)
2019-09-25 11:09:15,294 [pool-547-thread-1] INFO  server.RaftServerConfigKeys (ConfUtils.java:logGet(43)) - raft.server.log.appender.buffer.byte-limit = 33554432 (custom)
2019-09-25 11:09:15,294 [pool-547-thread-1] INFO  server.RaftServerConfigKeys (ConfUtils.java:logGet(43)) - raft.server.log.segment.size.max = 1048576 (custom)
2019-09-25 11:09:15,294 [pool-547-thread-1] INFO  server.RaftServerConfigKeys (ConfUtils.java:logGet(43)) - raft.server.log.segment.cache.num.max = 2 (custom)
2019-09-25 11:09:15,295 [pool-547-thread-1] INFO  segmented.SegmentedRaftLogWorker (SegmentedRaftLogWorker.java:<init>(172)) - new 0b8a7ff0-298a-4c7b-84aa-a28921900e21@group-470178ACBFC5-SegmentedRaftLogWorker for RaftStorage:Storage Directory /workdir/hadoop-ozone/integration-test/target/test-dir/MiniOzoneClusterImpl-4b1c6350-cd3e-4172-b7a0-e9c66394f836/datanode-5/data/ratis/10a00427-fe79-4ff2-aa8f-470178acbfc5
2019-09-25 11:09:15,295 [pool-547-thread-1] INFO  server.RaftServerConfigKeys (ConfUtils.java:logGet(43)) - raft.server.log.queue.byte-limit = 2147483647 (custom)
2019-09-25 11:09:15,295 [pool-547-thread-1] INFO  server.RaftServerConfigKeys (ConfUtils.java:logGet(43)) - raft.server.log.queue.element-limit = 1024 (custom)
2019-09-25 11:09:15,295 [pool-547-thread-1] INFO  server.RaftServerConfigKeys (ConfUtils.java:logGet(43)) - raft.server.log.segment.size.max = 1048576 (custom)
2019-09-25 11:09:15,295 [pool-547-thread-1] INFO  server.RaftServerConfigKeys (ConfUtils.java:logGet(43)) - raft.server.log.preallocated.size = 16384 (custom)
2019-09-25 11:09:15,295 [pool-547-thread-1] INFO  server.RaftServerConfigKeys (ConfUtils.java:logGet(43)) - raft.server.log.write.buffer.size = 33554432 (custom)
2019-09-25 11:09:15,295 [pool-547-thread-1] INFO  server.RaftServerConfigKeys (ConfUtils.java:logGet(43)) - raft.server.log.force.sync.num = 128 (default)
2019-09-25 11:09:15,295 [pool-547-thread-1] INFO  server.RaftServerConfigKeys (ConfUtils.java:logGet(43)) - raft.server.log.statemachine.data.sync = true (default)
2019-09-25 11:09:15,295 [pool-547-thread-1] INFO  server.RaftServerConfigKeys (ConfUtils.java:logGet(43)) - raft.server.log.statemachine.data.sync.timeout = 10s (default)
2019-09-25 11:09:15,295 [pool-547-thread-1] INFO  server.RaftServerConfigKeys (ConfUtils.java:logGet(43)) - raft.server.log.statemachine.data.sync.timeout.retry = -1 (default)
2019-09-25 11:09:15,295 [pool-547-thread-1] INFO  server.RaftServerConfigKeys (ConfUtils.java:logGet(43)) - raft.server.log.statemachine.data.caching.enabled = true (custom)
2019-09-25 11:09:15,296 [pool-547-thread-1] INFO  segmented.SegmentedRaftLogWorker (SegmentedRaftLogWorker.java:lambda$new$0(132)) - 0b8a7ff0-298a-4c7b-84aa-a28921900e21@group-470178ACBFC5-SegmentedRaftLogWorker: flushIndex: setUnconditionally 0 -> -1
2019-09-25 11:09:15,296 [pool-547-thread-1] INFO  server.RaftServerConfigKeys (ConfUtils.java:logGet(43)) - raft.server.snapshot.auto.trigger.enabled = true (custom)
2019-09-25 11:09:15,296 [pool-547-thread-1] INFO  server.RaftServerConfigKeys (ConfUtils.java:logGet(43)) - raft.server.snapshot.auto.trigger.threshold = 10000 (custom)
2019-09-25 11:09:15,296 [pool-547-thread-1] INFO  server.RaftServerConfigKeys (ConfUtils.java:logGet(43)) - raft.server.snapshot.retention.num.files = 5 (custom)
2019-09-25 11:09:15,296 [pool-547-thread-1] INFO  server.RaftServerConfigKeys (ConfUtils.java:logGet(43)) - raft.server.retrycache.expirytime = 600000ms (custom)
2019-09-25 11:09:15,297 [pool-547-thread-1] INFO  impl.RaftServerImpl (RaftServerImpl.java:start(185)) - 0b8a7ff0-298a-4c7b-84aa-a28921900e21@group-470178ACBFC5: start as a follower, conf=-1: [0b8a7ff0-298a-4c7b-84aa-a28921900e21:192.168.30.6:34704], old=null
2019-09-25 11:09:15,297 [pool-547-thread-1] INFO  impl.RaftServerImpl (RaftServerImpl.java:setRole(174)) - 0b8a7ff0-298a-4c7b-84aa-a28921900e21@group-470178ACBFC5: changes role from      null to FOLLOWER at term 0 for startAsFollower
2019-09-25 11:09:15,297 [pool-547-thread-1] INFO  impl.RoleInfo (RoleInfo.java:updateAndGet(143)) - 0b8a7ff0-298a-4c7b-84aa-a28921900e21: start FollowerState
2019-09-25 11:09:15,297 [pool-547-thread-1] INFO  util.JmxRegister (JmxRegister.java:tryRegister(44)) - Successfully registered JMX Bean with object name Ratis:service=RaftServer,group=group-470178ACBFC5,id=0b8a7ff0-298a-4c7b-84aa-a28921900e21
2019-09-25 11:09:15,298 [RatisPipelineUtilsThread] INFO  pipeline.PipelineStateManager (PipelineStateManager.java:addPipeline(56)) - Created pipeline Pipeline[ Id: 10a00427-fe79-4ff2-aa8f-470178acbfc5, Nodes: 0b8a7ff0-298a-4c7b-84aa-a28921900e21{ip: 192.168.30.6, host: pr-hdds-1569-5gmkr-4255264070, networkLocation: /default-rack, certSerialId: null}, Type:RATIS, Factor:ONE, State:OPEN]
2019-09-25 11:09:15,299 [RatisPipelineUtilsThread] INFO  pipeline.PipelinePlacementPolicy (PipelinePlacementPolicy.java:meetCriteria(91)) - Pipeline Placement: can't place more pipeline on heavy datanode： 4cceff1e-2c3f-451c-8b62-7d06bcf43963 Heaviness: 6 limit: 5
2019-09-25 11:09:15,299 [RatisPipelineUtilsThread] INFO  pipeline.PipelinePlacementPolicy (PipelinePlacementPolicy.java:meetCriteria(91)) - Pipeline Placement: can't place more pipeline on heavy datanode： 0ce03005-f534-496c-a0eb-c417dd14ba94 Heaviness: 6 limit: 5
2019-09-25 11:09:15,299 [RatisPipelineUtilsThread] INFO  pipeline.PipelinePlacementPolicy (PipelinePlacementPolicy.java:meetCriteria(91)) - Pipeline Placement: can't place more pipeline on heavy datanode： 1dbf52be-8f16-49fd-bad6-8089f3318926 Heaviness: 6 limit: 5
2019-09-25 11:09:15,299 [RatisPipelineUtilsThread] INFO  pipeline.PipelinePlacementPolicy (PipelinePlacementPolicy.java:meetCriteria(91)) - Pipeline Placement: can't place more pipeline on heavy datanode： 97301ee4-d551-4dc8-86de-1a37740aeeca Heaviness: 6 limit: 5
2019-09-25 11:09:15,299 [RatisPipelineUtilsThread] INFO  pipeline.PipelinePlacementPolicy (PipelinePlacementPolicy.java:meetCriteria(91)) - Pipeline Placement: can't place more pipeline on heavy datanode： a8823747-7b39-4599-aab8-abab9e384ab8 Heaviness: 6 limit: 5
2019-09-25 11:09:15,299 [RatisPipelineUtilsThread] INFO  pipeline.PipelinePlacementPolicy (PipelinePlacementPolicy.java:meetCriteria(91)) - Pipeline Placement: can't place more pipeline on heavy datanode： 0b8a7ff0-298a-4c7b-84aa-a28921900e21 Heaviness: 6 limit: 5
2019-09-25 11:09:15,302 [grpc-default-executor-1] INFO  impl.RaftServerProxy (RaftServerProxy.java:addNew(89)) - dc1340b3-b3e2-49ee-a070-51ac5340e4da: addNew group-111ABAD4A3D7:[dc1340b3-b3e2-49ee-a070-51ac5340e4da:192.168.30.6:35849] returns group-111ABAD4A3D7:java.util.concurrent.CompletableFuture@e731806[Not completed]
2019-09-25 11:09:15,302 [pool-557-thread-1] INFO  impl.RaftServerImpl (RaftServerImpl.java:<init>(95)) - dc1340b3-b3e2-49ee-a070-51ac5340e4da: new RaftServerImpl for group-111ABAD4A3D7:[dc1340b3-b3e2-49ee-a070-51ac5340e4da:192.168.30.6:35849] with ContainerStateMachine:uninitialized
2019-09-25 11:09:15,302 [pool-557-thread-1] INFO  server.RaftServerConfigKeys (ConfUtils.java:logGet(43)) - raft.server.rpc.timeout.min = 5s (custom)
2019-09-25 11:09:15,303 [pool-557-thread-1] INFO  server.RaftServerConfigKeys (ConfUtils.java:logGet(43)) - raft.server.rpc.timeout.max = 5200ms (custom)
2019-09-25 11:09:15,303 [pool-557-thread-1] INFO  server.RaftServerConfigKeys (ConfUtils.java:logGet(43)) - raft.server.rpcslowness.timeout = 120s (custom)
2019-09-25 11:09:15,303 [pool-557-thread-1] INFO  server.RaftServerConfigKeys (ConfUtils.java:logGet(43)) - raft.server.sleep.deviation.threshold = 300 (default)
2019-09-25 11:09:15,303 [pool-557-thread-1] INFO  server.RaftServerConfigKeys (ConfUtils.java:logGet(43)) - raft.server.log.appender.install.snapshot.enabled = false (custom)
2019-09-25 11:09:15,303 [pool-557-thread-1] INFO  impl.RaftServerImpl (ServerState.java:<init>(103)) - dc1340b3-b3e2-49ee-a070-51ac5340e4da@group-111ABAD4A3D7: ConfigurationManager, init=-1: [dc1340b3-b3e2-49ee-a070-51ac5340e4da:192.168.30.6:35849], old=null, confs=<EMPTY_MAP>
2019-09-25 11:09:15,303 [pool-557-thread-1] INFO  server.RaftServerConfigKeys (ConfUtils.java:logGet(43)) - raft.server.storage.dir = [/workdir/hadoop-ozone/integration-test/target/test-dir/MiniOzoneClusterImpl-4b1c6350-cd3e-4172-b7a0-e9c66394f836/datanode-6/data/ratis] (custom)
2019-09-25 11:09:15,303 [pool-557-thread-1] INFO  storage.RaftStorageDirectory (RaftStorageDirectory.java:analyzeStorage(246)) - The storage directory /workdir/hadoop-ozone/integration-test/target/test-dir/MiniOzoneClusterImpl-4b1c6350-cd3e-4172-b7a0-e9c66394f836/datanode-6/data/ratis/26e3c3bf-49d2-4b41-a732-111abad4a3d7 does not exist. Creating ...
2019-09-25 11:09:15,315 [pool-557-thread-1] INFO  storage.RaftStorageDirectory (RaftStorageDirectory.java:tryLock(328)) - Lock on /workdir/hadoop-ozone/integration-test/target/test-dir/MiniOzoneClusterImpl-4b1c6350-cd3e-4172-b7a0-e9c66394f836/datanode-6/data/ratis/26e3c3bf-49d2-4b41-a732-111abad4a3d7/in_use.lock acquired by nodename 21763@pr-hdds-1569-5gmkr-4255264070
2019-09-25 11:09:15,318 [pool-557-thread-1] INFO  storage.RaftStorage (RaftStorage.java:format(72)) - Storage directory /workdir/hadoop-ozone/integration-test/target/test-dir/MiniOzoneClusterImpl-4b1c6350-cd3e-4172-b7a0-e9c66394f836/datanode-6/data/ratis/26e3c3bf-49d2-4b41-a732-111abad4a3d7 has been successfully formatted.
2019-09-25 11:09:15,318 [pool-557-thread-1] INFO  ratis.ContainerStateMachine (ContainerStateMachine.java:loadSnapshot(230)) - group-111ABAD4A3D7: The snapshot info is null. Setting the last applied indexto:(t:0, i:~)
2019-09-25 11:09:15,318 [pool-557-thread-1] INFO  server.RaftServerConfigKeys (ConfUtils.java:logGet(43)) - raft.server.notification.no-leader.timeout = 120s (custom)
2019-09-25 11:09:15,318 [pool-557-thread-1] INFO  server.RaftServerConfigKeys (ConfUtils.java:logGet(43)) - raft.server.log.use.memory = false (default)
2019-09-25 11:09:15,318 [pool-557-thread-1] INFO  server.RaftServerConfigKeys (ConfUtils.java:logGet(43)) - raft.server.log.purge.gap = 1000000 (custom)
2019-09-25 11:09:15,318 [pool-557-thread-1] INFO  server.RaftServerConfigKeys (ConfUtils.java:logGet(43)) - raft.server.log.appender.buffer.byte-limit = 33554432 (custom)
2019-09-25 11:09:15,318 [pool-557-thread-1] INFO  server.RaftServerConfigKeys (ConfUtils.java:logGet(43)) - raft.server.log.segment.size.max = 1048576 (custom)
2019-09-25 11:09:15,319 [pool-557-thread-1] INFO  server.RaftServerConfigKeys (ConfUtils.java:logGet(43)) - raft.server.log.segment.cache.num.max = 2 (custom)
2019-09-25 11:09:15,319 [pool-557-thread-1] INFO  segmented.SegmentedRaftLogWorker (SegmentedRaftLogWorker.java:<init>(172)) - new dc1340b3-b3e2-49ee-a070-51ac5340e4da@group-111ABAD4A3D7-SegmentedRaftLogWorker for RaftStorage:Storage Directory /workdir/hadoop-ozone/integration-test/target/test-dir/MiniOzoneClusterImpl-4b1c6350-cd3e-4172-b7a0-e9c66394f836/datanode-6/data/ratis/26e3c3bf-49d2-4b41-a732-111abad4a3d7
2019-09-25 11:09:15,319 [pool-557-thread-1] INFO  server.RaftServerConfigKeys (ConfUtils.java:logGet(43)) - raft.server.log.queue.byte-limit = 2147483647 (custom)
2019-09-25 11:09:15,319 [pool-557-thread-1] INFO  server.RaftServerConfigKeys (ConfUtils.java:logGet(43)) - raft.server.log.queue.element-limit = 1024 (custom)
2019-09-25 11:09:15,319 [pool-557-thread-1] INFO  server.RaftServerConfigKeys (ConfUtils.java:logGet(43)) - raft.server.log.segment.size.max = 1048576 (custom)
2019-09-25 11:09:15,319 [pool-557-thread-1] INFO  server.RaftServerConfigKeys (ConfUtils.java:logGet(43)) - raft.server.log.preallocated.size = 16384 (custom)
2019-09-25 11:09:15,319 [pool-557-thread-1] INFO  server.RaftServerConfigKeys (ConfUtils.java:logGet(43)) - raft.server.log.write.buffer.size = 33554432 (custom)
2019-09-25 11:09:15,319 [pool-557-thread-1] INFO  server.RaftServerConfigKeys (ConfUtils.java:logGet(43)) - raft.server.log.force.sync.num = 128 (default)
2019-09-25 11:09:15,319 [pool-557-thread-1] INFO  server.RaftServerConfigKeys (ConfUtils.java:logGet(43)) - raft.server.log.statemachine.data.sync = true (default)
2019-09-25 11:09:15,319 [pool-557-thread-1] INFO  server.RaftServerConfigKeys (ConfUtils.java:logGet(43)) - raft.server.log.statemachine.data.sync.timeout = 10s (default)
2019-09-25 11:09:15,320 [pool-557-thread-1] INFO  server.RaftServerConfigKeys (ConfUtils.java:logGet(43)) - raft.server.log.statemachine.data.sync.timeout.retry = -1 (default)
2019-09-25 11:09:15,320 [pool-557-thread-1] INFO  server.RaftServerConfigKeys (ConfUtils.java:logGet(43)) - raft.server.log.statemachine.data.caching.enabled = true (custom)
2019-09-25 11:09:15,320 [pool-557-thread-1] INFO  segmented.SegmentedRaftLogWorker (SegmentedRaftLogWorker.java:lambda$new$0(132)) - dc1340b3-b3e2-49ee-a070-51ac5340e4da@group-111ABAD4A3D7-SegmentedRaftLogWorker: flushIndex: setUnconditionally 0 -> -1
2019-09-25 11:09:15,320 [pool-557-thread-1] INFO  server.RaftServerConfigKeys (ConfUtils.java:logGet(43)) - raft.server.snapshot.auto.trigger.enabled = true (custom)
2019-09-25 11:09:15,320 [pool-557-thread-1] INFO  server.RaftServerConfigKeys (ConfUtils.java:logGet(43)) - raft.server.snapshot.auto.trigger.threshold = 10000 (custom)
2019-09-25 11:09:15,320 [pool-557-thread-1] INFO  server.RaftServerConfigKeys (ConfUtils.java:logGet(43)) - raft.server.snapshot.retention.num.files = 5 (custom)
2019-09-25 11:09:15,320 [pool-557-thread-1] INFO  server.RaftServerConfigKeys (ConfUtils.java:logGet(43)) - raft.server.retrycache.expirytime = 600000ms (custom)
2019-09-25 11:09:15,321 [pool-557-thread-1] INFO  impl.RaftServerImpl (RaftServerImpl.java:start(185)) - dc1340b3-b3e2-49ee-a070-51ac5340e4da@group-111ABAD4A3D7: start as a follower, conf=-1: [dc1340b3-b3e2-49ee-a070-51ac5340e4da:192.168.30.6:35849], old=null
2019-09-25 11:09:15,322 [pool-557-thread-1] INFO  impl.RaftServerImpl (RaftServerImpl.java:setRole(174)) - dc1340b3-b3e2-49ee-a070-51ac5340e4da@group-111ABAD4A3D7: changes role from      null to FOLLOWER at term 0 for startAsFollower
2019-09-25 11:09:15,322 [pool-557-thread-1] INFO  impl.RoleInfo (RoleInfo.java:updateAndGet(143)) - dc1340b3-b3e2-49ee-a070-51ac5340e4da: start FollowerState
2019-09-25 11:09:15,322 [pool-557-thread-1] INFO  util.JmxRegister (JmxRegister.java:tryRegister(44)) - Successfully registered JMX Bean with object name Ratis:service=RaftServer,group=group-111ABAD4A3D7,id=dc1340b3-b3e2-49ee-a070-51ac5340e4da
2019-09-25 11:09:15,323 [RatisPipelineUtilsThread] INFO  pipeline.PipelineStateManager (PipelineStateManager.java:addPipeline(56)) - Created pipeline Pipeline[ Id: 26e3c3bf-49d2-4b41-a732-111abad4a3d7, Nodes: dc1340b3-b3e2-49ee-a070-51ac5340e4da{ip: 192.168.30.6, host: pr-hdds-1569-5gmkr-4255264070, networkLocation: /default-rack, certSerialId: null}, Type:RATIS, Factor:ONE, State:OPEN]
2019-09-25 11:09:15,323 [RatisPipelineUtilsThread] INFO  pipeline.PipelinePlacementPolicy (PipelinePlacementPolicy.java:meetCriteria(91)) - Pipeline Placement: can't place more pipeline on heavy datanode： 4cceff1e-2c3f-451c-8b62-7d06bcf43963 Heaviness: 6 limit: 5
2019-09-25 11:09:15,323 [RatisPipelineUtilsThread] INFO  pipeline.PipelinePlacementPolicy (PipelinePlacementPolicy.java:meetCriteria(91)) - Pipeline Placement: can't place more pipeline on heavy datanode： 0ce03005-f534-496c-a0eb-c417dd14ba94 Heaviness: 6 limit: 5
2019-09-25 11:09:15,324 [RatisPipelineUtilsThread] INFO  pipeline.PipelinePlacementPolicy (PipelinePlacementPolicy.java:meetCriteria(91)) - Pipeline Placement: can't place more pipeline on heavy datanode： 1dbf52be-8f16-49fd-bad6-8089f3318926 Heaviness: 6 limit: 5
2019-09-25 11:09:15,324 [RatisPipelineUtilsThread] INFO  pipeline.PipelinePlacementPolicy (PipelinePlacementPolicy.java:meetCriteria(91)) - Pipeline Placement: can't place more pipeline on heavy datanode： 97301ee4-d551-4dc8-86de-1a37740aeeca Heaviness: 6 limit: 5
2019-09-25 11:09:15,324 [RatisPipelineUtilsThread] INFO  pipeline.PipelinePlacementPolicy (PipelinePlacementPolicy.java:meetCriteria(91)) - Pipeline Placement: can't place more pipeline on heavy datanode： a8823747-7b39-4599-aab8-abab9e384ab8 Heaviness: 6 limit: 5
2019-09-25 11:09:15,324 [RatisPipelineUtilsThread] INFO  pipeline.PipelinePlacementPolicy (PipelinePlacementPolicy.java:meetCriteria(91)) - Pipeline Placement: can't place more pipeline on heavy datanode： 0b8a7ff0-298a-4c7b-84aa-a28921900e21 Heaviness: 6 limit: 5
2019-09-25 11:09:15,326 [grpc-default-executor-1] INFO  impl.RaftServerProxy (RaftServerProxy.java:addNew(89)) - dc1340b3-b3e2-49ee-a070-51ac5340e4da: addNew group-CF08E65A56C3:[dc1340b3-b3e2-49ee-a070-51ac5340e4da:192.168.30.6:35849] returns group-CF08E65A56C3:java.util.concurrent.CompletableFuture@337b49f9[Not completed]
2019-09-25 11:09:15,332 [pool-557-thread-1] INFO  impl.RaftServerImpl (RaftServerImpl.java:<init>(95)) - dc1340b3-b3e2-49ee-a070-51ac5340e4da: new RaftServerImpl for group-CF08E65A56C3:[dc1340b3-b3e2-49ee-a070-51ac5340e4da:192.168.30.6:35849] with ContainerStateMachine:uninitialized
2019-09-25 11:09:15,332 [pool-557-thread-1] INFO  server.RaftServerConfigKeys (ConfUtils.java:logGet(43)) - raft.server.rpc.timeout.min = 5s (custom)
2019-09-25 11:09:15,332 [pool-557-thread-1] INFO  server.RaftServerConfigKeys (ConfUtils.java:logGet(43)) - raft.server.rpc.timeout.max = 5200ms (custom)
2019-09-25 11:09:15,332 [pool-557-thread-1] INFO  server.RaftServerConfigKeys (ConfUtils.java:logGet(43)) - raft.server.rpcslowness.timeout = 120s (custom)
2019-09-25 11:09:15,332 [pool-557-thread-1] INFO  server.RaftServerConfigKeys (ConfUtils.java:logGet(43)) - raft.server.sleep.deviation.threshold = 300 (default)
2019-09-25 11:09:15,332 [pool-557-thread-1] INFO  server.RaftServerConfigKeys (ConfUtils.java:logGet(43)) - raft.server.log.appender.install.snapshot.enabled = false (custom)
2019-09-25 11:09:15,332 [pool-557-thread-1] INFO  impl.RaftServerImpl (ServerState.java:<init>(103)) - dc1340b3-b3e2-49ee-a070-51ac5340e4da@group-CF08E65A56C3: ConfigurationManager, init=-1: [dc1340b3-b3e2-49ee-a070-51ac5340e4da:192.168.30.6:35849], old=null, confs=<EMPTY_MAP>
2019-09-25 11:09:15,332 [pool-557-thread-1] INFO  server.RaftServerConfigKeys (ConfUtils.java:logGet(43)) - raft.server.storage.dir = [/workdir/hadoop-ozone/integration-test/target/test-dir/MiniOzoneClusterImpl-4b1c6350-cd3e-4172-b7a0-e9c66394f836/datanode-6/data/ratis] (custom)
2019-09-25 11:09:15,332 [pool-557-thread-1] INFO  storage.RaftStorageDirectory (RaftStorageDirectory.java:analyzeStorage(246)) - The storage directory /workdir/hadoop-ozone/integration-test/target/test-dir/MiniOzoneClusterImpl-4b1c6350-cd3e-4172-b7a0-e9c66394f836/datanode-6/data/ratis/1388e2a5-9a92-4f77-84fc-cf08e65a56c3 does not exist. Creating ...
2019-09-25 11:09:15,344 [pool-557-thread-1] INFO  storage.RaftStorageDirectory (RaftStorageDirectory.java:tryLock(328)) - Lock on /workdir/hadoop-ozone/integration-test/target/test-dir/MiniOzoneClusterImpl-4b1c6350-cd3e-4172-b7a0-e9c66394f836/datanode-6/data/ratis/1388e2a5-9a92-4f77-84fc-cf08e65a56c3/in_use.lock acquired by nodename 21763@pr-hdds-1569-5gmkr-4255264070
2019-09-25 11:09:15,357 [pool-557-thread-1] INFO  storage.RaftStorage (RaftStorage.java:format(72)) - Storage directory /workdir/hadoop-ozone/integration-test/target/test-dir/MiniOzoneClusterImpl-4b1c6350-cd3e-4172-b7a0-e9c66394f836/datanode-6/data/ratis/1388e2a5-9a92-4f77-84fc-cf08e65a56c3 has been successfully formatted.
2019-09-25 11:09:15,357 [pool-557-thread-1] INFO  ratis.ContainerStateMachine (ContainerStateMachine.java:loadSnapshot(230)) - group-CF08E65A56C3: The snapshot info is null. Setting the last applied indexto:(t:0, i:~)
2019-09-25 11:09:15,357 [pool-557-thread-1] INFO  server.RaftServerConfigKeys (ConfUtils.java:logGet(43)) - raft.server.notification.no-leader.timeout = 120s (custom)
2019-09-25 11:09:15,357 [pool-557-thread-1] INFO  server.RaftServerConfigKeys (ConfUtils.java:logGet(43)) - raft.server.log.use.memory = false (default)
2019-09-25 11:09:15,357 [pool-557-thread-1] INFO  server.RaftServerConfigKeys (ConfUtils.java:logGet(43)) - raft.server.log.purge.gap = 1000000 (custom)
2019-09-25 11:09:15,357 [pool-557-thread-1] INFO  server.RaftServerConfigKeys (ConfUtils.java:logGet(43)) - raft.server.log.appender.buffer.byte-limit = 33554432 (custom)
2019-09-25 11:09:15,357 [pool-557-thread-1] INFO  server.RaftServerConfigKeys (ConfUtils.java:logGet(43)) - raft.server.log.segment.size.max = 1048576 (custom)
2019-09-25 11:09:15,357 [pool-557-thread-1] INFO  server.RaftServerConfigKeys (ConfUtils.java:logGet(43)) - raft.server.log.segment.cache.num.max = 2 (custom)
2019-09-25 11:09:15,358 [pool-557-thread-1] INFO  segmented.SegmentedRaftLogWorker (SegmentedRaftLogWorker.java:<init>(172)) - new dc1340b3-b3e2-49ee-a070-51ac5340e4da@group-CF08E65A56C3-SegmentedRaftLogWorker for RaftStorage:Storage Directory /workdir/hadoop-ozone/integration-test/target/test-dir/MiniOzoneClusterImpl-4b1c6350-cd3e-4172-b7a0-e9c66394f836/datanode-6/data/ratis/1388e2a5-9a92-4f77-84fc-cf08e65a56c3
2019-09-25 11:09:15,358 [pool-557-thread-1] INFO  server.RaftServerConfigKeys (ConfUtils.java:logGet(43)) - raft.server.log.queue.byte-limit = 2147483647 (custom)
2019-09-25 11:09:15,358 [pool-557-thread-1] INFO  server.RaftServerConfigKeys (ConfUtils.java:logGet(43)) - raft.server.log.queue.element-limit = 1024 (custom)
2019-09-25 11:09:15,358 [pool-557-thread-1] INFO  server.RaftServerConfigKeys (ConfUtils.java:logGet(43)) - raft.server.log.segment.size.max = 1048576 (custom)
2019-09-25 11:09:15,358 [pool-557-thread-1] INFO  server.RaftServerConfigKeys (ConfUtils.java:logGet(43)) - raft.server.log.preallocated.size = 16384 (custom)
2019-09-25 11:09:15,358 [pool-557-thread-1] INFO  server.RaftServerConfigKeys (ConfUtils.java:logGet(43)) - raft.server.log.write.buffer.size = 33554432 (custom)
2019-09-25 11:09:15,358 [pool-557-thread-1] INFO  server.RaftServerConfigKeys (ConfUtils.java:logGet(43)) - raft.server.log.force.sync.num = 128 (default)
2019-09-25 11:09:15,358 [pool-557-thread-1] INFO  server.RaftServerConfigKeys (ConfUtils.java:logGet(43)) - raft.server.log.statemachine.data.sync = true (default)
2019-09-25 11:09:15,358 [pool-557-thread-1] INFO  server.RaftServerConfigKeys (ConfUtils.java:logGet(43)) - raft.server.log.statemachine.data.sync.timeout = 10s (default)
2019-09-25 11:09:15,358 [pool-557-thread-1] INFO  server.RaftServerConfigKeys (ConfUtils.java:logGet(43)) - raft.server.log.statemachine.data.sync.timeout.retry = -1 (default)
2019-09-25 11:09:15,359 [pool-557-thread-1] INFO  server.RaftServerConfigKeys (ConfUtils.java:logGet(43)) - raft.server.log.statemachine.data.caching.enabled = true (custom)
2019-09-25 11:09:15,359 [pool-557-thread-1] INFO  segmented.SegmentedRaftLogWorker (SegmentedRaftLogWorker.java:lambda$new$0(132)) - dc1340b3-b3e2-49ee-a070-51ac5340e4da@group-CF08E65A56C3-SegmentedRaftLogWorker: flushIndex: setUnconditionally 0 -> -1
2019-09-25 11:09:15,359 [pool-557-thread-1] INFO  server.RaftServerConfigKeys (ConfUtils.java:logGet(43)) - raft.server.snapshot.auto.trigger.enabled = true (custom)
2019-09-25 11:09:15,359 [pool-557-thread-1] INFO  server.RaftServerConfigKeys (ConfUtils.java:logGet(43)) - raft.server.snapshot.auto.trigger.threshold = 10000 (custom)
2019-09-25 11:09:15,359 [pool-557-thread-1] INFO  server.RaftServerConfigKeys (ConfUtils.java:logGet(43)) - raft.server.snapshot.retention.num.files = 5 (custom)
2019-09-25 11:09:15,359 [pool-557-thread-1] INFO  server.RaftServerConfigKeys (ConfUtils.java:logGet(43)) - raft.server.retrycache.expirytime = 600000ms (custom)
2019-09-25 11:09:15,360 [pool-557-thread-1] INFO  impl.RaftServerImpl (RaftServerImpl.java:start(185)) - dc1340b3-b3e2-49ee-a070-51ac5340e4da@group-CF08E65A56C3: start as a follower, conf=-1: [dc1340b3-b3e2-49ee-a070-51ac5340e4da:192.168.30.6:35849], old=null
2019-09-25 11:09:15,361 [pool-557-thread-1] INFO  impl.RaftServerImpl (RaftServerImpl.java:setRole(174)) - dc1340b3-b3e2-49ee-a070-51ac5340e4da@group-CF08E65A56C3: changes role from      null to FOLLOWER at term 0 for startAsFollower
2019-09-25 11:09:15,361 [pool-557-thread-1] INFO  impl.RoleInfo (RoleInfo.java:updateAndGet(143)) - dc1340b3-b3e2-49ee-a070-51ac5340e4da: start FollowerState
2019-09-25 11:09:15,361 [pool-557-thread-1] INFO  util.JmxRegister (JmxRegister.java:tryRegister(44)) - Successfully registered JMX Bean with object name Ratis:service=RaftServer,group=group-CF08E65A56C3,id=dc1340b3-b3e2-49ee-a070-51ac5340e4da
2019-09-25 11:09:15,363 [RatisPipelineUtilsThread] INFO  pipeline.PipelineStateManager (PipelineStateManager.java:addPipeline(56)) - Created pipeline Pipeline[ Id: 1388e2a5-9a92-4f77-84fc-cf08e65a56c3, Nodes: dc1340b3-b3e2-49ee-a070-51ac5340e4da{ip: 192.168.30.6, host: pr-hdds-1569-5gmkr-4255264070, networkLocation: /default-rack, certSerialId: null}, Type:RATIS, Factor:ONE, State:OPEN]
2019-09-25 11:09:15,363 [RatisPipelineUtilsThread] INFO  pipeline.PipelinePlacementPolicy (PipelinePlacementPolicy.java:meetCriteria(91)) - Pipeline Placement: can't place more pipeline on heavy datanode： 4cceff1e-2c3f-451c-8b62-7d06bcf43963 Heaviness: 6 limit: 5
2019-09-25 11:09:15,363 [RatisPipelineUtilsThread] INFO  pipeline.PipelinePlacementPolicy (PipelinePlacementPolicy.java:meetCriteria(91)) - Pipeline Placement: can't place more pipeline on heavy datanode： 0ce03005-f534-496c-a0eb-c417dd14ba94 Heaviness: 6 limit: 5
2019-09-25 11:09:15,363 [RatisPipelineUtilsThread] INFO  pipeline.PipelinePlacementPolicy (PipelinePlacementPolicy.java:meetCriteria(91)) - Pipeline Placement: can't place more pipeline on heavy datanode： 1dbf52be-8f16-49fd-bad6-8089f3318926 Heaviness: 6 limit: 5
2019-09-25 11:09:15,363 [RatisPipelineUtilsThread] INFO  pipeline.PipelinePlacementPolicy (PipelinePlacementPolicy.java:meetCriteria(91)) - Pipeline Placement: can't place more pipeline on heavy datanode： 97301ee4-d551-4dc8-86de-1a37740aeeca Heaviness: 6 limit: 5
2019-09-25 11:09:15,364 [RatisPipelineUtilsThread] INFO  pipeline.PipelinePlacementPolicy (PipelinePlacementPolicy.java:meetCriteria(91)) - Pipeline Placement: can't place more pipeline on heavy datanode： a8823747-7b39-4599-aab8-abab9e384ab8 Heaviness: 6 limit: 5
2019-09-25 11:09:15,364 [RatisPipelineUtilsThread] INFO  pipeline.PipelinePlacementPolicy (PipelinePlacementPolicy.java:meetCriteria(91)) - Pipeline Placement: can't place more pipeline on heavy datanode： 0b8a7ff0-298a-4c7b-84aa-a28921900e21 Heaviness: 6 limit: 5
2019-09-25 11:09:15,364 [RatisPipelineUtilsThread] INFO  pipeline.PipelinePlacementPolicy (PipelinePlacementPolicy.java:meetCriteria(91)) - Pipeline Placement: can't place more pipeline on heavy datanode： dc1340b3-b3e2-49ee-a070-51ac5340e4da Heaviness: 6 limit: 5
2019-09-25 11:09:15,364 [RatisPipelineUtilsThread] ERROR pipeline.PipelinePlacementPolicy (PipelinePlacementPolicy.java:filterViableNodes(148)) - Unable to find enough nodes that meet the criteria that cannot engage in more than 5 pipelines. Nodes required: 1 Found: 0, healthy nodes count inNodeManager: 7.
2019-09-25 11:09:15,364 [RatisPipelineUtilsThread] ERROR pipeline.SCMPipelineManager (SCMPipelineManager.java:createPipeline(167)) - Pipeline creation failed.
org.apache.hadoop.hdds.scm.exceptions.SCMException: Unable to find enough nodes that meet the criteria that cannot engage in more than 5 pipelines. Nodes required: 1 Found: 0, healthy nodes count inNodeManager: 7.
	at org.apache.hadoop.hdds.scm.pipeline.PipelinePlacementPolicy.filterViableNodes(PipelinePlacementPolicy.java:149)
	at org.apache.hadoop.hdds.scm.pipeline.PipelinePlacementPolicy.chooseDatanodes(PipelinePlacementPolicy.java:172)
	at org.apache.hadoop.hdds.scm.pipeline.RatisPipelineProvider.create(RatisPipelineProvider.java:93)
	at org.apache.hadoop.hdds.scm.pipeline.PipelineFactory.create(PipelineFactory.java:58)
	at org.apache.hadoop.hdds.scm.pipeline.SCMPipelineManager.createPipeline(SCMPipelineManager.java:155)
	at org.apache.hadoop.hdds.scm.pipeline.BackgroundPipelineCreator.createPipelines(BackgroundPipelineCreator.java:99)
	at java.util.concurrent.Executors$RunnableAdapter.call(Executors.java:511)
	at java.util.concurrent.FutureTask.run(FutureTask.java:266)
	at java.util.concurrent.ScheduledThreadPoolExecutor$ScheduledFutureTask.access$201(ScheduledThreadPoolExecutor.java:180)
	at java.util.concurrent.ScheduledThreadPoolExecutor$ScheduledFutureTask.run(ScheduledThreadPoolExecutor.java:293)
	at java.util.concurrent.ThreadPoolExecutor.runWorker(ThreadPoolExecutor.java:1149)
	at java.util.concurrent.ThreadPoolExecutor$Worker.run(ThreadPoolExecutor.java:624)
	at java.lang.Thread.run(Thread.java:748)
2019-09-25 11:09:15,365 [RatisPipelineUtilsThread] INFO  pipeline.PipelinePlacementPolicy (PipelinePlacementPolicy.java:meetCriteria(91)) - Pipeline Placement: can't place more pipeline on heavy datanode： 4cceff1e-2c3f-451c-8b62-7d06bcf43963 Heaviness: 6 limit: 5
2019-09-25 11:09:15,365 [RatisPipelineUtilsThread] INFO  pipeline.PipelinePlacementPolicy (PipelinePlacementPolicy.java:meetCriteria(91)) - Pipeline Placement: can't place more pipeline on heavy datanode： 0ce03005-f534-496c-a0eb-c417dd14ba94 Heaviness: 6 limit: 5
2019-09-25 11:09:15,365 [RatisPipelineUtilsThread] INFO  pipeline.PipelinePlacementPolicy (PipelinePlacementPolicy.java:meetCriteria(91)) - Pipeline Placement: can't place more pipeline on heavy datanode： 1dbf52be-8f16-49fd-bad6-8089f3318926 Heaviness: 6 limit: 5
2019-09-25 11:09:15,365 [RatisPipelineUtilsThread] INFO  pipeline.PipelinePlacementPolicy (PipelinePlacementPolicy.java:meetCriteria(91)) - Pipeline Placement: can't place more pipeline on heavy datanode： 97301ee4-d551-4dc8-86de-1a37740aeeca Heaviness: 6 limit: 5
2019-09-25 11:09:15,365 [RatisPipelineUtilsThread] INFO  pipeline.PipelinePlacementPolicy (PipelinePlacementPolicy.java:meetCriteria(91)) - Pipeline Placement: can't place more pipeline on heavy datanode： a8823747-7b39-4599-aab8-abab9e384ab8 Heaviness: 6 limit: 5
2019-09-25 11:09:15,366 [RatisPipelineUtilsThread] INFO  pipeline.PipelinePlacementPolicy (PipelinePlacementPolicy.java:meetCriteria(91)) - Pipeline Placement: can't place more pipeline on heavy datanode： 0b8a7ff0-298a-4c7b-84aa-a28921900e21 Heaviness: 6 limit: 5
2019-09-25 11:09:15,366 [RatisPipelineUtilsThread] INFO  pipeline.PipelinePlacementPolicy (PipelinePlacementPolicy.java:meetCriteria(91)) - Pipeline Placement: can't place more pipeline on heavy datanode： dc1340b3-b3e2-49ee-a070-51ac5340e4da Heaviness: 6 limit: 5
2019-09-25 11:09:15,366 [RatisPipelineUtilsThread] ERROR pipeline.PipelinePlacementPolicy (PipelinePlacementPolicy.java:filterViableNodes(148)) - Unable to find enough nodes that meet the criteria that cannot engage in more than 5 pipelines. Nodes required: 3 Found: 0, healthy nodes count inNodeManager: 7.
2019-09-25 11:09:15,366 [RatisPipelineUtilsThread] ERROR pipeline.SCMPipelineManager (SCMPipelineManager.java:createPipeline(167)) - Pipeline creation failed.
org.apache.hadoop.hdds.scm.exceptions.SCMException: Unable to find enough nodes that meet the criteria that cannot engage in more than 5 pipelines. Nodes required: 3 Found: 0, healthy nodes count inNodeManager: 7.
	at org.apache.hadoop.hdds.scm.pipeline.PipelinePlacementPolicy.filterViableNodes(PipelinePlacementPolicy.java:149)
	at org.apache.hadoop.hdds.scm.pipeline.PipelinePlacementPolicy.chooseDatanodes(PipelinePlacementPolicy.java:172)
	at org.apache.hadoop.hdds.scm.pipeline.RatisPipelineProvider.create(RatisPipelineProvider.java:93)
	at org.apache.hadoop.hdds.scm.pipeline.PipelineFactory.create(PipelineFactory.java:58)
	at org.apache.hadoop.hdds.scm.pipeline.SCMPipelineManager.createPipeline(SCMPipelineManager.java:155)
	at org.apache.hadoop.hdds.scm.pipeline.BackgroundPipelineCreator.createPipelines(BackgroundPipelineCreator.java:99)
	at java.util.concurrent.Executors$RunnableAdapter.call(Executors.java:511)
	at java.util.concurrent.FutureTask.run(FutureTask.java:266)
	at java.util.concurrent.ScheduledThreadPoolExecutor$ScheduledFutureTask.access$201(ScheduledThreadPoolExecutor.java:180)
	at java.util.concurrent.ScheduledThreadPoolExecutor$ScheduledFutureTask.run(ScheduledThreadPoolExecutor.java:293)
	at java.util.concurrent.ThreadPoolExecutor.runWorker(ThreadPoolExecutor.java:1149)
	at java.util.concurrent.ThreadPoolExecutor$Worker.run(ThreadPoolExecutor.java:624)
	at java.lang.Thread.run(Thread.java:748)
2019-09-25 11:09:15,366 [RatisPipelineUtilsThread] INFO  pipeline.PipelinePlacementPolicy (PipelinePlacementPolicy.java:meetCriteria(91)) - Pipeline Placement: can't place more pipeline on heavy datanode： 4cceff1e-2c3f-451c-8b62-7d06bcf43963 Heaviness: 6 limit: 5
2019-09-25 11:09:15,367 [RatisPipelineUtilsThread] INFO  pipeline.PipelinePlacementPolicy (PipelinePlacementPolicy.java:meetCriteria(91)) - Pipeline Placement: can't place more pipeline on heavy datanode： 0ce03005-f534-496c-a0eb-c417dd14ba94 Heaviness: 6 limit: 5
2019-09-25 11:09:15,367 [RatisPipelineUtilsThread] INFO  pipeline.PipelinePlacementPolicy (PipelinePlacementPolicy.java:meetCriteria(91)) - Pipeline Placement: can't place more pipeline on heavy datanode： 1dbf52be-8f16-49fd-bad6-8089f3318926 Heaviness: 6 limit: 5
2019-09-25 11:09:15,367 [RatisPipelineUtilsThread] INFO  pipeline.PipelinePlacementPolicy (PipelinePlacementPolicy.java:meetCriteria(91)) - Pipeline Placement: can't place more pipeline on heavy datanode： 97301ee4-d551-4dc8-86de-1a37740aeeca Heaviness: 6 limit: 5
2019-09-25 11:09:15,367 [RatisPipelineUtilsThread] INFO  pipeline.PipelinePlacementPolicy (PipelinePlacementPolicy.java:meetCriteria(91)) - Pipeline Placement: can't place more pipeline on heavy datanode： a8823747-7b39-4599-aab8-abab9e384ab8 Heaviness: 6 limit: 5
2019-09-25 11:09:15,367 [RatisPipelineUtilsThread] INFO  pipeline.PipelinePlacementPolicy (PipelinePlacementPolicy.java:meetCriteria(91)) - Pipeline Placement: can't place more pipeline on heavy datanode： 0b8a7ff0-298a-4c7b-84aa-a28921900e21 Heaviness: 6 limit: 5
2019-09-25 11:09:15,367 [RatisPipelineUtilsThread] INFO  pipeline.PipelinePlacementPolicy (PipelinePlacementPolicy.java:meetCriteria(91)) - Pipeline Placement: can't place more pipeline on heavy datanode： dc1340b3-b3e2-49ee-a070-51ac5340e4da Heaviness: 6 limit: 5
2019-09-25 11:09:15,368 [RatisPipelineUtilsThread] ERROR pipeline.PipelinePlacementPolicy (PipelinePlacementPolicy.java:filterViableNodes(148)) - Unable to find enough nodes that meet the criteria that cannot engage in more than 5 pipelines. Nodes required: 1 Found: 0, healthy nodes count inNodeManager: 7.
2019-09-25 11:09:15,368 [RatisPipelineUtilsThread] ERROR pipeline.SCMPipelineManager (SCMPipelineManager.java:createPipeline(167)) - Pipeline creation failed.
org.apache.hadoop.hdds.scm.exceptions.SCMException: Unable to find enough nodes that meet the criteria that cannot engage in more than 5 pipelines. Nodes required: 1 Found: 0, healthy nodes count inNodeManager: 7.
	at org.apache.hadoop.hdds.scm.pipeline.PipelinePlacementPolicy.filterViableNodes(PipelinePlacementPolicy.java:149)
	at org.apache.hadoop.hdds.scm.pipeline.PipelinePlacementPolicy.chooseDatanodes(PipelinePlacementPolicy.java:172)
	at org.apache.hadoop.hdds.scm.pipeline.RatisPipelineProvider.create(RatisPipelineProvider.java:93)
	at org.apache.hadoop.hdds.scm.pipeline.PipelineFactory.create(PipelineFactory.java:58)
	at org.apache.hadoop.hdds.scm.pipeline.SCMPipelineManager.createPipeline(SCMPipelineManager.java:155)
	at org.apache.hadoop.hdds.scm.pipeline.BackgroundPipelineCreator.createPipelines(BackgroundPipelineCreator.java:99)
	at org.apache.hadoop.hdds.scm.pipeline.BackgroundPipelineCreator.lambda$startFixedIntervalPipelineCreator$0(BackgroundPipelineCreator.java:70)
	at java.util.concurrent.Executors$RunnableAdapter.call(Executors.java:511)
	at java.util.concurrent.FutureTask.runAndReset(FutureTask.java:308)
	at java.util.concurrent.ScheduledThreadPoolExecutor$ScheduledFutureTask.access$301(ScheduledThreadPoolExecutor.java:180)
	at java.util.concurrent.ScheduledThreadPoolExecutor$ScheduledFutureTask.run(ScheduledThreadPoolExecutor.java:294)
	at java.util.concurrent.ThreadPoolExecutor.runWorker(ThreadPoolExecutor.java:1149)
	at java.util.concurrent.ThreadPoolExecutor$Worker.run(ThreadPoolExecutor.java:624)
	at java.lang.Thread.run(Thread.java:748)
2019-09-25 11:09:15,368 [RatisPipelineUtilsThread] INFO  pipeline.PipelinePlacementPolicy (PipelinePlacementPolicy.java:meetCriteria(91)) - Pipeline Placement: can't place more pipeline on heavy datanode： 4cceff1e-2c3f-451c-8b62-7d06bcf43963 Heaviness: 6 limit: 5
2019-09-25 11:09:15,368 [RatisPipelineUtilsThread] INFO  pipeline.PipelinePlacementPolicy (PipelinePlacementPolicy.java:meetCriteria(91)) - Pipeline Placement: can't place more pipeline on heavy datanode： 0ce03005-f534-496c-a0eb-c417dd14ba94 Heaviness: 6 limit: 5
2019-09-25 11:09:15,368 [RatisPipelineUtilsThread] INFO  pipeline.PipelinePlacementPolicy (PipelinePlacementPolicy.java:meetCriteria(91)) - Pipeline Placement: can't place more pipeline on heavy datanode： 1dbf52be-8f16-49fd-bad6-8089f3318926 Heaviness: 6 limit: 5
2019-09-25 11:09:15,369 [RatisPipelineUtilsThread] INFO  pipeline.PipelinePlacementPolicy (PipelinePlacementPolicy.java:meetCriteria(91)) - Pipeline Placement: can't place more pipeline on heavy datanode： 97301ee4-d551-4dc8-86de-1a37740aeeca Heaviness: 6 limit: 5
2019-09-25 11:09:15,369 [RatisPipelineUtilsThread] INFO  pipeline.PipelinePlacementPolicy (PipelinePlacementPolicy.java:meetCriteria(91)) - Pipeline Placement: can't place more pipeline on heavy datanode： a8823747-7b39-4599-aab8-abab9e384ab8 Heaviness: 6 limit: 5
2019-09-25 11:09:15,369 [RatisPipelineUtilsThread] INFO  pipeline.PipelinePlacementPolicy (PipelinePlacementPolicy.java:meetCriteria(91)) - Pipeline Placement: can't place more pipeline on heavy datanode： 0b8a7ff0-298a-4c7b-84aa-a28921900e21 Heaviness: 6 limit: 5
2019-09-25 11:09:15,369 [RatisPipelineUtilsThread] INFO  pipeline.PipelinePlacementPolicy (PipelinePlacementPolicy.java:meetCriteria(91)) - Pipeline Placement: can't place more pipeline on heavy datanode： dc1340b3-b3e2-49ee-a070-51ac5340e4da Heaviness: 6 limit: 5
2019-09-25 11:09:15,369 [RatisPipelineUtilsThread] ERROR pipeline.PipelinePlacementPolicy (PipelinePlacementPolicy.java:filterViableNodes(148)) - Unable to find enough nodes that meet the criteria that cannot engage in more than 5 pipelines. Nodes required: 3 Found: 0, healthy nodes count inNodeManager: 7.
2019-09-25 11:09:15,369 [RatisPipelineUtilsThread] ERROR pipeline.SCMPipelineManager (SCMPipelineManager.java:createPipeline(167)) - Pipeline creation failed.
org.apache.hadoop.hdds.scm.exceptions.SCMException: Unable to find enough nodes that meet the criteria that cannot engage in more than 5 pipelines. Nodes required: 3 Found: 0, healthy nodes count inNodeManager: 7.
	at org.apache.hadoop.hdds.scm.pipeline.PipelinePlacementPolicy.filterViableNodes(PipelinePlacementPolicy.java:149)
	at org.apache.hadoop.hdds.scm.pipeline.PipelinePlacementPolicy.chooseDatanodes(PipelinePlacementPolicy.java:172)
	at org.apache.hadoop.hdds.scm.pipeline.RatisPipelineProvider.create(RatisPipelineProvider.java:93)
	at org.apache.hadoop.hdds.scm.pipeline.PipelineFactory.create(PipelineFactory.java:58)
	at org.apache.hadoop.hdds.scm.pipeline.SCMPipelineManager.createPipeline(SCMPipelineManager.java:155)
	at org.apache.hadoop.hdds.scm.pipeline.BackgroundPipelineCreator.createPipelines(BackgroundPipelineCreator.java:99)
	at org.apache.hadoop.hdds.scm.pipeline.BackgroundPipelineCreator.lambda$startFixedIntervalPipelineCreator$0(BackgroundPipelineCreator.java:70)
	at java.util.concurrent.Executors$RunnableAdapter.call(Executors.java:511)
	at java.util.concurrent.FutureTask.runAndReset(FutureTask.java:308)
	at java.util.concurrent.ScheduledThreadPoolExecutor$ScheduledFutureTask.access$301(ScheduledThreadPoolExecutor.java:180)
	at java.util.concurrent.ScheduledThreadPoolExecutor$ScheduledFutureTask.run(ScheduledThreadPoolExecutor.java:294)
	at java.util.concurrent.ThreadPoolExecutor.runWorker(ThreadPoolExecutor.java:1149)
	at java.util.concurrent.ThreadPoolExecutor$Worker.run(ThreadPoolExecutor.java:624)
	at java.lang.Thread.run(Thread.java:748)
2019-09-25 11:09:15,370 [IPC Server handler 13 on 35520] INFO  pipeline.PipelinePlacementPolicy (PipelinePlacementPolicy.java:meetCriteria(91)) - Pipeline Placement: can't place more pipeline on heavy datanode： 4cceff1e-2c3f-451c-8b62-7d06bcf43963 Heaviness: 6 limit: 5
2019-09-25 11:09:15,370 [IPC Server handler 13 on 35520] INFO  pipeline.PipelinePlacementPolicy (PipelinePlacementPolicy.java:meetCriteria(91)) - Pipeline Placement: can't place more pipeline on heavy datanode： 0ce03005-f534-496c-a0eb-c417dd14ba94 Heaviness: 6 limit: 5
2019-09-25 11:09:15,370 [IPC Server handler 13 on 35520] INFO  pipeline.PipelinePlacementPolicy (PipelinePlacementPolicy.java:meetCriteria(91)) - Pipeline Placement: can't place more pipeline on heavy datanode： 1dbf52be-8f16-49fd-bad6-8089f3318926 Heaviness: 6 limit: 5
2019-09-25 11:09:15,370 [IPC Server handler 13 on 35520] INFO  pipeline.PipelinePlacementPolicy (PipelinePlacementPolicy.java:meetCriteria(91)) - Pipeline Placement: can't place more pipeline on heavy datanode： 97301ee4-d551-4dc8-86de-1a37740aeeca Heaviness: 6 limit: 5
2019-09-25 11:09:15,370 [IPC Server handler 13 on 35520] INFO  pipeline.PipelinePlacementPolicy (PipelinePlacementPolicy.java:meetCriteria(91)) - Pipeline Placement: can't place more pipeline on heavy datanode： a8823747-7b39-4599-aab8-abab9e384ab8 Heaviness: 6 limit: 5
2019-09-25 11:09:15,371 [IPC Server handler 13 on 35520] INFO  pipeline.PipelinePlacementPolicy (PipelinePlacementPolicy.java:meetCriteria(91)) - Pipeline Placement: can't place more pipeline on heavy datanode： 0b8a7ff0-298a-4c7b-84aa-a28921900e21 Heaviness: 6 limit: 5
2019-09-25 11:09:15,371 [IPC Server handler 13 on 35520] INFO  pipeline.PipelinePlacementPolicy (PipelinePlacementPolicy.java:meetCriteria(91)) - Pipeline Placement: can't place more pipeline on heavy datanode： dc1340b3-b3e2-49ee-a070-51ac5340e4da Heaviness: 6 limit: 5
2019-09-25 11:09:15,371 [IPC Server handler 13 on 35520] ERROR pipeline.PipelinePlacementPolicy (PipelinePlacementPolicy.java:filterViableNodes(148)) - Unable to find enough nodes that meet the criteria that cannot engage in more than 5 pipelines. Nodes required: 3 Found: 0, healthy nodes count inNodeManager: 7.
2019-09-25 11:09:15,371 [IPC Server handler 13 on 35520] ERROR pipeline.SCMPipelineManager (SCMPipelineManager.java:createPipeline(167)) - Pipeline creation failed.
org.apache.hadoop.hdds.scm.exceptions.SCMException: Unable to find enough nodes that meet the criteria that cannot engage in more than 5 pipelines. Nodes required: 3 Found: 0, healthy nodes count inNodeManager: 7.
	at org.apache.hadoop.hdds.scm.pipeline.PipelinePlacementPolicy.filterViableNodes(PipelinePlacementPolicy.java:149)
	at org.apache.hadoop.hdds.scm.pipeline.PipelinePlacementPolicy.chooseDatanodes(PipelinePlacementPolicy.java:172)
	at org.apache.hadoop.hdds.scm.pipeline.RatisPipelineProvider.create(RatisPipelineProvider.java:93)
	at org.apache.hadoop.hdds.scm.pipeline.PipelineFactory.create(PipelineFactory.java:58)
	at org.apache.hadoop.hdds.scm.pipeline.SCMPipelineManager.createPipeline(SCMPipelineManager.java:155)
	at org.apache.hadoop.hdds.scm.block.BlockManagerImpl.allocateBlock(BlockManagerImpl.java:190)
	at org.apache.hadoop.hdds.scm.server.SCMBlockProtocolServer.allocateBlock(SCMBlockProtocolServer.java:182)
	at org.apache.hadoop.ozone.protocolPB.ScmBlockLocationProtocolServerSideTranslatorPB.allocateScmBlock(ScmBlockLocationProtocolServerSideTranslatorPB.java:183)
	at org.apache.hadoop.ozone.protocolPB.ScmBlockLocationProtocolServerSideTranslatorPB.processMessage(ScmBlockLocationProtocolServerSideTranslatorPB.java:141)
	at org.apache.hadoop.ozone.protocolPB.ScmBlockLocationProtocolServerSideTranslatorPB.send(ScmBlockLocationProtocolServerSideTranslatorPB.java:116)
	at org.apache.hadoop.hdds.protocol.proto.ScmBlockLocationProtocolProtos$ScmBlockLocationProtocolService$2.callBlockingMethod(ScmBlockLocationProtocolProtos.java:13157)
	at org.apache.hadoop.ipc.ProtobufRpcEngine$Server$ProtoBufRpcInvoker.call(ProtobufRpcEngine.java:524)
	at org.apache.hadoop.ipc.RPC$Server.call(RPC.java:1025)
	at org.apache.hadoop.ipc.Server$RpcCall.run(Server.java:876)
	at org.apache.hadoop.ipc.Server$RpcCall.run(Server.java:822)
	at java.security.AccessController.doPrivileged(Native Method)
	at javax.security.auth.Subject.doAs(Subject.java:422)
	at org.apache.hadoop.security.UserGroupInformation.doAs(UserGroupInformation.java:1730)
	at org.apache.hadoop.ipc.Server$Handler.run(Server.java:2682)
2019-09-25 11:09:15,371 [IPC Server handler 13 on 35520] WARN  block.BlockManagerImpl (BlockManagerImpl.java:allocateBlock(192)) - Pipeline creation failed for type:RATIS factor:THREE. Retrying get pipelines call once.
org.apache.hadoop.hdds.scm.exceptions.SCMException: Unable to find enough nodes that meet the criteria that cannot engage in more than 5 pipelines. Nodes required: 3 Found: 0, healthy nodes count inNodeManager: 7.
	at org.apache.hadoop.hdds.scm.pipeline.PipelinePlacementPolicy.filterViableNodes(PipelinePlacementPolicy.java:149)
	at org.apache.hadoop.hdds.scm.pipeline.PipelinePlacementPolicy.chooseDatanodes(PipelinePlacementPolicy.java:172)
	at org.apache.hadoop.hdds.scm.pipeline.RatisPipelineProvider.create(RatisPipelineProvider.java:93)
	at org.apache.hadoop.hdds.scm.pipeline.PipelineFactory.create(PipelineFactory.java:58)
	at org.apache.hadoop.hdds.scm.pipeline.SCMPipelineManager.createPipeline(SCMPipelineManager.java:155)
	at org.apache.hadoop.hdds.scm.block.BlockManagerImpl.allocateBlock(BlockManagerImpl.java:190)
	at org.apache.hadoop.hdds.scm.server.SCMBlockProtocolServer.allocateBlock(SCMBlockProtocolServer.java:182)
	at org.apache.hadoop.ozone.protocolPB.ScmBlockLocationProtocolServerSideTranslatorPB.allocateScmBlock(ScmBlockLocationProtocolServerSideTranslatorPB.java:183)
	at org.apache.hadoop.ozone.protocolPB.ScmBlockLocationProtocolServerSideTranslatorPB.processMessage(ScmBlockLocationProtocolServerSideTranslatorPB.java:141)
	at org.apache.hadoop.ozone.protocolPB.ScmBlockLocationProtocolServerSideTranslatorPB.send(ScmBlockLocationProtocolServerSideTranslatorPB.java:116)
	at org.apache.hadoop.hdds.protocol.proto.ScmBlockLocationProtocolProtos$ScmBlockLocationProtocolService$2.callBlockingMethod(ScmBlockLocationProtocolProtos.java:13157)
	at org.apache.hadoop.ipc.ProtobufRpcEngine$Server$ProtoBufRpcInvoker.call(ProtobufRpcEngine.java:524)
	at org.apache.hadoop.ipc.RPC$Server.call(RPC.java:1025)
	at org.apache.hadoop.ipc.Server$RpcCall.run(Server.java:876)
	at org.apache.hadoop.ipc.Server$RpcCall.run(Server.java:822)
	at java.security.AccessController.doPrivileged(Native Method)
	at javax.security.auth.Subject.doAs(Subject.java:422)
	at org.apache.hadoop.security.UserGroupInformation.doAs(UserGroupInformation.java:1730)
	at org.apache.hadoop.ipc.Server$Handler.run(Server.java:2682)
2019-09-25 11:09:15,371 [IPC Server handler 13 on 35520] INFO  block.BlockManagerImpl (BlockManagerImpl.java:allocateBlock(198)) - Could not find available pipeline of type:RATIS and factor:THREE even after retrying
2019-09-25 11:09:15,371 [IPC Server handler 13 on 35520] ERROR block.BlockManagerImpl (BlockManagerImpl.java:allocateBlock(222)) - Unable to allocate a block for the size: 800, type: RATIS, factor: THREE
2019-09-25 11:09:15,372 [main] INFO  ozone.MiniOzoneClusterImpl (MiniOzoneClusterImpl.java:shutdown(314)) - Shutting down the Mini Ozone Cluster
2019-09-25 11:09:15,373 [main] INFO  ozone.MiniOzoneClusterImpl (MiniOzoneClusterImpl.java:stop(330)) - Stopping the Mini Ozone Cluster
2019-09-25 11:09:15,373 [main] INFO  ozone.MiniOzoneClusterImpl (MiniOzoneClusterImpl.java:stopOM(400)) - Stopping the OzoneManager
2019-09-25 11:09:15,373 [main] INFO  ipc.Server (Server.java:stop(3082)) - Stopping server on 34025
2019-09-25 11:09:15,391 [IPC Server listener on 34025] INFO  ipc.Server (Server.java:run(1185)) - Stopping IPC Server listener on 34025
2019-09-25 11:09:15,401 [main] INFO  ratis.OzoneManagerDoubleBuffer (OzoneManagerDoubleBuffer.java:stop(248)) - Stopping OMDoubleBuffer flush thread
2019-09-25 11:09:15,413 [IPC Server Responder] INFO  ipc.Server (Server.java:run(1319)) - Stopping IPC Server Responder
2019-09-25 11:09:15,413 [OMDoubleBufferFlushThread] INFO  ratis.OzoneManagerDoubleBuffer (OzoneManagerDoubleBuffer.java:flushTransactions(191)) - OMDoubleBuffer flush thread OMDoubleBufferFlushThread is interrupted and will exit. OMDoubleBufferFlushThread
2019-09-25 11:09:15,426 [main] INFO  utils.BackgroundService (BackgroundService.java:shutdown(148)) - Shutting down service KeyDeletingService
2019-09-25 11:09:15,449 [main] INFO  handler.ContextHandler (ContextHandler.java:doStop(910)) - Stopped o.e.j.w.WebAppContext@1883871b{/,null,UNAVAILABLE}{/ozoneManager}
2019-09-25 11:09:15,450 [main] INFO  server.AbstractConnector (AbstractConnector.java:doStop(318)) - Stopped ServerConnector@3e0a9b1d{HTTP/1.1,[http/1.1]}{0.0.0.0:0}
2019-09-25 11:09:15,450 [main] INFO  handler.ContextHandler (ContextHandler.java:doStop(910)) - Stopped o.e.j.s.ServletContextHandler@19d53ab4{/static,file:///workdir/hadoop-ozone/integration-test/target/test-classes/webapps/static,UNAVAILABLE}
2019-09-25 11:09:15,450 [main] INFO  handler.ContextHandler (ContextHandler.java:doStop(910)) - Stopped o.e.j.s.ServletContextHandler@677cb96e{/logs,file:///workdir/hadoop-ozone/integration-test/target/log,UNAVAILABLE}
2019-09-25 11:09:15,452 [main] INFO  ozone.MiniOzoneClusterImpl (MiniOzoneClusterImpl.java:stopDatanodes(377)) - Stopping the HddsDatanodes
2019-09-25 11:09:15,910 [Datanode State Machine Thread - 0] INFO  statemachine.DatanodeStateMachine (DatanodeStateMachine.java:lambda$startDaemon$0(350)) - Ozone container server started.
2019-09-25 11:09:16,165 [Datanode State Machine Thread - 0] INFO  statemachine.DatanodeStateMachine (DatanodeStateMachine.java:lambda$startDaemon$0(350)) - Ozone container server started.
2019-09-25 11:09:16,848 [Thread-3077] INFO  container.ReplicationManager (ReplicationManager.java:start(163)) - Starting Replication Monitor Thread.
2019-09-25 11:09:16,852 [ReplicationMonitor] INFO  container.ReplicationManager (ReplicationManager.java:run(226)) - Replication Monitor Thread took 0 milliseconds for processing 0 containers.
2019-09-25 11:09:18,936 [EventQueue-StaleNodeForStaleNodeHandler] INFO  node.StaleNodeHandler (StaleNodeHandler.java:onMessage(58)) - Datanode 4cceff1e-2c3f-451c-8b62-7d06bcf43963{ip: 192.168.30.6, host: pr-hdds-1569-5gmkr-4255264070, networkLocation: /default-rack, certSerialId: null} moved to stale state. Finalizing its pipelines [PipelineID=26b805ad-662e-420a-a7e9-fed2755eaf26, PipelineID=b9484a46-b222-41c8-9004-0cfec04e9393, PipelineID=c8b5e663-4870-41e1-bb34-b0412ea30467, PipelineID=879196d2-7300-41f7-a971-87f372f55945, PipelineID=91b3be1c-e511-44aa-9915-7d46f97c7073, PipelineID=102df050-6cc6-4fd2-937d-e749d3c8a619]
2019-09-25 11:09:18,937 [EventQueue-StaleNodeForStaleNodeHandler] INFO  pipeline.SCMPipelineManager (SCMPipelineManager.java:finalizeAndDestroyPipeline(316)) - destroying pipeline:Pipeline[ Id: 26b805ad-662e-420a-a7e9-fed2755eaf26, Nodes: 4cceff1e-2c3f-451c-8b62-7d06bcf43963{ip: 192.168.30.6, host: pr-hdds-1569-5gmkr-4255264070, networkLocation: /default-rack, certSerialId: null}, Type:RATIS, Factor:ONE, State:OPEN]
2019-09-25 11:09:18,937 [EventQueue-StaleNodeForStaleNodeHandler] INFO  pipeline.PipelineStateManager (PipelineStateManager.java:finalizePipeline(123)) - Pipeline Pipeline[ Id: 26b805ad-662e-420a-a7e9-fed2755eaf26, Nodes: 4cceff1e-2c3f-451c-8b62-7d06bcf43963{ip: 192.168.30.6, host: pr-hdds-1569-5gmkr-4255264070, networkLocation: /default-rack, certSerialId: null}, Type:RATIS, Factor:ONE, State:CLOSED] moved to CLOSED state
2019-09-25 11:09:18,938 [EventQueue-StaleNodeForStaleNodeHandler] INFO  pipeline.SCMPipelineManager (SCMPipelineManager.java:finalizeAndDestroyPipeline(316)) - destroying pipeline:Pipeline[ Id: b9484a46-b222-41c8-9004-0cfec04e9393, Nodes: 4cceff1e-2c3f-451c-8b62-7d06bcf43963{ip: 192.168.30.6, host: pr-hdds-1569-5gmkr-4255264070, networkLocation: /default-rack, certSerialId: null}, Type:RATIS, Factor:ONE, State:OPEN]
2019-09-25 11:09:18,938 [EventQueue-StaleNodeForStaleNodeHandler] INFO  pipeline.PipelineStateManager (PipelineStateManager.java:finalizePipeline(123)) - Pipeline Pipeline[ Id: b9484a46-b222-41c8-9004-0cfec04e9393, Nodes: 4cceff1e-2c3f-451c-8b62-7d06bcf43963{ip: 192.168.30.6, host: pr-hdds-1569-5gmkr-4255264070, networkLocation: /default-rack, certSerialId: null}, Type:RATIS, Factor:ONE, State:CLOSED] moved to CLOSED state
2019-09-25 11:09:18,938 [EventQueue-StaleNodeForStaleNodeHandler] INFO  pipeline.SCMPipelineManager (SCMPipelineManager.java:finalizeAndDestroyPipeline(316)) - destroying pipeline:Pipeline[ Id: c8b5e663-4870-41e1-bb34-b0412ea30467, Nodes: 4cceff1e-2c3f-451c-8b62-7d06bcf43963{ip: 192.168.30.6, host: pr-hdds-1569-5gmkr-4255264070, networkLocation: /default-rack, certSerialId: null}, Type:RATIS, Factor:ONE, State:OPEN]
2019-09-25 11:09:18,938 [EventQueue-StaleNodeForStaleNodeHandler] INFO  pipeline.PipelineStateManager (PipelineStateManager.java:finalizePipeline(123)) - Pipeline Pipeline[ Id: c8b5e663-4870-41e1-bb34-b0412ea30467, Nodes: 4cceff1e-2c3f-451c-8b62-7d06bcf43963{ip: 192.168.30.6, host: pr-hdds-1569-5gmkr-4255264070, networkLocation: /default-rack, certSerialId: null}, Type:RATIS, Factor:ONE, State:CLOSED] moved to CLOSED state
2019-09-25 11:09:18,938 [EventQueue-StaleNodeForStaleNodeHandler] INFO  pipeline.SCMPipelineManager (SCMPipelineManager.java:finalizeAndDestroyPipeline(316)) - destroying pipeline:Pipeline[ Id: 879196d2-7300-41f7-a971-87f372f55945, Nodes: 4cceff1e-2c3f-451c-8b62-7d06bcf43963{ip: 192.168.30.6, host: pr-hdds-1569-5gmkr-4255264070, networkLocation: /default-rack, certSerialId: null}, Type:RATIS, Factor:ONE, State:OPEN]
2019-09-25 11:09:18,939 [EventQueue-StaleNodeForStaleNodeHandler] INFO  pipeline.PipelineStateManager (PipelineStateManager.java:finalizePipeline(123)) - Pipeline Pipeline[ Id: 879196d2-7300-41f7-a971-87f372f55945, Nodes: 4cceff1e-2c3f-451c-8b62-7d06bcf43963{ip: 192.168.30.6, host: pr-hdds-1569-5gmkr-4255264070, networkLocation: /default-rack, certSerialId: null}, Type:RATIS, Factor:ONE, State:CLOSED] moved to CLOSED state
2019-09-25 11:09:18,939 [EventQueue-StaleNodeForStaleNodeHandler] INFO  pipeline.SCMPipelineManager (SCMPipelineManager.java:finalizeAndDestroyPipeline(316)) - destroying pipeline:Pipeline[ Id: 91b3be1c-e511-44aa-9915-7d46f97c7073, Nodes: 4cceff1e-2c3f-451c-8b62-7d06bcf43963{ip: 192.168.30.6, host: pr-hdds-1569-5gmkr-4255264070, networkLocation: /default-rack, certSerialId: null}, Type:RATIS, Factor:ONE, State:OPEN]
2019-09-25 11:09:18,939 [EventQueue-StaleNodeForStaleNodeHandler] INFO  pipeline.PipelineStateManager (PipelineStateManager.java:finalizePipeline(123)) - Pipeline Pipeline[ Id: 91b3be1c-e511-44aa-9915-7d46f97c7073, Nodes: 4cceff1e-2c3f-451c-8b62-7d06bcf43963{ip: 192.168.30.6, host: pr-hdds-1569-5gmkr-4255264070, networkLocation: /default-rack, certSerialId: null}, Type:RATIS, Factor:ONE, State:CLOSED] moved to CLOSED state
2019-09-25 11:09:18,939 [EventQueue-StaleNodeForStaleNodeHandler] INFO  pipeline.SCMPipelineManager (SCMPipelineManager.java:finalizeAndDestroyPipeline(316)) - destroying pipeline:Pipeline[ Id: 102df050-6cc6-4fd2-937d-e749d3c8a619, Nodes: 4cceff1e-2c3f-451c-8b62-7d06bcf43963{ip: 192.168.30.6, host: pr-hdds-1569-5gmkr-4255264070, networkLocation: /default-rack, certSerialId: null}, Type:RATIS, Factor:ONE, State:OPEN]
2019-09-25 11:09:18,939 [EventQueue-StaleNodeForStaleNodeHandler] INFO  pipeline.PipelineStateManager (PipelineStateManager.java:finalizePipeline(123)) - Pipeline Pipeline[ Id: 102df050-6cc6-4fd2-937d-e749d3c8a619, Nodes: 4cceff1e-2c3f-451c-8b62-7d06bcf43963{ip: 192.168.30.6, host: pr-hdds-1569-5gmkr-4255264070, networkLocation: /default-rack, certSerialId: null}, Type:RATIS, Factor:ONE, State:CLOSED] moved to CLOSED state
2019-09-25 11:09:18,961 [Thread-3079] INFO  impl.FollowerState (FollowerState.java:run(106)) - a8823747-7b39-4599-aab8-abab9e384ab8:group-247F5F112CE6 changes to CANDIDATE, lastRpcTime:5056, electionTimeout:5056ms
2019-09-25 11:09:18,970 [Thread-3079] INFO  impl.RoleInfo (RoleInfo.java:shutdownFollowerState(121)) - a8823747-7b39-4599-aab8-abab9e384ab8: shutdown FollowerState
2019-09-25 11:09:18,971 [Thread-3079] INFO  impl.RaftServerImpl (RaftServerImpl.java:setRole(174)) - a8823747-7b39-4599-aab8-abab9e384ab8@group-247F5F112CE6: changes role from  FOLLOWER to CANDIDATE at term 0 for changeToCandidate
2019-09-25 11:09:18,971 [Thread-3079] INFO  impl.RoleInfo (RoleInfo.java:updateAndGet(143)) - a8823747-7b39-4599-aab8-abab9e384ab8: start LeaderElection
2019-09-25 11:09:18,988 [a8823747-7b39-4599-aab8-abab9e384ab8@group-247F5F112CE6:LeaderElection219] INFO  impl.LeaderElection (LeaderElection.java:askForVotes(182)) - a8823747-7b39-4599-aab8-abab9e384ab8@group-247F5F112CE6:LeaderElection219: begin an election at term 1 for -1: [a8823747-7b39-4599-aab8-abab9e384ab8:192.168.30.6:44788], old=null
2019-09-25 11:09:18,988 [a8823747-7b39-4599-aab8-abab9e384ab8@group-247F5F112CE6:LeaderElection219] INFO  impl.RoleInfo (RoleInfo.java:shutdownLeaderElection(134)) - a8823747-7b39-4599-aab8-abab9e384ab8: shutdown LeaderElection
2019-09-25 11:09:18,989 [a8823747-7b39-4599-aab8-abab9e384ab8@group-247F5F112CE6:LeaderElection219] INFO  impl.RaftServerImpl (RaftServerImpl.java:setRole(174)) - a8823747-7b39-4599-aab8-abab9e384ab8@group-247F5F112CE6: changes role from CANDIDATE to LEADER at term 1 for changeToLeader
2019-09-25 11:09:18,989 [a8823747-7b39-4599-aab8-abab9e384ab8@group-247F5F112CE6:LeaderElection219] INFO  impl.RaftServerImpl (ServerState.java:setLeader(253)) - a8823747-7b39-4599-aab8-abab9e384ab8@group-247F5F112CE6: change Leader from null to a8823747-7b39-4599-aab8-abab9e384ab8 at term 1 for becomeLeader, leader elected after 5088ms
2019-09-25 11:09:18,989 [a8823747-7b39-4599-aab8-abab9e384ab8@group-247F5F112CE6:LeaderElection219] INFO  server.RaftServerConfigKeys (ConfUtils.java:logGet(43)) - raft.server.staging.catchup.gap = 1000 (default)
2019-09-25 11:09:18,989 [a8823747-7b39-4599-aab8-abab9e384ab8@group-247F5F112CE6:LeaderElection219] INFO  server.RaftServerConfigKeys (ConfUtils.java:logGet(43)) - raft.server.rpc.sleep.time = 25ms (default)
2019-09-25 11:09:18,989 [a8823747-7b39-4599-aab8-abab9e384ab8@group-247F5F112CE6:LeaderElection219] INFO  server.RaftServerConfigKeys (ConfUtils.java:logGet(43)) - raft.server.write.element-limit = 4096 (default)
2019-09-25 11:09:18,989 [a8823747-7b39-4599-aab8-abab9e384ab8@group-247F5F112CE6:LeaderElection219] INFO  server.RaftServerConfigKeys (ConfUtils.java:logGet(43)) - raft.server.watch.timeout = 10s (default)
2019-09-25 11:09:18,990 [a8823747-7b39-4599-aab8-abab9e384ab8@group-247F5F112CE6:LeaderElection219] INFO  server.RaftServerConfigKeys (ConfUtils.java:logGet(43)) - raft.server.watch.timeout.denomination = 1s (default)
2019-09-25 11:09:18,990 [a8823747-7b39-4599-aab8-abab9e384ab8@group-247F5F112CE6:LeaderElection219] INFO  server.RaftServerConfigKeys (ConfUtils.java:logGet(43)) - raft.server.watch.element-limit = 65536 (default)
2019-09-25 11:09:18,992 [a8823747-7b39-4599-aab8-abab9e384ab8@group-247F5F112CE6:LeaderElection219] INFO  impl.RoleInfo (RoleInfo.java:updateAndGet(143)) - a8823747-7b39-4599-aab8-abab9e384ab8: start LeaderState
2019-09-25 11:09:18,992 [a8823747-7b39-4599-aab8-abab9e384ab8@group-247F5F112CE6:LeaderElection219] INFO  segmented.SegmentedRaftLogWorker (SegmentedRaftLogWorker.java:startLogSegment(380)) - a8823747-7b39-4599-aab8-abab9e384ab8@group-247F5F112CE6-SegmentedRaftLogWorker: Starting segment from index:0
2019-09-25 11:09:18,993 [a8823747-7b39-4599-aab8-abab9e384ab8@group-247F5F112CE6:LeaderElection219] INFO  impl.RaftServerImpl (ServerState.java:setRaftConf(354)) - a8823747-7b39-4599-aab8-abab9e384ab8@group-247F5F112CE6: set configuration 0: [a8823747-7b39-4599-aab8-abab9e384ab8:192.168.30.6:44788], old=null at 0
2019-09-25 11:09:19,035 [a8823747-7b39-4599-aab8-abab9e384ab8@group-247F5F112CE6-SegmentedRaftLogWorker] INFO  segmented.SegmentedRaftLogWorker (SegmentedRaftLogWorker.java:execute(569)) - a8823747-7b39-4599-aab8-abab9e384ab8@group-247F5F112CE6-SegmentedRaftLogWorker: created new log segment /workdir/hadoop-ozone/integration-test/target/test-dir/MiniOzoneClusterImpl-4b1c6350-cd3e-4172-b7a0-e9c66394f836/datanode-0/data/ratis/750311c4-c6dc-472f-925f-247f5f112ce6/current/log_inprogress_0
2019-09-25 11:09:19,043 [Thread-3082] INFO  impl.FollowerState (FollowerState.java:run(106)) - a8823747-7b39-4599-aab8-abab9e384ab8:group-3A3DF5B77245 changes to CANDIDATE, lastRpcTime:5100, electionTimeout:5100ms
2019-09-25 11:09:19,043 [Thread-3082] INFO  impl.RoleInfo (RoleInfo.java:shutdownFollowerState(121)) - a8823747-7b39-4599-aab8-abab9e384ab8: shutdown FollowerState
2019-09-25 11:09:19,043 [Thread-3082] INFO  impl.RaftServerImpl (RaftServerImpl.java:setRole(174)) - a8823747-7b39-4599-aab8-abab9e384ab8@group-3A3DF5B77245: changes role from  FOLLOWER to CANDIDATE at term 0 for changeToCandidate
2019-09-25 11:09:19,043 [Thread-3082] INFO  impl.RoleInfo (RoleInfo.java:updateAndGet(143)) - a8823747-7b39-4599-aab8-abab9e384ab8: start LeaderElection
2019-09-25 11:09:19,061 [a8823747-7b39-4599-aab8-abab9e384ab8@group-3A3DF5B77245:LeaderElection220] INFO  impl.LeaderElection (LeaderElection.java:askForVotes(182)) - a8823747-7b39-4599-aab8-abab9e384ab8@group-3A3DF5B77245:LeaderElection220: begin an election at term 1 for -1: [a8823747-7b39-4599-aab8-abab9e384ab8:192.168.30.6:44788], old=null
2019-09-25 11:09:19,061 [a8823747-7b39-4599-aab8-abab9e384ab8@group-3A3DF5B77245:LeaderElection220] INFO  impl.RoleInfo (RoleInfo.java:shutdownLeaderElection(134)) - a8823747-7b39-4599-aab8-abab9e384ab8: shutdown LeaderElection
2019-09-25 11:09:19,061 [a8823747-7b39-4599-aab8-abab9e384ab8@group-3A3DF5B77245:LeaderElection220] INFO  impl.RaftServerImpl (RaftServerImpl.java:setRole(174)) - a8823747-7b39-4599-aab8-abab9e384ab8@group-3A3DF5B77245: changes role from CANDIDATE to LEADER at term 1 for changeToLeader
2019-09-25 11:09:19,061 [a8823747-7b39-4599-aab8-abab9e384ab8@group-3A3DF5B77245:LeaderElection220] INFO  impl.RaftServerImpl (ServerState.java:setLeader(253)) - a8823747-7b39-4599-aab8-abab9e384ab8@group-3A3DF5B77245: change Leader from null to a8823747-7b39-4599-aab8-abab9e384ab8 at term 1 for becomeLeader, leader elected after 5122ms
2019-09-25 11:09:19,062 [a8823747-7b39-4599-aab8-abab9e384ab8@group-3A3DF5B77245:LeaderElection220] INFO  server.RaftServerConfigKeys (ConfUtils.java:logGet(43)) - raft.server.staging.catchup.gap = 1000 (default)
2019-09-25 11:09:19,062 [a8823747-7b39-4599-aab8-abab9e384ab8@group-3A3DF5B77245:LeaderElection220] INFO  server.RaftServerConfigKeys (ConfUtils.java:logGet(43)) - raft.server.rpc.sleep.time = 25ms (default)
2019-09-25 11:09:19,062 [a8823747-7b39-4599-aab8-abab9e384ab8@group-3A3DF5B77245:LeaderElection220] INFO  server.RaftServerConfigKeys (ConfUtils.java:logGet(43)) - raft.server.write.element-limit = 4096 (default)
2019-09-25 11:09:19,062 [a8823747-7b39-4599-aab8-abab9e384ab8@group-3A3DF5B77245:LeaderElection220] INFO  server.RaftServerConfigKeys (ConfUtils.java:logGet(43)) - raft.server.watch.timeout = 10s (default)
2019-09-25 11:09:19,062 [a8823747-7b39-4599-aab8-abab9e384ab8@group-3A3DF5B77245:LeaderElection220] INFO  server.RaftServerConfigKeys (ConfUtils.java:logGet(43)) - raft.server.watch.timeout.denomination = 1s (default)
2019-09-25 11:09:19,062 [a8823747-7b39-4599-aab8-abab9e384ab8@group-3A3DF5B77245:LeaderElection220] INFO  server.RaftServerConfigKeys (ConfUtils.java:logGet(43)) - raft.server.watch.element-limit = 65536 (default)
2019-09-25 11:09:19,063 [a8823747-7b39-4599-aab8-abab9e384ab8@group-3A3DF5B77245:LeaderElection220] INFO  impl.RoleInfo (RoleInfo.java:updateAndGet(143)) - a8823747-7b39-4599-aab8-abab9e384ab8: start LeaderState
2019-09-25 11:09:19,063 [a8823747-7b39-4599-aab8-abab9e384ab8@group-3A3DF5B77245:LeaderElection220] INFO  segmented.SegmentedRaftLogWorker (SegmentedRaftLogWorker.java:startLogSegment(380)) - a8823747-7b39-4599-aab8-abab9e384ab8@group-3A3DF5B77245-SegmentedRaftLogWorker: Starting segment from index:0
2019-09-25 11:09:19,064 [a8823747-7b39-4599-aab8-abab9e384ab8@group-3A3DF5B77245:LeaderElection220] INFO  impl.RaftServerImpl (ServerState.java:setRaftConf(354)) - a8823747-7b39-4599-aab8-abab9e384ab8@group-3A3DF5B77245: set configuration 0: [a8823747-7b39-4599-aab8-abab9e384ab8:192.168.30.6:44788], old=null at 0
2019-09-25 11:09:19,071 [Thread-3085] INFO  impl.FollowerState (FollowerState.java:run(106)) - 4cceff1e-2c3f-451c-8b62-7d06bcf43963:group-0CFEC04E9393 changes to CANDIDATE, lastRpcTime:5068, electionTimeout:5068ms
2019-09-25 11:09:19,071 [Thread-3085] INFO  impl.RoleInfo (RoleInfo.java:shutdownFollowerState(121)) - 4cceff1e-2c3f-451c-8b62-7d06bcf43963: shutdown FollowerState
2019-09-25 11:09:19,071 [Thread-3085] INFO  impl.RaftServerImpl (RaftServerImpl.java:setRole(174)) - 4cceff1e-2c3f-451c-8b62-7d06bcf43963@group-0CFEC04E9393: changes role from  FOLLOWER to CANDIDATE at term 0 for changeToCandidate
2019-09-25 11:09:19,072 [Thread-3085] INFO  impl.RoleInfo (RoleInfo.java:updateAndGet(143)) - 4cceff1e-2c3f-451c-8b62-7d06bcf43963: start LeaderElection
2019-09-25 11:09:19,094 [Thread-3091] INFO  impl.FollowerState (FollowerState.java:run(106)) - a8823747-7b39-4599-aab8-abab9e384ab8:group-72FD6F3BF287 changes to CANDIDATE, lastRpcTime:5042, electionTimeout:5022ms
2019-09-25 11:09:19,094 [Thread-3091] INFO  impl.RoleInfo (RoleInfo.java:shutdownFollowerState(121)) - a8823747-7b39-4599-aab8-abab9e384ab8: shutdown FollowerState
2019-09-25 11:09:19,094 [Thread-3091] INFO  impl.RaftServerImpl (RaftServerImpl.java:setRole(174)) - a8823747-7b39-4599-aab8-abab9e384ab8@group-72FD6F3BF287: changes role from  FOLLOWER to CANDIDATE at term 0 for changeToCandidate
2019-09-25 11:09:19,094 [Thread-3091] INFO  impl.RoleInfo (RoleInfo.java:updateAndGet(143)) - a8823747-7b39-4599-aab8-abab9e384ab8: start LeaderElection
2019-09-25 11:09:19,115 [a8823747-7b39-4599-aab8-abab9e384ab8@group-3A3DF5B77245-SegmentedRaftLogWorker] INFO  segmented.SegmentedRaftLogWorker (SegmentedRaftLogWorker.java:execute(569)) - a8823747-7b39-4599-aab8-abab9e384ab8@group-3A3DF5B77245-SegmentedRaftLogWorker: created new log segment /workdir/hadoop-ozone/integration-test/target/test-dir/MiniOzoneClusterImpl-4b1c6350-cd3e-4172-b7a0-e9c66394f836/datanode-0/data/ratis/055c6f33-504b-4eac-80d3-3a3df5b77245/current/log_inprogress_0
2019-09-25 11:09:19,115 [4cceff1e-2c3f-451c-8b62-7d06bcf43963@group-0CFEC04E9393:LeaderElection221] INFO  impl.LeaderElection (LeaderElection.java:askForVotes(182)) - 4cceff1e-2c3f-451c-8b62-7d06bcf43963@group-0CFEC04E9393:LeaderElection221: begin an election at term 1 for -1: [4cceff1e-2c3f-451c-8b62-7d06bcf43963:192.168.30.6:43389], old=null
2019-09-25 11:09:19,115 [a8823747-7b39-4599-aab8-abab9e384ab8@group-72FD6F3BF287:LeaderElection222] INFO  impl.LeaderElection (LeaderElection.java:askForVotes(182)) - a8823747-7b39-4599-aab8-abab9e384ab8@group-72FD6F3BF287:LeaderElection222: begin an election at term 1 for -1: [a8823747-7b39-4599-aab8-abab9e384ab8:192.168.30.6:44788], old=null
2019-09-25 11:09:19,115 [4cceff1e-2c3f-451c-8b62-7d06bcf43963@group-0CFEC04E9393:LeaderElection221] INFO  impl.RoleInfo (RoleInfo.java:shutdownLeaderElection(134)) - 4cceff1e-2c3f-451c-8b62-7d06bcf43963: shutdown LeaderElection
2019-09-25 11:09:19,115 [a8823747-7b39-4599-aab8-abab9e384ab8@group-72FD6F3BF287:LeaderElection222] INFO  impl.RoleInfo (RoleInfo.java:shutdownLeaderElection(134)) - a8823747-7b39-4599-aab8-abab9e384ab8: shutdown LeaderElection
2019-09-25 11:09:19,115 [4cceff1e-2c3f-451c-8b62-7d06bcf43963@group-0CFEC04E9393:LeaderElection221] INFO  impl.RaftServerImpl (RaftServerImpl.java:setRole(174)) - 4cceff1e-2c3f-451c-8b62-7d06bcf43963@group-0CFEC04E9393: changes role from CANDIDATE to LEADER at term 1 for changeToLeader
2019-09-25 11:09:19,115 [a8823747-7b39-4599-aab8-abab9e384ab8@group-72FD6F3BF287:LeaderElection222] INFO  impl.RaftServerImpl (RaftServerImpl.java:setRole(174)) - a8823747-7b39-4599-aab8-abab9e384ab8@group-72FD6F3BF287: changes role from CANDIDATE to LEADER at term 1 for changeToLeader
2019-09-25 11:09:19,116 [4cceff1e-2c3f-451c-8b62-7d06bcf43963@group-0CFEC04E9393:LeaderElection221] INFO  impl.RaftServerImpl (ServerState.java:setLeader(253)) - 4cceff1e-2c3f-451c-8b62-7d06bcf43963@group-0CFEC04E9393: change Leader from null to 4cceff1e-2c3f-451c-8b62-7d06bcf43963 at term 1 for becomeLeader, leader elected after 5118ms
2019-09-25 11:09:19,116 [a8823747-7b39-4599-aab8-abab9e384ab8@group-72FD6F3BF287:LeaderElection222] INFO  impl.RaftServerImpl (ServerState.java:setLeader(253)) - a8823747-7b39-4599-aab8-abab9e384ab8@group-72FD6F3BF287: change Leader from null to a8823747-7b39-4599-aab8-abab9e384ab8 at term 1 for becomeLeader, leader elected after 5067ms
2019-09-25 11:09:19,116 [4cceff1e-2c3f-451c-8b62-7d06bcf43963@group-0CFEC04E9393:LeaderElection221] INFO  server.RaftServerConfigKeys (ConfUtils.java:logGet(43)) - raft.server.staging.catchup.gap = 1000 (default)
2019-09-25 11:09:19,116 [a8823747-7b39-4599-aab8-abab9e384ab8@group-72FD6F3BF287:LeaderElection222] INFO  server.RaftServerConfigKeys (ConfUtils.java:logGet(43)) - raft.server.staging.catchup.gap = 1000 (default)
2019-09-25 11:09:19,116 [4cceff1e-2c3f-451c-8b62-7d06bcf43963@group-0CFEC04E9393:LeaderElection221] INFO  server.RaftServerConfigKeys (ConfUtils.java:logGet(43)) - raft.server.rpc.sleep.time = 25ms (default)
2019-09-25 11:09:19,116 [a8823747-7b39-4599-aab8-abab9e384ab8@group-72FD6F3BF287:LeaderElection222] INFO  server.RaftServerConfigKeys (ConfUtils.java:logGet(43)) - raft.server.rpc.sleep.time = 25ms (default)
2019-09-25 11:09:19,116 [4cceff1e-2c3f-451c-8b62-7d06bcf43963@group-0CFEC04E9393:LeaderElection221] INFO  server.RaftServerConfigKeys (ConfUtils.java:logGet(43)) - raft.server.write.element-limit = 4096 (default)
2019-09-25 11:09:19,116 [a8823747-7b39-4599-aab8-abab9e384ab8@group-72FD6F3BF287:LeaderElection222] INFO  server.RaftServerConfigKeys (ConfUtils.java:logGet(43)) - raft.server.write.element-limit = 4096 (default)
2019-09-25 11:09:19,116 [4cceff1e-2c3f-451c-8b62-7d06bcf43963@group-0CFEC04E9393:LeaderElection221] INFO  server.RaftServerConfigKeys (ConfUtils.java:logGet(43)) - raft.server.watch.timeout = 10s (default)
2019-09-25 11:09:19,116 [a8823747-7b39-4599-aab8-abab9e384ab8@group-72FD6F3BF287:LeaderElection222] INFO  server.RaftServerConfigKeys (ConfUtils.java:logGet(43)) - raft.server.watch.timeout = 10s (default)
2019-09-25 11:09:19,117 [4cceff1e-2c3f-451c-8b62-7d06bcf43963@group-0CFEC04E9393:LeaderElection221] INFO  server.RaftServerConfigKeys (ConfUtils.java:logGet(43)) - raft.server.watch.timeout.denomination = 1s (default)
2019-09-25 11:09:19,117 [a8823747-7b39-4599-aab8-abab9e384ab8@group-72FD6F3BF287:LeaderElection222] INFO  server.RaftServerConfigKeys (ConfUtils.java:logGet(43)) - raft.server.watch.timeout.denomination = 1s (default)
2019-09-25 11:09:19,117 [4cceff1e-2c3f-451c-8b62-7d06bcf43963@group-0CFEC04E9393:LeaderElection221] INFO  server.RaftServerConfigKeys (ConfUtils.java:logGet(43)) - raft.server.watch.element-limit = 65536 (default)
2019-09-25 11:09:19,117 [a8823747-7b39-4599-aab8-abab9e384ab8@group-72FD6F3BF287:LeaderElection222] INFO  server.RaftServerConfigKeys (ConfUtils.java:logGet(43)) - raft.server.watch.element-limit = 65536 (default)
2019-09-25 11:09:19,119 [4cceff1e-2c3f-451c-8b62-7d06bcf43963@group-0CFEC04E9393:LeaderElection221] INFO  impl.RoleInfo (RoleInfo.java:updateAndGet(143)) - 4cceff1e-2c3f-451c-8b62-7d06bcf43963: start LeaderState
2019-09-25 11:09:19,119 [a8823747-7b39-4599-aab8-abab9e384ab8@group-72FD6F3BF287:LeaderElection222] INFO  impl.RoleInfo (RoleInfo.java:updateAndGet(143)) - a8823747-7b39-4599-aab8-abab9e384ab8: start LeaderState
2019-09-25 11:09:19,119 [4cceff1e-2c3f-451c-8b62-7d06bcf43963@group-0CFEC04E9393:LeaderElection221] INFO  segmented.SegmentedRaftLogWorker (SegmentedRaftLogWorker.java:startLogSegment(380)) - 4cceff1e-2c3f-451c-8b62-7d06bcf43963@group-0CFEC04E9393-SegmentedRaftLogWorker: Starting segment from index:0
2019-09-25 11:09:19,119 [a8823747-7b39-4599-aab8-abab9e384ab8@group-72FD6F3BF287:LeaderElection222] INFO  segmented.SegmentedRaftLogWorker (SegmentedRaftLogWorker.java:startLogSegment(380)) - a8823747-7b39-4599-aab8-abab9e384ab8@group-72FD6F3BF287-SegmentedRaftLogWorker: Starting segment from index:0
2019-09-25 11:09:19,119 [4cceff1e-2c3f-451c-8b62-7d06bcf43963@group-0CFEC04E9393:LeaderElection221] INFO  impl.RaftServerImpl (ServerState.java:setRaftConf(354)) - 4cceff1e-2c3f-451c-8b62-7d06bcf43963@group-0CFEC04E9393: set configuration 0: [4cceff1e-2c3f-451c-8b62-7d06bcf43963:192.168.30.6:43389], old=null at 0
2019-09-25 11:09:19,120 [a8823747-7b39-4599-aab8-abab9e384ab8@group-72FD6F3BF287:LeaderElection222] INFO  impl.RaftServerImpl (ServerState.java:setRaftConf(354)) - a8823747-7b39-4599-aab8-abab9e384ab8@group-72FD6F3BF287: set configuration 0: [a8823747-7b39-4599-aab8-abab9e384ab8:192.168.30.6:44788], old=null at 0
2019-09-25 11:09:19,136 [Thread-3088] INFO  impl.FollowerState (FollowerState.java:run(106)) - a8823747-7b39-4599-aab8-abab9e384ab8:group-C8D5260293F4 changes to CANDIDATE, lastRpcTime:5108, electionTimeout:5108ms
2019-09-25 11:09:19,137 [Thread-3088] INFO  impl.RoleInfo (RoleInfo.java:shutdownFollowerState(121)) - a8823747-7b39-4599-aab8-abab9e384ab8: shutdown FollowerState
2019-09-25 11:09:19,137 [Thread-3088] INFO  impl.RaftServerImpl (RaftServerImpl.java:setRole(174)) - a8823747-7b39-4599-aab8-abab9e384ab8@group-C8D5260293F4: changes role from  FOLLOWER to CANDIDATE at term 0 for changeToCandidate
2019-09-25 11:09:19,137 [Thread-3088] INFO  impl.RoleInfo (RoleInfo.java:updateAndGet(143)) - a8823747-7b39-4599-aab8-abab9e384ab8: start LeaderElection
2019-09-25 11:09:19,161 [4cceff1e-2c3f-451c-8b62-7d06bcf43963@group-0CFEC04E9393-SegmentedRaftLogWorker] INFO  segmented.SegmentedRaftLogWorker (SegmentedRaftLogWorker.java:execute(569)) - 4cceff1e-2c3f-451c-8b62-7d06bcf43963@group-0CFEC04E9393-SegmentedRaftLogWorker: created new log segment /workdir/hadoop-ozone/integration-test/target/test-dir/MiniOzoneClusterImpl-4b1c6350-cd3e-4172-b7a0-e9c66394f836/datanode-1/data/ratis/b9484a46-b222-41c8-9004-0cfec04e9393/current/log_inprogress_0
2019-09-25 11:09:19,161 [a8823747-7b39-4599-aab8-abab9e384ab8@group-C8D5260293F4:LeaderElection223] INFO  impl.LeaderElection (LeaderElection.java:askForVotes(182)) - a8823747-7b39-4599-aab8-abab9e384ab8@group-C8D5260293F4:LeaderElection223: begin an election at term 1 for -1: [a8823747-7b39-4599-aab8-abab9e384ab8:192.168.30.6:44788], old=null
2019-09-25 11:09:19,161 [a8823747-7b39-4599-aab8-abab9e384ab8@group-72FD6F3BF287-SegmentedRaftLogWorker] INFO  segmented.SegmentedRaftLogWorker (SegmentedRaftLogWorker.java:execute(569)) - a8823747-7b39-4599-aab8-abab9e384ab8@group-72FD6F3BF287-SegmentedRaftLogWorker: created new log segment /workdir/hadoop-ozone/integration-test/target/test-dir/MiniOzoneClusterImpl-4b1c6350-cd3e-4172-b7a0-e9c66394f836/datanode-0/data/ratis/8c4b2025-55e7-406f-be1b-72fd6f3bf287/current/log_inprogress_0
2019-09-25 11:09:19,161 [a8823747-7b39-4599-aab8-abab9e384ab8@group-C8D5260293F4:LeaderElection223] INFO  impl.RoleInfo (RoleInfo.java:shutdownLeaderElection(134)) - a8823747-7b39-4599-aab8-abab9e384ab8: shutdown LeaderElection
2019-09-25 11:09:19,162 [a8823747-7b39-4599-aab8-abab9e384ab8@group-C8D5260293F4:LeaderElection223] INFO  impl.RaftServerImpl (RaftServerImpl.java:setRole(174)) - a8823747-7b39-4599-aab8-abab9e384ab8@group-C8D5260293F4: changes role from CANDIDATE to LEADER at term 1 for changeToLeader
2019-09-25 11:09:19,162 [a8823747-7b39-4599-aab8-abab9e384ab8@group-C8D5260293F4:LeaderElection223] INFO  impl.RaftServerImpl (ServerState.java:setLeader(253)) - a8823747-7b39-4599-aab8-abab9e384ab8@group-C8D5260293F4: change Leader from null to a8823747-7b39-4599-aab8-abab9e384ab8 at term 1 for becomeLeader, leader elected after 5136ms
2019-09-25 11:09:19,162 [a8823747-7b39-4599-aab8-abab9e384ab8@group-C8D5260293F4:LeaderElection223] INFO  server.RaftServerConfigKeys (ConfUtils.java:logGet(43)) - raft.server.staging.catchup.gap = 1000 (default)
2019-09-25 11:09:19,162 [a8823747-7b39-4599-aab8-abab9e384ab8@group-C8D5260293F4:LeaderElection223] INFO  server.RaftServerConfigKeys (ConfUtils.java:logGet(43)) - raft.server.rpc.sleep.time = 25ms (default)
2019-09-25 11:09:19,162 [a8823747-7b39-4599-aab8-abab9e384ab8@group-C8D5260293F4:LeaderElection223] INFO  server.RaftServerConfigKeys (ConfUtils.java:logGet(43)) - raft.server.write.element-limit = 4096 (default)
2019-09-25 11:09:19,162 [a8823747-7b39-4599-aab8-abab9e384ab8@group-C8D5260293F4:LeaderElection223] INFO  server.RaftServerConfigKeys (ConfUtils.java:logGet(43)) - raft.server.watch.timeout = 10s (default)
2019-09-25 11:09:19,162 [a8823747-7b39-4599-aab8-abab9e384ab8@group-C8D5260293F4:LeaderElection223] INFO  server.RaftServerConfigKeys (ConfUtils.java:logGet(43)) - raft.server.watch.timeout.denomination = 1s (default)
2019-09-25 11:09:19,163 [a8823747-7b39-4599-aab8-abab9e384ab8@group-C8D5260293F4:LeaderElection223] INFO  server.RaftServerConfigKeys (ConfUtils.java:logGet(43)) - raft.server.watch.element-limit = 65536 (default)
2019-09-25 11:09:19,164 [a8823747-7b39-4599-aab8-abab9e384ab8@group-C8D5260293F4:LeaderElection223] INFO  impl.RoleInfo (RoleInfo.java:updateAndGet(143)) - a8823747-7b39-4599-aab8-abab9e384ab8: start LeaderState
2019-09-25 11:09:19,165 [a8823747-7b39-4599-aab8-abab9e384ab8@group-C8D5260293F4:LeaderElection223] INFO  segmented.SegmentedRaftLogWorker (SegmentedRaftLogWorker.java:startLogSegment(380)) - a8823747-7b39-4599-aab8-abab9e384ab8@group-C8D5260293F4-SegmentedRaftLogWorker: Starting segment from index:0
2019-09-25 11:09:19,165 [a8823747-7b39-4599-aab8-abab9e384ab8@group-C8D5260293F4:LeaderElection223] INFO  impl.RaftServerImpl (ServerState.java:setRaftConf(354)) - a8823747-7b39-4599-aab8-abab9e384ab8@group-C8D5260293F4: set configuration 0: [a8823747-7b39-4599-aab8-abab9e384ab8:192.168.30.6:44788], old=null at 0
2019-09-25 11:09:19,200 [a8823747-7b39-4599-aab8-abab9e384ab8@group-C8D5260293F4-SegmentedRaftLogWorker] INFO  segmented.SegmentedRaftLogWorker (SegmentedRaftLogWorker.java:execute(569)) - a8823747-7b39-4599-aab8-abab9e384ab8@group-C8D5260293F4-SegmentedRaftLogWorker: created new log segment /workdir/hadoop-ozone/integration-test/target/test-dir/MiniOzoneClusterImpl-4b1c6350-cd3e-4172-b7a0-e9c66394f836/datanode-0/data/ratis/af336b29-fac9-4bf2-b88d-c8d5260293f4/current/log_inprogress_0
2019-09-25 11:09:19,210 [Thread-3103] INFO  impl.FollowerState (FollowerState.java:run(106)) - 4cceff1e-2c3f-451c-8b62-7d06bcf43963:group-E749D3C8A619 changes to CANDIDATE, lastRpcTime:5012, electionTimeout:5012ms
2019-09-25 11:09:19,210 [Thread-3103] INFO  impl.RoleInfo (RoleInfo.java:shutdownFollowerState(121)) - 4cceff1e-2c3f-451c-8b62-7d06bcf43963: shutdown FollowerState
2019-09-25 11:09:19,210 [Thread-3103] INFO  impl.RaftServerImpl (RaftServerImpl.java:setRole(174)) - 4cceff1e-2c3f-451c-8b62-7d06bcf43963@group-E749D3C8A619: changes role from  FOLLOWER to CANDIDATE at term 0 for changeToCandidate
2019-09-25 11:09:19,210 [Thread-3103] INFO  impl.RoleInfo (RoleInfo.java:updateAndGet(143)) - 4cceff1e-2c3f-451c-8b62-7d06bcf43963: start LeaderElection
2019-09-25 11:09:19,228 [4cceff1e-2c3f-451c-8b62-7d06bcf43963@group-E749D3C8A619:LeaderElection224] INFO  impl.LeaderElection (LeaderElection.java:askForVotes(182)) - 4cceff1e-2c3f-451c-8b62-7d06bcf43963@group-E749D3C8A619:LeaderElection224: begin an election at term 1 for -1: [4cceff1e-2c3f-451c-8b62-7d06bcf43963:192.168.30.6:43389], old=null
2019-09-25 11:09:19,228 [4cceff1e-2c3f-451c-8b62-7d06bcf43963@group-E749D3C8A619:LeaderElection224] INFO  impl.RoleInfo (RoleInfo.java:shutdownLeaderElection(134)) - 4cceff1e-2c3f-451c-8b62-7d06bcf43963: shutdown LeaderElection
2019-09-25 11:09:19,228 [4cceff1e-2c3f-451c-8b62-7d06bcf43963@group-E749D3C8A619:LeaderElection224] INFO  impl.RaftServerImpl (RaftServerImpl.java:setRole(174)) - 4cceff1e-2c3f-451c-8b62-7d06bcf43963@group-E749D3C8A619: changes role from CANDIDATE to LEADER at term 1 for changeToLeader
2019-09-25 11:09:19,229 [4cceff1e-2c3f-451c-8b62-7d06bcf43963@group-E749D3C8A619:LeaderElection224] INFO  impl.RaftServerImpl (ServerState.java:setLeader(253)) - 4cceff1e-2c3f-451c-8b62-7d06bcf43963@group-E749D3C8A619: change Leader from null to 4cceff1e-2c3f-451c-8b62-7d06bcf43963 at term 1 for becomeLeader, leader elected after 5034ms
2019-09-25 11:09:19,229 [4cceff1e-2c3f-451c-8b62-7d06bcf43963@group-E749D3C8A619:LeaderElection224] INFO  server.RaftServerConfigKeys (ConfUtils.java:logGet(43)) - raft.server.staging.catchup.gap = 1000 (default)
2019-09-25 11:09:19,229 [4cceff1e-2c3f-451c-8b62-7d06bcf43963@group-E749D3C8A619:LeaderElection224] INFO  server.RaftServerConfigKeys (ConfUtils.java:logGet(43)) - raft.server.rpc.sleep.time = 25ms (default)
2019-09-25 11:09:19,229 [4cceff1e-2c3f-451c-8b62-7d06bcf43963@group-E749D3C8A619:LeaderElection224] INFO  server.RaftServerConfigKeys (ConfUtils.java:logGet(43)) - raft.server.write.element-limit = 4096 (default)
2019-09-25 11:09:19,229 [4cceff1e-2c3f-451c-8b62-7d06bcf43963@group-E749D3C8A619:LeaderElection224] INFO  server.RaftServerConfigKeys (ConfUtils.java:logGet(43)) - raft.server.watch.timeout = 10s (default)
2019-09-25 11:09:19,229 [4cceff1e-2c3f-451c-8b62-7d06bcf43963@group-E749D3C8A619:LeaderElection224] INFO  server.RaftServerConfigKeys (ConfUtils.java:logGet(43)) - raft.server.watch.timeout.denomination = 1s (default)
2019-09-25 11:09:19,229 [4cceff1e-2c3f-451c-8b62-7d06bcf43963@group-E749D3C8A619:LeaderElection224] INFO  server.RaftServerConfigKeys (ConfUtils.java:logGet(43)) - raft.server.watch.element-limit = 65536 (default)
2019-09-25 11:09:19,231 [4cceff1e-2c3f-451c-8b62-7d06bcf43963@group-E749D3C8A619:LeaderElection224] INFO  impl.RoleInfo (RoleInfo.java:updateAndGet(143)) - 4cceff1e-2c3f-451c-8b62-7d06bcf43963: start LeaderState
2019-09-25 11:09:19,231 [4cceff1e-2c3f-451c-8b62-7d06bcf43963@group-E749D3C8A619:LeaderElection224] INFO  segmented.SegmentedRaftLogWorker (SegmentedRaftLogWorker.java:startLogSegment(380)) - 4cceff1e-2c3f-451c-8b62-7d06bcf43963@group-E749D3C8A619-SegmentedRaftLogWorker: Starting segment from index:0
2019-09-25 11:09:19,232 [4cceff1e-2c3f-451c-8b62-7d06bcf43963@group-E749D3C8A619:LeaderElection224] INFO  impl.RaftServerImpl (ServerState.java:setRaftConf(354)) - 4cceff1e-2c3f-451c-8b62-7d06bcf43963@group-E749D3C8A619: set configuration 0: [4cceff1e-2c3f-451c-8b62-7d06bcf43963:192.168.30.6:43389], old=null at 0
2019-09-25 11:09:19,237 [EventQueue-StaleNodeForStaleNodeHandler] INFO  node.StaleNodeHandler (StaleNodeHandler.java:onMessage(58)) - Datanode 1dbf52be-8f16-49fd-bad6-8089f3318926{ip: 192.168.30.6, host: pr-hdds-1569-5gmkr-4255264070, networkLocation: /default-rack, certSerialId: null} moved to stale state. Finalizing its pipelines [PipelineID=4159b763-4c10-4b68-9a43-c8f3ac825171, PipelineID=10a46749-6efc-4e79-99c0-bd6d77c94a99, PipelineID=2d9f24ca-0ae9-4a4b-980c-5b5d049f1d1e, PipelineID=352aff90-37a3-4a79-8490-26e163ea4653, PipelineID=1b70d777-b602-4c2f-8413-ee227fcdf11f, PipelineID=f5366e9c-5da9-4f0d-8854-787d51b3983b]
2019-09-25 11:09:19,237 [EventQueue-StaleNodeForStaleNodeHandler] INFO  pipeline.SCMPipelineManager (SCMPipelineManager.java:finalizeAndDestroyPipeline(316)) - destroying pipeline:Pipeline[ Id: 4159b763-4c10-4b68-9a43-c8f3ac825171, Nodes: 1dbf52be-8f16-49fd-bad6-8089f3318926{ip: 192.168.30.6, host: pr-hdds-1569-5gmkr-4255264070, networkLocation: /default-rack, certSerialId: null}, Type:RATIS, Factor:ONE, State:OPEN]
2019-09-25 11:09:19,237 [EventQueue-StaleNodeForStaleNodeHandler] INFO  pipeline.PipelineStateManager (PipelineStateManager.java:finalizePipeline(123)) - Pipeline Pipeline[ Id: 4159b763-4c10-4b68-9a43-c8f3ac825171, Nodes: 1dbf52be-8f16-49fd-bad6-8089f3318926{ip: 192.168.30.6, host: pr-hdds-1569-5gmkr-4255264070, networkLocation: /default-rack, certSerialId: null}, Type:RATIS, Factor:ONE, State:CLOSED] moved to CLOSED state
2019-09-25 11:09:19,237 [EventQueue-StaleNodeForStaleNodeHandler] INFO  pipeline.SCMPipelineManager (SCMPipelineManager.java:finalizeAndDestroyPipeline(316)) - destroying pipeline:Pipeline[ Id: 10a46749-6efc-4e79-99c0-bd6d77c94a99, Nodes: 1dbf52be-8f16-49fd-bad6-8089f3318926{ip: 192.168.30.6, host: pr-hdds-1569-5gmkr-4255264070, networkLocation: /default-rack, certSerialId: null}, Type:RATIS, Factor:ONE, State:OPEN]
2019-09-25 11:09:19,237 [EventQueue-StaleNodeForStaleNodeHandler] INFO  pipeline.PipelineStateManager (PipelineStateManager.java:finalizePipeline(123)) - Pipeline Pipeline[ Id: 10a46749-6efc-4e79-99c0-bd6d77c94a99, Nodes: 1dbf52be-8f16-49fd-bad6-8089f3318926{ip: 192.168.30.6, host: pr-hdds-1569-5gmkr-4255264070, networkLocation: /default-rack, certSerialId: null}, Type:RATIS, Factor:ONE, State:CLOSED] moved to CLOSED state
2019-09-25 11:09:19,238 [EventQueue-StaleNodeForStaleNodeHandler] INFO  pipeline.SCMPipelineManager (SCMPipelineManager.java:finalizeAndDestroyPipeline(316)) - destroying pipeline:Pipeline[ Id: 2d9f24ca-0ae9-4a4b-980c-5b5d049f1d1e, Nodes: 1dbf52be-8f16-49fd-bad6-8089f3318926{ip: 192.168.30.6, host: pr-hdds-1569-5gmkr-4255264070, networkLocation: /default-rack, certSerialId: null}, Type:RATIS, Factor:ONE, State:OPEN]
2019-09-25 11:09:19,238 [EventQueue-StaleNodeForStaleNodeHandler] INFO  pipeline.PipelineStateManager (PipelineStateManager.java:finalizePipeline(123)) - Pipeline Pipeline[ Id: 2d9f24ca-0ae9-4a4b-980c-5b5d049f1d1e, Nodes: 1dbf52be-8f16-49fd-bad6-8089f3318926{ip: 192.168.30.6, host: pr-hdds-1569-5gmkr-4255264070, networkLocation: /default-rack, certSerialId: null}, Type:RATIS, Factor:ONE, State:CLOSED] moved to CLOSED state
2019-09-25 11:09:19,238 [EventQueue-StaleNodeForStaleNodeHandler] INFO  pipeline.SCMPipelineManager (SCMPipelineManager.java:finalizeAndDestroyPipeline(316)) - destroying pipeline:Pipeline[ Id: 352aff90-37a3-4a79-8490-26e163ea4653, Nodes: 1dbf52be-8f16-49fd-bad6-8089f3318926{ip: 192.168.30.6, host: pr-hdds-1569-5gmkr-4255264070, networkLocation: /default-rack, certSerialId: null}, Type:RATIS, Factor:ONE, State:OPEN]
2019-09-25 11:09:19,238 [EventQueue-StaleNodeForStaleNodeHandler] INFO  pipeline.PipelineStateManager (PipelineStateManager.java:finalizePipeline(123)) - Pipeline Pipeline[ Id: 352aff90-37a3-4a79-8490-26e163ea4653, Nodes: 1dbf52be-8f16-49fd-bad6-8089f3318926{ip: 192.168.30.6, host: pr-hdds-1569-5gmkr-4255264070, networkLocation: /default-rack, certSerialId: null}, Type:RATIS, Factor:ONE, State:CLOSED] moved to CLOSED state
2019-09-25 11:09:19,238 [EventQueue-StaleNodeForStaleNodeHandler] INFO  pipeline.SCMPipelineManager (SCMPipelineManager.java:finalizeAndDestroyPipeline(316)) - destroying pipeline:Pipeline[ Id: 1b70d777-b602-4c2f-8413-ee227fcdf11f, Nodes: 1dbf52be-8f16-49fd-bad6-8089f3318926{ip: 192.168.30.6, host: pr-hdds-1569-5gmkr-4255264070, networkLocation: /default-rack, certSerialId: null}, Type:RATIS, Factor:ONE, State:OPEN]
2019-09-25 11:09:19,238 [EventQueue-StaleNodeForStaleNodeHandler] INFO  pipeline.PipelineStateManager (PipelineStateManager.java:finalizePipeline(123)) - Pipeline Pipeline[ Id: 1b70d777-b602-4c2f-8413-ee227fcdf11f, Nodes: 1dbf52be-8f16-49fd-bad6-8089f3318926{ip: 192.168.30.6, host: pr-hdds-1569-5gmkr-4255264070, networkLocation: /default-rack, certSerialId: null}, Type:RATIS, Factor:ONE, State:CLOSED] moved to CLOSED state
2019-09-25 11:09:19,239 [EventQueue-StaleNodeForStaleNodeHandler] INFO  pipeline.SCMPipelineManager (SCMPipelineManager.java:finalizeAndDestroyPipeline(316)) - destroying pipeline:Pipeline[ Id: f5366e9c-5da9-4f0d-8854-787d51b3983b, Nodes: 1dbf52be-8f16-49fd-bad6-8089f3318926{ip: 192.168.30.6, host: pr-hdds-1569-5gmkr-4255264070, networkLocation: /default-rack, certSerialId: null}, Type:RATIS, Factor:ONE, State:OPEN]
2019-09-25 11:09:19,239 [EventQueue-StaleNodeForStaleNodeHandler] INFO  pipeline.PipelineStateManager (PipelineStateManager.java:finalizePipeline(123)) - Pipeline Pipeline[ Id: f5366e9c-5da9-4f0d-8854-787d51b3983b, Nodes: 1dbf52be-8f16-49fd-bad6-8089f3318926{ip: 192.168.30.6, host: pr-hdds-1569-5gmkr-4255264070, networkLocation: /default-rack, certSerialId: null}, Type:RATIS, Factor:ONE, State:CLOSED] moved to CLOSED state
2019-09-25 11:09:19,266 [4cceff1e-2c3f-451c-8b62-7d06bcf43963@group-E749D3C8A619-SegmentedRaftLogWorker] INFO  segmented.SegmentedRaftLogWorker (SegmentedRaftLogWorker.java:execute(569)) - 4cceff1e-2c3f-451c-8b62-7d06bcf43963@group-E749D3C8A619-SegmentedRaftLogWorker: created new log segment /workdir/hadoop-ozone/integration-test/target/test-dir/MiniOzoneClusterImpl-4b1c6350-cd3e-4172-b7a0-e9c66394f836/datanode-1/data/ratis/102df050-6cc6-4fd2-937d-e749d3c8a619/current/log_inprogress_0
2019-09-25 11:09:19,271 [Thread-3094] INFO  impl.FollowerState (FollowerState.java:run(106)) - 4cceff1e-2c3f-451c-8b62-7d06bcf43963:group-B0412EA30467 changes to CANDIDATE, lastRpcTime:5183, electionTimeout:5179ms
2019-09-25 11:09:19,271 [Thread-3094] INFO  impl.RoleInfo (RoleInfo.java:shutdownFollowerState(121)) - 4cceff1e-2c3f-451c-8b62-7d06bcf43963: shutdown FollowerState
2019-09-25 11:09:19,271 [Thread-3094] INFO  impl.RaftServerImpl (RaftServerImpl.java:setRole(174)) - 4cceff1e-2c3f-451c-8b62-7d06bcf43963@group-B0412EA30467: changes role from  FOLLOWER to CANDIDATE at term 0 for changeToCandidate
2019-09-25 11:09:19,272 [Thread-3094] INFO  impl.RoleInfo (RoleInfo.java:updateAndGet(143)) - 4cceff1e-2c3f-451c-8b62-7d06bcf43963: start LeaderElection
2019-09-25 11:09:19,286 [4cceff1e-2c3f-451c-8b62-7d06bcf43963@group-B0412EA30467:LeaderElection225] INFO  impl.LeaderElection (LeaderElection.java:askForVotes(182)) - 4cceff1e-2c3f-451c-8b62-7d06bcf43963@group-B0412EA30467:LeaderElection225: begin an election at term 1 for -1: [4cceff1e-2c3f-451c-8b62-7d06bcf43963:192.168.30.6:43389], old=null
2019-09-25 11:09:19,286 [4cceff1e-2c3f-451c-8b62-7d06bcf43963@group-B0412EA30467:LeaderElection225] INFO  impl.RoleInfo (RoleInfo.java:shutdownLeaderElection(134)) - 4cceff1e-2c3f-451c-8b62-7d06bcf43963: shutdown LeaderElection
2019-09-25 11:09:19,286 [4cceff1e-2c3f-451c-8b62-7d06bcf43963@group-B0412EA30467:LeaderElection225] INFO  impl.RaftServerImpl (RaftServerImpl.java:setRole(174)) - 4cceff1e-2c3f-451c-8b62-7d06bcf43963@group-B0412EA30467: changes role from CANDIDATE to LEADER at term 1 for changeToLeader
2019-09-25 11:09:19,286 [4cceff1e-2c3f-451c-8b62-7d06bcf43963@group-B0412EA30467:LeaderElection225] INFO  impl.RaftServerImpl (ServerState.java:setLeader(253)) - 4cceff1e-2c3f-451c-8b62-7d06bcf43963@group-B0412EA30467: change Leader from null to 4cceff1e-2c3f-451c-8b62-7d06bcf43963 at term 1 for becomeLeader, leader elected after 5203ms
2019-09-25 11:09:19,286 [4cceff1e-2c3f-451c-8b62-7d06bcf43963@group-B0412EA30467:LeaderElection225] INFO  server.RaftServerConfigKeys (ConfUtils.java:logGet(43)) - raft.server.staging.catchup.gap = 1000 (default)
2019-09-25 11:09:19,286 [4cceff1e-2c3f-451c-8b62-7d06bcf43963@group-B0412EA30467:LeaderElection225] INFO  server.RaftServerConfigKeys (ConfUtils.java:logGet(43)) - raft.server.rpc.sleep.time = 25ms (default)
2019-09-25 11:09:19,286 [4cceff1e-2c3f-451c-8b62-7d06bcf43963@group-B0412EA30467:LeaderElection225] INFO  server.RaftServerConfigKeys (ConfUtils.java:logGet(43)) - raft.server.write.element-limit = 4096 (default)
2019-09-25 11:09:19,287 [4cceff1e-2c3f-451c-8b62-7d06bcf43963@group-B0412EA30467:LeaderElection225] INFO  server.RaftServerConfigKeys (ConfUtils.java:logGet(43)) - raft.server.watch.timeout = 10s (default)
2019-09-25 11:09:19,287 [4cceff1e-2c3f-451c-8b62-7d06bcf43963@group-B0412EA30467:LeaderElection225] INFO  server.RaftServerConfigKeys (ConfUtils.java:logGet(43)) - raft.server.watch.timeout.denomination = 1s (default)
2019-09-25 11:09:19,287 [4cceff1e-2c3f-451c-8b62-7d06bcf43963@group-B0412EA30467:LeaderElection225] INFO  server.RaftServerConfigKeys (ConfUtils.java:logGet(43)) - raft.server.watch.element-limit = 65536 (default)
2019-09-25 11:09:19,288 [4cceff1e-2c3f-451c-8b62-7d06bcf43963@group-B0412EA30467:LeaderElection225] INFO  impl.RoleInfo (RoleInfo.java:updateAndGet(143)) - 4cceff1e-2c3f-451c-8b62-7d06bcf43963: start LeaderState
2019-09-25 11:09:19,288 [4cceff1e-2c3f-451c-8b62-7d06bcf43963@group-B0412EA30467:LeaderElection225] INFO  segmented.SegmentedRaftLogWorker (SegmentedRaftLogWorker.java:startLogSegment(380)) - 4cceff1e-2c3f-451c-8b62-7d06bcf43963@group-B0412EA30467-SegmentedRaftLogWorker: Starting segment from index:0
2019-09-25 11:09:19,289 [4cceff1e-2c3f-451c-8b62-7d06bcf43963@group-B0412EA30467:LeaderElection225] INFO  impl.RaftServerImpl (ServerState.java:setRaftConf(354)) - 4cceff1e-2c3f-451c-8b62-7d06bcf43963@group-B0412EA30467: set configuration 0: [4cceff1e-2c3f-451c-8b62-7d06bcf43963:192.168.30.6:43389], old=null at 0
2019-09-25 11:09:19,319 [Thread-3097] INFO  impl.FollowerState (FollowerState.java:run(106)) - 97301ee4-d551-4dc8-86de-1a37740aeeca:group-DFAB1180C32E changes to CANDIDATE, lastRpcTime:5188, electionTimeout:5188ms
2019-09-25 11:09:19,319 [Thread-3097] INFO  impl.RoleInfo (RoleInfo.java:shutdownFollowerState(121)) - 97301ee4-d551-4dc8-86de-1a37740aeeca: shutdown FollowerState
2019-09-25 11:09:19,319 [Thread-3097] INFO  impl.RaftServerImpl (RaftServerImpl.java:setRole(174)) - 97301ee4-d551-4dc8-86de-1a37740aeeca@group-DFAB1180C32E: changes role from  FOLLOWER to CANDIDATE at term 0 for changeToCandidate
2019-09-25 11:09:19,319 [Thread-3097] INFO  impl.RoleInfo (RoleInfo.java:updateAndGet(143)) - 97301ee4-d551-4dc8-86de-1a37740aeeca: start LeaderElection
2019-09-25 11:09:19,326 [4cceff1e-2c3f-451c-8b62-7d06bcf43963@group-B0412EA30467-SegmentedRaftLogWorker] INFO  segmented.SegmentedRaftLogWorker (SegmentedRaftLogWorker.java:execute(569)) - 4cceff1e-2c3f-451c-8b62-7d06bcf43963@group-B0412EA30467-SegmentedRaftLogWorker: created new log segment /workdir/hadoop-ozone/integration-test/target/test-dir/MiniOzoneClusterImpl-4b1c6350-cd3e-4172-b7a0-e9c66394f836/datanode-1/data/ratis/c8b5e663-4870-41e1-bb34-b0412ea30467/current/log_inprogress_0
2019-09-25 11:09:19,328 [97301ee4-d551-4dc8-86de-1a37740aeeca@group-DFAB1180C32E:LeaderElection226] INFO  impl.LeaderElection (LeaderElection.java:askForVotes(182)) - 97301ee4-d551-4dc8-86de-1a37740aeeca@group-DFAB1180C32E:LeaderElection226: begin an election at term 1 for -1: [97301ee4-d551-4dc8-86de-1a37740aeeca:192.168.30.6:39526], old=null
2019-09-25 11:09:19,328 [97301ee4-d551-4dc8-86de-1a37740aeeca@group-DFAB1180C32E:LeaderElection226] INFO  impl.RoleInfo (RoleInfo.java:shutdownLeaderElection(134)) - 97301ee4-d551-4dc8-86de-1a37740aeeca: shutdown LeaderElection
2019-09-25 11:09:19,329 [97301ee4-d551-4dc8-86de-1a37740aeeca@group-DFAB1180C32E:LeaderElection226] INFO  impl.RaftServerImpl (RaftServerImpl.java:setRole(174)) - 97301ee4-d551-4dc8-86de-1a37740aeeca@group-DFAB1180C32E: changes role from CANDIDATE to LEADER at term 1 for changeToLeader
2019-09-25 11:09:19,329 [97301ee4-d551-4dc8-86de-1a37740aeeca@group-DFAB1180C32E:LeaderElection226] INFO  impl.RaftServerImpl (ServerState.java:setLeader(253)) - 97301ee4-d551-4dc8-86de-1a37740aeeca@group-DFAB1180C32E: change Leader from null to 97301ee4-d551-4dc8-86de-1a37740aeeca at term 1 for becomeLeader, leader elected after 5204ms
2019-09-25 11:09:19,329 [97301ee4-d551-4dc8-86de-1a37740aeeca@group-DFAB1180C32E:LeaderElection226] INFO  server.RaftServerConfigKeys (ConfUtils.java:logGet(43)) - raft.server.staging.catchup.gap = 1000 (default)
2019-09-25 11:09:19,329 [97301ee4-d551-4dc8-86de-1a37740aeeca@group-DFAB1180C32E:LeaderElection226] INFO  server.RaftServerConfigKeys (ConfUtils.java:logGet(43)) - raft.server.rpc.sleep.time = 25ms (default)
2019-09-25 11:09:19,329 [97301ee4-d551-4dc8-86de-1a37740aeeca@group-DFAB1180C32E:LeaderElection226] INFO  server.RaftServerConfigKeys (ConfUtils.java:logGet(43)) - raft.server.write.element-limit = 4096 (default)
2019-09-25 11:09:19,329 [97301ee4-d551-4dc8-86de-1a37740aeeca@group-DFAB1180C32E:LeaderElection226] INFO  server.RaftServerConfigKeys (ConfUtils.java:logGet(43)) - raft.server.watch.timeout = 10s (default)
2019-09-25 11:09:19,329 [97301ee4-d551-4dc8-86de-1a37740aeeca@group-DFAB1180C32E:LeaderElection226] INFO  server.RaftServerConfigKeys (ConfUtils.java:logGet(43)) - raft.server.watch.timeout.denomination = 1s (default)
2019-09-25 11:09:19,329 [97301ee4-d551-4dc8-86de-1a37740aeeca@group-DFAB1180C32E:LeaderElection226] INFO  server.RaftServerConfigKeys (ConfUtils.java:logGet(43)) - raft.server.watch.element-limit = 65536 (default)
2019-09-25 11:09:19,330 [97301ee4-d551-4dc8-86de-1a37740aeeca@group-DFAB1180C32E:LeaderElection226] INFO  impl.RoleInfo (RoleInfo.java:updateAndGet(143)) - 97301ee4-d551-4dc8-86de-1a37740aeeca: start LeaderState
2019-09-25 11:09:19,331 [97301ee4-d551-4dc8-86de-1a37740aeeca@group-DFAB1180C32E:LeaderElection226] INFO  segmented.SegmentedRaftLogWorker (SegmentedRaftLogWorker.java:startLogSegment(380)) - 97301ee4-d551-4dc8-86de-1a37740aeeca@group-DFAB1180C32E-SegmentedRaftLogWorker: Starting segment from index:0
2019-09-25 11:09:19,331 [97301ee4-d551-4dc8-86de-1a37740aeeca@group-DFAB1180C32E:LeaderElection226] INFO  impl.RaftServerImpl (ServerState.java:setRaftConf(354)) - 97301ee4-d551-4dc8-86de-1a37740aeeca@group-DFAB1180C32E: set configuration 0: [97301ee4-d551-4dc8-86de-1a37740aeeca:192.168.30.6:39526], old=null at 0
2019-09-25 11:09:19,350 [Thread-3100] INFO  impl.FollowerState (FollowerState.java:run(106)) - 4cceff1e-2c3f-451c-8b62-7d06bcf43963:group-FED2755EAF26 changes to CANDIDATE, lastRpcTime:5188, electionTimeout:5188ms
2019-09-25 11:09:19,350 [Thread-3100] INFO  impl.RoleInfo (RoleInfo.java:shutdownFollowerState(121)) - 4cceff1e-2c3f-451c-8b62-7d06bcf43963: shutdown FollowerState
2019-09-25 11:09:19,350 [Thread-3100] INFO  impl.RaftServerImpl (RaftServerImpl.java:setRole(174)) - 4cceff1e-2c3f-451c-8b62-7d06bcf43963@group-FED2755EAF26: changes role from  FOLLOWER to CANDIDATE at term 0 for changeToCandidate
2019-09-25 11:09:19,350 [Thread-3100] INFO  impl.RoleInfo (RoleInfo.java:updateAndGet(143)) - 4cceff1e-2c3f-451c-8b62-7d06bcf43963: start LeaderElection
2019-09-25 11:09:19,365 [Thread-3109] INFO  impl.FollowerState (FollowerState.java:run(106)) - a8823747-7b39-4599-aab8-abab9e384ab8:group-A7339FE7A43E changes to CANDIDATE, lastRpcTime:5106, electionTimeout:5101ms
2019-09-25 11:09:19,365 [Thread-3109] INFO  impl.RoleInfo (RoleInfo.java:shutdownFollowerState(121)) - a8823747-7b39-4599-aab8-abab9e384ab8: shutdown FollowerState
2019-09-25 11:09:19,365 [Thread-3109] INFO  impl.RaftServerImpl (RaftServerImpl.java:setRole(174)) - a8823747-7b39-4599-aab8-abab9e384ab8@group-A7339FE7A43E: changes role from  FOLLOWER to CANDIDATE at term 0 for changeToCandidate
2019-09-25 11:09:19,365 [Thread-3109] INFO  impl.RoleInfo (RoleInfo.java:updateAndGet(143)) - a8823747-7b39-4599-aab8-abab9e384ab8: start LeaderElection
2019-09-25 11:09:19,378 [97301ee4-d551-4dc8-86de-1a37740aeeca@group-DFAB1180C32E-SegmentedRaftLogWorker] INFO  segmented.SegmentedRaftLogWorker (SegmentedRaftLogWorker.java:execute(569)) - 97301ee4-d551-4dc8-86de-1a37740aeeca@group-DFAB1180C32E-SegmentedRaftLogWorker: created new log segment /workdir/hadoop-ozone/integration-test/target/test-dir/MiniOzoneClusterImpl-4b1c6350-cd3e-4172-b7a0-e9c66394f836/datanode-2/data/ratis/356ca4ec-7829-4dd6-9ab8-dfab1180c32e/current/log_inprogress_0
2019-09-25 11:09:19,378 [4cceff1e-2c3f-451c-8b62-7d06bcf43963@group-FED2755EAF26:LeaderElection227] INFO  impl.LeaderElection (LeaderElection.java:askForVotes(182)) - 4cceff1e-2c3f-451c-8b62-7d06bcf43963@group-FED2755EAF26:LeaderElection227: begin an election at term 1 for -1: [4cceff1e-2c3f-451c-8b62-7d06bcf43963:192.168.30.6:43389], old=null
2019-09-25 11:09:19,378 [a8823747-7b39-4599-aab8-abab9e384ab8@group-A7339FE7A43E:LeaderElection228] INFO  impl.LeaderElection (LeaderElection.java:askForVotes(182)) - a8823747-7b39-4599-aab8-abab9e384ab8@group-A7339FE7A43E:LeaderElection228: begin an election at term 1 for -1: [a8823747-7b39-4599-aab8-abab9e384ab8:192.168.30.6:44788], old=null
2019-09-25 11:09:19,378 [4cceff1e-2c3f-451c-8b62-7d06bcf43963@group-FED2755EAF26:LeaderElection227] INFO  impl.RoleInfo (RoleInfo.java:shutdownLeaderElection(134)) - 4cceff1e-2c3f-451c-8b62-7d06bcf43963: shutdown LeaderElection
2019-09-25 11:09:19,378 [a8823747-7b39-4599-aab8-abab9e384ab8@group-A7339FE7A43E:LeaderElection228] INFO  impl.RoleInfo (RoleInfo.java:shutdownLeaderElection(134)) - a8823747-7b39-4599-aab8-abab9e384ab8: shutdown LeaderElection
2019-09-25 11:09:19,378 [4cceff1e-2c3f-451c-8b62-7d06bcf43963@group-FED2755EAF26:LeaderElection227] INFO  impl.RaftServerImpl (RaftServerImpl.java:setRole(174)) - 4cceff1e-2c3f-451c-8b62-7d06bcf43963@group-FED2755EAF26: changes role from CANDIDATE to LEADER at term 1 for changeToLeader
2019-09-25 11:09:19,378 [a8823747-7b39-4599-aab8-abab9e384ab8@group-A7339FE7A43E:LeaderElection228] INFO  impl.RaftServerImpl (RaftServerImpl.java:setRole(174)) - a8823747-7b39-4599-aab8-abab9e384ab8@group-A7339FE7A43E: changes role from CANDIDATE to LEADER at term 1 for changeToLeader
2019-09-25 11:09:19,379 [4cceff1e-2c3f-451c-8b62-7d06bcf43963@group-FED2755EAF26:LeaderElection227] INFO  impl.RaftServerImpl (ServerState.java:setLeader(253)) - 4cceff1e-2c3f-451c-8b62-7d06bcf43963@group-FED2755EAF26: change Leader from null to 4cceff1e-2c3f-451c-8b62-7d06bcf43963 at term 1 for becomeLeader, leader elected after 5220ms
2019-09-25 11:09:19,379 [a8823747-7b39-4599-aab8-abab9e384ab8@group-A7339FE7A43E:LeaderElection228] INFO  impl.RaftServerImpl (ServerState.java:setLeader(253)) - a8823747-7b39-4599-aab8-abab9e384ab8@group-A7339FE7A43E: change Leader from null to a8823747-7b39-4599-aab8-abab9e384ab8 at term 1 for becomeLeader, leader elected after 5122ms
2019-09-25 11:09:19,379 [4cceff1e-2c3f-451c-8b62-7d06bcf43963@group-FED2755EAF26:LeaderElection227] INFO  server.RaftServerConfigKeys (ConfUtils.java:logGet(43)) - raft.server.staging.catchup.gap = 1000 (default)
2019-09-25 11:09:19,379 [a8823747-7b39-4599-aab8-abab9e384ab8@group-A7339FE7A43E:LeaderElection228] INFO  server.RaftServerConfigKeys (ConfUtils.java:logGet(43)) - raft.server.staging.catchup.gap = 1000 (default)
2019-09-25 11:09:19,379 [4cceff1e-2c3f-451c-8b62-7d06bcf43963@group-FED2755EAF26:LeaderElection227] INFO  server.RaftServerConfigKeys (ConfUtils.java:logGet(43)) - raft.server.rpc.sleep.time = 25ms (default)
2019-09-25 11:09:19,379 [a8823747-7b39-4599-aab8-abab9e384ab8@group-A7339FE7A43E:LeaderElection228] INFO  server.RaftServerConfigKeys (ConfUtils.java:logGet(43)) - raft.server.rpc.sleep.time = 25ms (default)
2019-09-25 11:09:19,379 [4cceff1e-2c3f-451c-8b62-7d06bcf43963@group-FED2755EAF26:LeaderElection227] INFO  server.RaftServerConfigKeys (ConfUtils.java:logGet(43)) - raft.server.write.element-limit = 4096 (default)
2019-09-25 11:09:19,379 [a8823747-7b39-4599-aab8-abab9e384ab8@group-A7339FE7A43E:LeaderElection228] INFO  server.RaftServerConfigKeys (ConfUtils.java:logGet(43)) - raft.server.write.element-limit = 4096 (default)
2019-09-25 11:09:19,379 [4cceff1e-2c3f-451c-8b62-7d06bcf43963@group-FED2755EAF26:LeaderElection227] INFO  server.RaftServerConfigKeys (ConfUtils.java:logGet(43)) - raft.server.watch.timeout = 10s (default)
2019-09-25 11:09:19,380 [a8823747-7b39-4599-aab8-abab9e384ab8@group-A7339FE7A43E:LeaderElection228] INFO  server.RaftServerConfigKeys (ConfUtils.java:logGet(43)) - raft.server.watch.timeout = 10s (default)
2019-09-25 11:09:19,380 [4cceff1e-2c3f-451c-8b62-7d06bcf43963@group-FED2755EAF26:LeaderElection227] INFO  server.RaftServerConfigKeys (ConfUtils.java:logGet(43)) - raft.server.watch.timeout.denomination = 1s (default)
2019-09-25 11:09:19,380 [a8823747-7b39-4599-aab8-abab9e384ab8@group-A7339FE7A43E:LeaderElection228] INFO  server.RaftServerConfigKeys (ConfUtils.java:logGet(43)) - raft.server.watch.timeout.denomination = 1s (default)
2019-09-25 11:09:19,380 [4cceff1e-2c3f-451c-8b62-7d06bcf43963@group-FED2755EAF26:LeaderElection227] INFO  server.RaftServerConfigKeys (ConfUtils.java:logGet(43)) - raft.server.watch.element-limit = 65536 (default)
2019-09-25 11:09:19,380 [a8823747-7b39-4599-aab8-abab9e384ab8@group-A7339FE7A43E:LeaderElection228] INFO  server.RaftServerConfigKeys (ConfUtils.java:logGet(43)) - raft.server.watch.element-limit = 65536 (default)
2019-09-25 11:09:19,382 [4cceff1e-2c3f-451c-8b62-7d06bcf43963@group-FED2755EAF26:LeaderElection227] INFO  impl.RoleInfo (RoleInfo.java:updateAndGet(143)) - 4cceff1e-2c3f-451c-8b62-7d06bcf43963: start LeaderState
2019-09-25 11:09:19,382 [a8823747-7b39-4599-aab8-abab9e384ab8@group-A7339FE7A43E:LeaderElection228] INFO  impl.RoleInfo (RoleInfo.java:updateAndGet(143)) - a8823747-7b39-4599-aab8-abab9e384ab8: start LeaderState
2019-09-25 11:09:19,383 [4cceff1e-2c3f-451c-8b62-7d06bcf43963@group-FED2755EAF26:LeaderElection227] INFO  segmented.SegmentedRaftLogWorker (SegmentedRaftLogWorker.java:startLogSegment(380)) - 4cceff1e-2c3f-451c-8b62-7d06bcf43963@group-FED2755EAF26-SegmentedRaftLogWorker: Starting segment from index:0
2019-09-25 11:09:19,383 [a8823747-7b39-4599-aab8-abab9e384ab8@group-A7339FE7A43E:LeaderElection228] INFO  segmented.SegmentedRaftLogWorker (SegmentedRaftLogWorker.java:startLogSegment(380)) - a8823747-7b39-4599-aab8-abab9e384ab8@group-A7339FE7A43E-SegmentedRaftLogWorker: Starting segment from index:0
2019-09-25 11:09:19,383 [4cceff1e-2c3f-451c-8b62-7d06bcf43963@group-FED2755EAF26:LeaderElection227] INFO  impl.RaftServerImpl (ServerState.java:setRaftConf(354)) - 4cceff1e-2c3f-451c-8b62-7d06bcf43963@group-FED2755EAF26: set configuration 0: [4cceff1e-2c3f-451c-8b62-7d06bcf43963:192.168.30.6:43389], old=null at 0
2019-09-25 11:09:19,383 [a8823747-7b39-4599-aab8-abab9e384ab8@group-A7339FE7A43E:LeaderElection228] INFO  impl.RaftServerImpl (ServerState.java:setRaftConf(354)) - a8823747-7b39-4599-aab8-abab9e384ab8@group-A7339FE7A43E: set configuration 0: [a8823747-7b39-4599-aab8-abab9e384ab8:192.168.30.6:44788], old=null at 0
2019-09-25 11:09:19,386 [Thread-3106] INFO  impl.FollowerState (FollowerState.java:run(106)) - 97301ee4-d551-4dc8-86de-1a37740aeeca:group-849CD78DD736 changes to CANDIDATE, lastRpcTime:5152, electionTimeout:5152ms
2019-09-25 11:09:19,386 [Thread-3106] INFO  impl.RoleInfo (RoleInfo.java:shutdownFollowerState(121)) - 97301ee4-d551-4dc8-86de-1a37740aeeca: shutdown FollowerState
2019-09-25 11:09:19,386 [Thread-3106] INFO  impl.RaftServerImpl (RaftServerImpl.java:setRole(174)) - 97301ee4-d551-4dc8-86de-1a37740aeeca@group-849CD78DD736: changes role from  FOLLOWER to CANDIDATE at term 0 for changeToCandidate
2019-09-25 11:09:19,387 [Thread-3106] INFO  impl.RoleInfo (RoleInfo.java:updateAndGet(143)) - 97301ee4-d551-4dc8-86de-1a37740aeeca: start LeaderElection
2019-09-25 11:09:19,387 [Thread-3120] INFO  impl.FollowerState (FollowerState.java:run(106)) - 97301ee4-d551-4dc8-86de-1a37740aeeca:group-44F2F5444F53 changes to CANDIDATE, lastRpcTime:5011, electionTimeout:5011ms
2019-09-25 11:09:19,387 [Thread-3120] INFO  impl.RoleInfo (RoleInfo.java:shutdownFollowerState(121)) - 97301ee4-d551-4dc8-86de-1a37740aeeca: shutdown FollowerState
2019-09-25 11:09:19,387 [Thread-3120] INFO  impl.RaftServerImpl (RaftServerImpl.java:setRole(174)) - 97301ee4-d551-4dc8-86de-1a37740aeeca@group-44F2F5444F53: changes role from  FOLLOWER to CANDIDATE at term 0 for changeToCandidate
2019-09-25 11:09:19,421 [Thread-3120] INFO  impl.RoleInfo (RoleInfo.java:updateAndGet(143)) - 97301ee4-d551-4dc8-86de-1a37740aeeca: start LeaderElection
2019-09-25 11:09:19,425 [Thread-3112] INFO  impl.FollowerState (FollowerState.java:run(106)) - 0ce03005-f534-496c-a0eb-c417dd14ba94:group-6D0F0AC35B11 changes to CANDIDATE, lastRpcTime:5123, electionTimeout:5121ms
2019-09-25 11:09:19,425 [Thread-3112] INFO  impl.RoleInfo (RoleInfo.java:shutdownFollowerState(121)) - 0ce03005-f534-496c-a0eb-c417dd14ba94: shutdown FollowerState
2019-09-25 11:09:19,425 [Thread-3112] INFO  impl.RaftServerImpl (RaftServerImpl.java:setRole(174)) - 0ce03005-f534-496c-a0eb-c417dd14ba94@group-6D0F0AC35B11: changes role from  FOLLOWER to CANDIDATE at term 0 for changeToCandidate
2019-09-25 11:09:19,425 [Thread-3112] INFO  impl.RoleInfo (RoleInfo.java:updateAndGet(143)) - 0ce03005-f534-496c-a0eb-c417dd14ba94: start LeaderElection
2019-09-25 11:09:19,434 [a8823747-7b39-4599-aab8-abab9e384ab8@group-A7339FE7A43E-SegmentedRaftLogWorker] INFO  segmented.SegmentedRaftLogWorker (SegmentedRaftLogWorker.java:execute(569)) - a8823747-7b39-4599-aab8-abab9e384ab8@group-A7339FE7A43E-SegmentedRaftLogWorker: created new log segment /workdir/hadoop-ozone/integration-test/target/test-dir/MiniOzoneClusterImpl-4b1c6350-cd3e-4172-b7a0-e9c66394f836/datanode-0/data/ratis/70158e66-e44f-459d-af57-a7339fe7a43e/current/log_inprogress_0
2019-09-25 11:09:19,434 [97301ee4-d551-4dc8-86de-1a37740aeeca@group-849CD78DD736:LeaderElection229] INFO  impl.LeaderElection (LeaderElection.java:askForVotes(182)) - 97301ee4-d551-4dc8-86de-1a37740aeeca@group-849CD78DD736:LeaderElection229: begin an election at term 1 for -1: [97301ee4-d551-4dc8-86de-1a37740aeeca:192.168.30.6:39526], old=null
2019-09-25 11:09:19,434 [97301ee4-d551-4dc8-86de-1a37740aeeca@group-44F2F5444F53:LeaderElection230] INFO  impl.LeaderElection (LeaderElection.java:askForVotes(182)) - 97301ee4-d551-4dc8-86de-1a37740aeeca@group-44F2F5444F53:LeaderElection230: begin an election at term 1 for -1: [97301ee4-d551-4dc8-86de-1a37740aeeca:192.168.30.6:39526], old=null
2019-09-25 11:09:19,434 [0ce03005-f534-496c-a0eb-c417dd14ba94@group-6D0F0AC35B11:LeaderElection231] INFO  impl.LeaderElection (LeaderElection.java:askForVotes(182)) - 0ce03005-f534-496c-a0eb-c417dd14ba94@group-6D0F0AC35B11:LeaderElection231: begin an election at term 1 for -1: [0ce03005-f534-496c-a0eb-c417dd14ba94:192.168.30.6:34724], old=null
2019-09-25 11:09:19,434 [4cceff1e-2c3f-451c-8b62-7d06bcf43963@group-FED2755EAF26-SegmentedRaftLogWorker] INFO  segmented.SegmentedRaftLogWorker (SegmentedRaftLogWorker.java:execute(569)) - 4cceff1e-2c3f-451c-8b62-7d06bcf43963@group-FED2755EAF26-SegmentedRaftLogWorker: created new log segment /workdir/hadoop-ozone/integration-test/target/test-dir/MiniOzoneClusterImpl-4b1c6350-cd3e-4172-b7a0-e9c66394f836/datanode-1/data/ratis/26b805ad-662e-420a-a7e9-fed2755eaf26/current/log_inprogress_0
2019-09-25 11:09:19,434 [0ce03005-f534-496c-a0eb-c417dd14ba94@group-6D0F0AC35B11:LeaderElection231] INFO  impl.RoleInfo (RoleInfo.java:shutdownLeaderElection(134)) - 0ce03005-f534-496c-a0eb-c417dd14ba94: shutdown LeaderElection
2019-09-25 11:09:19,434 [97301ee4-d551-4dc8-86de-1a37740aeeca@group-44F2F5444F53:LeaderElection230] INFO  impl.RoleInfo (RoleInfo.java:shutdownLeaderElection(134)) - 97301ee4-d551-4dc8-86de-1a37740aeeca: shutdown LeaderElection
2019-09-25 11:09:19,434 [97301ee4-d551-4dc8-86de-1a37740aeeca@group-849CD78DD736:LeaderElection229] INFO  impl.RoleInfo (RoleInfo.java:shutdownLeaderElection(134)) - 97301ee4-d551-4dc8-86de-1a37740aeeca: shutdown LeaderElection
2019-09-25 11:09:19,435 [97301ee4-d551-4dc8-86de-1a37740aeeca@group-44F2F5444F53:LeaderElection230] INFO  impl.RaftServerImpl (RaftServerImpl.java:setRole(174)) - 97301ee4-d551-4dc8-86de-1a37740aeeca@group-44F2F5444F53: changes role from CANDIDATE to LEADER at term 1 for changeToLeader
2019-09-25 11:09:19,434 [0ce03005-f534-496c-a0eb-c417dd14ba94@group-6D0F0AC35B11:LeaderElection231] INFO  impl.RaftServerImpl (RaftServerImpl.java:setRole(174)) - 0ce03005-f534-496c-a0eb-c417dd14ba94@group-6D0F0AC35B11: changes role from CANDIDATE to LEADER at term 1 for changeToLeader
2019-09-25 11:09:19,435 [97301ee4-d551-4dc8-86de-1a37740aeeca@group-44F2F5444F53:LeaderElection230] INFO  impl.RaftServerImpl (ServerState.java:setLeader(253)) - 97301ee4-d551-4dc8-86de-1a37740aeeca@group-44F2F5444F53: change Leader from null to 97301ee4-d551-4dc8-86de-1a37740aeeca at term 1 for becomeLeader, leader elected after 5067ms
2019-09-25 11:09:19,435 [97301ee4-d551-4dc8-86de-1a37740aeeca@group-849CD78DD736:LeaderElection229] INFO  impl.RaftServerImpl (RaftServerImpl.java:setRole(174)) - 97301ee4-d551-4dc8-86de-1a37740aeeca@group-849CD78DD736: changes role from CANDIDATE to LEADER at term 1 for changeToLeader
2019-09-25 11:09:19,435 [97301ee4-d551-4dc8-86de-1a37740aeeca@group-44F2F5444F53:LeaderElection230] INFO  server.RaftServerConfigKeys (ConfUtils.java:logGet(43)) - raft.server.staging.catchup.gap = 1000 (default)
2019-09-25 11:09:19,435 [0ce03005-f534-496c-a0eb-c417dd14ba94@group-6D0F0AC35B11:LeaderElection231] INFO  impl.RaftServerImpl (ServerState.java:setLeader(253)) - 0ce03005-f534-496c-a0eb-c417dd14ba94@group-6D0F0AC35B11: change Leader from null to 0ce03005-f534-496c-a0eb-c417dd14ba94 at term 1 for becomeLeader, leader elected after 5138ms
2019-09-25 11:09:19,435 [97301ee4-d551-4dc8-86de-1a37740aeeca@group-44F2F5444F53:LeaderElection230] INFO  server.RaftServerConfigKeys (ConfUtils.java:logGet(43)) - raft.server.rpc.sleep.time = 25ms (default)
2019-09-25 11:09:19,435 [97301ee4-d551-4dc8-86de-1a37740aeeca@group-849CD78DD736:LeaderElection229] INFO  impl.RaftServerImpl (ServerState.java:setLeader(253)) - 97301ee4-d551-4dc8-86de-1a37740aeeca@group-849CD78DD736: change Leader from null to 97301ee4-d551-4dc8-86de-1a37740aeeca at term 1 for becomeLeader, leader elected after 5205ms
2019-09-25 11:09:19,435 [97301ee4-d551-4dc8-86de-1a37740aeeca@group-44F2F5444F53:LeaderElection230] INFO  server.RaftServerConfigKeys (ConfUtils.java:logGet(43)) - raft.server.write.element-limit = 4096 (default)
2019-09-25 11:09:19,435 [0ce03005-f534-496c-a0eb-c417dd14ba94@group-6D0F0AC35B11:LeaderElection231] INFO  server.RaftServerConfigKeys (ConfUtils.java:logGet(43)) - raft.server.staging.catchup.gap = 1000 (default)
2019-09-25 11:09:19,436 [97301ee4-d551-4dc8-86de-1a37740aeeca@group-44F2F5444F53:LeaderElection230] INFO  server.RaftServerConfigKeys (ConfUtils.java:logGet(43)) - raft.server.watch.timeout = 10s (default)
2019-09-25 11:09:19,436 [97301ee4-d551-4dc8-86de-1a37740aeeca@group-849CD78DD736:LeaderElection229] INFO  server.RaftServerConfigKeys (ConfUtils.java:logGet(43)) - raft.server.staging.catchup.gap = 1000 (default)
2019-09-25 11:09:19,436 [97301ee4-d551-4dc8-86de-1a37740aeeca@group-44F2F5444F53:LeaderElection230] INFO  server.RaftServerConfigKeys (ConfUtils.java:logGet(43)) - raft.server.watch.timeout.denomination = 1s (default)
2019-09-25 11:09:19,436 [0ce03005-f534-496c-a0eb-c417dd14ba94@group-6D0F0AC35B11:LeaderElection231] INFO  server.RaftServerConfigKeys (ConfUtils.java:logGet(43)) - raft.server.rpc.sleep.time = 25ms (default)
2019-09-25 11:09:19,436 [97301ee4-d551-4dc8-86de-1a37740aeeca@group-44F2F5444F53:LeaderElection230] INFO  server.RaftServerConfigKeys (ConfUtils.java:logGet(43)) - raft.server.watch.element-limit = 65536 (default)
2019-09-25 11:09:19,436 [97301ee4-d551-4dc8-86de-1a37740aeeca@group-849CD78DD736:LeaderElection229] INFO  server.RaftServerConfigKeys (ConfUtils.java:logGet(43)) - raft.server.rpc.sleep.time = 25ms (default)
2019-09-25 11:09:19,436 [0ce03005-f534-496c-a0eb-c417dd14ba94@group-6D0F0AC35B11:LeaderElection231] INFO  server.RaftServerConfigKeys (ConfUtils.java:logGet(43)) - raft.server.write.element-limit = 4096 (default)
2019-09-25 11:09:19,436 [97301ee4-d551-4dc8-86de-1a37740aeeca@group-849CD78DD736:LeaderElection229] INFO  server.RaftServerConfigKeys (ConfUtils.java:logGet(43)) - raft.server.write.element-limit = 4096 (default)
2019-09-25 11:09:19,436 [0ce03005-f534-496c-a0eb-c417dd14ba94@group-6D0F0AC35B11:LeaderElection231] INFO  server.RaftServerConfigKeys (ConfUtils.java:logGet(43)) - raft.server.watch.timeout = 10s (default)
2019-09-25 11:09:19,437 [97301ee4-d551-4dc8-86de-1a37740aeeca@group-849CD78DD736:LeaderElection229] INFO  server.RaftServerConfigKeys (ConfUtils.java:logGet(43)) - raft.server.watch.timeout = 10s (default)
2019-09-25 11:09:19,437 [0ce03005-f534-496c-a0eb-c417dd14ba94@group-6D0F0AC35B11:LeaderElection231] INFO  server.RaftServerConfigKeys (ConfUtils.java:logGet(43)) - raft.server.watch.timeout.denomination = 1s (default)
2019-09-25 11:09:19,437 [97301ee4-d551-4dc8-86de-1a37740aeeca@group-849CD78DD736:LeaderElection229] INFO  server.RaftServerConfigKeys (ConfUtils.java:logGet(43)) - raft.server.watch.timeout.denomination = 1s (default)
2019-09-25 11:09:19,437 [0ce03005-f534-496c-a0eb-c417dd14ba94@group-6D0F0AC35B11:LeaderElection231] INFO  server.RaftServerConfigKeys (ConfUtils.java:logGet(43)) - raft.server.watch.element-limit = 65536 (default)
2019-09-25 11:09:19,437 [97301ee4-d551-4dc8-86de-1a37740aeeca@group-849CD78DD736:LeaderElection229] INFO  server.RaftServerConfigKeys (ConfUtils.java:logGet(43)) - raft.server.watch.element-limit = 65536 (default)
2019-09-25 11:09:19,437 [97301ee4-d551-4dc8-86de-1a37740aeeca@group-44F2F5444F53:LeaderElection230] INFO  impl.RoleInfo (RoleInfo.java:updateAndGet(143)) - 97301ee4-d551-4dc8-86de-1a37740aeeca: start LeaderState
2019-09-25 11:09:19,438 [97301ee4-d551-4dc8-86de-1a37740aeeca@group-44F2F5444F53:LeaderElection230] INFO  segmented.SegmentedRaftLogWorker (SegmentedRaftLogWorker.java:startLogSegment(380)) - 97301ee4-d551-4dc8-86de-1a37740aeeca@group-44F2F5444F53-SegmentedRaftLogWorker: Starting segment from index:0
2019-09-25 11:09:19,438 [97301ee4-d551-4dc8-86de-1a37740aeeca@group-44F2F5444F53:LeaderElection230] INFO  impl.RaftServerImpl (ServerState.java:setRaftConf(354)) - 97301ee4-d551-4dc8-86de-1a37740aeeca@group-44F2F5444F53: set configuration 0: [97301ee4-d551-4dc8-86de-1a37740aeeca:192.168.30.6:39526], old=null at 0
2019-09-25 11:09:19,439 [0ce03005-f534-496c-a0eb-c417dd14ba94@group-6D0F0AC35B11:LeaderElection231] INFO  impl.RoleInfo (RoleInfo.java:updateAndGet(143)) - 0ce03005-f534-496c-a0eb-c417dd14ba94: start LeaderState
2019-09-25 11:09:19,439 [0ce03005-f534-496c-a0eb-c417dd14ba94@group-6D0F0AC35B11:LeaderElection231] INFO  segmented.SegmentedRaftLogWorker (SegmentedRaftLogWorker.java:startLogSegment(380)) - 0ce03005-f534-496c-a0eb-c417dd14ba94@group-6D0F0AC35B11-SegmentedRaftLogWorker: Starting segment from index:0
2019-09-25 11:09:19,439 [97301ee4-d551-4dc8-86de-1a37740aeeca@group-849CD78DD736:LeaderElection229] INFO  impl.RoleInfo (RoleInfo.java:updateAndGet(143)) - 97301ee4-d551-4dc8-86de-1a37740aeeca: start LeaderState
2019-09-25 11:09:19,439 [0ce03005-f534-496c-a0eb-c417dd14ba94@group-6D0F0AC35B11:LeaderElection231] INFO  impl.RaftServerImpl (ServerState.java:setRaftConf(354)) - 0ce03005-f534-496c-a0eb-c417dd14ba94@group-6D0F0AC35B11: set configuration 0: [0ce03005-f534-496c-a0eb-c417dd14ba94:192.168.30.6:34724], old=null at 0
2019-09-25 11:09:19,439 [97301ee4-d551-4dc8-86de-1a37740aeeca@group-849CD78DD736:LeaderElection229] INFO  segmented.SegmentedRaftLogWorker (SegmentedRaftLogWorker.java:startLogSegment(380)) - 97301ee4-d551-4dc8-86de-1a37740aeeca@group-849CD78DD736-SegmentedRaftLogWorker: Starting segment from index:0
2019-09-25 11:09:19,439 [97301ee4-d551-4dc8-86de-1a37740aeeca@group-849CD78DD736:LeaderElection229] INFO  impl.RaftServerImpl (ServerState.java:setRaftConf(354)) - 97301ee4-d551-4dc8-86de-1a37740aeeca@group-849CD78DD736: set configuration 0: [97301ee4-d551-4dc8-86de-1a37740aeeca:192.168.30.6:39526], old=null at 0
2019-09-25 11:09:19,476 [0ce03005-f534-496c-a0eb-c417dd14ba94@group-6D0F0AC35B11-SegmentedRaftLogWorker] INFO  segmented.SegmentedRaftLogWorker (SegmentedRaftLogWorker.java:execute(569)) - 0ce03005-f534-496c-a0eb-c417dd14ba94@group-6D0F0AC35B11-SegmentedRaftLogWorker: created new log segment /workdir/hadoop-ozone/integration-test/target/test-dir/MiniOzoneClusterImpl-4b1c6350-cd3e-4172-b7a0-e9c66394f836/datanode-3/data/ratis/a6981152-8f55-4808-a1c7-6d0f0ac35b11/current/log_inprogress_0
2019-09-25 11:09:19,476 [97301ee4-d551-4dc8-86de-1a37740aeeca@group-849CD78DD736-SegmentedRaftLogWorker] INFO  segmented.SegmentedRaftLogWorker (SegmentedRaftLogWorker.java:execute(569)) - 97301ee4-d551-4dc8-86de-1a37740aeeca@group-849CD78DD736-SegmentedRaftLogWorker: created new log segment /workdir/hadoop-ozone/integration-test/target/test-dir/MiniOzoneClusterImpl-4b1c6350-cd3e-4172-b7a0-e9c66394f836/datanode-2/data/ratis/f7b7d518-75be-4df3-b710-849cd78dd736/current/log_inprogress_0
2019-09-25 11:09:19,476 [97301ee4-d551-4dc8-86de-1a37740aeeca@group-44F2F5444F53-SegmentedRaftLogWorker] INFO  segmented.SegmentedRaftLogWorker (SegmentedRaftLogWorker.java:execute(569)) - 97301ee4-d551-4dc8-86de-1a37740aeeca@group-44F2F5444F53-SegmentedRaftLogWorker: created new log segment /workdir/hadoop-ozone/integration-test/target/test-dir/MiniOzoneClusterImpl-4b1c6350-cd3e-4172-b7a0-e9c66394f836/datanode-2/data/ratis/23f62968-8d03-472a-8a14-44f2f5444f53/current/log_inprogress_0
2019-09-25 11:09:19,490 [Thread-3126] INFO  impl.FollowerState (FollowerState.java:run(106)) - 1dbf52be-8f16-49fd-bad6-8089f3318926:group-C8F3AC825171 changes to CANDIDATE, lastRpcTime:5036, electionTimeout:5036ms
2019-09-25 11:09:19,490 [Thread-3126] INFO  impl.RoleInfo (RoleInfo.java:shutdownFollowerState(121)) - 1dbf52be-8f16-49fd-bad6-8089f3318926: shutdown FollowerState
2019-09-25 11:09:19,490 [Thread-3126] INFO  impl.RaftServerImpl (RaftServerImpl.java:setRole(174)) - 1dbf52be-8f16-49fd-bad6-8089f3318926@group-C8F3AC825171: changes role from  FOLLOWER to CANDIDATE at term 0 for changeToCandidate
2019-09-25 11:09:19,491 [Thread-3126] INFO  impl.RoleInfo (RoleInfo.java:updateAndGet(143)) - 1dbf52be-8f16-49fd-bad6-8089f3318926: start LeaderElection
2019-09-25 11:09:19,508 [1dbf52be-8f16-49fd-bad6-8089f3318926@group-C8F3AC825171:LeaderElection232] INFO  impl.LeaderElection (LeaderElection.java:askForVotes(182)) - 1dbf52be-8f16-49fd-bad6-8089f3318926@group-C8F3AC825171:LeaderElection232: begin an election at term 1 for -1: [1dbf52be-8f16-49fd-bad6-8089f3318926:192.168.30.6:43154], old=null
2019-09-25 11:09:19,508 [1dbf52be-8f16-49fd-bad6-8089f3318926@group-C8F3AC825171:LeaderElection232] INFO  impl.RoleInfo (RoleInfo.java:shutdownLeaderElection(134)) - 1dbf52be-8f16-49fd-bad6-8089f3318926: shutdown LeaderElection
2019-09-25 11:09:19,508 [1dbf52be-8f16-49fd-bad6-8089f3318926@group-C8F3AC825171:LeaderElection232] INFO  impl.RaftServerImpl (RaftServerImpl.java:setRole(174)) - 1dbf52be-8f16-49fd-bad6-8089f3318926@group-C8F3AC825171: changes role from CANDIDATE to LEADER at term 1 for changeToLeader
2019-09-25 11:09:19,508 [1dbf52be-8f16-49fd-bad6-8089f3318926@group-C8F3AC825171:LeaderElection232] INFO  impl.RaftServerImpl (ServerState.java:setLeader(253)) - 1dbf52be-8f16-49fd-bad6-8089f3318926@group-C8F3AC825171: change Leader from null to 1dbf52be-8f16-49fd-bad6-8089f3318926 at term 1 for becomeLeader, leader elected after 5059ms
2019-09-25 11:09:19,508 [1dbf52be-8f16-49fd-bad6-8089f3318926@group-C8F3AC825171:LeaderElection232] INFO  server.RaftServerConfigKeys (ConfUtils.java:logGet(43)) - raft.server.staging.catchup.gap = 1000 (default)
2019-09-25 11:09:19,508 [1dbf52be-8f16-49fd-bad6-8089f3318926@group-C8F3AC825171:LeaderElection232] INFO  server.RaftServerConfigKeys (ConfUtils.java:logGet(43)) - raft.server.rpc.sleep.time = 25ms (default)
2019-09-25 11:09:19,508 [1dbf52be-8f16-49fd-bad6-8089f3318926@group-C8F3AC825171:LeaderElection232] INFO  server.RaftServerConfigKeys (ConfUtils.java:logGet(43)) - raft.server.write.element-limit = 4096 (default)
2019-09-25 11:09:19,508 [1dbf52be-8f16-49fd-bad6-8089f3318926@group-C8F3AC825171:LeaderElection232] INFO  server.RaftServerConfigKeys (ConfUtils.java:logGet(43)) - raft.server.watch.timeout = 10s (default)
2019-09-25 11:09:19,508 [1dbf52be-8f16-49fd-bad6-8089f3318926@group-C8F3AC825171:LeaderElection232] INFO  server.RaftServerConfigKeys (ConfUtils.java:logGet(43)) - raft.server.watch.timeout.denomination = 1s (default)
2019-09-25 11:09:19,509 [1dbf52be-8f16-49fd-bad6-8089f3318926@group-C8F3AC825171:LeaderElection232] INFO  server.RaftServerConfigKeys (ConfUtils.java:logGet(43)) - raft.server.watch.element-limit = 65536 (default)
2019-09-25 11:09:19,510 [1dbf52be-8f16-49fd-bad6-8089f3318926@group-C8F3AC825171:LeaderElection232] INFO  impl.RoleInfo (RoleInfo.java:updateAndGet(143)) - 1dbf52be-8f16-49fd-bad6-8089f3318926: start LeaderState
2019-09-25 11:09:19,510 [1dbf52be-8f16-49fd-bad6-8089f3318926@group-C8F3AC825171:LeaderElection232] INFO  segmented.SegmentedRaftLogWorker (SegmentedRaftLogWorker.java:startLogSegment(380)) - 1dbf52be-8f16-49fd-bad6-8089f3318926@group-C8F3AC825171-SegmentedRaftLogWorker: Starting segment from index:0
2019-09-25 11:09:19,510 [1dbf52be-8f16-49fd-bad6-8089f3318926@group-C8F3AC825171:LeaderElection232] INFO  impl.RaftServerImpl (ServerState.java:setRaftConf(354)) - 1dbf52be-8f16-49fd-bad6-8089f3318926@group-C8F3AC825171: set configuration 0: [1dbf52be-8f16-49fd-bad6-8089f3318926:192.168.30.6:43154], old=null at 0
2019-09-25 11:09:19,512 [Thread-3115] INFO  impl.FollowerState (FollowerState.java:run(106)) - a8823747-7b39-4599-aab8-abab9e384ab8:group-841F80B7E38C changes to CANDIDATE, lastRpcTime:5186, electionTimeout:5186ms
2019-09-25 11:09:19,512 [Thread-3115] INFO  impl.RoleInfo (RoleInfo.java:shutdownFollowerState(121)) - a8823747-7b39-4599-aab8-abab9e384ab8: shutdown FollowerState
2019-09-25 11:09:19,512 [Thread-3115] INFO  impl.RaftServerImpl (RaftServerImpl.java:setRole(174)) - a8823747-7b39-4599-aab8-abab9e384ab8@group-841F80B7E38C: changes role from  FOLLOWER to CANDIDATE at term 0 for changeToCandidate
2019-09-25 11:09:19,512 [Thread-3115] INFO  impl.RoleInfo (RoleInfo.java:updateAndGet(143)) - a8823747-7b39-4599-aab8-abab9e384ab8: start LeaderElection
2019-09-25 11:09:19,538 [Thread-3129] INFO  impl.FollowerState (FollowerState.java:run(106)) - 0b8a7ff0-298a-4c7b-84aa-a28921900e21:group-CD91A94E1E2D changes to CANDIDATE, lastRpcTime:5040, electionTimeout:5021ms
2019-09-25 11:09:19,538 [Thread-3129] INFO  impl.RoleInfo (RoleInfo.java:shutdownFollowerState(121)) - 0b8a7ff0-298a-4c7b-84aa-a28921900e21: shutdown FollowerState
2019-09-25 11:09:19,538 [Thread-3129] INFO  impl.RaftServerImpl (RaftServerImpl.java:setRole(174)) - 0b8a7ff0-298a-4c7b-84aa-a28921900e21@group-CD91A94E1E2D: changes role from  FOLLOWER to CANDIDATE at term 0 for changeToCandidate
2019-09-25 11:09:19,538 [Thread-3129] INFO  impl.RoleInfo (RoleInfo.java:updateAndGet(143)) - 0b8a7ff0-298a-4c7b-84aa-a28921900e21: start LeaderElection
2019-09-25 11:09:19,550 [1dbf52be-8f16-49fd-bad6-8089f3318926@group-C8F3AC825171-SegmentedRaftLogWorker] INFO  segmented.SegmentedRaftLogWorker (SegmentedRaftLogWorker.java:execute(569)) - 1dbf52be-8f16-49fd-bad6-8089f3318926@group-C8F3AC825171-SegmentedRaftLogWorker: created new log segment /workdir/hadoop-ozone/integration-test/target/test-dir/MiniOzoneClusterImpl-4b1c6350-cd3e-4172-b7a0-e9c66394f836/datanode-4/data/ratis/4159b763-4c10-4b68-9a43-c8f3ac825171/current/log_inprogress_0
2019-09-25 11:09:19,551 [0b8a7ff0-298a-4c7b-84aa-a28921900e21@group-CD91A94E1E2D:LeaderElection234] INFO  impl.LeaderElection (LeaderElection.java:askForVotes(182)) - 0b8a7ff0-298a-4c7b-84aa-a28921900e21@group-CD91A94E1E2D:LeaderElection234: begin an election at term 1 for -1: [0b8a7ff0-298a-4c7b-84aa-a28921900e21:192.168.30.6:34704], old=null
2019-09-25 11:09:19,551 [a8823747-7b39-4599-aab8-abab9e384ab8@group-841F80B7E38C:LeaderElection233] INFO  impl.LeaderElection (LeaderElection.java:askForVotes(182)) - a8823747-7b39-4599-aab8-abab9e384ab8@group-841F80B7E38C:LeaderElection233: begin an election at term 1 for -1: [a8823747-7b39-4599-aab8-abab9e384ab8:192.168.30.6:44788], old=null
2019-09-25 11:09:19,551 [0b8a7ff0-298a-4c7b-84aa-a28921900e21@group-CD91A94E1E2D:LeaderElection234] INFO  impl.RoleInfo (RoleInfo.java:shutdownLeaderElection(134)) - 0b8a7ff0-298a-4c7b-84aa-a28921900e21: shutdown LeaderElection
2019-09-25 11:09:19,551 [a8823747-7b39-4599-aab8-abab9e384ab8@group-841F80B7E38C:LeaderElection233] INFO  impl.RoleInfo (RoleInfo.java:shutdownLeaderElection(134)) - a8823747-7b39-4599-aab8-abab9e384ab8: shutdown LeaderElection
2019-09-25 11:09:19,551 [0b8a7ff0-298a-4c7b-84aa-a28921900e21@group-CD91A94E1E2D:LeaderElection234] INFO  impl.RaftServerImpl (RaftServerImpl.java:setRole(174)) - 0b8a7ff0-298a-4c7b-84aa-a28921900e21@group-CD91A94E1E2D: changes role from CANDIDATE to LEADER at term 1 for changeToLeader
2019-09-25 11:09:19,551 [a8823747-7b39-4599-aab8-abab9e384ab8@group-841F80B7E38C:LeaderElection233] INFO  impl.RaftServerImpl (RaftServerImpl.java:setRole(174)) - a8823747-7b39-4599-aab8-abab9e384ab8@group-841F80B7E38C: changes role from CANDIDATE to LEADER at term 1 for changeToLeader
2019-09-25 11:09:19,551 [0b8a7ff0-298a-4c7b-84aa-a28921900e21@group-CD91A94E1E2D:LeaderElection234] INFO  impl.RaftServerImpl (ServerState.java:setLeader(253)) - 0b8a7ff0-298a-4c7b-84aa-a28921900e21@group-CD91A94E1E2D: change Leader from null to 0b8a7ff0-298a-4c7b-84aa-a28921900e21 at term 1 for becomeLeader, leader elected after 5059ms
2019-09-25 11:09:19,551 [a8823747-7b39-4599-aab8-abab9e384ab8@group-841F80B7E38C:LeaderElection233] INFO  impl.RaftServerImpl (ServerState.java:setLeader(253)) - a8823747-7b39-4599-aab8-abab9e384ab8@group-841F80B7E38C: change Leader from null to a8823747-7b39-4599-aab8-abab9e384ab8 at term 1 for becomeLeader, leader elected after 5228ms
2019-09-25 11:09:19,551 [0b8a7ff0-298a-4c7b-84aa-a28921900e21@group-CD91A94E1E2D:LeaderElection234] INFO  server.RaftServerConfigKeys (ConfUtils.java:logGet(43)) - raft.server.staging.catchup.gap = 1000 (default)
2019-09-25 11:09:19,551 [a8823747-7b39-4599-aab8-abab9e384ab8@group-841F80B7E38C:LeaderElection233] INFO  server.RaftServerConfigKeys (ConfUtils.java:logGet(43)) - raft.server.staging.catchup.gap = 1000 (default)
2019-09-25 11:09:19,551 [0b8a7ff0-298a-4c7b-84aa-a28921900e21@group-CD91A94E1E2D:LeaderElection234] INFO  server.RaftServerConfigKeys (ConfUtils.java:logGet(43)) - raft.server.rpc.sleep.time = 25ms (default)
2019-09-25 11:09:19,552 [a8823747-7b39-4599-aab8-abab9e384ab8@group-841F80B7E38C:LeaderElection233] INFO  server.RaftServerConfigKeys (ConfUtils.java:logGet(43)) - raft.server.rpc.sleep.time = 25ms (default)
2019-09-25 11:09:19,552 [0b8a7ff0-298a-4c7b-84aa-a28921900e21@group-CD91A94E1E2D:LeaderElection234] INFO  server.RaftServerConfigKeys (ConfUtils.java:logGet(43)) - raft.server.write.element-limit = 4096 (default)
2019-09-25 11:09:19,552 [a8823747-7b39-4599-aab8-abab9e384ab8@group-841F80B7E38C:LeaderElection233] INFO  server.RaftServerConfigKeys (ConfUtils.java:logGet(43)) - raft.server.write.element-limit = 4096 (default)
2019-09-25 11:09:19,552 [0b8a7ff0-298a-4c7b-84aa-a28921900e21@group-CD91A94E1E2D:LeaderElection234] INFO  server.RaftServerConfigKeys (ConfUtils.java:logGet(43)) - raft.server.watch.timeout = 10s (default)
2019-09-25 11:09:19,552 [a8823747-7b39-4599-aab8-abab9e384ab8@group-841F80B7E38C:LeaderElection233] INFO  server.RaftServerConfigKeys (ConfUtils.java:logGet(43)) - raft.server.watch.timeout = 10s (default)
2019-09-25 11:09:19,552 [0b8a7ff0-298a-4c7b-84aa-a28921900e21@group-CD91A94E1E2D:LeaderElection234] INFO  server.RaftServerConfigKeys (ConfUtils.java:logGet(43)) - raft.server.watch.timeout.denomination = 1s (default)
2019-09-25 11:09:19,552 [a8823747-7b39-4599-aab8-abab9e384ab8@group-841F80B7E38C:LeaderElection233] INFO  server.RaftServerConfigKeys (ConfUtils.java:logGet(43)) - raft.server.watch.timeout.denomination = 1s (default)
2019-09-25 11:09:19,552 [0b8a7ff0-298a-4c7b-84aa-a28921900e21@group-CD91A94E1E2D:LeaderElection234] INFO  server.RaftServerConfigKeys (ConfUtils.java:logGet(43)) - raft.server.watch.element-limit = 65536 (default)
2019-09-25 11:09:19,553 [a8823747-7b39-4599-aab8-abab9e384ab8@group-841F80B7E38C:LeaderElection233] INFO  server.RaftServerConfigKeys (ConfUtils.java:logGet(43)) - raft.server.watch.element-limit = 65536 (default)
2019-09-25 11:09:19,554 [0b8a7ff0-298a-4c7b-84aa-a28921900e21@group-CD91A94E1E2D:LeaderElection234] INFO  impl.RoleInfo (RoleInfo.java:updateAndGet(143)) - 0b8a7ff0-298a-4c7b-84aa-a28921900e21: start LeaderState
2019-09-25 11:09:19,554 [0b8a7ff0-298a-4c7b-84aa-a28921900e21@group-CD91A94E1E2D:LeaderElection234] INFO  segmented.SegmentedRaftLogWorker (SegmentedRaftLogWorker.java:startLogSegment(380)) - 0b8a7ff0-298a-4c7b-84aa-a28921900e21@group-CD91A94E1E2D-SegmentedRaftLogWorker: Starting segment from index:0
2019-09-25 11:09:19,554 [a8823747-7b39-4599-aab8-abab9e384ab8@group-841F80B7E38C:LeaderElection233] INFO  impl.RoleInfo (RoleInfo.java:updateAndGet(143)) - a8823747-7b39-4599-aab8-abab9e384ab8: start LeaderState
2019-09-25 11:09:19,554 [0b8a7ff0-298a-4c7b-84aa-a28921900e21@group-CD91A94E1E2D:LeaderElection234] INFO  impl.RaftServerImpl (ServerState.java:setRaftConf(354)) - 0b8a7ff0-298a-4c7b-84aa-a28921900e21@group-CD91A94E1E2D: set configuration 0: [0b8a7ff0-298a-4c7b-84aa-a28921900e21:192.168.30.6:34704], old=null at 0
2019-09-25 11:09:19,555 [a8823747-7b39-4599-aab8-abab9e384ab8@group-841F80B7E38C:LeaderElection233] INFO  segmented.SegmentedRaftLogWorker (SegmentedRaftLogWorker.java:startLogSegment(380)) - a8823747-7b39-4599-aab8-abab9e384ab8@group-841F80B7E38C-SegmentedRaftLogWorker: Starting segment from index:0
2019-09-25 11:09:19,555 [a8823747-7b39-4599-aab8-abab9e384ab8@group-841F80B7E38C:LeaderElection233] INFO  impl.RaftServerImpl (ServerState.java:setRaftConf(354)) - a8823747-7b39-4599-aab8-abab9e384ab8@group-841F80B7E38C: set configuration 0: [a8823747-7b39-4599-aab8-abab9e384ab8:192.168.30.6:44788], old=null at 0
2019-09-25 11:09:19,594 [Thread-3132] INFO  impl.FollowerState (FollowerState.java:run(106)) - 97301ee4-d551-4dc8-86de-1a37740aeeca:group-B8A70FA84C7F changes to CANDIDATE, lastRpcTime:5056, electionTimeout:5056ms
2019-09-25 11:09:19,594 [Thread-3132] INFO  impl.RoleInfo (RoleInfo.java:shutdownFollowerState(121)) - 97301ee4-d551-4dc8-86de-1a37740aeeca: shutdown FollowerState
2019-09-25 11:09:19,594 [Thread-3132] INFO  impl.RaftServerImpl (RaftServerImpl.java:setRole(174)) - 97301ee4-d551-4dc8-86de-1a37740aeeca@group-B8A70FA84C7F: changes role from  FOLLOWER to CANDIDATE at term 0 for changeToCandidate
2019-09-25 11:09:19,594 [Thread-3132] INFO  impl.RoleInfo (RoleInfo.java:updateAndGet(143)) - 97301ee4-d551-4dc8-86de-1a37740aeeca: start LeaderElection
2019-09-25 11:09:19,599 [0b8a7ff0-298a-4c7b-84aa-a28921900e21@group-CD91A94E1E2D-SegmentedRaftLogWorker] INFO  segmented.SegmentedRaftLogWorker (SegmentedRaftLogWorker.java:execute(569)) - 0b8a7ff0-298a-4c7b-84aa-a28921900e21@group-CD91A94E1E2D-SegmentedRaftLogWorker: created new log segment /workdir/hadoop-ozone/integration-test/target/test-dir/MiniOzoneClusterImpl-4b1c6350-cd3e-4172-b7a0-e9c66394f836/datanode-5/data/ratis/7dbfcddb-6fc7-4211-9efe-cd91a94e1e2d/current/log_inprogress_0
2019-09-25 11:09:19,599 [a8823747-7b39-4599-aab8-abab9e384ab8@group-841F80B7E38C-SegmentedRaftLogWorker] INFO  segmented.SegmentedRaftLogWorker (SegmentedRaftLogWorker.java:execute(569)) - a8823747-7b39-4599-aab8-abab9e384ab8@group-841F80B7E38C-SegmentedRaftLogWorker: created new log segment /workdir/hadoop-ozone/integration-test/target/test-dir/MiniOzoneClusterImpl-4b1c6350-cd3e-4172-b7a0-e9c66394f836/datanode-0/data/ratis/bda3b189-4dc0-46cc-bfea-841f80b7e38c/current/log_inprogress_0
2019-09-25 11:09:19,605 [Thread-3123] INFO  impl.FollowerState (FollowerState.java:run(106)) - 97301ee4-d551-4dc8-86de-1a37740aeeca:group-A0BC16DF7CE3 changes to CANDIDATE, lastRpcTime:5187, electionTimeout:5187ms
2019-09-25 11:09:19,605 [Thread-3123] INFO  impl.RoleInfo (RoleInfo.java:shutdownFollowerState(121)) - 97301ee4-d551-4dc8-86de-1a37740aeeca: shutdown FollowerState
2019-09-25 11:09:19,606 [Thread-3123] INFO  impl.RaftServerImpl (RaftServerImpl.java:setRole(174)) - 97301ee4-d551-4dc8-86de-1a37740aeeca@group-A0BC16DF7CE3: changes role from  FOLLOWER to CANDIDATE at term 0 for changeToCandidate
2019-09-25 11:09:19,606 [Thread-3123] INFO  impl.RoleInfo (RoleInfo.java:updateAndGet(143)) - 97301ee4-d551-4dc8-86de-1a37740aeeca: start LeaderElection
2019-09-25 11:09:19,613 [97301ee4-d551-4dc8-86de-1a37740aeeca@group-B8A70FA84C7F:LeaderElection235] INFO  impl.LeaderElection (LeaderElection.java:askForVotes(182)) - 97301ee4-d551-4dc8-86de-1a37740aeeca@group-B8A70FA84C7F:LeaderElection235: begin an election at term 1 for -1: [97301ee4-d551-4dc8-86de-1a37740aeeca:192.168.30.6:39526], old=null
2019-09-25 11:09:19,613 [97301ee4-d551-4dc8-86de-1a37740aeeca@group-A0BC16DF7CE3:LeaderElection236] INFO  impl.LeaderElection (LeaderElection.java:askForVotes(182)) - 97301ee4-d551-4dc8-86de-1a37740aeeca@group-A0BC16DF7CE3:LeaderElection236: begin an election at term 1 for -1: [97301ee4-d551-4dc8-86de-1a37740aeeca:192.168.30.6:39526], old=null
2019-09-25 11:09:19,613 [97301ee4-d551-4dc8-86de-1a37740aeeca@group-B8A70FA84C7F:LeaderElection235] INFO  impl.RoleInfo (RoleInfo.java:shutdownLeaderElection(134)) - 97301ee4-d551-4dc8-86de-1a37740aeeca: shutdown LeaderElection
2019-09-25 11:09:19,613 [97301ee4-d551-4dc8-86de-1a37740aeeca@group-A0BC16DF7CE3:LeaderElection236] INFO  impl.RoleInfo (RoleInfo.java:shutdownLeaderElection(134)) - 97301ee4-d551-4dc8-86de-1a37740aeeca: shutdown LeaderElection
2019-09-25 11:09:19,613 [97301ee4-d551-4dc8-86de-1a37740aeeca@group-B8A70FA84C7F:LeaderElection235] INFO  impl.RaftServerImpl (RaftServerImpl.java:setRole(174)) - 97301ee4-d551-4dc8-86de-1a37740aeeca@group-B8A70FA84C7F: changes role from CANDIDATE to LEADER at term 1 for changeToLeader
2019-09-25 11:09:19,613 [97301ee4-d551-4dc8-86de-1a37740aeeca@group-A0BC16DF7CE3:LeaderElection236] INFO  impl.RaftServerImpl (RaftServerImpl.java:setRole(174)) - 97301ee4-d551-4dc8-86de-1a37740aeeca@group-A0BC16DF7CE3: changes role from CANDIDATE to LEADER at term 1 for changeToLeader
2019-09-25 11:09:19,613 [97301ee4-d551-4dc8-86de-1a37740aeeca@group-B8A70FA84C7F:LeaderElection235] INFO  impl.RaftServerImpl (ServerState.java:setLeader(253)) - 97301ee4-d551-4dc8-86de-1a37740aeeca@group-B8A70FA84C7F: change Leader from null to 97301ee4-d551-4dc8-86de-1a37740aeeca at term 1 for becomeLeader, leader elected after 5081ms
2019-09-25 11:09:19,614 [97301ee4-d551-4dc8-86de-1a37740aeeca@group-A0BC16DF7CE3:LeaderElection236] INFO  impl.RaftServerImpl (ServerState.java:setLeader(253)) - 97301ee4-d551-4dc8-86de-1a37740aeeca@group-A0BC16DF7CE3: change Leader from null to 97301ee4-d551-4dc8-86de-1a37740aeeca at term 1 for becomeLeader, leader elected after 5200ms
2019-09-25 11:09:19,614 [97301ee4-d551-4dc8-86de-1a37740aeeca@group-B8A70FA84C7F:LeaderElection235] INFO  server.RaftServerConfigKeys (ConfUtils.java:logGet(43)) - raft.server.staging.catchup.gap = 1000 (default)
2019-09-25 11:09:19,614 [97301ee4-d551-4dc8-86de-1a37740aeeca@group-B8A70FA84C7F:LeaderElection235] INFO  server.RaftServerConfigKeys (ConfUtils.java:logGet(43)) - raft.server.rpc.sleep.time = 25ms (default)
2019-09-25 11:09:19,614 [97301ee4-d551-4dc8-86de-1a37740aeeca@group-A0BC16DF7CE3:LeaderElection236] INFO  server.RaftServerConfigKeys (ConfUtils.java:logGet(43)) - raft.server.staging.catchup.gap = 1000 (default)
2019-09-25 11:09:19,614 [97301ee4-d551-4dc8-86de-1a37740aeeca@group-B8A70FA84C7F:LeaderElection235] INFO  server.RaftServerConfigKeys (ConfUtils.java:logGet(43)) - raft.server.write.element-limit = 4096 (default)
2019-09-25 11:09:19,614 [97301ee4-d551-4dc8-86de-1a37740aeeca@group-A0BC16DF7CE3:LeaderElection236] INFO  server.RaftServerConfigKeys (ConfUtils.java:logGet(43)) - raft.server.rpc.sleep.time = 25ms (default)
2019-09-25 11:09:19,614 [97301ee4-d551-4dc8-86de-1a37740aeeca@group-B8A70FA84C7F:LeaderElection235] INFO  server.RaftServerConfigKeys (ConfUtils.java:logGet(43)) - raft.server.watch.timeout = 10s (default)
2019-09-25 11:09:19,614 [97301ee4-d551-4dc8-86de-1a37740aeeca@group-A0BC16DF7CE3:LeaderElection236] INFO  server.RaftServerConfigKeys (ConfUtils.java:logGet(43)) - raft.server.write.element-limit = 4096 (default)
2019-09-25 11:09:19,614 [97301ee4-d551-4dc8-86de-1a37740aeeca@group-B8A70FA84C7F:LeaderElection235] INFO  server.RaftServerConfigKeys (ConfUtils.java:logGet(43)) - raft.server.watch.timeout.denomination = 1s (default)
2019-09-25 11:09:19,615 [97301ee4-d551-4dc8-86de-1a37740aeeca@group-A0BC16DF7CE3:LeaderElection236] INFO  server.RaftServerConfigKeys (ConfUtils.java:logGet(43)) - raft.server.watch.timeout = 10s (default)
2019-09-25 11:09:19,615 [97301ee4-d551-4dc8-86de-1a37740aeeca@group-B8A70FA84C7F:LeaderElection235] INFO  server.RaftServerConfigKeys (ConfUtils.java:logGet(43)) - raft.server.watch.element-limit = 65536 (default)
2019-09-25 11:09:19,615 [97301ee4-d551-4dc8-86de-1a37740aeeca@group-A0BC16DF7CE3:LeaderElection236] INFO  server.RaftServerConfigKeys (ConfUtils.java:logGet(43)) - raft.server.watch.timeout.denomination = 1s (default)
2019-09-25 11:09:19,615 [97301ee4-d551-4dc8-86de-1a37740aeeca@group-A0BC16DF7CE3:LeaderElection236] INFO  server.RaftServerConfigKeys (ConfUtils.java:logGet(43)) - raft.server.watch.element-limit = 65536 (default)
2019-09-25 11:09:19,616 [97301ee4-d551-4dc8-86de-1a37740aeeca@group-B8A70FA84C7F:LeaderElection235] INFO  impl.RoleInfo (RoleInfo.java:updateAndGet(143)) - 97301ee4-d551-4dc8-86de-1a37740aeeca: start LeaderState
2019-09-25 11:09:19,616 [97301ee4-d551-4dc8-86de-1a37740aeeca@group-B8A70FA84C7F:LeaderElection235] INFO  segmented.SegmentedRaftLogWorker (SegmentedRaftLogWorker.java:startLogSegment(380)) - 97301ee4-d551-4dc8-86de-1a37740aeeca@group-B8A70FA84C7F-SegmentedRaftLogWorker: Starting segment from index:0
2019-09-25 11:09:19,617 [97301ee4-d551-4dc8-86de-1a37740aeeca@group-B8A70FA84C7F:LeaderElection235] INFO  impl.RaftServerImpl (ServerState.java:setRaftConf(354)) - 97301ee4-d551-4dc8-86de-1a37740aeeca@group-B8A70FA84C7F: set configuration 0: [97301ee4-d551-4dc8-86de-1a37740aeeca:192.168.30.6:39526], old=null at 0
2019-09-25 11:09:19,617 [97301ee4-d551-4dc8-86de-1a37740aeeca@group-A0BC16DF7CE3:LeaderElection236] INFO  impl.RoleInfo (RoleInfo.java:updateAndGet(143)) - 97301ee4-d551-4dc8-86de-1a37740aeeca: start LeaderState
2019-09-25 11:09:19,618 [97301ee4-d551-4dc8-86de-1a37740aeeca@group-A0BC16DF7CE3:LeaderElection236] INFO  segmented.SegmentedRaftLogWorker (SegmentedRaftLogWorker.java:startLogSegment(380)) - 97301ee4-d551-4dc8-86de-1a37740aeeca@group-A0BC16DF7CE3-SegmentedRaftLogWorker: Starting segment from index:0
2019-09-25 11:09:19,618 [97301ee4-d551-4dc8-86de-1a37740aeeca@group-A0BC16DF7CE3:LeaderElection236] INFO  impl.RaftServerImpl (ServerState.java:setRaftConf(354)) - 97301ee4-d551-4dc8-86de-1a37740aeeca@group-A0BC16DF7CE3: set configuration 0: [97301ee4-d551-4dc8-86de-1a37740aeeca:192.168.30.6:39526], old=null at 0
2019-09-25 11:09:19,654 [97301ee4-d551-4dc8-86de-1a37740aeeca@group-B8A70FA84C7F-SegmentedRaftLogWorker] INFO  segmented.SegmentedRaftLogWorker (SegmentedRaftLogWorker.java:execute(569)) - 97301ee4-d551-4dc8-86de-1a37740aeeca@group-B8A70FA84C7F-SegmentedRaftLogWorker: created new log segment /workdir/hadoop-ozone/integration-test/target/test-dir/MiniOzoneClusterImpl-4b1c6350-cd3e-4172-b7a0-e9c66394f836/datanode-2/data/ratis/1fc8a976-7293-4093-adc0-b8a70fa84c7f/current/log_inprogress_0
2019-09-25 11:09:19,654 [97301ee4-d551-4dc8-86de-1a37740aeeca@group-A0BC16DF7CE3-SegmentedRaftLogWorker] INFO  segmented.SegmentedRaftLogWorker (SegmentedRaftLogWorker.java:execute(569)) - 97301ee4-d551-4dc8-86de-1a37740aeeca@group-A0BC16DF7CE3-SegmentedRaftLogWorker: created new log segment /workdir/hadoop-ozone/integration-test/target/test-dir/MiniOzoneClusterImpl-4b1c6350-cd3e-4172-b7a0-e9c66394f836/datanode-2/data/ratis/e2b8210a-e630-46f6-99df-a0bc16df7ce3/current/log_inprogress_0
2019-09-25 11:09:19,668 [Thread-3138] INFO  impl.FollowerState (FollowerState.java:run(106)) - 0ce03005-f534-496c-a0eb-c417dd14ba94:group-05926D0EAFF1 changes to CANDIDATE, lastRpcTime:5058, electionTimeout:5058ms
2019-09-25 11:09:19,668 [Thread-3138] INFO  impl.RoleInfo (RoleInfo.java:shutdownFollowerState(121)) - 0ce03005-f534-496c-a0eb-c417dd14ba94: shutdown FollowerState
2019-09-25 11:09:19,668 [Thread-3138] INFO  impl.RaftServerImpl (RaftServerImpl.java:setRole(174)) - 0ce03005-f534-496c-a0eb-c417dd14ba94@group-05926D0EAFF1: changes role from  FOLLOWER to CANDIDATE at term 0 for changeToCandidate
2019-09-25 11:09:19,668 [Thread-3138] INFO  impl.RoleInfo (RoleInfo.java:updateAndGet(143)) - 0ce03005-f534-496c-a0eb-c417dd14ba94: start LeaderElection
2019-09-25 11:09:19,684 [0ce03005-f534-496c-a0eb-c417dd14ba94@group-05926D0EAFF1:LeaderElection237] INFO  impl.LeaderElection (LeaderElection.java:askForVotes(182)) - 0ce03005-f534-496c-a0eb-c417dd14ba94@group-05926D0EAFF1:LeaderElection237: begin an election at term 1 for -1: [0ce03005-f534-496c-a0eb-c417dd14ba94:192.168.30.6:34724], old=null
2019-09-25 11:09:19,685 [0ce03005-f534-496c-a0eb-c417dd14ba94@group-05926D0EAFF1:LeaderElection237] INFO  impl.RoleInfo (RoleInfo.java:shutdownLeaderElection(134)) - 0ce03005-f534-496c-a0eb-c417dd14ba94: shutdown LeaderElection
2019-09-25 11:09:19,685 [0ce03005-f534-496c-a0eb-c417dd14ba94@group-05926D0EAFF1:LeaderElection237] INFO  impl.RaftServerImpl (RaftServerImpl.java:setRole(174)) - 0ce03005-f534-496c-a0eb-c417dd14ba94@group-05926D0EAFF1: changes role from CANDIDATE to LEADER at term 1 for changeToLeader
2019-09-25 11:09:19,685 [0ce03005-f534-496c-a0eb-c417dd14ba94@group-05926D0EAFF1:LeaderElection237] INFO  impl.RaftServerImpl (ServerState.java:setLeader(253)) - 0ce03005-f534-496c-a0eb-c417dd14ba94@group-05926D0EAFF1: change Leader from null to 0ce03005-f534-496c-a0eb-c417dd14ba94 at term 1 for becomeLeader, leader elected after 5079ms
2019-09-25 11:09:19,685 [0ce03005-f534-496c-a0eb-c417dd14ba94@group-05926D0EAFF1:LeaderElection237] INFO  server.RaftServerConfigKeys (ConfUtils.java:logGet(43)) - raft.server.staging.catchup.gap = 1000 (default)
2019-09-25 11:09:19,685 [0ce03005-f534-496c-a0eb-c417dd14ba94@group-05926D0EAFF1:LeaderElection237] INFO  server.RaftServerConfigKeys (ConfUtils.java:logGet(43)) - raft.server.rpc.sleep.time = 25ms (default)
2019-09-25 11:09:19,685 [0ce03005-f534-496c-a0eb-c417dd14ba94@group-05926D0EAFF1:LeaderElection237] INFO  server.RaftServerConfigKeys (ConfUtils.java:logGet(43)) - raft.server.write.element-limit = 4096 (default)
2019-09-25 11:09:19,685 [0ce03005-f534-496c-a0eb-c417dd14ba94@group-05926D0EAFF1:LeaderElection237] INFO  server.RaftServerConfigKeys (ConfUtils.java:logGet(43)) - raft.server.watch.timeout = 10s (default)
2019-09-25 11:09:19,685 [0ce03005-f534-496c-a0eb-c417dd14ba94@group-05926D0EAFF1:LeaderElection237] INFO  server.RaftServerConfigKeys (ConfUtils.java:logGet(43)) - raft.server.watch.timeout.denomination = 1s (default)
2019-09-25 11:09:19,685 [0ce03005-f534-496c-a0eb-c417dd14ba94@group-05926D0EAFF1:LeaderElection237] INFO  server.RaftServerConfigKeys (ConfUtils.java:logGet(43)) - raft.server.watch.element-limit = 65536 (default)
2019-09-25 11:09:19,687 [0ce03005-f534-496c-a0eb-c417dd14ba94@group-05926D0EAFF1:LeaderElection237] INFO  impl.RoleInfo (RoleInfo.java:updateAndGet(143)) - 0ce03005-f534-496c-a0eb-c417dd14ba94: start LeaderState
2019-09-25 11:09:19,687 [0ce03005-f534-496c-a0eb-c417dd14ba94@group-05926D0EAFF1:LeaderElection237] INFO  segmented.SegmentedRaftLogWorker (SegmentedRaftLogWorker.java:startLogSegment(380)) - 0ce03005-f534-496c-a0eb-c417dd14ba94@group-05926D0EAFF1-SegmentedRaftLogWorker: Starting segment from index:0
2019-09-25 11:09:19,687 [0ce03005-f534-496c-a0eb-c417dd14ba94@group-05926D0EAFF1:LeaderElection237] INFO  impl.RaftServerImpl (ServerState.java:setRaftConf(354)) - 0ce03005-f534-496c-a0eb-c417dd14ba94@group-05926D0EAFF1: set configuration 0: [0ce03005-f534-496c-a0eb-c417dd14ba94:192.168.30.6:34724], old=null at 0
2019-09-25 11:09:19,732 [0ce03005-f534-496c-a0eb-c417dd14ba94@group-05926D0EAFF1-SegmentedRaftLogWorker] INFO  segmented.SegmentedRaftLogWorker (SegmentedRaftLogWorker.java:execute(569)) - 0ce03005-f534-496c-a0eb-c417dd14ba94@group-05926D0EAFF1-SegmentedRaftLogWorker: created new log segment /workdir/hadoop-ozone/integration-test/target/test-dir/MiniOzoneClusterImpl-4b1c6350-cd3e-4172-b7a0-e9c66394f836/datanode-3/data/ratis/a9dac57a-7a95-40a1-a55b-05926d0eaff1/current/log_inprogress_0
2019-09-25 11:09:19,747 [Thread-3135] INFO  impl.FollowerState (FollowerState.java:run(106)) - 0ce03005-f534-496c-a0eb-c417dd14ba94:group-F76DAFA8E164 changes to CANDIDATE, lastRpcTime:5173, electionTimeout:5173ms
2019-09-25 11:09:19,747 [Thread-3135] INFO  impl.RoleInfo (RoleInfo.java:shutdownFollowerState(121)) - 0ce03005-f534-496c-a0eb-c417dd14ba94: shutdown FollowerState
2019-09-25 11:09:19,747 [Thread-3135] INFO  impl.RaftServerImpl (RaftServerImpl.java:setRole(174)) - 0ce03005-f534-496c-a0eb-c417dd14ba94@group-F76DAFA8E164: changes role from  FOLLOWER to CANDIDATE at term 0 for changeToCandidate
2019-09-25 11:09:19,748 [Thread-3135] INFO  impl.RoleInfo (RoleInfo.java:updateAndGet(143)) - 0ce03005-f534-496c-a0eb-c417dd14ba94: start LeaderElection
2019-09-25 11:09:19,769 [Thread-3144] INFO  impl.FollowerState (FollowerState.java:run(106)) - dc1340b3-b3e2-49ee-a070-51ac5340e4da:group-2FD81FC479EA changes to CANDIDATE, lastRpcTime:5082, electionTimeout:5073ms
2019-09-25 11:09:19,770 [Thread-3147] INFO  impl.FollowerState (FollowerState.java:run(106)) - 4cceff1e-2c3f-451c-8b62-7d06bcf43963:group-87F372F55945 changes to CANDIDATE, lastRpcTime:5051, electionTimeout:5035ms
2019-09-25 11:09:19,770 [Thread-3144] INFO  impl.RoleInfo (RoleInfo.java:shutdownFollowerState(121)) - dc1340b3-b3e2-49ee-a070-51ac5340e4da: shutdown FollowerState
2019-09-25 11:09:19,770 [Thread-3147] INFO  impl.RoleInfo (RoleInfo.java:shutdownFollowerState(121)) - 4cceff1e-2c3f-451c-8b62-7d06bcf43963: shutdown FollowerState
2019-09-25 11:09:19,770 [Thread-3144] INFO  impl.RaftServerImpl (RaftServerImpl.java:setRole(174)) - dc1340b3-b3e2-49ee-a070-51ac5340e4da@group-2FD81FC479EA: changes role from  FOLLOWER to CANDIDATE at term 0 for changeToCandidate
2019-09-25 11:09:19,770 [Thread-3147] INFO  impl.RaftServerImpl (RaftServerImpl.java:setRole(174)) - 4cceff1e-2c3f-451c-8b62-7d06bcf43963@group-87F372F55945: changes role from  FOLLOWER to CANDIDATE at term 0 for changeToCandidate
2019-09-25 11:09:19,770 [Thread-3144] INFO  impl.RoleInfo (RoleInfo.java:updateAndGet(143)) - dc1340b3-b3e2-49ee-a070-51ac5340e4da: start LeaderElection
2019-09-25 11:09:19,770 [Thread-3147] INFO  impl.RoleInfo (RoleInfo.java:updateAndGet(143)) - 4cceff1e-2c3f-451c-8b62-7d06bcf43963: start LeaderElection
2019-09-25 11:09:19,789 [0ce03005-f534-496c-a0eb-c417dd14ba94@group-F76DAFA8E164:LeaderElection238] INFO  impl.LeaderElection (LeaderElection.java:askForVotes(182)) - 0ce03005-f534-496c-a0eb-c417dd14ba94@group-F76DAFA8E164:LeaderElection238: begin an election at term 1 for -1: [0ce03005-f534-496c-a0eb-c417dd14ba94:192.168.30.6:34724], old=null
2019-09-25 11:09:19,789 [4cceff1e-2c3f-451c-8b62-7d06bcf43963@group-87F372F55945:LeaderElection240] INFO  impl.LeaderElection (LeaderElection.java:askForVotes(182)) - 4cceff1e-2c3f-451c-8b62-7d06bcf43963@group-87F372F55945:LeaderElection240: begin an election at term 1 for -1: [4cceff1e-2c3f-451c-8b62-7d06bcf43963:192.168.30.6:43389], old=null
2019-09-25 11:09:19,789 [dc1340b3-b3e2-49ee-a070-51ac5340e4da@group-2FD81FC479EA:LeaderElection239] INFO  impl.LeaderElection (LeaderElection.java:askForVotes(182)) - dc1340b3-b3e2-49ee-a070-51ac5340e4da@group-2FD81FC479EA:LeaderElection239: begin an election at term 1 for -1: [dc1340b3-b3e2-49ee-a070-51ac5340e4da:192.168.30.6:35849], old=null
2019-09-25 11:09:19,789 [4cceff1e-2c3f-451c-8b62-7d06bcf43963@group-87F372F55945:LeaderElection240] INFO  impl.RoleInfo (RoleInfo.java:shutdownLeaderElection(134)) - 4cceff1e-2c3f-451c-8b62-7d06bcf43963: shutdown LeaderElection
2019-09-25 11:09:19,789 [0ce03005-f534-496c-a0eb-c417dd14ba94@group-F76DAFA8E164:LeaderElection238] INFO  impl.RoleInfo (RoleInfo.java:shutdownLeaderElection(134)) - 0ce03005-f534-496c-a0eb-c417dd14ba94: shutdown LeaderElection
2019-09-25 11:09:19,789 [4cceff1e-2c3f-451c-8b62-7d06bcf43963@group-87F372F55945:LeaderElection240] INFO  impl.RaftServerImpl (RaftServerImpl.java:setRole(174)) - 4cceff1e-2c3f-451c-8b62-7d06bcf43963@group-87F372F55945: changes role from CANDIDATE to LEADER at term 1 for changeToLeader
2019-09-25 11:09:19,789 [4cceff1e-2c3f-451c-8b62-7d06bcf43963@group-87F372F55945:LeaderElection240] INFO  impl.RaftServerImpl (ServerState.java:setLeader(253)) - 4cceff1e-2c3f-451c-8b62-7d06bcf43963@group-87F372F55945: change Leader from null to 4cceff1e-2c3f-451c-8b62-7d06bcf43963 at term 1 for becomeLeader, leader elected after 5074ms
2019-09-25 11:09:19,789 [dc1340b3-b3e2-49ee-a070-51ac5340e4da@group-2FD81FC479EA:LeaderElection239] INFO  impl.RoleInfo (RoleInfo.java:shutdownLeaderElection(134)) - dc1340b3-b3e2-49ee-a070-51ac5340e4da: shutdown LeaderElection
2019-09-25 11:09:19,789 [4cceff1e-2c3f-451c-8b62-7d06bcf43963@group-87F372F55945:LeaderElection240] INFO  server.RaftServerConfigKeys (ConfUtils.java:logGet(43)) - raft.server.staging.catchup.gap = 1000 (default)
2019-09-25 11:09:19,789 [0ce03005-f534-496c-a0eb-c417dd14ba94@group-F76DAFA8E164:LeaderElection238] INFO  impl.RaftServerImpl (RaftServerImpl.java:setRole(174)) - 0ce03005-f534-496c-a0eb-c417dd14ba94@group-F76DAFA8E164: changes role from CANDIDATE to LEADER at term 1 for changeToLeader
2019-09-25 11:09:19,790 [4cceff1e-2c3f-451c-8b62-7d06bcf43963@group-87F372F55945:LeaderElection240] INFO  server.RaftServerConfigKeys (ConfUtils.java:logGet(43)) - raft.server.rpc.sleep.time = 25ms (default)
2019-09-25 11:09:19,790 [dc1340b3-b3e2-49ee-a070-51ac5340e4da@group-2FD81FC479EA:LeaderElection239] INFO  impl.RaftServerImpl (RaftServerImpl.java:setRole(174)) - dc1340b3-b3e2-49ee-a070-51ac5340e4da@group-2FD81FC479EA: changes role from CANDIDATE to LEADER at term 1 for changeToLeader
2019-09-25 11:09:19,790 [4cceff1e-2c3f-451c-8b62-7d06bcf43963@group-87F372F55945:LeaderElection240] INFO  server.RaftServerConfigKeys (ConfUtils.java:logGet(43)) - raft.server.write.element-limit = 4096 (default)
2019-09-25 11:09:19,790 [0ce03005-f534-496c-a0eb-c417dd14ba94@group-F76DAFA8E164:LeaderElection238] INFO  impl.RaftServerImpl (ServerState.java:setLeader(253)) - 0ce03005-f534-496c-a0eb-c417dd14ba94@group-F76DAFA8E164: change Leader from null to 0ce03005-f534-496c-a0eb-c417dd14ba94 at term 1 for becomeLeader, leader elected after 5220ms
2019-09-25 11:09:19,790 [4cceff1e-2c3f-451c-8b62-7d06bcf43963@group-87F372F55945:LeaderElection240] INFO  server.RaftServerConfigKeys (ConfUtils.java:logGet(43)) - raft.server.watch.timeout = 10s (default)
2019-09-25 11:09:19,790 [dc1340b3-b3e2-49ee-a070-51ac5340e4da@group-2FD81FC479EA:LeaderElection239] INFO  impl.RaftServerImpl (ServerState.java:setLeader(253)) - dc1340b3-b3e2-49ee-a070-51ac5340e4da@group-2FD81FC479EA: change Leader from null to dc1340b3-b3e2-49ee-a070-51ac5340e4da at term 1 for becomeLeader, leader elected after 5109ms
2019-09-25 11:09:19,790 [4cceff1e-2c3f-451c-8b62-7d06bcf43963@group-87F372F55945:LeaderElection240] INFO  server.RaftServerConfigKeys (ConfUtils.java:logGet(43)) - raft.server.watch.timeout.denomination = 1s (default)
2019-09-25 11:09:19,790 [0ce03005-f534-496c-a0eb-c417dd14ba94@group-F76DAFA8E164:LeaderElection238] INFO  server.RaftServerConfigKeys (ConfUtils.java:logGet(43)) - raft.server.staging.catchup.gap = 1000 (default)
2019-09-25 11:09:19,791 [4cceff1e-2c3f-451c-8b62-7d06bcf43963@group-87F372F55945:LeaderElection240] INFO  server.RaftServerConfigKeys (ConfUtils.java:logGet(43)) - raft.server.watch.element-limit = 65536 (default)
2019-09-25 11:09:19,791 [dc1340b3-b3e2-49ee-a070-51ac5340e4da@group-2FD81FC479EA:LeaderElection239] INFO  server.RaftServerConfigKeys (ConfUtils.java:logGet(43)) - raft.server.staging.catchup.gap = 1000 (default)
2019-09-25 11:09:19,791 [0ce03005-f534-496c-a0eb-c417dd14ba94@group-F76DAFA8E164:LeaderElection238] INFO  server.RaftServerConfigKeys (ConfUtils.java:logGet(43)) - raft.server.rpc.sleep.time = 25ms (default)
2019-09-25 11:09:19,791 [dc1340b3-b3e2-49ee-a070-51ac5340e4da@group-2FD81FC479EA:LeaderElection239] INFO  server.RaftServerConfigKeys (ConfUtils.java:logGet(43)) - raft.server.rpc.sleep.time = 25ms (default)
2019-09-25 11:09:19,791 [0ce03005-f534-496c-a0eb-c417dd14ba94@group-F76DAFA8E164:LeaderElection238] INFO  server.RaftServerConfigKeys (ConfUtils.java:logGet(43)) - raft.server.write.element-limit = 4096 (default)
2019-09-25 11:09:19,791 [dc1340b3-b3e2-49ee-a070-51ac5340e4da@group-2FD81FC479EA:LeaderElection239] INFO  server.RaftServerConfigKeys (ConfUtils.java:logGet(43)) - raft.server.write.element-limit = 4096 (default)
2019-09-25 11:09:19,791 [0ce03005-f534-496c-a0eb-c417dd14ba94@group-F76DAFA8E164:LeaderElection238] INFO  server.RaftServerConfigKeys (ConfUtils.java:logGet(43)) - raft.server.watch.timeout = 10s (default)
2019-09-25 11:09:19,791 [dc1340b3-b3e2-49ee-a070-51ac5340e4da@group-2FD81FC479EA:LeaderElection239] INFO  server.RaftServerConfigKeys (ConfUtils.java:logGet(43)) - raft.server.watch.timeout = 10s (default)
2019-09-25 11:09:19,792 [0ce03005-f534-496c-a0eb-c417dd14ba94@group-F76DAFA8E164:LeaderElection238] INFO  server.RaftServerConfigKeys (ConfUtils.java:logGet(43)) - raft.server.watch.timeout.denomination = 1s (default)
2019-09-25 11:09:19,792 [dc1340b3-b3e2-49ee-a070-51ac5340e4da@group-2FD81FC479EA:LeaderElection239] INFO  server.RaftServerConfigKeys (ConfUtils.java:logGet(43)) - raft.server.watch.timeout.denomination = 1s (default)
2019-09-25 11:09:19,792 [Thread-3141] INFO  impl.FollowerState (FollowerState.java:run(106)) - 0ce03005-f534-496c-a0eb-c417dd14ba94:group-8389D2F12CAA changes to CANDIDATE, lastRpcTime:5147, electionTimeout:5147ms
2019-09-25 11:09:19,792 [0ce03005-f534-496c-a0eb-c417dd14ba94@group-F76DAFA8E164:LeaderElection238] INFO  server.RaftServerConfigKeys (ConfUtils.java:logGet(43)) - raft.server.watch.element-limit = 65536 (default)
2019-09-25 11:09:19,792 [Thread-3141] INFO  impl.RoleInfo (RoleInfo.java:shutdownFollowerState(121)) - 0ce03005-f534-496c-a0eb-c417dd14ba94: shutdown FollowerState
2019-09-25 11:09:19,792 [dc1340b3-b3e2-49ee-a070-51ac5340e4da@group-2FD81FC479EA:LeaderElection239] INFO  server.RaftServerConfigKeys (ConfUtils.java:logGet(43)) - raft.server.watch.element-limit = 65536 (default)
2019-09-25 11:09:19,792 [Thread-3141] INFO  impl.RaftServerImpl (RaftServerImpl.java:setRole(174)) - 0ce03005-f534-496c-a0eb-c417dd14ba94@group-8389D2F12CAA: changes role from  FOLLOWER to CANDIDATE at term 0 for changeToCandidate
2019-09-25 11:09:19,792 [Thread-3141] INFO  impl.RoleInfo (RoleInfo.java:updateAndGet(143)) - 0ce03005-f534-496c-a0eb-c417dd14ba94: start LeaderElection
2019-09-25 11:09:19,793 [4cceff1e-2c3f-451c-8b62-7d06bcf43963@group-87F372F55945:LeaderElection240] INFO  impl.RoleInfo (RoleInfo.java:updateAndGet(143)) - 4cceff1e-2c3f-451c-8b62-7d06bcf43963: start LeaderState
2019-09-25 11:09:19,793 [4cceff1e-2c3f-451c-8b62-7d06bcf43963@group-87F372F55945:LeaderElection240] INFO  segmented.SegmentedRaftLogWorker (SegmentedRaftLogWorker.java:startLogSegment(380)) - 4cceff1e-2c3f-451c-8b62-7d06bcf43963@group-87F372F55945-SegmentedRaftLogWorker: Starting segment from index:0
2019-09-25 11:09:19,794 [4cceff1e-2c3f-451c-8b62-7d06bcf43963@group-87F372F55945:LeaderElection240] INFO  impl.RaftServerImpl (ServerState.java:setRaftConf(354)) - 4cceff1e-2c3f-451c-8b62-7d06bcf43963@group-87F372F55945: set configuration 0: [4cceff1e-2c3f-451c-8b62-7d06bcf43963:192.168.30.6:43389], old=null at 0
2019-09-25 11:09:19,795 [0ce03005-f534-496c-a0eb-c417dd14ba94@group-F76DAFA8E164:LeaderElection238] INFO  impl.RoleInfo (RoleInfo.java:updateAndGet(143)) - 0ce03005-f534-496c-a0eb-c417dd14ba94: start LeaderState
2019-09-25 11:09:19,795 [dc1340b3-b3e2-49ee-a070-51ac5340e4da@group-2FD81FC479EA:LeaderElection239] INFO  impl.RoleInfo (RoleInfo.java:updateAndGet(143)) - dc1340b3-b3e2-49ee-a070-51ac5340e4da: start LeaderState
2019-09-25 11:09:19,795 [0ce03005-f534-496c-a0eb-c417dd14ba94@group-F76DAFA8E164:LeaderElection238] INFO  segmented.SegmentedRaftLogWorker (SegmentedRaftLogWorker.java:startLogSegment(380)) - 0ce03005-f534-496c-a0eb-c417dd14ba94@group-F76DAFA8E164-SegmentedRaftLogWorker: Starting segment from index:0
2019-09-25 11:09:19,795 [dc1340b3-b3e2-49ee-a070-51ac5340e4da@group-2FD81FC479EA:LeaderElection239] INFO  segmented.SegmentedRaftLogWorker (SegmentedRaftLogWorker.java:startLogSegment(380)) - dc1340b3-b3e2-49ee-a070-51ac5340e4da@group-2FD81FC479EA-SegmentedRaftLogWorker: Starting segment from index:0
2019-09-25 11:09:19,796 [0ce03005-f534-496c-a0eb-c417dd14ba94@group-F76DAFA8E164:LeaderElection238] INFO  impl.RaftServerImpl (ServerState.java:setRaftConf(354)) - 0ce03005-f534-496c-a0eb-c417dd14ba94@group-F76DAFA8E164: set configuration 0: [0ce03005-f534-496c-a0eb-c417dd14ba94:192.168.30.6:34724], old=null at 0
2019-09-25 11:09:19,796 [dc1340b3-b3e2-49ee-a070-51ac5340e4da@group-2FD81FC479EA:LeaderElection239] INFO  impl.RaftServerImpl (ServerState.java:setRaftConf(354)) - dc1340b3-b3e2-49ee-a070-51ac5340e4da@group-2FD81FC479EA: set configuration 0: [dc1340b3-b3e2-49ee-a070-51ac5340e4da:192.168.30.6:35849], old=null at 0
2019-09-25 11:09:19,806 [0ce03005-f534-496c-a0eb-c417dd14ba94@group-8389D2F12CAA:LeaderElection241] INFO  impl.LeaderElection (LeaderElection.java:askForVotes(182)) - 0ce03005-f534-496c-a0eb-c417dd14ba94@group-8389D2F12CAA:LeaderElection241: begin an election at term 1 for -1: [0ce03005-f534-496c-a0eb-c417dd14ba94:192.168.30.6:34724], old=null
2019-09-25 11:09:19,806 [0ce03005-f534-496c-a0eb-c417dd14ba94@group-8389D2F12CAA:LeaderElection241] INFO  impl.RoleInfo (RoleInfo.java:shutdownLeaderElection(134)) - 0ce03005-f534-496c-a0eb-c417dd14ba94: shutdown LeaderElection
2019-09-25 11:09:19,806 [0ce03005-f534-496c-a0eb-c417dd14ba94@group-8389D2F12CAA:LeaderElection241] INFO  impl.RaftServerImpl (RaftServerImpl.java:setRole(174)) - 0ce03005-f534-496c-a0eb-c417dd14ba94@group-8389D2F12CAA: changes role from CANDIDATE to LEADER at term 1 for changeToLeader
2019-09-25 11:09:19,806 [0ce03005-f534-496c-a0eb-c417dd14ba94@group-8389D2F12CAA:LeaderElection241] INFO  impl.RaftServerImpl (ServerState.java:setLeader(253)) - 0ce03005-f534-496c-a0eb-c417dd14ba94@group-8389D2F12CAA: change Leader from null to 0ce03005-f534-496c-a0eb-c417dd14ba94 at term 1 for becomeLeader, leader elected after 5165ms
2019-09-25 11:09:19,806 [0ce03005-f534-496c-a0eb-c417dd14ba94@group-8389D2F12CAA:LeaderElection241] INFO  server.RaftServerConfigKeys (ConfUtils.java:logGet(43)) - raft.server.staging.catchup.gap = 1000 (default)
2019-09-25 11:09:19,807 [0ce03005-f534-496c-a0eb-c417dd14ba94@group-8389D2F12CAA:LeaderElection241] INFO  server.RaftServerConfigKeys (ConfUtils.java:logGet(43)) - raft.server.rpc.sleep.time = 25ms (default)
2019-09-25 11:09:19,807 [0ce03005-f534-496c-a0eb-c417dd14ba94@group-8389D2F12CAA:LeaderElection241] INFO  server.RaftServerConfigKeys (ConfUtils.java:logGet(43)) - raft.server.write.element-limit = 4096 (default)
2019-09-25 11:09:19,807 [0ce03005-f534-496c-a0eb-c417dd14ba94@group-8389D2F12CAA:LeaderElection241] INFO  server.RaftServerConfigKeys (ConfUtils.java:logGet(43)) - raft.server.watch.timeout = 10s (default)
2019-09-25 11:09:19,807 [0ce03005-f534-496c-a0eb-c417dd14ba94@group-8389D2F12CAA:LeaderElection241] INFO  server.RaftServerConfigKeys (ConfUtils.java:logGet(43)) - raft.server.watch.timeout.denomination = 1s (default)
2019-09-25 11:09:19,807 [0ce03005-f534-496c-a0eb-c417dd14ba94@group-8389D2F12CAA:LeaderElection241] INFO  server.RaftServerConfigKeys (ConfUtils.java:logGet(43)) - raft.server.watch.element-limit = 65536 (default)
2019-09-25 11:09:19,809 [0ce03005-f534-496c-a0eb-c417dd14ba94@group-8389D2F12CAA:LeaderElection241] INFO  impl.RoleInfo (RoleInfo.java:updateAndGet(143)) - 0ce03005-f534-496c-a0eb-c417dd14ba94: start LeaderState
2019-09-25 11:09:19,810 [0ce03005-f534-496c-a0eb-c417dd14ba94@group-8389D2F12CAA:LeaderElection241] INFO  segmented.SegmentedRaftLogWorker (SegmentedRaftLogWorker.java:startLogSegment(380)) - 0ce03005-f534-496c-a0eb-c417dd14ba94@group-8389D2F12CAA-SegmentedRaftLogWorker: Starting segment from index:0
2019-09-25 11:09:19,810 [0ce03005-f534-496c-a0eb-c417dd14ba94@group-8389D2F12CAA:LeaderElection241] INFO  impl.RaftServerImpl (ServerState.java:setRaftConf(354)) - 0ce03005-f534-496c-a0eb-c417dd14ba94@group-8389D2F12CAA: set configuration 0: [0ce03005-f534-496c-a0eb-c417dd14ba94:192.168.30.6:34724], old=null at 0
2019-09-25 11:09:19,841 [dc1340b3-b3e2-49ee-a070-51ac5340e4da@group-2FD81FC479EA-SegmentedRaftLogWorker] INFO  segmented.SegmentedRaftLogWorker (SegmentedRaftLogWorker.java:execute(569)) - dc1340b3-b3e2-49ee-a070-51ac5340e4da@group-2FD81FC479EA-SegmentedRaftLogWorker: created new log segment /workdir/hadoop-ozone/integration-test/target/test-dir/MiniOzoneClusterImpl-4b1c6350-cd3e-4172-b7a0-e9c66394f836/datanode-6/data/ratis/6b987bce-d958-4657-99d8-2fd81fc479ea/current/log_inprogress_0
2019-09-25 11:09:19,841 [4cceff1e-2c3f-451c-8b62-7d06bcf43963@group-87F372F55945-SegmentedRaftLogWorker] INFO  segmented.SegmentedRaftLogWorker (SegmentedRaftLogWorker.java:execute(569)) - 4cceff1e-2c3f-451c-8b62-7d06bcf43963@group-87F372F55945-SegmentedRaftLogWorker: created new log segment /workdir/hadoop-ozone/integration-test/target/test-dir/MiniOzoneClusterImpl-4b1c6350-cd3e-4172-b7a0-e9c66394f836/datanode-1/data/ratis/879196d2-7300-41f7-a971-87f372f55945/current/log_inprogress_0
2019-09-25 11:09:19,841 [0ce03005-f534-496c-a0eb-c417dd14ba94@group-F76DAFA8E164-SegmentedRaftLogWorker] INFO  segmented.SegmentedRaftLogWorker (SegmentedRaftLogWorker.java:execute(569)) - 0ce03005-f534-496c-a0eb-c417dd14ba94@group-F76DAFA8E164-SegmentedRaftLogWorker: created new log segment /workdir/hadoop-ozone/integration-test/target/test-dir/MiniOzoneClusterImpl-4b1c6350-cd3e-4172-b7a0-e9c66394f836/datanode-3/data/ratis/7ccf220e-2c85-480e-8fa4-f76dafa8e164/current/log_inprogress_0
2019-09-25 11:09:19,845 [0ce03005-f534-496c-a0eb-c417dd14ba94@group-8389D2F12CAA-SegmentedRaftLogWorker] INFO  segmented.SegmentedRaftLogWorker (SegmentedRaftLogWorker.java:execute(569)) - 0ce03005-f534-496c-a0eb-c417dd14ba94@group-8389D2F12CAA-SegmentedRaftLogWorker: created new log segment /workdir/hadoop-ozone/integration-test/target/test-dir/MiniOzoneClusterImpl-4b1c6350-cd3e-4172-b7a0-e9c66394f836/datanode-3/data/ratis/12b33b72-c225-4844-8782-8389d2f12caa/current/log_inprogress_0
2019-09-25 11:09:19,915 [Thread-3153] INFO  impl.FollowerState (FollowerState.java:run(106)) - 1dbf52be-8f16-49fd-bad6-8089f3318926:group-EE227FCDF11F changes to CANDIDATE, lastRpcTime:5109, electionTimeout:5109ms
2019-09-25 11:09:19,915 [Thread-3153] INFO  impl.RoleInfo (RoleInfo.java:shutdownFollowerState(121)) - 1dbf52be-8f16-49fd-bad6-8089f3318926: shutdown FollowerState
2019-09-25 11:09:19,915 [Thread-3153] INFO  impl.RaftServerImpl (RaftServerImpl.java:setRole(174)) - 1dbf52be-8f16-49fd-bad6-8089f3318926@group-EE227FCDF11F: changes role from  FOLLOWER to CANDIDATE at term 0 for changeToCandidate
2019-09-25 11:09:19,915 [Thread-3156] INFO  impl.FollowerState (FollowerState.java:run(106)) - 97301ee4-d551-4dc8-86de-1a37740aeeca:group-1CBA0EE7A9D9 changes to CANDIDATE, lastRpcTime:5070, electionTimeout:5070ms
2019-09-25 11:09:19,915 [Thread-3153] INFO  impl.RoleInfo (RoleInfo.java:updateAndGet(143)) - 1dbf52be-8f16-49fd-bad6-8089f3318926: start LeaderElection
2019-09-25 11:09:19,915 [Thread-3156] INFO  impl.RoleInfo (RoleInfo.java:shutdownFollowerState(121)) - 97301ee4-d551-4dc8-86de-1a37740aeeca: shutdown FollowerState
2019-09-25 11:09:19,915 [Thread-3156] INFO  impl.RaftServerImpl (RaftServerImpl.java:setRole(174)) - 97301ee4-d551-4dc8-86de-1a37740aeeca@group-1CBA0EE7A9D9: changes role from  FOLLOWER to CANDIDATE at term 0 for changeToCandidate
2019-09-25 11:09:19,915 [Thread-3156] INFO  impl.RoleInfo (RoleInfo.java:updateAndGet(143)) - 97301ee4-d551-4dc8-86de-1a37740aeeca: start LeaderElection
2019-09-25 11:09:19,929 [97301ee4-d551-4dc8-86de-1a37740aeeca@group-1CBA0EE7A9D9:LeaderElection243] INFO  impl.LeaderElection (LeaderElection.java:askForVotes(182)) - 97301ee4-d551-4dc8-86de-1a37740aeeca@group-1CBA0EE7A9D9:LeaderElection243: begin an election at term 1 for -1: [97301ee4-d551-4dc8-86de-1a37740aeeca:192.168.30.6:39526], old=null
2019-09-25 11:09:19,929 [1dbf52be-8f16-49fd-bad6-8089f3318926@group-EE227FCDF11F:LeaderElection242] INFO  impl.LeaderElection (LeaderElection.java:askForVotes(182)) - 1dbf52be-8f16-49fd-bad6-8089f3318926@group-EE227FCDF11F:LeaderElection242: begin an election at term 1 for -1: [1dbf52be-8f16-49fd-bad6-8089f3318926:192.168.30.6:43154], old=null
2019-09-25 11:09:19,929 [97301ee4-d551-4dc8-86de-1a37740aeeca@group-1CBA0EE7A9D9:LeaderElection243] INFO  impl.RoleInfo (RoleInfo.java:shutdownLeaderElection(134)) - 97301ee4-d551-4dc8-86de-1a37740aeeca: shutdown LeaderElection
2019-09-25 11:09:19,929 [1dbf52be-8f16-49fd-bad6-8089f3318926@group-EE227FCDF11F:LeaderElection242] INFO  impl.RoleInfo (RoleInfo.java:shutdownLeaderElection(134)) - 1dbf52be-8f16-49fd-bad6-8089f3318926: shutdown LeaderElection
2019-09-25 11:09:19,929 [97301ee4-d551-4dc8-86de-1a37740aeeca@group-1CBA0EE7A9D9:LeaderElection243] INFO  impl.RaftServerImpl (RaftServerImpl.java:setRole(174)) - 97301ee4-d551-4dc8-86de-1a37740aeeca@group-1CBA0EE7A9D9: changes role from CANDIDATE to LEADER at term 1 for changeToLeader
2019-09-25 11:09:19,929 [1dbf52be-8f16-49fd-bad6-8089f3318926@group-EE227FCDF11F:LeaderElection242] INFO  impl.RaftServerImpl (RaftServerImpl.java:setRole(174)) - 1dbf52be-8f16-49fd-bad6-8089f3318926@group-EE227FCDF11F: changes role from CANDIDATE to LEADER at term 1 for changeToLeader
2019-09-25 11:09:19,930 [97301ee4-d551-4dc8-86de-1a37740aeeca@group-1CBA0EE7A9D9:LeaderElection243] INFO  impl.RaftServerImpl (ServerState.java:setLeader(253)) - 97301ee4-d551-4dc8-86de-1a37740aeeca@group-1CBA0EE7A9D9: change Leader from null to 97301ee4-d551-4dc8-86de-1a37740aeeca at term 1 for becomeLeader, leader elected after 5090ms
2019-09-25 11:09:19,930 [1dbf52be-8f16-49fd-bad6-8089f3318926@group-EE227FCDF11F:LeaderElection242] INFO  impl.RaftServerImpl (ServerState.java:setLeader(253)) - 1dbf52be-8f16-49fd-bad6-8089f3318926@group-EE227FCDF11F: change Leader from null to 1dbf52be-8f16-49fd-bad6-8089f3318926 at term 1 for becomeLeader, leader elected after 5128ms
2019-09-25 11:09:19,930 [97301ee4-d551-4dc8-86de-1a37740aeeca@group-1CBA0EE7A9D9:LeaderElection243] INFO  server.RaftServerConfigKeys (ConfUtils.java:logGet(43)) - raft.server.staging.catchup.gap = 1000 (default)
2019-09-25 11:09:19,930 [1dbf52be-8f16-49fd-bad6-8089f3318926@group-EE227FCDF11F:LeaderElection242] INFO  server.RaftServerConfigKeys (ConfUtils.java:logGet(43)) - raft.server.staging.catchup.gap = 1000 (default)
2019-09-25 11:09:19,930 [97301ee4-d551-4dc8-86de-1a37740aeeca@group-1CBA0EE7A9D9:LeaderElection243] INFO  server.RaftServerConfigKeys (ConfUtils.java:logGet(43)) - raft.server.rpc.sleep.time = 25ms (default)
2019-09-25 11:09:19,930 [1dbf52be-8f16-49fd-bad6-8089f3318926@group-EE227FCDF11F:LeaderElection242] INFO  server.RaftServerConfigKeys (ConfUtils.java:logGet(43)) - raft.server.rpc.sleep.time = 25ms (default)
2019-09-25 11:09:19,930 [97301ee4-d551-4dc8-86de-1a37740aeeca@group-1CBA0EE7A9D9:LeaderElection243] INFO  server.RaftServerConfigKeys (ConfUtils.java:logGet(43)) - raft.server.write.element-limit = 4096 (default)
2019-09-25 11:09:19,930 [1dbf52be-8f16-49fd-bad6-8089f3318926@group-EE227FCDF11F:LeaderElection242] INFO  server.RaftServerConfigKeys (ConfUtils.java:logGet(43)) - raft.server.write.element-limit = 4096 (default)
2019-09-25 11:09:19,931 [97301ee4-d551-4dc8-86de-1a37740aeeca@group-1CBA0EE7A9D9:LeaderElection243] INFO  server.RaftServerConfigKeys (ConfUtils.java:logGet(43)) - raft.server.watch.timeout = 10s (default)
2019-09-25 11:09:19,931 [1dbf52be-8f16-49fd-bad6-8089f3318926@group-EE227FCDF11F:LeaderElection242] INFO  server.RaftServerConfigKeys (ConfUtils.java:logGet(43)) - raft.server.watch.timeout = 10s (default)
2019-09-25 11:09:19,931 [97301ee4-d551-4dc8-86de-1a37740aeeca@group-1CBA0EE7A9D9:LeaderElection243] INFO  server.RaftServerConfigKeys (ConfUtils.java:logGet(43)) - raft.server.watch.timeout.denomination = 1s (default)
2019-09-25 11:09:19,931 [1dbf52be-8f16-49fd-bad6-8089f3318926@group-EE227FCDF11F:LeaderElection242] INFO  server.RaftServerConfigKeys (ConfUtils.java:logGet(43)) - raft.server.watch.timeout.denomination = 1s (default)
2019-09-25 11:09:19,931 [97301ee4-d551-4dc8-86de-1a37740aeeca@group-1CBA0EE7A9D9:LeaderElection243] INFO  server.RaftServerConfigKeys (ConfUtils.java:logGet(43)) - raft.server.watch.element-limit = 65536 (default)
2019-09-25 11:09:19,931 [1dbf52be-8f16-49fd-bad6-8089f3318926@group-EE227FCDF11F:LeaderElection242] INFO  server.RaftServerConfigKeys (ConfUtils.java:logGet(43)) - raft.server.watch.element-limit = 65536 (default)
2019-09-25 11:09:19,932 [Thread-3150] INFO  impl.FollowerState (FollowerState.java:run(106)) - 4cceff1e-2c3f-451c-8b62-7d06bcf43963:group-7D46F97C7073 changes to CANDIDATE, lastRpcTime:5163, electionTimeout:5163ms
2019-09-25 11:09:19,932 [Thread-3150] INFO  impl.RoleInfo (RoleInfo.java:shutdownFollowerState(121)) - 4cceff1e-2c3f-451c-8b62-7d06bcf43963: shutdown FollowerState
2019-09-25 11:09:19,933 [Thread-3150] INFO  impl.RaftServerImpl (RaftServerImpl.java:setRole(174)) - 4cceff1e-2c3f-451c-8b62-7d06bcf43963@group-7D46F97C7073: changes role from  FOLLOWER to CANDIDATE at term 0 for changeToCandidate
2019-09-25 11:09:19,933 [Thread-3150] INFO  impl.RoleInfo (RoleInfo.java:updateAndGet(143)) - 4cceff1e-2c3f-451c-8b62-7d06bcf43963: start LeaderElection
2019-09-25 11:09:19,934 [97301ee4-d551-4dc8-86de-1a37740aeeca@group-1CBA0EE7A9D9:LeaderElection243] INFO  impl.RoleInfo (RoleInfo.java:updateAndGet(143)) - 97301ee4-d551-4dc8-86de-1a37740aeeca: start LeaderState
2019-09-25 11:09:19,935 [97301ee4-d551-4dc8-86de-1a37740aeeca@group-1CBA0EE7A9D9:LeaderElection243] INFO  segmented.SegmentedRaftLogWorker (SegmentedRaftLogWorker.java:startLogSegment(380)) - 97301ee4-d551-4dc8-86de-1a37740aeeca@group-1CBA0EE7A9D9-SegmentedRaftLogWorker: Starting segment from index:0
2019-09-25 11:09:19,935 [1dbf52be-8f16-49fd-bad6-8089f3318926@group-EE227FCDF11F:LeaderElection242] INFO  impl.RoleInfo (RoleInfo.java:updateAndGet(143)) - 1dbf52be-8f16-49fd-bad6-8089f3318926: start LeaderState
2019-09-25 11:09:19,935 [97301ee4-d551-4dc8-86de-1a37740aeeca@group-1CBA0EE7A9D9:LeaderElection243] INFO  impl.RaftServerImpl (ServerState.java:setRaftConf(354)) - 97301ee4-d551-4dc8-86de-1a37740aeeca@group-1CBA0EE7A9D9: set configuration 0: [97301ee4-d551-4dc8-86de-1a37740aeeca:192.168.30.6:39526], old=null at 0
2019-09-25 11:09:19,935 [1dbf52be-8f16-49fd-bad6-8089f3318926@group-EE227FCDF11F:LeaderElection242] INFO  segmented.SegmentedRaftLogWorker (SegmentedRaftLogWorker.java:startLogSegment(380)) - 1dbf52be-8f16-49fd-bad6-8089f3318926@group-EE227FCDF11F-SegmentedRaftLogWorker: Starting segment from index:0
2019-09-25 11:09:19,936 [1dbf52be-8f16-49fd-bad6-8089f3318926@group-EE227FCDF11F:LeaderElection242] INFO  impl.RaftServerImpl (ServerState.java:setRaftConf(354)) - 1dbf52be-8f16-49fd-bad6-8089f3318926@group-EE227FCDF11F: set configuration 0: [1dbf52be-8f16-49fd-bad6-8089f3318926:192.168.30.6:43154], old=null at 0
2019-09-25 11:09:20,548 [4cceff1e-2c3f-451c-8b62-7d06bcf43963@group-7D46F97C7073:LeaderElection244] INFO  impl.LeaderElection (LeaderElection.java:askForVotes(182)) - 4cceff1e-2c3f-451c-8b62-7d06bcf43963@group-7D46F97C7073:LeaderElection244: begin an election at term 1 for -1: [4cceff1e-2c3f-451c-8b62-7d06bcf43963:192.168.30.6:43389], old=null
2019-09-25 11:09:20,548 [Thread-3165] WARN  util.JavaUtils (JavaUtils.java:sleep(250)) - Unexpected long sleep: sleep(5108ms) actually took 5589ms which is over the threshold 300ms
2019-09-25 11:09:20,548 [Thread-3183] WARN  util.JavaUtils (JavaUtils.java:sleep(250)) - Unexpected long sleep: sleep(5006ms) actually took 5380ms which is over the threshold 300ms
2019-09-25 11:09:20,548 [Thread-3168] WARN  util.JavaUtils (JavaUtils.java:sleep(250)) - Unexpected long sleep: sleep(5110ms) actually took 5552ms which is over the threshold 300ms
2019-09-25 11:09:20,548 [Thread-3174] WARN  util.JavaUtils (JavaUtils.java:sleep(250)) - Unexpected long sleep: sleep(5011ms) actually took 5480ms which is over the threshold 300ms
2019-09-25 11:09:20,548 [Thread-3171] WARN  util.JavaUtils (JavaUtils.java:sleep(250)) - Unexpected long sleep: sleep(5173ms) actually took 5514ms which is over the threshold 300ms
2019-09-25 11:09:20,548 [ForkJoinPool.commonPool-worker-1] INFO  ozoneimpl.OzoneContainer (OzoneContainer.java:stop(231)) - Attempting to stop container services.
2019-09-25 11:09:20,547 [Thread-3180] INFO  impl.FollowerState (FollowerState.java:run(106)) - 1dbf52be-8f16-49fd-bad6-8089f3318926:group-787D51B3983B changes to CANDIDATE, lastRpcTime:5412, electionTimeout:5106ms
2019-09-25 11:09:20,546 [Thread-3195] INFO  impl.FollowerState (FollowerState.java:run(106)) - 0b8a7ff0-298a-4c7b-84aa-a28921900e21:group-B2AC9E6BBB47 changes to CANDIDATE, lastRpcTime:5272, electionTimeout:5107ms
2019-09-25 11:09:20,547 [Thread-3192] INFO  impl.FollowerState (FollowerState.java:run(106)) - 0b8a7ff0-298a-4c7b-84aa-a28921900e21:group-6C0A5D2B99F3 changes to CANDIDATE, lastRpcTime:5297, electionTimeout:5037ms
2019-09-25 11:09:20,546 [Thread-3177] INFO  impl.FollowerState (FollowerState.java:run(106)) - 1dbf52be-8f16-49fd-bad6-8089f3318926:group-BD6D77C94A99 changes to CANDIDATE, lastRpcTime:5448, electionTimeout:5199ms
2019-09-25 11:09:20,546 [Thread-3189] INFO  impl.FollowerState (FollowerState.java:run(106)) - dc1340b3-b3e2-49ee-a070-51ac5340e4da:group-BA1C0ED2F1FA changes to CANDIDATE, lastRpcTime:5332, electionTimeout:5079ms
2019-09-25 11:09:20,546 [Thread-3186] INFO  impl.FollowerState (FollowerState.java:run(106)) - 0b8a7ff0-298a-4c7b-84aa-a28921900e21:group-4232FA587B70 changes to CANDIDATE, lastRpcTime:5369, electionTimeout:5195ms
2019-09-25 11:09:20,546 [main] INFO  ozoneimpl.OzoneContainer (OzoneContainer.java:stop(231)) - Attempting to stop container services.
2019-09-25 11:09:20,546 [Thread-3198] INFO  impl.FollowerState (FollowerState.java:run(106)) - 0b8a7ff0-298a-4c7b-84aa-a28921900e21:group-470178ACBFC5 changes to CANDIDATE, lastRpcTime:5248, electionTimeout:5153ms
2019-09-25 11:09:20,546 [Thread-3201] INFO  impl.FollowerState (FollowerState.java:run(106)) - dc1340b3-b3e2-49ee-a070-51ac5340e4da:group-111ABAD4A3D7 changes to CANDIDATE, lastRpcTime:5224, electionTimeout:5118ms
2019-09-25 11:09:20,534 [Thread-3204] INFO  impl.FollowerState (FollowerState.java:run(106)) - dc1340b3-b3e2-49ee-a070-51ac5340e4da:group-CF08E65A56C3 changes to CANDIDATE, lastRpcTime:5173, electionTimeout:5171ms
2019-09-25 11:09:20,650 [Thread-3201] INFO  impl.RoleInfo (RoleInfo.java:shutdownFollowerState(121)) - dc1340b3-b3e2-49ee-a070-51ac5340e4da: shutdown FollowerState
2019-09-25 11:09:20,646 [Thread-3198] INFO  impl.RoleInfo (RoleInfo.java:shutdownFollowerState(121)) - 0b8a7ff0-298a-4c7b-84aa-a28921900e21: shutdown FollowerState
2019-09-25 11:09:20,637 [main] INFO  impl.RaftServerProxy (RaftServerProxy.java:lambda$close$4(314)) - 1dbf52be-8f16-49fd-bad6-8089f3318926: close
2019-09-25 11:09:20,633 [Thread-3186] INFO  impl.RoleInfo (RoleInfo.java:shutdownFollowerState(121)) - 0b8a7ff0-298a-4c7b-84aa-a28921900e21: shutdown FollowerState
2019-09-25 11:09:20,619 [Thread-3177] INFO  impl.RoleInfo (RoleInfo.java:shutdownFollowerState(121)) - 1dbf52be-8f16-49fd-bad6-8089f3318926: shutdown FollowerState
2019-09-25 11:09:20,619 [Thread-3189] INFO  impl.RoleInfo (RoleInfo.java:shutdownFollowerState(121)) - dc1340b3-b3e2-49ee-a070-51ac5340e4da: shutdown FollowerState
2019-09-25 11:09:20,604 [Thread-3192] INFO  impl.RoleInfo (RoleInfo.java:shutdownFollowerState(121)) - 0b8a7ff0-298a-4c7b-84aa-a28921900e21: shutdown FollowerState
2019-09-25 11:09:20,594 [Thread-3195] INFO  impl.RoleInfo (RoleInfo.java:shutdownFollowerState(121)) - 0b8a7ff0-298a-4c7b-84aa-a28921900e21: shutdown FollowerState
2019-09-25 11:09:20,683 [Thread-3195] INFO  impl.RaftServerImpl (RaftServerImpl.java:setRole(174)) - 0b8a7ff0-298a-4c7b-84aa-a28921900e21@group-B2AC9E6BBB47: changes role from  FOLLOWER to CANDIDATE at term 0 for changeToCandidate
2019-09-25 11:09:20,585 [Thread-3180] INFO  impl.RoleInfo (RoleInfo.java:shutdownFollowerState(121)) - 1dbf52be-8f16-49fd-bad6-8089f3318926: shutdown FollowerState
2019-09-25 11:09:20,572 [ForkJoinPool.commonPool-worker-1] INFO  impl.RaftServerProxy (RaftServerProxy.java:lambda$close$4(314)) - 4cceff1e-2c3f-451c-8b62-7d06bcf43963: close
2019-09-25 11:09:20,561 [97301ee4-d551-4dc8-86de-1a37740aeeca@group-1CBA0EE7A9D9-SegmentedRaftLogWorker] INFO  segmented.SegmentedRaftLogWorker (SegmentedRaftLogWorker.java:execute(569)) - 97301ee4-d551-4dc8-86de-1a37740aeeca@group-1CBA0EE7A9D9-SegmentedRaftLogWorker: created new log segment /workdir/hadoop-ozone/integration-test/target/test-dir/MiniOzoneClusterImpl-4b1c6350-cd3e-4172-b7a0-e9c66394f836/datanode-2/data/ratis/9608ede0-0fb9-4702-b850-1cba0ee7a9d9/current/log_inprogress_0
2019-09-25 11:09:20,558 [4cceff1e-2c3f-451c-8b62-7d06bcf43963@group-7D46F97C7073:LeaderElection244] INFO  impl.RoleInfo (RoleInfo.java:shutdownLeaderElection(134)) - 4cceff1e-2c3f-451c-8b62-7d06bcf43963: shutdown LeaderElection
2019-09-25 11:09:20,553 [Thread-3159] WARN  util.JavaUtils (JavaUtils.java:sleep(250)) - Unexpected long sleep: sleep(5134ms) actually took 5661ms which is over the threshold 300ms
2019-09-25 11:09:20,553 [Thread-3162] WARN  util.JavaUtils (JavaUtils.java:sleep(250)) - Unexpected long sleep: sleep(5200ms) actually took 5624ms which is over the threshold 300ms
2019-09-25 11:09:20,731 [4cceff1e-2c3f-451c-8b62-7d06bcf43963@group-7D46F97C7073:LeaderElection244] INFO  impl.RaftServerImpl (RaftServerImpl.java:setRole(174)) - 4cceff1e-2c3f-451c-8b62-7d06bcf43963@group-7D46F97C7073: changes role from CANDIDATE to LEADER at term 1 for changeToLeader
2019-09-25 11:09:20,728 [ForkJoinPool.commonPool-worker-1] INFO  impl.RaftServerImpl (RaftServerImpl.java:lambda$shutdown$3(251)) - 4cceff1e-2c3f-451c-8b62-7d06bcf43963@group-B0412EA30467: shutdown
2019-09-25 11:09:20,694 [Thread-3195] INFO  impl.RoleInfo (RoleInfo.java:updateAndGet(143)) - 0b8a7ff0-298a-4c7b-84aa-a28921900e21: start LeaderElection
2019-09-25 11:09:20,694 [Thread-3180] INFO  impl.RaftServerImpl (RaftServerImpl.java:setRole(174)) - 1dbf52be-8f16-49fd-bad6-8089f3318926@group-787D51B3983B: changes role from  FOLLOWER to CANDIDATE at term 0 for changeToCandidate
2019-09-25 11:09:20,679 [Thread-3192] INFO  impl.RaftServerImpl (RaftServerImpl.java:setRole(174)) - 0b8a7ff0-298a-4c7b-84aa-a28921900e21@group-6C0A5D2B99F3: changes role from  FOLLOWER to CANDIDATE at term 0 for changeToCandidate
2019-09-25 11:09:20,675 [Thread-3189] INFO  impl.RaftServerImpl (RaftServerImpl.java:setRole(174)) - dc1340b3-b3e2-49ee-a070-51ac5340e4da@group-BA1C0ED2F1FA: changes role from  FOLLOWER to CANDIDATE at term 0 for changeToCandidate
2019-09-25 11:09:20,670 [Thread-3177] INFO  impl.RaftServerImpl (RaftServerImpl.java:setRole(174)) - 1dbf52be-8f16-49fd-bad6-8089f3318926@group-BD6D77C94A99: changes role from  FOLLOWER to CANDIDATE at term 0 for changeToCandidate
2019-09-25 11:09:20,666 [Thread-3186] INFO  impl.RaftServerImpl (RaftServerImpl.java:setRole(174)) - 0b8a7ff0-298a-4c7b-84aa-a28921900e21@group-4232FA587B70: changes role from  FOLLOWER to CANDIDATE at term 0 for changeToCandidate
2019-09-25 11:09:20,662 [main] INFO  impl.RaftServerImpl (RaftServerImpl.java:lambda$shutdown$3(251)) - 1dbf52be-8f16-49fd-bad6-8089f3318926@group-BD6D77C94A99: shutdown
2019-09-25 11:09:20,658 [Thread-3198] INFO  impl.RaftServerImpl (RaftServerImpl.java:setRole(174)) - 0b8a7ff0-298a-4c7b-84aa-a28921900e21@group-470178ACBFC5: changes role from  FOLLOWER to CANDIDATE at term 0 for changeToCandidate
2019-09-25 11:09:20,658 [Thread-3201] INFO  impl.RaftServerImpl (RaftServerImpl.java:setRole(174)) - dc1340b3-b3e2-49ee-a070-51ac5340e4da@group-111ABAD4A3D7: changes role from  FOLLOWER to CANDIDATE at term 0 for changeToCandidate
2019-09-25 11:09:20,654 [Thread-3204] INFO  impl.RoleInfo (RoleInfo.java:shutdownFollowerState(121)) - dc1340b3-b3e2-49ee-a070-51ac5340e4da: shutdown FollowerState
2019-09-25 11:09:20,796 [Thread-3201] INFO  impl.RoleInfo (RoleInfo.java:updateAndGet(143)) - dc1340b3-b3e2-49ee-a070-51ac5340e4da: start LeaderElection
2019-09-25 11:09:20,796 [Thread-3198] INFO  impl.RoleInfo (RoleInfo.java:updateAndGet(143)) - 0b8a7ff0-298a-4c7b-84aa-a28921900e21: start LeaderElection
2019-09-25 11:09:20,796 [main] INFO  util.JmxRegister (JmxRegister.java:unregister(73)) - Successfully un-registered JMX Bean with object name Ratis:service=RaftServer,group=group-BD6D77C94A99,id=1dbf52be-8f16-49fd-bad6-8089f3318926
2019-09-25 11:09:20,797 [main] INFO  impl.RoleInfo (RoleInfo.java:shutdownLeaderElection(134)) - 1dbf52be-8f16-49fd-bad6-8089f3318926: shutdown LeaderElection
2019-09-25 11:09:20,798 [main] INFO  impl.StateMachineUpdater (StateMachineUpdater.java:stopAndJoin(125)) - 1dbf52be-8f16-49fd-bad6-8089f3318926@group-BD6D77C94A99-StateMachineUpdater: set stopIndex = -1
2019-09-25 11:09:20,798 [main] INFO  impl.RaftServerImpl (ServerState.java:close(385)) - 1dbf52be-8f16-49fd-bad6-8089f3318926@group-BD6D77C94A99: closes. applyIndex: -1
2019-09-25 11:09:20,796 [Thread-3186] INFO  impl.RoleInfo (RoleInfo.java:updateAndGet(143)) - 0b8a7ff0-298a-4c7b-84aa-a28921900e21: start LeaderElection
2019-09-25 11:09:20,796 [Thread-3177] INFO  impl.RoleInfo (RoleInfo.java:updateAndGet(143)) - 1dbf52be-8f16-49fd-bad6-8089f3318926: start LeaderElection
2019-09-25 11:09:20,795 [Thread-3189] INFO  impl.RoleInfo (RoleInfo.java:updateAndGet(143)) - dc1340b3-b3e2-49ee-a070-51ac5340e4da: start LeaderElection
2019-09-25 11:09:20,795 [Thread-3192] INFO  impl.RoleInfo (RoleInfo.java:updateAndGet(143)) - 0b8a7ff0-298a-4c7b-84aa-a28921900e21: start LeaderElection
2019-09-25 11:09:20,795 [Thread-3180] INFO  impl.RoleInfo (RoleInfo.java:updateAndGet(143)) - 1dbf52be-8f16-49fd-bad6-8089f3318926: start LeaderElection
2019-09-25 11:09:20,795 [ForkJoinPool.commonPool-worker-1] INFO  util.JmxRegister (JmxRegister.java:unregister(73)) - Successfully un-registered JMX Bean with object name Ratis:service=RaftServer,group=group-B0412EA30467,id=4cceff1e-2c3f-451c-8b62-7d06bcf43963
2019-09-25 11:09:20,795 [1dbf52be-8f16-49fd-bad6-8089f3318926@group-EE227FCDF11F-SegmentedRaftLogWorker] INFO  segmented.SegmentedRaftLogWorker (SegmentedRaftLogWorker.java:execute(569)) - 1dbf52be-8f16-49fd-bad6-8089f3318926@group-EE227FCDF11F-SegmentedRaftLogWorker: created new log segment /workdir/hadoop-ozone/integration-test/target/test-dir/MiniOzoneClusterImpl-4b1c6350-cd3e-4172-b7a0-e9c66394f836/datanode-4/data/ratis/1b70d777-b602-4c2f-8413-ee227fcdf11f/current/log_inprogress_0
2019-09-25 11:09:20,795 [4cceff1e-2c3f-451c-8b62-7d06bcf43963@group-7D46F97C7073:LeaderElection244] INFO  impl.RaftServerImpl (ServerState.java:setLeader(253)) - 4cceff1e-2c3f-451c-8b62-7d06bcf43963@group-7D46F97C7073: change Leader from null to 4cceff1e-2c3f-451c-8b62-7d06bcf43963 at term 1 for becomeLeader, leader elected after 6029ms
2019-09-25 11:09:20,800 [ForkJoinPool.commonPool-worker-1] INFO  impl.RoleInfo (RoleInfo.java:shutdownLeaderState(104)) - 4cceff1e-2c3f-451c-8b62-7d06bcf43963: shutdown LeaderState
2019-09-25 11:09:20,799 [Thread-3177] WARN  impl.FollowerState (FollowerState.java:run(119)) - 1dbf52be-8f16-49fd-bad6-8089f3318926: FollowerState caught an exception
java.lang.IllegalStateException: ILLEGAL TRANSITION: In 1dbf52be-8f16-49fd-bad6-8089f3318926@group-BD6D77C94A99:LeaderElection249, CLOSED -> STARTING
	at org.apache.ratis.util.Preconditions.assertTrue(Preconditions.java:63)
	at org.apache.ratis.util.LifeCycle$State.validate(LifeCycle.java:123)
	at org.apache.ratis.util.LifeCycle.transition(LifeCycle.java:143)
	at org.apache.ratis.server.impl.LeaderElection.start(LeaderElection.java:120)
	at org.apache.ratis.server.impl.RoleInfo.startLeaderElection(RoleInfo.java:128)
	at org.apache.ratis.server.impl.RaftServerImpl.changeToCandidate(RaftServerImpl.java:417)
	at org.apache.ratis.server.impl.FollowerState.run(FollowerState.java:110)
2019-09-25 11:09:20,799 [1dbf52be-8f16-49fd-bad6-8089f3318926@group-BD6D77C94A99-SegmentedRaftLogWorker] INFO  segmented.SegmentedRaftLogWorker (SegmentedRaftLogWorker.java:run(313)) - 1dbf52be-8f16-49fd-bad6-8089f3318926@group-BD6D77C94A99-SegmentedRaftLogWorker was interrupted, exiting. There are 0 tasks remaining in the queue.
2019-09-25 11:09:20,797 [Thread-3204] INFO  impl.RaftServerImpl (RaftServerImpl.java:setRole(174)) - dc1340b3-b3e2-49ee-a070-51ac5340e4da@group-CF08E65A56C3: changes role from  FOLLOWER to CANDIDATE at term 0 for changeToCandidate
2019-09-25 11:09:20,801 [main] INFO  segmented.SegmentedRaftLogWorker (SegmentedRaftLogWorker.java:close(228)) - 1dbf52be-8f16-49fd-bad6-8089f3318926@group-BD6D77C94A99-SegmentedRaftLogWorker close()
2019-09-25 11:09:20,800 [ForkJoinPool.commonPool-worker-1] INFO  impl.PendingRequests (PendingRequests.java:sendNotLeaderResponses(202)) - 4cceff1e-2c3f-451c-8b62-7d06bcf43963-PendingRequests: sendNotLeaderResponses
2019-09-25 11:09:20,800 [4cceff1e-2c3f-451c-8b62-7d06bcf43963@group-7D46F97C7073:LeaderElection244] INFO  server.RaftServerConfigKeys (ConfUtils.java:logGet(43)) - raft.server.staging.catchup.gap = 1000 (default)
2019-09-25 11:09:20,809 [ForkJoinPool.commonPool-worker-1] INFO  impl.StateMachineUpdater (StateMachineUpdater.java:stopAndJoin(125)) - 4cceff1e-2c3f-451c-8b62-7d06bcf43963@group-B0412EA30467-StateMachineUpdater: set stopIndex = 0
2019-09-25 11:09:20,809 [ForkJoinPool.commonPool-worker-1] INFO  impl.RaftServerImpl (ServerState.java:close(385)) - 4cceff1e-2c3f-451c-8b62-7d06bcf43963@group-B0412EA30467: closes. applyIndex: 0
2019-09-25 11:09:20,809 [main] INFO  impl.RaftServerImpl (RaftServerImpl.java:lambda$shutdown$3(251)) - 1dbf52be-8f16-49fd-bad6-8089f3318926@group-5B5D049F1D1E: shutdown
2019-09-25 11:09:20,810 [main] INFO  util.JmxRegister (JmxRegister.java:unregister(73)) - Successfully un-registered JMX Bean with object name Ratis:service=RaftServer,group=group-5B5D049F1D1E,id=1dbf52be-8f16-49fd-bad6-8089f3318926
2019-09-25 11:09:20,810 [main] INFO  impl.RoleInfo (RoleInfo.java:shutdownFollowerState(121)) - 1dbf52be-8f16-49fd-bad6-8089f3318926: shutdown FollowerState
2019-09-25 11:09:20,811 [main] INFO  impl.StateMachineUpdater (StateMachineUpdater.java:stopAndJoin(125)) - 1dbf52be-8f16-49fd-bad6-8089f3318926@group-5B5D049F1D1E-StateMachineUpdater: set stopIndex = -1
2019-09-25 11:09:20,811 [main] INFO  impl.RaftServerImpl (ServerState.java:close(385)) - 1dbf52be-8f16-49fd-bad6-8089f3318926@group-5B5D049F1D1E: closes. applyIndex: -1
2019-09-25 11:09:20,801 [Thread-3204] INFO  impl.RoleInfo (RoleInfo.java:updateAndGet(143)) - dc1340b3-b3e2-49ee-a070-51ac5340e4da: start LeaderElection
2019-09-25 11:09:20,812 [1dbf52be-8f16-49fd-bad6-8089f3318926@group-5B5D049F1D1E-SegmentedRaftLogWorker] INFO  segmented.SegmentedRaftLogWorker (SegmentedRaftLogWorker.java:run(313)) - 1dbf52be-8f16-49fd-bad6-8089f3318926@group-5B5D049F1D1E-SegmentedRaftLogWorker was interrupted, exiting. There are 0 tasks remaining in the queue.
2019-09-25 11:09:20,811 [Thread-3159] INFO  impl.FollowerState (FollowerState.java:run(115)) - 1dbf52be-8f16-49fd-bad6-8089f3318926: FollowerState was interrupted: java.lang.InterruptedException: sleep interrupted
2019-09-25 11:09:20,810 [4cceff1e-2c3f-451c-8b62-7d06bcf43963@group-B0412EA30467-SegmentedRaftLogWorker] INFO  segmented.SegmentedRaftLogWorker (SegmentedRaftLogWorker.java:run(313)) - 4cceff1e-2c3f-451c-8b62-7d06bcf43963@group-B0412EA30467-SegmentedRaftLogWorker was interrupted, exiting. There are 0 tasks remaining in the queue.
2019-09-25 11:09:20,809 [0b8a7ff0-298a-4c7b-84aa-a28921900e21@group-470178ACBFC5:LeaderElection251] INFO  impl.LeaderElection (LeaderElection.java:askForVotes(182)) - 0b8a7ff0-298a-4c7b-84aa-a28921900e21@group-470178ACBFC5:LeaderElection251: begin an election at term 1 for -1: [0b8a7ff0-298a-4c7b-84aa-a28921900e21:192.168.30.6:34704], old=null
2019-09-25 11:09:20,809 [0b8a7ff0-298a-4c7b-84aa-a28921900e21@group-4232FA587B70:LeaderElection250] INFO  impl.LeaderElection (LeaderElection.java:askForVotes(182)) - 0b8a7ff0-298a-4c7b-84aa-a28921900e21@group-4232FA587B70:LeaderElection250: begin an election at term 1 for -1: [0b8a7ff0-298a-4c7b-84aa-a28921900e21:192.168.30.6:34704], old=null
2019-09-25 11:09:20,809 [0b8a7ff0-298a-4c7b-84aa-a28921900e21@group-B2AC9E6BBB47:LeaderElection245] INFO  impl.LeaderElection (LeaderElection.java:askForVotes(182)) - 0b8a7ff0-298a-4c7b-84aa-a28921900e21@group-B2AC9E6BBB47:LeaderElection245: begin an election at term 1 for -1: [0b8a7ff0-298a-4c7b-84aa-a28921900e21:192.168.30.6:34704], old=null
2019-09-25 11:09:20,809 [dc1340b3-b3e2-49ee-a070-51ac5340e4da@group-111ABAD4A3D7:LeaderElection252] INFO  impl.LeaderElection (LeaderElection.java:askForVotes(182)) - dc1340b3-b3e2-49ee-a070-51ac5340e4da@group-111ABAD4A3D7:LeaderElection252: begin an election at term 1 for -1: [dc1340b3-b3e2-49ee-a070-51ac5340e4da:192.168.30.6:35849], old=null
2019-09-25 11:09:20,809 [1dbf52be-8f16-49fd-bad6-8089f3318926@group-787D51B3983B:LeaderElection246] INFO  impl.LeaderElection (LeaderElection.java:askForVotes(182)) - 1dbf52be-8f16-49fd-bad6-8089f3318926@group-787D51B3983B:LeaderElection246: begin an election at term 1 for -1: [1dbf52be-8f16-49fd-bad6-8089f3318926:192.168.30.6:43154], old=null
2019-09-25 11:09:20,809 [dc1340b3-b3e2-49ee-a070-51ac5340e4da@group-BA1C0ED2F1FA:LeaderElection248] INFO  impl.LeaderElection (LeaderElection.java:askForVotes(182)) - dc1340b3-b3e2-49ee-a070-51ac5340e4da@group-BA1C0ED2F1FA:LeaderElection248: begin an election at term 1 for -1: [dc1340b3-b3e2-49ee-a070-51ac5340e4da:192.168.30.6:35849], old=null
2019-09-25 11:09:20,809 [0b8a7ff0-298a-4c7b-84aa-a28921900e21@group-6C0A5D2B99F3:LeaderElection247] INFO  impl.LeaderElection (LeaderElection.java:askForVotes(182)) - 0b8a7ff0-298a-4c7b-84aa-a28921900e21@group-6C0A5D2B99F3:LeaderElection247: begin an election at term 1 for -1: [0b8a7ff0-298a-4c7b-84aa-a28921900e21:192.168.30.6:34704], old=null
2019-09-25 11:09:20,809 [4cceff1e-2c3f-451c-8b62-7d06bcf43963@group-7D46F97C7073:LeaderElection244] INFO  server.RaftServerConfigKeys (ConfUtils.java:logGet(43)) - raft.server.rpc.sleep.time = 25ms (default)
2019-09-25 11:09:20,816 [0b8a7ff0-298a-4c7b-84aa-a28921900e21@group-6C0A5D2B99F3:LeaderElection247] INFO  impl.RoleInfo (RoleInfo.java:shutdownLeaderElection(134)) - 0b8a7ff0-298a-4c7b-84aa-a28921900e21: shutdown LeaderElection
2019-09-25 11:09:20,816 [dc1340b3-b3e2-49ee-a070-51ac5340e4da@group-BA1C0ED2F1FA:LeaderElection248] INFO  impl.RoleInfo (RoleInfo.java:shutdownLeaderElection(134)) - dc1340b3-b3e2-49ee-a070-51ac5340e4da: shutdown LeaderElection
2019-09-25 11:09:20,816 [1dbf52be-8f16-49fd-bad6-8089f3318926@group-787D51B3983B:LeaderElection246] INFO  impl.RoleInfo (RoleInfo.java:shutdownLeaderElection(134)) - 1dbf52be-8f16-49fd-bad6-8089f3318926: shutdown LeaderElection
2019-09-25 11:09:20,816 [dc1340b3-b3e2-49ee-a070-51ac5340e4da@group-111ABAD4A3D7:LeaderElection252] INFO  impl.RoleInfo (RoleInfo.java:shutdownLeaderElection(134)) - dc1340b3-b3e2-49ee-a070-51ac5340e4da: shutdown LeaderElection
2019-09-25 11:09:20,816 [0b8a7ff0-298a-4c7b-84aa-a28921900e21@group-B2AC9E6BBB47:LeaderElection245] INFO  impl.RoleInfo (RoleInfo.java:shutdownLeaderElection(134)) - 0b8a7ff0-298a-4c7b-84aa-a28921900e21: shutdown LeaderElection
2019-09-25 11:09:20,816 [0b8a7ff0-298a-4c7b-84aa-a28921900e21@group-4232FA587B70:LeaderElection250] INFO  impl.RoleInfo (RoleInfo.java:shutdownLeaderElection(134)) - 0b8a7ff0-298a-4c7b-84aa-a28921900e21: shutdown LeaderElection
2019-09-25 11:09:20,816 [0b8a7ff0-298a-4c7b-84aa-a28921900e21@group-470178ACBFC5:LeaderElection251] INFO  impl.RoleInfo (RoleInfo.java:shutdownLeaderElection(134)) - 0b8a7ff0-298a-4c7b-84aa-a28921900e21: shutdown LeaderElection
2019-09-25 11:09:20,816 [ForkJoinPool.commonPool-worker-1] INFO  segmented.SegmentedRaftLogWorker (SegmentedRaftLogWorker.java:close(228)) - 4cceff1e-2c3f-451c-8b62-7d06bcf43963@group-B0412EA30467-SegmentedRaftLogWorker close()
2019-09-25 11:09:20,812 [main] INFO  segmented.SegmentedRaftLogWorker (SegmentedRaftLogWorker.java:close(228)) - 1dbf52be-8f16-49fd-bad6-8089f3318926@group-5B5D049F1D1E-SegmentedRaftLogWorker close()
2019-09-25 11:09:20,823 [ForkJoinPool.commonPool-worker-1] INFO  impl.RaftServerImpl (RaftServerImpl.java:lambda$shutdown$3(251)) - 4cceff1e-2c3f-451c-8b62-7d06bcf43963@group-87F372F55945: shutdown
2019-09-25 11:09:20,817 [0b8a7ff0-298a-4c7b-84aa-a28921900e21@group-470178ACBFC5:LeaderElection251] INFO  impl.RaftServerImpl (RaftServerImpl.java:setRole(174)) - 0b8a7ff0-298a-4c7b-84aa-a28921900e21@group-470178ACBFC5: changes role from CANDIDATE to LEADER at term 1 for changeToLeader
2019-09-25 11:09:20,817 [0b8a7ff0-298a-4c7b-84aa-a28921900e21@group-4232FA587B70:LeaderElection250] INFO  impl.RaftServerImpl (RaftServerImpl.java:setRole(174)) - 0b8a7ff0-298a-4c7b-84aa-a28921900e21@group-4232FA587B70: changes role from CANDIDATE to LEADER at term 1 for changeToLeader
2019-09-25 11:09:20,817 [0b8a7ff0-298a-4c7b-84aa-a28921900e21@group-B2AC9E6BBB47:LeaderElection245] INFO  impl.RaftServerImpl (RaftServerImpl.java:setRole(174)) - 0b8a7ff0-298a-4c7b-84aa-a28921900e21@group-B2AC9E6BBB47: changes role from CANDIDATE to LEADER at term 1 for changeToLeader
2019-09-25 11:09:20,829 [0b8a7ff0-298a-4c7b-84aa-a28921900e21@group-B2AC9E6BBB47:LeaderElection245] INFO  impl.RaftServerImpl (ServerState.java:setLeader(253)) - 0b8a7ff0-298a-4c7b-84aa-a28921900e21@group-B2AC9E6BBB47: change Leader from null to 0b8a7ff0-298a-4c7b-84aa-a28921900e21 at term 1 for becomeLeader, leader elected after 5558ms
2019-09-25 11:09:20,817 [dc1340b3-b3e2-49ee-a070-51ac5340e4da@group-111ABAD4A3D7:LeaderElection252] INFO  impl.RaftServerImpl (RaftServerImpl.java:setRole(174)) - dc1340b3-b3e2-49ee-a070-51ac5340e4da@group-111ABAD4A3D7: changes role from CANDIDATE to LEADER at term 1 for changeToLeader
2019-09-25 11:09:20,817 [1dbf52be-8f16-49fd-bad6-8089f3318926@group-787D51B3983B:LeaderElection246] INFO  impl.RaftServerImpl (RaftServerImpl.java:setRole(174)) - 1dbf52be-8f16-49fd-bad6-8089f3318926@group-787D51B3983B: changes role from CANDIDATE to LEADER at term 1 for changeToLeader
2019-09-25 11:09:20,817 [dc1340b3-b3e2-49ee-a070-51ac5340e4da@group-BA1C0ED2F1FA:LeaderElection248] INFO  impl.RaftServerImpl (RaftServerImpl.java:setRole(174)) - dc1340b3-b3e2-49ee-a070-51ac5340e4da@group-BA1C0ED2F1FA: changes role from CANDIDATE to LEADER at term 1 for changeToLeader
2019-09-25 11:09:20,816 [0b8a7ff0-298a-4c7b-84aa-a28921900e21@group-6C0A5D2B99F3:LeaderElection247] INFO  impl.RaftServerImpl (RaftServerImpl.java:setRole(174)) - 0b8a7ff0-298a-4c7b-84aa-a28921900e21@group-6C0A5D2B99F3: changes role from CANDIDATE to LEADER at term 1 for changeToLeader
2019-09-25 11:09:20,816 [4cceff1e-2c3f-451c-8b62-7d06bcf43963@group-7D46F97C7073:LeaderElection244] INFO  server.RaftServerConfigKeys (ConfUtils.java:logGet(43)) - raft.server.write.element-limit = 4096 (default)
2019-09-25 11:09:20,829 [0b8a7ff0-298a-4c7b-84aa-a28921900e21@group-6C0A5D2B99F3:LeaderElection247] INFO  impl.RaftServerImpl (ServerState.java:setLeader(253)) - 0b8a7ff0-298a-4c7b-84aa-a28921900e21@group-6C0A5D2B99F3: change Leader from null to 0b8a7ff0-298a-4c7b-84aa-a28921900e21 at term 1 for becomeLeader, leader elected after 5583ms
2019-09-25 11:09:20,830 [0b8a7ff0-298a-4c7b-84aa-a28921900e21@group-6C0A5D2B99F3:LeaderElection247] INFO  server.RaftServerConfigKeys (ConfUtils.java:logGet(43)) - raft.server.staging.catchup.gap = 1000 (default)
2019-09-25 11:09:20,830 [0b8a7ff0-298a-4c7b-84aa-a28921900e21@group-6C0A5D2B99F3:LeaderElection247] INFO  server.RaftServerConfigKeys (ConfUtils.java:logGet(43)) - raft.server.rpc.sleep.time = 25ms (default)
2019-09-25 11:09:20,829 [dc1340b3-b3e2-49ee-a070-51ac5340e4da@group-BA1C0ED2F1FA:LeaderElection248] INFO  impl.RaftServerImpl (ServerState.java:setLeader(253)) - dc1340b3-b3e2-49ee-a070-51ac5340e4da@group-BA1C0ED2F1FA: change Leader from null to dc1340b3-b3e2-49ee-a070-51ac5340e4da at term 1 for becomeLeader, leader elected after 5619ms
2019-09-25 11:09:20,829 [1dbf52be-8f16-49fd-bad6-8089f3318926@group-787D51B3983B:LeaderElection246] INFO  impl.RaftServerImpl (ServerState.java:setLeader(253)) - 1dbf52be-8f16-49fd-bad6-8089f3318926@group-787D51B3983B: change Leader from null to 1dbf52be-8f16-49fd-bad6-8089f3318926 at term 1 for becomeLeader, leader elected after 5698ms
2019-09-25 11:09:20,829 [dc1340b3-b3e2-49ee-a070-51ac5340e4da@group-111ABAD4A3D7:LeaderElection252] INFO  impl.RaftServerImpl (ServerState.java:setLeader(253)) - dc1340b3-b3e2-49ee-a070-51ac5340e4da@group-111ABAD4A3D7: change Leader from null to dc1340b3-b3e2-49ee-a070-51ac5340e4da at term 1 for becomeLeader, leader elected after 5510ms
2019-09-25 11:09:20,829 [0b8a7ff0-298a-4c7b-84aa-a28921900e21@group-B2AC9E6BBB47:LeaderElection245] INFO  server.RaftServerConfigKeys (ConfUtils.java:logGet(43)) - raft.server.staging.catchup.gap = 1000 (default)
2019-09-25 11:09:20,829 [dc1340b3-b3e2-49ee-a070-51ac5340e4da@group-CF08E65A56C3:LeaderElection253] INFO  impl.LeaderElection (LeaderElection.java:askForVotes(182)) - dc1340b3-b3e2-49ee-a070-51ac5340e4da@group-CF08E65A56C3:LeaderElection253: begin an election at term 1 for -1: [dc1340b3-b3e2-49ee-a070-51ac5340e4da:192.168.30.6:35849], old=null
2019-09-25 11:09:20,829 [0b8a7ff0-298a-4c7b-84aa-a28921900e21@group-4232FA587B70:LeaderElection250] INFO  impl.RaftServerImpl (ServerState.java:setLeader(253)) - 0b8a7ff0-298a-4c7b-84aa-a28921900e21@group-4232FA587B70: change Leader from null to 0b8a7ff0-298a-4c7b-84aa-a28921900e21 at term 1 for becomeLeader, leader elected after 5656ms
2019-09-25 11:09:20,829 [0b8a7ff0-298a-4c7b-84aa-a28921900e21@group-470178ACBFC5:LeaderElection251] INFO  impl.RaftServerImpl (ServerState.java:setLeader(253)) - 0b8a7ff0-298a-4c7b-84aa-a28921900e21@group-470178ACBFC5: change Leader from null to 0b8a7ff0-298a-4c7b-84aa-a28921900e21 at term 1 for becomeLeader, leader elected after 5534ms
2019-09-25 11:09:20,829 [ForkJoinPool.commonPool-worker-1] INFO  util.JmxRegister (JmxRegister.java:unregister(73)) - Successfully un-registered JMX Bean with object name Ratis:service=RaftServer,group=group-87F372F55945,id=4cceff1e-2c3f-451c-8b62-7d06bcf43963
2019-09-25 11:09:20,831 [ForkJoinPool.commonPool-worker-1] INFO  impl.RoleInfo (RoleInfo.java:shutdownLeaderState(104)) - 4cceff1e-2c3f-451c-8b62-7d06bcf43963: shutdown LeaderState
2019-09-25 11:09:20,828 [main] INFO  impl.RaftServerImpl (RaftServerImpl.java:lambda$shutdown$3(251)) - 1dbf52be-8f16-49fd-bad6-8089f3318926@group-C8F3AC825171: shutdown
2019-09-25 11:09:20,831 [ForkJoinPool.commonPool-worker-1] INFO  impl.PendingRequests (PendingRequests.java:sendNotLeaderResponses(202)) - 4cceff1e-2c3f-451c-8b62-7d06bcf43963-PendingRequests: sendNotLeaderResponses
2019-09-25 11:09:20,831 [0b8a7ff0-298a-4c7b-84aa-a28921900e21@group-470178ACBFC5:LeaderElection251] INFO  server.RaftServerConfigKeys (ConfUtils.java:logGet(43)) - raft.server.staging.catchup.gap = 1000 (default)
2019-09-25 11:09:20,831 [0b8a7ff0-298a-4c7b-84aa-a28921900e21@group-4232FA587B70:LeaderElection250] INFO  server.RaftServerConfigKeys (ConfUtils.java:logGet(43)) - raft.server.staging.catchup.gap = 1000 (default)
2019-09-25 11:09:20,830 [dc1340b3-b3e2-49ee-a070-51ac5340e4da@group-CF08E65A56C3:LeaderElection253] INFO  impl.RoleInfo (RoleInfo.java:shutdownLeaderElection(134)) - dc1340b3-b3e2-49ee-a070-51ac5340e4da: shutdown LeaderElection
2019-09-25 11:09:20,830 [0b8a7ff0-298a-4c7b-84aa-a28921900e21@group-B2AC9E6BBB47:LeaderElection245] INFO  server.RaftServerConfigKeys (ConfUtils.java:logGet(43)) - raft.server.rpc.sleep.time = 25ms (default)
2019-09-25 11:09:20,830 [dc1340b3-b3e2-49ee-a070-51ac5340e4da@group-111ABAD4A3D7:LeaderElection252] INFO  server.RaftServerConfigKeys (ConfUtils.java:logGet(43)) - raft.server.staging.catchup.gap = 1000 (default)
2019-09-25 11:09:20,830 [1dbf52be-8f16-49fd-bad6-8089f3318926@group-787D51B3983B:LeaderElection246] INFO  server.RaftServerConfigKeys (ConfUtils.java:logGet(43)) - raft.server.staging.catchup.gap = 1000 (default)
2019-09-25 11:09:20,830 [dc1340b3-b3e2-49ee-a070-51ac5340e4da@group-BA1C0ED2F1FA:LeaderElection248] INFO  server.RaftServerConfigKeys (ConfUtils.java:logGet(43)) - raft.server.staging.catchup.gap = 1000 (default)
2019-09-25 11:09:20,830 [0b8a7ff0-298a-4c7b-84aa-a28921900e21@group-6C0A5D2B99F3:LeaderElection247] INFO  server.RaftServerConfigKeys (ConfUtils.java:logGet(43)) - raft.server.write.element-limit = 4096 (default)
2019-09-25 11:09:20,830 [4cceff1e-2c3f-451c-8b62-7d06bcf43963@group-7D46F97C7073:LeaderElection244] INFO  server.RaftServerConfigKeys (ConfUtils.java:logGet(43)) - raft.server.watch.timeout = 10s (default)
2019-09-25 11:09:20,832 [0b8a7ff0-298a-4c7b-84aa-a28921900e21@group-6C0A5D2B99F3:LeaderElection247] INFO  server.RaftServerConfigKeys (ConfUtils.java:logGet(43)) - raft.server.watch.timeout = 10s (default)
2019-09-25 11:09:20,832 [dc1340b3-b3e2-49ee-a070-51ac5340e4da@group-BA1C0ED2F1FA:LeaderElection248] INFO  server.RaftServerConfigKeys (ConfUtils.java:logGet(43)) - raft.server.rpc.sleep.time = 25ms (default)
2019-09-25 11:09:20,832 [1dbf52be-8f16-49fd-bad6-8089f3318926@group-787D51B3983B:LeaderElection246] INFO  server.RaftServerConfigKeys (ConfUtils.java:logGet(43)) - raft.server.rpc.sleep.time = 25ms (default)
2019-09-25 11:09:20,832 [dc1340b3-b3e2-49ee-a070-51ac5340e4da@group-111ABAD4A3D7:LeaderElection252] INFO  server.RaftServerConfigKeys (ConfUtils.java:logGet(43)) - raft.server.rpc.sleep.time = 25ms (default)
2019-09-25 11:09:20,832 [0b8a7ff0-298a-4c7b-84aa-a28921900e21@group-B2AC9E6BBB47:LeaderElection245] INFO  server.RaftServerConfigKeys (ConfUtils.java:logGet(43)) - raft.server.write.element-limit = 4096 (default)
2019-09-25 11:09:20,832 [dc1340b3-b3e2-49ee-a070-51ac5340e4da@group-CF08E65A56C3:LeaderElection253] INFO  impl.RaftServerImpl (RaftServerImpl.java:setRole(174)) - dc1340b3-b3e2-49ee-a070-51ac5340e4da@group-CF08E65A56C3: changes role from CANDIDATE to LEADER at term 1 for changeToLeader
2019-09-25 11:09:20,832 [0b8a7ff0-298a-4c7b-84aa-a28921900e21@group-4232FA587B70:LeaderElection250] INFO  server.RaftServerConfigKeys (ConfUtils.java:logGet(43)) - raft.server.rpc.sleep.time = 25ms (default)
2019-09-25 11:09:20,831 [0b8a7ff0-298a-4c7b-84aa-a28921900e21@group-470178ACBFC5:LeaderElection251] INFO  server.RaftServerConfigKeys (ConfUtils.java:logGet(43)) - raft.server.rpc.sleep.time = 25ms (default)
2019-09-25 11:09:20,831 [ForkJoinPool.commonPool-worker-1] INFO  impl.StateMachineUpdater (StateMachineUpdater.java:stopAndJoin(125)) - 4cceff1e-2c3f-451c-8b62-7d06bcf43963@group-87F372F55945-StateMachineUpdater: set stopIndex = 0
2019-09-25 11:09:20,833 [ForkJoinPool.commonPool-worker-1] INFO  impl.RaftServerImpl (ServerState.java:close(385)) - 4cceff1e-2c3f-451c-8b62-7d06bcf43963@group-87F372F55945: closes. applyIndex: 0
2019-09-25 11:09:20,831 [main] INFO  util.JmxRegister (JmxRegister.java:unregister(73)) - Successfully un-registered JMX Bean with object name Ratis:service=RaftServer,group=group-C8F3AC825171,id=1dbf52be-8f16-49fd-bad6-8089f3318926
2019-09-25 11:09:20,833 [4cceff1e-2c3f-451c-8b62-7d06bcf43963@group-87F372F55945-SegmentedRaftLogWorker] INFO  segmented.SegmentedRaftLogWorker (SegmentedRaftLogWorker.java:run(313)) - 4cceff1e-2c3f-451c-8b62-7d06bcf43963@group-87F372F55945-SegmentedRaftLogWorker was interrupted, exiting. There are 0 tasks remaining in the queue.
2019-09-25 11:09:20,833 [0b8a7ff0-298a-4c7b-84aa-a28921900e21@group-470178ACBFC5:LeaderElection251] INFO  server.RaftServerConfigKeys (ConfUtils.java:logGet(43)) - raft.server.write.element-limit = 4096 (default)
2019-09-25 11:09:20,833 [0b8a7ff0-298a-4c7b-84aa-a28921900e21@group-4232FA587B70:LeaderElection250] INFO  server.RaftServerConfigKeys (ConfUtils.java:logGet(43)) - raft.server.write.element-limit = 4096 (default)
2019-09-25 11:09:20,833 [dc1340b3-b3e2-49ee-a070-51ac5340e4da@group-CF08E65A56C3:LeaderElection253] INFO  impl.RaftServerImpl (ServerState.java:setLeader(253)) - dc1340b3-b3e2-49ee-a070-51ac5340e4da@group-CF08E65A56C3: change Leader from null to dc1340b3-b3e2-49ee-a070-51ac5340e4da at term 1 for becomeLeader, leader elected after 5475ms
2019-09-25 11:09:20,833 [0b8a7ff0-298a-4c7b-84aa-a28921900e21@group-B2AC9E6BBB47:LeaderElection245] INFO  server.RaftServerConfigKeys (ConfUtils.java:logGet(43)) - raft.server.watch.timeout = 10s (default)
2019-09-25 11:09:20,833 [dc1340b3-b3e2-49ee-a070-51ac5340e4da@group-111ABAD4A3D7:LeaderElection252] INFO  server.RaftServerConfigKeys (ConfUtils.java:logGet(43)) - raft.server.write.element-limit = 4096 (default)
2019-09-25 11:09:20,833 [1dbf52be-8f16-49fd-bad6-8089f3318926@group-787D51B3983B:LeaderElection246] INFO  server.RaftServerConfigKeys (ConfUtils.java:logGet(43)) - raft.server.write.element-limit = 4096 (default)
2019-09-25 11:09:20,832 [dc1340b3-b3e2-49ee-a070-51ac5340e4da@group-BA1C0ED2F1FA:LeaderElection248] INFO  server.RaftServerConfigKeys (ConfUtils.java:logGet(43)) - raft.server.write.element-limit = 4096 (default)
2019-09-25 11:09:20,832 [0b8a7ff0-298a-4c7b-84aa-a28921900e21@group-6C0A5D2B99F3:LeaderElection247] INFO  server.RaftServerConfigKeys (ConfUtils.java:logGet(43)) - raft.server.watch.timeout.denomination = 1s (default)
2019-09-25 11:09:20,837 [0b8a7ff0-298a-4c7b-84aa-a28921900e21@group-6C0A5D2B99F3:LeaderElection247] INFO  server.RaftServerConfigKeys (ConfUtils.java:logGet(43)) - raft.server.watch.element-limit = 65536 (default)
2019-09-25 11:09:20,832 [4cceff1e-2c3f-451c-8b62-7d06bcf43963@group-7D46F97C7073:LeaderElection244] INFO  server.RaftServerConfigKeys (ConfUtils.java:logGet(43)) - raft.server.watch.timeout.denomination = 1s (default)
2019-09-25 11:09:20,836 [dc1340b3-b3e2-49ee-a070-51ac5340e4da@group-BA1C0ED2F1FA:LeaderElection248] INFO  server.RaftServerConfigKeys (ConfUtils.java:logGet(43)) - raft.server.watch.timeout = 10s (default)
2019-09-25 11:09:20,836 [1dbf52be-8f16-49fd-bad6-8089f3318926@group-787D51B3983B:LeaderElection246] INFO  server.RaftServerConfigKeys (ConfUtils.java:logGet(43)) - raft.server.watch.timeout = 10s (default)
2019-09-25 11:09:20,836 [dc1340b3-b3e2-49ee-a070-51ac5340e4da@group-111ABAD4A3D7:LeaderElection252] INFO  server.RaftServerConfigKeys (ConfUtils.java:logGet(43)) - raft.server.watch.timeout = 10s (default)
2019-09-25 11:09:20,836 [0b8a7ff0-298a-4c7b-84aa-a28921900e21@group-B2AC9E6BBB47:LeaderElection245] INFO  server.RaftServerConfigKeys (ConfUtils.java:logGet(43)) - raft.server.watch.timeout.denomination = 1s (default)
2019-09-25 11:09:20,836 [dc1340b3-b3e2-49ee-a070-51ac5340e4da@group-CF08E65A56C3:LeaderElection253] INFO  server.RaftServerConfigKeys (ConfUtils.java:logGet(43)) - raft.server.staging.catchup.gap = 1000 (default)
2019-09-25 11:09:20,836 [0b8a7ff0-298a-4c7b-84aa-a28921900e21@group-4232FA587B70:LeaderElection250] INFO  server.RaftServerConfigKeys (ConfUtils.java:logGet(43)) - raft.server.watch.timeout = 10s (default)
2019-09-25 11:09:20,836 [0b8a7ff0-298a-4c7b-84aa-a28921900e21@group-470178ACBFC5:LeaderElection251] INFO  server.RaftServerConfigKeys (ConfUtils.java:logGet(43)) - raft.server.watch.timeout = 10s (default)
2019-09-25 11:09:20,836 [ForkJoinPool.commonPool-worker-1] INFO  segmented.SegmentedRaftLogWorker (SegmentedRaftLogWorker.java:close(228)) - 4cceff1e-2c3f-451c-8b62-7d06bcf43963@group-87F372F55945-SegmentedRaftLogWorker close()
2019-09-25 11:09:20,834 [main] INFO  impl.RoleInfo (RoleInfo.java:shutdownLeaderState(104)) - 1dbf52be-8f16-49fd-bad6-8089f3318926: shutdown LeaderState
2019-09-25 11:09:20,842 [0b8a7ff0-298a-4c7b-84aa-a28921900e21@group-6C0A5D2B99F3:LeaderElection247] INFO  impl.RoleInfo (RoleInfo.java:updateAndGet(143)) - 0b8a7ff0-298a-4c7b-84aa-a28921900e21: start LeaderState
2019-09-25 11:09:20,842 [ForkJoinPool.commonPool-worker-1] INFO  impl.RaftServerImpl (RaftServerImpl.java:lambda$shutdown$3(251)) - 4cceff1e-2c3f-451c-8b62-7d06bcf43963@group-FED2755EAF26: shutdown
2019-09-25 11:09:20,843 [ForkJoinPool.commonPool-worker-1] INFO  util.JmxRegister (JmxRegister.java:unregister(73)) - Successfully un-registered JMX Bean with object name Ratis:service=RaftServer,group=group-FED2755EAF26,id=4cceff1e-2c3f-451c-8b62-7d06bcf43963
2019-09-25 11:09:20,838 [0b8a7ff0-298a-4c7b-84aa-a28921900e21@group-470178ACBFC5:LeaderElection251] INFO  server.RaftServerConfigKeys (ConfUtils.java:logGet(43)) - raft.server.watch.timeout.denomination = 1s (default)
2019-09-25 11:09:20,843 [0b8a7ff0-298a-4c7b-84aa-a28921900e21@group-470178ACBFC5:LeaderElection251] INFO  server.RaftServerConfigKeys (ConfUtils.java:logGet(43)) - raft.server.watch.element-limit = 65536 (default)
2019-09-25 11:09:20,837 [0b8a7ff0-298a-4c7b-84aa-a28921900e21@group-4232FA587B70:LeaderElection250] INFO  server.RaftServerConfigKeys (ConfUtils.java:logGet(43)) - raft.server.watch.timeout.denomination = 1s (default)
2019-09-25 11:09:20,837 [dc1340b3-b3e2-49ee-a070-51ac5340e4da@group-CF08E65A56C3:LeaderElection253] INFO  server.RaftServerConfigKeys (ConfUtils.java:logGet(43)) - raft.server.rpc.sleep.time = 25ms (default)
2019-09-25 11:09:20,837 [0b8a7ff0-298a-4c7b-84aa-a28921900e21@group-B2AC9E6BBB47:LeaderElection245] INFO  server.RaftServerConfigKeys (ConfUtils.java:logGet(43)) - raft.server.watch.element-limit = 65536 (default)
2019-09-25 11:09:20,837 [dc1340b3-b3e2-49ee-a070-51ac5340e4da@group-111ABAD4A3D7:LeaderElection252] INFO  server.RaftServerConfigKeys (ConfUtils.java:logGet(43)) - raft.server.watch.timeout.denomination = 1s (default)
2019-09-25 11:09:20,837 [1dbf52be-8f16-49fd-bad6-8089f3318926@group-787D51B3983B:LeaderElection246] INFO  server.RaftServerConfigKeys (ConfUtils.java:logGet(43)) - raft.server.watch.timeout.denomination = 1s (default)
2019-09-25 11:09:20,837 [dc1340b3-b3e2-49ee-a070-51ac5340e4da@group-BA1C0ED2F1FA:LeaderElection248] INFO  server.RaftServerConfigKeys (ConfUtils.java:logGet(43)) - raft.server.watch.timeout.denomination = 1s (default)
2019-09-25 11:09:20,837 [4cceff1e-2c3f-451c-8b62-7d06bcf43963@group-7D46F97C7073:LeaderElection244] INFO  server.RaftServerConfigKeys (ConfUtils.java:logGet(43)) - raft.server.watch.element-limit = 65536 (default)
2019-09-25 11:09:20,844 [dc1340b3-b3e2-49ee-a070-51ac5340e4da@group-BA1C0ED2F1FA:LeaderElection248] INFO  server.RaftServerConfigKeys (ConfUtils.java:logGet(43)) - raft.server.watch.element-limit = 65536 (default)
2019-09-25 11:09:20,843 [1dbf52be-8f16-49fd-bad6-8089f3318926@group-787D51B3983B:LeaderElection246] INFO  server.RaftServerConfigKeys (ConfUtils.java:logGet(43)) - raft.server.watch.element-limit = 65536 (default)
2019-09-25 11:09:20,843 [dc1340b3-b3e2-49ee-a070-51ac5340e4da@group-111ABAD4A3D7:LeaderElection252] INFO  server.RaftServerConfigKeys (ConfUtils.java:logGet(43)) - raft.server.watch.element-limit = 65536 (default)
2019-09-25 11:09:20,843 [dc1340b3-b3e2-49ee-a070-51ac5340e4da@group-CF08E65A56C3:LeaderElection253] INFO  server.RaftServerConfigKeys (ConfUtils.java:logGet(43)) - raft.server.write.element-limit = 4096 (default)
2019-09-25 11:09:20,843 [0b8a7ff0-298a-4c7b-84aa-a28921900e21@group-4232FA587B70:LeaderElection250] INFO  server.RaftServerConfigKeys (ConfUtils.java:logGet(43)) - raft.server.watch.element-limit = 65536 (default)
2019-09-25 11:09:20,843 [ForkJoinPool.commonPool-worker-1] INFO  impl.RoleInfo (RoleInfo.java:shutdownLeaderState(104)) - 4cceff1e-2c3f-451c-8b62-7d06bcf43963: shutdown LeaderState
2019-09-25 11:09:20,842 [0b8a7ff0-298a-4c7b-84aa-a28921900e21@group-6C0A5D2B99F3:LeaderElection247] INFO  segmented.SegmentedRaftLogWorker (SegmentedRaftLogWorker.java:startLogSegment(380)) - 0b8a7ff0-298a-4c7b-84aa-a28921900e21@group-6C0A5D2B99F3-SegmentedRaftLogWorker: Starting segment from index:0
2019-09-25 11:09:20,842 [main] INFO  impl.PendingRequests (PendingRequests.java:sendNotLeaderResponses(202)) - 1dbf52be-8f16-49fd-bad6-8089f3318926-PendingRequests: sendNotLeaderResponses
2019-09-25 11:09:20,844 [ForkJoinPool.commonPool-worker-1] INFO  impl.PendingRequests (PendingRequests.java:sendNotLeaderResponses(202)) - 4cceff1e-2c3f-451c-8b62-7d06bcf43963-PendingRequests: sendNotLeaderResponses
2019-09-25 11:09:20,844 [dc1340b3-b3e2-49ee-a070-51ac5340e4da@group-CF08E65A56C3:LeaderElection253] INFO  server.RaftServerConfigKeys (ConfUtils.java:logGet(43)) - raft.server.watch.timeout = 10s (default)
2019-09-25 11:09:20,845 [ForkJoinPool.commonPool-worker-1] INFO  impl.StateMachineUpdater (StateMachineUpdater.java:stopAndJoin(125)) - 4cceff1e-2c3f-451c-8b62-7d06bcf43963@group-FED2755EAF26-StateMachineUpdater: set stopIndex = 0
2019-09-25 11:09:20,845 [ForkJoinPool.commonPool-worker-1] INFO  impl.RaftServerImpl (ServerState.java:close(385)) - 4cceff1e-2c3f-451c-8b62-7d06bcf43963@group-FED2755EAF26: closes. applyIndex: 0
2019-09-25 11:09:20,845 [0b8a7ff0-298a-4c7b-84aa-a28921900e21@group-6C0A5D2B99F3:LeaderElection247] INFO  impl.RaftServerImpl (ServerState.java:setRaftConf(354)) - 0b8a7ff0-298a-4c7b-84aa-a28921900e21@group-6C0A5D2B99F3: set configuration 0: [0b8a7ff0-298a-4c7b-84aa-a28921900e21:192.168.30.6:34704], old=null at 0
2019-09-25 11:09:20,845 [main] INFO  impl.StateMachineUpdater (StateMachineUpdater.java:stopAndJoin(125)) - 1dbf52be-8f16-49fd-bad6-8089f3318926@group-C8F3AC825171-StateMachineUpdater: set stopIndex = 0
2019-09-25 11:09:20,846 [main] INFO  impl.RaftServerImpl (ServerState.java:close(385)) - 1dbf52be-8f16-49fd-bad6-8089f3318926@group-C8F3AC825171: closes. applyIndex: 0
2019-09-25 11:09:20,846 [4cceff1e-2c3f-451c-8b62-7d06bcf43963@group-FED2755EAF26-SegmentedRaftLogWorker] INFO  segmented.SegmentedRaftLogWorker (SegmentedRaftLogWorker.java:run(313)) - 4cceff1e-2c3f-451c-8b62-7d06bcf43963@group-FED2755EAF26-SegmentedRaftLogWorker was interrupted, exiting. There are 0 tasks remaining in the queue.
2019-09-25 11:09:20,846 [1dbf52be-8f16-49fd-bad6-8089f3318926@group-C8F3AC825171-SegmentedRaftLogWorker] INFO  segmented.SegmentedRaftLogWorker (SegmentedRaftLogWorker.java:run(313)) - 1dbf52be-8f16-49fd-bad6-8089f3318926@group-C8F3AC825171-SegmentedRaftLogWorker was interrupted, exiting. There are 0 tasks remaining in the queue.
2019-09-25 11:09:20,845 [dc1340b3-b3e2-49ee-a070-51ac5340e4da@group-CF08E65A56C3:LeaderElection253] INFO  server.RaftServerConfigKeys (ConfUtils.java:logGet(43)) - raft.server.watch.timeout.denomination = 1s (default)
2019-09-25 11:09:20,877 [main] INFO  segmented.SegmentedRaftLogWorker (SegmentedRaftLogWorker.java:close(228)) - 1dbf52be-8f16-49fd-bad6-8089f3318926@group-C8F3AC825171-SegmentedRaftLogWorker close()
2019-09-25 11:09:20,873 [ForkJoinPool.commonPool-worker-1] INFO  segmented.SegmentedRaftLogWorker (SegmentedRaftLogWorker.java:close(228)) - 4cceff1e-2c3f-451c-8b62-7d06bcf43963@group-FED2755EAF26-SegmentedRaftLogWorker close()
2019-09-25 11:09:20,884 [main] INFO  impl.RaftServerImpl (RaftServerImpl.java:lambda$shutdown$3(251)) - 1dbf52be-8f16-49fd-bad6-8089f3318926@group-26E163EA4653: shutdown
2019-09-25 11:09:20,877 [dc1340b3-b3e2-49ee-a070-51ac5340e4da@group-CF08E65A56C3:LeaderElection253] INFO  server.RaftServerConfigKeys (ConfUtils.java:logGet(43)) - raft.server.watch.element-limit = 65536 (default)
2019-09-25 11:09:20,892 [ForkJoinPool.commonPool-worker-1] INFO  impl.RaftServerImpl (RaftServerImpl.java:lambda$shutdown$3(251)) - 4cceff1e-2c3f-451c-8b62-7d06bcf43963@group-0CFEC04E9393: shutdown
2019-09-25 11:09:20,891 [0b8a7ff0-298a-4c7b-84aa-a28921900e21@group-6C0A5D2B99F3-SegmentedRaftLogWorker] INFO  segmented.SegmentedRaftLogWorker (SegmentedRaftLogWorker.java:execute(569)) - 0b8a7ff0-298a-4c7b-84aa-a28921900e21@group-6C0A5D2B99F3-SegmentedRaftLogWorker: created new log segment /workdir/hadoop-ozone/integration-test/target/test-dir/MiniOzoneClusterImpl-4b1c6350-cd3e-4172-b7a0-e9c66394f836/datanode-5/data/ratis/3a29be01-e89a-40fc-8333-6c0a5d2b99f3/current/log_inprogress_0
2019-09-25 11:09:20,892 [main] INFO  util.JmxRegister (JmxRegister.java:unregister(73)) - Successfully un-registered JMX Bean with object name Ratis:service=RaftServer,group=group-26E163EA4653,id=1dbf52be-8f16-49fd-bad6-8089f3318926
2019-09-25 11:09:20,892 [ForkJoinPool.commonPool-worker-1] INFO  util.JmxRegister (JmxRegister.java:unregister(73)) - Successfully un-registered JMX Bean with object name Ratis:service=RaftServer,group=group-0CFEC04E9393,id=4cceff1e-2c3f-451c-8b62-7d06bcf43963
2019-09-25 11:09:20,892 [0b8a7ff0-298a-4c7b-84aa-a28921900e21@group-470178ACBFC5:LeaderElection251] INFO  impl.RoleInfo (RoleInfo.java:updateAndGet(143)) - 0b8a7ff0-298a-4c7b-84aa-a28921900e21: start LeaderState
2019-09-25 11:09:20,893 [ForkJoinPool.commonPool-worker-1] INFO  impl.RoleInfo (RoleInfo.java:shutdownLeaderState(104)) - 4cceff1e-2c3f-451c-8b62-7d06bcf43963: shutdown LeaderState
2019-09-25 11:09:20,893 [main] INFO  impl.RoleInfo (RoleInfo.java:shutdownFollowerState(121)) - 1dbf52be-8f16-49fd-bad6-8089f3318926: shutdown FollowerState
2019-09-25 11:09:20,893 [ForkJoinPool.commonPool-worker-1] INFO  impl.PendingRequests (PendingRequests.java:sendNotLeaderResponses(202)) - 4cceff1e-2c3f-451c-8b62-7d06bcf43963-PendingRequests: sendNotLeaderResponses
2019-09-25 11:09:20,893 [0b8a7ff0-298a-4c7b-84aa-a28921900e21@group-470178ACBFC5:LeaderElection251] INFO  segmented.SegmentedRaftLogWorker (SegmentedRaftLogWorker.java:startLogSegment(380)) - 0b8a7ff0-298a-4c7b-84aa-a28921900e21@group-470178ACBFC5-SegmentedRaftLogWorker: Starting segment from index:0
2019-09-25 11:09:20,894 [ForkJoinPool.commonPool-worker-1] INFO  impl.StateMachineUpdater (StateMachineUpdater.java:stopAndJoin(125)) - 4cceff1e-2c3f-451c-8b62-7d06bcf43963@group-0CFEC04E9393-StateMachineUpdater: set stopIndex = 0
2019-09-25 11:09:20,893 [Thread-3168] INFO  impl.FollowerState (FollowerState.java:run(115)) - 1dbf52be-8f16-49fd-bad6-8089f3318926: FollowerState was interrupted: java.lang.InterruptedException: sleep interrupted
2019-09-25 11:09:20,893 [main] INFO  impl.StateMachineUpdater (StateMachineUpdater.java:stopAndJoin(125)) - 1dbf52be-8f16-49fd-bad6-8089f3318926@group-26E163EA4653-StateMachineUpdater: set stopIndex = -1
2019-09-25 11:09:20,894 [ForkJoinPool.commonPool-worker-1] INFO  impl.RaftServerImpl (ServerState.java:close(385)) - 4cceff1e-2c3f-451c-8b62-7d06bcf43963@group-0CFEC04E9393: closes. applyIndex: 0
2019-09-25 11:09:20,894 [0b8a7ff0-298a-4c7b-84aa-a28921900e21@group-470178ACBFC5:LeaderElection251] INFO  impl.RaftServerImpl (ServerState.java:setRaftConf(354)) - 0b8a7ff0-298a-4c7b-84aa-a28921900e21@group-470178ACBFC5: set configuration 0: [0b8a7ff0-298a-4c7b-84aa-a28921900e21:192.168.30.6:34704], old=null at 0
2019-09-25 11:09:20,895 [4cceff1e-2c3f-451c-8b62-7d06bcf43963@group-0CFEC04E9393-SegmentedRaftLogWorker] INFO  segmented.SegmentedRaftLogWorker (SegmentedRaftLogWorker.java:run(313)) - 4cceff1e-2c3f-451c-8b62-7d06bcf43963@group-0CFEC04E9393-SegmentedRaftLogWorker was interrupted, exiting. There are 0 tasks remaining in the queue.
2019-09-25 11:09:20,894 [main] INFO  impl.RaftServerImpl (ServerState.java:close(385)) - 1dbf52be-8f16-49fd-bad6-8089f3318926@group-26E163EA4653: closes. applyIndex: -1
2019-09-25 11:09:20,921 [ForkJoinPool.commonPool-worker-1] INFO  segmented.SegmentedRaftLogWorker (SegmentedRaftLogWorker.java:close(228)) - 4cceff1e-2c3f-451c-8b62-7d06bcf43963@group-0CFEC04E9393-SegmentedRaftLogWorker close()
2019-09-25 11:09:20,922 [1dbf52be-8f16-49fd-bad6-8089f3318926@group-26E163EA4653-SegmentedRaftLogWorker] INFO  segmented.SegmentedRaftLogWorker (SegmentedRaftLogWorker.java:run(313)) - 1dbf52be-8f16-49fd-bad6-8089f3318926@group-26E163EA4653-SegmentedRaftLogWorker was interrupted, exiting. There are 0 tasks remaining in the queue.
2019-09-25 11:09:20,927 [ForkJoinPool.commonPool-worker-1] INFO  impl.RaftServerImpl (RaftServerImpl.java:lambda$shutdown$3(251)) - 4cceff1e-2c3f-451c-8b62-7d06bcf43963@group-7D46F97C7073: shutdown
2019-09-25 11:09:20,927 [main] INFO  segmented.SegmentedRaftLogWorker (SegmentedRaftLogWorker.java:close(228)) - 1dbf52be-8f16-49fd-bad6-8089f3318926@group-26E163EA4653-SegmentedRaftLogWorker close()
2019-09-25 11:09:20,931 [main] INFO  impl.RaftServerImpl (RaftServerImpl.java:lambda$shutdown$3(251)) - 1dbf52be-8f16-49fd-bad6-8089f3318926@group-EE227FCDF11F: shutdown
2019-09-25 11:09:20,931 [ForkJoinPool.commonPool-worker-1] INFO  util.JmxRegister (JmxRegister.java:unregister(73)) - Successfully un-registered JMX Bean with object name Ratis:service=RaftServer,group=group-7D46F97C7073,id=4cceff1e-2c3f-451c-8b62-7d06bcf43963
2019-09-25 11:09:20,932 [ForkJoinPool.commonPool-worker-1] INFO  impl.StateMachineUpdater (StateMachineUpdater.java:stopAndJoin(125)) - 4cceff1e-2c3f-451c-8b62-7d06bcf43963@group-7D46F97C7073-StateMachineUpdater: set stopIndex = -1
2019-09-25 11:09:20,932 [main] INFO  util.JmxRegister (JmxRegister.java:unregister(73)) - Successfully un-registered JMX Bean with object name Ratis:service=RaftServer,group=group-EE227FCDF11F,id=1dbf52be-8f16-49fd-bad6-8089f3318926
2019-09-25 11:09:20,932 [ForkJoinPool.commonPool-worker-1] INFO  impl.RaftServerImpl (ServerState.java:close(385)) - 4cceff1e-2c3f-451c-8b62-7d06bcf43963@group-7D46F97C7073: closes. applyIndex: -1
2019-09-25 11:09:20,932 [main] INFO  impl.RoleInfo (RoleInfo.java:shutdownLeaderState(104)) - 1dbf52be-8f16-49fd-bad6-8089f3318926: shutdown LeaderState
2019-09-25 11:09:20,932 [0b8a7ff0-298a-4c7b-84aa-a28921900e21@group-B2AC9E6BBB47:LeaderElection245] INFO  impl.RoleInfo (RoleInfo.java:updateAndGet(143)) - 0b8a7ff0-298a-4c7b-84aa-a28921900e21: start LeaderState
2019-09-25 11:09:20,932 [4cceff1e-2c3f-451c-8b62-7d06bcf43963@group-7D46F97C7073-SegmentedRaftLogWorker] INFO  segmented.SegmentedRaftLogWorker (SegmentedRaftLogWorker.java:run(313)) - 4cceff1e-2c3f-451c-8b62-7d06bcf43963@group-7D46F97C7073-SegmentedRaftLogWorker was interrupted, exiting. There are 0 tasks remaining in the queue.
2019-09-25 11:09:20,933 [main] INFO  impl.PendingRequests (PendingRequests.java:sendNotLeaderResponses(202)) - 1dbf52be-8f16-49fd-bad6-8089f3318926-PendingRequests: sendNotLeaderResponses
2019-09-25 11:09:20,933 [0b8a7ff0-298a-4c7b-84aa-a28921900e21@group-470178ACBFC5-SegmentedRaftLogWorker] INFO  segmented.SegmentedRaftLogWorker (SegmentedRaftLogWorker.java:execute(569)) - 0b8a7ff0-298a-4c7b-84aa-a28921900e21@group-470178ACBFC5-SegmentedRaftLogWorker: created new log segment /workdir/hadoop-ozone/integration-test/target/test-dir/MiniOzoneClusterImpl-4b1c6350-cd3e-4172-b7a0-e9c66394f836/datanode-5/data/ratis/10a00427-fe79-4ff2-aa8f-470178acbfc5/current/log_inprogress_0
2019-09-25 11:09:20,933 [0b8a7ff0-298a-4c7b-84aa-a28921900e21@group-B2AC9E6BBB47:LeaderElection245] INFO  segmented.SegmentedRaftLogWorker (SegmentedRaftLogWorker.java:startLogSegment(380)) - 0b8a7ff0-298a-4c7b-84aa-a28921900e21@group-B2AC9E6BBB47-SegmentedRaftLogWorker: Starting segment from index:0
2019-09-25 11:09:20,933 [ForkJoinPool.commonPool-worker-1] INFO  segmented.SegmentedRaftLogWorker (SegmentedRaftLogWorker.java:close(228)) - 4cceff1e-2c3f-451c-8b62-7d06bcf43963@group-7D46F97C7073-SegmentedRaftLogWorker close()
2019-09-25 11:09:20,933 [0b8a7ff0-298a-4c7b-84aa-a28921900e21@group-B2AC9E6BBB47:LeaderElection245] INFO  impl.RaftServerImpl (ServerState.java:setRaftConf(354)) - 0b8a7ff0-298a-4c7b-84aa-a28921900e21@group-B2AC9E6BBB47: set configuration 0: [0b8a7ff0-298a-4c7b-84aa-a28921900e21:192.168.30.6:34704], old=null at 0
2019-09-25 11:09:20,933 [main] INFO  impl.StateMachineUpdater (StateMachineUpdater.java:stopAndJoin(125)) - 1dbf52be-8f16-49fd-bad6-8089f3318926@group-EE227FCDF11F-StateMachineUpdater: set stopIndex = 0
2019-09-25 11:09:20,933 [4cceff1e-2c3f-451c-8b62-7d06bcf43963@group-7D46F97C7073:LeaderElection244] INFO  impl.RoleInfo (RoleInfo.java:updateAndGet(143)) - 4cceff1e-2c3f-451c-8b62-7d06bcf43963: start LeaderState
2019-09-25 11:09:20,938 [dc1340b3-b3e2-49ee-a070-51ac5340e4da@group-111ABAD4A3D7:LeaderElection252] INFO  impl.RoleInfo (RoleInfo.java:updateAndGet(143)) - dc1340b3-b3e2-49ee-a070-51ac5340e4da: start LeaderState
2019-09-25 11:09:20,938 [main] INFO  impl.RaftServerImpl (ServerState.java:close(385)) - 1dbf52be-8f16-49fd-bad6-8089f3318926@group-EE227FCDF11F: closes. applyIndex: 0
2019-09-25 11:09:20,938 [1dbf52be-8f16-49fd-bad6-8089f3318926@group-787D51B3983B:LeaderElection246] INFO  impl.RoleInfo (RoleInfo.java:updateAndGet(143)) - 1dbf52be-8f16-49fd-bad6-8089f3318926: start LeaderState
2019-09-25 11:09:20,939 [1dbf52be-8f16-49fd-bad6-8089f3318926@group-EE227FCDF11F-SegmentedRaftLogWorker] INFO  segmented.SegmentedRaftLogWorker (SegmentedRaftLogWorker.java:run(313)) - 1dbf52be-8f16-49fd-bad6-8089f3318926@group-EE227FCDF11F-SegmentedRaftLogWorker was interrupted, exiting. There are 0 tasks remaining in the queue.
2019-09-25 11:09:20,938 [dc1340b3-b3e2-49ee-a070-51ac5340e4da@group-BA1C0ED2F1FA:LeaderElection248] INFO  impl.RoleInfo (RoleInfo.java:updateAndGet(143)) - dc1340b3-b3e2-49ee-a070-51ac5340e4da: start LeaderState
2019-09-25 11:09:20,938 [ForkJoinPool.commonPool-worker-1] INFO  impl.RaftServerImpl (RaftServerImpl.java:lambda$shutdown$3(251)) - 4cceff1e-2c3f-451c-8b62-7d06bcf43963@group-E749D3C8A619: shutdown
2019-09-25 11:09:20,968 [dc1340b3-b3e2-49ee-a070-51ac5340e4da@group-BA1C0ED2F1FA:LeaderElection248] INFO  segmented.SegmentedRaftLogWorker (SegmentedRaftLogWorker.java:startLogSegment(380)) - dc1340b3-b3e2-49ee-a070-51ac5340e4da@group-BA1C0ED2F1FA-SegmentedRaftLogWorker: Starting segment from index:0
2019-09-25 11:09:20,967 [main] INFO  segmented.SegmentedRaftLogWorker (SegmentedRaftLogWorker.java:close(228)) - 1dbf52be-8f16-49fd-bad6-8089f3318926@group-EE227FCDF11F-SegmentedRaftLogWorker close()
2019-09-25 11:09:20,939 [1dbf52be-8f16-49fd-bad6-8089f3318926@group-787D51B3983B:LeaderElection246] INFO  segmented.SegmentedRaftLogWorker (SegmentedRaftLogWorker.java:startLogSegment(380)) - 1dbf52be-8f16-49fd-bad6-8089f3318926@group-787D51B3983B-SegmentedRaftLogWorker: Starting segment from index:0
2019-09-25 11:09:20,938 [dc1340b3-b3e2-49ee-a070-51ac5340e4da@group-CF08E65A56C3:LeaderElection253] INFO  impl.RoleInfo (RoleInfo.java:updateAndGet(143)) - dc1340b3-b3e2-49ee-a070-51ac5340e4da: start LeaderState
2019-09-25 11:09:20,938 [dc1340b3-b3e2-49ee-a070-51ac5340e4da@group-111ABAD4A3D7:LeaderElection252] INFO  segmented.SegmentedRaftLogWorker (SegmentedRaftLogWorker.java:startLogSegment(380)) - dc1340b3-b3e2-49ee-a070-51ac5340e4da@group-111ABAD4A3D7-SegmentedRaftLogWorker: Starting segment from index:0
2019-09-25 11:09:20,999 [dc1340b3-b3e2-49ee-a070-51ac5340e4da@group-CF08E65A56C3:LeaderElection253] INFO  segmented.SegmentedRaftLogWorker (SegmentedRaftLogWorker.java:startLogSegment(380)) - dc1340b3-b3e2-49ee-a070-51ac5340e4da@group-CF08E65A56C3-SegmentedRaftLogWorker: Starting segment from index:0
2019-09-25 11:09:20,938 [4cceff1e-2c3f-451c-8b62-7d06bcf43963@group-7D46F97C7073:LeaderElection244] INFO  impl.LeaderElection (LogUtils.java:infoOrTrace(149)) - Failed 4cceff1e-2c3f-451c-8b62-7d06bcf43963@group-7D46F97C7073:LeaderElection244, state=CLOSING: {}
java.lang.IllegalArgumentException: 4cceff1e-2c3f-451c-8b62-7d06bcf43963@group-7D46F97C7073-SegmentedRaftLog is expected to be opened but it is CLOSED
	at org.apache.ratis.util.OpenCloseState.assertOpen(OpenCloseState.java:63)
	at org.apache.ratis.server.raftlog.RaftLog.checkLogState(RaftLog.java:102)
	at org.apache.ratis.server.raftlog.segmented.SegmentedRaftLog.getLastEntryTermIndex(SegmentedRaftLog.java:324)
	at org.apache.ratis.server.raftlog.RaftLog.getNextIndex(RaftLog.java:148)
	at org.apache.ratis.server.impl.LeaderState.start(LeaderState.java:227)
	at org.apache.ratis.server.impl.RoleInfo.startLeaderState(RoleInfo.java:94)
	at org.apache.ratis.server.impl.RaftServerImpl.changeToLeader(RaftServerImpl.java:341)
	at org.apache.ratis.server.impl.LeaderElection.askForVotes(LeaderElection.java:214)
	at org.apache.ratis.server.impl.LeaderElection.run(LeaderElection.java:133)
	at java.lang.Thread.run(Thread.java:748)
Caused by: org.apache.ratis.util.OpenCloseState$CloseTrace: Close 4cceff1e-2c3f-451c-8b62-7d06bcf43963@group-7D46F97C7073-SegmentedRaftLog
	at org.apache.ratis.util.OpenCloseState.lambda$close$1(OpenCloseState.java:109)
	at java.util.concurrent.atomic.AtomicReference.getAndUpdate(AtomicReference.java:160)
	at org.apache.ratis.util.OpenCloseState.close(OpenCloseState.java:109)
	at org.apache.ratis.server.raftlog.RaftLog.close(RaftLog.java:437)
	at org.apache.ratis.server.raftlog.segmented.SegmentedRaftLog.close(SegmentedRaftLog.java:476)
	at org.apache.ratis.server.impl.ServerState.close(ServerState.java:387)
	at org.apache.ratis.server.impl.RaftServerImpl.lambda$shutdown$3(RaftServerImpl.java:273)
	at org.apache.ratis.util.LifeCycle.lambda$checkStateAndClose$2(LifeCycle.java:231)
	at org.apache.ratis.util.LifeCycle.checkStateAndClose(LifeCycle.java:251)
	at org.apache.ratis.util.LifeCycle.checkStateAndClose(LifeCycle.java:229)
	at org.apache.ratis.server.impl.RaftServerImpl.shutdown(RaftServerImpl.java:250)
	at org.apache.ratis.server.impl.RaftServerProxy$ImplMap.lambda$close$0(RaftServerProxy.java:107)
	at java.util.stream.ForEachOps$ForEachOp$OfRef.accept(ForEachOps.java:184)
	at java.util.stream.ReferencePipeline$3$1.accept(ReferencePipeline.java:193)
	at java.util.concurrent.ConcurrentHashMap$ValueSpliterator.forEachRemaining(ConcurrentHashMap.java:3566)
	at java.util.stream.AbstractPipeline.copyInto(AbstractPipeline.java:482)
	at java.util.stream.ForEachOps$ForEachTask.compute(ForEachOps.java:291)
	at java.util.concurrent.CountedCompleter.exec(CountedCompleter.java:731)
	at java.util.concurrent.ForkJoinTask.doExec(ForkJoinTask.java:289)
	at java.util.concurrent.ForkJoinPool.helpComplete(ForkJoinPool.java:1870)
	at java.util.concurrent.ForkJoinPool.awaitJoin(ForkJoinPool.java:2045)
	at java.util.concurrent.ForkJoinTask.doInvoke(ForkJoinTask.java:404)
	at java.util.concurrent.ForkJoinTask.invoke(ForkJoinTask.java:734)
	at java.util.stream.ForEachOps$ForEachOp.evaluateParallel(ForEachOps.java:160)
	at java.util.stream.ForEachOps$ForEachOp$OfRef.evaluateParallel(ForEachOps.java:174)
	at java.util.stream.AbstractPipeline.evaluate(AbstractPipeline.java:233)
	at java.util.stream.ReferencePipeline.forEach(ReferencePipeline.java:418)
	at org.apache.ratis.server.impl.RaftServerProxy$ImplMap.close(RaftServerProxy.java:107)
	at org.apache.ratis.server.impl.RaftServerProxy.lambda$close$4(RaftServerProxy.java:315)
	at org.apache.ratis.util.LifeCycle.lambda$checkStateAndClose$2(LifeCycle.java:231)
	at org.apache.ratis.util.LifeCycle.checkStateAndClose(LifeCycle.java:251)
	at org.apache.ratis.util.LifeCycle.checkStateAndClose(LifeCycle.java:229)
	at org.apache.ratis.server.impl.RaftServerProxy.close(RaftServerProxy.java:313)
	at org.apache.hadoop.ozone.container.common.transport.server.ratis.XceiverServerRatis.stop(XceiverServerRatis.java:441)
	at org.apache.hadoop.ozone.container.ozoneimpl.OzoneContainer.stop(OzoneContainer.java:233)
	at org.apache.hadoop.ozone.container.common.statemachine.DatanodeStateMachine.close(DatanodeStateMachine.java:270)
	at org.apache.hadoop.ozone.container.common.statemachine.DatanodeStateMachine.stopDaemon(DatanodeStateMachine.java:394)
	at org.apache.hadoop.ozone.HddsDatanodeService.stop(HddsDatanodeService.java:457)
	at org.apache.hadoop.ozone.MiniOzoneClusterImpl.stopDatanode(MiniOzoneClusterImpl.java:385)
	at java.util.stream.ForEachOps$ForEachOp$OfRef.accept(ForEachOps.java:184)
	at java.util.ArrayList$ArrayListSpliterator.forEachRemaining(ArrayList.java:1382)
	at java.util.stream.AbstractPipeline.copyInto(AbstractPipeline.java:482)
	at java.util.stream.ForEachOps$ForEachTask.compute(ForEachOps.java:291)
	at java.util.concurrent.CountedCompleter.exec(CountedCompleter.java:731)
	at java.util.concurrent.ForkJoinTask.doExec(ForkJoinTask.java:289)
	at java.util.concurrent.ForkJoinPool$WorkQueue.runTask(ForkJoinPool.java:1056)
	at java.util.concurrent.ForkJoinPool.runWorker(ForkJoinPool.java:1692)
	at java.util.concurrent.ForkJoinWorkerThread.run(ForkJoinWorkerThread.java:157)
2019-09-25 11:09:20,938 [0b8a7ff0-298a-4c7b-84aa-a28921900e21@group-4232FA587B70:LeaderElection250] INFO  impl.RoleInfo (RoleInfo.java:updateAndGet(143)) - 0b8a7ff0-298a-4c7b-84aa-a28921900e21: start LeaderState
2019-09-25 11:09:21,030 [4cceff1e-2c3f-451c-8b62-7d06bcf43963@group-7D46F97C7073:LeaderElection244] INFO  impl.LeaderElection (LeaderElection.java:run(140)) - 4cceff1e-2c3f-451c-8b62-7d06bcf43963@group-7D46F97C7073:LeaderElection244: IllegalArgumentException is safely ignored since this is already CLOSING
2019-09-25 11:09:21,030 [dc1340b3-b3e2-49ee-a070-51ac5340e4da@group-BA1C0ED2F1FA-SegmentedRaftLogWorker] INFO  segmented.SegmentedRaftLogWorker (SegmentedRaftLogWorker.java:execute(569)) - dc1340b3-b3e2-49ee-a070-51ac5340e4da@group-BA1C0ED2F1FA-SegmentedRaftLogWorker: created new log segment /workdir/hadoop-ozone/integration-test/target/test-dir/MiniOzoneClusterImpl-4b1c6350-cd3e-4172-b7a0-e9c66394f836/datanode-6/data/ratis/1b2e918d-cb49-4159-86bd-ba1c0ed2f1fa/current/log_inprogress_0
2019-09-25 11:09:20,999 [dc1340b3-b3e2-49ee-a070-51ac5340e4da@group-CF08E65A56C3:LeaderElection253] INFO  impl.RaftServerImpl (ServerState.java:setRaftConf(354)) - dc1340b3-b3e2-49ee-a070-51ac5340e4da@group-CF08E65A56C3: set configuration 0: [dc1340b3-b3e2-49ee-a070-51ac5340e4da:192.168.30.6:35849], old=null at 0
2019-09-25 11:09:20,999 [dc1340b3-b3e2-49ee-a070-51ac5340e4da@group-111ABAD4A3D7:LeaderElection252] INFO  impl.RaftServerImpl (ServerState.java:setRaftConf(354)) - dc1340b3-b3e2-49ee-a070-51ac5340e4da@group-111ABAD4A3D7: set configuration 0: [dc1340b3-b3e2-49ee-a070-51ac5340e4da:192.168.30.6:35849], old=null at 0
2019-09-25 11:09:20,999 [1dbf52be-8f16-49fd-bad6-8089f3318926@group-787D51B3983B:LeaderElection246] INFO  impl.RaftServerImpl (ServerState.java:setRaftConf(354)) - 1dbf52be-8f16-49fd-bad6-8089f3318926@group-787D51B3983B: set configuration 0: [1dbf52be-8f16-49fd-bad6-8089f3318926:192.168.30.6:43154], old=null at 0
2019-09-25 11:09:20,998 [0b8a7ff0-298a-4c7b-84aa-a28921900e21@group-B2AC9E6BBB47-SegmentedRaftLogWorker] INFO  segmented.SegmentedRaftLogWorker (SegmentedRaftLogWorker.java:execute(569)) - 0b8a7ff0-298a-4c7b-84aa-a28921900e21@group-B2AC9E6BBB47-SegmentedRaftLogWorker: created new log segment /workdir/hadoop-ozone/integration-test/target/test-dir/MiniOzoneClusterImpl-4b1c6350-cd3e-4172-b7a0-e9c66394f836/datanode-5/data/ratis/3d601a29-2045-4815-8976-b2ac9e6bbb47/current/log_inprogress_0
2019-09-25 11:09:20,998 [main] INFO  impl.RaftServerImpl (RaftServerImpl.java:lambda$shutdown$3(251)) - 1dbf52be-8f16-49fd-bad6-8089f3318926@group-787D51B3983B: shutdown
2019-09-25 11:09:20,968 [dc1340b3-b3e2-49ee-a070-51ac5340e4da@group-BA1C0ED2F1FA:LeaderElection248] INFO  impl.RaftServerImpl (ServerState.java:setRaftConf(354)) - dc1340b3-b3e2-49ee-a070-51ac5340e4da@group-BA1C0ED2F1FA: set configuration 0: [dc1340b3-b3e2-49ee-a070-51ac5340e4da:192.168.30.6:35849], old=null at 0
2019-09-25 11:09:20,968 [ForkJoinPool.commonPool-worker-1] INFO  util.JmxRegister (JmxRegister.java:unregister(73)) - Successfully un-registered JMX Bean with object name Ratis:service=RaftServer,group=group-E749D3C8A619,id=4cceff1e-2c3f-451c-8b62-7d06bcf43963
2019-09-25 11:09:21,032 [ForkJoinPool.commonPool-worker-1] INFO  impl.RoleInfo (RoleInfo.java:shutdownLeaderState(104)) - 4cceff1e-2c3f-451c-8b62-7d06bcf43963: shutdown LeaderState
2019-09-25 11:09:21,032 [main] INFO  util.JmxRegister (JmxRegister.java:unregister(73)) - Successfully un-registered JMX Bean with object name Ratis:service=RaftServer,group=group-787D51B3983B,id=1dbf52be-8f16-49fd-bad6-8089f3318926
2019-09-25 11:09:21,030 [0b8a7ff0-298a-4c7b-84aa-a28921900e21@group-4232FA587B70:LeaderElection250] INFO  segmented.SegmentedRaftLogWorker (SegmentedRaftLogWorker.java:startLogSegment(380)) - 0b8a7ff0-298a-4c7b-84aa-a28921900e21@group-4232FA587B70-SegmentedRaftLogWorker: Starting segment from index:0
2019-09-25 11:09:21,033 [main] INFO  impl.RoleInfo (RoleInfo.java:shutdownLeaderState(104)) - 1dbf52be-8f16-49fd-bad6-8089f3318926: shutdown LeaderState
2019-09-25 11:09:21,033 [0b8a7ff0-298a-4c7b-84aa-a28921900e21@group-4232FA587B70:LeaderElection250] INFO  impl.RaftServerImpl (ServerState.java:setRaftConf(354)) - 0b8a7ff0-298a-4c7b-84aa-a28921900e21@group-4232FA587B70: set configuration 0: [0b8a7ff0-298a-4c7b-84aa-a28921900e21:192.168.30.6:34704], old=null at 0
2019-09-25 11:09:21,032 [ForkJoinPool.commonPool-worker-1] INFO  impl.PendingRequests (PendingRequests.java:sendNotLeaderResponses(202)) - 4cceff1e-2c3f-451c-8b62-7d06bcf43963-PendingRequests: sendNotLeaderResponses
2019-09-25 11:09:21,033 [main] INFO  impl.PendingRequests (PendingRequests.java:sendNotLeaderResponses(202)) - 1dbf52be-8f16-49fd-bad6-8089f3318926-PendingRequests: sendNotLeaderResponses
2019-09-25 11:09:21,034 [ForkJoinPool.commonPool-worker-1] INFO  impl.StateMachineUpdater (StateMachineUpdater.java:stopAndJoin(125)) - 4cceff1e-2c3f-451c-8b62-7d06bcf43963@group-E749D3C8A619-StateMachineUpdater: set stopIndex = 0
2019-09-25 11:09:21,034 [main] INFO  impl.StateMachineUpdater (StateMachineUpdater.java:stopAndJoin(125)) - 1dbf52be-8f16-49fd-bad6-8089f3318926@group-787D51B3983B-StateMachineUpdater: set stopIndex = -1
2019-09-25 11:09:21,034 [ForkJoinPool.commonPool-worker-1] INFO  impl.RaftServerImpl (ServerState.java:close(385)) - 4cceff1e-2c3f-451c-8b62-7d06bcf43963@group-E749D3C8A619: closes. applyIndex: 0
2019-09-25 11:09:21,035 [main] INFO  impl.RaftServerImpl (ServerState.java:close(385)) - 1dbf52be-8f16-49fd-bad6-8089f3318926@group-787D51B3983B: closes. applyIndex: -1
2019-09-25 11:09:21,035 [4cceff1e-2c3f-451c-8b62-7d06bcf43963@group-E749D3C8A619-SegmentedRaftLogWorker] INFO  segmented.SegmentedRaftLogWorker (SegmentedRaftLogWorker.java:run(313)) - 4cceff1e-2c3f-451c-8b62-7d06bcf43963@group-E749D3C8A619-SegmentedRaftLogWorker was interrupted, exiting. There are 0 tasks remaining in the queue.
2019-09-25 11:09:21,074 [ForkJoinPool.commonPool-worker-1] INFO  segmented.SegmentedRaftLogWorker (SegmentedRaftLogWorker.java:close(228)) - 4cceff1e-2c3f-451c-8b62-7d06bcf43963@group-E749D3C8A619-SegmentedRaftLogWorker close()
2019-09-25 11:09:21,082 [ForkJoinPool.commonPool-worker-1] INFO  server.GrpcService (GrpcService.java:closeImpl(164)) - 4cceff1e-2c3f-451c-8b62-7d06bcf43963: shutdown server with port 43389 now
2019-09-25 11:09:21,082 [dc1340b3-b3e2-49ee-a070-51ac5340e4da@group-111ABAD4A3D7-SegmentedRaftLogWorker] INFO  segmented.SegmentedRaftLogWorker (SegmentedRaftLogWorker.java:execute(569)) - dc1340b3-b3e2-49ee-a070-51ac5340e4da@group-111ABAD4A3D7-SegmentedRaftLogWorker: created new log segment /workdir/hadoop-ozone/integration-test/target/test-dir/MiniOzoneClusterImpl-4b1c6350-cd3e-4172-b7a0-e9c66394f836/datanode-6/data/ratis/26e3c3bf-49d2-4b41-a732-111abad4a3d7/current/log_inprogress_0
2019-09-25 11:09:21,086 [ForkJoinPool.commonPool-worker-1] INFO  server.GrpcService (GrpcService.java:closeImpl(172)) - 4cceff1e-2c3f-451c-8b62-7d06bcf43963: shutdown server with port 43389 successfully
2019-09-25 11:09:21,086 [1dbf52be-8f16-49fd-bad6-8089f3318926@group-787D51B3983B-SegmentedRaftLogWorker] WARN  segmented.SegmentedRaftLogOutputStream (SegmentedRaftLogOutputStream.java:<init>(77)) - Hit IOException while creating log segment /workdir/hadoop-ozone/integration-test/target/test-dir/MiniOzoneClusterImpl-4b1c6350-cd3e-4172-b7a0-e9c66394f836/datanode-4/data/ratis/f5366e9c-5da9-4f0d-8854-787d51b3983b/current/log_inprogress_0, delete the partial file.
2019-09-25 11:09:21,087 [main] INFO  segmented.SegmentedRaftLogWorker (SegmentedRaftLogWorker.java:close(228)) - 1dbf52be-8f16-49fd-bad6-8089f3318926@group-787D51B3983B-SegmentedRaftLogWorker close()
2019-09-25 11:09:21,103 [main] INFO  server.GrpcService (GrpcService.java:closeImpl(164)) - 1dbf52be-8f16-49fd-bad6-8089f3318926: shutdown server with port 43154 now
2019-09-25 11:09:21,103 [0b8a7ff0-298a-4c7b-84aa-a28921900e21@group-4232FA587B70-SegmentedRaftLogWorker] INFO  segmented.SegmentedRaftLogWorker (SegmentedRaftLogWorker.java:execute(569)) - 0b8a7ff0-298a-4c7b-84aa-a28921900e21@group-4232FA587B70-SegmentedRaftLogWorker: created new log segment /workdir/hadoop-ozone/integration-test/target/test-dir/MiniOzoneClusterImpl-4b1c6350-cd3e-4172-b7a0-e9c66394f836/datanode-5/data/ratis/2b8da051-16f2-4393-ae75-4232fa587b70/current/log_inprogress_0
2019-09-25 11:09:21,103 [dc1340b3-b3e2-49ee-a070-51ac5340e4da@group-CF08E65A56C3-SegmentedRaftLogWorker] INFO  segmented.SegmentedRaftLogWorker (SegmentedRaftLogWorker.java:execute(569)) - dc1340b3-b3e2-49ee-a070-51ac5340e4da@group-CF08E65A56C3-SegmentedRaftLogWorker: created new log segment /workdir/hadoop-ozone/integration-test/target/test-dir/MiniOzoneClusterImpl-4b1c6350-cd3e-4172-b7a0-e9c66394f836/datanode-6/data/ratis/1388e2a5-9a92-4f77-84fc-cf08e65a56c3/current/log_inprogress_0
2019-09-25 11:09:21,107 [main] INFO  server.GrpcService (GrpcService.java:closeImpl(172)) - 1dbf52be-8f16-49fd-bad6-8089f3318926: shutdown server with port 43154 successfully
2019-09-25 11:09:21,108 [refreshUsed-/workdir/hadoop-ozone/integration-test/target/test-dir/MiniOzoneClusterImpl-4b1c6350-cd3e-4172-b7a0-e9c66394f836/datanode-1/data/containers] WARN  fs.CachingGetSpaceUsed (CachingGetSpaceUsed.java:run(183)) - Thread Interrupted waiting to refresh disk information: sleep interrupted
2019-09-25 11:09:21,110 [refreshUsed-/workdir/hadoop-ozone/integration-test/target/test-dir/MiniOzoneClusterImpl-4b1c6350-cd3e-4172-b7a0-e9c66394f836/datanode-4/data/containers] WARN  fs.CachingGetSpaceUsed (CachingGetSpaceUsed.java:run(183)) - Thread Interrupted waiting to refresh disk information: sleep interrupted
2019-09-25 11:09:21,123 [main] INFO  utils.BackgroundService (BackgroundService.java:shutdown(148)) - Shutting down service BlockDeletingService
2019-09-25 11:09:21,136 [main] INFO  statemachine.DatanodeStateMachine (DatanodeStateMachine.java:stopDaemon(395)) - Ozone container server stopped.
2019-09-25 11:09:21,137 [main] INFO  handler.ContextHandler (ContextHandler.java:doStop(910)) - Stopped o.e.j.w.WebAppContext@56da96b3{/,null,UNAVAILABLE}{/hddsDatanode}
2019-09-25 11:09:21,138 [main] INFO  server.AbstractConnector (AbstractConnector.java:doStop(318)) - Stopped ServerConnector@6b3d9c38{HTTP/1.1,[http/1.1]}{0.0.0.0:0}
2019-09-25 11:09:21,138 [main] INFO  handler.ContextHandler (ContextHandler.java:doStop(910)) - Stopped o.e.j.s.ServletContextHandler@18907af2{/static,jar:file:/home/user/.m2/repository/org/apache/hadoop/hadoop-hdds-container-service/0.5.0-SNAPSHOT/hadoop-hdds-container-service-0.5.0-SNAPSHOT.jar!/webapps/static,UNAVAILABLE}
2019-09-25 11:09:21,139 [ForkJoinPool.commonPool-worker-1] INFO  utils.BackgroundService (BackgroundService.java:shutdown(148)) - Shutting down service BlockDeletingService
2019-09-25 11:09:21,139 [main] INFO  handler.ContextHandler (ContextHandler.java:doStop(910)) - Stopped o.e.j.s.ServletContextHandler@63de4fa{/logs,file:///workdir/hadoop-ozone/integration-test/target/log,UNAVAILABLE}
2019-09-25 11:09:21,143 [ForkJoinPool.commonPool-worker-1] INFO  statemachine.DatanodeStateMachine (DatanodeStateMachine.java:stopDaemon(395)) - Ozone container server stopped.
2019-09-25 11:09:21,151 [ForkJoinPool.commonPool-worker-1] INFO  handler.ContextHandler (ContextHandler.java:doStop(910)) - Stopped o.e.j.w.WebAppContext@1c68d0db{/,null,UNAVAILABLE}{/hddsDatanode}
2019-09-25 11:09:21,151 [ForkJoinPool.commonPool-worker-1] INFO  server.AbstractConnector (AbstractConnector.java:doStop(318)) - Stopped ServerConnector@9be7319{HTTP/1.1,[http/1.1]}{0.0.0.0:0}
2019-09-25 11:09:21,160 [ForkJoinPool.commonPool-worker-1] INFO  handler.ContextHandler (ContextHandler.java:doStop(910)) - Stopped o.e.j.s.ServletContextHandler@64c25a62{/static,jar:file:/home/user/.m2/repository/org/apache/hadoop/hadoop-hdds-container-service/0.5.0-SNAPSHOT/hadoop-hdds-container-service-0.5.0-SNAPSHOT.jar!/webapps/static,UNAVAILABLE}
2019-09-25 11:09:21,160 [ForkJoinPool.commonPool-worker-1] INFO  handler.ContextHandler (ContextHandler.java:doStop(910)) - Stopped o.e.j.s.ServletContextHandler@163e8949{/logs,file:///workdir/hadoop-ozone/integration-test/target/log,UNAVAILABLE}
2019-09-25 11:09:21,543 [Datanode State Machine Thread - 0] INFO  statemachine.DatanodeStateMachine (DatanodeStateMachine.java:lambda$startDaemon$0(350)) - Ozone container server started.
2019-09-25 11:09:21,544 [Datanode State Machine Thread - 0] INFO  statemachine.DatanodeStateMachine (DatanodeStateMachine.java:lambda$startDaemon$0(350)) - Ozone container server started.
2019-09-25 11:09:25,575 [Thread-3171] INFO  impl.FollowerState (FollowerState.java:run(106)) - dc1340b3-b3e2-49ee-a070-51ac5340e4da:group-AB2B0CBBB6C1 changes to CANDIDATE, lastRpcTime:10549, electionTimeout:5012ms
2019-09-25 11:09:25,575 [Thread-3171] INFO  impl.RoleInfo (RoleInfo.java:shutdownFollowerState(121)) - dc1340b3-b3e2-49ee-a070-51ac5340e4da: shutdown FollowerState
2019-09-25 11:09:25,576 [Thread-3171] INFO  impl.RaftServerImpl (RaftServerImpl.java:setRole(174)) - dc1340b3-b3e2-49ee-a070-51ac5340e4da@group-AB2B0CBBB6C1: changes role from  FOLLOWER to CANDIDATE at term 0 for changeToCandidate
2019-09-25 11:09:25,576 [Thread-3171] INFO  impl.RoleInfo (RoleInfo.java:updateAndGet(143)) - dc1340b3-b3e2-49ee-a070-51ac5340e4da: start LeaderElection
2019-09-25 11:09:25,592 [dc1340b3-b3e2-49ee-a070-51ac5340e4da@group-AB2B0CBBB6C1:LeaderElection254] INFO  impl.LeaderElection (LeaderElection.java:askForVotes(182)) - dc1340b3-b3e2-49ee-a070-51ac5340e4da@group-AB2B0CBBB6C1:LeaderElection254: begin an election at term 1 for -1: [dc1340b3-b3e2-49ee-a070-51ac5340e4da:192.168.30.6:35849], old=null
2019-09-25 11:09:25,592 [dc1340b3-b3e2-49ee-a070-51ac5340e4da@group-AB2B0CBBB6C1:LeaderElection254] INFO  impl.RoleInfo (RoleInfo.java:shutdownLeaderElection(134)) - dc1340b3-b3e2-49ee-a070-51ac5340e4da: shutdown LeaderElection
2019-09-25 11:09:25,592 [dc1340b3-b3e2-49ee-a070-51ac5340e4da@group-AB2B0CBBB6C1:LeaderElection254] INFO  impl.RaftServerImpl (RaftServerImpl.java:setRole(174)) - dc1340b3-b3e2-49ee-a070-51ac5340e4da@group-AB2B0CBBB6C1: changes role from CANDIDATE to LEADER at term 1 for changeToLeader
2019-09-25 11:09:25,592 [dc1340b3-b3e2-49ee-a070-51ac5340e4da@group-AB2B0CBBB6C1:LeaderElection254] INFO  impl.RaftServerImpl (ServerState.java:setLeader(253)) - dc1340b3-b3e2-49ee-a070-51ac5340e4da@group-AB2B0CBBB6C1: change Leader from null to dc1340b3-b3e2-49ee-a070-51ac5340e4da at term 1 for becomeLeader, leader elected after 10570ms
2019-09-25 11:09:25,592 [dc1340b3-b3e2-49ee-a070-51ac5340e4da@group-AB2B0CBBB6C1:LeaderElection254] INFO  server.RaftServerConfigKeys (ConfUtils.java:logGet(43)) - raft.server.staging.catchup.gap = 1000 (default)
2019-09-25 11:09:25,592 [dc1340b3-b3e2-49ee-a070-51ac5340e4da@group-AB2B0CBBB6C1:LeaderElection254] INFO  server.RaftServerConfigKeys (ConfUtils.java:logGet(43)) - raft.server.rpc.sleep.time = 25ms (default)
2019-09-25 11:09:25,593 [dc1340b3-b3e2-49ee-a070-51ac5340e4da@group-AB2B0CBBB6C1:LeaderElection254] INFO  server.RaftServerConfigKeys (ConfUtils.java:logGet(43)) - raft.server.write.element-limit = 4096 (default)
2019-09-25 11:09:25,593 [dc1340b3-b3e2-49ee-a070-51ac5340e4da@group-AB2B0CBBB6C1:LeaderElection254] INFO  server.RaftServerConfigKeys (ConfUtils.java:logGet(43)) - raft.server.watch.timeout = 10s (default)
2019-09-25 11:09:25,593 [dc1340b3-b3e2-49ee-a070-51ac5340e4da@group-AB2B0CBBB6C1:LeaderElection254] INFO  server.RaftServerConfigKeys (ConfUtils.java:logGet(43)) - raft.server.watch.timeout.denomination = 1s (default)
2019-09-25 11:09:25,593 [dc1340b3-b3e2-49ee-a070-51ac5340e4da@group-AB2B0CBBB6C1:LeaderElection254] INFO  server.RaftServerConfigKeys (ConfUtils.java:logGet(43)) - raft.server.watch.element-limit = 65536 (default)
2019-09-25 11:09:25,595 [dc1340b3-b3e2-49ee-a070-51ac5340e4da@group-AB2B0CBBB6C1:LeaderElection254] INFO  impl.RoleInfo (RoleInfo.java:updateAndGet(143)) - dc1340b3-b3e2-49ee-a070-51ac5340e4da: start LeaderState
2019-09-25 11:09:25,595 [dc1340b3-b3e2-49ee-a070-51ac5340e4da@group-AB2B0CBBB6C1:LeaderElection254] INFO  segmented.SegmentedRaftLogWorker (SegmentedRaftLogWorker.java:startLogSegment(380)) - dc1340b3-b3e2-49ee-a070-51ac5340e4da@group-AB2B0CBBB6C1-SegmentedRaftLogWorker: Starting segment from index:0
2019-09-25 11:09:25,596 [dc1340b3-b3e2-49ee-a070-51ac5340e4da@group-AB2B0CBBB6C1:LeaderElection254] INFO  impl.RaftServerImpl (ServerState.java:setRaftConf(354)) - dc1340b3-b3e2-49ee-a070-51ac5340e4da@group-AB2B0CBBB6C1: set configuration 0: [dc1340b3-b3e2-49ee-a070-51ac5340e4da:192.168.30.6:35849], old=null at 0
2019-09-25 11:09:25,609 [EventQueue-StaleNodeForStaleNodeHandler] INFO  node.StaleNodeHandler (StaleNodeHandler.java:onMessage(58)) - Datanode 97301ee4-d551-4dc8-86de-1a37740aeeca{ip: 192.168.30.6, host: pr-hdds-1569-5gmkr-4255264070, networkLocation: /default-rack, certSerialId: null} moved to stale state. Finalizing its pipelines [PipelineID=356ca4ec-7829-4dd6-9ab8-dfab1180c32e, PipelineID=f7b7d518-75be-4df3-b710-849cd78dd736, PipelineID=23f62968-8d03-472a-8a14-44f2f5444f53, PipelineID=9608ede0-0fb9-4702-b850-1cba0ee7a9d9, PipelineID=e2b8210a-e630-46f6-99df-a0bc16df7ce3, PipelineID=1fc8a976-7293-4093-adc0-b8a70fa84c7f]
2019-09-25 11:09:25,609 [EventQueue-StaleNodeForStaleNodeHandler] INFO  pipeline.SCMPipelineManager (SCMPipelineManager.java:finalizeAndDestroyPipeline(316)) - destroying pipeline:Pipeline[ Id: 356ca4ec-7829-4dd6-9ab8-dfab1180c32e, Nodes: 97301ee4-d551-4dc8-86de-1a37740aeeca{ip: 192.168.30.6, host: pr-hdds-1569-5gmkr-4255264070, networkLocation: /default-rack, certSerialId: null}, Type:RATIS, Factor:ONE, State:OPEN]
2019-09-25 11:09:25,609 [EventQueue-StaleNodeForStaleNodeHandler] INFO  pipeline.PipelineStateManager (PipelineStateManager.java:finalizePipeline(123)) - Pipeline Pipeline[ Id: 356ca4ec-7829-4dd6-9ab8-dfab1180c32e, Nodes: 97301ee4-d551-4dc8-86de-1a37740aeeca{ip: 192.168.30.6, host: pr-hdds-1569-5gmkr-4255264070, networkLocation: /default-rack, certSerialId: null}, Type:RATIS, Factor:ONE, State:CLOSED] moved to CLOSED state
2019-09-25 11:09:25,609 [EventQueue-StaleNodeForStaleNodeHandler] INFO  pipeline.SCMPipelineManager (SCMPipelineManager.java:finalizeAndDestroyPipeline(316)) - destroying pipeline:Pipeline[ Id: f7b7d518-75be-4df3-b710-849cd78dd736, Nodes: 97301ee4-d551-4dc8-86de-1a37740aeeca{ip: 192.168.30.6, host: pr-hdds-1569-5gmkr-4255264070, networkLocation: /default-rack, certSerialId: null}, Type:RATIS, Factor:ONE, State:OPEN]
2019-09-25 11:09:25,610 [EventQueue-StaleNodeForStaleNodeHandler] INFO  pipeline.PipelineStateManager (PipelineStateManager.java:finalizePipeline(123)) - Pipeline Pipeline[ Id: f7b7d518-75be-4df3-b710-849cd78dd736, Nodes: 97301ee4-d551-4dc8-86de-1a37740aeeca{ip: 192.168.30.6, host: pr-hdds-1569-5gmkr-4255264070, networkLocation: /default-rack, certSerialId: null}, Type:RATIS, Factor:ONE, State:CLOSED] moved to CLOSED state
2019-09-25 11:09:25,610 [EventQueue-StaleNodeForStaleNodeHandler] INFO  pipeline.SCMPipelineManager (SCMPipelineManager.java:finalizeAndDestroyPipeline(316)) - destroying pipeline:Pipeline[ Id: 23f62968-8d03-472a-8a14-44f2f5444f53, Nodes: 97301ee4-d551-4dc8-86de-1a37740aeeca{ip: 192.168.30.6, host: pr-hdds-1569-5gmkr-4255264070, networkLocation: /default-rack, certSerialId: null}, Type:RATIS, Factor:ONE, State:OPEN]
2019-09-25 11:09:25,610 [EventQueue-StaleNodeForStaleNodeHandler] INFO  pipeline.PipelineStateManager (PipelineStateManager.java:finalizePipeline(123)) - Pipeline Pipeline[ Id: 23f62968-8d03-472a-8a14-44f2f5444f53, Nodes: 97301ee4-d551-4dc8-86de-1a37740aeeca{ip: 192.168.30.6, host: pr-hdds-1569-5gmkr-4255264070, networkLocation: /default-rack, certSerialId: null}, Type:RATIS, Factor:ONE, State:CLOSED] moved to CLOSED state
2019-09-25 11:09:25,610 [EventQueue-StaleNodeForStaleNodeHandler] INFO  pipeline.SCMPipelineManager (SCMPipelineManager.java:finalizeAndDestroyPipeline(316)) - destroying pipeline:Pipeline[ Id: 9608ede0-0fb9-4702-b850-1cba0ee7a9d9, Nodes: 97301ee4-d551-4dc8-86de-1a37740aeeca{ip: 192.168.30.6, host: pr-hdds-1569-5gmkr-4255264070, networkLocation: /default-rack, certSerialId: null}, Type:RATIS, Factor:ONE, State:OPEN]
2019-09-25 11:09:25,610 [EventQueue-StaleNodeForStaleNodeHandler] INFO  pipeline.PipelineStateManager (PipelineStateManager.java:finalizePipeline(123)) - Pipeline Pipeline[ Id: 9608ede0-0fb9-4702-b850-1cba0ee7a9d9, Nodes: 97301ee4-d551-4dc8-86de-1a37740aeeca{ip: 192.168.30.6, host: pr-hdds-1569-5gmkr-4255264070, networkLocation: /default-rack, certSerialId: null}, Type:RATIS, Factor:ONE, State:CLOSED] moved to CLOSED state
2019-09-25 11:09:25,610 [EventQueue-StaleNodeForStaleNodeHandler] INFO  pipeline.SCMPipelineManager (SCMPipelineManager.java:finalizeAndDestroyPipeline(316)) - destroying pipeline:Pipeline[ Id: e2b8210a-e630-46f6-99df-a0bc16df7ce3, Nodes: 97301ee4-d551-4dc8-86de-1a37740aeeca{ip: 192.168.30.6, host: pr-hdds-1569-5gmkr-4255264070, networkLocation: /default-rack, certSerialId: null}, Type:RATIS, Factor:ONE, State:OPEN]
2019-09-25 11:09:25,610 [EventQueue-StaleNodeForStaleNodeHandler] INFO  pipeline.PipelineStateManager (PipelineStateManager.java:finalizePipeline(123)) - Pipeline Pipeline[ Id: e2b8210a-e630-46f6-99df-a0bc16df7ce3, Nodes: 97301ee4-d551-4dc8-86de-1a37740aeeca{ip: 192.168.30.6, host: pr-hdds-1569-5gmkr-4255264070, networkLocation: /default-rack, certSerialId: null}, Type:RATIS, Factor:ONE, State:CLOSED] moved to CLOSED state
2019-09-25 11:09:25,611 [EventQueue-StaleNodeForStaleNodeHandler] INFO  pipeline.SCMPipelineManager (SCMPipelineManager.java:finalizeAndDestroyPipeline(316)) - destroying pipeline:Pipeline[ Id: 1fc8a976-7293-4093-adc0-b8a70fa84c7f, Nodes: 97301ee4-d551-4dc8-86de-1a37740aeeca{ip: 192.168.30.6, host: pr-hdds-1569-5gmkr-4255264070, networkLocation: /default-rack, certSerialId: null}, Type:RATIS, Factor:ONE, State:OPEN]
2019-09-25 11:09:25,611 [EventQueue-StaleNodeForStaleNodeHandler] INFO  pipeline.PipelineStateManager (PipelineStateManager.java:finalizePipeline(123)) - Pipeline Pipeline[ Id: 1fc8a976-7293-4093-adc0-b8a70fa84c7f, Nodes: 97301ee4-d551-4dc8-86de-1a37740aeeca{ip: 192.168.30.6, host: pr-hdds-1569-5gmkr-4255264070, networkLocation: /default-rack, certSerialId: null}, Type:RATIS, Factor:ONE, State:CLOSED] moved to CLOSED state
2019-09-25 11:09:25,624 [Thread-3165] INFO  impl.FollowerState (FollowerState.java:run(106)) - 0ce03005-f534-496c-a0eb-c417dd14ba94:group-AEAACE02007D changes to CANDIDATE, lastRpcTime:10670, electionTimeout:5065ms
2019-09-25 11:09:25,636 [Thread-3165] INFO  impl.RoleInfo (RoleInfo.java:shutdownFollowerState(121)) - 0ce03005-f534-496c-a0eb-c417dd14ba94: shutdown FollowerState
2019-09-25 11:09:25,636 [Thread-3183] INFO  impl.FollowerState (FollowerState.java:run(106)) - dc1340b3-b3e2-49ee-a070-51ac5340e4da:group-2C91D85736CB changes to CANDIDATE, lastRpcTime:10476, electionTimeout:5064ms
2019-09-25 11:09:25,637 [Thread-3165] INFO  impl.RaftServerImpl (RaftServerImpl.java:setRole(174)) - 0ce03005-f534-496c-a0eb-c417dd14ba94@group-AEAACE02007D: changes role from  FOLLOWER to CANDIDATE at term 0 for changeToCandidate
2019-09-25 11:09:25,637 [Thread-3183] INFO  impl.RoleInfo (RoleInfo.java:shutdownFollowerState(121)) - dc1340b3-b3e2-49ee-a070-51ac5340e4da: shutdown FollowerState
2019-09-25 11:09:25,637 [Thread-3165] INFO  impl.RoleInfo (RoleInfo.java:updateAndGet(143)) - 0ce03005-f534-496c-a0eb-c417dd14ba94: start LeaderElection
2019-09-25 11:09:25,637 [Thread-3183] INFO  impl.RaftServerImpl (RaftServerImpl.java:setRole(174)) - dc1340b3-b3e2-49ee-a070-51ac5340e4da@group-2C91D85736CB: changes role from  FOLLOWER to CANDIDATE at term 0 for changeToCandidate
2019-09-25 11:09:25,637 [Thread-3183] INFO  impl.RoleInfo (RoleInfo.java:updateAndGet(143)) - dc1340b3-b3e2-49ee-a070-51ac5340e4da: start LeaderElection
2019-09-25 11:09:25,650 [dc1340b3-b3e2-49ee-a070-51ac5340e4da@group-AB2B0CBBB6C1-SegmentedRaftLogWorker] INFO  segmented.SegmentedRaftLogWorker (SegmentedRaftLogWorker.java:execute(569)) - dc1340b3-b3e2-49ee-a070-51ac5340e4da@group-AB2B0CBBB6C1-SegmentedRaftLogWorker: created new log segment /workdir/hadoop-ozone/integration-test/target/test-dir/MiniOzoneClusterImpl-4b1c6350-cd3e-4172-b7a0-e9c66394f836/datanode-6/data/ratis/a0880de3-3418-403a-a410-ab2b0cbbb6c1/current/log_inprogress_0
2019-09-25 11:09:25,650 [0ce03005-f534-496c-a0eb-c417dd14ba94@group-AEAACE02007D:LeaderElection255] INFO  impl.LeaderElection (LeaderElection.java:askForVotes(182)) - 0ce03005-f534-496c-a0eb-c417dd14ba94@group-AEAACE02007D:LeaderElection255: begin an election at term 1 for -1: [0ce03005-f534-496c-a0eb-c417dd14ba94:192.168.30.6:34724], old=null
2019-09-25 11:09:25,650 [dc1340b3-b3e2-49ee-a070-51ac5340e4da@group-2C91D85736CB:LeaderElection256] INFO  impl.LeaderElection (LeaderElection.java:askForVotes(182)) - dc1340b3-b3e2-49ee-a070-51ac5340e4da@group-2C91D85736CB:LeaderElection256: begin an election at term 1 for -1: [dc1340b3-b3e2-49ee-a070-51ac5340e4da:192.168.30.6:35849], old=null
2019-09-25 11:09:25,650 [0ce03005-f534-496c-a0eb-c417dd14ba94@group-AEAACE02007D:LeaderElection255] INFO  impl.RoleInfo (RoleInfo.java:shutdownLeaderElection(134)) - 0ce03005-f534-496c-a0eb-c417dd14ba94: shutdown LeaderElection
2019-09-25 11:09:25,650 [dc1340b3-b3e2-49ee-a070-51ac5340e4da@group-2C91D85736CB:LeaderElection256] INFO  impl.RoleInfo (RoleInfo.java:shutdownLeaderElection(134)) - dc1340b3-b3e2-49ee-a070-51ac5340e4da: shutdown LeaderElection
2019-09-25 11:09:25,650 [dc1340b3-b3e2-49ee-a070-51ac5340e4da@group-2C91D85736CB:LeaderElection256] INFO  impl.RaftServerImpl (RaftServerImpl.java:setRole(174)) - dc1340b3-b3e2-49ee-a070-51ac5340e4da@group-2C91D85736CB: changes role from CANDIDATE to LEADER at term 1 for changeToLeader
2019-09-25 11:09:25,650 [0ce03005-f534-496c-a0eb-c417dd14ba94@group-AEAACE02007D:LeaderElection255] INFO  impl.RaftServerImpl (RaftServerImpl.java:setRole(174)) - 0ce03005-f534-496c-a0eb-c417dd14ba94@group-AEAACE02007D: changes role from CANDIDATE to LEADER at term 1 for changeToLeader
2019-09-25 11:09:25,650 [dc1340b3-b3e2-49ee-a070-51ac5340e4da@group-2C91D85736CB:LeaderElection256] INFO  impl.RaftServerImpl (ServerState.java:setLeader(253)) - dc1340b3-b3e2-49ee-a070-51ac5340e4da@group-2C91D85736CB: change Leader from null to dc1340b3-b3e2-49ee-a070-51ac5340e4da at term 1 for becomeLeader, leader elected after 10494ms
2019-09-25 11:09:25,651 [0ce03005-f534-496c-a0eb-c417dd14ba94@group-AEAACE02007D:LeaderElection255] INFO  impl.RaftServerImpl (ServerState.java:setLeader(253)) - 0ce03005-f534-496c-a0eb-c417dd14ba94@group-AEAACE02007D: change Leader from null to 0ce03005-f534-496c-a0eb-c417dd14ba94 at term 1 for becomeLeader, leader elected after 10701ms
2019-09-25 11:09:25,651 [dc1340b3-b3e2-49ee-a070-51ac5340e4da@group-2C91D85736CB:LeaderElection256] INFO  server.RaftServerConfigKeys (ConfUtils.java:logGet(43)) - raft.server.staging.catchup.gap = 1000 (default)
2019-09-25 11:09:25,651 [0ce03005-f534-496c-a0eb-c417dd14ba94@group-AEAACE02007D:LeaderElection255] INFO  server.RaftServerConfigKeys (ConfUtils.java:logGet(43)) - raft.server.staging.catchup.gap = 1000 (default)
2019-09-25 11:09:25,651 [dc1340b3-b3e2-49ee-a070-51ac5340e4da@group-2C91D85736CB:LeaderElection256] INFO  server.RaftServerConfigKeys (ConfUtils.java:logGet(43)) - raft.server.rpc.sleep.time = 25ms (default)
2019-09-25 11:09:25,651 [0ce03005-f534-496c-a0eb-c417dd14ba94@group-AEAACE02007D:LeaderElection255] INFO  server.RaftServerConfigKeys (ConfUtils.java:logGet(43)) - raft.server.rpc.sleep.time = 25ms (default)
2019-09-25 11:09:25,651 [dc1340b3-b3e2-49ee-a070-51ac5340e4da@group-2C91D85736CB:LeaderElection256] INFO  server.RaftServerConfigKeys (ConfUtils.java:logGet(43)) - raft.server.write.element-limit = 4096 (default)
2019-09-25 11:09:25,651 [0ce03005-f534-496c-a0eb-c417dd14ba94@group-AEAACE02007D:LeaderElection255] INFO  server.RaftServerConfigKeys (ConfUtils.java:logGet(43)) - raft.server.write.element-limit = 4096 (default)
2019-09-25 11:09:25,652 [dc1340b3-b3e2-49ee-a070-51ac5340e4da@group-2C91D85736CB:LeaderElection256] INFO  server.RaftServerConfigKeys (ConfUtils.java:logGet(43)) - raft.server.watch.timeout = 10s (default)
2019-09-25 11:09:25,652 [0ce03005-f534-496c-a0eb-c417dd14ba94@group-AEAACE02007D:LeaderElection255] INFO  server.RaftServerConfigKeys (ConfUtils.java:logGet(43)) - raft.server.watch.timeout = 10s (default)
2019-09-25 11:09:25,652 [dc1340b3-b3e2-49ee-a070-51ac5340e4da@group-2C91D85736CB:LeaderElection256] INFO  server.RaftServerConfigKeys (ConfUtils.java:logGet(43)) - raft.server.watch.timeout.denomination = 1s (default)
2019-09-25 11:09:25,652 [0ce03005-f534-496c-a0eb-c417dd14ba94@group-AEAACE02007D:LeaderElection255] INFO  server.RaftServerConfigKeys (ConfUtils.java:logGet(43)) - raft.server.watch.timeout.denomination = 1s (default)
2019-09-25 11:09:25,652 [dc1340b3-b3e2-49ee-a070-51ac5340e4da@group-2C91D85736CB:LeaderElection256] INFO  server.RaftServerConfigKeys (ConfUtils.java:logGet(43)) - raft.server.watch.element-limit = 65536 (default)
2019-09-25 11:09:25,652 [0ce03005-f534-496c-a0eb-c417dd14ba94@group-AEAACE02007D:LeaderElection255] INFO  server.RaftServerConfigKeys (ConfUtils.java:logGet(43)) - raft.server.watch.element-limit = 65536 (default)
2019-09-25 11:09:25,655 [dc1340b3-b3e2-49ee-a070-51ac5340e4da@group-2C91D85736CB:LeaderElection256] INFO  impl.RoleInfo (RoleInfo.java:updateAndGet(143)) - dc1340b3-b3e2-49ee-a070-51ac5340e4da: start LeaderState
2019-09-25 11:09:25,655 [0ce03005-f534-496c-a0eb-c417dd14ba94@group-AEAACE02007D:LeaderElection255] INFO  impl.RoleInfo (RoleInfo.java:updateAndGet(143)) - 0ce03005-f534-496c-a0eb-c417dd14ba94: start LeaderState
2019-09-25 11:09:25,655 [dc1340b3-b3e2-49ee-a070-51ac5340e4da@group-2C91D85736CB:LeaderElection256] INFO  segmented.SegmentedRaftLogWorker (SegmentedRaftLogWorker.java:startLogSegment(380)) - dc1340b3-b3e2-49ee-a070-51ac5340e4da@group-2C91D85736CB-SegmentedRaftLogWorker: Starting segment from index:0
2019-09-25 11:09:25,655 [0ce03005-f534-496c-a0eb-c417dd14ba94@group-AEAACE02007D:LeaderElection255] INFO  segmented.SegmentedRaftLogWorker (SegmentedRaftLogWorker.java:startLogSegment(380)) - 0ce03005-f534-496c-a0eb-c417dd14ba94@group-AEAACE02007D-SegmentedRaftLogWorker: Starting segment from index:0
2019-09-25 11:09:25,656 [dc1340b3-b3e2-49ee-a070-51ac5340e4da@group-2C91D85736CB:LeaderElection256] INFO  impl.RaftServerImpl (ServerState.java:setRaftConf(354)) - dc1340b3-b3e2-49ee-a070-51ac5340e4da@group-2C91D85736CB: set configuration 0: [dc1340b3-b3e2-49ee-a070-51ac5340e4da:192.168.30.6:35849], old=null at 0
2019-09-25 11:09:25,656 [0ce03005-f534-496c-a0eb-c417dd14ba94@group-AEAACE02007D:LeaderElection255] INFO  impl.RaftServerImpl (ServerState.java:setRaftConf(354)) - 0ce03005-f534-496c-a0eb-c417dd14ba94@group-AEAACE02007D: set configuration 0: [0ce03005-f534-496c-a0eb-c417dd14ba94:192.168.30.6:34724], old=null at 0
2019-09-25 11:09:25,685 [Thread-3174] INFO  impl.FollowerState (FollowerState.java:run(106)) - 0b8a7ff0-298a-4c7b-84aa-a28921900e21:group-B43393BB3033 changes to CANDIDATE, lastRpcTime:10622, electionTimeout:5122ms
2019-09-25 11:09:25,685 [Thread-3174] INFO  impl.RoleInfo (RoleInfo.java:shutdownFollowerState(121)) - 0b8a7ff0-298a-4c7b-84aa-a28921900e21: shutdown FollowerState
2019-09-25 11:09:25,686 [Thread-3174] INFO  impl.RaftServerImpl (RaftServerImpl.java:setRole(174)) - 0b8a7ff0-298a-4c7b-84aa-a28921900e21@group-B43393BB3033: changes role from  FOLLOWER to CANDIDATE at term 0 for changeToCandidate
2019-09-25 11:09:25,686 [Thread-3174] INFO  impl.RoleInfo (RoleInfo.java:updateAndGet(143)) - 0b8a7ff0-298a-4c7b-84aa-a28921900e21: start LeaderElection
2019-09-25 11:09:25,698 [0ce03005-f534-496c-a0eb-c417dd14ba94@group-AEAACE02007D-SegmentedRaftLogWorker] INFO  segmented.SegmentedRaftLogWorker (SegmentedRaftLogWorker.java:execute(569)) - 0ce03005-f534-496c-a0eb-c417dd14ba94@group-AEAACE02007D-SegmentedRaftLogWorker: created new log segment /workdir/hadoop-ozone/integration-test/target/test-dir/MiniOzoneClusterImpl-4b1c6350-cd3e-4172-b7a0-e9c66394f836/datanode-3/data/ratis/3f0825fd-b44d-4335-a43e-aeaace02007d/current/log_inprogress_0
2019-09-25 11:09:25,698 [dc1340b3-b3e2-49ee-a070-51ac5340e4da@group-2C91D85736CB-SegmentedRaftLogWorker] INFO  segmented.SegmentedRaftLogWorker (SegmentedRaftLogWorker.java:execute(569)) - dc1340b3-b3e2-49ee-a070-51ac5340e4da@group-2C91D85736CB-SegmentedRaftLogWorker: created new log segment /workdir/hadoop-ozone/integration-test/target/test-dir/MiniOzoneClusterImpl-4b1c6350-cd3e-4172-b7a0-e9c66394f836/datanode-6/data/ratis/36afe245-2435-4aa5-b9a6-2c91d85736cb/current/log_inprogress_0
2019-09-25 11:09:25,698 [0b8a7ff0-298a-4c7b-84aa-a28921900e21@group-B43393BB3033:LeaderElection257] INFO  impl.LeaderElection (LeaderElection.java:askForVotes(182)) - 0b8a7ff0-298a-4c7b-84aa-a28921900e21@group-B43393BB3033:LeaderElection257: begin an election at term 1 for -1: [0b8a7ff0-298a-4c7b-84aa-a28921900e21:192.168.30.6:34704], old=null
2019-09-25 11:09:25,699 [0b8a7ff0-298a-4c7b-84aa-a28921900e21@group-B43393BB3033:LeaderElection257] INFO  impl.RoleInfo (RoleInfo.java:shutdownLeaderElection(134)) - 0b8a7ff0-298a-4c7b-84aa-a28921900e21: shutdown LeaderElection
2019-09-25 11:09:25,699 [0b8a7ff0-298a-4c7b-84aa-a28921900e21@group-B43393BB3033:LeaderElection257] INFO  impl.RaftServerImpl (RaftServerImpl.java:setRole(174)) - 0b8a7ff0-298a-4c7b-84aa-a28921900e21@group-B43393BB3033: changes role from CANDIDATE to LEADER at term 1 for changeToLeader
2019-09-25 11:09:25,699 [0b8a7ff0-298a-4c7b-84aa-a28921900e21@group-B43393BB3033:LeaderElection257] INFO  impl.RaftServerImpl (ServerState.java:setLeader(253)) - 0b8a7ff0-298a-4c7b-84aa-a28921900e21@group-B43393BB3033: change Leader from null to 0b8a7ff0-298a-4c7b-84aa-a28921900e21 at term 1 for becomeLeader, leader elected after 10640ms
2019-09-25 11:09:25,699 [0b8a7ff0-298a-4c7b-84aa-a28921900e21@group-B43393BB3033:LeaderElection257] INFO  server.RaftServerConfigKeys (ConfUtils.java:logGet(43)) - raft.server.staging.catchup.gap = 1000 (default)
2019-09-25 11:09:25,699 [0b8a7ff0-298a-4c7b-84aa-a28921900e21@group-B43393BB3033:LeaderElection257] INFO  server.RaftServerConfigKeys (ConfUtils.java:logGet(43)) - raft.server.rpc.sleep.time = 25ms (default)
2019-09-25 11:09:25,699 [0b8a7ff0-298a-4c7b-84aa-a28921900e21@group-B43393BB3033:LeaderElection257] INFO  server.RaftServerConfigKeys (ConfUtils.java:logGet(43)) - raft.server.write.element-limit = 4096 (default)
2019-09-25 11:09:25,699 [0b8a7ff0-298a-4c7b-84aa-a28921900e21@group-B43393BB3033:LeaderElection257] INFO  server.RaftServerConfigKeys (ConfUtils.java:logGet(43)) - raft.server.watch.timeout = 10s (default)
2019-09-25 11:09:25,699 [0b8a7ff0-298a-4c7b-84aa-a28921900e21@group-B43393BB3033:LeaderElection257] INFO  server.RaftServerConfigKeys (ConfUtils.java:logGet(43)) - raft.server.watch.timeout.denomination = 1s (default)
2019-09-25 11:09:25,699 [0b8a7ff0-298a-4c7b-84aa-a28921900e21@group-B43393BB3033:LeaderElection257] INFO  server.RaftServerConfigKeys (ConfUtils.java:logGet(43)) - raft.server.watch.element-limit = 65536 (default)
2019-09-25 11:09:25,701 [0b8a7ff0-298a-4c7b-84aa-a28921900e21@group-B43393BB3033:LeaderElection257] INFO  impl.RoleInfo (RoleInfo.java:updateAndGet(143)) - 0b8a7ff0-298a-4c7b-84aa-a28921900e21: start LeaderState
2019-09-25 11:09:25,701 [0b8a7ff0-298a-4c7b-84aa-a28921900e21@group-B43393BB3033:LeaderElection257] INFO  segmented.SegmentedRaftLogWorker (SegmentedRaftLogWorker.java:startLogSegment(380)) - 0b8a7ff0-298a-4c7b-84aa-a28921900e21@group-B43393BB3033-SegmentedRaftLogWorker: Starting segment from index:0
2019-09-25 11:09:25,701 [0b8a7ff0-298a-4c7b-84aa-a28921900e21@group-B43393BB3033:LeaderElection257] INFO  impl.RaftServerImpl (ServerState.java:setRaftConf(354)) - 0b8a7ff0-298a-4c7b-84aa-a28921900e21@group-B43393BB3033: set configuration 0: [0b8a7ff0-298a-4c7b-84aa-a28921900e21:192.168.30.6:34704], old=null at 0
2019-09-25 11:09:25,709 [EventQueue-StaleNodeForStaleNodeHandler] INFO  node.StaleNodeHandler (StaleNodeHandler.java:onMessage(58)) - Datanode 0ce03005-f534-496c-a0eb-c417dd14ba94{ip: 192.168.30.6, host: pr-hdds-1569-5gmkr-4255264070, networkLocation: /default-rack, certSerialId: null} moved to stale state. Finalizing its pipelines [PipelineID=12b33b72-c225-4844-8782-8389d2f12caa, PipelineID=a9dac57a-7a95-40a1-a55b-05926d0eaff1, PipelineID=3f0825fd-b44d-4335-a43e-aeaace02007d, PipelineID=a6981152-8f55-4808-a1c7-6d0f0ac35b11, PipelineID=654db766-f88c-4de1-b51d-29e6f04255e1, PipelineID=7ccf220e-2c85-480e-8fa4-f76dafa8e164]
2019-09-25 11:09:25,709 [EventQueue-StaleNodeForStaleNodeHandler] INFO  pipeline.SCMPipelineManager (SCMPipelineManager.java:finalizeAndDestroyPipeline(316)) - destroying pipeline:Pipeline[ Id: 12b33b72-c225-4844-8782-8389d2f12caa, Nodes: 0ce03005-f534-496c-a0eb-c417dd14ba94{ip: 192.168.30.6, host: pr-hdds-1569-5gmkr-4255264070, networkLocation: /default-rack, certSerialId: null}, Type:RATIS, Factor:ONE, State:OPEN]
2019-09-25 11:09:25,709 [EventQueue-StaleNodeForStaleNodeHandler] INFO  pipeline.PipelineStateManager (PipelineStateManager.java:finalizePipeline(123)) - Pipeline Pipeline[ Id: 12b33b72-c225-4844-8782-8389d2f12caa, Nodes: 0ce03005-f534-496c-a0eb-c417dd14ba94{ip: 192.168.30.6, host: pr-hdds-1569-5gmkr-4255264070, networkLocation: /default-rack, certSerialId: null}, Type:RATIS, Factor:ONE, State:CLOSED] moved to CLOSED state
2019-09-25 11:09:25,710 [EventQueue-StaleNodeForStaleNodeHandler] INFO  pipeline.SCMPipelineManager (SCMPipelineManager.java:finalizeAndDestroyPipeline(316)) - destroying pipeline:Pipeline[ Id: a9dac57a-7a95-40a1-a55b-05926d0eaff1, Nodes: 0ce03005-f534-496c-a0eb-c417dd14ba94{ip: 192.168.30.6, host: pr-hdds-1569-5gmkr-4255264070, networkLocation: /default-rack, certSerialId: null}, Type:RATIS, Factor:ONE, State:OPEN]
2019-09-25 11:09:25,710 [EventQueue-StaleNodeForStaleNodeHandler] INFO  pipeline.PipelineStateManager (PipelineStateManager.java:finalizePipeline(123)) - Pipeline Pipeline[ Id: a9dac57a-7a95-40a1-a55b-05926d0eaff1, Nodes: 0ce03005-f534-496c-a0eb-c417dd14ba94{ip: 192.168.30.6, host: pr-hdds-1569-5gmkr-4255264070, networkLocation: /default-rack, certSerialId: null}, Type:RATIS, Factor:ONE, State:CLOSED] moved to CLOSED state
2019-09-25 11:09:25,710 [EventQueue-StaleNodeForStaleNodeHandler] INFO  pipeline.SCMPipelineManager (SCMPipelineManager.java:finalizeAndDestroyPipeline(316)) - destroying pipeline:Pipeline[ Id: 3f0825fd-b44d-4335-a43e-aeaace02007d, Nodes: 0ce03005-f534-496c-a0eb-c417dd14ba94{ip: 192.168.30.6, host: pr-hdds-1569-5gmkr-4255264070, networkLocation: /default-rack, certSerialId: null}, Type:RATIS, Factor:ONE, State:OPEN]
2019-09-25 11:09:25,710 [EventQueue-StaleNodeForStaleNodeHandler] INFO  pipeline.PipelineStateManager (PipelineStateManager.java:finalizePipeline(123)) - Pipeline Pipeline[ Id: 3f0825fd-b44d-4335-a43e-aeaace02007d, Nodes: 0ce03005-f534-496c-a0eb-c417dd14ba94{ip: 192.168.30.6, host: pr-hdds-1569-5gmkr-4255264070, networkLocation: /default-rack, certSerialId: null}, Type:RATIS, Factor:ONE, State:CLOSED] moved to CLOSED state
2019-09-25 11:09:25,710 [EventQueue-StaleNodeForStaleNodeHandler] INFO  pipeline.SCMPipelineManager (SCMPipelineManager.java:finalizeAndDestroyPipeline(316)) - destroying pipeline:Pipeline[ Id: a6981152-8f55-4808-a1c7-6d0f0ac35b11, Nodes: 0ce03005-f534-496c-a0eb-c417dd14ba94{ip: 192.168.30.6, host: pr-hdds-1569-5gmkr-4255264070, networkLocation: /default-rack, certSerialId: null}, Type:RATIS, Factor:ONE, State:OPEN]
2019-09-25 11:09:25,710 [EventQueue-StaleNodeForStaleNodeHandler] INFO  pipeline.PipelineStateManager (PipelineStateManager.java:finalizePipeline(123)) - Pipeline Pipeline[ Id: a6981152-8f55-4808-a1c7-6d0f0ac35b11, Nodes: 0ce03005-f534-496c-a0eb-c417dd14ba94{ip: 192.168.30.6, host: pr-hdds-1569-5gmkr-4255264070, networkLocation: /default-rack, certSerialId: null}, Type:RATIS, Factor:ONE, State:CLOSED] moved to CLOSED state
2019-09-25 11:09:25,711 [EventQueue-StaleNodeForStaleNodeHandler] INFO  pipeline.SCMPipelineManager (SCMPipelineManager.java:finalizeAndDestroyPipeline(316)) - destroying pipeline:Pipeline[ Id: 654db766-f88c-4de1-b51d-29e6f04255e1, Nodes: 0ce03005-f534-496c-a0eb-c417dd14ba94{ip: 192.168.30.6, host: pr-hdds-1569-5gmkr-4255264070, networkLocation: /default-rack, certSerialId: null}, Type:RATIS, Factor:ONE, State:OPEN]
2019-09-25 11:09:25,711 [EventQueue-StaleNodeForStaleNodeHandler] INFO  pipeline.PipelineStateManager (PipelineStateManager.java:finalizePipeline(123)) - Pipeline Pipeline[ Id: 654db766-f88c-4de1-b51d-29e6f04255e1, Nodes: 0ce03005-f534-496c-a0eb-c417dd14ba94{ip: 192.168.30.6, host: pr-hdds-1569-5gmkr-4255264070, networkLocation: /default-rack, certSerialId: null}, Type:RATIS, Factor:ONE, State:CLOSED] moved to CLOSED state
2019-09-25 11:09:25,711 [EventQueue-StaleNodeForStaleNodeHandler] INFO  pipeline.SCMPipelineManager (SCMPipelineManager.java:finalizeAndDestroyPipeline(316)) - destroying pipeline:Pipeline[ Id: 7ccf220e-2c85-480e-8fa4-f76dafa8e164, Nodes: 0ce03005-f534-496c-a0eb-c417dd14ba94{ip: 192.168.30.6, host: pr-hdds-1569-5gmkr-4255264070, networkLocation: /default-rack, certSerialId: null}, Type:RATIS, Factor:ONE, State:OPEN]
2019-09-25 11:09:25,711 [EventQueue-StaleNodeForStaleNodeHandler] INFO  pipeline.PipelineStateManager (PipelineStateManager.java:finalizePipeline(123)) - Pipeline Pipeline[ Id: 7ccf220e-2c85-480e-8fa4-f76dafa8e164, Nodes: 0ce03005-f534-496c-a0eb-c417dd14ba94{ip: 192.168.30.6, host: pr-hdds-1569-5gmkr-4255264070, networkLocation: /default-rack, certSerialId: null}, Type:RATIS, Factor:ONE, State:CLOSED] moved to CLOSED state
2019-09-25 11:09:25,743 [0b8a7ff0-298a-4c7b-84aa-a28921900e21@group-B43393BB3033-SegmentedRaftLogWorker] INFO  segmented.SegmentedRaftLogWorker (SegmentedRaftLogWorker.java:execute(569)) - 0b8a7ff0-298a-4c7b-84aa-a28921900e21@group-B43393BB3033-SegmentedRaftLogWorker: created new log segment /workdir/hadoop-ozone/integration-test/target/test-dir/MiniOzoneClusterImpl-4b1c6350-cd3e-4172-b7a0-e9c66394f836/datanode-5/data/ratis/b3cdd52f-a4db-42dc-aed3-b43393bb3033/current/log_inprogress_0
2019-09-25 11:09:25,938 [Thread-3162] INFO  impl.FollowerState (FollowerState.java:run(106)) - 0ce03005-f534-496c-a0eb-c417dd14ba94:group-29E6F04255E1 changes to CANDIDATE, lastRpcTime:11021, electionTimeout:5144ms
2019-09-25 11:09:25,939 [Thread-3162] INFO  impl.RoleInfo (RoleInfo.java:shutdownFollowerState(121)) - 0ce03005-f534-496c-a0eb-c417dd14ba94: shutdown FollowerState
2019-09-25 11:09:25,939 [Thread-3162] INFO  impl.RaftServerImpl (RaftServerImpl.java:setRole(174)) - 0ce03005-f534-496c-a0eb-c417dd14ba94@group-29E6F04255E1: changes role from  FOLLOWER to CANDIDATE at term 0 for changeToCandidate
2019-09-25 11:09:25,939 [Thread-3162] INFO  impl.RoleInfo (RoleInfo.java:updateAndGet(143)) - 0ce03005-f534-496c-a0eb-c417dd14ba94: start LeaderElection
2019-09-25 11:09:25,952 [0ce03005-f534-496c-a0eb-c417dd14ba94@group-29E6F04255E1:LeaderElection258] INFO  impl.LeaderElection (LeaderElection.java:askForVotes(182)) - 0ce03005-f534-496c-a0eb-c417dd14ba94@group-29E6F04255E1:LeaderElection258: begin an election at term 1 for -1: [0ce03005-f534-496c-a0eb-c417dd14ba94:192.168.30.6:34724], old=null
2019-09-25 11:09:25,952 [0ce03005-f534-496c-a0eb-c417dd14ba94@group-29E6F04255E1:LeaderElection258] INFO  impl.RoleInfo (RoleInfo.java:shutdownLeaderElection(134)) - 0ce03005-f534-496c-a0eb-c417dd14ba94: shutdown LeaderElection
2019-09-25 11:09:25,953 [0ce03005-f534-496c-a0eb-c417dd14ba94@group-29E6F04255E1:LeaderElection258] INFO  impl.RaftServerImpl (RaftServerImpl.java:setRole(174)) - 0ce03005-f534-496c-a0eb-c417dd14ba94@group-29E6F04255E1: changes role from CANDIDATE to LEADER at term 1 for changeToLeader
2019-09-25 11:09:25,953 [0ce03005-f534-496c-a0eb-c417dd14ba94@group-29E6F04255E1:LeaderElection258] INFO  impl.RaftServerImpl (ServerState.java:setLeader(253)) - 0ce03005-f534-496c-a0eb-c417dd14ba94@group-29E6F04255E1: change Leader from null to 0ce03005-f534-496c-a0eb-c417dd14ba94 at term 1 for becomeLeader, leader elected after 11039ms
2019-09-25 11:09:25,953 [0ce03005-f534-496c-a0eb-c417dd14ba94@group-29E6F04255E1:LeaderElection258] INFO  server.RaftServerConfigKeys (ConfUtils.java:logGet(43)) - raft.server.staging.catchup.gap = 1000 (default)
2019-09-25 11:09:25,953 [0ce03005-f534-496c-a0eb-c417dd14ba94@group-29E6F04255E1:LeaderElection258] INFO  server.RaftServerConfigKeys (ConfUtils.java:logGet(43)) - raft.server.rpc.sleep.time = 25ms (default)
2019-09-25 11:09:25,953 [0ce03005-f534-496c-a0eb-c417dd14ba94@group-29E6F04255E1:LeaderElection258] INFO  server.RaftServerConfigKeys (ConfUtils.java:logGet(43)) - raft.server.write.element-limit = 4096 (default)
2019-09-25 11:09:25,953 [0ce03005-f534-496c-a0eb-c417dd14ba94@group-29E6F04255E1:LeaderElection258] INFO  server.RaftServerConfigKeys (ConfUtils.java:logGet(43)) - raft.server.watch.timeout = 10s (default)
2019-09-25 11:09:25,953 [0ce03005-f534-496c-a0eb-c417dd14ba94@group-29E6F04255E1:LeaderElection258] INFO  server.RaftServerConfigKeys (ConfUtils.java:logGet(43)) - raft.server.watch.timeout.denomination = 1s (default)
2019-09-25 11:09:25,954 [0ce03005-f534-496c-a0eb-c417dd14ba94@group-29E6F04255E1:LeaderElection258] INFO  server.RaftServerConfigKeys (ConfUtils.java:logGet(43)) - raft.server.watch.element-limit = 65536 (default)
2019-09-25 11:09:25,955 [0ce03005-f534-496c-a0eb-c417dd14ba94@group-29E6F04255E1:LeaderElection258] INFO  impl.RoleInfo (RoleInfo.java:updateAndGet(143)) - 0ce03005-f534-496c-a0eb-c417dd14ba94: start LeaderState
2019-09-25 11:09:25,955 [0ce03005-f534-496c-a0eb-c417dd14ba94@group-29E6F04255E1:LeaderElection258] INFO  segmented.SegmentedRaftLogWorker (SegmentedRaftLogWorker.java:startLogSegment(380)) - 0ce03005-f534-496c-a0eb-c417dd14ba94@group-29E6F04255E1-SegmentedRaftLogWorker: Starting segment from index:0
2019-09-25 11:09:25,956 [0ce03005-f534-496c-a0eb-c417dd14ba94@group-29E6F04255E1:LeaderElection258] INFO  impl.RaftServerImpl (ServerState.java:setRaftConf(354)) - 0ce03005-f534-496c-a0eb-c417dd14ba94@group-29E6F04255E1: set configuration 0: [0ce03005-f534-496c-a0eb-c417dd14ba94:192.168.30.6:34724], old=null at 0
2019-09-25 11:09:26,003 [0ce03005-f534-496c-a0eb-c417dd14ba94@group-29E6F04255E1-SegmentedRaftLogWorker] INFO  segmented.SegmentedRaftLogWorker (SegmentedRaftLogWorker.java:execute(569)) - 0ce03005-f534-496c-a0eb-c417dd14ba94@group-29E6F04255E1-SegmentedRaftLogWorker: created new log segment /workdir/hadoop-ozone/integration-test/target/test-dir/MiniOzoneClusterImpl-4b1c6350-cd3e-4172-b7a0-e9c66394f836/datanode-3/data/ratis/654db766-f88c-4de1-b51d-29e6f04255e1/current/log_inprogress_0
2019-09-25 11:09:26,149 [main] INFO  ozoneimpl.OzoneContainer (OzoneContainer.java:stop(231)) - Attempting to stop container services.
2019-09-25 11:09:26,149 [main] INFO  impl.RaftServerProxy (RaftServerProxy.java:lambda$close$4(314)) - 0ce03005-f534-496c-a0eb-c417dd14ba94: close
2019-09-25 11:09:26,150 [main] INFO  impl.RaftServerImpl (RaftServerImpl.java:lambda$shutdown$3(251)) - 0ce03005-f534-496c-a0eb-c417dd14ba94@group-AEAACE02007D: shutdown
2019-09-25 11:09:26,150 [main] INFO  util.JmxRegister (JmxRegister.java:unregister(73)) - Successfully un-registered JMX Bean with object name Ratis:service=RaftServer,group=group-AEAACE02007D,id=0ce03005-f534-496c-a0eb-c417dd14ba94
2019-09-25 11:09:26,151 [main] INFO  impl.RoleInfo (RoleInfo.java:shutdownLeaderState(104)) - 0ce03005-f534-496c-a0eb-c417dd14ba94: shutdown LeaderState
2019-09-25 11:09:26,151 [main] INFO  impl.PendingRequests (PendingRequests.java:sendNotLeaderResponses(202)) - 0ce03005-f534-496c-a0eb-c417dd14ba94-PendingRequests: sendNotLeaderResponses
2019-09-25 11:09:26,151 [main] INFO  impl.StateMachineUpdater (StateMachineUpdater.java:stopAndJoin(125)) - 0ce03005-f534-496c-a0eb-c417dd14ba94@group-AEAACE02007D-StateMachineUpdater: set stopIndex = 0
2019-09-25 11:09:26,152 [main] INFO  impl.RaftServerImpl (ServerState.java:close(385)) - 0ce03005-f534-496c-a0eb-c417dd14ba94@group-AEAACE02007D: closes. applyIndex: 0
2019-09-25 11:09:26,152 [0ce03005-f534-496c-a0eb-c417dd14ba94@group-AEAACE02007D-SegmentedRaftLogWorker] INFO  segmented.SegmentedRaftLogWorker (SegmentedRaftLogWorker.java:run(313)) - 0ce03005-f534-496c-a0eb-c417dd14ba94@group-AEAACE02007D-SegmentedRaftLogWorker was interrupted, exiting. There are 0 tasks remaining in the queue.
2019-09-25 11:09:26,153 [main] INFO  segmented.SegmentedRaftLogWorker (SegmentedRaftLogWorker.java:close(228)) - 0ce03005-f534-496c-a0eb-c417dd14ba94@group-AEAACE02007D-SegmentedRaftLogWorker close()
2019-09-25 11:09:26,157 [main] INFO  impl.RaftServerImpl (RaftServerImpl.java:lambda$shutdown$3(251)) - 0ce03005-f534-496c-a0eb-c417dd14ba94@group-8389D2F12CAA: shutdown
2019-09-25 11:09:26,158 [main] INFO  util.JmxRegister (JmxRegister.java:unregister(73)) - Successfully un-registered JMX Bean with object name Ratis:service=RaftServer,group=group-8389D2F12CAA,id=0ce03005-f534-496c-a0eb-c417dd14ba94
2019-09-25 11:09:26,158 [main] INFO  impl.RoleInfo (RoleInfo.java:shutdownLeaderState(104)) - 0ce03005-f534-496c-a0eb-c417dd14ba94: shutdown LeaderState
2019-09-25 11:09:26,158 [main] INFO  impl.PendingRequests (PendingRequests.java:sendNotLeaderResponses(202)) - 0ce03005-f534-496c-a0eb-c417dd14ba94-PendingRequests: sendNotLeaderResponses
2019-09-25 11:09:26,159 [main] INFO  impl.StateMachineUpdater (StateMachineUpdater.java:stopAndJoin(125)) - 0ce03005-f534-496c-a0eb-c417dd14ba94@group-8389D2F12CAA-StateMachineUpdater: set stopIndex = 0
2019-09-25 11:09:26,159 [main] INFO  impl.RaftServerImpl (ServerState.java:close(385)) - 0ce03005-f534-496c-a0eb-c417dd14ba94@group-8389D2F12CAA: closes. applyIndex: 0
2019-09-25 11:09:26,160 [0ce03005-f534-496c-a0eb-c417dd14ba94@group-8389D2F12CAA-SegmentedRaftLogWorker] INFO  segmented.SegmentedRaftLogWorker (SegmentedRaftLogWorker.java:run(313)) - 0ce03005-f534-496c-a0eb-c417dd14ba94@group-8389D2F12CAA-SegmentedRaftLogWorker was interrupted, exiting. There are 0 tasks remaining in the queue.
2019-09-25 11:09:26,160 [main] INFO  segmented.SegmentedRaftLogWorker (SegmentedRaftLogWorker.java:close(228)) - 0ce03005-f534-496c-a0eb-c417dd14ba94@group-8389D2F12CAA-SegmentedRaftLogWorker close()
2019-09-25 11:09:26,164 [main] INFO  impl.RaftServerImpl (RaftServerImpl.java:lambda$shutdown$3(251)) - 0ce03005-f534-496c-a0eb-c417dd14ba94@group-05926D0EAFF1: shutdown
2019-09-25 11:09:26,164 [ForkJoinPool.commonPool-worker-1] INFO  ozoneimpl.OzoneContainer (OzoneContainer.java:stop(231)) - Attempting to stop container services.
2019-09-25 11:09:26,164 [main] INFO  util.JmxRegister (JmxRegister.java:unregister(73)) - Successfully un-registered JMX Bean with object name Ratis:service=RaftServer,group=group-05926D0EAFF1,id=0ce03005-f534-496c-a0eb-c417dd14ba94
2019-09-25 11:09:26,165 [main] INFO  impl.RoleInfo (RoleInfo.java:shutdownLeaderState(104)) - 0ce03005-f534-496c-a0eb-c417dd14ba94: shutdown LeaderState
2019-09-25 11:09:26,165 [ForkJoinPool.commonPool-worker-1] INFO  impl.RaftServerProxy (RaftServerProxy.java:lambda$close$4(314)) - 97301ee4-d551-4dc8-86de-1a37740aeeca: close
2019-09-25 11:09:26,165 [main] INFO  impl.PendingRequests (PendingRequests.java:sendNotLeaderResponses(202)) - 0ce03005-f534-496c-a0eb-c417dd14ba94-PendingRequests: sendNotLeaderResponses
2019-09-25 11:09:26,166 [ForkJoinPool.commonPool-worker-1] INFO  impl.RaftServerImpl (RaftServerImpl.java:lambda$shutdown$3(251)) - 97301ee4-d551-4dc8-86de-1a37740aeeca@group-849CD78DD736: shutdown
2019-09-25 11:09:26,166 [main] INFO  impl.StateMachineUpdater (StateMachineUpdater.java:stopAndJoin(125)) - 0ce03005-f534-496c-a0eb-c417dd14ba94@group-05926D0EAFF1-StateMachineUpdater: set stopIndex = 0
2019-09-25 11:09:26,167 [main] INFO  impl.RaftServerImpl (ServerState.java:close(385)) - 0ce03005-f534-496c-a0eb-c417dd14ba94@group-05926D0EAFF1: closes. applyIndex: 0
2019-09-25 11:09:26,166 [ForkJoinPool.commonPool-worker-1] INFO  util.JmxRegister (JmxRegister.java:unregister(73)) - Successfully un-registered JMX Bean with object name Ratis:service=RaftServer,group=group-849CD78DD736,id=97301ee4-d551-4dc8-86de-1a37740aeeca
2019-09-25 11:09:26,167 [0ce03005-f534-496c-a0eb-c417dd14ba94@group-05926D0EAFF1-SegmentedRaftLogWorker] INFO  segmented.SegmentedRaftLogWorker (SegmentedRaftLogWorker.java:run(313)) - 0ce03005-f534-496c-a0eb-c417dd14ba94@group-05926D0EAFF1-SegmentedRaftLogWorker was interrupted, exiting. There are 0 tasks remaining in the queue.
2019-09-25 11:09:26,167 [ForkJoinPool.commonPool-worker-1] INFO  impl.RoleInfo (RoleInfo.java:shutdownLeaderState(104)) - 97301ee4-d551-4dc8-86de-1a37740aeeca: shutdown LeaderState
2019-09-25 11:09:26,168 [main] INFO  segmented.SegmentedRaftLogWorker (SegmentedRaftLogWorker.java:close(228)) - 0ce03005-f534-496c-a0eb-c417dd14ba94@group-05926D0EAFF1-SegmentedRaftLogWorker close()
2019-09-25 11:09:26,168 [ForkJoinPool.commonPool-worker-1] INFO  impl.PendingRequests (PendingRequests.java:sendNotLeaderResponses(202)) - 97301ee4-d551-4dc8-86de-1a37740aeeca-PendingRequests: sendNotLeaderResponses
2019-09-25 11:09:26,171 [main] INFO  impl.RaftServerImpl (RaftServerImpl.java:lambda$shutdown$3(251)) - 0ce03005-f534-496c-a0eb-c417dd14ba94@group-6D0F0AC35B11: shutdown
2019-09-25 11:09:26,172 [ForkJoinPool.commonPool-worker-1] INFO  impl.StateMachineUpdater (StateMachineUpdater.java:stopAndJoin(125)) - 97301ee4-d551-4dc8-86de-1a37740aeeca@group-849CD78DD736-StateMachineUpdater: set stopIndex = 0
2019-09-25 11:09:26,172 [ForkJoinPool.commonPool-worker-1] INFO  impl.RaftServerImpl (ServerState.java:close(385)) - 97301ee4-d551-4dc8-86de-1a37740aeeca@group-849CD78DD736: closes. applyIndex: 0
2019-09-25 11:09:26,172 [main] INFO  util.JmxRegister (JmxRegister.java:unregister(73)) - Successfully un-registered JMX Bean with object name Ratis:service=RaftServer,group=group-6D0F0AC35B11,id=0ce03005-f534-496c-a0eb-c417dd14ba94
2019-09-25 11:09:26,173 [main] INFO  impl.RoleInfo (RoleInfo.java:shutdownLeaderState(104)) - 0ce03005-f534-496c-a0eb-c417dd14ba94: shutdown LeaderState
2019-09-25 11:09:26,173 [97301ee4-d551-4dc8-86de-1a37740aeeca@group-849CD78DD736-SegmentedRaftLogWorker] INFO  segmented.SegmentedRaftLogWorker (SegmentedRaftLogWorker.java:run(313)) - 97301ee4-d551-4dc8-86de-1a37740aeeca@group-849CD78DD736-SegmentedRaftLogWorker was interrupted, exiting. There are 0 tasks remaining in the queue.
2019-09-25 11:09:26,173 [main] INFO  impl.PendingRequests (PendingRequests.java:sendNotLeaderResponses(202)) - 0ce03005-f534-496c-a0eb-c417dd14ba94-PendingRequests: sendNotLeaderResponses
2019-09-25 11:09:26,174 [ForkJoinPool.commonPool-worker-1] INFO  segmented.SegmentedRaftLogWorker (SegmentedRaftLogWorker.java:close(228)) - 97301ee4-d551-4dc8-86de-1a37740aeeca@group-849CD78DD736-SegmentedRaftLogWorker close()
2019-09-25 11:09:26,174 [main] INFO  impl.StateMachineUpdater (StateMachineUpdater.java:stopAndJoin(125)) - 0ce03005-f534-496c-a0eb-c417dd14ba94@group-6D0F0AC35B11-StateMachineUpdater: set stopIndex = 0
2019-09-25 11:09:26,178 [main] INFO  impl.RaftServerImpl (ServerState.java:close(385)) - 0ce03005-f534-496c-a0eb-c417dd14ba94@group-6D0F0AC35B11: closes. applyIndex: 0
2019-09-25 11:09:26,177 [ForkJoinPool.commonPool-worker-1] INFO  impl.RaftServerImpl (RaftServerImpl.java:lambda$shutdown$3(251)) - 97301ee4-d551-4dc8-86de-1a37740aeeca@group-44F2F5444F53: shutdown
2019-09-25 11:09:26,178 [0ce03005-f534-496c-a0eb-c417dd14ba94@group-6D0F0AC35B11-SegmentedRaftLogWorker] INFO  segmented.SegmentedRaftLogWorker (SegmentedRaftLogWorker.java:run(313)) - 0ce03005-f534-496c-a0eb-c417dd14ba94@group-6D0F0AC35B11-SegmentedRaftLogWorker was interrupted, exiting. There are 0 tasks remaining in the queue.
2019-09-25 11:09:26,178 [ForkJoinPool.commonPool-worker-1] INFO  util.JmxRegister (JmxRegister.java:unregister(73)) - Successfully un-registered JMX Bean with object name Ratis:service=RaftServer,group=group-44F2F5444F53,id=97301ee4-d551-4dc8-86de-1a37740aeeca
2019-09-25 11:09:26,179 [main] INFO  segmented.SegmentedRaftLogWorker (SegmentedRaftLogWorker.java:close(228)) - 0ce03005-f534-496c-a0eb-c417dd14ba94@group-6D0F0AC35B11-SegmentedRaftLogWorker close()
2019-09-25 11:09:26,179 [ForkJoinPool.commonPool-worker-1] INFO  impl.RoleInfo (RoleInfo.java:shutdownLeaderState(104)) - 97301ee4-d551-4dc8-86de-1a37740aeeca: shutdown LeaderState
2019-09-25 11:09:26,182 [main] INFO  impl.RaftServerImpl (RaftServerImpl.java:lambda$shutdown$3(251)) - 0ce03005-f534-496c-a0eb-c417dd14ba94@group-29E6F04255E1: shutdown
2019-09-25 11:09:26,182 [ForkJoinPool.commonPool-worker-1] INFO  impl.PendingRequests (PendingRequests.java:sendNotLeaderResponses(202)) - 97301ee4-d551-4dc8-86de-1a37740aeeca-PendingRequests: sendNotLeaderResponses
2019-09-25 11:09:26,183 [main] INFO  util.JmxRegister (JmxRegister.java:unregister(73)) - Successfully un-registered JMX Bean with object name Ratis:service=RaftServer,group=group-29E6F04255E1,id=0ce03005-f534-496c-a0eb-c417dd14ba94
2019-09-25 11:09:26,183 [main] INFO  impl.RoleInfo (RoleInfo.java:shutdownLeaderState(104)) - 0ce03005-f534-496c-a0eb-c417dd14ba94: shutdown LeaderState
2019-09-25 11:09:26,183 [ForkJoinPool.commonPool-worker-1] INFO  impl.StateMachineUpdater (StateMachineUpdater.java:stopAndJoin(125)) - 97301ee4-d551-4dc8-86de-1a37740aeeca@group-44F2F5444F53-StateMachineUpdater: set stopIndex = 0
2019-09-25 11:09:26,184 [main] INFO  impl.PendingRequests (PendingRequests.java:sendNotLeaderResponses(202)) - 0ce03005-f534-496c-a0eb-c417dd14ba94-PendingRequests: sendNotLeaderResponses
2019-09-25 11:09:26,184 [ForkJoinPool.commonPool-worker-1] INFO  impl.RaftServerImpl (ServerState.java:close(385)) - 97301ee4-d551-4dc8-86de-1a37740aeeca@group-44F2F5444F53: closes. applyIndex: 0
2019-09-25 11:09:26,185 [main] INFO  impl.StateMachineUpdater (StateMachineUpdater.java:stopAndJoin(125)) - 0ce03005-f534-496c-a0eb-c417dd14ba94@group-29E6F04255E1-StateMachineUpdater: set stopIndex = 0
2019-09-25 11:09:26,185 [main] INFO  impl.RaftServerImpl (ServerState.java:close(385)) - 0ce03005-f534-496c-a0eb-c417dd14ba94@group-29E6F04255E1: closes. applyIndex: 0
2019-09-25 11:09:26,185 [97301ee4-d551-4dc8-86de-1a37740aeeca@group-44F2F5444F53-SegmentedRaftLogWorker] INFO  segmented.SegmentedRaftLogWorker (SegmentedRaftLogWorker.java:run(313)) - 97301ee4-d551-4dc8-86de-1a37740aeeca@group-44F2F5444F53-SegmentedRaftLogWorker was interrupted, exiting. There are 0 tasks remaining in the queue.
2019-09-25 11:09:26,188 [0ce03005-f534-496c-a0eb-c417dd14ba94@group-29E6F04255E1-SegmentedRaftLogWorker] INFO  segmented.SegmentedRaftLogWorker (SegmentedRaftLogWorker.java:run(313)) - 0ce03005-f534-496c-a0eb-c417dd14ba94@group-29E6F04255E1-SegmentedRaftLogWorker was interrupted, exiting. There are 0 tasks remaining in the queue.
2019-09-25 11:09:26,188 [ForkJoinPool.commonPool-worker-1] INFO  segmented.SegmentedRaftLogWorker (SegmentedRaftLogWorker.java:close(228)) - 97301ee4-d551-4dc8-86de-1a37740aeeca@group-44F2F5444F53-SegmentedRaftLogWorker close()
2019-09-25 11:09:26,188 [main] INFO  segmented.SegmentedRaftLogWorker (SegmentedRaftLogWorker.java:close(228)) - 0ce03005-f534-496c-a0eb-c417dd14ba94@group-29E6F04255E1-SegmentedRaftLogWorker close()
2019-09-25 11:09:26,192 [ForkJoinPool.commonPool-worker-1] INFO  impl.RaftServerImpl (RaftServerImpl.java:lambda$shutdown$3(251)) - 97301ee4-d551-4dc8-86de-1a37740aeeca@group-1CBA0EE7A9D9: shutdown
2019-09-25 11:09:26,195 [main] INFO  impl.RaftServerImpl (RaftServerImpl.java:lambda$shutdown$3(251)) - 0ce03005-f534-496c-a0eb-c417dd14ba94@group-F76DAFA8E164: shutdown
2019-09-25 11:09:26,196 [ForkJoinPool.commonPool-worker-1] INFO  util.JmxRegister (JmxRegister.java:unregister(73)) - Successfully un-registered JMX Bean with object name Ratis:service=RaftServer,group=group-1CBA0EE7A9D9,id=97301ee4-d551-4dc8-86de-1a37740aeeca
2019-09-25 11:09:26,196 [main] INFO  util.JmxRegister (JmxRegister.java:unregister(73)) - Successfully un-registered JMX Bean with object name Ratis:service=RaftServer,group=group-F76DAFA8E164,id=0ce03005-f534-496c-a0eb-c417dd14ba94
2019-09-25 11:09:26,196 [ForkJoinPool.commonPool-worker-1] INFO  impl.RoleInfo (RoleInfo.java:shutdownLeaderState(104)) - 97301ee4-d551-4dc8-86de-1a37740aeeca: shutdown LeaderState
2019-09-25 11:09:26,197 [main] INFO  impl.RoleInfo (RoleInfo.java:shutdownLeaderState(104)) - 0ce03005-f534-496c-a0eb-c417dd14ba94: shutdown LeaderState
2019-09-25 11:09:26,197 [ForkJoinPool.commonPool-worker-1] INFO  impl.PendingRequests (PendingRequests.java:sendNotLeaderResponses(202)) - 97301ee4-d551-4dc8-86de-1a37740aeeca-PendingRequests: sendNotLeaderResponses
2019-09-25 11:09:26,198 [main] INFO  impl.PendingRequests (PendingRequests.java:sendNotLeaderResponses(202)) - 0ce03005-f534-496c-a0eb-c417dd14ba94-PendingRequests: sendNotLeaderResponses
2019-09-25 11:09:26,198 [ForkJoinPool.commonPool-worker-1] INFO  impl.StateMachineUpdater (StateMachineUpdater.java:stopAndJoin(125)) - 97301ee4-d551-4dc8-86de-1a37740aeeca@group-1CBA0EE7A9D9-StateMachineUpdater: set stopIndex = 0
2019-09-25 11:09:26,199 [ForkJoinPool.commonPool-worker-1] INFO  impl.RaftServerImpl (ServerState.java:close(385)) - 97301ee4-d551-4dc8-86de-1a37740aeeca@group-1CBA0EE7A9D9: closes. applyIndex: 0
2019-09-25 11:09:26,198 [main] INFO  impl.StateMachineUpdater (StateMachineUpdater.java:stopAndJoin(125)) - 0ce03005-f534-496c-a0eb-c417dd14ba94@group-F76DAFA8E164-StateMachineUpdater: set stopIndex = 0
2019-09-25 11:09:26,199 [main] INFO  impl.RaftServerImpl (ServerState.java:close(385)) - 0ce03005-f534-496c-a0eb-c417dd14ba94@group-F76DAFA8E164: closes. applyIndex: 0
2019-09-25 11:09:26,199 [97301ee4-d551-4dc8-86de-1a37740aeeca@group-1CBA0EE7A9D9-SegmentedRaftLogWorker] INFO  segmented.SegmentedRaftLogWorker (SegmentedRaftLogWorker.java:run(313)) - 97301ee4-d551-4dc8-86de-1a37740aeeca@group-1CBA0EE7A9D9-SegmentedRaftLogWorker was interrupted, exiting. There are 0 tasks remaining in the queue.
2019-09-25 11:09:26,200 [0ce03005-f534-496c-a0eb-c417dd14ba94@group-F76DAFA8E164-SegmentedRaftLogWorker] INFO  segmented.SegmentedRaftLogWorker (SegmentedRaftLogWorker.java:run(313)) - 0ce03005-f534-496c-a0eb-c417dd14ba94@group-F76DAFA8E164-SegmentedRaftLogWorker was interrupted, exiting. There are 0 tasks remaining in the queue.
2019-09-25 11:09:26,200 [ForkJoinPool.commonPool-worker-1] INFO  segmented.SegmentedRaftLogWorker (SegmentedRaftLogWorker.java:close(228)) - 97301ee4-d551-4dc8-86de-1a37740aeeca@group-1CBA0EE7A9D9-SegmentedRaftLogWorker close()
2019-09-25 11:09:26,200 [main] INFO  segmented.SegmentedRaftLogWorker (SegmentedRaftLogWorker.java:close(228)) - 0ce03005-f534-496c-a0eb-c417dd14ba94@group-F76DAFA8E164-SegmentedRaftLogWorker close()
2019-09-25 11:09:26,217 [ForkJoinPool.commonPool-worker-1] INFO  impl.RaftServerImpl (RaftServerImpl.java:lambda$shutdown$3(251)) - 97301ee4-d551-4dc8-86de-1a37740aeeca@group-DFAB1180C32E: shutdown
2019-09-25 11:09:26,218 [main] INFO  server.GrpcService (GrpcService.java:closeImpl(164)) - 0ce03005-f534-496c-a0eb-c417dd14ba94: shutdown server with port 34724 now
2019-09-25 11:09:26,218 [ForkJoinPool.commonPool-worker-1] INFO  util.JmxRegister (JmxRegister.java:unregister(73)) - Successfully un-registered JMX Bean with object name Ratis:service=RaftServer,group=group-DFAB1180C32E,id=97301ee4-d551-4dc8-86de-1a37740aeeca
2019-09-25 11:09:26,222 [main] INFO  server.GrpcService (GrpcService.java:closeImpl(172)) - 0ce03005-f534-496c-a0eb-c417dd14ba94: shutdown server with port 34724 successfully
2019-09-25 11:09:26,222 [ForkJoinPool.commonPool-worker-1] INFO  impl.RoleInfo (RoleInfo.java:shutdownLeaderState(104)) - 97301ee4-d551-4dc8-86de-1a37740aeeca: shutdown LeaderState
2019-09-25 11:09:26,223 [ForkJoinPool.commonPool-worker-1] INFO  impl.PendingRequests (PendingRequests.java:sendNotLeaderResponses(202)) - 97301ee4-d551-4dc8-86de-1a37740aeeca-PendingRequests: sendNotLeaderResponses
2019-09-25 11:09:26,223 [ForkJoinPool.commonPool-worker-1] INFO  impl.StateMachineUpdater (StateMachineUpdater.java:stopAndJoin(125)) - 97301ee4-d551-4dc8-86de-1a37740aeeca@group-DFAB1180C32E-StateMachineUpdater: set stopIndex = 0
2019-09-25 11:09:26,223 [ForkJoinPool.commonPool-worker-1] INFO  impl.RaftServerImpl (ServerState.java:close(385)) - 97301ee4-d551-4dc8-86de-1a37740aeeca@group-DFAB1180C32E: closes. applyIndex: 0
2019-09-25 11:09:26,224 [refreshUsed-/workdir/hadoop-ozone/integration-test/target/test-dir/MiniOzoneClusterImpl-4b1c6350-cd3e-4172-b7a0-e9c66394f836/datanode-3/data/containers] WARN  fs.CachingGetSpaceUsed (CachingGetSpaceUsed.java:run(183)) - Thread Interrupted waiting to refresh disk information: sleep interrupted
2019-09-25 11:09:26,224 [97301ee4-d551-4dc8-86de-1a37740aeeca@group-DFAB1180C32E-SegmentedRaftLogWorker] INFO  segmented.SegmentedRaftLogWorker (SegmentedRaftLogWorker.java:run(313)) - 97301ee4-d551-4dc8-86de-1a37740aeeca@group-DFAB1180C32E-SegmentedRaftLogWorker was interrupted, exiting. There are 0 tasks remaining in the queue.
2019-09-25 11:09:26,224 [ForkJoinPool.commonPool-worker-1] INFO  segmented.SegmentedRaftLogWorker (SegmentedRaftLogWorker.java:close(228)) - 97301ee4-d551-4dc8-86de-1a37740aeeca@group-DFAB1180C32E-SegmentedRaftLogWorker close()
2019-09-25 11:09:26,225 [ForkJoinPool.commonPool-worker-1] INFO  impl.RaftServerImpl (RaftServerImpl.java:lambda$shutdown$3(251)) - 97301ee4-d551-4dc8-86de-1a37740aeeca@group-A0BC16DF7CE3: shutdown
2019-09-25 11:09:26,225 [ForkJoinPool.commonPool-worker-1] INFO  util.JmxRegister (JmxRegister.java:unregister(73)) - Successfully un-registered JMX Bean with object name Ratis:service=RaftServer,group=group-A0BC16DF7CE3,id=97301ee4-d551-4dc8-86de-1a37740aeeca
2019-09-25 11:09:26,226 [ForkJoinPool.commonPool-worker-1] INFO  impl.RoleInfo (RoleInfo.java:shutdownLeaderState(104)) - 97301ee4-d551-4dc8-86de-1a37740aeeca: shutdown LeaderState
2019-09-25 11:09:26,226 [ForkJoinPool.commonPool-worker-1] INFO  impl.PendingRequests (PendingRequests.java:sendNotLeaderResponses(202)) - 97301ee4-d551-4dc8-86de-1a37740aeeca-PendingRequests: sendNotLeaderResponses
2019-09-25 11:09:26,227 [ForkJoinPool.commonPool-worker-1] INFO  impl.StateMachineUpdater (StateMachineUpdater.java:stopAndJoin(125)) - 97301ee4-d551-4dc8-86de-1a37740aeeca@group-A0BC16DF7CE3-StateMachineUpdater: set stopIndex = 0
2019-09-25 11:09:26,227 [ForkJoinPool.commonPool-worker-1] INFO  impl.RaftServerImpl (ServerState.java:close(385)) - 97301ee4-d551-4dc8-86de-1a37740aeeca@group-A0BC16DF7CE3: closes. applyIndex: 0
2019-09-25 11:09:26,228 [97301ee4-d551-4dc8-86de-1a37740aeeca@group-A0BC16DF7CE3-SegmentedRaftLogWorker] INFO  segmented.SegmentedRaftLogWorker (SegmentedRaftLogWorker.java:run(313)) - 97301ee4-d551-4dc8-86de-1a37740aeeca@group-A0BC16DF7CE3-SegmentedRaftLogWorker was interrupted, exiting. There are 0 tasks remaining in the queue.
2019-09-25 11:09:26,228 [ForkJoinPool.commonPool-worker-1] INFO  segmented.SegmentedRaftLogWorker (SegmentedRaftLogWorker.java:close(228)) - 97301ee4-d551-4dc8-86de-1a37740aeeca@group-A0BC16DF7CE3-SegmentedRaftLogWorker close()
2019-09-25 11:09:26,228 [ForkJoinPool.commonPool-worker-1] INFO  impl.RaftServerImpl (RaftServerImpl.java:lambda$shutdown$3(251)) - 97301ee4-d551-4dc8-86de-1a37740aeeca@group-B8A70FA84C7F: shutdown
2019-09-25 11:09:26,228 [ForkJoinPool.commonPool-worker-1] INFO  util.JmxRegister (JmxRegister.java:unregister(73)) - Successfully un-registered JMX Bean with object name Ratis:service=RaftServer,group=group-B8A70FA84C7F,id=97301ee4-d551-4dc8-86de-1a37740aeeca
2019-09-25 11:09:26,229 [ForkJoinPool.commonPool-worker-1] INFO  impl.RoleInfo (RoleInfo.java:shutdownLeaderState(104)) - 97301ee4-d551-4dc8-86de-1a37740aeeca: shutdown LeaderState
2019-09-25 11:09:26,229 [ForkJoinPool.commonPool-worker-1] INFO  impl.PendingRequests (PendingRequests.java:sendNotLeaderResponses(202)) - 97301ee4-d551-4dc8-86de-1a37740aeeca-PendingRequests: sendNotLeaderResponses
2019-09-25 11:09:26,229 [ForkJoinPool.commonPool-worker-1] INFO  impl.StateMachineUpdater (StateMachineUpdater.java:stopAndJoin(125)) - 97301ee4-d551-4dc8-86de-1a37740aeeca@group-B8A70FA84C7F-StateMachineUpdater: set stopIndex = 0
2019-09-25 11:09:26,230 [ForkJoinPool.commonPool-worker-1] INFO  impl.RaftServerImpl (ServerState.java:close(385)) - 97301ee4-d551-4dc8-86de-1a37740aeeca@group-B8A70FA84C7F: closes. applyIndex: 0
2019-09-25 11:09:26,230 [97301ee4-d551-4dc8-86de-1a37740aeeca@group-B8A70FA84C7F-SegmentedRaftLogWorker] INFO  segmented.SegmentedRaftLogWorker (SegmentedRaftLogWorker.java:run(313)) - 97301ee4-d551-4dc8-86de-1a37740aeeca@group-B8A70FA84C7F-SegmentedRaftLogWorker was interrupted, exiting. There are 0 tasks remaining in the queue.
2019-09-25 11:09:26,230 [ForkJoinPool.commonPool-worker-1] INFO  segmented.SegmentedRaftLogWorker (SegmentedRaftLogWorker.java:close(228)) - 97301ee4-d551-4dc8-86de-1a37740aeeca@group-B8A70FA84C7F-SegmentedRaftLogWorker close()
2019-09-25 11:09:26,231 [ForkJoinPool.commonPool-worker-1] INFO  server.GrpcService (GrpcService.java:closeImpl(164)) - 97301ee4-d551-4dc8-86de-1a37740aeeca: shutdown server with port 39526 now
2019-09-25 11:09:26,233 [ForkJoinPool.commonPool-worker-1] INFO  server.GrpcService (GrpcService.java:closeImpl(172)) - 97301ee4-d551-4dc8-86de-1a37740aeeca: shutdown server with port 39526 successfully
2019-09-25 11:09:26,240 [refreshUsed-/workdir/hadoop-ozone/integration-test/target/test-dir/MiniOzoneClusterImpl-4b1c6350-cd3e-4172-b7a0-e9c66394f836/datanode-2/data/containers] WARN  fs.CachingGetSpaceUsed (CachingGetSpaceUsed.java:run(183)) - Thread Interrupted waiting to refresh disk information: sleep interrupted
2019-09-25 11:09:26,246 [main] INFO  utils.BackgroundService (BackgroundService.java:shutdown(148)) - Shutting down service BlockDeletingService
2019-09-25 11:09:26,250 [main] INFO  statemachine.DatanodeStateMachine (DatanodeStateMachine.java:stopDaemon(395)) - Ozone container server stopped.
2019-09-25 11:09:26,251 [main] INFO  handler.ContextHandler (ContextHandler.java:doStop(910)) - Stopped o.e.j.w.WebAppContext@73aaec54{/,null,UNAVAILABLE}{/hddsDatanode}
2019-09-25 11:09:26,252 [main] INFO  server.AbstractConnector (AbstractConnector.java:doStop(318)) - Stopped ServerConnector@239b98cb{HTTP/1.1,[http/1.1]}{0.0.0.0:0}
2019-09-25 11:09:26,252 [main] INFO  handler.ContextHandler (ContextHandler.java:doStop(910)) - Stopped o.e.j.s.ServletContextHandler@2cee5365{/static,jar:file:/home/user/.m2/repository/org/apache/hadoop/hadoop-hdds-container-service/0.5.0-SNAPSHOT/hadoop-hdds-container-service-0.5.0-SNAPSHOT.jar!/webapps/static,UNAVAILABLE}
2019-09-25 11:09:26,252 [main] INFO  handler.ContextHandler (ContextHandler.java:doStop(910)) - Stopped o.e.j.s.ServletContextHandler@790ac3e0{/logs,file:///workdir/hadoop-ozone/integration-test/target/log,UNAVAILABLE}
2019-09-25 11:09:26,260 [ForkJoinPool.commonPool-worker-1] INFO  utils.BackgroundService (BackgroundService.java:shutdown(148)) - Shutting down service BlockDeletingService
2019-09-25 11:09:26,272 [ForkJoinPool.commonPool-worker-1] INFO  statemachine.DatanodeStateMachine (DatanodeStateMachine.java:stopDaemon(395)) - Ozone container server stopped.
2019-09-25 11:09:26,276 [ForkJoinPool.commonPool-worker-1] INFO  handler.ContextHandler (ContextHandler.java:doStop(910)) - Stopped o.e.j.w.WebAppContext@19705650{/,null,UNAVAILABLE}{/hddsDatanode}
2019-09-25 11:09:26,277 [ForkJoinPool.commonPool-worker-1] INFO  server.AbstractConnector (AbstractConnector.java:doStop(318)) - Stopped ServerConnector@1a785fd5{HTTP/1.1,[http/1.1]}{0.0.0.0:0}
2019-09-25 11:09:26,277 [ForkJoinPool.commonPool-worker-1] INFO  handler.ContextHandler (ContextHandler.java:doStop(910)) - Stopped o.e.j.s.ServletContextHandler@10e56da9{/static,jar:file:/home/user/.m2/repository/org/apache/hadoop/hadoop-hdds-container-service/0.5.0-SNAPSHOT/hadoop-hdds-container-service-0.5.0-SNAPSHOT.jar!/webapps/static,UNAVAILABLE}
2019-09-25 11:09:26,277 [ForkJoinPool.commonPool-worker-1] INFO  handler.ContextHandler (ContextHandler.java:doStop(910)) - Stopped o.e.j.s.ServletContextHandler@538b3c88{/logs,file:///workdir/hadoop-ozone/integration-test/target/log,UNAVAILABLE}
2019-09-25 11:09:26,538 [Datanode State Machine Thread - 0] INFO  statemachine.DatanodeStateMachine (DatanodeStateMachine.java:lambda$startDaemon$0(350)) - Ozone container server started.
2019-09-25 11:09:26,833 [Datanode State Machine Thread - 0] INFO  statemachine.DatanodeStateMachine (DatanodeStateMachine.java:lambda$startDaemon$0(350)) - Ozone container server started.
2019-09-25 11:09:30,623 [EventQueue-StaleNodeForStaleNodeHandler] INFO  node.StaleNodeHandler (StaleNodeHandler.java:onMessage(58)) - Datanode dc1340b3-b3e2-49ee-a070-51ac5340e4da{ip: 192.168.30.6, host: pr-hdds-1569-5gmkr-4255264070, networkLocation: /default-rack, certSerialId: null} moved to stale state. Finalizing its pipelines [PipelineID=36afe245-2435-4aa5-b9a6-2c91d85736cb, PipelineID=26e3c3bf-49d2-4b41-a732-111abad4a3d7, PipelineID=1388e2a5-9a92-4f77-84fc-cf08e65a56c3, PipelineID=6b987bce-d958-4657-99d8-2fd81fc479ea, PipelineID=a0880de3-3418-403a-a410-ab2b0cbbb6c1, PipelineID=1b2e918d-cb49-4159-86bd-ba1c0ed2f1fa]
2019-09-25 11:09:30,623 [EventQueue-StaleNodeForStaleNodeHandler] INFO  pipeline.SCMPipelineManager (SCMPipelineManager.java:finalizeAndDestroyPipeline(316)) - destroying pipeline:Pipeline[ Id: 36afe245-2435-4aa5-b9a6-2c91d85736cb, Nodes: dc1340b3-b3e2-49ee-a070-51ac5340e4da{ip: 192.168.30.6, host: pr-hdds-1569-5gmkr-4255264070, networkLocation: /default-rack, certSerialId: null}, Type:RATIS, Factor:ONE, State:OPEN]
2019-09-25 11:09:30,623 [EventQueue-StaleNodeForStaleNodeHandler] INFO  pipeline.PipelineStateManager (PipelineStateManager.java:finalizePipeline(123)) - Pipeline Pipeline[ Id: 36afe245-2435-4aa5-b9a6-2c91d85736cb, Nodes: dc1340b3-b3e2-49ee-a070-51ac5340e4da{ip: 192.168.30.6, host: pr-hdds-1569-5gmkr-4255264070, networkLocation: /default-rack, certSerialId: null}, Type:RATIS, Factor:ONE, State:CLOSED] moved to CLOSED state
2019-09-25 11:09:30,624 [EventQueue-StaleNodeForStaleNodeHandler] INFO  pipeline.SCMPipelineManager (SCMPipelineManager.java:finalizeAndDestroyPipeline(316)) - destroying pipeline:Pipeline[ Id: 26e3c3bf-49d2-4b41-a732-111abad4a3d7, Nodes: dc1340b3-b3e2-49ee-a070-51ac5340e4da{ip: 192.168.30.6, host: pr-hdds-1569-5gmkr-4255264070, networkLocation: /default-rack, certSerialId: null}, Type:RATIS, Factor:ONE, State:OPEN]
2019-09-25 11:09:30,624 [EventQueue-StaleNodeForStaleNodeHandler] INFO  pipeline.PipelineStateManager (PipelineStateManager.java:finalizePipeline(123)) - Pipeline Pipeline[ Id: 26e3c3bf-49d2-4b41-a732-111abad4a3d7, Nodes: dc1340b3-b3e2-49ee-a070-51ac5340e4da{ip: 192.168.30.6, host: pr-hdds-1569-5gmkr-4255264070, networkLocation: /default-rack, certSerialId: null}, Type:RATIS, Factor:ONE, State:CLOSED] moved to CLOSED state
2019-09-25 11:09:30,624 [EventQueue-StaleNodeForStaleNodeHandler] INFO  pipeline.SCMPipelineManager (SCMPipelineManager.java:finalizeAndDestroyPipeline(316)) - destroying pipeline:Pipeline[ Id: 1388e2a5-9a92-4f77-84fc-cf08e65a56c3, Nodes: dc1340b3-b3e2-49ee-a070-51ac5340e4da{ip: 192.168.30.6, host: pr-hdds-1569-5gmkr-4255264070, networkLocation: /default-rack, certSerialId: null}, Type:RATIS, Factor:ONE, State:OPEN]
2019-09-25 11:09:30,624 [EventQueue-StaleNodeForStaleNodeHandler] INFO  pipeline.PipelineStateManager (PipelineStateManager.java:finalizePipeline(123)) - Pipeline Pipeline[ Id: 1388e2a5-9a92-4f77-84fc-cf08e65a56c3, Nodes: dc1340b3-b3e2-49ee-a070-51ac5340e4da{ip: 192.168.30.6, host: pr-hdds-1569-5gmkr-4255264070, networkLocation: /default-rack, certSerialId: null}, Type:RATIS, Factor:ONE, State:CLOSED] moved to CLOSED state
2019-09-25 11:09:30,624 [EventQueue-StaleNodeForStaleNodeHandler] INFO  pipeline.SCMPipelineManager (SCMPipelineManager.java:finalizeAndDestroyPipeline(316)) - destroying pipeline:Pipeline[ Id: 6b987bce-d958-4657-99d8-2fd81fc479ea, Nodes: dc1340b3-b3e2-49ee-a070-51ac5340e4da{ip: 192.168.30.6, host: pr-hdds-1569-5gmkr-4255264070, networkLocation: /default-rack, certSerialId: null}, Type:RATIS, Factor:ONE, State:OPEN]
2019-09-25 11:09:30,624 [EventQueue-StaleNodeForStaleNodeHandler] INFO  pipeline.PipelineStateManager (PipelineStateManager.java:finalizePipeline(123)) - Pipeline Pipeline[ Id: 6b987bce-d958-4657-99d8-2fd81fc479ea, Nodes: dc1340b3-b3e2-49ee-a070-51ac5340e4da{ip: 192.168.30.6, host: pr-hdds-1569-5gmkr-4255264070, networkLocation: /default-rack, certSerialId: null}, Type:RATIS, Factor:ONE, State:CLOSED] moved to CLOSED state
2019-09-25 11:09:30,625 [EventQueue-StaleNodeForStaleNodeHandler] INFO  pipeline.SCMPipelineManager (SCMPipelineManager.java:finalizeAndDestroyPipeline(316)) - destroying pipeline:Pipeline[ Id: a0880de3-3418-403a-a410-ab2b0cbbb6c1, Nodes: dc1340b3-b3e2-49ee-a070-51ac5340e4da{ip: 192.168.30.6, host: pr-hdds-1569-5gmkr-4255264070, networkLocation: /default-rack, certSerialId: null}, Type:RATIS, Factor:ONE, State:OPEN]
2019-09-25 11:09:30,625 [EventQueue-StaleNodeForStaleNodeHandler] INFO  pipeline.PipelineStateManager (PipelineStateManager.java:finalizePipeline(123)) - Pipeline Pipeline[ Id: a0880de3-3418-403a-a410-ab2b0cbbb6c1, Nodes: dc1340b3-b3e2-49ee-a070-51ac5340e4da{ip: 192.168.30.6, host: pr-hdds-1569-5gmkr-4255264070, networkLocation: /default-rack, certSerialId: null}, Type:RATIS, Factor:ONE, State:CLOSED] moved to CLOSED state
2019-09-25 11:09:30,625 [EventQueue-StaleNodeForStaleNodeHandler] INFO  pipeline.SCMPipelineManager (SCMPipelineManager.java:finalizeAndDestroyPipeline(316)) - destroying pipeline:Pipeline[ Id: 1b2e918d-cb49-4159-86bd-ba1c0ed2f1fa, Nodes: dc1340b3-b3e2-49ee-a070-51ac5340e4da{ip: 192.168.30.6, host: pr-hdds-1569-5gmkr-4255264070, networkLocation: /default-rack, certSerialId: null}, Type:RATIS, Factor:ONE, State:OPEN]
2019-09-25 11:09:30,625 [EventQueue-StaleNodeForStaleNodeHandler] INFO  pipeline.PipelineStateManager (PipelineStateManager.java:finalizePipeline(123)) - Pipeline Pipeline[ Id: 1b2e918d-cb49-4159-86bd-ba1c0ed2f1fa, Nodes: dc1340b3-b3e2-49ee-a070-51ac5340e4da{ip: 192.168.30.6, host: pr-hdds-1569-5gmkr-4255264070, networkLocation: /default-rack, certSerialId: null}, Type:RATIS, Factor:ONE, State:CLOSED] moved to CLOSED state
2019-09-25 11:09:30,923 [EventQueue-StaleNodeForStaleNodeHandler] INFO  node.StaleNodeHandler (StaleNodeHandler.java:onMessage(58)) - Datanode a8823747-7b39-4599-aab8-abab9e384ab8{ip: 192.168.30.6, host: pr-hdds-1569-5gmkr-4255264070, networkLocation: /default-rack, certSerialId: null} moved to stale state. Finalizing its pipelines [PipelineID=750311c4-c6dc-472f-925f-247f5f112ce6, PipelineID=055c6f33-504b-4eac-80d3-3a3df5b77245, PipelineID=bda3b189-4dc0-46cc-bfea-841f80b7e38c, PipelineID=8c4b2025-55e7-406f-be1b-72fd6f3bf287, PipelineID=70158e66-e44f-459d-af57-a7339fe7a43e, PipelineID=af336b29-fac9-4bf2-b88d-c8d5260293f4]
2019-09-25 11:09:30,924 [EventQueue-StaleNodeForStaleNodeHandler] INFO  pipeline.SCMPipelineManager (SCMPipelineManager.java:finalizeAndDestroyPipeline(316)) - destroying pipeline:Pipeline[ Id: 750311c4-c6dc-472f-925f-247f5f112ce6, Nodes: a8823747-7b39-4599-aab8-abab9e384ab8{ip: 192.168.30.6, host: pr-hdds-1569-5gmkr-4255264070, networkLocation: /default-rack, certSerialId: null}, Type:RATIS, Factor:ONE, State:OPEN]
2019-09-25 11:09:30,924 [EventQueue-StaleNodeForStaleNodeHandler] INFO  pipeline.PipelineStateManager (PipelineStateManager.java:finalizePipeline(123)) - Pipeline Pipeline[ Id: 750311c4-c6dc-472f-925f-247f5f112ce6, Nodes: a8823747-7b39-4599-aab8-abab9e384ab8{ip: 192.168.30.6, host: pr-hdds-1569-5gmkr-4255264070, networkLocation: /default-rack, certSerialId: null}, Type:RATIS, Factor:ONE, State:CLOSED] moved to CLOSED state
2019-09-25 11:09:30,924 [EventQueue-StaleNodeForStaleNodeHandler] INFO  pipeline.SCMPipelineManager (SCMPipelineManager.java:finalizeAndDestroyPipeline(316)) - destroying pipeline:Pipeline[ Id: 055c6f33-504b-4eac-80d3-3a3df5b77245, Nodes: a8823747-7b39-4599-aab8-abab9e384ab8{ip: 192.168.30.6, host: pr-hdds-1569-5gmkr-4255264070, networkLocation: /default-rack, certSerialId: null}, Type:RATIS, Factor:ONE, State:OPEN]
2019-09-25 11:09:30,924 [EventQueue-StaleNodeForStaleNodeHandler] INFO  pipeline.PipelineStateManager (PipelineStateManager.java:finalizePipeline(123)) - Pipeline Pipeline[ Id: 055c6f33-504b-4eac-80d3-3a3df5b77245, Nodes: a8823747-7b39-4599-aab8-abab9e384ab8{ip: 192.168.30.6, host: pr-hdds-1569-5gmkr-4255264070, networkLocation: /default-rack, certSerialId: null}, Type:RATIS, Factor:ONE, State:CLOSED] moved to CLOSED state
2019-09-25 11:09:30,924 [EventQueue-StaleNodeForStaleNodeHandler] INFO  pipeline.SCMPipelineManager (SCMPipelineManager.java:finalizeAndDestroyPipeline(316)) - destroying pipeline:Pipeline[ Id: bda3b189-4dc0-46cc-bfea-841f80b7e38c, Nodes: a8823747-7b39-4599-aab8-abab9e384ab8{ip: 192.168.30.6, host: pr-hdds-1569-5gmkr-4255264070, networkLocation: /default-rack, certSerialId: null}, Type:RATIS, Factor:ONE, State:OPEN]
2019-09-25 11:09:30,925 [EventQueue-StaleNodeForStaleNodeHandler] INFO  pipeline.PipelineStateManager (PipelineStateManager.java:finalizePipeline(123)) - Pipeline Pipeline[ Id: bda3b189-4dc0-46cc-bfea-841f80b7e38c, Nodes: a8823747-7b39-4599-aab8-abab9e384ab8{ip: 192.168.30.6, host: pr-hdds-1569-5gmkr-4255264070, networkLocation: /default-rack, certSerialId: null}, Type:RATIS, Factor:ONE, State:CLOSED] moved to CLOSED state
2019-09-25 11:09:30,925 [EventQueue-StaleNodeForStaleNodeHandler] INFO  pipeline.SCMPipelineManager (SCMPipelineManager.java:finalizeAndDestroyPipeline(316)) - destroying pipeline:Pipeline[ Id: 8c4b2025-55e7-406f-be1b-72fd6f3bf287, Nodes: a8823747-7b39-4599-aab8-abab9e384ab8{ip: 192.168.30.6, host: pr-hdds-1569-5gmkr-4255264070, networkLocation: /default-rack, certSerialId: null}, Type:RATIS, Factor:ONE, State:OPEN]
2019-09-25 11:09:30,925 [EventQueue-StaleNodeForStaleNodeHandler] INFO  pipeline.PipelineStateManager (PipelineStateManager.java:finalizePipeline(123)) - Pipeline Pipeline[ Id: 8c4b2025-55e7-406f-be1b-72fd6f3bf287, Nodes: a8823747-7b39-4599-aab8-abab9e384ab8{ip: 192.168.30.6, host: pr-hdds-1569-5gmkr-4255264070, networkLocation: /default-rack, certSerialId: null}, Type:RATIS, Factor:ONE, State:CLOSED] moved to CLOSED state
2019-09-25 11:09:30,925 [EventQueue-StaleNodeForStaleNodeHandler] INFO  pipeline.SCMPipelineManager (SCMPipelineManager.java:finalizeAndDestroyPipeline(316)) - destroying pipeline:Pipeline[ Id: 70158e66-e44f-459d-af57-a7339fe7a43e, Nodes: a8823747-7b39-4599-aab8-abab9e384ab8{ip: 192.168.30.6, host: pr-hdds-1569-5gmkr-4255264070, networkLocation: /default-rack, certSerialId: null}, Type:RATIS, Factor:ONE, State:OPEN]
2019-09-25 11:09:30,925 [EventQueue-StaleNodeForStaleNodeHandler] INFO  pipeline.PipelineStateManager (PipelineStateManager.java:finalizePipeline(123)) - Pipeline Pipeline[ Id: 70158e66-e44f-459d-af57-a7339fe7a43e, Nodes: a8823747-7b39-4599-aab8-abab9e384ab8{ip: 192.168.30.6, host: pr-hdds-1569-5gmkr-4255264070, networkLocation: /default-rack, certSerialId: null}, Type:RATIS, Factor:ONE, State:CLOSED] moved to CLOSED state
2019-09-25 11:09:30,925 [EventQueue-StaleNodeForStaleNodeHandler] INFO  pipeline.SCMPipelineManager (SCMPipelineManager.java:finalizeAndDestroyPipeline(316)) - destroying pipeline:Pipeline[ Id: af336b29-fac9-4bf2-b88d-c8d5260293f4, Nodes: a8823747-7b39-4599-aab8-abab9e384ab8{ip: 192.168.30.6, host: pr-hdds-1569-5gmkr-4255264070, networkLocation: /default-rack, certSerialId: null}, Type:RATIS, Factor:ONE, State:OPEN]
2019-09-25 11:09:30,925 [EventQueue-StaleNodeForStaleNodeHandler] INFO  pipeline.PipelineStateManager (PipelineStateManager.java:finalizePipeline(123)) - Pipeline Pipeline[ Id: af336b29-fac9-4bf2-b88d-c8d5260293f4, Nodes: a8823747-7b39-4599-aab8-abab9e384ab8{ip: 192.168.30.6, host: pr-hdds-1569-5gmkr-4255264070, networkLocation: /default-rack, certSerialId: null}, Type:RATIS, Factor:ONE, State:CLOSED] moved to CLOSED state
2019-09-25 11:09:31,253 [main] INFO  ozoneimpl.OzoneContainer (OzoneContainer.java:stop(231)) - Attempting to stop container services.
2019-09-25 11:09:31,258 [main] INFO  impl.RaftServerProxy (RaftServerProxy.java:lambda$close$4(314)) - dc1340b3-b3e2-49ee-a070-51ac5340e4da: close
2019-09-25 11:09:31,258 [main] INFO  impl.RaftServerImpl (RaftServerImpl.java:lambda$shutdown$3(251)) - dc1340b3-b3e2-49ee-a070-51ac5340e4da@group-111ABAD4A3D7: shutdown
2019-09-25 11:09:31,258 [main] INFO  util.JmxRegister (JmxRegister.java:unregister(73)) - Successfully un-registered JMX Bean with object name Ratis:service=RaftServer,group=group-111ABAD4A3D7,id=dc1340b3-b3e2-49ee-a070-51ac5340e4da
2019-09-25 11:09:31,259 [main] INFO  impl.RoleInfo (RoleInfo.java:shutdownLeaderState(104)) - dc1340b3-b3e2-49ee-a070-51ac5340e4da: shutdown LeaderState
2019-09-25 11:09:31,259 [main] INFO  impl.PendingRequests (PendingRequests.java:sendNotLeaderResponses(202)) - dc1340b3-b3e2-49ee-a070-51ac5340e4da-PendingRequests: sendNotLeaderResponses
2019-09-25 11:09:31,260 [main] INFO  impl.StateMachineUpdater (StateMachineUpdater.java:stopAndJoin(125)) - dc1340b3-b3e2-49ee-a070-51ac5340e4da@group-111ABAD4A3D7-StateMachineUpdater: set stopIndex = 0
2019-09-25 11:09:31,260 [main] INFO  impl.RaftServerImpl (ServerState.java:close(385)) - dc1340b3-b3e2-49ee-a070-51ac5340e4da@group-111ABAD4A3D7: closes. applyIndex: 0
2019-09-25 11:09:31,261 [dc1340b3-b3e2-49ee-a070-51ac5340e4da@group-111ABAD4A3D7-SegmentedRaftLogWorker] INFO  segmented.SegmentedRaftLogWorker (SegmentedRaftLogWorker.java:run(313)) - dc1340b3-b3e2-49ee-a070-51ac5340e4da@group-111ABAD4A3D7-SegmentedRaftLogWorker was interrupted, exiting. There are 0 tasks remaining in the queue.
2019-09-25 11:09:31,261 [main] INFO  segmented.SegmentedRaftLogWorker (SegmentedRaftLogWorker.java:close(228)) - dc1340b3-b3e2-49ee-a070-51ac5340e4da@group-111ABAD4A3D7-SegmentedRaftLogWorker close()
2019-09-25 11:09:31,262 [main] INFO  impl.RaftServerImpl (RaftServerImpl.java:lambda$shutdown$3(251)) - dc1340b3-b3e2-49ee-a070-51ac5340e4da@group-CF08E65A56C3: shutdown
2019-09-25 11:09:31,262 [main] INFO  util.JmxRegister (JmxRegister.java:unregister(73)) - Successfully un-registered JMX Bean with object name Ratis:service=RaftServer,group=group-CF08E65A56C3,id=dc1340b3-b3e2-49ee-a070-51ac5340e4da
2019-09-25 11:09:31,263 [main] INFO  impl.RoleInfo (RoleInfo.java:shutdownLeaderState(104)) - dc1340b3-b3e2-49ee-a070-51ac5340e4da: shutdown LeaderState
2019-09-25 11:09:31,263 [main] INFO  impl.PendingRequests (PendingRequests.java:sendNotLeaderResponses(202)) - dc1340b3-b3e2-49ee-a070-51ac5340e4da-PendingRequests: sendNotLeaderResponses
2019-09-25 11:09:31,263 [main] INFO  impl.StateMachineUpdater (StateMachineUpdater.java:stopAndJoin(125)) - dc1340b3-b3e2-49ee-a070-51ac5340e4da@group-CF08E65A56C3-StateMachineUpdater: set stopIndex = 0
2019-09-25 11:09:31,264 [main] INFO  impl.RaftServerImpl (ServerState.java:close(385)) - dc1340b3-b3e2-49ee-a070-51ac5340e4da@group-CF08E65A56C3: closes. applyIndex: 0
2019-09-25 11:09:31,264 [dc1340b3-b3e2-49ee-a070-51ac5340e4da@group-CF08E65A56C3-SegmentedRaftLogWorker] INFO  segmented.SegmentedRaftLogWorker (SegmentedRaftLogWorker.java:run(313)) - dc1340b3-b3e2-49ee-a070-51ac5340e4da@group-CF08E65A56C3-SegmentedRaftLogWorker was interrupted, exiting. There are 0 tasks remaining in the queue.
2019-09-25 11:09:31,265 [main] INFO  segmented.SegmentedRaftLogWorker (SegmentedRaftLogWorker.java:close(228)) - dc1340b3-b3e2-49ee-a070-51ac5340e4da@group-CF08E65A56C3-SegmentedRaftLogWorker close()
2019-09-25 11:09:31,265 [main] INFO  impl.RaftServerImpl (RaftServerImpl.java:lambda$shutdown$3(251)) - dc1340b3-b3e2-49ee-a070-51ac5340e4da@group-2FD81FC479EA: shutdown
2019-09-25 11:09:31,265 [main] INFO  util.JmxRegister (JmxRegister.java:unregister(73)) - Successfully un-registered JMX Bean with object name Ratis:service=RaftServer,group=group-2FD81FC479EA,id=dc1340b3-b3e2-49ee-a070-51ac5340e4da
2019-09-25 11:09:31,266 [main] INFO  impl.RoleInfo (RoleInfo.java:shutdownLeaderState(104)) - dc1340b3-b3e2-49ee-a070-51ac5340e4da: shutdown LeaderState
2019-09-25 11:09:31,266 [main] INFO  impl.PendingRequests (PendingRequests.java:sendNotLeaderResponses(202)) - dc1340b3-b3e2-49ee-a070-51ac5340e4da-PendingRequests: sendNotLeaderResponses
2019-09-25 11:09:31,267 [main] INFO  impl.StateMachineUpdater (StateMachineUpdater.java:stopAndJoin(125)) - dc1340b3-b3e2-49ee-a070-51ac5340e4da@group-2FD81FC479EA-StateMachineUpdater: set stopIndex = 0
2019-09-25 11:09:31,267 [main] INFO  impl.RaftServerImpl (ServerState.java:close(385)) - dc1340b3-b3e2-49ee-a070-51ac5340e4da@group-2FD81FC479EA: closes. applyIndex: 0
2019-09-25 11:09:31,267 [dc1340b3-b3e2-49ee-a070-51ac5340e4da@group-2FD81FC479EA-SegmentedRaftLogWorker] INFO  segmented.SegmentedRaftLogWorker (SegmentedRaftLogWorker.java:run(313)) - dc1340b3-b3e2-49ee-a070-51ac5340e4da@group-2FD81FC479EA-SegmentedRaftLogWorker was interrupted, exiting. There are 0 tasks remaining in the queue.
2019-09-25 11:09:31,268 [main] INFO  segmented.SegmentedRaftLogWorker (SegmentedRaftLogWorker.java:close(228)) - dc1340b3-b3e2-49ee-a070-51ac5340e4da@group-2FD81FC479EA-SegmentedRaftLogWorker close()
2019-09-25 11:09:31,268 [main] INFO  impl.RaftServerImpl (RaftServerImpl.java:lambda$shutdown$3(251)) - dc1340b3-b3e2-49ee-a070-51ac5340e4da@group-2C91D85736CB: shutdown
2019-09-25 11:09:31,268 [main] INFO  util.JmxRegister (JmxRegister.java:unregister(73)) - Successfully un-registered JMX Bean with object name Ratis:service=RaftServer,group=group-2C91D85736CB,id=dc1340b3-b3e2-49ee-a070-51ac5340e4da
2019-09-25 11:09:31,269 [main] INFO  impl.RoleInfo (RoleInfo.java:shutdownLeaderState(104)) - dc1340b3-b3e2-49ee-a070-51ac5340e4da: shutdown LeaderState
2019-09-25 11:09:31,269 [main] INFO  impl.PendingRequests (PendingRequests.java:sendNotLeaderResponses(202)) - dc1340b3-b3e2-49ee-a070-51ac5340e4da-PendingRequests: sendNotLeaderResponses
2019-09-25 11:09:31,270 [main] INFO  impl.StateMachineUpdater (StateMachineUpdater.java:stopAndJoin(125)) - dc1340b3-b3e2-49ee-a070-51ac5340e4da@group-2C91D85736CB-StateMachineUpdater: set stopIndex = 0
2019-09-25 11:09:31,270 [main] INFO  impl.RaftServerImpl (ServerState.java:close(385)) - dc1340b3-b3e2-49ee-a070-51ac5340e4da@group-2C91D85736CB: closes. applyIndex: 0
2019-09-25 11:09:31,270 [dc1340b3-b3e2-49ee-a070-51ac5340e4da@group-2C91D85736CB-SegmentedRaftLogWorker] INFO  segmented.SegmentedRaftLogWorker (SegmentedRaftLogWorker.java:run(313)) - dc1340b3-b3e2-49ee-a070-51ac5340e4da@group-2C91D85736CB-SegmentedRaftLogWorker was interrupted, exiting. There are 0 tasks remaining in the queue.
2019-09-25 11:09:31,271 [main] INFO  segmented.SegmentedRaftLogWorker (SegmentedRaftLogWorker.java:close(228)) - dc1340b3-b3e2-49ee-a070-51ac5340e4da@group-2C91D85736CB-SegmentedRaftLogWorker close()
2019-09-25 11:09:31,271 [main] INFO  impl.RaftServerImpl (RaftServerImpl.java:lambda$shutdown$3(251)) - dc1340b3-b3e2-49ee-a070-51ac5340e4da@group-AB2B0CBBB6C1: shutdown
2019-09-25 11:09:31,272 [main] INFO  util.JmxRegister (JmxRegister.java:unregister(73)) - Successfully un-registered JMX Bean with object name Ratis:service=RaftServer,group=group-AB2B0CBBB6C1,id=dc1340b3-b3e2-49ee-a070-51ac5340e4da
2019-09-25 11:09:31,272 [main] INFO  impl.RoleInfo (RoleInfo.java:shutdownLeaderState(104)) - dc1340b3-b3e2-49ee-a070-51ac5340e4da: shutdown LeaderState
2019-09-25 11:09:31,272 [main] INFO  impl.PendingRequests (PendingRequests.java:sendNotLeaderResponses(202)) - dc1340b3-b3e2-49ee-a070-51ac5340e4da-PendingRequests: sendNotLeaderResponses
2019-09-25 11:09:31,273 [main] INFO  impl.StateMachineUpdater (StateMachineUpdater.java:stopAndJoin(125)) - dc1340b3-b3e2-49ee-a070-51ac5340e4da@group-AB2B0CBBB6C1-StateMachineUpdater: set stopIndex = 0
2019-09-25 11:09:31,273 [main] INFO  impl.RaftServerImpl (ServerState.java:close(385)) - dc1340b3-b3e2-49ee-a070-51ac5340e4da@group-AB2B0CBBB6C1: closes. applyIndex: 0
2019-09-25 11:09:31,274 [dc1340b3-b3e2-49ee-a070-51ac5340e4da@group-AB2B0CBBB6C1-SegmentedRaftLogWorker] INFO  segmented.SegmentedRaftLogWorker (SegmentedRaftLogWorker.java:run(313)) - dc1340b3-b3e2-49ee-a070-51ac5340e4da@group-AB2B0CBBB6C1-SegmentedRaftLogWorker was interrupted, exiting. There are 0 tasks remaining in the queue.
2019-09-25 11:09:31,274 [main] INFO  segmented.SegmentedRaftLogWorker (SegmentedRaftLogWorker.java:close(228)) - dc1340b3-b3e2-49ee-a070-51ac5340e4da@group-AB2B0CBBB6C1-SegmentedRaftLogWorker close()
2019-09-25 11:09:31,275 [main] INFO  impl.RaftServerImpl (RaftServerImpl.java:lambda$shutdown$3(251)) - dc1340b3-b3e2-49ee-a070-51ac5340e4da@group-BA1C0ED2F1FA: shutdown
2019-09-25 11:09:31,275 [main] INFO  util.JmxRegister (JmxRegister.java:unregister(73)) - Successfully un-registered JMX Bean with object name Ratis:service=RaftServer,group=group-BA1C0ED2F1FA,id=dc1340b3-b3e2-49ee-a070-51ac5340e4da
2019-09-25 11:09:31,275 [main] INFO  impl.RoleInfo (RoleInfo.java:shutdownLeaderState(104)) - dc1340b3-b3e2-49ee-a070-51ac5340e4da: shutdown LeaderState
2019-09-25 11:09:31,276 [main] INFO  impl.PendingRequests (PendingRequests.java:sendNotLeaderResponses(202)) - dc1340b3-b3e2-49ee-a070-51ac5340e4da-PendingRequests: sendNotLeaderResponses
2019-09-25 11:09:31,276 [main] INFO  impl.StateMachineUpdater (StateMachineUpdater.java:stopAndJoin(125)) - dc1340b3-b3e2-49ee-a070-51ac5340e4da@group-BA1C0ED2F1FA-StateMachineUpdater: set stopIndex = 0
2019-09-25 11:09:31,276 [main] INFO  impl.RaftServerImpl (ServerState.java:close(385)) - dc1340b3-b3e2-49ee-a070-51ac5340e4da@group-BA1C0ED2F1FA: closes. applyIndex: 0
2019-09-25 11:09:31,277 [dc1340b3-b3e2-49ee-a070-51ac5340e4da@group-BA1C0ED2F1FA-SegmentedRaftLogWorker] INFO  segmented.SegmentedRaftLogWorker (SegmentedRaftLogWorker.java:run(313)) - dc1340b3-b3e2-49ee-a070-51ac5340e4da@group-BA1C0ED2F1FA-SegmentedRaftLogWorker was interrupted, exiting. There are 0 tasks remaining in the queue.
2019-09-25 11:09:31,277 [main] INFO  segmented.SegmentedRaftLogWorker (SegmentedRaftLogWorker.java:close(228)) - dc1340b3-b3e2-49ee-a070-51ac5340e4da@group-BA1C0ED2F1FA-SegmentedRaftLogWorker close()
2019-09-25 11:09:31,278 [main] INFO  server.GrpcService (GrpcService.java:closeImpl(164)) - dc1340b3-b3e2-49ee-a070-51ac5340e4da: shutdown server with port 35849 now
2019-09-25 11:09:31,295 [main] INFO  server.GrpcService (GrpcService.java:closeImpl(172)) - dc1340b3-b3e2-49ee-a070-51ac5340e4da: shutdown server with port 35849 successfully
2019-09-25 11:09:31,296 [ForkJoinPool.commonPool-worker-1] INFO  ozoneimpl.OzoneContainer (OzoneContainer.java:stop(231)) - Attempting to stop container services.
2019-09-25 11:09:31,297 [ForkJoinPool.commonPool-worker-1] INFO  impl.RaftServerProxy (RaftServerProxy.java:lambda$close$4(314)) - a8823747-7b39-4599-aab8-abab9e384ab8: close
2019-09-25 11:09:31,298 [ForkJoinPool.commonPool-worker-1] INFO  impl.RaftServerImpl (RaftServerImpl.java:lambda$shutdown$3(251)) - a8823747-7b39-4599-aab8-abab9e384ab8@group-3A3DF5B77245: shutdown
2019-09-25 11:09:31,298 [refreshUsed-/workdir/hadoop-ozone/integration-test/target/test-dir/MiniOzoneClusterImpl-4b1c6350-cd3e-4172-b7a0-e9c66394f836/datanode-6/data/containers] WARN  fs.CachingGetSpaceUsed (CachingGetSpaceUsed.java:run(183)) - Thread Interrupted waiting to refresh disk information: sleep interrupted
2019-09-25 11:09:31,298 [ForkJoinPool.commonPool-worker-1] INFO  util.JmxRegister (JmxRegister.java:unregister(73)) - Successfully un-registered JMX Bean with object name Ratis:service=RaftServer,group=group-3A3DF5B77245,id=a8823747-7b39-4599-aab8-abab9e384ab8
2019-09-25 11:09:31,298 [ForkJoinPool.commonPool-worker-1] INFO  impl.RoleInfo (RoleInfo.java:shutdownLeaderState(104)) - a8823747-7b39-4599-aab8-abab9e384ab8: shutdown LeaderState
2019-09-25 11:09:31,299 [ForkJoinPool.commonPool-worker-1] INFO  impl.PendingRequests (PendingRequests.java:sendNotLeaderResponses(202)) - a8823747-7b39-4599-aab8-abab9e384ab8-PendingRequests: sendNotLeaderResponses
2019-09-25 11:09:31,299 [ForkJoinPool.commonPool-worker-1] INFO  impl.StateMachineUpdater (StateMachineUpdater.java:stopAndJoin(125)) - a8823747-7b39-4599-aab8-abab9e384ab8@group-3A3DF5B77245-StateMachineUpdater: set stopIndex = 0
2019-09-25 11:09:31,300 [ForkJoinPool.commonPool-worker-1] INFO  impl.RaftServerImpl (ServerState.java:close(385)) - a8823747-7b39-4599-aab8-abab9e384ab8@group-3A3DF5B77245: closes. applyIndex: 0
2019-09-25 11:09:31,300 [a8823747-7b39-4599-aab8-abab9e384ab8@group-3A3DF5B77245-SegmentedRaftLogWorker] INFO  segmented.SegmentedRaftLogWorker (SegmentedRaftLogWorker.java:run(313)) - a8823747-7b39-4599-aab8-abab9e384ab8@group-3A3DF5B77245-SegmentedRaftLogWorker was interrupted, exiting. There are 0 tasks remaining in the queue.
2019-09-25 11:09:31,300 [ForkJoinPool.commonPool-worker-1] INFO  segmented.SegmentedRaftLogWorker (SegmentedRaftLogWorker.java:close(228)) - a8823747-7b39-4599-aab8-abab9e384ab8@group-3A3DF5B77245-SegmentedRaftLogWorker close()
2019-09-25 11:09:31,301 [ForkJoinPool.commonPool-worker-1] INFO  impl.RaftServerImpl (RaftServerImpl.java:lambda$shutdown$3(251)) - a8823747-7b39-4599-aab8-abab9e384ab8@group-247F5F112CE6: shutdown
2019-09-25 11:09:31,302 [ForkJoinPool.commonPool-worker-1] INFO  util.JmxRegister (JmxRegister.java:unregister(73)) - Successfully un-registered JMX Bean with object name Ratis:service=RaftServer,group=group-247F5F112CE6,id=a8823747-7b39-4599-aab8-abab9e384ab8
2019-09-25 11:09:31,302 [ForkJoinPool.commonPool-worker-1] INFO  impl.RoleInfo (RoleInfo.java:shutdownLeaderState(104)) - a8823747-7b39-4599-aab8-abab9e384ab8: shutdown LeaderState
2019-09-25 11:09:31,302 [ForkJoinPool.commonPool-worker-1] INFO  impl.PendingRequests (PendingRequests.java:sendNotLeaderResponses(202)) - a8823747-7b39-4599-aab8-abab9e384ab8-PendingRequests: sendNotLeaderResponses
2019-09-25 11:09:31,302 [ForkJoinPool.commonPool-worker-1] INFO  impl.StateMachineUpdater (StateMachineUpdater.java:stopAndJoin(125)) - a8823747-7b39-4599-aab8-abab9e384ab8@group-247F5F112CE6-StateMachineUpdater: set stopIndex = 0
2019-09-25 11:09:31,303 [ForkJoinPool.commonPool-worker-1] INFO  impl.RaftServerImpl (ServerState.java:close(385)) - a8823747-7b39-4599-aab8-abab9e384ab8@group-247F5F112CE6: closes. applyIndex: 0
2019-09-25 11:09:31,303 [a8823747-7b39-4599-aab8-abab9e384ab8@group-247F5F112CE6-SegmentedRaftLogWorker] INFO  segmented.SegmentedRaftLogWorker (SegmentedRaftLogWorker.java:run(313)) - a8823747-7b39-4599-aab8-abab9e384ab8@group-247F5F112CE6-SegmentedRaftLogWorker was interrupted, exiting. There are 0 tasks remaining in the queue.
2019-09-25 11:09:31,303 [ForkJoinPool.commonPool-worker-1] INFO  segmented.SegmentedRaftLogWorker (SegmentedRaftLogWorker.java:close(228)) - a8823747-7b39-4599-aab8-abab9e384ab8@group-247F5F112CE6-SegmentedRaftLogWorker close()
2019-09-25 11:09:31,303 [ForkJoinPool.commonPool-worker-1] INFO  impl.RaftServerImpl (RaftServerImpl.java:lambda$shutdown$3(251)) - a8823747-7b39-4599-aab8-abab9e384ab8@group-841F80B7E38C: shutdown
2019-09-25 11:09:31,304 [ForkJoinPool.commonPool-worker-1] INFO  util.JmxRegister (JmxRegister.java:unregister(73)) - Successfully un-registered JMX Bean with object name Ratis:service=RaftServer,group=group-841F80B7E38C,id=a8823747-7b39-4599-aab8-abab9e384ab8
2019-09-25 11:09:31,304 [ForkJoinPool.commonPool-worker-1] INFO  impl.RoleInfo (RoleInfo.java:shutdownLeaderState(104)) - a8823747-7b39-4599-aab8-abab9e384ab8: shutdown LeaderState
2019-09-25 11:09:31,304 [ForkJoinPool.commonPool-worker-1] INFO  impl.PendingRequests (PendingRequests.java:sendNotLeaderResponses(202)) - a8823747-7b39-4599-aab8-abab9e384ab8-PendingRequests: sendNotLeaderResponses
2019-09-25 11:09:31,304 [ForkJoinPool.commonPool-worker-1] INFO  impl.StateMachineUpdater (StateMachineUpdater.java:stopAndJoin(125)) - a8823747-7b39-4599-aab8-abab9e384ab8@group-841F80B7E38C-StateMachineUpdater: set stopIndex = 0
2019-09-25 11:09:31,305 [ForkJoinPool.commonPool-worker-1] INFO  impl.RaftServerImpl (ServerState.java:close(385)) - a8823747-7b39-4599-aab8-abab9e384ab8@group-841F80B7E38C: closes. applyIndex: 0
2019-09-25 11:09:31,305 [a8823747-7b39-4599-aab8-abab9e384ab8@group-841F80B7E38C-SegmentedRaftLogWorker] INFO  segmented.SegmentedRaftLogWorker (SegmentedRaftLogWorker.java:run(313)) - a8823747-7b39-4599-aab8-abab9e384ab8@group-841F80B7E38C-SegmentedRaftLogWorker was interrupted, exiting. There are 0 tasks remaining in the queue.
2019-09-25 11:09:31,305 [ForkJoinPool.commonPool-worker-1] INFO  segmented.SegmentedRaftLogWorker (SegmentedRaftLogWorker.java:close(228)) - a8823747-7b39-4599-aab8-abab9e384ab8@group-841F80B7E38C-SegmentedRaftLogWorker close()
2019-09-25 11:09:31,305 [ForkJoinPool.commonPool-worker-1] INFO  impl.RaftServerImpl (RaftServerImpl.java:lambda$shutdown$3(251)) - a8823747-7b39-4599-aab8-abab9e384ab8@group-72FD6F3BF287: shutdown
2019-09-25 11:09:31,306 [ForkJoinPool.commonPool-worker-1] INFO  util.JmxRegister (JmxRegister.java:unregister(73)) - Successfully un-registered JMX Bean with object name Ratis:service=RaftServer,group=group-72FD6F3BF287,id=a8823747-7b39-4599-aab8-abab9e384ab8
2019-09-25 11:09:31,306 [ForkJoinPool.commonPool-worker-1] INFO  impl.RoleInfo (RoleInfo.java:shutdownLeaderState(104)) - a8823747-7b39-4599-aab8-abab9e384ab8: shutdown LeaderState
2019-09-25 11:09:31,306 [ForkJoinPool.commonPool-worker-1] INFO  impl.PendingRequests (PendingRequests.java:sendNotLeaderResponses(202)) - a8823747-7b39-4599-aab8-abab9e384ab8-PendingRequests: sendNotLeaderResponses
2019-09-25 11:09:31,306 [ForkJoinPool.commonPool-worker-1] INFO  impl.StateMachineUpdater (StateMachineUpdater.java:stopAndJoin(125)) - a8823747-7b39-4599-aab8-abab9e384ab8@group-72FD6F3BF287-StateMachineUpdater: set stopIndex = 0
2019-09-25 11:09:31,307 [ForkJoinPool.commonPool-worker-1] INFO  impl.RaftServerImpl (ServerState.java:close(385)) - a8823747-7b39-4599-aab8-abab9e384ab8@group-72FD6F3BF287: closes. applyIndex: 0
2019-09-25 11:09:31,307 [a8823747-7b39-4599-aab8-abab9e384ab8@group-72FD6F3BF287-SegmentedRaftLogWorker] INFO  segmented.SegmentedRaftLogWorker (SegmentedRaftLogWorker.java:run(313)) - a8823747-7b39-4599-aab8-abab9e384ab8@group-72FD6F3BF287-SegmentedRaftLogWorker was interrupted, exiting. There are 0 tasks remaining in the queue.
2019-09-25 11:09:31,307 [ForkJoinPool.commonPool-worker-1] INFO  segmented.SegmentedRaftLogWorker (SegmentedRaftLogWorker.java:close(228)) - a8823747-7b39-4599-aab8-abab9e384ab8@group-72FD6F3BF287-SegmentedRaftLogWorker close()
2019-09-25 11:09:31,307 [ForkJoinPool.commonPool-worker-1] INFO  impl.RaftServerImpl (RaftServerImpl.java:lambda$shutdown$3(251)) - a8823747-7b39-4599-aab8-abab9e384ab8@group-A7339FE7A43E: shutdown
2019-09-25 11:09:31,308 [ForkJoinPool.commonPool-worker-1] INFO  util.JmxRegister (JmxRegister.java:unregister(73)) - Successfully un-registered JMX Bean with object name Ratis:service=RaftServer,group=group-A7339FE7A43E,id=a8823747-7b39-4599-aab8-abab9e384ab8
2019-09-25 11:09:31,308 [ForkJoinPool.commonPool-worker-1] INFO  impl.RoleInfo (RoleInfo.java:shutdownLeaderState(104)) - a8823747-7b39-4599-aab8-abab9e384ab8: shutdown LeaderState
2019-09-25 11:09:31,308 [ForkJoinPool.commonPool-worker-1] INFO  impl.PendingRequests (PendingRequests.java:sendNotLeaderResponses(202)) - a8823747-7b39-4599-aab8-abab9e384ab8-PendingRequests: sendNotLeaderResponses
2019-09-25 11:09:31,308 [ForkJoinPool.commonPool-worker-1] INFO  impl.StateMachineUpdater (StateMachineUpdater.java:stopAndJoin(125)) - a8823747-7b39-4599-aab8-abab9e384ab8@group-A7339FE7A43E-StateMachineUpdater: set stopIndex = 0
2019-09-25 11:09:31,308 [ForkJoinPool.commonPool-worker-1] INFO  impl.RaftServerImpl (ServerState.java:close(385)) - a8823747-7b39-4599-aab8-abab9e384ab8@group-A7339FE7A43E: closes. applyIndex: 0
2019-09-25 11:09:31,309 [a8823747-7b39-4599-aab8-abab9e384ab8@group-A7339FE7A43E-SegmentedRaftLogWorker] INFO  segmented.SegmentedRaftLogWorker (SegmentedRaftLogWorker.java:run(313)) - a8823747-7b39-4599-aab8-abab9e384ab8@group-A7339FE7A43E-SegmentedRaftLogWorker was interrupted, exiting. There are 0 tasks remaining in the queue.
2019-09-25 11:09:31,309 [ForkJoinPool.commonPool-worker-1] INFO  segmented.SegmentedRaftLogWorker (SegmentedRaftLogWorker.java:close(228)) - a8823747-7b39-4599-aab8-abab9e384ab8@group-A7339FE7A43E-SegmentedRaftLogWorker close()
2019-09-25 11:09:31,309 [ForkJoinPool.commonPool-worker-1] INFO  impl.RaftServerImpl (RaftServerImpl.java:lambda$shutdown$3(251)) - a8823747-7b39-4599-aab8-abab9e384ab8@group-C8D5260293F4: shutdown
2019-09-25 11:09:31,309 [ForkJoinPool.commonPool-worker-1] INFO  util.JmxRegister (JmxRegister.java:unregister(73)) - Successfully un-registered JMX Bean with object name Ratis:service=RaftServer,group=group-C8D5260293F4,id=a8823747-7b39-4599-aab8-abab9e384ab8
2019-09-25 11:09:31,310 [ForkJoinPool.commonPool-worker-1] INFO  impl.RoleInfo (RoleInfo.java:shutdownLeaderState(104)) - a8823747-7b39-4599-aab8-abab9e384ab8: shutdown LeaderState
2019-09-25 11:09:31,310 [ForkJoinPool.commonPool-worker-1] INFO  impl.PendingRequests (PendingRequests.java:sendNotLeaderResponses(202)) - a8823747-7b39-4599-aab8-abab9e384ab8-PendingRequests: sendNotLeaderResponses
2019-09-25 11:09:31,310 [ForkJoinPool.commonPool-worker-1] INFO  impl.StateMachineUpdater (StateMachineUpdater.java:stopAndJoin(125)) - a8823747-7b39-4599-aab8-abab9e384ab8@group-C8D5260293F4-StateMachineUpdater: set stopIndex = 0
2019-09-25 11:09:31,310 [ForkJoinPool.commonPool-worker-1] INFO  impl.RaftServerImpl (ServerState.java:close(385)) - a8823747-7b39-4599-aab8-abab9e384ab8@group-C8D5260293F4: closes. applyIndex: 0
2019-09-25 11:09:31,311 [a8823747-7b39-4599-aab8-abab9e384ab8@group-C8D5260293F4-SegmentedRaftLogWorker] INFO  segmented.SegmentedRaftLogWorker (SegmentedRaftLogWorker.java:run(313)) - a8823747-7b39-4599-aab8-abab9e384ab8@group-C8D5260293F4-SegmentedRaftLogWorker was interrupted, exiting. There are 0 tasks remaining in the queue.
2019-09-25 11:09:31,311 [ForkJoinPool.commonPool-worker-1] INFO  segmented.SegmentedRaftLogWorker (SegmentedRaftLogWorker.java:close(228)) - a8823747-7b39-4599-aab8-abab9e384ab8@group-C8D5260293F4-SegmentedRaftLogWorker close()
2019-09-25 11:09:31,311 [ForkJoinPool.commonPool-worker-1] INFO  server.GrpcService (GrpcService.java:closeImpl(164)) - a8823747-7b39-4599-aab8-abab9e384ab8: shutdown server with port 44788 now
2019-09-25 11:09:31,311 [ForkJoinPool.commonPool-worker-1] INFO  server.GrpcService (GrpcService.java:closeImpl(172)) - a8823747-7b39-4599-aab8-abab9e384ab8: shutdown server with port 44788 successfully
2019-09-25 11:09:31,312 [main] INFO  utils.BackgroundService (BackgroundService.java:shutdown(148)) - Shutting down service BlockDeletingService
2019-09-25 11:09:31,316 [refreshUsed-/workdir/hadoop-ozone/integration-test/target/test-dir/MiniOzoneClusterImpl-4b1c6350-cd3e-4172-b7a0-e9c66394f836/datanode-0/data/containers] WARN  fs.CachingGetSpaceUsed (CachingGetSpaceUsed.java:run(183)) - Thread Interrupted waiting to refresh disk information: sleep interrupted
2019-09-25 11:09:31,318 [main] INFO  statemachine.DatanodeStateMachine (DatanodeStateMachine.java:stopDaemon(395)) - Ozone container server stopped.
2019-09-25 11:09:31,319 [main] INFO  handler.ContextHandler (ContextHandler.java:doStop(910)) - Stopped o.e.j.w.WebAppContext@30ec211a{/,null,UNAVAILABLE}{/hddsDatanode}
2019-09-25 11:09:31,320 [main] INFO  server.AbstractConnector (AbstractConnector.java:doStop(318)) - Stopped ServerConnector@1ac0cdb0{HTTP/1.1,[http/1.1]}{0.0.0.0:0}
2019-09-25 11:09:31,321 [main] INFO  handler.ContextHandler (ContextHandler.java:doStop(910)) - Stopped o.e.j.s.ServletContextHandler@42aa1324{/static,jar:file:/home/user/.m2/repository/org/apache/hadoop/hadoop-hdds-container-service/0.5.0-SNAPSHOT/hadoop-hdds-container-service-0.5.0-SNAPSHOT.jar!/webapps/static,UNAVAILABLE}
2019-09-25 11:09:31,321 [main] INFO  handler.ContextHandler (ContextHandler.java:doStop(910)) - Stopped o.e.j.s.ServletContextHandler@b428830{/logs,file:///workdir/hadoop-ozone/integration-test/target/log,UNAVAILABLE}
2019-09-25 11:09:31,332 [ForkJoinPool.commonPool-worker-1] INFO  utils.BackgroundService (BackgroundService.java:shutdown(148)) - Shutting down service BlockDeletingService
2019-09-25 11:09:31,347 [ForkJoinPool.commonPool-worker-1] INFO  statemachine.DatanodeStateMachine (DatanodeStateMachine.java:stopDaemon(395)) - Ozone container server stopped.
2019-09-25 11:09:31,351 [ForkJoinPool.commonPool-worker-1] INFO  handler.ContextHandler (ContextHandler.java:doStop(910)) - Stopped o.e.j.w.WebAppContext@22865072{/,null,UNAVAILABLE}{/hddsDatanode}
2019-09-25 11:09:31,352 [ForkJoinPool.commonPool-worker-1] INFO  server.AbstractConnector (AbstractConnector.java:doStop(318)) - Stopped ServerConnector@563317c1{HTTP/1.1,[http/1.1]}{0.0.0.0:0}
2019-09-25 11:09:31,352 [ForkJoinPool.commonPool-worker-1] INFO  handler.ContextHandler (ContextHandler.java:doStop(910)) - Stopped o.e.j.s.ServletContextHandler@14d1737a{/static,jar:file:/home/user/.m2/repository/org/apache/hadoop/hadoop-hdds-container-service/0.5.0-SNAPSHOT/hadoop-hdds-container-service-0.5.0-SNAPSHOT.jar!/webapps/static,UNAVAILABLE}
2019-09-25 11:09:31,352 [ForkJoinPool.commonPool-worker-1] INFO  handler.ContextHandler (ContextHandler.java:doStop(910)) - Stopped o.e.j.s.ServletContextHandler@28e94c2{/logs,file:///workdir/hadoop-ozone/integration-test/target/log,UNAVAILABLE}
2019-09-25 11:09:31,541 [Datanode State Machine Thread - 0] INFO  statemachine.DatanodeStateMachine (DatanodeStateMachine.java:lambda$startDaemon$0(350)) - Ozone container server started.
2019-09-25 11:09:35,629 [EventQueue-StaleNodeForStaleNodeHandler] INFO  node.StaleNodeHandler (StaleNodeHandler.java:onMessage(58)) - Datanode 0b8a7ff0-298a-4c7b-84aa-a28921900e21{ip: 192.168.30.6, host: pr-hdds-1569-5gmkr-4255264070, networkLocation: /default-rack, certSerialId: null} moved to stale state. Finalizing its pipelines [PipelineID=2b8da051-16f2-4393-ae75-4232fa587b70, PipelineID=10a00427-fe79-4ff2-aa8f-470178acbfc5, PipelineID=b3cdd52f-a4db-42dc-aed3-b43393bb3033, PipelineID=7dbfcddb-6fc7-4211-9efe-cd91a94e1e2d, PipelineID=3a29be01-e89a-40fc-8333-6c0a5d2b99f3, PipelineID=3d601a29-2045-4815-8976-b2ac9e6bbb47]
2019-09-25 11:09:35,629 [EventQueue-StaleNodeForStaleNodeHandler] INFO  pipeline.SCMPipelineManager (SCMPipelineManager.java:finalizeAndDestroyPipeline(316)) - destroying pipeline:Pipeline[ Id: 2b8da051-16f2-4393-ae75-4232fa587b70, Nodes: 0b8a7ff0-298a-4c7b-84aa-a28921900e21{ip: 192.168.30.6, host: pr-hdds-1569-5gmkr-4255264070, networkLocation: /default-rack, certSerialId: null}, Type:RATIS, Factor:ONE, State:OPEN]
2019-09-25 11:09:35,630 [EventQueue-StaleNodeForStaleNodeHandler] INFO  pipeline.PipelineStateManager (PipelineStateManager.java:finalizePipeline(123)) - Pipeline Pipeline[ Id: 2b8da051-16f2-4393-ae75-4232fa587b70, Nodes: 0b8a7ff0-298a-4c7b-84aa-a28921900e21{ip: 192.168.30.6, host: pr-hdds-1569-5gmkr-4255264070, networkLocation: /default-rack, certSerialId: null}, Type:RATIS, Factor:ONE, State:CLOSED] moved to CLOSED state
2019-09-25 11:09:35,630 [EventQueue-StaleNodeForStaleNodeHandler] INFO  pipeline.SCMPipelineManager (SCMPipelineManager.java:finalizeAndDestroyPipeline(316)) - destroying pipeline:Pipeline[ Id: 10a00427-fe79-4ff2-aa8f-470178acbfc5, Nodes: 0b8a7ff0-298a-4c7b-84aa-a28921900e21{ip: 192.168.30.6, host: pr-hdds-1569-5gmkr-4255264070, networkLocation: /default-rack, certSerialId: null}, Type:RATIS, Factor:ONE, State:OPEN]
2019-09-25 11:09:35,630 [EventQueue-StaleNodeForStaleNodeHandler] INFO  pipeline.PipelineStateManager (PipelineStateManager.java:finalizePipeline(123)) - Pipeline Pipeline[ Id: 10a00427-fe79-4ff2-aa8f-470178acbfc5, Nodes: 0b8a7ff0-298a-4c7b-84aa-a28921900e21{ip: 192.168.30.6, host: pr-hdds-1569-5gmkr-4255264070, networkLocation: /default-rack, certSerialId: null}, Type:RATIS, Factor:ONE, State:CLOSED] moved to CLOSED state
2019-09-25 11:09:35,630 [EventQueue-StaleNodeForStaleNodeHandler] INFO  pipeline.SCMPipelineManager (SCMPipelineManager.java:finalizeAndDestroyPipeline(316)) - destroying pipeline:Pipeline[ Id: b3cdd52f-a4db-42dc-aed3-b43393bb3033, Nodes: 0b8a7ff0-298a-4c7b-84aa-a28921900e21{ip: 192.168.30.6, host: pr-hdds-1569-5gmkr-4255264070, networkLocation: /default-rack, certSerialId: null}, Type:RATIS, Factor:ONE, State:OPEN]
2019-09-25 11:09:35,630 [EventQueue-StaleNodeForStaleNodeHandler] INFO  pipeline.PipelineStateManager (PipelineStateManager.java:finalizePipeline(123)) - Pipeline Pipeline[ Id: b3cdd52f-a4db-42dc-aed3-b43393bb3033, Nodes: 0b8a7ff0-298a-4c7b-84aa-a28921900e21{ip: 192.168.30.6, host: pr-hdds-1569-5gmkr-4255264070, networkLocation: /default-rack, certSerialId: null}, Type:RATIS, Factor:ONE, State:CLOSED] moved to CLOSED state
2019-09-25 11:09:35,631 [EventQueue-StaleNodeForStaleNodeHandler] INFO  pipeline.SCMPipelineManager (SCMPipelineManager.java:finalizeAndDestroyPipeline(316)) - destroying pipeline:Pipeline[ Id: 7dbfcddb-6fc7-4211-9efe-cd91a94e1e2d, Nodes: 0b8a7ff0-298a-4c7b-84aa-a28921900e21{ip: 192.168.30.6, host: pr-hdds-1569-5gmkr-4255264070, networkLocation: /default-rack, certSerialId: null}, Type:RATIS, Factor:ONE, State:OPEN]
2019-09-25 11:09:35,631 [EventQueue-StaleNodeForStaleNodeHandler] INFO  pipeline.PipelineStateManager (PipelineStateManager.java:finalizePipeline(123)) - Pipeline Pipeline[ Id: 7dbfcddb-6fc7-4211-9efe-cd91a94e1e2d, Nodes: 0b8a7ff0-298a-4c7b-84aa-a28921900e21{ip: 192.168.30.6, host: pr-hdds-1569-5gmkr-4255264070, networkLocation: /default-rack, certSerialId: null}, Type:RATIS, Factor:ONE, State:CLOSED] moved to CLOSED state
2019-09-25 11:09:35,631 [EventQueue-StaleNodeForStaleNodeHandler] INFO  pipeline.SCMPipelineManager (SCMPipelineManager.java:finalizeAndDestroyPipeline(316)) - destroying pipeline:Pipeline[ Id: 3a29be01-e89a-40fc-8333-6c0a5d2b99f3, Nodes: 0b8a7ff0-298a-4c7b-84aa-a28921900e21{ip: 192.168.30.6, host: pr-hdds-1569-5gmkr-4255264070, networkLocation: /default-rack, certSerialId: null}, Type:RATIS, Factor:ONE, State:OPEN]
2019-09-25 11:09:35,631 [EventQueue-StaleNodeForStaleNodeHandler] INFO  pipeline.PipelineStateManager (PipelineStateManager.java:finalizePipeline(123)) - Pipeline Pipeline[ Id: 3a29be01-e89a-40fc-8333-6c0a5d2b99f3, Nodes: 0b8a7ff0-298a-4c7b-84aa-a28921900e21{ip: 192.168.30.6, host: pr-hdds-1569-5gmkr-4255264070, networkLocation: /default-rack, certSerialId: null}, Type:RATIS, Factor:ONE, State:CLOSED] moved to CLOSED state
2019-09-25 11:09:35,631 [EventQueue-StaleNodeForStaleNodeHandler] INFO  pipeline.SCMPipelineManager (SCMPipelineManager.java:finalizeAndDestroyPipeline(316)) - destroying pipeline:Pipeline[ Id: 3d601a29-2045-4815-8976-b2ac9e6bbb47, Nodes: 0b8a7ff0-298a-4c7b-84aa-a28921900e21{ip: 192.168.30.6, host: pr-hdds-1569-5gmkr-4255264070, networkLocation: /default-rack, certSerialId: null}, Type:RATIS, Factor:ONE, State:OPEN]
2019-09-25 11:09:35,631 [EventQueue-StaleNodeForStaleNodeHandler] INFO  pipeline.PipelineStateManager (PipelineStateManager.java:finalizePipeline(123)) - Pipeline Pipeline[ Id: 3d601a29-2045-4815-8976-b2ac9e6bbb47, Nodes: 0b8a7ff0-298a-4c7b-84aa-a28921900e21{ip: 192.168.30.6, host: pr-hdds-1569-5gmkr-4255264070, networkLocation: /default-rack, certSerialId: null}, Type:RATIS, Factor:ONE, State:CLOSED] moved to CLOSED state
2019-09-25 11:09:36,323 [main] INFO  ozoneimpl.OzoneContainer (OzoneContainer.java:stop(231)) - Attempting to stop container services.
2019-09-25 11:09:36,327 [main] INFO  impl.RaftServerProxy (RaftServerProxy.java:lambda$close$4(314)) - 0b8a7ff0-298a-4c7b-84aa-a28921900e21: close
2019-09-25 11:09:36,328 [main] INFO  impl.RaftServerImpl (RaftServerImpl.java:lambda$shutdown$3(251)) - 0b8a7ff0-298a-4c7b-84aa-a28921900e21@group-4232FA587B70: shutdown
2019-09-25 11:09:36,328 [ForkJoinPool.commonPool-worker-0] INFO  impl.RaftServerImpl (RaftServerImpl.java:lambda$shutdown$3(251)) - 0b8a7ff0-298a-4c7b-84aa-a28921900e21@group-470178ACBFC5: shutdown
2019-09-25 11:09:36,328 [main] INFO  util.JmxRegister (JmxRegister.java:unregister(73)) - Successfully un-registered JMX Bean with object name Ratis:service=RaftServer,group=group-4232FA587B70,id=0b8a7ff0-298a-4c7b-84aa-a28921900e21
2019-09-25 11:09:36,329 [ForkJoinPool.commonPool-worker-0] INFO  util.JmxRegister (JmxRegister.java:unregister(73)) - Successfully un-registered JMX Bean with object name Ratis:service=RaftServer,group=group-470178ACBFC5,id=0b8a7ff0-298a-4c7b-84aa-a28921900e21
2019-09-25 11:09:36,329 [main] INFO  impl.RoleInfo (RoleInfo.java:shutdownLeaderState(104)) - 0b8a7ff0-298a-4c7b-84aa-a28921900e21: shutdown LeaderState
2019-09-25 11:09:36,329 [ForkJoinPool.commonPool-worker-0] INFO  impl.RoleInfo (RoleInfo.java:shutdownLeaderState(104)) - 0b8a7ff0-298a-4c7b-84aa-a28921900e21: shutdown LeaderState
2019-09-25 11:09:36,330 [main] INFO  impl.PendingRequests (PendingRequests.java:sendNotLeaderResponses(202)) - 0b8a7ff0-298a-4c7b-84aa-a28921900e21-PendingRequests: sendNotLeaderResponses
2019-09-25 11:09:36,330 [ForkJoinPool.commonPool-worker-0] INFO  impl.PendingRequests (PendingRequests.java:sendNotLeaderResponses(202)) - 0b8a7ff0-298a-4c7b-84aa-a28921900e21-PendingRequests: sendNotLeaderResponses
2019-09-25 11:09:36,330 [main] INFO  impl.StateMachineUpdater (StateMachineUpdater.java:stopAndJoin(125)) - 0b8a7ff0-298a-4c7b-84aa-a28921900e21@group-4232FA587B70-StateMachineUpdater: set stopIndex = 0
2019-09-25 11:09:36,330 [ForkJoinPool.commonPool-worker-0] INFO  impl.StateMachineUpdater (StateMachineUpdater.java:stopAndJoin(125)) - 0b8a7ff0-298a-4c7b-84aa-a28921900e21@group-470178ACBFC5-StateMachineUpdater: set stopIndex = 0
2019-09-25 11:09:36,331 [main] INFO  impl.RaftServerImpl (ServerState.java:close(385)) - 0b8a7ff0-298a-4c7b-84aa-a28921900e21@group-4232FA587B70: closes. applyIndex: 0
2019-09-25 11:09:36,331 [ForkJoinPool.commonPool-worker-0] INFO  impl.RaftServerImpl (ServerState.java:close(385)) - 0b8a7ff0-298a-4c7b-84aa-a28921900e21@group-470178ACBFC5: closes. applyIndex: 0
2019-09-25 11:09:36,332 [0b8a7ff0-298a-4c7b-84aa-a28921900e21@group-4232FA587B70-SegmentedRaftLogWorker] INFO  segmented.SegmentedRaftLogWorker (SegmentedRaftLogWorker.java:run(313)) - 0b8a7ff0-298a-4c7b-84aa-a28921900e21@group-4232FA587B70-SegmentedRaftLogWorker was interrupted, exiting. There are 0 tasks remaining in the queue.
2019-09-25 11:09:36,332 [0b8a7ff0-298a-4c7b-84aa-a28921900e21@group-470178ACBFC5-SegmentedRaftLogWorker] INFO  segmented.SegmentedRaftLogWorker (SegmentedRaftLogWorker.java:run(313)) - 0b8a7ff0-298a-4c7b-84aa-a28921900e21@group-470178ACBFC5-SegmentedRaftLogWorker was interrupted, exiting. There are 0 tasks remaining in the queue.
2019-09-25 11:09:36,332 [main] INFO  segmented.SegmentedRaftLogWorker (SegmentedRaftLogWorker.java:close(228)) - 0b8a7ff0-298a-4c7b-84aa-a28921900e21@group-4232FA587B70-SegmentedRaftLogWorker close()
2019-09-25 11:09:36,332 [ForkJoinPool.commonPool-worker-0] INFO  segmented.SegmentedRaftLogWorker (SegmentedRaftLogWorker.java:close(228)) - 0b8a7ff0-298a-4c7b-84aa-a28921900e21@group-470178ACBFC5-SegmentedRaftLogWorker close()
2019-09-25 11:09:36,332 [main] INFO  impl.RaftServerImpl (RaftServerImpl.java:lambda$shutdown$3(251)) - 0b8a7ff0-298a-4c7b-84aa-a28921900e21@group-B43393BB3033: shutdown
2019-09-25 11:09:36,333 [main] INFO  util.JmxRegister (JmxRegister.java:unregister(73)) - Successfully un-registered JMX Bean with object name Ratis:service=RaftServer,group=group-B43393BB3033,id=0b8a7ff0-298a-4c7b-84aa-a28921900e21
2019-09-25 11:09:36,333 [main] INFO  impl.RoleInfo (RoleInfo.java:shutdownLeaderState(104)) - 0b8a7ff0-298a-4c7b-84aa-a28921900e21: shutdown LeaderState
2019-09-25 11:09:36,333 [main] INFO  impl.PendingRequests (PendingRequests.java:sendNotLeaderResponses(202)) - 0b8a7ff0-298a-4c7b-84aa-a28921900e21-PendingRequests: sendNotLeaderResponses
2019-09-25 11:09:36,334 [main] INFO  impl.StateMachineUpdater (StateMachineUpdater.java:stopAndJoin(125)) - 0b8a7ff0-298a-4c7b-84aa-a28921900e21@group-B43393BB3033-StateMachineUpdater: set stopIndex = 0
2019-09-25 11:09:36,334 [main] INFO  impl.RaftServerImpl (ServerState.java:close(385)) - 0b8a7ff0-298a-4c7b-84aa-a28921900e21@group-B43393BB3033: closes. applyIndex: 0
2019-09-25 11:09:36,334 [0b8a7ff0-298a-4c7b-84aa-a28921900e21@group-B43393BB3033-SegmentedRaftLogWorker] INFO  segmented.SegmentedRaftLogWorker (SegmentedRaftLogWorker.java:run(313)) - 0b8a7ff0-298a-4c7b-84aa-a28921900e21@group-B43393BB3033-SegmentedRaftLogWorker was interrupted, exiting. There are 0 tasks remaining in the queue.
2019-09-25 11:09:36,335 [main] INFO  segmented.SegmentedRaftLogWorker (SegmentedRaftLogWorker.java:close(228)) - 0b8a7ff0-298a-4c7b-84aa-a28921900e21@group-B43393BB3033-SegmentedRaftLogWorker close()
2019-09-25 11:09:36,335 [main] INFO  impl.RaftServerImpl (RaftServerImpl.java:lambda$shutdown$3(251)) - 0b8a7ff0-298a-4c7b-84aa-a28921900e21@group-CD91A94E1E2D: shutdown
2019-09-25 11:09:36,335 [main] INFO  util.JmxRegister (JmxRegister.java:unregister(73)) - Successfully un-registered JMX Bean with object name Ratis:service=RaftServer,group=group-CD91A94E1E2D,id=0b8a7ff0-298a-4c7b-84aa-a28921900e21
2019-09-25 11:09:36,335 [main] INFO  impl.RoleInfo (RoleInfo.java:shutdownLeaderState(104)) - 0b8a7ff0-298a-4c7b-84aa-a28921900e21: shutdown LeaderState
2019-09-25 11:09:36,336 [main] INFO  impl.PendingRequests (PendingRequests.java:sendNotLeaderResponses(202)) - 0b8a7ff0-298a-4c7b-84aa-a28921900e21-PendingRequests: sendNotLeaderResponses
2019-09-25 11:09:36,336 [main] INFO  impl.StateMachineUpdater (StateMachineUpdater.java:stopAndJoin(125)) - 0b8a7ff0-298a-4c7b-84aa-a28921900e21@group-CD91A94E1E2D-StateMachineUpdater: set stopIndex = 0
2019-09-25 11:09:36,336 [main] INFO  impl.RaftServerImpl (ServerState.java:close(385)) - 0b8a7ff0-298a-4c7b-84aa-a28921900e21@group-CD91A94E1E2D: closes. applyIndex: 0
2019-09-25 11:09:36,337 [0b8a7ff0-298a-4c7b-84aa-a28921900e21@group-CD91A94E1E2D-SegmentedRaftLogWorker] INFO  segmented.SegmentedRaftLogWorker (SegmentedRaftLogWorker.java:run(313)) - 0b8a7ff0-298a-4c7b-84aa-a28921900e21@group-CD91A94E1E2D-SegmentedRaftLogWorker was interrupted, exiting. There are 0 tasks remaining in the queue.
2019-09-25 11:09:36,337 [main] INFO  segmented.SegmentedRaftLogWorker (SegmentedRaftLogWorker.java:close(228)) - 0b8a7ff0-298a-4c7b-84aa-a28921900e21@group-CD91A94E1E2D-SegmentedRaftLogWorker close()
2019-09-25 11:09:36,337 [main] INFO  impl.RaftServerImpl (RaftServerImpl.java:lambda$shutdown$3(251)) - 0b8a7ff0-298a-4c7b-84aa-a28921900e21@group-6C0A5D2B99F3: shutdown
2019-09-25 11:09:36,337 [main] INFO  util.JmxRegister (JmxRegister.java:unregister(73)) - Successfully un-registered JMX Bean with object name Ratis:service=RaftServer,group=group-6C0A5D2B99F3,id=0b8a7ff0-298a-4c7b-84aa-a28921900e21
2019-09-25 11:09:36,338 [main] INFO  impl.RoleInfo (RoleInfo.java:shutdownLeaderState(104)) - 0b8a7ff0-298a-4c7b-84aa-a28921900e21: shutdown LeaderState
2019-09-25 11:09:36,338 [main] INFO  impl.PendingRequests (PendingRequests.java:sendNotLeaderResponses(202)) - 0b8a7ff0-298a-4c7b-84aa-a28921900e21-PendingRequests: sendNotLeaderResponses
2019-09-25 11:09:36,338 [main] INFO  impl.StateMachineUpdater (StateMachineUpdater.java:stopAndJoin(125)) - 0b8a7ff0-298a-4c7b-84aa-a28921900e21@group-6C0A5D2B99F3-StateMachineUpdater: set stopIndex = 0
2019-09-25 11:09:36,339 [main] INFO  impl.RaftServerImpl (ServerState.java:close(385)) - 0b8a7ff0-298a-4c7b-84aa-a28921900e21@group-6C0A5D2B99F3: closes. applyIndex: 0
2019-09-25 11:09:36,339 [0b8a7ff0-298a-4c7b-84aa-a28921900e21@group-6C0A5D2B99F3-SegmentedRaftLogWorker] INFO  segmented.SegmentedRaftLogWorker (SegmentedRaftLogWorker.java:run(313)) - 0b8a7ff0-298a-4c7b-84aa-a28921900e21@group-6C0A5D2B99F3-SegmentedRaftLogWorker was interrupted, exiting. There are 0 tasks remaining in the queue.
2019-09-25 11:09:36,339 [main] INFO  segmented.SegmentedRaftLogWorker (SegmentedRaftLogWorker.java:close(228)) - 0b8a7ff0-298a-4c7b-84aa-a28921900e21@group-6C0A5D2B99F3-SegmentedRaftLogWorker close()
2019-09-25 11:09:36,340 [main] INFO  impl.RaftServerImpl (RaftServerImpl.java:lambda$shutdown$3(251)) - 0b8a7ff0-298a-4c7b-84aa-a28921900e21@group-B2AC9E6BBB47: shutdown
2019-09-25 11:09:36,340 [main] INFO  util.JmxRegister (JmxRegister.java:unregister(73)) - Successfully un-registered JMX Bean with object name Ratis:service=RaftServer,group=group-B2AC9E6BBB47,id=0b8a7ff0-298a-4c7b-84aa-a28921900e21
2019-09-25 11:09:36,340 [main] INFO  impl.RoleInfo (RoleInfo.java:shutdownLeaderState(104)) - 0b8a7ff0-298a-4c7b-84aa-a28921900e21: shutdown LeaderState
2019-09-25 11:09:36,340 [main] INFO  impl.PendingRequests (PendingRequests.java:sendNotLeaderResponses(202)) - 0b8a7ff0-298a-4c7b-84aa-a28921900e21-PendingRequests: sendNotLeaderResponses
2019-09-25 11:09:36,341 [main] INFO  impl.StateMachineUpdater (StateMachineUpdater.java:stopAndJoin(125)) - 0b8a7ff0-298a-4c7b-84aa-a28921900e21@group-B2AC9E6BBB47-StateMachineUpdater: set stopIndex = 0
2019-09-25 11:09:36,341 [main] INFO  impl.RaftServerImpl (ServerState.java:close(385)) - 0b8a7ff0-298a-4c7b-84aa-a28921900e21@group-B2AC9E6BBB47: closes. applyIndex: 0
2019-09-25 11:09:36,342 [0b8a7ff0-298a-4c7b-84aa-a28921900e21@group-B2AC9E6BBB47-SegmentedRaftLogWorker] INFO  segmented.SegmentedRaftLogWorker (SegmentedRaftLogWorker.java:run(313)) - 0b8a7ff0-298a-4c7b-84aa-a28921900e21@group-B2AC9E6BBB47-SegmentedRaftLogWorker was interrupted, exiting. There are 0 tasks remaining in the queue.
2019-09-25 11:09:36,342 [main] INFO  segmented.SegmentedRaftLogWorker (SegmentedRaftLogWorker.java:close(228)) - 0b8a7ff0-298a-4c7b-84aa-a28921900e21@group-B2AC9E6BBB47-SegmentedRaftLogWorker close()
2019-09-25 11:09:36,342 [main] INFO  server.GrpcService (GrpcService.java:closeImpl(164)) - 0b8a7ff0-298a-4c7b-84aa-a28921900e21: shutdown server with port 34704 now
2019-09-25 11:09:36,343 [main] INFO  server.GrpcService (GrpcService.java:closeImpl(172)) - 0b8a7ff0-298a-4c7b-84aa-a28921900e21: shutdown server with port 34704 successfully
2019-09-25 11:09:36,344 [refreshUsed-/workdir/hadoop-ozone/integration-test/target/test-dir/MiniOzoneClusterImpl-4b1c6350-cd3e-4172-b7a0-e9c66394f836/datanode-5/data/containers] WARN  fs.CachingGetSpaceUsed (CachingGetSpaceUsed.java:run(183)) - Thread Interrupted waiting to refresh disk information: sleep interrupted
2019-09-25 11:09:36,361 [main] INFO  utils.BackgroundService (BackgroundService.java:shutdown(148)) - Shutting down service BlockDeletingService
2019-09-25 11:09:36,362 [main] INFO  statemachine.DatanodeStateMachine (DatanodeStateMachine.java:stopDaemon(395)) - Ozone container server stopped.
2019-09-25 11:09:36,363 [main] INFO  handler.ContextHandler (ContextHandler.java:doStop(910)) - Stopped o.e.j.w.WebAppContext@2774dcf4{/,null,UNAVAILABLE}{/hddsDatanode}
2019-09-25 11:09:36,363 [main] INFO  server.AbstractConnector (AbstractConnector.java:doStop(318)) - Stopped ServerConnector@20b829d5{HTTP/1.1,[http/1.1]}{0.0.0.0:0}
2019-09-25 11:09:36,364 [main] INFO  handler.ContextHandler (ContextHandler.java:doStop(910)) - Stopped o.e.j.s.ServletContextHandler@fe42a09{/static,jar:file:/home/user/.m2/repository/org/apache/hadoop/hadoop-hdds-container-service/0.5.0-SNAPSHOT/hadoop-hdds-container-service-0.5.0-SNAPSHOT.jar!/webapps/static,UNAVAILABLE}
2019-09-25 11:09:36,364 [main] INFO  handler.ContextHandler (ContextHandler.java:doStop(910)) - Stopped o.e.j.s.ServletContextHandler@16bbaab3{/logs,file:///workdir/hadoop-ozone/integration-test/target/log,UNAVAILABLE}
2019-09-25 11:09:36,365 [main] INFO  ozone.MiniOzoneClusterImpl (MiniOzoneClusterImpl.java:stopSCM(392)) - Stopping the StorageContainerManager
2019-09-25 11:09:36,365 [main] INFO  server.StorageContainerManager (StorageContainerManager.java:stop(808)) - Stopping Replication Manager Service.
2019-09-25 11:09:36,365 [main] INFO  container.ReplicationManager (ReplicationManager.java:stop(204)) - Stopping Replication Monitor Thread.
2019-09-25 11:09:36,365 [main] INFO  server.StorageContainerManager (StorageContainerManager.java:stop(815)) - Stopping Lease Manager of the command watchers
2019-09-25 11:09:36,366 [main] INFO  server.StorageContainerManager (StorageContainerManager.java:stop(822)) - Stopping datanode service RPC server
2019-09-25 11:09:36,366 [main] INFO  server.SCMDatanodeProtocolServer (SCMDatanodeProtocolServer.java:stop(367)) - Stopping the RPC server for DataNodes
2019-09-25 11:09:36,366 [main] INFO  ipc.Server (Server.java:stop(3082)) - Stopping server on 36723
2019-09-25 11:09:36,370 [IPC Server listener on 36723] INFO  ipc.Server (Server.java:run(1185)) - Stopping IPC Server listener on 36723
2019-09-25 11:09:36,372 [IPC Server Responder] INFO  ipc.Server (Server.java:run(1319)) - Stopping IPC Server Responder
2019-09-25 11:09:36,430 [SCM Heartbeat Processing Thread - 0] WARN  node.NodeStateManager (NodeStateManager.java:scheduleNextHealthCheck(655)) - Current Thread is interrupted, shutting down HB processing thread for Node Manager.
2019-09-25 11:09:36,430 [main] INFO  server.StorageContainerManager (StorageContainerManager.java:stop(830)) - Stopping block service RPC server
2019-09-25 11:09:36,430 [main] INFO  server.SCMBlockProtocolServer (SCMBlockProtocolServer.java:stop(155)) - Stopping the RPC server for Block Protocol
2019-09-25 11:09:36,431 [main] INFO  ipc.Server (Server.java:stop(3082)) - Stopping server on 35520
2019-09-25 11:09:36,435 [main] INFO  server.StorageContainerManager (StorageContainerManager.java:stop(837)) - Stopping the StorageContainerLocationProtocol RPC server
2019-09-25 11:09:36,435 [IPC Server Responder] INFO  ipc.Server (Server.java:run(1319)) - Stopping IPC Server Responder
2019-09-25 11:09:36,435 [main] INFO  server.SCMClientProtocolServer (SCMClientProtocolServer.java:stop(159)) - Stopping the RPC server for Client Protocol
2019-09-25 11:09:36,435 [main] INFO  ipc.Server (Server.java:stop(3082)) - Stopping server on 35255
2019-09-25 11:09:36,435 [IPC Server listener on 35520] INFO  ipc.Server (Server.java:run(1185)) - Stopping IPC Server listener on 35520
2019-09-25 11:09:36,448 [main] INFO  server.StorageContainerManager (StorageContainerManager.java:stop(844)) - Stopping Storage Container Manager HTTP server.
2019-09-25 11:09:36,448 [IPC Server listener on 35255] INFO  ipc.Server (Server.java:run(1185)) - Stopping IPC Server listener on 35255
2019-09-25 11:09:36,452 [IPC Server Responder] INFO  ipc.Server (Server.java:run(1319)) - Stopping IPC Server Responder
2019-09-25 11:09:36,452 [main] INFO  handler.ContextHandler (ContextHandler.java:doStop(910)) - Stopped o.e.j.w.WebAppContext@59d5a6fd{/,null,UNAVAILABLE}{/scm}
2019-09-25 11:09:36,453 [main] INFO  server.AbstractConnector (AbstractConnector.java:doStop(318)) - Stopped ServerConnector@27bcb4ad{HTTP/1.1,[http/1.1]}{0.0.0.0:0}
2019-09-25 11:09:36,453 [main] INFO  handler.ContextHandler (ContextHandler.java:doStop(910)) - Stopped o.e.j.s.ServletContextHandler@375084c9{/static,file:///workdir/hadoop-ozone/integration-test/target/test-classes/webapps/static,UNAVAILABLE}
2019-09-25 11:09:36,454 [main] INFO  handler.ContextHandler (ContextHandler.java:doStop(910)) - Stopped o.e.j.s.ServletContextHandler@5abf6a99{/logs,file:///workdir/hadoop-ozone/integration-test/target/log,UNAVAILABLE}
2019-09-25 11:09:36,454 [main] INFO  server.StorageContainerManager (StorageContainerManager.java:stop(855)) - Stopping Block Manager Service.
2019-09-25 11:09:36,455 [main] INFO  utils.BackgroundService (BackgroundService.java:shutdown(148)) - Shutting down service SCMBlockDeletingService
2019-09-25 11:09:36,455 [main] INFO  utils.BackgroundService (BackgroundService.java:shutdown(148)) - Shutting down service SCMBlockDeletingService
2019-09-25 11:09:36,455 [main] INFO  server.StorageContainerManager (StorageContainerManager.java:stop(877)) - Stopping SCM Event Queue.
2019-09-25 11:09:36,459 [main] INFO  impl.MetricsSystemImpl (MetricsSystemImpl.java:stop(210)) - Stopping HddsDatanode metrics system...
2019-09-25 11:09:36,508 [main] INFO  impl.MetricsSystemImpl (MetricsSystemImpl.java:stop(216)) - HddsDatanode metrics system stopped.
]]></system-out>
    <system-err><![CDATA[Sep 25, 2019 11:09:13 AM org.apache.ratis.thirdparty.io.grpc.internal.ManagedChannelOrphanWrapper$ManagedChannelReference cleanQueue
SEVERE: *~*~*~ Channel ManagedChannelImpl{logId=2723, target=192.168.30.6:39885} was not shutdown properly!!! ~*~*~*
    Make sure to call shutdown()/shutdownNow() and wait until awaitTermination() returns true.
java.lang.RuntimeException: ManagedChannel allocation site
	at org.apache.ratis.thirdparty.io.grpc.internal.ManagedChannelOrphanWrapper$ManagedChannelReference.<init>(ManagedChannelOrphanWrapper.java:103)
	at org.apache.ratis.thirdparty.io.grpc.internal.ManagedChannelOrphanWrapper.<init>(ManagedChannelOrphanWrapper.java:53)
	at org.apache.ratis.thirdparty.io.grpc.internal.ManagedChannelOrphanWrapper.<init>(ManagedChannelOrphanWrapper.java:44)
	at org.apache.ratis.thirdparty.io.grpc.internal.AbstractManagedChannelImplBuilder.build(AbstractManagedChannelImplBuilder.java:411)
	at org.apache.ratis.grpc.client.GrpcClientProtocolClient.<init>(GrpcClientProtocolClient.java:127)
	at org.apache.ratis.grpc.client.GrpcClientRpc.lambda$new$0(GrpcClientRpc.java:55)
	at org.apache.ratis.util.PeerProxyMap$PeerAndProxy.lambda$getProxy$0(PeerProxyMap.java:61)
	at org.apache.ratis.util.LifeCycle.startAndTransition(LifeCycle.java:202)
	at org.apache.ratis.util.PeerProxyMap$PeerAndProxy.getProxy(PeerProxyMap.java:60)
	at org.apache.ratis.util.PeerProxyMap.getProxy(PeerProxyMap.java:108)
	at org.apache.ratis.grpc.client.GrpcClientRpc.sendRequestAsync(GrpcClientRpc.java:66)
	at org.apache.ratis.client.impl.OrderedAsync.sendRequest(OrderedAsync.java:208)
	at org.apache.ratis.client.impl.OrderedAsync.sendRequestWithRetry(OrderedAsync.java:169)
	at org.apache.ratis.util.SlidingWindow$Client.sendOrDelayRequest(SlidingWindow.java:278)
	at org.apache.ratis.util.SlidingWindow$Client.submitNewRequest(SlidingWindow.java:257)
	at org.apache.ratis.client.impl.OrderedAsync.send(OrderedAsync.java:155)
	at org.apache.ratis.client.impl.RaftClientImpl.sendAsync(RaftClientImpl.java:144)
	at org.apache.ratis.client.impl.RaftClientImpl.sendAsync(RaftClientImpl.java:124)
	at org.apache.hadoop.hdds.scm.XceiverClientRatis.sendRequestAsync(XceiverClientRatis.java:234)
	at org.apache.hadoop.hdds.scm.XceiverClientRatis.sendCommandAsync(XceiverClientRatis.java:332)
	at org.apache.hadoop.hdds.scm.storage.ContainerProtocolCalls.writeChunkAsync(ContainerProtocolCalls.java:310)
	at org.apache.hadoop.hdds.scm.storage.BlockOutputStream.writeChunkToContainer(BlockOutputStream.java:601)
	at org.apache.hadoop.hdds.scm.storage.BlockOutputStream.writeChunk(BlockOutputStream.java:459)
	at org.apache.hadoop.hdds.scm.storage.BlockOutputStream.writeOnRetry(BlockOutputStream.java:285)
	at org.apache.hadoop.ozone.client.io.BlockOutputStreamEntry.writeOnRetry(BlockOutputStreamEntry.java:200)
	at org.apache.hadoop.ozone.client.io.KeyOutputStream.handleWrite(KeyOutputStream.java:206)
	at org.apache.hadoop.ozone.client.io.KeyOutputStream.handleRetry(KeyOutputStream.java:375)
	at org.apache.hadoop.ozone.client.io.KeyOutputStream.handleException(KeyOutputStream.java:324)
	at org.apache.hadoop.ozone.client.io.KeyOutputStream.handleFlushOrClose(KeyOutputStream.java:449)
	at org.apache.hadoop.ozone.client.io.KeyOutputStream.handleWrite(KeyOutputStream.java:232)
	at org.apache.hadoop.ozone.client.io.KeyOutputStream.write(KeyOutputStream.java:190)
	at org.apache.hadoop.ozone.client.io.OzoneOutputStream.write(OzoneOutputStream.java:49)
	at java.io.OutputStream.write(OutputStream.java:75)
	at org.apache.hadoop.ozone.client.rpc.TestBlockOutputStreamWithFailures.testWatchForCommitWithSingleNodeRatis(TestBlockOutputStreamWithFailures.java:885)
	at sun.reflect.NativeMethodAccessorImpl.invoke0(Native Method)
	at sun.reflect.NativeMethodAccessorImpl.invoke(NativeMethodAccessorImpl.java:62)
	at sun.reflect.DelegatingMethodAccessorImpl.invoke(DelegatingMethodAccessorImpl.java:43)
	at java.lang.reflect.Method.invoke(Method.java:498)
	at org.junit.runners.model.FrameworkMethod$1.runReflectiveCall(FrameworkMethod.java:47)
	at org.junit.internal.runners.model.ReflectiveCallable.run(ReflectiveCallable.java:12)
	at org.junit.runners.model.FrameworkMethod.invokeExplosively(FrameworkMethod.java:44)
	at org.junit.internal.runners.statements.InvokeMethod.evaluate(InvokeMethod.java:17)
	at org.junit.internal.runners.statements.RunBefores.evaluate(RunBefores.java:26)
	at org.junit.internal.runners.statements.RunAfters.evaluate(RunAfters.java:27)
	at org.junit.runners.ParentRunner.runLeaf(ParentRunner.java:271)
	at org.junit.runners.BlockJUnit4ClassRunner.runChild(BlockJUnit4ClassRunner.java:70)
	at org.junit.runners.BlockJUnit4ClassRunner.runChild(BlockJUnit4ClassRunner.java:50)
	at org.junit.runners.ParentRunner$3.run(ParentRunner.java:238)
	at org.junit.runners.ParentRunner$1.schedule(ParentRunner.java:63)
	at org.junit.runners.ParentRunner.runChildren(ParentRunner.java:236)
	at org.junit.runners.ParentRunner.access$000(ParentRunner.java:53)
	at org.junit.runners.ParentRunner$2.evaluate(ParentRunner.java:229)
	at org.junit.runners.ParentRunner.run(ParentRunner.java:309)
	at org.apache.maven.surefire.junit4.JUnit4Provider.execute(JUnit4Provider.java:365)
	at org.apache.maven.surefire.junit4.JUnit4Provider.executeWithRerun(JUnit4Provider.java:273)
	at org.apache.maven.surefire.junit4.JUnit4Provider.executeTestSet(JUnit4Provider.java:238)
	at org.apache.maven.surefire.junit4.JUnit4Provider.invoke(JUnit4Provider.java:159)
	at org.apache.maven.surefire.booter.ForkedBooter.invokeProviderInSameClassLoader(ForkedBooter.java:384)
	at org.apache.maven.surefire.booter.ForkedBooter.runSuitesInProcess(ForkedBooter.java:345)
	at org.apache.maven.surefire.booter.ForkedBooter.execute(ForkedBooter.java:126)
	at org.apache.maven.surefire.booter.ForkedBooter.main(ForkedBooter.java:418)

Sep 25, 2019 11:09:13 AM org.apache.ratis.thirdparty.io.grpc.internal.ManagedChannelOrphanWrapper$ManagedChannelReference cleanQueue
SEVERE: *~*~*~ Channel ManagedChannelImpl{logId=2718, target=192.168.30.6:38818} was not shutdown properly!!! ~*~*~*
    Make sure to call shutdown()/shutdownNow() and wait until awaitTermination() returns true.
java.lang.RuntimeException: ManagedChannel allocation site
	at org.apache.ratis.thirdparty.io.grpc.internal.ManagedChannelOrphanWrapper$ManagedChannelReference.<init>(ManagedChannelOrphanWrapper.java:103)
	at org.apache.ratis.thirdparty.io.grpc.internal.ManagedChannelOrphanWrapper.<init>(ManagedChannelOrphanWrapper.java:53)
	at org.apache.ratis.thirdparty.io.grpc.internal.ManagedChannelOrphanWrapper.<init>(ManagedChannelOrphanWrapper.java:44)
	at org.apache.ratis.thirdparty.io.grpc.internal.AbstractManagedChannelImplBuilder.build(AbstractManagedChannelImplBuilder.java:411)
	at org.apache.ratis.grpc.client.GrpcClientProtocolClient.<init>(GrpcClientProtocolClient.java:127)
	at org.apache.ratis.grpc.client.GrpcClientRpc.lambda$new$0(GrpcClientRpc.java:55)
	at org.apache.ratis.util.PeerProxyMap$PeerAndProxy.lambda$getProxy$0(PeerProxyMap.java:61)
	at org.apache.ratis.util.LifeCycle.startAndTransition(LifeCycle.java:202)
	at org.apache.ratis.util.PeerProxyMap$PeerAndProxy.getProxy(PeerProxyMap.java:60)
	at org.apache.ratis.util.PeerProxyMap.getProxy(PeerProxyMap.java:108)
	at org.apache.ratis.grpc.client.GrpcClientRpc.sendRequestAsync(GrpcClientRpc.java:66)
	at org.apache.ratis.client.impl.OrderedAsync.sendRequest(OrderedAsync.java:208)
	at org.apache.ratis.client.impl.OrderedAsync.sendRequestWithRetry(OrderedAsync.java:169)
	at org.apache.ratis.util.SlidingWindow$Client.sendOrDelayRequest(SlidingWindow.java:278)
	at org.apache.ratis.util.SlidingWindow$Client.retry(SlidingWindow.java:294)
	at org.apache.ratis.client.impl.OrderedAsync.lambda$scheduleWithTimeout$7(OrderedAsync.java:195)
	at org.apache.ratis.util.TimeoutScheduler.lambda$onTimeout$0(TimeoutScheduler.java:113)
	at org.apache.ratis.util.TimeoutScheduler.lambda$onTimeout$1(TimeoutScheduler.java:133)
	at org.apache.ratis.util.LogUtils.runAndLog(LogUtils.java:50)
	at org.apache.ratis.util.LogUtils$1.run(LogUtils.java:91)
	at java.util.concurrent.Executors$RunnableAdapter.call(Executors.java:511)
	at java.util.concurrent.FutureTask.run(FutureTask.java:266)
	at java.util.concurrent.ScheduledThreadPoolExecutor$ScheduledFutureTask.access$201(ScheduledThreadPoolExecutor.java:180)
	at java.util.concurrent.ScheduledThreadPoolExecutor$ScheduledFutureTask.run(ScheduledThreadPoolExecutor.java:293)
	at java.util.concurrent.ThreadPoolExecutor.runWorker(ThreadPoolExecutor.java:1149)
	at java.util.concurrent.ThreadPoolExecutor$Worker.run(ThreadPoolExecutor.java:624)
	at java.lang.Thread.run(Thread.java:748)

Sep 25, 2019 11:09:13 AM org.apache.ratis.thirdparty.io.grpc.internal.ManagedChannelOrphanWrapper$ManagedChannelReference cleanQueue
SEVERE: *~*~*~ Channel ManagedChannelImpl{logId=2728, target=192.168.30.6:42471} was not shutdown properly!!! ~*~*~*
    Make sure to call shutdown()/shutdownNow() and wait until awaitTermination() returns true.
java.lang.RuntimeException: ManagedChannel allocation site
	at org.apache.ratis.thirdparty.io.grpc.internal.ManagedChannelOrphanWrapper$ManagedChannelReference.<init>(ManagedChannelOrphanWrapper.java:103)
	at org.apache.ratis.thirdparty.io.grpc.internal.ManagedChannelOrphanWrapper.<init>(ManagedChannelOrphanWrapper.java:53)
	at org.apache.ratis.thirdparty.io.grpc.internal.ManagedChannelOrphanWrapper.<init>(ManagedChannelOrphanWrapper.java:44)
	at org.apache.ratis.thirdparty.io.grpc.internal.AbstractManagedChannelImplBuilder.build(AbstractManagedChannelImplBuilder.java:411)
	at org.apache.hadoop.hdds.scm.XceiverClientGrpc.connectToDatanode(XceiverClientGrpc.java:181)
	at org.apache.hadoop.hdds.scm.XceiverClientGrpc.reconnect(XceiverClientGrpc.java:429)
	at org.apache.hadoop.hdds.scm.XceiverClientGrpc.sendCommandAsync(XceiverClientGrpc.java:378)
	at org.apache.hadoop.hdds.scm.XceiverClientGrpc.sendCommandWithRetry(XceiverClientGrpc.java:291)
	at org.apache.hadoop.hdds.scm.XceiverClientGrpc.sendCommandWithTraceIDAndRetry(XceiverClientGrpc.java:257)
	at org.apache.hadoop.hdds.scm.XceiverClientGrpc.sendCommand(XceiverClientGrpc.java:240)
	at org.apache.hadoop.hdds.scm.storage.ContainerProtocolCalls.getBlock(ContainerProtocolCalls.java:118)
	at org.apache.hadoop.hdds.scm.storage.BlockInputStream.getChunkInfos(BlockInputStream.java:167)
	at org.apache.hadoop.hdds.scm.storage.BlockInputStream.initialize(BlockInputStream.java:118)
	at org.apache.hadoop.hdds.scm.storage.BlockInputStream.read(BlockInputStream.java:222)
	at org.apache.hadoop.ozone.client.io.KeyInputStream.read(KeyInputStream.java:171)
	at org.apache.hadoop.ozone.client.io.OzoneInputStream.read(OzoneInputStream.java:47)
	at java.io.InputStream.read(InputStream.java:101)
	at org.apache.hadoop.ozone.container.ContainerTestHelper.validateData(ContainerTestHelper.java:714)
	at org.apache.hadoop.ozone.client.rpc.TestBlockOutputStreamWithFailures.validateData(TestBlockOutputStreamWithFailures.java:1216)
	at org.apache.hadoop.ozone.client.rpc.TestBlockOutputStreamWithFailures.testWatchForCommitWithSingleNodeRatis(TestBlockOutputStreamWithFailures.java:918)
	at sun.reflect.NativeMethodAccessorImpl.invoke0(Native Method)
	at sun.reflect.NativeMethodAccessorImpl.invoke(NativeMethodAccessorImpl.java:62)
	at sun.reflect.DelegatingMethodAccessorImpl.invoke(DelegatingMethodAccessorImpl.java:43)
	at java.lang.reflect.Method.invoke(Method.java:498)
	at org.junit.runners.model.FrameworkMethod$1.runReflectiveCall(FrameworkMethod.java:47)
	at org.junit.internal.runners.model.ReflectiveCallable.run(ReflectiveCallable.java:12)
	at org.junit.runners.model.FrameworkMethod.invokeExplosively(FrameworkMethod.java:44)
	at org.junit.internal.runners.statements.InvokeMethod.evaluate(InvokeMethod.java:17)
	at org.junit.internal.runners.statements.RunBefores.evaluate(RunBefores.java:26)
	at org.junit.internal.runners.statements.RunAfters.evaluate(RunAfters.java:27)
	at org.junit.runners.ParentRunner.runLeaf(ParentRunner.java:271)
	at org.junit.runners.BlockJUnit4ClassRunner.runChild(BlockJUnit4ClassRunner.java:70)
	at org.junit.runners.BlockJUnit4ClassRunner.runChild(BlockJUnit4ClassRunner.java:50)
	at org.junit.runners.ParentRunner$3.run(ParentRunner.java:238)
	at org.junit.runners.ParentRunner$1.schedule(ParentRunner.java:63)
	at org.junit.runners.ParentRunner.runChildren(ParentRunner.java:236)
	at org.junit.runners.ParentRunner.access$000(ParentRunner.java:53)
	at org.junit.runners.ParentRunner$2.evaluate(ParentRunner.java:229)
	at org.junit.runners.ParentRunner.run(ParentRunner.java:309)
	at org.apache.maven.surefire.junit4.JUnit4Provider.execute(JUnit4Provider.java:365)
	at org.apache.maven.surefire.junit4.JUnit4Provider.executeWithRerun(JUnit4Provider.java:273)
	at org.apache.maven.surefire.junit4.JUnit4Provider.executeTestSet(JUnit4Provider.java:238)
	at org.apache.maven.surefire.junit4.JUnit4Provider.invoke(JUnit4Provider.java:159)
	at org.apache.maven.surefire.booter.ForkedBooter.invokeProviderInSameClassLoader(ForkedBooter.java:384)
	at org.apache.maven.surefire.booter.ForkedBooter.runSuitesInProcess(ForkedBooter.java:345)
	at org.apache.maven.surefire.booter.ForkedBooter.execute(ForkedBooter.java:126)
	at org.apache.maven.surefire.booter.ForkedBooter.main(ForkedBooter.java:418)

Sep 25, 2019 11:09:13 AM org.apache.ratis.thirdparty.io.grpc.internal.ManagedChannelOrphanWrapper$ManagedChannelReference cleanQueue
SEVERE: *~*~*~ Channel ManagedChannelImpl{logId=2733, target=192.168.30.6:44950} was not shutdown properly!!! ~*~*~*
    Make sure to call shutdown()/shutdownNow() and wait until awaitTermination() returns true.
java.lang.RuntimeException: ManagedChannel allocation site
	at org.apache.ratis.thirdparty.io.grpc.internal.ManagedChannelOrphanWrapper$ManagedChannelReference.<init>(ManagedChannelOrphanWrapper.java:103)
	at org.apache.ratis.thirdparty.io.grpc.internal.ManagedChannelOrphanWrapper.<init>(ManagedChannelOrphanWrapper.java:53)
	at org.apache.ratis.thirdparty.io.grpc.internal.ManagedChannelOrphanWrapper.<init>(ManagedChannelOrphanWrapper.java:44)
	at org.apache.ratis.thirdparty.io.grpc.internal.AbstractManagedChannelImplBuilder.build(AbstractManagedChannelImplBuilder.java:411)
	at org.apache.hadoop.hdds.scm.XceiverClientGrpc.connectToDatanode(XceiverClientGrpc.java:181)
	at org.apache.hadoop.hdds.scm.XceiverClientGrpc.reconnect(XceiverClientGrpc.java:429)
	at org.apache.hadoop.hdds.scm.XceiverClientGrpc.sendCommandAsync(XceiverClientGrpc.java:378)
	at org.apache.hadoop.hdds.scm.XceiverClientGrpc.sendCommandWithRetry(XceiverClientGrpc.java:291)
	at org.apache.hadoop.hdds.scm.XceiverClientGrpc.sendCommandWithTraceIDAndRetry(XceiverClientGrpc.java:257)
	at org.apache.hadoop.hdds.scm.XceiverClientGrpc.sendCommand(XceiverClientGrpc.java:240)
	at org.apache.hadoop.hdds.scm.storage.ContainerProtocolCalls.getBlock(ContainerProtocolCalls.java:118)
	at org.apache.hadoop.hdds.scm.storage.BlockInputStream.getChunkInfos(BlockInputStream.java:167)
	at org.apache.hadoop.hdds.scm.storage.BlockInputStream.initialize(BlockInputStream.java:118)
	at org.apache.hadoop.hdds.scm.storage.BlockInputStream.read(BlockInputStream.java:222)
	at org.apache.hadoop.ozone.client.io.KeyInputStream.read(KeyInputStream.java:171)
	at org.apache.hadoop.ozone.client.io.OzoneInputStream.read(OzoneInputStream.java:47)
	at java.io.InputStream.read(InputStream.java:101)
	at org.apache.hadoop.ozone.container.ContainerTestHelper.validateData(ContainerTestHelper.java:714)
	at org.apache.hadoop.ozone.client.rpc.TestBlockOutputStreamWithFailures.validateData(TestBlockOutputStreamWithFailures.java:1216)
	at org.apache.hadoop.ozone.client.rpc.TestBlockOutputStreamWithFailures.testWatchForCommitWithSingleNodeRatis(TestBlockOutputStreamWithFailures.java:918)
	at sun.reflect.NativeMethodAccessorImpl.invoke0(Native Method)
	at sun.reflect.NativeMethodAccessorImpl.invoke(NativeMethodAccessorImpl.java:62)
	at sun.reflect.DelegatingMethodAccessorImpl.invoke(DelegatingMethodAccessorImpl.java:43)
	at java.lang.reflect.Method.invoke(Method.java:498)
	at org.junit.runners.model.FrameworkMethod$1.runReflectiveCall(FrameworkMethod.java:47)
	at org.junit.internal.runners.model.ReflectiveCallable.run(ReflectiveCallable.java:12)
	at org.junit.runners.model.FrameworkMethod.invokeExplosively(FrameworkMethod.java:44)
	at org.junit.internal.runners.statements.InvokeMethod.evaluate(InvokeMethod.java:17)
	at org.junit.internal.runners.statements.RunBefores.evaluate(RunBefores.java:26)
	at org.junit.internal.runners.statements.RunAfters.evaluate(RunAfters.java:27)
	at org.junit.runners.ParentRunner.runLeaf(ParentRunner.java:271)
	at org.junit.runners.BlockJUnit4ClassRunner.runChild(BlockJUnit4ClassRunner.java:70)
	at org.junit.runners.BlockJUnit4ClassRunner.runChild(BlockJUnit4ClassRunner.java:50)
	at org.junit.runners.ParentRunner$3.run(ParentRunner.java:238)
	at org.junit.runners.ParentRunner$1.schedule(ParentRunner.java:63)
	at org.junit.runners.ParentRunner.runChildren(ParentRunner.java:236)
	at org.junit.runners.ParentRunner.access$000(ParentRunner.java:53)
	at org.junit.runners.ParentRunner$2.evaluate(ParentRunner.java:229)
	at org.junit.runners.ParentRunner.run(ParentRunner.java:309)
	at org.apache.maven.surefire.junit4.JUnit4Provider.execute(JUnit4Provider.java:365)
	at org.apache.maven.surefire.junit4.JUnit4Provider.executeWithRerun(JUnit4Provider.java:273)
	at org.apache.maven.surefire.junit4.JUnit4Provider.executeTestSet(JUnit4Provider.java:238)
	at org.apache.maven.surefire.junit4.JUnit4Provider.invoke(JUnit4Provider.java:159)
	at org.apache.maven.surefire.booter.ForkedBooter.invokeProviderInSameClassLoader(ForkedBooter.java:384)
	at org.apache.maven.surefire.booter.ForkedBooter.runSuitesInProcess(ForkedBooter.java:345)
	at org.apache.maven.surefire.booter.ForkedBooter.execute(ForkedBooter.java:126)
	at org.apache.maven.surefire.booter.ForkedBooter.main(ForkedBooter.java:418)

]]></system-err>
  </testcase>
  <testcase name="testWatchForCommitWithCloseContainerException" classname="org.apache.hadoop.ozone.client.rpc.TestBlockOutputStreamWithFailures" time="31.339">
    <error message="Allocated 0 blocks. Requested 1 blocks" type="INTERNAL_ERROR org.apache.hadoop.ozone.om.exceptions.OMException">INTERNAL_ERROR org.apache.hadoop.ozone.om.exceptions.OMException: Allocated 0 blocks. Requested 1 blocks
	at org.apache.hadoop.ozone.om.protocolPB.OzoneManagerProtocolClientSideTranslatorPB.handleError(OzoneManagerProtocolClientSideTranslatorPB.java:732)
	at org.apache.hadoop.ozone.om.protocolPB.OzoneManagerProtocolClientSideTranslatorPB.openKey(OzoneManagerProtocolClientSideTranslatorPB.java:723)
	at sun.reflect.NativeMethodAccessorImpl.invoke0(Native Method)
	at sun.reflect.NativeMethodAccessorImpl.invoke(NativeMethodAccessorImpl.java:62)
	at sun.reflect.DelegatingMethodAccessorImpl.invoke(DelegatingMethodAccessorImpl.java:43)
	at java.lang.reflect.Method.invoke(Method.java:498)
	at org.apache.hadoop.hdds.tracing.TraceAllMethod.invoke(TraceAllMethod.java:66)
	at com.sun.proxy.$Proxy37.openKey(Unknown Source)
	at org.apache.hadoop.ozone.client.rpc.RpcClient.createKey(RpcClient.java:614)
	at org.apache.hadoop.ozone.client.OzoneBucket.createKey(OzoneBucket.java:325)
	at org.apache.hadoop.ozone.container.ContainerTestHelper.createKey(ContainerTestHelper.java:704)
	at org.apache.hadoop.ozone.client.rpc.TestBlockOutputStreamWithFailures.createKey(TestBlockOutputStreamWithFailures.java:1210)
	at org.apache.hadoop.ozone.client.rpc.TestBlockOutputStreamWithFailures.createKey(TestBlockOutputStreamWithFailures.java:1204)
	at org.apache.hadoop.ozone.client.rpc.TestBlockOutputStreamWithFailures.testWatchForCommitWithCloseContainerException(TestBlockOutputStreamWithFailures.java:137)
	at sun.reflect.NativeMethodAccessorImpl.invoke0(Native Method)
	at sun.reflect.NativeMethodAccessorImpl.invoke(NativeMethodAccessorImpl.java:62)
	at sun.reflect.DelegatingMethodAccessorImpl.invoke(DelegatingMethodAccessorImpl.java:43)
	at java.lang.reflect.Method.invoke(Method.java:498)
	at org.junit.runners.model.FrameworkMethod$1.runReflectiveCall(FrameworkMethod.java:47)
	at org.junit.internal.runners.model.ReflectiveCallable.run(ReflectiveCallable.java:12)
	at org.junit.runners.model.FrameworkMethod.invokeExplosively(FrameworkMethod.java:44)
	at org.junit.internal.runners.statements.InvokeMethod.evaluate(InvokeMethod.java:17)
	at org.junit.internal.runners.statements.RunBefores.evaluate(RunBefores.java:26)
	at org.junit.internal.runners.statements.RunAfters.evaluate(RunAfters.java:27)
	at org.junit.runners.ParentRunner.runLeaf(ParentRunner.java:271)
	at org.junit.runners.BlockJUnit4ClassRunner.runChild(BlockJUnit4ClassRunner.java:70)
	at org.junit.runners.BlockJUnit4ClassRunner.runChild(BlockJUnit4ClassRunner.java:50)
	at org.junit.runners.ParentRunner$3.run(ParentRunner.java:238)
	at org.junit.runners.ParentRunner$1.schedule(ParentRunner.java:63)
	at org.junit.runners.ParentRunner.runChildren(ParentRunner.java:236)
	at org.junit.runners.ParentRunner.access$000(ParentRunner.java:53)
	at org.junit.runners.ParentRunner$2.evaluate(ParentRunner.java:229)
	at org.junit.runners.ParentRunner.run(ParentRunner.java:309)
	at org.apache.maven.surefire.junit4.JUnit4Provider.execute(JUnit4Provider.java:365)
	at org.apache.maven.surefire.junit4.JUnit4Provider.executeWithRerun(JUnit4Provider.java:273)
	at org.apache.maven.surefire.junit4.JUnit4Provider.executeTestSet(JUnit4Provider.java:238)
	at org.apache.maven.surefire.junit4.JUnit4Provider.invoke(JUnit4Provider.java:159)
	at org.apache.maven.surefire.booter.ForkedBooter.invokeProviderInSameClassLoader(ForkedBooter.java:384)
	at org.apache.maven.surefire.booter.ForkedBooter.runSuitesInProcess(ForkedBooter.java:345)
	at org.apache.maven.surefire.booter.ForkedBooter.execute(ForkedBooter.java:126)
	at org.apache.maven.surefire.booter.ForkedBooter.main(ForkedBooter.java:418)
</error>
    <system-out><![CDATA[2019-09-25 11:09:36,559 [main] WARN  server.ServerUtils (ServerUtils.java:getScmDbDir(145)) - ozone.scm.db.dirs is not configured. We recommend adding this setting. Falling back to ozone.metadata.dirs instead.
2019-09-25 11:09:36,607 [main] WARN  server.ServerUtils (ServerUtils.java:getScmDbDir(145)) - ozone.scm.db.dirs is not configured. We recommend adding this setting. Falling back to ozone.metadata.dirs instead.
2019-09-25 11:09:36,607 [main] WARN  server.ServerUtils (ServerUtils.java:getScmDbDir(145)) - ozone.scm.db.dirs is not configured. We recommend adding this setting. Falling back to ozone.metadata.dirs instead.
2019-09-25 11:09:36,608 [main] INFO  db.DBStoreBuilder (DBStoreBuilder.java:addTable(110)) - using custom profile for table: deletedBlocks
2019-09-25 11:09:36,608 [main] INFO  db.DBStoreBuilder (DBStoreBuilder.java:processTables(161)) - Using default column profile:DBProfile.DISK for Table:deletedBlocks
2019-09-25 11:09:36,608 [main] INFO  db.DBStoreBuilder (DBStoreBuilder.java:addTable(110)) - using custom profile for table: validCerts
2019-09-25 11:09:36,609 [main] INFO  db.DBStoreBuilder (DBStoreBuilder.java:processTables(161)) - Using default column profile:DBProfile.DISK for Table:validCerts
2019-09-25 11:09:36,609 [main] INFO  db.DBStoreBuilder (DBStoreBuilder.java:addTable(110)) - using custom profile for table: revokedCerts
2019-09-25 11:09:36,609 [main] INFO  db.DBStoreBuilder (DBStoreBuilder.java:processTables(161)) - Using default column profile:DBProfile.DISK for Table:revokedCerts
2019-09-25 11:09:36,609 [main] INFO  db.DBStoreBuilder (DBStoreBuilder.java:addTable(110)) - using custom profile for table: default
2019-09-25 11:09:36,610 [main] INFO  db.DBStoreBuilder (DBStoreBuilder.java:processTables(167)) - Using default column profile:DBProfile.DISK for Table:default
2019-09-25 11:09:36,610 [main] INFO  db.DBStoreBuilder (DBStoreBuilder.java:getDbProfile(198)) - Using default options. DBProfile.DISK
2019-09-25 11:09:36,738 [main] INFO  net.NodeSchemaLoader (NodeSchemaLoader.java:loadSchemaFromFile(125)) - Loading file from sun.misc.CompoundEnumeration@5889fc44
2019-09-25 11:09:36,739 [main] INFO  net.NodeSchemaLoader (NodeSchemaLoader.java:loadSchema(171)) - Loading network topology layer schema file
2019-09-25 11:09:36,743 [main] INFO  node.SCMNodeManager (SCMNodeManager.java:<init>(114)) - Entering startup safe mode.
2019-09-25 11:09:36,744 [main] INFO  algorithms.ContainerPlacementPolicyFactory (ContainerPlacementPolicyFactory.java:getPolicy(59)) - Create container placement policy of type org.apache.hadoop.hdds.scm.container.placement.algorithms.SCMContainerPlacementRandom
2019-09-25 11:09:36,744 [main] WARN  server.ServerUtils (ServerUtils.java:getScmDbDir(145)) - ozone.scm.db.dirs is not configured. We recommend adding this setting. Falling back to ozone.metadata.dirs instead.
2019-09-25 11:09:36,765 [main] INFO  pipeline.SCMPipelineManager (SCMPipelineManager.java:initializePipelineState(132)) - No pipeline exists in current db
2019-09-25 11:09:36,766 [main] WARN  server.ServerUtils (ServerUtils.java:getScmDbDir(145)) - ozone.scm.db.dirs is not configured. We recommend adding this setting. Falling back to ozone.metadata.dirs instead.
2019-09-25 11:09:36,790 [main] WARN  events.EventQueue (EventQueue.java:fireEvent(183)) - No event handler registered for event TypedEvent{payloadType=SafeModeStatus, name='SafeModeStatus'}
2019-09-25 11:09:36,790 [main] INFO  ipc.CallQueueManager (CallQueueManager.java:<init>(84)) - Using callQueue: class java.util.concurrent.LinkedBlockingQueue, queueCapacity: 2000, scheduler: class org.apache.hadoop.ipc.DefaultRpcScheduler, ipcBackoff: false.
2019-09-25 11:09:36,791 [Socket Reader #1 for port 34831] INFO  ipc.Server (Server.java:run(1074)) - Starting Socket Reader #1 for port 34831
2019-09-25 11:09:36,794 [main] INFO  ipc.CallQueueManager (CallQueueManager.java:<init>(84)) - Using callQueue: class java.util.concurrent.LinkedBlockingQueue, queueCapacity: 2000, scheduler: class org.apache.hadoop.ipc.DefaultRpcScheduler, ipcBackoff: false.
2019-09-25 11:09:36,795 [Socket Reader #1 for port 36088] INFO  ipc.Server (Server.java:run(1074)) - Starting Socket Reader #1 for port 36088
2019-09-25 11:09:36,797 [main] INFO  ipc.CallQueueManager (CallQueueManager.java:<init>(84)) - Using callQueue: class java.util.concurrent.LinkedBlockingQueue, queueCapacity: 2000, scheduler: class org.apache.hadoop.ipc.DefaultRpcScheduler, ipcBackoff: false.
2019-09-25 11:09:36,798 [Socket Reader #1 for port 46341] INFO  ipc.Server (Server.java:run(1074)) - Starting Socket Reader #1 for port 46341
2019-09-25 11:09:36,800 [main] INFO  hdfs.DFSUtil (DFSUtil.java:httpServerTemplateForNNAndJN(1641)) - Starting Web-server for scm at: http://0.0.0.0:0
2019-09-25 11:09:36,802 [main] INFO  server.AuthenticationFilter (AuthenticationFilter.java:constructSecretProvider(240)) - Unable to initialize FileSignerSecretProvider, falling back to use random secrets.
2019-09-25 11:09:36,803 [main] WARN  http.HttpRequestLog (HttpRequestLog.java:getRequestLog(97)) - Jetty request log can only be enabled using Log4j
2019-09-25 11:09:36,806 [main] INFO  http.HttpServer2 (HttpServer2.java:addGlobalFilter(975)) - Added global filter 'safety' (class=org.apache.hadoop.http.HttpServer2$QuotingInputFilter)
2019-09-25 11:09:36,806 [main] INFO  http.HttpServer2 (HttpServer2.java:addFilter(948)) - Added filter static_user_filter (class=org.apache.hadoop.http.lib.StaticUserWebFilter$StaticUserFilter) to context scm
2019-09-25 11:09:36,807 [main] INFO  http.HttpServer2 (HttpServer2.java:addFilter(958)) - Added filter static_user_filter (class=org.apache.hadoop.http.lib.StaticUserWebFilter$StaticUserFilter) to context static
2019-09-25 11:09:36,807 [main] INFO  http.HttpServer2 (HttpServer2.java:addFilter(958)) - Added filter static_user_filter (class=org.apache.hadoop.http.lib.StaticUserWebFilter$StaticUserFilter) to context logs
2019-09-25 11:09:36,808 [main] INFO  server.StorageContainerManager (StorageContainerManager.java:start(770)) - StorageContainerLocationProtocol RPC server is listening at /0.0.0.0:46341
2019-09-25 11:09:36,812 [main] WARN  impl.MetricsConfig (MetricsConfig.java:loadFirst(134)) - Cannot locate configuration: tried hadoop-metrics2-storagecontainermanager.properties,hadoop-metrics2.properties
2019-09-25 11:09:36,812 [main] INFO  impl.MetricsSystemImpl (MetricsSystemImpl.java:startTimer(374)) - Scheduled Metric snapshot period at 10 second(s).
2019-09-25 11:09:36,813 [main] INFO  impl.MetricsSystemImpl (MetricsSystemImpl.java:start(191)) - StorageContainerManager metrics system started
2019-09-25 11:09:37,034 [main] WARN  impl.MetricsSystemImpl (MetricsSystemImpl.java:register(276)) - Sink prometheus already exists!
2019-09-25 11:09:37,391 [main] INFO  server.SCMClientProtocolServer (SCMClientProtocolServer.java:start(151)) - RPC server for Client  is listening at /0.0.0.0:46341
2019-09-25 11:09:37,391 [IPC Server Responder] INFO  ipc.Server (Server.java:run(1314)) - IPC Server Responder: starting
2019-09-25 11:09:37,391 [IPC Server listener on 46341] INFO  ipc.Server (Server.java:run(1153)) - IPC Server listener on 46341: starting
2019-09-25 11:09:37,400 [main] INFO  server.StorageContainerManager (StorageContainerManager.java:start(780)) - ScmBlockLocationProtocol RPC server is listening at /0.0.0.0:36088
2019-09-25 11:09:37,401 [main] INFO  server.SCMBlockProtocolServer (SCMBlockProtocolServer.java:start(146)) - RPC server for Block Protocol is listening at /0.0.0.0:36088
2019-09-25 11:09:37,401 [IPC Server Responder] INFO  ipc.Server (Server.java:run(1314)) - IPC Server Responder: starting
2019-09-25 11:09:37,401 [IPC Server listener on 36088] INFO  ipc.Server (Server.java:run(1153)) - IPC Server listener on 36088: starting
2019-09-25 11:09:37,408 [main] INFO  server.StorageContainerManager (StorageContainerManager.java:start(784)) - ScmDatanodeProtocl RPC server is listening at /0.0.0.0:34831
2019-09-25 11:09:37,408 [main] INFO  server.SCMDatanodeProtocolServer (SCMDatanodeProtocolServer.java:start(191)) - RPC server for DataNodes is listening at /0.0.0.0:34831
2019-09-25 11:09:37,408 [IPC Server Responder] INFO  ipc.Server (Server.java:run(1314)) - IPC Server Responder: starting
2019-09-25 11:09:37,408 [IPC Server listener on 34831] INFO  ipc.Server (Server.java:run(1153)) - IPC Server listener on 34831: starting
2019-09-25 11:09:37,416 [main] INFO  http.HttpServer2 (HttpServer2.java:bindListener(1191)) - Jetty bound to port 45474
2019-09-25 11:09:37,417 [main] INFO  server.Server (Server.java:doStart(351)) - jetty-9.3.25.v20180904, build timestamp: 2018-09-04T21:11:46Z, git hash: 3ce520221d0240229c862b122d2b06c12a625732
2019-09-25 11:09:37,418 [main] INFO  handler.ContextHandler (ContextHandler.java:doStart(781)) - Started o.e.j.s.ServletContextHandler@2565a7d0{/logs,file:///workdir/hadoop-ozone/integration-test/target/log,AVAILABLE}
2019-09-25 11:09:37,419 [main] INFO  handler.ContextHandler (ContextHandler.java:doStart(781)) - Started o.e.j.s.ServletContextHandler@5103eea2{/static,file:///workdir/hadoop-ozone/integration-test/target/test-classes/webapps/static,AVAILABLE}
2019-09-25 11:09:37,422 [main] INFO  handler.ContextHandler (ContextHandler.java:doStart(781)) - Started o.e.j.w.WebAppContext@51f01535{/,file:///workdir/hadoop-ozone/integration-test/target/test-classes/webapps/scm/,AVAILABLE}{/scm}
2019-09-25 11:09:37,423 [main] INFO  server.AbstractConnector (AbstractConnector.java:doStart(278)) - Started ServerConnector@2321e482{HTTP/1.1,[http/1.1]}{0.0.0.0:45474}
2019-09-25 11:09:37,425 [main] INFO  server.Server (Server.java:doStart(419)) - Started @580972ms
2019-09-25 11:09:37,425 [main] WARN  impl.MetricsSystemImpl (MetricsSystemImpl.java:register(276)) - Sink prometheus already exists!
2019-09-25 11:09:37,426 [main] INFO  server.BaseHttpServer (BaseHttpServer.java:updateConnectorAddress(215)) - HTTP server of SCM is listening at http://0.0.0.0:45474
2019-09-25 11:09:37,427 [main] WARN  server.ServerUtils (ServerUtils.java:getDBPath(222)) - ozone.om.db.dirs is not configured. We recommend adding this setting. Falling back to ozone.metadata.dirs instead.
2019-09-25 11:09:37,427 [org.apache.hadoop.util.JvmPauseMonitor$Monitor@13fe5bb7] INFO  util.JvmPauseMonitor (JvmPauseMonitor.java:run(188)) - Starting JVM pause monitor
2019-09-25 11:09:37,477 [main] WARN  server.ServerUtils (ServerUtils.java:getDBPath(222)) - ozone.om.db.dirs is not configured. We recommend adding this setting. Falling back to ozone.metadata.dirs instead.
2019-09-25 11:09:37,477 [main] WARN  server.ServerUtils (ServerUtils.java:getDBPath(222)) - ozone.om.db.dirs is not configured. We recommend adding this setting. Falling back to ozone.metadata.dirs instead.
2019-09-25 11:09:37,478 [main] INFO  om.OzoneManager (OzoneManager.java:setOMNodeDetails(652)) - OM Service ID is not set. Setting it to the default ID: omServiceIdDefault
2019-09-25 11:09:37,478 [main] INFO  om.OzoneManager (OzoneManager.java:setOMNodeDetails(658)) - OM Node ID is not set. Setting it to the OmStorage's OmID: 88d1923b-b2c7-4319-8ccf-1cee0895a9ee
2019-09-25 11:09:37,478 [main] INFO  om.OzoneManager (OzoneManager.java:loadOMHAConfigs(609)) - Found matching OM address with OMServiceId: null, OMNodeId: null, RPC Address: localhost:0 and Ratis port: 9872
2019-09-25 11:09:37,488 [main] WARN  server.ServerUtils (ServerUtils.java:getDBPath(222)) - ozone.om.db.dirs is not configured. We recommend adding this setting. Falling back to ozone.metadata.dirs instead.
2019-09-25 11:09:37,488 [main] INFO  db.DBStoreBuilder (DBStoreBuilder.java:addTable(110)) - using custom profile for table: userTable
2019-09-25 11:09:37,489 [main] INFO  db.DBStoreBuilder (DBStoreBuilder.java:processTables(161)) - Using default column profile:DBProfile.DISK for Table:userTable
2019-09-25 11:09:37,489 [main] INFO  db.DBStoreBuilder (DBStoreBuilder.java:addTable(110)) - using custom profile for table: volumeTable
2019-09-25 11:09:37,489 [main] INFO  db.DBStoreBuilder (DBStoreBuilder.java:processTables(161)) - Using default column profile:DBProfile.DISK for Table:volumeTable
2019-09-25 11:09:37,489 [main] INFO  db.DBStoreBuilder (DBStoreBuilder.java:addTable(110)) - using custom profile for table: bucketTable
2019-09-25 11:09:37,490 [main] INFO  db.DBStoreBuilder (DBStoreBuilder.java:processTables(161)) - Using default column profile:DBProfile.DISK for Table:bucketTable
2019-09-25 11:09:37,490 [main] INFO  db.DBStoreBuilder (DBStoreBuilder.java:addTable(110)) - using custom profile for table: keyTable
2019-09-25 11:09:37,490 [main] INFO  db.DBStoreBuilder (DBStoreBuilder.java:processTables(161)) - Using default column profile:DBProfile.DISK for Table:keyTable
2019-09-25 11:09:37,490 [main] INFO  db.DBStoreBuilder (DBStoreBuilder.java:addTable(110)) - using custom profile for table: deletedTable
2019-09-25 11:09:37,491 [main] INFO  db.DBStoreBuilder (DBStoreBuilder.java:processTables(161)) - Using default column profile:DBProfile.DISK for Table:deletedTable
2019-09-25 11:09:37,491 [main] INFO  db.DBStoreBuilder (DBStoreBuilder.java:addTable(110)) - using custom profile for table: openKeyTable
2019-09-25 11:09:37,491 [main] INFO  db.DBStoreBuilder (DBStoreBuilder.java:processTables(161)) - Using default column profile:DBProfile.DISK for Table:openKeyTable
2019-09-25 11:09:37,492 [main] INFO  db.DBStoreBuilder (DBStoreBuilder.java:addTable(110)) - using custom profile for table: s3Table
2019-09-25 11:09:37,492 [main] INFO  db.DBStoreBuilder (DBStoreBuilder.java:processTables(161)) - Using default column profile:DBProfile.DISK for Table:s3Table
2019-09-25 11:09:37,492 [main] INFO  db.DBStoreBuilder (DBStoreBuilder.java:addTable(110)) - using custom profile for table: multipartInfoTable
2019-09-25 11:09:37,492 [main] INFO  db.DBStoreBuilder (DBStoreBuilder.java:processTables(161)) - Using default column profile:DBProfile.DISK for Table:multipartInfoTable
2019-09-25 11:09:37,493 [main] INFO  db.DBStoreBuilder (DBStoreBuilder.java:addTable(110)) - using custom profile for table: dTokenTable
2019-09-25 11:09:37,493 [main] INFO  db.DBStoreBuilder (DBStoreBuilder.java:processTables(161)) - Using default column profile:DBProfile.DISK for Table:dTokenTable
2019-09-25 11:09:37,493 [main] INFO  db.DBStoreBuilder (DBStoreBuilder.java:addTable(110)) - using custom profile for table: s3SecretTable
2019-09-25 11:09:37,493 [main] INFO  db.DBStoreBuilder (DBStoreBuilder.java:processTables(161)) - Using default column profile:DBProfile.DISK for Table:s3SecretTable
2019-09-25 11:09:37,494 [main] INFO  db.DBStoreBuilder (DBStoreBuilder.java:addTable(110)) - using custom profile for table: prefixTable
2019-09-25 11:09:37,494 [main] INFO  db.DBStoreBuilder (DBStoreBuilder.java:processTables(161)) - Using default column profile:DBProfile.DISK for Table:prefixTable
2019-09-25 11:09:37,494 [main] INFO  db.DBStoreBuilder (DBStoreBuilder.java:addTable(110)) - using custom profile for table: default
2019-09-25 11:09:37,494 [main] INFO  db.DBStoreBuilder (DBStoreBuilder.java:processTables(167)) - Using default column profile:DBProfile.DISK for Table:default
2019-09-25 11:09:37,495 [main] INFO  db.DBStoreBuilder (DBStoreBuilder.java:getDbProfile(198)) - Using default options. DBProfile.DISK
2019-09-25 11:09:37,899 [main] INFO  ipc.CallQueueManager (CallQueueManager.java:<init>(84)) - Using callQueue: class java.util.concurrent.LinkedBlockingQueue, queueCapacity: 2000, scheduler: class org.apache.hadoop.ipc.DefaultRpcScheduler, ipcBackoff: false.
2019-09-25 11:09:37,900 [Socket Reader #1 for port 43460] INFO  ipc.Server (Server.java:run(1074)) - Starting Socket Reader #1 for port 43460
2019-09-25 11:09:37,918 [main] INFO  om.OzoneManager (OzoneManager.java:start(1243)) - OzoneManager RPC server is listening at localhost/127.0.0.1:43460
2019-09-25 11:09:37,918 [main] INFO  impl.MetricsSystemImpl (MetricsSystemImpl.java:init(158)) - OzoneManager metrics system started (again)
2019-09-25 11:09:37,919 [IPC Server Responder] INFO  ipc.Server (Server.java:run(1314)) - IPC Server Responder: starting
2019-09-25 11:09:37,919 [IPC Server listener on 43460] INFO  ipc.Server (Server.java:run(1153)) - IPC Server listener on 43460: starting
2019-09-25 11:09:37,926 [main] INFO  hdfs.DFSUtil (DFSUtil.java:httpServerTemplateForNNAndJN(1641)) - Starting Web-server for ozoneManager at: http://0.0.0.0:0
2019-09-25 11:09:37,928 [main] INFO  server.AuthenticationFilter (AuthenticationFilter.java:constructSecretProvider(240)) - Unable to initialize FileSignerSecretProvider, falling back to use random secrets.
2019-09-25 11:09:37,928 [main] WARN  http.HttpRequestLog (HttpRequestLog.java:getRequestLog(97)) - Jetty request log can only be enabled using Log4j
2019-09-25 11:09:37,930 [main] INFO  http.HttpServer2 (HttpServer2.java:addGlobalFilter(975)) - Added global filter 'safety' (class=org.apache.hadoop.http.HttpServer2$QuotingInputFilter)
2019-09-25 11:09:37,931 [main] INFO  http.HttpServer2 (HttpServer2.java:addFilter(948)) - Added filter static_user_filter (class=org.apache.hadoop.http.lib.StaticUserWebFilter$StaticUserFilter) to context ozoneManager
2019-09-25 11:09:37,931 [main] INFO  http.HttpServer2 (HttpServer2.java:addFilter(958)) - Added filter static_user_filter (class=org.apache.hadoop.http.lib.StaticUserWebFilter$StaticUserFilter) to context static
2019-09-25 11:09:37,932 [main] INFO  http.HttpServer2 (HttpServer2.java:addFilter(958)) - Added filter static_user_filter (class=org.apache.hadoop.http.lib.StaticUserWebFilter$StaticUserFilter) to context logs
2019-09-25 11:09:37,932 [main] INFO  http.HttpServer2 (HttpServer2.java:bindListener(1191)) - Jetty bound to port 42432
2019-09-25 11:09:37,933 [main] INFO  server.Server (Server.java:doStart(351)) - jetty-9.3.25.v20180904, build timestamp: 2018-09-04T21:11:46Z, git hash: 3ce520221d0240229c862b122d2b06c12a625732
2019-09-25 11:09:37,934 [main] INFO  handler.ContextHandler (ContextHandler.java:doStart(781)) - Started o.e.j.s.ServletContextHandler@38f502fc{/logs,file:///workdir/hadoop-ozone/integration-test/target/log,AVAILABLE}
2019-09-25 11:09:37,935 [main] INFO  handler.ContextHandler (ContextHandler.java:doStart(781)) - Started o.e.j.s.ServletContextHandler@67afe909{/static,file:///workdir/hadoop-ozone/integration-test/target/test-classes/webapps/static,AVAILABLE}
2019-09-25 11:09:37,939 [main] INFO  handler.ContextHandler (ContextHandler.java:doStart(781)) - Started o.e.j.w.WebAppContext@a9e8da1{/,file:///workdir/hadoop-ozone/integration-test/target/test-classes/webapps/ozoneManager/,AVAILABLE}{/ozoneManager}
2019-09-25 11:09:37,940 [main] INFO  server.AbstractConnector (AbstractConnector.java:doStart(278)) - Started ServerConnector@14b5752f{HTTP/1.1,[http/1.1]}{0.0.0.0:42432}
2019-09-25 11:09:37,942 [main] INFO  server.Server (Server.java:doStart(419)) - Started @581489ms
2019-09-25 11:09:37,942 [main] WARN  impl.MetricsSystemImpl (MetricsSystemImpl.java:register(276)) - Sink prometheus already exists!
2019-09-25 11:09:37,944 [main] INFO  server.BaseHttpServer (BaseHttpServer.java:updateConnectorAddress(215)) - HTTP server of OZONEMANAGER is listening at http://0.0.0.0:42432
2019-09-25 11:09:37,961 [main] INFO  impl.MetricsSystemImpl (MetricsSystemImpl.java:init(158)) - HddsDatanode metrics system started (again)
2019-09-25 11:09:37,977 [main] INFO  ozone.HddsDatanodeService (HddsDatanodeService.java:start(184)) - HddsDatanodeService host:pr-hdds-1569-5gmkr-4255264070 ip:192.168.30.6
2019-09-25 11:09:37,986 [main] INFO  volume.HddsVolume (HddsVolume.java:<init>(176)) - Creating Volume: /workdir/hadoop-ozone/integration-test/target/test-dir/MiniOzoneClusterImpl-d8e1effc-caf9-4828-b7f0-59ad57edb745/datanode-0/data/containers/hdds of  storage type : DISK and capacity : 1482555576320
2019-09-25 11:09:37,987 [main] INFO  volume.VolumeSet (VolumeSet.java:initializeVolumeSet(170)) - Added Volume : /workdir/hadoop-ozone/integration-test/target/test-dir/MiniOzoneClusterImpl-d8e1effc-caf9-4828-b7f0-59ad57edb745/datanode-0/data/containers/hdds to VolumeSet
2019-09-25 11:09:37,987 [main] INFO  volume.ThrottledAsyncChecker (ThrottledAsyncChecker.java:schedule(139)) - Scheduling a check for org.apache.hadoop.ozone.container.common.volume.HddsVolume@2af9a5ef
2019-09-25 11:09:37,987 [main] INFO  volume.HddsVolumeChecker (HddsVolumeChecker.java:checkAllVolumes(202)) - Scheduled health check for volume org.apache.hadoop.ozone.container.common.volume.HddsVolume@2af9a5ef
2019-09-25 11:09:38,006 [main] INFO  impl.RaftServerProxy (ConfUtils.java:logGet(43)) - raft.rpc.type = GRPC (default)
2019-09-25 11:09:38,006 [main] INFO  grpc.GrpcFactory (GrpcFactory.java:checkPooledByteBufAllocatorUseCacheForAllThreads(45)) - PERFORMANCE WARNING: useCacheForAllThreads is true that may cause Netty to create a lot garbage objects and, as a result, trigger GC.
	It is recommended to disable useCacheForAllThreads by setting -Dorg.apache.ratis.thirdparty.io.netty.allocator.useCacheForAllThreads=false in command line.
2019-09-25 11:09:38,006 [main] INFO  grpc.GrpcConfigKeys$Server (ConfUtils.java:logGet(43)) - raft.grpc.server.port = 0 (default)
2019-09-25 11:09:38,006 [main] INFO  server.GrpcService (ConfUtils.java:logGet(43)) - raft.grpc.message.size.max = 33570816 (custom)
2019-09-25 11:09:38,007 [main] INFO  server.RaftServerConfigKeys (ConfUtils.java:logGet(43)) - raft.server.log.appender.buffer.byte-limit = 33554432 (custom)
2019-09-25 11:09:38,007 [main] INFO  server.GrpcService (ConfUtils.java:logGet(43)) - raft.grpc.flow.control.window = 1MB (=1048576) (default)
2019-09-25 11:09:38,007 [main] INFO  server.RaftServerConfigKeys (ConfUtils.java:logGet(43)) - raft.server.rpc.request.timeout = 3000ms (default)
2019-09-25 11:09:38,008 [main] INFO  server.RaftServerConfigKeys (ConfUtils.java:logGet(43)) - raft.server.storage.dir = [/workdir/hadoop-ozone/integration-test/target/test-dir/MiniOzoneClusterImpl-d8e1effc-caf9-4828-b7f0-59ad57edb745/datanode-0/data/ratis] (custom)
2019-09-25 11:09:38,009 [main] INFO  hdfs.DFSUtil (DFSUtil.java:httpServerTemplateForNNAndJN(1641)) - Starting Web-server for hddsDatanode at: http://0.0.0.0:0
2019-09-25 11:09:38,010 [main] INFO  server.AuthenticationFilter (AuthenticationFilter.java:constructSecretProvider(240)) - Unable to initialize FileSignerSecretProvider, falling back to use random secrets.
2019-09-25 11:09:38,011 [main] WARN  http.HttpRequestLog (HttpRequestLog.java:getRequestLog(97)) - Jetty request log can only be enabled using Log4j
2019-09-25 11:09:38,012 [main] INFO  http.HttpServer2 (HttpServer2.java:addGlobalFilter(975)) - Added global filter 'safety' (class=org.apache.hadoop.http.HttpServer2$QuotingInputFilter)
2019-09-25 11:09:38,013 [main] INFO  http.HttpServer2 (HttpServer2.java:addFilter(948)) - Added filter static_user_filter (class=org.apache.hadoop.http.lib.StaticUserWebFilter$StaticUserFilter) to context hddsDatanode
2019-09-25 11:09:38,013 [main] INFO  http.HttpServer2 (HttpServer2.java:addFilter(958)) - Added filter static_user_filter (class=org.apache.hadoop.http.lib.StaticUserWebFilter$StaticUserFilter) to context static
2019-09-25 11:09:38,013 [main] INFO  http.HttpServer2 (HttpServer2.java:addFilter(958)) - Added filter static_user_filter (class=org.apache.hadoop.http.lib.StaticUserWebFilter$StaticUserFilter) to context logs
2019-09-25 11:09:38,014 [main] INFO  http.HttpServer2 (HttpServer2.java:bindListener(1191)) - Jetty bound to port 36273
2019-09-25 11:09:38,014 [main] INFO  server.Server (Server.java:doStart(351)) - jetty-9.3.25.v20180904, build timestamp: 2018-09-04T21:11:46Z, git hash: 3ce520221d0240229c862b122d2b06c12a625732
2019-09-25 11:09:38,015 [main] INFO  handler.ContextHandler (ContextHandler.java:doStart(781)) - Started o.e.j.s.ServletContextHandler@315b4202{/logs,file:///workdir/hadoop-ozone/integration-test/target/log,AVAILABLE}
2019-09-25 11:09:38,016 [main] INFO  handler.ContextHandler (ContextHandler.java:doStart(781)) - Started o.e.j.s.ServletContextHandler@5a899811{/static,jar:file:/home/user/.m2/repository/org/apache/hadoop/hadoop-hdds-container-service/0.5.0-SNAPSHOT/hadoop-hdds-container-service-0.5.0-SNAPSHOT.jar!/webapps/static,AVAILABLE}
2019-09-25 11:09:38,046 [main] INFO  handler.ContextHandler (ContextHandler.java:doStart(781)) - Started o.e.j.w.WebAppContext@4d20616a{/,file:///tmp/jetty-0.0.0.0-36273-hddsDatanode-_-any-787261732203726808.dir/webapp/,AVAILABLE}{/hddsDatanode}
2019-09-25 11:09:38,047 [main] INFO  server.AbstractConnector (AbstractConnector.java:doStart(278)) - Started ServerConnector@6ad6ae45{HTTP/1.1,[http/1.1]}{0.0.0.0:36273}
2019-09-25 11:09:38,050 [main] INFO  server.Server (Server.java:doStart(419)) - Started @581597ms
2019-09-25 11:09:38,050 [main] WARN  impl.MetricsSystemImpl (MetricsSystemImpl.java:register(276)) - Sink prometheus already exists!
2019-09-25 11:09:38,050 [main] INFO  server.BaseHttpServer (BaseHttpServer.java:updateConnectorAddress(215)) - HTTP server of HDDSDATANODE is listening at http://0.0.0.0:36273
2019-09-25 11:09:38,051 [main] INFO  impl.MetricsSystemImpl (MetricsSystemImpl.java:init(158)) - HddsDatanode metrics system started (again)
2019-09-25 11:09:38,068 [org.apache.hadoop.util.JvmPauseMonitor$Monitor@64e058cc] INFO  util.JvmPauseMonitor (JvmPauseMonitor.java:run(188)) - Starting JVM pause monitor
2019-09-25 11:09:38,069 [Datanode State Machine Thread - 0] INFO  datanode.InitDatanodeState (InitDatanodeState.java:persistContainerDatanodeDetails(140)) - DatanodeDetails is persisted to /workdir/hadoop-ozone/integration-test/target/test-dir/MiniOzoneClusterImpl-d8e1effc-caf9-4828-b7f0-59ad57edb745/datanode-0/meta/datanode.id
2019-09-25 11:09:38,070 [main] INFO  ozone.HddsDatanodeService (HddsDatanodeService.java:start(184)) - HddsDatanodeService host:pr-hdds-1569-5gmkr-4255264070 ip:192.168.30.6
2019-09-25 11:09:38,078 [main] INFO  volume.HddsVolume (HddsVolume.java:<init>(176)) - Creating Volume: /workdir/hadoop-ozone/integration-test/target/test-dir/MiniOzoneClusterImpl-d8e1effc-caf9-4828-b7f0-59ad57edb745/datanode-1/data/containers/hdds of  storage type : DISK and capacity : 1482555576320
2019-09-25 11:09:38,079 [main] INFO  volume.VolumeSet (VolumeSet.java:initializeVolumeSet(170)) - Added Volume : /workdir/hadoop-ozone/integration-test/target/test-dir/MiniOzoneClusterImpl-d8e1effc-caf9-4828-b7f0-59ad57edb745/datanode-1/data/containers/hdds to VolumeSet
2019-09-25 11:09:38,079 [main] INFO  volume.ThrottledAsyncChecker (ThrottledAsyncChecker.java:schedule(139)) - Scheduling a check for org.apache.hadoop.ozone.container.common.volume.HddsVolume@790654d5
2019-09-25 11:09:38,079 [main] INFO  volume.HddsVolumeChecker (HddsVolumeChecker.java:checkAllVolumes(202)) - Scheduled health check for volume org.apache.hadoop.ozone.container.common.volume.HddsVolume@790654d5
2019-09-25 11:09:38,098 [main] INFO  impl.RaftServerProxy (ConfUtils.java:logGet(43)) - raft.rpc.type = GRPC (default)
2019-09-25 11:09:38,098 [main] INFO  grpc.GrpcFactory (GrpcFactory.java:checkPooledByteBufAllocatorUseCacheForAllThreads(45)) - PERFORMANCE WARNING: useCacheForAllThreads is true that may cause Netty to create a lot garbage objects and, as a result, trigger GC.
	It is recommended to disable useCacheForAllThreads by setting -Dorg.apache.ratis.thirdparty.io.netty.allocator.useCacheForAllThreads=false in command line.
2019-09-25 11:09:38,098 [main] INFO  grpc.GrpcConfigKeys$Server (ConfUtils.java:logGet(43)) - raft.grpc.server.port = 0 (default)
2019-09-25 11:09:38,099 [main] INFO  server.GrpcService (ConfUtils.java:logGet(43)) - raft.grpc.message.size.max = 33570816 (custom)
2019-09-25 11:09:38,099 [main] INFO  server.RaftServerConfigKeys (ConfUtils.java:logGet(43)) - raft.server.log.appender.buffer.byte-limit = 33554432 (custom)
2019-09-25 11:09:38,099 [main] INFO  server.GrpcService (ConfUtils.java:logGet(43)) - raft.grpc.flow.control.window = 1MB (=1048576) (default)
2019-09-25 11:09:38,099 [main] INFO  server.RaftServerConfigKeys (ConfUtils.java:logGet(43)) - raft.server.rpc.request.timeout = 3000ms (default)
2019-09-25 11:09:38,100 [main] INFO  server.RaftServerConfigKeys (ConfUtils.java:logGet(43)) - raft.server.storage.dir = [/workdir/hadoop-ozone/integration-test/target/test-dir/MiniOzoneClusterImpl-d8e1effc-caf9-4828-b7f0-59ad57edb745/datanode-1/data/ratis] (custom)
2019-09-25 11:09:38,101 [main] INFO  hdfs.DFSUtil (DFSUtil.java:httpServerTemplateForNNAndJN(1641)) - Starting Web-server for hddsDatanode at: http://0.0.0.0:0
2019-09-25 11:09:38,103 [main] INFO  server.AuthenticationFilter (AuthenticationFilter.java:constructSecretProvider(240)) - Unable to initialize FileSignerSecretProvider, falling back to use random secrets.
2019-09-25 11:09:38,104 [main] WARN  http.HttpRequestLog (HttpRequestLog.java:getRequestLog(97)) - Jetty request log can only be enabled using Log4j
2019-09-25 11:09:38,106 [main] INFO  http.HttpServer2 (HttpServer2.java:addGlobalFilter(975)) - Added global filter 'safety' (class=org.apache.hadoop.http.HttpServer2$QuotingInputFilter)
2019-09-25 11:09:38,106 [main] INFO  http.HttpServer2 (HttpServer2.java:addFilter(948)) - Added filter static_user_filter (class=org.apache.hadoop.http.lib.StaticUserWebFilter$StaticUserFilter) to context hddsDatanode
2019-09-25 11:09:38,107 [main] INFO  http.HttpServer2 (HttpServer2.java:addFilter(958)) - Added filter static_user_filter (class=org.apache.hadoop.http.lib.StaticUserWebFilter$StaticUserFilter) to context static
2019-09-25 11:09:38,107 [main] INFO  http.HttpServer2 (HttpServer2.java:addFilter(958)) - Added filter static_user_filter (class=org.apache.hadoop.http.lib.StaticUserWebFilter$StaticUserFilter) to context logs
2019-09-25 11:09:38,108 [main] INFO  http.HttpServer2 (HttpServer2.java:bindListener(1191)) - Jetty bound to port 43889
2019-09-25 11:09:38,108 [main] INFO  server.Server (Server.java:doStart(351)) - jetty-9.3.25.v20180904, build timestamp: 2018-09-04T21:11:46Z, git hash: 3ce520221d0240229c862b122d2b06c12a625732
2019-09-25 11:09:38,110 [main] INFO  handler.ContextHandler (ContextHandler.java:doStart(781)) - Started o.e.j.s.ServletContextHandler@6cd45b6c{/logs,file:///workdir/hadoop-ozone/integration-test/target/log,AVAILABLE}
2019-09-25 11:09:38,110 [main] INFO  handler.ContextHandler (ContextHandler.java:doStart(781)) - Started o.e.j.s.ServletContextHandler@13cc31ae{/static,jar:file:/home/user/.m2/repository/org/apache/hadoop/hadoop-hdds-container-service/0.5.0-SNAPSHOT/hadoop-hdds-container-service-0.5.0-SNAPSHOT.jar!/webapps/static,AVAILABLE}
2019-09-25 11:09:38,152 [main] INFO  handler.ContextHandler (ContextHandler.java:doStart(781)) - Started o.e.j.w.WebAppContext@674184d{/,file:///tmp/jetty-0.0.0.0-43889-hddsDatanode-_-any-7118043325589403784.dir/webapp/,AVAILABLE}{/hddsDatanode}
2019-09-25 11:09:38,153 [main] INFO  server.AbstractConnector (AbstractConnector.java:doStart(278)) - Started ServerConnector@3611153f{HTTP/1.1,[http/1.1]}{0.0.0.0:43889}
2019-09-25 11:09:38,155 [main] INFO  server.Server (Server.java:doStart(419)) - Started @581702ms
2019-09-25 11:09:38,155 [main] WARN  impl.MetricsSystemImpl (MetricsSystemImpl.java:register(276)) - Sink prometheus already exists!
2019-09-25 11:09:38,156 [main] INFO  server.BaseHttpServer (BaseHttpServer.java:updateConnectorAddress(215)) - HTTP server of HDDSDATANODE is listening at http://0.0.0.0:43889
2019-09-25 11:09:38,156 [main] INFO  impl.MetricsSystemImpl (MetricsSystemImpl.java:init(158)) - HddsDatanode metrics system started (again)
2019-09-25 11:09:38,170 [org.apache.hadoop.util.JvmPauseMonitor$Monitor@66349b93] INFO  util.JvmPauseMonitor (JvmPauseMonitor.java:run(188)) - Starting JVM pause monitor
2019-09-25 11:09:38,171 [Datanode State Machine Thread - 0] INFO  datanode.InitDatanodeState (InitDatanodeState.java:persistContainerDatanodeDetails(140)) - DatanodeDetails is persisted to /workdir/hadoop-ozone/integration-test/target/test-dir/MiniOzoneClusterImpl-d8e1effc-caf9-4828-b7f0-59ad57edb745/datanode-1/meta/datanode.id
2019-09-25 11:09:38,171 [main] INFO  ozone.HddsDatanodeService (HddsDatanodeService.java:start(184)) - HddsDatanodeService host:pr-hdds-1569-5gmkr-4255264070 ip:192.168.30.6
2019-09-25 11:09:38,178 [main] INFO  volume.HddsVolume (HddsVolume.java:<init>(176)) - Creating Volume: /workdir/hadoop-ozone/integration-test/target/test-dir/MiniOzoneClusterImpl-d8e1effc-caf9-4828-b7f0-59ad57edb745/datanode-2/data/containers/hdds of  storage type : DISK and capacity : 1482555576320
2019-09-25 11:09:38,179 [main] INFO  volume.VolumeSet (VolumeSet.java:initializeVolumeSet(170)) - Added Volume : /workdir/hadoop-ozone/integration-test/target/test-dir/MiniOzoneClusterImpl-d8e1effc-caf9-4828-b7f0-59ad57edb745/datanode-2/data/containers/hdds to VolumeSet
2019-09-25 11:09:38,179 [main] INFO  volume.ThrottledAsyncChecker (ThrottledAsyncChecker.java:schedule(139)) - Scheduling a check for org.apache.hadoop.ozone.container.common.volume.HddsVolume@29c1249a
2019-09-25 11:09:38,181 [main] INFO  volume.HddsVolumeChecker (HddsVolumeChecker.java:checkAllVolumes(202)) - Scheduled health check for volume org.apache.hadoop.ozone.container.common.volume.HddsVolume@29c1249a
2019-09-25 11:09:38,193 [main] INFO  impl.RaftServerProxy (ConfUtils.java:logGet(43)) - raft.rpc.type = GRPC (default)
2019-09-25 11:09:38,193 [main] INFO  grpc.GrpcFactory (GrpcFactory.java:checkPooledByteBufAllocatorUseCacheForAllThreads(45)) - PERFORMANCE WARNING: useCacheForAllThreads is true that may cause Netty to create a lot garbage objects and, as a result, trigger GC.
	It is recommended to disable useCacheForAllThreads by setting -Dorg.apache.ratis.thirdparty.io.netty.allocator.useCacheForAllThreads=false in command line.
2019-09-25 11:09:38,193 [main] INFO  grpc.GrpcConfigKeys$Server (ConfUtils.java:logGet(43)) - raft.grpc.server.port = 0 (default)
2019-09-25 11:09:38,193 [main] INFO  server.GrpcService (ConfUtils.java:logGet(43)) - raft.grpc.message.size.max = 33570816 (custom)
2019-09-25 11:09:38,194 [main] INFO  server.RaftServerConfigKeys (ConfUtils.java:logGet(43)) - raft.server.log.appender.buffer.byte-limit = 33554432 (custom)
2019-09-25 11:09:38,194 [main] INFO  server.GrpcService (ConfUtils.java:logGet(43)) - raft.grpc.flow.control.window = 1MB (=1048576) (default)
2019-09-25 11:09:38,194 [main] INFO  server.RaftServerConfigKeys (ConfUtils.java:logGet(43)) - raft.server.rpc.request.timeout = 3000ms (default)
2019-09-25 11:09:38,194 [main] INFO  server.RaftServerConfigKeys (ConfUtils.java:logGet(43)) - raft.server.storage.dir = [/workdir/hadoop-ozone/integration-test/target/test-dir/MiniOzoneClusterImpl-d8e1effc-caf9-4828-b7f0-59ad57edb745/datanode-2/data/ratis] (custom)
2019-09-25 11:09:38,196 [main] INFO  hdfs.DFSUtil (DFSUtil.java:httpServerTemplateForNNAndJN(1641)) - Starting Web-server for hddsDatanode at: http://0.0.0.0:0
2019-09-25 11:09:38,197 [main] INFO  server.AuthenticationFilter (AuthenticationFilter.java:constructSecretProvider(240)) - Unable to initialize FileSignerSecretProvider, falling back to use random secrets.
2019-09-25 11:09:38,197 [main] WARN  http.HttpRequestLog (HttpRequestLog.java:getRequestLog(97)) - Jetty request log can only be enabled using Log4j
2019-09-25 11:09:38,199 [main] INFO  http.HttpServer2 (HttpServer2.java:addGlobalFilter(975)) - Added global filter 'safety' (class=org.apache.hadoop.http.HttpServer2$QuotingInputFilter)
2019-09-25 11:09:38,199 [main] INFO  http.HttpServer2 (HttpServer2.java:addFilter(948)) - Added filter static_user_filter (class=org.apache.hadoop.http.lib.StaticUserWebFilter$StaticUserFilter) to context hddsDatanode
2019-09-25 11:09:38,199 [main] INFO  http.HttpServer2 (HttpServer2.java:addFilter(958)) - Added filter static_user_filter (class=org.apache.hadoop.http.lib.StaticUserWebFilter$StaticUserFilter) to context static
2019-09-25 11:09:38,199 [main] INFO  http.HttpServer2 (HttpServer2.java:addFilter(958)) - Added filter static_user_filter (class=org.apache.hadoop.http.lib.StaticUserWebFilter$StaticUserFilter) to context logs
2019-09-25 11:09:38,200 [main] INFO  http.HttpServer2 (HttpServer2.java:bindListener(1191)) - Jetty bound to port 38352
2019-09-25 11:09:38,200 [main] INFO  server.Server (Server.java:doStart(351)) - jetty-9.3.25.v20180904, build timestamp: 2018-09-04T21:11:46Z, git hash: 3ce520221d0240229c862b122d2b06c12a625732
2019-09-25 11:09:38,201 [main] INFO  handler.ContextHandler (ContextHandler.java:doStart(781)) - Started o.e.j.s.ServletContextHandler@255ed8e4{/logs,file:///workdir/hadoop-ozone/integration-test/target/log,AVAILABLE}
2019-09-25 11:09:38,202 [main] INFO  handler.ContextHandler (ContextHandler.java:doStart(781)) - Started o.e.j.s.ServletContextHandler@2a7bc16b{/static,jar:file:/home/user/.m2/repository/org/apache/hadoop/hadoop-hdds-container-service/0.5.0-SNAPSHOT/hadoop-hdds-container-service-0.5.0-SNAPSHOT.jar!/webapps/static,AVAILABLE}
2019-09-25 11:09:38,231 [main] INFO  handler.ContextHandler (ContextHandler.java:doStart(781)) - Started o.e.j.w.WebAppContext@84f51d9{/,file:///tmp/jetty-0.0.0.0-38352-hddsDatanode-_-any-5843134033147101507.dir/webapp/,AVAILABLE}{/hddsDatanode}
2019-09-25 11:09:38,231 [main] INFO  server.AbstractConnector (AbstractConnector.java:doStart(278)) - Started ServerConnector@45b96e4c{HTTP/1.1,[http/1.1]}{0.0.0.0:38352}
2019-09-25 11:09:38,234 [main] INFO  server.Server (Server.java:doStart(419)) - Started @581781ms
2019-09-25 11:09:38,234 [main] WARN  impl.MetricsSystemImpl (MetricsSystemImpl.java:register(276)) - Sink prometheus already exists!
2019-09-25 11:09:38,235 [main] INFO  server.BaseHttpServer (BaseHttpServer.java:updateConnectorAddress(215)) - HTTP server of HDDSDATANODE is listening at http://0.0.0.0:38352
2019-09-25 11:09:38,235 [main] INFO  impl.MetricsSystemImpl (MetricsSystemImpl.java:init(158)) - HddsDatanode metrics system started (again)
2019-09-25 11:09:38,248 [org.apache.hadoop.util.JvmPauseMonitor$Monitor@120d0554] INFO  util.JvmPauseMonitor (JvmPauseMonitor.java:run(188)) - Starting JVM pause monitor
2019-09-25 11:09:38,249 [Datanode State Machine Thread - 0] INFO  datanode.InitDatanodeState (InitDatanodeState.java:persistContainerDatanodeDetails(140)) - DatanodeDetails is persisted to /workdir/hadoop-ozone/integration-test/target/test-dir/MiniOzoneClusterImpl-d8e1effc-caf9-4828-b7f0-59ad57edb745/datanode-2/meta/datanode.id
2019-09-25 11:09:38,250 [main] INFO  ozone.HddsDatanodeService (HddsDatanodeService.java:start(184)) - HddsDatanodeService host:pr-hdds-1569-5gmkr-4255264070 ip:192.168.30.6
2019-09-25 11:09:38,258 [main] INFO  volume.HddsVolume (HddsVolume.java:<init>(176)) - Creating Volume: /workdir/hadoop-ozone/integration-test/target/test-dir/MiniOzoneClusterImpl-d8e1effc-caf9-4828-b7f0-59ad57edb745/datanode-3/data/containers/hdds of  storage type : DISK and capacity : 1482555576320
2019-09-25 11:09:38,258 [main] INFO  volume.VolumeSet (VolumeSet.java:initializeVolumeSet(170)) - Added Volume : /workdir/hadoop-ozone/integration-test/target/test-dir/MiniOzoneClusterImpl-d8e1effc-caf9-4828-b7f0-59ad57edb745/datanode-3/data/containers/hdds to VolumeSet
2019-09-25 11:09:38,259 [main] INFO  volume.ThrottledAsyncChecker (ThrottledAsyncChecker.java:schedule(139)) - Scheduling a check for org.apache.hadoop.ozone.container.common.volume.HddsVolume@6003220a
2019-09-25 11:09:38,259 [main] INFO  volume.HddsVolumeChecker (HddsVolumeChecker.java:checkAllVolumes(202)) - Scheduled health check for volume org.apache.hadoop.ozone.container.common.volume.HddsVolume@6003220a
2019-09-25 11:09:38,272 [main] INFO  impl.RaftServerProxy (ConfUtils.java:logGet(43)) - raft.rpc.type = GRPC (default)
2019-09-25 11:09:38,272 [main] INFO  grpc.GrpcFactory (GrpcFactory.java:checkPooledByteBufAllocatorUseCacheForAllThreads(45)) - PERFORMANCE WARNING: useCacheForAllThreads is true that may cause Netty to create a lot garbage objects and, as a result, trigger GC.
	It is recommended to disable useCacheForAllThreads by setting -Dorg.apache.ratis.thirdparty.io.netty.allocator.useCacheForAllThreads=false in command line.
2019-09-25 11:09:38,272 [main] INFO  grpc.GrpcConfigKeys$Server (ConfUtils.java:logGet(43)) - raft.grpc.server.port = 0 (default)
2019-09-25 11:09:38,272 [main] INFO  server.GrpcService (ConfUtils.java:logGet(43)) - raft.grpc.message.size.max = 33570816 (custom)
2019-09-25 11:09:38,273 [main] INFO  server.RaftServerConfigKeys (ConfUtils.java:logGet(43)) - raft.server.log.appender.buffer.byte-limit = 33554432 (custom)
2019-09-25 11:09:38,273 [main] INFO  server.GrpcService (ConfUtils.java:logGet(43)) - raft.grpc.flow.control.window = 1MB (=1048576) (default)
2019-09-25 11:09:38,273 [main] INFO  server.RaftServerConfigKeys (ConfUtils.java:logGet(43)) - raft.server.rpc.request.timeout = 3000ms (default)
2019-09-25 11:09:38,273 [main] INFO  server.RaftServerConfigKeys (ConfUtils.java:logGet(43)) - raft.server.storage.dir = [/workdir/hadoop-ozone/integration-test/target/test-dir/MiniOzoneClusterImpl-d8e1effc-caf9-4828-b7f0-59ad57edb745/datanode-3/data/ratis] (custom)
2019-09-25 11:09:38,274 [main] INFO  hdfs.DFSUtil (DFSUtil.java:httpServerTemplateForNNAndJN(1641)) - Starting Web-server for hddsDatanode at: http://0.0.0.0:0
2019-09-25 11:09:38,276 [main] INFO  server.AuthenticationFilter (AuthenticationFilter.java:constructSecretProvider(240)) - Unable to initialize FileSignerSecretProvider, falling back to use random secrets.
2019-09-25 11:09:38,276 [main] WARN  http.HttpRequestLog (HttpRequestLog.java:getRequestLog(97)) - Jetty request log can only be enabled using Log4j
2019-09-25 11:09:38,277 [main] INFO  http.HttpServer2 (HttpServer2.java:addGlobalFilter(975)) - Added global filter 'safety' (class=org.apache.hadoop.http.HttpServer2$QuotingInputFilter)
2019-09-25 11:09:38,277 [main] INFO  http.HttpServer2 (HttpServer2.java:addFilter(948)) - Added filter static_user_filter (class=org.apache.hadoop.http.lib.StaticUserWebFilter$StaticUserFilter) to context hddsDatanode
2019-09-25 11:09:38,278 [main] INFO  http.HttpServer2 (HttpServer2.java:addFilter(958)) - Added filter static_user_filter (class=org.apache.hadoop.http.lib.StaticUserWebFilter$StaticUserFilter) to context logs
2019-09-25 11:09:38,278 [main] INFO  http.HttpServer2 (HttpServer2.java:addFilter(958)) - Added filter static_user_filter (class=org.apache.hadoop.http.lib.StaticUserWebFilter$StaticUserFilter) to context static
2019-09-25 11:09:38,278 [main] INFO  http.HttpServer2 (HttpServer2.java:bindListener(1191)) - Jetty bound to port 43449
2019-09-25 11:09:38,278 [main] INFO  server.Server (Server.java:doStart(351)) - jetty-9.3.25.v20180904, build timestamp: 2018-09-04T21:11:46Z, git hash: 3ce520221d0240229c862b122d2b06c12a625732
2019-09-25 11:09:38,280 [main] INFO  handler.ContextHandler (ContextHandler.java:doStart(781)) - Started o.e.j.s.ServletContextHandler@ec5f944{/logs,file:///workdir/hadoop-ozone/integration-test/target/log,AVAILABLE}
2019-09-25 11:09:38,280 [main] INFO  handler.ContextHandler (ContextHandler.java:doStart(781)) - Started o.e.j.s.ServletContextHandler@74eec640{/static,jar:file:/home/user/.m2/repository/org/apache/hadoop/hadoop-hdds-container-service/0.5.0-SNAPSHOT/hadoop-hdds-container-service-0.5.0-SNAPSHOT.jar!/webapps/static,AVAILABLE}
2019-09-25 11:09:38,307 [main] INFO  handler.ContextHandler (ContextHandler.java:doStart(781)) - Started o.e.j.w.WebAppContext@7a2a7492{/,file:///tmp/jetty-0.0.0.0-43449-hddsDatanode-_-any-7371162317784624951.dir/webapp/,AVAILABLE}{/hddsDatanode}
2019-09-25 11:09:38,308 [main] INFO  server.AbstractConnector (AbstractConnector.java:doStart(278)) - Started ServerConnector@6326c5ec{HTTP/1.1,[http/1.1]}{0.0.0.0:43449}
2019-09-25 11:09:38,310 [main] INFO  server.Server (Server.java:doStart(419)) - Started @581857ms
2019-09-25 11:09:38,310 [main] WARN  impl.MetricsSystemImpl (MetricsSystemImpl.java:register(276)) - Sink prometheus already exists!
2019-09-25 11:09:38,311 [main] INFO  server.BaseHttpServer (BaseHttpServer.java:updateConnectorAddress(215)) - HTTP server of HDDSDATANODE is listening at http://0.0.0.0:43449
2019-09-25 11:09:38,311 [main] INFO  impl.MetricsSystemImpl (MetricsSystemImpl.java:init(158)) - HddsDatanode metrics system started (again)
2019-09-25 11:09:38,325 [org.apache.hadoop.util.JvmPauseMonitor$Monitor@6c4eb40e] INFO  util.JvmPauseMonitor (JvmPauseMonitor.java:run(188)) - Starting JVM pause monitor
2019-09-25 11:09:38,326 [main] INFO  ozone.HddsDatanodeService (HddsDatanodeService.java:start(184)) - HddsDatanodeService host:pr-hdds-1569-5gmkr-4255264070 ip:192.168.30.6
2019-09-25 11:09:38,326 [Datanode State Machine Thread - 0] INFO  datanode.InitDatanodeState (InitDatanodeState.java:persistContainerDatanodeDetails(140)) - DatanodeDetails is persisted to /workdir/hadoop-ozone/integration-test/target/test-dir/MiniOzoneClusterImpl-d8e1effc-caf9-4828-b7f0-59ad57edb745/datanode-3/meta/datanode.id
2019-09-25 11:09:38,333 [main] INFO  volume.HddsVolume (HddsVolume.java:<init>(176)) - Creating Volume: /workdir/hadoop-ozone/integration-test/target/test-dir/MiniOzoneClusterImpl-d8e1effc-caf9-4828-b7f0-59ad57edb745/datanode-4/data/containers/hdds of  storage type : DISK and capacity : 1482555576320
2019-09-25 11:09:38,336 [main] INFO  volume.VolumeSet (VolumeSet.java:initializeVolumeSet(170)) - Added Volume : /workdir/hadoop-ozone/integration-test/target/test-dir/MiniOzoneClusterImpl-d8e1effc-caf9-4828-b7f0-59ad57edb745/datanode-4/data/containers/hdds to VolumeSet
2019-09-25 11:09:38,336 [main] INFO  volume.ThrottledAsyncChecker (ThrottledAsyncChecker.java:schedule(139)) - Scheduling a check for org.apache.hadoop.ozone.container.common.volume.HddsVolume@4b98225c
2019-09-25 11:09:38,336 [main] INFO  volume.HddsVolumeChecker (HddsVolumeChecker.java:checkAllVolumes(202)) - Scheduled health check for volume org.apache.hadoop.ozone.container.common.volume.HddsVolume@4b98225c
2019-09-25 11:09:38,355 [main] INFO  impl.RaftServerProxy (ConfUtils.java:logGet(43)) - raft.rpc.type = GRPC (default)
2019-09-25 11:09:38,355 [main] INFO  grpc.GrpcFactory (GrpcFactory.java:checkPooledByteBufAllocatorUseCacheForAllThreads(45)) - PERFORMANCE WARNING: useCacheForAllThreads is true that may cause Netty to create a lot garbage objects and, as a result, trigger GC.
	It is recommended to disable useCacheForAllThreads by setting -Dorg.apache.ratis.thirdparty.io.netty.allocator.useCacheForAllThreads=false in command line.
2019-09-25 11:09:38,355 [main] INFO  grpc.GrpcConfigKeys$Server (ConfUtils.java:logGet(43)) - raft.grpc.server.port = 0 (default)
2019-09-25 11:09:38,356 [main] INFO  server.GrpcService (ConfUtils.java:logGet(43)) - raft.grpc.message.size.max = 33570816 (custom)
2019-09-25 11:09:38,356 [main] INFO  server.RaftServerConfigKeys (ConfUtils.java:logGet(43)) - raft.server.log.appender.buffer.byte-limit = 33554432 (custom)
2019-09-25 11:09:38,356 [main] INFO  server.GrpcService (ConfUtils.java:logGet(43)) - raft.grpc.flow.control.window = 1MB (=1048576) (default)
2019-09-25 11:09:38,356 [main] INFO  server.RaftServerConfigKeys (ConfUtils.java:logGet(43)) - raft.server.rpc.request.timeout = 3000ms (default)
2019-09-25 11:09:38,357 [main] INFO  server.RaftServerConfigKeys (ConfUtils.java:logGet(43)) - raft.server.storage.dir = [/workdir/hadoop-ozone/integration-test/target/test-dir/MiniOzoneClusterImpl-d8e1effc-caf9-4828-b7f0-59ad57edb745/datanode-4/data/ratis] (custom)
2019-09-25 11:09:38,358 [main] INFO  hdfs.DFSUtil (DFSUtil.java:httpServerTemplateForNNAndJN(1641)) - Starting Web-server for hddsDatanode at: http://0.0.0.0:0
2019-09-25 11:09:38,360 [main] INFO  server.AuthenticationFilter (AuthenticationFilter.java:constructSecretProvider(240)) - Unable to initialize FileSignerSecretProvider, falling back to use random secrets.
2019-09-25 11:09:38,361 [main] WARN  http.HttpRequestLog (HttpRequestLog.java:getRequestLog(97)) - Jetty request log can only be enabled using Log4j
2019-09-25 11:09:38,362 [main] INFO  http.HttpServer2 (HttpServer2.java:addGlobalFilter(975)) - Added global filter 'safety' (class=org.apache.hadoop.http.HttpServer2$QuotingInputFilter)
2019-09-25 11:09:38,363 [main] INFO  http.HttpServer2 (HttpServer2.java:addFilter(948)) - Added filter static_user_filter (class=org.apache.hadoop.http.lib.StaticUserWebFilter$StaticUserFilter) to context hddsDatanode
2019-09-25 11:09:38,363 [main] INFO  http.HttpServer2 (HttpServer2.java:addFilter(958)) - Added filter static_user_filter (class=org.apache.hadoop.http.lib.StaticUserWebFilter$StaticUserFilter) to context static
2019-09-25 11:09:38,364 [main] INFO  http.HttpServer2 (HttpServer2.java:addFilter(958)) - Added filter static_user_filter (class=org.apache.hadoop.http.lib.StaticUserWebFilter$StaticUserFilter) to context logs
2019-09-25 11:09:38,364 [main] INFO  http.HttpServer2 (HttpServer2.java:bindListener(1191)) - Jetty bound to port 43749
2019-09-25 11:09:38,365 [main] INFO  server.Server (Server.java:doStart(351)) - jetty-9.3.25.v20180904, build timestamp: 2018-09-04T21:11:46Z, git hash: 3ce520221d0240229c862b122d2b06c12a625732
2019-09-25 11:09:38,366 [main] INFO  handler.ContextHandler (ContextHandler.java:doStart(781)) - Started o.e.j.s.ServletContextHandler@77ab5214{/logs,file:///workdir/hadoop-ozone/integration-test/target/log,AVAILABLE}
2019-09-25 11:09:38,367 [main] INFO  handler.ContextHandler (ContextHandler.java:doStart(781)) - Started o.e.j.s.ServletContextHandler@bd273b2{/static,jar:file:/home/user/.m2/repository/org/apache/hadoop/hadoop-hdds-container-service/0.5.0-SNAPSHOT/hadoop-hdds-container-service-0.5.0-SNAPSHOT.jar!/webapps/static,AVAILABLE}
2019-09-25 11:09:38,416 [main] INFO  handler.ContextHandler (ContextHandler.java:doStart(781)) - Started o.e.j.w.WebAppContext@7de5871d{/,file:///tmp/jetty-0.0.0.0-43749-hddsDatanode-_-any-8688298615470912590.dir/webapp/,AVAILABLE}{/hddsDatanode}
2019-09-25 11:09:38,416 [main] INFO  server.AbstractConnector (AbstractConnector.java:doStart(278)) - Started ServerConnector@49d42faf{HTTP/1.1,[http/1.1]}{0.0.0.0:43749}
2019-09-25 11:09:38,420 [main] INFO  server.Server (Server.java:doStart(419)) - Started @581967ms
2019-09-25 11:09:38,420 [main] WARN  impl.MetricsSystemImpl (MetricsSystemImpl.java:register(276)) - Sink prometheus already exists!
2019-09-25 11:09:38,421 [main] INFO  server.BaseHttpServer (BaseHttpServer.java:updateConnectorAddress(215)) - HTTP server of HDDSDATANODE is listening at http://0.0.0.0:43749
2019-09-25 11:09:38,422 [main] INFO  impl.MetricsSystemImpl (MetricsSystemImpl.java:init(158)) - HddsDatanode metrics system started (again)
2019-09-25 11:09:38,436 [org.apache.hadoop.util.JvmPauseMonitor$Monitor@53c20bb7] INFO  util.JvmPauseMonitor (JvmPauseMonitor.java:run(188)) - Starting JVM pause monitor
2019-09-25 11:09:38,437 [main] INFO  ozone.HddsDatanodeService (HddsDatanodeService.java:start(184)) - HddsDatanodeService host:pr-hdds-1569-5gmkr-4255264070 ip:192.168.30.6
2019-09-25 11:09:38,439 [Datanode State Machine Thread - 0] INFO  datanode.InitDatanodeState (InitDatanodeState.java:persistContainerDatanodeDetails(140)) - DatanodeDetails is persisted to /workdir/hadoop-ozone/integration-test/target/test-dir/MiniOzoneClusterImpl-d8e1effc-caf9-4828-b7f0-59ad57edb745/datanode-4/meta/datanode.id
2019-09-25 11:09:38,445 [main] INFO  volume.HddsVolume (HddsVolume.java:<init>(176)) - Creating Volume: /workdir/hadoop-ozone/integration-test/target/test-dir/MiniOzoneClusterImpl-d8e1effc-caf9-4828-b7f0-59ad57edb745/datanode-5/data/containers/hdds of  storage type : DISK and capacity : 1482555576320
2019-09-25 11:09:38,445 [main] INFO  volume.VolumeSet (VolumeSet.java:initializeVolumeSet(170)) - Added Volume : /workdir/hadoop-ozone/integration-test/target/test-dir/MiniOzoneClusterImpl-d8e1effc-caf9-4828-b7f0-59ad57edb745/datanode-5/data/containers/hdds to VolumeSet
2019-09-25 11:09:38,446 [main] INFO  volume.ThrottledAsyncChecker (ThrottledAsyncChecker.java:schedule(139)) - Scheduling a check for org.apache.hadoop.ozone.container.common.volume.HddsVolume@30c01c37
2019-09-25 11:09:38,446 [main] INFO  volume.HddsVolumeChecker (HddsVolumeChecker.java:checkAllVolumes(202)) - Scheduled health check for volume org.apache.hadoop.ozone.container.common.volume.HddsVolume@30c01c37
2019-09-25 11:09:38,469 [main] INFO  impl.RaftServerProxy (ConfUtils.java:logGet(43)) - raft.rpc.type = GRPC (default)
2019-09-25 11:09:38,470 [main] INFO  grpc.GrpcFactory (GrpcFactory.java:checkPooledByteBufAllocatorUseCacheForAllThreads(45)) - PERFORMANCE WARNING: useCacheForAllThreads is true that may cause Netty to create a lot garbage objects and, as a result, trigger GC.
	It is recommended to disable useCacheForAllThreads by setting -Dorg.apache.ratis.thirdparty.io.netty.allocator.useCacheForAllThreads=false in command line.
2019-09-25 11:09:38,470 [main] INFO  grpc.GrpcConfigKeys$Server (ConfUtils.java:logGet(43)) - raft.grpc.server.port = 0 (default)
2019-09-25 11:09:38,470 [main] INFO  server.GrpcService (ConfUtils.java:logGet(43)) - raft.grpc.message.size.max = 33570816 (custom)
2019-09-25 11:09:38,470 [main] INFO  server.RaftServerConfigKeys (ConfUtils.java:logGet(43)) - raft.server.log.appender.buffer.byte-limit = 33554432 (custom)
2019-09-25 11:09:38,470 [main] INFO  server.GrpcService (ConfUtils.java:logGet(43)) - raft.grpc.flow.control.window = 1MB (=1048576) (default)
2019-09-25 11:09:38,470 [main] INFO  server.RaftServerConfigKeys (ConfUtils.java:logGet(43)) - raft.server.rpc.request.timeout = 3000ms (default)
2019-09-25 11:09:38,471 [main] INFO  server.RaftServerConfigKeys (ConfUtils.java:logGet(43)) - raft.server.storage.dir = [/workdir/hadoop-ozone/integration-test/target/test-dir/MiniOzoneClusterImpl-d8e1effc-caf9-4828-b7f0-59ad57edb745/datanode-5/data/ratis] (custom)
2019-09-25 11:09:38,472 [main] INFO  hdfs.DFSUtil (DFSUtil.java:httpServerTemplateForNNAndJN(1641)) - Starting Web-server for hddsDatanode at: http://0.0.0.0:0
2019-09-25 11:09:38,473 [main] INFO  server.AuthenticationFilter (AuthenticationFilter.java:constructSecretProvider(240)) - Unable to initialize FileSignerSecretProvider, falling back to use random secrets.
2019-09-25 11:09:38,474 [main] WARN  http.HttpRequestLog (HttpRequestLog.java:getRequestLog(97)) - Jetty request log can only be enabled using Log4j
2019-09-25 11:09:38,475 [main] INFO  http.HttpServer2 (HttpServer2.java:addGlobalFilter(975)) - Added global filter 'safety' (class=org.apache.hadoop.http.HttpServer2$QuotingInputFilter)
2019-09-25 11:09:38,475 [main] INFO  http.HttpServer2 (HttpServer2.java:addFilter(948)) - Added filter static_user_filter (class=org.apache.hadoop.http.lib.StaticUserWebFilter$StaticUserFilter) to context hddsDatanode
2019-09-25 11:09:38,475 [main] INFO  http.HttpServer2 (HttpServer2.java:addFilter(958)) - Added filter static_user_filter (class=org.apache.hadoop.http.lib.StaticUserWebFilter$StaticUserFilter) to context static
2019-09-25 11:09:38,475 [main] INFO  http.HttpServer2 (HttpServer2.java:addFilter(958)) - Added filter static_user_filter (class=org.apache.hadoop.http.lib.StaticUserWebFilter$StaticUserFilter) to context logs
2019-09-25 11:09:38,476 [main] INFO  http.HttpServer2 (HttpServer2.java:bindListener(1191)) - Jetty bound to port 38300
2019-09-25 11:09:38,476 [main] INFO  server.Server (Server.java:doStart(351)) - jetty-9.3.25.v20180904, build timestamp: 2018-09-04T21:11:46Z, git hash: 3ce520221d0240229c862b122d2b06c12a625732
2019-09-25 11:09:38,477 [main] INFO  handler.ContextHandler (ContextHandler.java:doStart(781)) - Started o.e.j.s.ServletContextHandler@43786627{/logs,file:///workdir/hadoop-ozone/integration-test/target/log,AVAILABLE}
2019-09-25 11:09:38,478 [main] INFO  handler.ContextHandler (ContextHandler.java:doStart(781)) - Started o.e.j.s.ServletContextHandler@65e620b0{/static,jar:file:/home/user/.m2/repository/org/apache/hadoop/hadoop-hdds-container-service/0.5.0-SNAPSHOT/hadoop-hdds-container-service-0.5.0-SNAPSHOT.jar!/webapps/static,AVAILABLE}
2019-09-25 11:09:38,505 [main] INFO  handler.ContextHandler (ContextHandler.java:doStart(781)) - Started o.e.j.w.WebAppContext@b5de9ac{/,file:///tmp/jetty-0.0.0.0-38300-hddsDatanode-_-any-4188423784345409269.dir/webapp/,AVAILABLE}{/hddsDatanode}
2019-09-25 11:09:38,505 [main] INFO  server.AbstractConnector (AbstractConnector.java:doStart(278)) - Started ServerConnector@4ecd8ab1{HTTP/1.1,[http/1.1]}{0.0.0.0:38300}
2019-09-25 11:09:38,505 [main] INFO  server.Server (Server.java:doStart(419)) - Started @582052ms
2019-09-25 11:09:38,509 [main] WARN  impl.MetricsSystemImpl (MetricsSystemImpl.java:register(276)) - Sink prometheus already exists!
2019-09-25 11:09:38,509 [main] INFO  server.BaseHttpServer (BaseHttpServer.java:updateConnectorAddress(215)) - HTTP server of HDDSDATANODE is listening at http://0.0.0.0:38300
2019-09-25 11:09:38,510 [main] INFO  impl.MetricsSystemImpl (MetricsSystemImpl.java:init(158)) - HddsDatanode metrics system started (again)
2019-09-25 11:09:38,525 [org.apache.hadoop.util.JvmPauseMonitor$Monitor@7454c630] INFO  util.JvmPauseMonitor (JvmPauseMonitor.java:run(188)) - Starting JVM pause monitor
2019-09-25 11:09:38,526 [main] INFO  ozone.HddsDatanodeService (HddsDatanodeService.java:start(184)) - HddsDatanodeService host:pr-hdds-1569-5gmkr-4255264070 ip:192.168.30.6
2019-09-25 11:09:38,528 [Datanode State Machine Thread - 0] INFO  datanode.InitDatanodeState (InitDatanodeState.java:persistContainerDatanodeDetails(140)) - DatanodeDetails is persisted to /workdir/hadoop-ozone/integration-test/target/test-dir/MiniOzoneClusterImpl-d8e1effc-caf9-4828-b7f0-59ad57edb745/datanode-5/meta/datanode.id
2019-09-25 11:09:38,535 [main] INFO  volume.HddsVolume (HddsVolume.java:<init>(176)) - Creating Volume: /workdir/hadoop-ozone/integration-test/target/test-dir/MiniOzoneClusterImpl-d8e1effc-caf9-4828-b7f0-59ad57edb745/datanode-6/data/containers/hdds of  storage type : DISK and capacity : 1482555576320
2019-09-25 11:09:38,536 [main] INFO  volume.VolumeSet (VolumeSet.java:initializeVolumeSet(170)) - Added Volume : /workdir/hadoop-ozone/integration-test/target/test-dir/MiniOzoneClusterImpl-d8e1effc-caf9-4828-b7f0-59ad57edb745/datanode-6/data/containers/hdds to VolumeSet
2019-09-25 11:09:38,536 [main] INFO  volume.ThrottledAsyncChecker (ThrottledAsyncChecker.java:schedule(139)) - Scheduling a check for org.apache.hadoop.ozone.container.common.volume.HddsVolume@43a7203e
2019-09-25 11:09:38,536 [main] INFO  volume.HddsVolumeChecker (HddsVolumeChecker.java:checkAllVolumes(202)) - Scheduled health check for volume org.apache.hadoop.ozone.container.common.volume.HddsVolume@43a7203e
2019-09-25 11:09:38,551 [main] INFO  impl.RaftServerProxy (ConfUtils.java:logGet(43)) - raft.rpc.type = GRPC (default)
2019-09-25 11:09:38,552 [main] INFO  grpc.GrpcFactory (GrpcFactory.java:checkPooledByteBufAllocatorUseCacheForAllThreads(45)) - PERFORMANCE WARNING: useCacheForAllThreads is true that may cause Netty to create a lot garbage objects and, as a result, trigger GC.
	It is recommended to disable useCacheForAllThreads by setting -Dorg.apache.ratis.thirdparty.io.netty.allocator.useCacheForAllThreads=false in command line.
2019-09-25 11:09:38,552 [main] INFO  grpc.GrpcConfigKeys$Server (ConfUtils.java:logGet(43)) - raft.grpc.server.port = 0 (default)
2019-09-25 11:09:38,552 [main] INFO  server.GrpcService (ConfUtils.java:logGet(43)) - raft.grpc.message.size.max = 33570816 (custom)
2019-09-25 11:09:38,552 [main] INFO  server.RaftServerConfigKeys (ConfUtils.java:logGet(43)) - raft.server.log.appender.buffer.byte-limit = 33554432 (custom)
2019-09-25 11:09:38,552 [main] INFO  server.GrpcService (ConfUtils.java:logGet(43)) - raft.grpc.flow.control.window = 1MB (=1048576) (default)
2019-09-25 11:09:38,553 [main] INFO  server.RaftServerConfigKeys (ConfUtils.java:logGet(43)) - raft.server.rpc.request.timeout = 3000ms (default)
2019-09-25 11:09:38,553 [main] INFO  server.RaftServerConfigKeys (ConfUtils.java:logGet(43)) - raft.server.storage.dir = [/workdir/hadoop-ozone/integration-test/target/test-dir/MiniOzoneClusterImpl-d8e1effc-caf9-4828-b7f0-59ad57edb745/datanode-6/data/ratis] (custom)
2019-09-25 11:09:38,554 [main] INFO  hdfs.DFSUtil (DFSUtil.java:httpServerTemplateForNNAndJN(1641)) - Starting Web-server for hddsDatanode at: http://0.0.0.0:0
2019-09-25 11:09:38,555 [main] INFO  server.AuthenticationFilter (AuthenticationFilter.java:constructSecretProvider(240)) - Unable to initialize FileSignerSecretProvider, falling back to use random secrets.
2019-09-25 11:09:38,556 [main] WARN  http.HttpRequestLog (HttpRequestLog.java:getRequestLog(97)) - Jetty request log can only be enabled using Log4j
2019-09-25 11:09:38,557 [main] INFO  http.HttpServer2 (HttpServer2.java:addGlobalFilter(975)) - Added global filter 'safety' (class=org.apache.hadoop.http.HttpServer2$QuotingInputFilter)
2019-09-25 11:09:38,557 [main] INFO  http.HttpServer2 (HttpServer2.java:addFilter(948)) - Added filter static_user_filter (class=org.apache.hadoop.http.lib.StaticUserWebFilter$StaticUserFilter) to context hddsDatanode
2019-09-25 11:09:38,557 [main] INFO  http.HttpServer2 (HttpServer2.java:addFilter(958)) - Added filter static_user_filter (class=org.apache.hadoop.http.lib.StaticUserWebFilter$StaticUserFilter) to context logs
2019-09-25 11:09:38,557 [main] INFO  http.HttpServer2 (HttpServer2.java:addFilter(958)) - Added filter static_user_filter (class=org.apache.hadoop.http.lib.StaticUserWebFilter$StaticUserFilter) to context static
2019-09-25 11:09:38,558 [main] INFO  http.HttpServer2 (HttpServer2.java:bindListener(1191)) - Jetty bound to port 42980
2019-09-25 11:09:38,558 [main] INFO  server.Server (Server.java:doStart(351)) - jetty-9.3.25.v20180904, build timestamp: 2018-09-04T21:11:46Z, git hash: 3ce520221d0240229c862b122d2b06c12a625732
2019-09-25 11:09:38,560 [main] INFO  handler.ContextHandler (ContextHandler.java:doStart(781)) - Started o.e.j.s.ServletContextHandler@1fee4278{/logs,file:///workdir/hadoop-ozone/integration-test/target/log,AVAILABLE}
2019-09-25 11:09:38,560 [main] INFO  handler.ContextHandler (ContextHandler.java:doStart(781)) - Started o.e.j.s.ServletContextHandler@20864cd1{/static,jar:file:/home/user/.m2/repository/org/apache/hadoop/hadoop-hdds-container-service/0.5.0-SNAPSHOT/hadoop-hdds-container-service-0.5.0-SNAPSHOT.jar!/webapps/static,AVAILABLE}
2019-09-25 11:09:38,587 [main] INFO  handler.ContextHandler (ContextHandler.java:doStart(781)) - Started o.e.j.w.WebAppContext@4eb63dc8{/,file:///tmp/jetty-0.0.0.0-42980-hddsDatanode-_-any-8796478775714405574.dir/webapp/,AVAILABLE}{/hddsDatanode}
2019-09-25 11:09:38,587 [main] INFO  server.AbstractConnector (AbstractConnector.java:doStart(278)) - Started ServerConnector@402d6012{HTTP/1.1,[http/1.1]}{0.0.0.0:42980}
2019-09-25 11:09:38,587 [main] INFO  server.Server (Server.java:doStart(419)) - Started @582134ms
2019-09-25 11:09:38,590 [main] WARN  impl.MetricsSystemImpl (MetricsSystemImpl.java:register(276)) - Sink prometheus already exists!
2019-09-25 11:09:38,591 [main] INFO  server.BaseHttpServer (BaseHttpServer.java:updateConnectorAddress(215)) - HTTP server of HDDSDATANODE is listening at http://0.0.0.0:42980
2019-09-25 11:09:38,592 [main] INFO  ozone.MiniOzoneClusterImpl (MiniOzoneClusterImpl.java:lambda$waitForClusterToBeReady$0(147)) - Waiting for cluster to be ready. Got 0 of 7 DN Heartbeats.
2019-09-25 11:09:38,593 [org.apache.hadoop.util.JvmPauseMonitor$Monitor@4758da12] INFO  util.JvmPauseMonitor (JvmPauseMonitor.java:run(188)) - Starting JVM pause monitor
2019-09-25 11:09:38,594 [Datanode State Machine Thread - 0] INFO  datanode.InitDatanodeState (InitDatanodeState.java:persistContainerDatanodeDetails(140)) - DatanodeDetails is persisted to /workdir/hadoop-ozone/integration-test/target/test-dir/MiniOzoneClusterImpl-d8e1effc-caf9-4828-b7f0-59ad57edb745/datanode-6/meta/datanode.id
2019-09-25 11:09:39,592 [main] INFO  ozone.MiniOzoneClusterImpl (MiniOzoneClusterImpl.java:lambda$waitForClusterToBeReady$0(147)) - Waiting for cluster to be ready. Got 0 of 7 DN Heartbeats.
2019-09-25 11:09:40,132 [Datanode State Machine Thread - 0] INFO  ozoneimpl.OzoneContainer (OzoneContainer.java:start(217)) - Attempting to start container services.
2019-09-25 11:09:40,132 [Datanode State Machine Thread - 0] INFO  ozoneimpl.OzoneContainer (OzoneContainer.java:startContainerScrub(179)) - Background container scanner has been disabled.
2019-09-25 11:09:40,132 [Datanode State Machine Thread - 0] INFO  ratis.XceiverServerRatis (XceiverServerRatis.java:start(411)) - Starting XceiverServerRatis 6b5841ea-ab37-40e7-b4af-848a53246ff5 at port 0
2019-09-25 11:09:40,138 [Datanode State Machine Thread - 0] INFO  impl.RaftServerProxy (RaftServerProxy.java:lambda$start$3(299)) - 6b5841ea-ab37-40e7-b4af-848a53246ff5: start RPC server
2019-09-25 11:09:40,155 [Datanode State Machine Thread - 0] INFO  server.GrpcService (GrpcService.java:startImpl(158)) - 6b5841ea-ab37-40e7-b4af-848a53246ff5: GrpcService started, listening on 0.0.0.0/0.0.0.0:45265
2019-09-25 11:09:40,155 [Datanode State Machine Thread - 0] INFO  ratis.XceiverServerRatis (XceiverServerRatis.java:start(421)) - XceiverServerRatis 6b5841ea-ab37-40e7-b4af-848a53246ff5 is started using port 45265
2019-09-25 11:09:40,156 [Datanode State Machine Thread - 0] INFO  server.XceiverServerGrpc (XceiverServerGrpc.java:start(149)) - XceiverServerGrpc 6b5841ea-ab37-40e7-b4af-848a53246ff5 is started using port 46432
2019-09-25 11:09:40,225 [Datanode State Machine Thread - 0] INFO  ozoneimpl.OzoneContainer (OzoneContainer.java:start(217)) - Attempting to start container services.
2019-09-25 11:09:40,225 [Datanode State Machine Thread - 0] INFO  ozoneimpl.OzoneContainer (OzoneContainer.java:startContainerScrub(179)) - Background container scanner has been disabled.
2019-09-25 11:09:40,225 [Datanode State Machine Thread - 0] INFO  ratis.XceiverServerRatis (XceiverServerRatis.java:start(411)) - Starting XceiverServerRatis deee6178-b1f5-49c6-a192-edc1bfc8677d at port 0
2019-09-25 11:09:40,231 [Datanode State Machine Thread - 0] INFO  impl.RaftServerProxy (RaftServerProxy.java:lambda$start$3(299)) - deee6178-b1f5-49c6-a192-edc1bfc8677d: start RPC server
2019-09-25 11:09:40,236 [Datanode State Machine Thread - 0] INFO  server.GrpcService (GrpcService.java:startImpl(158)) - deee6178-b1f5-49c6-a192-edc1bfc8677d: GrpcService started, listening on 0.0.0.0/0.0.0.0:37193
2019-09-25 11:09:40,236 [Datanode State Machine Thread - 0] INFO  ratis.XceiverServerRatis (XceiverServerRatis.java:start(421)) - XceiverServerRatis deee6178-b1f5-49c6-a192-edc1bfc8677d is started using port 37193
2019-09-25 11:09:40,237 [Datanode State Machine Thread - 0] INFO  server.XceiverServerGrpc (XceiverServerGrpc.java:start(149)) - XceiverServerGrpc deee6178-b1f5-49c6-a192-edc1bfc8677d is started using port 36657
2019-09-25 11:09:40,297 [Datanode State Machine Thread - 0] INFO  ozoneimpl.OzoneContainer (OzoneContainer.java:start(217)) - Attempting to start container services.
2019-09-25 11:09:40,297 [Datanode State Machine Thread - 0] INFO  ozoneimpl.OzoneContainer (OzoneContainer.java:startContainerScrub(179)) - Background container scanner has been disabled.
2019-09-25 11:09:40,298 [Datanode State Machine Thread - 0] INFO  ratis.XceiverServerRatis (XceiverServerRatis.java:start(411)) - Starting XceiverServerRatis 07e899c7-9b65-45ad-afd5-2a504e2891bf at port 0
2019-09-25 11:09:40,305 [Datanode State Machine Thread - 0] INFO  impl.RaftServerProxy (RaftServerProxy.java:lambda$start$3(299)) - 07e899c7-9b65-45ad-afd5-2a504e2891bf: start RPC server
2019-09-25 11:09:40,310 [Datanode State Machine Thread - 0] INFO  server.GrpcService (GrpcService.java:startImpl(158)) - 07e899c7-9b65-45ad-afd5-2a504e2891bf: GrpcService started, listening on 0.0.0.0/0.0.0.0:43313
2019-09-25 11:09:40,310 [Datanode State Machine Thread - 0] INFO  ratis.XceiverServerRatis (XceiverServerRatis.java:start(421)) - XceiverServerRatis 07e899c7-9b65-45ad-afd5-2a504e2891bf is started using port 43313
2019-09-25 11:09:40,311 [Datanode State Machine Thread - 0] INFO  server.XceiverServerGrpc (XceiverServerGrpc.java:start(149)) - XceiverServerGrpc 07e899c7-9b65-45ad-afd5-2a504e2891bf is started using port 34570
2019-09-25 11:09:40,391 [Datanode State Machine Thread - 0] INFO  ozoneimpl.OzoneContainer (OzoneContainer.java:start(217)) - Attempting to start container services.
2019-09-25 11:09:40,391 [Datanode State Machine Thread - 0] INFO  ozoneimpl.OzoneContainer (OzoneContainer.java:startContainerScrub(179)) - Background container scanner has been disabled.
2019-09-25 11:09:40,391 [Datanode State Machine Thread - 0] INFO  ratis.XceiverServerRatis (XceiverServerRatis.java:start(411)) - Starting XceiverServerRatis 0b288e97-ea7b-4dc2-9c9e-09d2c36158d8 at port 0
2019-09-25 11:09:40,398 [Datanode State Machine Thread - 0] INFO  impl.RaftServerProxy (RaftServerProxy.java:lambda$start$3(299)) - 0b288e97-ea7b-4dc2-9c9e-09d2c36158d8: start RPC server
2019-09-25 11:09:40,399 [Datanode State Machine Thread - 0] INFO  server.GrpcService (GrpcService.java:startImpl(158)) - 0b288e97-ea7b-4dc2-9c9e-09d2c36158d8: GrpcService started, listening on 0.0.0.0/0.0.0.0:43433
2019-09-25 11:09:40,399 [Datanode State Machine Thread - 0] INFO  ratis.XceiverServerRatis (XceiverServerRatis.java:start(421)) - XceiverServerRatis 0b288e97-ea7b-4dc2-9c9e-09d2c36158d8 is started using port 43433
2019-09-25 11:09:40,400 [Datanode State Machine Thread - 0] INFO  server.XceiverServerGrpc (XceiverServerGrpc.java:start(149)) - XceiverServerGrpc 0b288e97-ea7b-4dc2-9c9e-09d2c36158d8 is started using port 40000
2019-09-25 11:09:40,481 [Datanode State Machine Thread - 0] INFO  ozoneimpl.OzoneContainer (OzoneContainer.java:start(217)) - Attempting to start container services.
2019-09-25 11:09:40,482 [Datanode State Machine Thread - 0] INFO  ozoneimpl.OzoneContainer (OzoneContainer.java:startContainerScrub(179)) - Background container scanner has been disabled.
2019-09-25 11:09:40,482 [Datanode State Machine Thread - 0] INFO  ratis.XceiverServerRatis (XceiverServerRatis.java:start(411)) - Starting XceiverServerRatis 9c4ccc43-f5ac-4960-a511-a1ff33ec0d19 at port 0
2019-09-25 11:09:40,489 [Datanode State Machine Thread - 0] INFO  impl.RaftServerProxy (RaftServerProxy.java:lambda$start$3(299)) - 9c4ccc43-f5ac-4960-a511-a1ff33ec0d19: start RPC server
2019-09-25 11:09:40,490 [Datanode State Machine Thread - 0] INFO  server.GrpcService (GrpcService.java:startImpl(158)) - 9c4ccc43-f5ac-4960-a511-a1ff33ec0d19: GrpcService started, listening on 0.0.0.0/0.0.0.0:45264
2019-09-25 11:09:40,490 [Datanode State Machine Thread - 0] INFO  ratis.XceiverServerRatis (XceiverServerRatis.java:start(421)) - XceiverServerRatis 9c4ccc43-f5ac-4960-a511-a1ff33ec0d19 is started using port 45264
2019-09-25 11:09:40,498 [Datanode State Machine Thread - 0] INFO  server.XceiverServerGrpc (XceiverServerGrpc.java:start(149)) - XceiverServerGrpc 9c4ccc43-f5ac-4960-a511-a1ff33ec0d19 is started using port 42888
2019-09-25 11:09:40,573 [Datanode State Machine Thread - 0] INFO  ozoneimpl.OzoneContainer (OzoneContainer.java:start(217)) - Attempting to start container services.
2019-09-25 11:09:40,573 [Datanode State Machine Thread - 0] INFO  ozoneimpl.OzoneContainer (OzoneContainer.java:startContainerScrub(179)) - Background container scanner has been disabled.
2019-09-25 11:09:40,573 [Datanode State Machine Thread - 0] INFO  ratis.XceiverServerRatis (XceiverServerRatis.java:start(411)) - Starting XceiverServerRatis f195ac4f-a279-4102-9716-e02d49b9162a at port 0
2019-09-25 11:09:40,580 [Datanode State Machine Thread - 0] INFO  impl.RaftServerProxy (RaftServerProxy.java:lambda$start$3(299)) - f195ac4f-a279-4102-9716-e02d49b9162a: start RPC server
2019-09-25 11:09:40,581 [Datanode State Machine Thread - 0] INFO  server.GrpcService (GrpcService.java:startImpl(158)) - f195ac4f-a279-4102-9716-e02d49b9162a: GrpcService started, listening on 0.0.0.0/0.0.0.0:37523
2019-09-25 11:09:40,581 [Datanode State Machine Thread - 0] INFO  ratis.XceiverServerRatis (XceiverServerRatis.java:start(421)) - XceiverServerRatis f195ac4f-a279-4102-9716-e02d49b9162a is started using port 37523
2019-09-25 11:09:40,581 [Datanode State Machine Thread - 0] INFO  server.XceiverServerGrpc (XceiverServerGrpc.java:start(149)) - XceiverServerGrpc f195ac4f-a279-4102-9716-e02d49b9162a is started using port 35523
2019-09-25 11:09:40,592 [main] INFO  ozone.MiniOzoneClusterImpl (MiniOzoneClusterImpl.java:lambda$waitForClusterToBeReady$0(147)) - Waiting for cluster to be ready. Got 0 of 7 DN Heartbeats.
2019-09-25 11:09:40,649 [Datanode State Machine Thread - 0] INFO  ozoneimpl.OzoneContainer (OzoneContainer.java:start(217)) - Attempting to start container services.
2019-09-25 11:09:40,649 [Datanode State Machine Thread - 0] INFO  ozoneimpl.OzoneContainer (OzoneContainer.java:startContainerScrub(179)) - Background container scanner has been disabled.
2019-09-25 11:09:40,649 [Datanode State Machine Thread - 0] INFO  ratis.XceiverServerRatis (XceiverServerRatis.java:start(411)) - Starting XceiverServerRatis e2b10f42-ed4b-4300-a7cb-c770d2b1b0a2 at port 0
2019-09-25 11:09:40,654 [Datanode State Machine Thread - 0] INFO  impl.RaftServerProxy (RaftServerProxy.java:lambda$start$3(299)) - e2b10f42-ed4b-4300-a7cb-c770d2b1b0a2: start RPC server
2019-09-25 11:09:40,655 [Datanode State Machine Thread - 0] INFO  server.GrpcService (GrpcService.java:startImpl(158)) - e2b10f42-ed4b-4300-a7cb-c770d2b1b0a2: GrpcService started, listening on 0.0.0.0/0.0.0.0:33746
2019-09-25 11:09:40,655 [Datanode State Machine Thread - 0] INFO  ratis.XceiverServerRatis (XceiverServerRatis.java:start(421)) - XceiverServerRatis e2b10f42-ed4b-4300-a7cb-c770d2b1b0a2 is started using port 33746
2019-09-25 11:09:40,655 [Datanode State Machine Thread - 0] INFO  server.XceiverServerGrpc (XceiverServerGrpc.java:start(149)) - XceiverServerGrpc e2b10f42-ed4b-4300-a7cb-c770d2b1b0a2 is started using port 40705
2019-09-25 11:09:41,593 [main] INFO  ozone.MiniOzoneClusterImpl (MiniOzoneClusterImpl.java:lambda$waitForClusterToBeReady$0(147)) - Waiting for cluster to be ready. Got 0 of 7 DN Heartbeats.
2019-09-25 11:09:42,074 [IPC Server handler 3 on 34831] INFO  net.NetworkTopology (NetworkTopologyImpl.java:add(111)) - Added a new node: /default-rack/6b5841ea-ab37-40e7-b4af-848a53246ff5
2019-09-25 11:09:42,074 [IPC Server handler 3 on 34831] INFO  node.SCMNodeManager (SCMNodeManager.java:register(266)) - Registered Data node : 6b5841ea-ab37-40e7-b4af-848a53246ff5{ip: 192.168.30.6, host: pr-hdds-1569-5gmkr-4255264070, networkLocation: /default-rack, certSerialId: null}
2019-09-25 11:09:42,078 [EventQueue-NodeRegistrationContainerReportForDataNodeSafeModeRule] INFO  safemode.SCMSafeModeManager (DataNodeSafeModeRule.java:process(71)) - SCM in safe mode. 1 DataNodes registered, 1 required.
2019-09-25 11:09:42,081 [EventQueue-NodeRegistrationContainerReportForDataNodeSafeModeRule] INFO  safemode.SCMSafeModeManager (SCMSafeModeManager.java:validateSafeModeExitRules(177)) - ScmSafeModeManager, all rules are successfully validated
2019-09-25 11:09:42,082 [EventQueue-NodeRegistrationContainerReportForDataNodeSafeModeRule] INFO  safemode.SCMSafeModeManager (SCMSafeModeManager.java:exitSafeMode(193)) - SCM exiting safe mode.
2019-09-25 11:09:42,090 [grpc-default-executor-1] INFO  impl.RaftServerProxy (RaftServerProxy.java:addNew(89)) - 6b5841ea-ab37-40e7-b4af-848a53246ff5: addNew group-EAA33CE2AAD3:[6b5841ea-ab37-40e7-b4af-848a53246ff5:192.168.30.6:45265] returns group-EAA33CE2AAD3:java.util.concurrent.CompletableFuture@4af3c0d9[Not completed]
2019-09-25 11:09:42,091 [pool-585-thread-1] INFO  impl.RaftServerImpl (RaftServerImpl.java:<init>(95)) - 6b5841ea-ab37-40e7-b4af-848a53246ff5: new RaftServerImpl for group-EAA33CE2AAD3:[6b5841ea-ab37-40e7-b4af-848a53246ff5:192.168.30.6:45265] with ContainerStateMachine:uninitialized
2019-09-25 11:09:42,091 [pool-585-thread-1] INFO  server.RaftServerConfigKeys (ConfUtils.java:logGet(43)) - raft.server.rpc.timeout.min = 5s (custom)
2019-09-25 11:09:42,092 [pool-585-thread-1] INFO  server.RaftServerConfigKeys (ConfUtils.java:logGet(43)) - raft.server.rpc.timeout.max = 5200ms (custom)
2019-09-25 11:09:42,092 [pool-585-thread-1] INFO  server.RaftServerConfigKeys (ConfUtils.java:logGet(43)) - raft.server.rpcslowness.timeout = 120s (custom)
2019-09-25 11:09:42,092 [pool-585-thread-1] INFO  server.RaftServerConfigKeys (ConfUtils.java:logGet(43)) - raft.server.sleep.deviation.threshold = 300 (default)
2019-09-25 11:09:42,092 [pool-585-thread-1] INFO  server.RaftServerConfigKeys (ConfUtils.java:logGet(43)) - raft.server.log.appender.install.snapshot.enabled = false (custom)
2019-09-25 11:09:42,092 [pool-585-thread-1] INFO  impl.RaftServerImpl (ServerState.java:<init>(103)) - 6b5841ea-ab37-40e7-b4af-848a53246ff5@group-EAA33CE2AAD3: ConfigurationManager, init=-1: [6b5841ea-ab37-40e7-b4af-848a53246ff5:192.168.30.6:45265], old=null, confs=<EMPTY_MAP>
2019-09-25 11:09:42,092 [pool-585-thread-1] INFO  server.RaftServerConfigKeys (ConfUtils.java:logGet(43)) - raft.server.storage.dir = [/workdir/hadoop-ozone/integration-test/target/test-dir/MiniOzoneClusterImpl-d8e1effc-caf9-4828-b7f0-59ad57edb745/datanode-0/data/ratis] (custom)
2019-09-25 11:09:42,093 [pool-585-thread-1] INFO  storage.RaftStorageDirectory (RaftStorageDirectory.java:analyzeStorage(246)) - The storage directory /workdir/hadoop-ozone/integration-test/target/test-dir/MiniOzoneClusterImpl-d8e1effc-caf9-4828-b7f0-59ad57edb745/datanode-0/data/ratis/cffed95a-bfca-4248-81ed-eaa33ce2aad3 does not exist. Creating ...
2019-09-25 11:09:42,170 [pool-585-thread-1] INFO  storage.RaftStorageDirectory (RaftStorageDirectory.java:tryLock(328)) - Lock on /workdir/hadoop-ozone/integration-test/target/test-dir/MiniOzoneClusterImpl-d8e1effc-caf9-4828-b7f0-59ad57edb745/datanode-0/data/ratis/cffed95a-bfca-4248-81ed-eaa33ce2aad3/in_use.lock acquired by nodename 21763@pr-hdds-1569-5gmkr-4255264070
2019-09-25 11:09:42,170 [IPC Server handler 4 on 34831] INFO  net.NetworkTopology (NetworkTopologyImpl.java:add(111)) - Added a new node: /default-rack/deee6178-b1f5-49c6-a192-edc1bfc8677d
2019-09-25 11:09:42,171 [IPC Server handler 4 on 34831] INFO  node.SCMNodeManager (SCMNodeManager.java:register(266)) - Registered Data node : deee6178-b1f5-49c6-a192-edc1bfc8677d{ip: 192.168.30.6, host: pr-hdds-1569-5gmkr-4255264070, networkLocation: /default-rack, certSerialId: null}
2019-09-25 11:09:42,185 [pool-585-thread-1] INFO  storage.RaftStorage (RaftStorage.java:format(72)) - Storage directory /workdir/hadoop-ozone/integration-test/target/test-dir/MiniOzoneClusterImpl-d8e1effc-caf9-4828-b7f0-59ad57edb745/datanode-0/data/ratis/cffed95a-bfca-4248-81ed-eaa33ce2aad3 has been successfully formatted.
2019-09-25 11:09:42,185 [pool-585-thread-1] INFO  ratis.ContainerStateMachine (ContainerStateMachine.java:loadSnapshot(230)) - group-EAA33CE2AAD3: The snapshot info is null. Setting the last applied indexto:(t:0, i:~)
2019-09-25 11:09:42,185 [pool-585-thread-1] INFO  server.RaftServerConfigKeys (ConfUtils.java:logGet(43)) - raft.server.notification.no-leader.timeout = 120s (custom)
2019-09-25 11:09:42,185 [pool-585-thread-1] INFO  server.RaftServerConfigKeys (ConfUtils.java:logGet(43)) - raft.server.log.use.memory = false (default)
2019-09-25 11:09:42,185 [pool-585-thread-1] INFO  server.RaftServerConfigKeys (ConfUtils.java:logGet(43)) - raft.server.log.purge.gap = 1000000 (custom)
2019-09-25 11:09:42,186 [pool-585-thread-1] INFO  server.RaftServerConfigKeys (ConfUtils.java:logGet(43)) - raft.server.log.appender.buffer.byte-limit = 33554432 (custom)
2019-09-25 11:09:42,186 [pool-585-thread-1] INFO  server.RaftServerConfigKeys (ConfUtils.java:logGet(43)) - raft.server.log.segment.size.max = 1048576 (custom)
2019-09-25 11:09:42,186 [pool-585-thread-1] INFO  server.RaftServerConfigKeys (ConfUtils.java:logGet(43)) - raft.server.log.segment.cache.num.max = 2 (custom)
2019-09-25 11:09:42,186 [pool-585-thread-1] INFO  segmented.SegmentedRaftLogWorker (SegmentedRaftLogWorker.java:<init>(172)) - new 6b5841ea-ab37-40e7-b4af-848a53246ff5@group-EAA33CE2AAD3-SegmentedRaftLogWorker for RaftStorage:Storage Directory /workdir/hadoop-ozone/integration-test/target/test-dir/MiniOzoneClusterImpl-d8e1effc-caf9-4828-b7f0-59ad57edb745/datanode-0/data/ratis/cffed95a-bfca-4248-81ed-eaa33ce2aad3
2019-09-25 11:09:42,187 [pool-585-thread-1] INFO  server.RaftServerConfigKeys (ConfUtils.java:logGet(43)) - raft.server.log.queue.byte-limit = 2147483647 (custom)
2019-09-25 11:09:42,187 [pool-585-thread-1] INFO  server.RaftServerConfigKeys (ConfUtils.java:logGet(43)) - raft.server.log.queue.element-limit = 1024 (custom)
2019-09-25 11:09:42,188 [pool-585-thread-1] INFO  server.RaftServerConfigKeys (ConfUtils.java:logGet(43)) - raft.server.log.segment.size.max = 1048576 (custom)
2019-09-25 11:09:42,188 [pool-585-thread-1] INFO  server.RaftServerConfigKeys (ConfUtils.java:logGet(43)) - raft.server.log.preallocated.size = 16384 (custom)
2019-09-25 11:09:42,188 [pool-585-thread-1] INFO  server.RaftServerConfigKeys (ConfUtils.java:logGet(43)) - raft.server.log.write.buffer.size = 33554432 (custom)
2019-09-25 11:09:42,188 [pool-585-thread-1] INFO  server.RaftServerConfigKeys (ConfUtils.java:logGet(43)) - raft.server.log.force.sync.num = 128 (default)
2019-09-25 11:09:42,188 [pool-585-thread-1] INFO  server.RaftServerConfigKeys (ConfUtils.java:logGet(43)) - raft.server.log.statemachine.data.sync = true (default)
2019-09-25 11:09:42,188 [pool-585-thread-1] INFO  server.RaftServerConfigKeys (ConfUtils.java:logGet(43)) - raft.server.log.statemachine.data.sync.timeout = 10s (default)
2019-09-25 11:09:42,188 [pool-585-thread-1] INFO  server.RaftServerConfigKeys (ConfUtils.java:logGet(43)) - raft.server.log.statemachine.data.sync.timeout.retry = -1 (default)
2019-09-25 11:09:42,189 [pool-585-thread-1] INFO  server.RaftServerConfigKeys (ConfUtils.java:logGet(43)) - raft.server.log.statemachine.data.caching.enabled = true (custom)
2019-09-25 11:09:42,189 [pool-585-thread-1] INFO  segmented.SegmentedRaftLogWorker (SegmentedRaftLogWorker.java:lambda$new$0(132)) - 6b5841ea-ab37-40e7-b4af-848a53246ff5@group-EAA33CE2AAD3-SegmentedRaftLogWorker: flushIndex: setUnconditionally 0 -> -1
2019-09-25 11:09:42,189 [pool-585-thread-1] INFO  server.RaftServerConfigKeys (ConfUtils.java:logGet(43)) - raft.server.snapshot.auto.trigger.enabled = true (custom)
2019-09-25 11:09:42,189 [pool-585-thread-1] INFO  server.RaftServerConfigKeys (ConfUtils.java:logGet(43)) - raft.server.snapshot.auto.trigger.threshold = 10000 (custom)
2019-09-25 11:09:42,189 [pool-585-thread-1] INFO  server.RaftServerConfigKeys (ConfUtils.java:logGet(43)) - raft.server.snapshot.retention.num.files = 5 (custom)
2019-09-25 11:09:42,189 [pool-585-thread-1] INFO  server.RaftServerConfigKeys (ConfUtils.java:logGet(43)) - raft.server.retrycache.expirytime = 600000ms (custom)
2019-09-25 11:09:42,191 [pool-585-thread-1] INFO  impl.RaftServerImpl (RaftServerImpl.java:start(185)) - 6b5841ea-ab37-40e7-b4af-848a53246ff5@group-EAA33CE2AAD3: start as a follower, conf=-1: [6b5841ea-ab37-40e7-b4af-848a53246ff5:192.168.30.6:45265], old=null
2019-09-25 11:09:42,191 [pool-585-thread-1] INFO  impl.RaftServerImpl (RaftServerImpl.java:setRole(174)) - 6b5841ea-ab37-40e7-b4af-848a53246ff5@group-EAA33CE2AAD3: changes role from      null to FOLLOWER at term 0 for startAsFollower
2019-09-25 11:09:42,191 [pool-585-thread-1] INFO  impl.RoleInfo (RoleInfo.java:updateAndGet(143)) - 6b5841ea-ab37-40e7-b4af-848a53246ff5: start FollowerState
2019-09-25 11:09:42,191 [pool-585-thread-1] INFO  util.JmxRegister (JmxRegister.java:tryRegister(44)) - Successfully registered JMX Bean with object name Ratis:service=RaftServer,group=group-EAA33CE2AAD3,id=6b5841ea-ab37-40e7-b4af-848a53246ff5
2019-09-25 11:09:42,194 [RatisPipelineUtilsThread] INFO  pipeline.PipelineStateManager (PipelineStateManager.java:addPipeline(56)) - Created pipeline Pipeline[ Id: cffed95a-bfca-4248-81ed-eaa33ce2aad3, Nodes: 6b5841ea-ab37-40e7-b4af-848a53246ff5{ip: 192.168.30.6, host: pr-hdds-1569-5gmkr-4255264070, networkLocation: /default-rack, certSerialId: null}, Type:RATIS, Factor:ONE, State:OPEN]
2019-09-25 11:09:42,197 [grpc-default-executor-1] INFO  impl.RaftServerProxy (RaftServerProxy.java:addNew(89)) - 6b5841ea-ab37-40e7-b4af-848a53246ff5: addNew group-7B0354C82A64:[6b5841ea-ab37-40e7-b4af-848a53246ff5:192.168.30.6:45265] returns group-7B0354C82A64:java.util.concurrent.CompletableFuture@365cc561[Not completed]
2019-09-25 11:09:42,198 [pool-585-thread-1] INFO  impl.RaftServerImpl (RaftServerImpl.java:<init>(95)) - 6b5841ea-ab37-40e7-b4af-848a53246ff5: new RaftServerImpl for group-7B0354C82A64:[6b5841ea-ab37-40e7-b4af-848a53246ff5:192.168.30.6:45265] with ContainerStateMachine:uninitialized
2019-09-25 11:09:42,198 [pool-585-thread-1] INFO  server.RaftServerConfigKeys (ConfUtils.java:logGet(43)) - raft.server.rpc.timeout.min = 5s (custom)
2019-09-25 11:09:42,198 [pool-585-thread-1] INFO  server.RaftServerConfigKeys (ConfUtils.java:logGet(43)) - raft.server.rpc.timeout.max = 5200ms (custom)
2019-09-25 11:09:42,198 [pool-585-thread-1] INFO  server.RaftServerConfigKeys (ConfUtils.java:logGet(43)) - raft.server.rpcslowness.timeout = 120s (custom)
2019-09-25 11:09:42,199 [pool-585-thread-1] INFO  server.RaftServerConfigKeys (ConfUtils.java:logGet(43)) - raft.server.sleep.deviation.threshold = 300 (default)
2019-09-25 11:09:42,199 [pool-585-thread-1] INFO  server.RaftServerConfigKeys (ConfUtils.java:logGet(43)) - raft.server.log.appender.install.snapshot.enabled = false (custom)
2019-09-25 11:09:42,199 [pool-585-thread-1] INFO  impl.RaftServerImpl (ServerState.java:<init>(103)) - 6b5841ea-ab37-40e7-b4af-848a53246ff5@group-7B0354C82A64: ConfigurationManager, init=-1: [6b5841ea-ab37-40e7-b4af-848a53246ff5:192.168.30.6:45265], old=null, confs=<EMPTY_MAP>
2019-09-25 11:09:42,199 [pool-585-thread-1] INFO  server.RaftServerConfigKeys (ConfUtils.java:logGet(43)) - raft.server.storage.dir = [/workdir/hadoop-ozone/integration-test/target/test-dir/MiniOzoneClusterImpl-d8e1effc-caf9-4828-b7f0-59ad57edb745/datanode-0/data/ratis] (custom)
2019-09-25 11:09:42,199 [pool-585-thread-1] INFO  storage.RaftStorageDirectory (RaftStorageDirectory.java:analyzeStorage(246)) - The storage directory /workdir/hadoop-ozone/integration-test/target/test-dir/MiniOzoneClusterImpl-d8e1effc-caf9-4828-b7f0-59ad57edb745/datanode-0/data/ratis/90a04627-75ff-46a3-8437-7b0354c82a64 does not exist. Creating ...
2019-09-25 11:09:42,213 [pool-585-thread-1] INFO  storage.RaftStorageDirectory (RaftStorageDirectory.java:tryLock(328)) - Lock on /workdir/hadoop-ozone/integration-test/target/test-dir/MiniOzoneClusterImpl-d8e1effc-caf9-4828-b7f0-59ad57edb745/datanode-0/data/ratis/90a04627-75ff-46a3-8437-7b0354c82a64/in_use.lock acquired by nodename 21763@pr-hdds-1569-5gmkr-4255264070
2019-09-25 11:09:42,227 [pool-585-thread-1] INFO  storage.RaftStorage (RaftStorage.java:format(72)) - Storage directory /workdir/hadoop-ozone/integration-test/target/test-dir/MiniOzoneClusterImpl-d8e1effc-caf9-4828-b7f0-59ad57edb745/datanode-0/data/ratis/90a04627-75ff-46a3-8437-7b0354c82a64 has been successfully formatted.
2019-09-25 11:09:42,227 [pool-585-thread-1] INFO  ratis.ContainerStateMachine (ContainerStateMachine.java:loadSnapshot(230)) - group-7B0354C82A64: The snapshot info is null. Setting the last applied indexto:(t:0, i:~)
2019-09-25 11:09:42,227 [pool-585-thread-1] INFO  server.RaftServerConfigKeys (ConfUtils.java:logGet(43)) - raft.server.notification.no-leader.timeout = 120s (custom)
2019-09-25 11:09:42,228 [pool-585-thread-1] INFO  server.RaftServerConfigKeys (ConfUtils.java:logGet(43)) - raft.server.log.use.memory = false (default)
2019-09-25 11:09:42,228 [pool-585-thread-1] INFO  server.RaftServerConfigKeys (ConfUtils.java:logGet(43)) - raft.server.log.purge.gap = 1000000 (custom)
2019-09-25 11:09:42,228 [pool-585-thread-1] INFO  server.RaftServerConfigKeys (ConfUtils.java:logGet(43)) - raft.server.log.appender.buffer.byte-limit = 33554432 (custom)
2019-09-25 11:09:42,228 [pool-585-thread-1] INFO  server.RaftServerConfigKeys (ConfUtils.java:logGet(43)) - raft.server.log.segment.size.max = 1048576 (custom)
2019-09-25 11:09:42,228 [pool-585-thread-1] INFO  server.RaftServerConfigKeys (ConfUtils.java:logGet(43)) - raft.server.log.segment.cache.num.max = 2 (custom)
2019-09-25 11:09:42,228 [pool-585-thread-1] INFO  segmented.SegmentedRaftLogWorker (SegmentedRaftLogWorker.java:<init>(172)) - new 6b5841ea-ab37-40e7-b4af-848a53246ff5@group-7B0354C82A64-SegmentedRaftLogWorker for RaftStorage:Storage Directory /workdir/hadoop-ozone/integration-test/target/test-dir/MiniOzoneClusterImpl-d8e1effc-caf9-4828-b7f0-59ad57edb745/datanode-0/data/ratis/90a04627-75ff-46a3-8437-7b0354c82a64
2019-09-25 11:09:42,228 [pool-585-thread-1] INFO  server.RaftServerConfigKeys (ConfUtils.java:logGet(43)) - raft.server.log.queue.byte-limit = 2147483647 (custom)
2019-09-25 11:09:42,228 [pool-585-thread-1] INFO  server.RaftServerConfigKeys (ConfUtils.java:logGet(43)) - raft.server.log.queue.element-limit = 1024 (custom)
2019-09-25 11:09:42,228 [pool-585-thread-1] INFO  server.RaftServerConfigKeys (ConfUtils.java:logGet(43)) - raft.server.log.segment.size.max = 1048576 (custom)
2019-09-25 11:09:42,228 [pool-585-thread-1] INFO  server.RaftServerConfigKeys (ConfUtils.java:logGet(43)) - raft.server.log.preallocated.size = 16384 (custom)
2019-09-25 11:09:42,228 [pool-585-thread-1] INFO  server.RaftServerConfigKeys (ConfUtils.java:logGet(43)) - raft.server.log.write.buffer.size = 33554432 (custom)
2019-09-25 11:09:42,229 [pool-585-thread-1] INFO  server.RaftServerConfigKeys (ConfUtils.java:logGet(43)) - raft.server.log.force.sync.num = 128 (default)
2019-09-25 11:09:42,229 [pool-585-thread-1] INFO  server.RaftServerConfigKeys (ConfUtils.java:logGet(43)) - raft.server.log.statemachine.data.sync = true (default)
2019-09-25 11:09:42,229 [pool-585-thread-1] INFO  server.RaftServerConfigKeys (ConfUtils.java:logGet(43)) - raft.server.log.statemachine.data.sync.timeout = 10s (default)
2019-09-25 11:09:42,229 [pool-585-thread-1] INFO  server.RaftServerConfigKeys (ConfUtils.java:logGet(43)) - raft.server.log.statemachine.data.sync.timeout.retry = -1 (default)
2019-09-25 11:09:42,229 [pool-585-thread-1] INFO  server.RaftServerConfigKeys (ConfUtils.java:logGet(43)) - raft.server.log.statemachine.data.caching.enabled = true (custom)
2019-09-25 11:09:42,229 [pool-585-thread-1] INFO  segmented.SegmentedRaftLogWorker (SegmentedRaftLogWorker.java:lambda$new$0(132)) - 6b5841ea-ab37-40e7-b4af-848a53246ff5@group-7B0354C82A64-SegmentedRaftLogWorker: flushIndex: setUnconditionally 0 -> -1
2019-09-25 11:09:42,229 [pool-585-thread-1] INFO  server.RaftServerConfigKeys (ConfUtils.java:logGet(43)) - raft.server.snapshot.auto.trigger.enabled = true (custom)
2019-09-25 11:09:42,230 [pool-585-thread-1] INFO  server.RaftServerConfigKeys (ConfUtils.java:logGet(43)) - raft.server.snapshot.auto.trigger.threshold = 10000 (custom)
2019-09-25 11:09:42,230 [pool-585-thread-1] INFO  server.RaftServerConfigKeys (ConfUtils.java:logGet(43)) - raft.server.snapshot.retention.num.files = 5 (custom)
2019-09-25 11:09:42,230 [pool-585-thread-1] INFO  server.RaftServerConfigKeys (ConfUtils.java:logGet(43)) - raft.server.retrycache.expirytime = 600000ms (custom)
2019-09-25 11:09:42,231 [pool-585-thread-1] INFO  impl.RaftServerImpl (RaftServerImpl.java:start(185)) - 6b5841ea-ab37-40e7-b4af-848a53246ff5@group-7B0354C82A64: start as a follower, conf=-1: [6b5841ea-ab37-40e7-b4af-848a53246ff5:192.168.30.6:45265], old=null
2019-09-25 11:09:42,231 [pool-585-thread-1] INFO  impl.RaftServerImpl (RaftServerImpl.java:setRole(174)) - 6b5841ea-ab37-40e7-b4af-848a53246ff5@group-7B0354C82A64: changes role from      null to FOLLOWER at term 0 for startAsFollower
2019-09-25 11:09:42,231 [pool-585-thread-1] INFO  impl.RoleInfo (RoleInfo.java:updateAndGet(143)) - 6b5841ea-ab37-40e7-b4af-848a53246ff5: start FollowerState
2019-09-25 11:09:42,231 [pool-585-thread-1] INFO  util.JmxRegister (JmxRegister.java:tryRegister(44)) - Successfully registered JMX Bean with object name Ratis:service=RaftServer,group=group-7B0354C82A64,id=6b5841ea-ab37-40e7-b4af-848a53246ff5
2019-09-25 11:09:42,233 [RatisPipelineUtilsThread] INFO  pipeline.PipelineStateManager (PipelineStateManager.java:addPipeline(56)) - Created pipeline Pipeline[ Id: 90a04627-75ff-46a3-8437-7b0354c82a64, Nodes: 6b5841ea-ab37-40e7-b4af-848a53246ff5{ip: 192.168.30.6, host: pr-hdds-1569-5gmkr-4255264070, networkLocation: /default-rack, certSerialId: null}, Type:RATIS, Factor:ONE, State:OPEN]
2019-09-25 11:09:42,236 [grpc-default-executor-1] INFO  impl.RaftServerProxy (RaftServerProxy.java:addNew(89)) - 6b5841ea-ab37-40e7-b4af-848a53246ff5: addNew group-45A30DDFD2FD:[6b5841ea-ab37-40e7-b4af-848a53246ff5:192.168.30.6:45265] returns group-45A30DDFD2FD:java.util.concurrent.CompletableFuture@4deec4f6[Not completed]
2019-09-25 11:09:42,237 [pool-585-thread-1] INFO  impl.RaftServerImpl (RaftServerImpl.java:<init>(95)) - 6b5841ea-ab37-40e7-b4af-848a53246ff5: new RaftServerImpl for group-45A30DDFD2FD:[6b5841ea-ab37-40e7-b4af-848a53246ff5:192.168.30.6:45265] with ContainerStateMachine:uninitialized
2019-09-25 11:09:42,238 [pool-585-thread-1] INFO  server.RaftServerConfigKeys (ConfUtils.java:logGet(43)) - raft.server.rpc.timeout.min = 5s (custom)
2019-09-25 11:09:42,238 [pool-585-thread-1] INFO  server.RaftServerConfigKeys (ConfUtils.java:logGet(43)) - raft.server.rpc.timeout.max = 5200ms (custom)
2019-09-25 11:09:42,238 [pool-585-thread-1] INFO  server.RaftServerConfigKeys (ConfUtils.java:logGet(43)) - raft.server.rpcslowness.timeout = 120s (custom)
2019-09-25 11:09:42,238 [pool-585-thread-1] INFO  server.RaftServerConfigKeys (ConfUtils.java:logGet(43)) - raft.server.sleep.deviation.threshold = 300 (default)
2019-09-25 11:09:42,238 [pool-585-thread-1] INFO  server.RaftServerConfigKeys (ConfUtils.java:logGet(43)) - raft.server.log.appender.install.snapshot.enabled = false (custom)
2019-09-25 11:09:42,238 [pool-585-thread-1] INFO  impl.RaftServerImpl (ServerState.java:<init>(103)) - 6b5841ea-ab37-40e7-b4af-848a53246ff5@group-45A30DDFD2FD: ConfigurationManager, init=-1: [6b5841ea-ab37-40e7-b4af-848a53246ff5:192.168.30.6:45265], old=null, confs=<EMPTY_MAP>
2019-09-25 11:09:42,238 [pool-585-thread-1] INFO  server.RaftServerConfigKeys (ConfUtils.java:logGet(43)) - raft.server.storage.dir = [/workdir/hadoop-ozone/integration-test/target/test-dir/MiniOzoneClusterImpl-d8e1effc-caf9-4828-b7f0-59ad57edb745/datanode-0/data/ratis] (custom)
2019-09-25 11:09:42,238 [pool-585-thread-1] INFO  storage.RaftStorageDirectory (RaftStorageDirectory.java:analyzeStorage(246)) - The storage directory /workdir/hadoop-ozone/integration-test/target/test-dir/MiniOzoneClusterImpl-d8e1effc-caf9-4828-b7f0-59ad57edb745/datanode-0/data/ratis/23ccaa24-03ba-4bdc-9a49-45a30ddfd2fd does not exist. Creating ...
2019-09-25 11:09:42,249 [IPC Server handler 5 on 34831] INFO  net.NetworkTopology (NetworkTopologyImpl.java:add(111)) - Added a new node: /default-rack/07e899c7-9b65-45ad-afd5-2a504e2891bf
2019-09-25 11:09:42,249 [IPC Server handler 5 on 34831] INFO  node.SCMNodeManager (SCMNodeManager.java:register(266)) - Registered Data node : 07e899c7-9b65-45ad-afd5-2a504e2891bf{ip: 192.168.30.6, host: pr-hdds-1569-5gmkr-4255264070, networkLocation: /default-rack, certSerialId: null}
2019-09-25 11:09:42,253 [pool-585-thread-1] INFO  storage.RaftStorageDirectory (RaftStorageDirectory.java:tryLock(328)) - Lock on /workdir/hadoop-ozone/integration-test/target/test-dir/MiniOzoneClusterImpl-d8e1effc-caf9-4828-b7f0-59ad57edb745/datanode-0/data/ratis/23ccaa24-03ba-4bdc-9a49-45a30ddfd2fd/in_use.lock acquired by nodename 21763@pr-hdds-1569-5gmkr-4255264070
2019-09-25 11:09:42,267 [pool-585-thread-1] INFO  storage.RaftStorage (RaftStorage.java:format(72)) - Storage directory /workdir/hadoop-ozone/integration-test/target/test-dir/MiniOzoneClusterImpl-d8e1effc-caf9-4828-b7f0-59ad57edb745/datanode-0/data/ratis/23ccaa24-03ba-4bdc-9a49-45a30ddfd2fd has been successfully formatted.
2019-09-25 11:09:42,267 [pool-585-thread-1] INFO  ratis.ContainerStateMachine (ContainerStateMachine.java:loadSnapshot(230)) - group-45A30DDFD2FD: The snapshot info is null. Setting the last applied indexto:(t:0, i:~)
2019-09-25 11:09:42,267 [pool-585-thread-1] INFO  server.RaftServerConfigKeys (ConfUtils.java:logGet(43)) - raft.server.notification.no-leader.timeout = 120s (custom)
2019-09-25 11:09:42,267 [pool-585-thread-1] INFO  server.RaftServerConfigKeys (ConfUtils.java:logGet(43)) - raft.server.log.use.memory = false (default)
2019-09-25 11:09:42,267 [pool-585-thread-1] INFO  server.RaftServerConfigKeys (ConfUtils.java:logGet(43)) - raft.server.log.purge.gap = 1000000 (custom)
2019-09-25 11:09:42,268 [pool-585-thread-1] INFO  server.RaftServerConfigKeys (ConfUtils.java:logGet(43)) - raft.server.log.appender.buffer.byte-limit = 33554432 (custom)
2019-09-25 11:09:42,268 [pool-585-thread-1] INFO  server.RaftServerConfigKeys (ConfUtils.java:logGet(43)) - raft.server.log.segment.size.max = 1048576 (custom)
2019-09-25 11:09:42,268 [pool-585-thread-1] INFO  server.RaftServerConfigKeys (ConfUtils.java:logGet(43)) - raft.server.log.segment.cache.num.max = 2 (custom)
2019-09-25 11:09:42,268 [pool-585-thread-1] INFO  segmented.SegmentedRaftLogWorker (SegmentedRaftLogWorker.java:<init>(172)) - new 6b5841ea-ab37-40e7-b4af-848a53246ff5@group-45A30DDFD2FD-SegmentedRaftLogWorker for RaftStorage:Storage Directory /workdir/hadoop-ozone/integration-test/target/test-dir/MiniOzoneClusterImpl-d8e1effc-caf9-4828-b7f0-59ad57edb745/datanode-0/data/ratis/23ccaa24-03ba-4bdc-9a49-45a30ddfd2fd
2019-09-25 11:09:42,268 [pool-585-thread-1] INFO  server.RaftServerConfigKeys (ConfUtils.java:logGet(43)) - raft.server.log.queue.byte-limit = 2147483647 (custom)
2019-09-25 11:09:42,268 [pool-585-thread-1] INFO  server.RaftServerConfigKeys (ConfUtils.java:logGet(43)) - raft.server.log.queue.element-limit = 1024 (custom)
2019-09-25 11:09:42,269 [pool-585-thread-1] INFO  server.RaftServerConfigKeys (ConfUtils.java:logGet(43)) - raft.server.log.segment.size.max = 1048576 (custom)
2019-09-25 11:09:42,269 [pool-585-thread-1] INFO  server.RaftServerConfigKeys (ConfUtils.java:logGet(43)) - raft.server.log.preallocated.size = 16384 (custom)
2019-09-25 11:09:42,269 [pool-585-thread-1] INFO  server.RaftServerConfigKeys (ConfUtils.java:logGet(43)) - raft.server.log.write.buffer.size = 33554432 (custom)
2019-09-25 11:09:42,269 [pool-585-thread-1] INFO  server.RaftServerConfigKeys (ConfUtils.java:logGet(43)) - raft.server.log.force.sync.num = 128 (default)
2019-09-25 11:09:42,269 [pool-585-thread-1] INFO  server.RaftServerConfigKeys (ConfUtils.java:logGet(43)) - raft.server.log.statemachine.data.sync = true (default)
2019-09-25 11:09:42,269 [pool-585-thread-1] INFO  server.RaftServerConfigKeys (ConfUtils.java:logGet(43)) - raft.server.log.statemachine.data.sync.timeout = 10s (default)
2019-09-25 11:09:42,270 [pool-585-thread-1] INFO  server.RaftServerConfigKeys (ConfUtils.java:logGet(43)) - raft.server.log.statemachine.data.sync.timeout.retry = -1 (default)
2019-09-25 11:09:42,270 [pool-585-thread-1] INFO  server.RaftServerConfigKeys (ConfUtils.java:logGet(43)) - raft.server.log.statemachine.data.caching.enabled = true (custom)
2019-09-25 11:09:42,270 [pool-585-thread-1] INFO  segmented.SegmentedRaftLogWorker (SegmentedRaftLogWorker.java:lambda$new$0(132)) - 6b5841ea-ab37-40e7-b4af-848a53246ff5@group-45A30DDFD2FD-SegmentedRaftLogWorker: flushIndex: setUnconditionally 0 -> -1
2019-09-25 11:09:42,270 [pool-585-thread-1] INFO  server.RaftServerConfigKeys (ConfUtils.java:logGet(43)) - raft.server.snapshot.auto.trigger.enabled = true (custom)
2019-09-25 11:09:42,270 [pool-585-thread-1] INFO  server.RaftServerConfigKeys (ConfUtils.java:logGet(43)) - raft.server.snapshot.auto.trigger.threshold = 10000 (custom)
2019-09-25 11:09:42,270 [pool-585-thread-1] INFO  server.RaftServerConfigKeys (ConfUtils.java:logGet(43)) - raft.server.snapshot.retention.num.files = 5 (custom)
2019-09-25 11:09:42,271 [pool-585-thread-1] INFO  server.RaftServerConfigKeys (ConfUtils.java:logGet(43)) - raft.server.retrycache.expirytime = 600000ms (custom)
2019-09-25 11:09:42,272 [pool-585-thread-1] INFO  impl.RaftServerImpl (RaftServerImpl.java:start(185)) - 6b5841ea-ab37-40e7-b4af-848a53246ff5@group-45A30DDFD2FD: start as a follower, conf=-1: [6b5841ea-ab37-40e7-b4af-848a53246ff5:192.168.30.6:45265], old=null
2019-09-25 11:09:42,272 [pool-585-thread-1] INFO  impl.RaftServerImpl (RaftServerImpl.java:setRole(174)) - 6b5841ea-ab37-40e7-b4af-848a53246ff5@group-45A30DDFD2FD: changes role from      null to FOLLOWER at term 0 for startAsFollower
2019-09-25 11:09:42,272 [pool-585-thread-1] INFO  impl.RoleInfo (RoleInfo.java:updateAndGet(143)) - 6b5841ea-ab37-40e7-b4af-848a53246ff5: start FollowerState
2019-09-25 11:09:42,272 [pool-585-thread-1] INFO  util.JmxRegister (JmxRegister.java:tryRegister(44)) - Successfully registered JMX Bean with object name Ratis:service=RaftServer,group=group-45A30DDFD2FD,id=6b5841ea-ab37-40e7-b4af-848a53246ff5
2019-09-25 11:09:42,274 [RatisPipelineUtilsThread] INFO  pipeline.PipelineStateManager (PipelineStateManager.java:addPipeline(56)) - Created pipeline Pipeline[ Id: 23ccaa24-03ba-4bdc-9a49-45a30ddfd2fd, Nodes: 6b5841ea-ab37-40e7-b4af-848a53246ff5{ip: 192.168.30.6, host: pr-hdds-1569-5gmkr-4255264070, networkLocation: /default-rack, certSerialId: null}, Type:RATIS, Factor:ONE, State:OPEN]
2019-09-25 11:09:42,279 [grpc-default-executor-1] INFO  impl.RaftServerProxy (RaftServerProxy.java:addNew(89)) - 6b5841ea-ab37-40e7-b4af-848a53246ff5: addNew group-4B517471F8EE:[6b5841ea-ab37-40e7-b4af-848a53246ff5:192.168.30.6:45265] returns group-4B517471F8EE:java.util.concurrent.CompletableFuture@4dd02922[Not completed]
2019-09-25 11:09:42,280 [pool-585-thread-1] INFO  impl.RaftServerImpl (RaftServerImpl.java:<init>(95)) - 6b5841ea-ab37-40e7-b4af-848a53246ff5: new RaftServerImpl for group-4B517471F8EE:[6b5841ea-ab37-40e7-b4af-848a53246ff5:192.168.30.6:45265] with ContainerStateMachine:uninitialized
2019-09-25 11:09:42,280 [pool-585-thread-1] INFO  server.RaftServerConfigKeys (ConfUtils.java:logGet(43)) - raft.server.rpc.timeout.min = 5s (custom)
2019-09-25 11:09:42,280 [pool-585-thread-1] INFO  server.RaftServerConfigKeys (ConfUtils.java:logGet(43)) - raft.server.rpc.timeout.max = 5200ms (custom)
2019-09-25 11:09:42,280 [pool-585-thread-1] INFO  server.RaftServerConfigKeys (ConfUtils.java:logGet(43)) - raft.server.rpcslowness.timeout = 120s (custom)
2019-09-25 11:09:42,280 [pool-585-thread-1] INFO  server.RaftServerConfigKeys (ConfUtils.java:logGet(43)) - raft.server.sleep.deviation.threshold = 300 (default)
2019-09-25 11:09:42,280 [pool-585-thread-1] INFO  server.RaftServerConfigKeys (ConfUtils.java:logGet(43)) - raft.server.log.appender.install.snapshot.enabled = false (custom)
2019-09-25 11:09:42,280 [pool-585-thread-1] INFO  impl.RaftServerImpl (ServerState.java:<init>(103)) - 6b5841ea-ab37-40e7-b4af-848a53246ff5@group-4B517471F8EE: ConfigurationManager, init=-1: [6b5841ea-ab37-40e7-b4af-848a53246ff5:192.168.30.6:45265], old=null, confs=<EMPTY_MAP>
2019-09-25 11:09:42,281 [pool-585-thread-1] INFO  server.RaftServerConfigKeys (ConfUtils.java:logGet(43)) - raft.server.storage.dir = [/workdir/hadoop-ozone/integration-test/target/test-dir/MiniOzoneClusterImpl-d8e1effc-caf9-4828-b7f0-59ad57edb745/datanode-0/data/ratis] (custom)
2019-09-25 11:09:42,281 [pool-585-thread-1] INFO  storage.RaftStorageDirectory (RaftStorageDirectory.java:analyzeStorage(246)) - The storage directory /workdir/hadoop-ozone/integration-test/target/test-dir/MiniOzoneClusterImpl-d8e1effc-caf9-4828-b7f0-59ad57edb745/datanode-0/data/ratis/ea40e3be-e87c-4795-bd24-4b517471f8ee does not exist. Creating ...
2019-09-25 11:09:42,311 [pool-585-thread-1] INFO  storage.RaftStorageDirectory (RaftStorageDirectory.java:tryLock(328)) - Lock on /workdir/hadoop-ozone/integration-test/target/test-dir/MiniOzoneClusterImpl-d8e1effc-caf9-4828-b7f0-59ad57edb745/datanode-0/data/ratis/ea40e3be-e87c-4795-bd24-4b517471f8ee/in_use.lock acquired by nodename 21763@pr-hdds-1569-5gmkr-4255264070
2019-09-25 11:09:42,325 [pool-585-thread-1] INFO  storage.RaftStorage (RaftStorage.java:format(72)) - Storage directory /workdir/hadoop-ozone/integration-test/target/test-dir/MiniOzoneClusterImpl-d8e1effc-caf9-4828-b7f0-59ad57edb745/datanode-0/data/ratis/ea40e3be-e87c-4795-bd24-4b517471f8ee has been successfully formatted.
2019-09-25 11:09:42,325 [pool-585-thread-1] INFO  ratis.ContainerStateMachine (ContainerStateMachine.java:loadSnapshot(230)) - group-4B517471F8EE: The snapshot info is null. Setting the last applied indexto:(t:0, i:~)
2019-09-25 11:09:42,325 [pool-585-thread-1] INFO  server.RaftServerConfigKeys (ConfUtils.java:logGet(43)) - raft.server.notification.no-leader.timeout = 120s (custom)
2019-09-25 11:09:42,325 [pool-585-thread-1] INFO  server.RaftServerConfigKeys (ConfUtils.java:logGet(43)) - raft.server.log.use.memory = false (default)
2019-09-25 11:09:42,325 [pool-585-thread-1] INFO  server.RaftServerConfigKeys (ConfUtils.java:logGet(43)) - raft.server.log.purge.gap = 1000000 (custom)
2019-09-25 11:09:42,325 [pool-585-thread-1] INFO  server.RaftServerConfigKeys (ConfUtils.java:logGet(43)) - raft.server.log.appender.buffer.byte-limit = 33554432 (custom)
2019-09-25 11:09:42,325 [pool-585-thread-1] INFO  server.RaftServerConfigKeys (ConfUtils.java:logGet(43)) - raft.server.log.segment.size.max = 1048576 (custom)
2019-09-25 11:09:42,326 [pool-585-thread-1] INFO  server.RaftServerConfigKeys (ConfUtils.java:logGet(43)) - raft.server.log.segment.cache.num.max = 2 (custom)
2019-09-25 11:09:42,326 [pool-585-thread-1] INFO  segmented.SegmentedRaftLogWorker (SegmentedRaftLogWorker.java:<init>(172)) - new 6b5841ea-ab37-40e7-b4af-848a53246ff5@group-4B517471F8EE-SegmentedRaftLogWorker for RaftStorage:Storage Directory /workdir/hadoop-ozone/integration-test/target/test-dir/MiniOzoneClusterImpl-d8e1effc-caf9-4828-b7f0-59ad57edb745/datanode-0/data/ratis/ea40e3be-e87c-4795-bd24-4b517471f8ee
2019-09-25 11:09:42,326 [pool-585-thread-1] INFO  server.RaftServerConfigKeys (ConfUtils.java:logGet(43)) - raft.server.log.queue.byte-limit = 2147483647 (custom)
2019-09-25 11:09:42,326 [pool-585-thread-1] INFO  server.RaftServerConfigKeys (ConfUtils.java:logGet(43)) - raft.server.log.queue.element-limit = 1024 (custom)
2019-09-25 11:09:42,326 [pool-585-thread-1] INFO  server.RaftServerConfigKeys (ConfUtils.java:logGet(43)) - raft.server.log.segment.size.max = 1048576 (custom)
2019-09-25 11:09:42,326 [IPC Server handler 6 on 34831] INFO  net.NetworkTopology (NetworkTopologyImpl.java:add(111)) - Added a new node: /default-rack/0b288e97-ea7b-4dc2-9c9e-09d2c36158d8
2019-09-25 11:09:42,326 [pool-585-thread-1] INFO  server.RaftServerConfigKeys (ConfUtils.java:logGet(43)) - raft.server.log.preallocated.size = 16384 (custom)
2019-09-25 11:09:42,326 [IPC Server handler 6 on 34831] INFO  node.SCMNodeManager (SCMNodeManager.java:register(266)) - Registered Data node : 0b288e97-ea7b-4dc2-9c9e-09d2c36158d8{ip: 192.168.30.6, host: pr-hdds-1569-5gmkr-4255264070, networkLocation: /default-rack, certSerialId: null}
2019-09-25 11:09:42,326 [pool-585-thread-1] INFO  server.RaftServerConfigKeys (ConfUtils.java:logGet(43)) - raft.server.log.write.buffer.size = 33554432 (custom)
2019-09-25 11:09:42,327 [pool-585-thread-1] INFO  server.RaftServerConfigKeys (ConfUtils.java:logGet(43)) - raft.server.log.force.sync.num = 128 (default)
2019-09-25 11:09:42,327 [pool-585-thread-1] INFO  server.RaftServerConfigKeys (ConfUtils.java:logGet(43)) - raft.server.log.statemachine.data.sync = true (default)
2019-09-25 11:09:42,327 [pool-585-thread-1] INFO  server.RaftServerConfigKeys (ConfUtils.java:logGet(43)) - raft.server.log.statemachine.data.sync.timeout = 10s (default)
2019-09-25 11:09:42,327 [pool-585-thread-1] INFO  server.RaftServerConfigKeys (ConfUtils.java:logGet(43)) - raft.server.log.statemachine.data.sync.timeout.retry = -1 (default)
2019-09-25 11:09:42,327 [pool-585-thread-1] INFO  server.RaftServerConfigKeys (ConfUtils.java:logGet(43)) - raft.server.log.statemachine.data.caching.enabled = true (custom)
2019-09-25 11:09:42,327 [pool-585-thread-1] INFO  segmented.SegmentedRaftLogWorker (SegmentedRaftLogWorker.java:lambda$new$0(132)) - 6b5841ea-ab37-40e7-b4af-848a53246ff5@group-4B517471F8EE-SegmentedRaftLogWorker: flushIndex: setUnconditionally 0 -> -1
2019-09-25 11:09:42,328 [pool-585-thread-1] INFO  server.RaftServerConfigKeys (ConfUtils.java:logGet(43)) - raft.server.snapshot.auto.trigger.enabled = true (custom)
2019-09-25 11:09:42,328 [pool-585-thread-1] INFO  server.RaftServerConfigKeys (ConfUtils.java:logGet(43)) - raft.server.snapshot.auto.trigger.threshold = 10000 (custom)
2019-09-25 11:09:42,328 [pool-585-thread-1] INFO  server.RaftServerConfigKeys (ConfUtils.java:logGet(43)) - raft.server.snapshot.retention.num.files = 5 (custom)
2019-09-25 11:09:42,328 [pool-585-thread-1] INFO  server.RaftServerConfigKeys (ConfUtils.java:logGet(43)) - raft.server.retrycache.expirytime = 600000ms (custom)
2019-09-25 11:09:42,330 [pool-585-thread-1] INFO  impl.RaftServerImpl (RaftServerImpl.java:start(185)) - 6b5841ea-ab37-40e7-b4af-848a53246ff5@group-4B517471F8EE: start as a follower, conf=-1: [6b5841ea-ab37-40e7-b4af-848a53246ff5:192.168.30.6:45265], old=null
2019-09-25 11:09:42,330 [pool-585-thread-1] INFO  impl.RaftServerImpl (RaftServerImpl.java:setRole(174)) - 6b5841ea-ab37-40e7-b4af-848a53246ff5@group-4B517471F8EE: changes role from      null to FOLLOWER at term 0 for startAsFollower
2019-09-25 11:09:42,330 [pool-585-thread-1] INFO  impl.RoleInfo (RoleInfo.java:updateAndGet(143)) - 6b5841ea-ab37-40e7-b4af-848a53246ff5: start FollowerState
2019-09-25 11:09:42,330 [pool-585-thread-1] INFO  util.JmxRegister (JmxRegister.java:tryRegister(44)) - Successfully registered JMX Bean with object name Ratis:service=RaftServer,group=group-4B517471F8EE,id=6b5841ea-ab37-40e7-b4af-848a53246ff5
2019-09-25 11:09:42,332 [RatisPipelineUtilsThread] INFO  pipeline.PipelineStateManager (PipelineStateManager.java:addPipeline(56)) - Created pipeline Pipeline[ Id: ea40e3be-e87c-4795-bd24-4b517471f8ee, Nodes: 6b5841ea-ab37-40e7-b4af-848a53246ff5{ip: 192.168.30.6, host: pr-hdds-1569-5gmkr-4255264070, networkLocation: /default-rack, certSerialId: null}, Type:RATIS, Factor:ONE, State:OPEN]
2019-09-25 11:09:42,339 [grpc-default-executor-1] INFO  impl.RaftServerProxy (RaftServerProxy.java:addNew(89)) - deee6178-b1f5-49c6-a192-edc1bfc8677d: addNew group-BA282E497C1B:[deee6178-b1f5-49c6-a192-edc1bfc8677d:192.168.30.6:37193] returns group-BA282E497C1B:java.util.concurrent.CompletableFuture@378a3990[Not completed]
2019-09-25 11:09:42,340 [pool-595-thread-1] INFO  impl.RaftServerImpl (RaftServerImpl.java:<init>(95)) - deee6178-b1f5-49c6-a192-edc1bfc8677d: new RaftServerImpl for group-BA282E497C1B:[deee6178-b1f5-49c6-a192-edc1bfc8677d:192.168.30.6:37193] with ContainerStateMachine:uninitialized
2019-09-25 11:09:42,340 [pool-595-thread-1] INFO  server.RaftServerConfigKeys (ConfUtils.java:logGet(43)) - raft.server.rpc.timeout.min = 5s (custom)
2019-09-25 11:09:42,340 [pool-595-thread-1] INFO  server.RaftServerConfigKeys (ConfUtils.java:logGet(43)) - raft.server.rpc.timeout.max = 5200ms (custom)
2019-09-25 11:09:42,340 [pool-595-thread-1] INFO  server.RaftServerConfigKeys (ConfUtils.java:logGet(43)) - raft.server.rpcslowness.timeout = 120s (custom)
2019-09-25 11:09:42,341 [pool-595-thread-1] INFO  server.RaftServerConfigKeys (ConfUtils.java:logGet(43)) - raft.server.sleep.deviation.threshold = 300 (default)
2019-09-25 11:09:42,341 [pool-595-thread-1] INFO  server.RaftServerConfigKeys (ConfUtils.java:logGet(43)) - raft.server.log.appender.install.snapshot.enabled = false (custom)
2019-09-25 11:09:42,341 [pool-595-thread-1] INFO  impl.RaftServerImpl (ServerState.java:<init>(103)) - deee6178-b1f5-49c6-a192-edc1bfc8677d@group-BA282E497C1B: ConfigurationManager, init=-1: [deee6178-b1f5-49c6-a192-edc1bfc8677d:192.168.30.6:37193], old=null, confs=<EMPTY_MAP>
2019-09-25 11:09:42,341 [pool-595-thread-1] INFO  server.RaftServerConfigKeys (ConfUtils.java:logGet(43)) - raft.server.storage.dir = [/workdir/hadoop-ozone/integration-test/target/test-dir/MiniOzoneClusterImpl-d8e1effc-caf9-4828-b7f0-59ad57edb745/datanode-1/data/ratis] (custom)
2019-09-25 11:09:42,341 [pool-595-thread-1] INFO  storage.RaftStorageDirectory (RaftStorageDirectory.java:analyzeStorage(246)) - The storage directory /workdir/hadoop-ozone/integration-test/target/test-dir/MiniOzoneClusterImpl-d8e1effc-caf9-4828-b7f0-59ad57edb745/datanode-1/data/ratis/48c47c35-f3cc-4c2d-a196-ba282e497c1b does not exist. Creating ...
2019-09-25 11:09:42,358 [pool-595-thread-1] INFO  storage.RaftStorageDirectory (RaftStorageDirectory.java:tryLock(328)) - Lock on /workdir/hadoop-ozone/integration-test/target/test-dir/MiniOzoneClusterImpl-d8e1effc-caf9-4828-b7f0-59ad57edb745/datanode-1/data/ratis/48c47c35-f3cc-4c2d-a196-ba282e497c1b/in_use.lock acquired by nodename 21763@pr-hdds-1569-5gmkr-4255264070
2019-09-25 11:09:42,382 [pool-595-thread-1] INFO  storage.RaftStorage (RaftStorage.java:format(72)) - Storage directory /workdir/hadoop-ozone/integration-test/target/test-dir/MiniOzoneClusterImpl-d8e1effc-caf9-4828-b7f0-59ad57edb745/datanode-1/data/ratis/48c47c35-f3cc-4c2d-a196-ba282e497c1b has been successfully formatted.
2019-09-25 11:09:42,382 [pool-595-thread-1] INFO  ratis.ContainerStateMachine (ContainerStateMachine.java:loadSnapshot(230)) - group-BA282E497C1B: The snapshot info is null. Setting the last applied indexto:(t:0, i:~)
2019-09-25 11:09:42,382 [pool-595-thread-1] INFO  server.RaftServerConfigKeys (ConfUtils.java:logGet(43)) - raft.server.notification.no-leader.timeout = 120s (custom)
2019-09-25 11:09:42,382 [pool-595-thread-1] INFO  server.RaftServerConfigKeys (ConfUtils.java:logGet(43)) - raft.server.log.use.memory = false (default)
2019-09-25 11:09:42,383 [pool-595-thread-1] INFO  server.RaftServerConfigKeys (ConfUtils.java:logGet(43)) - raft.server.log.purge.gap = 1000000 (custom)
2019-09-25 11:09:42,383 [pool-595-thread-1] INFO  server.RaftServerConfigKeys (ConfUtils.java:logGet(43)) - raft.server.log.appender.buffer.byte-limit = 33554432 (custom)
2019-09-25 11:09:42,383 [pool-595-thread-1] INFO  server.RaftServerConfigKeys (ConfUtils.java:logGet(43)) - raft.server.log.segment.size.max = 1048576 (custom)
2019-09-25 11:09:42,383 [pool-595-thread-1] INFO  server.RaftServerConfigKeys (ConfUtils.java:logGet(43)) - raft.server.log.segment.cache.num.max = 2 (custom)
2019-09-25 11:09:42,383 [pool-595-thread-1] INFO  segmented.SegmentedRaftLogWorker (SegmentedRaftLogWorker.java:<init>(172)) - new deee6178-b1f5-49c6-a192-edc1bfc8677d@group-BA282E497C1B-SegmentedRaftLogWorker for RaftStorage:Storage Directory /workdir/hadoop-ozone/integration-test/target/test-dir/MiniOzoneClusterImpl-d8e1effc-caf9-4828-b7f0-59ad57edb745/datanode-1/data/ratis/48c47c35-f3cc-4c2d-a196-ba282e497c1b
2019-09-25 11:09:42,384 [pool-595-thread-1] INFO  server.RaftServerConfigKeys (ConfUtils.java:logGet(43)) - raft.server.log.queue.byte-limit = 2147483647 (custom)
2019-09-25 11:09:42,384 [pool-595-thread-1] INFO  server.RaftServerConfigKeys (ConfUtils.java:logGet(43)) - raft.server.log.queue.element-limit = 1024 (custom)
2019-09-25 11:09:42,384 [pool-595-thread-1] INFO  server.RaftServerConfigKeys (ConfUtils.java:logGet(43)) - raft.server.log.segment.size.max = 1048576 (custom)
2019-09-25 11:09:42,384 [pool-595-thread-1] INFO  server.RaftServerConfigKeys (ConfUtils.java:logGet(43)) - raft.server.log.preallocated.size = 16384 (custom)
2019-09-25 11:09:42,384 [pool-595-thread-1] INFO  server.RaftServerConfigKeys (ConfUtils.java:logGet(43)) - raft.server.log.write.buffer.size = 33554432 (custom)
2019-09-25 11:09:42,385 [pool-595-thread-1] INFO  server.RaftServerConfigKeys (ConfUtils.java:logGet(43)) - raft.server.log.force.sync.num = 128 (default)
2019-09-25 11:09:42,385 [pool-595-thread-1] INFO  server.RaftServerConfigKeys (ConfUtils.java:logGet(43)) - raft.server.log.statemachine.data.sync = true (default)
2019-09-25 11:09:42,385 [pool-595-thread-1] INFO  server.RaftServerConfigKeys (ConfUtils.java:logGet(43)) - raft.server.log.statemachine.data.sync.timeout = 10s (default)
2019-09-25 11:09:42,385 [pool-595-thread-1] INFO  server.RaftServerConfigKeys (ConfUtils.java:logGet(43)) - raft.server.log.statemachine.data.sync.timeout.retry = -1 (default)
2019-09-25 11:09:42,385 [pool-595-thread-1] INFO  server.RaftServerConfigKeys (ConfUtils.java:logGet(43)) - raft.server.log.statemachine.data.caching.enabled = true (custom)
2019-09-25 11:09:42,385 [pool-595-thread-1] INFO  segmented.SegmentedRaftLogWorker (SegmentedRaftLogWorker.java:lambda$new$0(132)) - deee6178-b1f5-49c6-a192-edc1bfc8677d@group-BA282E497C1B-SegmentedRaftLogWorker: flushIndex: setUnconditionally 0 -> -1
2019-09-25 11:09:42,385 [pool-595-thread-1] INFO  server.RaftServerConfigKeys (ConfUtils.java:logGet(43)) - raft.server.snapshot.auto.trigger.enabled = true (custom)
2019-09-25 11:09:42,386 [pool-595-thread-1] INFO  server.RaftServerConfigKeys (ConfUtils.java:logGet(43)) - raft.server.snapshot.auto.trigger.threshold = 10000 (custom)
2019-09-25 11:09:42,386 [pool-595-thread-1] INFO  server.RaftServerConfigKeys (ConfUtils.java:logGet(43)) - raft.server.snapshot.retention.num.files = 5 (custom)
2019-09-25 11:09:42,386 [pool-595-thread-1] INFO  server.RaftServerConfigKeys (ConfUtils.java:logGet(43)) - raft.server.retrycache.expirytime = 600000ms (custom)
2019-09-25 11:09:42,387 [pool-595-thread-1] INFO  impl.RaftServerImpl (RaftServerImpl.java:start(185)) - deee6178-b1f5-49c6-a192-edc1bfc8677d@group-BA282E497C1B: start as a follower, conf=-1: [deee6178-b1f5-49c6-a192-edc1bfc8677d:192.168.30.6:37193], old=null
2019-09-25 11:09:42,387 [pool-595-thread-1] INFO  impl.RaftServerImpl (RaftServerImpl.java:setRole(174)) - deee6178-b1f5-49c6-a192-edc1bfc8677d@group-BA282E497C1B: changes role from      null to FOLLOWER at term 0 for startAsFollower
2019-09-25 11:09:42,387 [pool-595-thread-1] INFO  impl.RoleInfo (RoleInfo.java:updateAndGet(143)) - deee6178-b1f5-49c6-a192-edc1bfc8677d: start FollowerState
2019-09-25 11:09:42,387 [pool-595-thread-1] INFO  util.JmxRegister (JmxRegister.java:tryRegister(44)) - Successfully registered JMX Bean with object name Ratis:service=RaftServer,group=group-BA282E497C1B,id=deee6178-b1f5-49c6-a192-edc1bfc8677d
2019-09-25 11:09:42,389 [RatisPipelineUtilsThread] INFO  pipeline.PipelineStateManager (PipelineStateManager.java:addPipeline(56)) - Created pipeline Pipeline[ Id: 48c47c35-f3cc-4c2d-a196-ba282e497c1b, Nodes: deee6178-b1f5-49c6-a192-edc1bfc8677d{ip: 192.168.30.6, host: pr-hdds-1569-5gmkr-4255264070, networkLocation: /default-rack, certSerialId: null}, Type:RATIS, Factor:ONE, State:OPEN]
2019-09-25 11:09:42,392 [grpc-default-executor-1] INFO  impl.RaftServerProxy (RaftServerProxy.java:addNew(89)) - deee6178-b1f5-49c6-a192-edc1bfc8677d: addNew group-609BBC05C59E:[deee6178-b1f5-49c6-a192-edc1bfc8677d:192.168.30.6:37193] returns group-609BBC05C59E:java.util.concurrent.CompletableFuture@2d0c00d8[Not completed]
2019-09-25 11:09:42,392 [pool-595-thread-1] INFO  impl.RaftServerImpl (RaftServerImpl.java:<init>(95)) - deee6178-b1f5-49c6-a192-edc1bfc8677d: new RaftServerImpl for group-609BBC05C59E:[deee6178-b1f5-49c6-a192-edc1bfc8677d:192.168.30.6:37193] with ContainerStateMachine:uninitialized
2019-09-25 11:09:42,392 [pool-595-thread-1] INFO  server.RaftServerConfigKeys (ConfUtils.java:logGet(43)) - raft.server.rpc.timeout.min = 5s (custom)
2019-09-25 11:09:42,392 [pool-595-thread-1] INFO  server.RaftServerConfigKeys (ConfUtils.java:logGet(43)) - raft.server.rpc.timeout.max = 5200ms (custom)
2019-09-25 11:09:42,392 [pool-595-thread-1] INFO  server.RaftServerConfigKeys (ConfUtils.java:logGet(43)) - raft.server.rpcslowness.timeout = 120s (custom)
2019-09-25 11:09:42,392 [pool-595-thread-1] INFO  server.RaftServerConfigKeys (ConfUtils.java:logGet(43)) - raft.server.sleep.deviation.threshold = 300 (default)
2019-09-25 11:09:42,392 [pool-595-thread-1] INFO  server.RaftServerConfigKeys (ConfUtils.java:logGet(43)) - raft.server.log.appender.install.snapshot.enabled = false (custom)
2019-09-25 11:09:42,393 [pool-595-thread-1] INFO  impl.RaftServerImpl (ServerState.java:<init>(103)) - deee6178-b1f5-49c6-a192-edc1bfc8677d@group-609BBC05C59E: ConfigurationManager, init=-1: [deee6178-b1f5-49c6-a192-edc1bfc8677d:192.168.30.6:37193], old=null, confs=<EMPTY_MAP>
2019-09-25 11:09:42,393 [pool-595-thread-1] INFO  server.RaftServerConfigKeys (ConfUtils.java:logGet(43)) - raft.server.storage.dir = [/workdir/hadoop-ozone/integration-test/target/test-dir/MiniOzoneClusterImpl-d8e1effc-caf9-4828-b7f0-59ad57edb745/datanode-1/data/ratis] (custom)
2019-09-25 11:09:42,393 [pool-595-thread-1] INFO  storage.RaftStorageDirectory (RaftStorageDirectory.java:analyzeStorage(246)) - The storage directory /workdir/hadoop-ozone/integration-test/target/test-dir/MiniOzoneClusterImpl-d8e1effc-caf9-4828-b7f0-59ad57edb745/datanode-1/data/ratis/e9572328-4f98-490d-8303-609bbc05c59e does not exist. Creating ...
2019-09-25 11:09:42,407 [pool-595-thread-1] INFO  storage.RaftStorageDirectory (RaftStorageDirectory.java:tryLock(328)) - Lock on /workdir/hadoop-ozone/integration-test/target/test-dir/MiniOzoneClusterImpl-d8e1effc-caf9-4828-b7f0-59ad57edb745/datanode-1/data/ratis/e9572328-4f98-490d-8303-609bbc05c59e/in_use.lock acquired by nodename 21763@pr-hdds-1569-5gmkr-4255264070
2019-09-25 11:09:42,420 [pool-595-thread-1] INFO  storage.RaftStorage (RaftStorage.java:format(72)) - Storage directory /workdir/hadoop-ozone/integration-test/target/test-dir/MiniOzoneClusterImpl-d8e1effc-caf9-4828-b7f0-59ad57edb745/datanode-1/data/ratis/e9572328-4f98-490d-8303-609bbc05c59e has been successfully formatted.
2019-09-25 11:09:42,420 [pool-595-thread-1] INFO  ratis.ContainerStateMachine (ContainerStateMachine.java:loadSnapshot(230)) - group-609BBC05C59E: The snapshot info is null. Setting the last applied indexto:(t:0, i:~)
2019-09-25 11:09:42,420 [pool-595-thread-1] INFO  server.RaftServerConfigKeys (ConfUtils.java:logGet(43)) - raft.server.notification.no-leader.timeout = 120s (custom)
2019-09-25 11:09:42,420 [pool-595-thread-1] INFO  server.RaftServerConfigKeys (ConfUtils.java:logGet(43)) - raft.server.log.use.memory = false (default)
2019-09-25 11:09:42,420 [pool-595-thread-1] INFO  server.RaftServerConfigKeys (ConfUtils.java:logGet(43)) - raft.server.log.purge.gap = 1000000 (custom)
2019-09-25 11:09:42,420 [pool-595-thread-1] INFO  server.RaftServerConfigKeys (ConfUtils.java:logGet(43)) - raft.server.log.appender.buffer.byte-limit = 33554432 (custom)
2019-09-25 11:09:42,421 [pool-595-thread-1] INFO  server.RaftServerConfigKeys (ConfUtils.java:logGet(43)) - raft.server.log.segment.size.max = 1048576 (custom)
2019-09-25 11:09:42,421 [pool-595-thread-1] INFO  server.RaftServerConfigKeys (ConfUtils.java:logGet(43)) - raft.server.log.segment.cache.num.max = 2 (custom)
2019-09-25 11:09:42,421 [pool-595-thread-1] INFO  segmented.SegmentedRaftLogWorker (SegmentedRaftLogWorker.java:<init>(172)) - new deee6178-b1f5-49c6-a192-edc1bfc8677d@group-609BBC05C59E-SegmentedRaftLogWorker for RaftStorage:Storage Directory /workdir/hadoop-ozone/integration-test/target/test-dir/MiniOzoneClusterImpl-d8e1effc-caf9-4828-b7f0-59ad57edb745/datanode-1/data/ratis/e9572328-4f98-490d-8303-609bbc05c59e
2019-09-25 11:09:42,421 [pool-595-thread-1] INFO  server.RaftServerConfigKeys (ConfUtils.java:logGet(43)) - raft.server.log.queue.byte-limit = 2147483647 (custom)
2019-09-25 11:09:42,421 [pool-595-thread-1] INFO  server.RaftServerConfigKeys (ConfUtils.java:logGet(43)) - raft.server.log.queue.element-limit = 1024 (custom)
2019-09-25 11:09:42,421 [pool-595-thread-1] INFO  server.RaftServerConfigKeys (ConfUtils.java:logGet(43)) - raft.server.log.segment.size.max = 1048576 (custom)
2019-09-25 11:09:42,421 [pool-595-thread-1] INFO  server.RaftServerConfigKeys (ConfUtils.java:logGet(43)) - raft.server.log.preallocated.size = 16384 (custom)
2019-09-25 11:09:42,421 [pool-595-thread-1] INFO  server.RaftServerConfigKeys (ConfUtils.java:logGet(43)) - raft.server.log.write.buffer.size = 33554432 (custom)
2019-09-25 11:09:42,421 [pool-595-thread-1] INFO  server.RaftServerConfigKeys (ConfUtils.java:logGet(43)) - raft.server.log.force.sync.num = 128 (default)
2019-09-25 11:09:42,421 [pool-595-thread-1] INFO  server.RaftServerConfigKeys (ConfUtils.java:logGet(43)) - raft.server.log.statemachine.data.sync = true (default)
2019-09-25 11:09:42,421 [pool-595-thread-1] INFO  server.RaftServerConfigKeys (ConfUtils.java:logGet(43)) - raft.server.log.statemachine.data.sync.timeout = 10s (default)
2019-09-25 11:09:42,421 [pool-595-thread-1] INFO  server.RaftServerConfigKeys (ConfUtils.java:logGet(43)) - raft.server.log.statemachine.data.sync.timeout.retry = -1 (default)
2019-09-25 11:09:42,422 [pool-595-thread-1] INFO  server.RaftServerConfigKeys (ConfUtils.java:logGet(43)) - raft.server.log.statemachine.data.caching.enabled = true (custom)
2019-09-25 11:09:42,422 [pool-595-thread-1] INFO  segmented.SegmentedRaftLogWorker (SegmentedRaftLogWorker.java:lambda$new$0(132)) - deee6178-b1f5-49c6-a192-edc1bfc8677d@group-609BBC05C59E-SegmentedRaftLogWorker: flushIndex: setUnconditionally 0 -> -1
2019-09-25 11:09:42,422 [pool-595-thread-1] INFO  server.RaftServerConfigKeys (ConfUtils.java:logGet(43)) - raft.server.snapshot.auto.trigger.enabled = true (custom)
2019-09-25 11:09:42,422 [pool-595-thread-1] INFO  server.RaftServerConfigKeys (ConfUtils.java:logGet(43)) - raft.server.snapshot.auto.trigger.threshold = 10000 (custom)
2019-09-25 11:09:42,422 [pool-595-thread-1] INFO  server.RaftServerConfigKeys (ConfUtils.java:logGet(43)) - raft.server.snapshot.retention.num.files = 5 (custom)
2019-09-25 11:09:42,422 [pool-595-thread-1] INFO  server.RaftServerConfigKeys (ConfUtils.java:logGet(43)) - raft.server.retrycache.expirytime = 600000ms (custom)
2019-09-25 11:09:42,423 [pool-595-thread-1] INFO  impl.RaftServerImpl (RaftServerImpl.java:start(185)) - deee6178-b1f5-49c6-a192-edc1bfc8677d@group-609BBC05C59E: start as a follower, conf=-1: [deee6178-b1f5-49c6-a192-edc1bfc8677d:192.168.30.6:37193], old=null
2019-09-25 11:09:42,423 [pool-595-thread-1] INFO  impl.RaftServerImpl (RaftServerImpl.java:setRole(174)) - deee6178-b1f5-49c6-a192-edc1bfc8677d@group-609BBC05C59E: changes role from      null to FOLLOWER at term 0 for startAsFollower
2019-09-25 11:09:42,423 [pool-595-thread-1] INFO  impl.RoleInfo (RoleInfo.java:updateAndGet(143)) - deee6178-b1f5-49c6-a192-edc1bfc8677d: start FollowerState
2019-09-25 11:09:42,423 [pool-595-thread-1] INFO  util.JmxRegister (JmxRegister.java:tryRegister(44)) - Successfully registered JMX Bean with object name Ratis:service=RaftServer,group=group-609BBC05C59E,id=deee6178-b1f5-49c6-a192-edc1bfc8677d
2019-09-25 11:09:42,425 [RatisPipelineUtilsThread] INFO  pipeline.PipelineStateManager (PipelineStateManager.java:addPipeline(56)) - Created pipeline Pipeline[ Id: e9572328-4f98-490d-8303-609bbc05c59e, Nodes: deee6178-b1f5-49c6-a192-edc1bfc8677d{ip: 192.168.30.6, host: pr-hdds-1569-5gmkr-4255264070, networkLocation: /default-rack, certSerialId: null}, Type:RATIS, Factor:ONE, State:OPEN]
2019-09-25 11:09:42,433 [grpc-default-executor-1] INFO  impl.RaftServerProxy (RaftServerProxy.java:addNew(89)) - 0b288e97-ea7b-4dc2-9c9e-09d2c36158d8: addNew group-4D38CDC4DC38:[0b288e97-ea7b-4dc2-9c9e-09d2c36158d8:192.168.30.6:43433] returns group-4D38CDC4DC38:java.util.concurrent.CompletableFuture@34c1be5f[Not completed]
2019-09-25 11:09:42,434 [pool-615-thread-1] INFO  impl.RaftServerImpl (RaftServerImpl.java:<init>(95)) - 0b288e97-ea7b-4dc2-9c9e-09d2c36158d8: new RaftServerImpl for group-4D38CDC4DC38:[0b288e97-ea7b-4dc2-9c9e-09d2c36158d8:192.168.30.6:43433] with ContainerStateMachine:uninitialized
2019-09-25 11:09:42,434 [pool-615-thread-1] INFO  server.RaftServerConfigKeys (ConfUtils.java:logGet(43)) - raft.server.rpc.timeout.min = 5s (custom)
2019-09-25 11:09:42,434 [pool-615-thread-1] INFO  server.RaftServerConfigKeys (ConfUtils.java:logGet(43)) - raft.server.rpc.timeout.max = 5200ms (custom)
2019-09-25 11:09:42,434 [pool-615-thread-1] INFO  server.RaftServerConfigKeys (ConfUtils.java:logGet(43)) - raft.server.rpcslowness.timeout = 120s (custom)
2019-09-25 11:09:42,434 [pool-615-thread-1] INFO  server.RaftServerConfigKeys (ConfUtils.java:logGet(43)) - raft.server.sleep.deviation.threshold = 300 (default)
2019-09-25 11:09:42,434 [pool-615-thread-1] INFO  server.RaftServerConfigKeys (ConfUtils.java:logGet(43)) - raft.server.log.appender.install.snapshot.enabled = false (custom)
2019-09-25 11:09:42,434 [pool-615-thread-1] INFO  impl.RaftServerImpl (ServerState.java:<init>(103)) - 0b288e97-ea7b-4dc2-9c9e-09d2c36158d8@group-4D38CDC4DC38: ConfigurationManager, init=-1: [0b288e97-ea7b-4dc2-9c9e-09d2c36158d8:192.168.30.6:43433], old=null, confs=<EMPTY_MAP>
2019-09-25 11:09:42,434 [pool-615-thread-1] INFO  server.RaftServerConfigKeys (ConfUtils.java:logGet(43)) - raft.server.storage.dir = [/workdir/hadoop-ozone/integration-test/target/test-dir/MiniOzoneClusterImpl-d8e1effc-caf9-4828-b7f0-59ad57edb745/datanode-3/data/ratis] (custom)
2019-09-25 11:09:42,435 [pool-615-thread-1] INFO  storage.RaftStorageDirectory (RaftStorageDirectory.java:analyzeStorage(246)) - The storage directory /workdir/hadoop-ozone/integration-test/target/test-dir/MiniOzoneClusterImpl-d8e1effc-caf9-4828-b7f0-59ad57edb745/datanode-3/data/ratis/163b12fd-e961-4fb3-b7d5-4d38cdc4dc38 does not exist. Creating ...
2019-09-25 11:09:42,437 [IPC Server handler 0 on 34831] INFO  net.NetworkTopology (NetworkTopologyImpl.java:add(111)) - Added a new node: /default-rack/9c4ccc43-f5ac-4960-a511-a1ff33ec0d19
2019-09-25 11:09:42,437 [IPC Server handler 0 on 34831] INFO  node.SCMNodeManager (SCMNodeManager.java:register(266)) - Registered Data node : 9c4ccc43-f5ac-4960-a511-a1ff33ec0d19{ip: 192.168.30.6, host: pr-hdds-1569-5gmkr-4255264070, networkLocation: /default-rack, certSerialId: null}
2019-09-25 11:09:42,449 [pool-615-thread-1] INFO  storage.RaftStorageDirectory (RaftStorageDirectory.java:tryLock(328)) - Lock on /workdir/hadoop-ozone/integration-test/target/test-dir/MiniOzoneClusterImpl-d8e1effc-caf9-4828-b7f0-59ad57edb745/datanode-3/data/ratis/163b12fd-e961-4fb3-b7d5-4d38cdc4dc38/in_use.lock acquired by nodename 21763@pr-hdds-1569-5gmkr-4255264070
2019-09-25 11:09:42,452 [pool-615-thread-1] INFO  storage.RaftStorage (RaftStorage.java:format(72)) - Storage directory /workdir/hadoop-ozone/integration-test/target/test-dir/MiniOzoneClusterImpl-d8e1effc-caf9-4828-b7f0-59ad57edb745/datanode-3/data/ratis/163b12fd-e961-4fb3-b7d5-4d38cdc4dc38 has been successfully formatted.
2019-09-25 11:09:42,453 [pool-615-thread-1] INFO  ratis.ContainerStateMachine (ContainerStateMachine.java:loadSnapshot(230)) - group-4D38CDC4DC38: The snapshot info is null. Setting the last applied indexto:(t:0, i:~)
2019-09-25 11:09:42,453 [pool-615-thread-1] INFO  server.RaftServerConfigKeys (ConfUtils.java:logGet(43)) - raft.server.notification.no-leader.timeout = 120s (custom)
2019-09-25 11:09:42,453 [pool-615-thread-1] INFO  server.RaftServerConfigKeys (ConfUtils.java:logGet(43)) - raft.server.log.use.memory = false (default)
2019-09-25 11:09:42,453 [pool-615-thread-1] INFO  server.RaftServerConfigKeys (ConfUtils.java:logGet(43)) - raft.server.log.purge.gap = 1000000 (custom)
2019-09-25 11:09:42,453 [pool-615-thread-1] INFO  server.RaftServerConfigKeys (ConfUtils.java:logGet(43)) - raft.server.log.appender.buffer.byte-limit = 33554432 (custom)
2019-09-25 11:09:42,453 [pool-615-thread-1] INFO  server.RaftServerConfigKeys (ConfUtils.java:logGet(43)) - raft.server.log.segment.size.max = 1048576 (custom)
2019-09-25 11:09:42,453 [pool-615-thread-1] INFO  server.RaftServerConfigKeys (ConfUtils.java:logGet(43)) - raft.server.log.segment.cache.num.max = 2 (custom)
2019-09-25 11:09:42,453 [pool-615-thread-1] INFO  segmented.SegmentedRaftLogWorker (SegmentedRaftLogWorker.java:<init>(172)) - new 0b288e97-ea7b-4dc2-9c9e-09d2c36158d8@group-4D38CDC4DC38-SegmentedRaftLogWorker for RaftStorage:Storage Directory /workdir/hadoop-ozone/integration-test/target/test-dir/MiniOzoneClusterImpl-d8e1effc-caf9-4828-b7f0-59ad57edb745/datanode-3/data/ratis/163b12fd-e961-4fb3-b7d5-4d38cdc4dc38
2019-09-25 11:09:42,454 [pool-615-thread-1] INFO  server.RaftServerConfigKeys (ConfUtils.java:logGet(43)) - raft.server.log.queue.byte-limit = 2147483647 (custom)
2019-09-25 11:09:42,454 [pool-615-thread-1] INFO  server.RaftServerConfigKeys (ConfUtils.java:logGet(43)) - raft.server.log.queue.element-limit = 1024 (custom)
2019-09-25 11:09:42,455 [pool-615-thread-1] INFO  server.RaftServerConfigKeys (ConfUtils.java:logGet(43)) - raft.server.log.segment.size.max = 1048576 (custom)
2019-09-25 11:09:42,455 [pool-615-thread-1] INFO  server.RaftServerConfigKeys (ConfUtils.java:logGet(43)) - raft.server.log.preallocated.size = 16384 (custom)
2019-09-25 11:09:42,455 [pool-615-thread-1] INFO  server.RaftServerConfigKeys (ConfUtils.java:logGet(43)) - raft.server.log.write.buffer.size = 33554432 (custom)
2019-09-25 11:09:42,455 [pool-615-thread-1] INFO  server.RaftServerConfigKeys (ConfUtils.java:logGet(43)) - raft.server.log.force.sync.num = 128 (default)
2019-09-25 11:09:42,455 [pool-615-thread-1] INFO  server.RaftServerConfigKeys (ConfUtils.java:logGet(43)) - raft.server.log.statemachine.data.sync = true (default)
2019-09-25 11:09:42,455 [pool-615-thread-1] INFO  server.RaftServerConfigKeys (ConfUtils.java:logGet(43)) - raft.server.log.statemachine.data.sync.timeout = 10s (default)
2019-09-25 11:09:42,455 [pool-615-thread-1] INFO  server.RaftServerConfigKeys (ConfUtils.java:logGet(43)) - raft.server.log.statemachine.data.sync.timeout.retry = -1 (default)
2019-09-25 11:09:42,455 [pool-615-thread-1] INFO  server.RaftServerConfigKeys (ConfUtils.java:logGet(43)) - raft.server.log.statemachine.data.caching.enabled = true (custom)
2019-09-25 11:09:42,466 [pool-615-thread-1] INFO  segmented.SegmentedRaftLogWorker (SegmentedRaftLogWorker.java:lambda$new$0(132)) - 0b288e97-ea7b-4dc2-9c9e-09d2c36158d8@group-4D38CDC4DC38-SegmentedRaftLogWorker: flushIndex: setUnconditionally 0 -> -1
2019-09-25 11:09:42,467 [pool-615-thread-1] INFO  server.RaftServerConfigKeys (ConfUtils.java:logGet(43)) - raft.server.snapshot.auto.trigger.enabled = true (custom)
2019-09-25 11:09:42,467 [pool-615-thread-1] INFO  server.RaftServerConfigKeys (ConfUtils.java:logGet(43)) - raft.server.snapshot.auto.trigger.threshold = 10000 (custom)
2019-09-25 11:09:42,467 [pool-615-thread-1] INFO  server.RaftServerConfigKeys (ConfUtils.java:logGet(43)) - raft.server.snapshot.retention.num.files = 5 (custom)
2019-09-25 11:09:42,467 [pool-615-thread-1] INFO  server.RaftServerConfigKeys (ConfUtils.java:logGet(43)) - raft.server.retrycache.expirytime = 600000ms (custom)
2019-09-25 11:09:42,469 [pool-615-thread-1] INFO  impl.RaftServerImpl (RaftServerImpl.java:start(185)) - 0b288e97-ea7b-4dc2-9c9e-09d2c36158d8@group-4D38CDC4DC38: start as a follower, conf=-1: [0b288e97-ea7b-4dc2-9c9e-09d2c36158d8:192.168.30.6:43433], old=null
2019-09-25 11:09:42,469 [pool-615-thread-1] INFO  impl.RaftServerImpl (RaftServerImpl.java:setRole(174)) - 0b288e97-ea7b-4dc2-9c9e-09d2c36158d8@group-4D38CDC4DC38: changes role from      null to FOLLOWER at term 0 for startAsFollower
2019-09-25 11:09:42,469 [pool-615-thread-1] INFO  impl.RoleInfo (RoleInfo.java:updateAndGet(143)) - 0b288e97-ea7b-4dc2-9c9e-09d2c36158d8: start FollowerState
2019-09-25 11:09:42,470 [pool-615-thread-1] INFO  util.JmxRegister (JmxRegister.java:tryRegister(44)) - Successfully registered JMX Bean with object name Ratis:service=RaftServer,group=group-4D38CDC4DC38,id=0b288e97-ea7b-4dc2-9c9e-09d2c36158d8
2019-09-25 11:09:42,471 [RatisPipelineUtilsThread] INFO  pipeline.PipelineStateManager (PipelineStateManager.java:addPipeline(56)) - Created pipeline Pipeline[ Id: 163b12fd-e961-4fb3-b7d5-4d38cdc4dc38, Nodes: 0b288e97-ea7b-4dc2-9c9e-09d2c36158d8{ip: 192.168.30.6, host: pr-hdds-1569-5gmkr-4255264070, networkLocation: /default-rack, certSerialId: null}, Type:RATIS, Factor:ONE, State:OPEN]
2019-09-25 11:09:42,474 [grpc-default-executor-1] INFO  impl.RaftServerProxy (RaftServerProxy.java:addNew(89)) - 6b5841ea-ab37-40e7-b4af-848a53246ff5: addNew group-5FD8C9FAAE28:[6b5841ea-ab37-40e7-b4af-848a53246ff5:192.168.30.6:45265] returns group-5FD8C9FAAE28:java.util.concurrent.CompletableFuture@39b015f6[Not completed]
2019-09-25 11:09:42,475 [pool-585-thread-1] INFO  impl.RaftServerImpl (RaftServerImpl.java:<init>(95)) - 6b5841ea-ab37-40e7-b4af-848a53246ff5: new RaftServerImpl for group-5FD8C9FAAE28:[6b5841ea-ab37-40e7-b4af-848a53246ff5:192.168.30.6:45265] with ContainerStateMachine:uninitialized
2019-09-25 11:09:42,475 [pool-585-thread-1] INFO  server.RaftServerConfigKeys (ConfUtils.java:logGet(43)) - raft.server.rpc.timeout.min = 5s (custom)
2019-09-25 11:09:42,475 [pool-585-thread-1] INFO  server.RaftServerConfigKeys (ConfUtils.java:logGet(43)) - raft.server.rpc.timeout.max = 5200ms (custom)
2019-09-25 11:09:42,475 [pool-585-thread-1] INFO  server.RaftServerConfigKeys (ConfUtils.java:logGet(43)) - raft.server.rpcslowness.timeout = 120s (custom)
2019-09-25 11:09:42,475 [pool-585-thread-1] INFO  server.RaftServerConfigKeys (ConfUtils.java:logGet(43)) - raft.server.sleep.deviation.threshold = 300 (default)
2019-09-25 11:09:42,475 [pool-585-thread-1] INFO  server.RaftServerConfigKeys (ConfUtils.java:logGet(43)) - raft.server.log.appender.install.snapshot.enabled = false (custom)
2019-09-25 11:09:42,475 [pool-585-thread-1] INFO  impl.RaftServerImpl (ServerState.java:<init>(103)) - 6b5841ea-ab37-40e7-b4af-848a53246ff5@group-5FD8C9FAAE28: ConfigurationManager, init=-1: [6b5841ea-ab37-40e7-b4af-848a53246ff5:192.168.30.6:45265], old=null, confs=<EMPTY_MAP>
2019-09-25 11:09:42,476 [pool-585-thread-1] INFO  server.RaftServerConfigKeys (ConfUtils.java:logGet(43)) - raft.server.storage.dir = [/workdir/hadoop-ozone/integration-test/target/test-dir/MiniOzoneClusterImpl-d8e1effc-caf9-4828-b7f0-59ad57edb745/datanode-0/data/ratis] (custom)
2019-09-25 11:09:42,476 [pool-585-thread-1] INFO  storage.RaftStorageDirectory (RaftStorageDirectory.java:analyzeStorage(246)) - The storage directory /workdir/hadoop-ozone/integration-test/target/test-dir/MiniOzoneClusterImpl-d8e1effc-caf9-4828-b7f0-59ad57edb745/datanode-0/data/ratis/386620e0-280a-4bce-972a-5fd8c9faae28 does not exist. Creating ...
2019-09-25 11:09:42,482 [pool-585-thread-1] INFO  storage.RaftStorageDirectory (RaftStorageDirectory.java:tryLock(328)) - Lock on /workdir/hadoop-ozone/integration-test/target/test-dir/MiniOzoneClusterImpl-d8e1effc-caf9-4828-b7f0-59ad57edb745/datanode-0/data/ratis/386620e0-280a-4bce-972a-5fd8c9faae28/in_use.lock acquired by nodename 21763@pr-hdds-1569-5gmkr-4255264070
2019-09-25 11:09:42,486 [pool-585-thread-1] INFO  storage.RaftStorage (RaftStorage.java:format(72)) - Storage directory /workdir/hadoop-ozone/integration-test/target/test-dir/MiniOzoneClusterImpl-d8e1effc-caf9-4828-b7f0-59ad57edb745/datanode-0/data/ratis/386620e0-280a-4bce-972a-5fd8c9faae28 has been successfully formatted.
2019-09-25 11:09:42,487 [pool-585-thread-1] INFO  ratis.ContainerStateMachine (ContainerStateMachine.java:loadSnapshot(230)) - group-5FD8C9FAAE28: The snapshot info is null. Setting the last applied indexto:(t:0, i:~)
2019-09-25 11:09:42,487 [pool-585-thread-1] INFO  server.RaftServerConfigKeys (ConfUtils.java:logGet(43)) - raft.server.notification.no-leader.timeout = 120s (custom)
2019-09-25 11:09:42,487 [pool-585-thread-1] INFO  server.RaftServerConfigKeys (ConfUtils.java:logGet(43)) - raft.server.log.use.memory = false (default)
2019-09-25 11:09:42,487 [pool-585-thread-1] INFO  server.RaftServerConfigKeys (ConfUtils.java:logGet(43)) - raft.server.log.purge.gap = 1000000 (custom)
2019-09-25 11:09:42,487 [pool-585-thread-1] INFO  server.RaftServerConfigKeys (ConfUtils.java:logGet(43)) - raft.server.log.appender.buffer.byte-limit = 33554432 (custom)
2019-09-25 11:09:42,487 [pool-585-thread-1] INFO  server.RaftServerConfigKeys (ConfUtils.java:logGet(43)) - raft.server.log.segment.size.max = 1048576 (custom)
2019-09-25 11:09:42,487 [pool-585-thread-1] INFO  server.RaftServerConfigKeys (ConfUtils.java:logGet(43)) - raft.server.log.segment.cache.num.max = 2 (custom)
2019-09-25 11:09:42,487 [pool-585-thread-1] INFO  segmented.SegmentedRaftLogWorker (SegmentedRaftLogWorker.java:<init>(172)) - new 6b5841ea-ab37-40e7-b4af-848a53246ff5@group-5FD8C9FAAE28-SegmentedRaftLogWorker for RaftStorage:Storage Directory /workdir/hadoop-ozone/integration-test/target/test-dir/MiniOzoneClusterImpl-d8e1effc-caf9-4828-b7f0-59ad57edb745/datanode-0/data/ratis/386620e0-280a-4bce-972a-5fd8c9faae28
2019-09-25 11:09:42,487 [pool-585-thread-1] INFO  server.RaftServerConfigKeys (ConfUtils.java:logGet(43)) - raft.server.log.queue.byte-limit = 2147483647 (custom)
2019-09-25 11:09:42,487 [pool-585-thread-1] INFO  server.RaftServerConfigKeys (ConfUtils.java:logGet(43)) - raft.server.log.queue.element-limit = 1024 (custom)
2019-09-25 11:09:42,488 [pool-585-thread-1] INFO  server.RaftServerConfigKeys (ConfUtils.java:logGet(43)) - raft.server.log.segment.size.max = 1048576 (custom)
2019-09-25 11:09:42,488 [pool-585-thread-1] INFO  server.RaftServerConfigKeys (ConfUtils.java:logGet(43)) - raft.server.log.preallocated.size = 16384 (custom)
2019-09-25 11:09:42,488 [pool-585-thread-1] INFO  server.RaftServerConfigKeys (ConfUtils.java:logGet(43)) - raft.server.log.write.buffer.size = 33554432 (custom)
2019-09-25 11:09:42,488 [pool-585-thread-1] INFO  server.RaftServerConfigKeys (ConfUtils.java:logGet(43)) - raft.server.log.force.sync.num = 128 (default)
2019-09-25 11:09:42,488 [pool-585-thread-1] INFO  server.RaftServerConfigKeys (ConfUtils.java:logGet(43)) - raft.server.log.statemachine.data.sync = true (default)
2019-09-25 11:09:42,488 [pool-585-thread-1] INFO  server.RaftServerConfigKeys (ConfUtils.java:logGet(43)) - raft.server.log.statemachine.data.sync.timeout = 10s (default)
2019-09-25 11:09:42,488 [pool-585-thread-1] INFO  server.RaftServerConfigKeys (ConfUtils.java:logGet(43)) - raft.server.log.statemachine.data.sync.timeout.retry = -1 (default)
2019-09-25 11:09:42,488 [pool-585-thread-1] INFO  server.RaftServerConfigKeys (ConfUtils.java:logGet(43)) - raft.server.log.statemachine.data.caching.enabled = true (custom)
2019-09-25 11:09:42,488 [pool-585-thread-1] INFO  segmented.SegmentedRaftLogWorker (SegmentedRaftLogWorker.java:lambda$new$0(132)) - 6b5841ea-ab37-40e7-b4af-848a53246ff5@group-5FD8C9FAAE28-SegmentedRaftLogWorker: flushIndex: setUnconditionally 0 -> -1
2019-09-25 11:09:42,488 [pool-585-thread-1] INFO  server.RaftServerConfigKeys (ConfUtils.java:logGet(43)) - raft.server.snapshot.auto.trigger.enabled = true (custom)
2019-09-25 11:09:42,489 [pool-585-thread-1] INFO  server.RaftServerConfigKeys (ConfUtils.java:logGet(43)) - raft.server.snapshot.auto.trigger.threshold = 10000 (custom)
2019-09-25 11:09:42,489 [pool-585-thread-1] INFO  server.RaftServerConfigKeys (ConfUtils.java:logGet(43)) - raft.server.snapshot.retention.num.files = 5 (custom)
2019-09-25 11:09:42,489 [pool-585-thread-1] INFO  server.RaftServerConfigKeys (ConfUtils.java:logGet(43)) - raft.server.retrycache.expirytime = 600000ms (custom)
2019-09-25 11:09:42,490 [pool-585-thread-1] INFO  impl.RaftServerImpl (RaftServerImpl.java:start(185)) - 6b5841ea-ab37-40e7-b4af-848a53246ff5@group-5FD8C9FAAE28: start as a follower, conf=-1: [6b5841ea-ab37-40e7-b4af-848a53246ff5:192.168.30.6:45265], old=null
2019-09-25 11:09:42,490 [pool-585-thread-1] INFO  impl.RaftServerImpl (RaftServerImpl.java:setRole(174)) - 6b5841ea-ab37-40e7-b4af-848a53246ff5@group-5FD8C9FAAE28: changes role from      null to FOLLOWER at term 0 for startAsFollower
2019-09-25 11:09:42,490 [pool-585-thread-1] INFO  impl.RoleInfo (RoleInfo.java:updateAndGet(143)) - 6b5841ea-ab37-40e7-b4af-848a53246ff5: start FollowerState
2019-09-25 11:09:42,490 [pool-585-thread-1] INFO  util.JmxRegister (JmxRegister.java:tryRegister(44)) - Successfully registered JMX Bean with object name Ratis:service=RaftServer,group=group-5FD8C9FAAE28,id=6b5841ea-ab37-40e7-b4af-848a53246ff5
2019-09-25 11:09:42,492 [RatisPipelineUtilsThread] INFO  pipeline.PipelineStateManager (PipelineStateManager.java:addPipeline(56)) - Created pipeline Pipeline[ Id: 386620e0-280a-4bce-972a-5fd8c9faae28, Nodes: 6b5841ea-ab37-40e7-b4af-848a53246ff5{ip: 192.168.30.6, host: pr-hdds-1569-5gmkr-4255264070, networkLocation: /default-rack, certSerialId: null}, Type:RATIS, Factor:ONE, State:OPEN]
2019-09-25 11:09:42,500 [grpc-default-executor-1] INFO  impl.RaftServerProxy (RaftServerProxy.java:addNew(89)) - 07e899c7-9b65-45ad-afd5-2a504e2891bf: addNew group-FEB97ED59F20:[07e899c7-9b65-45ad-afd5-2a504e2891bf:192.168.30.6:43313] returns group-FEB97ED59F20:java.util.concurrent.CompletableFuture@6bbbe348[Not completed]
2019-09-25 11:09:42,501 [pool-605-thread-1] INFO  impl.RaftServerImpl (RaftServerImpl.java:<init>(95)) - 07e899c7-9b65-45ad-afd5-2a504e2891bf: new RaftServerImpl for group-FEB97ED59F20:[07e899c7-9b65-45ad-afd5-2a504e2891bf:192.168.30.6:43313] with ContainerStateMachine:uninitialized
2019-09-25 11:09:42,501 [pool-605-thread-1] INFO  server.RaftServerConfigKeys (ConfUtils.java:logGet(43)) - raft.server.rpc.timeout.min = 5s (custom)
2019-09-25 11:09:42,501 [pool-605-thread-1] INFO  server.RaftServerConfigKeys (ConfUtils.java:logGet(43)) - raft.server.rpc.timeout.max = 5200ms (custom)
2019-09-25 11:09:42,501 [pool-605-thread-1] INFO  server.RaftServerConfigKeys (ConfUtils.java:logGet(43)) - raft.server.rpcslowness.timeout = 120s (custom)
2019-09-25 11:09:42,501 [pool-605-thread-1] INFO  server.RaftServerConfigKeys (ConfUtils.java:logGet(43)) - raft.server.sleep.deviation.threshold = 300 (default)
2019-09-25 11:09:42,501 [pool-605-thread-1] INFO  server.RaftServerConfigKeys (ConfUtils.java:logGet(43)) - raft.server.log.appender.install.snapshot.enabled = false (custom)
2019-09-25 11:09:42,501 [pool-605-thread-1] INFO  impl.RaftServerImpl (ServerState.java:<init>(103)) - 07e899c7-9b65-45ad-afd5-2a504e2891bf@group-FEB97ED59F20: ConfigurationManager, init=-1: [07e899c7-9b65-45ad-afd5-2a504e2891bf:192.168.30.6:43313], old=null, confs=<EMPTY_MAP>
2019-09-25 11:09:42,501 [pool-605-thread-1] INFO  server.RaftServerConfigKeys (ConfUtils.java:logGet(43)) - raft.server.storage.dir = [/workdir/hadoop-ozone/integration-test/target/test-dir/MiniOzoneClusterImpl-d8e1effc-caf9-4828-b7f0-59ad57edb745/datanode-2/data/ratis] (custom)
2019-09-25 11:09:42,502 [pool-605-thread-1] INFO  storage.RaftStorageDirectory (RaftStorageDirectory.java:analyzeStorage(246)) - The storage directory /workdir/hadoop-ozone/integration-test/target/test-dir/MiniOzoneClusterImpl-d8e1effc-caf9-4828-b7f0-59ad57edb745/datanode-2/data/ratis/edb9ac37-3f8e-4b43-861b-feb97ed59f20 does not exist. Creating ...
2019-09-25 11:09:42,506 [pool-605-thread-1] INFO  storage.RaftStorageDirectory (RaftStorageDirectory.java:tryLock(328)) - Lock on /workdir/hadoop-ozone/integration-test/target/test-dir/MiniOzoneClusterImpl-d8e1effc-caf9-4828-b7f0-59ad57edb745/datanode-2/data/ratis/edb9ac37-3f8e-4b43-861b-feb97ed59f20/in_use.lock acquired by nodename 21763@pr-hdds-1569-5gmkr-4255264070
2019-09-25 11:09:42,521 [pool-605-thread-1] INFO  storage.RaftStorage (RaftStorage.java:format(72)) - Storage directory /workdir/hadoop-ozone/integration-test/target/test-dir/MiniOzoneClusterImpl-d8e1effc-caf9-4828-b7f0-59ad57edb745/datanode-2/data/ratis/edb9ac37-3f8e-4b43-861b-feb97ed59f20 has been successfully formatted.
2019-09-25 11:09:42,522 [pool-605-thread-1] INFO  ratis.ContainerStateMachine (ContainerStateMachine.java:loadSnapshot(230)) - group-FEB97ED59F20: The snapshot info is null. Setting the last applied indexto:(t:0, i:~)
2019-09-25 11:09:42,522 [pool-605-thread-1] INFO  server.RaftServerConfigKeys (ConfUtils.java:logGet(43)) - raft.server.notification.no-leader.timeout = 120s (custom)
2019-09-25 11:09:42,522 [pool-605-thread-1] INFO  server.RaftServerConfigKeys (ConfUtils.java:logGet(43)) - raft.server.log.use.memory = false (default)
2019-09-25 11:09:42,522 [pool-605-thread-1] INFO  server.RaftServerConfigKeys (ConfUtils.java:logGet(43)) - raft.server.log.purge.gap = 1000000 (custom)
2019-09-25 11:09:42,522 [pool-605-thread-1] INFO  server.RaftServerConfigKeys (ConfUtils.java:logGet(43)) - raft.server.log.appender.buffer.byte-limit = 33554432 (custom)
2019-09-25 11:09:42,522 [pool-605-thread-1] INFO  server.RaftServerConfigKeys (ConfUtils.java:logGet(43)) - raft.server.log.segment.size.max = 1048576 (custom)
2019-09-25 11:09:42,522 [pool-605-thread-1] INFO  server.RaftServerConfigKeys (ConfUtils.java:logGet(43)) - raft.server.log.segment.cache.num.max = 2 (custom)
2019-09-25 11:09:42,523 [pool-605-thread-1] INFO  segmented.SegmentedRaftLogWorker (SegmentedRaftLogWorker.java:<init>(172)) - new 07e899c7-9b65-45ad-afd5-2a504e2891bf@group-FEB97ED59F20-SegmentedRaftLogWorker for RaftStorage:Storage Directory /workdir/hadoop-ozone/integration-test/target/test-dir/MiniOzoneClusterImpl-d8e1effc-caf9-4828-b7f0-59ad57edb745/datanode-2/data/ratis/edb9ac37-3f8e-4b43-861b-feb97ed59f20
2019-09-25 11:09:42,524 [pool-605-thread-1] INFO  server.RaftServerConfigKeys (ConfUtils.java:logGet(43)) - raft.server.log.queue.byte-limit = 2147483647 (custom)
2019-09-25 11:09:42,524 [pool-605-thread-1] INFO  server.RaftServerConfigKeys (ConfUtils.java:logGet(43)) - raft.server.log.queue.element-limit = 1024 (custom)
2019-09-25 11:09:42,524 [pool-605-thread-1] INFO  server.RaftServerConfigKeys (ConfUtils.java:logGet(43)) - raft.server.log.segment.size.max = 1048576 (custom)
2019-09-25 11:09:42,525 [pool-605-thread-1] INFO  server.RaftServerConfigKeys (ConfUtils.java:logGet(43)) - raft.server.log.preallocated.size = 16384 (custom)
2019-09-25 11:09:42,525 [pool-605-thread-1] INFO  server.RaftServerConfigKeys (ConfUtils.java:logGet(43)) - raft.server.log.write.buffer.size = 33554432 (custom)
2019-09-25 11:09:42,525 [pool-605-thread-1] INFO  server.RaftServerConfigKeys (ConfUtils.java:logGet(43)) - raft.server.log.force.sync.num = 128 (default)
2019-09-25 11:09:42,525 [pool-605-thread-1] INFO  server.RaftServerConfigKeys (ConfUtils.java:logGet(43)) - raft.server.log.statemachine.data.sync = true (default)
2019-09-25 11:09:42,525 [pool-605-thread-1] INFO  server.RaftServerConfigKeys (ConfUtils.java:logGet(43)) - raft.server.log.statemachine.data.sync.timeout = 10s (default)
2019-09-25 11:09:42,525 [pool-605-thread-1] INFO  server.RaftServerConfigKeys (ConfUtils.java:logGet(43)) - raft.server.log.statemachine.data.sync.timeout.retry = -1 (default)
2019-09-25 11:09:42,525 [IPC Server handler 1 on 34831] INFO  net.NetworkTopology (NetworkTopologyImpl.java:add(111)) - Added a new node: /default-rack/f195ac4f-a279-4102-9716-e02d49b9162a
2019-09-25 11:09:42,526 [pool-605-thread-1] INFO  server.RaftServerConfigKeys (ConfUtils.java:logGet(43)) - raft.server.log.statemachine.data.caching.enabled = true (custom)
2019-09-25 11:09:42,526 [IPC Server handler 1 on 34831] INFO  node.SCMNodeManager (SCMNodeManager.java:register(266)) - Registered Data node : f195ac4f-a279-4102-9716-e02d49b9162a{ip: 192.168.30.6, host: pr-hdds-1569-5gmkr-4255264070, networkLocation: /default-rack, certSerialId: null}
2019-09-25 11:09:42,526 [pool-605-thread-1] INFO  segmented.SegmentedRaftLogWorker (SegmentedRaftLogWorker.java:lambda$new$0(132)) - 07e899c7-9b65-45ad-afd5-2a504e2891bf@group-FEB97ED59F20-SegmentedRaftLogWorker: flushIndex: setUnconditionally 0 -> -1
2019-09-25 11:09:42,526 [pool-605-thread-1] INFO  server.RaftServerConfigKeys (ConfUtils.java:logGet(43)) - raft.server.snapshot.auto.trigger.enabled = true (custom)
2019-09-25 11:09:42,526 [pool-605-thread-1] INFO  server.RaftServerConfigKeys (ConfUtils.java:logGet(43)) - raft.server.snapshot.auto.trigger.threshold = 10000 (custom)
2019-09-25 11:09:42,526 [pool-605-thread-1] INFO  server.RaftServerConfigKeys (ConfUtils.java:logGet(43)) - raft.server.snapshot.retention.num.files = 5 (custom)
2019-09-25 11:09:42,527 [pool-605-thread-1] INFO  server.RaftServerConfigKeys (ConfUtils.java:logGet(43)) - raft.server.retrycache.expirytime = 600000ms (custom)
2019-09-25 11:09:42,528 [pool-605-thread-1] INFO  impl.RaftServerImpl (RaftServerImpl.java:start(185)) - 07e899c7-9b65-45ad-afd5-2a504e2891bf@group-FEB97ED59F20: start as a follower, conf=-1: [07e899c7-9b65-45ad-afd5-2a504e2891bf:192.168.30.6:43313], old=null
2019-09-25 11:09:42,528 [pool-605-thread-1] INFO  impl.RaftServerImpl (RaftServerImpl.java:setRole(174)) - 07e899c7-9b65-45ad-afd5-2a504e2891bf@group-FEB97ED59F20: changes role from      null to FOLLOWER at term 0 for startAsFollower
2019-09-25 11:09:42,528 [pool-605-thread-1] INFO  impl.RoleInfo (RoleInfo.java:updateAndGet(143)) - 07e899c7-9b65-45ad-afd5-2a504e2891bf: start FollowerState
2019-09-25 11:09:42,529 [pool-605-thread-1] INFO  util.JmxRegister (JmxRegister.java:tryRegister(44)) - Successfully registered JMX Bean with object name Ratis:service=RaftServer,group=group-FEB97ED59F20,id=07e899c7-9b65-45ad-afd5-2a504e2891bf
2019-09-25 11:09:42,531 [RatisPipelineUtilsThread] INFO  pipeline.PipelineStateManager (PipelineStateManager.java:addPipeline(56)) - Created pipeline Pipeline[ Id: edb9ac37-3f8e-4b43-861b-feb97ed59f20, Nodes: 07e899c7-9b65-45ad-afd5-2a504e2891bf{ip: 192.168.30.6, host: pr-hdds-1569-5gmkr-4255264070, networkLocation: /default-rack, certSerialId: null}, Type:RATIS, Factor:ONE, State:OPEN]
2019-09-25 11:09:42,534 [grpc-default-executor-1] INFO  impl.RaftServerProxy (RaftServerProxy.java:addNew(89)) - 6b5841ea-ab37-40e7-b4af-848a53246ff5: addNew group-A80C7B46748E:[6b5841ea-ab37-40e7-b4af-848a53246ff5:192.168.30.6:45265] returns group-A80C7B46748E:java.util.concurrent.CompletableFuture@126fcf39[Not completed]
2019-09-25 11:09:42,534 [pool-585-thread-1] INFO  impl.RaftServerImpl (RaftServerImpl.java:<init>(95)) - 6b5841ea-ab37-40e7-b4af-848a53246ff5: new RaftServerImpl for group-A80C7B46748E:[6b5841ea-ab37-40e7-b4af-848a53246ff5:192.168.30.6:45265] with ContainerStateMachine:uninitialized
2019-09-25 11:09:42,534 [pool-585-thread-1] INFO  server.RaftServerConfigKeys (ConfUtils.java:logGet(43)) - raft.server.rpc.timeout.min = 5s (custom)
2019-09-25 11:09:42,534 [pool-585-thread-1] INFO  server.RaftServerConfigKeys (ConfUtils.java:logGet(43)) - raft.server.rpc.timeout.max = 5200ms (custom)
2019-09-25 11:09:42,534 [pool-585-thread-1] INFO  server.RaftServerConfigKeys (ConfUtils.java:logGet(43)) - raft.server.rpcslowness.timeout = 120s (custom)
2019-09-25 11:09:42,534 [pool-585-thread-1] INFO  server.RaftServerConfigKeys (ConfUtils.java:logGet(43)) - raft.server.sleep.deviation.threshold = 300 (default)
2019-09-25 11:09:42,535 [pool-585-thread-1] INFO  server.RaftServerConfigKeys (ConfUtils.java:logGet(43)) - raft.server.log.appender.install.snapshot.enabled = false (custom)
2019-09-25 11:09:42,535 [pool-585-thread-1] INFO  impl.RaftServerImpl (ServerState.java:<init>(103)) - 6b5841ea-ab37-40e7-b4af-848a53246ff5@group-A80C7B46748E: ConfigurationManager, init=-1: [6b5841ea-ab37-40e7-b4af-848a53246ff5:192.168.30.6:45265], old=null, confs=<EMPTY_MAP>
2019-09-25 11:09:42,535 [pool-585-thread-1] INFO  server.RaftServerConfigKeys (ConfUtils.java:logGet(43)) - raft.server.storage.dir = [/workdir/hadoop-ozone/integration-test/target/test-dir/MiniOzoneClusterImpl-d8e1effc-caf9-4828-b7f0-59ad57edb745/datanode-0/data/ratis] (custom)
2019-09-25 11:09:42,535 [pool-585-thread-1] INFO  storage.RaftStorageDirectory (RaftStorageDirectory.java:analyzeStorage(246)) - The storage directory /workdir/hadoop-ozone/integration-test/target/test-dir/MiniOzoneClusterImpl-d8e1effc-caf9-4828-b7f0-59ad57edb745/datanode-0/data/ratis/f4ce6fff-1260-48f4-bc43-a80c7b46748e does not exist. Creating ...
2019-09-25 11:09:42,542 [pool-585-thread-1] INFO  storage.RaftStorageDirectory (RaftStorageDirectory.java:tryLock(328)) - Lock on /workdir/hadoop-ozone/integration-test/target/test-dir/MiniOzoneClusterImpl-d8e1effc-caf9-4828-b7f0-59ad57edb745/datanode-0/data/ratis/f4ce6fff-1260-48f4-bc43-a80c7b46748e/in_use.lock acquired by nodename 21763@pr-hdds-1569-5gmkr-4255264070
2019-09-25 11:09:42,561 [pool-585-thread-1] INFO  storage.RaftStorage (RaftStorage.java:format(72)) - Storage directory /workdir/hadoop-ozone/integration-test/target/test-dir/MiniOzoneClusterImpl-d8e1effc-caf9-4828-b7f0-59ad57edb745/datanode-0/data/ratis/f4ce6fff-1260-48f4-bc43-a80c7b46748e has been successfully formatted.
2019-09-25 11:09:42,561 [pool-585-thread-1] INFO  ratis.ContainerStateMachine (ContainerStateMachine.java:loadSnapshot(230)) - group-A80C7B46748E: The snapshot info is null. Setting the last applied indexto:(t:0, i:~)
2019-09-25 11:09:42,561 [pool-585-thread-1] INFO  server.RaftServerConfigKeys (ConfUtils.java:logGet(43)) - raft.server.notification.no-leader.timeout = 120s (custom)
2019-09-25 11:09:42,561 [pool-585-thread-1] INFO  server.RaftServerConfigKeys (ConfUtils.java:logGet(43)) - raft.server.log.use.memory = false (default)
2019-09-25 11:09:42,561 [pool-585-thread-1] INFO  server.RaftServerConfigKeys (ConfUtils.java:logGet(43)) - raft.server.log.purge.gap = 1000000 (custom)
2019-09-25 11:09:42,561 [pool-585-thread-1] INFO  server.RaftServerConfigKeys (ConfUtils.java:logGet(43)) - raft.server.log.appender.buffer.byte-limit = 33554432 (custom)
2019-09-25 11:09:42,562 [pool-585-thread-1] INFO  server.RaftServerConfigKeys (ConfUtils.java:logGet(43)) - raft.server.log.segment.size.max = 1048576 (custom)
2019-09-25 11:09:42,562 [pool-585-thread-1] INFO  server.RaftServerConfigKeys (ConfUtils.java:logGet(43)) - raft.server.log.segment.cache.num.max = 2 (custom)
2019-09-25 11:09:42,562 [pool-585-thread-1] INFO  segmented.SegmentedRaftLogWorker (SegmentedRaftLogWorker.java:<init>(172)) - new 6b5841ea-ab37-40e7-b4af-848a53246ff5@group-A80C7B46748E-SegmentedRaftLogWorker for RaftStorage:Storage Directory /workdir/hadoop-ozone/integration-test/target/test-dir/MiniOzoneClusterImpl-d8e1effc-caf9-4828-b7f0-59ad57edb745/datanode-0/data/ratis/f4ce6fff-1260-48f4-bc43-a80c7b46748e
2019-09-25 11:09:42,562 [pool-585-thread-1] INFO  server.RaftServerConfigKeys (ConfUtils.java:logGet(43)) - raft.server.log.queue.byte-limit = 2147483647 (custom)
2019-09-25 11:09:42,562 [pool-585-thread-1] INFO  server.RaftServerConfigKeys (ConfUtils.java:logGet(43)) - raft.server.log.queue.element-limit = 1024 (custom)
2019-09-25 11:09:42,562 [pool-585-thread-1] INFO  server.RaftServerConfigKeys (ConfUtils.java:logGet(43)) - raft.server.log.segment.size.max = 1048576 (custom)
2019-09-25 11:09:42,562 [pool-585-thread-1] INFO  server.RaftServerConfigKeys (ConfUtils.java:logGet(43)) - raft.server.log.preallocated.size = 16384 (custom)
2019-09-25 11:09:42,563 [pool-585-thread-1] INFO  server.RaftServerConfigKeys (ConfUtils.java:logGet(43)) - raft.server.log.write.buffer.size = 33554432 (custom)
2019-09-25 11:09:42,563 [pool-585-thread-1] INFO  server.RaftServerConfigKeys (ConfUtils.java:logGet(43)) - raft.server.log.force.sync.num = 128 (default)
2019-09-25 11:09:42,563 [pool-585-thread-1] INFO  server.RaftServerConfigKeys (ConfUtils.java:logGet(43)) - raft.server.log.statemachine.data.sync = true (default)
2019-09-25 11:09:42,563 [pool-585-thread-1] INFO  server.RaftServerConfigKeys (ConfUtils.java:logGet(43)) - raft.server.log.statemachine.data.sync.timeout = 10s (default)
2019-09-25 11:09:42,563 [pool-585-thread-1] INFO  server.RaftServerConfigKeys (ConfUtils.java:logGet(43)) - raft.server.log.statemachine.data.sync.timeout.retry = -1 (default)
2019-09-25 11:09:42,563 [pool-585-thread-1] INFO  server.RaftServerConfigKeys (ConfUtils.java:logGet(43)) - raft.server.log.statemachine.data.caching.enabled = true (custom)
2019-09-25 11:09:42,564 [pool-585-thread-1] INFO  segmented.SegmentedRaftLogWorker (SegmentedRaftLogWorker.java:lambda$new$0(132)) - 6b5841ea-ab37-40e7-b4af-848a53246ff5@group-A80C7B46748E-SegmentedRaftLogWorker: flushIndex: setUnconditionally 0 -> -1
2019-09-25 11:09:42,564 [pool-585-thread-1] INFO  server.RaftServerConfigKeys (ConfUtils.java:logGet(43)) - raft.server.snapshot.auto.trigger.enabled = true (custom)
2019-09-25 11:09:42,564 [pool-585-thread-1] INFO  server.RaftServerConfigKeys (ConfUtils.java:logGet(43)) - raft.server.snapshot.auto.trigger.threshold = 10000 (custom)
2019-09-25 11:09:42,564 [pool-585-thread-1] INFO  server.RaftServerConfigKeys (ConfUtils.java:logGet(43)) - raft.server.snapshot.retention.num.files = 5 (custom)
2019-09-25 11:09:42,564 [pool-585-thread-1] INFO  server.RaftServerConfigKeys (ConfUtils.java:logGet(43)) - raft.server.retrycache.expirytime = 600000ms (custom)
2019-09-25 11:09:42,566 [pool-585-thread-1] INFO  impl.RaftServerImpl (RaftServerImpl.java:start(185)) - 6b5841ea-ab37-40e7-b4af-848a53246ff5@group-A80C7B46748E: start as a follower, conf=-1: [6b5841ea-ab37-40e7-b4af-848a53246ff5:192.168.30.6:45265], old=null
2019-09-25 11:09:42,566 [pool-585-thread-1] INFO  impl.RaftServerImpl (RaftServerImpl.java:setRole(174)) - 6b5841ea-ab37-40e7-b4af-848a53246ff5@group-A80C7B46748E: changes role from      null to FOLLOWER at term 0 for startAsFollower
2019-09-25 11:09:42,566 [pool-585-thread-1] INFO  impl.RoleInfo (RoleInfo.java:updateAndGet(143)) - 6b5841ea-ab37-40e7-b4af-848a53246ff5: start FollowerState
2019-09-25 11:09:42,566 [pool-585-thread-1] INFO  util.JmxRegister (JmxRegister.java:tryRegister(44)) - Successfully registered JMX Bean with object name Ratis:service=RaftServer,group=group-A80C7B46748E,id=6b5841ea-ab37-40e7-b4af-848a53246ff5
2019-09-25 11:09:42,569 [RatisPipelineUtilsThread] INFO  pipeline.PipelineStateManager (PipelineStateManager.java:addPipeline(56)) - Created pipeline Pipeline[ Id: f4ce6fff-1260-48f4-bc43-a80c7b46748e, Nodes: 6b5841ea-ab37-40e7-b4af-848a53246ff5{ip: 192.168.30.6, host: pr-hdds-1569-5gmkr-4255264070, networkLocation: /default-rack, certSerialId: null}, Type:RATIS, Factor:ONE, State:OPEN]
2019-09-25 11:09:42,569 [RatisPipelineUtilsThread] INFO  pipeline.PipelinePlacementPolicy (PipelinePlacementPolicy.java:meetCriteria(91)) - Pipeline Placement: can't place more pipeline on heavy datanode： 6b5841ea-ab37-40e7-b4af-848a53246ff5 Heaviness: 6 limit: 5
2019-09-25 11:09:42,572 [grpc-default-executor-1] INFO  impl.RaftServerProxy (RaftServerProxy.java:addNew(89)) - 07e899c7-9b65-45ad-afd5-2a504e2891bf: addNew group-17073B359B9E:[07e899c7-9b65-45ad-afd5-2a504e2891bf:192.168.30.6:43313] returns group-17073B359B9E:java.util.concurrent.CompletableFuture@c58b5c2[Not completed]
2019-09-25 11:09:42,573 [pool-605-thread-1] INFO  impl.RaftServerImpl (RaftServerImpl.java:<init>(95)) - 07e899c7-9b65-45ad-afd5-2a504e2891bf: new RaftServerImpl for group-17073B359B9E:[07e899c7-9b65-45ad-afd5-2a504e2891bf:192.168.30.6:43313] with ContainerStateMachine:uninitialized
2019-09-25 11:09:42,573 [pool-605-thread-1] INFO  server.RaftServerConfigKeys (ConfUtils.java:logGet(43)) - raft.server.rpc.timeout.min = 5s (custom)
2019-09-25 11:09:42,573 [pool-605-thread-1] INFO  server.RaftServerConfigKeys (ConfUtils.java:logGet(43)) - raft.server.rpc.timeout.max = 5200ms (custom)
2019-09-25 11:09:42,573 [pool-605-thread-1] INFO  server.RaftServerConfigKeys (ConfUtils.java:logGet(43)) - raft.server.rpcslowness.timeout = 120s (custom)
2019-09-25 11:09:42,573 [pool-605-thread-1] INFO  server.RaftServerConfigKeys (ConfUtils.java:logGet(43)) - raft.server.sleep.deviation.threshold = 300 (default)
2019-09-25 11:09:42,573 [pool-605-thread-1] INFO  server.RaftServerConfigKeys (ConfUtils.java:logGet(43)) - raft.server.log.appender.install.snapshot.enabled = false (custom)
2019-09-25 11:09:42,573 [pool-605-thread-1] INFO  impl.RaftServerImpl (ServerState.java:<init>(103)) - 07e899c7-9b65-45ad-afd5-2a504e2891bf@group-17073B359B9E: ConfigurationManager, init=-1: [07e899c7-9b65-45ad-afd5-2a504e2891bf:192.168.30.6:43313], old=null, confs=<EMPTY_MAP>
2019-09-25 11:09:42,573 [pool-605-thread-1] INFO  server.RaftServerConfigKeys (ConfUtils.java:logGet(43)) - raft.server.storage.dir = [/workdir/hadoop-ozone/integration-test/target/test-dir/MiniOzoneClusterImpl-d8e1effc-caf9-4828-b7f0-59ad57edb745/datanode-2/data/ratis] (custom)
2019-09-25 11:09:42,574 [pool-605-thread-1] INFO  storage.RaftStorageDirectory (RaftStorageDirectory.java:analyzeStorage(246)) - The storage directory /workdir/hadoop-ozone/integration-test/target/test-dir/MiniOzoneClusterImpl-d8e1effc-caf9-4828-b7f0-59ad57edb745/datanode-2/data/ratis/e1afab07-9e10-4e76-b79c-17073b359b9e does not exist. Creating ...
2019-09-25 11:09:42,582 [pool-605-thread-1] INFO  storage.RaftStorageDirectory (RaftStorageDirectory.java:tryLock(328)) - Lock on /workdir/hadoop-ozone/integration-test/target/test-dir/MiniOzoneClusterImpl-d8e1effc-caf9-4828-b7f0-59ad57edb745/datanode-2/data/ratis/e1afab07-9e10-4e76-b79c-17073b359b9e/in_use.lock acquired by nodename 21763@pr-hdds-1569-5gmkr-4255264070
2019-09-25 11:09:42,593 [main] INFO  ozone.MiniOzoneClusterImpl (MiniOzoneClusterImpl.java:lambda$waitForClusterToBeReady$0(147)) - Waiting for cluster to be ready. Got 6 of 7 DN Heartbeats.
2019-09-25 11:09:42,595 [IPC Server handler 2 on 34831] INFO  net.NetworkTopology (NetworkTopologyImpl.java:add(111)) - Added a new node: /default-rack/e2b10f42-ed4b-4300-a7cb-c770d2b1b0a2
2019-09-25 11:09:42,595 [IPC Server handler 2 on 34831] INFO  node.SCMNodeManager (SCMNodeManager.java:register(266)) - Registered Data node : e2b10f42-ed4b-4300-a7cb-c770d2b1b0a2{ip: 192.168.30.6, host: pr-hdds-1569-5gmkr-4255264070, networkLocation: /default-rack, certSerialId: null}
2019-09-25 11:09:42,596 [pool-605-thread-1] INFO  storage.RaftStorage (RaftStorage.java:format(72)) - Storage directory /workdir/hadoop-ozone/integration-test/target/test-dir/MiniOzoneClusterImpl-d8e1effc-caf9-4828-b7f0-59ad57edb745/datanode-2/data/ratis/e1afab07-9e10-4e76-b79c-17073b359b9e has been successfully formatted.
2019-09-25 11:09:42,596 [pool-605-thread-1] INFO  ratis.ContainerStateMachine (ContainerStateMachine.java:loadSnapshot(230)) - group-17073B359B9E: The snapshot info is null. Setting the last applied indexto:(t:0, i:~)
2019-09-25 11:09:42,596 [pool-605-thread-1] INFO  server.RaftServerConfigKeys (ConfUtils.java:logGet(43)) - raft.server.notification.no-leader.timeout = 120s (custom)
2019-09-25 11:09:42,596 [pool-605-thread-1] INFO  server.RaftServerConfigKeys (ConfUtils.java:logGet(43)) - raft.server.log.use.memory = false (default)
2019-09-25 11:09:42,596 [pool-605-thread-1] INFO  server.RaftServerConfigKeys (ConfUtils.java:logGet(43)) - raft.server.log.purge.gap = 1000000 (custom)
2019-09-25 11:09:42,596 [pool-605-thread-1] INFO  server.RaftServerConfigKeys (ConfUtils.java:logGet(43)) - raft.server.log.appender.buffer.byte-limit = 33554432 (custom)
2019-09-25 11:09:42,597 [pool-605-thread-1] INFO  server.RaftServerConfigKeys (ConfUtils.java:logGet(43)) - raft.server.log.segment.size.max = 1048576 (custom)
2019-09-25 11:09:42,597 [pool-605-thread-1] INFO  server.RaftServerConfigKeys (ConfUtils.java:logGet(43)) - raft.server.log.segment.cache.num.max = 2 (custom)
2019-09-25 11:09:42,597 [pool-605-thread-1] INFO  segmented.SegmentedRaftLogWorker (SegmentedRaftLogWorker.java:<init>(172)) - new 07e899c7-9b65-45ad-afd5-2a504e2891bf@group-17073B359B9E-SegmentedRaftLogWorker for RaftStorage:Storage Directory /workdir/hadoop-ozone/integration-test/target/test-dir/MiniOzoneClusterImpl-d8e1effc-caf9-4828-b7f0-59ad57edb745/datanode-2/data/ratis/e1afab07-9e10-4e76-b79c-17073b359b9e
2019-09-25 11:09:42,597 [pool-605-thread-1] INFO  server.RaftServerConfigKeys (ConfUtils.java:logGet(43)) - raft.server.log.queue.byte-limit = 2147483647 (custom)
2019-09-25 11:09:42,597 [pool-605-thread-1] INFO  server.RaftServerConfigKeys (ConfUtils.java:logGet(43)) - raft.server.log.queue.element-limit = 1024 (custom)
2019-09-25 11:09:42,597 [pool-605-thread-1] INFO  server.RaftServerConfigKeys (ConfUtils.java:logGet(43)) - raft.server.log.segment.size.max = 1048576 (custom)
2019-09-25 11:09:42,597 [pool-605-thread-1] INFO  server.RaftServerConfigKeys (ConfUtils.java:logGet(43)) - raft.server.log.preallocated.size = 16384 (custom)
2019-09-25 11:09:42,598 [pool-605-thread-1] INFO  server.RaftServerConfigKeys (ConfUtils.java:logGet(43)) - raft.server.log.write.buffer.size = 33554432 (custom)
2019-09-25 11:09:42,598 [pool-605-thread-1] INFO  server.RaftServerConfigKeys (ConfUtils.java:logGet(43)) - raft.server.log.force.sync.num = 128 (default)
2019-09-25 11:09:42,598 [pool-605-thread-1] INFO  server.RaftServerConfigKeys (ConfUtils.java:logGet(43)) - raft.server.log.statemachine.data.sync = true (default)
2019-09-25 11:09:42,598 [pool-605-thread-1] INFO  server.RaftServerConfigKeys (ConfUtils.java:logGet(43)) - raft.server.log.statemachine.data.sync.timeout = 10s (default)
2019-09-25 11:09:42,598 [pool-605-thread-1] INFO  server.RaftServerConfigKeys (ConfUtils.java:logGet(43)) - raft.server.log.statemachine.data.sync.timeout.retry = -1 (default)
2019-09-25 11:09:42,598 [pool-605-thread-1] INFO  server.RaftServerConfigKeys (ConfUtils.java:logGet(43)) - raft.server.log.statemachine.data.caching.enabled = true (custom)
2019-09-25 11:09:42,599 [pool-605-thread-1] INFO  segmented.SegmentedRaftLogWorker (SegmentedRaftLogWorker.java:lambda$new$0(132)) - 07e899c7-9b65-45ad-afd5-2a504e2891bf@group-17073B359B9E-SegmentedRaftLogWorker: flushIndex: setUnconditionally 0 -> -1
2019-09-25 11:09:42,599 [pool-605-thread-1] INFO  server.RaftServerConfigKeys (ConfUtils.java:logGet(43)) - raft.server.snapshot.auto.trigger.enabled = true (custom)
2019-09-25 11:09:42,599 [pool-605-thread-1] INFO  server.RaftServerConfigKeys (ConfUtils.java:logGet(43)) - raft.server.snapshot.auto.trigger.threshold = 10000 (custom)
2019-09-25 11:09:42,599 [pool-605-thread-1] INFO  server.RaftServerConfigKeys (ConfUtils.java:logGet(43)) - raft.server.snapshot.retention.num.files = 5 (custom)
2019-09-25 11:09:42,599 [pool-605-thread-1] INFO  server.RaftServerConfigKeys (ConfUtils.java:logGet(43)) - raft.server.retrycache.expirytime = 600000ms (custom)
2019-09-25 11:09:42,601 [pool-605-thread-1] INFO  impl.RaftServerImpl (RaftServerImpl.java:start(185)) - 07e899c7-9b65-45ad-afd5-2a504e2891bf@group-17073B359B9E: start as a follower, conf=-1: [07e899c7-9b65-45ad-afd5-2a504e2891bf:192.168.30.6:43313], old=null
2019-09-25 11:09:42,601 [pool-605-thread-1] INFO  impl.RaftServerImpl (RaftServerImpl.java:setRole(174)) - 07e899c7-9b65-45ad-afd5-2a504e2891bf@group-17073B359B9E: changes role from      null to FOLLOWER at term 0 for startAsFollower
2019-09-25 11:09:42,601 [pool-605-thread-1] INFO  impl.RoleInfo (RoleInfo.java:updateAndGet(143)) - 07e899c7-9b65-45ad-afd5-2a504e2891bf: start FollowerState
2019-09-25 11:09:42,601 [pool-605-thread-1] INFO  util.JmxRegister (JmxRegister.java:tryRegister(44)) - Successfully registered JMX Bean with object name Ratis:service=RaftServer,group=group-17073B359B9E,id=07e899c7-9b65-45ad-afd5-2a504e2891bf
2019-09-25 11:09:42,604 [RatisPipelineUtilsThread] INFO  pipeline.PipelineStateManager (PipelineStateManager.java:addPipeline(56)) - Created pipeline Pipeline[ Id: e1afab07-9e10-4e76-b79c-17073b359b9e, Nodes: 07e899c7-9b65-45ad-afd5-2a504e2891bf{ip: 192.168.30.6, host: pr-hdds-1569-5gmkr-4255264070, networkLocation: /default-rack, certSerialId: null}, Type:RATIS, Factor:ONE, State:OPEN]
2019-09-25 11:09:42,604 [RatisPipelineUtilsThread] INFO  pipeline.PipelinePlacementPolicy (PipelinePlacementPolicy.java:meetCriteria(91)) - Pipeline Placement: can't place more pipeline on heavy datanode： 6b5841ea-ab37-40e7-b4af-848a53246ff5 Heaviness: 6 limit: 5
2019-09-25 11:09:42,606 [grpc-default-executor-1] INFO  impl.RaftServerProxy (RaftServerProxy.java:addNew(89)) - 07e899c7-9b65-45ad-afd5-2a504e2891bf: addNew group-9BFEF2B5C910:[07e899c7-9b65-45ad-afd5-2a504e2891bf:192.168.30.6:43313] returns group-9BFEF2B5C910:java.util.concurrent.CompletableFuture@58a4b9b4[Not completed]
2019-09-25 11:09:42,607 [pool-605-thread-1] INFO  impl.RaftServerImpl (RaftServerImpl.java:<init>(95)) - 07e899c7-9b65-45ad-afd5-2a504e2891bf: new RaftServerImpl for group-9BFEF2B5C910:[07e899c7-9b65-45ad-afd5-2a504e2891bf:192.168.30.6:43313] with ContainerStateMachine:uninitialized
2019-09-25 11:09:42,607 [pool-605-thread-1] INFO  server.RaftServerConfigKeys (ConfUtils.java:logGet(43)) - raft.server.rpc.timeout.min = 5s (custom)
2019-09-25 11:09:42,607 [pool-605-thread-1] INFO  server.RaftServerConfigKeys (ConfUtils.java:logGet(43)) - raft.server.rpc.timeout.max = 5200ms (custom)
2019-09-25 11:09:42,607 [pool-605-thread-1] INFO  server.RaftServerConfigKeys (ConfUtils.java:logGet(43)) - raft.server.rpcslowness.timeout = 120s (custom)
2019-09-25 11:09:42,607 [pool-605-thread-1] INFO  server.RaftServerConfigKeys (ConfUtils.java:logGet(43)) - raft.server.sleep.deviation.threshold = 300 (default)
2019-09-25 11:09:42,607 [pool-605-thread-1] INFO  server.RaftServerConfigKeys (ConfUtils.java:logGet(43)) - raft.server.log.appender.install.snapshot.enabled = false (custom)
2019-09-25 11:09:42,608 [pool-605-thread-1] INFO  impl.RaftServerImpl (ServerState.java:<init>(103)) - 07e899c7-9b65-45ad-afd5-2a504e2891bf@group-9BFEF2B5C910: ConfigurationManager, init=-1: [07e899c7-9b65-45ad-afd5-2a504e2891bf:192.168.30.6:43313], old=null, confs=<EMPTY_MAP>
2019-09-25 11:09:42,608 [pool-605-thread-1] INFO  server.RaftServerConfigKeys (ConfUtils.java:logGet(43)) - raft.server.storage.dir = [/workdir/hadoop-ozone/integration-test/target/test-dir/MiniOzoneClusterImpl-d8e1effc-caf9-4828-b7f0-59ad57edb745/datanode-2/data/ratis] (custom)
2019-09-25 11:09:42,608 [pool-605-thread-1] INFO  storage.RaftStorageDirectory (RaftStorageDirectory.java:analyzeStorage(246)) - The storage directory /workdir/hadoop-ozone/integration-test/target/test-dir/MiniOzoneClusterImpl-d8e1effc-caf9-4828-b7f0-59ad57edb745/datanode-2/data/ratis/ebce3327-a6d9-4b98-885f-9bfef2b5c910 does not exist. Creating ...
2019-09-25 11:09:42,620 [pool-605-thread-1] INFO  storage.RaftStorageDirectory (RaftStorageDirectory.java:tryLock(328)) - Lock on /workdir/hadoop-ozone/integration-test/target/test-dir/MiniOzoneClusterImpl-d8e1effc-caf9-4828-b7f0-59ad57edb745/datanode-2/data/ratis/ebce3327-a6d9-4b98-885f-9bfef2b5c910/in_use.lock acquired by nodename 21763@pr-hdds-1569-5gmkr-4255264070
2019-09-25 11:09:42,984 [pool-605-thread-1] INFO  storage.RaftStorage (RaftStorage.java:format(72)) - Storage directory /workdir/hadoop-ozone/integration-test/target/test-dir/MiniOzoneClusterImpl-d8e1effc-caf9-4828-b7f0-59ad57edb745/datanode-2/data/ratis/ebce3327-a6d9-4b98-885f-9bfef2b5c910 has been successfully formatted.
2019-09-25 11:09:42,984 [pool-605-thread-1] INFO  ratis.ContainerStateMachine (ContainerStateMachine.java:loadSnapshot(230)) - group-9BFEF2B5C910: The snapshot info is null. Setting the last applied indexto:(t:0, i:~)
2019-09-25 11:09:42,984 [pool-605-thread-1] INFO  server.RaftServerConfigKeys (ConfUtils.java:logGet(43)) - raft.server.notification.no-leader.timeout = 120s (custom)
2019-09-25 11:09:42,985 [pool-605-thread-1] INFO  server.RaftServerConfigKeys (ConfUtils.java:logGet(43)) - raft.server.log.use.memory = false (default)
2019-09-25 11:09:42,985 [pool-605-thread-1] INFO  server.RaftServerConfigKeys (ConfUtils.java:logGet(43)) - raft.server.log.purge.gap = 1000000 (custom)
2019-09-25 11:09:42,985 [pool-605-thread-1] INFO  server.RaftServerConfigKeys (ConfUtils.java:logGet(43)) - raft.server.log.appender.buffer.byte-limit = 33554432 (custom)
2019-09-25 11:09:42,985 [pool-605-thread-1] INFO  server.RaftServerConfigKeys (ConfUtils.java:logGet(43)) - raft.server.log.segment.size.max = 1048576 (custom)
2019-09-25 11:09:42,985 [pool-605-thread-1] INFO  server.RaftServerConfigKeys (ConfUtils.java:logGet(43)) - raft.server.log.segment.cache.num.max = 2 (custom)
2019-09-25 11:09:42,986 [pool-605-thread-1] INFO  segmented.SegmentedRaftLogWorker (SegmentedRaftLogWorker.java:<init>(172)) - new 07e899c7-9b65-45ad-afd5-2a504e2891bf@group-9BFEF2B5C910-SegmentedRaftLogWorker for RaftStorage:Storage Directory /workdir/hadoop-ozone/integration-test/target/test-dir/MiniOzoneClusterImpl-d8e1effc-caf9-4828-b7f0-59ad57edb745/datanode-2/data/ratis/ebce3327-a6d9-4b98-885f-9bfef2b5c910
2019-09-25 11:09:42,986 [pool-605-thread-1] INFO  server.RaftServerConfigKeys (ConfUtils.java:logGet(43)) - raft.server.log.queue.byte-limit = 2147483647 (custom)
2019-09-25 11:09:42,986 [pool-605-thread-1] INFO  server.RaftServerConfigKeys (ConfUtils.java:logGet(43)) - raft.server.log.queue.element-limit = 1024 (custom)
2019-09-25 11:09:42,986 [pool-605-thread-1] INFO  server.RaftServerConfigKeys (ConfUtils.java:logGet(43)) - raft.server.log.segment.size.max = 1048576 (custom)
2019-09-25 11:09:42,986 [pool-605-thread-1] INFO  server.RaftServerConfigKeys (ConfUtils.java:logGet(43)) - raft.server.log.preallocated.size = 16384 (custom)
2019-09-25 11:09:42,986 [pool-605-thread-1] INFO  server.RaftServerConfigKeys (ConfUtils.java:logGet(43)) - raft.server.log.write.buffer.size = 33554432 (custom)
2019-09-25 11:09:42,986 [pool-605-thread-1] INFO  server.RaftServerConfigKeys (ConfUtils.java:logGet(43)) - raft.server.log.force.sync.num = 128 (default)
2019-09-25 11:09:42,987 [pool-605-thread-1] INFO  server.RaftServerConfigKeys (ConfUtils.java:logGet(43)) - raft.server.log.statemachine.data.sync = true (default)
2019-09-25 11:09:42,987 [pool-605-thread-1] INFO  server.RaftServerConfigKeys (ConfUtils.java:logGet(43)) - raft.server.log.statemachine.data.sync.timeout = 10s (default)
2019-09-25 11:09:42,987 [pool-605-thread-1] INFO  server.RaftServerConfigKeys (ConfUtils.java:logGet(43)) - raft.server.log.statemachine.data.sync.timeout.retry = -1 (default)
2019-09-25 11:09:42,987 [pool-605-thread-1] INFO  server.RaftServerConfigKeys (ConfUtils.java:logGet(43)) - raft.server.log.statemachine.data.caching.enabled = true (custom)
2019-09-25 11:09:42,987 [pool-605-thread-1] INFO  segmented.SegmentedRaftLogWorker (SegmentedRaftLogWorker.java:lambda$new$0(132)) - 07e899c7-9b65-45ad-afd5-2a504e2891bf@group-9BFEF2B5C910-SegmentedRaftLogWorker: flushIndex: setUnconditionally 0 -> -1
2019-09-25 11:09:42,988 [pool-605-thread-1] INFO  server.RaftServerConfigKeys (ConfUtils.java:logGet(43)) - raft.server.snapshot.auto.trigger.enabled = true (custom)
2019-09-25 11:09:42,988 [pool-605-thread-1] INFO  server.RaftServerConfigKeys (ConfUtils.java:logGet(43)) - raft.server.snapshot.auto.trigger.threshold = 10000 (custom)
2019-09-25 11:09:42,988 [pool-605-thread-1] INFO  server.RaftServerConfigKeys (ConfUtils.java:logGet(43)) - raft.server.snapshot.retention.num.files = 5 (custom)
2019-09-25 11:09:42,988 [pool-605-thread-1] INFO  server.RaftServerConfigKeys (ConfUtils.java:logGet(43)) - raft.server.retrycache.expirytime = 600000ms (custom)
2019-09-25 11:09:42,990 [pool-605-thread-1] INFO  impl.RaftServerImpl (RaftServerImpl.java:start(185)) - 07e899c7-9b65-45ad-afd5-2a504e2891bf@group-9BFEF2B5C910: start as a follower, conf=-1: [07e899c7-9b65-45ad-afd5-2a504e2891bf:192.168.30.6:43313], old=null
2019-09-25 11:09:42,990 [pool-605-thread-1] INFO  impl.RaftServerImpl (RaftServerImpl.java:setRole(174)) - 07e899c7-9b65-45ad-afd5-2a504e2891bf@group-9BFEF2B5C910: changes role from      null to FOLLOWER at term 0 for startAsFollower
2019-09-25 11:09:42,991 [pool-605-thread-1] INFO  impl.RoleInfo (RoleInfo.java:updateAndGet(143)) - 07e899c7-9b65-45ad-afd5-2a504e2891bf: start FollowerState
2019-09-25 11:09:42,991 [pool-605-thread-1] INFO  util.JmxRegister (JmxRegister.java:tryRegister(44)) - Successfully registered JMX Bean with object name Ratis:service=RaftServer,group=group-9BFEF2B5C910,id=07e899c7-9b65-45ad-afd5-2a504e2891bf
2019-09-25 11:09:42,994 [RatisPipelineUtilsThread] INFO  pipeline.PipelineStateManager (PipelineStateManager.java:addPipeline(56)) - Created pipeline Pipeline[ Id: ebce3327-a6d9-4b98-885f-9bfef2b5c910, Nodes: 07e899c7-9b65-45ad-afd5-2a504e2891bf{ip: 192.168.30.6, host: pr-hdds-1569-5gmkr-4255264070, networkLocation: /default-rack, certSerialId: null}, Type:RATIS, Factor:ONE, State:OPEN]
2019-09-25 11:09:42,994 [RatisPipelineUtilsThread] INFO  pipeline.PipelinePlacementPolicy (PipelinePlacementPolicy.java:meetCriteria(91)) - Pipeline Placement: can't place more pipeline on heavy datanode： 6b5841ea-ab37-40e7-b4af-848a53246ff5 Heaviness: 6 limit: 5
2019-09-25 11:09:42,998 [grpc-default-executor-1] INFO  impl.RaftServerProxy (RaftServerProxy.java:addNew(89)) - deee6178-b1f5-49c6-a192-edc1bfc8677d: addNew group-6F56365799F9:[deee6178-b1f5-49c6-a192-edc1bfc8677d:192.168.30.6:37193] returns group-6F56365799F9:java.util.concurrent.CompletableFuture@44829cf0[Not completed]
2019-09-25 11:09:42,999 [pool-595-thread-1] INFO  impl.RaftServerImpl (RaftServerImpl.java:<init>(95)) - deee6178-b1f5-49c6-a192-edc1bfc8677d: new RaftServerImpl for group-6F56365799F9:[deee6178-b1f5-49c6-a192-edc1bfc8677d:192.168.30.6:37193] with ContainerStateMachine:uninitialized
2019-09-25 11:09:42,999 [pool-595-thread-1] INFO  server.RaftServerConfigKeys (ConfUtils.java:logGet(43)) - raft.server.rpc.timeout.min = 5s (custom)
2019-09-25 11:09:43,000 [pool-595-thread-1] INFO  server.RaftServerConfigKeys (ConfUtils.java:logGet(43)) - raft.server.rpc.timeout.max = 5200ms (custom)
2019-09-25 11:09:43,000 [pool-595-thread-1] INFO  server.RaftServerConfigKeys (ConfUtils.java:logGet(43)) - raft.server.rpcslowness.timeout = 120s (custom)
2019-09-25 11:09:43,000 [pool-595-thread-1] INFO  server.RaftServerConfigKeys (ConfUtils.java:logGet(43)) - raft.server.sleep.deviation.threshold = 300 (default)
2019-09-25 11:09:43,000 [pool-595-thread-1] INFO  server.RaftServerConfigKeys (ConfUtils.java:logGet(43)) - raft.server.log.appender.install.snapshot.enabled = false (custom)
2019-09-25 11:09:43,000 [pool-595-thread-1] INFO  impl.RaftServerImpl (ServerState.java:<init>(103)) - deee6178-b1f5-49c6-a192-edc1bfc8677d@group-6F56365799F9: ConfigurationManager, init=-1: [deee6178-b1f5-49c6-a192-edc1bfc8677d:192.168.30.6:37193], old=null, confs=<EMPTY_MAP>
2019-09-25 11:09:43,000 [pool-595-thread-1] INFO  server.RaftServerConfigKeys (ConfUtils.java:logGet(43)) - raft.server.storage.dir = [/workdir/hadoop-ozone/integration-test/target/test-dir/MiniOzoneClusterImpl-d8e1effc-caf9-4828-b7f0-59ad57edb745/datanode-1/data/ratis] (custom)
2019-09-25 11:09:43,001 [pool-595-thread-1] INFO  storage.RaftStorageDirectory (RaftStorageDirectory.java:analyzeStorage(246)) - The storage directory /workdir/hadoop-ozone/integration-test/target/test-dir/MiniOzoneClusterImpl-d8e1effc-caf9-4828-b7f0-59ad57edb745/datanode-1/data/ratis/237b172a-e06d-4390-b94d-6f56365799f9 does not exist. Creating ...
2019-09-25 11:09:43,022 [pool-595-thread-1] INFO  storage.RaftStorageDirectory (RaftStorageDirectory.java:tryLock(328)) - Lock on /workdir/hadoop-ozone/integration-test/target/test-dir/MiniOzoneClusterImpl-d8e1effc-caf9-4828-b7f0-59ad57edb745/datanode-1/data/ratis/237b172a-e06d-4390-b94d-6f56365799f9/in_use.lock acquired by nodename 21763@pr-hdds-1569-5gmkr-4255264070
2019-09-25 11:09:43,027 [pool-595-thread-1] INFO  storage.RaftStorage (RaftStorage.java:format(72)) - Storage directory /workdir/hadoop-ozone/integration-test/target/test-dir/MiniOzoneClusterImpl-d8e1effc-caf9-4828-b7f0-59ad57edb745/datanode-1/data/ratis/237b172a-e06d-4390-b94d-6f56365799f9 has been successfully formatted.
2019-09-25 11:09:43,027 [pool-595-thread-1] INFO  ratis.ContainerStateMachine (ContainerStateMachine.java:loadSnapshot(230)) - group-6F56365799F9: The snapshot info is null. Setting the last applied indexto:(t:0, i:~)
2019-09-25 11:09:43,027 [pool-595-thread-1] INFO  server.RaftServerConfigKeys (ConfUtils.java:logGet(43)) - raft.server.notification.no-leader.timeout = 120s (custom)
2019-09-25 11:09:43,027 [pool-595-thread-1] INFO  server.RaftServerConfigKeys (ConfUtils.java:logGet(43)) - raft.server.log.use.memory = false (default)
2019-09-25 11:09:43,027 [pool-595-thread-1] INFO  server.RaftServerConfigKeys (ConfUtils.java:logGet(43)) - raft.server.log.purge.gap = 1000000 (custom)
2019-09-25 11:09:43,027 [pool-595-thread-1] INFO  server.RaftServerConfigKeys (ConfUtils.java:logGet(43)) - raft.server.log.appender.buffer.byte-limit = 33554432 (custom)
2019-09-25 11:09:43,028 [pool-595-thread-1] INFO  server.RaftServerConfigKeys (ConfUtils.java:logGet(43)) - raft.server.log.segment.size.max = 1048576 (custom)
2019-09-25 11:09:43,028 [pool-595-thread-1] INFO  server.RaftServerConfigKeys (ConfUtils.java:logGet(43)) - raft.server.log.segment.cache.num.max = 2 (custom)
2019-09-25 11:09:43,028 [pool-595-thread-1] INFO  segmented.SegmentedRaftLogWorker (SegmentedRaftLogWorker.java:<init>(172)) - new deee6178-b1f5-49c6-a192-edc1bfc8677d@group-6F56365799F9-SegmentedRaftLogWorker for RaftStorage:Storage Directory /workdir/hadoop-ozone/integration-test/target/test-dir/MiniOzoneClusterImpl-d8e1effc-caf9-4828-b7f0-59ad57edb745/datanode-1/data/ratis/237b172a-e06d-4390-b94d-6f56365799f9
2019-09-25 11:09:43,028 [pool-595-thread-1] INFO  server.RaftServerConfigKeys (ConfUtils.java:logGet(43)) - raft.server.log.queue.byte-limit = 2147483647 (custom)
2019-09-25 11:09:43,028 [pool-595-thread-1] INFO  server.RaftServerConfigKeys (ConfUtils.java:logGet(43)) - raft.server.log.queue.element-limit = 1024 (custom)
2019-09-25 11:09:43,028 [pool-595-thread-1] INFO  server.RaftServerConfigKeys (ConfUtils.java:logGet(43)) - raft.server.log.segment.size.max = 1048576 (custom)
2019-09-25 11:09:43,029 [pool-595-thread-1] INFO  server.RaftServerConfigKeys (ConfUtils.java:logGet(43)) - raft.server.log.preallocated.size = 16384 (custom)
2019-09-25 11:09:43,029 [pool-595-thread-1] INFO  server.RaftServerConfigKeys (ConfUtils.java:logGet(43)) - raft.server.log.write.buffer.size = 33554432 (custom)
2019-09-25 11:09:43,029 [pool-595-thread-1] INFO  server.RaftServerConfigKeys (ConfUtils.java:logGet(43)) - raft.server.log.force.sync.num = 128 (default)
2019-09-25 11:09:43,029 [pool-595-thread-1] INFO  server.RaftServerConfigKeys (ConfUtils.java:logGet(43)) - raft.server.log.statemachine.data.sync = true (default)
2019-09-25 11:09:43,029 [pool-595-thread-1] INFO  server.RaftServerConfigKeys (ConfUtils.java:logGet(43)) - raft.server.log.statemachine.data.sync.timeout = 10s (default)
2019-09-25 11:09:43,029 [pool-595-thread-1] INFO  server.RaftServerConfigKeys (ConfUtils.java:logGet(43)) - raft.server.log.statemachine.data.sync.timeout.retry = -1 (default)
2019-09-25 11:09:43,029 [pool-595-thread-1] INFO  server.RaftServerConfigKeys (ConfUtils.java:logGet(43)) - raft.server.log.statemachine.data.caching.enabled = true (custom)
2019-09-25 11:09:43,030 [pool-595-thread-1] INFO  segmented.SegmentedRaftLogWorker (SegmentedRaftLogWorker.java:lambda$new$0(132)) - deee6178-b1f5-49c6-a192-edc1bfc8677d@group-6F56365799F9-SegmentedRaftLogWorker: flushIndex: setUnconditionally 0 -> -1
2019-09-25 11:09:43,030 [pool-595-thread-1] INFO  server.RaftServerConfigKeys (ConfUtils.java:logGet(43)) - raft.server.snapshot.auto.trigger.enabled = true (custom)
2019-09-25 11:09:43,030 [pool-595-thread-1] INFO  server.RaftServerConfigKeys (ConfUtils.java:logGet(43)) - raft.server.snapshot.auto.trigger.threshold = 10000 (custom)
2019-09-25 11:09:43,030 [pool-595-thread-1] INFO  server.RaftServerConfigKeys (ConfUtils.java:logGet(43)) - raft.server.snapshot.retention.num.files = 5 (custom)
2019-09-25 11:09:43,030 [pool-595-thread-1] INFO  server.RaftServerConfigKeys (ConfUtils.java:logGet(43)) - raft.server.retrycache.expirytime = 600000ms (custom)
2019-09-25 11:09:43,032 [pool-595-thread-1] INFO  impl.RaftServerImpl (RaftServerImpl.java:start(185)) - deee6178-b1f5-49c6-a192-edc1bfc8677d@group-6F56365799F9: start as a follower, conf=-1: [deee6178-b1f5-49c6-a192-edc1bfc8677d:192.168.30.6:37193], old=null
2019-09-25 11:09:43,032 [pool-595-thread-1] INFO  impl.RaftServerImpl (RaftServerImpl.java:setRole(174)) - deee6178-b1f5-49c6-a192-edc1bfc8677d@group-6F56365799F9: changes role from      null to FOLLOWER at term 0 for startAsFollower
2019-09-25 11:09:43,032 [pool-595-thread-1] INFO  impl.RoleInfo (RoleInfo.java:updateAndGet(143)) - deee6178-b1f5-49c6-a192-edc1bfc8677d: start FollowerState
2019-09-25 11:09:43,033 [pool-595-thread-1] INFO  util.JmxRegister (JmxRegister.java:tryRegister(44)) - Successfully registered JMX Bean with object name Ratis:service=RaftServer,group=group-6F56365799F9,id=deee6178-b1f5-49c6-a192-edc1bfc8677d
2019-09-25 11:09:43,034 [RatisPipelineUtilsThread] INFO  pipeline.PipelineStateManager (PipelineStateManager.java:addPipeline(56)) - Created pipeline Pipeline[ Id: 237b172a-e06d-4390-b94d-6f56365799f9, Nodes: deee6178-b1f5-49c6-a192-edc1bfc8677d{ip: 192.168.30.6, host: pr-hdds-1569-5gmkr-4255264070, networkLocation: /default-rack, certSerialId: null}, Type:RATIS, Factor:ONE, State:OPEN]
2019-09-25 11:09:43,035 [RatisPipelineUtilsThread] INFO  pipeline.PipelinePlacementPolicy (PipelinePlacementPolicy.java:meetCriteria(91)) - Pipeline Placement: can't place more pipeline on heavy datanode： 6b5841ea-ab37-40e7-b4af-848a53246ff5 Heaviness: 6 limit: 5
2019-09-25 11:09:43,038 [grpc-default-executor-1] INFO  impl.RaftServerProxy (RaftServerProxy.java:addNew(89)) - 0b288e97-ea7b-4dc2-9c9e-09d2c36158d8: addNew group-B3660D54F941:[0b288e97-ea7b-4dc2-9c9e-09d2c36158d8:192.168.30.6:43433] returns group-B3660D54F941:java.util.concurrent.CompletableFuture@78f97c47[Not completed]
2019-09-25 11:09:43,039 [pool-615-thread-1] INFO  impl.RaftServerImpl (RaftServerImpl.java:<init>(95)) - 0b288e97-ea7b-4dc2-9c9e-09d2c36158d8: new RaftServerImpl for group-B3660D54F941:[0b288e97-ea7b-4dc2-9c9e-09d2c36158d8:192.168.30.6:43433] with ContainerStateMachine:uninitialized
2019-09-25 11:09:43,039 [pool-615-thread-1] INFO  server.RaftServerConfigKeys (ConfUtils.java:logGet(43)) - raft.server.rpc.timeout.min = 5s (custom)
2019-09-25 11:09:43,039 [pool-615-thread-1] INFO  server.RaftServerConfigKeys (ConfUtils.java:logGet(43)) - raft.server.rpc.timeout.max = 5200ms (custom)
2019-09-25 11:09:43,039 [pool-615-thread-1] INFO  server.RaftServerConfigKeys (ConfUtils.java:logGet(43)) - raft.server.rpcslowness.timeout = 120s (custom)
2019-09-25 11:09:43,039 [pool-615-thread-1] INFO  server.RaftServerConfigKeys (ConfUtils.java:logGet(43)) - raft.server.sleep.deviation.threshold = 300 (default)
2019-09-25 11:09:43,040 [pool-615-thread-1] INFO  server.RaftServerConfigKeys (ConfUtils.java:logGet(43)) - raft.server.log.appender.install.snapshot.enabled = false (custom)
2019-09-25 11:09:43,040 [pool-615-thread-1] INFO  impl.RaftServerImpl (ServerState.java:<init>(103)) - 0b288e97-ea7b-4dc2-9c9e-09d2c36158d8@group-B3660D54F941: ConfigurationManager, init=-1: [0b288e97-ea7b-4dc2-9c9e-09d2c36158d8:192.168.30.6:43433], old=null, confs=<EMPTY_MAP>
2019-09-25 11:09:43,040 [pool-615-thread-1] INFO  server.RaftServerConfigKeys (ConfUtils.java:logGet(43)) - raft.server.storage.dir = [/workdir/hadoop-ozone/integration-test/target/test-dir/MiniOzoneClusterImpl-d8e1effc-caf9-4828-b7f0-59ad57edb745/datanode-3/data/ratis] (custom)
2019-09-25 11:09:43,040 [pool-615-thread-1] INFO  storage.RaftStorageDirectory (RaftStorageDirectory.java:analyzeStorage(246)) - The storage directory /workdir/hadoop-ozone/integration-test/target/test-dir/MiniOzoneClusterImpl-d8e1effc-caf9-4828-b7f0-59ad57edb745/datanode-3/data/ratis/cee59920-5780-4d54-b4a0-b3660d54f941 does not exist. Creating ...
2019-09-25 11:09:43,044 [pool-615-thread-1] INFO  storage.RaftStorageDirectory (RaftStorageDirectory.java:tryLock(328)) - Lock on /workdir/hadoop-ozone/integration-test/target/test-dir/MiniOzoneClusterImpl-d8e1effc-caf9-4828-b7f0-59ad57edb745/datanode-3/data/ratis/cee59920-5780-4d54-b4a0-b3660d54f941/in_use.lock acquired by nodename 21763@pr-hdds-1569-5gmkr-4255264070
2019-09-25 11:09:43,059 [pool-615-thread-1] INFO  storage.RaftStorage (RaftStorage.java:format(72)) - Storage directory /workdir/hadoop-ozone/integration-test/target/test-dir/MiniOzoneClusterImpl-d8e1effc-caf9-4828-b7f0-59ad57edb745/datanode-3/data/ratis/cee59920-5780-4d54-b4a0-b3660d54f941 has been successfully formatted.
2019-09-25 11:09:43,059 [pool-615-thread-1] INFO  ratis.ContainerStateMachine (ContainerStateMachine.java:loadSnapshot(230)) - group-B3660D54F941: The snapshot info is null. Setting the last applied indexto:(t:0, i:~)
2019-09-25 11:09:43,059 [pool-615-thread-1] INFO  server.RaftServerConfigKeys (ConfUtils.java:logGet(43)) - raft.server.notification.no-leader.timeout = 120s (custom)
2019-09-25 11:09:43,059 [pool-615-thread-1] INFO  server.RaftServerConfigKeys (ConfUtils.java:logGet(43)) - raft.server.log.use.memory = false (default)
2019-09-25 11:09:43,059 [pool-615-thread-1] INFO  server.RaftServerConfigKeys (ConfUtils.java:logGet(43)) - raft.server.log.purge.gap = 1000000 (custom)
2019-09-25 11:09:43,059 [pool-615-thread-1] INFO  server.RaftServerConfigKeys (ConfUtils.java:logGet(43)) - raft.server.log.appender.buffer.byte-limit = 33554432 (custom)
2019-09-25 11:09:43,059 [pool-615-thread-1] INFO  server.RaftServerConfigKeys (ConfUtils.java:logGet(43)) - raft.server.log.segment.size.max = 1048576 (custom)
2019-09-25 11:09:43,060 [pool-615-thread-1] INFO  server.RaftServerConfigKeys (ConfUtils.java:logGet(43)) - raft.server.log.segment.cache.num.max = 2 (custom)
2019-09-25 11:09:43,060 [pool-615-thread-1] INFO  segmented.SegmentedRaftLogWorker (SegmentedRaftLogWorker.java:<init>(172)) - new 0b288e97-ea7b-4dc2-9c9e-09d2c36158d8@group-B3660D54F941-SegmentedRaftLogWorker for RaftStorage:Storage Directory /workdir/hadoop-ozone/integration-test/target/test-dir/MiniOzoneClusterImpl-d8e1effc-caf9-4828-b7f0-59ad57edb745/datanode-3/data/ratis/cee59920-5780-4d54-b4a0-b3660d54f941
2019-09-25 11:09:43,060 [pool-615-thread-1] INFO  server.RaftServerConfigKeys (ConfUtils.java:logGet(43)) - raft.server.log.queue.byte-limit = 2147483647 (custom)
2019-09-25 11:09:43,060 [pool-615-thread-1] INFO  server.RaftServerConfigKeys (ConfUtils.java:logGet(43)) - raft.server.log.queue.element-limit = 1024 (custom)
2019-09-25 11:09:43,060 [pool-615-thread-1] INFO  server.RaftServerConfigKeys (ConfUtils.java:logGet(43)) - raft.server.log.segment.size.max = 1048576 (custom)
2019-09-25 11:09:43,060 [pool-615-thread-1] INFO  server.RaftServerConfigKeys (ConfUtils.java:logGet(43)) - raft.server.log.preallocated.size = 16384 (custom)
2019-09-25 11:09:43,060 [pool-615-thread-1] INFO  server.RaftServerConfigKeys (ConfUtils.java:logGet(43)) - raft.server.log.write.buffer.size = 33554432 (custom)
2019-09-25 11:09:43,060 [pool-615-thread-1] INFO  server.RaftServerConfigKeys (ConfUtils.java:logGet(43)) - raft.server.log.force.sync.num = 128 (default)
2019-09-25 11:09:43,061 [pool-615-thread-1] INFO  server.RaftServerConfigKeys (ConfUtils.java:logGet(43)) - raft.server.log.statemachine.data.sync = true (default)
2019-09-25 11:09:43,061 [pool-615-thread-1] INFO  server.RaftServerConfigKeys (ConfUtils.java:logGet(43)) - raft.server.log.statemachine.data.sync.timeout = 10s (default)
2019-09-25 11:09:43,061 [pool-615-thread-1] INFO  server.RaftServerConfigKeys (ConfUtils.java:logGet(43)) - raft.server.log.statemachine.data.sync.timeout.retry = -1 (default)
2019-09-25 11:09:43,061 [pool-615-thread-1] INFO  server.RaftServerConfigKeys (ConfUtils.java:logGet(43)) - raft.server.log.statemachine.data.caching.enabled = true (custom)
2019-09-25 11:09:43,061 [pool-615-thread-1] INFO  segmented.SegmentedRaftLogWorker (SegmentedRaftLogWorker.java:lambda$new$0(132)) - 0b288e97-ea7b-4dc2-9c9e-09d2c36158d8@group-B3660D54F941-SegmentedRaftLogWorker: flushIndex: setUnconditionally 0 -> -1
2019-09-25 11:09:43,062 [pool-615-thread-1] INFO  server.RaftServerConfigKeys (ConfUtils.java:logGet(43)) - raft.server.snapshot.auto.trigger.enabled = true (custom)
2019-09-25 11:09:43,062 [pool-615-thread-1] INFO  server.RaftServerConfigKeys (ConfUtils.java:logGet(43)) - raft.server.snapshot.auto.trigger.threshold = 10000 (custom)
2019-09-25 11:09:43,062 [pool-615-thread-1] INFO  server.RaftServerConfigKeys (ConfUtils.java:logGet(43)) - raft.server.snapshot.retention.num.files = 5 (custom)
2019-09-25 11:09:43,062 [pool-615-thread-1] INFO  server.RaftServerConfigKeys (ConfUtils.java:logGet(43)) - raft.server.retrycache.expirytime = 600000ms (custom)
2019-09-25 11:09:43,063 [pool-615-thread-1] INFO  impl.RaftServerImpl (RaftServerImpl.java:start(185)) - 0b288e97-ea7b-4dc2-9c9e-09d2c36158d8@group-B3660D54F941: start as a follower, conf=-1: [0b288e97-ea7b-4dc2-9c9e-09d2c36158d8:192.168.30.6:43433], old=null
2019-09-25 11:09:43,064 [pool-615-thread-1] INFO  impl.RaftServerImpl (RaftServerImpl.java:setRole(174)) - 0b288e97-ea7b-4dc2-9c9e-09d2c36158d8@group-B3660D54F941: changes role from      null to FOLLOWER at term 0 for startAsFollower
2019-09-25 11:09:43,064 [pool-615-thread-1] INFO  impl.RoleInfo (RoleInfo.java:updateAndGet(143)) - 0b288e97-ea7b-4dc2-9c9e-09d2c36158d8: start FollowerState
2019-09-25 11:09:43,064 [pool-615-thread-1] INFO  util.JmxRegister (JmxRegister.java:tryRegister(44)) - Successfully registered JMX Bean with object name Ratis:service=RaftServer,group=group-B3660D54F941,id=0b288e97-ea7b-4dc2-9c9e-09d2c36158d8
2019-09-25 11:09:43,066 [RatisPipelineUtilsThread] INFO  pipeline.PipelineStateManager (PipelineStateManager.java:addPipeline(56)) - Created pipeline Pipeline[ Id: cee59920-5780-4d54-b4a0-b3660d54f941, Nodes: 0b288e97-ea7b-4dc2-9c9e-09d2c36158d8{ip: 192.168.30.6, host: pr-hdds-1569-5gmkr-4255264070, networkLocation: /default-rack, certSerialId: null}, Type:RATIS, Factor:ONE, State:OPEN]
2019-09-25 11:09:43,066 [RatisPipelineUtilsThread] INFO  pipeline.PipelinePlacementPolicy (PipelinePlacementPolicy.java:meetCriteria(91)) - Pipeline Placement: can't place more pipeline on heavy datanode： 6b5841ea-ab37-40e7-b4af-848a53246ff5 Heaviness: 6 limit: 5
2019-09-25 11:09:43,069 [grpc-default-executor-1] INFO  impl.RaftServerProxy (RaftServerProxy.java:addNew(89)) - 0b288e97-ea7b-4dc2-9c9e-09d2c36158d8: addNew group-ACF0B8E55071:[0b288e97-ea7b-4dc2-9c9e-09d2c36158d8:192.168.30.6:43433] returns group-ACF0B8E55071:java.util.concurrent.CompletableFuture@4b631ba0[Not completed]
2019-09-25 11:09:43,070 [pool-615-thread-1] INFO  impl.RaftServerImpl (RaftServerImpl.java:<init>(95)) - 0b288e97-ea7b-4dc2-9c9e-09d2c36158d8: new RaftServerImpl for group-ACF0B8E55071:[0b288e97-ea7b-4dc2-9c9e-09d2c36158d8:192.168.30.6:43433] with ContainerStateMachine:uninitialized
2019-09-25 11:09:43,070 [pool-615-thread-1] INFO  server.RaftServerConfigKeys (ConfUtils.java:logGet(43)) - raft.server.rpc.timeout.min = 5s (custom)
2019-09-25 11:09:43,070 [pool-615-thread-1] INFO  server.RaftServerConfigKeys (ConfUtils.java:logGet(43)) - raft.server.rpc.timeout.max = 5200ms (custom)
2019-09-25 11:09:43,070 [pool-615-thread-1] INFO  server.RaftServerConfigKeys (ConfUtils.java:logGet(43)) - raft.server.rpcslowness.timeout = 120s (custom)
2019-09-25 11:09:43,070 [pool-615-thread-1] INFO  server.RaftServerConfigKeys (ConfUtils.java:logGet(43)) - raft.server.sleep.deviation.threshold = 300 (default)
2019-09-25 11:09:43,070 [pool-615-thread-1] INFO  server.RaftServerConfigKeys (ConfUtils.java:logGet(43)) - raft.server.log.appender.install.snapshot.enabled = false (custom)
2019-09-25 11:09:43,070 [pool-615-thread-1] INFO  impl.RaftServerImpl (ServerState.java:<init>(103)) - 0b288e97-ea7b-4dc2-9c9e-09d2c36158d8@group-ACF0B8E55071: ConfigurationManager, init=-1: [0b288e97-ea7b-4dc2-9c9e-09d2c36158d8:192.168.30.6:43433], old=null, confs=<EMPTY_MAP>
2019-09-25 11:09:43,070 [pool-615-thread-1] INFO  server.RaftServerConfigKeys (ConfUtils.java:logGet(43)) - raft.server.storage.dir = [/workdir/hadoop-ozone/integration-test/target/test-dir/MiniOzoneClusterImpl-d8e1effc-caf9-4828-b7f0-59ad57edb745/datanode-3/data/ratis] (custom)
2019-09-25 11:09:43,071 [pool-615-thread-1] INFO  storage.RaftStorageDirectory (RaftStorageDirectory.java:analyzeStorage(246)) - The storage directory /workdir/hadoop-ozone/integration-test/target/test-dir/MiniOzoneClusterImpl-d8e1effc-caf9-4828-b7f0-59ad57edb745/datanode-3/data/ratis/ef5cb733-2b5e-4c6a-a305-acf0b8e55071 does not exist. Creating ...
2019-09-25 11:09:43,078 [pool-615-thread-1] INFO  storage.RaftStorageDirectory (RaftStorageDirectory.java:tryLock(328)) - Lock on /workdir/hadoop-ozone/integration-test/target/test-dir/MiniOzoneClusterImpl-d8e1effc-caf9-4828-b7f0-59ad57edb745/datanode-3/data/ratis/ef5cb733-2b5e-4c6a-a305-acf0b8e55071/in_use.lock acquired by nodename 21763@pr-hdds-1569-5gmkr-4255264070
2019-09-25 11:09:43,093 [pool-615-thread-1] INFO  storage.RaftStorage (RaftStorage.java:format(72)) - Storage directory /workdir/hadoop-ozone/integration-test/target/test-dir/MiniOzoneClusterImpl-d8e1effc-caf9-4828-b7f0-59ad57edb745/datanode-3/data/ratis/ef5cb733-2b5e-4c6a-a305-acf0b8e55071 has been successfully formatted.
2019-09-25 11:09:43,093 [pool-615-thread-1] INFO  ratis.ContainerStateMachine (ContainerStateMachine.java:loadSnapshot(230)) - group-ACF0B8E55071: The snapshot info is null. Setting the last applied indexto:(t:0, i:~)
2019-09-25 11:09:43,093 [pool-615-thread-1] INFO  server.RaftServerConfigKeys (ConfUtils.java:logGet(43)) - raft.server.notification.no-leader.timeout = 120s (custom)
2019-09-25 11:09:43,093 [pool-615-thread-1] INFO  server.RaftServerConfigKeys (ConfUtils.java:logGet(43)) - raft.server.log.use.memory = false (default)
2019-09-25 11:09:43,094 [pool-615-thread-1] INFO  server.RaftServerConfigKeys (ConfUtils.java:logGet(43)) - raft.server.log.purge.gap = 1000000 (custom)
2019-09-25 11:09:43,094 [pool-615-thread-1] INFO  server.RaftServerConfigKeys (ConfUtils.java:logGet(43)) - raft.server.log.appender.buffer.byte-limit = 33554432 (custom)
2019-09-25 11:09:43,094 [pool-615-thread-1] INFO  server.RaftServerConfigKeys (ConfUtils.java:logGet(43)) - raft.server.log.segment.size.max = 1048576 (custom)
2019-09-25 11:09:43,094 [pool-615-thread-1] INFO  server.RaftServerConfigKeys (ConfUtils.java:logGet(43)) - raft.server.log.segment.cache.num.max = 2 (custom)
2019-09-25 11:09:43,094 [pool-615-thread-1] INFO  segmented.SegmentedRaftLogWorker (SegmentedRaftLogWorker.java:<init>(172)) - new 0b288e97-ea7b-4dc2-9c9e-09d2c36158d8@group-ACF0B8E55071-SegmentedRaftLogWorker for RaftStorage:Storage Directory /workdir/hadoop-ozone/integration-test/target/test-dir/MiniOzoneClusterImpl-d8e1effc-caf9-4828-b7f0-59ad57edb745/datanode-3/data/ratis/ef5cb733-2b5e-4c6a-a305-acf0b8e55071
2019-09-25 11:09:43,094 [pool-615-thread-1] INFO  server.RaftServerConfigKeys (ConfUtils.java:logGet(43)) - raft.server.log.queue.byte-limit = 2147483647 (custom)
2019-09-25 11:09:43,094 [pool-615-thread-1] INFO  server.RaftServerConfigKeys (ConfUtils.java:logGet(43)) - raft.server.log.queue.element-limit = 1024 (custom)
2019-09-25 11:09:43,095 [pool-615-thread-1] INFO  server.RaftServerConfigKeys (ConfUtils.java:logGet(43)) - raft.server.log.segment.size.max = 1048576 (custom)
2019-09-25 11:09:43,095 [pool-615-thread-1] INFO  server.RaftServerConfigKeys (ConfUtils.java:logGet(43)) - raft.server.log.preallocated.size = 16384 (custom)
2019-09-25 11:09:43,095 [pool-615-thread-1] INFO  server.RaftServerConfigKeys (ConfUtils.java:logGet(43)) - raft.server.log.write.buffer.size = 33554432 (custom)
2019-09-25 11:09:43,095 [pool-615-thread-1] INFO  server.RaftServerConfigKeys (ConfUtils.java:logGet(43)) - raft.server.log.force.sync.num = 128 (default)
2019-09-25 11:09:43,095 [pool-615-thread-1] INFO  server.RaftServerConfigKeys (ConfUtils.java:logGet(43)) - raft.server.log.statemachine.data.sync = true (default)
2019-09-25 11:09:43,095 [pool-615-thread-1] INFO  server.RaftServerConfigKeys (ConfUtils.java:logGet(43)) - raft.server.log.statemachine.data.sync.timeout = 10s (default)
2019-09-25 11:09:43,095 [pool-615-thread-1] INFO  server.RaftServerConfigKeys (ConfUtils.java:logGet(43)) - raft.server.log.statemachine.data.sync.timeout.retry = -1 (default)
2019-09-25 11:09:43,096 [pool-615-thread-1] INFO  server.RaftServerConfigKeys (ConfUtils.java:logGet(43)) - raft.server.log.statemachine.data.caching.enabled = true (custom)
2019-09-25 11:09:43,096 [pool-615-thread-1] INFO  segmented.SegmentedRaftLogWorker (SegmentedRaftLogWorker.java:lambda$new$0(132)) - 0b288e97-ea7b-4dc2-9c9e-09d2c36158d8@group-ACF0B8E55071-SegmentedRaftLogWorker: flushIndex: setUnconditionally 0 -> -1
2019-09-25 11:09:43,096 [pool-615-thread-1] INFO  server.RaftServerConfigKeys (ConfUtils.java:logGet(43)) - raft.server.snapshot.auto.trigger.enabled = true (custom)
2019-09-25 11:09:43,096 [pool-615-thread-1] INFO  server.RaftServerConfigKeys (ConfUtils.java:logGet(43)) - raft.server.snapshot.auto.trigger.threshold = 10000 (custom)
2019-09-25 11:09:43,096 [pool-615-thread-1] INFO  server.RaftServerConfigKeys (ConfUtils.java:logGet(43)) - raft.server.snapshot.retention.num.files = 5 (custom)
2019-09-25 11:09:43,097 [pool-615-thread-1] INFO  server.RaftServerConfigKeys (ConfUtils.java:logGet(43)) - raft.server.retrycache.expirytime = 600000ms (custom)
2019-09-25 11:09:43,098 [pool-615-thread-1] INFO  impl.RaftServerImpl (RaftServerImpl.java:start(185)) - 0b288e97-ea7b-4dc2-9c9e-09d2c36158d8@group-ACF0B8E55071: start as a follower, conf=-1: [0b288e97-ea7b-4dc2-9c9e-09d2c36158d8:192.168.30.6:43433], old=null
2019-09-25 11:09:43,098 [pool-615-thread-1] INFO  impl.RaftServerImpl (RaftServerImpl.java:setRole(174)) - 0b288e97-ea7b-4dc2-9c9e-09d2c36158d8@group-ACF0B8E55071: changes role from      null to FOLLOWER at term 0 for startAsFollower
2019-09-25 11:09:43,098 [pool-615-thread-1] INFO  impl.RoleInfo (RoleInfo.java:updateAndGet(143)) - 0b288e97-ea7b-4dc2-9c9e-09d2c36158d8: start FollowerState
2019-09-25 11:09:43,099 [pool-615-thread-1] INFO  util.JmxRegister (JmxRegister.java:tryRegister(44)) - Successfully registered JMX Bean with object name Ratis:service=RaftServer,group=group-ACF0B8E55071,id=0b288e97-ea7b-4dc2-9c9e-09d2c36158d8
2019-09-25 11:09:43,101 [RatisPipelineUtilsThread] INFO  pipeline.PipelineStateManager (PipelineStateManager.java:addPipeline(56)) - Created pipeline Pipeline[ Id: ef5cb733-2b5e-4c6a-a305-acf0b8e55071, Nodes: 0b288e97-ea7b-4dc2-9c9e-09d2c36158d8{ip: 192.168.30.6, host: pr-hdds-1569-5gmkr-4255264070, networkLocation: /default-rack, certSerialId: null}, Type:RATIS, Factor:ONE, State:OPEN]
2019-09-25 11:09:43,101 [RatisPipelineUtilsThread] INFO  pipeline.PipelinePlacementPolicy (PipelinePlacementPolicy.java:meetCriteria(91)) - Pipeline Placement: can't place more pipeline on heavy datanode： 6b5841ea-ab37-40e7-b4af-848a53246ff5 Heaviness: 6 limit: 5
2019-09-25 11:09:43,104 [grpc-default-executor-1] INFO  impl.RaftServerProxy (RaftServerProxy.java:addNew(89)) - 0b288e97-ea7b-4dc2-9c9e-09d2c36158d8: addNew group-2073381C0914:[0b288e97-ea7b-4dc2-9c9e-09d2c36158d8:192.168.30.6:43433] returns group-2073381C0914:java.util.concurrent.CompletableFuture@15a9f2ec[Not completed]
2019-09-25 11:09:43,104 [pool-615-thread-1] INFO  impl.RaftServerImpl (RaftServerImpl.java:<init>(95)) - 0b288e97-ea7b-4dc2-9c9e-09d2c36158d8: new RaftServerImpl for group-2073381C0914:[0b288e97-ea7b-4dc2-9c9e-09d2c36158d8:192.168.30.6:43433] with ContainerStateMachine:uninitialized
2019-09-25 11:09:43,104 [pool-615-thread-1] INFO  server.RaftServerConfigKeys (ConfUtils.java:logGet(43)) - raft.server.rpc.timeout.min = 5s (custom)
2019-09-25 11:09:43,104 [pool-615-thread-1] INFO  server.RaftServerConfigKeys (ConfUtils.java:logGet(43)) - raft.server.rpc.timeout.max = 5200ms (custom)
2019-09-25 11:09:43,104 [pool-615-thread-1] INFO  server.RaftServerConfigKeys (ConfUtils.java:logGet(43)) - raft.server.rpcslowness.timeout = 120s (custom)
2019-09-25 11:09:43,105 [pool-615-thread-1] INFO  server.RaftServerConfigKeys (ConfUtils.java:logGet(43)) - raft.server.sleep.deviation.threshold = 300 (default)
2019-09-25 11:09:43,105 [pool-615-thread-1] INFO  server.RaftServerConfigKeys (ConfUtils.java:logGet(43)) - raft.server.log.appender.install.snapshot.enabled = false (custom)
2019-09-25 11:09:43,105 [pool-615-thread-1] INFO  impl.RaftServerImpl (ServerState.java:<init>(103)) - 0b288e97-ea7b-4dc2-9c9e-09d2c36158d8@group-2073381C0914: ConfigurationManager, init=-1: [0b288e97-ea7b-4dc2-9c9e-09d2c36158d8:192.168.30.6:43433], old=null, confs=<EMPTY_MAP>
2019-09-25 11:09:43,105 [pool-615-thread-1] INFO  server.RaftServerConfigKeys (ConfUtils.java:logGet(43)) - raft.server.storage.dir = [/workdir/hadoop-ozone/integration-test/target/test-dir/MiniOzoneClusterImpl-d8e1effc-caf9-4828-b7f0-59ad57edb745/datanode-3/data/ratis] (custom)
2019-09-25 11:09:43,105 [pool-615-thread-1] INFO  storage.RaftStorageDirectory (RaftStorageDirectory.java:analyzeStorage(246)) - The storage directory /workdir/hadoop-ozone/integration-test/target/test-dir/MiniOzoneClusterImpl-d8e1effc-caf9-4828-b7f0-59ad57edb745/datanode-3/data/ratis/85493730-66f4-47b0-adaf-2073381c0914 does not exist. Creating ...
2019-09-25 11:09:43,135 [pool-615-thread-1] INFO  storage.RaftStorageDirectory (RaftStorageDirectory.java:tryLock(328)) - Lock on /workdir/hadoop-ozone/integration-test/target/test-dir/MiniOzoneClusterImpl-d8e1effc-caf9-4828-b7f0-59ad57edb745/datanode-3/data/ratis/85493730-66f4-47b0-adaf-2073381c0914/in_use.lock acquired by nodename 21763@pr-hdds-1569-5gmkr-4255264070
2019-09-25 11:09:43,148 [pool-615-thread-1] INFO  storage.RaftStorage (RaftStorage.java:format(72)) - Storage directory /workdir/hadoop-ozone/integration-test/target/test-dir/MiniOzoneClusterImpl-d8e1effc-caf9-4828-b7f0-59ad57edb745/datanode-3/data/ratis/85493730-66f4-47b0-adaf-2073381c0914 has been successfully formatted.
2019-09-25 11:09:43,149 [pool-615-thread-1] INFO  ratis.ContainerStateMachine (ContainerStateMachine.java:loadSnapshot(230)) - group-2073381C0914: The snapshot info is null. Setting the last applied indexto:(t:0, i:~)
2019-09-25 11:09:43,149 [pool-615-thread-1] INFO  server.RaftServerConfigKeys (ConfUtils.java:logGet(43)) - raft.server.notification.no-leader.timeout = 120s (custom)
2019-09-25 11:09:43,149 [pool-615-thread-1] INFO  server.RaftServerConfigKeys (ConfUtils.java:logGet(43)) - raft.server.log.use.memory = false (default)
2019-09-25 11:09:43,149 [pool-615-thread-1] INFO  server.RaftServerConfigKeys (ConfUtils.java:logGet(43)) - raft.server.log.purge.gap = 1000000 (custom)
2019-09-25 11:09:43,149 [pool-615-thread-1] INFO  server.RaftServerConfigKeys (ConfUtils.java:logGet(43)) - raft.server.log.appender.buffer.byte-limit = 33554432 (custom)
2019-09-25 11:09:43,149 [pool-615-thread-1] INFO  server.RaftServerConfigKeys (ConfUtils.java:logGet(43)) - raft.server.log.segment.size.max = 1048576 (custom)
2019-09-25 11:09:43,149 [pool-615-thread-1] INFO  server.RaftServerConfigKeys (ConfUtils.java:logGet(43)) - raft.server.log.segment.cache.num.max = 2 (custom)
2019-09-25 11:09:43,150 [pool-615-thread-1] INFO  segmented.SegmentedRaftLogWorker (SegmentedRaftLogWorker.java:<init>(172)) - new 0b288e97-ea7b-4dc2-9c9e-09d2c36158d8@group-2073381C0914-SegmentedRaftLogWorker for RaftStorage:Storage Directory /workdir/hadoop-ozone/integration-test/target/test-dir/MiniOzoneClusterImpl-d8e1effc-caf9-4828-b7f0-59ad57edb745/datanode-3/data/ratis/85493730-66f4-47b0-adaf-2073381c0914
2019-09-25 11:09:43,150 [pool-615-thread-1] INFO  server.RaftServerConfigKeys (ConfUtils.java:logGet(43)) - raft.server.log.queue.byte-limit = 2147483647 (custom)
2019-09-25 11:09:43,150 [pool-615-thread-1] INFO  server.RaftServerConfigKeys (ConfUtils.java:logGet(43)) - raft.server.log.queue.element-limit = 1024 (custom)
2019-09-25 11:09:43,150 [pool-615-thread-1] INFO  server.RaftServerConfigKeys (ConfUtils.java:logGet(43)) - raft.server.log.segment.size.max = 1048576 (custom)
2019-09-25 11:09:43,150 [pool-615-thread-1] INFO  server.RaftServerConfigKeys (ConfUtils.java:logGet(43)) - raft.server.log.preallocated.size = 16384 (custom)
2019-09-25 11:09:43,150 [pool-615-thread-1] INFO  server.RaftServerConfigKeys (ConfUtils.java:logGet(43)) - raft.server.log.write.buffer.size = 33554432 (custom)
2019-09-25 11:09:43,150 [pool-615-thread-1] INFO  server.RaftServerConfigKeys (ConfUtils.java:logGet(43)) - raft.server.log.force.sync.num = 128 (default)
2019-09-25 11:09:43,151 [pool-615-thread-1] INFO  server.RaftServerConfigKeys (ConfUtils.java:logGet(43)) - raft.server.log.statemachine.data.sync = true (default)
2019-09-25 11:09:43,151 [pool-615-thread-1] INFO  server.RaftServerConfigKeys (ConfUtils.java:logGet(43)) - raft.server.log.statemachine.data.sync.timeout = 10s (default)
2019-09-25 11:09:43,151 [pool-615-thread-1] INFO  server.RaftServerConfigKeys (ConfUtils.java:logGet(43)) - raft.server.log.statemachine.data.sync.timeout.retry = -1 (default)
2019-09-25 11:09:43,151 [pool-615-thread-1] INFO  server.RaftServerConfigKeys (ConfUtils.java:logGet(43)) - raft.server.log.statemachine.data.caching.enabled = true (custom)
2019-09-25 11:09:43,151 [pool-615-thread-1] INFO  segmented.SegmentedRaftLogWorker (SegmentedRaftLogWorker.java:lambda$new$0(132)) - 0b288e97-ea7b-4dc2-9c9e-09d2c36158d8@group-2073381C0914-SegmentedRaftLogWorker: flushIndex: setUnconditionally 0 -> -1
2019-09-25 11:09:43,152 [pool-615-thread-1] INFO  server.RaftServerConfigKeys (ConfUtils.java:logGet(43)) - raft.server.snapshot.auto.trigger.enabled = true (custom)
2019-09-25 11:09:43,152 [pool-615-thread-1] INFO  server.RaftServerConfigKeys (ConfUtils.java:logGet(43)) - raft.server.snapshot.auto.trigger.threshold = 10000 (custom)
2019-09-25 11:09:43,152 [pool-615-thread-1] INFO  server.RaftServerConfigKeys (ConfUtils.java:logGet(43)) - raft.server.snapshot.retention.num.files = 5 (custom)
2019-09-25 11:09:43,152 [pool-615-thread-1] INFO  server.RaftServerConfigKeys (ConfUtils.java:logGet(43)) - raft.server.retrycache.expirytime = 600000ms (custom)
2019-09-25 11:09:43,154 [pool-615-thread-1] INFO  impl.RaftServerImpl (RaftServerImpl.java:start(185)) - 0b288e97-ea7b-4dc2-9c9e-09d2c36158d8@group-2073381C0914: start as a follower, conf=-1: [0b288e97-ea7b-4dc2-9c9e-09d2c36158d8:192.168.30.6:43433], old=null
2019-09-25 11:09:43,154 [pool-615-thread-1] INFO  impl.RaftServerImpl (RaftServerImpl.java:setRole(174)) - 0b288e97-ea7b-4dc2-9c9e-09d2c36158d8@group-2073381C0914: changes role from      null to FOLLOWER at term 0 for startAsFollower
2019-09-25 11:09:43,154 [pool-615-thread-1] INFO  impl.RoleInfo (RoleInfo.java:updateAndGet(143)) - 0b288e97-ea7b-4dc2-9c9e-09d2c36158d8: start FollowerState
2019-09-25 11:09:43,154 [pool-615-thread-1] INFO  util.JmxRegister (JmxRegister.java:tryRegister(44)) - Successfully registered JMX Bean with object name Ratis:service=RaftServer,group=group-2073381C0914,id=0b288e97-ea7b-4dc2-9c9e-09d2c36158d8
2019-09-25 11:09:43,156 [RatisPipelineUtilsThread] INFO  pipeline.PipelineStateManager (PipelineStateManager.java:addPipeline(56)) - Created pipeline Pipeline[ Id: 85493730-66f4-47b0-adaf-2073381c0914, Nodes: 0b288e97-ea7b-4dc2-9c9e-09d2c36158d8{ip: 192.168.30.6, host: pr-hdds-1569-5gmkr-4255264070, networkLocation: /default-rack, certSerialId: null}, Type:RATIS, Factor:ONE, State:OPEN]
2019-09-25 11:09:43,156 [RatisPipelineUtilsThread] INFO  pipeline.PipelinePlacementPolicy (PipelinePlacementPolicy.java:meetCriteria(91)) - Pipeline Placement: can't place more pipeline on heavy datanode： 6b5841ea-ab37-40e7-b4af-848a53246ff5 Heaviness: 6 limit: 5
2019-09-25 11:09:43,159 [grpc-default-executor-1] INFO  impl.RaftServerProxy (RaftServerProxy.java:addNew(89)) - deee6178-b1f5-49c6-a192-edc1bfc8677d: addNew group-FC079FBD1FC2:[deee6178-b1f5-49c6-a192-edc1bfc8677d:192.168.30.6:37193] returns group-FC079FBD1FC2:java.util.concurrent.CompletableFuture@6eb34c3e[Not completed]
2019-09-25 11:09:43,160 [pool-595-thread-1] INFO  impl.RaftServerImpl (RaftServerImpl.java:<init>(95)) - deee6178-b1f5-49c6-a192-edc1bfc8677d: new RaftServerImpl for group-FC079FBD1FC2:[deee6178-b1f5-49c6-a192-edc1bfc8677d:192.168.30.6:37193] with ContainerStateMachine:uninitialized
2019-09-25 11:09:43,160 [pool-595-thread-1] INFO  server.RaftServerConfigKeys (ConfUtils.java:logGet(43)) - raft.server.rpc.timeout.min = 5s (custom)
2019-09-25 11:09:43,160 [pool-595-thread-1] INFO  server.RaftServerConfigKeys (ConfUtils.java:logGet(43)) - raft.server.rpc.timeout.max = 5200ms (custom)
2019-09-25 11:09:43,160 [pool-595-thread-1] INFO  server.RaftServerConfigKeys (ConfUtils.java:logGet(43)) - raft.server.rpcslowness.timeout = 120s (custom)
2019-09-25 11:09:43,160 [pool-595-thread-1] INFO  server.RaftServerConfigKeys (ConfUtils.java:logGet(43)) - raft.server.sleep.deviation.threshold = 300 (default)
2019-09-25 11:09:43,160 [pool-595-thread-1] INFO  server.RaftServerConfigKeys (ConfUtils.java:logGet(43)) - raft.server.log.appender.install.snapshot.enabled = false (custom)
2019-09-25 11:09:43,160 [pool-595-thread-1] INFO  impl.RaftServerImpl (ServerState.java:<init>(103)) - deee6178-b1f5-49c6-a192-edc1bfc8677d@group-FC079FBD1FC2: ConfigurationManager, init=-1: [deee6178-b1f5-49c6-a192-edc1bfc8677d:192.168.30.6:37193], old=null, confs=<EMPTY_MAP>
2019-09-25 11:09:43,161 [pool-595-thread-1] INFO  server.RaftServerConfigKeys (ConfUtils.java:logGet(43)) - raft.server.storage.dir = [/workdir/hadoop-ozone/integration-test/target/test-dir/MiniOzoneClusterImpl-d8e1effc-caf9-4828-b7f0-59ad57edb745/datanode-1/data/ratis] (custom)
2019-09-25 11:09:43,161 [pool-595-thread-1] INFO  storage.RaftStorageDirectory (RaftStorageDirectory.java:analyzeStorage(246)) - The storage directory /workdir/hadoop-ozone/integration-test/target/test-dir/MiniOzoneClusterImpl-d8e1effc-caf9-4828-b7f0-59ad57edb745/datanode-1/data/ratis/7e80e3d9-4564-45f0-8763-fc079fbd1fc2 does not exist. Creating ...
2019-09-25 11:09:43,175 [pool-595-thread-1] INFO  storage.RaftStorageDirectory (RaftStorageDirectory.java:tryLock(328)) - Lock on /workdir/hadoop-ozone/integration-test/target/test-dir/MiniOzoneClusterImpl-d8e1effc-caf9-4828-b7f0-59ad57edb745/datanode-1/data/ratis/7e80e3d9-4564-45f0-8763-fc079fbd1fc2/in_use.lock acquired by nodename 21763@pr-hdds-1569-5gmkr-4255264070
2019-09-25 11:09:43,190 [pool-595-thread-1] INFO  storage.RaftStorage (RaftStorage.java:format(72)) - Storage directory /workdir/hadoop-ozone/integration-test/target/test-dir/MiniOzoneClusterImpl-d8e1effc-caf9-4828-b7f0-59ad57edb745/datanode-1/data/ratis/7e80e3d9-4564-45f0-8763-fc079fbd1fc2 has been successfully formatted.
2019-09-25 11:09:43,190 [pool-595-thread-1] INFO  ratis.ContainerStateMachine (ContainerStateMachine.java:loadSnapshot(230)) - group-FC079FBD1FC2: The snapshot info is null. Setting the last applied indexto:(t:0, i:~)
2019-09-25 11:09:43,190 [pool-595-thread-1] INFO  server.RaftServerConfigKeys (ConfUtils.java:logGet(43)) - raft.server.notification.no-leader.timeout = 120s (custom)
2019-09-25 11:09:43,190 [pool-595-thread-1] INFO  server.RaftServerConfigKeys (ConfUtils.java:logGet(43)) - raft.server.log.use.memory = false (default)
2019-09-25 11:09:43,190 [pool-595-thread-1] INFO  server.RaftServerConfigKeys (ConfUtils.java:logGet(43)) - raft.server.log.purge.gap = 1000000 (custom)
2019-09-25 11:09:43,191 [pool-595-thread-1] INFO  server.RaftServerConfigKeys (ConfUtils.java:logGet(43)) - raft.server.log.appender.buffer.byte-limit = 33554432 (custom)
2019-09-25 11:09:43,191 [pool-595-thread-1] INFO  server.RaftServerConfigKeys (ConfUtils.java:logGet(43)) - raft.server.log.segment.size.max = 1048576 (custom)
2019-09-25 11:09:43,191 [pool-595-thread-1] INFO  server.RaftServerConfigKeys (ConfUtils.java:logGet(43)) - raft.server.log.segment.cache.num.max = 2 (custom)
2019-09-25 11:09:43,191 [pool-595-thread-1] INFO  segmented.SegmentedRaftLogWorker (SegmentedRaftLogWorker.java:<init>(172)) - new deee6178-b1f5-49c6-a192-edc1bfc8677d@group-FC079FBD1FC2-SegmentedRaftLogWorker for RaftStorage:Storage Directory /workdir/hadoop-ozone/integration-test/target/test-dir/MiniOzoneClusterImpl-d8e1effc-caf9-4828-b7f0-59ad57edb745/datanode-1/data/ratis/7e80e3d9-4564-45f0-8763-fc079fbd1fc2
2019-09-25 11:09:43,191 [pool-595-thread-1] INFO  server.RaftServerConfigKeys (ConfUtils.java:logGet(43)) - raft.server.log.queue.byte-limit = 2147483647 (custom)
2019-09-25 11:09:43,191 [pool-595-thread-1] INFO  server.RaftServerConfigKeys (ConfUtils.java:logGet(43)) - raft.server.log.queue.element-limit = 1024 (custom)
2019-09-25 11:09:43,192 [pool-595-thread-1] INFO  server.RaftServerConfigKeys (ConfUtils.java:logGet(43)) - raft.server.log.segment.size.max = 1048576 (custom)
2019-09-25 11:09:43,192 [pool-595-thread-1] INFO  server.RaftServerConfigKeys (ConfUtils.java:logGet(43)) - raft.server.log.preallocated.size = 16384 (custom)
2019-09-25 11:09:43,192 [pool-595-thread-1] INFO  server.RaftServerConfigKeys (ConfUtils.java:logGet(43)) - raft.server.log.write.buffer.size = 33554432 (custom)
2019-09-25 11:09:43,192 [pool-595-thread-1] INFO  server.RaftServerConfigKeys (ConfUtils.java:logGet(43)) - raft.server.log.force.sync.num = 128 (default)
2019-09-25 11:09:43,192 [pool-595-thread-1] INFO  server.RaftServerConfigKeys (ConfUtils.java:logGet(43)) - raft.server.log.statemachine.data.sync = true (default)
2019-09-25 11:09:43,192 [pool-595-thread-1] INFO  server.RaftServerConfigKeys (ConfUtils.java:logGet(43)) - raft.server.log.statemachine.data.sync.timeout = 10s (default)
2019-09-25 11:09:43,193 [pool-595-thread-1] INFO  server.RaftServerConfigKeys (ConfUtils.java:logGet(43)) - raft.server.log.statemachine.data.sync.timeout.retry = -1 (default)
2019-09-25 11:09:43,193 [pool-595-thread-1] INFO  server.RaftServerConfigKeys (ConfUtils.java:logGet(43)) - raft.server.log.statemachine.data.caching.enabled = true (custom)
2019-09-25 11:09:43,193 [pool-595-thread-1] INFO  segmented.SegmentedRaftLogWorker (SegmentedRaftLogWorker.java:lambda$new$0(132)) - deee6178-b1f5-49c6-a192-edc1bfc8677d@group-FC079FBD1FC2-SegmentedRaftLogWorker: flushIndex: setUnconditionally 0 -> -1
2019-09-25 11:09:43,193 [pool-595-thread-1] INFO  server.RaftServerConfigKeys (ConfUtils.java:logGet(43)) - raft.server.snapshot.auto.trigger.enabled = true (custom)
2019-09-25 11:09:43,193 [pool-595-thread-1] INFO  server.RaftServerConfigKeys (ConfUtils.java:logGet(43)) - raft.server.snapshot.auto.trigger.threshold = 10000 (custom)
2019-09-25 11:09:43,193 [pool-595-thread-1] INFO  server.RaftServerConfigKeys (ConfUtils.java:logGet(43)) - raft.server.snapshot.retention.num.files = 5 (custom)
2019-09-25 11:09:43,194 [pool-595-thread-1] INFO  server.RaftServerConfigKeys (ConfUtils.java:logGet(43)) - raft.server.retrycache.expirytime = 600000ms (custom)
2019-09-25 11:09:43,195 [pool-595-thread-1] INFO  impl.RaftServerImpl (RaftServerImpl.java:start(185)) - deee6178-b1f5-49c6-a192-edc1bfc8677d@group-FC079FBD1FC2: start as a follower, conf=-1: [deee6178-b1f5-49c6-a192-edc1bfc8677d:192.168.30.6:37193], old=null
2019-09-25 11:09:43,195 [pool-595-thread-1] INFO  impl.RaftServerImpl (RaftServerImpl.java:setRole(174)) - deee6178-b1f5-49c6-a192-edc1bfc8677d@group-FC079FBD1FC2: changes role from      null to FOLLOWER at term 0 for startAsFollower
2019-09-25 11:09:43,195 [pool-595-thread-1] INFO  impl.RoleInfo (RoleInfo.java:updateAndGet(143)) - deee6178-b1f5-49c6-a192-edc1bfc8677d: start FollowerState
2019-09-25 11:09:43,195 [pool-595-thread-1] INFO  util.JmxRegister (JmxRegister.java:tryRegister(44)) - Successfully registered JMX Bean with object name Ratis:service=RaftServer,group=group-FC079FBD1FC2,id=deee6178-b1f5-49c6-a192-edc1bfc8677d
2019-09-25 11:09:43,197 [RatisPipelineUtilsThread] INFO  pipeline.PipelineStateManager (PipelineStateManager.java:addPipeline(56)) - Created pipeline Pipeline[ Id: 7e80e3d9-4564-45f0-8763-fc079fbd1fc2, Nodes: deee6178-b1f5-49c6-a192-edc1bfc8677d{ip: 192.168.30.6, host: pr-hdds-1569-5gmkr-4255264070, networkLocation: /default-rack, certSerialId: null}, Type:RATIS, Factor:ONE, State:OPEN]
2019-09-25 11:09:43,197 [RatisPipelineUtilsThread] INFO  pipeline.PipelinePlacementPolicy (PipelinePlacementPolicy.java:meetCriteria(91)) - Pipeline Placement: can't place more pipeline on heavy datanode： 6b5841ea-ab37-40e7-b4af-848a53246ff5 Heaviness: 6 limit: 5
2019-09-25 11:09:43,206 [grpc-default-executor-1] INFO  impl.RaftServerProxy (RaftServerProxy.java:addNew(89)) - f195ac4f-a279-4102-9716-e02d49b9162a: addNew group-5E793FBC3143:[f195ac4f-a279-4102-9716-e02d49b9162a:192.168.30.6:37523] returns group-5E793FBC3143:java.util.concurrent.CompletableFuture@55514e04[Not completed]
2019-09-25 11:09:43,207 [pool-635-thread-1] INFO  impl.RaftServerImpl (RaftServerImpl.java:<init>(95)) - f195ac4f-a279-4102-9716-e02d49b9162a: new RaftServerImpl for group-5E793FBC3143:[f195ac4f-a279-4102-9716-e02d49b9162a:192.168.30.6:37523] with ContainerStateMachine:uninitialized
2019-09-25 11:09:43,207 [pool-635-thread-1] INFO  server.RaftServerConfigKeys (ConfUtils.java:logGet(43)) - raft.server.rpc.timeout.min = 5s (custom)
2019-09-25 11:09:43,207 [pool-635-thread-1] INFO  server.RaftServerConfigKeys (ConfUtils.java:logGet(43)) - raft.server.rpc.timeout.max = 5200ms (custom)
2019-09-25 11:09:43,207 [pool-635-thread-1] INFO  server.RaftServerConfigKeys (ConfUtils.java:logGet(43)) - raft.server.rpcslowness.timeout = 120s (custom)
2019-09-25 11:09:43,208 [pool-635-thread-1] INFO  server.RaftServerConfigKeys (ConfUtils.java:logGet(43)) - raft.server.sleep.deviation.threshold = 300 (default)
2019-09-25 11:09:43,208 [pool-635-thread-1] INFO  server.RaftServerConfigKeys (ConfUtils.java:logGet(43)) - raft.server.log.appender.install.snapshot.enabled = false (custom)
2019-09-25 11:09:43,208 [pool-635-thread-1] INFO  impl.RaftServerImpl (ServerState.java:<init>(103)) - f195ac4f-a279-4102-9716-e02d49b9162a@group-5E793FBC3143: ConfigurationManager, init=-1: [f195ac4f-a279-4102-9716-e02d49b9162a:192.168.30.6:37523], old=null, confs=<EMPTY_MAP>
2019-09-25 11:09:43,208 [pool-635-thread-1] INFO  server.RaftServerConfigKeys (ConfUtils.java:logGet(43)) - raft.server.storage.dir = [/workdir/hadoop-ozone/integration-test/target/test-dir/MiniOzoneClusterImpl-d8e1effc-caf9-4828-b7f0-59ad57edb745/datanode-5/data/ratis] (custom)
2019-09-25 11:09:43,208 [pool-635-thread-1] INFO  storage.RaftStorageDirectory (RaftStorageDirectory.java:analyzeStorage(246)) - The storage directory /workdir/hadoop-ozone/integration-test/target/test-dir/MiniOzoneClusterImpl-d8e1effc-caf9-4828-b7f0-59ad57edb745/datanode-5/data/ratis/d11be61b-7d0a-4fde-8c40-5e793fbc3143 does not exist. Creating ...
2019-09-25 11:09:43,257 [pool-635-thread-1] INFO  storage.RaftStorageDirectory (RaftStorageDirectory.java:tryLock(328)) - Lock on /workdir/hadoop-ozone/integration-test/target/test-dir/MiniOzoneClusterImpl-d8e1effc-caf9-4828-b7f0-59ad57edb745/datanode-5/data/ratis/d11be61b-7d0a-4fde-8c40-5e793fbc3143/in_use.lock acquired by nodename 21763@pr-hdds-1569-5gmkr-4255264070
2019-09-25 11:09:43,294 [pool-635-thread-1] INFO  storage.RaftStorage (RaftStorage.java:format(72)) - Storage directory /workdir/hadoop-ozone/integration-test/target/test-dir/MiniOzoneClusterImpl-d8e1effc-caf9-4828-b7f0-59ad57edb745/datanode-5/data/ratis/d11be61b-7d0a-4fde-8c40-5e793fbc3143 has been successfully formatted.
2019-09-25 11:09:43,295 [pool-635-thread-1] INFO  ratis.ContainerStateMachine (ContainerStateMachine.java:loadSnapshot(230)) - group-5E793FBC3143: The snapshot info is null. Setting the last applied indexto:(t:0, i:~)
2019-09-25 11:09:43,295 [pool-635-thread-1] INFO  server.RaftServerConfigKeys (ConfUtils.java:logGet(43)) - raft.server.notification.no-leader.timeout = 120s (custom)
2019-09-25 11:09:43,295 [pool-635-thread-1] INFO  server.RaftServerConfigKeys (ConfUtils.java:logGet(43)) - raft.server.log.use.memory = false (default)
2019-09-25 11:09:43,295 [pool-635-thread-1] INFO  server.RaftServerConfigKeys (ConfUtils.java:logGet(43)) - raft.server.log.purge.gap = 1000000 (custom)
2019-09-25 11:09:43,295 [pool-635-thread-1] INFO  server.RaftServerConfigKeys (ConfUtils.java:logGet(43)) - raft.server.log.appender.buffer.byte-limit = 33554432 (custom)
2019-09-25 11:09:43,295 [pool-635-thread-1] INFO  server.RaftServerConfigKeys (ConfUtils.java:logGet(43)) - raft.server.log.segment.size.max = 1048576 (custom)
2019-09-25 11:09:43,296 [pool-635-thread-1] INFO  server.RaftServerConfigKeys (ConfUtils.java:logGet(43)) - raft.server.log.segment.cache.num.max = 2 (custom)
2019-09-25 11:09:43,296 [pool-635-thread-1] INFO  segmented.SegmentedRaftLogWorker (SegmentedRaftLogWorker.java:<init>(172)) - new f195ac4f-a279-4102-9716-e02d49b9162a@group-5E793FBC3143-SegmentedRaftLogWorker for RaftStorage:Storage Directory /workdir/hadoop-ozone/integration-test/target/test-dir/MiniOzoneClusterImpl-d8e1effc-caf9-4828-b7f0-59ad57edb745/datanode-5/data/ratis/d11be61b-7d0a-4fde-8c40-5e793fbc3143
2019-09-25 11:09:43,297 [pool-635-thread-1] INFO  server.RaftServerConfigKeys (ConfUtils.java:logGet(43)) - raft.server.log.queue.byte-limit = 2147483647 (custom)
2019-09-25 11:09:43,298 [pool-635-thread-1] INFO  server.RaftServerConfigKeys (ConfUtils.java:logGet(43)) - raft.server.log.queue.element-limit = 1024 (custom)
2019-09-25 11:09:43,298 [pool-635-thread-1] INFO  server.RaftServerConfigKeys (ConfUtils.java:logGet(43)) - raft.server.log.segment.size.max = 1048576 (custom)
2019-09-25 11:09:43,298 [pool-635-thread-1] INFO  server.RaftServerConfigKeys (ConfUtils.java:logGet(43)) - raft.server.log.preallocated.size = 16384 (custom)
2019-09-25 11:09:43,298 [pool-635-thread-1] INFO  server.RaftServerConfigKeys (ConfUtils.java:logGet(43)) - raft.server.log.write.buffer.size = 33554432 (custom)
2019-09-25 11:09:43,298 [pool-635-thread-1] INFO  server.RaftServerConfigKeys (ConfUtils.java:logGet(43)) - raft.server.log.force.sync.num = 128 (default)
2019-09-25 11:09:43,298 [pool-635-thread-1] INFO  server.RaftServerConfigKeys (ConfUtils.java:logGet(43)) - raft.server.log.statemachine.data.sync = true (default)
2019-09-25 11:09:43,299 [pool-635-thread-1] INFO  server.RaftServerConfigKeys (ConfUtils.java:logGet(43)) - raft.server.log.statemachine.data.sync.timeout = 10s (default)
2019-09-25 11:09:43,299 [pool-635-thread-1] INFO  server.RaftServerConfigKeys (ConfUtils.java:logGet(43)) - raft.server.log.statemachine.data.sync.timeout.retry = -1 (default)
2019-09-25 11:09:43,299 [pool-635-thread-1] INFO  server.RaftServerConfigKeys (ConfUtils.java:logGet(43)) - raft.server.log.statemachine.data.caching.enabled = true (custom)
2019-09-25 11:09:43,299 [pool-635-thread-1] INFO  segmented.SegmentedRaftLogWorker (SegmentedRaftLogWorker.java:lambda$new$0(132)) - f195ac4f-a279-4102-9716-e02d49b9162a@group-5E793FBC3143-SegmentedRaftLogWorker: flushIndex: setUnconditionally 0 -> -1
2019-09-25 11:09:43,300 [pool-635-thread-1] INFO  server.RaftServerConfigKeys (ConfUtils.java:logGet(43)) - raft.server.snapshot.auto.trigger.enabled = true (custom)
2019-09-25 11:09:43,300 [pool-635-thread-1] INFO  server.RaftServerConfigKeys (ConfUtils.java:logGet(43)) - raft.server.snapshot.auto.trigger.threshold = 10000 (custom)
2019-09-25 11:09:43,300 [pool-635-thread-1] INFO  server.RaftServerConfigKeys (ConfUtils.java:logGet(43)) - raft.server.snapshot.retention.num.files = 5 (custom)
2019-09-25 11:09:43,300 [pool-635-thread-1] INFO  server.RaftServerConfigKeys (ConfUtils.java:logGet(43)) - raft.server.retrycache.expirytime = 600000ms (custom)
2019-09-25 11:09:43,302 [pool-635-thread-1] INFO  impl.RaftServerImpl (RaftServerImpl.java:start(185)) - f195ac4f-a279-4102-9716-e02d49b9162a@group-5E793FBC3143: start as a follower, conf=-1: [f195ac4f-a279-4102-9716-e02d49b9162a:192.168.30.6:37523], old=null
2019-09-25 11:09:43,302 [pool-635-thread-1] INFO  impl.RaftServerImpl (RaftServerImpl.java:setRole(174)) - f195ac4f-a279-4102-9716-e02d49b9162a@group-5E793FBC3143: changes role from      null to FOLLOWER at term 0 for startAsFollower
2019-09-25 11:09:43,302 [pool-635-thread-1] INFO  impl.RoleInfo (RoleInfo.java:updateAndGet(143)) - f195ac4f-a279-4102-9716-e02d49b9162a: start FollowerState
2019-09-25 11:09:43,302 [pool-635-thread-1] INFO  util.JmxRegister (JmxRegister.java:tryRegister(44)) - Successfully registered JMX Bean with object name Ratis:service=RaftServer,group=group-5E793FBC3143,id=f195ac4f-a279-4102-9716-e02d49b9162a
2019-09-25 11:09:43,304 [RatisPipelineUtilsThread] INFO  pipeline.PipelineStateManager (PipelineStateManager.java:addPipeline(56)) - Created pipeline Pipeline[ Id: d11be61b-7d0a-4fde-8c40-5e793fbc3143, Nodes: f195ac4f-a279-4102-9716-e02d49b9162a{ip: 192.168.30.6, host: pr-hdds-1569-5gmkr-4255264070, networkLocation: /default-rack, certSerialId: null}, Type:RATIS, Factor:ONE, State:OPEN]
2019-09-25 11:09:43,305 [RatisPipelineUtilsThread] INFO  pipeline.PipelinePlacementPolicy (PipelinePlacementPolicy.java:meetCriteria(91)) - Pipeline Placement: can't place more pipeline on heavy datanode： 6b5841ea-ab37-40e7-b4af-848a53246ff5 Heaviness: 6 limit: 5
2019-09-25 11:09:43,308 [grpc-default-executor-1] INFO  impl.RaftServerProxy (RaftServerProxy.java:addNew(89)) - deee6178-b1f5-49c6-a192-edc1bfc8677d: addNew group-8BD76F496486:[deee6178-b1f5-49c6-a192-edc1bfc8677d:192.168.30.6:37193] returns group-8BD76F496486:java.util.concurrent.CompletableFuture@6624d26c[Not completed]
2019-09-25 11:09:43,309 [pool-595-thread-1] INFO  impl.RaftServerImpl (RaftServerImpl.java:<init>(95)) - deee6178-b1f5-49c6-a192-edc1bfc8677d: new RaftServerImpl for group-8BD76F496486:[deee6178-b1f5-49c6-a192-edc1bfc8677d:192.168.30.6:37193] with ContainerStateMachine:uninitialized
2019-09-25 11:09:43,309 [pool-595-thread-1] INFO  server.RaftServerConfigKeys (ConfUtils.java:logGet(43)) - raft.server.rpc.timeout.min = 5s (custom)
2019-09-25 11:09:43,309 [pool-595-thread-1] INFO  server.RaftServerConfigKeys (ConfUtils.java:logGet(43)) - raft.server.rpc.timeout.max = 5200ms (custom)
2019-09-25 11:09:43,309 [pool-595-thread-1] INFO  server.RaftServerConfigKeys (ConfUtils.java:logGet(43)) - raft.server.rpcslowness.timeout = 120s (custom)
2019-09-25 11:09:43,309 [pool-595-thread-1] INFO  server.RaftServerConfigKeys (ConfUtils.java:logGet(43)) - raft.server.sleep.deviation.threshold = 300 (default)
2019-09-25 11:09:43,309 [pool-595-thread-1] INFO  server.RaftServerConfigKeys (ConfUtils.java:logGet(43)) - raft.server.log.appender.install.snapshot.enabled = false (custom)
2019-09-25 11:09:43,309 [pool-595-thread-1] INFO  impl.RaftServerImpl (ServerState.java:<init>(103)) - deee6178-b1f5-49c6-a192-edc1bfc8677d@group-8BD76F496486: ConfigurationManager, init=-1: [deee6178-b1f5-49c6-a192-edc1bfc8677d:192.168.30.6:37193], old=null, confs=<EMPTY_MAP>
2019-09-25 11:09:43,310 [pool-595-thread-1] INFO  server.RaftServerConfigKeys (ConfUtils.java:logGet(43)) - raft.server.storage.dir = [/workdir/hadoop-ozone/integration-test/target/test-dir/MiniOzoneClusterImpl-d8e1effc-caf9-4828-b7f0-59ad57edb745/datanode-1/data/ratis] (custom)
2019-09-25 11:09:43,310 [pool-595-thread-1] INFO  storage.RaftStorageDirectory (RaftStorageDirectory.java:analyzeStorage(246)) - The storage directory /workdir/hadoop-ozone/integration-test/target/test-dir/MiniOzoneClusterImpl-d8e1effc-caf9-4828-b7f0-59ad57edb745/datanode-1/data/ratis/172bf71b-5715-4108-84d3-8bd76f496486 does not exist. Creating ...
2019-09-25 11:09:43,318 [pool-595-thread-1] INFO  storage.RaftStorageDirectory (RaftStorageDirectory.java:tryLock(328)) - Lock on /workdir/hadoop-ozone/integration-test/target/test-dir/MiniOzoneClusterImpl-d8e1effc-caf9-4828-b7f0-59ad57edb745/datanode-1/data/ratis/172bf71b-5715-4108-84d3-8bd76f496486/in_use.lock acquired by nodename 21763@pr-hdds-1569-5gmkr-4255264070
2019-09-25 11:09:43,332 [pool-595-thread-1] INFO  storage.RaftStorage (RaftStorage.java:format(72)) - Storage directory /workdir/hadoop-ozone/integration-test/target/test-dir/MiniOzoneClusterImpl-d8e1effc-caf9-4828-b7f0-59ad57edb745/datanode-1/data/ratis/172bf71b-5715-4108-84d3-8bd76f496486 has been successfully formatted.
2019-09-25 11:09:43,333 [pool-595-thread-1] INFO  ratis.ContainerStateMachine (ContainerStateMachine.java:loadSnapshot(230)) - group-8BD76F496486: The snapshot info is null. Setting the last applied indexto:(t:0, i:~)
2019-09-25 11:09:43,333 [pool-595-thread-1] INFO  server.RaftServerConfigKeys (ConfUtils.java:logGet(43)) - raft.server.notification.no-leader.timeout = 120s (custom)
2019-09-25 11:09:43,333 [pool-595-thread-1] INFO  server.RaftServerConfigKeys (ConfUtils.java:logGet(43)) - raft.server.log.use.memory = false (default)
2019-09-25 11:09:43,333 [pool-595-thread-1] INFO  server.RaftServerConfigKeys (ConfUtils.java:logGet(43)) - raft.server.log.purge.gap = 1000000 (custom)
2019-09-25 11:09:43,333 [pool-595-thread-1] INFO  server.RaftServerConfigKeys (ConfUtils.java:logGet(43)) - raft.server.log.appender.buffer.byte-limit = 33554432 (custom)
2019-09-25 11:09:43,333 [pool-595-thread-1] INFO  server.RaftServerConfigKeys (ConfUtils.java:logGet(43)) - raft.server.log.segment.size.max = 1048576 (custom)
2019-09-25 11:09:43,333 [pool-595-thread-1] INFO  server.RaftServerConfigKeys (ConfUtils.java:logGet(43)) - raft.server.log.segment.cache.num.max = 2 (custom)
2019-09-25 11:09:43,334 [pool-595-thread-1] INFO  segmented.SegmentedRaftLogWorker (SegmentedRaftLogWorker.java:<init>(172)) - new deee6178-b1f5-49c6-a192-edc1bfc8677d@group-8BD76F496486-SegmentedRaftLogWorker for RaftStorage:Storage Directory /workdir/hadoop-ozone/integration-test/target/test-dir/MiniOzoneClusterImpl-d8e1effc-caf9-4828-b7f0-59ad57edb745/datanode-1/data/ratis/172bf71b-5715-4108-84d3-8bd76f496486
2019-09-25 11:09:43,334 [pool-595-thread-1] INFO  server.RaftServerConfigKeys (ConfUtils.java:logGet(43)) - raft.server.log.queue.byte-limit = 2147483647 (custom)
2019-09-25 11:09:43,334 [pool-595-thread-1] INFO  server.RaftServerConfigKeys (ConfUtils.java:logGet(43)) - raft.server.log.queue.element-limit = 1024 (custom)
2019-09-25 11:09:43,334 [pool-595-thread-1] INFO  server.RaftServerConfigKeys (ConfUtils.java:logGet(43)) - raft.server.log.segment.size.max = 1048576 (custom)
2019-09-25 11:09:43,334 [pool-595-thread-1] INFO  server.RaftServerConfigKeys (ConfUtils.java:logGet(43)) - raft.server.log.preallocated.size = 16384 (custom)
2019-09-25 11:09:43,334 [pool-595-thread-1] INFO  server.RaftServerConfigKeys (ConfUtils.java:logGet(43)) - raft.server.log.write.buffer.size = 33554432 (custom)
2019-09-25 11:09:43,334 [pool-595-thread-1] INFO  server.RaftServerConfigKeys (ConfUtils.java:logGet(43)) - raft.server.log.force.sync.num = 128 (default)
2019-09-25 11:09:43,335 [pool-595-thread-1] INFO  server.RaftServerConfigKeys (ConfUtils.java:logGet(43)) - raft.server.log.statemachine.data.sync = true (default)
2019-09-25 11:09:43,335 [pool-595-thread-1] INFO  server.RaftServerConfigKeys (ConfUtils.java:logGet(43)) - raft.server.log.statemachine.data.sync.timeout = 10s (default)
2019-09-25 11:09:43,335 [pool-595-thread-1] INFO  server.RaftServerConfigKeys (ConfUtils.java:logGet(43)) - raft.server.log.statemachine.data.sync.timeout.retry = -1 (default)
2019-09-25 11:09:43,335 [pool-595-thread-1] INFO  server.RaftServerConfigKeys (ConfUtils.java:logGet(43)) - raft.server.log.statemachine.data.caching.enabled = true (custom)
2019-09-25 11:09:43,335 [pool-595-thread-1] INFO  segmented.SegmentedRaftLogWorker (SegmentedRaftLogWorker.java:lambda$new$0(132)) - deee6178-b1f5-49c6-a192-edc1bfc8677d@group-8BD76F496486-SegmentedRaftLogWorker: flushIndex: setUnconditionally 0 -> -1
2019-09-25 11:09:43,336 [pool-595-thread-1] INFO  server.RaftServerConfigKeys (ConfUtils.java:logGet(43)) - raft.server.snapshot.auto.trigger.enabled = true (custom)
2019-09-25 11:09:43,336 [pool-595-thread-1] INFO  server.RaftServerConfigKeys (ConfUtils.java:logGet(43)) - raft.server.snapshot.auto.trigger.threshold = 10000 (custom)
2019-09-25 11:09:43,336 [pool-595-thread-1] INFO  server.RaftServerConfigKeys (ConfUtils.java:logGet(43)) - raft.server.snapshot.retention.num.files = 5 (custom)
2019-09-25 11:09:43,336 [pool-595-thread-1] INFO  server.RaftServerConfigKeys (ConfUtils.java:logGet(43)) - raft.server.retrycache.expirytime = 600000ms (custom)
2019-09-25 11:09:43,338 [pool-595-thread-1] INFO  impl.RaftServerImpl (RaftServerImpl.java:start(185)) - deee6178-b1f5-49c6-a192-edc1bfc8677d@group-8BD76F496486: start as a follower, conf=-1: [deee6178-b1f5-49c6-a192-edc1bfc8677d:192.168.30.6:37193], old=null
2019-09-25 11:09:43,338 [pool-595-thread-1] INFO  impl.RaftServerImpl (RaftServerImpl.java:setRole(174)) - deee6178-b1f5-49c6-a192-edc1bfc8677d@group-8BD76F496486: changes role from      null to FOLLOWER at term 0 for startAsFollower
2019-09-25 11:09:43,338 [pool-595-thread-1] INFO  impl.RoleInfo (RoleInfo.java:updateAndGet(143)) - deee6178-b1f5-49c6-a192-edc1bfc8677d: start FollowerState
2019-09-25 11:09:43,338 [pool-595-thread-1] INFO  util.JmxRegister (JmxRegister.java:tryRegister(44)) - Successfully registered JMX Bean with object name Ratis:service=RaftServer,group=group-8BD76F496486,id=deee6178-b1f5-49c6-a192-edc1bfc8677d
2019-09-25 11:09:43,340 [RatisPipelineUtilsThread] INFO  pipeline.PipelineStateManager (PipelineStateManager.java:addPipeline(56)) - Created pipeline Pipeline[ Id: 172bf71b-5715-4108-84d3-8bd76f496486, Nodes: deee6178-b1f5-49c6-a192-edc1bfc8677d{ip: 192.168.30.6, host: pr-hdds-1569-5gmkr-4255264070, networkLocation: /default-rack, certSerialId: null}, Type:RATIS, Factor:ONE, State:OPEN]
2019-09-25 11:09:43,340 [RatisPipelineUtilsThread] INFO  pipeline.PipelinePlacementPolicy (PipelinePlacementPolicy.java:meetCriteria(91)) - Pipeline Placement: can't place more pipeline on heavy datanode： 6b5841ea-ab37-40e7-b4af-848a53246ff5 Heaviness: 6 limit: 5
2019-09-25 11:09:43,343 [grpc-default-executor-1] INFO  impl.RaftServerProxy (RaftServerProxy.java:addNew(89)) - 07e899c7-9b65-45ad-afd5-2a504e2891bf: addNew group-8D47D52A54A3:[07e899c7-9b65-45ad-afd5-2a504e2891bf:192.168.30.6:43313] returns group-8D47D52A54A3:java.util.concurrent.CompletableFuture@1b430b5[Not completed]
2019-09-25 11:09:43,344 [pool-605-thread-1] INFO  impl.RaftServerImpl (RaftServerImpl.java:<init>(95)) - 07e899c7-9b65-45ad-afd5-2a504e2891bf: new RaftServerImpl for group-8D47D52A54A3:[07e899c7-9b65-45ad-afd5-2a504e2891bf:192.168.30.6:43313] with ContainerStateMachine:uninitialized
2019-09-25 11:09:43,344 [pool-605-thread-1] INFO  server.RaftServerConfigKeys (ConfUtils.java:logGet(43)) - raft.server.rpc.timeout.min = 5s (custom)
2019-09-25 11:09:43,344 [pool-605-thread-1] INFO  server.RaftServerConfigKeys (ConfUtils.java:logGet(43)) - raft.server.rpc.timeout.max = 5200ms (custom)
2019-09-25 11:09:43,345 [pool-605-thread-1] INFO  server.RaftServerConfigKeys (ConfUtils.java:logGet(43)) - raft.server.rpcslowness.timeout = 120s (custom)
2019-09-25 11:09:43,345 [pool-605-thread-1] INFO  server.RaftServerConfigKeys (ConfUtils.java:logGet(43)) - raft.server.sleep.deviation.threshold = 300 (default)
2019-09-25 11:09:43,345 [pool-605-thread-1] INFO  server.RaftServerConfigKeys (ConfUtils.java:logGet(43)) - raft.server.log.appender.install.snapshot.enabled = false (custom)
2019-09-25 11:09:43,345 [pool-605-thread-1] INFO  impl.RaftServerImpl (ServerState.java:<init>(103)) - 07e899c7-9b65-45ad-afd5-2a504e2891bf@group-8D47D52A54A3: ConfigurationManager, init=-1: [07e899c7-9b65-45ad-afd5-2a504e2891bf:192.168.30.6:43313], old=null, confs=<EMPTY_MAP>
2019-09-25 11:09:43,345 [pool-605-thread-1] INFO  server.RaftServerConfigKeys (ConfUtils.java:logGet(43)) - raft.server.storage.dir = [/workdir/hadoop-ozone/integration-test/target/test-dir/MiniOzoneClusterImpl-d8e1effc-caf9-4828-b7f0-59ad57edb745/datanode-2/data/ratis] (custom)
2019-09-25 11:09:43,345 [pool-605-thread-1] INFO  storage.RaftStorageDirectory (RaftStorageDirectory.java:analyzeStorage(246)) - The storage directory /workdir/hadoop-ozone/integration-test/target/test-dir/MiniOzoneClusterImpl-d8e1effc-caf9-4828-b7f0-59ad57edb745/datanode-2/data/ratis/68f69759-547a-4d8d-bdea-8d47d52a54a3 does not exist. Creating ...
2019-09-25 11:09:43,354 [pool-605-thread-1] INFO  storage.RaftStorageDirectory (RaftStorageDirectory.java:tryLock(328)) - Lock on /workdir/hadoop-ozone/integration-test/target/test-dir/MiniOzoneClusterImpl-d8e1effc-caf9-4828-b7f0-59ad57edb745/datanode-2/data/ratis/68f69759-547a-4d8d-bdea-8d47d52a54a3/in_use.lock acquired by nodename 21763@pr-hdds-1569-5gmkr-4255264070
2019-09-25 11:09:43,362 [pool-605-thread-1] INFO  storage.RaftStorage (RaftStorage.java:format(72)) - Storage directory /workdir/hadoop-ozone/integration-test/target/test-dir/MiniOzoneClusterImpl-d8e1effc-caf9-4828-b7f0-59ad57edb745/datanode-2/data/ratis/68f69759-547a-4d8d-bdea-8d47d52a54a3 has been successfully formatted.
2019-09-25 11:09:43,362 [pool-605-thread-1] INFO  ratis.ContainerStateMachine (ContainerStateMachine.java:loadSnapshot(230)) - group-8D47D52A54A3: The snapshot info is null. Setting the last applied indexto:(t:0, i:~)
2019-09-25 11:09:43,362 [pool-605-thread-1] INFO  server.RaftServerConfigKeys (ConfUtils.java:logGet(43)) - raft.server.notification.no-leader.timeout = 120s (custom)
2019-09-25 11:09:43,362 [pool-605-thread-1] INFO  server.RaftServerConfigKeys (ConfUtils.java:logGet(43)) - raft.server.log.use.memory = false (default)
2019-09-25 11:09:43,363 [pool-605-thread-1] INFO  server.RaftServerConfigKeys (ConfUtils.java:logGet(43)) - raft.server.log.purge.gap = 1000000 (custom)
2019-09-25 11:09:43,363 [pool-605-thread-1] INFO  server.RaftServerConfigKeys (ConfUtils.java:logGet(43)) - raft.server.log.appender.buffer.byte-limit = 33554432 (custom)
2019-09-25 11:09:43,363 [pool-605-thread-1] INFO  server.RaftServerConfigKeys (ConfUtils.java:logGet(43)) - raft.server.log.segment.size.max = 1048576 (custom)
2019-09-25 11:09:43,363 [pool-605-thread-1] INFO  server.RaftServerConfigKeys (ConfUtils.java:logGet(43)) - raft.server.log.segment.cache.num.max = 2 (custom)
2019-09-25 11:09:43,363 [pool-605-thread-1] INFO  segmented.SegmentedRaftLogWorker (SegmentedRaftLogWorker.java:<init>(172)) - new 07e899c7-9b65-45ad-afd5-2a504e2891bf@group-8D47D52A54A3-SegmentedRaftLogWorker for RaftStorage:Storage Directory /workdir/hadoop-ozone/integration-test/target/test-dir/MiniOzoneClusterImpl-d8e1effc-caf9-4828-b7f0-59ad57edb745/datanode-2/data/ratis/68f69759-547a-4d8d-bdea-8d47d52a54a3
2019-09-25 11:09:43,363 [pool-605-thread-1] INFO  server.RaftServerConfigKeys (ConfUtils.java:logGet(43)) - raft.server.log.queue.byte-limit = 2147483647 (custom)
2019-09-25 11:09:43,363 [pool-605-thread-1] INFO  server.RaftServerConfigKeys (ConfUtils.java:logGet(43)) - raft.server.log.queue.element-limit = 1024 (custom)
2019-09-25 11:09:43,364 [pool-605-thread-1] INFO  server.RaftServerConfigKeys (ConfUtils.java:logGet(43)) - raft.server.log.segment.size.max = 1048576 (custom)
2019-09-25 11:09:43,364 [pool-605-thread-1] INFO  server.RaftServerConfigKeys (ConfUtils.java:logGet(43)) - raft.server.log.preallocated.size = 16384 (custom)
2019-09-25 11:09:43,364 [pool-605-thread-1] INFO  server.RaftServerConfigKeys (ConfUtils.java:logGet(43)) - raft.server.log.write.buffer.size = 33554432 (custom)
2019-09-25 11:09:43,364 [pool-605-thread-1] INFO  server.RaftServerConfigKeys (ConfUtils.java:logGet(43)) - raft.server.log.force.sync.num = 128 (default)
2019-09-25 11:09:43,364 [pool-605-thread-1] INFO  server.RaftServerConfigKeys (ConfUtils.java:logGet(43)) - raft.server.log.statemachine.data.sync = true (default)
2019-09-25 11:09:43,364 [pool-605-thread-1] INFO  server.RaftServerConfigKeys (ConfUtils.java:logGet(43)) - raft.server.log.statemachine.data.sync.timeout = 10s (default)
2019-09-25 11:09:43,364 [pool-605-thread-1] INFO  server.RaftServerConfigKeys (ConfUtils.java:logGet(43)) - raft.server.log.statemachine.data.sync.timeout.retry = -1 (default)
2019-09-25 11:09:43,365 [pool-605-thread-1] INFO  server.RaftServerConfigKeys (ConfUtils.java:logGet(43)) - raft.server.log.statemachine.data.caching.enabled = true (custom)
2019-09-25 11:09:43,365 [pool-605-thread-1] INFO  segmented.SegmentedRaftLogWorker (SegmentedRaftLogWorker.java:lambda$new$0(132)) - 07e899c7-9b65-45ad-afd5-2a504e2891bf@group-8D47D52A54A3-SegmentedRaftLogWorker: flushIndex: setUnconditionally 0 -> -1
2019-09-25 11:09:43,365 [pool-605-thread-1] INFO  server.RaftServerConfigKeys (ConfUtils.java:logGet(43)) - raft.server.snapshot.auto.trigger.enabled = true (custom)
2019-09-25 11:09:43,365 [pool-605-thread-1] INFO  server.RaftServerConfigKeys (ConfUtils.java:logGet(43)) - raft.server.snapshot.auto.trigger.threshold = 10000 (custom)
2019-09-25 11:09:43,365 [pool-605-thread-1] INFO  server.RaftServerConfigKeys (ConfUtils.java:logGet(43)) - raft.server.snapshot.retention.num.files = 5 (custom)
2019-09-25 11:09:43,366 [pool-605-thread-1] INFO  server.RaftServerConfigKeys (ConfUtils.java:logGet(43)) - raft.server.retrycache.expirytime = 600000ms (custom)
2019-09-25 11:09:43,367 [pool-605-thread-1] INFO  impl.RaftServerImpl (RaftServerImpl.java:start(185)) - 07e899c7-9b65-45ad-afd5-2a504e2891bf@group-8D47D52A54A3: start as a follower, conf=-1: [07e899c7-9b65-45ad-afd5-2a504e2891bf:192.168.30.6:43313], old=null
2019-09-25 11:09:43,367 [pool-605-thread-1] INFO  impl.RaftServerImpl (RaftServerImpl.java:setRole(174)) - 07e899c7-9b65-45ad-afd5-2a504e2891bf@group-8D47D52A54A3: changes role from      null to FOLLOWER at term 0 for startAsFollower
2019-09-25 11:09:43,367 [pool-605-thread-1] INFO  impl.RoleInfo (RoleInfo.java:updateAndGet(143)) - 07e899c7-9b65-45ad-afd5-2a504e2891bf: start FollowerState
2019-09-25 11:09:43,368 [pool-605-thread-1] INFO  util.JmxRegister (JmxRegister.java:tryRegister(44)) - Successfully registered JMX Bean with object name Ratis:service=RaftServer,group=group-8D47D52A54A3,id=07e899c7-9b65-45ad-afd5-2a504e2891bf
2019-09-25 11:09:43,369 [RatisPipelineUtilsThread] INFO  pipeline.PipelineStateManager (PipelineStateManager.java:addPipeline(56)) - Created pipeline Pipeline[ Id: 68f69759-547a-4d8d-bdea-8d47d52a54a3, Nodes: 07e899c7-9b65-45ad-afd5-2a504e2891bf{ip: 192.168.30.6, host: pr-hdds-1569-5gmkr-4255264070, networkLocation: /default-rack, certSerialId: null}, Type:RATIS, Factor:ONE, State:OPEN]
2019-09-25 11:09:43,369 [RatisPipelineUtilsThread] INFO  pipeline.PipelinePlacementPolicy (PipelinePlacementPolicy.java:meetCriteria(91)) - Pipeline Placement: can't place more pipeline on heavy datanode： 6b5841ea-ab37-40e7-b4af-848a53246ff5 Heaviness: 6 limit: 5
2019-09-25 11:09:43,379 [grpc-default-executor-1] INFO  impl.RaftServerProxy (RaftServerProxy.java:addNew(89)) - e2b10f42-ed4b-4300-a7cb-c770d2b1b0a2: addNew group-409973C1F9D6:[e2b10f42-ed4b-4300-a7cb-c770d2b1b0a2:192.168.30.6:33746] returns group-409973C1F9D6:java.util.concurrent.CompletableFuture@541a6f67[Not completed]
2019-09-25 11:09:43,380 [pool-645-thread-1] INFO  impl.RaftServerImpl (RaftServerImpl.java:<init>(95)) - e2b10f42-ed4b-4300-a7cb-c770d2b1b0a2: new RaftServerImpl for group-409973C1F9D6:[e2b10f42-ed4b-4300-a7cb-c770d2b1b0a2:192.168.30.6:33746] with ContainerStateMachine:uninitialized
2019-09-25 11:09:43,381 [pool-645-thread-1] INFO  server.RaftServerConfigKeys (ConfUtils.java:logGet(43)) - raft.server.rpc.timeout.min = 5s (custom)
2019-09-25 11:09:43,381 [pool-645-thread-1] INFO  server.RaftServerConfigKeys (ConfUtils.java:logGet(43)) - raft.server.rpc.timeout.max = 5200ms (custom)
2019-09-25 11:09:43,381 [pool-645-thread-1] INFO  server.RaftServerConfigKeys (ConfUtils.java:logGet(43)) - raft.server.rpcslowness.timeout = 120s (custom)
2019-09-25 11:09:43,381 [pool-645-thread-1] INFO  server.RaftServerConfigKeys (ConfUtils.java:logGet(43)) - raft.server.sleep.deviation.threshold = 300 (default)
2019-09-25 11:09:43,381 [pool-645-thread-1] INFO  server.RaftServerConfigKeys (ConfUtils.java:logGet(43)) - raft.server.log.appender.install.snapshot.enabled = false (custom)
2019-09-25 11:09:43,381 [pool-645-thread-1] INFO  impl.RaftServerImpl (ServerState.java:<init>(103)) - e2b10f42-ed4b-4300-a7cb-c770d2b1b0a2@group-409973C1F9D6: ConfigurationManager, init=-1: [e2b10f42-ed4b-4300-a7cb-c770d2b1b0a2:192.168.30.6:33746], old=null, confs=<EMPTY_MAP>
2019-09-25 11:09:43,381 [pool-645-thread-1] INFO  server.RaftServerConfigKeys (ConfUtils.java:logGet(43)) - raft.server.storage.dir = [/workdir/hadoop-ozone/integration-test/target/test-dir/MiniOzoneClusterImpl-d8e1effc-caf9-4828-b7f0-59ad57edb745/datanode-6/data/ratis] (custom)
2019-09-25 11:09:43,382 [pool-645-thread-1] INFO  storage.RaftStorageDirectory (RaftStorageDirectory.java:analyzeStorage(246)) - The storage directory /workdir/hadoop-ozone/integration-test/target/test-dir/MiniOzoneClusterImpl-d8e1effc-caf9-4828-b7f0-59ad57edb745/datanode-6/data/ratis/edebc749-97b0-43ef-9ee1-409973c1f9d6 does not exist. Creating ...
2019-09-25 11:09:43,390 [pool-645-thread-1] INFO  storage.RaftStorageDirectory (RaftStorageDirectory.java:tryLock(328)) - Lock on /workdir/hadoop-ozone/integration-test/target/test-dir/MiniOzoneClusterImpl-d8e1effc-caf9-4828-b7f0-59ad57edb745/datanode-6/data/ratis/edebc749-97b0-43ef-9ee1-409973c1f9d6/in_use.lock acquired by nodename 21763@pr-hdds-1569-5gmkr-4255264070
2019-09-25 11:09:43,403 [pool-645-thread-1] INFO  storage.RaftStorage (RaftStorage.java:format(72)) - Storage directory /workdir/hadoop-ozone/integration-test/target/test-dir/MiniOzoneClusterImpl-d8e1effc-caf9-4828-b7f0-59ad57edb745/datanode-6/data/ratis/edebc749-97b0-43ef-9ee1-409973c1f9d6 has been successfully formatted.
2019-09-25 11:09:43,403 [pool-645-thread-1] INFO  ratis.ContainerStateMachine (ContainerStateMachine.java:loadSnapshot(230)) - group-409973C1F9D6: The snapshot info is null. Setting the last applied indexto:(t:0, i:~)
2019-09-25 11:09:43,404 [pool-645-thread-1] INFO  server.RaftServerConfigKeys (ConfUtils.java:logGet(43)) - raft.server.notification.no-leader.timeout = 120s (custom)
2019-09-25 11:09:43,404 [pool-645-thread-1] INFO  server.RaftServerConfigKeys (ConfUtils.java:logGet(43)) - raft.server.log.use.memory = false (default)
2019-09-25 11:09:43,404 [pool-645-thread-1] INFO  server.RaftServerConfigKeys (ConfUtils.java:logGet(43)) - raft.server.log.purge.gap = 1000000 (custom)
2019-09-25 11:09:43,404 [pool-645-thread-1] INFO  server.RaftServerConfigKeys (ConfUtils.java:logGet(43)) - raft.server.log.appender.buffer.byte-limit = 33554432 (custom)
2019-09-25 11:09:43,404 [pool-645-thread-1] INFO  server.RaftServerConfigKeys (ConfUtils.java:logGet(43)) - raft.server.log.segment.size.max = 1048576 (custom)
2019-09-25 11:09:43,405 [pool-645-thread-1] INFO  server.RaftServerConfigKeys (ConfUtils.java:logGet(43)) - raft.server.log.segment.cache.num.max = 2 (custom)
2019-09-25 11:09:43,405 [pool-645-thread-1] INFO  segmented.SegmentedRaftLogWorker (SegmentedRaftLogWorker.java:<init>(172)) - new e2b10f42-ed4b-4300-a7cb-c770d2b1b0a2@group-409973C1F9D6-SegmentedRaftLogWorker for RaftStorage:Storage Directory /workdir/hadoop-ozone/integration-test/target/test-dir/MiniOzoneClusterImpl-d8e1effc-caf9-4828-b7f0-59ad57edb745/datanode-6/data/ratis/edebc749-97b0-43ef-9ee1-409973c1f9d6
2019-09-25 11:09:43,407 [pool-645-thread-1] INFO  server.RaftServerConfigKeys (ConfUtils.java:logGet(43)) - raft.server.log.queue.byte-limit = 2147483647 (custom)
2019-09-25 11:09:43,407 [pool-645-thread-1] INFO  server.RaftServerConfigKeys (ConfUtils.java:logGet(43)) - raft.server.log.queue.element-limit = 1024 (custom)
2019-09-25 11:09:43,407 [pool-645-thread-1] INFO  server.RaftServerConfigKeys (ConfUtils.java:logGet(43)) - raft.server.log.segment.size.max = 1048576 (custom)
2019-09-25 11:09:43,407 [pool-645-thread-1] INFO  server.RaftServerConfigKeys (ConfUtils.java:logGet(43)) - raft.server.log.preallocated.size = 16384 (custom)
2019-09-25 11:09:43,407 [pool-645-thread-1] INFO  server.RaftServerConfigKeys (ConfUtils.java:logGet(43)) - raft.server.log.write.buffer.size = 33554432 (custom)
2019-09-25 11:09:43,408 [pool-645-thread-1] INFO  server.RaftServerConfigKeys (ConfUtils.java:logGet(43)) - raft.server.log.force.sync.num = 128 (default)
2019-09-25 11:09:43,408 [pool-645-thread-1] INFO  server.RaftServerConfigKeys (ConfUtils.java:logGet(43)) - raft.server.log.statemachine.data.sync = true (default)
2019-09-25 11:09:43,408 [pool-645-thread-1] INFO  server.RaftServerConfigKeys (ConfUtils.java:logGet(43)) - raft.server.log.statemachine.data.sync.timeout = 10s (default)
2019-09-25 11:09:43,408 [pool-645-thread-1] INFO  server.RaftServerConfigKeys (ConfUtils.java:logGet(43)) - raft.server.log.statemachine.data.sync.timeout.retry = -1 (default)
2019-09-25 11:09:43,408 [pool-645-thread-1] INFO  server.RaftServerConfigKeys (ConfUtils.java:logGet(43)) - raft.server.log.statemachine.data.caching.enabled = true (custom)
2019-09-25 11:09:43,409 [pool-645-thread-1] INFO  segmented.SegmentedRaftLogWorker (SegmentedRaftLogWorker.java:lambda$new$0(132)) - e2b10f42-ed4b-4300-a7cb-c770d2b1b0a2@group-409973C1F9D6-SegmentedRaftLogWorker: flushIndex: setUnconditionally 0 -> -1
2019-09-25 11:09:43,409 [pool-645-thread-1] INFO  server.RaftServerConfigKeys (ConfUtils.java:logGet(43)) - raft.server.snapshot.auto.trigger.enabled = true (custom)
2019-09-25 11:09:43,409 [pool-645-thread-1] INFO  server.RaftServerConfigKeys (ConfUtils.java:logGet(43)) - raft.server.snapshot.auto.trigger.threshold = 10000 (custom)
2019-09-25 11:09:43,409 [pool-645-thread-1] INFO  server.RaftServerConfigKeys (ConfUtils.java:logGet(43)) - raft.server.snapshot.retention.num.files = 5 (custom)
2019-09-25 11:09:43,410 [pool-645-thread-1] INFO  server.RaftServerConfigKeys (ConfUtils.java:logGet(43)) - raft.server.retrycache.expirytime = 600000ms (custom)
2019-09-25 11:09:43,411 [pool-645-thread-1] INFO  impl.RaftServerImpl (RaftServerImpl.java:start(185)) - e2b10f42-ed4b-4300-a7cb-c770d2b1b0a2@group-409973C1F9D6: start as a follower, conf=-1: [e2b10f42-ed4b-4300-a7cb-c770d2b1b0a2:192.168.30.6:33746], old=null
2019-09-25 11:09:43,411 [pool-645-thread-1] INFO  impl.RaftServerImpl (RaftServerImpl.java:setRole(174)) - e2b10f42-ed4b-4300-a7cb-c770d2b1b0a2@group-409973C1F9D6: changes role from      null to FOLLOWER at term 0 for startAsFollower
2019-09-25 11:09:43,412 [pool-645-thread-1] INFO  impl.RoleInfo (RoleInfo.java:updateAndGet(143)) - e2b10f42-ed4b-4300-a7cb-c770d2b1b0a2: start FollowerState
2019-09-25 11:09:43,412 [pool-645-thread-1] INFO  util.JmxRegister (JmxRegister.java:tryRegister(44)) - Successfully registered JMX Bean with object name Ratis:service=RaftServer,group=group-409973C1F9D6,id=e2b10f42-ed4b-4300-a7cb-c770d2b1b0a2
2019-09-25 11:09:43,414 [RatisPipelineUtilsThread] INFO  pipeline.PipelineStateManager (PipelineStateManager.java:addPipeline(56)) - Created pipeline Pipeline[ Id: edebc749-97b0-43ef-9ee1-409973c1f9d6, Nodes: e2b10f42-ed4b-4300-a7cb-c770d2b1b0a2{ip: 192.168.30.6, host: pr-hdds-1569-5gmkr-4255264070, networkLocation: /default-rack, certSerialId: null}, Type:RATIS, Factor:ONE, State:OPEN]
2019-09-25 11:09:43,414 [RatisPipelineUtilsThread] INFO  pipeline.PipelinePlacementPolicy (PipelinePlacementPolicy.java:meetCriteria(91)) - Pipeline Placement: can't place more pipeline on heavy datanode： 6b5841ea-ab37-40e7-b4af-848a53246ff5 Heaviness: 6 limit: 5
2019-09-25 11:09:43,418 [grpc-default-executor-1] INFO  impl.RaftServerProxy (RaftServerProxy.java:addNew(89)) - 07e899c7-9b65-45ad-afd5-2a504e2891bf: addNew group-8594F3DFDB7C:[07e899c7-9b65-45ad-afd5-2a504e2891bf:192.168.30.6:43313] returns group-8594F3DFDB7C:java.util.concurrent.CompletableFuture@3b29dbc9[Not completed]
2019-09-25 11:09:43,418 [pool-605-thread-1] INFO  impl.RaftServerImpl (RaftServerImpl.java:<init>(95)) - 07e899c7-9b65-45ad-afd5-2a504e2891bf: new RaftServerImpl for group-8594F3DFDB7C:[07e899c7-9b65-45ad-afd5-2a504e2891bf:192.168.30.6:43313] with ContainerStateMachine:uninitialized
2019-09-25 11:09:43,419 [pool-605-thread-1] INFO  server.RaftServerConfigKeys (ConfUtils.java:logGet(43)) - raft.server.rpc.timeout.min = 5s (custom)
2019-09-25 11:09:43,419 [pool-605-thread-1] INFO  server.RaftServerConfigKeys (ConfUtils.java:logGet(43)) - raft.server.rpc.timeout.max = 5200ms (custom)
2019-09-25 11:09:43,419 [pool-605-thread-1] INFO  server.RaftServerConfigKeys (ConfUtils.java:logGet(43)) - raft.server.rpcslowness.timeout = 120s (custom)
2019-09-25 11:09:43,419 [pool-605-thread-1] INFO  server.RaftServerConfigKeys (ConfUtils.java:logGet(43)) - raft.server.sleep.deviation.threshold = 300 (default)
2019-09-25 11:09:43,419 [pool-605-thread-1] INFO  server.RaftServerConfigKeys (ConfUtils.java:logGet(43)) - raft.server.log.appender.install.snapshot.enabled = false (custom)
2019-09-25 11:09:43,419 [pool-605-thread-1] INFO  impl.RaftServerImpl (ServerState.java:<init>(103)) - 07e899c7-9b65-45ad-afd5-2a504e2891bf@group-8594F3DFDB7C: ConfigurationManager, init=-1: [07e899c7-9b65-45ad-afd5-2a504e2891bf:192.168.30.6:43313], old=null, confs=<EMPTY_MAP>
2019-09-25 11:09:43,419 [pool-605-thread-1] INFO  server.RaftServerConfigKeys (ConfUtils.java:logGet(43)) - raft.server.storage.dir = [/workdir/hadoop-ozone/integration-test/target/test-dir/MiniOzoneClusterImpl-d8e1effc-caf9-4828-b7f0-59ad57edb745/datanode-2/data/ratis] (custom)
2019-09-25 11:09:43,420 [pool-605-thread-1] INFO  storage.RaftStorageDirectory (RaftStorageDirectory.java:analyzeStorage(246)) - The storage directory /workdir/hadoop-ozone/integration-test/target/test-dir/MiniOzoneClusterImpl-d8e1effc-caf9-4828-b7f0-59ad57edb745/datanode-2/data/ratis/819e627d-c618-44fa-b545-8594f3dfdb7c does not exist. Creating ...
2019-09-25 11:09:43,429 [pool-605-thread-1] INFO  storage.RaftStorageDirectory (RaftStorageDirectory.java:tryLock(328)) - Lock on /workdir/hadoop-ozone/integration-test/target/test-dir/MiniOzoneClusterImpl-d8e1effc-caf9-4828-b7f0-59ad57edb745/datanode-2/data/ratis/819e627d-c618-44fa-b545-8594f3dfdb7c/in_use.lock acquired by nodename 21763@pr-hdds-1569-5gmkr-4255264070
2019-09-25 11:09:43,443 [pool-605-thread-1] INFO  storage.RaftStorage (RaftStorage.java:format(72)) - Storage directory /workdir/hadoop-ozone/integration-test/target/test-dir/MiniOzoneClusterImpl-d8e1effc-caf9-4828-b7f0-59ad57edb745/datanode-2/data/ratis/819e627d-c618-44fa-b545-8594f3dfdb7c has been successfully formatted.
2019-09-25 11:09:43,443 [pool-605-thread-1] INFO  ratis.ContainerStateMachine (ContainerStateMachine.java:loadSnapshot(230)) - group-8594F3DFDB7C: The snapshot info is null. Setting the last applied indexto:(t:0, i:~)
2019-09-25 11:09:43,443 [pool-605-thread-1] INFO  server.RaftServerConfigKeys (ConfUtils.java:logGet(43)) - raft.server.notification.no-leader.timeout = 120s (custom)
2019-09-25 11:09:43,443 [pool-605-thread-1] INFO  server.RaftServerConfigKeys (ConfUtils.java:logGet(43)) - raft.server.log.use.memory = false (default)
2019-09-25 11:09:43,443 [pool-605-thread-1] INFO  server.RaftServerConfigKeys (ConfUtils.java:logGet(43)) - raft.server.log.purge.gap = 1000000 (custom)
2019-09-25 11:09:43,444 [pool-605-thread-1] INFO  server.RaftServerConfigKeys (ConfUtils.java:logGet(43)) - raft.server.log.appender.buffer.byte-limit = 33554432 (custom)
2019-09-25 11:09:43,444 [pool-605-thread-1] INFO  server.RaftServerConfigKeys (ConfUtils.java:logGet(43)) - raft.server.log.segment.size.max = 1048576 (custom)
2019-09-25 11:09:43,444 [pool-605-thread-1] INFO  server.RaftServerConfigKeys (ConfUtils.java:logGet(43)) - raft.server.log.segment.cache.num.max = 2 (custom)
2019-09-25 11:09:43,444 [pool-605-thread-1] INFO  segmented.SegmentedRaftLogWorker (SegmentedRaftLogWorker.java:<init>(172)) - new 07e899c7-9b65-45ad-afd5-2a504e2891bf@group-8594F3DFDB7C-SegmentedRaftLogWorker for RaftStorage:Storage Directory /workdir/hadoop-ozone/integration-test/target/test-dir/MiniOzoneClusterImpl-d8e1effc-caf9-4828-b7f0-59ad57edb745/datanode-2/data/ratis/819e627d-c618-44fa-b545-8594f3dfdb7c
2019-09-25 11:09:43,444 [pool-605-thread-1] INFO  server.RaftServerConfigKeys (ConfUtils.java:logGet(43)) - raft.server.log.queue.byte-limit = 2147483647 (custom)
2019-09-25 11:09:43,444 [pool-605-thread-1] INFO  server.RaftServerConfigKeys (ConfUtils.java:logGet(43)) - raft.server.log.queue.element-limit = 1024 (custom)
2019-09-25 11:09:43,444 [pool-605-thread-1] INFO  server.RaftServerConfigKeys (ConfUtils.java:logGet(43)) - raft.server.log.segment.size.max = 1048576 (custom)
2019-09-25 11:09:43,444 [pool-605-thread-1] INFO  server.RaftServerConfigKeys (ConfUtils.java:logGet(43)) - raft.server.log.preallocated.size = 16384 (custom)
2019-09-25 11:09:43,445 [pool-605-thread-1] INFO  server.RaftServerConfigKeys (ConfUtils.java:logGet(43)) - raft.server.log.write.buffer.size = 33554432 (custom)
2019-09-25 11:09:43,445 [pool-605-thread-1] INFO  server.RaftServerConfigKeys (ConfUtils.java:logGet(43)) - raft.server.log.force.sync.num = 128 (default)
2019-09-25 11:09:43,445 [pool-605-thread-1] INFO  server.RaftServerConfigKeys (ConfUtils.java:logGet(43)) - raft.server.log.statemachine.data.sync = true (default)
2019-09-25 11:09:43,445 [pool-605-thread-1] INFO  server.RaftServerConfigKeys (ConfUtils.java:logGet(43)) - raft.server.log.statemachine.data.sync.timeout = 10s (default)
2019-09-25 11:09:43,445 [pool-605-thread-1] INFO  server.RaftServerConfigKeys (ConfUtils.java:logGet(43)) - raft.server.log.statemachine.data.sync.timeout.retry = -1 (default)
2019-09-25 11:09:43,445 [pool-605-thread-1] INFO  server.RaftServerConfigKeys (ConfUtils.java:logGet(43)) - raft.server.log.statemachine.data.caching.enabled = true (custom)
2019-09-25 11:09:43,445 [pool-605-thread-1] INFO  segmented.SegmentedRaftLogWorker (SegmentedRaftLogWorker.java:lambda$new$0(132)) - 07e899c7-9b65-45ad-afd5-2a504e2891bf@group-8594F3DFDB7C-SegmentedRaftLogWorker: flushIndex: setUnconditionally 0 -> -1
2019-09-25 11:09:43,446 [pool-605-thread-1] INFO  server.RaftServerConfigKeys (ConfUtils.java:logGet(43)) - raft.server.snapshot.auto.trigger.enabled = true (custom)
2019-09-25 11:09:43,446 [pool-605-thread-1] INFO  server.RaftServerConfigKeys (ConfUtils.java:logGet(43)) - raft.server.snapshot.auto.trigger.threshold = 10000 (custom)
2019-09-25 11:09:43,446 [pool-605-thread-1] INFO  server.RaftServerConfigKeys (ConfUtils.java:logGet(43)) - raft.server.snapshot.retention.num.files = 5 (custom)
2019-09-25 11:09:43,446 [pool-605-thread-1] INFO  server.RaftServerConfigKeys (ConfUtils.java:logGet(43)) - raft.server.retrycache.expirytime = 600000ms (custom)
2019-09-25 11:09:43,447 [pool-605-thread-1] INFO  impl.RaftServerImpl (RaftServerImpl.java:start(185)) - 07e899c7-9b65-45ad-afd5-2a504e2891bf@group-8594F3DFDB7C: start as a follower, conf=-1: [07e899c7-9b65-45ad-afd5-2a504e2891bf:192.168.30.6:43313], old=null
2019-09-25 11:09:43,447 [pool-605-thread-1] INFO  impl.RaftServerImpl (RaftServerImpl.java:setRole(174)) - 07e899c7-9b65-45ad-afd5-2a504e2891bf@group-8594F3DFDB7C: changes role from      null to FOLLOWER at term 0 for startAsFollower
2019-09-25 11:09:43,448 [pool-605-thread-1] INFO  impl.RoleInfo (RoleInfo.java:updateAndGet(143)) - 07e899c7-9b65-45ad-afd5-2a504e2891bf: start FollowerState
2019-09-25 11:09:43,448 [pool-605-thread-1] INFO  util.JmxRegister (JmxRegister.java:tryRegister(44)) - Successfully registered JMX Bean with object name Ratis:service=RaftServer,group=group-8594F3DFDB7C,id=07e899c7-9b65-45ad-afd5-2a504e2891bf
2019-09-25 11:09:43,450 [RatisPipelineUtilsThread] INFO  pipeline.PipelineStateManager (PipelineStateManager.java:addPipeline(56)) - Created pipeline Pipeline[ Id: 819e627d-c618-44fa-b545-8594f3dfdb7c, Nodes: 07e899c7-9b65-45ad-afd5-2a504e2891bf{ip: 192.168.30.6, host: pr-hdds-1569-5gmkr-4255264070, networkLocation: /default-rack, certSerialId: null}, Type:RATIS, Factor:ONE, State:OPEN]
2019-09-25 11:09:43,450 [RatisPipelineUtilsThread] INFO  pipeline.PipelinePlacementPolicy (PipelinePlacementPolicy.java:meetCriteria(91)) - Pipeline Placement: can't place more pipeline on heavy datanode： 6b5841ea-ab37-40e7-b4af-848a53246ff5 Heaviness: 6 limit: 5
2019-09-25 11:09:43,458 [grpc-default-executor-1] INFO  impl.RaftServerProxy (RaftServerProxy.java:addNew(89)) - 9c4ccc43-f5ac-4960-a511-a1ff33ec0d19: addNew group-EF713B4182C4:[9c4ccc43-f5ac-4960-a511-a1ff33ec0d19:192.168.30.6:45264] returns group-EF713B4182C4:java.util.concurrent.CompletableFuture@2112243d[Not completed]
2019-09-25 11:09:43,459 [pool-625-thread-1] INFO  impl.RaftServerImpl (RaftServerImpl.java:<init>(95)) - 9c4ccc43-f5ac-4960-a511-a1ff33ec0d19: new RaftServerImpl for group-EF713B4182C4:[9c4ccc43-f5ac-4960-a511-a1ff33ec0d19:192.168.30.6:45264] with ContainerStateMachine:uninitialized
2019-09-25 11:09:43,459 [pool-625-thread-1] INFO  server.RaftServerConfigKeys (ConfUtils.java:logGet(43)) - raft.server.rpc.timeout.min = 5s (custom)
2019-09-25 11:09:43,459 [pool-625-thread-1] INFO  server.RaftServerConfigKeys (ConfUtils.java:logGet(43)) - raft.server.rpc.timeout.max = 5200ms (custom)
2019-09-25 11:09:43,459 [pool-625-thread-1] INFO  server.RaftServerConfigKeys (ConfUtils.java:logGet(43)) - raft.server.rpcslowness.timeout = 120s (custom)
2019-09-25 11:09:43,459 [pool-625-thread-1] INFO  server.RaftServerConfigKeys (ConfUtils.java:logGet(43)) - raft.server.sleep.deviation.threshold = 300 (default)
2019-09-25 11:09:43,459 [pool-625-thread-1] INFO  server.RaftServerConfigKeys (ConfUtils.java:logGet(43)) - raft.server.log.appender.install.snapshot.enabled = false (custom)
2019-09-25 11:09:43,459 [pool-625-thread-1] INFO  impl.RaftServerImpl (ServerState.java:<init>(103)) - 9c4ccc43-f5ac-4960-a511-a1ff33ec0d19@group-EF713B4182C4: ConfigurationManager, init=-1: [9c4ccc43-f5ac-4960-a511-a1ff33ec0d19:192.168.30.6:45264], old=null, confs=<EMPTY_MAP>
2019-09-25 11:09:43,460 [pool-625-thread-1] INFO  server.RaftServerConfigKeys (ConfUtils.java:logGet(43)) - raft.server.storage.dir = [/workdir/hadoop-ozone/integration-test/target/test-dir/MiniOzoneClusterImpl-d8e1effc-caf9-4828-b7f0-59ad57edb745/datanode-4/data/ratis] (custom)
2019-09-25 11:09:43,460 [pool-625-thread-1] INFO  storage.RaftStorageDirectory (RaftStorageDirectory.java:analyzeStorage(246)) - The storage directory /workdir/hadoop-ozone/integration-test/target/test-dir/MiniOzoneClusterImpl-d8e1effc-caf9-4828-b7f0-59ad57edb745/datanode-4/data/ratis/dda89f1f-3add-4cf4-9e63-ef713b4182c4 does not exist. Creating ...
2019-09-25 11:09:43,466 [pool-625-thread-1] INFO  storage.RaftStorageDirectory (RaftStorageDirectory.java:tryLock(328)) - Lock on /workdir/hadoop-ozone/integration-test/target/test-dir/MiniOzoneClusterImpl-d8e1effc-caf9-4828-b7f0-59ad57edb745/datanode-4/data/ratis/dda89f1f-3add-4cf4-9e63-ef713b4182c4/in_use.lock acquired by nodename 21763@pr-hdds-1569-5gmkr-4255264070
2019-09-25 11:09:43,480 [pool-625-thread-1] INFO  storage.RaftStorage (RaftStorage.java:format(72)) - Storage directory /workdir/hadoop-ozone/integration-test/target/test-dir/MiniOzoneClusterImpl-d8e1effc-caf9-4828-b7f0-59ad57edb745/datanode-4/data/ratis/dda89f1f-3add-4cf4-9e63-ef713b4182c4 has been successfully formatted.
2019-09-25 11:09:43,480 [pool-625-thread-1] INFO  ratis.ContainerStateMachine (ContainerStateMachine.java:loadSnapshot(230)) - group-EF713B4182C4: The snapshot info is null. Setting the last applied indexto:(t:0, i:~)
2019-09-25 11:09:43,480 [pool-625-thread-1] INFO  server.RaftServerConfigKeys (ConfUtils.java:logGet(43)) - raft.server.notification.no-leader.timeout = 120s (custom)
2019-09-25 11:09:43,480 [pool-625-thread-1] INFO  server.RaftServerConfigKeys (ConfUtils.java:logGet(43)) - raft.server.log.use.memory = false (default)
2019-09-25 11:09:43,480 [pool-625-thread-1] INFO  server.RaftServerConfigKeys (ConfUtils.java:logGet(43)) - raft.server.log.purge.gap = 1000000 (custom)
2019-09-25 11:09:43,480 [pool-625-thread-1] INFO  server.RaftServerConfigKeys (ConfUtils.java:logGet(43)) - raft.server.log.appender.buffer.byte-limit = 33554432 (custom)
2019-09-25 11:09:43,481 [pool-625-thread-1] INFO  server.RaftServerConfigKeys (ConfUtils.java:logGet(43)) - raft.server.log.segment.size.max = 1048576 (custom)
2019-09-25 11:09:43,481 [pool-625-thread-1] INFO  server.RaftServerConfigKeys (ConfUtils.java:logGet(43)) - raft.server.log.segment.cache.num.max = 2 (custom)
2019-09-25 11:09:43,481 [pool-625-thread-1] INFO  segmented.SegmentedRaftLogWorker (SegmentedRaftLogWorker.java:<init>(172)) - new 9c4ccc43-f5ac-4960-a511-a1ff33ec0d19@group-EF713B4182C4-SegmentedRaftLogWorker for RaftStorage:Storage Directory /workdir/hadoop-ozone/integration-test/target/test-dir/MiniOzoneClusterImpl-d8e1effc-caf9-4828-b7f0-59ad57edb745/datanode-4/data/ratis/dda89f1f-3add-4cf4-9e63-ef713b4182c4
2019-09-25 11:09:43,482 [pool-625-thread-1] INFO  server.RaftServerConfigKeys (ConfUtils.java:logGet(43)) - raft.server.log.queue.byte-limit = 2147483647 (custom)
2019-09-25 11:09:43,482 [pool-625-thread-1] INFO  server.RaftServerConfigKeys (ConfUtils.java:logGet(43)) - raft.server.log.queue.element-limit = 1024 (custom)
2019-09-25 11:09:43,482 [pool-625-thread-1] INFO  server.RaftServerConfigKeys (ConfUtils.java:logGet(43)) - raft.server.log.segment.size.max = 1048576 (custom)
2019-09-25 11:09:43,483 [pool-625-thread-1] INFO  server.RaftServerConfigKeys (ConfUtils.java:logGet(43)) - raft.server.log.preallocated.size = 16384 (custom)
2019-09-25 11:09:43,483 [pool-625-thread-1] INFO  server.RaftServerConfigKeys (ConfUtils.java:logGet(43)) - raft.server.log.write.buffer.size = 33554432 (custom)
2019-09-25 11:09:43,483 [pool-625-thread-1] INFO  server.RaftServerConfigKeys (ConfUtils.java:logGet(43)) - raft.server.log.force.sync.num = 128 (default)
2019-09-25 11:09:43,483 [pool-625-thread-1] INFO  server.RaftServerConfigKeys (ConfUtils.java:logGet(43)) - raft.server.log.statemachine.data.sync = true (default)
2019-09-25 11:09:43,483 [pool-625-thread-1] INFO  server.RaftServerConfigKeys (ConfUtils.java:logGet(43)) - raft.server.log.statemachine.data.sync.timeout = 10s (default)
2019-09-25 11:09:43,483 [pool-625-thread-1] INFO  server.RaftServerConfigKeys (ConfUtils.java:logGet(43)) - raft.server.log.statemachine.data.sync.timeout.retry = -1 (default)
2019-09-25 11:09:43,483 [pool-625-thread-1] INFO  server.RaftServerConfigKeys (ConfUtils.java:logGet(43)) - raft.server.log.statemachine.data.caching.enabled = true (custom)
2019-09-25 11:09:43,484 [pool-625-thread-1] INFO  segmented.SegmentedRaftLogWorker (SegmentedRaftLogWorker.java:lambda$new$0(132)) - 9c4ccc43-f5ac-4960-a511-a1ff33ec0d19@group-EF713B4182C4-SegmentedRaftLogWorker: flushIndex: setUnconditionally 0 -> -1
2019-09-25 11:09:43,484 [pool-625-thread-1] INFO  server.RaftServerConfigKeys (ConfUtils.java:logGet(43)) - raft.server.snapshot.auto.trigger.enabled = true (custom)
2019-09-25 11:09:43,484 [pool-625-thread-1] INFO  server.RaftServerConfigKeys (ConfUtils.java:logGet(43)) - raft.server.snapshot.auto.trigger.threshold = 10000 (custom)
2019-09-25 11:09:43,484 [pool-625-thread-1] INFO  server.RaftServerConfigKeys (ConfUtils.java:logGet(43)) - raft.server.snapshot.retention.num.files = 5 (custom)
2019-09-25 11:09:43,484 [pool-625-thread-1] INFO  server.RaftServerConfigKeys (ConfUtils.java:logGet(43)) - raft.server.retrycache.expirytime = 600000ms (custom)
2019-09-25 11:09:43,485 [pool-625-thread-1] INFO  impl.RaftServerImpl (RaftServerImpl.java:start(185)) - 9c4ccc43-f5ac-4960-a511-a1ff33ec0d19@group-EF713B4182C4: start as a follower, conf=-1: [9c4ccc43-f5ac-4960-a511-a1ff33ec0d19:192.168.30.6:45264], old=null
2019-09-25 11:09:43,485 [pool-625-thread-1] INFO  impl.RaftServerImpl (RaftServerImpl.java:setRole(174)) - 9c4ccc43-f5ac-4960-a511-a1ff33ec0d19@group-EF713B4182C4: changes role from      null to FOLLOWER at term 0 for startAsFollower
2019-09-25 11:09:43,486 [pool-625-thread-1] INFO  impl.RoleInfo (RoleInfo.java:updateAndGet(143)) - 9c4ccc43-f5ac-4960-a511-a1ff33ec0d19: start FollowerState
2019-09-25 11:09:43,486 [pool-625-thread-1] INFO  util.JmxRegister (JmxRegister.java:tryRegister(44)) - Successfully registered JMX Bean with object name Ratis:service=RaftServer,group=group-EF713B4182C4,id=9c4ccc43-f5ac-4960-a511-a1ff33ec0d19
2019-09-25 11:09:43,488 [RatisPipelineUtilsThread] INFO  pipeline.PipelineStateManager (PipelineStateManager.java:addPipeline(56)) - Created pipeline Pipeline[ Id: dda89f1f-3add-4cf4-9e63-ef713b4182c4, Nodes: 9c4ccc43-f5ac-4960-a511-a1ff33ec0d19{ip: 192.168.30.6, host: pr-hdds-1569-5gmkr-4255264070, networkLocation: /default-rack, certSerialId: null}, Type:RATIS, Factor:ONE, State:OPEN]
2019-09-25 11:09:43,488 [RatisPipelineUtilsThread] INFO  pipeline.PipelinePlacementPolicy (PipelinePlacementPolicy.java:meetCriteria(91)) - Pipeline Placement: can't place more pipeline on heavy datanode： 6b5841ea-ab37-40e7-b4af-848a53246ff5 Heaviness: 6 limit: 5
2019-09-25 11:09:43,491 [grpc-default-executor-1] INFO  impl.RaftServerProxy (RaftServerProxy.java:addNew(89)) - deee6178-b1f5-49c6-a192-edc1bfc8677d: addNew group-83411F33F957:[deee6178-b1f5-49c6-a192-edc1bfc8677d:192.168.30.6:37193] returns group-83411F33F957:java.util.concurrent.CompletableFuture@43e9bbf0[Not completed]
2019-09-25 11:09:43,492 [pool-595-thread-1] INFO  impl.RaftServerImpl (RaftServerImpl.java:<init>(95)) - deee6178-b1f5-49c6-a192-edc1bfc8677d: new RaftServerImpl for group-83411F33F957:[deee6178-b1f5-49c6-a192-edc1bfc8677d:192.168.30.6:37193] with ContainerStateMachine:uninitialized
2019-09-25 11:09:43,492 [pool-595-thread-1] INFO  server.RaftServerConfigKeys (ConfUtils.java:logGet(43)) - raft.server.rpc.timeout.min = 5s (custom)
2019-09-25 11:09:43,492 [pool-595-thread-1] INFO  server.RaftServerConfigKeys (ConfUtils.java:logGet(43)) - raft.server.rpc.timeout.max = 5200ms (custom)
2019-09-25 11:09:43,492 [pool-595-thread-1] INFO  server.RaftServerConfigKeys (ConfUtils.java:logGet(43)) - raft.server.rpcslowness.timeout = 120s (custom)
2019-09-25 11:09:43,492 [pool-595-thread-1] INFO  server.RaftServerConfigKeys (ConfUtils.java:logGet(43)) - raft.server.sleep.deviation.threshold = 300 (default)
2019-09-25 11:09:43,492 [pool-595-thread-1] INFO  server.RaftServerConfigKeys (ConfUtils.java:logGet(43)) - raft.server.log.appender.install.snapshot.enabled = false (custom)
2019-09-25 11:09:43,492 [pool-595-thread-1] INFO  impl.RaftServerImpl (ServerState.java:<init>(103)) - deee6178-b1f5-49c6-a192-edc1bfc8677d@group-83411F33F957: ConfigurationManager, init=-1: [deee6178-b1f5-49c6-a192-edc1bfc8677d:192.168.30.6:37193], old=null, confs=<EMPTY_MAP>
2019-09-25 11:09:43,492 [pool-595-thread-1] INFO  server.RaftServerConfigKeys (ConfUtils.java:logGet(43)) - raft.server.storage.dir = [/workdir/hadoop-ozone/integration-test/target/test-dir/MiniOzoneClusterImpl-d8e1effc-caf9-4828-b7f0-59ad57edb745/datanode-1/data/ratis] (custom)
2019-09-25 11:09:43,493 [pool-595-thread-1] INFO  storage.RaftStorageDirectory (RaftStorageDirectory.java:analyzeStorage(246)) - The storage directory /workdir/hadoop-ozone/integration-test/target/test-dir/MiniOzoneClusterImpl-d8e1effc-caf9-4828-b7f0-59ad57edb745/datanode-1/data/ratis/a23d79d1-6d61-4dd8-8960-83411f33f957 does not exist. Creating ...
2019-09-25 11:09:43,519 [pool-595-thread-1] INFO  storage.RaftStorageDirectory (RaftStorageDirectory.java:tryLock(328)) - Lock on /workdir/hadoop-ozone/integration-test/target/test-dir/MiniOzoneClusterImpl-d8e1effc-caf9-4828-b7f0-59ad57edb745/datanode-1/data/ratis/a23d79d1-6d61-4dd8-8960-83411f33f957/in_use.lock acquired by nodename 21763@pr-hdds-1569-5gmkr-4255264070
2019-09-25 11:09:43,533 [pool-595-thread-1] INFO  storage.RaftStorage (RaftStorage.java:format(72)) - Storage directory /workdir/hadoop-ozone/integration-test/target/test-dir/MiniOzoneClusterImpl-d8e1effc-caf9-4828-b7f0-59ad57edb745/datanode-1/data/ratis/a23d79d1-6d61-4dd8-8960-83411f33f957 has been successfully formatted.
2019-09-25 11:09:43,533 [pool-595-thread-1] INFO  ratis.ContainerStateMachine (ContainerStateMachine.java:loadSnapshot(230)) - group-83411F33F957: The snapshot info is null. Setting the last applied indexto:(t:0, i:~)
2019-09-25 11:09:43,533 [pool-595-thread-1] INFO  server.RaftServerConfigKeys (ConfUtils.java:logGet(43)) - raft.server.notification.no-leader.timeout = 120s (custom)
2019-09-25 11:09:43,533 [pool-595-thread-1] INFO  server.RaftServerConfigKeys (ConfUtils.java:logGet(43)) - raft.server.log.use.memory = false (default)
2019-09-25 11:09:43,533 [pool-595-thread-1] INFO  server.RaftServerConfigKeys (ConfUtils.java:logGet(43)) - raft.server.log.purge.gap = 1000000 (custom)
2019-09-25 11:09:43,533 [pool-595-thread-1] INFO  server.RaftServerConfigKeys (ConfUtils.java:logGet(43)) - raft.server.log.appender.buffer.byte-limit = 33554432 (custom)
2019-09-25 11:09:43,533 [pool-595-thread-1] INFO  server.RaftServerConfigKeys (ConfUtils.java:logGet(43)) - raft.server.log.segment.size.max = 1048576 (custom)
2019-09-25 11:09:43,534 [pool-595-thread-1] INFO  server.RaftServerConfigKeys (ConfUtils.java:logGet(43)) - raft.server.log.segment.cache.num.max = 2 (custom)
2019-09-25 11:09:43,534 [pool-595-thread-1] INFO  segmented.SegmentedRaftLogWorker (SegmentedRaftLogWorker.java:<init>(172)) - new deee6178-b1f5-49c6-a192-edc1bfc8677d@group-83411F33F957-SegmentedRaftLogWorker for RaftStorage:Storage Directory /workdir/hadoop-ozone/integration-test/target/test-dir/MiniOzoneClusterImpl-d8e1effc-caf9-4828-b7f0-59ad57edb745/datanode-1/data/ratis/a23d79d1-6d61-4dd8-8960-83411f33f957
2019-09-25 11:09:43,534 [pool-595-thread-1] INFO  server.RaftServerConfigKeys (ConfUtils.java:logGet(43)) - raft.server.log.queue.byte-limit = 2147483647 (custom)
2019-09-25 11:09:43,534 [pool-595-thread-1] INFO  server.RaftServerConfigKeys (ConfUtils.java:logGet(43)) - raft.server.log.queue.element-limit = 1024 (custom)
2019-09-25 11:09:43,534 [pool-595-thread-1] INFO  server.RaftServerConfigKeys (ConfUtils.java:logGet(43)) - raft.server.log.segment.size.max = 1048576 (custom)
2019-09-25 11:09:43,534 [pool-595-thread-1] INFO  server.RaftServerConfigKeys (ConfUtils.java:logGet(43)) - raft.server.log.preallocated.size = 16384 (custom)
2019-09-25 11:09:43,534 [pool-595-thread-1] INFO  server.RaftServerConfigKeys (ConfUtils.java:logGet(43)) - raft.server.log.write.buffer.size = 33554432 (custom)
2019-09-25 11:09:43,534 [pool-595-thread-1] INFO  server.RaftServerConfigKeys (ConfUtils.java:logGet(43)) - raft.server.log.force.sync.num = 128 (default)
2019-09-25 11:09:43,534 [pool-595-thread-1] INFO  server.RaftServerConfigKeys (ConfUtils.java:logGet(43)) - raft.server.log.statemachine.data.sync = true (default)
2019-09-25 11:09:43,535 [pool-595-thread-1] INFO  server.RaftServerConfigKeys (ConfUtils.java:logGet(43)) - raft.server.log.statemachine.data.sync.timeout = 10s (default)
2019-09-25 11:09:43,535 [pool-595-thread-1] INFO  server.RaftServerConfigKeys (ConfUtils.java:logGet(43)) - raft.server.log.statemachine.data.sync.timeout.retry = -1 (default)
2019-09-25 11:09:43,535 [pool-595-thread-1] INFO  server.RaftServerConfigKeys (ConfUtils.java:logGet(43)) - raft.server.log.statemachine.data.caching.enabled = true (custom)
2019-09-25 11:09:43,535 [pool-595-thread-1] INFO  segmented.SegmentedRaftLogWorker (SegmentedRaftLogWorker.java:lambda$new$0(132)) - deee6178-b1f5-49c6-a192-edc1bfc8677d@group-83411F33F957-SegmentedRaftLogWorker: flushIndex: setUnconditionally 0 -> -1
2019-09-25 11:09:43,535 [pool-595-thread-1] INFO  server.RaftServerConfigKeys (ConfUtils.java:logGet(43)) - raft.server.snapshot.auto.trigger.enabled = true (custom)
2019-09-25 11:09:43,536 [pool-595-thread-1] INFO  server.RaftServerConfigKeys (ConfUtils.java:logGet(43)) - raft.server.snapshot.auto.trigger.threshold = 10000 (custom)
2019-09-25 11:09:43,536 [pool-595-thread-1] INFO  server.RaftServerConfigKeys (ConfUtils.java:logGet(43)) - raft.server.snapshot.retention.num.files = 5 (custom)
2019-09-25 11:09:43,536 [pool-595-thread-1] INFO  server.RaftServerConfigKeys (ConfUtils.java:logGet(43)) - raft.server.retrycache.expirytime = 600000ms (custom)
2019-09-25 11:09:43,537 [pool-595-thread-1] INFO  impl.RaftServerImpl (RaftServerImpl.java:start(185)) - deee6178-b1f5-49c6-a192-edc1bfc8677d@group-83411F33F957: start as a follower, conf=-1: [deee6178-b1f5-49c6-a192-edc1bfc8677d:192.168.30.6:37193], old=null
2019-09-25 11:09:43,537 [pool-595-thread-1] INFO  impl.RaftServerImpl (RaftServerImpl.java:setRole(174)) - deee6178-b1f5-49c6-a192-edc1bfc8677d@group-83411F33F957: changes role from      null to FOLLOWER at term 0 for startAsFollower
2019-09-25 11:09:43,537 [pool-595-thread-1] INFO  impl.RoleInfo (RoleInfo.java:updateAndGet(143)) - deee6178-b1f5-49c6-a192-edc1bfc8677d: start FollowerState
2019-09-25 11:09:43,537 [pool-595-thread-1] INFO  util.JmxRegister (JmxRegister.java:tryRegister(44)) - Successfully registered JMX Bean with object name Ratis:service=RaftServer,group=group-83411F33F957,id=deee6178-b1f5-49c6-a192-edc1bfc8677d
2019-09-25 11:09:43,539 [RatisPipelineUtilsThread] INFO  pipeline.PipelineStateManager (PipelineStateManager.java:addPipeline(56)) - Created pipeline Pipeline[ Id: a23d79d1-6d61-4dd8-8960-83411f33f957, Nodes: deee6178-b1f5-49c6-a192-edc1bfc8677d{ip: 192.168.30.6, host: pr-hdds-1569-5gmkr-4255264070, networkLocation: /default-rack, certSerialId: null}, Type:RATIS, Factor:ONE, State:OPEN]
2019-09-25 11:09:43,539 [RatisPipelineUtilsThread] INFO  pipeline.PipelinePlacementPolicy (PipelinePlacementPolicy.java:meetCriteria(91)) - Pipeline Placement: can't place more pipeline on heavy datanode： deee6178-b1f5-49c6-a192-edc1bfc8677d Heaviness: 6 limit: 5
2019-09-25 11:09:43,539 [RatisPipelineUtilsThread] INFO  pipeline.PipelinePlacementPolicy (PipelinePlacementPolicy.java:meetCriteria(91)) - Pipeline Placement: can't place more pipeline on heavy datanode： 6b5841ea-ab37-40e7-b4af-848a53246ff5 Heaviness: 6 limit: 5
2019-09-25 11:09:43,542 [grpc-default-executor-1] INFO  impl.RaftServerProxy (RaftServerProxy.java:addNew(89)) - 07e899c7-9b65-45ad-afd5-2a504e2891bf: addNew group-6FC0839AFB76:[07e899c7-9b65-45ad-afd5-2a504e2891bf:192.168.30.6:43313] returns group-6FC0839AFB76:java.util.concurrent.CompletableFuture@52fee925[Not completed]
2019-09-25 11:09:43,543 [pool-605-thread-1] INFO  impl.RaftServerImpl (RaftServerImpl.java:<init>(95)) - 07e899c7-9b65-45ad-afd5-2a504e2891bf: new RaftServerImpl for group-6FC0839AFB76:[07e899c7-9b65-45ad-afd5-2a504e2891bf:192.168.30.6:43313] with ContainerStateMachine:uninitialized
2019-09-25 11:09:43,543 [pool-605-thread-1] INFO  server.RaftServerConfigKeys (ConfUtils.java:logGet(43)) - raft.server.rpc.timeout.min = 5s (custom)
2019-09-25 11:09:43,543 [pool-605-thread-1] INFO  server.RaftServerConfigKeys (ConfUtils.java:logGet(43)) - raft.server.rpc.timeout.max = 5200ms (custom)
2019-09-25 11:09:43,543 [pool-605-thread-1] INFO  server.RaftServerConfigKeys (ConfUtils.java:logGet(43)) - raft.server.rpcslowness.timeout = 120s (custom)
2019-09-25 11:09:43,543 [pool-605-thread-1] INFO  server.RaftServerConfigKeys (ConfUtils.java:logGet(43)) - raft.server.sleep.deviation.threshold = 300 (default)
2019-09-25 11:09:43,544 [pool-605-thread-1] INFO  server.RaftServerConfigKeys (ConfUtils.java:logGet(43)) - raft.server.log.appender.install.snapshot.enabled = false (custom)
2019-09-25 11:09:43,544 [pool-605-thread-1] INFO  impl.RaftServerImpl (ServerState.java:<init>(103)) - 07e899c7-9b65-45ad-afd5-2a504e2891bf@group-6FC0839AFB76: ConfigurationManager, init=-1: [07e899c7-9b65-45ad-afd5-2a504e2891bf:192.168.30.6:43313], old=null, confs=<EMPTY_MAP>
2019-09-25 11:09:43,544 [pool-605-thread-1] INFO  server.RaftServerConfigKeys (ConfUtils.java:logGet(43)) - raft.server.storage.dir = [/workdir/hadoop-ozone/integration-test/target/test-dir/MiniOzoneClusterImpl-d8e1effc-caf9-4828-b7f0-59ad57edb745/datanode-2/data/ratis] (custom)
2019-09-25 11:09:43,544 [pool-605-thread-1] INFO  storage.RaftStorageDirectory (RaftStorageDirectory.java:analyzeStorage(246)) - The storage directory /workdir/hadoop-ozone/integration-test/target/test-dir/MiniOzoneClusterImpl-d8e1effc-caf9-4828-b7f0-59ad57edb745/datanode-2/data/ratis/69b901ff-ab1e-46ac-ab1e-6fc0839afb76 does not exist. Creating ...
2019-09-25 11:09:43,579 [pool-605-thread-1] INFO  storage.RaftStorageDirectory (RaftStorageDirectory.java:tryLock(328)) - Lock on /workdir/hadoop-ozone/integration-test/target/test-dir/MiniOzoneClusterImpl-d8e1effc-caf9-4828-b7f0-59ad57edb745/datanode-2/data/ratis/69b901ff-ab1e-46ac-ab1e-6fc0839afb76/in_use.lock acquired by nodename 21763@pr-hdds-1569-5gmkr-4255264070
2019-09-25 11:09:43,592 [pool-605-thread-1] INFO  storage.RaftStorage (RaftStorage.java:format(72)) - Storage directory /workdir/hadoop-ozone/integration-test/target/test-dir/MiniOzoneClusterImpl-d8e1effc-caf9-4828-b7f0-59ad57edb745/datanode-2/data/ratis/69b901ff-ab1e-46ac-ab1e-6fc0839afb76 has been successfully formatted.
2019-09-25 11:09:43,592 [pool-605-thread-1] INFO  ratis.ContainerStateMachine (ContainerStateMachine.java:loadSnapshot(230)) - group-6FC0839AFB76: The snapshot info is null. Setting the last applied indexto:(t:0, i:~)
2019-09-25 11:09:43,592 [pool-605-thread-1] INFO  server.RaftServerConfigKeys (ConfUtils.java:logGet(43)) - raft.server.notification.no-leader.timeout = 120s (custom)
2019-09-25 11:09:43,592 [pool-605-thread-1] INFO  server.RaftServerConfigKeys (ConfUtils.java:logGet(43)) - raft.server.log.use.memory = false (default)
2019-09-25 11:09:43,592 [pool-605-thread-1] INFO  server.RaftServerConfigKeys (ConfUtils.java:logGet(43)) - raft.server.log.purge.gap = 1000000 (custom)
2019-09-25 11:09:43,592 [pool-605-thread-1] INFO  server.RaftServerConfigKeys (ConfUtils.java:logGet(43)) - raft.server.log.appender.buffer.byte-limit = 33554432 (custom)
2019-09-25 11:09:43,592 [pool-605-thread-1] INFO  server.RaftServerConfigKeys (ConfUtils.java:logGet(43)) - raft.server.log.segment.size.max = 1048576 (custom)
2019-09-25 11:09:43,593 [pool-605-thread-1] INFO  server.RaftServerConfigKeys (ConfUtils.java:logGet(43)) - raft.server.log.segment.cache.num.max = 2 (custom)
2019-09-25 11:09:43,593 [pool-605-thread-1] INFO  segmented.SegmentedRaftLogWorker (SegmentedRaftLogWorker.java:<init>(172)) - new 07e899c7-9b65-45ad-afd5-2a504e2891bf@group-6FC0839AFB76-SegmentedRaftLogWorker for RaftStorage:Storage Directory /workdir/hadoop-ozone/integration-test/target/test-dir/MiniOzoneClusterImpl-d8e1effc-caf9-4828-b7f0-59ad57edb745/datanode-2/data/ratis/69b901ff-ab1e-46ac-ab1e-6fc0839afb76
2019-09-25 11:09:43,593 [pool-605-thread-1] INFO  server.RaftServerConfigKeys (ConfUtils.java:logGet(43)) - raft.server.log.queue.byte-limit = 2147483647 (custom)
2019-09-25 11:09:43,593 [pool-605-thread-1] INFO  server.RaftServerConfigKeys (ConfUtils.java:logGet(43)) - raft.server.log.queue.element-limit = 1024 (custom)
2019-09-25 11:09:43,594 [pool-605-thread-1] INFO  server.RaftServerConfigKeys (ConfUtils.java:logGet(43)) - raft.server.log.segment.size.max = 1048576 (custom)
2019-09-25 11:09:43,594 [pool-605-thread-1] INFO  server.RaftServerConfigKeys (ConfUtils.java:logGet(43)) - raft.server.log.preallocated.size = 16384 (custom)
2019-09-25 11:09:43,594 [main] INFO  ozone.MiniOzoneClusterImpl (MiniOzoneClusterImpl.java:lambda$waitForClusterToBeReady$0(147)) - Cluster is ready. Got 7 of 7 DN Heartbeats.
2019-09-25 11:09:43,594 [pool-605-thread-1] INFO  server.RaftServerConfigKeys (ConfUtils.java:logGet(43)) - raft.server.log.write.buffer.size = 33554432 (custom)
2019-09-25 11:09:43,594 [pool-605-thread-1] INFO  server.RaftServerConfigKeys (ConfUtils.java:logGet(43)) - raft.server.log.force.sync.num = 128 (default)
2019-09-25 11:09:43,594 [pool-605-thread-1] INFO  server.RaftServerConfigKeys (ConfUtils.java:logGet(43)) - raft.server.log.statemachine.data.sync = true (default)
2019-09-25 11:09:43,595 [pool-605-thread-1] INFO  server.RaftServerConfigKeys (ConfUtils.java:logGet(43)) - raft.server.log.statemachine.data.sync.timeout = 10s (default)
2019-09-25 11:09:43,595 [pool-605-thread-1] INFO  server.RaftServerConfigKeys (ConfUtils.java:logGet(43)) - raft.server.log.statemachine.data.sync.timeout.retry = -1 (default)
2019-09-25 11:09:43,595 [pool-605-thread-1] INFO  server.RaftServerConfigKeys (ConfUtils.java:logGet(43)) - raft.server.log.statemachine.data.caching.enabled = true (custom)
2019-09-25 11:09:43,596 [pool-605-thread-1] INFO  segmented.SegmentedRaftLogWorker (SegmentedRaftLogWorker.java:lambda$new$0(132)) - 07e899c7-9b65-45ad-afd5-2a504e2891bf@group-6FC0839AFB76-SegmentedRaftLogWorker: flushIndex: setUnconditionally 0 -> -1
2019-09-25 11:09:43,598 [pool-605-thread-1] INFO  server.RaftServerConfigKeys (ConfUtils.java:logGet(43)) - raft.server.snapshot.auto.trigger.enabled = true (custom)
2019-09-25 11:09:43,598 [pool-605-thread-1] INFO  server.RaftServerConfigKeys (ConfUtils.java:logGet(43)) - raft.server.snapshot.auto.trigger.threshold = 10000 (custom)
2019-09-25 11:09:43,598 [pool-605-thread-1] INFO  server.RaftServerConfigKeys (ConfUtils.java:logGet(43)) - raft.server.snapshot.retention.num.files = 5 (custom)
2019-09-25 11:09:43,599 [pool-605-thread-1] INFO  server.RaftServerConfigKeys (ConfUtils.java:logGet(43)) - raft.server.retrycache.expirytime = 600000ms (custom)
2019-09-25 11:09:43,618 [pool-605-thread-1] INFO  impl.RaftServerImpl (RaftServerImpl.java:start(185)) - 07e899c7-9b65-45ad-afd5-2a504e2891bf@group-6FC0839AFB76: start as a follower, conf=-1: [07e899c7-9b65-45ad-afd5-2a504e2891bf:192.168.30.6:43313], old=null
2019-09-25 11:09:43,619 [pool-605-thread-1] INFO  impl.RaftServerImpl (RaftServerImpl.java:setRole(174)) - 07e899c7-9b65-45ad-afd5-2a504e2891bf@group-6FC0839AFB76: changes role from      null to FOLLOWER at term 0 for startAsFollower
2019-09-25 11:09:43,619 [pool-605-thread-1] INFO  impl.RoleInfo (RoleInfo.java:updateAndGet(143)) - 07e899c7-9b65-45ad-afd5-2a504e2891bf: start FollowerState
2019-09-25 11:09:43,641 [pool-605-thread-1] INFO  util.JmxRegister (JmxRegister.java:tryRegister(44)) - Successfully registered JMX Bean with object name Ratis:service=RaftServer,group=group-6FC0839AFB76,id=07e899c7-9b65-45ad-afd5-2a504e2891bf
2019-09-25 11:09:43,648 [RatisPipelineUtilsThread] INFO  pipeline.PipelineStateManager (PipelineStateManager.java:addPipeline(56)) - Created pipeline Pipeline[ Id: 69b901ff-ab1e-46ac-ab1e-6fc0839afb76, Nodes: 07e899c7-9b65-45ad-afd5-2a504e2891bf{ip: 192.168.30.6, host: pr-hdds-1569-5gmkr-4255264070, networkLocation: /default-rack, certSerialId: null}, Type:RATIS, Factor:ONE, State:OPEN]
2019-09-25 11:09:43,649 [RatisPipelineUtilsThread] INFO  pipeline.PipelinePlacementPolicy (PipelinePlacementPolicy.java:meetCriteria(91)) - Pipeline Placement: can't place more pipeline on heavy datanode： deee6178-b1f5-49c6-a192-edc1bfc8677d Heaviness: 6 limit: 5
2019-09-25 11:09:43,649 [RatisPipelineUtilsThread] INFO  pipeline.PipelinePlacementPolicy (PipelinePlacementPolicy.java:meetCriteria(91)) - Pipeline Placement: can't place more pipeline on heavy datanode： 07e899c7-9b65-45ad-afd5-2a504e2891bf Heaviness: 6 limit: 5
2019-09-25 11:09:43,649 [RatisPipelineUtilsThread] INFO  pipeline.PipelinePlacementPolicy (PipelinePlacementPolicy.java:meetCriteria(91)) - Pipeline Placement: can't place more pipeline on heavy datanode： 6b5841ea-ab37-40e7-b4af-848a53246ff5 Heaviness: 6 limit: 5
2019-09-25 11:09:43,650 [main] INFO  rpc.RpcClient (RpcClient.java:createVolume(276)) - Creating Volume: testblockoutputstream, with jenkins1000 as owner.
2019-09-25 11:09:43,653 [IPC Server handler 3 on 43460] INFO  volume.OMVolumeCreateRequest (OMVolumeCreateRequest.java:validateAndUpdateCache(189)) - created volume:testblockoutputstream for user:jenkins1000
2019-09-25 11:09:43,654 [grpc-default-executor-1] INFO  impl.RaftServerProxy (RaftServerProxy.java:addNew(89)) - 0b288e97-ea7b-4dc2-9c9e-09d2c36158d8: addNew group-D6924F0184B7:[0b288e97-ea7b-4dc2-9c9e-09d2c36158d8:192.168.30.6:43433] returns group-D6924F0184B7:java.util.concurrent.CompletableFuture@a22301b[Not completed]
2019-09-25 11:09:43,655 [pool-615-thread-1] INFO  impl.RaftServerImpl (RaftServerImpl.java:<init>(95)) - 0b288e97-ea7b-4dc2-9c9e-09d2c36158d8: new RaftServerImpl for group-D6924F0184B7:[0b288e97-ea7b-4dc2-9c9e-09d2c36158d8:192.168.30.6:43433] with ContainerStateMachine:uninitialized
2019-09-25 11:09:43,659 [pool-615-thread-1] INFO  server.RaftServerConfigKeys (ConfUtils.java:logGet(43)) - raft.server.rpc.timeout.min = 5s (custom)
2019-09-25 11:09:43,659 [pool-615-thread-1] INFO  server.RaftServerConfigKeys (ConfUtils.java:logGet(43)) - raft.server.rpc.timeout.max = 5200ms (custom)
2019-09-25 11:09:43,659 [pool-615-thread-1] INFO  server.RaftServerConfigKeys (ConfUtils.java:logGet(43)) - raft.server.rpcslowness.timeout = 120s (custom)
2019-09-25 11:09:43,659 [pool-615-thread-1] INFO  server.RaftServerConfigKeys (ConfUtils.java:logGet(43)) - raft.server.sleep.deviation.threshold = 300 (default)
2019-09-25 11:09:43,659 [pool-615-thread-1] INFO  server.RaftServerConfigKeys (ConfUtils.java:logGet(43)) - raft.server.log.appender.install.snapshot.enabled = false (custom)
2019-09-25 11:09:43,659 [pool-615-thread-1] INFO  impl.RaftServerImpl (ServerState.java:<init>(103)) - 0b288e97-ea7b-4dc2-9c9e-09d2c36158d8@group-D6924F0184B7: ConfigurationManager, init=-1: [0b288e97-ea7b-4dc2-9c9e-09d2c36158d8:192.168.30.6:43433], old=null, confs=<EMPTY_MAP>
2019-09-25 11:09:43,659 [pool-615-thread-1] INFO  server.RaftServerConfigKeys (ConfUtils.java:logGet(43)) - raft.server.storage.dir = [/workdir/hadoop-ozone/integration-test/target/test-dir/MiniOzoneClusterImpl-d8e1effc-caf9-4828-b7f0-59ad57edb745/datanode-3/data/ratis] (custom)
2019-09-25 11:09:43,659 [pool-615-thread-1] INFO  storage.RaftStorageDirectory (RaftStorageDirectory.java:analyzeStorage(246)) - The storage directory /workdir/hadoop-ozone/integration-test/target/test-dir/MiniOzoneClusterImpl-d8e1effc-caf9-4828-b7f0-59ad57edb745/datanode-3/data/ratis/4d5269c7-28a4-4772-8bbb-d6924f0184b7 does not exist. Creating ...
2019-09-25 11:09:43,674 [main] INFO  rpc.RpcClient (RpcClient.java:createBucket(415)) - Creating Bucket: testblockoutputstream/testblockoutputstream, with Versioning false and Storage Type set to DISK and Encryption set to false 
2019-09-25 11:09:43,687 [pool-615-thread-1] INFO  storage.RaftStorageDirectory (RaftStorageDirectory.java:tryLock(328)) - Lock on /workdir/hadoop-ozone/integration-test/target/test-dir/MiniOzoneClusterImpl-d8e1effc-caf9-4828-b7f0-59ad57edb745/datanode-3/data/ratis/4d5269c7-28a4-4772-8bbb-d6924f0184b7/in_use.lock acquired by nodename 21763@pr-hdds-1569-5gmkr-4255264070
2019-09-25 11:09:43,711 [pool-615-thread-1] INFO  storage.RaftStorage (RaftStorage.java:format(72)) - Storage directory /workdir/hadoop-ozone/integration-test/target/test-dir/MiniOzoneClusterImpl-d8e1effc-caf9-4828-b7f0-59ad57edb745/datanode-3/data/ratis/4d5269c7-28a4-4772-8bbb-d6924f0184b7 has been successfully formatted.
2019-09-25 11:09:43,712 [pool-615-thread-1] INFO  ratis.ContainerStateMachine (ContainerStateMachine.java:loadSnapshot(230)) - group-D6924F0184B7: The snapshot info is null. Setting the last applied indexto:(t:0, i:~)
2019-09-25 11:09:43,712 [pool-615-thread-1] INFO  server.RaftServerConfigKeys (ConfUtils.java:logGet(43)) - raft.server.notification.no-leader.timeout = 120s (custom)
2019-09-25 11:09:43,712 [pool-615-thread-1] INFO  server.RaftServerConfigKeys (ConfUtils.java:logGet(43)) - raft.server.log.use.memory = false (default)
2019-09-25 11:09:43,712 [pool-615-thread-1] INFO  server.RaftServerConfigKeys (ConfUtils.java:logGet(43)) - raft.server.log.purge.gap = 1000000 (custom)
2019-09-25 11:09:43,712 [pool-615-thread-1] INFO  server.RaftServerConfigKeys (ConfUtils.java:logGet(43)) - raft.server.log.appender.buffer.byte-limit = 33554432 (custom)
2019-09-25 11:09:43,712 [pool-615-thread-1] INFO  server.RaftServerConfigKeys (ConfUtils.java:logGet(43)) - raft.server.log.segment.size.max = 1048576 (custom)
2019-09-25 11:09:43,713 [pool-615-thread-1] INFO  server.RaftServerConfigKeys (ConfUtils.java:logGet(43)) - raft.server.log.segment.cache.num.max = 2 (custom)
2019-09-25 11:09:43,713 [pool-615-thread-1] INFO  segmented.SegmentedRaftLogWorker (SegmentedRaftLogWorker.java:<init>(172)) - new 0b288e97-ea7b-4dc2-9c9e-09d2c36158d8@group-D6924F0184B7-SegmentedRaftLogWorker for RaftStorage:Storage Directory /workdir/hadoop-ozone/integration-test/target/test-dir/MiniOzoneClusterImpl-d8e1effc-caf9-4828-b7f0-59ad57edb745/datanode-3/data/ratis/4d5269c7-28a4-4772-8bbb-d6924f0184b7
2019-09-25 11:09:43,713 [pool-615-thread-1] INFO  server.RaftServerConfigKeys (ConfUtils.java:logGet(43)) - raft.server.log.queue.byte-limit = 2147483647 (custom)
2019-09-25 11:09:43,713 [pool-615-thread-1] INFO  server.RaftServerConfigKeys (ConfUtils.java:logGet(43)) - raft.server.log.queue.element-limit = 1024 (custom)
2019-09-25 11:09:43,713 [pool-615-thread-1] INFO  server.RaftServerConfigKeys (ConfUtils.java:logGet(43)) - raft.server.log.segment.size.max = 1048576 (custom)
2019-09-25 11:09:43,713 [pool-615-thread-1] INFO  server.RaftServerConfigKeys (ConfUtils.java:logGet(43)) - raft.server.log.preallocated.size = 16384 (custom)
2019-09-25 11:09:43,713 [pool-615-thread-1] INFO  server.RaftServerConfigKeys (ConfUtils.java:logGet(43)) - raft.server.log.write.buffer.size = 33554432 (custom)
2019-09-25 11:09:43,714 [pool-615-thread-1] INFO  server.RaftServerConfigKeys (ConfUtils.java:logGet(43)) - raft.server.log.force.sync.num = 128 (default)
2019-09-25 11:09:43,714 [pool-615-thread-1] INFO  server.RaftServerConfigKeys (ConfUtils.java:logGet(43)) - raft.server.log.statemachine.data.sync = true (default)
2019-09-25 11:09:43,714 [pool-615-thread-1] INFO  server.RaftServerConfigKeys (ConfUtils.java:logGet(43)) - raft.server.log.statemachine.data.sync.timeout = 10s (default)
2019-09-25 11:09:43,714 [pool-615-thread-1] INFO  server.RaftServerConfigKeys (ConfUtils.java:logGet(43)) - raft.server.log.statemachine.data.sync.timeout.retry = -1 (default)
2019-09-25 11:09:43,714 [pool-615-thread-1] INFO  server.RaftServerConfigKeys (ConfUtils.java:logGet(43)) - raft.server.log.statemachine.data.caching.enabled = true (custom)
2019-09-25 11:09:43,715 [pool-615-thread-1] INFO  segmented.SegmentedRaftLogWorker (SegmentedRaftLogWorker.java:lambda$new$0(132)) - 0b288e97-ea7b-4dc2-9c9e-09d2c36158d8@group-D6924F0184B7-SegmentedRaftLogWorker: flushIndex: setUnconditionally 0 -> -1
2019-09-25 11:09:43,715 [pool-615-thread-1] INFO  server.RaftServerConfigKeys (ConfUtils.java:logGet(43)) - raft.server.snapshot.auto.trigger.enabled = true (custom)
2019-09-25 11:09:43,715 [pool-615-thread-1] INFO  server.RaftServerConfigKeys (ConfUtils.java:logGet(43)) - raft.server.snapshot.auto.trigger.threshold = 10000 (custom)
2019-09-25 11:09:43,715 [pool-615-thread-1] INFO  server.RaftServerConfigKeys (ConfUtils.java:logGet(43)) - raft.server.snapshot.retention.num.files = 5 (custom)
2019-09-25 11:09:43,716 [pool-615-thread-1] INFO  server.RaftServerConfigKeys (ConfUtils.java:logGet(43)) - raft.server.retrycache.expirytime = 600000ms (custom)
2019-09-25 11:09:43,717 [pool-615-thread-1] INFO  impl.RaftServerImpl (RaftServerImpl.java:start(185)) - 0b288e97-ea7b-4dc2-9c9e-09d2c36158d8@group-D6924F0184B7: start as a follower, conf=-1: [0b288e97-ea7b-4dc2-9c9e-09d2c36158d8:192.168.30.6:43433], old=null
2019-09-25 11:09:43,718 [pool-615-thread-1] INFO  impl.RaftServerImpl (RaftServerImpl.java:setRole(174)) - 0b288e97-ea7b-4dc2-9c9e-09d2c36158d8@group-D6924F0184B7: changes role from      null to FOLLOWER at term 0 for startAsFollower
2019-09-25 11:09:43,718 [pool-615-thread-1] INFO  impl.RoleInfo (RoleInfo.java:updateAndGet(143)) - 0b288e97-ea7b-4dc2-9c9e-09d2c36158d8: start FollowerState
2019-09-25 11:09:43,718 [pool-615-thread-1] INFO  util.JmxRegister (JmxRegister.java:tryRegister(44)) - Successfully registered JMX Bean with object name Ratis:service=RaftServer,group=group-D6924F0184B7,id=0b288e97-ea7b-4dc2-9c9e-09d2c36158d8
2019-09-25 11:09:43,720 [RatisPipelineUtilsThread] INFO  pipeline.PipelineStateManager (PipelineStateManager.java:addPipeline(56)) - Created pipeline Pipeline[ Id: 4d5269c7-28a4-4772-8bbb-d6924f0184b7, Nodes: 0b288e97-ea7b-4dc2-9c9e-09d2c36158d8{ip: 192.168.30.6, host: pr-hdds-1569-5gmkr-4255264070, networkLocation: /default-rack, certSerialId: null}, Type:RATIS, Factor:ONE, State:OPEN]
2019-09-25 11:09:43,720 [RatisPipelineUtilsThread] INFO  pipeline.PipelinePlacementPolicy (PipelinePlacementPolicy.java:meetCriteria(91)) - Pipeline Placement: can't place more pipeline on heavy datanode： deee6178-b1f5-49c6-a192-edc1bfc8677d Heaviness: 6 limit: 5
2019-09-25 11:09:43,721 [RatisPipelineUtilsThread] INFO  pipeline.PipelinePlacementPolicy (PipelinePlacementPolicy.java:meetCriteria(91)) - Pipeline Placement: can't place more pipeline on heavy datanode： 07e899c7-9b65-45ad-afd5-2a504e2891bf Heaviness: 6 limit: 5
2019-09-25 11:09:43,721 [RatisPipelineUtilsThread] INFO  pipeline.PipelinePlacementPolicy (PipelinePlacementPolicy.java:meetCriteria(91)) - Pipeline Placement: can't place more pipeline on heavy datanode： 6b5841ea-ab37-40e7-b4af-848a53246ff5 Heaviness: 6 limit: 5
2019-09-25 11:09:43,725 [grpc-default-executor-1] INFO  impl.RaftServerProxy (RaftServerProxy.java:addNew(89)) - 0b288e97-ea7b-4dc2-9c9e-09d2c36158d8: addNew group-22DA1EF12A43:[0b288e97-ea7b-4dc2-9c9e-09d2c36158d8:192.168.30.6:43433] returns group-22DA1EF12A43:java.util.concurrent.CompletableFuture@25933c62[Not completed]
2019-09-25 11:09:43,726 [pool-615-thread-1] INFO  impl.RaftServerImpl (RaftServerImpl.java:<init>(95)) - 0b288e97-ea7b-4dc2-9c9e-09d2c36158d8: new RaftServerImpl for group-22DA1EF12A43:[0b288e97-ea7b-4dc2-9c9e-09d2c36158d8:192.168.30.6:43433] with ContainerStateMachine:uninitialized
2019-09-25 11:09:43,726 [pool-615-thread-1] INFO  server.RaftServerConfigKeys (ConfUtils.java:logGet(43)) - raft.server.rpc.timeout.min = 5s (custom)
2019-09-25 11:09:43,726 [pool-615-thread-1] INFO  server.RaftServerConfigKeys (ConfUtils.java:logGet(43)) - raft.server.rpc.timeout.max = 5200ms (custom)
2019-09-25 11:09:43,726 [pool-615-thread-1] INFO  server.RaftServerConfigKeys (ConfUtils.java:logGet(43)) - raft.server.rpcslowness.timeout = 120s (custom)
2019-09-25 11:09:43,726 [pool-615-thread-1] INFO  server.RaftServerConfigKeys (ConfUtils.java:logGet(43)) - raft.server.sleep.deviation.threshold = 300 (default)
2019-09-25 11:09:43,726 [pool-615-thread-1] INFO  server.RaftServerConfigKeys (ConfUtils.java:logGet(43)) - raft.server.log.appender.install.snapshot.enabled = false (custom)
2019-09-25 11:09:43,726 [pool-615-thread-1] INFO  impl.RaftServerImpl (ServerState.java:<init>(103)) - 0b288e97-ea7b-4dc2-9c9e-09d2c36158d8@group-22DA1EF12A43: ConfigurationManager, init=-1: [0b288e97-ea7b-4dc2-9c9e-09d2c36158d8:192.168.30.6:43433], old=null, confs=<EMPTY_MAP>
2019-09-25 11:09:43,727 [pool-615-thread-1] INFO  server.RaftServerConfigKeys (ConfUtils.java:logGet(43)) - raft.server.storage.dir = [/workdir/hadoop-ozone/integration-test/target/test-dir/MiniOzoneClusterImpl-d8e1effc-caf9-4828-b7f0-59ad57edb745/datanode-3/data/ratis] (custom)
2019-09-25 11:09:43,727 [pool-615-thread-1] INFO  storage.RaftStorageDirectory (RaftStorageDirectory.java:analyzeStorage(246)) - The storage directory /workdir/hadoop-ozone/integration-test/target/test-dir/MiniOzoneClusterImpl-d8e1effc-caf9-4828-b7f0-59ad57edb745/datanode-3/data/ratis/035f296c-c809-43ea-aada-22da1ef12a43 does not exist. Creating ...
2019-09-25 11:09:43,738 [pool-615-thread-1] INFO  storage.RaftStorageDirectory (RaftStorageDirectory.java:tryLock(328)) - Lock on /workdir/hadoop-ozone/integration-test/target/test-dir/MiniOzoneClusterImpl-d8e1effc-caf9-4828-b7f0-59ad57edb745/datanode-3/data/ratis/035f296c-c809-43ea-aada-22da1ef12a43/in_use.lock acquired by nodename 21763@pr-hdds-1569-5gmkr-4255264070
2019-09-25 11:09:43,784 [pool-615-thread-1] INFO  storage.RaftStorage (RaftStorage.java:format(72)) - Storage directory /workdir/hadoop-ozone/integration-test/target/test-dir/MiniOzoneClusterImpl-d8e1effc-caf9-4828-b7f0-59ad57edb745/datanode-3/data/ratis/035f296c-c809-43ea-aada-22da1ef12a43 has been successfully formatted.
2019-09-25 11:09:43,784 [pool-615-thread-1] INFO  ratis.ContainerStateMachine (ContainerStateMachine.java:loadSnapshot(230)) - group-22DA1EF12A43: The snapshot info is null. Setting the last applied indexto:(t:0, i:~)
2019-09-25 11:09:43,784 [pool-615-thread-1] INFO  server.RaftServerConfigKeys (ConfUtils.java:logGet(43)) - raft.server.notification.no-leader.timeout = 120s (custom)
2019-09-25 11:09:43,784 [pool-615-thread-1] INFO  server.RaftServerConfigKeys (ConfUtils.java:logGet(43)) - raft.server.log.use.memory = false (default)
2019-09-25 11:09:43,785 [pool-615-thread-1] INFO  server.RaftServerConfigKeys (ConfUtils.java:logGet(43)) - raft.server.log.purge.gap = 1000000 (custom)
2019-09-25 11:09:43,785 [pool-615-thread-1] INFO  server.RaftServerConfigKeys (ConfUtils.java:logGet(43)) - raft.server.log.appender.buffer.byte-limit = 33554432 (custom)
2019-09-25 11:09:43,785 [pool-615-thread-1] INFO  server.RaftServerConfigKeys (ConfUtils.java:logGet(43)) - raft.server.log.segment.size.max = 1048576 (custom)
2019-09-25 11:09:43,785 [pool-615-thread-1] INFO  server.RaftServerConfigKeys (ConfUtils.java:logGet(43)) - raft.server.log.segment.cache.num.max = 2 (custom)
2019-09-25 11:09:43,785 [pool-615-thread-1] INFO  segmented.SegmentedRaftLogWorker (SegmentedRaftLogWorker.java:<init>(172)) - new 0b288e97-ea7b-4dc2-9c9e-09d2c36158d8@group-22DA1EF12A43-SegmentedRaftLogWorker for RaftStorage:Storage Directory /workdir/hadoop-ozone/integration-test/target/test-dir/MiniOzoneClusterImpl-d8e1effc-caf9-4828-b7f0-59ad57edb745/datanode-3/data/ratis/035f296c-c809-43ea-aada-22da1ef12a43
2019-09-25 11:09:43,785 [pool-615-thread-1] INFO  server.RaftServerConfigKeys (ConfUtils.java:logGet(43)) - raft.server.log.queue.byte-limit = 2147483647 (custom)
2019-09-25 11:09:43,785 [pool-615-thread-1] INFO  server.RaftServerConfigKeys (ConfUtils.java:logGet(43)) - raft.server.log.queue.element-limit = 1024 (custom)
2019-09-25 11:09:43,786 [pool-615-thread-1] INFO  server.RaftServerConfigKeys (ConfUtils.java:logGet(43)) - raft.server.log.segment.size.max = 1048576 (custom)
2019-09-25 11:09:43,786 [pool-615-thread-1] INFO  server.RaftServerConfigKeys (ConfUtils.java:logGet(43)) - raft.server.log.preallocated.size = 16384 (custom)
2019-09-25 11:09:43,786 [pool-615-thread-1] INFO  server.RaftServerConfigKeys (ConfUtils.java:logGet(43)) - raft.server.log.write.buffer.size = 33554432 (custom)
2019-09-25 11:09:43,786 [pool-615-thread-1] INFO  server.RaftServerConfigKeys (ConfUtils.java:logGet(43)) - raft.server.log.force.sync.num = 128 (default)
2019-09-25 11:09:43,786 [pool-615-thread-1] INFO  server.RaftServerConfigKeys (ConfUtils.java:logGet(43)) - raft.server.log.statemachine.data.sync = true (default)
2019-09-25 11:09:43,786 [pool-615-thread-1] INFO  server.RaftServerConfigKeys (ConfUtils.java:logGet(43)) - raft.server.log.statemachine.data.sync.timeout = 10s (default)
2019-09-25 11:09:43,786 [pool-615-thread-1] INFO  server.RaftServerConfigKeys (ConfUtils.java:logGet(43)) - raft.server.log.statemachine.data.sync.timeout.retry = -1 (default)
2019-09-25 11:09:43,787 [pool-615-thread-1] INFO  server.RaftServerConfigKeys (ConfUtils.java:logGet(43)) - raft.server.log.statemachine.data.caching.enabled = true (custom)
2019-09-25 11:09:43,787 [pool-615-thread-1] INFO  segmented.SegmentedRaftLogWorker (SegmentedRaftLogWorker.java:lambda$new$0(132)) - 0b288e97-ea7b-4dc2-9c9e-09d2c36158d8@group-22DA1EF12A43-SegmentedRaftLogWorker: flushIndex: setUnconditionally 0 -> -1
2019-09-25 11:09:43,787 [pool-615-thread-1] INFO  server.RaftServerConfigKeys (ConfUtils.java:logGet(43)) - raft.server.snapshot.auto.trigger.enabled = true (custom)
2019-09-25 11:09:43,787 [pool-615-thread-1] INFO  server.RaftServerConfigKeys (ConfUtils.java:logGet(43)) - raft.server.snapshot.auto.trigger.threshold = 10000 (custom)
2019-09-25 11:09:43,788 [pool-615-thread-1] INFO  server.RaftServerConfigKeys (ConfUtils.java:logGet(43)) - raft.server.snapshot.retention.num.files = 5 (custom)
2019-09-25 11:09:43,788 [pool-615-thread-1] INFO  server.RaftServerConfigKeys (ConfUtils.java:logGet(43)) - raft.server.retrycache.expirytime = 600000ms (custom)
2019-09-25 11:09:43,789 [pool-615-thread-1] INFO  impl.RaftServerImpl (RaftServerImpl.java:start(185)) - 0b288e97-ea7b-4dc2-9c9e-09d2c36158d8@group-22DA1EF12A43: start as a follower, conf=-1: [0b288e97-ea7b-4dc2-9c9e-09d2c36158d8:192.168.30.6:43433], old=null
2019-09-25 11:09:43,790 [pool-615-thread-1] INFO  impl.RaftServerImpl (RaftServerImpl.java:setRole(174)) - 0b288e97-ea7b-4dc2-9c9e-09d2c36158d8@group-22DA1EF12A43: changes role from      null to FOLLOWER at term 0 for startAsFollower
2019-09-25 11:09:43,790 [pool-615-thread-1] INFO  impl.RoleInfo (RoleInfo.java:updateAndGet(143)) - 0b288e97-ea7b-4dc2-9c9e-09d2c36158d8: start FollowerState
2019-09-25 11:09:43,790 [pool-615-thread-1] INFO  util.JmxRegister (JmxRegister.java:tryRegister(44)) - Successfully registered JMX Bean with object name Ratis:service=RaftServer,group=group-22DA1EF12A43,id=0b288e97-ea7b-4dc2-9c9e-09d2c36158d8
2019-09-25 11:09:43,794 [RatisPipelineUtilsThread] INFO  pipeline.PipelineStateManager (PipelineStateManager.java:addPipeline(56)) - Created pipeline Pipeline[ Id: 035f296c-c809-43ea-aada-22da1ef12a43, Nodes: 0b288e97-ea7b-4dc2-9c9e-09d2c36158d8{ip: 192.168.30.6, host: pr-hdds-1569-5gmkr-4255264070, networkLocation: /default-rack, certSerialId: null}, Type:RATIS, Factor:ONE, State:OPEN]
2019-09-25 11:09:43,795 [RatisPipelineUtilsThread] INFO  pipeline.PipelinePlacementPolicy (PipelinePlacementPolicy.java:meetCriteria(91)) - Pipeline Placement: can't place more pipeline on heavy datanode： deee6178-b1f5-49c6-a192-edc1bfc8677d Heaviness: 6 limit: 5
2019-09-25 11:09:43,795 [RatisPipelineUtilsThread] INFO  pipeline.PipelinePlacementPolicy (PipelinePlacementPolicy.java:meetCriteria(91)) - Pipeline Placement: can't place more pipeline on heavy datanode： 0b288e97-ea7b-4dc2-9c9e-09d2c36158d8 Heaviness: 6 limit: 5
2019-09-25 11:09:43,795 [RatisPipelineUtilsThread] INFO  pipeline.PipelinePlacementPolicy (PipelinePlacementPolicy.java:meetCriteria(91)) - Pipeline Placement: can't place more pipeline on heavy datanode： 07e899c7-9b65-45ad-afd5-2a504e2891bf Heaviness: 6 limit: 5
2019-09-25 11:09:43,795 [RatisPipelineUtilsThread] INFO  pipeline.PipelinePlacementPolicy (PipelinePlacementPolicy.java:meetCriteria(91)) - Pipeline Placement: can't place more pipeline on heavy datanode： 6b5841ea-ab37-40e7-b4af-848a53246ff5 Heaviness: 6 limit: 5
2019-09-25 11:09:43,800 [grpc-default-executor-1] INFO  impl.RaftServerProxy (RaftServerProxy.java:addNew(89)) - f195ac4f-a279-4102-9716-e02d49b9162a: addNew group-02B75E6AB3D7:[f195ac4f-a279-4102-9716-e02d49b9162a:192.168.30.6:37523] returns group-02B75E6AB3D7:java.util.concurrent.CompletableFuture@6b8fb953[Not completed]
2019-09-25 11:09:43,801 [pool-635-thread-1] INFO  impl.RaftServerImpl (RaftServerImpl.java:<init>(95)) - f195ac4f-a279-4102-9716-e02d49b9162a: new RaftServerImpl for group-02B75E6AB3D7:[f195ac4f-a279-4102-9716-e02d49b9162a:192.168.30.6:37523] with ContainerStateMachine:uninitialized
2019-09-25 11:09:43,801 [pool-635-thread-1] INFO  server.RaftServerConfigKeys (ConfUtils.java:logGet(43)) - raft.server.rpc.timeout.min = 5s (custom)
2019-09-25 11:09:43,801 [pool-635-thread-1] INFO  server.RaftServerConfigKeys (ConfUtils.java:logGet(43)) - raft.server.rpc.timeout.max = 5200ms (custom)
2019-09-25 11:09:43,801 [pool-635-thread-1] INFO  server.RaftServerConfigKeys (ConfUtils.java:logGet(43)) - raft.server.rpcslowness.timeout = 120s (custom)
2019-09-25 11:09:43,801 [pool-635-thread-1] INFO  server.RaftServerConfigKeys (ConfUtils.java:logGet(43)) - raft.server.sleep.deviation.threshold = 300 (default)
2019-09-25 11:09:43,801 [pool-635-thread-1] INFO  server.RaftServerConfigKeys (ConfUtils.java:logGet(43)) - raft.server.log.appender.install.snapshot.enabled = false (custom)
2019-09-25 11:09:43,802 [pool-635-thread-1] INFO  impl.RaftServerImpl (ServerState.java:<init>(103)) - f195ac4f-a279-4102-9716-e02d49b9162a@group-02B75E6AB3D7: ConfigurationManager, init=-1: [f195ac4f-a279-4102-9716-e02d49b9162a:192.168.30.6:37523], old=null, confs=<EMPTY_MAP>
2019-09-25 11:09:43,802 [pool-635-thread-1] INFO  server.RaftServerConfigKeys (ConfUtils.java:logGet(43)) - raft.server.storage.dir = [/workdir/hadoop-ozone/integration-test/target/test-dir/MiniOzoneClusterImpl-d8e1effc-caf9-4828-b7f0-59ad57edb745/datanode-5/data/ratis] (custom)
2019-09-25 11:09:43,802 [pool-635-thread-1] INFO  storage.RaftStorageDirectory (RaftStorageDirectory.java:analyzeStorage(246)) - The storage directory /workdir/hadoop-ozone/integration-test/target/test-dir/MiniOzoneClusterImpl-d8e1effc-caf9-4828-b7f0-59ad57edb745/datanode-5/data/ratis/f472d96d-9db1-41cb-b9c6-02b75e6ab3d7 does not exist. Creating ...
2019-09-25 11:09:43,821 [pool-635-thread-1] INFO  storage.RaftStorageDirectory (RaftStorageDirectory.java:tryLock(328)) - Lock on /workdir/hadoop-ozone/integration-test/target/test-dir/MiniOzoneClusterImpl-d8e1effc-caf9-4828-b7f0-59ad57edb745/datanode-5/data/ratis/f472d96d-9db1-41cb-b9c6-02b75e6ab3d7/in_use.lock acquired by nodename 21763@pr-hdds-1569-5gmkr-4255264070
2019-09-25 11:09:43,848 [pool-635-thread-1] INFO  storage.RaftStorage (RaftStorage.java:format(72)) - Storage directory /workdir/hadoop-ozone/integration-test/target/test-dir/MiniOzoneClusterImpl-d8e1effc-caf9-4828-b7f0-59ad57edb745/datanode-5/data/ratis/f472d96d-9db1-41cb-b9c6-02b75e6ab3d7 has been successfully formatted.
2019-09-25 11:09:43,848 [pool-635-thread-1] INFO  ratis.ContainerStateMachine (ContainerStateMachine.java:loadSnapshot(230)) - group-02B75E6AB3D7: The snapshot info is null. Setting the last applied indexto:(t:0, i:~)
2019-09-25 11:09:43,848 [pool-635-thread-1] INFO  server.RaftServerConfigKeys (ConfUtils.java:logGet(43)) - raft.server.notification.no-leader.timeout = 120s (custom)
2019-09-25 11:09:43,849 [pool-635-thread-1] INFO  server.RaftServerConfigKeys (ConfUtils.java:logGet(43)) - raft.server.log.use.memory = false (default)
2019-09-25 11:09:43,849 [pool-635-thread-1] INFO  server.RaftServerConfigKeys (ConfUtils.java:logGet(43)) - raft.server.log.purge.gap = 1000000 (custom)
2019-09-25 11:09:43,849 [pool-635-thread-1] INFO  server.RaftServerConfigKeys (ConfUtils.java:logGet(43)) - raft.server.log.appender.buffer.byte-limit = 33554432 (custom)
2019-09-25 11:09:43,849 [pool-635-thread-1] INFO  server.RaftServerConfigKeys (ConfUtils.java:logGet(43)) - raft.server.log.segment.size.max = 1048576 (custom)
2019-09-25 11:09:43,849 [pool-635-thread-1] INFO  server.RaftServerConfigKeys (ConfUtils.java:logGet(43)) - raft.server.log.segment.cache.num.max = 2 (custom)
2019-09-25 11:09:43,849 [pool-635-thread-1] INFO  segmented.SegmentedRaftLogWorker (SegmentedRaftLogWorker.java:<init>(172)) - new f195ac4f-a279-4102-9716-e02d49b9162a@group-02B75E6AB3D7-SegmentedRaftLogWorker for RaftStorage:Storage Directory /workdir/hadoop-ozone/integration-test/target/test-dir/MiniOzoneClusterImpl-d8e1effc-caf9-4828-b7f0-59ad57edb745/datanode-5/data/ratis/f472d96d-9db1-41cb-b9c6-02b75e6ab3d7
2019-09-25 11:09:43,850 [pool-635-thread-1] INFO  server.RaftServerConfigKeys (ConfUtils.java:logGet(43)) - raft.server.log.queue.byte-limit = 2147483647 (custom)
2019-09-25 11:09:43,850 [pool-635-thread-1] INFO  server.RaftServerConfigKeys (ConfUtils.java:logGet(43)) - raft.server.log.queue.element-limit = 1024 (custom)
2019-09-25 11:09:43,850 [pool-635-thread-1] INFO  server.RaftServerConfigKeys (ConfUtils.java:logGet(43)) - raft.server.log.segment.size.max = 1048576 (custom)
2019-09-25 11:09:43,850 [pool-635-thread-1] INFO  server.RaftServerConfigKeys (ConfUtils.java:logGet(43)) - raft.server.log.preallocated.size = 16384 (custom)
2019-09-25 11:09:43,850 [pool-635-thread-1] INFO  server.RaftServerConfigKeys (ConfUtils.java:logGet(43)) - raft.server.log.write.buffer.size = 33554432 (custom)
2019-09-25 11:09:43,850 [pool-635-thread-1] INFO  server.RaftServerConfigKeys (ConfUtils.java:logGet(43)) - raft.server.log.force.sync.num = 128 (default)
2019-09-25 11:09:43,850 [pool-635-thread-1] INFO  server.RaftServerConfigKeys (ConfUtils.java:logGet(43)) - raft.server.log.statemachine.data.sync = true (default)
2019-09-25 11:09:43,850 [pool-635-thread-1] INFO  server.RaftServerConfigKeys (ConfUtils.java:logGet(43)) - raft.server.log.statemachine.data.sync.timeout = 10s (default)
2019-09-25 11:09:43,851 [pool-635-thread-1] INFO  server.RaftServerConfigKeys (ConfUtils.java:logGet(43)) - raft.server.log.statemachine.data.sync.timeout.retry = -1 (default)
2019-09-25 11:09:43,851 [pool-635-thread-1] INFO  server.RaftServerConfigKeys (ConfUtils.java:logGet(43)) - raft.server.log.statemachine.data.caching.enabled = true (custom)
2019-09-25 11:09:43,851 [pool-635-thread-1] INFO  segmented.SegmentedRaftLogWorker (SegmentedRaftLogWorker.java:lambda$new$0(132)) - f195ac4f-a279-4102-9716-e02d49b9162a@group-02B75E6AB3D7-SegmentedRaftLogWorker: flushIndex: setUnconditionally 0 -> -1
2019-09-25 11:09:43,851 [pool-635-thread-1] INFO  server.RaftServerConfigKeys (ConfUtils.java:logGet(43)) - raft.server.snapshot.auto.trigger.enabled = true (custom)
2019-09-25 11:09:43,852 [pool-635-thread-1] INFO  server.RaftServerConfigKeys (ConfUtils.java:logGet(43)) - raft.server.snapshot.auto.trigger.threshold = 10000 (custom)
2019-09-25 11:09:43,852 [pool-635-thread-1] INFO  server.RaftServerConfigKeys (ConfUtils.java:logGet(43)) - raft.server.snapshot.retention.num.files = 5 (custom)
2019-09-25 11:09:43,852 [pool-635-thread-1] INFO  server.RaftServerConfigKeys (ConfUtils.java:logGet(43)) - raft.server.retrycache.expirytime = 600000ms (custom)
2019-09-25 11:09:43,853 [pool-635-thread-1] INFO  impl.RaftServerImpl (RaftServerImpl.java:start(185)) - f195ac4f-a279-4102-9716-e02d49b9162a@group-02B75E6AB3D7: start as a follower, conf=-1: [f195ac4f-a279-4102-9716-e02d49b9162a:192.168.30.6:37523], old=null
2019-09-25 11:09:43,853 [pool-635-thread-1] INFO  impl.RaftServerImpl (RaftServerImpl.java:setRole(174)) - f195ac4f-a279-4102-9716-e02d49b9162a@group-02B75E6AB3D7: changes role from      null to FOLLOWER at term 0 for startAsFollower
2019-09-25 11:09:43,854 [pool-635-thread-1] INFO  impl.RoleInfo (RoleInfo.java:updateAndGet(143)) - f195ac4f-a279-4102-9716-e02d49b9162a: start FollowerState
2019-09-25 11:09:43,854 [pool-635-thread-1] INFO  util.JmxRegister (JmxRegister.java:tryRegister(44)) - Successfully registered JMX Bean with object name Ratis:service=RaftServer,group=group-02B75E6AB3D7,id=f195ac4f-a279-4102-9716-e02d49b9162a
2019-09-25 11:09:43,856 [RatisPipelineUtilsThread] INFO  pipeline.PipelineStateManager (PipelineStateManager.java:addPipeline(56)) - Created pipeline Pipeline[ Id: f472d96d-9db1-41cb-b9c6-02b75e6ab3d7, Nodes: f195ac4f-a279-4102-9716-e02d49b9162a{ip: 192.168.30.6, host: pr-hdds-1569-5gmkr-4255264070, networkLocation: /default-rack, certSerialId: null}, Type:RATIS, Factor:ONE, State:OPEN]
2019-09-25 11:09:43,856 [RatisPipelineUtilsThread] INFO  pipeline.PipelinePlacementPolicy (PipelinePlacementPolicy.java:meetCriteria(91)) - Pipeline Placement: can't place more pipeline on heavy datanode： deee6178-b1f5-49c6-a192-edc1bfc8677d Heaviness: 6 limit: 5
2019-09-25 11:09:43,856 [RatisPipelineUtilsThread] INFO  pipeline.PipelinePlacementPolicy (PipelinePlacementPolicy.java:meetCriteria(91)) - Pipeline Placement: can't place more pipeline on heavy datanode： 0b288e97-ea7b-4dc2-9c9e-09d2c36158d8 Heaviness: 6 limit: 5
2019-09-25 11:09:43,856 [RatisPipelineUtilsThread] INFO  pipeline.PipelinePlacementPolicy (PipelinePlacementPolicy.java:meetCriteria(91)) - Pipeline Placement: can't place more pipeline on heavy datanode： 07e899c7-9b65-45ad-afd5-2a504e2891bf Heaviness: 6 limit: 5
2019-09-25 11:09:43,857 [RatisPipelineUtilsThread] INFO  pipeline.PipelinePlacementPolicy (PipelinePlacementPolicy.java:meetCriteria(91)) - Pipeline Placement: can't place more pipeline on heavy datanode： 6b5841ea-ab37-40e7-b4af-848a53246ff5 Heaviness: 6 limit: 5
2019-09-25 11:09:43,860 [grpc-default-executor-1] INFO  impl.RaftServerProxy (RaftServerProxy.java:addNew(89)) - 9c4ccc43-f5ac-4960-a511-a1ff33ec0d19: addNew group-916268C84290:[9c4ccc43-f5ac-4960-a511-a1ff33ec0d19:192.168.30.6:45264] returns group-916268C84290:java.util.concurrent.CompletableFuture@5d9c4b3a[Not completed]
2019-09-25 11:09:43,861 [pool-625-thread-1] INFO  impl.RaftServerImpl (RaftServerImpl.java:<init>(95)) - 9c4ccc43-f5ac-4960-a511-a1ff33ec0d19: new RaftServerImpl for group-916268C84290:[9c4ccc43-f5ac-4960-a511-a1ff33ec0d19:192.168.30.6:45264] with ContainerStateMachine:uninitialized
2019-09-25 11:09:43,861 [pool-625-thread-1] INFO  server.RaftServerConfigKeys (ConfUtils.java:logGet(43)) - raft.server.rpc.timeout.min = 5s (custom)
2019-09-25 11:09:43,861 [pool-625-thread-1] INFO  server.RaftServerConfigKeys (ConfUtils.java:logGet(43)) - raft.server.rpc.timeout.max = 5200ms (custom)
2019-09-25 11:09:43,861 [pool-625-thread-1] INFO  server.RaftServerConfigKeys (ConfUtils.java:logGet(43)) - raft.server.rpcslowness.timeout = 120s (custom)
2019-09-25 11:09:43,861 [pool-625-thread-1] INFO  server.RaftServerConfigKeys (ConfUtils.java:logGet(43)) - raft.server.sleep.deviation.threshold = 300 (default)
2019-09-25 11:09:43,861 [pool-625-thread-1] INFO  server.RaftServerConfigKeys (ConfUtils.java:logGet(43)) - raft.server.log.appender.install.snapshot.enabled = false (custom)
2019-09-25 11:09:43,861 [pool-625-thread-1] INFO  impl.RaftServerImpl (ServerState.java:<init>(103)) - 9c4ccc43-f5ac-4960-a511-a1ff33ec0d19@group-916268C84290: ConfigurationManager, init=-1: [9c4ccc43-f5ac-4960-a511-a1ff33ec0d19:192.168.30.6:45264], old=null, confs=<EMPTY_MAP>
2019-09-25 11:09:43,861 [pool-625-thread-1] INFO  server.RaftServerConfigKeys (ConfUtils.java:logGet(43)) - raft.server.storage.dir = [/workdir/hadoop-ozone/integration-test/target/test-dir/MiniOzoneClusterImpl-d8e1effc-caf9-4828-b7f0-59ad57edb745/datanode-4/data/ratis] (custom)
2019-09-25 11:09:43,862 [pool-625-thread-1] INFO  storage.RaftStorageDirectory (RaftStorageDirectory.java:analyzeStorage(246)) - The storage directory /workdir/hadoop-ozone/integration-test/target/test-dir/MiniOzoneClusterImpl-d8e1effc-caf9-4828-b7f0-59ad57edb745/datanode-4/data/ratis/811bdf64-1eda-462e-99ce-916268c84290 does not exist. Creating ...
2019-09-25 11:09:43,874 [pool-625-thread-1] INFO  storage.RaftStorageDirectory (RaftStorageDirectory.java:tryLock(328)) - Lock on /workdir/hadoop-ozone/integration-test/target/test-dir/MiniOzoneClusterImpl-d8e1effc-caf9-4828-b7f0-59ad57edb745/datanode-4/data/ratis/811bdf64-1eda-462e-99ce-916268c84290/in_use.lock acquired by nodename 21763@pr-hdds-1569-5gmkr-4255264070
2019-09-25 11:09:43,888 [pool-625-thread-1] INFO  storage.RaftStorage (RaftStorage.java:format(72)) - Storage directory /workdir/hadoop-ozone/integration-test/target/test-dir/MiniOzoneClusterImpl-d8e1effc-caf9-4828-b7f0-59ad57edb745/datanode-4/data/ratis/811bdf64-1eda-462e-99ce-916268c84290 has been successfully formatted.
2019-09-25 11:09:43,888 [pool-625-thread-1] INFO  ratis.ContainerStateMachine (ContainerStateMachine.java:loadSnapshot(230)) - group-916268C84290: The snapshot info is null. Setting the last applied indexto:(t:0, i:~)
2019-09-25 11:09:43,889 [pool-625-thread-1] INFO  server.RaftServerConfigKeys (ConfUtils.java:logGet(43)) - raft.server.notification.no-leader.timeout = 120s (custom)
2019-09-25 11:09:43,889 [pool-625-thread-1] INFO  server.RaftServerConfigKeys (ConfUtils.java:logGet(43)) - raft.server.log.use.memory = false (default)
2019-09-25 11:09:43,889 [pool-625-thread-1] INFO  server.RaftServerConfigKeys (ConfUtils.java:logGet(43)) - raft.server.log.purge.gap = 1000000 (custom)
2019-09-25 11:09:43,889 [pool-625-thread-1] INFO  server.RaftServerConfigKeys (ConfUtils.java:logGet(43)) - raft.server.log.appender.buffer.byte-limit = 33554432 (custom)
2019-09-25 11:09:43,889 [pool-625-thread-1] INFO  server.RaftServerConfigKeys (ConfUtils.java:logGet(43)) - raft.server.log.segment.size.max = 1048576 (custom)
2019-09-25 11:09:43,889 [pool-625-thread-1] INFO  server.RaftServerConfigKeys (ConfUtils.java:logGet(43)) - raft.server.log.segment.cache.num.max = 2 (custom)
2019-09-25 11:09:43,889 [pool-625-thread-1] INFO  segmented.SegmentedRaftLogWorker (SegmentedRaftLogWorker.java:<init>(172)) - new 9c4ccc43-f5ac-4960-a511-a1ff33ec0d19@group-916268C84290-SegmentedRaftLogWorker for RaftStorage:Storage Directory /workdir/hadoop-ozone/integration-test/target/test-dir/MiniOzoneClusterImpl-d8e1effc-caf9-4828-b7f0-59ad57edb745/datanode-4/data/ratis/811bdf64-1eda-462e-99ce-916268c84290
2019-09-25 11:09:43,889 [pool-625-thread-1] INFO  server.RaftServerConfigKeys (ConfUtils.java:logGet(43)) - raft.server.log.queue.byte-limit = 2147483647 (custom)
2019-09-25 11:09:43,889 [pool-625-thread-1] INFO  server.RaftServerConfigKeys (ConfUtils.java:logGet(43)) - raft.server.log.queue.element-limit = 1024 (custom)
2019-09-25 11:09:43,890 [pool-625-thread-1] INFO  server.RaftServerConfigKeys (ConfUtils.java:logGet(43)) - raft.server.log.segment.size.max = 1048576 (custom)
2019-09-25 11:09:43,890 [pool-625-thread-1] INFO  server.RaftServerConfigKeys (ConfUtils.java:logGet(43)) - raft.server.log.preallocated.size = 16384 (custom)
2019-09-25 11:09:43,890 [pool-625-thread-1] INFO  server.RaftServerConfigKeys (ConfUtils.java:logGet(43)) - raft.server.log.write.buffer.size = 33554432 (custom)
2019-09-25 11:09:43,890 [pool-625-thread-1] INFO  server.RaftServerConfigKeys (ConfUtils.java:logGet(43)) - raft.server.log.force.sync.num = 128 (default)
2019-09-25 11:09:43,890 [pool-625-thread-1] INFO  server.RaftServerConfigKeys (ConfUtils.java:logGet(43)) - raft.server.log.statemachine.data.sync = true (default)
2019-09-25 11:09:43,890 [pool-625-thread-1] INFO  server.RaftServerConfigKeys (ConfUtils.java:logGet(43)) - raft.server.log.statemachine.data.sync.timeout = 10s (default)
2019-09-25 11:09:43,890 [pool-625-thread-1] INFO  server.RaftServerConfigKeys (ConfUtils.java:logGet(43)) - raft.server.log.statemachine.data.sync.timeout.retry = -1 (default)
2019-09-25 11:09:43,890 [pool-625-thread-1] INFO  server.RaftServerConfigKeys (ConfUtils.java:logGet(43)) - raft.server.log.statemachine.data.caching.enabled = true (custom)
2019-09-25 11:09:43,891 [pool-625-thread-1] INFO  segmented.SegmentedRaftLogWorker (SegmentedRaftLogWorker.java:lambda$new$0(132)) - 9c4ccc43-f5ac-4960-a511-a1ff33ec0d19@group-916268C84290-SegmentedRaftLogWorker: flushIndex: setUnconditionally 0 -> -1
2019-09-25 11:09:43,891 [pool-625-thread-1] INFO  server.RaftServerConfigKeys (ConfUtils.java:logGet(43)) - raft.server.snapshot.auto.trigger.enabled = true (custom)
2019-09-25 11:09:43,891 [pool-625-thread-1] INFO  server.RaftServerConfigKeys (ConfUtils.java:logGet(43)) - raft.server.snapshot.auto.trigger.threshold = 10000 (custom)
2019-09-25 11:09:43,891 [pool-625-thread-1] INFO  server.RaftServerConfigKeys (ConfUtils.java:logGet(43)) - raft.server.snapshot.retention.num.files = 5 (custom)
2019-09-25 11:09:43,891 [pool-625-thread-1] INFO  server.RaftServerConfigKeys (ConfUtils.java:logGet(43)) - raft.server.retrycache.expirytime = 600000ms (custom)
2019-09-25 11:09:43,892 [pool-625-thread-1] INFO  impl.RaftServerImpl (RaftServerImpl.java:start(185)) - 9c4ccc43-f5ac-4960-a511-a1ff33ec0d19@group-916268C84290: start as a follower, conf=-1: [9c4ccc43-f5ac-4960-a511-a1ff33ec0d19:192.168.30.6:45264], old=null
2019-09-25 11:09:43,892 [pool-625-thread-1] INFO  impl.RaftServerImpl (RaftServerImpl.java:setRole(174)) - 9c4ccc43-f5ac-4960-a511-a1ff33ec0d19@group-916268C84290: changes role from      null to FOLLOWER at term 0 for startAsFollower
2019-09-25 11:09:43,892 [pool-625-thread-1] INFO  impl.RoleInfo (RoleInfo.java:updateAndGet(143)) - 9c4ccc43-f5ac-4960-a511-a1ff33ec0d19: start FollowerState
2019-09-25 11:09:43,893 [pool-625-thread-1] INFO  util.JmxRegister (JmxRegister.java:tryRegister(44)) - Successfully registered JMX Bean with object name Ratis:service=RaftServer,group=group-916268C84290,id=9c4ccc43-f5ac-4960-a511-a1ff33ec0d19
2019-09-25 11:09:43,894 [RatisPipelineUtilsThread] INFO  pipeline.PipelineStateManager (PipelineStateManager.java:addPipeline(56)) - Created pipeline Pipeline[ Id: 811bdf64-1eda-462e-99ce-916268c84290, Nodes: 9c4ccc43-f5ac-4960-a511-a1ff33ec0d19{ip: 192.168.30.6, host: pr-hdds-1569-5gmkr-4255264070, networkLocation: /default-rack, certSerialId: null}, Type:RATIS, Factor:ONE, State:OPEN]
2019-09-25 11:09:43,894 [RatisPipelineUtilsThread] INFO  pipeline.PipelinePlacementPolicy (PipelinePlacementPolicy.java:meetCriteria(91)) - Pipeline Placement: can't place more pipeline on heavy datanode： deee6178-b1f5-49c6-a192-edc1bfc8677d Heaviness: 6 limit: 5
2019-09-25 11:09:43,895 [RatisPipelineUtilsThread] INFO  pipeline.PipelinePlacementPolicy (PipelinePlacementPolicy.java:meetCriteria(91)) - Pipeline Placement: can't place more pipeline on heavy datanode： 0b288e97-ea7b-4dc2-9c9e-09d2c36158d8 Heaviness: 6 limit: 5
2019-09-25 11:09:43,895 [RatisPipelineUtilsThread] INFO  pipeline.PipelinePlacementPolicy (PipelinePlacementPolicy.java:meetCriteria(91)) - Pipeline Placement: can't place more pipeline on heavy datanode： 07e899c7-9b65-45ad-afd5-2a504e2891bf Heaviness: 6 limit: 5
2019-09-25 11:09:43,895 [RatisPipelineUtilsThread] INFO  pipeline.PipelinePlacementPolicy (PipelinePlacementPolicy.java:meetCriteria(91)) - Pipeline Placement: can't place more pipeline on heavy datanode： 6b5841ea-ab37-40e7-b4af-848a53246ff5 Heaviness: 6 limit: 5
2019-09-25 11:09:43,898 [grpc-default-executor-1] INFO  impl.RaftServerProxy (RaftServerProxy.java:addNew(89)) - 9c4ccc43-f5ac-4960-a511-a1ff33ec0d19: addNew group-2B24BBB8B56A:[9c4ccc43-f5ac-4960-a511-a1ff33ec0d19:192.168.30.6:45264] returns group-2B24BBB8B56A:java.util.concurrent.CompletableFuture@cd321c0[Not completed]
2019-09-25 11:09:43,899 [pool-625-thread-1] INFO  impl.RaftServerImpl (RaftServerImpl.java:<init>(95)) - 9c4ccc43-f5ac-4960-a511-a1ff33ec0d19: new RaftServerImpl for group-2B24BBB8B56A:[9c4ccc43-f5ac-4960-a511-a1ff33ec0d19:192.168.30.6:45264] with ContainerStateMachine:uninitialized
2019-09-25 11:09:43,899 [pool-625-thread-1] INFO  server.RaftServerConfigKeys (ConfUtils.java:logGet(43)) - raft.server.rpc.timeout.min = 5s (custom)
2019-09-25 11:09:43,899 [pool-625-thread-1] INFO  server.RaftServerConfigKeys (ConfUtils.java:logGet(43)) - raft.server.rpc.timeout.max = 5200ms (custom)
2019-09-25 11:09:43,899 [pool-625-thread-1] INFO  server.RaftServerConfigKeys (ConfUtils.java:logGet(43)) - raft.server.rpcslowness.timeout = 120s (custom)
2019-09-25 11:09:43,899 [pool-625-thread-1] INFO  server.RaftServerConfigKeys (ConfUtils.java:logGet(43)) - raft.server.sleep.deviation.threshold = 300 (default)
2019-09-25 11:09:43,899 [pool-625-thread-1] INFO  server.RaftServerConfigKeys (ConfUtils.java:logGet(43)) - raft.server.log.appender.install.snapshot.enabled = false (custom)
2019-09-25 11:09:43,899 [pool-625-thread-1] INFO  impl.RaftServerImpl (ServerState.java:<init>(103)) - 9c4ccc43-f5ac-4960-a511-a1ff33ec0d19@group-2B24BBB8B56A: ConfigurationManager, init=-1: [9c4ccc43-f5ac-4960-a511-a1ff33ec0d19:192.168.30.6:45264], old=null, confs=<EMPTY_MAP>
2019-09-25 11:09:43,899 [pool-625-thread-1] INFO  server.RaftServerConfigKeys (ConfUtils.java:logGet(43)) - raft.server.storage.dir = [/workdir/hadoop-ozone/integration-test/target/test-dir/MiniOzoneClusterImpl-d8e1effc-caf9-4828-b7f0-59ad57edb745/datanode-4/data/ratis] (custom)
2019-09-25 11:09:43,900 [pool-625-thread-1] INFO  storage.RaftStorageDirectory (RaftStorageDirectory.java:analyzeStorage(246)) - The storage directory /workdir/hadoop-ozone/integration-test/target/test-dir/MiniOzoneClusterImpl-d8e1effc-caf9-4828-b7f0-59ad57edb745/datanode-4/data/ratis/b729194c-287e-4708-b2aa-2b24bbb8b56a does not exist. Creating ...
2019-09-25 11:09:43,915 [pool-625-thread-1] INFO  storage.RaftStorageDirectory (RaftStorageDirectory.java:tryLock(328)) - Lock on /workdir/hadoop-ozone/integration-test/target/test-dir/MiniOzoneClusterImpl-d8e1effc-caf9-4828-b7f0-59ad57edb745/datanode-4/data/ratis/b729194c-287e-4708-b2aa-2b24bbb8b56a/in_use.lock acquired by nodename 21763@pr-hdds-1569-5gmkr-4255264070
2019-09-25 11:09:43,929 [pool-625-thread-1] INFO  storage.RaftStorage (RaftStorage.java:format(72)) - Storage directory /workdir/hadoop-ozone/integration-test/target/test-dir/MiniOzoneClusterImpl-d8e1effc-caf9-4828-b7f0-59ad57edb745/datanode-4/data/ratis/b729194c-287e-4708-b2aa-2b24bbb8b56a has been successfully formatted.
2019-09-25 11:09:43,930 [pool-625-thread-1] INFO  ratis.ContainerStateMachine (ContainerStateMachine.java:loadSnapshot(230)) - group-2B24BBB8B56A: The snapshot info is null. Setting the last applied indexto:(t:0, i:~)
2019-09-25 11:09:43,930 [pool-625-thread-1] INFO  server.RaftServerConfigKeys (ConfUtils.java:logGet(43)) - raft.server.notification.no-leader.timeout = 120s (custom)
2019-09-25 11:09:43,930 [pool-625-thread-1] INFO  server.RaftServerConfigKeys (ConfUtils.java:logGet(43)) - raft.server.log.use.memory = false (default)
2019-09-25 11:09:43,930 [pool-625-thread-1] INFO  server.RaftServerConfigKeys (ConfUtils.java:logGet(43)) - raft.server.log.purge.gap = 1000000 (custom)
2019-09-25 11:09:43,930 [pool-625-thread-1] INFO  server.RaftServerConfigKeys (ConfUtils.java:logGet(43)) - raft.server.log.appender.buffer.byte-limit = 33554432 (custom)
2019-09-25 11:09:43,930 [pool-625-thread-1] INFO  server.RaftServerConfigKeys (ConfUtils.java:logGet(43)) - raft.server.log.segment.size.max = 1048576 (custom)
2019-09-25 11:09:43,930 [pool-625-thread-1] INFO  server.RaftServerConfigKeys (ConfUtils.java:logGet(43)) - raft.server.log.segment.cache.num.max = 2 (custom)
2019-09-25 11:09:43,930 [pool-625-thread-1] INFO  segmented.SegmentedRaftLogWorker (SegmentedRaftLogWorker.java:<init>(172)) - new 9c4ccc43-f5ac-4960-a511-a1ff33ec0d19@group-2B24BBB8B56A-SegmentedRaftLogWorker for RaftStorage:Storage Directory /workdir/hadoop-ozone/integration-test/target/test-dir/MiniOzoneClusterImpl-d8e1effc-caf9-4828-b7f0-59ad57edb745/datanode-4/data/ratis/b729194c-287e-4708-b2aa-2b24bbb8b56a
2019-09-25 11:09:43,930 [pool-625-thread-1] INFO  server.RaftServerConfigKeys (ConfUtils.java:logGet(43)) - raft.server.log.queue.byte-limit = 2147483647 (custom)
2019-09-25 11:09:43,930 [pool-625-thread-1] INFO  server.RaftServerConfigKeys (ConfUtils.java:logGet(43)) - raft.server.log.queue.element-limit = 1024 (custom)
2019-09-25 11:09:43,930 [pool-625-thread-1] INFO  server.RaftServerConfigKeys (ConfUtils.java:logGet(43)) - raft.server.log.segment.size.max = 1048576 (custom)
2019-09-25 11:09:43,931 [pool-625-thread-1] INFO  server.RaftServerConfigKeys (ConfUtils.java:logGet(43)) - raft.server.log.preallocated.size = 16384 (custom)
2019-09-25 11:09:43,931 [pool-625-thread-1] INFO  server.RaftServerConfigKeys (ConfUtils.java:logGet(43)) - raft.server.log.write.buffer.size = 33554432 (custom)
2019-09-25 11:09:43,931 [pool-625-thread-1] INFO  server.RaftServerConfigKeys (ConfUtils.java:logGet(43)) - raft.server.log.force.sync.num = 128 (default)
2019-09-25 11:09:43,931 [pool-625-thread-1] INFO  server.RaftServerConfigKeys (ConfUtils.java:logGet(43)) - raft.server.log.statemachine.data.sync = true (default)
2019-09-25 11:09:43,931 [pool-625-thread-1] INFO  server.RaftServerConfigKeys (ConfUtils.java:logGet(43)) - raft.server.log.statemachine.data.sync.timeout = 10s (default)
2019-09-25 11:09:43,931 [pool-625-thread-1] INFO  server.RaftServerConfigKeys (ConfUtils.java:logGet(43)) - raft.server.log.statemachine.data.sync.timeout.retry = -1 (default)
2019-09-25 11:09:43,931 [pool-625-thread-1] INFO  server.RaftServerConfigKeys (ConfUtils.java:logGet(43)) - raft.server.log.statemachine.data.caching.enabled = true (custom)
2019-09-25 11:09:43,931 [pool-625-thread-1] INFO  segmented.SegmentedRaftLogWorker (SegmentedRaftLogWorker.java:lambda$new$0(132)) - 9c4ccc43-f5ac-4960-a511-a1ff33ec0d19@group-2B24BBB8B56A-SegmentedRaftLogWorker: flushIndex: setUnconditionally 0 -> -1
2019-09-25 11:09:43,932 [pool-625-thread-1] INFO  server.RaftServerConfigKeys (ConfUtils.java:logGet(43)) - raft.server.snapshot.auto.trigger.enabled = true (custom)
2019-09-25 11:09:43,932 [pool-625-thread-1] INFO  server.RaftServerConfigKeys (ConfUtils.java:logGet(43)) - raft.server.snapshot.auto.trigger.threshold = 10000 (custom)
2019-09-25 11:09:43,932 [pool-625-thread-1] INFO  server.RaftServerConfigKeys (ConfUtils.java:logGet(43)) - raft.server.snapshot.retention.num.files = 5 (custom)
2019-09-25 11:09:43,932 [pool-625-thread-1] INFO  server.RaftServerConfigKeys (ConfUtils.java:logGet(43)) - raft.server.retrycache.expirytime = 600000ms (custom)
2019-09-25 11:09:43,933 [pool-625-thread-1] INFO  impl.RaftServerImpl (RaftServerImpl.java:start(185)) - 9c4ccc43-f5ac-4960-a511-a1ff33ec0d19@group-2B24BBB8B56A: start as a follower, conf=-1: [9c4ccc43-f5ac-4960-a511-a1ff33ec0d19:192.168.30.6:45264], old=null
2019-09-25 11:09:43,933 [pool-625-thread-1] INFO  impl.RaftServerImpl (RaftServerImpl.java:setRole(174)) - 9c4ccc43-f5ac-4960-a511-a1ff33ec0d19@group-2B24BBB8B56A: changes role from      null to FOLLOWER at term 0 for startAsFollower
2019-09-25 11:09:43,933 [pool-625-thread-1] INFO  impl.RoleInfo (RoleInfo.java:updateAndGet(143)) - 9c4ccc43-f5ac-4960-a511-a1ff33ec0d19: start FollowerState
2019-09-25 11:09:43,933 [pool-625-thread-1] INFO  util.JmxRegister (JmxRegister.java:tryRegister(44)) - Successfully registered JMX Bean with object name Ratis:service=RaftServer,group=group-2B24BBB8B56A,id=9c4ccc43-f5ac-4960-a511-a1ff33ec0d19
2019-09-25 11:09:43,935 [RatisPipelineUtilsThread] INFO  pipeline.PipelineStateManager (PipelineStateManager.java:addPipeline(56)) - Created pipeline Pipeline[ Id: b729194c-287e-4708-b2aa-2b24bbb8b56a, Nodes: 9c4ccc43-f5ac-4960-a511-a1ff33ec0d19{ip: 192.168.30.6, host: pr-hdds-1569-5gmkr-4255264070, networkLocation: /default-rack, certSerialId: null}, Type:RATIS, Factor:ONE, State:OPEN]
2019-09-25 11:09:43,935 [RatisPipelineUtilsThread] INFO  pipeline.PipelinePlacementPolicy (PipelinePlacementPolicy.java:meetCriteria(91)) - Pipeline Placement: can't place more pipeline on heavy datanode： deee6178-b1f5-49c6-a192-edc1bfc8677d Heaviness: 6 limit: 5
2019-09-25 11:09:43,935 [RatisPipelineUtilsThread] INFO  pipeline.PipelinePlacementPolicy (PipelinePlacementPolicy.java:meetCriteria(91)) - Pipeline Placement: can't place more pipeline on heavy datanode： 0b288e97-ea7b-4dc2-9c9e-09d2c36158d8 Heaviness: 6 limit: 5
2019-09-25 11:09:43,936 [RatisPipelineUtilsThread] INFO  pipeline.PipelinePlacementPolicy (PipelinePlacementPolicy.java:meetCriteria(91)) - Pipeline Placement: can't place more pipeline on heavy datanode： 07e899c7-9b65-45ad-afd5-2a504e2891bf Heaviness: 6 limit: 5
2019-09-25 11:09:43,936 [RatisPipelineUtilsThread] INFO  pipeline.PipelinePlacementPolicy (PipelinePlacementPolicy.java:meetCriteria(91)) - Pipeline Placement: can't place more pipeline on heavy datanode： 6b5841ea-ab37-40e7-b4af-848a53246ff5 Heaviness: 6 limit: 5
2019-09-25 11:09:43,939 [grpc-default-executor-1] INFO  impl.RaftServerProxy (RaftServerProxy.java:addNew(89)) - 9c4ccc43-f5ac-4960-a511-a1ff33ec0d19: addNew group-FBC27CE61C2A:[9c4ccc43-f5ac-4960-a511-a1ff33ec0d19:192.168.30.6:45264] returns group-FBC27CE61C2A:java.util.concurrent.CompletableFuture@52c282e9[Not completed]
2019-09-25 11:09:43,939 [pool-625-thread-1] INFO  impl.RaftServerImpl (RaftServerImpl.java:<init>(95)) - 9c4ccc43-f5ac-4960-a511-a1ff33ec0d19: new RaftServerImpl for group-FBC27CE61C2A:[9c4ccc43-f5ac-4960-a511-a1ff33ec0d19:192.168.30.6:45264] with ContainerStateMachine:uninitialized
2019-09-25 11:09:43,939 [pool-625-thread-1] INFO  server.RaftServerConfigKeys (ConfUtils.java:logGet(43)) - raft.server.rpc.timeout.min = 5s (custom)
2019-09-25 11:09:43,939 [pool-625-thread-1] INFO  server.RaftServerConfigKeys (ConfUtils.java:logGet(43)) - raft.server.rpc.timeout.max = 5200ms (custom)
2019-09-25 11:09:43,939 [pool-625-thread-1] INFO  server.RaftServerConfigKeys (ConfUtils.java:logGet(43)) - raft.server.rpcslowness.timeout = 120s (custom)
2019-09-25 11:09:43,939 [pool-625-thread-1] INFO  server.RaftServerConfigKeys (ConfUtils.java:logGet(43)) - raft.server.sleep.deviation.threshold = 300 (default)
2019-09-25 11:09:43,939 [pool-625-thread-1] INFO  server.RaftServerConfigKeys (ConfUtils.java:logGet(43)) - raft.server.log.appender.install.snapshot.enabled = false (custom)
2019-09-25 11:09:43,940 [pool-625-thread-1] INFO  impl.RaftServerImpl (ServerState.java:<init>(103)) - 9c4ccc43-f5ac-4960-a511-a1ff33ec0d19@group-FBC27CE61C2A: ConfigurationManager, init=-1: [9c4ccc43-f5ac-4960-a511-a1ff33ec0d19:192.168.30.6:45264], old=null, confs=<EMPTY_MAP>
2019-09-25 11:09:43,940 [pool-625-thread-1] INFO  server.RaftServerConfigKeys (ConfUtils.java:logGet(43)) - raft.server.storage.dir = [/workdir/hadoop-ozone/integration-test/target/test-dir/MiniOzoneClusterImpl-d8e1effc-caf9-4828-b7f0-59ad57edb745/datanode-4/data/ratis] (custom)
2019-09-25 11:09:43,940 [pool-625-thread-1] INFO  storage.RaftStorageDirectory (RaftStorageDirectory.java:analyzeStorage(246)) - The storage directory /workdir/hadoop-ozone/integration-test/target/test-dir/MiniOzoneClusterImpl-d8e1effc-caf9-4828-b7f0-59ad57edb745/datanode-4/data/ratis/edbf75f2-ad31-4db4-8a55-fbc27ce61c2a does not exist. Creating ...
2019-09-25 11:09:43,946 [pool-625-thread-1] INFO  storage.RaftStorageDirectory (RaftStorageDirectory.java:tryLock(328)) - Lock on /workdir/hadoop-ozone/integration-test/target/test-dir/MiniOzoneClusterImpl-d8e1effc-caf9-4828-b7f0-59ad57edb745/datanode-4/data/ratis/edbf75f2-ad31-4db4-8a55-fbc27ce61c2a/in_use.lock acquired by nodename 21763@pr-hdds-1569-5gmkr-4255264070
2019-09-25 11:09:43,955 [pool-625-thread-1] INFO  storage.RaftStorage (RaftStorage.java:format(72)) - Storage directory /workdir/hadoop-ozone/integration-test/target/test-dir/MiniOzoneClusterImpl-d8e1effc-caf9-4828-b7f0-59ad57edb745/datanode-4/data/ratis/edbf75f2-ad31-4db4-8a55-fbc27ce61c2a has been successfully formatted.
2019-09-25 11:09:43,955 [pool-625-thread-1] INFO  ratis.ContainerStateMachine (ContainerStateMachine.java:loadSnapshot(230)) - group-FBC27CE61C2A: The snapshot info is null. Setting the last applied indexto:(t:0, i:~)
2019-09-25 11:09:43,955 [pool-625-thread-1] INFO  server.RaftServerConfigKeys (ConfUtils.java:logGet(43)) - raft.server.notification.no-leader.timeout = 120s (custom)
2019-09-25 11:09:43,955 [pool-625-thread-1] INFO  server.RaftServerConfigKeys (ConfUtils.java:logGet(43)) - raft.server.log.use.memory = false (default)
2019-09-25 11:09:43,955 [pool-625-thread-1] INFO  server.RaftServerConfigKeys (ConfUtils.java:logGet(43)) - raft.server.log.purge.gap = 1000000 (custom)
2019-09-25 11:09:43,956 [pool-625-thread-1] INFO  server.RaftServerConfigKeys (ConfUtils.java:logGet(43)) - raft.server.log.appender.buffer.byte-limit = 33554432 (custom)
2019-09-25 11:09:43,956 [pool-625-thread-1] INFO  server.RaftServerConfigKeys (ConfUtils.java:logGet(43)) - raft.server.log.segment.size.max = 1048576 (custom)
2019-09-25 11:09:43,956 [pool-625-thread-1] INFO  server.RaftServerConfigKeys (ConfUtils.java:logGet(43)) - raft.server.log.segment.cache.num.max = 2 (custom)
2019-09-25 11:09:43,956 [pool-625-thread-1] INFO  segmented.SegmentedRaftLogWorker (SegmentedRaftLogWorker.java:<init>(172)) - new 9c4ccc43-f5ac-4960-a511-a1ff33ec0d19@group-FBC27CE61C2A-SegmentedRaftLogWorker for RaftStorage:Storage Directory /workdir/hadoop-ozone/integration-test/target/test-dir/MiniOzoneClusterImpl-d8e1effc-caf9-4828-b7f0-59ad57edb745/datanode-4/data/ratis/edbf75f2-ad31-4db4-8a55-fbc27ce61c2a
2019-09-25 11:09:43,956 [pool-625-thread-1] INFO  server.RaftServerConfigKeys (ConfUtils.java:logGet(43)) - raft.server.log.queue.byte-limit = 2147483647 (custom)
2019-09-25 11:09:43,956 [pool-625-thread-1] INFO  server.RaftServerConfigKeys (ConfUtils.java:logGet(43)) - raft.server.log.queue.element-limit = 1024 (custom)
2019-09-25 11:09:43,956 [pool-625-thread-1] INFO  server.RaftServerConfigKeys (ConfUtils.java:logGet(43)) - raft.server.log.segment.size.max = 1048576 (custom)
2019-09-25 11:09:43,956 [pool-625-thread-1] INFO  server.RaftServerConfigKeys (ConfUtils.java:logGet(43)) - raft.server.log.preallocated.size = 16384 (custom)
2019-09-25 11:09:43,956 [pool-625-thread-1] INFO  server.RaftServerConfigKeys (ConfUtils.java:logGet(43)) - raft.server.log.write.buffer.size = 33554432 (custom)
2019-09-25 11:09:43,956 [pool-625-thread-1] INFO  server.RaftServerConfigKeys (ConfUtils.java:logGet(43)) - raft.server.log.force.sync.num = 128 (default)
2019-09-25 11:09:43,956 [pool-625-thread-1] INFO  server.RaftServerConfigKeys (ConfUtils.java:logGet(43)) - raft.server.log.statemachine.data.sync = true (default)
2019-09-25 11:09:43,957 [pool-625-thread-1] INFO  server.RaftServerConfigKeys (ConfUtils.java:logGet(43)) - raft.server.log.statemachine.data.sync.timeout = 10s (default)
2019-09-25 11:09:43,957 [pool-625-thread-1] INFO  server.RaftServerConfigKeys (ConfUtils.java:logGet(43)) - raft.server.log.statemachine.data.sync.timeout.retry = -1 (default)
2019-09-25 11:09:43,957 [pool-625-thread-1] INFO  server.RaftServerConfigKeys (ConfUtils.java:logGet(43)) - raft.server.log.statemachine.data.caching.enabled = true (custom)
2019-09-25 11:09:43,957 [pool-625-thread-1] INFO  segmented.SegmentedRaftLogWorker (SegmentedRaftLogWorker.java:lambda$new$0(132)) - 9c4ccc43-f5ac-4960-a511-a1ff33ec0d19@group-FBC27CE61C2A-SegmentedRaftLogWorker: flushIndex: setUnconditionally 0 -> -1
2019-09-25 11:09:43,957 [pool-625-thread-1] INFO  server.RaftServerConfigKeys (ConfUtils.java:logGet(43)) - raft.server.snapshot.auto.trigger.enabled = true (custom)
2019-09-25 11:09:43,957 [pool-625-thread-1] INFO  server.RaftServerConfigKeys (ConfUtils.java:logGet(43)) - raft.server.snapshot.auto.trigger.threshold = 10000 (custom)
2019-09-25 11:09:43,957 [pool-625-thread-1] INFO  server.RaftServerConfigKeys (ConfUtils.java:logGet(43)) - raft.server.snapshot.retention.num.files = 5 (custom)
2019-09-25 11:09:43,957 [pool-625-thread-1] INFO  server.RaftServerConfigKeys (ConfUtils.java:logGet(43)) - raft.server.retrycache.expirytime = 600000ms (custom)
2019-09-25 11:09:43,959 [pool-625-thread-1] INFO  impl.RaftServerImpl (RaftServerImpl.java:start(185)) - 9c4ccc43-f5ac-4960-a511-a1ff33ec0d19@group-FBC27CE61C2A: start as a follower, conf=-1: [9c4ccc43-f5ac-4960-a511-a1ff33ec0d19:192.168.30.6:45264], old=null
2019-09-25 11:09:43,959 [pool-625-thread-1] INFO  impl.RaftServerImpl (RaftServerImpl.java:setRole(174)) - 9c4ccc43-f5ac-4960-a511-a1ff33ec0d19@group-FBC27CE61C2A: changes role from      null to FOLLOWER at term 0 for startAsFollower
2019-09-25 11:09:43,959 [pool-625-thread-1] INFO  impl.RoleInfo (RoleInfo.java:updateAndGet(143)) - 9c4ccc43-f5ac-4960-a511-a1ff33ec0d19: start FollowerState
2019-09-25 11:09:43,959 [pool-625-thread-1] INFO  util.JmxRegister (JmxRegister.java:tryRegister(44)) - Successfully registered JMX Bean with object name Ratis:service=RaftServer,group=group-FBC27CE61C2A,id=9c4ccc43-f5ac-4960-a511-a1ff33ec0d19
2019-09-25 11:09:43,961 [RatisPipelineUtilsThread] INFO  pipeline.PipelineStateManager (PipelineStateManager.java:addPipeline(56)) - Created pipeline Pipeline[ Id: edbf75f2-ad31-4db4-8a55-fbc27ce61c2a, Nodes: 9c4ccc43-f5ac-4960-a511-a1ff33ec0d19{ip: 192.168.30.6, host: pr-hdds-1569-5gmkr-4255264070, networkLocation: /default-rack, certSerialId: null}, Type:RATIS, Factor:ONE, State:OPEN]
2019-09-25 11:09:43,961 [RatisPipelineUtilsThread] INFO  pipeline.PipelinePlacementPolicy (PipelinePlacementPolicy.java:meetCriteria(91)) - Pipeline Placement: can't place more pipeline on heavy datanode： deee6178-b1f5-49c6-a192-edc1bfc8677d Heaviness: 6 limit: 5
2019-09-25 11:09:43,961 [RatisPipelineUtilsThread] INFO  pipeline.PipelinePlacementPolicy (PipelinePlacementPolicy.java:meetCriteria(91)) - Pipeline Placement: can't place more pipeline on heavy datanode： 0b288e97-ea7b-4dc2-9c9e-09d2c36158d8 Heaviness: 6 limit: 5
2019-09-25 11:09:43,961 [RatisPipelineUtilsThread] INFO  pipeline.PipelinePlacementPolicy (PipelinePlacementPolicy.java:meetCriteria(91)) - Pipeline Placement: can't place more pipeline on heavy datanode： 07e899c7-9b65-45ad-afd5-2a504e2891bf Heaviness: 6 limit: 5
2019-09-25 11:09:43,961 [RatisPipelineUtilsThread] INFO  pipeline.PipelinePlacementPolicy (PipelinePlacementPolicy.java:meetCriteria(91)) - Pipeline Placement: can't place more pipeline on heavy datanode： 6b5841ea-ab37-40e7-b4af-848a53246ff5 Heaviness: 6 limit: 5
2019-09-25 11:09:43,967 [grpc-default-executor-1] INFO  impl.RaftServerProxy (RaftServerProxy.java:addNew(89)) - e2b10f42-ed4b-4300-a7cb-c770d2b1b0a2: addNew group-161B918587D1:[e2b10f42-ed4b-4300-a7cb-c770d2b1b0a2:192.168.30.6:33746] returns group-161B918587D1:java.util.concurrent.CompletableFuture@5fa51cb9[Not completed]
2019-09-25 11:09:43,968 [pool-645-thread-1] INFO  impl.RaftServerImpl (RaftServerImpl.java:<init>(95)) - e2b10f42-ed4b-4300-a7cb-c770d2b1b0a2: new RaftServerImpl for group-161B918587D1:[e2b10f42-ed4b-4300-a7cb-c770d2b1b0a2:192.168.30.6:33746] with ContainerStateMachine:uninitialized
2019-09-25 11:09:43,969 [pool-645-thread-1] INFO  server.RaftServerConfigKeys (ConfUtils.java:logGet(43)) - raft.server.rpc.timeout.min = 5s (custom)
2019-09-25 11:09:43,969 [pool-645-thread-1] INFO  server.RaftServerConfigKeys (ConfUtils.java:logGet(43)) - raft.server.rpc.timeout.max = 5200ms (custom)
2019-09-25 11:09:43,969 [pool-645-thread-1] INFO  server.RaftServerConfigKeys (ConfUtils.java:logGet(43)) - raft.server.rpcslowness.timeout = 120s (custom)
2019-09-25 11:09:43,969 [pool-645-thread-1] INFO  server.RaftServerConfigKeys (ConfUtils.java:logGet(43)) - raft.server.sleep.deviation.threshold = 300 (default)
2019-09-25 11:09:43,969 [pool-645-thread-1] INFO  server.RaftServerConfigKeys (ConfUtils.java:logGet(43)) - raft.server.log.appender.install.snapshot.enabled = false (custom)
2019-09-25 11:09:43,970 [pool-645-thread-1] INFO  impl.RaftServerImpl (ServerState.java:<init>(103)) - e2b10f42-ed4b-4300-a7cb-c770d2b1b0a2@group-161B918587D1: ConfigurationManager, init=-1: [e2b10f42-ed4b-4300-a7cb-c770d2b1b0a2:192.168.30.6:33746], old=null, confs=<EMPTY_MAP>
2019-09-25 11:09:43,970 [pool-645-thread-1] INFO  server.RaftServerConfigKeys (ConfUtils.java:logGet(43)) - raft.server.storage.dir = [/workdir/hadoop-ozone/integration-test/target/test-dir/MiniOzoneClusterImpl-d8e1effc-caf9-4828-b7f0-59ad57edb745/datanode-6/data/ratis] (custom)
2019-09-25 11:09:43,970 [pool-645-thread-1] INFO  storage.RaftStorageDirectory (RaftStorageDirectory.java:analyzeStorage(246)) - The storage directory /workdir/hadoop-ozone/integration-test/target/test-dir/MiniOzoneClusterImpl-d8e1effc-caf9-4828-b7f0-59ad57edb745/datanode-6/data/ratis/273061f9-7b02-45b6-9cf9-161b918587d1 does not exist. Creating ...
2019-09-25 11:09:43,985 [pool-645-thread-1] INFO  storage.RaftStorageDirectory (RaftStorageDirectory.java:tryLock(328)) - Lock on /workdir/hadoop-ozone/integration-test/target/test-dir/MiniOzoneClusterImpl-d8e1effc-caf9-4828-b7f0-59ad57edb745/datanode-6/data/ratis/273061f9-7b02-45b6-9cf9-161b918587d1/in_use.lock acquired by nodename 21763@pr-hdds-1569-5gmkr-4255264070
2019-09-25 11:09:44,019 [pool-645-thread-1] INFO  storage.RaftStorage (RaftStorage.java:format(72)) - Storage directory /workdir/hadoop-ozone/integration-test/target/test-dir/MiniOzoneClusterImpl-d8e1effc-caf9-4828-b7f0-59ad57edb745/datanode-6/data/ratis/273061f9-7b02-45b6-9cf9-161b918587d1 has been successfully formatted.
2019-09-25 11:09:44,019 [pool-645-thread-1] INFO  ratis.ContainerStateMachine (ContainerStateMachine.java:loadSnapshot(230)) - group-161B918587D1: The snapshot info is null. Setting the last applied indexto:(t:0, i:~)
2019-09-25 11:09:44,020 [pool-645-thread-1] INFO  server.RaftServerConfigKeys (ConfUtils.java:logGet(43)) - raft.server.notification.no-leader.timeout = 120s (custom)
2019-09-25 11:09:44,020 [pool-645-thread-1] INFO  server.RaftServerConfigKeys (ConfUtils.java:logGet(43)) - raft.server.log.use.memory = false (default)
2019-09-25 11:09:44,020 [pool-645-thread-1] INFO  server.RaftServerConfigKeys (ConfUtils.java:logGet(43)) - raft.server.log.purge.gap = 1000000 (custom)
2019-09-25 11:09:44,020 [pool-645-thread-1] INFO  server.RaftServerConfigKeys (ConfUtils.java:logGet(43)) - raft.server.log.appender.buffer.byte-limit = 33554432 (custom)
2019-09-25 11:09:44,020 [pool-645-thread-1] INFO  server.RaftServerConfigKeys (ConfUtils.java:logGet(43)) - raft.server.log.segment.size.max = 1048576 (custom)
2019-09-25 11:09:44,020 [pool-645-thread-1] INFO  server.RaftServerConfigKeys (ConfUtils.java:logGet(43)) - raft.server.log.segment.cache.num.max = 2 (custom)
2019-09-25 11:09:44,021 [pool-645-thread-1] INFO  segmented.SegmentedRaftLogWorker (SegmentedRaftLogWorker.java:<init>(172)) - new e2b10f42-ed4b-4300-a7cb-c770d2b1b0a2@group-161B918587D1-SegmentedRaftLogWorker for RaftStorage:Storage Directory /workdir/hadoop-ozone/integration-test/target/test-dir/MiniOzoneClusterImpl-d8e1effc-caf9-4828-b7f0-59ad57edb745/datanode-6/data/ratis/273061f9-7b02-45b6-9cf9-161b918587d1
2019-09-25 11:09:44,021 [pool-645-thread-1] INFO  server.RaftServerConfigKeys (ConfUtils.java:logGet(43)) - raft.server.log.queue.byte-limit = 2147483647 (custom)
2019-09-25 11:09:44,021 [pool-645-thread-1] INFO  server.RaftServerConfigKeys (ConfUtils.java:logGet(43)) - raft.server.log.queue.element-limit = 1024 (custom)
2019-09-25 11:09:44,021 [pool-645-thread-1] INFO  server.RaftServerConfigKeys (ConfUtils.java:logGet(43)) - raft.server.log.segment.size.max = 1048576 (custom)
2019-09-25 11:09:44,021 [pool-645-thread-1] INFO  server.RaftServerConfigKeys (ConfUtils.java:logGet(43)) - raft.server.log.preallocated.size = 16384 (custom)
2019-09-25 11:09:44,021 [pool-645-thread-1] INFO  server.RaftServerConfigKeys (ConfUtils.java:logGet(43)) - raft.server.log.write.buffer.size = 33554432 (custom)
2019-09-25 11:09:44,021 [pool-645-thread-1] INFO  server.RaftServerConfigKeys (ConfUtils.java:logGet(43)) - raft.server.log.force.sync.num = 128 (default)
2019-09-25 11:09:44,022 [pool-645-thread-1] INFO  server.RaftServerConfigKeys (ConfUtils.java:logGet(43)) - raft.server.log.statemachine.data.sync = true (default)
2019-09-25 11:09:44,022 [pool-645-thread-1] INFO  server.RaftServerConfigKeys (ConfUtils.java:logGet(43)) - raft.server.log.statemachine.data.sync.timeout = 10s (default)
2019-09-25 11:09:44,022 [pool-645-thread-1] INFO  server.RaftServerConfigKeys (ConfUtils.java:logGet(43)) - raft.server.log.statemachine.data.sync.timeout.retry = -1 (default)
2019-09-25 11:09:44,022 [pool-645-thread-1] INFO  server.RaftServerConfigKeys (ConfUtils.java:logGet(43)) - raft.server.log.statemachine.data.caching.enabled = true (custom)
2019-09-25 11:09:44,022 [pool-645-thread-1] INFO  segmented.SegmentedRaftLogWorker (SegmentedRaftLogWorker.java:lambda$new$0(132)) - e2b10f42-ed4b-4300-a7cb-c770d2b1b0a2@group-161B918587D1-SegmentedRaftLogWorker: flushIndex: setUnconditionally 0 -> -1
2019-09-25 11:09:44,023 [pool-645-thread-1] INFO  server.RaftServerConfigKeys (ConfUtils.java:logGet(43)) - raft.server.snapshot.auto.trigger.enabled = true (custom)
2019-09-25 11:09:44,023 [pool-645-thread-1] INFO  server.RaftServerConfigKeys (ConfUtils.java:logGet(43)) - raft.server.snapshot.auto.trigger.threshold = 10000 (custom)
2019-09-25 11:09:44,023 [pool-645-thread-1] INFO  server.RaftServerConfigKeys (ConfUtils.java:logGet(43)) - raft.server.snapshot.retention.num.files = 5 (custom)
2019-09-25 11:09:44,023 [pool-645-thread-1] INFO  server.RaftServerConfigKeys (ConfUtils.java:logGet(43)) - raft.server.retrycache.expirytime = 600000ms (custom)
2019-09-25 11:09:44,025 [pool-645-thread-1] INFO  impl.RaftServerImpl (RaftServerImpl.java:start(185)) - e2b10f42-ed4b-4300-a7cb-c770d2b1b0a2@group-161B918587D1: start as a follower, conf=-1: [e2b10f42-ed4b-4300-a7cb-c770d2b1b0a2:192.168.30.6:33746], old=null
2019-09-25 11:09:44,025 [pool-645-thread-1] INFO  impl.RaftServerImpl (RaftServerImpl.java:setRole(174)) - e2b10f42-ed4b-4300-a7cb-c770d2b1b0a2@group-161B918587D1: changes role from      null to FOLLOWER at term 0 for startAsFollower
2019-09-25 11:09:44,025 [pool-645-thread-1] INFO  impl.RoleInfo (RoleInfo.java:updateAndGet(143)) - e2b10f42-ed4b-4300-a7cb-c770d2b1b0a2: start FollowerState
2019-09-25 11:09:44,025 [pool-645-thread-1] INFO  util.JmxRegister (JmxRegister.java:tryRegister(44)) - Successfully registered JMX Bean with object name Ratis:service=RaftServer,group=group-161B918587D1,id=e2b10f42-ed4b-4300-a7cb-c770d2b1b0a2
2019-09-25 11:09:44,028 [RatisPipelineUtilsThread] INFO  pipeline.PipelineStateManager (PipelineStateManager.java:addPipeline(56)) - Created pipeline Pipeline[ Id: 273061f9-7b02-45b6-9cf9-161b918587d1, Nodes: e2b10f42-ed4b-4300-a7cb-c770d2b1b0a2{ip: 192.168.30.6, host: pr-hdds-1569-5gmkr-4255264070, networkLocation: /default-rack, certSerialId: null}, Type:RATIS, Factor:ONE, State:OPEN]
2019-09-25 11:09:44,028 [RatisPipelineUtilsThread] INFO  pipeline.PipelinePlacementPolicy (PipelinePlacementPolicy.java:meetCriteria(91)) - Pipeline Placement: can't place more pipeline on heavy datanode： deee6178-b1f5-49c6-a192-edc1bfc8677d Heaviness: 6 limit: 5
2019-09-25 11:09:44,028 [RatisPipelineUtilsThread] INFO  pipeline.PipelinePlacementPolicy (PipelinePlacementPolicy.java:meetCriteria(91)) - Pipeline Placement: can't place more pipeline on heavy datanode： 0b288e97-ea7b-4dc2-9c9e-09d2c36158d8 Heaviness: 6 limit: 5
2019-09-25 11:09:44,029 [RatisPipelineUtilsThread] INFO  pipeline.PipelinePlacementPolicy (PipelinePlacementPolicy.java:meetCriteria(91)) - Pipeline Placement: can't place more pipeline on heavy datanode： 07e899c7-9b65-45ad-afd5-2a504e2891bf Heaviness: 6 limit: 5
2019-09-25 11:09:44,029 [RatisPipelineUtilsThread] INFO  pipeline.PipelinePlacementPolicy (PipelinePlacementPolicy.java:meetCriteria(91)) - Pipeline Placement: can't place more pipeline on heavy datanode： 6b5841ea-ab37-40e7-b4af-848a53246ff5 Heaviness: 6 limit: 5
2019-09-25 11:09:44,033 [grpc-default-executor-1] INFO  impl.RaftServerProxy (RaftServerProxy.java:addNew(89)) - 9c4ccc43-f5ac-4960-a511-a1ff33ec0d19: addNew group-39E95C652D40:[9c4ccc43-f5ac-4960-a511-a1ff33ec0d19:192.168.30.6:45264] returns group-39E95C652D40:java.util.concurrent.CompletableFuture@32aa882f[Not completed]
2019-09-25 11:09:44,033 [pool-625-thread-1] INFO  impl.RaftServerImpl (RaftServerImpl.java:<init>(95)) - 9c4ccc43-f5ac-4960-a511-a1ff33ec0d19: new RaftServerImpl for group-39E95C652D40:[9c4ccc43-f5ac-4960-a511-a1ff33ec0d19:192.168.30.6:45264] with ContainerStateMachine:uninitialized
2019-09-25 11:09:44,034 [pool-625-thread-1] INFO  server.RaftServerConfigKeys (ConfUtils.java:logGet(43)) - raft.server.rpc.timeout.min = 5s (custom)
2019-09-25 11:09:44,034 [pool-625-thread-1] INFO  server.RaftServerConfigKeys (ConfUtils.java:logGet(43)) - raft.server.rpc.timeout.max = 5200ms (custom)
2019-09-25 11:09:44,034 [pool-625-thread-1] INFO  server.RaftServerConfigKeys (ConfUtils.java:logGet(43)) - raft.server.rpcslowness.timeout = 120s (custom)
2019-09-25 11:09:44,034 [pool-625-thread-1] INFO  server.RaftServerConfigKeys (ConfUtils.java:logGet(43)) - raft.server.sleep.deviation.threshold = 300 (default)
2019-09-25 11:09:44,034 [pool-625-thread-1] INFO  server.RaftServerConfigKeys (ConfUtils.java:logGet(43)) - raft.server.log.appender.install.snapshot.enabled = false (custom)
2019-09-25 11:09:44,034 [pool-625-thread-1] INFO  impl.RaftServerImpl (ServerState.java:<init>(103)) - 9c4ccc43-f5ac-4960-a511-a1ff33ec0d19@group-39E95C652D40: ConfigurationManager, init=-1: [9c4ccc43-f5ac-4960-a511-a1ff33ec0d19:192.168.30.6:45264], old=null, confs=<EMPTY_MAP>
2019-09-25 11:09:44,034 [pool-625-thread-1] INFO  server.RaftServerConfigKeys (ConfUtils.java:logGet(43)) - raft.server.storage.dir = [/workdir/hadoop-ozone/integration-test/target/test-dir/MiniOzoneClusterImpl-d8e1effc-caf9-4828-b7f0-59ad57edb745/datanode-4/data/ratis] (custom)
2019-09-25 11:09:44,034 [pool-625-thread-1] INFO  storage.RaftStorageDirectory (RaftStorageDirectory.java:analyzeStorage(246)) - The storage directory /workdir/hadoop-ozone/integration-test/target/test-dir/MiniOzoneClusterImpl-d8e1effc-caf9-4828-b7f0-59ad57edb745/datanode-4/data/ratis/e3929b7d-1e58-4a8a-9746-39e95c652d40 does not exist. Creating ...
2019-09-25 11:09:44,049 [pool-625-thread-1] INFO  storage.RaftStorageDirectory (RaftStorageDirectory.java:tryLock(328)) - Lock on /workdir/hadoop-ozone/integration-test/target/test-dir/MiniOzoneClusterImpl-d8e1effc-caf9-4828-b7f0-59ad57edb745/datanode-4/data/ratis/e3929b7d-1e58-4a8a-9746-39e95c652d40/in_use.lock acquired by nodename 21763@pr-hdds-1569-5gmkr-4255264070
2019-09-25 11:09:44,062 [pool-625-thread-1] INFO  storage.RaftStorage (RaftStorage.java:format(72)) - Storage directory /workdir/hadoop-ozone/integration-test/target/test-dir/MiniOzoneClusterImpl-d8e1effc-caf9-4828-b7f0-59ad57edb745/datanode-4/data/ratis/e3929b7d-1e58-4a8a-9746-39e95c652d40 has been successfully formatted.
2019-09-25 11:09:44,063 [pool-625-thread-1] INFO  ratis.ContainerStateMachine (ContainerStateMachine.java:loadSnapshot(230)) - group-39E95C652D40: The snapshot info is null. Setting the last applied indexto:(t:0, i:~)
2019-09-25 11:09:44,063 [pool-625-thread-1] INFO  server.RaftServerConfigKeys (ConfUtils.java:logGet(43)) - raft.server.notification.no-leader.timeout = 120s (custom)
2019-09-25 11:09:44,063 [pool-625-thread-1] INFO  server.RaftServerConfigKeys (ConfUtils.java:logGet(43)) - raft.server.log.use.memory = false (default)
2019-09-25 11:09:44,063 [pool-625-thread-1] INFO  server.RaftServerConfigKeys (ConfUtils.java:logGet(43)) - raft.server.log.purge.gap = 1000000 (custom)
2019-09-25 11:09:44,063 [pool-625-thread-1] INFO  server.RaftServerConfigKeys (ConfUtils.java:logGet(43)) - raft.server.log.appender.buffer.byte-limit = 33554432 (custom)
2019-09-25 11:09:44,063 [pool-625-thread-1] INFO  server.RaftServerConfigKeys (ConfUtils.java:logGet(43)) - raft.server.log.segment.size.max = 1048576 (custom)
2019-09-25 11:09:44,063 [pool-625-thread-1] INFO  server.RaftServerConfigKeys (ConfUtils.java:logGet(43)) - raft.server.log.segment.cache.num.max = 2 (custom)
2019-09-25 11:09:44,063 [pool-625-thread-1] INFO  segmented.SegmentedRaftLogWorker (SegmentedRaftLogWorker.java:<init>(172)) - new 9c4ccc43-f5ac-4960-a511-a1ff33ec0d19@group-39E95C652D40-SegmentedRaftLogWorker for RaftStorage:Storage Directory /workdir/hadoop-ozone/integration-test/target/test-dir/MiniOzoneClusterImpl-d8e1effc-caf9-4828-b7f0-59ad57edb745/datanode-4/data/ratis/e3929b7d-1e58-4a8a-9746-39e95c652d40
2019-09-25 11:09:44,063 [pool-625-thread-1] INFO  server.RaftServerConfigKeys (ConfUtils.java:logGet(43)) - raft.server.log.queue.byte-limit = 2147483647 (custom)
2019-09-25 11:09:44,064 [pool-625-thread-1] INFO  server.RaftServerConfigKeys (ConfUtils.java:logGet(43)) - raft.server.log.queue.element-limit = 1024 (custom)
2019-09-25 11:09:44,064 [pool-625-thread-1] INFO  server.RaftServerConfigKeys (ConfUtils.java:logGet(43)) - raft.server.log.segment.size.max = 1048576 (custom)
2019-09-25 11:09:44,064 [pool-625-thread-1] INFO  server.RaftServerConfigKeys (ConfUtils.java:logGet(43)) - raft.server.log.preallocated.size = 16384 (custom)
2019-09-25 11:09:44,064 [pool-625-thread-1] INFO  server.RaftServerConfigKeys (ConfUtils.java:logGet(43)) - raft.server.log.write.buffer.size = 33554432 (custom)
2019-09-25 11:09:44,064 [pool-625-thread-1] INFO  server.RaftServerConfigKeys (ConfUtils.java:logGet(43)) - raft.server.log.force.sync.num = 128 (default)
2019-09-25 11:09:44,064 [pool-625-thread-1] INFO  server.RaftServerConfigKeys (ConfUtils.java:logGet(43)) - raft.server.log.statemachine.data.sync = true (default)
2019-09-25 11:09:44,064 [pool-625-thread-1] INFO  server.RaftServerConfigKeys (ConfUtils.java:logGet(43)) - raft.server.log.statemachine.data.sync.timeout = 10s (default)
2019-09-25 11:09:44,064 [pool-625-thread-1] INFO  server.RaftServerConfigKeys (ConfUtils.java:logGet(43)) - raft.server.log.statemachine.data.sync.timeout.retry = -1 (default)
2019-09-25 11:09:44,064 [pool-625-thread-1] INFO  server.RaftServerConfigKeys (ConfUtils.java:logGet(43)) - raft.server.log.statemachine.data.caching.enabled = true (custom)
2019-09-25 11:09:44,064 [pool-625-thread-1] INFO  segmented.SegmentedRaftLogWorker (SegmentedRaftLogWorker.java:lambda$new$0(132)) - 9c4ccc43-f5ac-4960-a511-a1ff33ec0d19@group-39E95C652D40-SegmentedRaftLogWorker: flushIndex: setUnconditionally 0 -> -1
2019-09-25 11:09:44,065 [pool-625-thread-1] INFO  server.RaftServerConfigKeys (ConfUtils.java:logGet(43)) - raft.server.snapshot.auto.trigger.enabled = true (custom)
2019-09-25 11:09:44,065 [pool-625-thread-1] INFO  server.RaftServerConfigKeys (ConfUtils.java:logGet(43)) - raft.server.snapshot.auto.trigger.threshold = 10000 (custom)
2019-09-25 11:09:44,065 [pool-625-thread-1] INFO  server.RaftServerConfigKeys (ConfUtils.java:logGet(43)) - raft.server.snapshot.retention.num.files = 5 (custom)
2019-09-25 11:09:44,065 [pool-625-thread-1] INFO  server.RaftServerConfigKeys (ConfUtils.java:logGet(43)) - raft.server.retrycache.expirytime = 600000ms (custom)
2019-09-25 11:09:44,066 [pool-625-thread-1] INFO  impl.RaftServerImpl (RaftServerImpl.java:start(185)) - 9c4ccc43-f5ac-4960-a511-a1ff33ec0d19@group-39E95C652D40: start as a follower, conf=-1: [9c4ccc43-f5ac-4960-a511-a1ff33ec0d19:192.168.30.6:45264], old=null
2019-09-25 11:09:44,066 [pool-625-thread-1] INFO  impl.RaftServerImpl (RaftServerImpl.java:setRole(174)) - 9c4ccc43-f5ac-4960-a511-a1ff33ec0d19@group-39E95C652D40: changes role from      null to FOLLOWER at term 0 for startAsFollower
2019-09-25 11:09:44,066 [pool-625-thread-1] INFO  impl.RoleInfo (RoleInfo.java:updateAndGet(143)) - 9c4ccc43-f5ac-4960-a511-a1ff33ec0d19: start FollowerState
2019-09-25 11:09:44,067 [pool-625-thread-1] INFO  util.JmxRegister (JmxRegister.java:tryRegister(44)) - Successfully registered JMX Bean with object name Ratis:service=RaftServer,group=group-39E95C652D40,id=9c4ccc43-f5ac-4960-a511-a1ff33ec0d19
2019-09-25 11:09:44,068 [RatisPipelineUtilsThread] INFO  pipeline.PipelineStateManager (PipelineStateManager.java:addPipeline(56)) - Created pipeline Pipeline[ Id: e3929b7d-1e58-4a8a-9746-39e95c652d40, Nodes: 9c4ccc43-f5ac-4960-a511-a1ff33ec0d19{ip: 192.168.30.6, host: pr-hdds-1569-5gmkr-4255264070, networkLocation: /default-rack, certSerialId: null}, Type:RATIS, Factor:ONE, State:OPEN]
2019-09-25 11:09:44,068 [RatisPipelineUtilsThread] INFO  pipeline.PipelinePlacementPolicy (PipelinePlacementPolicy.java:meetCriteria(91)) - Pipeline Placement: can't place more pipeline on heavy datanode： deee6178-b1f5-49c6-a192-edc1bfc8677d Heaviness: 6 limit: 5
2019-09-25 11:09:44,069 [RatisPipelineUtilsThread] INFO  pipeline.PipelinePlacementPolicy (PipelinePlacementPolicy.java:meetCriteria(91)) - Pipeline Placement: can't place more pipeline on heavy datanode： 0b288e97-ea7b-4dc2-9c9e-09d2c36158d8 Heaviness: 6 limit: 5
2019-09-25 11:09:44,069 [RatisPipelineUtilsThread] INFO  pipeline.PipelinePlacementPolicy (PipelinePlacementPolicy.java:meetCriteria(91)) - Pipeline Placement: can't place more pipeline on heavy datanode： 07e899c7-9b65-45ad-afd5-2a504e2891bf Heaviness: 6 limit: 5
2019-09-25 11:09:44,069 [RatisPipelineUtilsThread] INFO  pipeline.PipelinePlacementPolicy (PipelinePlacementPolicy.java:meetCriteria(91)) - Pipeline Placement: can't place more pipeline on heavy datanode： 6b5841ea-ab37-40e7-b4af-848a53246ff5 Heaviness: 6 limit: 5
2019-09-25 11:09:44,072 [grpc-default-executor-1] INFO  impl.RaftServerProxy (RaftServerProxy.java:addNew(89)) - f195ac4f-a279-4102-9716-e02d49b9162a: addNew group-A0C69D2B2933:[f195ac4f-a279-4102-9716-e02d49b9162a:192.168.30.6:37523] returns group-A0C69D2B2933:java.util.concurrent.CompletableFuture@601dfca6[Not completed]
2019-09-25 11:09:44,073 [pool-635-thread-1] INFO  impl.RaftServerImpl (RaftServerImpl.java:<init>(95)) - f195ac4f-a279-4102-9716-e02d49b9162a: new RaftServerImpl for group-A0C69D2B2933:[f195ac4f-a279-4102-9716-e02d49b9162a:192.168.30.6:37523] with ContainerStateMachine:uninitialized
2019-09-25 11:09:44,073 [pool-635-thread-1] INFO  server.RaftServerConfigKeys (ConfUtils.java:logGet(43)) - raft.server.rpc.timeout.min = 5s (custom)
2019-09-25 11:09:44,073 [pool-635-thread-1] INFO  server.RaftServerConfigKeys (ConfUtils.java:logGet(43)) - raft.server.rpc.timeout.max = 5200ms (custom)
2019-09-25 11:09:44,073 [pool-635-thread-1] INFO  server.RaftServerConfigKeys (ConfUtils.java:logGet(43)) - raft.server.rpcslowness.timeout = 120s (custom)
2019-09-25 11:09:44,073 [pool-635-thread-1] INFO  server.RaftServerConfigKeys (ConfUtils.java:logGet(43)) - raft.server.sleep.deviation.threshold = 300 (default)
2019-09-25 11:09:44,073 [pool-635-thread-1] INFO  server.RaftServerConfigKeys (ConfUtils.java:logGet(43)) - raft.server.log.appender.install.snapshot.enabled = false (custom)
2019-09-25 11:09:44,073 [pool-635-thread-1] INFO  impl.RaftServerImpl (ServerState.java:<init>(103)) - f195ac4f-a279-4102-9716-e02d49b9162a@group-A0C69D2B2933: ConfigurationManager, init=-1: [f195ac4f-a279-4102-9716-e02d49b9162a:192.168.30.6:37523], old=null, confs=<EMPTY_MAP>
2019-09-25 11:09:44,074 [pool-635-thread-1] INFO  server.RaftServerConfigKeys (ConfUtils.java:logGet(43)) - raft.server.storage.dir = [/workdir/hadoop-ozone/integration-test/target/test-dir/MiniOzoneClusterImpl-d8e1effc-caf9-4828-b7f0-59ad57edb745/datanode-5/data/ratis] (custom)
2019-09-25 11:09:44,074 [pool-635-thread-1] INFO  storage.RaftStorageDirectory (RaftStorageDirectory.java:analyzeStorage(246)) - The storage directory /workdir/hadoop-ozone/integration-test/target/test-dir/MiniOzoneClusterImpl-d8e1effc-caf9-4828-b7f0-59ad57edb745/datanode-5/data/ratis/ab64ede2-da44-4f73-8f7f-a0c69d2b2933 does not exist. Creating ...
2019-09-25 11:09:44,088 [pool-635-thread-1] INFO  storage.RaftStorageDirectory (RaftStorageDirectory.java:tryLock(328)) - Lock on /workdir/hadoop-ozone/integration-test/target/test-dir/MiniOzoneClusterImpl-d8e1effc-caf9-4828-b7f0-59ad57edb745/datanode-5/data/ratis/ab64ede2-da44-4f73-8f7f-a0c69d2b2933/in_use.lock acquired by nodename 21763@pr-hdds-1569-5gmkr-4255264070
2019-09-25 11:09:44,102 [pool-635-thread-1] INFO  storage.RaftStorage (RaftStorage.java:format(72)) - Storage directory /workdir/hadoop-ozone/integration-test/target/test-dir/MiniOzoneClusterImpl-d8e1effc-caf9-4828-b7f0-59ad57edb745/datanode-5/data/ratis/ab64ede2-da44-4f73-8f7f-a0c69d2b2933 has been successfully formatted.
2019-09-25 11:09:44,102 [pool-635-thread-1] INFO  ratis.ContainerStateMachine (ContainerStateMachine.java:loadSnapshot(230)) - group-A0C69D2B2933: The snapshot info is null. Setting the last applied indexto:(t:0, i:~)
2019-09-25 11:09:44,102 [pool-635-thread-1] INFO  server.RaftServerConfigKeys (ConfUtils.java:logGet(43)) - raft.server.notification.no-leader.timeout = 120s (custom)
2019-09-25 11:09:44,102 [pool-635-thread-1] INFO  server.RaftServerConfigKeys (ConfUtils.java:logGet(43)) - raft.server.log.use.memory = false (default)
2019-09-25 11:09:44,102 [pool-635-thread-1] INFO  server.RaftServerConfigKeys (ConfUtils.java:logGet(43)) - raft.server.log.purge.gap = 1000000 (custom)
2019-09-25 11:09:44,103 [pool-635-thread-1] INFO  server.RaftServerConfigKeys (ConfUtils.java:logGet(43)) - raft.server.log.appender.buffer.byte-limit = 33554432 (custom)
2019-09-25 11:09:44,103 [pool-635-thread-1] INFO  server.RaftServerConfigKeys (ConfUtils.java:logGet(43)) - raft.server.log.segment.size.max = 1048576 (custom)
2019-09-25 11:09:44,103 [pool-635-thread-1] INFO  server.RaftServerConfigKeys (ConfUtils.java:logGet(43)) - raft.server.log.segment.cache.num.max = 2 (custom)
2019-09-25 11:09:44,103 [pool-635-thread-1] INFO  segmented.SegmentedRaftLogWorker (SegmentedRaftLogWorker.java:<init>(172)) - new f195ac4f-a279-4102-9716-e02d49b9162a@group-A0C69D2B2933-SegmentedRaftLogWorker for RaftStorage:Storage Directory /workdir/hadoop-ozone/integration-test/target/test-dir/MiniOzoneClusterImpl-d8e1effc-caf9-4828-b7f0-59ad57edb745/datanode-5/data/ratis/ab64ede2-da44-4f73-8f7f-a0c69d2b2933
2019-09-25 11:09:44,103 [pool-635-thread-1] INFO  server.RaftServerConfigKeys (ConfUtils.java:logGet(43)) - raft.server.log.queue.byte-limit = 2147483647 (custom)
2019-09-25 11:09:44,103 [pool-635-thread-1] INFO  server.RaftServerConfigKeys (ConfUtils.java:logGet(43)) - raft.server.log.queue.element-limit = 1024 (custom)
2019-09-25 11:09:44,103 [pool-635-thread-1] INFO  server.RaftServerConfigKeys (ConfUtils.java:logGet(43)) - raft.server.log.segment.size.max = 1048576 (custom)
2019-09-25 11:09:44,103 [pool-635-thread-1] INFO  server.RaftServerConfigKeys (ConfUtils.java:logGet(43)) - raft.server.log.preallocated.size = 16384 (custom)
2019-09-25 11:09:44,103 [pool-635-thread-1] INFO  server.RaftServerConfigKeys (ConfUtils.java:logGet(43)) - raft.server.log.write.buffer.size = 33554432 (custom)
2019-09-25 11:09:44,104 [pool-635-thread-1] INFO  server.RaftServerConfigKeys (ConfUtils.java:logGet(43)) - raft.server.log.force.sync.num = 128 (default)
2019-09-25 11:09:44,104 [pool-635-thread-1] INFO  server.RaftServerConfigKeys (ConfUtils.java:logGet(43)) - raft.server.log.statemachine.data.sync = true (default)
2019-09-25 11:09:44,104 [pool-635-thread-1] INFO  server.RaftServerConfigKeys (ConfUtils.java:logGet(43)) - raft.server.log.statemachine.data.sync.timeout = 10s (default)
2019-09-25 11:09:44,104 [pool-635-thread-1] INFO  server.RaftServerConfigKeys (ConfUtils.java:logGet(43)) - raft.server.log.statemachine.data.sync.timeout.retry = -1 (default)
2019-09-25 11:09:44,104 [pool-635-thread-1] INFO  server.RaftServerConfigKeys (ConfUtils.java:logGet(43)) - raft.server.log.statemachine.data.caching.enabled = true (custom)
2019-09-25 11:09:44,104 [pool-635-thread-1] INFO  segmented.SegmentedRaftLogWorker (SegmentedRaftLogWorker.java:lambda$new$0(132)) - f195ac4f-a279-4102-9716-e02d49b9162a@group-A0C69D2B2933-SegmentedRaftLogWorker: flushIndex: setUnconditionally 0 -> -1
2019-09-25 11:09:44,104 [pool-635-thread-1] INFO  server.RaftServerConfigKeys (ConfUtils.java:logGet(43)) - raft.server.snapshot.auto.trigger.enabled = true (custom)
2019-09-25 11:09:44,105 [pool-635-thread-1] INFO  server.RaftServerConfigKeys (ConfUtils.java:logGet(43)) - raft.server.snapshot.auto.trigger.threshold = 10000 (custom)
2019-09-25 11:09:44,105 [pool-635-thread-1] INFO  server.RaftServerConfigKeys (ConfUtils.java:logGet(43)) - raft.server.snapshot.retention.num.files = 5 (custom)
2019-09-25 11:09:44,105 [pool-635-thread-1] INFO  server.RaftServerConfigKeys (ConfUtils.java:logGet(43)) - raft.server.retrycache.expirytime = 600000ms (custom)
2019-09-25 11:09:44,106 [pool-635-thread-1] INFO  impl.RaftServerImpl (RaftServerImpl.java:start(185)) - f195ac4f-a279-4102-9716-e02d49b9162a@group-A0C69D2B2933: start as a follower, conf=-1: [f195ac4f-a279-4102-9716-e02d49b9162a:192.168.30.6:37523], old=null
2019-09-25 11:09:44,107 [pool-635-thread-1] INFO  impl.RaftServerImpl (RaftServerImpl.java:setRole(174)) - f195ac4f-a279-4102-9716-e02d49b9162a@group-A0C69D2B2933: changes role from      null to FOLLOWER at term 0 for startAsFollower
2019-09-25 11:09:44,107 [pool-635-thread-1] INFO  impl.RoleInfo (RoleInfo.java:updateAndGet(143)) - f195ac4f-a279-4102-9716-e02d49b9162a: start FollowerState
2019-09-25 11:09:44,107 [pool-635-thread-1] INFO  util.JmxRegister (JmxRegister.java:tryRegister(44)) - Successfully registered JMX Bean with object name Ratis:service=RaftServer,group=group-A0C69D2B2933,id=f195ac4f-a279-4102-9716-e02d49b9162a
2019-09-25 11:09:44,109 [RatisPipelineUtilsThread] INFO  pipeline.PipelineStateManager (PipelineStateManager.java:addPipeline(56)) - Created pipeline Pipeline[ Id: ab64ede2-da44-4f73-8f7f-a0c69d2b2933, Nodes: f195ac4f-a279-4102-9716-e02d49b9162a{ip: 192.168.30.6, host: pr-hdds-1569-5gmkr-4255264070, networkLocation: /default-rack, certSerialId: null}, Type:RATIS, Factor:ONE, State:OPEN]
2019-09-25 11:09:44,109 [RatisPipelineUtilsThread] INFO  pipeline.PipelinePlacementPolicy (PipelinePlacementPolicy.java:meetCriteria(91)) - Pipeline Placement: can't place more pipeline on heavy datanode： deee6178-b1f5-49c6-a192-edc1bfc8677d Heaviness: 6 limit: 5
2019-09-25 11:09:44,109 [RatisPipelineUtilsThread] INFO  pipeline.PipelinePlacementPolicy (PipelinePlacementPolicy.java:meetCriteria(91)) - Pipeline Placement: can't place more pipeline on heavy datanode： 0b288e97-ea7b-4dc2-9c9e-09d2c36158d8 Heaviness: 6 limit: 5
2019-09-25 11:09:44,110 [RatisPipelineUtilsThread] INFO  pipeline.PipelinePlacementPolicy (PipelinePlacementPolicy.java:meetCriteria(91)) - Pipeline Placement: can't place more pipeline on heavy datanode： 07e899c7-9b65-45ad-afd5-2a504e2891bf Heaviness: 6 limit: 5
2019-09-25 11:09:44,110 [RatisPipelineUtilsThread] INFO  pipeline.PipelinePlacementPolicy (PipelinePlacementPolicy.java:meetCriteria(91)) - Pipeline Placement: can't place more pipeline on heavy datanode： 6b5841ea-ab37-40e7-b4af-848a53246ff5 Heaviness: 6 limit: 5
2019-09-25 11:09:44,113 [grpc-default-executor-1] INFO  impl.RaftServerProxy (RaftServerProxy.java:addNew(89)) - f195ac4f-a279-4102-9716-e02d49b9162a: addNew group-C8BDC1027D85:[f195ac4f-a279-4102-9716-e02d49b9162a:192.168.30.6:37523] returns group-C8BDC1027D85:java.util.concurrent.CompletableFuture@3e5d442a[Not completed]
2019-09-25 11:09:44,114 [pool-635-thread-1] INFO  impl.RaftServerImpl (RaftServerImpl.java:<init>(95)) - f195ac4f-a279-4102-9716-e02d49b9162a: new RaftServerImpl for group-C8BDC1027D85:[f195ac4f-a279-4102-9716-e02d49b9162a:192.168.30.6:37523] with ContainerStateMachine:uninitialized
2019-09-25 11:09:44,114 [pool-635-thread-1] INFO  server.RaftServerConfigKeys (ConfUtils.java:logGet(43)) - raft.server.rpc.timeout.min = 5s (custom)
2019-09-25 11:09:44,114 [pool-635-thread-1] INFO  server.RaftServerConfigKeys (ConfUtils.java:logGet(43)) - raft.server.rpc.timeout.max = 5200ms (custom)
2019-09-25 11:09:44,114 [pool-635-thread-1] INFO  server.RaftServerConfigKeys (ConfUtils.java:logGet(43)) - raft.server.rpcslowness.timeout = 120s (custom)
2019-09-25 11:09:44,114 [pool-635-thread-1] INFO  server.RaftServerConfigKeys (ConfUtils.java:logGet(43)) - raft.server.sleep.deviation.threshold = 300 (default)
2019-09-25 11:09:44,114 [pool-635-thread-1] INFO  server.RaftServerConfigKeys (ConfUtils.java:logGet(43)) - raft.server.log.appender.install.snapshot.enabled = false (custom)
2019-09-25 11:09:44,114 [pool-635-thread-1] INFO  impl.RaftServerImpl (ServerState.java:<init>(103)) - f195ac4f-a279-4102-9716-e02d49b9162a@group-C8BDC1027D85: ConfigurationManager, init=-1: [f195ac4f-a279-4102-9716-e02d49b9162a:192.168.30.6:37523], old=null, confs=<EMPTY_MAP>
2019-09-25 11:09:44,114 [pool-635-thread-1] INFO  server.RaftServerConfigKeys (ConfUtils.java:logGet(43)) - raft.server.storage.dir = [/workdir/hadoop-ozone/integration-test/target/test-dir/MiniOzoneClusterImpl-d8e1effc-caf9-4828-b7f0-59ad57edb745/datanode-5/data/ratis] (custom)
2019-09-25 11:09:44,115 [pool-635-thread-1] INFO  storage.RaftStorageDirectory (RaftStorageDirectory.java:analyzeStorage(246)) - The storage directory /workdir/hadoop-ozone/integration-test/target/test-dir/MiniOzoneClusterImpl-d8e1effc-caf9-4828-b7f0-59ad57edb745/datanode-5/data/ratis/fc4c2288-ff28-476f-aea4-c8bdc1027d85 does not exist. Creating ...
2019-09-25 11:09:44,128 [pool-635-thread-1] INFO  storage.RaftStorageDirectory (RaftStorageDirectory.java:tryLock(328)) - Lock on /workdir/hadoop-ozone/integration-test/target/test-dir/MiniOzoneClusterImpl-d8e1effc-caf9-4828-b7f0-59ad57edb745/datanode-5/data/ratis/fc4c2288-ff28-476f-aea4-c8bdc1027d85/in_use.lock acquired by nodename 21763@pr-hdds-1569-5gmkr-4255264070
2019-09-25 11:09:44,142 [pool-635-thread-1] INFO  storage.RaftStorage (RaftStorage.java:format(72)) - Storage directory /workdir/hadoop-ozone/integration-test/target/test-dir/MiniOzoneClusterImpl-d8e1effc-caf9-4828-b7f0-59ad57edb745/datanode-5/data/ratis/fc4c2288-ff28-476f-aea4-c8bdc1027d85 has been successfully formatted.
2019-09-25 11:09:44,142 [pool-635-thread-1] INFO  ratis.ContainerStateMachine (ContainerStateMachine.java:loadSnapshot(230)) - group-C8BDC1027D85: The snapshot info is null. Setting the last applied indexto:(t:0, i:~)
2019-09-25 11:09:44,142 [pool-635-thread-1] INFO  server.RaftServerConfigKeys (ConfUtils.java:logGet(43)) - raft.server.notification.no-leader.timeout = 120s (custom)
2019-09-25 11:09:44,142 [pool-635-thread-1] INFO  server.RaftServerConfigKeys (ConfUtils.java:logGet(43)) - raft.server.log.use.memory = false (default)
2019-09-25 11:09:44,142 [pool-635-thread-1] INFO  server.RaftServerConfigKeys (ConfUtils.java:logGet(43)) - raft.server.log.purge.gap = 1000000 (custom)
2019-09-25 11:09:44,142 [pool-635-thread-1] INFO  server.RaftServerConfigKeys (ConfUtils.java:logGet(43)) - raft.server.log.appender.buffer.byte-limit = 33554432 (custom)
2019-09-25 11:09:44,143 [pool-635-thread-1] INFO  server.RaftServerConfigKeys (ConfUtils.java:logGet(43)) - raft.server.log.segment.size.max = 1048576 (custom)
2019-09-25 11:09:44,143 [pool-635-thread-1] INFO  server.RaftServerConfigKeys (ConfUtils.java:logGet(43)) - raft.server.log.segment.cache.num.max = 2 (custom)
2019-09-25 11:09:44,143 [pool-635-thread-1] INFO  segmented.SegmentedRaftLogWorker (SegmentedRaftLogWorker.java:<init>(172)) - new f195ac4f-a279-4102-9716-e02d49b9162a@group-C8BDC1027D85-SegmentedRaftLogWorker for RaftStorage:Storage Directory /workdir/hadoop-ozone/integration-test/target/test-dir/MiniOzoneClusterImpl-d8e1effc-caf9-4828-b7f0-59ad57edb745/datanode-5/data/ratis/fc4c2288-ff28-476f-aea4-c8bdc1027d85
2019-09-25 11:09:44,143 [pool-635-thread-1] INFO  server.RaftServerConfigKeys (ConfUtils.java:logGet(43)) - raft.server.log.queue.byte-limit = 2147483647 (custom)
2019-09-25 11:09:44,143 [pool-635-thread-1] INFO  server.RaftServerConfigKeys (ConfUtils.java:logGet(43)) - raft.server.log.queue.element-limit = 1024 (custom)
2019-09-25 11:09:44,143 [pool-635-thread-1] INFO  server.RaftServerConfigKeys (ConfUtils.java:logGet(43)) - raft.server.log.segment.size.max = 1048576 (custom)
2019-09-25 11:09:44,143 [pool-635-thread-1] INFO  server.RaftServerConfigKeys (ConfUtils.java:logGet(43)) - raft.server.log.preallocated.size = 16384 (custom)
2019-09-25 11:09:44,143 [pool-635-thread-1] INFO  server.RaftServerConfigKeys (ConfUtils.java:logGet(43)) - raft.server.log.write.buffer.size = 33554432 (custom)
2019-09-25 11:09:44,143 [pool-635-thread-1] INFO  server.RaftServerConfigKeys (ConfUtils.java:logGet(43)) - raft.server.log.force.sync.num = 128 (default)
2019-09-25 11:09:44,143 [pool-635-thread-1] INFO  server.RaftServerConfigKeys (ConfUtils.java:logGet(43)) - raft.server.log.statemachine.data.sync = true (default)
2019-09-25 11:09:44,143 [pool-635-thread-1] INFO  server.RaftServerConfigKeys (ConfUtils.java:logGet(43)) - raft.server.log.statemachine.data.sync.timeout = 10s (default)
2019-09-25 11:09:44,144 [pool-635-thread-1] INFO  server.RaftServerConfigKeys (ConfUtils.java:logGet(43)) - raft.server.log.statemachine.data.sync.timeout.retry = -1 (default)
2019-09-25 11:09:44,144 [pool-635-thread-1] INFO  server.RaftServerConfigKeys (ConfUtils.java:logGet(43)) - raft.server.log.statemachine.data.caching.enabled = true (custom)
2019-09-25 11:09:44,144 [pool-635-thread-1] INFO  segmented.SegmentedRaftLogWorker (SegmentedRaftLogWorker.java:lambda$new$0(132)) - f195ac4f-a279-4102-9716-e02d49b9162a@group-C8BDC1027D85-SegmentedRaftLogWorker: flushIndex: setUnconditionally 0 -> -1
2019-09-25 11:09:44,144 [pool-635-thread-1] INFO  server.RaftServerConfigKeys (ConfUtils.java:logGet(43)) - raft.server.snapshot.auto.trigger.enabled = true (custom)
2019-09-25 11:09:44,144 [pool-635-thread-1] INFO  server.RaftServerConfigKeys (ConfUtils.java:logGet(43)) - raft.server.snapshot.auto.trigger.threshold = 10000 (custom)
2019-09-25 11:09:44,144 [pool-635-thread-1] INFO  server.RaftServerConfigKeys (ConfUtils.java:logGet(43)) - raft.server.snapshot.retention.num.files = 5 (custom)
2019-09-25 11:09:44,144 [pool-635-thread-1] INFO  server.RaftServerConfigKeys (ConfUtils.java:logGet(43)) - raft.server.retrycache.expirytime = 600000ms (custom)
2019-09-25 11:09:44,145 [pool-635-thread-1] INFO  impl.RaftServerImpl (RaftServerImpl.java:start(185)) - f195ac4f-a279-4102-9716-e02d49b9162a@group-C8BDC1027D85: start as a follower, conf=-1: [f195ac4f-a279-4102-9716-e02d49b9162a:192.168.30.6:37523], old=null
2019-09-25 11:09:44,145 [pool-635-thread-1] INFO  impl.RaftServerImpl (RaftServerImpl.java:setRole(174)) - f195ac4f-a279-4102-9716-e02d49b9162a@group-C8BDC1027D85: changes role from      null to FOLLOWER at term 0 for startAsFollower
2019-09-25 11:09:44,146 [pool-635-thread-1] INFO  impl.RoleInfo (RoleInfo.java:updateAndGet(143)) - f195ac4f-a279-4102-9716-e02d49b9162a: start FollowerState
2019-09-25 11:09:44,146 [pool-635-thread-1] INFO  util.JmxRegister (JmxRegister.java:tryRegister(44)) - Successfully registered JMX Bean with object name Ratis:service=RaftServer,group=group-C8BDC1027D85,id=f195ac4f-a279-4102-9716-e02d49b9162a
2019-09-25 11:09:44,147 [RatisPipelineUtilsThread] INFO  pipeline.PipelineStateManager (PipelineStateManager.java:addPipeline(56)) - Created pipeline Pipeline[ Id: fc4c2288-ff28-476f-aea4-c8bdc1027d85, Nodes: f195ac4f-a279-4102-9716-e02d49b9162a{ip: 192.168.30.6, host: pr-hdds-1569-5gmkr-4255264070, networkLocation: /default-rack, certSerialId: null}, Type:RATIS, Factor:ONE, State:OPEN]
2019-09-25 11:09:44,148 [RatisPipelineUtilsThread] INFO  pipeline.PipelinePlacementPolicy (PipelinePlacementPolicy.java:meetCriteria(91)) - Pipeline Placement: can't place more pipeline on heavy datanode： deee6178-b1f5-49c6-a192-edc1bfc8677d Heaviness: 6 limit: 5
2019-09-25 11:09:44,148 [RatisPipelineUtilsThread] INFO  pipeline.PipelinePlacementPolicy (PipelinePlacementPolicy.java:meetCriteria(91)) - Pipeline Placement: can't place more pipeline on heavy datanode： 0b288e97-ea7b-4dc2-9c9e-09d2c36158d8 Heaviness: 6 limit: 5
2019-09-25 11:09:44,148 [RatisPipelineUtilsThread] INFO  pipeline.PipelinePlacementPolicy (PipelinePlacementPolicy.java:meetCriteria(91)) - Pipeline Placement: can't place more pipeline on heavy datanode： 07e899c7-9b65-45ad-afd5-2a504e2891bf Heaviness: 6 limit: 5
2019-09-25 11:09:44,148 [RatisPipelineUtilsThread] INFO  pipeline.PipelinePlacementPolicy (PipelinePlacementPolicy.java:meetCriteria(91)) - Pipeline Placement: can't place more pipeline on heavy datanode： 6b5841ea-ab37-40e7-b4af-848a53246ff5 Heaviness: 6 limit: 5
2019-09-25 11:09:44,152 [grpc-default-executor-1] INFO  impl.RaftServerProxy (RaftServerProxy.java:addNew(89)) - f195ac4f-a279-4102-9716-e02d49b9162a: addNew group-676CE62797EE:[f195ac4f-a279-4102-9716-e02d49b9162a:192.168.30.6:37523] returns group-676CE62797EE:java.util.concurrent.CompletableFuture@75151973[Not completed]
2019-09-25 11:09:44,152 [pool-635-thread-1] INFO  impl.RaftServerImpl (RaftServerImpl.java:<init>(95)) - f195ac4f-a279-4102-9716-e02d49b9162a: new RaftServerImpl for group-676CE62797EE:[f195ac4f-a279-4102-9716-e02d49b9162a:192.168.30.6:37523] with ContainerStateMachine:uninitialized
2019-09-25 11:09:44,152 [pool-635-thread-1] INFO  server.RaftServerConfigKeys (ConfUtils.java:logGet(43)) - raft.server.rpc.timeout.min = 5s (custom)
2019-09-25 11:09:44,152 [pool-635-thread-1] INFO  server.RaftServerConfigKeys (ConfUtils.java:logGet(43)) - raft.server.rpc.timeout.max = 5200ms (custom)
2019-09-25 11:09:44,152 [pool-635-thread-1] INFO  server.RaftServerConfigKeys (ConfUtils.java:logGet(43)) - raft.server.rpcslowness.timeout = 120s (custom)
2019-09-25 11:09:44,152 [pool-635-thread-1] INFO  server.RaftServerConfigKeys (ConfUtils.java:logGet(43)) - raft.server.sleep.deviation.threshold = 300 (default)
2019-09-25 11:09:44,152 [pool-635-thread-1] INFO  server.RaftServerConfigKeys (ConfUtils.java:logGet(43)) - raft.server.log.appender.install.snapshot.enabled = false (custom)
2019-09-25 11:09:44,153 [pool-635-thread-1] INFO  impl.RaftServerImpl (ServerState.java:<init>(103)) - f195ac4f-a279-4102-9716-e02d49b9162a@group-676CE62797EE: ConfigurationManager, init=-1: [f195ac4f-a279-4102-9716-e02d49b9162a:192.168.30.6:37523], old=null, confs=<EMPTY_MAP>
2019-09-25 11:09:44,153 [pool-635-thread-1] INFO  server.RaftServerConfigKeys (ConfUtils.java:logGet(43)) - raft.server.storage.dir = [/workdir/hadoop-ozone/integration-test/target/test-dir/MiniOzoneClusterImpl-d8e1effc-caf9-4828-b7f0-59ad57edb745/datanode-5/data/ratis] (custom)
2019-09-25 11:09:44,153 [pool-635-thread-1] INFO  storage.RaftStorageDirectory (RaftStorageDirectory.java:analyzeStorage(246)) - The storage directory /workdir/hadoop-ozone/integration-test/target/test-dir/MiniOzoneClusterImpl-d8e1effc-caf9-4828-b7f0-59ad57edb745/datanode-5/data/ratis/bd3d4935-f8f8-4071-9b26-676ce62797ee does not exist. Creating ...
2019-09-25 11:09:44,166 [pool-635-thread-1] INFO  storage.RaftStorageDirectory (RaftStorageDirectory.java:tryLock(328)) - Lock on /workdir/hadoop-ozone/integration-test/target/test-dir/MiniOzoneClusterImpl-d8e1effc-caf9-4828-b7f0-59ad57edb745/datanode-5/data/ratis/bd3d4935-f8f8-4071-9b26-676ce62797ee/in_use.lock acquired by nodename 21763@pr-hdds-1569-5gmkr-4255264070
2019-09-25 11:09:44,207 [pool-635-thread-1] INFO  storage.RaftStorage (RaftStorage.java:format(72)) - Storage directory /workdir/hadoop-ozone/integration-test/target/test-dir/MiniOzoneClusterImpl-d8e1effc-caf9-4828-b7f0-59ad57edb745/datanode-5/data/ratis/bd3d4935-f8f8-4071-9b26-676ce62797ee has been successfully formatted.
2019-09-25 11:09:44,207 [pool-635-thread-1] INFO  ratis.ContainerStateMachine (ContainerStateMachine.java:loadSnapshot(230)) - group-676CE62797EE: The snapshot info is null. Setting the last applied indexto:(t:0, i:~)
2019-09-25 11:09:44,207 [pool-635-thread-1] INFO  server.RaftServerConfigKeys (ConfUtils.java:logGet(43)) - raft.server.notification.no-leader.timeout = 120s (custom)
2019-09-25 11:09:44,207 [pool-635-thread-1] INFO  server.RaftServerConfigKeys (ConfUtils.java:logGet(43)) - raft.server.log.use.memory = false (default)
2019-09-25 11:09:44,207 [pool-635-thread-1] INFO  server.RaftServerConfigKeys (ConfUtils.java:logGet(43)) - raft.server.log.purge.gap = 1000000 (custom)
2019-09-25 11:09:44,207 [pool-635-thread-1] INFO  server.RaftServerConfigKeys (ConfUtils.java:logGet(43)) - raft.server.log.appender.buffer.byte-limit = 33554432 (custom)
2019-09-25 11:09:44,208 [pool-635-thread-1] INFO  server.RaftServerConfigKeys (ConfUtils.java:logGet(43)) - raft.server.log.segment.size.max = 1048576 (custom)
2019-09-25 11:09:44,208 [pool-635-thread-1] INFO  server.RaftServerConfigKeys (ConfUtils.java:logGet(43)) - raft.server.log.segment.cache.num.max = 2 (custom)
2019-09-25 11:09:44,208 [pool-635-thread-1] INFO  segmented.SegmentedRaftLogWorker (SegmentedRaftLogWorker.java:<init>(172)) - new f195ac4f-a279-4102-9716-e02d49b9162a@group-676CE62797EE-SegmentedRaftLogWorker for RaftStorage:Storage Directory /workdir/hadoop-ozone/integration-test/target/test-dir/MiniOzoneClusterImpl-d8e1effc-caf9-4828-b7f0-59ad57edb745/datanode-5/data/ratis/bd3d4935-f8f8-4071-9b26-676ce62797ee
2019-09-25 11:09:44,208 [pool-635-thread-1] INFO  server.RaftServerConfigKeys (ConfUtils.java:logGet(43)) - raft.server.log.queue.byte-limit = 2147483647 (custom)
2019-09-25 11:09:44,208 [pool-635-thread-1] INFO  server.RaftServerConfigKeys (ConfUtils.java:logGet(43)) - raft.server.log.queue.element-limit = 1024 (custom)
2019-09-25 11:09:44,208 [pool-635-thread-1] INFO  server.RaftServerConfigKeys (ConfUtils.java:logGet(43)) - raft.server.log.segment.size.max = 1048576 (custom)
2019-09-25 11:09:44,208 [pool-635-thread-1] INFO  server.RaftServerConfigKeys (ConfUtils.java:logGet(43)) - raft.server.log.preallocated.size = 16384 (custom)
2019-09-25 11:09:44,208 [pool-635-thread-1] INFO  server.RaftServerConfigKeys (ConfUtils.java:logGet(43)) - raft.server.log.write.buffer.size = 33554432 (custom)
2019-09-25 11:09:44,208 [pool-635-thread-1] INFO  server.RaftServerConfigKeys (ConfUtils.java:logGet(43)) - raft.server.log.force.sync.num = 128 (default)
2019-09-25 11:09:44,208 [pool-635-thread-1] INFO  server.RaftServerConfigKeys (ConfUtils.java:logGet(43)) - raft.server.log.statemachine.data.sync = true (default)
2019-09-25 11:09:44,209 [pool-635-thread-1] INFO  server.RaftServerConfigKeys (ConfUtils.java:logGet(43)) - raft.server.log.statemachine.data.sync.timeout = 10s (default)
2019-09-25 11:09:44,209 [pool-635-thread-1] INFO  server.RaftServerConfigKeys (ConfUtils.java:logGet(43)) - raft.server.log.statemachine.data.sync.timeout.retry = -1 (default)
2019-09-25 11:09:44,209 [pool-635-thread-1] INFO  server.RaftServerConfigKeys (ConfUtils.java:logGet(43)) - raft.server.log.statemachine.data.caching.enabled = true (custom)
2019-09-25 11:09:44,209 [pool-635-thread-1] INFO  segmented.SegmentedRaftLogWorker (SegmentedRaftLogWorker.java:lambda$new$0(132)) - f195ac4f-a279-4102-9716-e02d49b9162a@group-676CE62797EE-SegmentedRaftLogWorker: flushIndex: setUnconditionally 0 -> -1
2019-09-25 11:09:44,209 [pool-635-thread-1] INFO  server.RaftServerConfigKeys (ConfUtils.java:logGet(43)) - raft.server.snapshot.auto.trigger.enabled = true (custom)
2019-09-25 11:09:44,209 [pool-635-thread-1] INFO  server.RaftServerConfigKeys (ConfUtils.java:logGet(43)) - raft.server.snapshot.auto.trigger.threshold = 10000 (custom)
2019-09-25 11:09:44,210 [pool-635-thread-1] INFO  server.RaftServerConfigKeys (ConfUtils.java:logGet(43)) - raft.server.snapshot.retention.num.files = 5 (custom)
2019-09-25 11:09:44,210 [pool-635-thread-1] INFO  server.RaftServerConfigKeys (ConfUtils.java:logGet(43)) - raft.server.retrycache.expirytime = 600000ms (custom)
2019-09-25 11:09:44,211 [pool-635-thread-1] INFO  impl.RaftServerImpl (RaftServerImpl.java:start(185)) - f195ac4f-a279-4102-9716-e02d49b9162a@group-676CE62797EE: start as a follower, conf=-1: [f195ac4f-a279-4102-9716-e02d49b9162a:192.168.30.6:37523], old=null
2019-09-25 11:09:44,211 [pool-635-thread-1] INFO  impl.RaftServerImpl (RaftServerImpl.java:setRole(174)) - f195ac4f-a279-4102-9716-e02d49b9162a@group-676CE62797EE: changes role from      null to FOLLOWER at term 0 for startAsFollower
2019-09-25 11:09:44,211 [pool-635-thread-1] INFO  impl.RoleInfo (RoleInfo.java:updateAndGet(143)) - f195ac4f-a279-4102-9716-e02d49b9162a: start FollowerState
2019-09-25 11:09:44,211 [pool-635-thread-1] INFO  util.JmxRegister (JmxRegister.java:tryRegister(44)) - Successfully registered JMX Bean with object name Ratis:service=RaftServer,group=group-676CE62797EE,id=f195ac4f-a279-4102-9716-e02d49b9162a
2019-09-25 11:09:44,213 [RatisPipelineUtilsThread] INFO  pipeline.PipelineStateManager (PipelineStateManager.java:addPipeline(56)) - Created pipeline Pipeline[ Id: bd3d4935-f8f8-4071-9b26-676ce62797ee, Nodes: f195ac4f-a279-4102-9716-e02d49b9162a{ip: 192.168.30.6, host: pr-hdds-1569-5gmkr-4255264070, networkLocation: /default-rack, certSerialId: null}, Type:RATIS, Factor:ONE, State:OPEN]
2019-09-25 11:09:44,213 [RatisPipelineUtilsThread] INFO  pipeline.PipelinePlacementPolicy (PipelinePlacementPolicy.java:meetCriteria(91)) - Pipeline Placement: can't place more pipeline on heavy datanode： deee6178-b1f5-49c6-a192-edc1bfc8677d Heaviness: 6 limit: 5
2019-09-25 11:09:44,213 [RatisPipelineUtilsThread] INFO  pipeline.PipelinePlacementPolicy (PipelinePlacementPolicy.java:meetCriteria(91)) - Pipeline Placement: can't place more pipeline on heavy datanode： 0b288e97-ea7b-4dc2-9c9e-09d2c36158d8 Heaviness: 6 limit: 5
2019-09-25 11:09:44,214 [RatisPipelineUtilsThread] INFO  pipeline.PipelinePlacementPolicy (PipelinePlacementPolicy.java:meetCriteria(91)) - Pipeline Placement: can't place more pipeline on heavy datanode： 07e899c7-9b65-45ad-afd5-2a504e2891bf Heaviness: 6 limit: 5
2019-09-25 11:09:44,214 [RatisPipelineUtilsThread] INFO  pipeline.PipelinePlacementPolicy (PipelinePlacementPolicy.java:meetCriteria(91)) - Pipeline Placement: can't place more pipeline on heavy datanode： 6b5841ea-ab37-40e7-b4af-848a53246ff5 Heaviness: 6 limit: 5
2019-09-25 11:09:44,217 [grpc-default-executor-1] INFO  impl.RaftServerProxy (RaftServerProxy.java:addNew(89)) - 9c4ccc43-f5ac-4960-a511-a1ff33ec0d19: addNew group-164A65FC6332:[9c4ccc43-f5ac-4960-a511-a1ff33ec0d19:192.168.30.6:45264] returns group-164A65FC6332:java.util.concurrent.CompletableFuture@7b90b14b[Not completed]
2019-09-25 11:09:44,218 [pool-625-thread-1] INFO  impl.RaftServerImpl (RaftServerImpl.java:<init>(95)) - 9c4ccc43-f5ac-4960-a511-a1ff33ec0d19: new RaftServerImpl for group-164A65FC6332:[9c4ccc43-f5ac-4960-a511-a1ff33ec0d19:192.168.30.6:45264] with ContainerStateMachine:uninitialized
2019-09-25 11:09:44,218 [pool-625-thread-1] INFO  server.RaftServerConfigKeys (ConfUtils.java:logGet(43)) - raft.server.rpc.timeout.min = 5s (custom)
2019-09-25 11:09:44,218 [pool-625-thread-1] INFO  server.RaftServerConfigKeys (ConfUtils.java:logGet(43)) - raft.server.rpc.timeout.max = 5200ms (custom)
2019-09-25 11:09:44,218 [pool-625-thread-1] INFO  server.RaftServerConfigKeys (ConfUtils.java:logGet(43)) - raft.server.rpcslowness.timeout = 120s (custom)
2019-09-25 11:09:44,218 [pool-625-thread-1] INFO  server.RaftServerConfigKeys (ConfUtils.java:logGet(43)) - raft.server.sleep.deviation.threshold = 300 (default)
2019-09-25 11:09:44,218 [pool-625-thread-1] INFO  server.RaftServerConfigKeys (ConfUtils.java:logGet(43)) - raft.server.log.appender.install.snapshot.enabled = false (custom)
2019-09-25 11:09:44,218 [pool-625-thread-1] INFO  impl.RaftServerImpl (ServerState.java:<init>(103)) - 9c4ccc43-f5ac-4960-a511-a1ff33ec0d19@group-164A65FC6332: ConfigurationManager, init=-1: [9c4ccc43-f5ac-4960-a511-a1ff33ec0d19:192.168.30.6:45264], old=null, confs=<EMPTY_MAP>
2019-09-25 11:09:44,219 [pool-625-thread-1] INFO  server.RaftServerConfigKeys (ConfUtils.java:logGet(43)) - raft.server.storage.dir = [/workdir/hadoop-ozone/integration-test/target/test-dir/MiniOzoneClusterImpl-d8e1effc-caf9-4828-b7f0-59ad57edb745/datanode-4/data/ratis] (custom)
2019-09-25 11:09:44,219 [pool-625-thread-1] INFO  storage.RaftStorageDirectory (RaftStorageDirectory.java:analyzeStorage(246)) - The storage directory /workdir/hadoop-ozone/integration-test/target/test-dir/MiniOzoneClusterImpl-d8e1effc-caf9-4828-b7f0-59ad57edb745/datanode-4/data/ratis/e302589d-9585-486b-83a4-164a65fc6332 does not exist. Creating ...
2019-09-25 11:09:44,235 [pool-625-thread-1] INFO  storage.RaftStorageDirectory (RaftStorageDirectory.java:tryLock(328)) - Lock on /workdir/hadoop-ozone/integration-test/target/test-dir/MiniOzoneClusterImpl-d8e1effc-caf9-4828-b7f0-59ad57edb745/datanode-4/data/ratis/e302589d-9585-486b-83a4-164a65fc6332/in_use.lock acquired by nodename 21763@pr-hdds-1569-5gmkr-4255264070
2019-09-25 11:09:44,257 [pool-625-thread-1] INFO  storage.RaftStorage (RaftStorage.java:format(72)) - Storage directory /workdir/hadoop-ozone/integration-test/target/test-dir/MiniOzoneClusterImpl-d8e1effc-caf9-4828-b7f0-59ad57edb745/datanode-4/data/ratis/e302589d-9585-486b-83a4-164a65fc6332 has been successfully formatted.
2019-09-25 11:09:44,257 [pool-625-thread-1] INFO  ratis.ContainerStateMachine (ContainerStateMachine.java:loadSnapshot(230)) - group-164A65FC6332: The snapshot info is null. Setting the last applied indexto:(t:0, i:~)
2019-09-25 11:09:44,257 [pool-625-thread-1] INFO  server.RaftServerConfigKeys (ConfUtils.java:logGet(43)) - raft.server.notification.no-leader.timeout = 120s (custom)
2019-09-25 11:09:44,258 [pool-625-thread-1] INFO  server.RaftServerConfigKeys (ConfUtils.java:logGet(43)) - raft.server.log.use.memory = false (default)
2019-09-25 11:09:44,258 [pool-625-thread-1] INFO  server.RaftServerConfigKeys (ConfUtils.java:logGet(43)) - raft.server.log.purge.gap = 1000000 (custom)
2019-09-25 11:09:44,258 [pool-625-thread-1] INFO  server.RaftServerConfigKeys (ConfUtils.java:logGet(43)) - raft.server.log.appender.buffer.byte-limit = 33554432 (custom)
2019-09-25 11:09:44,258 [pool-625-thread-1] INFO  server.RaftServerConfigKeys (ConfUtils.java:logGet(43)) - raft.server.log.segment.size.max = 1048576 (custom)
2019-09-25 11:09:44,258 [pool-625-thread-1] INFO  server.RaftServerConfigKeys (ConfUtils.java:logGet(43)) - raft.server.log.segment.cache.num.max = 2 (custom)
2019-09-25 11:09:44,258 [pool-625-thread-1] INFO  segmented.SegmentedRaftLogWorker (SegmentedRaftLogWorker.java:<init>(172)) - new 9c4ccc43-f5ac-4960-a511-a1ff33ec0d19@group-164A65FC6332-SegmentedRaftLogWorker for RaftStorage:Storage Directory /workdir/hadoop-ozone/integration-test/target/test-dir/MiniOzoneClusterImpl-d8e1effc-caf9-4828-b7f0-59ad57edb745/datanode-4/data/ratis/e302589d-9585-486b-83a4-164a65fc6332
2019-09-25 11:09:44,258 [pool-625-thread-1] INFO  server.RaftServerConfigKeys (ConfUtils.java:logGet(43)) - raft.server.log.queue.byte-limit = 2147483647 (custom)
2019-09-25 11:09:44,259 [pool-625-thread-1] INFO  server.RaftServerConfigKeys (ConfUtils.java:logGet(43)) - raft.server.log.queue.element-limit = 1024 (custom)
2019-09-25 11:09:44,259 [pool-625-thread-1] INFO  server.RaftServerConfigKeys (ConfUtils.java:logGet(43)) - raft.server.log.segment.size.max = 1048576 (custom)
2019-09-25 11:09:44,259 [pool-625-thread-1] INFO  server.RaftServerConfigKeys (ConfUtils.java:logGet(43)) - raft.server.log.preallocated.size = 16384 (custom)
2019-09-25 11:09:44,259 [pool-625-thread-1] INFO  server.RaftServerConfigKeys (ConfUtils.java:logGet(43)) - raft.server.log.write.buffer.size = 33554432 (custom)
2019-09-25 11:09:44,259 [pool-625-thread-1] INFO  server.RaftServerConfigKeys (ConfUtils.java:logGet(43)) - raft.server.log.force.sync.num = 128 (default)
2019-09-25 11:09:44,259 [pool-625-thread-1] INFO  server.RaftServerConfigKeys (ConfUtils.java:logGet(43)) - raft.server.log.statemachine.data.sync = true (default)
2019-09-25 11:09:44,259 [pool-625-thread-1] INFO  server.RaftServerConfigKeys (ConfUtils.java:logGet(43)) - raft.server.log.statemachine.data.sync.timeout = 10s (default)
2019-09-25 11:09:44,260 [pool-625-thread-1] INFO  server.RaftServerConfigKeys (ConfUtils.java:logGet(43)) - raft.server.log.statemachine.data.sync.timeout.retry = -1 (default)
2019-09-25 11:09:44,260 [pool-625-thread-1] INFO  server.RaftServerConfigKeys (ConfUtils.java:logGet(43)) - raft.server.log.statemachine.data.caching.enabled = true (custom)
2019-09-25 11:09:44,260 [pool-625-thread-1] INFO  segmented.SegmentedRaftLogWorker (SegmentedRaftLogWorker.java:lambda$new$0(132)) - 9c4ccc43-f5ac-4960-a511-a1ff33ec0d19@group-164A65FC6332-SegmentedRaftLogWorker: flushIndex: setUnconditionally 0 -> -1
2019-09-25 11:09:44,260 [pool-625-thread-1] INFO  server.RaftServerConfigKeys (ConfUtils.java:logGet(43)) - raft.server.snapshot.auto.trigger.enabled = true (custom)
2019-09-25 11:09:44,260 [pool-625-thread-1] INFO  server.RaftServerConfigKeys (ConfUtils.java:logGet(43)) - raft.server.snapshot.auto.trigger.threshold = 10000 (custom)
2019-09-25 11:09:44,261 [pool-625-thread-1] INFO  server.RaftServerConfigKeys (ConfUtils.java:logGet(43)) - raft.server.snapshot.retention.num.files = 5 (custom)
2019-09-25 11:09:44,261 [pool-625-thread-1] INFO  server.RaftServerConfigKeys (ConfUtils.java:logGet(43)) - raft.server.retrycache.expirytime = 600000ms (custom)
2019-09-25 11:09:44,262 [pool-625-thread-1] INFO  impl.RaftServerImpl (RaftServerImpl.java:start(185)) - 9c4ccc43-f5ac-4960-a511-a1ff33ec0d19@group-164A65FC6332: start as a follower, conf=-1: [9c4ccc43-f5ac-4960-a511-a1ff33ec0d19:192.168.30.6:45264], old=null
2019-09-25 11:09:44,262 [pool-625-thread-1] INFO  impl.RaftServerImpl (RaftServerImpl.java:setRole(174)) - 9c4ccc43-f5ac-4960-a511-a1ff33ec0d19@group-164A65FC6332: changes role from      null to FOLLOWER at term 0 for startAsFollower
2019-09-25 11:09:44,262 [pool-625-thread-1] INFO  impl.RoleInfo (RoleInfo.java:updateAndGet(143)) - 9c4ccc43-f5ac-4960-a511-a1ff33ec0d19: start FollowerState
2019-09-25 11:09:44,263 [pool-625-thread-1] INFO  util.JmxRegister (JmxRegister.java:tryRegister(44)) - Successfully registered JMX Bean with object name Ratis:service=RaftServer,group=group-164A65FC6332,id=9c4ccc43-f5ac-4960-a511-a1ff33ec0d19
2019-09-25 11:09:44,265 [RatisPipelineUtilsThread] INFO  pipeline.PipelineStateManager (PipelineStateManager.java:addPipeline(56)) - Created pipeline Pipeline[ Id: e302589d-9585-486b-83a4-164a65fc6332, Nodes: 9c4ccc43-f5ac-4960-a511-a1ff33ec0d19{ip: 192.168.30.6, host: pr-hdds-1569-5gmkr-4255264070, networkLocation: /default-rack, certSerialId: null}, Type:RATIS, Factor:ONE, State:OPEN]
2019-09-25 11:09:44,265 [RatisPipelineUtilsThread] INFO  pipeline.PipelinePlacementPolicy (PipelinePlacementPolicy.java:meetCriteria(91)) - Pipeline Placement: can't place more pipeline on heavy datanode： deee6178-b1f5-49c6-a192-edc1bfc8677d Heaviness: 6 limit: 5
2019-09-25 11:09:44,266 [RatisPipelineUtilsThread] INFO  pipeline.PipelinePlacementPolicy (PipelinePlacementPolicy.java:meetCriteria(91)) - Pipeline Placement: can't place more pipeline on heavy datanode： 0b288e97-ea7b-4dc2-9c9e-09d2c36158d8 Heaviness: 6 limit: 5
2019-09-25 11:09:44,266 [RatisPipelineUtilsThread] INFO  pipeline.PipelinePlacementPolicy (PipelinePlacementPolicy.java:meetCriteria(91)) - Pipeline Placement: can't place more pipeline on heavy datanode： 07e899c7-9b65-45ad-afd5-2a504e2891bf Heaviness: 6 limit: 5
2019-09-25 11:09:44,266 [RatisPipelineUtilsThread] INFO  pipeline.PipelinePlacementPolicy (PipelinePlacementPolicy.java:meetCriteria(91)) - Pipeline Placement: can't place more pipeline on heavy datanode： 6b5841ea-ab37-40e7-b4af-848a53246ff5 Heaviness: 6 limit: 5
2019-09-25 11:09:44,266 [RatisPipelineUtilsThread] INFO  pipeline.PipelinePlacementPolicy (PipelinePlacementPolicy.java:meetCriteria(91)) - Pipeline Placement: can't place more pipeline on heavy datanode： 9c4ccc43-f5ac-4960-a511-a1ff33ec0d19 Heaviness: 6 limit: 5
2019-09-25 11:09:44,270 [grpc-default-executor-1] INFO  impl.RaftServerProxy (RaftServerProxy.java:addNew(89)) - e2b10f42-ed4b-4300-a7cb-c770d2b1b0a2: addNew group-07866119D600:[e2b10f42-ed4b-4300-a7cb-c770d2b1b0a2:192.168.30.6:33746] returns group-07866119D600:java.util.concurrent.CompletableFuture@4d081985[Not completed]
2019-09-25 11:09:44,271 [pool-645-thread-1] INFO  impl.RaftServerImpl (RaftServerImpl.java:<init>(95)) - e2b10f42-ed4b-4300-a7cb-c770d2b1b0a2: new RaftServerImpl for group-07866119D600:[e2b10f42-ed4b-4300-a7cb-c770d2b1b0a2:192.168.30.6:33746] with ContainerStateMachine:uninitialized
2019-09-25 11:09:44,272 [pool-645-thread-1] INFO  server.RaftServerConfigKeys (ConfUtils.java:logGet(43)) - raft.server.rpc.timeout.min = 5s (custom)
2019-09-25 11:09:44,272 [pool-645-thread-1] INFO  server.RaftServerConfigKeys (ConfUtils.java:logGet(43)) - raft.server.rpc.timeout.max = 5200ms (custom)
2019-09-25 11:09:44,272 [pool-645-thread-1] INFO  server.RaftServerConfigKeys (ConfUtils.java:logGet(43)) - raft.server.rpcslowness.timeout = 120s (custom)
2019-09-25 11:09:44,272 [pool-645-thread-1] INFO  server.RaftServerConfigKeys (ConfUtils.java:logGet(43)) - raft.server.sleep.deviation.threshold = 300 (default)
2019-09-25 11:09:44,272 [pool-645-thread-1] INFO  server.RaftServerConfigKeys (ConfUtils.java:logGet(43)) - raft.server.log.appender.install.snapshot.enabled = false (custom)
2019-09-25 11:09:44,272 [pool-645-thread-1] INFO  impl.RaftServerImpl (ServerState.java:<init>(103)) - e2b10f42-ed4b-4300-a7cb-c770d2b1b0a2@group-07866119D600: ConfigurationManager, init=-1: [e2b10f42-ed4b-4300-a7cb-c770d2b1b0a2:192.168.30.6:33746], old=null, confs=<EMPTY_MAP>
2019-09-25 11:09:44,272 [pool-645-thread-1] INFO  server.RaftServerConfigKeys (ConfUtils.java:logGet(43)) - raft.server.storage.dir = [/workdir/hadoop-ozone/integration-test/target/test-dir/MiniOzoneClusterImpl-d8e1effc-caf9-4828-b7f0-59ad57edb745/datanode-6/data/ratis] (custom)
2019-09-25 11:09:44,273 [pool-645-thread-1] INFO  storage.RaftStorageDirectory (RaftStorageDirectory.java:analyzeStorage(246)) - The storage directory /workdir/hadoop-ozone/integration-test/target/test-dir/MiniOzoneClusterImpl-d8e1effc-caf9-4828-b7f0-59ad57edb745/datanode-6/data/ratis/478eb676-5a05-4716-ab94-07866119d600 does not exist. Creating ...
2019-09-25 11:09:44,287 [pool-645-thread-1] INFO  storage.RaftStorageDirectory (RaftStorageDirectory.java:tryLock(328)) - Lock on /workdir/hadoop-ozone/integration-test/target/test-dir/MiniOzoneClusterImpl-d8e1effc-caf9-4828-b7f0-59ad57edb745/datanode-6/data/ratis/478eb676-5a05-4716-ab94-07866119d600/in_use.lock acquired by nodename 21763@pr-hdds-1569-5gmkr-4255264070
2019-09-25 11:09:44,307 [pool-645-thread-1] INFO  storage.RaftStorage (RaftStorage.java:format(72)) - Storage directory /workdir/hadoop-ozone/integration-test/target/test-dir/MiniOzoneClusterImpl-d8e1effc-caf9-4828-b7f0-59ad57edb745/datanode-6/data/ratis/478eb676-5a05-4716-ab94-07866119d600 has been successfully formatted.
2019-09-25 11:09:44,307 [pool-645-thread-1] INFO  ratis.ContainerStateMachine (ContainerStateMachine.java:loadSnapshot(230)) - group-07866119D600: The snapshot info is null. Setting the last applied indexto:(t:0, i:~)
2019-09-25 11:09:44,307 [pool-645-thread-1] INFO  server.RaftServerConfigKeys (ConfUtils.java:logGet(43)) - raft.server.notification.no-leader.timeout = 120s (custom)
2019-09-25 11:09:44,307 [pool-645-thread-1] INFO  server.RaftServerConfigKeys (ConfUtils.java:logGet(43)) - raft.server.log.use.memory = false (default)
2019-09-25 11:09:44,308 [pool-645-thread-1] INFO  server.RaftServerConfigKeys (ConfUtils.java:logGet(43)) - raft.server.log.purge.gap = 1000000 (custom)
2019-09-25 11:09:44,308 [pool-645-thread-1] INFO  server.RaftServerConfigKeys (ConfUtils.java:logGet(43)) - raft.server.log.appender.buffer.byte-limit = 33554432 (custom)
2019-09-25 11:09:44,308 [pool-645-thread-1] INFO  server.RaftServerConfigKeys (ConfUtils.java:logGet(43)) - raft.server.log.segment.size.max = 1048576 (custom)
2019-09-25 11:09:44,308 [pool-645-thread-1] INFO  server.RaftServerConfigKeys (ConfUtils.java:logGet(43)) - raft.server.log.segment.cache.num.max = 2 (custom)
2019-09-25 11:09:44,308 [pool-645-thread-1] INFO  segmented.SegmentedRaftLogWorker (SegmentedRaftLogWorker.java:<init>(172)) - new e2b10f42-ed4b-4300-a7cb-c770d2b1b0a2@group-07866119D600-SegmentedRaftLogWorker for RaftStorage:Storage Directory /workdir/hadoop-ozone/integration-test/target/test-dir/MiniOzoneClusterImpl-d8e1effc-caf9-4828-b7f0-59ad57edb745/datanode-6/data/ratis/478eb676-5a05-4716-ab94-07866119d600
2019-09-25 11:09:44,308 [pool-645-thread-1] INFO  server.RaftServerConfigKeys (ConfUtils.java:logGet(43)) - raft.server.log.queue.byte-limit = 2147483647 (custom)
2019-09-25 11:09:44,308 [pool-645-thread-1] INFO  server.RaftServerConfigKeys (ConfUtils.java:logGet(43)) - raft.server.log.queue.element-limit = 1024 (custom)
2019-09-25 11:09:44,308 [pool-645-thread-1] INFO  server.RaftServerConfigKeys (ConfUtils.java:logGet(43)) - raft.server.log.segment.size.max = 1048576 (custom)
2019-09-25 11:09:44,308 [pool-645-thread-1] INFO  server.RaftServerConfigKeys (ConfUtils.java:logGet(43)) - raft.server.log.preallocated.size = 16384 (custom)
2019-09-25 11:09:44,309 [pool-645-thread-1] INFO  server.RaftServerConfigKeys (ConfUtils.java:logGet(43)) - raft.server.log.write.buffer.size = 33554432 (custom)
2019-09-25 11:09:44,309 [pool-645-thread-1] INFO  server.RaftServerConfigKeys (ConfUtils.java:logGet(43)) - raft.server.log.force.sync.num = 128 (default)
2019-09-25 11:09:44,309 [pool-645-thread-1] INFO  server.RaftServerConfigKeys (ConfUtils.java:logGet(43)) - raft.server.log.statemachine.data.sync = true (default)
2019-09-25 11:09:44,309 [pool-645-thread-1] INFO  server.RaftServerConfigKeys (ConfUtils.java:logGet(43)) - raft.server.log.statemachine.data.sync.timeout = 10s (default)
2019-09-25 11:09:44,309 [pool-645-thread-1] INFO  server.RaftServerConfigKeys (ConfUtils.java:logGet(43)) - raft.server.log.statemachine.data.sync.timeout.retry = -1 (default)
2019-09-25 11:09:44,309 [pool-645-thread-1] INFO  server.RaftServerConfigKeys (ConfUtils.java:logGet(43)) - raft.server.log.statemachine.data.caching.enabled = true (custom)
2019-09-25 11:09:44,309 [pool-645-thread-1] INFO  segmented.SegmentedRaftLogWorker (SegmentedRaftLogWorker.java:lambda$new$0(132)) - e2b10f42-ed4b-4300-a7cb-c770d2b1b0a2@group-07866119D600-SegmentedRaftLogWorker: flushIndex: setUnconditionally 0 -> -1
2019-09-25 11:09:44,310 [pool-645-thread-1] INFO  server.RaftServerConfigKeys (ConfUtils.java:logGet(43)) - raft.server.snapshot.auto.trigger.enabled = true (custom)
2019-09-25 11:09:44,310 [pool-645-thread-1] INFO  server.RaftServerConfigKeys (ConfUtils.java:logGet(43)) - raft.server.snapshot.auto.trigger.threshold = 10000 (custom)
2019-09-25 11:09:44,310 [pool-645-thread-1] INFO  server.RaftServerConfigKeys (ConfUtils.java:logGet(43)) - raft.server.snapshot.retention.num.files = 5 (custom)
2019-09-25 11:09:44,310 [pool-645-thread-1] INFO  server.RaftServerConfigKeys (ConfUtils.java:logGet(43)) - raft.server.retrycache.expirytime = 600000ms (custom)
2019-09-25 11:09:44,311 [pool-645-thread-1] INFO  impl.RaftServerImpl (RaftServerImpl.java:start(185)) - e2b10f42-ed4b-4300-a7cb-c770d2b1b0a2@group-07866119D600: start as a follower, conf=-1: [e2b10f42-ed4b-4300-a7cb-c770d2b1b0a2:192.168.30.6:33746], old=null
2019-09-25 11:09:44,311 [pool-645-thread-1] INFO  impl.RaftServerImpl (RaftServerImpl.java:setRole(174)) - e2b10f42-ed4b-4300-a7cb-c770d2b1b0a2@group-07866119D600: changes role from      null to FOLLOWER at term 0 for startAsFollower
2019-09-25 11:09:44,311 [pool-645-thread-1] INFO  impl.RoleInfo (RoleInfo.java:updateAndGet(143)) - e2b10f42-ed4b-4300-a7cb-c770d2b1b0a2: start FollowerState
2019-09-25 11:09:44,312 [pool-645-thread-1] INFO  util.JmxRegister (JmxRegister.java:tryRegister(44)) - Successfully registered JMX Bean with object name Ratis:service=RaftServer,group=group-07866119D600,id=e2b10f42-ed4b-4300-a7cb-c770d2b1b0a2
2019-09-25 11:09:44,314 [RatisPipelineUtilsThread] INFO  pipeline.PipelineStateManager (PipelineStateManager.java:addPipeline(56)) - Created pipeline Pipeline[ Id: 478eb676-5a05-4716-ab94-07866119d600, Nodes: e2b10f42-ed4b-4300-a7cb-c770d2b1b0a2{ip: 192.168.30.6, host: pr-hdds-1569-5gmkr-4255264070, networkLocation: /default-rack, certSerialId: null}, Type:RATIS, Factor:ONE, State:OPEN]
2019-09-25 11:09:44,314 [RatisPipelineUtilsThread] INFO  pipeline.PipelinePlacementPolicy (PipelinePlacementPolicy.java:meetCriteria(91)) - Pipeline Placement: can't place more pipeline on heavy datanode： deee6178-b1f5-49c6-a192-edc1bfc8677d Heaviness: 6 limit: 5
2019-09-25 11:09:44,314 [RatisPipelineUtilsThread] INFO  pipeline.PipelinePlacementPolicy (PipelinePlacementPolicy.java:meetCriteria(91)) - Pipeline Placement: can't place more pipeline on heavy datanode： 0b288e97-ea7b-4dc2-9c9e-09d2c36158d8 Heaviness: 6 limit: 5
2019-09-25 11:09:44,314 [RatisPipelineUtilsThread] INFO  pipeline.PipelinePlacementPolicy (PipelinePlacementPolicy.java:meetCriteria(91)) - Pipeline Placement: can't place more pipeline on heavy datanode： 07e899c7-9b65-45ad-afd5-2a504e2891bf Heaviness: 6 limit: 5
2019-09-25 11:09:44,314 [RatisPipelineUtilsThread] INFO  pipeline.PipelinePlacementPolicy (PipelinePlacementPolicy.java:meetCriteria(91)) - Pipeline Placement: can't place more pipeline on heavy datanode： 6b5841ea-ab37-40e7-b4af-848a53246ff5 Heaviness: 6 limit: 5
2019-09-25 11:09:44,314 [RatisPipelineUtilsThread] INFO  pipeline.PipelinePlacementPolicy (PipelinePlacementPolicy.java:meetCriteria(91)) - Pipeline Placement: can't place more pipeline on heavy datanode： 9c4ccc43-f5ac-4960-a511-a1ff33ec0d19 Heaviness: 6 limit: 5
2019-09-25 11:09:44,318 [grpc-default-executor-1] INFO  impl.RaftServerProxy (RaftServerProxy.java:addNew(89)) - e2b10f42-ed4b-4300-a7cb-c770d2b1b0a2: addNew group-33A3B92425F5:[e2b10f42-ed4b-4300-a7cb-c770d2b1b0a2:192.168.30.6:33746] returns group-33A3B92425F5:java.util.concurrent.CompletableFuture@5a5967df[Not completed]
2019-09-25 11:09:44,318 [pool-645-thread-1] INFO  impl.RaftServerImpl (RaftServerImpl.java:<init>(95)) - e2b10f42-ed4b-4300-a7cb-c770d2b1b0a2: new RaftServerImpl for group-33A3B92425F5:[e2b10f42-ed4b-4300-a7cb-c770d2b1b0a2:192.168.30.6:33746] with ContainerStateMachine:uninitialized
2019-09-25 11:09:44,319 [pool-645-thread-1] INFO  server.RaftServerConfigKeys (ConfUtils.java:logGet(43)) - raft.server.rpc.timeout.min = 5s (custom)
2019-09-25 11:09:44,319 [pool-645-thread-1] INFO  server.RaftServerConfigKeys (ConfUtils.java:logGet(43)) - raft.server.rpc.timeout.max = 5200ms (custom)
2019-09-25 11:09:44,319 [pool-645-thread-1] INFO  server.RaftServerConfigKeys (ConfUtils.java:logGet(43)) - raft.server.rpcslowness.timeout = 120s (custom)
2019-09-25 11:09:44,319 [pool-645-thread-1] INFO  server.RaftServerConfigKeys (ConfUtils.java:logGet(43)) - raft.server.sleep.deviation.threshold = 300 (default)
2019-09-25 11:09:44,319 [pool-645-thread-1] INFO  server.RaftServerConfigKeys (ConfUtils.java:logGet(43)) - raft.server.log.appender.install.snapshot.enabled = false (custom)
2019-09-25 11:09:44,319 [pool-645-thread-1] INFO  impl.RaftServerImpl (ServerState.java:<init>(103)) - e2b10f42-ed4b-4300-a7cb-c770d2b1b0a2@group-33A3B92425F5: ConfigurationManager, init=-1: [e2b10f42-ed4b-4300-a7cb-c770d2b1b0a2:192.168.30.6:33746], old=null, confs=<EMPTY_MAP>
2019-09-25 11:09:44,319 [pool-645-thread-1] INFO  server.RaftServerConfigKeys (ConfUtils.java:logGet(43)) - raft.server.storage.dir = [/workdir/hadoop-ozone/integration-test/target/test-dir/MiniOzoneClusterImpl-d8e1effc-caf9-4828-b7f0-59ad57edb745/datanode-6/data/ratis] (custom)
2019-09-25 11:09:44,320 [pool-645-thread-1] INFO  storage.RaftStorageDirectory (RaftStorageDirectory.java:analyzeStorage(246)) - The storage directory /workdir/hadoop-ozone/integration-test/target/test-dir/MiniOzoneClusterImpl-d8e1effc-caf9-4828-b7f0-59ad57edb745/datanode-6/data/ratis/e5c14ca1-c645-4029-bcd3-33a3b92425f5 does not exist. Creating ...
2019-09-25 11:09:44,334 [pool-645-thread-1] INFO  storage.RaftStorageDirectory (RaftStorageDirectory.java:tryLock(328)) - Lock on /workdir/hadoop-ozone/integration-test/target/test-dir/MiniOzoneClusterImpl-d8e1effc-caf9-4828-b7f0-59ad57edb745/datanode-6/data/ratis/e5c14ca1-c645-4029-bcd3-33a3b92425f5/in_use.lock acquired by nodename 21763@pr-hdds-1569-5gmkr-4255264070
2019-09-25 11:09:44,348 [pool-645-thread-1] INFO  storage.RaftStorage (RaftStorage.java:format(72)) - Storage directory /workdir/hadoop-ozone/integration-test/target/test-dir/MiniOzoneClusterImpl-d8e1effc-caf9-4828-b7f0-59ad57edb745/datanode-6/data/ratis/e5c14ca1-c645-4029-bcd3-33a3b92425f5 has been successfully formatted.
2019-09-25 11:09:44,348 [pool-645-thread-1] INFO  ratis.ContainerStateMachine (ContainerStateMachine.java:loadSnapshot(230)) - group-33A3B92425F5: The snapshot info is null. Setting the last applied indexto:(t:0, i:~)
2019-09-25 11:09:44,348 [pool-645-thread-1] INFO  server.RaftServerConfigKeys (ConfUtils.java:logGet(43)) - raft.server.notification.no-leader.timeout = 120s (custom)
2019-09-25 11:09:44,348 [pool-645-thread-1] INFO  server.RaftServerConfigKeys (ConfUtils.java:logGet(43)) - raft.server.log.use.memory = false (default)
2019-09-25 11:09:44,348 [pool-645-thread-1] INFO  server.RaftServerConfigKeys (ConfUtils.java:logGet(43)) - raft.server.log.purge.gap = 1000000 (custom)
2019-09-25 11:09:44,349 [pool-645-thread-1] INFO  server.RaftServerConfigKeys (ConfUtils.java:logGet(43)) - raft.server.log.appender.buffer.byte-limit = 33554432 (custom)
2019-09-25 11:09:44,349 [pool-645-thread-1] INFO  server.RaftServerConfigKeys (ConfUtils.java:logGet(43)) - raft.server.log.segment.size.max = 1048576 (custom)
2019-09-25 11:09:44,349 [pool-645-thread-1] INFO  server.RaftServerConfigKeys (ConfUtils.java:logGet(43)) - raft.server.log.segment.cache.num.max = 2 (custom)
2019-09-25 11:09:44,349 [pool-645-thread-1] INFO  segmented.SegmentedRaftLogWorker (SegmentedRaftLogWorker.java:<init>(172)) - new e2b10f42-ed4b-4300-a7cb-c770d2b1b0a2@group-33A3B92425F5-SegmentedRaftLogWorker for RaftStorage:Storage Directory /workdir/hadoop-ozone/integration-test/target/test-dir/MiniOzoneClusterImpl-d8e1effc-caf9-4828-b7f0-59ad57edb745/datanode-6/data/ratis/e5c14ca1-c645-4029-bcd3-33a3b92425f5
2019-09-25 11:09:44,349 [pool-645-thread-1] INFO  server.RaftServerConfigKeys (ConfUtils.java:logGet(43)) - raft.server.log.queue.byte-limit = 2147483647 (custom)
2019-09-25 11:09:44,349 [pool-645-thread-1] INFO  server.RaftServerConfigKeys (ConfUtils.java:logGet(43)) - raft.server.log.queue.element-limit = 1024 (custom)
2019-09-25 11:09:44,349 [pool-645-thread-1] INFO  server.RaftServerConfigKeys (ConfUtils.java:logGet(43)) - raft.server.log.segment.size.max = 1048576 (custom)
2019-09-25 11:09:44,349 [pool-645-thread-1] INFO  server.RaftServerConfigKeys (ConfUtils.java:logGet(43)) - raft.server.log.preallocated.size = 16384 (custom)
2019-09-25 11:09:44,350 [pool-645-thread-1] INFO  server.RaftServerConfigKeys (ConfUtils.java:logGet(43)) - raft.server.log.write.buffer.size = 33554432 (custom)
2019-09-25 11:09:44,350 [pool-645-thread-1] INFO  server.RaftServerConfigKeys (ConfUtils.java:logGet(43)) - raft.server.log.force.sync.num = 128 (default)
2019-09-25 11:09:44,350 [pool-645-thread-1] INFO  server.RaftServerConfigKeys (ConfUtils.java:logGet(43)) - raft.server.log.statemachine.data.sync = true (default)
2019-09-25 11:09:44,350 [pool-645-thread-1] INFO  server.RaftServerConfigKeys (ConfUtils.java:logGet(43)) - raft.server.log.statemachine.data.sync.timeout = 10s (default)
2019-09-25 11:09:44,350 [pool-645-thread-1] INFO  server.RaftServerConfigKeys (ConfUtils.java:logGet(43)) - raft.server.log.statemachine.data.sync.timeout.retry = -1 (default)
2019-09-25 11:09:44,350 [pool-645-thread-1] INFO  server.RaftServerConfigKeys (ConfUtils.java:logGet(43)) - raft.server.log.statemachine.data.caching.enabled = true (custom)
2019-09-25 11:09:44,350 [pool-645-thread-1] INFO  segmented.SegmentedRaftLogWorker (SegmentedRaftLogWorker.java:lambda$new$0(132)) - e2b10f42-ed4b-4300-a7cb-c770d2b1b0a2@group-33A3B92425F5-SegmentedRaftLogWorker: flushIndex: setUnconditionally 0 -> -1
2019-09-25 11:09:44,351 [pool-645-thread-1] INFO  server.RaftServerConfigKeys (ConfUtils.java:logGet(43)) - raft.server.snapshot.auto.trigger.enabled = true (custom)
2019-09-25 11:09:44,351 [pool-645-thread-1] INFO  server.RaftServerConfigKeys (ConfUtils.java:logGet(43)) - raft.server.snapshot.auto.trigger.threshold = 10000 (custom)
2019-09-25 11:09:44,351 [pool-645-thread-1] INFO  server.RaftServerConfigKeys (ConfUtils.java:logGet(43)) - raft.server.snapshot.retention.num.files = 5 (custom)
2019-09-25 11:09:44,351 [pool-645-thread-1] INFO  server.RaftServerConfigKeys (ConfUtils.java:logGet(43)) - raft.server.retrycache.expirytime = 600000ms (custom)
2019-09-25 11:09:44,352 [pool-645-thread-1] INFO  impl.RaftServerImpl (RaftServerImpl.java:start(185)) - e2b10f42-ed4b-4300-a7cb-c770d2b1b0a2@group-33A3B92425F5: start as a follower, conf=-1: [e2b10f42-ed4b-4300-a7cb-c770d2b1b0a2:192.168.30.6:33746], old=null
2019-09-25 11:09:44,353 [pool-645-thread-1] INFO  impl.RaftServerImpl (RaftServerImpl.java:setRole(174)) - e2b10f42-ed4b-4300-a7cb-c770d2b1b0a2@group-33A3B92425F5: changes role from      null to FOLLOWER at term 0 for startAsFollower
2019-09-25 11:09:44,353 [pool-645-thread-1] INFO  impl.RoleInfo (RoleInfo.java:updateAndGet(143)) - e2b10f42-ed4b-4300-a7cb-c770d2b1b0a2: start FollowerState
2019-09-25 11:09:44,353 [pool-645-thread-1] INFO  util.JmxRegister (JmxRegister.java:tryRegister(44)) - Successfully registered JMX Bean with object name Ratis:service=RaftServer,group=group-33A3B92425F5,id=e2b10f42-ed4b-4300-a7cb-c770d2b1b0a2
2019-09-25 11:09:44,355 [RatisPipelineUtilsThread] INFO  pipeline.PipelineStateManager (PipelineStateManager.java:addPipeline(56)) - Created pipeline Pipeline[ Id: e5c14ca1-c645-4029-bcd3-33a3b92425f5, Nodes: e2b10f42-ed4b-4300-a7cb-c770d2b1b0a2{ip: 192.168.30.6, host: pr-hdds-1569-5gmkr-4255264070, networkLocation: /default-rack, certSerialId: null}, Type:RATIS, Factor:ONE, State:OPEN]
2019-09-25 11:09:44,355 [RatisPipelineUtilsThread] INFO  pipeline.PipelinePlacementPolicy (PipelinePlacementPolicy.java:meetCriteria(91)) - Pipeline Placement: can't place more pipeline on heavy datanode： deee6178-b1f5-49c6-a192-edc1bfc8677d Heaviness: 6 limit: 5
2019-09-25 11:09:44,355 [RatisPipelineUtilsThread] INFO  pipeline.PipelinePlacementPolicy (PipelinePlacementPolicy.java:meetCriteria(91)) - Pipeline Placement: can't place more pipeline on heavy datanode： 0b288e97-ea7b-4dc2-9c9e-09d2c36158d8 Heaviness: 6 limit: 5
2019-09-25 11:09:44,355 [RatisPipelineUtilsThread] INFO  pipeline.PipelinePlacementPolicy (PipelinePlacementPolicy.java:meetCriteria(91)) - Pipeline Placement: can't place more pipeline on heavy datanode： 07e899c7-9b65-45ad-afd5-2a504e2891bf Heaviness: 6 limit: 5
2019-09-25 11:09:44,356 [RatisPipelineUtilsThread] INFO  pipeline.PipelinePlacementPolicy (PipelinePlacementPolicy.java:meetCriteria(91)) - Pipeline Placement: can't place more pipeline on heavy datanode： 6b5841ea-ab37-40e7-b4af-848a53246ff5 Heaviness: 6 limit: 5
2019-09-25 11:09:44,356 [RatisPipelineUtilsThread] INFO  pipeline.PipelinePlacementPolicy (PipelinePlacementPolicy.java:meetCriteria(91)) - Pipeline Placement: can't place more pipeline on heavy datanode： 9c4ccc43-f5ac-4960-a511-a1ff33ec0d19 Heaviness: 6 limit: 5
2019-09-25 11:09:44,359 [grpc-default-executor-1] INFO  impl.RaftServerProxy (RaftServerProxy.java:addNew(89)) - f195ac4f-a279-4102-9716-e02d49b9162a: addNew group-0E89412F051D:[f195ac4f-a279-4102-9716-e02d49b9162a:192.168.30.6:37523] returns group-0E89412F051D:java.util.concurrent.CompletableFuture@1df2c7b5[Not completed]
2019-09-25 11:09:44,360 [pool-635-thread-1] INFO  impl.RaftServerImpl (RaftServerImpl.java:<init>(95)) - f195ac4f-a279-4102-9716-e02d49b9162a: new RaftServerImpl for group-0E89412F051D:[f195ac4f-a279-4102-9716-e02d49b9162a:192.168.30.6:37523] with ContainerStateMachine:uninitialized
2019-09-25 11:09:44,360 [pool-635-thread-1] INFO  server.RaftServerConfigKeys (ConfUtils.java:logGet(43)) - raft.server.rpc.timeout.min = 5s (custom)
2019-09-25 11:09:44,360 [pool-635-thread-1] INFO  server.RaftServerConfigKeys (ConfUtils.java:logGet(43)) - raft.server.rpc.timeout.max = 5200ms (custom)
2019-09-25 11:09:44,360 [pool-635-thread-1] INFO  server.RaftServerConfigKeys (ConfUtils.java:logGet(43)) - raft.server.rpcslowness.timeout = 120s (custom)
2019-09-25 11:09:44,360 [pool-635-thread-1] INFO  server.RaftServerConfigKeys (ConfUtils.java:logGet(43)) - raft.server.sleep.deviation.threshold = 300 (default)
2019-09-25 11:09:44,361 [pool-635-thread-1] INFO  server.RaftServerConfigKeys (ConfUtils.java:logGet(43)) - raft.server.log.appender.install.snapshot.enabled = false (custom)
2019-09-25 11:09:44,361 [pool-635-thread-1] INFO  impl.RaftServerImpl (ServerState.java:<init>(103)) - f195ac4f-a279-4102-9716-e02d49b9162a@group-0E89412F051D: ConfigurationManager, init=-1: [f195ac4f-a279-4102-9716-e02d49b9162a:192.168.30.6:37523], old=null, confs=<EMPTY_MAP>
2019-09-25 11:09:44,361 [pool-635-thread-1] INFO  server.RaftServerConfigKeys (ConfUtils.java:logGet(43)) - raft.server.storage.dir = [/workdir/hadoop-ozone/integration-test/target/test-dir/MiniOzoneClusterImpl-d8e1effc-caf9-4828-b7f0-59ad57edb745/datanode-5/data/ratis] (custom)
2019-09-25 11:09:44,361 [pool-635-thread-1] INFO  storage.RaftStorageDirectory (RaftStorageDirectory.java:analyzeStorage(246)) - The storage directory /workdir/hadoop-ozone/integration-test/target/test-dir/MiniOzoneClusterImpl-d8e1effc-caf9-4828-b7f0-59ad57edb745/datanode-5/data/ratis/f7aa547c-9aa9-487d-b3de-0e89412f051d does not exist. Creating ...
2019-09-25 11:09:44,377 [pool-635-thread-1] INFO  storage.RaftStorageDirectory (RaftStorageDirectory.java:tryLock(328)) - Lock on /workdir/hadoop-ozone/integration-test/target/test-dir/MiniOzoneClusterImpl-d8e1effc-caf9-4828-b7f0-59ad57edb745/datanode-5/data/ratis/f7aa547c-9aa9-487d-b3de-0e89412f051d/in_use.lock acquired by nodename 21763@pr-hdds-1569-5gmkr-4255264070
2019-09-25 11:09:44,391 [pool-635-thread-1] INFO  storage.RaftStorage (RaftStorage.java:format(72)) - Storage directory /workdir/hadoop-ozone/integration-test/target/test-dir/MiniOzoneClusterImpl-d8e1effc-caf9-4828-b7f0-59ad57edb745/datanode-5/data/ratis/f7aa547c-9aa9-487d-b3de-0e89412f051d has been successfully formatted.
2019-09-25 11:09:44,391 [pool-635-thread-1] INFO  ratis.ContainerStateMachine (ContainerStateMachine.java:loadSnapshot(230)) - group-0E89412F051D: The snapshot info is null. Setting the last applied indexto:(t:0, i:~)
2019-09-25 11:09:44,391 [pool-635-thread-1] INFO  server.RaftServerConfigKeys (ConfUtils.java:logGet(43)) - raft.server.notification.no-leader.timeout = 120s (custom)
2019-09-25 11:09:44,391 [pool-635-thread-1] INFO  server.RaftServerConfigKeys (ConfUtils.java:logGet(43)) - raft.server.log.use.memory = false (default)
2019-09-25 11:09:44,392 [pool-635-thread-1] INFO  server.RaftServerConfigKeys (ConfUtils.java:logGet(43)) - raft.server.log.purge.gap = 1000000 (custom)
2019-09-25 11:09:44,392 [pool-635-thread-1] INFO  server.RaftServerConfigKeys (ConfUtils.java:logGet(43)) - raft.server.log.appender.buffer.byte-limit = 33554432 (custom)
2019-09-25 11:09:44,392 [pool-635-thread-1] INFO  server.RaftServerConfigKeys (ConfUtils.java:logGet(43)) - raft.server.log.segment.size.max = 1048576 (custom)
2019-09-25 11:09:44,392 [pool-635-thread-1] INFO  server.RaftServerConfigKeys (ConfUtils.java:logGet(43)) - raft.server.log.segment.cache.num.max = 2 (custom)
2019-09-25 11:09:44,392 [pool-635-thread-1] INFO  segmented.SegmentedRaftLogWorker (SegmentedRaftLogWorker.java:<init>(172)) - new f195ac4f-a279-4102-9716-e02d49b9162a@group-0E89412F051D-SegmentedRaftLogWorker for RaftStorage:Storage Directory /workdir/hadoop-ozone/integration-test/target/test-dir/MiniOzoneClusterImpl-d8e1effc-caf9-4828-b7f0-59ad57edb745/datanode-5/data/ratis/f7aa547c-9aa9-487d-b3de-0e89412f051d
2019-09-25 11:09:44,392 [pool-635-thread-1] INFO  server.RaftServerConfigKeys (ConfUtils.java:logGet(43)) - raft.server.log.queue.byte-limit = 2147483647 (custom)
2019-09-25 11:09:44,392 [pool-635-thread-1] INFO  server.RaftServerConfigKeys (ConfUtils.java:logGet(43)) - raft.server.log.queue.element-limit = 1024 (custom)
2019-09-25 11:09:44,392 [pool-635-thread-1] INFO  server.RaftServerConfigKeys (ConfUtils.java:logGet(43)) - raft.server.log.segment.size.max = 1048576 (custom)
2019-09-25 11:09:44,392 [pool-635-thread-1] INFO  server.RaftServerConfigKeys (ConfUtils.java:logGet(43)) - raft.server.log.preallocated.size = 16384 (custom)
2019-09-25 11:09:44,392 [pool-635-thread-1] INFO  server.RaftServerConfigKeys (ConfUtils.java:logGet(43)) - raft.server.log.write.buffer.size = 33554432 (custom)
2019-09-25 11:09:44,393 [pool-635-thread-1] INFO  server.RaftServerConfigKeys (ConfUtils.java:logGet(43)) - raft.server.log.force.sync.num = 128 (default)
2019-09-25 11:09:44,393 [pool-635-thread-1] INFO  server.RaftServerConfigKeys (ConfUtils.java:logGet(43)) - raft.server.log.statemachine.data.sync = true (default)
2019-09-25 11:09:44,393 [pool-635-thread-1] INFO  server.RaftServerConfigKeys (ConfUtils.java:logGet(43)) - raft.server.log.statemachine.data.sync.timeout = 10s (default)
2019-09-25 11:09:44,393 [pool-635-thread-1] INFO  server.RaftServerConfigKeys (ConfUtils.java:logGet(43)) - raft.server.log.statemachine.data.sync.timeout.retry = -1 (default)
2019-09-25 11:09:44,393 [pool-635-thread-1] INFO  server.RaftServerConfigKeys (ConfUtils.java:logGet(43)) - raft.server.log.statemachine.data.caching.enabled = true (custom)
2019-09-25 11:09:44,393 [pool-635-thread-1] INFO  segmented.SegmentedRaftLogWorker (SegmentedRaftLogWorker.java:lambda$new$0(132)) - f195ac4f-a279-4102-9716-e02d49b9162a@group-0E89412F051D-SegmentedRaftLogWorker: flushIndex: setUnconditionally 0 -> -1
2019-09-25 11:09:44,393 [pool-635-thread-1] INFO  server.RaftServerConfigKeys (ConfUtils.java:logGet(43)) - raft.server.snapshot.auto.trigger.enabled = true (custom)
2019-09-25 11:09:44,394 [pool-635-thread-1] INFO  server.RaftServerConfigKeys (ConfUtils.java:logGet(43)) - raft.server.snapshot.auto.trigger.threshold = 10000 (custom)
2019-09-25 11:09:44,394 [pool-635-thread-1] INFO  server.RaftServerConfigKeys (ConfUtils.java:logGet(43)) - raft.server.snapshot.retention.num.files = 5 (custom)
2019-09-25 11:09:44,394 [pool-635-thread-1] INFO  server.RaftServerConfigKeys (ConfUtils.java:logGet(43)) - raft.server.retrycache.expirytime = 600000ms (custom)
2019-09-25 11:09:44,395 [pool-635-thread-1] INFO  impl.RaftServerImpl (RaftServerImpl.java:start(185)) - f195ac4f-a279-4102-9716-e02d49b9162a@group-0E89412F051D: start as a follower, conf=-1: [f195ac4f-a279-4102-9716-e02d49b9162a:192.168.30.6:37523], old=null
2019-09-25 11:09:44,395 [pool-635-thread-1] INFO  impl.RaftServerImpl (RaftServerImpl.java:setRole(174)) - f195ac4f-a279-4102-9716-e02d49b9162a@group-0E89412F051D: changes role from      null to FOLLOWER at term 0 for startAsFollower
2019-09-25 11:09:44,395 [pool-635-thread-1] INFO  impl.RoleInfo (RoleInfo.java:updateAndGet(143)) - f195ac4f-a279-4102-9716-e02d49b9162a: start FollowerState
2019-09-25 11:09:44,395 [pool-635-thread-1] INFO  util.JmxRegister (JmxRegister.java:tryRegister(44)) - Successfully registered JMX Bean with object name Ratis:service=RaftServer,group=group-0E89412F051D,id=f195ac4f-a279-4102-9716-e02d49b9162a
2019-09-25 11:09:44,398 [RatisPipelineUtilsThread] INFO  pipeline.PipelineStateManager (PipelineStateManager.java:addPipeline(56)) - Created pipeline Pipeline[ Id: f7aa547c-9aa9-487d-b3de-0e89412f051d, Nodes: f195ac4f-a279-4102-9716-e02d49b9162a{ip: 192.168.30.6, host: pr-hdds-1569-5gmkr-4255264070, networkLocation: /default-rack, certSerialId: null}, Type:RATIS, Factor:ONE, State:OPEN]
2019-09-25 11:09:44,398 [RatisPipelineUtilsThread] INFO  pipeline.PipelinePlacementPolicy (PipelinePlacementPolicy.java:meetCriteria(91)) - Pipeline Placement: can't place more pipeline on heavy datanode： deee6178-b1f5-49c6-a192-edc1bfc8677d Heaviness: 6 limit: 5
2019-09-25 11:09:44,398 [RatisPipelineUtilsThread] INFO  pipeline.PipelinePlacementPolicy (PipelinePlacementPolicy.java:meetCriteria(91)) - Pipeline Placement: can't place more pipeline on heavy datanode： 0b288e97-ea7b-4dc2-9c9e-09d2c36158d8 Heaviness: 6 limit: 5
2019-09-25 11:09:44,398 [RatisPipelineUtilsThread] INFO  pipeline.PipelinePlacementPolicy (PipelinePlacementPolicy.java:meetCriteria(91)) - Pipeline Placement: can't place more pipeline on heavy datanode： 07e899c7-9b65-45ad-afd5-2a504e2891bf Heaviness: 6 limit: 5
2019-09-25 11:09:44,398 [RatisPipelineUtilsThread] INFO  pipeline.PipelinePlacementPolicy (PipelinePlacementPolicy.java:meetCriteria(91)) - Pipeline Placement: can't place more pipeline on heavy datanode： 6b5841ea-ab37-40e7-b4af-848a53246ff5 Heaviness: 6 limit: 5
2019-09-25 11:09:44,399 [RatisPipelineUtilsThread] INFO  pipeline.PipelinePlacementPolicy (PipelinePlacementPolicy.java:meetCriteria(91)) - Pipeline Placement: can't place more pipeline on heavy datanode： 9c4ccc43-f5ac-4960-a511-a1ff33ec0d19 Heaviness: 6 limit: 5
2019-09-25 11:09:44,399 [RatisPipelineUtilsThread] INFO  pipeline.PipelinePlacementPolicy (PipelinePlacementPolicy.java:meetCriteria(91)) - Pipeline Placement: can't place more pipeline on heavy datanode： f195ac4f-a279-4102-9716-e02d49b9162a Heaviness: 6 limit: 5
2019-09-25 11:09:44,401 [grpc-default-executor-1] INFO  impl.RaftServerProxy (RaftServerProxy.java:addNew(89)) - e2b10f42-ed4b-4300-a7cb-c770d2b1b0a2: addNew group-5EFE2F638EA0:[e2b10f42-ed4b-4300-a7cb-c770d2b1b0a2:192.168.30.6:33746] returns group-5EFE2F638EA0:java.util.concurrent.CompletableFuture@44f65c51[Not completed]
2019-09-25 11:09:44,402 [pool-645-thread-1] INFO  impl.RaftServerImpl (RaftServerImpl.java:<init>(95)) - e2b10f42-ed4b-4300-a7cb-c770d2b1b0a2: new RaftServerImpl for group-5EFE2F638EA0:[e2b10f42-ed4b-4300-a7cb-c770d2b1b0a2:192.168.30.6:33746] with ContainerStateMachine:uninitialized
2019-09-25 11:09:44,402 [pool-645-thread-1] INFO  server.RaftServerConfigKeys (ConfUtils.java:logGet(43)) - raft.server.rpc.timeout.min = 5s (custom)
2019-09-25 11:09:44,402 [pool-645-thread-1] INFO  server.RaftServerConfigKeys (ConfUtils.java:logGet(43)) - raft.server.rpc.timeout.max = 5200ms (custom)
2019-09-25 11:09:44,402 [pool-645-thread-1] INFO  server.RaftServerConfigKeys (ConfUtils.java:logGet(43)) - raft.server.rpcslowness.timeout = 120s (custom)
2019-09-25 11:09:44,403 [pool-645-thread-1] INFO  server.RaftServerConfigKeys (ConfUtils.java:logGet(43)) - raft.server.sleep.deviation.threshold = 300 (default)
2019-09-25 11:09:44,403 [pool-645-thread-1] INFO  server.RaftServerConfigKeys (ConfUtils.java:logGet(43)) - raft.server.log.appender.install.snapshot.enabled = false (custom)
2019-09-25 11:09:44,403 [pool-645-thread-1] INFO  impl.RaftServerImpl (ServerState.java:<init>(103)) - e2b10f42-ed4b-4300-a7cb-c770d2b1b0a2@group-5EFE2F638EA0: ConfigurationManager, init=-1: [e2b10f42-ed4b-4300-a7cb-c770d2b1b0a2:192.168.30.6:33746], old=null, confs=<EMPTY_MAP>
2019-09-25 11:09:44,403 [pool-645-thread-1] INFO  server.RaftServerConfigKeys (ConfUtils.java:logGet(43)) - raft.server.storage.dir = [/workdir/hadoop-ozone/integration-test/target/test-dir/MiniOzoneClusterImpl-d8e1effc-caf9-4828-b7f0-59ad57edb745/datanode-6/data/ratis] (custom)
2019-09-25 11:09:44,403 [pool-645-thread-1] INFO  storage.RaftStorageDirectory (RaftStorageDirectory.java:analyzeStorage(246)) - The storage directory /workdir/hadoop-ozone/integration-test/target/test-dir/MiniOzoneClusterImpl-d8e1effc-caf9-4828-b7f0-59ad57edb745/datanode-6/data/ratis/a393bafb-e82a-4716-90ae-5efe2f638ea0 does not exist. Creating ...
2019-09-25 11:09:44,417 [pool-645-thread-1] INFO  storage.RaftStorageDirectory (RaftStorageDirectory.java:tryLock(328)) - Lock on /workdir/hadoop-ozone/integration-test/target/test-dir/MiniOzoneClusterImpl-d8e1effc-caf9-4828-b7f0-59ad57edb745/datanode-6/data/ratis/a393bafb-e82a-4716-90ae-5efe2f638ea0/in_use.lock acquired by nodename 21763@pr-hdds-1569-5gmkr-4255264070
2019-09-25 11:09:44,430 [pool-645-thread-1] INFO  storage.RaftStorage (RaftStorage.java:format(72)) - Storage directory /workdir/hadoop-ozone/integration-test/target/test-dir/MiniOzoneClusterImpl-d8e1effc-caf9-4828-b7f0-59ad57edb745/datanode-6/data/ratis/a393bafb-e82a-4716-90ae-5efe2f638ea0 has been successfully formatted.
2019-09-25 11:09:44,430 [pool-645-thread-1] INFO  ratis.ContainerStateMachine (ContainerStateMachine.java:loadSnapshot(230)) - group-5EFE2F638EA0: The snapshot info is null. Setting the last applied indexto:(t:0, i:~)
2019-09-25 11:09:44,430 [pool-645-thread-1] INFO  server.RaftServerConfigKeys (ConfUtils.java:logGet(43)) - raft.server.notification.no-leader.timeout = 120s (custom)
2019-09-25 11:09:44,430 [pool-645-thread-1] INFO  server.RaftServerConfigKeys (ConfUtils.java:logGet(43)) - raft.server.log.use.memory = false (default)
2019-09-25 11:09:44,430 [pool-645-thread-1] INFO  server.RaftServerConfigKeys (ConfUtils.java:logGet(43)) - raft.server.log.purge.gap = 1000000 (custom)
2019-09-25 11:09:44,430 [pool-645-thread-1] INFO  server.RaftServerConfigKeys (ConfUtils.java:logGet(43)) - raft.server.log.appender.buffer.byte-limit = 33554432 (custom)
2019-09-25 11:09:44,430 [pool-645-thread-1] INFO  server.RaftServerConfigKeys (ConfUtils.java:logGet(43)) - raft.server.log.segment.size.max = 1048576 (custom)
2019-09-25 11:09:44,431 [pool-645-thread-1] INFO  server.RaftServerConfigKeys (ConfUtils.java:logGet(43)) - raft.server.log.segment.cache.num.max = 2 (custom)
2019-09-25 11:09:44,431 [pool-645-thread-1] INFO  segmented.SegmentedRaftLogWorker (SegmentedRaftLogWorker.java:<init>(172)) - new e2b10f42-ed4b-4300-a7cb-c770d2b1b0a2@group-5EFE2F638EA0-SegmentedRaftLogWorker for RaftStorage:Storage Directory /workdir/hadoop-ozone/integration-test/target/test-dir/MiniOzoneClusterImpl-d8e1effc-caf9-4828-b7f0-59ad57edb745/datanode-6/data/ratis/a393bafb-e82a-4716-90ae-5efe2f638ea0
2019-09-25 11:09:44,431 [pool-645-thread-1] INFO  server.RaftServerConfigKeys (ConfUtils.java:logGet(43)) - raft.server.log.queue.byte-limit = 2147483647 (custom)
2019-09-25 11:09:44,431 [pool-645-thread-1] INFO  server.RaftServerConfigKeys (ConfUtils.java:logGet(43)) - raft.server.log.queue.element-limit = 1024 (custom)
2019-09-25 11:09:44,431 [pool-645-thread-1] INFO  server.RaftServerConfigKeys (ConfUtils.java:logGet(43)) - raft.server.log.segment.size.max = 1048576 (custom)
2019-09-25 11:09:44,431 [pool-645-thread-1] INFO  server.RaftServerConfigKeys (ConfUtils.java:logGet(43)) - raft.server.log.preallocated.size = 16384 (custom)
2019-09-25 11:09:44,431 [pool-645-thread-1] INFO  server.RaftServerConfigKeys (ConfUtils.java:logGet(43)) - raft.server.log.write.buffer.size = 33554432 (custom)
2019-09-25 11:09:44,431 [pool-645-thread-1] INFO  server.RaftServerConfigKeys (ConfUtils.java:logGet(43)) - raft.server.log.force.sync.num = 128 (default)
2019-09-25 11:09:44,431 [pool-645-thread-1] INFO  server.RaftServerConfigKeys (ConfUtils.java:logGet(43)) - raft.server.log.statemachine.data.sync = true (default)
2019-09-25 11:09:44,431 [pool-645-thread-1] INFO  server.RaftServerConfigKeys (ConfUtils.java:logGet(43)) - raft.server.log.statemachine.data.sync.timeout = 10s (default)
2019-09-25 11:09:44,432 [pool-645-thread-1] INFO  server.RaftServerConfigKeys (ConfUtils.java:logGet(43)) - raft.server.log.statemachine.data.sync.timeout.retry = -1 (default)
2019-09-25 11:09:44,432 [pool-645-thread-1] INFO  server.RaftServerConfigKeys (ConfUtils.java:logGet(43)) - raft.server.log.statemachine.data.caching.enabled = true (custom)
2019-09-25 11:09:44,432 [pool-645-thread-1] INFO  segmented.SegmentedRaftLogWorker (SegmentedRaftLogWorker.java:lambda$new$0(132)) - e2b10f42-ed4b-4300-a7cb-c770d2b1b0a2@group-5EFE2F638EA0-SegmentedRaftLogWorker: flushIndex: setUnconditionally 0 -> -1
2019-09-25 11:09:44,432 [pool-645-thread-1] INFO  server.RaftServerConfigKeys (ConfUtils.java:logGet(43)) - raft.server.snapshot.auto.trigger.enabled = true (custom)
2019-09-25 11:09:44,432 [pool-645-thread-1] INFO  server.RaftServerConfigKeys (ConfUtils.java:logGet(43)) - raft.server.snapshot.auto.trigger.threshold = 10000 (custom)
2019-09-25 11:09:44,432 [pool-645-thread-1] INFO  server.RaftServerConfigKeys (ConfUtils.java:logGet(43)) - raft.server.snapshot.retention.num.files = 5 (custom)
2019-09-25 11:09:44,433 [pool-645-thread-1] INFO  server.RaftServerConfigKeys (ConfUtils.java:logGet(43)) - raft.server.retrycache.expirytime = 600000ms (custom)
2019-09-25 11:09:44,434 [pool-645-thread-1] INFO  impl.RaftServerImpl (RaftServerImpl.java:start(185)) - e2b10f42-ed4b-4300-a7cb-c770d2b1b0a2@group-5EFE2F638EA0: start as a follower, conf=-1: [e2b10f42-ed4b-4300-a7cb-c770d2b1b0a2:192.168.30.6:33746], old=null
2019-09-25 11:09:44,434 [pool-645-thread-1] INFO  impl.RaftServerImpl (RaftServerImpl.java:setRole(174)) - e2b10f42-ed4b-4300-a7cb-c770d2b1b0a2@group-5EFE2F638EA0: changes role from      null to FOLLOWER at term 0 for startAsFollower
2019-09-25 11:09:44,434 [pool-645-thread-1] INFO  impl.RoleInfo (RoleInfo.java:updateAndGet(143)) - e2b10f42-ed4b-4300-a7cb-c770d2b1b0a2: start FollowerState
2019-09-25 11:09:44,434 [pool-645-thread-1] INFO  util.JmxRegister (JmxRegister.java:tryRegister(44)) - Successfully registered JMX Bean with object name Ratis:service=RaftServer,group=group-5EFE2F638EA0,id=e2b10f42-ed4b-4300-a7cb-c770d2b1b0a2
2019-09-25 11:09:44,437 [RatisPipelineUtilsThread] INFO  pipeline.PipelineStateManager (PipelineStateManager.java:addPipeline(56)) - Created pipeline Pipeline[ Id: a393bafb-e82a-4716-90ae-5efe2f638ea0, Nodes: e2b10f42-ed4b-4300-a7cb-c770d2b1b0a2{ip: 192.168.30.6, host: pr-hdds-1569-5gmkr-4255264070, networkLocation: /default-rack, certSerialId: null}, Type:RATIS, Factor:ONE, State:OPEN]
2019-09-25 11:09:44,437 [RatisPipelineUtilsThread] INFO  pipeline.PipelinePlacementPolicy (PipelinePlacementPolicy.java:meetCriteria(91)) - Pipeline Placement: can't place more pipeline on heavy datanode： deee6178-b1f5-49c6-a192-edc1bfc8677d Heaviness: 6 limit: 5
2019-09-25 11:09:44,437 [RatisPipelineUtilsThread] INFO  pipeline.PipelinePlacementPolicy (PipelinePlacementPolicy.java:meetCriteria(91)) - Pipeline Placement: can't place more pipeline on heavy datanode： 0b288e97-ea7b-4dc2-9c9e-09d2c36158d8 Heaviness: 6 limit: 5
2019-09-25 11:09:44,437 [RatisPipelineUtilsThread] INFO  pipeline.PipelinePlacementPolicy (PipelinePlacementPolicy.java:meetCriteria(91)) - Pipeline Placement: can't place more pipeline on heavy datanode： 07e899c7-9b65-45ad-afd5-2a504e2891bf Heaviness: 6 limit: 5
2019-09-25 11:09:44,437 [RatisPipelineUtilsThread] INFO  pipeline.PipelinePlacementPolicy (PipelinePlacementPolicy.java:meetCriteria(91)) - Pipeline Placement: can't place more pipeline on heavy datanode： 6b5841ea-ab37-40e7-b4af-848a53246ff5 Heaviness: 6 limit: 5
2019-09-25 11:09:44,437 [RatisPipelineUtilsThread] INFO  pipeline.PipelinePlacementPolicy (PipelinePlacementPolicy.java:meetCriteria(91)) - Pipeline Placement: can't place more pipeline on heavy datanode： 9c4ccc43-f5ac-4960-a511-a1ff33ec0d19 Heaviness: 6 limit: 5
2019-09-25 11:09:44,438 [RatisPipelineUtilsThread] INFO  pipeline.PipelinePlacementPolicy (PipelinePlacementPolicy.java:meetCriteria(91)) - Pipeline Placement: can't place more pipeline on heavy datanode： f195ac4f-a279-4102-9716-e02d49b9162a Heaviness: 6 limit: 5
2019-09-25 11:09:44,441 [grpc-default-executor-1] INFO  impl.RaftServerProxy (RaftServerProxy.java:addNew(89)) - e2b10f42-ed4b-4300-a7cb-c770d2b1b0a2: addNew group-FCB9D99430DC:[e2b10f42-ed4b-4300-a7cb-c770d2b1b0a2:192.168.30.6:33746] returns group-FCB9D99430DC:java.util.concurrent.CompletableFuture@6c05ea3[Not completed]
2019-09-25 11:09:44,441 [pool-645-thread-1] INFO  impl.RaftServerImpl (RaftServerImpl.java:<init>(95)) - e2b10f42-ed4b-4300-a7cb-c770d2b1b0a2: new RaftServerImpl for group-FCB9D99430DC:[e2b10f42-ed4b-4300-a7cb-c770d2b1b0a2:192.168.30.6:33746] with ContainerStateMachine:uninitialized
2019-09-25 11:09:44,442 [pool-645-thread-1] INFO  server.RaftServerConfigKeys (ConfUtils.java:logGet(43)) - raft.server.rpc.timeout.min = 5s (custom)
2019-09-25 11:09:44,442 [pool-645-thread-1] INFO  server.RaftServerConfigKeys (ConfUtils.java:logGet(43)) - raft.server.rpc.timeout.max = 5200ms (custom)
2019-09-25 11:09:44,442 [pool-645-thread-1] INFO  server.RaftServerConfigKeys (ConfUtils.java:logGet(43)) - raft.server.rpcslowness.timeout = 120s (custom)
2019-09-25 11:09:44,442 [pool-645-thread-1] INFO  server.RaftServerConfigKeys (ConfUtils.java:logGet(43)) - raft.server.sleep.deviation.threshold = 300 (default)
2019-09-25 11:09:44,442 [pool-645-thread-1] INFO  server.RaftServerConfigKeys (ConfUtils.java:logGet(43)) - raft.server.log.appender.install.snapshot.enabled = false (custom)
2019-09-25 11:09:44,442 [pool-645-thread-1] INFO  impl.RaftServerImpl (ServerState.java:<init>(103)) - e2b10f42-ed4b-4300-a7cb-c770d2b1b0a2@group-FCB9D99430DC: ConfigurationManager, init=-1: [e2b10f42-ed4b-4300-a7cb-c770d2b1b0a2:192.168.30.6:33746], old=null, confs=<EMPTY_MAP>
2019-09-25 11:09:44,442 [pool-645-thread-1] INFO  server.RaftServerConfigKeys (ConfUtils.java:logGet(43)) - raft.server.storage.dir = [/workdir/hadoop-ozone/integration-test/target/test-dir/MiniOzoneClusterImpl-d8e1effc-caf9-4828-b7f0-59ad57edb745/datanode-6/data/ratis] (custom)
2019-09-25 11:09:44,443 [pool-645-thread-1] INFO  storage.RaftStorageDirectory (RaftStorageDirectory.java:analyzeStorage(246)) - The storage directory /workdir/hadoop-ozone/integration-test/target/test-dir/MiniOzoneClusterImpl-d8e1effc-caf9-4828-b7f0-59ad57edb745/datanode-6/data/ratis/048accd1-b9d4-45ff-98fb-fcb9d99430dc does not exist. Creating ...
2019-09-25 11:09:44,456 [pool-645-thread-1] INFO  storage.RaftStorageDirectory (RaftStorageDirectory.java:tryLock(328)) - Lock on /workdir/hadoop-ozone/integration-test/target/test-dir/MiniOzoneClusterImpl-d8e1effc-caf9-4828-b7f0-59ad57edb745/datanode-6/data/ratis/048accd1-b9d4-45ff-98fb-fcb9d99430dc/in_use.lock acquired by nodename 21763@pr-hdds-1569-5gmkr-4255264070
2019-09-25 11:09:44,469 [pool-645-thread-1] INFO  storage.RaftStorage (RaftStorage.java:format(72)) - Storage directory /workdir/hadoop-ozone/integration-test/target/test-dir/MiniOzoneClusterImpl-d8e1effc-caf9-4828-b7f0-59ad57edb745/datanode-6/data/ratis/048accd1-b9d4-45ff-98fb-fcb9d99430dc has been successfully formatted.
2019-09-25 11:09:44,469 [pool-645-thread-1] INFO  ratis.ContainerStateMachine (ContainerStateMachine.java:loadSnapshot(230)) - group-FCB9D99430DC: The snapshot info is null. Setting the last applied indexto:(t:0, i:~)
2019-09-25 11:09:44,469 [pool-645-thread-1] INFO  server.RaftServerConfigKeys (ConfUtils.java:logGet(43)) - raft.server.notification.no-leader.timeout = 120s (custom)
2019-09-25 11:09:44,469 [pool-645-thread-1] INFO  server.RaftServerConfigKeys (ConfUtils.java:logGet(43)) - raft.server.log.use.memory = false (default)
2019-09-25 11:09:44,469 [pool-645-thread-1] INFO  server.RaftServerConfigKeys (ConfUtils.java:logGet(43)) - raft.server.log.purge.gap = 1000000 (custom)
2019-09-25 11:09:44,469 [pool-645-thread-1] INFO  server.RaftServerConfigKeys (ConfUtils.java:logGet(43)) - raft.server.log.appender.buffer.byte-limit = 33554432 (custom)
2019-09-25 11:09:44,470 [pool-645-thread-1] INFO  server.RaftServerConfigKeys (ConfUtils.java:logGet(43)) - raft.server.log.segment.size.max = 1048576 (custom)
2019-09-25 11:09:44,470 [pool-645-thread-1] INFO  server.RaftServerConfigKeys (ConfUtils.java:logGet(43)) - raft.server.log.segment.cache.num.max = 2 (custom)
2019-09-25 11:09:44,470 [pool-645-thread-1] INFO  segmented.SegmentedRaftLogWorker (SegmentedRaftLogWorker.java:<init>(172)) - new e2b10f42-ed4b-4300-a7cb-c770d2b1b0a2@group-FCB9D99430DC-SegmentedRaftLogWorker for RaftStorage:Storage Directory /workdir/hadoop-ozone/integration-test/target/test-dir/MiniOzoneClusterImpl-d8e1effc-caf9-4828-b7f0-59ad57edb745/datanode-6/data/ratis/048accd1-b9d4-45ff-98fb-fcb9d99430dc
2019-09-25 11:09:44,470 [pool-645-thread-1] INFO  server.RaftServerConfigKeys (ConfUtils.java:logGet(43)) - raft.server.log.queue.byte-limit = 2147483647 (custom)
2019-09-25 11:09:44,470 [pool-645-thread-1] INFO  server.RaftServerConfigKeys (ConfUtils.java:logGet(43)) - raft.server.log.queue.element-limit = 1024 (custom)
2019-09-25 11:09:44,470 [pool-645-thread-1] INFO  server.RaftServerConfigKeys (ConfUtils.java:logGet(43)) - raft.server.log.segment.size.max = 1048576 (custom)
2019-09-25 11:09:44,470 [pool-645-thread-1] INFO  server.RaftServerConfigKeys (ConfUtils.java:logGet(43)) - raft.server.log.preallocated.size = 16384 (custom)
2019-09-25 11:09:44,470 [pool-645-thread-1] INFO  server.RaftServerConfigKeys (ConfUtils.java:logGet(43)) - raft.server.log.write.buffer.size = 33554432 (custom)
2019-09-25 11:09:44,470 [pool-645-thread-1] INFO  server.RaftServerConfigKeys (ConfUtils.java:logGet(43)) - raft.server.log.force.sync.num = 128 (default)
2019-09-25 11:09:44,471 [pool-645-thread-1] INFO  server.RaftServerConfigKeys (ConfUtils.java:logGet(43)) - raft.server.log.statemachine.data.sync = true (default)
2019-09-25 11:09:44,471 [pool-645-thread-1] INFO  server.RaftServerConfigKeys (ConfUtils.java:logGet(43)) - raft.server.log.statemachine.data.sync.timeout = 10s (default)
2019-09-25 11:09:44,471 [pool-645-thread-1] INFO  server.RaftServerConfigKeys (ConfUtils.java:logGet(43)) - raft.server.log.statemachine.data.sync.timeout.retry = -1 (default)
2019-09-25 11:09:44,471 [pool-645-thread-1] INFO  server.RaftServerConfigKeys (ConfUtils.java:logGet(43)) - raft.server.log.statemachine.data.caching.enabled = true (custom)
2019-09-25 11:09:44,471 [pool-645-thread-1] INFO  segmented.SegmentedRaftLogWorker (SegmentedRaftLogWorker.java:lambda$new$0(132)) - e2b10f42-ed4b-4300-a7cb-c770d2b1b0a2@group-FCB9D99430DC-SegmentedRaftLogWorker: flushIndex: setUnconditionally 0 -> -1
2019-09-25 11:09:44,472 [pool-645-thread-1] INFO  server.RaftServerConfigKeys (ConfUtils.java:logGet(43)) - raft.server.snapshot.auto.trigger.enabled = true (custom)
2019-09-25 11:09:44,472 [pool-645-thread-1] INFO  server.RaftServerConfigKeys (ConfUtils.java:logGet(43)) - raft.server.snapshot.auto.trigger.threshold = 10000 (custom)
2019-09-25 11:09:44,472 [pool-645-thread-1] INFO  server.RaftServerConfigKeys (ConfUtils.java:logGet(43)) - raft.server.snapshot.retention.num.files = 5 (custom)
2019-09-25 11:09:44,472 [pool-645-thread-1] INFO  server.RaftServerConfigKeys (ConfUtils.java:logGet(43)) - raft.server.retrycache.expirytime = 600000ms (custom)
2019-09-25 11:09:44,473 [pool-645-thread-1] INFO  impl.RaftServerImpl (RaftServerImpl.java:start(185)) - e2b10f42-ed4b-4300-a7cb-c770d2b1b0a2@group-FCB9D99430DC: start as a follower, conf=-1: [e2b10f42-ed4b-4300-a7cb-c770d2b1b0a2:192.168.30.6:33746], old=null
2019-09-25 11:09:44,473 [pool-645-thread-1] INFO  impl.RaftServerImpl (RaftServerImpl.java:setRole(174)) - e2b10f42-ed4b-4300-a7cb-c770d2b1b0a2@group-FCB9D99430DC: changes role from      null to FOLLOWER at term 0 for startAsFollower
2019-09-25 11:09:44,474 [pool-645-thread-1] INFO  impl.RoleInfo (RoleInfo.java:updateAndGet(143)) - e2b10f42-ed4b-4300-a7cb-c770d2b1b0a2: start FollowerState
2019-09-25 11:09:44,474 [pool-645-thread-1] INFO  util.JmxRegister (JmxRegister.java:tryRegister(44)) - Successfully registered JMX Bean with object name Ratis:service=RaftServer,group=group-FCB9D99430DC,id=e2b10f42-ed4b-4300-a7cb-c770d2b1b0a2
2019-09-25 11:09:44,476 [RatisPipelineUtilsThread] INFO  pipeline.PipelineStateManager (PipelineStateManager.java:addPipeline(56)) - Created pipeline Pipeline[ Id: 048accd1-b9d4-45ff-98fb-fcb9d99430dc, Nodes: e2b10f42-ed4b-4300-a7cb-c770d2b1b0a2{ip: 192.168.30.6, host: pr-hdds-1569-5gmkr-4255264070, networkLocation: /default-rack, certSerialId: null}, Type:RATIS, Factor:ONE, State:OPEN]
2019-09-25 11:09:44,476 [RatisPipelineUtilsThread] INFO  pipeline.PipelinePlacementPolicy (PipelinePlacementPolicy.java:meetCriteria(91)) - Pipeline Placement: can't place more pipeline on heavy datanode： e2b10f42-ed4b-4300-a7cb-c770d2b1b0a2 Heaviness: 6 limit: 5
2019-09-25 11:09:44,476 [RatisPipelineUtilsThread] INFO  pipeline.PipelinePlacementPolicy (PipelinePlacementPolicy.java:meetCriteria(91)) - Pipeline Placement: can't place more pipeline on heavy datanode： deee6178-b1f5-49c6-a192-edc1bfc8677d Heaviness: 6 limit: 5
2019-09-25 11:09:44,476 [RatisPipelineUtilsThread] INFO  pipeline.PipelinePlacementPolicy (PipelinePlacementPolicy.java:meetCriteria(91)) - Pipeline Placement: can't place more pipeline on heavy datanode： 0b288e97-ea7b-4dc2-9c9e-09d2c36158d8 Heaviness: 6 limit: 5
2019-09-25 11:09:44,476 [RatisPipelineUtilsThread] INFO  pipeline.PipelinePlacementPolicy (PipelinePlacementPolicy.java:meetCriteria(91)) - Pipeline Placement: can't place more pipeline on heavy datanode： 07e899c7-9b65-45ad-afd5-2a504e2891bf Heaviness: 6 limit: 5
2019-09-25 11:09:44,476 [RatisPipelineUtilsThread] INFO  pipeline.PipelinePlacementPolicy (PipelinePlacementPolicy.java:meetCriteria(91)) - Pipeline Placement: can't place more pipeline on heavy datanode： 6b5841ea-ab37-40e7-b4af-848a53246ff5 Heaviness: 6 limit: 5
2019-09-25 11:09:44,476 [RatisPipelineUtilsThread] INFO  pipeline.PipelinePlacementPolicy (PipelinePlacementPolicy.java:meetCriteria(91)) - Pipeline Placement: can't place more pipeline on heavy datanode： 9c4ccc43-f5ac-4960-a511-a1ff33ec0d19 Heaviness: 6 limit: 5
2019-09-25 11:09:44,477 [RatisPipelineUtilsThread] INFO  pipeline.PipelinePlacementPolicy (PipelinePlacementPolicy.java:meetCriteria(91)) - Pipeline Placement: can't place more pipeline on heavy datanode： f195ac4f-a279-4102-9716-e02d49b9162a Heaviness: 6 limit: 5
2019-09-25 11:09:44,477 [RatisPipelineUtilsThread] ERROR pipeline.PipelinePlacementPolicy (PipelinePlacementPolicy.java:filterViableNodes(148)) - Unable to find enough nodes that meet the criteria that cannot engage in more than 5 pipelines. Nodes required: 1 Found: 0, healthy nodes count inNodeManager: 7.
2019-09-25 11:09:44,477 [RatisPipelineUtilsThread] ERROR pipeline.SCMPipelineManager (SCMPipelineManager.java:createPipeline(167)) - Pipeline creation failed.
org.apache.hadoop.hdds.scm.exceptions.SCMException: Unable to find enough nodes that meet the criteria that cannot engage in more than 5 pipelines. Nodes required: 1 Found: 0, healthy nodes count inNodeManager: 7.
	at org.apache.hadoop.hdds.scm.pipeline.PipelinePlacementPolicy.filterViableNodes(PipelinePlacementPolicy.java:149)
	at org.apache.hadoop.hdds.scm.pipeline.PipelinePlacementPolicy.chooseDatanodes(PipelinePlacementPolicy.java:172)
	at org.apache.hadoop.hdds.scm.pipeline.RatisPipelineProvider.create(RatisPipelineProvider.java:93)
	at org.apache.hadoop.hdds.scm.pipeline.PipelineFactory.create(PipelineFactory.java:58)
	at org.apache.hadoop.hdds.scm.pipeline.SCMPipelineManager.createPipeline(SCMPipelineManager.java:155)
	at org.apache.hadoop.hdds.scm.pipeline.BackgroundPipelineCreator.createPipelines(BackgroundPipelineCreator.java:99)
	at java.util.concurrent.Executors$RunnableAdapter.call(Executors.java:511)
	at java.util.concurrent.FutureTask.run(FutureTask.java:266)
	at java.util.concurrent.ScheduledThreadPoolExecutor$ScheduledFutureTask.access$201(ScheduledThreadPoolExecutor.java:180)
	at java.util.concurrent.ScheduledThreadPoolExecutor$ScheduledFutureTask.run(ScheduledThreadPoolExecutor.java:293)
	at java.util.concurrent.ThreadPoolExecutor.runWorker(ThreadPoolExecutor.java:1149)
	at java.util.concurrent.ThreadPoolExecutor$Worker.run(ThreadPoolExecutor.java:624)
	at java.lang.Thread.run(Thread.java:748)
2019-09-25 11:09:44,477 [RatisPipelineUtilsThread] INFO  pipeline.PipelinePlacementPolicy (PipelinePlacementPolicy.java:meetCriteria(91)) - Pipeline Placement: can't place more pipeline on heavy datanode： e2b10f42-ed4b-4300-a7cb-c770d2b1b0a2 Heaviness: 6 limit: 5
2019-09-25 11:09:44,477 [RatisPipelineUtilsThread] INFO  pipeline.PipelinePlacementPolicy (PipelinePlacementPolicy.java:meetCriteria(91)) - Pipeline Placement: can't place more pipeline on heavy datanode： deee6178-b1f5-49c6-a192-edc1bfc8677d Heaviness: 6 limit: 5
2019-09-25 11:09:44,477 [RatisPipelineUtilsThread] INFO  pipeline.PipelinePlacementPolicy (PipelinePlacementPolicy.java:meetCriteria(91)) - Pipeline Placement: can't place more pipeline on heavy datanode： 0b288e97-ea7b-4dc2-9c9e-09d2c36158d8 Heaviness: 6 limit: 5
2019-09-25 11:09:44,478 [RatisPipelineUtilsThread] INFO  pipeline.PipelinePlacementPolicy (PipelinePlacementPolicy.java:meetCriteria(91)) - Pipeline Placement: can't place more pipeline on heavy datanode： 07e899c7-9b65-45ad-afd5-2a504e2891bf Heaviness: 6 limit: 5
2019-09-25 11:09:44,478 [RatisPipelineUtilsThread] INFO  pipeline.PipelinePlacementPolicy (PipelinePlacementPolicy.java:meetCriteria(91)) - Pipeline Placement: can't place more pipeline on heavy datanode： 6b5841ea-ab37-40e7-b4af-848a53246ff5 Heaviness: 6 limit: 5
2019-09-25 11:09:44,478 [RatisPipelineUtilsThread] INFO  pipeline.PipelinePlacementPolicy (PipelinePlacementPolicy.java:meetCriteria(91)) - Pipeline Placement: can't place more pipeline on heavy datanode： 9c4ccc43-f5ac-4960-a511-a1ff33ec0d19 Heaviness: 6 limit: 5
2019-09-25 11:09:44,478 [RatisPipelineUtilsThread] INFO  pipeline.PipelinePlacementPolicy (PipelinePlacementPolicy.java:meetCriteria(91)) - Pipeline Placement: can't place more pipeline on heavy datanode： f195ac4f-a279-4102-9716-e02d49b9162a Heaviness: 6 limit: 5
2019-09-25 11:09:44,478 [RatisPipelineUtilsThread] ERROR pipeline.PipelinePlacementPolicy (PipelinePlacementPolicy.java:filterViableNodes(148)) - Unable to find enough nodes that meet the criteria that cannot engage in more than 5 pipelines. Nodes required: 3 Found: 0, healthy nodes count inNodeManager: 7.
2019-09-25 11:09:44,478 [RatisPipelineUtilsThread] ERROR pipeline.SCMPipelineManager (SCMPipelineManager.java:createPipeline(167)) - Pipeline creation failed.
org.apache.hadoop.hdds.scm.exceptions.SCMException: Unable to find enough nodes that meet the criteria that cannot engage in more than 5 pipelines. Nodes required: 3 Found: 0, healthy nodes count inNodeManager: 7.
	at org.apache.hadoop.hdds.scm.pipeline.PipelinePlacementPolicy.filterViableNodes(PipelinePlacementPolicy.java:149)
	at org.apache.hadoop.hdds.scm.pipeline.PipelinePlacementPolicy.chooseDatanodes(PipelinePlacementPolicy.java:172)
	at org.apache.hadoop.hdds.scm.pipeline.RatisPipelineProvider.create(RatisPipelineProvider.java:93)
	at org.apache.hadoop.hdds.scm.pipeline.PipelineFactory.create(PipelineFactory.java:58)
	at org.apache.hadoop.hdds.scm.pipeline.SCMPipelineManager.createPipeline(SCMPipelineManager.java:155)
	at org.apache.hadoop.hdds.scm.pipeline.BackgroundPipelineCreator.createPipelines(BackgroundPipelineCreator.java:99)
	at java.util.concurrent.Executors$RunnableAdapter.call(Executors.java:511)
	at java.util.concurrent.FutureTask.run(FutureTask.java:266)
	at java.util.concurrent.ScheduledThreadPoolExecutor$ScheduledFutureTask.access$201(ScheduledThreadPoolExecutor.java:180)
	at java.util.concurrent.ScheduledThreadPoolExecutor$ScheduledFutureTask.run(ScheduledThreadPoolExecutor.java:293)
	at java.util.concurrent.ThreadPoolExecutor.runWorker(ThreadPoolExecutor.java:1149)
	at java.util.concurrent.ThreadPoolExecutor$Worker.run(ThreadPoolExecutor.java:624)
	at java.lang.Thread.run(Thread.java:748)
2019-09-25 11:09:44,500 [RatisPipelineUtilsThread] INFO  pipeline.PipelinePlacementPolicy (PipelinePlacementPolicy.java:meetCriteria(91)) - Pipeline Placement: can't place more pipeline on heavy datanode： e2b10f42-ed4b-4300-a7cb-c770d2b1b0a2 Heaviness: 6 limit: 5
2019-09-25 11:09:44,500 [RatisPipelineUtilsThread] INFO  pipeline.PipelinePlacementPolicy (PipelinePlacementPolicy.java:meetCriteria(91)) - Pipeline Placement: can't place more pipeline on heavy datanode： deee6178-b1f5-49c6-a192-edc1bfc8677d Heaviness: 6 limit: 5
2019-09-25 11:09:44,500 [RatisPipelineUtilsThread] INFO  pipeline.PipelinePlacementPolicy (PipelinePlacementPolicy.java:meetCriteria(91)) - Pipeline Placement: can't place more pipeline on heavy datanode： 0b288e97-ea7b-4dc2-9c9e-09d2c36158d8 Heaviness: 6 limit: 5
2019-09-25 11:09:44,501 [RatisPipelineUtilsThread] INFO  pipeline.PipelinePlacementPolicy (PipelinePlacementPolicy.java:meetCriteria(91)) - Pipeline Placement: can't place more pipeline on heavy datanode： 07e899c7-9b65-45ad-afd5-2a504e2891bf Heaviness: 6 limit: 5
2019-09-25 11:09:44,501 [RatisPipelineUtilsThread] INFO  pipeline.PipelinePlacementPolicy (PipelinePlacementPolicy.java:meetCriteria(91)) - Pipeline Placement: can't place more pipeline on heavy datanode： 6b5841ea-ab37-40e7-b4af-848a53246ff5 Heaviness: 6 limit: 5
2019-09-25 11:09:44,501 [RatisPipelineUtilsThread] INFO  pipeline.PipelinePlacementPolicy (PipelinePlacementPolicy.java:meetCriteria(91)) - Pipeline Placement: can't place more pipeline on heavy datanode： 9c4ccc43-f5ac-4960-a511-a1ff33ec0d19 Heaviness: 6 limit: 5
2019-09-25 11:09:44,501 [RatisPipelineUtilsThread] INFO  pipeline.PipelinePlacementPolicy (PipelinePlacementPolicy.java:meetCriteria(91)) - Pipeline Placement: can't place more pipeline on heavy datanode： f195ac4f-a279-4102-9716-e02d49b9162a Heaviness: 6 limit: 5
2019-09-25 11:09:44,501 [RatisPipelineUtilsThread] ERROR pipeline.PipelinePlacementPolicy (PipelinePlacementPolicy.java:filterViableNodes(148)) - Unable to find enough nodes that meet the criteria that cannot engage in more than 5 pipelines. Nodes required: 1 Found: 0, healthy nodes count inNodeManager: 7.
2019-09-25 11:09:44,501 [RatisPipelineUtilsThread] ERROR pipeline.SCMPipelineManager (SCMPipelineManager.java:createPipeline(167)) - Pipeline creation failed.
org.apache.hadoop.hdds.scm.exceptions.SCMException: Unable to find enough nodes that meet the criteria that cannot engage in more than 5 pipelines. Nodes required: 1 Found: 0, healthy nodes count inNodeManager: 7.
	at org.apache.hadoop.hdds.scm.pipeline.PipelinePlacementPolicy.filterViableNodes(PipelinePlacementPolicy.java:149)
	at org.apache.hadoop.hdds.scm.pipeline.PipelinePlacementPolicy.chooseDatanodes(PipelinePlacementPolicy.java:172)
	at org.apache.hadoop.hdds.scm.pipeline.RatisPipelineProvider.create(RatisPipelineProvider.java:93)
	at org.apache.hadoop.hdds.scm.pipeline.PipelineFactory.create(PipelineFactory.java:58)
	at org.apache.hadoop.hdds.scm.pipeline.SCMPipelineManager.createPipeline(SCMPipelineManager.java:155)
	at org.apache.hadoop.hdds.scm.pipeline.BackgroundPipelineCreator.createPipelines(BackgroundPipelineCreator.java:99)
	at org.apache.hadoop.hdds.scm.pipeline.BackgroundPipelineCreator.lambda$startFixedIntervalPipelineCreator$0(BackgroundPipelineCreator.java:70)
	at java.util.concurrent.Executors$RunnableAdapter.call(Executors.java:511)
	at java.util.concurrent.FutureTask.runAndReset(FutureTask.java:308)
	at java.util.concurrent.ScheduledThreadPoolExecutor$ScheduledFutureTask.access$301(ScheduledThreadPoolExecutor.java:180)
	at java.util.concurrent.ScheduledThreadPoolExecutor$ScheduledFutureTask.run(ScheduledThreadPoolExecutor.java:294)
	at java.util.concurrent.ThreadPoolExecutor.runWorker(ThreadPoolExecutor.java:1149)
	at java.util.concurrent.ThreadPoolExecutor$Worker.run(ThreadPoolExecutor.java:624)
	at java.lang.Thread.run(Thread.java:748)
2019-09-25 11:09:44,502 [RatisPipelineUtilsThread] INFO  pipeline.PipelinePlacementPolicy (PipelinePlacementPolicy.java:meetCriteria(91)) - Pipeline Placement: can't place more pipeline on heavy datanode： e2b10f42-ed4b-4300-a7cb-c770d2b1b0a2 Heaviness: 6 limit: 5
2019-09-25 11:09:44,502 [RatisPipelineUtilsThread] INFO  pipeline.PipelinePlacementPolicy (PipelinePlacementPolicy.java:meetCriteria(91)) - Pipeline Placement: can't place more pipeline on heavy datanode： deee6178-b1f5-49c6-a192-edc1bfc8677d Heaviness: 6 limit: 5
2019-09-25 11:09:44,502 [RatisPipelineUtilsThread] INFO  pipeline.PipelinePlacementPolicy (PipelinePlacementPolicy.java:meetCriteria(91)) - Pipeline Placement: can't place more pipeline on heavy datanode： 0b288e97-ea7b-4dc2-9c9e-09d2c36158d8 Heaviness: 6 limit: 5
2019-09-25 11:09:44,502 [RatisPipelineUtilsThread] INFO  pipeline.PipelinePlacementPolicy (PipelinePlacementPolicy.java:meetCriteria(91)) - Pipeline Placement: can't place more pipeline on heavy datanode： 07e899c7-9b65-45ad-afd5-2a504e2891bf Heaviness: 6 limit: 5
2019-09-25 11:09:44,502 [RatisPipelineUtilsThread] INFO  pipeline.PipelinePlacementPolicy (PipelinePlacementPolicy.java:meetCriteria(91)) - Pipeline Placement: can't place more pipeline on heavy datanode： 6b5841ea-ab37-40e7-b4af-848a53246ff5 Heaviness: 6 limit: 5
2019-09-25 11:09:44,502 [RatisPipelineUtilsThread] INFO  pipeline.PipelinePlacementPolicy (PipelinePlacementPolicy.java:meetCriteria(91)) - Pipeline Placement: can't place more pipeline on heavy datanode： 9c4ccc43-f5ac-4960-a511-a1ff33ec0d19 Heaviness: 6 limit: 5
2019-09-25 11:09:44,502 [RatisPipelineUtilsThread] INFO  pipeline.PipelinePlacementPolicy (PipelinePlacementPolicy.java:meetCriteria(91)) - Pipeline Placement: can't place more pipeline on heavy datanode： f195ac4f-a279-4102-9716-e02d49b9162a Heaviness: 6 limit: 5
2019-09-25 11:09:44,502 [RatisPipelineUtilsThread] ERROR pipeline.PipelinePlacementPolicy (PipelinePlacementPolicy.java:filterViableNodes(148)) - Unable to find enough nodes that meet the criteria that cannot engage in more than 5 pipelines. Nodes required: 3 Found: 0, healthy nodes count inNodeManager: 7.
2019-09-25 11:09:44,503 [RatisPipelineUtilsThread] ERROR pipeline.SCMPipelineManager (SCMPipelineManager.java:createPipeline(167)) - Pipeline creation failed.
org.apache.hadoop.hdds.scm.exceptions.SCMException: Unable to find enough nodes that meet the criteria that cannot engage in more than 5 pipelines. Nodes required: 3 Found: 0, healthy nodes count inNodeManager: 7.
	at org.apache.hadoop.hdds.scm.pipeline.PipelinePlacementPolicy.filterViableNodes(PipelinePlacementPolicy.java:149)
	at org.apache.hadoop.hdds.scm.pipeline.PipelinePlacementPolicy.chooseDatanodes(PipelinePlacementPolicy.java:172)
	at org.apache.hadoop.hdds.scm.pipeline.RatisPipelineProvider.create(RatisPipelineProvider.java:93)
	at org.apache.hadoop.hdds.scm.pipeline.PipelineFactory.create(PipelineFactory.java:58)
	at org.apache.hadoop.hdds.scm.pipeline.SCMPipelineManager.createPipeline(SCMPipelineManager.java:155)
	at org.apache.hadoop.hdds.scm.pipeline.BackgroundPipelineCreator.createPipelines(BackgroundPipelineCreator.java:99)
	at org.apache.hadoop.hdds.scm.pipeline.BackgroundPipelineCreator.lambda$startFixedIntervalPipelineCreator$0(BackgroundPipelineCreator.java:70)
	at java.util.concurrent.Executors$RunnableAdapter.call(Executors.java:511)
	at java.util.concurrent.FutureTask.runAndReset(FutureTask.java:308)
	at java.util.concurrent.ScheduledThreadPoolExecutor$ScheduledFutureTask.access$301(ScheduledThreadPoolExecutor.java:180)
	at java.util.concurrent.ScheduledThreadPoolExecutor$ScheduledFutureTask.run(ScheduledThreadPoolExecutor.java:294)
	at java.util.concurrent.ThreadPoolExecutor.runWorker(ThreadPoolExecutor.java:1149)
	at java.util.concurrent.ThreadPoolExecutor$Worker.run(ThreadPoolExecutor.java:624)
	at java.lang.Thread.run(Thread.java:748)
2019-09-25 11:09:44,503 [IPC Server handler 1 on 36088] INFO  pipeline.PipelinePlacementPolicy (PipelinePlacementPolicy.java:meetCriteria(91)) - Pipeline Placement: can't place more pipeline on heavy datanode： e2b10f42-ed4b-4300-a7cb-c770d2b1b0a2 Heaviness: 6 limit: 5
2019-09-25 11:09:44,503 [IPC Server handler 1 on 36088] INFO  pipeline.PipelinePlacementPolicy (PipelinePlacementPolicy.java:meetCriteria(91)) - Pipeline Placement: can't place more pipeline on heavy datanode： deee6178-b1f5-49c6-a192-edc1bfc8677d Heaviness: 6 limit: 5
2019-09-25 11:09:44,503 [IPC Server handler 1 on 36088] INFO  pipeline.PipelinePlacementPolicy (PipelinePlacementPolicy.java:meetCriteria(91)) - Pipeline Placement: can't place more pipeline on heavy datanode： 0b288e97-ea7b-4dc2-9c9e-09d2c36158d8 Heaviness: 6 limit: 5
2019-09-25 11:09:44,504 [IPC Server handler 1 on 36088] INFO  pipeline.PipelinePlacementPolicy (PipelinePlacementPolicy.java:meetCriteria(91)) - Pipeline Placement: can't place more pipeline on heavy datanode： 07e899c7-9b65-45ad-afd5-2a504e2891bf Heaviness: 6 limit: 5
2019-09-25 11:09:44,504 [IPC Server handler 1 on 36088] INFO  pipeline.PipelinePlacementPolicy (PipelinePlacementPolicy.java:meetCriteria(91)) - Pipeline Placement: can't place more pipeline on heavy datanode： 6b5841ea-ab37-40e7-b4af-848a53246ff5 Heaviness: 6 limit: 5
2019-09-25 11:09:44,504 [IPC Server handler 1 on 36088] INFO  pipeline.PipelinePlacementPolicy (PipelinePlacementPolicy.java:meetCriteria(91)) - Pipeline Placement: can't place more pipeline on heavy datanode： 9c4ccc43-f5ac-4960-a511-a1ff33ec0d19 Heaviness: 6 limit: 5
2019-09-25 11:09:44,504 [IPC Server handler 1 on 36088] INFO  pipeline.PipelinePlacementPolicy (PipelinePlacementPolicy.java:meetCriteria(91)) - Pipeline Placement: can't place more pipeline on heavy datanode： f195ac4f-a279-4102-9716-e02d49b9162a Heaviness: 6 limit: 5
2019-09-25 11:09:44,504 [IPC Server handler 1 on 36088] ERROR pipeline.PipelinePlacementPolicy (PipelinePlacementPolicy.java:filterViableNodes(148)) - Unable to find enough nodes that meet the criteria that cannot engage in more than 5 pipelines. Nodes required: 3 Found: 0, healthy nodes count inNodeManager: 7.
2019-09-25 11:09:44,505 [IPC Server handler 1 on 36088] ERROR pipeline.SCMPipelineManager (SCMPipelineManager.java:createPipeline(167)) - Pipeline creation failed.
org.apache.hadoop.hdds.scm.exceptions.SCMException: Unable to find enough nodes that meet the criteria that cannot engage in more than 5 pipelines. Nodes required: 3 Found: 0, healthy nodes count inNodeManager: 7.
	at org.apache.hadoop.hdds.scm.pipeline.PipelinePlacementPolicy.filterViableNodes(PipelinePlacementPolicy.java:149)
	at org.apache.hadoop.hdds.scm.pipeline.PipelinePlacementPolicy.chooseDatanodes(PipelinePlacementPolicy.java:172)
	at org.apache.hadoop.hdds.scm.pipeline.RatisPipelineProvider.create(RatisPipelineProvider.java:93)
	at org.apache.hadoop.hdds.scm.pipeline.PipelineFactory.create(PipelineFactory.java:58)
	at org.apache.hadoop.hdds.scm.pipeline.SCMPipelineManager.createPipeline(SCMPipelineManager.java:155)
	at org.apache.hadoop.hdds.scm.block.BlockManagerImpl.allocateBlock(BlockManagerImpl.java:190)
	at org.apache.hadoop.hdds.scm.server.SCMBlockProtocolServer.allocateBlock(SCMBlockProtocolServer.java:182)
	at org.apache.hadoop.ozone.protocolPB.ScmBlockLocationProtocolServerSideTranslatorPB.allocateScmBlock(ScmBlockLocationProtocolServerSideTranslatorPB.java:183)
	at org.apache.hadoop.ozone.protocolPB.ScmBlockLocationProtocolServerSideTranslatorPB.processMessage(ScmBlockLocationProtocolServerSideTranslatorPB.java:141)
	at org.apache.hadoop.ozone.protocolPB.ScmBlockLocationProtocolServerSideTranslatorPB.send(ScmBlockLocationProtocolServerSideTranslatorPB.java:116)
	at org.apache.hadoop.hdds.protocol.proto.ScmBlockLocationProtocolProtos$ScmBlockLocationProtocolService$2.callBlockingMethod(ScmBlockLocationProtocolProtos.java:13157)
	at org.apache.hadoop.ipc.ProtobufRpcEngine$Server$ProtoBufRpcInvoker.call(ProtobufRpcEngine.java:524)
	at org.apache.hadoop.ipc.RPC$Server.call(RPC.java:1025)
	at org.apache.hadoop.ipc.Server$RpcCall.run(Server.java:876)
	at org.apache.hadoop.ipc.Server$RpcCall.run(Server.java:822)
	at java.security.AccessController.doPrivileged(Native Method)
	at javax.security.auth.Subject.doAs(Subject.java:422)
	at org.apache.hadoop.security.UserGroupInformation.doAs(UserGroupInformation.java:1730)
	at org.apache.hadoop.ipc.Server$Handler.run(Server.java:2682)
2019-09-25 11:09:44,505 [IPC Server handler 1 on 36088] WARN  block.BlockManagerImpl (BlockManagerImpl.java:allocateBlock(192)) - Pipeline creation failed for type:RATIS factor:THREE. Retrying get pipelines call once.
org.apache.hadoop.hdds.scm.exceptions.SCMException: Unable to find enough nodes that meet the criteria that cannot engage in more than 5 pipelines. Nodes required: 3 Found: 0, healthy nodes count inNodeManager: 7.
	at org.apache.hadoop.hdds.scm.pipeline.PipelinePlacementPolicy.filterViableNodes(PipelinePlacementPolicy.java:149)
	at org.apache.hadoop.hdds.scm.pipeline.PipelinePlacementPolicy.chooseDatanodes(PipelinePlacementPolicy.java:172)
	at org.apache.hadoop.hdds.scm.pipeline.RatisPipelineProvider.create(RatisPipelineProvider.java:93)
	at org.apache.hadoop.hdds.scm.pipeline.PipelineFactory.create(PipelineFactory.java:58)
	at org.apache.hadoop.hdds.scm.pipeline.SCMPipelineManager.createPipeline(SCMPipelineManager.java:155)
	at org.apache.hadoop.hdds.scm.block.BlockManagerImpl.allocateBlock(BlockManagerImpl.java:190)
	at org.apache.hadoop.hdds.scm.server.SCMBlockProtocolServer.allocateBlock(SCMBlockProtocolServer.java:182)
	at org.apache.hadoop.ozone.protocolPB.ScmBlockLocationProtocolServerSideTranslatorPB.allocateScmBlock(ScmBlockLocationProtocolServerSideTranslatorPB.java:183)
	at org.apache.hadoop.ozone.protocolPB.ScmBlockLocationProtocolServerSideTranslatorPB.processMessage(ScmBlockLocationProtocolServerSideTranslatorPB.java:141)
	at org.apache.hadoop.ozone.protocolPB.ScmBlockLocationProtocolServerSideTranslatorPB.send(ScmBlockLocationProtocolServerSideTranslatorPB.java:116)
	at org.apache.hadoop.hdds.protocol.proto.ScmBlockLocationProtocolProtos$ScmBlockLocationProtocolService$2.callBlockingMethod(ScmBlockLocationProtocolProtos.java:13157)
	at org.apache.hadoop.ipc.ProtobufRpcEngine$Server$ProtoBufRpcInvoker.call(ProtobufRpcEngine.java:524)
	at org.apache.hadoop.ipc.RPC$Server.call(RPC.java:1025)
	at org.apache.hadoop.ipc.Server$RpcCall.run(Server.java:876)
	at org.apache.hadoop.ipc.Server$RpcCall.run(Server.java:822)
	at java.security.AccessController.doPrivileged(Native Method)
	at javax.security.auth.Subject.doAs(Subject.java:422)
	at org.apache.hadoop.security.UserGroupInformation.doAs(UserGroupInformation.java:1730)
	at org.apache.hadoop.ipc.Server$Handler.run(Server.java:2682)
2019-09-25 11:09:44,506 [IPC Server handler 1 on 36088] INFO  block.BlockManagerImpl (BlockManagerImpl.java:allocateBlock(198)) - Could not find available pipeline of type:RATIS and factor:THREE even after retrying
2019-09-25 11:09:44,506 [IPC Server handler 1 on 36088] ERROR block.BlockManagerImpl (BlockManagerImpl.java:allocateBlock(222)) - Unable to allocate a block for the size: 800, type: RATIS, factor: THREE
2019-09-25 11:09:44,512 [main] INFO  ozone.MiniOzoneClusterImpl (MiniOzoneClusterImpl.java:shutdown(314)) - Shutting down the Mini Ozone Cluster
2019-09-25 11:09:44,512 [main] INFO  ozone.MiniOzoneClusterImpl (MiniOzoneClusterImpl.java:stop(330)) - Stopping the Mini Ozone Cluster
2019-09-25 11:09:44,512 [main] INFO  ozone.MiniOzoneClusterImpl (MiniOzoneClusterImpl.java:stopOM(400)) - Stopping the OzoneManager
2019-09-25 11:09:44,512 [main] INFO  ipc.Server (Server.java:stop(3082)) - Stopping server on 43460
2019-09-25 11:09:44,528 [IPC Server listener on 43460] INFO  ipc.Server (Server.java:run(1185)) - Stopping IPC Server listener on 43460
2019-09-25 11:09:44,528 [main] INFO  ratis.OzoneManagerDoubleBuffer (OzoneManagerDoubleBuffer.java:stop(248)) - Stopping OMDoubleBuffer flush thread
2019-09-25 11:09:44,528 [IPC Server Responder] INFO  ipc.Server (Server.java:run(1319)) - Stopping IPC Server Responder
2019-09-25 11:09:44,539 [OMDoubleBufferFlushThread] INFO  ratis.OzoneManagerDoubleBuffer (OzoneManagerDoubleBuffer.java:flushTransactions(191)) - OMDoubleBuffer flush thread OMDoubleBufferFlushThread is interrupted and will exit. OMDoubleBufferFlushThread
2019-09-25 11:09:44,549 [main] INFO  utils.BackgroundService (BackgroundService.java:shutdown(148)) - Shutting down service KeyDeletingService
2019-09-25 11:09:44,569 [main] INFO  handler.ContextHandler (ContextHandler.java:doStop(910)) - Stopped o.e.j.w.WebAppContext@a9e8da1{/,null,UNAVAILABLE}{/ozoneManager}
2019-09-25 11:09:44,570 [main] INFO  server.AbstractConnector (AbstractConnector.java:doStop(318)) - Stopped ServerConnector@14b5752f{HTTP/1.1,[http/1.1]}{0.0.0.0:0}
2019-09-25 11:09:44,571 [main] INFO  handler.ContextHandler (ContextHandler.java:doStop(910)) - Stopped o.e.j.s.ServletContextHandler@67afe909{/static,file:///workdir/hadoop-ozone/integration-test/target/test-classes/webapps/static,UNAVAILABLE}
2019-09-25 11:09:44,571 [main] INFO  handler.ContextHandler (ContextHandler.java:doStop(910)) - Stopped o.e.j.s.ServletContextHandler@38f502fc{/logs,file:///workdir/hadoop-ozone/integration-test/target/log,UNAVAILABLE}
2019-09-25 11:09:44,574 [main] INFO  ozone.MiniOzoneClusterImpl (MiniOzoneClusterImpl.java:stopDatanodes(377)) - Stopping the HddsDatanodes
2019-09-25 11:09:45,083 [Thread-3518] INFO  container.ReplicationManager (ReplicationManager.java:start(163)) - Starting Replication Monitor Thread.
2019-09-25 11:09:45,090 [ReplicationMonitor] INFO  container.ReplicationManager (ReplicationManager.java:run(226)) - Replication Monitor Thread took 1 milliseconds for processing 0 containers.
2019-09-25 11:09:45,169 [Datanode State Machine Thread - 0] INFO  statemachine.DatanodeStateMachine (DatanodeStateMachine.java:lambda$startDaemon$0(350)) - Ozone container server started.
2019-09-25 11:09:45,436 [Datanode State Machine Thread - 0] INFO  statemachine.DatanodeStateMachine (DatanodeStateMachine.java:lambda$startDaemon$0(350)) - Ozone container server started.
2019-09-25 11:09:47,241 [Thread-3520] INFO  impl.FollowerState (FollowerState.java:run(106)) - 6b5841ea-ab37-40e7-b4af-848a53246ff5:group-EAA33CE2AAD3 changes to CANDIDATE, lastRpcTime:5050, electionTimeout:5050ms
2019-09-25 11:09:47,242 [Thread-3520] INFO  impl.RoleInfo (RoleInfo.java:shutdownFollowerState(121)) - 6b5841ea-ab37-40e7-b4af-848a53246ff5: shutdown FollowerState
2019-09-25 11:09:47,242 [Thread-3520] INFO  impl.RaftServerImpl (RaftServerImpl.java:setRole(174)) - 6b5841ea-ab37-40e7-b4af-848a53246ff5@group-EAA33CE2AAD3: changes role from  FOLLOWER to CANDIDATE at term 0 for changeToCandidate
2019-09-25 11:09:47,242 [Thread-3520] INFO  impl.RoleInfo (RoleInfo.java:updateAndGet(143)) - 6b5841ea-ab37-40e7-b4af-848a53246ff5: start LeaderElection
2019-09-25 11:09:47,289 [6b5841ea-ab37-40e7-b4af-848a53246ff5@group-EAA33CE2AAD3:LeaderElection259] INFO  impl.LeaderElection (LeaderElection.java:askForVotes(182)) - 6b5841ea-ab37-40e7-b4af-848a53246ff5@group-EAA33CE2AAD3:LeaderElection259: begin an election at term 1 for -1: [6b5841ea-ab37-40e7-b4af-848a53246ff5:192.168.30.6:45265], old=null
2019-09-25 11:09:47,289 [6b5841ea-ab37-40e7-b4af-848a53246ff5@group-EAA33CE2AAD3:LeaderElection259] INFO  impl.RoleInfo (RoleInfo.java:shutdownLeaderElection(134)) - 6b5841ea-ab37-40e7-b4af-848a53246ff5: shutdown LeaderElection
2019-09-25 11:09:47,289 [6b5841ea-ab37-40e7-b4af-848a53246ff5@group-EAA33CE2AAD3:LeaderElection259] INFO  impl.RaftServerImpl (RaftServerImpl.java:setRole(174)) - 6b5841ea-ab37-40e7-b4af-848a53246ff5@group-EAA33CE2AAD3: changes role from CANDIDATE to LEADER at term 1 for changeToLeader
2019-09-25 11:09:47,289 [6b5841ea-ab37-40e7-b4af-848a53246ff5@group-EAA33CE2AAD3:LeaderElection259] INFO  impl.RaftServerImpl (ServerState.java:setLeader(253)) - 6b5841ea-ab37-40e7-b4af-848a53246ff5@group-EAA33CE2AAD3: change Leader from null to 6b5841ea-ab37-40e7-b4af-848a53246ff5 at term 1 for becomeLeader, leader elected after 5104ms
2019-09-25 11:09:47,290 [6b5841ea-ab37-40e7-b4af-848a53246ff5@group-EAA33CE2AAD3:LeaderElection259] INFO  server.RaftServerConfigKeys (ConfUtils.java:logGet(43)) - raft.server.staging.catchup.gap = 1000 (default)
2019-09-25 11:09:47,290 [6b5841ea-ab37-40e7-b4af-848a53246ff5@group-EAA33CE2AAD3:LeaderElection259] INFO  server.RaftServerConfigKeys (ConfUtils.java:logGet(43)) - raft.server.rpc.sleep.time = 25ms (default)
2019-09-25 11:09:47,290 [6b5841ea-ab37-40e7-b4af-848a53246ff5@group-EAA33CE2AAD3:LeaderElection259] INFO  server.RaftServerConfigKeys (ConfUtils.java:logGet(43)) - raft.server.write.element-limit = 4096 (default)
2019-09-25 11:09:47,290 [6b5841ea-ab37-40e7-b4af-848a53246ff5@group-EAA33CE2AAD3:LeaderElection259] INFO  server.RaftServerConfigKeys (ConfUtils.java:logGet(43)) - raft.server.watch.timeout = 10s (default)
2019-09-25 11:09:47,290 [6b5841ea-ab37-40e7-b4af-848a53246ff5@group-EAA33CE2AAD3:LeaderElection259] INFO  server.RaftServerConfigKeys (ConfUtils.java:logGet(43)) - raft.server.watch.timeout.denomination = 1s (default)
2019-09-25 11:09:47,290 [6b5841ea-ab37-40e7-b4af-848a53246ff5@group-EAA33CE2AAD3:LeaderElection259] INFO  server.RaftServerConfigKeys (ConfUtils.java:logGet(43)) - raft.server.watch.element-limit = 65536 (default)
2019-09-25 11:09:47,292 [6b5841ea-ab37-40e7-b4af-848a53246ff5@group-EAA33CE2AAD3:LeaderElection259] INFO  impl.RoleInfo (RoleInfo.java:updateAndGet(143)) - 6b5841ea-ab37-40e7-b4af-848a53246ff5: start LeaderState
2019-09-25 11:09:47,293 [6b5841ea-ab37-40e7-b4af-848a53246ff5@group-EAA33CE2AAD3:LeaderElection259] INFO  segmented.SegmentedRaftLogWorker (SegmentedRaftLogWorker.java:startLogSegment(380)) - 6b5841ea-ab37-40e7-b4af-848a53246ff5@group-EAA33CE2AAD3-SegmentedRaftLogWorker: Starting segment from index:0
2019-09-25 11:09:47,293 [6b5841ea-ab37-40e7-b4af-848a53246ff5@group-EAA33CE2AAD3:LeaderElection259] INFO  impl.RaftServerImpl (ServerState.java:setRaftConf(354)) - 6b5841ea-ab37-40e7-b4af-848a53246ff5@group-EAA33CE2AAD3: set configuration 0: [6b5841ea-ab37-40e7-b4af-848a53246ff5:192.168.30.6:45265], old=null at 0
2019-09-25 11:09:47,324 [Thread-3523] INFO  impl.FollowerState (FollowerState.java:run(106)) - 6b5841ea-ab37-40e7-b4af-848a53246ff5:group-7B0354C82A64 changes to CANDIDATE, lastRpcTime:5093, electionTimeout:5093ms
2019-09-25 11:09:47,325 [Thread-3523] INFO  impl.RoleInfo (RoleInfo.java:shutdownFollowerState(121)) - 6b5841ea-ab37-40e7-b4af-848a53246ff5: shutdown FollowerState
2019-09-25 11:09:47,325 [Thread-3523] INFO  impl.RaftServerImpl (RaftServerImpl.java:setRole(174)) - 6b5841ea-ab37-40e7-b4af-848a53246ff5@group-7B0354C82A64: changes role from  FOLLOWER to CANDIDATE at term 0 for changeToCandidate
2019-09-25 11:09:47,325 [Thread-3523] INFO  impl.RoleInfo (RoleInfo.java:updateAndGet(143)) - 6b5841ea-ab37-40e7-b4af-848a53246ff5: start LeaderElection
2019-09-25 11:09:47,332 [6b5841ea-ab37-40e7-b4af-848a53246ff5@group-EAA33CE2AAD3-SegmentedRaftLogWorker] INFO  segmented.SegmentedRaftLogWorker (SegmentedRaftLogWorker.java:execute(569)) - 6b5841ea-ab37-40e7-b4af-848a53246ff5@group-EAA33CE2AAD3-SegmentedRaftLogWorker: created new log segment /workdir/hadoop-ozone/integration-test/target/test-dir/MiniOzoneClusterImpl-d8e1effc-caf9-4828-b7f0-59ad57edb745/datanode-0/data/ratis/cffed95a-bfca-4248-81ed-eaa33ce2aad3/current/log_inprogress_0
2019-09-25 11:09:47,335 [6b5841ea-ab37-40e7-b4af-848a53246ff5@group-7B0354C82A64:LeaderElection260] INFO  impl.LeaderElection (LeaderElection.java:askForVotes(182)) - 6b5841ea-ab37-40e7-b4af-848a53246ff5@group-7B0354C82A64:LeaderElection260: begin an election at term 1 for -1: [6b5841ea-ab37-40e7-b4af-848a53246ff5:192.168.30.6:45265], old=null
2019-09-25 11:09:47,335 [6b5841ea-ab37-40e7-b4af-848a53246ff5@group-7B0354C82A64:LeaderElection260] INFO  impl.RoleInfo (RoleInfo.java:shutdownLeaderElection(134)) - 6b5841ea-ab37-40e7-b4af-848a53246ff5: shutdown LeaderElection
2019-09-25 11:09:47,336 [6b5841ea-ab37-40e7-b4af-848a53246ff5@group-7B0354C82A64:LeaderElection260] INFO  impl.RaftServerImpl (RaftServerImpl.java:setRole(174)) - 6b5841ea-ab37-40e7-b4af-848a53246ff5@group-7B0354C82A64: changes role from CANDIDATE to LEADER at term 1 for changeToLeader
2019-09-25 11:09:47,336 [6b5841ea-ab37-40e7-b4af-848a53246ff5@group-7B0354C82A64:LeaderElection260] INFO  impl.RaftServerImpl (ServerState.java:setLeader(253)) - 6b5841ea-ab37-40e7-b4af-848a53246ff5@group-7B0354C82A64: change Leader from null to 6b5841ea-ab37-40e7-b4af-848a53246ff5 at term 1 for becomeLeader, leader elected after 5108ms
2019-09-25 11:09:47,336 [6b5841ea-ab37-40e7-b4af-848a53246ff5@group-7B0354C82A64:LeaderElection260] INFO  server.RaftServerConfigKeys (ConfUtils.java:logGet(43)) - raft.server.staging.catchup.gap = 1000 (default)
2019-09-25 11:09:47,336 [6b5841ea-ab37-40e7-b4af-848a53246ff5@group-7B0354C82A64:LeaderElection260] INFO  server.RaftServerConfigKeys (ConfUtils.java:logGet(43)) - raft.server.rpc.sleep.time = 25ms (default)
2019-09-25 11:09:47,336 [6b5841ea-ab37-40e7-b4af-848a53246ff5@group-7B0354C82A64:LeaderElection260] INFO  server.RaftServerConfigKeys (ConfUtils.java:logGet(43)) - raft.server.write.element-limit = 4096 (default)
2019-09-25 11:09:47,336 [6b5841ea-ab37-40e7-b4af-848a53246ff5@group-7B0354C82A64:LeaderElection260] INFO  server.RaftServerConfigKeys (ConfUtils.java:logGet(43)) - raft.server.watch.timeout = 10s (default)
2019-09-25 11:09:47,336 [6b5841ea-ab37-40e7-b4af-848a53246ff5@group-7B0354C82A64:LeaderElection260] INFO  server.RaftServerConfigKeys (ConfUtils.java:logGet(43)) - raft.server.watch.timeout.denomination = 1s (default)
2019-09-25 11:09:47,337 [6b5841ea-ab37-40e7-b4af-848a53246ff5@group-7B0354C82A64:LeaderElection260] INFO  server.RaftServerConfigKeys (ConfUtils.java:logGet(43)) - raft.server.watch.element-limit = 65536 (default)
2019-09-25 11:09:47,338 [6b5841ea-ab37-40e7-b4af-848a53246ff5@group-7B0354C82A64:LeaderElection260] INFO  impl.RoleInfo (RoleInfo.java:updateAndGet(143)) - 6b5841ea-ab37-40e7-b4af-848a53246ff5: start LeaderState
2019-09-25 11:09:47,339 [6b5841ea-ab37-40e7-b4af-848a53246ff5@group-7B0354C82A64:LeaderElection260] INFO  segmented.SegmentedRaftLogWorker (SegmentedRaftLogWorker.java:startLogSegment(380)) - 6b5841ea-ab37-40e7-b4af-848a53246ff5@group-7B0354C82A64-SegmentedRaftLogWorker: Starting segment from index:0
2019-09-25 11:09:47,339 [6b5841ea-ab37-40e7-b4af-848a53246ff5@group-7B0354C82A64:LeaderElection260] INFO  impl.RaftServerImpl (ServerState.java:setRaftConf(354)) - 6b5841ea-ab37-40e7-b4af-848a53246ff5@group-7B0354C82A64: set configuration 0: [6b5841ea-ab37-40e7-b4af-848a53246ff5:192.168.30.6:45265], old=null at 0
2019-09-25 11:09:47,363 [Thread-3529] INFO  impl.FollowerState (FollowerState.java:run(106)) - 6b5841ea-ab37-40e7-b4af-848a53246ff5:group-4B517471F8EE changes to CANDIDATE, lastRpcTime:5033, electionTimeout:5033ms
2019-09-25 11:09:47,363 [Thread-3529] INFO  impl.RoleInfo (RoleInfo.java:shutdownFollowerState(121)) - 6b5841ea-ab37-40e7-b4af-848a53246ff5: shutdown FollowerState
2019-09-25 11:09:47,364 [Thread-3529] INFO  impl.RaftServerImpl (RaftServerImpl.java:setRole(174)) - 6b5841ea-ab37-40e7-b4af-848a53246ff5@group-4B517471F8EE: changes role from  FOLLOWER to CANDIDATE at term 0 for changeToCandidate
2019-09-25 11:09:47,364 [Thread-3529] INFO  impl.RoleInfo (RoleInfo.java:updateAndGet(143)) - 6b5841ea-ab37-40e7-b4af-848a53246ff5: start LeaderElection
2019-09-25 11:09:47,387 [6b5841ea-ab37-40e7-b4af-848a53246ff5@group-7B0354C82A64-SegmentedRaftLogWorker] INFO  segmented.SegmentedRaftLogWorker (SegmentedRaftLogWorker.java:execute(569)) - 6b5841ea-ab37-40e7-b4af-848a53246ff5@group-7B0354C82A64-SegmentedRaftLogWorker: created new log segment /workdir/hadoop-ozone/integration-test/target/test-dir/MiniOzoneClusterImpl-d8e1effc-caf9-4828-b7f0-59ad57edb745/datanode-0/data/ratis/90a04627-75ff-46a3-8437-7b0354c82a64/current/log_inprogress_0
2019-09-25 11:09:47,387 [6b5841ea-ab37-40e7-b4af-848a53246ff5@group-4B517471F8EE:LeaderElection261] INFO  impl.LeaderElection (LeaderElection.java:askForVotes(182)) - 6b5841ea-ab37-40e7-b4af-848a53246ff5@group-4B517471F8EE:LeaderElection261: begin an election at term 1 for -1: [6b5841ea-ab37-40e7-b4af-848a53246ff5:192.168.30.6:45265], old=null
2019-09-25 11:09:47,387 [6b5841ea-ab37-40e7-b4af-848a53246ff5@group-4B517471F8EE:LeaderElection261] INFO  impl.RoleInfo (RoleInfo.java:shutdownLeaderElection(134)) - 6b5841ea-ab37-40e7-b4af-848a53246ff5: shutdown LeaderElection
2019-09-25 11:09:47,387 [6b5841ea-ab37-40e7-b4af-848a53246ff5@group-4B517471F8EE:LeaderElection261] INFO  impl.RaftServerImpl (RaftServerImpl.java:setRole(174)) - 6b5841ea-ab37-40e7-b4af-848a53246ff5@group-4B517471F8EE: changes role from CANDIDATE to LEADER at term 1 for changeToLeader
2019-09-25 11:09:47,387 [6b5841ea-ab37-40e7-b4af-848a53246ff5@group-4B517471F8EE:LeaderElection261] INFO  impl.RaftServerImpl (ServerState.java:setLeader(253)) - 6b5841ea-ab37-40e7-b4af-848a53246ff5@group-4B517471F8EE: change Leader from null to 6b5841ea-ab37-40e7-b4af-848a53246ff5 at term 1 for becomeLeader, leader elected after 5062ms
2019-09-25 11:09:47,387 [6b5841ea-ab37-40e7-b4af-848a53246ff5@group-4B517471F8EE:LeaderElection261] INFO  server.RaftServerConfigKeys (ConfUtils.java:logGet(43)) - raft.server.staging.catchup.gap = 1000 (default)
2019-09-25 11:09:47,388 [6b5841ea-ab37-40e7-b4af-848a53246ff5@group-4B517471F8EE:LeaderElection261] INFO  server.RaftServerConfigKeys (ConfUtils.java:logGet(43)) - raft.server.rpc.sleep.time = 25ms (default)
2019-09-25 11:09:47,388 [6b5841ea-ab37-40e7-b4af-848a53246ff5@group-4B517471F8EE:LeaderElection261] INFO  server.RaftServerConfigKeys (ConfUtils.java:logGet(43)) - raft.server.write.element-limit = 4096 (default)
2019-09-25 11:09:47,388 [6b5841ea-ab37-40e7-b4af-848a53246ff5@group-4B517471F8EE:LeaderElection261] INFO  server.RaftServerConfigKeys (ConfUtils.java:logGet(43)) - raft.server.watch.timeout = 10s (default)
2019-09-25 11:09:47,388 [6b5841ea-ab37-40e7-b4af-848a53246ff5@group-4B517471F8EE:LeaderElection261] INFO  server.RaftServerConfigKeys (ConfUtils.java:logGet(43)) - raft.server.watch.timeout.denomination = 1s (default)
2019-09-25 11:09:47,388 [6b5841ea-ab37-40e7-b4af-848a53246ff5@group-4B517471F8EE:LeaderElection261] INFO  server.RaftServerConfigKeys (ConfUtils.java:logGet(43)) - raft.server.watch.element-limit = 65536 (default)
2019-09-25 11:09:47,390 [6b5841ea-ab37-40e7-b4af-848a53246ff5@group-4B517471F8EE:LeaderElection261] INFO  impl.RoleInfo (RoleInfo.java:updateAndGet(143)) - 6b5841ea-ab37-40e7-b4af-848a53246ff5: start LeaderState
2019-09-25 11:09:47,390 [6b5841ea-ab37-40e7-b4af-848a53246ff5@group-4B517471F8EE:LeaderElection261] INFO  segmented.SegmentedRaftLogWorker (SegmentedRaftLogWorker.java:startLogSegment(380)) - 6b5841ea-ab37-40e7-b4af-848a53246ff5@group-4B517471F8EE-SegmentedRaftLogWorker: Starting segment from index:0
2019-09-25 11:09:47,391 [6b5841ea-ab37-40e7-b4af-848a53246ff5@group-4B517471F8EE:LeaderElection261] INFO  impl.RaftServerImpl (ServerState.java:setRaftConf(354)) - 6b5841ea-ab37-40e7-b4af-848a53246ff5@group-4B517471F8EE: set configuration 0: [6b5841ea-ab37-40e7-b4af-848a53246ff5:192.168.30.6:45265], old=null at 0
2019-09-25 11:09:47,407 [Thread-3526] INFO  impl.FollowerState (FollowerState.java:run(106)) - 6b5841ea-ab37-40e7-b4af-848a53246ff5:group-45A30DDFD2FD changes to CANDIDATE, lastRpcTime:5135, electionTimeout:5135ms
2019-09-25 11:09:47,408 [Thread-3526] INFO  impl.RoleInfo (RoleInfo.java:shutdownFollowerState(121)) - 6b5841ea-ab37-40e7-b4af-848a53246ff5: shutdown FollowerState
2019-09-25 11:09:47,408 [Thread-3526] INFO  impl.RaftServerImpl (RaftServerImpl.java:setRole(174)) - 6b5841ea-ab37-40e7-b4af-848a53246ff5@group-45A30DDFD2FD: changes role from  FOLLOWER to CANDIDATE at term 0 for changeToCandidate
2019-09-25 11:09:47,408 [Thread-3526] INFO  impl.RoleInfo (RoleInfo.java:updateAndGet(143)) - 6b5841ea-ab37-40e7-b4af-848a53246ff5: start LeaderElection
2019-09-25 11:09:47,445 [6b5841ea-ab37-40e7-b4af-848a53246ff5@group-4B517471F8EE-SegmentedRaftLogWorker] INFO  segmented.SegmentedRaftLogWorker (SegmentedRaftLogWorker.java:execute(569)) - 6b5841ea-ab37-40e7-b4af-848a53246ff5@group-4B517471F8EE-SegmentedRaftLogWorker: created new log segment /workdir/hadoop-ozone/integration-test/target/test-dir/MiniOzoneClusterImpl-d8e1effc-caf9-4828-b7f0-59ad57edb745/datanode-0/data/ratis/ea40e3be-e87c-4795-bd24-4b517471f8ee/current/log_inprogress_0
2019-09-25 11:09:47,445 [6b5841ea-ab37-40e7-b4af-848a53246ff5@group-45A30DDFD2FD:LeaderElection262] INFO  impl.LeaderElection (LeaderElection.java:askForVotes(182)) - 6b5841ea-ab37-40e7-b4af-848a53246ff5@group-45A30DDFD2FD:LeaderElection262: begin an election at term 1 for -1: [6b5841ea-ab37-40e7-b4af-848a53246ff5:192.168.30.6:45265], old=null
2019-09-25 11:09:47,445 [6b5841ea-ab37-40e7-b4af-848a53246ff5@group-45A30DDFD2FD:LeaderElection262] INFO  impl.RoleInfo (RoleInfo.java:shutdownLeaderElection(134)) - 6b5841ea-ab37-40e7-b4af-848a53246ff5: shutdown LeaderElection
2019-09-25 11:09:47,446 [6b5841ea-ab37-40e7-b4af-848a53246ff5@group-45A30DDFD2FD:LeaderElection262] INFO  impl.RaftServerImpl (RaftServerImpl.java:setRole(174)) - 6b5841ea-ab37-40e7-b4af-848a53246ff5@group-45A30DDFD2FD: changes role from CANDIDATE to LEADER at term 1 for changeToLeader
2019-09-25 11:09:47,446 [6b5841ea-ab37-40e7-b4af-848a53246ff5@group-45A30DDFD2FD:LeaderElection262] INFO  impl.RaftServerImpl (ServerState.java:setLeader(253)) - 6b5841ea-ab37-40e7-b4af-848a53246ff5@group-45A30DDFD2FD: change Leader from null to 6b5841ea-ab37-40e7-b4af-848a53246ff5 at term 1 for becomeLeader, leader elected after 5178ms
2019-09-25 11:09:47,446 [6b5841ea-ab37-40e7-b4af-848a53246ff5@group-45A30DDFD2FD:LeaderElection262] INFO  server.RaftServerConfigKeys (ConfUtils.java:logGet(43)) - raft.server.staging.catchup.gap = 1000 (default)
2019-09-25 11:09:47,446 [6b5841ea-ab37-40e7-b4af-848a53246ff5@group-45A30DDFD2FD:LeaderElection262] INFO  server.RaftServerConfigKeys (ConfUtils.java:logGet(43)) - raft.server.rpc.sleep.time = 25ms (default)
2019-09-25 11:09:47,446 [6b5841ea-ab37-40e7-b4af-848a53246ff5@group-45A30DDFD2FD:LeaderElection262] INFO  server.RaftServerConfigKeys (ConfUtils.java:logGet(43)) - raft.server.write.element-limit = 4096 (default)
2019-09-25 11:09:47,446 [6b5841ea-ab37-40e7-b4af-848a53246ff5@group-45A30DDFD2FD:LeaderElection262] INFO  server.RaftServerConfigKeys (ConfUtils.java:logGet(43)) - raft.server.watch.timeout = 10s (default)
2019-09-25 11:09:47,446 [6b5841ea-ab37-40e7-b4af-848a53246ff5@group-45A30DDFD2FD:LeaderElection262] INFO  server.RaftServerConfigKeys (ConfUtils.java:logGet(43)) - raft.server.watch.timeout.denomination = 1s (default)
2019-09-25 11:09:47,446 [6b5841ea-ab37-40e7-b4af-848a53246ff5@group-45A30DDFD2FD:LeaderElection262] INFO  server.RaftServerConfigKeys (ConfUtils.java:logGet(43)) - raft.server.watch.element-limit = 65536 (default)
2019-09-25 11:09:47,447 [6b5841ea-ab37-40e7-b4af-848a53246ff5@group-45A30DDFD2FD:LeaderElection262] INFO  impl.RoleInfo (RoleInfo.java:updateAndGet(143)) - 6b5841ea-ab37-40e7-b4af-848a53246ff5: start LeaderState
2019-09-25 11:09:47,448 [6b5841ea-ab37-40e7-b4af-848a53246ff5@group-45A30DDFD2FD:LeaderElection262] INFO  segmented.SegmentedRaftLogWorker (SegmentedRaftLogWorker.java:startLogSegment(380)) - 6b5841ea-ab37-40e7-b4af-848a53246ff5@group-45A30DDFD2FD-SegmentedRaftLogWorker: Starting segment from index:0
2019-09-25 11:09:47,448 [6b5841ea-ab37-40e7-b4af-848a53246ff5@group-45A30DDFD2FD:LeaderElection262] INFO  impl.RaftServerImpl (ServerState.java:setRaftConf(354)) - 6b5841ea-ab37-40e7-b4af-848a53246ff5@group-45A30DDFD2FD: set configuration 0: [6b5841ea-ab37-40e7-b4af-848a53246ff5:192.168.30.6:45265], old=null at 0
2019-09-25 11:09:47,489 [6b5841ea-ab37-40e7-b4af-848a53246ff5@group-45A30DDFD2FD-SegmentedRaftLogWorker] INFO  segmented.SegmentedRaftLogWorker (SegmentedRaftLogWorker.java:execute(569)) - 6b5841ea-ab37-40e7-b4af-848a53246ff5@group-45A30DDFD2FD-SegmentedRaftLogWorker: created new log segment /workdir/hadoop-ozone/integration-test/target/test-dir/MiniOzoneClusterImpl-d8e1effc-caf9-4828-b7f0-59ad57edb745/datanode-0/data/ratis/23ccaa24-03ba-4bdc-9a49-45a30ddfd2fd/current/log_inprogress_0
2019-09-25 11:09:47,513 [Thread-3538] INFO  impl.FollowerState (FollowerState.java:run(106)) - 0b288e97-ea7b-4dc2-9c9e-09d2c36158d8:group-4D38CDC4DC38 changes to CANDIDATE, lastRpcTime:5043, electionTimeout:5043ms
2019-09-25 11:09:47,513 [Thread-3538] INFO  impl.RoleInfo (RoleInfo.java:shutdownFollowerState(121)) - 0b288e97-ea7b-4dc2-9c9e-09d2c36158d8: shutdown FollowerState
2019-09-25 11:09:47,513 [Thread-3538] INFO  impl.RaftServerImpl (RaftServerImpl.java:setRole(174)) - 0b288e97-ea7b-4dc2-9c9e-09d2c36158d8@group-4D38CDC4DC38: changes role from  FOLLOWER to CANDIDATE at term 0 for changeToCandidate
2019-09-25 11:09:47,513 [Thread-3538] INFO  impl.RoleInfo (RoleInfo.java:updateAndGet(143)) - 0b288e97-ea7b-4dc2-9c9e-09d2c36158d8: start LeaderElection
2019-09-25 11:09:47,532 [0b288e97-ea7b-4dc2-9c9e-09d2c36158d8@group-4D38CDC4DC38:LeaderElection263] INFO  impl.LeaderElection (LeaderElection.java:askForVotes(182)) - 0b288e97-ea7b-4dc2-9c9e-09d2c36158d8@group-4D38CDC4DC38:LeaderElection263: begin an election at term 1 for -1: [0b288e97-ea7b-4dc2-9c9e-09d2c36158d8:192.168.30.6:43433], old=null
2019-09-25 11:09:47,532 [0b288e97-ea7b-4dc2-9c9e-09d2c36158d8@group-4D38CDC4DC38:LeaderElection263] INFO  impl.RoleInfo (RoleInfo.java:shutdownLeaderElection(134)) - 0b288e97-ea7b-4dc2-9c9e-09d2c36158d8: shutdown LeaderElection
2019-09-25 11:09:47,532 [0b288e97-ea7b-4dc2-9c9e-09d2c36158d8@group-4D38CDC4DC38:LeaderElection263] INFO  impl.RaftServerImpl (RaftServerImpl.java:setRole(174)) - 0b288e97-ea7b-4dc2-9c9e-09d2c36158d8@group-4D38CDC4DC38: changes role from CANDIDATE to LEADER at term 1 for changeToLeader
2019-09-25 11:09:47,532 [0b288e97-ea7b-4dc2-9c9e-09d2c36158d8@group-4D38CDC4DC38:LeaderElection263] INFO  impl.RaftServerImpl (ServerState.java:setLeader(253)) - 0b288e97-ea7b-4dc2-9c9e-09d2c36158d8@group-4D38CDC4DC38: change Leader from null to 0b288e97-ea7b-4dc2-9c9e-09d2c36158d8 at term 1 for becomeLeader, leader elected after 5079ms
2019-09-25 11:09:47,532 [0b288e97-ea7b-4dc2-9c9e-09d2c36158d8@group-4D38CDC4DC38:LeaderElection263] INFO  server.RaftServerConfigKeys (ConfUtils.java:logGet(43)) - raft.server.staging.catchup.gap = 1000 (default)
2019-09-25 11:09:47,533 [0b288e97-ea7b-4dc2-9c9e-09d2c36158d8@group-4D38CDC4DC38:LeaderElection263] INFO  server.RaftServerConfigKeys (ConfUtils.java:logGet(43)) - raft.server.rpc.sleep.time = 25ms (default)
2019-09-25 11:09:47,533 [0b288e97-ea7b-4dc2-9c9e-09d2c36158d8@group-4D38CDC4DC38:LeaderElection263] INFO  server.RaftServerConfigKeys (ConfUtils.java:logGet(43)) - raft.server.write.element-limit = 4096 (default)
2019-09-25 11:09:47,533 [0b288e97-ea7b-4dc2-9c9e-09d2c36158d8@group-4D38CDC4DC38:LeaderElection263] INFO  server.RaftServerConfigKeys (ConfUtils.java:logGet(43)) - raft.server.watch.timeout = 10s (default)
2019-09-25 11:09:47,533 [0b288e97-ea7b-4dc2-9c9e-09d2c36158d8@group-4D38CDC4DC38:LeaderElection263] INFO  server.RaftServerConfigKeys (ConfUtils.java:logGet(43)) - raft.server.watch.timeout.denomination = 1s (default)
2019-09-25 11:09:47,533 [0b288e97-ea7b-4dc2-9c9e-09d2c36158d8@group-4D38CDC4DC38:LeaderElection263] INFO  server.RaftServerConfigKeys (ConfUtils.java:logGet(43)) - raft.server.watch.element-limit = 65536 (default)
2019-09-25 11:09:47,535 [0b288e97-ea7b-4dc2-9c9e-09d2c36158d8@group-4D38CDC4DC38:LeaderElection263] INFO  impl.RoleInfo (RoleInfo.java:updateAndGet(143)) - 0b288e97-ea7b-4dc2-9c9e-09d2c36158d8: start LeaderState
2019-09-25 11:09:47,535 [0b288e97-ea7b-4dc2-9c9e-09d2c36158d8@group-4D38CDC4DC38:LeaderElection263] INFO  segmented.SegmentedRaftLogWorker (SegmentedRaftLogWorker.java:startLogSegment(380)) - 0b288e97-ea7b-4dc2-9c9e-09d2c36158d8@group-4D38CDC4DC38-SegmentedRaftLogWorker: Starting segment from index:0
2019-09-25 11:09:47,535 [0b288e97-ea7b-4dc2-9c9e-09d2c36158d8@group-4D38CDC4DC38:LeaderElection263] INFO  impl.RaftServerImpl (ServerState.java:setRaftConf(354)) - 0b288e97-ea7b-4dc2-9c9e-09d2c36158d8@group-4D38CDC4DC38: set configuration 0: [0b288e97-ea7b-4dc2-9c9e-09d2c36158d8:192.168.30.6:43433], old=null at 0
2019-09-25 11:09:47,537 [Thread-3541] INFO  impl.FollowerState (FollowerState.java:run(106)) - 6b5841ea-ab37-40e7-b4af-848a53246ff5:group-5FD8C9FAAE28 changes to CANDIDATE, lastRpcTime:5047, electionTimeout:5047ms
2019-09-25 11:09:47,537 [Thread-3541] INFO  impl.RoleInfo (RoleInfo.java:shutdownFollowerState(121)) - 6b5841ea-ab37-40e7-b4af-848a53246ff5: shutdown FollowerState
2019-09-25 11:09:47,538 [Thread-3541] INFO  impl.RaftServerImpl (RaftServerImpl.java:setRole(174)) - 6b5841ea-ab37-40e7-b4af-848a53246ff5@group-5FD8C9FAAE28: changes role from  FOLLOWER to CANDIDATE at term 0 for changeToCandidate
2019-09-25 11:09:47,538 [Thread-3541] INFO  impl.RoleInfo (RoleInfo.java:updateAndGet(143)) - 6b5841ea-ab37-40e7-b4af-848a53246ff5: start LeaderElection
2019-09-25 11:09:47,574 [Thread-3532] INFO  impl.FollowerState (FollowerState.java:run(106)) - deee6178-b1f5-49c6-a192-edc1bfc8677d:group-BA282E497C1B changes to CANDIDATE, lastRpcTime:5187, electionTimeout:5178ms
2019-09-25 11:09:47,574 [Thread-3532] INFO  impl.RoleInfo (RoleInfo.java:shutdownFollowerState(121)) - deee6178-b1f5-49c6-a192-edc1bfc8677d: shutdown FollowerState
2019-09-25 11:09:47,574 [Thread-3532] INFO  impl.RaftServerImpl (RaftServerImpl.java:setRole(174)) - deee6178-b1f5-49c6-a192-edc1bfc8677d@group-BA282E497C1B: changes role from  FOLLOWER to CANDIDATE at term 0 for changeToCandidate
2019-09-25 11:09:47,574 [Thread-3532] INFO  impl.RoleInfo (RoleInfo.java:updateAndGet(143)) - deee6178-b1f5-49c6-a192-edc1bfc8677d: start LeaderElection
2019-09-25 11:09:47,579 [Thread-3535] INFO  impl.FollowerState (FollowerState.java:run(106)) - deee6178-b1f5-49c6-a192-edc1bfc8677d:group-609BBC05C59E changes to CANDIDATE, lastRpcTime:5155, electionTimeout:5155ms
2019-09-25 11:09:47,579 [Thread-3535] INFO  impl.RoleInfo (RoleInfo.java:shutdownFollowerState(121)) - deee6178-b1f5-49c6-a192-edc1bfc8677d: shutdown FollowerState
2019-09-25 11:09:47,579 [Thread-3535] INFO  impl.RaftServerImpl (RaftServerImpl.java:setRole(174)) - deee6178-b1f5-49c6-a192-edc1bfc8677d@group-609BBC05C59E: changes role from  FOLLOWER to CANDIDATE at term 0 for changeToCandidate
2019-09-25 11:09:47,579 [Thread-3535] INFO  impl.RoleInfo (RoleInfo.java:updateAndGet(143)) - deee6178-b1f5-49c6-a192-edc1bfc8677d: start LeaderElection
2019-09-25 11:09:47,588 [0b288e97-ea7b-4dc2-9c9e-09d2c36158d8@group-4D38CDC4DC38-SegmentedRaftLogWorker] INFO  segmented.SegmentedRaftLogWorker (SegmentedRaftLogWorker.java:execute(569)) - 0b288e97-ea7b-4dc2-9c9e-09d2c36158d8@group-4D38CDC4DC38-SegmentedRaftLogWorker: created new log segment /workdir/hadoop-ozone/integration-test/target/test-dir/MiniOzoneClusterImpl-d8e1effc-caf9-4828-b7f0-59ad57edb745/datanode-3/data/ratis/163b12fd-e961-4fb3-b7d5-4d38cdc4dc38/current/log_inprogress_0
2019-09-25 11:09:47,588 [deee6178-b1f5-49c6-a192-edc1bfc8677d@group-609BBC05C59E:LeaderElection266] INFO  impl.LeaderElection (LeaderElection.java:askForVotes(182)) - deee6178-b1f5-49c6-a192-edc1bfc8677d@group-609BBC05C59E:LeaderElection266: begin an election at term 1 for -1: [deee6178-b1f5-49c6-a192-edc1bfc8677d:192.168.30.6:37193], old=null
2019-09-25 11:09:47,588 [6b5841ea-ab37-40e7-b4af-848a53246ff5@group-5FD8C9FAAE28:LeaderElection264] INFO  impl.LeaderElection (LeaderElection.java:askForVotes(182)) - 6b5841ea-ab37-40e7-b4af-848a53246ff5@group-5FD8C9FAAE28:LeaderElection264: begin an election at term 1 for -1: [6b5841ea-ab37-40e7-b4af-848a53246ff5:192.168.30.6:45265], old=null
2019-09-25 11:09:47,588 [deee6178-b1f5-49c6-a192-edc1bfc8677d@group-BA282E497C1B:LeaderElection265] INFO  impl.LeaderElection (LeaderElection.java:askForVotes(182)) - deee6178-b1f5-49c6-a192-edc1bfc8677d@group-BA282E497C1B:LeaderElection265: begin an election at term 1 for -1: [deee6178-b1f5-49c6-a192-edc1bfc8677d:192.168.30.6:37193], old=null
2019-09-25 11:09:47,589 [6b5841ea-ab37-40e7-b4af-848a53246ff5@group-5FD8C9FAAE28:LeaderElection264] INFO  impl.RoleInfo (RoleInfo.java:shutdownLeaderElection(134)) - 6b5841ea-ab37-40e7-b4af-848a53246ff5: shutdown LeaderElection
2019-09-25 11:09:47,589 [6b5841ea-ab37-40e7-b4af-848a53246ff5@group-5FD8C9FAAE28:LeaderElection264] INFO  impl.RaftServerImpl (RaftServerImpl.java:setRole(174)) - 6b5841ea-ab37-40e7-b4af-848a53246ff5@group-5FD8C9FAAE28: changes role from CANDIDATE to LEADER at term 1 for changeToLeader
2019-09-25 11:09:47,588 [deee6178-b1f5-49c6-a192-edc1bfc8677d@group-609BBC05C59E:LeaderElection266] INFO  impl.RoleInfo (RoleInfo.java:shutdownLeaderElection(134)) - deee6178-b1f5-49c6-a192-edc1bfc8677d: shutdown LeaderElection
2019-09-25 11:09:47,589 [6b5841ea-ab37-40e7-b4af-848a53246ff5@group-5FD8C9FAAE28:LeaderElection264] INFO  impl.RaftServerImpl (ServerState.java:setLeader(253)) - 6b5841ea-ab37-40e7-b4af-848a53246ff5@group-5FD8C9FAAE28: change Leader from null to 6b5841ea-ab37-40e7-b4af-848a53246ff5 at term 1 for becomeLeader, leader elected after 5102ms
2019-09-25 11:09:47,589 [deee6178-b1f5-49c6-a192-edc1bfc8677d@group-BA282E497C1B:LeaderElection265] INFO  impl.RoleInfo (RoleInfo.java:shutdownLeaderElection(134)) - deee6178-b1f5-49c6-a192-edc1bfc8677d: shutdown LeaderElection
2019-09-25 11:09:47,589 [6b5841ea-ab37-40e7-b4af-848a53246ff5@group-5FD8C9FAAE28:LeaderElection264] INFO  server.RaftServerConfigKeys (ConfUtils.java:logGet(43)) - raft.server.staging.catchup.gap = 1000 (default)
2019-09-25 11:09:47,589 [deee6178-b1f5-49c6-a192-edc1bfc8677d@group-609BBC05C59E:LeaderElection266] INFO  impl.RaftServerImpl (RaftServerImpl.java:setRole(174)) - deee6178-b1f5-49c6-a192-edc1bfc8677d@group-609BBC05C59E: changes role from CANDIDATE to LEADER at term 1 for changeToLeader
2019-09-25 11:09:47,590 [6b5841ea-ab37-40e7-b4af-848a53246ff5@group-5FD8C9FAAE28:LeaderElection264] INFO  server.RaftServerConfigKeys (ConfUtils.java:logGet(43)) - raft.server.rpc.sleep.time = 25ms (default)
2019-09-25 11:09:47,589 [deee6178-b1f5-49c6-a192-edc1bfc8677d@group-BA282E497C1B:LeaderElection265] INFO  impl.RaftServerImpl (RaftServerImpl.java:setRole(174)) - deee6178-b1f5-49c6-a192-edc1bfc8677d@group-BA282E497C1B: changes role from CANDIDATE to LEADER at term 1 for changeToLeader
2019-09-25 11:09:47,590 [6b5841ea-ab37-40e7-b4af-848a53246ff5@group-5FD8C9FAAE28:LeaderElection264] INFO  server.RaftServerConfigKeys (ConfUtils.java:logGet(43)) - raft.server.write.element-limit = 4096 (default)
2019-09-25 11:09:47,590 [deee6178-b1f5-49c6-a192-edc1bfc8677d@group-609BBC05C59E:LeaderElection266] INFO  impl.RaftServerImpl (ServerState.java:setLeader(253)) - deee6178-b1f5-49c6-a192-edc1bfc8677d@group-609BBC05C59E: change Leader from null to deee6178-b1f5-49c6-a192-edc1bfc8677d at term 1 for becomeLeader, leader elected after 5169ms
2019-09-25 11:09:47,590 [6b5841ea-ab37-40e7-b4af-848a53246ff5@group-5FD8C9FAAE28:LeaderElection264] INFO  server.RaftServerConfigKeys (ConfUtils.java:logGet(43)) - raft.server.watch.timeout = 10s (default)
2019-09-25 11:09:47,590 [deee6178-b1f5-49c6-a192-edc1bfc8677d@group-BA282E497C1B:LeaderElection265] INFO  impl.RaftServerImpl (ServerState.java:setLeader(253)) - deee6178-b1f5-49c6-a192-edc1bfc8677d@group-BA282E497C1B: change Leader from null to deee6178-b1f5-49c6-a192-edc1bfc8677d at term 1 for becomeLeader, leader elected after 5207ms
2019-09-25 11:09:47,590 [6b5841ea-ab37-40e7-b4af-848a53246ff5@group-5FD8C9FAAE28:LeaderElection264] INFO  server.RaftServerConfigKeys (ConfUtils.java:logGet(43)) - raft.server.watch.timeout.denomination = 1s (default)
2019-09-25 11:09:47,591 [6b5841ea-ab37-40e7-b4af-848a53246ff5@group-5FD8C9FAAE28:LeaderElection264] INFO  server.RaftServerConfigKeys (ConfUtils.java:logGet(43)) - raft.server.watch.element-limit = 65536 (default)
2019-09-25 11:09:47,590 [deee6178-b1f5-49c6-a192-edc1bfc8677d@group-609BBC05C59E:LeaderElection266] INFO  server.RaftServerConfigKeys (ConfUtils.java:logGet(43)) - raft.server.staging.catchup.gap = 1000 (default)
2019-09-25 11:09:47,591 [deee6178-b1f5-49c6-a192-edc1bfc8677d@group-BA282E497C1B:LeaderElection265] INFO  server.RaftServerConfigKeys (ConfUtils.java:logGet(43)) - raft.server.staging.catchup.gap = 1000 (default)
2019-09-25 11:09:47,591 [deee6178-b1f5-49c6-a192-edc1bfc8677d@group-609BBC05C59E:LeaderElection266] INFO  server.RaftServerConfigKeys (ConfUtils.java:logGet(43)) - raft.server.rpc.sleep.time = 25ms (default)
2019-09-25 11:09:47,591 [deee6178-b1f5-49c6-a192-edc1bfc8677d@group-BA282E497C1B:LeaderElection265] INFO  server.RaftServerConfigKeys (ConfUtils.java:logGet(43)) - raft.server.rpc.sleep.time = 25ms (default)
2019-09-25 11:09:47,592 [deee6178-b1f5-49c6-a192-edc1bfc8677d@group-609BBC05C59E:LeaderElection266] INFO  server.RaftServerConfigKeys (ConfUtils.java:logGet(43)) - raft.server.write.element-limit = 4096 (default)
2019-09-25 11:09:47,592 [deee6178-b1f5-49c6-a192-edc1bfc8677d@group-BA282E497C1B:LeaderElection265] INFO  server.RaftServerConfigKeys (ConfUtils.java:logGet(43)) - raft.server.write.element-limit = 4096 (default)
2019-09-25 11:09:47,592 [deee6178-b1f5-49c6-a192-edc1bfc8677d@group-609BBC05C59E:LeaderElection266] INFO  server.RaftServerConfigKeys (ConfUtils.java:logGet(43)) - raft.server.watch.timeout = 10s (default)
2019-09-25 11:09:47,592 [deee6178-b1f5-49c6-a192-edc1bfc8677d@group-BA282E497C1B:LeaderElection265] INFO  server.RaftServerConfigKeys (ConfUtils.java:logGet(43)) - raft.server.watch.timeout = 10s (default)
2019-09-25 11:09:47,592 [deee6178-b1f5-49c6-a192-edc1bfc8677d@group-609BBC05C59E:LeaderElection266] INFO  server.RaftServerConfigKeys (ConfUtils.java:logGet(43)) - raft.server.watch.timeout.denomination = 1s (default)
2019-09-25 11:09:47,592 [deee6178-b1f5-49c6-a192-edc1bfc8677d@group-BA282E497C1B:LeaderElection265] INFO  server.RaftServerConfigKeys (ConfUtils.java:logGet(43)) - raft.server.watch.timeout.denomination = 1s (default)
2019-09-25 11:09:47,592 [deee6178-b1f5-49c6-a192-edc1bfc8677d@group-609BBC05C59E:LeaderElection266] INFO  server.RaftServerConfigKeys (ConfUtils.java:logGet(43)) - raft.server.watch.element-limit = 65536 (default)
2019-09-25 11:09:47,593 [deee6178-b1f5-49c6-a192-edc1bfc8677d@group-BA282E497C1B:LeaderElection265] INFO  server.RaftServerConfigKeys (ConfUtils.java:logGet(43)) - raft.server.watch.element-limit = 65536 (default)
2019-09-25 11:09:47,593 [6b5841ea-ab37-40e7-b4af-848a53246ff5@group-5FD8C9FAAE28:LeaderElection264] INFO  impl.RoleInfo (RoleInfo.java:updateAndGet(143)) - 6b5841ea-ab37-40e7-b4af-848a53246ff5: start LeaderState
2019-09-25 11:09:47,594 [6b5841ea-ab37-40e7-b4af-848a53246ff5@group-5FD8C9FAAE28:LeaderElection264] INFO  segmented.SegmentedRaftLogWorker (SegmentedRaftLogWorker.java:startLogSegment(380)) - 6b5841ea-ab37-40e7-b4af-848a53246ff5@group-5FD8C9FAAE28-SegmentedRaftLogWorker: Starting segment from index:0
2019-09-25 11:09:47,594 [6b5841ea-ab37-40e7-b4af-848a53246ff5@group-5FD8C9FAAE28:LeaderElection264] INFO  impl.RaftServerImpl (ServerState.java:setRaftConf(354)) - 6b5841ea-ab37-40e7-b4af-848a53246ff5@group-5FD8C9FAAE28: set configuration 0: [6b5841ea-ab37-40e7-b4af-848a53246ff5:192.168.30.6:45265], old=null at 0
2019-09-25 11:09:47,596 [deee6178-b1f5-49c6-a192-edc1bfc8677d@group-609BBC05C59E:LeaderElection266] INFO  impl.RoleInfo (RoleInfo.java:updateAndGet(143)) - deee6178-b1f5-49c6-a192-edc1bfc8677d: start LeaderState
2019-09-25 11:09:47,596 [deee6178-b1f5-49c6-a192-edc1bfc8677d@group-BA282E497C1B:LeaderElection265] INFO  impl.RoleInfo (RoleInfo.java:updateAndGet(143)) - deee6178-b1f5-49c6-a192-edc1bfc8677d: start LeaderState
2019-09-25 11:09:47,596 [deee6178-b1f5-49c6-a192-edc1bfc8677d@group-609BBC05C59E:LeaderElection266] INFO  segmented.SegmentedRaftLogWorker (SegmentedRaftLogWorker.java:startLogSegment(380)) - deee6178-b1f5-49c6-a192-edc1bfc8677d@group-609BBC05C59E-SegmentedRaftLogWorker: Starting segment from index:0
2019-09-25 11:09:47,596 [deee6178-b1f5-49c6-a192-edc1bfc8677d@group-BA282E497C1B:LeaderElection265] INFO  segmented.SegmentedRaftLogWorker (SegmentedRaftLogWorker.java:startLogSegment(380)) - deee6178-b1f5-49c6-a192-edc1bfc8677d@group-BA282E497C1B-SegmentedRaftLogWorker: Starting segment from index:0
2019-09-25 11:09:47,596 [deee6178-b1f5-49c6-a192-edc1bfc8677d@group-609BBC05C59E:LeaderElection266] INFO  impl.RaftServerImpl (ServerState.java:setRaftConf(354)) - deee6178-b1f5-49c6-a192-edc1bfc8677d@group-609BBC05C59E: set configuration 0: [deee6178-b1f5-49c6-a192-edc1bfc8677d:192.168.30.6:37193], old=null at 0
2019-09-25 11:09:47,597 [deee6178-b1f5-49c6-a192-edc1bfc8677d@group-BA282E497C1B:LeaderElection265] INFO  impl.RaftServerImpl (ServerState.java:setRaftConf(354)) - deee6178-b1f5-49c6-a192-edc1bfc8677d@group-BA282E497C1B: set configuration 0: [deee6178-b1f5-49c6-a192-edc1bfc8677d:192.168.30.6:37193], old=null at 0
2019-09-25 11:09:47,597 [Thread-3547] INFO  impl.FollowerState (FollowerState.java:run(106)) - 6b5841ea-ab37-40e7-b4af-848a53246ff5:group-A80C7B46748E changes to CANDIDATE, lastRpcTime:5031, electionTimeout:5031ms
2019-09-25 11:09:47,598 [Thread-3547] INFO  impl.RoleInfo (RoleInfo.java:shutdownFollowerState(121)) - 6b5841ea-ab37-40e7-b4af-848a53246ff5: shutdown FollowerState
2019-09-25 11:09:47,598 [Thread-3547] INFO  impl.RaftServerImpl (RaftServerImpl.java:setRole(174)) - 6b5841ea-ab37-40e7-b4af-848a53246ff5@group-A80C7B46748E: changes role from  FOLLOWER to CANDIDATE at term 0 for changeToCandidate
2019-09-25 11:09:47,598 [Thread-3547] INFO  impl.RoleInfo (RoleInfo.java:updateAndGet(143)) - 6b5841ea-ab37-40e7-b4af-848a53246ff5: start LeaderElection
2019-09-25 11:09:47,639 [Thread-3544] INFO  impl.FollowerState (FollowerState.java:run(106)) - 07e899c7-9b65-45ad-afd5-2a504e2891bf:group-FEB97ED59F20 changes to CANDIDATE, lastRpcTime:5110, electionTimeout:5087ms
2019-09-25 11:09:47,639 [Thread-3544] INFO  impl.RoleInfo (RoleInfo.java:shutdownFollowerState(121)) - 07e899c7-9b65-45ad-afd5-2a504e2891bf: shutdown FollowerState
2019-09-25 11:09:47,639 [Thread-3544] INFO  impl.RaftServerImpl (RaftServerImpl.java:setRole(174)) - 07e899c7-9b65-45ad-afd5-2a504e2891bf@group-FEB97ED59F20: changes role from  FOLLOWER to CANDIDATE at term 0 for changeToCandidate
2019-09-25 11:09:47,639 [Thread-3544] INFO  impl.RoleInfo (RoleInfo.java:updateAndGet(143)) - 07e899c7-9b65-45ad-afd5-2a504e2891bf: start LeaderElection
2019-09-25 11:09:47,665 [deee6178-b1f5-49c6-a192-edc1bfc8677d@group-609BBC05C59E-SegmentedRaftLogWorker] INFO  segmented.SegmentedRaftLogWorker (SegmentedRaftLogWorker.java:execute(569)) - deee6178-b1f5-49c6-a192-edc1bfc8677d@group-609BBC05C59E-SegmentedRaftLogWorker: created new log segment /workdir/hadoop-ozone/integration-test/target/test-dir/MiniOzoneClusterImpl-d8e1effc-caf9-4828-b7f0-59ad57edb745/datanode-1/data/ratis/e9572328-4f98-490d-8303-609bbc05c59e/current/log_inprogress_0
2019-09-25 11:09:47,665 [6b5841ea-ab37-40e7-b4af-848a53246ff5@group-5FD8C9FAAE28-SegmentedRaftLogWorker] INFO  segmented.SegmentedRaftLogWorker (SegmentedRaftLogWorker.java:execute(569)) - 6b5841ea-ab37-40e7-b4af-848a53246ff5@group-5FD8C9FAAE28-SegmentedRaftLogWorker: created new log segment /workdir/hadoop-ozone/integration-test/target/test-dir/MiniOzoneClusterImpl-d8e1effc-caf9-4828-b7f0-59ad57edb745/datanode-0/data/ratis/386620e0-280a-4bce-972a-5fd8c9faae28/current/log_inprogress_0
2019-09-25 11:09:47,665 [6b5841ea-ab37-40e7-b4af-848a53246ff5@group-A80C7B46748E:LeaderElection267] INFO  impl.LeaderElection (LeaderElection.java:askForVotes(182)) - 6b5841ea-ab37-40e7-b4af-848a53246ff5@group-A80C7B46748E:LeaderElection267: begin an election at term 1 for -1: [6b5841ea-ab37-40e7-b4af-848a53246ff5:192.168.30.6:45265], old=null
2019-09-25 11:09:47,665 [07e899c7-9b65-45ad-afd5-2a504e2891bf@group-FEB97ED59F20:LeaderElection268] INFO  impl.LeaderElection (LeaderElection.java:askForVotes(182)) - 07e899c7-9b65-45ad-afd5-2a504e2891bf@group-FEB97ED59F20:LeaderElection268: begin an election at term 1 for -1: [07e899c7-9b65-45ad-afd5-2a504e2891bf:192.168.30.6:43313], old=null
2019-09-25 11:09:47,665 [deee6178-b1f5-49c6-a192-edc1bfc8677d@group-BA282E497C1B-SegmentedRaftLogWorker] INFO  segmented.SegmentedRaftLogWorker (SegmentedRaftLogWorker.java:execute(569)) - deee6178-b1f5-49c6-a192-edc1bfc8677d@group-BA282E497C1B-SegmentedRaftLogWorker: created new log segment /workdir/hadoop-ozone/integration-test/target/test-dir/MiniOzoneClusterImpl-d8e1effc-caf9-4828-b7f0-59ad57edb745/datanode-1/data/ratis/48c47c35-f3cc-4c2d-a196-ba282e497c1b/current/log_inprogress_0
2019-09-25 11:09:47,666 [07e899c7-9b65-45ad-afd5-2a504e2891bf@group-FEB97ED59F20:LeaderElection268] INFO  impl.RoleInfo (RoleInfo.java:shutdownLeaderElection(134)) - 07e899c7-9b65-45ad-afd5-2a504e2891bf: shutdown LeaderElection
2019-09-25 11:09:47,666 [6b5841ea-ab37-40e7-b4af-848a53246ff5@group-A80C7B46748E:LeaderElection267] INFO  impl.RoleInfo (RoleInfo.java:shutdownLeaderElection(134)) - 6b5841ea-ab37-40e7-b4af-848a53246ff5: shutdown LeaderElection
2019-09-25 11:09:47,666 [07e899c7-9b65-45ad-afd5-2a504e2891bf@group-FEB97ED59F20:LeaderElection268] INFO  impl.RaftServerImpl (RaftServerImpl.java:setRole(174)) - 07e899c7-9b65-45ad-afd5-2a504e2891bf@group-FEB97ED59F20: changes role from CANDIDATE to LEADER at term 1 for changeToLeader
2019-09-25 11:09:47,666 [6b5841ea-ab37-40e7-b4af-848a53246ff5@group-A80C7B46748E:LeaderElection267] INFO  impl.RaftServerImpl (RaftServerImpl.java:setRole(174)) - 6b5841ea-ab37-40e7-b4af-848a53246ff5@group-A80C7B46748E: changes role from CANDIDATE to LEADER at term 1 for changeToLeader
2019-09-25 11:09:47,667 [6b5841ea-ab37-40e7-b4af-848a53246ff5@group-A80C7B46748E:LeaderElection267] INFO  impl.RaftServerImpl (ServerState.java:setLeader(253)) - 6b5841ea-ab37-40e7-b4af-848a53246ff5@group-A80C7B46748E: change Leader from null to 6b5841ea-ab37-40e7-b4af-848a53246ff5 at term 1 for becomeLeader, leader elected after 5105ms
2019-09-25 11:09:47,667 [07e899c7-9b65-45ad-afd5-2a504e2891bf@group-FEB97ED59F20:LeaderElection268] INFO  impl.RaftServerImpl (ServerState.java:setLeader(253)) - 07e899c7-9b65-45ad-afd5-2a504e2891bf@group-FEB97ED59F20: change Leader from null to 07e899c7-9b65-45ad-afd5-2a504e2891bf at term 1 for becomeLeader, leader elected after 5144ms
2019-09-25 11:09:47,667 [6b5841ea-ab37-40e7-b4af-848a53246ff5@group-A80C7B46748E:LeaderElection267] INFO  server.RaftServerConfigKeys (ConfUtils.java:logGet(43)) - raft.server.staging.catchup.gap = 1000 (default)
2019-09-25 11:09:47,667 [07e899c7-9b65-45ad-afd5-2a504e2891bf@group-FEB97ED59F20:LeaderElection268] INFO  server.RaftServerConfigKeys (ConfUtils.java:logGet(43)) - raft.server.staging.catchup.gap = 1000 (default)
2019-09-25 11:09:47,667 [6b5841ea-ab37-40e7-b4af-848a53246ff5@group-A80C7B46748E:LeaderElection267] INFO  server.RaftServerConfigKeys (ConfUtils.java:logGet(43)) - raft.server.rpc.sleep.time = 25ms (default)
2019-09-25 11:09:47,667 [07e899c7-9b65-45ad-afd5-2a504e2891bf@group-FEB97ED59F20:LeaderElection268] INFO  server.RaftServerConfigKeys (ConfUtils.java:logGet(43)) - raft.server.rpc.sleep.time = 25ms (default)
2019-09-25 11:09:47,667 [6b5841ea-ab37-40e7-b4af-848a53246ff5@group-A80C7B46748E:LeaderElection267] INFO  server.RaftServerConfigKeys (ConfUtils.java:logGet(43)) - raft.server.write.element-limit = 4096 (default)
2019-09-25 11:09:47,667 [07e899c7-9b65-45ad-afd5-2a504e2891bf@group-FEB97ED59F20:LeaderElection268] INFO  server.RaftServerConfigKeys (ConfUtils.java:logGet(43)) - raft.server.write.element-limit = 4096 (default)
2019-09-25 11:09:47,668 [6b5841ea-ab37-40e7-b4af-848a53246ff5@group-A80C7B46748E:LeaderElection267] INFO  server.RaftServerConfigKeys (ConfUtils.java:logGet(43)) - raft.server.watch.timeout = 10s (default)
2019-09-25 11:09:47,668 [07e899c7-9b65-45ad-afd5-2a504e2891bf@group-FEB97ED59F20:LeaderElection268] INFO  server.RaftServerConfigKeys (ConfUtils.java:logGet(43)) - raft.server.watch.timeout = 10s (default)
2019-09-25 11:09:47,668 [6b5841ea-ab37-40e7-b4af-848a53246ff5@group-A80C7B46748E:LeaderElection267] INFO  server.RaftServerConfigKeys (ConfUtils.java:logGet(43)) - raft.server.watch.timeout.denomination = 1s (default)
2019-09-25 11:09:47,668 [07e899c7-9b65-45ad-afd5-2a504e2891bf@group-FEB97ED59F20:LeaderElection268] INFO  server.RaftServerConfigKeys (ConfUtils.java:logGet(43)) - raft.server.watch.timeout.denomination = 1s (default)
2019-09-25 11:09:47,668 [6b5841ea-ab37-40e7-b4af-848a53246ff5@group-A80C7B46748E:LeaderElection267] INFO  server.RaftServerConfigKeys (ConfUtils.java:logGet(43)) - raft.server.watch.element-limit = 65536 (default)
2019-09-25 11:09:47,668 [07e899c7-9b65-45ad-afd5-2a504e2891bf@group-FEB97ED59F20:LeaderElection268] INFO  server.RaftServerConfigKeys (ConfUtils.java:logGet(43)) - raft.server.watch.element-limit = 65536 (default)
2019-09-25 11:09:47,671 [6b5841ea-ab37-40e7-b4af-848a53246ff5@group-A80C7B46748E:LeaderElection267] INFO  impl.RoleInfo (RoleInfo.java:updateAndGet(143)) - 6b5841ea-ab37-40e7-b4af-848a53246ff5: start LeaderState
2019-09-25 11:09:47,671 [6b5841ea-ab37-40e7-b4af-848a53246ff5@group-A80C7B46748E:LeaderElection267] INFO  segmented.SegmentedRaftLogWorker (SegmentedRaftLogWorker.java:startLogSegment(380)) - 6b5841ea-ab37-40e7-b4af-848a53246ff5@group-A80C7B46748E-SegmentedRaftLogWorker: Starting segment from index:0
2019-09-25 11:09:47,671 [07e899c7-9b65-45ad-afd5-2a504e2891bf@group-FEB97ED59F20:LeaderElection268] INFO  impl.RoleInfo (RoleInfo.java:updateAndGet(143)) - 07e899c7-9b65-45ad-afd5-2a504e2891bf: start LeaderState
2019-09-25 11:09:47,672 [6b5841ea-ab37-40e7-b4af-848a53246ff5@group-A80C7B46748E:LeaderElection267] INFO  impl.RaftServerImpl (ServerState.java:setRaftConf(354)) - 6b5841ea-ab37-40e7-b4af-848a53246ff5@group-A80C7B46748E: set configuration 0: [6b5841ea-ab37-40e7-b4af-848a53246ff5:192.168.30.6:45265], old=null at 0
2019-09-25 11:09:47,672 [07e899c7-9b65-45ad-afd5-2a504e2891bf@group-FEB97ED59F20:LeaderElection268] INFO  segmented.SegmentedRaftLogWorker (SegmentedRaftLogWorker.java:startLogSegment(380)) - 07e899c7-9b65-45ad-afd5-2a504e2891bf@group-FEB97ED59F20-SegmentedRaftLogWorker: Starting segment from index:0
2019-09-25 11:09:47,672 [07e899c7-9b65-45ad-afd5-2a504e2891bf@group-FEB97ED59F20:LeaderElection268] INFO  impl.RaftServerImpl (ServerState.java:setRaftConf(354)) - 07e899c7-9b65-45ad-afd5-2a504e2891bf@group-FEB97ED59F20: set configuration 0: [07e899c7-9b65-45ad-afd5-2a504e2891bf:192.168.30.6:43313], old=null at 0
2019-09-25 11:09:47,701 [Thread-3550] INFO  impl.FollowerState (FollowerState.java:run(106)) - 07e899c7-9b65-45ad-afd5-2a504e2891bf:group-17073B359B9E changes to CANDIDATE, lastRpcTime:5099, electionTimeout:5099ms
2019-09-25 11:09:47,701 [Thread-3550] INFO  impl.RoleInfo (RoleInfo.java:shutdownFollowerState(121)) - 07e899c7-9b65-45ad-afd5-2a504e2891bf: shutdown FollowerState
2019-09-25 11:09:47,701 [Thread-3550] INFO  impl.RaftServerImpl (RaftServerImpl.java:setRole(174)) - 07e899c7-9b65-45ad-afd5-2a504e2891bf@group-17073B359B9E: changes role from  FOLLOWER to CANDIDATE at term 0 for changeToCandidate
2019-09-25 11:09:47,701 [Thread-3550] INFO  impl.RoleInfo (RoleInfo.java:updateAndGet(143)) - 07e899c7-9b65-45ad-afd5-2a504e2891bf: start LeaderElection
2019-09-25 11:09:47,781 [6b5841ea-ab37-40e7-b4af-848a53246ff5@group-A80C7B46748E-SegmentedRaftLogWorker] INFO  segmented.SegmentedRaftLogWorker (SegmentedRaftLogWorker.java:execute(569)) - 6b5841ea-ab37-40e7-b4af-848a53246ff5@group-A80C7B46748E-SegmentedRaftLogWorker: created new log segment /workdir/hadoop-ozone/integration-test/target/test-dir/MiniOzoneClusterImpl-d8e1effc-caf9-4828-b7f0-59ad57edb745/datanode-0/data/ratis/f4ce6fff-1260-48f4-bc43-a80c7b46748e/current/log_inprogress_0
2019-09-25 11:09:47,781 [07e899c7-9b65-45ad-afd5-2a504e2891bf@group-17073B359B9E:LeaderElection269] INFO  impl.LeaderElection (LeaderElection.java:askForVotes(182)) - 07e899c7-9b65-45ad-afd5-2a504e2891bf@group-17073B359B9E:LeaderElection269: begin an election at term 1 for -1: [07e899c7-9b65-45ad-afd5-2a504e2891bf:192.168.30.6:43313], old=null
2019-09-25 11:09:47,781 [07e899c7-9b65-45ad-afd5-2a504e2891bf@group-FEB97ED59F20-SegmentedRaftLogWorker] INFO  segmented.SegmentedRaftLogWorker (SegmentedRaftLogWorker.java:execute(569)) - 07e899c7-9b65-45ad-afd5-2a504e2891bf@group-FEB97ED59F20-SegmentedRaftLogWorker: created new log segment /workdir/hadoop-ozone/integration-test/target/test-dir/MiniOzoneClusterImpl-d8e1effc-caf9-4828-b7f0-59ad57edb745/datanode-2/data/ratis/edb9ac37-3f8e-4b43-861b-feb97ed59f20/current/log_inprogress_0
2019-09-25 11:09:47,781 [07e899c7-9b65-45ad-afd5-2a504e2891bf@group-17073B359B9E:LeaderElection269] INFO  impl.RoleInfo (RoleInfo.java:shutdownLeaderElection(134)) - 07e899c7-9b65-45ad-afd5-2a504e2891bf: shutdown LeaderElection
2019-09-25 11:09:47,781 [07e899c7-9b65-45ad-afd5-2a504e2891bf@group-17073B359B9E:LeaderElection269] INFO  impl.RaftServerImpl (RaftServerImpl.java:setRole(174)) - 07e899c7-9b65-45ad-afd5-2a504e2891bf@group-17073B359B9E: changes role from CANDIDATE to LEADER at term 1 for changeToLeader
2019-09-25 11:09:47,782 [07e899c7-9b65-45ad-afd5-2a504e2891bf@group-17073B359B9E:LeaderElection269] INFO  impl.RaftServerImpl (ServerState.java:setLeader(253)) - 07e899c7-9b65-45ad-afd5-2a504e2891bf@group-17073B359B9E: change Leader from null to 07e899c7-9b65-45ad-afd5-2a504e2891bf at term 1 for becomeLeader, leader elected after 5185ms
2019-09-25 11:09:47,782 [07e899c7-9b65-45ad-afd5-2a504e2891bf@group-17073B359B9E:LeaderElection269] INFO  server.RaftServerConfigKeys (ConfUtils.java:logGet(43)) - raft.server.staging.catchup.gap = 1000 (default)
2019-09-25 11:09:47,782 [07e899c7-9b65-45ad-afd5-2a504e2891bf@group-17073B359B9E:LeaderElection269] INFO  server.RaftServerConfigKeys (ConfUtils.java:logGet(43)) - raft.server.rpc.sleep.time = 25ms (default)
2019-09-25 11:09:47,782 [07e899c7-9b65-45ad-afd5-2a504e2891bf@group-17073B359B9E:LeaderElection269] INFO  server.RaftServerConfigKeys (ConfUtils.java:logGet(43)) - raft.server.write.element-limit = 4096 (default)
2019-09-25 11:09:47,782 [07e899c7-9b65-45ad-afd5-2a504e2891bf@group-17073B359B9E:LeaderElection269] INFO  server.RaftServerConfigKeys (ConfUtils.java:logGet(43)) - raft.server.watch.timeout = 10s (default)
2019-09-25 11:09:47,782 [07e899c7-9b65-45ad-afd5-2a504e2891bf@group-17073B359B9E:LeaderElection269] INFO  server.RaftServerConfigKeys (ConfUtils.java:logGet(43)) - raft.server.watch.timeout.denomination = 1s (default)
2019-09-25 11:09:47,783 [07e899c7-9b65-45ad-afd5-2a504e2891bf@group-17073B359B9E:LeaderElection269] INFO  server.RaftServerConfigKeys (ConfUtils.java:logGet(43)) - raft.server.watch.element-limit = 65536 (default)
2019-09-25 11:09:47,785 [07e899c7-9b65-45ad-afd5-2a504e2891bf@group-17073B359B9E:LeaderElection269] INFO  impl.RoleInfo (RoleInfo.java:updateAndGet(143)) - 07e899c7-9b65-45ad-afd5-2a504e2891bf: start LeaderState
2019-09-25 11:09:47,785 [07e899c7-9b65-45ad-afd5-2a504e2891bf@group-17073B359B9E:LeaderElection269] INFO  segmented.SegmentedRaftLogWorker (SegmentedRaftLogWorker.java:startLogSegment(380)) - 07e899c7-9b65-45ad-afd5-2a504e2891bf@group-17073B359B9E-SegmentedRaftLogWorker: Starting segment from index:0
2019-09-25 11:09:47,786 [07e899c7-9b65-45ad-afd5-2a504e2891bf@group-17073B359B9E:LeaderElection269] INFO  impl.RaftServerImpl (ServerState.java:setRaftConf(354)) - 07e899c7-9b65-45ad-afd5-2a504e2891bf@group-17073B359B9E: set configuration 0: [07e899c7-9b65-45ad-afd5-2a504e2891bf:192.168.30.6:43313], old=null at 0
2019-09-25 11:09:47,846 [07e899c7-9b65-45ad-afd5-2a504e2891bf@group-17073B359B9E-SegmentedRaftLogWorker] INFO  segmented.SegmentedRaftLogWorker (SegmentedRaftLogWorker.java:execute(569)) - 07e899c7-9b65-45ad-afd5-2a504e2891bf@group-17073B359B9E-SegmentedRaftLogWorker: created new log segment /workdir/hadoop-ozone/integration-test/target/test-dir/MiniOzoneClusterImpl-d8e1effc-caf9-4828-b7f0-59ad57edb745/datanode-2/data/ratis/e1afab07-9e10-4e76-b79c-17073b359b9e/current/log_inprogress_0
2019-09-25 11:09:48,040 [Thread-3556] INFO  impl.FollowerState (FollowerState.java:run(106)) - deee6178-b1f5-49c6-a192-edc1bfc8677d:group-6F56365799F9 changes to CANDIDATE, lastRpcTime:5007, electionTimeout:5007ms
2019-09-25 11:09:48,040 [Thread-3556] INFO  impl.RoleInfo (RoleInfo.java:shutdownFollowerState(121)) - deee6178-b1f5-49c6-a192-edc1bfc8677d: shutdown FollowerState
2019-09-25 11:09:48,040 [Thread-3556] INFO  impl.RaftServerImpl (RaftServerImpl.java:setRole(174)) - deee6178-b1f5-49c6-a192-edc1bfc8677d@group-6F56365799F9: changes role from  FOLLOWER to CANDIDATE at term 0 for changeToCandidate
2019-09-25 11:09:48,040 [Thread-3556] INFO  impl.RoleInfo (RoleInfo.java:updateAndGet(143)) - deee6178-b1f5-49c6-a192-edc1bfc8677d: start LeaderElection
2019-09-25 11:09:48,112 [Thread-3562] INFO  impl.FollowerState (FollowerState.java:run(106)) - 0b288e97-ea7b-4dc2-9c9e-09d2c36158d8:group-ACF0B8E55071 changes to CANDIDATE, lastRpcTime:5013, electionTimeout:5013ms
2019-09-25 11:09:48,112 [Thread-3562] INFO  impl.RoleInfo (RoleInfo.java:shutdownFollowerState(121)) - 0b288e97-ea7b-4dc2-9c9e-09d2c36158d8: shutdown FollowerState
2019-09-25 11:09:48,112 [Thread-3562] INFO  impl.RaftServerImpl (RaftServerImpl.java:setRole(174)) - 0b288e97-ea7b-4dc2-9c9e-09d2c36158d8@group-ACF0B8E55071: changes role from  FOLLOWER to CANDIDATE at term 0 for changeToCandidate
2019-09-25 11:09:48,112 [Thread-3562] INFO  impl.RoleInfo (RoleInfo.java:updateAndGet(143)) - 0b288e97-ea7b-4dc2-9c9e-09d2c36158d8: start LeaderElection
2019-09-25 11:09:48,135 [Thread-3553] INFO  impl.FollowerState (FollowerState.java:run(106)) - 07e899c7-9b65-45ad-afd5-2a504e2891bf:group-9BFEF2B5C910 changes to CANDIDATE, lastRpcTime:5144, electionTimeout:5144ms
2019-09-25 11:09:48,135 [Thread-3553] INFO  impl.RoleInfo (RoleInfo.java:shutdownFollowerState(121)) - 07e899c7-9b65-45ad-afd5-2a504e2891bf: shutdown FollowerState
2019-09-25 11:09:48,135 [Thread-3553] INFO  impl.RaftServerImpl (RaftServerImpl.java:setRole(174)) - 07e899c7-9b65-45ad-afd5-2a504e2891bf@group-9BFEF2B5C910: changes role from  FOLLOWER to CANDIDATE at term 0 for changeToCandidate
2019-09-25 11:09:48,135 [Thread-3553] INFO  impl.RoleInfo (RoleInfo.java:updateAndGet(143)) - 07e899c7-9b65-45ad-afd5-2a504e2891bf: start LeaderElection
2019-09-25 11:09:48,160 [deee6178-b1f5-49c6-a192-edc1bfc8677d@group-6F56365799F9:LeaderElection270] INFO  impl.LeaderElection (LeaderElection.java:askForVotes(182)) - deee6178-b1f5-49c6-a192-edc1bfc8677d@group-6F56365799F9:LeaderElection270: begin an election at term 1 for -1: [deee6178-b1f5-49c6-a192-edc1bfc8677d:192.168.30.6:37193], old=null
2019-09-25 11:09:48,160 [deee6178-b1f5-49c6-a192-edc1bfc8677d@group-6F56365799F9:LeaderElection270] INFO  impl.RoleInfo (RoleInfo.java:shutdownLeaderElection(134)) - deee6178-b1f5-49c6-a192-edc1bfc8677d: shutdown LeaderElection
2019-09-25 11:09:48,160 [deee6178-b1f5-49c6-a192-edc1bfc8677d@group-6F56365799F9:LeaderElection270] INFO  impl.RaftServerImpl (RaftServerImpl.java:setRole(174)) - deee6178-b1f5-49c6-a192-edc1bfc8677d@group-6F56365799F9: changes role from CANDIDATE to LEADER at term 1 for changeToLeader
2019-09-25 11:09:48,160 [deee6178-b1f5-49c6-a192-edc1bfc8677d@group-6F56365799F9:LeaderElection270] INFO  impl.RaftServerImpl (ServerState.java:setLeader(253)) - deee6178-b1f5-49c6-a192-edc1bfc8677d@group-6F56365799F9: change Leader from null to deee6178-b1f5-49c6-a192-edc1bfc8677d at term 1 for becomeLeader, leader elected after 5133ms
2019-09-25 11:09:48,161 [deee6178-b1f5-49c6-a192-edc1bfc8677d@group-6F56365799F9:LeaderElection270] INFO  server.RaftServerConfigKeys (ConfUtils.java:logGet(43)) - raft.server.staging.catchup.gap = 1000 (default)
2019-09-25 11:09:48,161 [07e899c7-9b65-45ad-afd5-2a504e2891bf@group-9BFEF2B5C910:LeaderElection272] INFO  impl.LeaderElection (LeaderElection.java:askForVotes(182)) - 07e899c7-9b65-45ad-afd5-2a504e2891bf@group-9BFEF2B5C910:LeaderElection272: begin an election at term 1 for -1: [07e899c7-9b65-45ad-afd5-2a504e2891bf:192.168.30.6:43313], old=null
2019-09-25 11:09:48,161 [deee6178-b1f5-49c6-a192-edc1bfc8677d@group-6F56365799F9:LeaderElection270] INFO  server.RaftServerConfigKeys (ConfUtils.java:logGet(43)) - raft.server.rpc.sleep.time = 25ms (default)
2019-09-25 11:09:48,161 [0b288e97-ea7b-4dc2-9c9e-09d2c36158d8@group-ACF0B8E55071:LeaderElection271] INFO  impl.LeaderElection (LeaderElection.java:askForVotes(182)) - 0b288e97-ea7b-4dc2-9c9e-09d2c36158d8@group-ACF0B8E55071:LeaderElection271: begin an election at term 1 for -1: [0b288e97-ea7b-4dc2-9c9e-09d2c36158d8:192.168.30.6:43433], old=null
2019-09-25 11:09:48,161 [deee6178-b1f5-49c6-a192-edc1bfc8677d@group-6F56365799F9:LeaderElection270] INFO  server.RaftServerConfigKeys (ConfUtils.java:logGet(43)) - raft.server.write.element-limit = 4096 (default)
2019-09-25 11:09:48,161 [07e899c7-9b65-45ad-afd5-2a504e2891bf@group-9BFEF2B5C910:LeaderElection272] INFO  impl.RoleInfo (RoleInfo.java:shutdownLeaderElection(134)) - 07e899c7-9b65-45ad-afd5-2a504e2891bf: shutdown LeaderElection
2019-09-25 11:09:48,161 [deee6178-b1f5-49c6-a192-edc1bfc8677d@group-6F56365799F9:LeaderElection270] INFO  server.RaftServerConfigKeys (ConfUtils.java:logGet(43)) - raft.server.watch.timeout = 10s (default)
2019-09-25 11:09:48,161 [0b288e97-ea7b-4dc2-9c9e-09d2c36158d8@group-ACF0B8E55071:LeaderElection271] INFO  impl.RoleInfo (RoleInfo.java:shutdownLeaderElection(134)) - 0b288e97-ea7b-4dc2-9c9e-09d2c36158d8: shutdown LeaderElection
2019-09-25 11:09:48,162 [deee6178-b1f5-49c6-a192-edc1bfc8677d@group-6F56365799F9:LeaderElection270] INFO  server.RaftServerConfigKeys (ConfUtils.java:logGet(43)) - raft.server.watch.timeout.denomination = 1s (default)
2019-09-25 11:09:48,162 [07e899c7-9b65-45ad-afd5-2a504e2891bf@group-9BFEF2B5C910:LeaderElection272] INFO  impl.RaftServerImpl (RaftServerImpl.java:setRole(174)) - 07e899c7-9b65-45ad-afd5-2a504e2891bf@group-9BFEF2B5C910: changes role from CANDIDATE to LEADER at term 1 for changeToLeader
2019-09-25 11:09:48,162 [deee6178-b1f5-49c6-a192-edc1bfc8677d@group-6F56365799F9:LeaderElection270] INFO  server.RaftServerConfigKeys (ConfUtils.java:logGet(43)) - raft.server.watch.element-limit = 65536 (default)
2019-09-25 11:09:48,162 [0b288e97-ea7b-4dc2-9c9e-09d2c36158d8@group-ACF0B8E55071:LeaderElection271] INFO  impl.RaftServerImpl (RaftServerImpl.java:setRole(174)) - 0b288e97-ea7b-4dc2-9c9e-09d2c36158d8@group-ACF0B8E55071: changes role from CANDIDATE to LEADER at term 1 for changeToLeader
2019-09-25 11:09:48,162 [07e899c7-9b65-45ad-afd5-2a504e2891bf@group-9BFEF2B5C910:LeaderElection272] INFO  impl.RaftServerImpl (ServerState.java:setLeader(253)) - 07e899c7-9b65-45ad-afd5-2a504e2891bf@group-9BFEF2B5C910: change Leader from null to 07e899c7-9b65-45ad-afd5-2a504e2891bf at term 1 for becomeLeader, leader elected after 5177ms
2019-09-25 11:09:48,162 [0b288e97-ea7b-4dc2-9c9e-09d2c36158d8@group-ACF0B8E55071:LeaderElection271] INFO  impl.RaftServerImpl (ServerState.java:setLeader(253)) - 0b288e97-ea7b-4dc2-9c9e-09d2c36158d8@group-ACF0B8E55071: change Leader from null to 0b288e97-ea7b-4dc2-9c9e-09d2c36158d8 at term 1 for becomeLeader, leader elected after 5069ms
2019-09-25 11:09:48,162 [07e899c7-9b65-45ad-afd5-2a504e2891bf@group-9BFEF2B5C910:LeaderElection272] INFO  server.RaftServerConfigKeys (ConfUtils.java:logGet(43)) - raft.server.staging.catchup.gap = 1000 (default)
2019-09-25 11:09:48,163 [0b288e97-ea7b-4dc2-9c9e-09d2c36158d8@group-ACF0B8E55071:LeaderElection271] INFO  server.RaftServerConfigKeys (ConfUtils.java:logGet(43)) - raft.server.staging.catchup.gap = 1000 (default)
2019-09-25 11:09:48,163 [07e899c7-9b65-45ad-afd5-2a504e2891bf@group-9BFEF2B5C910:LeaderElection272] INFO  server.RaftServerConfigKeys (ConfUtils.java:logGet(43)) - raft.server.rpc.sleep.time = 25ms (default)
2019-09-25 11:09:48,163 [0b288e97-ea7b-4dc2-9c9e-09d2c36158d8@group-ACF0B8E55071:LeaderElection271] INFO  server.RaftServerConfigKeys (ConfUtils.java:logGet(43)) - raft.server.rpc.sleep.time = 25ms (default)
2019-09-25 11:09:48,163 [07e899c7-9b65-45ad-afd5-2a504e2891bf@group-9BFEF2B5C910:LeaderElection272] INFO  server.RaftServerConfigKeys (ConfUtils.java:logGet(43)) - raft.server.write.element-limit = 4096 (default)
2019-09-25 11:09:48,163 [0b288e97-ea7b-4dc2-9c9e-09d2c36158d8@group-ACF0B8E55071:LeaderElection271] INFO  server.RaftServerConfigKeys (ConfUtils.java:logGet(43)) - raft.server.write.element-limit = 4096 (default)
2019-09-25 11:09:48,163 [07e899c7-9b65-45ad-afd5-2a504e2891bf@group-9BFEF2B5C910:LeaderElection272] INFO  server.RaftServerConfigKeys (ConfUtils.java:logGet(43)) - raft.server.watch.timeout = 10s (default)
2019-09-25 11:09:48,163 [0b288e97-ea7b-4dc2-9c9e-09d2c36158d8@group-ACF0B8E55071:LeaderElection271] INFO  server.RaftServerConfigKeys (ConfUtils.java:logGet(43)) - raft.server.watch.timeout = 10s (default)
2019-09-25 11:09:48,163 [07e899c7-9b65-45ad-afd5-2a504e2891bf@group-9BFEF2B5C910:LeaderElection272] INFO  server.RaftServerConfigKeys (ConfUtils.java:logGet(43)) - raft.server.watch.timeout.denomination = 1s (default)
2019-09-25 11:09:48,164 [0b288e97-ea7b-4dc2-9c9e-09d2c36158d8@group-ACF0B8E55071:LeaderElection271] INFO  server.RaftServerConfigKeys (ConfUtils.java:logGet(43)) - raft.server.watch.timeout.denomination = 1s (default)
2019-09-25 11:09:48,164 [07e899c7-9b65-45ad-afd5-2a504e2891bf@group-9BFEF2B5C910:LeaderElection272] INFO  server.RaftServerConfigKeys (ConfUtils.java:logGet(43)) - raft.server.watch.element-limit = 65536 (default)
2019-09-25 11:09:48,164 [0b288e97-ea7b-4dc2-9c9e-09d2c36158d8@group-ACF0B8E55071:LeaderElection271] INFO  server.RaftServerConfigKeys (ConfUtils.java:logGet(43)) - raft.server.watch.element-limit = 65536 (default)
2019-09-25 11:09:48,164 [deee6178-b1f5-49c6-a192-edc1bfc8677d@group-6F56365799F9:LeaderElection270] INFO  impl.RoleInfo (RoleInfo.java:updateAndGet(143)) - deee6178-b1f5-49c6-a192-edc1bfc8677d: start LeaderState
2019-09-25 11:09:48,164 [deee6178-b1f5-49c6-a192-edc1bfc8677d@group-6F56365799F9:LeaderElection270] INFO  segmented.SegmentedRaftLogWorker (SegmentedRaftLogWorker.java:startLogSegment(380)) - deee6178-b1f5-49c6-a192-edc1bfc8677d@group-6F56365799F9-SegmentedRaftLogWorker: Starting segment from index:0
2019-09-25 11:09:48,165 [deee6178-b1f5-49c6-a192-edc1bfc8677d@group-6F56365799F9:LeaderElection270] INFO  impl.RaftServerImpl (ServerState.java:setRaftConf(354)) - deee6178-b1f5-49c6-a192-edc1bfc8677d@group-6F56365799F9: set configuration 0: [deee6178-b1f5-49c6-a192-edc1bfc8677d:192.168.30.6:37193], old=null at 0
2019-09-25 11:09:48,167 [07e899c7-9b65-45ad-afd5-2a504e2891bf@group-9BFEF2B5C910:LeaderElection272] INFO  impl.RoleInfo (RoleInfo.java:updateAndGet(143)) - 07e899c7-9b65-45ad-afd5-2a504e2891bf: start LeaderState
2019-09-25 11:09:48,167 [0b288e97-ea7b-4dc2-9c9e-09d2c36158d8@group-ACF0B8E55071:LeaderElection271] INFO  impl.RoleInfo (RoleInfo.java:updateAndGet(143)) - 0b288e97-ea7b-4dc2-9c9e-09d2c36158d8: start LeaderState
2019-09-25 11:09:48,167 [07e899c7-9b65-45ad-afd5-2a504e2891bf@group-9BFEF2B5C910:LeaderElection272] INFO  segmented.SegmentedRaftLogWorker (SegmentedRaftLogWorker.java:startLogSegment(380)) - 07e899c7-9b65-45ad-afd5-2a504e2891bf@group-9BFEF2B5C910-SegmentedRaftLogWorker: Starting segment from index:0
2019-09-25 11:09:48,167 [0b288e97-ea7b-4dc2-9c9e-09d2c36158d8@group-ACF0B8E55071:LeaderElection271] INFO  segmented.SegmentedRaftLogWorker (SegmentedRaftLogWorker.java:startLogSegment(380)) - 0b288e97-ea7b-4dc2-9c9e-09d2c36158d8@group-ACF0B8E55071-SegmentedRaftLogWorker: Starting segment from index:0
2019-09-25 11:09:48,167 [07e899c7-9b65-45ad-afd5-2a504e2891bf@group-9BFEF2B5C910:LeaderElection272] INFO  impl.RaftServerImpl (ServerState.java:setRaftConf(354)) - 07e899c7-9b65-45ad-afd5-2a504e2891bf@group-9BFEF2B5C910: set configuration 0: [07e899c7-9b65-45ad-afd5-2a504e2891bf:192.168.30.6:43313], old=null at 0
2019-09-25 11:09:48,167 [0b288e97-ea7b-4dc2-9c9e-09d2c36158d8@group-ACF0B8E55071:LeaderElection271] INFO  impl.RaftServerImpl (ServerState.java:setRaftConf(354)) - 0b288e97-ea7b-4dc2-9c9e-09d2c36158d8@group-ACF0B8E55071: set configuration 0: [0b288e97-ea7b-4dc2-9c9e-09d2c36158d8:192.168.30.6:43433], old=null at 0
2019-09-25 11:09:48,232 [Thread-3565] INFO  impl.FollowerState (FollowerState.java:run(106)) - 0b288e97-ea7b-4dc2-9c9e-09d2c36158d8:group-2073381C0914 changes to CANDIDATE, lastRpcTime:5077, electionTimeout:5077ms
2019-09-25 11:09:48,232 [Thread-3565] INFO  impl.RoleInfo (RoleInfo.java:shutdownFollowerState(121)) - 0b288e97-ea7b-4dc2-9c9e-09d2c36158d8: shutdown FollowerState
2019-09-25 11:09:48,232 [Thread-3565] INFO  impl.RaftServerImpl (RaftServerImpl.java:setRole(174)) - 0b288e97-ea7b-4dc2-9c9e-09d2c36158d8@group-2073381C0914: changes role from  FOLLOWER to CANDIDATE at term 0 for changeToCandidate
2019-09-25 11:09:48,232 [Thread-3565] INFO  impl.RoleInfo (RoleInfo.java:updateAndGet(143)) - 0b288e97-ea7b-4dc2-9c9e-09d2c36158d8: start LeaderElection
2019-09-25 11:09:48,239 [deee6178-b1f5-49c6-a192-edc1bfc8677d@group-6F56365799F9-SegmentedRaftLogWorker] INFO  segmented.SegmentedRaftLogWorker (SegmentedRaftLogWorker.java:execute(569)) - deee6178-b1f5-49c6-a192-edc1bfc8677d@group-6F56365799F9-SegmentedRaftLogWorker: created new log segment /workdir/hadoop-ozone/integration-test/target/test-dir/MiniOzoneClusterImpl-d8e1effc-caf9-4828-b7f0-59ad57edb745/datanode-1/data/ratis/237b172a-e06d-4390-b94d-6f56365799f9/current/log_inprogress_0
2019-09-25 11:09:48,239 [07e899c7-9b65-45ad-afd5-2a504e2891bf@group-9BFEF2B5C910-SegmentedRaftLogWorker] INFO  segmented.SegmentedRaftLogWorker (SegmentedRaftLogWorker.java:execute(569)) - 07e899c7-9b65-45ad-afd5-2a504e2891bf@group-9BFEF2B5C910-SegmentedRaftLogWorker: created new log segment /workdir/hadoop-ozone/integration-test/target/test-dir/MiniOzoneClusterImpl-d8e1effc-caf9-4828-b7f0-59ad57edb745/datanode-2/data/ratis/ebce3327-a6d9-4b98-885f-9bfef2b5c910/current/log_inprogress_0
2019-09-25 11:09:48,239 [0b288e97-ea7b-4dc2-9c9e-09d2c36158d8@group-ACF0B8E55071-SegmentedRaftLogWorker] INFO  segmented.SegmentedRaftLogWorker (SegmentedRaftLogWorker.java:execute(569)) - 0b288e97-ea7b-4dc2-9c9e-09d2c36158d8@group-ACF0B8E55071-SegmentedRaftLogWorker: created new log segment /workdir/hadoop-ozone/integration-test/target/test-dir/MiniOzoneClusterImpl-d8e1effc-caf9-4828-b7f0-59ad57edb745/datanode-3/data/ratis/ef5cb733-2b5e-4c6a-a305-acf0b8e55071/current/log_inprogress_0
2019-09-25 11:09:48,239 [Thread-3559] INFO  impl.FollowerState (FollowerState.java:run(106)) - 0b288e97-ea7b-4dc2-9c9e-09d2c36158d8:group-B3660D54F941 changes to CANDIDATE, lastRpcTime:5175, electionTimeout:5169ms
2019-09-25 11:09:48,240 [Thread-3559] INFO  impl.RoleInfo (RoleInfo.java:shutdownFollowerState(121)) - 0b288e97-ea7b-4dc2-9c9e-09d2c36158d8: shutdown FollowerState
2019-09-25 11:09:48,240 [Thread-3559] INFO  impl.RaftServerImpl (RaftServerImpl.java:setRole(174)) - 0b288e97-ea7b-4dc2-9c9e-09d2c36158d8@group-B3660D54F941: changes role from  FOLLOWER to CANDIDATE at term 0 for changeToCandidate
2019-09-25 11:09:48,240 [Thread-3559] INFO  impl.RoleInfo (RoleInfo.java:updateAndGet(143)) - 0b288e97-ea7b-4dc2-9c9e-09d2c36158d8: start LeaderElection
2019-09-25 11:09:48,250 [0b288e97-ea7b-4dc2-9c9e-09d2c36158d8@group-2073381C0914:LeaderElection273] INFO  impl.LeaderElection (LeaderElection.java:askForVotes(182)) - 0b288e97-ea7b-4dc2-9c9e-09d2c36158d8@group-2073381C0914:LeaderElection273: begin an election at term 1 for -1: [0b288e97-ea7b-4dc2-9c9e-09d2c36158d8:192.168.30.6:43433], old=null
2019-09-25 11:09:48,250 [0b288e97-ea7b-4dc2-9c9e-09d2c36158d8@group-B3660D54F941:LeaderElection274] INFO  impl.LeaderElection (LeaderElection.java:askForVotes(182)) - 0b288e97-ea7b-4dc2-9c9e-09d2c36158d8@group-B3660D54F941:LeaderElection274: begin an election at term 1 for -1: [0b288e97-ea7b-4dc2-9c9e-09d2c36158d8:192.168.30.6:43433], old=null
2019-09-25 11:09:48,250 [0b288e97-ea7b-4dc2-9c9e-09d2c36158d8@group-2073381C0914:LeaderElection273] INFO  impl.RoleInfo (RoleInfo.java:shutdownLeaderElection(134)) - 0b288e97-ea7b-4dc2-9c9e-09d2c36158d8: shutdown LeaderElection
2019-09-25 11:09:48,250 [0b288e97-ea7b-4dc2-9c9e-09d2c36158d8@group-B3660D54F941:LeaderElection274] INFO  impl.RoleInfo (RoleInfo.java:shutdownLeaderElection(134)) - 0b288e97-ea7b-4dc2-9c9e-09d2c36158d8: shutdown LeaderElection
2019-09-25 11:09:48,250 [0b288e97-ea7b-4dc2-9c9e-09d2c36158d8@group-2073381C0914:LeaderElection273] INFO  impl.RaftServerImpl (RaftServerImpl.java:setRole(174)) - 0b288e97-ea7b-4dc2-9c9e-09d2c36158d8@group-2073381C0914: changes role from CANDIDATE to LEADER at term 1 for changeToLeader
2019-09-25 11:09:48,250 [0b288e97-ea7b-4dc2-9c9e-09d2c36158d8@group-B3660D54F941:LeaderElection274] INFO  impl.RaftServerImpl (RaftServerImpl.java:setRole(174)) - 0b288e97-ea7b-4dc2-9c9e-09d2c36158d8@group-B3660D54F941: changes role from CANDIDATE to LEADER at term 1 for changeToLeader
2019-09-25 11:09:48,250 [0b288e97-ea7b-4dc2-9c9e-09d2c36158d8@group-2073381C0914:LeaderElection273] INFO  impl.RaftServerImpl (ServerState.java:setLeader(253)) - 0b288e97-ea7b-4dc2-9c9e-09d2c36158d8@group-2073381C0914: change Leader from null to 0b288e97-ea7b-4dc2-9c9e-09d2c36158d8 at term 1 for becomeLeader, leader elected after 5101ms
2019-09-25 11:09:48,251 [0b288e97-ea7b-4dc2-9c9e-09d2c36158d8@group-B3660D54F941:LeaderElection274] INFO  impl.RaftServerImpl (ServerState.java:setLeader(253)) - 0b288e97-ea7b-4dc2-9c9e-09d2c36158d8@group-B3660D54F941: change Leader from null to 0b288e97-ea7b-4dc2-9c9e-09d2c36158d8 at term 1 for becomeLeader, leader elected after 5191ms
2019-09-25 11:09:48,251 [0b288e97-ea7b-4dc2-9c9e-09d2c36158d8@group-2073381C0914:LeaderElection273] INFO  server.RaftServerConfigKeys (ConfUtils.java:logGet(43)) - raft.server.staging.catchup.gap = 1000 (default)
2019-09-25 11:09:48,251 [0b288e97-ea7b-4dc2-9c9e-09d2c36158d8@group-B3660D54F941:LeaderElection274] INFO  server.RaftServerConfigKeys (ConfUtils.java:logGet(43)) - raft.server.staging.catchup.gap = 1000 (default)
2019-09-25 11:09:48,251 [0b288e97-ea7b-4dc2-9c9e-09d2c36158d8@group-2073381C0914:LeaderElection273] INFO  server.RaftServerConfigKeys (ConfUtils.java:logGet(43)) - raft.server.rpc.sleep.time = 25ms (default)
2019-09-25 11:09:48,251 [0b288e97-ea7b-4dc2-9c9e-09d2c36158d8@group-B3660D54F941:LeaderElection274] INFO  server.RaftServerConfigKeys (ConfUtils.java:logGet(43)) - raft.server.rpc.sleep.time = 25ms (default)
2019-09-25 11:09:48,251 [0b288e97-ea7b-4dc2-9c9e-09d2c36158d8@group-2073381C0914:LeaderElection273] INFO  server.RaftServerConfigKeys (ConfUtils.java:logGet(43)) - raft.server.write.element-limit = 4096 (default)
2019-09-25 11:09:48,251 [0b288e97-ea7b-4dc2-9c9e-09d2c36158d8@group-B3660D54F941:LeaderElection274] INFO  server.RaftServerConfigKeys (ConfUtils.java:logGet(43)) - raft.server.write.element-limit = 4096 (default)
2019-09-25 11:09:48,252 [0b288e97-ea7b-4dc2-9c9e-09d2c36158d8@group-2073381C0914:LeaderElection273] INFO  server.RaftServerConfigKeys (ConfUtils.java:logGet(43)) - raft.server.watch.timeout = 10s (default)
2019-09-25 11:09:48,252 [0b288e97-ea7b-4dc2-9c9e-09d2c36158d8@group-B3660D54F941:LeaderElection274] INFO  server.RaftServerConfigKeys (ConfUtils.java:logGet(43)) - raft.server.watch.timeout = 10s (default)
2019-09-25 11:09:48,252 [0b288e97-ea7b-4dc2-9c9e-09d2c36158d8@group-2073381C0914:LeaderElection273] INFO  server.RaftServerConfigKeys (ConfUtils.java:logGet(43)) - raft.server.watch.timeout.denomination = 1s (default)
2019-09-25 11:09:48,252 [0b288e97-ea7b-4dc2-9c9e-09d2c36158d8@group-B3660D54F941:LeaderElection274] INFO  server.RaftServerConfigKeys (ConfUtils.java:logGet(43)) - raft.server.watch.timeout.denomination = 1s (default)
2019-09-25 11:09:48,252 [0b288e97-ea7b-4dc2-9c9e-09d2c36158d8@group-2073381C0914:LeaderElection273] INFO  server.RaftServerConfigKeys (ConfUtils.java:logGet(43)) - raft.server.watch.element-limit = 65536 (default)
2019-09-25 11:09:48,252 [0b288e97-ea7b-4dc2-9c9e-09d2c36158d8@group-B3660D54F941:LeaderElection274] INFO  server.RaftServerConfigKeys (ConfUtils.java:logGet(43)) - raft.server.watch.element-limit = 65536 (default)
2019-09-25 11:09:48,256 [0b288e97-ea7b-4dc2-9c9e-09d2c36158d8@group-2073381C0914:LeaderElection273] INFO  impl.RoleInfo (RoleInfo.java:updateAndGet(143)) - 0b288e97-ea7b-4dc2-9c9e-09d2c36158d8: start LeaderState
2019-09-25 11:09:48,256 [0b288e97-ea7b-4dc2-9c9e-09d2c36158d8@group-B3660D54F941:LeaderElection274] INFO  impl.RoleInfo (RoleInfo.java:updateAndGet(143)) - 0b288e97-ea7b-4dc2-9c9e-09d2c36158d8: start LeaderState
2019-09-25 11:09:48,256 [0b288e97-ea7b-4dc2-9c9e-09d2c36158d8@group-2073381C0914:LeaderElection273] INFO  segmented.SegmentedRaftLogWorker (SegmentedRaftLogWorker.java:startLogSegment(380)) - 0b288e97-ea7b-4dc2-9c9e-09d2c36158d8@group-2073381C0914-SegmentedRaftLogWorker: Starting segment from index:0
2019-09-25 11:09:48,256 [0b288e97-ea7b-4dc2-9c9e-09d2c36158d8@group-B3660D54F941:LeaderElection274] INFO  segmented.SegmentedRaftLogWorker (SegmentedRaftLogWorker.java:startLogSegment(380)) - 0b288e97-ea7b-4dc2-9c9e-09d2c36158d8@group-B3660D54F941-SegmentedRaftLogWorker: Starting segment from index:0
2019-09-25 11:09:48,257 [0b288e97-ea7b-4dc2-9c9e-09d2c36158d8@group-2073381C0914:LeaderElection273] INFO  impl.RaftServerImpl (ServerState.java:setRaftConf(354)) - 0b288e97-ea7b-4dc2-9c9e-09d2c36158d8@group-2073381C0914: set configuration 0: [0b288e97-ea7b-4dc2-9c9e-09d2c36158d8:192.168.30.6:43433], old=null at 0
2019-09-25 11:09:48,257 [0b288e97-ea7b-4dc2-9c9e-09d2c36158d8@group-B3660D54F941:LeaderElection274] INFO  impl.RaftServerImpl (ServerState.java:setRaftConf(354)) - 0b288e97-ea7b-4dc2-9c9e-09d2c36158d8@group-B3660D54F941: set configuration 0: [0b288e97-ea7b-4dc2-9c9e-09d2c36158d8:192.168.30.6:43433], old=null at 0
2019-09-25 11:09:48,299 [0b288e97-ea7b-4dc2-9c9e-09d2c36158d8@group-B3660D54F941-SegmentedRaftLogWorker] INFO  segmented.SegmentedRaftLogWorker (SegmentedRaftLogWorker.java:execute(569)) - 0b288e97-ea7b-4dc2-9c9e-09d2c36158d8@group-B3660D54F941-SegmentedRaftLogWorker: created new log segment /workdir/hadoop-ozone/integration-test/target/test-dir/MiniOzoneClusterImpl-d8e1effc-caf9-4828-b7f0-59ad57edb745/datanode-3/data/ratis/cee59920-5780-4d54-b4a0-b3660d54f941/current/log_inprogress_0
2019-09-25 11:09:48,299 [0b288e97-ea7b-4dc2-9c9e-09d2c36158d8@group-2073381C0914-SegmentedRaftLogWorker] INFO  segmented.SegmentedRaftLogWorker (SegmentedRaftLogWorker.java:execute(569)) - 0b288e97-ea7b-4dc2-9c9e-09d2c36158d8@group-2073381C0914-SegmentedRaftLogWorker: created new log segment /workdir/hadoop-ozone/integration-test/target/test-dir/MiniOzoneClusterImpl-d8e1effc-caf9-4828-b7f0-59ad57edb745/datanode-3/data/ratis/85493730-66f4-47b0-adaf-2073381c0914/current/log_inprogress_0
2019-09-25 11:09:48,340 [Thread-3568] INFO  impl.FollowerState (FollowerState.java:run(106)) - deee6178-b1f5-49c6-a192-edc1bfc8677d:group-FC079FBD1FC2 changes to CANDIDATE, lastRpcTime:5144, electionTimeout:5144ms
2019-09-25 11:09:48,340 [Thread-3568] INFO  impl.RoleInfo (RoleInfo.java:shutdownFollowerState(121)) - deee6178-b1f5-49c6-a192-edc1bfc8677d: shutdown FollowerState
2019-09-25 11:09:48,340 [Thread-3568] INFO  impl.RaftServerImpl (RaftServerImpl.java:setRole(174)) - deee6178-b1f5-49c6-a192-edc1bfc8677d@group-FC079FBD1FC2: changes role from  FOLLOWER to CANDIDATE at term 0 for changeToCandidate
2019-09-25 11:09:48,340 [Thread-3568] INFO  impl.RoleInfo (RoleInfo.java:updateAndGet(143)) - deee6178-b1f5-49c6-a192-edc1bfc8677d: start LeaderElection
2019-09-25 11:09:48,354 [deee6178-b1f5-49c6-a192-edc1bfc8677d@group-FC079FBD1FC2:LeaderElection275] INFO  impl.LeaderElection (LeaderElection.java:askForVotes(182)) - deee6178-b1f5-49c6-a192-edc1bfc8677d@group-FC079FBD1FC2:LeaderElection275: begin an election at term 1 for -1: [deee6178-b1f5-49c6-a192-edc1bfc8677d:192.168.30.6:37193], old=null
2019-09-25 11:09:48,355 [deee6178-b1f5-49c6-a192-edc1bfc8677d@group-FC079FBD1FC2:LeaderElection275] INFO  impl.RoleInfo (RoleInfo.java:shutdownLeaderElection(134)) - deee6178-b1f5-49c6-a192-edc1bfc8677d: shutdown LeaderElection
2019-09-25 11:09:48,355 [deee6178-b1f5-49c6-a192-edc1bfc8677d@group-FC079FBD1FC2:LeaderElection275] INFO  impl.RaftServerImpl (RaftServerImpl.java:setRole(174)) - deee6178-b1f5-49c6-a192-edc1bfc8677d@group-FC079FBD1FC2: changes role from CANDIDATE to LEADER at term 1 for changeToLeader
2019-09-25 11:09:48,355 [deee6178-b1f5-49c6-a192-edc1bfc8677d@group-FC079FBD1FC2:LeaderElection275] INFO  impl.RaftServerImpl (ServerState.java:setLeader(253)) - deee6178-b1f5-49c6-a192-edc1bfc8677d@group-FC079FBD1FC2: change Leader from null to deee6178-b1f5-49c6-a192-edc1bfc8677d at term 1 for becomeLeader, leader elected after 5164ms
2019-09-25 11:09:48,355 [deee6178-b1f5-49c6-a192-edc1bfc8677d@group-FC079FBD1FC2:LeaderElection275] INFO  server.RaftServerConfigKeys (ConfUtils.java:logGet(43)) - raft.server.staging.catchup.gap = 1000 (default)
2019-09-25 11:09:48,355 [deee6178-b1f5-49c6-a192-edc1bfc8677d@group-FC079FBD1FC2:LeaderElection275] INFO  server.RaftServerConfigKeys (ConfUtils.java:logGet(43)) - raft.server.rpc.sleep.time = 25ms (default)
2019-09-25 11:09:48,356 [deee6178-b1f5-49c6-a192-edc1bfc8677d@group-FC079FBD1FC2:LeaderElection275] INFO  server.RaftServerConfigKeys (ConfUtils.java:logGet(43)) - raft.server.write.element-limit = 4096 (default)
2019-09-25 11:09:48,356 [deee6178-b1f5-49c6-a192-edc1bfc8677d@group-FC079FBD1FC2:LeaderElection275] INFO  server.RaftServerConfigKeys (ConfUtils.java:logGet(43)) - raft.server.watch.timeout = 10s (default)
2019-09-25 11:09:48,356 [deee6178-b1f5-49c6-a192-edc1bfc8677d@group-FC079FBD1FC2:LeaderElection275] INFO  server.RaftServerConfigKeys (ConfUtils.java:logGet(43)) - raft.server.watch.timeout.denomination = 1s (default)
2019-09-25 11:09:48,356 [deee6178-b1f5-49c6-a192-edc1bfc8677d@group-FC079FBD1FC2:LeaderElection275] INFO  server.RaftServerConfigKeys (ConfUtils.java:logGet(43)) - raft.server.watch.element-limit = 65536 (default)
2019-09-25 11:09:48,357 [deee6178-b1f5-49c6-a192-edc1bfc8677d@group-FC079FBD1FC2:LeaderElection275] INFO  impl.RoleInfo (RoleInfo.java:updateAndGet(143)) - deee6178-b1f5-49c6-a192-edc1bfc8677d: start LeaderState
2019-09-25 11:09:48,358 [deee6178-b1f5-49c6-a192-edc1bfc8677d@group-FC079FBD1FC2:LeaderElection275] INFO  segmented.SegmentedRaftLogWorker (SegmentedRaftLogWorker.java:startLogSegment(380)) - deee6178-b1f5-49c6-a192-edc1bfc8677d@group-FC079FBD1FC2-SegmentedRaftLogWorker: Starting segment from index:0
2019-09-25 11:09:48,358 [deee6178-b1f5-49c6-a192-edc1bfc8677d@group-FC079FBD1FC2:LeaderElection275] INFO  impl.RaftServerImpl (ServerState.java:setRaftConf(354)) - deee6178-b1f5-49c6-a192-edc1bfc8677d@group-FC079FBD1FC2: set configuration 0: [deee6178-b1f5-49c6-a192-edc1bfc8677d:192.168.30.6:37193], old=null at 0
2019-09-25 11:09:48,404 [deee6178-b1f5-49c6-a192-edc1bfc8677d@group-FC079FBD1FC2-SegmentedRaftLogWorker] INFO  segmented.SegmentedRaftLogWorker (SegmentedRaftLogWorker.java:execute(569)) - deee6178-b1f5-49c6-a192-edc1bfc8677d@group-FC079FBD1FC2-SegmentedRaftLogWorker: created new log segment /workdir/hadoop-ozone/integration-test/target/test-dir/MiniOzoneClusterImpl-d8e1effc-caf9-4828-b7f0-59ad57edb745/datanode-1/data/ratis/7e80e3d9-4564-45f0-8763-fc079fbd1fc2/current/log_inprogress_0
2019-09-25 11:09:48,452 [Thread-3571] INFO  impl.FollowerState (FollowerState.java:run(106)) - f195ac4f-a279-4102-9716-e02d49b9162a:group-5E793FBC3143 changes to CANDIDATE, lastRpcTime:5149, electionTimeout:5149ms
2019-09-25 11:09:48,452 [Thread-3571] INFO  impl.RoleInfo (RoleInfo.java:shutdownFollowerState(121)) - f195ac4f-a279-4102-9716-e02d49b9162a: shutdown FollowerState
2019-09-25 11:09:48,452 [Thread-3571] INFO  impl.RaftServerImpl (RaftServerImpl.java:setRole(174)) - f195ac4f-a279-4102-9716-e02d49b9162a@group-5E793FBC3143: changes role from  FOLLOWER to CANDIDATE at term 0 for changeToCandidate
2019-09-25 11:09:48,452 [Thread-3571] INFO  impl.RoleInfo (RoleInfo.java:updateAndGet(143)) - f195ac4f-a279-4102-9716-e02d49b9162a: start LeaderElection
2019-09-25 11:09:48,480 [f195ac4f-a279-4102-9716-e02d49b9162a@group-5E793FBC3143:LeaderElection276] INFO  impl.LeaderElection (LeaderElection.java:askForVotes(182)) - f195ac4f-a279-4102-9716-e02d49b9162a@group-5E793FBC3143:LeaderElection276: begin an election at term 1 for -1: [f195ac4f-a279-4102-9716-e02d49b9162a:192.168.30.6:37523], old=null
2019-09-25 11:09:48,480 [f195ac4f-a279-4102-9716-e02d49b9162a@group-5E793FBC3143:LeaderElection276] INFO  impl.RoleInfo (RoleInfo.java:shutdownLeaderElection(134)) - f195ac4f-a279-4102-9716-e02d49b9162a: shutdown LeaderElection
2019-09-25 11:09:48,480 [f195ac4f-a279-4102-9716-e02d49b9162a@group-5E793FBC3143:LeaderElection276] INFO  impl.RaftServerImpl (RaftServerImpl.java:setRole(174)) - f195ac4f-a279-4102-9716-e02d49b9162a@group-5E793FBC3143: changes role from CANDIDATE to LEADER at term 1 for changeToLeader
2019-09-25 11:09:48,480 [f195ac4f-a279-4102-9716-e02d49b9162a@group-5E793FBC3143:LeaderElection276] INFO  impl.RaftServerImpl (ServerState.java:setLeader(253)) - f195ac4f-a279-4102-9716-e02d49b9162a@group-5E793FBC3143: change Leader from null to f195ac4f-a279-4102-9716-e02d49b9162a at term 1 for becomeLeader, leader elected after 5185ms
2019-09-25 11:09:48,480 [f195ac4f-a279-4102-9716-e02d49b9162a@group-5E793FBC3143:LeaderElection276] INFO  server.RaftServerConfigKeys (ConfUtils.java:logGet(43)) - raft.server.staging.catchup.gap = 1000 (default)
2019-09-25 11:09:48,480 [f195ac4f-a279-4102-9716-e02d49b9162a@group-5E793FBC3143:LeaderElection276] INFO  server.RaftServerConfigKeys (ConfUtils.java:logGet(43)) - raft.server.rpc.sleep.time = 25ms (default)
2019-09-25 11:09:48,481 [f195ac4f-a279-4102-9716-e02d49b9162a@group-5E793FBC3143:LeaderElection276] INFO  server.RaftServerConfigKeys (ConfUtils.java:logGet(43)) - raft.server.write.element-limit = 4096 (default)
2019-09-25 11:09:48,481 [f195ac4f-a279-4102-9716-e02d49b9162a@group-5E793FBC3143:LeaderElection276] INFO  server.RaftServerConfigKeys (ConfUtils.java:logGet(43)) - raft.server.watch.timeout = 10s (default)
2019-09-25 11:09:48,481 [f195ac4f-a279-4102-9716-e02d49b9162a@group-5E793FBC3143:LeaderElection276] INFO  server.RaftServerConfigKeys (ConfUtils.java:logGet(43)) - raft.server.watch.timeout.denomination = 1s (default)
2019-09-25 11:09:48,481 [f195ac4f-a279-4102-9716-e02d49b9162a@group-5E793FBC3143:LeaderElection276] INFO  server.RaftServerConfigKeys (ConfUtils.java:logGet(43)) - raft.server.watch.element-limit = 65536 (default)
2019-09-25 11:09:48,483 [f195ac4f-a279-4102-9716-e02d49b9162a@group-5E793FBC3143:LeaderElection276] INFO  impl.RoleInfo (RoleInfo.java:updateAndGet(143)) - f195ac4f-a279-4102-9716-e02d49b9162a: start LeaderState
2019-09-25 11:09:48,483 [f195ac4f-a279-4102-9716-e02d49b9162a@group-5E793FBC3143:LeaderElection276] INFO  segmented.SegmentedRaftLogWorker (SegmentedRaftLogWorker.java:startLogSegment(380)) - f195ac4f-a279-4102-9716-e02d49b9162a@group-5E793FBC3143-SegmentedRaftLogWorker: Starting segment from index:0
2019-09-25 11:09:48,483 [f195ac4f-a279-4102-9716-e02d49b9162a@group-5E793FBC3143:LeaderElection276] INFO  impl.RaftServerImpl (ServerState.java:setRaftConf(354)) - f195ac4f-a279-4102-9716-e02d49b9162a@group-5E793FBC3143: set configuration 0: [f195ac4f-a279-4102-9716-e02d49b9162a:192.168.30.6:37523], old=null at 0
2019-09-25 11:09:48,491 [Thread-3574] INFO  impl.FollowerState (FollowerState.java:run(106)) - deee6178-b1f5-49c6-a192-edc1bfc8677d:group-8BD76F496486 changes to CANDIDATE, lastRpcTime:5153, electionTimeout:5153ms
2019-09-25 11:09:48,492 [Thread-3574] INFO  impl.RoleInfo (RoleInfo.java:shutdownFollowerState(121)) - deee6178-b1f5-49c6-a192-edc1bfc8677d: shutdown FollowerState
2019-09-25 11:09:48,492 [Thread-3574] INFO  impl.RaftServerImpl (RaftServerImpl.java:setRole(174)) - deee6178-b1f5-49c6-a192-edc1bfc8677d@group-8BD76F496486: changes role from  FOLLOWER to CANDIDATE at term 0 for changeToCandidate
2019-09-25 11:09:48,492 [Thread-3574] INFO  impl.RoleInfo (RoleInfo.java:updateAndGet(143)) - deee6178-b1f5-49c6-a192-edc1bfc8677d: start LeaderElection
2019-09-25 11:09:48,526 [Thread-3580] INFO  impl.FollowerState (FollowerState.java:run(106)) - e2b10f42-ed4b-4300-a7cb-c770d2b1b0a2:group-409973C1F9D6 changes to CANDIDATE, lastRpcTime:5114, electionTimeout:5105ms
2019-09-25 11:09:48,526 [Thread-3586] INFO  impl.FollowerState (FollowerState.java:run(106)) - 9c4ccc43-f5ac-4960-a511-a1ff33ec0d19:group-EF713B4182C4 changes to CANDIDATE, lastRpcTime:5040, electionTimeout:5020ms
2019-09-25 11:09:48,526 [Thread-3580] INFO  impl.RoleInfo (RoleInfo.java:shutdownFollowerState(121)) - e2b10f42-ed4b-4300-a7cb-c770d2b1b0a2: shutdown FollowerState
2019-09-25 11:09:48,526 [Thread-3586] INFO  impl.RoleInfo (RoleInfo.java:shutdownFollowerState(121)) - 9c4ccc43-f5ac-4960-a511-a1ff33ec0d19: shutdown FollowerState
2019-09-25 11:09:48,526 [Thread-3580] INFO  impl.RaftServerImpl (RaftServerImpl.java:setRole(174)) - e2b10f42-ed4b-4300-a7cb-c770d2b1b0a2@group-409973C1F9D6: changes role from  FOLLOWER to CANDIDATE at term 0 for changeToCandidate
2019-09-25 11:09:48,527 [Thread-3586] INFO  impl.RaftServerImpl (RaftServerImpl.java:setRole(174)) - 9c4ccc43-f5ac-4960-a511-a1ff33ec0d19@group-EF713B4182C4: changes role from  FOLLOWER to CANDIDATE at term 0 for changeToCandidate
2019-09-25 11:09:48,527 [Thread-3580] INFO  impl.RoleInfo (RoleInfo.java:updateAndGet(143)) - e2b10f42-ed4b-4300-a7cb-c770d2b1b0a2: start LeaderElection
2019-09-25 11:09:48,527 [Thread-3586] INFO  impl.RoleInfo (RoleInfo.java:updateAndGet(143)) - 9c4ccc43-f5ac-4960-a511-a1ff33ec0d19: start LeaderElection
2019-09-25 11:09:48,555 [f195ac4f-a279-4102-9716-e02d49b9162a@group-5E793FBC3143-SegmentedRaftLogWorker] INFO  segmented.SegmentedRaftLogWorker (SegmentedRaftLogWorker.java:execute(569)) - f195ac4f-a279-4102-9716-e02d49b9162a@group-5E793FBC3143-SegmentedRaftLogWorker: created new log segment /workdir/hadoop-ozone/integration-test/target/test-dir/MiniOzoneClusterImpl-d8e1effc-caf9-4828-b7f0-59ad57edb745/datanode-5/data/ratis/d11be61b-7d0a-4fde-8c40-5e793fbc3143/current/log_inprogress_0
2019-09-25 11:09:48,555 [deee6178-b1f5-49c6-a192-edc1bfc8677d@group-8BD76F496486:LeaderElection277] INFO  impl.LeaderElection (LeaderElection.java:askForVotes(182)) - deee6178-b1f5-49c6-a192-edc1bfc8677d@group-8BD76F496486:LeaderElection277: begin an election at term 1 for -1: [deee6178-b1f5-49c6-a192-edc1bfc8677d:192.168.30.6:37193], old=null
2019-09-25 11:09:48,556 [deee6178-b1f5-49c6-a192-edc1bfc8677d@group-8BD76F496486:LeaderElection277] INFO  impl.RoleInfo (RoleInfo.java:shutdownLeaderElection(134)) - deee6178-b1f5-49c6-a192-edc1bfc8677d: shutdown LeaderElection
2019-09-25 11:09:48,556 [Thread-3583] INFO  impl.FollowerState (FollowerState.java:run(106)) - 07e899c7-9b65-45ad-afd5-2a504e2891bf:group-8594F3DFDB7C changes to CANDIDATE, lastRpcTime:5108, electionTimeout:5108ms
2019-09-25 11:09:48,556 [deee6178-b1f5-49c6-a192-edc1bfc8677d@group-8BD76F496486:LeaderElection277] INFO  impl.RaftServerImpl (RaftServerImpl.java:setRole(174)) - deee6178-b1f5-49c6-a192-edc1bfc8677d@group-8BD76F496486: changes role from CANDIDATE to LEADER at term 1 for changeToLeader
2019-09-25 11:09:48,556 [Thread-3583] INFO  impl.RoleInfo (RoleInfo.java:shutdownFollowerState(121)) - 07e899c7-9b65-45ad-afd5-2a504e2891bf: shutdown FollowerState
2019-09-25 11:09:48,556 [deee6178-b1f5-49c6-a192-edc1bfc8677d@group-8BD76F496486:LeaderElection277] INFO  impl.RaftServerImpl (ServerState.java:setLeader(253)) - deee6178-b1f5-49c6-a192-edc1bfc8677d@group-8BD76F496486: change Leader from null to deee6178-b1f5-49c6-a192-edc1bfc8677d at term 1 for becomeLeader, leader elected after 5223ms
2019-09-25 11:09:48,557 [Thread-3583] INFO  impl.RaftServerImpl (RaftServerImpl.java:setRole(174)) - 07e899c7-9b65-45ad-afd5-2a504e2891bf@group-8594F3DFDB7C: changes role from  FOLLOWER to CANDIDATE at term 0 for changeToCandidate
2019-09-25 11:09:48,557 [Thread-3577] INFO  impl.FollowerState (FollowerState.java:run(106)) - 07e899c7-9b65-45ad-afd5-2a504e2891bf:group-8D47D52A54A3 changes to CANDIDATE, lastRpcTime:5189, electionTimeout:5189ms
2019-09-25 11:09:48,557 [deee6178-b1f5-49c6-a192-edc1bfc8677d@group-8BD76F496486:LeaderElection277] INFO  server.RaftServerConfigKeys (ConfUtils.java:logGet(43)) - raft.server.staging.catchup.gap = 1000 (default)
2019-09-25 11:09:48,557 [Thread-3583] INFO  impl.RoleInfo (RoleInfo.java:updateAndGet(143)) - 07e899c7-9b65-45ad-afd5-2a504e2891bf: start LeaderElection
2019-09-25 11:09:48,557 [deee6178-b1f5-49c6-a192-edc1bfc8677d@group-8BD76F496486:LeaderElection277] INFO  server.RaftServerConfigKeys (ConfUtils.java:logGet(43)) - raft.server.rpc.sleep.time = 25ms (default)
2019-09-25 11:09:48,557 [Thread-3577] INFO  impl.RoleInfo (RoleInfo.java:shutdownFollowerState(121)) - 07e899c7-9b65-45ad-afd5-2a504e2891bf: shutdown FollowerState
2019-09-25 11:09:48,557 [deee6178-b1f5-49c6-a192-edc1bfc8677d@group-8BD76F496486:LeaderElection277] INFO  server.RaftServerConfigKeys (ConfUtils.java:logGet(43)) - raft.server.write.element-limit = 4096 (default)
2019-09-25 11:09:48,558 [Thread-3577] INFO  impl.RaftServerImpl (RaftServerImpl.java:setRole(174)) - 07e899c7-9b65-45ad-afd5-2a504e2891bf@group-8D47D52A54A3: changes role from  FOLLOWER to CANDIDATE at term 0 for changeToCandidate
2019-09-25 11:09:48,558 [deee6178-b1f5-49c6-a192-edc1bfc8677d@group-8BD76F496486:LeaderElection277] INFO  server.RaftServerConfigKeys (ConfUtils.java:logGet(43)) - raft.server.watch.timeout = 10s (default)
2019-09-25 11:09:48,558 [Thread-3577] INFO  impl.RoleInfo (RoleInfo.java:updateAndGet(143)) - 07e899c7-9b65-45ad-afd5-2a504e2891bf: start LeaderElection
2019-09-25 11:09:48,558 [deee6178-b1f5-49c6-a192-edc1bfc8677d@group-8BD76F496486:LeaderElection277] INFO  server.RaftServerConfigKeys (ConfUtils.java:logGet(43)) - raft.server.watch.timeout.denomination = 1s (default)
2019-09-25 11:09:48,558 [deee6178-b1f5-49c6-a192-edc1bfc8677d@group-8BD76F496486:LeaderElection277] INFO  server.RaftServerConfigKeys (ConfUtils.java:logGet(43)) - raft.server.watch.element-limit = 65536 (default)
2019-09-25 11:09:48,560 [deee6178-b1f5-49c6-a192-edc1bfc8677d@group-8BD76F496486:LeaderElection277] INFO  impl.RoleInfo (RoleInfo.java:updateAndGet(143)) - deee6178-b1f5-49c6-a192-edc1bfc8677d: start LeaderState
2019-09-25 11:09:48,560 [deee6178-b1f5-49c6-a192-edc1bfc8677d@group-8BD76F496486:LeaderElection277] INFO  segmented.SegmentedRaftLogWorker (SegmentedRaftLogWorker.java:startLogSegment(380)) - deee6178-b1f5-49c6-a192-edc1bfc8677d@group-8BD76F496486-SegmentedRaftLogWorker: Starting segment from index:0
2019-09-25 11:09:48,561 [deee6178-b1f5-49c6-a192-edc1bfc8677d@group-8BD76F496486:LeaderElection277] INFO  impl.RaftServerImpl (ServerState.java:setRaftConf(354)) - deee6178-b1f5-49c6-a192-edc1bfc8677d@group-8BD76F496486: set configuration 0: [deee6178-b1f5-49c6-a192-edc1bfc8677d:192.168.30.6:37193], old=null at 0
2019-09-25 11:09:48,564 [e2b10f42-ed4b-4300-a7cb-c770d2b1b0a2@group-409973C1F9D6:LeaderElection278] INFO  impl.LeaderElection (LeaderElection.java:askForVotes(182)) - e2b10f42-ed4b-4300-a7cb-c770d2b1b0a2@group-409973C1F9D6:LeaderElection278: begin an election at term 1 for -1: [e2b10f42-ed4b-4300-a7cb-c770d2b1b0a2:192.168.30.6:33746], old=null
2019-09-25 11:09:48,564 [07e899c7-9b65-45ad-afd5-2a504e2891bf@group-8594F3DFDB7C:LeaderElection280] INFO  impl.LeaderElection (LeaderElection.java:askForVotes(182)) - 07e899c7-9b65-45ad-afd5-2a504e2891bf@group-8594F3DFDB7C:LeaderElection280: begin an election at term 1 for -1: [07e899c7-9b65-45ad-afd5-2a504e2891bf:192.168.30.6:43313], old=null
2019-09-25 11:09:48,564 [9c4ccc43-f5ac-4960-a511-a1ff33ec0d19@group-EF713B4182C4:LeaderElection279] INFO  impl.LeaderElection (LeaderElection.java:askForVotes(182)) - 9c4ccc43-f5ac-4960-a511-a1ff33ec0d19@group-EF713B4182C4:LeaderElection279: begin an election at term 1 for -1: [9c4ccc43-f5ac-4960-a511-a1ff33ec0d19:192.168.30.6:45264], old=null
2019-09-25 11:09:48,564 [07e899c7-9b65-45ad-afd5-2a504e2891bf@group-8D47D52A54A3:LeaderElection281] INFO  impl.LeaderElection (LeaderElection.java:askForVotes(182)) - 07e899c7-9b65-45ad-afd5-2a504e2891bf@group-8D47D52A54A3:LeaderElection281: begin an election at term 1 for -1: [07e899c7-9b65-45ad-afd5-2a504e2891bf:192.168.30.6:43313], old=null
2019-09-25 11:09:48,564 [9c4ccc43-f5ac-4960-a511-a1ff33ec0d19@group-EF713B4182C4:LeaderElection279] INFO  impl.RoleInfo (RoleInfo.java:shutdownLeaderElection(134)) - 9c4ccc43-f5ac-4960-a511-a1ff33ec0d19: shutdown LeaderElection
2019-09-25 11:09:48,564 [07e899c7-9b65-45ad-afd5-2a504e2891bf@group-8D47D52A54A3:LeaderElection281] INFO  impl.RoleInfo (RoleInfo.java:shutdownLeaderElection(134)) - 07e899c7-9b65-45ad-afd5-2a504e2891bf: shutdown LeaderElection
2019-09-25 11:09:48,564 [07e899c7-9b65-45ad-afd5-2a504e2891bf@group-8594F3DFDB7C:LeaderElection280] INFO  impl.RoleInfo (RoleInfo.java:shutdownLeaderElection(134)) - 07e899c7-9b65-45ad-afd5-2a504e2891bf: shutdown LeaderElection
2019-09-25 11:09:48,564 [e2b10f42-ed4b-4300-a7cb-c770d2b1b0a2@group-409973C1F9D6:LeaderElection278] INFO  impl.RoleInfo (RoleInfo.java:shutdownLeaderElection(134)) - e2b10f42-ed4b-4300-a7cb-c770d2b1b0a2: shutdown LeaderElection
2019-09-25 11:09:48,565 [07e899c7-9b65-45ad-afd5-2a504e2891bf@group-8594F3DFDB7C:LeaderElection280] INFO  impl.RaftServerImpl (RaftServerImpl.java:setRole(174)) - 07e899c7-9b65-45ad-afd5-2a504e2891bf@group-8594F3DFDB7C: changes role from CANDIDATE to LEADER at term 1 for changeToLeader
2019-09-25 11:09:48,565 [07e899c7-9b65-45ad-afd5-2a504e2891bf@group-8594F3DFDB7C:LeaderElection280] INFO  impl.RaftServerImpl (ServerState.java:setLeader(253)) - 07e899c7-9b65-45ad-afd5-2a504e2891bf@group-8594F3DFDB7C: change Leader from null to 07e899c7-9b65-45ad-afd5-2a504e2891bf at term 1 for becomeLeader, leader elected after 5121ms
2019-09-25 11:09:48,564 [07e899c7-9b65-45ad-afd5-2a504e2891bf@group-8D47D52A54A3:LeaderElection281] INFO  impl.RaftServerImpl (RaftServerImpl.java:setRole(174)) - 07e899c7-9b65-45ad-afd5-2a504e2891bf@group-8D47D52A54A3: changes role from CANDIDATE to LEADER at term 1 for changeToLeader
2019-09-25 11:09:48,564 [9c4ccc43-f5ac-4960-a511-a1ff33ec0d19@group-EF713B4182C4:LeaderElection279] INFO  impl.RaftServerImpl (RaftServerImpl.java:setRole(174)) - 9c4ccc43-f5ac-4960-a511-a1ff33ec0d19@group-EF713B4182C4: changes role from CANDIDATE to LEADER at term 1 for changeToLeader
2019-09-25 11:09:48,565 [07e899c7-9b65-45ad-afd5-2a504e2891bf@group-8D47D52A54A3:LeaderElection281] INFO  impl.RaftServerImpl (ServerState.java:setLeader(253)) - 07e899c7-9b65-45ad-afd5-2a504e2891bf@group-8D47D52A54A3: change Leader from null to 07e899c7-9b65-45ad-afd5-2a504e2891bf at term 1 for becomeLeader, leader elected after 5202ms
2019-09-25 11:09:48,565 [07e899c7-9b65-45ad-afd5-2a504e2891bf@group-8594F3DFDB7C:LeaderElection280] INFO  server.RaftServerConfigKeys (ConfUtils.java:logGet(43)) - raft.server.staging.catchup.gap = 1000 (default)
2019-09-25 11:09:48,565 [e2b10f42-ed4b-4300-a7cb-c770d2b1b0a2@group-409973C1F9D6:LeaderElection278] INFO  impl.RaftServerImpl (RaftServerImpl.java:setRole(174)) - e2b10f42-ed4b-4300-a7cb-c770d2b1b0a2@group-409973C1F9D6: changes role from CANDIDATE to LEADER at term 1 for changeToLeader
2019-09-25 11:09:48,566 [07e899c7-9b65-45ad-afd5-2a504e2891bf@group-8594F3DFDB7C:LeaderElection280] INFO  server.RaftServerConfigKeys (ConfUtils.java:logGet(43)) - raft.server.rpc.sleep.time = 25ms (default)
2019-09-25 11:09:48,566 [07e899c7-9b65-45ad-afd5-2a504e2891bf@group-8D47D52A54A3:LeaderElection281] INFO  server.RaftServerConfigKeys (ConfUtils.java:logGet(43)) - raft.server.staging.catchup.gap = 1000 (default)
2019-09-25 11:09:48,565 [9c4ccc43-f5ac-4960-a511-a1ff33ec0d19@group-EF713B4182C4:LeaderElection279] INFO  impl.RaftServerImpl (ServerState.java:setLeader(253)) - 9c4ccc43-f5ac-4960-a511-a1ff33ec0d19@group-EF713B4182C4: change Leader from null to 9c4ccc43-f5ac-4960-a511-a1ff33ec0d19 at term 1 for becomeLeader, leader elected after 5085ms
2019-09-25 11:09:48,566 [07e899c7-9b65-45ad-afd5-2a504e2891bf@group-8D47D52A54A3:LeaderElection281] INFO  server.RaftServerConfigKeys (ConfUtils.java:logGet(43)) - raft.server.rpc.sleep.time = 25ms (default)
2019-09-25 11:09:48,566 [07e899c7-9b65-45ad-afd5-2a504e2891bf@group-8594F3DFDB7C:LeaderElection280] INFO  server.RaftServerConfigKeys (ConfUtils.java:logGet(43)) - raft.server.write.element-limit = 4096 (default)
2019-09-25 11:09:48,566 [e2b10f42-ed4b-4300-a7cb-c770d2b1b0a2@group-409973C1F9D6:LeaderElection278] INFO  impl.RaftServerImpl (ServerState.java:setLeader(253)) - e2b10f42-ed4b-4300-a7cb-c770d2b1b0a2@group-409973C1F9D6: change Leader from null to e2b10f42-ed4b-4300-a7cb-c770d2b1b0a2 at term 1 for becomeLeader, leader elected after 5162ms
2019-09-25 11:09:48,567 [07e899c7-9b65-45ad-afd5-2a504e2891bf@group-8594F3DFDB7C:LeaderElection280] INFO  server.RaftServerConfigKeys (ConfUtils.java:logGet(43)) - raft.server.watch.timeout = 10s (default)
2019-09-25 11:09:48,567 [07e899c7-9b65-45ad-afd5-2a504e2891bf@group-8594F3DFDB7C:LeaderElection280] INFO  server.RaftServerConfigKeys (ConfUtils.java:logGet(43)) - raft.server.watch.timeout.denomination = 1s (default)
2019-09-25 11:09:48,566 [07e899c7-9b65-45ad-afd5-2a504e2891bf@group-8D47D52A54A3:LeaderElection281] INFO  server.RaftServerConfigKeys (ConfUtils.java:logGet(43)) - raft.server.write.element-limit = 4096 (default)
2019-09-25 11:09:48,566 [9c4ccc43-f5ac-4960-a511-a1ff33ec0d19@group-EF713B4182C4:LeaderElection279] INFO  server.RaftServerConfigKeys (ConfUtils.java:logGet(43)) - raft.server.staging.catchup.gap = 1000 (default)
2019-09-25 11:09:48,567 [07e899c7-9b65-45ad-afd5-2a504e2891bf@group-8D47D52A54A3:LeaderElection281] INFO  server.RaftServerConfigKeys (ConfUtils.java:logGet(43)) - raft.server.watch.timeout = 10s (default)
2019-09-25 11:09:48,567 [07e899c7-9b65-45ad-afd5-2a504e2891bf@group-8D47D52A54A3:LeaderElection281] INFO  server.RaftServerConfigKeys (ConfUtils.java:logGet(43)) - raft.server.watch.timeout.denomination = 1s (default)
2019-09-25 11:09:48,567 [07e899c7-9b65-45ad-afd5-2a504e2891bf@group-8594F3DFDB7C:LeaderElection280] INFO  server.RaftServerConfigKeys (ConfUtils.java:logGet(43)) - raft.server.watch.element-limit = 65536 (default)
2019-09-25 11:09:48,567 [e2b10f42-ed4b-4300-a7cb-c770d2b1b0a2@group-409973C1F9D6:LeaderElection278] INFO  server.RaftServerConfigKeys (ConfUtils.java:logGet(43)) - raft.server.staging.catchup.gap = 1000 (default)
2019-09-25 11:09:48,568 [07e899c7-9b65-45ad-afd5-2a504e2891bf@group-8D47D52A54A3:LeaderElection281] INFO  server.RaftServerConfigKeys (ConfUtils.java:logGet(43)) - raft.server.watch.element-limit = 65536 (default)
2019-09-25 11:09:48,567 [9c4ccc43-f5ac-4960-a511-a1ff33ec0d19@group-EF713B4182C4:LeaderElection279] INFO  server.RaftServerConfigKeys (ConfUtils.java:logGet(43)) - raft.server.rpc.sleep.time = 25ms (default)
2019-09-25 11:09:48,568 [e2b10f42-ed4b-4300-a7cb-c770d2b1b0a2@group-409973C1F9D6:LeaderElection278] INFO  server.RaftServerConfigKeys (ConfUtils.java:logGet(43)) - raft.server.rpc.sleep.time = 25ms (default)
2019-09-25 11:09:48,568 [9c4ccc43-f5ac-4960-a511-a1ff33ec0d19@group-EF713B4182C4:LeaderElection279] INFO  server.RaftServerConfigKeys (ConfUtils.java:logGet(43)) - raft.server.write.element-limit = 4096 (default)
2019-09-25 11:09:48,568 [e2b10f42-ed4b-4300-a7cb-c770d2b1b0a2@group-409973C1F9D6:LeaderElection278] INFO  server.RaftServerConfigKeys (ConfUtils.java:logGet(43)) - raft.server.write.element-limit = 4096 (default)
2019-09-25 11:09:48,568 [9c4ccc43-f5ac-4960-a511-a1ff33ec0d19@group-EF713B4182C4:LeaderElection279] INFO  server.RaftServerConfigKeys (ConfUtils.java:logGet(43)) - raft.server.watch.timeout = 10s (default)
2019-09-25 11:09:48,569 [e2b10f42-ed4b-4300-a7cb-c770d2b1b0a2@group-409973C1F9D6:LeaderElection278] INFO  server.RaftServerConfigKeys (ConfUtils.java:logGet(43)) - raft.server.watch.timeout = 10s (default)
2019-09-25 11:09:48,569 [9c4ccc43-f5ac-4960-a511-a1ff33ec0d19@group-EF713B4182C4:LeaderElection279] INFO  server.RaftServerConfigKeys (ConfUtils.java:logGet(43)) - raft.server.watch.timeout.denomination = 1s (default)
2019-09-25 11:09:48,569 [e2b10f42-ed4b-4300-a7cb-c770d2b1b0a2@group-409973C1F9D6:LeaderElection278] INFO  server.RaftServerConfigKeys (ConfUtils.java:logGet(43)) - raft.server.watch.timeout.denomination = 1s (default)
2019-09-25 11:09:48,569 [9c4ccc43-f5ac-4960-a511-a1ff33ec0d19@group-EF713B4182C4:LeaderElection279] INFO  server.RaftServerConfigKeys (ConfUtils.java:logGet(43)) - raft.server.watch.element-limit = 65536 (default)
2019-09-25 11:09:48,569 [e2b10f42-ed4b-4300-a7cb-c770d2b1b0a2@group-409973C1F9D6:LeaderElection278] INFO  server.RaftServerConfigKeys (ConfUtils.java:logGet(43)) - raft.server.watch.element-limit = 65536 (default)
2019-09-25 11:09:48,571 [07e899c7-9b65-45ad-afd5-2a504e2891bf@group-8594F3DFDB7C:LeaderElection280] INFO  impl.RoleInfo (RoleInfo.java:updateAndGet(143)) - 07e899c7-9b65-45ad-afd5-2a504e2891bf: start LeaderState
2019-09-25 11:09:48,572 [07e899c7-9b65-45ad-afd5-2a504e2891bf@group-8594F3DFDB7C:LeaderElection280] INFO  segmented.SegmentedRaftLogWorker (SegmentedRaftLogWorker.java:startLogSegment(380)) - 07e899c7-9b65-45ad-afd5-2a504e2891bf@group-8594F3DFDB7C-SegmentedRaftLogWorker: Starting segment from index:0
2019-09-25 11:09:48,572 [07e899c7-9b65-45ad-afd5-2a504e2891bf@group-8594F3DFDB7C:LeaderElection280] INFO  impl.RaftServerImpl (ServerState.java:setRaftConf(354)) - 07e899c7-9b65-45ad-afd5-2a504e2891bf@group-8594F3DFDB7C: set configuration 0: [07e899c7-9b65-45ad-afd5-2a504e2891bf:192.168.30.6:43313], old=null at 0
2019-09-25 11:09:48,573 [07e899c7-9b65-45ad-afd5-2a504e2891bf@group-8D47D52A54A3:LeaderElection281] INFO  impl.RoleInfo (RoleInfo.java:updateAndGet(143)) - 07e899c7-9b65-45ad-afd5-2a504e2891bf: start LeaderState
2019-09-25 11:09:48,574 [07e899c7-9b65-45ad-afd5-2a504e2891bf@group-8D47D52A54A3:LeaderElection281] INFO  segmented.SegmentedRaftLogWorker (SegmentedRaftLogWorker.java:startLogSegment(380)) - 07e899c7-9b65-45ad-afd5-2a504e2891bf@group-8D47D52A54A3-SegmentedRaftLogWorker: Starting segment from index:0
2019-09-25 11:09:48,574 [9c4ccc43-f5ac-4960-a511-a1ff33ec0d19@group-EF713B4182C4:LeaderElection279] INFO  impl.RoleInfo (RoleInfo.java:updateAndGet(143)) - 9c4ccc43-f5ac-4960-a511-a1ff33ec0d19: start LeaderState
2019-09-25 11:09:48,574 [e2b10f42-ed4b-4300-a7cb-c770d2b1b0a2@group-409973C1F9D6:LeaderElection278] INFO  impl.RoleInfo (RoleInfo.java:updateAndGet(143)) - e2b10f42-ed4b-4300-a7cb-c770d2b1b0a2: start LeaderState
2019-09-25 11:09:48,574 [07e899c7-9b65-45ad-afd5-2a504e2891bf@group-8D47D52A54A3:LeaderElection281] INFO  impl.RaftServerImpl (ServerState.java:setRaftConf(354)) - 07e899c7-9b65-45ad-afd5-2a504e2891bf@group-8D47D52A54A3: set configuration 0: [07e899c7-9b65-45ad-afd5-2a504e2891bf:192.168.30.6:43313], old=null at 0
2019-09-25 11:09:48,574 [e2b10f42-ed4b-4300-a7cb-c770d2b1b0a2@group-409973C1F9D6:LeaderElection278] INFO  segmented.SegmentedRaftLogWorker (SegmentedRaftLogWorker.java:startLogSegment(380)) - e2b10f42-ed4b-4300-a7cb-c770d2b1b0a2@group-409973C1F9D6-SegmentedRaftLogWorker: Starting segment from index:0
2019-09-25 11:09:48,574 [9c4ccc43-f5ac-4960-a511-a1ff33ec0d19@group-EF713B4182C4:LeaderElection279] INFO  segmented.SegmentedRaftLogWorker (SegmentedRaftLogWorker.java:startLogSegment(380)) - 9c4ccc43-f5ac-4960-a511-a1ff33ec0d19@group-EF713B4182C4-SegmentedRaftLogWorker: Starting segment from index:0
2019-09-25 11:09:48,575 [e2b10f42-ed4b-4300-a7cb-c770d2b1b0a2@group-409973C1F9D6:LeaderElection278] INFO  impl.RaftServerImpl (ServerState.java:setRaftConf(354)) - e2b10f42-ed4b-4300-a7cb-c770d2b1b0a2@group-409973C1F9D6: set configuration 0: [e2b10f42-ed4b-4300-a7cb-c770d2b1b0a2:192.168.30.6:33746], old=null at 0
2019-09-25 11:09:48,575 [9c4ccc43-f5ac-4960-a511-a1ff33ec0d19@group-EF713B4182C4:LeaderElection279] INFO  impl.RaftServerImpl (ServerState.java:setRaftConf(354)) - 9c4ccc43-f5ac-4960-a511-a1ff33ec0d19@group-EF713B4182C4: set configuration 0: [9c4ccc43-f5ac-4960-a511-a1ff33ec0d19:192.168.30.6:45264], old=null at 0
2019-09-25 11:09:48,609 [deee6178-b1f5-49c6-a192-edc1bfc8677d@group-8BD76F496486-SegmentedRaftLogWorker] INFO  segmented.SegmentedRaftLogWorker (SegmentedRaftLogWorker.java:execute(569)) - deee6178-b1f5-49c6-a192-edc1bfc8677d@group-8BD76F496486-SegmentedRaftLogWorker: created new log segment /workdir/hadoop-ozone/integration-test/target/test-dir/MiniOzoneClusterImpl-d8e1effc-caf9-4828-b7f0-59ad57edb745/datanode-1/data/ratis/172bf71b-5715-4108-84d3-8bd76f496486/current/log_inprogress_0
2019-09-25 11:09:48,611 [07e899c7-9b65-45ad-afd5-2a504e2891bf@group-8594F3DFDB7C-SegmentedRaftLogWorker] INFO  segmented.SegmentedRaftLogWorker (SegmentedRaftLogWorker.java:execute(569)) - 07e899c7-9b65-45ad-afd5-2a504e2891bf@group-8594F3DFDB7C-SegmentedRaftLogWorker: created new log segment /workdir/hadoop-ozone/integration-test/target/test-dir/MiniOzoneClusterImpl-d8e1effc-caf9-4828-b7f0-59ad57edb745/datanode-2/data/ratis/819e627d-c618-44fa-b545-8594f3dfdb7c/current/log_inprogress_0
2019-09-25 11:09:48,613 [07e899c7-9b65-45ad-afd5-2a504e2891bf@group-8D47D52A54A3-SegmentedRaftLogWorker] INFO  segmented.SegmentedRaftLogWorker (SegmentedRaftLogWorker.java:execute(569)) - 07e899c7-9b65-45ad-afd5-2a504e2891bf@group-8D47D52A54A3-SegmentedRaftLogWorker: created new log segment /workdir/hadoop-ozone/integration-test/target/test-dir/MiniOzoneClusterImpl-d8e1effc-caf9-4828-b7f0-59ad57edb745/datanode-2/data/ratis/68f69759-547a-4d8d-bdea-8d47d52a54a3/current/log_inprogress_0
2019-09-25 11:09:48,613 [9c4ccc43-f5ac-4960-a511-a1ff33ec0d19@group-EF713B4182C4-SegmentedRaftLogWorker] INFO  segmented.SegmentedRaftLogWorker (SegmentedRaftLogWorker.java:execute(569)) - 9c4ccc43-f5ac-4960-a511-a1ff33ec0d19@group-EF713B4182C4-SegmentedRaftLogWorker: created new log segment /workdir/hadoop-ozone/integration-test/target/test-dir/MiniOzoneClusterImpl-d8e1effc-caf9-4828-b7f0-59ad57edb745/datanode-4/data/ratis/dda89f1f-3add-4cf4-9e63-ef713b4182c4/current/log_inprogress_0
2019-09-25 11:09:48,619 [e2b10f42-ed4b-4300-a7cb-c770d2b1b0a2@group-409973C1F9D6-SegmentedRaftLogWorker] INFO  segmented.SegmentedRaftLogWorker (SegmentedRaftLogWorker.java:execute(569)) - e2b10f42-ed4b-4300-a7cb-c770d2b1b0a2@group-409973C1F9D6-SegmentedRaftLogWorker: created new log segment /workdir/hadoop-ozone/integration-test/target/test-dir/MiniOzoneClusterImpl-d8e1effc-caf9-4828-b7f0-59ad57edb745/datanode-6/data/ratis/edebc749-97b0-43ef-9ee1-409973c1f9d6/current/log_inprogress_0
2019-09-25 11:09:48,706 [Thread-3589] INFO  impl.FollowerState (FollowerState.java:run(106)) - deee6178-b1f5-49c6-a192-edc1bfc8677d:group-83411F33F957 changes to CANDIDATE, lastRpcTime:5168, electionTimeout:5168ms
2019-09-25 11:09:48,706 [Thread-3589] INFO  impl.RoleInfo (RoleInfo.java:shutdownFollowerState(121)) - deee6178-b1f5-49c6-a192-edc1bfc8677d: shutdown FollowerState
2019-09-25 11:09:48,706 [Thread-3589] INFO  impl.RaftServerImpl (RaftServerImpl.java:setRole(174)) - deee6178-b1f5-49c6-a192-edc1bfc8677d@group-83411F33F957: changes role from  FOLLOWER to CANDIDATE at term 0 for changeToCandidate
2019-09-25 11:09:48,706 [Thread-3589] INFO  impl.RoleInfo (RoleInfo.java:updateAndGet(143)) - deee6178-b1f5-49c6-a192-edc1bfc8677d: start LeaderElection
2019-09-25 11:09:48,724 [deee6178-b1f5-49c6-a192-edc1bfc8677d@group-83411F33F957:LeaderElection282] INFO  impl.LeaderElection (LeaderElection.java:askForVotes(182)) - deee6178-b1f5-49c6-a192-edc1bfc8677d@group-83411F33F957:LeaderElection282: begin an election at term 1 for -1: [deee6178-b1f5-49c6-a192-edc1bfc8677d:192.168.30.6:37193], old=null
2019-09-25 11:09:48,724 [deee6178-b1f5-49c6-a192-edc1bfc8677d@group-83411F33F957:LeaderElection282] INFO  impl.RoleInfo (RoleInfo.java:shutdownLeaderElection(134)) - deee6178-b1f5-49c6-a192-edc1bfc8677d: shutdown LeaderElection
2019-09-25 11:09:48,724 [deee6178-b1f5-49c6-a192-edc1bfc8677d@group-83411F33F957:LeaderElection282] INFO  impl.RaftServerImpl (RaftServerImpl.java:setRole(174)) - deee6178-b1f5-49c6-a192-edc1bfc8677d@group-83411F33F957: changes role from CANDIDATE to LEADER at term 1 for changeToLeader
2019-09-25 11:09:48,724 [deee6178-b1f5-49c6-a192-edc1bfc8677d@group-83411F33F957:LeaderElection282] INFO  impl.RaftServerImpl (ServerState.java:setLeader(253)) - deee6178-b1f5-49c6-a192-edc1bfc8677d@group-83411F33F957: change Leader from null to deee6178-b1f5-49c6-a192-edc1bfc8677d at term 1 for becomeLeader, leader elected after 5191ms
2019-09-25 11:09:48,724 [deee6178-b1f5-49c6-a192-edc1bfc8677d@group-83411F33F957:LeaderElection282] INFO  server.RaftServerConfigKeys (ConfUtils.java:logGet(43)) - raft.server.staging.catchup.gap = 1000 (default)
2019-09-25 11:09:48,725 [deee6178-b1f5-49c6-a192-edc1bfc8677d@group-83411F33F957:LeaderElection282] INFO  server.RaftServerConfigKeys (ConfUtils.java:logGet(43)) - raft.server.rpc.sleep.time = 25ms (default)
2019-09-25 11:09:48,725 [deee6178-b1f5-49c6-a192-edc1bfc8677d@group-83411F33F957:LeaderElection282] INFO  server.RaftServerConfigKeys (ConfUtils.java:logGet(43)) - raft.server.write.element-limit = 4096 (default)
2019-09-25 11:09:48,725 [deee6178-b1f5-49c6-a192-edc1bfc8677d@group-83411F33F957:LeaderElection282] INFO  server.RaftServerConfigKeys (ConfUtils.java:logGet(43)) - raft.server.watch.timeout = 10s (default)
2019-09-25 11:09:48,725 [deee6178-b1f5-49c6-a192-edc1bfc8677d@group-83411F33F957:LeaderElection282] INFO  server.RaftServerConfigKeys (ConfUtils.java:logGet(43)) - raft.server.watch.timeout.denomination = 1s (default)
2019-09-25 11:09:48,725 [deee6178-b1f5-49c6-a192-edc1bfc8677d@group-83411F33F957:LeaderElection282] INFO  server.RaftServerConfigKeys (ConfUtils.java:logGet(43)) - raft.server.watch.element-limit = 65536 (default)
2019-09-25 11:09:48,727 [deee6178-b1f5-49c6-a192-edc1bfc8677d@group-83411F33F957:LeaderElection282] INFO  impl.RoleInfo (RoleInfo.java:updateAndGet(143)) - deee6178-b1f5-49c6-a192-edc1bfc8677d: start LeaderState
2019-09-25 11:09:48,727 [deee6178-b1f5-49c6-a192-edc1bfc8677d@group-83411F33F957:LeaderElection282] INFO  segmented.SegmentedRaftLogWorker (SegmentedRaftLogWorker.java:startLogSegment(380)) - deee6178-b1f5-49c6-a192-edc1bfc8677d@group-83411F33F957-SegmentedRaftLogWorker: Starting segment from index:0
2019-09-25 11:09:48,728 [deee6178-b1f5-49c6-a192-edc1bfc8677d@group-83411F33F957:LeaderElection282] INFO  impl.RaftServerImpl (ServerState.java:setRaftConf(354)) - deee6178-b1f5-49c6-a192-edc1bfc8677d@group-83411F33F957: set configuration 0: [deee6178-b1f5-49c6-a192-edc1bfc8677d:192.168.30.6:37193], old=null at 0
2019-09-25 11:09:49,284 [Thread-3624] INFO  impl.FollowerState (FollowerState.java:run(106)) - f195ac4f-a279-4102-9716-e02d49b9162a:group-C8BDC1027D85 changes to CANDIDATE, lastRpcTime:5138, electionTimeout:5126ms
2019-09-25 11:09:49,284 [Thread-3618] INFO  impl.FollowerState (FollowerState.java:run(106)) - 9c4ccc43-f5ac-4960-a511-a1ff33ec0d19:group-39E95C652D40 changes to CANDIDATE, lastRpcTime:5217, electionTimeout:5175ms
2019-09-25 11:09:49,298 [Thread-3621] INFO  impl.FollowerState (FollowerState.java:run(106)) - f195ac4f-a279-4102-9716-e02d49b9162a:group-A0C69D2B2933 changes to CANDIDATE, lastRpcTime:5191, electionTimeout:5022ms
2019-09-25 11:09:49,298 [Thread-3615] INFO  impl.FollowerState (FollowerState.java:run(106)) - e2b10f42-ed4b-4300-a7cb-c770d2b1b0a2:group-161B918587D1 changes to CANDIDATE, lastRpcTime:5273, electionTimeout:5098ms
2019-09-25 11:09:49,284 [Thread-3624] INFO  impl.RoleInfo (RoleInfo.java:shutdownFollowerState(121)) - f195ac4f-a279-4102-9716-e02d49b9162a: shutdown FollowerState
2019-09-25 11:09:49,298 [Thread-3615] INFO  impl.RoleInfo (RoleInfo.java:shutdownFollowerState(121)) - e2b10f42-ed4b-4300-a7cb-c770d2b1b0a2: shutdown FollowerState
2019-09-25 11:09:49,299 [Thread-3603] WARN  util.JavaUtils (JavaUtils.java:sleep(250)) - Unexpected long sleep: sleep(5108ms) actually took 5435ms which is over the threshold 300ms
2019-09-25 11:09:49,298 [Thread-3606] INFO  impl.FollowerState (FollowerState.java:run(106)) - 9c4ccc43-f5ac-4960-a511-a1ff33ec0d19:group-916268C84290 changes to CANDIDATE, lastRpcTime:5405, electionTimeout:5161ms
2019-09-25 11:09:49,298 [Thread-3621] INFO  impl.RoleInfo (RoleInfo.java:shutdownFollowerState(121)) - f195ac4f-a279-4102-9716-e02d49b9162a: shutdown FollowerState
2019-09-25 11:09:49,298 [Thread-3609] INFO  impl.FollowerState (FollowerState.java:run(106)) - 9c4ccc43-f5ac-4960-a511-a1ff33ec0d19:group-2B24BBB8B56A changes to CANDIDATE, lastRpcTime:5364, electionTimeout:5140ms
2019-09-25 11:09:49,298 [Thread-3618] INFO  impl.RoleInfo (RoleInfo.java:shutdownFollowerState(121)) - 9c4ccc43-f5ac-4960-a511-a1ff33ec0d19: shutdown FollowerState
2019-09-25 11:09:49,299 [Thread-3600] WARN  util.JavaUtils (JavaUtils.java:sleep(250)) - Unexpected long sleep: sleep(5049ms) actually took 5501ms which is over the threshold 300ms
2019-09-25 11:09:49,299 [Thread-3609] INFO  impl.RoleInfo (RoleInfo.java:shutdownFollowerState(121)) - 9c4ccc43-f5ac-4960-a511-a1ff33ec0d19: shutdown FollowerState
2019-09-25 11:09:49,299 [Thread-3597] WARN  util.JavaUtils (JavaUtils.java:sleep(250)) - Unexpected long sleep: sleep(5137ms) actually took 5573ms which is over the threshold 300ms
2019-09-25 11:09:49,299 [Thread-3621] INFO  impl.RaftServerImpl (RaftServerImpl.java:setRole(174)) - f195ac4f-a279-4102-9716-e02d49b9162a@group-A0C69D2B2933: changes role from  FOLLOWER to CANDIDATE at term 0 for changeToCandidate
2019-09-25 11:09:49,299 [Thread-3606] INFO  impl.RoleInfo (RoleInfo.java:shutdownFollowerState(121)) - 9c4ccc43-f5ac-4960-a511-a1ff33ec0d19: shutdown FollowerState
2019-09-25 11:09:49,299 [Thread-3615] INFO  impl.RaftServerImpl (RaftServerImpl.java:setRole(174)) - e2b10f42-ed4b-4300-a7cb-c770d2b1b0a2@group-161B918587D1: changes role from  FOLLOWER to CANDIDATE at term 0 for changeToCandidate
2019-09-25 11:09:49,299 [Thread-3612] WARN  util.JavaUtils (JavaUtils.java:sleep(250)) - Unexpected long sleep: sleep(5004ms) actually took 5330ms which is over the threshold 300ms
2019-09-25 11:09:49,299 [Thread-3630] INFO  impl.FollowerState (FollowerState.java:run(106)) - 9c4ccc43-f5ac-4960-a511-a1ff33ec0d19:group-164A65FC6332 changes to CANDIDATE, lastRpcTime:5036, electionTimeout:5026ms
2019-09-25 11:09:49,299 [Thread-3624] INFO  impl.RaftServerImpl (RaftServerImpl.java:setRole(174)) - f195ac4f-a279-4102-9716-e02d49b9162a@group-C8BDC1027D85: changes role from  FOLLOWER to CANDIDATE at term 0 for changeToCandidate
2019-09-25 11:09:49,304 [Thread-3630] INFO  impl.RoleInfo (RoleInfo.java:shutdownFollowerState(121)) - 9c4ccc43-f5ac-4960-a511-a1ff33ec0d19: shutdown FollowerState
2019-09-25 11:09:49,304 [Thread-3630] INFO  impl.RaftServerImpl (RaftServerImpl.java:setRole(174)) - 9c4ccc43-f5ac-4960-a511-a1ff33ec0d19@group-164A65FC6332: changes role from  FOLLOWER to CANDIDATE at term 0 for changeToCandidate
2019-09-25 11:09:49,300 [Thread-3615] INFO  impl.RoleInfo (RoleInfo.java:updateAndGet(143)) - e2b10f42-ed4b-4300-a7cb-c770d2b1b0a2: start LeaderElection
2019-09-25 11:09:49,300 [Thread-3606] INFO  impl.RaftServerImpl (RaftServerImpl.java:setRole(174)) - 9c4ccc43-f5ac-4960-a511-a1ff33ec0d19@group-916268C84290: changes role from  FOLLOWER to CANDIDATE at term 0 for changeToCandidate
2019-09-25 11:09:49,300 [Thread-3621] INFO  impl.RoleInfo (RoleInfo.java:updateAndGet(143)) - f195ac4f-a279-4102-9716-e02d49b9162a: start LeaderElection
2019-09-25 11:09:49,299 [Thread-3609] INFO  impl.RaftServerImpl (RaftServerImpl.java:setRole(174)) - 9c4ccc43-f5ac-4960-a511-a1ff33ec0d19@group-2B24BBB8B56A: changes role from  FOLLOWER to CANDIDATE at term 0 for changeToCandidate
2019-09-25 11:09:49,299 [Thread-3618] INFO  impl.RaftServerImpl (RaftServerImpl.java:setRole(174)) - 9c4ccc43-f5ac-4960-a511-a1ff33ec0d19@group-39E95C652D40: changes role from  FOLLOWER to CANDIDATE at term 0 for changeToCandidate
2019-09-25 11:09:49,299 [Thread-3594] WARN  util.JavaUtils (JavaUtils.java:sleep(250)) - Unexpected long sleep: sleep(5159ms) actually took 5651ms which is over the threshold 300ms
2019-09-25 11:09:49,304 [Thread-3630] INFO  impl.RoleInfo (RoleInfo.java:updateAndGet(143)) - 9c4ccc43-f5ac-4960-a511-a1ff33ec0d19: start LeaderElection
2019-09-25 11:09:49,304 [Thread-3624] INFO  impl.RoleInfo (RoleInfo.java:updateAndGet(143)) - f195ac4f-a279-4102-9716-e02d49b9162a: start LeaderElection
2019-09-25 11:09:49,330 [Thread-3618] INFO  impl.RoleInfo (RoleInfo.java:updateAndGet(143)) - 9c4ccc43-f5ac-4960-a511-a1ff33ec0d19: start LeaderElection
2019-09-25 11:09:49,330 [Thread-3609] INFO  impl.RoleInfo (RoleInfo.java:updateAndGet(143)) - 9c4ccc43-f5ac-4960-a511-a1ff33ec0d19: start LeaderElection
2019-09-25 11:09:49,336 [Thread-3606] INFO  impl.RoleInfo (RoleInfo.java:updateAndGet(143)) - 9c4ccc43-f5ac-4960-a511-a1ff33ec0d19: start LeaderElection
2019-09-25 11:09:49,352 [9c4ccc43-f5ac-4960-a511-a1ff33ec0d19@group-164A65FC6332:LeaderElection286] INFO  impl.LeaderElection (LeaderElection.java:askForVotes(182)) - 9c4ccc43-f5ac-4960-a511-a1ff33ec0d19@group-164A65FC6332:LeaderElection286: begin an election at term 1 for -1: [9c4ccc43-f5ac-4960-a511-a1ff33ec0d19:192.168.30.6:45264], old=null
2019-09-25 11:09:49,352 [f195ac4f-a279-4102-9716-e02d49b9162a@group-C8BDC1027D85:LeaderElection285] INFO  impl.LeaderElection (LeaderElection.java:askForVotes(182)) - f195ac4f-a279-4102-9716-e02d49b9162a@group-C8BDC1027D85:LeaderElection285: begin an election at term 1 for -1: [f195ac4f-a279-4102-9716-e02d49b9162a:192.168.30.6:37523], old=null
2019-09-25 11:09:49,352 [e2b10f42-ed4b-4300-a7cb-c770d2b1b0a2@group-161B918587D1:LeaderElection284] INFO  impl.LeaderElection (LeaderElection.java:askForVotes(182)) - e2b10f42-ed4b-4300-a7cb-c770d2b1b0a2@group-161B918587D1:LeaderElection284: begin an election at term 1 for -1: [e2b10f42-ed4b-4300-a7cb-c770d2b1b0a2:192.168.30.6:33746], old=null
2019-09-25 11:09:49,352 [f195ac4f-a279-4102-9716-e02d49b9162a@group-A0C69D2B2933:LeaderElection283] INFO  impl.LeaderElection (LeaderElection.java:askForVotes(182)) - f195ac4f-a279-4102-9716-e02d49b9162a@group-A0C69D2B2933:LeaderElection283: begin an election at term 1 for -1: [f195ac4f-a279-4102-9716-e02d49b9162a:192.168.30.6:37523], old=null
2019-09-25 11:09:49,369 [9c4ccc43-f5ac-4960-a511-a1ff33ec0d19@group-2B24BBB8B56A:LeaderElection288] INFO  impl.LeaderElection (LeaderElection.java:askForVotes(182)) - 9c4ccc43-f5ac-4960-a511-a1ff33ec0d19@group-2B24BBB8B56A:LeaderElection288: begin an election at term 1 for -1: [9c4ccc43-f5ac-4960-a511-a1ff33ec0d19:192.168.30.6:45264], old=null
2019-09-25 11:09:49,369 [9c4ccc43-f5ac-4960-a511-a1ff33ec0d19@group-39E95C652D40:LeaderElection289] INFO  impl.LeaderElection (LeaderElection.java:askForVotes(182)) - 9c4ccc43-f5ac-4960-a511-a1ff33ec0d19@group-39E95C652D40:LeaderElection289: begin an election at term 1 for -1: [9c4ccc43-f5ac-4960-a511-a1ff33ec0d19:192.168.30.6:45264], old=null
2019-09-25 11:09:49,374 [9c4ccc43-f5ac-4960-a511-a1ff33ec0d19@group-2B24BBB8B56A:LeaderElection288] INFO  impl.RoleInfo (RoleInfo.java:shutdownLeaderElection(134)) - 9c4ccc43-f5ac-4960-a511-a1ff33ec0d19: shutdown LeaderElection
2019-09-25 11:09:49,371 [9c4ccc43-f5ac-4960-a511-a1ff33ec0d19@group-916268C84290:LeaderElection287] INFO  impl.LeaderElection (LeaderElection.java:askForVotes(182)) - 9c4ccc43-f5ac-4960-a511-a1ff33ec0d19@group-916268C84290:LeaderElection287: begin an election at term 1 for -1: [9c4ccc43-f5ac-4960-a511-a1ff33ec0d19:192.168.30.6:45264], old=null
2019-09-25 11:09:49,370 [f195ac4f-a279-4102-9716-e02d49b9162a@group-C8BDC1027D85:LeaderElection285] INFO  impl.RoleInfo (RoleInfo.java:shutdownLeaderElection(134)) - f195ac4f-a279-4102-9716-e02d49b9162a: shutdown LeaderElection
2019-09-25 11:09:49,370 [e2b10f42-ed4b-4300-a7cb-c770d2b1b0a2@group-161B918587D1:LeaderElection284] INFO  impl.RoleInfo (RoleInfo.java:shutdownLeaderElection(134)) - e2b10f42-ed4b-4300-a7cb-c770d2b1b0a2: shutdown LeaderElection
2019-09-25 11:09:49,370 [9c4ccc43-f5ac-4960-a511-a1ff33ec0d19@group-164A65FC6332:LeaderElection286] INFO  impl.RoleInfo (RoleInfo.java:shutdownLeaderElection(134)) - 9c4ccc43-f5ac-4960-a511-a1ff33ec0d19: shutdown LeaderElection
2019-09-25 11:09:49,378 [e2b10f42-ed4b-4300-a7cb-c770d2b1b0a2@group-161B918587D1:LeaderElection284] INFO  impl.RaftServerImpl (RaftServerImpl.java:setRole(174)) - e2b10f42-ed4b-4300-a7cb-c770d2b1b0a2@group-161B918587D1: changes role from CANDIDATE to LEADER at term 1 for changeToLeader
2019-09-25 11:09:49,378 [f195ac4f-a279-4102-9716-e02d49b9162a@group-C8BDC1027D85:LeaderElection285] INFO  impl.RaftServerImpl (RaftServerImpl.java:setRole(174)) - f195ac4f-a279-4102-9716-e02d49b9162a@group-C8BDC1027D85: changes role from CANDIDATE to LEADER at term 1 for changeToLeader
2019-09-25 11:09:49,379 [f195ac4f-a279-4102-9716-e02d49b9162a@group-C8BDC1027D85:LeaderElection285] INFO  impl.RaftServerImpl (ServerState.java:setLeader(253)) - f195ac4f-a279-4102-9716-e02d49b9162a@group-C8BDC1027D85: change Leader from null to f195ac4f-a279-4102-9716-e02d49b9162a at term 1 for becomeLeader, leader elected after 5236ms
2019-09-25 11:09:49,374 [9c4ccc43-f5ac-4960-a511-a1ff33ec0d19@group-2B24BBB8B56A:LeaderElection288] INFO  impl.RaftServerImpl (RaftServerImpl.java:setRole(174)) - 9c4ccc43-f5ac-4960-a511-a1ff33ec0d19@group-2B24BBB8B56A: changes role from CANDIDATE to LEADER at term 1 for changeToLeader
2019-09-25 11:09:49,379 [f195ac4f-a279-4102-9716-e02d49b9162a@group-C8BDC1027D85:LeaderElection285] INFO  server.RaftServerConfigKeys (ConfUtils.java:logGet(43)) - raft.server.staging.catchup.gap = 1000 (default)
2019-09-25 11:09:49,378 [e2b10f42-ed4b-4300-a7cb-c770d2b1b0a2@group-161B918587D1:LeaderElection284] INFO  impl.RaftServerImpl (ServerState.java:setLeader(253)) - e2b10f42-ed4b-4300-a7cb-c770d2b1b0a2@group-161B918587D1: change Leader from null to e2b10f42-ed4b-4300-a7cb-c770d2b1b0a2 at term 1 for becomeLeader, leader elected after 5358ms
2019-09-25 11:09:49,378 [9c4ccc43-f5ac-4960-a511-a1ff33ec0d19@group-164A65FC6332:LeaderElection286] INFO  impl.RaftServerImpl (RaftServerImpl.java:setRole(174)) - 9c4ccc43-f5ac-4960-a511-a1ff33ec0d19@group-164A65FC6332: changes role from CANDIDATE to LEADER at term 1 for changeToLeader
2019-09-25 11:09:49,379 [e2b10f42-ed4b-4300-a7cb-c770d2b1b0a2@group-161B918587D1:LeaderElection284] INFO  server.RaftServerConfigKeys (ConfUtils.java:logGet(43)) - raft.server.staging.catchup.gap = 1000 (default)
2019-09-25 11:09:49,379 [f195ac4f-a279-4102-9716-e02d49b9162a@group-C8BDC1027D85:LeaderElection285] INFO  server.RaftServerConfigKeys (ConfUtils.java:logGet(43)) - raft.server.rpc.sleep.time = 25ms (default)
2019-09-25 11:09:49,379 [9c4ccc43-f5ac-4960-a511-a1ff33ec0d19@group-2B24BBB8B56A:LeaderElection288] INFO  impl.RaftServerImpl (ServerState.java:setLeader(253)) - 9c4ccc43-f5ac-4960-a511-a1ff33ec0d19@group-2B24BBB8B56A: change Leader from null to 9c4ccc43-f5ac-4960-a511-a1ff33ec0d19 at term 1 for becomeLeader, leader elected after 5449ms
2019-09-25 11:09:49,379 [f195ac4f-a279-4102-9716-e02d49b9162a@group-C8BDC1027D85:LeaderElection285] INFO  server.RaftServerConfigKeys (ConfUtils.java:logGet(43)) - raft.server.write.element-limit = 4096 (default)
2019-09-25 11:09:49,379 [e2b10f42-ed4b-4300-a7cb-c770d2b1b0a2@group-161B918587D1:LeaderElection284] INFO  server.RaftServerConfigKeys (ConfUtils.java:logGet(43)) - raft.server.rpc.sleep.time = 25ms (default)
2019-09-25 11:09:49,379 [9c4ccc43-f5ac-4960-a511-a1ff33ec0d19@group-164A65FC6332:LeaderElection286] INFO  impl.RaftServerImpl (ServerState.java:setLeader(253)) - 9c4ccc43-f5ac-4960-a511-a1ff33ec0d19@group-164A65FC6332: change Leader from null to 9c4ccc43-f5ac-4960-a511-a1ff33ec0d19 at term 1 for becomeLeader, leader elected after 5121ms
2019-09-25 11:09:49,380 [e2b10f42-ed4b-4300-a7cb-c770d2b1b0a2@group-161B918587D1:LeaderElection284] INFO  server.RaftServerConfigKeys (ConfUtils.java:logGet(43)) - raft.server.write.element-limit = 4096 (default)
2019-09-25 11:09:49,379 [f195ac4f-a279-4102-9716-e02d49b9162a@group-C8BDC1027D85:LeaderElection285] INFO  server.RaftServerConfigKeys (ConfUtils.java:logGet(43)) - raft.server.watch.timeout = 10s (default)
2019-09-25 11:09:49,380 [f195ac4f-a279-4102-9716-e02d49b9162a@group-C8BDC1027D85:LeaderElection285] INFO  server.RaftServerConfigKeys (ConfUtils.java:logGet(43)) - raft.server.watch.timeout.denomination = 1s (default)
2019-09-25 11:09:49,379 [9c4ccc43-f5ac-4960-a511-a1ff33ec0d19@group-2B24BBB8B56A:LeaderElection288] INFO  server.RaftServerConfigKeys (ConfUtils.java:logGet(43)) - raft.server.staging.catchup.gap = 1000 (default)
2019-09-25 11:09:49,380 [f195ac4f-a279-4102-9716-e02d49b9162a@group-C8BDC1027D85:LeaderElection285] INFO  server.RaftServerConfigKeys (ConfUtils.java:logGet(43)) - raft.server.watch.element-limit = 65536 (default)
2019-09-25 11:09:49,380 [e2b10f42-ed4b-4300-a7cb-c770d2b1b0a2@group-161B918587D1:LeaderElection284] INFO  server.RaftServerConfigKeys (ConfUtils.java:logGet(43)) - raft.server.watch.timeout = 10s (default)
2019-09-25 11:09:49,380 [9c4ccc43-f5ac-4960-a511-a1ff33ec0d19@group-164A65FC6332:LeaderElection286] INFO  server.RaftServerConfigKeys (ConfUtils.java:logGet(43)) - raft.server.staging.catchup.gap = 1000 (default)
2019-09-25 11:09:49,380 [e2b10f42-ed4b-4300-a7cb-c770d2b1b0a2@group-161B918587D1:LeaderElection284] INFO  server.RaftServerConfigKeys (ConfUtils.java:logGet(43)) - raft.server.watch.timeout.denomination = 1s (default)
2019-09-25 11:09:49,380 [9c4ccc43-f5ac-4960-a511-a1ff33ec0d19@group-2B24BBB8B56A:LeaderElection288] INFO  server.RaftServerConfigKeys (ConfUtils.java:logGet(43)) - raft.server.rpc.sleep.time = 25ms (default)
2019-09-25 11:09:49,380 [e2b10f42-ed4b-4300-a7cb-c770d2b1b0a2@group-161B918587D1:LeaderElection284] INFO  server.RaftServerConfigKeys (ConfUtils.java:logGet(43)) - raft.server.watch.element-limit = 65536 (default)
2019-09-25 11:09:49,380 [9c4ccc43-f5ac-4960-a511-a1ff33ec0d19@group-164A65FC6332:LeaderElection286] INFO  server.RaftServerConfigKeys (ConfUtils.java:logGet(43)) - raft.server.rpc.sleep.time = 25ms (default)
2019-09-25 11:09:49,380 [9c4ccc43-f5ac-4960-a511-a1ff33ec0d19@group-2B24BBB8B56A:LeaderElection288] INFO  server.RaftServerConfigKeys (ConfUtils.java:logGet(43)) - raft.server.write.element-limit = 4096 (default)
2019-09-25 11:09:49,381 [9c4ccc43-f5ac-4960-a511-a1ff33ec0d19@group-164A65FC6332:LeaderElection286] INFO  server.RaftServerConfigKeys (ConfUtils.java:logGet(43)) - raft.server.write.element-limit = 4096 (default)
2019-09-25 11:09:49,381 [9c4ccc43-f5ac-4960-a511-a1ff33ec0d19@group-2B24BBB8B56A:LeaderElection288] INFO  server.RaftServerConfigKeys (ConfUtils.java:logGet(43)) - raft.server.watch.timeout = 10s (default)
2019-09-25 11:09:49,381 [9c4ccc43-f5ac-4960-a511-a1ff33ec0d19@group-164A65FC6332:LeaderElection286] INFO  server.RaftServerConfigKeys (ConfUtils.java:logGet(43)) - raft.server.watch.timeout = 10s (default)
2019-09-25 11:09:49,381 [9c4ccc43-f5ac-4960-a511-a1ff33ec0d19@group-2B24BBB8B56A:LeaderElection288] INFO  server.RaftServerConfigKeys (ConfUtils.java:logGet(43)) - raft.server.watch.timeout.denomination = 1s (default)
2019-09-25 11:09:49,381 [9c4ccc43-f5ac-4960-a511-a1ff33ec0d19@group-164A65FC6332:LeaderElection286] INFO  server.RaftServerConfigKeys (ConfUtils.java:logGet(43)) - raft.server.watch.timeout.denomination = 1s (default)
2019-09-25 11:09:49,381 [9c4ccc43-f5ac-4960-a511-a1ff33ec0d19@group-2B24BBB8B56A:LeaderElection288] INFO  server.RaftServerConfigKeys (ConfUtils.java:logGet(43)) - raft.server.watch.element-limit = 65536 (default)
2019-09-25 11:09:49,381 [9c4ccc43-f5ac-4960-a511-a1ff33ec0d19@group-164A65FC6332:LeaderElection286] INFO  server.RaftServerConfigKeys (ConfUtils.java:logGet(43)) - raft.server.watch.element-limit = 65536 (default)
2019-09-25 11:09:49,383 [EventQueue-StaleNodeForStaleNodeHandler] INFO  node.StaleNodeHandler (StaleNodeHandler.java:onMessage(58)) - Datanode deee6178-b1f5-49c6-a192-edc1bfc8677d{ip: 192.168.30.6, host: pr-hdds-1569-5gmkr-4255264070, networkLocation: /default-rack, certSerialId: null} moved to stale state. Finalizing its pipelines [PipelineID=a23d79d1-6d61-4dd8-8960-83411f33f957, PipelineID=7e80e3d9-4564-45f0-8763-fc079fbd1fc2, PipelineID=172bf71b-5715-4108-84d3-8bd76f496486, PipelineID=e9572328-4f98-490d-8303-609bbc05c59e, PipelineID=237b172a-e06d-4390-b94d-6f56365799f9, PipelineID=48c47c35-f3cc-4c2d-a196-ba282e497c1b]
2019-09-25 11:09:49,383 [f195ac4f-a279-4102-9716-e02d49b9162a@group-A0C69D2B2933:LeaderElection283] INFO  impl.RoleInfo (RoleInfo.java:shutdownLeaderElection(134)) - f195ac4f-a279-4102-9716-e02d49b9162a: shutdown LeaderElection
2019-09-25 11:09:49,383 [EventQueue-StaleNodeForStaleNodeHandler] INFO  pipeline.SCMPipelineManager (SCMPipelineManager.java:finalizeAndDestroyPipeline(316)) - destroying pipeline:Pipeline[ Id: a23d79d1-6d61-4dd8-8960-83411f33f957, Nodes: deee6178-b1f5-49c6-a192-edc1bfc8677d{ip: 192.168.30.6, host: pr-hdds-1569-5gmkr-4255264070, networkLocation: /default-rack, certSerialId: null}, Type:RATIS, Factor:ONE, State:OPEN]
2019-09-25 11:09:49,383 [f195ac4f-a279-4102-9716-e02d49b9162a@group-A0C69D2B2933:LeaderElection283] INFO  impl.RaftServerImpl (RaftServerImpl.java:setRole(174)) - f195ac4f-a279-4102-9716-e02d49b9162a@group-A0C69D2B2933: changes role from CANDIDATE to LEADER at term 1 for changeToLeader
2019-09-25 11:09:49,418 [EventQueue-StaleNodeForStaleNodeHandler] INFO  pipeline.PipelineStateManager (PipelineStateManager.java:finalizePipeline(123)) - Pipeline Pipeline[ Id: a23d79d1-6d61-4dd8-8960-83411f33f957, Nodes: deee6178-b1f5-49c6-a192-edc1bfc8677d{ip: 192.168.30.6, host: pr-hdds-1569-5gmkr-4255264070, networkLocation: /default-rack, certSerialId: null}, Type:RATIS, Factor:ONE, State:CLOSED] moved to CLOSED state
2019-09-25 11:09:49,418 [f195ac4f-a279-4102-9716-e02d49b9162a@group-A0C69D2B2933:LeaderElection283] INFO  impl.RaftServerImpl (ServerState.java:setLeader(253)) - f195ac4f-a279-4102-9716-e02d49b9162a@group-A0C69D2B2933: change Leader from null to f195ac4f-a279-4102-9716-e02d49b9162a at term 1 for becomeLeader, leader elected after 5316ms
2019-09-25 11:09:49,419 [EventQueue-StaleNodeForStaleNodeHandler] INFO  pipeline.SCMPipelineManager (SCMPipelineManager.java:finalizeAndDestroyPipeline(316)) - destroying pipeline:Pipeline[ Id: 7e80e3d9-4564-45f0-8763-fc079fbd1fc2, Nodes: deee6178-b1f5-49c6-a192-edc1bfc8677d{ip: 192.168.30.6, host: pr-hdds-1569-5gmkr-4255264070, networkLocation: /default-rack, certSerialId: null}, Type:RATIS, Factor:ONE, State:OPEN]
2019-09-25 11:09:49,419 [f195ac4f-a279-4102-9716-e02d49b9162a@group-A0C69D2B2933:LeaderElection283] INFO  server.RaftServerConfigKeys (ConfUtils.java:logGet(43)) - raft.server.staging.catchup.gap = 1000 (default)
2019-09-25 11:09:49,419 [EventQueue-StaleNodeForStaleNodeHandler] INFO  pipeline.PipelineStateManager (PipelineStateManager.java:finalizePipeline(123)) - Pipeline Pipeline[ Id: 7e80e3d9-4564-45f0-8763-fc079fbd1fc2, Nodes: deee6178-b1f5-49c6-a192-edc1bfc8677d{ip: 192.168.30.6, host: pr-hdds-1569-5gmkr-4255264070, networkLocation: /default-rack, certSerialId: null}, Type:RATIS, Factor:ONE, State:CLOSED] moved to CLOSED state
2019-09-25 11:09:49,419 [f195ac4f-a279-4102-9716-e02d49b9162a@group-A0C69D2B2933:LeaderElection283] INFO  server.RaftServerConfigKeys (ConfUtils.java:logGet(43)) - raft.server.rpc.sleep.time = 25ms (default)
2019-09-25 11:09:49,419 [EventQueue-StaleNodeForStaleNodeHandler] INFO  pipeline.SCMPipelineManager (SCMPipelineManager.java:finalizeAndDestroyPipeline(316)) - destroying pipeline:Pipeline[ Id: 172bf71b-5715-4108-84d3-8bd76f496486, Nodes: deee6178-b1f5-49c6-a192-edc1bfc8677d{ip: 192.168.30.6, host: pr-hdds-1569-5gmkr-4255264070, networkLocation: /default-rack, certSerialId: null}, Type:RATIS, Factor:ONE, State:OPEN]
2019-09-25 11:09:49,419 [f195ac4f-a279-4102-9716-e02d49b9162a@group-A0C69D2B2933:LeaderElection283] INFO  server.RaftServerConfigKeys (ConfUtils.java:logGet(43)) - raft.server.write.element-limit = 4096 (default)
2019-09-25 11:09:49,419 [EventQueue-StaleNodeForStaleNodeHandler] INFO  pipeline.PipelineStateManager (PipelineStateManager.java:finalizePipeline(123)) - Pipeline Pipeline[ Id: 172bf71b-5715-4108-84d3-8bd76f496486, Nodes: deee6178-b1f5-49c6-a192-edc1bfc8677d{ip: 192.168.30.6, host: pr-hdds-1569-5gmkr-4255264070, networkLocation: /default-rack, certSerialId: null}, Type:RATIS, Factor:ONE, State:CLOSED] moved to CLOSED state
2019-09-25 11:09:49,419 [f195ac4f-a279-4102-9716-e02d49b9162a@group-A0C69D2B2933:LeaderElection283] INFO  server.RaftServerConfigKeys (ConfUtils.java:logGet(43)) - raft.server.watch.timeout = 10s (default)
2019-09-25 11:09:49,419 [EventQueue-StaleNodeForStaleNodeHandler] INFO  pipeline.SCMPipelineManager (SCMPipelineManager.java:finalizeAndDestroyPipeline(316)) - destroying pipeline:Pipeline[ Id: e9572328-4f98-490d-8303-609bbc05c59e, Nodes: deee6178-b1f5-49c6-a192-edc1bfc8677d{ip: 192.168.30.6, host: pr-hdds-1569-5gmkr-4255264070, networkLocation: /default-rack, certSerialId: null}, Type:RATIS, Factor:ONE, State:OPEN]
2019-09-25 11:09:49,419 [EventQueue-StaleNodeForStaleNodeHandler] INFO  pipeline.PipelineStateManager (PipelineStateManager.java:finalizePipeline(123)) - Pipeline Pipeline[ Id: e9572328-4f98-490d-8303-609bbc05c59e, Nodes: deee6178-b1f5-49c6-a192-edc1bfc8677d{ip: 192.168.30.6, host: pr-hdds-1569-5gmkr-4255264070, networkLocation: /default-rack, certSerialId: null}, Type:RATIS, Factor:ONE, State:CLOSED] moved to CLOSED state
2019-09-25 11:09:49,419 [f195ac4f-a279-4102-9716-e02d49b9162a@group-A0C69D2B2933:LeaderElection283] INFO  server.RaftServerConfigKeys (ConfUtils.java:logGet(43)) - raft.server.watch.timeout.denomination = 1s (default)
2019-09-25 11:09:49,419 [EventQueue-StaleNodeForStaleNodeHandler] INFO  pipeline.SCMPipelineManager (SCMPipelineManager.java:finalizeAndDestroyPipeline(316)) - destroying pipeline:Pipeline[ Id: 237b172a-e06d-4390-b94d-6f56365799f9, Nodes: deee6178-b1f5-49c6-a192-edc1bfc8677d{ip: 192.168.30.6, host: pr-hdds-1569-5gmkr-4255264070, networkLocation: /default-rack, certSerialId: null}, Type:RATIS, Factor:ONE, State:OPEN]
2019-09-25 11:09:49,419 [Thread-3636] INFO  impl.FollowerState (FollowerState.java:run(106)) - e2b10f42-ed4b-4300-a7cb-c770d2b1b0a2:group-33A3B92425F5 changes to CANDIDATE, lastRpcTime:5066, electionTimeout:5039ms
2019-09-25 11:09:49,424 [f195ac4f-a279-4102-9716-e02d49b9162a@group-C8BDC1027D85:LeaderElection285] INFO  impl.RoleInfo (RoleInfo.java:updateAndGet(143)) - f195ac4f-a279-4102-9716-e02d49b9162a: start LeaderState
2019-09-25 11:09:49,419 [f195ac4f-a279-4102-9716-e02d49b9162a@group-A0C69D2B2933:LeaderElection283] INFO  server.RaftServerConfigKeys (ConfUtils.java:logGet(43)) - raft.server.watch.element-limit = 65536 (default)
2019-09-25 11:09:49,424 [f195ac4f-a279-4102-9716-e02d49b9162a@group-C8BDC1027D85:LeaderElection285] INFO  segmented.SegmentedRaftLogWorker (SegmentedRaftLogWorker.java:startLogSegment(380)) - f195ac4f-a279-4102-9716-e02d49b9162a@group-C8BDC1027D85-SegmentedRaftLogWorker: Starting segment from index:0
2019-09-25 11:09:49,424 [Thread-3636] INFO  impl.RoleInfo (RoleInfo.java:shutdownFollowerState(121)) - e2b10f42-ed4b-4300-a7cb-c770d2b1b0a2: shutdown FollowerState
2019-09-25 11:09:49,420 [Thread-3627] INFO  impl.FollowerState (FollowerState.java:run(106)) - f195ac4f-a279-4102-9716-e02d49b9162a:group-676CE62797EE changes to CANDIDATE, lastRpcTime:5208, electionTimeout:5179ms
2019-09-25 11:09:49,429 [Thread-3627] INFO  impl.RoleInfo (RoleInfo.java:shutdownFollowerState(121)) - f195ac4f-a279-4102-9716-e02d49b9162a: shutdown FollowerState
2019-09-25 11:09:49,420 [9c4ccc43-f5ac-4960-a511-a1ff33ec0d19@group-916268C84290:LeaderElection287] INFO  impl.RoleInfo (RoleInfo.java:shutdownLeaderElection(134)) - 9c4ccc43-f5ac-4960-a511-a1ff33ec0d19: shutdown LeaderElection
2019-09-25 11:09:49,420 [9c4ccc43-f5ac-4960-a511-a1ff33ec0d19@group-39E95C652D40:LeaderElection289] INFO  impl.RoleInfo (RoleInfo.java:shutdownLeaderElection(134)) - 9c4ccc43-f5ac-4960-a511-a1ff33ec0d19: shutdown LeaderElection
2019-09-25 11:09:49,420 [EventQueue-StaleNodeForStaleNodeHandler] INFO  pipeline.PipelineStateManager (PipelineStateManager.java:finalizePipeline(123)) - Pipeline Pipeline[ Id: 237b172a-e06d-4390-b94d-6f56365799f9, Nodes: deee6178-b1f5-49c6-a192-edc1bfc8677d{ip: 192.168.30.6, host: pr-hdds-1569-5gmkr-4255264070, networkLocation: /default-rack, certSerialId: null}, Type:RATIS, Factor:ONE, State:CLOSED] moved to CLOSED state
2019-09-25 11:09:49,429 [9c4ccc43-f5ac-4960-a511-a1ff33ec0d19@group-39E95C652D40:LeaderElection289] INFO  impl.RaftServerImpl (RaftServerImpl.java:setRole(174)) - 9c4ccc43-f5ac-4960-a511-a1ff33ec0d19@group-39E95C652D40: changes role from CANDIDATE to LEADER at term 1 for changeToLeader
2019-09-25 11:09:49,429 [9c4ccc43-f5ac-4960-a511-a1ff33ec0d19@group-39E95C652D40:LeaderElection289] INFO  impl.RaftServerImpl (ServerState.java:setLeader(253)) - 9c4ccc43-f5ac-4960-a511-a1ff33ec0d19@group-39E95C652D40: change Leader from null to 9c4ccc43-f5ac-4960-a511-a1ff33ec0d19 at term 1 for becomeLeader, leader elected after 5366ms
2019-09-25 11:09:49,429 [9c4ccc43-f5ac-4960-a511-a1ff33ec0d19@group-916268C84290:LeaderElection287] INFO  impl.RaftServerImpl (RaftServerImpl.java:setRole(174)) - 9c4ccc43-f5ac-4960-a511-a1ff33ec0d19@group-916268C84290: changes role from CANDIDATE to LEADER at term 1 for changeToLeader
2019-09-25 11:09:49,429 [Thread-3627] INFO  impl.RaftServerImpl (RaftServerImpl.java:setRole(174)) - f195ac4f-a279-4102-9716-e02d49b9162a@group-676CE62797EE: changes role from  FOLLOWER to CANDIDATE at term 0 for changeToCandidate
2019-09-25 11:09:49,425 [9c4ccc43-f5ac-4960-a511-a1ff33ec0d19@group-164A65FC6332:LeaderElection286] INFO  impl.RoleInfo (RoleInfo.java:updateAndGet(143)) - 9c4ccc43-f5ac-4960-a511-a1ff33ec0d19: start LeaderState
2019-09-25 11:09:49,424 [Thread-3636] INFO  impl.RaftServerImpl (RaftServerImpl.java:setRole(174)) - e2b10f42-ed4b-4300-a7cb-c770d2b1b0a2@group-33A3B92425F5: changes role from  FOLLOWER to CANDIDATE at term 0 for changeToCandidate
2019-09-25 11:09:49,430 [9c4ccc43-f5ac-4960-a511-a1ff33ec0d19@group-164A65FC6332:LeaderElection286] INFO  segmented.SegmentedRaftLogWorker (SegmentedRaftLogWorker.java:startLogSegment(380)) - 9c4ccc43-f5ac-4960-a511-a1ff33ec0d19@group-164A65FC6332-SegmentedRaftLogWorker: Starting segment from index:0
2019-09-25 11:09:49,429 [9c4ccc43-f5ac-4960-a511-a1ff33ec0d19@group-916268C84290:LeaderElection287] INFO  impl.RaftServerImpl (ServerState.java:setLeader(253)) - 9c4ccc43-f5ac-4960-a511-a1ff33ec0d19@group-916268C84290: change Leader from null to 9c4ccc43-f5ac-4960-a511-a1ff33ec0d19 at term 1 for becomeLeader, leader elected after 5540ms
2019-09-25 11:09:49,429 [9c4ccc43-f5ac-4960-a511-a1ff33ec0d19@group-39E95C652D40:LeaderElection289] INFO  server.RaftServerConfigKeys (ConfUtils.java:logGet(43)) - raft.server.staging.catchup.gap = 1000 (default)
2019-09-25 11:09:49,429 [9c4ccc43-f5ac-4960-a511-a1ff33ec0d19@group-2B24BBB8B56A:LeaderElection288] INFO  impl.RoleInfo (RoleInfo.java:updateAndGet(143)) - 9c4ccc43-f5ac-4960-a511-a1ff33ec0d19: start LeaderState
2019-09-25 11:09:49,429 [EventQueue-StaleNodeForStaleNodeHandler] INFO  pipeline.SCMPipelineManager (SCMPipelineManager.java:finalizeAndDestroyPipeline(316)) - destroying pipeline:Pipeline[ Id: 48c47c35-f3cc-4c2d-a196-ba282e497c1b, Nodes: deee6178-b1f5-49c6-a192-edc1bfc8677d{ip: 192.168.30.6, host: pr-hdds-1569-5gmkr-4255264070, networkLocation: /default-rack, certSerialId: null}, Type:RATIS, Factor:ONE, State:OPEN]
2019-09-25 11:09:49,430 [9c4ccc43-f5ac-4960-a511-a1ff33ec0d19@group-2B24BBB8B56A:LeaderElection288] INFO  segmented.SegmentedRaftLogWorker (SegmentedRaftLogWorker.java:startLogSegment(380)) - 9c4ccc43-f5ac-4960-a511-a1ff33ec0d19@group-2B24BBB8B56A-SegmentedRaftLogWorker: Starting segment from index:0
2019-09-25 11:09:49,430 [9c4ccc43-f5ac-4960-a511-a1ff33ec0d19@group-39E95C652D40:LeaderElection289] INFO  server.RaftServerConfigKeys (ConfUtils.java:logGet(43)) - raft.server.rpc.sleep.time = 25ms (default)
2019-09-25 11:09:49,430 [9c4ccc43-f5ac-4960-a511-a1ff33ec0d19@group-916268C84290:LeaderElection287] INFO  server.RaftServerConfigKeys (ConfUtils.java:logGet(43)) - raft.server.staging.catchup.gap = 1000 (default)
2019-09-25 11:09:49,430 [EventQueue-StaleNodeForStaleNodeHandler] INFO  pipeline.PipelineStateManager (PipelineStateManager.java:finalizePipeline(123)) - Pipeline Pipeline[ Id: 48c47c35-f3cc-4c2d-a196-ba282e497c1b, Nodes: deee6178-b1f5-49c6-a192-edc1bfc8677d{ip: 192.168.30.6, host: pr-hdds-1569-5gmkr-4255264070, networkLocation: /default-rack, certSerialId: null}, Type:RATIS, Factor:ONE, State:CLOSED] moved to CLOSED state
2019-09-25 11:09:49,430 [9c4ccc43-f5ac-4960-a511-a1ff33ec0d19@group-916268C84290:LeaderElection287] INFO  server.RaftServerConfigKeys (ConfUtils.java:logGet(43)) - raft.server.rpc.sleep.time = 25ms (default)
2019-09-25 11:09:49,433 [9c4ccc43-f5ac-4960-a511-a1ff33ec0d19@group-916268C84290:LeaderElection287] INFO  server.RaftServerConfigKeys (ConfUtils.java:logGet(43)) - raft.server.write.element-limit = 4096 (default)
2019-09-25 11:09:49,433 [9c4ccc43-f5ac-4960-a511-a1ff33ec0d19@group-39E95C652D40:LeaderElection289] INFO  server.RaftServerConfigKeys (ConfUtils.java:logGet(43)) - raft.server.write.element-limit = 4096 (default)
2019-09-25 11:09:49,433 [9c4ccc43-f5ac-4960-a511-a1ff33ec0d19@group-916268C84290:LeaderElection287] INFO  server.RaftServerConfigKeys (ConfUtils.java:logGet(43)) - raft.server.watch.timeout = 10s (default)
2019-09-25 11:09:49,433 [9c4ccc43-f5ac-4960-a511-a1ff33ec0d19@group-39E95C652D40:LeaderElection289] INFO  server.RaftServerConfigKeys (ConfUtils.java:logGet(43)) - raft.server.watch.timeout = 10s (default)
2019-09-25 11:09:49,433 [9c4ccc43-f5ac-4960-a511-a1ff33ec0d19@group-916268C84290:LeaderElection287] INFO  server.RaftServerConfigKeys (ConfUtils.java:logGet(43)) - raft.server.watch.timeout.denomination = 1s (default)
2019-09-25 11:09:49,433 [e2b10f42-ed4b-4300-a7cb-c770d2b1b0a2@group-161B918587D1:LeaderElection284] INFO  impl.RoleInfo (RoleInfo.java:updateAndGet(143)) - e2b10f42-ed4b-4300-a7cb-c770d2b1b0a2: start LeaderState
2019-09-25 11:09:49,433 [9c4ccc43-f5ac-4960-a511-a1ff33ec0d19@group-39E95C652D40:LeaderElection289] INFO  server.RaftServerConfigKeys (ConfUtils.java:logGet(43)) - raft.server.watch.timeout.denomination = 1s (default)
2019-09-25 11:09:49,434 [e2b10f42-ed4b-4300-a7cb-c770d2b1b0a2@group-161B918587D1:LeaderElection284] INFO  segmented.SegmentedRaftLogWorker (SegmentedRaftLogWorker.java:startLogSegment(380)) - e2b10f42-ed4b-4300-a7cb-c770d2b1b0a2@group-161B918587D1-SegmentedRaftLogWorker: Starting segment from index:0
2019-09-25 11:09:49,433 [9c4ccc43-f5ac-4960-a511-a1ff33ec0d19@group-916268C84290:LeaderElection287] INFO  server.RaftServerConfigKeys (ConfUtils.java:logGet(43)) - raft.server.watch.element-limit = 65536 (default)
2019-09-25 11:09:49,434 [9c4ccc43-f5ac-4960-a511-a1ff33ec0d19@group-39E95C652D40:LeaderElection289] INFO  server.RaftServerConfigKeys (ConfUtils.java:logGet(43)) - raft.server.watch.element-limit = 65536 (default)
2019-09-25 11:09:49,438 [Thread-3636] INFO  impl.RoleInfo (RoleInfo.java:updateAndGet(143)) - e2b10f42-ed4b-4300-a7cb-c770d2b1b0a2: start LeaderElection
2019-09-25 11:09:49,438 [f195ac4f-a279-4102-9716-e02d49b9162a@group-C8BDC1027D85:LeaderElection285] INFO  impl.RaftServerImpl (ServerState.java:setRaftConf(354)) - f195ac4f-a279-4102-9716-e02d49b9162a@group-C8BDC1027D85: set configuration 0: [f195ac4f-a279-4102-9716-e02d49b9162a:192.168.30.6:37523], old=null at 0
2019-09-25 11:09:49,438 [Thread-3627] INFO  impl.RoleInfo (RoleInfo.java:updateAndGet(143)) - f195ac4f-a279-4102-9716-e02d49b9162a: start LeaderElection
2019-09-25 11:09:49,442 [f195ac4f-a279-4102-9716-e02d49b9162a@group-A0C69D2B2933:LeaderElection283] INFO  impl.RoleInfo (RoleInfo.java:updateAndGet(143)) - f195ac4f-a279-4102-9716-e02d49b9162a: start LeaderState
2019-09-25 11:09:49,442 [f195ac4f-a279-4102-9716-e02d49b9162a@group-A0C69D2B2933:LeaderElection283] INFO  segmented.SegmentedRaftLogWorker (SegmentedRaftLogWorker.java:startLogSegment(380)) - f195ac4f-a279-4102-9716-e02d49b9162a@group-A0C69D2B2933-SegmentedRaftLogWorker: Starting segment from index:0
2019-09-25 11:09:49,451 [9c4ccc43-f5ac-4960-a511-a1ff33ec0d19@group-164A65FC6332:LeaderElection286] INFO  impl.RaftServerImpl (ServerState.java:setRaftConf(354)) - 9c4ccc43-f5ac-4960-a511-a1ff33ec0d19@group-164A65FC6332: set configuration 0: [9c4ccc43-f5ac-4960-a511-a1ff33ec0d19:192.168.30.6:45264], old=null at 0
2019-09-25 11:09:49,460 [f195ac4f-a279-4102-9716-e02d49b9162a@group-A0C69D2B2933:LeaderElection283] INFO  impl.RaftServerImpl (ServerState.java:setRaftConf(354)) - f195ac4f-a279-4102-9716-e02d49b9162a@group-A0C69D2B2933: set configuration 0: [f195ac4f-a279-4102-9716-e02d49b9162a:192.168.30.6:37523], old=null at 0
2019-09-25 11:09:49,460 [e2b10f42-ed4b-4300-a7cb-c770d2b1b0a2@group-161B918587D1:LeaderElection284] INFO  impl.RaftServerImpl (ServerState.java:setRaftConf(354)) - e2b10f42-ed4b-4300-a7cb-c770d2b1b0a2@group-161B918587D1: set configuration 0: [e2b10f42-ed4b-4300-a7cb-c770d2b1b0a2:192.168.30.6:33746], old=null at 0
2019-09-25 11:09:49,461 [9c4ccc43-f5ac-4960-a511-a1ff33ec0d19@group-2B24BBB8B56A:LeaderElection288] INFO  impl.RaftServerImpl (ServerState.java:setRaftConf(354)) - 9c4ccc43-f5ac-4960-a511-a1ff33ec0d19@group-2B24BBB8B56A: set configuration 0: [9c4ccc43-f5ac-4960-a511-a1ff33ec0d19:192.168.30.6:45264], old=null at 0
2019-09-25 11:09:49,493 [deee6178-b1f5-49c6-a192-edc1bfc8677d@group-83411F33F957-SegmentedRaftLogWorker] INFO  segmented.SegmentedRaftLogWorker (SegmentedRaftLogWorker.java:execute(569)) - deee6178-b1f5-49c6-a192-edc1bfc8677d@group-83411F33F957-SegmentedRaftLogWorker: created new log segment /workdir/hadoop-ozone/integration-test/target/test-dir/MiniOzoneClusterImpl-d8e1effc-caf9-4828-b7f0-59ad57edb745/datanode-1/data/ratis/a23d79d1-6d61-4dd8-8960-83411f33f957/current/log_inprogress_0
2019-09-25 11:09:49,461 [EventQueue-StaleNodeForStaleNodeHandler] INFO  node.StaleNodeHandler (StaleNodeHandler.java:onMessage(58)) - Datanode 9c4ccc43-f5ac-4960-a511-a1ff33ec0d19{ip: 192.168.30.6, host: pr-hdds-1569-5gmkr-4255264070, networkLocation: /default-rack, certSerialId: null} moved to stale state. Finalizing its pipelines [PipelineID=e302589d-9585-486b-83a4-164a65fc6332, PipelineID=edbf75f2-ad31-4db4-8a55-fbc27ce61c2a, PipelineID=e3929b7d-1e58-4a8a-9746-39e95c652d40, PipelineID=dda89f1f-3add-4cf4-9e63-ef713b4182c4, PipelineID=811bdf64-1eda-462e-99ce-916268c84290, PipelineID=b729194c-287e-4708-b2aa-2b24bbb8b56a]
2019-09-25 11:09:49,492 [Thread-3633] INFO  impl.FollowerState (FollowerState.java:run(106)) - e2b10f42-ed4b-4300-a7cb-c770d2b1b0a2:group-07866119D600 changes to CANDIDATE, lastRpcTime:5180, electionTimeout:5174ms
2019-09-25 11:09:49,493 [EventQueue-StaleNodeForStaleNodeHandler] INFO  pipeline.SCMPipelineManager (SCMPipelineManager.java:finalizeAndDestroyPipeline(316)) - destroying pipeline:Pipeline[ Id: e302589d-9585-486b-83a4-164a65fc6332, Nodes: 9c4ccc43-f5ac-4960-a511-a1ff33ec0d19{ip: 192.168.30.6, host: pr-hdds-1569-5gmkr-4255264070, networkLocation: /default-rack, certSerialId: null}, Type:RATIS, Factor:ONE, State:OPEN]
2019-09-25 11:09:49,535 [EventQueue-StaleNodeForStaleNodeHandler] INFO  pipeline.PipelineStateManager (PipelineStateManager.java:finalizePipeline(123)) - Pipeline Pipeline[ Id: e302589d-9585-486b-83a4-164a65fc6332, Nodes: 9c4ccc43-f5ac-4960-a511-a1ff33ec0d19{ip: 192.168.30.6, host: pr-hdds-1569-5gmkr-4255264070, networkLocation: /default-rack, certSerialId: null}, Type:RATIS, Factor:ONE, State:CLOSED] moved to CLOSED state
2019-09-25 11:09:49,535 [EventQueue-StaleNodeForStaleNodeHandler] INFO  pipeline.SCMPipelineManager (SCMPipelineManager.java:finalizeAndDestroyPipeline(316)) - destroying pipeline:Pipeline[ Id: edbf75f2-ad31-4db4-8a55-fbc27ce61c2a, Nodes: 9c4ccc43-f5ac-4960-a511-a1ff33ec0d19{ip: 192.168.30.6, host: pr-hdds-1569-5gmkr-4255264070, networkLocation: /default-rack, certSerialId: null}, Type:RATIS, Factor:ONE, State:OPEN]
2019-09-25 11:09:49,535 [f195ac4f-a279-4102-9716-e02d49b9162a@group-A0C69D2B2933-SegmentedRaftLogWorker] INFO  segmented.SegmentedRaftLogWorker (SegmentedRaftLogWorker.java:execute(569)) - f195ac4f-a279-4102-9716-e02d49b9162a@group-A0C69D2B2933-SegmentedRaftLogWorker: created new log segment /workdir/hadoop-ozone/integration-test/target/test-dir/MiniOzoneClusterImpl-d8e1effc-caf9-4828-b7f0-59ad57edb745/datanode-5/data/ratis/ab64ede2-da44-4f73-8f7f-a0c69d2b2933/current/log_inprogress_0
2019-09-25 11:09:49,536 [EventQueue-StaleNodeForStaleNodeHandler] INFO  pipeline.PipelineStateManager (PipelineStateManager.java:finalizePipeline(123)) - Pipeline Pipeline[ Id: edbf75f2-ad31-4db4-8a55-fbc27ce61c2a, Nodes: 9c4ccc43-f5ac-4960-a511-a1ff33ec0d19{ip: 192.168.30.6, host: pr-hdds-1569-5gmkr-4255264070, networkLocation: /default-rack, certSerialId: null}, Type:RATIS, Factor:ONE, State:CLOSED] moved to CLOSED state
2019-09-25 11:09:49,536 [f195ac4f-a279-4102-9716-e02d49b9162a@group-676CE62797EE:LeaderElection290] INFO  impl.LeaderElection (LeaderElection.java:askForVotes(182)) - f195ac4f-a279-4102-9716-e02d49b9162a@group-676CE62797EE:LeaderElection290: begin an election at term 1 for -1: [f195ac4f-a279-4102-9716-e02d49b9162a:192.168.30.6:37523], old=null
2019-09-25 11:09:49,536 [e2b10f42-ed4b-4300-a7cb-c770d2b1b0a2@group-33A3B92425F5:LeaderElection291] INFO  impl.LeaderElection (LeaderElection.java:askForVotes(182)) - e2b10f42-ed4b-4300-a7cb-c770d2b1b0a2@group-33A3B92425F5:LeaderElection291: begin an election at term 1 for -1: [e2b10f42-ed4b-4300-a7cb-c770d2b1b0a2:192.168.30.6:33746], old=null
2019-09-25 11:09:49,536 [f195ac4f-a279-4102-9716-e02d49b9162a@group-676CE62797EE:LeaderElection290] INFO  impl.RoleInfo (RoleInfo.java:shutdownLeaderElection(134)) - f195ac4f-a279-4102-9716-e02d49b9162a: shutdown LeaderElection
2019-09-25 11:09:49,536 [e2b10f42-ed4b-4300-a7cb-c770d2b1b0a2@group-33A3B92425F5:LeaderElection291] INFO  impl.RoleInfo (RoleInfo.java:shutdownLeaderElection(134)) - e2b10f42-ed4b-4300-a7cb-c770d2b1b0a2: shutdown LeaderElection
2019-09-25 11:09:49,536 [EventQueue-StaleNodeForStaleNodeHandler] INFO  pipeline.SCMPipelineManager (SCMPipelineManager.java:finalizeAndDestroyPipeline(316)) - destroying pipeline:Pipeline[ Id: e3929b7d-1e58-4a8a-9746-39e95c652d40, Nodes: 9c4ccc43-f5ac-4960-a511-a1ff33ec0d19{ip: 192.168.30.6, host: pr-hdds-1569-5gmkr-4255264070, networkLocation: /default-rack, certSerialId: null}, Type:RATIS, Factor:ONE, State:OPEN]
2019-09-25 11:09:49,536 [Thread-3633] INFO  impl.RoleInfo (RoleInfo.java:shutdownFollowerState(121)) - e2b10f42-ed4b-4300-a7cb-c770d2b1b0a2: shutdown FollowerState
2019-09-25 11:09:49,536 [e2b10f42-ed4b-4300-a7cb-c770d2b1b0a2@group-33A3B92425F5:LeaderElection291] INFO  impl.RaftServerImpl (RaftServerImpl.java:setRole(174)) - e2b10f42-ed4b-4300-a7cb-c770d2b1b0a2@group-33A3B92425F5: changes role from CANDIDATE to LEADER at term 1 for changeToLeader
2019-09-25 11:09:49,536 [f195ac4f-a279-4102-9716-e02d49b9162a@group-676CE62797EE:LeaderElection290] INFO  impl.RaftServerImpl (RaftServerImpl.java:setRole(174)) - f195ac4f-a279-4102-9716-e02d49b9162a@group-676CE62797EE: changes role from CANDIDATE to LEADER at term 1 for changeToLeader
2019-09-25 11:09:49,536 [e2b10f42-ed4b-4300-a7cb-c770d2b1b0a2@group-33A3B92425F5:LeaderElection291] INFO  impl.RaftServerImpl (ServerState.java:setLeader(253)) - e2b10f42-ed4b-4300-a7cb-c770d2b1b0a2@group-33A3B92425F5: change Leader from null to e2b10f42-ed4b-4300-a7cb-c770d2b1b0a2 at term 1 for becomeLeader, leader elected after 5188ms
2019-09-25 11:09:49,536 [9c4ccc43-f5ac-4960-a511-a1ff33ec0d19@group-916268C84290:LeaderElection287] INFO  impl.RoleInfo (RoleInfo.java:updateAndGet(143)) - 9c4ccc43-f5ac-4960-a511-a1ff33ec0d19: start LeaderState
2019-09-25 11:09:49,536 [Thread-3633] INFO  impl.RaftServerImpl (RaftServerImpl.java:setRole(174)) - e2b10f42-ed4b-4300-a7cb-c770d2b1b0a2@group-07866119D600: changes role from  FOLLOWER to CANDIDATE at term 0 for changeToCandidate
2019-09-25 11:09:49,536 [EventQueue-StaleNodeForStaleNodeHandler] INFO  pipeline.PipelineStateManager (PipelineStateManager.java:finalizePipeline(123)) - Pipeline Pipeline[ Id: e3929b7d-1e58-4a8a-9746-39e95c652d40, Nodes: 9c4ccc43-f5ac-4960-a511-a1ff33ec0d19{ip: 192.168.30.6, host: pr-hdds-1569-5gmkr-4255264070, networkLocation: /default-rack, certSerialId: null}, Type:RATIS, Factor:ONE, State:CLOSED] moved to CLOSED state
2019-09-25 11:09:49,607 [Thread-3633] INFO  impl.RoleInfo (RoleInfo.java:updateAndGet(143)) - e2b10f42-ed4b-4300-a7cb-c770d2b1b0a2: start LeaderElection
2019-09-25 11:09:49,607 [EventQueue-StaleNodeForStaleNodeHandler] INFO  pipeline.SCMPipelineManager (SCMPipelineManager.java:finalizeAndDestroyPipeline(316)) - destroying pipeline:Pipeline[ Id: dda89f1f-3add-4cf4-9e63-ef713b4182c4, Nodes: 9c4ccc43-f5ac-4960-a511-a1ff33ec0d19{ip: 192.168.30.6, host: pr-hdds-1569-5gmkr-4255264070, networkLocation: /default-rack, certSerialId: null}, Type:RATIS, Factor:ONE, State:OPEN]
2019-09-25 11:09:49,607 [9c4ccc43-f5ac-4960-a511-a1ff33ec0d19@group-916268C84290:LeaderElection287] INFO  segmented.SegmentedRaftLogWorker (SegmentedRaftLogWorker.java:startLogSegment(380)) - 9c4ccc43-f5ac-4960-a511-a1ff33ec0d19@group-916268C84290-SegmentedRaftLogWorker: Starting segment from index:0
2019-09-25 11:09:49,606 [e2b10f42-ed4b-4300-a7cb-c770d2b1b0a2@group-33A3B92425F5:LeaderElection291] INFO  server.RaftServerConfigKeys (ConfUtils.java:logGet(43)) - raft.server.staging.catchup.gap = 1000 (default)
2019-09-25 11:09:49,606 [main] INFO  ozoneimpl.OzoneContainer (OzoneContainer.java:stop(231)) - Attempting to stop container services.
2019-09-25 11:09:49,606 [e2b10f42-ed4b-4300-a7cb-c770d2b1b0a2@group-161B918587D1-SegmentedRaftLogWorker] INFO  segmented.SegmentedRaftLogWorker (SegmentedRaftLogWorker.java:execute(569)) - e2b10f42-ed4b-4300-a7cb-c770d2b1b0a2@group-161B918587D1-SegmentedRaftLogWorker: created new log segment /workdir/hadoop-ozone/integration-test/target/test-dir/MiniOzoneClusterImpl-d8e1effc-caf9-4828-b7f0-59ad57edb745/datanode-6/data/ratis/273061f9-7b02-45b6-9cf9-161b918587d1/current/log_inprogress_0
2019-09-25 11:09:49,557 [Thread-3639] INFO  impl.FollowerState (FollowerState.java:run(106)) - f195ac4f-a279-4102-9716-e02d49b9162a:group-0E89412F051D changes to CANDIDATE, lastRpcTime:5162, electionTimeout:5145ms
2019-09-25 11:09:49,597 [f195ac4f-a279-4102-9716-e02d49b9162a@group-C8BDC1027D85-SegmentedRaftLogWorker] INFO  segmented.SegmentedRaftLogWorker (SegmentedRaftLogWorker.java:execute(569)) - f195ac4f-a279-4102-9716-e02d49b9162a@group-C8BDC1027D85-SegmentedRaftLogWorker: created new log segment /workdir/hadoop-ozone/integration-test/target/test-dir/MiniOzoneClusterImpl-d8e1effc-caf9-4828-b7f0-59ad57edb745/datanode-5/data/ratis/fc4c2288-ff28-476f-aea4-c8bdc1027d85/current/log_inprogress_0
2019-09-25 11:09:49,590 [9c4ccc43-f5ac-4960-a511-a1ff33ec0d19@group-164A65FC6332-SegmentedRaftLogWorker] INFO  segmented.SegmentedRaftLogWorker (SegmentedRaftLogWorker.java:execute(569)) - 9c4ccc43-f5ac-4960-a511-a1ff33ec0d19@group-164A65FC6332-SegmentedRaftLogWorker: created new log segment /workdir/hadoop-ozone/integration-test/target/test-dir/MiniOzoneClusterImpl-d8e1effc-caf9-4828-b7f0-59ad57edb745/datanode-4/data/ratis/e302589d-9585-486b-83a4-164a65fc6332/current/log_inprogress_0
2019-09-25 11:09:49,589 [9c4ccc43-f5ac-4960-a511-a1ff33ec0d19@group-2B24BBB8B56A-SegmentedRaftLogWorker] INFO  segmented.SegmentedRaftLogWorker (SegmentedRaftLogWorker.java:execute(569)) - 9c4ccc43-f5ac-4960-a511-a1ff33ec0d19@group-2B24BBB8B56A-SegmentedRaftLogWorker: created new log segment /workdir/hadoop-ozone/integration-test/target/test-dir/MiniOzoneClusterImpl-d8e1effc-caf9-4828-b7f0-59ad57edb745/datanode-4/data/ratis/b729194c-287e-4708-b2aa-2b24bbb8b56a/current/log_inprogress_0
2019-09-25 11:09:49,589 [ForkJoinPool.commonPool-worker-1] INFO  ozoneimpl.OzoneContainer (OzoneContainer.java:stop(231)) - Attempting to stop container services.
2019-09-25 11:09:49,589 [9c4ccc43-f5ac-4960-a511-a1ff33ec0d19@group-39E95C652D40:LeaderElection289] INFO  impl.RoleInfo (RoleInfo.java:updateAndGet(143)) - 9c4ccc43-f5ac-4960-a511-a1ff33ec0d19: start LeaderState
2019-09-25 11:09:49,537 [f195ac4f-a279-4102-9716-e02d49b9162a@group-676CE62797EE:LeaderElection290] INFO  impl.RaftServerImpl (ServerState.java:setLeader(253)) - f195ac4f-a279-4102-9716-e02d49b9162a@group-676CE62797EE: change Leader from null to f195ac4f-a279-4102-9716-e02d49b9162a at term 1 for becomeLeader, leader elected after 5329ms
2019-09-25 11:09:49,608 [9c4ccc43-f5ac-4960-a511-a1ff33ec0d19@group-39E95C652D40:LeaderElection289] INFO  segmented.SegmentedRaftLogWorker (SegmentedRaftLogWorker.java:startLogSegment(380)) - 9c4ccc43-f5ac-4960-a511-a1ff33ec0d19@group-39E95C652D40-SegmentedRaftLogWorker: Starting segment from index:0
2019-09-25 11:09:49,608 [ForkJoinPool.commonPool-worker-1] INFO  impl.RaftServerProxy (RaftServerProxy.java:lambda$close$4(314)) - deee6178-b1f5-49c6-a192-edc1bfc8677d: close
2019-09-25 11:09:49,608 [Thread-3639] INFO  impl.RoleInfo (RoleInfo.java:shutdownFollowerState(121)) - f195ac4f-a279-4102-9716-e02d49b9162a: shutdown FollowerState
2019-09-25 11:09:49,608 [main] INFO  impl.RaftServerProxy (RaftServerProxy.java:lambda$close$4(314)) - 9c4ccc43-f5ac-4960-a511-a1ff33ec0d19: close
2019-09-25 11:09:49,607 [e2b10f42-ed4b-4300-a7cb-c770d2b1b0a2@group-33A3B92425F5:LeaderElection291] INFO  server.RaftServerConfigKeys (ConfUtils.java:logGet(43)) - raft.server.rpc.sleep.time = 25ms (default)
2019-09-25 11:09:49,607 [9c4ccc43-f5ac-4960-a511-a1ff33ec0d19@group-916268C84290:LeaderElection287] INFO  impl.RaftServerImpl (ServerState.java:setRaftConf(354)) - 9c4ccc43-f5ac-4960-a511-a1ff33ec0d19@group-916268C84290: set configuration 0: [9c4ccc43-f5ac-4960-a511-a1ff33ec0d19:192.168.30.6:45264], old=null at 0
2019-09-25 11:09:49,607 [EventQueue-StaleNodeForStaleNodeHandler] INFO  pipeline.PipelineStateManager (PipelineStateManager.java:finalizePipeline(123)) - Pipeline Pipeline[ Id: dda89f1f-3add-4cf4-9e63-ef713b4182c4, Nodes: 9c4ccc43-f5ac-4960-a511-a1ff33ec0d19{ip: 192.168.30.6, host: pr-hdds-1569-5gmkr-4255264070, networkLocation: /default-rack, certSerialId: null}, Type:RATIS, Factor:ONE, State:CLOSED] moved to CLOSED state
2019-09-25 11:09:49,609 [e2b10f42-ed4b-4300-a7cb-c770d2b1b0a2@group-33A3B92425F5:LeaderElection291] INFO  server.RaftServerConfigKeys (ConfUtils.java:logGet(43)) - raft.server.write.element-limit = 4096 (default)
2019-09-25 11:09:49,609 [main] INFO  impl.RaftServerImpl (RaftServerImpl.java:lambda$shutdown$3(251)) - 9c4ccc43-f5ac-4960-a511-a1ff33ec0d19@group-39E95C652D40: shutdown
2019-09-25 11:09:49,609 [Thread-3639] INFO  impl.RaftServerImpl (RaftServerImpl.java:setRole(174)) - f195ac4f-a279-4102-9716-e02d49b9162a@group-0E89412F051D: changes role from  FOLLOWER to CANDIDATE at term 0 for changeToCandidate
2019-09-25 11:09:49,609 [9c4ccc43-f5ac-4960-a511-a1ff33ec0d19@group-39E95C652D40:LeaderElection289] INFO  impl.RaftServerImpl (ServerState.java:setRaftConf(354)) - 9c4ccc43-f5ac-4960-a511-a1ff33ec0d19@group-39E95C652D40: set configuration 0: [9c4ccc43-f5ac-4960-a511-a1ff33ec0d19:192.168.30.6:45264], old=null at 0
2019-09-25 11:09:49,609 [ForkJoinPool.commonPool-worker-1] INFO  impl.RaftServerImpl (RaftServerImpl.java:lambda$shutdown$3(251)) - deee6178-b1f5-49c6-a192-edc1bfc8677d@group-FC079FBD1FC2: shutdown
2019-09-25 11:09:49,610 [ForkJoinPool.commonPool-worker-1] INFO  util.JmxRegister (JmxRegister.java:unregister(73)) - Successfully un-registered JMX Bean with object name Ratis:service=RaftServer,group=group-FC079FBD1FC2,id=deee6178-b1f5-49c6-a192-edc1bfc8677d
2019-09-25 11:09:49,608 [f195ac4f-a279-4102-9716-e02d49b9162a@group-676CE62797EE:LeaderElection290] INFO  server.RaftServerConfigKeys (ConfUtils.java:logGet(43)) - raft.server.staging.catchup.gap = 1000 (default)
2019-09-25 11:09:49,610 [ForkJoinPool.commonPool-worker-1] INFO  impl.RoleInfo (RoleInfo.java:shutdownLeaderState(104)) - deee6178-b1f5-49c6-a192-edc1bfc8677d: shutdown LeaderState
2019-09-25 11:09:49,610 [Thread-3639] INFO  impl.RoleInfo (RoleInfo.java:updateAndGet(143)) - f195ac4f-a279-4102-9716-e02d49b9162a: start LeaderElection
2019-09-25 11:09:49,610 [main] INFO  util.JmxRegister (JmxRegister.java:unregister(73)) - Successfully un-registered JMX Bean with object name Ratis:service=RaftServer,group=group-39E95C652D40,id=9c4ccc43-f5ac-4960-a511-a1ff33ec0d19
2019-09-25 11:09:49,611 [main] INFO  impl.RoleInfo (RoleInfo.java:shutdownLeaderState(104)) - 9c4ccc43-f5ac-4960-a511-a1ff33ec0d19: shutdown LeaderState
2019-09-25 11:09:49,610 [e2b10f42-ed4b-4300-a7cb-c770d2b1b0a2@group-33A3B92425F5:LeaderElection291] INFO  server.RaftServerConfigKeys (ConfUtils.java:logGet(43)) - raft.server.watch.timeout = 10s (default)
2019-09-25 11:09:49,610 [Thread-3642] INFO  impl.FollowerState (FollowerState.java:run(106)) - e2b10f42-ed4b-4300-a7cb-c770d2b1b0a2:group-5EFE2F638EA0 changes to CANDIDATE, lastRpcTime:5175, electionTimeout:5175ms
2019-09-25 11:09:49,610 [EventQueue-StaleNodeForStaleNodeHandler] INFO  pipeline.SCMPipelineManager (SCMPipelineManager.java:finalizeAndDestroyPipeline(316)) - destroying pipeline:Pipeline[ Id: 811bdf64-1eda-462e-99ce-916268c84290, Nodes: 9c4ccc43-f5ac-4960-a511-a1ff33ec0d19{ip: 192.168.30.6, host: pr-hdds-1569-5gmkr-4255264070, networkLocation: /default-rack, certSerialId: null}, Type:RATIS, Factor:ONE, State:OPEN]
2019-09-25 11:09:49,612 [Thread-3642] INFO  impl.RoleInfo (RoleInfo.java:shutdownFollowerState(121)) - e2b10f42-ed4b-4300-a7cb-c770d2b1b0a2: shutdown FollowerState
2019-09-25 11:09:49,612 [e2b10f42-ed4b-4300-a7cb-c770d2b1b0a2@group-33A3B92425F5:LeaderElection291] INFO  server.RaftServerConfigKeys (ConfUtils.java:logGet(43)) - raft.server.watch.timeout.denomination = 1s (default)
2019-09-25 11:09:49,612 [main] INFO  impl.PendingRequests (PendingRequests.java:sendNotLeaderResponses(202)) - 9c4ccc43-f5ac-4960-a511-a1ff33ec0d19-PendingRequests: sendNotLeaderResponses
2019-09-25 11:09:49,611 [ForkJoinPool.commonPool-worker-1] INFO  impl.PendingRequests (PendingRequests.java:sendNotLeaderResponses(202)) - deee6178-b1f5-49c6-a192-edc1bfc8677d-PendingRequests: sendNotLeaderResponses
2019-09-25 11:09:49,611 [f195ac4f-a279-4102-9716-e02d49b9162a@group-676CE62797EE:LeaderElection290] INFO  server.RaftServerConfigKeys (ConfUtils.java:logGet(43)) - raft.server.rpc.sleep.time = 25ms (default)
2019-09-25 11:09:49,613 [ForkJoinPool.commonPool-worker-1] INFO  impl.StateMachineUpdater (StateMachineUpdater.java:stopAndJoin(125)) - deee6178-b1f5-49c6-a192-edc1bfc8677d@group-FC079FBD1FC2-StateMachineUpdater: set stopIndex = 0
2019-09-25 11:09:49,612 [main] INFO  impl.StateMachineUpdater (StateMachineUpdater.java:stopAndJoin(125)) - 9c4ccc43-f5ac-4960-a511-a1ff33ec0d19@group-39E95C652D40-StateMachineUpdater: set stopIndex = -1
2019-09-25 11:09:49,612 [e2b10f42-ed4b-4300-a7cb-c770d2b1b0a2@group-33A3B92425F5:LeaderElection291] INFO  server.RaftServerConfigKeys (ConfUtils.java:logGet(43)) - raft.server.watch.element-limit = 65536 (default)
2019-09-25 11:09:49,612 [Thread-3642] INFO  impl.RaftServerImpl (RaftServerImpl.java:setRole(174)) - e2b10f42-ed4b-4300-a7cb-c770d2b1b0a2@group-5EFE2F638EA0: changes role from  FOLLOWER to CANDIDATE at term 0 for changeToCandidate
2019-09-25 11:09:49,612 [EventQueue-StaleNodeForStaleNodeHandler] INFO  pipeline.PipelineStateManager (PipelineStateManager.java:finalizePipeline(123)) - Pipeline Pipeline[ Id: 811bdf64-1eda-462e-99ce-916268c84290, Nodes: 9c4ccc43-f5ac-4960-a511-a1ff33ec0d19{ip: 192.168.30.6, host: pr-hdds-1569-5gmkr-4255264070, networkLocation: /default-rack, certSerialId: null}, Type:RATIS, Factor:ONE, State:CLOSED] moved to CLOSED state
2019-09-25 11:09:49,614 [Thread-3642] INFO  impl.RoleInfo (RoleInfo.java:updateAndGet(143)) - e2b10f42-ed4b-4300-a7cb-c770d2b1b0a2: start LeaderElection
2019-09-25 11:09:49,613 [main] INFO  impl.RaftServerImpl (ServerState.java:close(385)) - 9c4ccc43-f5ac-4960-a511-a1ff33ec0d19@group-39E95C652D40: closes. applyIndex: -1
2019-09-25 11:09:49,613 [ForkJoinPool.commonPool-worker-1] INFO  impl.RaftServerImpl (ServerState.java:close(385)) - deee6178-b1f5-49c6-a192-edc1bfc8677d@group-FC079FBD1FC2: closes. applyIndex: 0
2019-09-25 11:09:49,613 [f195ac4f-a279-4102-9716-e02d49b9162a@group-676CE62797EE:LeaderElection290] INFO  server.RaftServerConfigKeys (ConfUtils.java:logGet(43)) - raft.server.write.element-limit = 4096 (default)
2019-09-25 11:09:49,614 [deee6178-b1f5-49c6-a192-edc1bfc8677d@group-FC079FBD1FC2-SegmentedRaftLogWorker] INFO  segmented.SegmentedRaftLogWorker (SegmentedRaftLogWorker.java:run(313)) - deee6178-b1f5-49c6-a192-edc1bfc8677d@group-FC079FBD1FC2-SegmentedRaftLogWorker was interrupted, exiting. There are 0 tasks remaining in the queue.
2019-09-25 11:09:49,614 [e2b10f42-ed4b-4300-a7cb-c770d2b1b0a2@group-33A3B92425F5:LeaderElection291] INFO  impl.RoleInfo (RoleInfo.java:updateAndGet(143)) - e2b10f42-ed4b-4300-a7cb-c770d2b1b0a2: start LeaderState
2019-09-25 11:09:49,614 [EventQueue-StaleNodeForStaleNodeHandler] INFO  pipeline.SCMPipelineManager (SCMPipelineManager.java:finalizeAndDestroyPipeline(316)) - destroying pipeline:Pipeline[ Id: b729194c-287e-4708-b2aa-2b24bbb8b56a, Nodes: 9c4ccc43-f5ac-4960-a511-a1ff33ec0d19{ip: 192.168.30.6, host: pr-hdds-1569-5gmkr-4255264070, networkLocation: /default-rack, certSerialId: null}, Type:RATIS, Factor:ONE, State:OPEN]
2019-09-25 11:09:49,615 [e2b10f42-ed4b-4300-a7cb-c770d2b1b0a2@group-33A3B92425F5:LeaderElection291] INFO  segmented.SegmentedRaftLogWorker (SegmentedRaftLogWorker.java:startLogSegment(380)) - e2b10f42-ed4b-4300-a7cb-c770d2b1b0a2@group-33A3B92425F5-SegmentedRaftLogWorker: Starting segment from index:0
2019-09-25 11:09:49,615 [ForkJoinPool.commonPool-worker-1] INFO  segmented.SegmentedRaftLogWorker (SegmentedRaftLogWorker.java:close(228)) - deee6178-b1f5-49c6-a192-edc1bfc8677d@group-FC079FBD1FC2-SegmentedRaftLogWorker close()
2019-09-25 11:09:49,614 [f195ac4f-a279-4102-9716-e02d49b9162a@group-676CE62797EE:LeaderElection290] INFO  server.RaftServerConfigKeys (ConfUtils.java:logGet(43)) - raft.server.watch.timeout = 10s (default)
2019-09-25 11:09:49,615 [e2b10f42-ed4b-4300-a7cb-c770d2b1b0a2@group-33A3B92425F5:LeaderElection291] INFO  impl.RaftServerImpl (ServerState.java:setRaftConf(354)) - e2b10f42-ed4b-4300-a7cb-c770d2b1b0a2@group-33A3B92425F5: set configuration 0: [e2b10f42-ed4b-4300-a7cb-c770d2b1b0a2:192.168.30.6:33746], old=null at 0
2019-09-25 11:09:49,615 [ForkJoinPool.commonPool-worker-1] INFO  impl.RaftServerImpl (RaftServerImpl.java:lambda$shutdown$3(251)) - deee6178-b1f5-49c6-a192-edc1bfc8677d@group-8BD76F496486: shutdown
2019-09-25 11:09:49,615 [ForkJoinPool.commonPool-worker-1] INFO  util.JmxRegister (JmxRegister.java:unregister(73)) - Successfully un-registered JMX Bean with object name Ratis:service=RaftServer,group=group-8BD76F496486,id=deee6178-b1f5-49c6-a192-edc1bfc8677d
2019-09-25 11:09:49,615 [EventQueue-StaleNodeForStaleNodeHandler] INFO  pipeline.PipelineStateManager (PipelineStateManager.java:finalizePipeline(123)) - Pipeline Pipeline[ Id: b729194c-287e-4708-b2aa-2b24bbb8b56a, Nodes: 9c4ccc43-f5ac-4960-a511-a1ff33ec0d19{ip: 192.168.30.6, host: pr-hdds-1569-5gmkr-4255264070, networkLocation: /default-rack, certSerialId: null}, Type:RATIS, Factor:ONE, State:CLOSED] moved to CLOSED state
2019-09-25 11:09:49,615 [ForkJoinPool.commonPool-worker-1] INFO  impl.RoleInfo (RoleInfo.java:shutdownLeaderState(104)) - deee6178-b1f5-49c6-a192-edc1bfc8677d: shutdown LeaderState
2019-09-25 11:09:49,615 [f195ac4f-a279-4102-9716-e02d49b9162a@group-676CE62797EE:LeaderElection290] INFO  server.RaftServerConfigKeys (ConfUtils.java:logGet(43)) - raft.server.watch.timeout.denomination = 1s (default)
2019-09-25 11:09:49,616 [ForkJoinPool.commonPool-worker-1] INFO  impl.PendingRequests (PendingRequests.java:sendNotLeaderResponses(202)) - deee6178-b1f5-49c6-a192-edc1bfc8677d-PendingRequests: sendNotLeaderResponses
2019-09-25 11:09:49,616 [f195ac4f-a279-4102-9716-e02d49b9162a@group-676CE62797EE:LeaderElection290] INFO  server.RaftServerConfigKeys (ConfUtils.java:logGet(43)) - raft.server.watch.element-limit = 65536 (default)
2019-09-25 11:09:49,616 [ForkJoinPool.commonPool-worker-1] INFO  impl.StateMachineUpdater (StateMachineUpdater.java:stopAndJoin(125)) - deee6178-b1f5-49c6-a192-edc1bfc8677d@group-8BD76F496486-StateMachineUpdater: set stopIndex = 0
2019-09-25 11:09:49,616 [ForkJoinPool.commonPool-worker-1] INFO  impl.RaftServerImpl (ServerState.java:close(385)) - deee6178-b1f5-49c6-a192-edc1bfc8677d@group-8BD76F496486: closes. applyIndex: 0
2019-09-25 11:09:49,616 [deee6178-b1f5-49c6-a192-edc1bfc8677d@group-8BD76F496486-SegmentedRaftLogWorker] INFO  segmented.SegmentedRaftLogWorker (SegmentedRaftLogWorker.java:run(313)) - deee6178-b1f5-49c6-a192-edc1bfc8677d@group-8BD76F496486-SegmentedRaftLogWorker was interrupted, exiting. There are 0 tasks remaining in the queue.
2019-09-25 11:09:49,617 [ForkJoinPool.commonPool-worker-1] INFO  segmented.SegmentedRaftLogWorker (SegmentedRaftLogWorker.java:close(228)) - deee6178-b1f5-49c6-a192-edc1bfc8677d@group-8BD76F496486-SegmentedRaftLogWorker close()
2019-09-25 11:09:49,617 [ForkJoinPool.commonPool-worker-1] INFO  impl.RaftServerImpl (RaftServerImpl.java:lambda$shutdown$3(251)) - deee6178-b1f5-49c6-a192-edc1bfc8677d@group-83411F33F957: shutdown
2019-09-25 11:09:49,617 [ForkJoinPool.commonPool-worker-1] INFO  util.JmxRegister (JmxRegister.java:unregister(73)) - Successfully un-registered JMX Bean with object name Ratis:service=RaftServer,group=group-83411F33F957,id=deee6178-b1f5-49c6-a192-edc1bfc8677d
2019-09-25 11:09:49,617 [ForkJoinPool.commonPool-worker-1] INFO  impl.RoleInfo (RoleInfo.java:shutdownLeaderState(104)) - deee6178-b1f5-49c6-a192-edc1bfc8677d: shutdown LeaderState
2019-09-25 11:09:49,617 [f195ac4f-a279-4102-9716-e02d49b9162a@group-676CE62797EE:LeaderElection290] INFO  impl.RoleInfo (RoleInfo.java:updateAndGet(143)) - f195ac4f-a279-4102-9716-e02d49b9162a: start LeaderState
2019-09-25 11:09:49,617 [ForkJoinPool.commonPool-worker-1] INFO  impl.PendingRequests (PendingRequests.java:sendNotLeaderResponses(202)) - deee6178-b1f5-49c6-a192-edc1bfc8677d-PendingRequests: sendNotLeaderResponses
2019-09-25 11:09:49,617 [f195ac4f-a279-4102-9716-e02d49b9162a@group-676CE62797EE:LeaderElection290] INFO  segmented.SegmentedRaftLogWorker (SegmentedRaftLogWorker.java:startLogSegment(380)) - f195ac4f-a279-4102-9716-e02d49b9162a@group-676CE62797EE-SegmentedRaftLogWorker: Starting segment from index:0
2019-09-25 11:09:49,617 [ForkJoinPool.commonPool-worker-1] INFO  impl.StateMachineUpdater (StateMachineUpdater.java:stopAndJoin(125)) - deee6178-b1f5-49c6-a192-edc1bfc8677d@group-83411F33F957-StateMachineUpdater: set stopIndex = 0
2019-09-25 11:09:49,618 [ForkJoinPool.commonPool-worker-1] INFO  impl.RaftServerImpl (ServerState.java:close(385)) - deee6178-b1f5-49c6-a192-edc1bfc8677d@group-83411F33F957: closes. applyIndex: 0
2019-09-25 11:09:49,618 [f195ac4f-a279-4102-9716-e02d49b9162a@group-676CE62797EE:LeaderElection290] INFO  impl.RaftServerImpl (ServerState.java:setRaftConf(354)) - f195ac4f-a279-4102-9716-e02d49b9162a@group-676CE62797EE: set configuration 0: [f195ac4f-a279-4102-9716-e02d49b9162a:192.168.30.6:37523], old=null at 0
2019-09-25 11:09:49,618 [deee6178-b1f5-49c6-a192-edc1bfc8677d@group-83411F33F957-SegmentedRaftLogWorker] INFO  segmented.SegmentedRaftLogWorker (SegmentedRaftLogWorker.java:run(313)) - deee6178-b1f5-49c6-a192-edc1bfc8677d@group-83411F33F957-SegmentedRaftLogWorker was interrupted, exiting. There are 0 tasks remaining in the queue.
2019-09-25 11:09:49,618 [ForkJoinPool.commonPool-worker-1] INFO  segmented.SegmentedRaftLogWorker (SegmentedRaftLogWorker.java:close(228)) - deee6178-b1f5-49c6-a192-edc1bfc8677d@group-83411F33F957-SegmentedRaftLogWorker close()
2019-09-25 11:09:49,618 [ForkJoinPool.commonPool-worker-1] INFO  impl.RaftServerImpl (RaftServerImpl.java:lambda$shutdown$3(251)) - deee6178-b1f5-49c6-a192-edc1bfc8677d@group-609BBC05C59E: shutdown
2019-09-25 11:09:49,618 [ForkJoinPool.commonPool-worker-1] INFO  util.JmxRegister (JmxRegister.java:unregister(73)) - Successfully un-registered JMX Bean with object name Ratis:service=RaftServer,group=group-609BBC05C59E,id=deee6178-b1f5-49c6-a192-edc1bfc8677d
2019-09-25 11:09:49,618 [ForkJoinPool.commonPool-worker-1] INFO  impl.RoleInfo (RoleInfo.java:shutdownLeaderState(104)) - deee6178-b1f5-49c6-a192-edc1bfc8677d: shutdown LeaderState
2019-09-25 11:09:49,619 [ForkJoinPool.commonPool-worker-1] INFO  impl.PendingRequests (PendingRequests.java:sendNotLeaderResponses(202)) - deee6178-b1f5-49c6-a192-edc1bfc8677d-PendingRequests: sendNotLeaderResponses
2019-09-25 11:09:49,619 [ForkJoinPool.commonPool-worker-1] INFO  impl.StateMachineUpdater (StateMachineUpdater.java:stopAndJoin(125)) - deee6178-b1f5-49c6-a192-edc1bfc8677d@group-609BBC05C59E-StateMachineUpdater: set stopIndex = 0
2019-09-25 11:09:49,619 [ForkJoinPool.commonPool-worker-1] INFO  impl.RaftServerImpl (ServerState.java:close(385)) - deee6178-b1f5-49c6-a192-edc1bfc8677d@group-609BBC05C59E: closes. applyIndex: 0
2019-09-25 11:09:49,619 [deee6178-b1f5-49c6-a192-edc1bfc8677d@group-609BBC05C59E-SegmentedRaftLogWorker] INFO  segmented.SegmentedRaftLogWorker (SegmentedRaftLogWorker.java:run(313)) - deee6178-b1f5-49c6-a192-edc1bfc8677d@group-609BBC05C59E-SegmentedRaftLogWorker was interrupted, exiting. There are 0 tasks remaining in the queue.
2019-09-25 11:09:49,619 [ForkJoinPool.commonPool-worker-1] INFO  segmented.SegmentedRaftLogWorker (SegmentedRaftLogWorker.java:close(228)) - deee6178-b1f5-49c6-a192-edc1bfc8677d@group-609BBC05C59E-SegmentedRaftLogWorker close()
2019-09-25 11:09:49,619 [ForkJoinPool.commonPool-worker-1] INFO  impl.RaftServerImpl (RaftServerImpl.java:lambda$shutdown$3(251)) - deee6178-b1f5-49c6-a192-edc1bfc8677d@group-6F56365799F9: shutdown
2019-09-25 11:09:49,620 [ForkJoinPool.commonPool-worker-1] INFO  util.JmxRegister (JmxRegister.java:unregister(73)) - Successfully un-registered JMX Bean with object name Ratis:service=RaftServer,group=group-6F56365799F9,id=deee6178-b1f5-49c6-a192-edc1bfc8677d
2019-09-25 11:09:49,620 [ForkJoinPool.commonPool-worker-1] INFO  impl.RoleInfo (RoleInfo.java:shutdownLeaderState(104)) - deee6178-b1f5-49c6-a192-edc1bfc8677d: shutdown LeaderState
2019-09-25 11:09:49,620 [ForkJoinPool.commonPool-worker-1] INFO  impl.PendingRequests (PendingRequests.java:sendNotLeaderResponses(202)) - deee6178-b1f5-49c6-a192-edc1bfc8677d-PendingRequests: sendNotLeaderResponses
2019-09-25 11:09:49,620 [ForkJoinPool.commonPool-worker-1] INFO  impl.StateMachineUpdater (StateMachineUpdater.java:stopAndJoin(125)) - deee6178-b1f5-49c6-a192-edc1bfc8677d@group-6F56365799F9-StateMachineUpdater: set stopIndex = 0
2019-09-25 11:09:49,620 [ForkJoinPool.commonPool-worker-1] INFO  impl.RaftServerImpl (ServerState.java:close(385)) - deee6178-b1f5-49c6-a192-edc1bfc8677d@group-6F56365799F9: closes. applyIndex: 0
2019-09-25 11:09:49,620 [deee6178-b1f5-49c6-a192-edc1bfc8677d@group-6F56365799F9-SegmentedRaftLogWorker] INFO  segmented.SegmentedRaftLogWorker (SegmentedRaftLogWorker.java:run(313)) - deee6178-b1f5-49c6-a192-edc1bfc8677d@group-6F56365799F9-SegmentedRaftLogWorker was interrupted, exiting. There are 0 tasks remaining in the queue.
2019-09-25 11:09:49,621 [ForkJoinPool.commonPool-worker-1] INFO  segmented.SegmentedRaftLogWorker (SegmentedRaftLogWorker.java:close(228)) - deee6178-b1f5-49c6-a192-edc1bfc8677d@group-6F56365799F9-SegmentedRaftLogWorker close()
2019-09-25 11:09:49,621 [ForkJoinPool.commonPool-worker-1] INFO  impl.RaftServerImpl (RaftServerImpl.java:lambda$shutdown$3(251)) - deee6178-b1f5-49c6-a192-edc1bfc8677d@group-BA282E497C1B: shutdown
2019-09-25 11:09:49,621 [ForkJoinPool.commonPool-worker-1] INFO  util.JmxRegister (JmxRegister.java:unregister(73)) - Successfully un-registered JMX Bean with object name Ratis:service=RaftServer,group=group-BA282E497C1B,id=deee6178-b1f5-49c6-a192-edc1bfc8677d
2019-09-25 11:09:49,621 [ForkJoinPool.commonPool-worker-1] INFO  impl.RoleInfo (RoleInfo.java:shutdownLeaderState(104)) - deee6178-b1f5-49c6-a192-edc1bfc8677d: shutdown LeaderState
2019-09-25 11:09:49,621 [ForkJoinPool.commonPool-worker-1] INFO  impl.PendingRequests (PendingRequests.java:sendNotLeaderResponses(202)) - deee6178-b1f5-49c6-a192-edc1bfc8677d-PendingRequests: sendNotLeaderResponses
2019-09-25 11:09:49,621 [ForkJoinPool.commonPool-worker-1] INFO  impl.StateMachineUpdater (StateMachineUpdater.java:stopAndJoin(125)) - deee6178-b1f5-49c6-a192-edc1bfc8677d@group-BA282E497C1B-StateMachineUpdater: set stopIndex = 0
2019-09-25 11:09:49,621 [ForkJoinPool.commonPool-worker-1] INFO  impl.RaftServerImpl (ServerState.java:close(385)) - deee6178-b1f5-49c6-a192-edc1bfc8677d@group-BA282E497C1B: closes. applyIndex: 0
2019-09-25 11:09:49,622 [deee6178-b1f5-49c6-a192-edc1bfc8677d@group-BA282E497C1B-SegmentedRaftLogWorker] INFO  segmented.SegmentedRaftLogWorker (SegmentedRaftLogWorker.java:run(313)) - deee6178-b1f5-49c6-a192-edc1bfc8677d@group-BA282E497C1B-SegmentedRaftLogWorker was interrupted, exiting. There are 0 tasks remaining in the queue.
2019-09-25 11:09:49,622 [ForkJoinPool.commonPool-worker-1] INFO  segmented.SegmentedRaftLogWorker (SegmentedRaftLogWorker.java:close(228)) - deee6178-b1f5-49c6-a192-edc1bfc8677d@group-BA282E497C1B-SegmentedRaftLogWorker close()
2019-09-25 11:09:49,622 [ForkJoinPool.commonPool-worker-1] INFO  server.GrpcService (GrpcService.java:closeImpl(164)) - deee6178-b1f5-49c6-a192-edc1bfc8677d: shutdown server with port 37193 now
2019-09-25 11:09:49,654 [ForkJoinPool.commonPool-worker-1] INFO  server.GrpcService (GrpcService.java:closeImpl(172)) - deee6178-b1f5-49c6-a192-edc1bfc8677d: shutdown server with port 37193 successfully
2019-09-25 11:09:49,655 [Thread-3645] INFO  impl.FollowerState (FollowerState.java:run(106)) - e2b10f42-ed4b-4300-a7cb-c770d2b1b0a2:group-FCB9D99430DC changes to CANDIDATE, lastRpcTime:5181, electionTimeout:5181ms
2019-09-25 11:09:49,655 [Thread-3645] INFO  impl.RoleInfo (RoleInfo.java:shutdownFollowerState(121)) - e2b10f42-ed4b-4300-a7cb-c770d2b1b0a2: shutdown FollowerState
2019-09-25 11:09:49,655 [Thread-3645] INFO  impl.RaftServerImpl (RaftServerImpl.java:setRole(174)) - e2b10f42-ed4b-4300-a7cb-c770d2b1b0a2@group-FCB9D99430DC: changes role from  FOLLOWER to CANDIDATE at term 0 for changeToCandidate
2019-09-25 11:09:49,656 [Thread-3645] INFO  impl.RoleInfo (RoleInfo.java:updateAndGet(143)) - e2b10f42-ed4b-4300-a7cb-c770d2b1b0a2: start LeaderElection
2019-09-25 11:09:49,654 [9c4ccc43-f5ac-4960-a511-a1ff33ec0d19@group-39E95C652D40-SegmentedRaftLogWorker] WARN  segmented.SegmentedRaftLogOutputStream (SegmentedRaftLogOutputStream.java:<init>(77)) - Hit IOException while creating log segment /workdir/hadoop-ozone/integration-test/target/test-dir/MiniOzoneClusterImpl-d8e1effc-caf9-4828-b7f0-59ad57edb745/datanode-4/data/ratis/e3929b7d-1e58-4a8a-9746-39e95c652d40/current/log_inprogress_0, delete the partial file.
2019-09-25 11:09:49,660 [main] INFO  segmented.SegmentedRaftLogWorker (SegmentedRaftLogWorker.java:close(228)) - 9c4ccc43-f5ac-4960-a511-a1ff33ec0d19@group-39E95C652D40-SegmentedRaftLogWorker close()
2019-09-25 11:09:49,660 [refreshUsed-/workdir/hadoop-ozone/integration-test/target/test-dir/MiniOzoneClusterImpl-d8e1effc-caf9-4828-b7f0-59ad57edb745/datanode-1/data/containers] WARN  fs.CachingGetSpaceUsed (CachingGetSpaceUsed.java:run(183)) - Thread Interrupted waiting to refresh disk information: sleep interrupted
2019-09-25 11:09:49,660 [main] INFO  impl.RaftServerImpl (RaftServerImpl.java:lambda$shutdown$3(251)) - 9c4ccc43-f5ac-4960-a511-a1ff33ec0d19@group-164A65FC6332: shutdown
2019-09-25 11:09:49,661 [main] INFO  util.JmxRegister (JmxRegister.java:unregister(73)) - Successfully un-registered JMX Bean with object name Ratis:service=RaftServer,group=group-164A65FC6332,id=9c4ccc43-f5ac-4960-a511-a1ff33ec0d19
2019-09-25 11:09:49,661 [main] INFO  impl.RoleInfo (RoleInfo.java:shutdownLeaderState(104)) - 9c4ccc43-f5ac-4960-a511-a1ff33ec0d19: shutdown LeaderState
2019-09-25 11:09:49,661 [main] INFO  impl.PendingRequests (PendingRequests.java:sendNotLeaderResponses(202)) - 9c4ccc43-f5ac-4960-a511-a1ff33ec0d19-PendingRequests: sendNotLeaderResponses
2019-09-25 11:09:49,662 [main] INFO  impl.StateMachineUpdater (StateMachineUpdater.java:stopAndJoin(125)) - 9c4ccc43-f5ac-4960-a511-a1ff33ec0d19@group-164A65FC6332-StateMachineUpdater: set stopIndex = 0
2019-09-25 11:09:49,662 [main] INFO  impl.RaftServerImpl (ServerState.java:close(385)) - 9c4ccc43-f5ac-4960-a511-a1ff33ec0d19@group-164A65FC6332: closes. applyIndex: 0
2019-09-25 11:09:49,663 [9c4ccc43-f5ac-4960-a511-a1ff33ec0d19@group-164A65FC6332-SegmentedRaftLogWorker] INFO  segmented.SegmentedRaftLogWorker (SegmentedRaftLogWorker.java:run(313)) - 9c4ccc43-f5ac-4960-a511-a1ff33ec0d19@group-164A65FC6332-SegmentedRaftLogWorker was interrupted, exiting. There are 0 tasks remaining in the queue.
2019-09-25 11:09:49,667 [e2b10f42-ed4b-4300-a7cb-c770d2b1b0a2@group-5EFE2F638EA0:LeaderElection294] INFO  impl.LeaderElection (LeaderElection.java:askForVotes(182)) - e2b10f42-ed4b-4300-a7cb-c770d2b1b0a2@group-5EFE2F638EA0:LeaderElection294: begin an election at term 1 for -1: [e2b10f42-ed4b-4300-a7cb-c770d2b1b0a2:192.168.30.6:33746], old=null
2019-09-25 11:09:49,667 [e2b10f42-ed4b-4300-a7cb-c770d2b1b0a2@group-07866119D600:LeaderElection292] INFO  impl.LeaderElection (LeaderElection.java:askForVotes(182)) - e2b10f42-ed4b-4300-a7cb-c770d2b1b0a2@group-07866119D600:LeaderElection292: begin an election at term 1 for -1: [e2b10f42-ed4b-4300-a7cb-c770d2b1b0a2:192.168.30.6:33746], old=null
2019-09-25 11:09:49,667 [main] INFO  segmented.SegmentedRaftLogWorker (SegmentedRaftLogWorker.java:close(228)) - 9c4ccc43-f5ac-4960-a511-a1ff33ec0d19@group-164A65FC6332-SegmentedRaftLogWorker close()
2019-09-25 11:09:49,667 [f195ac4f-a279-4102-9716-e02d49b9162a@group-0E89412F051D:LeaderElection293] INFO  impl.LeaderElection (LeaderElection.java:askForVotes(182)) - f195ac4f-a279-4102-9716-e02d49b9162a@group-0E89412F051D:LeaderElection293: begin an election at term 1 for -1: [f195ac4f-a279-4102-9716-e02d49b9162a:192.168.30.6:37523], old=null
2019-09-25 11:09:49,667 [main] INFO  impl.RaftServerImpl (RaftServerImpl.java:lambda$shutdown$3(251)) - 9c4ccc43-f5ac-4960-a511-a1ff33ec0d19@group-FBC27CE61C2A: shutdown
2019-09-25 11:09:49,667 [e2b10f42-ed4b-4300-a7cb-c770d2b1b0a2@group-07866119D600:LeaderElection292] INFO  impl.RoleInfo (RoleInfo.java:shutdownLeaderElection(134)) - e2b10f42-ed4b-4300-a7cb-c770d2b1b0a2: shutdown LeaderElection
2019-09-25 11:09:49,667 [e2b10f42-ed4b-4300-a7cb-c770d2b1b0a2@group-5EFE2F638EA0:LeaderElection294] INFO  impl.RoleInfo (RoleInfo.java:shutdownLeaderElection(134)) - e2b10f42-ed4b-4300-a7cb-c770d2b1b0a2: shutdown LeaderElection
2019-09-25 11:09:49,668 [e2b10f42-ed4b-4300-a7cb-c770d2b1b0a2@group-07866119D600:LeaderElection292] INFO  impl.RaftServerImpl (RaftServerImpl.java:setRole(174)) - e2b10f42-ed4b-4300-a7cb-c770d2b1b0a2@group-07866119D600: changes role from CANDIDATE to LEADER at term 1 for changeToLeader
2019-09-25 11:09:49,668 [main] INFO  util.JmxRegister (JmxRegister.java:unregister(73)) - Successfully un-registered JMX Bean with object name Ratis:service=RaftServer,group=group-FBC27CE61C2A,id=9c4ccc43-f5ac-4960-a511-a1ff33ec0d19
2019-09-25 11:09:49,667 [f195ac4f-a279-4102-9716-e02d49b9162a@group-0E89412F051D:LeaderElection293] INFO  impl.RoleInfo (RoleInfo.java:shutdownLeaderElection(134)) - f195ac4f-a279-4102-9716-e02d49b9162a: shutdown LeaderElection
2019-09-25 11:09:49,668 [f195ac4f-a279-4102-9716-e02d49b9162a@group-0E89412F051D:LeaderElection293] INFO  impl.RaftServerImpl (RaftServerImpl.java:setRole(174)) - f195ac4f-a279-4102-9716-e02d49b9162a@group-0E89412F051D: changes role from CANDIDATE to LEADER at term 1 for changeToLeader
2019-09-25 11:09:49,667 [f195ac4f-a279-4102-9716-e02d49b9162a@group-676CE62797EE-SegmentedRaftLogWorker] INFO  segmented.SegmentedRaftLogWorker (SegmentedRaftLogWorker.java:execute(569)) - f195ac4f-a279-4102-9716-e02d49b9162a@group-676CE62797EE-SegmentedRaftLogWorker: created new log segment /workdir/hadoop-ozone/integration-test/target/test-dir/MiniOzoneClusterImpl-d8e1effc-caf9-4828-b7f0-59ad57edb745/datanode-5/data/ratis/bd3d4935-f8f8-4071-9b26-676ce62797ee/current/log_inprogress_0
2019-09-25 11:09:49,667 [e2b10f42-ed4b-4300-a7cb-c770d2b1b0a2@group-33A3B92425F5-SegmentedRaftLogWorker] INFO  segmented.SegmentedRaftLogWorker (SegmentedRaftLogWorker.java:execute(569)) - e2b10f42-ed4b-4300-a7cb-c770d2b1b0a2@group-33A3B92425F5-SegmentedRaftLogWorker: created new log segment /workdir/hadoop-ozone/integration-test/target/test-dir/MiniOzoneClusterImpl-d8e1effc-caf9-4828-b7f0-59ad57edb745/datanode-6/data/ratis/e5c14ca1-c645-4029-bcd3-33a3b92425f5/current/log_inprogress_0
2019-09-25 11:09:49,667 [9c4ccc43-f5ac-4960-a511-a1ff33ec0d19@group-916268C84290-SegmentedRaftLogWorker] INFO  segmented.SegmentedRaftLogWorker (SegmentedRaftLogWorker.java:execute(569)) - 9c4ccc43-f5ac-4960-a511-a1ff33ec0d19@group-916268C84290-SegmentedRaftLogWorker: created new log segment /workdir/hadoop-ozone/integration-test/target/test-dir/MiniOzoneClusterImpl-d8e1effc-caf9-4828-b7f0-59ad57edb745/datanode-4/data/ratis/811bdf64-1eda-462e-99ce-916268c84290/current/log_inprogress_0
2019-09-25 11:09:49,668 [f195ac4f-a279-4102-9716-e02d49b9162a@group-0E89412F051D:LeaderElection293] INFO  impl.RaftServerImpl (ServerState.java:setLeader(253)) - f195ac4f-a279-4102-9716-e02d49b9162a@group-0E89412F051D: change Leader from null to f195ac4f-a279-4102-9716-e02d49b9162a at term 1 for becomeLeader, leader elected after 5276ms
2019-09-25 11:09:49,668 [main] INFO  impl.RoleInfo (RoleInfo.java:shutdownFollowerState(121)) - 9c4ccc43-f5ac-4960-a511-a1ff33ec0d19: shutdown FollowerState
2019-09-25 11:09:49,668 [e2b10f42-ed4b-4300-a7cb-c770d2b1b0a2@group-07866119D600:LeaderElection292] INFO  impl.RaftServerImpl (ServerState.java:setLeader(253)) - e2b10f42-ed4b-4300-a7cb-c770d2b1b0a2@group-07866119D600: change Leader from null to e2b10f42-ed4b-4300-a7cb-c770d2b1b0a2 at term 1 for becomeLeader, leader elected after 5360ms
2019-09-25 11:09:49,668 [e2b10f42-ed4b-4300-a7cb-c770d2b1b0a2@group-5EFE2F638EA0:LeaderElection294] INFO  impl.RaftServerImpl (RaftServerImpl.java:setRole(174)) - e2b10f42-ed4b-4300-a7cb-c770d2b1b0a2@group-5EFE2F638EA0: changes role from CANDIDATE to LEADER at term 1 for changeToLeader
2019-09-25 11:09:49,669 [e2b10f42-ed4b-4300-a7cb-c770d2b1b0a2@group-07866119D600:LeaderElection292] INFO  server.RaftServerConfigKeys (ConfUtils.java:logGet(43)) - raft.server.staging.catchup.gap = 1000 (default)
2019-09-25 11:09:49,669 [Thread-3612] INFO  impl.FollowerState (FollowerState.java:run(115)) - 9c4ccc43-f5ac-4960-a511-a1ff33ec0d19: FollowerState was interrupted: java.lang.InterruptedException: sleep interrupted
2019-09-25 11:09:49,669 [main] INFO  impl.StateMachineUpdater (StateMachineUpdater.java:stopAndJoin(125)) - 9c4ccc43-f5ac-4960-a511-a1ff33ec0d19@group-FBC27CE61C2A-StateMachineUpdater: set stopIndex = -1
2019-09-25 11:09:49,669 [f195ac4f-a279-4102-9716-e02d49b9162a@group-0E89412F051D:LeaderElection293] INFO  server.RaftServerConfigKeys (ConfUtils.java:logGet(43)) - raft.server.staging.catchup.gap = 1000 (default)
2019-09-25 11:09:49,670 [main] INFO  impl.RaftServerImpl (ServerState.java:close(385)) - 9c4ccc43-f5ac-4960-a511-a1ff33ec0d19@group-FBC27CE61C2A: closes. applyIndex: -1
2019-09-25 11:09:49,669 [e2b10f42-ed4b-4300-a7cb-c770d2b1b0a2@group-07866119D600:LeaderElection292] INFO  server.RaftServerConfigKeys (ConfUtils.java:logGet(43)) - raft.server.rpc.sleep.time = 25ms (default)
2019-09-25 11:09:49,669 [e2b10f42-ed4b-4300-a7cb-c770d2b1b0a2@group-FCB9D99430DC:LeaderElection295] INFO  impl.LeaderElection (LeaderElection.java:askForVotes(182)) - e2b10f42-ed4b-4300-a7cb-c770d2b1b0a2@group-FCB9D99430DC:LeaderElection295: begin an election at term 1 for -1: [e2b10f42-ed4b-4300-a7cb-c770d2b1b0a2:192.168.30.6:33746], old=null
2019-09-25 11:09:49,669 [e2b10f42-ed4b-4300-a7cb-c770d2b1b0a2@group-5EFE2F638EA0:LeaderElection294] INFO  impl.RaftServerImpl (ServerState.java:setLeader(253)) - e2b10f42-ed4b-4300-a7cb-c770d2b1b0a2@group-5EFE2F638EA0: change Leader from null to e2b10f42-ed4b-4300-a7cb-c770d2b1b0a2 at term 1 for becomeLeader, leader elected after 5239ms
2019-09-25 11:09:49,670 [e2b10f42-ed4b-4300-a7cb-c770d2b1b0a2@group-FCB9D99430DC:LeaderElection295] INFO  impl.RoleInfo (RoleInfo.java:shutdownLeaderElection(134)) - e2b10f42-ed4b-4300-a7cb-c770d2b1b0a2: shutdown LeaderElection
2019-09-25 11:09:49,670 [e2b10f42-ed4b-4300-a7cb-c770d2b1b0a2@group-07866119D600:LeaderElection292] INFO  server.RaftServerConfigKeys (ConfUtils.java:logGet(43)) - raft.server.write.element-limit = 4096 (default)
2019-09-25 11:09:49,670 [9c4ccc43-f5ac-4960-a511-a1ff33ec0d19@group-FBC27CE61C2A-SegmentedRaftLogWorker] INFO  segmented.SegmentedRaftLogWorker (SegmentedRaftLogWorker.java:run(313)) - 9c4ccc43-f5ac-4960-a511-a1ff33ec0d19@group-FBC27CE61C2A-SegmentedRaftLogWorker was interrupted, exiting. There are 0 tasks remaining in the queue.
2019-09-25 11:09:49,670 [f195ac4f-a279-4102-9716-e02d49b9162a@group-0E89412F051D:LeaderElection293] INFO  server.RaftServerConfigKeys (ConfUtils.java:logGet(43)) - raft.server.rpc.sleep.time = 25ms (default)
2019-09-25 11:09:49,671 [main] INFO  segmented.SegmentedRaftLogWorker (SegmentedRaftLogWorker.java:close(228)) - 9c4ccc43-f5ac-4960-a511-a1ff33ec0d19@group-FBC27CE61C2A-SegmentedRaftLogWorker close()
2019-09-25 11:09:49,671 [e2b10f42-ed4b-4300-a7cb-c770d2b1b0a2@group-07866119D600:LeaderElection292] INFO  server.RaftServerConfigKeys (ConfUtils.java:logGet(43)) - raft.server.watch.timeout = 10s (default)
2019-09-25 11:09:49,670 [e2b10f42-ed4b-4300-a7cb-c770d2b1b0a2@group-FCB9D99430DC:LeaderElection295] INFO  impl.RaftServerImpl (RaftServerImpl.java:setRole(174)) - e2b10f42-ed4b-4300-a7cb-c770d2b1b0a2@group-FCB9D99430DC: changes role from CANDIDATE to LEADER at term 1 for changeToLeader
2019-09-25 11:09:49,671 [e2b10f42-ed4b-4300-a7cb-c770d2b1b0a2@group-FCB9D99430DC:LeaderElection295] INFO  impl.RaftServerImpl (ServerState.java:setLeader(253)) - e2b10f42-ed4b-4300-a7cb-c770d2b1b0a2@group-FCB9D99430DC: change Leader from null to e2b10f42-ed4b-4300-a7cb-c770d2b1b0a2 at term 1 for becomeLeader, leader elected after 5202ms
2019-09-25 11:09:49,670 [e2b10f42-ed4b-4300-a7cb-c770d2b1b0a2@group-5EFE2F638EA0:LeaderElection294] INFO  server.RaftServerConfigKeys (ConfUtils.java:logGet(43)) - raft.server.staging.catchup.gap = 1000 (default)
2019-09-25 11:09:49,671 [e2b10f42-ed4b-4300-a7cb-c770d2b1b0a2@group-FCB9D99430DC:LeaderElection295] INFO  server.RaftServerConfigKeys (ConfUtils.java:logGet(43)) - raft.server.staging.catchup.gap = 1000 (default)
2019-09-25 11:09:49,671 [e2b10f42-ed4b-4300-a7cb-c770d2b1b0a2@group-07866119D600:LeaderElection292] INFO  server.RaftServerConfigKeys (ConfUtils.java:logGet(43)) - raft.server.watch.timeout.denomination = 1s (default)
2019-09-25 11:09:49,671 [main] INFO  impl.RaftServerImpl (RaftServerImpl.java:lambda$shutdown$3(251)) - 9c4ccc43-f5ac-4960-a511-a1ff33ec0d19@group-EF713B4182C4: shutdown
2019-09-25 11:09:49,671 [f195ac4f-a279-4102-9716-e02d49b9162a@group-0E89412F051D:LeaderElection293] INFO  server.RaftServerConfigKeys (ConfUtils.java:logGet(43)) - raft.server.write.element-limit = 4096 (default)
2019-09-25 11:09:49,672 [ForkJoinPool.commonPool-worker-1] INFO  utils.BackgroundService (BackgroundService.java:shutdown(148)) - Shutting down service BlockDeletingService
2019-09-25 11:09:49,672 [main] INFO  util.JmxRegister (JmxRegister.java:unregister(73)) - Successfully un-registered JMX Bean with object name Ratis:service=RaftServer,group=group-EF713B4182C4,id=9c4ccc43-f5ac-4960-a511-a1ff33ec0d19
2019-09-25 11:09:49,672 [e2b10f42-ed4b-4300-a7cb-c770d2b1b0a2@group-07866119D600:LeaderElection292] INFO  server.RaftServerConfigKeys (ConfUtils.java:logGet(43)) - raft.server.watch.element-limit = 65536 (default)
2019-09-25 11:09:49,671 [e2b10f42-ed4b-4300-a7cb-c770d2b1b0a2@group-FCB9D99430DC:LeaderElection295] INFO  server.RaftServerConfigKeys (ConfUtils.java:logGet(43)) - raft.server.rpc.sleep.time = 25ms (default)
2019-09-25 11:09:49,671 [e2b10f42-ed4b-4300-a7cb-c770d2b1b0a2@group-5EFE2F638EA0:LeaderElection294] INFO  server.RaftServerConfigKeys (ConfUtils.java:logGet(43)) - raft.server.rpc.sleep.time = 25ms (default)
2019-09-25 11:09:49,682 [e2b10f42-ed4b-4300-a7cb-c770d2b1b0a2@group-FCB9D99430DC:LeaderElection295] INFO  server.RaftServerConfigKeys (ConfUtils.java:logGet(43)) - raft.server.write.element-limit = 4096 (default)
2019-09-25 11:09:49,682 [ForkJoinPool.commonPool-worker-1] INFO  statemachine.DatanodeStateMachine (DatanodeStateMachine.java:stopDaemon(395)) - Ozone container server stopped.
2019-09-25 11:09:49,680 [main] INFO  impl.RoleInfo (RoleInfo.java:shutdownLeaderState(104)) - 9c4ccc43-f5ac-4960-a511-a1ff33ec0d19: shutdown LeaderState
2019-09-25 11:09:49,672 [f195ac4f-a279-4102-9716-e02d49b9162a@group-0E89412F051D:LeaderElection293] INFO  server.RaftServerConfigKeys (ConfUtils.java:logGet(43)) - raft.server.watch.timeout = 10s (default)
2019-09-25 11:09:49,696 [main] INFO  impl.PendingRequests (PendingRequests.java:sendNotLeaderResponses(202)) - 9c4ccc43-f5ac-4960-a511-a1ff33ec0d19-PendingRequests: sendNotLeaderResponses
2019-09-25 11:09:49,683 [e2b10f42-ed4b-4300-a7cb-c770d2b1b0a2@group-5EFE2F638EA0:LeaderElection294] INFO  server.RaftServerConfigKeys (ConfUtils.java:logGet(43)) - raft.server.write.element-limit = 4096 (default)
2019-09-25 11:09:49,683 [e2b10f42-ed4b-4300-a7cb-c770d2b1b0a2@group-FCB9D99430DC:LeaderElection295] INFO  server.RaftServerConfigKeys (ConfUtils.java:logGet(43)) - raft.server.watch.timeout = 10s (default)
2019-09-25 11:09:49,696 [e2b10f42-ed4b-4300-a7cb-c770d2b1b0a2@group-5EFE2F638EA0:LeaderElection294] INFO  server.RaftServerConfigKeys (ConfUtils.java:logGet(43)) - raft.server.watch.timeout = 10s (default)
2019-09-25 11:09:49,696 [main] INFO  impl.StateMachineUpdater (StateMachineUpdater.java:stopAndJoin(125)) - 9c4ccc43-f5ac-4960-a511-a1ff33ec0d19@group-EF713B4182C4-StateMachineUpdater: set stopIndex = 0
2019-09-25 11:09:49,696 [e2b10f42-ed4b-4300-a7cb-c770d2b1b0a2@group-07866119D600:LeaderElection292] INFO  impl.RoleInfo (RoleInfo.java:updateAndGet(143)) - e2b10f42-ed4b-4300-a7cb-c770d2b1b0a2: start LeaderState
2019-09-25 11:09:49,696 [f195ac4f-a279-4102-9716-e02d49b9162a@group-0E89412F051D:LeaderElection293] INFO  server.RaftServerConfigKeys (ConfUtils.java:logGet(43)) - raft.server.watch.timeout.denomination = 1s (default)
2019-09-25 11:09:49,697 [e2b10f42-ed4b-4300-a7cb-c770d2b1b0a2@group-07866119D600:LeaderElection292] INFO  segmented.SegmentedRaftLogWorker (SegmentedRaftLogWorker.java:startLogSegment(380)) - e2b10f42-ed4b-4300-a7cb-c770d2b1b0a2@group-07866119D600-SegmentedRaftLogWorker: Starting segment from index:0
2019-09-25 11:09:49,696 [main] INFO  impl.RaftServerImpl (ServerState.java:close(385)) - 9c4ccc43-f5ac-4960-a511-a1ff33ec0d19@group-EF713B4182C4: closes. applyIndex: 0
2019-09-25 11:09:49,696 [e2b10f42-ed4b-4300-a7cb-c770d2b1b0a2@group-5EFE2F638EA0:LeaderElection294] INFO  server.RaftServerConfigKeys (ConfUtils.java:logGet(43)) - raft.server.watch.timeout.denomination = 1s (default)
2019-09-25 11:09:49,696 [e2b10f42-ed4b-4300-a7cb-c770d2b1b0a2@group-FCB9D99430DC:LeaderElection295] INFO  server.RaftServerConfigKeys (ConfUtils.java:logGet(43)) - raft.server.watch.timeout.denomination = 1s (default)
2019-09-25 11:09:49,697 [e2b10f42-ed4b-4300-a7cb-c770d2b1b0a2@group-5EFE2F638EA0:LeaderElection294] INFO  server.RaftServerConfigKeys (ConfUtils.java:logGet(43)) - raft.server.watch.element-limit = 65536 (default)
2019-09-25 11:09:49,697 [9c4ccc43-f5ac-4960-a511-a1ff33ec0d19@group-EF713B4182C4-SegmentedRaftLogWorker] INFO  segmented.SegmentedRaftLogWorker (SegmentedRaftLogWorker.java:run(313)) - 9c4ccc43-f5ac-4960-a511-a1ff33ec0d19@group-EF713B4182C4-SegmentedRaftLogWorker was interrupted, exiting. There are 0 tasks remaining in the queue.
2019-09-25 11:09:49,697 [e2b10f42-ed4b-4300-a7cb-c770d2b1b0a2@group-07866119D600:LeaderElection292] INFO  impl.RaftServerImpl (ServerState.java:setRaftConf(354)) - e2b10f42-ed4b-4300-a7cb-c770d2b1b0a2@group-07866119D600: set configuration 0: [e2b10f42-ed4b-4300-a7cb-c770d2b1b0a2:192.168.30.6:33746], old=null at 0
2019-09-25 11:09:49,697 [f195ac4f-a279-4102-9716-e02d49b9162a@group-0E89412F051D:LeaderElection293] INFO  server.RaftServerConfigKeys (ConfUtils.java:logGet(43)) - raft.server.watch.element-limit = 65536 (default)
2019-09-25 11:09:49,698 [main] INFO  segmented.SegmentedRaftLogWorker (SegmentedRaftLogWorker.java:close(228)) - 9c4ccc43-f5ac-4960-a511-a1ff33ec0d19@group-EF713B4182C4-SegmentedRaftLogWorker close()
2019-09-25 11:09:49,697 [e2b10f42-ed4b-4300-a7cb-c770d2b1b0a2@group-FCB9D99430DC:LeaderElection295] INFO  server.RaftServerConfigKeys (ConfUtils.java:logGet(43)) - raft.server.watch.element-limit = 65536 (default)
2019-09-25 11:09:49,698 [main] INFO  impl.RaftServerImpl (RaftServerImpl.java:lambda$shutdown$3(251)) - 9c4ccc43-f5ac-4960-a511-a1ff33ec0d19@group-916268C84290: shutdown
2019-09-25 11:09:49,698 [main] INFO  util.JmxRegister (JmxRegister.java:unregister(73)) - Successfully un-registered JMX Bean with object name Ratis:service=RaftServer,group=group-916268C84290,id=9c4ccc43-f5ac-4960-a511-a1ff33ec0d19
2019-09-25 11:09:49,699 [main] INFO  impl.RoleInfo (RoleInfo.java:shutdownLeaderState(104)) - 9c4ccc43-f5ac-4960-a511-a1ff33ec0d19: shutdown LeaderState
2019-09-25 11:09:49,699 [main] INFO  impl.PendingRequests (PendingRequests.java:sendNotLeaderResponses(202)) - 9c4ccc43-f5ac-4960-a511-a1ff33ec0d19-PendingRequests: sendNotLeaderResponses
2019-09-25 11:09:49,699 [e2b10f42-ed4b-4300-a7cb-c770d2b1b0a2@group-5EFE2F638EA0:LeaderElection294] INFO  impl.RoleInfo (RoleInfo.java:updateAndGet(143)) - e2b10f42-ed4b-4300-a7cb-c770d2b1b0a2: start LeaderState
2019-09-25 11:09:49,700 [f195ac4f-a279-4102-9716-e02d49b9162a@group-0E89412F051D:LeaderElection293] INFO  impl.RoleInfo (RoleInfo.java:updateAndGet(143)) - f195ac4f-a279-4102-9716-e02d49b9162a: start LeaderState
2019-09-25 11:09:49,700 [main] INFO  impl.StateMachineUpdater (StateMachineUpdater.java:stopAndJoin(125)) - 9c4ccc43-f5ac-4960-a511-a1ff33ec0d19@group-916268C84290-StateMachineUpdater: set stopIndex = 0
2019-09-25 11:09:49,700 [e2b10f42-ed4b-4300-a7cb-c770d2b1b0a2@group-5EFE2F638EA0:LeaderElection294] INFO  segmented.SegmentedRaftLogWorker (SegmentedRaftLogWorker.java:startLogSegment(380)) - e2b10f42-ed4b-4300-a7cb-c770d2b1b0a2@group-5EFE2F638EA0-SegmentedRaftLogWorker: Starting segment from index:0
2019-09-25 11:09:49,700 [main] INFO  impl.RaftServerImpl (ServerState.java:close(385)) - 9c4ccc43-f5ac-4960-a511-a1ff33ec0d19@group-916268C84290: closes. applyIndex: 0
2019-09-25 11:09:49,700 [e2b10f42-ed4b-4300-a7cb-c770d2b1b0a2@group-FCB9D99430DC:LeaderElection295] INFO  impl.RoleInfo (RoleInfo.java:updateAndGet(143)) - e2b10f42-ed4b-4300-a7cb-c770d2b1b0a2: start LeaderState
2019-09-25 11:09:49,701 [9c4ccc43-f5ac-4960-a511-a1ff33ec0d19@group-916268C84290-SegmentedRaftLogWorker] INFO  segmented.SegmentedRaftLogWorker (SegmentedRaftLogWorker.java:run(313)) - 9c4ccc43-f5ac-4960-a511-a1ff33ec0d19@group-916268C84290-SegmentedRaftLogWorker was interrupted, exiting. There are 0 tasks remaining in the queue.
2019-09-25 11:09:49,700 [f195ac4f-a279-4102-9716-e02d49b9162a@group-0E89412F051D:LeaderElection293] INFO  segmented.SegmentedRaftLogWorker (SegmentedRaftLogWorker.java:startLogSegment(380)) - f195ac4f-a279-4102-9716-e02d49b9162a@group-0E89412F051D-SegmentedRaftLogWorker: Starting segment from index:0
2019-09-25 11:09:49,701 [main] INFO  segmented.SegmentedRaftLogWorker (SegmentedRaftLogWorker.java:close(228)) - 9c4ccc43-f5ac-4960-a511-a1ff33ec0d19@group-916268C84290-SegmentedRaftLogWorker close()
2019-09-25 11:09:49,701 [e2b10f42-ed4b-4300-a7cb-c770d2b1b0a2@group-FCB9D99430DC:LeaderElection295] INFO  segmented.SegmentedRaftLogWorker (SegmentedRaftLogWorker.java:startLogSegment(380)) - e2b10f42-ed4b-4300-a7cb-c770d2b1b0a2@group-FCB9D99430DC-SegmentedRaftLogWorker: Starting segment from index:0
2019-09-25 11:09:49,700 [e2b10f42-ed4b-4300-a7cb-c770d2b1b0a2@group-5EFE2F638EA0:LeaderElection294] INFO  impl.RaftServerImpl (ServerState.java:setRaftConf(354)) - e2b10f42-ed4b-4300-a7cb-c770d2b1b0a2@group-5EFE2F638EA0: set configuration 0: [e2b10f42-ed4b-4300-a7cb-c770d2b1b0a2:192.168.30.6:33746], old=null at 0
2019-09-25 11:09:49,701 [main] INFO  impl.RaftServerImpl (RaftServerImpl.java:lambda$shutdown$3(251)) - 9c4ccc43-f5ac-4960-a511-a1ff33ec0d19@group-2B24BBB8B56A: shutdown
2019-09-25 11:09:49,701 [f195ac4f-a279-4102-9716-e02d49b9162a@group-0E89412F051D:LeaderElection293] INFO  impl.RaftServerImpl (ServerState.java:setRaftConf(354)) - f195ac4f-a279-4102-9716-e02d49b9162a@group-0E89412F051D: set configuration 0: [f195ac4f-a279-4102-9716-e02d49b9162a:192.168.30.6:37523], old=null at 0
2019-09-25 11:09:49,702 [main] INFO  util.JmxRegister (JmxRegister.java:unregister(73)) - Successfully un-registered JMX Bean with object name Ratis:service=RaftServer,group=group-2B24BBB8B56A,id=9c4ccc43-f5ac-4960-a511-a1ff33ec0d19
2019-09-25 11:09:49,702 [main] INFO  impl.RoleInfo (RoleInfo.java:shutdownLeaderState(104)) - 9c4ccc43-f5ac-4960-a511-a1ff33ec0d19: shutdown LeaderState
2019-09-25 11:09:49,701 [e2b10f42-ed4b-4300-a7cb-c770d2b1b0a2@group-FCB9D99430DC:LeaderElection295] INFO  impl.RaftServerImpl (ServerState.java:setRaftConf(354)) - e2b10f42-ed4b-4300-a7cb-c770d2b1b0a2@group-FCB9D99430DC: set configuration 0: [e2b10f42-ed4b-4300-a7cb-c770d2b1b0a2:192.168.30.6:33746], old=null at 0
2019-09-25 11:09:49,749 [ForkJoinPool.commonPool-worker-1] INFO  handler.ContextHandler (ContextHandler.java:doStop(910)) - Stopped o.e.j.w.WebAppContext@674184d{/,null,UNAVAILABLE}{/hddsDatanode}
2019-09-25 11:09:49,703 [main] INFO  impl.PendingRequests (PendingRequests.java:sendNotLeaderResponses(202)) - 9c4ccc43-f5ac-4960-a511-a1ff33ec0d19-PendingRequests: sendNotLeaderResponses
2019-09-25 11:09:49,751 [ForkJoinPool.commonPool-worker-1] INFO  server.AbstractConnector (AbstractConnector.java:doStop(318)) - Stopped ServerConnector@3611153f{HTTP/1.1,[http/1.1]}{0.0.0.0:0}
2019-09-25 11:09:49,751 [main] INFO  impl.StateMachineUpdater (StateMachineUpdater.java:stopAndJoin(125)) - 9c4ccc43-f5ac-4960-a511-a1ff33ec0d19@group-2B24BBB8B56A-StateMachineUpdater: set stopIndex = 0
2019-09-25 11:09:49,755 [main] INFO  impl.RaftServerImpl (ServerState.java:close(385)) - 9c4ccc43-f5ac-4960-a511-a1ff33ec0d19@group-2B24BBB8B56A: closes. applyIndex: 0
2019-09-25 11:09:49,754 [ForkJoinPool.commonPool-worker-1] INFO  handler.ContextHandler (ContextHandler.java:doStop(910)) - Stopped o.e.j.s.ServletContextHandler@13cc31ae{/static,jar:file:/home/user/.m2/repository/org/apache/hadoop/hadoop-hdds-container-service/0.5.0-SNAPSHOT/hadoop-hdds-container-service-0.5.0-SNAPSHOT.jar!/webapps/static,UNAVAILABLE}
2019-09-25 11:09:49,755 [9c4ccc43-f5ac-4960-a511-a1ff33ec0d19@group-2B24BBB8B56A-SegmentedRaftLogWorker] INFO  segmented.SegmentedRaftLogWorker (SegmentedRaftLogWorker.java:run(313)) - 9c4ccc43-f5ac-4960-a511-a1ff33ec0d19@group-2B24BBB8B56A-SegmentedRaftLogWorker was interrupted, exiting. There are 0 tasks remaining in the queue.
2019-09-25 11:09:49,758 [ForkJoinPool.commonPool-worker-1] INFO  handler.ContextHandler (ContextHandler.java:doStop(910)) - Stopped o.e.j.s.ServletContextHandler@6cd45b6c{/logs,file:///workdir/hadoop-ozone/integration-test/target/log,UNAVAILABLE}
2019-09-25 11:09:49,758 [main] INFO  segmented.SegmentedRaftLogWorker (SegmentedRaftLogWorker.java:close(228)) - 9c4ccc43-f5ac-4960-a511-a1ff33ec0d19@group-2B24BBB8B56A-SegmentedRaftLogWorker close()
2019-09-25 11:09:49,759 [main] INFO  server.GrpcService (GrpcService.java:closeImpl(164)) - 9c4ccc43-f5ac-4960-a511-a1ff33ec0d19: shutdown server with port 45264 now
2019-09-25 11:09:49,761 [main] INFO  server.GrpcService (GrpcService.java:closeImpl(172)) - 9c4ccc43-f5ac-4960-a511-a1ff33ec0d19: shutdown server with port 45264 successfully
2019-09-25 11:09:49,763 [refreshUsed-/workdir/hadoop-ozone/integration-test/target/test-dir/MiniOzoneClusterImpl-d8e1effc-caf9-4828-b7f0-59ad57edb745/datanode-4/data/containers] WARN  fs.CachingGetSpaceUsed (CachingGetSpaceUsed.java:run(183)) - Thread Interrupted waiting to refresh disk information: sleep interrupted
2019-09-25 11:09:49,764 [f195ac4f-a279-4102-9716-e02d49b9162a@group-0E89412F051D-SegmentedRaftLogWorker] INFO  segmented.SegmentedRaftLogWorker (SegmentedRaftLogWorker.java:execute(569)) - f195ac4f-a279-4102-9716-e02d49b9162a@group-0E89412F051D-SegmentedRaftLogWorker: created new log segment /workdir/hadoop-ozone/integration-test/target/test-dir/MiniOzoneClusterImpl-d8e1effc-caf9-4828-b7f0-59ad57edb745/datanode-5/data/ratis/f7aa547c-9aa9-487d-b3de-0e89412f051d/current/log_inprogress_0
2019-09-25 11:09:49,764 [e2b10f42-ed4b-4300-a7cb-c770d2b1b0a2@group-07866119D600-SegmentedRaftLogWorker] INFO  segmented.SegmentedRaftLogWorker (SegmentedRaftLogWorker.java:execute(569)) - e2b10f42-ed4b-4300-a7cb-c770d2b1b0a2@group-07866119D600-SegmentedRaftLogWorker: created new log segment /workdir/hadoop-ozone/integration-test/target/test-dir/MiniOzoneClusterImpl-d8e1effc-caf9-4828-b7f0-59ad57edb745/datanode-6/data/ratis/478eb676-5a05-4716-ab94-07866119d600/current/log_inprogress_0
2019-09-25 11:09:49,764 [e2b10f42-ed4b-4300-a7cb-c770d2b1b0a2@group-FCB9D99430DC-SegmentedRaftLogWorker] INFO  segmented.SegmentedRaftLogWorker (SegmentedRaftLogWorker.java:execute(569)) - e2b10f42-ed4b-4300-a7cb-c770d2b1b0a2@group-FCB9D99430DC-SegmentedRaftLogWorker: created new log segment /workdir/hadoop-ozone/integration-test/target/test-dir/MiniOzoneClusterImpl-d8e1effc-caf9-4828-b7f0-59ad57edb745/datanode-6/data/ratis/048accd1-b9d4-45ff-98fb-fcb9d99430dc/current/log_inprogress_0
2019-09-25 11:09:49,764 [e2b10f42-ed4b-4300-a7cb-c770d2b1b0a2@group-5EFE2F638EA0-SegmentedRaftLogWorker] INFO  segmented.SegmentedRaftLogWorker (SegmentedRaftLogWorker.java:execute(569)) - e2b10f42-ed4b-4300-a7cb-c770d2b1b0a2@group-5EFE2F638EA0-SegmentedRaftLogWorker: created new log segment /workdir/hadoop-ozone/integration-test/target/test-dir/MiniOzoneClusterImpl-d8e1effc-caf9-4828-b7f0-59ad57edb745/datanode-6/data/ratis/a393bafb-e82a-4716-90ae-5efe2f638ea0/current/log_inprogress_0
2019-09-25 11:09:49,776 [main] INFO  utils.BackgroundService (BackgroundService.java:shutdown(148)) - Shutting down service BlockDeletingService
2019-09-25 11:09:49,782 [main] INFO  statemachine.DatanodeStateMachine (DatanodeStateMachine.java:stopDaemon(395)) - Ozone container server stopped.
2019-09-25 11:09:49,783 [main] INFO  handler.ContextHandler (ContextHandler.java:doStop(910)) - Stopped o.e.j.w.WebAppContext@7de5871d{/,null,UNAVAILABLE}{/hddsDatanode}
2019-09-25 11:09:49,784 [main] INFO  server.AbstractConnector (AbstractConnector.java:doStop(318)) - Stopped ServerConnector@49d42faf{HTTP/1.1,[http/1.1]}{0.0.0.0:0}
2019-09-25 11:09:49,784 [main] INFO  handler.ContextHandler (ContextHandler.java:doStop(910)) - Stopped o.e.j.s.ServletContextHandler@bd273b2{/static,jar:file:/home/user/.m2/repository/org/apache/hadoop/hadoop-hdds-container-service/0.5.0-SNAPSHOT/hadoop-hdds-container-service-0.5.0-SNAPSHOT.jar!/webapps/static,UNAVAILABLE}
2019-09-25 11:09:49,784 [main] INFO  handler.ContextHandler (ContextHandler.java:doStop(910)) - Stopped o.e.j.s.ServletContextHandler@77ab5214{/logs,file:///workdir/hadoop-ozone/integration-test/target/log,UNAVAILABLE}
2019-09-25 11:09:50,284 [Datanode State Machine Thread - 0] INFO  statemachine.DatanodeStateMachine (DatanodeStateMachine.java:lambda$startDaemon$0(350)) - Ozone container server started.
2019-09-25 11:09:50,331 [Datanode State Machine Thread - 0] INFO  statemachine.DatanodeStateMachine (DatanodeStateMachine.java:lambda$startDaemon$0(350)) - Ozone container server started.
2019-09-25 11:09:54,355 [EventQueue-StaleNodeForStaleNodeHandler] INFO  node.StaleNodeHandler (StaleNodeHandler.java:onMessage(58)) - Datanode 0b288e97-ea7b-4dc2-9c9e-09d2c36158d8{ip: 192.168.30.6, host: pr-hdds-1569-5gmkr-4255264070, networkLocation: /default-rack, certSerialId: null} moved to stale state. Finalizing its pipelines [PipelineID=cee59920-5780-4d54-b4a0-b3660d54f941, PipelineID=035f296c-c809-43ea-aada-22da1ef12a43, PipelineID=163b12fd-e961-4fb3-b7d5-4d38cdc4dc38, PipelineID=85493730-66f4-47b0-adaf-2073381c0914, PipelineID=ef5cb733-2b5e-4c6a-a305-acf0b8e55071, PipelineID=4d5269c7-28a4-4772-8bbb-d6924f0184b7]
2019-09-25 11:09:54,356 [EventQueue-StaleNodeForStaleNodeHandler] INFO  pipeline.SCMPipelineManager (SCMPipelineManager.java:finalizeAndDestroyPipeline(316)) - destroying pipeline:Pipeline[ Id: cee59920-5780-4d54-b4a0-b3660d54f941, Nodes: 0b288e97-ea7b-4dc2-9c9e-09d2c36158d8{ip: 192.168.30.6, host: pr-hdds-1569-5gmkr-4255264070, networkLocation: /default-rack, certSerialId: null}, Type:RATIS, Factor:ONE, State:OPEN]
2019-09-25 11:09:54,356 [EventQueue-StaleNodeForStaleNodeHandler] INFO  pipeline.PipelineStateManager (PipelineStateManager.java:finalizePipeline(123)) - Pipeline Pipeline[ Id: cee59920-5780-4d54-b4a0-b3660d54f941, Nodes: 0b288e97-ea7b-4dc2-9c9e-09d2c36158d8{ip: 192.168.30.6, host: pr-hdds-1569-5gmkr-4255264070, networkLocation: /default-rack, certSerialId: null}, Type:RATIS, Factor:ONE, State:CLOSED] moved to CLOSED state
2019-09-25 11:09:54,356 [EventQueue-StaleNodeForStaleNodeHandler] INFO  pipeline.SCMPipelineManager (SCMPipelineManager.java:finalizeAndDestroyPipeline(316)) - destroying pipeline:Pipeline[ Id: 035f296c-c809-43ea-aada-22da1ef12a43, Nodes: 0b288e97-ea7b-4dc2-9c9e-09d2c36158d8{ip: 192.168.30.6, host: pr-hdds-1569-5gmkr-4255264070, networkLocation: /default-rack, certSerialId: null}, Type:RATIS, Factor:ONE, State:OPEN]
2019-09-25 11:09:54,356 [EventQueue-StaleNodeForStaleNodeHandler] INFO  pipeline.PipelineStateManager (PipelineStateManager.java:finalizePipeline(123)) - Pipeline Pipeline[ Id: 035f296c-c809-43ea-aada-22da1ef12a43, Nodes: 0b288e97-ea7b-4dc2-9c9e-09d2c36158d8{ip: 192.168.30.6, host: pr-hdds-1569-5gmkr-4255264070, networkLocation: /default-rack, certSerialId: null}, Type:RATIS, Factor:ONE, State:CLOSED] moved to CLOSED state
2019-09-25 11:09:54,356 [EventQueue-StaleNodeForStaleNodeHandler] INFO  pipeline.SCMPipelineManager (SCMPipelineManager.java:finalizeAndDestroyPipeline(316)) - destroying pipeline:Pipeline[ Id: 163b12fd-e961-4fb3-b7d5-4d38cdc4dc38, Nodes: 0b288e97-ea7b-4dc2-9c9e-09d2c36158d8{ip: 192.168.30.6, host: pr-hdds-1569-5gmkr-4255264070, networkLocation: /default-rack, certSerialId: null}, Type:RATIS, Factor:ONE, State:OPEN]
2019-09-25 11:09:54,356 [EventQueue-StaleNodeForStaleNodeHandler] INFO  pipeline.PipelineStateManager (PipelineStateManager.java:finalizePipeline(123)) - Pipeline Pipeline[ Id: 163b12fd-e961-4fb3-b7d5-4d38cdc4dc38, Nodes: 0b288e97-ea7b-4dc2-9c9e-09d2c36158d8{ip: 192.168.30.6, host: pr-hdds-1569-5gmkr-4255264070, networkLocation: /default-rack, certSerialId: null}, Type:RATIS, Factor:ONE, State:CLOSED] moved to CLOSED state
2019-09-25 11:09:54,357 [EventQueue-StaleNodeForStaleNodeHandler] INFO  pipeline.SCMPipelineManager (SCMPipelineManager.java:finalizeAndDestroyPipeline(316)) - destroying pipeline:Pipeline[ Id: 85493730-66f4-47b0-adaf-2073381c0914, Nodes: 0b288e97-ea7b-4dc2-9c9e-09d2c36158d8{ip: 192.168.30.6, host: pr-hdds-1569-5gmkr-4255264070, networkLocation: /default-rack, certSerialId: null}, Type:RATIS, Factor:ONE, State:OPEN]
2019-09-25 11:09:54,357 [EventQueue-StaleNodeForStaleNodeHandler] INFO  pipeline.PipelineStateManager (PipelineStateManager.java:finalizePipeline(123)) - Pipeline Pipeline[ Id: 85493730-66f4-47b0-adaf-2073381c0914, Nodes: 0b288e97-ea7b-4dc2-9c9e-09d2c36158d8{ip: 192.168.30.6, host: pr-hdds-1569-5gmkr-4255264070, networkLocation: /default-rack, certSerialId: null}, Type:RATIS, Factor:ONE, State:CLOSED] moved to CLOSED state
2019-09-25 11:09:54,357 [EventQueue-StaleNodeForStaleNodeHandler] INFO  pipeline.SCMPipelineManager (SCMPipelineManager.java:finalizeAndDestroyPipeline(316)) - destroying pipeline:Pipeline[ Id: ef5cb733-2b5e-4c6a-a305-acf0b8e55071, Nodes: 0b288e97-ea7b-4dc2-9c9e-09d2c36158d8{ip: 192.168.30.6, host: pr-hdds-1569-5gmkr-4255264070, networkLocation: /default-rack, certSerialId: null}, Type:RATIS, Factor:ONE, State:OPEN]
2019-09-25 11:09:54,357 [EventQueue-StaleNodeForStaleNodeHandler] INFO  pipeline.PipelineStateManager (PipelineStateManager.java:finalizePipeline(123)) - Pipeline Pipeline[ Id: ef5cb733-2b5e-4c6a-a305-acf0b8e55071, Nodes: 0b288e97-ea7b-4dc2-9c9e-09d2c36158d8{ip: 192.168.30.6, host: pr-hdds-1569-5gmkr-4255264070, networkLocation: /default-rack, certSerialId: null}, Type:RATIS, Factor:ONE, State:CLOSED] moved to CLOSED state
2019-09-25 11:09:54,357 [EventQueue-StaleNodeForStaleNodeHandler] INFO  pipeline.SCMPipelineManager (SCMPipelineManager.java:finalizeAndDestroyPipeline(316)) - destroying pipeline:Pipeline[ Id: 4d5269c7-28a4-4772-8bbb-d6924f0184b7, Nodes: 0b288e97-ea7b-4dc2-9c9e-09d2c36158d8{ip: 192.168.30.6, host: pr-hdds-1569-5gmkr-4255264070, networkLocation: /default-rack, certSerialId: null}, Type:RATIS, Factor:ONE, State:OPEN]
2019-09-25 11:09:54,357 [EventQueue-StaleNodeForStaleNodeHandler] INFO  pipeline.PipelineStateManager (PipelineStateManager.java:finalizePipeline(123)) - Pipeline Pipeline[ Id: 4d5269c7-28a4-4772-8bbb-d6924f0184b7, Nodes: 0b288e97-ea7b-4dc2-9c9e-09d2c36158d8{ip: 192.168.30.6, host: pr-hdds-1569-5gmkr-4255264070, networkLocation: /default-rack, certSerialId: null}, Type:RATIS, Factor:ONE, State:CLOSED] moved to CLOSED state
2019-09-25 11:09:54,357 [EventQueue-StaleNodeForStaleNodeHandler] INFO  node.StaleNodeHandler (StaleNodeHandler.java:onMessage(58)) - Datanode 07e899c7-9b65-45ad-afd5-2a504e2891bf{ip: 192.168.30.6, host: pr-hdds-1569-5gmkr-4255264070, networkLocation: /default-rack, certSerialId: null} moved to stale state. Finalizing its pipelines [PipelineID=819e627d-c618-44fa-b545-8594f3dfdb7c, PipelineID=edb9ac37-3f8e-4b43-861b-feb97ed59f20, PipelineID=69b901ff-ab1e-46ac-ab1e-6fc0839afb76, PipelineID=ebce3327-a6d9-4b98-885f-9bfef2b5c910, PipelineID=68f69759-547a-4d8d-bdea-8d47d52a54a3, PipelineID=e1afab07-9e10-4e76-b79c-17073b359b9e]
2019-09-25 11:09:54,358 [EventQueue-StaleNodeForStaleNodeHandler] INFO  pipeline.SCMPipelineManager (SCMPipelineManager.java:finalizeAndDestroyPipeline(316)) - destroying pipeline:Pipeline[ Id: 819e627d-c618-44fa-b545-8594f3dfdb7c, Nodes: 07e899c7-9b65-45ad-afd5-2a504e2891bf{ip: 192.168.30.6, host: pr-hdds-1569-5gmkr-4255264070, networkLocation: /default-rack, certSerialId: null}, Type:RATIS, Factor:ONE, State:OPEN]
2019-09-25 11:09:54,358 [EventQueue-StaleNodeForStaleNodeHandler] INFO  pipeline.PipelineStateManager (PipelineStateManager.java:finalizePipeline(123)) - Pipeline Pipeline[ Id: 819e627d-c618-44fa-b545-8594f3dfdb7c, Nodes: 07e899c7-9b65-45ad-afd5-2a504e2891bf{ip: 192.168.30.6, host: pr-hdds-1569-5gmkr-4255264070, networkLocation: /default-rack, certSerialId: null}, Type:RATIS, Factor:ONE, State:CLOSED] moved to CLOSED state
2019-09-25 11:09:54,358 [EventQueue-StaleNodeForStaleNodeHandler] INFO  pipeline.SCMPipelineManager (SCMPipelineManager.java:finalizeAndDestroyPipeline(316)) - destroying pipeline:Pipeline[ Id: edb9ac37-3f8e-4b43-861b-feb97ed59f20, Nodes: 07e899c7-9b65-45ad-afd5-2a504e2891bf{ip: 192.168.30.6, host: pr-hdds-1569-5gmkr-4255264070, networkLocation: /default-rack, certSerialId: null}, Type:RATIS, Factor:ONE, State:OPEN]
2019-09-25 11:09:54,358 [EventQueue-StaleNodeForStaleNodeHandler] INFO  pipeline.PipelineStateManager (PipelineStateManager.java:finalizePipeline(123)) - Pipeline Pipeline[ Id: edb9ac37-3f8e-4b43-861b-feb97ed59f20, Nodes: 07e899c7-9b65-45ad-afd5-2a504e2891bf{ip: 192.168.30.6, host: pr-hdds-1569-5gmkr-4255264070, networkLocation: /default-rack, certSerialId: null}, Type:RATIS, Factor:ONE, State:CLOSED] moved to CLOSED state
2019-09-25 11:09:54,358 [EventQueue-StaleNodeForStaleNodeHandler] INFO  pipeline.SCMPipelineManager (SCMPipelineManager.java:finalizeAndDestroyPipeline(316)) - destroying pipeline:Pipeline[ Id: 69b901ff-ab1e-46ac-ab1e-6fc0839afb76, Nodes: 07e899c7-9b65-45ad-afd5-2a504e2891bf{ip: 192.168.30.6, host: pr-hdds-1569-5gmkr-4255264070, networkLocation: /default-rack, certSerialId: null}, Type:RATIS, Factor:ONE, State:OPEN]
2019-09-25 11:09:54,358 [EventQueue-StaleNodeForStaleNodeHandler] INFO  pipeline.PipelineStateManager (PipelineStateManager.java:finalizePipeline(123)) - Pipeline Pipeline[ Id: 69b901ff-ab1e-46ac-ab1e-6fc0839afb76, Nodes: 07e899c7-9b65-45ad-afd5-2a504e2891bf{ip: 192.168.30.6, host: pr-hdds-1569-5gmkr-4255264070, networkLocation: /default-rack, certSerialId: null}, Type:RATIS, Factor:ONE, State:CLOSED] moved to CLOSED state
2019-09-25 11:09:54,358 [EventQueue-StaleNodeForStaleNodeHandler] INFO  pipeline.SCMPipelineManager (SCMPipelineManager.java:finalizeAndDestroyPipeline(316)) - destroying pipeline:Pipeline[ Id: ebce3327-a6d9-4b98-885f-9bfef2b5c910, Nodes: 07e899c7-9b65-45ad-afd5-2a504e2891bf{ip: 192.168.30.6, host: pr-hdds-1569-5gmkr-4255264070, networkLocation: /default-rack, certSerialId: null}, Type:RATIS, Factor:ONE, State:OPEN]
2019-09-25 11:09:54,359 [EventQueue-StaleNodeForStaleNodeHandler] INFO  pipeline.PipelineStateManager (PipelineStateManager.java:finalizePipeline(123)) - Pipeline Pipeline[ Id: ebce3327-a6d9-4b98-885f-9bfef2b5c910, Nodes: 07e899c7-9b65-45ad-afd5-2a504e2891bf{ip: 192.168.30.6, host: pr-hdds-1569-5gmkr-4255264070, networkLocation: /default-rack, certSerialId: null}, Type:RATIS, Factor:ONE, State:CLOSED] moved to CLOSED state
2019-09-25 11:09:54,359 [EventQueue-StaleNodeForStaleNodeHandler] INFO  pipeline.SCMPipelineManager (SCMPipelineManager.java:finalizeAndDestroyPipeline(316)) - destroying pipeline:Pipeline[ Id: 68f69759-547a-4d8d-bdea-8d47d52a54a3, Nodes: 07e899c7-9b65-45ad-afd5-2a504e2891bf{ip: 192.168.30.6, host: pr-hdds-1569-5gmkr-4255264070, networkLocation: /default-rack, certSerialId: null}, Type:RATIS, Factor:ONE, State:OPEN]
2019-09-25 11:09:54,359 [EventQueue-StaleNodeForStaleNodeHandler] INFO  pipeline.PipelineStateManager (PipelineStateManager.java:finalizePipeline(123)) - Pipeline Pipeline[ Id: 68f69759-547a-4d8d-bdea-8d47d52a54a3, Nodes: 07e899c7-9b65-45ad-afd5-2a504e2891bf{ip: 192.168.30.6, host: pr-hdds-1569-5gmkr-4255264070, networkLocation: /default-rack, certSerialId: null}, Type:RATIS, Factor:ONE, State:CLOSED] moved to CLOSED state
2019-09-25 11:09:54,359 [EventQueue-StaleNodeForStaleNodeHandler] INFO  pipeline.SCMPipelineManager (SCMPipelineManager.java:finalizeAndDestroyPipeline(316)) - destroying pipeline:Pipeline[ Id: e1afab07-9e10-4e76-b79c-17073b359b9e, Nodes: 07e899c7-9b65-45ad-afd5-2a504e2891bf{ip: 192.168.30.6, host: pr-hdds-1569-5gmkr-4255264070, networkLocation: /default-rack, certSerialId: null}, Type:RATIS, Factor:ONE, State:OPEN]
2019-09-25 11:09:54,359 [EventQueue-StaleNodeForStaleNodeHandler] INFO  pipeline.PipelineStateManager (PipelineStateManager.java:finalizePipeline(123)) - Pipeline Pipeline[ Id: e1afab07-9e10-4e76-b79c-17073b359b9e, Nodes: 07e899c7-9b65-45ad-afd5-2a504e2891bf{ip: 192.168.30.6, host: pr-hdds-1569-5gmkr-4255264070, networkLocation: /default-rack, certSerialId: null}, Type:RATIS, Factor:ONE, State:CLOSED] moved to CLOSED state
2019-09-25 11:09:54,360 [Thread-3597] INFO  impl.FollowerState (FollowerState.java:run(106)) - 0b288e97-ea7b-4dc2-9c9e-09d2c36158d8:group-D6924F0184B7 changes to CANDIDATE, lastRpcTime:10641, electionTimeout:5060ms
2019-09-25 11:09:54,364 [Thread-3597] INFO  impl.RoleInfo (RoleInfo.java:shutdownFollowerState(121)) - 0b288e97-ea7b-4dc2-9c9e-09d2c36158d8: shutdown FollowerState
2019-09-25 11:09:54,365 [Thread-3597] INFO  impl.RaftServerImpl (RaftServerImpl.java:setRole(174)) - 0b288e97-ea7b-4dc2-9c9e-09d2c36158d8@group-D6924F0184B7: changes role from  FOLLOWER to CANDIDATE at term 0 for changeToCandidate
2019-09-25 11:09:54,365 [Thread-3597] INFO  impl.RoleInfo (RoleInfo.java:updateAndGet(143)) - 0b288e97-ea7b-4dc2-9c9e-09d2c36158d8: start LeaderElection
2019-09-25 11:09:54,407 [Thread-3600] INFO  impl.FollowerState (FollowerState.java:run(106)) - 0b288e97-ea7b-4dc2-9c9e-09d2c36158d8:group-22DA1EF12A43 changes to CANDIDATE, lastRpcTime:10616, electionTimeout:5107ms
2019-09-25 11:09:54,407 [Thread-3600] INFO  impl.RoleInfo (RoleInfo.java:shutdownFollowerState(121)) - 0b288e97-ea7b-4dc2-9c9e-09d2c36158d8: shutdown FollowerState
2019-09-25 11:09:54,407 [Thread-3600] INFO  impl.RaftServerImpl (RaftServerImpl.java:setRole(174)) - 0b288e97-ea7b-4dc2-9c9e-09d2c36158d8@group-22DA1EF12A43: changes role from  FOLLOWER to CANDIDATE at term 0 for changeToCandidate
2019-09-25 11:09:54,407 [Thread-3600] INFO  impl.RoleInfo (RoleInfo.java:updateAndGet(143)) - 0b288e97-ea7b-4dc2-9c9e-09d2c36158d8: start LeaderElection
2019-09-25 11:09:54,410 [Thread-3594] INFO  impl.FollowerState (FollowerState.java:run(106)) - 07e899c7-9b65-45ad-afd5-2a504e2891bf:group-6FC0839AFB76 changes to CANDIDATE, lastRpcTime:10790, electionTimeout:5105ms
2019-09-25 11:09:54,410 [Thread-3594] INFO  impl.RoleInfo (RoleInfo.java:shutdownFollowerState(121)) - 07e899c7-9b65-45ad-afd5-2a504e2891bf: shutdown FollowerState
2019-09-25 11:09:54,410 [Thread-3594] INFO  impl.RaftServerImpl (RaftServerImpl.java:setRole(174)) - 07e899c7-9b65-45ad-afd5-2a504e2891bf@group-6FC0839AFB76: changes role from  FOLLOWER to CANDIDATE at term 0 for changeToCandidate
2019-09-25 11:09:54,410 [Thread-3594] INFO  impl.RoleInfo (RoleInfo.java:updateAndGet(143)) - 07e899c7-9b65-45ad-afd5-2a504e2891bf: start LeaderElection
2019-09-25 11:09:54,417 [Thread-3603] INFO  impl.FollowerState (FollowerState.java:run(106)) - f195ac4f-a279-4102-9716-e02d49b9162a:group-02B75E6AB3D7 changes to CANDIDATE, lastRpcTime:10563, electionTimeout:5118ms
2019-09-25 11:09:54,417 [Thread-3603] INFO  impl.RoleInfo (RoleInfo.java:shutdownFollowerState(121)) - f195ac4f-a279-4102-9716-e02d49b9162a: shutdown FollowerState
2019-09-25 11:09:54,417 [Thread-3603] INFO  impl.RaftServerImpl (RaftServerImpl.java:setRole(174)) - f195ac4f-a279-4102-9716-e02d49b9162a@group-02B75E6AB3D7: changes role from  FOLLOWER to CANDIDATE at term 0 for changeToCandidate
2019-09-25 11:09:54,417 [Thread-3603] INFO  impl.RoleInfo (RoleInfo.java:updateAndGet(143)) - f195ac4f-a279-4102-9716-e02d49b9162a: start LeaderElection
2019-09-25 11:09:54,646 [f195ac4f-a279-4102-9716-e02d49b9162a@group-02B75E6AB3D7:LeaderElection299] INFO  impl.LeaderElection (LeaderElection.java:askForVotes(182)) - f195ac4f-a279-4102-9716-e02d49b9162a@group-02B75E6AB3D7:LeaderElection299: begin an election at term 1 for -1: [f195ac4f-a279-4102-9716-e02d49b9162a:192.168.30.6:37523], old=null
2019-09-25 11:09:54,646 [0b288e97-ea7b-4dc2-9c9e-09d2c36158d8@group-22DA1EF12A43:LeaderElection297] INFO  impl.LeaderElection (LeaderElection.java:askForVotes(182)) - 0b288e97-ea7b-4dc2-9c9e-09d2c36158d8@group-22DA1EF12A43:LeaderElection297: begin an election at term 1 for -1: [0b288e97-ea7b-4dc2-9c9e-09d2c36158d8:192.168.30.6:43433], old=null
2019-09-25 11:09:54,646 [f195ac4f-a279-4102-9716-e02d49b9162a@group-02B75E6AB3D7:LeaderElection299] INFO  impl.RoleInfo (RoleInfo.java:shutdownLeaderElection(134)) - f195ac4f-a279-4102-9716-e02d49b9162a: shutdown LeaderElection
2019-09-25 11:09:54,646 [07e899c7-9b65-45ad-afd5-2a504e2891bf@group-6FC0839AFB76:LeaderElection298] INFO  impl.LeaderElection (LeaderElection.java:askForVotes(182)) - 07e899c7-9b65-45ad-afd5-2a504e2891bf@group-6FC0839AFB76:LeaderElection298: begin an election at term 1 for -1: [07e899c7-9b65-45ad-afd5-2a504e2891bf:192.168.30.6:43313], old=null
2019-09-25 11:09:54,647 [07e899c7-9b65-45ad-afd5-2a504e2891bf@group-6FC0839AFB76:LeaderElection298] INFO  impl.RoleInfo (RoleInfo.java:shutdownLeaderElection(134)) - 07e899c7-9b65-45ad-afd5-2a504e2891bf: shutdown LeaderElection
2019-09-25 11:09:54,646 [0b288e97-ea7b-4dc2-9c9e-09d2c36158d8@group-D6924F0184B7:LeaderElection296] INFO  impl.LeaderElection (LeaderElection.java:askForVotes(182)) - 0b288e97-ea7b-4dc2-9c9e-09d2c36158d8@group-D6924F0184B7:LeaderElection296: begin an election at term 1 for -1: [0b288e97-ea7b-4dc2-9c9e-09d2c36158d8:192.168.30.6:43433], old=null
2019-09-25 11:09:54,647 [07e899c7-9b65-45ad-afd5-2a504e2891bf@group-6FC0839AFB76:LeaderElection298] INFO  impl.RaftServerImpl (RaftServerImpl.java:setRole(174)) - 07e899c7-9b65-45ad-afd5-2a504e2891bf@group-6FC0839AFB76: changes role from CANDIDATE to LEADER at term 1 for changeToLeader
2019-09-25 11:09:54,647 [f195ac4f-a279-4102-9716-e02d49b9162a@group-02B75E6AB3D7:LeaderElection299] INFO  impl.RaftServerImpl (RaftServerImpl.java:setRole(174)) - f195ac4f-a279-4102-9716-e02d49b9162a@group-02B75E6AB3D7: changes role from CANDIDATE to LEADER at term 1 for changeToLeader
2019-09-25 11:09:54,648 [f195ac4f-a279-4102-9716-e02d49b9162a@group-02B75E6AB3D7:LeaderElection299] INFO  impl.RaftServerImpl (ServerState.java:setLeader(253)) - f195ac4f-a279-4102-9716-e02d49b9162a@group-02B75E6AB3D7: change Leader from null to f195ac4f-a279-4102-9716-e02d49b9162a at term 1 for becomeLeader, leader elected after 10799ms
2019-09-25 11:09:54,647 [0b288e97-ea7b-4dc2-9c9e-09d2c36158d8@group-22DA1EF12A43:LeaderElection297] INFO  impl.RoleInfo (RoleInfo.java:shutdownLeaderElection(134)) - 0b288e97-ea7b-4dc2-9c9e-09d2c36158d8: shutdown LeaderElection
2019-09-25 11:09:54,648 [f195ac4f-a279-4102-9716-e02d49b9162a@group-02B75E6AB3D7:LeaderElection299] INFO  server.RaftServerConfigKeys (ConfUtils.java:logGet(43)) - raft.server.staging.catchup.gap = 1000 (default)
2019-09-25 11:09:54,647 [07e899c7-9b65-45ad-afd5-2a504e2891bf@group-6FC0839AFB76:LeaderElection298] INFO  impl.RaftServerImpl (ServerState.java:setLeader(253)) - 07e899c7-9b65-45ad-afd5-2a504e2891bf@group-6FC0839AFB76: change Leader from null to 07e899c7-9b65-45ad-afd5-2a504e2891bf at term 1 for becomeLeader, leader elected after 11055ms
2019-09-25 11:09:54,647 [0b288e97-ea7b-4dc2-9c9e-09d2c36158d8@group-D6924F0184B7:LeaderElection296] INFO  impl.RoleInfo (RoleInfo.java:shutdownLeaderElection(134)) - 0b288e97-ea7b-4dc2-9c9e-09d2c36158d8: shutdown LeaderElection
2019-09-25 11:09:54,648 [07e899c7-9b65-45ad-afd5-2a504e2891bf@group-6FC0839AFB76:LeaderElection298] INFO  server.RaftServerConfigKeys (ConfUtils.java:logGet(43)) - raft.server.staging.catchup.gap = 1000 (default)
2019-09-25 11:09:54,648 [f195ac4f-a279-4102-9716-e02d49b9162a@group-02B75E6AB3D7:LeaderElection299] INFO  server.RaftServerConfigKeys (ConfUtils.java:logGet(43)) - raft.server.rpc.sleep.time = 25ms (default)
2019-09-25 11:09:54,648 [0b288e97-ea7b-4dc2-9c9e-09d2c36158d8@group-22DA1EF12A43:LeaderElection297] INFO  impl.RaftServerImpl (RaftServerImpl.java:setRole(174)) - 0b288e97-ea7b-4dc2-9c9e-09d2c36158d8@group-22DA1EF12A43: changes role from CANDIDATE to LEADER at term 1 for changeToLeader
2019-09-25 11:09:54,649 [f195ac4f-a279-4102-9716-e02d49b9162a@group-02B75E6AB3D7:LeaderElection299] INFO  server.RaftServerConfigKeys (ConfUtils.java:logGet(43)) - raft.server.write.element-limit = 4096 (default)
2019-09-25 11:09:54,648 [07e899c7-9b65-45ad-afd5-2a504e2891bf@group-6FC0839AFB76:LeaderElection298] INFO  server.RaftServerConfigKeys (ConfUtils.java:logGet(43)) - raft.server.rpc.sleep.time = 25ms (default)
2019-09-25 11:09:54,648 [0b288e97-ea7b-4dc2-9c9e-09d2c36158d8@group-D6924F0184B7:LeaderElection296] INFO  impl.RaftServerImpl (RaftServerImpl.java:setRole(174)) - 0b288e97-ea7b-4dc2-9c9e-09d2c36158d8@group-D6924F0184B7: changes role from CANDIDATE to LEADER at term 1 for changeToLeader
2019-09-25 11:09:54,649 [0b288e97-ea7b-4dc2-9c9e-09d2c36158d8@group-D6924F0184B7:LeaderElection296] INFO  impl.RaftServerImpl (ServerState.java:setLeader(253)) - 0b288e97-ea7b-4dc2-9c9e-09d2c36158d8@group-D6924F0184B7: change Leader from null to 0b288e97-ea7b-4dc2-9c9e-09d2c36158d8 at term 1 for becomeLeader, leader elected after 10937ms
2019-09-25 11:09:54,649 [07e899c7-9b65-45ad-afd5-2a504e2891bf@group-6FC0839AFB76:LeaderElection298] INFO  server.RaftServerConfigKeys (ConfUtils.java:logGet(43)) - raft.server.write.element-limit = 4096 (default)
2019-09-25 11:09:54,649 [f195ac4f-a279-4102-9716-e02d49b9162a@group-02B75E6AB3D7:LeaderElection299] INFO  server.RaftServerConfigKeys (ConfUtils.java:logGet(43)) - raft.server.watch.timeout = 10s (default)
2019-09-25 11:09:54,649 [0b288e97-ea7b-4dc2-9c9e-09d2c36158d8@group-22DA1EF12A43:LeaderElection297] INFO  impl.RaftServerImpl (ServerState.java:setLeader(253)) - 0b288e97-ea7b-4dc2-9c9e-09d2c36158d8@group-22DA1EF12A43: change Leader from null to 0b288e97-ea7b-4dc2-9c9e-09d2c36158d8 at term 1 for becomeLeader, leader elected after 10864ms
2019-09-25 11:09:54,649 [f195ac4f-a279-4102-9716-e02d49b9162a@group-02B75E6AB3D7:LeaderElection299] INFO  server.RaftServerConfigKeys (ConfUtils.java:logGet(43)) - raft.server.watch.timeout.denomination = 1s (default)
2019-09-25 11:09:54,649 [07e899c7-9b65-45ad-afd5-2a504e2891bf@group-6FC0839AFB76:LeaderElection298] INFO  server.RaftServerConfigKeys (ConfUtils.java:logGet(43)) - raft.server.watch.timeout = 10s (default)
2019-09-25 11:09:54,649 [0b288e97-ea7b-4dc2-9c9e-09d2c36158d8@group-D6924F0184B7:LeaderElection296] INFO  server.RaftServerConfigKeys (ConfUtils.java:logGet(43)) - raft.server.staging.catchup.gap = 1000 (default)
2019-09-25 11:09:54,650 [07e899c7-9b65-45ad-afd5-2a504e2891bf@group-6FC0839AFB76:LeaderElection298] INFO  server.RaftServerConfigKeys (ConfUtils.java:logGet(43)) - raft.server.watch.timeout.denomination = 1s (default)
2019-09-25 11:09:54,650 [f195ac4f-a279-4102-9716-e02d49b9162a@group-02B75E6AB3D7:LeaderElection299] INFO  server.RaftServerConfigKeys (ConfUtils.java:logGet(43)) - raft.server.watch.element-limit = 65536 (default)
2019-09-25 11:09:54,650 [0b288e97-ea7b-4dc2-9c9e-09d2c36158d8@group-22DA1EF12A43:LeaderElection297] INFO  server.RaftServerConfigKeys (ConfUtils.java:logGet(43)) - raft.server.staging.catchup.gap = 1000 (default)
2019-09-25 11:09:54,650 [07e899c7-9b65-45ad-afd5-2a504e2891bf@group-6FC0839AFB76:LeaderElection298] INFO  server.RaftServerConfigKeys (ConfUtils.java:logGet(43)) - raft.server.watch.element-limit = 65536 (default)
2019-09-25 11:09:54,650 [0b288e97-ea7b-4dc2-9c9e-09d2c36158d8@group-D6924F0184B7:LeaderElection296] INFO  server.RaftServerConfigKeys (ConfUtils.java:logGet(43)) - raft.server.rpc.sleep.time = 25ms (default)
2019-09-25 11:09:54,650 [0b288e97-ea7b-4dc2-9c9e-09d2c36158d8@group-22DA1EF12A43:LeaderElection297] INFO  server.RaftServerConfigKeys (ConfUtils.java:logGet(43)) - raft.server.rpc.sleep.time = 25ms (default)
2019-09-25 11:09:54,651 [0b288e97-ea7b-4dc2-9c9e-09d2c36158d8@group-D6924F0184B7:LeaderElection296] INFO  server.RaftServerConfigKeys (ConfUtils.java:logGet(43)) - raft.server.write.element-limit = 4096 (default)
2019-09-25 11:09:54,651 [0b288e97-ea7b-4dc2-9c9e-09d2c36158d8@group-22DA1EF12A43:LeaderElection297] INFO  server.RaftServerConfigKeys (ConfUtils.java:logGet(43)) - raft.server.write.element-limit = 4096 (default)
2019-09-25 11:09:54,651 [0b288e97-ea7b-4dc2-9c9e-09d2c36158d8@group-D6924F0184B7:LeaderElection296] INFO  server.RaftServerConfigKeys (ConfUtils.java:logGet(43)) - raft.server.watch.timeout = 10s (default)
2019-09-25 11:09:54,651 [0b288e97-ea7b-4dc2-9c9e-09d2c36158d8@group-D6924F0184B7:LeaderElection296] INFO  server.RaftServerConfigKeys (ConfUtils.java:logGet(43)) - raft.server.watch.timeout.denomination = 1s (default)
2019-09-25 11:09:54,651 [0b288e97-ea7b-4dc2-9c9e-09d2c36158d8@group-22DA1EF12A43:LeaderElection297] INFO  server.RaftServerConfigKeys (ConfUtils.java:logGet(43)) - raft.server.watch.timeout = 10s (default)
2019-09-25 11:09:54,652 [0b288e97-ea7b-4dc2-9c9e-09d2c36158d8@group-D6924F0184B7:LeaderElection296] INFO  server.RaftServerConfigKeys (ConfUtils.java:logGet(43)) - raft.server.watch.element-limit = 65536 (default)
2019-09-25 11:09:54,652 [0b288e97-ea7b-4dc2-9c9e-09d2c36158d8@group-22DA1EF12A43:LeaderElection297] INFO  server.RaftServerConfigKeys (ConfUtils.java:logGet(43)) - raft.server.watch.timeout.denomination = 1s (default)
2019-09-25 11:09:54,652 [0b288e97-ea7b-4dc2-9c9e-09d2c36158d8@group-22DA1EF12A43:LeaderElection297] INFO  server.RaftServerConfigKeys (ConfUtils.java:logGet(43)) - raft.server.watch.element-limit = 65536 (default)
2019-09-25 11:09:54,653 [f195ac4f-a279-4102-9716-e02d49b9162a@group-02B75E6AB3D7:LeaderElection299] INFO  impl.RoleInfo (RoleInfo.java:updateAndGet(143)) - f195ac4f-a279-4102-9716-e02d49b9162a: start LeaderState
2019-09-25 11:09:54,653 [f195ac4f-a279-4102-9716-e02d49b9162a@group-02B75E6AB3D7:LeaderElection299] INFO  segmented.SegmentedRaftLogWorker (SegmentedRaftLogWorker.java:startLogSegment(380)) - f195ac4f-a279-4102-9716-e02d49b9162a@group-02B75E6AB3D7-SegmentedRaftLogWorker: Starting segment from index:0
2019-09-25 11:09:54,654 [f195ac4f-a279-4102-9716-e02d49b9162a@group-02B75E6AB3D7:LeaderElection299] INFO  impl.RaftServerImpl (ServerState.java:setRaftConf(354)) - f195ac4f-a279-4102-9716-e02d49b9162a@group-02B75E6AB3D7: set configuration 0: [f195ac4f-a279-4102-9716-e02d49b9162a:192.168.30.6:37523], old=null at 0
2019-09-25 11:09:54,654 [07e899c7-9b65-45ad-afd5-2a504e2891bf@group-6FC0839AFB76:LeaderElection298] INFO  impl.RoleInfo (RoleInfo.java:updateAndGet(143)) - 07e899c7-9b65-45ad-afd5-2a504e2891bf: start LeaderState
2019-09-25 11:09:54,654 [07e899c7-9b65-45ad-afd5-2a504e2891bf@group-6FC0839AFB76:LeaderElection298] INFO  segmented.SegmentedRaftLogWorker (SegmentedRaftLogWorker.java:startLogSegment(380)) - 07e899c7-9b65-45ad-afd5-2a504e2891bf@group-6FC0839AFB76-SegmentedRaftLogWorker: Starting segment from index:0
2019-09-25 11:09:54,655 [07e899c7-9b65-45ad-afd5-2a504e2891bf@group-6FC0839AFB76:LeaderElection298] INFO  impl.RaftServerImpl (ServerState.java:setRaftConf(354)) - 07e899c7-9b65-45ad-afd5-2a504e2891bf@group-6FC0839AFB76: set configuration 0: [07e899c7-9b65-45ad-afd5-2a504e2891bf:192.168.30.6:43313], old=null at 0
2019-09-25 11:09:54,656 [0b288e97-ea7b-4dc2-9c9e-09d2c36158d8@group-D6924F0184B7:LeaderElection296] INFO  impl.RoleInfo (RoleInfo.java:updateAndGet(143)) - 0b288e97-ea7b-4dc2-9c9e-09d2c36158d8: start LeaderState
2019-09-25 11:09:54,656 [0b288e97-ea7b-4dc2-9c9e-09d2c36158d8@group-22DA1EF12A43:LeaderElection297] INFO  impl.RoleInfo (RoleInfo.java:updateAndGet(143)) - 0b288e97-ea7b-4dc2-9c9e-09d2c36158d8: start LeaderState
2019-09-25 11:09:54,656 [0b288e97-ea7b-4dc2-9c9e-09d2c36158d8@group-D6924F0184B7:LeaderElection296] INFO  segmented.SegmentedRaftLogWorker (SegmentedRaftLogWorker.java:startLogSegment(380)) - 0b288e97-ea7b-4dc2-9c9e-09d2c36158d8@group-D6924F0184B7-SegmentedRaftLogWorker: Starting segment from index:0
2019-09-25 11:09:54,656 [0b288e97-ea7b-4dc2-9c9e-09d2c36158d8@group-22DA1EF12A43:LeaderElection297] INFO  segmented.SegmentedRaftLogWorker (SegmentedRaftLogWorker.java:startLogSegment(380)) - 0b288e97-ea7b-4dc2-9c9e-09d2c36158d8@group-22DA1EF12A43-SegmentedRaftLogWorker: Starting segment from index:0
2019-09-25 11:09:54,656 [0b288e97-ea7b-4dc2-9c9e-09d2c36158d8@group-D6924F0184B7:LeaderElection296] INFO  impl.RaftServerImpl (ServerState.java:setRaftConf(354)) - 0b288e97-ea7b-4dc2-9c9e-09d2c36158d8@group-D6924F0184B7: set configuration 0: [0b288e97-ea7b-4dc2-9c9e-09d2c36158d8:192.168.30.6:43433], old=null at 0
2019-09-25 11:09:54,657 [0b288e97-ea7b-4dc2-9c9e-09d2c36158d8@group-22DA1EF12A43:LeaderElection297] INFO  impl.RaftServerImpl (ServerState.java:setRaftConf(354)) - 0b288e97-ea7b-4dc2-9c9e-09d2c36158d8@group-22DA1EF12A43: set configuration 0: [0b288e97-ea7b-4dc2-9c9e-09d2c36158d8:192.168.30.6:43433], old=null at 0
2019-09-25 11:09:54,705 [0b288e97-ea7b-4dc2-9c9e-09d2c36158d8@group-22DA1EF12A43-SegmentedRaftLogWorker] INFO  segmented.SegmentedRaftLogWorker (SegmentedRaftLogWorker.java:execute(569)) - 0b288e97-ea7b-4dc2-9c9e-09d2c36158d8@group-22DA1EF12A43-SegmentedRaftLogWorker: created new log segment /workdir/hadoop-ozone/integration-test/target/test-dir/MiniOzoneClusterImpl-d8e1effc-caf9-4828-b7f0-59ad57edb745/datanode-3/data/ratis/035f296c-c809-43ea-aada-22da1ef12a43/current/log_inprogress_0
2019-09-25 11:09:54,705 [07e899c7-9b65-45ad-afd5-2a504e2891bf@group-6FC0839AFB76-SegmentedRaftLogWorker] INFO  segmented.SegmentedRaftLogWorker (SegmentedRaftLogWorker.java:execute(569)) - 07e899c7-9b65-45ad-afd5-2a504e2891bf@group-6FC0839AFB76-SegmentedRaftLogWorker: created new log segment /workdir/hadoop-ozone/integration-test/target/test-dir/MiniOzoneClusterImpl-d8e1effc-caf9-4828-b7f0-59ad57edb745/datanode-2/data/ratis/69b901ff-ab1e-46ac-ab1e-6fc0839afb76/current/log_inprogress_0
2019-09-25 11:09:54,705 [0b288e97-ea7b-4dc2-9c9e-09d2c36158d8@group-D6924F0184B7-SegmentedRaftLogWorker] INFO  segmented.SegmentedRaftLogWorker (SegmentedRaftLogWorker.java:execute(569)) - 0b288e97-ea7b-4dc2-9c9e-09d2c36158d8@group-D6924F0184B7-SegmentedRaftLogWorker: created new log segment /workdir/hadoop-ozone/integration-test/target/test-dir/MiniOzoneClusterImpl-d8e1effc-caf9-4828-b7f0-59ad57edb745/datanode-3/data/ratis/4d5269c7-28a4-4772-8bbb-d6924f0184b7/current/log_inprogress_0
2019-09-25 11:09:54,705 [f195ac4f-a279-4102-9716-e02d49b9162a@group-02B75E6AB3D7-SegmentedRaftLogWorker] INFO  segmented.SegmentedRaftLogWorker (SegmentedRaftLogWorker.java:execute(569)) - f195ac4f-a279-4102-9716-e02d49b9162a@group-02B75E6AB3D7-SegmentedRaftLogWorker: created new log segment /workdir/hadoop-ozone/integration-test/target/test-dir/MiniOzoneClusterImpl-d8e1effc-caf9-4828-b7f0-59ad57edb745/datanode-5/data/ratis/f472d96d-9db1-41cb-b9c6-02b75e6ab3d7/current/log_inprogress_0
2019-09-25 11:09:54,759 [ForkJoinPool.commonPool-worker-1] INFO  ozoneimpl.OzoneContainer (OzoneContainer.java:stop(231)) - Attempting to stop container services.
2019-09-25 11:09:54,759 [ForkJoinPool.commonPool-worker-1] INFO  impl.RaftServerProxy (RaftServerProxy.java:lambda$close$4(314)) - 07e899c7-9b65-45ad-afd5-2a504e2891bf: close
2019-09-25 11:09:54,760 [ForkJoinPool.commonPool-worker-1] INFO  impl.RaftServerImpl (RaftServerImpl.java:lambda$shutdown$3(251)) - 07e899c7-9b65-45ad-afd5-2a504e2891bf@group-FEB97ED59F20: shutdown
2019-09-25 11:09:54,760 [ForkJoinPool.commonPool-worker-1] INFO  util.JmxRegister (JmxRegister.java:unregister(73)) - Successfully un-registered JMX Bean with object name Ratis:service=RaftServer,group=group-FEB97ED59F20,id=07e899c7-9b65-45ad-afd5-2a504e2891bf
2019-09-25 11:09:54,760 [ForkJoinPool.commonPool-worker-1] INFO  impl.RoleInfo (RoleInfo.java:shutdownLeaderState(104)) - 07e899c7-9b65-45ad-afd5-2a504e2891bf: shutdown LeaderState
2019-09-25 11:09:54,760 [ForkJoinPool.commonPool-worker-1] INFO  impl.PendingRequests (PendingRequests.java:sendNotLeaderResponses(202)) - 07e899c7-9b65-45ad-afd5-2a504e2891bf-PendingRequests: sendNotLeaderResponses
2019-09-25 11:09:54,761 [ForkJoinPool.commonPool-worker-1] INFO  impl.StateMachineUpdater (StateMachineUpdater.java:stopAndJoin(125)) - 07e899c7-9b65-45ad-afd5-2a504e2891bf@group-FEB97ED59F20-StateMachineUpdater: set stopIndex = 0
2019-09-25 11:09:54,761 [ForkJoinPool.commonPool-worker-1] INFO  impl.RaftServerImpl (ServerState.java:close(385)) - 07e899c7-9b65-45ad-afd5-2a504e2891bf@group-FEB97ED59F20: closes. applyIndex: 0
2019-09-25 11:09:54,761 [07e899c7-9b65-45ad-afd5-2a504e2891bf@group-FEB97ED59F20-SegmentedRaftLogWorker] INFO  segmented.SegmentedRaftLogWorker (SegmentedRaftLogWorker.java:run(313)) - 07e899c7-9b65-45ad-afd5-2a504e2891bf@group-FEB97ED59F20-SegmentedRaftLogWorker was interrupted, exiting. There are 0 tasks remaining in the queue.
2019-09-25 11:09:54,761 [ForkJoinPool.commonPool-worker-1] INFO  segmented.SegmentedRaftLogWorker (SegmentedRaftLogWorker.java:close(228)) - 07e899c7-9b65-45ad-afd5-2a504e2891bf@group-FEB97ED59F20-SegmentedRaftLogWorker close()
2019-09-25 11:09:54,762 [ForkJoinPool.commonPool-worker-1] INFO  impl.RaftServerImpl (RaftServerImpl.java:lambda$shutdown$3(251)) - 07e899c7-9b65-45ad-afd5-2a504e2891bf@group-6FC0839AFB76: shutdown
2019-09-25 11:09:54,762 [ForkJoinPool.commonPool-worker-1] INFO  util.JmxRegister (JmxRegister.java:unregister(73)) - Successfully un-registered JMX Bean with object name Ratis:service=RaftServer,group=group-6FC0839AFB76,id=07e899c7-9b65-45ad-afd5-2a504e2891bf
2019-09-25 11:09:54,762 [ForkJoinPool.commonPool-worker-1] INFO  impl.RoleInfo (RoleInfo.java:shutdownLeaderState(104)) - 07e899c7-9b65-45ad-afd5-2a504e2891bf: shutdown LeaderState
2019-09-25 11:09:54,762 [ForkJoinPool.commonPool-worker-1] INFO  impl.PendingRequests (PendingRequests.java:sendNotLeaderResponses(202)) - 07e899c7-9b65-45ad-afd5-2a504e2891bf-PendingRequests: sendNotLeaderResponses
2019-09-25 11:09:54,762 [ForkJoinPool.commonPool-worker-1] INFO  impl.StateMachineUpdater (StateMachineUpdater.java:stopAndJoin(125)) - 07e899c7-9b65-45ad-afd5-2a504e2891bf@group-6FC0839AFB76-StateMachineUpdater: set stopIndex = 0
2019-09-25 11:09:54,763 [ForkJoinPool.commonPool-worker-1] INFO  impl.RaftServerImpl (ServerState.java:close(385)) - 07e899c7-9b65-45ad-afd5-2a504e2891bf@group-6FC0839AFB76: closes. applyIndex: 0
2019-09-25 11:09:54,763 [07e899c7-9b65-45ad-afd5-2a504e2891bf@group-6FC0839AFB76-SegmentedRaftLogWorker] INFO  segmented.SegmentedRaftLogWorker (SegmentedRaftLogWorker.java:run(313)) - 07e899c7-9b65-45ad-afd5-2a504e2891bf@group-6FC0839AFB76-SegmentedRaftLogWorker was interrupted, exiting. There are 0 tasks remaining in the queue.
2019-09-25 11:09:54,763 [ForkJoinPool.commonPool-worker-1] INFO  segmented.SegmentedRaftLogWorker (SegmentedRaftLogWorker.java:close(228)) - 07e899c7-9b65-45ad-afd5-2a504e2891bf@group-6FC0839AFB76-SegmentedRaftLogWorker close()
2019-09-25 11:09:54,764 [ForkJoinPool.commonPool-worker-1] INFO  impl.RaftServerImpl (RaftServerImpl.java:lambda$shutdown$3(251)) - 07e899c7-9b65-45ad-afd5-2a504e2891bf@group-8594F3DFDB7C: shutdown
2019-09-25 11:09:54,764 [ForkJoinPool.commonPool-worker-1] INFO  util.JmxRegister (JmxRegister.java:unregister(73)) - Successfully un-registered JMX Bean with object name Ratis:service=RaftServer,group=group-8594F3DFDB7C,id=07e899c7-9b65-45ad-afd5-2a504e2891bf
2019-09-25 11:09:54,764 [ForkJoinPool.commonPool-worker-1] INFO  impl.RoleInfo (RoleInfo.java:shutdownLeaderState(104)) - 07e899c7-9b65-45ad-afd5-2a504e2891bf: shutdown LeaderState
2019-09-25 11:09:54,764 [ForkJoinPool.commonPool-worker-1] INFO  impl.PendingRequests (PendingRequests.java:sendNotLeaderResponses(202)) - 07e899c7-9b65-45ad-afd5-2a504e2891bf-PendingRequests: sendNotLeaderResponses
2019-09-25 11:09:54,765 [ForkJoinPool.commonPool-worker-1] INFO  impl.StateMachineUpdater (StateMachineUpdater.java:stopAndJoin(125)) - 07e899c7-9b65-45ad-afd5-2a504e2891bf@group-8594F3DFDB7C-StateMachineUpdater: set stopIndex = 0
2019-09-25 11:09:54,765 [ForkJoinPool.commonPool-worker-1] INFO  impl.RaftServerImpl (ServerState.java:close(385)) - 07e899c7-9b65-45ad-afd5-2a504e2891bf@group-8594F3DFDB7C: closes. applyIndex: 0
2019-09-25 11:09:54,765 [07e899c7-9b65-45ad-afd5-2a504e2891bf@group-8594F3DFDB7C-SegmentedRaftLogWorker] INFO  segmented.SegmentedRaftLogWorker (SegmentedRaftLogWorker.java:run(313)) - 07e899c7-9b65-45ad-afd5-2a504e2891bf@group-8594F3DFDB7C-SegmentedRaftLogWorker was interrupted, exiting. There are 0 tasks remaining in the queue.
2019-09-25 11:09:54,765 [ForkJoinPool.commonPool-worker-1] INFO  segmented.SegmentedRaftLogWorker (SegmentedRaftLogWorker.java:close(228)) - 07e899c7-9b65-45ad-afd5-2a504e2891bf@group-8594F3DFDB7C-SegmentedRaftLogWorker close()
2019-09-25 11:09:54,765 [ForkJoinPool.commonPool-worker-1] INFO  impl.RaftServerImpl (RaftServerImpl.java:lambda$shutdown$3(251)) - 07e899c7-9b65-45ad-afd5-2a504e2891bf@group-9BFEF2B5C910: shutdown
2019-09-25 11:09:54,766 [ForkJoinPool.commonPool-worker-1] INFO  util.JmxRegister (JmxRegister.java:unregister(73)) - Successfully un-registered JMX Bean with object name Ratis:service=RaftServer,group=group-9BFEF2B5C910,id=07e899c7-9b65-45ad-afd5-2a504e2891bf
2019-09-25 11:09:54,766 [ForkJoinPool.commonPool-worker-1] INFO  impl.RoleInfo (RoleInfo.java:shutdownLeaderState(104)) - 07e899c7-9b65-45ad-afd5-2a504e2891bf: shutdown LeaderState
2019-09-25 11:09:54,766 [ForkJoinPool.commonPool-worker-1] INFO  impl.PendingRequests (PendingRequests.java:sendNotLeaderResponses(202)) - 07e899c7-9b65-45ad-afd5-2a504e2891bf-PendingRequests: sendNotLeaderResponses
2019-09-25 11:09:54,766 [ForkJoinPool.commonPool-worker-1] INFO  impl.StateMachineUpdater (StateMachineUpdater.java:stopAndJoin(125)) - 07e899c7-9b65-45ad-afd5-2a504e2891bf@group-9BFEF2B5C910-StateMachineUpdater: set stopIndex = 0
2019-09-25 11:09:54,767 [ForkJoinPool.commonPool-worker-1] INFO  impl.RaftServerImpl (ServerState.java:close(385)) - 07e899c7-9b65-45ad-afd5-2a504e2891bf@group-9BFEF2B5C910: closes. applyIndex: 0
2019-09-25 11:09:54,767 [07e899c7-9b65-45ad-afd5-2a504e2891bf@group-9BFEF2B5C910-SegmentedRaftLogWorker] INFO  segmented.SegmentedRaftLogWorker (SegmentedRaftLogWorker.java:run(313)) - 07e899c7-9b65-45ad-afd5-2a504e2891bf@group-9BFEF2B5C910-SegmentedRaftLogWorker was interrupted, exiting. There are 0 tasks remaining in the queue.
2019-09-25 11:09:54,767 [ForkJoinPool.commonPool-worker-1] INFO  segmented.SegmentedRaftLogWorker (SegmentedRaftLogWorker.java:close(228)) - 07e899c7-9b65-45ad-afd5-2a504e2891bf@group-9BFEF2B5C910-SegmentedRaftLogWorker close()
2019-09-25 11:09:54,767 [ForkJoinPool.commonPool-worker-1] INFO  impl.RaftServerImpl (RaftServerImpl.java:lambda$shutdown$3(251)) - 07e899c7-9b65-45ad-afd5-2a504e2891bf@group-8D47D52A54A3: shutdown
2019-09-25 11:09:54,768 [ForkJoinPool.commonPool-worker-1] INFO  util.JmxRegister (JmxRegister.java:unregister(73)) - Successfully un-registered JMX Bean with object name Ratis:service=RaftServer,group=group-8D47D52A54A3,id=07e899c7-9b65-45ad-afd5-2a504e2891bf
2019-09-25 11:09:54,768 [ForkJoinPool.commonPool-worker-1] INFO  impl.RoleInfo (RoleInfo.java:shutdownLeaderState(104)) - 07e899c7-9b65-45ad-afd5-2a504e2891bf: shutdown LeaderState
2019-09-25 11:09:54,768 [ForkJoinPool.commonPool-worker-1] INFO  impl.PendingRequests (PendingRequests.java:sendNotLeaderResponses(202)) - 07e899c7-9b65-45ad-afd5-2a504e2891bf-PendingRequests: sendNotLeaderResponses
2019-09-25 11:09:54,768 [ForkJoinPool.commonPool-worker-1] INFO  impl.StateMachineUpdater (StateMachineUpdater.java:stopAndJoin(125)) - 07e899c7-9b65-45ad-afd5-2a504e2891bf@group-8D47D52A54A3-StateMachineUpdater: set stopIndex = 0
2019-09-25 11:09:54,769 [ForkJoinPool.commonPool-worker-1] INFO  impl.RaftServerImpl (ServerState.java:close(385)) - 07e899c7-9b65-45ad-afd5-2a504e2891bf@group-8D47D52A54A3: closes. applyIndex: 0
2019-09-25 11:09:54,769 [07e899c7-9b65-45ad-afd5-2a504e2891bf@group-8D47D52A54A3-SegmentedRaftLogWorker] INFO  segmented.SegmentedRaftLogWorker (SegmentedRaftLogWorker.java:run(313)) - 07e899c7-9b65-45ad-afd5-2a504e2891bf@group-8D47D52A54A3-SegmentedRaftLogWorker was interrupted, exiting. There are 0 tasks remaining in the queue.
2019-09-25 11:09:54,769 [ForkJoinPool.commonPool-worker-1] INFO  segmented.SegmentedRaftLogWorker (SegmentedRaftLogWorker.java:close(228)) - 07e899c7-9b65-45ad-afd5-2a504e2891bf@group-8D47D52A54A3-SegmentedRaftLogWorker close()
2019-09-25 11:09:54,769 [ForkJoinPool.commonPool-worker-1] INFO  impl.RaftServerImpl (RaftServerImpl.java:lambda$shutdown$3(251)) - 07e899c7-9b65-45ad-afd5-2a504e2891bf@group-17073B359B9E: shutdown
2019-09-25 11:09:54,769 [ForkJoinPool.commonPool-worker-1] INFO  util.JmxRegister (JmxRegister.java:unregister(73)) - Successfully un-registered JMX Bean with object name Ratis:service=RaftServer,group=group-17073B359B9E,id=07e899c7-9b65-45ad-afd5-2a504e2891bf
2019-09-25 11:09:54,770 [ForkJoinPool.commonPool-worker-1] INFO  impl.RoleInfo (RoleInfo.java:shutdownLeaderState(104)) - 07e899c7-9b65-45ad-afd5-2a504e2891bf: shutdown LeaderState
2019-09-25 11:09:54,770 [ForkJoinPool.commonPool-worker-1] INFO  impl.PendingRequests (PendingRequests.java:sendNotLeaderResponses(202)) - 07e899c7-9b65-45ad-afd5-2a504e2891bf-PendingRequests: sendNotLeaderResponses
2019-09-25 11:09:54,770 [ForkJoinPool.commonPool-worker-1] INFO  impl.StateMachineUpdater (StateMachineUpdater.java:stopAndJoin(125)) - 07e899c7-9b65-45ad-afd5-2a504e2891bf@group-17073B359B9E-StateMachineUpdater: set stopIndex = 0
2019-09-25 11:09:54,770 [ForkJoinPool.commonPool-worker-1] INFO  impl.RaftServerImpl (ServerState.java:close(385)) - 07e899c7-9b65-45ad-afd5-2a504e2891bf@group-17073B359B9E: closes. applyIndex: 0
2019-09-25 11:09:54,771 [07e899c7-9b65-45ad-afd5-2a504e2891bf@group-17073B359B9E-SegmentedRaftLogWorker] INFO  segmented.SegmentedRaftLogWorker (SegmentedRaftLogWorker.java:run(313)) - 07e899c7-9b65-45ad-afd5-2a504e2891bf@group-17073B359B9E-SegmentedRaftLogWorker was interrupted, exiting. There are 0 tasks remaining in the queue.
2019-09-25 11:09:54,771 [ForkJoinPool.commonPool-worker-1] INFO  segmented.SegmentedRaftLogWorker (SegmentedRaftLogWorker.java:close(228)) - 07e899c7-9b65-45ad-afd5-2a504e2891bf@group-17073B359B9E-SegmentedRaftLogWorker close()
2019-09-25 11:09:54,771 [ForkJoinPool.commonPool-worker-1] INFO  server.GrpcService (GrpcService.java:closeImpl(164)) - 07e899c7-9b65-45ad-afd5-2a504e2891bf: shutdown server with port 43313 now
2019-09-25 11:09:54,775 [ForkJoinPool.commonPool-worker-1] INFO  server.GrpcService (GrpcService.java:closeImpl(172)) - 07e899c7-9b65-45ad-afd5-2a504e2891bf: shutdown server with port 43313 successfully
2019-09-25 11:09:54,780 [refreshUsed-/workdir/hadoop-ozone/integration-test/target/test-dir/MiniOzoneClusterImpl-d8e1effc-caf9-4828-b7f0-59ad57edb745/datanode-2/data/containers] WARN  fs.CachingGetSpaceUsed (CachingGetSpaceUsed.java:run(183)) - Thread Interrupted waiting to refresh disk information: sleep interrupted
2019-09-25 11:09:54,785 [main] INFO  ozoneimpl.OzoneContainer (OzoneContainer.java:stop(231)) - Attempting to stop container services.
2019-09-25 11:09:54,786 [main] INFO  impl.RaftServerProxy (RaftServerProxy.java:lambda$close$4(314)) - 0b288e97-ea7b-4dc2-9c9e-09d2c36158d8: close
2019-09-25 11:09:54,786 [main] INFO  impl.RaftServerImpl (RaftServerImpl.java:lambda$shutdown$3(251)) - 0b288e97-ea7b-4dc2-9c9e-09d2c36158d8@group-4D38CDC4DC38: shutdown
2019-09-25 11:09:54,786 [main] INFO  util.JmxRegister (JmxRegister.java:unregister(73)) - Successfully un-registered JMX Bean with object name Ratis:service=RaftServer,group=group-4D38CDC4DC38,id=0b288e97-ea7b-4dc2-9c9e-09d2c36158d8
2019-09-25 11:09:54,786 [main] INFO  impl.RoleInfo (RoleInfo.java:shutdownLeaderState(104)) - 0b288e97-ea7b-4dc2-9c9e-09d2c36158d8: shutdown LeaderState
2019-09-25 11:09:54,786 [main] INFO  impl.PendingRequests (PendingRequests.java:sendNotLeaderResponses(202)) - 0b288e97-ea7b-4dc2-9c9e-09d2c36158d8-PendingRequests: sendNotLeaderResponses
2019-09-25 11:09:54,787 [main] INFO  impl.StateMachineUpdater (StateMachineUpdater.java:stopAndJoin(125)) - 0b288e97-ea7b-4dc2-9c9e-09d2c36158d8@group-4D38CDC4DC38-StateMachineUpdater: set stopIndex = 0
2019-09-25 11:09:54,787 [main] INFO  impl.RaftServerImpl (ServerState.java:close(385)) - 0b288e97-ea7b-4dc2-9c9e-09d2c36158d8@group-4D38CDC4DC38: closes. applyIndex: 0
2019-09-25 11:09:54,787 [0b288e97-ea7b-4dc2-9c9e-09d2c36158d8@group-4D38CDC4DC38-SegmentedRaftLogWorker] INFO  segmented.SegmentedRaftLogWorker (SegmentedRaftLogWorker.java:run(313)) - 0b288e97-ea7b-4dc2-9c9e-09d2c36158d8@group-4D38CDC4DC38-SegmentedRaftLogWorker was interrupted, exiting. There are 0 tasks remaining in the queue.
2019-09-25 11:09:54,787 [main] INFO  segmented.SegmentedRaftLogWorker (SegmentedRaftLogWorker.java:close(228)) - 0b288e97-ea7b-4dc2-9c9e-09d2c36158d8@group-4D38CDC4DC38-SegmentedRaftLogWorker close()
2019-09-25 11:09:54,788 [main] INFO  impl.RaftServerImpl (RaftServerImpl.java:lambda$shutdown$3(251)) - 0b288e97-ea7b-4dc2-9c9e-09d2c36158d8@group-B3660D54F941: shutdown
2019-09-25 11:09:54,788 [main] INFO  util.JmxRegister (JmxRegister.java:unregister(73)) - Successfully un-registered JMX Bean with object name Ratis:service=RaftServer,group=group-B3660D54F941,id=0b288e97-ea7b-4dc2-9c9e-09d2c36158d8
2019-09-25 11:09:54,788 [main] INFO  impl.RoleInfo (RoleInfo.java:shutdownLeaderState(104)) - 0b288e97-ea7b-4dc2-9c9e-09d2c36158d8: shutdown LeaderState
2019-09-25 11:09:54,788 [main] INFO  impl.PendingRequests (PendingRequests.java:sendNotLeaderResponses(202)) - 0b288e97-ea7b-4dc2-9c9e-09d2c36158d8-PendingRequests: sendNotLeaderResponses
2019-09-25 11:09:54,789 [main] INFO  impl.StateMachineUpdater (StateMachineUpdater.java:stopAndJoin(125)) - 0b288e97-ea7b-4dc2-9c9e-09d2c36158d8@group-B3660D54F941-StateMachineUpdater: set stopIndex = 0
2019-09-25 11:09:54,789 [main] INFO  impl.RaftServerImpl (ServerState.java:close(385)) - 0b288e97-ea7b-4dc2-9c9e-09d2c36158d8@group-B3660D54F941: closes. applyIndex: 0
2019-09-25 11:09:54,789 [0b288e97-ea7b-4dc2-9c9e-09d2c36158d8@group-B3660D54F941-SegmentedRaftLogWorker] INFO  segmented.SegmentedRaftLogWorker (SegmentedRaftLogWorker.java:run(313)) - 0b288e97-ea7b-4dc2-9c9e-09d2c36158d8@group-B3660D54F941-SegmentedRaftLogWorker was interrupted, exiting. There are 0 tasks remaining in the queue.
2019-09-25 11:09:54,789 [main] INFO  segmented.SegmentedRaftLogWorker (SegmentedRaftLogWorker.java:close(228)) - 0b288e97-ea7b-4dc2-9c9e-09d2c36158d8@group-B3660D54F941-SegmentedRaftLogWorker close()
2019-09-25 11:09:54,790 [main] INFO  impl.RaftServerImpl (RaftServerImpl.java:lambda$shutdown$3(251)) - 0b288e97-ea7b-4dc2-9c9e-09d2c36158d8@group-22DA1EF12A43: shutdown
2019-09-25 11:09:54,790 [main] INFO  util.JmxRegister (JmxRegister.java:unregister(73)) - Successfully un-registered JMX Bean with object name Ratis:service=RaftServer,group=group-22DA1EF12A43,id=0b288e97-ea7b-4dc2-9c9e-09d2c36158d8
2019-09-25 11:09:54,790 [main] INFO  impl.RoleInfo (RoleInfo.java:shutdownLeaderState(104)) - 0b288e97-ea7b-4dc2-9c9e-09d2c36158d8: shutdown LeaderState
2019-09-25 11:09:54,790 [main] INFO  impl.PendingRequests (PendingRequests.java:sendNotLeaderResponses(202)) - 0b288e97-ea7b-4dc2-9c9e-09d2c36158d8-PendingRequests: sendNotLeaderResponses
2019-09-25 11:09:54,790 [main] INFO  impl.StateMachineUpdater (StateMachineUpdater.java:stopAndJoin(125)) - 0b288e97-ea7b-4dc2-9c9e-09d2c36158d8@group-22DA1EF12A43-StateMachineUpdater: set stopIndex = 0
2019-09-25 11:09:54,791 [main] INFO  impl.RaftServerImpl (ServerState.java:close(385)) - 0b288e97-ea7b-4dc2-9c9e-09d2c36158d8@group-22DA1EF12A43: closes. applyIndex: 0
2019-09-25 11:09:54,791 [0b288e97-ea7b-4dc2-9c9e-09d2c36158d8@group-22DA1EF12A43-SegmentedRaftLogWorker] INFO  segmented.SegmentedRaftLogWorker (SegmentedRaftLogWorker.java:run(313)) - 0b288e97-ea7b-4dc2-9c9e-09d2c36158d8@group-22DA1EF12A43-SegmentedRaftLogWorker was interrupted, exiting. There are 0 tasks remaining in the queue.
2019-09-25 11:09:54,791 [main] INFO  segmented.SegmentedRaftLogWorker (SegmentedRaftLogWorker.java:close(228)) - 0b288e97-ea7b-4dc2-9c9e-09d2c36158d8@group-22DA1EF12A43-SegmentedRaftLogWorker close()
2019-09-25 11:09:54,791 [main] INFO  impl.RaftServerImpl (RaftServerImpl.java:lambda$shutdown$3(251)) - 0b288e97-ea7b-4dc2-9c9e-09d2c36158d8@group-2073381C0914: shutdown
2019-09-25 11:09:54,792 [main] INFO  util.JmxRegister (JmxRegister.java:unregister(73)) - Successfully un-registered JMX Bean with object name Ratis:service=RaftServer,group=group-2073381C0914,id=0b288e97-ea7b-4dc2-9c9e-09d2c36158d8
2019-09-25 11:09:54,792 [main] INFO  impl.RoleInfo (RoleInfo.java:shutdownLeaderState(104)) - 0b288e97-ea7b-4dc2-9c9e-09d2c36158d8: shutdown LeaderState
2019-09-25 11:09:54,792 [main] INFO  impl.PendingRequests (PendingRequests.java:sendNotLeaderResponses(202)) - 0b288e97-ea7b-4dc2-9c9e-09d2c36158d8-PendingRequests: sendNotLeaderResponses
2019-09-25 11:09:54,792 [main] INFO  impl.StateMachineUpdater (StateMachineUpdater.java:stopAndJoin(125)) - 0b288e97-ea7b-4dc2-9c9e-09d2c36158d8@group-2073381C0914-StateMachineUpdater: set stopIndex = 0
2019-09-25 11:09:54,793 [main] INFO  impl.RaftServerImpl (ServerState.java:close(385)) - 0b288e97-ea7b-4dc2-9c9e-09d2c36158d8@group-2073381C0914: closes. applyIndex: 0
2019-09-25 11:09:54,793 [0b288e97-ea7b-4dc2-9c9e-09d2c36158d8@group-2073381C0914-SegmentedRaftLogWorker] INFO  segmented.SegmentedRaftLogWorker (SegmentedRaftLogWorker.java:run(313)) - 0b288e97-ea7b-4dc2-9c9e-09d2c36158d8@group-2073381C0914-SegmentedRaftLogWorker was interrupted, exiting. There are 0 tasks remaining in the queue.
2019-09-25 11:09:54,793 [main] INFO  segmented.SegmentedRaftLogWorker (SegmentedRaftLogWorker.java:close(228)) - 0b288e97-ea7b-4dc2-9c9e-09d2c36158d8@group-2073381C0914-SegmentedRaftLogWorker close()
2019-09-25 11:09:54,793 [main] INFO  impl.RaftServerImpl (RaftServerImpl.java:lambda$shutdown$3(251)) - 0b288e97-ea7b-4dc2-9c9e-09d2c36158d8@group-ACF0B8E55071: shutdown
2019-09-25 11:09:54,793 [main] INFO  util.JmxRegister (JmxRegister.java:unregister(73)) - Successfully un-registered JMX Bean with object name Ratis:service=RaftServer,group=group-ACF0B8E55071,id=0b288e97-ea7b-4dc2-9c9e-09d2c36158d8
2019-09-25 11:09:54,794 [main] INFO  impl.RoleInfo (RoleInfo.java:shutdownLeaderState(104)) - 0b288e97-ea7b-4dc2-9c9e-09d2c36158d8: shutdown LeaderState
2019-09-25 11:09:54,794 [main] INFO  impl.PendingRequests (PendingRequests.java:sendNotLeaderResponses(202)) - 0b288e97-ea7b-4dc2-9c9e-09d2c36158d8-PendingRequests: sendNotLeaderResponses
2019-09-25 11:09:54,794 [main] INFO  impl.StateMachineUpdater (StateMachineUpdater.java:stopAndJoin(125)) - 0b288e97-ea7b-4dc2-9c9e-09d2c36158d8@group-ACF0B8E55071-StateMachineUpdater: set stopIndex = 0
2019-09-25 11:09:54,794 [main] INFO  impl.RaftServerImpl (ServerState.java:close(385)) - 0b288e97-ea7b-4dc2-9c9e-09d2c36158d8@group-ACF0B8E55071: closes. applyIndex: 0
2019-09-25 11:09:54,794 [ForkJoinPool.commonPool-worker-1] INFO  utils.BackgroundService (BackgroundService.java:shutdown(148)) - Shutting down service BlockDeletingService
2019-09-25 11:09:54,795 [0b288e97-ea7b-4dc2-9c9e-09d2c36158d8@group-ACF0B8E55071-SegmentedRaftLogWorker] INFO  segmented.SegmentedRaftLogWorker (SegmentedRaftLogWorker.java:run(313)) - 0b288e97-ea7b-4dc2-9c9e-09d2c36158d8@group-ACF0B8E55071-SegmentedRaftLogWorker was interrupted, exiting. There are 0 tasks remaining in the queue.
2019-09-25 11:09:54,795 [main] INFO  segmented.SegmentedRaftLogWorker (SegmentedRaftLogWorker.java:close(228)) - 0b288e97-ea7b-4dc2-9c9e-09d2c36158d8@group-ACF0B8E55071-SegmentedRaftLogWorker close()
2019-09-25 11:09:54,800 [main] INFO  impl.RaftServerImpl (RaftServerImpl.java:lambda$shutdown$3(251)) - 0b288e97-ea7b-4dc2-9c9e-09d2c36158d8@group-D6924F0184B7: shutdown
2019-09-25 11:09:54,803 [ForkJoinPool.commonPool-worker-1] INFO  statemachine.DatanodeStateMachine (DatanodeStateMachine.java:stopDaemon(395)) - Ozone container server stopped.
2019-09-25 11:09:54,803 [main] INFO  util.JmxRegister (JmxRegister.java:unregister(73)) - Successfully un-registered JMX Bean with object name Ratis:service=RaftServer,group=group-D6924F0184B7,id=0b288e97-ea7b-4dc2-9c9e-09d2c36158d8
2019-09-25 11:09:54,806 [main] INFO  impl.RoleInfo (RoleInfo.java:shutdownLeaderState(104)) - 0b288e97-ea7b-4dc2-9c9e-09d2c36158d8: shutdown LeaderState
2019-09-25 11:09:54,806 [ForkJoinPool.commonPool-worker-1] INFO  handler.ContextHandler (ContextHandler.java:doStop(910)) - Stopped o.e.j.w.WebAppContext@84f51d9{/,null,UNAVAILABLE}{/hddsDatanode}
2019-09-25 11:09:54,806 [main] INFO  impl.PendingRequests (PendingRequests.java:sendNotLeaderResponses(202)) - 0b288e97-ea7b-4dc2-9c9e-09d2c36158d8-PendingRequests: sendNotLeaderResponses
2019-09-25 11:09:54,807 [ForkJoinPool.commonPool-worker-1] INFO  server.AbstractConnector (AbstractConnector.java:doStop(318)) - Stopped ServerConnector@45b96e4c{HTTP/1.1,[http/1.1]}{0.0.0.0:0}
2019-09-25 11:09:54,807 [main] INFO  impl.StateMachineUpdater (StateMachineUpdater.java:stopAndJoin(125)) - 0b288e97-ea7b-4dc2-9c9e-09d2c36158d8@group-D6924F0184B7-StateMachineUpdater: set stopIndex = 0
2019-09-25 11:09:54,810 [ForkJoinPool.commonPool-worker-1] INFO  handler.ContextHandler (ContextHandler.java:doStop(910)) - Stopped o.e.j.s.ServletContextHandler@2a7bc16b{/static,jar:file:/home/user/.m2/repository/org/apache/hadoop/hadoop-hdds-container-service/0.5.0-SNAPSHOT/hadoop-hdds-container-service-0.5.0-SNAPSHOT.jar!/webapps/static,UNAVAILABLE}
2019-09-25 11:09:54,810 [main] INFO  impl.RaftServerImpl (ServerState.java:close(385)) - 0b288e97-ea7b-4dc2-9c9e-09d2c36158d8@group-D6924F0184B7: closes. applyIndex: 0
2019-09-25 11:09:54,815 [ForkJoinPool.commonPool-worker-1] INFO  handler.ContextHandler (ContextHandler.java:doStop(910)) - Stopped o.e.j.s.ServletContextHandler@255ed8e4{/logs,file:///workdir/hadoop-ozone/integration-test/target/log,UNAVAILABLE}
2019-09-25 11:09:54,815 [0b288e97-ea7b-4dc2-9c9e-09d2c36158d8@group-D6924F0184B7-SegmentedRaftLogWorker] INFO  segmented.SegmentedRaftLogWorker (SegmentedRaftLogWorker.java:run(313)) - 0b288e97-ea7b-4dc2-9c9e-09d2c36158d8@group-D6924F0184B7-SegmentedRaftLogWorker was interrupted, exiting. There are 0 tasks remaining in the queue.
2019-09-25 11:09:54,815 [main] INFO  segmented.SegmentedRaftLogWorker (SegmentedRaftLogWorker.java:close(228)) - 0b288e97-ea7b-4dc2-9c9e-09d2c36158d8@group-D6924F0184B7-SegmentedRaftLogWorker close()
2019-09-25 11:09:54,816 [main] INFO  server.GrpcService (GrpcService.java:closeImpl(164)) - 0b288e97-ea7b-4dc2-9c9e-09d2c36158d8: shutdown server with port 43433 now
2019-09-25 11:09:54,819 [main] INFO  server.GrpcService (GrpcService.java:closeImpl(172)) - 0b288e97-ea7b-4dc2-9c9e-09d2c36158d8: shutdown server with port 43433 successfully
2019-09-25 11:09:54,821 [refreshUsed-/workdir/hadoop-ozone/integration-test/target/test-dir/MiniOzoneClusterImpl-d8e1effc-caf9-4828-b7f0-59ad57edb745/datanode-3/data/containers] WARN  fs.CachingGetSpaceUsed (CachingGetSpaceUsed.java:run(183)) - Thread Interrupted waiting to refresh disk information: sleep interrupted
2019-09-25 11:09:54,833 [main] INFO  utils.BackgroundService (BackgroundService.java:shutdown(148)) - Shutting down service BlockDeletingService
2019-09-25 11:09:54,839 [main] INFO  statemachine.DatanodeStateMachine (DatanodeStateMachine.java:stopDaemon(395)) - Ozone container server stopped.
2019-09-25 11:09:54,840 [main] INFO  handler.ContextHandler (ContextHandler.java:doStop(910)) - Stopped o.e.j.w.WebAppContext@7a2a7492{/,null,UNAVAILABLE}{/hddsDatanode}
2019-09-25 11:09:54,841 [main] INFO  server.AbstractConnector (AbstractConnector.java:doStop(318)) - Stopped ServerConnector@6326c5ec{HTTP/1.1,[http/1.1]}{0.0.0.0:0}
2019-09-25 11:09:54,841 [main] INFO  handler.ContextHandler (ContextHandler.java:doStop(910)) - Stopped o.e.j.s.ServletContextHandler@74eec640{/static,jar:file:/home/user/.m2/repository/org/apache/hadoop/hadoop-hdds-container-service/0.5.0-SNAPSHOT/hadoop-hdds-container-service-0.5.0-SNAPSHOT.jar!/webapps/static,UNAVAILABLE}
2019-09-25 11:09:54,841 [main] INFO  handler.ContextHandler (ContextHandler.java:doStop(910)) - Stopped o.e.j.s.ServletContextHandler@ec5f944{/logs,file:///workdir/hadoop-ozone/integration-test/target/log,UNAVAILABLE}
2019-09-25 11:09:55,287 [Datanode State Machine Thread - 0] INFO  statemachine.DatanodeStateMachine (DatanodeStateMachine.java:lambda$startDaemon$0(350)) - Ozone container server started.
2019-09-25 11:09:55,607 [Datanode State Machine Thread - 0] INFO  statemachine.DatanodeStateMachine (DatanodeStateMachine.java:lambda$startDaemon$0(350)) - Ozone container server started.
2019-09-25 11:09:59,365 [EventQueue-StaleNodeForStaleNodeHandler] INFO  node.StaleNodeHandler (StaleNodeHandler.java:onMessage(58)) - Datanode 6b5841ea-ab37-40e7-b4af-848a53246ff5{ip: 192.168.30.6, host: pr-hdds-1569-5gmkr-4255264070, networkLocation: /default-rack, certSerialId: null} moved to stale state. Finalizing its pipelines [PipelineID=386620e0-280a-4bce-972a-5fd8c9faae28, PipelineID=f4ce6fff-1260-48f4-bc43-a80c7b46748e, PipelineID=90a04627-75ff-46a3-8437-7b0354c82a64, PipelineID=23ccaa24-03ba-4bdc-9a49-45a30ddfd2fd, PipelineID=cffed95a-bfca-4248-81ed-eaa33ce2aad3, PipelineID=ea40e3be-e87c-4795-bd24-4b517471f8ee]
2019-09-25 11:09:59,365 [EventQueue-StaleNodeForStaleNodeHandler] INFO  pipeline.SCMPipelineManager (SCMPipelineManager.java:finalizeAndDestroyPipeline(316)) - destroying pipeline:Pipeline[ Id: 386620e0-280a-4bce-972a-5fd8c9faae28, Nodes: 6b5841ea-ab37-40e7-b4af-848a53246ff5{ip: 192.168.30.6, host: pr-hdds-1569-5gmkr-4255264070, networkLocation: /default-rack, certSerialId: null}, Type:RATIS, Factor:ONE, State:OPEN]
2019-09-25 11:09:59,365 [EventQueue-StaleNodeForStaleNodeHandler] INFO  pipeline.PipelineStateManager (PipelineStateManager.java:finalizePipeline(123)) - Pipeline Pipeline[ Id: 386620e0-280a-4bce-972a-5fd8c9faae28, Nodes: 6b5841ea-ab37-40e7-b4af-848a53246ff5{ip: 192.168.30.6, host: pr-hdds-1569-5gmkr-4255264070, networkLocation: /default-rack, certSerialId: null}, Type:RATIS, Factor:ONE, State:CLOSED] moved to CLOSED state
2019-09-25 11:09:59,365 [EventQueue-StaleNodeForStaleNodeHandler] INFO  pipeline.SCMPipelineManager (SCMPipelineManager.java:finalizeAndDestroyPipeline(316)) - destroying pipeline:Pipeline[ Id: f4ce6fff-1260-48f4-bc43-a80c7b46748e, Nodes: 6b5841ea-ab37-40e7-b4af-848a53246ff5{ip: 192.168.30.6, host: pr-hdds-1569-5gmkr-4255264070, networkLocation: /default-rack, certSerialId: null}, Type:RATIS, Factor:ONE, State:OPEN]
2019-09-25 11:09:59,365 [EventQueue-StaleNodeForStaleNodeHandler] INFO  pipeline.PipelineStateManager (PipelineStateManager.java:finalizePipeline(123)) - Pipeline Pipeline[ Id: f4ce6fff-1260-48f4-bc43-a80c7b46748e, Nodes: 6b5841ea-ab37-40e7-b4af-848a53246ff5{ip: 192.168.30.6, host: pr-hdds-1569-5gmkr-4255264070, networkLocation: /default-rack, certSerialId: null}, Type:RATIS, Factor:ONE, State:CLOSED] moved to CLOSED state
2019-09-25 11:09:59,366 [EventQueue-StaleNodeForStaleNodeHandler] INFO  pipeline.SCMPipelineManager (SCMPipelineManager.java:finalizeAndDestroyPipeline(316)) - destroying pipeline:Pipeline[ Id: 90a04627-75ff-46a3-8437-7b0354c82a64, Nodes: 6b5841ea-ab37-40e7-b4af-848a53246ff5{ip: 192.168.30.6, host: pr-hdds-1569-5gmkr-4255264070, networkLocation: /default-rack, certSerialId: null}, Type:RATIS, Factor:ONE, State:OPEN]
2019-09-25 11:09:59,366 [EventQueue-StaleNodeForStaleNodeHandler] INFO  pipeline.PipelineStateManager (PipelineStateManager.java:finalizePipeline(123)) - Pipeline Pipeline[ Id: 90a04627-75ff-46a3-8437-7b0354c82a64, Nodes: 6b5841ea-ab37-40e7-b4af-848a53246ff5{ip: 192.168.30.6, host: pr-hdds-1569-5gmkr-4255264070, networkLocation: /default-rack, certSerialId: null}, Type:RATIS, Factor:ONE, State:CLOSED] moved to CLOSED state
2019-09-25 11:09:59,366 [EventQueue-StaleNodeForStaleNodeHandler] INFO  pipeline.SCMPipelineManager (SCMPipelineManager.java:finalizeAndDestroyPipeline(316)) - destroying pipeline:Pipeline[ Id: 23ccaa24-03ba-4bdc-9a49-45a30ddfd2fd, Nodes: 6b5841ea-ab37-40e7-b4af-848a53246ff5{ip: 192.168.30.6, host: pr-hdds-1569-5gmkr-4255264070, networkLocation: /default-rack, certSerialId: null}, Type:RATIS, Factor:ONE, State:OPEN]
2019-09-25 11:09:59,366 [EventQueue-StaleNodeForStaleNodeHandler] INFO  pipeline.PipelineStateManager (PipelineStateManager.java:finalizePipeline(123)) - Pipeline Pipeline[ Id: 23ccaa24-03ba-4bdc-9a49-45a30ddfd2fd, Nodes: 6b5841ea-ab37-40e7-b4af-848a53246ff5{ip: 192.168.30.6, host: pr-hdds-1569-5gmkr-4255264070, networkLocation: /default-rack, certSerialId: null}, Type:RATIS, Factor:ONE, State:CLOSED] moved to CLOSED state
2019-09-25 11:09:59,366 [EventQueue-StaleNodeForStaleNodeHandler] INFO  pipeline.SCMPipelineManager (SCMPipelineManager.java:finalizeAndDestroyPipeline(316)) - destroying pipeline:Pipeline[ Id: cffed95a-bfca-4248-81ed-eaa33ce2aad3, Nodes: 6b5841ea-ab37-40e7-b4af-848a53246ff5{ip: 192.168.30.6, host: pr-hdds-1569-5gmkr-4255264070, networkLocation: /default-rack, certSerialId: null}, Type:RATIS, Factor:ONE, State:OPEN]
2019-09-25 11:09:59,366 [EventQueue-StaleNodeForStaleNodeHandler] INFO  pipeline.PipelineStateManager (PipelineStateManager.java:finalizePipeline(123)) - Pipeline Pipeline[ Id: cffed95a-bfca-4248-81ed-eaa33ce2aad3, Nodes: 6b5841ea-ab37-40e7-b4af-848a53246ff5{ip: 192.168.30.6, host: pr-hdds-1569-5gmkr-4255264070, networkLocation: /default-rack, certSerialId: null}, Type:RATIS, Factor:ONE, State:CLOSED] moved to CLOSED state
2019-09-25 11:09:59,366 [EventQueue-StaleNodeForStaleNodeHandler] INFO  pipeline.SCMPipelineManager (SCMPipelineManager.java:finalizeAndDestroyPipeline(316)) - destroying pipeline:Pipeline[ Id: ea40e3be-e87c-4795-bd24-4b517471f8ee, Nodes: 6b5841ea-ab37-40e7-b4af-848a53246ff5{ip: 192.168.30.6, host: pr-hdds-1569-5gmkr-4255264070, networkLocation: /default-rack, certSerialId: null}, Type:RATIS, Factor:ONE, State:OPEN]
2019-09-25 11:09:59,367 [EventQueue-StaleNodeForStaleNodeHandler] INFO  pipeline.PipelineStateManager (PipelineStateManager.java:finalizePipeline(123)) - Pipeline Pipeline[ Id: ea40e3be-e87c-4795-bd24-4b517471f8ee, Nodes: 6b5841ea-ab37-40e7-b4af-848a53246ff5{ip: 192.168.30.6, host: pr-hdds-1569-5gmkr-4255264070, networkLocation: /default-rack, certSerialId: null}, Type:RATIS, Factor:ONE, State:CLOSED] moved to CLOSED state
2019-09-25 11:09:59,665 [EventQueue-StaleNodeForStaleNodeHandler] INFO  node.StaleNodeHandler (StaleNodeHandler.java:onMessage(58)) - Datanode e2b10f42-ed4b-4300-a7cb-c770d2b1b0a2{ip: 192.168.30.6, host: pr-hdds-1569-5gmkr-4255264070, networkLocation: /default-rack, certSerialId: null} moved to stale state. Finalizing its pipelines [PipelineID=478eb676-5a05-4716-ab94-07866119d600, PipelineID=edebc749-97b0-43ef-9ee1-409973c1f9d6, PipelineID=a393bafb-e82a-4716-90ae-5efe2f638ea0, PipelineID=048accd1-b9d4-45ff-98fb-fcb9d99430dc, PipelineID=273061f9-7b02-45b6-9cf9-161b918587d1, PipelineID=e5c14ca1-c645-4029-bcd3-33a3b92425f5]
2019-09-25 11:09:59,665 [EventQueue-StaleNodeForStaleNodeHandler] INFO  pipeline.SCMPipelineManager (SCMPipelineManager.java:finalizeAndDestroyPipeline(316)) - destroying pipeline:Pipeline[ Id: 478eb676-5a05-4716-ab94-07866119d600, Nodes: e2b10f42-ed4b-4300-a7cb-c770d2b1b0a2{ip: 192.168.30.6, host: pr-hdds-1569-5gmkr-4255264070, networkLocation: /default-rack, certSerialId: null}, Type:RATIS, Factor:ONE, State:OPEN]
2019-09-25 11:09:59,665 [EventQueue-StaleNodeForStaleNodeHandler] INFO  pipeline.PipelineStateManager (PipelineStateManager.java:finalizePipeline(123)) - Pipeline Pipeline[ Id: 478eb676-5a05-4716-ab94-07866119d600, Nodes: e2b10f42-ed4b-4300-a7cb-c770d2b1b0a2{ip: 192.168.30.6, host: pr-hdds-1569-5gmkr-4255264070, networkLocation: /default-rack, certSerialId: null}, Type:RATIS, Factor:ONE, State:CLOSED] moved to CLOSED state
2019-09-25 11:09:59,666 [EventQueue-StaleNodeForStaleNodeHandler] INFO  pipeline.SCMPipelineManager (SCMPipelineManager.java:finalizeAndDestroyPipeline(316)) - destroying pipeline:Pipeline[ Id: edebc749-97b0-43ef-9ee1-409973c1f9d6, Nodes: e2b10f42-ed4b-4300-a7cb-c770d2b1b0a2{ip: 192.168.30.6, host: pr-hdds-1569-5gmkr-4255264070, networkLocation: /default-rack, certSerialId: null}, Type:RATIS, Factor:ONE, State:OPEN]
2019-09-25 11:09:59,666 [EventQueue-StaleNodeForStaleNodeHandler] INFO  pipeline.PipelineStateManager (PipelineStateManager.java:finalizePipeline(123)) - Pipeline Pipeline[ Id: edebc749-97b0-43ef-9ee1-409973c1f9d6, Nodes: e2b10f42-ed4b-4300-a7cb-c770d2b1b0a2{ip: 192.168.30.6, host: pr-hdds-1569-5gmkr-4255264070, networkLocation: /default-rack, certSerialId: null}, Type:RATIS, Factor:ONE, State:CLOSED] moved to CLOSED state
2019-09-25 11:09:59,666 [EventQueue-StaleNodeForStaleNodeHandler] INFO  pipeline.SCMPipelineManager (SCMPipelineManager.java:finalizeAndDestroyPipeline(316)) - destroying pipeline:Pipeline[ Id: a393bafb-e82a-4716-90ae-5efe2f638ea0, Nodes: e2b10f42-ed4b-4300-a7cb-c770d2b1b0a2{ip: 192.168.30.6, host: pr-hdds-1569-5gmkr-4255264070, networkLocation: /default-rack, certSerialId: null}, Type:RATIS, Factor:ONE, State:OPEN]
2019-09-25 11:09:59,666 [EventQueue-StaleNodeForStaleNodeHandler] INFO  pipeline.PipelineStateManager (PipelineStateManager.java:finalizePipeline(123)) - Pipeline Pipeline[ Id: a393bafb-e82a-4716-90ae-5efe2f638ea0, Nodes: e2b10f42-ed4b-4300-a7cb-c770d2b1b0a2{ip: 192.168.30.6, host: pr-hdds-1569-5gmkr-4255264070, networkLocation: /default-rack, certSerialId: null}, Type:RATIS, Factor:ONE, State:CLOSED] moved to CLOSED state
2019-09-25 11:09:59,666 [EventQueue-StaleNodeForStaleNodeHandler] INFO  pipeline.SCMPipelineManager (SCMPipelineManager.java:finalizeAndDestroyPipeline(316)) - destroying pipeline:Pipeline[ Id: 048accd1-b9d4-45ff-98fb-fcb9d99430dc, Nodes: e2b10f42-ed4b-4300-a7cb-c770d2b1b0a2{ip: 192.168.30.6, host: pr-hdds-1569-5gmkr-4255264070, networkLocation: /default-rack, certSerialId: null}, Type:RATIS, Factor:ONE, State:OPEN]
2019-09-25 11:09:59,666 [EventQueue-StaleNodeForStaleNodeHandler] INFO  pipeline.PipelineStateManager (PipelineStateManager.java:finalizePipeline(123)) - Pipeline Pipeline[ Id: 048accd1-b9d4-45ff-98fb-fcb9d99430dc, Nodes: e2b10f42-ed4b-4300-a7cb-c770d2b1b0a2{ip: 192.168.30.6, host: pr-hdds-1569-5gmkr-4255264070, networkLocation: /default-rack, certSerialId: null}, Type:RATIS, Factor:ONE, State:CLOSED] moved to CLOSED state
2019-09-25 11:09:59,667 [EventQueue-StaleNodeForStaleNodeHandler] INFO  pipeline.SCMPipelineManager (SCMPipelineManager.java:finalizeAndDestroyPipeline(316)) - destroying pipeline:Pipeline[ Id: 273061f9-7b02-45b6-9cf9-161b918587d1, Nodes: e2b10f42-ed4b-4300-a7cb-c770d2b1b0a2{ip: 192.168.30.6, host: pr-hdds-1569-5gmkr-4255264070, networkLocation: /default-rack, certSerialId: null}, Type:RATIS, Factor:ONE, State:OPEN]
2019-09-25 11:09:59,667 [EventQueue-StaleNodeForStaleNodeHandler] INFO  pipeline.PipelineStateManager (PipelineStateManager.java:finalizePipeline(123)) - Pipeline Pipeline[ Id: 273061f9-7b02-45b6-9cf9-161b918587d1, Nodes: e2b10f42-ed4b-4300-a7cb-c770d2b1b0a2{ip: 192.168.30.6, host: pr-hdds-1569-5gmkr-4255264070, networkLocation: /default-rack, certSerialId: null}, Type:RATIS, Factor:ONE, State:CLOSED] moved to CLOSED state
2019-09-25 11:09:59,667 [EventQueue-StaleNodeForStaleNodeHandler] INFO  pipeline.SCMPipelineManager (SCMPipelineManager.java:finalizeAndDestroyPipeline(316)) - destroying pipeline:Pipeline[ Id: e5c14ca1-c645-4029-bcd3-33a3b92425f5, Nodes: e2b10f42-ed4b-4300-a7cb-c770d2b1b0a2{ip: 192.168.30.6, host: pr-hdds-1569-5gmkr-4255264070, networkLocation: /default-rack, certSerialId: null}, Type:RATIS, Factor:ONE, State:OPEN]
2019-09-25 11:09:59,667 [EventQueue-StaleNodeForStaleNodeHandler] INFO  pipeline.PipelineStateManager (PipelineStateManager.java:finalizePipeline(123)) - Pipeline Pipeline[ Id: e5c14ca1-c645-4029-bcd3-33a3b92425f5, Nodes: e2b10f42-ed4b-4300-a7cb-c770d2b1b0a2{ip: 192.168.30.6, host: pr-hdds-1569-5gmkr-4255264070, networkLocation: /default-rack, certSerialId: null}, Type:RATIS, Factor:ONE, State:CLOSED] moved to CLOSED state
2019-09-25 11:09:59,816 [ForkJoinPool.commonPool-worker-1] INFO  ozoneimpl.OzoneContainer (OzoneContainer.java:stop(231)) - Attempting to stop container services.
2019-09-25 11:09:59,821 [ForkJoinPool.commonPool-worker-1] INFO  impl.RaftServerProxy (RaftServerProxy.java:lambda$close$4(314)) - 6b5841ea-ab37-40e7-b4af-848a53246ff5: close
2019-09-25 11:09:59,821 [ForkJoinPool.commonPool-worker-1] INFO  impl.RaftServerImpl (RaftServerImpl.java:lambda$shutdown$3(251)) - 6b5841ea-ab37-40e7-b4af-848a53246ff5@group-45A30DDFD2FD: shutdown
2019-09-25 11:09:59,821 [ForkJoinPool.commonPool-worker-1] INFO  util.JmxRegister (JmxRegister.java:unregister(73)) - Successfully un-registered JMX Bean with object name Ratis:service=RaftServer,group=group-45A30DDFD2FD,id=6b5841ea-ab37-40e7-b4af-848a53246ff5
2019-09-25 11:09:59,822 [ForkJoinPool.commonPool-worker-1] INFO  impl.RoleInfo (RoleInfo.java:shutdownLeaderState(104)) - 6b5841ea-ab37-40e7-b4af-848a53246ff5: shutdown LeaderState
2019-09-25 11:09:59,822 [ForkJoinPool.commonPool-worker-1] INFO  impl.PendingRequests (PendingRequests.java:sendNotLeaderResponses(202)) - 6b5841ea-ab37-40e7-b4af-848a53246ff5-PendingRequests: sendNotLeaderResponses
2019-09-25 11:09:59,822 [ForkJoinPool.commonPool-worker-1] INFO  impl.StateMachineUpdater (StateMachineUpdater.java:stopAndJoin(125)) - 6b5841ea-ab37-40e7-b4af-848a53246ff5@group-45A30DDFD2FD-StateMachineUpdater: set stopIndex = 0
2019-09-25 11:09:59,822 [ForkJoinPool.commonPool-worker-1] INFO  impl.RaftServerImpl (ServerState.java:close(385)) - 6b5841ea-ab37-40e7-b4af-848a53246ff5@group-45A30DDFD2FD: closes. applyIndex: 0
2019-09-25 11:09:59,823 [6b5841ea-ab37-40e7-b4af-848a53246ff5@group-45A30DDFD2FD-SegmentedRaftLogWorker] INFO  segmented.SegmentedRaftLogWorker (SegmentedRaftLogWorker.java:run(313)) - 6b5841ea-ab37-40e7-b4af-848a53246ff5@group-45A30DDFD2FD-SegmentedRaftLogWorker was interrupted, exiting. There are 0 tasks remaining in the queue.
2019-09-25 11:09:59,823 [ForkJoinPool.commonPool-worker-1] INFO  segmented.SegmentedRaftLogWorker (SegmentedRaftLogWorker.java:close(228)) - 6b5841ea-ab37-40e7-b4af-848a53246ff5@group-45A30DDFD2FD-SegmentedRaftLogWorker close()
2019-09-25 11:09:59,823 [ForkJoinPool.commonPool-worker-1] INFO  impl.RaftServerImpl (RaftServerImpl.java:lambda$shutdown$3(251)) - 6b5841ea-ab37-40e7-b4af-848a53246ff5@group-5FD8C9FAAE28: shutdown
2019-09-25 11:09:59,824 [ForkJoinPool.commonPool-worker-1] INFO  util.JmxRegister (JmxRegister.java:unregister(73)) - Successfully un-registered JMX Bean with object name Ratis:service=RaftServer,group=group-5FD8C9FAAE28,id=6b5841ea-ab37-40e7-b4af-848a53246ff5
2019-09-25 11:09:59,824 [ForkJoinPool.commonPool-worker-1] INFO  impl.RoleInfo (RoleInfo.java:shutdownLeaderState(104)) - 6b5841ea-ab37-40e7-b4af-848a53246ff5: shutdown LeaderState
2019-09-25 11:09:59,824 [ForkJoinPool.commonPool-worker-1] INFO  impl.PendingRequests (PendingRequests.java:sendNotLeaderResponses(202)) - 6b5841ea-ab37-40e7-b4af-848a53246ff5-PendingRequests: sendNotLeaderResponses
2019-09-25 11:09:59,825 [ForkJoinPool.commonPool-worker-1] INFO  impl.StateMachineUpdater (StateMachineUpdater.java:stopAndJoin(125)) - 6b5841ea-ab37-40e7-b4af-848a53246ff5@group-5FD8C9FAAE28-StateMachineUpdater: set stopIndex = 0
2019-09-25 11:09:59,825 [ForkJoinPool.commonPool-worker-1] INFO  impl.RaftServerImpl (ServerState.java:close(385)) - 6b5841ea-ab37-40e7-b4af-848a53246ff5@group-5FD8C9FAAE28: closes. applyIndex: 0
2019-09-25 11:09:59,825 [6b5841ea-ab37-40e7-b4af-848a53246ff5@group-5FD8C9FAAE28-SegmentedRaftLogWorker] INFO  segmented.SegmentedRaftLogWorker (SegmentedRaftLogWorker.java:run(313)) - 6b5841ea-ab37-40e7-b4af-848a53246ff5@group-5FD8C9FAAE28-SegmentedRaftLogWorker was interrupted, exiting. There are 0 tasks remaining in the queue.
2019-09-25 11:09:59,825 [ForkJoinPool.commonPool-worker-1] INFO  segmented.SegmentedRaftLogWorker (SegmentedRaftLogWorker.java:close(228)) - 6b5841ea-ab37-40e7-b4af-848a53246ff5@group-5FD8C9FAAE28-SegmentedRaftLogWorker close()
2019-09-25 11:09:59,826 [ForkJoinPool.commonPool-worker-1] INFO  impl.RaftServerImpl (RaftServerImpl.java:lambda$shutdown$3(251)) - 6b5841ea-ab37-40e7-b4af-848a53246ff5@group-A80C7B46748E: shutdown
2019-09-25 11:09:59,826 [ForkJoinPool.commonPool-worker-1] INFO  util.JmxRegister (JmxRegister.java:unregister(73)) - Successfully un-registered JMX Bean with object name Ratis:service=RaftServer,group=group-A80C7B46748E,id=6b5841ea-ab37-40e7-b4af-848a53246ff5
2019-09-25 11:09:59,826 [ForkJoinPool.commonPool-worker-1] INFO  impl.RoleInfo (RoleInfo.java:shutdownLeaderState(104)) - 6b5841ea-ab37-40e7-b4af-848a53246ff5: shutdown LeaderState
2019-09-25 11:09:59,827 [ForkJoinPool.commonPool-worker-1] INFO  impl.PendingRequests (PendingRequests.java:sendNotLeaderResponses(202)) - 6b5841ea-ab37-40e7-b4af-848a53246ff5-PendingRequests: sendNotLeaderResponses
2019-09-25 11:09:59,827 [ForkJoinPool.commonPool-worker-1] INFO  impl.StateMachineUpdater (StateMachineUpdater.java:stopAndJoin(125)) - 6b5841ea-ab37-40e7-b4af-848a53246ff5@group-A80C7B46748E-StateMachineUpdater: set stopIndex = 0
2019-09-25 11:09:59,827 [ForkJoinPool.commonPool-worker-1] INFO  impl.RaftServerImpl (ServerState.java:close(385)) - 6b5841ea-ab37-40e7-b4af-848a53246ff5@group-A80C7B46748E: closes. applyIndex: 0
2019-09-25 11:09:59,827 [6b5841ea-ab37-40e7-b4af-848a53246ff5@group-A80C7B46748E-SegmentedRaftLogWorker] INFO  segmented.SegmentedRaftLogWorker (SegmentedRaftLogWorker.java:run(313)) - 6b5841ea-ab37-40e7-b4af-848a53246ff5@group-A80C7B46748E-SegmentedRaftLogWorker was interrupted, exiting. There are 0 tasks remaining in the queue.
2019-09-25 11:09:59,828 [ForkJoinPool.commonPool-worker-1] INFO  segmented.SegmentedRaftLogWorker (SegmentedRaftLogWorker.java:close(228)) - 6b5841ea-ab37-40e7-b4af-848a53246ff5@group-A80C7B46748E-SegmentedRaftLogWorker close()
2019-09-25 11:09:59,828 [ForkJoinPool.commonPool-worker-1] INFO  impl.RaftServerImpl (RaftServerImpl.java:lambda$shutdown$3(251)) - 6b5841ea-ab37-40e7-b4af-848a53246ff5@group-7B0354C82A64: shutdown
2019-09-25 11:09:59,828 [ForkJoinPool.commonPool-worker-1] INFO  util.JmxRegister (JmxRegister.java:unregister(73)) - Successfully un-registered JMX Bean with object name Ratis:service=RaftServer,group=group-7B0354C82A64,id=6b5841ea-ab37-40e7-b4af-848a53246ff5
2019-09-25 11:09:59,828 [ForkJoinPool.commonPool-worker-1] INFO  impl.RoleInfo (RoleInfo.java:shutdownLeaderState(104)) - 6b5841ea-ab37-40e7-b4af-848a53246ff5: shutdown LeaderState
2019-09-25 11:09:59,829 [ForkJoinPool.commonPool-worker-1] INFO  impl.PendingRequests (PendingRequests.java:sendNotLeaderResponses(202)) - 6b5841ea-ab37-40e7-b4af-848a53246ff5-PendingRequests: sendNotLeaderResponses
2019-09-25 11:09:59,829 [ForkJoinPool.commonPool-worker-1] INFO  impl.StateMachineUpdater (StateMachineUpdater.java:stopAndJoin(125)) - 6b5841ea-ab37-40e7-b4af-848a53246ff5@group-7B0354C82A64-StateMachineUpdater: set stopIndex = 0
2019-09-25 11:09:59,829 [ForkJoinPool.commonPool-worker-1] INFO  impl.RaftServerImpl (ServerState.java:close(385)) - 6b5841ea-ab37-40e7-b4af-848a53246ff5@group-7B0354C82A64: closes. applyIndex: 0
2019-09-25 11:09:59,830 [6b5841ea-ab37-40e7-b4af-848a53246ff5@group-7B0354C82A64-SegmentedRaftLogWorker] INFO  segmented.SegmentedRaftLogWorker (SegmentedRaftLogWorker.java:run(313)) - 6b5841ea-ab37-40e7-b4af-848a53246ff5@group-7B0354C82A64-SegmentedRaftLogWorker was interrupted, exiting. There are 0 tasks remaining in the queue.
2019-09-25 11:09:59,830 [ForkJoinPool.commonPool-worker-1] INFO  segmented.SegmentedRaftLogWorker (SegmentedRaftLogWorker.java:close(228)) - 6b5841ea-ab37-40e7-b4af-848a53246ff5@group-7B0354C82A64-SegmentedRaftLogWorker close()
2019-09-25 11:09:59,830 [ForkJoinPool.commonPool-worker-1] INFO  impl.RaftServerImpl (RaftServerImpl.java:lambda$shutdown$3(251)) - 6b5841ea-ab37-40e7-b4af-848a53246ff5@group-EAA33CE2AAD3: shutdown
2019-09-25 11:09:59,830 [ForkJoinPool.commonPool-worker-1] INFO  util.JmxRegister (JmxRegister.java:unregister(73)) - Successfully un-registered JMX Bean with object name Ratis:service=RaftServer,group=group-EAA33CE2AAD3,id=6b5841ea-ab37-40e7-b4af-848a53246ff5
2019-09-25 11:09:59,831 [ForkJoinPool.commonPool-worker-1] INFO  impl.RoleInfo (RoleInfo.java:shutdownLeaderState(104)) - 6b5841ea-ab37-40e7-b4af-848a53246ff5: shutdown LeaderState
2019-09-25 11:09:59,831 [ForkJoinPool.commonPool-worker-1] INFO  impl.PendingRequests (PendingRequests.java:sendNotLeaderResponses(202)) - 6b5841ea-ab37-40e7-b4af-848a53246ff5-PendingRequests: sendNotLeaderResponses
2019-09-25 11:09:59,831 [ForkJoinPool.commonPool-worker-1] INFO  impl.StateMachineUpdater (StateMachineUpdater.java:stopAndJoin(125)) - 6b5841ea-ab37-40e7-b4af-848a53246ff5@group-EAA33CE2AAD3-StateMachineUpdater: set stopIndex = 0
2019-09-25 11:09:59,831 [ForkJoinPool.commonPool-worker-1] INFO  impl.RaftServerImpl (ServerState.java:close(385)) - 6b5841ea-ab37-40e7-b4af-848a53246ff5@group-EAA33CE2AAD3: closes. applyIndex: 0
2019-09-25 11:09:59,832 [6b5841ea-ab37-40e7-b4af-848a53246ff5@group-EAA33CE2AAD3-SegmentedRaftLogWorker] INFO  segmented.SegmentedRaftLogWorker (SegmentedRaftLogWorker.java:run(313)) - 6b5841ea-ab37-40e7-b4af-848a53246ff5@group-EAA33CE2AAD3-SegmentedRaftLogWorker was interrupted, exiting. There are 0 tasks remaining in the queue.
2019-09-25 11:09:59,832 [ForkJoinPool.commonPool-worker-1] INFO  segmented.SegmentedRaftLogWorker (SegmentedRaftLogWorker.java:close(228)) - 6b5841ea-ab37-40e7-b4af-848a53246ff5@group-EAA33CE2AAD3-SegmentedRaftLogWorker close()
2019-09-25 11:09:59,832 [ForkJoinPool.commonPool-worker-1] INFO  impl.RaftServerImpl (RaftServerImpl.java:lambda$shutdown$3(251)) - 6b5841ea-ab37-40e7-b4af-848a53246ff5@group-4B517471F8EE: shutdown
2019-09-25 11:09:59,833 [ForkJoinPool.commonPool-worker-1] INFO  util.JmxRegister (JmxRegister.java:unregister(73)) - Successfully un-registered JMX Bean with object name Ratis:service=RaftServer,group=group-4B517471F8EE,id=6b5841ea-ab37-40e7-b4af-848a53246ff5
2019-09-25 11:09:59,833 [ForkJoinPool.commonPool-worker-1] INFO  impl.RoleInfo (RoleInfo.java:shutdownLeaderState(104)) - 6b5841ea-ab37-40e7-b4af-848a53246ff5: shutdown LeaderState
2019-09-25 11:09:59,833 [ForkJoinPool.commonPool-worker-1] INFO  impl.PendingRequests (PendingRequests.java:sendNotLeaderResponses(202)) - 6b5841ea-ab37-40e7-b4af-848a53246ff5-PendingRequests: sendNotLeaderResponses
2019-09-25 11:09:59,833 [ForkJoinPool.commonPool-worker-1] INFO  impl.StateMachineUpdater (StateMachineUpdater.java:stopAndJoin(125)) - 6b5841ea-ab37-40e7-b4af-848a53246ff5@group-4B517471F8EE-StateMachineUpdater: set stopIndex = 0
2019-09-25 11:09:59,834 [ForkJoinPool.commonPool-worker-1] INFO  impl.RaftServerImpl (ServerState.java:close(385)) - 6b5841ea-ab37-40e7-b4af-848a53246ff5@group-4B517471F8EE: closes. applyIndex: 0
2019-09-25 11:09:59,834 [6b5841ea-ab37-40e7-b4af-848a53246ff5@group-4B517471F8EE-SegmentedRaftLogWorker] INFO  segmented.SegmentedRaftLogWorker (SegmentedRaftLogWorker.java:run(313)) - 6b5841ea-ab37-40e7-b4af-848a53246ff5@group-4B517471F8EE-SegmentedRaftLogWorker was interrupted, exiting. There are 0 tasks remaining in the queue.
2019-09-25 11:09:59,834 [ForkJoinPool.commonPool-worker-1] INFO  segmented.SegmentedRaftLogWorker (SegmentedRaftLogWorker.java:close(228)) - 6b5841ea-ab37-40e7-b4af-848a53246ff5@group-4B517471F8EE-SegmentedRaftLogWorker close()
2019-09-25 11:09:59,834 [ForkJoinPool.commonPool-worker-1] INFO  server.GrpcService (GrpcService.java:closeImpl(164)) - 6b5841ea-ab37-40e7-b4af-848a53246ff5: shutdown server with port 45265 now
2019-09-25 11:09:59,838 [ForkJoinPool.commonPool-worker-1] INFO  server.GrpcService (GrpcService.java:closeImpl(172)) - 6b5841ea-ab37-40e7-b4af-848a53246ff5: shutdown server with port 45265 successfully
2019-09-25 11:09:59,840 [refreshUsed-/workdir/hadoop-ozone/integration-test/target/test-dir/MiniOzoneClusterImpl-d8e1effc-caf9-4828-b7f0-59ad57edb745/datanode-0/data/containers] WARN  fs.CachingGetSpaceUsed (CachingGetSpaceUsed.java:run(183)) - Thread Interrupted waiting to refresh disk information: sleep interrupted
2019-09-25 11:09:59,842 [main] INFO  ozoneimpl.OzoneContainer (OzoneContainer.java:stop(231)) - Attempting to stop container services.
2019-09-25 11:09:59,843 [main] INFO  impl.RaftServerProxy (RaftServerProxy.java:lambda$close$4(314)) - e2b10f42-ed4b-4300-a7cb-c770d2b1b0a2: close
2019-09-25 11:09:59,843 [main] INFO  impl.RaftServerImpl (RaftServerImpl.java:lambda$shutdown$3(251)) - e2b10f42-ed4b-4300-a7cb-c770d2b1b0a2@group-5EFE2F638EA0: shutdown
2019-09-25 11:09:59,844 [main] INFO  util.JmxRegister (JmxRegister.java:unregister(73)) - Successfully un-registered JMX Bean with object name Ratis:service=RaftServer,group=group-5EFE2F638EA0,id=e2b10f42-ed4b-4300-a7cb-c770d2b1b0a2
2019-09-25 11:09:59,844 [main] INFO  impl.RoleInfo (RoleInfo.java:shutdownLeaderState(104)) - e2b10f42-ed4b-4300-a7cb-c770d2b1b0a2: shutdown LeaderState
2019-09-25 11:09:59,845 [main] INFO  impl.PendingRequests (PendingRequests.java:sendNotLeaderResponses(202)) - e2b10f42-ed4b-4300-a7cb-c770d2b1b0a2-PendingRequests: sendNotLeaderResponses
2019-09-25 11:09:59,845 [main] INFO  impl.StateMachineUpdater (StateMachineUpdater.java:stopAndJoin(125)) - e2b10f42-ed4b-4300-a7cb-c770d2b1b0a2@group-5EFE2F638EA0-StateMachineUpdater: set stopIndex = 0
2019-09-25 11:09:59,845 [main] INFO  impl.RaftServerImpl (ServerState.java:close(385)) - e2b10f42-ed4b-4300-a7cb-c770d2b1b0a2@group-5EFE2F638EA0: closes. applyIndex: 0
2019-09-25 11:09:59,846 [e2b10f42-ed4b-4300-a7cb-c770d2b1b0a2@group-5EFE2F638EA0-SegmentedRaftLogWorker] INFO  segmented.SegmentedRaftLogWorker (SegmentedRaftLogWorker.java:run(313)) - e2b10f42-ed4b-4300-a7cb-c770d2b1b0a2@group-5EFE2F638EA0-SegmentedRaftLogWorker was interrupted, exiting. There are 0 tasks remaining in the queue.
2019-09-25 11:09:59,846 [main] INFO  segmented.SegmentedRaftLogWorker (SegmentedRaftLogWorker.java:close(228)) - e2b10f42-ed4b-4300-a7cb-c770d2b1b0a2@group-5EFE2F638EA0-SegmentedRaftLogWorker close()
2019-09-25 11:09:59,847 [main] INFO  impl.RaftServerImpl (RaftServerImpl.java:lambda$shutdown$3(251)) - e2b10f42-ed4b-4300-a7cb-c770d2b1b0a2@group-07866119D600: shutdown
2019-09-25 11:09:59,847 [main] INFO  util.JmxRegister (JmxRegister.java:unregister(73)) - Successfully un-registered JMX Bean with object name Ratis:service=RaftServer,group=group-07866119D600,id=e2b10f42-ed4b-4300-a7cb-c770d2b1b0a2
2019-09-25 11:09:59,847 [main] INFO  impl.RoleInfo (RoleInfo.java:shutdownLeaderState(104)) - e2b10f42-ed4b-4300-a7cb-c770d2b1b0a2: shutdown LeaderState
2019-09-25 11:09:59,848 [main] INFO  impl.PendingRequests (PendingRequests.java:sendNotLeaderResponses(202)) - e2b10f42-ed4b-4300-a7cb-c770d2b1b0a2-PendingRequests: sendNotLeaderResponses
2019-09-25 11:09:59,848 [main] INFO  impl.StateMachineUpdater (StateMachineUpdater.java:stopAndJoin(125)) - e2b10f42-ed4b-4300-a7cb-c770d2b1b0a2@group-07866119D600-StateMachineUpdater: set stopIndex = 0
2019-09-25 11:09:59,849 [main] INFO  impl.RaftServerImpl (ServerState.java:close(385)) - e2b10f42-ed4b-4300-a7cb-c770d2b1b0a2@group-07866119D600: closes. applyIndex: 0
2019-09-25 11:09:59,849 [e2b10f42-ed4b-4300-a7cb-c770d2b1b0a2@group-07866119D600-SegmentedRaftLogWorker] INFO  segmented.SegmentedRaftLogWorker (SegmentedRaftLogWorker.java:run(313)) - e2b10f42-ed4b-4300-a7cb-c770d2b1b0a2@group-07866119D600-SegmentedRaftLogWorker was interrupted, exiting. There are 0 tasks remaining in the queue.
2019-09-25 11:09:59,849 [main] INFO  segmented.SegmentedRaftLogWorker (SegmentedRaftLogWorker.java:close(228)) - e2b10f42-ed4b-4300-a7cb-c770d2b1b0a2@group-07866119D600-SegmentedRaftLogWorker close()
2019-09-25 11:09:59,850 [main] INFO  impl.RaftServerImpl (RaftServerImpl.java:lambda$shutdown$3(251)) - e2b10f42-ed4b-4300-a7cb-c770d2b1b0a2@group-409973C1F9D6: shutdown
2019-09-25 11:09:59,850 [main] INFO  util.JmxRegister (JmxRegister.java:unregister(73)) - Successfully un-registered JMX Bean with object name Ratis:service=RaftServer,group=group-409973C1F9D6,id=e2b10f42-ed4b-4300-a7cb-c770d2b1b0a2
2019-09-25 11:09:59,850 [main] INFO  impl.RoleInfo (RoleInfo.java:shutdownLeaderState(104)) - e2b10f42-ed4b-4300-a7cb-c770d2b1b0a2: shutdown LeaderState
2019-09-25 11:09:59,851 [main] INFO  impl.PendingRequests (PendingRequests.java:sendNotLeaderResponses(202)) - e2b10f42-ed4b-4300-a7cb-c770d2b1b0a2-PendingRequests: sendNotLeaderResponses
2019-09-25 11:09:59,851 [main] INFO  impl.StateMachineUpdater (StateMachineUpdater.java:stopAndJoin(125)) - e2b10f42-ed4b-4300-a7cb-c770d2b1b0a2@group-409973C1F9D6-StateMachineUpdater: set stopIndex = 0
2019-09-25 11:09:59,852 [main] INFO  impl.RaftServerImpl (ServerState.java:close(385)) - e2b10f42-ed4b-4300-a7cb-c770d2b1b0a2@group-409973C1F9D6: closes. applyIndex: 0
2019-09-25 11:09:59,852 [e2b10f42-ed4b-4300-a7cb-c770d2b1b0a2@group-409973C1F9D6-SegmentedRaftLogWorker] INFO  segmented.SegmentedRaftLogWorker (SegmentedRaftLogWorker.java:run(313)) - e2b10f42-ed4b-4300-a7cb-c770d2b1b0a2@group-409973C1F9D6-SegmentedRaftLogWorker was interrupted, exiting. There are 0 tasks remaining in the queue.
2019-09-25 11:09:59,852 [main] INFO  segmented.SegmentedRaftLogWorker (SegmentedRaftLogWorker.java:close(228)) - e2b10f42-ed4b-4300-a7cb-c770d2b1b0a2@group-409973C1F9D6-SegmentedRaftLogWorker close()
2019-09-25 11:09:59,853 [main] INFO  impl.RaftServerImpl (RaftServerImpl.java:lambda$shutdown$3(251)) - e2b10f42-ed4b-4300-a7cb-c770d2b1b0a2@group-FCB9D99430DC: shutdown
2019-09-25 11:09:59,853 [main] INFO  util.JmxRegister (JmxRegister.java:unregister(73)) - Successfully un-registered JMX Bean with object name Ratis:service=RaftServer,group=group-FCB9D99430DC,id=e2b10f42-ed4b-4300-a7cb-c770d2b1b0a2
2019-09-25 11:09:59,854 [main] INFO  impl.RoleInfo (RoleInfo.java:shutdownLeaderState(104)) - e2b10f42-ed4b-4300-a7cb-c770d2b1b0a2: shutdown LeaderState
2019-09-25 11:09:59,854 [main] INFO  impl.PendingRequests (PendingRequests.java:sendNotLeaderResponses(202)) - e2b10f42-ed4b-4300-a7cb-c770d2b1b0a2-PendingRequests: sendNotLeaderResponses
2019-09-25 11:09:59,854 [main] INFO  impl.StateMachineUpdater (StateMachineUpdater.java:stopAndJoin(125)) - e2b10f42-ed4b-4300-a7cb-c770d2b1b0a2@group-FCB9D99430DC-StateMachineUpdater: set stopIndex = 0
2019-09-25 11:09:59,855 [main] INFO  impl.RaftServerImpl (ServerState.java:close(385)) - e2b10f42-ed4b-4300-a7cb-c770d2b1b0a2@group-FCB9D99430DC: closes. applyIndex: 0
2019-09-25 11:09:59,855 [e2b10f42-ed4b-4300-a7cb-c770d2b1b0a2@group-FCB9D99430DC-SegmentedRaftLogWorker] INFO  segmented.SegmentedRaftLogWorker (SegmentedRaftLogWorker.java:run(313)) - e2b10f42-ed4b-4300-a7cb-c770d2b1b0a2@group-FCB9D99430DC-SegmentedRaftLogWorker was interrupted, exiting. There are 0 tasks remaining in the queue.
2019-09-25 11:09:59,855 [main] INFO  segmented.SegmentedRaftLogWorker (SegmentedRaftLogWorker.java:close(228)) - e2b10f42-ed4b-4300-a7cb-c770d2b1b0a2@group-FCB9D99430DC-SegmentedRaftLogWorker close()
2019-09-25 11:09:59,855 [ForkJoinPool.commonPool-worker-1] INFO  utils.BackgroundService (BackgroundService.java:shutdown(148)) - Shutting down service BlockDeletingService
2019-09-25 11:09:59,856 [main] INFO  impl.RaftServerImpl (RaftServerImpl.java:lambda$shutdown$3(251)) - e2b10f42-ed4b-4300-a7cb-c770d2b1b0a2@group-161B918587D1: shutdown
2019-09-25 11:09:59,862 [main] INFO  util.JmxRegister (JmxRegister.java:unregister(73)) - Successfully un-registered JMX Bean with object name Ratis:service=RaftServer,group=group-161B918587D1,id=e2b10f42-ed4b-4300-a7cb-c770d2b1b0a2
2019-09-25 11:09:59,864 [ForkJoinPool.commonPool-worker-1] INFO  statemachine.DatanodeStateMachine (DatanodeStateMachine.java:stopDaemon(395)) - Ozone container server stopped.
2019-09-25 11:09:59,865 [main] INFO  impl.RoleInfo (RoleInfo.java:shutdownLeaderState(104)) - e2b10f42-ed4b-4300-a7cb-c770d2b1b0a2: shutdown LeaderState
2019-09-25 11:09:59,869 [main] INFO  impl.PendingRequests (PendingRequests.java:sendNotLeaderResponses(202)) - e2b10f42-ed4b-4300-a7cb-c770d2b1b0a2-PendingRequests: sendNotLeaderResponses
2019-09-25 11:09:59,869 [main] INFO  impl.StateMachineUpdater (StateMachineUpdater.java:stopAndJoin(125)) - e2b10f42-ed4b-4300-a7cb-c770d2b1b0a2@group-161B918587D1-StateMachineUpdater: set stopIndex = 0
2019-09-25 11:09:59,870 [main] INFO  impl.RaftServerImpl (ServerState.java:close(385)) - e2b10f42-ed4b-4300-a7cb-c770d2b1b0a2@group-161B918587D1: closes. applyIndex: 0
2019-09-25 11:09:59,870 [e2b10f42-ed4b-4300-a7cb-c770d2b1b0a2@group-161B918587D1-SegmentedRaftLogWorker] INFO  segmented.SegmentedRaftLogWorker (SegmentedRaftLogWorker.java:run(313)) - e2b10f42-ed4b-4300-a7cb-c770d2b1b0a2@group-161B918587D1-SegmentedRaftLogWorker was interrupted, exiting. There are 0 tasks remaining in the queue.
2019-09-25 11:09:59,870 [main] INFO  segmented.SegmentedRaftLogWorker (SegmentedRaftLogWorker.java:close(228)) - e2b10f42-ed4b-4300-a7cb-c770d2b1b0a2@group-161B918587D1-SegmentedRaftLogWorker close()
2019-09-25 11:09:59,871 [main] INFO  impl.RaftServerImpl (RaftServerImpl.java:lambda$shutdown$3(251)) - e2b10f42-ed4b-4300-a7cb-c770d2b1b0a2@group-33A3B92425F5: shutdown
2019-09-25 11:09:59,871 [main] INFO  util.JmxRegister (JmxRegister.java:unregister(73)) - Successfully un-registered JMX Bean with object name Ratis:service=RaftServer,group=group-33A3B92425F5,id=e2b10f42-ed4b-4300-a7cb-c770d2b1b0a2
2019-09-25 11:09:59,871 [main] INFO  impl.RoleInfo (RoleInfo.java:shutdownLeaderState(104)) - e2b10f42-ed4b-4300-a7cb-c770d2b1b0a2: shutdown LeaderState
2019-09-25 11:09:59,872 [main] INFO  impl.PendingRequests (PendingRequests.java:sendNotLeaderResponses(202)) - e2b10f42-ed4b-4300-a7cb-c770d2b1b0a2-PendingRequests: sendNotLeaderResponses
2019-09-25 11:09:59,872 [main] INFO  impl.StateMachineUpdater (StateMachineUpdater.java:stopAndJoin(125)) - e2b10f42-ed4b-4300-a7cb-c770d2b1b0a2@group-33A3B92425F5-StateMachineUpdater: set stopIndex = 0
2019-09-25 11:09:59,872 [main] INFO  impl.RaftServerImpl (ServerState.java:close(385)) - e2b10f42-ed4b-4300-a7cb-c770d2b1b0a2@group-33A3B92425F5: closes. applyIndex: 0
2019-09-25 11:09:59,873 [e2b10f42-ed4b-4300-a7cb-c770d2b1b0a2@group-33A3B92425F5-SegmentedRaftLogWorker] INFO  segmented.SegmentedRaftLogWorker (SegmentedRaftLogWorker.java:run(313)) - e2b10f42-ed4b-4300-a7cb-c770d2b1b0a2@group-33A3B92425F5-SegmentedRaftLogWorker was interrupted, exiting. There are 0 tasks remaining in the queue.
2019-09-25 11:09:59,873 [main] INFO  segmented.SegmentedRaftLogWorker (SegmentedRaftLogWorker.java:close(228)) - e2b10f42-ed4b-4300-a7cb-c770d2b1b0a2@group-33A3B92425F5-SegmentedRaftLogWorker close()
2019-09-25 11:09:59,874 [main] INFO  server.GrpcService (GrpcService.java:closeImpl(164)) - e2b10f42-ed4b-4300-a7cb-c770d2b1b0a2: shutdown server with port 33746 now
2019-09-25 11:09:59,877 [main] INFO  server.GrpcService (GrpcService.java:closeImpl(172)) - e2b10f42-ed4b-4300-a7cb-c770d2b1b0a2: shutdown server with port 33746 successfully
2019-09-25 11:09:59,878 [refreshUsed-/workdir/hadoop-ozone/integration-test/target/test-dir/MiniOzoneClusterImpl-d8e1effc-caf9-4828-b7f0-59ad57edb745/datanode-6/data/containers] WARN  fs.CachingGetSpaceUsed (CachingGetSpaceUsed.java:run(183)) - Thread Interrupted waiting to refresh disk information: sleep interrupted
2019-09-25 11:09:59,890 [main] INFO  utils.BackgroundService (BackgroundService.java:shutdown(148)) - Shutting down service BlockDeletingService
2019-09-25 11:09:59,897 [main] INFO  statemachine.DatanodeStateMachine (DatanodeStateMachine.java:stopDaemon(395)) - Ozone container server stopped.
2019-09-25 11:10:02,510 [ForkJoinPool.commonPool-worker-1] INFO  handler.ContextHandler (ContextHandler.java:doStop(910)) - Stopped o.e.j.w.WebAppContext@4d20616a{/,null,UNAVAILABLE}{/hddsDatanode}
2019-09-25 11:10:02,511 [ForkJoinPool.commonPool-worker-1] INFO  server.AbstractConnector (AbstractConnector.java:doStop(318)) - Stopped ServerConnector@6ad6ae45{HTTP/1.1,[http/1.1]}{0.0.0.0:0}
2019-09-25 11:10:02,516 [ForkJoinPool.commonPool-worker-1] INFO  handler.ContextHandler (ContextHandler.java:doStop(910)) - Stopped o.e.j.s.ServletContextHandler@5a899811{/static,jar:file:/home/user/.m2/repository/org/apache/hadoop/hadoop-hdds-container-service/0.5.0-SNAPSHOT/hadoop-hdds-container-service-0.5.0-SNAPSHOT.jar!/webapps/static,UNAVAILABLE}
2019-09-25 11:10:02,519 [ForkJoinPool.commonPool-worker-1] INFO  handler.ContextHandler (ContextHandler.java:doStop(910)) - Stopped o.e.j.s.ServletContextHandler@315b4202{/logs,file:///workdir/hadoop-ozone/integration-test/target/log,UNAVAILABLE}
2019-09-25 11:10:02,536 [Datanode State Machine Thread - 0] INFO  statemachine.DatanodeStateMachine (DatanodeStateMachine.java:lambda$startDaemon$0(350)) - Ozone container server started.
2019-09-25 11:10:02,652 [main] INFO  handler.ContextHandler (ContextHandler.java:doStop(910)) - Stopped o.e.j.w.WebAppContext@4eb63dc8{/,null,UNAVAILABLE}{/hddsDatanode}
2019-09-25 11:10:02,653 [main] INFO  server.AbstractConnector (AbstractConnector.java:doStop(318)) - Stopped ServerConnector@402d6012{HTTP/1.1,[http/1.1]}{0.0.0.0:0}
2019-09-25 11:10:02,654 [main] INFO  handler.ContextHandler (ContextHandler.java:doStop(910)) - Stopped o.e.j.s.ServletContextHandler@20864cd1{/static,jar:file:/home/user/.m2/repository/org/apache/hadoop/hadoop-hdds-container-service/0.5.0-SNAPSHOT/hadoop-hdds-container-service-0.5.0-SNAPSHOT.jar!/webapps/static,UNAVAILABLE}
2019-09-25 11:10:02,654 [main] INFO  handler.ContextHandler (ContextHandler.java:doStop(910)) - Stopped o.e.j.s.ServletContextHandler@1fee4278{/logs,file:///workdir/hadoop-ozone/integration-test/target/log,UNAVAILABLE}
2019-09-25 11:10:06,577 [EventQueue-StaleNodeForStaleNodeHandler] INFO  node.StaleNodeHandler (StaleNodeHandler.java:onMessage(58)) - Datanode f195ac4f-a279-4102-9716-e02d49b9162a{ip: 192.168.30.6, host: pr-hdds-1569-5gmkr-4255264070, networkLocation: /default-rack, certSerialId: null} moved to stale state. Finalizing its pipelines [PipelineID=ab64ede2-da44-4f73-8f7f-a0c69d2b2933, PipelineID=d11be61b-7d0a-4fde-8c40-5e793fbc3143, PipelineID=bd3d4935-f8f8-4071-9b26-676ce62797ee, PipelineID=f7aa547c-9aa9-487d-b3de-0e89412f051d, PipelineID=f472d96d-9db1-41cb-b9c6-02b75e6ab3d7, PipelineID=fc4c2288-ff28-476f-aea4-c8bdc1027d85]
2019-09-25 11:10:06,577 [EventQueue-StaleNodeForStaleNodeHandler] INFO  pipeline.SCMPipelineManager (SCMPipelineManager.java:finalizeAndDestroyPipeline(316)) - destroying pipeline:Pipeline[ Id: ab64ede2-da44-4f73-8f7f-a0c69d2b2933, Nodes: f195ac4f-a279-4102-9716-e02d49b9162a{ip: 192.168.30.6, host: pr-hdds-1569-5gmkr-4255264070, networkLocation: /default-rack, certSerialId: null}, Type:RATIS, Factor:ONE, State:OPEN]
2019-09-25 11:10:06,577 [EventQueue-StaleNodeForStaleNodeHandler] INFO  pipeline.PipelineStateManager (PipelineStateManager.java:finalizePipeline(123)) - Pipeline Pipeline[ Id: ab64ede2-da44-4f73-8f7f-a0c69d2b2933, Nodes: f195ac4f-a279-4102-9716-e02d49b9162a{ip: 192.168.30.6, host: pr-hdds-1569-5gmkr-4255264070, networkLocation: /default-rack, certSerialId: null}, Type:RATIS, Factor:ONE, State:CLOSED] moved to CLOSED state
2019-09-25 11:10:06,578 [EventQueue-StaleNodeForStaleNodeHandler] INFO  pipeline.SCMPipelineManager (SCMPipelineManager.java:finalizeAndDestroyPipeline(316)) - destroying pipeline:Pipeline[ Id: d11be61b-7d0a-4fde-8c40-5e793fbc3143, Nodes: f195ac4f-a279-4102-9716-e02d49b9162a{ip: 192.168.30.6, host: pr-hdds-1569-5gmkr-4255264070, networkLocation: /default-rack, certSerialId: null}, Type:RATIS, Factor:ONE, State:OPEN]
2019-09-25 11:10:06,578 [EventQueue-StaleNodeForStaleNodeHandler] INFO  pipeline.PipelineStateManager (PipelineStateManager.java:finalizePipeline(123)) - Pipeline Pipeline[ Id: d11be61b-7d0a-4fde-8c40-5e793fbc3143, Nodes: f195ac4f-a279-4102-9716-e02d49b9162a{ip: 192.168.30.6, host: pr-hdds-1569-5gmkr-4255264070, networkLocation: /default-rack, certSerialId: null}, Type:RATIS, Factor:ONE, State:CLOSED] moved to CLOSED state
2019-09-25 11:10:06,578 [EventQueue-StaleNodeForStaleNodeHandler] INFO  pipeline.SCMPipelineManager (SCMPipelineManager.java:finalizeAndDestroyPipeline(316)) - destroying pipeline:Pipeline[ Id: bd3d4935-f8f8-4071-9b26-676ce62797ee, Nodes: f195ac4f-a279-4102-9716-e02d49b9162a{ip: 192.168.30.6, host: pr-hdds-1569-5gmkr-4255264070, networkLocation: /default-rack, certSerialId: null}, Type:RATIS, Factor:ONE, State:OPEN]
2019-09-25 11:10:06,578 [EventQueue-StaleNodeForStaleNodeHandler] INFO  pipeline.PipelineStateManager (PipelineStateManager.java:finalizePipeline(123)) - Pipeline Pipeline[ Id: bd3d4935-f8f8-4071-9b26-676ce62797ee, Nodes: f195ac4f-a279-4102-9716-e02d49b9162a{ip: 192.168.30.6, host: pr-hdds-1569-5gmkr-4255264070, networkLocation: /default-rack, certSerialId: null}, Type:RATIS, Factor:ONE, State:CLOSED] moved to CLOSED state
2019-09-25 11:10:06,578 [EventQueue-StaleNodeForStaleNodeHandler] INFO  pipeline.SCMPipelineManager (SCMPipelineManager.java:finalizeAndDestroyPipeline(316)) - destroying pipeline:Pipeline[ Id: f7aa547c-9aa9-487d-b3de-0e89412f051d, Nodes: f195ac4f-a279-4102-9716-e02d49b9162a{ip: 192.168.30.6, host: pr-hdds-1569-5gmkr-4255264070, networkLocation: /default-rack, certSerialId: null}, Type:RATIS, Factor:ONE, State:OPEN]
2019-09-25 11:10:06,578 [EventQueue-StaleNodeForStaleNodeHandler] INFO  pipeline.PipelineStateManager (PipelineStateManager.java:finalizePipeline(123)) - Pipeline Pipeline[ Id: f7aa547c-9aa9-487d-b3de-0e89412f051d, Nodes: f195ac4f-a279-4102-9716-e02d49b9162a{ip: 192.168.30.6, host: pr-hdds-1569-5gmkr-4255264070, networkLocation: /default-rack, certSerialId: null}, Type:RATIS, Factor:ONE, State:CLOSED] moved to CLOSED state
2019-09-25 11:10:06,578 [EventQueue-StaleNodeForStaleNodeHandler] INFO  pipeline.SCMPipelineManager (SCMPipelineManager.java:finalizeAndDestroyPipeline(316)) - destroying pipeline:Pipeline[ Id: f472d96d-9db1-41cb-b9c6-02b75e6ab3d7, Nodes: f195ac4f-a279-4102-9716-e02d49b9162a{ip: 192.168.30.6, host: pr-hdds-1569-5gmkr-4255264070, networkLocation: /default-rack, certSerialId: null}, Type:RATIS, Factor:ONE, State:OPEN]
2019-09-25 11:10:06,579 [EventQueue-StaleNodeForStaleNodeHandler] INFO  pipeline.PipelineStateManager (PipelineStateManager.java:finalizePipeline(123)) - Pipeline Pipeline[ Id: f472d96d-9db1-41cb-b9c6-02b75e6ab3d7, Nodes: f195ac4f-a279-4102-9716-e02d49b9162a{ip: 192.168.30.6, host: pr-hdds-1569-5gmkr-4255264070, networkLocation: /default-rack, certSerialId: null}, Type:RATIS, Factor:ONE, State:CLOSED] moved to CLOSED state
2019-09-25 11:10:06,579 [EventQueue-StaleNodeForStaleNodeHandler] INFO  pipeline.SCMPipelineManager (SCMPipelineManager.java:finalizeAndDestroyPipeline(316)) - destroying pipeline:Pipeline[ Id: fc4c2288-ff28-476f-aea4-c8bdc1027d85, Nodes: f195ac4f-a279-4102-9716-e02d49b9162a{ip: 192.168.30.6, host: pr-hdds-1569-5gmkr-4255264070, networkLocation: /default-rack, certSerialId: null}, Type:RATIS, Factor:ONE, State:OPEN]
2019-09-25 11:10:06,579 [EventQueue-StaleNodeForStaleNodeHandler] INFO  pipeline.PipelineStateManager (PipelineStateManager.java:finalizePipeline(123)) - Pipeline Pipeline[ Id: fc4c2288-ff28-476f-aea4-c8bdc1027d85, Nodes: f195ac4f-a279-4102-9716-e02d49b9162a{ip: 192.168.30.6, host: pr-hdds-1569-5gmkr-4255264070, networkLocation: /default-rack, certSerialId: null}, Type:RATIS, Factor:ONE, State:CLOSED] moved to CLOSED state
2019-09-25 11:10:07,520 [ForkJoinPool.commonPool-worker-1] INFO  ozoneimpl.OzoneContainer (OzoneContainer.java:stop(231)) - Attempting to stop container services.
2019-09-25 11:10:07,536 [ForkJoinPool.commonPool-worker-1] INFO  impl.RaftServerProxy (RaftServerProxy.java:lambda$close$4(314)) - f195ac4f-a279-4102-9716-e02d49b9162a: close
2019-09-25 11:10:07,537 [ForkJoinPool.commonPool-worker-1] INFO  impl.RaftServerImpl (RaftServerImpl.java:lambda$shutdown$3(251)) - f195ac4f-a279-4102-9716-e02d49b9162a@group-0E89412F051D: shutdown
2019-09-25 11:10:07,537 [ForkJoinPool.commonPool-worker-1] INFO  util.JmxRegister (JmxRegister.java:unregister(73)) - Successfully un-registered JMX Bean with object name Ratis:service=RaftServer,group=group-0E89412F051D,id=f195ac4f-a279-4102-9716-e02d49b9162a
2019-09-25 11:10:07,537 [ForkJoinPool.commonPool-worker-1] INFO  impl.RoleInfo (RoleInfo.java:shutdownLeaderState(104)) - f195ac4f-a279-4102-9716-e02d49b9162a: shutdown LeaderState
2019-09-25 11:10:07,537 [ForkJoinPool.commonPool-worker-1] INFO  impl.PendingRequests (PendingRequests.java:sendNotLeaderResponses(202)) - f195ac4f-a279-4102-9716-e02d49b9162a-PendingRequests: sendNotLeaderResponses
2019-09-25 11:10:07,538 [ForkJoinPool.commonPool-worker-1] INFO  impl.StateMachineUpdater (StateMachineUpdater.java:stopAndJoin(125)) - f195ac4f-a279-4102-9716-e02d49b9162a@group-0E89412F051D-StateMachineUpdater: set stopIndex = 0
2019-09-25 11:10:07,538 [ForkJoinPool.commonPool-worker-1] INFO  impl.RaftServerImpl (ServerState.java:close(385)) - f195ac4f-a279-4102-9716-e02d49b9162a@group-0E89412F051D: closes. applyIndex: 0
2019-09-25 11:10:07,538 [f195ac4f-a279-4102-9716-e02d49b9162a@group-0E89412F051D-SegmentedRaftLogWorker] INFO  segmented.SegmentedRaftLogWorker (SegmentedRaftLogWorker.java:run(313)) - f195ac4f-a279-4102-9716-e02d49b9162a@group-0E89412F051D-SegmentedRaftLogWorker was interrupted, exiting. There are 0 tasks remaining in the queue.
2019-09-25 11:10:07,678 [ForkJoinPool.commonPool-worker-1] INFO  segmented.SegmentedRaftLogWorker (SegmentedRaftLogWorker.java:close(228)) - f195ac4f-a279-4102-9716-e02d49b9162a@group-0E89412F051D-SegmentedRaftLogWorker close()
2019-09-25 11:10:07,678 [ForkJoinPool.commonPool-worker-1] INFO  impl.RaftServerImpl (RaftServerImpl.java:lambda$shutdown$3(251)) - f195ac4f-a279-4102-9716-e02d49b9162a@group-A0C69D2B2933: shutdown
2019-09-25 11:10:07,678 [ForkJoinPool.commonPool-worker-1] INFO  util.JmxRegister (JmxRegister.java:unregister(73)) - Successfully un-registered JMX Bean with object name Ratis:service=RaftServer,group=group-A0C69D2B2933,id=f195ac4f-a279-4102-9716-e02d49b9162a
2019-09-25 11:10:07,679 [ForkJoinPool.commonPool-worker-1] INFO  impl.RoleInfo (RoleInfo.java:shutdownLeaderState(104)) - f195ac4f-a279-4102-9716-e02d49b9162a: shutdown LeaderState
2019-09-25 11:10:07,679 [ForkJoinPool.commonPool-worker-1] INFO  impl.PendingRequests (PendingRequests.java:sendNotLeaderResponses(202)) - f195ac4f-a279-4102-9716-e02d49b9162a-PendingRequests: sendNotLeaderResponses
2019-09-25 11:10:07,679 [ForkJoinPool.commonPool-worker-1] INFO  impl.StateMachineUpdater (StateMachineUpdater.java:stopAndJoin(125)) - f195ac4f-a279-4102-9716-e02d49b9162a@group-A0C69D2B2933-StateMachineUpdater: set stopIndex = 0
2019-09-25 11:10:07,679 [ForkJoinPool.commonPool-worker-1] INFO  impl.RaftServerImpl (ServerState.java:close(385)) - f195ac4f-a279-4102-9716-e02d49b9162a@group-A0C69D2B2933: closes. applyIndex: 0
2019-09-25 11:10:07,680 [f195ac4f-a279-4102-9716-e02d49b9162a@group-A0C69D2B2933-SegmentedRaftLogWorker] INFO  segmented.SegmentedRaftLogWorker (SegmentedRaftLogWorker.java:run(313)) - f195ac4f-a279-4102-9716-e02d49b9162a@group-A0C69D2B2933-SegmentedRaftLogWorker was interrupted, exiting. There are 0 tasks remaining in the queue.
2019-09-25 11:10:07,680 [ForkJoinPool.commonPool-worker-1] INFO  segmented.SegmentedRaftLogWorker (SegmentedRaftLogWorker.java:close(228)) - f195ac4f-a279-4102-9716-e02d49b9162a@group-A0C69D2B2933-SegmentedRaftLogWorker close()
2019-09-25 11:10:07,680 [ForkJoinPool.commonPool-worker-1] INFO  impl.RaftServerImpl (RaftServerImpl.java:lambda$shutdown$3(251)) - f195ac4f-a279-4102-9716-e02d49b9162a@group-5E793FBC3143: shutdown
2019-09-25 11:10:07,681 [ForkJoinPool.commonPool-worker-1] INFO  util.JmxRegister (JmxRegister.java:unregister(73)) - Successfully un-registered JMX Bean with object name Ratis:service=RaftServer,group=group-5E793FBC3143,id=f195ac4f-a279-4102-9716-e02d49b9162a
2019-09-25 11:10:07,681 [ForkJoinPool.commonPool-worker-1] INFO  impl.RoleInfo (RoleInfo.java:shutdownLeaderState(104)) - f195ac4f-a279-4102-9716-e02d49b9162a: shutdown LeaderState
2019-09-25 11:10:07,681 [ForkJoinPool.commonPool-worker-1] INFO  impl.PendingRequests (PendingRequests.java:sendNotLeaderResponses(202)) - f195ac4f-a279-4102-9716-e02d49b9162a-PendingRequests: sendNotLeaderResponses
2019-09-25 11:10:07,681 [ForkJoinPool.commonPool-worker-1] INFO  impl.StateMachineUpdater (StateMachineUpdater.java:stopAndJoin(125)) - f195ac4f-a279-4102-9716-e02d49b9162a@group-5E793FBC3143-StateMachineUpdater: set stopIndex = 0
2019-09-25 11:10:07,682 [ForkJoinPool.commonPool-worker-1] INFO  impl.RaftServerImpl (ServerState.java:close(385)) - f195ac4f-a279-4102-9716-e02d49b9162a@group-5E793FBC3143: closes. applyIndex: 0
2019-09-25 11:10:07,682 [f195ac4f-a279-4102-9716-e02d49b9162a@group-5E793FBC3143-SegmentedRaftLogWorker] INFO  segmented.SegmentedRaftLogWorker (SegmentedRaftLogWorker.java:run(313)) - f195ac4f-a279-4102-9716-e02d49b9162a@group-5E793FBC3143-SegmentedRaftLogWorker was interrupted, exiting. There are 0 tasks remaining in the queue.
2019-09-25 11:10:07,682 [ForkJoinPool.commonPool-worker-1] INFO  segmented.SegmentedRaftLogWorker (SegmentedRaftLogWorker.java:close(228)) - f195ac4f-a279-4102-9716-e02d49b9162a@group-5E793FBC3143-SegmentedRaftLogWorker close()
2019-09-25 11:10:07,683 [ForkJoinPool.commonPool-worker-1] INFO  impl.RaftServerImpl (RaftServerImpl.java:lambda$shutdown$3(251)) - f195ac4f-a279-4102-9716-e02d49b9162a@group-676CE62797EE: shutdown
2019-09-25 11:10:07,683 [ForkJoinPool.commonPool-worker-1] INFO  util.JmxRegister (JmxRegister.java:unregister(73)) - Successfully un-registered JMX Bean with object name Ratis:service=RaftServer,group=group-676CE62797EE,id=f195ac4f-a279-4102-9716-e02d49b9162a
2019-09-25 11:10:07,683 [ForkJoinPool.commonPool-worker-1] INFO  impl.RoleInfo (RoleInfo.java:shutdownLeaderState(104)) - f195ac4f-a279-4102-9716-e02d49b9162a: shutdown LeaderState
2019-09-25 11:10:07,683 [ForkJoinPool.commonPool-worker-1] INFO  impl.PendingRequests (PendingRequests.java:sendNotLeaderResponses(202)) - f195ac4f-a279-4102-9716-e02d49b9162a-PendingRequests: sendNotLeaderResponses
2019-09-25 11:10:07,684 [ForkJoinPool.commonPool-worker-1] INFO  impl.StateMachineUpdater (StateMachineUpdater.java:stopAndJoin(125)) - f195ac4f-a279-4102-9716-e02d49b9162a@group-676CE62797EE-StateMachineUpdater: set stopIndex = 0
2019-09-25 11:10:07,684 [ForkJoinPool.commonPool-worker-1] INFO  impl.RaftServerImpl (ServerState.java:close(385)) - f195ac4f-a279-4102-9716-e02d49b9162a@group-676CE62797EE: closes. applyIndex: 0
2019-09-25 11:10:07,684 [f195ac4f-a279-4102-9716-e02d49b9162a@group-676CE62797EE-SegmentedRaftLogWorker] INFO  segmented.SegmentedRaftLogWorker (SegmentedRaftLogWorker.java:run(313)) - f195ac4f-a279-4102-9716-e02d49b9162a@group-676CE62797EE-SegmentedRaftLogWorker was interrupted, exiting. There are 0 tasks remaining in the queue.
2019-09-25 11:10:07,684 [ForkJoinPool.commonPool-worker-1] INFO  segmented.SegmentedRaftLogWorker (SegmentedRaftLogWorker.java:close(228)) - f195ac4f-a279-4102-9716-e02d49b9162a@group-676CE62797EE-SegmentedRaftLogWorker close()
2019-09-25 11:10:07,685 [ForkJoinPool.commonPool-worker-1] INFO  impl.RaftServerImpl (RaftServerImpl.java:lambda$shutdown$3(251)) - f195ac4f-a279-4102-9716-e02d49b9162a@group-02B75E6AB3D7: shutdown
2019-09-25 11:10:07,685 [ForkJoinPool.commonPool-worker-1] INFO  util.JmxRegister (JmxRegister.java:unregister(73)) - Successfully un-registered JMX Bean with object name Ratis:service=RaftServer,group=group-02B75E6AB3D7,id=f195ac4f-a279-4102-9716-e02d49b9162a
2019-09-25 11:10:07,685 [ForkJoinPool.commonPool-worker-1] INFO  impl.RoleInfo (RoleInfo.java:shutdownLeaderState(104)) - f195ac4f-a279-4102-9716-e02d49b9162a: shutdown LeaderState
2019-09-25 11:10:07,686 [ForkJoinPool.commonPool-worker-1] INFO  impl.PendingRequests (PendingRequests.java:sendNotLeaderResponses(202)) - f195ac4f-a279-4102-9716-e02d49b9162a-PendingRequests: sendNotLeaderResponses
2019-09-25 11:10:07,686 [ForkJoinPool.commonPool-worker-1] INFO  impl.StateMachineUpdater (StateMachineUpdater.java:stopAndJoin(125)) - f195ac4f-a279-4102-9716-e02d49b9162a@group-02B75E6AB3D7-StateMachineUpdater: set stopIndex = 0
2019-09-25 11:10:07,686 [ForkJoinPool.commonPool-worker-1] INFO  impl.RaftServerImpl (ServerState.java:close(385)) - f195ac4f-a279-4102-9716-e02d49b9162a@group-02B75E6AB3D7: closes. applyIndex: 0
2019-09-25 11:10:07,686 [f195ac4f-a279-4102-9716-e02d49b9162a@group-02B75E6AB3D7-SegmentedRaftLogWorker] INFO  segmented.SegmentedRaftLogWorker (SegmentedRaftLogWorker.java:run(313)) - f195ac4f-a279-4102-9716-e02d49b9162a@group-02B75E6AB3D7-SegmentedRaftLogWorker was interrupted, exiting. There are 0 tasks remaining in the queue.
2019-09-25 11:10:07,687 [ForkJoinPool.commonPool-worker-1] INFO  segmented.SegmentedRaftLogWorker (SegmentedRaftLogWorker.java:close(228)) - f195ac4f-a279-4102-9716-e02d49b9162a@group-02B75E6AB3D7-SegmentedRaftLogWorker close()
2019-09-25 11:10:07,687 [ForkJoinPool.commonPool-worker-1] INFO  impl.RaftServerImpl (RaftServerImpl.java:lambda$shutdown$3(251)) - f195ac4f-a279-4102-9716-e02d49b9162a@group-C8BDC1027D85: shutdown
2019-09-25 11:10:07,687 [ForkJoinPool.commonPool-worker-1] INFO  util.JmxRegister (JmxRegister.java:unregister(73)) - Successfully un-registered JMX Bean with object name Ratis:service=RaftServer,group=group-C8BDC1027D85,id=f195ac4f-a279-4102-9716-e02d49b9162a
2019-09-25 11:10:07,687 [ForkJoinPool.commonPool-worker-1] INFO  impl.RoleInfo (RoleInfo.java:shutdownLeaderState(104)) - f195ac4f-a279-4102-9716-e02d49b9162a: shutdown LeaderState
2019-09-25 11:10:07,688 [ForkJoinPool.commonPool-worker-1] INFO  impl.PendingRequests (PendingRequests.java:sendNotLeaderResponses(202)) - f195ac4f-a279-4102-9716-e02d49b9162a-PendingRequests: sendNotLeaderResponses
2019-09-25 11:10:07,688 [ForkJoinPool.commonPool-worker-1] INFO  impl.StateMachineUpdater (StateMachineUpdater.java:stopAndJoin(125)) - f195ac4f-a279-4102-9716-e02d49b9162a@group-C8BDC1027D85-StateMachineUpdater: set stopIndex = 0
2019-09-25 11:10:07,688 [ForkJoinPool.commonPool-worker-1] INFO  impl.RaftServerImpl (ServerState.java:close(385)) - f195ac4f-a279-4102-9716-e02d49b9162a@group-C8BDC1027D85: closes. applyIndex: 0
2019-09-25 11:10:07,689 [f195ac4f-a279-4102-9716-e02d49b9162a@group-C8BDC1027D85-SegmentedRaftLogWorker] INFO  segmented.SegmentedRaftLogWorker (SegmentedRaftLogWorker.java:run(313)) - f195ac4f-a279-4102-9716-e02d49b9162a@group-C8BDC1027D85-SegmentedRaftLogWorker was interrupted, exiting. There are 0 tasks remaining in the queue.
2019-09-25 11:10:07,689 [ForkJoinPool.commonPool-worker-1] INFO  segmented.SegmentedRaftLogWorker (SegmentedRaftLogWorker.java:close(228)) - f195ac4f-a279-4102-9716-e02d49b9162a@group-C8BDC1027D85-SegmentedRaftLogWorker close()
2019-09-25 11:10:07,689 [ForkJoinPool.commonPool-worker-1] INFO  server.GrpcService (GrpcService.java:closeImpl(164)) - f195ac4f-a279-4102-9716-e02d49b9162a: shutdown server with port 37523 now
2019-09-25 11:10:07,692 [ForkJoinPool.commonPool-worker-1] INFO  server.GrpcService (GrpcService.java:closeImpl(172)) - f195ac4f-a279-4102-9716-e02d49b9162a: shutdown server with port 37523 successfully
2019-09-25 11:10:07,694 [refreshUsed-/workdir/hadoop-ozone/integration-test/target/test-dir/MiniOzoneClusterImpl-d8e1effc-caf9-4828-b7f0-59ad57edb745/datanode-5/data/containers] WARN  fs.CachingGetSpaceUsed (CachingGetSpaceUsed.java:run(183)) - Thread Interrupted waiting to refresh disk information: sleep interrupted
2019-09-25 11:10:07,708 [ForkJoinPool.commonPool-worker-1] INFO  utils.BackgroundService (BackgroundService.java:shutdown(148)) - Shutting down service BlockDeletingService
2019-09-25 11:10:07,715 [ForkJoinPool.commonPool-worker-1] INFO  statemachine.DatanodeStateMachine (DatanodeStateMachine.java:stopDaemon(395)) - Ozone container server stopped.
2019-09-25 11:10:07,718 [ForkJoinPool.commonPool-worker-1] INFO  handler.ContextHandler (ContextHandler.java:doStop(910)) - Stopped o.e.j.w.WebAppContext@b5de9ac{/,null,UNAVAILABLE}{/hddsDatanode}
2019-09-25 11:10:07,719 [ForkJoinPool.commonPool-worker-1] INFO  server.AbstractConnector (AbstractConnector.java:doStop(318)) - Stopped ServerConnector@4ecd8ab1{HTTP/1.1,[http/1.1]}{0.0.0.0:0}
2019-09-25 11:10:07,720 [ForkJoinPool.commonPool-worker-1] INFO  handler.ContextHandler (ContextHandler.java:doStop(910)) - Stopped o.e.j.s.ServletContextHandler@65e620b0{/static,jar:file:/home/user/.m2/repository/org/apache/hadoop/hadoop-hdds-container-service/0.5.0-SNAPSHOT/hadoop-hdds-container-service-0.5.0-SNAPSHOT.jar!/webapps/static,UNAVAILABLE}
2019-09-25 11:10:07,722 [ForkJoinPool.commonPool-worker-1] INFO  handler.ContextHandler (ContextHandler.java:doStop(910)) - Stopped o.e.j.s.ServletContextHandler@43786627{/logs,file:///workdir/hadoop-ozone/integration-test/target/log,UNAVAILABLE}
2019-09-25 11:10:07,723 [main] INFO  ozone.MiniOzoneClusterImpl (MiniOzoneClusterImpl.java:stopSCM(392)) - Stopping the StorageContainerManager
2019-09-25 11:10:07,723 [main] INFO  server.StorageContainerManager (StorageContainerManager.java:stop(808)) - Stopping Replication Manager Service.
2019-09-25 11:10:07,724 [main] INFO  container.ReplicationManager (ReplicationManager.java:stop(204)) - Stopping Replication Monitor Thread.
2019-09-25 11:10:07,724 [main] INFO  server.StorageContainerManager (StorageContainerManager.java:stop(815)) - Stopping Lease Manager of the command watchers
2019-09-25 11:10:07,724 [main] INFO  server.StorageContainerManager (StorageContainerManager.java:stop(822)) - Stopping datanode service RPC server
2019-09-25 11:10:07,724 [main] INFO  server.SCMDatanodeProtocolServer (SCMDatanodeProtocolServer.java:stop(367)) - Stopping the RPC server for DataNodes
2019-09-25 11:10:07,724 [main] INFO  ipc.Server (Server.java:stop(3082)) - Stopping server on 34831
2019-09-25 11:10:07,727 [IPC Server Responder] INFO  ipc.Server (Server.java:run(1319)) - Stopping IPC Server Responder
2019-09-25 11:10:07,727 [IPC Server listener on 34831] INFO  ipc.Server (Server.java:run(1185)) - Stopping IPC Server listener on 34831
2019-09-25 11:10:07,778 [SCM Heartbeat Processing Thread - 0] WARN  node.NodeStateManager (NodeStateManager.java:scheduleNextHealthCheck(655)) - Current Thread is interrupted, shutting down HB processing thread for Node Manager.
2019-09-25 11:10:07,779 [main] INFO  server.StorageContainerManager (StorageContainerManager.java:stop(830)) - Stopping block service RPC server
2019-09-25 11:10:07,779 [main] INFO  server.SCMBlockProtocolServer (SCMBlockProtocolServer.java:stop(155)) - Stopping the RPC server for Block Protocol
2019-09-25 11:10:07,779 [main] INFO  ipc.Server (Server.java:stop(3082)) - Stopping server on 36088
2019-09-25 11:10:07,783 [main] INFO  server.StorageContainerManager (StorageContainerManager.java:stop(837)) - Stopping the StorageContainerLocationProtocol RPC server
2019-09-25 11:10:07,783 [IPC Server Responder] INFO  ipc.Server (Server.java:run(1319)) - Stopping IPC Server Responder
2019-09-25 11:10:07,783 [main] INFO  server.SCMClientProtocolServer (SCMClientProtocolServer.java:stop(159)) - Stopping the RPC server for Client Protocol
2019-09-25 11:10:07,783 [main] INFO  ipc.Server (Server.java:stop(3082)) - Stopping server on 46341
2019-09-25 11:10:07,783 [IPC Server listener on 36088] INFO  ipc.Server (Server.java:run(1185)) - Stopping IPC Server listener on 36088
2019-09-25 11:10:07,787 [main] INFO  server.StorageContainerManager (StorageContainerManager.java:stop(844)) - Stopping Storage Container Manager HTTP server.
2019-09-25 11:10:07,788 [IPC Server Responder] INFO  ipc.Server (Server.java:run(1319)) - Stopping IPC Server Responder
2019-09-25 11:10:07,788 [IPC Server listener on 46341] INFO  ipc.Server (Server.java:run(1185)) - Stopping IPC Server listener on 46341
2019-09-25 11:10:07,788 [main] INFO  handler.ContextHandler (ContextHandler.java:doStop(910)) - Stopped o.e.j.w.WebAppContext@51f01535{/,null,UNAVAILABLE}{/scm}
2019-09-25 11:10:07,791 [main] INFO  server.AbstractConnector (AbstractConnector.java:doStop(318)) - Stopped ServerConnector@2321e482{HTTP/1.1,[http/1.1]}{0.0.0.0:0}
2019-09-25 11:10:07,791 [main] INFO  handler.ContextHandler (ContextHandler.java:doStop(910)) - Stopped o.e.j.s.ServletContextHandler@5103eea2{/static,file:///workdir/hadoop-ozone/integration-test/target/test-classes/webapps/static,UNAVAILABLE}
2019-09-25 11:10:07,792 [main] INFO  handler.ContextHandler (ContextHandler.java:doStop(910)) - Stopped o.e.j.s.ServletContextHandler@2565a7d0{/logs,file:///workdir/hadoop-ozone/integration-test/target/log,UNAVAILABLE}
2019-09-25 11:10:07,792 [main] INFO  server.StorageContainerManager (StorageContainerManager.java:stop(855)) - Stopping Block Manager Service.
2019-09-25 11:10:07,793 [main] INFO  utils.BackgroundService (BackgroundService.java:shutdown(148)) - Shutting down service SCMBlockDeletingService
2019-09-25 11:10:07,793 [main] INFO  utils.BackgroundService (BackgroundService.java:shutdown(148)) - Shutting down service SCMBlockDeletingService
2019-09-25 11:10:07,793 [main] INFO  server.StorageContainerManager (StorageContainerManager.java:stop(877)) - Stopping SCM Event Queue.
2019-09-25 11:10:07,797 [main] INFO  impl.MetricsSystemImpl (MetricsSystemImpl.java:stop(210)) - Stopping HddsDatanode metrics system...
2019-09-25 11:10:07,850 [main] INFO  impl.MetricsSystemImpl (MetricsSystemImpl.java:stop(216)) - HddsDatanode metrics system stopped.
]]></system-out>
  </testcase>
  <testcase name="testExceptionDuringClose" classname="org.apache.hadoop.ozone.client.rpc.TestBlockOutputStreamWithFailures" time="38.168">
    <error message="Allocated 0 blocks. Requested 1 blocks" type="INTERNAL_ERROR org.apache.hadoop.ozone.om.exceptions.OMException">INTERNAL_ERROR org.apache.hadoop.ozone.om.exceptions.OMException: Allocated 0 blocks. Requested 1 blocks
	at org.apache.hadoop.ozone.om.protocolPB.OzoneManagerProtocolClientSideTranslatorPB.handleError(OzoneManagerProtocolClientSideTranslatorPB.java:732)
	at org.apache.hadoop.ozone.om.protocolPB.OzoneManagerProtocolClientSideTranslatorPB.openKey(OzoneManagerProtocolClientSideTranslatorPB.java:723)
	at sun.reflect.NativeMethodAccessorImpl.invoke0(Native Method)
	at sun.reflect.NativeMethodAccessorImpl.invoke(NativeMethodAccessorImpl.java:62)
	at sun.reflect.DelegatingMethodAccessorImpl.invoke(DelegatingMethodAccessorImpl.java:43)
	at java.lang.reflect.Method.invoke(Method.java:498)
	at org.apache.hadoop.hdds.tracing.TraceAllMethod.invoke(TraceAllMethod.java:66)
	at com.sun.proxy.$Proxy37.openKey(Unknown Source)
	at org.apache.hadoop.ozone.client.rpc.RpcClient.createKey(RpcClient.java:614)
	at org.apache.hadoop.ozone.client.OzoneBucket.createKey(OzoneBucket.java:325)
	at org.apache.hadoop.ozone.container.ContainerTestHelper.createKey(ContainerTestHelper.java:704)
	at org.apache.hadoop.ozone.client.rpc.TestBlockOutputStreamWithFailures.createKey(TestBlockOutputStreamWithFailures.java:1210)
	at org.apache.hadoop.ozone.client.rpc.TestBlockOutputStreamWithFailures.createKey(TestBlockOutputStreamWithFailures.java:1204)
	at org.apache.hadoop.ozone.client.rpc.TestBlockOutputStreamWithFailures.testExceptionDuringClose(TestBlockOutputStreamWithFailures.java:679)
	at sun.reflect.NativeMethodAccessorImpl.invoke0(Native Method)
	at sun.reflect.NativeMethodAccessorImpl.invoke(NativeMethodAccessorImpl.java:62)
	at sun.reflect.DelegatingMethodAccessorImpl.invoke(DelegatingMethodAccessorImpl.java:43)
	at java.lang.reflect.Method.invoke(Method.java:498)
	at org.junit.runners.model.FrameworkMethod$1.runReflectiveCall(FrameworkMethod.java:47)
	at org.junit.internal.runners.model.ReflectiveCallable.run(ReflectiveCallable.java:12)
	at org.junit.runners.model.FrameworkMethod.invokeExplosively(FrameworkMethod.java:44)
	at org.junit.internal.runners.statements.InvokeMethod.evaluate(InvokeMethod.java:17)
	at org.junit.internal.runners.statements.RunBefores.evaluate(RunBefores.java:26)
	at org.junit.internal.runners.statements.RunAfters.evaluate(RunAfters.java:27)
	at org.junit.runners.ParentRunner.runLeaf(ParentRunner.java:271)
	at org.junit.runners.BlockJUnit4ClassRunner.runChild(BlockJUnit4ClassRunner.java:70)
	at org.junit.runners.BlockJUnit4ClassRunner.runChild(BlockJUnit4ClassRunner.java:50)
	at org.junit.runners.ParentRunner$3.run(ParentRunner.java:238)
	at org.junit.runners.ParentRunner$1.schedule(ParentRunner.java:63)
	at org.junit.runners.ParentRunner.runChildren(ParentRunner.java:236)
	at org.junit.runners.ParentRunner.access$000(ParentRunner.java:53)
	at org.junit.runners.ParentRunner$2.evaluate(ParentRunner.java:229)
	at org.junit.runners.ParentRunner.run(ParentRunner.java:309)
	at org.apache.maven.surefire.junit4.JUnit4Provider.execute(JUnit4Provider.java:365)
	at org.apache.maven.surefire.junit4.JUnit4Provider.executeWithRerun(JUnit4Provider.java:273)
	at org.apache.maven.surefire.junit4.JUnit4Provider.executeTestSet(JUnit4Provider.java:238)
	at org.apache.maven.surefire.junit4.JUnit4Provider.invoke(JUnit4Provider.java:159)
	at org.apache.maven.surefire.booter.ForkedBooter.invokeProviderInSameClassLoader(ForkedBooter.java:384)
	at org.apache.maven.surefire.booter.ForkedBooter.runSuitesInProcess(ForkedBooter.java:345)
	at org.apache.maven.surefire.booter.ForkedBooter.execute(ForkedBooter.java:126)
	at org.apache.maven.surefire.booter.ForkedBooter.main(ForkedBooter.java:418)
</error>
    <system-out><![CDATA[2019-09-25 11:10:07,897 [main] WARN  server.ServerUtils (ServerUtils.java:getScmDbDir(145)) - ozone.scm.db.dirs is not configured. We recommend adding this setting. Falling back to ozone.metadata.dirs instead.
2019-09-25 11:10:15,507 [main] WARN  server.ServerUtils (ServerUtils.java:getScmDbDir(145)) - ozone.scm.db.dirs is not configured. We recommend adding this setting. Falling back to ozone.metadata.dirs instead.
2019-09-25 11:10:15,508 [main] WARN  server.ServerUtils (ServerUtils.java:getScmDbDir(145)) - ozone.scm.db.dirs is not configured. We recommend adding this setting. Falling back to ozone.metadata.dirs instead.
2019-09-25 11:10:15,508 [main] INFO  db.DBStoreBuilder (DBStoreBuilder.java:addTable(110)) - using custom profile for table: deletedBlocks
2019-09-25 11:10:15,508 [main] INFO  db.DBStoreBuilder (DBStoreBuilder.java:processTables(161)) - Using default column profile:DBProfile.DISK for Table:deletedBlocks
2019-09-25 11:10:15,509 [main] INFO  db.DBStoreBuilder (DBStoreBuilder.java:addTable(110)) - using custom profile for table: validCerts
2019-09-25 11:10:15,509 [main] INFO  db.DBStoreBuilder (DBStoreBuilder.java:processTables(161)) - Using default column profile:DBProfile.DISK for Table:validCerts
2019-09-25 11:10:15,509 [main] INFO  db.DBStoreBuilder (DBStoreBuilder.java:addTable(110)) - using custom profile for table: revokedCerts
2019-09-25 11:10:15,510 [main] INFO  db.DBStoreBuilder (DBStoreBuilder.java:processTables(161)) - Using default column profile:DBProfile.DISK for Table:revokedCerts
2019-09-25 11:10:15,510 [main] INFO  db.DBStoreBuilder (DBStoreBuilder.java:addTable(110)) - using custom profile for table: default
2019-09-25 11:10:15,510 [main] INFO  db.DBStoreBuilder (DBStoreBuilder.java:processTables(167)) - Using default column profile:DBProfile.DISK for Table:default
2019-09-25 11:10:15,510 [main] INFO  db.DBStoreBuilder (DBStoreBuilder.java:getDbProfile(198)) - Using default options. DBProfile.DISK
2019-09-25 11:10:17,734 [main] INFO  net.NodeSchemaLoader (NodeSchemaLoader.java:loadSchemaFromFile(125)) - Loading file from sun.misc.CompoundEnumeration@1f71e024
2019-09-25 11:10:17,734 [main] INFO  net.NodeSchemaLoader (NodeSchemaLoader.java:loadSchema(171)) - Loading network topology layer schema file
2019-09-25 11:10:17,739 [main] INFO  node.SCMNodeManager (SCMNodeManager.java:<init>(114)) - Entering startup safe mode.
2019-09-25 11:10:17,740 [main] INFO  algorithms.ContainerPlacementPolicyFactory (ContainerPlacementPolicyFactory.java:getPolicy(59)) - Create container placement policy of type org.apache.hadoop.hdds.scm.container.placement.algorithms.SCMContainerPlacementRandom
2019-09-25 11:10:17,740 [main] WARN  server.ServerUtils (ServerUtils.java:getScmDbDir(145)) - ozone.scm.db.dirs is not configured. We recommend adding this setting. Falling back to ozone.metadata.dirs instead.
2019-09-25 11:10:17,808 [main] INFO  pipeline.SCMPipelineManager (SCMPipelineManager.java:initializePipelineState(132)) - No pipeline exists in current db
2019-09-25 11:10:17,808 [main] WARN  server.ServerUtils (ServerUtils.java:getScmDbDir(145)) - ozone.scm.db.dirs is not configured. We recommend adding this setting. Falling back to ozone.metadata.dirs instead.
2019-09-25 11:10:17,871 [main] WARN  events.EventQueue (EventQueue.java:fireEvent(183)) - No event handler registered for event TypedEvent{payloadType=SafeModeStatus, name='SafeModeStatus'}
2019-09-25 11:10:17,872 [main] INFO  ipc.CallQueueManager (CallQueueManager.java:<init>(84)) - Using callQueue: class java.util.concurrent.LinkedBlockingQueue, queueCapacity: 2000, scheduler: class org.apache.hadoop.ipc.DefaultRpcScheduler, ipcBackoff: false.
2019-09-25 11:10:17,873 [Socket Reader #1 for port 33078] INFO  ipc.Server (Server.java:run(1074)) - Starting Socket Reader #1 for port 33078
2019-09-25 11:10:17,877 [main] INFO  ipc.CallQueueManager (CallQueueManager.java:<init>(84)) - Using callQueue: class java.util.concurrent.LinkedBlockingQueue, queueCapacity: 2000, scheduler: class org.apache.hadoop.ipc.DefaultRpcScheduler, ipcBackoff: false.
2019-09-25 11:10:17,878 [Socket Reader #1 for port 40552] INFO  ipc.Server (Server.java:run(1074)) - Starting Socket Reader #1 for port 40552
2019-09-25 11:10:17,887 [main] INFO  ipc.CallQueueManager (CallQueueManager.java:<init>(84)) - Using callQueue: class java.util.concurrent.LinkedBlockingQueue, queueCapacity: 2000, scheduler: class org.apache.hadoop.ipc.DefaultRpcScheduler, ipcBackoff: false.
2019-09-25 11:10:17,888 [Socket Reader #1 for port 35268] INFO  ipc.Server (Server.java:run(1074)) - Starting Socket Reader #1 for port 35268
2019-09-25 11:10:17,892 [main] INFO  hdfs.DFSUtil (DFSUtil.java:httpServerTemplateForNNAndJN(1641)) - Starting Web-server for scm at: http://0.0.0.0:0
2019-09-25 11:10:17,894 [main] INFO  server.AuthenticationFilter (AuthenticationFilter.java:constructSecretProvider(240)) - Unable to initialize FileSignerSecretProvider, falling back to use random secrets.
2019-09-25 11:10:17,895 [main] WARN  http.HttpRequestLog (HttpRequestLog.java:getRequestLog(97)) - Jetty request log can only be enabled using Log4j
2019-09-25 11:10:17,896 [main] INFO  http.HttpServer2 (HttpServer2.java:addGlobalFilter(975)) - Added global filter 'safety' (class=org.apache.hadoop.http.HttpServer2$QuotingInputFilter)
2019-09-25 11:10:17,897 [main] INFO  http.HttpServer2 (HttpServer2.java:addFilter(948)) - Added filter static_user_filter (class=org.apache.hadoop.http.lib.StaticUserWebFilter$StaticUserFilter) to context scm
2019-09-25 11:10:17,898 [main] INFO  http.HttpServer2 (HttpServer2.java:addFilter(958)) - Added filter static_user_filter (class=org.apache.hadoop.http.lib.StaticUserWebFilter$StaticUserFilter) to context static
2019-09-25 11:10:17,898 [main] INFO  http.HttpServer2 (HttpServer2.java:addFilter(958)) - Added filter static_user_filter (class=org.apache.hadoop.http.lib.StaticUserWebFilter$StaticUserFilter) to context logs
2019-09-25 11:10:17,900 [main] INFO  server.StorageContainerManager (StorageContainerManager.java:start(770)) - StorageContainerLocationProtocol RPC server is listening at /0.0.0.0:35268
2019-09-25 11:10:17,903 [main] WARN  impl.MetricsConfig (MetricsConfig.java:loadFirst(134)) - Cannot locate configuration: tried hadoop-metrics2-storagecontainermanager.properties,hadoop-metrics2.properties
2019-09-25 11:10:17,903 [main] INFO  impl.MetricsSystemImpl (MetricsSystemImpl.java:startTimer(374)) - Scheduled Metric snapshot period at 10 second(s).
2019-09-25 11:10:17,904 [main] INFO  impl.MetricsSystemImpl (MetricsSystemImpl.java:start(191)) - StorageContainerManager metrics system started
2019-09-25 11:10:18,312 [main] WARN  impl.MetricsSystemImpl (MetricsSystemImpl.java:register(276)) - Sink prometheus already exists!
2019-09-25 11:10:18,693 [main] INFO  server.SCMClientProtocolServer (SCMClientProtocolServer.java:start(151)) - RPC server for Client  is listening at /0.0.0.0:35268
2019-09-25 11:10:18,693 [IPC Server Responder] INFO  ipc.Server (Server.java:run(1314)) - IPC Server Responder: starting
2019-09-25 11:10:18,693 [IPC Server listener on 35268] INFO  ipc.Server (Server.java:run(1153)) - IPC Server listener on 35268: starting
2019-09-25 11:10:18,704 [main] INFO  server.StorageContainerManager (StorageContainerManager.java:start(780)) - ScmBlockLocationProtocol RPC server is listening at /0.0.0.0:40552
2019-09-25 11:10:18,704 [main] INFO  server.SCMBlockProtocolServer (SCMBlockProtocolServer.java:start(146)) - RPC server for Block Protocol is listening at /0.0.0.0:40552
2019-09-25 11:10:18,704 [IPC Server Responder] INFO  ipc.Server (Server.java:run(1314)) - IPC Server Responder: starting
2019-09-25 11:10:18,704 [IPC Server listener on 40552] INFO  ipc.Server (Server.java:run(1153)) - IPC Server listener on 40552: starting
2019-09-25 11:10:18,711 [main] INFO  server.StorageContainerManager (StorageContainerManager.java:start(784)) - ScmDatanodeProtocl RPC server is listening at /0.0.0.0:33078
2019-09-25 11:10:18,711 [main] INFO  server.SCMDatanodeProtocolServer (SCMDatanodeProtocolServer.java:start(191)) - RPC server for DataNodes is listening at /0.0.0.0:33078
2019-09-25 11:10:18,711 [IPC Server Responder] INFO  ipc.Server (Server.java:run(1314)) - IPC Server Responder: starting
2019-09-25 11:10:18,712 [IPC Server listener on 33078] INFO  ipc.Server (Server.java:run(1153)) - IPC Server listener on 33078: starting
2019-09-25 11:10:18,719 [main] INFO  http.HttpServer2 (HttpServer2.java:bindListener(1191)) - Jetty bound to port 34997
2019-09-25 11:10:18,720 [main] INFO  server.Server (Server.java:doStart(351)) - jetty-9.3.25.v20180904, build timestamp: 2018-09-04T21:11:46Z, git hash: 3ce520221d0240229c862b122d2b06c12a625732
2019-09-25 11:10:18,721 [main] INFO  handler.ContextHandler (ContextHandler.java:doStart(781)) - Started o.e.j.s.ServletContextHandler@485451d8{/logs,file:///workdir/hadoop-ozone/integration-test/target/log,AVAILABLE}
2019-09-25 11:10:18,721 [main] INFO  handler.ContextHandler (ContextHandler.java:doStart(781)) - Started o.e.j.s.ServletContextHandler@a1e912f{/static,file:///workdir/hadoop-ozone/integration-test/target/test-classes/webapps/static,AVAILABLE}
2019-09-25 11:10:18,724 [main] INFO  handler.ContextHandler (ContextHandler.java:doStart(781)) - Started o.e.j.w.WebAppContext@134c38{/,file:///workdir/hadoop-ozone/integration-test/target/test-classes/webapps/scm/,AVAILABLE}{/scm}
2019-09-25 11:10:18,724 [main] INFO  server.AbstractConnector (AbstractConnector.java:doStart(278)) - Started ServerConnector@3d235635{HTTP/1.1,[http/1.1]}{0.0.0.0:34997}
2019-09-25 11:10:18,724 [main] INFO  server.Server (Server.java:doStart(419)) - Started @622271ms
2019-09-25 11:10:18,727 [main] WARN  impl.MetricsSystemImpl (MetricsSystemImpl.java:register(276)) - Sink prometheus already exists!
2019-09-25 11:10:18,727 [main] INFO  server.BaseHttpServer (BaseHttpServer.java:updateConnectorAddress(215)) - HTTP server of SCM is listening at http://0.0.0.0:34997
2019-09-25 11:10:18,730 [main] WARN  server.ServerUtils (ServerUtils.java:getDBPath(222)) - ozone.om.db.dirs is not configured. We recommend adding this setting. Falling back to ozone.metadata.dirs instead.
2019-09-25 11:10:18,730 [org.apache.hadoop.util.JvmPauseMonitor$Monitor@5dd6a4c8] INFO  util.JvmPauseMonitor (JvmPauseMonitor.java:run(188)) - Starting JVM pause monitor
2019-09-25 11:10:18,744 [main] WARN  server.ServerUtils (ServerUtils.java:getDBPath(222)) - ozone.om.db.dirs is not configured. We recommend adding this setting. Falling back to ozone.metadata.dirs instead.
2019-09-25 11:10:18,744 [main] WARN  server.ServerUtils (ServerUtils.java:getDBPath(222)) - ozone.om.db.dirs is not configured. We recommend adding this setting. Falling back to ozone.metadata.dirs instead.
2019-09-25 11:10:18,745 [main] INFO  om.OzoneManager (OzoneManager.java:setOMNodeDetails(652)) - OM Service ID is not set. Setting it to the default ID: omServiceIdDefault
2019-09-25 11:10:18,745 [main] INFO  om.OzoneManager (OzoneManager.java:setOMNodeDetails(658)) - OM Node ID is not set. Setting it to the OmStorage's OmID: 5e8c871a-fde7-44aa-b392-030137c7d3b3
2019-09-25 11:10:18,745 [main] INFO  om.OzoneManager (OzoneManager.java:loadOMHAConfigs(609)) - Found matching OM address with OMServiceId: null, OMNodeId: null, RPC Address: localhost:0 and Ratis port: 9872
2019-09-25 11:10:18,756 [main] WARN  server.ServerUtils (ServerUtils.java:getDBPath(222)) - ozone.om.db.dirs is not configured. We recommend adding this setting. Falling back to ozone.metadata.dirs instead.
2019-09-25 11:10:18,756 [main] INFO  db.DBStoreBuilder (DBStoreBuilder.java:addTable(110)) - using custom profile for table: userTable
2019-09-25 11:10:18,756 [main] INFO  db.DBStoreBuilder (DBStoreBuilder.java:processTables(161)) - Using default column profile:DBProfile.DISK for Table:userTable
2019-09-25 11:10:18,757 [main] INFO  db.DBStoreBuilder (DBStoreBuilder.java:addTable(110)) - using custom profile for table: volumeTable
2019-09-25 11:10:18,757 [main] INFO  db.DBStoreBuilder (DBStoreBuilder.java:processTables(161)) - Using default column profile:DBProfile.DISK for Table:volumeTable
2019-09-25 11:10:18,757 [main] INFO  db.DBStoreBuilder (DBStoreBuilder.java:addTable(110)) - using custom profile for table: bucketTable
2019-09-25 11:10:18,757 [main] INFO  db.DBStoreBuilder (DBStoreBuilder.java:processTables(161)) - Using default column profile:DBProfile.DISK for Table:bucketTable
2019-09-25 11:10:18,757 [main] INFO  db.DBStoreBuilder (DBStoreBuilder.java:addTable(110)) - using custom profile for table: keyTable
2019-09-25 11:10:18,758 [main] INFO  db.DBStoreBuilder (DBStoreBuilder.java:processTables(161)) - Using default column profile:DBProfile.DISK for Table:keyTable
2019-09-25 11:10:18,758 [main] INFO  db.DBStoreBuilder (DBStoreBuilder.java:addTable(110)) - using custom profile for table: deletedTable
2019-09-25 11:10:18,758 [main] INFO  db.DBStoreBuilder (DBStoreBuilder.java:processTables(161)) - Using default column profile:DBProfile.DISK for Table:deletedTable
2019-09-25 11:10:18,758 [main] INFO  db.DBStoreBuilder (DBStoreBuilder.java:addTable(110)) - using custom profile for table: openKeyTable
2019-09-25 11:10:18,758 [main] INFO  db.DBStoreBuilder (DBStoreBuilder.java:processTables(161)) - Using default column profile:DBProfile.DISK for Table:openKeyTable
2019-09-25 11:10:18,759 [main] INFO  db.DBStoreBuilder (DBStoreBuilder.java:addTable(110)) - using custom profile for table: s3Table
2019-09-25 11:10:18,759 [main] INFO  db.DBStoreBuilder (DBStoreBuilder.java:processTables(161)) - Using default column profile:DBProfile.DISK for Table:s3Table
2019-09-25 11:10:18,759 [main] INFO  db.DBStoreBuilder (DBStoreBuilder.java:addTable(110)) - using custom profile for table: multipartInfoTable
2019-09-25 11:10:18,759 [main] INFO  db.DBStoreBuilder (DBStoreBuilder.java:processTables(161)) - Using default column profile:DBProfile.DISK for Table:multipartInfoTable
2019-09-25 11:10:18,759 [main] INFO  db.DBStoreBuilder (DBStoreBuilder.java:addTable(110)) - using custom profile for table: dTokenTable
2019-09-25 11:10:18,759 [main] INFO  db.DBStoreBuilder (DBStoreBuilder.java:processTables(161)) - Using default column profile:DBProfile.DISK for Table:dTokenTable
2019-09-25 11:10:18,760 [main] INFO  db.DBStoreBuilder (DBStoreBuilder.java:addTable(110)) - using custom profile for table: s3SecretTable
2019-09-25 11:10:18,760 [main] INFO  db.DBStoreBuilder (DBStoreBuilder.java:processTables(161)) - Using default column profile:DBProfile.DISK for Table:s3SecretTable
2019-09-25 11:10:18,760 [main] INFO  db.DBStoreBuilder (DBStoreBuilder.java:addTable(110)) - using custom profile for table: prefixTable
2019-09-25 11:10:18,760 [main] INFO  db.DBStoreBuilder (DBStoreBuilder.java:processTables(161)) - Using default column profile:DBProfile.DISK for Table:prefixTable
2019-09-25 11:10:18,760 [main] INFO  db.DBStoreBuilder (DBStoreBuilder.java:addTable(110)) - using custom profile for table: default
2019-09-25 11:10:18,761 [main] INFO  db.DBStoreBuilder (DBStoreBuilder.java:processTables(167)) - Using default column profile:DBProfile.DISK for Table:default
2019-09-25 11:10:18,761 [main] INFO  db.DBStoreBuilder (DBStoreBuilder.java:getDbProfile(198)) - Using default options. DBProfile.DISK
2019-09-25 11:10:19,273 [main] INFO  ipc.CallQueueManager (CallQueueManager.java:<init>(84)) - Using callQueue: class java.util.concurrent.LinkedBlockingQueue, queueCapacity: 2000, scheduler: class org.apache.hadoop.ipc.DefaultRpcScheduler, ipcBackoff: false.
2019-09-25 11:10:19,274 [Socket Reader #1 for port 40197] INFO  ipc.Server (Server.java:run(1074)) - Starting Socket Reader #1 for port 40197
2019-09-25 11:10:19,292 [main] INFO  om.OzoneManager (OzoneManager.java:start(1243)) - OzoneManager RPC server is listening at localhost/127.0.0.1:40197
2019-09-25 11:10:19,292 [main] INFO  impl.MetricsSystemImpl (MetricsSystemImpl.java:init(158)) - OzoneManager metrics system started (again)
2019-09-25 11:10:19,293 [IPC Server Responder] INFO  ipc.Server (Server.java:run(1314)) - IPC Server Responder: starting
2019-09-25 11:10:19,293 [IPC Server listener on 40197] INFO  ipc.Server (Server.java:run(1153)) - IPC Server listener on 40197: starting
2019-09-25 11:10:19,306 [main] INFO  hdfs.DFSUtil (DFSUtil.java:httpServerTemplateForNNAndJN(1641)) - Starting Web-server for ozoneManager at: http://0.0.0.0:0
2019-09-25 11:10:19,308 [main] INFO  server.AuthenticationFilter (AuthenticationFilter.java:constructSecretProvider(240)) - Unable to initialize FileSignerSecretProvider, falling back to use random secrets.
2019-09-25 11:10:19,308 [main] WARN  http.HttpRequestLog (HttpRequestLog.java:getRequestLog(97)) - Jetty request log can only be enabled using Log4j
2019-09-25 11:10:19,310 [main] INFO  http.HttpServer2 (HttpServer2.java:addGlobalFilter(975)) - Added global filter 'safety' (class=org.apache.hadoop.http.HttpServer2$QuotingInputFilter)
2019-09-25 11:10:19,311 [main] INFO  http.HttpServer2 (HttpServer2.java:addFilter(948)) - Added filter static_user_filter (class=org.apache.hadoop.http.lib.StaticUserWebFilter$StaticUserFilter) to context ozoneManager
2019-09-25 11:10:19,311 [main] INFO  http.HttpServer2 (HttpServer2.java:addFilter(958)) - Added filter static_user_filter (class=org.apache.hadoop.http.lib.StaticUserWebFilter$StaticUserFilter) to context logs
2019-09-25 11:10:19,311 [main] INFO  http.HttpServer2 (HttpServer2.java:addFilter(958)) - Added filter static_user_filter (class=org.apache.hadoop.http.lib.StaticUserWebFilter$StaticUserFilter) to context static
2019-09-25 11:10:19,312 [main] INFO  http.HttpServer2 (HttpServer2.java:bindListener(1191)) - Jetty bound to port 43373
2019-09-25 11:10:19,312 [main] INFO  server.Server (Server.java:doStart(351)) - jetty-9.3.25.v20180904, build timestamp: 2018-09-04T21:11:46Z, git hash: 3ce520221d0240229c862b122d2b06c12a625732
2019-09-25 11:10:19,314 [main] INFO  handler.ContextHandler (ContextHandler.java:doStart(781)) - Started o.e.j.s.ServletContextHandler@6248cfab{/logs,file:///workdir/hadoop-ozone/integration-test/target/log,AVAILABLE}
2019-09-25 11:10:19,315 [main] INFO  handler.ContextHandler (ContextHandler.java:doStart(781)) - Started o.e.j.s.ServletContextHandler@45c90a05{/static,file:///workdir/hadoop-ozone/integration-test/target/test-classes/webapps/static,AVAILABLE}
2019-09-25 11:10:19,320 [main] INFO  handler.ContextHandler (ContextHandler.java:doStart(781)) - Started o.e.j.w.WebAppContext@6fced25c{/,file:///workdir/hadoop-ozone/integration-test/target/test-classes/webapps/ozoneManager/,AVAILABLE}{/ozoneManager}
2019-09-25 11:10:19,320 [main] INFO  server.AbstractConnector (AbstractConnector.java:doStart(278)) - Started ServerConnector@3cf4dec7{HTTP/1.1,[http/1.1]}{0.0.0.0:43373}
2019-09-25 11:10:19,333 [main] INFO  server.Server (Server.java:doStart(419)) - Started @622880ms
2019-09-25 11:10:19,333 [main] WARN  impl.MetricsSystemImpl (MetricsSystemImpl.java:register(276)) - Sink prometheus already exists!
2019-09-25 11:10:19,334 [main] INFO  server.BaseHttpServer (BaseHttpServer.java:updateConnectorAddress(215)) - HTTP server of OZONEMANAGER is listening at http://0.0.0.0:43373
2019-09-25 11:10:19,352 [main] INFO  impl.MetricsSystemImpl (MetricsSystemImpl.java:init(158)) - HddsDatanode metrics system started (again)
2019-09-25 11:10:19,372 [main] INFO  ozone.HddsDatanodeService (HddsDatanodeService.java:start(184)) - HddsDatanodeService host:pr-hdds-1569-5gmkr-4255264070 ip:192.168.30.6
2019-09-25 11:10:19,382 [main] INFO  volume.HddsVolume (HddsVolume.java:<init>(176)) - Creating Volume: /workdir/hadoop-ozone/integration-test/target/test-dir/MiniOzoneClusterImpl-36bd9e64-229c-43b0-8f36-7d73050474c0/datanode-0/data/containers/hdds of  storage type : DISK and capacity : 1482555576320
2019-09-25 11:10:19,382 [main] INFO  volume.VolumeSet (VolumeSet.java:initializeVolumeSet(170)) - Added Volume : /workdir/hadoop-ozone/integration-test/target/test-dir/MiniOzoneClusterImpl-36bd9e64-229c-43b0-8f36-7d73050474c0/datanode-0/data/containers/hdds to VolumeSet
2019-09-25 11:10:19,382 [main] INFO  volume.ThrottledAsyncChecker (ThrottledAsyncChecker.java:schedule(139)) - Scheduling a check for org.apache.hadoop.ozone.container.common.volume.HddsVolume@702096ef
2019-09-25 11:10:19,383 [main] INFO  volume.HddsVolumeChecker (HddsVolumeChecker.java:checkAllVolumes(202)) - Scheduled health check for volume org.apache.hadoop.ozone.container.common.volume.HddsVolume@702096ef
2019-09-25 11:10:19,399 [main] INFO  impl.RaftServerProxy (ConfUtils.java:logGet(43)) - raft.rpc.type = GRPC (default)
2019-09-25 11:10:19,399 [main] INFO  grpc.GrpcFactory (GrpcFactory.java:checkPooledByteBufAllocatorUseCacheForAllThreads(45)) - PERFORMANCE WARNING: useCacheForAllThreads is true that may cause Netty to create a lot garbage objects and, as a result, trigger GC.
	It is recommended to disable useCacheForAllThreads by setting -Dorg.apache.ratis.thirdparty.io.netty.allocator.useCacheForAllThreads=false in command line.
2019-09-25 11:10:19,399 [main] INFO  grpc.GrpcConfigKeys$Server (ConfUtils.java:logGet(43)) - raft.grpc.server.port = 0 (default)
2019-09-25 11:10:19,400 [main] INFO  server.GrpcService (ConfUtils.java:logGet(43)) - raft.grpc.message.size.max = 33570816 (custom)
2019-09-25 11:10:19,400 [main] INFO  server.RaftServerConfigKeys (ConfUtils.java:logGet(43)) - raft.server.log.appender.buffer.byte-limit = 33554432 (custom)
2019-09-25 11:10:19,400 [main] INFO  server.GrpcService (ConfUtils.java:logGet(43)) - raft.grpc.flow.control.window = 1MB (=1048576) (default)
2019-09-25 11:10:19,400 [main] INFO  server.RaftServerConfigKeys (ConfUtils.java:logGet(43)) - raft.server.rpc.request.timeout = 3000ms (default)
2019-09-25 11:10:19,401 [main] INFO  server.RaftServerConfigKeys (ConfUtils.java:logGet(43)) - raft.server.storage.dir = [/workdir/hadoop-ozone/integration-test/target/test-dir/MiniOzoneClusterImpl-36bd9e64-229c-43b0-8f36-7d73050474c0/datanode-0/data/ratis] (custom)
2019-09-25 11:10:19,403 [main] INFO  hdfs.DFSUtil (DFSUtil.java:httpServerTemplateForNNAndJN(1641)) - Starting Web-server for hddsDatanode at: http://0.0.0.0:0
2019-09-25 11:10:19,404 [main] INFO  server.AuthenticationFilter (AuthenticationFilter.java:constructSecretProvider(240)) - Unable to initialize FileSignerSecretProvider, falling back to use random secrets.
2019-09-25 11:10:19,404 [main] WARN  http.HttpRequestLog (HttpRequestLog.java:getRequestLog(97)) - Jetty request log can only be enabled using Log4j
2019-09-25 11:10:19,405 [main] INFO  http.HttpServer2 (HttpServer2.java:addGlobalFilter(975)) - Added global filter 'safety' (class=org.apache.hadoop.http.HttpServer2$QuotingInputFilter)
2019-09-25 11:10:19,406 [main] INFO  http.HttpServer2 (HttpServer2.java:addFilter(948)) - Added filter static_user_filter (class=org.apache.hadoop.http.lib.StaticUserWebFilter$StaticUserFilter) to context hddsDatanode
2019-09-25 11:10:19,406 [main] INFO  http.HttpServer2 (HttpServer2.java:addFilter(958)) - Added filter static_user_filter (class=org.apache.hadoop.http.lib.StaticUserWebFilter$StaticUserFilter) to context logs
2019-09-25 11:10:19,406 [main] INFO  http.HttpServer2 (HttpServer2.java:addFilter(958)) - Added filter static_user_filter (class=org.apache.hadoop.http.lib.StaticUserWebFilter$StaticUserFilter) to context static
2019-09-25 11:10:19,407 [main] INFO  http.HttpServer2 (HttpServer2.java:bindListener(1191)) - Jetty bound to port 43038
2019-09-25 11:10:19,407 [main] INFO  server.Server (Server.java:doStart(351)) - jetty-9.3.25.v20180904, build timestamp: 2018-09-04T21:11:46Z, git hash: 3ce520221d0240229c862b122d2b06c12a625732
2019-09-25 11:10:19,408 [main] INFO  handler.ContextHandler (ContextHandler.java:doStart(781)) - Started o.e.j.s.ServletContextHandler@618f627b{/logs,file:///workdir/hadoop-ozone/integration-test/target/log,AVAILABLE}
2019-09-25 11:10:19,409 [main] INFO  handler.ContextHandler (ContextHandler.java:doStart(781)) - Started o.e.j.s.ServletContextHandler@3e2d8623{/static,jar:file:/home/user/.m2/repository/org/apache/hadoop/hadoop-hdds-container-service/0.5.0-SNAPSHOT/hadoop-hdds-container-service-0.5.0-SNAPSHOT.jar!/webapps/static,AVAILABLE}
2019-09-25 11:10:19,437 [main] INFO  handler.ContextHandler (ContextHandler.java:doStart(781)) - Started o.e.j.w.WebAppContext@365bfc5f{/,file:///tmp/jetty-0.0.0.0-43038-hddsDatanode-_-any-5433396141006197664.dir/webapp/,AVAILABLE}{/hddsDatanode}
2019-09-25 11:10:19,438 [main] INFO  server.AbstractConnector (AbstractConnector.java:doStart(278)) - Started ServerConnector@1a7e799e{HTTP/1.1,[http/1.1]}{0.0.0.0:43038}
2019-09-25 11:10:19,438 [main] INFO  server.Server (Server.java:doStart(419)) - Started @622985ms
2019-09-25 11:10:19,441 [main] WARN  impl.MetricsSystemImpl (MetricsSystemImpl.java:register(276)) - Sink prometheus already exists!
2019-09-25 11:10:19,442 [main] INFO  server.BaseHttpServer (BaseHttpServer.java:updateConnectorAddress(215)) - HTTP server of HDDSDATANODE is listening at http://0.0.0.0:43038
2019-09-25 11:10:19,442 [main] INFO  impl.MetricsSystemImpl (MetricsSystemImpl.java:init(158)) - HddsDatanode metrics system started (again)
2019-09-25 11:10:19,456 [org.apache.hadoop.util.JvmPauseMonitor$Monitor@2dddac95] INFO  util.JvmPauseMonitor (JvmPauseMonitor.java:run(188)) - Starting JVM pause monitor
2019-09-25 11:10:19,456 [main] INFO  ozone.HddsDatanodeService (HddsDatanodeService.java:start(184)) - HddsDatanodeService host:pr-hdds-1569-5gmkr-4255264070 ip:192.168.30.6
2019-09-25 11:10:19,457 [Datanode State Machine Thread - 0] INFO  datanode.InitDatanodeState (InitDatanodeState.java:persistContainerDatanodeDetails(140)) - DatanodeDetails is persisted to /workdir/hadoop-ozone/integration-test/target/test-dir/MiniOzoneClusterImpl-36bd9e64-229c-43b0-8f36-7d73050474c0/datanode-0/meta/datanode.id
2019-09-25 11:10:19,465 [main] INFO  volume.HddsVolume (HddsVolume.java:<init>(176)) - Creating Volume: /workdir/hadoop-ozone/integration-test/target/test-dir/MiniOzoneClusterImpl-36bd9e64-229c-43b0-8f36-7d73050474c0/datanode-1/data/containers/hdds of  storage type : DISK and capacity : 1482555576320
2019-09-25 11:10:19,465 [main] INFO  volume.VolumeSet (VolumeSet.java:initializeVolumeSet(170)) - Added Volume : /workdir/hadoop-ozone/integration-test/target/test-dir/MiniOzoneClusterImpl-36bd9e64-229c-43b0-8f36-7d73050474c0/datanode-1/data/containers/hdds to VolumeSet
2019-09-25 11:10:19,465 [main] INFO  volume.ThrottledAsyncChecker (ThrottledAsyncChecker.java:schedule(139)) - Scheduling a check for org.apache.hadoop.ozone.container.common.volume.HddsVolume@10d98940
2019-09-25 11:10:19,466 [main] INFO  volume.HddsVolumeChecker (HddsVolumeChecker.java:checkAllVolumes(202)) - Scheduled health check for volume org.apache.hadoop.ozone.container.common.volume.HddsVolume@10d98940
2019-09-25 11:10:19,479 [main] INFO  impl.RaftServerProxy (ConfUtils.java:logGet(43)) - raft.rpc.type = GRPC (default)
2019-09-25 11:10:19,479 [main] INFO  grpc.GrpcFactory (GrpcFactory.java:checkPooledByteBufAllocatorUseCacheForAllThreads(45)) - PERFORMANCE WARNING: useCacheForAllThreads is true that may cause Netty to create a lot garbage objects and, as a result, trigger GC.
	It is recommended to disable useCacheForAllThreads by setting -Dorg.apache.ratis.thirdparty.io.netty.allocator.useCacheForAllThreads=false in command line.
2019-09-25 11:10:19,479 [main] INFO  grpc.GrpcConfigKeys$Server (ConfUtils.java:logGet(43)) - raft.grpc.server.port = 0 (default)
2019-09-25 11:10:19,479 [main] INFO  server.GrpcService (ConfUtils.java:logGet(43)) - raft.grpc.message.size.max = 33570816 (custom)
2019-09-25 11:10:19,479 [main] INFO  server.RaftServerConfigKeys (ConfUtils.java:logGet(43)) - raft.server.log.appender.buffer.byte-limit = 33554432 (custom)
2019-09-25 11:10:19,480 [main] INFO  server.GrpcService (ConfUtils.java:logGet(43)) - raft.grpc.flow.control.window = 1MB (=1048576) (default)
2019-09-25 11:10:19,480 [main] INFO  server.RaftServerConfigKeys (ConfUtils.java:logGet(43)) - raft.server.rpc.request.timeout = 3000ms (default)
2019-09-25 11:10:19,480 [main] INFO  server.RaftServerConfigKeys (ConfUtils.java:logGet(43)) - raft.server.storage.dir = [/workdir/hadoop-ozone/integration-test/target/test-dir/MiniOzoneClusterImpl-36bd9e64-229c-43b0-8f36-7d73050474c0/datanode-1/data/ratis] (custom)
2019-09-25 11:10:19,481 [main] INFO  hdfs.DFSUtil (DFSUtil.java:httpServerTemplateForNNAndJN(1641)) - Starting Web-server for hddsDatanode at: http://0.0.0.0:0
2019-09-25 11:10:19,482 [main] INFO  server.AuthenticationFilter (AuthenticationFilter.java:constructSecretProvider(240)) - Unable to initialize FileSignerSecretProvider, falling back to use random secrets.
2019-09-25 11:10:19,482 [main] WARN  http.HttpRequestLog (HttpRequestLog.java:getRequestLog(97)) - Jetty request log can only be enabled using Log4j
2019-09-25 11:10:19,483 [main] INFO  http.HttpServer2 (HttpServer2.java:addGlobalFilter(975)) - Added global filter 'safety' (class=org.apache.hadoop.http.HttpServer2$QuotingInputFilter)
2019-09-25 11:10:19,483 [main] INFO  http.HttpServer2 (HttpServer2.java:addFilter(948)) - Added filter static_user_filter (class=org.apache.hadoop.http.lib.StaticUserWebFilter$StaticUserFilter) to context hddsDatanode
2019-09-25 11:10:19,484 [main] INFO  http.HttpServer2 (HttpServer2.java:addFilter(958)) - Added filter static_user_filter (class=org.apache.hadoop.http.lib.StaticUserWebFilter$StaticUserFilter) to context logs
2019-09-25 11:10:19,484 [main] INFO  http.HttpServer2 (HttpServer2.java:addFilter(958)) - Added filter static_user_filter (class=org.apache.hadoop.http.lib.StaticUserWebFilter$StaticUserFilter) to context static
2019-09-25 11:10:19,484 [main] INFO  http.HttpServer2 (HttpServer2.java:bindListener(1191)) - Jetty bound to port 33826
2019-09-25 11:10:19,484 [main] INFO  server.Server (Server.java:doStart(351)) - jetty-9.3.25.v20180904, build timestamp: 2018-09-04T21:11:46Z, git hash: 3ce520221d0240229c862b122d2b06c12a625732
2019-09-25 11:10:19,485 [main] INFO  handler.ContextHandler (ContextHandler.java:doStart(781)) - Started o.e.j.s.ServletContextHandler@61dd1c3d{/logs,file:///workdir/hadoop-ozone/integration-test/target/log,AVAILABLE}
2019-09-25 11:10:19,486 [main] INFO  handler.ContextHandler (ContextHandler.java:doStart(781)) - Started o.e.j.s.ServletContextHandler@782e6b40{/static,jar:file:/home/user/.m2/repository/org/apache/hadoop/hadoop-hdds-container-service/0.5.0-SNAPSHOT/hadoop-hdds-container-service-0.5.0-SNAPSHOT.jar!/webapps/static,AVAILABLE}
2019-09-25 11:10:19,509 [main] INFO  handler.ContextHandler (ContextHandler.java:doStart(781)) - Started o.e.j.w.WebAppContext@11bdab37{/,file:///tmp/jetty-0.0.0.0-33826-hddsDatanode-_-any-5940171082461859596.dir/webapp/,AVAILABLE}{/hddsDatanode}
2019-09-25 11:10:19,509 [main] INFO  server.AbstractConnector (AbstractConnector.java:doStart(278)) - Started ServerConnector@280484c7{HTTP/1.1,[http/1.1]}{0.0.0.0:33826}
2019-09-25 11:10:19,509 [main] INFO  server.Server (Server.java:doStart(419)) - Started @623056ms
2019-09-25 11:10:19,513 [main] WARN  impl.MetricsSystemImpl (MetricsSystemImpl.java:register(276)) - Sink prometheus already exists!
2019-09-25 11:10:19,513 [main] INFO  server.BaseHttpServer (BaseHttpServer.java:updateConnectorAddress(215)) - HTTP server of HDDSDATANODE is listening at http://0.0.0.0:33826
2019-09-25 11:10:19,514 [main] INFO  impl.MetricsSystemImpl (MetricsSystemImpl.java:init(158)) - HddsDatanode metrics system started (again)
2019-09-25 11:10:19,527 [org.apache.hadoop.util.JvmPauseMonitor$Monitor@782ef22c] INFO  util.JvmPauseMonitor (JvmPauseMonitor.java:run(188)) - Starting JVM pause monitor
2019-09-25 11:10:19,528 [main] INFO  ozone.HddsDatanodeService (HddsDatanodeService.java:start(184)) - HddsDatanodeService host:pr-hdds-1569-5gmkr-4255264070 ip:192.168.30.6
2019-09-25 11:10:19,530 [Datanode State Machine Thread - 0] INFO  datanode.InitDatanodeState (InitDatanodeState.java:persistContainerDatanodeDetails(140)) - DatanodeDetails is persisted to /workdir/hadoop-ozone/integration-test/target/test-dir/MiniOzoneClusterImpl-36bd9e64-229c-43b0-8f36-7d73050474c0/datanode-1/meta/datanode.id
2019-09-25 11:10:19,536 [main] INFO  volume.HddsVolume (HddsVolume.java:<init>(176)) - Creating Volume: /workdir/hadoop-ozone/integration-test/target/test-dir/MiniOzoneClusterImpl-36bd9e64-229c-43b0-8f36-7d73050474c0/datanode-2/data/containers/hdds of  storage type : DISK and capacity : 1482555576320
2019-09-25 11:10:19,536 [main] INFO  volume.VolumeSet (VolumeSet.java:initializeVolumeSet(170)) - Added Volume : /workdir/hadoop-ozone/integration-test/target/test-dir/MiniOzoneClusterImpl-36bd9e64-229c-43b0-8f36-7d73050474c0/datanode-2/data/containers/hdds to VolumeSet
2019-09-25 11:10:19,536 [main] INFO  volume.ThrottledAsyncChecker (ThrottledAsyncChecker.java:schedule(139)) - Scheduling a check for org.apache.hadoop.ozone.container.common.volume.HddsVolume@305e95a4
2019-09-25 11:10:19,537 [main] INFO  volume.HddsVolumeChecker (HddsVolumeChecker.java:checkAllVolumes(202)) - Scheduled health check for volume org.apache.hadoop.ozone.container.common.volume.HddsVolume@305e95a4
2019-09-25 11:10:19,549 [main] INFO  impl.RaftServerProxy (ConfUtils.java:logGet(43)) - raft.rpc.type = GRPC (default)
2019-09-25 11:10:19,550 [main] INFO  grpc.GrpcFactory (GrpcFactory.java:checkPooledByteBufAllocatorUseCacheForAllThreads(45)) - PERFORMANCE WARNING: useCacheForAllThreads is true that may cause Netty to create a lot garbage objects and, as a result, trigger GC.
	It is recommended to disable useCacheForAllThreads by setting -Dorg.apache.ratis.thirdparty.io.netty.allocator.useCacheForAllThreads=false in command line.
2019-09-25 11:10:19,550 [main] INFO  grpc.GrpcConfigKeys$Server (ConfUtils.java:logGet(43)) - raft.grpc.server.port = 0 (default)
2019-09-25 11:10:19,550 [main] INFO  server.GrpcService (ConfUtils.java:logGet(43)) - raft.grpc.message.size.max = 33570816 (custom)
2019-09-25 11:10:19,550 [main] INFO  server.RaftServerConfigKeys (ConfUtils.java:logGet(43)) - raft.server.log.appender.buffer.byte-limit = 33554432 (custom)
2019-09-25 11:10:19,550 [main] INFO  server.GrpcService (ConfUtils.java:logGet(43)) - raft.grpc.flow.control.window = 1MB (=1048576) (default)
2019-09-25 11:10:19,550 [main] INFO  server.RaftServerConfigKeys (ConfUtils.java:logGet(43)) - raft.server.rpc.request.timeout = 3000ms (default)
2019-09-25 11:10:19,551 [main] INFO  server.RaftServerConfigKeys (ConfUtils.java:logGet(43)) - raft.server.storage.dir = [/workdir/hadoop-ozone/integration-test/target/test-dir/MiniOzoneClusterImpl-36bd9e64-229c-43b0-8f36-7d73050474c0/datanode-2/data/ratis] (custom)
2019-09-25 11:10:19,552 [main] INFO  hdfs.DFSUtil (DFSUtil.java:httpServerTemplateForNNAndJN(1641)) - Starting Web-server for hddsDatanode at: http://0.0.0.0:0
2019-09-25 11:10:19,552 [main] INFO  server.AuthenticationFilter (AuthenticationFilter.java:constructSecretProvider(240)) - Unable to initialize FileSignerSecretProvider, falling back to use random secrets.
2019-09-25 11:10:19,553 [main] WARN  http.HttpRequestLog (HttpRequestLog.java:getRequestLog(97)) - Jetty request log can only be enabled using Log4j
2019-09-25 11:10:19,553 [main] INFO  http.HttpServer2 (HttpServer2.java:addGlobalFilter(975)) - Added global filter 'safety' (class=org.apache.hadoop.http.HttpServer2$QuotingInputFilter)
2019-09-25 11:10:19,554 [main] INFO  http.HttpServer2 (HttpServer2.java:addFilter(948)) - Added filter static_user_filter (class=org.apache.hadoop.http.lib.StaticUserWebFilter$StaticUserFilter) to context hddsDatanode
2019-09-25 11:10:19,554 [main] INFO  http.HttpServer2 (HttpServer2.java:addFilter(958)) - Added filter static_user_filter (class=org.apache.hadoop.http.lib.StaticUserWebFilter$StaticUserFilter) to context logs
2019-09-25 11:10:19,554 [main] INFO  http.HttpServer2 (HttpServer2.java:addFilter(958)) - Added filter static_user_filter (class=org.apache.hadoop.http.lib.StaticUserWebFilter$StaticUserFilter) to context static
2019-09-25 11:10:19,554 [main] INFO  http.HttpServer2 (HttpServer2.java:bindListener(1191)) - Jetty bound to port 34767
2019-09-25 11:10:19,554 [main] INFO  server.Server (Server.java:doStart(351)) - jetty-9.3.25.v20180904, build timestamp: 2018-09-04T21:11:46Z, git hash: 3ce520221d0240229c862b122d2b06c12a625732
2019-09-25 11:10:19,556 [main] INFO  handler.ContextHandler (ContextHandler.java:doStart(781)) - Started o.e.j.s.ServletContextHandler@101c15ad{/logs,file:///workdir/hadoop-ozone/integration-test/target/log,AVAILABLE}
2019-09-25 11:10:19,556 [main] INFO  handler.ContextHandler (ContextHandler.java:doStart(781)) - Started o.e.j.s.ServletContextHandler@5a466dd{/static,jar:file:/home/user/.m2/repository/org/apache/hadoop/hadoop-hdds-container-service/0.5.0-SNAPSHOT/hadoop-hdds-container-service-0.5.0-SNAPSHOT.jar!/webapps/static,AVAILABLE}
2019-09-25 11:10:19,578 [main] INFO  handler.ContextHandler (ContextHandler.java:doStart(781)) - Started o.e.j.w.WebAppContext@2c3f43d1{/,file:///tmp/jetty-0.0.0.0-34767-hddsDatanode-_-any-5366662405682585479.dir/webapp/,AVAILABLE}{/hddsDatanode}
2019-09-25 11:10:19,578 [main] INFO  server.AbstractConnector (AbstractConnector.java:doStart(278)) - Started ServerConnector@632d4cf2{HTTP/1.1,[http/1.1]}{0.0.0.0:34767}
2019-09-25 11:10:19,578 [main] INFO  server.Server (Server.java:doStart(419)) - Started @623125ms
2019-09-25 11:10:19,582 [main] WARN  impl.MetricsSystemImpl (MetricsSystemImpl.java:register(276)) - Sink prometheus already exists!
2019-09-25 11:10:19,582 [main] INFO  server.BaseHttpServer (BaseHttpServer.java:updateConnectorAddress(215)) - HTTP server of HDDSDATANODE is listening at http://0.0.0.0:34767
2019-09-25 11:10:19,583 [main] INFO  impl.MetricsSystemImpl (MetricsSystemImpl.java:init(158)) - HddsDatanode metrics system started (again)
2019-09-25 11:10:19,597 [org.apache.hadoop.util.JvmPauseMonitor$Monitor@14c61e9c] INFO  util.JvmPauseMonitor (JvmPauseMonitor.java:run(188)) - Starting JVM pause monitor
2019-09-25 11:10:19,597 [main] INFO  ozone.HddsDatanodeService (HddsDatanodeService.java:start(184)) - HddsDatanodeService host:pr-hdds-1569-5gmkr-4255264070 ip:192.168.30.6
2019-09-25 11:10:19,598 [Datanode State Machine Thread - 0] INFO  datanode.InitDatanodeState (InitDatanodeState.java:persistContainerDatanodeDetails(140)) - DatanodeDetails is persisted to /workdir/hadoop-ozone/integration-test/target/test-dir/MiniOzoneClusterImpl-36bd9e64-229c-43b0-8f36-7d73050474c0/datanode-2/meta/datanode.id
2019-09-25 11:10:19,606 [main] INFO  volume.HddsVolume (HddsVolume.java:<init>(176)) - Creating Volume: /workdir/hadoop-ozone/integration-test/target/test-dir/MiniOzoneClusterImpl-36bd9e64-229c-43b0-8f36-7d73050474c0/datanode-3/data/containers/hdds of  storage type : DISK and capacity : 1482555576320
2019-09-25 11:10:19,606 [main] INFO  volume.VolumeSet (VolumeSet.java:initializeVolumeSet(170)) - Added Volume : /workdir/hadoop-ozone/integration-test/target/test-dir/MiniOzoneClusterImpl-36bd9e64-229c-43b0-8f36-7d73050474c0/datanode-3/data/containers/hdds to VolumeSet
2019-09-25 11:10:19,606 [main] INFO  volume.ThrottledAsyncChecker (ThrottledAsyncChecker.java:schedule(139)) - Scheduling a check for org.apache.hadoop.ozone.container.common.volume.HddsVolume@70cf7d1e
2019-09-25 11:10:19,607 [main] INFO  volume.HddsVolumeChecker (HddsVolumeChecker.java:checkAllVolumes(202)) - Scheduled health check for volume org.apache.hadoop.ozone.container.common.volume.HddsVolume@70cf7d1e
2019-09-25 11:10:19,618 [main] INFO  impl.RaftServerProxy (ConfUtils.java:logGet(43)) - raft.rpc.type = GRPC (default)
2019-09-25 11:10:19,618 [main] INFO  grpc.GrpcFactory (GrpcFactory.java:checkPooledByteBufAllocatorUseCacheForAllThreads(45)) - PERFORMANCE WARNING: useCacheForAllThreads is true that may cause Netty to create a lot garbage objects and, as a result, trigger GC.
	It is recommended to disable useCacheForAllThreads by setting -Dorg.apache.ratis.thirdparty.io.netty.allocator.useCacheForAllThreads=false in command line.
2019-09-25 11:10:19,618 [main] INFO  grpc.GrpcConfigKeys$Server (ConfUtils.java:logGet(43)) - raft.grpc.server.port = 0 (default)
2019-09-25 11:10:19,618 [main] INFO  server.GrpcService (ConfUtils.java:logGet(43)) - raft.grpc.message.size.max = 33570816 (custom)
2019-09-25 11:10:19,618 [main] INFO  server.RaftServerConfigKeys (ConfUtils.java:logGet(43)) - raft.server.log.appender.buffer.byte-limit = 33554432 (custom)
2019-09-25 11:10:19,619 [main] INFO  server.GrpcService (ConfUtils.java:logGet(43)) - raft.grpc.flow.control.window = 1MB (=1048576) (default)
2019-09-25 11:10:19,619 [main] INFO  server.RaftServerConfigKeys (ConfUtils.java:logGet(43)) - raft.server.rpc.request.timeout = 3000ms (default)
2019-09-25 11:10:19,619 [main] INFO  server.RaftServerConfigKeys (ConfUtils.java:logGet(43)) - raft.server.storage.dir = [/workdir/hadoop-ozone/integration-test/target/test-dir/MiniOzoneClusterImpl-36bd9e64-229c-43b0-8f36-7d73050474c0/datanode-3/data/ratis] (custom)
2019-09-25 11:10:19,620 [main] INFO  hdfs.DFSUtil (DFSUtil.java:httpServerTemplateForNNAndJN(1641)) - Starting Web-server for hddsDatanode at: http://0.0.0.0:0
2019-09-25 11:10:19,621 [main] INFO  server.AuthenticationFilter (AuthenticationFilter.java:constructSecretProvider(240)) - Unable to initialize FileSignerSecretProvider, falling back to use random secrets.
2019-09-25 11:10:19,621 [main] WARN  http.HttpRequestLog (HttpRequestLog.java:getRequestLog(97)) - Jetty request log can only be enabled using Log4j
2019-09-25 11:10:19,622 [main] INFO  http.HttpServer2 (HttpServer2.java:addGlobalFilter(975)) - Added global filter 'safety' (class=org.apache.hadoop.http.HttpServer2$QuotingInputFilter)
2019-09-25 11:10:19,623 [main] INFO  http.HttpServer2 (HttpServer2.java:addFilter(948)) - Added filter static_user_filter (class=org.apache.hadoop.http.lib.StaticUserWebFilter$StaticUserFilter) to context hddsDatanode
2019-09-25 11:10:19,623 [main] INFO  http.HttpServer2 (HttpServer2.java:addFilter(958)) - Added filter static_user_filter (class=org.apache.hadoop.http.lib.StaticUserWebFilter$StaticUserFilter) to context static
2019-09-25 11:10:19,623 [main] INFO  http.HttpServer2 (HttpServer2.java:addFilter(958)) - Added filter static_user_filter (class=org.apache.hadoop.http.lib.StaticUserWebFilter$StaticUserFilter) to context logs
2019-09-25 11:10:19,623 [main] INFO  http.HttpServer2 (HttpServer2.java:bindListener(1191)) - Jetty bound to port 33684
2019-09-25 11:10:19,624 [main] INFO  server.Server (Server.java:doStart(351)) - jetty-9.3.25.v20180904, build timestamp: 2018-09-04T21:11:46Z, git hash: 3ce520221d0240229c862b122d2b06c12a625732
2019-09-25 11:10:19,625 [main] INFO  handler.ContextHandler (ContextHandler.java:doStart(781)) - Started o.e.j.s.ServletContextHandler@6c830ebd{/logs,file:///workdir/hadoop-ozone/integration-test/target/log,AVAILABLE}
2019-09-25 11:10:19,625 [main] INFO  handler.ContextHandler (ContextHandler.java:doStart(781)) - Started o.e.j.s.ServletContextHandler@4a336377{/static,jar:file:/home/user/.m2/repository/org/apache/hadoop/hadoop-hdds-container-service/0.5.0-SNAPSHOT/hadoop-hdds-container-service-0.5.0-SNAPSHOT.jar!/webapps/static,AVAILABLE}
2019-09-25 11:10:19,652 [main] INFO  handler.ContextHandler (ContextHandler.java:doStart(781)) - Started o.e.j.w.WebAppContext@3ff8a3ad{/,file:///tmp/jetty-0.0.0.0-33684-hddsDatanode-_-any-1544322376668674447.dir/webapp/,AVAILABLE}{/hddsDatanode}
2019-09-25 11:10:19,652 [main] INFO  server.AbstractConnector (AbstractConnector.java:doStart(278)) - Started ServerConnector@550fa96f{HTTP/1.1,[http/1.1]}{0.0.0.0:33684}
2019-09-25 11:10:19,656 [main] INFO  server.Server (Server.java:doStart(419)) - Started @623203ms
2019-09-25 11:10:19,656 [main] WARN  impl.MetricsSystemImpl (MetricsSystemImpl.java:register(276)) - Sink prometheus already exists!
2019-09-25 11:10:19,657 [main] INFO  server.BaseHttpServer (BaseHttpServer.java:updateConnectorAddress(215)) - HTTP server of HDDSDATANODE is listening at http://0.0.0.0:33684
2019-09-25 11:10:19,657 [main] INFO  impl.MetricsSystemImpl (MetricsSystemImpl.java:init(158)) - HddsDatanode metrics system started (again)
2019-09-25 11:10:19,674 [org.apache.hadoop.util.JvmPauseMonitor$Monitor@1fae806] INFO  util.JvmPauseMonitor (JvmPauseMonitor.java:run(188)) - Starting JVM pause monitor
2019-09-25 11:10:19,674 [main] INFO  ozone.HddsDatanodeService (HddsDatanodeService.java:start(184)) - HddsDatanodeService host:pr-hdds-1569-5gmkr-4255264070 ip:192.168.30.6
2019-09-25 11:10:19,675 [Datanode State Machine Thread - 0] INFO  datanode.InitDatanodeState (InitDatanodeState.java:persistContainerDatanodeDetails(140)) - DatanodeDetails is persisted to /workdir/hadoop-ozone/integration-test/target/test-dir/MiniOzoneClusterImpl-36bd9e64-229c-43b0-8f36-7d73050474c0/datanode-3/meta/datanode.id
2019-09-25 11:10:19,684 [main] INFO  volume.HddsVolume (HddsVolume.java:<init>(176)) - Creating Volume: /workdir/hadoop-ozone/integration-test/target/test-dir/MiniOzoneClusterImpl-36bd9e64-229c-43b0-8f36-7d73050474c0/datanode-4/data/containers/hdds of  storage type : DISK and capacity : 1482555576320
2019-09-25 11:10:19,684 [main] INFO  volume.VolumeSet (VolumeSet.java:initializeVolumeSet(170)) - Added Volume : /workdir/hadoop-ozone/integration-test/target/test-dir/MiniOzoneClusterImpl-36bd9e64-229c-43b0-8f36-7d73050474c0/datanode-4/data/containers/hdds to VolumeSet
2019-09-25 11:10:19,685 [main] INFO  volume.ThrottledAsyncChecker (ThrottledAsyncChecker.java:schedule(139)) - Scheduling a check for org.apache.hadoop.ozone.container.common.volume.HddsVolume@9e50283
2019-09-25 11:10:19,685 [main] INFO  volume.HddsVolumeChecker (HddsVolumeChecker.java:checkAllVolumes(202)) - Scheduled health check for volume org.apache.hadoop.ozone.container.common.volume.HddsVolume@9e50283
2019-09-25 11:10:19,700 [main] INFO  impl.RaftServerProxy (ConfUtils.java:logGet(43)) - raft.rpc.type = GRPC (default)
2019-09-25 11:10:19,700 [main] INFO  grpc.GrpcFactory (GrpcFactory.java:checkPooledByteBufAllocatorUseCacheForAllThreads(45)) - PERFORMANCE WARNING: useCacheForAllThreads is true that may cause Netty to create a lot garbage objects and, as a result, trigger GC.
	It is recommended to disable useCacheForAllThreads by setting -Dorg.apache.ratis.thirdparty.io.netty.allocator.useCacheForAllThreads=false in command line.
2019-09-25 11:10:19,700 [main] INFO  grpc.GrpcConfigKeys$Server (ConfUtils.java:logGet(43)) - raft.grpc.server.port = 0 (default)
2019-09-25 11:10:19,701 [main] INFO  server.GrpcService (ConfUtils.java:logGet(43)) - raft.grpc.message.size.max = 33570816 (custom)
2019-09-25 11:10:19,701 [main] INFO  server.RaftServerConfigKeys (ConfUtils.java:logGet(43)) - raft.server.log.appender.buffer.byte-limit = 33554432 (custom)
2019-09-25 11:10:19,701 [main] INFO  server.GrpcService (ConfUtils.java:logGet(43)) - raft.grpc.flow.control.window = 1MB (=1048576) (default)
2019-09-25 11:10:19,701 [main] INFO  server.RaftServerConfigKeys (ConfUtils.java:logGet(43)) - raft.server.rpc.request.timeout = 3000ms (default)
2019-09-25 11:10:19,701 [main] INFO  server.RaftServerConfigKeys (ConfUtils.java:logGet(43)) - raft.server.storage.dir = [/workdir/hadoop-ozone/integration-test/target/test-dir/MiniOzoneClusterImpl-36bd9e64-229c-43b0-8f36-7d73050474c0/datanode-4/data/ratis] (custom)
2019-09-25 11:10:19,702 [main] INFO  hdfs.DFSUtil (DFSUtil.java:httpServerTemplateForNNAndJN(1641)) - Starting Web-server for hddsDatanode at: http://0.0.0.0:0
2019-09-25 11:10:19,704 [main] INFO  server.AuthenticationFilter (AuthenticationFilter.java:constructSecretProvider(240)) - Unable to initialize FileSignerSecretProvider, falling back to use random secrets.
2019-09-25 11:10:19,704 [main] WARN  http.HttpRequestLog (HttpRequestLog.java:getRequestLog(97)) - Jetty request log can only be enabled using Log4j
2019-09-25 11:10:19,705 [main] INFO  http.HttpServer2 (HttpServer2.java:addGlobalFilter(975)) - Added global filter 'safety' (class=org.apache.hadoop.http.HttpServer2$QuotingInputFilter)
2019-09-25 11:10:19,705 [main] INFO  http.HttpServer2 (HttpServer2.java:addFilter(948)) - Added filter static_user_filter (class=org.apache.hadoop.http.lib.StaticUserWebFilter$StaticUserFilter) to context hddsDatanode
2019-09-25 11:10:19,705 [main] INFO  http.HttpServer2 (HttpServer2.java:addFilter(958)) - Added filter static_user_filter (class=org.apache.hadoop.http.lib.StaticUserWebFilter$StaticUserFilter) to context logs
2019-09-25 11:10:19,705 [main] INFO  http.HttpServer2 (HttpServer2.java:addFilter(958)) - Added filter static_user_filter (class=org.apache.hadoop.http.lib.StaticUserWebFilter$StaticUserFilter) to context static
2019-09-25 11:10:19,706 [main] INFO  http.HttpServer2 (HttpServer2.java:bindListener(1191)) - Jetty bound to port 46163
2019-09-25 11:10:19,706 [main] INFO  server.Server (Server.java:doStart(351)) - jetty-9.3.25.v20180904, build timestamp: 2018-09-04T21:11:46Z, git hash: 3ce520221d0240229c862b122d2b06c12a625732
2019-09-25 11:10:19,707 [main] INFO  handler.ContextHandler (ContextHandler.java:doStart(781)) - Started o.e.j.s.ServletContextHandler@74bdfa0b{/logs,file:///workdir/hadoop-ozone/integration-test/target/log,AVAILABLE}
2019-09-25 11:10:19,708 [main] INFO  handler.ContextHandler (ContextHandler.java:doStart(781)) - Started o.e.j.s.ServletContextHandler@1c2096c6{/static,jar:file:/home/user/.m2/repository/org/apache/hadoop/hadoop-hdds-container-service/0.5.0-SNAPSHOT/hadoop-hdds-container-service-0.5.0-SNAPSHOT.jar!/webapps/static,AVAILABLE}
2019-09-25 11:10:19,734 [main] INFO  handler.ContextHandler (ContextHandler.java:doStart(781)) - Started o.e.j.w.WebAppContext@3d53e876{/,file:///tmp/jetty-0.0.0.0-46163-hddsDatanode-_-any-4602645157216144050.dir/webapp/,AVAILABLE}{/hddsDatanode}
2019-09-25 11:10:19,734 [main] INFO  server.AbstractConnector (AbstractConnector.java:doStart(278)) - Started ServerConnector@48d44b46{HTTP/1.1,[http/1.1]}{0.0.0.0:46163}
2019-09-25 11:10:19,738 [main] INFO  server.Server (Server.java:doStart(419)) - Started @623285ms
2019-09-25 11:10:19,738 [main] WARN  impl.MetricsSystemImpl (MetricsSystemImpl.java:register(276)) - Sink prometheus already exists!
2019-09-25 11:10:19,739 [main] INFO  server.BaseHttpServer (BaseHttpServer.java:updateConnectorAddress(215)) - HTTP server of HDDSDATANODE is listening at http://0.0.0.0:46163
2019-09-25 11:10:19,739 [main] INFO  impl.MetricsSystemImpl (MetricsSystemImpl.java:init(158)) - HddsDatanode metrics system started (again)
2019-09-25 11:10:19,753 [org.apache.hadoop.util.JvmPauseMonitor$Monitor@2b16757b] INFO  util.JvmPauseMonitor (JvmPauseMonitor.java:run(188)) - Starting JVM pause monitor
2019-09-25 11:10:19,754 [main] INFO  ozone.HddsDatanodeService (HddsDatanodeService.java:start(184)) - HddsDatanodeService host:pr-hdds-1569-5gmkr-4255264070 ip:192.168.30.6
2019-09-25 11:10:19,755 [Datanode State Machine Thread - 0] INFO  datanode.InitDatanodeState (InitDatanodeState.java:persistContainerDatanodeDetails(140)) - DatanodeDetails is persisted to /workdir/hadoop-ozone/integration-test/target/test-dir/MiniOzoneClusterImpl-36bd9e64-229c-43b0-8f36-7d73050474c0/datanode-4/meta/datanode.id
2019-09-25 11:10:19,762 [main] INFO  volume.HddsVolume (HddsVolume.java:<init>(176)) - Creating Volume: /workdir/hadoop-ozone/integration-test/target/test-dir/MiniOzoneClusterImpl-36bd9e64-229c-43b0-8f36-7d73050474c0/datanode-5/data/containers/hdds of  storage type : DISK and capacity : 1482555576320
2019-09-25 11:10:19,763 [main] INFO  volume.VolumeSet (VolumeSet.java:initializeVolumeSet(170)) - Added Volume : /workdir/hadoop-ozone/integration-test/target/test-dir/MiniOzoneClusterImpl-36bd9e64-229c-43b0-8f36-7d73050474c0/datanode-5/data/containers/hdds to VolumeSet
2019-09-25 11:10:19,763 [main] INFO  volume.ThrottledAsyncChecker (ThrottledAsyncChecker.java:schedule(139)) - Scheduling a check for org.apache.hadoop.ozone.container.common.volume.HddsVolume@d76099a
2019-09-25 11:10:19,763 [main] INFO  volume.HddsVolumeChecker (HddsVolumeChecker.java:checkAllVolumes(202)) - Scheduled health check for volume org.apache.hadoop.ozone.container.common.volume.HddsVolume@d76099a
2019-09-25 11:10:19,777 [main] INFO  impl.RaftServerProxy (ConfUtils.java:logGet(43)) - raft.rpc.type = GRPC (default)
2019-09-25 11:10:19,778 [main] INFO  grpc.GrpcFactory (GrpcFactory.java:checkPooledByteBufAllocatorUseCacheForAllThreads(45)) - PERFORMANCE WARNING: useCacheForAllThreads is true that may cause Netty to create a lot garbage objects and, as a result, trigger GC.
	It is recommended to disable useCacheForAllThreads by setting -Dorg.apache.ratis.thirdparty.io.netty.allocator.useCacheForAllThreads=false in command line.
2019-09-25 11:10:19,778 [main] INFO  grpc.GrpcConfigKeys$Server (ConfUtils.java:logGet(43)) - raft.grpc.server.port = 0 (default)
2019-09-25 11:10:19,778 [main] INFO  server.GrpcService (ConfUtils.java:logGet(43)) - raft.grpc.message.size.max = 33570816 (custom)
2019-09-25 11:10:19,778 [main] INFO  server.RaftServerConfigKeys (ConfUtils.java:logGet(43)) - raft.server.log.appender.buffer.byte-limit = 33554432 (custom)
2019-09-25 11:10:19,778 [main] INFO  server.GrpcService (ConfUtils.java:logGet(43)) - raft.grpc.flow.control.window = 1MB (=1048576) (default)
2019-09-25 11:10:19,778 [main] INFO  server.RaftServerConfigKeys (ConfUtils.java:logGet(43)) - raft.server.rpc.request.timeout = 3000ms (default)
2019-09-25 11:10:19,779 [main] INFO  server.RaftServerConfigKeys (ConfUtils.java:logGet(43)) - raft.server.storage.dir = [/workdir/hadoop-ozone/integration-test/target/test-dir/MiniOzoneClusterImpl-36bd9e64-229c-43b0-8f36-7d73050474c0/datanode-5/data/ratis] (custom)
2019-09-25 11:10:19,780 [main] INFO  hdfs.DFSUtil (DFSUtil.java:httpServerTemplateForNNAndJN(1641)) - Starting Web-server for hddsDatanode at: http://0.0.0.0:0
2019-09-25 11:10:19,780 [main] INFO  server.AuthenticationFilter (AuthenticationFilter.java:constructSecretProvider(240)) - Unable to initialize FileSignerSecretProvider, falling back to use random secrets.
2019-09-25 11:10:19,781 [main] WARN  http.HttpRequestLog (HttpRequestLog.java:getRequestLog(97)) - Jetty request log can only be enabled using Log4j
2019-09-25 11:10:19,782 [main] INFO  http.HttpServer2 (HttpServer2.java:addGlobalFilter(975)) - Added global filter 'safety' (class=org.apache.hadoop.http.HttpServer2$QuotingInputFilter)
2019-09-25 11:10:19,782 [main] INFO  http.HttpServer2 (HttpServer2.java:addFilter(948)) - Added filter static_user_filter (class=org.apache.hadoop.http.lib.StaticUserWebFilter$StaticUserFilter) to context hddsDatanode
2019-09-25 11:10:19,782 [main] INFO  http.HttpServer2 (HttpServer2.java:addFilter(958)) - Added filter static_user_filter (class=org.apache.hadoop.http.lib.StaticUserWebFilter$StaticUserFilter) to context logs
2019-09-25 11:10:19,782 [main] INFO  http.HttpServer2 (HttpServer2.java:addFilter(958)) - Added filter static_user_filter (class=org.apache.hadoop.http.lib.StaticUserWebFilter$StaticUserFilter) to context static
2019-09-25 11:10:19,783 [main] INFO  http.HttpServer2 (HttpServer2.java:bindListener(1191)) - Jetty bound to port 43477
2019-09-25 11:10:19,783 [main] INFO  server.Server (Server.java:doStart(351)) - jetty-9.3.25.v20180904, build timestamp: 2018-09-04T21:11:46Z, git hash: 3ce520221d0240229c862b122d2b06c12a625732
2019-09-25 11:10:19,784 [main] INFO  handler.ContextHandler (ContextHandler.java:doStart(781)) - Started o.e.j.s.ServletContextHandler@100eeedc{/logs,file:///workdir/hadoop-ozone/integration-test/target/log,AVAILABLE}
2019-09-25 11:10:19,784 [main] INFO  handler.ContextHandler (ContextHandler.java:doStart(781)) - Started o.e.j.s.ServletContextHandler@18bb1b88{/static,jar:file:/home/user/.m2/repository/org/apache/hadoop/hadoop-hdds-container-service/0.5.0-SNAPSHOT/hadoop-hdds-container-service-0.5.0-SNAPSHOT.jar!/webapps/static,AVAILABLE}
2019-09-25 11:10:19,806 [main] INFO  handler.ContextHandler (ContextHandler.java:doStart(781)) - Started o.e.j.w.WebAppContext@35e75f7a{/,file:///tmp/jetty-0.0.0.0-43477-hddsDatanode-_-any-3372015063658397678.dir/webapp/,AVAILABLE}{/hddsDatanode}
2019-09-25 11:10:19,807 [main] INFO  server.AbstractConnector (AbstractConnector.java:doStart(278)) - Started ServerConnector@4f7bb8df{HTTP/1.1,[http/1.1]}{0.0.0.0:43477}
2019-09-25 11:10:19,807 [main] INFO  server.Server (Server.java:doStart(419)) - Started @623354ms
2019-09-25 11:10:19,810 [main] WARN  impl.MetricsSystemImpl (MetricsSystemImpl.java:register(276)) - Sink prometheus already exists!
2019-09-25 11:10:19,811 [main] INFO  server.BaseHttpServer (BaseHttpServer.java:updateConnectorAddress(215)) - HTTP server of HDDSDATANODE is listening at http://0.0.0.0:43477
2019-09-25 11:10:19,811 [main] INFO  impl.MetricsSystemImpl (MetricsSystemImpl.java:init(158)) - HddsDatanode metrics system started (again)
2019-09-25 11:10:19,827 [org.apache.hadoop.util.JvmPauseMonitor$Monitor@21d1cc03] INFO  util.JvmPauseMonitor (JvmPauseMonitor.java:run(188)) - Starting JVM pause monitor
2019-09-25 11:10:19,827 [main] INFO  ozone.HddsDatanodeService (HddsDatanodeService.java:start(184)) - HddsDatanodeService host:pr-hdds-1569-5gmkr-4255264070 ip:192.168.30.6
2019-09-25 11:10:19,828 [Datanode State Machine Thread - 0] INFO  datanode.InitDatanodeState (InitDatanodeState.java:persistContainerDatanodeDetails(140)) - DatanodeDetails is persisted to /workdir/hadoop-ozone/integration-test/target/test-dir/MiniOzoneClusterImpl-36bd9e64-229c-43b0-8f36-7d73050474c0/datanode-5/meta/datanode.id
2019-09-25 11:10:19,836 [main] INFO  volume.HddsVolume (HddsVolume.java:<init>(176)) - Creating Volume: /workdir/hadoop-ozone/integration-test/target/test-dir/MiniOzoneClusterImpl-36bd9e64-229c-43b0-8f36-7d73050474c0/datanode-6/data/containers/hdds of  storage type : DISK and capacity : 1482555576320
2019-09-25 11:10:19,836 [main] INFO  volume.VolumeSet (VolumeSet.java:initializeVolumeSet(170)) - Added Volume : /workdir/hadoop-ozone/integration-test/target/test-dir/MiniOzoneClusterImpl-36bd9e64-229c-43b0-8f36-7d73050474c0/datanode-6/data/containers/hdds to VolumeSet
2019-09-25 11:10:19,836 [main] INFO  volume.ThrottledAsyncChecker (ThrottledAsyncChecker.java:schedule(139)) - Scheduling a check for org.apache.hadoop.ozone.container.common.volume.HddsVolume@580ffea
2019-09-25 11:10:19,837 [main] INFO  volume.HddsVolumeChecker (HddsVolumeChecker.java:checkAllVolumes(202)) - Scheduled health check for volume org.apache.hadoop.ozone.container.common.volume.HddsVolume@580ffea
2019-09-25 11:10:19,855 [main] INFO  impl.RaftServerProxy (ConfUtils.java:logGet(43)) - raft.rpc.type = GRPC (default)
2019-09-25 11:10:19,856 [main] INFO  grpc.GrpcFactory (GrpcFactory.java:checkPooledByteBufAllocatorUseCacheForAllThreads(45)) - PERFORMANCE WARNING: useCacheForAllThreads is true that may cause Netty to create a lot garbage objects and, as a result, trigger GC.
	It is recommended to disable useCacheForAllThreads by setting -Dorg.apache.ratis.thirdparty.io.netty.allocator.useCacheForAllThreads=false in command line.
2019-09-25 11:10:19,856 [main] INFO  grpc.GrpcConfigKeys$Server (ConfUtils.java:logGet(43)) - raft.grpc.server.port = 0 (default)
2019-09-25 11:10:19,856 [main] INFO  server.GrpcService (ConfUtils.java:logGet(43)) - raft.grpc.message.size.max = 33570816 (custom)
2019-09-25 11:10:19,856 [main] INFO  server.RaftServerConfigKeys (ConfUtils.java:logGet(43)) - raft.server.log.appender.buffer.byte-limit = 33554432 (custom)
2019-09-25 11:10:19,857 [main] INFO  server.GrpcService (ConfUtils.java:logGet(43)) - raft.grpc.flow.control.window = 1MB (=1048576) (default)
2019-09-25 11:10:19,857 [main] INFO  server.RaftServerConfigKeys (ConfUtils.java:logGet(43)) - raft.server.rpc.request.timeout = 3000ms (default)
2019-09-25 11:10:19,857 [main] INFO  server.RaftServerConfigKeys (ConfUtils.java:logGet(43)) - raft.server.storage.dir = [/workdir/hadoop-ozone/integration-test/target/test-dir/MiniOzoneClusterImpl-36bd9e64-229c-43b0-8f36-7d73050474c0/datanode-6/data/ratis] (custom)
2019-09-25 11:10:19,859 [main] INFO  hdfs.DFSUtil (DFSUtil.java:httpServerTemplateForNNAndJN(1641)) - Starting Web-server for hddsDatanode at: http://0.0.0.0:0
2019-09-25 11:10:19,860 [main] INFO  server.AuthenticationFilter (AuthenticationFilter.java:constructSecretProvider(240)) - Unable to initialize FileSignerSecretProvider, falling back to use random secrets.
2019-09-25 11:10:19,860 [main] WARN  http.HttpRequestLog (HttpRequestLog.java:getRequestLog(97)) - Jetty request log can only be enabled using Log4j
2019-09-25 11:10:19,861 [main] INFO  http.HttpServer2 (HttpServer2.java:addGlobalFilter(975)) - Added global filter 'safety' (class=org.apache.hadoop.http.HttpServer2$QuotingInputFilter)
2019-09-25 11:10:19,861 [main] INFO  http.HttpServer2 (HttpServer2.java:addFilter(948)) - Added filter static_user_filter (class=org.apache.hadoop.http.lib.StaticUserWebFilter$StaticUserFilter) to context hddsDatanode
2019-09-25 11:10:19,861 [main] INFO  http.HttpServer2 (HttpServer2.java:addFilter(958)) - Added filter static_user_filter (class=org.apache.hadoop.http.lib.StaticUserWebFilter$StaticUserFilter) to context static
2019-09-25 11:10:19,861 [main] INFO  http.HttpServer2 (HttpServer2.java:addFilter(958)) - Added filter static_user_filter (class=org.apache.hadoop.http.lib.StaticUserWebFilter$StaticUserFilter) to context logs
2019-09-25 11:10:19,862 [main] INFO  http.HttpServer2 (HttpServer2.java:bindListener(1191)) - Jetty bound to port 43172
2019-09-25 11:10:19,862 [main] INFO  server.Server (Server.java:doStart(351)) - jetty-9.3.25.v20180904, build timestamp: 2018-09-04T21:11:46Z, git hash: 3ce520221d0240229c862b122d2b06c12a625732
2019-09-25 11:10:19,863 [main] INFO  handler.ContextHandler (ContextHandler.java:doStart(781)) - Started o.e.j.s.ServletContextHandler@402a69f{/logs,file:///workdir/hadoop-ozone/integration-test/target/log,AVAILABLE}
2019-09-25 11:10:19,864 [main] INFO  handler.ContextHandler (ContextHandler.java:doStart(781)) - Started o.e.j.s.ServletContextHandler@2d47b06{/static,jar:file:/home/user/.m2/repository/org/apache/hadoop/hadoop-hdds-container-service/0.5.0-SNAPSHOT/hadoop-hdds-container-service-0.5.0-SNAPSHOT.jar!/webapps/static,AVAILABLE}
2019-09-25 11:10:19,885 [main] INFO  handler.ContextHandler (ContextHandler.java:doStart(781)) - Started o.e.j.w.WebAppContext@18483b8b{/,file:///tmp/jetty-0.0.0.0-43172-hddsDatanode-_-any-3303735751653861982.dir/webapp/,AVAILABLE}{/hddsDatanode}
2019-09-25 11:10:19,886 [main] INFO  server.AbstractConnector (AbstractConnector.java:doStart(278)) - Started ServerConnector@24fc2c80{HTTP/1.1,[http/1.1]}{0.0.0.0:43172}
2019-09-25 11:10:19,886 [main] INFO  server.Server (Server.java:doStart(419)) - Started @623433ms
2019-09-25 11:10:19,890 [main] WARN  impl.MetricsSystemImpl (MetricsSystemImpl.java:register(276)) - Sink prometheus already exists!
2019-09-25 11:10:19,891 [main] INFO  server.BaseHttpServer (BaseHttpServer.java:updateConnectorAddress(215)) - HTTP server of HDDSDATANODE is listening at http://0.0.0.0:43172
2019-09-25 11:10:19,891 [main] INFO  ozone.MiniOzoneClusterImpl (MiniOzoneClusterImpl.java:lambda$waitForClusterToBeReady$0(147)) - Waiting for cluster to be ready. Got 0 of 7 DN Heartbeats.
2019-09-25 11:10:19,892 [org.apache.hadoop.util.JvmPauseMonitor$Monitor@5d8ef7d] INFO  util.JvmPauseMonitor (JvmPauseMonitor.java:run(188)) - Starting JVM pause monitor
2019-09-25 11:10:19,894 [Datanode State Machine Thread - 0] INFO  datanode.InitDatanodeState (InitDatanodeState.java:persistContainerDatanodeDetails(140)) - DatanodeDetails is persisted to /workdir/hadoop-ozone/integration-test/target/test-dir/MiniOzoneClusterImpl-36bd9e64-229c-43b0-8f36-7d73050474c0/datanode-6/meta/datanode.id
2019-09-25 11:10:20,891 [main] INFO  ozone.MiniOzoneClusterImpl (MiniOzoneClusterImpl.java:lambda$waitForClusterToBeReady$0(147)) - Waiting for cluster to be ready. Got 0 of 7 DN Heartbeats.
2019-09-25 11:10:21,479 [Datanode State Machine Thread - 0] INFO  ozoneimpl.OzoneContainer (OzoneContainer.java:start(217)) - Attempting to start container services.
2019-09-25 11:10:21,479 [Datanode State Machine Thread - 0] INFO  ozoneimpl.OzoneContainer (OzoneContainer.java:startContainerScrub(179)) - Background container scanner has been disabled.
2019-09-25 11:10:21,479 [Datanode State Machine Thread - 0] INFO  ratis.XceiverServerRatis (XceiverServerRatis.java:start(411)) - Starting XceiverServerRatis a17b444c-dc8d-41d3-94fa-b87b918595f3 at port 0
2019-09-25 11:10:21,484 [Datanode State Machine Thread - 0] INFO  impl.RaftServerProxy (RaftServerProxy.java:lambda$start$3(299)) - a17b444c-dc8d-41d3-94fa-b87b918595f3: start RPC server
2019-09-25 11:10:21,485 [Datanode State Machine Thread - 0] INFO  server.GrpcService (GrpcService.java:startImpl(158)) - a17b444c-dc8d-41d3-94fa-b87b918595f3: GrpcService started, listening on 0.0.0.0/0.0.0.0:45831
2019-09-25 11:10:21,486 [Datanode State Machine Thread - 0] INFO  ratis.XceiverServerRatis (XceiverServerRatis.java:start(421)) - XceiverServerRatis a17b444c-dc8d-41d3-94fa-b87b918595f3 is started using port 45831
2019-09-25 11:10:21,486 [Datanode State Machine Thread - 0] INFO  server.XceiverServerGrpc (XceiverServerGrpc.java:start(149)) - XceiverServerGrpc a17b444c-dc8d-41d3-94fa-b87b918595f3 is started using port 37400
2019-09-25 11:10:21,546 [Datanode State Machine Thread - 0] INFO  ozoneimpl.OzoneContainer (OzoneContainer.java:start(217)) - Attempting to start container services.
2019-09-25 11:10:21,546 [Datanode State Machine Thread - 0] INFO  ozoneimpl.OzoneContainer (OzoneContainer.java:startContainerScrub(179)) - Background container scanner has been disabled.
2019-09-25 11:10:21,546 [Datanode State Machine Thread - 0] INFO  ratis.XceiverServerRatis (XceiverServerRatis.java:start(411)) - Starting XceiverServerRatis 9260b2c2-77d0-40af-9a4b-242b57e61325 at port 0
2019-09-25 11:10:21,552 [Datanode State Machine Thread - 0] INFO  impl.RaftServerProxy (RaftServerProxy.java:lambda$start$3(299)) - 9260b2c2-77d0-40af-9a4b-242b57e61325: start RPC server
2019-09-25 11:10:21,567 [Datanode State Machine Thread - 0] INFO  server.GrpcService (GrpcService.java:startImpl(158)) - 9260b2c2-77d0-40af-9a4b-242b57e61325: GrpcService started, listening on 0.0.0.0/0.0.0.0:43860
2019-09-25 11:10:21,568 [Datanode State Machine Thread - 0] INFO  ratis.XceiverServerRatis (XceiverServerRatis.java:start(421)) - XceiverServerRatis 9260b2c2-77d0-40af-9a4b-242b57e61325 is started using port 43860
2019-09-25 11:10:21,568 [Datanode State Machine Thread - 0] INFO  server.XceiverServerGrpc (XceiverServerGrpc.java:start(149)) - XceiverServerGrpc 9260b2c2-77d0-40af-9a4b-242b57e61325 is started using port 37298
2019-09-25 11:10:21,610 [Datanode State Machine Thread - 0] INFO  ozoneimpl.OzoneContainer (OzoneContainer.java:start(217)) - Attempting to start container services.
2019-09-25 11:10:21,610 [Datanode State Machine Thread - 0] INFO  ozoneimpl.OzoneContainer (OzoneContainer.java:startContainerScrub(179)) - Background container scanner has been disabled.
2019-09-25 11:10:21,610 [Datanode State Machine Thread - 0] INFO  ratis.XceiverServerRatis (XceiverServerRatis.java:start(411)) - Starting XceiverServerRatis 09fcc576-174a-4714-a677-8a28b3c19a40 at port 0
2019-09-25 11:10:21,616 [Datanode State Machine Thread - 0] INFO  impl.RaftServerProxy (RaftServerProxy.java:lambda$start$3(299)) - 09fcc576-174a-4714-a677-8a28b3c19a40: start RPC server
2019-09-25 11:10:21,620 [Datanode State Machine Thread - 0] INFO  server.GrpcService (GrpcService.java:startImpl(158)) - 09fcc576-174a-4714-a677-8a28b3c19a40: GrpcService started, listening on 0.0.0.0/0.0.0.0:45814
2019-09-25 11:10:21,620 [Datanode State Machine Thread - 0] INFO  ratis.XceiverServerRatis (XceiverServerRatis.java:start(421)) - XceiverServerRatis 09fcc576-174a-4714-a677-8a28b3c19a40 is started using port 45814
2019-09-25 11:10:21,633 [Datanode State Machine Thread - 0] INFO  server.XceiverServerGrpc (XceiverServerGrpc.java:start(149)) - XceiverServerGrpc 09fcc576-174a-4714-a677-8a28b3c19a40 is started using port 44138
2019-09-25 11:10:21,688 [Datanode State Machine Thread - 0] INFO  ozoneimpl.OzoneContainer (OzoneContainer.java:start(217)) - Attempting to start container services.
2019-09-25 11:10:21,688 [Datanode State Machine Thread - 0] INFO  ozoneimpl.OzoneContainer (OzoneContainer.java:startContainerScrub(179)) - Background container scanner has been disabled.
2019-09-25 11:10:21,689 [Datanode State Machine Thread - 0] INFO  ratis.XceiverServerRatis (XceiverServerRatis.java:start(411)) - Starting XceiverServerRatis 79e2f6f7-785e-4584-a2b0-6f2cf2bd33a1 at port 0
2019-09-25 11:10:21,694 [Datanode State Machine Thread - 0] INFO  impl.RaftServerProxy (RaftServerProxy.java:lambda$start$3(299)) - 79e2f6f7-785e-4584-a2b0-6f2cf2bd33a1: start RPC server
2019-09-25 11:10:21,699 [Datanode State Machine Thread - 0] INFO  server.GrpcService (GrpcService.java:startImpl(158)) - 79e2f6f7-785e-4584-a2b0-6f2cf2bd33a1: GrpcService started, listening on 0.0.0.0/0.0.0.0:45176
2019-09-25 11:10:21,699 [Datanode State Machine Thread - 0] INFO  ratis.XceiverServerRatis (XceiverServerRatis.java:start(421)) - XceiverServerRatis 79e2f6f7-785e-4584-a2b0-6f2cf2bd33a1 is started using port 45176
2019-09-25 11:10:21,699 [Datanode State Machine Thread - 0] INFO  server.XceiverServerGrpc (XceiverServerGrpc.java:start(149)) - XceiverServerGrpc 79e2f6f7-785e-4584-a2b0-6f2cf2bd33a1 is started using port 44624
2019-09-25 11:10:21,767 [Datanode State Machine Thread - 0] INFO  ozoneimpl.OzoneContainer (OzoneContainer.java:start(217)) - Attempting to start container services.
2019-09-25 11:10:21,768 [Datanode State Machine Thread - 0] INFO  ozoneimpl.OzoneContainer (OzoneContainer.java:startContainerScrub(179)) - Background container scanner has been disabled.
2019-09-25 11:10:21,768 [Datanode State Machine Thread - 0] INFO  ratis.XceiverServerRatis (XceiverServerRatis.java:start(411)) - Starting XceiverServerRatis 231d5a30-2990-4b37-835c-52719c996380 at port 0
2019-09-25 11:10:21,774 [Datanode State Machine Thread - 0] INFO  impl.RaftServerProxy (RaftServerProxy.java:lambda$start$3(299)) - 231d5a30-2990-4b37-835c-52719c996380: start RPC server
2019-09-25 11:10:21,780 [Datanode State Machine Thread - 0] INFO  server.GrpcService (GrpcService.java:startImpl(158)) - 231d5a30-2990-4b37-835c-52719c996380: GrpcService started, listening on 0.0.0.0/0.0.0.0:44620
2019-09-25 11:10:21,780 [Datanode State Machine Thread - 0] INFO  ratis.XceiverServerRatis (XceiverServerRatis.java:start(421)) - XceiverServerRatis 231d5a30-2990-4b37-835c-52719c996380 is started using port 44620
2019-09-25 11:10:21,780 [Datanode State Machine Thread - 0] INFO  server.XceiverServerGrpc (XceiverServerGrpc.java:start(149)) - XceiverServerGrpc 231d5a30-2990-4b37-835c-52719c996380 is started using port 42484
2019-09-25 11:10:21,841 [Datanode State Machine Thread - 0] INFO  ozoneimpl.OzoneContainer (OzoneContainer.java:start(217)) - Attempting to start container services.
2019-09-25 11:10:21,842 [Datanode State Machine Thread - 0] INFO  ozoneimpl.OzoneContainer (OzoneContainer.java:startContainerScrub(179)) - Background container scanner has been disabled.
2019-09-25 11:10:21,842 [Datanode State Machine Thread - 0] INFO  ratis.XceiverServerRatis (XceiverServerRatis.java:start(411)) - Starting XceiverServerRatis 0f46229f-d487-4784-9d87-cba709966a77 at port 0
2019-09-25 11:10:21,846 [Datanode State Machine Thread - 0] INFO  impl.RaftServerProxy (RaftServerProxy.java:lambda$start$3(299)) - 0f46229f-d487-4784-9d87-cba709966a77: start RPC server
2019-09-25 11:10:21,850 [Datanode State Machine Thread - 0] INFO  server.GrpcService (GrpcService.java:startImpl(158)) - 0f46229f-d487-4784-9d87-cba709966a77: GrpcService started, listening on 0.0.0.0/0.0.0.0:36619
2019-09-25 11:10:21,850 [Datanode State Machine Thread - 0] INFO  ratis.XceiverServerRatis (XceiverServerRatis.java:start(421)) - XceiverServerRatis 0f46229f-d487-4784-9d87-cba709966a77 is started using port 36619
2019-09-25 11:10:21,850 [Datanode State Machine Thread - 0] INFO  server.XceiverServerGrpc (XceiverServerGrpc.java:start(149)) - XceiverServerGrpc 0f46229f-d487-4784-9d87-cba709966a77 is started using port 42555
2019-09-25 11:10:21,892 [main] INFO  ozone.MiniOzoneClusterImpl (MiniOzoneClusterImpl.java:lambda$waitForClusterToBeReady$0(147)) - Waiting for cluster to be ready. Got 0 of 7 DN Heartbeats.
2019-09-25 11:10:21,906 [Datanode State Machine Thread - 0] INFO  ozoneimpl.OzoneContainer (OzoneContainer.java:start(217)) - Attempting to start container services.
2019-09-25 11:10:21,907 [Datanode State Machine Thread - 0] INFO  ozoneimpl.OzoneContainer (OzoneContainer.java:startContainerScrub(179)) - Background container scanner has been disabled.
2019-09-25 11:10:21,907 [Datanode State Machine Thread - 0] INFO  ratis.XceiverServerRatis (XceiverServerRatis.java:start(411)) - Starting XceiverServerRatis 0089544c-4670-45f6-b8b0-eabe3503e213 at port 0
2019-09-25 11:10:21,912 [Datanode State Machine Thread - 0] INFO  impl.RaftServerProxy (RaftServerProxy.java:lambda$start$3(299)) - 0089544c-4670-45f6-b8b0-eabe3503e213: start RPC server
2019-09-25 11:10:21,919 [Datanode State Machine Thread - 0] INFO  server.GrpcService (GrpcService.java:startImpl(158)) - 0089544c-4670-45f6-b8b0-eabe3503e213: GrpcService started, listening on 0.0.0.0/0.0.0.0:36645
2019-09-25 11:10:21,919 [Datanode State Machine Thread - 0] INFO  ratis.XceiverServerRatis (XceiverServerRatis.java:start(421)) - XceiverServerRatis 0089544c-4670-45f6-b8b0-eabe3503e213 is started using port 36645
2019-09-25 11:10:21,920 [Datanode State Machine Thread - 0] INFO  server.XceiverServerGrpc (XceiverServerGrpc.java:start(149)) - XceiverServerGrpc 0089544c-4670-45f6-b8b0-eabe3503e213 is started using port 36625
2019-09-25 11:10:22,892 [main] INFO  ozone.MiniOzoneClusterImpl (MiniOzoneClusterImpl.java:lambda$waitForClusterToBeReady$0(147)) - Waiting for cluster to be ready. Got 0 of 7 DN Heartbeats.
2019-09-25 11:10:23,462 [IPC Server handler 3 on 33078] INFO  net.NetworkTopology (NetworkTopologyImpl.java:add(111)) - Added a new node: /default-rack/a17b444c-dc8d-41d3-94fa-b87b918595f3
2019-09-25 11:10:23,466 [IPC Server handler 3 on 33078] INFO  node.SCMNodeManager (SCMNodeManager.java:register(266)) - Registered Data node : a17b444c-dc8d-41d3-94fa-b87b918595f3{ip: 192.168.30.6, host: pr-hdds-1569-5gmkr-4255264070, networkLocation: /default-rack, certSerialId: null}
2019-09-25 11:10:23,467 [EventQueue-NodeRegistrationContainerReportForDataNodeSafeModeRule] INFO  safemode.SCMSafeModeManager (DataNodeSafeModeRule.java:process(71)) - SCM in safe mode. 1 DataNodes registered, 1 required.
2019-09-25 11:10:23,471 [EventQueue-NodeRegistrationContainerReportForDataNodeSafeModeRule] INFO  safemode.SCMSafeModeManager (SCMSafeModeManager.java:validateSafeModeExitRules(177)) - ScmSafeModeManager, all rules are successfully validated
2019-09-25 11:10:23,471 [EventQueue-NodeRegistrationContainerReportForDataNodeSafeModeRule] INFO  safemode.SCMSafeModeManager (SCMSafeModeManager.java:exitSafeMode(193)) - SCM exiting safe mode.
2019-09-25 11:10:23,478 [grpc-default-executor-1] INFO  impl.RaftServerProxy (RaftServerProxy.java:addNew(89)) - a17b444c-dc8d-41d3-94fa-b87b918595f3: addNew group-91520087F94F:[a17b444c-dc8d-41d3-94fa-b87b918595f3:192.168.30.6:45831] returns group-91520087F94F:java.util.concurrent.CompletableFuture@ad78e4b[Not completed]
2019-09-25 11:10:23,479 [pool-673-thread-1] INFO  impl.RaftServerImpl (RaftServerImpl.java:<init>(95)) - a17b444c-dc8d-41d3-94fa-b87b918595f3: new RaftServerImpl for group-91520087F94F:[a17b444c-dc8d-41d3-94fa-b87b918595f3:192.168.30.6:45831] with ContainerStateMachine:uninitialized
2019-09-25 11:10:23,479 [pool-673-thread-1] INFO  server.RaftServerConfigKeys (ConfUtils.java:logGet(43)) - raft.server.rpc.timeout.min = 5s (custom)
2019-09-25 11:10:23,479 [pool-673-thread-1] INFO  server.RaftServerConfigKeys (ConfUtils.java:logGet(43)) - raft.server.rpc.timeout.max = 5200ms (custom)
2019-09-25 11:10:23,479 [pool-673-thread-1] INFO  server.RaftServerConfigKeys (ConfUtils.java:logGet(43)) - raft.server.rpcslowness.timeout = 120s (custom)
2019-09-25 11:10:23,479 [pool-673-thread-1] INFO  server.RaftServerConfigKeys (ConfUtils.java:logGet(43)) - raft.server.sleep.deviation.threshold = 300 (default)
2019-09-25 11:10:23,479 [pool-673-thread-1] INFO  server.RaftServerConfigKeys (ConfUtils.java:logGet(43)) - raft.server.log.appender.install.snapshot.enabled = false (custom)
2019-09-25 11:10:23,479 [pool-673-thread-1] INFO  impl.RaftServerImpl (ServerState.java:<init>(103)) - a17b444c-dc8d-41d3-94fa-b87b918595f3@group-91520087F94F: ConfigurationManager, init=-1: [a17b444c-dc8d-41d3-94fa-b87b918595f3:192.168.30.6:45831], old=null, confs=<EMPTY_MAP>
2019-09-25 11:10:23,480 [pool-673-thread-1] INFO  server.RaftServerConfigKeys (ConfUtils.java:logGet(43)) - raft.server.storage.dir = [/workdir/hadoop-ozone/integration-test/target/test-dir/MiniOzoneClusterImpl-36bd9e64-229c-43b0-8f36-7d73050474c0/datanode-0/data/ratis] (custom)
2019-09-25 11:10:23,480 [pool-673-thread-1] INFO  storage.RaftStorageDirectory (RaftStorageDirectory.java:analyzeStorage(246)) - The storage directory /workdir/hadoop-ozone/integration-test/target/test-dir/MiniOzoneClusterImpl-36bd9e64-229c-43b0-8f36-7d73050474c0/datanode-0/data/ratis/33f7d4c6-ff7c-4cc5-9e14-91520087f94f does not exist. Creating ...
2019-09-25 11:10:23,528 [IPC Server handler 5 on 33078] INFO  net.NetworkTopology (NetworkTopologyImpl.java:add(111)) - Added a new node: /default-rack/9260b2c2-77d0-40af-9a4b-242b57e61325
2019-09-25 11:10:23,528 [IPC Server handler 5 on 33078] INFO  node.SCMNodeManager (SCMNodeManager.java:register(266)) - Registered Data node : 9260b2c2-77d0-40af-9a4b-242b57e61325{ip: 192.168.30.6, host: pr-hdds-1569-5gmkr-4255264070, networkLocation: /default-rack, certSerialId: null}
2019-09-25 11:10:23,593 [pool-673-thread-1] INFO  storage.RaftStorageDirectory (RaftStorageDirectory.java:tryLock(328)) - Lock on /workdir/hadoop-ozone/integration-test/target/test-dir/MiniOzoneClusterImpl-36bd9e64-229c-43b0-8f36-7d73050474c0/datanode-0/data/ratis/33f7d4c6-ff7c-4cc5-9e14-91520087f94f/in_use.lock acquired by nodename 21763@pr-hdds-1569-5gmkr-4255264070
2019-09-25 11:10:23,597 [IPC Server handler 4 on 33078] INFO  net.NetworkTopology (NetworkTopologyImpl.java:add(111)) - Added a new node: /default-rack/09fcc576-174a-4714-a677-8a28b3c19a40
2019-09-25 11:10:23,597 [IPC Server handler 4 on 33078] INFO  node.SCMNodeManager (SCMNodeManager.java:register(266)) - Registered Data node : 09fcc576-174a-4714-a677-8a28b3c19a40{ip: 192.168.30.6, host: pr-hdds-1569-5gmkr-4255264070, networkLocation: /default-rack, certSerialId: null}
2019-09-25 11:10:23,615 [pool-673-thread-1] INFO  storage.RaftStorage (RaftStorage.java:format(72)) - Storage directory /workdir/hadoop-ozone/integration-test/target/test-dir/MiniOzoneClusterImpl-36bd9e64-229c-43b0-8f36-7d73050474c0/datanode-0/data/ratis/33f7d4c6-ff7c-4cc5-9e14-91520087f94f has been successfully formatted.
2019-09-25 11:10:23,616 [pool-673-thread-1] INFO  ratis.ContainerStateMachine (ContainerStateMachine.java:loadSnapshot(230)) - group-91520087F94F: The snapshot info is null. Setting the last applied indexto:(t:0, i:~)
2019-09-25 11:10:23,616 [pool-673-thread-1] INFO  server.RaftServerConfigKeys (ConfUtils.java:logGet(43)) - raft.server.notification.no-leader.timeout = 120s (custom)
2019-09-25 11:10:23,616 [pool-673-thread-1] INFO  server.RaftServerConfigKeys (ConfUtils.java:logGet(43)) - raft.server.log.use.memory = false (default)
2019-09-25 11:10:23,616 [pool-673-thread-1] INFO  server.RaftServerConfigKeys (ConfUtils.java:logGet(43)) - raft.server.log.purge.gap = 1000000 (custom)
2019-09-25 11:10:23,616 [pool-673-thread-1] INFO  server.RaftServerConfigKeys (ConfUtils.java:logGet(43)) - raft.server.log.appender.buffer.byte-limit = 33554432 (custom)
2019-09-25 11:10:23,616 [pool-673-thread-1] INFO  server.RaftServerConfigKeys (ConfUtils.java:logGet(43)) - raft.server.log.segment.size.max = 1048576 (custom)
2019-09-25 11:10:23,616 [pool-673-thread-1] INFO  server.RaftServerConfigKeys (ConfUtils.java:logGet(43)) - raft.server.log.segment.cache.num.max = 2 (custom)
2019-09-25 11:10:23,617 [pool-673-thread-1] INFO  segmented.SegmentedRaftLogWorker (SegmentedRaftLogWorker.java:<init>(172)) - new a17b444c-dc8d-41d3-94fa-b87b918595f3@group-91520087F94F-SegmentedRaftLogWorker for RaftStorage:Storage Directory /workdir/hadoop-ozone/integration-test/target/test-dir/MiniOzoneClusterImpl-36bd9e64-229c-43b0-8f36-7d73050474c0/datanode-0/data/ratis/33f7d4c6-ff7c-4cc5-9e14-91520087f94f
2019-09-25 11:10:23,618 [pool-673-thread-1] INFO  server.RaftServerConfigKeys (ConfUtils.java:logGet(43)) - raft.server.log.queue.byte-limit = 2147483647 (custom)
2019-09-25 11:10:23,618 [pool-673-thread-1] INFO  server.RaftServerConfigKeys (ConfUtils.java:logGet(43)) - raft.server.log.queue.element-limit = 1024 (custom)
2019-09-25 11:10:23,618 [pool-673-thread-1] INFO  server.RaftServerConfigKeys (ConfUtils.java:logGet(43)) - raft.server.log.segment.size.max = 1048576 (custom)
2019-09-25 11:10:23,619 [pool-673-thread-1] INFO  server.RaftServerConfigKeys (ConfUtils.java:logGet(43)) - raft.server.log.preallocated.size = 16384 (custom)
2019-09-25 11:10:23,619 [pool-673-thread-1] INFO  server.RaftServerConfigKeys (ConfUtils.java:logGet(43)) - raft.server.log.write.buffer.size = 33554432 (custom)
2019-09-25 11:10:23,619 [pool-673-thread-1] INFO  server.RaftServerConfigKeys (ConfUtils.java:logGet(43)) - raft.server.log.force.sync.num = 128 (default)
2019-09-25 11:10:23,619 [pool-673-thread-1] INFO  server.RaftServerConfigKeys (ConfUtils.java:logGet(43)) - raft.server.log.statemachine.data.sync = true (default)
2019-09-25 11:10:23,619 [pool-673-thread-1] INFO  server.RaftServerConfigKeys (ConfUtils.java:logGet(43)) - raft.server.log.statemachine.data.sync.timeout = 10s (default)
2019-09-25 11:10:23,619 [pool-673-thread-1] INFO  server.RaftServerConfigKeys (ConfUtils.java:logGet(43)) - raft.server.log.statemachine.data.sync.timeout.retry = -1 (default)
2019-09-25 11:10:23,619 [pool-673-thread-1] INFO  server.RaftServerConfigKeys (ConfUtils.java:logGet(43)) - raft.server.log.statemachine.data.caching.enabled = true (custom)
2019-09-25 11:10:23,620 [pool-673-thread-1] INFO  segmented.SegmentedRaftLogWorker (SegmentedRaftLogWorker.java:lambda$new$0(132)) - a17b444c-dc8d-41d3-94fa-b87b918595f3@group-91520087F94F-SegmentedRaftLogWorker: flushIndex: setUnconditionally 0 -> -1
2019-09-25 11:10:23,620 [pool-673-thread-1] INFO  server.RaftServerConfigKeys (ConfUtils.java:logGet(43)) - raft.server.snapshot.auto.trigger.enabled = true (custom)
2019-09-25 11:10:23,620 [pool-673-thread-1] INFO  server.RaftServerConfigKeys (ConfUtils.java:logGet(43)) - raft.server.snapshot.auto.trigger.threshold = 10000 (custom)
2019-09-25 11:10:23,620 [pool-673-thread-1] INFO  server.RaftServerConfigKeys (ConfUtils.java:logGet(43)) - raft.server.snapshot.retention.num.files = 5 (custom)
2019-09-25 11:10:23,621 [pool-673-thread-1] INFO  server.RaftServerConfigKeys (ConfUtils.java:logGet(43)) - raft.server.retrycache.expirytime = 600000ms (custom)
2019-09-25 11:10:23,622 [pool-673-thread-1] INFO  impl.RaftServerImpl (RaftServerImpl.java:start(185)) - a17b444c-dc8d-41d3-94fa-b87b918595f3@group-91520087F94F: start as a follower, conf=-1: [a17b444c-dc8d-41d3-94fa-b87b918595f3:192.168.30.6:45831], old=null
2019-09-25 11:10:23,622 [pool-673-thread-1] INFO  impl.RaftServerImpl (RaftServerImpl.java:setRole(174)) - a17b444c-dc8d-41d3-94fa-b87b918595f3@group-91520087F94F: changes role from      null to FOLLOWER at term 0 for startAsFollower
2019-09-25 11:10:23,622 [pool-673-thread-1] INFO  impl.RoleInfo (RoleInfo.java:updateAndGet(143)) - a17b444c-dc8d-41d3-94fa-b87b918595f3: start FollowerState
2019-09-25 11:10:23,623 [pool-673-thread-1] INFO  util.JmxRegister (JmxRegister.java:tryRegister(44)) - Successfully registered JMX Bean with object name Ratis:service=RaftServer,group=group-91520087F94F,id=a17b444c-dc8d-41d3-94fa-b87b918595f3
2019-09-25 11:10:23,625 [RatisPipelineUtilsThread] INFO  pipeline.PipelineStateManager (PipelineStateManager.java:addPipeline(56)) - Created pipeline Pipeline[ Id: 33f7d4c6-ff7c-4cc5-9e14-91520087f94f, Nodes: a17b444c-dc8d-41d3-94fa-b87b918595f3{ip: 192.168.30.6, host: pr-hdds-1569-5gmkr-4255264070, networkLocation: /default-rack, certSerialId: null}, Type:RATIS, Factor:ONE, State:OPEN]
2019-09-25 11:10:23,628 [grpc-default-executor-1] INFO  impl.RaftServerProxy (RaftServerProxy.java:addNew(89)) - a17b444c-dc8d-41d3-94fa-b87b918595f3: addNew group-2C8C28131A83:[a17b444c-dc8d-41d3-94fa-b87b918595f3:192.168.30.6:45831] returns group-2C8C28131A83:java.util.concurrent.CompletableFuture@70961eb9[Not completed]
2019-09-25 11:10:23,629 [pool-673-thread-1] INFO  impl.RaftServerImpl (RaftServerImpl.java:<init>(95)) - a17b444c-dc8d-41d3-94fa-b87b918595f3: new RaftServerImpl for group-2C8C28131A83:[a17b444c-dc8d-41d3-94fa-b87b918595f3:192.168.30.6:45831] with ContainerStateMachine:uninitialized
2019-09-25 11:10:23,629 [pool-673-thread-1] INFO  server.RaftServerConfigKeys (ConfUtils.java:logGet(43)) - raft.server.rpc.timeout.min = 5s (custom)
2019-09-25 11:10:23,629 [pool-673-thread-1] INFO  server.RaftServerConfigKeys (ConfUtils.java:logGet(43)) - raft.server.rpc.timeout.max = 5200ms (custom)
2019-09-25 11:10:23,629 [pool-673-thread-1] INFO  server.RaftServerConfigKeys (ConfUtils.java:logGet(43)) - raft.server.rpcslowness.timeout = 120s (custom)
2019-09-25 11:10:23,630 [pool-673-thread-1] INFO  server.RaftServerConfigKeys (ConfUtils.java:logGet(43)) - raft.server.sleep.deviation.threshold = 300 (default)
2019-09-25 11:10:23,630 [pool-673-thread-1] INFO  server.RaftServerConfigKeys (ConfUtils.java:logGet(43)) - raft.server.log.appender.install.snapshot.enabled = false (custom)
2019-09-25 11:10:23,630 [pool-673-thread-1] INFO  impl.RaftServerImpl (ServerState.java:<init>(103)) - a17b444c-dc8d-41d3-94fa-b87b918595f3@group-2C8C28131A83: ConfigurationManager, init=-1: [a17b444c-dc8d-41d3-94fa-b87b918595f3:192.168.30.6:45831], old=null, confs=<EMPTY_MAP>
2019-09-25 11:10:23,630 [pool-673-thread-1] INFO  server.RaftServerConfigKeys (ConfUtils.java:logGet(43)) - raft.server.storage.dir = [/workdir/hadoop-ozone/integration-test/target/test-dir/MiniOzoneClusterImpl-36bd9e64-229c-43b0-8f36-7d73050474c0/datanode-0/data/ratis] (custom)
2019-09-25 11:10:23,630 [pool-673-thread-1] INFO  storage.RaftStorageDirectory (RaftStorageDirectory.java:analyzeStorage(246)) - The storage directory /workdir/hadoop-ozone/integration-test/target/test-dir/MiniOzoneClusterImpl-36bd9e64-229c-43b0-8f36-7d73050474c0/datanode-0/data/ratis/2fa3250f-e9b2-4b51-95e4-2c8c28131a83 does not exist. Creating ...
2019-09-25 11:10:23,643 [pool-673-thread-1] INFO  storage.RaftStorageDirectory (RaftStorageDirectory.java:tryLock(328)) - Lock on /workdir/hadoop-ozone/integration-test/target/test-dir/MiniOzoneClusterImpl-36bd9e64-229c-43b0-8f36-7d73050474c0/datanode-0/data/ratis/2fa3250f-e9b2-4b51-95e4-2c8c28131a83/in_use.lock acquired by nodename 21763@pr-hdds-1569-5gmkr-4255264070
2019-09-25 11:10:23,656 [pool-673-thread-1] INFO  storage.RaftStorage (RaftStorage.java:format(72)) - Storage directory /workdir/hadoop-ozone/integration-test/target/test-dir/MiniOzoneClusterImpl-36bd9e64-229c-43b0-8f36-7d73050474c0/datanode-0/data/ratis/2fa3250f-e9b2-4b51-95e4-2c8c28131a83 has been successfully formatted.
2019-09-25 11:10:23,656 [pool-673-thread-1] INFO  ratis.ContainerStateMachine (ContainerStateMachine.java:loadSnapshot(230)) - group-2C8C28131A83: The snapshot info is null. Setting the last applied indexto:(t:0, i:~)
2019-09-25 11:10:23,657 [pool-673-thread-1] INFO  server.RaftServerConfigKeys (ConfUtils.java:logGet(43)) - raft.server.notification.no-leader.timeout = 120s (custom)
2019-09-25 11:10:23,657 [pool-673-thread-1] INFO  server.RaftServerConfigKeys (ConfUtils.java:logGet(43)) - raft.server.log.use.memory = false (default)
2019-09-25 11:10:23,657 [pool-673-thread-1] INFO  server.RaftServerConfigKeys (ConfUtils.java:logGet(43)) - raft.server.log.purge.gap = 1000000 (custom)
2019-09-25 11:10:23,657 [pool-673-thread-1] INFO  server.RaftServerConfigKeys (ConfUtils.java:logGet(43)) - raft.server.log.appender.buffer.byte-limit = 33554432 (custom)
2019-09-25 11:10:23,657 [pool-673-thread-1] INFO  server.RaftServerConfigKeys (ConfUtils.java:logGet(43)) - raft.server.log.segment.size.max = 1048576 (custom)
2019-09-25 11:10:23,658 [pool-673-thread-1] INFO  server.RaftServerConfigKeys (ConfUtils.java:logGet(43)) - raft.server.log.segment.cache.num.max = 2 (custom)
2019-09-25 11:10:23,658 [pool-673-thread-1] INFO  segmented.SegmentedRaftLogWorker (SegmentedRaftLogWorker.java:<init>(172)) - new a17b444c-dc8d-41d3-94fa-b87b918595f3@group-2C8C28131A83-SegmentedRaftLogWorker for RaftStorage:Storage Directory /workdir/hadoop-ozone/integration-test/target/test-dir/MiniOzoneClusterImpl-36bd9e64-229c-43b0-8f36-7d73050474c0/datanode-0/data/ratis/2fa3250f-e9b2-4b51-95e4-2c8c28131a83
2019-09-25 11:10:23,658 [pool-673-thread-1] INFO  server.RaftServerConfigKeys (ConfUtils.java:logGet(43)) - raft.server.log.queue.byte-limit = 2147483647 (custom)
2019-09-25 11:10:23,658 [pool-673-thread-1] INFO  server.RaftServerConfigKeys (ConfUtils.java:logGet(43)) - raft.server.log.queue.element-limit = 1024 (custom)
2019-09-25 11:10:23,658 [pool-673-thread-1] INFO  server.RaftServerConfigKeys (ConfUtils.java:logGet(43)) - raft.server.log.segment.size.max = 1048576 (custom)
2019-09-25 11:10:23,659 [pool-673-thread-1] INFO  server.RaftServerConfigKeys (ConfUtils.java:logGet(43)) - raft.server.log.preallocated.size = 16384 (custom)
2019-09-25 11:10:23,659 [pool-673-thread-1] INFO  server.RaftServerConfigKeys (ConfUtils.java:logGet(43)) - raft.server.log.write.buffer.size = 33554432 (custom)
2019-09-25 11:10:23,659 [pool-673-thread-1] INFO  server.RaftServerConfigKeys (ConfUtils.java:logGet(43)) - raft.server.log.force.sync.num = 128 (default)
2019-09-25 11:10:23,659 [pool-673-thread-1] INFO  server.RaftServerConfigKeys (ConfUtils.java:logGet(43)) - raft.server.log.statemachine.data.sync = true (default)
2019-09-25 11:10:23,659 [pool-673-thread-1] INFO  server.RaftServerConfigKeys (ConfUtils.java:logGet(43)) - raft.server.log.statemachine.data.sync.timeout = 10s (default)
2019-09-25 11:10:23,660 [pool-673-thread-1] INFO  server.RaftServerConfigKeys (ConfUtils.java:logGet(43)) - raft.server.log.statemachine.data.sync.timeout.retry = -1 (default)
2019-09-25 11:10:23,660 [pool-673-thread-1] INFO  server.RaftServerConfigKeys (ConfUtils.java:logGet(43)) - raft.server.log.statemachine.data.caching.enabled = true (custom)
2019-09-25 11:10:23,660 [pool-673-thread-1] INFO  segmented.SegmentedRaftLogWorker (SegmentedRaftLogWorker.java:lambda$new$0(132)) - a17b444c-dc8d-41d3-94fa-b87b918595f3@group-2C8C28131A83-SegmentedRaftLogWorker: flushIndex: setUnconditionally 0 -> -1
2019-09-25 11:10:23,661 [pool-673-thread-1] INFO  server.RaftServerConfigKeys (ConfUtils.java:logGet(43)) - raft.server.snapshot.auto.trigger.enabled = true (custom)
2019-09-25 11:10:23,661 [pool-673-thread-1] INFO  server.RaftServerConfigKeys (ConfUtils.java:logGet(43)) - raft.server.snapshot.auto.trigger.threshold = 10000 (custom)
2019-09-25 11:10:23,661 [pool-673-thread-1] INFO  server.RaftServerConfigKeys (ConfUtils.java:logGet(43)) - raft.server.snapshot.retention.num.files = 5 (custom)
2019-09-25 11:10:23,661 [pool-673-thread-1] INFO  server.RaftServerConfigKeys (ConfUtils.java:logGet(43)) - raft.server.retrycache.expirytime = 600000ms (custom)
2019-09-25 11:10:23,663 [pool-673-thread-1] INFO  impl.RaftServerImpl (RaftServerImpl.java:start(185)) - a17b444c-dc8d-41d3-94fa-b87b918595f3@group-2C8C28131A83: start as a follower, conf=-1: [a17b444c-dc8d-41d3-94fa-b87b918595f3:192.168.30.6:45831], old=null
2019-09-25 11:10:23,663 [pool-673-thread-1] INFO  impl.RaftServerImpl (RaftServerImpl.java:setRole(174)) - a17b444c-dc8d-41d3-94fa-b87b918595f3@group-2C8C28131A83: changes role from      null to FOLLOWER at term 0 for startAsFollower
2019-09-25 11:10:23,664 [pool-673-thread-1] INFO  impl.RoleInfo (RoleInfo.java:updateAndGet(143)) - a17b444c-dc8d-41d3-94fa-b87b918595f3: start FollowerState
2019-09-25 11:10:23,664 [pool-673-thread-1] INFO  util.JmxRegister (JmxRegister.java:tryRegister(44)) - Successfully registered JMX Bean with object name Ratis:service=RaftServer,group=group-2C8C28131A83,id=a17b444c-dc8d-41d3-94fa-b87b918595f3
2019-09-25 11:10:23,666 [RatisPipelineUtilsThread] INFO  pipeline.PipelineStateManager (PipelineStateManager.java:addPipeline(56)) - Created pipeline Pipeline[ Id: 2fa3250f-e9b2-4b51-95e4-2c8c28131a83, Nodes: a17b444c-dc8d-41d3-94fa-b87b918595f3{ip: 192.168.30.6, host: pr-hdds-1569-5gmkr-4255264070, networkLocation: /default-rack, certSerialId: null}, Type:RATIS, Factor:ONE, State:OPEN]
2019-09-25 11:10:23,669 [grpc-default-executor-1] INFO  impl.RaftServerProxy (RaftServerProxy.java:addNew(89)) - a17b444c-dc8d-41d3-94fa-b87b918595f3: addNew group-A02010238C3F:[a17b444c-dc8d-41d3-94fa-b87b918595f3:192.168.30.6:45831] returns group-A02010238C3F:java.util.concurrent.CompletableFuture@58a5afba[Not completed]
2019-09-25 11:10:23,670 [pool-673-thread-1] INFO  impl.RaftServerImpl (RaftServerImpl.java:<init>(95)) - a17b444c-dc8d-41d3-94fa-b87b918595f3: new RaftServerImpl for group-A02010238C3F:[a17b444c-dc8d-41d3-94fa-b87b918595f3:192.168.30.6:45831] with ContainerStateMachine:uninitialized
2019-09-25 11:10:23,670 [pool-673-thread-1] INFO  server.RaftServerConfigKeys (ConfUtils.java:logGet(43)) - raft.server.rpc.timeout.min = 5s (custom)
2019-09-25 11:10:23,670 [pool-673-thread-1] INFO  server.RaftServerConfigKeys (ConfUtils.java:logGet(43)) - raft.server.rpc.timeout.max = 5200ms (custom)
2019-09-25 11:10:23,670 [pool-673-thread-1] INFO  server.RaftServerConfigKeys (ConfUtils.java:logGet(43)) - raft.server.rpcslowness.timeout = 120s (custom)
2019-09-25 11:10:23,670 [pool-673-thread-1] INFO  server.RaftServerConfigKeys (ConfUtils.java:logGet(43)) - raft.server.sleep.deviation.threshold = 300 (default)
2019-09-25 11:10:23,671 [pool-673-thread-1] INFO  server.RaftServerConfigKeys (ConfUtils.java:logGet(43)) - raft.server.log.appender.install.snapshot.enabled = false (custom)
2019-09-25 11:10:23,671 [pool-673-thread-1] INFO  impl.RaftServerImpl (ServerState.java:<init>(103)) - a17b444c-dc8d-41d3-94fa-b87b918595f3@group-A02010238C3F: ConfigurationManager, init=-1: [a17b444c-dc8d-41d3-94fa-b87b918595f3:192.168.30.6:45831], old=null, confs=<EMPTY_MAP>
2019-09-25 11:10:23,671 [pool-673-thread-1] INFO  server.RaftServerConfigKeys (ConfUtils.java:logGet(43)) - raft.server.storage.dir = [/workdir/hadoop-ozone/integration-test/target/test-dir/MiniOzoneClusterImpl-36bd9e64-229c-43b0-8f36-7d73050474c0/datanode-0/data/ratis] (custom)
2019-09-25 11:10:23,671 [pool-673-thread-1] INFO  storage.RaftStorageDirectory (RaftStorageDirectory.java:analyzeStorage(246)) - The storage directory /workdir/hadoop-ozone/integration-test/target/test-dir/MiniOzoneClusterImpl-36bd9e64-229c-43b0-8f36-7d73050474c0/datanode-0/data/ratis/b96a2e07-ce99-4887-919e-a02010238c3f does not exist. Creating ...
2019-09-25 11:10:23,675 [IPC Server handler 6 on 33078] INFO  net.NetworkTopology (NetworkTopologyImpl.java:add(111)) - Added a new node: /default-rack/79e2f6f7-785e-4584-a2b0-6f2cf2bd33a1
2019-09-25 11:10:23,675 [IPC Server handler 6 on 33078] INFO  node.SCMNodeManager (SCMNodeManager.java:register(266)) - Registered Data node : 79e2f6f7-785e-4584-a2b0-6f2cf2bd33a1{ip: 192.168.30.6, host: pr-hdds-1569-5gmkr-4255264070, networkLocation: /default-rack, certSerialId: null}
2019-09-25 11:10:23,684 [pool-673-thread-1] INFO  storage.RaftStorageDirectory (RaftStorageDirectory.java:tryLock(328)) - Lock on /workdir/hadoop-ozone/integration-test/target/test-dir/MiniOzoneClusterImpl-36bd9e64-229c-43b0-8f36-7d73050474c0/datanode-0/data/ratis/b96a2e07-ce99-4887-919e-a02010238c3f/in_use.lock acquired by nodename 21763@pr-hdds-1569-5gmkr-4255264070
2019-09-25 11:10:23,698 [pool-673-thread-1] INFO  storage.RaftStorage (RaftStorage.java:format(72)) - Storage directory /workdir/hadoop-ozone/integration-test/target/test-dir/MiniOzoneClusterImpl-36bd9e64-229c-43b0-8f36-7d73050474c0/datanode-0/data/ratis/b96a2e07-ce99-4887-919e-a02010238c3f has been successfully formatted.
2019-09-25 11:10:23,698 [pool-673-thread-1] INFO  ratis.ContainerStateMachine (ContainerStateMachine.java:loadSnapshot(230)) - group-A02010238C3F: The snapshot info is null. Setting the last applied indexto:(t:0, i:~)
2019-09-25 11:10:23,698 [pool-673-thread-1] INFO  server.RaftServerConfigKeys (ConfUtils.java:logGet(43)) - raft.server.notification.no-leader.timeout = 120s (custom)
2019-09-25 11:10:23,699 [pool-673-thread-1] INFO  server.RaftServerConfigKeys (ConfUtils.java:logGet(43)) - raft.server.log.use.memory = false (default)
2019-09-25 11:10:23,699 [pool-673-thread-1] INFO  server.RaftServerConfigKeys (ConfUtils.java:logGet(43)) - raft.server.log.purge.gap = 1000000 (custom)
2019-09-25 11:10:23,699 [pool-673-thread-1] INFO  server.RaftServerConfigKeys (ConfUtils.java:logGet(43)) - raft.server.log.appender.buffer.byte-limit = 33554432 (custom)
2019-09-25 11:10:23,699 [pool-673-thread-1] INFO  server.RaftServerConfigKeys (ConfUtils.java:logGet(43)) - raft.server.log.segment.size.max = 1048576 (custom)
2019-09-25 11:10:23,699 [pool-673-thread-1] INFO  server.RaftServerConfigKeys (ConfUtils.java:logGet(43)) - raft.server.log.segment.cache.num.max = 2 (custom)
2019-09-25 11:10:23,700 [pool-673-thread-1] INFO  segmented.SegmentedRaftLogWorker (SegmentedRaftLogWorker.java:<init>(172)) - new a17b444c-dc8d-41d3-94fa-b87b918595f3@group-A02010238C3F-SegmentedRaftLogWorker for RaftStorage:Storage Directory /workdir/hadoop-ozone/integration-test/target/test-dir/MiniOzoneClusterImpl-36bd9e64-229c-43b0-8f36-7d73050474c0/datanode-0/data/ratis/b96a2e07-ce99-4887-919e-a02010238c3f
2019-09-25 11:10:23,700 [pool-673-thread-1] INFO  server.RaftServerConfigKeys (ConfUtils.java:logGet(43)) - raft.server.log.queue.byte-limit = 2147483647 (custom)
2019-09-25 11:10:23,700 [pool-673-thread-1] INFO  server.RaftServerConfigKeys (ConfUtils.java:logGet(43)) - raft.server.log.queue.element-limit = 1024 (custom)
2019-09-25 11:10:23,700 [pool-673-thread-1] INFO  server.RaftServerConfigKeys (ConfUtils.java:logGet(43)) - raft.server.log.segment.size.max = 1048576 (custom)
2019-09-25 11:10:23,700 [pool-673-thread-1] INFO  server.RaftServerConfigKeys (ConfUtils.java:logGet(43)) - raft.server.log.preallocated.size = 16384 (custom)
2019-09-25 11:10:23,700 [pool-673-thread-1] INFO  server.RaftServerConfigKeys (ConfUtils.java:logGet(43)) - raft.server.log.write.buffer.size = 33554432 (custom)
2019-09-25 11:10:23,701 [pool-673-thread-1] INFO  server.RaftServerConfigKeys (ConfUtils.java:logGet(43)) - raft.server.log.force.sync.num = 128 (default)
2019-09-25 11:10:23,701 [pool-673-thread-1] INFO  server.RaftServerConfigKeys (ConfUtils.java:logGet(43)) - raft.server.log.statemachine.data.sync = true (default)
2019-09-25 11:10:23,701 [pool-673-thread-1] INFO  server.RaftServerConfigKeys (ConfUtils.java:logGet(43)) - raft.server.log.statemachine.data.sync.timeout = 10s (default)
2019-09-25 11:10:23,701 [pool-673-thread-1] INFO  server.RaftServerConfigKeys (ConfUtils.java:logGet(43)) - raft.server.log.statemachine.data.sync.timeout.retry = -1 (default)
2019-09-25 11:10:23,701 [pool-673-thread-1] INFO  server.RaftServerConfigKeys (ConfUtils.java:logGet(43)) - raft.server.log.statemachine.data.caching.enabled = true (custom)
2019-09-25 11:10:23,702 [pool-673-thread-1] INFO  segmented.SegmentedRaftLogWorker (SegmentedRaftLogWorker.java:lambda$new$0(132)) - a17b444c-dc8d-41d3-94fa-b87b918595f3@group-A02010238C3F-SegmentedRaftLogWorker: flushIndex: setUnconditionally 0 -> -1
2019-09-25 11:10:23,702 [pool-673-thread-1] INFO  server.RaftServerConfigKeys (ConfUtils.java:logGet(43)) - raft.server.snapshot.auto.trigger.enabled = true (custom)
2019-09-25 11:10:23,702 [pool-673-thread-1] INFO  server.RaftServerConfigKeys (ConfUtils.java:logGet(43)) - raft.server.snapshot.auto.trigger.threshold = 10000 (custom)
2019-09-25 11:10:23,702 [pool-673-thread-1] INFO  server.RaftServerConfigKeys (ConfUtils.java:logGet(43)) - raft.server.snapshot.retention.num.files = 5 (custom)
2019-09-25 11:10:23,702 [pool-673-thread-1] INFO  server.RaftServerConfigKeys (ConfUtils.java:logGet(43)) - raft.server.retrycache.expirytime = 600000ms (custom)
2019-09-25 11:10:23,704 [pool-673-thread-1] INFO  impl.RaftServerImpl (RaftServerImpl.java:start(185)) - a17b444c-dc8d-41d3-94fa-b87b918595f3@group-A02010238C3F: start as a follower, conf=-1: [a17b444c-dc8d-41d3-94fa-b87b918595f3:192.168.30.6:45831], old=null
2019-09-25 11:10:23,704 [pool-673-thread-1] INFO  impl.RaftServerImpl (RaftServerImpl.java:setRole(174)) - a17b444c-dc8d-41d3-94fa-b87b918595f3@group-A02010238C3F: changes role from      null to FOLLOWER at term 0 for startAsFollower
2019-09-25 11:10:23,705 [pool-673-thread-1] INFO  impl.RoleInfo (RoleInfo.java:updateAndGet(143)) - a17b444c-dc8d-41d3-94fa-b87b918595f3: start FollowerState
2019-09-25 11:10:23,705 [pool-673-thread-1] INFO  util.JmxRegister (JmxRegister.java:tryRegister(44)) - Successfully registered JMX Bean with object name Ratis:service=RaftServer,group=group-A02010238C3F,id=a17b444c-dc8d-41d3-94fa-b87b918595f3
2019-09-25 11:10:23,707 [RatisPipelineUtilsThread] INFO  pipeline.PipelineStateManager (PipelineStateManager.java:addPipeline(56)) - Created pipeline Pipeline[ Id: b96a2e07-ce99-4887-919e-a02010238c3f, Nodes: a17b444c-dc8d-41d3-94fa-b87b918595f3{ip: 192.168.30.6, host: pr-hdds-1569-5gmkr-4255264070, networkLocation: /default-rack, certSerialId: null}, Type:RATIS, Factor:ONE, State:OPEN]
2019-09-25 11:10:23,716 [grpc-default-executor-1] INFO  impl.RaftServerProxy (RaftServerProxy.java:addNew(89)) - 79e2f6f7-785e-4584-a2b0-6f2cf2bd33a1: addNew group-2FFAA97423D9:[79e2f6f7-785e-4584-a2b0-6f2cf2bd33a1:192.168.30.6:45176] returns group-2FFAA97423D9:java.util.concurrent.CompletableFuture@79dfa4c5[Not completed]
2019-09-25 11:10:23,717 [pool-703-thread-1] INFO  impl.RaftServerImpl (RaftServerImpl.java:<init>(95)) - 79e2f6f7-785e-4584-a2b0-6f2cf2bd33a1: new RaftServerImpl for group-2FFAA97423D9:[79e2f6f7-785e-4584-a2b0-6f2cf2bd33a1:192.168.30.6:45176] with ContainerStateMachine:uninitialized
2019-09-25 11:10:23,717 [pool-703-thread-1] INFO  server.RaftServerConfigKeys (ConfUtils.java:logGet(43)) - raft.server.rpc.timeout.min = 5s (custom)
2019-09-25 11:10:23,717 [pool-703-thread-1] INFO  server.RaftServerConfigKeys (ConfUtils.java:logGet(43)) - raft.server.rpc.timeout.max = 5200ms (custom)
2019-09-25 11:10:23,717 [pool-703-thread-1] INFO  server.RaftServerConfigKeys (ConfUtils.java:logGet(43)) - raft.server.rpcslowness.timeout = 120s (custom)
2019-09-25 11:10:23,717 [pool-703-thread-1] INFO  server.RaftServerConfigKeys (ConfUtils.java:logGet(43)) - raft.server.sleep.deviation.threshold = 300 (default)
2019-09-25 11:10:23,718 [pool-703-thread-1] INFO  server.RaftServerConfigKeys (ConfUtils.java:logGet(43)) - raft.server.log.appender.install.snapshot.enabled = false (custom)
2019-09-25 11:10:23,718 [pool-703-thread-1] INFO  impl.RaftServerImpl (ServerState.java:<init>(103)) - 79e2f6f7-785e-4584-a2b0-6f2cf2bd33a1@group-2FFAA97423D9: ConfigurationManager, init=-1: [79e2f6f7-785e-4584-a2b0-6f2cf2bd33a1:192.168.30.6:45176], old=null, confs=<EMPTY_MAP>
2019-09-25 11:10:23,718 [pool-703-thread-1] INFO  server.RaftServerConfigKeys (ConfUtils.java:logGet(43)) - raft.server.storage.dir = [/workdir/hadoop-ozone/integration-test/target/test-dir/MiniOzoneClusterImpl-36bd9e64-229c-43b0-8f36-7d73050474c0/datanode-3/data/ratis] (custom)
2019-09-25 11:10:23,718 [pool-703-thread-1] INFO  storage.RaftStorageDirectory (RaftStorageDirectory.java:analyzeStorage(246)) - The storage directory /workdir/hadoop-ozone/integration-test/target/test-dir/MiniOzoneClusterImpl-36bd9e64-229c-43b0-8f36-7d73050474c0/datanode-3/data/ratis/cbd66705-d045-4a86-aaf2-2ffaa97423d9 does not exist. Creating ...
2019-09-25 11:10:23,732 [pool-703-thread-1] INFO  storage.RaftStorageDirectory (RaftStorageDirectory.java:tryLock(328)) - Lock on /workdir/hadoop-ozone/integration-test/target/test-dir/MiniOzoneClusterImpl-36bd9e64-229c-43b0-8f36-7d73050474c0/datanode-3/data/ratis/cbd66705-d045-4a86-aaf2-2ffaa97423d9/in_use.lock acquired by nodename 21763@pr-hdds-1569-5gmkr-4255264070
2019-09-25 11:10:23,745 [pool-703-thread-1] INFO  storage.RaftStorage (RaftStorage.java:format(72)) - Storage directory /workdir/hadoop-ozone/integration-test/target/test-dir/MiniOzoneClusterImpl-36bd9e64-229c-43b0-8f36-7d73050474c0/datanode-3/data/ratis/cbd66705-d045-4a86-aaf2-2ffaa97423d9 has been successfully formatted.
2019-09-25 11:10:23,746 [pool-703-thread-1] INFO  ratis.ContainerStateMachine (ContainerStateMachine.java:loadSnapshot(230)) - group-2FFAA97423D9: The snapshot info is null. Setting the last applied indexto:(t:0, i:~)
2019-09-25 11:10:23,746 [pool-703-thread-1] INFO  server.RaftServerConfigKeys (ConfUtils.java:logGet(43)) - raft.server.notification.no-leader.timeout = 120s (custom)
2019-09-25 11:10:23,746 [pool-703-thread-1] INFO  server.RaftServerConfigKeys (ConfUtils.java:logGet(43)) - raft.server.log.use.memory = false (default)
2019-09-25 11:10:23,746 [pool-703-thread-1] INFO  server.RaftServerConfigKeys (ConfUtils.java:logGet(43)) - raft.server.log.purge.gap = 1000000 (custom)
2019-09-25 11:10:23,746 [pool-703-thread-1] INFO  server.RaftServerConfigKeys (ConfUtils.java:logGet(43)) - raft.server.log.appender.buffer.byte-limit = 33554432 (custom)
2019-09-25 11:10:23,747 [pool-703-thread-1] INFO  server.RaftServerConfigKeys (ConfUtils.java:logGet(43)) - raft.server.log.segment.size.max = 1048576 (custom)
2019-09-25 11:10:23,747 [pool-703-thread-1] INFO  server.RaftServerConfigKeys (ConfUtils.java:logGet(43)) - raft.server.log.segment.cache.num.max = 2 (custom)
2019-09-25 11:10:23,747 [pool-703-thread-1] INFO  segmented.SegmentedRaftLogWorker (SegmentedRaftLogWorker.java:<init>(172)) - new 79e2f6f7-785e-4584-a2b0-6f2cf2bd33a1@group-2FFAA97423D9-SegmentedRaftLogWorker for RaftStorage:Storage Directory /workdir/hadoop-ozone/integration-test/target/test-dir/MiniOzoneClusterImpl-36bd9e64-229c-43b0-8f36-7d73050474c0/datanode-3/data/ratis/cbd66705-d045-4a86-aaf2-2ffaa97423d9
2019-09-25 11:10:23,749 [pool-703-thread-1] INFO  server.RaftServerConfigKeys (ConfUtils.java:logGet(43)) - raft.server.log.queue.byte-limit = 2147483647 (custom)
2019-09-25 11:10:23,749 [pool-703-thread-1] INFO  server.RaftServerConfigKeys (ConfUtils.java:logGet(43)) - raft.server.log.queue.element-limit = 1024 (custom)
2019-09-25 11:10:23,749 [pool-703-thread-1] INFO  server.RaftServerConfigKeys (ConfUtils.java:logGet(43)) - raft.server.log.segment.size.max = 1048576 (custom)
2019-09-25 11:10:23,749 [pool-703-thread-1] INFO  server.RaftServerConfigKeys (ConfUtils.java:logGet(43)) - raft.server.log.preallocated.size = 16384 (custom)
2019-09-25 11:10:23,750 [pool-703-thread-1] INFO  server.RaftServerConfigKeys (ConfUtils.java:logGet(43)) - raft.server.log.write.buffer.size = 33554432 (custom)
2019-09-25 11:10:23,750 [pool-703-thread-1] INFO  server.RaftServerConfigKeys (ConfUtils.java:logGet(43)) - raft.server.log.force.sync.num = 128 (default)
2019-09-25 11:10:23,750 [pool-703-thread-1] INFO  server.RaftServerConfigKeys (ConfUtils.java:logGet(43)) - raft.server.log.statemachine.data.sync = true (default)
2019-09-25 11:10:23,750 [pool-703-thread-1] INFO  server.RaftServerConfigKeys (ConfUtils.java:logGet(43)) - raft.server.log.statemachine.data.sync.timeout = 10s (default)
2019-09-25 11:10:23,750 [pool-703-thread-1] INFO  server.RaftServerConfigKeys (ConfUtils.java:logGet(43)) - raft.server.log.statemachine.data.sync.timeout.retry = -1 (default)
2019-09-25 11:10:23,750 [pool-703-thread-1] INFO  server.RaftServerConfigKeys (ConfUtils.java:logGet(43)) - raft.server.log.statemachine.data.caching.enabled = true (custom)
2019-09-25 11:10:23,751 [pool-703-thread-1] INFO  segmented.SegmentedRaftLogWorker (SegmentedRaftLogWorker.java:lambda$new$0(132)) - 79e2f6f7-785e-4584-a2b0-6f2cf2bd33a1@group-2FFAA97423D9-SegmentedRaftLogWorker: flushIndex: setUnconditionally 0 -> -1
2019-09-25 11:10:23,751 [pool-703-thread-1] INFO  server.RaftServerConfigKeys (ConfUtils.java:logGet(43)) - raft.server.snapshot.auto.trigger.enabled = true (custom)
2019-09-25 11:10:23,751 [pool-703-thread-1] INFO  server.RaftServerConfigKeys (ConfUtils.java:logGet(43)) - raft.server.snapshot.auto.trigger.threshold = 10000 (custom)
2019-09-25 11:10:23,751 [pool-703-thread-1] INFO  server.RaftServerConfigKeys (ConfUtils.java:logGet(43)) - raft.server.snapshot.retention.num.files = 5 (custom)
2019-09-25 11:10:23,752 [pool-703-thread-1] INFO  server.RaftServerConfigKeys (ConfUtils.java:logGet(43)) - raft.server.retrycache.expirytime = 600000ms (custom)
2019-09-25 11:10:23,753 [pool-703-thread-1] INFO  impl.RaftServerImpl (RaftServerImpl.java:start(185)) - 79e2f6f7-785e-4584-a2b0-6f2cf2bd33a1@group-2FFAA97423D9: start as a follower, conf=-1: [79e2f6f7-785e-4584-a2b0-6f2cf2bd33a1:192.168.30.6:45176], old=null
2019-09-25 11:10:23,754 [pool-703-thread-1] INFO  impl.RaftServerImpl (RaftServerImpl.java:setRole(174)) - 79e2f6f7-785e-4584-a2b0-6f2cf2bd33a1@group-2FFAA97423D9: changes role from      null to FOLLOWER at term 0 for startAsFollower
2019-09-25 11:10:23,754 [pool-703-thread-1] INFO  impl.RoleInfo (RoleInfo.java:updateAndGet(143)) - 79e2f6f7-785e-4584-a2b0-6f2cf2bd33a1: start FollowerState
2019-09-25 11:10:23,754 [IPC Server handler 0 on 33078] INFO  net.NetworkTopology (NetworkTopologyImpl.java:add(111)) - Added a new node: /default-rack/231d5a30-2990-4b37-835c-52719c996380
2019-09-25 11:10:23,754 [pool-703-thread-1] INFO  util.JmxRegister (JmxRegister.java:tryRegister(44)) - Successfully registered JMX Bean with object name Ratis:service=RaftServer,group=group-2FFAA97423D9,id=79e2f6f7-785e-4584-a2b0-6f2cf2bd33a1
2019-09-25 11:10:23,754 [IPC Server handler 0 on 33078] INFO  node.SCMNodeManager (SCMNodeManager.java:register(266)) - Registered Data node : 231d5a30-2990-4b37-835c-52719c996380{ip: 192.168.30.6, host: pr-hdds-1569-5gmkr-4255264070, networkLocation: /default-rack, certSerialId: null}
2019-09-25 11:10:23,756 [RatisPipelineUtilsThread] INFO  pipeline.PipelineStateManager (PipelineStateManager.java:addPipeline(56)) - Created pipeline Pipeline[ Id: cbd66705-d045-4a86-aaf2-2ffaa97423d9, Nodes: 79e2f6f7-785e-4584-a2b0-6f2cf2bd33a1{ip: 192.168.30.6, host: pr-hdds-1569-5gmkr-4255264070, networkLocation: /default-rack, certSerialId: null}, Type:RATIS, Factor:ONE, State:OPEN]
2019-09-25 11:10:23,765 [grpc-default-executor-1] INFO  impl.RaftServerProxy (RaftServerProxy.java:addNew(89)) - 9260b2c2-77d0-40af-9a4b-242b57e61325: addNew group-744811572984:[9260b2c2-77d0-40af-9a4b-242b57e61325:192.168.30.6:43860] returns group-744811572984:java.util.concurrent.CompletableFuture@51c63de5[Not completed]
2019-09-25 11:10:23,766 [pool-683-thread-1] INFO  impl.RaftServerImpl (RaftServerImpl.java:<init>(95)) - 9260b2c2-77d0-40af-9a4b-242b57e61325: new RaftServerImpl for group-744811572984:[9260b2c2-77d0-40af-9a4b-242b57e61325:192.168.30.6:43860] with ContainerStateMachine:uninitialized
2019-09-25 11:10:23,766 [pool-683-thread-1] INFO  server.RaftServerConfigKeys (ConfUtils.java:logGet(43)) - raft.server.rpc.timeout.min = 5s (custom)
2019-09-25 11:10:23,766 [pool-683-thread-1] INFO  server.RaftServerConfigKeys (ConfUtils.java:logGet(43)) - raft.server.rpc.timeout.max = 5200ms (custom)
2019-09-25 11:10:23,766 [pool-683-thread-1] INFO  server.RaftServerConfigKeys (ConfUtils.java:logGet(43)) - raft.server.rpcslowness.timeout = 120s (custom)
2019-09-25 11:10:23,766 [pool-683-thread-1] INFO  server.RaftServerConfigKeys (ConfUtils.java:logGet(43)) - raft.server.sleep.deviation.threshold = 300 (default)
2019-09-25 11:10:23,766 [pool-683-thread-1] INFO  server.RaftServerConfigKeys (ConfUtils.java:logGet(43)) - raft.server.log.appender.install.snapshot.enabled = false (custom)
2019-09-25 11:10:23,766 [pool-683-thread-1] INFO  impl.RaftServerImpl (ServerState.java:<init>(103)) - 9260b2c2-77d0-40af-9a4b-242b57e61325@group-744811572984: ConfigurationManager, init=-1: [9260b2c2-77d0-40af-9a4b-242b57e61325:192.168.30.6:43860], old=null, confs=<EMPTY_MAP>
2019-09-25 11:10:23,767 [pool-683-thread-1] INFO  server.RaftServerConfigKeys (ConfUtils.java:logGet(43)) - raft.server.storage.dir = [/workdir/hadoop-ozone/integration-test/target/test-dir/MiniOzoneClusterImpl-36bd9e64-229c-43b0-8f36-7d73050474c0/datanode-1/data/ratis] (custom)
2019-09-25 11:10:23,767 [pool-683-thread-1] INFO  storage.RaftStorageDirectory (RaftStorageDirectory.java:analyzeStorage(246)) - The storage directory /workdir/hadoop-ozone/integration-test/target/test-dir/MiniOzoneClusterImpl-36bd9e64-229c-43b0-8f36-7d73050474c0/datanode-1/data/ratis/ab65eff2-ea26-46a8-8ce3-744811572984 does not exist. Creating ...
2019-09-25 11:10:23,780 [pool-683-thread-1] INFO  storage.RaftStorageDirectory (RaftStorageDirectory.java:tryLock(328)) - Lock on /workdir/hadoop-ozone/integration-test/target/test-dir/MiniOzoneClusterImpl-36bd9e64-229c-43b0-8f36-7d73050474c0/datanode-1/data/ratis/ab65eff2-ea26-46a8-8ce3-744811572984/in_use.lock acquired by nodename 21763@pr-hdds-1569-5gmkr-4255264070
2019-09-25 11:10:23,804 [pool-683-thread-1] INFO  storage.RaftStorage (RaftStorage.java:format(72)) - Storage directory /workdir/hadoop-ozone/integration-test/target/test-dir/MiniOzoneClusterImpl-36bd9e64-229c-43b0-8f36-7d73050474c0/datanode-1/data/ratis/ab65eff2-ea26-46a8-8ce3-744811572984 has been successfully formatted.
2019-09-25 11:10:23,804 [pool-683-thread-1] INFO  ratis.ContainerStateMachine (ContainerStateMachine.java:loadSnapshot(230)) - group-744811572984: The snapshot info is null. Setting the last applied indexto:(t:0, i:~)
2019-09-25 11:10:23,805 [pool-683-thread-1] INFO  server.RaftServerConfigKeys (ConfUtils.java:logGet(43)) - raft.server.notification.no-leader.timeout = 120s (custom)
2019-09-25 11:10:23,805 [pool-683-thread-1] INFO  server.RaftServerConfigKeys (ConfUtils.java:logGet(43)) - raft.server.log.use.memory = false (default)
2019-09-25 11:10:23,805 [pool-683-thread-1] INFO  server.RaftServerConfigKeys (ConfUtils.java:logGet(43)) - raft.server.log.purge.gap = 1000000 (custom)
2019-09-25 11:10:23,805 [pool-683-thread-1] INFO  server.RaftServerConfigKeys (ConfUtils.java:logGet(43)) - raft.server.log.appender.buffer.byte-limit = 33554432 (custom)
2019-09-25 11:10:23,805 [pool-683-thread-1] INFO  server.RaftServerConfigKeys (ConfUtils.java:logGet(43)) - raft.server.log.segment.size.max = 1048576 (custom)
2019-09-25 11:10:23,805 [pool-683-thread-1] INFO  server.RaftServerConfigKeys (ConfUtils.java:logGet(43)) - raft.server.log.segment.cache.num.max = 2 (custom)
2019-09-25 11:10:23,805 [pool-683-thread-1] INFO  segmented.SegmentedRaftLogWorker (SegmentedRaftLogWorker.java:<init>(172)) - new 9260b2c2-77d0-40af-9a4b-242b57e61325@group-744811572984-SegmentedRaftLogWorker for RaftStorage:Storage Directory /workdir/hadoop-ozone/integration-test/target/test-dir/MiniOzoneClusterImpl-36bd9e64-229c-43b0-8f36-7d73050474c0/datanode-1/data/ratis/ab65eff2-ea26-46a8-8ce3-744811572984
2019-09-25 11:10:23,807 [pool-683-thread-1] INFO  server.RaftServerConfigKeys (ConfUtils.java:logGet(43)) - raft.server.log.queue.byte-limit = 2147483647 (custom)
2019-09-25 11:10:23,807 [pool-683-thread-1] INFO  server.RaftServerConfigKeys (ConfUtils.java:logGet(43)) - raft.server.log.queue.element-limit = 1024 (custom)
2019-09-25 11:10:23,807 [pool-683-thread-1] INFO  server.RaftServerConfigKeys (ConfUtils.java:logGet(43)) - raft.server.log.segment.size.max = 1048576 (custom)
2019-09-25 11:10:23,807 [pool-683-thread-1] INFO  server.RaftServerConfigKeys (ConfUtils.java:logGet(43)) - raft.server.log.preallocated.size = 16384 (custom)
2019-09-25 11:10:23,807 [pool-683-thread-1] INFO  server.RaftServerConfigKeys (ConfUtils.java:logGet(43)) - raft.server.log.write.buffer.size = 33554432 (custom)
2019-09-25 11:10:23,808 [pool-683-thread-1] INFO  server.RaftServerConfigKeys (ConfUtils.java:logGet(43)) - raft.server.log.force.sync.num = 128 (default)
2019-09-25 11:10:23,808 [pool-683-thread-1] INFO  server.RaftServerConfigKeys (ConfUtils.java:logGet(43)) - raft.server.log.statemachine.data.sync = true (default)
2019-09-25 11:10:23,808 [pool-683-thread-1] INFO  server.RaftServerConfigKeys (ConfUtils.java:logGet(43)) - raft.server.log.statemachine.data.sync.timeout = 10s (default)
2019-09-25 11:10:23,808 [pool-683-thread-1] INFO  server.RaftServerConfigKeys (ConfUtils.java:logGet(43)) - raft.server.log.statemachine.data.sync.timeout.retry = -1 (default)
2019-09-25 11:10:23,808 [pool-683-thread-1] INFO  server.RaftServerConfigKeys (ConfUtils.java:logGet(43)) - raft.server.log.statemachine.data.caching.enabled = true (custom)
2019-09-25 11:10:23,809 [pool-683-thread-1] INFO  segmented.SegmentedRaftLogWorker (SegmentedRaftLogWorker.java:lambda$new$0(132)) - 9260b2c2-77d0-40af-9a4b-242b57e61325@group-744811572984-SegmentedRaftLogWorker: flushIndex: setUnconditionally 0 -> -1
2019-09-25 11:10:23,809 [pool-683-thread-1] INFO  server.RaftServerConfigKeys (ConfUtils.java:logGet(43)) - raft.server.snapshot.auto.trigger.enabled = true (custom)
2019-09-25 11:10:23,809 [pool-683-thread-1] INFO  server.RaftServerConfigKeys (ConfUtils.java:logGet(43)) - raft.server.snapshot.auto.trigger.threshold = 10000 (custom)
2019-09-25 11:10:23,809 [pool-683-thread-1] INFO  server.RaftServerConfigKeys (ConfUtils.java:logGet(43)) - raft.server.snapshot.retention.num.files = 5 (custom)
2019-09-25 11:10:23,809 [pool-683-thread-1] INFO  server.RaftServerConfigKeys (ConfUtils.java:logGet(43)) - raft.server.retrycache.expirytime = 600000ms (custom)
2019-09-25 11:10:23,811 [pool-683-thread-1] INFO  impl.RaftServerImpl (RaftServerImpl.java:start(185)) - 9260b2c2-77d0-40af-9a4b-242b57e61325@group-744811572984: start as a follower, conf=-1: [9260b2c2-77d0-40af-9a4b-242b57e61325:192.168.30.6:43860], old=null
2019-09-25 11:10:23,811 [pool-683-thread-1] INFO  impl.RaftServerImpl (RaftServerImpl.java:setRole(174)) - 9260b2c2-77d0-40af-9a4b-242b57e61325@group-744811572984: changes role from      null to FOLLOWER at term 0 for startAsFollower
2019-09-25 11:10:23,811 [pool-683-thread-1] INFO  impl.RoleInfo (RoleInfo.java:updateAndGet(143)) - 9260b2c2-77d0-40af-9a4b-242b57e61325: start FollowerState
2019-09-25 11:10:23,811 [pool-683-thread-1] INFO  util.JmxRegister (JmxRegister.java:tryRegister(44)) - Successfully registered JMX Bean with object name Ratis:service=RaftServer,group=group-744811572984,id=9260b2c2-77d0-40af-9a4b-242b57e61325
2019-09-25 11:10:23,813 [RatisPipelineUtilsThread] INFO  pipeline.PipelineStateManager (PipelineStateManager.java:addPipeline(56)) - Created pipeline Pipeline[ Id: ab65eff2-ea26-46a8-8ce3-744811572984, Nodes: 9260b2c2-77d0-40af-9a4b-242b57e61325{ip: 192.168.30.6, host: pr-hdds-1569-5gmkr-4255264070, networkLocation: /default-rack, certSerialId: null}, Type:RATIS, Factor:ONE, State:OPEN]
2019-09-25 11:10:23,816 [grpc-default-executor-1] INFO  impl.RaftServerProxy (RaftServerProxy.java:addNew(89)) - 9260b2c2-77d0-40af-9a4b-242b57e61325: addNew group-07AF23C52553:[9260b2c2-77d0-40af-9a4b-242b57e61325:192.168.30.6:43860] returns group-07AF23C52553:java.util.concurrent.CompletableFuture@49b41fcc[Not completed]
2019-09-25 11:10:23,817 [pool-683-thread-1] INFO  impl.RaftServerImpl (RaftServerImpl.java:<init>(95)) - 9260b2c2-77d0-40af-9a4b-242b57e61325: new RaftServerImpl for group-07AF23C52553:[9260b2c2-77d0-40af-9a4b-242b57e61325:192.168.30.6:43860] with ContainerStateMachine:uninitialized
2019-09-25 11:10:23,817 [pool-683-thread-1] INFO  server.RaftServerConfigKeys (ConfUtils.java:logGet(43)) - raft.server.rpc.timeout.min = 5s (custom)
2019-09-25 11:10:23,817 [pool-683-thread-1] INFO  server.RaftServerConfigKeys (ConfUtils.java:logGet(43)) - raft.server.rpc.timeout.max = 5200ms (custom)
2019-09-25 11:10:23,817 [pool-683-thread-1] INFO  server.RaftServerConfigKeys (ConfUtils.java:logGet(43)) - raft.server.rpcslowness.timeout = 120s (custom)
2019-09-25 11:10:23,817 [pool-683-thread-1] INFO  server.RaftServerConfigKeys (ConfUtils.java:logGet(43)) - raft.server.sleep.deviation.threshold = 300 (default)
2019-09-25 11:10:23,818 [pool-683-thread-1] INFO  server.RaftServerConfigKeys (ConfUtils.java:logGet(43)) - raft.server.log.appender.install.snapshot.enabled = false (custom)
2019-09-25 11:10:23,818 [pool-683-thread-1] INFO  impl.RaftServerImpl (ServerState.java:<init>(103)) - 9260b2c2-77d0-40af-9a4b-242b57e61325@group-07AF23C52553: ConfigurationManager, init=-1: [9260b2c2-77d0-40af-9a4b-242b57e61325:192.168.30.6:43860], old=null, confs=<EMPTY_MAP>
2019-09-25 11:10:23,818 [pool-683-thread-1] INFO  server.RaftServerConfigKeys (ConfUtils.java:logGet(43)) - raft.server.storage.dir = [/workdir/hadoop-ozone/integration-test/target/test-dir/MiniOzoneClusterImpl-36bd9e64-229c-43b0-8f36-7d73050474c0/datanode-1/data/ratis] (custom)
2019-09-25 11:10:23,818 [pool-683-thread-1] INFO  storage.RaftStorageDirectory (RaftStorageDirectory.java:analyzeStorage(246)) - The storage directory /workdir/hadoop-ozone/integration-test/target/test-dir/MiniOzoneClusterImpl-36bd9e64-229c-43b0-8f36-7d73050474c0/datanode-1/data/ratis/f3719c35-3e37-4b02-878d-07af23c52553 does not exist. Creating ...
2019-09-25 11:10:23,829 [IPC Server handler 1 on 33078] INFO  net.NetworkTopology (NetworkTopologyImpl.java:add(111)) - Added a new node: /default-rack/0f46229f-d487-4784-9d87-cba709966a77
2019-09-25 11:10:23,830 [IPC Server handler 1 on 33078] INFO  node.SCMNodeManager (SCMNodeManager.java:register(266)) - Registered Data node : 0f46229f-d487-4784-9d87-cba709966a77{ip: 192.168.30.6, host: pr-hdds-1569-5gmkr-4255264070, networkLocation: /default-rack, certSerialId: null}
2019-09-25 11:10:23,849 [pool-683-thread-1] INFO  storage.RaftStorageDirectory (RaftStorageDirectory.java:tryLock(328)) - Lock on /workdir/hadoop-ozone/integration-test/target/test-dir/MiniOzoneClusterImpl-36bd9e64-229c-43b0-8f36-7d73050474c0/datanode-1/data/ratis/f3719c35-3e37-4b02-878d-07af23c52553/in_use.lock acquired by nodename 21763@pr-hdds-1569-5gmkr-4255264070
2019-09-25 11:10:23,862 [pool-683-thread-1] INFO  storage.RaftStorage (RaftStorage.java:format(72)) - Storage directory /workdir/hadoop-ozone/integration-test/target/test-dir/MiniOzoneClusterImpl-36bd9e64-229c-43b0-8f36-7d73050474c0/datanode-1/data/ratis/f3719c35-3e37-4b02-878d-07af23c52553 has been successfully formatted.
2019-09-25 11:10:23,862 [pool-683-thread-1] INFO  ratis.ContainerStateMachine (ContainerStateMachine.java:loadSnapshot(230)) - group-07AF23C52553: The snapshot info is null. Setting the last applied indexto:(t:0, i:~)
2019-09-25 11:10:23,862 [pool-683-thread-1] INFO  server.RaftServerConfigKeys (ConfUtils.java:logGet(43)) - raft.server.notification.no-leader.timeout = 120s (custom)
2019-09-25 11:10:23,862 [pool-683-thread-1] INFO  server.RaftServerConfigKeys (ConfUtils.java:logGet(43)) - raft.server.log.use.memory = false (default)
2019-09-25 11:10:23,863 [pool-683-thread-1] INFO  server.RaftServerConfigKeys (ConfUtils.java:logGet(43)) - raft.server.log.purge.gap = 1000000 (custom)
2019-09-25 11:10:23,863 [pool-683-thread-1] INFO  server.RaftServerConfigKeys (ConfUtils.java:logGet(43)) - raft.server.log.appender.buffer.byte-limit = 33554432 (custom)
2019-09-25 11:10:23,863 [pool-683-thread-1] INFO  server.RaftServerConfigKeys (ConfUtils.java:logGet(43)) - raft.server.log.segment.size.max = 1048576 (custom)
2019-09-25 11:10:23,863 [pool-683-thread-1] INFO  server.RaftServerConfigKeys (ConfUtils.java:logGet(43)) - raft.server.log.segment.cache.num.max = 2 (custom)
2019-09-25 11:10:23,863 [pool-683-thread-1] INFO  segmented.SegmentedRaftLogWorker (SegmentedRaftLogWorker.java:<init>(172)) - new 9260b2c2-77d0-40af-9a4b-242b57e61325@group-07AF23C52553-SegmentedRaftLogWorker for RaftStorage:Storage Directory /workdir/hadoop-ozone/integration-test/target/test-dir/MiniOzoneClusterImpl-36bd9e64-229c-43b0-8f36-7d73050474c0/datanode-1/data/ratis/f3719c35-3e37-4b02-878d-07af23c52553
2019-09-25 11:10:23,863 [pool-683-thread-1] INFO  server.RaftServerConfigKeys (ConfUtils.java:logGet(43)) - raft.server.log.queue.byte-limit = 2147483647 (custom)
2019-09-25 11:10:23,863 [pool-683-thread-1] INFO  server.RaftServerConfigKeys (ConfUtils.java:logGet(43)) - raft.server.log.queue.element-limit = 1024 (custom)
2019-09-25 11:10:23,864 [pool-683-thread-1] INFO  server.RaftServerConfigKeys (ConfUtils.java:logGet(43)) - raft.server.log.segment.size.max = 1048576 (custom)
2019-09-25 11:10:23,864 [pool-683-thread-1] INFO  server.RaftServerConfigKeys (ConfUtils.java:logGet(43)) - raft.server.log.preallocated.size = 16384 (custom)
2019-09-25 11:10:23,864 [pool-683-thread-1] INFO  server.RaftServerConfigKeys (ConfUtils.java:logGet(43)) - raft.server.log.write.buffer.size = 33554432 (custom)
2019-09-25 11:10:23,864 [pool-683-thread-1] INFO  server.RaftServerConfigKeys (ConfUtils.java:logGet(43)) - raft.server.log.force.sync.num = 128 (default)
2019-09-25 11:10:23,864 [pool-683-thread-1] INFO  server.RaftServerConfigKeys (ConfUtils.java:logGet(43)) - raft.server.log.statemachine.data.sync = true (default)
2019-09-25 11:10:23,864 [pool-683-thread-1] INFO  server.RaftServerConfigKeys (ConfUtils.java:logGet(43)) - raft.server.log.statemachine.data.sync.timeout = 10s (default)
2019-09-25 11:10:23,864 [pool-683-thread-1] INFO  server.RaftServerConfigKeys (ConfUtils.java:logGet(43)) - raft.server.log.statemachine.data.sync.timeout.retry = -1 (default)
2019-09-25 11:10:23,865 [pool-683-thread-1] INFO  server.RaftServerConfigKeys (ConfUtils.java:logGet(43)) - raft.server.log.statemachine.data.caching.enabled = true (custom)
2019-09-25 11:10:23,865 [pool-683-thread-1] INFO  segmented.SegmentedRaftLogWorker (SegmentedRaftLogWorker.java:lambda$new$0(132)) - 9260b2c2-77d0-40af-9a4b-242b57e61325@group-07AF23C52553-SegmentedRaftLogWorker: flushIndex: setUnconditionally 0 -> -1
2019-09-25 11:10:23,865 [pool-683-thread-1] INFO  server.RaftServerConfigKeys (ConfUtils.java:logGet(43)) - raft.server.snapshot.auto.trigger.enabled = true (custom)
2019-09-25 11:10:23,865 [pool-683-thread-1] INFO  server.RaftServerConfigKeys (ConfUtils.java:logGet(43)) - raft.server.snapshot.auto.trigger.threshold = 10000 (custom)
2019-09-25 11:10:23,865 [pool-683-thread-1] INFO  server.RaftServerConfigKeys (ConfUtils.java:logGet(43)) - raft.server.snapshot.retention.num.files = 5 (custom)
2019-09-25 11:10:23,866 [pool-683-thread-1] INFO  server.RaftServerConfigKeys (ConfUtils.java:logGet(43)) - raft.server.retrycache.expirytime = 600000ms (custom)
2019-09-25 11:10:23,867 [pool-683-thread-1] INFO  impl.RaftServerImpl (RaftServerImpl.java:start(185)) - 9260b2c2-77d0-40af-9a4b-242b57e61325@group-07AF23C52553: start as a follower, conf=-1: [9260b2c2-77d0-40af-9a4b-242b57e61325:192.168.30.6:43860], old=null
2019-09-25 11:10:23,867 [pool-683-thread-1] INFO  impl.RaftServerImpl (RaftServerImpl.java:setRole(174)) - 9260b2c2-77d0-40af-9a4b-242b57e61325@group-07AF23C52553: changes role from      null to FOLLOWER at term 0 for startAsFollower
2019-09-25 11:10:23,867 [pool-683-thread-1] INFO  impl.RoleInfo (RoleInfo.java:updateAndGet(143)) - 9260b2c2-77d0-40af-9a4b-242b57e61325: start FollowerState
2019-09-25 11:10:23,868 [pool-683-thread-1] INFO  util.JmxRegister (JmxRegister.java:tryRegister(44)) - Successfully registered JMX Bean with object name Ratis:service=RaftServer,group=group-07AF23C52553,id=9260b2c2-77d0-40af-9a4b-242b57e61325
2019-09-25 11:10:23,869 [RatisPipelineUtilsThread] INFO  pipeline.PipelineStateManager (PipelineStateManager.java:addPipeline(56)) - Created pipeline Pipeline[ Id: f3719c35-3e37-4b02-878d-07af23c52553, Nodes: 9260b2c2-77d0-40af-9a4b-242b57e61325{ip: 192.168.30.6, host: pr-hdds-1569-5gmkr-4255264070, networkLocation: /default-rack, certSerialId: null}, Type:RATIS, Factor:ONE, State:OPEN]
2019-09-25 11:10:23,878 [grpc-default-executor-1] INFO  impl.RaftServerProxy (RaftServerProxy.java:addNew(89)) - 231d5a30-2990-4b37-835c-52719c996380: addNew group-0C70E7BB2107:[231d5a30-2990-4b37-835c-52719c996380:192.168.30.6:44620] returns group-0C70E7BB2107:java.util.concurrent.CompletableFuture@6831884e[Not completed]
2019-09-25 11:10:23,878 [pool-713-thread-1] INFO  impl.RaftServerImpl (RaftServerImpl.java:<init>(95)) - 231d5a30-2990-4b37-835c-52719c996380: new RaftServerImpl for group-0C70E7BB2107:[231d5a30-2990-4b37-835c-52719c996380:192.168.30.6:44620] with ContainerStateMachine:uninitialized
2019-09-25 11:10:23,878 [pool-713-thread-1] INFO  server.RaftServerConfigKeys (ConfUtils.java:logGet(43)) - raft.server.rpc.timeout.min = 5s (custom)
2019-09-25 11:10:23,879 [pool-713-thread-1] INFO  server.RaftServerConfigKeys (ConfUtils.java:logGet(43)) - raft.server.rpc.timeout.max = 5200ms (custom)
2019-09-25 11:10:23,879 [pool-713-thread-1] INFO  server.RaftServerConfigKeys (ConfUtils.java:logGet(43)) - raft.server.rpcslowness.timeout = 120s (custom)
2019-09-25 11:10:23,879 [pool-713-thread-1] INFO  server.RaftServerConfigKeys (ConfUtils.java:logGet(43)) - raft.server.sleep.deviation.threshold = 300 (default)
2019-09-25 11:10:23,879 [pool-713-thread-1] INFO  server.RaftServerConfigKeys (ConfUtils.java:logGet(43)) - raft.server.log.appender.install.snapshot.enabled = false (custom)
2019-09-25 11:10:23,879 [pool-713-thread-1] INFO  impl.RaftServerImpl (ServerState.java:<init>(103)) - 231d5a30-2990-4b37-835c-52719c996380@group-0C70E7BB2107: ConfigurationManager, init=-1: [231d5a30-2990-4b37-835c-52719c996380:192.168.30.6:44620], old=null, confs=<EMPTY_MAP>
2019-09-25 11:10:23,879 [pool-713-thread-1] INFO  server.RaftServerConfigKeys (ConfUtils.java:logGet(43)) - raft.server.storage.dir = [/workdir/hadoop-ozone/integration-test/target/test-dir/MiniOzoneClusterImpl-36bd9e64-229c-43b0-8f36-7d73050474c0/datanode-4/data/ratis] (custom)
2019-09-25 11:10:23,879 [pool-713-thread-1] INFO  storage.RaftStorageDirectory (RaftStorageDirectory.java:analyzeStorage(246)) - The storage directory /workdir/hadoop-ozone/integration-test/target/test-dir/MiniOzoneClusterImpl-36bd9e64-229c-43b0-8f36-7d73050474c0/datanode-4/data/ratis/eb2f5db4-3b69-486e-9ee1-0c70e7bb2107 does not exist. Creating ...
2019-09-25 11:10:23,892 [pool-713-thread-1] INFO  storage.RaftStorageDirectory (RaftStorageDirectory.java:tryLock(328)) - Lock on /workdir/hadoop-ozone/integration-test/target/test-dir/MiniOzoneClusterImpl-36bd9e64-229c-43b0-8f36-7d73050474c0/datanode-4/data/ratis/eb2f5db4-3b69-486e-9ee1-0c70e7bb2107/in_use.lock acquired by nodename 21763@pr-hdds-1569-5gmkr-4255264070
2019-09-25 11:10:23,893 [main] INFO  ozone.MiniOzoneClusterImpl (MiniOzoneClusterImpl.java:lambda$waitForClusterToBeReady$0(147)) - Waiting for cluster to be ready. Got 6 of 7 DN Heartbeats.
2019-09-25 11:10:23,893 [IPC Server handler 3 on 33078] INFO  net.NetworkTopology (NetworkTopologyImpl.java:add(111)) - Added a new node: /default-rack/0089544c-4670-45f6-b8b0-eabe3503e213
2019-09-25 11:10:23,894 [IPC Server handler 3 on 33078] INFO  node.SCMNodeManager (SCMNodeManager.java:register(266)) - Registered Data node : 0089544c-4670-45f6-b8b0-eabe3503e213{ip: 192.168.30.6, host: pr-hdds-1569-5gmkr-4255264070, networkLocation: /default-rack, certSerialId: null}
2019-09-25 11:10:23,905 [pool-713-thread-1] INFO  storage.RaftStorage (RaftStorage.java:format(72)) - Storage directory /workdir/hadoop-ozone/integration-test/target/test-dir/MiniOzoneClusterImpl-36bd9e64-229c-43b0-8f36-7d73050474c0/datanode-4/data/ratis/eb2f5db4-3b69-486e-9ee1-0c70e7bb2107 has been successfully formatted.
2019-09-25 11:10:23,905 [pool-713-thread-1] INFO  ratis.ContainerStateMachine (ContainerStateMachine.java:loadSnapshot(230)) - group-0C70E7BB2107: The snapshot info is null. Setting the last applied indexto:(t:0, i:~)
2019-09-25 11:10:23,905 [pool-713-thread-1] INFO  server.RaftServerConfigKeys (ConfUtils.java:logGet(43)) - raft.server.notification.no-leader.timeout = 120s (custom)
2019-09-25 11:10:23,905 [pool-713-thread-1] INFO  server.RaftServerConfigKeys (ConfUtils.java:logGet(43)) - raft.server.log.use.memory = false (default)
2019-09-25 11:10:23,905 [pool-713-thread-1] INFO  server.RaftServerConfigKeys (ConfUtils.java:logGet(43)) - raft.server.log.purge.gap = 1000000 (custom)
2019-09-25 11:10:23,905 [pool-713-thread-1] INFO  server.RaftServerConfigKeys (ConfUtils.java:logGet(43)) - raft.server.log.appender.buffer.byte-limit = 33554432 (custom)
2019-09-25 11:10:23,906 [pool-713-thread-1] INFO  server.RaftServerConfigKeys (ConfUtils.java:logGet(43)) - raft.server.log.segment.size.max = 1048576 (custom)
2019-09-25 11:10:23,906 [pool-713-thread-1] INFO  server.RaftServerConfigKeys (ConfUtils.java:logGet(43)) - raft.server.log.segment.cache.num.max = 2 (custom)
2019-09-25 11:10:23,906 [pool-713-thread-1] INFO  segmented.SegmentedRaftLogWorker (SegmentedRaftLogWorker.java:<init>(172)) - new 231d5a30-2990-4b37-835c-52719c996380@group-0C70E7BB2107-SegmentedRaftLogWorker for RaftStorage:Storage Directory /workdir/hadoop-ozone/integration-test/target/test-dir/MiniOzoneClusterImpl-36bd9e64-229c-43b0-8f36-7d73050474c0/datanode-4/data/ratis/eb2f5db4-3b69-486e-9ee1-0c70e7bb2107
2019-09-25 11:10:23,907 [pool-713-thread-1] INFO  server.RaftServerConfigKeys (ConfUtils.java:logGet(43)) - raft.server.log.queue.byte-limit = 2147483647 (custom)
2019-09-25 11:10:23,907 [pool-713-thread-1] INFO  server.RaftServerConfigKeys (ConfUtils.java:logGet(43)) - raft.server.log.queue.element-limit = 1024 (custom)
2019-09-25 11:10:23,907 [pool-713-thread-1] INFO  server.RaftServerConfigKeys (ConfUtils.java:logGet(43)) - raft.server.log.segment.size.max = 1048576 (custom)
2019-09-25 11:10:23,907 [pool-713-thread-1] INFO  server.RaftServerConfigKeys (ConfUtils.java:logGet(43)) - raft.server.log.preallocated.size = 16384 (custom)
2019-09-25 11:10:23,907 [pool-713-thread-1] INFO  server.RaftServerConfigKeys (ConfUtils.java:logGet(43)) - raft.server.log.write.buffer.size = 33554432 (custom)
2019-09-25 11:10:23,908 [pool-713-thread-1] INFO  server.RaftServerConfigKeys (ConfUtils.java:logGet(43)) - raft.server.log.force.sync.num = 128 (default)
2019-09-25 11:10:23,908 [pool-713-thread-1] INFO  server.RaftServerConfigKeys (ConfUtils.java:logGet(43)) - raft.server.log.statemachine.data.sync = true (default)
2019-09-25 11:10:23,908 [pool-713-thread-1] INFO  server.RaftServerConfigKeys (ConfUtils.java:logGet(43)) - raft.server.log.statemachine.data.sync.timeout = 10s (default)
2019-09-25 11:10:23,908 [pool-713-thread-1] INFO  server.RaftServerConfigKeys (ConfUtils.java:logGet(43)) - raft.server.log.statemachine.data.sync.timeout.retry = -1 (default)
2019-09-25 11:10:23,908 [pool-713-thread-1] INFO  server.RaftServerConfigKeys (ConfUtils.java:logGet(43)) - raft.server.log.statemachine.data.caching.enabled = true (custom)
2019-09-25 11:10:23,908 [pool-713-thread-1] INFO  segmented.SegmentedRaftLogWorker (SegmentedRaftLogWorker.java:lambda$new$0(132)) - 231d5a30-2990-4b37-835c-52719c996380@group-0C70E7BB2107-SegmentedRaftLogWorker: flushIndex: setUnconditionally 0 -> -1
2019-09-25 11:10:23,908 [pool-713-thread-1] INFO  server.RaftServerConfigKeys (ConfUtils.java:logGet(43)) - raft.server.snapshot.auto.trigger.enabled = true (custom)
2019-09-25 11:10:23,909 [pool-713-thread-1] INFO  server.RaftServerConfigKeys (ConfUtils.java:logGet(43)) - raft.server.snapshot.auto.trigger.threshold = 10000 (custom)
2019-09-25 11:10:23,909 [pool-713-thread-1] INFO  server.RaftServerConfigKeys (ConfUtils.java:logGet(43)) - raft.server.snapshot.retention.num.files = 5 (custom)
2019-09-25 11:10:23,909 [pool-713-thread-1] INFO  server.RaftServerConfigKeys (ConfUtils.java:logGet(43)) - raft.server.retrycache.expirytime = 600000ms (custom)
2019-09-25 11:10:23,910 [pool-713-thread-1] INFO  impl.RaftServerImpl (RaftServerImpl.java:start(185)) - 231d5a30-2990-4b37-835c-52719c996380@group-0C70E7BB2107: start as a follower, conf=-1: [231d5a30-2990-4b37-835c-52719c996380:192.168.30.6:44620], old=null
2019-09-25 11:10:23,910 [pool-713-thread-1] INFO  impl.RaftServerImpl (RaftServerImpl.java:setRole(174)) - 231d5a30-2990-4b37-835c-52719c996380@group-0C70E7BB2107: changes role from      null to FOLLOWER at term 0 for startAsFollower
2019-09-25 11:10:23,910 [pool-713-thread-1] INFO  impl.RoleInfo (RoleInfo.java:updateAndGet(143)) - 231d5a30-2990-4b37-835c-52719c996380: start FollowerState
2019-09-25 11:10:23,910 [pool-713-thread-1] INFO  util.JmxRegister (JmxRegister.java:tryRegister(44)) - Successfully registered JMX Bean with object name Ratis:service=RaftServer,group=group-0C70E7BB2107,id=231d5a30-2990-4b37-835c-52719c996380
2019-09-25 11:10:23,912 [RatisPipelineUtilsThread] INFO  pipeline.PipelineStateManager (PipelineStateManager.java:addPipeline(56)) - Created pipeline Pipeline[ Id: eb2f5db4-3b69-486e-9ee1-0c70e7bb2107, Nodes: 231d5a30-2990-4b37-835c-52719c996380{ip: 192.168.30.6, host: pr-hdds-1569-5gmkr-4255264070, networkLocation: /default-rack, certSerialId: null}, Type:RATIS, Factor:ONE, State:OPEN]
2019-09-25 11:10:23,920 [grpc-default-executor-1] INFO  impl.RaftServerProxy (RaftServerProxy.java:addNew(89)) - 09fcc576-174a-4714-a677-8a28b3c19a40: addNew group-2DA117A217CE:[09fcc576-174a-4714-a677-8a28b3c19a40:192.168.30.6:45814] returns group-2DA117A217CE:java.util.concurrent.CompletableFuture@28127502[Not completed]
2019-09-25 11:10:23,921 [pool-693-thread-1] INFO  impl.RaftServerImpl (RaftServerImpl.java:<init>(95)) - 09fcc576-174a-4714-a677-8a28b3c19a40: new RaftServerImpl for group-2DA117A217CE:[09fcc576-174a-4714-a677-8a28b3c19a40:192.168.30.6:45814] with ContainerStateMachine:uninitialized
2019-09-25 11:10:23,921 [pool-693-thread-1] INFO  server.RaftServerConfigKeys (ConfUtils.java:logGet(43)) - raft.server.rpc.timeout.min = 5s (custom)
2019-09-25 11:10:23,921 [pool-693-thread-1] INFO  server.RaftServerConfigKeys (ConfUtils.java:logGet(43)) - raft.server.rpc.timeout.max = 5200ms (custom)
2019-09-25 11:10:23,921 [pool-693-thread-1] INFO  server.RaftServerConfigKeys (ConfUtils.java:logGet(43)) - raft.server.rpcslowness.timeout = 120s (custom)
2019-09-25 11:10:23,921 [pool-693-thread-1] INFO  server.RaftServerConfigKeys (ConfUtils.java:logGet(43)) - raft.server.sleep.deviation.threshold = 300 (default)
2019-09-25 11:10:23,921 [pool-693-thread-1] INFO  server.RaftServerConfigKeys (ConfUtils.java:logGet(43)) - raft.server.log.appender.install.snapshot.enabled = false (custom)
2019-09-25 11:10:23,921 [pool-693-thread-1] INFO  impl.RaftServerImpl (ServerState.java:<init>(103)) - 09fcc576-174a-4714-a677-8a28b3c19a40@group-2DA117A217CE: ConfigurationManager, init=-1: [09fcc576-174a-4714-a677-8a28b3c19a40:192.168.30.6:45814], old=null, confs=<EMPTY_MAP>
2019-09-25 11:10:23,921 [pool-693-thread-1] INFO  server.RaftServerConfigKeys (ConfUtils.java:logGet(43)) - raft.server.storage.dir = [/workdir/hadoop-ozone/integration-test/target/test-dir/MiniOzoneClusterImpl-36bd9e64-229c-43b0-8f36-7d73050474c0/datanode-2/data/ratis] (custom)
2019-09-25 11:10:23,922 [pool-693-thread-1] INFO  storage.RaftStorageDirectory (RaftStorageDirectory.java:analyzeStorage(246)) - The storage directory /workdir/hadoop-ozone/integration-test/target/test-dir/MiniOzoneClusterImpl-36bd9e64-229c-43b0-8f36-7d73050474c0/datanode-2/data/ratis/75d93f7e-433c-4fef-84de-2da117a217ce does not exist. Creating ...
2019-09-25 11:10:23,935 [pool-693-thread-1] INFO  storage.RaftStorageDirectory (RaftStorageDirectory.java:tryLock(328)) - Lock on /workdir/hadoop-ozone/integration-test/target/test-dir/MiniOzoneClusterImpl-36bd9e64-229c-43b0-8f36-7d73050474c0/datanode-2/data/ratis/75d93f7e-433c-4fef-84de-2da117a217ce/in_use.lock acquired by nodename 21763@pr-hdds-1569-5gmkr-4255264070
2019-09-25 11:10:23,948 [pool-693-thread-1] INFO  storage.RaftStorage (RaftStorage.java:format(72)) - Storage directory /workdir/hadoop-ozone/integration-test/target/test-dir/MiniOzoneClusterImpl-36bd9e64-229c-43b0-8f36-7d73050474c0/datanode-2/data/ratis/75d93f7e-433c-4fef-84de-2da117a217ce has been successfully formatted.
2019-09-25 11:10:23,948 [pool-693-thread-1] INFO  ratis.ContainerStateMachine (ContainerStateMachine.java:loadSnapshot(230)) - group-2DA117A217CE: The snapshot info is null. Setting the last applied indexto:(t:0, i:~)
2019-09-25 11:10:23,948 [pool-693-thread-1] INFO  server.RaftServerConfigKeys (ConfUtils.java:logGet(43)) - raft.server.notification.no-leader.timeout = 120s (custom)
2019-09-25 11:10:23,948 [pool-693-thread-1] INFO  server.RaftServerConfigKeys (ConfUtils.java:logGet(43)) - raft.server.log.use.memory = false (default)
2019-09-25 11:10:23,949 [pool-693-thread-1] INFO  server.RaftServerConfigKeys (ConfUtils.java:logGet(43)) - raft.server.log.purge.gap = 1000000 (custom)
2019-09-25 11:10:23,949 [pool-693-thread-1] INFO  server.RaftServerConfigKeys (ConfUtils.java:logGet(43)) - raft.server.log.appender.buffer.byte-limit = 33554432 (custom)
2019-09-25 11:10:23,949 [pool-693-thread-1] INFO  server.RaftServerConfigKeys (ConfUtils.java:logGet(43)) - raft.server.log.segment.size.max = 1048576 (custom)
2019-09-25 11:10:23,949 [pool-693-thread-1] INFO  server.RaftServerConfigKeys (ConfUtils.java:logGet(43)) - raft.server.log.segment.cache.num.max = 2 (custom)
2019-09-25 11:10:23,949 [pool-693-thread-1] INFO  segmented.SegmentedRaftLogWorker (SegmentedRaftLogWorker.java:<init>(172)) - new 09fcc576-174a-4714-a677-8a28b3c19a40@group-2DA117A217CE-SegmentedRaftLogWorker for RaftStorage:Storage Directory /workdir/hadoop-ozone/integration-test/target/test-dir/MiniOzoneClusterImpl-36bd9e64-229c-43b0-8f36-7d73050474c0/datanode-2/data/ratis/75d93f7e-433c-4fef-84de-2da117a217ce
2019-09-25 11:10:23,950 [pool-693-thread-1] INFO  server.RaftServerConfigKeys (ConfUtils.java:logGet(43)) - raft.server.log.queue.byte-limit = 2147483647 (custom)
2019-09-25 11:10:23,950 [pool-693-thread-1] INFO  server.RaftServerConfigKeys (ConfUtils.java:logGet(43)) - raft.server.log.queue.element-limit = 1024 (custom)
2019-09-25 11:10:23,950 [pool-693-thread-1] INFO  server.RaftServerConfigKeys (ConfUtils.java:logGet(43)) - raft.server.log.segment.size.max = 1048576 (custom)
2019-09-25 11:10:23,950 [pool-693-thread-1] INFO  server.RaftServerConfigKeys (ConfUtils.java:logGet(43)) - raft.server.log.preallocated.size = 16384 (custom)
2019-09-25 11:10:23,951 [pool-693-thread-1] INFO  server.RaftServerConfigKeys (ConfUtils.java:logGet(43)) - raft.server.log.write.buffer.size = 33554432 (custom)
2019-09-25 11:10:23,951 [pool-693-thread-1] INFO  server.RaftServerConfigKeys (ConfUtils.java:logGet(43)) - raft.server.log.force.sync.num = 128 (default)
2019-09-25 11:10:23,951 [pool-693-thread-1] INFO  server.RaftServerConfigKeys (ConfUtils.java:logGet(43)) - raft.server.log.statemachine.data.sync = true (default)
2019-09-25 11:10:23,951 [pool-693-thread-1] INFO  server.RaftServerConfigKeys (ConfUtils.java:logGet(43)) - raft.server.log.statemachine.data.sync.timeout = 10s (default)
2019-09-25 11:10:23,951 [pool-693-thread-1] INFO  server.RaftServerConfigKeys (ConfUtils.java:logGet(43)) - raft.server.log.statemachine.data.sync.timeout.retry = -1 (default)
2019-09-25 11:10:23,951 [pool-693-thread-1] INFO  server.RaftServerConfigKeys (ConfUtils.java:logGet(43)) - raft.server.log.statemachine.data.caching.enabled = true (custom)
2019-09-25 11:10:23,951 [pool-693-thread-1] INFO  segmented.SegmentedRaftLogWorker (SegmentedRaftLogWorker.java:lambda$new$0(132)) - 09fcc576-174a-4714-a677-8a28b3c19a40@group-2DA117A217CE-SegmentedRaftLogWorker: flushIndex: setUnconditionally 0 -> -1
2019-09-25 11:10:23,952 [pool-693-thread-1] INFO  server.RaftServerConfigKeys (ConfUtils.java:logGet(43)) - raft.server.snapshot.auto.trigger.enabled = true (custom)
2019-09-25 11:10:23,952 [pool-693-thread-1] INFO  server.RaftServerConfigKeys (ConfUtils.java:logGet(43)) - raft.server.snapshot.auto.trigger.threshold = 10000 (custom)
2019-09-25 11:10:23,952 [pool-693-thread-1] INFO  server.RaftServerConfigKeys (ConfUtils.java:logGet(43)) - raft.server.snapshot.retention.num.files = 5 (custom)
2019-09-25 11:10:23,952 [pool-693-thread-1] INFO  server.RaftServerConfigKeys (ConfUtils.java:logGet(43)) - raft.server.retrycache.expirytime = 600000ms (custom)
2019-09-25 11:10:23,953 [pool-693-thread-1] INFO  impl.RaftServerImpl (RaftServerImpl.java:start(185)) - 09fcc576-174a-4714-a677-8a28b3c19a40@group-2DA117A217CE: start as a follower, conf=-1: [09fcc576-174a-4714-a677-8a28b3c19a40:192.168.30.6:45814], old=null
2019-09-25 11:10:23,953 [pool-693-thread-1] INFO  impl.RaftServerImpl (RaftServerImpl.java:setRole(174)) - 09fcc576-174a-4714-a677-8a28b3c19a40@group-2DA117A217CE: changes role from      null to FOLLOWER at term 0 for startAsFollower
2019-09-25 11:10:23,953 [pool-693-thread-1] INFO  impl.RoleInfo (RoleInfo.java:updateAndGet(143)) - 09fcc576-174a-4714-a677-8a28b3c19a40: start FollowerState
2019-09-25 11:10:23,953 [pool-693-thread-1] INFO  util.JmxRegister (JmxRegister.java:tryRegister(44)) - Successfully registered JMX Bean with object name Ratis:service=RaftServer,group=group-2DA117A217CE,id=09fcc576-174a-4714-a677-8a28b3c19a40
2019-09-25 11:10:23,955 [RatisPipelineUtilsThread] INFO  pipeline.PipelineStateManager (PipelineStateManager.java:addPipeline(56)) - Created pipeline Pipeline[ Id: 75d93f7e-433c-4fef-84de-2da117a217ce, Nodes: 09fcc576-174a-4714-a677-8a28b3c19a40{ip: 192.168.30.6, host: pr-hdds-1569-5gmkr-4255264070, networkLocation: /default-rack, certSerialId: null}, Type:RATIS, Factor:ONE, State:OPEN]
2019-09-25 11:10:23,964 [grpc-default-executor-1] INFO  impl.RaftServerProxy (RaftServerProxy.java:addNew(89)) - 0089544c-4670-45f6-b8b0-eabe3503e213: addNew group-A866640EC86B:[0089544c-4670-45f6-b8b0-eabe3503e213:192.168.30.6:36645] returns group-A866640EC86B:java.util.concurrent.CompletableFuture@18bf7cc3[Not completed]
2019-09-25 11:10:23,965 [pool-733-thread-1] INFO  impl.RaftServerImpl (RaftServerImpl.java:<init>(95)) - 0089544c-4670-45f6-b8b0-eabe3503e213: new RaftServerImpl for group-A866640EC86B:[0089544c-4670-45f6-b8b0-eabe3503e213:192.168.30.6:36645] with ContainerStateMachine:uninitialized
2019-09-25 11:10:23,965 [pool-733-thread-1] INFO  server.RaftServerConfigKeys (ConfUtils.java:logGet(43)) - raft.server.rpc.timeout.min = 5s (custom)
2019-09-25 11:10:23,965 [pool-733-thread-1] INFO  server.RaftServerConfigKeys (ConfUtils.java:logGet(43)) - raft.server.rpc.timeout.max = 5200ms (custom)
2019-09-25 11:10:23,965 [pool-733-thread-1] INFO  server.RaftServerConfigKeys (ConfUtils.java:logGet(43)) - raft.server.rpcslowness.timeout = 120s (custom)
2019-09-25 11:10:23,965 [pool-733-thread-1] INFO  server.RaftServerConfigKeys (ConfUtils.java:logGet(43)) - raft.server.sleep.deviation.threshold = 300 (default)
2019-09-25 11:10:23,966 [pool-733-thread-1] INFO  server.RaftServerConfigKeys (ConfUtils.java:logGet(43)) - raft.server.log.appender.install.snapshot.enabled = false (custom)
2019-09-25 11:10:23,966 [pool-733-thread-1] INFO  impl.RaftServerImpl (ServerState.java:<init>(103)) - 0089544c-4670-45f6-b8b0-eabe3503e213@group-A866640EC86B: ConfigurationManager, init=-1: [0089544c-4670-45f6-b8b0-eabe3503e213:192.168.30.6:36645], old=null, confs=<EMPTY_MAP>
2019-09-25 11:10:23,966 [pool-733-thread-1] INFO  server.RaftServerConfigKeys (ConfUtils.java:logGet(43)) - raft.server.storage.dir = [/workdir/hadoop-ozone/integration-test/target/test-dir/MiniOzoneClusterImpl-36bd9e64-229c-43b0-8f36-7d73050474c0/datanode-6/data/ratis] (custom)
2019-09-25 11:10:23,966 [pool-733-thread-1] INFO  storage.RaftStorageDirectory (RaftStorageDirectory.java:analyzeStorage(246)) - The storage directory /workdir/hadoop-ozone/integration-test/target/test-dir/MiniOzoneClusterImpl-36bd9e64-229c-43b0-8f36-7d73050474c0/datanode-6/data/ratis/c02dd41a-9b5f-4ae7-94ff-a866640ec86b does not exist. Creating ...
2019-09-25 11:10:23,980 [pool-733-thread-1] INFO  storage.RaftStorageDirectory (RaftStorageDirectory.java:tryLock(328)) - Lock on /workdir/hadoop-ozone/integration-test/target/test-dir/MiniOzoneClusterImpl-36bd9e64-229c-43b0-8f36-7d73050474c0/datanode-6/data/ratis/c02dd41a-9b5f-4ae7-94ff-a866640ec86b/in_use.lock acquired by nodename 21763@pr-hdds-1569-5gmkr-4255264070
2019-09-25 11:10:23,993 [pool-733-thread-1] INFO  storage.RaftStorage (RaftStorage.java:format(72)) - Storage directory /workdir/hadoop-ozone/integration-test/target/test-dir/MiniOzoneClusterImpl-36bd9e64-229c-43b0-8f36-7d73050474c0/datanode-6/data/ratis/c02dd41a-9b5f-4ae7-94ff-a866640ec86b has been successfully formatted.
2019-09-25 11:10:23,993 [pool-733-thread-1] INFO  ratis.ContainerStateMachine (ContainerStateMachine.java:loadSnapshot(230)) - group-A866640EC86B: The snapshot info is null. Setting the last applied indexto:(t:0, i:~)
2019-09-25 11:10:23,993 [pool-733-thread-1] INFO  server.RaftServerConfigKeys (ConfUtils.java:logGet(43)) - raft.server.notification.no-leader.timeout = 120s (custom)
2019-09-25 11:10:23,993 [pool-733-thread-1] INFO  server.RaftServerConfigKeys (ConfUtils.java:logGet(43)) - raft.server.log.use.memory = false (default)
2019-09-25 11:10:23,993 [pool-733-thread-1] INFO  server.RaftServerConfigKeys (ConfUtils.java:logGet(43)) - raft.server.log.purge.gap = 1000000 (custom)
2019-09-25 11:10:23,994 [pool-733-thread-1] INFO  server.RaftServerConfigKeys (ConfUtils.java:logGet(43)) - raft.server.log.appender.buffer.byte-limit = 33554432 (custom)
2019-09-25 11:10:23,994 [pool-733-thread-1] INFO  server.RaftServerConfigKeys (ConfUtils.java:logGet(43)) - raft.server.log.segment.size.max = 1048576 (custom)
2019-09-25 11:10:23,994 [pool-733-thread-1] INFO  server.RaftServerConfigKeys (ConfUtils.java:logGet(43)) - raft.server.log.segment.cache.num.max = 2 (custom)
2019-09-25 11:10:23,994 [pool-733-thread-1] INFO  segmented.SegmentedRaftLogWorker (SegmentedRaftLogWorker.java:<init>(172)) - new 0089544c-4670-45f6-b8b0-eabe3503e213@group-A866640EC86B-SegmentedRaftLogWorker for RaftStorage:Storage Directory /workdir/hadoop-ozone/integration-test/target/test-dir/MiniOzoneClusterImpl-36bd9e64-229c-43b0-8f36-7d73050474c0/datanode-6/data/ratis/c02dd41a-9b5f-4ae7-94ff-a866640ec86b
2019-09-25 11:10:23,995 [pool-733-thread-1] INFO  server.RaftServerConfigKeys (ConfUtils.java:logGet(43)) - raft.server.log.queue.byte-limit = 2147483647 (custom)
2019-09-25 11:10:23,996 [pool-733-thread-1] INFO  server.RaftServerConfigKeys (ConfUtils.java:logGet(43)) - raft.server.log.queue.element-limit = 1024 (custom)
2019-09-25 11:10:23,996 [pool-733-thread-1] INFO  server.RaftServerConfigKeys (ConfUtils.java:logGet(43)) - raft.server.log.segment.size.max = 1048576 (custom)
2019-09-25 11:10:23,996 [pool-733-thread-1] INFO  server.RaftServerConfigKeys (ConfUtils.java:logGet(43)) - raft.server.log.preallocated.size = 16384 (custom)
2019-09-25 11:10:23,996 [pool-733-thread-1] INFO  server.RaftServerConfigKeys (ConfUtils.java:logGet(43)) - raft.server.log.write.buffer.size = 33554432 (custom)
2019-09-25 11:10:23,996 [pool-733-thread-1] INFO  server.RaftServerConfigKeys (ConfUtils.java:logGet(43)) - raft.server.log.force.sync.num = 128 (default)
2019-09-25 11:10:23,996 [pool-733-thread-1] INFO  server.RaftServerConfigKeys (ConfUtils.java:logGet(43)) - raft.server.log.statemachine.data.sync = true (default)
2019-09-25 11:10:23,996 [pool-733-thread-1] INFO  server.RaftServerConfigKeys (ConfUtils.java:logGet(43)) - raft.server.log.statemachine.data.sync.timeout = 10s (default)
2019-09-25 11:10:23,997 [pool-733-thread-1] INFO  server.RaftServerConfigKeys (ConfUtils.java:logGet(43)) - raft.server.log.statemachine.data.sync.timeout.retry = -1 (default)
2019-09-25 11:10:23,997 [pool-733-thread-1] INFO  server.RaftServerConfigKeys (ConfUtils.java:logGet(43)) - raft.server.log.statemachine.data.caching.enabled = true (custom)
2019-09-25 11:10:23,997 [pool-733-thread-1] INFO  segmented.SegmentedRaftLogWorker (SegmentedRaftLogWorker.java:lambda$new$0(132)) - 0089544c-4670-45f6-b8b0-eabe3503e213@group-A866640EC86B-SegmentedRaftLogWorker: flushIndex: setUnconditionally 0 -> -1
2019-09-25 11:10:23,997 [pool-733-thread-1] INFO  server.RaftServerConfigKeys (ConfUtils.java:logGet(43)) - raft.server.snapshot.auto.trigger.enabled = true (custom)
2019-09-25 11:10:23,997 [pool-733-thread-1] INFO  server.RaftServerConfigKeys (ConfUtils.java:logGet(43)) - raft.server.snapshot.auto.trigger.threshold = 10000 (custom)
2019-09-25 11:10:23,998 [pool-733-thread-1] INFO  server.RaftServerConfigKeys (ConfUtils.java:logGet(43)) - raft.server.snapshot.retention.num.files = 5 (custom)
2019-09-25 11:10:23,998 [pool-733-thread-1] INFO  server.RaftServerConfigKeys (ConfUtils.java:logGet(43)) - raft.server.retrycache.expirytime = 600000ms (custom)
2019-09-25 11:10:23,999 [pool-733-thread-1] INFO  impl.RaftServerImpl (RaftServerImpl.java:start(185)) - 0089544c-4670-45f6-b8b0-eabe3503e213@group-A866640EC86B: start as a follower, conf=-1: [0089544c-4670-45f6-b8b0-eabe3503e213:192.168.30.6:36645], old=null
2019-09-25 11:10:23,999 [pool-733-thread-1] INFO  impl.RaftServerImpl (RaftServerImpl.java:setRole(174)) - 0089544c-4670-45f6-b8b0-eabe3503e213@group-A866640EC86B: changes role from      null to FOLLOWER at term 0 for startAsFollower
2019-09-25 11:10:23,999 [pool-733-thread-1] INFO  impl.RoleInfo (RoleInfo.java:updateAndGet(143)) - 0089544c-4670-45f6-b8b0-eabe3503e213: start FollowerState
2019-09-25 11:10:24,000 [pool-733-thread-1] INFO  util.JmxRegister (JmxRegister.java:tryRegister(44)) - Successfully registered JMX Bean with object name Ratis:service=RaftServer,group=group-A866640EC86B,id=0089544c-4670-45f6-b8b0-eabe3503e213
2019-09-25 11:10:24,002 [RatisPipelineUtilsThread] INFO  pipeline.PipelineStateManager (PipelineStateManager.java:addPipeline(56)) - Created pipeline Pipeline[ Id: c02dd41a-9b5f-4ae7-94ff-a866640ec86b, Nodes: 0089544c-4670-45f6-b8b0-eabe3503e213{ip: 192.168.30.6, host: pr-hdds-1569-5gmkr-4255264070, networkLocation: /default-rack, certSerialId: null}, Type:RATIS, Factor:ONE, State:OPEN]
2019-09-25 11:10:24,010 [grpc-default-executor-1] INFO  impl.RaftServerProxy (RaftServerProxy.java:addNew(89)) - 0f46229f-d487-4784-9d87-cba709966a77: addNew group-6AC606EEE33E:[0f46229f-d487-4784-9d87-cba709966a77:192.168.30.6:36619] returns group-6AC606EEE33E:java.util.concurrent.CompletableFuture@3804713b[Not completed]
2019-09-25 11:10:24,011 [pool-723-thread-1] INFO  impl.RaftServerImpl (RaftServerImpl.java:<init>(95)) - 0f46229f-d487-4784-9d87-cba709966a77: new RaftServerImpl for group-6AC606EEE33E:[0f46229f-d487-4784-9d87-cba709966a77:192.168.30.6:36619] with ContainerStateMachine:uninitialized
2019-09-25 11:10:24,011 [pool-723-thread-1] INFO  server.RaftServerConfigKeys (ConfUtils.java:logGet(43)) - raft.server.rpc.timeout.min = 5s (custom)
2019-09-25 11:10:24,011 [pool-723-thread-1] INFO  server.RaftServerConfigKeys (ConfUtils.java:logGet(43)) - raft.server.rpc.timeout.max = 5200ms (custom)
2019-09-25 11:10:24,011 [pool-723-thread-1] INFO  server.RaftServerConfigKeys (ConfUtils.java:logGet(43)) - raft.server.rpcslowness.timeout = 120s (custom)
2019-09-25 11:10:24,012 [pool-723-thread-1] INFO  server.RaftServerConfigKeys (ConfUtils.java:logGet(43)) - raft.server.sleep.deviation.threshold = 300 (default)
2019-09-25 11:10:24,012 [pool-723-thread-1] INFO  server.RaftServerConfigKeys (ConfUtils.java:logGet(43)) - raft.server.log.appender.install.snapshot.enabled = false (custom)
2019-09-25 11:10:24,012 [pool-723-thread-1] INFO  impl.RaftServerImpl (ServerState.java:<init>(103)) - 0f46229f-d487-4784-9d87-cba709966a77@group-6AC606EEE33E: ConfigurationManager, init=-1: [0f46229f-d487-4784-9d87-cba709966a77:192.168.30.6:36619], old=null, confs=<EMPTY_MAP>
2019-09-25 11:10:24,012 [pool-723-thread-1] INFO  server.RaftServerConfigKeys (ConfUtils.java:logGet(43)) - raft.server.storage.dir = [/workdir/hadoop-ozone/integration-test/target/test-dir/MiniOzoneClusterImpl-36bd9e64-229c-43b0-8f36-7d73050474c0/datanode-5/data/ratis] (custom)
2019-09-25 11:10:24,012 [pool-723-thread-1] INFO  storage.RaftStorageDirectory (RaftStorageDirectory.java:analyzeStorage(246)) - The storage directory /workdir/hadoop-ozone/integration-test/target/test-dir/MiniOzoneClusterImpl-36bd9e64-229c-43b0-8f36-7d73050474c0/datanode-5/data/ratis/d5c8b533-e66f-4353-8781-6ac606eee33e does not exist. Creating ...
2019-09-25 11:10:24,025 [pool-723-thread-1] INFO  storage.RaftStorageDirectory (RaftStorageDirectory.java:tryLock(328)) - Lock on /workdir/hadoop-ozone/integration-test/target/test-dir/MiniOzoneClusterImpl-36bd9e64-229c-43b0-8f36-7d73050474c0/datanode-5/data/ratis/d5c8b533-e66f-4353-8781-6ac606eee33e/in_use.lock acquired by nodename 21763@pr-hdds-1569-5gmkr-4255264070
2019-09-25 11:10:24,038 [pool-723-thread-1] INFO  storage.RaftStorage (RaftStorage.java:format(72)) - Storage directory /workdir/hadoop-ozone/integration-test/target/test-dir/MiniOzoneClusterImpl-36bd9e64-229c-43b0-8f36-7d73050474c0/datanode-5/data/ratis/d5c8b533-e66f-4353-8781-6ac606eee33e has been successfully formatted.
2019-09-25 11:10:24,038 [pool-723-thread-1] INFO  ratis.ContainerStateMachine (ContainerStateMachine.java:loadSnapshot(230)) - group-6AC606EEE33E: The snapshot info is null. Setting the last applied indexto:(t:0, i:~)
2019-09-25 11:10:24,038 [pool-723-thread-1] INFO  server.RaftServerConfigKeys (ConfUtils.java:logGet(43)) - raft.server.notification.no-leader.timeout = 120s (custom)
2019-09-25 11:10:24,038 [pool-723-thread-1] INFO  server.RaftServerConfigKeys (ConfUtils.java:logGet(43)) - raft.server.log.use.memory = false (default)
2019-09-25 11:10:24,038 [pool-723-thread-1] INFO  server.RaftServerConfigKeys (ConfUtils.java:logGet(43)) - raft.server.log.purge.gap = 1000000 (custom)
2019-09-25 11:10:24,039 [pool-723-thread-1] INFO  server.RaftServerConfigKeys (ConfUtils.java:logGet(43)) - raft.server.log.appender.buffer.byte-limit = 33554432 (custom)
2019-09-25 11:10:24,039 [pool-723-thread-1] INFO  server.RaftServerConfigKeys (ConfUtils.java:logGet(43)) - raft.server.log.segment.size.max = 1048576 (custom)
2019-09-25 11:10:24,039 [pool-723-thread-1] INFO  server.RaftServerConfigKeys (ConfUtils.java:logGet(43)) - raft.server.log.segment.cache.num.max = 2 (custom)
2019-09-25 11:10:24,039 [pool-723-thread-1] INFO  segmented.SegmentedRaftLogWorker (SegmentedRaftLogWorker.java:<init>(172)) - new 0f46229f-d487-4784-9d87-cba709966a77@group-6AC606EEE33E-SegmentedRaftLogWorker for RaftStorage:Storage Directory /workdir/hadoop-ozone/integration-test/target/test-dir/MiniOzoneClusterImpl-36bd9e64-229c-43b0-8f36-7d73050474c0/datanode-5/data/ratis/d5c8b533-e66f-4353-8781-6ac606eee33e
2019-09-25 11:10:24,040 [pool-723-thread-1] INFO  server.RaftServerConfigKeys (ConfUtils.java:logGet(43)) - raft.server.log.queue.byte-limit = 2147483647 (custom)
2019-09-25 11:10:24,040 [pool-723-thread-1] INFO  server.RaftServerConfigKeys (ConfUtils.java:logGet(43)) - raft.server.log.queue.element-limit = 1024 (custom)
2019-09-25 11:10:24,040 [pool-723-thread-1] INFO  server.RaftServerConfigKeys (ConfUtils.java:logGet(43)) - raft.server.log.segment.size.max = 1048576 (custom)
2019-09-25 11:10:24,040 [pool-723-thread-1] INFO  server.RaftServerConfigKeys (ConfUtils.java:logGet(43)) - raft.server.log.preallocated.size = 16384 (custom)
2019-09-25 11:10:24,040 [pool-723-thread-1] INFO  server.RaftServerConfigKeys (ConfUtils.java:logGet(43)) - raft.server.log.write.buffer.size = 33554432 (custom)
2019-09-25 11:10:24,041 [pool-723-thread-1] INFO  server.RaftServerConfigKeys (ConfUtils.java:logGet(43)) - raft.server.log.force.sync.num = 128 (default)
2019-09-25 11:10:24,041 [pool-723-thread-1] INFO  server.RaftServerConfigKeys (ConfUtils.java:logGet(43)) - raft.server.log.statemachine.data.sync = true (default)
2019-09-25 11:10:24,041 [pool-723-thread-1] INFO  server.RaftServerConfigKeys (ConfUtils.java:logGet(43)) - raft.server.log.statemachine.data.sync.timeout = 10s (default)
2019-09-25 11:10:24,041 [pool-723-thread-1] INFO  server.RaftServerConfigKeys (ConfUtils.java:logGet(43)) - raft.server.log.statemachine.data.sync.timeout.retry = -1 (default)
2019-09-25 11:10:24,041 [pool-723-thread-1] INFO  server.RaftServerConfigKeys (ConfUtils.java:logGet(43)) - raft.server.log.statemachine.data.caching.enabled = true (custom)
2019-09-25 11:10:24,041 [pool-723-thread-1] INFO  segmented.SegmentedRaftLogWorker (SegmentedRaftLogWorker.java:lambda$new$0(132)) - 0f46229f-d487-4784-9d87-cba709966a77@group-6AC606EEE33E-SegmentedRaftLogWorker: flushIndex: setUnconditionally 0 -> -1
2019-09-25 11:10:24,042 [pool-723-thread-1] INFO  server.RaftServerConfigKeys (ConfUtils.java:logGet(43)) - raft.server.snapshot.auto.trigger.enabled = true (custom)
2019-09-25 11:10:24,042 [pool-723-thread-1] INFO  server.RaftServerConfigKeys (ConfUtils.java:logGet(43)) - raft.server.snapshot.auto.trigger.threshold = 10000 (custom)
2019-09-25 11:10:24,042 [pool-723-thread-1] INFO  server.RaftServerConfigKeys (ConfUtils.java:logGet(43)) - raft.server.snapshot.retention.num.files = 5 (custom)
2019-09-25 11:10:24,042 [pool-723-thread-1] INFO  server.RaftServerConfigKeys (ConfUtils.java:logGet(43)) - raft.server.retrycache.expirytime = 600000ms (custom)
2019-09-25 11:10:24,043 [pool-723-thread-1] INFO  impl.RaftServerImpl (RaftServerImpl.java:start(185)) - 0f46229f-d487-4784-9d87-cba709966a77@group-6AC606EEE33E: start as a follower, conf=-1: [0f46229f-d487-4784-9d87-cba709966a77:192.168.30.6:36619], old=null
2019-09-25 11:10:24,043 [pool-723-thread-1] INFO  impl.RaftServerImpl (RaftServerImpl.java:setRole(174)) - 0f46229f-d487-4784-9d87-cba709966a77@group-6AC606EEE33E: changes role from      null to FOLLOWER at term 0 for startAsFollower
2019-09-25 11:10:24,043 [pool-723-thread-1] INFO  impl.RoleInfo (RoleInfo.java:updateAndGet(143)) - 0f46229f-d487-4784-9d87-cba709966a77: start FollowerState
2019-09-25 11:10:24,043 [pool-723-thread-1] INFO  util.JmxRegister (JmxRegister.java:tryRegister(44)) - Successfully registered JMX Bean with object name Ratis:service=RaftServer,group=group-6AC606EEE33E,id=0f46229f-d487-4784-9d87-cba709966a77
2019-09-25 11:10:24,045 [RatisPipelineUtilsThread] INFO  pipeline.PipelineStateManager (PipelineStateManager.java:addPipeline(56)) - Created pipeline Pipeline[ Id: d5c8b533-e66f-4353-8781-6ac606eee33e, Nodes: 0f46229f-d487-4784-9d87-cba709966a77{ip: 192.168.30.6, host: pr-hdds-1569-5gmkr-4255264070, networkLocation: /default-rack, certSerialId: null}, Type:RATIS, Factor:ONE, State:OPEN]
2019-09-25 11:10:24,048 [grpc-default-executor-1] INFO  impl.RaftServerProxy (RaftServerProxy.java:addNew(89)) - 231d5a30-2990-4b37-835c-52719c996380: addNew group-260535B89D6A:[231d5a30-2990-4b37-835c-52719c996380:192.168.30.6:44620] returns group-260535B89D6A:java.util.concurrent.CompletableFuture@d53d360[Not completed]
2019-09-25 11:10:24,049 [pool-713-thread-1] INFO  impl.RaftServerImpl (RaftServerImpl.java:<init>(95)) - 231d5a30-2990-4b37-835c-52719c996380: new RaftServerImpl for group-260535B89D6A:[231d5a30-2990-4b37-835c-52719c996380:192.168.30.6:44620] with ContainerStateMachine:uninitialized
2019-09-25 11:10:24,049 [pool-713-thread-1] INFO  server.RaftServerConfigKeys (ConfUtils.java:logGet(43)) - raft.server.rpc.timeout.min = 5s (custom)
2019-09-25 11:10:24,049 [pool-713-thread-1] INFO  server.RaftServerConfigKeys (ConfUtils.java:logGet(43)) - raft.server.rpc.timeout.max = 5200ms (custom)
2019-09-25 11:10:24,050 [pool-713-thread-1] INFO  server.RaftServerConfigKeys (ConfUtils.java:logGet(43)) - raft.server.rpcslowness.timeout = 120s (custom)
2019-09-25 11:10:24,050 [pool-713-thread-1] INFO  server.RaftServerConfigKeys (ConfUtils.java:logGet(43)) - raft.server.sleep.deviation.threshold = 300 (default)
2019-09-25 11:10:24,050 [pool-713-thread-1] INFO  server.RaftServerConfigKeys (ConfUtils.java:logGet(43)) - raft.server.log.appender.install.snapshot.enabled = false (custom)
2019-09-25 11:10:24,050 [pool-713-thread-1] INFO  impl.RaftServerImpl (ServerState.java:<init>(103)) - 231d5a30-2990-4b37-835c-52719c996380@group-260535B89D6A: ConfigurationManager, init=-1: [231d5a30-2990-4b37-835c-52719c996380:192.168.30.6:44620], old=null, confs=<EMPTY_MAP>
2019-09-25 11:10:24,050 [pool-713-thread-1] INFO  server.RaftServerConfigKeys (ConfUtils.java:logGet(43)) - raft.server.storage.dir = [/workdir/hadoop-ozone/integration-test/target/test-dir/MiniOzoneClusterImpl-36bd9e64-229c-43b0-8f36-7d73050474c0/datanode-4/data/ratis] (custom)
2019-09-25 11:10:24,050 [pool-713-thread-1] INFO  storage.RaftStorageDirectory (RaftStorageDirectory.java:analyzeStorage(246)) - The storage directory /workdir/hadoop-ozone/integration-test/target/test-dir/MiniOzoneClusterImpl-36bd9e64-229c-43b0-8f36-7d73050474c0/datanode-4/data/ratis/78659a7c-0ff1-4548-9319-260535b89d6a does not exist. Creating ...
2019-09-25 11:10:24,066 [pool-713-thread-1] INFO  storage.RaftStorageDirectory (RaftStorageDirectory.java:tryLock(328)) - Lock on /workdir/hadoop-ozone/integration-test/target/test-dir/MiniOzoneClusterImpl-36bd9e64-229c-43b0-8f36-7d73050474c0/datanode-4/data/ratis/78659a7c-0ff1-4548-9319-260535b89d6a/in_use.lock acquired by nodename 21763@pr-hdds-1569-5gmkr-4255264070
2019-09-25 11:10:24,079 [pool-713-thread-1] INFO  storage.RaftStorage (RaftStorage.java:format(72)) - Storage directory /workdir/hadoop-ozone/integration-test/target/test-dir/MiniOzoneClusterImpl-36bd9e64-229c-43b0-8f36-7d73050474c0/datanode-4/data/ratis/78659a7c-0ff1-4548-9319-260535b89d6a has been successfully formatted.
2019-09-25 11:10:24,079 [pool-713-thread-1] INFO  ratis.ContainerStateMachine (ContainerStateMachine.java:loadSnapshot(230)) - group-260535B89D6A: The snapshot info is null. Setting the last applied indexto:(t:0, i:~)
2019-09-25 11:10:24,079 [pool-713-thread-1] INFO  server.RaftServerConfigKeys (ConfUtils.java:logGet(43)) - raft.server.notification.no-leader.timeout = 120s (custom)
2019-09-25 11:10:24,079 [pool-713-thread-1] INFO  server.RaftServerConfigKeys (ConfUtils.java:logGet(43)) - raft.server.log.use.memory = false (default)
2019-09-25 11:10:24,079 [pool-713-thread-1] INFO  server.RaftServerConfigKeys (ConfUtils.java:logGet(43)) - raft.server.log.purge.gap = 1000000 (custom)
2019-09-25 11:10:24,080 [pool-713-thread-1] INFO  server.RaftServerConfigKeys (ConfUtils.java:logGet(43)) - raft.server.log.appender.buffer.byte-limit = 33554432 (custom)
2019-09-25 11:10:24,080 [pool-713-thread-1] INFO  server.RaftServerConfigKeys (ConfUtils.java:logGet(43)) - raft.server.log.segment.size.max = 1048576 (custom)
2019-09-25 11:10:24,080 [pool-713-thread-1] INFO  server.RaftServerConfigKeys (ConfUtils.java:logGet(43)) - raft.server.log.segment.cache.num.max = 2 (custom)
2019-09-25 11:10:24,080 [pool-713-thread-1] INFO  segmented.SegmentedRaftLogWorker (SegmentedRaftLogWorker.java:<init>(172)) - new 231d5a30-2990-4b37-835c-52719c996380@group-260535B89D6A-SegmentedRaftLogWorker for RaftStorage:Storage Directory /workdir/hadoop-ozone/integration-test/target/test-dir/MiniOzoneClusterImpl-36bd9e64-229c-43b0-8f36-7d73050474c0/datanode-4/data/ratis/78659a7c-0ff1-4548-9319-260535b89d6a
2019-09-25 11:10:24,080 [pool-713-thread-1] INFO  server.RaftServerConfigKeys (ConfUtils.java:logGet(43)) - raft.server.log.queue.byte-limit = 2147483647 (custom)
2019-09-25 11:10:24,080 [pool-713-thread-1] INFO  server.RaftServerConfigKeys (ConfUtils.java:logGet(43)) - raft.server.log.queue.element-limit = 1024 (custom)
2019-09-25 11:10:24,080 [pool-713-thread-1] INFO  server.RaftServerConfigKeys (ConfUtils.java:logGet(43)) - raft.server.log.segment.size.max = 1048576 (custom)
2019-09-25 11:10:24,081 [pool-713-thread-1] INFO  server.RaftServerConfigKeys (ConfUtils.java:logGet(43)) - raft.server.log.preallocated.size = 16384 (custom)
2019-09-25 11:10:24,081 [pool-713-thread-1] INFO  server.RaftServerConfigKeys (ConfUtils.java:logGet(43)) - raft.server.log.write.buffer.size = 33554432 (custom)
2019-09-25 11:10:24,081 [pool-713-thread-1] INFO  server.RaftServerConfigKeys (ConfUtils.java:logGet(43)) - raft.server.log.force.sync.num = 128 (default)
2019-09-25 11:10:24,081 [pool-713-thread-1] INFO  server.RaftServerConfigKeys (ConfUtils.java:logGet(43)) - raft.server.log.statemachine.data.sync = true (default)
2019-09-25 11:10:24,081 [pool-713-thread-1] INFO  server.RaftServerConfigKeys (ConfUtils.java:logGet(43)) - raft.server.log.statemachine.data.sync.timeout = 10s (default)
2019-09-25 11:10:24,081 [pool-713-thread-1] INFO  server.RaftServerConfigKeys (ConfUtils.java:logGet(43)) - raft.server.log.statemachine.data.sync.timeout.retry = -1 (default)
2019-09-25 11:10:24,081 [pool-713-thread-1] INFO  server.RaftServerConfigKeys (ConfUtils.java:logGet(43)) - raft.server.log.statemachine.data.caching.enabled = true (custom)
2019-09-25 11:10:24,082 [pool-713-thread-1] INFO  segmented.SegmentedRaftLogWorker (SegmentedRaftLogWorker.java:lambda$new$0(132)) - 231d5a30-2990-4b37-835c-52719c996380@group-260535B89D6A-SegmentedRaftLogWorker: flushIndex: setUnconditionally 0 -> -1
2019-09-25 11:10:24,082 [pool-713-thread-1] INFO  server.RaftServerConfigKeys (ConfUtils.java:logGet(43)) - raft.server.snapshot.auto.trigger.enabled = true (custom)
2019-09-25 11:10:24,082 [pool-713-thread-1] INFO  server.RaftServerConfigKeys (ConfUtils.java:logGet(43)) - raft.server.snapshot.auto.trigger.threshold = 10000 (custom)
2019-09-25 11:10:24,082 [pool-713-thread-1] INFO  server.RaftServerConfigKeys (ConfUtils.java:logGet(43)) - raft.server.snapshot.retention.num.files = 5 (custom)
2019-09-25 11:10:24,082 [pool-713-thread-1] INFO  server.RaftServerConfigKeys (ConfUtils.java:logGet(43)) - raft.server.retrycache.expirytime = 600000ms (custom)
2019-09-25 11:10:24,084 [pool-713-thread-1] INFO  impl.RaftServerImpl (RaftServerImpl.java:start(185)) - 231d5a30-2990-4b37-835c-52719c996380@group-260535B89D6A: start as a follower, conf=-1: [231d5a30-2990-4b37-835c-52719c996380:192.168.30.6:44620], old=null
2019-09-25 11:10:24,084 [pool-713-thread-1] INFO  impl.RaftServerImpl (RaftServerImpl.java:setRole(174)) - 231d5a30-2990-4b37-835c-52719c996380@group-260535B89D6A: changes role from      null to FOLLOWER at term 0 for startAsFollower
2019-09-25 11:10:24,084 [pool-713-thread-1] INFO  impl.RoleInfo (RoleInfo.java:updateAndGet(143)) - 231d5a30-2990-4b37-835c-52719c996380: start FollowerState
2019-09-25 11:10:24,084 [pool-713-thread-1] INFO  util.JmxRegister (JmxRegister.java:tryRegister(44)) - Successfully registered JMX Bean with object name Ratis:service=RaftServer,group=group-260535B89D6A,id=231d5a30-2990-4b37-835c-52719c996380
2019-09-25 11:10:24,086 [RatisPipelineUtilsThread] INFO  pipeline.PipelineStateManager (PipelineStateManager.java:addPipeline(56)) - Created pipeline Pipeline[ Id: 78659a7c-0ff1-4548-9319-260535b89d6a, Nodes: 231d5a30-2990-4b37-835c-52719c996380{ip: 192.168.30.6, host: pr-hdds-1569-5gmkr-4255264070, networkLocation: /default-rack, certSerialId: null}, Type:RATIS, Factor:ONE, State:OPEN]
2019-09-25 11:10:24,089 [grpc-default-executor-1] INFO  impl.RaftServerProxy (RaftServerProxy.java:addNew(89)) - 0f46229f-d487-4784-9d87-cba709966a77: addNew group-3C2107EAC773:[0f46229f-d487-4784-9d87-cba709966a77:192.168.30.6:36619] returns group-3C2107EAC773:java.util.concurrent.CompletableFuture@7f10391e[Not completed]
2019-09-25 11:10:24,090 [pool-723-thread-1] INFO  impl.RaftServerImpl (RaftServerImpl.java:<init>(95)) - 0f46229f-d487-4784-9d87-cba709966a77: new RaftServerImpl for group-3C2107EAC773:[0f46229f-d487-4784-9d87-cba709966a77:192.168.30.6:36619] with ContainerStateMachine:uninitialized
2019-09-25 11:10:24,090 [pool-723-thread-1] INFO  server.RaftServerConfigKeys (ConfUtils.java:logGet(43)) - raft.server.rpc.timeout.min = 5s (custom)
2019-09-25 11:10:24,091 [pool-723-thread-1] INFO  server.RaftServerConfigKeys (ConfUtils.java:logGet(43)) - raft.server.rpc.timeout.max = 5200ms (custom)
2019-09-25 11:10:24,091 [pool-723-thread-1] INFO  server.RaftServerConfigKeys (ConfUtils.java:logGet(43)) - raft.server.rpcslowness.timeout = 120s (custom)
2019-09-25 11:10:24,091 [pool-723-thread-1] INFO  server.RaftServerConfigKeys (ConfUtils.java:logGet(43)) - raft.server.sleep.deviation.threshold = 300 (default)
2019-09-25 11:10:24,091 [pool-723-thread-1] INFO  server.RaftServerConfigKeys (ConfUtils.java:logGet(43)) - raft.server.log.appender.install.snapshot.enabled = false (custom)
2019-09-25 11:10:24,091 [pool-723-thread-1] INFO  impl.RaftServerImpl (ServerState.java:<init>(103)) - 0f46229f-d487-4784-9d87-cba709966a77@group-3C2107EAC773: ConfigurationManager, init=-1: [0f46229f-d487-4784-9d87-cba709966a77:192.168.30.6:36619], old=null, confs=<EMPTY_MAP>
2019-09-25 11:10:24,091 [pool-723-thread-1] INFO  server.RaftServerConfigKeys (ConfUtils.java:logGet(43)) - raft.server.storage.dir = [/workdir/hadoop-ozone/integration-test/target/test-dir/MiniOzoneClusterImpl-36bd9e64-229c-43b0-8f36-7d73050474c0/datanode-5/data/ratis] (custom)
2019-09-25 11:10:24,092 [pool-723-thread-1] INFO  storage.RaftStorageDirectory (RaftStorageDirectory.java:analyzeStorage(246)) - The storage directory /workdir/hadoop-ozone/integration-test/target/test-dir/MiniOzoneClusterImpl-36bd9e64-229c-43b0-8f36-7d73050474c0/datanode-5/data/ratis/705ae459-620e-4746-9dd7-3c2107eac773 does not exist. Creating ...
2019-09-25 11:10:24,105 [pool-723-thread-1] INFO  storage.RaftStorageDirectory (RaftStorageDirectory.java:tryLock(328)) - Lock on /workdir/hadoop-ozone/integration-test/target/test-dir/MiniOzoneClusterImpl-36bd9e64-229c-43b0-8f36-7d73050474c0/datanode-5/data/ratis/705ae459-620e-4746-9dd7-3c2107eac773/in_use.lock acquired by nodename 21763@pr-hdds-1569-5gmkr-4255264070
2019-09-25 11:10:24,117 [pool-723-thread-1] INFO  storage.RaftStorage (RaftStorage.java:format(72)) - Storage directory /workdir/hadoop-ozone/integration-test/target/test-dir/MiniOzoneClusterImpl-36bd9e64-229c-43b0-8f36-7d73050474c0/datanode-5/data/ratis/705ae459-620e-4746-9dd7-3c2107eac773 has been successfully formatted.
2019-09-25 11:10:24,117 [pool-723-thread-1] INFO  ratis.ContainerStateMachine (ContainerStateMachine.java:loadSnapshot(230)) - group-3C2107EAC773: The snapshot info is null. Setting the last applied indexto:(t:0, i:~)
2019-09-25 11:10:24,117 [pool-723-thread-1] INFO  server.RaftServerConfigKeys (ConfUtils.java:logGet(43)) - raft.server.notification.no-leader.timeout = 120s (custom)
2019-09-25 11:10:24,117 [pool-723-thread-1] INFO  server.RaftServerConfigKeys (ConfUtils.java:logGet(43)) - raft.server.log.use.memory = false (default)
2019-09-25 11:10:24,118 [pool-723-thread-1] INFO  server.RaftServerConfigKeys (ConfUtils.java:logGet(43)) - raft.server.log.purge.gap = 1000000 (custom)
2019-09-25 11:10:24,118 [pool-723-thread-1] INFO  server.RaftServerConfigKeys (ConfUtils.java:logGet(43)) - raft.server.log.appender.buffer.byte-limit = 33554432 (custom)
2019-09-25 11:10:24,118 [pool-723-thread-1] INFO  server.RaftServerConfigKeys (ConfUtils.java:logGet(43)) - raft.server.log.segment.size.max = 1048576 (custom)
2019-09-25 11:10:24,118 [pool-723-thread-1] INFO  server.RaftServerConfigKeys (ConfUtils.java:logGet(43)) - raft.server.log.segment.cache.num.max = 2 (custom)
2019-09-25 11:10:24,118 [pool-723-thread-1] INFO  segmented.SegmentedRaftLogWorker (SegmentedRaftLogWorker.java:<init>(172)) - new 0f46229f-d487-4784-9d87-cba709966a77@group-3C2107EAC773-SegmentedRaftLogWorker for RaftStorage:Storage Directory /workdir/hadoop-ozone/integration-test/target/test-dir/MiniOzoneClusterImpl-36bd9e64-229c-43b0-8f36-7d73050474c0/datanode-5/data/ratis/705ae459-620e-4746-9dd7-3c2107eac773
2019-09-25 11:10:24,118 [pool-723-thread-1] INFO  server.RaftServerConfigKeys (ConfUtils.java:logGet(43)) - raft.server.log.queue.byte-limit = 2147483647 (custom)
2019-09-25 11:10:24,118 [pool-723-thread-1] INFO  server.RaftServerConfigKeys (ConfUtils.java:logGet(43)) - raft.server.log.queue.element-limit = 1024 (custom)
2019-09-25 11:10:24,118 [pool-723-thread-1] INFO  server.RaftServerConfigKeys (ConfUtils.java:logGet(43)) - raft.server.log.segment.size.max = 1048576 (custom)
2019-09-25 11:10:24,119 [pool-723-thread-1] INFO  server.RaftServerConfigKeys (ConfUtils.java:logGet(43)) - raft.server.log.preallocated.size = 16384 (custom)
2019-09-25 11:10:24,119 [pool-723-thread-1] INFO  server.RaftServerConfigKeys (ConfUtils.java:logGet(43)) - raft.server.log.write.buffer.size = 33554432 (custom)
2019-09-25 11:10:24,119 [pool-723-thread-1] INFO  server.RaftServerConfigKeys (ConfUtils.java:logGet(43)) - raft.server.log.force.sync.num = 128 (default)
2019-09-25 11:10:24,119 [pool-723-thread-1] INFO  server.RaftServerConfigKeys (ConfUtils.java:logGet(43)) - raft.server.log.statemachine.data.sync = true (default)
2019-09-25 11:10:24,119 [pool-723-thread-1] INFO  server.RaftServerConfigKeys (ConfUtils.java:logGet(43)) - raft.server.log.statemachine.data.sync.timeout = 10s (default)
2019-09-25 11:10:24,119 [pool-723-thread-1] INFO  server.RaftServerConfigKeys (ConfUtils.java:logGet(43)) - raft.server.log.statemachine.data.sync.timeout.retry = -1 (default)
2019-09-25 11:10:24,119 [pool-723-thread-1] INFO  server.RaftServerConfigKeys (ConfUtils.java:logGet(43)) - raft.server.log.statemachine.data.caching.enabled = true (custom)
2019-09-25 11:10:24,119 [pool-723-thread-1] INFO  segmented.SegmentedRaftLogWorker (SegmentedRaftLogWorker.java:lambda$new$0(132)) - 0f46229f-d487-4784-9d87-cba709966a77@group-3C2107EAC773-SegmentedRaftLogWorker: flushIndex: setUnconditionally 0 -> -1
2019-09-25 11:10:24,120 [pool-723-thread-1] INFO  server.RaftServerConfigKeys (ConfUtils.java:logGet(43)) - raft.server.snapshot.auto.trigger.enabled = true (custom)
2019-09-25 11:10:24,120 [pool-723-thread-1] INFO  server.RaftServerConfigKeys (ConfUtils.java:logGet(43)) - raft.server.snapshot.auto.trigger.threshold = 10000 (custom)
2019-09-25 11:10:24,120 [pool-723-thread-1] INFO  server.RaftServerConfigKeys (ConfUtils.java:logGet(43)) - raft.server.snapshot.retention.num.files = 5 (custom)
2019-09-25 11:10:24,120 [pool-723-thread-1] INFO  server.RaftServerConfigKeys (ConfUtils.java:logGet(43)) - raft.server.retrycache.expirytime = 600000ms (custom)
2019-09-25 11:10:24,121 [pool-723-thread-1] INFO  impl.RaftServerImpl (RaftServerImpl.java:start(185)) - 0f46229f-d487-4784-9d87-cba709966a77@group-3C2107EAC773: start as a follower, conf=-1: [0f46229f-d487-4784-9d87-cba709966a77:192.168.30.6:36619], old=null
2019-09-25 11:10:24,121 [pool-723-thread-1] INFO  impl.RaftServerImpl (RaftServerImpl.java:setRole(174)) - 0f46229f-d487-4784-9d87-cba709966a77@group-3C2107EAC773: changes role from      null to FOLLOWER at term 0 for startAsFollower
2019-09-25 11:10:24,121 [pool-723-thread-1] INFO  impl.RoleInfo (RoleInfo.java:updateAndGet(143)) - 0f46229f-d487-4784-9d87-cba709966a77: start FollowerState
2019-09-25 11:10:24,122 [pool-723-thread-1] INFO  util.JmxRegister (JmxRegister.java:tryRegister(44)) - Successfully registered JMX Bean with object name Ratis:service=RaftServer,group=group-3C2107EAC773,id=0f46229f-d487-4784-9d87-cba709966a77
2019-09-25 11:10:24,123 [RatisPipelineUtilsThread] INFO  pipeline.PipelineStateManager (PipelineStateManager.java:addPipeline(56)) - Created pipeline Pipeline[ Id: 705ae459-620e-4746-9dd7-3c2107eac773, Nodes: 0f46229f-d487-4784-9d87-cba709966a77{ip: 192.168.30.6, host: pr-hdds-1569-5gmkr-4255264070, networkLocation: /default-rack, certSerialId: null}, Type:RATIS, Factor:ONE, State:OPEN]
2019-09-25 11:10:24,126 [grpc-default-executor-1] INFO  impl.RaftServerProxy (RaftServerProxy.java:addNew(89)) - 231d5a30-2990-4b37-835c-52719c996380: addNew group-FA083F1E7B11:[231d5a30-2990-4b37-835c-52719c996380:192.168.30.6:44620] returns group-FA083F1E7B11:java.util.concurrent.CompletableFuture@45006ea3[Not completed]
2019-09-25 11:10:24,127 [pool-713-thread-1] INFO  impl.RaftServerImpl (RaftServerImpl.java:<init>(95)) - 231d5a30-2990-4b37-835c-52719c996380: new RaftServerImpl for group-FA083F1E7B11:[231d5a30-2990-4b37-835c-52719c996380:192.168.30.6:44620] with ContainerStateMachine:uninitialized
2019-09-25 11:10:24,127 [pool-713-thread-1] INFO  server.RaftServerConfigKeys (ConfUtils.java:logGet(43)) - raft.server.rpc.timeout.min = 5s (custom)
2019-09-25 11:10:24,127 [pool-713-thread-1] INFO  server.RaftServerConfigKeys (ConfUtils.java:logGet(43)) - raft.server.rpc.timeout.max = 5200ms (custom)
2019-09-25 11:10:24,127 [pool-713-thread-1] INFO  server.RaftServerConfigKeys (ConfUtils.java:logGet(43)) - raft.server.rpcslowness.timeout = 120s (custom)
2019-09-25 11:10:24,127 [pool-713-thread-1] INFO  server.RaftServerConfigKeys (ConfUtils.java:logGet(43)) - raft.server.sleep.deviation.threshold = 300 (default)
2019-09-25 11:10:24,127 [pool-713-thread-1] INFO  server.RaftServerConfigKeys (ConfUtils.java:logGet(43)) - raft.server.log.appender.install.snapshot.enabled = false (custom)
2019-09-25 11:10:24,127 [pool-713-thread-1] INFO  impl.RaftServerImpl (ServerState.java:<init>(103)) - 231d5a30-2990-4b37-835c-52719c996380@group-FA083F1E7B11: ConfigurationManager, init=-1: [231d5a30-2990-4b37-835c-52719c996380:192.168.30.6:44620], old=null, confs=<EMPTY_MAP>
2019-09-25 11:10:24,127 [pool-713-thread-1] INFO  server.RaftServerConfigKeys (ConfUtils.java:logGet(43)) - raft.server.storage.dir = [/workdir/hadoop-ozone/integration-test/target/test-dir/MiniOzoneClusterImpl-36bd9e64-229c-43b0-8f36-7d73050474c0/datanode-4/data/ratis] (custom)
2019-09-25 11:10:24,128 [pool-713-thread-1] INFO  storage.RaftStorageDirectory (RaftStorageDirectory.java:analyzeStorage(246)) - The storage directory /workdir/hadoop-ozone/integration-test/target/test-dir/MiniOzoneClusterImpl-36bd9e64-229c-43b0-8f36-7d73050474c0/datanode-4/data/ratis/75d2cfbd-e2af-43b2-8e3c-fa083f1e7b11 does not exist. Creating ...
2019-09-25 11:10:24,141 [pool-713-thread-1] INFO  storage.RaftStorageDirectory (RaftStorageDirectory.java:tryLock(328)) - Lock on /workdir/hadoop-ozone/integration-test/target/test-dir/MiniOzoneClusterImpl-36bd9e64-229c-43b0-8f36-7d73050474c0/datanode-4/data/ratis/75d2cfbd-e2af-43b2-8e3c-fa083f1e7b11/in_use.lock acquired by nodename 21763@pr-hdds-1569-5gmkr-4255264070
2019-09-25 11:10:24,154 [pool-713-thread-1] INFO  storage.RaftStorage (RaftStorage.java:format(72)) - Storage directory /workdir/hadoop-ozone/integration-test/target/test-dir/MiniOzoneClusterImpl-36bd9e64-229c-43b0-8f36-7d73050474c0/datanode-4/data/ratis/75d2cfbd-e2af-43b2-8e3c-fa083f1e7b11 has been successfully formatted.
2019-09-25 11:10:24,154 [pool-713-thread-1] INFO  ratis.ContainerStateMachine (ContainerStateMachine.java:loadSnapshot(230)) - group-FA083F1E7B11: The snapshot info is null. Setting the last applied indexto:(t:0, i:~)
2019-09-25 11:10:24,154 [pool-713-thread-1] INFO  server.RaftServerConfigKeys (ConfUtils.java:logGet(43)) - raft.server.notification.no-leader.timeout = 120s (custom)
2019-09-25 11:10:24,154 [pool-713-thread-1] INFO  server.RaftServerConfigKeys (ConfUtils.java:logGet(43)) - raft.server.log.use.memory = false (default)
2019-09-25 11:10:24,154 [pool-713-thread-1] INFO  server.RaftServerConfigKeys (ConfUtils.java:logGet(43)) - raft.server.log.purge.gap = 1000000 (custom)
2019-09-25 11:10:24,154 [pool-713-thread-1] INFO  server.RaftServerConfigKeys (ConfUtils.java:logGet(43)) - raft.server.log.appender.buffer.byte-limit = 33554432 (custom)
2019-09-25 11:10:24,154 [pool-713-thread-1] INFO  server.RaftServerConfigKeys (ConfUtils.java:logGet(43)) - raft.server.log.segment.size.max = 1048576 (custom)
2019-09-25 11:10:24,155 [pool-713-thread-1] INFO  server.RaftServerConfigKeys (ConfUtils.java:logGet(43)) - raft.server.log.segment.cache.num.max = 2 (custom)
2019-09-25 11:10:24,155 [pool-713-thread-1] INFO  segmented.SegmentedRaftLogWorker (SegmentedRaftLogWorker.java:<init>(172)) - new 231d5a30-2990-4b37-835c-52719c996380@group-FA083F1E7B11-SegmentedRaftLogWorker for RaftStorage:Storage Directory /workdir/hadoop-ozone/integration-test/target/test-dir/MiniOzoneClusterImpl-36bd9e64-229c-43b0-8f36-7d73050474c0/datanode-4/data/ratis/75d2cfbd-e2af-43b2-8e3c-fa083f1e7b11
2019-09-25 11:10:24,155 [pool-713-thread-1] INFO  server.RaftServerConfigKeys (ConfUtils.java:logGet(43)) - raft.server.log.queue.byte-limit = 2147483647 (custom)
2019-09-25 11:10:24,155 [pool-713-thread-1] INFO  server.RaftServerConfigKeys (ConfUtils.java:logGet(43)) - raft.server.log.queue.element-limit = 1024 (custom)
2019-09-25 11:10:24,155 [pool-713-thread-1] INFO  server.RaftServerConfigKeys (ConfUtils.java:logGet(43)) - raft.server.log.segment.size.max = 1048576 (custom)
2019-09-25 11:10:24,155 [pool-713-thread-1] INFO  server.RaftServerConfigKeys (ConfUtils.java:logGet(43)) - raft.server.log.preallocated.size = 16384 (custom)
2019-09-25 11:10:24,155 [pool-713-thread-1] INFO  server.RaftServerConfigKeys (ConfUtils.java:logGet(43)) - raft.server.log.write.buffer.size = 33554432 (custom)
2019-09-25 11:10:24,155 [pool-713-thread-1] INFO  server.RaftServerConfigKeys (ConfUtils.java:logGet(43)) - raft.server.log.force.sync.num = 128 (default)
2019-09-25 11:10:24,156 [pool-713-thread-1] INFO  server.RaftServerConfigKeys (ConfUtils.java:logGet(43)) - raft.server.log.statemachine.data.sync = true (default)
2019-09-25 11:10:24,156 [pool-713-thread-1] INFO  server.RaftServerConfigKeys (ConfUtils.java:logGet(43)) - raft.server.log.statemachine.data.sync.timeout = 10s (default)
2019-09-25 11:10:24,156 [pool-713-thread-1] INFO  server.RaftServerConfigKeys (ConfUtils.java:logGet(43)) - raft.server.log.statemachine.data.sync.timeout.retry = -1 (default)
2019-09-25 11:10:24,156 [pool-713-thread-1] INFO  server.RaftServerConfigKeys (ConfUtils.java:logGet(43)) - raft.server.log.statemachine.data.caching.enabled = true (custom)
2019-09-25 11:10:24,156 [pool-713-thread-1] INFO  segmented.SegmentedRaftLogWorker (SegmentedRaftLogWorker.java:lambda$new$0(132)) - 231d5a30-2990-4b37-835c-52719c996380@group-FA083F1E7B11-SegmentedRaftLogWorker: flushIndex: setUnconditionally 0 -> -1
2019-09-25 11:10:24,156 [pool-713-thread-1] INFO  server.RaftServerConfigKeys (ConfUtils.java:logGet(43)) - raft.server.snapshot.auto.trigger.enabled = true (custom)
2019-09-25 11:10:24,156 [pool-713-thread-1] INFO  server.RaftServerConfigKeys (ConfUtils.java:logGet(43)) - raft.server.snapshot.auto.trigger.threshold = 10000 (custom)
2019-09-25 11:10:24,157 [pool-713-thread-1] INFO  server.RaftServerConfigKeys (ConfUtils.java:logGet(43)) - raft.server.snapshot.retention.num.files = 5 (custom)
2019-09-25 11:10:24,157 [pool-713-thread-1] INFO  server.RaftServerConfigKeys (ConfUtils.java:logGet(43)) - raft.server.retrycache.expirytime = 600000ms (custom)
2019-09-25 11:10:24,158 [pool-713-thread-1] INFO  impl.RaftServerImpl (RaftServerImpl.java:start(185)) - 231d5a30-2990-4b37-835c-52719c996380@group-FA083F1E7B11: start as a follower, conf=-1: [231d5a30-2990-4b37-835c-52719c996380:192.168.30.6:44620], old=null
2019-09-25 11:10:24,159 [pool-713-thread-1] INFO  impl.RaftServerImpl (RaftServerImpl.java:setRole(174)) - 231d5a30-2990-4b37-835c-52719c996380@group-FA083F1E7B11: changes role from      null to FOLLOWER at term 0 for startAsFollower
2019-09-25 11:10:24,159 [pool-713-thread-1] INFO  impl.RoleInfo (RoleInfo.java:updateAndGet(143)) - 231d5a30-2990-4b37-835c-52719c996380: start FollowerState
2019-09-25 11:10:24,159 [pool-713-thread-1] INFO  util.JmxRegister (JmxRegister.java:tryRegister(44)) - Successfully registered JMX Bean with object name Ratis:service=RaftServer,group=group-FA083F1E7B11,id=231d5a30-2990-4b37-835c-52719c996380
2019-09-25 11:10:24,161 [RatisPipelineUtilsThread] INFO  pipeline.PipelineStateManager (PipelineStateManager.java:addPipeline(56)) - Created pipeline Pipeline[ Id: 75d2cfbd-e2af-43b2-8e3c-fa083f1e7b11, Nodes: 231d5a30-2990-4b37-835c-52719c996380{ip: 192.168.30.6, host: pr-hdds-1569-5gmkr-4255264070, networkLocation: /default-rack, certSerialId: null}, Type:RATIS, Factor:ONE, State:OPEN]
2019-09-25 11:10:24,164 [grpc-default-executor-1] INFO  impl.RaftServerProxy (RaftServerProxy.java:addNew(89)) - 79e2f6f7-785e-4584-a2b0-6f2cf2bd33a1: addNew group-3CD30251AB4A:[79e2f6f7-785e-4584-a2b0-6f2cf2bd33a1:192.168.30.6:45176] returns group-3CD30251AB4A:java.util.concurrent.CompletableFuture@6f7c8a12[Not completed]
2019-09-25 11:10:24,165 [pool-703-thread-1] INFO  impl.RaftServerImpl (RaftServerImpl.java:<init>(95)) - 79e2f6f7-785e-4584-a2b0-6f2cf2bd33a1: new RaftServerImpl for group-3CD30251AB4A:[79e2f6f7-785e-4584-a2b0-6f2cf2bd33a1:192.168.30.6:45176] with ContainerStateMachine:uninitialized
2019-09-25 11:10:24,165 [pool-703-thread-1] INFO  server.RaftServerConfigKeys (ConfUtils.java:logGet(43)) - raft.server.rpc.timeout.min = 5s (custom)
2019-09-25 11:10:24,165 [pool-703-thread-1] INFO  server.RaftServerConfigKeys (ConfUtils.java:logGet(43)) - raft.server.rpc.timeout.max = 5200ms (custom)
2019-09-25 11:10:24,166 [pool-703-thread-1] INFO  server.RaftServerConfigKeys (ConfUtils.java:logGet(43)) - raft.server.rpcslowness.timeout = 120s (custom)
2019-09-25 11:10:24,166 [pool-703-thread-1] INFO  server.RaftServerConfigKeys (ConfUtils.java:logGet(43)) - raft.server.sleep.deviation.threshold = 300 (default)
2019-09-25 11:10:24,166 [pool-703-thread-1] INFO  server.RaftServerConfigKeys (ConfUtils.java:logGet(43)) - raft.server.log.appender.install.snapshot.enabled = false (custom)
2019-09-25 11:10:24,166 [pool-703-thread-1] INFO  impl.RaftServerImpl (ServerState.java:<init>(103)) - 79e2f6f7-785e-4584-a2b0-6f2cf2bd33a1@group-3CD30251AB4A: ConfigurationManager, init=-1: [79e2f6f7-785e-4584-a2b0-6f2cf2bd33a1:192.168.30.6:45176], old=null, confs=<EMPTY_MAP>
2019-09-25 11:10:24,166 [pool-703-thread-1] INFO  server.RaftServerConfigKeys (ConfUtils.java:logGet(43)) - raft.server.storage.dir = [/workdir/hadoop-ozone/integration-test/target/test-dir/MiniOzoneClusterImpl-36bd9e64-229c-43b0-8f36-7d73050474c0/datanode-3/data/ratis] (custom)
2019-09-25 11:10:24,167 [pool-703-thread-1] INFO  storage.RaftStorageDirectory (RaftStorageDirectory.java:analyzeStorage(246)) - The storage directory /workdir/hadoop-ozone/integration-test/target/test-dir/MiniOzoneClusterImpl-36bd9e64-229c-43b0-8f36-7d73050474c0/datanode-3/data/ratis/f136c70f-79fb-4b5d-b711-3cd30251ab4a does not exist. Creating ...
2019-09-25 11:10:24,179 [pool-703-thread-1] INFO  storage.RaftStorageDirectory (RaftStorageDirectory.java:tryLock(328)) - Lock on /workdir/hadoop-ozone/integration-test/target/test-dir/MiniOzoneClusterImpl-36bd9e64-229c-43b0-8f36-7d73050474c0/datanode-3/data/ratis/f136c70f-79fb-4b5d-b711-3cd30251ab4a/in_use.lock acquired by nodename 21763@pr-hdds-1569-5gmkr-4255264070
2019-09-25 11:10:24,192 [pool-703-thread-1] INFO  storage.RaftStorage (RaftStorage.java:format(72)) - Storage directory /workdir/hadoop-ozone/integration-test/target/test-dir/MiniOzoneClusterImpl-36bd9e64-229c-43b0-8f36-7d73050474c0/datanode-3/data/ratis/f136c70f-79fb-4b5d-b711-3cd30251ab4a has been successfully formatted.
2019-09-25 11:10:24,193 [pool-703-thread-1] INFO  ratis.ContainerStateMachine (ContainerStateMachine.java:loadSnapshot(230)) - group-3CD30251AB4A: The snapshot info is null. Setting the last applied indexto:(t:0, i:~)
2019-09-25 11:10:24,193 [pool-703-thread-1] INFO  server.RaftServerConfigKeys (ConfUtils.java:logGet(43)) - raft.server.notification.no-leader.timeout = 120s (custom)
2019-09-25 11:10:24,193 [pool-703-thread-1] INFO  server.RaftServerConfigKeys (ConfUtils.java:logGet(43)) - raft.server.log.use.memory = false (default)
2019-09-25 11:10:24,193 [pool-703-thread-1] INFO  server.RaftServerConfigKeys (ConfUtils.java:logGet(43)) - raft.server.log.purge.gap = 1000000 (custom)
2019-09-25 11:10:24,193 [pool-703-thread-1] INFO  server.RaftServerConfigKeys (ConfUtils.java:logGet(43)) - raft.server.log.appender.buffer.byte-limit = 33554432 (custom)
2019-09-25 11:10:24,193 [pool-703-thread-1] INFO  server.RaftServerConfigKeys (ConfUtils.java:logGet(43)) - raft.server.log.segment.size.max = 1048576 (custom)
2019-09-25 11:10:24,194 [pool-703-thread-1] INFO  server.RaftServerConfigKeys (ConfUtils.java:logGet(43)) - raft.server.log.segment.cache.num.max = 2 (custom)
2019-09-25 11:10:24,194 [pool-703-thread-1] INFO  segmented.SegmentedRaftLogWorker (SegmentedRaftLogWorker.java:<init>(172)) - new 79e2f6f7-785e-4584-a2b0-6f2cf2bd33a1@group-3CD30251AB4A-SegmentedRaftLogWorker for RaftStorage:Storage Directory /workdir/hadoop-ozone/integration-test/target/test-dir/MiniOzoneClusterImpl-36bd9e64-229c-43b0-8f36-7d73050474c0/datanode-3/data/ratis/f136c70f-79fb-4b5d-b711-3cd30251ab4a
2019-09-25 11:10:24,194 [pool-703-thread-1] INFO  server.RaftServerConfigKeys (ConfUtils.java:logGet(43)) - raft.server.log.queue.byte-limit = 2147483647 (custom)
2019-09-25 11:10:24,194 [pool-703-thread-1] INFO  server.RaftServerConfigKeys (ConfUtils.java:logGet(43)) - raft.server.log.queue.element-limit = 1024 (custom)
2019-09-25 11:10:24,194 [pool-703-thread-1] INFO  server.RaftServerConfigKeys (ConfUtils.java:logGet(43)) - raft.server.log.segment.size.max = 1048576 (custom)
2019-09-25 11:10:24,194 [pool-703-thread-1] INFO  server.RaftServerConfigKeys (ConfUtils.java:logGet(43)) - raft.server.log.preallocated.size = 16384 (custom)
2019-09-25 11:10:24,194 [pool-703-thread-1] INFO  server.RaftServerConfigKeys (ConfUtils.java:logGet(43)) - raft.server.log.write.buffer.size = 33554432 (custom)
2019-09-25 11:10:24,195 [pool-703-thread-1] INFO  server.RaftServerConfigKeys (ConfUtils.java:logGet(43)) - raft.server.log.force.sync.num = 128 (default)
2019-09-25 11:10:24,195 [pool-703-thread-1] INFO  server.RaftServerConfigKeys (ConfUtils.java:logGet(43)) - raft.server.log.statemachine.data.sync = true (default)
2019-09-25 11:10:24,195 [pool-703-thread-1] INFO  server.RaftServerConfigKeys (ConfUtils.java:logGet(43)) - raft.server.log.statemachine.data.sync.timeout = 10s (default)
2019-09-25 11:10:24,195 [pool-703-thread-1] INFO  server.RaftServerConfigKeys (ConfUtils.java:logGet(43)) - raft.server.log.statemachine.data.sync.timeout.retry = -1 (default)
2019-09-25 11:10:24,195 [pool-703-thread-1] INFO  server.RaftServerConfigKeys (ConfUtils.java:logGet(43)) - raft.server.log.statemachine.data.caching.enabled = true (custom)
2019-09-25 11:10:24,195 [pool-703-thread-1] INFO  segmented.SegmentedRaftLogWorker (SegmentedRaftLogWorker.java:lambda$new$0(132)) - 79e2f6f7-785e-4584-a2b0-6f2cf2bd33a1@group-3CD30251AB4A-SegmentedRaftLogWorker: flushIndex: setUnconditionally 0 -> -1
2019-09-25 11:10:24,196 [pool-703-thread-1] INFO  server.RaftServerConfigKeys (ConfUtils.java:logGet(43)) - raft.server.snapshot.auto.trigger.enabled = true (custom)
2019-09-25 11:10:24,196 [pool-703-thread-1] INFO  server.RaftServerConfigKeys (ConfUtils.java:logGet(43)) - raft.server.snapshot.auto.trigger.threshold = 10000 (custom)
2019-09-25 11:10:24,196 [pool-703-thread-1] INFO  server.RaftServerConfigKeys (ConfUtils.java:logGet(43)) - raft.server.snapshot.retention.num.files = 5 (custom)
2019-09-25 11:10:24,196 [pool-703-thread-1] INFO  server.RaftServerConfigKeys (ConfUtils.java:logGet(43)) - raft.server.retrycache.expirytime = 600000ms (custom)
2019-09-25 11:10:24,198 [pool-703-thread-1] INFO  impl.RaftServerImpl (RaftServerImpl.java:start(185)) - 79e2f6f7-785e-4584-a2b0-6f2cf2bd33a1@group-3CD30251AB4A: start as a follower, conf=-1: [79e2f6f7-785e-4584-a2b0-6f2cf2bd33a1:192.168.30.6:45176], old=null
2019-09-25 11:10:24,198 [pool-703-thread-1] INFO  impl.RaftServerImpl (RaftServerImpl.java:setRole(174)) - 79e2f6f7-785e-4584-a2b0-6f2cf2bd33a1@group-3CD30251AB4A: changes role from      null to FOLLOWER at term 0 for startAsFollower
2019-09-25 11:10:24,198 [pool-703-thread-1] INFO  impl.RoleInfo (RoleInfo.java:updateAndGet(143)) - 79e2f6f7-785e-4584-a2b0-6f2cf2bd33a1: start FollowerState
2019-09-25 11:10:24,199 [pool-703-thread-1] INFO  util.JmxRegister (JmxRegister.java:tryRegister(44)) - Successfully registered JMX Bean with object name Ratis:service=RaftServer,group=group-3CD30251AB4A,id=79e2f6f7-785e-4584-a2b0-6f2cf2bd33a1
2019-09-25 11:10:24,201 [RatisPipelineUtilsThread] INFO  pipeline.PipelineStateManager (PipelineStateManager.java:addPipeline(56)) - Created pipeline Pipeline[ Id: f136c70f-79fb-4b5d-b711-3cd30251ab4a, Nodes: 79e2f6f7-785e-4584-a2b0-6f2cf2bd33a1{ip: 192.168.30.6, host: pr-hdds-1569-5gmkr-4255264070, networkLocation: /default-rack, certSerialId: null}, Type:RATIS, Factor:ONE, State:OPEN]
2019-09-25 11:10:24,204 [grpc-default-executor-1] INFO  impl.RaftServerProxy (RaftServerProxy.java:addNew(89)) - 79e2f6f7-785e-4584-a2b0-6f2cf2bd33a1: addNew group-A77A2EC9CD1D:[79e2f6f7-785e-4584-a2b0-6f2cf2bd33a1:192.168.30.6:45176] returns group-A77A2EC9CD1D:java.util.concurrent.CompletableFuture@24e79a9e[Not completed]
2019-09-25 11:10:24,204 [pool-703-thread-1] INFO  impl.RaftServerImpl (RaftServerImpl.java:<init>(95)) - 79e2f6f7-785e-4584-a2b0-6f2cf2bd33a1: new RaftServerImpl for group-A77A2EC9CD1D:[79e2f6f7-785e-4584-a2b0-6f2cf2bd33a1:192.168.30.6:45176] with ContainerStateMachine:uninitialized
2019-09-25 11:10:24,204 [pool-703-thread-1] INFO  server.RaftServerConfigKeys (ConfUtils.java:logGet(43)) - raft.server.rpc.timeout.min = 5s (custom)
2019-09-25 11:10:24,205 [pool-703-thread-1] INFO  server.RaftServerConfigKeys (ConfUtils.java:logGet(43)) - raft.server.rpc.timeout.max = 5200ms (custom)
2019-09-25 11:10:24,205 [pool-703-thread-1] INFO  server.RaftServerConfigKeys (ConfUtils.java:logGet(43)) - raft.server.rpcslowness.timeout = 120s (custom)
2019-09-25 11:10:24,205 [pool-703-thread-1] INFO  server.RaftServerConfigKeys (ConfUtils.java:logGet(43)) - raft.server.sleep.deviation.threshold = 300 (default)
2019-09-25 11:10:24,205 [pool-703-thread-1] INFO  server.RaftServerConfigKeys (ConfUtils.java:logGet(43)) - raft.server.log.appender.install.snapshot.enabled = false (custom)
2019-09-25 11:10:24,205 [pool-703-thread-1] INFO  impl.RaftServerImpl (ServerState.java:<init>(103)) - 79e2f6f7-785e-4584-a2b0-6f2cf2bd33a1@group-A77A2EC9CD1D: ConfigurationManager, init=-1: [79e2f6f7-785e-4584-a2b0-6f2cf2bd33a1:192.168.30.6:45176], old=null, confs=<EMPTY_MAP>
2019-09-25 11:10:24,205 [pool-703-thread-1] INFO  server.RaftServerConfigKeys (ConfUtils.java:logGet(43)) - raft.server.storage.dir = [/workdir/hadoop-ozone/integration-test/target/test-dir/MiniOzoneClusterImpl-36bd9e64-229c-43b0-8f36-7d73050474c0/datanode-3/data/ratis] (custom)
2019-09-25 11:10:24,206 [pool-703-thread-1] INFO  storage.RaftStorageDirectory (RaftStorageDirectory.java:analyzeStorage(246)) - The storage directory /workdir/hadoop-ozone/integration-test/target/test-dir/MiniOzoneClusterImpl-36bd9e64-229c-43b0-8f36-7d73050474c0/datanode-3/data/ratis/deed1504-a8a5-461e-aea7-a77a2ec9cd1d does not exist. Creating ...
2019-09-25 11:10:24,213 [pool-703-thread-1] INFO  storage.RaftStorageDirectory (RaftStorageDirectory.java:tryLock(328)) - Lock on /workdir/hadoop-ozone/integration-test/target/test-dir/MiniOzoneClusterImpl-36bd9e64-229c-43b0-8f36-7d73050474c0/datanode-3/data/ratis/deed1504-a8a5-461e-aea7-a77a2ec9cd1d/in_use.lock acquired by nodename 21763@pr-hdds-1569-5gmkr-4255264070
2019-09-25 11:10:24,227 [pool-703-thread-1] INFO  storage.RaftStorage (RaftStorage.java:format(72)) - Storage directory /workdir/hadoop-ozone/integration-test/target/test-dir/MiniOzoneClusterImpl-36bd9e64-229c-43b0-8f36-7d73050474c0/datanode-3/data/ratis/deed1504-a8a5-461e-aea7-a77a2ec9cd1d has been successfully formatted.
2019-09-25 11:10:24,227 [pool-703-thread-1] INFO  ratis.ContainerStateMachine (ContainerStateMachine.java:loadSnapshot(230)) - group-A77A2EC9CD1D: The snapshot info is null. Setting the last applied indexto:(t:0, i:~)
2019-09-25 11:10:24,227 [pool-703-thread-1] INFO  server.RaftServerConfigKeys (ConfUtils.java:logGet(43)) - raft.server.notification.no-leader.timeout = 120s (custom)
2019-09-25 11:10:24,228 [pool-703-thread-1] INFO  server.RaftServerConfigKeys (ConfUtils.java:logGet(43)) - raft.server.log.use.memory = false (default)
2019-09-25 11:10:24,228 [pool-703-thread-1] INFO  server.RaftServerConfigKeys (ConfUtils.java:logGet(43)) - raft.server.log.purge.gap = 1000000 (custom)
2019-09-25 11:10:24,228 [pool-703-thread-1] INFO  server.RaftServerConfigKeys (ConfUtils.java:logGet(43)) - raft.server.log.appender.buffer.byte-limit = 33554432 (custom)
2019-09-25 11:10:24,228 [pool-703-thread-1] INFO  server.RaftServerConfigKeys (ConfUtils.java:logGet(43)) - raft.server.log.segment.size.max = 1048576 (custom)
2019-09-25 11:10:24,228 [pool-703-thread-1] INFO  server.RaftServerConfigKeys (ConfUtils.java:logGet(43)) - raft.server.log.segment.cache.num.max = 2 (custom)
2019-09-25 11:10:24,229 [pool-703-thread-1] INFO  segmented.SegmentedRaftLogWorker (SegmentedRaftLogWorker.java:<init>(172)) - new 79e2f6f7-785e-4584-a2b0-6f2cf2bd33a1@group-A77A2EC9CD1D-SegmentedRaftLogWorker for RaftStorage:Storage Directory /workdir/hadoop-ozone/integration-test/target/test-dir/MiniOzoneClusterImpl-36bd9e64-229c-43b0-8f36-7d73050474c0/datanode-3/data/ratis/deed1504-a8a5-461e-aea7-a77a2ec9cd1d
2019-09-25 11:10:24,229 [pool-703-thread-1] INFO  server.RaftServerConfigKeys (ConfUtils.java:logGet(43)) - raft.server.log.queue.byte-limit = 2147483647 (custom)
2019-09-25 11:10:24,229 [pool-703-thread-1] INFO  server.RaftServerConfigKeys (ConfUtils.java:logGet(43)) - raft.server.log.queue.element-limit = 1024 (custom)
2019-09-25 11:10:24,229 [pool-703-thread-1] INFO  server.RaftServerConfigKeys (ConfUtils.java:logGet(43)) - raft.server.log.segment.size.max = 1048576 (custom)
2019-09-25 11:10:24,229 [pool-703-thread-1] INFO  server.RaftServerConfigKeys (ConfUtils.java:logGet(43)) - raft.server.log.preallocated.size = 16384 (custom)
2019-09-25 11:10:24,229 [pool-703-thread-1] INFO  server.RaftServerConfigKeys (ConfUtils.java:logGet(43)) - raft.server.log.write.buffer.size = 33554432 (custom)
2019-09-25 11:10:24,229 [pool-703-thread-1] INFO  server.RaftServerConfigKeys (ConfUtils.java:logGet(43)) - raft.server.log.force.sync.num = 128 (default)
2019-09-25 11:10:24,230 [pool-703-thread-1] INFO  server.RaftServerConfigKeys (ConfUtils.java:logGet(43)) - raft.server.log.statemachine.data.sync = true (default)
2019-09-25 11:10:24,230 [pool-703-thread-1] INFO  server.RaftServerConfigKeys (ConfUtils.java:logGet(43)) - raft.server.log.statemachine.data.sync.timeout = 10s (default)
2019-09-25 11:10:24,230 [pool-703-thread-1] INFO  server.RaftServerConfigKeys (ConfUtils.java:logGet(43)) - raft.server.log.statemachine.data.sync.timeout.retry = -1 (default)
2019-09-25 11:10:24,230 [pool-703-thread-1] INFO  server.RaftServerConfigKeys (ConfUtils.java:logGet(43)) - raft.server.log.statemachine.data.caching.enabled = true (custom)
2019-09-25 11:10:24,230 [pool-703-thread-1] INFO  segmented.SegmentedRaftLogWorker (SegmentedRaftLogWorker.java:lambda$new$0(132)) - 79e2f6f7-785e-4584-a2b0-6f2cf2bd33a1@group-A77A2EC9CD1D-SegmentedRaftLogWorker: flushIndex: setUnconditionally 0 -> -1
2019-09-25 11:10:24,231 [pool-703-thread-1] INFO  server.RaftServerConfigKeys (ConfUtils.java:logGet(43)) - raft.server.snapshot.auto.trigger.enabled = true (custom)
2019-09-25 11:10:24,231 [pool-703-thread-1] INFO  server.RaftServerConfigKeys (ConfUtils.java:logGet(43)) - raft.server.snapshot.auto.trigger.threshold = 10000 (custom)
2019-09-25 11:10:24,231 [pool-703-thread-1] INFO  server.RaftServerConfigKeys (ConfUtils.java:logGet(43)) - raft.server.snapshot.retention.num.files = 5 (custom)
2019-09-25 11:10:24,231 [pool-703-thread-1] INFO  server.RaftServerConfigKeys (ConfUtils.java:logGet(43)) - raft.server.retrycache.expirytime = 600000ms (custom)
2019-09-25 11:10:24,233 [pool-703-thread-1] INFO  impl.RaftServerImpl (RaftServerImpl.java:start(185)) - 79e2f6f7-785e-4584-a2b0-6f2cf2bd33a1@group-A77A2EC9CD1D: start as a follower, conf=-1: [79e2f6f7-785e-4584-a2b0-6f2cf2bd33a1:192.168.30.6:45176], old=null
2019-09-25 11:10:24,234 [pool-703-thread-1] INFO  impl.RaftServerImpl (RaftServerImpl.java:setRole(174)) - 79e2f6f7-785e-4584-a2b0-6f2cf2bd33a1@group-A77A2EC9CD1D: changes role from      null to FOLLOWER at term 0 for startAsFollower
2019-09-25 11:10:24,234 [pool-703-thread-1] INFO  impl.RoleInfo (RoleInfo.java:updateAndGet(143)) - 79e2f6f7-785e-4584-a2b0-6f2cf2bd33a1: start FollowerState
2019-09-25 11:10:24,234 [pool-703-thread-1] INFO  util.JmxRegister (JmxRegister.java:tryRegister(44)) - Successfully registered JMX Bean with object name Ratis:service=RaftServer,group=group-A77A2EC9CD1D,id=79e2f6f7-785e-4584-a2b0-6f2cf2bd33a1
2019-09-25 11:10:24,236 [RatisPipelineUtilsThread] INFO  pipeline.PipelineStateManager (PipelineStateManager.java:addPipeline(56)) - Created pipeline Pipeline[ Id: deed1504-a8a5-461e-aea7-a77a2ec9cd1d, Nodes: 79e2f6f7-785e-4584-a2b0-6f2cf2bd33a1{ip: 192.168.30.6, host: pr-hdds-1569-5gmkr-4255264070, networkLocation: /default-rack, certSerialId: null}, Type:RATIS, Factor:ONE, State:OPEN]
2019-09-25 11:10:24,240 [grpc-default-executor-1] INFO  impl.RaftServerProxy (RaftServerProxy.java:addNew(89)) - 231d5a30-2990-4b37-835c-52719c996380: addNew group-CB2D659DB079:[231d5a30-2990-4b37-835c-52719c996380:192.168.30.6:44620] returns group-CB2D659DB079:java.util.concurrent.CompletableFuture@6a90c83b[Not completed]
2019-09-25 11:10:24,240 [pool-713-thread-1] INFO  impl.RaftServerImpl (RaftServerImpl.java:<init>(95)) - 231d5a30-2990-4b37-835c-52719c996380: new RaftServerImpl for group-CB2D659DB079:[231d5a30-2990-4b37-835c-52719c996380:192.168.30.6:44620] with ContainerStateMachine:uninitialized
2019-09-25 11:10:24,240 [pool-713-thread-1] INFO  server.RaftServerConfigKeys (ConfUtils.java:logGet(43)) - raft.server.rpc.timeout.min = 5s (custom)
2019-09-25 11:10:24,240 [pool-713-thread-1] INFO  server.RaftServerConfigKeys (ConfUtils.java:logGet(43)) - raft.server.rpc.timeout.max = 5200ms (custom)
2019-09-25 11:10:24,241 [pool-713-thread-1] INFO  server.RaftServerConfigKeys (ConfUtils.java:logGet(43)) - raft.server.rpcslowness.timeout = 120s (custom)
2019-09-25 11:10:24,241 [pool-713-thread-1] INFO  server.RaftServerConfigKeys (ConfUtils.java:logGet(43)) - raft.server.sleep.deviation.threshold = 300 (default)
2019-09-25 11:10:24,241 [pool-713-thread-1] INFO  server.RaftServerConfigKeys (ConfUtils.java:logGet(43)) - raft.server.log.appender.install.snapshot.enabled = false (custom)
2019-09-25 11:10:24,241 [pool-713-thread-1] INFO  impl.RaftServerImpl (ServerState.java:<init>(103)) - 231d5a30-2990-4b37-835c-52719c996380@group-CB2D659DB079: ConfigurationManager, init=-1: [231d5a30-2990-4b37-835c-52719c996380:192.168.30.6:44620], old=null, confs=<EMPTY_MAP>
2019-09-25 11:10:24,241 [pool-713-thread-1] INFO  server.RaftServerConfigKeys (ConfUtils.java:logGet(43)) - raft.server.storage.dir = [/workdir/hadoop-ozone/integration-test/target/test-dir/MiniOzoneClusterImpl-36bd9e64-229c-43b0-8f36-7d73050474c0/datanode-4/data/ratis] (custom)
2019-09-25 11:10:24,241 [pool-713-thread-1] INFO  storage.RaftStorageDirectory (RaftStorageDirectory.java:analyzeStorage(246)) - The storage directory /workdir/hadoop-ozone/integration-test/target/test-dir/MiniOzoneClusterImpl-36bd9e64-229c-43b0-8f36-7d73050474c0/datanode-4/data/ratis/aaa71369-9d2a-4f91-8461-cb2d659db079 does not exist. Creating ...
2019-09-25 11:10:24,254 [pool-713-thread-1] INFO  storage.RaftStorageDirectory (RaftStorageDirectory.java:tryLock(328)) - Lock on /workdir/hadoop-ozone/integration-test/target/test-dir/MiniOzoneClusterImpl-36bd9e64-229c-43b0-8f36-7d73050474c0/datanode-4/data/ratis/aaa71369-9d2a-4f91-8461-cb2d659db079/in_use.lock acquired by nodename 21763@pr-hdds-1569-5gmkr-4255264070
2019-09-25 11:10:24,266 [pool-713-thread-1] INFO  storage.RaftStorage (RaftStorage.java:format(72)) - Storage directory /workdir/hadoop-ozone/integration-test/target/test-dir/MiniOzoneClusterImpl-36bd9e64-229c-43b0-8f36-7d73050474c0/datanode-4/data/ratis/aaa71369-9d2a-4f91-8461-cb2d659db079 has been successfully formatted.
2019-09-25 11:10:24,267 [pool-713-thread-1] INFO  ratis.ContainerStateMachine (ContainerStateMachine.java:loadSnapshot(230)) - group-CB2D659DB079: The snapshot info is null. Setting the last applied indexto:(t:0, i:~)
2019-09-25 11:10:24,267 [pool-713-thread-1] INFO  server.RaftServerConfigKeys (ConfUtils.java:logGet(43)) - raft.server.notification.no-leader.timeout = 120s (custom)
2019-09-25 11:10:24,267 [pool-713-thread-1] INFO  server.RaftServerConfigKeys (ConfUtils.java:logGet(43)) - raft.server.log.use.memory = false (default)
2019-09-25 11:10:24,267 [pool-713-thread-1] INFO  server.RaftServerConfigKeys (ConfUtils.java:logGet(43)) - raft.server.log.purge.gap = 1000000 (custom)
2019-09-25 11:10:24,267 [pool-713-thread-1] INFO  server.RaftServerConfigKeys (ConfUtils.java:logGet(43)) - raft.server.log.appender.buffer.byte-limit = 33554432 (custom)
2019-09-25 11:10:24,267 [pool-713-thread-1] INFO  server.RaftServerConfigKeys (ConfUtils.java:logGet(43)) - raft.server.log.segment.size.max = 1048576 (custom)
2019-09-25 11:10:24,267 [pool-713-thread-1] INFO  server.RaftServerConfigKeys (ConfUtils.java:logGet(43)) - raft.server.log.segment.cache.num.max = 2 (custom)
2019-09-25 11:10:24,267 [pool-713-thread-1] INFO  segmented.SegmentedRaftLogWorker (SegmentedRaftLogWorker.java:<init>(172)) - new 231d5a30-2990-4b37-835c-52719c996380@group-CB2D659DB079-SegmentedRaftLogWorker for RaftStorage:Storage Directory /workdir/hadoop-ozone/integration-test/target/test-dir/MiniOzoneClusterImpl-36bd9e64-229c-43b0-8f36-7d73050474c0/datanode-4/data/ratis/aaa71369-9d2a-4f91-8461-cb2d659db079
2019-09-25 11:10:24,267 [pool-713-thread-1] INFO  server.RaftServerConfigKeys (ConfUtils.java:logGet(43)) - raft.server.log.queue.byte-limit = 2147483647 (custom)
2019-09-25 11:10:24,267 [pool-713-thread-1] INFO  server.RaftServerConfigKeys (ConfUtils.java:logGet(43)) - raft.server.log.queue.element-limit = 1024 (custom)
2019-09-25 11:10:24,268 [pool-713-thread-1] INFO  server.RaftServerConfigKeys (ConfUtils.java:logGet(43)) - raft.server.log.segment.size.max = 1048576 (custom)
2019-09-25 11:10:24,268 [pool-713-thread-1] INFO  server.RaftServerConfigKeys (ConfUtils.java:logGet(43)) - raft.server.log.preallocated.size = 16384 (custom)
2019-09-25 11:10:24,268 [pool-713-thread-1] INFO  server.RaftServerConfigKeys (ConfUtils.java:logGet(43)) - raft.server.log.write.buffer.size = 33554432 (custom)
2019-09-25 11:10:24,268 [pool-713-thread-1] INFO  server.RaftServerConfigKeys (ConfUtils.java:logGet(43)) - raft.server.log.force.sync.num = 128 (default)
2019-09-25 11:10:24,268 [pool-713-thread-1] INFO  server.RaftServerConfigKeys (ConfUtils.java:logGet(43)) - raft.server.log.statemachine.data.sync = true (default)
2019-09-25 11:10:24,268 [pool-713-thread-1] INFO  server.RaftServerConfigKeys (ConfUtils.java:logGet(43)) - raft.server.log.statemachine.data.sync.timeout = 10s (default)
2019-09-25 11:10:24,268 [pool-713-thread-1] INFO  server.RaftServerConfigKeys (ConfUtils.java:logGet(43)) - raft.server.log.statemachine.data.sync.timeout.retry = -1 (default)
2019-09-25 11:10:24,268 [pool-713-thread-1] INFO  server.RaftServerConfigKeys (ConfUtils.java:logGet(43)) - raft.server.log.statemachine.data.caching.enabled = true (custom)
2019-09-25 11:10:24,268 [pool-713-thread-1] INFO  segmented.SegmentedRaftLogWorker (SegmentedRaftLogWorker.java:lambda$new$0(132)) - 231d5a30-2990-4b37-835c-52719c996380@group-CB2D659DB079-SegmentedRaftLogWorker: flushIndex: setUnconditionally 0 -> -1
2019-09-25 11:10:24,269 [pool-713-thread-1] INFO  server.RaftServerConfigKeys (ConfUtils.java:logGet(43)) - raft.server.snapshot.auto.trigger.enabled = true (custom)
2019-09-25 11:10:24,269 [pool-713-thread-1] INFO  server.RaftServerConfigKeys (ConfUtils.java:logGet(43)) - raft.server.snapshot.auto.trigger.threshold = 10000 (custom)
2019-09-25 11:10:24,269 [pool-713-thread-1] INFO  server.RaftServerConfigKeys (ConfUtils.java:logGet(43)) - raft.server.snapshot.retention.num.files = 5 (custom)
2019-09-25 11:10:24,269 [pool-713-thread-1] INFO  server.RaftServerConfigKeys (ConfUtils.java:logGet(43)) - raft.server.retrycache.expirytime = 600000ms (custom)
2019-09-25 11:10:24,271 [pool-713-thread-1] INFO  impl.RaftServerImpl (RaftServerImpl.java:start(185)) - 231d5a30-2990-4b37-835c-52719c996380@group-CB2D659DB079: start as a follower, conf=-1: [231d5a30-2990-4b37-835c-52719c996380:192.168.30.6:44620], old=null
2019-09-25 11:10:24,271 [pool-713-thread-1] INFO  impl.RaftServerImpl (RaftServerImpl.java:setRole(174)) - 231d5a30-2990-4b37-835c-52719c996380@group-CB2D659DB079: changes role from      null to FOLLOWER at term 0 for startAsFollower
2019-09-25 11:10:24,271 [pool-713-thread-1] INFO  impl.RoleInfo (RoleInfo.java:updateAndGet(143)) - 231d5a30-2990-4b37-835c-52719c996380: start FollowerState
2019-09-25 11:10:24,271 [pool-713-thread-1] INFO  util.JmxRegister (JmxRegister.java:tryRegister(44)) - Successfully registered JMX Bean with object name Ratis:service=RaftServer,group=group-CB2D659DB079,id=231d5a30-2990-4b37-835c-52719c996380
2019-09-25 11:10:24,273 [RatisPipelineUtilsThread] INFO  pipeline.PipelineStateManager (PipelineStateManager.java:addPipeline(56)) - Created pipeline Pipeline[ Id: aaa71369-9d2a-4f91-8461-cb2d659db079, Nodes: 231d5a30-2990-4b37-835c-52719c996380{ip: 192.168.30.6, host: pr-hdds-1569-5gmkr-4255264070, networkLocation: /default-rack, certSerialId: null}, Type:RATIS, Factor:ONE, State:OPEN]
2019-09-25 11:10:24,277 [grpc-default-executor-1] INFO  impl.RaftServerProxy (RaftServerProxy.java:addNew(89)) - 09fcc576-174a-4714-a677-8a28b3c19a40: addNew group-5AAFFE2F297A:[09fcc576-174a-4714-a677-8a28b3c19a40:192.168.30.6:45814] returns group-5AAFFE2F297A:java.util.concurrent.CompletableFuture@3401e814[Not completed]
2019-09-25 11:10:24,278 [pool-693-thread-1] INFO  impl.RaftServerImpl (RaftServerImpl.java:<init>(95)) - 09fcc576-174a-4714-a677-8a28b3c19a40: new RaftServerImpl for group-5AAFFE2F297A:[09fcc576-174a-4714-a677-8a28b3c19a40:192.168.30.6:45814] with ContainerStateMachine:uninitialized
2019-09-25 11:10:24,278 [pool-693-thread-1] INFO  server.RaftServerConfigKeys (ConfUtils.java:logGet(43)) - raft.server.rpc.timeout.min = 5s (custom)
2019-09-25 11:10:24,278 [pool-693-thread-1] INFO  server.RaftServerConfigKeys (ConfUtils.java:logGet(43)) - raft.server.rpc.timeout.max = 5200ms (custom)
2019-09-25 11:10:24,278 [pool-693-thread-1] INFO  server.RaftServerConfigKeys (ConfUtils.java:logGet(43)) - raft.server.rpcslowness.timeout = 120s (custom)
2019-09-25 11:10:24,278 [pool-693-thread-1] INFO  server.RaftServerConfigKeys (ConfUtils.java:logGet(43)) - raft.server.sleep.deviation.threshold = 300 (default)
2019-09-25 11:10:24,278 [pool-693-thread-1] INFO  server.RaftServerConfigKeys (ConfUtils.java:logGet(43)) - raft.server.log.appender.install.snapshot.enabled = false (custom)
2019-09-25 11:10:24,278 [pool-693-thread-1] INFO  impl.RaftServerImpl (ServerState.java:<init>(103)) - 09fcc576-174a-4714-a677-8a28b3c19a40@group-5AAFFE2F297A: ConfigurationManager, init=-1: [09fcc576-174a-4714-a677-8a28b3c19a40:192.168.30.6:45814], old=null, confs=<EMPTY_MAP>
2019-09-25 11:10:24,279 [pool-693-thread-1] INFO  server.RaftServerConfigKeys (ConfUtils.java:logGet(43)) - raft.server.storage.dir = [/workdir/hadoop-ozone/integration-test/target/test-dir/MiniOzoneClusterImpl-36bd9e64-229c-43b0-8f36-7d73050474c0/datanode-2/data/ratis] (custom)
2019-09-25 11:10:24,279 [pool-693-thread-1] INFO  storage.RaftStorageDirectory (RaftStorageDirectory.java:analyzeStorage(246)) - The storage directory /workdir/hadoop-ozone/integration-test/target/test-dir/MiniOzoneClusterImpl-36bd9e64-229c-43b0-8f36-7d73050474c0/datanode-2/data/ratis/372431c3-798d-45fd-9503-5aaffe2f297a does not exist. Creating ...
2019-09-25 11:10:24,291 [pool-693-thread-1] INFO  storage.RaftStorageDirectory (RaftStorageDirectory.java:tryLock(328)) - Lock on /workdir/hadoop-ozone/integration-test/target/test-dir/MiniOzoneClusterImpl-36bd9e64-229c-43b0-8f36-7d73050474c0/datanode-2/data/ratis/372431c3-798d-45fd-9503-5aaffe2f297a/in_use.lock acquired by nodename 21763@pr-hdds-1569-5gmkr-4255264070
2019-09-25 11:10:24,318 [pool-693-thread-1] INFO  storage.RaftStorage (RaftStorage.java:format(72)) - Storage directory /workdir/hadoop-ozone/integration-test/target/test-dir/MiniOzoneClusterImpl-36bd9e64-229c-43b0-8f36-7d73050474c0/datanode-2/data/ratis/372431c3-798d-45fd-9503-5aaffe2f297a has been successfully formatted.
2019-09-25 11:10:24,319 [pool-693-thread-1] INFO  ratis.ContainerStateMachine (ContainerStateMachine.java:loadSnapshot(230)) - group-5AAFFE2F297A: The snapshot info is null. Setting the last applied indexto:(t:0, i:~)
2019-09-25 11:10:24,319 [pool-693-thread-1] INFO  server.RaftServerConfigKeys (ConfUtils.java:logGet(43)) - raft.server.notification.no-leader.timeout = 120s (custom)
2019-09-25 11:10:24,319 [pool-693-thread-1] INFO  server.RaftServerConfigKeys (ConfUtils.java:logGet(43)) - raft.server.log.use.memory = false (default)
2019-09-25 11:10:24,319 [pool-693-thread-1] INFO  server.RaftServerConfigKeys (ConfUtils.java:logGet(43)) - raft.server.log.purge.gap = 1000000 (custom)
2019-09-25 11:10:24,319 [pool-693-thread-1] INFO  server.RaftServerConfigKeys (ConfUtils.java:logGet(43)) - raft.server.log.appender.buffer.byte-limit = 33554432 (custom)
2019-09-25 11:10:24,319 [pool-693-thread-1] INFO  server.RaftServerConfigKeys (ConfUtils.java:logGet(43)) - raft.server.log.segment.size.max = 1048576 (custom)
2019-09-25 11:10:24,320 [pool-693-thread-1] INFO  server.RaftServerConfigKeys (ConfUtils.java:logGet(43)) - raft.server.log.segment.cache.num.max = 2 (custom)
2019-09-25 11:10:24,320 [pool-693-thread-1] INFO  segmented.SegmentedRaftLogWorker (SegmentedRaftLogWorker.java:<init>(172)) - new 09fcc576-174a-4714-a677-8a28b3c19a40@group-5AAFFE2F297A-SegmentedRaftLogWorker for RaftStorage:Storage Directory /workdir/hadoop-ozone/integration-test/target/test-dir/MiniOzoneClusterImpl-36bd9e64-229c-43b0-8f36-7d73050474c0/datanode-2/data/ratis/372431c3-798d-45fd-9503-5aaffe2f297a
2019-09-25 11:10:24,320 [pool-693-thread-1] INFO  server.RaftServerConfigKeys (ConfUtils.java:logGet(43)) - raft.server.log.queue.byte-limit = 2147483647 (custom)
2019-09-25 11:10:24,320 [pool-693-thread-1] INFO  server.RaftServerConfigKeys (ConfUtils.java:logGet(43)) - raft.server.log.queue.element-limit = 1024 (custom)
2019-09-25 11:10:24,320 [pool-693-thread-1] INFO  server.RaftServerConfigKeys (ConfUtils.java:logGet(43)) - raft.server.log.segment.size.max = 1048576 (custom)
2019-09-25 11:10:24,320 [pool-693-thread-1] INFO  server.RaftServerConfigKeys (ConfUtils.java:logGet(43)) - raft.server.log.preallocated.size = 16384 (custom)
2019-09-25 11:10:24,321 [pool-693-thread-1] INFO  server.RaftServerConfigKeys (ConfUtils.java:logGet(43)) - raft.server.log.write.buffer.size = 33554432 (custom)
2019-09-25 11:10:24,321 [pool-693-thread-1] INFO  server.RaftServerConfigKeys (ConfUtils.java:logGet(43)) - raft.server.log.force.sync.num = 128 (default)
2019-09-25 11:10:24,321 [pool-693-thread-1] INFO  server.RaftServerConfigKeys (ConfUtils.java:logGet(43)) - raft.server.log.statemachine.data.sync = true (default)
2019-09-25 11:10:24,321 [pool-693-thread-1] INFO  server.RaftServerConfigKeys (ConfUtils.java:logGet(43)) - raft.server.log.statemachine.data.sync.timeout = 10s (default)
2019-09-25 11:10:24,321 [pool-693-thread-1] INFO  server.RaftServerConfigKeys (ConfUtils.java:logGet(43)) - raft.server.log.statemachine.data.sync.timeout.retry = -1 (default)
2019-09-25 11:10:24,322 [pool-693-thread-1] INFO  server.RaftServerConfigKeys (ConfUtils.java:logGet(43)) - raft.server.log.statemachine.data.caching.enabled = true (custom)
2019-09-25 11:10:24,322 [pool-693-thread-1] INFO  segmented.SegmentedRaftLogWorker (SegmentedRaftLogWorker.java:lambda$new$0(132)) - 09fcc576-174a-4714-a677-8a28b3c19a40@group-5AAFFE2F297A-SegmentedRaftLogWorker: flushIndex: setUnconditionally 0 -> -1
2019-09-25 11:10:24,322 [pool-693-thread-1] INFO  server.RaftServerConfigKeys (ConfUtils.java:logGet(43)) - raft.server.snapshot.auto.trigger.enabled = true (custom)
2019-09-25 11:10:24,322 [pool-693-thread-1] INFO  server.RaftServerConfigKeys (ConfUtils.java:logGet(43)) - raft.server.snapshot.auto.trigger.threshold = 10000 (custom)
2019-09-25 11:10:24,323 [pool-693-thread-1] INFO  server.RaftServerConfigKeys (ConfUtils.java:logGet(43)) - raft.server.snapshot.retention.num.files = 5 (custom)
2019-09-25 11:10:24,323 [pool-693-thread-1] INFO  server.RaftServerConfigKeys (ConfUtils.java:logGet(43)) - raft.server.retrycache.expirytime = 600000ms (custom)
2019-09-25 11:10:24,325 [pool-693-thread-1] INFO  impl.RaftServerImpl (RaftServerImpl.java:start(185)) - 09fcc576-174a-4714-a677-8a28b3c19a40@group-5AAFFE2F297A: start as a follower, conf=-1: [09fcc576-174a-4714-a677-8a28b3c19a40:192.168.30.6:45814], old=null
2019-09-25 11:10:24,325 [pool-693-thread-1] INFO  impl.RaftServerImpl (RaftServerImpl.java:setRole(174)) - 09fcc576-174a-4714-a677-8a28b3c19a40@group-5AAFFE2F297A: changes role from      null to FOLLOWER at term 0 for startAsFollower
2019-09-25 11:10:24,325 [pool-693-thread-1] INFO  impl.RoleInfo (RoleInfo.java:updateAndGet(143)) - 09fcc576-174a-4714-a677-8a28b3c19a40: start FollowerState
2019-09-25 11:10:24,326 [pool-693-thread-1] INFO  util.JmxRegister (JmxRegister.java:tryRegister(44)) - Successfully registered JMX Bean with object name Ratis:service=RaftServer,group=group-5AAFFE2F297A,id=09fcc576-174a-4714-a677-8a28b3c19a40
2019-09-25 11:10:24,328 [RatisPipelineUtilsThread] INFO  pipeline.PipelineStateManager (PipelineStateManager.java:addPipeline(56)) - Created pipeline Pipeline[ Id: 372431c3-798d-45fd-9503-5aaffe2f297a, Nodes: 09fcc576-174a-4714-a677-8a28b3c19a40{ip: 192.168.30.6, host: pr-hdds-1569-5gmkr-4255264070, networkLocation: /default-rack, certSerialId: null}, Type:RATIS, Factor:ONE, State:OPEN]
2019-09-25 11:10:24,331 [grpc-default-executor-1] INFO  impl.RaftServerProxy (RaftServerProxy.java:addNew(89)) - 9260b2c2-77d0-40af-9a4b-242b57e61325: addNew group-E31C878E0E74:[9260b2c2-77d0-40af-9a4b-242b57e61325:192.168.30.6:43860] returns group-E31C878E0E74:java.util.concurrent.CompletableFuture@6454f2f[Not completed]
2019-09-25 11:10:24,333 [pool-683-thread-1] INFO  impl.RaftServerImpl (RaftServerImpl.java:<init>(95)) - 9260b2c2-77d0-40af-9a4b-242b57e61325: new RaftServerImpl for group-E31C878E0E74:[9260b2c2-77d0-40af-9a4b-242b57e61325:192.168.30.6:43860] with ContainerStateMachine:uninitialized
2019-09-25 11:10:24,333 [pool-683-thread-1] INFO  server.RaftServerConfigKeys (ConfUtils.java:logGet(43)) - raft.server.rpc.timeout.min = 5s (custom)
2019-09-25 11:10:24,333 [pool-683-thread-1] INFO  server.RaftServerConfigKeys (ConfUtils.java:logGet(43)) - raft.server.rpc.timeout.max = 5200ms (custom)
2019-09-25 11:10:24,333 [pool-683-thread-1] INFO  server.RaftServerConfigKeys (ConfUtils.java:logGet(43)) - raft.server.rpcslowness.timeout = 120s (custom)
2019-09-25 11:10:24,333 [pool-683-thread-1] INFO  server.RaftServerConfigKeys (ConfUtils.java:logGet(43)) - raft.server.sleep.deviation.threshold = 300 (default)
2019-09-25 11:10:24,334 [pool-683-thread-1] INFO  server.RaftServerConfigKeys (ConfUtils.java:logGet(43)) - raft.server.log.appender.install.snapshot.enabled = false (custom)
2019-09-25 11:10:24,334 [pool-683-thread-1] INFO  impl.RaftServerImpl (ServerState.java:<init>(103)) - 9260b2c2-77d0-40af-9a4b-242b57e61325@group-E31C878E0E74: ConfigurationManager, init=-1: [9260b2c2-77d0-40af-9a4b-242b57e61325:192.168.30.6:43860], old=null, confs=<EMPTY_MAP>
2019-09-25 11:10:24,334 [pool-683-thread-1] INFO  server.RaftServerConfigKeys (ConfUtils.java:logGet(43)) - raft.server.storage.dir = [/workdir/hadoop-ozone/integration-test/target/test-dir/MiniOzoneClusterImpl-36bd9e64-229c-43b0-8f36-7d73050474c0/datanode-1/data/ratis] (custom)
2019-09-25 11:10:24,334 [pool-683-thread-1] INFO  storage.RaftStorageDirectory (RaftStorageDirectory.java:analyzeStorage(246)) - The storage directory /workdir/hadoop-ozone/integration-test/target/test-dir/MiniOzoneClusterImpl-36bd9e64-229c-43b0-8f36-7d73050474c0/datanode-1/data/ratis/508e7b05-cafe-448c-857d-e31c878e0e74 does not exist. Creating ...
2019-09-25 11:10:24,348 [pool-683-thread-1] INFO  storage.RaftStorageDirectory (RaftStorageDirectory.java:tryLock(328)) - Lock on /workdir/hadoop-ozone/integration-test/target/test-dir/MiniOzoneClusterImpl-36bd9e64-229c-43b0-8f36-7d73050474c0/datanode-1/data/ratis/508e7b05-cafe-448c-857d-e31c878e0e74/in_use.lock acquired by nodename 21763@pr-hdds-1569-5gmkr-4255264070
2019-09-25 11:10:24,361 [pool-683-thread-1] INFO  storage.RaftStorage (RaftStorage.java:format(72)) - Storage directory /workdir/hadoop-ozone/integration-test/target/test-dir/MiniOzoneClusterImpl-36bd9e64-229c-43b0-8f36-7d73050474c0/datanode-1/data/ratis/508e7b05-cafe-448c-857d-e31c878e0e74 has been successfully formatted.
2019-09-25 11:10:24,361 [pool-683-thread-1] INFO  ratis.ContainerStateMachine (ContainerStateMachine.java:loadSnapshot(230)) - group-E31C878E0E74: The snapshot info is null. Setting the last applied indexto:(t:0, i:~)
2019-09-25 11:10:24,362 [pool-683-thread-1] INFO  server.RaftServerConfigKeys (ConfUtils.java:logGet(43)) - raft.server.notification.no-leader.timeout = 120s (custom)
2019-09-25 11:10:24,362 [pool-683-thread-1] INFO  server.RaftServerConfigKeys (ConfUtils.java:logGet(43)) - raft.server.log.use.memory = false (default)
2019-09-25 11:10:24,362 [pool-683-thread-1] INFO  server.RaftServerConfigKeys (ConfUtils.java:logGet(43)) - raft.server.log.purge.gap = 1000000 (custom)
2019-09-25 11:10:24,362 [pool-683-thread-1] INFO  server.RaftServerConfigKeys (ConfUtils.java:logGet(43)) - raft.server.log.appender.buffer.byte-limit = 33554432 (custom)
2019-09-25 11:10:24,362 [pool-683-thread-1] INFO  server.RaftServerConfigKeys (ConfUtils.java:logGet(43)) - raft.server.log.segment.size.max = 1048576 (custom)
2019-09-25 11:10:24,362 [pool-683-thread-1] INFO  server.RaftServerConfigKeys (ConfUtils.java:logGet(43)) - raft.server.log.segment.cache.num.max = 2 (custom)
2019-09-25 11:10:24,363 [pool-683-thread-1] INFO  segmented.SegmentedRaftLogWorker (SegmentedRaftLogWorker.java:<init>(172)) - new 9260b2c2-77d0-40af-9a4b-242b57e61325@group-E31C878E0E74-SegmentedRaftLogWorker for RaftStorage:Storage Directory /workdir/hadoop-ozone/integration-test/target/test-dir/MiniOzoneClusterImpl-36bd9e64-229c-43b0-8f36-7d73050474c0/datanode-1/data/ratis/508e7b05-cafe-448c-857d-e31c878e0e74
2019-09-25 11:10:24,363 [pool-683-thread-1] INFO  server.RaftServerConfigKeys (ConfUtils.java:logGet(43)) - raft.server.log.queue.byte-limit = 2147483647 (custom)
2019-09-25 11:10:24,363 [pool-683-thread-1] INFO  server.RaftServerConfigKeys (ConfUtils.java:logGet(43)) - raft.server.log.queue.element-limit = 1024 (custom)
2019-09-25 11:10:24,363 [pool-683-thread-1] INFO  server.RaftServerConfigKeys (ConfUtils.java:logGet(43)) - raft.server.log.segment.size.max = 1048576 (custom)
2019-09-25 11:10:24,363 [pool-683-thread-1] INFO  server.RaftServerConfigKeys (ConfUtils.java:logGet(43)) - raft.server.log.preallocated.size = 16384 (custom)
2019-09-25 11:10:24,363 [pool-683-thread-1] INFO  server.RaftServerConfigKeys (ConfUtils.java:logGet(43)) - raft.server.log.write.buffer.size = 33554432 (custom)
2019-09-25 11:10:24,364 [pool-683-thread-1] INFO  server.RaftServerConfigKeys (ConfUtils.java:logGet(43)) - raft.server.log.force.sync.num = 128 (default)
2019-09-25 11:10:24,364 [pool-683-thread-1] INFO  server.RaftServerConfigKeys (ConfUtils.java:logGet(43)) - raft.server.log.statemachine.data.sync = true (default)
2019-09-25 11:10:24,364 [pool-683-thread-1] INFO  server.RaftServerConfigKeys (ConfUtils.java:logGet(43)) - raft.server.log.statemachine.data.sync.timeout = 10s (default)
2019-09-25 11:10:24,364 [pool-683-thread-1] INFO  server.RaftServerConfigKeys (ConfUtils.java:logGet(43)) - raft.server.log.statemachine.data.sync.timeout.retry = -1 (default)
2019-09-25 11:10:24,364 [pool-683-thread-1] INFO  server.RaftServerConfigKeys (ConfUtils.java:logGet(43)) - raft.server.log.statemachine.data.caching.enabled = true (custom)
2019-09-25 11:10:24,364 [pool-683-thread-1] INFO  segmented.SegmentedRaftLogWorker (SegmentedRaftLogWorker.java:lambda$new$0(132)) - 9260b2c2-77d0-40af-9a4b-242b57e61325@group-E31C878E0E74-SegmentedRaftLogWorker: flushIndex: setUnconditionally 0 -> -1
2019-09-25 11:10:24,365 [pool-683-thread-1] INFO  server.RaftServerConfigKeys (ConfUtils.java:logGet(43)) - raft.server.snapshot.auto.trigger.enabled = true (custom)
2019-09-25 11:10:24,365 [pool-683-thread-1] INFO  server.RaftServerConfigKeys (ConfUtils.java:logGet(43)) - raft.server.snapshot.auto.trigger.threshold = 10000 (custom)
2019-09-25 11:10:24,365 [pool-683-thread-1] INFO  server.RaftServerConfigKeys (ConfUtils.java:logGet(43)) - raft.server.snapshot.retention.num.files = 5 (custom)
2019-09-25 11:10:24,365 [pool-683-thread-1] INFO  server.RaftServerConfigKeys (ConfUtils.java:logGet(43)) - raft.server.retrycache.expirytime = 600000ms (custom)
2019-09-25 11:10:24,367 [pool-683-thread-1] INFO  impl.RaftServerImpl (RaftServerImpl.java:start(185)) - 9260b2c2-77d0-40af-9a4b-242b57e61325@group-E31C878E0E74: start as a follower, conf=-1: [9260b2c2-77d0-40af-9a4b-242b57e61325:192.168.30.6:43860], old=null
2019-09-25 11:10:24,367 [pool-683-thread-1] INFO  impl.RaftServerImpl (RaftServerImpl.java:setRole(174)) - 9260b2c2-77d0-40af-9a4b-242b57e61325@group-E31C878E0E74: changes role from      null to FOLLOWER at term 0 for startAsFollower
2019-09-25 11:10:24,367 [pool-683-thread-1] INFO  impl.RoleInfo (RoleInfo.java:updateAndGet(143)) - 9260b2c2-77d0-40af-9a4b-242b57e61325: start FollowerState
2019-09-25 11:10:24,368 [pool-683-thread-1] INFO  util.JmxRegister (JmxRegister.java:tryRegister(44)) - Successfully registered JMX Bean with object name Ratis:service=RaftServer,group=group-E31C878E0E74,id=9260b2c2-77d0-40af-9a4b-242b57e61325
2019-09-25 11:10:24,370 [RatisPipelineUtilsThread] INFO  pipeline.PipelineStateManager (PipelineStateManager.java:addPipeline(56)) - Created pipeline Pipeline[ Id: 508e7b05-cafe-448c-857d-e31c878e0e74, Nodes: 9260b2c2-77d0-40af-9a4b-242b57e61325{ip: 192.168.30.6, host: pr-hdds-1569-5gmkr-4255264070, networkLocation: /default-rack, certSerialId: null}, Type:RATIS, Factor:ONE, State:OPEN]
2019-09-25 11:10:24,373 [grpc-default-executor-1] INFO  impl.RaftServerProxy (RaftServerProxy.java:addNew(89)) - a17b444c-dc8d-41d3-94fa-b87b918595f3: addNew group-75515B0290A3:[a17b444c-dc8d-41d3-94fa-b87b918595f3:192.168.30.6:45831] returns group-75515B0290A3:java.util.concurrent.CompletableFuture@44cf5cb4[Not completed]
2019-09-25 11:10:24,374 [pool-673-thread-1] INFO  impl.RaftServerImpl (RaftServerImpl.java:<init>(95)) - a17b444c-dc8d-41d3-94fa-b87b918595f3: new RaftServerImpl for group-75515B0290A3:[a17b444c-dc8d-41d3-94fa-b87b918595f3:192.168.30.6:45831] with ContainerStateMachine:uninitialized
2019-09-25 11:10:24,374 [pool-673-thread-1] INFO  server.RaftServerConfigKeys (ConfUtils.java:logGet(43)) - raft.server.rpc.timeout.min = 5s (custom)
2019-09-25 11:10:24,374 [pool-673-thread-1] INFO  server.RaftServerConfigKeys (ConfUtils.java:logGet(43)) - raft.server.rpc.timeout.max = 5200ms (custom)
2019-09-25 11:10:24,374 [pool-673-thread-1] INFO  server.RaftServerConfigKeys (ConfUtils.java:logGet(43)) - raft.server.rpcslowness.timeout = 120s (custom)
2019-09-25 11:10:24,374 [pool-673-thread-1] INFO  server.RaftServerConfigKeys (ConfUtils.java:logGet(43)) - raft.server.sleep.deviation.threshold = 300 (default)
2019-09-25 11:10:24,374 [pool-673-thread-1] INFO  server.RaftServerConfigKeys (ConfUtils.java:logGet(43)) - raft.server.log.appender.install.snapshot.enabled = false (custom)
2019-09-25 11:10:24,374 [pool-673-thread-1] INFO  impl.RaftServerImpl (ServerState.java:<init>(103)) - a17b444c-dc8d-41d3-94fa-b87b918595f3@group-75515B0290A3: ConfigurationManager, init=-1: [a17b444c-dc8d-41d3-94fa-b87b918595f3:192.168.30.6:45831], old=null, confs=<EMPTY_MAP>
2019-09-25 11:10:24,375 [pool-673-thread-1] INFO  server.RaftServerConfigKeys (ConfUtils.java:logGet(43)) - raft.server.storage.dir = [/workdir/hadoop-ozone/integration-test/target/test-dir/MiniOzoneClusterImpl-36bd9e64-229c-43b0-8f36-7d73050474c0/datanode-0/data/ratis] (custom)
2019-09-25 11:10:24,375 [pool-673-thread-1] INFO  storage.RaftStorageDirectory (RaftStorageDirectory.java:analyzeStorage(246)) - The storage directory /workdir/hadoop-ozone/integration-test/target/test-dir/MiniOzoneClusterImpl-36bd9e64-229c-43b0-8f36-7d73050474c0/datanode-0/data/ratis/8dd80da4-cd02-4d81-9146-75515b0290a3 does not exist. Creating ...
2019-09-25 11:10:24,388 [pool-673-thread-1] INFO  storage.RaftStorageDirectory (RaftStorageDirectory.java:tryLock(328)) - Lock on /workdir/hadoop-ozone/integration-test/target/test-dir/MiniOzoneClusterImpl-36bd9e64-229c-43b0-8f36-7d73050474c0/datanode-0/data/ratis/8dd80da4-cd02-4d81-9146-75515b0290a3/in_use.lock acquired by nodename 21763@pr-hdds-1569-5gmkr-4255264070
2019-09-25 11:10:24,402 [pool-673-thread-1] INFO  storage.RaftStorage (RaftStorage.java:format(72)) - Storage directory /workdir/hadoop-ozone/integration-test/target/test-dir/MiniOzoneClusterImpl-36bd9e64-229c-43b0-8f36-7d73050474c0/datanode-0/data/ratis/8dd80da4-cd02-4d81-9146-75515b0290a3 has been successfully formatted.
2019-09-25 11:10:24,402 [pool-673-thread-1] INFO  ratis.ContainerStateMachine (ContainerStateMachine.java:loadSnapshot(230)) - group-75515B0290A3: The snapshot info is null. Setting the last applied indexto:(t:0, i:~)
2019-09-25 11:10:24,402 [pool-673-thread-1] INFO  server.RaftServerConfigKeys (ConfUtils.java:logGet(43)) - raft.server.notification.no-leader.timeout = 120s (custom)
2019-09-25 11:10:24,402 [pool-673-thread-1] INFO  server.RaftServerConfigKeys (ConfUtils.java:logGet(43)) - raft.server.log.use.memory = false (default)
2019-09-25 11:10:24,402 [pool-673-thread-1] INFO  server.RaftServerConfigKeys (ConfUtils.java:logGet(43)) - raft.server.log.purge.gap = 1000000 (custom)
2019-09-25 11:10:24,402 [pool-673-thread-1] INFO  server.RaftServerConfigKeys (ConfUtils.java:logGet(43)) - raft.server.log.appender.buffer.byte-limit = 33554432 (custom)
2019-09-25 11:10:24,402 [pool-673-thread-1] INFO  server.RaftServerConfigKeys (ConfUtils.java:logGet(43)) - raft.server.log.segment.size.max = 1048576 (custom)
2019-09-25 11:10:24,403 [pool-673-thread-1] INFO  server.RaftServerConfigKeys (ConfUtils.java:logGet(43)) - raft.server.log.segment.cache.num.max = 2 (custom)
2019-09-25 11:10:24,403 [pool-673-thread-1] INFO  segmented.SegmentedRaftLogWorker (SegmentedRaftLogWorker.java:<init>(172)) - new a17b444c-dc8d-41d3-94fa-b87b918595f3@group-75515B0290A3-SegmentedRaftLogWorker for RaftStorage:Storage Directory /workdir/hadoop-ozone/integration-test/target/test-dir/MiniOzoneClusterImpl-36bd9e64-229c-43b0-8f36-7d73050474c0/datanode-0/data/ratis/8dd80da4-cd02-4d81-9146-75515b0290a3
2019-09-25 11:10:24,403 [pool-673-thread-1] INFO  server.RaftServerConfigKeys (ConfUtils.java:logGet(43)) - raft.server.log.queue.byte-limit = 2147483647 (custom)
2019-09-25 11:10:24,403 [pool-673-thread-1] INFO  server.RaftServerConfigKeys (ConfUtils.java:logGet(43)) - raft.server.log.queue.element-limit = 1024 (custom)
2019-09-25 11:10:24,403 [pool-673-thread-1] INFO  server.RaftServerConfigKeys (ConfUtils.java:logGet(43)) - raft.server.log.segment.size.max = 1048576 (custom)
2019-09-25 11:10:24,403 [pool-673-thread-1] INFO  server.RaftServerConfigKeys (ConfUtils.java:logGet(43)) - raft.server.log.preallocated.size = 16384 (custom)
2019-09-25 11:10:24,403 [pool-673-thread-1] INFO  server.RaftServerConfigKeys (ConfUtils.java:logGet(43)) - raft.server.log.write.buffer.size = 33554432 (custom)
2019-09-25 11:10:24,403 [pool-673-thread-1] INFO  server.RaftServerConfigKeys (ConfUtils.java:logGet(43)) - raft.server.log.force.sync.num = 128 (default)
2019-09-25 11:10:24,404 [pool-673-thread-1] INFO  server.RaftServerConfigKeys (ConfUtils.java:logGet(43)) - raft.server.log.statemachine.data.sync = true (default)
2019-09-25 11:10:24,404 [pool-673-thread-1] INFO  server.RaftServerConfigKeys (ConfUtils.java:logGet(43)) - raft.server.log.statemachine.data.sync.timeout = 10s (default)
2019-09-25 11:10:24,404 [pool-673-thread-1] INFO  server.RaftServerConfigKeys (ConfUtils.java:logGet(43)) - raft.server.log.statemachine.data.sync.timeout.retry = -1 (default)
2019-09-25 11:10:24,404 [pool-673-thread-1] INFO  server.RaftServerConfigKeys (ConfUtils.java:logGet(43)) - raft.server.log.statemachine.data.caching.enabled = true (custom)
2019-09-25 11:10:24,404 [pool-673-thread-1] INFO  segmented.SegmentedRaftLogWorker (SegmentedRaftLogWorker.java:lambda$new$0(132)) - a17b444c-dc8d-41d3-94fa-b87b918595f3@group-75515B0290A3-SegmentedRaftLogWorker: flushIndex: setUnconditionally 0 -> -1
2019-09-25 11:10:24,404 [pool-673-thread-1] INFO  server.RaftServerConfigKeys (ConfUtils.java:logGet(43)) - raft.server.snapshot.auto.trigger.enabled = true (custom)
2019-09-25 11:10:24,405 [pool-673-thread-1] INFO  server.RaftServerConfigKeys (ConfUtils.java:logGet(43)) - raft.server.snapshot.auto.trigger.threshold = 10000 (custom)
2019-09-25 11:10:24,405 [pool-673-thread-1] INFO  server.RaftServerConfigKeys (ConfUtils.java:logGet(43)) - raft.server.snapshot.retention.num.files = 5 (custom)
2019-09-25 11:10:24,405 [pool-673-thread-1] INFO  server.RaftServerConfigKeys (ConfUtils.java:logGet(43)) - raft.server.retrycache.expirytime = 600000ms (custom)
2019-09-25 11:10:24,406 [pool-673-thread-1] INFO  impl.RaftServerImpl (RaftServerImpl.java:start(185)) - a17b444c-dc8d-41d3-94fa-b87b918595f3@group-75515B0290A3: start as a follower, conf=-1: [a17b444c-dc8d-41d3-94fa-b87b918595f3:192.168.30.6:45831], old=null
2019-09-25 11:10:24,406 [pool-673-thread-1] INFO  impl.RaftServerImpl (RaftServerImpl.java:setRole(174)) - a17b444c-dc8d-41d3-94fa-b87b918595f3@group-75515B0290A3: changes role from      null to FOLLOWER at term 0 for startAsFollower
2019-09-25 11:10:24,406 [pool-673-thread-1] INFO  impl.RoleInfo (RoleInfo.java:updateAndGet(143)) - a17b444c-dc8d-41d3-94fa-b87b918595f3: start FollowerState
2019-09-25 11:10:24,407 [pool-673-thread-1] INFO  util.JmxRegister (JmxRegister.java:tryRegister(44)) - Successfully registered JMX Bean with object name Ratis:service=RaftServer,group=group-75515B0290A3,id=a17b444c-dc8d-41d3-94fa-b87b918595f3
2019-09-25 11:10:24,408 [RatisPipelineUtilsThread] INFO  pipeline.PipelineStateManager (PipelineStateManager.java:addPipeline(56)) - Created pipeline Pipeline[ Id: 8dd80da4-cd02-4d81-9146-75515b0290a3, Nodes: a17b444c-dc8d-41d3-94fa-b87b918595f3{ip: 192.168.30.6, host: pr-hdds-1569-5gmkr-4255264070, networkLocation: /default-rack, certSerialId: null}, Type:RATIS, Factor:ONE, State:OPEN]
2019-09-25 11:10:24,411 [grpc-default-executor-1] INFO  impl.RaftServerProxy (RaftServerProxy.java:addNew(89)) - a17b444c-dc8d-41d3-94fa-b87b918595f3: addNew group-460C2ADC2676:[a17b444c-dc8d-41d3-94fa-b87b918595f3:192.168.30.6:45831] returns group-460C2ADC2676:java.util.concurrent.CompletableFuture@4693fb65[Not completed]
2019-09-25 11:10:24,412 [pool-673-thread-1] INFO  impl.RaftServerImpl (RaftServerImpl.java:<init>(95)) - a17b444c-dc8d-41d3-94fa-b87b918595f3: new RaftServerImpl for group-460C2ADC2676:[a17b444c-dc8d-41d3-94fa-b87b918595f3:192.168.30.6:45831] with ContainerStateMachine:uninitialized
2019-09-25 11:10:24,412 [pool-673-thread-1] INFO  server.RaftServerConfigKeys (ConfUtils.java:logGet(43)) - raft.server.rpc.timeout.min = 5s (custom)
2019-09-25 11:10:24,412 [pool-673-thread-1] INFO  server.RaftServerConfigKeys (ConfUtils.java:logGet(43)) - raft.server.rpc.timeout.max = 5200ms (custom)
2019-09-25 11:10:24,412 [pool-673-thread-1] INFO  server.RaftServerConfigKeys (ConfUtils.java:logGet(43)) - raft.server.rpcslowness.timeout = 120s (custom)
2019-09-25 11:10:24,412 [pool-673-thread-1] INFO  server.RaftServerConfigKeys (ConfUtils.java:logGet(43)) - raft.server.sleep.deviation.threshold = 300 (default)
2019-09-25 11:10:24,412 [pool-673-thread-1] INFO  server.RaftServerConfigKeys (ConfUtils.java:logGet(43)) - raft.server.log.appender.install.snapshot.enabled = false (custom)
2019-09-25 11:10:24,412 [pool-673-thread-1] INFO  impl.RaftServerImpl (ServerState.java:<init>(103)) - a17b444c-dc8d-41d3-94fa-b87b918595f3@group-460C2ADC2676: ConfigurationManager, init=-1: [a17b444c-dc8d-41d3-94fa-b87b918595f3:192.168.30.6:45831], old=null, confs=<EMPTY_MAP>
2019-09-25 11:10:24,413 [pool-673-thread-1] INFO  server.RaftServerConfigKeys (ConfUtils.java:logGet(43)) - raft.server.storage.dir = [/workdir/hadoop-ozone/integration-test/target/test-dir/MiniOzoneClusterImpl-36bd9e64-229c-43b0-8f36-7d73050474c0/datanode-0/data/ratis] (custom)
2019-09-25 11:10:24,413 [pool-673-thread-1] INFO  storage.RaftStorageDirectory (RaftStorageDirectory.java:analyzeStorage(246)) - The storage directory /workdir/hadoop-ozone/integration-test/target/test-dir/MiniOzoneClusterImpl-36bd9e64-229c-43b0-8f36-7d73050474c0/datanode-0/data/ratis/c40d6fbc-3793-42d3-b2cd-460c2adc2676 does not exist. Creating ...
2019-09-25 11:10:24,425 [pool-673-thread-1] INFO  storage.RaftStorageDirectory (RaftStorageDirectory.java:tryLock(328)) - Lock on /workdir/hadoop-ozone/integration-test/target/test-dir/MiniOzoneClusterImpl-36bd9e64-229c-43b0-8f36-7d73050474c0/datanode-0/data/ratis/c40d6fbc-3793-42d3-b2cd-460c2adc2676/in_use.lock acquired by nodename 21763@pr-hdds-1569-5gmkr-4255264070
2019-09-25 11:10:24,439 [pool-673-thread-1] INFO  storage.RaftStorage (RaftStorage.java:format(72)) - Storage directory /workdir/hadoop-ozone/integration-test/target/test-dir/MiniOzoneClusterImpl-36bd9e64-229c-43b0-8f36-7d73050474c0/datanode-0/data/ratis/c40d6fbc-3793-42d3-b2cd-460c2adc2676 has been successfully formatted.
2019-09-25 11:10:24,439 [pool-673-thread-1] INFO  ratis.ContainerStateMachine (ContainerStateMachine.java:loadSnapshot(230)) - group-460C2ADC2676: The snapshot info is null. Setting the last applied indexto:(t:0, i:~)
2019-09-25 11:10:24,439 [pool-673-thread-1] INFO  server.RaftServerConfigKeys (ConfUtils.java:logGet(43)) - raft.server.notification.no-leader.timeout = 120s (custom)
2019-09-25 11:10:24,439 [pool-673-thread-1] INFO  server.RaftServerConfigKeys (ConfUtils.java:logGet(43)) - raft.server.log.use.memory = false (default)
2019-09-25 11:10:24,439 [pool-673-thread-1] INFO  server.RaftServerConfigKeys (ConfUtils.java:logGet(43)) - raft.server.log.purge.gap = 1000000 (custom)
2019-09-25 11:10:24,439 [pool-673-thread-1] INFO  server.RaftServerConfigKeys (ConfUtils.java:logGet(43)) - raft.server.log.appender.buffer.byte-limit = 33554432 (custom)
2019-09-25 11:10:24,439 [pool-673-thread-1] INFO  server.RaftServerConfigKeys (ConfUtils.java:logGet(43)) - raft.server.log.segment.size.max = 1048576 (custom)
2019-09-25 11:10:24,439 [pool-673-thread-1] INFO  server.RaftServerConfigKeys (ConfUtils.java:logGet(43)) - raft.server.log.segment.cache.num.max = 2 (custom)
2019-09-25 11:10:24,440 [pool-673-thread-1] INFO  segmented.SegmentedRaftLogWorker (SegmentedRaftLogWorker.java:<init>(172)) - new a17b444c-dc8d-41d3-94fa-b87b918595f3@group-460C2ADC2676-SegmentedRaftLogWorker for RaftStorage:Storage Directory /workdir/hadoop-ozone/integration-test/target/test-dir/MiniOzoneClusterImpl-36bd9e64-229c-43b0-8f36-7d73050474c0/datanode-0/data/ratis/c40d6fbc-3793-42d3-b2cd-460c2adc2676
2019-09-25 11:10:24,440 [pool-673-thread-1] INFO  server.RaftServerConfigKeys (ConfUtils.java:logGet(43)) - raft.server.log.queue.byte-limit = 2147483647 (custom)
2019-09-25 11:10:24,440 [pool-673-thread-1] INFO  server.RaftServerConfigKeys (ConfUtils.java:logGet(43)) - raft.server.log.queue.element-limit = 1024 (custom)
2019-09-25 11:10:24,440 [pool-673-thread-1] INFO  server.RaftServerConfigKeys (ConfUtils.java:logGet(43)) - raft.server.log.segment.size.max = 1048576 (custom)
2019-09-25 11:10:24,440 [pool-673-thread-1] INFO  server.RaftServerConfigKeys (ConfUtils.java:logGet(43)) - raft.server.log.preallocated.size = 16384 (custom)
2019-09-25 11:10:24,440 [pool-673-thread-1] INFO  server.RaftServerConfigKeys (ConfUtils.java:logGet(43)) - raft.server.log.write.buffer.size = 33554432 (custom)
2019-09-25 11:10:24,440 [pool-673-thread-1] INFO  server.RaftServerConfigKeys (ConfUtils.java:logGet(43)) - raft.server.log.force.sync.num = 128 (default)
2019-09-25 11:10:24,440 [pool-673-thread-1] INFO  server.RaftServerConfigKeys (ConfUtils.java:logGet(43)) - raft.server.log.statemachine.data.sync = true (default)
2019-09-25 11:10:24,440 [pool-673-thread-1] INFO  server.RaftServerConfigKeys (ConfUtils.java:logGet(43)) - raft.server.log.statemachine.data.sync.timeout = 10s (default)
2019-09-25 11:10:24,441 [pool-673-thread-1] INFO  server.RaftServerConfigKeys (ConfUtils.java:logGet(43)) - raft.server.log.statemachine.data.sync.timeout.retry = -1 (default)
2019-09-25 11:10:24,441 [pool-673-thread-1] INFO  server.RaftServerConfigKeys (ConfUtils.java:logGet(43)) - raft.server.log.statemachine.data.caching.enabled = true (custom)
2019-09-25 11:10:24,441 [pool-673-thread-1] INFO  segmented.SegmentedRaftLogWorker (SegmentedRaftLogWorker.java:lambda$new$0(132)) - a17b444c-dc8d-41d3-94fa-b87b918595f3@group-460C2ADC2676-SegmentedRaftLogWorker: flushIndex: setUnconditionally 0 -> -1
2019-09-25 11:10:24,441 [pool-673-thread-1] INFO  server.RaftServerConfigKeys (ConfUtils.java:logGet(43)) - raft.server.snapshot.auto.trigger.enabled = true (custom)
2019-09-25 11:10:24,441 [pool-673-thread-1] INFO  server.RaftServerConfigKeys (ConfUtils.java:logGet(43)) - raft.server.snapshot.auto.trigger.threshold = 10000 (custom)
2019-09-25 11:10:24,441 [pool-673-thread-1] INFO  server.RaftServerConfigKeys (ConfUtils.java:logGet(43)) - raft.server.snapshot.retention.num.files = 5 (custom)
2019-09-25 11:10:24,441 [pool-673-thread-1] INFO  server.RaftServerConfigKeys (ConfUtils.java:logGet(43)) - raft.server.retrycache.expirytime = 600000ms (custom)
2019-09-25 11:10:24,443 [pool-673-thread-1] INFO  impl.RaftServerImpl (RaftServerImpl.java:start(185)) - a17b444c-dc8d-41d3-94fa-b87b918595f3@group-460C2ADC2676: start as a follower, conf=-1: [a17b444c-dc8d-41d3-94fa-b87b918595f3:192.168.30.6:45831], old=null
2019-09-25 11:10:24,443 [pool-673-thread-1] INFO  impl.RaftServerImpl (RaftServerImpl.java:setRole(174)) - a17b444c-dc8d-41d3-94fa-b87b918595f3@group-460C2ADC2676: changes role from      null to FOLLOWER at term 0 for startAsFollower
2019-09-25 11:10:24,443 [pool-673-thread-1] INFO  impl.RoleInfo (RoleInfo.java:updateAndGet(143)) - a17b444c-dc8d-41d3-94fa-b87b918595f3: start FollowerState
2019-09-25 11:10:24,443 [pool-673-thread-1] INFO  util.JmxRegister (JmxRegister.java:tryRegister(44)) - Successfully registered JMX Bean with object name Ratis:service=RaftServer,group=group-460C2ADC2676,id=a17b444c-dc8d-41d3-94fa-b87b918595f3
2019-09-25 11:10:24,447 [RatisPipelineUtilsThread] INFO  pipeline.PipelineStateManager (PipelineStateManager.java:addPipeline(56)) - Created pipeline Pipeline[ Id: c40d6fbc-3793-42d3-b2cd-460c2adc2676, Nodes: a17b444c-dc8d-41d3-94fa-b87b918595f3{ip: 192.168.30.6, host: pr-hdds-1569-5gmkr-4255264070, networkLocation: /default-rack, certSerialId: null}, Type:RATIS, Factor:ONE, State:OPEN]
2019-09-25 11:10:24,450 [grpc-default-executor-1] INFO  impl.RaftServerProxy (RaftServerProxy.java:addNew(89)) - 231d5a30-2990-4b37-835c-52719c996380: addNew group-9751FA5E2C02:[231d5a30-2990-4b37-835c-52719c996380:192.168.30.6:44620] returns group-9751FA5E2C02:java.util.concurrent.CompletableFuture@2d37f82f[Not completed]
2019-09-25 11:10:24,451 [pool-713-thread-1] INFO  impl.RaftServerImpl (RaftServerImpl.java:<init>(95)) - 231d5a30-2990-4b37-835c-52719c996380: new RaftServerImpl for group-9751FA5E2C02:[231d5a30-2990-4b37-835c-52719c996380:192.168.30.6:44620] with ContainerStateMachine:uninitialized
2019-09-25 11:10:24,451 [pool-713-thread-1] INFO  server.RaftServerConfigKeys (ConfUtils.java:logGet(43)) - raft.server.rpc.timeout.min = 5s (custom)
2019-09-25 11:10:24,451 [pool-713-thread-1] INFO  server.RaftServerConfigKeys (ConfUtils.java:logGet(43)) - raft.server.rpc.timeout.max = 5200ms (custom)
2019-09-25 11:10:24,451 [pool-713-thread-1] INFO  server.RaftServerConfigKeys (ConfUtils.java:logGet(43)) - raft.server.rpcslowness.timeout = 120s (custom)
2019-09-25 11:10:24,452 [pool-713-thread-1] INFO  server.RaftServerConfigKeys (ConfUtils.java:logGet(43)) - raft.server.sleep.deviation.threshold = 300 (default)
2019-09-25 11:10:24,452 [pool-713-thread-1] INFO  server.RaftServerConfigKeys (ConfUtils.java:logGet(43)) - raft.server.log.appender.install.snapshot.enabled = false (custom)
2019-09-25 11:10:24,452 [pool-713-thread-1] INFO  impl.RaftServerImpl (ServerState.java:<init>(103)) - 231d5a30-2990-4b37-835c-52719c996380@group-9751FA5E2C02: ConfigurationManager, init=-1: [231d5a30-2990-4b37-835c-52719c996380:192.168.30.6:44620], old=null, confs=<EMPTY_MAP>
2019-09-25 11:10:24,452 [pool-713-thread-1] INFO  server.RaftServerConfigKeys (ConfUtils.java:logGet(43)) - raft.server.storage.dir = [/workdir/hadoop-ozone/integration-test/target/test-dir/MiniOzoneClusterImpl-36bd9e64-229c-43b0-8f36-7d73050474c0/datanode-4/data/ratis] (custom)
2019-09-25 11:10:24,452 [pool-713-thread-1] INFO  storage.RaftStorageDirectory (RaftStorageDirectory.java:analyzeStorage(246)) - The storage directory /workdir/hadoop-ozone/integration-test/target/test-dir/MiniOzoneClusterImpl-36bd9e64-229c-43b0-8f36-7d73050474c0/datanode-4/data/ratis/b164a531-db45-4b11-b830-9751fa5e2c02 does not exist. Creating ...
2019-09-25 11:10:24,465 [pool-713-thread-1] INFO  storage.RaftStorageDirectory (RaftStorageDirectory.java:tryLock(328)) - Lock on /workdir/hadoop-ozone/integration-test/target/test-dir/MiniOzoneClusterImpl-36bd9e64-229c-43b0-8f36-7d73050474c0/datanode-4/data/ratis/b164a531-db45-4b11-b830-9751fa5e2c02/in_use.lock acquired by nodename 21763@pr-hdds-1569-5gmkr-4255264070
2019-09-25 11:10:24,478 [pool-713-thread-1] INFO  storage.RaftStorage (RaftStorage.java:format(72)) - Storage directory /workdir/hadoop-ozone/integration-test/target/test-dir/MiniOzoneClusterImpl-36bd9e64-229c-43b0-8f36-7d73050474c0/datanode-4/data/ratis/b164a531-db45-4b11-b830-9751fa5e2c02 has been successfully formatted.
2019-09-25 11:10:24,478 [pool-713-thread-1] INFO  ratis.ContainerStateMachine (ContainerStateMachine.java:loadSnapshot(230)) - group-9751FA5E2C02: The snapshot info is null. Setting the last applied indexto:(t:0, i:~)
2019-09-25 11:10:24,479 [pool-713-thread-1] INFO  server.RaftServerConfigKeys (ConfUtils.java:logGet(43)) - raft.server.notification.no-leader.timeout = 120s (custom)
2019-09-25 11:10:24,479 [pool-713-thread-1] INFO  server.RaftServerConfigKeys (ConfUtils.java:logGet(43)) - raft.server.log.use.memory = false (default)
2019-09-25 11:10:24,479 [pool-713-thread-1] INFO  server.RaftServerConfigKeys (ConfUtils.java:logGet(43)) - raft.server.log.purge.gap = 1000000 (custom)
2019-09-25 11:10:24,479 [pool-713-thread-1] INFO  server.RaftServerConfigKeys (ConfUtils.java:logGet(43)) - raft.server.log.appender.buffer.byte-limit = 33554432 (custom)
2019-09-25 11:10:24,479 [pool-713-thread-1] INFO  server.RaftServerConfigKeys (ConfUtils.java:logGet(43)) - raft.server.log.segment.size.max = 1048576 (custom)
2019-09-25 11:10:24,480 [pool-713-thread-1] INFO  server.RaftServerConfigKeys (ConfUtils.java:logGet(43)) - raft.server.log.segment.cache.num.max = 2 (custom)
2019-09-25 11:10:24,480 [pool-713-thread-1] INFO  segmented.SegmentedRaftLogWorker (SegmentedRaftLogWorker.java:<init>(172)) - new 231d5a30-2990-4b37-835c-52719c996380@group-9751FA5E2C02-SegmentedRaftLogWorker for RaftStorage:Storage Directory /workdir/hadoop-ozone/integration-test/target/test-dir/MiniOzoneClusterImpl-36bd9e64-229c-43b0-8f36-7d73050474c0/datanode-4/data/ratis/b164a531-db45-4b11-b830-9751fa5e2c02
2019-09-25 11:10:24,480 [pool-713-thread-1] INFO  server.RaftServerConfigKeys (ConfUtils.java:logGet(43)) - raft.server.log.queue.byte-limit = 2147483647 (custom)
2019-09-25 11:10:24,480 [pool-713-thread-1] INFO  server.RaftServerConfigKeys (ConfUtils.java:logGet(43)) - raft.server.log.queue.element-limit = 1024 (custom)
2019-09-25 11:10:24,480 [pool-713-thread-1] INFO  server.RaftServerConfigKeys (ConfUtils.java:logGet(43)) - raft.server.log.segment.size.max = 1048576 (custom)
2019-09-25 11:10:24,480 [pool-713-thread-1] INFO  server.RaftServerConfigKeys (ConfUtils.java:logGet(43)) - raft.server.log.preallocated.size = 16384 (custom)
2019-09-25 11:10:24,480 [pool-713-thread-1] INFO  server.RaftServerConfigKeys (ConfUtils.java:logGet(43)) - raft.server.log.write.buffer.size = 33554432 (custom)
2019-09-25 11:10:24,481 [pool-713-thread-1] INFO  server.RaftServerConfigKeys (ConfUtils.java:logGet(43)) - raft.server.log.force.sync.num = 128 (default)
2019-09-25 11:10:24,481 [pool-713-thread-1] INFO  server.RaftServerConfigKeys (ConfUtils.java:logGet(43)) - raft.server.log.statemachine.data.sync = true (default)
2019-09-25 11:10:24,481 [pool-713-thread-1] INFO  server.RaftServerConfigKeys (ConfUtils.java:logGet(43)) - raft.server.log.statemachine.data.sync.timeout = 10s (default)
2019-09-25 11:10:24,481 [pool-713-thread-1] INFO  server.RaftServerConfigKeys (ConfUtils.java:logGet(43)) - raft.server.log.statemachine.data.sync.timeout.retry = -1 (default)
2019-09-25 11:10:24,481 [pool-713-thread-1] INFO  server.RaftServerConfigKeys (ConfUtils.java:logGet(43)) - raft.server.log.statemachine.data.caching.enabled = true (custom)
2019-09-25 11:10:24,481 [pool-713-thread-1] INFO  segmented.SegmentedRaftLogWorker (SegmentedRaftLogWorker.java:lambda$new$0(132)) - 231d5a30-2990-4b37-835c-52719c996380@group-9751FA5E2C02-SegmentedRaftLogWorker: flushIndex: setUnconditionally 0 -> -1
2019-09-25 11:10:24,482 [pool-713-thread-1] INFO  server.RaftServerConfigKeys (ConfUtils.java:logGet(43)) - raft.server.snapshot.auto.trigger.enabled = true (custom)
2019-09-25 11:10:24,482 [pool-713-thread-1] INFO  server.RaftServerConfigKeys (ConfUtils.java:logGet(43)) - raft.server.snapshot.auto.trigger.threshold = 10000 (custom)
2019-09-25 11:10:24,482 [pool-713-thread-1] INFO  server.RaftServerConfigKeys (ConfUtils.java:logGet(43)) - raft.server.snapshot.retention.num.files = 5 (custom)
2019-09-25 11:10:24,483 [pool-713-thread-1] INFO  server.RaftServerConfigKeys (ConfUtils.java:logGet(43)) - raft.server.retrycache.expirytime = 600000ms (custom)
2019-09-25 11:10:24,485 [pool-713-thread-1] INFO  impl.RaftServerImpl (RaftServerImpl.java:start(185)) - 231d5a30-2990-4b37-835c-52719c996380@group-9751FA5E2C02: start as a follower, conf=-1: [231d5a30-2990-4b37-835c-52719c996380:192.168.30.6:44620], old=null
2019-09-25 11:10:24,485 [pool-713-thread-1] INFO  impl.RaftServerImpl (RaftServerImpl.java:setRole(174)) - 231d5a30-2990-4b37-835c-52719c996380@group-9751FA5E2C02: changes role from      null to FOLLOWER at term 0 for startAsFollower
2019-09-25 11:10:24,485 [pool-713-thread-1] INFO  impl.RoleInfo (RoleInfo.java:updateAndGet(143)) - 231d5a30-2990-4b37-835c-52719c996380: start FollowerState
2019-09-25 11:10:24,486 [pool-713-thread-1] INFO  util.JmxRegister (JmxRegister.java:tryRegister(44)) - Successfully registered JMX Bean with object name Ratis:service=RaftServer,group=group-9751FA5E2C02,id=231d5a30-2990-4b37-835c-52719c996380
2019-09-25 11:10:24,488 [RatisPipelineUtilsThread] INFO  pipeline.PipelineStateManager (PipelineStateManager.java:addPipeline(56)) - Created pipeline Pipeline[ Id: b164a531-db45-4b11-b830-9751fa5e2c02, Nodes: 231d5a30-2990-4b37-835c-52719c996380{ip: 192.168.30.6, host: pr-hdds-1569-5gmkr-4255264070, networkLocation: /default-rack, certSerialId: null}, Type:RATIS, Factor:ONE, State:OPEN]
2019-09-25 11:10:24,492 [grpc-default-executor-1] INFO  impl.RaftServerProxy (RaftServerProxy.java:addNew(89)) - a17b444c-dc8d-41d3-94fa-b87b918595f3: addNew group-9B01C541D2D1:[a17b444c-dc8d-41d3-94fa-b87b918595f3:192.168.30.6:45831] returns group-9B01C541D2D1:java.util.concurrent.CompletableFuture@1391292[Not completed]
2019-09-25 11:10:24,492 [pool-673-thread-1] INFO  impl.RaftServerImpl (RaftServerImpl.java:<init>(95)) - a17b444c-dc8d-41d3-94fa-b87b918595f3: new RaftServerImpl for group-9B01C541D2D1:[a17b444c-dc8d-41d3-94fa-b87b918595f3:192.168.30.6:45831] with ContainerStateMachine:uninitialized
2019-09-25 11:10:24,492 [pool-673-thread-1] INFO  server.RaftServerConfigKeys (ConfUtils.java:logGet(43)) - raft.server.rpc.timeout.min = 5s (custom)
2019-09-25 11:10:24,492 [pool-673-thread-1] INFO  server.RaftServerConfigKeys (ConfUtils.java:logGet(43)) - raft.server.rpc.timeout.max = 5200ms (custom)
2019-09-25 11:10:24,493 [pool-673-thread-1] INFO  server.RaftServerConfigKeys (ConfUtils.java:logGet(43)) - raft.server.rpcslowness.timeout = 120s (custom)
2019-09-25 11:10:24,493 [pool-673-thread-1] INFO  server.RaftServerConfigKeys (ConfUtils.java:logGet(43)) - raft.server.sleep.deviation.threshold = 300 (default)
2019-09-25 11:10:24,493 [pool-673-thread-1] INFO  server.RaftServerConfigKeys (ConfUtils.java:logGet(43)) - raft.server.log.appender.install.snapshot.enabled = false (custom)
2019-09-25 11:10:24,493 [pool-673-thread-1] INFO  impl.RaftServerImpl (ServerState.java:<init>(103)) - a17b444c-dc8d-41d3-94fa-b87b918595f3@group-9B01C541D2D1: ConfigurationManager, init=-1: [a17b444c-dc8d-41d3-94fa-b87b918595f3:192.168.30.6:45831], old=null, confs=<EMPTY_MAP>
2019-09-25 11:10:24,493 [pool-673-thread-1] INFO  server.RaftServerConfigKeys (ConfUtils.java:logGet(43)) - raft.server.storage.dir = [/workdir/hadoop-ozone/integration-test/target/test-dir/MiniOzoneClusterImpl-36bd9e64-229c-43b0-8f36-7d73050474c0/datanode-0/data/ratis] (custom)
2019-09-25 11:10:24,493 [pool-673-thread-1] INFO  storage.RaftStorageDirectory (RaftStorageDirectory.java:analyzeStorage(246)) - The storage directory /workdir/hadoop-ozone/integration-test/target/test-dir/MiniOzoneClusterImpl-36bd9e64-229c-43b0-8f36-7d73050474c0/datanode-0/data/ratis/fee7a3a6-d58d-4c3f-aa74-9b01c541d2d1 does not exist. Creating ...
2019-09-25 11:10:24,506 [pool-673-thread-1] INFO  storage.RaftStorageDirectory (RaftStorageDirectory.java:tryLock(328)) - Lock on /workdir/hadoop-ozone/integration-test/target/test-dir/MiniOzoneClusterImpl-36bd9e64-229c-43b0-8f36-7d73050474c0/datanode-0/data/ratis/fee7a3a6-d58d-4c3f-aa74-9b01c541d2d1/in_use.lock acquired by nodename 21763@pr-hdds-1569-5gmkr-4255264070
2019-09-25 11:10:24,519 [pool-673-thread-1] INFO  storage.RaftStorage (RaftStorage.java:format(72)) - Storage directory /workdir/hadoop-ozone/integration-test/target/test-dir/MiniOzoneClusterImpl-36bd9e64-229c-43b0-8f36-7d73050474c0/datanode-0/data/ratis/fee7a3a6-d58d-4c3f-aa74-9b01c541d2d1 has been successfully formatted.
2019-09-25 11:10:24,519 [pool-673-thread-1] INFO  ratis.ContainerStateMachine (ContainerStateMachine.java:loadSnapshot(230)) - group-9B01C541D2D1: The snapshot info is null. Setting the last applied indexto:(t:0, i:~)
2019-09-25 11:10:24,519 [pool-673-thread-1] INFO  server.RaftServerConfigKeys (ConfUtils.java:logGet(43)) - raft.server.notification.no-leader.timeout = 120s (custom)
2019-09-25 11:10:24,520 [pool-673-thread-1] INFO  server.RaftServerConfigKeys (ConfUtils.java:logGet(43)) - raft.server.log.use.memory = false (default)
2019-09-25 11:10:24,520 [pool-673-thread-1] INFO  server.RaftServerConfigKeys (ConfUtils.java:logGet(43)) - raft.server.log.purge.gap = 1000000 (custom)
2019-09-25 11:10:24,520 [pool-673-thread-1] INFO  server.RaftServerConfigKeys (ConfUtils.java:logGet(43)) - raft.server.log.appender.buffer.byte-limit = 33554432 (custom)
2019-09-25 11:10:24,520 [pool-673-thread-1] INFO  server.RaftServerConfigKeys (ConfUtils.java:logGet(43)) - raft.server.log.segment.size.max = 1048576 (custom)
2019-09-25 11:10:24,520 [pool-673-thread-1] INFO  server.RaftServerConfigKeys (ConfUtils.java:logGet(43)) - raft.server.log.segment.cache.num.max = 2 (custom)
2019-09-25 11:10:24,520 [pool-673-thread-1] INFO  segmented.SegmentedRaftLogWorker (SegmentedRaftLogWorker.java:<init>(172)) - new a17b444c-dc8d-41d3-94fa-b87b918595f3@group-9B01C541D2D1-SegmentedRaftLogWorker for RaftStorage:Storage Directory /workdir/hadoop-ozone/integration-test/target/test-dir/MiniOzoneClusterImpl-36bd9e64-229c-43b0-8f36-7d73050474c0/datanode-0/data/ratis/fee7a3a6-d58d-4c3f-aa74-9b01c541d2d1
2019-09-25 11:10:24,520 [pool-673-thread-1] INFO  server.RaftServerConfigKeys (ConfUtils.java:logGet(43)) - raft.server.log.queue.byte-limit = 2147483647 (custom)
2019-09-25 11:10:24,520 [pool-673-thread-1] INFO  server.RaftServerConfigKeys (ConfUtils.java:logGet(43)) - raft.server.log.queue.element-limit = 1024 (custom)
2019-09-25 11:10:24,520 [pool-673-thread-1] INFO  server.RaftServerConfigKeys (ConfUtils.java:logGet(43)) - raft.server.log.segment.size.max = 1048576 (custom)
2019-09-25 11:10:24,520 [pool-673-thread-1] INFO  server.RaftServerConfigKeys (ConfUtils.java:logGet(43)) - raft.server.log.preallocated.size = 16384 (custom)
2019-09-25 11:10:24,520 [pool-673-thread-1] INFO  server.RaftServerConfigKeys (ConfUtils.java:logGet(43)) - raft.server.log.write.buffer.size = 33554432 (custom)
2019-09-25 11:10:24,520 [pool-673-thread-1] INFO  server.RaftServerConfigKeys (ConfUtils.java:logGet(43)) - raft.server.log.force.sync.num = 128 (default)
2019-09-25 11:10:24,520 [pool-673-thread-1] INFO  server.RaftServerConfigKeys (ConfUtils.java:logGet(43)) - raft.server.log.statemachine.data.sync = true (default)
2019-09-25 11:10:24,521 [pool-673-thread-1] INFO  server.RaftServerConfigKeys (ConfUtils.java:logGet(43)) - raft.server.log.statemachine.data.sync.timeout = 10s (default)
2019-09-25 11:10:24,521 [pool-673-thread-1] INFO  server.RaftServerConfigKeys (ConfUtils.java:logGet(43)) - raft.server.log.statemachine.data.sync.timeout.retry = -1 (default)
2019-09-25 11:10:24,521 [pool-673-thread-1] INFO  server.RaftServerConfigKeys (ConfUtils.java:logGet(43)) - raft.server.log.statemachine.data.caching.enabled = true (custom)
2019-09-25 11:10:24,521 [pool-673-thread-1] INFO  segmented.SegmentedRaftLogWorker (SegmentedRaftLogWorker.java:lambda$new$0(132)) - a17b444c-dc8d-41d3-94fa-b87b918595f3@group-9B01C541D2D1-SegmentedRaftLogWorker: flushIndex: setUnconditionally 0 -> -1
2019-09-25 11:10:24,521 [pool-673-thread-1] INFO  server.RaftServerConfigKeys (ConfUtils.java:logGet(43)) - raft.server.snapshot.auto.trigger.enabled = true (custom)
2019-09-25 11:10:24,521 [pool-673-thread-1] INFO  server.RaftServerConfigKeys (ConfUtils.java:logGet(43)) - raft.server.snapshot.auto.trigger.threshold = 10000 (custom)
2019-09-25 11:10:24,521 [pool-673-thread-1] INFO  server.RaftServerConfigKeys (ConfUtils.java:logGet(43)) - raft.server.snapshot.retention.num.files = 5 (custom)
2019-09-25 11:10:24,521 [pool-673-thread-1] INFO  server.RaftServerConfigKeys (ConfUtils.java:logGet(43)) - raft.server.retrycache.expirytime = 600000ms (custom)
2019-09-25 11:10:24,522 [pool-673-thread-1] INFO  impl.RaftServerImpl (RaftServerImpl.java:start(185)) - a17b444c-dc8d-41d3-94fa-b87b918595f3@group-9B01C541D2D1: start as a follower, conf=-1: [a17b444c-dc8d-41d3-94fa-b87b918595f3:192.168.30.6:45831], old=null
2019-09-25 11:10:24,522 [pool-673-thread-1] INFO  impl.RaftServerImpl (RaftServerImpl.java:setRole(174)) - a17b444c-dc8d-41d3-94fa-b87b918595f3@group-9B01C541D2D1: changes role from      null to FOLLOWER at term 0 for startAsFollower
2019-09-25 11:10:24,522 [pool-673-thread-1] INFO  impl.RoleInfo (RoleInfo.java:updateAndGet(143)) - a17b444c-dc8d-41d3-94fa-b87b918595f3: start FollowerState
2019-09-25 11:10:24,523 [pool-673-thread-1] INFO  util.JmxRegister (JmxRegister.java:tryRegister(44)) - Successfully registered JMX Bean with object name Ratis:service=RaftServer,group=group-9B01C541D2D1,id=a17b444c-dc8d-41d3-94fa-b87b918595f3
2019-09-25 11:10:24,525 [RatisPipelineUtilsThread] INFO  pipeline.PipelineStateManager (PipelineStateManager.java:addPipeline(56)) - Created pipeline Pipeline[ Id: fee7a3a6-d58d-4c3f-aa74-9b01c541d2d1, Nodes: a17b444c-dc8d-41d3-94fa-b87b918595f3{ip: 192.168.30.6, host: pr-hdds-1569-5gmkr-4255264070, networkLocation: /default-rack, certSerialId: null}, Type:RATIS, Factor:ONE, State:OPEN]
2019-09-25 11:10:24,525 [RatisPipelineUtilsThread] INFO  pipeline.PipelinePlacementPolicy (PipelinePlacementPolicy.java:meetCriteria(91)) - Pipeline Placement: can't place more pipeline on heavy datanode： a17b444c-dc8d-41d3-94fa-b87b918595f3 Heaviness: 6 limit: 5
2019-09-25 11:10:24,528 [grpc-default-executor-1] INFO  impl.RaftServerProxy (RaftServerProxy.java:addNew(89)) - 09fcc576-174a-4714-a677-8a28b3c19a40: addNew group-0A56D490835B:[09fcc576-174a-4714-a677-8a28b3c19a40:192.168.30.6:45814] returns group-0A56D490835B:java.util.concurrent.CompletableFuture@19141243[Not completed]
2019-09-25 11:10:24,529 [pool-693-thread-1] INFO  impl.RaftServerImpl (RaftServerImpl.java:<init>(95)) - 09fcc576-174a-4714-a677-8a28b3c19a40: new RaftServerImpl for group-0A56D490835B:[09fcc576-174a-4714-a677-8a28b3c19a40:192.168.30.6:45814] with ContainerStateMachine:uninitialized
2019-09-25 11:10:24,529 [pool-693-thread-1] INFO  server.RaftServerConfigKeys (ConfUtils.java:logGet(43)) - raft.server.rpc.timeout.min = 5s (custom)
2019-09-25 11:10:24,529 [pool-693-thread-1] INFO  server.RaftServerConfigKeys (ConfUtils.java:logGet(43)) - raft.server.rpc.timeout.max = 5200ms (custom)
2019-09-25 11:10:24,529 [pool-693-thread-1] INFO  server.RaftServerConfigKeys (ConfUtils.java:logGet(43)) - raft.server.rpcslowness.timeout = 120s (custom)
2019-09-25 11:10:24,529 [pool-693-thread-1] INFO  server.RaftServerConfigKeys (ConfUtils.java:logGet(43)) - raft.server.sleep.deviation.threshold = 300 (default)
2019-09-25 11:10:24,529 [pool-693-thread-1] INFO  server.RaftServerConfigKeys (ConfUtils.java:logGet(43)) - raft.server.log.appender.install.snapshot.enabled = false (custom)
2019-09-25 11:10:24,530 [pool-693-thread-1] INFO  impl.RaftServerImpl (ServerState.java:<init>(103)) - 09fcc576-174a-4714-a677-8a28b3c19a40@group-0A56D490835B: ConfigurationManager, init=-1: [09fcc576-174a-4714-a677-8a28b3c19a40:192.168.30.6:45814], old=null, confs=<EMPTY_MAP>
2019-09-25 11:10:24,530 [pool-693-thread-1] INFO  server.RaftServerConfigKeys (ConfUtils.java:logGet(43)) - raft.server.storage.dir = [/workdir/hadoop-ozone/integration-test/target/test-dir/MiniOzoneClusterImpl-36bd9e64-229c-43b0-8f36-7d73050474c0/datanode-2/data/ratis] (custom)
2019-09-25 11:10:24,530 [pool-693-thread-1] INFO  storage.RaftStorageDirectory (RaftStorageDirectory.java:analyzeStorage(246)) - The storage directory /workdir/hadoop-ozone/integration-test/target/test-dir/MiniOzoneClusterImpl-36bd9e64-229c-43b0-8f36-7d73050474c0/datanode-2/data/ratis/0af17ae1-8863-43eb-8a33-0a56d490835b does not exist. Creating ...
2019-09-25 11:10:24,543 [pool-693-thread-1] INFO  storage.RaftStorageDirectory (RaftStorageDirectory.java:tryLock(328)) - Lock on /workdir/hadoop-ozone/integration-test/target/test-dir/MiniOzoneClusterImpl-36bd9e64-229c-43b0-8f36-7d73050474c0/datanode-2/data/ratis/0af17ae1-8863-43eb-8a33-0a56d490835b/in_use.lock acquired by nodename 21763@pr-hdds-1569-5gmkr-4255264070
2019-09-25 11:10:24,568 [pool-693-thread-1] INFO  storage.RaftStorage (RaftStorage.java:format(72)) - Storage directory /workdir/hadoop-ozone/integration-test/target/test-dir/MiniOzoneClusterImpl-36bd9e64-229c-43b0-8f36-7d73050474c0/datanode-2/data/ratis/0af17ae1-8863-43eb-8a33-0a56d490835b has been successfully formatted.
2019-09-25 11:10:24,568 [pool-693-thread-1] INFO  ratis.ContainerStateMachine (ContainerStateMachine.java:loadSnapshot(230)) - group-0A56D490835B: The snapshot info is null. Setting the last applied indexto:(t:0, i:~)
2019-09-25 11:10:24,568 [pool-693-thread-1] INFO  server.RaftServerConfigKeys (ConfUtils.java:logGet(43)) - raft.server.notification.no-leader.timeout = 120s (custom)
2019-09-25 11:10:24,568 [pool-693-thread-1] INFO  server.RaftServerConfigKeys (ConfUtils.java:logGet(43)) - raft.server.log.use.memory = false (default)
2019-09-25 11:10:24,568 [pool-693-thread-1] INFO  server.RaftServerConfigKeys (ConfUtils.java:logGet(43)) - raft.server.log.purge.gap = 1000000 (custom)
2019-09-25 11:10:24,569 [pool-693-thread-1] INFO  server.RaftServerConfigKeys (ConfUtils.java:logGet(43)) - raft.server.log.appender.buffer.byte-limit = 33554432 (custom)
2019-09-25 11:10:24,569 [pool-693-thread-1] INFO  server.RaftServerConfigKeys (ConfUtils.java:logGet(43)) - raft.server.log.segment.size.max = 1048576 (custom)
2019-09-25 11:10:24,569 [pool-693-thread-1] INFO  server.RaftServerConfigKeys (ConfUtils.java:logGet(43)) - raft.server.log.segment.cache.num.max = 2 (custom)
2019-09-25 11:10:24,569 [pool-693-thread-1] INFO  segmented.SegmentedRaftLogWorker (SegmentedRaftLogWorker.java:<init>(172)) - new 09fcc576-174a-4714-a677-8a28b3c19a40@group-0A56D490835B-SegmentedRaftLogWorker for RaftStorage:Storage Directory /workdir/hadoop-ozone/integration-test/target/test-dir/MiniOzoneClusterImpl-36bd9e64-229c-43b0-8f36-7d73050474c0/datanode-2/data/ratis/0af17ae1-8863-43eb-8a33-0a56d490835b
2019-09-25 11:10:24,569 [pool-693-thread-1] INFO  server.RaftServerConfigKeys (ConfUtils.java:logGet(43)) - raft.server.log.queue.byte-limit = 2147483647 (custom)
2019-09-25 11:10:24,569 [pool-693-thread-1] INFO  server.RaftServerConfigKeys (ConfUtils.java:logGet(43)) - raft.server.log.queue.element-limit = 1024 (custom)
2019-09-25 11:10:24,570 [pool-693-thread-1] INFO  server.RaftServerConfigKeys (ConfUtils.java:logGet(43)) - raft.server.log.segment.size.max = 1048576 (custom)
2019-09-25 11:10:24,570 [pool-693-thread-1] INFO  server.RaftServerConfigKeys (ConfUtils.java:logGet(43)) - raft.server.log.preallocated.size = 16384 (custom)
2019-09-25 11:10:24,570 [pool-693-thread-1] INFO  server.RaftServerConfigKeys (ConfUtils.java:logGet(43)) - raft.server.log.write.buffer.size = 33554432 (custom)
2019-09-25 11:10:24,570 [pool-693-thread-1] INFO  server.RaftServerConfigKeys (ConfUtils.java:logGet(43)) - raft.server.log.force.sync.num = 128 (default)
2019-09-25 11:10:24,570 [pool-693-thread-1] INFO  server.RaftServerConfigKeys (ConfUtils.java:logGet(43)) - raft.server.log.statemachine.data.sync = true (default)
2019-09-25 11:10:24,570 [pool-693-thread-1] INFO  server.RaftServerConfigKeys (ConfUtils.java:logGet(43)) - raft.server.log.statemachine.data.sync.timeout = 10s (default)
2019-09-25 11:10:24,571 [pool-693-thread-1] INFO  server.RaftServerConfigKeys (ConfUtils.java:logGet(43)) - raft.server.log.statemachine.data.sync.timeout.retry = -1 (default)
2019-09-25 11:10:24,571 [pool-693-thread-1] INFO  server.RaftServerConfigKeys (ConfUtils.java:logGet(43)) - raft.server.log.statemachine.data.caching.enabled = true (custom)
2019-09-25 11:10:24,571 [pool-693-thread-1] INFO  segmented.SegmentedRaftLogWorker (SegmentedRaftLogWorker.java:lambda$new$0(132)) - 09fcc576-174a-4714-a677-8a28b3c19a40@group-0A56D490835B-SegmentedRaftLogWorker: flushIndex: setUnconditionally 0 -> -1
2019-09-25 11:10:24,571 [pool-693-thread-1] INFO  server.RaftServerConfigKeys (ConfUtils.java:logGet(43)) - raft.server.snapshot.auto.trigger.enabled = true (custom)
2019-09-25 11:10:24,572 [pool-693-thread-1] INFO  server.RaftServerConfigKeys (ConfUtils.java:logGet(43)) - raft.server.snapshot.auto.trigger.threshold = 10000 (custom)
2019-09-25 11:10:24,572 [pool-693-thread-1] INFO  server.RaftServerConfigKeys (ConfUtils.java:logGet(43)) - raft.server.snapshot.retention.num.files = 5 (custom)
2019-09-25 11:10:24,572 [pool-693-thread-1] INFO  server.RaftServerConfigKeys (ConfUtils.java:logGet(43)) - raft.server.retrycache.expirytime = 600000ms (custom)
2019-09-25 11:10:24,574 [pool-693-thread-1] INFO  impl.RaftServerImpl (RaftServerImpl.java:start(185)) - 09fcc576-174a-4714-a677-8a28b3c19a40@group-0A56D490835B: start as a follower, conf=-1: [09fcc576-174a-4714-a677-8a28b3c19a40:192.168.30.6:45814], old=null
2019-09-25 11:10:24,574 [pool-693-thread-1] INFO  impl.RaftServerImpl (RaftServerImpl.java:setRole(174)) - 09fcc576-174a-4714-a677-8a28b3c19a40@group-0A56D490835B: changes role from      null to FOLLOWER at term 0 for startAsFollower
2019-09-25 11:10:24,574 [pool-693-thread-1] INFO  impl.RoleInfo (RoleInfo.java:updateAndGet(143)) - 09fcc576-174a-4714-a677-8a28b3c19a40: start FollowerState
2019-09-25 11:10:24,575 [pool-693-thread-1] INFO  util.JmxRegister (JmxRegister.java:tryRegister(44)) - Successfully registered JMX Bean with object name Ratis:service=RaftServer,group=group-0A56D490835B,id=09fcc576-174a-4714-a677-8a28b3c19a40
2019-09-25 11:10:24,578 [RatisPipelineUtilsThread] INFO  pipeline.PipelineStateManager (PipelineStateManager.java:addPipeline(56)) - Created pipeline Pipeline[ Id: 0af17ae1-8863-43eb-8a33-0a56d490835b, Nodes: 09fcc576-174a-4714-a677-8a28b3c19a40{ip: 192.168.30.6, host: pr-hdds-1569-5gmkr-4255264070, networkLocation: /default-rack, certSerialId: null}, Type:RATIS, Factor:ONE, State:OPEN]
2019-09-25 11:10:24,578 [RatisPipelineUtilsThread] INFO  pipeline.PipelinePlacementPolicy (PipelinePlacementPolicy.java:meetCriteria(91)) - Pipeline Placement: can't place more pipeline on heavy datanode： a17b444c-dc8d-41d3-94fa-b87b918595f3 Heaviness: 6 limit: 5
2019-09-25 11:10:24,582 [grpc-default-executor-1] INFO  impl.RaftServerProxy (RaftServerProxy.java:addNew(89)) - 09fcc576-174a-4714-a677-8a28b3c19a40: addNew group-03F29FBA3F90:[09fcc576-174a-4714-a677-8a28b3c19a40:192.168.30.6:45814] returns group-03F29FBA3F90:java.util.concurrent.CompletableFuture@4cd50d6c[Not completed]
2019-09-25 11:10:24,583 [pool-693-thread-1] INFO  impl.RaftServerImpl (RaftServerImpl.java:<init>(95)) - 09fcc576-174a-4714-a677-8a28b3c19a40: new RaftServerImpl for group-03F29FBA3F90:[09fcc576-174a-4714-a677-8a28b3c19a40:192.168.30.6:45814] with ContainerStateMachine:uninitialized
2019-09-25 11:10:24,583 [pool-693-thread-1] INFO  server.RaftServerConfigKeys (ConfUtils.java:logGet(43)) - raft.server.rpc.timeout.min = 5s (custom)
2019-09-25 11:10:24,583 [pool-693-thread-1] INFO  server.RaftServerConfigKeys (ConfUtils.java:logGet(43)) - raft.server.rpc.timeout.max = 5200ms (custom)
2019-09-25 11:10:24,583 [pool-693-thread-1] INFO  server.RaftServerConfigKeys (ConfUtils.java:logGet(43)) - raft.server.rpcslowness.timeout = 120s (custom)
2019-09-25 11:10:24,584 [pool-693-thread-1] INFO  server.RaftServerConfigKeys (ConfUtils.java:logGet(43)) - raft.server.sleep.deviation.threshold = 300 (default)
2019-09-25 11:10:24,584 [pool-693-thread-1] INFO  server.RaftServerConfigKeys (ConfUtils.java:logGet(43)) - raft.server.log.appender.install.snapshot.enabled = false (custom)
2019-09-25 11:10:24,584 [pool-693-thread-1] INFO  impl.RaftServerImpl (ServerState.java:<init>(103)) - 09fcc576-174a-4714-a677-8a28b3c19a40@group-03F29FBA3F90: ConfigurationManager, init=-1: [09fcc576-174a-4714-a677-8a28b3c19a40:192.168.30.6:45814], old=null, confs=<EMPTY_MAP>
2019-09-25 11:10:24,584 [pool-693-thread-1] INFO  server.RaftServerConfigKeys (ConfUtils.java:logGet(43)) - raft.server.storage.dir = [/workdir/hadoop-ozone/integration-test/target/test-dir/MiniOzoneClusterImpl-36bd9e64-229c-43b0-8f36-7d73050474c0/datanode-2/data/ratis] (custom)
2019-09-25 11:10:24,584 [pool-693-thread-1] INFO  storage.RaftStorageDirectory (RaftStorageDirectory.java:analyzeStorage(246)) - The storage directory /workdir/hadoop-ozone/integration-test/target/test-dir/MiniOzoneClusterImpl-36bd9e64-229c-43b0-8f36-7d73050474c0/datanode-2/data/ratis/0c9fcc44-911d-4317-9d69-03f29fba3f90 does not exist. Creating ...
2019-09-25 11:10:24,601 [pool-693-thread-1] INFO  storage.RaftStorageDirectory (RaftStorageDirectory.java:tryLock(328)) - Lock on /workdir/hadoop-ozone/integration-test/target/test-dir/MiniOzoneClusterImpl-36bd9e64-229c-43b0-8f36-7d73050474c0/datanode-2/data/ratis/0c9fcc44-911d-4317-9d69-03f29fba3f90/in_use.lock acquired by nodename 21763@pr-hdds-1569-5gmkr-4255264070
2019-09-25 11:10:24,615 [pool-693-thread-1] INFO  storage.RaftStorage (RaftStorage.java:format(72)) - Storage directory /workdir/hadoop-ozone/integration-test/target/test-dir/MiniOzoneClusterImpl-36bd9e64-229c-43b0-8f36-7d73050474c0/datanode-2/data/ratis/0c9fcc44-911d-4317-9d69-03f29fba3f90 has been successfully formatted.
2019-09-25 11:10:24,616 [pool-693-thread-1] INFO  ratis.ContainerStateMachine (ContainerStateMachine.java:loadSnapshot(230)) - group-03F29FBA3F90: The snapshot info is null. Setting the last applied indexto:(t:0, i:~)
2019-09-25 11:10:24,616 [pool-693-thread-1] INFO  server.RaftServerConfigKeys (ConfUtils.java:logGet(43)) - raft.server.notification.no-leader.timeout = 120s (custom)
2019-09-25 11:10:24,616 [pool-693-thread-1] INFO  server.RaftServerConfigKeys (ConfUtils.java:logGet(43)) - raft.server.log.use.memory = false (default)
2019-09-25 11:10:24,616 [pool-693-thread-1] INFO  server.RaftServerConfigKeys (ConfUtils.java:logGet(43)) - raft.server.log.purge.gap = 1000000 (custom)
2019-09-25 11:10:24,616 [pool-693-thread-1] INFO  server.RaftServerConfigKeys (ConfUtils.java:logGet(43)) - raft.server.log.appender.buffer.byte-limit = 33554432 (custom)
2019-09-25 11:10:24,617 [pool-693-thread-1] INFO  server.RaftServerConfigKeys (ConfUtils.java:logGet(43)) - raft.server.log.segment.size.max = 1048576 (custom)
2019-09-25 11:10:24,617 [pool-693-thread-1] INFO  server.RaftServerConfigKeys (ConfUtils.java:logGet(43)) - raft.server.log.segment.cache.num.max = 2 (custom)
2019-09-25 11:10:24,617 [pool-693-thread-1] INFO  segmented.SegmentedRaftLogWorker (SegmentedRaftLogWorker.java:<init>(172)) - new 09fcc576-174a-4714-a677-8a28b3c19a40@group-03F29FBA3F90-SegmentedRaftLogWorker for RaftStorage:Storage Directory /workdir/hadoop-ozone/integration-test/target/test-dir/MiniOzoneClusterImpl-36bd9e64-229c-43b0-8f36-7d73050474c0/datanode-2/data/ratis/0c9fcc44-911d-4317-9d69-03f29fba3f90
2019-09-25 11:10:24,617 [pool-693-thread-1] INFO  server.RaftServerConfigKeys (ConfUtils.java:logGet(43)) - raft.server.log.queue.byte-limit = 2147483647 (custom)
2019-09-25 11:10:24,617 [pool-693-thread-1] INFO  server.RaftServerConfigKeys (ConfUtils.java:logGet(43)) - raft.server.log.queue.element-limit = 1024 (custom)
2019-09-25 11:10:24,617 [pool-693-thread-1] INFO  server.RaftServerConfigKeys (ConfUtils.java:logGet(43)) - raft.server.log.segment.size.max = 1048576 (custom)
2019-09-25 11:10:24,617 [pool-693-thread-1] INFO  server.RaftServerConfigKeys (ConfUtils.java:logGet(43)) - raft.server.log.preallocated.size = 16384 (custom)
2019-09-25 11:10:24,618 [pool-693-thread-1] INFO  server.RaftServerConfigKeys (ConfUtils.java:logGet(43)) - raft.server.log.write.buffer.size = 33554432 (custom)
2019-09-25 11:10:24,618 [pool-693-thread-1] INFO  server.RaftServerConfigKeys (ConfUtils.java:logGet(43)) - raft.server.log.force.sync.num = 128 (default)
2019-09-25 11:10:24,618 [pool-693-thread-1] INFO  server.RaftServerConfigKeys (ConfUtils.java:logGet(43)) - raft.server.log.statemachine.data.sync = true (default)
2019-09-25 11:10:24,618 [pool-693-thread-1] INFO  server.RaftServerConfigKeys (ConfUtils.java:logGet(43)) - raft.server.log.statemachine.data.sync.timeout = 10s (default)
2019-09-25 11:10:24,618 [pool-693-thread-1] INFO  server.RaftServerConfigKeys (ConfUtils.java:logGet(43)) - raft.server.log.statemachine.data.sync.timeout.retry = -1 (default)
2019-09-25 11:10:24,618 [pool-693-thread-1] INFO  server.RaftServerConfigKeys (ConfUtils.java:logGet(43)) - raft.server.log.statemachine.data.caching.enabled = true (custom)
2019-09-25 11:10:24,619 [pool-693-thread-1] INFO  segmented.SegmentedRaftLogWorker (SegmentedRaftLogWorker.java:lambda$new$0(132)) - 09fcc576-174a-4714-a677-8a28b3c19a40@group-03F29FBA3F90-SegmentedRaftLogWorker: flushIndex: setUnconditionally 0 -> -1
2019-09-25 11:10:24,619 [pool-693-thread-1] INFO  server.RaftServerConfigKeys (ConfUtils.java:logGet(43)) - raft.server.snapshot.auto.trigger.enabled = true (custom)
2019-09-25 11:10:24,619 [pool-693-thread-1] INFO  server.RaftServerConfigKeys (ConfUtils.java:logGet(43)) - raft.server.snapshot.auto.trigger.threshold = 10000 (custom)
2019-09-25 11:10:24,619 [pool-693-thread-1] INFO  server.RaftServerConfigKeys (ConfUtils.java:logGet(43)) - raft.server.snapshot.retention.num.files = 5 (custom)
2019-09-25 11:10:24,620 [pool-693-thread-1] INFO  server.RaftServerConfigKeys (ConfUtils.java:logGet(43)) - raft.server.retrycache.expirytime = 600000ms (custom)
2019-09-25 11:10:24,622 [pool-693-thread-1] INFO  impl.RaftServerImpl (RaftServerImpl.java:start(185)) - 09fcc576-174a-4714-a677-8a28b3c19a40@group-03F29FBA3F90: start as a follower, conf=-1: [09fcc576-174a-4714-a677-8a28b3c19a40:192.168.30.6:45814], old=null
2019-09-25 11:10:24,622 [pool-693-thread-1] INFO  impl.RaftServerImpl (RaftServerImpl.java:setRole(174)) - 09fcc576-174a-4714-a677-8a28b3c19a40@group-03F29FBA3F90: changes role from      null to FOLLOWER at term 0 for startAsFollower
2019-09-25 11:10:24,622 [pool-693-thread-1] INFO  impl.RoleInfo (RoleInfo.java:updateAndGet(143)) - 09fcc576-174a-4714-a677-8a28b3c19a40: start FollowerState
2019-09-25 11:10:24,623 [pool-693-thread-1] INFO  util.JmxRegister (JmxRegister.java:tryRegister(44)) - Successfully registered JMX Bean with object name Ratis:service=RaftServer,group=group-03F29FBA3F90,id=09fcc576-174a-4714-a677-8a28b3c19a40
2019-09-25 11:10:24,626 [RatisPipelineUtilsThread] INFO  pipeline.PipelineStateManager (PipelineStateManager.java:addPipeline(56)) - Created pipeline Pipeline[ Id: 0c9fcc44-911d-4317-9d69-03f29fba3f90, Nodes: 09fcc576-174a-4714-a677-8a28b3c19a40{ip: 192.168.30.6, host: pr-hdds-1569-5gmkr-4255264070, networkLocation: /default-rack, certSerialId: null}, Type:RATIS, Factor:ONE, State:OPEN]
2019-09-25 11:10:24,626 [RatisPipelineUtilsThread] INFO  pipeline.PipelinePlacementPolicy (PipelinePlacementPolicy.java:meetCriteria(91)) - Pipeline Placement: can't place more pipeline on heavy datanode： a17b444c-dc8d-41d3-94fa-b87b918595f3 Heaviness: 6 limit: 5
2019-09-25 11:10:24,630 [grpc-default-executor-1] INFO  impl.RaftServerProxy (RaftServerProxy.java:addNew(89)) - 9260b2c2-77d0-40af-9a4b-242b57e61325: addNew group-01A106BC48A6:[9260b2c2-77d0-40af-9a4b-242b57e61325:192.168.30.6:43860] returns group-01A106BC48A6:java.util.concurrent.CompletableFuture@7d3e39d8[Not completed]
2019-09-25 11:10:24,631 [pool-683-thread-1] INFO  impl.RaftServerImpl (RaftServerImpl.java:<init>(95)) - 9260b2c2-77d0-40af-9a4b-242b57e61325: new RaftServerImpl for group-01A106BC48A6:[9260b2c2-77d0-40af-9a4b-242b57e61325:192.168.30.6:43860] with ContainerStateMachine:uninitialized
2019-09-25 11:10:24,631 [pool-683-thread-1] INFO  server.RaftServerConfigKeys (ConfUtils.java:logGet(43)) - raft.server.rpc.timeout.min = 5s (custom)
2019-09-25 11:10:24,631 [pool-683-thread-1] INFO  server.RaftServerConfigKeys (ConfUtils.java:logGet(43)) - raft.server.rpc.timeout.max = 5200ms (custom)
2019-09-25 11:10:24,631 [pool-683-thread-1] INFO  server.RaftServerConfigKeys (ConfUtils.java:logGet(43)) - raft.server.rpcslowness.timeout = 120s (custom)
2019-09-25 11:10:24,632 [pool-683-thread-1] INFO  server.RaftServerConfigKeys (ConfUtils.java:logGet(43)) - raft.server.sleep.deviation.threshold = 300 (default)
2019-09-25 11:10:24,632 [pool-683-thread-1] INFO  server.RaftServerConfigKeys (ConfUtils.java:logGet(43)) - raft.server.log.appender.install.snapshot.enabled = false (custom)
2019-09-25 11:10:24,632 [pool-683-thread-1] INFO  impl.RaftServerImpl (ServerState.java:<init>(103)) - 9260b2c2-77d0-40af-9a4b-242b57e61325@group-01A106BC48A6: ConfigurationManager, init=-1: [9260b2c2-77d0-40af-9a4b-242b57e61325:192.168.30.6:43860], old=null, confs=<EMPTY_MAP>
2019-09-25 11:10:24,632 [pool-683-thread-1] INFO  server.RaftServerConfigKeys (ConfUtils.java:logGet(43)) - raft.server.storage.dir = [/workdir/hadoop-ozone/integration-test/target/test-dir/MiniOzoneClusterImpl-36bd9e64-229c-43b0-8f36-7d73050474c0/datanode-1/data/ratis] (custom)
2019-09-25 11:10:24,632 [pool-683-thread-1] INFO  storage.RaftStorageDirectory (RaftStorageDirectory.java:analyzeStorage(246)) - The storage directory /workdir/hadoop-ozone/integration-test/target/test-dir/MiniOzoneClusterImpl-36bd9e64-229c-43b0-8f36-7d73050474c0/datanode-1/data/ratis/e5eab6ee-4622-4119-a9e0-01a106bc48a6 does not exist. Creating ...
2019-09-25 11:10:24,645 [pool-683-thread-1] INFO  storage.RaftStorageDirectory (RaftStorageDirectory.java:tryLock(328)) - Lock on /workdir/hadoop-ozone/integration-test/target/test-dir/MiniOzoneClusterImpl-36bd9e64-229c-43b0-8f36-7d73050474c0/datanode-1/data/ratis/e5eab6ee-4622-4119-a9e0-01a106bc48a6/in_use.lock acquired by nodename 21763@pr-hdds-1569-5gmkr-4255264070
2019-09-25 11:10:24,659 [pool-683-thread-1] INFO  storage.RaftStorage (RaftStorage.java:format(72)) - Storage directory /workdir/hadoop-ozone/integration-test/target/test-dir/MiniOzoneClusterImpl-36bd9e64-229c-43b0-8f36-7d73050474c0/datanode-1/data/ratis/e5eab6ee-4622-4119-a9e0-01a106bc48a6 has been successfully formatted.
2019-09-25 11:10:24,659 [pool-683-thread-1] INFO  ratis.ContainerStateMachine (ContainerStateMachine.java:loadSnapshot(230)) - group-01A106BC48A6: The snapshot info is null. Setting the last applied indexto:(t:0, i:~)
2019-09-25 11:10:24,659 [pool-683-thread-1] INFO  server.RaftServerConfigKeys (ConfUtils.java:logGet(43)) - raft.server.notification.no-leader.timeout = 120s (custom)
2019-09-25 11:10:24,659 [pool-683-thread-1] INFO  server.RaftServerConfigKeys (ConfUtils.java:logGet(43)) - raft.server.log.use.memory = false (default)
2019-09-25 11:10:24,659 [pool-683-thread-1] INFO  server.RaftServerConfigKeys (ConfUtils.java:logGet(43)) - raft.server.log.purge.gap = 1000000 (custom)
2019-09-25 11:10:24,660 [pool-683-thread-1] INFO  server.RaftServerConfigKeys (ConfUtils.java:logGet(43)) - raft.server.log.appender.buffer.byte-limit = 33554432 (custom)
2019-09-25 11:10:24,660 [pool-683-thread-1] INFO  server.RaftServerConfigKeys (ConfUtils.java:logGet(43)) - raft.server.log.segment.size.max = 1048576 (custom)
2019-09-25 11:10:24,660 [pool-683-thread-1] INFO  server.RaftServerConfigKeys (ConfUtils.java:logGet(43)) - raft.server.log.segment.cache.num.max = 2 (custom)
2019-09-25 11:10:24,660 [pool-683-thread-1] INFO  segmented.SegmentedRaftLogWorker (SegmentedRaftLogWorker.java:<init>(172)) - new 9260b2c2-77d0-40af-9a4b-242b57e61325@group-01A106BC48A6-SegmentedRaftLogWorker for RaftStorage:Storage Directory /workdir/hadoop-ozone/integration-test/target/test-dir/MiniOzoneClusterImpl-36bd9e64-229c-43b0-8f36-7d73050474c0/datanode-1/data/ratis/e5eab6ee-4622-4119-a9e0-01a106bc48a6
2019-09-25 11:10:24,660 [pool-683-thread-1] INFO  server.RaftServerConfigKeys (ConfUtils.java:logGet(43)) - raft.server.log.queue.byte-limit = 2147483647 (custom)
2019-09-25 11:10:24,660 [pool-683-thread-1] INFO  server.RaftServerConfigKeys (ConfUtils.java:logGet(43)) - raft.server.log.queue.element-limit = 1024 (custom)
2019-09-25 11:10:24,660 [pool-683-thread-1] INFO  server.RaftServerConfigKeys (ConfUtils.java:logGet(43)) - raft.server.log.segment.size.max = 1048576 (custom)
2019-09-25 11:10:24,661 [pool-683-thread-1] INFO  server.RaftServerConfigKeys (ConfUtils.java:logGet(43)) - raft.server.log.preallocated.size = 16384 (custom)
2019-09-25 11:10:24,661 [pool-683-thread-1] INFO  server.RaftServerConfigKeys (ConfUtils.java:logGet(43)) - raft.server.log.write.buffer.size = 33554432 (custom)
2019-09-25 11:10:24,661 [pool-683-thread-1] INFO  server.RaftServerConfigKeys (ConfUtils.java:logGet(43)) - raft.server.log.force.sync.num = 128 (default)
2019-09-25 11:10:24,661 [pool-683-thread-1] INFO  server.RaftServerConfigKeys (ConfUtils.java:logGet(43)) - raft.server.log.statemachine.data.sync = true (default)
2019-09-25 11:10:24,661 [pool-683-thread-1] INFO  server.RaftServerConfigKeys (ConfUtils.java:logGet(43)) - raft.server.log.statemachine.data.sync.timeout = 10s (default)
2019-09-25 11:10:24,661 [pool-683-thread-1] INFO  server.RaftServerConfigKeys (ConfUtils.java:logGet(43)) - raft.server.log.statemachine.data.sync.timeout.retry = -1 (default)
2019-09-25 11:10:24,661 [pool-683-thread-1] INFO  server.RaftServerConfigKeys (ConfUtils.java:logGet(43)) - raft.server.log.statemachine.data.caching.enabled = true (custom)
2019-09-25 11:10:24,662 [pool-683-thread-1] INFO  segmented.SegmentedRaftLogWorker (SegmentedRaftLogWorker.java:lambda$new$0(132)) - 9260b2c2-77d0-40af-9a4b-242b57e61325@group-01A106BC48A6-SegmentedRaftLogWorker: flushIndex: setUnconditionally 0 -> -1
2019-09-25 11:10:24,662 [pool-683-thread-1] INFO  server.RaftServerConfigKeys (ConfUtils.java:logGet(43)) - raft.server.snapshot.auto.trigger.enabled = true (custom)
2019-09-25 11:10:24,662 [pool-683-thread-1] INFO  server.RaftServerConfigKeys (ConfUtils.java:logGet(43)) - raft.server.snapshot.auto.trigger.threshold = 10000 (custom)
2019-09-25 11:10:24,662 [pool-683-thread-1] INFO  server.RaftServerConfigKeys (ConfUtils.java:logGet(43)) - raft.server.snapshot.retention.num.files = 5 (custom)
2019-09-25 11:10:24,662 [pool-683-thread-1] INFO  server.RaftServerConfigKeys (ConfUtils.java:logGet(43)) - raft.server.retrycache.expirytime = 600000ms (custom)
2019-09-25 11:10:24,664 [pool-683-thread-1] INFO  impl.RaftServerImpl (RaftServerImpl.java:start(185)) - 9260b2c2-77d0-40af-9a4b-242b57e61325@group-01A106BC48A6: start as a follower, conf=-1: [9260b2c2-77d0-40af-9a4b-242b57e61325:192.168.30.6:43860], old=null
2019-09-25 11:10:24,664 [pool-683-thread-1] INFO  impl.RaftServerImpl (RaftServerImpl.java:setRole(174)) - 9260b2c2-77d0-40af-9a4b-242b57e61325@group-01A106BC48A6: changes role from      null to FOLLOWER at term 0 for startAsFollower
2019-09-25 11:10:24,664 [pool-683-thread-1] INFO  impl.RoleInfo (RoleInfo.java:updateAndGet(143)) - 9260b2c2-77d0-40af-9a4b-242b57e61325: start FollowerState
2019-09-25 11:10:24,664 [pool-683-thread-1] INFO  util.JmxRegister (JmxRegister.java:tryRegister(44)) - Successfully registered JMX Bean with object name Ratis:service=RaftServer,group=group-01A106BC48A6,id=9260b2c2-77d0-40af-9a4b-242b57e61325
2019-09-25 11:10:24,666 [RatisPipelineUtilsThread] INFO  pipeline.PipelineStateManager (PipelineStateManager.java:addPipeline(56)) - Created pipeline Pipeline[ Id: e5eab6ee-4622-4119-a9e0-01a106bc48a6, Nodes: 9260b2c2-77d0-40af-9a4b-242b57e61325{ip: 192.168.30.6, host: pr-hdds-1569-5gmkr-4255264070, networkLocation: /default-rack, certSerialId: null}, Type:RATIS, Factor:ONE, State:OPEN]
2019-09-25 11:10:24,666 [RatisPipelineUtilsThread] INFO  pipeline.PipelinePlacementPolicy (PipelinePlacementPolicy.java:meetCriteria(91)) - Pipeline Placement: can't place more pipeline on heavy datanode： a17b444c-dc8d-41d3-94fa-b87b918595f3 Heaviness: 6 limit: 5
2019-09-25 11:10:24,669 [grpc-default-executor-1] INFO  impl.RaftServerProxy (RaftServerProxy.java:addNew(89)) - 09fcc576-174a-4714-a677-8a28b3c19a40: addNew group-7D5D00F9678C:[09fcc576-174a-4714-a677-8a28b3c19a40:192.168.30.6:45814] returns group-7D5D00F9678C:java.util.concurrent.CompletableFuture@154fae74[Not completed]
2019-09-25 11:10:24,670 [pool-693-thread-1] INFO  impl.RaftServerImpl (RaftServerImpl.java:<init>(95)) - 09fcc576-174a-4714-a677-8a28b3c19a40: new RaftServerImpl for group-7D5D00F9678C:[09fcc576-174a-4714-a677-8a28b3c19a40:192.168.30.6:45814] with ContainerStateMachine:uninitialized
2019-09-25 11:10:24,670 [pool-693-thread-1] INFO  server.RaftServerConfigKeys (ConfUtils.java:logGet(43)) - raft.server.rpc.timeout.min = 5s (custom)
2019-09-25 11:10:24,670 [pool-693-thread-1] INFO  server.RaftServerConfigKeys (ConfUtils.java:logGet(43)) - raft.server.rpc.timeout.max = 5200ms (custom)
2019-09-25 11:10:24,670 [pool-693-thread-1] INFO  server.RaftServerConfigKeys (ConfUtils.java:logGet(43)) - raft.server.rpcslowness.timeout = 120s (custom)
2019-09-25 11:10:24,670 [pool-693-thread-1] INFO  server.RaftServerConfigKeys (ConfUtils.java:logGet(43)) - raft.server.sleep.deviation.threshold = 300 (default)
2019-09-25 11:10:24,671 [pool-693-thread-1] INFO  server.RaftServerConfigKeys (ConfUtils.java:logGet(43)) - raft.server.log.appender.install.snapshot.enabled = false (custom)
2019-09-25 11:10:24,671 [pool-693-thread-1] INFO  impl.RaftServerImpl (ServerState.java:<init>(103)) - 09fcc576-174a-4714-a677-8a28b3c19a40@group-7D5D00F9678C: ConfigurationManager, init=-1: [09fcc576-174a-4714-a677-8a28b3c19a40:192.168.30.6:45814], old=null, confs=<EMPTY_MAP>
2019-09-25 11:10:24,671 [pool-693-thread-1] INFO  server.RaftServerConfigKeys (ConfUtils.java:logGet(43)) - raft.server.storage.dir = [/workdir/hadoop-ozone/integration-test/target/test-dir/MiniOzoneClusterImpl-36bd9e64-229c-43b0-8f36-7d73050474c0/datanode-2/data/ratis] (custom)
2019-09-25 11:10:24,671 [pool-693-thread-1] INFO  storage.RaftStorageDirectory (RaftStorageDirectory.java:analyzeStorage(246)) - The storage directory /workdir/hadoop-ozone/integration-test/target/test-dir/MiniOzoneClusterImpl-36bd9e64-229c-43b0-8f36-7d73050474c0/datanode-2/data/ratis/ef7f48d0-9213-4179-a7dc-7d5d00f9678c does not exist. Creating ...
2019-09-25 11:10:24,685 [pool-693-thread-1] INFO  storage.RaftStorageDirectory (RaftStorageDirectory.java:tryLock(328)) - Lock on /workdir/hadoop-ozone/integration-test/target/test-dir/MiniOzoneClusterImpl-36bd9e64-229c-43b0-8f36-7d73050474c0/datanode-2/data/ratis/ef7f48d0-9213-4179-a7dc-7d5d00f9678c/in_use.lock acquired by nodename 21763@pr-hdds-1569-5gmkr-4255264070
2019-09-25 11:10:24,698 [pool-693-thread-1] INFO  storage.RaftStorage (RaftStorage.java:format(72)) - Storage directory /workdir/hadoop-ozone/integration-test/target/test-dir/MiniOzoneClusterImpl-36bd9e64-229c-43b0-8f36-7d73050474c0/datanode-2/data/ratis/ef7f48d0-9213-4179-a7dc-7d5d00f9678c has been successfully formatted.
2019-09-25 11:10:24,698 [pool-693-thread-1] INFO  ratis.ContainerStateMachine (ContainerStateMachine.java:loadSnapshot(230)) - group-7D5D00F9678C: The snapshot info is null. Setting the last applied indexto:(t:0, i:~)
2019-09-25 11:10:24,698 [pool-693-thread-1] INFO  server.RaftServerConfigKeys (ConfUtils.java:logGet(43)) - raft.server.notification.no-leader.timeout = 120s (custom)
2019-09-25 11:10:24,699 [pool-693-thread-1] INFO  server.RaftServerConfigKeys (ConfUtils.java:logGet(43)) - raft.server.log.use.memory = false (default)
2019-09-25 11:10:24,699 [pool-693-thread-1] INFO  server.RaftServerConfigKeys (ConfUtils.java:logGet(43)) - raft.server.log.purge.gap = 1000000 (custom)
2019-09-25 11:10:24,699 [pool-693-thread-1] INFO  server.RaftServerConfigKeys (ConfUtils.java:logGet(43)) - raft.server.log.appender.buffer.byte-limit = 33554432 (custom)
2019-09-25 11:10:24,699 [pool-693-thread-1] INFO  server.RaftServerConfigKeys (ConfUtils.java:logGet(43)) - raft.server.log.segment.size.max = 1048576 (custom)
2019-09-25 11:10:24,699 [pool-693-thread-1] INFO  server.RaftServerConfigKeys (ConfUtils.java:logGet(43)) - raft.server.log.segment.cache.num.max = 2 (custom)
2019-09-25 11:10:24,699 [pool-693-thread-1] INFO  segmented.SegmentedRaftLogWorker (SegmentedRaftLogWorker.java:<init>(172)) - new 09fcc576-174a-4714-a677-8a28b3c19a40@group-7D5D00F9678C-SegmentedRaftLogWorker for RaftStorage:Storage Directory /workdir/hadoop-ozone/integration-test/target/test-dir/MiniOzoneClusterImpl-36bd9e64-229c-43b0-8f36-7d73050474c0/datanode-2/data/ratis/ef7f48d0-9213-4179-a7dc-7d5d00f9678c
2019-09-25 11:10:24,700 [pool-693-thread-1] INFO  server.RaftServerConfigKeys (ConfUtils.java:logGet(43)) - raft.server.log.queue.byte-limit = 2147483647 (custom)
2019-09-25 11:10:24,700 [pool-693-thread-1] INFO  server.RaftServerConfigKeys (ConfUtils.java:logGet(43)) - raft.server.log.queue.element-limit = 1024 (custom)
2019-09-25 11:10:24,700 [pool-693-thread-1] INFO  server.RaftServerConfigKeys (ConfUtils.java:logGet(43)) - raft.server.log.segment.size.max = 1048576 (custom)
2019-09-25 11:10:24,700 [pool-693-thread-1] INFO  server.RaftServerConfigKeys (ConfUtils.java:logGet(43)) - raft.server.log.preallocated.size = 16384 (custom)
2019-09-25 11:10:24,700 [pool-693-thread-1] INFO  server.RaftServerConfigKeys (ConfUtils.java:logGet(43)) - raft.server.log.write.buffer.size = 33554432 (custom)
2019-09-25 11:10:24,700 [pool-693-thread-1] INFO  server.RaftServerConfigKeys (ConfUtils.java:logGet(43)) - raft.server.log.force.sync.num = 128 (default)
2019-09-25 11:10:24,701 [pool-693-thread-1] INFO  server.RaftServerConfigKeys (ConfUtils.java:logGet(43)) - raft.server.log.statemachine.data.sync = true (default)
2019-09-25 11:10:24,701 [pool-693-thread-1] INFO  server.RaftServerConfigKeys (ConfUtils.java:logGet(43)) - raft.server.log.statemachine.data.sync.timeout = 10s (default)
2019-09-25 11:10:24,701 [pool-693-thread-1] INFO  server.RaftServerConfigKeys (ConfUtils.java:logGet(43)) - raft.server.log.statemachine.data.sync.timeout.retry = -1 (default)
2019-09-25 11:10:24,701 [pool-693-thread-1] INFO  server.RaftServerConfigKeys (ConfUtils.java:logGet(43)) - raft.server.log.statemachine.data.caching.enabled = true (custom)
2019-09-25 11:10:24,701 [pool-693-thread-1] INFO  segmented.SegmentedRaftLogWorker (SegmentedRaftLogWorker.java:lambda$new$0(132)) - 09fcc576-174a-4714-a677-8a28b3c19a40@group-7D5D00F9678C-SegmentedRaftLogWorker: flushIndex: setUnconditionally 0 -> -1
2019-09-25 11:10:24,702 [pool-693-thread-1] INFO  server.RaftServerConfigKeys (ConfUtils.java:logGet(43)) - raft.server.snapshot.auto.trigger.enabled = true (custom)
2019-09-25 11:10:24,702 [pool-693-thread-1] INFO  server.RaftServerConfigKeys (ConfUtils.java:logGet(43)) - raft.server.snapshot.auto.trigger.threshold = 10000 (custom)
2019-09-25 11:10:24,702 [pool-693-thread-1] INFO  server.RaftServerConfigKeys (ConfUtils.java:logGet(43)) - raft.server.snapshot.retention.num.files = 5 (custom)
2019-09-25 11:10:24,702 [pool-693-thread-1] INFO  server.RaftServerConfigKeys (ConfUtils.java:logGet(43)) - raft.server.retrycache.expirytime = 600000ms (custom)
2019-09-25 11:10:24,704 [pool-693-thread-1] INFO  impl.RaftServerImpl (RaftServerImpl.java:start(185)) - 09fcc576-174a-4714-a677-8a28b3c19a40@group-7D5D00F9678C: start as a follower, conf=-1: [09fcc576-174a-4714-a677-8a28b3c19a40:192.168.30.6:45814], old=null
2019-09-25 11:10:24,704 [pool-693-thread-1] INFO  impl.RaftServerImpl (RaftServerImpl.java:setRole(174)) - 09fcc576-174a-4714-a677-8a28b3c19a40@group-7D5D00F9678C: changes role from      null to FOLLOWER at term 0 for startAsFollower
2019-09-25 11:10:24,704 [pool-693-thread-1] INFO  impl.RoleInfo (RoleInfo.java:updateAndGet(143)) - 09fcc576-174a-4714-a677-8a28b3c19a40: start FollowerState
2019-09-25 11:10:24,705 [pool-693-thread-1] INFO  util.JmxRegister (JmxRegister.java:tryRegister(44)) - Successfully registered JMX Bean with object name Ratis:service=RaftServer,group=group-7D5D00F9678C,id=09fcc576-174a-4714-a677-8a28b3c19a40
2019-09-25 11:10:24,707 [RatisPipelineUtilsThread] INFO  pipeline.PipelineStateManager (PipelineStateManager.java:addPipeline(56)) - Created pipeline Pipeline[ Id: ef7f48d0-9213-4179-a7dc-7d5d00f9678c, Nodes: 09fcc576-174a-4714-a677-8a28b3c19a40{ip: 192.168.30.6, host: pr-hdds-1569-5gmkr-4255264070, networkLocation: /default-rack, certSerialId: null}, Type:RATIS, Factor:ONE, State:OPEN]
2019-09-25 11:10:24,707 [RatisPipelineUtilsThread] INFO  pipeline.PipelinePlacementPolicy (PipelinePlacementPolicy.java:meetCriteria(91)) - Pipeline Placement: can't place more pipeline on heavy datanode： a17b444c-dc8d-41d3-94fa-b87b918595f3 Heaviness: 6 limit: 5
2019-09-25 11:10:24,710 [grpc-default-executor-1] INFO  impl.RaftServerProxy (RaftServerProxy.java:addNew(89)) - 79e2f6f7-785e-4584-a2b0-6f2cf2bd33a1: addNew group-54739B2A00A0:[79e2f6f7-785e-4584-a2b0-6f2cf2bd33a1:192.168.30.6:45176] returns group-54739B2A00A0:java.util.concurrent.CompletableFuture@5093f255[Not completed]
2019-09-25 11:10:24,711 [pool-703-thread-1] INFO  impl.RaftServerImpl (RaftServerImpl.java:<init>(95)) - 79e2f6f7-785e-4584-a2b0-6f2cf2bd33a1: new RaftServerImpl for group-54739B2A00A0:[79e2f6f7-785e-4584-a2b0-6f2cf2bd33a1:192.168.30.6:45176] with ContainerStateMachine:uninitialized
2019-09-25 11:10:24,711 [pool-703-thread-1] INFO  server.RaftServerConfigKeys (ConfUtils.java:logGet(43)) - raft.server.rpc.timeout.min = 5s (custom)
2019-09-25 11:10:24,711 [pool-703-thread-1] INFO  server.RaftServerConfigKeys (ConfUtils.java:logGet(43)) - raft.server.rpc.timeout.max = 5200ms (custom)
2019-09-25 11:10:24,711 [pool-703-thread-1] INFO  server.RaftServerConfigKeys (ConfUtils.java:logGet(43)) - raft.server.rpcslowness.timeout = 120s (custom)
2019-09-25 11:10:24,711 [pool-703-thread-1] INFO  server.RaftServerConfigKeys (ConfUtils.java:logGet(43)) - raft.server.sleep.deviation.threshold = 300 (default)
2019-09-25 11:10:24,711 [pool-703-thread-1] INFO  server.RaftServerConfigKeys (ConfUtils.java:logGet(43)) - raft.server.log.appender.install.snapshot.enabled = false (custom)
2019-09-25 11:10:24,712 [pool-703-thread-1] INFO  impl.RaftServerImpl (ServerState.java:<init>(103)) - 79e2f6f7-785e-4584-a2b0-6f2cf2bd33a1@group-54739B2A00A0: ConfigurationManager, init=-1: [79e2f6f7-785e-4584-a2b0-6f2cf2bd33a1:192.168.30.6:45176], old=null, confs=<EMPTY_MAP>
2019-09-25 11:10:24,712 [pool-703-thread-1] INFO  server.RaftServerConfigKeys (ConfUtils.java:logGet(43)) - raft.server.storage.dir = [/workdir/hadoop-ozone/integration-test/target/test-dir/MiniOzoneClusterImpl-36bd9e64-229c-43b0-8f36-7d73050474c0/datanode-3/data/ratis] (custom)
2019-09-25 11:10:24,712 [pool-703-thread-1] INFO  storage.RaftStorageDirectory (RaftStorageDirectory.java:analyzeStorage(246)) - The storage directory /workdir/hadoop-ozone/integration-test/target/test-dir/MiniOzoneClusterImpl-36bd9e64-229c-43b0-8f36-7d73050474c0/datanode-3/data/ratis/93f943d7-3a51-45a6-a7ba-54739b2a00a0 does not exist. Creating ...
2019-09-25 11:10:24,725 [pool-703-thread-1] INFO  storage.RaftStorageDirectory (RaftStorageDirectory.java:tryLock(328)) - Lock on /workdir/hadoop-ozone/integration-test/target/test-dir/MiniOzoneClusterImpl-36bd9e64-229c-43b0-8f36-7d73050474c0/datanode-3/data/ratis/93f943d7-3a51-45a6-a7ba-54739b2a00a0/in_use.lock acquired by nodename 21763@pr-hdds-1569-5gmkr-4255264070
2019-09-25 11:10:24,738 [pool-703-thread-1] INFO  storage.RaftStorage (RaftStorage.java:format(72)) - Storage directory /workdir/hadoop-ozone/integration-test/target/test-dir/MiniOzoneClusterImpl-36bd9e64-229c-43b0-8f36-7d73050474c0/datanode-3/data/ratis/93f943d7-3a51-45a6-a7ba-54739b2a00a0 has been successfully formatted.
2019-09-25 11:10:24,738 [pool-703-thread-1] INFO  ratis.ContainerStateMachine (ContainerStateMachine.java:loadSnapshot(230)) - group-54739B2A00A0: The snapshot info is null. Setting the last applied indexto:(t:0, i:~)
2019-09-25 11:10:24,738 [pool-703-thread-1] INFO  server.RaftServerConfigKeys (ConfUtils.java:logGet(43)) - raft.server.notification.no-leader.timeout = 120s (custom)
2019-09-25 11:10:24,739 [pool-703-thread-1] INFO  server.RaftServerConfigKeys (ConfUtils.java:logGet(43)) - raft.server.log.use.memory = false (default)
2019-09-25 11:10:24,739 [pool-703-thread-1] INFO  server.RaftServerConfigKeys (ConfUtils.java:logGet(43)) - raft.server.log.purge.gap = 1000000 (custom)
2019-09-25 11:10:24,739 [pool-703-thread-1] INFO  server.RaftServerConfigKeys (ConfUtils.java:logGet(43)) - raft.server.log.appender.buffer.byte-limit = 33554432 (custom)
2019-09-25 11:10:24,739 [pool-703-thread-1] INFO  server.RaftServerConfigKeys (ConfUtils.java:logGet(43)) - raft.server.log.segment.size.max = 1048576 (custom)
2019-09-25 11:10:24,739 [pool-703-thread-1] INFO  server.RaftServerConfigKeys (ConfUtils.java:logGet(43)) - raft.server.log.segment.cache.num.max = 2 (custom)
2019-09-25 11:10:24,739 [pool-703-thread-1] INFO  segmented.SegmentedRaftLogWorker (SegmentedRaftLogWorker.java:<init>(172)) - new 79e2f6f7-785e-4584-a2b0-6f2cf2bd33a1@group-54739B2A00A0-SegmentedRaftLogWorker for RaftStorage:Storage Directory /workdir/hadoop-ozone/integration-test/target/test-dir/MiniOzoneClusterImpl-36bd9e64-229c-43b0-8f36-7d73050474c0/datanode-3/data/ratis/93f943d7-3a51-45a6-a7ba-54739b2a00a0
2019-09-25 11:10:24,739 [pool-703-thread-1] INFO  server.RaftServerConfigKeys (ConfUtils.java:logGet(43)) - raft.server.log.queue.byte-limit = 2147483647 (custom)
2019-09-25 11:10:24,740 [pool-703-thread-1] INFO  server.RaftServerConfigKeys (ConfUtils.java:logGet(43)) - raft.server.log.queue.element-limit = 1024 (custom)
2019-09-25 11:10:24,740 [pool-703-thread-1] INFO  server.RaftServerConfigKeys (ConfUtils.java:logGet(43)) - raft.server.log.segment.size.max = 1048576 (custom)
2019-09-25 11:10:24,740 [pool-703-thread-1] INFO  server.RaftServerConfigKeys (ConfUtils.java:logGet(43)) - raft.server.log.preallocated.size = 16384 (custom)
2019-09-25 11:10:24,740 [pool-703-thread-1] INFO  server.RaftServerConfigKeys (ConfUtils.java:logGet(43)) - raft.server.log.write.buffer.size = 33554432 (custom)
2019-09-25 11:10:24,740 [pool-703-thread-1] INFO  server.RaftServerConfigKeys (ConfUtils.java:logGet(43)) - raft.server.log.force.sync.num = 128 (default)
2019-09-25 11:10:24,740 [pool-703-thread-1] INFO  server.RaftServerConfigKeys (ConfUtils.java:logGet(43)) - raft.server.log.statemachine.data.sync = true (default)
2019-09-25 11:10:24,740 [pool-703-thread-1] INFO  server.RaftServerConfigKeys (ConfUtils.java:logGet(43)) - raft.server.log.statemachine.data.sync.timeout = 10s (default)
2019-09-25 11:10:24,741 [pool-703-thread-1] INFO  server.RaftServerConfigKeys (ConfUtils.java:logGet(43)) - raft.server.log.statemachine.data.sync.timeout.retry = -1 (default)
2019-09-25 11:10:24,741 [pool-703-thread-1] INFO  server.RaftServerConfigKeys (ConfUtils.java:logGet(43)) - raft.server.log.statemachine.data.caching.enabled = true (custom)
2019-09-25 11:10:24,741 [pool-703-thread-1] INFO  segmented.SegmentedRaftLogWorker (SegmentedRaftLogWorker.java:lambda$new$0(132)) - 79e2f6f7-785e-4584-a2b0-6f2cf2bd33a1@group-54739B2A00A0-SegmentedRaftLogWorker: flushIndex: setUnconditionally 0 -> -1
2019-09-25 11:10:24,741 [pool-703-thread-1] INFO  server.RaftServerConfigKeys (ConfUtils.java:logGet(43)) - raft.server.snapshot.auto.trigger.enabled = true (custom)
2019-09-25 11:10:24,741 [pool-703-thread-1] INFO  server.RaftServerConfigKeys (ConfUtils.java:logGet(43)) - raft.server.snapshot.auto.trigger.threshold = 10000 (custom)
2019-09-25 11:10:24,742 [pool-703-thread-1] INFO  server.RaftServerConfigKeys (ConfUtils.java:logGet(43)) - raft.server.snapshot.retention.num.files = 5 (custom)
2019-09-25 11:10:24,742 [pool-703-thread-1] INFO  server.RaftServerConfigKeys (ConfUtils.java:logGet(43)) - raft.server.retrycache.expirytime = 600000ms (custom)
2019-09-25 11:10:24,744 [pool-703-thread-1] INFO  impl.RaftServerImpl (RaftServerImpl.java:start(185)) - 79e2f6f7-785e-4584-a2b0-6f2cf2bd33a1@group-54739B2A00A0: start as a follower, conf=-1: [79e2f6f7-785e-4584-a2b0-6f2cf2bd33a1:192.168.30.6:45176], old=null
2019-09-25 11:10:24,744 [pool-703-thread-1] INFO  impl.RaftServerImpl (RaftServerImpl.java:setRole(174)) - 79e2f6f7-785e-4584-a2b0-6f2cf2bd33a1@group-54739B2A00A0: changes role from      null to FOLLOWER at term 0 for startAsFollower
2019-09-25 11:10:24,744 [pool-703-thread-1] INFO  impl.RoleInfo (RoleInfo.java:updateAndGet(143)) - 79e2f6f7-785e-4584-a2b0-6f2cf2bd33a1: start FollowerState
2019-09-25 11:10:24,744 [pool-703-thread-1] INFO  util.JmxRegister (JmxRegister.java:tryRegister(44)) - Successfully registered JMX Bean with object name Ratis:service=RaftServer,group=group-54739B2A00A0,id=79e2f6f7-785e-4584-a2b0-6f2cf2bd33a1
2019-09-25 11:10:24,746 [RatisPipelineUtilsThread] INFO  pipeline.PipelineStateManager (PipelineStateManager.java:addPipeline(56)) - Created pipeline Pipeline[ Id: 93f943d7-3a51-45a6-a7ba-54739b2a00a0, Nodes: 79e2f6f7-785e-4584-a2b0-6f2cf2bd33a1{ip: 192.168.30.6, host: pr-hdds-1569-5gmkr-4255264070, networkLocation: /default-rack, certSerialId: null}, Type:RATIS, Factor:ONE, State:OPEN]
2019-09-25 11:10:24,746 [RatisPipelineUtilsThread] INFO  pipeline.PipelinePlacementPolicy (PipelinePlacementPolicy.java:meetCriteria(91)) - Pipeline Placement: can't place more pipeline on heavy datanode： a17b444c-dc8d-41d3-94fa-b87b918595f3 Heaviness: 6 limit: 5
2019-09-25 11:10:24,750 [grpc-default-executor-1] INFO  impl.RaftServerProxy (RaftServerProxy.java:addNew(89)) - 9260b2c2-77d0-40af-9a4b-242b57e61325: addNew group-DFA99E1C1E72:[9260b2c2-77d0-40af-9a4b-242b57e61325:192.168.30.6:43860] returns group-DFA99E1C1E72:java.util.concurrent.CompletableFuture@62129f79[Not completed]
2019-09-25 11:10:24,751 [pool-683-thread-1] INFO  impl.RaftServerImpl (RaftServerImpl.java:<init>(95)) - 9260b2c2-77d0-40af-9a4b-242b57e61325: new RaftServerImpl for group-DFA99E1C1E72:[9260b2c2-77d0-40af-9a4b-242b57e61325:192.168.30.6:43860] with ContainerStateMachine:uninitialized
2019-09-25 11:10:24,751 [pool-683-thread-1] INFO  server.RaftServerConfigKeys (ConfUtils.java:logGet(43)) - raft.server.rpc.timeout.min = 5s (custom)
2019-09-25 11:10:24,751 [pool-683-thread-1] INFO  server.RaftServerConfigKeys (ConfUtils.java:logGet(43)) - raft.server.rpc.timeout.max = 5200ms (custom)
2019-09-25 11:10:24,751 [pool-683-thread-1] INFO  server.RaftServerConfigKeys (ConfUtils.java:logGet(43)) - raft.server.rpcslowness.timeout = 120s (custom)
2019-09-25 11:10:24,751 [pool-683-thread-1] INFO  server.RaftServerConfigKeys (ConfUtils.java:logGet(43)) - raft.server.sleep.deviation.threshold = 300 (default)
2019-09-25 11:10:24,752 [pool-683-thread-1] INFO  server.RaftServerConfigKeys (ConfUtils.java:logGet(43)) - raft.server.log.appender.install.snapshot.enabled = false (custom)
2019-09-25 11:10:24,752 [pool-683-thread-1] INFO  impl.RaftServerImpl (ServerState.java:<init>(103)) - 9260b2c2-77d0-40af-9a4b-242b57e61325@group-DFA99E1C1E72: ConfigurationManager, init=-1: [9260b2c2-77d0-40af-9a4b-242b57e61325:192.168.30.6:43860], old=null, confs=<EMPTY_MAP>
2019-09-25 11:10:24,752 [pool-683-thread-1] INFO  server.RaftServerConfigKeys (ConfUtils.java:logGet(43)) - raft.server.storage.dir = [/workdir/hadoop-ozone/integration-test/target/test-dir/MiniOzoneClusterImpl-36bd9e64-229c-43b0-8f36-7d73050474c0/datanode-1/data/ratis] (custom)
2019-09-25 11:10:24,753 [pool-683-thread-1] INFO  storage.RaftStorageDirectory (RaftStorageDirectory.java:analyzeStorage(246)) - The storage directory /workdir/hadoop-ozone/integration-test/target/test-dir/MiniOzoneClusterImpl-36bd9e64-229c-43b0-8f36-7d73050474c0/datanode-1/data/ratis/89fba128-3f96-4b6b-b0df-dfa99e1c1e72 does not exist. Creating ...
2019-09-25 11:10:24,766 [pool-683-thread-1] INFO  storage.RaftStorageDirectory (RaftStorageDirectory.java:tryLock(328)) - Lock on /workdir/hadoop-ozone/integration-test/target/test-dir/MiniOzoneClusterImpl-36bd9e64-229c-43b0-8f36-7d73050474c0/datanode-1/data/ratis/89fba128-3f96-4b6b-b0df-dfa99e1c1e72/in_use.lock acquired by nodename 21763@pr-hdds-1569-5gmkr-4255264070
2019-09-25 11:10:24,780 [pool-683-thread-1] INFO  storage.RaftStorage (RaftStorage.java:format(72)) - Storage directory /workdir/hadoop-ozone/integration-test/target/test-dir/MiniOzoneClusterImpl-36bd9e64-229c-43b0-8f36-7d73050474c0/datanode-1/data/ratis/89fba128-3f96-4b6b-b0df-dfa99e1c1e72 has been successfully formatted.
2019-09-25 11:10:24,780 [pool-683-thread-1] INFO  ratis.ContainerStateMachine (ContainerStateMachine.java:loadSnapshot(230)) - group-DFA99E1C1E72: The snapshot info is null. Setting the last applied indexto:(t:0, i:~)
2019-09-25 11:10:24,780 [pool-683-thread-1] INFO  server.RaftServerConfigKeys (ConfUtils.java:logGet(43)) - raft.server.notification.no-leader.timeout = 120s (custom)
2019-09-25 11:10:24,780 [pool-683-thread-1] INFO  server.RaftServerConfigKeys (ConfUtils.java:logGet(43)) - raft.server.log.use.memory = false (default)
2019-09-25 11:10:24,780 [pool-683-thread-1] INFO  server.RaftServerConfigKeys (ConfUtils.java:logGet(43)) - raft.server.log.purge.gap = 1000000 (custom)
2019-09-25 11:10:24,781 [pool-683-thread-1] INFO  server.RaftServerConfigKeys (ConfUtils.java:logGet(43)) - raft.server.log.appender.buffer.byte-limit = 33554432 (custom)
2019-09-25 11:10:24,781 [pool-683-thread-1] INFO  server.RaftServerConfigKeys (ConfUtils.java:logGet(43)) - raft.server.log.segment.size.max = 1048576 (custom)
2019-09-25 11:10:24,781 [pool-683-thread-1] INFO  server.RaftServerConfigKeys (ConfUtils.java:logGet(43)) - raft.server.log.segment.cache.num.max = 2 (custom)
2019-09-25 11:10:24,781 [pool-683-thread-1] INFO  segmented.SegmentedRaftLogWorker (SegmentedRaftLogWorker.java:<init>(172)) - new 9260b2c2-77d0-40af-9a4b-242b57e61325@group-DFA99E1C1E72-SegmentedRaftLogWorker for RaftStorage:Storage Directory /workdir/hadoop-ozone/integration-test/target/test-dir/MiniOzoneClusterImpl-36bd9e64-229c-43b0-8f36-7d73050474c0/datanode-1/data/ratis/89fba128-3f96-4b6b-b0df-dfa99e1c1e72
2019-09-25 11:10:24,781 [pool-683-thread-1] INFO  server.RaftServerConfigKeys (ConfUtils.java:logGet(43)) - raft.server.log.queue.byte-limit = 2147483647 (custom)
2019-09-25 11:10:24,781 [pool-683-thread-1] INFO  server.RaftServerConfigKeys (ConfUtils.java:logGet(43)) - raft.server.log.queue.element-limit = 1024 (custom)
2019-09-25 11:10:24,781 [pool-683-thread-1] INFO  server.RaftServerConfigKeys (ConfUtils.java:logGet(43)) - raft.server.log.segment.size.max = 1048576 (custom)
2019-09-25 11:10:24,781 [pool-683-thread-1] INFO  server.RaftServerConfigKeys (ConfUtils.java:logGet(43)) - raft.server.log.preallocated.size = 16384 (custom)
2019-09-25 11:10:24,782 [pool-683-thread-1] INFO  server.RaftServerConfigKeys (ConfUtils.java:logGet(43)) - raft.server.log.write.buffer.size = 33554432 (custom)
2019-09-25 11:10:24,782 [pool-683-thread-1] INFO  server.RaftServerConfigKeys (ConfUtils.java:logGet(43)) - raft.server.log.force.sync.num = 128 (default)
2019-09-25 11:10:24,782 [pool-683-thread-1] INFO  server.RaftServerConfigKeys (ConfUtils.java:logGet(43)) - raft.server.log.statemachine.data.sync = true (default)
2019-09-25 11:10:24,782 [pool-683-thread-1] INFO  server.RaftServerConfigKeys (ConfUtils.java:logGet(43)) - raft.server.log.statemachine.data.sync.timeout = 10s (default)
2019-09-25 11:10:24,782 [pool-683-thread-1] INFO  server.RaftServerConfigKeys (ConfUtils.java:logGet(43)) - raft.server.log.statemachine.data.sync.timeout.retry = -1 (default)
2019-09-25 11:10:24,782 [pool-683-thread-1] INFO  server.RaftServerConfigKeys (ConfUtils.java:logGet(43)) - raft.server.log.statemachine.data.caching.enabled = true (custom)
2019-09-25 11:10:24,782 [pool-683-thread-1] INFO  segmented.SegmentedRaftLogWorker (SegmentedRaftLogWorker.java:lambda$new$0(132)) - 9260b2c2-77d0-40af-9a4b-242b57e61325@group-DFA99E1C1E72-SegmentedRaftLogWorker: flushIndex: setUnconditionally 0 -> -1
2019-09-25 11:10:24,783 [pool-683-thread-1] INFO  server.RaftServerConfigKeys (ConfUtils.java:logGet(43)) - raft.server.snapshot.auto.trigger.enabled = true (custom)
2019-09-25 11:10:24,783 [pool-683-thread-1] INFO  server.RaftServerConfigKeys (ConfUtils.java:logGet(43)) - raft.server.snapshot.auto.trigger.threshold = 10000 (custom)
2019-09-25 11:10:24,783 [pool-683-thread-1] INFO  server.RaftServerConfigKeys (ConfUtils.java:logGet(43)) - raft.server.snapshot.retention.num.files = 5 (custom)
2019-09-25 11:10:24,783 [pool-683-thread-1] INFO  server.RaftServerConfigKeys (ConfUtils.java:logGet(43)) - raft.server.retrycache.expirytime = 600000ms (custom)
2019-09-25 11:10:24,785 [pool-683-thread-1] INFO  impl.RaftServerImpl (RaftServerImpl.java:start(185)) - 9260b2c2-77d0-40af-9a4b-242b57e61325@group-DFA99E1C1E72: start as a follower, conf=-1: [9260b2c2-77d0-40af-9a4b-242b57e61325:192.168.30.6:43860], old=null
2019-09-25 11:10:24,785 [pool-683-thread-1] INFO  impl.RaftServerImpl (RaftServerImpl.java:setRole(174)) - 9260b2c2-77d0-40af-9a4b-242b57e61325@group-DFA99E1C1E72: changes role from      null to FOLLOWER at term 0 for startAsFollower
2019-09-25 11:10:24,785 [pool-683-thread-1] INFO  impl.RoleInfo (RoleInfo.java:updateAndGet(143)) - 9260b2c2-77d0-40af-9a4b-242b57e61325: start FollowerState
2019-09-25 11:10:24,786 [pool-683-thread-1] INFO  util.JmxRegister (JmxRegister.java:tryRegister(44)) - Successfully registered JMX Bean with object name Ratis:service=RaftServer,group=group-DFA99E1C1E72,id=9260b2c2-77d0-40af-9a4b-242b57e61325
2019-09-25 11:10:24,788 [RatisPipelineUtilsThread] INFO  pipeline.PipelineStateManager (PipelineStateManager.java:addPipeline(56)) - Created pipeline Pipeline[ Id: 89fba128-3f96-4b6b-b0df-dfa99e1c1e72, Nodes: 9260b2c2-77d0-40af-9a4b-242b57e61325{ip: 192.168.30.6, host: pr-hdds-1569-5gmkr-4255264070, networkLocation: /default-rack, certSerialId: null}, Type:RATIS, Factor:ONE, State:OPEN]
2019-09-25 11:10:24,788 [RatisPipelineUtilsThread] INFO  pipeline.PipelinePlacementPolicy (PipelinePlacementPolicy.java:meetCriteria(91)) - Pipeline Placement: can't place more pipeline on heavy datanode： a17b444c-dc8d-41d3-94fa-b87b918595f3 Heaviness: 6 limit: 5
2019-09-25 11:10:24,792 [grpc-default-executor-1] INFO  impl.RaftServerProxy (RaftServerProxy.java:addNew(89)) - 79e2f6f7-785e-4584-a2b0-6f2cf2bd33a1: addNew group-4E9168098CDE:[79e2f6f7-785e-4584-a2b0-6f2cf2bd33a1:192.168.30.6:45176] returns group-4E9168098CDE:java.util.concurrent.CompletableFuture@e97905e[Not completed]
2019-09-25 11:10:24,793 [pool-703-thread-1] INFO  impl.RaftServerImpl (RaftServerImpl.java:<init>(95)) - 79e2f6f7-785e-4584-a2b0-6f2cf2bd33a1: new RaftServerImpl for group-4E9168098CDE:[79e2f6f7-785e-4584-a2b0-6f2cf2bd33a1:192.168.30.6:45176] with ContainerStateMachine:uninitialized
2019-09-25 11:10:24,793 [pool-703-thread-1] INFO  server.RaftServerConfigKeys (ConfUtils.java:logGet(43)) - raft.server.rpc.timeout.min = 5s (custom)
2019-09-25 11:10:24,793 [pool-703-thread-1] INFO  server.RaftServerConfigKeys (ConfUtils.java:logGet(43)) - raft.server.rpc.timeout.max = 5200ms (custom)
2019-09-25 11:10:24,793 [pool-703-thread-1] INFO  server.RaftServerConfigKeys (ConfUtils.java:logGet(43)) - raft.server.rpcslowness.timeout = 120s (custom)
2019-09-25 11:10:24,793 [pool-703-thread-1] INFO  server.RaftServerConfigKeys (ConfUtils.java:logGet(43)) - raft.server.sleep.deviation.threshold = 300 (default)
2019-09-25 11:10:24,793 [pool-703-thread-1] INFO  server.RaftServerConfigKeys (ConfUtils.java:logGet(43)) - raft.server.log.appender.install.snapshot.enabled = false (custom)
2019-09-25 11:10:24,793 [pool-703-thread-1] INFO  impl.RaftServerImpl (ServerState.java:<init>(103)) - 79e2f6f7-785e-4584-a2b0-6f2cf2bd33a1@group-4E9168098CDE: ConfigurationManager, init=-1: [79e2f6f7-785e-4584-a2b0-6f2cf2bd33a1:192.168.30.6:45176], old=null, confs=<EMPTY_MAP>
2019-09-25 11:10:24,794 [pool-703-thread-1] INFO  server.RaftServerConfigKeys (ConfUtils.java:logGet(43)) - raft.server.storage.dir = [/workdir/hadoop-ozone/integration-test/target/test-dir/MiniOzoneClusterImpl-36bd9e64-229c-43b0-8f36-7d73050474c0/datanode-3/data/ratis] (custom)
2019-09-25 11:10:24,794 [pool-703-thread-1] INFO  storage.RaftStorageDirectory (RaftStorageDirectory.java:analyzeStorage(246)) - The storage directory /workdir/hadoop-ozone/integration-test/target/test-dir/MiniOzoneClusterImpl-36bd9e64-229c-43b0-8f36-7d73050474c0/datanode-3/data/ratis/fd62ca10-46b3-45a3-8ddd-4e9168098cde does not exist. Creating ...
2019-09-25 11:10:24,807 [pool-703-thread-1] INFO  storage.RaftStorageDirectory (RaftStorageDirectory.java:tryLock(328)) - Lock on /workdir/hadoop-ozone/integration-test/target/test-dir/MiniOzoneClusterImpl-36bd9e64-229c-43b0-8f36-7d73050474c0/datanode-3/data/ratis/fd62ca10-46b3-45a3-8ddd-4e9168098cde/in_use.lock acquired by nodename 21763@pr-hdds-1569-5gmkr-4255264070
2019-09-25 11:10:24,820 [pool-703-thread-1] INFO  storage.RaftStorage (RaftStorage.java:format(72)) - Storage directory /workdir/hadoop-ozone/integration-test/target/test-dir/MiniOzoneClusterImpl-36bd9e64-229c-43b0-8f36-7d73050474c0/datanode-3/data/ratis/fd62ca10-46b3-45a3-8ddd-4e9168098cde has been successfully formatted.
2019-09-25 11:10:24,821 [pool-703-thread-1] INFO  ratis.ContainerStateMachine (ContainerStateMachine.java:loadSnapshot(230)) - group-4E9168098CDE: The snapshot info is null. Setting the last applied indexto:(t:0, i:~)
2019-09-25 11:10:24,821 [pool-703-thread-1] INFO  server.RaftServerConfigKeys (ConfUtils.java:logGet(43)) - raft.server.notification.no-leader.timeout = 120s (custom)
2019-09-25 11:10:24,821 [pool-703-thread-1] INFO  server.RaftServerConfigKeys (ConfUtils.java:logGet(43)) - raft.server.log.use.memory = false (default)
2019-09-25 11:10:24,821 [pool-703-thread-1] INFO  server.RaftServerConfigKeys (ConfUtils.java:logGet(43)) - raft.server.log.purge.gap = 1000000 (custom)
2019-09-25 11:10:24,821 [pool-703-thread-1] INFO  server.RaftServerConfigKeys (ConfUtils.java:logGet(43)) - raft.server.log.appender.buffer.byte-limit = 33554432 (custom)
2019-09-25 11:10:24,821 [pool-703-thread-1] INFO  server.RaftServerConfigKeys (ConfUtils.java:logGet(43)) - raft.server.log.segment.size.max = 1048576 (custom)
2019-09-25 11:10:24,821 [pool-703-thread-1] INFO  server.RaftServerConfigKeys (ConfUtils.java:logGet(43)) - raft.server.log.segment.cache.num.max = 2 (custom)
2019-09-25 11:10:24,821 [pool-703-thread-1] INFO  segmented.SegmentedRaftLogWorker (SegmentedRaftLogWorker.java:<init>(172)) - new 79e2f6f7-785e-4584-a2b0-6f2cf2bd33a1@group-4E9168098CDE-SegmentedRaftLogWorker for RaftStorage:Storage Directory /workdir/hadoop-ozone/integration-test/target/test-dir/MiniOzoneClusterImpl-36bd9e64-229c-43b0-8f36-7d73050474c0/datanode-3/data/ratis/fd62ca10-46b3-45a3-8ddd-4e9168098cde
2019-09-25 11:10:24,822 [pool-703-thread-1] INFO  server.RaftServerConfigKeys (ConfUtils.java:logGet(43)) - raft.server.log.queue.byte-limit = 2147483647 (custom)
2019-09-25 11:10:24,822 [pool-703-thread-1] INFO  server.RaftServerConfigKeys (ConfUtils.java:logGet(43)) - raft.server.log.queue.element-limit = 1024 (custom)
2019-09-25 11:10:24,822 [pool-703-thread-1] INFO  server.RaftServerConfigKeys (ConfUtils.java:logGet(43)) - raft.server.log.segment.size.max = 1048576 (custom)
2019-09-25 11:10:24,822 [pool-703-thread-1] INFO  server.RaftServerConfigKeys (ConfUtils.java:logGet(43)) - raft.server.log.preallocated.size = 16384 (custom)
2019-09-25 11:10:24,822 [pool-703-thread-1] INFO  server.RaftServerConfigKeys (ConfUtils.java:logGet(43)) - raft.server.log.write.buffer.size = 33554432 (custom)
2019-09-25 11:10:24,822 [pool-703-thread-1] INFO  server.RaftServerConfigKeys (ConfUtils.java:logGet(43)) - raft.server.log.force.sync.num = 128 (default)
2019-09-25 11:10:24,822 [pool-703-thread-1] INFO  server.RaftServerConfigKeys (ConfUtils.java:logGet(43)) - raft.server.log.statemachine.data.sync = true (default)
2019-09-25 11:10:24,822 [pool-703-thread-1] INFO  server.RaftServerConfigKeys (ConfUtils.java:logGet(43)) - raft.server.log.statemachine.data.sync.timeout = 10s (default)
2019-09-25 11:10:24,823 [pool-703-thread-1] INFO  server.RaftServerConfigKeys (ConfUtils.java:logGet(43)) - raft.server.log.statemachine.data.sync.timeout.retry = -1 (default)
2019-09-25 11:10:24,823 [pool-703-thread-1] INFO  server.RaftServerConfigKeys (ConfUtils.java:logGet(43)) - raft.server.log.statemachine.data.caching.enabled = true (custom)
2019-09-25 11:10:24,823 [pool-703-thread-1] INFO  segmented.SegmentedRaftLogWorker (SegmentedRaftLogWorker.java:lambda$new$0(132)) - 79e2f6f7-785e-4584-a2b0-6f2cf2bd33a1@group-4E9168098CDE-SegmentedRaftLogWorker: flushIndex: setUnconditionally 0 -> -1
2019-09-25 11:10:24,823 [pool-703-thread-1] INFO  server.RaftServerConfigKeys (ConfUtils.java:logGet(43)) - raft.server.snapshot.auto.trigger.enabled = true (custom)
2019-09-25 11:10:24,823 [pool-703-thread-1] INFO  server.RaftServerConfigKeys (ConfUtils.java:logGet(43)) - raft.server.snapshot.auto.trigger.threshold = 10000 (custom)
2019-09-25 11:10:24,824 [pool-703-thread-1] INFO  server.RaftServerConfigKeys (ConfUtils.java:logGet(43)) - raft.server.snapshot.retention.num.files = 5 (custom)
2019-09-25 11:10:24,824 [pool-703-thread-1] INFO  server.RaftServerConfigKeys (ConfUtils.java:logGet(43)) - raft.server.retrycache.expirytime = 600000ms (custom)
2019-09-25 11:10:24,825 [pool-703-thread-1] INFO  impl.RaftServerImpl (RaftServerImpl.java:start(185)) - 79e2f6f7-785e-4584-a2b0-6f2cf2bd33a1@group-4E9168098CDE: start as a follower, conf=-1: [79e2f6f7-785e-4584-a2b0-6f2cf2bd33a1:192.168.30.6:45176], old=null
2019-09-25 11:10:24,825 [pool-703-thread-1] INFO  impl.RaftServerImpl (RaftServerImpl.java:setRole(174)) - 79e2f6f7-785e-4584-a2b0-6f2cf2bd33a1@group-4E9168098CDE: changes role from      null to FOLLOWER at term 0 for startAsFollower
2019-09-25 11:10:24,826 [pool-703-thread-1] INFO  impl.RoleInfo (RoleInfo.java:updateAndGet(143)) - 79e2f6f7-785e-4584-a2b0-6f2cf2bd33a1: start FollowerState
2019-09-25 11:10:24,826 [pool-703-thread-1] INFO  util.JmxRegister (JmxRegister.java:tryRegister(44)) - Successfully registered JMX Bean with object name Ratis:service=RaftServer,group=group-4E9168098CDE,id=79e2f6f7-785e-4584-a2b0-6f2cf2bd33a1
2019-09-25 11:10:24,828 [RatisPipelineUtilsThread] INFO  pipeline.PipelineStateManager (PipelineStateManager.java:addPipeline(56)) - Created pipeline Pipeline[ Id: fd62ca10-46b3-45a3-8ddd-4e9168098cde, Nodes: 79e2f6f7-785e-4584-a2b0-6f2cf2bd33a1{ip: 192.168.30.6, host: pr-hdds-1569-5gmkr-4255264070, networkLocation: /default-rack, certSerialId: null}, Type:RATIS, Factor:ONE, State:OPEN]
2019-09-25 11:10:24,829 [RatisPipelineUtilsThread] INFO  pipeline.PipelinePlacementPolicy (PipelinePlacementPolicy.java:meetCriteria(91)) - Pipeline Placement: can't place more pipeline on heavy datanode： a17b444c-dc8d-41d3-94fa-b87b918595f3 Heaviness: 6 limit: 5
2019-09-25 11:10:24,832 [grpc-default-executor-1] INFO  impl.RaftServerProxy (RaftServerProxy.java:addNew(89)) - 09fcc576-174a-4714-a677-8a28b3c19a40: addNew group-EC3123F31812:[09fcc576-174a-4714-a677-8a28b3c19a40:192.168.30.6:45814] returns group-EC3123F31812:java.util.concurrent.CompletableFuture@4713793c[Not completed]
2019-09-25 11:10:24,833 [pool-693-thread-1] INFO  impl.RaftServerImpl (RaftServerImpl.java:<init>(95)) - 09fcc576-174a-4714-a677-8a28b3c19a40: new RaftServerImpl for group-EC3123F31812:[09fcc576-174a-4714-a677-8a28b3c19a40:192.168.30.6:45814] with ContainerStateMachine:uninitialized
2019-09-25 11:10:24,834 [pool-693-thread-1] INFO  server.RaftServerConfigKeys (ConfUtils.java:logGet(43)) - raft.server.rpc.timeout.min = 5s (custom)
2019-09-25 11:10:24,834 [pool-693-thread-1] INFO  server.RaftServerConfigKeys (ConfUtils.java:logGet(43)) - raft.server.rpc.timeout.max = 5200ms (custom)
2019-09-25 11:10:24,834 [pool-693-thread-1] INFO  server.RaftServerConfigKeys (ConfUtils.java:logGet(43)) - raft.server.rpcslowness.timeout = 120s (custom)
2019-09-25 11:10:24,834 [pool-693-thread-1] INFO  server.RaftServerConfigKeys (ConfUtils.java:logGet(43)) - raft.server.sleep.deviation.threshold = 300 (default)
2019-09-25 11:10:24,834 [pool-693-thread-1] INFO  server.RaftServerConfigKeys (ConfUtils.java:logGet(43)) - raft.server.log.appender.install.snapshot.enabled = false (custom)
2019-09-25 11:10:24,834 [pool-693-thread-1] INFO  impl.RaftServerImpl (ServerState.java:<init>(103)) - 09fcc576-174a-4714-a677-8a28b3c19a40@group-EC3123F31812: ConfigurationManager, init=-1: [09fcc576-174a-4714-a677-8a28b3c19a40:192.168.30.6:45814], old=null, confs=<EMPTY_MAP>
2019-09-25 11:10:24,834 [pool-693-thread-1] INFO  server.RaftServerConfigKeys (ConfUtils.java:logGet(43)) - raft.server.storage.dir = [/workdir/hadoop-ozone/integration-test/target/test-dir/MiniOzoneClusterImpl-36bd9e64-229c-43b0-8f36-7d73050474c0/datanode-2/data/ratis] (custom)
2019-09-25 11:10:24,835 [pool-693-thread-1] INFO  storage.RaftStorageDirectory (RaftStorageDirectory.java:analyzeStorage(246)) - The storage directory /workdir/hadoop-ozone/integration-test/target/test-dir/MiniOzoneClusterImpl-36bd9e64-229c-43b0-8f36-7d73050474c0/datanode-2/data/ratis/e1f2161f-e710-400b-b649-ec3123f31812 does not exist. Creating ...
2019-09-25 11:10:24,846 [pool-693-thread-1] INFO  storage.RaftStorageDirectory (RaftStorageDirectory.java:tryLock(328)) - Lock on /workdir/hadoop-ozone/integration-test/target/test-dir/MiniOzoneClusterImpl-36bd9e64-229c-43b0-8f36-7d73050474c0/datanode-2/data/ratis/e1f2161f-e710-400b-b649-ec3123f31812/in_use.lock acquired by nodename 21763@pr-hdds-1569-5gmkr-4255264070
2019-09-25 11:10:24,859 [pool-693-thread-1] INFO  storage.RaftStorage (RaftStorage.java:format(72)) - Storage directory /workdir/hadoop-ozone/integration-test/target/test-dir/MiniOzoneClusterImpl-36bd9e64-229c-43b0-8f36-7d73050474c0/datanode-2/data/ratis/e1f2161f-e710-400b-b649-ec3123f31812 has been successfully formatted.
2019-09-25 11:10:24,859 [pool-693-thread-1] INFO  ratis.ContainerStateMachine (ContainerStateMachine.java:loadSnapshot(230)) - group-EC3123F31812: The snapshot info is null. Setting the last applied indexto:(t:0, i:~)
2019-09-25 11:10:24,859 [pool-693-thread-1] INFO  server.RaftServerConfigKeys (ConfUtils.java:logGet(43)) - raft.server.notification.no-leader.timeout = 120s (custom)
2019-09-25 11:10:24,859 [pool-693-thread-1] INFO  server.RaftServerConfigKeys (ConfUtils.java:logGet(43)) - raft.server.log.use.memory = false (default)
2019-09-25 11:10:24,859 [pool-693-thread-1] INFO  server.RaftServerConfigKeys (ConfUtils.java:logGet(43)) - raft.server.log.purge.gap = 1000000 (custom)
2019-09-25 11:10:24,859 [pool-693-thread-1] INFO  server.RaftServerConfigKeys (ConfUtils.java:logGet(43)) - raft.server.log.appender.buffer.byte-limit = 33554432 (custom)
2019-09-25 11:10:24,860 [pool-693-thread-1] INFO  server.RaftServerConfigKeys (ConfUtils.java:logGet(43)) - raft.server.log.segment.size.max = 1048576 (custom)
2019-09-25 11:10:24,860 [pool-693-thread-1] INFO  server.RaftServerConfigKeys (ConfUtils.java:logGet(43)) - raft.server.log.segment.cache.num.max = 2 (custom)
2019-09-25 11:10:24,860 [pool-693-thread-1] INFO  segmented.SegmentedRaftLogWorker (SegmentedRaftLogWorker.java:<init>(172)) - new 09fcc576-174a-4714-a677-8a28b3c19a40@group-EC3123F31812-SegmentedRaftLogWorker for RaftStorage:Storage Directory /workdir/hadoop-ozone/integration-test/target/test-dir/MiniOzoneClusterImpl-36bd9e64-229c-43b0-8f36-7d73050474c0/datanode-2/data/ratis/e1f2161f-e710-400b-b649-ec3123f31812
2019-09-25 11:10:24,860 [pool-693-thread-1] INFO  server.RaftServerConfigKeys (ConfUtils.java:logGet(43)) - raft.server.log.queue.byte-limit = 2147483647 (custom)
2019-09-25 11:10:24,860 [pool-693-thread-1] INFO  server.RaftServerConfigKeys (ConfUtils.java:logGet(43)) - raft.server.log.queue.element-limit = 1024 (custom)
2019-09-25 11:10:24,860 [pool-693-thread-1] INFO  server.RaftServerConfigKeys (ConfUtils.java:logGet(43)) - raft.server.log.segment.size.max = 1048576 (custom)
2019-09-25 11:10:24,860 [pool-693-thread-1] INFO  server.RaftServerConfigKeys (ConfUtils.java:logGet(43)) - raft.server.log.preallocated.size = 16384 (custom)
2019-09-25 11:10:24,860 [pool-693-thread-1] INFO  server.RaftServerConfigKeys (ConfUtils.java:logGet(43)) - raft.server.log.write.buffer.size = 33554432 (custom)
2019-09-25 11:10:24,861 [pool-693-thread-1] INFO  server.RaftServerConfigKeys (ConfUtils.java:logGet(43)) - raft.server.log.force.sync.num = 128 (default)
2019-09-25 11:10:24,861 [pool-693-thread-1] INFO  server.RaftServerConfigKeys (ConfUtils.java:logGet(43)) - raft.server.log.statemachine.data.sync = true (default)
2019-09-25 11:10:24,861 [pool-693-thread-1] INFO  server.RaftServerConfigKeys (ConfUtils.java:logGet(43)) - raft.server.log.statemachine.data.sync.timeout = 10s (default)
2019-09-25 11:10:24,861 [pool-693-thread-1] INFO  server.RaftServerConfigKeys (ConfUtils.java:logGet(43)) - raft.server.log.statemachine.data.sync.timeout.retry = -1 (default)
2019-09-25 11:10:24,861 [pool-693-thread-1] INFO  server.RaftServerConfigKeys (ConfUtils.java:logGet(43)) - raft.server.log.statemachine.data.caching.enabled = true (custom)
2019-09-25 11:10:24,861 [pool-693-thread-1] INFO  segmented.SegmentedRaftLogWorker (SegmentedRaftLogWorker.java:lambda$new$0(132)) - 09fcc576-174a-4714-a677-8a28b3c19a40@group-EC3123F31812-SegmentedRaftLogWorker: flushIndex: setUnconditionally 0 -> -1
2019-09-25 11:10:24,862 [pool-693-thread-1] INFO  server.RaftServerConfigKeys (ConfUtils.java:logGet(43)) - raft.server.snapshot.auto.trigger.enabled = true (custom)
2019-09-25 11:10:24,862 [pool-693-thread-1] INFO  server.RaftServerConfigKeys (ConfUtils.java:logGet(43)) - raft.server.snapshot.auto.trigger.threshold = 10000 (custom)
2019-09-25 11:10:24,862 [pool-693-thread-1] INFO  server.RaftServerConfigKeys (ConfUtils.java:logGet(43)) - raft.server.snapshot.retention.num.files = 5 (custom)
2019-09-25 11:10:24,862 [pool-693-thread-1] INFO  server.RaftServerConfigKeys (ConfUtils.java:logGet(43)) - raft.server.retrycache.expirytime = 600000ms (custom)
2019-09-25 11:10:24,863 [pool-693-thread-1] INFO  impl.RaftServerImpl (RaftServerImpl.java:start(185)) - 09fcc576-174a-4714-a677-8a28b3c19a40@group-EC3123F31812: start as a follower, conf=-1: [09fcc576-174a-4714-a677-8a28b3c19a40:192.168.30.6:45814], old=null
2019-09-25 11:10:24,863 [pool-693-thread-1] INFO  impl.RaftServerImpl (RaftServerImpl.java:setRole(174)) - 09fcc576-174a-4714-a677-8a28b3c19a40@group-EC3123F31812: changes role from      null to FOLLOWER at term 0 for startAsFollower
2019-09-25 11:10:24,864 [pool-693-thread-1] INFO  impl.RoleInfo (RoleInfo.java:updateAndGet(143)) - 09fcc576-174a-4714-a677-8a28b3c19a40: start FollowerState
2019-09-25 11:10:24,864 [pool-693-thread-1] INFO  util.JmxRegister (JmxRegister.java:tryRegister(44)) - Successfully registered JMX Bean with object name Ratis:service=RaftServer,group=group-EC3123F31812,id=09fcc576-174a-4714-a677-8a28b3c19a40
2019-09-25 11:10:24,866 [RatisPipelineUtilsThread] INFO  pipeline.PipelineStateManager (PipelineStateManager.java:addPipeline(56)) - Created pipeline Pipeline[ Id: e1f2161f-e710-400b-b649-ec3123f31812, Nodes: 09fcc576-174a-4714-a677-8a28b3c19a40{ip: 192.168.30.6, host: pr-hdds-1569-5gmkr-4255264070, networkLocation: /default-rack, certSerialId: null}, Type:RATIS, Factor:ONE, State:OPEN]
2019-09-25 11:10:24,866 [RatisPipelineUtilsThread] INFO  pipeline.PipelinePlacementPolicy (PipelinePlacementPolicy.java:meetCriteria(91)) - Pipeline Placement: can't place more pipeline on heavy datanode： 09fcc576-174a-4714-a677-8a28b3c19a40 Heaviness: 6 limit: 5
2019-09-25 11:10:24,866 [RatisPipelineUtilsThread] INFO  pipeline.PipelinePlacementPolicy (PipelinePlacementPolicy.java:meetCriteria(91)) - Pipeline Placement: can't place more pipeline on heavy datanode： a17b444c-dc8d-41d3-94fa-b87b918595f3 Heaviness: 6 limit: 5
2019-09-25 11:10:24,870 [grpc-default-executor-1] INFO  impl.RaftServerProxy (RaftServerProxy.java:addNew(89)) - 231d5a30-2990-4b37-835c-52719c996380: addNew group-51CC8EF7CDDB:[231d5a30-2990-4b37-835c-52719c996380:192.168.30.6:44620] returns group-51CC8EF7CDDB:java.util.concurrent.CompletableFuture@7af94c92[Not completed]
2019-09-25 11:10:24,871 [pool-713-thread-1] INFO  impl.RaftServerImpl (RaftServerImpl.java:<init>(95)) - 231d5a30-2990-4b37-835c-52719c996380: new RaftServerImpl for group-51CC8EF7CDDB:[231d5a30-2990-4b37-835c-52719c996380:192.168.30.6:44620] with ContainerStateMachine:uninitialized
2019-09-25 11:10:24,871 [pool-713-thread-1] INFO  server.RaftServerConfigKeys (ConfUtils.java:logGet(43)) - raft.server.rpc.timeout.min = 5s (custom)
2019-09-25 11:10:24,872 [pool-713-thread-1] INFO  server.RaftServerConfigKeys (ConfUtils.java:logGet(43)) - raft.server.rpc.timeout.max = 5200ms (custom)
2019-09-25 11:10:24,872 [pool-713-thread-1] INFO  server.RaftServerConfigKeys (ConfUtils.java:logGet(43)) - raft.server.rpcslowness.timeout = 120s (custom)
2019-09-25 11:10:24,872 [pool-713-thread-1] INFO  server.RaftServerConfigKeys (ConfUtils.java:logGet(43)) - raft.server.sleep.deviation.threshold = 300 (default)
2019-09-25 11:10:24,872 [pool-713-thread-1] INFO  server.RaftServerConfigKeys (ConfUtils.java:logGet(43)) - raft.server.log.appender.install.snapshot.enabled = false (custom)
2019-09-25 11:10:24,872 [pool-713-thread-1] INFO  impl.RaftServerImpl (ServerState.java:<init>(103)) - 231d5a30-2990-4b37-835c-52719c996380@group-51CC8EF7CDDB: ConfigurationManager, init=-1: [231d5a30-2990-4b37-835c-52719c996380:192.168.30.6:44620], old=null, confs=<EMPTY_MAP>
2019-09-25 11:10:24,872 [pool-713-thread-1] INFO  server.RaftServerConfigKeys (ConfUtils.java:logGet(43)) - raft.server.storage.dir = [/workdir/hadoop-ozone/integration-test/target/test-dir/MiniOzoneClusterImpl-36bd9e64-229c-43b0-8f36-7d73050474c0/datanode-4/data/ratis] (custom)
2019-09-25 11:10:24,873 [pool-713-thread-1] INFO  storage.RaftStorageDirectory (RaftStorageDirectory.java:analyzeStorage(246)) - The storage directory /workdir/hadoop-ozone/integration-test/target/test-dir/MiniOzoneClusterImpl-36bd9e64-229c-43b0-8f36-7d73050474c0/datanode-4/data/ratis/c71edf07-8b46-410d-9e08-51cc8ef7cddb does not exist. Creating ...
2019-09-25 11:10:24,886 [pool-713-thread-1] INFO  storage.RaftStorageDirectory (RaftStorageDirectory.java:tryLock(328)) - Lock on /workdir/hadoop-ozone/integration-test/target/test-dir/MiniOzoneClusterImpl-36bd9e64-229c-43b0-8f36-7d73050474c0/datanode-4/data/ratis/c71edf07-8b46-410d-9e08-51cc8ef7cddb/in_use.lock acquired by nodename 21763@pr-hdds-1569-5gmkr-4255264070
2019-09-25 11:10:24,893 [main] INFO  ozone.MiniOzoneClusterImpl (MiniOzoneClusterImpl.java:lambda$waitForClusterToBeReady$0(147)) - Cluster is ready. Got 7 of 7 DN Heartbeats.
2019-09-25 11:10:24,906 [pool-713-thread-1] INFO  storage.RaftStorage (RaftStorage.java:format(72)) - Storage directory /workdir/hadoop-ozone/integration-test/target/test-dir/MiniOzoneClusterImpl-36bd9e64-229c-43b0-8f36-7d73050474c0/datanode-4/data/ratis/c71edf07-8b46-410d-9e08-51cc8ef7cddb has been successfully formatted.
2019-09-25 11:10:24,906 [pool-713-thread-1] INFO  ratis.ContainerStateMachine (ContainerStateMachine.java:loadSnapshot(230)) - group-51CC8EF7CDDB: The snapshot info is null. Setting the last applied indexto:(t:0, i:~)
2019-09-25 11:10:24,906 [pool-713-thread-1] INFO  server.RaftServerConfigKeys (ConfUtils.java:logGet(43)) - raft.server.notification.no-leader.timeout = 120s (custom)
2019-09-25 11:10:24,907 [pool-713-thread-1] INFO  server.RaftServerConfigKeys (ConfUtils.java:logGet(43)) - raft.server.log.use.memory = false (default)
2019-09-25 11:10:24,907 [pool-713-thread-1] INFO  server.RaftServerConfigKeys (ConfUtils.java:logGet(43)) - raft.server.log.purge.gap = 1000000 (custom)
2019-09-25 11:10:24,907 [pool-713-thread-1] INFO  server.RaftServerConfigKeys (ConfUtils.java:logGet(43)) - raft.server.log.appender.buffer.byte-limit = 33554432 (custom)
2019-09-25 11:10:24,907 [pool-713-thread-1] INFO  server.RaftServerConfigKeys (ConfUtils.java:logGet(43)) - raft.server.log.segment.size.max = 1048576 (custom)
2019-09-25 11:10:24,907 [pool-713-thread-1] INFO  server.RaftServerConfigKeys (ConfUtils.java:logGet(43)) - raft.server.log.segment.cache.num.max = 2 (custom)
2019-09-25 11:10:24,907 [pool-713-thread-1] INFO  segmented.SegmentedRaftLogWorker (SegmentedRaftLogWorker.java:<init>(172)) - new 231d5a30-2990-4b37-835c-52719c996380@group-51CC8EF7CDDB-SegmentedRaftLogWorker for RaftStorage:Storage Directory /workdir/hadoop-ozone/integration-test/target/test-dir/MiniOzoneClusterImpl-36bd9e64-229c-43b0-8f36-7d73050474c0/datanode-4/data/ratis/c71edf07-8b46-410d-9e08-51cc8ef7cddb
2019-09-25 11:10:24,907 [pool-713-thread-1] INFO  server.RaftServerConfigKeys (ConfUtils.java:logGet(43)) - raft.server.log.queue.byte-limit = 2147483647 (custom)
2019-09-25 11:10:24,907 [pool-713-thread-1] INFO  server.RaftServerConfigKeys (ConfUtils.java:logGet(43)) - raft.server.log.queue.element-limit = 1024 (custom)
2019-09-25 11:10:24,907 [pool-713-thread-1] INFO  server.RaftServerConfigKeys (ConfUtils.java:logGet(43)) - raft.server.log.segment.size.max = 1048576 (custom)
2019-09-25 11:10:24,910 [pool-713-thread-1] INFO  server.RaftServerConfigKeys (ConfUtils.java:logGet(43)) - raft.server.log.preallocated.size = 16384 (custom)
2019-09-25 11:10:24,910 [pool-713-thread-1] INFO  server.RaftServerConfigKeys (ConfUtils.java:logGet(43)) - raft.server.log.write.buffer.size = 33554432 (custom)
2019-09-25 11:10:24,910 [pool-713-thread-1] INFO  server.RaftServerConfigKeys (ConfUtils.java:logGet(43)) - raft.server.log.force.sync.num = 128 (default)
2019-09-25 11:10:24,910 [pool-713-thread-1] INFO  server.RaftServerConfigKeys (ConfUtils.java:logGet(43)) - raft.server.log.statemachine.data.sync = true (default)
2019-09-25 11:10:24,911 [pool-713-thread-1] INFO  server.RaftServerConfigKeys (ConfUtils.java:logGet(43)) - raft.server.log.statemachine.data.sync.timeout = 10s (default)
2019-09-25 11:10:24,911 [pool-713-thread-1] INFO  server.RaftServerConfigKeys (ConfUtils.java:logGet(43)) - raft.server.log.statemachine.data.sync.timeout.retry = -1 (default)
2019-09-25 11:10:24,925 [pool-713-thread-1] INFO  server.RaftServerConfigKeys (ConfUtils.java:logGet(43)) - raft.server.log.statemachine.data.caching.enabled = true (custom)
2019-09-25 11:10:24,925 [pool-713-thread-1] INFO  segmented.SegmentedRaftLogWorker (SegmentedRaftLogWorker.java:lambda$new$0(132)) - 231d5a30-2990-4b37-835c-52719c996380@group-51CC8EF7CDDB-SegmentedRaftLogWorker: flushIndex: setUnconditionally 0 -> -1
2019-09-25 11:10:24,925 [pool-713-thread-1] INFO  server.RaftServerConfigKeys (ConfUtils.java:logGet(43)) - raft.server.snapshot.auto.trigger.enabled = true (custom)
2019-09-25 11:10:24,925 [pool-713-thread-1] INFO  server.RaftServerConfigKeys (ConfUtils.java:logGet(43)) - raft.server.snapshot.auto.trigger.threshold = 10000 (custom)
2019-09-25 11:10:24,925 [pool-713-thread-1] INFO  server.RaftServerConfigKeys (ConfUtils.java:logGet(43)) - raft.server.snapshot.retention.num.files = 5 (custom)
2019-09-25 11:10:24,925 [pool-713-thread-1] INFO  server.RaftServerConfigKeys (ConfUtils.java:logGet(43)) - raft.server.retrycache.expirytime = 600000ms (custom)
2019-09-25 11:10:24,927 [pool-713-thread-1] INFO  impl.RaftServerImpl (RaftServerImpl.java:start(185)) - 231d5a30-2990-4b37-835c-52719c996380@group-51CC8EF7CDDB: start as a follower, conf=-1: [231d5a30-2990-4b37-835c-52719c996380:192.168.30.6:44620], old=null
2019-09-25 11:10:24,927 [pool-713-thread-1] INFO  impl.RaftServerImpl (RaftServerImpl.java:setRole(174)) - 231d5a30-2990-4b37-835c-52719c996380@group-51CC8EF7CDDB: changes role from      null to FOLLOWER at term 0 for startAsFollower
2019-09-25 11:10:24,927 [pool-713-thread-1] INFO  impl.RoleInfo (RoleInfo.java:updateAndGet(143)) - 231d5a30-2990-4b37-835c-52719c996380: start FollowerState
2019-09-25 11:10:24,927 [pool-713-thread-1] INFO  util.JmxRegister (JmxRegister.java:tryRegister(44)) - Successfully registered JMX Bean with object name Ratis:service=RaftServer,group=group-51CC8EF7CDDB,id=231d5a30-2990-4b37-835c-52719c996380
2019-09-25 11:10:24,932 [RatisPipelineUtilsThread] INFO  pipeline.PipelineStateManager (PipelineStateManager.java:addPipeline(56)) - Created pipeline Pipeline[ Id: c71edf07-8b46-410d-9e08-51cc8ef7cddb, Nodes: 231d5a30-2990-4b37-835c-52719c996380{ip: 192.168.30.6, host: pr-hdds-1569-5gmkr-4255264070, networkLocation: /default-rack, certSerialId: null}, Type:RATIS, Factor:ONE, State:OPEN]
2019-09-25 11:10:24,932 [main] INFO  rpc.RpcClient (RpcClient.java:createVolume(276)) - Creating Volume: testblockoutputstream, with jenkins1000 as owner.
2019-09-25 11:10:24,932 [RatisPipelineUtilsThread] INFO  pipeline.PipelinePlacementPolicy (PipelinePlacementPolicy.java:meetCriteria(91)) - Pipeline Placement: can't place more pipeline on heavy datanode： 09fcc576-174a-4714-a677-8a28b3c19a40 Heaviness: 6 limit: 5
2019-09-25 11:10:24,933 [RatisPipelineUtilsThread] INFO  pipeline.PipelinePlacementPolicy (PipelinePlacementPolicy.java:meetCriteria(91)) - Pipeline Placement: can't place more pipeline on heavy datanode： a17b444c-dc8d-41d3-94fa-b87b918595f3 Heaviness: 6 limit: 5
2019-09-25 11:10:24,933 [RatisPipelineUtilsThread] INFO  pipeline.PipelinePlacementPolicy (PipelinePlacementPolicy.java:meetCriteria(91)) - Pipeline Placement: can't place more pipeline on heavy datanode： 231d5a30-2990-4b37-835c-52719c996380 Heaviness: 6 limit: 5
2019-09-25 11:10:24,934 [IPC Server handler 2 on 40197] INFO  volume.OMVolumeCreateRequest (OMVolumeCreateRequest.java:validateAndUpdateCache(189)) - created volume:testblockoutputstream for user:jenkins1000
2019-09-25 11:10:24,974 [grpc-default-executor-1] INFO  impl.RaftServerProxy (RaftServerProxy.java:addNew(89)) - 9260b2c2-77d0-40af-9a4b-242b57e61325: addNew group-6F3EF71CBC4F:[9260b2c2-77d0-40af-9a4b-242b57e61325:192.168.30.6:43860] returns group-6F3EF71CBC4F:java.util.concurrent.CompletableFuture@712d5937[Not completed]
2019-09-25 11:10:24,975 [main] INFO  rpc.RpcClient (RpcClient.java:createBucket(415)) - Creating Bucket: testblockoutputstream/testblockoutputstream, with Versioning false and Storage Type set to DISK and Encryption set to false 
2019-09-25 11:10:24,975 [pool-683-thread-1] INFO  impl.RaftServerImpl (RaftServerImpl.java:<init>(95)) - 9260b2c2-77d0-40af-9a4b-242b57e61325: new RaftServerImpl for group-6F3EF71CBC4F:[9260b2c2-77d0-40af-9a4b-242b57e61325:192.168.30.6:43860] with ContainerStateMachine:uninitialized
2019-09-25 11:10:24,975 [pool-683-thread-1] INFO  server.RaftServerConfigKeys (ConfUtils.java:logGet(43)) - raft.server.rpc.timeout.min = 5s (custom)
2019-09-25 11:10:24,975 [pool-683-thread-1] INFO  server.RaftServerConfigKeys (ConfUtils.java:logGet(43)) - raft.server.rpc.timeout.max = 5200ms (custom)
2019-09-25 11:10:24,975 [pool-683-thread-1] INFO  server.RaftServerConfigKeys (ConfUtils.java:logGet(43)) - raft.server.rpcslowness.timeout = 120s (custom)
2019-09-25 11:10:24,975 [pool-683-thread-1] INFO  server.RaftServerConfigKeys (ConfUtils.java:logGet(43)) - raft.server.sleep.deviation.threshold = 300 (default)
2019-09-25 11:10:24,976 [pool-683-thread-1] INFO  server.RaftServerConfigKeys (ConfUtils.java:logGet(43)) - raft.server.log.appender.install.snapshot.enabled = false (custom)
2019-09-25 11:10:24,976 [pool-683-thread-1] INFO  impl.RaftServerImpl (ServerState.java:<init>(103)) - 9260b2c2-77d0-40af-9a4b-242b57e61325@group-6F3EF71CBC4F: ConfigurationManager, init=-1: [9260b2c2-77d0-40af-9a4b-242b57e61325:192.168.30.6:43860], old=null, confs=<EMPTY_MAP>
2019-09-25 11:10:24,976 [pool-683-thread-1] INFO  server.RaftServerConfigKeys (ConfUtils.java:logGet(43)) - raft.server.storage.dir = [/workdir/hadoop-ozone/integration-test/target/test-dir/MiniOzoneClusterImpl-36bd9e64-229c-43b0-8f36-7d73050474c0/datanode-1/data/ratis] (custom)
2019-09-25 11:10:24,976 [pool-683-thread-1] INFO  storage.RaftStorageDirectory (RaftStorageDirectory.java:analyzeStorage(246)) - The storage directory /workdir/hadoop-ozone/integration-test/target/test-dir/MiniOzoneClusterImpl-36bd9e64-229c-43b0-8f36-7d73050474c0/datanode-1/data/ratis/023a5273-f26b-4187-8339-6f3ef71cbc4f does not exist. Creating ...
2019-09-25 11:10:25,011 [pool-683-thread-1] INFO  storage.RaftStorageDirectory (RaftStorageDirectory.java:tryLock(328)) - Lock on /workdir/hadoop-ozone/integration-test/target/test-dir/MiniOzoneClusterImpl-36bd9e64-229c-43b0-8f36-7d73050474c0/datanode-1/data/ratis/023a5273-f26b-4187-8339-6f3ef71cbc4f/in_use.lock acquired by nodename 21763@pr-hdds-1569-5gmkr-4255264070
2019-09-25 11:10:25,023 [pool-683-thread-1] INFO  storage.RaftStorage (RaftStorage.java:format(72)) - Storage directory /workdir/hadoop-ozone/integration-test/target/test-dir/MiniOzoneClusterImpl-36bd9e64-229c-43b0-8f36-7d73050474c0/datanode-1/data/ratis/023a5273-f26b-4187-8339-6f3ef71cbc4f has been successfully formatted.
2019-09-25 11:10:25,024 [pool-683-thread-1] INFO  ratis.ContainerStateMachine (ContainerStateMachine.java:loadSnapshot(230)) - group-6F3EF71CBC4F: The snapshot info is null. Setting the last applied indexto:(t:0, i:~)
2019-09-25 11:10:25,024 [pool-683-thread-1] INFO  server.RaftServerConfigKeys (ConfUtils.java:logGet(43)) - raft.server.notification.no-leader.timeout = 120s (custom)
2019-09-25 11:10:25,024 [pool-683-thread-1] INFO  server.RaftServerConfigKeys (ConfUtils.java:logGet(43)) - raft.server.log.use.memory = false (default)
2019-09-25 11:10:25,024 [pool-683-thread-1] INFO  server.RaftServerConfigKeys (ConfUtils.java:logGet(43)) - raft.server.log.purge.gap = 1000000 (custom)
2019-09-25 11:10:25,024 [pool-683-thread-1] INFO  server.RaftServerConfigKeys (ConfUtils.java:logGet(43)) - raft.server.log.appender.buffer.byte-limit = 33554432 (custom)
2019-09-25 11:10:25,024 [pool-683-thread-1] INFO  server.RaftServerConfigKeys (ConfUtils.java:logGet(43)) - raft.server.log.segment.size.max = 1048576 (custom)
2019-09-25 11:10:25,024 [pool-683-thread-1] INFO  server.RaftServerConfigKeys (ConfUtils.java:logGet(43)) - raft.server.log.segment.cache.num.max = 2 (custom)
2019-09-25 11:10:25,024 [pool-683-thread-1] INFO  segmented.SegmentedRaftLogWorker (SegmentedRaftLogWorker.java:<init>(172)) - new 9260b2c2-77d0-40af-9a4b-242b57e61325@group-6F3EF71CBC4F-SegmentedRaftLogWorker for RaftStorage:Storage Directory /workdir/hadoop-ozone/integration-test/target/test-dir/MiniOzoneClusterImpl-36bd9e64-229c-43b0-8f36-7d73050474c0/datanode-1/data/ratis/023a5273-f26b-4187-8339-6f3ef71cbc4f
2019-09-25 11:10:25,024 [pool-683-thread-1] INFO  server.RaftServerConfigKeys (ConfUtils.java:logGet(43)) - raft.server.log.queue.byte-limit = 2147483647 (custom)
2019-09-25 11:10:25,024 [pool-683-thread-1] INFO  server.RaftServerConfigKeys (ConfUtils.java:logGet(43)) - raft.server.log.queue.element-limit = 1024 (custom)
2019-09-25 11:10:25,025 [pool-683-thread-1] INFO  server.RaftServerConfigKeys (ConfUtils.java:logGet(43)) - raft.server.log.segment.size.max = 1048576 (custom)
2019-09-25 11:10:25,025 [pool-683-thread-1] INFO  server.RaftServerConfigKeys (ConfUtils.java:logGet(43)) - raft.server.log.preallocated.size = 16384 (custom)
2019-09-25 11:10:25,025 [pool-683-thread-1] INFO  server.RaftServerConfigKeys (ConfUtils.java:logGet(43)) - raft.server.log.write.buffer.size = 33554432 (custom)
2019-09-25 11:10:25,025 [pool-683-thread-1] INFO  server.RaftServerConfigKeys (ConfUtils.java:logGet(43)) - raft.server.log.force.sync.num = 128 (default)
2019-09-25 11:10:25,025 [pool-683-thread-1] INFO  server.RaftServerConfigKeys (ConfUtils.java:logGet(43)) - raft.server.log.statemachine.data.sync = true (default)
2019-09-25 11:10:25,025 [pool-683-thread-1] INFO  server.RaftServerConfigKeys (ConfUtils.java:logGet(43)) - raft.server.log.statemachine.data.sync.timeout = 10s (default)
2019-09-25 11:10:25,025 [pool-683-thread-1] INFO  server.RaftServerConfigKeys (ConfUtils.java:logGet(43)) - raft.server.log.statemachine.data.sync.timeout.retry = -1 (default)
2019-09-25 11:10:25,025 [pool-683-thread-1] INFO  server.RaftServerConfigKeys (ConfUtils.java:logGet(43)) - raft.server.log.statemachine.data.caching.enabled = true (custom)
2019-09-25 11:10:25,025 [pool-683-thread-1] INFO  segmented.SegmentedRaftLogWorker (SegmentedRaftLogWorker.java:lambda$new$0(132)) - 9260b2c2-77d0-40af-9a4b-242b57e61325@group-6F3EF71CBC4F-SegmentedRaftLogWorker: flushIndex: setUnconditionally 0 -> -1
2019-09-25 11:10:25,026 [pool-683-thread-1] INFO  server.RaftServerConfigKeys (ConfUtils.java:logGet(43)) - raft.server.snapshot.auto.trigger.enabled = true (custom)
2019-09-25 11:10:25,026 [pool-683-thread-1] INFO  server.RaftServerConfigKeys (ConfUtils.java:logGet(43)) - raft.server.snapshot.auto.trigger.threshold = 10000 (custom)
2019-09-25 11:10:25,026 [pool-683-thread-1] INFO  server.RaftServerConfigKeys (ConfUtils.java:logGet(43)) - raft.server.snapshot.retention.num.files = 5 (custom)
2019-09-25 11:10:25,026 [pool-683-thread-1] INFO  server.RaftServerConfigKeys (ConfUtils.java:logGet(43)) - raft.server.retrycache.expirytime = 600000ms (custom)
2019-09-25 11:10:25,027 [pool-683-thread-1] INFO  impl.RaftServerImpl (RaftServerImpl.java:start(185)) - 9260b2c2-77d0-40af-9a4b-242b57e61325@group-6F3EF71CBC4F: start as a follower, conf=-1: [9260b2c2-77d0-40af-9a4b-242b57e61325:192.168.30.6:43860], old=null
2019-09-25 11:10:25,027 [pool-683-thread-1] INFO  impl.RaftServerImpl (RaftServerImpl.java:setRole(174)) - 9260b2c2-77d0-40af-9a4b-242b57e61325@group-6F3EF71CBC4F: changes role from      null to FOLLOWER at term 0 for startAsFollower
2019-09-25 11:10:25,027 [pool-683-thread-1] INFO  impl.RoleInfo (RoleInfo.java:updateAndGet(143)) - 9260b2c2-77d0-40af-9a4b-242b57e61325: start FollowerState
2019-09-25 11:10:25,028 [pool-683-thread-1] INFO  util.JmxRegister (JmxRegister.java:tryRegister(44)) - Successfully registered JMX Bean with object name Ratis:service=RaftServer,group=group-6F3EF71CBC4F,id=9260b2c2-77d0-40af-9a4b-242b57e61325
2019-09-25 11:10:25,030 [RatisPipelineUtilsThread] INFO  pipeline.PipelineStateManager (PipelineStateManager.java:addPipeline(56)) - Created pipeline Pipeline[ Id: 023a5273-f26b-4187-8339-6f3ef71cbc4f, Nodes: 9260b2c2-77d0-40af-9a4b-242b57e61325{ip: 192.168.30.6, host: pr-hdds-1569-5gmkr-4255264070, networkLocation: /default-rack, certSerialId: null}, Type:RATIS, Factor:ONE, State:OPEN]
2019-09-25 11:10:25,030 [RatisPipelineUtilsThread] INFO  pipeline.PipelinePlacementPolicy (PipelinePlacementPolicy.java:meetCriteria(91)) - Pipeline Placement: can't place more pipeline on heavy datanode： 09fcc576-174a-4714-a677-8a28b3c19a40 Heaviness: 6 limit: 5
2019-09-25 11:10:25,030 [RatisPipelineUtilsThread] INFO  pipeline.PipelinePlacementPolicy (PipelinePlacementPolicy.java:meetCriteria(91)) - Pipeline Placement: can't place more pipeline on heavy datanode： a17b444c-dc8d-41d3-94fa-b87b918595f3 Heaviness: 6 limit: 5
2019-09-25 11:10:25,030 [RatisPipelineUtilsThread] INFO  pipeline.PipelinePlacementPolicy (PipelinePlacementPolicy.java:meetCriteria(91)) - Pipeline Placement: can't place more pipeline on heavy datanode： 9260b2c2-77d0-40af-9a4b-242b57e61325 Heaviness: 6 limit: 5
2019-09-25 11:10:25,031 [RatisPipelineUtilsThread] INFO  pipeline.PipelinePlacementPolicy (PipelinePlacementPolicy.java:meetCriteria(91)) - Pipeline Placement: can't place more pipeline on heavy datanode： 231d5a30-2990-4b37-835c-52719c996380 Heaviness: 6 limit: 5
2019-09-25 11:10:25,034 [grpc-default-executor-1] INFO  impl.RaftServerProxy (RaftServerProxy.java:addNew(89)) - 79e2f6f7-785e-4584-a2b0-6f2cf2bd33a1: addNew group-BFC63E0C5F8A:[79e2f6f7-785e-4584-a2b0-6f2cf2bd33a1:192.168.30.6:45176] returns group-BFC63E0C5F8A:java.util.concurrent.CompletableFuture@78625c6a[Not completed]
2019-09-25 11:10:25,035 [pool-703-thread-1] INFO  impl.RaftServerImpl (RaftServerImpl.java:<init>(95)) - 79e2f6f7-785e-4584-a2b0-6f2cf2bd33a1: new RaftServerImpl for group-BFC63E0C5F8A:[79e2f6f7-785e-4584-a2b0-6f2cf2bd33a1:192.168.30.6:45176] with ContainerStateMachine:uninitialized
2019-09-25 11:10:25,035 [pool-703-thread-1] INFO  server.RaftServerConfigKeys (ConfUtils.java:logGet(43)) - raft.server.rpc.timeout.min = 5s (custom)
2019-09-25 11:10:25,035 [pool-703-thread-1] INFO  server.RaftServerConfigKeys (ConfUtils.java:logGet(43)) - raft.server.rpc.timeout.max = 5200ms (custom)
2019-09-25 11:10:25,036 [pool-703-thread-1] INFO  server.RaftServerConfigKeys (ConfUtils.java:logGet(43)) - raft.server.rpcslowness.timeout = 120s (custom)
2019-09-25 11:10:25,036 [pool-703-thread-1] INFO  server.RaftServerConfigKeys (ConfUtils.java:logGet(43)) - raft.server.sleep.deviation.threshold = 300 (default)
2019-09-25 11:10:25,036 [pool-703-thread-1] INFO  server.RaftServerConfigKeys (ConfUtils.java:logGet(43)) - raft.server.log.appender.install.snapshot.enabled = false (custom)
2019-09-25 11:10:25,036 [pool-703-thread-1] INFO  impl.RaftServerImpl (ServerState.java:<init>(103)) - 79e2f6f7-785e-4584-a2b0-6f2cf2bd33a1@group-BFC63E0C5F8A: ConfigurationManager, init=-1: [79e2f6f7-785e-4584-a2b0-6f2cf2bd33a1:192.168.30.6:45176], old=null, confs=<EMPTY_MAP>
2019-09-25 11:10:25,036 [pool-703-thread-1] INFO  server.RaftServerConfigKeys (ConfUtils.java:logGet(43)) - raft.server.storage.dir = [/workdir/hadoop-ozone/integration-test/target/test-dir/MiniOzoneClusterImpl-36bd9e64-229c-43b0-8f36-7d73050474c0/datanode-3/data/ratis] (custom)
2019-09-25 11:10:25,037 [pool-703-thread-1] INFO  storage.RaftStorageDirectory (RaftStorageDirectory.java:analyzeStorage(246)) - The storage directory /workdir/hadoop-ozone/integration-test/target/test-dir/MiniOzoneClusterImpl-36bd9e64-229c-43b0-8f36-7d73050474c0/datanode-3/data/ratis/043d0c47-fc41-4269-b959-bfc63e0c5f8a does not exist. Creating ...
2019-09-25 11:10:25,050 [pool-703-thread-1] INFO  storage.RaftStorageDirectory (RaftStorageDirectory.java:tryLock(328)) - Lock on /workdir/hadoop-ozone/integration-test/target/test-dir/MiniOzoneClusterImpl-36bd9e64-229c-43b0-8f36-7d73050474c0/datanode-3/data/ratis/043d0c47-fc41-4269-b959-bfc63e0c5f8a/in_use.lock acquired by nodename 21763@pr-hdds-1569-5gmkr-4255264070
2019-09-25 11:10:25,080 [pool-703-thread-1] INFO  storage.RaftStorage (RaftStorage.java:format(72)) - Storage directory /workdir/hadoop-ozone/integration-test/target/test-dir/MiniOzoneClusterImpl-36bd9e64-229c-43b0-8f36-7d73050474c0/datanode-3/data/ratis/043d0c47-fc41-4269-b959-bfc63e0c5f8a has been successfully formatted.
2019-09-25 11:10:25,080 [pool-703-thread-1] INFO  ratis.ContainerStateMachine (ContainerStateMachine.java:loadSnapshot(230)) - group-BFC63E0C5F8A: The snapshot info is null. Setting the last applied indexto:(t:0, i:~)
2019-09-25 11:10:25,080 [pool-703-thread-1] INFO  server.RaftServerConfigKeys (ConfUtils.java:logGet(43)) - raft.server.notification.no-leader.timeout = 120s (custom)
2019-09-25 11:10:25,080 [pool-703-thread-1] INFO  server.RaftServerConfigKeys (ConfUtils.java:logGet(43)) - raft.server.log.use.memory = false (default)
2019-09-25 11:10:25,081 [pool-703-thread-1] INFO  server.RaftServerConfigKeys (ConfUtils.java:logGet(43)) - raft.server.log.purge.gap = 1000000 (custom)
2019-09-25 11:10:25,081 [pool-703-thread-1] INFO  server.RaftServerConfigKeys (ConfUtils.java:logGet(43)) - raft.server.log.appender.buffer.byte-limit = 33554432 (custom)
2019-09-25 11:10:25,081 [pool-703-thread-1] INFO  server.RaftServerConfigKeys (ConfUtils.java:logGet(43)) - raft.server.log.segment.size.max = 1048576 (custom)
2019-09-25 11:10:25,081 [pool-703-thread-1] INFO  server.RaftServerConfigKeys (ConfUtils.java:logGet(43)) - raft.server.log.segment.cache.num.max = 2 (custom)
2019-09-25 11:10:25,081 [pool-703-thread-1] INFO  segmented.SegmentedRaftLogWorker (SegmentedRaftLogWorker.java:<init>(172)) - new 79e2f6f7-785e-4584-a2b0-6f2cf2bd33a1@group-BFC63E0C5F8A-SegmentedRaftLogWorker for RaftStorage:Storage Directory /workdir/hadoop-ozone/integration-test/target/test-dir/MiniOzoneClusterImpl-36bd9e64-229c-43b0-8f36-7d73050474c0/datanode-3/data/ratis/043d0c47-fc41-4269-b959-bfc63e0c5f8a
2019-09-25 11:10:25,082 [pool-703-thread-1] INFO  server.RaftServerConfigKeys (ConfUtils.java:logGet(43)) - raft.server.log.queue.byte-limit = 2147483647 (custom)
2019-09-25 11:10:25,082 [pool-703-thread-1] INFO  server.RaftServerConfigKeys (ConfUtils.java:logGet(43)) - raft.server.log.queue.element-limit = 1024 (custom)
2019-09-25 11:10:25,082 [pool-703-thread-1] INFO  server.RaftServerConfigKeys (ConfUtils.java:logGet(43)) - raft.server.log.segment.size.max = 1048576 (custom)
2019-09-25 11:10:25,082 [pool-703-thread-1] INFO  server.RaftServerConfigKeys (ConfUtils.java:logGet(43)) - raft.server.log.preallocated.size = 16384 (custom)
2019-09-25 11:10:25,082 [pool-703-thread-1] INFO  server.RaftServerConfigKeys (ConfUtils.java:logGet(43)) - raft.server.log.write.buffer.size = 33554432 (custom)
2019-09-25 11:10:25,082 [pool-703-thread-1] INFO  server.RaftServerConfigKeys (ConfUtils.java:logGet(43)) - raft.server.log.force.sync.num = 128 (default)
2019-09-25 11:10:25,082 [pool-703-thread-1] INFO  server.RaftServerConfigKeys (ConfUtils.java:logGet(43)) - raft.server.log.statemachine.data.sync = true (default)
2019-09-25 11:10:25,083 [pool-703-thread-1] INFO  server.RaftServerConfigKeys (ConfUtils.java:logGet(43)) - raft.server.log.statemachine.data.sync.timeout = 10s (default)
2019-09-25 11:10:25,083 [pool-703-thread-1] INFO  server.RaftServerConfigKeys (ConfUtils.java:logGet(43)) - raft.server.log.statemachine.data.sync.timeout.retry = -1 (default)
2019-09-25 11:10:25,083 [pool-703-thread-1] INFO  server.RaftServerConfigKeys (ConfUtils.java:logGet(43)) - raft.server.log.statemachine.data.caching.enabled = true (custom)
2019-09-25 11:10:25,083 [pool-703-thread-1] INFO  segmented.SegmentedRaftLogWorker (SegmentedRaftLogWorker.java:lambda$new$0(132)) - 79e2f6f7-785e-4584-a2b0-6f2cf2bd33a1@group-BFC63E0C5F8A-SegmentedRaftLogWorker: flushIndex: setUnconditionally 0 -> -1
2019-09-25 11:10:25,084 [pool-703-thread-1] INFO  server.RaftServerConfigKeys (ConfUtils.java:logGet(43)) - raft.server.snapshot.auto.trigger.enabled = true (custom)
2019-09-25 11:10:25,084 [pool-703-thread-1] INFO  server.RaftServerConfigKeys (ConfUtils.java:logGet(43)) - raft.server.snapshot.auto.trigger.threshold = 10000 (custom)
2019-09-25 11:10:25,084 [pool-703-thread-1] INFO  server.RaftServerConfigKeys (ConfUtils.java:logGet(43)) - raft.server.snapshot.retention.num.files = 5 (custom)
2019-09-25 11:10:25,084 [pool-703-thread-1] INFO  server.RaftServerConfigKeys (ConfUtils.java:logGet(43)) - raft.server.retrycache.expirytime = 600000ms (custom)
2019-09-25 11:10:25,086 [pool-703-thread-1] INFO  impl.RaftServerImpl (RaftServerImpl.java:start(185)) - 79e2f6f7-785e-4584-a2b0-6f2cf2bd33a1@group-BFC63E0C5F8A: start as a follower, conf=-1: [79e2f6f7-785e-4584-a2b0-6f2cf2bd33a1:192.168.30.6:45176], old=null
2019-09-25 11:10:25,086 [pool-703-thread-1] INFO  impl.RaftServerImpl (RaftServerImpl.java:setRole(174)) - 79e2f6f7-785e-4584-a2b0-6f2cf2bd33a1@group-BFC63E0C5F8A: changes role from      null to FOLLOWER at term 0 for startAsFollower
2019-09-25 11:10:25,087 [pool-703-thread-1] INFO  impl.RoleInfo (RoleInfo.java:updateAndGet(143)) - 79e2f6f7-785e-4584-a2b0-6f2cf2bd33a1: start FollowerState
2019-09-25 11:10:25,087 [pool-703-thread-1] INFO  util.JmxRegister (JmxRegister.java:tryRegister(44)) - Successfully registered JMX Bean with object name Ratis:service=RaftServer,group=group-BFC63E0C5F8A,id=79e2f6f7-785e-4584-a2b0-6f2cf2bd33a1
2019-09-25 11:10:25,089 [RatisPipelineUtilsThread] INFO  pipeline.PipelineStateManager (PipelineStateManager.java:addPipeline(56)) - Created pipeline Pipeline[ Id: 043d0c47-fc41-4269-b959-bfc63e0c5f8a, Nodes: 79e2f6f7-785e-4584-a2b0-6f2cf2bd33a1{ip: 192.168.30.6, host: pr-hdds-1569-5gmkr-4255264070, networkLocation: /default-rack, certSerialId: null}, Type:RATIS, Factor:ONE, State:OPEN]
2019-09-25 11:10:25,089 [RatisPipelineUtilsThread] INFO  pipeline.PipelinePlacementPolicy (PipelinePlacementPolicy.java:meetCriteria(91)) - Pipeline Placement: can't place more pipeline on heavy datanode： 09fcc576-174a-4714-a677-8a28b3c19a40 Heaviness: 6 limit: 5
2019-09-25 11:10:25,089 [RatisPipelineUtilsThread] INFO  pipeline.PipelinePlacementPolicy (PipelinePlacementPolicy.java:meetCriteria(91)) - Pipeline Placement: can't place more pipeline on heavy datanode： a17b444c-dc8d-41d3-94fa-b87b918595f3 Heaviness: 6 limit: 5
2019-09-25 11:10:25,090 [RatisPipelineUtilsThread] INFO  pipeline.PipelinePlacementPolicy (PipelinePlacementPolicy.java:meetCriteria(91)) - Pipeline Placement: can't place more pipeline on heavy datanode： 9260b2c2-77d0-40af-9a4b-242b57e61325 Heaviness: 6 limit: 5
2019-09-25 11:10:25,090 [RatisPipelineUtilsThread] INFO  pipeline.PipelinePlacementPolicy (PipelinePlacementPolicy.java:meetCriteria(91)) - Pipeline Placement: can't place more pipeline on heavy datanode： 231d5a30-2990-4b37-835c-52719c996380 Heaviness: 6 limit: 5
2019-09-25 11:10:25,090 [RatisPipelineUtilsThread] INFO  pipeline.PipelinePlacementPolicy (PipelinePlacementPolicy.java:meetCriteria(91)) - Pipeline Placement: can't place more pipeline on heavy datanode： 79e2f6f7-785e-4584-a2b0-6f2cf2bd33a1 Heaviness: 6 limit: 5
2019-09-25 11:10:25,093 [grpc-default-executor-1] INFO  impl.RaftServerProxy (RaftServerProxy.java:addNew(89)) - 0089544c-4670-45f6-b8b0-eabe3503e213: addNew group-86E2D68A9109:[0089544c-4670-45f6-b8b0-eabe3503e213:192.168.30.6:36645] returns group-86E2D68A9109:java.util.concurrent.CompletableFuture@163aa288[Not completed]
2019-09-25 11:10:25,095 [pool-733-thread-1] INFO  impl.RaftServerImpl (RaftServerImpl.java:<init>(95)) - 0089544c-4670-45f6-b8b0-eabe3503e213: new RaftServerImpl for group-86E2D68A9109:[0089544c-4670-45f6-b8b0-eabe3503e213:192.168.30.6:36645] with ContainerStateMachine:uninitialized
2019-09-25 11:10:25,095 [pool-733-thread-1] INFO  server.RaftServerConfigKeys (ConfUtils.java:logGet(43)) - raft.server.rpc.timeout.min = 5s (custom)
2019-09-25 11:10:25,095 [pool-733-thread-1] INFO  server.RaftServerConfigKeys (ConfUtils.java:logGet(43)) - raft.server.rpc.timeout.max = 5200ms (custom)
2019-09-25 11:10:25,095 [pool-733-thread-1] INFO  server.RaftServerConfigKeys (ConfUtils.java:logGet(43)) - raft.server.rpcslowness.timeout = 120s (custom)
2019-09-25 11:10:25,095 [pool-733-thread-1] INFO  server.RaftServerConfigKeys (ConfUtils.java:logGet(43)) - raft.server.sleep.deviation.threshold = 300 (default)
2019-09-25 11:10:25,095 [pool-733-thread-1] INFO  server.RaftServerConfigKeys (ConfUtils.java:logGet(43)) - raft.server.log.appender.install.snapshot.enabled = false (custom)
2019-09-25 11:10:25,096 [pool-733-thread-1] INFO  impl.RaftServerImpl (ServerState.java:<init>(103)) - 0089544c-4670-45f6-b8b0-eabe3503e213@group-86E2D68A9109: ConfigurationManager, init=-1: [0089544c-4670-45f6-b8b0-eabe3503e213:192.168.30.6:36645], old=null, confs=<EMPTY_MAP>
2019-09-25 11:10:25,096 [pool-733-thread-1] INFO  server.RaftServerConfigKeys (ConfUtils.java:logGet(43)) - raft.server.storage.dir = [/workdir/hadoop-ozone/integration-test/target/test-dir/MiniOzoneClusterImpl-36bd9e64-229c-43b0-8f36-7d73050474c0/datanode-6/data/ratis] (custom)
2019-09-25 11:10:25,096 [pool-733-thread-1] INFO  storage.RaftStorageDirectory (RaftStorageDirectory.java:analyzeStorage(246)) - The storage directory /workdir/hadoop-ozone/integration-test/target/test-dir/MiniOzoneClusterImpl-36bd9e64-229c-43b0-8f36-7d73050474c0/datanode-6/data/ratis/57410c1b-f9d8-47cd-a6b3-86e2d68a9109 does not exist. Creating ...
2019-09-25 11:10:25,110 [pool-733-thread-1] INFO  storage.RaftStorageDirectory (RaftStorageDirectory.java:tryLock(328)) - Lock on /workdir/hadoop-ozone/integration-test/target/test-dir/MiniOzoneClusterImpl-36bd9e64-229c-43b0-8f36-7d73050474c0/datanode-6/data/ratis/57410c1b-f9d8-47cd-a6b3-86e2d68a9109/in_use.lock acquired by nodename 21763@pr-hdds-1569-5gmkr-4255264070
2019-09-25 11:10:25,124 [pool-733-thread-1] INFO  storage.RaftStorage (RaftStorage.java:format(72)) - Storage directory /workdir/hadoop-ozone/integration-test/target/test-dir/MiniOzoneClusterImpl-36bd9e64-229c-43b0-8f36-7d73050474c0/datanode-6/data/ratis/57410c1b-f9d8-47cd-a6b3-86e2d68a9109 has been successfully formatted.
2019-09-25 11:10:25,124 [pool-733-thread-1] INFO  ratis.ContainerStateMachine (ContainerStateMachine.java:loadSnapshot(230)) - group-86E2D68A9109: The snapshot info is null. Setting the last applied indexto:(t:0, i:~)
2019-09-25 11:10:25,125 [pool-733-thread-1] INFO  server.RaftServerConfigKeys (ConfUtils.java:logGet(43)) - raft.server.notification.no-leader.timeout = 120s (custom)
2019-09-25 11:10:25,125 [pool-733-thread-1] INFO  server.RaftServerConfigKeys (ConfUtils.java:logGet(43)) - raft.server.log.use.memory = false (default)
2019-09-25 11:10:25,125 [pool-733-thread-1] INFO  server.RaftServerConfigKeys (ConfUtils.java:logGet(43)) - raft.server.log.purge.gap = 1000000 (custom)
2019-09-25 11:10:25,125 [pool-733-thread-1] INFO  server.RaftServerConfigKeys (ConfUtils.java:logGet(43)) - raft.server.log.appender.buffer.byte-limit = 33554432 (custom)
2019-09-25 11:10:25,125 [pool-733-thread-1] INFO  server.RaftServerConfigKeys (ConfUtils.java:logGet(43)) - raft.server.log.segment.size.max = 1048576 (custom)
2019-09-25 11:10:25,125 [pool-733-thread-1] INFO  server.RaftServerConfigKeys (ConfUtils.java:logGet(43)) - raft.server.log.segment.cache.num.max = 2 (custom)
2019-09-25 11:10:25,126 [pool-733-thread-1] INFO  segmented.SegmentedRaftLogWorker (SegmentedRaftLogWorker.java:<init>(172)) - new 0089544c-4670-45f6-b8b0-eabe3503e213@group-86E2D68A9109-SegmentedRaftLogWorker for RaftStorage:Storage Directory /workdir/hadoop-ozone/integration-test/target/test-dir/MiniOzoneClusterImpl-36bd9e64-229c-43b0-8f36-7d73050474c0/datanode-6/data/ratis/57410c1b-f9d8-47cd-a6b3-86e2d68a9109
2019-09-25 11:10:25,126 [pool-733-thread-1] INFO  server.RaftServerConfigKeys (ConfUtils.java:logGet(43)) - raft.server.log.queue.byte-limit = 2147483647 (custom)
2019-09-25 11:10:25,126 [pool-733-thread-1] INFO  server.RaftServerConfigKeys (ConfUtils.java:logGet(43)) - raft.server.log.queue.element-limit = 1024 (custom)
2019-09-25 11:10:25,126 [pool-733-thread-1] INFO  server.RaftServerConfigKeys (ConfUtils.java:logGet(43)) - raft.server.log.segment.size.max = 1048576 (custom)
2019-09-25 11:10:25,126 [pool-733-thread-1] INFO  server.RaftServerConfigKeys (ConfUtils.java:logGet(43)) - raft.server.log.preallocated.size = 16384 (custom)
2019-09-25 11:10:25,126 [pool-733-thread-1] INFO  server.RaftServerConfigKeys (ConfUtils.java:logGet(43)) - raft.server.log.write.buffer.size = 33554432 (custom)
2019-09-25 11:10:25,126 [pool-733-thread-1] INFO  server.RaftServerConfigKeys (ConfUtils.java:logGet(43)) - raft.server.log.force.sync.num = 128 (default)
2019-09-25 11:10:25,127 [pool-733-thread-1] INFO  server.RaftServerConfigKeys (ConfUtils.java:logGet(43)) - raft.server.log.statemachine.data.sync = true (default)
2019-09-25 11:10:25,127 [pool-733-thread-1] INFO  server.RaftServerConfigKeys (ConfUtils.java:logGet(43)) - raft.server.log.statemachine.data.sync.timeout = 10s (default)
2019-09-25 11:10:25,127 [pool-733-thread-1] INFO  server.RaftServerConfigKeys (ConfUtils.java:logGet(43)) - raft.server.log.statemachine.data.sync.timeout.retry = -1 (default)
2019-09-25 11:10:25,127 [pool-733-thread-1] INFO  server.RaftServerConfigKeys (ConfUtils.java:logGet(43)) - raft.server.log.statemachine.data.caching.enabled = true (custom)
2019-09-25 11:10:25,127 [pool-733-thread-1] INFO  segmented.SegmentedRaftLogWorker (SegmentedRaftLogWorker.java:lambda$new$0(132)) - 0089544c-4670-45f6-b8b0-eabe3503e213@group-86E2D68A9109-SegmentedRaftLogWorker: flushIndex: setUnconditionally 0 -> -1
2019-09-25 11:10:25,128 [pool-733-thread-1] INFO  server.RaftServerConfigKeys (ConfUtils.java:logGet(43)) - raft.server.snapshot.auto.trigger.enabled = true (custom)
2019-09-25 11:10:25,128 [pool-733-thread-1] INFO  server.RaftServerConfigKeys (ConfUtils.java:logGet(43)) - raft.server.snapshot.auto.trigger.threshold = 10000 (custom)
2019-09-25 11:10:25,128 [pool-733-thread-1] INFO  server.RaftServerConfigKeys (ConfUtils.java:logGet(43)) - raft.server.snapshot.retention.num.files = 5 (custom)
2019-09-25 11:10:25,128 [pool-733-thread-1] INFO  server.RaftServerConfigKeys (ConfUtils.java:logGet(43)) - raft.server.retrycache.expirytime = 600000ms (custom)
2019-09-25 11:10:25,130 [pool-733-thread-1] INFO  impl.RaftServerImpl (RaftServerImpl.java:start(185)) - 0089544c-4670-45f6-b8b0-eabe3503e213@group-86E2D68A9109: start as a follower, conf=-1: [0089544c-4670-45f6-b8b0-eabe3503e213:192.168.30.6:36645], old=null
2019-09-25 11:10:25,130 [pool-733-thread-1] INFO  impl.RaftServerImpl (RaftServerImpl.java:setRole(174)) - 0089544c-4670-45f6-b8b0-eabe3503e213@group-86E2D68A9109: changes role from      null to FOLLOWER at term 0 for startAsFollower
2019-09-25 11:10:25,130 [pool-733-thread-1] INFO  impl.RoleInfo (RoleInfo.java:updateAndGet(143)) - 0089544c-4670-45f6-b8b0-eabe3503e213: start FollowerState
2019-09-25 11:10:25,130 [pool-733-thread-1] INFO  util.JmxRegister (JmxRegister.java:tryRegister(44)) - Successfully registered JMX Bean with object name Ratis:service=RaftServer,group=group-86E2D68A9109,id=0089544c-4670-45f6-b8b0-eabe3503e213
2019-09-25 11:10:25,132 [RatisPipelineUtilsThread] INFO  pipeline.PipelineStateManager (PipelineStateManager.java:addPipeline(56)) - Created pipeline Pipeline[ Id: 57410c1b-f9d8-47cd-a6b3-86e2d68a9109, Nodes: 0089544c-4670-45f6-b8b0-eabe3503e213{ip: 192.168.30.6, host: pr-hdds-1569-5gmkr-4255264070, networkLocation: /default-rack, certSerialId: null}, Type:RATIS, Factor:ONE, State:OPEN]
2019-09-25 11:10:25,132 [RatisPipelineUtilsThread] INFO  pipeline.PipelinePlacementPolicy (PipelinePlacementPolicy.java:meetCriteria(91)) - Pipeline Placement: can't place more pipeline on heavy datanode： 09fcc576-174a-4714-a677-8a28b3c19a40 Heaviness: 6 limit: 5
2019-09-25 11:10:25,133 [RatisPipelineUtilsThread] INFO  pipeline.PipelinePlacementPolicy (PipelinePlacementPolicy.java:meetCriteria(91)) - Pipeline Placement: can't place more pipeline on heavy datanode： a17b444c-dc8d-41d3-94fa-b87b918595f3 Heaviness: 6 limit: 5
2019-09-25 11:10:25,133 [RatisPipelineUtilsThread] INFO  pipeline.PipelinePlacementPolicy (PipelinePlacementPolicy.java:meetCriteria(91)) - Pipeline Placement: can't place more pipeline on heavy datanode： 9260b2c2-77d0-40af-9a4b-242b57e61325 Heaviness: 6 limit: 5
2019-09-25 11:10:25,133 [RatisPipelineUtilsThread] INFO  pipeline.PipelinePlacementPolicy (PipelinePlacementPolicy.java:meetCriteria(91)) - Pipeline Placement: can't place more pipeline on heavy datanode： 231d5a30-2990-4b37-835c-52719c996380 Heaviness: 6 limit: 5
2019-09-25 11:10:25,133 [RatisPipelineUtilsThread] INFO  pipeline.PipelinePlacementPolicy (PipelinePlacementPolicy.java:meetCriteria(91)) - Pipeline Placement: can't place more pipeline on heavy datanode： 79e2f6f7-785e-4584-a2b0-6f2cf2bd33a1 Heaviness: 6 limit: 5
2019-09-25 11:10:25,136 [grpc-default-executor-1] INFO  impl.RaftServerProxy (RaftServerProxy.java:addNew(89)) - 0f46229f-d487-4784-9d87-cba709966a77: addNew group-99A96411E63A:[0f46229f-d487-4784-9d87-cba709966a77:192.168.30.6:36619] returns group-99A96411E63A:java.util.concurrent.CompletableFuture@4c8fbb24[Not completed]
2019-09-25 11:10:25,137 [pool-723-thread-1] INFO  impl.RaftServerImpl (RaftServerImpl.java:<init>(95)) - 0f46229f-d487-4784-9d87-cba709966a77: new RaftServerImpl for group-99A96411E63A:[0f46229f-d487-4784-9d87-cba709966a77:192.168.30.6:36619] with ContainerStateMachine:uninitialized
2019-09-25 11:10:25,137 [pool-723-thread-1] INFO  server.RaftServerConfigKeys (ConfUtils.java:logGet(43)) - raft.server.rpc.timeout.min = 5s (custom)
2019-09-25 11:10:25,138 [pool-723-thread-1] INFO  server.RaftServerConfigKeys (ConfUtils.java:logGet(43)) - raft.server.rpc.timeout.max = 5200ms (custom)
2019-09-25 11:10:25,138 [pool-723-thread-1] INFO  server.RaftServerConfigKeys (ConfUtils.java:logGet(43)) - raft.server.rpcslowness.timeout = 120s (custom)
2019-09-25 11:10:25,138 [pool-723-thread-1] INFO  server.RaftServerConfigKeys (ConfUtils.java:logGet(43)) - raft.server.sleep.deviation.threshold = 300 (default)
2019-09-25 11:10:25,138 [pool-723-thread-1] INFO  server.RaftServerConfigKeys (ConfUtils.java:logGet(43)) - raft.server.log.appender.install.snapshot.enabled = false (custom)
2019-09-25 11:10:25,138 [pool-723-thread-1] INFO  impl.RaftServerImpl (ServerState.java:<init>(103)) - 0f46229f-d487-4784-9d87-cba709966a77@group-99A96411E63A: ConfigurationManager, init=-1: [0f46229f-d487-4784-9d87-cba709966a77:192.168.30.6:36619], old=null, confs=<EMPTY_MAP>
2019-09-25 11:10:25,138 [pool-723-thread-1] INFO  server.RaftServerConfigKeys (ConfUtils.java:logGet(43)) - raft.server.storage.dir = [/workdir/hadoop-ozone/integration-test/target/test-dir/MiniOzoneClusterImpl-36bd9e64-229c-43b0-8f36-7d73050474c0/datanode-5/data/ratis] (custom)
2019-09-25 11:10:25,139 [pool-723-thread-1] INFO  storage.RaftStorageDirectory (RaftStorageDirectory.java:analyzeStorage(246)) - The storage directory /workdir/hadoop-ozone/integration-test/target/test-dir/MiniOzoneClusterImpl-36bd9e64-229c-43b0-8f36-7d73050474c0/datanode-5/data/ratis/382f5d82-09fb-4ecc-852f-99a96411e63a does not exist. Creating ...
2019-09-25 11:10:25,151 [pool-723-thread-1] INFO  storage.RaftStorageDirectory (RaftStorageDirectory.java:tryLock(328)) - Lock on /workdir/hadoop-ozone/integration-test/target/test-dir/MiniOzoneClusterImpl-36bd9e64-229c-43b0-8f36-7d73050474c0/datanode-5/data/ratis/382f5d82-09fb-4ecc-852f-99a96411e63a/in_use.lock acquired by nodename 21763@pr-hdds-1569-5gmkr-4255264070
2019-09-25 11:10:25,165 [pool-723-thread-1] INFO  storage.RaftStorage (RaftStorage.java:format(72)) - Storage directory /workdir/hadoop-ozone/integration-test/target/test-dir/MiniOzoneClusterImpl-36bd9e64-229c-43b0-8f36-7d73050474c0/datanode-5/data/ratis/382f5d82-09fb-4ecc-852f-99a96411e63a has been successfully formatted.
2019-09-25 11:10:25,165 [pool-723-thread-1] INFO  ratis.ContainerStateMachine (ContainerStateMachine.java:loadSnapshot(230)) - group-99A96411E63A: The snapshot info is null. Setting the last applied indexto:(t:0, i:~)
2019-09-25 11:10:25,165 [pool-723-thread-1] INFO  server.RaftServerConfigKeys (ConfUtils.java:logGet(43)) - raft.server.notification.no-leader.timeout = 120s (custom)
2019-09-25 11:10:25,165 [pool-723-thread-1] INFO  server.RaftServerConfigKeys (ConfUtils.java:logGet(43)) - raft.server.log.use.memory = false (default)
2019-09-25 11:10:25,165 [pool-723-thread-1] INFO  server.RaftServerConfigKeys (ConfUtils.java:logGet(43)) - raft.server.log.purge.gap = 1000000 (custom)
2019-09-25 11:10:25,165 [pool-723-thread-1] INFO  server.RaftServerConfigKeys (ConfUtils.java:logGet(43)) - raft.server.log.appender.buffer.byte-limit = 33554432 (custom)
2019-09-25 11:10:25,165 [pool-723-thread-1] INFO  server.RaftServerConfigKeys (ConfUtils.java:logGet(43)) - raft.server.log.segment.size.max = 1048576 (custom)
2019-09-25 11:10:25,166 [pool-723-thread-1] INFO  server.RaftServerConfigKeys (ConfUtils.java:logGet(43)) - raft.server.log.segment.cache.num.max = 2 (custom)
2019-09-25 11:10:25,166 [pool-723-thread-1] INFO  segmented.SegmentedRaftLogWorker (SegmentedRaftLogWorker.java:<init>(172)) - new 0f46229f-d487-4784-9d87-cba709966a77@group-99A96411E63A-SegmentedRaftLogWorker for RaftStorage:Storage Directory /workdir/hadoop-ozone/integration-test/target/test-dir/MiniOzoneClusterImpl-36bd9e64-229c-43b0-8f36-7d73050474c0/datanode-5/data/ratis/382f5d82-09fb-4ecc-852f-99a96411e63a
2019-09-25 11:10:25,166 [pool-723-thread-1] INFO  server.RaftServerConfigKeys (ConfUtils.java:logGet(43)) - raft.server.log.queue.byte-limit = 2147483647 (custom)
2019-09-25 11:10:25,166 [pool-723-thread-1] INFO  server.RaftServerConfigKeys (ConfUtils.java:logGet(43)) - raft.server.log.queue.element-limit = 1024 (custom)
2019-09-25 11:10:25,166 [pool-723-thread-1] INFO  server.RaftServerConfigKeys (ConfUtils.java:logGet(43)) - raft.server.log.segment.size.max = 1048576 (custom)
2019-09-25 11:10:25,166 [pool-723-thread-1] INFO  server.RaftServerConfigKeys (ConfUtils.java:logGet(43)) - raft.server.log.preallocated.size = 16384 (custom)
2019-09-25 11:10:25,166 [pool-723-thread-1] INFO  server.RaftServerConfigKeys (ConfUtils.java:logGet(43)) - raft.server.log.write.buffer.size = 33554432 (custom)
2019-09-25 11:10:25,166 [pool-723-thread-1] INFO  server.RaftServerConfigKeys (ConfUtils.java:logGet(43)) - raft.server.log.force.sync.num = 128 (default)
2019-09-25 11:10:25,167 [pool-723-thread-1] INFO  server.RaftServerConfigKeys (ConfUtils.java:logGet(43)) - raft.server.log.statemachine.data.sync = true (default)
2019-09-25 11:10:25,167 [pool-723-thread-1] INFO  server.RaftServerConfigKeys (ConfUtils.java:logGet(43)) - raft.server.log.statemachine.data.sync.timeout = 10s (default)
2019-09-25 11:10:25,167 [pool-723-thread-1] INFO  server.RaftServerConfigKeys (ConfUtils.java:logGet(43)) - raft.server.log.statemachine.data.sync.timeout.retry = -1 (default)
2019-09-25 11:10:25,167 [pool-723-thread-1] INFO  server.RaftServerConfigKeys (ConfUtils.java:logGet(43)) - raft.server.log.statemachine.data.caching.enabled = true (custom)
2019-09-25 11:10:25,167 [pool-723-thread-1] INFO  segmented.SegmentedRaftLogWorker (SegmentedRaftLogWorker.java:lambda$new$0(132)) - 0f46229f-d487-4784-9d87-cba709966a77@group-99A96411E63A-SegmentedRaftLogWorker: flushIndex: setUnconditionally 0 -> -1
2019-09-25 11:10:25,167 [pool-723-thread-1] INFO  server.RaftServerConfigKeys (ConfUtils.java:logGet(43)) - raft.server.snapshot.auto.trigger.enabled = true (custom)
2019-09-25 11:10:25,168 [pool-723-thread-1] INFO  server.RaftServerConfigKeys (ConfUtils.java:logGet(43)) - raft.server.snapshot.auto.trigger.threshold = 10000 (custom)
2019-09-25 11:10:25,168 [pool-723-thread-1] INFO  server.RaftServerConfigKeys (ConfUtils.java:logGet(43)) - raft.server.snapshot.retention.num.files = 5 (custom)
2019-09-25 11:10:25,168 [pool-723-thread-1] INFO  server.RaftServerConfigKeys (ConfUtils.java:logGet(43)) - raft.server.retrycache.expirytime = 600000ms (custom)
2019-09-25 11:10:25,169 [pool-723-thread-1] INFO  impl.RaftServerImpl (RaftServerImpl.java:start(185)) - 0f46229f-d487-4784-9d87-cba709966a77@group-99A96411E63A: start as a follower, conf=-1: [0f46229f-d487-4784-9d87-cba709966a77:192.168.30.6:36619], old=null
2019-09-25 11:10:25,169 [pool-723-thread-1] INFO  impl.RaftServerImpl (RaftServerImpl.java:setRole(174)) - 0f46229f-d487-4784-9d87-cba709966a77@group-99A96411E63A: changes role from      null to FOLLOWER at term 0 for startAsFollower
2019-09-25 11:10:25,170 [pool-723-thread-1] INFO  impl.RoleInfo (RoleInfo.java:updateAndGet(143)) - 0f46229f-d487-4784-9d87-cba709966a77: start FollowerState
2019-09-25 11:10:25,170 [pool-723-thread-1] INFO  util.JmxRegister (JmxRegister.java:tryRegister(44)) - Successfully registered JMX Bean with object name Ratis:service=RaftServer,group=group-99A96411E63A,id=0f46229f-d487-4784-9d87-cba709966a77
2019-09-25 11:10:25,172 [RatisPipelineUtilsThread] INFO  pipeline.PipelineStateManager (PipelineStateManager.java:addPipeline(56)) - Created pipeline Pipeline[ Id: 382f5d82-09fb-4ecc-852f-99a96411e63a, Nodes: 0f46229f-d487-4784-9d87-cba709966a77{ip: 192.168.30.6, host: pr-hdds-1569-5gmkr-4255264070, networkLocation: /default-rack, certSerialId: null}, Type:RATIS, Factor:ONE, State:OPEN]
2019-09-25 11:10:25,172 [RatisPipelineUtilsThread] INFO  pipeline.PipelinePlacementPolicy (PipelinePlacementPolicy.java:meetCriteria(91)) - Pipeline Placement: can't place more pipeline on heavy datanode： 09fcc576-174a-4714-a677-8a28b3c19a40 Heaviness: 6 limit: 5
2019-09-25 11:10:25,172 [RatisPipelineUtilsThread] INFO  pipeline.PipelinePlacementPolicy (PipelinePlacementPolicy.java:meetCriteria(91)) - Pipeline Placement: can't place more pipeline on heavy datanode： a17b444c-dc8d-41d3-94fa-b87b918595f3 Heaviness: 6 limit: 5
2019-09-25 11:10:25,172 [RatisPipelineUtilsThread] INFO  pipeline.PipelinePlacementPolicy (PipelinePlacementPolicy.java:meetCriteria(91)) - Pipeline Placement: can't place more pipeline on heavy datanode： 9260b2c2-77d0-40af-9a4b-242b57e61325 Heaviness: 6 limit: 5
2019-09-25 11:10:25,172 [RatisPipelineUtilsThread] INFO  pipeline.PipelinePlacementPolicy (PipelinePlacementPolicy.java:meetCriteria(91)) - Pipeline Placement: can't place more pipeline on heavy datanode： 231d5a30-2990-4b37-835c-52719c996380 Heaviness: 6 limit: 5
2019-09-25 11:10:25,172 [RatisPipelineUtilsThread] INFO  pipeline.PipelinePlacementPolicy (PipelinePlacementPolicy.java:meetCriteria(91)) - Pipeline Placement: can't place more pipeline on heavy datanode： 79e2f6f7-785e-4584-a2b0-6f2cf2bd33a1 Heaviness: 6 limit: 5
2019-09-25 11:10:25,176 [grpc-default-executor-1] INFO  impl.RaftServerProxy (RaftServerProxy.java:addNew(89)) - 0f46229f-d487-4784-9d87-cba709966a77: addNew group-23562044ECCF:[0f46229f-d487-4784-9d87-cba709966a77:192.168.30.6:36619] returns group-23562044ECCF:java.util.concurrent.CompletableFuture@2f309734[Not completed]
2019-09-25 11:10:25,176 [pool-723-thread-1] INFO  impl.RaftServerImpl (RaftServerImpl.java:<init>(95)) - 0f46229f-d487-4784-9d87-cba709966a77: new RaftServerImpl for group-23562044ECCF:[0f46229f-d487-4784-9d87-cba709966a77:192.168.30.6:36619] with ContainerStateMachine:uninitialized
2019-09-25 11:10:25,176 [pool-723-thread-1] INFO  server.RaftServerConfigKeys (ConfUtils.java:logGet(43)) - raft.server.rpc.timeout.min = 5s (custom)
2019-09-25 11:10:25,176 [pool-723-thread-1] INFO  server.RaftServerConfigKeys (ConfUtils.java:logGet(43)) - raft.server.rpc.timeout.max = 5200ms (custom)
2019-09-25 11:10:25,177 [pool-723-thread-1] INFO  server.RaftServerConfigKeys (ConfUtils.java:logGet(43)) - raft.server.rpcslowness.timeout = 120s (custom)
2019-09-25 11:10:25,177 [pool-723-thread-1] INFO  server.RaftServerConfigKeys (ConfUtils.java:logGet(43)) - raft.server.sleep.deviation.threshold = 300 (default)
2019-09-25 11:10:25,177 [pool-723-thread-1] INFO  server.RaftServerConfigKeys (ConfUtils.java:logGet(43)) - raft.server.log.appender.install.snapshot.enabled = false (custom)
2019-09-25 11:10:25,177 [pool-723-thread-1] INFO  impl.RaftServerImpl (ServerState.java:<init>(103)) - 0f46229f-d487-4784-9d87-cba709966a77@group-23562044ECCF: ConfigurationManager, init=-1: [0f46229f-d487-4784-9d87-cba709966a77:192.168.30.6:36619], old=null, confs=<EMPTY_MAP>
2019-09-25 11:10:25,177 [pool-723-thread-1] INFO  server.RaftServerConfigKeys (ConfUtils.java:logGet(43)) - raft.server.storage.dir = [/workdir/hadoop-ozone/integration-test/target/test-dir/MiniOzoneClusterImpl-36bd9e64-229c-43b0-8f36-7d73050474c0/datanode-5/data/ratis] (custom)
2019-09-25 11:10:25,177 [pool-723-thread-1] INFO  storage.RaftStorageDirectory (RaftStorageDirectory.java:analyzeStorage(246)) - The storage directory /workdir/hadoop-ozone/integration-test/target/test-dir/MiniOzoneClusterImpl-36bd9e64-229c-43b0-8f36-7d73050474c0/datanode-5/data/ratis/473a828e-8665-4b79-8955-23562044eccf does not exist. Creating ...
2019-09-25 11:10:25,190 [pool-723-thread-1] INFO  storage.RaftStorageDirectory (RaftStorageDirectory.java:tryLock(328)) - Lock on /workdir/hadoop-ozone/integration-test/target/test-dir/MiniOzoneClusterImpl-36bd9e64-229c-43b0-8f36-7d73050474c0/datanode-5/data/ratis/473a828e-8665-4b79-8955-23562044eccf/in_use.lock acquired by nodename 21763@pr-hdds-1569-5gmkr-4255264070
2019-09-25 11:10:25,204 [pool-723-thread-1] INFO  storage.RaftStorage (RaftStorage.java:format(72)) - Storage directory /workdir/hadoop-ozone/integration-test/target/test-dir/MiniOzoneClusterImpl-36bd9e64-229c-43b0-8f36-7d73050474c0/datanode-5/data/ratis/473a828e-8665-4b79-8955-23562044eccf has been successfully formatted.
2019-09-25 11:10:25,204 [pool-723-thread-1] INFO  ratis.ContainerStateMachine (ContainerStateMachine.java:loadSnapshot(230)) - group-23562044ECCF: The snapshot info is null. Setting the last applied indexto:(t:0, i:~)
2019-09-25 11:10:25,204 [pool-723-thread-1] INFO  server.RaftServerConfigKeys (ConfUtils.java:logGet(43)) - raft.server.notification.no-leader.timeout = 120s (custom)
2019-09-25 11:10:25,204 [pool-723-thread-1] INFO  server.RaftServerConfigKeys (ConfUtils.java:logGet(43)) - raft.server.log.use.memory = false (default)
2019-09-25 11:10:25,204 [pool-723-thread-1] INFO  server.RaftServerConfigKeys (ConfUtils.java:logGet(43)) - raft.server.log.purge.gap = 1000000 (custom)
2019-09-25 11:10:25,204 [pool-723-thread-1] INFO  server.RaftServerConfigKeys (ConfUtils.java:logGet(43)) - raft.server.log.appender.buffer.byte-limit = 33554432 (custom)
2019-09-25 11:10:25,204 [pool-723-thread-1] INFO  server.RaftServerConfigKeys (ConfUtils.java:logGet(43)) - raft.server.log.segment.size.max = 1048576 (custom)
2019-09-25 11:10:25,204 [pool-723-thread-1] INFO  server.RaftServerConfigKeys (ConfUtils.java:logGet(43)) - raft.server.log.segment.cache.num.max = 2 (custom)
2019-09-25 11:10:25,205 [pool-723-thread-1] INFO  segmented.SegmentedRaftLogWorker (SegmentedRaftLogWorker.java:<init>(172)) - new 0f46229f-d487-4784-9d87-cba709966a77@group-23562044ECCF-SegmentedRaftLogWorker for RaftStorage:Storage Directory /workdir/hadoop-ozone/integration-test/target/test-dir/MiniOzoneClusterImpl-36bd9e64-229c-43b0-8f36-7d73050474c0/datanode-5/data/ratis/473a828e-8665-4b79-8955-23562044eccf
2019-09-25 11:10:25,205 [pool-723-thread-1] INFO  server.RaftServerConfigKeys (ConfUtils.java:logGet(43)) - raft.server.log.queue.byte-limit = 2147483647 (custom)
2019-09-25 11:10:25,205 [pool-723-thread-1] INFO  server.RaftServerConfigKeys (ConfUtils.java:logGet(43)) - raft.server.log.queue.element-limit = 1024 (custom)
2019-09-25 11:10:25,205 [pool-723-thread-1] INFO  server.RaftServerConfigKeys (ConfUtils.java:logGet(43)) - raft.server.log.segment.size.max = 1048576 (custom)
2019-09-25 11:10:25,205 [pool-723-thread-1] INFO  server.RaftServerConfigKeys (ConfUtils.java:logGet(43)) - raft.server.log.preallocated.size = 16384 (custom)
2019-09-25 11:10:25,205 [pool-723-thread-1] INFO  server.RaftServerConfigKeys (ConfUtils.java:logGet(43)) - raft.server.log.write.buffer.size = 33554432 (custom)
2019-09-25 11:10:25,205 [pool-723-thread-1] INFO  server.RaftServerConfigKeys (ConfUtils.java:logGet(43)) - raft.server.log.force.sync.num = 128 (default)
2019-09-25 11:10:25,205 [pool-723-thread-1] INFO  server.RaftServerConfigKeys (ConfUtils.java:logGet(43)) - raft.server.log.statemachine.data.sync = true (default)
2019-09-25 11:10:25,206 [pool-723-thread-1] INFO  server.RaftServerConfigKeys (ConfUtils.java:logGet(43)) - raft.server.log.statemachine.data.sync.timeout = 10s (default)
2019-09-25 11:10:25,206 [pool-723-thread-1] INFO  server.RaftServerConfigKeys (ConfUtils.java:logGet(43)) - raft.server.log.statemachine.data.sync.timeout.retry = -1 (default)
2019-09-25 11:10:25,206 [pool-723-thread-1] INFO  server.RaftServerConfigKeys (ConfUtils.java:logGet(43)) - raft.server.log.statemachine.data.caching.enabled = true (custom)
2019-09-25 11:10:25,206 [pool-723-thread-1] INFO  segmented.SegmentedRaftLogWorker (SegmentedRaftLogWorker.java:lambda$new$0(132)) - 0f46229f-d487-4784-9d87-cba709966a77@group-23562044ECCF-SegmentedRaftLogWorker: flushIndex: setUnconditionally 0 -> -1
2019-09-25 11:10:25,206 [pool-723-thread-1] INFO  server.RaftServerConfigKeys (ConfUtils.java:logGet(43)) - raft.server.snapshot.auto.trigger.enabled = true (custom)
2019-09-25 11:10:25,206 [pool-723-thread-1] INFO  server.RaftServerConfigKeys (ConfUtils.java:logGet(43)) - raft.server.snapshot.auto.trigger.threshold = 10000 (custom)
2019-09-25 11:10:25,206 [pool-723-thread-1] INFO  server.RaftServerConfigKeys (ConfUtils.java:logGet(43)) - raft.server.snapshot.retention.num.files = 5 (custom)
2019-09-25 11:10:25,207 [pool-723-thread-1] INFO  server.RaftServerConfigKeys (ConfUtils.java:logGet(43)) - raft.server.retrycache.expirytime = 600000ms (custom)
2019-09-25 11:10:25,208 [pool-723-thread-1] INFO  impl.RaftServerImpl (RaftServerImpl.java:start(185)) - 0f46229f-d487-4784-9d87-cba709966a77@group-23562044ECCF: start as a follower, conf=-1: [0f46229f-d487-4784-9d87-cba709966a77:192.168.30.6:36619], old=null
2019-09-25 11:10:25,208 [pool-723-thread-1] INFO  impl.RaftServerImpl (RaftServerImpl.java:setRole(174)) - 0f46229f-d487-4784-9d87-cba709966a77@group-23562044ECCF: changes role from      null to FOLLOWER at term 0 for startAsFollower
2019-09-25 11:10:25,208 [pool-723-thread-1] INFO  impl.RoleInfo (RoleInfo.java:updateAndGet(143)) - 0f46229f-d487-4784-9d87-cba709966a77: start FollowerState
2019-09-25 11:10:25,208 [pool-723-thread-1] INFO  util.JmxRegister (JmxRegister.java:tryRegister(44)) - Successfully registered JMX Bean with object name Ratis:service=RaftServer,group=group-23562044ECCF,id=0f46229f-d487-4784-9d87-cba709966a77
2019-09-25 11:10:25,210 [RatisPipelineUtilsThread] INFO  pipeline.PipelineStateManager (PipelineStateManager.java:addPipeline(56)) - Created pipeline Pipeline[ Id: 473a828e-8665-4b79-8955-23562044eccf, Nodes: 0f46229f-d487-4784-9d87-cba709966a77{ip: 192.168.30.6, host: pr-hdds-1569-5gmkr-4255264070, networkLocation: /default-rack, certSerialId: null}, Type:RATIS, Factor:ONE, State:OPEN]
2019-09-25 11:10:25,210 [RatisPipelineUtilsThread] INFO  pipeline.PipelinePlacementPolicy (PipelinePlacementPolicy.java:meetCriteria(91)) - Pipeline Placement: can't place more pipeline on heavy datanode： 09fcc576-174a-4714-a677-8a28b3c19a40 Heaviness: 6 limit: 5
2019-09-25 11:10:25,211 [RatisPipelineUtilsThread] INFO  pipeline.PipelinePlacementPolicy (PipelinePlacementPolicy.java:meetCriteria(91)) - Pipeline Placement: can't place more pipeline on heavy datanode： a17b444c-dc8d-41d3-94fa-b87b918595f3 Heaviness: 6 limit: 5
2019-09-25 11:10:25,211 [RatisPipelineUtilsThread] INFO  pipeline.PipelinePlacementPolicy (PipelinePlacementPolicy.java:meetCriteria(91)) - Pipeline Placement: can't place more pipeline on heavy datanode： 9260b2c2-77d0-40af-9a4b-242b57e61325 Heaviness: 6 limit: 5
2019-09-25 11:10:25,211 [RatisPipelineUtilsThread] INFO  pipeline.PipelinePlacementPolicy (PipelinePlacementPolicy.java:meetCriteria(91)) - Pipeline Placement: can't place more pipeline on heavy datanode： 231d5a30-2990-4b37-835c-52719c996380 Heaviness: 6 limit: 5
2019-09-25 11:10:25,211 [RatisPipelineUtilsThread] INFO  pipeline.PipelinePlacementPolicy (PipelinePlacementPolicy.java:meetCriteria(91)) - Pipeline Placement: can't place more pipeline on heavy datanode： 79e2f6f7-785e-4584-a2b0-6f2cf2bd33a1 Heaviness: 6 limit: 5
2019-09-25 11:10:25,214 [grpc-default-executor-1] INFO  impl.RaftServerProxy (RaftServerProxy.java:addNew(89)) - 0089544c-4670-45f6-b8b0-eabe3503e213: addNew group-9F5E5BD348C0:[0089544c-4670-45f6-b8b0-eabe3503e213:192.168.30.6:36645] returns group-9F5E5BD348C0:java.util.concurrent.CompletableFuture@192068a9[Not completed]
2019-09-25 11:10:25,215 [pool-733-thread-1] INFO  impl.RaftServerImpl (RaftServerImpl.java:<init>(95)) - 0089544c-4670-45f6-b8b0-eabe3503e213: new RaftServerImpl for group-9F5E5BD348C0:[0089544c-4670-45f6-b8b0-eabe3503e213:192.168.30.6:36645] with ContainerStateMachine:uninitialized
2019-09-25 11:10:25,215 [pool-733-thread-1] INFO  server.RaftServerConfigKeys (ConfUtils.java:logGet(43)) - raft.server.rpc.timeout.min = 5s (custom)
2019-09-25 11:10:25,215 [pool-733-thread-1] INFO  server.RaftServerConfigKeys (ConfUtils.java:logGet(43)) - raft.server.rpc.timeout.max = 5200ms (custom)
2019-09-25 11:10:25,215 [pool-733-thread-1] INFO  server.RaftServerConfigKeys (ConfUtils.java:logGet(43)) - raft.server.rpcslowness.timeout = 120s (custom)
2019-09-25 11:10:25,215 [pool-733-thread-1] INFO  server.RaftServerConfigKeys (ConfUtils.java:logGet(43)) - raft.server.sleep.deviation.threshold = 300 (default)
2019-09-25 11:10:25,215 [pool-733-thread-1] INFO  server.RaftServerConfigKeys (ConfUtils.java:logGet(43)) - raft.server.log.appender.install.snapshot.enabled = false (custom)
2019-09-25 11:10:25,215 [pool-733-thread-1] INFO  impl.RaftServerImpl (ServerState.java:<init>(103)) - 0089544c-4670-45f6-b8b0-eabe3503e213@group-9F5E5BD348C0: ConfigurationManager, init=-1: [0089544c-4670-45f6-b8b0-eabe3503e213:192.168.30.6:36645], old=null, confs=<EMPTY_MAP>
2019-09-25 11:10:25,215 [pool-733-thread-1] INFO  server.RaftServerConfigKeys (ConfUtils.java:logGet(43)) - raft.server.storage.dir = [/workdir/hadoop-ozone/integration-test/target/test-dir/MiniOzoneClusterImpl-36bd9e64-229c-43b0-8f36-7d73050474c0/datanode-6/data/ratis] (custom)
2019-09-25 11:10:25,216 [pool-733-thread-1] INFO  storage.RaftStorageDirectory (RaftStorageDirectory.java:analyzeStorage(246)) - The storage directory /workdir/hadoop-ozone/integration-test/target/test-dir/MiniOzoneClusterImpl-36bd9e64-229c-43b0-8f36-7d73050474c0/datanode-6/data/ratis/a5f34923-7ec5-4bc2-b2e8-9f5e5bd348c0 does not exist. Creating ...
2019-09-25 11:10:25,229 [pool-733-thread-1] INFO  storage.RaftStorageDirectory (RaftStorageDirectory.java:tryLock(328)) - Lock on /workdir/hadoop-ozone/integration-test/target/test-dir/MiniOzoneClusterImpl-36bd9e64-229c-43b0-8f36-7d73050474c0/datanode-6/data/ratis/a5f34923-7ec5-4bc2-b2e8-9f5e5bd348c0/in_use.lock acquired by nodename 21763@pr-hdds-1569-5gmkr-4255264070
2019-09-25 11:10:25,242 [pool-733-thread-1] INFO  storage.RaftStorage (RaftStorage.java:format(72)) - Storage directory /workdir/hadoop-ozone/integration-test/target/test-dir/MiniOzoneClusterImpl-36bd9e64-229c-43b0-8f36-7d73050474c0/datanode-6/data/ratis/a5f34923-7ec5-4bc2-b2e8-9f5e5bd348c0 has been successfully formatted.
2019-09-25 11:10:25,243 [pool-733-thread-1] INFO  ratis.ContainerStateMachine (ContainerStateMachine.java:loadSnapshot(230)) - group-9F5E5BD348C0: The snapshot info is null. Setting the last applied indexto:(t:0, i:~)
2019-09-25 11:10:25,243 [pool-733-thread-1] INFO  server.RaftServerConfigKeys (ConfUtils.java:logGet(43)) - raft.server.notification.no-leader.timeout = 120s (custom)
2019-09-25 11:10:25,243 [pool-733-thread-1] INFO  server.RaftServerConfigKeys (ConfUtils.java:logGet(43)) - raft.server.log.use.memory = false (default)
2019-09-25 11:10:25,243 [pool-733-thread-1] INFO  server.RaftServerConfigKeys (ConfUtils.java:logGet(43)) - raft.server.log.purge.gap = 1000000 (custom)
2019-09-25 11:10:25,243 [pool-733-thread-1] INFO  server.RaftServerConfigKeys (ConfUtils.java:logGet(43)) - raft.server.log.appender.buffer.byte-limit = 33554432 (custom)
2019-09-25 11:10:25,244 [pool-733-thread-1] INFO  server.RaftServerConfigKeys (ConfUtils.java:logGet(43)) - raft.server.log.segment.size.max = 1048576 (custom)
2019-09-25 11:10:25,244 [pool-733-thread-1] INFO  server.RaftServerConfigKeys (ConfUtils.java:logGet(43)) - raft.server.log.segment.cache.num.max = 2 (custom)
2019-09-25 11:10:25,244 [pool-733-thread-1] INFO  segmented.SegmentedRaftLogWorker (SegmentedRaftLogWorker.java:<init>(172)) - new 0089544c-4670-45f6-b8b0-eabe3503e213@group-9F5E5BD348C0-SegmentedRaftLogWorker for RaftStorage:Storage Directory /workdir/hadoop-ozone/integration-test/target/test-dir/MiniOzoneClusterImpl-36bd9e64-229c-43b0-8f36-7d73050474c0/datanode-6/data/ratis/a5f34923-7ec5-4bc2-b2e8-9f5e5bd348c0
2019-09-25 11:10:25,244 [pool-733-thread-1] INFO  server.RaftServerConfigKeys (ConfUtils.java:logGet(43)) - raft.server.log.queue.byte-limit = 2147483647 (custom)
2019-09-25 11:10:25,244 [pool-733-thread-1] INFO  server.RaftServerConfigKeys (ConfUtils.java:logGet(43)) - raft.server.log.queue.element-limit = 1024 (custom)
2019-09-25 11:10:25,245 [pool-733-thread-1] INFO  server.RaftServerConfigKeys (ConfUtils.java:logGet(43)) - raft.server.log.segment.size.max = 1048576 (custom)
2019-09-25 11:10:25,245 [pool-733-thread-1] INFO  server.RaftServerConfigKeys (ConfUtils.java:logGet(43)) - raft.server.log.preallocated.size = 16384 (custom)
2019-09-25 11:10:25,245 [pool-733-thread-1] INFO  server.RaftServerConfigKeys (ConfUtils.java:logGet(43)) - raft.server.log.write.buffer.size = 33554432 (custom)
2019-09-25 11:10:25,245 [pool-733-thread-1] INFO  server.RaftServerConfigKeys (ConfUtils.java:logGet(43)) - raft.server.log.force.sync.num = 128 (default)
2019-09-25 11:10:25,245 [pool-733-thread-1] INFO  server.RaftServerConfigKeys (ConfUtils.java:logGet(43)) - raft.server.log.statemachine.data.sync = true (default)
2019-09-25 11:10:25,245 [pool-733-thread-1] INFO  server.RaftServerConfigKeys (ConfUtils.java:logGet(43)) - raft.server.log.statemachine.data.sync.timeout = 10s (default)
2019-09-25 11:10:25,246 [pool-733-thread-1] INFO  server.RaftServerConfigKeys (ConfUtils.java:logGet(43)) - raft.server.log.statemachine.data.sync.timeout.retry = -1 (default)
2019-09-25 11:10:25,246 [pool-733-thread-1] INFO  server.RaftServerConfigKeys (ConfUtils.java:logGet(43)) - raft.server.log.statemachine.data.caching.enabled = true (custom)
2019-09-25 11:10:25,246 [pool-733-thread-1] INFO  segmented.SegmentedRaftLogWorker (SegmentedRaftLogWorker.java:lambda$new$0(132)) - 0089544c-4670-45f6-b8b0-eabe3503e213@group-9F5E5BD348C0-SegmentedRaftLogWorker: flushIndex: setUnconditionally 0 -> -1
2019-09-25 11:10:25,246 [pool-733-thread-1] INFO  server.RaftServerConfigKeys (ConfUtils.java:logGet(43)) - raft.server.snapshot.auto.trigger.enabled = true (custom)
2019-09-25 11:10:25,247 [pool-733-thread-1] INFO  server.RaftServerConfigKeys (ConfUtils.java:logGet(43)) - raft.server.snapshot.auto.trigger.threshold = 10000 (custom)
2019-09-25 11:10:25,247 [pool-733-thread-1] INFO  server.RaftServerConfigKeys (ConfUtils.java:logGet(43)) - raft.server.snapshot.retention.num.files = 5 (custom)
2019-09-25 11:10:25,247 [pool-733-thread-1] INFO  server.RaftServerConfigKeys (ConfUtils.java:logGet(43)) - raft.server.retrycache.expirytime = 600000ms (custom)
2019-09-25 11:10:25,249 [pool-733-thread-1] INFO  impl.RaftServerImpl (RaftServerImpl.java:start(185)) - 0089544c-4670-45f6-b8b0-eabe3503e213@group-9F5E5BD348C0: start as a follower, conf=-1: [0089544c-4670-45f6-b8b0-eabe3503e213:192.168.30.6:36645], old=null
2019-09-25 11:10:25,249 [pool-733-thread-1] INFO  impl.RaftServerImpl (RaftServerImpl.java:setRole(174)) - 0089544c-4670-45f6-b8b0-eabe3503e213@group-9F5E5BD348C0: changes role from      null to FOLLOWER at term 0 for startAsFollower
2019-09-25 11:10:25,249 [pool-733-thread-1] INFO  impl.RoleInfo (RoleInfo.java:updateAndGet(143)) - 0089544c-4670-45f6-b8b0-eabe3503e213: start FollowerState
2019-09-25 11:10:25,249 [pool-733-thread-1] INFO  util.JmxRegister (JmxRegister.java:tryRegister(44)) - Successfully registered JMX Bean with object name Ratis:service=RaftServer,group=group-9F5E5BD348C0,id=0089544c-4670-45f6-b8b0-eabe3503e213
2019-09-25 11:10:25,251 [RatisPipelineUtilsThread] INFO  pipeline.PipelineStateManager (PipelineStateManager.java:addPipeline(56)) - Created pipeline Pipeline[ Id: a5f34923-7ec5-4bc2-b2e8-9f5e5bd348c0, Nodes: 0089544c-4670-45f6-b8b0-eabe3503e213{ip: 192.168.30.6, host: pr-hdds-1569-5gmkr-4255264070, networkLocation: /default-rack, certSerialId: null}, Type:RATIS, Factor:ONE, State:OPEN]
2019-09-25 11:10:25,251 [RatisPipelineUtilsThread] INFO  pipeline.PipelinePlacementPolicy (PipelinePlacementPolicy.java:meetCriteria(91)) - Pipeline Placement: can't place more pipeline on heavy datanode： 09fcc576-174a-4714-a677-8a28b3c19a40 Heaviness: 6 limit: 5
2019-09-25 11:10:25,251 [RatisPipelineUtilsThread] INFO  pipeline.PipelinePlacementPolicy (PipelinePlacementPolicy.java:meetCriteria(91)) - Pipeline Placement: can't place more pipeline on heavy datanode： a17b444c-dc8d-41d3-94fa-b87b918595f3 Heaviness: 6 limit: 5
2019-09-25 11:10:25,251 [RatisPipelineUtilsThread] INFO  pipeline.PipelinePlacementPolicy (PipelinePlacementPolicy.java:meetCriteria(91)) - Pipeline Placement: can't place more pipeline on heavy datanode： 9260b2c2-77d0-40af-9a4b-242b57e61325 Heaviness: 6 limit: 5
2019-09-25 11:10:25,251 [RatisPipelineUtilsThread] INFO  pipeline.PipelinePlacementPolicy (PipelinePlacementPolicy.java:meetCriteria(91)) - Pipeline Placement: can't place more pipeline on heavy datanode： 231d5a30-2990-4b37-835c-52719c996380 Heaviness: 6 limit: 5
2019-09-25 11:10:25,252 [RatisPipelineUtilsThread] INFO  pipeline.PipelinePlacementPolicy (PipelinePlacementPolicy.java:meetCriteria(91)) - Pipeline Placement: can't place more pipeline on heavy datanode： 79e2f6f7-785e-4584-a2b0-6f2cf2bd33a1 Heaviness: 6 limit: 5
2019-09-25 11:10:25,255 [grpc-default-executor-1] INFO  impl.RaftServerProxy (RaftServerProxy.java:addNew(89)) - 0089544c-4670-45f6-b8b0-eabe3503e213: addNew group-64D662F0404F:[0089544c-4670-45f6-b8b0-eabe3503e213:192.168.30.6:36645] returns group-64D662F0404F:java.util.concurrent.CompletableFuture@346fd34c[Not completed]
2019-09-25 11:10:25,255 [pool-733-thread-1] INFO  impl.RaftServerImpl (RaftServerImpl.java:<init>(95)) - 0089544c-4670-45f6-b8b0-eabe3503e213: new RaftServerImpl for group-64D662F0404F:[0089544c-4670-45f6-b8b0-eabe3503e213:192.168.30.6:36645] with ContainerStateMachine:uninitialized
2019-09-25 11:10:25,256 [pool-733-thread-1] INFO  server.RaftServerConfigKeys (ConfUtils.java:logGet(43)) - raft.server.rpc.timeout.min = 5s (custom)
2019-09-25 11:10:25,256 [pool-733-thread-1] INFO  server.RaftServerConfigKeys (ConfUtils.java:logGet(43)) - raft.server.rpc.timeout.max = 5200ms (custom)
2019-09-25 11:10:25,256 [pool-733-thread-1] INFO  server.RaftServerConfigKeys (ConfUtils.java:logGet(43)) - raft.server.rpcslowness.timeout = 120s (custom)
2019-09-25 11:10:25,256 [pool-733-thread-1] INFO  server.RaftServerConfigKeys (ConfUtils.java:logGet(43)) - raft.server.sleep.deviation.threshold = 300 (default)
2019-09-25 11:10:25,256 [pool-733-thread-1] INFO  server.RaftServerConfigKeys (ConfUtils.java:logGet(43)) - raft.server.log.appender.install.snapshot.enabled = false (custom)
2019-09-25 11:10:25,256 [pool-733-thread-1] INFO  impl.RaftServerImpl (ServerState.java:<init>(103)) - 0089544c-4670-45f6-b8b0-eabe3503e213@group-64D662F0404F: ConfigurationManager, init=-1: [0089544c-4670-45f6-b8b0-eabe3503e213:192.168.30.6:36645], old=null, confs=<EMPTY_MAP>
2019-09-25 11:10:25,256 [pool-733-thread-1] INFO  server.RaftServerConfigKeys (ConfUtils.java:logGet(43)) - raft.server.storage.dir = [/workdir/hadoop-ozone/integration-test/target/test-dir/MiniOzoneClusterImpl-36bd9e64-229c-43b0-8f36-7d73050474c0/datanode-6/data/ratis] (custom)
2019-09-25 11:10:25,256 [pool-733-thread-1] INFO  storage.RaftStorageDirectory (RaftStorageDirectory.java:analyzeStorage(246)) - The storage directory /workdir/hadoop-ozone/integration-test/target/test-dir/MiniOzoneClusterImpl-36bd9e64-229c-43b0-8f36-7d73050474c0/datanode-6/data/ratis/7737f929-3e59-4f70-9e0c-64d662f0404f does not exist. Creating ...
2019-09-25 11:10:25,269 [pool-733-thread-1] INFO  storage.RaftStorageDirectory (RaftStorageDirectory.java:tryLock(328)) - Lock on /workdir/hadoop-ozone/integration-test/target/test-dir/MiniOzoneClusterImpl-36bd9e64-229c-43b0-8f36-7d73050474c0/datanode-6/data/ratis/7737f929-3e59-4f70-9e0c-64d662f0404f/in_use.lock acquired by nodename 21763@pr-hdds-1569-5gmkr-4255264070
2019-09-25 11:10:25,282 [pool-733-thread-1] INFO  storage.RaftStorage (RaftStorage.java:format(72)) - Storage directory /workdir/hadoop-ozone/integration-test/target/test-dir/MiniOzoneClusterImpl-36bd9e64-229c-43b0-8f36-7d73050474c0/datanode-6/data/ratis/7737f929-3e59-4f70-9e0c-64d662f0404f has been successfully formatted.
2019-09-25 11:10:25,282 [pool-733-thread-1] INFO  ratis.ContainerStateMachine (ContainerStateMachine.java:loadSnapshot(230)) - group-64D662F0404F: The snapshot info is null. Setting the last applied indexto:(t:0, i:~)
2019-09-25 11:10:25,282 [pool-733-thread-1] INFO  server.RaftServerConfigKeys (ConfUtils.java:logGet(43)) - raft.server.notification.no-leader.timeout = 120s (custom)
2019-09-25 11:10:25,282 [pool-733-thread-1] INFO  server.RaftServerConfigKeys (ConfUtils.java:logGet(43)) - raft.server.log.use.memory = false (default)
2019-09-25 11:10:25,283 [pool-733-thread-1] INFO  server.RaftServerConfigKeys (ConfUtils.java:logGet(43)) - raft.server.log.purge.gap = 1000000 (custom)
2019-09-25 11:10:25,283 [pool-733-thread-1] INFO  server.RaftServerConfigKeys (ConfUtils.java:logGet(43)) - raft.server.log.appender.buffer.byte-limit = 33554432 (custom)
2019-09-25 11:10:25,283 [pool-733-thread-1] INFO  server.RaftServerConfigKeys (ConfUtils.java:logGet(43)) - raft.server.log.segment.size.max = 1048576 (custom)
2019-09-25 11:10:25,283 [pool-733-thread-1] INFO  server.RaftServerConfigKeys (ConfUtils.java:logGet(43)) - raft.server.log.segment.cache.num.max = 2 (custom)
2019-09-25 11:10:25,283 [pool-733-thread-1] INFO  segmented.SegmentedRaftLogWorker (SegmentedRaftLogWorker.java:<init>(172)) - new 0089544c-4670-45f6-b8b0-eabe3503e213@group-64D662F0404F-SegmentedRaftLogWorker for RaftStorage:Storage Directory /workdir/hadoop-ozone/integration-test/target/test-dir/MiniOzoneClusterImpl-36bd9e64-229c-43b0-8f36-7d73050474c0/datanode-6/data/ratis/7737f929-3e59-4f70-9e0c-64d662f0404f
2019-09-25 11:10:25,283 [pool-733-thread-1] INFO  server.RaftServerConfigKeys (ConfUtils.java:logGet(43)) - raft.server.log.queue.byte-limit = 2147483647 (custom)
2019-09-25 11:10:25,283 [pool-733-thread-1] INFO  server.RaftServerConfigKeys (ConfUtils.java:logGet(43)) - raft.server.log.queue.element-limit = 1024 (custom)
2019-09-25 11:10:25,283 [pool-733-thread-1] INFO  server.RaftServerConfigKeys (ConfUtils.java:logGet(43)) - raft.server.log.segment.size.max = 1048576 (custom)
2019-09-25 11:10:25,284 [pool-733-thread-1] INFO  server.RaftServerConfigKeys (ConfUtils.java:logGet(43)) - raft.server.log.preallocated.size = 16384 (custom)
2019-09-25 11:10:25,284 [pool-733-thread-1] INFO  server.RaftServerConfigKeys (ConfUtils.java:logGet(43)) - raft.server.log.write.buffer.size = 33554432 (custom)
2019-09-25 11:10:25,284 [pool-733-thread-1] INFO  server.RaftServerConfigKeys (ConfUtils.java:logGet(43)) - raft.server.log.force.sync.num = 128 (default)
2019-09-25 11:10:25,284 [pool-733-thread-1] INFO  server.RaftServerConfigKeys (ConfUtils.java:logGet(43)) - raft.server.log.statemachine.data.sync = true (default)
2019-09-25 11:10:25,284 [pool-733-thread-1] INFO  server.RaftServerConfigKeys (ConfUtils.java:logGet(43)) - raft.server.log.statemachine.data.sync.timeout = 10s (default)
2019-09-25 11:10:25,284 [pool-733-thread-1] INFO  server.RaftServerConfigKeys (ConfUtils.java:logGet(43)) - raft.server.log.statemachine.data.sync.timeout.retry = -1 (default)
2019-09-25 11:10:25,284 [pool-733-thread-1] INFO  server.RaftServerConfigKeys (ConfUtils.java:logGet(43)) - raft.server.log.statemachine.data.caching.enabled = true (custom)
2019-09-25 11:10:25,284 [pool-733-thread-1] INFO  segmented.SegmentedRaftLogWorker (SegmentedRaftLogWorker.java:lambda$new$0(132)) - 0089544c-4670-45f6-b8b0-eabe3503e213@group-64D662F0404F-SegmentedRaftLogWorker: flushIndex: setUnconditionally 0 -> -1
2019-09-25 11:10:25,285 [pool-733-thread-1] INFO  server.RaftServerConfigKeys (ConfUtils.java:logGet(43)) - raft.server.snapshot.auto.trigger.enabled = true (custom)
2019-09-25 11:10:25,285 [pool-733-thread-1] INFO  server.RaftServerConfigKeys (ConfUtils.java:logGet(43)) - raft.server.snapshot.auto.trigger.threshold = 10000 (custom)
2019-09-25 11:10:25,285 [pool-733-thread-1] INFO  server.RaftServerConfigKeys (ConfUtils.java:logGet(43)) - raft.server.snapshot.retention.num.files = 5 (custom)
2019-09-25 11:10:25,285 [pool-733-thread-1] INFO  server.RaftServerConfigKeys (ConfUtils.java:logGet(43)) - raft.server.retrycache.expirytime = 600000ms (custom)
2019-09-25 11:10:25,286 [pool-733-thread-1] INFO  impl.RaftServerImpl (RaftServerImpl.java:start(185)) - 0089544c-4670-45f6-b8b0-eabe3503e213@group-64D662F0404F: start as a follower, conf=-1: [0089544c-4670-45f6-b8b0-eabe3503e213:192.168.30.6:36645], old=null
2019-09-25 11:10:25,286 [pool-733-thread-1] INFO  impl.RaftServerImpl (RaftServerImpl.java:setRole(174)) - 0089544c-4670-45f6-b8b0-eabe3503e213@group-64D662F0404F: changes role from      null to FOLLOWER at term 0 for startAsFollower
2019-09-25 11:10:25,287 [pool-733-thread-1] INFO  impl.RoleInfo (RoleInfo.java:updateAndGet(143)) - 0089544c-4670-45f6-b8b0-eabe3503e213: start FollowerState
2019-09-25 11:10:25,287 [pool-733-thread-1] INFO  util.JmxRegister (JmxRegister.java:tryRegister(44)) - Successfully registered JMX Bean with object name Ratis:service=RaftServer,group=group-64D662F0404F,id=0089544c-4670-45f6-b8b0-eabe3503e213
2019-09-25 11:10:25,289 [RatisPipelineUtilsThread] INFO  pipeline.PipelineStateManager (PipelineStateManager.java:addPipeline(56)) - Created pipeline Pipeline[ Id: 7737f929-3e59-4f70-9e0c-64d662f0404f, Nodes: 0089544c-4670-45f6-b8b0-eabe3503e213{ip: 192.168.30.6, host: pr-hdds-1569-5gmkr-4255264070, networkLocation: /default-rack, certSerialId: null}, Type:RATIS, Factor:ONE, State:OPEN]
2019-09-25 11:10:25,289 [RatisPipelineUtilsThread] INFO  pipeline.PipelinePlacementPolicy (PipelinePlacementPolicy.java:meetCriteria(91)) - Pipeline Placement: can't place more pipeline on heavy datanode： 09fcc576-174a-4714-a677-8a28b3c19a40 Heaviness: 6 limit: 5
2019-09-25 11:10:25,289 [RatisPipelineUtilsThread] INFO  pipeline.PipelinePlacementPolicy (PipelinePlacementPolicy.java:meetCriteria(91)) - Pipeline Placement: can't place more pipeline on heavy datanode： a17b444c-dc8d-41d3-94fa-b87b918595f3 Heaviness: 6 limit: 5
2019-09-25 11:10:25,289 [RatisPipelineUtilsThread] INFO  pipeline.PipelinePlacementPolicy (PipelinePlacementPolicy.java:meetCriteria(91)) - Pipeline Placement: can't place more pipeline on heavy datanode： 9260b2c2-77d0-40af-9a4b-242b57e61325 Heaviness: 6 limit: 5
2019-09-25 11:10:25,289 [RatisPipelineUtilsThread] INFO  pipeline.PipelinePlacementPolicy (PipelinePlacementPolicy.java:meetCriteria(91)) - Pipeline Placement: can't place more pipeline on heavy datanode： 231d5a30-2990-4b37-835c-52719c996380 Heaviness: 6 limit: 5
2019-09-25 11:10:25,289 [RatisPipelineUtilsThread] INFO  pipeline.PipelinePlacementPolicy (PipelinePlacementPolicy.java:meetCriteria(91)) - Pipeline Placement: can't place more pipeline on heavy datanode： 79e2f6f7-785e-4584-a2b0-6f2cf2bd33a1 Heaviness: 6 limit: 5
2019-09-25 11:10:25,292 [grpc-default-executor-1] INFO  impl.RaftServerProxy (RaftServerProxy.java:addNew(89)) - 0089544c-4670-45f6-b8b0-eabe3503e213: addNew group-8F1F80E7150A:[0089544c-4670-45f6-b8b0-eabe3503e213:192.168.30.6:36645] returns group-8F1F80E7150A:java.util.concurrent.CompletableFuture@3bc203b1[Not completed]
2019-09-25 11:10:25,293 [pool-733-thread-1] INFO  impl.RaftServerImpl (RaftServerImpl.java:<init>(95)) - 0089544c-4670-45f6-b8b0-eabe3503e213: new RaftServerImpl for group-8F1F80E7150A:[0089544c-4670-45f6-b8b0-eabe3503e213:192.168.30.6:36645] with ContainerStateMachine:uninitialized
2019-09-25 11:10:25,293 [pool-733-thread-1] INFO  server.RaftServerConfigKeys (ConfUtils.java:logGet(43)) - raft.server.rpc.timeout.min = 5s (custom)
2019-09-25 11:10:25,293 [pool-733-thread-1] INFO  server.RaftServerConfigKeys (ConfUtils.java:logGet(43)) - raft.server.rpc.timeout.max = 5200ms (custom)
2019-09-25 11:10:25,293 [pool-733-thread-1] INFO  server.RaftServerConfigKeys (ConfUtils.java:logGet(43)) - raft.server.rpcslowness.timeout = 120s (custom)
2019-09-25 11:10:25,293 [pool-733-thread-1] INFO  server.RaftServerConfigKeys (ConfUtils.java:logGet(43)) - raft.server.sleep.deviation.threshold = 300 (default)
2019-09-25 11:10:25,294 [pool-733-thread-1] INFO  server.RaftServerConfigKeys (ConfUtils.java:logGet(43)) - raft.server.log.appender.install.snapshot.enabled = false (custom)
2019-09-25 11:10:25,294 [pool-733-thread-1] INFO  impl.RaftServerImpl (ServerState.java:<init>(103)) - 0089544c-4670-45f6-b8b0-eabe3503e213@group-8F1F80E7150A: ConfigurationManager, init=-1: [0089544c-4670-45f6-b8b0-eabe3503e213:192.168.30.6:36645], old=null, confs=<EMPTY_MAP>
2019-09-25 11:10:25,294 [pool-733-thread-1] INFO  server.RaftServerConfigKeys (ConfUtils.java:logGet(43)) - raft.server.storage.dir = [/workdir/hadoop-ozone/integration-test/target/test-dir/MiniOzoneClusterImpl-36bd9e64-229c-43b0-8f36-7d73050474c0/datanode-6/data/ratis] (custom)
2019-09-25 11:10:25,294 [pool-733-thread-1] INFO  storage.RaftStorageDirectory (RaftStorageDirectory.java:analyzeStorage(246)) - The storage directory /workdir/hadoop-ozone/integration-test/target/test-dir/MiniOzoneClusterImpl-36bd9e64-229c-43b0-8f36-7d73050474c0/datanode-6/data/ratis/94f6df54-0524-464c-b606-8f1f80e7150a does not exist. Creating ...
2019-09-25 11:10:25,307 [pool-733-thread-1] INFO  storage.RaftStorageDirectory (RaftStorageDirectory.java:tryLock(328)) - Lock on /workdir/hadoop-ozone/integration-test/target/test-dir/MiniOzoneClusterImpl-36bd9e64-229c-43b0-8f36-7d73050474c0/datanode-6/data/ratis/94f6df54-0524-464c-b606-8f1f80e7150a/in_use.lock acquired by nodename 21763@pr-hdds-1569-5gmkr-4255264070
2019-09-25 11:10:25,326 [pool-733-thread-1] INFO  storage.RaftStorage (RaftStorage.java:format(72)) - Storage directory /workdir/hadoop-ozone/integration-test/target/test-dir/MiniOzoneClusterImpl-36bd9e64-229c-43b0-8f36-7d73050474c0/datanode-6/data/ratis/94f6df54-0524-464c-b606-8f1f80e7150a has been successfully formatted.
2019-09-25 11:10:25,326 [pool-733-thread-1] INFO  ratis.ContainerStateMachine (ContainerStateMachine.java:loadSnapshot(230)) - group-8F1F80E7150A: The snapshot info is null. Setting the last applied indexto:(t:0, i:~)
2019-09-25 11:10:25,326 [pool-733-thread-1] INFO  server.RaftServerConfigKeys (ConfUtils.java:logGet(43)) - raft.server.notification.no-leader.timeout = 120s (custom)
2019-09-25 11:10:25,326 [pool-733-thread-1] INFO  server.RaftServerConfigKeys (ConfUtils.java:logGet(43)) - raft.server.log.use.memory = false (default)
2019-09-25 11:10:25,327 [pool-733-thread-1] INFO  server.RaftServerConfigKeys (ConfUtils.java:logGet(43)) - raft.server.log.purge.gap = 1000000 (custom)
2019-09-25 11:10:25,327 [pool-733-thread-1] INFO  server.RaftServerConfigKeys (ConfUtils.java:logGet(43)) - raft.server.log.appender.buffer.byte-limit = 33554432 (custom)
2019-09-25 11:10:25,327 [pool-733-thread-1] INFO  server.RaftServerConfigKeys (ConfUtils.java:logGet(43)) - raft.server.log.segment.size.max = 1048576 (custom)
2019-09-25 11:10:25,327 [pool-733-thread-1] INFO  server.RaftServerConfigKeys (ConfUtils.java:logGet(43)) - raft.server.log.segment.cache.num.max = 2 (custom)
2019-09-25 11:10:25,327 [pool-733-thread-1] INFO  segmented.SegmentedRaftLogWorker (SegmentedRaftLogWorker.java:<init>(172)) - new 0089544c-4670-45f6-b8b0-eabe3503e213@group-8F1F80E7150A-SegmentedRaftLogWorker for RaftStorage:Storage Directory /workdir/hadoop-ozone/integration-test/target/test-dir/MiniOzoneClusterImpl-36bd9e64-229c-43b0-8f36-7d73050474c0/datanode-6/data/ratis/94f6df54-0524-464c-b606-8f1f80e7150a
2019-09-25 11:10:25,327 [pool-733-thread-1] INFO  server.RaftServerConfigKeys (ConfUtils.java:logGet(43)) - raft.server.log.queue.byte-limit = 2147483647 (custom)
2019-09-25 11:10:25,327 [pool-733-thread-1] INFO  server.RaftServerConfigKeys (ConfUtils.java:logGet(43)) - raft.server.log.queue.element-limit = 1024 (custom)
2019-09-25 11:10:25,327 [pool-733-thread-1] INFO  server.RaftServerConfigKeys (ConfUtils.java:logGet(43)) - raft.server.log.segment.size.max = 1048576 (custom)
2019-09-25 11:10:25,327 [pool-733-thread-1] INFO  server.RaftServerConfigKeys (ConfUtils.java:logGet(43)) - raft.server.log.preallocated.size = 16384 (custom)
2019-09-25 11:10:25,328 [pool-733-thread-1] INFO  server.RaftServerConfigKeys (ConfUtils.java:logGet(43)) - raft.server.log.write.buffer.size = 33554432 (custom)
2019-09-25 11:10:25,328 [pool-733-thread-1] INFO  server.RaftServerConfigKeys (ConfUtils.java:logGet(43)) - raft.server.log.force.sync.num = 128 (default)
2019-09-25 11:10:25,328 [pool-733-thread-1] INFO  server.RaftServerConfigKeys (ConfUtils.java:logGet(43)) - raft.server.log.statemachine.data.sync = true (default)
2019-09-25 11:10:25,328 [pool-733-thread-1] INFO  server.RaftServerConfigKeys (ConfUtils.java:logGet(43)) - raft.server.log.statemachine.data.sync.timeout = 10s (default)
2019-09-25 11:10:25,328 [pool-733-thread-1] INFO  server.RaftServerConfigKeys (ConfUtils.java:logGet(43)) - raft.server.log.statemachine.data.sync.timeout.retry = -1 (default)
2019-09-25 11:10:25,328 [pool-733-thread-1] INFO  server.RaftServerConfigKeys (ConfUtils.java:logGet(43)) - raft.server.log.statemachine.data.caching.enabled = true (custom)
2019-09-25 11:10:25,328 [pool-733-thread-1] INFO  segmented.SegmentedRaftLogWorker (SegmentedRaftLogWorker.java:lambda$new$0(132)) - 0089544c-4670-45f6-b8b0-eabe3503e213@group-8F1F80E7150A-SegmentedRaftLogWorker: flushIndex: setUnconditionally 0 -> -1
2019-09-25 11:10:25,329 [pool-733-thread-1] INFO  server.RaftServerConfigKeys (ConfUtils.java:logGet(43)) - raft.server.snapshot.auto.trigger.enabled = true (custom)
2019-09-25 11:10:25,329 [pool-733-thread-1] INFO  server.RaftServerConfigKeys (ConfUtils.java:logGet(43)) - raft.server.snapshot.auto.trigger.threshold = 10000 (custom)
2019-09-25 11:10:25,329 [pool-733-thread-1] INFO  server.RaftServerConfigKeys (ConfUtils.java:logGet(43)) - raft.server.snapshot.retention.num.files = 5 (custom)
2019-09-25 11:10:25,329 [pool-733-thread-1] INFO  server.RaftServerConfigKeys (ConfUtils.java:logGet(43)) - raft.server.retrycache.expirytime = 600000ms (custom)
2019-09-25 11:10:25,330 [pool-733-thread-1] INFO  impl.RaftServerImpl (RaftServerImpl.java:start(185)) - 0089544c-4670-45f6-b8b0-eabe3503e213@group-8F1F80E7150A: start as a follower, conf=-1: [0089544c-4670-45f6-b8b0-eabe3503e213:192.168.30.6:36645], old=null
2019-09-25 11:10:25,330 [pool-733-thread-1] INFO  impl.RaftServerImpl (RaftServerImpl.java:setRole(174)) - 0089544c-4670-45f6-b8b0-eabe3503e213@group-8F1F80E7150A: changes role from      null to FOLLOWER at term 0 for startAsFollower
2019-09-25 11:10:25,330 [pool-733-thread-1] INFO  impl.RoleInfo (RoleInfo.java:updateAndGet(143)) - 0089544c-4670-45f6-b8b0-eabe3503e213: start FollowerState
2019-09-25 11:10:25,331 [pool-733-thread-1] INFO  util.JmxRegister (JmxRegister.java:tryRegister(44)) - Successfully registered JMX Bean with object name Ratis:service=RaftServer,group=group-8F1F80E7150A,id=0089544c-4670-45f6-b8b0-eabe3503e213
2019-09-25 11:10:25,333 [RatisPipelineUtilsThread] INFO  pipeline.PipelineStateManager (PipelineStateManager.java:addPipeline(56)) - Created pipeline Pipeline[ Id: 94f6df54-0524-464c-b606-8f1f80e7150a, Nodes: 0089544c-4670-45f6-b8b0-eabe3503e213{ip: 192.168.30.6, host: pr-hdds-1569-5gmkr-4255264070, networkLocation: /default-rack, certSerialId: null}, Type:RATIS, Factor:ONE, State:OPEN]
2019-09-25 11:10:25,333 [RatisPipelineUtilsThread] INFO  pipeline.PipelinePlacementPolicy (PipelinePlacementPolicy.java:meetCriteria(91)) - Pipeline Placement: can't place more pipeline on heavy datanode： 09fcc576-174a-4714-a677-8a28b3c19a40 Heaviness: 6 limit: 5
2019-09-25 11:10:25,333 [RatisPipelineUtilsThread] INFO  pipeline.PipelinePlacementPolicy (PipelinePlacementPolicy.java:meetCriteria(91)) - Pipeline Placement: can't place more pipeline on heavy datanode： a17b444c-dc8d-41d3-94fa-b87b918595f3 Heaviness: 6 limit: 5
2019-09-25 11:10:25,333 [RatisPipelineUtilsThread] INFO  pipeline.PipelinePlacementPolicy (PipelinePlacementPolicy.java:meetCriteria(91)) - Pipeline Placement: can't place more pipeline on heavy datanode： 9260b2c2-77d0-40af-9a4b-242b57e61325 Heaviness: 6 limit: 5
2019-09-25 11:10:25,333 [RatisPipelineUtilsThread] INFO  pipeline.PipelinePlacementPolicy (PipelinePlacementPolicy.java:meetCriteria(91)) - Pipeline Placement: can't place more pipeline on heavy datanode： 231d5a30-2990-4b37-835c-52719c996380 Heaviness: 6 limit: 5
2019-09-25 11:10:25,334 [RatisPipelineUtilsThread] INFO  pipeline.PipelinePlacementPolicy (PipelinePlacementPolicy.java:meetCriteria(91)) - Pipeline Placement: can't place more pipeline on heavy datanode： 79e2f6f7-785e-4584-a2b0-6f2cf2bd33a1 Heaviness: 6 limit: 5
2019-09-25 11:10:25,337 [grpc-default-executor-1] INFO  impl.RaftServerProxy (RaftServerProxy.java:addNew(89)) - 0f46229f-d487-4784-9d87-cba709966a77: addNew group-18078E4CF3C8:[0f46229f-d487-4784-9d87-cba709966a77:192.168.30.6:36619] returns group-18078E4CF3C8:java.util.concurrent.CompletableFuture@531ad2f[Not completed]
2019-09-25 11:10:25,337 [pool-723-thread-1] INFO  impl.RaftServerImpl (RaftServerImpl.java:<init>(95)) - 0f46229f-d487-4784-9d87-cba709966a77: new RaftServerImpl for group-18078E4CF3C8:[0f46229f-d487-4784-9d87-cba709966a77:192.168.30.6:36619] with ContainerStateMachine:uninitialized
2019-09-25 11:10:25,338 [pool-723-thread-1] INFO  server.RaftServerConfigKeys (ConfUtils.java:logGet(43)) - raft.server.rpc.timeout.min = 5s (custom)
2019-09-25 11:10:25,338 [pool-723-thread-1] INFO  server.RaftServerConfigKeys (ConfUtils.java:logGet(43)) - raft.server.rpc.timeout.max = 5200ms (custom)
2019-09-25 11:10:25,338 [pool-723-thread-1] INFO  server.RaftServerConfigKeys (ConfUtils.java:logGet(43)) - raft.server.rpcslowness.timeout = 120s (custom)
2019-09-25 11:10:25,338 [pool-723-thread-1] INFO  server.RaftServerConfigKeys (ConfUtils.java:logGet(43)) - raft.server.sleep.deviation.threshold = 300 (default)
2019-09-25 11:10:25,338 [pool-723-thread-1] INFO  server.RaftServerConfigKeys (ConfUtils.java:logGet(43)) - raft.server.log.appender.install.snapshot.enabled = false (custom)
2019-09-25 11:10:25,338 [pool-723-thread-1] INFO  impl.RaftServerImpl (ServerState.java:<init>(103)) - 0f46229f-d487-4784-9d87-cba709966a77@group-18078E4CF3C8: ConfigurationManager, init=-1: [0f46229f-d487-4784-9d87-cba709966a77:192.168.30.6:36619], old=null, confs=<EMPTY_MAP>
2019-09-25 11:10:25,338 [pool-723-thread-1] INFO  server.RaftServerConfigKeys (ConfUtils.java:logGet(43)) - raft.server.storage.dir = [/workdir/hadoop-ozone/integration-test/target/test-dir/MiniOzoneClusterImpl-36bd9e64-229c-43b0-8f36-7d73050474c0/datanode-5/data/ratis] (custom)
2019-09-25 11:10:25,338 [pool-723-thread-1] INFO  storage.RaftStorageDirectory (RaftStorageDirectory.java:analyzeStorage(246)) - The storage directory /workdir/hadoop-ozone/integration-test/target/test-dir/MiniOzoneClusterImpl-36bd9e64-229c-43b0-8f36-7d73050474c0/datanode-5/data/ratis/0a16e3c7-2ac6-49a7-941f-18078e4cf3c8 does not exist. Creating ...
2019-09-25 11:10:25,352 [pool-723-thread-1] INFO  storage.RaftStorageDirectory (RaftStorageDirectory.java:tryLock(328)) - Lock on /workdir/hadoop-ozone/integration-test/target/test-dir/MiniOzoneClusterImpl-36bd9e64-229c-43b0-8f36-7d73050474c0/datanode-5/data/ratis/0a16e3c7-2ac6-49a7-941f-18078e4cf3c8/in_use.lock acquired by nodename 21763@pr-hdds-1569-5gmkr-4255264070
2019-09-25 11:10:25,365 [pool-723-thread-1] INFO  storage.RaftStorage (RaftStorage.java:format(72)) - Storage directory /workdir/hadoop-ozone/integration-test/target/test-dir/MiniOzoneClusterImpl-36bd9e64-229c-43b0-8f36-7d73050474c0/datanode-5/data/ratis/0a16e3c7-2ac6-49a7-941f-18078e4cf3c8 has been successfully formatted.
2019-09-25 11:10:25,365 [pool-723-thread-1] INFO  ratis.ContainerStateMachine (ContainerStateMachine.java:loadSnapshot(230)) - group-18078E4CF3C8: The snapshot info is null. Setting the last applied indexto:(t:0, i:~)
2019-09-25 11:10:25,365 [pool-723-thread-1] INFO  server.RaftServerConfigKeys (ConfUtils.java:logGet(43)) - raft.server.notification.no-leader.timeout = 120s (custom)
2019-09-25 11:10:25,366 [pool-723-thread-1] INFO  server.RaftServerConfigKeys (ConfUtils.java:logGet(43)) - raft.server.log.use.memory = false (default)
2019-09-25 11:10:25,366 [pool-723-thread-1] INFO  server.RaftServerConfigKeys (ConfUtils.java:logGet(43)) - raft.server.log.purge.gap = 1000000 (custom)
2019-09-25 11:10:25,366 [pool-723-thread-1] INFO  server.RaftServerConfigKeys (ConfUtils.java:logGet(43)) - raft.server.log.appender.buffer.byte-limit = 33554432 (custom)
2019-09-25 11:10:25,366 [pool-723-thread-1] INFO  server.RaftServerConfigKeys (ConfUtils.java:logGet(43)) - raft.server.log.segment.size.max = 1048576 (custom)
2019-09-25 11:10:25,366 [pool-723-thread-1] INFO  server.RaftServerConfigKeys (ConfUtils.java:logGet(43)) - raft.server.log.segment.cache.num.max = 2 (custom)
2019-09-25 11:10:25,366 [pool-723-thread-1] INFO  segmented.SegmentedRaftLogWorker (SegmentedRaftLogWorker.java:<init>(172)) - new 0f46229f-d487-4784-9d87-cba709966a77@group-18078E4CF3C8-SegmentedRaftLogWorker for RaftStorage:Storage Directory /workdir/hadoop-ozone/integration-test/target/test-dir/MiniOzoneClusterImpl-36bd9e64-229c-43b0-8f36-7d73050474c0/datanode-5/data/ratis/0a16e3c7-2ac6-49a7-941f-18078e4cf3c8
2019-09-25 11:10:25,366 [pool-723-thread-1] INFO  server.RaftServerConfigKeys (ConfUtils.java:logGet(43)) - raft.server.log.queue.byte-limit = 2147483647 (custom)
2019-09-25 11:10:25,366 [pool-723-thread-1] INFO  server.RaftServerConfigKeys (ConfUtils.java:logGet(43)) - raft.server.log.queue.element-limit = 1024 (custom)
2019-09-25 11:10:25,367 [pool-723-thread-1] INFO  server.RaftServerConfigKeys (ConfUtils.java:logGet(43)) - raft.server.log.segment.size.max = 1048576 (custom)
2019-09-25 11:10:25,367 [pool-723-thread-1] INFO  server.RaftServerConfigKeys (ConfUtils.java:logGet(43)) - raft.server.log.preallocated.size = 16384 (custom)
2019-09-25 11:10:25,367 [pool-723-thread-1] INFO  server.RaftServerConfigKeys (ConfUtils.java:logGet(43)) - raft.server.log.write.buffer.size = 33554432 (custom)
2019-09-25 11:10:25,367 [pool-723-thread-1] INFO  server.RaftServerConfigKeys (ConfUtils.java:logGet(43)) - raft.server.log.force.sync.num = 128 (default)
2019-09-25 11:10:25,367 [pool-723-thread-1] INFO  server.RaftServerConfigKeys (ConfUtils.java:logGet(43)) - raft.server.log.statemachine.data.sync = true (default)
2019-09-25 11:10:25,367 [pool-723-thread-1] INFO  server.RaftServerConfigKeys (ConfUtils.java:logGet(43)) - raft.server.log.statemachine.data.sync.timeout = 10s (default)
2019-09-25 11:10:25,367 [pool-723-thread-1] INFO  server.RaftServerConfigKeys (ConfUtils.java:logGet(43)) - raft.server.log.statemachine.data.sync.timeout.retry = -1 (default)
2019-09-25 11:10:25,367 [pool-723-thread-1] INFO  server.RaftServerConfigKeys (ConfUtils.java:logGet(43)) - raft.server.log.statemachine.data.caching.enabled = true (custom)
2019-09-25 11:10:25,367 [pool-723-thread-1] INFO  segmented.SegmentedRaftLogWorker (SegmentedRaftLogWorker.java:lambda$new$0(132)) - 0f46229f-d487-4784-9d87-cba709966a77@group-18078E4CF3C8-SegmentedRaftLogWorker: flushIndex: setUnconditionally 0 -> -1
2019-09-25 11:10:25,368 [pool-723-thread-1] INFO  server.RaftServerConfigKeys (ConfUtils.java:logGet(43)) - raft.server.snapshot.auto.trigger.enabled = true (custom)
2019-09-25 11:10:25,368 [pool-723-thread-1] INFO  server.RaftServerConfigKeys (ConfUtils.java:logGet(43)) - raft.server.snapshot.auto.trigger.threshold = 10000 (custom)
2019-09-25 11:10:25,368 [pool-723-thread-1] INFO  server.RaftServerConfigKeys (ConfUtils.java:logGet(43)) - raft.server.snapshot.retention.num.files = 5 (custom)
2019-09-25 11:10:25,368 [pool-723-thread-1] INFO  server.RaftServerConfigKeys (ConfUtils.java:logGet(43)) - raft.server.retrycache.expirytime = 600000ms (custom)
2019-09-25 11:10:25,369 [pool-723-thread-1] INFO  impl.RaftServerImpl (RaftServerImpl.java:start(185)) - 0f46229f-d487-4784-9d87-cba709966a77@group-18078E4CF3C8: start as a follower, conf=-1: [0f46229f-d487-4784-9d87-cba709966a77:192.168.30.6:36619], old=null
2019-09-25 11:10:25,369 [pool-723-thread-1] INFO  impl.RaftServerImpl (RaftServerImpl.java:setRole(174)) - 0f46229f-d487-4784-9d87-cba709966a77@group-18078E4CF3C8: changes role from      null to FOLLOWER at term 0 for startAsFollower
2019-09-25 11:10:25,369 [pool-723-thread-1] INFO  impl.RoleInfo (RoleInfo.java:updateAndGet(143)) - 0f46229f-d487-4784-9d87-cba709966a77: start FollowerState
2019-09-25 11:10:25,370 [pool-723-thread-1] INFO  util.JmxRegister (JmxRegister.java:tryRegister(44)) - Successfully registered JMX Bean with object name Ratis:service=RaftServer,group=group-18078E4CF3C8,id=0f46229f-d487-4784-9d87-cba709966a77
2019-09-25 11:10:25,372 [RatisPipelineUtilsThread] INFO  pipeline.PipelineStateManager (PipelineStateManager.java:addPipeline(56)) - Created pipeline Pipeline[ Id: 0a16e3c7-2ac6-49a7-941f-18078e4cf3c8, Nodes: 0f46229f-d487-4784-9d87-cba709966a77{ip: 192.168.30.6, host: pr-hdds-1569-5gmkr-4255264070, networkLocation: /default-rack, certSerialId: null}, Type:RATIS, Factor:ONE, State:OPEN]
2019-09-25 11:10:25,372 [RatisPipelineUtilsThread] INFO  pipeline.PipelinePlacementPolicy (PipelinePlacementPolicy.java:meetCriteria(91)) - Pipeline Placement: can't place more pipeline on heavy datanode： 09fcc576-174a-4714-a677-8a28b3c19a40 Heaviness: 6 limit: 5
2019-09-25 11:10:25,372 [RatisPipelineUtilsThread] INFO  pipeline.PipelinePlacementPolicy (PipelinePlacementPolicy.java:meetCriteria(91)) - Pipeline Placement: can't place more pipeline on heavy datanode： a17b444c-dc8d-41d3-94fa-b87b918595f3 Heaviness: 6 limit: 5
2019-09-25 11:10:25,372 [RatisPipelineUtilsThread] INFO  pipeline.PipelinePlacementPolicy (PipelinePlacementPolicy.java:meetCriteria(91)) - Pipeline Placement: can't place more pipeline on heavy datanode： 9260b2c2-77d0-40af-9a4b-242b57e61325 Heaviness: 6 limit: 5
2019-09-25 11:10:25,373 [RatisPipelineUtilsThread] INFO  pipeline.PipelinePlacementPolicy (PipelinePlacementPolicy.java:meetCriteria(91)) - Pipeline Placement: can't place more pipeline on heavy datanode： 231d5a30-2990-4b37-835c-52719c996380 Heaviness: 6 limit: 5
2019-09-25 11:10:25,373 [RatisPipelineUtilsThread] INFO  pipeline.PipelinePlacementPolicy (PipelinePlacementPolicy.java:meetCriteria(91)) - Pipeline Placement: can't place more pipeline on heavy datanode： 79e2f6f7-785e-4584-a2b0-6f2cf2bd33a1 Heaviness: 6 limit: 5
2019-09-25 11:10:25,376 [grpc-default-executor-1] INFO  impl.RaftServerProxy (RaftServerProxy.java:addNew(89)) - 0f46229f-d487-4784-9d87-cba709966a77: addNew group-731BAC7F5F63:[0f46229f-d487-4784-9d87-cba709966a77:192.168.30.6:36619] returns group-731BAC7F5F63:java.util.concurrent.CompletableFuture@6523f75c[Not completed]
2019-09-25 11:10:25,376 [pool-723-thread-1] INFO  impl.RaftServerImpl (RaftServerImpl.java:<init>(95)) - 0f46229f-d487-4784-9d87-cba709966a77: new RaftServerImpl for group-731BAC7F5F63:[0f46229f-d487-4784-9d87-cba709966a77:192.168.30.6:36619] with ContainerStateMachine:uninitialized
2019-09-25 11:10:25,376 [pool-723-thread-1] INFO  server.RaftServerConfigKeys (ConfUtils.java:logGet(43)) - raft.server.rpc.timeout.min = 5s (custom)
2019-09-25 11:10:25,377 [pool-723-thread-1] INFO  server.RaftServerConfigKeys (ConfUtils.java:logGet(43)) - raft.server.rpc.timeout.max = 5200ms (custom)
2019-09-25 11:10:25,377 [pool-723-thread-1] INFO  server.RaftServerConfigKeys (ConfUtils.java:logGet(43)) - raft.server.rpcslowness.timeout = 120s (custom)
2019-09-25 11:10:25,377 [pool-723-thread-1] INFO  server.RaftServerConfigKeys (ConfUtils.java:logGet(43)) - raft.server.sleep.deviation.threshold = 300 (default)
2019-09-25 11:10:25,377 [pool-723-thread-1] INFO  server.RaftServerConfigKeys (ConfUtils.java:logGet(43)) - raft.server.log.appender.install.snapshot.enabled = false (custom)
2019-09-25 11:10:25,377 [pool-723-thread-1] INFO  impl.RaftServerImpl (ServerState.java:<init>(103)) - 0f46229f-d487-4784-9d87-cba709966a77@group-731BAC7F5F63: ConfigurationManager, init=-1: [0f46229f-d487-4784-9d87-cba709966a77:192.168.30.6:36619], old=null, confs=<EMPTY_MAP>
2019-09-25 11:10:25,377 [pool-723-thread-1] INFO  server.RaftServerConfigKeys (ConfUtils.java:logGet(43)) - raft.server.storage.dir = [/workdir/hadoop-ozone/integration-test/target/test-dir/MiniOzoneClusterImpl-36bd9e64-229c-43b0-8f36-7d73050474c0/datanode-5/data/ratis] (custom)
2019-09-25 11:10:25,377 [pool-723-thread-1] INFO  storage.RaftStorageDirectory (RaftStorageDirectory.java:analyzeStorage(246)) - The storage directory /workdir/hadoop-ozone/integration-test/target/test-dir/MiniOzoneClusterImpl-36bd9e64-229c-43b0-8f36-7d73050474c0/datanode-5/data/ratis/39440d6b-876d-4c85-8158-731bac7f5f63 does not exist. Creating ...
2019-09-25 11:10:25,390 [pool-723-thread-1] INFO  storage.RaftStorageDirectory (RaftStorageDirectory.java:tryLock(328)) - Lock on /workdir/hadoop-ozone/integration-test/target/test-dir/MiniOzoneClusterImpl-36bd9e64-229c-43b0-8f36-7d73050474c0/datanode-5/data/ratis/39440d6b-876d-4c85-8158-731bac7f5f63/in_use.lock acquired by nodename 21763@pr-hdds-1569-5gmkr-4255264070
2019-09-25 11:10:25,403 [pool-723-thread-1] INFO  storage.RaftStorage (RaftStorage.java:format(72)) - Storage directory /workdir/hadoop-ozone/integration-test/target/test-dir/MiniOzoneClusterImpl-36bd9e64-229c-43b0-8f36-7d73050474c0/datanode-5/data/ratis/39440d6b-876d-4c85-8158-731bac7f5f63 has been successfully formatted.
2019-09-25 11:10:25,403 [pool-723-thread-1] INFO  ratis.ContainerStateMachine (ContainerStateMachine.java:loadSnapshot(230)) - group-731BAC7F5F63: The snapshot info is null. Setting the last applied indexto:(t:0, i:~)
2019-09-25 11:10:25,403 [pool-723-thread-1] INFO  server.RaftServerConfigKeys (ConfUtils.java:logGet(43)) - raft.server.notification.no-leader.timeout = 120s (custom)
2019-09-25 11:10:25,403 [pool-723-thread-1] INFO  server.RaftServerConfigKeys (ConfUtils.java:logGet(43)) - raft.server.log.use.memory = false (default)
2019-09-25 11:10:25,404 [pool-723-thread-1] INFO  server.RaftServerConfigKeys (ConfUtils.java:logGet(43)) - raft.server.log.purge.gap = 1000000 (custom)
2019-09-25 11:10:25,404 [pool-723-thread-1] INFO  server.RaftServerConfigKeys (ConfUtils.java:logGet(43)) - raft.server.log.appender.buffer.byte-limit = 33554432 (custom)
2019-09-25 11:10:25,404 [pool-723-thread-1] INFO  server.RaftServerConfigKeys (ConfUtils.java:logGet(43)) - raft.server.log.segment.size.max = 1048576 (custom)
2019-09-25 11:10:25,404 [pool-723-thread-1] INFO  server.RaftServerConfigKeys (ConfUtils.java:logGet(43)) - raft.server.log.segment.cache.num.max = 2 (custom)
2019-09-25 11:10:25,404 [pool-723-thread-1] INFO  segmented.SegmentedRaftLogWorker (SegmentedRaftLogWorker.java:<init>(172)) - new 0f46229f-d487-4784-9d87-cba709966a77@group-731BAC7F5F63-SegmentedRaftLogWorker for RaftStorage:Storage Directory /workdir/hadoop-ozone/integration-test/target/test-dir/MiniOzoneClusterImpl-36bd9e64-229c-43b0-8f36-7d73050474c0/datanode-5/data/ratis/39440d6b-876d-4c85-8158-731bac7f5f63
2019-09-25 11:10:25,404 [pool-723-thread-1] INFO  server.RaftServerConfigKeys (ConfUtils.java:logGet(43)) - raft.server.log.queue.byte-limit = 2147483647 (custom)
2019-09-25 11:10:25,404 [pool-723-thread-1] INFO  server.RaftServerConfigKeys (ConfUtils.java:logGet(43)) - raft.server.log.queue.element-limit = 1024 (custom)
2019-09-25 11:10:25,404 [pool-723-thread-1] INFO  server.RaftServerConfigKeys (ConfUtils.java:logGet(43)) - raft.server.log.segment.size.max = 1048576 (custom)
2019-09-25 11:10:25,404 [pool-723-thread-1] INFO  server.RaftServerConfigKeys (ConfUtils.java:logGet(43)) - raft.server.log.preallocated.size = 16384 (custom)
2019-09-25 11:10:25,404 [pool-723-thread-1] INFO  server.RaftServerConfigKeys (ConfUtils.java:logGet(43)) - raft.server.log.write.buffer.size = 33554432 (custom)
2019-09-25 11:10:25,405 [pool-723-thread-1] INFO  server.RaftServerConfigKeys (ConfUtils.java:logGet(43)) - raft.server.log.force.sync.num = 128 (default)
2019-09-25 11:10:25,405 [pool-723-thread-1] INFO  server.RaftServerConfigKeys (ConfUtils.java:logGet(43)) - raft.server.log.statemachine.data.sync = true (default)
2019-09-25 11:10:25,405 [pool-723-thread-1] INFO  server.RaftServerConfigKeys (ConfUtils.java:logGet(43)) - raft.server.log.statemachine.data.sync.timeout = 10s (default)
2019-09-25 11:10:25,405 [pool-723-thread-1] INFO  server.RaftServerConfigKeys (ConfUtils.java:logGet(43)) - raft.server.log.statemachine.data.sync.timeout.retry = -1 (default)
2019-09-25 11:10:25,405 [pool-723-thread-1] INFO  server.RaftServerConfigKeys (ConfUtils.java:logGet(43)) - raft.server.log.statemachine.data.caching.enabled = true (custom)
2019-09-25 11:10:25,405 [pool-723-thread-1] INFO  segmented.SegmentedRaftLogWorker (SegmentedRaftLogWorker.java:lambda$new$0(132)) - 0f46229f-d487-4784-9d87-cba709966a77@group-731BAC7F5F63-SegmentedRaftLogWorker: flushIndex: setUnconditionally 0 -> -1
2019-09-25 11:10:25,405 [pool-723-thread-1] INFO  server.RaftServerConfigKeys (ConfUtils.java:logGet(43)) - raft.server.snapshot.auto.trigger.enabled = true (custom)
2019-09-25 11:10:25,406 [pool-723-thread-1] INFO  server.RaftServerConfigKeys (ConfUtils.java:logGet(43)) - raft.server.snapshot.auto.trigger.threshold = 10000 (custom)
2019-09-25 11:10:25,406 [pool-723-thread-1] INFO  server.RaftServerConfigKeys (ConfUtils.java:logGet(43)) - raft.server.snapshot.retention.num.files = 5 (custom)
2019-09-25 11:10:25,406 [pool-723-thread-1] INFO  server.RaftServerConfigKeys (ConfUtils.java:logGet(43)) - raft.server.retrycache.expirytime = 600000ms (custom)
2019-09-25 11:10:25,407 [pool-723-thread-1] INFO  impl.RaftServerImpl (RaftServerImpl.java:start(185)) - 0f46229f-d487-4784-9d87-cba709966a77@group-731BAC7F5F63: start as a follower, conf=-1: [0f46229f-d487-4784-9d87-cba709966a77:192.168.30.6:36619], old=null
2019-09-25 11:10:25,407 [pool-723-thread-1] INFO  impl.RaftServerImpl (RaftServerImpl.java:setRole(174)) - 0f46229f-d487-4784-9d87-cba709966a77@group-731BAC7F5F63: changes role from      null to FOLLOWER at term 0 for startAsFollower
2019-09-25 11:10:25,407 [pool-723-thread-1] INFO  impl.RoleInfo (RoleInfo.java:updateAndGet(143)) - 0f46229f-d487-4784-9d87-cba709966a77: start FollowerState
2019-09-25 11:10:25,407 [pool-723-thread-1] INFO  util.JmxRegister (JmxRegister.java:tryRegister(44)) - Successfully registered JMX Bean with object name Ratis:service=RaftServer,group=group-731BAC7F5F63,id=0f46229f-d487-4784-9d87-cba709966a77
2019-09-25 11:10:25,409 [RatisPipelineUtilsThread] INFO  pipeline.PipelineStateManager (PipelineStateManager.java:addPipeline(56)) - Created pipeline Pipeline[ Id: 39440d6b-876d-4c85-8158-731bac7f5f63, Nodes: 0f46229f-d487-4784-9d87-cba709966a77{ip: 192.168.30.6, host: pr-hdds-1569-5gmkr-4255264070, networkLocation: /default-rack, certSerialId: null}, Type:RATIS, Factor:ONE, State:OPEN]
2019-09-25 11:10:25,409 [RatisPipelineUtilsThread] INFO  pipeline.PipelinePlacementPolicy (PipelinePlacementPolicy.java:meetCriteria(91)) - Pipeline Placement: can't place more pipeline on heavy datanode： 09fcc576-174a-4714-a677-8a28b3c19a40 Heaviness: 6 limit: 5
2019-09-25 11:10:25,410 [RatisPipelineUtilsThread] INFO  pipeline.PipelinePlacementPolicy (PipelinePlacementPolicy.java:meetCriteria(91)) - Pipeline Placement: can't place more pipeline on heavy datanode： 0f46229f-d487-4784-9d87-cba709966a77 Heaviness: 6 limit: 5
2019-09-25 11:10:25,410 [RatisPipelineUtilsThread] INFO  pipeline.PipelinePlacementPolicy (PipelinePlacementPolicy.java:meetCriteria(91)) - Pipeline Placement: can't place more pipeline on heavy datanode： a17b444c-dc8d-41d3-94fa-b87b918595f3 Heaviness: 6 limit: 5
2019-09-25 11:10:25,410 [RatisPipelineUtilsThread] INFO  pipeline.PipelinePlacementPolicy (PipelinePlacementPolicy.java:meetCriteria(91)) - Pipeline Placement: can't place more pipeline on heavy datanode： 9260b2c2-77d0-40af-9a4b-242b57e61325 Heaviness: 6 limit: 5
2019-09-25 11:10:25,410 [RatisPipelineUtilsThread] INFO  pipeline.PipelinePlacementPolicy (PipelinePlacementPolicy.java:meetCriteria(91)) - Pipeline Placement: can't place more pipeline on heavy datanode： 231d5a30-2990-4b37-835c-52719c996380 Heaviness: 6 limit: 5
2019-09-25 11:10:25,410 [RatisPipelineUtilsThread] INFO  pipeline.PipelinePlacementPolicy (PipelinePlacementPolicy.java:meetCriteria(91)) - Pipeline Placement: can't place more pipeline on heavy datanode： 79e2f6f7-785e-4584-a2b0-6f2cf2bd33a1 Heaviness: 6 limit: 5
2019-09-25 11:10:25,413 [grpc-default-executor-1] INFO  impl.RaftServerProxy (RaftServerProxy.java:addNew(89)) - 0089544c-4670-45f6-b8b0-eabe3503e213: addNew group-917FE2C95DE9:[0089544c-4670-45f6-b8b0-eabe3503e213:192.168.30.6:36645] returns group-917FE2C95DE9:java.util.concurrent.CompletableFuture@55540879[Not completed]
2019-09-25 11:10:25,414 [pool-733-thread-1] INFO  impl.RaftServerImpl (RaftServerImpl.java:<init>(95)) - 0089544c-4670-45f6-b8b0-eabe3503e213: new RaftServerImpl for group-917FE2C95DE9:[0089544c-4670-45f6-b8b0-eabe3503e213:192.168.30.6:36645] with ContainerStateMachine:uninitialized
2019-09-25 11:10:25,414 [pool-733-thread-1] INFO  server.RaftServerConfigKeys (ConfUtils.java:logGet(43)) - raft.server.rpc.timeout.min = 5s (custom)
2019-09-25 11:10:25,414 [pool-733-thread-1] INFO  server.RaftServerConfigKeys (ConfUtils.java:logGet(43)) - raft.server.rpc.timeout.max = 5200ms (custom)
2019-09-25 11:10:25,414 [pool-733-thread-1] INFO  server.RaftServerConfigKeys (ConfUtils.java:logGet(43)) - raft.server.rpcslowness.timeout = 120s (custom)
2019-09-25 11:10:25,414 [pool-733-thread-1] INFO  server.RaftServerConfigKeys (ConfUtils.java:logGet(43)) - raft.server.sleep.deviation.threshold = 300 (default)
2019-09-25 11:10:25,414 [pool-733-thread-1] INFO  server.RaftServerConfigKeys (ConfUtils.java:logGet(43)) - raft.server.log.appender.install.snapshot.enabled = false (custom)
2019-09-25 11:10:25,414 [pool-733-thread-1] INFO  impl.RaftServerImpl (ServerState.java:<init>(103)) - 0089544c-4670-45f6-b8b0-eabe3503e213@group-917FE2C95DE9: ConfigurationManager, init=-1: [0089544c-4670-45f6-b8b0-eabe3503e213:192.168.30.6:36645], old=null, confs=<EMPTY_MAP>
2019-09-25 11:10:25,414 [pool-733-thread-1] INFO  server.RaftServerConfigKeys (ConfUtils.java:logGet(43)) - raft.server.storage.dir = [/workdir/hadoop-ozone/integration-test/target/test-dir/MiniOzoneClusterImpl-36bd9e64-229c-43b0-8f36-7d73050474c0/datanode-6/data/ratis] (custom)
2019-09-25 11:10:25,415 [pool-733-thread-1] INFO  storage.RaftStorageDirectory (RaftStorageDirectory.java:analyzeStorage(246)) - The storage directory /workdir/hadoop-ozone/integration-test/target/test-dir/MiniOzoneClusterImpl-36bd9e64-229c-43b0-8f36-7d73050474c0/datanode-6/data/ratis/15684948-c7ee-4815-b93d-917fe2c95de9 does not exist. Creating ...
2019-09-25 11:10:25,427 [pool-733-thread-1] INFO  storage.RaftStorageDirectory (RaftStorageDirectory.java:tryLock(328)) - Lock on /workdir/hadoop-ozone/integration-test/target/test-dir/MiniOzoneClusterImpl-36bd9e64-229c-43b0-8f36-7d73050474c0/datanode-6/data/ratis/15684948-c7ee-4815-b93d-917fe2c95de9/in_use.lock acquired by nodename 21763@pr-hdds-1569-5gmkr-4255264070
2019-09-25 11:10:25,440 [pool-733-thread-1] INFO  storage.RaftStorage (RaftStorage.java:format(72)) - Storage directory /workdir/hadoop-ozone/integration-test/target/test-dir/MiniOzoneClusterImpl-36bd9e64-229c-43b0-8f36-7d73050474c0/datanode-6/data/ratis/15684948-c7ee-4815-b93d-917fe2c95de9 has been successfully formatted.
2019-09-25 11:10:25,440 [pool-733-thread-1] INFO  ratis.ContainerStateMachine (ContainerStateMachine.java:loadSnapshot(230)) - group-917FE2C95DE9: The snapshot info is null. Setting the last applied indexto:(t:0, i:~)
2019-09-25 11:10:25,440 [pool-733-thread-1] INFO  server.RaftServerConfigKeys (ConfUtils.java:logGet(43)) - raft.server.notification.no-leader.timeout = 120s (custom)
2019-09-25 11:10:25,441 [pool-733-thread-1] INFO  server.RaftServerConfigKeys (ConfUtils.java:logGet(43)) - raft.server.log.use.memory = false (default)
2019-09-25 11:10:25,441 [pool-733-thread-1] INFO  server.RaftServerConfigKeys (ConfUtils.java:logGet(43)) - raft.server.log.purge.gap = 1000000 (custom)
2019-09-25 11:10:25,441 [pool-733-thread-1] INFO  server.RaftServerConfigKeys (ConfUtils.java:logGet(43)) - raft.server.log.appender.buffer.byte-limit = 33554432 (custom)
2019-09-25 11:10:25,441 [pool-733-thread-1] INFO  server.RaftServerConfigKeys (ConfUtils.java:logGet(43)) - raft.server.log.segment.size.max = 1048576 (custom)
2019-09-25 11:10:25,441 [pool-733-thread-1] INFO  server.RaftServerConfigKeys (ConfUtils.java:logGet(43)) - raft.server.log.segment.cache.num.max = 2 (custom)
2019-09-25 11:10:25,441 [pool-733-thread-1] INFO  segmented.SegmentedRaftLogWorker (SegmentedRaftLogWorker.java:<init>(172)) - new 0089544c-4670-45f6-b8b0-eabe3503e213@group-917FE2C95DE9-SegmentedRaftLogWorker for RaftStorage:Storage Directory /workdir/hadoop-ozone/integration-test/target/test-dir/MiniOzoneClusterImpl-36bd9e64-229c-43b0-8f36-7d73050474c0/datanode-6/data/ratis/15684948-c7ee-4815-b93d-917fe2c95de9
2019-09-25 11:10:25,441 [pool-733-thread-1] INFO  server.RaftServerConfigKeys (ConfUtils.java:logGet(43)) - raft.server.log.queue.byte-limit = 2147483647 (custom)
2019-09-25 11:10:25,441 [pool-733-thread-1] INFO  server.RaftServerConfigKeys (ConfUtils.java:logGet(43)) - raft.server.log.queue.element-limit = 1024 (custom)
2019-09-25 11:10:25,441 [pool-733-thread-1] INFO  server.RaftServerConfigKeys (ConfUtils.java:logGet(43)) - raft.server.log.segment.size.max = 1048576 (custom)
2019-09-25 11:10:25,441 [pool-733-thread-1] INFO  server.RaftServerConfigKeys (ConfUtils.java:logGet(43)) - raft.server.log.preallocated.size = 16384 (custom)
2019-09-25 11:10:25,442 [pool-733-thread-1] INFO  server.RaftServerConfigKeys (ConfUtils.java:logGet(43)) - raft.server.log.write.buffer.size = 33554432 (custom)
2019-09-25 11:10:25,442 [pool-733-thread-1] INFO  server.RaftServerConfigKeys (ConfUtils.java:logGet(43)) - raft.server.log.force.sync.num = 128 (default)
2019-09-25 11:10:25,442 [pool-733-thread-1] INFO  server.RaftServerConfigKeys (ConfUtils.java:logGet(43)) - raft.server.log.statemachine.data.sync = true (default)
2019-09-25 11:10:25,442 [pool-733-thread-1] INFO  server.RaftServerConfigKeys (ConfUtils.java:logGet(43)) - raft.server.log.statemachine.data.sync.timeout = 10s (default)
2019-09-25 11:10:25,442 [pool-733-thread-1] INFO  server.RaftServerConfigKeys (ConfUtils.java:logGet(43)) - raft.server.log.statemachine.data.sync.timeout.retry = -1 (default)
2019-09-25 11:10:25,442 [pool-733-thread-1] INFO  server.RaftServerConfigKeys (ConfUtils.java:logGet(43)) - raft.server.log.statemachine.data.caching.enabled = true (custom)
2019-09-25 11:10:25,442 [pool-733-thread-1] INFO  segmented.SegmentedRaftLogWorker (SegmentedRaftLogWorker.java:lambda$new$0(132)) - 0089544c-4670-45f6-b8b0-eabe3503e213@group-917FE2C95DE9-SegmentedRaftLogWorker: flushIndex: setUnconditionally 0 -> -1
2019-09-25 11:10:25,442 [pool-733-thread-1] INFO  server.RaftServerConfigKeys (ConfUtils.java:logGet(43)) - raft.server.snapshot.auto.trigger.enabled = true (custom)
2019-09-25 11:10:25,443 [pool-733-thread-1] INFO  server.RaftServerConfigKeys (ConfUtils.java:logGet(43)) - raft.server.snapshot.auto.trigger.threshold = 10000 (custom)
2019-09-25 11:10:25,443 [pool-733-thread-1] INFO  server.RaftServerConfigKeys (ConfUtils.java:logGet(43)) - raft.server.snapshot.retention.num.files = 5 (custom)
2019-09-25 11:10:25,443 [pool-733-thread-1] INFO  server.RaftServerConfigKeys (ConfUtils.java:logGet(43)) - raft.server.retrycache.expirytime = 600000ms (custom)
2019-09-25 11:10:25,444 [pool-733-thread-1] INFO  impl.RaftServerImpl (RaftServerImpl.java:start(185)) - 0089544c-4670-45f6-b8b0-eabe3503e213@group-917FE2C95DE9: start as a follower, conf=-1: [0089544c-4670-45f6-b8b0-eabe3503e213:192.168.30.6:36645], old=null
2019-09-25 11:10:25,444 [pool-733-thread-1] INFO  impl.RaftServerImpl (RaftServerImpl.java:setRole(174)) - 0089544c-4670-45f6-b8b0-eabe3503e213@group-917FE2C95DE9: changes role from      null to FOLLOWER at term 0 for startAsFollower
2019-09-25 11:10:25,444 [pool-733-thread-1] INFO  impl.RoleInfo (RoleInfo.java:updateAndGet(143)) - 0089544c-4670-45f6-b8b0-eabe3503e213: start FollowerState
2019-09-25 11:10:25,444 [pool-733-thread-1] INFO  util.JmxRegister (JmxRegister.java:tryRegister(44)) - Successfully registered JMX Bean with object name Ratis:service=RaftServer,group=group-917FE2C95DE9,id=0089544c-4670-45f6-b8b0-eabe3503e213
2019-09-25 11:10:25,446 [RatisPipelineUtilsThread] INFO  pipeline.PipelineStateManager (PipelineStateManager.java:addPipeline(56)) - Created pipeline Pipeline[ Id: 15684948-c7ee-4815-b93d-917fe2c95de9, Nodes: 0089544c-4670-45f6-b8b0-eabe3503e213{ip: 192.168.30.6, host: pr-hdds-1569-5gmkr-4255264070, networkLocation: /default-rack, certSerialId: null}, Type:RATIS, Factor:ONE, State:OPEN]
2019-09-25 11:10:25,446 [RatisPipelineUtilsThread] INFO  pipeline.PipelinePlacementPolicy (PipelinePlacementPolicy.java:meetCriteria(91)) - Pipeline Placement: can't place more pipeline on heavy datanode： 09fcc576-174a-4714-a677-8a28b3c19a40 Heaviness: 6 limit: 5
2019-09-25 11:10:25,446 [RatisPipelineUtilsThread] INFO  pipeline.PipelinePlacementPolicy (PipelinePlacementPolicy.java:meetCriteria(91)) - Pipeline Placement: can't place more pipeline on heavy datanode： 0f46229f-d487-4784-9d87-cba709966a77 Heaviness: 6 limit: 5
2019-09-25 11:10:25,447 [RatisPipelineUtilsThread] INFO  pipeline.PipelinePlacementPolicy (PipelinePlacementPolicy.java:meetCriteria(91)) - Pipeline Placement: can't place more pipeline on heavy datanode： 0089544c-4670-45f6-b8b0-eabe3503e213 Heaviness: 6 limit: 5
2019-09-25 11:10:25,447 [RatisPipelineUtilsThread] INFO  pipeline.PipelinePlacementPolicy (PipelinePlacementPolicy.java:meetCriteria(91)) - Pipeline Placement: can't place more pipeline on heavy datanode： a17b444c-dc8d-41d3-94fa-b87b918595f3 Heaviness: 6 limit: 5
2019-09-25 11:10:25,447 [RatisPipelineUtilsThread] INFO  pipeline.PipelinePlacementPolicy (PipelinePlacementPolicy.java:meetCriteria(91)) - Pipeline Placement: can't place more pipeline on heavy datanode： 9260b2c2-77d0-40af-9a4b-242b57e61325 Heaviness: 6 limit: 5
2019-09-25 11:10:25,447 [RatisPipelineUtilsThread] INFO  pipeline.PipelinePlacementPolicy (PipelinePlacementPolicy.java:meetCriteria(91)) - Pipeline Placement: can't place more pipeline on heavy datanode： 231d5a30-2990-4b37-835c-52719c996380 Heaviness: 6 limit: 5
2019-09-25 11:10:25,447 [RatisPipelineUtilsThread] INFO  pipeline.PipelinePlacementPolicy (PipelinePlacementPolicy.java:meetCriteria(91)) - Pipeline Placement: can't place more pipeline on heavy datanode： 79e2f6f7-785e-4584-a2b0-6f2cf2bd33a1 Heaviness: 6 limit: 5
2019-09-25 11:10:25,447 [RatisPipelineUtilsThread] ERROR pipeline.PipelinePlacementPolicy (PipelinePlacementPolicy.java:filterViableNodes(148)) - Unable to find enough nodes that meet the criteria that cannot engage in more than 5 pipelines. Nodes required: 1 Found: 0, healthy nodes count inNodeManager: 7.
2019-09-25 11:10:25,448 [RatisPipelineUtilsThread] ERROR pipeline.SCMPipelineManager (SCMPipelineManager.java:createPipeline(167)) - Pipeline creation failed.
org.apache.hadoop.hdds.scm.exceptions.SCMException: Unable to find enough nodes that meet the criteria that cannot engage in more than 5 pipelines. Nodes required: 1 Found: 0, healthy nodes count inNodeManager: 7.
	at org.apache.hadoop.hdds.scm.pipeline.PipelinePlacementPolicy.filterViableNodes(PipelinePlacementPolicy.java:149)
	at org.apache.hadoop.hdds.scm.pipeline.PipelinePlacementPolicy.chooseDatanodes(PipelinePlacementPolicy.java:172)
	at org.apache.hadoop.hdds.scm.pipeline.RatisPipelineProvider.create(RatisPipelineProvider.java:93)
	at org.apache.hadoop.hdds.scm.pipeline.PipelineFactory.create(PipelineFactory.java:58)
	at org.apache.hadoop.hdds.scm.pipeline.SCMPipelineManager.createPipeline(SCMPipelineManager.java:155)
	at org.apache.hadoop.hdds.scm.pipeline.BackgroundPipelineCreator.createPipelines(BackgroundPipelineCreator.java:99)
	at java.util.concurrent.Executors$RunnableAdapter.call(Executors.java:511)
	at java.util.concurrent.FutureTask.run(FutureTask.java:266)
	at java.util.concurrent.ScheduledThreadPoolExecutor$ScheduledFutureTask.access$201(ScheduledThreadPoolExecutor.java:180)
	at java.util.concurrent.ScheduledThreadPoolExecutor$ScheduledFutureTask.run(ScheduledThreadPoolExecutor.java:293)
	at java.util.concurrent.ThreadPoolExecutor.runWorker(ThreadPoolExecutor.java:1149)
	at java.util.concurrent.ThreadPoolExecutor$Worker.run(ThreadPoolExecutor.java:624)
	at java.lang.Thread.run(Thread.java:748)
2019-09-25 11:10:25,448 [RatisPipelineUtilsThread] INFO  pipeline.PipelinePlacementPolicy (PipelinePlacementPolicy.java:meetCriteria(91)) - Pipeline Placement: can't place more pipeline on heavy datanode： 09fcc576-174a-4714-a677-8a28b3c19a40 Heaviness: 6 limit: 5
2019-09-25 11:10:25,448 [RatisPipelineUtilsThread] INFO  pipeline.PipelinePlacementPolicy (PipelinePlacementPolicy.java:meetCriteria(91)) - Pipeline Placement: can't place more pipeline on heavy datanode： 0f46229f-d487-4784-9d87-cba709966a77 Heaviness: 6 limit: 5
2019-09-25 11:10:25,448 [RatisPipelineUtilsThread] INFO  pipeline.PipelinePlacementPolicy (PipelinePlacementPolicy.java:meetCriteria(91)) - Pipeline Placement: can't place more pipeline on heavy datanode： 0089544c-4670-45f6-b8b0-eabe3503e213 Heaviness: 6 limit: 5
2019-09-25 11:10:25,449 [RatisPipelineUtilsThread] INFO  pipeline.PipelinePlacementPolicy (PipelinePlacementPolicy.java:meetCriteria(91)) - Pipeline Placement: can't place more pipeline on heavy datanode： a17b444c-dc8d-41d3-94fa-b87b918595f3 Heaviness: 6 limit: 5
2019-09-25 11:10:25,449 [RatisPipelineUtilsThread] INFO  pipeline.PipelinePlacementPolicy (PipelinePlacementPolicy.java:meetCriteria(91)) - Pipeline Placement: can't place more pipeline on heavy datanode： 9260b2c2-77d0-40af-9a4b-242b57e61325 Heaviness: 6 limit: 5
2019-09-25 11:10:25,449 [RatisPipelineUtilsThread] INFO  pipeline.PipelinePlacementPolicy (PipelinePlacementPolicy.java:meetCriteria(91)) - Pipeline Placement: can't place more pipeline on heavy datanode： 231d5a30-2990-4b37-835c-52719c996380 Heaviness: 6 limit: 5
2019-09-25 11:10:25,449 [RatisPipelineUtilsThread] INFO  pipeline.PipelinePlacementPolicy (PipelinePlacementPolicy.java:meetCriteria(91)) - Pipeline Placement: can't place more pipeline on heavy datanode： 79e2f6f7-785e-4584-a2b0-6f2cf2bd33a1 Heaviness: 6 limit: 5
2019-09-25 11:10:25,449 [RatisPipelineUtilsThread] ERROR pipeline.PipelinePlacementPolicy (PipelinePlacementPolicy.java:filterViableNodes(148)) - Unable to find enough nodes that meet the criteria that cannot engage in more than 5 pipelines. Nodes required: 3 Found: 0, healthy nodes count inNodeManager: 7.
2019-09-25 11:10:25,449 [RatisPipelineUtilsThread] ERROR pipeline.SCMPipelineManager (SCMPipelineManager.java:createPipeline(167)) - Pipeline creation failed.
org.apache.hadoop.hdds.scm.exceptions.SCMException: Unable to find enough nodes that meet the criteria that cannot engage in more than 5 pipelines. Nodes required: 3 Found: 0, healthy nodes count inNodeManager: 7.
	at org.apache.hadoop.hdds.scm.pipeline.PipelinePlacementPolicy.filterViableNodes(PipelinePlacementPolicy.java:149)
	at org.apache.hadoop.hdds.scm.pipeline.PipelinePlacementPolicy.chooseDatanodes(PipelinePlacementPolicy.java:172)
	at org.apache.hadoop.hdds.scm.pipeline.RatisPipelineProvider.create(RatisPipelineProvider.java:93)
	at org.apache.hadoop.hdds.scm.pipeline.PipelineFactory.create(PipelineFactory.java:58)
	at org.apache.hadoop.hdds.scm.pipeline.SCMPipelineManager.createPipeline(SCMPipelineManager.java:155)
	at org.apache.hadoop.hdds.scm.pipeline.BackgroundPipelineCreator.createPipelines(BackgroundPipelineCreator.java:99)
	at java.util.concurrent.Executors$RunnableAdapter.call(Executors.java:511)
	at java.util.concurrent.FutureTask.run(FutureTask.java:266)
	at java.util.concurrent.ScheduledThreadPoolExecutor$ScheduledFutureTask.access$201(ScheduledThreadPoolExecutor.java:180)
	at java.util.concurrent.ScheduledThreadPoolExecutor$ScheduledFutureTask.run(ScheduledThreadPoolExecutor.java:293)
	at java.util.concurrent.ThreadPoolExecutor.runWorker(ThreadPoolExecutor.java:1149)
	at java.util.concurrent.ThreadPoolExecutor$Worker.run(ThreadPoolExecutor.java:624)
	at java.lang.Thread.run(Thread.java:748)
2019-09-25 11:10:25,450 [RatisPipelineUtilsThread] INFO  pipeline.PipelinePlacementPolicy (PipelinePlacementPolicy.java:meetCriteria(91)) - Pipeline Placement: can't place more pipeline on heavy datanode： 09fcc576-174a-4714-a677-8a28b3c19a40 Heaviness: 6 limit: 5
2019-09-25 11:10:25,450 [RatisPipelineUtilsThread] INFO  pipeline.PipelinePlacementPolicy (PipelinePlacementPolicy.java:meetCriteria(91)) - Pipeline Placement: can't place more pipeline on heavy datanode： 0f46229f-d487-4784-9d87-cba709966a77 Heaviness: 6 limit: 5
2019-09-25 11:10:25,450 [RatisPipelineUtilsThread] INFO  pipeline.PipelinePlacementPolicy (PipelinePlacementPolicy.java:meetCriteria(91)) - Pipeline Placement: can't place more pipeline on heavy datanode： 0089544c-4670-45f6-b8b0-eabe3503e213 Heaviness: 6 limit: 5
2019-09-25 11:10:25,450 [RatisPipelineUtilsThread] INFO  pipeline.PipelinePlacementPolicy (PipelinePlacementPolicy.java:meetCriteria(91)) - Pipeline Placement: can't place more pipeline on heavy datanode： a17b444c-dc8d-41d3-94fa-b87b918595f3 Heaviness: 6 limit: 5
2019-09-25 11:10:25,450 [RatisPipelineUtilsThread] INFO  pipeline.PipelinePlacementPolicy (PipelinePlacementPolicy.java:meetCriteria(91)) - Pipeline Placement: can't place more pipeline on heavy datanode： 9260b2c2-77d0-40af-9a4b-242b57e61325 Heaviness: 6 limit: 5
2019-09-25 11:10:25,451 [RatisPipelineUtilsThread] INFO  pipeline.PipelinePlacementPolicy (PipelinePlacementPolicy.java:meetCriteria(91)) - Pipeline Placement: can't place more pipeline on heavy datanode： 231d5a30-2990-4b37-835c-52719c996380 Heaviness: 6 limit: 5
2019-09-25 11:10:25,451 [RatisPipelineUtilsThread] INFO  pipeline.PipelinePlacementPolicy (PipelinePlacementPolicy.java:meetCriteria(91)) - Pipeline Placement: can't place more pipeline on heavy datanode： 79e2f6f7-785e-4584-a2b0-6f2cf2bd33a1 Heaviness: 6 limit: 5
2019-09-25 11:10:25,451 [RatisPipelineUtilsThread] ERROR pipeline.PipelinePlacementPolicy (PipelinePlacementPolicy.java:filterViableNodes(148)) - Unable to find enough nodes that meet the criteria that cannot engage in more than 5 pipelines. Nodes required: 1 Found: 0, healthy nodes count inNodeManager: 7.
2019-09-25 11:10:25,451 [RatisPipelineUtilsThread] ERROR pipeline.SCMPipelineManager (SCMPipelineManager.java:createPipeline(167)) - Pipeline creation failed.
org.apache.hadoop.hdds.scm.exceptions.SCMException: Unable to find enough nodes that meet the criteria that cannot engage in more than 5 pipelines. Nodes required: 1 Found: 0, healthy nodes count inNodeManager: 7.
	at org.apache.hadoop.hdds.scm.pipeline.PipelinePlacementPolicy.filterViableNodes(PipelinePlacementPolicy.java:149)
	at org.apache.hadoop.hdds.scm.pipeline.PipelinePlacementPolicy.chooseDatanodes(PipelinePlacementPolicy.java:172)
	at org.apache.hadoop.hdds.scm.pipeline.RatisPipelineProvider.create(RatisPipelineProvider.java:93)
	at org.apache.hadoop.hdds.scm.pipeline.PipelineFactory.create(PipelineFactory.java:58)
	at org.apache.hadoop.hdds.scm.pipeline.SCMPipelineManager.createPipeline(SCMPipelineManager.java:155)
	at org.apache.hadoop.hdds.scm.pipeline.BackgroundPipelineCreator.createPipelines(BackgroundPipelineCreator.java:99)
	at org.apache.hadoop.hdds.scm.pipeline.BackgroundPipelineCreator.lambda$startFixedIntervalPipelineCreator$0(BackgroundPipelineCreator.java:70)
	at java.util.concurrent.Executors$RunnableAdapter.call(Executors.java:511)
	at java.util.concurrent.FutureTask.runAndReset(FutureTask.java:308)
	at java.util.concurrent.ScheduledThreadPoolExecutor$ScheduledFutureTask.access$301(ScheduledThreadPoolExecutor.java:180)
	at java.util.concurrent.ScheduledThreadPoolExecutor$ScheduledFutureTask.run(ScheduledThreadPoolExecutor.java:294)
	at java.util.concurrent.ThreadPoolExecutor.runWorker(ThreadPoolExecutor.java:1149)
	at java.util.concurrent.ThreadPoolExecutor$Worker.run(ThreadPoolExecutor.java:624)
	at java.lang.Thread.run(Thread.java:748)
2019-09-25 11:10:25,452 [RatisPipelineUtilsThread] INFO  pipeline.PipelinePlacementPolicy (PipelinePlacementPolicy.java:meetCriteria(91)) - Pipeline Placement: can't place more pipeline on heavy datanode： 09fcc576-174a-4714-a677-8a28b3c19a40 Heaviness: 6 limit: 5
2019-09-25 11:10:25,452 [RatisPipelineUtilsThread] INFO  pipeline.PipelinePlacementPolicy (PipelinePlacementPolicy.java:meetCriteria(91)) - Pipeline Placement: can't place more pipeline on heavy datanode： 0f46229f-d487-4784-9d87-cba709966a77 Heaviness: 6 limit: 5
2019-09-25 11:10:25,452 [RatisPipelineUtilsThread] INFO  pipeline.PipelinePlacementPolicy (PipelinePlacementPolicy.java:meetCriteria(91)) - Pipeline Placement: can't place more pipeline on heavy datanode： 0089544c-4670-45f6-b8b0-eabe3503e213 Heaviness: 6 limit: 5
2019-09-25 11:10:25,452 [RatisPipelineUtilsThread] INFO  pipeline.PipelinePlacementPolicy (PipelinePlacementPolicy.java:meetCriteria(91)) - Pipeline Placement: can't place more pipeline on heavy datanode： a17b444c-dc8d-41d3-94fa-b87b918595f3 Heaviness: 6 limit: 5
2019-09-25 11:10:25,452 [RatisPipelineUtilsThread] INFO  pipeline.PipelinePlacementPolicy (PipelinePlacementPolicy.java:meetCriteria(91)) - Pipeline Placement: can't place more pipeline on heavy datanode： 9260b2c2-77d0-40af-9a4b-242b57e61325 Heaviness: 6 limit: 5
2019-09-25 11:10:25,452 [RatisPipelineUtilsThread] INFO  pipeline.PipelinePlacementPolicy (PipelinePlacementPolicy.java:meetCriteria(91)) - Pipeline Placement: can't place more pipeline on heavy datanode： 231d5a30-2990-4b37-835c-52719c996380 Heaviness: 6 limit: 5
2019-09-25 11:10:25,453 [RatisPipelineUtilsThread] INFO  pipeline.PipelinePlacementPolicy (PipelinePlacementPolicy.java:meetCriteria(91)) - Pipeline Placement: can't place more pipeline on heavy datanode： 79e2f6f7-785e-4584-a2b0-6f2cf2bd33a1 Heaviness: 6 limit: 5
2019-09-25 11:10:25,453 [RatisPipelineUtilsThread] ERROR pipeline.PipelinePlacementPolicy (PipelinePlacementPolicy.java:filterViableNodes(148)) - Unable to find enough nodes that meet the criteria that cannot engage in more than 5 pipelines. Nodes required: 3 Found: 0, healthy nodes count inNodeManager: 7.
2019-09-25 11:10:25,453 [RatisPipelineUtilsThread] ERROR pipeline.SCMPipelineManager (SCMPipelineManager.java:createPipeline(167)) - Pipeline creation failed.
org.apache.hadoop.hdds.scm.exceptions.SCMException: Unable to find enough nodes that meet the criteria that cannot engage in more than 5 pipelines. Nodes required: 3 Found: 0, healthy nodes count inNodeManager: 7.
	at org.apache.hadoop.hdds.scm.pipeline.PipelinePlacementPolicy.filterViableNodes(PipelinePlacementPolicy.java:149)
	at org.apache.hadoop.hdds.scm.pipeline.PipelinePlacementPolicy.chooseDatanodes(PipelinePlacementPolicy.java:172)
	at org.apache.hadoop.hdds.scm.pipeline.RatisPipelineProvider.create(RatisPipelineProvider.java:93)
	at org.apache.hadoop.hdds.scm.pipeline.PipelineFactory.create(PipelineFactory.java:58)
	at org.apache.hadoop.hdds.scm.pipeline.SCMPipelineManager.createPipeline(SCMPipelineManager.java:155)
	at org.apache.hadoop.hdds.scm.pipeline.BackgroundPipelineCreator.createPipelines(BackgroundPipelineCreator.java:99)
	at org.apache.hadoop.hdds.scm.pipeline.BackgroundPipelineCreator.lambda$startFixedIntervalPipelineCreator$0(BackgroundPipelineCreator.java:70)
	at java.util.concurrent.Executors$RunnableAdapter.call(Executors.java:511)
	at java.util.concurrent.FutureTask.runAndReset(FutureTask.java:308)
	at java.util.concurrent.ScheduledThreadPoolExecutor$ScheduledFutureTask.access$301(ScheduledThreadPoolExecutor.java:180)
	at java.util.concurrent.ScheduledThreadPoolExecutor$ScheduledFutureTask.run(ScheduledThreadPoolExecutor.java:294)
	at java.util.concurrent.ThreadPoolExecutor.runWorker(ThreadPoolExecutor.java:1149)
	at java.util.concurrent.ThreadPoolExecutor$Worker.run(ThreadPoolExecutor.java:624)
	at java.lang.Thread.run(Thread.java:748)
2019-09-25 11:10:25,453 [IPC Server handler 1 on 40552] INFO  pipeline.PipelinePlacementPolicy (PipelinePlacementPolicy.java:meetCriteria(91)) - Pipeline Placement: can't place more pipeline on heavy datanode： 09fcc576-174a-4714-a677-8a28b3c19a40 Heaviness: 6 limit: 5
2019-09-25 11:10:25,454 [IPC Server handler 1 on 40552] INFO  pipeline.PipelinePlacementPolicy (PipelinePlacementPolicy.java:meetCriteria(91)) - Pipeline Placement: can't place more pipeline on heavy datanode： 0f46229f-d487-4784-9d87-cba709966a77 Heaviness: 6 limit: 5
2019-09-25 11:10:25,454 [IPC Server handler 1 on 40552] INFO  pipeline.PipelinePlacementPolicy (PipelinePlacementPolicy.java:meetCriteria(91)) - Pipeline Placement: can't place more pipeline on heavy datanode： 0089544c-4670-45f6-b8b0-eabe3503e213 Heaviness: 6 limit: 5
2019-09-25 11:10:25,454 [IPC Server handler 1 on 40552] INFO  pipeline.PipelinePlacementPolicy (PipelinePlacementPolicy.java:meetCriteria(91)) - Pipeline Placement: can't place more pipeline on heavy datanode： a17b444c-dc8d-41d3-94fa-b87b918595f3 Heaviness: 6 limit: 5
2019-09-25 11:10:25,454 [IPC Server handler 1 on 40552] INFO  pipeline.PipelinePlacementPolicy (PipelinePlacementPolicy.java:meetCriteria(91)) - Pipeline Placement: can't place more pipeline on heavy datanode： 9260b2c2-77d0-40af-9a4b-242b57e61325 Heaviness: 6 limit: 5
2019-09-25 11:10:25,454 [IPC Server handler 1 on 40552] INFO  pipeline.PipelinePlacementPolicy (PipelinePlacementPolicy.java:meetCriteria(91)) - Pipeline Placement: can't place more pipeline on heavy datanode： 231d5a30-2990-4b37-835c-52719c996380 Heaviness: 6 limit: 5
2019-09-25 11:10:25,455 [IPC Server handler 1 on 40552] INFO  pipeline.PipelinePlacementPolicy (PipelinePlacementPolicy.java:meetCriteria(91)) - Pipeline Placement: can't place more pipeline on heavy datanode： 79e2f6f7-785e-4584-a2b0-6f2cf2bd33a1 Heaviness: 6 limit: 5
2019-09-25 11:10:25,455 [IPC Server handler 1 on 40552] ERROR pipeline.PipelinePlacementPolicy (PipelinePlacementPolicy.java:filterViableNodes(148)) - Unable to find enough nodes that meet the criteria that cannot engage in more than 5 pipelines. Nodes required: 3 Found: 0, healthy nodes count inNodeManager: 7.
2019-09-25 11:10:25,455 [IPC Server handler 1 on 40552] ERROR pipeline.SCMPipelineManager (SCMPipelineManager.java:createPipeline(167)) - Pipeline creation failed.
org.apache.hadoop.hdds.scm.exceptions.SCMException: Unable to find enough nodes that meet the criteria that cannot engage in more than 5 pipelines. Nodes required: 3 Found: 0, healthy nodes count inNodeManager: 7.
	at org.apache.hadoop.hdds.scm.pipeline.PipelinePlacementPolicy.filterViableNodes(PipelinePlacementPolicy.java:149)
	at org.apache.hadoop.hdds.scm.pipeline.PipelinePlacementPolicy.chooseDatanodes(PipelinePlacementPolicy.java:172)
	at org.apache.hadoop.hdds.scm.pipeline.RatisPipelineProvider.create(RatisPipelineProvider.java:93)
	at org.apache.hadoop.hdds.scm.pipeline.PipelineFactory.create(PipelineFactory.java:58)
	at org.apache.hadoop.hdds.scm.pipeline.SCMPipelineManager.createPipeline(SCMPipelineManager.java:155)
	at org.apache.hadoop.hdds.scm.block.BlockManagerImpl.allocateBlock(BlockManagerImpl.java:190)
	at org.apache.hadoop.hdds.scm.server.SCMBlockProtocolServer.allocateBlock(SCMBlockProtocolServer.java:182)
	at org.apache.hadoop.ozone.protocolPB.ScmBlockLocationProtocolServerSideTranslatorPB.allocateScmBlock(ScmBlockLocationProtocolServerSideTranslatorPB.java:183)
	at org.apache.hadoop.ozone.protocolPB.ScmBlockLocationProtocolServerSideTranslatorPB.processMessage(ScmBlockLocationProtocolServerSideTranslatorPB.java:141)
	at org.apache.hadoop.ozone.protocolPB.ScmBlockLocationProtocolServerSideTranslatorPB.send(ScmBlockLocationProtocolServerSideTranslatorPB.java:116)
	at org.apache.hadoop.hdds.protocol.proto.ScmBlockLocationProtocolProtos$ScmBlockLocationProtocolService$2.callBlockingMethod(ScmBlockLocationProtocolProtos.java:13157)
	at org.apache.hadoop.ipc.ProtobufRpcEngine$Server$ProtoBufRpcInvoker.call(ProtobufRpcEngine.java:524)
	at org.apache.hadoop.ipc.RPC$Server.call(RPC.java:1025)
	at org.apache.hadoop.ipc.Server$RpcCall.run(Server.java:876)
	at org.apache.hadoop.ipc.Server$RpcCall.run(Server.java:822)
	at java.security.AccessController.doPrivileged(Native Method)
	at javax.security.auth.Subject.doAs(Subject.java:422)
	at org.apache.hadoop.security.UserGroupInformation.doAs(UserGroupInformation.java:1730)
	at org.apache.hadoop.ipc.Server$Handler.run(Server.java:2682)
2019-09-25 11:10:25,455 [IPC Server handler 1 on 40552] WARN  block.BlockManagerImpl (BlockManagerImpl.java:allocateBlock(192)) - Pipeline creation failed for type:RATIS factor:THREE. Retrying get pipelines call once.
org.apache.hadoop.hdds.scm.exceptions.SCMException: Unable to find enough nodes that meet the criteria that cannot engage in more than 5 pipelines. Nodes required: 3 Found: 0, healthy nodes count inNodeManager: 7.
	at org.apache.hadoop.hdds.scm.pipeline.PipelinePlacementPolicy.filterViableNodes(PipelinePlacementPolicy.java:149)
	at org.apache.hadoop.hdds.scm.pipeline.PipelinePlacementPolicy.chooseDatanodes(PipelinePlacementPolicy.java:172)
	at org.apache.hadoop.hdds.scm.pipeline.RatisPipelineProvider.create(RatisPipelineProvider.java:93)
	at org.apache.hadoop.hdds.scm.pipeline.PipelineFactory.create(PipelineFactory.java:58)
	at org.apache.hadoop.hdds.scm.pipeline.SCMPipelineManager.createPipeline(SCMPipelineManager.java:155)
	at org.apache.hadoop.hdds.scm.block.BlockManagerImpl.allocateBlock(BlockManagerImpl.java:190)
	at org.apache.hadoop.hdds.scm.server.SCMBlockProtocolServer.allocateBlock(SCMBlockProtocolServer.java:182)
	at org.apache.hadoop.ozone.protocolPB.ScmBlockLocationProtocolServerSideTranslatorPB.allocateScmBlock(ScmBlockLocationProtocolServerSideTranslatorPB.java:183)
	at org.apache.hadoop.ozone.protocolPB.ScmBlockLocationProtocolServerSideTranslatorPB.processMessage(ScmBlockLocationProtocolServerSideTranslatorPB.java:141)
	at org.apache.hadoop.ozone.protocolPB.ScmBlockLocationProtocolServerSideTranslatorPB.send(ScmBlockLocationProtocolServerSideTranslatorPB.java:116)
	at org.apache.hadoop.hdds.protocol.proto.ScmBlockLocationProtocolProtos$ScmBlockLocationProtocolService$2.callBlockingMethod(ScmBlockLocationProtocolProtos.java:13157)
	at org.apache.hadoop.ipc.ProtobufRpcEngine$Server$ProtoBufRpcInvoker.call(ProtobufRpcEngine.java:524)
	at org.apache.hadoop.ipc.RPC$Server.call(RPC.java:1025)
	at org.apache.hadoop.ipc.Server$RpcCall.run(Server.java:876)
	at org.apache.hadoop.ipc.Server$RpcCall.run(Server.java:822)
	at java.security.AccessController.doPrivileged(Native Method)
	at javax.security.auth.Subject.doAs(Subject.java:422)
	at org.apache.hadoop.security.UserGroupInformation.doAs(UserGroupInformation.java:1730)
	at org.apache.hadoop.ipc.Server$Handler.run(Server.java:2682)
2019-09-25 11:10:25,456 [IPC Server handler 1 on 40552] INFO  block.BlockManagerImpl (BlockManagerImpl.java:allocateBlock(198)) - Could not find available pipeline of type:RATIS and factor:THREE even after retrying
2019-09-25 11:10:25,456 [IPC Server handler 1 on 40552] ERROR block.BlockManagerImpl (BlockManagerImpl.java:allocateBlock(222)) - Unable to allocate a block for the size: 800, type: RATIS, factor: THREE
2019-09-25 11:10:25,464 [main] INFO  ozone.MiniOzoneClusterImpl (MiniOzoneClusterImpl.java:shutdown(314)) - Shutting down the Mini Ozone Cluster
2019-09-25 11:10:25,464 [main] INFO  ozone.MiniOzoneClusterImpl (MiniOzoneClusterImpl.java:stop(330)) - Stopping the Mini Ozone Cluster
2019-09-25 11:10:25,464 [main] INFO  ozone.MiniOzoneClusterImpl (MiniOzoneClusterImpl.java:stopOM(400)) - Stopping the OzoneManager
2019-09-25 11:10:25,464 [main] INFO  ipc.Server (Server.java:stop(3082)) - Stopping server on 40197
2019-09-25 11:10:25,477 [IPC Server listener on 40197] INFO  ipc.Server (Server.java:run(1185)) - Stopping IPC Server listener on 40197
2019-09-25 11:10:25,482 [main] INFO  ratis.OzoneManagerDoubleBuffer (OzoneManagerDoubleBuffer.java:stop(248)) - Stopping OMDoubleBuffer flush thread
2019-09-25 11:10:25,486 [IPC Server Responder] INFO  ipc.Server (Server.java:run(1319)) - Stopping IPC Server Responder
2019-09-25 11:10:25,515 [OMDoubleBufferFlushThread] INFO  ratis.OzoneManagerDoubleBuffer (OzoneManagerDoubleBuffer.java:flushTransactions(191)) - OMDoubleBuffer flush thread OMDoubleBufferFlushThread is interrupted and will exit. OMDoubleBufferFlushThread
2019-09-25 11:10:25,515 [main] INFO  utils.BackgroundService (BackgroundService.java:shutdown(148)) - Shutting down service KeyDeletingService
2019-09-25 11:10:25,516 [main] INFO  handler.ContextHandler (ContextHandler.java:doStop(910)) - Stopped o.e.j.w.WebAppContext@6fced25c{/,null,UNAVAILABLE}{/ozoneManager}
2019-09-25 11:10:25,520 [main] INFO  server.AbstractConnector (AbstractConnector.java:doStop(318)) - Stopped ServerConnector@3cf4dec7{HTTP/1.1,[http/1.1]}{0.0.0.0:0}
2019-09-25 11:10:25,520 [main] INFO  handler.ContextHandler (ContextHandler.java:doStop(910)) - Stopped o.e.j.s.ServletContextHandler@45c90a05{/static,file:///workdir/hadoop-ozone/integration-test/target/test-classes/webapps/static,UNAVAILABLE}
2019-09-25 11:10:25,521 [main] INFO  handler.ContextHandler (ContextHandler.java:doStop(910)) - Stopped o.e.j.s.ServletContextHandler@6248cfab{/logs,file:///workdir/hadoop-ozone/integration-test/target/log,UNAVAILABLE}
2019-09-25 11:10:25,523 [main] INFO  ozone.MiniOzoneClusterImpl (MiniOzoneClusterImpl.java:stopDatanodes(377)) - Stopping the HddsDatanodes
2019-09-25 11:10:25,527 [Datanode State Machine Thread - 0] INFO  statemachine.DatanodeStateMachine (DatanodeStateMachine.java:lambda$startDaemon$0(350)) - Ozone container server started.
2019-09-25 11:10:25,753 [Datanode State Machine Thread - 0] INFO  statemachine.DatanodeStateMachine (DatanodeStateMachine.java:lambda$startDaemon$0(350)) - Ozone container server started.
2019-09-25 11:10:26,472 [Thread-3962] INFO  container.ReplicationManager (ReplicationManager.java:start(163)) - Starting Replication Monitor Thread.
2019-09-25 11:10:26,479 [ReplicationMonitor] INFO  container.ReplicationManager (ReplicationManager.java:run(226)) - Replication Monitor Thread took 0 milliseconds for processing 0 containers.
2019-09-25 11:10:28,593 [EventQueue-StaleNodeForStaleNodeHandler] INFO  node.StaleNodeHandler (StaleNodeHandler.java:onMessage(58)) - Datanode 9260b2c2-77d0-40af-9a4b-242b57e61325{ip: 192.168.30.6, host: pr-hdds-1569-5gmkr-4255264070, networkLocation: /default-rack, certSerialId: null} moved to stale state. Finalizing its pipelines [PipelineID=ab65eff2-ea26-46a8-8ce3-744811572984, PipelineID=023a5273-f26b-4187-8339-6f3ef71cbc4f, PipelineID=508e7b05-cafe-448c-857d-e31c878e0e74, PipelineID=e5eab6ee-4622-4119-a9e0-01a106bc48a6, PipelineID=f3719c35-3e37-4b02-878d-07af23c52553, PipelineID=89fba128-3f96-4b6b-b0df-dfa99e1c1e72]
2019-09-25 11:10:28,593 [EventQueue-StaleNodeForStaleNodeHandler] INFO  pipeline.SCMPipelineManager (SCMPipelineManager.java:finalizeAndDestroyPipeline(316)) - destroying pipeline:Pipeline[ Id: ab65eff2-ea26-46a8-8ce3-744811572984, Nodes: 9260b2c2-77d0-40af-9a4b-242b57e61325{ip: 192.168.30.6, host: pr-hdds-1569-5gmkr-4255264070, networkLocation: /default-rack, certSerialId: null}, Type:RATIS, Factor:ONE, State:OPEN]
2019-09-25 11:10:28,593 [EventQueue-StaleNodeForStaleNodeHandler] INFO  pipeline.PipelineStateManager (PipelineStateManager.java:finalizePipeline(123)) - Pipeline Pipeline[ Id: ab65eff2-ea26-46a8-8ce3-744811572984, Nodes: 9260b2c2-77d0-40af-9a4b-242b57e61325{ip: 192.168.30.6, host: pr-hdds-1569-5gmkr-4255264070, networkLocation: /default-rack, certSerialId: null}, Type:RATIS, Factor:ONE, State:CLOSED] moved to CLOSED state
2019-09-25 11:10:28,594 [EventQueue-StaleNodeForStaleNodeHandler] INFO  pipeline.SCMPipelineManager (SCMPipelineManager.java:finalizeAndDestroyPipeline(316)) - destroying pipeline:Pipeline[ Id: 023a5273-f26b-4187-8339-6f3ef71cbc4f, Nodes: 9260b2c2-77d0-40af-9a4b-242b57e61325{ip: 192.168.30.6, host: pr-hdds-1569-5gmkr-4255264070, networkLocation: /default-rack, certSerialId: null}, Type:RATIS, Factor:ONE, State:OPEN]
2019-09-25 11:10:28,594 [EventQueue-StaleNodeForStaleNodeHandler] INFO  pipeline.PipelineStateManager (PipelineStateManager.java:finalizePipeline(123)) - Pipeline Pipeline[ Id: 023a5273-f26b-4187-8339-6f3ef71cbc4f, Nodes: 9260b2c2-77d0-40af-9a4b-242b57e61325{ip: 192.168.30.6, host: pr-hdds-1569-5gmkr-4255264070, networkLocation: /default-rack, certSerialId: null}, Type:RATIS, Factor:ONE, State:CLOSED] moved to CLOSED state
2019-09-25 11:10:28,594 [EventQueue-StaleNodeForStaleNodeHandler] INFO  pipeline.SCMPipelineManager (SCMPipelineManager.java:finalizeAndDestroyPipeline(316)) - destroying pipeline:Pipeline[ Id: 508e7b05-cafe-448c-857d-e31c878e0e74, Nodes: 9260b2c2-77d0-40af-9a4b-242b57e61325{ip: 192.168.30.6, host: pr-hdds-1569-5gmkr-4255264070, networkLocation: /default-rack, certSerialId: null}, Type:RATIS, Factor:ONE, State:OPEN]
2019-09-25 11:10:28,594 [EventQueue-StaleNodeForStaleNodeHandler] INFO  pipeline.PipelineStateManager (PipelineStateManager.java:finalizePipeline(123)) - Pipeline Pipeline[ Id: 508e7b05-cafe-448c-857d-e31c878e0e74, Nodes: 9260b2c2-77d0-40af-9a4b-242b57e61325{ip: 192.168.30.6, host: pr-hdds-1569-5gmkr-4255264070, networkLocation: /default-rack, certSerialId: null}, Type:RATIS, Factor:ONE, State:CLOSED] moved to CLOSED state
2019-09-25 11:10:28,594 [EventQueue-StaleNodeForStaleNodeHandler] INFO  pipeline.SCMPipelineManager (SCMPipelineManager.java:finalizeAndDestroyPipeline(316)) - destroying pipeline:Pipeline[ Id: e5eab6ee-4622-4119-a9e0-01a106bc48a6, Nodes: 9260b2c2-77d0-40af-9a4b-242b57e61325{ip: 192.168.30.6, host: pr-hdds-1569-5gmkr-4255264070, networkLocation: /default-rack, certSerialId: null}, Type:RATIS, Factor:ONE, State:OPEN]
2019-09-25 11:10:28,594 [EventQueue-StaleNodeForStaleNodeHandler] INFO  pipeline.PipelineStateManager (PipelineStateManager.java:finalizePipeline(123)) - Pipeline Pipeline[ Id: e5eab6ee-4622-4119-a9e0-01a106bc48a6, Nodes: 9260b2c2-77d0-40af-9a4b-242b57e61325{ip: 192.168.30.6, host: pr-hdds-1569-5gmkr-4255264070, networkLocation: /default-rack, certSerialId: null}, Type:RATIS, Factor:ONE, State:CLOSED] moved to CLOSED state
2019-09-25 11:10:28,594 [EventQueue-StaleNodeForStaleNodeHandler] INFO  pipeline.SCMPipelineManager (SCMPipelineManager.java:finalizeAndDestroyPipeline(316)) - destroying pipeline:Pipeline[ Id: f3719c35-3e37-4b02-878d-07af23c52553, Nodes: 9260b2c2-77d0-40af-9a4b-242b57e61325{ip: 192.168.30.6, host: pr-hdds-1569-5gmkr-4255264070, networkLocation: /default-rack, certSerialId: null}, Type:RATIS, Factor:ONE, State:OPEN]
2019-09-25 11:10:28,594 [EventQueue-StaleNodeForStaleNodeHandler] INFO  pipeline.PipelineStateManager (PipelineStateManager.java:finalizePipeline(123)) - Pipeline Pipeline[ Id: f3719c35-3e37-4b02-878d-07af23c52553, Nodes: 9260b2c2-77d0-40af-9a4b-242b57e61325{ip: 192.168.30.6, host: pr-hdds-1569-5gmkr-4255264070, networkLocation: /default-rack, certSerialId: null}, Type:RATIS, Factor:ONE, State:CLOSED] moved to CLOSED state
2019-09-25 11:10:28,594 [EventQueue-StaleNodeForStaleNodeHandler] INFO  pipeline.SCMPipelineManager (SCMPipelineManager.java:finalizeAndDestroyPipeline(316)) - destroying pipeline:Pipeline[ Id: 89fba128-3f96-4b6b-b0df-dfa99e1c1e72, Nodes: 9260b2c2-77d0-40af-9a4b-242b57e61325{ip: 192.168.30.6, host: pr-hdds-1569-5gmkr-4255264070, networkLocation: /default-rack, certSerialId: null}, Type:RATIS, Factor:ONE, State:OPEN]
2019-09-25 11:10:28,595 [EventQueue-StaleNodeForStaleNodeHandler] INFO  pipeline.PipelineStateManager (PipelineStateManager.java:finalizePipeline(123)) - Pipeline Pipeline[ Id: 89fba128-3f96-4b6b-b0df-dfa99e1c1e72, Nodes: 9260b2c2-77d0-40af-9a4b-242b57e61325{ip: 192.168.30.6, host: pr-hdds-1569-5gmkr-4255264070, networkLocation: /default-rack, certSerialId: null}, Type:RATIS, Factor:ONE, State:CLOSED] moved to CLOSED state
2019-09-25 11:10:28,756 [Thread-3964] INFO  impl.FollowerState (FollowerState.java:run(106)) - a17b444c-dc8d-41d3-94fa-b87b918595f3:group-91520087F94F changes to CANDIDATE, lastRpcTime:5133, electionTimeout:5133ms
2019-09-25 11:10:28,761 [Thread-3964] INFO  impl.RoleInfo (RoleInfo.java:shutdownFollowerState(121)) - a17b444c-dc8d-41d3-94fa-b87b918595f3: shutdown FollowerState
2019-09-25 11:10:28,761 [Thread-3964] INFO  impl.RaftServerImpl (RaftServerImpl.java:setRole(174)) - a17b444c-dc8d-41d3-94fa-b87b918595f3@group-91520087F94F: changes role from  FOLLOWER to CANDIDATE at term 0 for changeToCandidate
2019-09-25 11:10:28,761 [Thread-3964] INFO  impl.RoleInfo (RoleInfo.java:updateAndGet(143)) - a17b444c-dc8d-41d3-94fa-b87b918595f3: start LeaderElection
2019-09-25 11:10:28,780 [a17b444c-dc8d-41d3-94fa-b87b918595f3@group-91520087F94F:LeaderElection300] INFO  impl.LeaderElection (LeaderElection.java:askForVotes(182)) - a17b444c-dc8d-41d3-94fa-b87b918595f3@group-91520087F94F:LeaderElection300: begin an election at term 1 for -1: [a17b444c-dc8d-41d3-94fa-b87b918595f3:192.168.30.6:45831], old=null
2019-09-25 11:10:28,780 [a17b444c-dc8d-41d3-94fa-b87b918595f3@group-91520087F94F:LeaderElection300] INFO  impl.RoleInfo (RoleInfo.java:shutdownLeaderElection(134)) - a17b444c-dc8d-41d3-94fa-b87b918595f3: shutdown LeaderElection
2019-09-25 11:10:28,780 [a17b444c-dc8d-41d3-94fa-b87b918595f3@group-91520087F94F:LeaderElection300] INFO  impl.RaftServerImpl (RaftServerImpl.java:setRole(174)) - a17b444c-dc8d-41d3-94fa-b87b918595f3@group-91520087F94F: changes role from CANDIDATE to LEADER at term 1 for changeToLeader
2019-09-25 11:10:28,780 [a17b444c-dc8d-41d3-94fa-b87b918595f3@group-91520087F94F:LeaderElection300] INFO  impl.RaftServerImpl (ServerState.java:setLeader(253)) - a17b444c-dc8d-41d3-94fa-b87b918595f3@group-91520087F94F: change Leader from null to a17b444c-dc8d-41d3-94fa-b87b918595f3 at term 1 for becomeLeader, leader elected after 5164ms
2019-09-25 11:10:28,780 [a17b444c-dc8d-41d3-94fa-b87b918595f3@group-91520087F94F:LeaderElection300] INFO  server.RaftServerConfigKeys (ConfUtils.java:logGet(43)) - raft.server.staging.catchup.gap = 1000 (default)
2019-09-25 11:10:28,781 [a17b444c-dc8d-41d3-94fa-b87b918595f3@group-91520087F94F:LeaderElection300] INFO  server.RaftServerConfigKeys (ConfUtils.java:logGet(43)) - raft.server.rpc.sleep.time = 25ms (default)
2019-09-25 11:10:28,781 [a17b444c-dc8d-41d3-94fa-b87b918595f3@group-91520087F94F:LeaderElection300] INFO  server.RaftServerConfigKeys (ConfUtils.java:logGet(43)) - raft.server.write.element-limit = 4096 (default)
2019-09-25 11:10:28,781 [a17b444c-dc8d-41d3-94fa-b87b918595f3@group-91520087F94F:LeaderElection300] INFO  server.RaftServerConfigKeys (ConfUtils.java:logGet(43)) - raft.server.watch.timeout = 10s (default)
2019-09-25 11:10:28,781 [a17b444c-dc8d-41d3-94fa-b87b918595f3@group-91520087F94F:LeaderElection300] INFO  server.RaftServerConfigKeys (ConfUtils.java:logGet(43)) - raft.server.watch.timeout.denomination = 1s (default)
2019-09-25 11:10:28,781 [a17b444c-dc8d-41d3-94fa-b87b918595f3@group-91520087F94F:LeaderElection300] INFO  server.RaftServerConfigKeys (ConfUtils.java:logGet(43)) - raft.server.watch.element-limit = 65536 (default)
2019-09-25 11:10:28,783 [a17b444c-dc8d-41d3-94fa-b87b918595f3@group-91520087F94F:LeaderElection300] INFO  impl.RoleInfo (RoleInfo.java:updateAndGet(143)) - a17b444c-dc8d-41d3-94fa-b87b918595f3: start LeaderState
2019-09-25 11:10:28,783 [a17b444c-dc8d-41d3-94fa-b87b918595f3@group-91520087F94F:LeaderElection300] INFO  segmented.SegmentedRaftLogWorker (SegmentedRaftLogWorker.java:startLogSegment(380)) - a17b444c-dc8d-41d3-94fa-b87b918595f3@group-91520087F94F-SegmentedRaftLogWorker: Starting segment from index:0
2019-09-25 11:10:28,784 [a17b444c-dc8d-41d3-94fa-b87b918595f3@group-91520087F94F:LeaderElection300] INFO  impl.RaftServerImpl (ServerState.java:setRaftConf(354)) - a17b444c-dc8d-41d3-94fa-b87b918595f3@group-91520087F94F: set configuration 0: [a17b444c-dc8d-41d3-94fa-b87b918595f3:192.168.30.6:45831], old=null at 0
2019-09-25 11:10:28,793 [EventQueue-StaleNodeForStaleNodeHandler] INFO  node.StaleNodeHandler (StaleNodeHandler.java:onMessage(58)) - Datanode 231d5a30-2990-4b37-835c-52719c996380{ip: 192.168.30.6, host: pr-hdds-1569-5gmkr-4255264070, networkLocation: /default-rack, certSerialId: null} moved to stale state. Finalizing its pipelines [PipelineID=eb2f5db4-3b69-486e-9ee1-0c70e7bb2107, PipelineID=75d2cfbd-e2af-43b2-8e3c-fa083f1e7b11, PipelineID=c71edf07-8b46-410d-9e08-51cc8ef7cddb, PipelineID=b164a531-db45-4b11-b830-9751fa5e2c02, PipelineID=aaa71369-9d2a-4f91-8461-cb2d659db079, PipelineID=78659a7c-0ff1-4548-9319-260535b89d6a]
2019-09-25 11:10:28,793 [EventQueue-StaleNodeForStaleNodeHandler] INFO  pipeline.SCMPipelineManager (SCMPipelineManager.java:finalizeAndDestroyPipeline(316)) - destroying pipeline:Pipeline[ Id: eb2f5db4-3b69-486e-9ee1-0c70e7bb2107, Nodes: 231d5a30-2990-4b37-835c-52719c996380{ip: 192.168.30.6, host: pr-hdds-1569-5gmkr-4255264070, networkLocation: /default-rack, certSerialId: null}, Type:RATIS, Factor:ONE, State:OPEN]
2019-09-25 11:10:28,794 [EventQueue-StaleNodeForStaleNodeHandler] INFO  pipeline.PipelineStateManager (PipelineStateManager.java:finalizePipeline(123)) - Pipeline Pipeline[ Id: eb2f5db4-3b69-486e-9ee1-0c70e7bb2107, Nodes: 231d5a30-2990-4b37-835c-52719c996380{ip: 192.168.30.6, host: pr-hdds-1569-5gmkr-4255264070, networkLocation: /default-rack, certSerialId: null}, Type:RATIS, Factor:ONE, State:CLOSED] moved to CLOSED state
2019-09-25 11:10:28,794 [EventQueue-StaleNodeForStaleNodeHandler] INFO  pipeline.SCMPipelineManager (SCMPipelineManager.java:finalizeAndDestroyPipeline(316)) - destroying pipeline:Pipeline[ Id: 75d2cfbd-e2af-43b2-8e3c-fa083f1e7b11, Nodes: 231d5a30-2990-4b37-835c-52719c996380{ip: 192.168.30.6, host: pr-hdds-1569-5gmkr-4255264070, networkLocation: /default-rack, certSerialId: null}, Type:RATIS, Factor:ONE, State:OPEN]
2019-09-25 11:10:28,794 [EventQueue-StaleNodeForStaleNodeHandler] INFO  pipeline.PipelineStateManager (PipelineStateManager.java:finalizePipeline(123)) - Pipeline Pipeline[ Id: 75d2cfbd-e2af-43b2-8e3c-fa083f1e7b11, Nodes: 231d5a30-2990-4b37-835c-52719c996380{ip: 192.168.30.6, host: pr-hdds-1569-5gmkr-4255264070, networkLocation: /default-rack, certSerialId: null}, Type:RATIS, Factor:ONE, State:CLOSED] moved to CLOSED state
2019-09-25 11:10:28,794 [EventQueue-StaleNodeForStaleNodeHandler] INFO  pipeline.SCMPipelineManager (SCMPipelineManager.java:finalizeAndDestroyPipeline(316)) - destroying pipeline:Pipeline[ Id: c71edf07-8b46-410d-9e08-51cc8ef7cddb, Nodes: 231d5a30-2990-4b37-835c-52719c996380{ip: 192.168.30.6, host: pr-hdds-1569-5gmkr-4255264070, networkLocation: /default-rack, certSerialId: null}, Type:RATIS, Factor:ONE, State:OPEN]
2019-09-25 11:10:28,794 [EventQueue-StaleNodeForStaleNodeHandler] INFO  pipeline.PipelineStateManager (PipelineStateManager.java:finalizePipeline(123)) - Pipeline Pipeline[ Id: c71edf07-8b46-410d-9e08-51cc8ef7cddb, Nodes: 231d5a30-2990-4b37-835c-52719c996380{ip: 192.168.30.6, host: pr-hdds-1569-5gmkr-4255264070, networkLocation: /default-rack, certSerialId: null}, Type:RATIS, Factor:ONE, State:CLOSED] moved to CLOSED state
2019-09-25 11:10:28,795 [EventQueue-StaleNodeForStaleNodeHandler] INFO  pipeline.SCMPipelineManager (SCMPipelineManager.java:finalizeAndDestroyPipeline(316)) - destroying pipeline:Pipeline[ Id: b164a531-db45-4b11-b830-9751fa5e2c02, Nodes: 231d5a30-2990-4b37-835c-52719c996380{ip: 192.168.30.6, host: pr-hdds-1569-5gmkr-4255264070, networkLocation: /default-rack, certSerialId: null}, Type:RATIS, Factor:ONE, State:OPEN]
2019-09-25 11:10:28,795 [EventQueue-StaleNodeForStaleNodeHandler] INFO  pipeline.PipelineStateManager (PipelineStateManager.java:finalizePipeline(123)) - Pipeline Pipeline[ Id: b164a531-db45-4b11-b830-9751fa5e2c02, Nodes: 231d5a30-2990-4b37-835c-52719c996380{ip: 192.168.30.6, host: pr-hdds-1569-5gmkr-4255264070, networkLocation: /default-rack, certSerialId: null}, Type:RATIS, Factor:ONE, State:CLOSED] moved to CLOSED state
2019-09-25 11:10:28,795 [EventQueue-StaleNodeForStaleNodeHandler] INFO  pipeline.SCMPipelineManager (SCMPipelineManager.java:finalizeAndDestroyPipeline(316)) - destroying pipeline:Pipeline[ Id: aaa71369-9d2a-4f91-8461-cb2d659db079, Nodes: 231d5a30-2990-4b37-835c-52719c996380{ip: 192.168.30.6, host: pr-hdds-1569-5gmkr-4255264070, networkLocation: /default-rack, certSerialId: null}, Type:RATIS, Factor:ONE, State:OPEN]
2019-09-25 11:10:28,795 [EventQueue-StaleNodeForStaleNodeHandler] INFO  pipeline.PipelineStateManager (PipelineStateManager.java:finalizePipeline(123)) - Pipeline Pipeline[ Id: aaa71369-9d2a-4f91-8461-cb2d659db079, Nodes: 231d5a30-2990-4b37-835c-52719c996380{ip: 192.168.30.6, host: pr-hdds-1569-5gmkr-4255264070, networkLocation: /default-rack, certSerialId: null}, Type:RATIS, Factor:ONE, State:CLOSED] moved to CLOSED state
2019-09-25 11:10:28,795 [EventQueue-StaleNodeForStaleNodeHandler] INFO  pipeline.SCMPipelineManager (SCMPipelineManager.java:finalizeAndDestroyPipeline(316)) - destroying pipeline:Pipeline[ Id: 78659a7c-0ff1-4548-9319-260535b89d6a, Nodes: 231d5a30-2990-4b37-835c-52719c996380{ip: 192.168.30.6, host: pr-hdds-1569-5gmkr-4255264070, networkLocation: /default-rack, certSerialId: null}, Type:RATIS, Factor:ONE, State:OPEN]
2019-09-25 11:10:28,795 [EventQueue-StaleNodeForStaleNodeHandler] INFO  pipeline.PipelineStateManager (PipelineStateManager.java:finalizePipeline(123)) - Pipeline Pipeline[ Id: 78659a7c-0ff1-4548-9319-260535b89d6a, Nodes: 231d5a30-2990-4b37-835c-52719c996380{ip: 192.168.30.6, host: pr-hdds-1569-5gmkr-4255264070, networkLocation: /default-rack, certSerialId: null}, Type:RATIS, Factor:ONE, State:CLOSED] moved to CLOSED state
2019-09-25 11:10:28,812 [Thread-3976] INFO  impl.FollowerState (FollowerState.java:run(106)) - 9260b2c2-77d0-40af-9a4b-242b57e61325:group-744811572984 changes to CANDIDATE, lastRpcTime:5000, electionTimeout:5000ms
2019-09-25 11:10:28,816 [Thread-3976] INFO  impl.RoleInfo (RoleInfo.java:shutdownFollowerState(121)) - 9260b2c2-77d0-40af-9a4b-242b57e61325: shutdown FollowerState
2019-09-25 11:10:28,816 [Thread-3976] INFO  impl.RaftServerImpl (RaftServerImpl.java:setRole(174)) - 9260b2c2-77d0-40af-9a4b-242b57e61325@group-744811572984: changes role from  FOLLOWER to CANDIDATE at term 0 for changeToCandidate
2019-09-25 11:10:28,816 [Thread-3976] INFO  impl.RoleInfo (RoleInfo.java:updateAndGet(143)) - 9260b2c2-77d0-40af-9a4b-242b57e61325: start LeaderElection
2019-09-25 11:10:28,823 [a17b444c-dc8d-41d3-94fa-b87b918595f3@group-91520087F94F-SegmentedRaftLogWorker] INFO  segmented.SegmentedRaftLogWorker (SegmentedRaftLogWorker.java:execute(569)) - a17b444c-dc8d-41d3-94fa-b87b918595f3@group-91520087F94F-SegmentedRaftLogWorker: created new log segment /workdir/hadoop-ozone/integration-test/target/test-dir/MiniOzoneClusterImpl-36bd9e64-229c-43b0-8f36-7d73050474c0/datanode-0/data/ratis/33f7d4c6-ff7c-4cc5-9e14-91520087f94f/current/log_inprogress_0
2019-09-25 11:10:28,823 [9260b2c2-77d0-40af-9a4b-242b57e61325@group-744811572984:LeaderElection301] INFO  impl.LeaderElection (LeaderElection.java:askForVotes(182)) - 9260b2c2-77d0-40af-9a4b-242b57e61325@group-744811572984:LeaderElection301: begin an election at term 1 for -1: [9260b2c2-77d0-40af-9a4b-242b57e61325:192.168.30.6:43860], old=null
2019-09-25 11:10:28,823 [9260b2c2-77d0-40af-9a4b-242b57e61325@group-744811572984:LeaderElection301] INFO  impl.RoleInfo (RoleInfo.java:shutdownLeaderElection(134)) - 9260b2c2-77d0-40af-9a4b-242b57e61325: shutdown LeaderElection
2019-09-25 11:10:28,823 [9260b2c2-77d0-40af-9a4b-242b57e61325@group-744811572984:LeaderElection301] INFO  impl.RaftServerImpl (RaftServerImpl.java:setRole(174)) - 9260b2c2-77d0-40af-9a4b-242b57e61325@group-744811572984: changes role from CANDIDATE to LEADER at term 1 for changeToLeader
2019-09-25 11:10:28,823 [9260b2c2-77d0-40af-9a4b-242b57e61325@group-744811572984:LeaderElection301] INFO  impl.RaftServerImpl (ServerState.java:setLeader(253)) - 9260b2c2-77d0-40af-9a4b-242b57e61325@group-744811572984: change Leader from null to 9260b2c2-77d0-40af-9a4b-242b57e61325 at term 1 for becomeLeader, leader elected after 5018ms
2019-09-25 11:10:28,824 [9260b2c2-77d0-40af-9a4b-242b57e61325@group-744811572984:LeaderElection301] INFO  server.RaftServerConfigKeys (ConfUtils.java:logGet(43)) - raft.server.staging.catchup.gap = 1000 (default)
2019-09-25 11:10:28,824 [9260b2c2-77d0-40af-9a4b-242b57e61325@group-744811572984:LeaderElection301] INFO  server.RaftServerConfigKeys (ConfUtils.java:logGet(43)) - raft.server.rpc.sleep.time = 25ms (default)
2019-09-25 11:10:28,824 [9260b2c2-77d0-40af-9a4b-242b57e61325@group-744811572984:LeaderElection301] INFO  server.RaftServerConfigKeys (ConfUtils.java:logGet(43)) - raft.server.write.element-limit = 4096 (default)
2019-09-25 11:10:28,824 [9260b2c2-77d0-40af-9a4b-242b57e61325@group-744811572984:LeaderElection301] INFO  server.RaftServerConfigKeys (ConfUtils.java:logGet(43)) - raft.server.watch.timeout = 10s (default)
2019-09-25 11:10:28,824 [9260b2c2-77d0-40af-9a4b-242b57e61325@group-744811572984:LeaderElection301] INFO  server.RaftServerConfigKeys (ConfUtils.java:logGet(43)) - raft.server.watch.timeout.denomination = 1s (default)
2019-09-25 11:10:28,824 [9260b2c2-77d0-40af-9a4b-242b57e61325@group-744811572984:LeaderElection301] INFO  server.RaftServerConfigKeys (ConfUtils.java:logGet(43)) - raft.server.watch.element-limit = 65536 (default)
2019-09-25 11:10:28,826 [9260b2c2-77d0-40af-9a4b-242b57e61325@group-744811572984:LeaderElection301] INFO  impl.RoleInfo (RoleInfo.java:updateAndGet(143)) - 9260b2c2-77d0-40af-9a4b-242b57e61325: start LeaderState
2019-09-25 11:10:28,826 [9260b2c2-77d0-40af-9a4b-242b57e61325@group-744811572984:LeaderElection301] INFO  segmented.SegmentedRaftLogWorker (SegmentedRaftLogWorker.java:startLogSegment(380)) - 9260b2c2-77d0-40af-9a4b-242b57e61325@group-744811572984-SegmentedRaftLogWorker: Starting segment from index:0
2019-09-25 11:10:28,827 [9260b2c2-77d0-40af-9a4b-242b57e61325@group-744811572984:LeaderElection301] INFO  impl.RaftServerImpl (ServerState.java:setRaftConf(354)) - 9260b2c2-77d0-40af-9a4b-242b57e61325@group-744811572984: set configuration 0: [9260b2c2-77d0-40af-9a4b-242b57e61325:192.168.30.6:43860], old=null at 0
2019-09-25 11:10:28,857 [Thread-3967] INFO  impl.FollowerState (FollowerState.java:run(106)) - a17b444c-dc8d-41d3-94fa-b87b918595f3:group-2C8C28131A83 changes to CANDIDATE, lastRpcTime:5193, electionTimeout:5193ms
2019-09-25 11:10:28,857 [Thread-3967] INFO  impl.RoleInfo (RoleInfo.java:shutdownFollowerState(121)) - a17b444c-dc8d-41d3-94fa-b87b918595f3: shutdown FollowerState
2019-09-25 11:10:28,857 [Thread-3967] INFO  impl.RaftServerImpl (RaftServerImpl.java:setRole(174)) - a17b444c-dc8d-41d3-94fa-b87b918595f3@group-2C8C28131A83: changes role from  FOLLOWER to CANDIDATE at term 0 for changeToCandidate
2019-09-25 11:10:28,858 [Thread-3967] INFO  impl.RoleInfo (RoleInfo.java:updateAndGet(143)) - a17b444c-dc8d-41d3-94fa-b87b918595f3: start LeaderElection
2019-09-25 11:10:28,865 [Thread-3970] INFO  impl.FollowerState (FollowerState.java:run(106)) - a17b444c-dc8d-41d3-94fa-b87b918595f3:group-A02010238C3F changes to CANDIDATE, lastRpcTime:5160, electionTimeout:5160ms
2019-09-25 11:10:28,865 [Thread-3970] INFO  impl.RoleInfo (RoleInfo.java:shutdownFollowerState(121)) - a17b444c-dc8d-41d3-94fa-b87b918595f3: shutdown FollowerState
2019-09-25 11:10:28,865 [Thread-3970] INFO  impl.RaftServerImpl (RaftServerImpl.java:setRole(174)) - a17b444c-dc8d-41d3-94fa-b87b918595f3@group-A02010238C3F: changes role from  FOLLOWER to CANDIDATE at term 0 for changeToCandidate
2019-09-25 11:10:28,865 [Thread-3970] INFO  impl.RoleInfo (RoleInfo.java:updateAndGet(143)) - a17b444c-dc8d-41d3-94fa-b87b918595f3: start LeaderElection
2019-09-25 11:10:28,869 [9260b2c2-77d0-40af-9a4b-242b57e61325@group-744811572984-SegmentedRaftLogWorker] INFO  segmented.SegmentedRaftLogWorker (SegmentedRaftLogWorker.java:execute(569)) - 9260b2c2-77d0-40af-9a4b-242b57e61325@group-744811572984-SegmentedRaftLogWorker: created new log segment /workdir/hadoop-ozone/integration-test/target/test-dir/MiniOzoneClusterImpl-36bd9e64-229c-43b0-8f36-7d73050474c0/datanode-1/data/ratis/ab65eff2-ea26-46a8-8ce3-744811572984/current/log_inprogress_0
2019-09-25 11:10:28,869 [a17b444c-dc8d-41d3-94fa-b87b918595f3@group-2C8C28131A83:LeaderElection302] INFO  impl.LeaderElection (LeaderElection.java:askForVotes(182)) - a17b444c-dc8d-41d3-94fa-b87b918595f3@group-2C8C28131A83:LeaderElection302: begin an election at term 1 for -1: [a17b444c-dc8d-41d3-94fa-b87b918595f3:192.168.30.6:45831], old=null
2019-09-25 11:10:28,870 [a17b444c-dc8d-41d3-94fa-b87b918595f3@group-2C8C28131A83:LeaderElection302] INFO  impl.RoleInfo (RoleInfo.java:shutdownLeaderElection(134)) - a17b444c-dc8d-41d3-94fa-b87b918595f3: shutdown LeaderElection
2019-09-25 11:10:28,870 [a17b444c-dc8d-41d3-94fa-b87b918595f3@group-2C8C28131A83:LeaderElection302] INFO  impl.RaftServerImpl (RaftServerImpl.java:setRole(174)) - a17b444c-dc8d-41d3-94fa-b87b918595f3@group-2C8C28131A83: changes role from CANDIDATE to LEADER at term 1 for changeToLeader
2019-09-25 11:10:28,870 [a17b444c-dc8d-41d3-94fa-b87b918595f3@group-2C8C28131A83:LeaderElection302] INFO  impl.RaftServerImpl (ServerState.java:setLeader(253)) - a17b444c-dc8d-41d3-94fa-b87b918595f3@group-2C8C28131A83: change Leader from null to a17b444c-dc8d-41d3-94fa-b87b918595f3 at term 1 for becomeLeader, leader elected after 5213ms
2019-09-25 11:10:28,870 [a17b444c-dc8d-41d3-94fa-b87b918595f3@group-2C8C28131A83:LeaderElection302] INFO  server.RaftServerConfigKeys (ConfUtils.java:logGet(43)) - raft.server.staging.catchup.gap = 1000 (default)
2019-09-25 11:10:28,870 [a17b444c-dc8d-41d3-94fa-b87b918595f3@group-2C8C28131A83:LeaderElection302] INFO  server.RaftServerConfigKeys (ConfUtils.java:logGet(43)) - raft.server.rpc.sleep.time = 25ms (default)
2019-09-25 11:10:28,870 [a17b444c-dc8d-41d3-94fa-b87b918595f3@group-2C8C28131A83:LeaderElection302] INFO  server.RaftServerConfigKeys (ConfUtils.java:logGet(43)) - raft.server.write.element-limit = 4096 (default)
2019-09-25 11:10:28,871 [a17b444c-dc8d-41d3-94fa-b87b918595f3@group-2C8C28131A83:LeaderElection302] INFO  server.RaftServerConfigKeys (ConfUtils.java:logGet(43)) - raft.server.watch.timeout = 10s (default)
2019-09-25 11:10:28,871 [a17b444c-dc8d-41d3-94fa-b87b918595f3@group-2C8C28131A83:LeaderElection302] INFO  server.RaftServerConfigKeys (ConfUtils.java:logGet(43)) - raft.server.watch.timeout.denomination = 1s (default)
2019-09-25 11:10:28,871 [a17b444c-dc8d-41d3-94fa-b87b918595f3@group-2C8C28131A83:LeaderElection302] INFO  server.RaftServerConfigKeys (ConfUtils.java:logGet(43)) - raft.server.watch.element-limit = 65536 (default)
2019-09-25 11:10:28,872 [a17b444c-dc8d-41d3-94fa-b87b918595f3@group-A02010238C3F:LeaderElection303] INFO  impl.LeaderElection (LeaderElection.java:askForVotes(182)) - a17b444c-dc8d-41d3-94fa-b87b918595f3@group-A02010238C3F:LeaderElection303: begin an election at term 1 for -1: [a17b444c-dc8d-41d3-94fa-b87b918595f3:192.168.30.6:45831], old=null
2019-09-25 11:10:28,872 [a17b444c-dc8d-41d3-94fa-b87b918595f3@group-A02010238C3F:LeaderElection303] INFO  impl.RoleInfo (RoleInfo.java:shutdownLeaderElection(134)) - a17b444c-dc8d-41d3-94fa-b87b918595f3: shutdown LeaderElection
2019-09-25 11:10:28,872 [a17b444c-dc8d-41d3-94fa-b87b918595f3@group-A02010238C3F:LeaderElection303] INFO  impl.RaftServerImpl (RaftServerImpl.java:setRole(174)) - a17b444c-dc8d-41d3-94fa-b87b918595f3@group-A02010238C3F: changes role from CANDIDATE to LEADER at term 1 for changeToLeader
2019-09-25 11:10:28,872 [a17b444c-dc8d-41d3-94fa-b87b918595f3@group-A02010238C3F:LeaderElection303] INFO  impl.RaftServerImpl (ServerState.java:setLeader(253)) - a17b444c-dc8d-41d3-94fa-b87b918595f3@group-A02010238C3F: change Leader from null to a17b444c-dc8d-41d3-94fa-b87b918595f3 at term 1 for becomeLeader, leader elected after 5174ms
2019-09-25 11:10:28,873 [a17b444c-dc8d-41d3-94fa-b87b918595f3@group-A02010238C3F:LeaderElection303] INFO  server.RaftServerConfigKeys (ConfUtils.java:logGet(43)) - raft.server.staging.catchup.gap = 1000 (default)
2019-09-25 11:10:28,873 [a17b444c-dc8d-41d3-94fa-b87b918595f3@group-A02010238C3F:LeaderElection303] INFO  server.RaftServerConfigKeys (ConfUtils.java:logGet(43)) - raft.server.rpc.sleep.time = 25ms (default)
2019-09-25 11:10:28,873 [a17b444c-dc8d-41d3-94fa-b87b918595f3@group-2C8C28131A83:LeaderElection302] INFO  impl.RoleInfo (RoleInfo.java:updateAndGet(143)) - a17b444c-dc8d-41d3-94fa-b87b918595f3: start LeaderState
2019-09-25 11:10:28,873 [a17b444c-dc8d-41d3-94fa-b87b918595f3@group-A02010238C3F:LeaderElection303] INFO  server.RaftServerConfigKeys (ConfUtils.java:logGet(43)) - raft.server.write.element-limit = 4096 (default)
2019-09-25 11:10:28,873 [a17b444c-dc8d-41d3-94fa-b87b918595f3@group-2C8C28131A83:LeaderElection302] INFO  segmented.SegmentedRaftLogWorker (SegmentedRaftLogWorker.java:startLogSegment(380)) - a17b444c-dc8d-41d3-94fa-b87b918595f3@group-2C8C28131A83-SegmentedRaftLogWorker: Starting segment from index:0
2019-09-25 11:10:28,873 [a17b444c-dc8d-41d3-94fa-b87b918595f3@group-A02010238C3F:LeaderElection303] INFO  server.RaftServerConfigKeys (ConfUtils.java:logGet(43)) - raft.server.watch.timeout = 10s (default)
2019-09-25 11:10:28,873 [a17b444c-dc8d-41d3-94fa-b87b918595f3@group-A02010238C3F:LeaderElection303] INFO  server.RaftServerConfigKeys (ConfUtils.java:logGet(43)) - raft.server.watch.timeout.denomination = 1s (default)
2019-09-25 11:10:28,874 [a17b444c-dc8d-41d3-94fa-b87b918595f3@group-2C8C28131A83:LeaderElection302] INFO  impl.RaftServerImpl (ServerState.java:setRaftConf(354)) - a17b444c-dc8d-41d3-94fa-b87b918595f3@group-2C8C28131A83: set configuration 0: [a17b444c-dc8d-41d3-94fa-b87b918595f3:192.168.30.6:45831], old=null at 0
2019-09-25 11:10:28,874 [a17b444c-dc8d-41d3-94fa-b87b918595f3@group-A02010238C3F:LeaderElection303] INFO  server.RaftServerConfigKeys (ConfUtils.java:logGet(43)) - raft.server.watch.element-limit = 65536 (default)
2019-09-25 11:10:28,875 [a17b444c-dc8d-41d3-94fa-b87b918595f3@group-A02010238C3F:LeaderElection303] INFO  impl.RoleInfo (RoleInfo.java:updateAndGet(143)) - a17b444c-dc8d-41d3-94fa-b87b918595f3: start LeaderState
2019-09-25 11:10:28,876 [a17b444c-dc8d-41d3-94fa-b87b918595f3@group-A02010238C3F:LeaderElection303] INFO  segmented.SegmentedRaftLogWorker (SegmentedRaftLogWorker.java:startLogSegment(380)) - a17b444c-dc8d-41d3-94fa-b87b918595f3@group-A02010238C3F-SegmentedRaftLogWorker: Starting segment from index:0
2019-09-25 11:10:28,876 [a17b444c-dc8d-41d3-94fa-b87b918595f3@group-A02010238C3F:LeaderElection303] INFO  impl.RaftServerImpl (ServerState.java:setRaftConf(354)) - a17b444c-dc8d-41d3-94fa-b87b918595f3@group-A02010238C3F: set configuration 0: [a17b444c-dc8d-41d3-94fa-b87b918595f3:192.168.30.6:45831], old=null at 0
2019-09-25 11:10:28,883 [Thread-3973] INFO  impl.FollowerState (FollowerState.java:run(106)) - 79e2f6f7-785e-4584-a2b0-6f2cf2bd33a1:group-2FFAA97423D9 changes to CANDIDATE, lastRpcTime:5129, electionTimeout:5129ms
2019-09-25 11:10:28,883 [Thread-3973] INFO  impl.RoleInfo (RoleInfo.java:shutdownFollowerState(121)) - 79e2f6f7-785e-4584-a2b0-6f2cf2bd33a1: shutdown FollowerState
2019-09-25 11:10:28,883 [Thread-3973] INFO  impl.RaftServerImpl (RaftServerImpl.java:setRole(174)) - 79e2f6f7-785e-4584-a2b0-6f2cf2bd33a1@group-2FFAA97423D9: changes role from  FOLLOWER to CANDIDATE at term 0 for changeToCandidate
2019-09-25 11:10:28,884 [Thread-3973] INFO  impl.RoleInfo (RoleInfo.java:updateAndGet(143)) - 79e2f6f7-785e-4584-a2b0-6f2cf2bd33a1: start LeaderElection
2019-09-25 11:10:28,926 [a17b444c-dc8d-41d3-94fa-b87b918595f3@group-2C8C28131A83-SegmentedRaftLogWorker] INFO  segmented.SegmentedRaftLogWorker (SegmentedRaftLogWorker.java:execute(569)) - a17b444c-dc8d-41d3-94fa-b87b918595f3@group-2C8C28131A83-SegmentedRaftLogWorker: created new log segment /workdir/hadoop-ozone/integration-test/target/test-dir/MiniOzoneClusterImpl-36bd9e64-229c-43b0-8f36-7d73050474c0/datanode-0/data/ratis/2fa3250f-e9b2-4b51-95e4-2c8c28131a83/current/log_inprogress_0
2019-09-25 11:10:28,926 [a17b444c-dc8d-41d3-94fa-b87b918595f3@group-A02010238C3F-SegmentedRaftLogWorker] INFO  segmented.SegmentedRaftLogWorker (SegmentedRaftLogWorker.java:execute(569)) - a17b444c-dc8d-41d3-94fa-b87b918595f3@group-A02010238C3F-SegmentedRaftLogWorker: created new log segment /workdir/hadoop-ozone/integration-test/target/test-dir/MiniOzoneClusterImpl-36bd9e64-229c-43b0-8f36-7d73050474c0/datanode-0/data/ratis/b96a2e07-ce99-4887-919e-a02010238c3f/current/log_inprogress_0
2019-09-25 11:10:28,926 [79e2f6f7-785e-4584-a2b0-6f2cf2bd33a1@group-2FFAA97423D9:LeaderElection304] INFO  impl.LeaderElection (LeaderElection.java:askForVotes(182)) - 79e2f6f7-785e-4584-a2b0-6f2cf2bd33a1@group-2FFAA97423D9:LeaderElection304: begin an election at term 1 for -1: [79e2f6f7-785e-4584-a2b0-6f2cf2bd33a1:192.168.30.6:45176], old=null
2019-09-25 11:10:28,927 [79e2f6f7-785e-4584-a2b0-6f2cf2bd33a1@group-2FFAA97423D9:LeaderElection304] INFO  impl.RoleInfo (RoleInfo.java:shutdownLeaderElection(134)) - 79e2f6f7-785e-4584-a2b0-6f2cf2bd33a1: shutdown LeaderElection
2019-09-25 11:10:28,927 [79e2f6f7-785e-4584-a2b0-6f2cf2bd33a1@group-2FFAA97423D9:LeaderElection304] INFO  impl.RaftServerImpl (RaftServerImpl.java:setRole(174)) - 79e2f6f7-785e-4584-a2b0-6f2cf2bd33a1@group-2FFAA97423D9: changes role from CANDIDATE to LEADER at term 1 for changeToLeader
2019-09-25 11:10:28,927 [79e2f6f7-785e-4584-a2b0-6f2cf2bd33a1@group-2FFAA97423D9:LeaderElection304] INFO  impl.RaftServerImpl (ServerState.java:setLeader(253)) - 79e2f6f7-785e-4584-a2b0-6f2cf2bd33a1@group-2FFAA97423D9: change Leader from null to 79e2f6f7-785e-4584-a2b0-6f2cf2bd33a1 at term 1 for becomeLeader, leader elected after 5180ms
2019-09-25 11:10:28,927 [79e2f6f7-785e-4584-a2b0-6f2cf2bd33a1@group-2FFAA97423D9:LeaderElection304] INFO  server.RaftServerConfigKeys (ConfUtils.java:logGet(43)) - raft.server.staging.catchup.gap = 1000 (default)
2019-09-25 11:10:28,927 [79e2f6f7-785e-4584-a2b0-6f2cf2bd33a1@group-2FFAA97423D9:LeaderElection304] INFO  server.RaftServerConfigKeys (ConfUtils.java:logGet(43)) - raft.server.rpc.sleep.time = 25ms (default)
2019-09-25 11:10:28,927 [79e2f6f7-785e-4584-a2b0-6f2cf2bd33a1@group-2FFAA97423D9:LeaderElection304] INFO  server.RaftServerConfigKeys (ConfUtils.java:logGet(43)) - raft.server.write.element-limit = 4096 (default)
2019-09-25 11:10:28,928 [79e2f6f7-785e-4584-a2b0-6f2cf2bd33a1@group-2FFAA97423D9:LeaderElection304] INFO  server.RaftServerConfigKeys (ConfUtils.java:logGet(43)) - raft.server.watch.timeout = 10s (default)
2019-09-25 11:10:28,928 [79e2f6f7-785e-4584-a2b0-6f2cf2bd33a1@group-2FFAA97423D9:LeaderElection304] INFO  server.RaftServerConfigKeys (ConfUtils.java:logGet(43)) - raft.server.watch.timeout.denomination = 1s (default)
2019-09-25 11:10:28,928 [79e2f6f7-785e-4584-a2b0-6f2cf2bd33a1@group-2FFAA97423D9:LeaderElection304] INFO  server.RaftServerConfigKeys (ConfUtils.java:logGet(43)) - raft.server.watch.element-limit = 65536 (default)
2019-09-25 11:10:28,930 [79e2f6f7-785e-4584-a2b0-6f2cf2bd33a1@group-2FFAA97423D9:LeaderElection304] INFO  impl.RoleInfo (RoleInfo.java:updateAndGet(143)) - 79e2f6f7-785e-4584-a2b0-6f2cf2bd33a1: start LeaderState
2019-09-25 11:10:28,930 [79e2f6f7-785e-4584-a2b0-6f2cf2bd33a1@group-2FFAA97423D9:LeaderElection304] INFO  segmented.SegmentedRaftLogWorker (SegmentedRaftLogWorker.java:startLogSegment(380)) - 79e2f6f7-785e-4584-a2b0-6f2cf2bd33a1@group-2FFAA97423D9-SegmentedRaftLogWorker: Starting segment from index:0
2019-09-25 11:10:28,930 [79e2f6f7-785e-4584-a2b0-6f2cf2bd33a1@group-2FFAA97423D9:LeaderElection304] INFO  impl.RaftServerImpl (ServerState.java:setRaftConf(354)) - 79e2f6f7-785e-4584-a2b0-6f2cf2bd33a1@group-2FFAA97423D9: set configuration 0: [79e2f6f7-785e-4584-a2b0-6f2cf2bd33a1:192.168.30.6:45176], old=null at 0
2019-09-25 11:10:28,970 [79e2f6f7-785e-4584-a2b0-6f2cf2bd33a1@group-2FFAA97423D9-SegmentedRaftLogWorker] INFO  segmented.SegmentedRaftLogWorker (SegmentedRaftLogWorker.java:execute(569)) - 79e2f6f7-785e-4584-a2b0-6f2cf2bd33a1@group-2FFAA97423D9-SegmentedRaftLogWorker: created new log segment /workdir/hadoop-ozone/integration-test/target/test-dir/MiniOzoneClusterImpl-36bd9e64-229c-43b0-8f36-7d73050474c0/datanode-3/data/ratis/cbd66705-d045-4a86-aaf2-2ffaa97423d9/current/log_inprogress_0
2019-09-25 11:10:28,981 [Thread-3979] INFO  impl.FollowerState (FollowerState.java:run(106)) - 9260b2c2-77d0-40af-9a4b-242b57e61325:group-07AF23C52553 changes to CANDIDATE, lastRpcTime:5113, electionTimeout:5113ms
2019-09-25 11:10:28,981 [Thread-3979] INFO  impl.RoleInfo (RoleInfo.java:shutdownFollowerState(121)) - 9260b2c2-77d0-40af-9a4b-242b57e61325: shutdown FollowerState
2019-09-25 11:10:28,981 [Thread-3979] INFO  impl.RaftServerImpl (RaftServerImpl.java:setRole(174)) - 9260b2c2-77d0-40af-9a4b-242b57e61325@group-07AF23C52553: changes role from  FOLLOWER to CANDIDATE at term 0 for changeToCandidate
2019-09-25 11:10:28,981 [Thread-3979] INFO  impl.RoleInfo (RoleInfo.java:updateAndGet(143)) - 9260b2c2-77d0-40af-9a4b-242b57e61325: start LeaderElection
2019-09-25 11:10:29,001 [9260b2c2-77d0-40af-9a4b-242b57e61325@group-07AF23C52553:LeaderElection305] INFO  impl.LeaderElection (LeaderElection.java:askForVotes(182)) - 9260b2c2-77d0-40af-9a4b-242b57e61325@group-07AF23C52553:LeaderElection305: begin an election at term 1 for -1: [9260b2c2-77d0-40af-9a4b-242b57e61325:192.168.30.6:43860], old=null
2019-09-25 11:10:29,001 [9260b2c2-77d0-40af-9a4b-242b57e61325@group-07AF23C52553:LeaderElection305] INFO  impl.RoleInfo (RoleInfo.java:shutdownLeaderElection(134)) - 9260b2c2-77d0-40af-9a4b-242b57e61325: shutdown LeaderElection
2019-09-25 11:10:29,001 [9260b2c2-77d0-40af-9a4b-242b57e61325@group-07AF23C52553:LeaderElection305] INFO  impl.RaftServerImpl (RaftServerImpl.java:setRole(174)) - 9260b2c2-77d0-40af-9a4b-242b57e61325@group-07AF23C52553: changes role from CANDIDATE to LEADER at term 1 for changeToLeader
2019-09-25 11:10:29,001 [9260b2c2-77d0-40af-9a4b-242b57e61325@group-07AF23C52553:LeaderElection305] INFO  impl.RaftServerImpl (ServerState.java:setLeader(253)) - 9260b2c2-77d0-40af-9a4b-242b57e61325@group-07AF23C52553: change Leader from null to 9260b2c2-77d0-40af-9a4b-242b57e61325 at term 1 for becomeLeader, leader elected after 5138ms
2019-09-25 11:10:29,001 [9260b2c2-77d0-40af-9a4b-242b57e61325@group-07AF23C52553:LeaderElection305] INFO  server.RaftServerConfigKeys (ConfUtils.java:logGet(43)) - raft.server.staging.catchup.gap = 1000 (default)
2019-09-25 11:10:29,002 [9260b2c2-77d0-40af-9a4b-242b57e61325@group-07AF23C52553:LeaderElection305] INFO  server.RaftServerConfigKeys (ConfUtils.java:logGet(43)) - raft.server.rpc.sleep.time = 25ms (default)
2019-09-25 11:10:29,002 [9260b2c2-77d0-40af-9a4b-242b57e61325@group-07AF23C52553:LeaderElection305] INFO  server.RaftServerConfigKeys (ConfUtils.java:logGet(43)) - raft.server.write.element-limit = 4096 (default)
2019-09-25 11:10:29,002 [9260b2c2-77d0-40af-9a4b-242b57e61325@group-07AF23C52553:LeaderElection305] INFO  server.RaftServerConfigKeys (ConfUtils.java:logGet(43)) - raft.server.watch.timeout = 10s (default)
2019-09-25 11:10:29,002 [9260b2c2-77d0-40af-9a4b-242b57e61325@group-07AF23C52553:LeaderElection305] INFO  server.RaftServerConfigKeys (ConfUtils.java:logGet(43)) - raft.server.watch.timeout.denomination = 1s (default)
2019-09-25 11:10:29,002 [9260b2c2-77d0-40af-9a4b-242b57e61325@group-07AF23C52553:LeaderElection305] INFO  server.RaftServerConfigKeys (ConfUtils.java:logGet(43)) - raft.server.watch.element-limit = 65536 (default)
2019-09-25 11:10:29,004 [9260b2c2-77d0-40af-9a4b-242b57e61325@group-07AF23C52553:LeaderElection305] INFO  impl.RoleInfo (RoleInfo.java:updateAndGet(143)) - 9260b2c2-77d0-40af-9a4b-242b57e61325: start LeaderState
2019-09-25 11:10:29,004 [9260b2c2-77d0-40af-9a4b-242b57e61325@group-07AF23C52553:LeaderElection305] INFO  segmented.SegmentedRaftLogWorker (SegmentedRaftLogWorker.java:startLogSegment(380)) - 9260b2c2-77d0-40af-9a4b-242b57e61325@group-07AF23C52553-SegmentedRaftLogWorker: Starting segment from index:0
2019-09-25 11:10:29,005 [9260b2c2-77d0-40af-9a4b-242b57e61325@group-07AF23C52553:LeaderElection305] INFO  impl.RaftServerImpl (ServerState.java:setRaftConf(354)) - 9260b2c2-77d0-40af-9a4b-242b57e61325@group-07AF23C52553: set configuration 0: [9260b2c2-77d0-40af-9a4b-242b57e61325:192.168.30.6:43860], old=null at 0
2019-09-25 11:10:29,043 [9260b2c2-77d0-40af-9a4b-242b57e61325@group-07AF23C52553-SegmentedRaftLogWorker] INFO  segmented.SegmentedRaftLogWorker (SegmentedRaftLogWorker.java:execute(569)) - 9260b2c2-77d0-40af-9a4b-242b57e61325@group-07AF23C52553-SegmentedRaftLogWorker: created new log segment /workdir/hadoop-ozone/integration-test/target/test-dir/MiniOzoneClusterImpl-36bd9e64-229c-43b0-8f36-7d73050474c0/datanode-1/data/ratis/f3719c35-3e37-4b02-878d-07af23c52553/current/log_inprogress_0
2019-09-25 11:10:29,090 [Thread-3988] INFO  impl.FollowerState (FollowerState.java:run(106)) - 0089544c-4670-45f6-b8b0-eabe3503e213:group-A866640EC86B changes to CANDIDATE, lastRpcTime:5090, electionTimeout:5090ms
2019-09-25 11:10:29,090 [Thread-3988] INFO  impl.RoleInfo (RoleInfo.java:shutdownFollowerState(121)) - 0089544c-4670-45f6-b8b0-eabe3503e213: shutdown FollowerState
2019-09-25 11:10:29,090 [Thread-3988] INFO  impl.RaftServerImpl (RaftServerImpl.java:setRole(174)) - 0089544c-4670-45f6-b8b0-eabe3503e213@group-A866640EC86B: changes role from  FOLLOWER to CANDIDATE at term 0 for changeToCandidate
2019-09-25 11:10:29,090 [Thread-3988] INFO  impl.RoleInfo (RoleInfo.java:updateAndGet(143)) - 0089544c-4670-45f6-b8b0-eabe3503e213: start LeaderElection
2019-09-25 11:10:29,096 [Thread-3982] INFO  impl.FollowerState (FollowerState.java:run(106)) - 231d5a30-2990-4b37-835c-52719c996380:group-0C70E7BB2107 changes to CANDIDATE, lastRpcTime:5186, electionTimeout:5183ms
2019-09-25 11:10:29,097 [Thread-3982] INFO  impl.RoleInfo (RoleInfo.java:shutdownFollowerState(121)) - 231d5a30-2990-4b37-835c-52719c996380: shutdown FollowerState
2019-09-25 11:10:29,097 [Thread-3982] INFO  impl.RaftServerImpl (RaftServerImpl.java:setRole(174)) - 231d5a30-2990-4b37-835c-52719c996380@group-0C70E7BB2107: changes role from  FOLLOWER to CANDIDATE at term 0 for changeToCandidate
2019-09-25 11:10:29,097 [Thread-3982] INFO  impl.RoleInfo (RoleInfo.java:updateAndGet(143)) - 231d5a30-2990-4b37-835c-52719c996380: start LeaderElection
2019-09-25 11:10:29,115 [0089544c-4670-45f6-b8b0-eabe3503e213@group-A866640EC86B:LeaderElection306] INFO  impl.LeaderElection (LeaderElection.java:askForVotes(182)) - 0089544c-4670-45f6-b8b0-eabe3503e213@group-A866640EC86B:LeaderElection306: begin an election at term 1 for -1: [0089544c-4670-45f6-b8b0-eabe3503e213:192.168.30.6:36645], old=null
2019-09-25 11:10:29,115 [231d5a30-2990-4b37-835c-52719c996380@group-0C70E7BB2107:LeaderElection307] INFO  impl.LeaderElection (LeaderElection.java:askForVotes(182)) - 231d5a30-2990-4b37-835c-52719c996380@group-0C70E7BB2107:LeaderElection307: begin an election at term 1 for -1: [231d5a30-2990-4b37-835c-52719c996380:192.168.30.6:44620], old=null
2019-09-25 11:10:29,115 [0089544c-4670-45f6-b8b0-eabe3503e213@group-A866640EC86B:LeaderElection306] INFO  impl.RoleInfo (RoleInfo.java:shutdownLeaderElection(134)) - 0089544c-4670-45f6-b8b0-eabe3503e213: shutdown LeaderElection
2019-09-25 11:10:29,115 [231d5a30-2990-4b37-835c-52719c996380@group-0C70E7BB2107:LeaderElection307] INFO  impl.RoleInfo (RoleInfo.java:shutdownLeaderElection(134)) - 231d5a30-2990-4b37-835c-52719c996380: shutdown LeaderElection
2019-09-25 11:10:29,115 [0089544c-4670-45f6-b8b0-eabe3503e213@group-A866640EC86B:LeaderElection306] INFO  impl.RaftServerImpl (RaftServerImpl.java:setRole(174)) - 0089544c-4670-45f6-b8b0-eabe3503e213@group-A866640EC86B: changes role from CANDIDATE to LEADER at term 1 for changeToLeader
2019-09-25 11:10:29,115 [231d5a30-2990-4b37-835c-52719c996380@group-0C70E7BB2107:LeaderElection307] INFO  impl.RaftServerImpl (RaftServerImpl.java:setRole(174)) - 231d5a30-2990-4b37-835c-52719c996380@group-0C70E7BB2107: changes role from CANDIDATE to LEADER at term 1 for changeToLeader
2019-09-25 11:10:29,115 [0089544c-4670-45f6-b8b0-eabe3503e213@group-A866640EC86B:LeaderElection306] INFO  impl.RaftServerImpl (ServerState.java:setLeader(253)) - 0089544c-4670-45f6-b8b0-eabe3503e213@group-A866640EC86B: change Leader from null to 0089544c-4670-45f6-b8b0-eabe3503e213 at term 1 for becomeLeader, leader elected after 5122ms
2019-09-25 11:10:29,115 [231d5a30-2990-4b37-835c-52719c996380@group-0C70E7BB2107:LeaderElection307] INFO  impl.RaftServerImpl (ServerState.java:setLeader(253)) - 231d5a30-2990-4b37-835c-52719c996380@group-0C70E7BB2107: change Leader from null to 231d5a30-2990-4b37-835c-52719c996380 at term 1 for becomeLeader, leader elected after 5210ms
2019-09-25 11:10:29,116 [0089544c-4670-45f6-b8b0-eabe3503e213@group-A866640EC86B:LeaderElection306] INFO  server.RaftServerConfigKeys (ConfUtils.java:logGet(43)) - raft.server.staging.catchup.gap = 1000 (default)
2019-09-25 11:10:29,116 [231d5a30-2990-4b37-835c-52719c996380@group-0C70E7BB2107:LeaderElection307] INFO  server.RaftServerConfigKeys (ConfUtils.java:logGet(43)) - raft.server.staging.catchup.gap = 1000 (default)
2019-09-25 11:10:29,116 [0089544c-4670-45f6-b8b0-eabe3503e213@group-A866640EC86B:LeaderElection306] INFO  server.RaftServerConfigKeys (ConfUtils.java:logGet(43)) - raft.server.rpc.sleep.time = 25ms (default)
2019-09-25 11:10:29,116 [231d5a30-2990-4b37-835c-52719c996380@group-0C70E7BB2107:LeaderElection307] INFO  server.RaftServerConfigKeys (ConfUtils.java:logGet(43)) - raft.server.rpc.sleep.time = 25ms (default)
2019-09-25 11:10:29,116 [0089544c-4670-45f6-b8b0-eabe3503e213@group-A866640EC86B:LeaderElection306] INFO  server.RaftServerConfigKeys (ConfUtils.java:logGet(43)) - raft.server.write.element-limit = 4096 (default)
2019-09-25 11:10:29,116 [231d5a30-2990-4b37-835c-52719c996380@group-0C70E7BB2107:LeaderElection307] INFO  server.RaftServerConfigKeys (ConfUtils.java:logGet(43)) - raft.server.write.element-limit = 4096 (default)
2019-09-25 11:10:29,116 [0089544c-4670-45f6-b8b0-eabe3503e213@group-A866640EC86B:LeaderElection306] INFO  server.RaftServerConfigKeys (ConfUtils.java:logGet(43)) - raft.server.watch.timeout = 10s (default)
2019-09-25 11:10:29,116 [231d5a30-2990-4b37-835c-52719c996380@group-0C70E7BB2107:LeaderElection307] INFO  server.RaftServerConfigKeys (ConfUtils.java:logGet(43)) - raft.server.watch.timeout = 10s (default)
2019-09-25 11:10:29,117 [0089544c-4670-45f6-b8b0-eabe3503e213@group-A866640EC86B:LeaderElection306] INFO  server.RaftServerConfigKeys (ConfUtils.java:logGet(43)) - raft.server.watch.timeout.denomination = 1s (default)
2019-09-25 11:10:29,117 [231d5a30-2990-4b37-835c-52719c996380@group-0C70E7BB2107:LeaderElection307] INFO  server.RaftServerConfigKeys (ConfUtils.java:logGet(43)) - raft.server.watch.timeout.denomination = 1s (default)
2019-09-25 11:10:29,117 [0089544c-4670-45f6-b8b0-eabe3503e213@group-A866640EC86B:LeaderElection306] INFO  server.RaftServerConfigKeys (ConfUtils.java:logGet(43)) - raft.server.watch.element-limit = 65536 (default)
2019-09-25 11:10:29,117 [231d5a30-2990-4b37-835c-52719c996380@group-0C70E7BB2107:LeaderElection307] INFO  server.RaftServerConfigKeys (ConfUtils.java:logGet(43)) - raft.server.watch.element-limit = 65536 (default)
2019-09-25 11:10:29,120 [0089544c-4670-45f6-b8b0-eabe3503e213@group-A866640EC86B:LeaderElection306] INFO  impl.RoleInfo (RoleInfo.java:updateAndGet(143)) - 0089544c-4670-45f6-b8b0-eabe3503e213: start LeaderState
2019-09-25 11:10:29,120 [0089544c-4670-45f6-b8b0-eabe3503e213@group-A866640EC86B:LeaderElection306] INFO  segmented.SegmentedRaftLogWorker (SegmentedRaftLogWorker.java:startLogSegment(380)) - 0089544c-4670-45f6-b8b0-eabe3503e213@group-A866640EC86B-SegmentedRaftLogWorker: Starting segment from index:0
2019-09-25 11:10:29,120 [231d5a30-2990-4b37-835c-52719c996380@group-0C70E7BB2107:LeaderElection307] INFO  impl.RoleInfo (RoleInfo.java:updateAndGet(143)) - 231d5a30-2990-4b37-835c-52719c996380: start LeaderState
2019-09-25 11:10:29,120 [0089544c-4670-45f6-b8b0-eabe3503e213@group-A866640EC86B:LeaderElection306] INFO  impl.RaftServerImpl (ServerState.java:setRaftConf(354)) - 0089544c-4670-45f6-b8b0-eabe3503e213@group-A866640EC86B: set configuration 0: [0089544c-4670-45f6-b8b0-eabe3503e213:192.168.30.6:36645], old=null at 0
2019-09-25 11:10:29,120 [231d5a30-2990-4b37-835c-52719c996380@group-0C70E7BB2107:LeaderElection307] INFO  segmented.SegmentedRaftLogWorker (SegmentedRaftLogWorker.java:startLogSegment(380)) - 231d5a30-2990-4b37-835c-52719c996380@group-0C70E7BB2107-SegmentedRaftLogWorker: Starting segment from index:0
2019-09-25 11:10:29,121 [231d5a30-2990-4b37-835c-52719c996380@group-0C70E7BB2107:LeaderElection307] INFO  impl.RaftServerImpl (ServerState.java:setRaftConf(354)) - 231d5a30-2990-4b37-835c-52719c996380@group-0C70E7BB2107: set configuration 0: [231d5a30-2990-4b37-835c-52719c996380:192.168.30.6:44620], old=null at 0
2019-09-25 11:10:29,142 [Thread-3985] INFO  impl.FollowerState (FollowerState.java:run(106)) - 09fcc576-174a-4714-a677-8a28b3c19a40:group-2DA117A217CE changes to CANDIDATE, lastRpcTime:5188, electionTimeout:5188ms
2019-09-25 11:10:29,142 [Thread-3985] INFO  impl.RoleInfo (RoleInfo.java:shutdownFollowerState(121)) - 09fcc576-174a-4714-a677-8a28b3c19a40: shutdown FollowerState
2019-09-25 11:10:29,142 [Thread-3985] INFO  impl.RaftServerImpl (RaftServerImpl.java:setRole(174)) - 09fcc576-174a-4714-a677-8a28b3c19a40@group-2DA117A217CE: changes role from  FOLLOWER to CANDIDATE at term 0 for changeToCandidate
2019-09-25 11:10:29,142 [Thread-3985] INFO  impl.RoleInfo (RoleInfo.java:updateAndGet(143)) - 09fcc576-174a-4714-a677-8a28b3c19a40: start LeaderElection
2019-09-25 11:10:29,175 [231d5a30-2990-4b37-835c-52719c996380@group-0C70E7BB2107-SegmentedRaftLogWorker] INFO  segmented.SegmentedRaftLogWorker (SegmentedRaftLogWorker.java:execute(569)) - 231d5a30-2990-4b37-835c-52719c996380@group-0C70E7BB2107-SegmentedRaftLogWorker: created new log segment /workdir/hadoop-ozone/integration-test/target/test-dir/MiniOzoneClusterImpl-36bd9e64-229c-43b0-8f36-7d73050474c0/datanode-4/data/ratis/eb2f5db4-3b69-486e-9ee1-0c70e7bb2107/current/log_inprogress_0
2019-09-25 11:10:29,175 [09fcc576-174a-4714-a677-8a28b3c19a40@group-2DA117A217CE:LeaderElection308] INFO  impl.LeaderElection (LeaderElection.java:askForVotes(182)) - 09fcc576-174a-4714-a677-8a28b3c19a40@group-2DA117A217CE:LeaderElection308: begin an election at term 1 for -1: [09fcc576-174a-4714-a677-8a28b3c19a40:192.168.30.6:45814], old=null
2019-09-25 11:10:29,175 [0089544c-4670-45f6-b8b0-eabe3503e213@group-A866640EC86B-SegmentedRaftLogWorker] INFO  segmented.SegmentedRaftLogWorker (SegmentedRaftLogWorker.java:execute(569)) - 0089544c-4670-45f6-b8b0-eabe3503e213@group-A866640EC86B-SegmentedRaftLogWorker: created new log segment /workdir/hadoop-ozone/integration-test/target/test-dir/MiniOzoneClusterImpl-36bd9e64-229c-43b0-8f36-7d73050474c0/datanode-6/data/ratis/c02dd41a-9b5f-4ae7-94ff-a866640ec86b/current/log_inprogress_0
2019-09-25 11:10:29,176 [09fcc576-174a-4714-a677-8a28b3c19a40@group-2DA117A217CE:LeaderElection308] INFO  impl.RoleInfo (RoleInfo.java:shutdownLeaderElection(134)) - 09fcc576-174a-4714-a677-8a28b3c19a40: shutdown LeaderElection
2019-09-25 11:10:29,176 [09fcc576-174a-4714-a677-8a28b3c19a40@group-2DA117A217CE:LeaderElection308] INFO  impl.RaftServerImpl (RaftServerImpl.java:setRole(174)) - 09fcc576-174a-4714-a677-8a28b3c19a40@group-2DA117A217CE: changes role from CANDIDATE to LEADER at term 1 for changeToLeader
2019-09-25 11:10:29,176 [09fcc576-174a-4714-a677-8a28b3c19a40@group-2DA117A217CE:LeaderElection308] INFO  impl.RaftServerImpl (ServerState.java:setLeader(253)) - 09fcc576-174a-4714-a677-8a28b3c19a40@group-2DA117A217CE: change Leader from null to 09fcc576-174a-4714-a677-8a28b3c19a40 at term 1 for becomeLeader, leader elected after 5227ms
2019-09-25 11:10:29,176 [09fcc576-174a-4714-a677-8a28b3c19a40@group-2DA117A217CE:LeaderElection308] INFO  server.RaftServerConfigKeys (ConfUtils.java:logGet(43)) - raft.server.staging.catchup.gap = 1000 (default)
2019-09-25 11:10:29,176 [09fcc576-174a-4714-a677-8a28b3c19a40@group-2DA117A217CE:LeaderElection308] INFO  server.RaftServerConfigKeys (ConfUtils.java:logGet(43)) - raft.server.rpc.sleep.time = 25ms (default)
2019-09-25 11:10:29,176 [09fcc576-174a-4714-a677-8a28b3c19a40@group-2DA117A217CE:LeaderElection308] INFO  server.RaftServerConfigKeys (ConfUtils.java:logGet(43)) - raft.server.write.element-limit = 4096 (default)
2019-09-25 11:10:29,177 [09fcc576-174a-4714-a677-8a28b3c19a40@group-2DA117A217CE:LeaderElection308] INFO  server.RaftServerConfigKeys (ConfUtils.java:logGet(43)) - raft.server.watch.timeout = 10s (default)
2019-09-25 11:10:29,177 [09fcc576-174a-4714-a677-8a28b3c19a40@group-2DA117A217CE:LeaderElection308] INFO  server.RaftServerConfigKeys (ConfUtils.java:logGet(43)) - raft.server.watch.timeout.denomination = 1s (default)
2019-09-25 11:10:29,177 [09fcc576-174a-4714-a677-8a28b3c19a40@group-2DA117A217CE:LeaderElection308] INFO  server.RaftServerConfigKeys (ConfUtils.java:logGet(43)) - raft.server.watch.element-limit = 65536 (default)
2019-09-25 11:10:29,179 [09fcc576-174a-4714-a677-8a28b3c19a40@group-2DA117A217CE:LeaderElection308] INFO  impl.RoleInfo (RoleInfo.java:updateAndGet(143)) - 09fcc576-174a-4714-a677-8a28b3c19a40: start LeaderState
2019-09-25 11:10:29,179 [09fcc576-174a-4714-a677-8a28b3c19a40@group-2DA117A217CE:LeaderElection308] INFO  segmented.SegmentedRaftLogWorker (SegmentedRaftLogWorker.java:startLogSegment(380)) - 09fcc576-174a-4714-a677-8a28b3c19a40@group-2DA117A217CE-SegmentedRaftLogWorker: Starting segment from index:0
2019-09-25 11:10:29,179 [09fcc576-174a-4714-a677-8a28b3c19a40@group-2DA117A217CE:LeaderElection308] INFO  impl.RaftServerImpl (ServerState.java:setRaftConf(354)) - 09fcc576-174a-4714-a677-8a28b3c19a40@group-2DA117A217CE: set configuration 0: [09fcc576-174a-4714-a677-8a28b3c19a40:192.168.30.6:45814], old=null at 0
2019-09-25 11:10:29,198 [Thread-3994] INFO  impl.FollowerState (FollowerState.java:run(106)) - 231d5a30-2990-4b37-835c-52719c996380:group-260535B89D6A changes to CANDIDATE, lastRpcTime:5114, electionTimeout:5114ms
2019-09-25 11:10:29,199 [Thread-3994] INFO  impl.RoleInfo (RoleInfo.java:shutdownFollowerState(121)) - 231d5a30-2990-4b37-835c-52719c996380: shutdown FollowerState
2019-09-25 11:10:29,199 [Thread-3994] INFO  impl.RaftServerImpl (RaftServerImpl.java:setRole(174)) - 231d5a30-2990-4b37-835c-52719c996380@group-260535B89D6A: changes role from  FOLLOWER to CANDIDATE at term 0 for changeToCandidate
2019-09-25 11:10:29,199 [Thread-3994] INFO  impl.RoleInfo (RoleInfo.java:updateAndGet(143)) - 231d5a30-2990-4b37-835c-52719c996380: start LeaderElection
2019-09-25 11:10:29,227 [09fcc576-174a-4714-a677-8a28b3c19a40@group-2DA117A217CE-SegmentedRaftLogWorker] INFO  segmented.SegmentedRaftLogWorker (SegmentedRaftLogWorker.java:execute(569)) - 09fcc576-174a-4714-a677-8a28b3c19a40@group-2DA117A217CE-SegmentedRaftLogWorker: created new log segment /workdir/hadoop-ozone/integration-test/target/test-dir/MiniOzoneClusterImpl-36bd9e64-229c-43b0-8f36-7d73050474c0/datanode-2/data/ratis/75d93f7e-433c-4fef-84de-2da117a217ce/current/log_inprogress_0
2019-09-25 11:10:29,227 [231d5a30-2990-4b37-835c-52719c996380@group-260535B89D6A:LeaderElection309] INFO  impl.LeaderElection (LeaderElection.java:askForVotes(182)) - 231d5a30-2990-4b37-835c-52719c996380@group-260535B89D6A:LeaderElection309: begin an election at term 1 for -1: [231d5a30-2990-4b37-835c-52719c996380:192.168.30.6:44620], old=null
2019-09-25 11:10:29,227 [231d5a30-2990-4b37-835c-52719c996380@group-260535B89D6A:LeaderElection309] INFO  impl.RoleInfo (RoleInfo.java:shutdownLeaderElection(134)) - 231d5a30-2990-4b37-835c-52719c996380: shutdown LeaderElection
2019-09-25 11:10:29,227 [231d5a30-2990-4b37-835c-52719c996380@group-260535B89D6A:LeaderElection309] INFO  impl.RaftServerImpl (RaftServerImpl.java:setRole(174)) - 231d5a30-2990-4b37-835c-52719c996380@group-260535B89D6A: changes role from CANDIDATE to LEADER at term 1 for changeToLeader
2019-09-25 11:10:29,228 [231d5a30-2990-4b37-835c-52719c996380@group-260535B89D6A:LeaderElection309] INFO  impl.RaftServerImpl (ServerState.java:setLeader(253)) - 231d5a30-2990-4b37-835c-52719c996380@group-260535B89D6A: change Leader from null to 231d5a30-2990-4b37-835c-52719c996380 at term 1 for becomeLeader, leader elected after 5148ms
2019-09-25 11:10:29,228 [231d5a30-2990-4b37-835c-52719c996380@group-260535B89D6A:LeaderElection309] INFO  server.RaftServerConfigKeys (ConfUtils.java:logGet(43)) - raft.server.staging.catchup.gap = 1000 (default)
2019-09-25 11:10:29,228 [231d5a30-2990-4b37-835c-52719c996380@group-260535B89D6A:LeaderElection309] INFO  server.RaftServerConfigKeys (ConfUtils.java:logGet(43)) - raft.server.rpc.sleep.time = 25ms (default)
2019-09-25 11:10:29,228 [231d5a30-2990-4b37-835c-52719c996380@group-260535B89D6A:LeaderElection309] INFO  server.RaftServerConfigKeys (ConfUtils.java:logGet(43)) - raft.server.write.element-limit = 4096 (default)
2019-09-25 11:10:29,228 [231d5a30-2990-4b37-835c-52719c996380@group-260535B89D6A:LeaderElection309] INFO  server.RaftServerConfigKeys (ConfUtils.java:logGet(43)) - raft.server.watch.timeout = 10s (default)
2019-09-25 11:10:29,228 [231d5a30-2990-4b37-835c-52719c996380@group-260535B89D6A:LeaderElection309] INFO  server.RaftServerConfigKeys (ConfUtils.java:logGet(43)) - raft.server.watch.timeout.denomination = 1s (default)
2019-09-25 11:10:29,229 [231d5a30-2990-4b37-835c-52719c996380@group-260535B89D6A:LeaderElection309] INFO  server.RaftServerConfigKeys (ConfUtils.java:logGet(43)) - raft.server.watch.element-limit = 65536 (default)
2019-09-25 11:10:29,229 [Thread-3991] INFO  impl.FollowerState (FollowerState.java:run(106)) - 0f46229f-d487-4784-9d87-cba709966a77:group-6AC606EEE33E changes to CANDIDATE, lastRpcTime:5185, electionTimeout:5184ms
2019-09-25 11:10:29,229 [Thread-3991] INFO  impl.RoleInfo (RoleInfo.java:shutdownFollowerState(121)) - 0f46229f-d487-4784-9d87-cba709966a77: shutdown FollowerState
2019-09-25 11:10:29,230 [Thread-3991] INFO  impl.RaftServerImpl (RaftServerImpl.java:setRole(174)) - 0f46229f-d487-4784-9d87-cba709966a77@group-6AC606EEE33E: changes role from  FOLLOWER to CANDIDATE at term 0 for changeToCandidate
2019-09-25 11:10:29,230 [Thread-3991] INFO  impl.RoleInfo (RoleInfo.java:updateAndGet(143)) - 0f46229f-d487-4784-9d87-cba709966a77: start LeaderElection
2019-09-25 11:10:29,236 [Thread-3997] INFO  impl.FollowerState (FollowerState.java:run(106)) - 0f46229f-d487-4784-9d87-cba709966a77:group-3C2107EAC773 changes to CANDIDATE, lastRpcTime:5114, electionTimeout:5114ms
2019-09-25 11:10:29,236 [Thread-3997] INFO  impl.RoleInfo (RoleInfo.java:shutdownFollowerState(121)) - 0f46229f-d487-4784-9d87-cba709966a77: shutdown FollowerState
2019-09-25 11:10:29,236 [Thread-3997] INFO  impl.RaftServerImpl (RaftServerImpl.java:setRole(174)) - 0f46229f-d487-4784-9d87-cba709966a77@group-3C2107EAC773: changes role from  FOLLOWER to CANDIDATE at term 0 for changeToCandidate
2019-09-25 11:10:29,236 [Thread-3997] INFO  impl.RoleInfo (RoleInfo.java:updateAndGet(143)) - 0f46229f-d487-4784-9d87-cba709966a77: start LeaderElection
2019-09-25 11:10:29,236 [231d5a30-2990-4b37-835c-52719c996380@group-260535B89D6A:LeaderElection309] INFO  impl.RoleInfo (RoleInfo.java:updateAndGet(143)) - 231d5a30-2990-4b37-835c-52719c996380: start LeaderState
2019-09-25 11:10:29,240 [231d5a30-2990-4b37-835c-52719c996380@group-260535B89D6A:LeaderElection309] INFO  segmented.SegmentedRaftLogWorker (SegmentedRaftLogWorker.java:startLogSegment(380)) - 231d5a30-2990-4b37-835c-52719c996380@group-260535B89D6A-SegmentedRaftLogWorker: Starting segment from index:0
2019-09-25 11:10:29,241 [231d5a30-2990-4b37-835c-52719c996380@group-260535B89D6A:LeaderElection309] INFO  impl.RaftServerImpl (ServerState.java:setRaftConf(354)) - 231d5a30-2990-4b37-835c-52719c996380@group-260535B89D6A: set configuration 0: [231d5a30-2990-4b37-835c-52719c996380:192.168.30.6:44620], old=null at 0
2019-09-25 11:10:29,249 [0f46229f-d487-4784-9d87-cba709966a77@group-6AC606EEE33E:LeaderElection310] INFO  impl.LeaderElection (LeaderElection.java:askForVotes(182)) - 0f46229f-d487-4784-9d87-cba709966a77@group-6AC606EEE33E:LeaderElection310: begin an election at term 1 for -1: [0f46229f-d487-4784-9d87-cba709966a77:192.168.30.6:36619], old=null
2019-09-25 11:10:29,249 [0f46229f-d487-4784-9d87-cba709966a77@group-3C2107EAC773:LeaderElection311] INFO  impl.LeaderElection (LeaderElection.java:askForVotes(182)) - 0f46229f-d487-4784-9d87-cba709966a77@group-3C2107EAC773:LeaderElection311: begin an election at term 1 for -1: [0f46229f-d487-4784-9d87-cba709966a77:192.168.30.6:36619], old=null
2019-09-25 11:10:29,249 [0f46229f-d487-4784-9d87-cba709966a77@group-6AC606EEE33E:LeaderElection310] INFO  impl.RoleInfo (RoleInfo.java:shutdownLeaderElection(134)) - 0f46229f-d487-4784-9d87-cba709966a77: shutdown LeaderElection
2019-09-25 11:10:29,250 [0f46229f-d487-4784-9d87-cba709966a77@group-3C2107EAC773:LeaderElection311] INFO  impl.RoleInfo (RoleInfo.java:shutdownLeaderElection(134)) - 0f46229f-d487-4784-9d87-cba709966a77: shutdown LeaderElection
2019-09-25 11:10:29,250 [0f46229f-d487-4784-9d87-cba709966a77@group-6AC606EEE33E:LeaderElection310] INFO  impl.RaftServerImpl (RaftServerImpl.java:setRole(174)) - 0f46229f-d487-4784-9d87-cba709966a77@group-6AC606EEE33E: changes role from CANDIDATE to LEADER at term 1 for changeToLeader
2019-09-25 11:10:29,250 [0f46229f-d487-4784-9d87-cba709966a77@group-6AC606EEE33E:LeaderElection310] INFO  impl.RaftServerImpl (ServerState.java:setLeader(253)) - 0f46229f-d487-4784-9d87-cba709966a77@group-6AC606EEE33E: change Leader from null to 0f46229f-d487-4784-9d87-cba709966a77 at term 1 for becomeLeader, leader elected after 5211ms
2019-09-25 11:10:29,250 [0f46229f-d487-4784-9d87-cba709966a77@group-3C2107EAC773:LeaderElection311] INFO  impl.RaftServerImpl (RaftServerImpl.java:setRole(174)) - 0f46229f-d487-4784-9d87-cba709966a77@group-3C2107EAC773: changes role from CANDIDATE to LEADER at term 1 for changeToLeader
2019-09-25 11:10:29,250 [0f46229f-d487-4784-9d87-cba709966a77@group-6AC606EEE33E:LeaderElection310] INFO  server.RaftServerConfigKeys (ConfUtils.java:logGet(43)) - raft.server.staging.catchup.gap = 1000 (default)
2019-09-25 11:10:29,250 [0f46229f-d487-4784-9d87-cba709966a77@group-3C2107EAC773:LeaderElection311] INFO  impl.RaftServerImpl (ServerState.java:setLeader(253)) - 0f46229f-d487-4784-9d87-cba709966a77@group-3C2107EAC773: change Leader from null to 0f46229f-d487-4784-9d87-cba709966a77 at term 1 for becomeLeader, leader elected after 5132ms
2019-09-25 11:10:29,250 [0f46229f-d487-4784-9d87-cba709966a77@group-6AC606EEE33E:LeaderElection310] INFO  server.RaftServerConfigKeys (ConfUtils.java:logGet(43)) - raft.server.rpc.sleep.time = 25ms (default)
2019-09-25 11:10:29,250 [0f46229f-d487-4784-9d87-cba709966a77@group-3C2107EAC773:LeaderElection311] INFO  server.RaftServerConfigKeys (ConfUtils.java:logGet(43)) - raft.server.staging.catchup.gap = 1000 (default)
2019-09-25 11:10:29,250 [0f46229f-d487-4784-9d87-cba709966a77@group-6AC606EEE33E:LeaderElection310] INFO  server.RaftServerConfigKeys (ConfUtils.java:logGet(43)) - raft.server.write.element-limit = 4096 (default)
2019-09-25 11:10:29,250 [0f46229f-d487-4784-9d87-cba709966a77@group-3C2107EAC773:LeaderElection311] INFO  server.RaftServerConfigKeys (ConfUtils.java:logGet(43)) - raft.server.rpc.sleep.time = 25ms (default)
2019-09-25 11:10:29,251 [0f46229f-d487-4784-9d87-cba709966a77@group-6AC606EEE33E:LeaderElection310] INFO  server.RaftServerConfigKeys (ConfUtils.java:logGet(43)) - raft.server.watch.timeout = 10s (default)
2019-09-25 11:10:29,251 [0f46229f-d487-4784-9d87-cba709966a77@group-3C2107EAC773:LeaderElection311] INFO  server.RaftServerConfigKeys (ConfUtils.java:logGet(43)) - raft.server.write.element-limit = 4096 (default)
2019-09-25 11:10:29,251 [0f46229f-d487-4784-9d87-cba709966a77@group-6AC606EEE33E:LeaderElection310] INFO  server.RaftServerConfigKeys (ConfUtils.java:logGet(43)) - raft.server.watch.timeout.denomination = 1s (default)
2019-09-25 11:10:29,251 [0f46229f-d487-4784-9d87-cba709966a77@group-3C2107EAC773:LeaderElection311] INFO  server.RaftServerConfigKeys (ConfUtils.java:logGet(43)) - raft.server.watch.timeout = 10s (default)
2019-09-25 11:10:29,251 [0f46229f-d487-4784-9d87-cba709966a77@group-6AC606EEE33E:LeaderElection310] INFO  server.RaftServerConfigKeys (ConfUtils.java:logGet(43)) - raft.server.watch.element-limit = 65536 (default)
2019-09-25 11:10:29,251 [0f46229f-d487-4784-9d87-cba709966a77@group-3C2107EAC773:LeaderElection311] INFO  server.RaftServerConfigKeys (ConfUtils.java:logGet(43)) - raft.server.watch.timeout.denomination = 1s (default)
2019-09-25 11:10:29,251 [0f46229f-d487-4784-9d87-cba709966a77@group-3C2107EAC773:LeaderElection311] INFO  server.RaftServerConfigKeys (ConfUtils.java:logGet(43)) - raft.server.watch.element-limit = 65536 (default)
2019-09-25 11:10:29,253 [0f46229f-d487-4784-9d87-cba709966a77@group-6AC606EEE33E:LeaderElection310] INFO  impl.RoleInfo (RoleInfo.java:updateAndGet(143)) - 0f46229f-d487-4784-9d87-cba709966a77: start LeaderState
2019-09-25 11:10:29,254 [0f46229f-d487-4784-9d87-cba709966a77@group-6AC606EEE33E:LeaderElection310] INFO  segmented.SegmentedRaftLogWorker (SegmentedRaftLogWorker.java:startLogSegment(380)) - 0f46229f-d487-4784-9d87-cba709966a77@group-6AC606EEE33E-SegmentedRaftLogWorker: Starting segment from index:0
2019-09-25 11:10:29,254 [0f46229f-d487-4784-9d87-cba709966a77@group-3C2107EAC773:LeaderElection311] INFO  impl.RoleInfo (RoleInfo.java:updateAndGet(143)) - 0f46229f-d487-4784-9d87-cba709966a77: start LeaderState
2019-09-25 11:10:29,254 [0f46229f-d487-4784-9d87-cba709966a77@group-6AC606EEE33E:LeaderElection310] INFO  impl.RaftServerImpl (ServerState.java:setRaftConf(354)) - 0f46229f-d487-4784-9d87-cba709966a77@group-6AC606EEE33E: set configuration 0: [0f46229f-d487-4784-9d87-cba709966a77:192.168.30.6:36619], old=null at 0
2019-09-25 11:10:29,254 [0f46229f-d487-4784-9d87-cba709966a77@group-3C2107EAC773:LeaderElection311] INFO  segmented.SegmentedRaftLogWorker (SegmentedRaftLogWorker.java:startLogSegment(380)) - 0f46229f-d487-4784-9d87-cba709966a77@group-3C2107EAC773-SegmentedRaftLogWorker: Starting segment from index:0
2019-09-25 11:10:29,255 [0f46229f-d487-4784-9d87-cba709966a77@group-3C2107EAC773:LeaderElection311] INFO  impl.RaftServerImpl (ServerState.java:setRaftConf(354)) - 0f46229f-d487-4784-9d87-cba709966a77@group-3C2107EAC773: set configuration 0: [0f46229f-d487-4784-9d87-cba709966a77:192.168.30.6:36619], old=null at 0
2019-09-25 11:10:29,280 [231d5a30-2990-4b37-835c-52719c996380@group-260535B89D6A-SegmentedRaftLogWorker] INFO  segmented.SegmentedRaftLogWorker (SegmentedRaftLogWorker.java:execute(569)) - 231d5a30-2990-4b37-835c-52719c996380@group-260535B89D6A-SegmentedRaftLogWorker: created new log segment /workdir/hadoop-ozone/integration-test/target/test-dir/MiniOzoneClusterImpl-36bd9e64-229c-43b0-8f36-7d73050474c0/datanode-4/data/ratis/78659a7c-0ff1-4548-9319-260535b89d6a/current/log_inprogress_0
2019-09-25 11:10:29,304 [0f46229f-d487-4784-9d87-cba709966a77@group-3C2107EAC773-SegmentedRaftLogWorker] INFO  segmented.SegmentedRaftLogWorker (SegmentedRaftLogWorker.java:execute(569)) - 0f46229f-d487-4784-9d87-cba709966a77@group-3C2107EAC773-SegmentedRaftLogWorker: created new log segment /workdir/hadoop-ozone/integration-test/target/test-dir/MiniOzoneClusterImpl-36bd9e64-229c-43b0-8f36-7d73050474c0/datanode-5/data/ratis/705ae459-620e-4746-9dd7-3c2107eac773/current/log_inprogress_0
2019-09-25 11:10:29,304 [0f46229f-d487-4784-9d87-cba709966a77@group-6AC606EEE33E-SegmentedRaftLogWorker] INFO  segmented.SegmentedRaftLogWorker (SegmentedRaftLogWorker.java:execute(569)) - 0f46229f-d487-4784-9d87-cba709966a77@group-6AC606EEE33E-SegmentedRaftLogWorker: created new log segment /workdir/hadoop-ozone/integration-test/target/test-dir/MiniOzoneClusterImpl-36bd9e64-229c-43b0-8f36-7d73050474c0/datanode-5/data/ratis/d5c8b533-e66f-4353-8781-6ac606eee33e/current/log_inprogress_0
2019-09-25 11:10:29,305 [Thread-4000] INFO  impl.FollowerState (FollowerState.java:run(106)) - 231d5a30-2990-4b37-835c-52719c996380:group-FA083F1E7B11 changes to CANDIDATE, lastRpcTime:5146, electionTimeout:5146ms
2019-09-25 11:10:29,305 [Thread-4000] INFO  impl.RoleInfo (RoleInfo.java:shutdownFollowerState(121)) - 231d5a30-2990-4b37-835c-52719c996380: shutdown FollowerState
2019-09-25 11:10:29,305 [Thread-4000] INFO  impl.RaftServerImpl (RaftServerImpl.java:setRole(174)) - 231d5a30-2990-4b37-835c-52719c996380@group-FA083F1E7B11: changes role from  FOLLOWER to CANDIDATE at term 0 for changeToCandidate
2019-09-25 11:10:29,305 [Thread-4000] INFO  impl.RoleInfo (RoleInfo.java:updateAndGet(143)) - 231d5a30-2990-4b37-835c-52719c996380: start LeaderElection
2019-09-25 11:10:29,316 [Thread-4006] INFO  impl.FollowerState (FollowerState.java:run(106)) - 79e2f6f7-785e-4584-a2b0-6f2cf2bd33a1:group-A77A2EC9CD1D changes to CANDIDATE, lastRpcTime:5082, electionTimeout:5082ms
2019-09-25 11:10:29,316 [Thread-4006] INFO  impl.RoleInfo (RoleInfo.java:shutdownFollowerState(121)) - 79e2f6f7-785e-4584-a2b0-6f2cf2bd33a1: shutdown FollowerState
2019-09-25 11:10:29,316 [Thread-4006] INFO  impl.RaftServerImpl (RaftServerImpl.java:setRole(174)) - 79e2f6f7-785e-4584-a2b0-6f2cf2bd33a1@group-A77A2EC9CD1D: changes role from  FOLLOWER to CANDIDATE at term 0 for changeToCandidate
2019-09-25 11:10:29,317 [Thread-4006] INFO  impl.RoleInfo (RoleInfo.java:updateAndGet(143)) - 79e2f6f7-785e-4584-a2b0-6f2cf2bd33a1: start LeaderElection
2019-09-25 11:10:29,321 [231d5a30-2990-4b37-835c-52719c996380@group-FA083F1E7B11:LeaderElection312] INFO  impl.LeaderElection (LeaderElection.java:askForVotes(182)) - 231d5a30-2990-4b37-835c-52719c996380@group-FA083F1E7B11:LeaderElection312: begin an election at term 1 for -1: [231d5a30-2990-4b37-835c-52719c996380:192.168.30.6:44620], old=null
2019-09-25 11:10:29,321 [231d5a30-2990-4b37-835c-52719c996380@group-FA083F1E7B11:LeaderElection312] INFO  impl.RoleInfo (RoleInfo.java:shutdownLeaderElection(134)) - 231d5a30-2990-4b37-835c-52719c996380: shutdown LeaderElection
2019-09-25 11:10:29,321 [231d5a30-2990-4b37-835c-52719c996380@group-FA083F1E7B11:LeaderElection312] INFO  impl.RaftServerImpl (RaftServerImpl.java:setRole(174)) - 231d5a30-2990-4b37-835c-52719c996380@group-FA083F1E7B11: changes role from CANDIDATE to LEADER at term 1 for changeToLeader
2019-09-25 11:10:29,321 [231d5a30-2990-4b37-835c-52719c996380@group-FA083F1E7B11:LeaderElection312] INFO  impl.RaftServerImpl (ServerState.java:setLeader(253)) - 231d5a30-2990-4b37-835c-52719c996380@group-FA083F1E7B11: change Leader from null to 231d5a30-2990-4b37-835c-52719c996380 at term 1 for becomeLeader, leader elected after 5167ms
2019-09-25 11:10:29,322 [231d5a30-2990-4b37-835c-52719c996380@group-FA083F1E7B11:LeaderElection312] INFO  server.RaftServerConfigKeys (ConfUtils.java:logGet(43)) - raft.server.staging.catchup.gap = 1000 (default)
2019-09-25 11:10:29,322 [231d5a30-2990-4b37-835c-52719c996380@group-FA083F1E7B11:LeaderElection312] INFO  server.RaftServerConfigKeys (ConfUtils.java:logGet(43)) - raft.server.rpc.sleep.time = 25ms (default)
2019-09-25 11:10:29,322 [231d5a30-2990-4b37-835c-52719c996380@group-FA083F1E7B11:LeaderElection312] INFO  server.RaftServerConfigKeys (ConfUtils.java:logGet(43)) - raft.server.write.element-limit = 4096 (default)
2019-09-25 11:10:29,322 [231d5a30-2990-4b37-835c-52719c996380@group-FA083F1E7B11:LeaderElection312] INFO  server.RaftServerConfigKeys (ConfUtils.java:logGet(43)) - raft.server.watch.timeout = 10s (default)
2019-09-25 11:10:29,322 [231d5a30-2990-4b37-835c-52719c996380@group-FA083F1E7B11:LeaderElection312] INFO  server.RaftServerConfigKeys (ConfUtils.java:logGet(43)) - raft.server.watch.timeout.denomination = 1s (default)
2019-09-25 11:10:29,322 [231d5a30-2990-4b37-835c-52719c996380@group-FA083F1E7B11:LeaderElection312] INFO  server.RaftServerConfigKeys (ConfUtils.java:logGet(43)) - raft.server.watch.element-limit = 65536 (default)
2019-09-25 11:10:29,324 [231d5a30-2990-4b37-835c-52719c996380@group-FA083F1E7B11:LeaderElection312] INFO  impl.RoleInfo (RoleInfo.java:updateAndGet(143)) - 231d5a30-2990-4b37-835c-52719c996380: start LeaderState
2019-09-25 11:10:29,324 [231d5a30-2990-4b37-835c-52719c996380@group-FA083F1E7B11:LeaderElection312] INFO  segmented.SegmentedRaftLogWorker (SegmentedRaftLogWorker.java:startLogSegment(380)) - 231d5a30-2990-4b37-835c-52719c996380@group-FA083F1E7B11-SegmentedRaftLogWorker: Starting segment from index:0
2019-09-25 11:10:29,324 [231d5a30-2990-4b37-835c-52719c996380@group-FA083F1E7B11:LeaderElection312] INFO  impl.RaftServerImpl (ServerState.java:setRaftConf(354)) - 231d5a30-2990-4b37-835c-52719c996380@group-FA083F1E7B11: set configuration 0: [231d5a30-2990-4b37-835c-52719c996380:192.168.30.6:44620], old=null at 0
2019-09-25 11:10:29,335 [79e2f6f7-785e-4584-a2b0-6f2cf2bd33a1@group-A77A2EC9CD1D:LeaderElection313] INFO  impl.LeaderElection (LeaderElection.java:askForVotes(182)) - 79e2f6f7-785e-4584-a2b0-6f2cf2bd33a1@group-A77A2EC9CD1D:LeaderElection313: begin an election at term 1 for -1: [79e2f6f7-785e-4584-a2b0-6f2cf2bd33a1:192.168.30.6:45176], old=null
2019-09-25 11:10:29,335 [79e2f6f7-785e-4584-a2b0-6f2cf2bd33a1@group-A77A2EC9CD1D:LeaderElection313] INFO  impl.RoleInfo (RoleInfo.java:shutdownLeaderElection(134)) - 79e2f6f7-785e-4584-a2b0-6f2cf2bd33a1: shutdown LeaderElection
2019-09-25 11:10:29,335 [79e2f6f7-785e-4584-a2b0-6f2cf2bd33a1@group-A77A2EC9CD1D:LeaderElection313] INFO  impl.RaftServerImpl (RaftServerImpl.java:setRole(174)) - 79e2f6f7-785e-4584-a2b0-6f2cf2bd33a1@group-A77A2EC9CD1D: changes role from CANDIDATE to LEADER at term 1 for changeToLeader
2019-09-25 11:10:29,335 [79e2f6f7-785e-4584-a2b0-6f2cf2bd33a1@group-A77A2EC9CD1D:LeaderElection313] INFO  impl.RaftServerImpl (ServerState.java:setLeader(253)) - 79e2f6f7-785e-4584-a2b0-6f2cf2bd33a1@group-A77A2EC9CD1D: change Leader from null to 79e2f6f7-785e-4584-a2b0-6f2cf2bd33a1 at term 1 for becomeLeader, leader elected after 5107ms
2019-09-25 11:10:29,335 [79e2f6f7-785e-4584-a2b0-6f2cf2bd33a1@group-A77A2EC9CD1D:LeaderElection313] INFO  server.RaftServerConfigKeys (ConfUtils.java:logGet(43)) - raft.server.staging.catchup.gap = 1000 (default)
2019-09-25 11:10:29,335 [79e2f6f7-785e-4584-a2b0-6f2cf2bd33a1@group-A77A2EC9CD1D:LeaderElection313] INFO  server.RaftServerConfigKeys (ConfUtils.java:logGet(43)) - raft.server.rpc.sleep.time = 25ms (default)
2019-09-25 11:10:29,336 [79e2f6f7-785e-4584-a2b0-6f2cf2bd33a1@group-A77A2EC9CD1D:LeaderElection313] INFO  server.RaftServerConfigKeys (ConfUtils.java:logGet(43)) - raft.server.write.element-limit = 4096 (default)
2019-09-25 11:10:29,336 [79e2f6f7-785e-4584-a2b0-6f2cf2bd33a1@group-A77A2EC9CD1D:LeaderElection313] INFO  server.RaftServerConfigKeys (ConfUtils.java:logGet(43)) - raft.server.watch.timeout = 10s (default)
2019-09-25 11:10:29,336 [79e2f6f7-785e-4584-a2b0-6f2cf2bd33a1@group-A77A2EC9CD1D:LeaderElection313] INFO  server.RaftServerConfigKeys (ConfUtils.java:logGet(43)) - raft.server.watch.timeout.denomination = 1s (default)
2019-09-25 11:10:29,336 [79e2f6f7-785e-4584-a2b0-6f2cf2bd33a1@group-A77A2EC9CD1D:LeaderElection313] INFO  server.RaftServerConfigKeys (ConfUtils.java:logGet(43)) - raft.server.watch.element-limit = 65536 (default)
2019-09-25 11:10:29,338 [79e2f6f7-785e-4584-a2b0-6f2cf2bd33a1@group-A77A2EC9CD1D:LeaderElection313] INFO  impl.RoleInfo (RoleInfo.java:updateAndGet(143)) - 79e2f6f7-785e-4584-a2b0-6f2cf2bd33a1: start LeaderState
2019-09-25 11:10:29,338 [79e2f6f7-785e-4584-a2b0-6f2cf2bd33a1@group-A77A2EC9CD1D:LeaderElection313] INFO  segmented.SegmentedRaftLogWorker (SegmentedRaftLogWorker.java:startLogSegment(380)) - 79e2f6f7-785e-4584-a2b0-6f2cf2bd33a1@group-A77A2EC9CD1D-SegmentedRaftLogWorker: Starting segment from index:0
2019-09-25 11:10:29,338 [79e2f6f7-785e-4584-a2b0-6f2cf2bd33a1@group-A77A2EC9CD1D:LeaderElection313] INFO  impl.RaftServerImpl (ServerState.java:setRaftConf(354)) - 79e2f6f7-785e-4584-a2b0-6f2cf2bd33a1@group-A77A2EC9CD1D: set configuration 0: [79e2f6f7-785e-4584-a2b0-6f2cf2bd33a1:192.168.30.6:45176], old=null at 0
2019-09-25 11:10:29,363 [231d5a30-2990-4b37-835c-52719c996380@group-FA083F1E7B11-SegmentedRaftLogWorker] INFO  segmented.SegmentedRaftLogWorker (SegmentedRaftLogWorker.java:execute(569)) - 231d5a30-2990-4b37-835c-52719c996380@group-FA083F1E7B11-SegmentedRaftLogWorker: created new log segment /workdir/hadoop-ozone/integration-test/target/test-dir/MiniOzoneClusterImpl-36bd9e64-229c-43b0-8f36-7d73050474c0/datanode-4/data/ratis/75d2cfbd-e2af-43b2-8e3c-fa083f1e7b11/current/log_inprogress_0
2019-09-25 11:10:29,376 [Thread-4003] INFO  impl.FollowerState (FollowerState.java:run(106)) - 79e2f6f7-785e-4584-a2b0-6f2cf2bd33a1:group-3CD30251AB4A changes to CANDIDATE, lastRpcTime:5177, electionTimeout:5177ms
2019-09-25 11:10:29,376 [Thread-4003] INFO  impl.RoleInfo (RoleInfo.java:shutdownFollowerState(121)) - 79e2f6f7-785e-4584-a2b0-6f2cf2bd33a1: shutdown FollowerState
2019-09-25 11:10:29,376 [Thread-4003] INFO  impl.RaftServerImpl (RaftServerImpl.java:setRole(174)) - 79e2f6f7-785e-4584-a2b0-6f2cf2bd33a1@group-3CD30251AB4A: changes role from  FOLLOWER to CANDIDATE at term 0 for changeToCandidate
2019-09-25 11:10:29,376 [Thread-4003] INFO  impl.RoleInfo (RoleInfo.java:updateAndGet(143)) - 79e2f6f7-785e-4584-a2b0-6f2cf2bd33a1: start LeaderElection
2019-09-25 11:10:29,387 [79e2f6f7-785e-4584-a2b0-6f2cf2bd33a1@group-A77A2EC9CD1D-SegmentedRaftLogWorker] INFO  segmented.SegmentedRaftLogWorker (SegmentedRaftLogWorker.java:execute(569)) - 79e2f6f7-785e-4584-a2b0-6f2cf2bd33a1@group-A77A2EC9CD1D-SegmentedRaftLogWorker: created new log segment /workdir/hadoop-ozone/integration-test/target/test-dir/MiniOzoneClusterImpl-36bd9e64-229c-43b0-8f36-7d73050474c0/datanode-3/data/ratis/deed1504-a8a5-461e-aea7-a77a2ec9cd1d/current/log_inprogress_0
2019-09-25 11:10:29,387 [79e2f6f7-785e-4584-a2b0-6f2cf2bd33a1@group-3CD30251AB4A:LeaderElection314] INFO  impl.LeaderElection (LeaderElection.java:askForVotes(182)) - 79e2f6f7-785e-4584-a2b0-6f2cf2bd33a1@group-3CD30251AB4A:LeaderElection314: begin an election at term 1 for -1: [79e2f6f7-785e-4584-a2b0-6f2cf2bd33a1:192.168.30.6:45176], old=null
2019-09-25 11:10:29,388 [79e2f6f7-785e-4584-a2b0-6f2cf2bd33a1@group-3CD30251AB4A:LeaderElection314] INFO  impl.RoleInfo (RoleInfo.java:shutdownLeaderElection(134)) - 79e2f6f7-785e-4584-a2b0-6f2cf2bd33a1: shutdown LeaderElection
2019-09-25 11:10:29,388 [79e2f6f7-785e-4584-a2b0-6f2cf2bd33a1@group-3CD30251AB4A:LeaderElection314] INFO  impl.RaftServerImpl (RaftServerImpl.java:setRole(174)) - 79e2f6f7-785e-4584-a2b0-6f2cf2bd33a1@group-3CD30251AB4A: changes role from CANDIDATE to LEADER at term 1 for changeToLeader
2019-09-25 11:10:29,388 [79e2f6f7-785e-4584-a2b0-6f2cf2bd33a1@group-3CD30251AB4A:LeaderElection314] INFO  impl.RaftServerImpl (ServerState.java:setLeader(253)) - 79e2f6f7-785e-4584-a2b0-6f2cf2bd33a1@group-3CD30251AB4A: change Leader from null to 79e2f6f7-785e-4584-a2b0-6f2cf2bd33a1 at term 1 for becomeLeader, leader elected after 5195ms
2019-09-25 11:10:29,388 [79e2f6f7-785e-4584-a2b0-6f2cf2bd33a1@group-3CD30251AB4A:LeaderElection314] INFO  server.RaftServerConfigKeys (ConfUtils.java:logGet(43)) - raft.server.staging.catchup.gap = 1000 (default)
2019-09-25 11:10:29,388 [79e2f6f7-785e-4584-a2b0-6f2cf2bd33a1@group-3CD30251AB4A:LeaderElection314] INFO  server.RaftServerConfigKeys (ConfUtils.java:logGet(43)) - raft.server.rpc.sleep.time = 25ms (default)
2019-09-25 11:10:29,388 [79e2f6f7-785e-4584-a2b0-6f2cf2bd33a1@group-3CD30251AB4A:LeaderElection314] INFO  server.RaftServerConfigKeys (ConfUtils.java:logGet(43)) - raft.server.write.element-limit = 4096 (default)
2019-09-25 11:10:29,389 [79e2f6f7-785e-4584-a2b0-6f2cf2bd33a1@group-3CD30251AB4A:LeaderElection314] INFO  server.RaftServerConfigKeys (ConfUtils.java:logGet(43)) - raft.server.watch.timeout = 10s (default)
2019-09-25 11:10:29,389 [79e2f6f7-785e-4584-a2b0-6f2cf2bd33a1@group-3CD30251AB4A:LeaderElection314] INFO  server.RaftServerConfigKeys (ConfUtils.java:logGet(43)) - raft.server.watch.timeout.denomination = 1s (default)
2019-09-25 11:10:29,389 [79e2f6f7-785e-4584-a2b0-6f2cf2bd33a1@group-3CD30251AB4A:LeaderElection314] INFO  server.RaftServerConfigKeys (ConfUtils.java:logGet(43)) - raft.server.watch.element-limit = 65536 (default)
2019-09-25 11:10:29,390 [79e2f6f7-785e-4584-a2b0-6f2cf2bd33a1@group-3CD30251AB4A:LeaderElection314] INFO  impl.RoleInfo (RoleInfo.java:updateAndGet(143)) - 79e2f6f7-785e-4584-a2b0-6f2cf2bd33a1: start LeaderState
2019-09-25 11:10:29,391 [79e2f6f7-785e-4584-a2b0-6f2cf2bd33a1@group-3CD30251AB4A:LeaderElection314] INFO  segmented.SegmentedRaftLogWorker (SegmentedRaftLogWorker.java:startLogSegment(380)) - 79e2f6f7-785e-4584-a2b0-6f2cf2bd33a1@group-3CD30251AB4A-SegmentedRaftLogWorker: Starting segment from index:0
2019-09-25 11:10:29,391 [79e2f6f7-785e-4584-a2b0-6f2cf2bd33a1@group-3CD30251AB4A:LeaderElection314] INFO  impl.RaftServerImpl (ServerState.java:setRaftConf(354)) - 79e2f6f7-785e-4584-a2b0-6f2cf2bd33a1@group-3CD30251AB4A: set configuration 0: [79e2f6f7-785e-4584-a2b0-6f2cf2bd33a1:192.168.30.6:45176], old=null at 0
2019-09-25 11:10:29,420 [Thread-4012] INFO  impl.FollowerState (FollowerState.java:run(106)) - 09fcc576-174a-4714-a677-8a28b3c19a40:group-5AAFFE2F297A changes to CANDIDATE, lastRpcTime:5094, electionTimeout:5094ms
2019-09-25 11:10:29,420 [Thread-4012] INFO  impl.RoleInfo (RoleInfo.java:shutdownFollowerState(121)) - 09fcc576-174a-4714-a677-8a28b3c19a40: shutdown FollowerState
2019-09-25 11:10:29,420 [Thread-4012] INFO  impl.RaftServerImpl (RaftServerImpl.java:setRole(174)) - 09fcc576-174a-4714-a677-8a28b3c19a40@group-5AAFFE2F297A: changes role from  FOLLOWER to CANDIDATE at term 0 for changeToCandidate
2019-09-25 11:10:29,420 [Thread-4012] INFO  impl.RoleInfo (RoleInfo.java:updateAndGet(143)) - 09fcc576-174a-4714-a677-8a28b3c19a40: start LeaderElection
2019-09-25 11:10:29,428 [79e2f6f7-785e-4584-a2b0-6f2cf2bd33a1@group-3CD30251AB4A-SegmentedRaftLogWorker] INFO  segmented.SegmentedRaftLogWorker (SegmentedRaftLogWorker.java:execute(569)) - 79e2f6f7-785e-4584-a2b0-6f2cf2bd33a1@group-3CD30251AB4A-SegmentedRaftLogWorker: created new log segment /workdir/hadoop-ozone/integration-test/target/test-dir/MiniOzoneClusterImpl-36bd9e64-229c-43b0-8f36-7d73050474c0/datanode-3/data/ratis/f136c70f-79fb-4b5d-b711-3cd30251ab4a/current/log_inprogress_0
2019-09-25 11:10:29,431 [09fcc576-174a-4714-a677-8a28b3c19a40@group-5AAFFE2F297A:LeaderElection315] INFO  impl.LeaderElection (LeaderElection.java:askForVotes(182)) - 09fcc576-174a-4714-a677-8a28b3c19a40@group-5AAFFE2F297A:LeaderElection315: begin an election at term 1 for -1: [09fcc576-174a-4714-a677-8a28b3c19a40:192.168.30.6:45814], old=null
2019-09-25 11:10:29,431 [09fcc576-174a-4714-a677-8a28b3c19a40@group-5AAFFE2F297A:LeaderElection315] INFO  impl.RoleInfo (RoleInfo.java:shutdownLeaderElection(134)) - 09fcc576-174a-4714-a677-8a28b3c19a40: shutdown LeaderElection
2019-09-25 11:10:29,431 [09fcc576-174a-4714-a677-8a28b3c19a40@group-5AAFFE2F297A:LeaderElection315] INFO  impl.RaftServerImpl (RaftServerImpl.java:setRole(174)) - 09fcc576-174a-4714-a677-8a28b3c19a40@group-5AAFFE2F297A: changes role from CANDIDATE to LEADER at term 1 for changeToLeader
2019-09-25 11:10:29,431 [09fcc576-174a-4714-a677-8a28b3c19a40@group-5AAFFE2F297A:LeaderElection315] INFO  impl.RaftServerImpl (ServerState.java:setLeader(253)) - 09fcc576-174a-4714-a677-8a28b3c19a40@group-5AAFFE2F297A: change Leader from null to 09fcc576-174a-4714-a677-8a28b3c19a40 at term 1 for becomeLeader, leader elected after 5112ms
2019-09-25 11:10:29,431 [09fcc576-174a-4714-a677-8a28b3c19a40@group-5AAFFE2F297A:LeaderElection315] INFO  server.RaftServerConfigKeys (ConfUtils.java:logGet(43)) - raft.server.staging.catchup.gap = 1000 (default)
2019-09-25 11:10:29,431 [09fcc576-174a-4714-a677-8a28b3c19a40@group-5AAFFE2F297A:LeaderElection315] INFO  server.RaftServerConfigKeys (ConfUtils.java:logGet(43)) - raft.server.rpc.sleep.time = 25ms (default)
2019-09-25 11:10:29,432 [09fcc576-174a-4714-a677-8a28b3c19a40@group-5AAFFE2F297A:LeaderElection315] INFO  server.RaftServerConfigKeys (ConfUtils.java:logGet(43)) - raft.server.write.element-limit = 4096 (default)
2019-09-25 11:10:29,432 [09fcc576-174a-4714-a677-8a28b3c19a40@group-5AAFFE2F297A:LeaderElection315] INFO  server.RaftServerConfigKeys (ConfUtils.java:logGet(43)) - raft.server.watch.timeout = 10s (default)
2019-09-25 11:10:29,432 [09fcc576-174a-4714-a677-8a28b3c19a40@group-5AAFFE2F297A:LeaderElection315] INFO  server.RaftServerConfigKeys (ConfUtils.java:logGet(43)) - raft.server.watch.timeout.denomination = 1s (default)
2019-09-25 11:10:29,432 [09fcc576-174a-4714-a677-8a28b3c19a40@group-5AAFFE2F297A:LeaderElection315] INFO  server.RaftServerConfigKeys (ConfUtils.java:logGet(43)) - raft.server.watch.element-limit = 65536 (default)
2019-09-25 11:10:29,434 [09fcc576-174a-4714-a677-8a28b3c19a40@group-5AAFFE2F297A:LeaderElection315] INFO  impl.RoleInfo (RoleInfo.java:updateAndGet(143)) - 09fcc576-174a-4714-a677-8a28b3c19a40: start LeaderState
2019-09-25 11:10:29,434 [09fcc576-174a-4714-a677-8a28b3c19a40@group-5AAFFE2F297A:LeaderElection315] INFO  segmented.SegmentedRaftLogWorker (SegmentedRaftLogWorker.java:startLogSegment(380)) - 09fcc576-174a-4714-a677-8a28b3c19a40@group-5AAFFE2F297A-SegmentedRaftLogWorker: Starting segment from index:0
2019-09-25 11:10:29,434 [09fcc576-174a-4714-a677-8a28b3c19a40@group-5AAFFE2F297A:LeaderElection315] INFO  impl.RaftServerImpl (ServerState.java:setRaftConf(354)) - 09fcc576-174a-4714-a677-8a28b3c19a40@group-5AAFFE2F297A: set configuration 0: [09fcc576-174a-4714-a677-8a28b3c19a40:192.168.30.6:45814], old=null at 0
2019-09-25 11:10:29,449 [Thread-4021] INFO  impl.FollowerState (FollowerState.java:run(106)) - a17b444c-dc8d-41d3-94fa-b87b918595f3:group-460C2ADC2676 changes to CANDIDATE, lastRpcTime:5006, electionTimeout:5006ms
2019-09-25 11:10:29,450 [Thread-4021] INFO  impl.RoleInfo (RoleInfo.java:shutdownFollowerState(121)) - a17b444c-dc8d-41d3-94fa-b87b918595f3: shutdown FollowerState
2019-09-25 11:10:29,450 [Thread-4021] INFO  impl.RaftServerImpl (RaftServerImpl.java:setRole(174)) - a17b444c-dc8d-41d3-94fa-b87b918595f3@group-460C2ADC2676: changes role from  FOLLOWER to CANDIDATE at term 0 for changeToCandidate
2019-09-25 11:10:29,450 [Thread-4021] INFO  impl.RoleInfo (RoleInfo.java:updateAndGet(143)) - a17b444c-dc8d-41d3-94fa-b87b918595f3: start LeaderElection
2019-09-25 11:10:29,473 [Thread-4009] INFO  impl.FollowerState (FollowerState.java:run(106)) - 231d5a30-2990-4b37-835c-52719c996380:group-CB2D659DB079 changes to CANDIDATE, lastRpcTime:5201, electionTimeout:5190ms
2019-09-25 11:10:29,473 [Thread-4009] INFO  impl.RoleInfo (RoleInfo.java:shutdownFollowerState(121)) - 231d5a30-2990-4b37-835c-52719c996380: shutdown FollowerState
2019-09-25 11:10:29,473 [Thread-4009] INFO  impl.RaftServerImpl (RaftServerImpl.java:setRole(174)) - 231d5a30-2990-4b37-835c-52719c996380@group-CB2D659DB079: changes role from  FOLLOWER to CANDIDATE at term 0 for changeToCandidate
2019-09-25 11:10:29,473 [Thread-4009] INFO  impl.RoleInfo (RoleInfo.java:updateAndGet(143)) - 231d5a30-2990-4b37-835c-52719c996380: start LeaderElection
2019-09-25 11:10:29,486 [09fcc576-174a-4714-a677-8a28b3c19a40@group-5AAFFE2F297A-SegmentedRaftLogWorker] INFO  segmented.SegmentedRaftLogWorker (SegmentedRaftLogWorker.java:execute(569)) - 09fcc576-174a-4714-a677-8a28b3c19a40@group-5AAFFE2F297A-SegmentedRaftLogWorker: created new log segment /workdir/hadoop-ozone/integration-test/target/test-dir/MiniOzoneClusterImpl-36bd9e64-229c-43b0-8f36-7d73050474c0/datanode-2/data/ratis/372431c3-798d-45fd-9503-5aaffe2f297a/current/log_inprogress_0
2019-09-25 11:10:29,486 [231d5a30-2990-4b37-835c-52719c996380@group-CB2D659DB079:LeaderElection317] INFO  impl.LeaderElection (LeaderElection.java:askForVotes(182)) - 231d5a30-2990-4b37-835c-52719c996380@group-CB2D659DB079:LeaderElection317: begin an election at term 1 for -1: [231d5a30-2990-4b37-835c-52719c996380:192.168.30.6:44620], old=null
2019-09-25 11:10:29,486 [a17b444c-dc8d-41d3-94fa-b87b918595f3@group-460C2ADC2676:LeaderElection316] INFO  impl.LeaderElection (LeaderElection.java:askForVotes(182)) - a17b444c-dc8d-41d3-94fa-b87b918595f3@group-460C2ADC2676:LeaderElection316: begin an election at term 1 for -1: [a17b444c-dc8d-41d3-94fa-b87b918595f3:192.168.30.6:45831], old=null
2019-09-25 11:10:29,486 [231d5a30-2990-4b37-835c-52719c996380@group-CB2D659DB079:LeaderElection317] INFO  impl.RoleInfo (RoleInfo.java:shutdownLeaderElection(134)) - 231d5a30-2990-4b37-835c-52719c996380: shutdown LeaderElection
2019-09-25 11:10:29,486 [a17b444c-dc8d-41d3-94fa-b87b918595f3@group-460C2ADC2676:LeaderElection316] INFO  impl.RoleInfo (RoleInfo.java:shutdownLeaderElection(134)) - a17b444c-dc8d-41d3-94fa-b87b918595f3: shutdown LeaderElection
2019-09-25 11:10:29,486 [231d5a30-2990-4b37-835c-52719c996380@group-CB2D659DB079:LeaderElection317] INFO  impl.RaftServerImpl (RaftServerImpl.java:setRole(174)) - 231d5a30-2990-4b37-835c-52719c996380@group-CB2D659DB079: changes role from CANDIDATE to LEADER at term 1 for changeToLeader
2019-09-25 11:10:29,486 [a17b444c-dc8d-41d3-94fa-b87b918595f3@group-460C2ADC2676:LeaderElection316] INFO  impl.RaftServerImpl (RaftServerImpl.java:setRole(174)) - a17b444c-dc8d-41d3-94fa-b87b918595f3@group-460C2ADC2676: changes role from CANDIDATE to LEADER at term 1 for changeToLeader
2019-09-25 11:10:29,487 [231d5a30-2990-4b37-835c-52719c996380@group-CB2D659DB079:LeaderElection317] INFO  impl.RaftServerImpl (ServerState.java:setLeader(253)) - 231d5a30-2990-4b37-835c-52719c996380@group-CB2D659DB079: change Leader from null to 231d5a30-2990-4b37-835c-52719c996380 at term 1 for becomeLeader, leader elected after 5219ms
2019-09-25 11:10:29,487 [a17b444c-dc8d-41d3-94fa-b87b918595f3@group-460C2ADC2676:LeaderElection316] INFO  impl.RaftServerImpl (ServerState.java:setLeader(253)) - a17b444c-dc8d-41d3-94fa-b87b918595f3@group-460C2ADC2676: change Leader from null to a17b444c-dc8d-41d3-94fa-b87b918595f3 at term 1 for becomeLeader, leader elected after 5047ms
2019-09-25 11:10:29,487 [231d5a30-2990-4b37-835c-52719c996380@group-CB2D659DB079:LeaderElection317] INFO  server.RaftServerConfigKeys (ConfUtils.java:logGet(43)) - raft.server.staging.catchup.gap = 1000 (default)
2019-09-25 11:10:29,487 [a17b444c-dc8d-41d3-94fa-b87b918595f3@group-460C2ADC2676:LeaderElection316] INFO  server.RaftServerConfigKeys (ConfUtils.java:logGet(43)) - raft.server.staging.catchup.gap = 1000 (default)
2019-09-25 11:10:29,487 [231d5a30-2990-4b37-835c-52719c996380@group-CB2D659DB079:LeaderElection317] INFO  server.RaftServerConfigKeys (ConfUtils.java:logGet(43)) - raft.server.rpc.sleep.time = 25ms (default)
2019-09-25 11:10:29,487 [a17b444c-dc8d-41d3-94fa-b87b918595f3@group-460C2ADC2676:LeaderElection316] INFO  server.RaftServerConfigKeys (ConfUtils.java:logGet(43)) - raft.server.rpc.sleep.time = 25ms (default)
2019-09-25 11:10:29,487 [231d5a30-2990-4b37-835c-52719c996380@group-CB2D659DB079:LeaderElection317] INFO  server.RaftServerConfigKeys (ConfUtils.java:logGet(43)) - raft.server.write.element-limit = 4096 (default)
2019-09-25 11:10:29,487 [a17b444c-dc8d-41d3-94fa-b87b918595f3@group-460C2ADC2676:LeaderElection316] INFO  server.RaftServerConfigKeys (ConfUtils.java:logGet(43)) - raft.server.write.element-limit = 4096 (default)
2019-09-25 11:10:29,488 [231d5a30-2990-4b37-835c-52719c996380@group-CB2D659DB079:LeaderElection317] INFO  server.RaftServerConfigKeys (ConfUtils.java:logGet(43)) - raft.server.watch.timeout = 10s (default)
2019-09-25 11:10:29,488 [a17b444c-dc8d-41d3-94fa-b87b918595f3@group-460C2ADC2676:LeaderElection316] INFO  server.RaftServerConfigKeys (ConfUtils.java:logGet(43)) - raft.server.watch.timeout = 10s (default)
2019-09-25 11:10:29,488 [231d5a30-2990-4b37-835c-52719c996380@group-CB2D659DB079:LeaderElection317] INFO  server.RaftServerConfigKeys (ConfUtils.java:logGet(43)) - raft.server.watch.timeout.denomination = 1s (default)
2019-09-25 11:10:29,488 [a17b444c-dc8d-41d3-94fa-b87b918595f3@group-460C2ADC2676:LeaderElection316] INFO  server.RaftServerConfigKeys (ConfUtils.java:logGet(43)) - raft.server.watch.timeout.denomination = 1s (default)
2019-09-25 11:10:29,488 [231d5a30-2990-4b37-835c-52719c996380@group-CB2D659DB079:LeaderElection317] INFO  server.RaftServerConfigKeys (ConfUtils.java:logGet(43)) - raft.server.watch.element-limit = 65536 (default)
2019-09-25 11:10:29,488 [a17b444c-dc8d-41d3-94fa-b87b918595f3@group-460C2ADC2676:LeaderElection316] INFO  server.RaftServerConfigKeys (ConfUtils.java:logGet(43)) - raft.server.watch.element-limit = 65536 (default)
2019-09-25 11:10:29,491 [231d5a30-2990-4b37-835c-52719c996380@group-CB2D659DB079:LeaderElection317] INFO  impl.RoleInfo (RoleInfo.java:updateAndGet(143)) - 231d5a30-2990-4b37-835c-52719c996380: start LeaderState
2019-09-25 11:10:29,491 [a17b444c-dc8d-41d3-94fa-b87b918595f3@group-460C2ADC2676:LeaderElection316] INFO  impl.RoleInfo (RoleInfo.java:updateAndGet(143)) - a17b444c-dc8d-41d3-94fa-b87b918595f3: start LeaderState
2019-09-25 11:10:29,491 [231d5a30-2990-4b37-835c-52719c996380@group-CB2D659DB079:LeaderElection317] INFO  segmented.SegmentedRaftLogWorker (SegmentedRaftLogWorker.java:startLogSegment(380)) - 231d5a30-2990-4b37-835c-52719c996380@group-CB2D659DB079-SegmentedRaftLogWorker: Starting segment from index:0
2019-09-25 11:10:29,491 [a17b444c-dc8d-41d3-94fa-b87b918595f3@group-460C2ADC2676:LeaderElection316] INFO  segmented.SegmentedRaftLogWorker (SegmentedRaftLogWorker.java:startLogSegment(380)) - a17b444c-dc8d-41d3-94fa-b87b918595f3@group-460C2ADC2676-SegmentedRaftLogWorker: Starting segment from index:0
2019-09-25 11:10:29,491 [231d5a30-2990-4b37-835c-52719c996380@group-CB2D659DB079:LeaderElection317] INFO  impl.RaftServerImpl (ServerState.java:setRaftConf(354)) - 231d5a30-2990-4b37-835c-52719c996380@group-CB2D659DB079: set configuration 0: [231d5a30-2990-4b37-835c-52719c996380:192.168.30.6:44620], old=null at 0
2019-09-25 11:10:29,491 [a17b444c-dc8d-41d3-94fa-b87b918595f3@group-460C2ADC2676:LeaderElection316] INFO  impl.RaftServerImpl (ServerState.java:setRaftConf(354)) - a17b444c-dc8d-41d3-94fa-b87b918595f3@group-460C2ADC2676: set configuration 0: [a17b444c-dc8d-41d3-94fa-b87b918595f3:192.168.30.6:45831], old=null at 0
2019-09-25 11:10:29,506 [Thread-4024] INFO  impl.FollowerState (FollowerState.java:run(106)) - 231d5a30-2990-4b37-835c-52719c996380:group-9751FA5E2C02 changes to CANDIDATE, lastRpcTime:5020, electionTimeout:5020ms
2019-09-25 11:10:29,506 [Thread-4024] INFO  impl.RoleInfo (RoleInfo.java:shutdownFollowerState(121)) - 231d5a30-2990-4b37-835c-52719c996380: shutdown FollowerState
2019-09-25 11:10:29,506 [Thread-4024] INFO  impl.RaftServerImpl (RaftServerImpl.java:setRole(174)) - 231d5a30-2990-4b37-835c-52719c996380@group-9751FA5E2C02: changes role from  FOLLOWER to CANDIDATE at term 0 for changeToCandidate
2019-09-25 11:10:29,506 [Thread-4024] INFO  impl.RoleInfo (RoleInfo.java:updateAndGet(143)) - 231d5a30-2990-4b37-835c-52719c996380: start LeaderElection
2019-09-25 11:10:29,548 [231d5a30-2990-4b37-835c-52719c996380@group-CB2D659DB079-SegmentedRaftLogWorker] INFO  segmented.SegmentedRaftLogWorker (SegmentedRaftLogWorker.java:execute(569)) - 231d5a30-2990-4b37-835c-52719c996380@group-CB2D659DB079-SegmentedRaftLogWorker: created new log segment /workdir/hadoop-ozone/integration-test/target/test-dir/MiniOzoneClusterImpl-36bd9e64-229c-43b0-8f36-7d73050474c0/datanode-4/data/ratis/aaa71369-9d2a-4f91-8461-cb2d659db079/current/log_inprogress_0
2019-09-25 11:10:29,549 [231d5a30-2990-4b37-835c-52719c996380@group-9751FA5E2C02:LeaderElection318] INFO  impl.LeaderElection (LeaderElection.java:askForVotes(182)) - 231d5a30-2990-4b37-835c-52719c996380@group-9751FA5E2C02:LeaderElection318: begin an election at term 1 for -1: [231d5a30-2990-4b37-835c-52719c996380:192.168.30.6:44620], old=null
2019-09-25 11:10:29,548 [a17b444c-dc8d-41d3-94fa-b87b918595f3@group-460C2ADC2676-SegmentedRaftLogWorker] INFO  segmented.SegmentedRaftLogWorker (SegmentedRaftLogWorker.java:execute(569)) - a17b444c-dc8d-41d3-94fa-b87b918595f3@group-460C2ADC2676-SegmentedRaftLogWorker: created new log segment /workdir/hadoop-ozone/integration-test/target/test-dir/MiniOzoneClusterImpl-36bd9e64-229c-43b0-8f36-7d73050474c0/datanode-0/data/ratis/c40d6fbc-3793-42d3-b2cd-460c2adc2676/current/log_inprogress_0
2019-09-25 11:10:29,549 [231d5a30-2990-4b37-835c-52719c996380@group-9751FA5E2C02:LeaderElection318] INFO  impl.RoleInfo (RoleInfo.java:shutdownLeaderElection(134)) - 231d5a30-2990-4b37-835c-52719c996380: shutdown LeaderElection
2019-09-25 11:10:29,549 [231d5a30-2990-4b37-835c-52719c996380@group-9751FA5E2C02:LeaderElection318] INFO  impl.RaftServerImpl (RaftServerImpl.java:setRole(174)) - 231d5a30-2990-4b37-835c-52719c996380@group-9751FA5E2C02: changes role from CANDIDATE to LEADER at term 1 for changeToLeader
2019-09-25 11:10:29,549 [231d5a30-2990-4b37-835c-52719c996380@group-9751FA5E2C02:LeaderElection318] INFO  impl.RaftServerImpl (ServerState.java:setLeader(253)) - 231d5a30-2990-4b37-835c-52719c996380@group-9751FA5E2C02: change Leader from null to 231d5a30-2990-4b37-835c-52719c996380 at term 1 for becomeLeader, leader elected after 5070ms
2019-09-25 11:10:29,549 [231d5a30-2990-4b37-835c-52719c996380@group-9751FA5E2C02:LeaderElection318] INFO  server.RaftServerConfigKeys (ConfUtils.java:logGet(43)) - raft.server.staging.catchup.gap = 1000 (default)
2019-09-25 11:10:29,550 [231d5a30-2990-4b37-835c-52719c996380@group-9751FA5E2C02:LeaderElection318] INFO  server.RaftServerConfigKeys (ConfUtils.java:logGet(43)) - raft.server.rpc.sleep.time = 25ms (default)
2019-09-25 11:10:29,550 [231d5a30-2990-4b37-835c-52719c996380@group-9751FA5E2C02:LeaderElection318] INFO  server.RaftServerConfigKeys (ConfUtils.java:logGet(43)) - raft.server.write.element-limit = 4096 (default)
2019-09-25 11:10:29,550 [231d5a30-2990-4b37-835c-52719c996380@group-9751FA5E2C02:LeaderElection318] INFO  server.RaftServerConfigKeys (ConfUtils.java:logGet(43)) - raft.server.watch.timeout = 10s (default)
2019-09-25 11:10:29,550 [231d5a30-2990-4b37-835c-52719c996380@group-9751FA5E2C02:LeaderElection318] INFO  server.RaftServerConfigKeys (ConfUtils.java:logGet(43)) - raft.server.watch.timeout.denomination = 1s (default)
2019-09-25 11:10:29,550 [231d5a30-2990-4b37-835c-52719c996380@group-9751FA5E2C02:LeaderElection318] INFO  server.RaftServerConfigKeys (ConfUtils.java:logGet(43)) - raft.server.watch.element-limit = 65536 (default)
2019-09-25 11:10:29,555 [Thread-4018] INFO  impl.FollowerState (FollowerState.java:run(106)) - a17b444c-dc8d-41d3-94fa-b87b918595f3:group-75515B0290A3 changes to CANDIDATE, lastRpcTime:5148, electionTimeout:5148ms
2019-09-25 11:10:29,555 [Thread-4018] INFO  impl.RoleInfo (RoleInfo.java:shutdownFollowerState(121)) - a17b444c-dc8d-41d3-94fa-b87b918595f3: shutdown FollowerState
2019-09-25 11:10:29,555 [Thread-4018] INFO  impl.RaftServerImpl (RaftServerImpl.java:setRole(174)) - a17b444c-dc8d-41d3-94fa-b87b918595f3@group-75515B0290A3: changes role from  FOLLOWER to CANDIDATE at term 0 for changeToCandidate
2019-09-25 11:10:29,561 [Thread-4015] INFO  impl.FollowerState (FollowerState.java:run(106)) - 9260b2c2-77d0-40af-9a4b-242b57e61325:group-E31C878E0E74 changes to CANDIDATE, lastRpcTime:5193, electionTimeout:5193ms
2019-09-25 11:10:29,561 [Thread-4015] INFO  impl.RoleInfo (RoleInfo.java:shutdownFollowerState(121)) - 9260b2c2-77d0-40af-9a4b-242b57e61325: shutdown FollowerState
2019-09-25 11:10:29,561 [Thread-4015] INFO  impl.RaftServerImpl (RaftServerImpl.java:setRole(174)) - 9260b2c2-77d0-40af-9a4b-242b57e61325@group-E31C878E0E74: changes role from  FOLLOWER to CANDIDATE at term 0 for changeToCandidate
2019-09-25 11:10:29,577 [Thread-4027] INFO  impl.FollowerState (FollowerState.java:run(106)) - a17b444c-dc8d-41d3-94fa-b87b918595f3:group-9B01C541D2D1 changes to CANDIDATE, lastRpcTime:5054, electionTimeout:5054ms
2019-09-25 11:10:29,577 [Thread-4027] INFO  impl.RoleInfo (RoleInfo.java:shutdownFollowerState(121)) - a17b444c-dc8d-41d3-94fa-b87b918595f3: shutdown FollowerState
2019-09-25 11:10:29,577 [Thread-4027] INFO  impl.RaftServerImpl (RaftServerImpl.java:setRole(174)) - a17b444c-dc8d-41d3-94fa-b87b918595f3@group-9B01C541D2D1: changes role from  FOLLOWER to CANDIDATE at term 0 for changeToCandidate
2019-09-25 11:10:29,577 [Thread-4018] INFO  impl.RoleInfo (RoleInfo.java:updateAndGet(143)) - a17b444c-dc8d-41d3-94fa-b87b918595f3: start LeaderElection
2019-09-25 11:10:29,577 [Thread-4015] INFO  impl.RoleInfo (RoleInfo.java:updateAndGet(143)) - 9260b2c2-77d0-40af-9a4b-242b57e61325: start LeaderElection
2019-09-25 11:10:29,577 [Thread-4027] INFO  impl.RoleInfo (RoleInfo.java:updateAndGet(143)) - a17b444c-dc8d-41d3-94fa-b87b918595f3: start LeaderElection
2019-09-25 11:10:29,612 [231d5a30-2990-4b37-835c-52719c996380@group-9751FA5E2C02:LeaderElection318] INFO  impl.RoleInfo (RoleInfo.java:updateAndGet(143)) - 231d5a30-2990-4b37-835c-52719c996380: start LeaderState
2019-09-25 11:10:29,613 [231d5a30-2990-4b37-835c-52719c996380@group-9751FA5E2C02:LeaderElection318] INFO  segmented.SegmentedRaftLogWorker (SegmentedRaftLogWorker.java:startLogSegment(380)) - 231d5a30-2990-4b37-835c-52719c996380@group-9751FA5E2C02-SegmentedRaftLogWorker: Starting segment from index:0
2019-09-25 11:10:29,613 [231d5a30-2990-4b37-835c-52719c996380@group-9751FA5E2C02:LeaderElection318] INFO  impl.RaftServerImpl (ServerState.java:setRaftConf(354)) - 231d5a30-2990-4b37-835c-52719c996380@group-9751FA5E2C02: set configuration 0: [231d5a30-2990-4b37-835c-52719c996380:192.168.30.6:44620], old=null at 0
2019-09-25 11:10:29,625 [a17b444c-dc8d-41d3-94fa-b87b918595f3@group-9B01C541D2D1:LeaderElection321] INFO  impl.LeaderElection (LeaderElection.java:askForVotes(182)) - a17b444c-dc8d-41d3-94fa-b87b918595f3@group-9B01C541D2D1:LeaderElection321: begin an election at term 1 for -1: [a17b444c-dc8d-41d3-94fa-b87b918595f3:192.168.30.6:45831], old=null
2019-09-25 11:10:29,625 [a17b444c-dc8d-41d3-94fa-b87b918595f3@group-75515B0290A3:LeaderElection319] INFO  impl.LeaderElection (LeaderElection.java:askForVotes(182)) - a17b444c-dc8d-41d3-94fa-b87b918595f3@group-75515B0290A3:LeaderElection319: begin an election at term 1 for -1: [a17b444c-dc8d-41d3-94fa-b87b918595f3:192.168.30.6:45831], old=null
2019-09-25 11:10:29,625 [a17b444c-dc8d-41d3-94fa-b87b918595f3@group-9B01C541D2D1:LeaderElection321] INFO  impl.RoleInfo (RoleInfo.java:shutdownLeaderElection(134)) - a17b444c-dc8d-41d3-94fa-b87b918595f3: shutdown LeaderElection
2019-09-25 11:10:29,625 [9260b2c2-77d0-40af-9a4b-242b57e61325@group-E31C878E0E74:LeaderElection320] INFO  impl.LeaderElection (LeaderElection.java:askForVotes(182)) - 9260b2c2-77d0-40af-9a4b-242b57e61325@group-E31C878E0E74:LeaderElection320: begin an election at term 1 for -1: [9260b2c2-77d0-40af-9a4b-242b57e61325:192.168.30.6:43860], old=null
2019-09-25 11:10:29,625 [a17b444c-dc8d-41d3-94fa-b87b918595f3@group-9B01C541D2D1:LeaderElection321] INFO  impl.RaftServerImpl (RaftServerImpl.java:setRole(174)) - a17b444c-dc8d-41d3-94fa-b87b918595f3@group-9B01C541D2D1: changes role from CANDIDATE to LEADER at term 1 for changeToLeader
2019-09-25 11:10:29,625 [a17b444c-dc8d-41d3-94fa-b87b918595f3@group-9B01C541D2D1:LeaderElection321] INFO  impl.RaftServerImpl (ServerState.java:setLeader(253)) - a17b444c-dc8d-41d3-94fa-b87b918595f3@group-9B01C541D2D1: change Leader from null to a17b444c-dc8d-41d3-94fa-b87b918595f3 at term 1 for becomeLeader, leader elected after 5105ms
2019-09-25 11:10:29,625 [a17b444c-dc8d-41d3-94fa-b87b918595f3@group-75515B0290A3:LeaderElection319] INFO  impl.RoleInfo (RoleInfo.java:shutdownLeaderElection(134)) - a17b444c-dc8d-41d3-94fa-b87b918595f3: shutdown LeaderElection
2019-09-25 11:10:29,626 [a17b444c-dc8d-41d3-94fa-b87b918595f3@group-9B01C541D2D1:LeaderElection321] INFO  server.RaftServerConfigKeys (ConfUtils.java:logGet(43)) - raft.server.staging.catchup.gap = 1000 (default)
2019-09-25 11:10:29,625 [9260b2c2-77d0-40af-9a4b-242b57e61325@group-E31C878E0E74:LeaderElection320] INFO  impl.RoleInfo (RoleInfo.java:shutdownLeaderElection(134)) - 9260b2c2-77d0-40af-9a4b-242b57e61325: shutdown LeaderElection
2019-09-25 11:10:29,626 [a17b444c-dc8d-41d3-94fa-b87b918595f3@group-9B01C541D2D1:LeaderElection321] INFO  server.RaftServerConfigKeys (ConfUtils.java:logGet(43)) - raft.server.rpc.sleep.time = 25ms (default)
2019-09-25 11:10:29,626 [a17b444c-dc8d-41d3-94fa-b87b918595f3@group-75515B0290A3:LeaderElection319] INFO  impl.RaftServerImpl (RaftServerImpl.java:setRole(174)) - a17b444c-dc8d-41d3-94fa-b87b918595f3@group-75515B0290A3: changes role from CANDIDATE to LEADER at term 1 for changeToLeader
2019-09-25 11:10:29,626 [a17b444c-dc8d-41d3-94fa-b87b918595f3@group-9B01C541D2D1:LeaderElection321] INFO  server.RaftServerConfigKeys (ConfUtils.java:logGet(43)) - raft.server.write.element-limit = 4096 (default)
2019-09-25 11:10:29,626 [9260b2c2-77d0-40af-9a4b-242b57e61325@group-E31C878E0E74:LeaderElection320] INFO  impl.RaftServerImpl (RaftServerImpl.java:setRole(174)) - 9260b2c2-77d0-40af-9a4b-242b57e61325@group-E31C878E0E74: changes role from CANDIDATE to LEADER at term 1 for changeToLeader
2019-09-25 11:10:29,626 [a17b444c-dc8d-41d3-94fa-b87b918595f3@group-9B01C541D2D1:LeaderElection321] INFO  server.RaftServerConfigKeys (ConfUtils.java:logGet(43)) - raft.server.watch.timeout = 10s (default)
2019-09-25 11:10:29,626 [a17b444c-dc8d-41d3-94fa-b87b918595f3@group-75515B0290A3:LeaderElection319] INFO  impl.RaftServerImpl (ServerState.java:setLeader(253)) - a17b444c-dc8d-41d3-94fa-b87b918595f3@group-75515B0290A3: change Leader from null to a17b444c-dc8d-41d3-94fa-b87b918595f3 at term 1 for becomeLeader, leader elected after 5224ms
2019-09-25 11:10:29,626 [a17b444c-dc8d-41d3-94fa-b87b918595f3@group-9B01C541D2D1:LeaderElection321] INFO  server.RaftServerConfigKeys (ConfUtils.java:logGet(43)) - raft.server.watch.timeout.denomination = 1s (default)
2019-09-25 11:10:29,626 [9260b2c2-77d0-40af-9a4b-242b57e61325@group-E31C878E0E74:LeaderElection320] INFO  impl.RaftServerImpl (ServerState.java:setLeader(253)) - 9260b2c2-77d0-40af-9a4b-242b57e61325@group-E31C878E0E74: change Leader from null to 9260b2c2-77d0-40af-9a4b-242b57e61325 at term 1 for becomeLeader, leader elected after 5264ms
2019-09-25 11:10:29,627 [a17b444c-dc8d-41d3-94fa-b87b918595f3@group-9B01C541D2D1:LeaderElection321] INFO  server.RaftServerConfigKeys (ConfUtils.java:logGet(43)) - raft.server.watch.element-limit = 65536 (default)
2019-09-25 11:10:29,626 [a17b444c-dc8d-41d3-94fa-b87b918595f3@group-75515B0290A3:LeaderElection319] INFO  server.RaftServerConfigKeys (ConfUtils.java:logGet(43)) - raft.server.staging.catchup.gap = 1000 (default)
2019-09-25 11:10:29,627 [9260b2c2-77d0-40af-9a4b-242b57e61325@group-E31C878E0E74:LeaderElection320] INFO  server.RaftServerConfigKeys (ConfUtils.java:logGet(43)) - raft.server.staging.catchup.gap = 1000 (default)
2019-09-25 11:10:29,627 [a17b444c-dc8d-41d3-94fa-b87b918595f3@group-75515B0290A3:LeaderElection319] INFO  server.RaftServerConfigKeys (ConfUtils.java:logGet(43)) - raft.server.rpc.sleep.time = 25ms (default)
2019-09-25 11:10:29,627 [9260b2c2-77d0-40af-9a4b-242b57e61325@group-E31C878E0E74:LeaderElection320] INFO  server.RaftServerConfigKeys (ConfUtils.java:logGet(43)) - raft.server.rpc.sleep.time = 25ms (default)
2019-09-25 11:10:29,627 [a17b444c-dc8d-41d3-94fa-b87b918595f3@group-75515B0290A3:LeaderElection319] INFO  server.RaftServerConfigKeys (ConfUtils.java:logGet(43)) - raft.server.write.element-limit = 4096 (default)
2019-09-25 11:10:29,627 [9260b2c2-77d0-40af-9a4b-242b57e61325@group-E31C878E0E74:LeaderElection320] INFO  server.RaftServerConfigKeys (ConfUtils.java:logGet(43)) - raft.server.write.element-limit = 4096 (default)
2019-09-25 11:10:29,627 [a17b444c-dc8d-41d3-94fa-b87b918595f3@group-75515B0290A3:LeaderElection319] INFO  server.RaftServerConfigKeys (ConfUtils.java:logGet(43)) - raft.server.watch.timeout = 10s (default)
2019-09-25 11:10:29,628 [9260b2c2-77d0-40af-9a4b-242b57e61325@group-E31C878E0E74:LeaderElection320] INFO  server.RaftServerConfigKeys (ConfUtils.java:logGet(43)) - raft.server.watch.timeout = 10s (default)
2019-09-25 11:10:29,628 [a17b444c-dc8d-41d3-94fa-b87b918595f3@group-75515B0290A3:LeaderElection319] INFO  server.RaftServerConfigKeys (ConfUtils.java:logGet(43)) - raft.server.watch.timeout.denomination = 1s (default)
2019-09-25 11:10:29,628 [9260b2c2-77d0-40af-9a4b-242b57e61325@group-E31C878E0E74:LeaderElection320] INFO  server.RaftServerConfigKeys (ConfUtils.java:logGet(43)) - raft.server.watch.timeout.denomination = 1s (default)
2019-09-25 11:10:29,628 [a17b444c-dc8d-41d3-94fa-b87b918595f3@group-75515B0290A3:LeaderElection319] INFO  server.RaftServerConfigKeys (ConfUtils.java:logGet(43)) - raft.server.watch.element-limit = 65536 (default)
2019-09-25 11:10:29,628 [a17b444c-dc8d-41d3-94fa-b87b918595f3@group-9B01C541D2D1:LeaderElection321] INFO  impl.RoleInfo (RoleInfo.java:updateAndGet(143)) - a17b444c-dc8d-41d3-94fa-b87b918595f3: start LeaderState
2019-09-25 11:10:29,628 [9260b2c2-77d0-40af-9a4b-242b57e61325@group-E31C878E0E74:LeaderElection320] INFO  server.RaftServerConfigKeys (ConfUtils.java:logGet(43)) - raft.server.watch.element-limit = 65536 (default)
2019-09-25 11:10:29,628 [a17b444c-dc8d-41d3-94fa-b87b918595f3@group-9B01C541D2D1:LeaderElection321] INFO  segmented.SegmentedRaftLogWorker (SegmentedRaftLogWorker.java:startLogSegment(380)) - a17b444c-dc8d-41d3-94fa-b87b918595f3@group-9B01C541D2D1-SegmentedRaftLogWorker: Starting segment from index:0
2019-09-25 11:10:29,629 [a17b444c-dc8d-41d3-94fa-b87b918595f3@group-9B01C541D2D1:LeaderElection321] INFO  impl.RaftServerImpl (ServerState.java:setRaftConf(354)) - a17b444c-dc8d-41d3-94fa-b87b918595f3@group-9B01C541D2D1: set configuration 0: [a17b444c-dc8d-41d3-94fa-b87b918595f3:192.168.30.6:45831], old=null at 0
2019-09-25 11:10:29,631 [a17b444c-dc8d-41d3-94fa-b87b918595f3@group-75515B0290A3:LeaderElection319] INFO  impl.RoleInfo (RoleInfo.java:updateAndGet(143)) - a17b444c-dc8d-41d3-94fa-b87b918595f3: start LeaderState
2019-09-25 11:10:29,631 [a17b444c-dc8d-41d3-94fa-b87b918595f3@group-75515B0290A3:LeaderElection319] INFO  segmented.SegmentedRaftLogWorker (SegmentedRaftLogWorker.java:startLogSegment(380)) - a17b444c-dc8d-41d3-94fa-b87b918595f3@group-75515B0290A3-SegmentedRaftLogWorker: Starting segment from index:0
2019-09-25 11:10:29,632 [9260b2c2-77d0-40af-9a4b-242b57e61325@group-E31C878E0E74:LeaderElection320] INFO  impl.RoleInfo (RoleInfo.java:updateAndGet(143)) - 9260b2c2-77d0-40af-9a4b-242b57e61325: start LeaderState
2019-09-25 11:10:29,632 [a17b444c-dc8d-41d3-94fa-b87b918595f3@group-75515B0290A3:LeaderElection319] INFO  impl.RaftServerImpl (ServerState.java:setRaftConf(354)) - a17b444c-dc8d-41d3-94fa-b87b918595f3@group-75515B0290A3: set configuration 0: [a17b444c-dc8d-41d3-94fa-b87b918595f3:192.168.30.6:45831], old=null at 0
2019-09-25 11:10:30,430 [a17b444c-dc8d-41d3-94fa-b87b918595f3@group-9B01C541D2D1-SegmentedRaftLogWorker] INFO  segmented.SegmentedRaftLogWorker (SegmentedRaftLogWorker.java:execute(569)) - a17b444c-dc8d-41d3-94fa-b87b918595f3@group-9B01C541D2D1-SegmentedRaftLogWorker: created new log segment /workdir/hadoop-ozone/integration-test/target/test-dir/MiniOzoneClusterImpl-36bd9e64-229c-43b0-8f36-7d73050474c0/datanode-0/data/ratis/fee7a3a6-d58d-4c3f-aa74-9b01c541d2d1/current/log_inprogress_0
2019-09-25 11:10:30,417 [Thread-4036] WARN  util.JavaUtils (JavaUtils.java:sleep(250)) - Unexpected long sleep: sleep(5013ms) actually took 5748ms which is over the threshold 300ms
2019-09-25 11:10:30,380 [Thread-4033] WARN  util.JavaUtils (JavaUtils.java:sleep(250)) - Unexpected long sleep: sleep(5130ms) actually took 5746ms which is over the threshold 300ms
2019-09-25 11:10:30,369 [Thread-4030] WARN  util.JavaUtils (JavaUtils.java:sleep(250)) - Unexpected long sleep: sleep(5192ms) actually took 5783ms which is over the threshold 300ms
2019-09-25 11:10:30,358 [Thread-4042] WARN  util.JavaUtils (JavaUtils.java:sleep(250)) - Unexpected long sleep: sleep(5032ms) actually took 5608ms which is over the threshold 300ms
2019-09-25 11:10:30,353 [Thread-4074] INFO  impl.FollowerState (FollowerState.java:run(106)) - 0089544c-4670-45f6-b8b0-eabe3503e213:group-9F5E5BD348C0 changes to CANDIDATE, lastRpcTime:5104, electionTimeout:5098ms
2019-09-25 11:10:30,329 [Thread-4039] WARN  util.JavaUtils (JavaUtils.java:sleep(250)) - Unexpected long sleep: sleep(5118ms) actually took 5615ms which is over the threshold 300ms
2019-09-25 11:10:30,467 [Thread-4074] INFO  impl.RoleInfo (RoleInfo.java:shutdownFollowerState(121)) - 0089544c-4670-45f6-b8b0-eabe3503e213: shutdown FollowerState
2019-09-25 11:10:30,324 [Thread-4045] WARN  util.JavaUtils (JavaUtils.java:sleep(250)) - Unexpected long sleep: sleep(5073ms) actually took 5534ms which is over the threshold 300ms
2019-09-25 11:10:30,315 [Thread-4077] INFO  impl.FollowerState (FollowerState.java:run(106)) - 0089544c-4670-45f6-b8b0-eabe3503e213:group-64D662F0404F changes to CANDIDATE, lastRpcTime:5028, electionTimeout:5024ms
2019-09-25 11:10:30,304 [Thread-4048] WARN  util.JavaUtils (JavaUtils.java:sleep(250)) - Unexpected long sleep: sleep(5068ms) actually took 5473ms which is over the threshold 300ms
2019-09-25 11:10:30,304 [Thread-4051] WARN  util.JavaUtils (JavaUtils.java:sleep(250)) - Unexpected long sleep: sleep(5095ms) actually took 5432ms which is over the threshold 300ms
2019-09-25 11:10:30,299 [Thread-4068] INFO  impl.FollowerState (FollowerState.java:run(106)) - 0f46229f-d487-4784-9d87-cba709966a77:group-99A96411E63A changes to CANDIDATE, lastRpcTime:5129, electionTimeout:5125ms
2019-09-25 11:10:30,298 [Thread-4056] INFO  impl.FollowerState (FollowerState.java:run(106)) - 231d5a30-2990-4b37-835c-52719c996380:group-51CC8EF7CDDB changes to CANDIDATE, lastRpcTime:5371, electionTimeout:5118ms
2019-09-25 11:10:30,298 [Thread-4071] INFO  impl.FollowerState (FollowerState.java:run(106)) - 0f46229f-d487-4784-9d87-cba709966a77:group-23562044ECCF changes to CANDIDATE, lastRpcTime:5089, electionTimeout:5085ms
2019-09-25 11:10:30,298 [Thread-4065] INFO  impl.FollowerState (FollowerState.java:run(106)) - 0089544c-4670-45f6-b8b0-eabe3503e213:group-86E2D68A9109 changes to CANDIDATE, lastRpcTime:5167, electionTimeout:5031ms
2019-09-25 11:10:30,298 [Thread-4062] INFO  impl.FollowerState (FollowerState.java:run(106)) - 79e2f6f7-785e-4584-a2b0-6f2cf2bd33a1:group-BFC63E0C5F8A changes to CANDIDATE, lastRpcTime:5211, electionTimeout:5166ms
2019-09-25 11:10:30,292 [Thread-4059] INFO  impl.FollowerState (FollowerState.java:run(106)) - 9260b2c2-77d0-40af-9a4b-242b57e61325:group-6F3EF71CBC4F changes to CANDIDATE, lastRpcTime:5264, electionTimeout:5144ms
2019-09-25 11:10:29,632 [9260b2c2-77d0-40af-9a4b-242b57e61325@group-E31C878E0E74:LeaderElection320] INFO  segmented.SegmentedRaftLogWorker (SegmentedRaftLogWorker.java:startLogSegment(380)) - 9260b2c2-77d0-40af-9a4b-242b57e61325@group-E31C878E0E74-SegmentedRaftLogWorker: Starting segment from index:0
2019-09-25 11:10:30,562 [Thread-4059] INFO  impl.RoleInfo (RoleInfo.java:shutdownFollowerState(121)) - 9260b2c2-77d0-40af-9a4b-242b57e61325: shutdown FollowerState
2019-09-25 11:10:30,562 [Thread-4062] INFO  impl.RoleInfo (RoleInfo.java:shutdownFollowerState(121)) - 79e2f6f7-785e-4584-a2b0-6f2cf2bd33a1: shutdown FollowerState
2019-09-25 11:10:30,562 [main] INFO  ozoneimpl.OzoneContainer (OzoneContainer.java:stop(231)) - Attempting to stop container services.
2019-09-25 11:10:30,547 [a17b444c-dc8d-41d3-94fa-b87b918595f3@group-75515B0290A3-SegmentedRaftLogWorker] INFO  segmented.SegmentedRaftLogWorker (SegmentedRaftLogWorker.java:execute(569)) - a17b444c-dc8d-41d3-94fa-b87b918595f3@group-75515B0290A3-SegmentedRaftLogWorker: created new log segment /workdir/hadoop-ozone/integration-test/target/test-dir/MiniOzoneClusterImpl-36bd9e64-229c-43b0-8f36-7d73050474c0/datanode-0/data/ratis/8dd80da4-cd02-4d81-9146-75515b0290a3/current/log_inprogress_0
2019-09-25 11:10:30,547 [ForkJoinPool.commonPool-worker-0] INFO  ozoneimpl.OzoneContainer (OzoneContainer.java:stop(231)) - Attempting to stop container services.
2019-09-25 11:10:30,514 [Thread-4065] INFO  impl.RoleInfo (RoleInfo.java:shutdownFollowerState(121)) - 0089544c-4670-45f6-b8b0-eabe3503e213: shutdown FollowerState
2019-09-25 11:10:30,514 [Thread-4071] INFO  impl.RoleInfo (RoleInfo.java:shutdownFollowerState(121)) - 0f46229f-d487-4784-9d87-cba709966a77: shutdown FollowerState
2019-09-25 11:10:30,514 [Thread-4056] INFO  impl.RoleInfo (RoleInfo.java:shutdownFollowerState(121)) - 231d5a30-2990-4b37-835c-52719c996380: shutdown FollowerState
2019-09-25 11:10:30,514 [Thread-4068] INFO  impl.RoleInfo (RoleInfo.java:shutdownFollowerState(121)) - 0f46229f-d487-4784-9d87-cba709966a77: shutdown FollowerState
2019-09-25 11:10:30,579 [Thread-4068] INFO  impl.RaftServerImpl (RaftServerImpl.java:setRole(174)) - 0f46229f-d487-4784-9d87-cba709966a77@group-99A96411E63A: changes role from  FOLLOWER to CANDIDATE at term 0 for changeToCandidate
2019-09-25 11:10:30,513 [Thread-4077] INFO  impl.RoleInfo (RoleInfo.java:shutdownFollowerState(121)) - 0089544c-4670-45f6-b8b0-eabe3503e213: shutdown FollowerState
2019-09-25 11:10:30,513 [Thread-4080] INFO  impl.FollowerState (FollowerState.java:run(106)) - 0089544c-4670-45f6-b8b0-eabe3503e213:group-8F1F80E7150A changes to CANDIDATE, lastRpcTime:5182, electionTimeout:5172ms
2019-09-25 11:10:30,580 [Thread-4089] INFO  impl.FollowerState (FollowerState.java:run(106)) - 0089544c-4670-45f6-b8b0-eabe3503e213:group-917FE2C95DE9 changes to CANDIDATE, lastRpcTime:5135, electionTimeout:5135ms
2019-09-25 11:10:30,512 [Thread-4086] INFO  impl.FollowerState (FollowerState.java:run(106)) - 0f46229f-d487-4784-9d87-cba709966a77:group-731BAC7F5F63 changes to CANDIDATE, lastRpcTime:5105, electionTimeout:5098ms
2019-09-25 11:10:30,512 [Thread-4083] INFO  impl.FollowerState (FollowerState.java:run(106)) - 0f46229f-d487-4784-9d87-cba709966a77:group-18078E4CF3C8 changes to CANDIDATE, lastRpcTime:5142, electionTimeout:5140ms
2019-09-25 11:10:30,474 [Thread-4074] INFO  impl.RaftServerImpl (RaftServerImpl.java:setRole(174)) - 0089544c-4670-45f6-b8b0-eabe3503e213@group-9F5E5BD348C0: changes role from  FOLLOWER to CANDIDATE at term 0 for changeToCandidate
2019-09-25 11:10:30,447 [231d5a30-2990-4b37-835c-52719c996380@group-9751FA5E2C02-SegmentedRaftLogWorker] INFO  segmented.SegmentedRaftLogWorker (SegmentedRaftLogWorker.java:execute(569)) - 231d5a30-2990-4b37-835c-52719c996380@group-9751FA5E2C02-SegmentedRaftLogWorker: created new log segment /workdir/hadoop-ozone/integration-test/target/test-dir/MiniOzoneClusterImpl-36bd9e64-229c-43b0-8f36-7d73050474c0/datanode-4/data/ratis/b164a531-db45-4b11-b830-9751fa5e2c02/current/log_inprogress_0
2019-09-25 11:10:30,580 [Thread-4074] INFO  impl.RoleInfo (RoleInfo.java:updateAndGet(143)) - 0089544c-4670-45f6-b8b0-eabe3503e213: start LeaderElection
2019-09-25 11:10:30,580 [Thread-4083] INFO  impl.RoleInfo (RoleInfo.java:shutdownFollowerState(121)) - 0f46229f-d487-4784-9d87-cba709966a77: shutdown FollowerState
2019-09-25 11:10:30,580 [Thread-4086] INFO  impl.RoleInfo (RoleInfo.java:shutdownFollowerState(121)) - 0f46229f-d487-4784-9d87-cba709966a77: shutdown FollowerState
2019-09-25 11:10:30,580 [Thread-4089] INFO  impl.RoleInfo (RoleInfo.java:shutdownFollowerState(121)) - 0089544c-4670-45f6-b8b0-eabe3503e213: shutdown FollowerState
2019-09-25 11:10:30,580 [Thread-4080] INFO  impl.RoleInfo (RoleInfo.java:shutdownFollowerState(121)) - 0089544c-4670-45f6-b8b0-eabe3503e213: shutdown FollowerState
2019-09-25 11:10:30,581 [Thread-4080] INFO  impl.RaftServerImpl (RaftServerImpl.java:setRole(174)) - 0089544c-4670-45f6-b8b0-eabe3503e213@group-8F1F80E7150A: changes role from  FOLLOWER to CANDIDATE at term 0 for changeToCandidate
2019-09-25 11:10:30,580 [Thread-4077] INFO  impl.RaftServerImpl (RaftServerImpl.java:setRole(174)) - 0089544c-4670-45f6-b8b0-eabe3503e213@group-64D662F0404F: changes role from  FOLLOWER to CANDIDATE at term 0 for changeToCandidate
2019-09-25 11:10:30,580 [Thread-4068] INFO  impl.RoleInfo (RoleInfo.java:updateAndGet(143)) - 0f46229f-d487-4784-9d87-cba709966a77: start LeaderElection
2019-09-25 11:10:30,579 [Thread-4056] INFO  impl.RaftServerImpl (RaftServerImpl.java:setRole(174)) - 231d5a30-2990-4b37-835c-52719c996380@group-51CC8EF7CDDB: changes role from  FOLLOWER to CANDIDATE at term 0 for changeToCandidate
2019-09-25 11:10:30,579 [Thread-4071] INFO  impl.RaftServerImpl (RaftServerImpl.java:setRole(174)) - 0f46229f-d487-4784-9d87-cba709966a77@group-23562044ECCF: changes role from  FOLLOWER to CANDIDATE at term 0 for changeToCandidate
2019-09-25 11:10:30,579 [ForkJoinPool.commonPool-worker-0] INFO  impl.RaftServerProxy (RaftServerProxy.java:lambda$close$4(314)) - 9260b2c2-77d0-40af-9a4b-242b57e61325: close
2019-09-25 11:10:30,579 [Thread-4065] INFO  impl.RaftServerImpl (RaftServerImpl.java:setRole(174)) - 0089544c-4670-45f6-b8b0-eabe3503e213@group-86E2D68A9109: changes role from  FOLLOWER to CANDIDATE at term 0 for changeToCandidate
2019-09-25 11:10:30,579 [main] INFO  impl.RaftServerProxy (RaftServerProxy.java:lambda$close$4(314)) - 231d5a30-2990-4b37-835c-52719c996380: close
2019-09-25 11:10:30,578 [Thread-4062] INFO  impl.RaftServerImpl (RaftServerImpl.java:setRole(174)) - 79e2f6f7-785e-4584-a2b0-6f2cf2bd33a1@group-BFC63E0C5F8A: changes role from  FOLLOWER to CANDIDATE at term 0 for changeToCandidate
2019-09-25 11:10:30,582 [Thread-4062] INFO  impl.RoleInfo (RoleInfo.java:updateAndGet(143)) - 79e2f6f7-785e-4584-a2b0-6f2cf2bd33a1: start LeaderElection
2019-09-25 11:10:30,578 [Thread-4059] INFO  impl.RaftServerImpl (RaftServerImpl.java:setRole(174)) - 9260b2c2-77d0-40af-9a4b-242b57e61325@group-6F3EF71CBC4F: changes role from  FOLLOWER to CANDIDATE at term 0 for changeToCandidate
2019-09-25 11:10:30,578 [9260b2c2-77d0-40af-9a4b-242b57e61325@group-E31C878E0E74:LeaderElection320] INFO  impl.RaftServerImpl (ServerState.java:setRaftConf(354)) - 9260b2c2-77d0-40af-9a4b-242b57e61325@group-E31C878E0E74: set configuration 0: [9260b2c2-77d0-40af-9a4b-242b57e61325:192.168.30.6:43860], old=null at 0
2019-09-25 11:10:30,582 [Thread-4059] INFO  impl.RoleInfo (RoleInfo.java:updateAndGet(143)) - 9260b2c2-77d0-40af-9a4b-242b57e61325: start LeaderElection
2019-09-25 11:10:30,582 [main] INFO  impl.RaftServerImpl (RaftServerImpl.java:lambda$shutdown$3(251)) - 231d5a30-2990-4b37-835c-52719c996380@group-0C70E7BB2107: shutdown
2019-09-25 11:10:30,583 [main] INFO  util.JmxRegister (JmxRegister.java:unregister(73)) - Successfully un-registered JMX Bean with object name Ratis:service=RaftServer,group=group-0C70E7BB2107,id=231d5a30-2990-4b37-835c-52719c996380
2019-09-25 11:10:30,582 [Thread-4065] INFO  impl.RoleInfo (RoleInfo.java:updateAndGet(143)) - 0089544c-4670-45f6-b8b0-eabe3503e213: start LeaderElection
2019-09-25 11:10:30,582 [ForkJoinPool.commonPool-worker-0] INFO  impl.RaftServerImpl (RaftServerImpl.java:lambda$shutdown$3(251)) - 9260b2c2-77d0-40af-9a4b-242b57e61325@group-01A106BC48A6: shutdown
2019-09-25 11:10:30,581 [Thread-4071] INFO  impl.RoleInfo (RoleInfo.java:updateAndGet(143)) - 0f46229f-d487-4784-9d87-cba709966a77: start LeaderElection
2019-09-25 11:10:30,581 [Thread-4056] INFO  impl.RoleInfo (RoleInfo.java:updateAndGet(143)) - 231d5a30-2990-4b37-835c-52719c996380: start LeaderElection
2019-09-25 11:10:30,581 [Thread-4077] INFO  impl.RoleInfo (RoleInfo.java:updateAndGet(143)) - 0089544c-4670-45f6-b8b0-eabe3503e213: start LeaderElection
2019-09-25 11:10:30,581 [Thread-4080] INFO  impl.RoleInfo (RoleInfo.java:updateAndGet(143)) - 0089544c-4670-45f6-b8b0-eabe3503e213: start LeaderElection
2019-09-25 11:10:30,581 [Thread-4089] INFO  impl.RaftServerImpl (RaftServerImpl.java:setRole(174)) - 0089544c-4670-45f6-b8b0-eabe3503e213@group-917FE2C95DE9: changes role from  FOLLOWER to CANDIDATE at term 0 for changeToCandidate
2019-09-25 11:10:30,581 [Thread-4086] INFO  impl.RaftServerImpl (RaftServerImpl.java:setRole(174)) - 0f46229f-d487-4784-9d87-cba709966a77@group-731BAC7F5F63: changes role from  FOLLOWER to CANDIDATE at term 0 for changeToCandidate
2019-09-25 11:10:30,585 [Thread-4089] INFO  impl.RoleInfo (RoleInfo.java:updateAndGet(143)) - 0089544c-4670-45f6-b8b0-eabe3503e213: start LeaderElection
2019-09-25 11:10:30,581 [Thread-4083] INFO  impl.RaftServerImpl (RaftServerImpl.java:setRole(174)) - 0f46229f-d487-4784-9d87-cba709966a77@group-18078E4CF3C8: changes role from  FOLLOWER to CANDIDATE at term 0 for changeToCandidate
2019-09-25 11:10:30,585 [Thread-4086] INFO  impl.RoleInfo (RoleInfo.java:updateAndGet(143)) - 0f46229f-d487-4784-9d87-cba709966a77: start LeaderElection
2019-09-25 11:10:30,584 [ForkJoinPool.commonPool-worker-0] INFO  util.JmxRegister (JmxRegister.java:unregister(73)) - Successfully un-registered JMX Bean with object name Ratis:service=RaftServer,group=group-01A106BC48A6,id=9260b2c2-77d0-40af-9a4b-242b57e61325
2019-09-25 11:10:30,583 [main] INFO  impl.RoleInfo (RoleInfo.java:shutdownLeaderState(104)) - 231d5a30-2990-4b37-835c-52719c996380: shutdown LeaderState
2019-09-25 11:10:30,585 [ForkJoinPool.commonPool-worker-0] INFO  impl.RoleInfo (RoleInfo.java:shutdownFollowerState(121)) - 9260b2c2-77d0-40af-9a4b-242b57e61325: shutdown FollowerState
2019-09-25 11:10:30,585 [Thread-4083] INFO  impl.RoleInfo (RoleInfo.java:updateAndGet(143)) - 0f46229f-d487-4784-9d87-cba709966a77: start LeaderElection
2019-09-25 11:10:30,586 [ForkJoinPool.commonPool-worker-0] INFO  impl.StateMachineUpdater (StateMachineUpdater.java:stopAndJoin(125)) - 9260b2c2-77d0-40af-9a4b-242b57e61325@group-01A106BC48A6-StateMachineUpdater: set stopIndex = -1
2019-09-25 11:10:30,586 [main] INFO  impl.PendingRequests (PendingRequests.java:sendNotLeaderResponses(202)) - 231d5a30-2990-4b37-835c-52719c996380-PendingRequests: sendNotLeaderResponses
2019-09-25 11:10:30,586 [ForkJoinPool.commonPool-worker-0] INFO  impl.RaftServerImpl (ServerState.java:close(385)) - 9260b2c2-77d0-40af-9a4b-242b57e61325@group-01A106BC48A6: closes. applyIndex: -1
2019-09-25 11:10:30,586 [Thread-4036] INFO  impl.FollowerState (FollowerState.java:run(115)) - 9260b2c2-77d0-40af-9a4b-242b57e61325: FollowerState was interrupted: java.lang.InterruptedException: sleep interrupted
2019-09-25 11:10:30,587 [main] INFO  impl.StateMachineUpdater (StateMachineUpdater.java:stopAndJoin(125)) - 231d5a30-2990-4b37-835c-52719c996380@group-0C70E7BB2107-StateMachineUpdater: set stopIndex = 0
2019-09-25 11:10:30,587 [9260b2c2-77d0-40af-9a4b-242b57e61325@group-01A106BC48A6-SegmentedRaftLogWorker] INFO  segmented.SegmentedRaftLogWorker (SegmentedRaftLogWorker.java:run(313)) - 9260b2c2-77d0-40af-9a4b-242b57e61325@group-01A106BC48A6-SegmentedRaftLogWorker was interrupted, exiting. There are 0 tasks remaining in the queue.
2019-09-25 11:10:30,587 [main] INFO  impl.RaftServerImpl (ServerState.java:close(385)) - 231d5a30-2990-4b37-835c-52719c996380@group-0C70E7BB2107: closes. applyIndex: 0
2019-09-25 11:10:30,587 [ForkJoinPool.commonPool-worker-0] INFO  segmented.SegmentedRaftLogWorker (SegmentedRaftLogWorker.java:close(228)) - 9260b2c2-77d0-40af-9a4b-242b57e61325@group-01A106BC48A6-SegmentedRaftLogWorker close()
2019-09-25 11:10:30,588 [231d5a30-2990-4b37-835c-52719c996380@group-0C70E7BB2107-SegmentedRaftLogWorker] INFO  segmented.SegmentedRaftLogWorker (SegmentedRaftLogWorker.java:run(313)) - 231d5a30-2990-4b37-835c-52719c996380@group-0C70E7BB2107-SegmentedRaftLogWorker was interrupted, exiting. There are 0 tasks remaining in the queue.
2019-09-25 11:10:30,588 [ForkJoinPool.commonPool-worker-0] INFO  impl.RaftServerImpl (RaftServerImpl.java:lambda$shutdown$3(251)) - 9260b2c2-77d0-40af-9a4b-242b57e61325@group-07AF23C52553: shutdown
2019-09-25 11:10:30,588 [main] INFO  segmented.SegmentedRaftLogWorker (SegmentedRaftLogWorker.java:close(228)) - 231d5a30-2990-4b37-835c-52719c996380@group-0C70E7BB2107-SegmentedRaftLogWorker close()
2019-09-25 11:10:30,588 [ForkJoinPool.commonPool-worker-0] INFO  util.JmxRegister (JmxRegister.java:unregister(73)) - Successfully un-registered JMX Bean with object name Ratis:service=RaftServer,group=group-07AF23C52553,id=9260b2c2-77d0-40af-9a4b-242b57e61325
2019-09-25 11:10:30,588 [main] INFO  impl.RaftServerImpl (RaftServerImpl.java:lambda$shutdown$3(251)) - 231d5a30-2990-4b37-835c-52719c996380@group-FA083F1E7B11: shutdown
2019-09-25 11:10:30,589 [main] INFO  util.JmxRegister (JmxRegister.java:unregister(73)) - Successfully un-registered JMX Bean with object name Ratis:service=RaftServer,group=group-FA083F1E7B11,id=231d5a30-2990-4b37-835c-52719c996380
2019-09-25 11:10:30,589 [ForkJoinPool.commonPool-worker-0] INFO  impl.RoleInfo (RoleInfo.java:shutdownLeaderState(104)) - 9260b2c2-77d0-40af-9a4b-242b57e61325: shutdown LeaderState
2019-09-25 11:10:30,589 [ForkJoinPool.commonPool-worker-0] INFO  impl.PendingRequests (PendingRequests.java:sendNotLeaderResponses(202)) - 9260b2c2-77d0-40af-9a4b-242b57e61325-PendingRequests: sendNotLeaderResponses
2019-09-25 11:10:30,589 [main] INFO  impl.RoleInfo (RoleInfo.java:shutdownLeaderState(104)) - 231d5a30-2990-4b37-835c-52719c996380: shutdown LeaderState
2019-09-25 11:10:30,589 [ForkJoinPool.commonPool-worker-0] INFO  impl.StateMachineUpdater (StateMachineUpdater.java:stopAndJoin(125)) - 9260b2c2-77d0-40af-9a4b-242b57e61325@group-07AF23C52553-StateMachineUpdater: set stopIndex = 0
2019-09-25 11:10:30,590 [ForkJoinPool.commonPool-worker-0] INFO  impl.RaftServerImpl (ServerState.java:close(385)) - 9260b2c2-77d0-40af-9a4b-242b57e61325@group-07AF23C52553: closes. applyIndex: 0
2019-09-25 11:10:30,590 [main] INFO  impl.PendingRequests (PendingRequests.java:sendNotLeaderResponses(202)) - 231d5a30-2990-4b37-835c-52719c996380-PendingRequests: sendNotLeaderResponses
2019-09-25 11:10:30,590 [9260b2c2-77d0-40af-9a4b-242b57e61325@group-07AF23C52553-SegmentedRaftLogWorker] INFO  segmented.SegmentedRaftLogWorker (SegmentedRaftLogWorker.java:run(313)) - 9260b2c2-77d0-40af-9a4b-242b57e61325@group-07AF23C52553-SegmentedRaftLogWorker was interrupted, exiting. There are 0 tasks remaining in the queue.
2019-09-25 11:10:30,590 [main] INFO  impl.StateMachineUpdater (StateMachineUpdater.java:stopAndJoin(125)) - 231d5a30-2990-4b37-835c-52719c996380@group-FA083F1E7B11-StateMachineUpdater: set stopIndex = 0
2019-09-25 11:10:30,591 [main] INFO  impl.RaftServerImpl (ServerState.java:close(385)) - 231d5a30-2990-4b37-835c-52719c996380@group-FA083F1E7B11: closes. applyIndex: 0
2019-09-25 11:10:30,591 [231d5a30-2990-4b37-835c-52719c996380@group-FA083F1E7B11-SegmentedRaftLogWorker] INFO  segmented.SegmentedRaftLogWorker (SegmentedRaftLogWorker.java:run(313)) - 231d5a30-2990-4b37-835c-52719c996380@group-FA083F1E7B11-SegmentedRaftLogWorker was interrupted, exiting. There are 0 tasks remaining in the queue.
2019-09-25 11:10:30,592 [ForkJoinPool.commonPool-worker-0] INFO  segmented.SegmentedRaftLogWorker (SegmentedRaftLogWorker.java:close(228)) - 9260b2c2-77d0-40af-9a4b-242b57e61325@group-07AF23C52553-SegmentedRaftLogWorker close()
2019-09-25 11:10:30,592 [main] INFO  segmented.SegmentedRaftLogWorker (SegmentedRaftLogWorker.java:close(228)) - 231d5a30-2990-4b37-835c-52719c996380@group-FA083F1E7B11-SegmentedRaftLogWorker close()
2019-09-25 11:10:30,592 [ForkJoinPool.commonPool-worker-0] INFO  impl.RaftServerImpl (RaftServerImpl.java:lambda$shutdown$3(251)) - 9260b2c2-77d0-40af-9a4b-242b57e61325@group-DFA99E1C1E72: shutdown
2019-09-25 11:10:30,592 [main] INFO  impl.RaftServerImpl (RaftServerImpl.java:lambda$shutdown$3(251)) - 231d5a30-2990-4b37-835c-52719c996380@group-51CC8EF7CDDB: shutdown
2019-09-25 11:10:30,593 [main] INFO  util.JmxRegister (JmxRegister.java:unregister(73)) - Successfully un-registered JMX Bean with object name Ratis:service=RaftServer,group=group-51CC8EF7CDDB,id=231d5a30-2990-4b37-835c-52719c996380
2019-09-25 11:10:30,593 [ForkJoinPool.commonPool-worker-0] INFO  util.JmxRegister (JmxRegister.java:unregister(73)) - Successfully un-registered JMX Bean with object name Ratis:service=RaftServer,group=group-DFA99E1C1E72,id=9260b2c2-77d0-40af-9a4b-242b57e61325
2019-09-25 11:10:30,593 [main] INFO  impl.RoleInfo (RoleInfo.java:shutdownLeaderElection(134)) - 231d5a30-2990-4b37-835c-52719c996380: shutdown LeaderElection
2019-09-25 11:10:30,593 [ForkJoinPool.commonPool-worker-0] INFO  impl.RoleInfo (RoleInfo.java:shutdownFollowerState(121)) - 9260b2c2-77d0-40af-9a4b-242b57e61325: shutdown FollowerState
2019-09-25 11:10:30,594 [main] INFO  impl.StateMachineUpdater (StateMachineUpdater.java:stopAndJoin(125)) - 231d5a30-2990-4b37-835c-52719c996380@group-51CC8EF7CDDB-StateMachineUpdater: set stopIndex = -1
2019-09-25 11:10:30,594 [Thread-4045] INFO  impl.FollowerState (FollowerState.java:run(115)) - 9260b2c2-77d0-40af-9a4b-242b57e61325: FollowerState was interrupted: java.lang.InterruptedException: sleep interrupted
2019-09-25 11:10:30,594 [ForkJoinPool.commonPool-worker-0] INFO  impl.StateMachineUpdater (StateMachineUpdater.java:stopAndJoin(125)) - 9260b2c2-77d0-40af-9a4b-242b57e61325@group-DFA99E1C1E72-StateMachineUpdater: set stopIndex = -1
2019-09-25 11:10:30,594 [main] INFO  impl.RaftServerImpl (ServerState.java:close(385)) - 231d5a30-2990-4b37-835c-52719c996380@group-51CC8EF7CDDB: closes. applyIndex: -1
2019-09-25 11:10:30,595 [ForkJoinPool.commonPool-worker-0] INFO  impl.RaftServerImpl (ServerState.java:close(385)) - 9260b2c2-77d0-40af-9a4b-242b57e61325@group-DFA99E1C1E72: closes. applyIndex: -1
2019-09-25 11:10:30,595 [231d5a30-2990-4b37-835c-52719c996380@group-51CC8EF7CDDB-SegmentedRaftLogWorker] INFO  segmented.SegmentedRaftLogWorker (SegmentedRaftLogWorker.java:run(313)) - 231d5a30-2990-4b37-835c-52719c996380@group-51CC8EF7CDDB-SegmentedRaftLogWorker was interrupted, exiting. There are 0 tasks remaining in the queue.
2019-09-25 11:10:30,595 [9260b2c2-77d0-40af-9a4b-242b57e61325@group-DFA99E1C1E72-SegmentedRaftLogWorker] INFO  segmented.SegmentedRaftLogWorker (SegmentedRaftLogWorker.java:run(313)) - 9260b2c2-77d0-40af-9a4b-242b57e61325@group-DFA99E1C1E72-SegmentedRaftLogWorker was interrupted, exiting. There are 0 tasks remaining in the queue.
2019-09-25 11:10:30,595 [main] INFO  segmented.SegmentedRaftLogWorker (SegmentedRaftLogWorker.java:close(228)) - 231d5a30-2990-4b37-835c-52719c996380@group-51CC8EF7CDDB-SegmentedRaftLogWorker close()
2019-09-25 11:10:30,595 [ForkJoinPool.commonPool-worker-0] INFO  segmented.SegmentedRaftLogWorker (SegmentedRaftLogWorker.java:close(228)) - 9260b2c2-77d0-40af-9a4b-242b57e61325@group-DFA99E1C1E72-SegmentedRaftLogWorker close()
2019-09-25 11:10:30,596 [main] INFO  impl.RaftServerImpl (RaftServerImpl.java:lambda$shutdown$3(251)) - 231d5a30-2990-4b37-835c-52719c996380@group-9751FA5E2C02: shutdown
2019-09-25 11:10:30,596 [ForkJoinPool.commonPool-worker-0] INFO  impl.RaftServerImpl (RaftServerImpl.java:lambda$shutdown$3(251)) - 9260b2c2-77d0-40af-9a4b-242b57e61325@group-744811572984: shutdown
2019-09-25 11:10:30,596 [main] INFO  util.JmxRegister (JmxRegister.java:unregister(73)) - Successfully un-registered JMX Bean with object name Ratis:service=RaftServer,group=group-9751FA5E2C02,id=231d5a30-2990-4b37-835c-52719c996380
2019-09-25 11:10:30,596 [main] INFO  impl.RoleInfo (RoleInfo.java:shutdownLeaderState(104)) - 231d5a30-2990-4b37-835c-52719c996380: shutdown LeaderState
2019-09-25 11:10:30,596 [ForkJoinPool.commonPool-worker-0] INFO  util.JmxRegister (JmxRegister.java:unregister(73)) - Successfully un-registered JMX Bean with object name Ratis:service=RaftServer,group=group-744811572984,id=9260b2c2-77d0-40af-9a4b-242b57e61325
2019-09-25 11:10:30,597 [ForkJoinPool.commonPool-worker-0] INFO  impl.RoleInfo (RoleInfo.java:shutdownLeaderState(104)) - 9260b2c2-77d0-40af-9a4b-242b57e61325: shutdown LeaderState
2019-09-25 11:10:30,597 [main] INFO  impl.PendingRequests (PendingRequests.java:sendNotLeaderResponses(202)) - 231d5a30-2990-4b37-835c-52719c996380-PendingRequests: sendNotLeaderResponses
2019-09-25 11:10:30,597 [ForkJoinPool.commonPool-worker-0] INFO  impl.PendingRequests (PendingRequests.java:sendNotLeaderResponses(202)) - 9260b2c2-77d0-40af-9a4b-242b57e61325-PendingRequests: sendNotLeaderResponses
2019-09-25 11:10:30,597 [main] INFO  impl.StateMachineUpdater (StateMachineUpdater.java:stopAndJoin(125)) - 231d5a30-2990-4b37-835c-52719c996380@group-9751FA5E2C02-StateMachineUpdater: set stopIndex = 0
2019-09-25 11:10:30,597 [ForkJoinPool.commonPool-worker-0] INFO  impl.StateMachineUpdater (StateMachineUpdater.java:stopAndJoin(125)) - 9260b2c2-77d0-40af-9a4b-242b57e61325@group-744811572984-StateMachineUpdater: set stopIndex = 0
2019-09-25 11:10:30,598 [main] INFO  impl.RaftServerImpl (ServerState.java:close(385)) - 231d5a30-2990-4b37-835c-52719c996380@group-9751FA5E2C02: closes. applyIndex: 0
2019-09-25 11:10:30,598 [ForkJoinPool.commonPool-worker-0] INFO  impl.RaftServerImpl (ServerState.java:close(385)) - 9260b2c2-77d0-40af-9a4b-242b57e61325@group-744811572984: closes. applyIndex: 0
2019-09-25 11:10:30,598 [231d5a30-2990-4b37-835c-52719c996380@group-9751FA5E2C02-SegmentedRaftLogWorker] INFO  segmented.SegmentedRaftLogWorker (SegmentedRaftLogWorker.java:run(313)) - 231d5a30-2990-4b37-835c-52719c996380@group-9751FA5E2C02-SegmentedRaftLogWorker was interrupted, exiting. There are 0 tasks remaining in the queue.
2019-09-25 11:10:30,598 [9260b2c2-77d0-40af-9a4b-242b57e61325@group-744811572984-SegmentedRaftLogWorker] INFO  segmented.SegmentedRaftLogWorker (SegmentedRaftLogWorker.java:run(313)) - 9260b2c2-77d0-40af-9a4b-242b57e61325@group-744811572984-SegmentedRaftLogWorker was interrupted, exiting. There are 0 tasks remaining in the queue.
2019-09-25 11:10:30,598 [main] INFO  segmented.SegmentedRaftLogWorker (SegmentedRaftLogWorker.java:close(228)) - 231d5a30-2990-4b37-835c-52719c996380@group-9751FA5E2C02-SegmentedRaftLogWorker close()
2019-09-25 11:10:30,598 [ForkJoinPool.commonPool-worker-0] INFO  segmented.SegmentedRaftLogWorker (SegmentedRaftLogWorker.java:close(228)) - 9260b2c2-77d0-40af-9a4b-242b57e61325@group-744811572984-SegmentedRaftLogWorker close()
2019-09-25 11:10:30,599 [main] INFO  impl.RaftServerImpl (RaftServerImpl.java:lambda$shutdown$3(251)) - 231d5a30-2990-4b37-835c-52719c996380@group-CB2D659DB079: shutdown
2019-09-25 11:10:30,599 [ForkJoinPool.commonPool-worker-0] INFO  impl.RaftServerImpl (RaftServerImpl.java:lambda$shutdown$3(251)) - 9260b2c2-77d0-40af-9a4b-242b57e61325@group-6F3EF71CBC4F: shutdown
2019-09-25 11:10:30,599 [main] INFO  util.JmxRegister (JmxRegister.java:unregister(73)) - Successfully un-registered JMX Bean with object name Ratis:service=RaftServer,group=group-CB2D659DB079,id=231d5a30-2990-4b37-835c-52719c996380
2019-09-25 11:10:30,599 [ForkJoinPool.commonPool-worker-0] INFO  util.JmxRegister (JmxRegister.java:unregister(73)) - Successfully un-registered JMX Bean with object name Ratis:service=RaftServer,group=group-6F3EF71CBC4F,id=9260b2c2-77d0-40af-9a4b-242b57e61325
2019-09-25 11:10:30,599 [main] INFO  impl.RoleInfo (RoleInfo.java:shutdownLeaderState(104)) - 231d5a30-2990-4b37-835c-52719c996380: shutdown LeaderState
2019-09-25 11:10:30,599 [ForkJoinPool.commonPool-worker-0] INFO  impl.RoleInfo (RoleInfo.java:shutdownLeaderElection(134)) - 9260b2c2-77d0-40af-9a4b-242b57e61325: shutdown LeaderElection
2019-09-25 11:10:30,600 [main] INFO  impl.PendingRequests (PendingRequests.java:sendNotLeaderResponses(202)) - 231d5a30-2990-4b37-835c-52719c996380-PendingRequests: sendNotLeaderResponses
2019-09-25 11:10:30,600 [ForkJoinPool.commonPool-worker-0] INFO  impl.StateMachineUpdater (StateMachineUpdater.java:stopAndJoin(125)) - 9260b2c2-77d0-40af-9a4b-242b57e61325@group-6F3EF71CBC4F-StateMachineUpdater: set stopIndex = -1
2019-09-25 11:10:30,600 [main] INFO  impl.StateMachineUpdater (StateMachineUpdater.java:stopAndJoin(125)) - 231d5a30-2990-4b37-835c-52719c996380@group-CB2D659DB079-StateMachineUpdater: set stopIndex = 0
2019-09-25 11:10:30,600 [ForkJoinPool.commonPool-worker-0] INFO  impl.RaftServerImpl (ServerState.java:close(385)) - 9260b2c2-77d0-40af-9a4b-242b57e61325@group-6F3EF71CBC4F: closes. applyIndex: -1
2019-09-25 11:10:30,600 [main] INFO  impl.RaftServerImpl (ServerState.java:close(385)) - 231d5a30-2990-4b37-835c-52719c996380@group-CB2D659DB079: closes. applyIndex: 0
2019-09-25 11:10:30,601 [9260b2c2-77d0-40af-9a4b-242b57e61325@group-6F3EF71CBC4F-SegmentedRaftLogWorker] INFO  segmented.SegmentedRaftLogWorker (SegmentedRaftLogWorker.java:run(313)) - 9260b2c2-77d0-40af-9a4b-242b57e61325@group-6F3EF71CBC4F-SegmentedRaftLogWorker was interrupted, exiting. There are 0 tasks remaining in the queue.
2019-09-25 11:10:30,601 [ForkJoinPool.commonPool-worker-0] INFO  segmented.SegmentedRaftLogWorker (SegmentedRaftLogWorker.java:close(228)) - 9260b2c2-77d0-40af-9a4b-242b57e61325@group-6F3EF71CBC4F-SegmentedRaftLogWorker close()
2019-09-25 11:10:30,601 [231d5a30-2990-4b37-835c-52719c996380@group-CB2D659DB079-SegmentedRaftLogWorker] INFO  segmented.SegmentedRaftLogWorker (SegmentedRaftLogWorker.java:run(313)) - 231d5a30-2990-4b37-835c-52719c996380@group-CB2D659DB079-SegmentedRaftLogWorker was interrupted, exiting. There are 0 tasks remaining in the queue.
2019-09-25 11:10:30,601 [ForkJoinPool.commonPool-worker-0] INFO  impl.RaftServerImpl (RaftServerImpl.java:lambda$shutdown$3(251)) - 9260b2c2-77d0-40af-9a4b-242b57e61325@group-E31C878E0E74: shutdown
2019-09-25 11:10:30,601 [main] INFO  segmented.SegmentedRaftLogWorker (SegmentedRaftLogWorker.java:close(228)) - 231d5a30-2990-4b37-835c-52719c996380@group-CB2D659DB079-SegmentedRaftLogWorker close()
2019-09-25 11:10:30,601 [ForkJoinPool.commonPool-worker-0] INFO  util.JmxRegister (JmxRegister.java:unregister(73)) - Successfully un-registered JMX Bean with object name Ratis:service=RaftServer,group=group-E31C878E0E74,id=9260b2c2-77d0-40af-9a4b-242b57e61325
2019-09-25 11:10:30,602 [main] INFO  impl.RaftServerImpl (RaftServerImpl.java:lambda$shutdown$3(251)) - 231d5a30-2990-4b37-835c-52719c996380@group-260535B89D6A: shutdown
2019-09-25 11:10:30,602 [ForkJoinPool.commonPool-worker-0] INFO  impl.RoleInfo (RoleInfo.java:shutdownLeaderState(104)) - 9260b2c2-77d0-40af-9a4b-242b57e61325: shutdown LeaderState
2019-09-25 11:10:30,602 [main] INFO  util.JmxRegister (JmxRegister.java:unregister(73)) - Successfully un-registered JMX Bean with object name Ratis:service=RaftServer,group=group-260535B89D6A,id=231d5a30-2990-4b37-835c-52719c996380
2019-09-25 11:10:30,602 [ForkJoinPool.commonPool-worker-0] INFO  impl.PendingRequests (PendingRequests.java:sendNotLeaderResponses(202)) - 9260b2c2-77d0-40af-9a4b-242b57e61325-PendingRequests: sendNotLeaderResponses
2019-09-25 11:10:30,602 [main] INFO  impl.RoleInfo (RoleInfo.java:shutdownLeaderState(104)) - 231d5a30-2990-4b37-835c-52719c996380: shutdown LeaderState
2019-09-25 11:10:30,602 [ForkJoinPool.commonPool-worker-0] INFO  impl.StateMachineUpdater (StateMachineUpdater.java:stopAndJoin(125)) - 9260b2c2-77d0-40af-9a4b-242b57e61325@group-E31C878E0E74-StateMachineUpdater: set stopIndex = -1
2019-09-25 11:10:30,603 [main] INFO  impl.PendingRequests (PendingRequests.java:sendNotLeaderResponses(202)) - 231d5a30-2990-4b37-835c-52719c996380-PendingRequests: sendNotLeaderResponses
2019-09-25 11:10:30,603 [ForkJoinPool.commonPool-worker-0] INFO  impl.RaftServerImpl (ServerState.java:close(385)) - 9260b2c2-77d0-40af-9a4b-242b57e61325@group-E31C878E0E74: closes. applyIndex: -1
2019-09-25 11:10:30,603 [231d5a30-2990-4b37-835c-52719c996380@group-51CC8EF7CDDB:LeaderElection326] INFO  impl.LeaderElection (LeaderElection.java:askForVotes(182)) - 231d5a30-2990-4b37-835c-52719c996380@group-51CC8EF7CDDB:LeaderElection326: begin an election at term 1 for -1: [231d5a30-2990-4b37-835c-52719c996380:192.168.30.6:44620], old=null
2019-09-25 11:10:30,603 [0f46229f-d487-4784-9d87-cba709966a77@group-18078E4CF3C8:LeaderElection333] INFO  impl.LeaderElection (LeaderElection.java:askForVotes(182)) - 0f46229f-d487-4784-9d87-cba709966a77@group-18078E4CF3C8:LeaderElection333: begin an election at term 1 for -1: [0f46229f-d487-4784-9d87-cba709966a77:192.168.30.6:36619], old=null
2019-09-25 11:10:30,603 [0f46229f-d487-4784-9d87-cba709966a77@group-99A96411E63A:LeaderElection322] INFO  impl.LeaderElection (LeaderElection.java:askForVotes(182)) - 0f46229f-d487-4784-9d87-cba709966a77@group-99A96411E63A:LeaderElection322: begin an election at term 1 for -1: [0f46229f-d487-4784-9d87-cba709966a77:192.168.30.6:36619], old=null
2019-09-25 11:10:30,603 [0089544c-4670-45f6-b8b0-eabe3503e213@group-86E2D68A9109:LeaderElection328] INFO  impl.LeaderElection (LeaderElection.java:askForVotes(182)) - 0089544c-4670-45f6-b8b0-eabe3503e213@group-86E2D68A9109:LeaderElection328: begin an election at term 1 for -1: [0089544c-4670-45f6-b8b0-eabe3503e213:192.168.30.6:36645], old=null
2019-09-25 11:10:30,603 [0089544c-4670-45f6-b8b0-eabe3503e213@group-8F1F80E7150A:LeaderElection324] INFO  impl.LeaderElection (LeaderElection.java:askForVotes(182)) - 0089544c-4670-45f6-b8b0-eabe3503e213@group-8F1F80E7150A:LeaderElection324: begin an election at term 1 for -1: [0089544c-4670-45f6-b8b0-eabe3503e213:192.168.30.6:36645], old=null
2019-09-25 11:10:30,603 [0089544c-4670-45f6-b8b0-eabe3503e213@group-9F5E5BD348C0:LeaderElection323] INFO  impl.LeaderElection (LeaderElection.java:askForVotes(182)) - 0089544c-4670-45f6-b8b0-eabe3503e213@group-9F5E5BD348C0:LeaderElection323: begin an election at term 1 for -1: [0089544c-4670-45f6-b8b0-eabe3503e213:192.168.30.6:36645], old=null
2019-09-25 11:10:30,603 [0f46229f-d487-4784-9d87-cba709966a77@group-731BAC7F5F63:LeaderElection332] INFO  impl.LeaderElection (LeaderElection.java:askForVotes(182)) - 0f46229f-d487-4784-9d87-cba709966a77@group-731BAC7F5F63:LeaderElection332: begin an election at term 1 for -1: [0f46229f-d487-4784-9d87-cba709966a77:192.168.30.6:36619], old=null
2019-09-25 11:10:30,603 [9260b2c2-77d0-40af-9a4b-242b57e61325@group-6F3EF71CBC4F:LeaderElection330] INFO  impl.LeaderElection (LeaderElection.java:askForVotes(182)) - 9260b2c2-77d0-40af-9a4b-242b57e61325@group-6F3EF71CBC4F:LeaderElection330: begin an election at term 1 for -1: [9260b2c2-77d0-40af-9a4b-242b57e61325:192.168.30.6:43860], old=null
2019-09-25 11:10:30,603 [0089544c-4670-45f6-b8b0-eabe3503e213@group-64D662F0404F:LeaderElection325] INFO  impl.LeaderElection (LeaderElection.java:askForVotes(182)) - 0089544c-4670-45f6-b8b0-eabe3503e213@group-64D662F0404F:LeaderElection325: begin an election at term 1 for -1: [0089544c-4670-45f6-b8b0-eabe3503e213:192.168.30.6:36645], old=null
2019-09-25 11:10:30,603 [0089544c-4670-45f6-b8b0-eabe3503e213@group-917FE2C95DE9:LeaderElection331] INFO  impl.LeaderElection (LeaderElection.java:askForVotes(182)) - 0089544c-4670-45f6-b8b0-eabe3503e213@group-917FE2C95DE9:LeaderElection331: begin an election at term 1 for -1: [0089544c-4670-45f6-b8b0-eabe3503e213:192.168.30.6:36645], old=null
2019-09-25 11:10:30,603 [0f46229f-d487-4784-9d87-cba709966a77@group-23562044ECCF:LeaderElection327] INFO  impl.LeaderElection (LeaderElection.java:askForVotes(182)) - 0f46229f-d487-4784-9d87-cba709966a77@group-23562044ECCF:LeaderElection327: begin an election at term 1 for -1: [0f46229f-d487-4784-9d87-cba709966a77:192.168.30.6:36619], old=null
2019-09-25 11:10:30,604 [0089544c-4670-45f6-b8b0-eabe3503e213@group-917FE2C95DE9:LeaderElection331] INFO  impl.RoleInfo (RoleInfo.java:shutdownLeaderElection(134)) - 0089544c-4670-45f6-b8b0-eabe3503e213: shutdown LeaderElection
2019-09-25 11:10:30,603 [main] INFO  impl.StateMachineUpdater (StateMachineUpdater.java:stopAndJoin(125)) - 231d5a30-2990-4b37-835c-52719c996380@group-260535B89D6A-StateMachineUpdater: set stopIndex = 0
2019-09-25 11:10:30,605 [main] INFO  impl.RaftServerImpl (ServerState.java:close(385)) - 231d5a30-2990-4b37-835c-52719c996380@group-260535B89D6A: closes. applyIndex: 0
2019-09-25 11:10:30,604 [0089544c-4670-45f6-b8b0-eabe3503e213@group-917FE2C95DE9:LeaderElection331] INFO  impl.RaftServerImpl (RaftServerImpl.java:setRole(174)) - 0089544c-4670-45f6-b8b0-eabe3503e213@group-917FE2C95DE9: changes role from CANDIDATE to LEADER at term 1 for changeToLeader
2019-09-25 11:10:30,604 [0f46229f-d487-4784-9d87-cba709966a77@group-23562044ECCF:LeaderElection327] INFO  impl.RoleInfo (RoleInfo.java:shutdownLeaderElection(134)) - 0f46229f-d487-4784-9d87-cba709966a77: shutdown LeaderElection
2019-09-25 11:10:30,605 [0f46229f-d487-4784-9d87-cba709966a77@group-23562044ECCF:LeaderElection327] INFO  impl.RaftServerImpl (RaftServerImpl.java:setRole(174)) - 0f46229f-d487-4784-9d87-cba709966a77@group-23562044ECCF: changes role from CANDIDATE to LEADER at term 1 for changeToLeader
2019-09-25 11:10:30,605 [0f46229f-d487-4784-9d87-cba709966a77@group-23562044ECCF:LeaderElection327] INFO  impl.RaftServerImpl (ServerState.java:setLeader(253)) - 0f46229f-d487-4784-9d87-cba709966a77@group-23562044ECCF: change Leader from null to 0f46229f-d487-4784-9d87-cba709966a77 at term 1 for becomeLeader, leader elected after 5401ms
2019-09-25 11:10:30,604 [0089544c-4670-45f6-b8b0-eabe3503e213@group-64D662F0404F:LeaderElection325] INFO  impl.RoleInfo (RoleInfo.java:shutdownLeaderElection(134)) - 0089544c-4670-45f6-b8b0-eabe3503e213: shutdown LeaderElection
2019-09-25 11:10:30,604 [9260b2c2-77d0-40af-9a4b-242b57e61325@group-6F3EF71CBC4F:LeaderElection330] INFO  impl.LeaderElection (LogUtils.java:infoOrTrace(149)) - Failed 9260b2c2-77d0-40af-9a4b-242b57e61325@group-6F3EF71CBC4F:LeaderElection330, state=CLOSING: {}
java.lang.IllegalArgumentException: 9260b2c2-77d0-40af-9a4b-242b57e61325@group-6F3EF71CBC4F-SegmentedRaftLog is expected to be opened but it is CLOSED
	at org.apache.ratis.util.OpenCloseState.assertOpen(OpenCloseState.java:63)
	at org.apache.ratis.server.raftlog.RaftLog.checkLogState(RaftLog.java:102)
	at org.apache.ratis.server.raftlog.segmented.SegmentedRaftLog.getLastEntryTermIndex(SegmentedRaftLog.java:324)
	at org.apache.ratis.server.impl.LeaderElection.askForVotes(LeaderElection.java:184)
	at org.apache.ratis.server.impl.LeaderElection.run(LeaderElection.java:133)
	at java.lang.Thread.run(Thread.java:748)
Caused by: org.apache.ratis.util.OpenCloseState$CloseTrace: Close 9260b2c2-77d0-40af-9a4b-242b57e61325@group-6F3EF71CBC4F-SegmentedRaftLog
	at org.apache.ratis.util.OpenCloseState.lambda$close$1(OpenCloseState.java:109)
	at java.util.concurrent.atomic.AtomicReference.getAndUpdate(AtomicReference.java:160)
	at org.apache.ratis.util.OpenCloseState.close(OpenCloseState.java:109)
	at org.apache.ratis.server.raftlog.RaftLog.close(RaftLog.java:437)
	at org.apache.ratis.server.raftlog.segmented.SegmentedRaftLog.close(SegmentedRaftLog.java:476)
	at org.apache.ratis.server.impl.ServerState.close(ServerState.java:387)
	at org.apache.ratis.server.impl.RaftServerImpl.lambda$shutdown$3(RaftServerImpl.java:273)
	at org.apache.ratis.util.LifeCycle.lambda$checkStateAndClose$2(LifeCycle.java:231)
	at org.apache.ratis.util.LifeCycle.checkStateAndClose(LifeCycle.java:251)
	at org.apache.ratis.util.LifeCycle.checkStateAndClose(LifeCycle.java:229)
	at org.apache.ratis.server.impl.RaftServerImpl.shutdown(RaftServerImpl.java:250)
	at org.apache.ratis.server.impl.RaftServerProxy$ImplMap.lambda$close$0(RaftServerProxy.java:107)
	at java.util.stream.ForEachOps$ForEachOp$OfRef.accept(ForEachOps.java:184)
	at java.util.stream.ReferencePipeline$3$1.accept(ReferencePipeline.java:193)
	at java.util.concurrent.ConcurrentHashMap$ValueSpliterator.forEachRemaining(ConcurrentHashMap.java:3566)
	at java.util.stream.AbstractPipeline.copyInto(AbstractPipeline.java:482)
	at java.util.stream.ForEachOps$ForEachTask.compute(ForEachOps.java:291)
	at java.util.concurrent.CountedCompleter.exec(CountedCompleter.java:731)
	at java.util.concurrent.ForkJoinTask.doExec(ForkJoinTask.java:289)
	at java.util.concurrent.ForkJoinPool.helpComplete(ForkJoinPool.java:1870)
	at java.util.concurrent.ForkJoinPool.awaitJoin(ForkJoinPool.java:2045)
	at java.util.concurrent.ForkJoinTask.doInvoke(ForkJoinTask.java:404)
	at java.util.concurrent.ForkJoinTask.invoke(ForkJoinTask.java:734)
	at java.util.stream.ForEachOps$ForEachOp.evaluateParallel(ForEachOps.java:160)
	at java.util.stream.ForEachOps$ForEachOp$OfRef.evaluateParallel(ForEachOps.java:174)
	at java.util.stream.AbstractPipeline.evaluate(AbstractPipeline.java:233)
	at java.util.stream.ReferencePipeline.forEach(ReferencePipeline.java:418)
	at org.apache.ratis.server.impl.RaftServerProxy$ImplMap.close(RaftServerProxy.java:107)
	at org.apache.ratis.server.impl.RaftServerProxy.lambda$close$4(RaftServerProxy.java:315)
	at org.apache.ratis.util.LifeCycle.lambda$checkStateAndClose$2(LifeCycle.java:231)
	at org.apache.ratis.util.LifeCycle.checkStateAndClose(LifeCycle.java:251)
	at org.apache.ratis.util.LifeCycle.checkStateAndClose(LifeCycle.java:229)
	at org.apache.ratis.server.impl.RaftServerProxy.close(RaftServerProxy.java:313)
	at org.apache.hadoop.ozone.container.common.transport.server.ratis.XceiverServerRatis.stop(XceiverServerRatis.java:441)
	at org.apache.hadoop.ozone.container.ozoneimpl.OzoneContainer.stop(OzoneContainer.java:233)
	at org.apache.hadoop.ozone.container.common.statemachine.DatanodeStateMachine.close(DatanodeStateMachine.java:270)
	at org.apache.hadoop.ozone.container.common.statemachine.DatanodeStateMachine.stopDaemon(DatanodeStateMachine.java:394)
	at org.apache.hadoop.ozone.HddsDatanodeService.stop(HddsDatanodeService.java:457)
	at org.apache.hadoop.ozone.MiniOzoneClusterImpl.stopDatanode(MiniOzoneClusterImpl.java:385)
	at java.util.stream.ForEachOps$ForEachOp$OfRef.accept(ForEachOps.java:184)
	at java.util.ArrayList$ArrayListSpliterator.forEachRemaining(ArrayList.java:1382)
	at java.util.stream.AbstractPipeline.copyInto(AbstractPipeline.java:482)
	at java.util.stream.ForEachOps$ForEachTask.compute(ForEachOps.java:291)
	at java.util.concurrent.CountedCompleter.exec(CountedCompleter.java:731)
	at java.util.concurrent.ForkJoinTask.doExec(ForkJoinTask.java:289)
	at java.util.concurrent.ForkJoinPool$WorkQueue.runTask(ForkJoinPool.java:1056)
	at java.util.concurrent.ForkJoinPool.runWorker(ForkJoinPool.java:1692)
	at java.util.concurrent.ForkJoinWorkerThread.run(ForkJoinWorkerThread.java:157)
2019-09-25 11:10:30,604 [0f46229f-d487-4784-9d87-cba709966a77@group-731BAC7F5F63:LeaderElection332] INFO  impl.RoleInfo (RoleInfo.java:shutdownLeaderElection(134)) - 0f46229f-d487-4784-9d87-cba709966a77: shutdown LeaderElection
2019-09-25 11:10:30,604 [0089544c-4670-45f6-b8b0-eabe3503e213@group-9F5E5BD348C0:LeaderElection323] INFO  impl.RoleInfo (RoleInfo.java:shutdownLeaderElection(134)) - 0089544c-4670-45f6-b8b0-eabe3503e213: shutdown LeaderElection
2019-09-25 11:10:30,615 [0089544c-4670-45f6-b8b0-eabe3503e213@group-9F5E5BD348C0:LeaderElection323] INFO  impl.RaftServerImpl (RaftServerImpl.java:setRole(174)) - 0089544c-4670-45f6-b8b0-eabe3503e213@group-9F5E5BD348C0: changes role from CANDIDATE to LEADER at term 1 for changeToLeader
2019-09-25 11:10:30,604 [0089544c-4670-45f6-b8b0-eabe3503e213@group-8F1F80E7150A:LeaderElection324] INFO  impl.RoleInfo (RoleInfo.java:shutdownLeaderElection(134)) - 0089544c-4670-45f6-b8b0-eabe3503e213: shutdown LeaderElection
2019-09-25 11:10:30,604 [0089544c-4670-45f6-b8b0-eabe3503e213@group-86E2D68A9109:LeaderElection328] INFO  impl.RoleInfo (RoleInfo.java:shutdownLeaderElection(134)) - 0089544c-4670-45f6-b8b0-eabe3503e213: shutdown LeaderElection
2019-09-25 11:10:30,615 [0089544c-4670-45f6-b8b0-eabe3503e213@group-86E2D68A9109:LeaderElection328] INFO  impl.RaftServerImpl (RaftServerImpl.java:setRole(174)) - 0089544c-4670-45f6-b8b0-eabe3503e213@group-86E2D68A9109: changes role from CANDIDATE to LEADER at term 1 for changeToLeader
2019-09-25 11:10:30,615 [0089544c-4670-45f6-b8b0-eabe3503e213@group-86E2D68A9109:LeaderElection328] INFO  impl.RaftServerImpl (ServerState.java:setLeader(253)) - 0089544c-4670-45f6-b8b0-eabe3503e213@group-86E2D68A9109: change Leader from null to 0089544c-4670-45f6-b8b0-eabe3503e213 at term 1 for becomeLeader, leader elected after 5490ms
2019-09-25 11:10:30,604 [0f46229f-d487-4784-9d87-cba709966a77@group-99A96411E63A:LeaderElection322] INFO  impl.RoleInfo (RoleInfo.java:shutdownLeaderElection(134)) - 0f46229f-d487-4784-9d87-cba709966a77: shutdown LeaderElection
2019-09-25 11:10:30,603 [0f46229f-d487-4784-9d87-cba709966a77@group-18078E4CF3C8:LeaderElection333] INFO  impl.RoleInfo (RoleInfo.java:shutdownLeaderElection(134)) - 0f46229f-d487-4784-9d87-cba709966a77: shutdown LeaderElection
2019-09-25 11:10:30,615 [0f46229f-d487-4784-9d87-cba709966a77@group-18078E4CF3C8:LeaderElection333] INFO  impl.RaftServerImpl (RaftServerImpl.java:setRole(174)) - 0f46229f-d487-4784-9d87-cba709966a77@group-18078E4CF3C8: changes role from CANDIDATE to LEADER at term 1 for changeToLeader
2019-09-25 11:10:30,603 [231d5a30-2990-4b37-835c-52719c996380@group-51CC8EF7CDDB:LeaderElection326] INFO  impl.LeaderElection (LogUtils.java:infoOrTrace(149)) - Failed 231d5a30-2990-4b37-835c-52719c996380@group-51CC8EF7CDDB:LeaderElection326, state=CLOSING: {}
java.lang.IllegalArgumentException: 231d5a30-2990-4b37-835c-52719c996380@group-51CC8EF7CDDB-SegmentedRaftLog is expected to be opened but it is CLOSED
	at org.apache.ratis.util.OpenCloseState.assertOpen(OpenCloseState.java:63)
	at org.apache.ratis.server.raftlog.RaftLog.checkLogState(RaftLog.java:102)
	at org.apache.ratis.server.raftlog.segmented.SegmentedRaftLog.getLastEntryTermIndex(SegmentedRaftLog.java:324)
	at org.apache.ratis.server.impl.LeaderElection.askForVotes(LeaderElection.java:184)
	at org.apache.ratis.server.impl.LeaderElection.run(LeaderElection.java:133)
	at java.lang.Thread.run(Thread.java:748)
Caused by: org.apache.ratis.util.OpenCloseState$CloseTrace: Close 231d5a30-2990-4b37-835c-52719c996380@group-51CC8EF7CDDB-SegmentedRaftLog
	at org.apache.ratis.util.OpenCloseState.lambda$close$1(OpenCloseState.java:109)
	at java.util.concurrent.atomic.AtomicReference.getAndUpdate(AtomicReference.java:160)
	at org.apache.ratis.util.OpenCloseState.close(OpenCloseState.java:109)
	at org.apache.ratis.server.raftlog.RaftLog.close(RaftLog.java:437)
	at org.apache.ratis.server.raftlog.segmented.SegmentedRaftLog.close(SegmentedRaftLog.java:476)
	at org.apache.ratis.server.impl.ServerState.close(ServerState.java:387)
	at org.apache.ratis.server.impl.RaftServerImpl.lambda$shutdown$3(RaftServerImpl.java:273)
	at org.apache.ratis.util.LifeCycle.lambda$checkStateAndClose$2(LifeCycle.java:231)
	at org.apache.ratis.util.LifeCycle.checkStateAndClose(LifeCycle.java:251)
	at org.apache.ratis.util.LifeCycle.checkStateAndClose(LifeCycle.java:229)
	at org.apache.ratis.server.impl.RaftServerImpl.shutdown(RaftServerImpl.java:250)
	at org.apache.ratis.server.impl.RaftServerProxy$ImplMap.lambda$close$0(RaftServerProxy.java:107)
	at java.util.stream.ForEachOps$ForEachOp$OfRef.accept(ForEachOps.java:184)
	at java.util.stream.ReferencePipeline$3$1.accept(ReferencePipeline.java:193)
	at java.util.concurrent.ConcurrentHashMap$ValueSpliterator.forEachRemaining(ConcurrentHashMap.java:3566)
	at java.util.stream.AbstractPipeline.copyInto(AbstractPipeline.java:482)
	at java.util.stream.ForEachOps$ForEachTask.compute(ForEachOps.java:291)
	at java.util.concurrent.CountedCompleter.exec(CountedCompleter.java:731)
	at java.util.concurrent.ForkJoinTask.doExec(ForkJoinTask.java:289)
	at java.util.concurrent.ForkJoinPool.helpComplete(ForkJoinPool.java:1870)
	at java.util.concurrent.ForkJoinPool.externalHelpComplete(ForkJoinPool.java:2467)
	at java.util.concurrent.ForkJoinTask.externalAwaitDone(ForkJoinTask.java:324)
	at java.util.concurrent.ForkJoinTask.doInvoke(ForkJoinTask.java:405)
	at java.util.concurrent.ForkJoinTask.invoke(ForkJoinTask.java:734)
	at java.util.stream.ForEachOps$ForEachOp.evaluateParallel(ForEachOps.java:160)
	at java.util.stream.ForEachOps$ForEachOp$OfRef.evaluateParallel(ForEachOps.java:174)
	at java.util.stream.AbstractPipeline.evaluate(AbstractPipeline.java:233)
	at java.util.stream.ReferencePipeline.forEach(ReferencePipeline.java:418)
	at org.apache.ratis.server.impl.RaftServerProxy$ImplMap.close(RaftServerProxy.java:107)
	at org.apache.ratis.server.impl.RaftServerProxy.lambda$close$4(RaftServerProxy.java:315)
	at org.apache.ratis.util.LifeCycle.lambda$checkStateAndClose$2(LifeCycle.java:231)
	at org.apache.ratis.util.LifeCycle.checkStateAndClose(LifeCycle.java:251)
	at org.apache.ratis.util.LifeCycle.checkStateAndClose(LifeCycle.java:229)
	at org.apache.ratis.server.impl.RaftServerProxy.close(RaftServerProxy.java:313)
	at org.apache.hadoop.ozone.container.common.transport.server.ratis.XceiverServerRatis.stop(XceiverServerRatis.java:441)
	at org.apache.hadoop.ozone.container.ozoneimpl.OzoneContainer.stop(OzoneContainer.java:233)
	at org.apache.hadoop.ozone.container.common.statemachine.DatanodeStateMachine.close(DatanodeStateMachine.java:270)
	at org.apache.hadoop.ozone.container.common.statemachine.DatanodeStateMachine.stopDaemon(DatanodeStateMachine.java:394)
	at org.apache.hadoop.ozone.HddsDatanodeService.stop(HddsDatanodeService.java:457)
	at org.apache.hadoop.ozone.MiniOzoneClusterImpl.stopDatanode(MiniOzoneClusterImpl.java:385)
	at java.util.stream.ForEachOps$ForEachOp$OfRef.accept(ForEachOps.java:184)
	at java.util.ArrayList$ArrayListSpliterator.forEachRemaining(ArrayList.java:1382)
	at java.util.stream.AbstractPipeline.copyInto(AbstractPipeline.java:482)
	at java.util.stream.ForEachOps$ForEachTask.compute(ForEachOps.java:291)
	at java.util.concurrent.CountedCompleter.exec(CountedCompleter.java:731)
	at java.util.concurrent.ForkJoinTask.doExec(ForkJoinTask.java:289)
	at java.util.concurrent.ForkJoinTask.doInvoke(ForkJoinTask.java:401)
	at java.util.concurrent.ForkJoinTask.invoke(ForkJoinTask.java:734)
	at java.util.stream.ForEachOps$ForEachOp.evaluateParallel(ForEachOps.java:160)
	at java.util.stream.ForEachOps$ForEachOp$OfRef.evaluateParallel(ForEachOps.java:174)
	at java.util.stream.AbstractPipeline.evaluate(AbstractPipeline.java:233)
	at java.util.stream.ReferencePipeline.forEach(ReferencePipeline.java:418)
	at java.util.stream.ReferencePipeline$Head.forEach(ReferencePipeline.java:583)
	at org.apache.hadoop.ozone.MiniOzoneClusterImpl.stopDatanodes(MiniOzoneClusterImpl.java:379)
	at org.apache.hadoop.ozone.MiniOzoneClusterImpl.stop(MiniOzoneClusterImpl.java:332)
	at org.apache.hadoop.ozone.MiniOzoneClusterImpl.shutdown(MiniOzoneClusterImpl.java:319)
	at org.apache.hadoop.ozone.client.rpc.TestBlockOutputStreamWithFailures.shutdown(TestBlockOutputStreamWithFailures.java:118)
	at sun.reflect.NativeMethodAccessorImpl.invoke0(Native Method)
	at sun.reflect.NativeMethodAccessorImpl.invoke(NativeMethodAccessorImpl.java:62)
	at sun.reflect.DelegatingMethodAccessorImpl.invoke(DelegatingMethodAccessorImpl.java:43)
	at java.lang.reflect.Method.invoke(Method.java:498)
	at org.junit.runners.model.FrameworkMethod$1.runReflectiveCall(FrameworkMethod.java:47)
	at org.junit.internal.runners.model.ReflectiveCallable.run(ReflectiveCallable.java:12)
	at org.junit.runners.model.FrameworkMethod.invokeExplosively(FrameworkMethod.java:44)
	at org.junit.internal.runners.statements.RunAfters.evaluate(RunAfters.java:33)
	at org.junit.runners.ParentRunner.runLeaf(ParentRunner.java:271)
	at org.junit.runners.BlockJUnit4ClassRunner.runChild(BlockJUnit4ClassRunner.java:70)
	at org.junit.runners.BlockJUnit4ClassRunner.runChild(BlockJUnit4ClassRunner.java:50)
	at org.junit.runners.ParentRunner$3.run(ParentRunner.java:238)
	at org.junit.runners.ParentRunner$1.schedule(ParentRunner.java:63)
	at org.junit.runners.ParentRunner.runChildren(ParentRunner.java:236)
	at org.junit.runners.ParentRunner.access$000(ParentRunner.java:53)
	at org.junit.runners.ParentRunner$2.evaluate(ParentRunner.java:229)
	at org.junit.runners.ParentRunner.run(ParentRunner.java:309)
	at org.apache.maven.surefire.junit4.JUnit4Provider.execute(JUnit4Provider.java:365)
	at org.apache.maven.surefire.junit4.JUnit4Provider.executeWithRerun(JUnit4Provider.java:273)
	at org.apache.maven.surefire.junit4.JUnit4Provider.executeTestSet(JUnit4Provider.java:238)
	at org.apache.maven.surefire.junit4.JUnit4Provider.invoke(JUnit4Provider.java:159)
	at org.apache.maven.surefire.booter.ForkedBooter.invokeProviderInSameClassLoader(ForkedBooter.java:384)
	at org.apache.maven.surefire.booter.ForkedBooter.runSuitesInProcess(ForkedBooter.java:345)
	at org.apache.maven.surefire.booter.ForkedBooter.execute(ForkedBooter.java:126)
	at org.apache.maven.surefire.booter.ForkedBooter.main(ForkedBooter.java:418)
2019-09-25 11:10:30,619 [231d5a30-2990-4b37-835c-52719c996380@group-51CC8EF7CDDB:LeaderElection326] INFO  impl.LeaderElection (LeaderElection.java:run(140)) - 231d5a30-2990-4b37-835c-52719c996380@group-51CC8EF7CDDB:LeaderElection326: IllegalArgumentException is safely ignored since this is already CLOSING
2019-09-25 11:10:30,603 [79e2f6f7-785e-4584-a2b0-6f2cf2bd33a1@group-BFC63E0C5F8A:LeaderElection329] INFO  impl.LeaderElection (LeaderElection.java:askForVotes(182)) - 79e2f6f7-785e-4584-a2b0-6f2cf2bd33a1@group-BFC63E0C5F8A:LeaderElection329: begin an election at term 1 for -1: [79e2f6f7-785e-4584-a2b0-6f2cf2bd33a1:192.168.30.6:45176], old=null
2019-09-25 11:10:30,616 [0f46229f-d487-4784-9d87-cba709966a77@group-18078E4CF3C8:LeaderElection333] INFO  impl.RaftServerImpl (ServerState.java:setLeader(253)) - 0f46229f-d487-4784-9d87-cba709966a77@group-18078E4CF3C8: change Leader from null to 0f46229f-d487-4784-9d87-cba709966a77 at term 1 for becomeLeader, leader elected after 5250ms
2019-09-25 11:10:30,615 [0f46229f-d487-4784-9d87-cba709966a77@group-99A96411E63A:LeaderElection322] INFO  impl.RaftServerImpl (RaftServerImpl.java:setRole(174)) - 0f46229f-d487-4784-9d87-cba709966a77@group-99A96411E63A: changes role from CANDIDATE to LEADER at term 1 for changeToLeader
2019-09-25 11:10:30,615 [0089544c-4670-45f6-b8b0-eabe3503e213@group-86E2D68A9109:LeaderElection328] INFO  server.RaftServerConfigKeys (ConfUtils.java:logGet(43)) - raft.server.staging.catchup.gap = 1000 (default)
2019-09-25 11:10:30,615 [0089544c-4670-45f6-b8b0-eabe3503e213@group-8F1F80E7150A:LeaderElection324] INFO  impl.RaftServerImpl (RaftServerImpl.java:setRole(174)) - 0089544c-4670-45f6-b8b0-eabe3503e213@group-8F1F80E7150A: changes role from CANDIDATE to LEADER at term 1 for changeToLeader
2019-09-25 11:10:30,620 [0089544c-4670-45f6-b8b0-eabe3503e213@group-8F1F80E7150A:LeaderElection324] INFO  impl.RaftServerImpl (ServerState.java:setLeader(253)) - 0089544c-4670-45f6-b8b0-eabe3503e213@group-8F1F80E7150A: change Leader from null to 0089544c-4670-45f6-b8b0-eabe3503e213 at term 1 for becomeLeader, leader elected after 5293ms
2019-09-25 11:10:30,615 [0089544c-4670-45f6-b8b0-eabe3503e213@group-9F5E5BD348C0:LeaderElection323] INFO  impl.RaftServerImpl (ServerState.java:setLeader(253)) - 0089544c-4670-45f6-b8b0-eabe3503e213@group-9F5E5BD348C0: change Leader from null to 0089544c-4670-45f6-b8b0-eabe3503e213 at term 1 for becomeLeader, leader elected after 5372ms
2019-09-25 11:10:30,615 [0f46229f-d487-4784-9d87-cba709966a77@group-731BAC7F5F63:LeaderElection332] INFO  impl.RaftServerImpl (RaftServerImpl.java:setRole(174)) - 0f46229f-d487-4784-9d87-cba709966a77@group-731BAC7F5F63: changes role from CANDIDATE to LEADER at term 1 for changeToLeader
2019-09-25 11:10:30,615 [9260b2c2-77d0-40af-9a4b-242b57e61325@group-6F3EF71CBC4F:LeaderElection330] INFO  impl.LeaderElection (LeaderElection.java:run(140)) - 9260b2c2-77d0-40af-9a4b-242b57e61325@group-6F3EF71CBC4F:LeaderElection330: IllegalArgumentException is safely ignored since this is already CLOSING
2019-09-25 11:10:30,614 [9260b2c2-77d0-40af-9a4b-242b57e61325@group-E31C878E0E74-SegmentedRaftLogWorker] WARN  segmented.SegmentedRaftLogOutputStream (SegmentedRaftLogOutputStream.java:<init>(77)) - Hit IOException while creating log segment /workdir/hadoop-ozone/integration-test/target/test-dir/MiniOzoneClusterImpl-36bd9e64-229c-43b0-8f36-7d73050474c0/datanode-1/data/ratis/508e7b05-cafe-448c-857d-e31c878e0e74/current/log_inprogress_0, delete the partial file.
2019-09-25 11:10:30,605 [0089544c-4670-45f6-b8b0-eabe3503e213@group-64D662F0404F:LeaderElection325] INFO  impl.RaftServerImpl (RaftServerImpl.java:setRole(174)) - 0089544c-4670-45f6-b8b0-eabe3503e213@group-64D662F0404F: changes role from CANDIDATE to LEADER at term 1 for changeToLeader
2019-09-25 11:10:30,621 [0089544c-4670-45f6-b8b0-eabe3503e213@group-64D662F0404F:LeaderElection325] INFO  impl.RaftServerImpl (ServerState.java:setLeader(253)) - 0089544c-4670-45f6-b8b0-eabe3503e213@group-64D662F0404F: change Leader from null to 0089544c-4670-45f6-b8b0-eabe3503e213 at term 1 for becomeLeader, leader elected after 5338ms
2019-09-25 11:10:30,605 [0f46229f-d487-4784-9d87-cba709966a77@group-23562044ECCF:LeaderElection327] INFO  server.RaftServerConfigKeys (ConfUtils.java:logGet(43)) - raft.server.staging.catchup.gap = 1000 (default)
2019-09-25 11:10:30,621 [0f46229f-d487-4784-9d87-cba709966a77@group-23562044ECCF:LeaderElection327] INFO  server.RaftServerConfigKeys (ConfUtils.java:logGet(43)) - raft.server.rpc.sleep.time = 25ms (default)
2019-09-25 11:10:30,605 [0089544c-4670-45f6-b8b0-eabe3503e213@group-917FE2C95DE9:LeaderElection331] INFO  impl.RaftServerImpl (ServerState.java:setLeader(253)) - 0089544c-4670-45f6-b8b0-eabe3503e213@group-917FE2C95DE9: change Leader from null to 0089544c-4670-45f6-b8b0-eabe3503e213 at term 1 for becomeLeader, leader elected after 5164ms
2019-09-25 11:10:30,605 [231d5a30-2990-4b37-835c-52719c996380@group-260535B89D6A-SegmentedRaftLogWorker] INFO  segmented.SegmentedRaftLogWorker (SegmentedRaftLogWorker.java:run(313)) - 231d5a30-2990-4b37-835c-52719c996380@group-260535B89D6A-SegmentedRaftLogWorker was interrupted, exiting. There are 0 tasks remaining in the queue.
2019-09-25 11:10:30,621 [0089544c-4670-45f6-b8b0-eabe3503e213@group-917FE2C95DE9:LeaderElection331] INFO  server.RaftServerConfigKeys (ConfUtils.java:logGet(43)) - raft.server.staging.catchup.gap = 1000 (default)
2019-09-25 11:10:30,621 [0f46229f-d487-4784-9d87-cba709966a77@group-23562044ECCF:LeaderElection327] INFO  server.RaftServerConfigKeys (ConfUtils.java:logGet(43)) - raft.server.write.element-limit = 4096 (default)
2019-09-25 11:10:30,621 [0089544c-4670-45f6-b8b0-eabe3503e213@group-64D662F0404F:LeaderElection325] INFO  server.RaftServerConfigKeys (ConfUtils.java:logGet(43)) - raft.server.staging.catchup.gap = 1000 (default)
2019-09-25 11:10:30,622 [0089544c-4670-45f6-b8b0-eabe3503e213@group-64D662F0404F:LeaderElection325] INFO  server.RaftServerConfigKeys (ConfUtils.java:logGet(43)) - raft.server.rpc.sleep.time = 25ms (default)
2019-09-25 11:10:30,621 [ForkJoinPool.commonPool-worker-0] INFO  segmented.SegmentedRaftLogWorker (SegmentedRaftLogWorker.java:close(228)) - 9260b2c2-77d0-40af-9a4b-242b57e61325@group-E31C878E0E74-SegmentedRaftLogWorker close()
2019-09-25 11:10:30,620 [0f46229f-d487-4784-9d87-cba709966a77@group-731BAC7F5F63:LeaderElection332] INFO  impl.RaftServerImpl (ServerState.java:setLeader(253)) - 0f46229f-d487-4784-9d87-cba709966a77@group-731BAC7F5F63: change Leader from null to 0f46229f-d487-4784-9d87-cba709966a77 at term 1 for becomeLeader, leader elected after 5217ms
2019-09-25 11:10:30,620 [0089544c-4670-45f6-b8b0-eabe3503e213@group-9F5E5BD348C0:LeaderElection323] INFO  server.RaftServerConfigKeys (ConfUtils.java:logGet(43)) - raft.server.staging.catchup.gap = 1000 (default)
2019-09-25 11:10:30,622 [0089544c-4670-45f6-b8b0-eabe3503e213@group-9F5E5BD348C0:LeaderElection323] INFO  server.RaftServerConfigKeys (ConfUtils.java:logGet(43)) - raft.server.rpc.sleep.time = 25ms (default)
2019-09-25 11:10:30,620 [0089544c-4670-45f6-b8b0-eabe3503e213@group-8F1F80E7150A:LeaderElection324] INFO  server.RaftServerConfigKeys (ConfUtils.java:logGet(43)) - raft.server.staging.catchup.gap = 1000 (default)
2019-09-25 11:10:30,620 [0089544c-4670-45f6-b8b0-eabe3503e213@group-86E2D68A9109:LeaderElection328] INFO  server.RaftServerConfigKeys (ConfUtils.java:logGet(43)) - raft.server.rpc.sleep.time = 25ms (default)
2019-09-25 11:10:30,620 [0f46229f-d487-4784-9d87-cba709966a77@group-99A96411E63A:LeaderElection322] INFO  impl.RaftServerImpl (ServerState.java:setLeader(253)) - 0f46229f-d487-4784-9d87-cba709966a77@group-99A96411E63A: change Leader from null to 0f46229f-d487-4784-9d87-cba709966a77 at term 1 for becomeLeader, leader elected after 5455ms
2019-09-25 11:10:30,620 [0f46229f-d487-4784-9d87-cba709966a77@group-18078E4CF3C8:LeaderElection333] INFO  server.RaftServerConfigKeys (ConfUtils.java:logGet(43)) - raft.server.staging.catchup.gap = 1000 (default)
2019-09-25 11:10:30,623 [0f46229f-d487-4784-9d87-cba709966a77@group-18078E4CF3C8:LeaderElection333] INFO  server.RaftServerConfigKeys (ConfUtils.java:logGet(43)) - raft.server.rpc.sleep.time = 25ms (default)
2019-09-25 11:10:30,620 [79e2f6f7-785e-4584-a2b0-6f2cf2bd33a1@group-BFC63E0C5F8A:LeaderElection329] INFO  impl.RoleInfo (RoleInfo.java:shutdownLeaderElection(134)) - 79e2f6f7-785e-4584-a2b0-6f2cf2bd33a1: shutdown LeaderElection
2019-09-25 11:10:30,623 [0f46229f-d487-4784-9d87-cba709966a77@group-18078E4CF3C8:LeaderElection333] INFO  server.RaftServerConfigKeys (ConfUtils.java:logGet(43)) - raft.server.write.element-limit = 4096 (default)
2019-09-25 11:10:30,623 [0f46229f-d487-4784-9d87-cba709966a77@group-18078E4CF3C8:LeaderElection333] INFO  server.RaftServerConfigKeys (ConfUtils.java:logGet(43)) - raft.server.watch.timeout = 10s (default)
2019-09-25 11:10:30,623 [0f46229f-d487-4784-9d87-cba709966a77@group-99A96411E63A:LeaderElection322] INFO  server.RaftServerConfigKeys (ConfUtils.java:logGet(43)) - raft.server.staging.catchup.gap = 1000 (default)
2019-09-25 11:10:30,623 [0089544c-4670-45f6-b8b0-eabe3503e213@group-86E2D68A9109:LeaderElection328] INFO  server.RaftServerConfigKeys (ConfUtils.java:logGet(43)) - raft.server.write.element-limit = 4096 (default)
2019-09-25 11:10:30,623 [0089544c-4670-45f6-b8b0-eabe3503e213@group-8F1F80E7150A:LeaderElection324] INFO  server.RaftServerConfigKeys (ConfUtils.java:logGet(43)) - raft.server.rpc.sleep.time = 25ms (default)
2019-09-25 11:10:30,623 [0089544c-4670-45f6-b8b0-eabe3503e213@group-9F5E5BD348C0:LeaderElection323] INFO  server.RaftServerConfigKeys (ConfUtils.java:logGet(43)) - raft.server.write.element-limit = 4096 (default)
2019-09-25 11:10:30,622 [0f46229f-d487-4784-9d87-cba709966a77@group-731BAC7F5F63:LeaderElection332] INFO  server.RaftServerConfigKeys (ConfUtils.java:logGet(43)) - raft.server.staging.catchup.gap = 1000 (default)
2019-09-25 11:10:30,624 [0f46229f-d487-4784-9d87-cba709966a77@group-731BAC7F5F63:LeaderElection332] INFO  server.RaftServerConfigKeys (ConfUtils.java:logGet(43)) - raft.server.rpc.sleep.time = 25ms (default)
2019-09-25 11:10:30,622 [ForkJoinPool.commonPool-worker-0] INFO  server.GrpcService (GrpcService.java:closeImpl(164)) - 9260b2c2-77d0-40af-9a4b-242b57e61325: shutdown server with port 43860 now
2019-09-25 11:10:30,622 [0089544c-4670-45f6-b8b0-eabe3503e213@group-64D662F0404F:LeaderElection325] INFO  server.RaftServerConfigKeys (ConfUtils.java:logGet(43)) - raft.server.write.element-limit = 4096 (default)
2019-09-25 11:10:30,622 [0f46229f-d487-4784-9d87-cba709966a77@group-23562044ECCF:LeaderElection327] INFO  server.RaftServerConfigKeys (ConfUtils.java:logGet(43)) - raft.server.watch.timeout = 10s (default)
2019-09-25 11:10:30,622 [0089544c-4670-45f6-b8b0-eabe3503e213@group-917FE2C95DE9:LeaderElection331] INFO  server.RaftServerConfigKeys (ConfUtils.java:logGet(43)) - raft.server.rpc.sleep.time = 25ms (default)
2019-09-25 11:10:30,622 [main] INFO  segmented.SegmentedRaftLogWorker (SegmentedRaftLogWorker.java:close(228)) - 231d5a30-2990-4b37-835c-52719c996380@group-260535B89D6A-SegmentedRaftLogWorker close()
2019-09-25 11:10:30,627 [0089544c-4670-45f6-b8b0-eabe3503e213@group-917FE2C95DE9:LeaderElection331] INFO  server.RaftServerConfigKeys (ConfUtils.java:logGet(43)) - raft.server.write.element-limit = 4096 (default)
2019-09-25 11:10:30,627 [0f46229f-d487-4784-9d87-cba709966a77@group-23562044ECCF:LeaderElection327] INFO  server.RaftServerConfigKeys (ConfUtils.java:logGet(43)) - raft.server.watch.timeout.denomination = 1s (default)
2019-09-25 11:10:30,627 [0089544c-4670-45f6-b8b0-eabe3503e213@group-64D662F0404F:LeaderElection325] INFO  server.RaftServerConfigKeys (ConfUtils.java:logGet(43)) - raft.server.watch.timeout = 10s (default)
2019-09-25 11:10:30,627 [ForkJoinPool.commonPool-worker-0] INFO  server.GrpcService (GrpcService.java:closeImpl(172)) - 9260b2c2-77d0-40af-9a4b-242b57e61325: shutdown server with port 43860 successfully
2019-09-25 11:10:30,624 [0f46229f-d487-4784-9d87-cba709966a77@group-731BAC7F5F63:LeaderElection332] INFO  server.RaftServerConfigKeys (ConfUtils.java:logGet(43)) - raft.server.write.element-limit = 4096 (default)
2019-09-25 11:10:30,624 [0089544c-4670-45f6-b8b0-eabe3503e213@group-9F5E5BD348C0:LeaderElection323] INFO  server.RaftServerConfigKeys (ConfUtils.java:logGet(43)) - raft.server.watch.timeout = 10s (default)
2019-09-25 11:10:30,624 [0089544c-4670-45f6-b8b0-eabe3503e213@group-8F1F80E7150A:LeaderElection324] INFO  server.RaftServerConfigKeys (ConfUtils.java:logGet(43)) - raft.server.write.element-limit = 4096 (default)
2019-09-25 11:10:30,624 [0089544c-4670-45f6-b8b0-eabe3503e213@group-86E2D68A9109:LeaderElection328] INFO  server.RaftServerConfigKeys (ConfUtils.java:logGet(43)) - raft.server.watch.timeout = 10s (default)
2019-09-25 11:10:30,624 [0f46229f-d487-4784-9d87-cba709966a77@group-99A96411E63A:LeaderElection322] INFO  server.RaftServerConfigKeys (ConfUtils.java:logGet(43)) - raft.server.rpc.sleep.time = 25ms (default)
2019-09-25 11:10:30,623 [0f46229f-d487-4784-9d87-cba709966a77@group-18078E4CF3C8:LeaderElection333] INFO  server.RaftServerConfigKeys (ConfUtils.java:logGet(43)) - raft.server.watch.timeout.denomination = 1s (default)
2019-09-25 11:10:30,623 [79e2f6f7-785e-4584-a2b0-6f2cf2bd33a1@group-BFC63E0C5F8A:LeaderElection329] INFO  impl.RaftServerImpl (RaftServerImpl.java:setRole(174)) - 79e2f6f7-785e-4584-a2b0-6f2cf2bd33a1@group-BFC63E0C5F8A: changes role from CANDIDATE to LEADER at term 1 for changeToLeader
2019-09-25 11:10:30,629 [0f46229f-d487-4784-9d87-cba709966a77@group-18078E4CF3C8:LeaderElection333] INFO  server.RaftServerConfigKeys (ConfUtils.java:logGet(43)) - raft.server.watch.element-limit = 65536 (default)
2019-09-25 11:10:30,629 [0f46229f-d487-4784-9d87-cba709966a77@group-99A96411E63A:LeaderElection322] INFO  server.RaftServerConfigKeys (ConfUtils.java:logGet(43)) - raft.server.write.element-limit = 4096 (default)
2019-09-25 11:10:30,628 [0089544c-4670-45f6-b8b0-eabe3503e213@group-86E2D68A9109:LeaderElection328] INFO  server.RaftServerConfigKeys (ConfUtils.java:logGet(43)) - raft.server.watch.timeout.denomination = 1s (default)
2019-09-25 11:10:30,628 [0089544c-4670-45f6-b8b0-eabe3503e213@group-8F1F80E7150A:LeaderElection324] INFO  server.RaftServerConfigKeys (ConfUtils.java:logGet(43)) - raft.server.watch.timeout = 10s (default)
2019-09-25 11:10:30,629 [0089544c-4670-45f6-b8b0-eabe3503e213@group-8F1F80E7150A:LeaderElection324] INFO  server.RaftServerConfigKeys (ConfUtils.java:logGet(43)) - raft.server.watch.timeout.denomination = 1s (default)
2019-09-25 11:10:30,628 [0089544c-4670-45f6-b8b0-eabe3503e213@group-9F5E5BD348C0:LeaderElection323] INFO  server.RaftServerConfigKeys (ConfUtils.java:logGet(43)) - raft.server.watch.timeout.denomination = 1s (default)
2019-09-25 11:10:30,628 [0f46229f-d487-4784-9d87-cba709966a77@group-731BAC7F5F63:LeaderElection332] INFO  server.RaftServerConfigKeys (ConfUtils.java:logGet(43)) - raft.server.watch.timeout = 10s (default)
2019-09-25 11:10:30,628 [0089544c-4670-45f6-b8b0-eabe3503e213@group-64D662F0404F:LeaderElection325] INFO  server.RaftServerConfigKeys (ConfUtils.java:logGet(43)) - raft.server.watch.timeout.denomination = 1s (default)
2019-09-25 11:10:30,628 [0f46229f-d487-4784-9d87-cba709966a77@group-23562044ECCF:LeaderElection327] INFO  server.RaftServerConfigKeys (ConfUtils.java:logGet(43)) - raft.server.watch.element-limit = 65536 (default)
2019-09-25 11:10:30,628 [0089544c-4670-45f6-b8b0-eabe3503e213@group-917FE2C95DE9:LeaderElection331] INFO  server.RaftServerConfigKeys (ConfUtils.java:logGet(43)) - raft.server.watch.timeout = 10s (default)
2019-09-25 11:10:30,627 [main] INFO  server.GrpcService (GrpcService.java:closeImpl(164)) - 231d5a30-2990-4b37-835c-52719c996380: shutdown server with port 44620 now
2019-09-25 11:10:30,630 [0089544c-4670-45f6-b8b0-eabe3503e213@group-917FE2C95DE9:LeaderElection331] INFO  server.RaftServerConfigKeys (ConfUtils.java:logGet(43)) - raft.server.watch.timeout.denomination = 1s (default)
2019-09-25 11:10:30,630 [0089544c-4670-45f6-b8b0-eabe3503e213@group-64D662F0404F:LeaderElection325] INFO  server.RaftServerConfigKeys (ConfUtils.java:logGet(43)) - raft.server.watch.element-limit = 65536 (default)
2019-09-25 11:10:30,630 [0f46229f-d487-4784-9d87-cba709966a77@group-731BAC7F5F63:LeaderElection332] INFO  server.RaftServerConfigKeys (ConfUtils.java:logGet(43)) - raft.server.watch.timeout.denomination = 1s (default)
2019-09-25 11:10:30,630 [0089544c-4670-45f6-b8b0-eabe3503e213@group-9F5E5BD348C0:LeaderElection323] INFO  server.RaftServerConfigKeys (ConfUtils.java:logGet(43)) - raft.server.watch.element-limit = 65536 (default)
2019-09-25 11:10:30,629 [0089544c-4670-45f6-b8b0-eabe3503e213@group-8F1F80E7150A:LeaderElection324] INFO  server.RaftServerConfigKeys (ConfUtils.java:logGet(43)) - raft.server.watch.element-limit = 65536 (default)
2019-09-25 11:10:30,629 [0089544c-4670-45f6-b8b0-eabe3503e213@group-86E2D68A9109:LeaderElection328] INFO  server.RaftServerConfigKeys (ConfUtils.java:logGet(43)) - raft.server.watch.element-limit = 65536 (default)
2019-09-25 11:10:30,629 [0f46229f-d487-4784-9d87-cba709966a77@group-99A96411E63A:LeaderElection322] INFO  server.RaftServerConfigKeys (ConfUtils.java:logGet(43)) - raft.server.watch.timeout = 10s (default)
2019-09-25 11:10:30,629 [79e2f6f7-785e-4584-a2b0-6f2cf2bd33a1@group-BFC63E0C5F8A:LeaderElection329] INFO  impl.RaftServerImpl (ServerState.java:setLeader(253)) - 79e2f6f7-785e-4584-a2b0-6f2cf2bd33a1@group-BFC63E0C5F8A: change Leader from null to 79e2f6f7-785e-4584-a2b0-6f2cf2bd33a1 at term 1 for becomeLeader, leader elected after 5548ms
2019-09-25 11:10:30,634 [0f46229f-d487-4784-9d87-cba709966a77@group-99A96411E63A:LeaderElection322] INFO  server.RaftServerConfigKeys (ConfUtils.java:logGet(43)) - raft.server.watch.timeout.denomination = 1s (default)
2019-09-25 11:10:30,633 [0f46229f-d487-4784-9d87-cba709966a77@group-731BAC7F5F63:LeaderElection332] INFO  server.RaftServerConfigKeys (ConfUtils.java:logGet(43)) - raft.server.watch.element-limit = 65536 (default)
2019-09-25 11:10:30,633 [0089544c-4670-45f6-b8b0-eabe3503e213@group-917FE2C95DE9:LeaderElection331] INFO  server.RaftServerConfigKeys (ConfUtils.java:logGet(43)) - raft.server.watch.element-limit = 65536 (default)
2019-09-25 11:10:30,633 [0f46229f-d487-4784-9d87-cba709966a77@group-18078E4CF3C8:LeaderElection333] INFO  impl.RoleInfo (RoleInfo.java:updateAndGet(143)) - 0f46229f-d487-4784-9d87-cba709966a77: start LeaderState
2019-09-25 11:10:30,633 [main] INFO  server.GrpcService (GrpcService.java:closeImpl(172)) - 231d5a30-2990-4b37-835c-52719c996380: shutdown server with port 44620 successfully
2019-09-25 11:10:30,635 [0f46229f-d487-4784-9d87-cba709966a77@group-18078E4CF3C8:LeaderElection333] INFO  segmented.SegmentedRaftLogWorker (SegmentedRaftLogWorker.java:startLogSegment(380)) - 0f46229f-d487-4784-9d87-cba709966a77@group-18078E4CF3C8-SegmentedRaftLogWorker: Starting segment from index:0
2019-09-25 11:10:30,635 [0f46229f-d487-4784-9d87-cba709966a77@group-99A96411E63A:LeaderElection322] INFO  server.RaftServerConfigKeys (ConfUtils.java:logGet(43)) - raft.server.watch.element-limit = 65536 (default)
2019-09-25 11:10:30,634 [79e2f6f7-785e-4584-a2b0-6f2cf2bd33a1@group-BFC63E0C5F8A:LeaderElection329] INFO  server.RaftServerConfigKeys (ConfUtils.java:logGet(43)) - raft.server.staging.catchup.gap = 1000 (default)
2019-09-25 11:10:30,636 [79e2f6f7-785e-4584-a2b0-6f2cf2bd33a1@group-BFC63E0C5F8A:LeaderElection329] INFO  server.RaftServerConfigKeys (ConfUtils.java:logGet(43)) - raft.server.rpc.sleep.time = 25ms (default)
2019-09-25 11:10:30,636 [0f46229f-d487-4784-9d87-cba709966a77@group-18078E4CF3C8:LeaderElection333] INFO  impl.RaftServerImpl (ServerState.java:setRaftConf(354)) - 0f46229f-d487-4784-9d87-cba709966a77@group-18078E4CF3C8: set configuration 0: [0f46229f-d487-4784-9d87-cba709966a77:192.168.30.6:36619], old=null at 0
2019-09-25 11:10:30,637 [79e2f6f7-785e-4584-a2b0-6f2cf2bd33a1@group-BFC63E0C5F8A:LeaderElection329] INFO  server.RaftServerConfigKeys (ConfUtils.java:logGet(43)) - raft.server.write.element-limit = 4096 (default)
2019-09-25 11:10:30,637 [79e2f6f7-785e-4584-a2b0-6f2cf2bd33a1@group-BFC63E0C5F8A:LeaderElection329] INFO  server.RaftServerConfigKeys (ConfUtils.java:logGet(43)) - raft.server.watch.timeout = 10s (default)
2019-09-25 11:10:30,637 [79e2f6f7-785e-4584-a2b0-6f2cf2bd33a1@group-BFC63E0C5F8A:LeaderElection329] INFO  server.RaftServerConfigKeys (ConfUtils.java:logGet(43)) - raft.server.watch.timeout.denomination = 1s (default)
2019-09-25 11:10:30,638 [79e2f6f7-785e-4584-a2b0-6f2cf2bd33a1@group-BFC63E0C5F8A:LeaderElection329] INFO  server.RaftServerConfigKeys (ConfUtils.java:logGet(43)) - raft.server.watch.element-limit = 65536 (default)
2019-09-25 11:10:30,637 [refreshUsed-/workdir/hadoop-ozone/integration-test/target/test-dir/MiniOzoneClusterImpl-36bd9e64-229c-43b0-8f36-7d73050474c0/datanode-1/data/containers] WARN  fs.CachingGetSpaceUsed (CachingGetSpaceUsed.java:run(183)) - Thread Interrupted waiting to refresh disk information: sleep interrupted
2019-09-25 11:10:30,638 [0f46229f-d487-4784-9d87-cba709966a77@group-23562044ECCF:LeaderElection327] INFO  impl.RoleInfo (RoleInfo.java:updateAndGet(143)) - 0f46229f-d487-4784-9d87-cba709966a77: start LeaderState
2019-09-25 11:10:30,639 [0f46229f-d487-4784-9d87-cba709966a77@group-23562044ECCF:LeaderElection327] INFO  segmented.SegmentedRaftLogWorker (SegmentedRaftLogWorker.java:startLogSegment(380)) - 0f46229f-d487-4784-9d87-cba709966a77@group-23562044ECCF-SegmentedRaftLogWorker: Starting segment from index:0
2019-09-25 11:10:30,639 [0f46229f-d487-4784-9d87-cba709966a77@group-23562044ECCF:LeaderElection327] INFO  impl.RaftServerImpl (ServerState.java:setRaftConf(354)) - 0f46229f-d487-4784-9d87-cba709966a77@group-23562044ECCF: set configuration 0: [0f46229f-d487-4784-9d87-cba709966a77:192.168.30.6:36619], old=null at 0
2019-09-25 11:10:30,641 [refreshUsed-/workdir/hadoop-ozone/integration-test/target/test-dir/MiniOzoneClusterImpl-36bd9e64-229c-43b0-8f36-7d73050474c0/datanode-4/data/containers] WARN  fs.CachingGetSpaceUsed (CachingGetSpaceUsed.java:run(183)) - Thread Interrupted waiting to refresh disk information: sleep interrupted
2019-09-25 11:10:30,646 [0089544c-4670-45f6-b8b0-eabe3503e213@group-64D662F0404F:LeaderElection325] INFO  impl.RoleInfo (RoleInfo.java:updateAndGet(143)) - 0089544c-4670-45f6-b8b0-eabe3503e213: start LeaderState
2019-09-25 11:10:30,647 [0089544c-4670-45f6-b8b0-eabe3503e213@group-64D662F0404F:LeaderElection325] INFO  segmented.SegmentedRaftLogWorker (SegmentedRaftLogWorker.java:startLogSegment(380)) - 0089544c-4670-45f6-b8b0-eabe3503e213@group-64D662F0404F-SegmentedRaftLogWorker: Starting segment from index:0
2019-09-25 11:10:30,647 [0089544c-4670-45f6-b8b0-eabe3503e213@group-64D662F0404F:LeaderElection325] INFO  impl.RaftServerImpl (ServerState.java:setRaftConf(354)) - 0089544c-4670-45f6-b8b0-eabe3503e213@group-64D662F0404F: set configuration 0: [0089544c-4670-45f6-b8b0-eabe3503e213:192.168.30.6:36645], old=null at 0
2019-09-25 11:10:30,647 [0089544c-4670-45f6-b8b0-eabe3503e213@group-9F5E5BD348C0:LeaderElection323] INFO  impl.RoleInfo (RoleInfo.java:updateAndGet(143)) - 0089544c-4670-45f6-b8b0-eabe3503e213: start LeaderState
2019-09-25 11:10:30,647 [0089544c-4670-45f6-b8b0-eabe3503e213@group-9F5E5BD348C0:LeaderElection323] INFO  segmented.SegmentedRaftLogWorker (SegmentedRaftLogWorker.java:startLogSegment(380)) - 0089544c-4670-45f6-b8b0-eabe3503e213@group-9F5E5BD348C0-SegmentedRaftLogWorker: Starting segment from index:0
2019-09-25 11:10:30,648 [0089544c-4670-45f6-b8b0-eabe3503e213@group-86E2D68A9109:LeaderElection328] INFO  impl.RoleInfo (RoleInfo.java:updateAndGet(143)) - 0089544c-4670-45f6-b8b0-eabe3503e213: start LeaderState
2019-09-25 11:10:30,648 [0089544c-4670-45f6-b8b0-eabe3503e213@group-9F5E5BD348C0:LeaderElection323] INFO  impl.RaftServerImpl (ServerState.java:setRaftConf(354)) - 0089544c-4670-45f6-b8b0-eabe3503e213@group-9F5E5BD348C0: set configuration 0: [0089544c-4670-45f6-b8b0-eabe3503e213:192.168.30.6:36645], old=null at 0
2019-09-25 11:10:30,648 [0089544c-4670-45f6-b8b0-eabe3503e213@group-86E2D68A9109:LeaderElection328] INFO  segmented.SegmentedRaftLogWorker (SegmentedRaftLogWorker.java:startLogSegment(380)) - 0089544c-4670-45f6-b8b0-eabe3503e213@group-86E2D68A9109-SegmentedRaftLogWorker: Starting segment from index:0
2019-09-25 11:10:30,648 [0089544c-4670-45f6-b8b0-eabe3503e213@group-8F1F80E7150A:LeaderElection324] INFO  impl.RoleInfo (RoleInfo.java:updateAndGet(143)) - 0089544c-4670-45f6-b8b0-eabe3503e213: start LeaderState
2019-09-25 11:10:30,648 [0089544c-4670-45f6-b8b0-eabe3503e213@group-86E2D68A9109:LeaderElection328] INFO  impl.RaftServerImpl (ServerState.java:setRaftConf(354)) - 0089544c-4670-45f6-b8b0-eabe3503e213@group-86E2D68A9109: set configuration 0: [0089544c-4670-45f6-b8b0-eabe3503e213:192.168.30.6:36645], old=null at 0
2019-09-25 11:10:30,648 [0089544c-4670-45f6-b8b0-eabe3503e213@group-8F1F80E7150A:LeaderElection324] INFO  segmented.SegmentedRaftLogWorker (SegmentedRaftLogWorker.java:startLogSegment(380)) - 0089544c-4670-45f6-b8b0-eabe3503e213@group-8F1F80E7150A-SegmentedRaftLogWorker: Starting segment from index:0
2019-09-25 11:10:30,648 [0f46229f-d487-4784-9d87-cba709966a77@group-731BAC7F5F63:LeaderElection332] INFO  impl.RoleInfo (RoleInfo.java:updateAndGet(143)) - 0f46229f-d487-4784-9d87-cba709966a77: start LeaderState
2019-09-25 11:10:30,649 [79e2f6f7-785e-4584-a2b0-6f2cf2bd33a1@group-BFC63E0C5F8A:LeaderElection329] INFO  impl.RoleInfo (RoleInfo.java:updateAndGet(143)) - 79e2f6f7-785e-4584-a2b0-6f2cf2bd33a1: start LeaderState
2019-09-25 11:10:30,649 [0f46229f-d487-4784-9d87-cba709966a77@group-731BAC7F5F63:LeaderElection332] INFO  segmented.SegmentedRaftLogWorker (SegmentedRaftLogWorker.java:startLogSegment(380)) - 0f46229f-d487-4784-9d87-cba709966a77@group-731BAC7F5F63-SegmentedRaftLogWorker: Starting segment from index:0
2019-09-25 11:10:30,649 [0f46229f-d487-4784-9d87-cba709966a77@group-99A96411E63A:LeaderElection322] INFO  impl.RoleInfo (RoleInfo.java:updateAndGet(143)) - 0f46229f-d487-4784-9d87-cba709966a77: start LeaderState
2019-09-25 11:10:30,648 [0089544c-4670-45f6-b8b0-eabe3503e213@group-917FE2C95DE9:LeaderElection331] INFO  impl.RoleInfo (RoleInfo.java:updateAndGet(143)) - 0089544c-4670-45f6-b8b0-eabe3503e213: start LeaderState
2019-09-25 11:10:30,649 [0f46229f-d487-4784-9d87-cba709966a77@group-731BAC7F5F63:LeaderElection332] INFO  impl.RaftServerImpl (ServerState.java:setRaftConf(354)) - 0f46229f-d487-4784-9d87-cba709966a77@group-731BAC7F5F63: set configuration 0: [0f46229f-d487-4784-9d87-cba709966a77:192.168.30.6:36619], old=null at 0
2019-09-25 11:10:30,649 [0f46229f-d487-4784-9d87-cba709966a77@group-99A96411E63A:LeaderElection322] INFO  segmented.SegmentedRaftLogWorker (SegmentedRaftLogWorker.java:startLogSegment(380)) - 0f46229f-d487-4784-9d87-cba709966a77@group-99A96411E63A-SegmentedRaftLogWorker: Starting segment from index:0
2019-09-25 11:10:30,649 [79e2f6f7-785e-4584-a2b0-6f2cf2bd33a1@group-BFC63E0C5F8A:LeaderElection329] INFO  segmented.SegmentedRaftLogWorker (SegmentedRaftLogWorker.java:startLogSegment(380)) - 79e2f6f7-785e-4584-a2b0-6f2cf2bd33a1@group-BFC63E0C5F8A-SegmentedRaftLogWorker: Starting segment from index:0
2019-09-25 11:10:30,649 [0089544c-4670-45f6-b8b0-eabe3503e213@group-8F1F80E7150A:LeaderElection324] INFO  impl.RaftServerImpl (ServerState.java:setRaftConf(354)) - 0089544c-4670-45f6-b8b0-eabe3503e213@group-8F1F80E7150A: set configuration 0: [0089544c-4670-45f6-b8b0-eabe3503e213:192.168.30.6:36645], old=null at 0
2019-09-25 11:10:30,650 [0f46229f-d487-4784-9d87-cba709966a77@group-99A96411E63A:LeaderElection322] INFO  impl.RaftServerImpl (ServerState.java:setRaftConf(354)) - 0f46229f-d487-4784-9d87-cba709966a77@group-99A96411E63A: set configuration 0: [0f46229f-d487-4784-9d87-cba709966a77:192.168.30.6:36619], old=null at 0
2019-09-25 11:10:30,650 [0089544c-4670-45f6-b8b0-eabe3503e213@group-917FE2C95DE9:LeaderElection331] INFO  segmented.SegmentedRaftLogWorker (SegmentedRaftLogWorker.java:startLogSegment(380)) - 0089544c-4670-45f6-b8b0-eabe3503e213@group-917FE2C95DE9-SegmentedRaftLogWorker: Starting segment from index:0
2019-09-25 11:10:30,650 [79e2f6f7-785e-4584-a2b0-6f2cf2bd33a1@group-BFC63E0C5F8A:LeaderElection329] INFO  impl.RaftServerImpl (ServerState.java:setRaftConf(354)) - 79e2f6f7-785e-4584-a2b0-6f2cf2bd33a1@group-BFC63E0C5F8A: set configuration 0: [79e2f6f7-785e-4584-a2b0-6f2cf2bd33a1:192.168.30.6:45176], old=null at 0
2019-09-25 11:10:30,650 [ForkJoinPool.commonPool-worker-0] INFO  utils.BackgroundService (BackgroundService.java:shutdown(148)) - Shutting down service BlockDeletingService
2019-09-25 11:10:30,651 [0089544c-4670-45f6-b8b0-eabe3503e213@group-917FE2C95DE9:LeaderElection331] INFO  impl.RaftServerImpl (ServerState.java:setRaftConf(354)) - 0089544c-4670-45f6-b8b0-eabe3503e213@group-917FE2C95DE9: set configuration 0: [0089544c-4670-45f6-b8b0-eabe3503e213:192.168.30.6:36645], old=null at 0
2019-09-25 11:10:30,708 [ForkJoinPool.commonPool-worker-0] INFO  statemachine.DatanodeStateMachine (DatanodeStateMachine.java:stopDaemon(395)) - Ozone container server stopped.
2019-09-25 11:10:30,716 [ForkJoinPool.commonPool-worker-0] INFO  handler.ContextHandler (ContextHandler.java:doStop(910)) - Stopped o.e.j.w.WebAppContext@11bdab37{/,null,UNAVAILABLE}{/hddsDatanode}
2019-09-25 11:10:30,716 [main] INFO  utils.BackgroundService (BackgroundService.java:shutdown(148)) - Shutting down service BlockDeletingService
2019-09-25 11:10:30,716 [ForkJoinPool.commonPool-worker-0] INFO  server.AbstractConnector (AbstractConnector.java:doStop(318)) - Stopped ServerConnector@280484c7{HTTP/1.1,[http/1.1]}{0.0.0.0:0}
2019-09-25 11:10:30,719 [ForkJoinPool.commonPool-worker-0] INFO  handler.ContextHandler (ContextHandler.java:doStop(910)) - Stopped o.e.j.s.ServletContextHandler@782e6b40{/static,jar:file:/home/user/.m2/repository/org/apache/hadoop/hadoop-hdds-container-service/0.5.0-SNAPSHOT/hadoop-hdds-container-service-0.5.0-SNAPSHOT.jar!/webapps/static,UNAVAILABLE}
2019-09-25 11:10:30,723 [0089544c-4670-45f6-b8b0-eabe3503e213@group-64D662F0404F-SegmentedRaftLogWorker] INFO  segmented.SegmentedRaftLogWorker (SegmentedRaftLogWorker.java:execute(569)) - 0089544c-4670-45f6-b8b0-eabe3503e213@group-64D662F0404F-SegmentedRaftLogWorker: created new log segment /workdir/hadoop-ozone/integration-test/target/test-dir/MiniOzoneClusterImpl-36bd9e64-229c-43b0-8f36-7d73050474c0/datanode-6/data/ratis/7737f929-3e59-4f70-9e0c-64d662f0404f/current/log_inprogress_0
2019-09-25 11:10:30,723 [0f46229f-d487-4784-9d87-cba709966a77@group-23562044ECCF-SegmentedRaftLogWorker] INFO  segmented.SegmentedRaftLogWorker (SegmentedRaftLogWorker.java:execute(569)) - 0f46229f-d487-4784-9d87-cba709966a77@group-23562044ECCF-SegmentedRaftLogWorker: created new log segment /workdir/hadoop-ozone/integration-test/target/test-dir/MiniOzoneClusterImpl-36bd9e64-229c-43b0-8f36-7d73050474c0/datanode-5/data/ratis/473a828e-8665-4b79-8955-23562044eccf/current/log_inprogress_0
2019-09-25 11:10:30,723 [0089544c-4670-45f6-b8b0-eabe3503e213@group-917FE2C95DE9-SegmentedRaftLogWorker] INFO  segmented.SegmentedRaftLogWorker (SegmentedRaftLogWorker.java:execute(569)) - 0089544c-4670-45f6-b8b0-eabe3503e213@group-917FE2C95DE9-SegmentedRaftLogWorker: created new log segment /workdir/hadoop-ozone/integration-test/target/test-dir/MiniOzoneClusterImpl-36bd9e64-229c-43b0-8f36-7d73050474c0/datanode-6/data/ratis/15684948-c7ee-4815-b93d-917fe2c95de9/current/log_inprogress_0
2019-09-25 11:10:30,723 [0f46229f-d487-4784-9d87-cba709966a77@group-99A96411E63A-SegmentedRaftLogWorker] INFO  segmented.SegmentedRaftLogWorker (SegmentedRaftLogWorker.java:execute(569)) - 0f46229f-d487-4784-9d87-cba709966a77@group-99A96411E63A-SegmentedRaftLogWorker: created new log segment /workdir/hadoop-ozone/integration-test/target/test-dir/MiniOzoneClusterImpl-36bd9e64-229c-43b0-8f36-7d73050474c0/datanode-5/data/ratis/382f5d82-09fb-4ecc-852f-99a96411e63a/current/log_inprogress_0
2019-09-25 11:10:30,723 [0f46229f-d487-4784-9d87-cba709966a77@group-18078E4CF3C8-SegmentedRaftLogWorker] INFO  segmented.SegmentedRaftLogWorker (SegmentedRaftLogWorker.java:execute(569)) - 0f46229f-d487-4784-9d87-cba709966a77@group-18078E4CF3C8-SegmentedRaftLogWorker: created new log segment /workdir/hadoop-ozone/integration-test/target/test-dir/MiniOzoneClusterImpl-36bd9e64-229c-43b0-8f36-7d73050474c0/datanode-5/data/ratis/0a16e3c7-2ac6-49a7-941f-18078e4cf3c8/current/log_inprogress_0
2019-09-25 11:10:30,723 [0089544c-4670-45f6-b8b0-eabe3503e213@group-8F1F80E7150A-SegmentedRaftLogWorker] INFO  segmented.SegmentedRaftLogWorker (SegmentedRaftLogWorker.java:execute(569)) - 0089544c-4670-45f6-b8b0-eabe3503e213@group-8F1F80E7150A-SegmentedRaftLogWorker: created new log segment /workdir/hadoop-ozone/integration-test/target/test-dir/MiniOzoneClusterImpl-36bd9e64-229c-43b0-8f36-7d73050474c0/datanode-6/data/ratis/94f6df54-0524-464c-b606-8f1f80e7150a/current/log_inprogress_0
2019-09-25 11:10:30,723 [79e2f6f7-785e-4584-a2b0-6f2cf2bd33a1@group-BFC63E0C5F8A-SegmentedRaftLogWorker] INFO  segmented.SegmentedRaftLogWorker (SegmentedRaftLogWorker.java:execute(569)) - 79e2f6f7-785e-4584-a2b0-6f2cf2bd33a1@group-BFC63E0C5F8A-SegmentedRaftLogWorker: created new log segment /workdir/hadoop-ozone/integration-test/target/test-dir/MiniOzoneClusterImpl-36bd9e64-229c-43b0-8f36-7d73050474c0/datanode-3/data/ratis/043d0c47-fc41-4269-b959-bfc63e0c5f8a/current/log_inprogress_0
2019-09-25 11:10:30,723 [0089544c-4670-45f6-b8b0-eabe3503e213@group-9F5E5BD348C0-SegmentedRaftLogWorker] INFO  segmented.SegmentedRaftLogWorker (SegmentedRaftLogWorker.java:execute(569)) - 0089544c-4670-45f6-b8b0-eabe3503e213@group-9F5E5BD348C0-SegmentedRaftLogWorker: created new log segment /workdir/hadoop-ozone/integration-test/target/test-dir/MiniOzoneClusterImpl-36bd9e64-229c-43b0-8f36-7d73050474c0/datanode-6/data/ratis/a5f34923-7ec5-4bc2-b2e8-9f5e5bd348c0/current/log_inprogress_0
2019-09-25 11:10:30,723 [0089544c-4670-45f6-b8b0-eabe3503e213@group-86E2D68A9109-SegmentedRaftLogWorker] INFO  segmented.SegmentedRaftLogWorker (SegmentedRaftLogWorker.java:execute(569)) - 0089544c-4670-45f6-b8b0-eabe3503e213@group-86E2D68A9109-SegmentedRaftLogWorker: created new log segment /workdir/hadoop-ozone/integration-test/target/test-dir/MiniOzoneClusterImpl-36bd9e64-229c-43b0-8f36-7d73050474c0/datanode-6/data/ratis/57410c1b-f9d8-47cd-a6b3-86e2d68a9109/current/log_inprogress_0
2019-09-25 11:10:30,728 [main] INFO  statemachine.DatanodeStateMachine (DatanodeStateMachine.java:stopDaemon(395)) - Ozone container server stopped.
2019-09-25 11:10:30,726 [ForkJoinPool.commonPool-worker-0] INFO  handler.ContextHandler (ContextHandler.java:doStop(910)) - Stopped o.e.j.s.ServletContextHandler@61dd1c3d{/logs,file:///workdir/hadoop-ozone/integration-test/target/log,UNAVAILABLE}
2019-09-25 11:10:30,724 [0f46229f-d487-4784-9d87-cba709966a77@group-731BAC7F5F63-SegmentedRaftLogWorker] INFO  segmented.SegmentedRaftLogWorker (SegmentedRaftLogWorker.java:execute(569)) - 0f46229f-d487-4784-9d87-cba709966a77@group-731BAC7F5F63-SegmentedRaftLogWorker: created new log segment /workdir/hadoop-ozone/integration-test/target/test-dir/MiniOzoneClusterImpl-36bd9e64-229c-43b0-8f36-7d73050474c0/datanode-5/data/ratis/39440d6b-876d-4c85-8158-731bac7f5f63/current/log_inprogress_0
2019-09-25 11:10:30,730 [main] INFO  handler.ContextHandler (ContextHandler.java:doStop(910)) - Stopped o.e.j.w.WebAppContext@3d53e876{/,null,UNAVAILABLE}{/hddsDatanode}
2019-09-25 11:10:30,730 [main] INFO  server.AbstractConnector (AbstractConnector.java:doStop(318)) - Stopped ServerConnector@48d44b46{HTTP/1.1,[http/1.1]}{0.0.0.0:0}
2019-09-25 11:10:30,730 [main] INFO  handler.ContextHandler (ContextHandler.java:doStop(910)) - Stopped o.e.j.s.ServletContextHandler@1c2096c6{/static,jar:file:/home/user/.m2/repository/org/apache/hadoop/hadoop-hdds-container-service/0.5.0-SNAPSHOT/hadoop-hdds-container-service-0.5.0-SNAPSHOT.jar!/webapps/static,UNAVAILABLE}
2019-09-25 11:10:30,731 [main] INFO  handler.ContextHandler (ContextHandler.java:doStop(910)) - Stopped o.e.j.s.ServletContextHandler@74bdfa0b{/logs,file:///workdir/hadoop-ozone/integration-test/target/log,UNAVAILABLE}
2019-09-25 11:10:31,414 [Datanode State Machine Thread - 0] INFO  statemachine.DatanodeStateMachine (DatanodeStateMachine.java:lambda$startDaemon$0(350)) - Ozone container server started.
2019-09-25 11:10:31,614 [Datanode State Machine Thread - 0] INFO  statemachine.DatanodeStateMachine (DatanodeStateMachine.java:lambda$startDaemon$0(350)) - Ozone container server started.
2019-09-25 11:10:35,456 [EventQueue-StaleNodeForStaleNodeHandler] INFO  node.StaleNodeHandler (StaleNodeHandler.java:onMessage(58)) - Datanode 79e2f6f7-785e-4584-a2b0-6f2cf2bd33a1{ip: 192.168.30.6, host: pr-hdds-1569-5gmkr-4255264070, networkLocation: /default-rack, certSerialId: null} moved to stale state. Finalizing its pipelines [PipelineID=cbd66705-d045-4a86-aaf2-2ffaa97423d9, PipelineID=f136c70f-79fb-4b5d-b711-3cd30251ab4a, PipelineID=fd62ca10-46b3-45a3-8ddd-4e9168098cde, PipelineID=93f943d7-3a51-45a6-a7ba-54739b2a00a0, PipelineID=deed1504-a8a5-461e-aea7-a77a2ec9cd1d, PipelineID=043d0c47-fc41-4269-b959-bfc63e0c5f8a]
2019-09-25 11:10:35,456 [EventQueue-StaleNodeForStaleNodeHandler] INFO  pipeline.SCMPipelineManager (SCMPipelineManager.java:finalizeAndDestroyPipeline(316)) - destroying pipeline:Pipeline[ Id: cbd66705-d045-4a86-aaf2-2ffaa97423d9, Nodes: 79e2f6f7-785e-4584-a2b0-6f2cf2bd33a1{ip: 192.168.30.6, host: pr-hdds-1569-5gmkr-4255264070, networkLocation: /default-rack, certSerialId: null}, Type:RATIS, Factor:ONE, State:OPEN]
2019-09-25 11:10:35,457 [EventQueue-StaleNodeForStaleNodeHandler] INFO  pipeline.PipelineStateManager (PipelineStateManager.java:finalizePipeline(123)) - Pipeline Pipeline[ Id: cbd66705-d045-4a86-aaf2-2ffaa97423d9, Nodes: 79e2f6f7-785e-4584-a2b0-6f2cf2bd33a1{ip: 192.168.30.6, host: pr-hdds-1569-5gmkr-4255264070, networkLocation: /default-rack, certSerialId: null}, Type:RATIS, Factor:ONE, State:CLOSED] moved to CLOSED state
2019-09-25 11:10:35,457 [EventQueue-StaleNodeForStaleNodeHandler] INFO  pipeline.SCMPipelineManager (SCMPipelineManager.java:finalizeAndDestroyPipeline(316)) - destroying pipeline:Pipeline[ Id: f136c70f-79fb-4b5d-b711-3cd30251ab4a, Nodes: 79e2f6f7-785e-4584-a2b0-6f2cf2bd33a1{ip: 192.168.30.6, host: pr-hdds-1569-5gmkr-4255264070, networkLocation: /default-rack, certSerialId: null}, Type:RATIS, Factor:ONE, State:OPEN]
2019-09-25 11:10:35,457 [EventQueue-StaleNodeForStaleNodeHandler] INFO  pipeline.PipelineStateManager (PipelineStateManager.java:finalizePipeline(123)) - Pipeline Pipeline[ Id: f136c70f-79fb-4b5d-b711-3cd30251ab4a, Nodes: 79e2f6f7-785e-4584-a2b0-6f2cf2bd33a1{ip: 192.168.30.6, host: pr-hdds-1569-5gmkr-4255264070, networkLocation: /default-rack, certSerialId: null}, Type:RATIS, Factor:ONE, State:CLOSED] moved to CLOSED state
2019-09-25 11:10:35,457 [EventQueue-StaleNodeForStaleNodeHandler] INFO  pipeline.SCMPipelineManager (SCMPipelineManager.java:finalizeAndDestroyPipeline(316)) - destroying pipeline:Pipeline[ Id: fd62ca10-46b3-45a3-8ddd-4e9168098cde, Nodes: 79e2f6f7-785e-4584-a2b0-6f2cf2bd33a1{ip: 192.168.30.6, host: pr-hdds-1569-5gmkr-4255264070, networkLocation: /default-rack, certSerialId: null}, Type:RATIS, Factor:ONE, State:OPEN]
2019-09-25 11:10:35,457 [EventQueue-StaleNodeForStaleNodeHandler] INFO  pipeline.PipelineStateManager (PipelineStateManager.java:finalizePipeline(123)) - Pipeline Pipeline[ Id: fd62ca10-46b3-45a3-8ddd-4e9168098cde, Nodes: 79e2f6f7-785e-4584-a2b0-6f2cf2bd33a1{ip: 192.168.30.6, host: pr-hdds-1569-5gmkr-4255264070, networkLocation: /default-rack, certSerialId: null}, Type:RATIS, Factor:ONE, State:CLOSED] moved to CLOSED state
2019-09-25 11:10:35,457 [EventQueue-StaleNodeForStaleNodeHandler] INFO  pipeline.SCMPipelineManager (SCMPipelineManager.java:finalizeAndDestroyPipeline(316)) - destroying pipeline:Pipeline[ Id: 93f943d7-3a51-45a6-a7ba-54739b2a00a0, Nodes: 79e2f6f7-785e-4584-a2b0-6f2cf2bd33a1{ip: 192.168.30.6, host: pr-hdds-1569-5gmkr-4255264070, networkLocation: /default-rack, certSerialId: null}, Type:RATIS, Factor:ONE, State:OPEN]
2019-09-25 11:10:35,458 [EventQueue-StaleNodeForStaleNodeHandler] INFO  pipeline.PipelineStateManager (PipelineStateManager.java:finalizePipeline(123)) - Pipeline Pipeline[ Id: 93f943d7-3a51-45a6-a7ba-54739b2a00a0, Nodes: 79e2f6f7-785e-4584-a2b0-6f2cf2bd33a1{ip: 192.168.30.6, host: pr-hdds-1569-5gmkr-4255264070, networkLocation: /default-rack, certSerialId: null}, Type:RATIS, Factor:ONE, State:CLOSED] moved to CLOSED state
2019-09-25 11:10:35,458 [EventQueue-StaleNodeForStaleNodeHandler] INFO  pipeline.SCMPipelineManager (SCMPipelineManager.java:finalizeAndDestroyPipeline(316)) - destroying pipeline:Pipeline[ Id: deed1504-a8a5-461e-aea7-a77a2ec9cd1d, Nodes: 79e2f6f7-785e-4584-a2b0-6f2cf2bd33a1{ip: 192.168.30.6, host: pr-hdds-1569-5gmkr-4255264070, networkLocation: /default-rack, certSerialId: null}, Type:RATIS, Factor:ONE, State:OPEN]
2019-09-25 11:10:35,458 [EventQueue-StaleNodeForStaleNodeHandler] INFO  pipeline.PipelineStateManager (PipelineStateManager.java:finalizePipeline(123)) - Pipeline Pipeline[ Id: deed1504-a8a5-461e-aea7-a77a2ec9cd1d, Nodes: 79e2f6f7-785e-4584-a2b0-6f2cf2bd33a1{ip: 192.168.30.6, host: pr-hdds-1569-5gmkr-4255264070, networkLocation: /default-rack, certSerialId: null}, Type:RATIS, Factor:ONE, State:CLOSED] moved to CLOSED state
2019-09-25 11:10:35,458 [EventQueue-StaleNodeForStaleNodeHandler] INFO  pipeline.SCMPipelineManager (SCMPipelineManager.java:finalizeAndDestroyPipeline(316)) - destroying pipeline:Pipeline[ Id: 043d0c47-fc41-4269-b959-bfc63e0c5f8a, Nodes: 79e2f6f7-785e-4584-a2b0-6f2cf2bd33a1{ip: 192.168.30.6, host: pr-hdds-1569-5gmkr-4255264070, networkLocation: /default-rack, certSerialId: null}, Type:RATIS, Factor:ONE, State:OPEN]
2019-09-25 11:10:35,458 [EventQueue-StaleNodeForStaleNodeHandler] INFO  pipeline.PipelineStateManager (PipelineStateManager.java:finalizePipeline(123)) - Pipeline Pipeline[ Id: 043d0c47-fc41-4269-b959-bfc63e0c5f8a, Nodes: 79e2f6f7-785e-4584-a2b0-6f2cf2bd33a1{ip: 192.168.30.6, host: pr-hdds-1569-5gmkr-4255264070, networkLocation: /default-rack, certSerialId: null}, Type:RATIS, Factor:ONE, State:CLOSED] moved to CLOSED state
2019-09-25 11:10:35,516 [Thread-4039] INFO  impl.FollowerState (FollowerState.java:run(106)) - 09fcc576-174a-4714-a677-8a28b3c19a40:group-7D5D00F9678C changes to CANDIDATE, lastRpcTime:10811, electionTimeout:5049ms
2019-09-25 11:10:35,522 [Thread-4039] INFO  impl.RoleInfo (RoleInfo.java:shutdownFollowerState(121)) - 09fcc576-174a-4714-a677-8a28b3c19a40: shutdown FollowerState
2019-09-25 11:10:35,522 [Thread-4039] INFO  impl.RaftServerImpl (RaftServerImpl.java:setRole(174)) - 09fcc576-174a-4714-a677-8a28b3c19a40@group-7D5D00F9678C: changes role from  FOLLOWER to CANDIDATE at term 0 for changeToCandidate
2019-09-25 11:10:35,522 [Thread-4039] INFO  impl.RoleInfo (RoleInfo.java:updateAndGet(143)) - 09fcc576-174a-4714-a677-8a28b3c19a40: start LeaderElection
2019-09-25 11:10:35,522 [Thread-4033] INFO  impl.FollowerState (FollowerState.java:run(106)) - 09fcc576-174a-4714-a677-8a28b3c19a40:group-03F29FBA3F90 changes to CANDIDATE, lastRpcTime:10900, electionTimeout:5067ms
2019-09-25 11:10:35,523 [Thread-4033] INFO  impl.RoleInfo (RoleInfo.java:shutdownFollowerState(121)) - 09fcc576-174a-4714-a677-8a28b3c19a40: shutdown FollowerState
2019-09-25 11:10:35,523 [Thread-4033] INFO  impl.RaftServerImpl (RaftServerImpl.java:setRole(174)) - 09fcc576-174a-4714-a677-8a28b3c19a40@group-03F29FBA3F90: changes role from  FOLLOWER to CANDIDATE at term 0 for changeToCandidate
2019-09-25 11:10:35,523 [Thread-4033] INFO  impl.RoleInfo (RoleInfo.java:updateAndGet(143)) - 09fcc576-174a-4714-a677-8a28b3c19a40: start LeaderElection
2019-09-25 11:10:35,538 [09fcc576-174a-4714-a677-8a28b3c19a40@group-03F29FBA3F90:LeaderElection335] INFO  impl.LeaderElection (LeaderElection.java:askForVotes(182)) - 09fcc576-174a-4714-a677-8a28b3c19a40@group-03F29FBA3F90:LeaderElection335: begin an election at term 1 for -1: [09fcc576-174a-4714-a677-8a28b3c19a40:192.168.30.6:45814], old=null
2019-09-25 11:10:35,538 [09fcc576-174a-4714-a677-8a28b3c19a40@group-7D5D00F9678C:LeaderElection334] INFO  impl.LeaderElection (LeaderElection.java:askForVotes(182)) - 09fcc576-174a-4714-a677-8a28b3c19a40@group-7D5D00F9678C:LeaderElection334: begin an election at term 1 for -1: [09fcc576-174a-4714-a677-8a28b3c19a40:192.168.30.6:45814], old=null
2019-09-25 11:10:35,538 [09fcc576-174a-4714-a677-8a28b3c19a40@group-03F29FBA3F90:LeaderElection335] INFO  impl.RoleInfo (RoleInfo.java:shutdownLeaderElection(134)) - 09fcc576-174a-4714-a677-8a28b3c19a40: shutdown LeaderElection
2019-09-25 11:10:35,538 [09fcc576-174a-4714-a677-8a28b3c19a40@group-7D5D00F9678C:LeaderElection334] INFO  impl.RoleInfo (RoleInfo.java:shutdownLeaderElection(134)) - 09fcc576-174a-4714-a677-8a28b3c19a40: shutdown LeaderElection
2019-09-25 11:10:35,538 [09fcc576-174a-4714-a677-8a28b3c19a40@group-03F29FBA3F90:LeaderElection335] INFO  impl.RaftServerImpl (RaftServerImpl.java:setRole(174)) - 09fcc576-174a-4714-a677-8a28b3c19a40@group-03F29FBA3F90: changes role from CANDIDATE to LEADER at term 1 for changeToLeader
2019-09-25 11:10:35,539 [09fcc576-174a-4714-a677-8a28b3c19a40@group-7D5D00F9678C:LeaderElection334] INFO  impl.RaftServerImpl (RaftServerImpl.java:setRole(174)) - 09fcc576-174a-4714-a677-8a28b3c19a40@group-7D5D00F9678C: changes role from CANDIDATE to LEADER at term 1 for changeToLeader
2019-09-25 11:10:35,539 [09fcc576-174a-4714-a677-8a28b3c19a40@group-03F29FBA3F90:LeaderElection335] INFO  impl.RaftServerImpl (ServerState.java:setLeader(253)) - 09fcc576-174a-4714-a677-8a28b3c19a40@group-03F29FBA3F90: change Leader from null to 09fcc576-174a-4714-a677-8a28b3c19a40 at term 1 for becomeLeader, leader elected after 10922ms
2019-09-25 11:10:35,539 [09fcc576-174a-4714-a677-8a28b3c19a40@group-7D5D00F9678C:LeaderElection334] INFO  impl.RaftServerImpl (ServerState.java:setLeader(253)) - 09fcc576-174a-4714-a677-8a28b3c19a40@group-7D5D00F9678C: change Leader from null to 09fcc576-174a-4714-a677-8a28b3c19a40 at term 1 for becomeLeader, leader elected after 10840ms
2019-09-25 11:10:35,539 [09fcc576-174a-4714-a677-8a28b3c19a40@group-03F29FBA3F90:LeaderElection335] INFO  server.RaftServerConfigKeys (ConfUtils.java:logGet(43)) - raft.server.staging.catchup.gap = 1000 (default)
2019-09-25 11:10:35,539 [09fcc576-174a-4714-a677-8a28b3c19a40@group-7D5D00F9678C:LeaderElection334] INFO  server.RaftServerConfigKeys (ConfUtils.java:logGet(43)) - raft.server.staging.catchup.gap = 1000 (default)
2019-09-25 11:10:35,539 [09fcc576-174a-4714-a677-8a28b3c19a40@group-03F29FBA3F90:LeaderElection335] INFO  server.RaftServerConfigKeys (ConfUtils.java:logGet(43)) - raft.server.rpc.sleep.time = 25ms (default)
2019-09-25 11:10:35,539 [09fcc576-174a-4714-a677-8a28b3c19a40@group-7D5D00F9678C:LeaderElection334] INFO  server.RaftServerConfigKeys (ConfUtils.java:logGet(43)) - raft.server.rpc.sleep.time = 25ms (default)
2019-09-25 11:10:35,539 [09fcc576-174a-4714-a677-8a28b3c19a40@group-03F29FBA3F90:LeaderElection335] INFO  server.RaftServerConfigKeys (ConfUtils.java:logGet(43)) - raft.server.write.element-limit = 4096 (default)
2019-09-25 11:10:35,540 [09fcc576-174a-4714-a677-8a28b3c19a40@group-7D5D00F9678C:LeaderElection334] INFO  server.RaftServerConfigKeys (ConfUtils.java:logGet(43)) - raft.server.write.element-limit = 4096 (default)
2019-09-25 11:10:35,540 [09fcc576-174a-4714-a677-8a28b3c19a40@group-03F29FBA3F90:LeaderElection335] INFO  server.RaftServerConfigKeys (ConfUtils.java:logGet(43)) - raft.server.watch.timeout = 10s (default)
2019-09-25 11:10:35,540 [09fcc576-174a-4714-a677-8a28b3c19a40@group-7D5D00F9678C:LeaderElection334] INFO  server.RaftServerConfigKeys (ConfUtils.java:logGet(43)) - raft.server.watch.timeout = 10s (default)
2019-09-25 11:10:35,540 [09fcc576-174a-4714-a677-8a28b3c19a40@group-03F29FBA3F90:LeaderElection335] INFO  server.RaftServerConfigKeys (ConfUtils.java:logGet(43)) - raft.server.watch.timeout.denomination = 1s (default)
2019-09-25 11:10:35,540 [09fcc576-174a-4714-a677-8a28b3c19a40@group-7D5D00F9678C:LeaderElection334] INFO  server.RaftServerConfigKeys (ConfUtils.java:logGet(43)) - raft.server.watch.timeout.denomination = 1s (default)
2019-09-25 11:10:35,540 [09fcc576-174a-4714-a677-8a28b3c19a40@group-03F29FBA3F90:LeaderElection335] INFO  server.RaftServerConfigKeys (ConfUtils.java:logGet(43)) - raft.server.watch.element-limit = 65536 (default)
2019-09-25 11:10:35,540 [09fcc576-174a-4714-a677-8a28b3c19a40@group-7D5D00F9678C:LeaderElection334] INFO  server.RaftServerConfigKeys (ConfUtils.java:logGet(43)) - raft.server.watch.element-limit = 65536 (default)
2019-09-25 11:10:35,543 [09fcc576-174a-4714-a677-8a28b3c19a40@group-03F29FBA3F90:LeaderElection335] INFO  impl.RoleInfo (RoleInfo.java:updateAndGet(143)) - 09fcc576-174a-4714-a677-8a28b3c19a40: start LeaderState
2019-09-25 11:10:35,543 [09fcc576-174a-4714-a677-8a28b3c19a40@group-7D5D00F9678C:LeaderElection334] INFO  impl.RoleInfo (RoleInfo.java:updateAndGet(143)) - 09fcc576-174a-4714-a677-8a28b3c19a40: start LeaderState
2019-09-25 11:10:35,543 [09fcc576-174a-4714-a677-8a28b3c19a40@group-03F29FBA3F90:LeaderElection335] INFO  segmented.SegmentedRaftLogWorker (SegmentedRaftLogWorker.java:startLogSegment(380)) - 09fcc576-174a-4714-a677-8a28b3c19a40@group-03F29FBA3F90-SegmentedRaftLogWorker: Starting segment from index:0
2019-09-25 11:10:35,543 [09fcc576-174a-4714-a677-8a28b3c19a40@group-7D5D00F9678C:LeaderElection334] INFO  segmented.SegmentedRaftLogWorker (SegmentedRaftLogWorker.java:startLogSegment(380)) - 09fcc576-174a-4714-a677-8a28b3c19a40@group-7D5D00F9678C-SegmentedRaftLogWorker: Starting segment from index:0
2019-09-25 11:10:35,544 [09fcc576-174a-4714-a677-8a28b3c19a40@group-03F29FBA3F90:LeaderElection335] INFO  impl.RaftServerImpl (ServerState.java:setRaftConf(354)) - 09fcc576-174a-4714-a677-8a28b3c19a40@group-03F29FBA3F90: set configuration 0: [09fcc576-174a-4714-a677-8a28b3c19a40:192.168.30.6:45814], old=null at 0
2019-09-25 11:10:35,544 [09fcc576-174a-4714-a677-8a28b3c19a40@group-7D5D00F9678C:LeaderElection334] INFO  impl.RaftServerImpl (ServerState.java:setRaftConf(354)) - 09fcc576-174a-4714-a677-8a28b3c19a40@group-7D5D00F9678C: set configuration 0: [09fcc576-174a-4714-a677-8a28b3c19a40:192.168.30.6:45814], old=null at 0
2019-09-25 11:10:35,567 [Thread-4042] INFO  impl.FollowerState (FollowerState.java:run(106)) - 79e2f6f7-785e-4584-a2b0-6f2cf2bd33a1:group-54739B2A00A0 changes to CANDIDATE, lastRpcTime:10823, electionTimeout:5108ms
2019-09-25 11:10:35,568 [Thread-4042] INFO  impl.RoleInfo (RoleInfo.java:shutdownFollowerState(121)) - 79e2f6f7-785e-4584-a2b0-6f2cf2bd33a1: shutdown FollowerState
2019-09-25 11:10:35,568 [Thread-4042] INFO  impl.RaftServerImpl (RaftServerImpl.java:setRole(174)) - 79e2f6f7-785e-4584-a2b0-6f2cf2bd33a1@group-54739B2A00A0: changes role from  FOLLOWER to CANDIDATE at term 0 for changeToCandidate
2019-09-25 11:10:35,568 [Thread-4042] INFO  impl.RoleInfo (RoleInfo.java:updateAndGet(143)) - 79e2f6f7-785e-4584-a2b0-6f2cf2bd33a1: start LeaderElection
2019-09-25 11:10:35,582 [09fcc576-174a-4714-a677-8a28b3c19a40@group-03F29FBA3F90-SegmentedRaftLogWorker] INFO  segmented.SegmentedRaftLogWorker (SegmentedRaftLogWorker.java:execute(569)) - 09fcc576-174a-4714-a677-8a28b3c19a40@group-03F29FBA3F90-SegmentedRaftLogWorker: created new log segment /workdir/hadoop-ozone/integration-test/target/test-dir/MiniOzoneClusterImpl-36bd9e64-229c-43b0-8f36-7d73050474c0/datanode-2/data/ratis/0c9fcc44-911d-4317-9d69-03f29fba3f90/current/log_inprogress_0
2019-09-25 11:10:35,582 [09fcc576-174a-4714-a677-8a28b3c19a40@group-7D5D00F9678C-SegmentedRaftLogWorker] INFO  segmented.SegmentedRaftLogWorker (SegmentedRaftLogWorker.java:execute(569)) - 09fcc576-174a-4714-a677-8a28b3c19a40@group-7D5D00F9678C-SegmentedRaftLogWorker: created new log segment /workdir/hadoop-ozone/integration-test/target/test-dir/MiniOzoneClusterImpl-36bd9e64-229c-43b0-8f36-7d73050474c0/datanode-2/data/ratis/ef7f48d0-9213-4179-a7dc-7d5d00f9678c/current/log_inprogress_0
2019-09-25 11:10:35,582 [79e2f6f7-785e-4584-a2b0-6f2cf2bd33a1@group-54739B2A00A0:LeaderElection336] INFO  impl.LeaderElection (LeaderElection.java:askForVotes(182)) - 79e2f6f7-785e-4584-a2b0-6f2cf2bd33a1@group-54739B2A00A0:LeaderElection336: begin an election at term 1 for -1: [79e2f6f7-785e-4584-a2b0-6f2cf2bd33a1:192.168.30.6:45176], old=null
2019-09-25 11:10:35,583 [79e2f6f7-785e-4584-a2b0-6f2cf2bd33a1@group-54739B2A00A0:LeaderElection336] INFO  impl.RoleInfo (RoleInfo.java:shutdownLeaderElection(134)) - 79e2f6f7-785e-4584-a2b0-6f2cf2bd33a1: shutdown LeaderElection
2019-09-25 11:10:35,583 [79e2f6f7-785e-4584-a2b0-6f2cf2bd33a1@group-54739B2A00A0:LeaderElection336] INFO  impl.RaftServerImpl (RaftServerImpl.java:setRole(174)) - 79e2f6f7-785e-4584-a2b0-6f2cf2bd33a1@group-54739B2A00A0: changes role from CANDIDATE to LEADER at term 1 for changeToLeader
2019-09-25 11:10:35,583 [79e2f6f7-785e-4584-a2b0-6f2cf2bd33a1@group-54739B2A00A0:LeaderElection336] INFO  impl.RaftServerImpl (ServerState.java:setLeader(253)) - 79e2f6f7-785e-4584-a2b0-6f2cf2bd33a1@group-54739B2A00A0: change Leader from null to 79e2f6f7-785e-4584-a2b0-6f2cf2bd33a1 at term 1 for becomeLeader, leader elected after 10844ms
2019-09-25 11:10:35,583 [79e2f6f7-785e-4584-a2b0-6f2cf2bd33a1@group-54739B2A00A0:LeaderElection336] INFO  server.RaftServerConfigKeys (ConfUtils.java:logGet(43)) - raft.server.staging.catchup.gap = 1000 (default)
2019-09-25 11:10:35,583 [79e2f6f7-785e-4584-a2b0-6f2cf2bd33a1@group-54739B2A00A0:LeaderElection336] INFO  server.RaftServerConfigKeys (ConfUtils.java:logGet(43)) - raft.server.rpc.sleep.time = 25ms (default)
2019-09-25 11:10:35,584 [79e2f6f7-785e-4584-a2b0-6f2cf2bd33a1@group-54739B2A00A0:LeaderElection336] INFO  server.RaftServerConfigKeys (ConfUtils.java:logGet(43)) - raft.server.write.element-limit = 4096 (default)
2019-09-25 11:10:35,584 [79e2f6f7-785e-4584-a2b0-6f2cf2bd33a1@group-54739B2A00A0:LeaderElection336] INFO  server.RaftServerConfigKeys (ConfUtils.java:logGet(43)) - raft.server.watch.timeout = 10s (default)
2019-09-25 11:10:35,584 [79e2f6f7-785e-4584-a2b0-6f2cf2bd33a1@group-54739B2A00A0:LeaderElection336] INFO  server.RaftServerConfigKeys (ConfUtils.java:logGet(43)) - raft.server.watch.timeout.denomination = 1s (default)
2019-09-25 11:10:35,584 [79e2f6f7-785e-4584-a2b0-6f2cf2bd33a1@group-54739B2A00A0:LeaderElection336] INFO  server.RaftServerConfigKeys (ConfUtils.java:logGet(43)) - raft.server.watch.element-limit = 65536 (default)
2019-09-25 11:10:35,585 [79e2f6f7-785e-4584-a2b0-6f2cf2bd33a1@group-54739B2A00A0:LeaderElection336] INFO  impl.RoleInfo (RoleInfo.java:updateAndGet(143)) - 79e2f6f7-785e-4584-a2b0-6f2cf2bd33a1: start LeaderState
2019-09-25 11:10:35,586 [79e2f6f7-785e-4584-a2b0-6f2cf2bd33a1@group-54739B2A00A0:LeaderElection336] INFO  segmented.SegmentedRaftLogWorker (SegmentedRaftLogWorker.java:startLogSegment(380)) - 79e2f6f7-785e-4584-a2b0-6f2cf2bd33a1@group-54739B2A00A0-SegmentedRaftLogWorker: Starting segment from index:0
2019-09-25 11:10:35,586 [79e2f6f7-785e-4584-a2b0-6f2cf2bd33a1@group-54739B2A00A0:LeaderElection336] INFO  impl.RaftServerImpl (ServerState.java:setRaftConf(354)) - 79e2f6f7-785e-4584-a2b0-6f2cf2bd33a1@group-54739B2A00A0: set configuration 0: [79e2f6f7-785e-4584-a2b0-6f2cf2bd33a1:192.168.30.6:45176], old=null at 0
2019-09-25 11:10:35,603 [Thread-4048] INFO  impl.FollowerState (FollowerState.java:run(106)) - 79e2f6f7-785e-4584-a2b0-6f2cf2bd33a1:group-4E9168098CDE changes to CANDIDATE, lastRpcTime:10777, electionTimeout:5090ms
2019-09-25 11:10:35,603 [Thread-4048] INFO  impl.RoleInfo (RoleInfo.java:shutdownFollowerState(121)) - 79e2f6f7-785e-4584-a2b0-6f2cf2bd33a1: shutdown FollowerState
2019-09-25 11:10:35,603 [Thread-4048] INFO  impl.RaftServerImpl (RaftServerImpl.java:setRole(174)) - 79e2f6f7-785e-4584-a2b0-6f2cf2bd33a1@group-4E9168098CDE: changes role from  FOLLOWER to CANDIDATE at term 0 for changeToCandidate
2019-09-25 11:10:35,604 [Thread-4048] INFO  impl.RoleInfo (RoleInfo.java:updateAndGet(143)) - 79e2f6f7-785e-4584-a2b0-6f2cf2bd33a1: start LeaderElection
2019-09-25 11:10:35,617 [79e2f6f7-785e-4584-a2b0-6f2cf2bd33a1@group-4E9168098CDE:LeaderElection337] INFO  impl.LeaderElection (LeaderElection.java:askForVotes(182)) - 79e2f6f7-785e-4584-a2b0-6f2cf2bd33a1@group-4E9168098CDE:LeaderElection337: begin an election at term 1 for -1: [79e2f6f7-785e-4584-a2b0-6f2cf2bd33a1:192.168.30.6:45176], old=null
2019-09-25 11:10:35,618 [79e2f6f7-785e-4584-a2b0-6f2cf2bd33a1@group-4E9168098CDE:LeaderElection337] INFO  impl.RoleInfo (RoleInfo.java:shutdownLeaderElection(134)) - 79e2f6f7-785e-4584-a2b0-6f2cf2bd33a1: shutdown LeaderElection
2019-09-25 11:10:35,618 [79e2f6f7-785e-4584-a2b0-6f2cf2bd33a1@group-4E9168098CDE:LeaderElection337] INFO  impl.RaftServerImpl (RaftServerImpl.java:setRole(174)) - 79e2f6f7-785e-4584-a2b0-6f2cf2bd33a1@group-4E9168098CDE: changes role from CANDIDATE to LEADER at term 1 for changeToLeader
2019-09-25 11:10:35,618 [79e2f6f7-785e-4584-a2b0-6f2cf2bd33a1@group-4E9168098CDE:LeaderElection337] INFO  impl.RaftServerImpl (ServerState.java:setLeader(253)) - 79e2f6f7-785e-4584-a2b0-6f2cf2bd33a1@group-4E9168098CDE: change Leader from null to 79e2f6f7-785e-4584-a2b0-6f2cf2bd33a1 at term 1 for becomeLeader, leader elected after 10797ms
2019-09-25 11:10:35,618 [79e2f6f7-785e-4584-a2b0-6f2cf2bd33a1@group-4E9168098CDE:LeaderElection337] INFO  server.RaftServerConfigKeys (ConfUtils.java:logGet(43)) - raft.server.staging.catchup.gap = 1000 (default)
2019-09-25 11:10:35,618 [79e2f6f7-785e-4584-a2b0-6f2cf2bd33a1@group-4E9168098CDE:LeaderElection337] INFO  server.RaftServerConfigKeys (ConfUtils.java:logGet(43)) - raft.server.rpc.sleep.time = 25ms (default)
2019-09-25 11:10:35,618 [79e2f6f7-785e-4584-a2b0-6f2cf2bd33a1@group-4E9168098CDE:LeaderElection337] INFO  server.RaftServerConfigKeys (ConfUtils.java:logGet(43)) - raft.server.write.element-limit = 4096 (default)
2019-09-25 11:10:35,618 [79e2f6f7-785e-4584-a2b0-6f2cf2bd33a1@group-4E9168098CDE:LeaderElection337] INFO  server.RaftServerConfigKeys (ConfUtils.java:logGet(43)) - raft.server.watch.timeout = 10s (default)
2019-09-25 11:10:35,619 [79e2f6f7-785e-4584-a2b0-6f2cf2bd33a1@group-4E9168098CDE:LeaderElection337] INFO  server.RaftServerConfigKeys (ConfUtils.java:logGet(43)) - raft.server.watch.timeout.denomination = 1s (default)
2019-09-25 11:10:35,619 [79e2f6f7-785e-4584-a2b0-6f2cf2bd33a1@group-4E9168098CDE:LeaderElection337] INFO  server.RaftServerConfigKeys (ConfUtils.java:logGet(43)) - raft.server.watch.element-limit = 65536 (default)
2019-09-25 11:10:35,620 [79e2f6f7-785e-4584-a2b0-6f2cf2bd33a1@group-4E9168098CDE:LeaderElection337] INFO  impl.RoleInfo (RoleInfo.java:updateAndGet(143)) - 79e2f6f7-785e-4584-a2b0-6f2cf2bd33a1: start LeaderState
2019-09-25 11:10:35,620 [79e2f6f7-785e-4584-a2b0-6f2cf2bd33a1@group-4E9168098CDE:LeaderElection337] INFO  segmented.SegmentedRaftLogWorker (SegmentedRaftLogWorker.java:startLogSegment(380)) - 79e2f6f7-785e-4584-a2b0-6f2cf2bd33a1@group-4E9168098CDE-SegmentedRaftLogWorker: Starting segment from index:0
2019-09-25 11:10:35,621 [79e2f6f7-785e-4584-a2b0-6f2cf2bd33a1@group-4E9168098CDE:LeaderElection337] INFO  impl.RaftServerImpl (ServerState.java:setRaftConf(354)) - 79e2f6f7-785e-4584-a2b0-6f2cf2bd33a1@group-4E9168098CDE: set configuration 0: [79e2f6f7-785e-4584-a2b0-6f2cf2bd33a1:192.168.30.6:45176], old=null at 0
2019-09-25 11:10:35,634 [79e2f6f7-785e-4584-a2b0-6f2cf2bd33a1@group-54739B2A00A0-SegmentedRaftLogWorker] INFO  segmented.SegmentedRaftLogWorker (SegmentedRaftLogWorker.java:execute(569)) - 79e2f6f7-785e-4584-a2b0-6f2cf2bd33a1@group-54739B2A00A0-SegmentedRaftLogWorker: created new log segment /workdir/hadoop-ozone/integration-test/target/test-dir/MiniOzoneClusterImpl-36bd9e64-229c-43b0-8f36-7d73050474c0/datanode-3/data/ratis/93f943d7-3a51-45a6-a7ba-54739b2a00a0/current/log_inprogress_0
2019-09-25 11:10:35,638 [Thread-4030] INFO  impl.FollowerState (FollowerState.java:run(106)) - 09fcc576-174a-4714-a677-8a28b3c19a40:group-0A56D490835B changes to CANDIDATE, lastRpcTime:11064, electionTimeout:5179ms
2019-09-25 11:10:35,638 [Thread-4030] INFO  impl.RoleInfo (RoleInfo.java:shutdownFollowerState(121)) - 09fcc576-174a-4714-a677-8a28b3c19a40: shutdown FollowerState
2019-09-25 11:10:35,639 [Thread-4030] INFO  impl.RaftServerImpl (RaftServerImpl.java:setRole(174)) - 09fcc576-174a-4714-a677-8a28b3c19a40@group-0A56D490835B: changes role from  FOLLOWER to CANDIDATE at term 0 for changeToCandidate
2019-09-25 11:10:35,639 [Thread-4030] INFO  impl.RoleInfo (RoleInfo.java:updateAndGet(143)) - 09fcc576-174a-4714-a677-8a28b3c19a40: start LeaderElection
2019-09-25 11:10:35,652 [09fcc576-174a-4714-a677-8a28b3c19a40@group-0A56D490835B:LeaderElection338] INFO  impl.LeaderElection (LeaderElection.java:askForVotes(182)) - 09fcc576-174a-4714-a677-8a28b3c19a40@group-0A56D490835B:LeaderElection338: begin an election at term 1 for -1: [09fcc576-174a-4714-a677-8a28b3c19a40:192.168.30.6:45814], old=null
2019-09-25 11:10:35,652 [09fcc576-174a-4714-a677-8a28b3c19a40@group-0A56D490835B:LeaderElection338] INFO  impl.RoleInfo (RoleInfo.java:shutdownLeaderElection(134)) - 09fcc576-174a-4714-a677-8a28b3c19a40: shutdown LeaderElection
2019-09-25 11:10:35,652 [09fcc576-174a-4714-a677-8a28b3c19a40@group-0A56D490835B:LeaderElection338] INFO  impl.RaftServerImpl (RaftServerImpl.java:setRole(174)) - 09fcc576-174a-4714-a677-8a28b3c19a40@group-0A56D490835B: changes role from CANDIDATE to LEADER at term 1 for changeToLeader
2019-09-25 11:10:35,652 [09fcc576-174a-4714-a677-8a28b3c19a40@group-0A56D490835B:LeaderElection338] INFO  impl.RaftServerImpl (ServerState.java:setLeader(253)) - 09fcc576-174a-4714-a677-8a28b3c19a40@group-0A56D490835B: change Leader from null to 09fcc576-174a-4714-a677-8a28b3c19a40 at term 1 for becomeLeader, leader elected after 11084ms
2019-09-25 11:10:35,652 [09fcc576-174a-4714-a677-8a28b3c19a40@group-0A56D490835B:LeaderElection338] INFO  server.RaftServerConfigKeys (ConfUtils.java:logGet(43)) - raft.server.staging.catchup.gap = 1000 (default)
2019-09-25 11:10:35,653 [09fcc576-174a-4714-a677-8a28b3c19a40@group-0A56D490835B:LeaderElection338] INFO  server.RaftServerConfigKeys (ConfUtils.java:logGet(43)) - raft.server.rpc.sleep.time = 25ms (default)
2019-09-25 11:10:35,653 [09fcc576-174a-4714-a677-8a28b3c19a40@group-0A56D490835B:LeaderElection338] INFO  server.RaftServerConfigKeys (ConfUtils.java:logGet(43)) - raft.server.write.element-limit = 4096 (default)
2019-09-25 11:10:35,653 [09fcc576-174a-4714-a677-8a28b3c19a40@group-0A56D490835B:LeaderElection338] INFO  server.RaftServerConfigKeys (ConfUtils.java:logGet(43)) - raft.server.watch.timeout = 10s (default)
2019-09-25 11:10:35,653 [09fcc576-174a-4714-a677-8a28b3c19a40@group-0A56D490835B:LeaderElection338] INFO  server.RaftServerConfigKeys (ConfUtils.java:logGet(43)) - raft.server.watch.timeout.denomination = 1s (default)
2019-09-25 11:10:35,653 [09fcc576-174a-4714-a677-8a28b3c19a40@group-0A56D490835B:LeaderElection338] INFO  server.RaftServerConfigKeys (ConfUtils.java:logGet(43)) - raft.server.watch.element-limit = 65536 (default)
2019-09-25 11:10:35,655 [09fcc576-174a-4714-a677-8a28b3c19a40@group-0A56D490835B:LeaderElection338] INFO  impl.RoleInfo (RoleInfo.java:updateAndGet(143)) - 09fcc576-174a-4714-a677-8a28b3c19a40: start LeaderState
2019-09-25 11:10:35,655 [09fcc576-174a-4714-a677-8a28b3c19a40@group-0A56D490835B:LeaderElection338] INFO  segmented.SegmentedRaftLogWorker (SegmentedRaftLogWorker.java:startLogSegment(380)) - 09fcc576-174a-4714-a677-8a28b3c19a40@group-0A56D490835B-SegmentedRaftLogWorker: Starting segment from index:0
2019-09-25 11:10:35,656 [09fcc576-174a-4714-a677-8a28b3c19a40@group-0A56D490835B:LeaderElection338] INFO  impl.RaftServerImpl (ServerState.java:setRaftConf(354)) - 09fcc576-174a-4714-a677-8a28b3c19a40@group-0A56D490835B: set configuration 0: [09fcc576-174a-4714-a677-8a28b3c19a40:192.168.30.6:45814], old=null at 0
2019-09-25 11:10:35,656 [EventQueue-StaleNodeForStaleNodeHandler] INFO  node.StaleNodeHandler (StaleNodeHandler.java:onMessage(58)) - Datanode 09fcc576-174a-4714-a677-8a28b3c19a40{ip: 192.168.30.6, host: pr-hdds-1569-5gmkr-4255264070, networkLocation: /default-rack, certSerialId: null} moved to stale state. Finalizing its pipelines [PipelineID=0c9fcc44-911d-4317-9d69-03f29fba3f90, PipelineID=ef7f48d0-9213-4179-a7dc-7d5d00f9678c, PipelineID=0af17ae1-8863-43eb-8a33-0a56d490835b, PipelineID=75d93f7e-433c-4fef-84de-2da117a217ce, PipelineID=372431c3-798d-45fd-9503-5aaffe2f297a, PipelineID=e1f2161f-e710-400b-b649-ec3123f31812]
2019-09-25 11:10:35,657 [EventQueue-StaleNodeForStaleNodeHandler] INFO  pipeline.SCMPipelineManager (SCMPipelineManager.java:finalizeAndDestroyPipeline(316)) - destroying pipeline:Pipeline[ Id: 0c9fcc44-911d-4317-9d69-03f29fba3f90, Nodes: 09fcc576-174a-4714-a677-8a28b3c19a40{ip: 192.168.30.6, host: pr-hdds-1569-5gmkr-4255264070, networkLocation: /default-rack, certSerialId: null}, Type:RATIS, Factor:ONE, State:OPEN]
2019-09-25 11:10:35,657 [EventQueue-StaleNodeForStaleNodeHandler] INFO  pipeline.PipelineStateManager (PipelineStateManager.java:finalizePipeline(123)) - Pipeline Pipeline[ Id: 0c9fcc44-911d-4317-9d69-03f29fba3f90, Nodes: 09fcc576-174a-4714-a677-8a28b3c19a40{ip: 192.168.30.6, host: pr-hdds-1569-5gmkr-4255264070, networkLocation: /default-rack, certSerialId: null}, Type:RATIS, Factor:ONE, State:CLOSED] moved to CLOSED state
2019-09-25 11:10:35,657 [EventQueue-StaleNodeForStaleNodeHandler] INFO  pipeline.SCMPipelineManager (SCMPipelineManager.java:finalizeAndDestroyPipeline(316)) - destroying pipeline:Pipeline[ Id: ef7f48d0-9213-4179-a7dc-7d5d00f9678c, Nodes: 09fcc576-174a-4714-a677-8a28b3c19a40{ip: 192.168.30.6, host: pr-hdds-1569-5gmkr-4255264070, networkLocation: /default-rack, certSerialId: null}, Type:RATIS, Factor:ONE, State:OPEN]
2019-09-25 11:10:35,657 [EventQueue-StaleNodeForStaleNodeHandler] INFO  pipeline.PipelineStateManager (PipelineStateManager.java:finalizePipeline(123)) - Pipeline Pipeline[ Id: ef7f48d0-9213-4179-a7dc-7d5d00f9678c, Nodes: 09fcc576-174a-4714-a677-8a28b3c19a40{ip: 192.168.30.6, host: pr-hdds-1569-5gmkr-4255264070, networkLocation: /default-rack, certSerialId: null}, Type:RATIS, Factor:ONE, State:CLOSED] moved to CLOSED state
2019-09-25 11:10:35,657 [EventQueue-StaleNodeForStaleNodeHandler] INFO  pipeline.SCMPipelineManager (SCMPipelineManager.java:finalizeAndDestroyPipeline(316)) - destroying pipeline:Pipeline[ Id: 0af17ae1-8863-43eb-8a33-0a56d490835b, Nodes: 09fcc576-174a-4714-a677-8a28b3c19a40{ip: 192.168.30.6, host: pr-hdds-1569-5gmkr-4255264070, networkLocation: /default-rack, certSerialId: null}, Type:RATIS, Factor:ONE, State:OPEN]
2019-09-25 11:10:35,658 [EventQueue-StaleNodeForStaleNodeHandler] INFO  pipeline.PipelineStateManager (PipelineStateManager.java:finalizePipeline(123)) - Pipeline Pipeline[ Id: 0af17ae1-8863-43eb-8a33-0a56d490835b, Nodes: 09fcc576-174a-4714-a677-8a28b3c19a40{ip: 192.168.30.6, host: pr-hdds-1569-5gmkr-4255264070, networkLocation: /default-rack, certSerialId: null}, Type:RATIS, Factor:ONE, State:CLOSED] moved to CLOSED state
2019-09-25 11:10:35,658 [EventQueue-StaleNodeForStaleNodeHandler] INFO  pipeline.SCMPipelineManager (SCMPipelineManager.java:finalizeAndDestroyPipeline(316)) - destroying pipeline:Pipeline[ Id: 75d93f7e-433c-4fef-84de-2da117a217ce, Nodes: 09fcc576-174a-4714-a677-8a28b3c19a40{ip: 192.168.30.6, host: pr-hdds-1569-5gmkr-4255264070, networkLocation: /default-rack, certSerialId: null}, Type:RATIS, Factor:ONE, State:OPEN]
2019-09-25 11:10:35,658 [EventQueue-StaleNodeForStaleNodeHandler] INFO  pipeline.PipelineStateManager (PipelineStateManager.java:finalizePipeline(123)) - Pipeline Pipeline[ Id: 75d93f7e-433c-4fef-84de-2da117a217ce, Nodes: 09fcc576-174a-4714-a677-8a28b3c19a40{ip: 192.168.30.6, host: pr-hdds-1569-5gmkr-4255264070, networkLocation: /default-rack, certSerialId: null}, Type:RATIS, Factor:ONE, State:CLOSED] moved to CLOSED state
2019-09-25 11:10:35,658 [EventQueue-StaleNodeForStaleNodeHandler] INFO  pipeline.SCMPipelineManager (SCMPipelineManager.java:finalizeAndDestroyPipeline(316)) - destroying pipeline:Pipeline[ Id: 372431c3-798d-45fd-9503-5aaffe2f297a, Nodes: 09fcc576-174a-4714-a677-8a28b3c19a40{ip: 192.168.30.6, host: pr-hdds-1569-5gmkr-4255264070, networkLocation: /default-rack, certSerialId: null}, Type:RATIS, Factor:ONE, State:OPEN]
2019-09-25 11:10:35,658 [EventQueue-StaleNodeForStaleNodeHandler] INFO  pipeline.PipelineStateManager (PipelineStateManager.java:finalizePipeline(123)) - Pipeline Pipeline[ Id: 372431c3-798d-45fd-9503-5aaffe2f297a, Nodes: 09fcc576-174a-4714-a677-8a28b3c19a40{ip: 192.168.30.6, host: pr-hdds-1569-5gmkr-4255264070, networkLocation: /default-rack, certSerialId: null}, Type:RATIS, Factor:ONE, State:CLOSED] moved to CLOSED state
2019-09-25 11:10:35,658 [EventQueue-StaleNodeForStaleNodeHandler] INFO  pipeline.SCMPipelineManager (SCMPipelineManager.java:finalizeAndDestroyPipeline(316)) - destroying pipeline:Pipeline[ Id: e1f2161f-e710-400b-b649-ec3123f31812, Nodes: 09fcc576-174a-4714-a677-8a28b3c19a40{ip: 192.168.30.6, host: pr-hdds-1569-5gmkr-4255264070, networkLocation: /default-rack, certSerialId: null}, Type:RATIS, Factor:ONE, State:OPEN]
2019-09-25 11:10:35,658 [EventQueue-StaleNodeForStaleNodeHandler] INFO  pipeline.PipelineStateManager (PipelineStateManager.java:finalizePipeline(123)) - Pipeline Pipeline[ Id: e1f2161f-e710-400b-b649-ec3123f31812, Nodes: 09fcc576-174a-4714-a677-8a28b3c19a40{ip: 192.168.30.6, host: pr-hdds-1569-5gmkr-4255264070, networkLocation: /default-rack, certSerialId: null}, Type:RATIS, Factor:ONE, State:CLOSED] moved to CLOSED state
2019-09-25 11:10:35,668 [79e2f6f7-785e-4584-a2b0-6f2cf2bd33a1@group-4E9168098CDE-SegmentedRaftLogWorker] INFO  segmented.SegmentedRaftLogWorker (SegmentedRaftLogWorker.java:execute(569)) - 79e2f6f7-785e-4584-a2b0-6f2cf2bd33a1@group-4E9168098CDE-SegmentedRaftLogWorker: created new log segment /workdir/hadoop-ozone/integration-test/target/test-dir/MiniOzoneClusterImpl-36bd9e64-229c-43b0-8f36-7d73050474c0/datanode-3/data/ratis/fd62ca10-46b3-45a3-8ddd-4e9168098cde/current/log_inprogress_0
2019-09-25 11:10:35,685 [Thread-4051] INFO  impl.FollowerState (FollowerState.java:run(106)) - 09fcc576-174a-4714-a677-8a28b3c19a40:group-EC3123F31812 changes to CANDIDATE, lastRpcTime:10821, electionTimeout:5166ms
2019-09-25 11:10:35,685 [Thread-4051] INFO  impl.RoleInfo (RoleInfo.java:shutdownFollowerState(121)) - 09fcc576-174a-4714-a677-8a28b3c19a40: shutdown FollowerState
2019-09-25 11:10:35,685 [Thread-4051] INFO  impl.RaftServerImpl (RaftServerImpl.java:setRole(174)) - 09fcc576-174a-4714-a677-8a28b3c19a40@group-EC3123F31812: changes role from  FOLLOWER to CANDIDATE at term 0 for changeToCandidate
2019-09-25 11:10:35,685 [Thread-4051] INFO  impl.RoleInfo (RoleInfo.java:updateAndGet(143)) - 09fcc576-174a-4714-a677-8a28b3c19a40: start LeaderElection
2019-09-25 11:10:35,697 [09fcc576-174a-4714-a677-8a28b3c19a40@group-0A56D490835B-SegmentedRaftLogWorker] INFO  segmented.SegmentedRaftLogWorker (SegmentedRaftLogWorker.java:execute(569)) - 09fcc576-174a-4714-a677-8a28b3c19a40@group-0A56D490835B-SegmentedRaftLogWorker: created new log segment /workdir/hadoop-ozone/integration-test/target/test-dir/MiniOzoneClusterImpl-36bd9e64-229c-43b0-8f36-7d73050474c0/datanode-2/data/ratis/0af17ae1-8863-43eb-8a33-0a56d490835b/current/log_inprogress_0
2019-09-25 11:10:35,697 [09fcc576-174a-4714-a677-8a28b3c19a40@group-EC3123F31812:LeaderElection339] INFO  impl.LeaderElection (LeaderElection.java:askForVotes(182)) - 09fcc576-174a-4714-a677-8a28b3c19a40@group-EC3123F31812:LeaderElection339: begin an election at term 1 for -1: [09fcc576-174a-4714-a677-8a28b3c19a40:192.168.30.6:45814], old=null
2019-09-25 11:10:35,697 [09fcc576-174a-4714-a677-8a28b3c19a40@group-EC3123F31812:LeaderElection339] INFO  impl.RoleInfo (RoleInfo.java:shutdownLeaderElection(134)) - 09fcc576-174a-4714-a677-8a28b3c19a40: shutdown LeaderElection
2019-09-25 11:10:35,697 [09fcc576-174a-4714-a677-8a28b3c19a40@group-EC3123F31812:LeaderElection339] INFO  impl.RaftServerImpl (RaftServerImpl.java:setRole(174)) - 09fcc576-174a-4714-a677-8a28b3c19a40@group-EC3123F31812: changes role from CANDIDATE to LEADER at term 1 for changeToLeader
2019-09-25 11:10:35,697 [09fcc576-174a-4714-a677-8a28b3c19a40@group-EC3123F31812:LeaderElection339] INFO  impl.RaftServerImpl (ServerState.java:setLeader(253)) - 09fcc576-174a-4714-a677-8a28b3c19a40@group-EC3123F31812: change Leader from null to 09fcc576-174a-4714-a677-8a28b3c19a40 at term 1 for becomeLeader, leader elected after 10838ms
2019-09-25 11:10:35,698 [09fcc576-174a-4714-a677-8a28b3c19a40@group-EC3123F31812:LeaderElection339] INFO  server.RaftServerConfigKeys (ConfUtils.java:logGet(43)) - raft.server.staging.catchup.gap = 1000 (default)
2019-09-25 11:10:35,698 [09fcc576-174a-4714-a677-8a28b3c19a40@group-EC3123F31812:LeaderElection339] INFO  server.RaftServerConfigKeys (ConfUtils.java:logGet(43)) - raft.server.rpc.sleep.time = 25ms (default)
2019-09-25 11:10:35,698 [09fcc576-174a-4714-a677-8a28b3c19a40@group-EC3123F31812:LeaderElection339] INFO  server.RaftServerConfigKeys (ConfUtils.java:logGet(43)) - raft.server.write.element-limit = 4096 (default)
2019-09-25 11:10:35,698 [09fcc576-174a-4714-a677-8a28b3c19a40@group-EC3123F31812:LeaderElection339] INFO  server.RaftServerConfigKeys (ConfUtils.java:logGet(43)) - raft.server.watch.timeout = 10s (default)
2019-09-25 11:10:35,698 [09fcc576-174a-4714-a677-8a28b3c19a40@group-EC3123F31812:LeaderElection339] INFO  server.RaftServerConfigKeys (ConfUtils.java:logGet(43)) - raft.server.watch.timeout.denomination = 1s (default)
2019-09-25 11:10:35,698 [09fcc576-174a-4714-a677-8a28b3c19a40@group-EC3123F31812:LeaderElection339] INFO  server.RaftServerConfigKeys (ConfUtils.java:logGet(43)) - raft.server.watch.element-limit = 65536 (default)
2019-09-25 11:10:35,699 [09fcc576-174a-4714-a677-8a28b3c19a40@group-EC3123F31812:LeaderElection339] INFO  impl.RoleInfo (RoleInfo.java:updateAndGet(143)) - 09fcc576-174a-4714-a677-8a28b3c19a40: start LeaderState
2019-09-25 11:10:35,699 [09fcc576-174a-4714-a677-8a28b3c19a40@group-EC3123F31812:LeaderElection339] INFO  segmented.SegmentedRaftLogWorker (SegmentedRaftLogWorker.java:startLogSegment(380)) - 09fcc576-174a-4714-a677-8a28b3c19a40@group-EC3123F31812-SegmentedRaftLogWorker: Starting segment from index:0
2019-09-25 11:10:35,699 [09fcc576-174a-4714-a677-8a28b3c19a40@group-EC3123F31812:LeaderElection339] INFO  impl.RaftServerImpl (ServerState.java:setRaftConf(354)) - 09fcc576-174a-4714-a677-8a28b3c19a40@group-EC3123F31812: set configuration 0: [09fcc576-174a-4714-a677-8a28b3c19a40:192.168.30.6:45814], old=null at 0
2019-09-25 11:10:35,730 [ForkJoinPool.commonPool-worker-0] INFO  ozoneimpl.OzoneContainer (OzoneContainer.java:stop(231)) - Attempting to stop container services.
2019-09-25 11:10:35,730 [ForkJoinPool.commonPool-worker-0] INFO  impl.RaftServerProxy (RaftServerProxy.java:lambda$close$4(314)) - 09fcc576-174a-4714-a677-8a28b3c19a40: close
2019-09-25 11:10:35,731 [ForkJoinPool.commonPool-worker-0] INFO  impl.RaftServerImpl (RaftServerImpl.java:lambda$shutdown$3(251)) - 09fcc576-174a-4714-a677-8a28b3c19a40@group-0A56D490835B: shutdown
2019-09-25 11:10:35,731 [ForkJoinPool.commonPool-worker-0] INFO  util.JmxRegister (JmxRegister.java:unregister(73)) - Successfully un-registered JMX Bean with object name Ratis:service=RaftServer,group=group-0A56D490835B,id=09fcc576-174a-4714-a677-8a28b3c19a40
2019-09-25 11:10:35,731 [ForkJoinPool.commonPool-worker-0] INFO  impl.RoleInfo (RoleInfo.java:shutdownLeaderState(104)) - 09fcc576-174a-4714-a677-8a28b3c19a40: shutdown LeaderState
2019-09-25 11:10:35,731 [main] INFO  ozoneimpl.OzoneContainer (OzoneContainer.java:stop(231)) - Attempting to stop container services.
2019-09-25 11:10:35,731 [ForkJoinPool.commonPool-worker-0] INFO  impl.PendingRequests (PendingRequests.java:sendNotLeaderResponses(202)) - 09fcc576-174a-4714-a677-8a28b3c19a40-PendingRequests: sendNotLeaderResponses
2019-09-25 11:10:35,732 [main] INFO  impl.RaftServerProxy (RaftServerProxy.java:lambda$close$4(314)) - 79e2f6f7-785e-4584-a2b0-6f2cf2bd33a1: close
2019-09-25 11:10:35,732 [main] INFO  impl.RaftServerImpl (RaftServerImpl.java:lambda$shutdown$3(251)) - 79e2f6f7-785e-4584-a2b0-6f2cf2bd33a1@group-2FFAA97423D9: shutdown
2019-09-25 11:10:35,733 [main] INFO  util.JmxRegister (JmxRegister.java:unregister(73)) - Successfully un-registered JMX Bean with object name Ratis:service=RaftServer,group=group-2FFAA97423D9,id=79e2f6f7-785e-4584-a2b0-6f2cf2bd33a1
2019-09-25 11:10:35,733 [main] INFO  impl.RoleInfo (RoleInfo.java:shutdownLeaderState(104)) - 79e2f6f7-785e-4584-a2b0-6f2cf2bd33a1: shutdown LeaderState
2019-09-25 11:10:35,732 [ForkJoinPool.commonPool-worker-0] INFO  impl.StateMachineUpdater (StateMachineUpdater.java:stopAndJoin(125)) - 09fcc576-174a-4714-a677-8a28b3c19a40@group-0A56D490835B-StateMachineUpdater: set stopIndex = 0
2019-09-25 11:10:35,734 [main] INFO  impl.PendingRequests (PendingRequests.java:sendNotLeaderResponses(202)) - 79e2f6f7-785e-4584-a2b0-6f2cf2bd33a1-PendingRequests: sendNotLeaderResponses
2019-09-25 11:10:35,734 [ForkJoinPool.commonPool-worker-0] INFO  impl.RaftServerImpl (ServerState.java:close(385)) - 09fcc576-174a-4714-a677-8a28b3c19a40@group-0A56D490835B: closes. applyIndex: 0
2019-09-25 11:10:35,734 [main] INFO  impl.StateMachineUpdater (StateMachineUpdater.java:stopAndJoin(125)) - 79e2f6f7-785e-4584-a2b0-6f2cf2bd33a1@group-2FFAA97423D9-StateMachineUpdater: set stopIndex = 0
2019-09-25 11:10:35,735 [main] INFO  impl.RaftServerImpl (ServerState.java:close(385)) - 79e2f6f7-785e-4584-a2b0-6f2cf2bd33a1@group-2FFAA97423D9: closes. applyIndex: 0
2019-09-25 11:10:35,735 [09fcc576-174a-4714-a677-8a28b3c19a40@group-0A56D490835B-SegmentedRaftLogWorker] INFO  segmented.SegmentedRaftLogWorker (SegmentedRaftLogWorker.java:run(313)) - 09fcc576-174a-4714-a677-8a28b3c19a40@group-0A56D490835B-SegmentedRaftLogWorker was interrupted, exiting. There are 0 tasks remaining in the queue.
2019-09-25 11:10:35,736 [79e2f6f7-785e-4584-a2b0-6f2cf2bd33a1@group-2FFAA97423D9-SegmentedRaftLogWorker] INFO  segmented.SegmentedRaftLogWorker (SegmentedRaftLogWorker.java:run(313)) - 79e2f6f7-785e-4584-a2b0-6f2cf2bd33a1@group-2FFAA97423D9-SegmentedRaftLogWorker was interrupted, exiting. There are 0 tasks remaining in the queue.
2019-09-25 11:10:35,736 [ForkJoinPool.commonPool-worker-0] INFO  segmented.SegmentedRaftLogWorker (SegmentedRaftLogWorker.java:close(228)) - 09fcc576-174a-4714-a677-8a28b3c19a40@group-0A56D490835B-SegmentedRaftLogWorker close()
2019-09-25 11:10:35,736 [main] INFO  segmented.SegmentedRaftLogWorker (SegmentedRaftLogWorker.java:close(228)) - 79e2f6f7-785e-4584-a2b0-6f2cf2bd33a1@group-2FFAA97423D9-SegmentedRaftLogWorker close()
2019-09-25 11:10:35,736 [ForkJoinPool.commonPool-worker-0] INFO  impl.RaftServerImpl (RaftServerImpl.java:lambda$shutdown$3(251)) - 09fcc576-174a-4714-a677-8a28b3c19a40@group-2DA117A217CE: shutdown
2019-09-25 11:10:35,737 [main] INFO  impl.RaftServerImpl (RaftServerImpl.java:lambda$shutdown$3(251)) - 79e2f6f7-785e-4584-a2b0-6f2cf2bd33a1@group-3CD30251AB4A: shutdown
2019-09-25 11:10:35,737 [main] INFO  util.JmxRegister (JmxRegister.java:unregister(73)) - Successfully un-registered JMX Bean with object name Ratis:service=RaftServer,group=group-3CD30251AB4A,id=79e2f6f7-785e-4584-a2b0-6f2cf2bd33a1
2019-09-25 11:10:35,737 [ForkJoinPool.commonPool-worker-0] INFO  util.JmxRegister (JmxRegister.java:unregister(73)) - Successfully un-registered JMX Bean with object name Ratis:service=RaftServer,group=group-2DA117A217CE,id=09fcc576-174a-4714-a677-8a28b3c19a40
2019-09-25 11:10:35,738 [main] INFO  impl.RoleInfo (RoleInfo.java:shutdownLeaderState(104)) - 79e2f6f7-785e-4584-a2b0-6f2cf2bd33a1: shutdown LeaderState
2019-09-25 11:10:35,738 [ForkJoinPool.commonPool-worker-0] INFO  impl.RoleInfo (RoleInfo.java:shutdownLeaderState(104)) - 09fcc576-174a-4714-a677-8a28b3c19a40: shutdown LeaderState
2019-09-25 11:10:35,738 [main] INFO  impl.PendingRequests (PendingRequests.java:sendNotLeaderResponses(202)) - 79e2f6f7-785e-4584-a2b0-6f2cf2bd33a1-PendingRequests: sendNotLeaderResponses
2019-09-25 11:10:35,739 [ForkJoinPool.commonPool-worker-0] INFO  impl.PendingRequests (PendingRequests.java:sendNotLeaderResponses(202)) - 09fcc576-174a-4714-a677-8a28b3c19a40-PendingRequests: sendNotLeaderResponses
2019-09-25 11:10:35,739 [main] INFO  impl.StateMachineUpdater (StateMachineUpdater.java:stopAndJoin(125)) - 79e2f6f7-785e-4584-a2b0-6f2cf2bd33a1@group-3CD30251AB4A-StateMachineUpdater: set stopIndex = 0
2019-09-25 11:10:35,739 [ForkJoinPool.commonPool-worker-0] INFO  impl.StateMachineUpdater (StateMachineUpdater.java:stopAndJoin(125)) - 09fcc576-174a-4714-a677-8a28b3c19a40@group-2DA117A217CE-StateMachineUpdater: set stopIndex = 0
2019-09-25 11:10:35,740 [main] INFO  impl.RaftServerImpl (ServerState.java:close(385)) - 79e2f6f7-785e-4584-a2b0-6f2cf2bd33a1@group-3CD30251AB4A: closes. applyIndex: 0
2019-09-25 11:10:35,740 [ForkJoinPool.commonPool-worker-0] INFO  impl.RaftServerImpl (ServerState.java:close(385)) - 09fcc576-174a-4714-a677-8a28b3c19a40@group-2DA117A217CE: closes. applyIndex: 0
2019-09-25 11:10:35,740 [79e2f6f7-785e-4584-a2b0-6f2cf2bd33a1@group-3CD30251AB4A-SegmentedRaftLogWorker] INFO  segmented.SegmentedRaftLogWorker (SegmentedRaftLogWorker.java:run(313)) - 79e2f6f7-785e-4584-a2b0-6f2cf2bd33a1@group-3CD30251AB4A-SegmentedRaftLogWorker was interrupted, exiting. There are 0 tasks remaining in the queue.
2019-09-25 11:10:35,741 [09fcc576-174a-4714-a677-8a28b3c19a40@group-2DA117A217CE-SegmentedRaftLogWorker] INFO  segmented.SegmentedRaftLogWorker (SegmentedRaftLogWorker.java:run(313)) - 09fcc576-174a-4714-a677-8a28b3c19a40@group-2DA117A217CE-SegmentedRaftLogWorker was interrupted, exiting. There are 0 tasks remaining in the queue.
2019-09-25 11:10:35,741 [main] INFO  segmented.SegmentedRaftLogWorker (SegmentedRaftLogWorker.java:close(228)) - 79e2f6f7-785e-4584-a2b0-6f2cf2bd33a1@group-3CD30251AB4A-SegmentedRaftLogWorker close()
2019-09-25 11:10:35,741 [main] INFO  impl.RaftServerImpl (RaftServerImpl.java:lambda$shutdown$3(251)) - 79e2f6f7-785e-4584-a2b0-6f2cf2bd33a1@group-4E9168098CDE: shutdown
2019-09-25 11:10:35,742 [main] INFO  util.JmxRegister (JmxRegister.java:unregister(73)) - Successfully un-registered JMX Bean with object name Ratis:service=RaftServer,group=group-4E9168098CDE,id=79e2f6f7-785e-4584-a2b0-6f2cf2bd33a1
2019-09-25 11:10:35,742 [main] INFO  impl.RoleInfo (RoleInfo.java:shutdownLeaderState(104)) - 79e2f6f7-785e-4584-a2b0-6f2cf2bd33a1: shutdown LeaderState
2019-09-25 11:10:35,742 [ForkJoinPool.commonPool-worker-0] INFO  segmented.SegmentedRaftLogWorker (SegmentedRaftLogWorker.java:close(228)) - 09fcc576-174a-4714-a677-8a28b3c19a40@group-2DA117A217CE-SegmentedRaftLogWorker close()
2019-09-25 11:10:35,743 [09fcc576-174a-4714-a677-8a28b3c19a40@group-EC3123F31812-SegmentedRaftLogWorker] INFO  segmented.SegmentedRaftLogWorker (SegmentedRaftLogWorker.java:execute(569)) - 09fcc576-174a-4714-a677-8a28b3c19a40@group-EC3123F31812-SegmentedRaftLogWorker: created new log segment /workdir/hadoop-ozone/integration-test/target/test-dir/MiniOzoneClusterImpl-36bd9e64-229c-43b0-8f36-7d73050474c0/datanode-2/data/ratis/e1f2161f-e710-400b-b649-ec3123f31812/current/log_inprogress_0
2019-09-25 11:10:35,742 [main] INFO  impl.PendingRequests (PendingRequests.java:sendNotLeaderResponses(202)) - 79e2f6f7-785e-4584-a2b0-6f2cf2bd33a1-PendingRequests: sendNotLeaderResponses
2019-09-25 11:10:35,743 [ForkJoinPool.commonPool-worker-0] INFO  impl.RaftServerImpl (RaftServerImpl.java:lambda$shutdown$3(251)) - 09fcc576-174a-4714-a677-8a28b3c19a40@group-03F29FBA3F90: shutdown
2019-09-25 11:10:35,743 [main] INFO  impl.StateMachineUpdater (StateMachineUpdater.java:stopAndJoin(125)) - 79e2f6f7-785e-4584-a2b0-6f2cf2bd33a1@group-4E9168098CDE-StateMachineUpdater: set stopIndex = 0
2019-09-25 11:10:35,744 [ForkJoinPool.commonPool-worker-0] INFO  util.JmxRegister (JmxRegister.java:unregister(73)) - Successfully un-registered JMX Bean with object name Ratis:service=RaftServer,group=group-03F29FBA3F90,id=09fcc576-174a-4714-a677-8a28b3c19a40
2019-09-25 11:10:35,744 [main] INFO  impl.RaftServerImpl (ServerState.java:close(385)) - 79e2f6f7-785e-4584-a2b0-6f2cf2bd33a1@group-4E9168098CDE: closes. applyIndex: 0
2019-09-25 11:10:35,744 [ForkJoinPool.commonPool-worker-0] INFO  impl.RoleInfo (RoleInfo.java:shutdownLeaderState(104)) - 09fcc576-174a-4714-a677-8a28b3c19a40: shutdown LeaderState
2019-09-25 11:10:35,745 [79e2f6f7-785e-4584-a2b0-6f2cf2bd33a1@group-4E9168098CDE-SegmentedRaftLogWorker] INFO  segmented.SegmentedRaftLogWorker (SegmentedRaftLogWorker.java:run(313)) - 79e2f6f7-785e-4584-a2b0-6f2cf2bd33a1@group-4E9168098CDE-SegmentedRaftLogWorker was interrupted, exiting. There are 0 tasks remaining in the queue.
2019-09-25 11:10:35,745 [ForkJoinPool.commonPool-worker-0] INFO  impl.PendingRequests (PendingRequests.java:sendNotLeaderResponses(202)) - 09fcc576-174a-4714-a677-8a28b3c19a40-PendingRequests: sendNotLeaderResponses
2019-09-25 11:10:35,745 [main] INFO  segmented.SegmentedRaftLogWorker (SegmentedRaftLogWorker.java:close(228)) - 79e2f6f7-785e-4584-a2b0-6f2cf2bd33a1@group-4E9168098CDE-SegmentedRaftLogWorker close()
2019-09-25 11:10:35,745 [ForkJoinPool.commonPool-worker-0] INFO  impl.StateMachineUpdater (StateMachineUpdater.java:stopAndJoin(125)) - 09fcc576-174a-4714-a677-8a28b3c19a40@group-03F29FBA3F90-StateMachineUpdater: set stopIndex = 0
2019-09-25 11:10:35,745 [main] INFO  impl.RaftServerImpl (RaftServerImpl.java:lambda$shutdown$3(251)) - 79e2f6f7-785e-4584-a2b0-6f2cf2bd33a1@group-54739B2A00A0: shutdown
2019-09-25 11:10:35,746 [ForkJoinPool.commonPool-worker-0] INFO  impl.RaftServerImpl (ServerState.java:close(385)) - 09fcc576-174a-4714-a677-8a28b3c19a40@group-03F29FBA3F90: closes. applyIndex: 0
2019-09-25 11:10:35,746 [main] INFO  util.JmxRegister (JmxRegister.java:unregister(73)) - Successfully un-registered JMX Bean with object name Ratis:service=RaftServer,group=group-54739B2A00A0,id=79e2f6f7-785e-4584-a2b0-6f2cf2bd33a1
2019-09-25 11:10:35,746 [09fcc576-174a-4714-a677-8a28b3c19a40@group-03F29FBA3F90-SegmentedRaftLogWorker] INFO  segmented.SegmentedRaftLogWorker (SegmentedRaftLogWorker.java:run(313)) - 09fcc576-174a-4714-a677-8a28b3c19a40@group-03F29FBA3F90-SegmentedRaftLogWorker was interrupted, exiting. There are 0 tasks remaining in the queue.
2019-09-25 11:10:35,747 [main] INFO  impl.RoleInfo (RoleInfo.java:shutdownLeaderState(104)) - 79e2f6f7-785e-4584-a2b0-6f2cf2bd33a1: shutdown LeaderState
2019-09-25 11:10:35,747 [ForkJoinPool.commonPool-worker-0] INFO  segmented.SegmentedRaftLogWorker (SegmentedRaftLogWorker.java:close(228)) - 09fcc576-174a-4714-a677-8a28b3c19a40@group-03F29FBA3F90-SegmentedRaftLogWorker close()
2019-09-25 11:10:35,747 [main] INFO  impl.PendingRequests (PendingRequests.java:sendNotLeaderResponses(202)) - 79e2f6f7-785e-4584-a2b0-6f2cf2bd33a1-PendingRequests: sendNotLeaderResponses
2019-09-25 11:10:35,747 [ForkJoinPool.commonPool-worker-0] INFO  impl.RaftServerImpl (RaftServerImpl.java:lambda$shutdown$3(251)) - 09fcc576-174a-4714-a677-8a28b3c19a40@group-7D5D00F9678C: shutdown
2019-09-25 11:10:35,747 [main] INFO  impl.StateMachineUpdater (StateMachineUpdater.java:stopAndJoin(125)) - 79e2f6f7-785e-4584-a2b0-6f2cf2bd33a1@group-54739B2A00A0-StateMachineUpdater: set stopIndex = 0
2019-09-25 11:10:35,748 [main] INFO  impl.RaftServerImpl (ServerState.java:close(385)) - 79e2f6f7-785e-4584-a2b0-6f2cf2bd33a1@group-54739B2A00A0: closes. applyIndex: 0
2019-09-25 11:10:35,748 [ForkJoinPool.commonPool-worker-0] INFO  util.JmxRegister (JmxRegister.java:unregister(73)) - Successfully un-registered JMX Bean with object name Ratis:service=RaftServer,group=group-7D5D00F9678C,id=09fcc576-174a-4714-a677-8a28b3c19a40
2019-09-25 11:10:35,749 [ForkJoinPool.commonPool-worker-0] INFO  impl.RoleInfo (RoleInfo.java:shutdownLeaderState(104)) - 09fcc576-174a-4714-a677-8a28b3c19a40: shutdown LeaderState
2019-09-25 11:10:35,748 [79e2f6f7-785e-4584-a2b0-6f2cf2bd33a1@group-54739B2A00A0-SegmentedRaftLogWorker] INFO  segmented.SegmentedRaftLogWorker (SegmentedRaftLogWorker.java:run(313)) - 79e2f6f7-785e-4584-a2b0-6f2cf2bd33a1@group-54739B2A00A0-SegmentedRaftLogWorker was interrupted, exiting. There are 0 tasks remaining in the queue.
2019-09-25 11:10:35,749 [ForkJoinPool.commonPool-worker-0] INFO  impl.PendingRequests (PendingRequests.java:sendNotLeaderResponses(202)) - 09fcc576-174a-4714-a677-8a28b3c19a40-PendingRequests: sendNotLeaderResponses
2019-09-25 11:10:35,749 [main] INFO  segmented.SegmentedRaftLogWorker (SegmentedRaftLogWorker.java:close(228)) - 79e2f6f7-785e-4584-a2b0-6f2cf2bd33a1@group-54739B2A00A0-SegmentedRaftLogWorker close()
2019-09-25 11:10:35,749 [ForkJoinPool.commonPool-worker-0] INFO  impl.StateMachineUpdater (StateMachineUpdater.java:stopAndJoin(125)) - 09fcc576-174a-4714-a677-8a28b3c19a40@group-7D5D00F9678C-StateMachineUpdater: set stopIndex = 0
2019-09-25 11:10:35,749 [main] INFO  impl.RaftServerImpl (RaftServerImpl.java:lambda$shutdown$3(251)) - 79e2f6f7-785e-4584-a2b0-6f2cf2bd33a1@group-A77A2EC9CD1D: shutdown
2019-09-25 11:10:35,750 [ForkJoinPool.commonPool-worker-0] INFO  impl.RaftServerImpl (ServerState.java:close(385)) - 09fcc576-174a-4714-a677-8a28b3c19a40@group-7D5D00F9678C: closes. applyIndex: 0
2019-09-25 11:10:35,750 [main] INFO  util.JmxRegister (JmxRegister.java:unregister(73)) - Successfully un-registered JMX Bean with object name Ratis:service=RaftServer,group=group-A77A2EC9CD1D,id=79e2f6f7-785e-4584-a2b0-6f2cf2bd33a1
2019-09-25 11:10:35,750 [09fcc576-174a-4714-a677-8a28b3c19a40@group-7D5D00F9678C-SegmentedRaftLogWorker] INFO  segmented.SegmentedRaftLogWorker (SegmentedRaftLogWorker.java:run(313)) - 09fcc576-174a-4714-a677-8a28b3c19a40@group-7D5D00F9678C-SegmentedRaftLogWorker was interrupted, exiting. There are 0 tasks remaining in the queue.
2019-09-25 11:10:35,751 [main] INFO  impl.RoleInfo (RoleInfo.java:shutdownLeaderState(104)) - 79e2f6f7-785e-4584-a2b0-6f2cf2bd33a1: shutdown LeaderState
2019-09-25 11:10:35,751 [ForkJoinPool.commonPool-worker-0] INFO  segmented.SegmentedRaftLogWorker (SegmentedRaftLogWorker.java:close(228)) - 09fcc576-174a-4714-a677-8a28b3c19a40@group-7D5D00F9678C-SegmentedRaftLogWorker close()
2019-09-25 11:10:35,751 [main] INFO  impl.PendingRequests (PendingRequests.java:sendNotLeaderResponses(202)) - 79e2f6f7-785e-4584-a2b0-6f2cf2bd33a1-PendingRequests: sendNotLeaderResponses
2019-09-25 11:10:35,751 [ForkJoinPool.commonPool-worker-0] INFO  impl.RaftServerImpl (RaftServerImpl.java:lambda$shutdown$3(251)) - 09fcc576-174a-4714-a677-8a28b3c19a40@group-5AAFFE2F297A: shutdown
2019-09-25 11:10:35,752 [main] INFO  impl.StateMachineUpdater (StateMachineUpdater.java:stopAndJoin(125)) - 79e2f6f7-785e-4584-a2b0-6f2cf2bd33a1@group-A77A2EC9CD1D-StateMachineUpdater: set stopIndex = 0
2019-09-25 11:10:35,752 [main] INFO  impl.RaftServerImpl (ServerState.java:close(385)) - 79e2f6f7-785e-4584-a2b0-6f2cf2bd33a1@group-A77A2EC9CD1D: closes. applyIndex: 0
2019-09-25 11:10:35,752 [ForkJoinPool.commonPool-worker-0] INFO  util.JmxRegister (JmxRegister.java:unregister(73)) - Successfully un-registered JMX Bean with object name Ratis:service=RaftServer,group=group-5AAFFE2F297A,id=09fcc576-174a-4714-a677-8a28b3c19a40
2019-09-25 11:10:35,752 [79e2f6f7-785e-4584-a2b0-6f2cf2bd33a1@group-A77A2EC9CD1D-SegmentedRaftLogWorker] INFO  segmented.SegmentedRaftLogWorker (SegmentedRaftLogWorker.java:run(313)) - 79e2f6f7-785e-4584-a2b0-6f2cf2bd33a1@group-A77A2EC9CD1D-SegmentedRaftLogWorker was interrupted, exiting. There are 0 tasks remaining in the queue.
2019-09-25 11:10:35,753 [ForkJoinPool.commonPool-worker-0] INFO  impl.RoleInfo (RoleInfo.java:shutdownLeaderState(104)) - 09fcc576-174a-4714-a677-8a28b3c19a40: shutdown LeaderState
2019-09-25 11:10:35,753 [main] INFO  segmented.SegmentedRaftLogWorker (SegmentedRaftLogWorker.java:close(228)) - 79e2f6f7-785e-4584-a2b0-6f2cf2bd33a1@group-A77A2EC9CD1D-SegmentedRaftLogWorker close()
2019-09-25 11:10:35,753 [ForkJoinPool.commonPool-worker-0] INFO  impl.PendingRequests (PendingRequests.java:sendNotLeaderResponses(202)) - 09fcc576-174a-4714-a677-8a28b3c19a40-PendingRequests: sendNotLeaderResponses
2019-09-25 11:10:35,753 [main] INFO  impl.RaftServerImpl (RaftServerImpl.java:lambda$shutdown$3(251)) - 79e2f6f7-785e-4584-a2b0-6f2cf2bd33a1@group-BFC63E0C5F8A: shutdown
2019-09-25 11:10:35,753 [ForkJoinPool.commonPool-worker-0] INFO  impl.StateMachineUpdater (StateMachineUpdater.java:stopAndJoin(125)) - 09fcc576-174a-4714-a677-8a28b3c19a40@group-5AAFFE2F297A-StateMachineUpdater: set stopIndex = 0
2019-09-25 11:10:35,754 [ForkJoinPool.commonPool-worker-0] INFO  impl.RaftServerImpl (ServerState.java:close(385)) - 09fcc576-174a-4714-a677-8a28b3c19a40@group-5AAFFE2F297A: closes. applyIndex: 0
2019-09-25 11:10:35,754 [main] INFO  util.JmxRegister (JmxRegister.java:unregister(73)) - Successfully un-registered JMX Bean with object name Ratis:service=RaftServer,group=group-BFC63E0C5F8A,id=79e2f6f7-785e-4584-a2b0-6f2cf2bd33a1
2019-09-25 11:10:35,754 [09fcc576-174a-4714-a677-8a28b3c19a40@group-5AAFFE2F297A-SegmentedRaftLogWorker] INFO  segmented.SegmentedRaftLogWorker (SegmentedRaftLogWorker.java:run(313)) - 09fcc576-174a-4714-a677-8a28b3c19a40@group-5AAFFE2F297A-SegmentedRaftLogWorker was interrupted, exiting. There are 0 tasks remaining in the queue.
2019-09-25 11:10:35,754 [main] INFO  impl.RoleInfo (RoleInfo.java:shutdownLeaderState(104)) - 79e2f6f7-785e-4584-a2b0-6f2cf2bd33a1: shutdown LeaderState
2019-09-25 11:10:35,755 [ForkJoinPool.commonPool-worker-0] INFO  segmented.SegmentedRaftLogWorker (SegmentedRaftLogWorker.java:close(228)) - 09fcc576-174a-4714-a677-8a28b3c19a40@group-5AAFFE2F297A-SegmentedRaftLogWorker close()
2019-09-25 11:10:35,755 [main] INFO  impl.PendingRequests (PendingRequests.java:sendNotLeaderResponses(202)) - 79e2f6f7-785e-4584-a2b0-6f2cf2bd33a1-PendingRequests: sendNotLeaderResponses
2019-09-25 11:10:35,755 [ForkJoinPool.commonPool-worker-0] INFO  impl.RaftServerImpl (RaftServerImpl.java:lambda$shutdown$3(251)) - 09fcc576-174a-4714-a677-8a28b3c19a40@group-EC3123F31812: shutdown
2019-09-25 11:10:35,755 [main] INFO  impl.StateMachineUpdater (StateMachineUpdater.java:stopAndJoin(125)) - 79e2f6f7-785e-4584-a2b0-6f2cf2bd33a1@group-BFC63E0C5F8A-StateMachineUpdater: set stopIndex = 0
2019-09-25 11:10:35,756 [main] INFO  impl.RaftServerImpl (ServerState.java:close(385)) - 79e2f6f7-785e-4584-a2b0-6f2cf2bd33a1@group-BFC63E0C5F8A: closes. applyIndex: 0
2019-09-25 11:10:35,755 [ForkJoinPool.commonPool-worker-0] INFO  util.JmxRegister (JmxRegister.java:unregister(73)) - Successfully un-registered JMX Bean with object name Ratis:service=RaftServer,group=group-EC3123F31812,id=09fcc576-174a-4714-a677-8a28b3c19a40
2019-09-25 11:10:35,756 [79e2f6f7-785e-4584-a2b0-6f2cf2bd33a1@group-BFC63E0C5F8A-SegmentedRaftLogWorker] INFO  segmented.SegmentedRaftLogWorker (SegmentedRaftLogWorker.java:run(313)) - 79e2f6f7-785e-4584-a2b0-6f2cf2bd33a1@group-BFC63E0C5F8A-SegmentedRaftLogWorker was interrupted, exiting. There are 0 tasks remaining in the queue.
2019-09-25 11:10:35,756 [ForkJoinPool.commonPool-worker-0] INFO  impl.RoleInfo (RoleInfo.java:shutdownLeaderState(104)) - 09fcc576-174a-4714-a677-8a28b3c19a40: shutdown LeaderState
2019-09-25 11:10:35,756 [main] INFO  segmented.SegmentedRaftLogWorker (SegmentedRaftLogWorker.java:close(228)) - 79e2f6f7-785e-4584-a2b0-6f2cf2bd33a1@group-BFC63E0C5F8A-SegmentedRaftLogWorker close()
2019-09-25 11:10:35,757 [ForkJoinPool.commonPool-worker-0] INFO  impl.PendingRequests (PendingRequests.java:sendNotLeaderResponses(202)) - 09fcc576-174a-4714-a677-8a28b3c19a40-PendingRequests: sendNotLeaderResponses
2019-09-25 11:10:35,757 [main] INFO  server.GrpcService (GrpcService.java:closeImpl(164)) - 79e2f6f7-785e-4584-a2b0-6f2cf2bd33a1: shutdown server with port 45176 now
2019-09-25 11:10:35,757 [ForkJoinPool.commonPool-worker-0] INFO  impl.StateMachineUpdater (StateMachineUpdater.java:stopAndJoin(125)) - 09fcc576-174a-4714-a677-8a28b3c19a40@group-EC3123F31812-StateMachineUpdater: set stopIndex = 0
2019-09-25 11:10:35,758 [ForkJoinPool.commonPool-worker-0] INFO  impl.RaftServerImpl (ServerState.java:close(385)) - 09fcc576-174a-4714-a677-8a28b3c19a40@group-EC3123F31812: closes. applyIndex: 0
2019-09-25 11:10:35,762 [main] INFO  server.GrpcService (GrpcService.java:closeImpl(172)) - 79e2f6f7-785e-4584-a2b0-6f2cf2bd33a1: shutdown server with port 45176 successfully
2019-09-25 11:10:35,762 [09fcc576-174a-4714-a677-8a28b3c19a40@group-EC3123F31812-SegmentedRaftLogWorker] INFO  segmented.SegmentedRaftLogWorker (SegmentedRaftLogWorker.java:run(313)) - 09fcc576-174a-4714-a677-8a28b3c19a40@group-EC3123F31812-SegmentedRaftLogWorker was interrupted, exiting. There are 0 tasks remaining in the queue.
2019-09-25 11:10:35,763 [ForkJoinPool.commonPool-worker-0] INFO  segmented.SegmentedRaftLogWorker (SegmentedRaftLogWorker.java:close(228)) - 09fcc576-174a-4714-a677-8a28b3c19a40@group-EC3123F31812-SegmentedRaftLogWorker close()
2019-09-25 11:10:35,763 [ForkJoinPool.commonPool-worker-0] INFO  server.GrpcService (GrpcService.java:closeImpl(164)) - 09fcc576-174a-4714-a677-8a28b3c19a40: shutdown server with port 45814 now
2019-09-25 11:10:35,767 [ForkJoinPool.commonPool-worker-0] INFO  server.GrpcService (GrpcService.java:closeImpl(172)) - 09fcc576-174a-4714-a677-8a28b3c19a40: shutdown server with port 45814 successfully
2019-09-25 11:10:35,767 [refreshUsed-/workdir/hadoop-ozone/integration-test/target/test-dir/MiniOzoneClusterImpl-36bd9e64-229c-43b0-8f36-7d73050474c0/datanode-3/data/containers] WARN  fs.CachingGetSpaceUsed (CachingGetSpaceUsed.java:run(183)) - Thread Interrupted waiting to refresh disk information: sleep interrupted
2019-09-25 11:10:35,768 [refreshUsed-/workdir/hadoop-ozone/integration-test/target/test-dir/MiniOzoneClusterImpl-36bd9e64-229c-43b0-8f36-7d73050474c0/datanode-2/data/containers] WARN  fs.CachingGetSpaceUsed (CachingGetSpaceUsed.java:run(183)) - Thread Interrupted waiting to refresh disk information: sleep interrupted
2019-09-25 11:10:35,782 [main] INFO  utils.BackgroundService (BackgroundService.java:shutdown(148)) - Shutting down service BlockDeletingService
2019-09-25 11:10:35,790 [main] INFO  statemachine.DatanodeStateMachine (DatanodeStateMachine.java:stopDaemon(395)) - Ozone container server stopped.
2019-09-25 11:10:35,791 [main] INFO  handler.ContextHandler (ContextHandler.java:doStop(910)) - Stopped o.e.j.w.WebAppContext@3ff8a3ad{/,null,UNAVAILABLE}{/hddsDatanode}
2019-09-25 11:10:35,792 [main] INFO  server.AbstractConnector (AbstractConnector.java:doStop(318)) - Stopped ServerConnector@550fa96f{HTTP/1.1,[http/1.1]}{0.0.0.0:0}
2019-09-25 11:10:35,792 [main] INFO  handler.ContextHandler (ContextHandler.java:doStop(910)) - Stopped o.e.j.s.ServletContextHandler@4a336377{/static,jar:file:/home/user/.m2/repository/org/apache/hadoop/hadoop-hdds-container-service/0.5.0-SNAPSHOT/hadoop-hdds-container-service-0.5.0-SNAPSHOT.jar!/webapps/static,UNAVAILABLE}
2019-09-25 11:10:35,792 [main] INFO  handler.ContextHandler (ContextHandler.java:doStop(910)) - Stopped o.e.j.s.ServletContextHandler@6c830ebd{/logs,file:///workdir/hadoop-ozone/integration-test/target/log,UNAVAILABLE}
2019-09-25 11:10:35,792 [ForkJoinPool.commonPool-worker-0] INFO  utils.BackgroundService (BackgroundService.java:shutdown(148)) - Shutting down service BlockDeletingService
2019-09-25 11:10:35,799 [ForkJoinPool.commonPool-worker-0] INFO  statemachine.DatanodeStateMachine (DatanodeStateMachine.java:stopDaemon(395)) - Ozone container server stopped.
2019-09-25 11:10:35,805 [ForkJoinPool.commonPool-worker-0] INFO  handler.ContextHandler (ContextHandler.java:doStop(910)) - Stopped o.e.j.w.WebAppContext@2c3f43d1{/,null,UNAVAILABLE}{/hddsDatanode}
2019-09-25 11:10:35,805 [ForkJoinPool.commonPool-worker-0] INFO  server.AbstractConnector (AbstractConnector.java:doStop(318)) - Stopped ServerConnector@632d4cf2{HTTP/1.1,[http/1.1]}{0.0.0.0:0}
2019-09-25 11:10:35,807 [ForkJoinPool.commonPool-worker-0] INFO  handler.ContextHandler (ContextHandler.java:doStop(910)) - Stopped o.e.j.s.ServletContextHandler@5a466dd{/static,jar:file:/home/user/.m2/repository/org/apache/hadoop/hadoop-hdds-container-service/0.5.0-SNAPSHOT/hadoop-hdds-container-service-0.5.0-SNAPSHOT.jar!/webapps/static,UNAVAILABLE}
2019-09-25 11:10:35,810 [ForkJoinPool.commonPool-worker-0] INFO  handler.ContextHandler (ContextHandler.java:doStop(910)) - Stopped o.e.j.s.ServletContextHandler@101c15ad{/logs,file:///workdir/hadoop-ozone/integration-test/target/log,UNAVAILABLE}
2019-09-25 11:10:36,299 [Datanode State Machine Thread - 0] INFO  statemachine.DatanodeStateMachine (DatanodeStateMachine.java:lambda$startDaemon$0(350)) - Ozone container server started.
2019-09-25 11:10:36,474 [Datanode State Machine Thread - 0] INFO  statemachine.DatanodeStateMachine (DatanodeStateMachine.java:lambda$startDaemon$0(350)) - Ozone container server started.
2019-09-25 11:10:40,362 [EventQueue-StaleNodeForStaleNodeHandler] INFO  node.StaleNodeHandler (StaleNodeHandler.java:onMessage(58)) - Datanode 0089544c-4670-45f6-b8b0-eabe3503e213{ip: 192.168.30.6, host: pr-hdds-1569-5gmkr-4255264070, networkLocation: /default-rack, certSerialId: null} moved to stale state. Finalizing its pipelines [PipelineID=a5f34923-7ec5-4bc2-b2e8-9f5e5bd348c0, PipelineID=7737f929-3e59-4f70-9e0c-64d662f0404f, PipelineID=c02dd41a-9b5f-4ae7-94ff-a866640ec86b, PipelineID=15684948-c7ee-4815-b93d-917fe2c95de9, PipelineID=57410c1b-f9d8-47cd-a6b3-86e2d68a9109, PipelineID=94f6df54-0524-464c-b606-8f1f80e7150a]
2019-09-25 11:10:40,362 [EventQueue-StaleNodeForStaleNodeHandler] INFO  pipeline.SCMPipelineManager (SCMPipelineManager.java:finalizeAndDestroyPipeline(316)) - destroying pipeline:Pipeline[ Id: a5f34923-7ec5-4bc2-b2e8-9f5e5bd348c0, Nodes: 0089544c-4670-45f6-b8b0-eabe3503e213{ip: 192.168.30.6, host: pr-hdds-1569-5gmkr-4255264070, networkLocation: /default-rack, certSerialId: null}, Type:RATIS, Factor:ONE, State:OPEN]
2019-09-25 11:10:40,362 [EventQueue-StaleNodeForStaleNodeHandler] INFO  pipeline.PipelineStateManager (PipelineStateManager.java:finalizePipeline(123)) - Pipeline Pipeline[ Id: a5f34923-7ec5-4bc2-b2e8-9f5e5bd348c0, Nodes: 0089544c-4670-45f6-b8b0-eabe3503e213{ip: 192.168.30.6, host: pr-hdds-1569-5gmkr-4255264070, networkLocation: /default-rack, certSerialId: null}, Type:RATIS, Factor:ONE, State:CLOSED] moved to CLOSED state
2019-09-25 11:10:40,363 [EventQueue-StaleNodeForStaleNodeHandler] INFO  pipeline.SCMPipelineManager (SCMPipelineManager.java:finalizeAndDestroyPipeline(316)) - destroying pipeline:Pipeline[ Id: 7737f929-3e59-4f70-9e0c-64d662f0404f, Nodes: 0089544c-4670-45f6-b8b0-eabe3503e213{ip: 192.168.30.6, host: pr-hdds-1569-5gmkr-4255264070, networkLocation: /default-rack, certSerialId: null}, Type:RATIS, Factor:ONE, State:OPEN]
2019-09-25 11:10:40,363 [EventQueue-StaleNodeForStaleNodeHandler] INFO  pipeline.PipelineStateManager (PipelineStateManager.java:finalizePipeline(123)) - Pipeline Pipeline[ Id: 7737f929-3e59-4f70-9e0c-64d662f0404f, Nodes: 0089544c-4670-45f6-b8b0-eabe3503e213{ip: 192.168.30.6, host: pr-hdds-1569-5gmkr-4255264070, networkLocation: /default-rack, certSerialId: null}, Type:RATIS, Factor:ONE, State:CLOSED] moved to CLOSED state
2019-09-25 11:10:40,363 [EventQueue-StaleNodeForStaleNodeHandler] INFO  pipeline.SCMPipelineManager (SCMPipelineManager.java:finalizeAndDestroyPipeline(316)) - destroying pipeline:Pipeline[ Id: c02dd41a-9b5f-4ae7-94ff-a866640ec86b, Nodes: 0089544c-4670-45f6-b8b0-eabe3503e213{ip: 192.168.30.6, host: pr-hdds-1569-5gmkr-4255264070, networkLocation: /default-rack, certSerialId: null}, Type:RATIS, Factor:ONE, State:OPEN]
2019-09-25 11:10:40,363 [EventQueue-StaleNodeForStaleNodeHandler] INFO  pipeline.PipelineStateManager (PipelineStateManager.java:finalizePipeline(123)) - Pipeline Pipeline[ Id: c02dd41a-9b5f-4ae7-94ff-a866640ec86b, Nodes: 0089544c-4670-45f6-b8b0-eabe3503e213{ip: 192.168.30.6, host: pr-hdds-1569-5gmkr-4255264070, networkLocation: /default-rack, certSerialId: null}, Type:RATIS, Factor:ONE, State:CLOSED] moved to CLOSED state
2019-09-25 11:10:40,363 [EventQueue-StaleNodeForStaleNodeHandler] INFO  pipeline.SCMPipelineManager (SCMPipelineManager.java:finalizeAndDestroyPipeline(316)) - destroying pipeline:Pipeline[ Id: 15684948-c7ee-4815-b93d-917fe2c95de9, Nodes: 0089544c-4670-45f6-b8b0-eabe3503e213{ip: 192.168.30.6, host: pr-hdds-1569-5gmkr-4255264070, networkLocation: /default-rack, certSerialId: null}, Type:RATIS, Factor:ONE, State:OPEN]
2019-09-25 11:10:40,363 [EventQueue-StaleNodeForStaleNodeHandler] INFO  pipeline.PipelineStateManager (PipelineStateManager.java:finalizePipeline(123)) - Pipeline Pipeline[ Id: 15684948-c7ee-4815-b93d-917fe2c95de9, Nodes: 0089544c-4670-45f6-b8b0-eabe3503e213{ip: 192.168.30.6, host: pr-hdds-1569-5gmkr-4255264070, networkLocation: /default-rack, certSerialId: null}, Type:RATIS, Factor:ONE, State:CLOSED] moved to CLOSED state
2019-09-25 11:10:40,363 [EventQueue-StaleNodeForStaleNodeHandler] INFO  pipeline.SCMPipelineManager (SCMPipelineManager.java:finalizeAndDestroyPipeline(316)) - destroying pipeline:Pipeline[ Id: 57410c1b-f9d8-47cd-a6b3-86e2d68a9109, Nodes: 0089544c-4670-45f6-b8b0-eabe3503e213{ip: 192.168.30.6, host: pr-hdds-1569-5gmkr-4255264070, networkLocation: /default-rack, certSerialId: null}, Type:RATIS, Factor:ONE, State:OPEN]
2019-09-25 11:10:40,364 [EventQueue-StaleNodeForStaleNodeHandler] INFO  pipeline.PipelineStateManager (PipelineStateManager.java:finalizePipeline(123)) - Pipeline Pipeline[ Id: 57410c1b-f9d8-47cd-a6b3-86e2d68a9109, Nodes: 0089544c-4670-45f6-b8b0-eabe3503e213{ip: 192.168.30.6, host: pr-hdds-1569-5gmkr-4255264070, networkLocation: /default-rack, certSerialId: null}, Type:RATIS, Factor:ONE, State:CLOSED] moved to CLOSED state
2019-09-25 11:10:40,364 [EventQueue-StaleNodeForStaleNodeHandler] INFO  pipeline.SCMPipelineManager (SCMPipelineManager.java:finalizeAndDestroyPipeline(316)) - destroying pipeline:Pipeline[ Id: 94f6df54-0524-464c-b606-8f1f80e7150a, Nodes: 0089544c-4670-45f6-b8b0-eabe3503e213{ip: 192.168.30.6, host: pr-hdds-1569-5gmkr-4255264070, networkLocation: /default-rack, certSerialId: null}, Type:RATIS, Factor:ONE, State:OPEN]
2019-09-25 11:10:40,364 [EventQueue-StaleNodeForStaleNodeHandler] INFO  pipeline.PipelineStateManager (PipelineStateManager.java:finalizePipeline(123)) - Pipeline Pipeline[ Id: 94f6df54-0524-464c-b606-8f1f80e7150a, Nodes: 0089544c-4670-45f6-b8b0-eabe3503e213{ip: 192.168.30.6, host: pr-hdds-1569-5gmkr-4255264070, networkLocation: /default-rack, certSerialId: null}, Type:RATIS, Factor:ONE, State:CLOSED] moved to CLOSED state
2019-09-25 11:10:40,562 [EventQueue-StaleNodeForStaleNodeHandler] INFO  node.StaleNodeHandler (StaleNodeHandler.java:onMessage(58)) - Datanode a17b444c-dc8d-41d3-94fa-b87b918595f3{ip: 192.168.30.6, host: pr-hdds-1569-5gmkr-4255264070, networkLocation: /default-rack, certSerialId: null} moved to stale state. Finalizing its pipelines [PipelineID=b96a2e07-ce99-4887-919e-a02010238c3f, PipelineID=33f7d4c6-ff7c-4cc5-9e14-91520087f94f, PipelineID=fee7a3a6-d58d-4c3f-aa74-9b01c541d2d1, PipelineID=2fa3250f-e9b2-4b51-95e4-2c8c28131a83, PipelineID=8dd80da4-cd02-4d81-9146-75515b0290a3, PipelineID=c40d6fbc-3793-42d3-b2cd-460c2adc2676]
2019-09-25 11:10:40,562 [EventQueue-StaleNodeForStaleNodeHandler] INFO  pipeline.SCMPipelineManager (SCMPipelineManager.java:finalizeAndDestroyPipeline(316)) - destroying pipeline:Pipeline[ Id: b96a2e07-ce99-4887-919e-a02010238c3f, Nodes: a17b444c-dc8d-41d3-94fa-b87b918595f3{ip: 192.168.30.6, host: pr-hdds-1569-5gmkr-4255264070, networkLocation: /default-rack, certSerialId: null}, Type:RATIS, Factor:ONE, State:OPEN]
2019-09-25 11:10:40,563 [EventQueue-StaleNodeForStaleNodeHandler] INFO  pipeline.PipelineStateManager (PipelineStateManager.java:finalizePipeline(123)) - Pipeline Pipeline[ Id: b96a2e07-ce99-4887-919e-a02010238c3f, Nodes: a17b444c-dc8d-41d3-94fa-b87b918595f3{ip: 192.168.30.6, host: pr-hdds-1569-5gmkr-4255264070, networkLocation: /default-rack, certSerialId: null}, Type:RATIS, Factor:ONE, State:CLOSED] moved to CLOSED state
2019-09-25 11:10:40,563 [EventQueue-StaleNodeForStaleNodeHandler] INFO  pipeline.SCMPipelineManager (SCMPipelineManager.java:finalizeAndDestroyPipeline(316)) - destroying pipeline:Pipeline[ Id: 33f7d4c6-ff7c-4cc5-9e14-91520087f94f, Nodes: a17b444c-dc8d-41d3-94fa-b87b918595f3{ip: 192.168.30.6, host: pr-hdds-1569-5gmkr-4255264070, networkLocation: /default-rack, certSerialId: null}, Type:RATIS, Factor:ONE, State:OPEN]
2019-09-25 11:10:40,563 [EventQueue-StaleNodeForStaleNodeHandler] INFO  pipeline.PipelineStateManager (PipelineStateManager.java:finalizePipeline(123)) - Pipeline Pipeline[ Id: 33f7d4c6-ff7c-4cc5-9e14-91520087f94f, Nodes: a17b444c-dc8d-41d3-94fa-b87b918595f3{ip: 192.168.30.6, host: pr-hdds-1569-5gmkr-4255264070, networkLocation: /default-rack, certSerialId: null}, Type:RATIS, Factor:ONE, State:CLOSED] moved to CLOSED state
2019-09-25 11:10:40,563 [EventQueue-StaleNodeForStaleNodeHandler] INFO  pipeline.SCMPipelineManager (SCMPipelineManager.java:finalizeAndDestroyPipeline(316)) - destroying pipeline:Pipeline[ Id: fee7a3a6-d58d-4c3f-aa74-9b01c541d2d1, Nodes: a17b444c-dc8d-41d3-94fa-b87b918595f3{ip: 192.168.30.6, host: pr-hdds-1569-5gmkr-4255264070, networkLocation: /default-rack, certSerialId: null}, Type:RATIS, Factor:ONE, State:OPEN]
2019-09-25 11:10:40,563 [EventQueue-StaleNodeForStaleNodeHandler] INFO  pipeline.PipelineStateManager (PipelineStateManager.java:finalizePipeline(123)) - Pipeline Pipeline[ Id: fee7a3a6-d58d-4c3f-aa74-9b01c541d2d1, Nodes: a17b444c-dc8d-41d3-94fa-b87b918595f3{ip: 192.168.30.6, host: pr-hdds-1569-5gmkr-4255264070, networkLocation: /default-rack, certSerialId: null}, Type:RATIS, Factor:ONE, State:CLOSED] moved to CLOSED state
2019-09-25 11:10:40,563 [EventQueue-StaleNodeForStaleNodeHandler] INFO  pipeline.SCMPipelineManager (SCMPipelineManager.java:finalizeAndDestroyPipeline(316)) - destroying pipeline:Pipeline[ Id: 2fa3250f-e9b2-4b51-95e4-2c8c28131a83, Nodes: a17b444c-dc8d-41d3-94fa-b87b918595f3{ip: 192.168.30.6, host: pr-hdds-1569-5gmkr-4255264070, networkLocation: /default-rack, certSerialId: null}, Type:RATIS, Factor:ONE, State:OPEN]
2019-09-25 11:10:40,564 [EventQueue-StaleNodeForStaleNodeHandler] INFO  pipeline.PipelineStateManager (PipelineStateManager.java:finalizePipeline(123)) - Pipeline Pipeline[ Id: 2fa3250f-e9b2-4b51-95e4-2c8c28131a83, Nodes: a17b444c-dc8d-41d3-94fa-b87b918595f3{ip: 192.168.30.6, host: pr-hdds-1569-5gmkr-4255264070, networkLocation: /default-rack, certSerialId: null}, Type:RATIS, Factor:ONE, State:CLOSED] moved to CLOSED state
2019-09-25 11:10:40,564 [EventQueue-StaleNodeForStaleNodeHandler] INFO  pipeline.SCMPipelineManager (SCMPipelineManager.java:finalizeAndDestroyPipeline(316)) - destroying pipeline:Pipeline[ Id: 8dd80da4-cd02-4d81-9146-75515b0290a3, Nodes: a17b444c-dc8d-41d3-94fa-b87b918595f3{ip: 192.168.30.6, host: pr-hdds-1569-5gmkr-4255264070, networkLocation: /default-rack, certSerialId: null}, Type:RATIS, Factor:ONE, State:OPEN]
2019-09-25 11:10:40,564 [EventQueue-StaleNodeForStaleNodeHandler] INFO  pipeline.PipelineStateManager (PipelineStateManager.java:finalizePipeline(123)) - Pipeline Pipeline[ Id: 8dd80da4-cd02-4d81-9146-75515b0290a3, Nodes: a17b444c-dc8d-41d3-94fa-b87b918595f3{ip: 192.168.30.6, host: pr-hdds-1569-5gmkr-4255264070, networkLocation: /default-rack, certSerialId: null}, Type:RATIS, Factor:ONE, State:CLOSED] moved to CLOSED state
2019-09-25 11:10:40,564 [EventQueue-StaleNodeForStaleNodeHandler] INFO  pipeline.SCMPipelineManager (SCMPipelineManager.java:finalizeAndDestroyPipeline(316)) - destroying pipeline:Pipeline[ Id: c40d6fbc-3793-42d3-b2cd-460c2adc2676, Nodes: a17b444c-dc8d-41d3-94fa-b87b918595f3{ip: 192.168.30.6, host: pr-hdds-1569-5gmkr-4255264070, networkLocation: /default-rack, certSerialId: null}, Type:RATIS, Factor:ONE, State:OPEN]
2019-09-25 11:10:40,564 [EventQueue-StaleNodeForStaleNodeHandler] INFO  pipeline.PipelineStateManager (PipelineStateManager.java:finalizePipeline(123)) - Pipeline Pipeline[ Id: c40d6fbc-3793-42d3-b2cd-460c2adc2676, Nodes: a17b444c-dc8d-41d3-94fa-b87b918595f3{ip: 192.168.30.6, host: pr-hdds-1569-5gmkr-4255264070, networkLocation: /default-rack, certSerialId: null}, Type:RATIS, Factor:ONE, State:CLOSED] moved to CLOSED state
2019-09-25 11:10:40,793 [main] INFO  ozoneimpl.OzoneContainer (OzoneContainer.java:stop(231)) - Attempting to stop container services.
2019-09-25 11:10:40,798 [main] INFO  impl.RaftServerProxy (RaftServerProxy.java:lambda$close$4(314)) - 0089544c-4670-45f6-b8b0-eabe3503e213: close
2019-09-25 11:10:40,798 [main] INFO  impl.RaftServerImpl (RaftServerImpl.java:lambda$shutdown$3(251)) - 0089544c-4670-45f6-b8b0-eabe3503e213@group-9F5E5BD348C0: shutdown
2019-09-25 11:10:40,799 [main] INFO  util.JmxRegister (JmxRegister.java:unregister(73)) - Successfully un-registered JMX Bean with object name Ratis:service=RaftServer,group=group-9F5E5BD348C0,id=0089544c-4670-45f6-b8b0-eabe3503e213
2019-09-25 11:10:40,799 [main] INFO  impl.RoleInfo (RoleInfo.java:shutdownLeaderState(104)) - 0089544c-4670-45f6-b8b0-eabe3503e213: shutdown LeaderState
2019-09-25 11:10:40,800 [main] INFO  impl.PendingRequests (PendingRequests.java:sendNotLeaderResponses(202)) - 0089544c-4670-45f6-b8b0-eabe3503e213-PendingRequests: sendNotLeaderResponses
2019-09-25 11:10:40,800 [main] INFO  impl.StateMachineUpdater (StateMachineUpdater.java:stopAndJoin(125)) - 0089544c-4670-45f6-b8b0-eabe3503e213@group-9F5E5BD348C0-StateMachineUpdater: set stopIndex = 0
2019-09-25 11:10:40,801 [main] INFO  impl.RaftServerImpl (ServerState.java:close(385)) - 0089544c-4670-45f6-b8b0-eabe3503e213@group-9F5E5BD348C0: closes. applyIndex: 0
2019-09-25 11:10:40,801 [0089544c-4670-45f6-b8b0-eabe3503e213@group-9F5E5BD348C0-SegmentedRaftLogWorker] INFO  segmented.SegmentedRaftLogWorker (SegmentedRaftLogWorker.java:run(313)) - 0089544c-4670-45f6-b8b0-eabe3503e213@group-9F5E5BD348C0-SegmentedRaftLogWorker was interrupted, exiting. There are 0 tasks remaining in the queue.
2019-09-25 11:10:40,802 [main] INFO  segmented.SegmentedRaftLogWorker (SegmentedRaftLogWorker.java:close(228)) - 0089544c-4670-45f6-b8b0-eabe3503e213@group-9F5E5BD348C0-SegmentedRaftLogWorker close()
2019-09-25 11:10:40,802 [main] INFO  impl.RaftServerImpl (RaftServerImpl.java:lambda$shutdown$3(251)) - 0089544c-4670-45f6-b8b0-eabe3503e213@group-64D662F0404F: shutdown
2019-09-25 11:10:40,802 [main] INFO  util.JmxRegister (JmxRegister.java:unregister(73)) - Successfully un-registered JMX Bean with object name Ratis:service=RaftServer,group=group-64D662F0404F,id=0089544c-4670-45f6-b8b0-eabe3503e213
2019-09-25 11:10:40,803 [main] INFO  impl.RoleInfo (RoleInfo.java:shutdownLeaderState(104)) - 0089544c-4670-45f6-b8b0-eabe3503e213: shutdown LeaderState
2019-09-25 11:10:40,803 [main] INFO  impl.PendingRequests (PendingRequests.java:sendNotLeaderResponses(202)) - 0089544c-4670-45f6-b8b0-eabe3503e213-PendingRequests: sendNotLeaderResponses
2019-09-25 11:10:40,804 [main] INFO  impl.StateMachineUpdater (StateMachineUpdater.java:stopAndJoin(125)) - 0089544c-4670-45f6-b8b0-eabe3503e213@group-64D662F0404F-StateMachineUpdater: set stopIndex = 0
2019-09-25 11:10:40,804 [main] INFO  impl.RaftServerImpl (ServerState.java:close(385)) - 0089544c-4670-45f6-b8b0-eabe3503e213@group-64D662F0404F: closes. applyIndex: 0
2019-09-25 11:10:40,804 [0089544c-4670-45f6-b8b0-eabe3503e213@group-64D662F0404F-SegmentedRaftLogWorker] INFO  segmented.SegmentedRaftLogWorker (SegmentedRaftLogWorker.java:run(313)) - 0089544c-4670-45f6-b8b0-eabe3503e213@group-64D662F0404F-SegmentedRaftLogWorker was interrupted, exiting. There are 0 tasks remaining in the queue.
2019-09-25 11:10:40,811 [ForkJoinPool.commonPool-worker-0] INFO  ozoneimpl.OzoneContainer (OzoneContainer.java:stop(231)) - Attempting to stop container services.
2019-09-25 11:10:40,811 [ForkJoinPool.commonPool-worker-0] INFO  impl.RaftServerProxy (RaftServerProxy.java:lambda$close$4(314)) - a17b444c-dc8d-41d3-94fa-b87b918595f3: close
2019-09-25 11:10:40,811 [ForkJoinPool.commonPool-worker-0] INFO  impl.RaftServerImpl (RaftServerImpl.java:lambda$shutdown$3(251)) - a17b444c-dc8d-41d3-94fa-b87b918595f3@group-91520087F94F: shutdown
2019-09-25 11:10:40,811 [ForkJoinPool.commonPool-worker-0] INFO  util.JmxRegister (JmxRegister.java:unregister(73)) - Successfully un-registered JMX Bean with object name Ratis:service=RaftServer,group=group-91520087F94F,id=a17b444c-dc8d-41d3-94fa-b87b918595f3
2019-09-25 11:10:40,811 [ForkJoinPool.commonPool-worker-0] INFO  impl.RoleInfo (RoleInfo.java:shutdownLeaderState(104)) - a17b444c-dc8d-41d3-94fa-b87b918595f3: shutdown LeaderState
2019-09-25 11:10:40,812 [ForkJoinPool.commonPool-worker-0] INFO  impl.PendingRequests (PendingRequests.java:sendNotLeaderResponses(202)) - a17b444c-dc8d-41d3-94fa-b87b918595f3-PendingRequests: sendNotLeaderResponses
2019-09-25 11:10:40,812 [ForkJoinPool.commonPool-worker-0] INFO  impl.StateMachineUpdater (StateMachineUpdater.java:stopAndJoin(125)) - a17b444c-dc8d-41d3-94fa-b87b918595f3@group-91520087F94F-StateMachineUpdater: set stopIndex = 0
2019-09-25 11:10:40,812 [ForkJoinPool.commonPool-worker-0] INFO  impl.RaftServerImpl (ServerState.java:close(385)) - a17b444c-dc8d-41d3-94fa-b87b918595f3@group-91520087F94F: closes. applyIndex: 0
2019-09-25 11:10:40,812 [a17b444c-dc8d-41d3-94fa-b87b918595f3@group-91520087F94F-SegmentedRaftLogWorker] INFO  segmented.SegmentedRaftLogWorker (SegmentedRaftLogWorker.java:run(313)) - a17b444c-dc8d-41d3-94fa-b87b918595f3@group-91520087F94F-SegmentedRaftLogWorker was interrupted, exiting. There are 0 tasks remaining in the queue.
2019-09-25 11:10:40,813 [ForkJoinPool.commonPool-worker-0] INFO  segmented.SegmentedRaftLogWorker (SegmentedRaftLogWorker.java:close(228)) - a17b444c-dc8d-41d3-94fa-b87b918595f3@group-91520087F94F-SegmentedRaftLogWorker close()
2019-09-25 11:10:40,813 [ForkJoinPool.commonPool-worker-0] INFO  impl.RaftServerImpl (RaftServerImpl.java:lambda$shutdown$3(251)) - a17b444c-dc8d-41d3-94fa-b87b918595f3@group-9B01C541D2D1: shutdown
2019-09-25 11:10:40,813 [ForkJoinPool.commonPool-worker-0] INFO  util.JmxRegister (JmxRegister.java:unregister(73)) - Successfully un-registered JMX Bean with object name Ratis:service=RaftServer,group=group-9B01C541D2D1,id=a17b444c-dc8d-41d3-94fa-b87b918595f3
2019-09-25 11:10:40,813 [ForkJoinPool.commonPool-worker-0] INFO  impl.RoleInfo (RoleInfo.java:shutdownLeaderState(104)) - a17b444c-dc8d-41d3-94fa-b87b918595f3: shutdown LeaderState
2019-09-25 11:10:40,813 [ForkJoinPool.commonPool-worker-0] INFO  impl.PendingRequests (PendingRequests.java:sendNotLeaderResponses(202)) - a17b444c-dc8d-41d3-94fa-b87b918595f3-PendingRequests: sendNotLeaderResponses
2019-09-25 11:10:40,814 [ForkJoinPool.commonPool-worker-0] INFO  impl.StateMachineUpdater (StateMachineUpdater.java:stopAndJoin(125)) - a17b444c-dc8d-41d3-94fa-b87b918595f3@group-9B01C541D2D1-StateMachineUpdater: set stopIndex = 0
2019-09-25 11:10:40,814 [ForkJoinPool.commonPool-worker-0] INFO  impl.RaftServerImpl (ServerState.java:close(385)) - a17b444c-dc8d-41d3-94fa-b87b918595f3@group-9B01C541D2D1: closes. applyIndex: 0
2019-09-25 11:10:40,814 [a17b444c-dc8d-41d3-94fa-b87b918595f3@group-9B01C541D2D1-SegmentedRaftLogWorker] INFO  segmented.SegmentedRaftLogWorker (SegmentedRaftLogWorker.java:run(313)) - a17b444c-dc8d-41d3-94fa-b87b918595f3@group-9B01C541D2D1-SegmentedRaftLogWorker was interrupted, exiting. There are 0 tasks remaining in the queue.
2019-09-25 11:10:40,822 [ForkJoinPool.commonPool-worker-0] INFO  segmented.SegmentedRaftLogWorker (SegmentedRaftLogWorker.java:close(228)) - a17b444c-dc8d-41d3-94fa-b87b918595f3@group-9B01C541D2D1-SegmentedRaftLogWorker close()
2019-09-25 11:10:40,822 [main] INFO  segmented.SegmentedRaftLogWorker (SegmentedRaftLogWorker.java:close(228)) - 0089544c-4670-45f6-b8b0-eabe3503e213@group-64D662F0404F-SegmentedRaftLogWorker close()
2019-09-25 11:10:40,822 [ForkJoinPool.commonPool-worker-0] INFO  impl.RaftServerImpl (RaftServerImpl.java:lambda$shutdown$3(251)) - a17b444c-dc8d-41d3-94fa-b87b918595f3@group-2C8C28131A83: shutdown
2019-09-25 11:10:40,823 [main] INFO  impl.RaftServerImpl (RaftServerImpl.java:lambda$shutdown$3(251)) - 0089544c-4670-45f6-b8b0-eabe3503e213@group-A866640EC86B: shutdown
2019-09-25 11:10:40,823 [main] INFO  util.JmxRegister (JmxRegister.java:unregister(73)) - Successfully un-registered JMX Bean with object name Ratis:service=RaftServer,group=group-A866640EC86B,id=0089544c-4670-45f6-b8b0-eabe3503e213
2019-09-25 11:10:40,823 [ForkJoinPool.commonPool-worker-0] INFO  util.JmxRegister (JmxRegister.java:unregister(73)) - Successfully un-registered JMX Bean with object name Ratis:service=RaftServer,group=group-2C8C28131A83,id=a17b444c-dc8d-41d3-94fa-b87b918595f3
2019-09-25 11:10:40,824 [main] INFO  impl.RoleInfo (RoleInfo.java:shutdownLeaderState(104)) - 0089544c-4670-45f6-b8b0-eabe3503e213: shutdown LeaderState
2019-09-25 11:10:40,824 [ForkJoinPool.commonPool-worker-0] INFO  impl.RoleInfo (RoleInfo.java:shutdownLeaderState(104)) - a17b444c-dc8d-41d3-94fa-b87b918595f3: shutdown LeaderState
2019-09-25 11:10:40,824 [main] INFO  impl.PendingRequests (PendingRequests.java:sendNotLeaderResponses(202)) - 0089544c-4670-45f6-b8b0-eabe3503e213-PendingRequests: sendNotLeaderResponses
2019-09-25 11:10:40,824 [ForkJoinPool.commonPool-worker-0] INFO  impl.PendingRequests (PendingRequests.java:sendNotLeaderResponses(202)) - a17b444c-dc8d-41d3-94fa-b87b918595f3-PendingRequests: sendNotLeaderResponses
2019-09-25 11:10:40,825 [main] INFO  impl.StateMachineUpdater (StateMachineUpdater.java:stopAndJoin(125)) - 0089544c-4670-45f6-b8b0-eabe3503e213@group-A866640EC86B-StateMachineUpdater: set stopIndex = 0
2019-09-25 11:10:40,825 [main] INFO  impl.RaftServerImpl (ServerState.java:close(385)) - 0089544c-4670-45f6-b8b0-eabe3503e213@group-A866640EC86B: closes. applyIndex: 0
2019-09-25 11:10:40,825 [ForkJoinPool.commonPool-worker-0] INFO  impl.StateMachineUpdater (StateMachineUpdater.java:stopAndJoin(125)) - a17b444c-dc8d-41d3-94fa-b87b918595f3@group-2C8C28131A83-StateMachineUpdater: set stopIndex = 0
2019-09-25 11:10:40,826 [0089544c-4670-45f6-b8b0-eabe3503e213@group-A866640EC86B-SegmentedRaftLogWorker] INFO  segmented.SegmentedRaftLogWorker (SegmentedRaftLogWorker.java:run(313)) - 0089544c-4670-45f6-b8b0-eabe3503e213@group-A866640EC86B-SegmentedRaftLogWorker was interrupted, exiting. There are 0 tasks remaining in the queue.
2019-09-25 11:10:40,826 [ForkJoinPool.commonPool-worker-0] INFO  impl.RaftServerImpl (ServerState.java:close(385)) - a17b444c-dc8d-41d3-94fa-b87b918595f3@group-2C8C28131A83: closes. applyIndex: 0
2019-09-25 11:10:40,826 [main] INFO  segmented.SegmentedRaftLogWorker (SegmentedRaftLogWorker.java:close(228)) - 0089544c-4670-45f6-b8b0-eabe3503e213@group-A866640EC86B-SegmentedRaftLogWorker close()
2019-09-25 11:10:40,826 [a17b444c-dc8d-41d3-94fa-b87b918595f3@group-2C8C28131A83-SegmentedRaftLogWorker] INFO  segmented.SegmentedRaftLogWorker (SegmentedRaftLogWorker.java:run(313)) - a17b444c-dc8d-41d3-94fa-b87b918595f3@group-2C8C28131A83-SegmentedRaftLogWorker was interrupted, exiting. There are 0 tasks remaining in the queue.
2019-09-25 11:10:40,827 [main] INFO  impl.RaftServerImpl (RaftServerImpl.java:lambda$shutdown$3(251)) - 0089544c-4670-45f6-b8b0-eabe3503e213@group-917FE2C95DE9: shutdown
2019-09-25 11:10:40,827 [ForkJoinPool.commonPool-worker-0] INFO  segmented.SegmentedRaftLogWorker (SegmentedRaftLogWorker.java:close(228)) - a17b444c-dc8d-41d3-94fa-b87b918595f3@group-2C8C28131A83-SegmentedRaftLogWorker close()
2019-09-25 11:10:40,827 [main] INFO  util.JmxRegister (JmxRegister.java:unregister(73)) - Successfully un-registered JMX Bean with object name Ratis:service=RaftServer,group=group-917FE2C95DE9,id=0089544c-4670-45f6-b8b0-eabe3503e213
2019-09-25 11:10:40,828 [main] INFO  impl.RoleInfo (RoleInfo.java:shutdownLeaderState(104)) - 0089544c-4670-45f6-b8b0-eabe3503e213: shutdown LeaderState
2019-09-25 11:10:40,827 [ForkJoinPool.commonPool-worker-0] INFO  impl.RaftServerImpl (RaftServerImpl.java:lambda$shutdown$3(251)) - a17b444c-dc8d-41d3-94fa-b87b918595f3@group-A02010238C3F: shutdown
2019-09-25 11:10:40,828 [main] INFO  impl.PendingRequests (PendingRequests.java:sendNotLeaderResponses(202)) - 0089544c-4670-45f6-b8b0-eabe3503e213-PendingRequests: sendNotLeaderResponses
2019-09-25 11:10:40,828 [ForkJoinPool.commonPool-worker-0] INFO  util.JmxRegister (JmxRegister.java:unregister(73)) - Successfully un-registered JMX Bean with object name Ratis:service=RaftServer,group=group-A02010238C3F,id=a17b444c-dc8d-41d3-94fa-b87b918595f3
2019-09-25 11:10:40,829 [main] INFO  impl.StateMachineUpdater (StateMachineUpdater.java:stopAndJoin(125)) - 0089544c-4670-45f6-b8b0-eabe3503e213@group-917FE2C95DE9-StateMachineUpdater: set stopIndex = 0
2019-09-25 11:10:40,829 [main] INFO  impl.RaftServerImpl (ServerState.java:close(385)) - 0089544c-4670-45f6-b8b0-eabe3503e213@group-917FE2C95DE9: closes. applyIndex: 0
2019-09-25 11:10:40,829 [ForkJoinPool.commonPool-worker-0] INFO  impl.RoleInfo (RoleInfo.java:shutdownLeaderState(104)) - a17b444c-dc8d-41d3-94fa-b87b918595f3: shutdown LeaderState
2019-09-25 11:10:40,830 [0089544c-4670-45f6-b8b0-eabe3503e213@group-917FE2C95DE9-SegmentedRaftLogWorker] INFO  segmented.SegmentedRaftLogWorker (SegmentedRaftLogWorker.java:run(313)) - 0089544c-4670-45f6-b8b0-eabe3503e213@group-917FE2C95DE9-SegmentedRaftLogWorker was interrupted, exiting. There are 0 tasks remaining in the queue.
2019-09-25 11:10:40,830 [ForkJoinPool.commonPool-worker-0] INFO  impl.PendingRequests (PendingRequests.java:sendNotLeaderResponses(202)) - a17b444c-dc8d-41d3-94fa-b87b918595f3-PendingRequests: sendNotLeaderResponses
2019-09-25 11:10:40,830 [main] INFO  segmented.SegmentedRaftLogWorker (SegmentedRaftLogWorker.java:close(228)) - 0089544c-4670-45f6-b8b0-eabe3503e213@group-917FE2C95DE9-SegmentedRaftLogWorker close()
2019-09-25 11:10:40,830 [ForkJoinPool.commonPool-worker-0] INFO  impl.StateMachineUpdater (StateMachineUpdater.java:stopAndJoin(125)) - a17b444c-dc8d-41d3-94fa-b87b918595f3@group-A02010238C3F-StateMachineUpdater: set stopIndex = 0
2019-09-25 11:10:40,831 [main] INFO  impl.RaftServerImpl (RaftServerImpl.java:lambda$shutdown$3(251)) - 0089544c-4670-45f6-b8b0-eabe3503e213@group-86E2D68A9109: shutdown
2019-09-25 11:10:40,831 [main] INFO  util.JmxRegister (JmxRegister.java:unregister(73)) - Successfully un-registered JMX Bean with object name Ratis:service=RaftServer,group=group-86E2D68A9109,id=0089544c-4670-45f6-b8b0-eabe3503e213
2019-09-25 11:10:40,831 [ForkJoinPool.commonPool-worker-0] INFO  impl.RaftServerImpl (ServerState.java:close(385)) - a17b444c-dc8d-41d3-94fa-b87b918595f3@group-A02010238C3F: closes. applyIndex: 0
2019-09-25 11:10:40,832 [main] INFO  impl.RoleInfo (RoleInfo.java:shutdownLeaderState(104)) - 0089544c-4670-45f6-b8b0-eabe3503e213: shutdown LeaderState
2019-09-25 11:10:40,832 [a17b444c-dc8d-41d3-94fa-b87b918595f3@group-A02010238C3F-SegmentedRaftLogWorker] INFO  segmented.SegmentedRaftLogWorker (SegmentedRaftLogWorker.java:run(313)) - a17b444c-dc8d-41d3-94fa-b87b918595f3@group-A02010238C3F-SegmentedRaftLogWorker was interrupted, exiting. There are 0 tasks remaining in the queue.
2019-09-25 11:10:40,832 [main] INFO  impl.PendingRequests (PendingRequests.java:sendNotLeaderResponses(202)) - 0089544c-4670-45f6-b8b0-eabe3503e213-PendingRequests: sendNotLeaderResponses
2019-09-25 11:10:40,832 [ForkJoinPool.commonPool-worker-0] INFO  segmented.SegmentedRaftLogWorker (SegmentedRaftLogWorker.java:close(228)) - a17b444c-dc8d-41d3-94fa-b87b918595f3@group-A02010238C3F-SegmentedRaftLogWorker close()
2019-09-25 11:10:40,833 [main] INFO  impl.StateMachineUpdater (StateMachineUpdater.java:stopAndJoin(125)) - 0089544c-4670-45f6-b8b0-eabe3503e213@group-86E2D68A9109-StateMachineUpdater: set stopIndex = 0
2019-09-25 11:10:40,833 [ForkJoinPool.commonPool-worker-0] INFO  impl.RaftServerImpl (RaftServerImpl.java:lambda$shutdown$3(251)) - a17b444c-dc8d-41d3-94fa-b87b918595f3@group-75515B0290A3: shutdown
2019-09-25 11:10:40,833 [main] INFO  impl.RaftServerImpl (ServerState.java:close(385)) - 0089544c-4670-45f6-b8b0-eabe3503e213@group-86E2D68A9109: closes. applyIndex: 0
2019-09-25 11:10:40,834 [ForkJoinPool.commonPool-worker-0] INFO  util.JmxRegister (JmxRegister.java:unregister(73)) - Successfully un-registered JMX Bean with object name Ratis:service=RaftServer,group=group-75515B0290A3,id=a17b444c-dc8d-41d3-94fa-b87b918595f3
2019-09-25 11:10:40,834 [0089544c-4670-45f6-b8b0-eabe3503e213@group-86E2D68A9109-SegmentedRaftLogWorker] INFO  segmented.SegmentedRaftLogWorker (SegmentedRaftLogWorker.java:run(313)) - 0089544c-4670-45f6-b8b0-eabe3503e213@group-86E2D68A9109-SegmentedRaftLogWorker was interrupted, exiting. There are 0 tasks remaining in the queue.
2019-09-25 11:10:40,834 [ForkJoinPool.commonPool-worker-0] INFO  impl.RoleInfo (RoleInfo.java:shutdownLeaderState(104)) - a17b444c-dc8d-41d3-94fa-b87b918595f3: shutdown LeaderState
2019-09-25 11:10:40,834 [main] INFO  segmented.SegmentedRaftLogWorker (SegmentedRaftLogWorker.java:close(228)) - 0089544c-4670-45f6-b8b0-eabe3503e213@group-86E2D68A9109-SegmentedRaftLogWorker close()
2019-09-25 11:10:40,834 [ForkJoinPool.commonPool-worker-0] INFO  impl.PendingRequests (PendingRequests.java:sendNotLeaderResponses(202)) - a17b444c-dc8d-41d3-94fa-b87b918595f3-PendingRequests: sendNotLeaderResponses
2019-09-25 11:10:40,835 [main] INFO  impl.RaftServerImpl (RaftServerImpl.java:lambda$shutdown$3(251)) - 0089544c-4670-45f6-b8b0-eabe3503e213@group-8F1F80E7150A: shutdown
2019-09-25 11:10:40,835 [ForkJoinPool.commonPool-worker-0] INFO  impl.StateMachineUpdater (StateMachineUpdater.java:stopAndJoin(125)) - a17b444c-dc8d-41d3-94fa-b87b918595f3@group-75515B0290A3-StateMachineUpdater: set stopIndex = 0
2019-09-25 11:10:40,835 [main] INFO  util.JmxRegister (JmxRegister.java:unregister(73)) - Successfully un-registered JMX Bean with object name Ratis:service=RaftServer,group=group-8F1F80E7150A,id=0089544c-4670-45f6-b8b0-eabe3503e213
2019-09-25 11:10:40,836 [ForkJoinPool.commonPool-worker-0] INFO  impl.RaftServerImpl (ServerState.java:close(385)) - a17b444c-dc8d-41d3-94fa-b87b918595f3@group-75515B0290A3: closes. applyIndex: 0
2019-09-25 11:10:40,836 [main] INFO  impl.RoleInfo (RoleInfo.java:shutdownLeaderState(104)) - 0089544c-4670-45f6-b8b0-eabe3503e213: shutdown LeaderState
2019-09-25 11:10:40,836 [a17b444c-dc8d-41d3-94fa-b87b918595f3@group-75515B0290A3-SegmentedRaftLogWorker] INFO  segmented.SegmentedRaftLogWorker (SegmentedRaftLogWorker.java:run(313)) - a17b444c-dc8d-41d3-94fa-b87b918595f3@group-75515B0290A3-SegmentedRaftLogWorker was interrupted, exiting. There are 0 tasks remaining in the queue.
2019-09-25 11:10:40,836 [main] INFO  impl.PendingRequests (PendingRequests.java:sendNotLeaderResponses(202)) - 0089544c-4670-45f6-b8b0-eabe3503e213-PendingRequests: sendNotLeaderResponses
2019-09-25 11:10:40,837 [ForkJoinPool.commonPool-worker-0] INFO  segmented.SegmentedRaftLogWorker (SegmentedRaftLogWorker.java:close(228)) - a17b444c-dc8d-41d3-94fa-b87b918595f3@group-75515B0290A3-SegmentedRaftLogWorker close()
2019-09-25 11:10:40,837 [main] INFO  impl.StateMachineUpdater (StateMachineUpdater.java:stopAndJoin(125)) - 0089544c-4670-45f6-b8b0-eabe3503e213@group-8F1F80E7150A-StateMachineUpdater: set stopIndex = 0
2019-09-25 11:10:40,837 [ForkJoinPool.commonPool-worker-0] INFO  impl.RaftServerImpl (RaftServerImpl.java:lambda$shutdown$3(251)) - a17b444c-dc8d-41d3-94fa-b87b918595f3@group-460C2ADC2676: shutdown
2019-09-25 11:10:40,838 [main] INFO  impl.RaftServerImpl (ServerState.java:close(385)) - 0089544c-4670-45f6-b8b0-eabe3503e213@group-8F1F80E7150A: closes. applyIndex: 0
2019-09-25 11:10:40,838 [ForkJoinPool.commonPool-worker-0] INFO  util.JmxRegister (JmxRegister.java:unregister(73)) - Successfully un-registered JMX Bean with object name Ratis:service=RaftServer,group=group-460C2ADC2676,id=a17b444c-dc8d-41d3-94fa-b87b918595f3
2019-09-25 11:10:40,838 [ForkJoinPool.commonPool-worker-0] INFO  impl.RoleInfo (RoleInfo.java:shutdownLeaderState(104)) - a17b444c-dc8d-41d3-94fa-b87b918595f3: shutdown LeaderState
2019-09-25 11:10:40,838 [0089544c-4670-45f6-b8b0-eabe3503e213@group-8F1F80E7150A-SegmentedRaftLogWorker] INFO  segmented.SegmentedRaftLogWorker (SegmentedRaftLogWorker.java:run(313)) - 0089544c-4670-45f6-b8b0-eabe3503e213@group-8F1F80E7150A-SegmentedRaftLogWorker was interrupted, exiting. There are 0 tasks remaining in the queue.
2019-09-25 11:10:40,839 [ForkJoinPool.commonPool-worker-0] INFO  impl.PendingRequests (PendingRequests.java:sendNotLeaderResponses(202)) - a17b444c-dc8d-41d3-94fa-b87b918595f3-PendingRequests: sendNotLeaderResponses
2019-09-25 11:10:40,839 [main] INFO  segmented.SegmentedRaftLogWorker (SegmentedRaftLogWorker.java:close(228)) - 0089544c-4670-45f6-b8b0-eabe3503e213@group-8F1F80E7150A-SegmentedRaftLogWorker close()
2019-09-25 11:10:40,839 [ForkJoinPool.commonPool-worker-0] INFO  impl.StateMachineUpdater (StateMachineUpdater.java:stopAndJoin(125)) - a17b444c-dc8d-41d3-94fa-b87b918595f3@group-460C2ADC2676-StateMachineUpdater: set stopIndex = 0
2019-09-25 11:10:40,839 [main] INFO  server.GrpcService (GrpcService.java:closeImpl(164)) - 0089544c-4670-45f6-b8b0-eabe3503e213: shutdown server with port 36645 now
2019-09-25 11:10:40,839 [ForkJoinPool.commonPool-worker-0] INFO  impl.RaftServerImpl (ServerState.java:close(385)) - a17b444c-dc8d-41d3-94fa-b87b918595f3@group-460C2ADC2676: closes. applyIndex: 0
2019-09-25 11:10:40,844 [main] INFO  server.GrpcService (GrpcService.java:closeImpl(172)) - 0089544c-4670-45f6-b8b0-eabe3503e213: shutdown server with port 36645 successfully
2019-09-25 11:10:40,844 [a17b444c-dc8d-41d3-94fa-b87b918595f3@group-460C2ADC2676-SegmentedRaftLogWorker] INFO  segmented.SegmentedRaftLogWorker (SegmentedRaftLogWorker.java:run(313)) - a17b444c-dc8d-41d3-94fa-b87b918595f3@group-460C2ADC2676-SegmentedRaftLogWorker was interrupted, exiting. There are 0 tasks remaining in the queue.
2019-09-25 11:10:40,844 [ForkJoinPool.commonPool-worker-0] INFO  segmented.SegmentedRaftLogWorker (SegmentedRaftLogWorker.java:close(228)) - a17b444c-dc8d-41d3-94fa-b87b918595f3@group-460C2ADC2676-SegmentedRaftLogWorker close()
2019-09-25 11:10:40,845 [ForkJoinPool.commonPool-worker-0] INFO  server.GrpcService (GrpcService.java:closeImpl(164)) - a17b444c-dc8d-41d3-94fa-b87b918595f3: shutdown server with port 45831 now
2019-09-25 11:10:40,849 [ForkJoinPool.commonPool-worker-0] INFO  server.GrpcService (GrpcService.java:closeImpl(172)) - a17b444c-dc8d-41d3-94fa-b87b918595f3: shutdown server with port 45831 successfully
2019-09-25 11:10:40,850 [refreshUsed-/workdir/hadoop-ozone/integration-test/target/test-dir/MiniOzoneClusterImpl-36bd9e64-229c-43b0-8f36-7d73050474c0/datanode-6/data/containers] WARN  fs.CachingGetSpaceUsed (CachingGetSpaceUsed.java:run(183)) - Thread Interrupted waiting to refresh disk information: sleep interrupted
2019-09-25 11:10:40,857 [refreshUsed-/workdir/hadoop-ozone/integration-test/target/test-dir/MiniOzoneClusterImpl-36bd9e64-229c-43b0-8f36-7d73050474c0/datanode-0/data/containers] WARN  fs.CachingGetSpaceUsed (CachingGetSpaceUsed.java:run(183)) - Thread Interrupted waiting to refresh disk information: sleep interrupted
2019-09-25 11:10:40,867 [ForkJoinPool.commonPool-worker-0] INFO  utils.BackgroundService (BackgroundService.java:shutdown(148)) - Shutting down service BlockDeletingService
2019-09-25 11:10:40,880 [ForkJoinPool.commonPool-worker-0] INFO  statemachine.DatanodeStateMachine (DatanodeStateMachine.java:stopDaemon(395)) - Ozone container server stopped.
2019-09-25 11:10:40,885 [main] INFO  utils.BackgroundService (BackgroundService.java:shutdown(148)) - Shutting down service BlockDeletingService
2019-09-25 11:10:40,888 [ForkJoinPool.commonPool-worker-0] INFO  handler.ContextHandler (ContextHandler.java:doStop(910)) - Stopped o.e.j.w.WebAppContext@365bfc5f{/,null,UNAVAILABLE}{/hddsDatanode}
2019-09-25 11:10:40,889 [ForkJoinPool.commonPool-worker-0] INFO  server.AbstractConnector (AbstractConnector.java:doStop(318)) - Stopped ServerConnector@1a7e799e{HTTP/1.1,[http/1.1]}{0.0.0.0:0}
2019-09-25 11:10:40,905 [ForkJoinPool.commonPool-worker-0] INFO  handler.ContextHandler (ContextHandler.java:doStop(910)) - Stopped o.e.j.s.ServletContextHandler@3e2d8623{/static,jar:file:/home/user/.m2/repository/org/apache/hadoop/hadoop-hdds-container-service/0.5.0-SNAPSHOT/hadoop-hdds-container-service-0.5.0-SNAPSHOT.jar!/webapps/static,UNAVAILABLE}
2019-09-25 11:10:40,906 [ForkJoinPool.commonPool-worker-0] INFO  handler.ContextHandler (ContextHandler.java:doStop(910)) - Stopped o.e.j.s.ServletContextHandler@618f627b{/logs,file:///workdir/hadoop-ozone/integration-test/target/log,UNAVAILABLE}
2019-09-25 11:10:40,914 [main] INFO  statemachine.DatanodeStateMachine (DatanodeStateMachine.java:stopDaemon(395)) - Ozone container server stopped.
2019-09-25 11:10:40,915 [main] INFO  handler.ContextHandler (ContextHandler.java:doStop(910)) - Stopped o.e.j.w.WebAppContext@18483b8b{/,null,UNAVAILABLE}{/hddsDatanode}
2019-09-25 11:10:40,916 [main] INFO  server.AbstractConnector (AbstractConnector.java:doStop(318)) - Stopped ServerConnector@24fc2c80{HTTP/1.1,[http/1.1]}{0.0.0.0:0}
2019-09-25 11:10:40,916 [main] INFO  handler.ContextHandler (ContextHandler.java:doStop(910)) - Stopped o.e.j.s.ServletContextHandler@2d47b06{/static,jar:file:/home/user/.m2/repository/org/apache/hadoop/hadoop-hdds-container-service/0.5.0-SNAPSHOT/hadoop-hdds-container-service-0.5.0-SNAPSHOT.jar!/webapps/static,UNAVAILABLE}
2019-09-25 11:10:40,916 [main] INFO  handler.ContextHandler (ContextHandler.java:doStop(910)) - Stopped o.e.j.s.ServletContextHandler@402a69f{/logs,file:///workdir/hadoop-ozone/integration-test/target/log,UNAVAILABLE}
2019-09-25 11:10:41,322 [Datanode State Machine Thread - 0] INFO  statemachine.DatanodeStateMachine (DatanodeStateMachine.java:lambda$startDaemon$0(350)) - Ozone container server started.
2019-09-25 11:10:45,368 [EventQueue-StaleNodeForStaleNodeHandler] INFO  node.StaleNodeHandler (StaleNodeHandler.java:onMessage(58)) - Datanode 0f46229f-d487-4784-9d87-cba709966a77{ip: 192.168.30.6, host: pr-hdds-1569-5gmkr-4255264070, networkLocation: /default-rack, certSerialId: null} moved to stale state. Finalizing its pipelines [PipelineID=d5c8b533-e66f-4353-8781-6ac606eee33e, PipelineID=473a828e-8665-4b79-8955-23562044eccf, PipelineID=705ae459-620e-4746-9dd7-3c2107eac773, PipelineID=382f5d82-09fb-4ecc-852f-99a96411e63a, PipelineID=39440d6b-876d-4c85-8158-731bac7f5f63, PipelineID=0a16e3c7-2ac6-49a7-941f-18078e4cf3c8]
2019-09-25 11:10:45,368 [EventQueue-StaleNodeForStaleNodeHandler] INFO  pipeline.SCMPipelineManager (SCMPipelineManager.java:finalizeAndDestroyPipeline(316)) - destroying pipeline:Pipeline[ Id: d5c8b533-e66f-4353-8781-6ac606eee33e, Nodes: 0f46229f-d487-4784-9d87-cba709966a77{ip: 192.168.30.6, host: pr-hdds-1569-5gmkr-4255264070, networkLocation: /default-rack, certSerialId: null}, Type:RATIS, Factor:ONE, State:OPEN]
2019-09-25 11:10:45,368 [EventQueue-StaleNodeForStaleNodeHandler] INFO  pipeline.PipelineStateManager (PipelineStateManager.java:finalizePipeline(123)) - Pipeline Pipeline[ Id: d5c8b533-e66f-4353-8781-6ac606eee33e, Nodes: 0f46229f-d487-4784-9d87-cba709966a77{ip: 192.168.30.6, host: pr-hdds-1569-5gmkr-4255264070, networkLocation: /default-rack, certSerialId: null}, Type:RATIS, Factor:ONE, State:CLOSED] moved to CLOSED state
2019-09-25 11:10:45,368 [EventQueue-StaleNodeForStaleNodeHandler] INFO  pipeline.SCMPipelineManager (SCMPipelineManager.java:finalizeAndDestroyPipeline(316)) - destroying pipeline:Pipeline[ Id: 473a828e-8665-4b79-8955-23562044eccf, Nodes: 0f46229f-d487-4784-9d87-cba709966a77{ip: 192.168.30.6, host: pr-hdds-1569-5gmkr-4255264070, networkLocation: /default-rack, certSerialId: null}, Type:RATIS, Factor:ONE, State:OPEN]
2019-09-25 11:10:45,368 [EventQueue-StaleNodeForStaleNodeHandler] INFO  pipeline.PipelineStateManager (PipelineStateManager.java:finalizePipeline(123)) - Pipeline Pipeline[ Id: 473a828e-8665-4b79-8955-23562044eccf, Nodes: 0f46229f-d487-4784-9d87-cba709966a77{ip: 192.168.30.6, host: pr-hdds-1569-5gmkr-4255264070, networkLocation: /default-rack, certSerialId: null}, Type:RATIS, Factor:ONE, State:CLOSED] moved to CLOSED state
2019-09-25 11:10:45,369 [EventQueue-StaleNodeForStaleNodeHandler] INFO  pipeline.SCMPipelineManager (SCMPipelineManager.java:finalizeAndDestroyPipeline(316)) - destroying pipeline:Pipeline[ Id: 705ae459-620e-4746-9dd7-3c2107eac773, Nodes: 0f46229f-d487-4784-9d87-cba709966a77{ip: 192.168.30.6, host: pr-hdds-1569-5gmkr-4255264070, networkLocation: /default-rack, certSerialId: null}, Type:RATIS, Factor:ONE, State:OPEN]
2019-09-25 11:10:45,369 [EventQueue-StaleNodeForStaleNodeHandler] INFO  pipeline.PipelineStateManager (PipelineStateManager.java:finalizePipeline(123)) - Pipeline Pipeline[ Id: 705ae459-620e-4746-9dd7-3c2107eac773, Nodes: 0f46229f-d487-4784-9d87-cba709966a77{ip: 192.168.30.6, host: pr-hdds-1569-5gmkr-4255264070, networkLocation: /default-rack, certSerialId: null}, Type:RATIS, Factor:ONE, State:CLOSED] moved to CLOSED state
2019-09-25 11:10:45,369 [EventQueue-StaleNodeForStaleNodeHandler] INFO  pipeline.SCMPipelineManager (SCMPipelineManager.java:finalizeAndDestroyPipeline(316)) - destroying pipeline:Pipeline[ Id: 382f5d82-09fb-4ecc-852f-99a96411e63a, Nodes: 0f46229f-d487-4784-9d87-cba709966a77{ip: 192.168.30.6, host: pr-hdds-1569-5gmkr-4255264070, networkLocation: /default-rack, certSerialId: null}, Type:RATIS, Factor:ONE, State:OPEN]
2019-09-25 11:10:45,369 [EventQueue-StaleNodeForStaleNodeHandler] INFO  pipeline.PipelineStateManager (PipelineStateManager.java:finalizePipeline(123)) - Pipeline Pipeline[ Id: 382f5d82-09fb-4ecc-852f-99a96411e63a, Nodes: 0f46229f-d487-4784-9d87-cba709966a77{ip: 192.168.30.6, host: pr-hdds-1569-5gmkr-4255264070, networkLocation: /default-rack, certSerialId: null}, Type:RATIS, Factor:ONE, State:CLOSED] moved to CLOSED state
2019-09-25 11:10:45,369 [EventQueue-StaleNodeForStaleNodeHandler] INFO  pipeline.SCMPipelineManager (SCMPipelineManager.java:finalizeAndDestroyPipeline(316)) - destroying pipeline:Pipeline[ Id: 39440d6b-876d-4c85-8158-731bac7f5f63, Nodes: 0f46229f-d487-4784-9d87-cba709966a77{ip: 192.168.30.6, host: pr-hdds-1569-5gmkr-4255264070, networkLocation: /default-rack, certSerialId: null}, Type:RATIS, Factor:ONE, State:OPEN]
2019-09-25 11:10:45,369 [EventQueue-StaleNodeForStaleNodeHandler] INFO  pipeline.PipelineStateManager (PipelineStateManager.java:finalizePipeline(123)) - Pipeline Pipeline[ Id: 39440d6b-876d-4c85-8158-731bac7f5f63, Nodes: 0f46229f-d487-4784-9d87-cba709966a77{ip: 192.168.30.6, host: pr-hdds-1569-5gmkr-4255264070, networkLocation: /default-rack, certSerialId: null}, Type:RATIS, Factor:ONE, State:CLOSED] moved to CLOSED state
2019-09-25 11:10:45,369 [EventQueue-StaleNodeForStaleNodeHandler] INFO  pipeline.SCMPipelineManager (SCMPipelineManager.java:finalizeAndDestroyPipeline(316)) - destroying pipeline:Pipeline[ Id: 0a16e3c7-2ac6-49a7-941f-18078e4cf3c8, Nodes: 0f46229f-d487-4784-9d87-cba709966a77{ip: 192.168.30.6, host: pr-hdds-1569-5gmkr-4255264070, networkLocation: /default-rack, certSerialId: null}, Type:RATIS, Factor:ONE, State:OPEN]
2019-09-25 11:10:45,369 [EventQueue-StaleNodeForStaleNodeHandler] INFO  pipeline.PipelineStateManager (PipelineStateManager.java:finalizePipeline(123)) - Pipeline Pipeline[ Id: 0a16e3c7-2ac6-49a7-941f-18078e4cf3c8, Nodes: 0f46229f-d487-4784-9d87-cba709966a77{ip: 192.168.30.6, host: pr-hdds-1569-5gmkr-4255264070, networkLocation: /default-rack, certSerialId: null}, Type:RATIS, Factor:ONE, State:CLOSED] moved to CLOSED state
2019-09-25 11:10:45,907 [ForkJoinPool.commonPool-worker-0] INFO  ozoneimpl.OzoneContainer (OzoneContainer.java:stop(231)) - Attempting to stop container services.
2019-09-25 11:10:45,910 [ForkJoinPool.commonPool-worker-0] INFO  impl.RaftServerProxy (RaftServerProxy.java:lambda$close$4(314)) - 0f46229f-d487-4784-9d87-cba709966a77: close
2019-09-25 11:10:45,910 [ForkJoinPool.commonPool-worker-0] INFO  impl.RaftServerImpl (RaftServerImpl.java:lambda$shutdown$3(251)) - 0f46229f-d487-4784-9d87-cba709966a77@group-3C2107EAC773: shutdown
2019-09-25 11:10:45,911 [ForkJoinPool.commonPool-worker-0] INFO  util.JmxRegister (JmxRegister.java:unregister(73)) - Successfully un-registered JMX Bean with object name Ratis:service=RaftServer,group=group-3C2107EAC773,id=0f46229f-d487-4784-9d87-cba709966a77
2019-09-25 11:10:45,911 [ForkJoinPool.commonPool-worker-0] INFO  impl.RoleInfo (RoleInfo.java:shutdownLeaderState(104)) - 0f46229f-d487-4784-9d87-cba709966a77: shutdown LeaderState
2019-09-25 11:10:45,911 [ForkJoinPool.commonPool-worker-0] INFO  impl.PendingRequests (PendingRequests.java:sendNotLeaderResponses(202)) - 0f46229f-d487-4784-9d87-cba709966a77-PendingRequests: sendNotLeaderResponses
2019-09-25 11:10:45,912 [ForkJoinPool.commonPool-worker-0] INFO  impl.StateMachineUpdater (StateMachineUpdater.java:stopAndJoin(125)) - 0f46229f-d487-4784-9d87-cba709966a77@group-3C2107EAC773-StateMachineUpdater: set stopIndex = 0
2019-09-25 11:10:45,912 [ForkJoinPool.commonPool-worker-0] INFO  impl.RaftServerImpl (ServerState.java:close(385)) - 0f46229f-d487-4784-9d87-cba709966a77@group-3C2107EAC773: closes. applyIndex: 0
2019-09-25 11:10:45,912 [0f46229f-d487-4784-9d87-cba709966a77@group-3C2107EAC773-SegmentedRaftLogWorker] INFO  segmented.SegmentedRaftLogWorker (SegmentedRaftLogWorker.java:run(313)) - 0f46229f-d487-4784-9d87-cba709966a77@group-3C2107EAC773-SegmentedRaftLogWorker was interrupted, exiting. There are 0 tasks remaining in the queue.
2019-09-25 11:10:45,912 [ForkJoinPool.commonPool-worker-0] INFO  segmented.SegmentedRaftLogWorker (SegmentedRaftLogWorker.java:close(228)) - 0f46229f-d487-4784-9d87-cba709966a77@group-3C2107EAC773-SegmentedRaftLogWorker close()
2019-09-25 11:10:45,913 [ForkJoinPool.commonPool-worker-0] INFO  impl.RaftServerImpl (RaftServerImpl.java:lambda$shutdown$3(251)) - 0f46229f-d487-4784-9d87-cba709966a77@group-99A96411E63A: shutdown
2019-09-25 11:10:45,913 [ForkJoinPool.commonPool-worker-0] INFO  util.JmxRegister (JmxRegister.java:unregister(73)) - Successfully un-registered JMX Bean with object name Ratis:service=RaftServer,group=group-99A96411E63A,id=0f46229f-d487-4784-9d87-cba709966a77
2019-09-25 11:10:45,913 [ForkJoinPool.commonPool-worker-0] INFO  impl.RoleInfo (RoleInfo.java:shutdownLeaderState(104)) - 0f46229f-d487-4784-9d87-cba709966a77: shutdown LeaderState
2019-09-25 11:10:45,913 [ForkJoinPool.commonPool-worker-0] INFO  impl.PendingRequests (PendingRequests.java:sendNotLeaderResponses(202)) - 0f46229f-d487-4784-9d87-cba709966a77-PendingRequests: sendNotLeaderResponses
2019-09-25 11:10:45,914 [ForkJoinPool.commonPool-worker-0] INFO  impl.StateMachineUpdater (StateMachineUpdater.java:stopAndJoin(125)) - 0f46229f-d487-4784-9d87-cba709966a77@group-99A96411E63A-StateMachineUpdater: set stopIndex = 0
2019-09-25 11:10:45,914 [ForkJoinPool.commonPool-worker-0] INFO  impl.RaftServerImpl (ServerState.java:close(385)) - 0f46229f-d487-4784-9d87-cba709966a77@group-99A96411E63A: closes. applyIndex: 0
2019-09-25 11:10:45,914 [0f46229f-d487-4784-9d87-cba709966a77@group-99A96411E63A-SegmentedRaftLogWorker] INFO  segmented.SegmentedRaftLogWorker (SegmentedRaftLogWorker.java:run(313)) - 0f46229f-d487-4784-9d87-cba709966a77@group-99A96411E63A-SegmentedRaftLogWorker was interrupted, exiting. There are 0 tasks remaining in the queue.
2019-09-25 11:10:45,914 [ForkJoinPool.commonPool-worker-0] INFO  segmented.SegmentedRaftLogWorker (SegmentedRaftLogWorker.java:close(228)) - 0f46229f-d487-4784-9d87-cba709966a77@group-99A96411E63A-SegmentedRaftLogWorker close()
2019-09-25 11:10:45,915 [ForkJoinPool.commonPool-worker-0] INFO  impl.RaftServerImpl (RaftServerImpl.java:lambda$shutdown$3(251)) - 0f46229f-d487-4784-9d87-cba709966a77@group-6AC606EEE33E: shutdown
2019-09-25 11:10:45,915 [ForkJoinPool.commonPool-worker-0] INFO  util.JmxRegister (JmxRegister.java:unregister(73)) - Successfully un-registered JMX Bean with object name Ratis:service=RaftServer,group=group-6AC606EEE33E,id=0f46229f-d487-4784-9d87-cba709966a77
2019-09-25 11:10:45,915 [ForkJoinPool.commonPool-worker-0] INFO  impl.RoleInfo (RoleInfo.java:shutdownLeaderState(104)) - 0f46229f-d487-4784-9d87-cba709966a77: shutdown LeaderState
2019-09-25 11:10:45,915 [ForkJoinPool.commonPool-worker-0] INFO  impl.PendingRequests (PendingRequests.java:sendNotLeaderResponses(202)) - 0f46229f-d487-4784-9d87-cba709966a77-PendingRequests: sendNotLeaderResponses
2019-09-25 11:10:45,916 [ForkJoinPool.commonPool-worker-0] INFO  impl.StateMachineUpdater (StateMachineUpdater.java:stopAndJoin(125)) - 0f46229f-d487-4784-9d87-cba709966a77@group-6AC606EEE33E-StateMachineUpdater: set stopIndex = 0
2019-09-25 11:10:45,916 [ForkJoinPool.commonPool-worker-0] INFO  impl.RaftServerImpl (ServerState.java:close(385)) - 0f46229f-d487-4784-9d87-cba709966a77@group-6AC606EEE33E: closes. applyIndex: 0
2019-09-25 11:10:45,916 [0f46229f-d487-4784-9d87-cba709966a77@group-6AC606EEE33E-SegmentedRaftLogWorker] INFO  segmented.SegmentedRaftLogWorker (SegmentedRaftLogWorker.java:run(313)) - 0f46229f-d487-4784-9d87-cba709966a77@group-6AC606EEE33E-SegmentedRaftLogWorker was interrupted, exiting. There are 0 tasks remaining in the queue.
2019-09-25 11:10:45,917 [ForkJoinPool.commonPool-worker-0] INFO  segmented.SegmentedRaftLogWorker (SegmentedRaftLogWorker.java:close(228)) - 0f46229f-d487-4784-9d87-cba709966a77@group-6AC606EEE33E-SegmentedRaftLogWorker close()
2019-09-25 11:10:45,917 [ForkJoinPool.commonPool-worker-0] INFO  impl.RaftServerImpl (RaftServerImpl.java:lambda$shutdown$3(251)) - 0f46229f-d487-4784-9d87-cba709966a77@group-23562044ECCF: shutdown
2019-09-25 11:10:45,917 [ForkJoinPool.commonPool-worker-0] INFO  util.JmxRegister (JmxRegister.java:unregister(73)) - Successfully un-registered JMX Bean with object name Ratis:service=RaftServer,group=group-23562044ECCF,id=0f46229f-d487-4784-9d87-cba709966a77
2019-09-25 11:10:45,917 [ForkJoinPool.commonPool-worker-0] INFO  impl.RoleInfo (RoleInfo.java:shutdownLeaderState(104)) - 0f46229f-d487-4784-9d87-cba709966a77: shutdown LeaderState
2019-09-25 11:10:45,918 [ForkJoinPool.commonPool-worker-0] INFO  impl.PendingRequests (PendingRequests.java:sendNotLeaderResponses(202)) - 0f46229f-d487-4784-9d87-cba709966a77-PendingRequests: sendNotLeaderResponses
2019-09-25 11:10:45,918 [ForkJoinPool.commonPool-worker-0] INFO  impl.StateMachineUpdater (StateMachineUpdater.java:stopAndJoin(125)) - 0f46229f-d487-4784-9d87-cba709966a77@group-23562044ECCF-StateMachineUpdater: set stopIndex = 0
2019-09-25 11:10:45,918 [ForkJoinPool.commonPool-worker-0] INFO  impl.RaftServerImpl (ServerState.java:close(385)) - 0f46229f-d487-4784-9d87-cba709966a77@group-23562044ECCF: closes. applyIndex: 0
2019-09-25 11:10:45,918 [0f46229f-d487-4784-9d87-cba709966a77@group-23562044ECCF-SegmentedRaftLogWorker] INFO  segmented.SegmentedRaftLogWorker (SegmentedRaftLogWorker.java:run(313)) - 0f46229f-d487-4784-9d87-cba709966a77@group-23562044ECCF-SegmentedRaftLogWorker was interrupted, exiting. There are 0 tasks remaining in the queue.
2019-09-25 11:10:45,919 [ForkJoinPool.commonPool-worker-0] INFO  segmented.SegmentedRaftLogWorker (SegmentedRaftLogWorker.java:close(228)) - 0f46229f-d487-4784-9d87-cba709966a77@group-23562044ECCF-SegmentedRaftLogWorker close()
2019-09-25 11:10:45,919 [ForkJoinPool.commonPool-worker-0] INFO  impl.RaftServerImpl (RaftServerImpl.java:lambda$shutdown$3(251)) - 0f46229f-d487-4784-9d87-cba709966a77@group-731BAC7F5F63: shutdown
2019-09-25 11:10:45,919 [ForkJoinPool.commonPool-worker-0] INFO  util.JmxRegister (JmxRegister.java:unregister(73)) - Successfully un-registered JMX Bean with object name Ratis:service=RaftServer,group=group-731BAC7F5F63,id=0f46229f-d487-4784-9d87-cba709966a77
2019-09-25 11:10:45,919 [ForkJoinPool.commonPool-worker-0] INFO  impl.RoleInfo (RoleInfo.java:shutdownLeaderState(104)) - 0f46229f-d487-4784-9d87-cba709966a77: shutdown LeaderState
2019-09-25 11:10:45,920 [ForkJoinPool.commonPool-worker-0] INFO  impl.PendingRequests (PendingRequests.java:sendNotLeaderResponses(202)) - 0f46229f-d487-4784-9d87-cba709966a77-PendingRequests: sendNotLeaderResponses
2019-09-25 11:10:45,920 [ForkJoinPool.commonPool-worker-0] INFO  impl.StateMachineUpdater (StateMachineUpdater.java:stopAndJoin(125)) - 0f46229f-d487-4784-9d87-cba709966a77@group-731BAC7F5F63-StateMachineUpdater: set stopIndex = 0
2019-09-25 11:10:45,920 [ForkJoinPool.commonPool-worker-0] INFO  impl.RaftServerImpl (ServerState.java:close(385)) - 0f46229f-d487-4784-9d87-cba709966a77@group-731BAC7F5F63: closes. applyIndex: 0
2019-09-25 11:10:45,920 [0f46229f-d487-4784-9d87-cba709966a77@group-731BAC7F5F63-SegmentedRaftLogWorker] INFO  segmented.SegmentedRaftLogWorker (SegmentedRaftLogWorker.java:run(313)) - 0f46229f-d487-4784-9d87-cba709966a77@group-731BAC7F5F63-SegmentedRaftLogWorker was interrupted, exiting. There are 0 tasks remaining in the queue.
2019-09-25 11:10:45,921 [ForkJoinPool.commonPool-worker-0] INFO  segmented.SegmentedRaftLogWorker (SegmentedRaftLogWorker.java:close(228)) - 0f46229f-d487-4784-9d87-cba709966a77@group-731BAC7F5F63-SegmentedRaftLogWorker close()
2019-09-25 11:10:45,921 [ForkJoinPool.commonPool-worker-0] INFO  impl.RaftServerImpl (RaftServerImpl.java:lambda$shutdown$3(251)) - 0f46229f-d487-4784-9d87-cba709966a77@group-18078E4CF3C8: shutdown
2019-09-25 11:10:45,921 [ForkJoinPool.commonPool-worker-0] INFO  util.JmxRegister (JmxRegister.java:unregister(73)) - Successfully un-registered JMX Bean with object name Ratis:service=RaftServer,group=group-18078E4CF3C8,id=0f46229f-d487-4784-9d87-cba709966a77
2019-09-25 11:10:45,921 [ForkJoinPool.commonPool-worker-0] INFO  impl.RoleInfo (RoleInfo.java:shutdownLeaderState(104)) - 0f46229f-d487-4784-9d87-cba709966a77: shutdown LeaderState
2019-09-25 11:10:45,921 [ForkJoinPool.commonPool-worker-0] INFO  impl.PendingRequests (PendingRequests.java:sendNotLeaderResponses(202)) - 0f46229f-d487-4784-9d87-cba709966a77-PendingRequests: sendNotLeaderResponses
2019-09-25 11:10:45,922 [ForkJoinPool.commonPool-worker-0] INFO  impl.StateMachineUpdater (StateMachineUpdater.java:stopAndJoin(125)) - 0f46229f-d487-4784-9d87-cba709966a77@group-18078E4CF3C8-StateMachineUpdater: set stopIndex = 0
2019-09-25 11:10:45,922 [ForkJoinPool.commonPool-worker-0] INFO  impl.RaftServerImpl (ServerState.java:close(385)) - 0f46229f-d487-4784-9d87-cba709966a77@group-18078E4CF3C8: closes. applyIndex: 0
2019-09-25 11:10:45,922 [0f46229f-d487-4784-9d87-cba709966a77@group-18078E4CF3C8-SegmentedRaftLogWorker] INFO  segmented.SegmentedRaftLogWorker (SegmentedRaftLogWorker.java:run(313)) - 0f46229f-d487-4784-9d87-cba709966a77@group-18078E4CF3C8-SegmentedRaftLogWorker was interrupted, exiting. There are 0 tasks remaining in the queue.
2019-09-25 11:10:45,922 [ForkJoinPool.commonPool-worker-0] INFO  segmented.SegmentedRaftLogWorker (SegmentedRaftLogWorker.java:close(228)) - 0f46229f-d487-4784-9d87-cba709966a77@group-18078E4CF3C8-SegmentedRaftLogWorker close()
2019-09-25 11:10:45,922 [ForkJoinPool.commonPool-worker-0] INFO  server.GrpcService (GrpcService.java:closeImpl(164)) - 0f46229f-d487-4784-9d87-cba709966a77: shutdown server with port 36619 now
2019-09-25 11:10:45,925 [ForkJoinPool.commonPool-worker-0] INFO  server.GrpcService (GrpcService.java:closeImpl(172)) - 0f46229f-d487-4784-9d87-cba709966a77: shutdown server with port 36619 successfully
2019-09-25 11:10:45,926 [refreshUsed-/workdir/hadoop-ozone/integration-test/target/test-dir/MiniOzoneClusterImpl-36bd9e64-229c-43b0-8f36-7d73050474c0/datanode-5/data/containers] WARN  fs.CachingGetSpaceUsed (CachingGetSpaceUsed.java:run(183)) - Thread Interrupted waiting to refresh disk information: sleep interrupted
2019-09-25 11:10:45,937 [ForkJoinPool.commonPool-worker-0] INFO  utils.BackgroundService (BackgroundService.java:shutdown(148)) - Shutting down service BlockDeletingService
2019-09-25 11:10:45,946 [ForkJoinPool.commonPool-worker-0] INFO  statemachine.DatanodeStateMachine (DatanodeStateMachine.java:stopDaemon(395)) - Ozone container server stopped.
2019-09-25 11:10:45,949 [ForkJoinPool.commonPool-worker-0] INFO  handler.ContextHandler (ContextHandler.java:doStop(910)) - Stopped o.e.j.w.WebAppContext@35e75f7a{/,null,UNAVAILABLE}{/hddsDatanode}
2019-09-25 11:10:45,949 [ForkJoinPool.commonPool-worker-0] INFO  server.AbstractConnector (AbstractConnector.java:doStop(318)) - Stopped ServerConnector@4f7bb8df{HTTP/1.1,[http/1.1]}{0.0.0.0:0}
2019-09-25 11:10:45,950 [ForkJoinPool.commonPool-worker-0] INFO  handler.ContextHandler (ContextHandler.java:doStop(910)) - Stopped o.e.j.s.ServletContextHandler@18bb1b88{/static,jar:file:/home/user/.m2/repository/org/apache/hadoop/hadoop-hdds-container-service/0.5.0-SNAPSHOT/hadoop-hdds-container-service-0.5.0-SNAPSHOT.jar!/webapps/static,UNAVAILABLE}
2019-09-25 11:10:45,950 [ForkJoinPool.commonPool-worker-0] INFO  handler.ContextHandler (ContextHandler.java:doStop(910)) - Stopped o.e.j.s.ServletContextHandler@100eeedc{/logs,file:///workdir/hadoop-ozone/integration-test/target/log,UNAVAILABLE}
2019-09-25 11:10:45,950 [main] INFO  ozone.MiniOzoneClusterImpl (MiniOzoneClusterImpl.java:stopSCM(392)) - Stopping the StorageContainerManager
2019-09-25 11:10:45,950 [main] INFO  server.StorageContainerManager (StorageContainerManager.java:stop(808)) - Stopping Replication Manager Service.
2019-09-25 11:10:45,951 [main] INFO  container.ReplicationManager (ReplicationManager.java:stop(204)) - Stopping Replication Monitor Thread.
2019-09-25 11:10:45,951 [main] INFO  server.StorageContainerManager (StorageContainerManager.java:stop(815)) - Stopping Lease Manager of the command watchers
2019-09-25 11:10:45,951 [main] INFO  server.StorageContainerManager (StorageContainerManager.java:stop(822)) - Stopping datanode service RPC server
2019-09-25 11:10:45,951 [main] INFO  server.SCMDatanodeProtocolServer (SCMDatanodeProtocolServer.java:stop(367)) - Stopping the RPC server for DataNodes
2019-09-25 11:10:45,951 [main] INFO  ipc.Server (Server.java:stop(3082)) - Stopping server on 33078
2019-09-25 11:10:45,954 [IPC Server listener on 33078] INFO  ipc.Server (Server.java:run(1185)) - Stopping IPC Server listener on 33078
2019-09-25 11:10:45,954 [IPC Server Responder] INFO  ipc.Server (Server.java:run(1319)) - Stopping IPC Server Responder
2019-09-25 11:10:45,968 [SCM Heartbeat Processing Thread - 0] WARN  node.NodeStateManager (NodeStateManager.java:scheduleNextHealthCheck(655)) - Current Thread is interrupted, shutting down HB processing thread for Node Manager.
2019-09-25 11:10:45,969 [main] INFO  server.StorageContainerManager (StorageContainerManager.java:stop(830)) - Stopping block service RPC server
2019-09-25 11:10:45,969 [main] INFO  server.SCMBlockProtocolServer (SCMBlockProtocolServer.java:stop(155)) - Stopping the RPC server for Block Protocol
2019-09-25 11:10:45,969 [main] INFO  ipc.Server (Server.java:stop(3082)) - Stopping server on 40552
2019-09-25 11:10:45,972 [IPC Server listener on 40552] INFO  ipc.Server (Server.java:run(1185)) - Stopping IPC Server listener on 40552
2019-09-25 11:10:45,972 [IPC Server Responder] INFO  ipc.Server (Server.java:run(1319)) - Stopping IPC Server Responder
2019-09-25 11:10:45,972 [main] INFO  server.StorageContainerManager (StorageContainerManager.java:stop(837)) - Stopping the StorageContainerLocationProtocol RPC server
2019-09-25 11:10:45,975 [main] INFO  server.SCMClientProtocolServer (SCMClientProtocolServer.java:stop(159)) - Stopping the RPC server for Client Protocol
2019-09-25 11:10:45,975 [main] INFO  ipc.Server (Server.java:stop(3082)) - Stopping server on 35268
2019-09-25 11:10:45,977 [main] INFO  server.StorageContainerManager (StorageContainerManager.java:stop(844)) - Stopping Storage Container Manager HTTP server.
2019-09-25 11:10:45,977 [IPC Server listener on 35268] INFO  ipc.Server (Server.java:run(1185)) - Stopping IPC Server listener on 35268
2019-09-25 11:10:45,977 [IPC Server Responder] INFO  ipc.Server (Server.java:run(1319)) - Stopping IPC Server Responder
2019-09-25 11:10:45,979 [main] INFO  handler.ContextHandler (ContextHandler.java:doStop(910)) - Stopped o.e.j.w.WebAppContext@134c38{/,null,UNAVAILABLE}{/scm}
2019-09-25 11:10:45,979 [main] INFO  server.AbstractConnector (AbstractConnector.java:doStop(318)) - Stopped ServerConnector@3d235635{HTTP/1.1,[http/1.1]}{0.0.0.0:0}
2019-09-25 11:10:45,980 [main] INFO  handler.ContextHandler (ContextHandler.java:doStop(910)) - Stopped o.e.j.s.ServletContextHandler@a1e912f{/static,file:///workdir/hadoop-ozone/integration-test/target/test-classes/webapps/static,UNAVAILABLE}
2019-09-25 11:10:45,980 [main] INFO  handler.ContextHandler (ContextHandler.java:doStop(910)) - Stopped o.e.j.s.ServletContextHandler@485451d8{/logs,file:///workdir/hadoop-ozone/integration-test/target/log,UNAVAILABLE}
2019-09-25 11:10:45,980 [main] INFO  server.StorageContainerManager (StorageContainerManager.java:stop(855)) - Stopping Block Manager Service.
2019-09-25 11:10:45,980 [main] INFO  utils.BackgroundService (BackgroundService.java:shutdown(148)) - Shutting down service SCMBlockDeletingService
2019-09-25 11:10:45,981 [main] INFO  utils.BackgroundService (BackgroundService.java:shutdown(148)) - Shutting down service SCMBlockDeletingService
2019-09-25 11:10:45,981 [main] INFO  server.StorageContainerManager (StorageContainerManager.java:stop(877)) - Stopping SCM Event Queue.
2019-09-25 11:10:45,983 [main] INFO  impl.MetricsSystemImpl (MetricsSystemImpl.java:stop(210)) - Stopping HddsDatanode metrics system...
2019-09-25 11:10:46,029 [main] INFO  impl.MetricsSystemImpl (MetricsSystemImpl.java:stop(216)) - HddsDatanode metrics system stopped.
]]></system-out>
  </testcase>
</testsuite>